{
  "iterations": {
    "1": {
      "status": "ERROR",
      "message": "R script failed with return code 1",
      "stdout": "g++ -std=gnu++17 -I\"/usr/share/R/include\" -DNDEBUG -I\"/home/spi085/R/x86_64-pc-linux-gnu-library/4.4/TMB/include\" -I\"/home/spi085/R/x86_64-pc-linux-gnu-library/4.4/RcppEigen/include\"   -DTMB_EIGEN_DISABLE_WARNINGS   -DTMB_LIB_INIT=R_init_model  -DCPPAD_FRAMEWORK      -fpic  -O2  -c POPULATIONS/POPULATION_0004/INDIVIDUAL_T4MG7TDZ/model.cpp -o POPULATIONS/POPULATION_0004/INDIVIDUAL_T4MG7TDZ/model.o\ng++ -std=gnu++17 -shared -L/usr/lib/R/lib -Wl,-Bsymbolic-functions -flto=auto -ffat-lto-objects -Wl,-z,relro -o POPULATIONS/POPULATION_0004/INDIVIDUAL_T4MG7TDZ/model.so POPULATIONS/POPULATION_0004/INDIVIDUAL_T4MG7TDZ/model.o -L/usr/lib/R/lib -lR\nStarting model phases\nNumber of phases: 3 \nPhase 1 \nInitial parameter values for phase 1 :\n      growth_rate carrying_capacity         log_sigma    log_sigma_fast \n               NA             0.004                NA                NA \n   log_sigma_slow \n               NA \nError in model phases: NA/NaN gradient evaluation",
      "stderr": "Loading required package: TMB\nLoading required package: jsonlite\nhere() starts at /home/spi085/Documents/_Projects/SCCP-QuantModelling\nusing C++ compiler: \u2018g++ (Ubuntu 13.3.0-6ubuntu2~24.04) 13.3.0\u2019\nError in value[[3L]](cond) : \n  Error in model phases: NA/NaN gradient evaluation\nCalls: tryCatch -> tryCatchList -> tryCatchOne -> <Anonymous>\nIn addition: Warning message:\nIn nlminb(model$par, model$fn, model$gr) : NA/NaN function evaluation\nExecution halted"
    },
    "2": {
      "status": "ERROR",
      "message": "R script failed with return code 1",
      "stdout": "g++ -std=gnu++17 -I\"/usr/share/R/include\" -DNDEBUG -I\"/home/spi085/R/x86_64-pc-linux-gnu-library/4.4/TMB/include\" -I\"/home/spi085/R/x86_64-pc-linux-gnu-library/4.4/RcppEigen/include\"   -DTMB_EIGEN_DISABLE_WARNINGS   -DTMB_LIB_INIT=R_init_model  -DCPPAD_FRAMEWORK      -fpic  -O2  -c POPULATIONS/POPULATION_0004/INDIVIDUAL_T4MG7TDZ/model.cpp -o POPULATIONS/POPULATION_0004/INDIVIDUAL_T4MG7TDZ/model.o\ng++ -std=gnu++17 -shared -L/usr/lib/R/lib -Wl,-Bsymbolic-functions -flto=auto -ffat-lto-objects -Wl,-z,relro -o POPULATIONS/POPULATION_0004/INDIVIDUAL_T4MG7TDZ/model.so POPULATIONS/POPULATION_0004/INDIVIDUAL_T4MG7TDZ/model.o -L/usr/lib/R/lib -lR\nStarting model phases\nNumber of phases: 3 \nPhase 1 \nInitial parameter values for phase 1 :\n      growth_rate carrying_capacity         log_sigma    log_sigma_fast \n               NA             0.004                NA                NA \n   log_sigma_slow \n               NA \nError in model phases: NA/NaN gradient evaluation",
      "stderr": "Loading required package: TMB\nLoading required package: jsonlite\nhere() starts at /home/spi085/Documents/_Projects/SCCP-QuantModelling\nusing C++ compiler: \u2018g++ (Ubuntu 13.3.0-6ubuntu2~24.04) 13.3.0\u2019\nError in value[[3L]](cond) : \n  Error in model phases: NA/NaN gradient evaluation\nCalls: tryCatch -> tryCatchList -> tryCatchOne -> <Anonymous>\nIn addition: Warning message:\nIn nlminb(model$par, model$fn, model$gr) : NA/NaN function evaluation\nExecution halted"
    },
    "3": {
      "status": "ERROR",
      "message": "R script failed with return code 1",
      "stdout": "g++ -std=gnu++17 -I\"/usr/share/R/include\" -DNDEBUG -I\"/home/spi085/R/x86_64-pc-linux-gnu-library/4.4/TMB/include\" -I\"/home/spi085/R/x86_64-pc-linux-gnu-library/4.4/RcppEigen/include\"   -DTMB_EIGEN_DISABLE_WARNINGS   -DTMB_LIB_INIT=R_init_model  -DCPPAD_FRAMEWORK      -fpic  -O2  -c POPULATIONS/POPULATION_0004/INDIVIDUAL_T4MG7TDZ/model.cpp -o POPULATIONS/POPULATION_0004/INDIVIDUAL_T4MG7TDZ/model.o\ng++ -std=gnu++17 -shared -L/usr/lib/R/lib -Wl,-Bsymbolic-functions -flto=auto -ffat-lto-objects -Wl,-z,relro -o POPULATIONS/POPULATION_0004/INDIVIDUAL_T4MG7TDZ/model.so POPULATIONS/POPULATION_0004/INDIVIDUAL_T4MG7TDZ/model.o -L/usr/lib/R/lib -lR\nStarting model phases\nNumber of phases: 3 \nPhase 1 \nInitial parameter values for phase 1 :\n      growth_rate carrying_capacity         log_sigma    log_sigma_fast \n               NA             0.004                NA                NA \n   log_sigma_slow \n               NA \nError in model phases: NA/NaN gradient evaluation",
      "stderr": "Loading required package: TMB\nLoading required package: jsonlite\nhere() starts at /home/spi085/Documents/_Projects/SCCP-QuantModelling\nusing C++ compiler: \u2018g++ (Ubuntu 13.3.0-6ubuntu2~24.04) 13.3.0\u2019\nError in value[[3L]](cond) : \n  Error in model phases: NA/NaN gradient evaluation\nCalls: tryCatch -> tryCatchList -> tryCatchOne -> <Anonymous>\nIn addition: Warning message:\nIn nlminb(model$par, model$fn, model$gr) : NA/NaN function evaluation\nExecution halted"
    },
    "4": {
      "status": "ERROR",
      "message": "R script failed with return code 1",
      "stdout": "g++ -std=gnu++17 -I\"/usr/share/R/include\" -DNDEBUG -I\"/home/spi085/R/x86_64-pc-linux-gnu-library/4.4/TMB/include\" -I\"/home/spi085/R/x86_64-pc-linux-gnu-library/4.4/RcppEigen/include\"   -DTMB_EIGEN_DISABLE_WARNINGS   -DTMB_LIB_INIT=R_init_model  -DCPPAD_FRAMEWORK      -fpic  -O2  -c POPULATIONS/POPULATION_0004/INDIVIDUAL_T4MG7TDZ/model.cpp -o POPULATIONS/POPULATION_0004/INDIVIDUAL_T4MG7TDZ/model.o\ng++ -std=gnu++17 -shared -L/usr/lib/R/lib -Wl,-Bsymbolic-functions -flto=auto -ffat-lto-objects -Wl,-z,relro -o POPULATIONS/POPULATION_0004/INDIVIDUAL_T4MG7TDZ/model.so POPULATIONS/POPULATION_0004/INDIVIDUAL_T4MG7TDZ/model.o -L/usr/lib/R/lib -lR\nStarting model phases\nNumber of phases: 3 \nPhase 1 \nInitial parameter values for phase 1 :\n      growth_rate carrying_capacity         log_sigma    log_sigma_fast \n               NA             0.004                NA                NA \n   log_sigma_slow \n               NA \nError in model phases: NA/NaN gradient evaluation",
      "stderr": "Loading required package: TMB\nLoading required package: jsonlite\nhere() starts at /home/spi085/Documents/_Projects/SCCP-QuantModelling\nusing C++ compiler: \u2018g++ (Ubuntu 13.3.0-6ubuntu2~24.04) 13.3.0\u2019\nError in value[[3L]](cond) : \n  Error in model phases: NA/NaN gradient evaluation\nCalls: tryCatch -> tryCatchList -> tryCatchOne -> <Anonymous>\nIn addition: Warning message:\nIn nlminb(model$par, model$fn, model$gr) : NA/NaN function evaluation\nExecution halted"
    },
    "5": {
      "status": "ERROR",
      "message": "Model failed to compile.",
      "stdout": "g++ -std=gnu++17 -I\"/usr/share/R/include\" -DNDEBUG -I\"/home/spi085/R/x86_64-pc-linux-gnu-library/4.4/TMB/include\" -I\"/home/spi085/R/x86_64-pc-linux-gnu-library/4.4/RcppEigen/include\"   -DTMB_EIGEN_DISABLE_WARNINGS   -DTMB_LIB_INIT=R_init_model  -DCPPAD_FRAMEWORK      -fpic  -O2  -c POPULATIONS/POPULATION_0004/INDIVIDUAL_T4MG7TDZ/model.cpp -o POPULATIONS/POPULATION_0004/INDIVIDUAL_T4MG7TDZ/model.o",
      "stderr": "Loading required package: TMB\nLoading required package: jsonlite\nhere() starts at /home/spi085/Documents/_Projects/SCCP-QuantModelling\nusing C++ compiler: \u2018g++ (Ubuntu 13.3.0-6ubuntu2~24.04) 13.3.0\u2019\nPOPULATIONS/POPULATION_0004/INDIVIDUAL_T4MG7TDZ/model.cpp: In member function \u2018Type objective_function<Type>::operator()()\u2019:\nPOPULATIONS/POPULATION_0004/INDIVIDUAL_T4MG7TDZ/model.cpp:90:3: error: \u2018nll\u2019 was not declared in this scope\n   90 |   nll += penalty;\n      |   ^~~\nPOPULATIONS/POPULATION_0004/INDIVIDUAL_T4MG7TDZ/model.cpp: In instantiation of \u2018Type objective_function<Type>::operator()() [with Type = CppAD::AD<double>]\u2019:\n/home/spi085/R/x86_64-pc-linux-gnu-library/4.4/TMB/include/tmb_core.hpp:1312:6:   required from here\nPOPULATIONS/POPULATION_0004/INDIVIDUAL_T4MG7TDZ/model.cpp:76:26: error: \u2018posfun\u2019 was not declared in this scope\n   76 |     cots_pred(t) = posfun(cots_pred(t), Type(1e-8), penalty);\n      |                    ~~~~~~^~~~~~~~~~~~~~~~~~~~~~~~~~~~~~~~~~~\nPOPULATIONS/POPULATION_0004/INDIVIDUAL_T4MG7TDZ/model.cpp:82:26: error: \u2018posfun\u2019 was not declared in this scope, and no declarations were found by argument-dependent lookup at the point of instantiation\n   82 |     fast_pred(t) = posfun(fast_pred(t), Type(1e-8), penalty);\n      |                    ~~~~~~^~~~~~~~~~~~~~~~~~~~~~~~~~~~~~~~~~~\nPOPULATIONS/POPULATION_0004/INDIVIDUAL_T4MG7TDZ/model.cpp:76:26: note: \u2018posfun\u2019 declared here, later in the translation unit\n   76 |     cots_pred(t) = posfun(cots_pred(t), Type(1e-8), penalty);\n      |                    ~~~~~~^~~~~~~~~~~~~~~~~~~~~~~~~~~~~~~~~~~\nPOPULATIONS/POPULATION_0004/INDIVIDUAL_T4MG7TDZ/model.cpp:88:26: error: \u2018posfun\u2019 was not declared in this scope, and no declarations were found by argument-dependent lookup at the point of instantiation\n   88 |     slow_pred(t) = posfun(slow_pred(t), Type(1e-8), penalty);\n      |                    ~~~~~~^~~~~~~~~~~~~~~~~~~~~~~~~~~~~~~~~~~\nPOPULATIONS/POPULATION_0004/INDIVIDUAL_T4MG7TDZ/model.cpp:76:26: note: \u2018posfun\u2019 declared here, later in the translation unit\n   76 |     cots_pred(t) = posfun(cots_pred(t), Type(1e-8), penalty);\n      |                    ~~~~~~^~~~~~~~~~~~~~~~~~~~~~~~~~~~~~~~~~~\nPOPULATIONS/POPULATION_0004/INDIVIDUAL_T4MG7TDZ/model.cpp:106:1: warning: no return statement in function returning non-void [-Wreturn-type]\n  106 | }\n      | ^\nPOPULATIONS/POPULATION_0004/INDIVIDUAL_T4MG7TDZ/model.cpp: In instantiation of \u2018Type objective_function<Type>::operator()() [with Type = double]\u2019:\n/home/spi085/R/x86_64-pc-linux-gnu-library/4.4/TMB/include/tmb_core.hpp:2035:7:   required from here\nPOPULATIONS/POPULATION_0004/INDIVIDUAL_T4MG7TDZ/model.cpp:76:26: error: \u2018posfun\u2019 was not declared in this scope\n   76 |     cots_pred(t) = posfun(cots_pred(t), Type(1e-8), penalty);\n      |                    ~~~~~~^~~~~~~~~~~~~~~~~~~~~~~~~~~~~~~~~~~\nPOPULATIONS/POPULATION_0004/INDIVIDUAL_T4MG7TDZ/model.cpp:82:26: error: \u2018posfun\u2019 was not declared in this scope, and no declarations were found by argument-dependent lookup at the point of instantiation\n   82 |     fast_pred(t) = posfun(fast_pred(t), Type(1e-8), penalty);\n      |                    ~~~~~~^~~~~~~~~~~~~~~~~~~~~~~~~~~~~~~~~~~\nPOPULATIONS/POPULATION_0004/INDIVIDUAL_T4MG7TDZ/model.cpp:76:26: note: \u2018posfun\u2019 declared here, later in the translation unit\n   76 |     cots_pred(t) = posfun(cots_pred(t), Type(1e-8), penalty);\n      |                    ~~~~~~^~~~~~~~~~~~~~~~~~~~~~~~~~~~~~~~~~~\nPOPULATIONS/POPULATION_0004/INDIVIDUAL_T4MG7TDZ/model.cpp:88:26: error: \u2018posfun\u2019 was not declared in this scope, and no declarations were found by argument-dependent lookup at the point of instantiation\n   88 |     slow_pred(t) = posfun(slow_pred(t), Type(1e-8), penalty);\n      |                    ~~~~~~^~~~~~~~~~~~~~~~~~~~~~~~~~~~~~~~~~~\nPOPULATIONS/POPULATION_0004/INDIVIDUAL_T4MG7TDZ/model.cpp:76:26: note: \u2018posfun\u2019 declared here, later in the translation unit\n   76 |     cots_pred(t) = posfun(cots_pred(t), Type(1e-8), penalty);\n      |                    ~~~~~~^~~~~~~~~~~~~~~~~~~~~~~~~~~~~~~~~~~\nPOPULATIONS/POPULATION_0004/INDIVIDUAL_T4MG7TDZ/model.cpp:106:1: warning: no return statement in function returning non-void [-Wreturn-type]\n  106 | }\n      | ^\nPOPULATIONS/POPULATION_0004/INDIVIDUAL_T4MG7TDZ/model.cpp: In instantiation of \u2018Type objective_function<Type>::operator()() [with Type = CppAD::AD<CppAD::AD<double> >]\u2019:\n/home/spi085/R/x86_64-pc-linux-gnu-library/4.4/TMB/include/tmb_core.hpp:917:29:   required from \u2018Type objective_function<Type>::evalUserTemplate() [with Type = CppAD::AD<CppAD::AD<double> >]\u2019\n/home/spi085/R/x86_64-pc-linux-gnu-library/4.4/TMB/include/tmb_core.hpp:2116:26:   required from here\nPOPULATIONS/POPULATION_0004/INDIVIDUAL_T4MG7TDZ/model.cpp:76:26: error: \u2018posfun\u2019 was not declared in this scope\n   76 |     cots_pred(t) = posfun(cots_pred(t), Type(1e-8), penalty);\n      |                    ~~~~~~^~~~~~~~~~~~~~~~~~~~~~~~~~~~~~~~~~~\nPOPULATIONS/POPULATION_0004/INDIVIDUAL_T4MG7TDZ/model.cpp:82:26: error: \u2018posfun\u2019 was not declared in this scope, and no declarations were found by argument-dependent lookup at the point of instantiation\n   82 |     fast_pred(t) = posfun(fast_pred(t), Type(1e-8), penalty);\n      |                    ~~~~~~^~~~~~~~~~~~~~~~~~~~~~~~~~~~~~~~~~~\nPOPULATIONS/POPULATION_0004/INDIVIDUAL_T4MG7TDZ/model.cpp:76:26: note: \u2018posfun\u2019 declared here, later in the translation unit\n   76 |     cots_pred(t) = posfun(cots_pred(t), Type(1e-8), penalty);\n      |                    ~~~~~~^~~~~~~~~~~~~~~~~~~~~~~~~~~~~~~~~~~\nPOPULATIONS/POPULATION_0004/INDIVIDUAL_T4MG7TDZ/model.cpp:88:26: error: \u2018posfun\u2019 was not declared in this scope, and no declarations were found by argument-dependent lookup at the point of instantiation\n   88 |     slow_pred(t) = posfun(slow_pred(t), Type(1e-8), penalty);\n      |                    ~~~~~~^~~~~~~~~~~~~~~~~~~~~~~~~~~~~~~~~~~\nPOPULATIONS/POPULATION_0004/INDIVIDUAL_T4MG7TDZ/model.cpp:76:26: note: \u2018posfun\u2019 declared here, later in the translation unit\n   76 |     cots_pred(t) = posfun(cots_pred(t), Type(1e-8), penalty);\n      |                    ~~~~~~^~~~~~~~~~~~~~~~~~~~~~~~~~~~~~~~~~~\nPOPULATIONS/POPULATION_0004/INDIVIDUAL_T4MG7TDZ/model.cpp:106:1: warning: no return statement in function returning non-void [-Wreturn-type]\n  106 | }\n      | ^\nPOPULATIONS/POPULATION_0004/INDIVIDUAL_T4MG7TDZ/model.cpp: In instantiation of \u2018Type objective_function<Type>::operator()() [with Type = CppAD::AD<CppAD::AD<CppAD::AD<double> > >]\u2019:\n/home/spi085/R/x86_64-pc-linux-gnu-library/4.4/TMB/include/tmb_core.hpp:917:29:   required from \u2018Type objective_function<Type>::evalUserTemplate() [with Type = CppAD::AD<CppAD::AD<CppAD::AD<double> > >]\u2019\n/home/spi085/R/x86_64-pc-linux-gnu-library/4.4/TMB/include/tmb_core.hpp:2365:28:   required from here\nPOPULATIONS/POPULATION_0004/INDIVIDUAL_T4MG7TDZ/model.cpp:76:26: error: \u2018posfun\u2019 was not declared in this scope\n   76 |     cots_pred(t) = posfun(cots_pred(t), Type(1e-8), penalty);\n      |                    ~~~~~~^~~~~~~~~~~~~~~~~~~~~~~~~~~~~~~~~~~\nPOPULATIONS/POPULATION_0004/INDIVIDUAL_T4MG7TDZ/model.cpp:82:26: error: \u2018posfun\u2019 was not declared in this scope, and no declarations were found by argument-dependent lookup at the point of instantiation\n   82 |     fast_pred(t) = posfun(fast_pred(t), Type(1e-8), penalty);\n      |                    ~~~~~~^~~~~~~~~~~~~~~~~~~~~~~~~~~~~~~~~~~\nPOPULATIONS/POPULATION_0004/INDIVIDUAL_T4MG7TDZ/model.cpp:76:26: note: \u2018posfun\u2019 declared here, later in the translation unit\n   76 |     cots_pred(t) = posfun(cots_pred(t), Type(1e-8), penalty);\n      |                    ~~~~~~^~~~~~~~~~~~~~~~~~~~~~~~~~~~~~~~~~~\nPOPULATIONS/POPULATION_0004/INDIVIDUAL_T4MG7TDZ/model.cpp:88:26: error: \u2018posfun\u2019 was not declared in this scope, and no declarations were found by argument-dependent lookup at the point of instantiation\n   88 |     slow_pred(t) = posfun(slow_pred(t), Type(1e-8), penalty);\n      |                    ~~~~~~^~~~~~~~~~~~~~~~~~~~~~~~~~~~~~~~~~~\nPOPULATIONS/POPULATION_0004/INDIVIDUAL_T4MG7TDZ/model.cpp:76:26: note: \u2018posfun\u2019 declared here, later in the translation unit\n   76 |     cots_pred(t) = posfun(cots_pred(t), Type(1e-8), penalty);\n      |                    ~~~~~~^~~~~~~~~~~~~~~~~~~~~~~~~~~~~~~~~~~\nPOPULATIONS/POPULATION_0004/INDIVIDUAL_T4MG7TDZ/model.cpp:106:1: warning: no return statement in function returning non-void [-Wreturn-type]\n  106 | }\n      | ^\nmake: *** [/usr/lib/R/etc/Makeconf:204: POPULATIONS/POPULATION_0004/INDIVIDUAL_T4MG7TDZ/model.o] Error 1\nError in TMB::compile(file.path(individual_dir, model_file), flags = flags,  : \n  Compilation failed\nError: Compilation failed\nExecution halted"
    },
    "6": {
      "status": "ERROR",
      "message": "R script failed with return code 1",
      "stdout": "g++ -std=gnu++17 -I\"/usr/share/R/include\" -DNDEBUG -I\"/home/spi085/R/x86_64-pc-linux-gnu-library/4.4/TMB/include\" -I\"/home/spi085/R/x86_64-pc-linux-gnu-library/4.4/RcppEigen/include\"   -DTMB_EIGEN_DISABLE_WARNINGS   -DTMB_LIB_INIT=R_init_model  -DCPPAD_FRAMEWORK      -fpic  -O2  -c POPULATIONS/POPULATION_0004/INDIVIDUAL_T4MG7TDZ/model.cpp -o POPULATIONS/POPULATION_0004/INDIVIDUAL_T4MG7TDZ/model.o\ng++ -std=gnu++17 -shared -L/usr/lib/R/lib -Wl,-Bsymbolic-functions -flto=auto -ffat-lto-objects -Wl,-z,relro -o POPULATIONS/POPULATION_0004/INDIVIDUAL_T4MG7TDZ/model.so POPULATIONS/POPULATION_0004/INDIVIDUAL_T4MG7TDZ/model.o -L/usr/lib/R/lib -lR\nStarting model phases\nNumber of phases: 3 \nPhase 1 \nInitial parameter values for phase 1 :\n      growth_rate carrying_capacity         log_sigma    log_sigma_fast \n               NA             0.004                NA                NA \n   log_sigma_slow \n               NA \nError in model phases: NA/NaN gradient evaluation",
      "stderr": "Loading required package: TMB\nLoading required package: jsonlite\nhere() starts at /home/spi085/Documents/_Projects/SCCP-QuantModelling\nusing C++ compiler: \u2018g++ (Ubuntu 13.3.0-6ubuntu2~24.04) 13.3.0\u2019\nError in value[[3L]](cond) : \n  Error in model phases: NA/NaN gradient evaluation\nCalls: tryCatch -> tryCatchList -> tryCatchOne -> <Anonymous>\nIn addition: Warning message:\nIn nlminb(model$par, model$fn, model$gr) : NA/NaN function evaluation\nExecution halted"
    },
    "7": {
      "status": "BROKEN"
    }
  }
}