{
  "iterations": {
    "1": {
      "status": "ERROR",
      "message": "R script failed with return code 139",
      "stdout": "g++ -std=gnu++17 -I\"/usr/share/R/include\" -DNDEBUG -I\"/home/spi085/R/x86_64-pc-linux-gnu-library/4.4/TMB/include\" -I\"/home/spi085/R/x86_64-pc-linux-gnu-library/4.4/RcppEigen/include\"   -DTMB_EIGEN_DISABLE_WARNINGS   -DTMB_LIB_INIT=R_init_model  -DCPPAD_FRAMEWORK      -fpic  -O2  -c POPULATIONS/POPULATION_0006/INDIVIDUAL_Q8NUWFDO/model.cpp -o POPULATIONS/POPULATION_0006/INDIVIDUAL_Q8NUWFDO/model.o\ng++ -std=gnu++17 -shared -L/usr/lib/R/lib -Wl,-Bsymbolic-functions -flto=auto -ffat-lto-objects -Wl,-z,relro -o POPULATIONS/POPULATION_0006/INDIVIDUAL_Q8NUWFDO/model.so POPULATIONS/POPULATION_0006/INDIVIDUAL_Q8NUWFDO/model.o -L/usr/lib/R/lib -lR\nStarting model phases\nNumber of phases: 3 \nPhase 1",
      "stderr": "Loading required package: TMB\nLoading required package: jsonlite\nhere() starts at /home/spi085/Documents/_Projects/SCCP-QuantModelling\nusing C++ compiler: \u2018g++ (Ubuntu 13.3.0-6ubuntu2~24.04) 13.3.0\u2019\n\n *** caught segfault ***\naddress 0x5d953c0238e8, cause 'memory not mapped'\n\nTraceback:\n 1: getParameterOrder(data, parameters, new.env(), DLL = DLL)\n 2: MakeADFun(data_in, parameters, DLL = \"model\", silent = TRUE,     map = map)\n 3: doTryCatch(return(expr), name, parentenv, handler)\n 4: tryCatchOne(expr, names, parentenv, handlers[[1L]])\n 5: tryCatchList(expr, classes, parentenv, handlers)\n 6: tryCatch({    for (m in seq(1, n_phases)) {        cat(\"Phase\", m, \"\\n\")        to_fit <- params[params$priority == m & !is.na(params$priority) &             params$import_type == \"PARAMETER\", ]$parameter        map <- generate_map(to_fit)        if (exists(\"model\")) {            parameters <- model$env$parList(fit$par)        }        model <- MakeADFun(data_in, parameters, DLL = \"model\",             silent = TRUE, map = map)        if (is.null(model)) {            stop(\"Failed to create model\")        }        cat(\"Initial parameter values for phase\", m, \":\\n\")        print(model$par)        fit <- nlminb(model$par, model$fn, model$gr)        if (is.null(fit)) {            stop(\"Failed to fit model\")        }        cat(\"Final parameter values for phase\", m, \":\\n\")        print(fit$par)        cat(\"Convergence message:\", fit$message, \"\\n\")        cat(\"Number of iterations:\", fit$iterations, \"\\n\")        cat(\"Objective function value:\", fit$objective, \"\\n\")        if (any(is.nan(fit$par)) || any(is.infinite(fit$par))) {            cat(\"WARNING: NaN or Inf values detected in parameters at phase\",                 m, \"\\n\")        }        cat(\"Gradient at solution for phase\", m, \":\\n\")        grad <- model$gr(fit$par)        print(grad)        if (any(is.nan(grad)) || any(is.infinite(grad))) {            cat(\"WARNING: NaN or Inf values detected in gradient at phase\",                 m, \"\\n\")        }        best <- model$env$last.par.best        model$report()    }    cat(\"Final Phase\\n\")    to_fit <- params[!is.na(params$priority) & params$import_type ==         \"PARAMETER\", ]$parameter    map <- generate_map(to_fit)    parameters <- model$env$parList(fit$par)    model <- MakeADFun(data_in, parameters, DLL = \"model\", silent = TRUE,         map = map)    cat(\"Initial parameter values for final phase:\\n\")    print(model$par)    fit <- nlminb(model$par, model$fn, model$gr)    cat(\"Final parameter values for final phase:\\n\")    print(fit$par)    cat(\"Convergence message:\", fit$message, \"\\n\")    cat(\"Number of iterations:\", fit$iterations, \"\\n\")    cat(\"Objective function value:\", fit$objective, \"\\n\")    if (any(is.nan(fit$par)) || any(is.infinite(fit$par))) {        cat(\"WARNING: NaN or Inf values detected in parameters at final phase\\n\")    }    cat(\"Gradient at solution for final phase:\\n\")    grad <- model$gr(fit$par)    print(grad)    if (any(is.nan(grad)) || any(is.infinite(grad))) {        cat(\"WARNING: NaN or Inf values detected in gradient at final phase\\n\")    }    best <- model$env$last.par.best}, error = function(e) {    error_message <- paste(\"Error in model phases:\", conditionMessage(e))    cat(error_message, \"\\n\")    stop(error_message)})\nAn irrecoverable exception occurred. R is aborting now ...\nSegmentation fault (core dumped)"
    },
    "2": {
      "status": "ERROR",
      "message": "R script failed with return code 1",
      "stdout": "g++ -std=gnu++17 -I\"/usr/share/R/include\" -DNDEBUG -I\"/home/spi085/R/x86_64-pc-linux-gnu-library/4.4/TMB/include\" -I\"/home/spi085/R/x86_64-pc-linux-gnu-library/4.4/RcppEigen/include\"   -DTMB_EIGEN_DISABLE_WARNINGS   -DTMB_LIB_INIT=R_init_model  -DCPPAD_FRAMEWORK      -fpic  -O2  -c POPULATIONS/POPULATION_0006/INDIVIDUAL_Q8NUWFDO/model.cpp -o POPULATIONS/POPULATION_0006/INDIVIDUAL_Q8NUWFDO/model.o\ng++ -std=gnu++17 -shared -L/usr/lib/R/lib -Wl,-Bsymbolic-functions -flto=auto -ffat-lto-objects -Wl,-z,relro -o POPULATIONS/POPULATION_0006/INDIVIDUAL_Q8NUWFDO/model.so POPULATIONS/POPULATION_0006/INDIVIDUAL_Q8NUWFDO/model.o -L/usr/lib/R/lib -lR\nStarting model phases\nNumber of phases: 3 \nPhase 1 \nInitial parameter values for phase 1 :\n            r_cots             m_cots             a_fast             a_slow \n              9.00               1.25                 NA                 NA \n            r_fast             r_slow         imm_effect  recruitment_delay \n                NA                 NA                 NA                 NA \noutbreak_threshold       density_mort    allee_threshold      pred_half_sat \n                NA                 NA                 NA                 NA \n     pred_max_rate   coral_dep_factor \n                NA                 NA \nError in model phases: NA/NaN gradient evaluation",
      "stderr": "Loading required package: TMB\nLoading required package: jsonlite\nhere() starts at /home/spi085/Documents/_Projects/SCCP-QuantModelling\nusing C++ compiler: \u2018g++ (Ubuntu 13.3.0-6ubuntu2~24.04) 13.3.0\u2019\nError in value[[3L]](cond) : \n  Error in model phases: NA/NaN gradient evaluation\nCalls: tryCatch -> tryCatchList -> tryCatchOne -> <Anonymous>\nIn addition: Warning message:\nIn nlminb(model$par, model$fn, model$gr) : NA/NaN function evaluation\nExecution halted"
    },
    "3": {
      "status": "ERROR",
      "message": "R script failed with return code 1",
      "stdout": "g++ -std=gnu++17 -I\"/usr/share/R/include\" -DNDEBUG -I\"/home/spi085/R/x86_64-pc-linux-gnu-library/4.4/TMB/include\" -I\"/home/spi085/R/x86_64-pc-linux-gnu-library/4.4/RcppEigen/include\"   -DTMB_EIGEN_DISABLE_WARNINGS   -DTMB_LIB_INIT=R_init_model  -DCPPAD_FRAMEWORK      -fpic  -O2  -c POPULATIONS/POPULATION_0006/INDIVIDUAL_Q8NUWFDO/model.cpp -o POPULATIONS/POPULATION_0006/INDIVIDUAL_Q8NUWFDO/model.o\ng++ -std=gnu++17 -shared -L/usr/lib/R/lib -Wl,-Bsymbolic-functions -flto=auto -ffat-lto-objects -Wl,-z,relro -o POPULATIONS/POPULATION_0006/INDIVIDUAL_Q8NUWFDO/model.so POPULATIONS/POPULATION_0006/INDIVIDUAL_Q8NUWFDO/model.o -L/usr/lib/R/lib -lR\nStarting model phases\nNumber of phases: 3 \nPhase 1 \nInitial parameter values for phase 1 :\n            r_cots             m_cots             a_fast             a_slow \n              9.00               1.25                 NA                 NA \n            r_fast             r_slow         imm_effect  recruitment_delay \n                NA                 NA                 NA                 NA \noutbreak_threshold       density_mort    allee_threshold      pred_half_sat \n                NA                 NA                 NA                 NA \n     pred_max_rate   coral_dep_factor \n                NA                 NA \nError in model phases: NA/NaN gradient evaluation",
      "stderr": "Loading required package: TMB\nLoading required package: jsonlite\nhere() starts at /home/spi085/Documents/_Projects/SCCP-QuantModelling\nusing C++ compiler: \u2018g++ (Ubuntu 13.3.0-6ubuntu2~24.04) 13.3.0\u2019\nError in value[[3L]](cond) : \n  Error in model phases: NA/NaN gradient evaluation\nCalls: tryCatch -> tryCatchList -> tryCatchOne -> <Anonymous>\nIn addition: Warning message:\nIn nlminb(model$par, model$fn, model$gr) : NA/NaN function evaluation\nExecution halted"
    },
    "4": {
      "status": "ERROR",
      "message": "Model failed to compile.",
      "stdout": "g++ -std=gnu++17 -I\"/usr/share/R/include\" -DNDEBUG -I\"/home/spi085/R/x86_64-pc-linux-gnu-library/4.4/TMB/include\" -I\"/home/spi085/R/x86_64-pc-linux-gnu-library/4.4/RcppEigen/include\"   -DTMB_EIGEN_DISABLE_WARNINGS   -DTMB_LIB_INIT=R_init_model  -DCPPAD_FRAMEWORK      -fpic  -O2  -c POPULATIONS/POPULATION_0006/INDIVIDUAL_Q8NUWFDO/model.cpp -o POPULATIONS/POPULATION_0006/INDIVIDUAL_Q8NUWFDO/model.o",
      "stderr": "Loading required package: TMB\nLoading required package: jsonlite\nhere() starts at /home/spi085/Documents/_Projects/SCCP-QuantModelling\nusing C++ compiler: \u2018g++ (Ubuntu 13.3.0-6ubuntu2~24.04) 13.3.0\u2019\nPOPULATIONS/POPULATION_0006/INDIVIDUAL_Q8NUWFDO/model.cpp: In instantiation of \u2018Type objective_function<Type>::operator()() [with Type = CppAD::AD<double>]\u2019:\n/home/spi085/R/x86_64-pc-linux-gnu-library/4.4/TMB/include/tmb_core.hpp:1312:6:   required from here\nPOPULATIONS/POPULATION_0006/INDIVIDUAL_Q8NUWFDO/model.cpp:99:23: error: no matching function for call to \u2018max(CppAD::AD<double>, Eigen::DenseCoeffsBase<Eigen::Array<CppAD::AD<double>, -1, 1, 0, -1, 1>, 1>::Scalar&)\u2019\n   99 |     cots_pred(t) = max(Type(0.01), cots_pred(t));\n      |                    ~~~^~~~~~~~~~~~~~~~~~~~~~~~~~\nIn file included from /home/spi085/R/x86_64-pc-linux-gnu-library/4.4/TMB/include/TMB.hpp:231,\n                 from POPULATIONS/POPULATION_0006/INDIVIDUAL_Q8NUWFDO/model.cpp:1:\n/home/spi085/R/x86_64-pc-linux-gnu-library/4.4/TMB/include/convenience.hpp:145:6: note: candidate: \u2018template<class Type> Type max(const tmbutils::vector<Type>&)\u2019\n  145 | Type max(const vector<Type> &x)\n      |      ^~~\n/home/spi085/R/x86_64-pc-linux-gnu-library/4.4/TMB/include/convenience.hpp:145:6: note:   template argument deduction/substitution failed:\nPOPULATIONS/POPULATION_0006/INDIVIDUAL_Q8NUWFDO/model.cpp:99:23: note:   \u2018CppAD::AD<double>\u2019 is not derived from \u2018const tmbutils::vector<Type>\u2019\n   99 |     cots_pred(t) = max(Type(0.01), cots_pred(t));\n      |                    ~~~^~~~~~~~~~~~~~~~~~~~~~~~~~\nPOPULATIONS/POPULATION_0006/INDIVIDUAL_Q8NUWFDO/model.cpp:112:23: error: no matching function for call to \u2018max(CppAD::AD<double>, Eigen::DenseCoeffsBase<Eigen::Array<CppAD::AD<double>, -1, 1, 0, -1, 1>, 1>::Scalar&)\u2019\n  112 |     fast_pred(t) = max(Type(0.01), fast_pred(t));\n      |                    ~~~^~~~~~~~~~~~~~~~~~~~~~~~~~\n/home/spi085/R/x86_64-pc-linux-gnu-library/4.4/TMB/include/convenience.hpp:145:6: note: candidate: \u2018template<class Type> Type max(const tmbutils::vector<Type>&)\u2019\n  145 | Type max(const vector<Type> &x)\n      |      ^~~\n/home/spi085/R/x86_64-pc-linux-gnu-library/4.4/TMB/include/convenience.hpp:145:6: note:   template argument deduction/substitution failed:\nPOPULATIONS/POPULATION_0006/INDIVIDUAL_Q8NUWFDO/model.cpp:112:23: note:   \u2018CppAD::AD<double>\u2019 is not derived from \u2018const tmbutils::vector<Type>\u2019\n  112 |     fast_pred(t) = max(Type(0.01), fast_pred(t));\n      |                    ~~~^~~~~~~~~~~~~~~~~~~~~~~~~~\nPOPULATIONS/POPULATION_0006/INDIVIDUAL_Q8NUWFDO/model.cpp:120:23: error: no matching function for call to \u2018max(CppAD::AD<double>, Eigen::DenseCoeffsBase<Eigen::Array<CppAD::AD<double>, -1, 1, 0, -1, 1>, 1>::Scalar&)\u2019\n  120 |     slow_pred(t) = max(Type(0.01), slow_pred(t));\n      |                    ~~~^~~~~~~~~~~~~~~~~~~~~~~~~~\n/home/spi085/R/x86_64-pc-linux-gnu-library/4.4/TMB/include/convenience.hpp:145:6: note: candidate: \u2018template<class Type> Type max(const tmbutils::vector<Type>&)\u2019\n  145 | Type max(const vector<Type> &x)\n      |      ^~~\n/home/spi085/R/x86_64-pc-linux-gnu-library/4.4/TMB/include/convenience.hpp:145:6: note:   template argument deduction/substitution failed:\nPOPULATIONS/POPULATION_0006/INDIVIDUAL_Q8NUWFDO/model.cpp:120:23: note:   \u2018CppAD::AD<double>\u2019 is not derived from \u2018const tmbutils::vector<Type>\u2019\n  120 |     slow_pred(t) = max(Type(0.01), slow_pred(t));\n      |                    ~~~^~~~~~~~~~~~~~~~~~~~~~~~~~\nPOPULATIONS/POPULATION_0006/INDIVIDUAL_Q8NUWFDO/model.cpp:131:28: error: no matching function for call to \u2018max(CppAD::AD<double>, CppAD::AD<double>&)\u2019\n  131 |         cots_pred(t) *= max(Type(0.1), crash_factor);\n      |                         ~~~^~~~~~~~~~~~~~~~~~~~~~~~~\n/home/spi085/R/x86_64-pc-linux-gnu-library/4.4/TMB/include/convenience.hpp:145:6: note: candidate: \u2018template<class Type> Type max(const tmbutils::vector<Type>&)\u2019\n  145 | Type max(const vector<Type> &x)\n      |      ^~~\n/home/spi085/R/x86_64-pc-linux-gnu-library/4.4/TMB/include/convenience.hpp:145:6: note:   template argument deduction/substitution failed:\nPOPULATIONS/POPULATION_0006/INDIVIDUAL_Q8NUWFDO/model.cpp:131:28: note:   \u2018CppAD::AD<double>\u2019 is not derived from \u2018const tmbutils::vector<Type>\u2019\n  131 |         cots_pred(t) *= max(Type(0.1), crash_factor);\n      |                         ~~~^~~~~~~~~~~~~~~~~~~~~~~~~\nPOPULATIONS/POPULATION_0006/INDIVIDUAL_Q8NUWFDO/model.cpp: In instantiation of \u2018Type objective_function<Type>::operator()() [with Type = double]\u2019:\n/home/spi085/R/x86_64-pc-linux-gnu-library/4.4/TMB/include/tmb_core.hpp:2035:7:   required from here\nPOPULATIONS/POPULATION_0006/INDIVIDUAL_Q8NUWFDO/model.cpp:99:23: error: no matching function for call to \u2018max(double, Eigen::DenseCoeffsBase<Eigen::Array<double, -1, 1>, 1>::Scalar&)\u2019\n   99 |     cots_pred(t) = max(Type(0.01), cots_pred(t));\n      |                    ~~~^~~~~~~~~~~~~~~~~~~~~~~~~~\n/home/spi085/R/x86_64-pc-linux-gnu-library/4.4/TMB/include/convenience.hpp:145:6: note: candidate: \u2018template<class Type> Type max(const tmbutils::vector<Type>&)\u2019\n  145 | Type max(const vector<Type> &x)\n      |      ^~~\n/home/spi085/R/x86_64-pc-linux-gnu-library/4.4/TMB/include/convenience.hpp:145:6: note:   template argument deduction/substitution failed:\nPOPULATIONS/POPULATION_0006/INDIVIDUAL_Q8NUWFDO/model.cpp:99:23: note:   mismatched types \u2018const tmbutils::vector<Type>\u2019 and \u2018double\u2019\n   99 |     cots_pred(t) = max(Type(0.01), cots_pred(t));\n      |                    ~~~^~~~~~~~~~~~~~~~~~~~~~~~~~\nPOPULATIONS/POPULATION_0006/INDIVIDUAL_Q8NUWFDO/model.cpp:112:23: error: no matching function for call to \u2018max(double, Eigen::DenseCoeffsBase<Eigen::Array<double, -1, 1>, 1>::Scalar&)\u2019\n  112 |     fast_pred(t) = max(Type(0.01), fast_pred(t));\n      |                    ~~~^~~~~~~~~~~~~~~~~~~~~~~~~~\n/home/spi085/R/x86_64-pc-linux-gnu-library/4.4/TMB/include/convenience.hpp:145:6: note: candidate: \u2018template<class Type> Type max(const tmbutils::vector<Type>&)\u2019\n  145 | Type max(const vector<Type> &x)\n      |      ^~~\n/home/spi085/R/x86_64-pc-linux-gnu-library/4.4/TMB/include/convenience.hpp:145:6: note:   template argument deduction/substitution failed:\nPOPULATIONS/POPULATION_0006/INDIVIDUAL_Q8NUWFDO/model.cpp:112:23: note:   mismatched types \u2018const tmbutils::vector<Type>\u2019 and \u2018double\u2019\n  112 |     fast_pred(t) = max(Type(0.01), fast_pred(t));\n      |                    ~~~^~~~~~~~~~~~~~~~~~~~~~~~~~\nPOPULATIONS/POPULATION_0006/INDIVIDUAL_Q8NUWFDO/model.cpp:120:23: error: no matching function for call to \u2018max(double, Eigen::DenseCoeffsBase<Eigen::Array<double, -1, 1>, 1>::Scalar&)\u2019\n  120 |     slow_pred(t) = max(Type(0.01), slow_pred(t));\n      |                    ~~~^~~~~~~~~~~~~~~~~~~~~~~~~~\n/home/spi085/R/x86_64-pc-linux-gnu-library/4.4/TMB/include/convenience.hpp:145:6: note: candidate: \u2018template<class Type> Type max(const tmbutils::vector<Type>&)\u2019\n  145 | Type max(const vector<Type> &x)\n      |      ^~~\n/home/spi085/R/x86_64-pc-linux-gnu-library/4.4/TMB/include/convenience.hpp:145:6: note:   template argument deduction/substitution failed:\nPOPULATIONS/POPULATION_0006/INDIVIDUAL_Q8NUWFDO/model.cpp:120:23: note:   mismatched types \u2018const tmbutils::vector<Type>\u2019 and \u2018double\u2019\n  120 |     slow_pred(t) = max(Type(0.01), slow_pred(t));\n      |                    ~~~^~~~~~~~~~~~~~~~~~~~~~~~~~\nPOPULATIONS/POPULATION_0006/INDIVIDUAL_Q8NUWFDO/model.cpp:131:28: error: no matching function for call to \u2018max(double, double&)\u2019\n  131 |         cots_pred(t) *= max(Type(0.1), crash_factor);\n      |                         ~~~^~~~~~~~~~~~~~~~~~~~~~~~~\n/home/spi085/R/x86_64-pc-linux-gnu-library/4.4/TMB/include/convenience.hpp:145:6: note: candidate: \u2018template<class Type> Type max(const tmbutils::vector<Type>&)\u2019\n  145 | Type max(const vector<Type> &x)\n      |      ^~~\n/home/spi085/R/x86_64-pc-linux-gnu-library/4.4/TMB/include/convenience.hpp:145:6: note:   template argument deduction/substitution failed:\nPOPULATIONS/POPULATION_0006/INDIVIDUAL_Q8NUWFDO/model.cpp:131:28: note:   mismatched types \u2018const tmbutils::vector<Type>\u2019 and \u2018double\u2019\n  131 |         cots_pred(t) *= max(Type(0.1), crash_factor);\n      |                         ~~~^~~~~~~~~~~~~~~~~~~~~~~~~\nPOPULATIONS/POPULATION_0006/INDIVIDUAL_Q8NUWFDO/model.cpp: In instantiation of \u2018Type objective_function<Type>::operator()() [with Type = CppAD::AD<CppAD::AD<double> >]\u2019:\n/home/spi085/R/x86_64-pc-linux-gnu-library/4.4/TMB/include/tmb_core.hpp:917:29:   required from \u2018Type objective_function<Type>::evalUserTemplate() [with Type = CppAD::AD<CppAD::AD<double> >]\u2019\n/home/spi085/R/x86_64-pc-linux-gnu-library/4.4/TMB/include/tmb_core.hpp:2116:26:   required from here\nPOPULATIONS/POPULATION_0006/INDIVIDUAL_Q8NUWFDO/model.cpp:99:23: error: no matching function for call to \u2018max(CppAD::AD<CppAD::AD<double> >, Eigen::DenseCoeffsBase<Eigen::Array<CppAD::AD<CppAD::AD<double> >, -1, 1, 0, -1, 1>, 1>::Scalar&)\u2019\n   99 |     cots_pred(t) = max(Type(0.01), cots_pred(t));\n      |                    ~~~^~~~~~~~~~~~~~~~~~~~~~~~~~\n/home/spi085/R/x86_64-pc-linux-gnu-library/4.4/TMB/include/convenience.hpp:145:6: note: candidate: \u2018template<class Type> Type max(const tmbutils::vector<Type>&)\u2019\n  145 | Type max(const vector<Type> &x)\n      |      ^~~\n/home/spi085/R/x86_64-pc-linux-gnu-library/4.4/TMB/include/convenience.hpp:145:6: note:   template argument deduction/substitution failed:\nPOPULATIONS/POPULATION_0006/INDIVIDUAL_Q8NUWFDO/model.cpp:99:23: note:   \u2018CppAD::AD<CppAD::AD<double> >\u2019 is not derived from \u2018const tmbutils::vector<Type>\u2019\n   99 |     cots_pred(t) = max(Type(0.01), cots_pred(t));\n      |                    ~~~^~~~~~~~~~~~~~~~~~~~~~~~~~\nPOPULATIONS/POPULATION_0006/INDIVIDUAL_Q8NUWFDO/model.cpp:112:23: error: no matching function for call to \u2018max(CppAD::AD<CppAD::AD<double> >, Eigen::DenseCoeffsBase<Eigen::Array<CppAD::AD<CppAD::AD<double> >, -1, 1, 0, -1, 1>, 1>::Scalar&)\u2019\n  112 |     fast_pred(t) = max(Type(0.01), fast_pred(t));\n      |                    ~~~^~~~~~~~~~~~~~~~~~~~~~~~~~\n/home/spi085/R/x86_64-pc-linux-gnu-library/4.4/TMB/include/convenience.hpp:145:6: note: candidate: \u2018template<class Type> Type max(const tmbutils::vector<Type>&)\u2019\n  145 | Type max(const vector<Type> &x)\n      |      ^~~\n/home/spi085/R/x86_64-pc-linux-gnu-library/4.4/TMB/include/convenience.hpp:145:6: note:   template argument deduction/substitution failed:\nPOPULATIONS/POPULATION_0006/INDIVIDUAL_Q8NUWFDO/model.cpp:112:23: note:   \u2018CppAD::AD<CppAD::AD<double> >\u2019 is not derived from \u2018const tmbutils::vector<Type>\u2019\n  112 |     fast_pred(t) = max(Type(0.01), fast_pred(t));\n      |                    ~~~^~~~~~~~~~~~~~~~~~~~~~~~~~\nPOPULATIONS/POPULATION_0006/INDIVIDUAL_Q8NUWFDO/model.cpp:120:23: error: no matching function for call to \u2018max(CppAD::AD<CppAD::AD<double> >, Eigen::DenseCoeffsBase<Eigen::Array<CppAD::AD<CppAD::AD<double> >, -1, 1, 0, -1, 1>, 1>::Scalar&)\u2019\n  120 |     slow_pred(t) = max(Type(0.01), slow_pred(t));\n      |                    ~~~^~~~~~~~~~~~~~~~~~~~~~~~~~\n/home/spi085/R/x86_64-pc-linux-gnu-library/4.4/TMB/include/convenience.hpp:145:6: note: candidate: \u2018template<class Type> Type max(const tmbutils::vector<Type>&)\u2019\n  145 | Type max(const vector<Type> &x)\n      |      ^~~\n/home/spi085/R/x86_64-pc-linux-gnu-library/4.4/TMB/include/convenience.hpp:145:6: note:   template argument deduction/substitution failed:\nPOPULATIONS/POPULATION_0006/INDIVIDUAL_Q8NUWFDO/model.cpp:120:23: note:   \u2018CppAD::AD<CppAD::AD<double> >\u2019 is not derived from \u2018const tmbutils::vector<Type>\u2019\n  120 |     slow_pred(t) = max(Type(0.01), slow_pred(t));\n      |                    ~~~^~~~~~~~~~~~~~~~~~~~~~~~~~\nPOPULATIONS/POPULATION_0006/INDIVIDUAL_Q8NUWFDO/model.cpp:131:28: error: no matching function for call to \u2018max(CppAD::AD<CppAD::AD<double> >, CppAD::AD<CppAD::AD<double> >&)\u2019\n  131 |         cots_pred(t) *= max(Type(0.1), crash_factor);\n      |                         ~~~^~~~~~~~~~~~~~~~~~~~~~~~~\n/home/spi085/R/x86_64-pc-linux-gnu-library/4.4/TMB/include/convenience.hpp:145:6: note: candidate: \u2018template<class Type> Type max(const tmbutils::vector<Type>&)\u2019\n  145 | Type max(const vector<Type> &x)\n      |      ^~~\n/home/spi085/R/x86_64-pc-linux-gnu-library/4.4/TMB/include/convenience.hpp:145:6: note:   template argument deduction/substitution failed:\nPOPULATIONS/POPULATION_0006/INDIVIDUAL_Q8NUWFDO/model.cpp:131:28: note:   \u2018CppAD::AD<CppAD::AD<double> >\u2019 is not derived from \u2018const tmbutils::vector<Type>\u2019\n  131 |         cots_pred(t) *= max(Type(0.1), crash_factor);\n      |                         ~~~^~~~~~~~~~~~~~~~~~~~~~~~~\nPOPULATIONS/POPULATION_0006/INDIVIDUAL_Q8NUWFDO/model.cpp: In instantiation of \u2018Type objective_function<Type>::operator()() [with Type = CppAD::AD<CppAD::AD<CppAD::AD<double> > >]\u2019:\n/home/spi085/R/x86_64-pc-linux-gnu-library/4.4/TMB/include/tmb_core.hpp:917:29:   required from \u2018Type objective_function<Type>::evalUserTemplate() [with Type = CppAD::AD<CppAD::AD<CppAD::AD<double> > >]\u2019\n/home/spi085/R/x86_64-pc-linux-gnu-library/4.4/TMB/include/tmb_core.hpp:2365:28:   required from here\nPOPULATIONS/POPULATION_0006/INDIVIDUAL_Q8NUWFDO/model.cpp:99:23: error: no matching function for call to \u2018max(CppAD::AD<CppAD::AD<CppAD::AD<double> > >, Eigen::DenseCoeffsBase<Eigen::Array<CppAD::AD<CppAD::AD<CppAD::AD<double> > >, -1, 1, 0, -1, 1>, 1>::Scalar&)\u2019\n   99 |     cots_pred(t) = max(Type(0.01), cots_pred(t));\n      |                    ~~~^~~~~~~~~~~~~~~~~~~~~~~~~~\n/home/spi085/R/x86_64-pc-linux-gnu-library/4.4/TMB/include/convenience.hpp:145:6: note: candidate: \u2018template<class Type> Type max(const tmbutils::vector<Type>&)\u2019\n  145 | Type max(const vector<Type> &x)\n      |      ^~~\n/home/spi085/R/x86_64-pc-linux-gnu-library/4.4/TMB/include/convenience.hpp:145:6: note:   template argument deduction/substitution failed:\nPOPULATIONS/POPULATION_0006/INDIVIDUAL_Q8NUWFDO/model.cpp:99:23: note:   \u2018CppAD::AD<CppAD::AD<CppAD::AD<double> > >\u2019 is not derived from \u2018const tmbutils::vector<Type>\u2019\n   99 |     cots_pred(t) = max(Type(0.01), cots_pred(t));\n      |                    ~~~^~~~~~~~~~~~~~~~~~~~~~~~~~\nPOPULATIONS/POPULATION_0006/INDIVIDUAL_Q8NUWFDO/model.cpp:112:23: error: no matching function for call to \u2018max(CppAD::AD<CppAD::AD<CppAD::AD<double> > >, Eigen::DenseCoeffsBase<Eigen::Array<CppAD::AD<CppAD::AD<CppAD::AD<double> > >, -1, 1, 0, -1, 1>, 1>::Scalar&)\u2019\n  112 |     fast_pred(t) = max(Type(0.01), fast_pred(t));\n      |                    ~~~^~~~~~~~~~~~~~~~~~~~~~~~~~\n/home/spi085/R/x86_64-pc-linux-gnu-library/4.4/TMB/include/convenience.hpp:145:6: note: candidate: \u2018template<class Type> Type max(const tmbutils::vector<Type>&)\u2019\n  145 | Type max(const vector<Type> &x)\n      |      ^~~\n/home/spi085/R/x86_64-pc-linux-gnu-library/4.4/TMB/include/convenience.hpp:145:6: note:   template argument deduction/substitution failed:\nPOPULATIONS/POPULATION_0006/INDIVIDUAL_Q8NUWFDO/model.cpp:112:23: note:   \u2018CppAD::AD<CppAD::AD<CppAD::AD<double> > >\u2019 is not derived from \u2018const tmbutils::vector<Type>\u2019\n  112 |     fast_pred(t) = max(Type(0.01), fast_pred(t));\n      |                    ~~~^~~~~~~~~~~~~~~~~~~~~~~~~~\nPOPULATIONS/POPULATION_0006/INDIVIDUAL_Q8NUWFDO/model.cpp:120:23: error: no matching function for call to \u2018max(CppAD::AD<CppAD::AD<CppAD::AD<double> > >, Eigen::DenseCoeffsBase<Eigen::Array<CppAD::AD<CppAD::AD<CppAD::AD<double> > >, -1, 1, 0, -1, 1>, 1>::Scalar&)\u2019\n  120 |     slow_pred(t) = max(Type(0.01), slow_pred(t));\n      |                    ~~~^~~~~~~~~~~~~~~~~~~~~~~~~~\n/home/spi085/R/x86_64-pc-linux-gnu-library/4.4/TMB/include/convenience.hpp:145:6: note: candidate: \u2018template<class Type> Type max(const tmbutils::vector<Type>&)\u2019\n  145 | Type max(const vector<Type> &x)\n      |      ^~~\n/home/spi085/R/x86_64-pc-linux-gnu-library/4.4/TMB/include/convenience.hpp:145:6: note:   template argument deduction/substitution failed:\nPOPULATIONS/POPULATION_0006/INDIVIDUAL_Q8NUWFDO/model.cpp:120:23: note:   \u2018CppAD::AD<CppAD::AD<CppAD::AD<double> > >\u2019 is not derived from \u2018const tmbutils::vector<Type>\u2019\n  120 |     slow_pred(t) = max(Type(0.01), slow_pred(t));\n      |                    ~~~^~~~~~~~~~~~~~~~~~~~~~~~~~\nPOPULATIONS/POPULATION_0006/INDIVIDUAL_Q8NUWFDO/model.cpp:131:28: error: no matching function for call to \u2018max(CppAD::AD<CppAD::AD<CppAD::AD<double> > >, CppAD::AD<CppAD::AD<CppAD::AD<double> > >&)\u2019\n  131 |         cots_pred(t) *= max(Type(0.1), crash_factor);\n      |                         ~~~^~~~~~~~~~~~~~~~~~~~~~~~~\n/home/spi085/R/x86_64-pc-linux-gnu-library/4.4/TMB/include/convenience.hpp:145:6: note: candidate: \u2018template<class Type> Type max(const tmbutils::vector<Type>&)\u2019\n  145 | Type max(const vector<Type> &x)\n      |      ^~~\n/home/spi085/R/x86_64-pc-linux-gnu-library/4.4/TMB/include/convenience.hpp:145:6: note:   template argument deduction/substitution failed:\nPOPULATIONS/POPULATION_0006/INDIVIDUAL_Q8NUWFDO/model.cpp:131:28: note:   \u2018CppAD::AD<CppAD::AD<CppAD::AD<double> > >\u2019 is not derived from \u2018const tmbutils::vector<Type>\u2019\n  131 |         cots_pred(t) *= max(Type(0.1), crash_factor);\n      |                         ~~~^~~~~~~~~~~~~~~~~~~~~~~~~\nmake: *** [/usr/lib/R/etc/Makeconf:204: POPULATIONS/POPULATION_0006/INDIVIDUAL_Q8NUWFDO/model.o] Error 1\nError in TMB::compile(file.path(individual_dir, model_file), flags = flags,  : \n  Compilation failed\nError: Compilation failed\nExecution halted"
    },
    "5": {
      "status": "ERROR",
      "message": "R script failed with return code 1",
      "stdout": "g++ -std=gnu++17 -I\"/usr/share/R/include\" -DNDEBUG -I\"/home/spi085/R/x86_64-pc-linux-gnu-library/4.4/TMB/include\" -I\"/home/spi085/R/x86_64-pc-linux-gnu-library/4.4/RcppEigen/include\"   -DTMB_EIGEN_DISABLE_WARNINGS   -DTMB_LIB_INIT=R_init_model  -DCPPAD_FRAMEWORK      -fpic  -O2  -c POPULATIONS/POPULATION_0006/INDIVIDUAL_Q8NUWFDO/model.cpp -o POPULATIONS/POPULATION_0006/INDIVIDUAL_Q8NUWFDO/model.o\ng++ -std=gnu++17 -shared -L/usr/lib/R/lib -Wl,-Bsymbolic-functions -flto=auto -ffat-lto-objects -Wl,-z,relro -o POPULATIONS/POPULATION_0006/INDIVIDUAL_Q8NUWFDO/model.so POPULATIONS/POPULATION_0006/INDIVIDUAL_Q8NUWFDO/model.o -L/usr/lib/R/lib -lR\nStarting model phases\nNumber of phases: 3 \nPhase 1 \nInitial parameter values for phase 1 :\n            r_cots             m_cots             a_fast             a_slow \n              9.00               1.25                 NA                 NA \n            r_fast             r_slow         imm_effect  recruitment_delay \n                NA                 NA                 NA                 NA \noutbreak_threshold       density_mort    allee_threshold      pred_half_sat \n                NA                 NA                 NA                 NA \n     pred_max_rate   coral_dep_factor \n                NA                 NA \nError in model phases: NA/NaN gradient evaluation",
      "stderr": "Loading required package: TMB\nLoading required package: jsonlite\nhere() starts at /home/spi085/Documents/_Projects/SCCP-QuantModelling\nusing C++ compiler: \u2018g++ (Ubuntu 13.3.0-6ubuntu2~24.04) 13.3.0\u2019\nError in value[[3L]](cond) : \n  Error in model phases: NA/NaN gradient evaluation\nCalls: tryCatch -> tryCatchList -> tryCatchOne -> <Anonymous>\nIn addition: Warning message:\nIn nlminb(model$par, model$fn, model$gr) : NA/NaN function evaluation\nExecution halted"
    },
    "6": {
      "status": "ERROR",
      "message": "R script failed with return code 1",
      "stdout": "g++ -std=gnu++17 -I\"/usr/share/R/include\" -DNDEBUG -I\"/home/spi085/R/x86_64-pc-linux-gnu-library/4.4/TMB/include\" -I\"/home/spi085/R/x86_64-pc-linux-gnu-library/4.4/RcppEigen/include\"   -DTMB_EIGEN_DISABLE_WARNINGS   -DTMB_LIB_INIT=R_init_model  -DCPPAD_FRAMEWORK      -fpic  -O2  -c POPULATIONS/POPULATION_0006/INDIVIDUAL_Q8NUWFDO/model.cpp -o POPULATIONS/POPULATION_0006/INDIVIDUAL_Q8NUWFDO/model.o\ng++ -std=gnu++17 -shared -L/usr/lib/R/lib -Wl,-Bsymbolic-functions -flto=auto -ffat-lto-objects -Wl,-z,relro -o POPULATIONS/POPULATION_0006/INDIVIDUAL_Q8NUWFDO/model.so POPULATIONS/POPULATION_0006/INDIVIDUAL_Q8NUWFDO/model.o -L/usr/lib/R/lib -lR\nStarting model phases\nNumber of phases: 3 \nPhase 1 \nInitial parameter values for phase 1 :\n            r_cots             m_cots             a_fast             a_slow \n              9.00               1.25                 NA                 NA \n            r_fast             r_slow         imm_effect  recruitment_delay \n                NA                 NA                 NA                 NA \noutbreak_threshold       density_mort    allee_threshold      pred_half_sat \n                NA                 NA                 NA                 NA \n     pred_max_rate   coral_dep_factor \n                NA                 NA \nError in model phases: NA/NaN gradient evaluation",
      "stderr": "Loading required package: TMB\nLoading required package: jsonlite\nhere() starts at /home/spi085/Documents/_Projects/SCCP-QuantModelling\nusing C++ compiler: \u2018g++ (Ubuntu 13.3.0-6ubuntu2~24.04) 13.3.0\u2019\nError in value[[3L]](cond) : \n  Error in model phases: NA/NaN gradient evaluation\nCalls: tryCatch -> tryCatchList -> tryCatchOne -> <Anonymous>\nIn addition: Warning message:\nIn nlminb(model$par, model$fn, model$gr) : NA/NaN function evaluation\nExecution halted"
    },
    "7": {
      "status": "BROKEN"
    }
  }
}