{
  "iterations": {
    "1": {
      "status": "ERROR",
      "message": "Model failed to compile.",
      "stdout": "g++ -std=gnu++17 -I\"/usr/share/R/include\" -DNDEBUG -I\"/home/spi085/R/x86_64-pc-linux-gnu-library/4.4/TMB/include\" -I\"/home/spi085/R/x86_64-pc-linux-gnu-library/4.4/RcppEigen/include\"   -DTMB_EIGEN_DISABLE_WARNINGS   -DTMB_LIB_INIT=R_init_model  -DCPPAD_FRAMEWORK      -fpic  -O2  -c POPULATIONS/POPULATION_0016/INDIVIDUAL_DPUIUL42/model.cpp -o POPULATIONS/POPULATION_0016/INDIVIDUAL_DPUIUL42/model.o",
      "stderr": "Loading required package: TMB\nLoading required package: jsonlite\nhere() starts at /home/spi085/Documents/_Projects/SCCP-QuantModelling\nusing C++ compiler: \u2018g++ (Ubuntu 13.3.0-6ubuntu2~24.04) 13.3.0\u2019\nPOPULATIONS/POPULATION_0016/INDIVIDUAL_DPUIUL42/model.cpp: In member function \u2018Type objective_function<Type>::operator()()\u2019:\nPOPULATIONS/POPULATION_0016/INDIVIDUAL_DPUIUL42/model.cpp:94:40: error: \u2018coral_sum\u2019 was not declared in this scope\n   94 |     Type outbreak_mod = 1/(1 + exp(-5*(coral_sum - 10))); // Outbreak more likely if coral >10%\n      |                                        ^~~~~~~~~\nmake: *** [/usr/lib/R/etc/Makeconf:204: POPULATIONS/POPULATION_0016/INDIVIDUAL_DPUIUL42/model.o] Error 1\nError in TMB::compile(file.path(individual_dir, model_file), flags = flags,  : \n  Compilation failed\nError: Compilation failed\nExecution halted"
    },
    "2": {
      "status": "ERROR",
      "message": "R script failed with return code 1",
      "stdout": "g++ -std=gnu++17 -I\"/usr/share/R/include\" -DNDEBUG -I\"/home/spi085/R/x86_64-pc-linux-gnu-library/4.4/TMB/include\" -I\"/home/spi085/R/x86_64-pc-linux-gnu-library/4.4/RcppEigen/include\"   -DTMB_EIGEN_DISABLE_WARNINGS   -DTMB_LIB_INIT=R_init_model  -DCPPAD_FRAMEWORK      -fpic  -O2  -c POPULATIONS/POPULATION_0016/INDIVIDUAL_DPUIUL42/model.cpp -o POPULATIONS/POPULATION_0016/INDIVIDUAL_DPUIUL42/model.o\ng++ -std=gnu++17 -shared -L/usr/lib/R/lib -Wl,-Bsymbolic-functions -flto=auto -ffat-lto-objects -Wl,-z,relro -o POPULATIONS/POPULATION_0016/INDIVIDUAL_DPUIUL42/model.so POPULATIONS/POPULATION_0016/INDIVIDUAL_DPUIUL42/model.o -L/usr/lib/R/lib -lR\nStarting model phases\nNumber of phases: 3 \nPhase 1 \nInitial parameter values for phase 1 :\n    log_r_cots     log_K_cots log_sigma_cots log_sigma_fast log_sigma_slow \n          -0.7           -1.0           -1.0           -1.0           -1.0 \nFinal parameter values for phase 1 :\n    log_r_cots     log_K_cots log_sigma_cots log_sigma_fast log_sigma_slow \n    -0.5512109     -0.2105957     -0.7013179     -0.1776462      0.1033197 \nConvergence message: relative convergence (4) \nNumber of iterations: 20 \nObjective function value: 90.51043 \nGradient at solution for phase 1 :\n              [,1]          [,2]         [,3]          [,4]         [,5]\n[1,] -1.524942e-05 -2.818794e-05 1.760877e-05 -4.482912e-06 1.995532e-05\nPhase 2 \nInitial parameter values for phase 2 :\nlog_K_cots_half  log_alpha_fast  log_alpha_slow      log_r_fast      log_r_slow \n            2.5            -2.0            -3.0            -0.5            -1.0 \n         w_fast          w_slow \n            1.0             0.2 \nFinal parameter values for phase 2 :\nlog_K_cots_half  log_alpha_fast  log_alpha_slow      log_r_fast      log_r_slow \n     -0.8124002       0.2329798       1.4150913      -2.4038377      -1.8556624 \n         w_fast          w_slow \n     -0.9636779       1.9178779 \nConvergence message: relative convergence (4) \nNumber of iterations: 131 \nObjective function value: 69.46869 \nGradient at solution for phase 2 :\n             [,1]         [,2]          [,3]          [,4]         [,5]\n[1,] 3.377764e-06 3.743141e-05 -8.663931e-05 -2.568587e-05 5.081714e-05\n             [,6]         [,7]\n[1,] 2.817615e-05 1.239641e-05\nPhase 3 \nInitial parameter values for phase 3 :\n  log_K_fast   log_K_slow log_beta_sst  log_imm_eff \n           3            3           -2           -2 \nFinal parameter values for phase 3 :\n  log_K_fast   log_K_slow log_beta_sst  log_imm_eff \n   3.1916280    3.2777367   -0.4989069   -1.2480569 \nConvergence message: relative convergence (4) \nNumber of iterations: 33 \nObjective function value: 68.59638 \nGradient at solution for phase 3 :\n             [,1]         [,2]        [,3]         [,4]\n[1,] -2.00227e-06 1.211203e-06 1.64463e-05 -4.60429e-07\nFinal Phase\nInitial parameter values for final phase:\n     log_r_cots      log_K_cots log_K_cots_half  log_alpha_fast  log_alpha_slow \n     -0.5512109      -0.2105957      -0.8124002       0.2329798       1.4150913 \n     log_r_fast      log_r_slow      log_K_fast      log_K_slow    log_beta_sst \n     -2.4038377      -1.8556624       3.1916280       3.2777367      -0.4989069 \n    log_imm_eff  log_sigma_cots  log_sigma_fast  log_sigma_slow          w_fast \n     -1.2480569      -0.7013179      -0.1776462       0.1033197      -0.9636779 \n         w_slow \n      1.9178779 \nFinal parameter values for final phase:\n     log_r_cots      log_K_cots log_K_cots_half  log_alpha_fast  log_alpha_slow \n      0.3297148       2.3018558       4.8262733       2.7850491       1.7764216 \n     log_r_fast      log_r_slow      log_K_fast      log_K_slow    log_beta_sst \n     -0.6690671      -1.9192316      12.3363831       6.3105386      -2.7433303 \n    log_imm_eff  log_sigma_cots  log_sigma_fast  log_sigma_slow          w_fast \n     -1.5247884      -1.0299612      -0.8388349      -1.0293722       1.3323721 \n         w_slow \n     -0.2125623 \nConvergence message: function evaluation limit reached without convergence (9) \nNumber of iterations: 118 \nObjective function value: 35.21271 \nGradient at solution for final phase:\n          [,1]      [,2]    [,3]      [,4]     [,5]     [,6]      [,7]\n[1,] -97.82363 -64.56994 55.1686 -42.72777 34.52324 137.6896 -20.23222\n           [,8]      [,9]     [,10]     [,11]      [,12]     [,13]     [,14]\n[1,] 0.01090984 -0.550351 -2.183913 -1.070452 -0.2598663 0.2661555 0.2179531\n         [,15]     [,16]\n[1,] -48.93343 -47.18112\nAll phases completed",
      "stderr": "Loading required package: TMB\nLoading required package: jsonlite\nhere() starts at /home/spi085/Documents/_Projects/SCCP-QuantModelling\nusing C++ compiler: \u2018g++ (Ubuntu 13.3.0-6ubuntu2~24.04) 13.3.0\u2019\nError in `$<-.data.frame`(`*tmp*`, \"found_value\", value = c(NA, NA, 0.329714848332886 : \n  replacement has 3 rows, data has 16\nCalls: $<- -> $<-.data.frame\nExecution halted"
    },
    "3": {
      "status": "ERROR",
      "message": "R script failed with return code 1",
      "stdout": "g++ -std=gnu++17 -I\"/usr/share/R/include\" -DNDEBUG -I\"/home/spi085/R/x86_64-pc-linux-gnu-library/4.4/TMB/include\" -I\"/home/spi085/R/x86_64-pc-linux-gnu-library/4.4/RcppEigen/include\"   -DTMB_EIGEN_DISABLE_WARNINGS   -DTMB_LIB_INIT=R_init_model  -DCPPAD_FRAMEWORK      -fpic  -O2  -c POPULATIONS/POPULATION_0016/INDIVIDUAL_DPUIUL42/model.cpp -o POPULATIONS/POPULATION_0016/INDIVIDUAL_DPUIUL42/model.o\ng++ -std=gnu++17 -shared -L/usr/lib/R/lib -Wl,-Bsymbolic-functions -flto=auto -ffat-lto-objects -Wl,-z,relro -o POPULATIONS/POPULATION_0016/INDIVIDUAL_DPUIUL42/model.so POPULATIONS/POPULATION_0016/INDIVIDUAL_DPUIUL42/model.o -L/usr/lib/R/lib -lR\nStarting model phases\nNumber of phases: 3 \nPhase 1 \nInitial parameter values for phase 1 :\n    log_r_cots     log_K_cots log_sigma_cots log_sigma_fast log_sigma_slow \n          -0.7           -1.0           -1.0           -1.0           -1.0 \nFinal parameter values for phase 1 :\n    log_r_cots     log_K_cots log_sigma_cots log_sigma_fast log_sigma_slow \n    -0.5512109     -0.2105957     -0.7013179     -0.1776462      0.1033197 \nConvergence message: relative convergence (4) \nNumber of iterations: 20 \nObjective function value: 90.51043 \nGradient at solution for phase 1 :\n              [,1]          [,2]         [,3]          [,4]         [,5]\n[1,] -1.524942e-05 -2.818794e-05 1.760877e-05 -4.482912e-06 1.995532e-05\nPhase 2 \nInitial parameter values for phase 2 :\nlog_K_cots_half  log_alpha_fast  log_alpha_slow      log_r_fast      log_r_slow \n            2.5            -2.0            -3.0            -0.5            -1.0 \n         w_fast          w_slow \n            1.0             0.2 \nFinal parameter values for phase 2 :\nlog_K_cots_half  log_alpha_fast  log_alpha_slow      log_r_fast      log_r_slow \n     -0.8124002       0.2329798       1.4150913      -2.4038377      -1.8556624 \n         w_fast          w_slow \n     -0.9636779       1.9178779 \nConvergence message: relative convergence (4) \nNumber of iterations: 131 \nObjective function value: 69.46869 \nGradient at solution for phase 2 :\n             [,1]         [,2]          [,3]          [,4]         [,5]\n[1,] 3.377764e-06 3.743141e-05 -8.663931e-05 -2.568587e-05 5.081714e-05\n             [,6]         [,7]\n[1,] 2.817615e-05 1.239641e-05\nPhase 3 \nInitial parameter values for phase 3 :\n  log_K_fast   log_K_slow log_beta_sst  log_imm_eff \n           3            3           -2           -2 \nFinal parameter values for phase 3 :\n  log_K_fast   log_K_slow log_beta_sst  log_imm_eff \n   3.1916280    3.2777367   -0.4989069   -1.2480569 \nConvergence message: relative convergence (4) \nNumber of iterations: 33 \nObjective function value: 68.59638 \nGradient at solution for phase 3 :\n             [,1]         [,2]        [,3]         [,4]\n[1,] -2.00227e-06 1.211203e-06 1.64463e-05 -4.60429e-07\nFinal Phase\nInitial parameter values for final phase:\n     log_r_cots      log_K_cots log_K_cots_half  log_alpha_fast  log_alpha_slow \n     -0.5512109      -0.2105957      -0.8124002       0.2329798       1.4150913 \n     log_r_fast      log_r_slow      log_K_fast      log_K_slow    log_beta_sst \n     -2.4038377      -1.8556624       3.1916280       3.2777367      -0.4989069 \n    log_imm_eff  log_sigma_cots  log_sigma_fast  log_sigma_slow          w_fast \n     -1.2480569      -0.7013179      -0.1776462       0.1033197      -0.9636779 \n         w_slow \n      1.9178779 \nFinal parameter values for final phase:\n     log_r_cots      log_K_cots log_K_cots_half  log_alpha_fast  log_alpha_slow \n      0.3297148       2.3018558       4.8262733       2.7850491       1.7764216 \n     log_r_fast      log_r_slow      log_K_fast      log_K_slow    log_beta_sst \n     -0.6690671      -1.9192316      12.3363831       6.3105386      -2.7433303 \n    log_imm_eff  log_sigma_cots  log_sigma_fast  log_sigma_slow          w_fast \n     -1.5247884      -1.0299612      -0.8388349      -1.0293722       1.3323721 \n         w_slow \n     -0.2125623 \nConvergence message: function evaluation limit reached without convergence (9) \nNumber of iterations: 118 \nObjective function value: 35.21271 \nGradient at solution for final phase:\n          [,1]      [,2]    [,3]      [,4]     [,5]     [,6]      [,7]\n[1,] -97.82363 -64.56994 55.1686 -42.72777 34.52324 137.6896 -20.23222\n           [,8]      [,9]     [,10]     [,11]      [,12]     [,13]     [,14]\n[1,] 0.01090984 -0.550351 -2.183913 -1.070452 -0.2598663 0.2661555 0.2179531\n         [,15]     [,16]\n[1,] -48.93343 -47.18112\nAll phases completed",
      "stderr": "Loading required package: TMB\nLoading required package: jsonlite\nhere() starts at /home/spi085/Documents/_Projects/SCCP-QuantModelling\nusing C++ compiler: \u2018g++ (Ubuntu 13.3.0-6ubuntu2~24.04) 13.3.0\u2019\nError in `$<-.data.frame`(`*tmp*`, \"found_value\", value = c(NA, NA, 0.329714848332886 : \n  replacement has 3 rows, data has 16\nCalls: $<- -> $<-.data.frame\nExecution halted"
    },
    "4": {
      "status": "ERROR",
      "message": "R script failed with return code 1",
      "stdout": "g++ -std=gnu++17 -I\"/usr/share/R/include\" -DNDEBUG -I\"/home/spi085/R/x86_64-pc-linux-gnu-library/4.4/TMB/include\" -I\"/home/spi085/R/x86_64-pc-linux-gnu-library/4.4/RcppEigen/include\"   -DTMB_EIGEN_DISABLE_WARNINGS   -DTMB_LIB_INIT=R_init_model  -DCPPAD_FRAMEWORK      -fpic  -O2  -c POPULATIONS/POPULATION_0016/INDIVIDUAL_DPUIUL42/model.cpp -o POPULATIONS/POPULATION_0016/INDIVIDUAL_DPUIUL42/model.o\ng++ -std=gnu++17 -shared -L/usr/lib/R/lib -Wl,-Bsymbolic-functions -flto=auto -ffat-lto-objects -Wl,-z,relro -o POPULATIONS/POPULATION_0016/INDIVIDUAL_DPUIUL42/model.so POPULATIONS/POPULATION_0016/INDIVIDUAL_DPUIUL42/model.o -L/usr/lib/R/lib -lR\nStarting model phases\nNumber of phases: 3 \nPhase 1 \nInitial parameter values for phase 1 :\n    log_r_cots     log_K_cots log_sigma_cots log_sigma_fast log_sigma_slow \n          -0.7           -1.0           -1.0           -1.0           -1.0 \nFinal parameter values for phase 1 :\n    log_r_cots     log_K_cots log_sigma_cots log_sigma_fast log_sigma_slow \n    -0.5512109     -0.2105957     -0.7013179     -0.1776462      0.1033197 \nConvergence message: relative convergence (4) \nNumber of iterations: 20 \nObjective function value: 90.51043 \nGradient at solution for phase 1 :\n              [,1]          [,2]         [,3]          [,4]         [,5]\n[1,] -1.524942e-05 -2.818794e-05 1.760877e-05 -4.482912e-06 1.995532e-05\nPhase 2 \nInitial parameter values for phase 2 :\nlog_K_cots_half  log_alpha_fast  log_alpha_slow      log_r_fast      log_r_slow \n            2.5            -2.0            -3.0            -0.5            -1.0 \n         w_fast          w_slow \n            1.0             0.2 \nFinal parameter values for phase 2 :\nlog_K_cots_half  log_alpha_fast  log_alpha_slow      log_r_fast      log_r_slow \n     -0.8124002       0.2329798       1.4150913      -2.4038377      -1.8556624 \n         w_fast          w_slow \n     -0.9636779       1.9178779 \nConvergence message: relative convergence (4) \nNumber of iterations: 131 \nObjective function value: 69.46869 \nGradient at solution for phase 2 :\n             [,1]         [,2]          [,3]          [,4]         [,5]\n[1,] 3.377764e-06 3.743141e-05 -8.663931e-05 -2.568587e-05 5.081714e-05\n             [,6]         [,7]\n[1,] 2.817615e-05 1.239641e-05\nPhase 3 \nInitial parameter values for phase 3 :\n  log_K_fast   log_K_slow log_beta_sst  log_imm_eff \n           3            3           -2           -2 \nFinal parameter values for phase 3 :\n  log_K_fast   log_K_slow log_beta_sst  log_imm_eff \n   3.1916280    3.2777367   -0.4989069   -1.2480569 \nConvergence message: relative convergence (4) \nNumber of iterations: 33 \nObjective function value: 68.59638 \nGradient at solution for phase 3 :\n             [,1]         [,2]        [,3]         [,4]\n[1,] -2.00227e-06 1.211203e-06 1.64463e-05 -4.60429e-07\nFinal Phase\nInitial parameter values for final phase:\n     log_r_cots      log_K_cots log_K_cots_half  log_alpha_fast  log_alpha_slow \n     -0.5512109      -0.2105957      -0.8124002       0.2329798       1.4150913 \n     log_r_fast      log_r_slow      log_K_fast      log_K_slow    log_beta_sst \n     -2.4038377      -1.8556624       3.1916280       3.2777367      -0.4989069 \n    log_imm_eff  log_sigma_cots  log_sigma_fast  log_sigma_slow          w_fast \n     -1.2480569      -0.7013179      -0.1776462       0.1033197      -0.9636779 \n         w_slow \n      1.9178779 \nFinal parameter values for final phase:\n     log_r_cots      log_K_cots log_K_cots_half  log_alpha_fast  log_alpha_slow \n      0.3297148       2.3018558       4.8262733       2.7850491       1.7764216 \n     log_r_fast      log_r_slow      log_K_fast      log_K_slow    log_beta_sst \n     -0.6690671      -1.9192316      12.3363831       6.3105386      -2.7433303 \n    log_imm_eff  log_sigma_cots  log_sigma_fast  log_sigma_slow          w_fast \n     -1.5247884      -1.0299612      -0.8388349      -1.0293722       1.3323721 \n         w_slow \n     -0.2125623 \nConvergence message: function evaluation limit reached without convergence (9) \nNumber of iterations: 118 \nObjective function value: 35.21271 \nGradient at solution for final phase:\n          [,1]      [,2]    [,3]      [,4]     [,5]     [,6]      [,7]\n[1,] -97.82363 -64.56994 55.1686 -42.72777 34.52324 137.6896 -20.23222\n           [,8]      [,9]     [,10]     [,11]      [,12]     [,13]     [,14]\n[1,] 0.01090984 -0.550351 -2.183913 -1.070452 -0.2598663 0.2661555 0.2179531\n         [,15]     [,16]\n[1,] -48.93343 -47.18112\nAll phases completed",
      "stderr": "Loading required package: TMB\nLoading required package: jsonlite\nhere() starts at /home/spi085/Documents/_Projects/SCCP-QuantModelling\nusing C++ compiler: \u2018g++ (Ubuntu 13.3.0-6ubuntu2~24.04) 13.3.0\u2019\nError in `$<-.data.frame`(`*tmp*`, \"found_value\", value = c(NA, NA, 0.329714848332886 : \n  replacement has 3 rows, data has 16\nCalls: $<- -> $<-.data.frame\nExecution halted"
    },
    "5": {
      "status": "ERROR",
      "message": "R script failed with return code 1",
      "stdout": "g++ -std=gnu++17 -I\"/usr/share/R/include\" -DNDEBUG -I\"/home/spi085/R/x86_64-pc-linux-gnu-library/4.4/TMB/include\" -I\"/home/spi085/R/x86_64-pc-linux-gnu-library/4.4/RcppEigen/include\"   -DTMB_EIGEN_DISABLE_WARNINGS   -DTMB_LIB_INIT=R_init_model  -DCPPAD_FRAMEWORK      -fpic  -O2  -c POPULATIONS/POPULATION_0016/INDIVIDUAL_DPUIUL42/model.cpp -o POPULATIONS/POPULATION_0016/INDIVIDUAL_DPUIUL42/model.o\ng++ -std=gnu++17 -shared -L/usr/lib/R/lib -Wl,-Bsymbolic-functions -flto=auto -ffat-lto-objects -Wl,-z,relro -o POPULATIONS/POPULATION_0016/INDIVIDUAL_DPUIUL42/model.so POPULATIONS/POPULATION_0016/INDIVIDUAL_DPUIUL42/model.o -L/usr/lib/R/lib -lR\nStarting model phases\nNumber of phases: 3 \nPhase 1 \nInitial parameter values for phase 1 :\n    log_r_cots     log_K_cots log_sigma_cots log_sigma_fast log_sigma_slow \n          -0.7           -1.0           -1.0           -1.0           -1.0 \nFinal parameter values for phase 1 :\n    log_r_cots     log_K_cots log_sigma_cots log_sigma_fast log_sigma_slow \n    -0.5512109     -0.2105957     -0.7013179     -0.1776462      0.1033197 \nConvergence message: relative convergence (4) \nNumber of iterations: 20 \nObjective function value: 90.51043 \nGradient at solution for phase 1 :\n              [,1]          [,2]         [,3]          [,4]         [,5]\n[1,] -1.524942e-05 -2.818794e-05 1.760877e-05 -4.482912e-06 1.995532e-05\nPhase 2 \nInitial parameter values for phase 2 :\nlog_K_cots_half  log_alpha_fast  log_alpha_slow      log_r_fast      log_r_slow \n            2.5            -2.0            -3.0            -0.5            -1.0 \n         w_fast          w_slow \n            1.0             0.2 \nFinal parameter values for phase 2 :\nlog_K_cots_half  log_alpha_fast  log_alpha_slow      log_r_fast      log_r_slow \n     2.31355528      0.81083937      0.60864158     -1.86527099    -18.82767158 \n         w_fast          w_slow \n    -0.04257521      4.25709216 \nConvergence message: relative convergence (4) \nNumber of iterations: 67 \nObjective function value: 72.36305 \nGradient at solution for phase 2 :\n              [,1]          [,2]         [,3]         [,4]         [,5] [,6]\n[1,] -4.253688e-08 -1.306057e-05 -3.76354e-06 1.149351e-05 1.305407e-08    0\n            [,7]\n[1,] 9.80747e-09\nPhase 3 \nInitial parameter values for phase 3 :\n  log_K_fast   log_K_slow log_beta_sst  log_imm_eff \n           3            3           -2           -2 \nFinal parameter values for phase 3 :\n  log_K_fast   log_K_slow log_beta_sst  log_imm_eff \n   3.0893788    3.0000014   -0.3353018   -1.3211579 \nConvergence message: relative convergence (4) \nNumber of iterations: 20 \nObjective function value: 69.7716 \nGradient at solution for phase 3 :\n             [,1]          [,2]         [,3]          [,4]\n[1,] 4.675513e-06 -3.302902e-07 1.440874e-05 -1.196519e-06\nFinal Phase\nInitial parameter values for final phase:\n     log_r_cots      log_K_cots log_K_cots_half  log_alpha_fast  log_alpha_slow \n    -0.55121094     -0.21059566      2.31355528      0.81083937      0.60864158 \n     log_r_fast      log_r_slow      log_K_fast      log_K_slow    log_beta_sst \n    -1.86527099    -18.82767158      3.08937884      3.00000141     -0.33530183 \n    log_imm_eff  log_sigma_cots  log_sigma_fast  log_sigma_slow          w_fast \n    -1.32115790     -0.70131792     -0.17764621      0.10331969     -0.04257521 \n         w_slow \n     4.25709216 \nFinal parameter values for final phase:\n     log_r_cots      log_K_cots log_K_cots_half  log_alpha_fast  log_alpha_slow \n    -0.23937617      2.30262870      6.03100497      2.45689335      0.29559594 \n     log_r_fast      log_r_slow      log_K_fast      log_K_slow    log_beta_sst \n    -0.30151324    -18.82691212      3.61255463      3.00203782     -9.27992991 \n    log_imm_eff  log_sigma_cots  log_sigma_fast  log_sigma_slow          w_fast \n    -1.19649692     -0.88235339     -0.95297257     -0.93973232     -0.04257521 \n         w_slow \n    10.19351975 \nConvergence message: function evaluation limit reached without convergence (9) \nNumber of iterations: 134 \nObjective function value: 38.52712 \nGradient at solution for final phase:\n          [,1]      [,2]        [,3]       [,4]        [,5]       [,6]\n[1,] 0.1234812 0.1049989 -0.06478066 0.02540387 -0.01781372 -0.1424417\n              [,7]        [,8]         [,9]       [,10]        [,11]\n[1,] -1.711012e-07 -0.08007764 -3.44657e-07 0.001645139 -0.005283335\n            [,12]         [,13]         [,14] [,15]       [,16]\n[1,] 0.0004913427 -0.0009025127 -0.0004426876     0 0.006355083\nAll phases completed",
      "stderr": "Loading required package: TMB\nLoading required package: jsonlite\nhere() starts at /home/spi085/Documents/_Projects/SCCP-QuantModelling\nusing C++ compiler: \u2018g++ (Ubuntu 13.3.0-6ubuntu2~24.04) 13.3.0\u2019\nError in `$<-.data.frame`(`*tmp*`, \"found_value\", value = c(NA, NA, -0.239376168413251 : \n  replacement has 3 rows, data has 16\nCalls: $<- -> $<-.data.frame\nExecution halted"
    },
    "6": {
      "status": "ERROR",
      "message": "R script failed with return code 1",
      "stdout": "g++ -std=gnu++17 -I\"/usr/share/R/include\" -DNDEBUG -I\"/home/spi085/R/x86_64-pc-linux-gnu-library/4.4/TMB/include\" -I\"/home/spi085/R/x86_64-pc-linux-gnu-library/4.4/RcppEigen/include\"   -DTMB_EIGEN_DISABLE_WARNINGS   -DTMB_LIB_INIT=R_init_model  -DCPPAD_FRAMEWORK      -fpic  -O2  -c POPULATIONS/POPULATION_0016/INDIVIDUAL_DPUIUL42/model.cpp -o POPULATIONS/POPULATION_0016/INDIVIDUAL_DPUIUL42/model.o\ng++ -std=gnu++17 -shared -L/usr/lib/R/lib -Wl,-Bsymbolic-functions -flto=auto -ffat-lto-objects -Wl,-z,relro -o POPULATIONS/POPULATION_0016/INDIVIDUAL_DPUIUL42/model.so POPULATIONS/POPULATION_0016/INDIVIDUAL_DPUIUL42/model.o -L/usr/lib/R/lib -lR\nStarting model phases\nNumber of phases: 3 \nPhase 1 \nInitial parameter values for phase 1 :\n    log_r_cots     log_K_cots log_sigma_cots log_sigma_fast log_sigma_slow \n          -0.7           -1.0           -1.0           -1.0           -1.0 \nFinal parameter values for phase 1 :\n    log_r_cots     log_K_cots log_sigma_cots log_sigma_fast log_sigma_slow \n    -0.5512109     -0.2105957     -0.7013179     -0.1776462      0.1033197 \nConvergence message: relative convergence (4) \nNumber of iterations: 20 \nObjective function value: 90.51043 \nGradient at solution for phase 1 :\n              [,1]          [,2]         [,3]          [,4]         [,5]\n[1,] -1.524942e-05 -2.818794e-05 1.760877e-05 -4.482912e-06 1.995532e-05\nPhase 2 \nInitial parameter values for phase 2 :\nlog_K_cots_half  log_alpha_fast  log_alpha_slow      log_r_fast      log_r_slow \n            2.5            -2.0            -3.0            -0.5            -1.0 \n         w_fast          w_slow \n            1.0             0.2 \nFinal parameter values for phase 2 :\nlog_K_cots_half  log_alpha_fast  log_alpha_slow      log_r_fast      log_r_slow \n     2.31355528      0.81083937      0.60864158     -1.86527099    -18.82767158 \n         w_fast          w_slow \n    -0.04257521      4.25709216 \nConvergence message: relative convergence (4) \nNumber of iterations: 67 \nObjective function value: 72.36305 \nGradient at solution for phase 2 :\n              [,1]          [,2]         [,3]         [,4]         [,5] [,6]\n[1,] -4.253688e-08 -1.306057e-05 -3.76354e-06 1.149351e-05 1.305407e-08    0\n            [,7]\n[1,] 9.80747e-09\nPhase 3 \nInitial parameter values for phase 3 :\n  log_K_fast   log_K_slow log_beta_sst  log_imm_eff \n           3            3           -2           -2 \nFinal parameter values for phase 3 :\n  log_K_fast   log_K_slow log_beta_sst  log_imm_eff \n   3.0893788    3.0000014   -0.3353018   -1.3211579 \nConvergence message: relative convergence (4) \nNumber of iterations: 20 \nObjective function value: 69.7716 \nGradient at solution for phase 3 :\n             [,1]          [,2]         [,3]          [,4]\n[1,] 4.675513e-06 -3.302902e-07 1.440874e-05 -1.196519e-06\nFinal Phase\nInitial parameter values for final phase:\n     log_r_cots      log_K_cots log_K_cots_half  log_alpha_fast  log_alpha_slow \n    -0.55121094     -0.21059566      2.31355528      0.81083937      0.60864158 \n     log_r_fast      log_r_slow      log_K_fast      log_K_slow    log_beta_sst \n    -1.86527099    -18.82767158      3.08937884      3.00000141     -0.33530183 \n    log_imm_eff  log_sigma_cots  log_sigma_fast  log_sigma_slow          w_fast \n    -1.32115790     -0.70131792     -0.17764621      0.10331969     -0.04257521 \n         w_slow \n     4.25709216 \nFinal parameter values for final phase:\n     log_r_cots      log_K_cots log_K_cots_half  log_alpha_fast  log_alpha_slow \n    -0.23937617      2.30262870      6.03100497      2.45689335      0.29559594 \n     log_r_fast      log_r_slow      log_K_fast      log_K_slow    log_beta_sst \n    -0.30151324    -18.82691212      3.61255463      3.00203782     -9.27992991 \n    log_imm_eff  log_sigma_cots  log_sigma_fast  log_sigma_slow          w_fast \n    -1.19649692     -0.88235339     -0.95297257     -0.93973232     -0.04257521 \n         w_slow \n    10.19351975 \nConvergence message: function evaluation limit reached without convergence (9) \nNumber of iterations: 134 \nObjective function value: 38.52712 \nGradient at solution for final phase:\n          [,1]      [,2]        [,3]       [,4]        [,5]       [,6]\n[1,] 0.1234812 0.1049989 -0.06478066 0.02540387 -0.01781372 -0.1424417\n              [,7]        [,8]         [,9]       [,10]        [,11]\n[1,] -1.711012e-07 -0.08007764 -3.44657e-07 0.001645139 -0.005283335\n            [,12]         [,13]         [,14] [,15]       [,16]\n[1,] 0.0004913427 -0.0009025127 -0.0004426876     0 0.006355083\nAll phases completed",
      "stderr": "Loading required package: TMB\nLoading required package: jsonlite\nhere() starts at /home/spi085/Documents/_Projects/SCCP-QuantModelling\nusing C++ compiler: \u2018g++ (Ubuntu 13.3.0-6ubuntu2~24.04) 13.3.0\u2019\nError in `$<-.data.frame`(`*tmp*`, \"found_value\", value = c(NA, NA, -0.239376168413251 : \n  replacement has 3 rows, data has 16\nCalls: $<- -> $<-.data.frame\nExecution halted"
    },
    "7": {
      "status": "BROKEN"
    }
  }
}