Parent PNG files: ['POPULATIONS\\POPULATION_0008\\INDIVIDUAL_5FFDHB29\\cots_pred_comparison.png', 'POPULATIONS\\POPULATION_0008\\INDIVIDUAL_5FFDHB29\\fast_pred_comparison.png', 'POPULATIONS\\POPULATION_0008\\INDIVIDUAL_5FFDHB29\\slow_pred_comparison.png']
[?12l[?25hSkipping 
POPULATIONS\POPULATION_0008\INDIVIDUAL_WRIJ5LWA\mo
del.cpp that matches gitignore spec.
Skipping 
POPULATIONS\POPULATION_0008\INDIVIDUAL_WRIJ5LWA\pa
rameters.json that matches gitignore spec.
Skipping 
POPULATIONS\POPULATION_0008\INDIVIDUAL_WRIJ5LWA\in
tention.txt that matches gitignore spec.
Creating empty file 
POPULATIONS\POPULATION_0008\INDIVIDUAL_WRIJ5LWA\in
tention.txt
Added C:\Users\spi085\OneDrive - 
CSIRO\Documents\_Projects\SCCP-QuantModelling\POPU
LATIONS\POPULATION_0008\INDIVIDUAL_5FFDHB29\cots_p
red_comparison.png to read-only files.
Added C:\Users\spi085\OneDrive - 
CSIRO\Documents\_Projects\SCCP-QuantModelling\POPU
LATIONS\POPULATION_0008\INDIVIDUAL_5FFDHB29\fast_p
red_comparison.png to read-only files.
Added C:\Users\spi085\OneDrive - 
CSIRO\Documents\_Projects\SCCP-QuantModelling\POPU
LATIONS\POPULATION_0008\INDIVIDUAL_5FFDHB29\slow_p
red_comparison.png to read-only files.
Based on the comparison plots, I notice that the  
model underestimates the peaks in COTS populations
around 1990, which then affects coral predictions.
One ecological factor missing is the potential for
COTS populations to have density-dependent        
predation rates on corals - when COTS are more    
abundant, they may compete for coral resources,   
leading to reduced per-capita predation rates.    

I'll add a density-dependent modification to the  
predation terms:                                  

POPULATIONS\POPULATION_0008\INDIVIDUAL_WRIJ5LWA\in
tention.txt                                       

                                                  
 <<<<<<< SEARCH                                   
 =======                                          
 Added density-dependent reduction in per-capita  
 COTS predation rates when COTS populations are   
 high, representing competition for coral resourc 
 among COTS individuals. This is implemented      
 through a new parameter beta_cots that reduces   
 predation pressure as COTS density increases.    
 >>>>>>> REPLACE                                  
                                                  

POPULATIONS\POPULATION_0008\INDIVIDUAL_WRIJ5LWA\pa
rameters.json                                     

                                                  
 <<<<<<< SEARCH                                   
             "processed": true                    
         }                                        
     ]                                            
 }                                                
 =======                                          
             "processed": true                    
         },                                       
         {                                        
             "parameter": "beta_cots",            
             "value": 0.5,                        
             "description": "Density-dependent    
 reduction in COTS predation rate",               
             "source": "initial estimate",        
             "import_type": "PARAMETER",          
             "priority": 2,                       
             "enhanced_semantic_description":     
 "Strength of competition among COTS reducing     
 per-capita predation rates",                     
             "processed": true                    
         }                                        
     ]                                            
 }                                                
 >>>>>>> REPLACE                                  
                                                  

POPULATIONS\POPULATION_0008\INDIVIDUAL_WRIJ5LWA\mo
del.cpp                                           

                                                  
 <<<<<<< SEARCH                                   
   PARAMETER(temp_opt);    // Optimal temperature 
 for COTS                                         
   PARAMETER(temp_width);  // Temperature toleran 
 width                                            
 =======                                          
   PARAMETER(temp_opt);    // Optimal temperature 
 for COTS                                         
   PARAMETER(temp_width);  // Temperature toleran 
 width                                            
   PARAMETER(beta_cots);   // Density-dependent   
 reduction in predation                           
 >>>>>>> REPLACE                                  
                                                  

POPULATIONS\POPULATION_0008\INDIVIDUAL_WRIJ5LWA\mo
del.cpp                                           

                                                  
 <<<<<<< SEARCH                                   
     Type pred_pressure_slow = alpha_slow *       
 cots_pred(t) * pref_slow;                        
     Type pred_pressure_fast = alpha_fast *       
 cots_pred(t) * pref_fast;                        
 =======                                          
     // Density-dependent reduction in per-capita 
 predation                                        
     Type pred_reduction = Type(1.0) / (Type(1.0) 
 beta_cots * cots_pred(t));                       
                                                  
     Type pred_pressure_slow = alpha_slow *       
 cots_pred(t) * pref_slow * pred_reduction;       
     Type pred_pressure_fast = alpha_fast *       
 cots_pred(t) * pref_fast * pred_reduction;       
 >>>>>>> REPLACE                                  
                                                  

Tokens: 8.8k sent, 585 received. Cost: $0.04 
message, $0.04 session.
Committing 
POPULATIONS\POPULATION_0008\INDIVIDUAL_WRIJ5LWA\in
tention.txt before applying edits.
Committing 
POPULATIONS\POPULATION_0008\INDIVIDUAL_WRIJ5LWA\pa
rameters.json before applying edits.
Committing 
POPULATIONS\POPULATION_0008\INDIVIDUAL_WRIJ5LWA\mo
del.cpp before applying edits.
Unable to add C:\Users\spi085\OneDrive - 
CSIRO\Documents\_Projects\SCCP-QuantModelling\POPU
LATIONS\POPULATION_0008\INDIVIDUAL_WRIJ5LWA\intent
ion.txt: Cmd('git') failed due to: exit code(1)
  cmdline: git add C:\Users\spi085\OneDrive - 
CSIRO\Documents\_Projects\SCCP-QuantModelling\POPU
LATIONS\POPULATION_0008\INDIVIDUAL_WRIJ5LWA\intent
ion.txt
  stderr: 'The following paths are ignored by one 
of your .gitignore files:
POPULATIONS
hint: Use -f if you really want to add them.
hint: Turn this message off by running
hint: "git config advice.addIgnoredFile false"'
Unable to add C:\Users\spi085\OneDrive - 
CSIRO\Documents\_Projects\SCCP-QuantModelling\POPU
LATIONS\POPULATION_0008\INDIVIDUAL_WRIJ5LWA\model.
cpp: Cmd('git') failed due to: exit code(1)
  cmdline: git add C:\Users\spi085\OneDrive - 
CSIRO\Documents\_Projects\SCCP-QuantModelling\POPU
LATIONS\POPULATION_0008\INDIVIDUAL_WRIJ5LWA\model.
cpp
  stderr: 'The following paths are ignored by one 
of your .gitignore files:
POPULATIONS
hint: Use -f if you really want to add them.
hint: Turn this message off by running
hint: "git config advice.addIgnoredFile false"'
Unable to add C:\Users\spi085\OneDrive - 
CSIRO\Documents\_Projects\SCCP-QuantModelling\POPU
LATIONS\POPULATION_0008\INDIVIDUAL_WRIJ5LWA\parame
ters.json: Cmd('git') failed due to: exit code(1)
  cmdline: git add C:\Users\spi085\OneDrive - 
CSIRO\Documents\_Projects\SCCP-QuantModelling\POPU
LATIONS\POPULATION_0008\INDIVIDUAL_WRIJ5LWA\parame
ters.json
  stderr: 'The following paths are ignored by one 
of your .gitignore files:
POPULATIONS
hint: Use -f if you really want to add them.
hint: Turn this message off by running
hint: "git config advice.addIgnoredFile false"'
Unable to commit: Cmd('git') failed due to: exit 
code(1)
  cmdline: git commit -m feat: Add new individual 
WRIJ5LWA with intention, model, and parameters 
--no-verify -- C:\Users\spi085\OneDrive - 
CSIRO\Documents\_Projects\SCCP-QuantModelling\POPU
LATIONS\POPULATION_0008\INDIVIDUAL_WRIJ5LWA\intent
ion.txt C:\Users\spi085\OneDrive - 
CSIRO\Documents\_Projects\SCCP-QuantModelling\POPU
LATIONS\POPULATION_0008\INDIVIDUAL_WRIJ5LWA\model.
cpp C:\Users\spi085\OneDrive - 
CSIRO\Documents\_Projects\SCCP-QuantModelling\POPU
LATIONS\POPULATION_0008\INDIVIDUAL_WRIJ5LWA\parame
ters.json
  stderr: 'error: pathspec 
'C:\Users\spi085\OneDrive - 
CSIRO\Documents\_Projects\SCCP-QuantModelling\POPU
LATIONS\POPULATION_0008\INDIVIDUAL_WRIJ5LWA\intent
ion.txt' did not match any file(s) known to git
error: pathspec 'C:\Users\spi085\OneDrive - 
CSIRO\Documents\_Projects\SCCP-QuantModelling\POPU
LATIONS\POPULATION_0008\INDIVIDUAL_WRIJ5LWA\model.
cpp' did not match any file(s) known to git
error: pathspec 'C:\Users\spi085\OneDrive - 
CSIRO\Documents\_Projects\SCCP-QuantModelling\POPU
LATIONS\POPULATION_0008\INDIVIDUAL_WRIJ5LWA\parame
ters.json' did not match any file(s) known to git'
Applied edit to 
POPULATIONS\POPULATION_0008\INDIVIDUAL_WRIJ5LWA\in
tention.txt
Applied edit to 
POPULATIONS\POPULATION_0008\INDIVIDUAL_WRIJ5LWA\mo
del.cpp
Applied edit to 
POPULATIONS\POPULATION_0008\INDIVIDUAL_WRIJ5LWA\pa
rameters.json
Improved existing model in individual: POPULATIONS\POPULATION_0008\INDIVIDUAL_WRIJ5LWA
Validating model for data leakage...
Opening file: POPULATIONS\POPULATION_0008\INDIVIDUAL_WRIJ5LWA\model.cpp
File read successfully
Extracting vectors...
Found data vectors: {'cotsimm_dat', 'cots_dat', 'fast_dat', 'sst_dat', 'slow_dat'}
Found prediction vectors: {'cots_pred', 'fast_pred', 'slow_pred'}
Found reported vectors: {'fast_pred', 'sigma_cots', 'sigma_slow', 'cots_pred', 'sigma_fast', 'slow_pred'}
Finding initial conditions...
Found 3 initial conditions
Finding time-stepping loop...
Found loop from line 53 to 81
Found response variables: {'slow_dat', 'fast_dat', 'cots_dat'}
[93mRunning model for individual...[0m
[0mIndividual directory: POPULATIONS\POPULATION_0008\INDIVIDUAL_WRIJ5LWA[0m
[93mR script stdout:[0m
[0mg++ -std=gnu++17  -I"C:/Users/spi085/AppData/Local/Programs/R/R-4.4.1/include" -DNDEBUG -I"C:/Users/spi085/AppData/Local/Programs/R/R-44~1.1/library/TMB/include" -I"C:/Users/spi085/AppData/Local/Programs/R/R-44~1.1/library/RCPPEI~1/include"   -DTMB_EIGEN_DISABLE_WARNINGS   -DTMB_LIB_INIT=R_init_model  -DCPPAD_FRAMEWORK    -I"C:/rtools44/x86_64-w64-mingw32.static.posix/include"     -O2 -Wa,-mbig-obj -c POPULATIONS//POPULATION_0008//INDIVIDUAL_WRIJ5LWA/model.cpp -o POPULATIONS//POPULATION_0008//INDIVIDUAL_WRIJ5LWA/model.o
g++ -std=gnu++17 -shared -s -static-libgcc -o POPULATIONS//POPULATION_0008//INDIVIDUAL_WRIJ5LWA/model.dll tmp.def POPULATIONS//POPULATION_0008//INDIVIDUAL_WRIJ5LWA/model.o -LC:/rtools44/x86_64-w64-mingw32.static.posix/lib/x64 -LC:/rtools44/x86_64-w64-mingw32.static.posix/lib -LC:/Users/spi085/AppData/Local/Programs/R/R-4.4.1/bin/x64 -lR[0m
[93mR script stderr:[0m
[0mLoading required package: TMB
Loading required package: jsonlite
here() starts at C:/Users/spi085/OneDrive - CSIRO/Documents/_Projects/SCCP-QuantModelling
using C++ compiler: 'G__~1.EXE (GCC) 13.2.0'
C:\rtools44\x86_64-w64-mingw32.static.posix\bin/ld.exe: cannot export _ZN5CppAD6ADTapeINS_2ADINS1_IdEEEEE13RecordCondExpENS_9CompareOpERNS1_IS3_EERKS6_S9_S9_S9_: symbol not defined
C:\rtools44\x86_64-w64-mingw32.static.posix\bin/ld.exe: cannot export _ZN5CppAD9CondExpOpINS_2ADINS1_IdEEEEEENS1_IT_EENS_9CompareOpERKS5_S8_S8_S8_: symbol not defined
C:\rtools44\x86_64-w64-mingw32.static.posix\bin/ld.exe: cannot export _ZN5CppADgeINS_2ADIdEEEEbRKNS1_IT_EES6_: symbol not defined
C:\rtools44\x86_64-w64-mingw32.static.posix\bin/ld.exe: cannot export _ZN5CppADleINS_2ADIdEEEEbRKNS1_IT_EES6_: symbol not defined
C:\rtools44\x86_64-w64-mingw32.static.posix\bin/ld.exe: cannot export _ZN5CppADltINS_2ADIdEEEEbRKNS1_IT_EES6_: symbol not defined
collect2.exe: error: ld returned 1 exit status
Error in inDL(x, as.logical(local), as.logical(now), ...) : 
  unable to load shared object 'C:/Users/spi085/OneDrive - CSIRO/Documents/_Projects/SCCP-QuantModelling/POPULATIONS//POPULATION_0008//INDIVIDUAL_WRIJ5LWA/model.dll':
  LoadLibrary failure:  The specified module could not be found.
Calls: dyn.load -> inDL
Execution halted[0m
[91mR script failed with return code 1[0m
MODEL RUN FINISHED
Error: Objective value is None
Initial run failed. Attempting to fix...
Fixing broken model iteration: 0

tmp.def
C:\Users\spi085\OneDrive - 
CSIRO\Documents\_Projects\SCCP-QuantModelling\tmp.
def: file not found error
C:\Users\spi085\OneDrive - 
CSIRO\Documents\_Projects\SCCP-QuantModelling\tmp.
def: file not found error
Dropping tmp.def from the chat.
The compilation error suggests issues with        
conditional expressions. Let's simplify the model 
by using a more straightforward approach to       
implementing the density-dependent predation:     

POPULATIONS\POPULATION_0008\INDIVIDUAL_WRIJ5LWA\mo
del.cpp                                           

                                                  
 <<<<<<< SEARCH                                   
     // Ensure predictions stay positive          
     slow_pred(t) = slow_pred(t) > Type(0.0) ?    
 slow_pred(t) : Type(0.0);                        
     fast_pred(t) = fast_pred(t) > Type(0.0) ?    
 fast_pred(t) : Type(0.0);                        
 =======                                          
     // Ensure predictions stay positive using    
 max()                                            
     slow_pred(t) = max(slow_pred(t), Type(0.0)); 
     fast_pred(t) = max(fast_pred(t), Type(0.0)); 
 >>>>>>> REPLACE                                  
                                                  

This change replaces the ternary operators with   
TMB's built-in max() function which should be more
reliable. The density-dependent predation logic   
remains the same but uses a more TMB-friendly     
approach to handling bounds.                      

Tokens: 11k sent, 216 received. Cost: $0.03 
message, $0.07 session.
Committing 
POPULATIONS\POPULATION_0008\INDIVIDUAL_WRIJ5LWA\mo
del.cpp before applying edits.
Unable to add C:\Users\spi085\OneDrive - 
CSIRO\Documents\_Projects\SCCP-QuantModelling\POPU
LATIONS\POPULATION_0008\INDIVIDUAL_WRIJ5LWA\model.
cpp: Cmd('git') failed due to: exit code(1)
  cmdline: git add C:\Users\spi085\OneDrive - 
CSIRO\Documents\_Projects\SCCP-QuantModelling\POPU
LATIONS\POPULATION_0008\INDIVIDUAL_WRIJ5LWA\model.
cpp
  stderr: 'The following paths are ignored by one 
of your .gitignore files:
POPULATIONS
hint: Use -f if you really want to add them.
hint: Turn this message off by running
hint: "git config advice.addIgnoredFile false"'
Unable to commit: Cmd('git') failed due to: exit 
code(1)
  cmdline: git commit -m feat: Add model.cpp for 
INDIVIDUAL_WRIJ5LWA in population 0008 --no-verify
-- C:\Users\spi085\OneDrive - 
CSIRO\Documents\_Projects\SCCP-QuantModelling\POPU
LATIONS\POPULATION_0008\INDIVIDUAL_WRIJ5LWA\model.
cpp
  stderr: 'error: pathspec 
'C:\Users\spi085\OneDrive - 
CSIRO\Documents\_Projects\SCCP-QuantModelling\POPU
LATIONS\POPULATION_0008\INDIVIDUAL_WRIJ5LWA\model.
cpp' did not match any file(s) known to git'
Applied edit to 
POPULATIONS\POPULATION_0008\INDIVIDUAL_WRIJ5LWA\mo
del.cpp
Validating fixed model for data leakage...
Opening file: POPULATIONS\POPULATION_0008\INDIVIDUAL_WRIJ5LWA\model.cpp
File read successfully
Extracting vectors...
Found data vectors: {'cotsimm_dat', 'cots_dat', 'fast_dat', 'sst_dat', 'slow_dat'}
Found prediction vectors: {'cots_pred', 'fast_pred', 'slow_pred'}
Found reported vectors: {'fast_pred', 'sigma_cots', 'sigma_slow', 'cots_pred', 'sigma_fast', 'slow_pred'}
Finding initial conditions...
Found 3 initial conditions
Finding time-stepping loop...
Found loop from line 53 to 81
Found response variables: {'slow_dat', 'fast_dat', 'cots_dat'}
[93mRunning model for individual...[0m
[0mIndividual directory: POPULATIONS\POPULATION_0008\INDIVIDUAL_WRIJ5LWA[0m
[93mRemoved old compilation: model.o[0m
[93mR script stdout:[0m
[0mg++ -std=gnu++17  -I"C:/Users/spi085/AppData/Local/Programs/R/R-4.4.1/include" -DNDEBUG -I"C:/Users/spi085/AppData/Local/Programs/R/R-44~1.1/library/TMB/include" -I"C:/Users/spi085/AppData/Local/Programs/R/R-44~1.1/library/RCPPEI~1/include"   -DTMB_EIGEN_DISABLE_WARNINGS   -DTMB_LIB_INIT=R_init_model  -DCPPAD_FRAMEWORK    -I"C:/rtools44/x86_64-w64-mingw32.static.posix/include"     -O2 -Wa,-mbig-obj -c POPULATIONS//POPULATION_0008//INDIVIDUAL_WRIJ5LWA/model.cpp -o POPULATIONS//POPULATION_0008//INDIVIDUAL_WRIJ5LWA/model.o[0m
[93mR script stderr:[0m
[0mLoading required package: TMB
Loading required package: jsonlite
here() starts at C:/Users/spi085/OneDrive - CSIRO/Documents/_Projects/SCCP-QuantModelling
using C++ compiler: 'G__~1.EXE (GCC) 13.2.0'
POPULATIONS//POPULATION_0008//INDIVIDUAL_WRIJ5LWA/model.cpp: In instantiation of 'Type objective_function<Type>::operator()() [with Type = CppAD::AD<double>]':
C:/Users/spi085/AppData/Local/Programs/R/R-4.4.1/library/TMB/include/tmb_core.hpp:1308:6:   required from here
POPULATIONS//POPULATION_0008//INDIVIDUAL_WRIJ5LWA/model.cpp:79:23: error: no matching function for call to 'max(Eigen::DenseCoeffsBase<Eigen::Array<CppAD::AD<double>, -1, 1, 0, -1, 1>, 1>::Scalar&, CppAD::AD<double>)'
   79 |     slow_pred(t) = max(slow_pred(t), Type(0.0));
      |                    ~~~^~~~~~~~~~~~~~~~~~~~~~~~~
In file included from C:/Users/spi085/AppData/Local/Programs/R/R-4.4.1/library/TMB/include/TMB.hpp:215,
                 from POPULATIONS//POPULATION_0008//INDIVIDUAL_WRIJ5LWA/model.cpp:1:
C:/Users/spi085/AppData/Local/Programs/R/R-4.4.1/library/TMB/include/convenience.hpp:145:6: note: candidate: 'template<class Type> Type max(const tmbutils::vector<Type>&)'
  145 | Type max(const vector<Type> &x)
      |      ^~~
C:/Users/spi085/AppData/Local/Programs/R/R-4.4.1/library/TMB/include/convenience.hpp:145:6: note:   template argument deduction/substitution failed:
POPULATIONS//POPULATION_0008//INDIVIDUAL_WRIJ5LWA/model.cpp:79:23: note:   'Eigen::DenseCoeffsBase<Eigen::Array<CppAD::AD<double>, -1, 1, 0, -1, 1>, 1>::Scalar' {aka 'CppAD::AD<double>'} is not derived from 'const tmbutils::vector<Type>'
   79 |     slow_pred(t) = max(slow_pred(t), Type(0.0));
      |                    ~~~^~~~~~~~~~~~~~~~~~~~~~~~~
POPULATIONS//POPULATION_0008//INDIVIDUAL_WRIJ5LWA/model.cpp:80:23: error: no matching function for call to 'max(Eigen::DenseCoeffsBase<Eigen::Array<CppAD::AD<double>, -1, 1, 0, -1, 1>, 1>::Scalar&, CppAD::AD<double>)'
   80 |     fast_pred(t) = max(fast_pred(t), Type(0.0));
      |                    ~~~^~~~~~~~~~~~~~~~~~~~~~~~~
C:/Users/spi085/AppData/Local/Programs/R/R-4.4.1/library/TMB/include/convenience.hpp:145:6: note: candidate: 'template<class Type> Type max(const tmbutils::vector<Type>&)'
  145 | Type max(const vector<Type> &x)
      |      ^~~
C:/Users/spi085/AppData/Local/Programs/R/R-4.4.1/library/TMB/include/convenience.hpp:145:6: note:   template argument deduction/substitution failed:
POPULATIONS//POPULATION_0008//INDIVIDUAL_WRIJ5LWA/model.cpp:80:23: note:   'Eigen::DenseCoeffsBase<Eigen::Array<CppAD::AD<double>, -1, 1, 0, -1, 1>, 1>::Scalar' {aka 'CppAD::AD<double>'} is not derived from 'const tmbutils::vector<Type>'
   80 |     fast_pred(t) = max(fast_pred(t), Type(0.0));
      |                    ~~~^~~~~~~~~~~~~~~~~~~~~~~~~
POPULATIONS//POPULATION_0008//INDIVIDUAL_WRIJ5LWA/model.cpp: In instantiation of 'Type objective_function<Type>::operator()() [with Type = double]':
C:/Users/spi085/AppData/Local/Programs/R/R-4.4.1/library/TMB/include/tmb_core.hpp:2031:7:   required from here
POPULATIONS//POPULATION_0008//INDIVIDUAL_WRIJ5LWA/model.cpp:79:23: error: no matching function for call to 'max(Eigen::DenseCoeffsBase<Eigen::Array<double, -1, 1>, 1>::Scalar&, double)'
   79 |     slow_pred(t) = max(slow_pred(t), Type(0.0));
      |                    ~~~^~~~~~~~~~~~~~~~~~~~~~~~~
C:/Users/spi085/AppData/Local/Programs/R/R-4.4.1/library/TMB/include/convenience.hpp:145:6: note: candidate: 'template<class Type> Type max(const tmbutils::vector<Type>&)'
  145 | Type max(const vector<Type> &x)
      |      ^~~
C:/Users/spi085/AppData/Local/Programs/R/R-4.4.1/library/TMB/include/convenience.hpp:145:6: note:   template argument deduction/substitution failed:
POPULATIONS//POPULATION_0008//INDIVIDUAL_WRIJ5LWA/model.cpp:79:23: note:   mismatched types 'const tmbutils::vector<Type>' and 'Eigen::DenseCoeffsBase<Eigen::Array<double, -1, 1>, 1>::Scalar' {aka 'double'}
   79 |     slow_pred(t) = max(slow_pred(t), Type(0.0));
      |                    ~~~^~~~~~~~~~~~~~~~~~~~~~~~~
POPULATIONS//POPULATION_0008//INDIVIDUAL_WRIJ5LWA/model.cpp:80:23: error: no matching function for call to 'max(Eigen::DenseCoeffsBase<Eigen::Array<double, -1, 1>, 1>::Scalar&, double)'
   80 |     fast_pred(t) = max(fast_pred(t), Type(0.0));
      |                    ~~~^~~~~~~~~~~~~~~~~~~~~~~~~
C:/Users/spi085/AppData/Local/Programs/R/R-4.4.1/library/TMB/include/convenience.hpp:145:6: note: candidate: 'template<class Type> Type max(const tmbutils::vector<Type>&)'
  145 | Type max(const vector<Type> &x)
      |      ^~~
C:/Users/spi085/AppData/Local/Programs/R/R-4.4.1/library/TMB/include/convenience.hpp:145:6: note:   template argument deduction/substitution failed:
POPULATIONS//POPULATION_0008//INDIVIDUAL_WRIJ5LWA/model.cpp:80:23: note:   mismatched types 'const tmbutils::vector<Type>' and 'Eigen::DenseCoeffsBase<Eigen::Array<double, -1, 1>, 1>::Scalar' {aka 'double'}
   80 |     fast_pred(t) = max(fast_pred(t), Type(0.0));
      |                    ~~~^~~~~~~~~~~~~~~~~~~~~~~~~
POPULATIONS//POPULATION_0008//INDIVIDUAL_WRIJ5LWA/model.cpp: In instantiation of 'Type objective_function<Type>::operator()() [with Type = CppAD::AD<CppAD::AD<double> >]':
C:/Users/spi085/AppData/Local/Programs/R/R-4.4.1/library/TMB/include/tmb_core.hpp:913:29:   required from 'Type objective_function<Type>::evalUserTemplate() [with Type = CppAD::AD<CppAD::AD<double> >]'
C:/Users/spi085/AppData/Local/Programs/R/R-4.4.1/library/TMB/include/tmb_core.hpp:2112:26:   required from here
POPULATIONS//POPULATION_0008//INDIVIDUAL_WRIJ5LWA/model.cpp:79:23: error: no matching function for call to 'max(Eigen::DenseCoeffsBase<Eigen::Array<CppAD::AD<CppAD::AD<double> >, -1, 1, 0, -1, 1>, 1>::Scalar&, CppAD::AD<CppAD::AD<double> >)'
   79 |     slow_pred(t) = max(slow_pred(t), Type(0.0));
      |                    ~~~^~~~~~~~~~~~~~~~~~~~~~~~~
C:/Users/spi085/AppData/Local/Programs/R/R-4.4.1/library/TMB/include/convenience.hpp:145:6: note: candidate: 'template<class Type> Type max(const tmbutils::vector<Type>&)'
  145 | Type max(const vector<Type> &x)
      |      ^~~
C:/Users/spi085/AppData/Local/Programs/R/R-4.4.1/library/TMB/include/convenience.hpp:145:6: note:   template argument deduction/substitution failed:
POPULATIONS//POPULATION_0008//INDIVIDUAL_WRIJ5LWA/model.cpp:79:23: note:   'Eigen::DenseCoeffsBase<Eigen::Array<CppAD::AD<CppAD::AD<double> >, -1, 1, 0, -1, 1>, 1>::Scalar' {aka 'CppAD::AD<CppAD::AD<double> >'} is not derived from 'const tmbutils::vector<Type>'
   79 |     slow_pred(t) = max(slow_pred(t), Type(0.0));
      |                    ~~~^~~~~~~~~~~~~~~~~~~~~~~~~
POPULATIONS//POPULATION_0008//INDIVIDUAL_WRIJ5LWA/model.cpp:80:23: error: no matching function for call to 'max(Eigen::DenseCoeffsBase<Eigen::Array<CppAD::AD<CppAD::AD<double> >, -1, 1, 0, -1, 1>, 1>::Scalar&, CppAD::AD<CppAD::AD<double> >)'
   80 |     fast_pred(t) = max(fast_pred(t), Type(0.0));
      |                    ~~~^~~~~~~~~~~~~~~~~~~~~~~~~
C:/Users/spi085/AppData/Local/Programs/R/R-4.4.1/library/TMB/include/convenience.hpp:145:6: note: candidate: 'template<class Type> Type max(const tmbutils::vector<Type>&)'
  145 | Type max(const vector<Type> &x)
      |      ^~~
C:/Users/spi085/AppData/Local/Programs/R/R-4.4.1/library/TMB/include/convenience.hpp:145:6: note:   template argument deduction/substitution failed:
POPULATIONS//POPULATION_0008//INDIVIDUAL_WRIJ5LWA/model.cpp:80:23: note:   'Eigen::DenseCoeffsBase<Eigen::Array<CppAD::AD<CppAD::AD<double> >, -1, 1, 0, -1, 1>, 1>::Scalar' {aka 'CppAD::AD<CppAD::AD<double> >'} is not derived from 'const tmbutils::vector<Type>'
   80 |     fast_pred(t) = max(fast_pred(t), Type(0.0));
      |                    ~~~^~~~~~~~~~~~~~~~~~~~~~~~~
POPULATIONS//POPULATION_0008//INDIVIDUAL_WRIJ5LWA/model.cpp: In instantiation of 'Type objective_function<Type>::operator()() [with Type = CppAD::AD<CppAD::AD<CppAD::AD<double> > >]':
C:/Users/spi085/AppData/Local/Programs/R/R-4.4.1/library/TMB/include/tmb_core.hpp:913:29:   required from 'Type objective_function<Type>::evalUserTemplate() [with Type = CppAD::AD<CppAD::AD<CppAD::AD<double> > >]'
C:/Users/spi085/AppData/Local/Programs/R/R-4.4.1/library/TMB/include/tmb_core.hpp:2361:28:   required from here
POPULATIONS//POPULATION_0008//INDIVIDUAL_WRIJ5LWA/model.cpp:79:23: error: no matching function for call to 'max(Eigen::DenseCoeffsBase<Eigen::Array<CppAD::AD<CppAD::AD<CppAD::AD<double> > >, -1, 1, 0, -1, 1>, 1>::Scalar&, CppAD::AD<CppAD::AD<CppAD::AD<double> > >)'
   79 |     slow_pred(t) = max(slow_pred(t), Type(0.0));
      |                    ~~~^~~~~~~~~~~~~~~~~~~~~~~~~
C:/Users/spi085/AppData/Local/Programs/R/R-4.4.1/library/TMB/include/convenience.hpp:145:6: note: candidate: 'template<class Type> Type max(const tmbutils::vector<Type>&)'
  145 | Type max(const vector<Type> &x)
      |      ^~~
C:/Users/spi085/AppData/Local/Programs/R/R-4.4.1/library/TMB/include/convenience.hpp:145:6: note:   template argument deduction/substitution failed:
POPULATIONS//POPULATION_0008//INDIVIDUAL_WRIJ5LWA/model.cpp:79:23: note:   'Eigen::DenseCoeffsBase<Eigen::Array<CppAD::AD<CppAD::AD<CppAD::AD<double> > >, -1, 1, 0, -1, 1>, 1>::Scalar' {aka 'CppAD::AD<CppAD::AD<CppAD::AD<double> > >'} is not derived from 'const tmbutils::vector<Type>'
   79 |     slow_pred(t) = max(slow_pred(t), Type(0.0));
      |                    ~~~^~~~~~~~~~~~~~~~~~~~~~~~~
POPULATIONS//POPULATION_0008//INDIVIDUAL_WRIJ5LWA/model.cpp:80:23: error: no matching function for call to 'max(Eigen::DenseCoeffsBase<Eigen::Array<CppAD::AD<CppAD::AD<CppAD::AD<double> > >, -1, 1, 0, -1, 1>, 1>::Scalar&, CppAD::AD<CppAD::AD<CppAD::AD<double> > >)'
   80 |     fast_pred(t) = max(fast_pred(t), Type(0.0));
      |                    ~~~^~~~~~~~~~~~~~~~~~~~~~~~~
C:/Users/spi085/AppData/Local/Programs/R/R-4.4.1/library/TMB/include/convenience.hpp:145:6: note: candidate: 'template<class Type> Type max(const tmbutils::vector<Type>&)'
  145 | Type max(const vector<Type> &x)
      |      ^~~
C:/Users/spi085/AppData/Local/Programs/R/R-4.4.1/library/TMB/include/convenience.hpp:145:6: note:   template argument deduction/substitution failed:
POPULATIONS//POPULATION_0008//INDIVIDUAL_WRIJ5LWA/model.cpp:80:23: note:   'Eigen::DenseCoeffsBase<Eigen::Array<CppAD::AD<CppAD::AD<CppAD::AD<double> > >, -1, 1, 0, -1, 1>, 1>::Scalar' {aka 'CppAD::AD<CppAD::AD<CppAD::AD<double> > >'} is not derived from 'const tmbutils::vector<Type>'
   80 |     fast_pred(t) = max(fast_pred(t), Type(0.0));
      |                    ~~~^~~~~~~~~~~~~~~~~~~~~~~~~
make: *** [C:/Users/spi085/AppData/Local/Programs/R/R-4.4.1/etc/x64/Makeconf:296: POPULATIONS//POPULATION_0008//INDIVIDUAL_WRIJ5LWA/model.o] Error 1
Error in TMB::compile(file.path(individual_dir, model_file), flags = flags,  : 
  Compilation failed
Error: Compilation failed
Execution halted[0m
[91mModel failed to compile.[0m
Fixing broken model iteration: 1
Let's fix the compilation error by using a        
conditional operator instead of max(). Here's the 
change:                                           

POPULATIONS\POPULATION_0008\INDIVIDUAL_WRIJ5LWA\mo
del.cpp                                           

                                                  
 <<<<<<< SEARCH                                   
     // Ensure predictions stay positive using    
 max()                                            
     slow_pred(t) = max(slow_pred(t), Type(0.0)); 
     fast_pred(t) = max(fast_pred(t), Type(0.0)); 
 =======                                          
     // Ensure predictions stay positive using    
 conditional operator                             
     slow_pred(t) = slow_pred(t) > Type(0.0) ?    
 slow_pred(t) : Type(0.0);                        
     fast_pred(t) = fast_pred(t) > Type(0.0) ?    
 fast_pred(t) : Type(0.0);                        
 >>>>>>> REPLACE                                  
                                                  

This maintains the same functionality but uses    
TMB-compatible syntax.                            

Tokens: 15k sent, 180 received. Cost: $0.05 
message, $0.12 session.
Committing 
POPULATIONS\POPULATION_0008\INDIVIDUAL_WRIJ5LWA\mo
del.cpp before applying edits.
Unable to add C:\Users\spi085\OneDrive - 
CSIRO\Documents\_Projects\SCCP-QuantModelling\POPU
LATIONS\POPULATION_0008\INDIVIDUAL_WRIJ5LWA\model.
cpp: Cmd('git') failed due to: exit code(1)
  cmdline: git add C:\Users\spi085\OneDrive - 
CSIRO\Documents\_Projects\SCCP-QuantModelling\POPU
LATIONS\POPULATION_0008\INDIVIDUAL_WRIJ5LWA\model.
cpp
  stderr: 'The following paths are ignored by one 
of your .gitignore files:
POPULATIONS
hint: Use -f if you really want to add them.
hint: Turn this message off by running
hint: "git config advice.addIgnoredFile false"'
Unable to commit: Cmd('git') failed due to: exit 
code(1)
  cmdline: git commit -m feat: Add model.cpp for 
INDIVIDUAL_WRIJ5LWA in population 0008 --no-verify
-- C:\Users\spi085\OneDrive - 
CSIRO\Documents\_Projects\SCCP-QuantModelling\POPU
LATIONS\POPULATION_0008\INDIVIDUAL_WRIJ5LWA\model.
cpp
  stderr: 'error: pathspec 
'C:\Users\spi085\OneDrive - 
CSIRO\Documents\_Projects\SCCP-QuantModelling\POPU
LATIONS\POPULATION_0008\INDIVIDUAL_WRIJ5LWA\model.
cpp' did not match any file(s) known to git'
Applied edit to 
POPULATIONS\POPULATION_0008\INDIVIDUAL_WRIJ5LWA\mo
del.cpp
Validating fixed model for data leakage...
Opening file: POPULATIONS\POPULATION_0008\INDIVIDUAL_WRIJ5LWA\model.cpp
File read successfully
Extracting vectors...
Found data vectors: {'cotsimm_dat', 'cots_dat', 'fast_dat', 'sst_dat', 'slow_dat'}
Found prediction vectors: {'cots_pred', 'fast_pred', 'slow_pred'}
Found reported vectors: {'fast_pred', 'sigma_cots', 'sigma_slow', 'cots_pred', 'sigma_fast', 'slow_pred'}
Finding initial conditions...
Found 3 initial conditions
Finding time-stepping loop...
Found loop from line 53 to 81
Found response variables: {'slow_dat', 'fast_dat', 'cots_dat'}
[93mRunning model for individual...[0m
[0mIndividual directory: POPULATIONS\POPULATION_0008\INDIVIDUAL_WRIJ5LWA[0m
[93mR script stdout:[0m
[0mg++ -std=gnu++17  -I"C:/Users/spi085/AppData/Local/Programs/R/R-4.4.1/include" -DNDEBUG -I"C:/Users/spi085/AppData/Local/Programs/R/R-44~1.1/library/TMB/include" -I"C:/Users/spi085/AppData/Local/Programs/R/R-44~1.1/library/RCPPEI~1/include"   -DTMB_EIGEN_DISABLE_WARNINGS   -DTMB_LIB_INIT=R_init_model  -DCPPAD_FRAMEWORK    -I"C:/rtools44/x86_64-w64-mingw32.static.posix/include"     -O2 -Wa,-mbig-obj -c POPULATIONS//POPULATION_0008//INDIVIDUAL_WRIJ5LWA/model.cpp -o POPULATIONS//POPULATION_0008//INDIVIDUAL_WRIJ5LWA/model.o
g++ -std=gnu++17 -shared -s -static-libgcc -o POPULATIONS//POPULATION_0008//INDIVIDUAL_WRIJ5LWA/model.dll tmp.def POPULATIONS//POPULATION_0008//INDIVIDUAL_WRIJ5LWA/model.o -LC:/rtools44/x86_64-w64-mingw32.static.posix/lib/x64 -LC:/rtools44/x86_64-w64-mingw32.static.posix/lib -LC:/Users/spi085/AppData/Local/Programs/R/R-4.4.1/bin/x64 -lR
Starting model phases
Number of phases: 3 
Phase 1 
Initial parameter values for phase 1 :
    r_cots     r_slow     r_fast alpha_slow alpha_fast 
        NA         NA         NA         NA         NA 
Error in model phases: NA/NaN gradient evaluation[0m
[93mR script stderr:[0m
[0mLoading required package: TMB
Loading required package: jsonlite
here() starts at C:/Users/spi085/OneDrive - CSIRO/Documents/_Projects/SCCP-QuantModelling
using C++ compiler: 'G__~1.EXE (GCC) 13.2.0'
Error in value[[3L]](cond) : 
  Error in model phases: NA/NaN gradient evaluation
Calls: tryCatch -> tryCatchList -> tryCatchOne -> <Anonymous>
In addition: Warning message:
In nlminb(model$par, model$fn, model$gr) : NA/NaN function evaluation
Execution halted[0m
[91mR script failed with return code 1[0m
Fixing broken model iteration: 2

tmp.def
C:\Users\spi085\OneDrive - 
CSIRO\Documents\_Projects\SCCP-QuantModelling\tmp.
def: file not found error
C:\Users\spi085\OneDrive - 
CSIRO\Documents\_Projects\SCCP-QuantModelling\tmp.
def: file not found error
Dropping tmp.def from the chat.
The error suggests numerical instability in the   
gradient evaluation. Let's modify the model to    
improve numerical stability by:                   

 1 Adding bounds checking for the temperature     
   effect                                         
 2 Ensuring the predation reduction term stays    
   reasonable                                     

POPULATIONS\POPULATION_0008\INDIVIDUAL_WRIJ5LWA\mo
del.cpp                                           

                                                  
 <<<<<<< SEARCH                                   
     // 1. Temperature effect on COTS (Gaussian   
 response)                                        
     Type temp_effect = exp(-0.5 * pow((sst_dat(t 
 - temp_opt) / temp_width, 2));                   
 =======                                          
     // 1. Temperature effect on COTS (Gaussian   
 response with bounds)                            
     Type temp_diff = (sst_dat(t) - temp_opt) /   
 temp_width;                                      
     Type temp_effect = exp(-0.5 * pow(temp_diff, 
 2));                                             
     temp_effect = temp_effect > Type(0.01) ?     
 temp_effect : Type(0.01);  // Minimum effect     
 >>>>>>> REPLACE                                  
                                                  

POPULATIONS\POPULATION_0008\INDIVIDUAL_WRIJ5LWA\mo
del.cpp                                           

                                                  
 <<<<<<< SEARCH                                   
     // Density-dependent reduction in per-capita 
 predation                                        
     Type pred_reduction = Type(1.0) / (Type(1.0) 
 beta_cots * cots_pred(t));                       
 =======                                          
     // Density-dependent reduction in per-capita 
 predation (bounded)                              
     Type pred_reduction = Type(1.0) / (Type(1.0) 
 beta_cots * max(Type(0.0), min(cots_pred(t),     
 K_cots)));                                       
 >>>>>>> REPLACE                                  
                                                  

These changes ensure the temperature effect       
doesn't get too close to zero and bounds the      
predation reduction calculation to prevent        
numerical issues.                                 

Tokens: 16k sent, 358 received. Cost: $0.05 
message, $0.17 session.
Committing 
POPULATIONS\POPULATION_0008\INDIVIDUAL_WRIJ5LWA\mo
del.cpp before applying edits.
Unable to add C:\Users\spi085\OneDrive - 
CSIRO\Documents\_Projects\SCCP-QuantModelling\POPU
LATIONS\POPULATION_0008\INDIVIDUAL_WRIJ5LWA\model.
cpp: Cmd('git') failed due to: exit code(1)
  cmdline: git add C:\Users\spi085\OneDrive - 
CSIRO\Documents\_Projects\SCCP-QuantModelling\POPU
LATIONS\POPULATION_0008\INDIVIDUAL_WRIJ5LWA\model.
cpp
  stderr: 'The following paths are ignored by one 
of your .gitignore files:
POPULATIONS
hint: Use -f if you really want to add them.
hint: Turn this message off by running
hint: "git config advice.addIgnoredFile false"'
Unable to commit: Cmd('git') failed due to: exit 
code(1)
  cmdline: git commit -m feat: Add model.cpp for 
INDIVIDUAL_WRIJ5LWA in population 0008 --no-verify
-- C:\Users\spi085\OneDrive - 
CSIRO\Documents\_Projects\SCCP-QuantModelling\POPU
LATIONS\POPULATION_0008\INDIVIDUAL_WRIJ5LWA\model.
cpp
  stderr: 'error: pathspec 
'C:\Users\spi085\OneDrive - 
CSIRO\Documents\_Projects\SCCP-QuantModelling\POPU
LATIONS\POPULATION_0008\INDIVIDUAL_WRIJ5LWA\model.
cpp' did not match any file(s) known to git'
Applied edit to 
POPULATIONS\POPULATION_0008\INDIVIDUAL_WRIJ5LWA\mo
del.cpp
Validating fixed model for data leakage...
Opening file: POPULATIONS\POPULATION_0008\INDIVIDUAL_WRIJ5LWA\model.cpp
File read successfully
Extracting vectors...
Found data vectors: {'cotsimm_dat', 'cots_dat', 'fast_dat', 'sst_dat', 'slow_dat'}
Found prediction vectors: {'cots_pred', 'fast_pred', 'slow_pred'}
Found reported vectors: {'fast_pred', 'sigma_cots', 'sigma_slow', 'cots_pred', 'sigma_fast', 'slow_pred'}
Finding initial conditions...
Found 3 initial conditions
Finding time-stepping loop...
Found loop from line 53 to 83
Found response variables: {'slow_dat', 'fast_dat', 'cots_dat'}
[93mRunning model for individual...[0m
[0mIndividual directory: POPULATIONS\POPULATION_0008\INDIVIDUAL_WRIJ5LWA[0m
[93mRemoved old compilation: model.dll[0m
[93mRemoved old compilation: model.o[0m
[93mR script stdout:[0m
[0mg++ -std=gnu++17  -I"C:/Users/spi085/AppData/Local/Programs/R/R-4.4.1/include" -DNDEBUG -I"C:/Users/spi085/AppData/Local/Programs/R/R-44~1.1/library/TMB/include" -I"C:/Users/spi085/AppData/Local/Programs/R/R-44~1.1/library/RCPPEI~1/include"   -DTMB_EIGEN_DISABLE_WARNINGS   -DTMB_LIB_INIT=R_init_model  -DCPPAD_FRAMEWORK    -I"C:/rtools44/x86_64-w64-mingw32.static.posix/include"     -O2 -Wa,-mbig-obj -c POPULATIONS//POPULATION_0008//INDIVIDUAL_WRIJ5LWA/model.cpp -o POPULATIONS//POPULATION_0008//INDIVIDUAL_WRIJ5LWA/model.o[0m
[93mR script stderr:[0m
[0mLoading required package: TMB
Loading required package: jsonlite
here() starts at C:/Users/spi085/OneDrive - CSIRO/Documents/_Projects/SCCP-QuantModelling
using C++ compiler: 'G__~1.EXE (GCC) 13.2.0'
POPULATIONS//POPULATION_0008//INDIVIDUAL_WRIJ5LWA/model.cpp: In instantiation of 'Type objective_function<Type>::operator()() [with Type = CppAD::AD<double>]':
C:/Users/spi085/AppData/Local/Programs/R/R-4.4.1/library/TMB/include/tmb_core.hpp:1308:6:   required from here
POPULATIONS//POPULATION_0008//INDIVIDUAL_WRIJ5LWA/model.cpp:72:82: error: no matching function for call to 'min(Eigen::DenseCoeffsBase<Eigen::Array<CppAD::AD<double>, -1, 1, 0, -1, 1>, 1>::Scalar&, CppAD::AD<double>&)'
   72 |     Type pred_reduction = Type(1.0) / (Type(1.0) + beta_cots * max(Type(0.0), min(cots_pred(t), K_cots)));
      |                                                                               ~~~^~~~~~~~~~~~~~~~~~~~~~
In file included from C:/Users/spi085/AppData/Local/Programs/R/R-4.4.1/library/TMB/include/TMB.hpp:215,
                 from POPULATIONS//POPULATION_0008//INDIVIDUAL_WRIJ5LWA/model.cpp:1:
C:/Users/spi085/AppData/Local/Programs/R/R-4.4.1/library/TMB/include/convenience.hpp:156:6: note: candidate: 'template<class Type> Type min(const tmbutils::vector<Type>&)'
  156 | Type min(const vector<Type> &x)
      |      ^~~
C:/Users/spi085/AppData/Local/Programs/R/R-4.4.1/library/TMB/include/convenience.hpp:156:6: note:   template argument deduction/substitution failed:
POPULATIONS//POPULATION_0008//INDIVIDUAL_WRIJ5LWA/model.cpp:72:82: note:   'Eigen::DenseCoeffsBase<Eigen::Array<CppAD::AD<double>, -1, 1, 0, -1, 1>, 1>::Scalar' {aka 'CppAD::AD<double>'} is not derived from 'const tmbutils::vector<Type>'
   72 |     Type pred_reduction = Type(1.0) / (Type(1.0) + beta_cots * max(Type(0.0), min(cots_pred(t), K_cots)));
      |                                                                               ~~~^~~~~~~~~~~~~~~~~~~~~~
POPULATIONS//POPULATION_0008//INDIVIDUAL_WRIJ5LWA/model.cpp: In instantiation of 'Type objective_function<Type>::operator()() [with Type = double]':
C:/Users/spi085/AppData/Local/Programs/R/R-4.4.1/library/TMB/include/tmb_core.hpp:2031:7:   required from here
POPULATIONS//POPULATION_0008//INDIVIDUAL_WRIJ5LWA/model.cpp:72:82: error: no matching function for call to 'min(Eigen::DenseCoeffsBase<Eigen::Array<double, -1, 1>, 1>::Scalar&, double&)'
C:/Users/spi085/AppData/Local/Programs/R/R-4.4.1/library/TMB/include/convenience.hpp:156:6: note: candidate: 'template<class Type> Type min(const tmbutils::vector<Type>&)'
  156 | Type min(const vector<Type> &x)
      |      ^~~
C:/Users/spi085/AppData/Local/Programs/R/R-4.4.1/library/TMB/include/convenience.hpp:156:6: note:   template argument deduction/substitution failed:
POPULATIONS//POPULATION_0008//INDIVIDUAL_WRIJ5LWA/model.cpp:72:82: note:   mismatched types 'const tmbutils::vector<Type>' and 'Eigen::DenseCoeffsBase<Eigen::Array<double, -1, 1>, 1>::Scalar' {aka 'double'}
   72 |     Type pred_reduction = Type(1.0) / (Type(1.0) + beta_cots * max(Type(0.0), min(cots_pred(t), K_cots)));
      |                                                                               ~~~^~~~~~~~~~~~~~~~~~~~~~
POPULATIONS//POPULATION_0008//INDIVIDUAL_WRIJ5LWA/model.cpp: In instantiation of 'Type objective_function<Type>::operator()() [with Type = CppAD::AD<CppAD::AD<double> >]':
C:/Users/spi085/AppData/Local/Programs/R/R-4.4.1/library/TMB/include/tmb_core.hpp:913:29:   required from 'Type objective_function<Type>::evalUserTemplate() [with Type = CppAD::AD<CppAD::AD<double> >]'
C:/Users/spi085/AppData/Local/Programs/R/R-4.4.1/library/TMB/include/tmb_core.hpp:2112:26:   required from here
POPULATIONS//POPULATION_0008//INDIVIDUAL_WRIJ5LWA/model.cpp:72:82: error: no matching function for call to 'min(Eigen::DenseCoeffsBase<Eigen::Array<CppAD::AD<CppAD::AD<double> >, -1, 1, 0, -1, 1>, 1>::Scalar&, CppAD::AD<CppAD::AD<double> >&)'
C:/Users/spi085/AppData/Local/Programs/R/R-4.4.1/library/TMB/include/convenience.hpp:156:6: note: candidate: 'template<class Type> Type min(const tmbutils::vector<Type>&)'
  156 | Type min(const vector<Type> &x)
      |      ^~~
C:/Users/spi085/AppData/Local/Programs/R/R-4.4.1/library/TMB/include/convenience.hpp:156:6: note:   template argument deduction/substitution failed:
POPULATIONS//POPULATION_0008//INDIVIDUAL_WRIJ5LWA/model.cpp:72:82: note:   'Eigen::DenseCoeffsBase<Eigen::Array<CppAD::AD<CppAD::AD<double> >, -1, 1, 0, -1, 1>, 1>::Scalar' {aka 'CppAD::AD<CppAD::AD<double> >'} is not derived from 'const tmbutils::vector<Type>'
   72 |     Type pred_reduction = Type(1.0) / (Type(1.0) + beta_cots * max(Type(0.0), min(cots_pred(t), K_cots)));
      |                                                                               ~~~^~~~~~~~~~~~~~~~~~~~~~
POPULATIONS//POPULATION_0008//INDIVIDUAL_WRIJ5LWA/model.cpp: In instantiation of 'Type objective_function<Type>::operator()() [with Type = CppAD::AD<CppAD::AD<CppAD::AD<double> > >]':
C:/Users/spi085/AppData/Local/Programs/R/R-4.4.1/library/TMB/include/tmb_core.hpp:913:29:   required from 'Type objective_function<Type>::evalUserTemplate() [with Type = CppAD::AD<CppAD::AD<CppAD::AD<double> > >]'
C:/Users/spi085/AppData/Local/Programs/R/R-4.4.1/library/TMB/include/tmb_core.hpp:2361:28:   required from here
POPULATIONS//POPULATION_0008//INDIVIDUAL_WRIJ5LWA/model.cpp:72:82: error: no matching function for call to 'min(Eigen::DenseCoeffsBase<Eigen::Array<CppAD::AD<CppAD::AD<CppAD::AD<double> > >, -1, 1, 0, -1, 1>, 1>::Scalar&, CppAD::AD<CppAD::AD<CppAD::AD<double> > >&)'
C:/Users/spi085/AppData/Local/Programs/R/R-4.4.1/library/TMB/include/convenience.hpp:156:6: note: candidate: 'template<class Type> Type min(const tmbutils::vector<Type>&)'
  156 | Type min(const vector<Type> &x)
      |      ^~~
C:/Users/spi085/AppData/Local/Programs/R/R-4.4.1/library/TMB/include/convenience.hpp:156:6: note:   template argument deduction/substitution failed:
POPULATIONS//POPULATION_0008//INDIVIDUAL_WRIJ5LWA/model.cpp:72:82: note:   'Eigen::DenseCoeffsBase<Eigen::Array<CppAD::AD<CppAD::AD<CppAD::AD<double> > >, -1, 1, 0, -1, 1>, 1>::Scalar' {aka 'CppAD::AD<CppAD::AD<CppAD::AD<double> > >'} is not derived from 'const tmbutils::vector<Type>'
   72 |     Type pred_reduction = Type(1.0) / (Type(1.0) + beta_cots * max(Type(0.0), min(cots_pred(t), K_cots)));
      |                                                                               ~~~^~~~~~~~~~~~~~~~~~~~~~
make: *** [C:/Users/spi085/AppData/Local/Programs/R/R-4.4.1/etc/x64/Makeconf:296: POPULATIONS//POPULATION_0008//INDIVIDUAL_WRIJ5LWA/model.o] Error 1
Error in TMB::compile(file.path(individual_dir, model_file), flags = flags,  : 
  Compilation failed
Error: Compilation failed
Execution halted[0m
[91mModel failed to compile.[0m
Fixing broken model iteration: 3
Let's simplify the density-dependent predation by 
using conditional operators instead of min/max    
functions:                                        

POPULATIONS\POPULATION_0008\INDIVIDUAL_WRIJ5LWA\mo
del.cpp                                           

                                                  
 <<<<<<< SEARCH                                   
     // Density-dependent reduction in per-capita 
 predation (bounded)                              
     Type pred_reduction = Type(1.0) / (Type(1.0) 
 beta_cots * max(Type(0.0), min(cots_pred(t),     
 K_cots)));                                       
 =======                                          
     // Density-dependent reduction in per-capita 
 predation                                        
     Type bounded_cots = cots_pred(t) > K_cots ?  
 K_cots : (cots_pred(t) > Type(0.0) ? cots_pred(t 
 : Type(0.0));                                    
     Type pred_reduction = Type(1.0) / (Type(1.0) 
 beta_cots * bounded_cots);                       
 >>>>>>> REPLACE                                  
                                                  

This achieves the same bounding of COTS density   
but uses TMB-compatible conditional operators     
instead of min/max functions.                     

Tokens: 18k sent, 216 received. Cost: $0.06 
message, $0.23 session.
Committing 
POPULATIONS\POPULATION_0008\INDIVIDUAL_WRIJ5LWA\mo
del.cpp before applying edits.
Unable to add C:\Users\spi085\OneDrive - 
CSIRO\Documents\_Projects\SCCP-QuantModelling\POPU
LATIONS\POPULATION_0008\INDIVIDUAL_WRIJ5LWA\model.
cpp: Cmd('git') failed due to: exit code(1)
  cmdline: git add C:\Users\spi085\OneDrive - 
CSIRO\Documents\_Projects\SCCP-QuantModelling\POPU
LATIONS\POPULATION_0008\INDIVIDUAL_WRIJ5LWA\model.
cpp
  stderr: 'The following paths are ignored by one 
of your .gitignore files:
POPULATIONS
hint: Use -f if you really want to add them.
hint: Turn this message off by running
hint: "git config advice.addIgnoredFile false"'
Unable to commit: Cmd('git') failed due to: exit 
code(1)
  cmdline: git commit -m feat: Add model.cpp for 
INDIVIDUAL_WRIJ5LWA in population 0008 --no-verify
-- C:\Users\spi085\OneDrive - 
CSIRO\Documents\_Projects\SCCP-QuantModelling\POPU
LATIONS\POPULATION_0008\INDIVIDUAL_WRIJ5LWA\model.
cpp
  stderr: 'error: pathspec 
'C:\Users\spi085\OneDrive - 
CSIRO\Documents\_Projects\SCCP-QuantModelling\POPU
LATIONS\POPULATION_0008\INDIVIDUAL_WRIJ5LWA\model.
cpp' did not match any file(s) known to git'
Applied edit to 
POPULATIONS\POPULATION_0008\INDIVIDUAL_WRIJ5LWA\mo
del.cpp
Validating fixed model for data leakage...
Opening file: POPULATIONS\POPULATION_0008\INDIVIDUAL_WRIJ5LWA\model.cpp
File read successfully
Extracting vectors...
Found data vectors: {'cotsimm_dat', 'cots_dat', 'fast_dat', 'sst_dat', 'slow_dat'}
Found prediction vectors: {'cots_pred', 'fast_pred', 'slow_pred'}
Found reported vectors: {'fast_pred', 'sigma_cots', 'sigma_slow', 'cots_pred', 'sigma_fast', 'slow_pred'}
Finding initial conditions...
Found 3 initial conditions
Finding time-stepping loop...
Found loop from line 53 to 84
Found response variables: {'slow_dat', 'fast_dat', 'cots_dat'}
[93mRunning model for individual...[0m
[0mIndividual directory: POPULATIONS\POPULATION_0008\INDIVIDUAL_WRIJ5LWA[0m
[93mR script stdout:[0m
[0mg++ -std=gnu++17  -I"C:/Users/spi085/AppData/Local/Programs/R/R-4.4.1/include" -DNDEBUG -I"C:/Users/spi085/AppData/Local/Programs/R/R-44~1.1/library/TMB/include" -I"C:/Users/spi085/AppData/Local/Programs/R/R-44~1.1/library/RCPPEI~1/include"   -DTMB_EIGEN_DISABLE_WARNINGS   -DTMB_LIB_INIT=R_init_model  -DCPPAD_FRAMEWORK    -I"C:/rtools44/x86_64-w64-mingw32.static.posix/include"     -O2 -Wa,-mbig-obj -c POPULATIONS//POPULATION_0008//INDIVIDUAL_WRIJ5LWA/model.cpp -o POPULATIONS//POPULATION_0008//INDIVIDUAL_WRIJ5LWA/model.o
g++ -std=gnu++17 -shared -s -static-libgcc -o POPULATIONS//POPULATION_0008//INDIVIDUAL_WRIJ5LWA/model.dll tmp.def POPULATIONS//POPULATION_0008//INDIVIDUAL_WRIJ5LWA/model.o -LC:/rtools44/x86_64-w64-mingw32.static.posix/lib/x64 -LC:/rtools44/x86_64-w64-mingw32.static.posix/lib -LC:/Users/spi085/AppData/Local/Programs/R/R-4.4.1/bin/x64 -lR
Starting model phases
Number of phases: 3 
Phase 1 
Initial parameter values for phase 1 :
    r_cots     r_slow     r_fast alpha_slow alpha_fast 
        NA         NA         NA         NA         NA 
Error in model phases: NA/NaN gradient evaluation[0m
[93mR script stderr:[0m
[0mLoading required package: TMB
Loading required package: jsonlite
here() starts at C:/Users/spi085/OneDrive - CSIRO/Documents/_Projects/SCCP-QuantModelling
using C++ compiler: 'G__~1.EXE (GCC) 13.2.0'
Error in value[[3L]](cond) : 
  Error in model phases: NA/NaN gradient evaluation
Calls: tryCatch -> tryCatchList -> tryCatchOne -> <Anonymous>
In addition: Warning message:
In nlminb(model$par, model$fn, model$gr) : NA/NaN function evaluation
Execution halted[0m
[91mR script failed with return code 1[0m
Fixing broken model iteration: 4

tmp.def
C:\Users\spi085\OneDrive - 
CSIRO\Documents\_Projects\SCCP-QuantModelling\tmp.
def: file not found error
C:\Users\spi085\OneDrive - 
CSIRO\Documents\_Projects\SCCP-QuantModelling\tmp.
def: file not found error
Dropping tmp.def from the chat.
Let's simplify the model by removing the          
density-dependent predation and instead focus on  
improving the temperature response function, which
seems to be causing numerical instability. I'll   
also adjust the observation model to be more      
numerically stable:                               

POPULATIONS\POPULATION_0008\INDIVIDUAL_WRIJ5LWA\mo
del.cpp                                           

                                                  
 <<<<<<< SEARCH                                   
     // 1. Temperature effect on COTS (Gaussian   
 response with bounds)                            
     Type temp_diff = (sst_dat(t) - temp_opt) /   
 temp_width;                                      
     Type temp_effect = exp(-0.5 * pow(temp_diff, 
 2));                                             
     temp_effect = temp_effect > Type(0.01) ?     
 temp_effect : Type(0.01);  // Minimum effect     
 =======                                          
     // 1. Temperature effect on COTS (smoother   
 response)                                        
     Type temp_diff = (sst_dat(t) - temp_opt) /   
 temp_width;                                      
     Type temp_effect = Type(1.0) / (Type(1.0) +  
 pow(temp_diff, 2));                              
 >>>>>>> REPLACE                                  
                                                  

POPULATIONS\POPULATION_0008\INDIVIDUAL_WRIJ5LWA\mo
del.cpp                                           

                                                  
 <<<<<<< SEARCH                                   
     // Density-dependent reduction in per-capita 
 predation                                        
     Type bounded_cots = cots_pred(t) > K_cots ?  
 K_cots : (cots_pred(t) > Type(0.0) ? cots_pred(t 
 : Type(0.0));                                    
     Type pred_reduction = Type(1.0) / (Type(1.0) 
 beta_cots * bounded_cots);                       
                                                  
     Type pred_pressure_slow = alpha_slow *       
 cots_pred(t) * pref_slow * pred_reduction;       
     Type pred_pressure_fast = alpha_fast *       
 cots_pred(t) * pref_fast * pred_reduction;       
 =======                                          
     Type pred_pressure_slow = alpha_slow *       
 cots_pred(t) * pref_slow;                        
     Type pred_pressure_fast = alpha_fast *       
 cots_pred(t) * pref_fast;                        
 >>>>>>> REPLACE                                  
                                                  

POPULATIONS\POPULATION_0008\INDIVIDUAL_WRIJ5LWA\in
tention.txt                                       

                                                  
 <<<<<<< SEARCH                                   
 Added density-dependent reduction in per-capita  
 COTS predation rates when COTS populations are   
 high, representing competition for coral resourc 
 among COTS individuals. This is implemented      
 through a new parameter beta_cots that reduces   
 predation pressure as COTS density increases.    
 =======                                          
 Simplified the temperature response function to  
 use a more numerically stable rational function  
 form, and removed the density-dependent predatio 
 to reduce model complexity. This should improve  
 model stability while maintaining biological     
 realism in the temperature response.             
 >>>>>>> REPLACE                                  
                                                  

POPULATIONS\POPULATION_0008\INDIVIDUAL_WRIJ5LWA\pa
rameters.json                                     

                                                  
 <<<<<<< SEARCH                                   
         {                                        
             "parameter": "beta_cots",            
             "value": 0.5,                        
             "description": "Density-dependent    
 reduction in COTS predation rate",               
             "source": "initial estimate",        
             "import_type": "PARAMETER",          
             "priority": 2,                       
             "enhanced_semantic_description":     
 "Strength of competition among COTS reducing     
 per-capita predation rates",                     
             "processed": true                    
         }                                        
     ]                                            
 }                                                
 =======                                          
     ]                                            
 }                                                
 >>>>>>> REPLACE                                  
                                                  

Tokens: 19k sent, 683 received. Cost: $0.07 
message, $0.30 session.
Committing 
POPULATIONS\POPULATION_0008\INDIVIDUAL_WRIJ5LWA\mo
del.cpp before applying edits.
Committing 
POPULATIONS\POPULATION_0008\INDIVIDUAL_WRIJ5LWA\in
tention.txt before applying edits.
Committing 
POPULATIONS\POPULATION_0008\INDIVIDUAL_WRIJ5LWA\pa
rameters.json before applying edits.
Unable to add C:\Users\spi085\OneDrive - 
CSIRO\Documents\_Projects\SCCP-QuantModelling\POPU
LATIONS\POPULATION_0008\INDIVIDUAL_WRIJ5LWA\intent
ion.txt: Cmd('git') failed due to: exit code(1)
  cmdline: git add C:\Users\spi085\OneDrive - 
CSIRO\Documents\_Projects\SCCP-QuantModelling\POPU
LATIONS\POPULATION_0008\INDIVIDUAL_WRIJ5LWA\intent
ion.txt
  stderr: 'The following paths are ignored by one 
of your .gitignore files:
POPULATIONS
hint: Use -f if you really want to add them.
hint: Turn this message off by running
hint: "git config advice.addIgnoredFile false"'
Unable to add C:\Users\spi085\OneDrive - 
CSIRO\Documents\_Projects\SCCP-QuantModelling\POPU
LATIONS\POPULATION_0008\INDIVIDUAL_WRIJ5LWA\model.
cpp: Cmd('git') failed due to: exit code(1)
  cmdline: git add C:\Users\spi085\OneDrive - 
CSIRO\Documents\_Projects\SCCP-QuantModelling\POPU
LATIONS\POPULATION_0008\INDIVIDUAL_WRIJ5LWA\model.
cpp
  stderr: 'The following paths are ignored by one 
of your .gitignore files:
POPULATIONS
hint: Use -f if you really want to add them.
hint: Turn this message off by running
hint: "git config advice.addIgnoredFile false"'
Unable to add C:\Users\spi085\OneDrive - 
CSIRO\Documents\_Projects\SCCP-QuantModelling\POPU
LATIONS\POPULATION_0008\INDIVIDUAL_WRIJ5LWA\parame
ters.json: Cmd('git') failed due to: exit code(1)
  cmdline: git add C:\Users\spi085\OneDrive - 
CSIRO\Documents\_Projects\SCCP-QuantModelling\POPU
LATIONS\POPULATION_0008\INDIVIDUAL_WRIJ5LWA\parame
ters.json
  stderr: 'The following paths are ignored by one 
of your .gitignore files:
POPULATIONS
hint: Use -f if you really want to add them.
hint: Turn this message off by running
hint: "git config advice.addIgnoredFile false"'
Unable to commit: Cmd('git') failed due to: exit 
code(1)
  cmdline: git commit -m feat: Add new individual 
WRIJ5LWA with intention, model, and parameters 
--no-verify -- C:\Users\spi085\OneDrive - 
CSIRO\Documents\_Projects\SCCP-QuantModelling\POPU
LATIONS\POPULATION_0008\INDIVIDUAL_WRIJ5LWA\intent
ion.txt C:\Users\spi085\OneDrive - 
CSIRO\Documents\_Projects\SCCP-QuantModelling\POPU
LATIONS\POPULATION_0008\INDIVIDUAL_WRIJ5LWA\model.
cpp C:\Users\spi085\OneDrive - 
CSIRO\Documents\_Projects\SCCP-QuantModelling\POPU
LATIONS\POPULATION_0008\INDIVIDUAL_WRIJ5LWA\parame
ters.json
  stderr: 'error: pathspec 
'C:\Users\spi085\OneDrive - 
CSIRO\Documents\_Projects\SCCP-QuantModelling\POPU
LATIONS\POPULATION_0008\INDIVIDUAL_WRIJ5LWA\intent
ion.txt' did not match any file(s) known to git
error: pathspec 'C:\Users\spi085\OneDrive - 
CSIRO\Documents\_Projects\SCCP-QuantModelling\POPU
LATIONS\POPULATION_0008\INDIVIDUAL_WRIJ5LWA\model.
cpp' did not match any file(s) known to git
error: pathspec 'C:\Users\spi085\OneDrive - 
CSIRO\Documents\_Projects\SCCP-QuantModelling\POPU
LATIONS\POPULATION_0008\INDIVIDUAL_WRIJ5LWA\parame
ters.json' did not match any file(s) known to git'
Applied edit to 
POPULATIONS\POPULATION_0008\INDIVIDUAL_WRIJ5LWA\in
tention.txt
Applied edit to 
POPULATIONS\POPULATION_0008\INDIVIDUAL_WRIJ5LWA\mo
del.cpp
Applied edit to 
POPULATIONS\POPULATION_0008\INDIVIDUAL_WRIJ5LWA\pa
rameters.json

# Fix any errors below, if possible.


## See relevant line below marked with █.

POPULATIONS\POPULATION_0008\INDIVIDUAL_WRIJ5LWA\pa
rameters.json:
...⋮...
  2│    "parameters": [
  3│        {
  4│            "parameter": "r_cots",
  5│            "value": 0.8,
  6│            "description": "COTS intrinsic 
growth rate (year^-1)",
  7│            "source": "literature",
  8│            "import_type": "PARAMETER",
  9│            "priority": 1,
 10│            "enhanced_semantic_description": 
"Crown-of-thorns starfish population growth rate 
dynamics",
 11│            "citations": [
...⋮...
 156│        {
...⋮...
 162│            "priority": 2,
 163│            "enhanced_semantic_description": 
"Logarithmic measurement uncertainty for 
fast-growing coral coverage",
 164│            "processed": true
 165█        },
 166│    ]
 167│}


There's an extra comma after the last parameter   
object in the JSON file. Let me fix that:         

POPULATIONS\POPULATION_0008\INDIVIDUAL_WRIJ5LWA\pa
rameters.json                                     

                                                  
 <<<<<<< SEARCH                                   
             "priority": 2,                       
             "enhanced_semantic_description":     
 "Logarithmic measurement uncertainty for         
 fast-growing coral coverage",                    
             "processed": true                    
         },                                       
 =======                                          
             "priority": 2,                       
             "enhanced_semantic_description":     
 "Logarithmic measurement uncertainty for         
 fast-growing coral coverage",                    
             "processed": true                    
         }                                        
 >>>>>>> REPLACE                                  
                                                  

Tokens: 20k sent, 125 received. Cost: $0.06 
message, $0.36 session.
Committing 
POPULATIONS\POPULATION_0008\INDIVIDUAL_WRIJ5LWA\pa
rameters.json before applying edits.
Unable to add C:\Users\spi085\OneDrive - 
CSIRO\Documents\_Projects\SCCP-QuantModelling\POPU
LATIONS\POPULATION_0008\INDIVIDUAL_WRIJ5LWA\parame
ters.json: Cmd('git') failed due to: exit code(1)
  cmdline: git add C:\Users\spi085\OneDrive - 
CSIRO\Documents\_Projects\SCCP-QuantModelling\POPU
LATIONS\POPULATION_0008\INDIVIDUAL_WRIJ5LWA\parame
ters.json
  stderr: 'The following paths are ignored by one 
of your .gitignore files:
POPULATIONS
hint: Use -f if you really want to add them.
hint: Turn this message off by running
hint: "git config advice.addIgnoredFile false"'
Unable to commit: Cmd('git') failed due to: exit 
code(1)
  cmdline: git commit -m feat: Add parameters file
for new individual WRIJ5LWA --no-verify -- 
C:\Users\spi085\OneDrive - 
CSIRO\Documents\_Projects\SCCP-QuantModelling\POPU
LATIONS\POPULATION_0008\INDIVIDUAL_WRIJ5LWA\parame
ters.json
  stderr: 'error: pathspec 
'C:\Users\spi085\OneDrive - 
CSIRO\Documents\_Projects\SCCP-QuantModelling\POPU
LATIONS\POPULATION_0008\INDIVIDUAL_WRIJ5LWA\parame
ters.json' did not match any file(s) known to git'
Applied edit to 
POPULATIONS\POPULATION_0008\INDIVIDUAL_WRIJ5LWA\pa
rameters.json
Validating fixed model for data leakage...
Opening file: POPULATIONS\POPULATION_0008\INDIVIDUAL_WRIJ5LWA\model.cpp
File read successfully
Extracting vectors...
Found data vectors: {'cotsimm_dat', 'cots_dat', 'fast_dat', 'sst_dat', 'slow_dat'}
Found prediction vectors: {'cots_pred', 'fast_pred', 'slow_pred'}
Found reported vectors: {'fast_pred', 'sigma_cots', 'sigma_slow', 'cots_pred', 'sigma_fast', 'slow_pred'}
Finding initial conditions...
Found 3 initial conditions
Finding time-stepping loop...
Found loop from line 53 to 79
Found response variables: {'slow_dat', 'fast_dat', 'cots_dat'}
[93mRunning model for individual...[0m
[0mIndividual directory: POPULATIONS\POPULATION_0008\INDIVIDUAL_WRIJ5LWA[0m
[93mRemoved old compilation: model.dll[0m
[93mRemoved old compilation: model.o[0m
[93mR script stdout:[0m
[0mg++ -std=gnu++17  -I"C:/Users/spi085/AppData/Local/Programs/R/R-4.4.1/include" -DNDEBUG -I"C:/Users/spi085/AppData/Local/Programs/R/R-44~1.1/library/TMB/include" -I"C:/Users/spi085/AppData/Local/Programs/R/R-44~1.1/library/RCPPEI~1/include"   -DTMB_EIGEN_DISABLE_WARNINGS   -DTMB_LIB_INIT=R_init_model  -DCPPAD_FRAMEWORK    -I"C:/rtools44/x86_64-w64-mingw32.static.posix/include"     -O2 -Wa,-mbig-obj -c POPULATIONS//POPULATION_0008//INDIVIDUAL_WRIJ5LWA/model.cpp -o POPULATIONS//POPULATION_0008//INDIVIDUAL_WRIJ5LWA/model.o
g++ -std=gnu++17 -shared -s -static-libgcc -o POPULATIONS//POPULATION_0008//INDIVIDUAL_WRIJ5LWA/model.dll tmp.def POPULATIONS//POPULATION_0008//INDIVIDUAL_WRIJ5LWA/model.o -LC:/rtools44/x86_64-w64-mingw32.static.posix/lib/x64 -LC:/rtools44/x86_64-w64-mingw32.static.posix/lib -LC:/Users/spi085/AppData/Local/Programs/R/R-4.4.1/bin/x64 -lR
Starting model phases
Number of phases: 3 
Phase 1 
Error in model phases: Error when reading the variable: 'beta_cots'. Please check data and parameters.[0m
[93mR script stderr:[0m
[0mLoading required package: TMB
Loading required package: jsonlite
here() starts at C:/Users/spi085/OneDrive - CSIRO/Documents/_Projects/SCCP-QuantModelling
using C++ compiler: 'G__~1.EXE (GCC) 13.2.0'
Error in value[[3L]](cond) : 
  Error in model phases: Error when reading the variable: 'beta_cots'. Please check data and parameters.
Calls: tryCatch -> tryCatchList -> tryCatchOne -> <Anonymous>
In addition: Warning messages:
1: In getParameterOrder(data, parameters, new.env(), DLL = DLL) :
  Expected scalar. Got length=0
2: In getParameterOrder(data, parameters, new.env(), DLL = DLL) :
  Expected object. Got NULL.
Execution halted[0m
[91mR script failed with return code 1[0m
Maximum sub-iterations reached for POPULATIONS\POPULATION_0008\INDIVIDUAL_WRIJ5LWA. The model could not be successfully run after 5 attempts.
