{
  "iterations": {
    "1": {
      "status": "ERROR",
      "message": "Model failed to compile.",
      "stdout": "g++ -std=gnu++17 -I\"/usr/share/R/include\" -DNDEBUG -I\"/home/spi085/R/x86_64-pc-linux-gnu-library/4.4/TMB/include\" -I\"/home/spi085/R/x86_64-pc-linux-gnu-library/4.4/RcppEigen/include\"   -DTMB_EIGEN_DISABLE_WARNINGS   -DTMB_LIB_INIT=R_init_model  -DCPPAD_FRAMEWORK      -fpic  -O2  -c POPULATIONS/POPULATION_0016/INDIVIDUAL_REBRMXAY/model.cpp -o POPULATIONS/POPULATION_0016/INDIVIDUAL_REBRMXAY/model.o",
      "stderr": "Loading required package: TMB\nLoading required package: jsonlite\nhere() starts at /home/spi085/Documents/_Projects/SCCP-QuantModelling\nusing C++ compiler: \u2018g++ (Ubuntu 13.3.0-6ubuntu2~24.04) 13.3.0\u2019\nPOPULATIONS/POPULATION_0016/INDIVIDUAL_REBRMXAY/model.cpp: In member function \u2018Type objective_function<Type>::operator()()\u2019:\nPOPULATIONS/POPULATION_0016/INDIVIDUAL_REBRMXAY/model.cpp:57:22: error: \u2018log_K_coral\u2019 was not declared in this scope; did you mean \u2018log_K_cots\u2019?\n   57 |   Type K_coral = exp(log_K_coral); // half-saturation constant for coral cover effect on COTS growth\n      |                      ^~~~~~~~~~~\n      |                      log_K_cots\nmake: *** [/usr/lib/R/etc/Makeconf:204: POPULATIONS/POPULATION_0016/INDIVIDUAL_REBRMXAY/model.o] Error 1\nError in TMB::compile(file.path(individual_dir, model_file), flags = flags,  : \n  Compilation failed\nError: Compilation failed\nExecution halted"
    },
    "2": {
      "status": "ERROR",
      "message": "R script failed with return code 1",
      "stdout": "g++ -std=gnu++17 -I\"/usr/share/R/include\" -DNDEBUG -I\"/home/spi085/R/x86_64-pc-linux-gnu-library/4.4/TMB/include\" -I\"/home/spi085/R/x86_64-pc-linux-gnu-library/4.4/RcppEigen/include\"   -DTMB_EIGEN_DISABLE_WARNINGS   -DTMB_LIB_INIT=R_init_model  -DCPPAD_FRAMEWORK      -fpic  -O2  -c POPULATIONS/POPULATION_0016/INDIVIDUAL_REBRMXAY/model.cpp -o POPULATIONS/POPULATION_0016/INDIVIDUAL_REBRMXAY/model.o\ng++ -std=gnu++17 -shared -L/usr/lib/R/lib -Wl,-Bsymbolic-functions -flto=auto -ffat-lto-objects -Wl,-z,relro -o POPULATIONS/POPULATION_0016/INDIVIDUAL_REBRMXAY/model.so POPULATIONS/POPULATION_0016/INDIVIDUAL_REBRMXAY/model.o -L/usr/lib/R/lib -lR\nStarting model phases\nNumber of phases: 4 \nPhase 1 \nInitial parameter values for phase 1 :\n    log_r_cots log_sigma_cots log_sigma_fast log_sigma_slow \n            NA             NA             NA             NA \nError in model phases: NA/NaN gradient evaluation",
      "stderr": "Loading required package: TMB\nLoading required package: jsonlite\nhere() starts at /home/spi085/Documents/_Projects/SCCP-QuantModelling\nusing C++ compiler: \u2018g++ (Ubuntu 13.3.0-6ubuntu2~24.04) 13.3.0\u2019\nError in value[[3L]](cond) : \n  Error in model phases: NA/NaN gradient evaluation\nCalls: tryCatch -> tryCatchList -> tryCatchOne -> <Anonymous>\nIn addition: Warning message:\nIn nlminb(model$par, model$fn, model$gr) : NA/NaN function evaluation\nExecution halted"
    },
    "3": {
      "status": "ERROR",
      "message": "Model failed to compile.",
      "stdout": "g++ -std=gnu++17 -I\"/usr/share/R/include\" -DNDEBUG -I\"/home/spi085/R/x86_64-pc-linux-gnu-library/4.4/TMB/include\" -I\"/home/spi085/R/x86_64-pc-linux-gnu-library/4.4/RcppEigen/include\"   -DTMB_EIGEN_DISABLE_WARNINGS   -DTMB_LIB_INIT=R_init_model  -DCPPAD_FRAMEWORK      -fpic  -O2  -c POPULATIONS/POPULATION_0016/INDIVIDUAL_REBRMXAY/model.cpp -o POPULATIONS/POPULATION_0016/INDIVIDUAL_REBRMXAY/model.o",
      "stderr": "Loading required package: TMB\nLoading required package: jsonlite\nhere() starts at /home/spi085/Documents/_Projects/SCCP-QuantModelling\nusing C++ compiler: \u2018g++ (Ubuntu 13.3.0-6ubuntu2~24.04) 13.3.0\u2019\nPOPULATIONS/POPULATION_0016/INDIVIDUAL_REBRMXAY/model.cpp: In member function \u2018Type objective_function<Type>::operator()()\u2019:\nPOPULATIONS/POPULATION_0016/INDIVIDUAL_REBRMXAY/model.cpp:99:27: error: \u2018CondExpNaN\u2019 is not a member of \u2018CppAD\u2019; did you mean \u2018CondExpOp\u2019?\n   99 |     cots_pred(t) = CppAD::CondExpNaN(cots_update, Type(1e-8), CppAD::CondExpGt(cots_update, Type(0.0), cots_update, Type(1e-8)));\n      |                           ^~~~~~~~~~\n      |                           CondExpOp\nPOPULATIONS/POPULATION_0016/INDIVIDUAL_REBRMXAY/model.cpp:106:27: error: \u2018CondExpNaN\u2019 is not a member of \u2018CppAD\u2019; did you mean \u2018CondExpOp\u2019?\n  106 |     fast_pred(t) = CppAD::CondExpNaN(fast_update, Type(1e-8), CppAD::CondExpGt(fast_update, Type(0.0), fast_update, Type(1e-8)));\n      |                           ^~~~~~~~~~\n      |                           CondExpOp\nPOPULATIONS/POPULATION_0016/INDIVIDUAL_REBRMXAY/model.cpp:113:27: error: \u2018CondExpNaN\u2019 is not a member of \u2018CppAD\u2019; did you mean \u2018CondExpOp\u2019?\n  113 |     slow_pred(t) = CppAD::CondExpNaN(slow_update, Type(1e-8), CppAD::CondExpGt(slow_update, Type(0.0), slow_update, Type(1e-8)));\n      |                           ^~~~~~~~~~\n      |                           CondExpOp\nmake: *** [/usr/lib/R/etc/Makeconf:204: POPULATIONS/POPULATION_0016/INDIVIDUAL_REBRMXAY/model.o] Error 1\nError in TMB::compile(file.path(individual_dir, model_file), flags = flags,  : \n  Compilation failed\nError: Compilation failed\nExecution halted"
    },
    "4": {
      "status": "ERROR",
      "message": "R script failed with return code 1",
      "stdout": "g++ -std=gnu++17 -I\"/usr/share/R/include\" -DNDEBUG -I\"/home/spi085/R/x86_64-pc-linux-gnu-library/4.4/TMB/include\" -I\"/home/spi085/R/x86_64-pc-linux-gnu-library/4.4/RcppEigen/include\"   -DTMB_EIGEN_DISABLE_WARNINGS   -DTMB_LIB_INIT=R_init_model  -DCPPAD_FRAMEWORK      -fpic  -O2  -c POPULATIONS/POPULATION_0016/INDIVIDUAL_REBRMXAY/model.cpp -o POPULATIONS/POPULATION_0016/INDIVIDUAL_REBRMXAY/model.o\ng++ -std=gnu++17 -shared -L/usr/lib/R/lib -Wl,-Bsymbolic-functions -flto=auto -ffat-lto-objects -Wl,-z,relro -o POPULATIONS/POPULATION_0016/INDIVIDUAL_REBRMXAY/model.so POPULATIONS/POPULATION_0016/INDIVIDUAL_REBRMXAY/model.o -L/usr/lib/R/lib -lR\nStarting model phases\nNumber of phases: 4 \nPhase 1 \nInitial parameter values for phase 1 :\n    log_r_cots log_sigma_cots log_sigma_fast log_sigma_slow \n            NA             NA             NA             NA \nError in model phases: NA/NaN gradient evaluation",
      "stderr": "Loading required package: TMB\nLoading required package: jsonlite\nhere() starts at /home/spi085/Documents/_Projects/SCCP-QuantModelling\nusing C++ compiler: \u2018g++ (Ubuntu 13.3.0-6ubuntu2~24.04) 13.3.0\u2019\nError in value[[3L]](cond) : \n  Error in model phases: NA/NaN gradient evaluation\nCalls: tryCatch -> tryCatchList -> tryCatchOne -> <Anonymous>\nIn addition: Warning message:\nIn nlminb(model$par, model$fn, model$gr) : NA/NaN function evaluation\nExecution halted"
    },
    "5": {
      "status": "ERROR",
      "message": "R script failed with return code 1",
      "stdout": "g++ -std=gnu++17 -I\"/usr/share/R/include\" -DNDEBUG -I\"/home/spi085/R/x86_64-pc-linux-gnu-library/4.4/TMB/include\" -I\"/home/spi085/R/x86_64-pc-linux-gnu-library/4.4/RcppEigen/include\"   -DTMB_EIGEN_DISABLE_WARNINGS   -DTMB_LIB_INIT=R_init_model  -DCPPAD_FRAMEWORK      -fpic  -O2  -c POPULATIONS/POPULATION_0016/INDIVIDUAL_REBRMXAY/model.cpp -o POPULATIONS/POPULATION_0016/INDIVIDUAL_REBRMXAY/model.o\ng++ -std=gnu++17 -shared -L/usr/lib/R/lib -Wl,-Bsymbolic-functions -flto=auto -ffat-lto-objects -Wl,-z,relro -o POPULATIONS/POPULATION_0016/INDIVIDUAL_REBRMXAY/model.so POPULATIONS/POPULATION_0016/INDIVIDUAL_REBRMXAY/model.o -L/usr/lib/R/lib -lR\nStarting model phases\nNumber of phases: 4 \nPhase 1 \nInitial parameter values for phase 1 :\n    log_r_cots log_sigma_cots log_sigma_fast log_sigma_slow \n            NA             NA             NA             NA \nError in model phases: NA/NaN gradient evaluation",
      "stderr": "Loading required package: TMB\nLoading required package: jsonlite\nhere() starts at /home/spi085/Documents/_Projects/SCCP-QuantModelling\nusing C++ compiler: \u2018g++ (Ubuntu 13.3.0-6ubuntu2~24.04) 13.3.0\u2019\nError in value[[3L]](cond) : \n  Error in model phases: NA/NaN gradient evaluation\nCalls: tryCatch -> tryCatchList -> tryCatchOne -> <Anonymous>\nIn addition: Warning message:\nIn nlminb(model$par, model$fn, model$gr) : NA/NaN function evaluation\nExecution halted"
    },
    "6": {
      "status": "ERROR",
      "message": "R script failed with return code 1",
      "stdout": "g++ -std=gnu++17 -I\"/usr/share/R/include\" -DNDEBUG -I\"/home/spi085/R/x86_64-pc-linux-gnu-library/4.4/TMB/include\" -I\"/home/spi085/R/x86_64-pc-linux-gnu-library/4.4/RcppEigen/include\"   -DTMB_EIGEN_DISABLE_WARNINGS   -DTMB_LIB_INIT=R_init_model  -DCPPAD_FRAMEWORK      -fpic  -O2  -c POPULATIONS/POPULATION_0016/INDIVIDUAL_REBRMXAY/model.cpp -o POPULATIONS/POPULATION_0016/INDIVIDUAL_REBRMXAY/model.o\ng++ -std=gnu++17 -shared -L/usr/lib/R/lib -Wl,-Bsymbolic-functions -flto=auto -ffat-lto-objects -Wl,-z,relro -o POPULATIONS/POPULATION_0016/INDIVIDUAL_REBRMXAY/model.so POPULATIONS/POPULATION_0016/INDIVIDUAL_REBRMXAY/model.o -L/usr/lib/R/lib -lR\nStarting model phases\nNumber of phases: 4 \nPhase 1 \nInitial parameter values for phase 1 :\n    log_r_cots log_sigma_cots log_sigma_fast log_sigma_slow \n            NA             NA             NA             NA \nError in model phases: NA/NaN gradient evaluation",
      "stderr": "Loading required package: TMB\nLoading required package: jsonlite\nhere() starts at /home/spi085/Documents/_Projects/SCCP-QuantModelling\nusing C++ compiler: \u2018g++ (Ubuntu 13.3.0-6ubuntu2~24.04) 13.3.0\u2019\nError in value[[3L]](cond) : \n  Error in model phases: NA/NaN gradient evaluation\nCalls: tryCatch -> tryCatchList -> tryCatchOne -> <Anonymous>\nIn addition: Warning message:\nIn nlminb(model$par, model$fn, model$gr) : NA/NaN function evaluation\nExecution halted"
    },
    "7": {
      "status": "BROKEN"
    }
  }
}