Parent PNG files: ['POPULATIONS\\POPULATION_0023\\INDIVIDUAL_UG45SCW0\\cots_pred_comparison.png', 'POPULATIONS\\POPULATION_0023\\INDIVIDUAL_UG45SCW0\\fast_pred_comparison.png', 'POPULATIONS\\POPULATION_0023\\INDIVIDUAL_UG45SCW0\\slow_pred_comparison.png']
[?12l[?25hSkipping POPULATIONS\POPULATION_0023\INDIVIDUAL_GYZV87BE\model.cpp that matches gitignore spec.
Skipping POPULATIONS\POPULATION_0023\INDIVIDUAL_GYZV87BE\parameters.json that matches gitignore spec.
Skipping POPULATIONS\POPULATION_0023\INDIVIDUAL_GYZV87BE\intention.txt that matches gitignore spec.
Creating empty file POPULATIONS\POPULATION_0023\INDIVIDUAL_GYZV87BE\intention.txt
Added C:\Users\spi085\OneDrive - CSIRO\Documents\_Projects\SCCP-QuantModelling\POPULATIONS\POPULATION_0023\INDIVIDUAL_UG45SCW0\cots_pred_comparison.png to read-only files.
Added C:\Users\spi085\OneDrive - CSIRO\Documents\_Projects\SCCP-QuantModelling\POPULATIONS\POPULATION_0023\INDIVIDUAL_UG45SCW0\fast_pred_comparison.png to read-only files.
Added C:\Users\spi085\OneDrive - CSIRO\Documents\_Projects\SCCP-QuantModelling\POPULATIONS\POPULATION_0023\INDIVIDUAL_UG45SCW0\slow_pred_comparison.png to read-only files.
Okay, I've analyzed the model, the provided plots, and the project context.                                                                                                                               

Assessment:                                                                                                                                                                                               

 1 Model Fit: Based on the plots, the model captures the general trends but struggles with the magnitude and timing of COTS outbreaks, particularly the initial large outbreak. The coral predictions also
   deviate significantly from the observed data, suggesting issues with the coral dynamics or their interaction with COTS.                                                                                
 2 Project Context: The model addresses the core aspects of the project context by simulating COTS outbreaks and their impact on coral. However, it needs improvement in accurately capturing the         
   boom-bust dynamics and the selective predation on different coral types.                                                                                                                               
 3 Missing/Oversimplified Processes: The current model uses a Holling Type II functional response for COTS predation, which may be oversimplified. In reality, COTS feeding rates might saturate at high  
   coral densities, or COTS might exhibit a preference shift as fast-growing corals become depleted. The model also lacks any explicit mechanism for coral recovery or recruitment, which could be        
   important for long-term dynamics.                                                                                                                                                                      

Proposed Improvement:                                                                                                                                                                                     

I propose incorporating a Type III functional response for COTS predation on corals. This adds a density-dependent component to the predation rate, reflecting the idea that COTS may become more         
efficient at finding and consuming coral as their density increases (due to aggregation behavior or learning). This can lead to more rapid and pronounced outbreaks. I will focus on the predation of COTS
on fast-growing coral.                                                                                                                                                                                    

Reasoning:                                                                                                                                                                                                

 â€¢ Ecological Justification: COTS are known to aggregate during outbreaks, which can increase their feeding efficiency. A Type III functional response can capture this effect, leading to more realistic 
   outbreak dynamics.                                                                                                                                                                                     
 â€¢ Model Improvement: This change can improve the model's ability to capture the rapid increase in COTS populations during outbreaks and their subsequent impact on coral cover.                          
 â€¢ Mathematical Representation: A Type III functional response introduces a non-linear term in the predation equation, making the model more complex but potentially more realistic.                      

Here are the SEARCH/REPLACE blocks:                                                                                                                                                                       

POPULATIONS\POPULATION_0023\INDIVIDUAL_GYZV87BE\intention.txt                                                                                                                                             

                                                                                                                                                                                                          
 <<<<<<< SEARCH                                                                                                                                                                                           
                                                                                                                                                                                                          

======= The current model captures general trends but struggles with the magnitude and timing of COTS outbreaks. Coral predictions also deviate from observed data. The model uses a Holling Type II      
functional response for COTS predation, which may be oversimplified.                                                                                                                                      

I propose incorporating a Type III functional response for COTS predation on fast-growing corals. This adds a density-dependent component to the predation rate, reflecting increased feeding efficiency  
at higher COTS densities. This can lead to more rapid and pronounced outbreaks.                                                                                                                           

â–Œ â–Œ â–Œ â–Œ â–Œ â–Œ â–Œ REPLACE                                                                                                                                                                                   

                                                                                                                                                                                                          
                                                                                                                                                                                                          
 POPULATIONS\POPULATION_0023\INDIVIDUAL_GYZV87BE\parameters.json                                                                                                                                          
                                                                                                                                                                                                          

â”â”â”â”â”â”â”â”â”â”â”â”â”â”â”â”â”â”â”â”â”â”â”â”â”â”â”â”â”â”â”â”â”â”â”â”â”â”â”â”â”â”â”â”â”â”â”â”â”â”â”â”â”â”â”â”â”â”â”â”â”â”â”â”â”â”â”â”â”â”â”â”â”â”â”â”â”â”â”â”â”â”â”â”â”â”â”â”â”â”â”â”â”â”â”â”â”â”â”â”â”â”â”â”â”â”â”â”â”â”â”â”â”â”â”â”â”â”â”â”â”â”â”â”â”â”â”â”â”â”â”â”â”â”â”â”â”â”â”â”â”â”â”â”â”â”â”â”â”â”â”â”â”â”â”â”â”â”â”â”â”â”â”â”â”â”â”â”â”â”â”â”â”â”â”â”â”â”â”â”â”â”â”â”â”â”â”â”â”â”â”â”â”â”â”â”â”â”â”â”â”â”“
â”ƒ                                                                                          <<<<<<< SEARCH } ] }                                                                                          â”ƒ
â”—â”â”â”â”â”â”â”â”â”â”â”â”â”â”â”â”â”â”â”â”â”â”â”â”â”â”â”â”â”â”â”â”â”â”â”â”â”â”â”â”â”â”â”â”â”â”â”â”â”â”â”â”â”â”â”â”â”â”â”â”â”â”â”â”â”â”â”â”â”â”â”â”â”â”â”â”â”â”â”â”â”â”â”â”â”â”â”â”â”â”â”â”â”â”â”â”â”â”â”â”â”â”â”â”â”â”â”â”â”â”â”â”â”â”â”â”â”â”â”â”â”â”â”â”â”â”â”â”â”â”â”â”â”â”â”â”â”â”â”â”â”â”â”â”â”â”â”â”â”â”â”â”â”â”â”â”â”â”â”â”â”â”â”â”â”â”â”â”â”â”â”â”â”â”â”â”â”â”â”â”â”â”â”â”â”â”â”â”â”â”â”â”â”â”â”â”â”â”â”â”â”›

                                                                                                                                                                                                          
     },                                                                                                                                                                                                   
     {                                                                                                                                                                                                    
         "parameter": "log_K2_fast",                                                                                                                                                                      
         "value": -0.5,                                                                                                                                                                                   
         "description": "Log of half-saturation constant for COTS predation on fast-growing coral (individuals/m2)",                                                                                      
         "source": "expert opinion",                                                                                                                                                                      
         "import_type": "PARAMETER",                                                                                                                                                                      
         "priority": 1,                                                                                                                                                                                   
         "enhanced_semantic_description": "Half-saturation constant for predation on fast-growing coral",                                                                                                 
         "processed": true                                                                                                                                                                                
     }                                                                                                                                                                                                    
 ]                                                                                                                                                                                                        
                                                                                                                                                                                                          

}                                                                                                                                                                                                         

â–Œ â–Œ â–Œ â–Œ â–Œ â–Œ â–Œ REPLACE                                                                                                                                                                                   

                                                                                                                                                                                                          
                                                                                                                                                                                                          
 POPULATIONS\POPULATION_0023\INDIVIDUAL_GYZV87BE\model.cpp                                                                                                                                                
 ```cpp                                                                                                                                                                                                   
 <<<<<<< SEARCH                                                                                                                                                                                           
   PARAMETER(log_sigma_fast);      // Log of standard deviation of fast-growing coral observation error                                                                                                   
   PARAMETER(log_density_dependence_cotsimm); // Log of density dependence of COTS larval immigration                                                                                                     
   PARAMETER(log_allee_cots);       // Log of COTS density at which Allee effect significantly reduces growth (individuals/m2)                                                                            
 =======                                                                                                                                                                                                  
   PARAMETER(log_sigma_fast);      // Log of standard deviation of fast-growing coral observation error                                                                                                   
   PARAMETER(log_density_dependence_cotsimm); // Log of density dependence of COTS larval immigration                                                                                                     
   PARAMETER(log_allee_cots);       // Log of COTS density at which Allee effect significantly reduces growth (individuals/m2)                                                                            
   PARAMETER(log_K2_fast);         // Log of half-saturation constant for COTS predation on fast-growing coral (individuals/m2)                                                                           
 >>>>>>> REPLACE                                                                                                                                                                                          
                                                                                                                                                                                                          

POPULATIONS\POPULATION_0023\INDIVIDUAL_GYZV87BE\model.cpp                                                                                                                                                 

                                                                                                                                                                                                          
 <<<<<<< SEARCH                                                                                                                                                                                           
   Type density_dependence_cotsimm = exp(log_density_dependence_cotsimm);                                                                                                                                 
   Type allee_cots = exp(log_allee_cots);                                                                                                                                                                 
                                                                                                                                                                                                          
   // --- Objective function: ---                                                                                                                                                                         
   Type nll = 0.0; // Initialize negative log-likelihood                                                                                                                                                  
 =======                                                                                                                                                                                                  
   Type density_dependence_cotsimm = exp(log_density_dependence_cotsimm);                                                                                                                                 
   Type allee_cots = exp(log_allee_cots);                                                                                                                                                                 
   Type K2_fast  = exp(log_K2_fast);                                                                                                                                                                      
                                                                                                                                                                                                          
   // --- Objective function: ---                                                                                                                                                                         
   Type nll = 0.0; // Initialize negative log-likelihood                                                                                                                                                  
 >>>>>>> REPLACE                                                                                                                                                                                          
                                                                                                                                                                                                          

POPULATIONS\POPULATION_0023\INDIVIDUAL_GYZV87BE\model.cpp                                                                                                                                                 

                                                                                                                                                                                                          
 <<<<<<< SEARCH                                                                                                                                                                                           
     // 2. Coral Dynamics:                                                                                                                                                                                
     //    Logistic growth with COTS predation and temperature-dependent mortality.                                                                                                                       
     //    COTS preferentially eat fast-growing coral.                                                                                                                                                    
     Type fast_predation = a_fast * cots_pred(t-1) * fast_pred(t-1);                                                                                                                                      
     Type temp_mortality_fast = temp_sensitivity_fast * sst_dat(t) * fast_pred(t-1);                                                                                                                      
     fast_pred(t) = fast_pred(t-1) + r_fast * fast_pred(t-1) * (1.0 - fast_pred(t-1) / (K_fast + slow_pred(t-1))) * (fast_pred(t-1) > Type(0.0)) - m_fast * fast_pred(t-1) - fast_predation -             
 temp_mortality_fast;                                                                                                                                                                                     
                                                                                                                                                                                                          
     Type slow_predation = a_slow * cots_pred(t-1) * slow_pred(t-1);                                                                                                                                      
     Type temp_mortality_slow = temp_sensitivity_slow * sst_dat(t) * slow_pred(t-1);                                                                                                                      
     slow_pred(t) = slow_pred(t-1) + r_slow * slow_pred(t-1) * (1.0 - slow_pred(t-1) / (K_slow + fast_pred(t-1))) * (slow_pred(t-1) > Type(0.0)) - m_slow * slow_pred(t-1) - slow_predation -             
 temp_mortality_slow;                                                                                                                                                                                     
 =======                                                                                                                                                                                                  
     // 2. Coral Dynamics:                                                                                                                                                                                
     //    Logistic growth with COTS predation and temperature-dependent mortality.                                                                                                                       
     //    COTS preferentially eat fast-growing coral.                                                                                                                                                    
     Type fast_predation = a_fast * pow(cots_pred(t-1),2) * fast_pred(t-1) / (K2_fast + pow(cots_pred(t-1), 2));                                                                                          
     Type temp_mortality_fast = temp_sensitivity_fast * sst_dat(t) * fast_pred(t-1);                                                                                                                      
     fast_pred(t) = fast_pred(t-1) + r_fast * fast_pred(t-1) * (1.0 - fast_pred(t-1) / (K_fast + slow_pred(t-1))) * (fast_pred(t-1) > Type(0.0)) - m_fast * fast_pred(t-1) - fast_predation -             
 temp_mortality_fast;                                                                                                                                                                                     
                                                                                                                                                                                                          
     Type slow_predation = a_slow * cots_pred(t-1) * slow_pred(t-1);                                                                                                                                      
     Type temp_mortality_slow = temp_sensitivity_slow * sst_dat(t) * slow_pred(t-1);                                                                                                                      
     slow_pred(t) = slow_pred(t-1) + r_slow * slow_pred(t-1) * (1.0 - slow_pred(t-1) / (K_slow + fast_pred(t-1))) * (slow_pred(t-1) > Type(0.0)) - m_slow * slow_pred(t-1) - slow_predation -             
 temp_mortality_slow;                                                                                                                                                                                     
 >>>>>>> REPLACE                                                                                                                                                                                          
                                                                                                                                                                                                          

Tokens: 13k sent, 1.7k received. Cost: $0.0020 message, $0.0020 session.
Committing POPULATIONS\POPULATION_0023\INDIVIDUAL_GYZV87BE\intention.txt before applying edits.
Committing POPULATIONS\POPULATION_0023\INDIVIDUAL_GYZV87BE\parameters.json before applying edits.
Committing POPULATIONS\POPULATION_0023\INDIVIDUAL_GYZV87BE\model.cpp before applying edits.
Unable to add C:\Users\spi085\OneDrive - CSIRO\Documents\_Projects\SCCP-QuantModelling\POPULATIONS\POPULATION_0023\INDIVIDUAL_GYZV87BE\model.cpp: Cmd('git') failed due to: exit code(1)
  cmdline: git add C:\Users\spi085\OneDrive - CSIRO\Documents\_Projects\SCCP-QuantModelling\POPULATIONS\POPULATION_0023\INDIVIDUAL_GYZV87BE\model.cpp
  stderr: 'The following paths are ignored by one of your .gitignore files:
POPULATIONS
hint: Use -f if you really want to add them.
hint: Turn this message off by running
hint: "git config advice.addIgnoredFile false"'
Unable to add C:\Users\spi085\OneDrive - CSIRO\Documents\_Projects\SCCP-QuantModelling\POPULATIONS\POPULATION_0023\INDIVIDUAL_GYZV87BE\parameters.json: Cmd('git') failed due to: exit code(1)
  cmdline: git add C:\Users\spi085\OneDrive - CSIRO\Documents\_Projects\SCCP-QuantModelling\POPULATIONS\POPULATION_0023\INDIVIDUAL_GYZV87BE\parameters.json
  stderr: 'The following paths are ignored by one of your .gitignore files:
POPULATIONS
hint: Use -f if you really want to add them.
hint: Turn this message off by running
hint: "git config advice.addIgnoredFile false"'
Unable to add C:\Users\spi085\OneDrive - CSIRO\Documents\_Projects\SCCP-QuantModelling\POPULATIONS\POPULATION_0023\INDIVIDUAL_GYZV87BE\intention.txt: Cmd('git') failed due to: exit code(1)
  cmdline: git add C:\Users\spi085\OneDrive - CSIRO\Documents\_Projects\SCCP-QuantModelling\POPULATIONS\POPULATION_0023\INDIVIDUAL_GYZV87BE\intention.txt
  stderr: 'The following paths are ignored by one of your .gitignore files:
POPULATIONS
hint: Use -f if you really want to add them.
hint: Turn this message off by running
hint: "git config advice.addIgnoredFile false"'
Unable to commit: Cmd('git') failed due to: exit code(1)
  cmdline: git commit -m feat: Add initial files for individual GYZV87BE in population 0023 --no-verify -- C:\Users\spi085\OneDrive - 
CSIRO\Documents\_Projects\SCCP-QuantModelling\POPULATIONS\POPULATION_0023\INDIVIDUAL_GYZV87BE\model.cpp C:\Users\spi085\OneDrive - 
CSIRO\Documents\_Projects\SCCP-QuantModelling\POPULATIONS\POPULATION_0023\INDIVIDUAL_GYZV87BE\parameters.json C:\Users\spi085\OneDrive - 
CSIRO\Documents\_Projects\SCCP-QuantModelling\POPULATIONS\POPULATION_0023\INDIVIDUAL_GYZV87BE\intention.txt
  stderr: 'error: pathspec 'C:\Users\spi085\OneDrive - CSIRO\Documents\_Projects\SCCP-QuantModelling\POPULATIONS\POPULATION_0023\INDIVIDUAL_GYZV87BE\model.cpp' did not match any file(s) known to git
error: pathspec 'C:\Users\spi085\OneDrive - CSIRO\Documents\_Projects\SCCP-QuantModelling\POPULATIONS\POPULATION_0023\INDIVIDUAL_GYZV87BE\parameters.json' did not match any file(s) known to git
error: pathspec 'C:\Users\spi085\OneDrive - CSIRO\Documents\_Projects\SCCP-QuantModelling\POPULATIONS\POPULATION_0023\INDIVIDUAL_GYZV87BE\intention.txt' did not match any file(s) known to git'
Applied edit to POPULATIONS\POPULATION_0023\INDIVIDUAL_GYZV87BE\model.cpp
Applied edit to POPULATIONS\POPULATION_0023\INDIVIDUAL_GYZV87BE\parameters.json
Applied edit to POPULATIONS\POPULATION_0023\INDIVIDUAL_GYZV87BE\intention.txt
Improved existing model in individual: POPULATIONS\POPULATION_0023\INDIVIDUAL_GYZV87BE
Validating model for data leakage...
Opening file: POPULATIONS\POPULATION_0023\INDIVIDUAL_GYZV87BE\model.cpp
File read successfully
Extracting vectors...
Found data vectors: {'slow_dat', 'fast_dat', 'cotsimm_dat', 'cots_dat', 'Year', 'sst_dat'}
Found prediction vectors: {'slow_pred', 'fast_pred', 'cots_pred'}
Found reported vectors: {'slow_pred', 'fast_pred', 'cots_pred'}
Finding initial conditions...
Found 3 initial conditions
Finding time-stepping loop...
Found loop from line 81 to 105
Found response variables from Data/timeseries_data_COTS_response.csv: {'cots_dat', 'slow_dat', 'fast_dat'}
[93mRunning model for individual...[0m
[0mIndividual directory: POPULATIONS\POPULATION_0023\INDIVIDUAL_GYZV87BE[0m
[93mR script stdout:[0m
[0mg++ -std=gnu++17  -I"C:/Users/spi085/AppData/Local/Programs/R/R-4.4.1/include" -DNDEBUG -I"C:/Users/spi085/AppData/Local/Programs/R/R-44~1.1/library/TMB/include" -I"C:/Users/spi085/AppData/Local/Programs/R/R-44~1.1/library/RCPPEI~1/include"   -DTMB_EIGEN_DISABLE_WARNINGS   -DTMB_LIB_INIT=R_init_model  -DCPPAD_FRAMEWORK    -I"C:/rtools44/x86_64-w64-mingw32.static.posix/include"     -O2 -Wa,-mbig-obj -c POPULATIONS//POPULATION_0023//INDIVIDUAL_GYZV87BE/model.cpp -o POPULATIONS//POPULATION_0023//INDIVIDUAL_GYZV87BE/model.o
g++ -std=gnu++17 -shared -s -static-libgcc -o POPULATIONS//POPULATION_0023//INDIVIDUAL_GYZV87BE/model.dll tmp.def POPULATIONS//POPULATION_0023//INDIVIDUAL_GYZV87BE/model.o -LC:/rtools44/x86_64-w64-mingw32.static.posix/lib/x64 -LC:/rtools44/x86_64-w64-mingw32.static.posix/lib -LC:/Users/spi085/AppData/Local/Programs/R/R-4.4.1/bin/x64 -lR
Starting model phases
Number of phases: 1 
Phase 1 
Initial parameter values for phase 1 :
                    log_r_cots                     log_K_cots 
                            NA                             NA 
                    log_m_cots                     log_p_cots 
                        -2.355                             NA 
                   log_K1_cots                     log_a_fast 
                            NA                             NA 
                    log_a_slow                     log_K_fast 
                            NA                             NA 
                    log_K_slow                     log_r_fast 
                            NA                             NA 
                    log_r_slow                     log_m_fast 
                            NA                         -0.694 
                    log_m_slow      log_temp_sensitivity_fast 
                            NA                             NA 
     log_temp_sensitivity_slow                 log_sigma_cots 
                            NA                             NA 
                log_sigma_slow                 log_sigma_fast 
                            NA                             NA 
log_density_dependence_cotsimm                 log_allee_cots 
                            NA                             NA 
                   log_K2_fast 
                            NA 
Error in model phases: NA/NaN gradient evaluation[0m
[93mR script stderr:[0m
[0mLoading required package: TMB
Loading required package: jsonlite
here() starts at C:/Users/spi085/OneDrive - CSIRO/Documents/_Projects/SCCP-QuantModelling
using C++ compiler: 'G__~1.EXE (GCC) 13.2.0'
Error in value[[3L]](cond) : 
  Error in model phases: NA/NaN gradient evaluation
Calls: tryCatch -> tryCatchList -> tryCatchOne -> <Anonymous>
In addition: Warning message:
In nlminb(model$par, model$fn, model$gr) : NA/NaN function evaluation
Execution halted[0m
[91mR script failed with return code 1[0m
MODEL RUN FINISHED
Error: Objective value is None
Initial run failed. Attempting to fix...
Fixing broken model iteration: 0
The error "Error in model phases: NA/NaN gradient evaluation" and the warning "In nlminb(model$par, model$fn, model$gr) : NA/NaN function evaluation" indicate that the optimization routine is           
encountering NA or NaN values when evaluating the objective function or its gradient. This often happens when the model is unstable or when parameters are outside of their valid ranges, leading to      
undefined mathematical operations (e.g., taking the logarithm of a negative number).                                                                                                                      

Looking at the initial parameter values, many parameters are initialized as NA. This is because the TMB template initializes parameters to NA if no initial value is provided in the R script. However,   
some parameters like log_m_cots and log_m_fast have initial values.                                                                                                                                       

Given this information, I will add a small positive value to the coral dynamics equations to prevent them from becoming negative, even if it is already done. This will ensure that the logarithm function
is never called with a negative value.                                                                                                                                                                    

Here are the SEARCH/REPLACE blocks:                                                                                                                                                                       

POPULATIONS\POPULATION_0023\INDIVIDUAL_GYZV87BE\model.cpp                                                                                                                                                 

                                                                                                                                                                                                          
 <<<<<<< SEARCH                                                                                                                                                                                           
     fast_pred(t) = fast_pred(t-1) + r_fast * fast_pred(t-1) * (1.0 - fast_pred(t-1) / (K_fast + slow_pred(t-1))) * (fast_pred(t-1) > Type(0.0)) - m_fast * fast_pred(t-1) - fast_predation -             
 temp_mortality_fast;                                                                                                                                                                                     
                                                                                                                                                                                                          
     Type slow_predation = a_slow * cots_pred(t-1) * slow_pred(t-1);                                                                                                                                      
     Type temp_mortality_slow = temp_sensitivity_slow * sst_dat(t) * slow_pred(t-1);                                                                                                                      
     slow_pred(t) = slow_pred(t-1) + r_slow * slow_pred(t-1) * (1.0 - slow_pred(t-1) / (K_slow + fast_pred(t-1))) * (slow_pred(t-1) > Type(0.0)) - m_slow * slow_pred(t-1) - slow_predation -             
 temp_mortality_slow;                                                                                                                                                                                     
 =======                                                                                                                                                                                                  
     fast_pred(t) = fast_pred(t-1) + r_fast * fast_pred(t-1) * (1.0 - fast_pred(t-1) / (K_fast + slow_pred(t-1))) * (fast_pred(t-1) > Type(0.0)) - m_fast * fast_pred(t-1) - fast_predation -             
 temp_mortality_fast + Type(1e-8);                                                                                                                                                                        
                                                                                                                                                                                                          
     Type slow_predation = a_slow * cots_pred(t-1) * slow_pred(t-1);                                                                                                                                      
     Type temp_mortality_slow = temp_sensitivity_slow * sst_dat(t) * slow_pred(t-1);                                                                                                                      
     slow_pred(t) = slow_pred(t-1) + r_slow * slow_pred(t-1) * (1.0 - slow_pred(t-1) / (K_slow + fast_pred(t-1))) * (slow_pred(t-1) > Type(0.0)) - m_slow * slow_pred(t-1) - slow_predation -             
 temp_mortality_slow + Type(1e-8);                                                                                                                                                                        
 >>>>>>> REPLACE                                                                                                                                                                                          
                                                                                                                                                                                                          

Tokens: 15k sent, 680 received. Cost: $0.0018 message, $0.0038 session.
Committing POPULATIONS\POPULATION_0023\INDIVIDUAL_GYZV87BE\model.cpp before applying edits.
Unable to add C:\Users\spi085\OneDrive - CSIRO\Documents\_Projects\SCCP-QuantModelling\POPULATIONS\POPULATION_0023\INDIVIDUAL_GYZV87BE\model.cpp: Cmd('git') failed due to: exit code(1)
  cmdline: git add C:\Users\spi085\OneDrive - CSIRO\Documents\_Projects\SCCP-QuantModelling\POPULATIONS\POPULATION_0023\INDIVIDUAL_GYZV87BE\model.cpp
  stderr: 'The following paths are ignored by one of your .gitignore files:
POPULATIONS
hint: Use -f if you really want to add them.
hint: Turn this message off by running
hint: "git config advice.addIgnoredFile false"'
Unable to commit: Cmd('git') failed due to: exit code(1)
  cmdline: git commit -m feat: Add model.cpp for individual GYZV87BE in population 0023 --no-verify -- C:\Users\spi085\OneDrive - 
CSIRO\Documents\_Projects\SCCP-QuantModelling\POPULATIONS\POPULATION_0023\INDIVIDUAL_GYZV87BE\model.cpp
  stderr: 'error: pathspec 'C:\Users\spi085\OneDrive - CSIRO\Documents\_Projects\SCCP-QuantModelling\POPULATIONS\POPULATION_0023\INDIVIDUAL_GYZV87BE\model.cpp' did not match any file(s) known to git'
Applied edit to POPULATIONS\POPULATION_0023\INDIVIDUAL_GYZV87BE\model.cpp
Validating fixed model for data leakage...
Opening file: POPULATIONS\POPULATION_0023\INDIVIDUAL_GYZV87BE\model.cpp
File read successfully
Extracting vectors...
Found data vectors: {'slow_dat', 'fast_dat', 'cotsimm_dat', 'cots_dat', 'Year', 'sst_dat'}
Found prediction vectors: {'slow_pred', 'fast_pred', 'cots_pred'}
Found reported vectors: {'slow_pred', 'fast_pred', 'cots_pred'}
Finding initial conditions...
Found 3 initial conditions
Finding time-stepping loop...
Found loop from line 81 to 105
Found response variables from Data/timeseries_data_COTS_response.csv: {'cots_dat', 'slow_dat', 'fast_dat'}
[93mRunning model for individual...[0m
[0mIndividual directory: POPULATIONS\POPULATION_0023\INDIVIDUAL_GYZV87BE[0m
[93mRemoved old compilation: model.dll[0m
[93mRemoved old compilation: model.o[0m
[93mR script stdout:[0m
[0mg++ -std=gnu++17  -I"C:/Users/spi085/AppData/Local/Programs/R/R-4.4.1/include" -DNDEBUG -I"C:/Users/spi085/AppData/Local/Programs/R/R-44~1.1/library/TMB/include" -I"C:/Users/spi085/AppData/Local/Programs/R/R-44~1.1/library/RCPPEI~1/include"   -DTMB_EIGEN_DISABLE_WARNINGS   -DTMB_LIB_INIT=R_init_model  -DCPPAD_FRAMEWORK    -I"C:/rtools44/x86_64-w64-mingw32.static.posix/include"     -O2 -Wa,-mbig-obj -c POPULATIONS//POPULATION_0023//INDIVIDUAL_GYZV87BE/model.cpp -o POPULATIONS//POPULATION_0023//INDIVIDUAL_GYZV87BE/model.o
g++ -std=gnu++17 -shared -s -static-libgcc -o POPULATIONS//POPULATION_0023//INDIVIDUAL_GYZV87BE/model.dll tmp.def POPULATIONS//POPULATION_0023//INDIVIDUAL_GYZV87BE/model.o -LC:/rtools44/x86_64-w64-mingw32.static.posix/lib/x64 -LC:/rtools44/x86_64-w64-mingw32.static.posix/lib -LC:/Users/spi085/AppData/Local/Programs/R/R-4.4.1/bin/x64 -lR
Starting model phases
Number of phases: 1 
Phase 1 
Initial parameter values for phase 1 :
                    log_r_cots                     log_K_cots 
                            NA                             NA 
                    log_m_cots                     log_p_cots 
                        -2.355                             NA 
                   log_K1_cots                     log_a_fast 
                            NA                             NA 
                    log_a_slow                     log_K_fast 
                            NA                             NA 
                    log_K_slow                     log_r_fast 
                            NA                             NA 
                    log_r_slow                     log_m_fast 
                            NA                         -0.694 
                    log_m_slow      log_temp_sensitivity_fast 
                            NA                             NA 
     log_temp_sensitivity_slow                 log_sigma_cots 
                            NA                             NA 
                log_sigma_slow                 log_sigma_fast 
                            NA                             NA 
log_density_dependence_cotsimm                 log_allee_cots 
                            NA                             NA 
                   log_K2_fast 
                            NA 
Error in model phases: NA/NaN gradient evaluation[0m
[93mR script stderr:[0m
[0mLoading required package: TMB
Loading required package: jsonlite
here() starts at C:/Users/spi085/OneDrive - CSIRO/Documents/_Projects/SCCP-QuantModelling
using C++ compiler: 'G__~1.EXE (GCC) 13.2.0'
Error in value[[3L]](cond) : 
  Error in model phases: NA/NaN gradient evaluation
Calls: tryCatch -> tryCatchList -> tryCatchOne -> <Anonymous>
In addition: Warning message:
In nlminb(model$par, model$fn, model$gr) : NA/NaN function evaluation
Execution halted[0m
[91mR script failed with return code 1[0m
Fixing broken model iteration: 1
The error "Error in model phases: NA/NaN gradient evaluation" persists, and the initial parameter values still show many NA values. This indicates that the parameters are not being properly initialized 
in the R script before being passed to the TMB model.                                                                                                                                                     

Since I cannot directly modify the R script, I will attempt to address this issue by providing default values for all parameters directly within the model.cpp file. This will ensure that the            
optimization routine always has valid starting values, even if the R script fails to provide them.                                                                                                        

Here are the SEARCH/REPLACE blocks:                                                                                                                                                                       

POPULATIONS\POPULATION_0023\INDIVIDUAL_GYZV87BE\model.cpp                                                                                                                                                 

                                                                                                                                                                                                          
 <<<<<<< SEARCH                                                                                                                                                                                           
   PARAMETER(log_r_cots);          // Log of intrinsic growth rate of COTS (year^-1)                                                                                                                      
   PARAMETER(log_K_cots);          // Log of carrying capacity of COTS (individuals/m2)                                                                                                                   
   PARAMETER(log_m_cots);          // Log of natural mortality rate of COTS (year^-1)                                                                                                                     
   PARAMETER(log_p_cots);          // Log of predation rate on COTS (year^-1)                                                                                                                             
   PARAMETER(log_K1_cots);         // Log of half-saturation constant for COTS predation (individuals/m2)                                                                                                 
 =======                                                                                                                                                                                                  
   PARAMETER_VALUE(log_r_cots, 0.5);          // Log of intrinsic growth rate of COTS (year^-1)                                                                                                           
   PARAMETER_VALUE(log_K_cots, 2.0);          // Log of carrying capacity of COTS (individuals/m2)                                                                                                        
   PARAMETER_VALUE(log_m_cots, -0.5);          // Log of natural mortality rate of COTS (year^-1)                                                                                                         
   PARAMETER_VALUE(log_p_cots, -1.0);          // Log of predation rate on COTS (year^-1)                                                                                                                 
   PARAMETER_VALUE(log_K1_cots, -0.5);         // Log of half-saturation constant for COTS predation (individuals/m2)                                                                                     
 >>>>>>> REPLACE                                                                                                                                                                                          
                                                                                                                                                                                                          

POPULATIONS\POPULATION_0023\INDIVIDUAL_GYZV87BE\model.cpp                                                                                                                                                 

                                                                                                                                                                                                          
 <<<<<<< SEARCH                                                                                                                                                                                           
   PARAMETER(log_a_fast);         // Log of attack rate of COTS on fast-growing coral (m2/individual/year)                                                                                                
   PARAMETER(log_a_slow);         // Log of attack rate of COTS on slow-growing coral (m2/individual/year)                                                                                                
   PARAMETER(log_K_fast);         // Log of carrying capacity of fast-growing coral (%)                                                                                                                   
   PARAMETER(log_K_slow);         // Log of carrying capacity of slow-growing coral (%)                                                                                                                   
   PARAMETER(log_r_fast);         // Log of growth rate of fast-growing coral (year^-1)                                                                                                                   
 =======                                                                                                                                                                                                  
   PARAMETER_VALUE(log_a_fast, -2.0);         // Log of attack rate of COTS on fast-growing coral (m2/individual/year)                                                                                    
   PARAMETER_VALUE(log_a_slow, -3.0);         // Log of attack rate of COTS on slow-growing coral (m2/individual/year)                                                                                    
   PARAMETER_VALUE(log_K_fast, 3.0);         // Log of carrying capacity of fast-growing coral (%)                                                                                                        
   PARAMETER_VALUE(log_K_slow, 3.0);         // Log of carrying capacity of slow-growing coral (%)                                                                                                        
   PARAMETER_VALUE(log_r_fast, 0.8);         // Log of growth rate of fast-growing coral (year^-1)                                                                                                        
 >>>>>>> REPLACE                                                                                                                                                                                          
                                                                                                                                                                                                          

POPULATIONS\POPULATION_0023\INDIVIDUAL_GYZV87BE\model.cpp                                                                                                                                                 

                                                                                                                                                                                                          
 <<<<<<< SEARCH                                                                                                                                                                                           
   PARAMETER(log_r_slow);         // Log of growth rate of slow-growing coral (year^-1)                                                                                                                   
   PARAMETER(log_m_fast);         // Log of mortality rate of fast-growing coral (year^-1)                                                                                                                
   PARAMETER(log_m_slow);         // Log of mortality rate of slow-growing coral (year^-1)                                                                                                                
   PARAMETER(log_temp_sensitivity_fast); // Log of temperature sensitivity of fast-growing coral (Celsius^-1)                                                                                             
   PARAMETER(log_temp_sensitivity_slow); // Log of temperature sensitivity of slow-growing coral (Celsius^-1)                                                                                             
 =======                                                                                                                                                                                                  
   PARAMETER_VALUE(log_r_slow, 0.3);         // Log of growth rate of slow-growing coral (year^-1)                                                                                                        
   PARAMETER_VALUE(log_m_fast, -0.2);         // Log of mortality rate of fast-growing coral (year^-1)                                                                                                    
   PARAMETER_VALUE(log_m_slow, -0.7);         // Log of mortality rate of slow-growing coral (year^-1)                                                                                                    
   PARAMETER_VALUE(log_temp_sensitivity_fast, -3.0); // Log of temperature sensitivity of fast-growing coral (Celsius^-1)                                                                                 
   PARAMETER_VALUE(log_temp_sensitivity_slow, -3.0); // Log of temperature sensitivity of slow-growing coral (Celsius^-1)                                                                                 
 >>>>>>> REPLACE                                                                                                                                                                                          
                                                                                                                                                                                                          

POPULATIONS\POPULATION_0023\INDIVIDUAL_GYZV87BE\model.cpp                                                                                                                                                 

                                                                                                                                                                                                          
 <<<<<<< SEARCH                                                                                                                                                                                           
   PARAMETER(log_sigma_cots);      // Log of standard deviation of COTS observation error                                                                                                                 
   PARAMETER(log_sigma_slow);      // Log of standard deviation of slow-growing coral observation error                                                                                                   
   PARAMETER(log_sigma_fast);      // Log of standard deviation of fast-growing coral observation error                                                                                                   
   PARAMETER(log_density_dependence_cotsimm); // Log of density dependence of COTS larval immigration                                                                                                     
   PARAMETER(log_allee_cots);       // Log of COTS density at which Allee effect significantly reduces growth (individuals/m2)                                                                            
   PARAMETER(log_K2_fast);         // Log of half-saturation constant for COTS predation on fast-growing coral (individuals/m2)                                                                           
 =======                                                                                                                                                                                                  
   PARAMETER_VALUE(log_sigma_cots, -0.5);      // Log of standard deviation of COTS observation error                                                                                                     
   PARAMETER_VALUE(log_sigma_slow, -0.5);      // Log of standard deviation of slow-growing coral observation error                                                                                       
   PARAMETER_VALUE(log_sigma_fast, -0.5);      // Log of standard deviation of fast-growing coral observation error                                                                                       
   PARAMETER_VALUE(log_density_dependence_cotsimm, -5.0); // Log of density dependence of COTS larval immigration                                                                                         
   PARAMETER_VALUE(log_allee_cots, -1.0);       // Log of COTS density at which Allee effect significantly reduces growth (individuals/m2)                                                                
   PARAMETER_VALUE(log_K2_fast, -0.5);         // Log of half-saturation constant for COTS predation on fast-growing coral (individuals/m2)                                                               
 >>>>>>> REPLACE                                                                                                                                                                                          
                                                                                                                                                                                                          

Tokens: 17k sent, 1.4k received. Cost: $0.0022 message, $0.0060 session.
Committing POPULATIONS\POPULATION_0023\INDIVIDUAL_GYZV87BE\model.cpp before applying edits.
Unable to add C:\Users\spi085\OneDrive - CSIRO\Documents\_Projects\SCCP-QuantModelling\POPULATIONS\POPULATION_0023\INDIVIDUAL_GYZV87BE\model.cpp: Cmd('git') failed due to: exit code(1)
  cmdline: git add C:\Users\spi085\OneDrive - CSIRO\Documents\_Projects\SCCP-QuantModelling\POPULATIONS\POPULATION_0023\INDIVIDUAL_GYZV87BE\model.cpp
  stderr: 'The following paths are ignored by one of your .gitignore files:
POPULATIONS
hint: Use -f if you really want to add them.
hint: Turn this message off by running
hint: "git config advice.addIgnoredFile false"'
Unable to commit: Cmd('git') failed due to: exit code(1)
  cmdline: git commit -m feat: Add model.cpp for individual GYZV87BE in population 0023 --no-verify -- C:\Users\spi085\OneDrive - 
CSIRO\Documents\_Projects\SCCP-QuantModelling\POPULATIONS\POPULATION_0023\INDIVIDUAL_GYZV87BE\model.cpp
  stderr: 'error: pathspec 'C:\Users\spi085\OneDrive - CSIRO\Documents\_Projects\SCCP-QuantModelling\POPULATIONS\POPULATION_0023\INDIVIDUAL_GYZV87BE\model.cpp' did not match any file(s) known to git'
Applied edit to POPULATIONS\POPULATION_0023\INDIVIDUAL_GYZV87BE\model.cpp
Validating fixed model for data leakage...
Opening file: POPULATIONS\POPULATION_0023\INDIVIDUAL_GYZV87BE\model.cpp
File read successfully
Extracting vectors...
Found data vectors: {'slow_dat', 'fast_dat', 'cotsimm_dat', 'cots_dat', 'Year', 'sst_dat'}
Found prediction vectors: {'slow_pred', 'fast_pred', 'cots_pred'}
Found reported vectors: {'slow_pred', 'fast_pred', 'cots_pred'}
Finding initial conditions...
Found 3 initial conditions
Finding time-stepping loop...
Found loop from line 81 to 105
Found response variables from Data/timeseries_data_COTS_response.csv: {'cots_dat', 'slow_dat', 'fast_dat'}
[93mRunning model for individual...[0m
[0mIndividual directory: POPULATIONS\POPULATION_0023\INDIVIDUAL_GYZV87BE[0m
[93mRemoved old compilation: model.dll[0m
[93mRemoved old compilation: model.o[0m
[93mR script stdout:[0m
[0mg++ -std=gnu++17  -I"C:/Users/spi085/AppData/Local/Programs/R/R-4.4.1/include" -DNDEBUG -I"C:/Users/spi085/AppData/Local/Programs/R/R-44~1.1/library/TMB/include" -I"C:/Users/spi085/AppData/Local/Programs/R/R-44~1.1/library/RCPPEI~1/include"   -DTMB_EIGEN_DISABLE_WARNINGS   -DTMB_LIB_INIT=R_init_model  -DCPPAD_FRAMEWORK    -I"C:/rtools44/x86_64-w64-mingw32.static.posix/include"     -O2 -Wa,-mbig-obj -c POPULATIONS//POPULATION_0023//INDIVIDUAL_GYZV87BE/model.cpp -o POPULATIONS//POPULATION_0023//INDIVIDUAL_GYZV87BE/model.o[0m
[93mR script stderr:[0m
[0mLoading required package: TMB
Loading required package: jsonlite
here() starts at C:/Users/spi085/OneDrive - CSIRO/Documents/_Projects/SCCP-QuantModelling
using C++ compiler: 'G__~1.EXE (GCC) 13.2.0'
POPULATIONS//POPULATION_0023//INDIVIDUAL_GYZV87BE/model.cpp: In member function 'Type objective_function<Type>::operator()()':
POPULATIONS//POPULATION_0023//INDIVIDUAL_GYZV87BE/model.cpp:19:19: error: 'log_r_cots' was not declared in this scope
   19 |   PARAMETER_VALUE(log_r_cots, 0.5);          // Log of intrinsic growth rate of COTS (year^-1)
      |                   ^~~~~~~~~~
POPULATIONS//POPULATION_0023//INDIVIDUAL_GYZV87BE/model.cpp:19:3: error: there are no arguments to 'PARAMETER_VALUE' that depend on a template parameter, so a declaration of 'PARAMETER_VALUE' must be available [-fpermissive]
   19 |   PARAMETER_VALUE(log_r_cots, 0.5);          // Log of intrinsic growth rate of COTS (year^-1)
      |   ^~~~~~~~~~~~~~~
POPULATIONS//POPULATION_0023//INDIVIDUAL_GYZV87BE/model.cpp:19:3: note: (if you use '-fpermissive', G++ will accept your code, but allowing the use of an undeclared name is deprecated)
POPULATIONS//POPULATION_0023//INDIVIDUAL_GYZV87BE/model.cpp:20:19: error: 'log_K_cots' was not declared in this scope
   20 |   PARAMETER_VALUE(log_K_cots, 2.0);          // Log of carrying capacity of COTS (individuals/m2)
      |                   ^~~~~~~~~~
POPULATIONS//POPULATION_0023//INDIVIDUAL_GYZV87BE/model.cpp:20:3: error: there are no arguments to 'PARAMETER_VALUE' that depend on a template parameter, so a declaration of 'PARAMETER_VALUE' must be available [-fpermissive]
   20 |   PARAMETER_VALUE(log_K_cots, 2.0);          // Log of carrying capacity of COTS (individuals/m2)
      |   ^~~~~~~~~~~~~~~
POPULATIONS//POPULATION_0023//INDIVIDUAL_GYZV87BE/model.cpp:21:19: error: 'log_m_cots' was not declared in this scope
   21 |   PARAMETER_VALUE(log_m_cots, -0.5);          // Log of natural mortality rate of COTS (year^-1)
      |                   ^~~~~~~~~~
POPULATIONS//POPULATION_0023//INDIVIDUAL_GYZV87BE/model.cpp:21:3: error: there are no arguments to 'PARAMETER_VALUE' that depend on a template parameter, so a declaration of 'PARAMETER_VALUE' must be available [-fpermissive]
   21 |   PARAMETER_VALUE(log_m_cots, -0.5);          // Log of natural mortality rate of COTS (year^-1)
      |   ^~~~~~~~~~~~~~~
POPULATIONS//POPULATION_0023//INDIVIDUAL_GYZV87BE/model.cpp:22:19: error: 'log_p_cots' was not declared in this scope
   22 |   PARAMETER_VALUE(log_p_cots, -1.0);          // Log of predation rate on COTS (year^-1)
      |                   ^~~~~~~~~~
POPULATIONS//POPULATION_0023//INDIVIDUAL_GYZV87BE/model.cpp:22:3: error: there are no arguments to 'PARAMETER_VALUE' that depend on a template parameter, so a declaration of 'PARAMETER_VALUE' must be available [-fpermissive]
   22 |   PARAMETER_VALUE(log_p_cots, -1.0);          // Log of predation rate on COTS (year^-1)
      |   ^~~~~~~~~~~~~~~
POPULATIONS//POPULATION_0023//INDIVIDUAL_GYZV87BE/model.cpp:23:19: error: 'log_K1_cots' was not declared in this scope
   23 |   PARAMETER_VALUE(log_K1_cots, -0.5);         // Log of half-saturation constant for COTS predation (individuals/m2)
      |                   ^~~~~~~~~~~
POPULATIONS//POPULATION_0023//INDIVIDUAL_GYZV87BE/model.cpp:23:3: error: there are no arguments to 'PARAMETER_VALUE' that depend on a template parameter, so a declaration of 'PARAMETER_VALUE' must be available [-fpermissive]
   23 |   PARAMETER_VALUE(log_K1_cots, -0.5);         // Log of half-saturation constant for COTS predation (individuals/m2)
      |   ^~~~~~~~~~~~~~~
POPULATIONS//POPULATION_0023//INDIVIDUAL_GYZV87BE/model.cpp:24:19: error: 'log_a_fast' was not declared in this scope
   24 |   PARAMETER_VALUE(log_a_fast, -2.0);         // Log of attack rate of COTS on fast-growing coral (m2/individual/year)
      |                   ^~~~~~~~~~
POPULATIONS//POPULATION_0023//INDIVIDUAL_GYZV87BE/model.cpp:24:3: error: there are no arguments to 'PARAMETER_VALUE' that depend on a template parameter, so a declaration of 'PARAMETER_VALUE' must be available [-fpermissive]
   24 |   PARAMETER_VALUE(log_a_fast, -2.0);         // Log of attack rate of COTS on fast-growing coral (m2/individual/year)
      |   ^~~~~~~~~~~~~~~
POPULATIONS//POPULATION_0023//INDIVIDUAL_GYZV87BE/model.cpp:25:19: error: 'log_a_slow' was not declared in this scope
   25 |   PARAMETER_VALUE(log_a_slow, -3.0);         // Log of attack rate of COTS on slow-growing coral (m2/individual/year)
      |                   ^~~~~~~~~~
POPULATIONS//POPULATION_0023//INDIVIDUAL_GYZV87BE/model.cpp:25:3: error: there are no arguments to 'PARAMETER_VALUE' that depend on a template parameter, so a declaration of 'PARAMETER_VALUE' must be available [-fpermissive]
   25 |   PARAMETER_VALUE(log_a_slow, -3.0);         // Log of attack rate of COTS on slow-growing coral (m2/individual/year)
      |   ^~~~~~~~~~~~~~~
POPULATIONS//POPULATION_0023//INDIVIDUAL_GYZV87BE/model.cpp:26:19: error: 'log_K_fast' was not declared in this scope
   26 |   PARAMETER_VALUE(log_K_fast, 3.0);         // Log of carrying capacity of fast-growing coral (%)
      |                   ^~~~~~~~~~
POPULATIONS//POPULATION_0023//INDIVIDUAL_GYZV87BE/model.cpp:26:3: error: there are no arguments to 'PARAMETER_VALUE' that depend on a template parameter, so a declaration of 'PARAMETER_VALUE' must be available [-fpermissive]
   26 |   PARAMETER_VALUE(log_K_fast, 3.0);         // Log of carrying capacity of fast-growing coral (%)
      |   ^~~~~~~~~~~~~~~
POPULATIONS//POPULATION_0023//INDIVIDUAL_GYZV87BE/model.cpp:27:19: error: 'log_K_slow' was not declared in this scope
   27 |   PARAMETER_VALUE(log_K_slow, 3.0);         // Log of carrying capacity of slow-growing coral (%)
      |                   ^~~~~~~~~~
POPULATIONS//POPULATION_0023//INDIVIDUAL_GYZV87BE/model.cpp:27:3: error: there are no arguments to 'PARAMETER_VALUE' that depend on a template parameter, so a declaration of 'PARAMETER_VALUE' must be available [-fpermissive]
   27 |   PARAMETER_VALUE(log_K_slow, 3.0);         // Log of carrying capacity of slow-growing coral (%)
      |   ^~~~~~~~~~~~~~~
POPULATIONS//POPULATION_0023//INDIVIDUAL_GYZV87BE/model.cpp:28:19: error: 'log_r_fast' was not declared in this scope
   28 |   PARAMETER_VALUE(log_r_fast, 0.8);         // Log of growth rate of fast-growing coral (year^-1)
      |                   ^~~~~~~~~~
POPULATIONS//POPULATION_0023//INDIVIDUAL_GYZV87BE/model.cpp:28:3: error: there are no arguments to 'PARAMETER_VALUE' that depend on a template parameter, so a declaration of 'PARAMETER_VALUE' must be available [-fpermissive]
   28 |   PARAMETER_VALUE(log_r_fast, 0.8);         // Log of growth rate of fast-growing coral (year^-1)
      |   ^~~~~~~~~~~~~~~
POPULATIONS//POPULATION_0023//INDIVIDUAL_GYZV87BE/model.cpp:29:19: error: 'log_r_slow' was not declared in this scope
   29 |   PARAMETER_VALUE(log_r_slow, 0.3);         // Log of growth rate of slow-growing coral (year^-1)
      |                   ^~~~~~~~~~
POPULATIONS//POPULATION_0023//INDIVIDUAL_GYZV87BE/model.cpp:29:3: error: there are no arguments to 'PARAMETER_VALUE' that depend on a template parameter, so a declaration of 'PARAMETER_VALUE' must be available [-fpermissive]
   29 |   PARAMETER_VALUE(log_r_slow, 0.3);         // Log of growth rate of slow-growing coral (year^-1)
      |   ^~~~~~~~~~~~~~~
POPULATIONS//POPULATION_0023//INDIVIDUAL_GYZV87BE/model.cpp:30:19: error: 'log_m_fast' was not declared in this scope
   30 |   PARAMETER_VALUE(log_m_fast, -0.2);         // Log of mortality rate of fast-growing coral (year^-1)
      |                   ^~~~~~~~~~
POPULATIONS//POPULATION_0023//INDIVIDUAL_GYZV87BE/model.cpp:30:3: error: there are no arguments to 'PARAMETER_VALUE' that depend on a template parameter, so a declaration of 'PARAMETER_VALUE' must be available [-fpermissive]
   30 |   PARAMETER_VALUE(log_m_fast, -0.2);         // Log of mortality rate of fast-growing coral (year^-1)
      |   ^~~~~~~~~~~~~~~
POPULATIONS//POPULATION_0023//INDIVIDUAL_GYZV87BE/model.cpp:31:19: error: 'log_m_slow' was not declared in this scope
   31 |   PARAMETER_VALUE(log_m_slow, -0.7);         // Log of mortality rate of slow-growing coral (year^-1)
      |                   ^~~~~~~~~~
POPULATIONS//POPULATION_0023//INDIVIDUAL_GYZV87BE/model.cpp:31:3: error: there are no arguments to 'PARAMETER_VALUE' that depend on a template parameter, so a declaration of 'PARAMETER_VALUE' must be available [-fpermissive]
   31 |   PARAMETER_VALUE(log_m_slow, -0.7);         // Log of mortality rate of slow-growing coral (year^-1)
      |   ^~~~~~~~~~~~~~~
POPULATIONS//POPULATION_0023//INDIVIDUAL_GYZV87BE/model.cpp:32:19: error: 'log_temp_sensitivity_fast' was not declared in this scope
   32 |   PARAMETER_VALUE(log_temp_sensitivity_fast, -3.0); // Log of temperature sensitivity of fast-growing coral (Celsius^-1)
      |                   ^~~~~~~~~~~~~~~~~~~~~~~~~
POPULATIONS//POPULATION_0023//INDIVIDUAL_GYZV87BE/model.cpp:32:3: error: there are no arguments to 'PARAMETER_VALUE' that depend on a template parameter, so a declaration of 'PARAMETER_VALUE' must be available [-fpermissive]
   32 |   PARAMETER_VALUE(log_temp_sensitivity_fast, -3.0); // Log of temperature sensitivity of fast-growing coral (Celsius^-1)
      |   ^~~~~~~~~~~~~~~
POPULATIONS//POPULATION_0023//INDIVIDUAL_GYZV87BE/model.cpp:33:19: error: 'log_temp_sensitivity_slow' was not declared in this scope
   33 |   PARAMETER_VALUE(log_temp_sensitivity_slow, -3.0); // Log of temperature sensitivity of slow-growing coral (Celsius^-1)
      |                   ^~~~~~~~~~~~~~~~~~~~~~~~~
POPULATIONS//POPULATION_0023//INDIVIDUAL_GYZV87BE/model.cpp:33:3: error: there are no arguments to 'PARAMETER_VALUE' that depend on a template parameter, so a declaration of 'PARAMETER_VALUE' must be available [-fpermissive]
   33 |   PARAMETER_VALUE(log_temp_sensitivity_slow, -3.0); // Log of temperature sensitivity of slow-growing coral (Celsius^-1)
      |   ^~~~~~~~~~~~~~~
POPULATIONS//POPULATION_0023//INDIVIDUAL_GYZV87BE/model.cpp:34:19: error: 'log_sigma_cots' was not declared in this scope
   34 |   PARAMETER_VALUE(log_sigma_cots, -0.5);      // Log of standard deviation of COTS observation error
      |                   ^~~~~~~~~~~~~~
POPULATIONS//POPULATION_0023//INDIVIDUAL_GYZV87BE/model.cpp:34:3: error: there are no arguments to 'PARAMETER_VALUE' that depend on a template parameter, so a declaration of 'PARAMETER_VALUE' must be available [-fpermissive]
   34 |   PARAMETER_VALUE(log_sigma_cots, -0.5);      // Log of standard deviation of COTS observation error
      |   ^~~~~~~~~~~~~~~
POPULATIONS//POPULATION_0023//INDIVIDUAL_GYZV87BE/model.cpp:35:19: error: 'log_sigma_slow' was not declared in this scope
   35 |   PARAMETER_VALUE(log_sigma_slow, -0.5);      // Log of standard deviation of slow-growing coral observation error
      |                   ^~~~~~~~~~~~~~
POPULATIONS//POPULATION_0023//INDIVIDUAL_GYZV87BE/model.cpp:35:3: error: there are no arguments to 'PARAMETER_VALUE' that depend on a template parameter, so a declaration of 'PARAMETER_VALUE' must be available [-fpermissive]
   35 |   PARAMETER_VALUE(log_sigma_slow, -0.5);      // Log of standard deviation of slow-growing coral observation error
      |   ^~~~~~~~~~~~~~~
POPULATIONS//POPULATION_0023//INDIVIDUAL_GYZV87BE/model.cpp:36:19: error: 'log_sigma_fast' was not declared in this scope
   36 |   PARAMETER_VALUE(log_sigma_fast, -0.5);      // Log of standard deviation of fast-growing coral observation error
      |                   ^~~~~~~~~~~~~~
POPULATIONS//POPULATION_0023//INDIVIDUAL_GYZV87BE/model.cpp:36:3: error: there are no arguments to 'PARAMETER_VALUE' that depend on a template parameter, so a declaration of 'PARAMETER_VALUE' must be available [-fpermissive]
   36 |   PARAMETER_VALUE(log_sigma_fast, -0.5);      // Log of standard deviation of fast-growing coral observation error
      |   ^~~~~~~~~~~~~~~
POPULATIONS//POPULATION_0023//INDIVIDUAL_GYZV87BE/model.cpp:37:19: error: 'log_density_dependence_cotsimm' was not declared in this scope
   37 |   PARAMETER_VALUE(log_density_dependence_cotsimm, -5.0); // Log of density dependence of COTS larval immigration
      |                   ^~~~~~~~~~~~~~~~~~~~~~~~~~~~~~
POPULATIONS//POPULATION_0023//INDIVIDUAL_GYZV87BE/model.cpp:37:3: error: there are no arguments to 'PARAMETER_VALUE' that depend on a template parameter, so a declaration of 'PARAMETER_VALUE' must be available [-fpermissive]
   37 |   PARAMETER_VALUE(log_density_dependence_cotsimm, -5.0); // Log of density dependence of COTS larval immigration
      |   ^~~~~~~~~~~~~~~
POPULATIONS//POPULATION_0023//INDIVIDUAL_GYZV87BE/model.cpp:38:19: error: 'log_allee_cots' was not declared in this scope
   38 |   PARAMETER_VALUE(log_allee_cots, -1.0);       // Log of COTS density at which Allee effect significantly reduces growth (individuals/m2)
      |                   ^~~~~~~~~~~~~~
POPULATIONS//POPULATION_0023//INDIVIDUAL_GYZV87BE/model.cpp:38:3: error: there are no arguments to 'PARAMETER_VALUE' that depend on a template parameter, so a declaration of 'PARAMETER_VALUE' must be available [-fpermissive]
   38 |   PARAMETER_VALUE(log_allee_cots, -1.0);       // Log of COTS density at which Allee effect significantly reduces growth (individuals/m2)
      |   ^~~~~~~~~~~~~~~
POPULATIONS//POPULATION_0023//INDIVIDUAL_GYZV87BE/model.cpp:39:19: error: 'log_K2_fast' was not declared in this scope
   39 |   PARAMETER_VALUE(log_K2_fast, -0.5);         // Log of half-saturation constant for COTS predation on fast-growing coral (individuals/m2)
      |                   ^~~~~~~~~~~
POPULATIONS//POPULATION_0023//INDIVIDUAL_GYZV87BE/model.cpp:39:3: error: there are no arguments to 'PARAMETER_VALUE' that depend on a template parameter, so a declaration of 'PARAMETER_VALUE' must be available [-fpermissive]
   39 |   PARAMETER_VALUE(log_K2_fast, -0.5);         // Log of half-saturation constant for COTS predation on fast-growing coral (individuals/m2)
      |   ^~~~~~~~~~~~~~~
POPULATIONS//POPULATION_0023//INDIVIDUAL_GYZV87BE/model.cpp: In instantiation of 'Type objective_function<Type>::operator()() [with Type = CppAD::AD<double>]':
C:/Users/spi085/AppData/Local/Programs/R/R-4.4.1/library/TMB/include/tmb_core.hpp:1308:6:   required from here
POPULATIONS//POPULATION_0023//INDIVIDUAL_GYZV87BE/model.cpp:19:18: error: 'PARAMETER_VALUE' was not declared in this scope; did you mean 'PARAMETER_VECTOR'?
   19 |   PARAMETER_VALUE(log_r_cots, 0.5);          // Log of intrinsic growth rate of COTS (year^-1)
      |   ~~~~~~~~~~~~~~~^~~~~~~~~~~~~~~~~
      |   PARAMETER_VECTOR
POPULATIONS//POPULATION_0023//INDIVIDUAL_GYZV87BE/model.cpp:20:18: error: 'PARAMETER_VALUE' was not declared in this scope, and no declarations were found by argument-dependent lookup at the point of instantiation
   20 |   PARAMETER_VALUE(log_K_cots, 2.0);          // Log of carrying capacity of COTS (individuals/m2)
      |   ~~~~~~~~~~~~~~~^~~~~~~~~~~~~~~~~
POPULATIONS//POPULATION_0023//INDIVIDUAL_GYZV87BE/model.cpp:19:18: note: 'PARAMETER_VALUE' declared here, later in the translation unit
   19 |   PARAMETER_VALUE(log_r_cots, 0.5);          // Log of intrinsic growth rate of COTS (year^-1)
      |   ~~~~~~~~~~~~~~~^~~~~~~~~~~~~~~~~
POPULATIONS//POPULATION_0023//INDIVIDUAL_GYZV87BE/model.cpp:21:18: error: 'PARAMETER_VALUE' was not declared in this scope, and no declarations were found by argument-dependent lookup at the point of instantiation
   21 |   PARAMETER_VALUE(log_m_cots, -0.5);          // Log of natural mortality rate of COTS (year^-1)
      |   ~~~~~~~~~~~~~~~^~~~~~~~~~~~~~~~~~
POPULATIONS//POPULATION_0023//INDIVIDUAL_GYZV87BE/model.cpp:19:18: note: 'PARAMETER_VALUE' declared here, later in the translation unit
   19 |   PARAMETER_VALUE(log_r_cots, 0.5);          // Log of intrinsic growth rate of COTS (year^-1)
      |   ~~~~~~~~~~~~~~~^~~~~~~~~~~~~~~~~
POPULATIONS//POPULATION_0023//INDIVIDUAL_GYZV87BE/model.cpp:22:18: error: 'PARAMETER_VALUE' was not declared in this scope, and no declarations were found by argument-dependent lookup at the point of instantiation
   22 |   PARAMETER_VALUE(log_p_cots, -1.0);          // Log of predation rate on COTS (year^-1)
      |   ~~~~~~~~~~~~~~~^~~~~~~~~~~~~~~~~~
POPULATIONS//POPULATION_0023//INDIVIDUAL_GYZV87BE/model.cpp:19:18: note: 'PARAMETER_VALUE' declared here, later in the translation unit
   19 |   PARAMETER_VALUE(log_r_cots, 0.5);          // Log of intrinsic growth rate of COTS (year^-1)
      |   ~~~~~~~~~~~~~~~^~~~~~~~~~~~~~~~~
POPULATIONS//POPULATION_0023//INDIVIDUAL_GYZV87BE/model.cpp:23:18: error: 'PARAMETER_VALUE' was not declared in this scope, and no declarations were found by argument-dependent lookup at the point of instantiation
   23 |   PARAMETER_VALUE(log_K1_cots, -0.5);         // Log of half-saturation constant for COTS predation (individuals/m2)
      |   ~~~~~~~~~~~~~~~^~~~~~~~~~~~~~~~~~~
POPULATIONS//POPULATION_0023//INDIVIDUAL_GYZV87BE/model.cpp:19:18: note: 'PARAMETER_VALUE' declared here, later in the translation unit
   19 |   PARAMETER_VALUE(log_r_cots, 0.5);          // Log of intrinsic growth rate of COTS (year^-1)
      |   ~~~~~~~~~~~~~~~^~~~~~~~~~~~~~~~~
POPULATIONS//POPULATION_0023//INDIVIDUAL_GYZV87BE/model.cpp:24:18: error: 'PARAMETER_VALUE' was not declared in this scope, and no declarations were found by argument-dependent lookup at the point of instantiation
   24 |   PARAMETER_VALUE(log_a_fast, -2.0);         // Log of attack rate of COTS on fast-growing coral (m2/individual/year)
      |   ~~~~~~~~~~~~~~~^~~~~~~~~~~~~~~~~~
POPULATIONS//POPULATION_0023//INDIVIDUAL_GYZV87BE/model.cpp:19:18: note: 'PARAMETER_VALUE' declared here, later in the translation unit
   19 |   PARAMETER_VALUE(log_r_cots, 0.5);          // Log of intrinsic growth rate of COTS (year^-1)
      |   ~~~~~~~~~~~~~~~^~~~~~~~~~~~~~~~~
POPULATIONS//POPULATION_0023//INDIVIDUAL_GYZV87BE/model.cpp:25:18: error: 'PARAMETER_VALUE' was not declared in this scope, and no declarations were found by argument-dependent lookup at the point of instantiation
   25 |   PARAMETER_VALUE(log_a_slow, -3.0);         // Log of attack rate of COTS on slow-growing coral (m2/individual/year)
      |   ~~~~~~~~~~~~~~~^~~~~~~~~~~~~~~~~~
POPULATIONS//POPULATION_0023//INDIVIDUAL_GYZV87BE/model.cpp:19:18: note: 'PARAMETER_VALUE' declared here, later in the translation unit
   19 |   PARAMETER_VALUE(log_r_cots, 0.5);          // Log of intrinsic growth rate of COTS (year^-1)
      |   ~~~~~~~~~~~~~~~^~~~~~~~~~~~~~~~~
POPULATIONS//POPULATION_0023//INDIVIDUAL_GYZV87BE/model.cpp:26:18: error: 'PARAMETER_VALUE' was not declared in this scope, and no declarations were found by argument-dependent lookup at the point of instantiation
   26 |   PARAMETER_VALUE(log_K_fast, 3.0);         // Log of carrying capacity of fast-growing coral (%)
      |   ~~~~~~~~~~~~~~~^~~~~~~~~~~~~~~~~
POPULATIONS//POPULATION_0023//INDIVIDUAL_GYZV87BE/model.cpp:19:18: note: 'PARAMETER_VALUE' declared here, later in the translation unit
   19 |   PARAMETER_VALUE(log_r_cots, 0.5);          // Log of intrinsic growth rate of COTS (year^-1)
      |   ~~~~~~~~~~~~~~~^~~~~~~~~~~~~~~~~
POPULATIONS//POPULATION_0023//INDIVIDUAL_GYZV87BE/model.cpp:27:18: error: 'PARAMETER_VALUE' was not declared in this scope, and no declarations were found by argument-dependent lookup at the point of instantiation
   27 |   PARAMETER_VALUE(log_K_slow, 3.0);         // Log of carrying capacity of slow-growing coral (%)
      |   ~~~~~~~~~~~~~~~^~~~~~~~~~~~~~~~~
POPULATIONS//POPULATION_0023//INDIVIDUAL_GYZV87BE/model.cpp:19:18: note: 'PARAMETER_VALUE' declared here, later in the translation unit
   19 |   PARAMETER_VALUE(log_r_cots, 0.5);          // Log of intrinsic growth rate of COTS (year^-1)
      |   ~~~~~~~~~~~~~~~^~~~~~~~~~~~~~~~~
POPULATIONS//POPULATION_0023//INDIVIDUAL_GYZV87BE/model.cpp:28:18: error: 'PARAMETER_VALUE' was not declared in this scope, and no declarations were found by argument-dependent lookup at the point of instantiation
   28 |   PARAMETER_VALUE(log_r_fast, 0.8);         // Log of growth rate of fast-growing coral (year^-1)
      |   ~~~~~~~~~~~~~~~^~~~~~~~~~~~~~~~~
POPULATIONS//POPULATION_0023//INDIVIDUAL_GYZV87BE/model.cpp:19:18: note: 'PARAMETER_VALUE' declared here, later in the translation unit
   19 |   PARAMETER_VALUE(log_r_cots, 0.5);          // Log of intrinsic growth rate of COTS (year^-1)
      |   ~~~~~~~~~~~~~~~^~~~~~~~~~~~~~~~~
POPULATIONS//POPULATION_0023//INDIVIDUAL_GYZV87BE/model.cpp:29:18: error: 'PARAMETER_VALUE' was not declared in this scope, and no declarations were found by argument-dependent lookup at the point of instantiation
   29 |   PARAMETER_VALUE(log_r_slow, 0.3);         // Log of growth rate of slow-growing coral (year^-1)
      |   ~~~~~~~~~~~~~~~^~~~~~~~~~~~~~~~~
POPULATIONS//POPULATION_0023//INDIVIDUAL_GYZV87BE/model.cpp:19:18: note: 'PARAMETER_VALUE' declared here, later in the translation unit
   19 |   PARAMETER_VALUE(log_r_cots, 0.5);          // Log of intrinsic growth rate of COTS (year^-1)
      |   ~~~~~~~~~~~~~~~^~~~~~~~~~~~~~~~~
POPULATIONS//POPULATION_0023//INDIVIDUAL_GYZV87BE/model.cpp:30:18: error: 'PARAMETER_VALUE' was not declared in this scope, and no declarations were found by argument-dependent lookup at the point of instantiation
   30 |   PARAMETER_VALUE(log_m_fast, -0.2);         // Log of mortality rate of fast-growing coral (year^-1)
      |   ~~~~~~~~~~~~~~~^~~~~~~~~~~~~~~~~~
POPULATIONS//POPULATION_0023//INDIVIDUAL_GYZV87BE/model.cpp:19:18: note: 'PARAMETER_VALUE' declared here, later in the translation unit
   19 |   PARAMETER_VALUE(log_r_cots, 0.5);          // Log of intrinsic growth rate of COTS (year^-1)
      |   ~~~~~~~~~~~~~~~^~~~~~~~~~~~~~~~~
POPULATIONS//POPULATION_0023//INDIVIDUAL_GYZV87BE/model.cpp:31:18: error: 'PARAMETER_VALUE' was not declared in this scope, and no declarations were found by argument-dependent lookup at the point of instantiation
   31 |   PARAMETER_VALUE(log_m_slow, -0.7);         // Log of mortality rate of slow-growing coral (year^-1)
      |   ~~~~~~~~~~~~~~~^~~~~~~~~~~~~~~~~~
POPULATIONS//POPULATION_0023//INDIVIDUAL_GYZV87BE/model.cpp:19:18: note: 'PARAMETER_VALUE' declared here, later in the translation unit
   19 |   PARAMETER_VALUE(log_r_cots, 0.5);          // Log of intrinsic growth rate of COTS (year^-1)
      |   ~~~~~~~~~~~~~~~^~~~~~~~~~~~~~~~~
POPULATIONS//POPULATION_0023//INDIVIDUAL_GYZV87BE/model.cpp:32:18: error: 'PARAMETER_VALUE' was not declared in this scope, and no declarations were found by argument-dependent lookup at the point of instantiation
   32 |   PARAMETER_VALUE(log_temp_sensitivity_fast, -3.0); // Log of temperature sensitivity of fast-growing coral (Celsius^-1)
      |   ~~~~~~~~~~~~~~~^~~~~~~~~~~~~~~~~~~~~~~~~~~~~~~~~
POPULATIONS//POPULATION_0023//INDIVIDUAL_GYZV87BE/model.cpp:19:18: note: 'PARAMETER_VALUE' declared here, later in the translation unit
   19 |   PARAMETER_VALUE(log_r_cots, 0.5);          // Log of intrinsic growth rate of COTS (year^-1)
      |   ~~~~~~~~~~~~~~~^~~~~~~~~~~~~~~~~
POPULATIONS//POPULATION_0023//INDIVIDUAL_GYZV87BE/model.cpp:33:18: error: 'PARAMETER_VALUE' was not declared in this scope, and no declarations were found by argument-dependent lookup at the point of instantiation
   33 |   PARAMETER_VALUE(log_temp_sensitivity_slow, -3.0); // Log of temperature sensitivity of slow-growing coral (Celsius^-1)
      |   ~~~~~~~~~~~~~~~^~~~~~~~~~~~~~~~~~~~~~~~~~~~~~~~~
POPULATIONS//POPULATION_0023//INDIVIDUAL_GYZV87BE/model.cpp:19:18: note: 'PARAMETER_VALUE' declared here, later in the translation unit
   19 |   PARAMETER_VALUE(log_r_cots, 0.5);          // Log of intrinsic growth rate of COTS (year^-1)
      |   ~~~~~~~~~~~~~~~^~~~~~~~~~~~~~~~~
POPULATIONS//POPULATION_0023//INDIVIDUAL_GYZV87BE/model.cpp:34:18: error: 'PARAMETER_VALUE' was not declared in this scope, and no declarations were found by argument-dependent lookup at the point of instantiation
   34 |   PARAMETER_VALUE(log_sigma_cots, -0.5);      // Log of standard deviation of COTS observation error
      |   ~~~~~~~~~~~~~~~^~~~~~~~~~~~~~~~~~~~~~
POPULATIONS//POPULATION_0023//INDIVIDUAL_GYZV87BE/model.cpp:19:18: note: 'PARAMETER_VALUE' declared here, later in the translation unit
   19 |   PARAMETER_VALUE(log_r_cots, 0.5);          // Log of intrinsic growth rate of COTS (year^-1)
      |   ~~~~~~~~~~~~~~~^~~~~~~~~~~~~~~~~
POPULATIONS//POPULATION_0023//INDIVIDUAL_GYZV87BE/model.cpp:35:18: error: 'PARAMETER_VALUE' was not declared in this scope, and no declarations were found by argument-dependent lookup at the point of instantiation
   35 |   PARAMETER_VALUE(log_sigma_slow, -0.5);      // Log of standard deviation of slow-growing coral observation error
      |   ~~~~~~~~~~~~~~~^~~~~~~~~~~~~~~~~~~~~~
POPULATIONS//POPULATION_0023//INDIVIDUAL_GYZV87BE/model.cpp:19:18: note: 'PARAMETER_VALUE' declared here, later in the translation unit
   19 |   PARAMETER_VALUE(log_r_cots, 0.5);          // Log of intrinsic growth rate of COTS (year^-1)
      |   ~~~~~~~~~~~~~~~^~~~~~~~~~~~~~~~~
POPULATIONS//POPULATION_0023//INDIVIDUAL_GYZV87BE/model.cpp:36:18: error: 'PARAMETER_VALUE' was not declared in this scope, and no declarations were found by argument-dependent lookup at the point of instantiation
   36 |   PARAMETER_VALUE(log_sigma_fast, -0.5);      // Log of standard deviation of fast-growing coral observation error
      |   ~~~~~~~~~~~~~~~^~~~~~~~~~~~~~~~~~~~~~
POPULATIONS//POPULATION_0023//INDIVIDUAL_GYZV87BE/model.cpp:19:18: note: 'PARAMETER_VALUE' declared here, later in the translation unit
   19 |   PARAMETER_VALUE(log_r_cots, 0.5);          // Log of intrinsic growth rate of COTS (year^-1)
      |   ~~~~~~~~~~~~~~~^~~~~~~~~~~~~~~~~
POPULATIONS//POPULATION_0023//INDIVIDUAL_GYZV87BE/model.cpp:37:18: error: 'PARAMETER_VALUE' was not declared in this scope, and no declarations were found by argument-dependent lookup at the point of instantiation
   37 |   PARAMETER_VALUE(log_density_dependence_cotsimm, -5.0); // Log of density dependence of COTS larval immigration
      |   ~~~~~~~~~~~~~~~^~~~~~~~~~~~~~~~~~~~~~~~~~~~~~~~~~~~~~
POPULATIONS//POPULATION_0023//INDIVIDUAL_GYZV87BE/model.cpp:19:18: note: 'PARAMETER_VALUE' declared here, later in the translation unit
   19 |   PARAMETER_VALUE(log_r_cots, 0.5);          // Log of intrinsic growth rate of COTS (year^-1)
      |   ~~~~~~~~~~~~~~~^~~~~~~~~~~~~~~~~
POPULATIONS//POPULATION_0023//INDIVIDUAL_GYZV87BE/model.cpp:38:18: error: 'PARAMETER_VALUE' was not declared in this scope, and no declarations were found by argument-dependent lookup at the point of instantiation
   38 |   PARAMETER_VALUE(log_allee_cots, -1.0);       // Log of COTS density at which Allee effect significantly reduces growth (individuals/m2)
      |   ~~~~~~~~~~~~~~~^~~~~~~~~~~~~~~~~~~~~~
POPULATIONS//POPULATION_0023//INDIVIDUAL_GYZV87BE/model.cpp:19:18: note: 'PARAMETER_VALUE' declared here, later in the translation unit
   19 |   PARAMETER_VALUE(log_r_cots, 0.5);          // Log of intrinsic growth rate of COTS (year^-1)
      |   ~~~~~~~~~~~~~~~^~~~~~~~~~~~~~~~~
POPULATIONS//POPULATION_0023//INDIVIDUAL_GYZV87BE/model.cpp:39:18: error: 'PARAMETER_VALUE' was not declared in this scope, and no declarations were found by argument-dependent lookup at the point of instantiation
   39 |   PARAMETER_VALUE(log_K2_fast, -0.5);         // Log of half-saturation constant for COTS predation on fast-growing coral (individuals/m2)
      |   ~~~~~~~~~~~~~~~^~~~~~~~~~~~~~~~~~~
POPULATIONS//POPULATION_0023//INDIVIDUAL_GYZV87BE/model.cpp:19:18: note: 'PARAMETER_VALUE' declared here, later in the translation unit
   19 |   PARAMETER_VALUE(log_r_cots, 0.5);          // Log of intrinsic growth rate of COTS (year^-1)
      |   ~~~~~~~~~~~~~~~^~~~~~~~~~~~~~~~~
POPULATIONS//POPULATION_0023//INDIVIDUAL_GYZV87BE/model.cpp: In instantiation of 'Type objective_function<Type>::operator()() [with Type = double]':
C:/Users/spi085/AppData/Local/Programs/R/R-4.4.1/library/TMB/include/tmb_core.hpp:2031:7:   required from here
POPULATIONS//POPULATION_0023//INDIVIDUAL_GYZV87BE/model.cpp:19:18: error: 'PARAMETER_VALUE' was not declared in this scope; did you mean 'PARAMETER_VECTOR'?
   19 |   PARAMETER_VALUE(log_r_cots, 0.5);          // Log of intrinsic growth rate of COTS (year^-1)
      |   ~~~~~~~~~~~~~~~^~~~~~~~~~~~~~~~~
      |   PARAMETER_VECTOR
POPULATIONS//POPULATION_0023//INDIVIDUAL_GYZV87BE/model.cpp:20:18: error: 'PARAMETER_VALUE' was not declared in this scope, and no declarations were found by argument-dependent lookup at the point of instantiation
   20 |   PARAMETER_VALUE(log_K_cots, 2.0);          // Log of carrying capacity of COTS (individuals/m2)
      |   ~~~~~~~~~~~~~~~^~~~~~~~~~~~~~~~~
POPULATIONS//POPULATION_0023//INDIVIDUAL_GYZV87BE/model.cpp:19:18: note: 'PARAMETER_VALUE' declared here, later in the translation unit
   19 |   PARAMETER_VALUE(log_r_cots, 0.5);          // Log of intrinsic growth rate of COTS (year^-1)
      |   ~~~~~~~~~~~~~~~^~~~~~~~~~~~~~~~~
POPULATIONS//POPULATION_0023//INDIVIDUAL_GYZV87BE/model.cpp:21:18: error: 'PARAMETER_VALUE' was not declared in this scope, and no declarations were found by argument-dependent lookup at the point of instantiation
   21 |   PARAMETER_VALUE(log_m_cots, -0.5);          // Log of natural mortality rate of COTS (year^-1)
      |   ~~~~~~~~~~~~~~~^~~~~~~~~~~~~~~~~~
POPULATIONS//POPULATION_0023//INDIVIDUAL_GYZV87BE/model.cpp:19:18: note: 'PARAMETER_VALUE' declared here, later in the translation unit
   19 |   PARAMETER_VALUE(log_r_cots, 0.5);          // Log of intrinsic growth rate of COTS (year^-1)
      |   ~~~~~~~~~~~~~~~^~~~~~~~~~~~~~~~~
POPULATIONS//POPULATION_0023//INDIVIDUAL_GYZV87BE/model.cpp:22:18: error: 'PARAMETER_VALUE' was not declared in this scope, and no declarations were found by argument-dependent lookup at the point of instantiation
   22 |   PARAMETER_VALUE(log_p_cots, -1.0);          // Log of predation rate on COTS (year^-1)
      |   ~~~~~~~~~~~~~~~^~~~~~~~~~~~~~~~~~
POPULATIONS//POPULATION_0023//INDIVIDUAL_GYZV87BE/model.cpp:19:18: note: 'PARAMETER_VALUE' declared here, later in the translation unit
   19 |   PARAMETER_VALUE(log_r_cots, 0.5);          // Log of intrinsic growth rate of COTS (year^-1)
      |   ~~~~~~~~~~~~~~~^~~~~~~~~~~~~~~~~
POPULATIONS//POPULATION_0023//INDIVIDUAL_GYZV87BE/model.cpp:23:18: error: 'PARAMETER_VALUE' was not declared in this scope, and no declarations were found by argument-dependent lookup at the point of instantiation
   23 |   PARAMETER_VALUE(log_K1_cots, -0.5);         // Log of half-saturation constant for COTS predation (individuals/m2)
      |   ~~~~~~~~~~~~~~~^~~~~~~~~~~~~~~~~~~
POPULATIONS//POPULATION_0023//INDIVIDUAL_GYZV87BE/model.cpp:19:18: note: 'PARAMETER_VALUE' declared here, later in the translation unit
   19 |   PARAMETER_VALUE(log_r_cots, 0.5);          // Log of intrinsic growth rate of COTS (year^-1)
      |   ~~~~~~~~~~~~~~~^~~~~~~~~~~~~~~~~
POPULATIONS//POPULATION_0023//INDIVIDUAL_GYZV87BE/model.cpp:24:18: error: 'PARAMETER_VALUE' was not declared in this scope, and no declarations were found by argument-dependent lookup at the point of instantiation
   24 |   PARAMETER_VALUE(log_a_fast, -2.0);         // Log of attack rate of COTS on fast-growing coral (m2/individual/year)
      |   ~~~~~~~~~~~~~~~^~~~~~~~~~~~~~~~~~
POPULATIONS//POPULATION_0023//INDIVIDUAL_GYZV87BE/model.cpp:19:18: note: 'PARAMETER_VALUE' declared here, later in the translation unit
   19 |   PARAMETER_VALUE(log_r_cots, 0.5);          // Log of intrinsic growth rate of COTS (year^-1)
      |   ~~~~~~~~~~~~~~~^~~~~~~~~~~~~~~~~
POPULATIONS//POPULATION_0023//INDIVIDUAL_GYZV87BE/model.cpp:25:18: error: 'PARAMETER_VALUE' was not declared in this scope, and no declarations were found by argument-dependent lookup at the point of instantiation
   25 |   PARAMETER_VALUE(log_a_slow, -3.0);         // Log of attack rate of COTS on slow-growing coral (m2/individual/year)
      |   ~~~~~~~~~~~~~~~^~~~~~~~~~~~~~~~~~
POPULATIONS//POPULATION_0023//INDIVIDUAL_GYZV87BE/model.cpp:19:18: note: 'PARAMETER_VALUE' declared here, later in the translation unit
   19 |   PARAMETER_VALUE(log_r_cots, 0.5);          // Log of intrinsic growth rate of COTS (year^-1)
      |   ~~~~~~~~~~~~~~~^~~~~~~~~~~~~~~~~
POPULATIONS//POPULATION_0023//INDIVIDUAL_GYZV87BE/model.cpp:26:18: error: 'PARAMETER_VALUE' was not declared in this scope, and no declarations were found by argument-dependent lookup at the point of instantiation
   26 |   PARAMETER_VALUE(log_K_fast, 3.0);         // Log of carrying capacity of fast-growing coral (%)
      |   ~~~~~~~~~~~~~~~^~~~~~~~~~~~~~~~~
POPULATIONS//POPULATION_0023//INDIVIDUAL_GYZV87BE/model.cpp:19:18: note: 'PARAMETER_VALUE' declared here, later in the translation unit
   19 |   PARAMETER_VALUE(log_r_cots, 0.5);          // Log of intrinsic growth rate of COTS (year^-1)
      |   ~~~~~~~~~~~~~~~^~~~~~~~~~~~~~~~~
POPULATIONS//POPULATION_0023//INDIVIDUAL_GYZV87BE/model.cpp:27:18: error: 'PARAMETER_VALUE' was not declared in this scope, and no declarations were found by argument-dependent lookup at the point of instantiation
   27 |   PARAMETER_VALUE(log_K_slow, 3.0);         // Log of carrying capacity of slow-growing coral (%)
      |   ~~~~~~~~~~~~~~~^~~~~~~~~~~~~~~~~
POPULATIONS//POPULATION_0023//INDIVIDUAL_GYZV87BE/model.cpp:19:18: note: 'PARAMETER_VALUE' declared here, later in the translation unit
   19 |   PARAMETER_VALUE(log_r_cots, 0.5);          // Log of intrinsic growth rate of COTS (year^-1)
      |   ~~~~~~~~~~~~~~~^~~~~~~~~~~~~~~~~
POPULATIONS//POPULATION_0023//INDIVIDUAL_GYZV87BE/model.cpp:28:18: error: 'PARAMETER_VALUE' was not declared in this scope, and no declarations were found by argument-dependent lookup at the point of instantiation
   28 |   PARAMETER_VALUE(log_r_fast, 0.8);         // Log of growth rate of fast-growing coral (year^-1)
      |   ~~~~~~~~~~~~~~~^~~~~~~~~~~~~~~~~
POPULATIONS//POPULATION_0023//INDIVIDUAL_GYZV87BE/model.cpp:19:18: note: 'PARAMETER_VALUE' declared here, later in the translation unit
   19 |   PARAMETER_VALUE(log_r_cots, 0.5);          // Log of intrinsic growth rate of COTS (year^-1)
      |   ~~~~~~~~~~~~~~~^~~~~~~~~~~~~~~~~
POPULATIONS//POPULATION_0023//INDIVIDUAL_GYZV87BE/model.cpp:29:18: error: 'PARAMETER_VALUE' was not declared in this scope, and no declarations were found by argument-dependent lookup at the point of instantiation
   29 |   PARAMETER_VALUE(log_r_slow, 0.3);         // Log of growth rate of slow-growing coral (year^-1)
      |   ~~~~~~~~~~~~~~~^~~~~~~~~~~~~~~~~
POPULATIONS//POPULATION_0023//INDIVIDUAL_GYZV87BE/model.cpp:19:18: note: 'PARAMETER_VALUE' declared here, later in the translation unit
   19 |   PARAMETER_VALUE(log_r_cots, 0.5);          // Log of intrinsic growth rate of COTS (year^-1)
      |   ~~~~~~~~~~~~~~~^~~~~~~~~~~~~~~~~
POPULATIONS//POPULATION_0023//INDIVIDUAL_GYZV87BE/model.cpp:30:18: error: 'PARAMETER_VALUE' was not declared in this scope, and no declarations were found by argument-dependent lookup at the point of instantiation
   30 |   PARAMETER_VALUE(log_m_fast, -0.2);         // Log of mortality rate of fast-growing coral (year^-1)
      |   ~~~~~~~~~~~~~~~^~~~~~~~~~~~~~~~~~
POPULATIONS//POPULATION_0023//INDIVIDUAL_GYZV87BE/model.cpp:19:18: note: 'PARAMETER_VALUE' declared here, later in the translation unit
   19 |   PARAMETER_VALUE(log_r_cots, 0.5);          // Log of intrinsic growth rate of COTS (year^-1)
      |   ~~~~~~~~~~~~~~~^~~~~~~~~~~~~~~~~
POPULATIONS//POPULATION_0023//INDIVIDUAL_GYZV87BE/model.cpp:31:18: error: 'PARAMETER_VALUE' was not declared in this scope, and no declarations were found by argument-dependent lookup at the point of instantiation
   31 |   PARAMETER_VALUE(log_m_slow, -0.7);         // Log of mortality rate of slow-growing coral (year^-1)
      |   ~~~~~~~~~~~~~~~^~~~~~~~~~~~~~~~~~
POPULATIONS//POPULATION_0023//INDIVIDUAL_GYZV87BE/model.cpp:19:18: note: 'PARAMETER_VALUE' declared here, later in the translation unit
   19 |   PARAMETER_VALUE(log_r_cots, 0.5);          // Log of intrinsic growth rate of COTS (year^-1)
      |   ~~~~~~~~~~~~~~~^~~~~~~~~~~~~~~~~
POPULATIONS//POPULATION_0023//INDIVIDUAL_GYZV87BE/model.cpp:32:18: error: 'PARAMETER_VALUE' was not declared in this scope, and no declarations were found by argument-dependent lookup at the point of instantiation
   32 |   PARAMETER_VALUE(log_temp_sensitivity_fast, -3.0); // Log of temperature sensitivity of fast-growing coral (Celsius^-1)
      |   ~~~~~~~~~~~~~~~^~~~~~~~~~~~~~~~~~~~~~~~~~~~~~~~~
POPULATIONS//POPULATION_0023//INDIVIDUAL_GYZV87BE/model.cpp:19:18: note: 'PARAMETER_VALUE' declared here, later in the translation unit
   19 |   PARAMETER_VALUE(log_r_cots, 0.5);          // Log of intrinsic growth rate of COTS (year^-1)
      |   ~~~~~~~~~~~~~~~^~~~~~~~~~~~~~~~~
POPULATIONS//POPULATION_0023//INDIVIDUAL_GYZV87BE/model.cpp:33:18: error: 'PARAMETER_VALUE' was not declared in this scope, and no declarations were found by argument-dependent lookup at the point of instantiation
   33 |   PARAMETER_VALUE(log_temp_sensitivity_slow, -3.0); // Log of temperature sensitivity of slow-growing coral (Celsius^-1)
      |   ~~~~~~~~~~~~~~~^~~~~~~~~~~~~~~~~~~~~~~~~~~~~~~~~
POPULATIONS//POPULATION_0023//INDIVIDUAL_GYZV87BE/model.cpp:19:18: note: 'PARAMETER_VALUE' declared here, later in the translation unit
   19 |   PARAMETER_VALUE(log_r_cots, 0.5);          // Log of intrinsic growth rate of COTS (year^-1)
      |   ~~~~~~~~~~~~~~~^~~~~~~~~~~~~~~~~
POPULATIONS//POPULATION_0023//INDIVIDUAL_GYZV87BE/model.cpp:34:18: error: 'PARAMETER_VALUE' was not declared in this scope, and no declarations were found by argument-dependent lookup at the point of instantiation
   34 |   PARAMETER_VALUE(log_sigma_cots, -0.5);      // Log of standard deviation of COTS observation error
      |   ~~~~~~~~~~~~~~~^~~~~~~~~~~~~~~~~~~~~~
POPULATIONS//POPULATION_0023//INDIVIDUAL_GYZV87BE/model.cpp:19:18: note: 'PARAMETER_VALUE' declared here, later in the translation unit
   19 |   PARAMETER_VALUE(log_r_cots, 0.5);          // Log of intrinsic growth rate of COTS (year^-1)
      |   ~~~~~~~~~~~~~~~^~~~~~~~~~~~~~~~~
POPULATIONS//POPULATION_0023//INDIVIDUAL_GYZV87BE/model.cpp:35:18: error: 'PARAMETER_VALUE' was not declared in this scope, and no declarations were found by argument-dependent lookup at the point of instantiation
   35 |   PARAMETER_VALUE(log_sigma_slow, -0.5);      // Log of standard deviation of slow-growing coral observation error
      |   ~~~~~~~~~~~~~~~^~~~~~~~~~~~~~~~~~~~~~
POPULATIONS//POPULATION_0023//INDIVIDUAL_GYZV87BE/model.cpp:19:18: note: 'PARAMETER_VALUE' declared here, later in the translation unit
   19 |   PARAMETER_VALUE(log_r_cots, 0.5);          // Log of intrinsic growth rate of COTS (year^-1)
      |   ~~~~~~~~~~~~~~~^~~~~~~~~~~~~~~~~
POPULATIONS//POPULATION_0023//INDIVIDUAL_GYZV87BE/model.cpp:36:18: error: 'PARAMETER_VALUE' was not declared in this scope, and no declarations were found by argument-dependent lookup at the point of instantiation
   36 |   PARAMETER_VALUE(log_sigma_fast, -0.5);      // Log of standard deviation of fast-growing coral observation error
      |   ~~~~~~~~~~~~~~~^~~~~~~~~~~~~~~~~~~~~~
POPULATIONS//POPULATION_0023//INDIVIDUAL_GYZV87BE/model.cpp:19:18: note: 'PARAMETER_VALUE' declared here, later in the translation unit
   19 |   PARAMETER_VALUE(log_r_cots, 0.5);          // Log of intrinsic growth rate of COTS (year^-1)
      |   ~~~~~~~~~~~~~~~^~~~~~~~~~~~~~~~~
POPULATIONS//POPULATION_0023//INDIVIDUAL_GYZV87BE/model.cpp:37:18: error: 'PARAMETER_VALUE' was not declared in this scope, and no declarations were found by argument-dependent lookup at the point of instantiation
   37 |   PARAMETER_VALUE(log_density_dependence_cotsimm, -5.0); // Log of density dependence of COTS larval immigration
      |   ~~~~~~~~~~~~~~~^~~~~~~~~~~~~~~~~~~~~~~~~~~~~~~~~~~~~~
POPULATIONS//POPULATION_0023//INDIVIDUAL_GYZV87BE/model.cpp:19:18: note: 'PARAMETER_VALUE' declared here, later in the translation unit
   19 |   PARAMETER_VALUE(log_r_cots, 0.5);          // Log of intrinsic growth rate of COTS (year^-1)
      |   ~~~~~~~~~~~~~~~^~~~~~~~~~~~~~~~~
POPULATIONS//POPULATION_0023//INDIVIDUAL_GYZV87BE/model.cpp:38:18: error: 'PARAMETER_VALUE' was not declared in this scope, and no declarations were found by argument-dependent lookup at the point of instantiation
   38 |   PARAMETER_VALUE(log_allee_cots, -1.0);       // Log of COTS density at which Allee effect significantly reduces growth (individuals/m2)
      |   ~~~~~~~~~~~~~~~^~~~~~~~~~~~~~~~~~~~~~
POPULATIONS//POPULATION_0023//INDIVIDUAL_GYZV87BE/model.cpp:19:18: note: 'PARAMETER_VALUE' declared here, later in the translation unit
   19 |   PARAMETER_VALUE(log_r_cots, 0.5);          // Log of intrinsic growth rate of COTS (year^-1)
      |   ~~~~~~~~~~~~~~~^~~~~~~~~~~~~~~~~
POPULATIONS//POPULATION_0023//INDIVIDUAL_GYZV87BE/model.cpp:39:18: error: 'PARAMETER_VALUE' was not declared in this scope, and no declarations were found by argument-dependent lookup at the point of instantiation
   39 |   PARAMETER_VALUE(log_K2_fast, -0.5);         // Log of half-saturation constant for COTS predation on fast-growing coral (individuals/m2)
      |   ~~~~~~~~~~~~~~~^~~~~~~~~~~~~~~~~~~
POPULATIONS//POPULATION_0023//INDIVIDUAL_GYZV87BE/model.cpp:19:18: note: 'PARAMETER_VALUE' declared here, later in the translation unit
   19 |   PARAMETER_VALUE(log_r_cots, 0.5);          // Log of intrinsic growth rate of COTS (year^-1)
      |   ~~~~~~~~~~~~~~~^~~~~~~~~~~~~~~~~
POPULATIONS//POPULATION_0023//INDIVIDUAL_GYZV87BE/model.cpp: In instantiation of 'Type objective_function<Type>::operator()() [with Type = CppAD::AD<CppAD::AD<double> >]':
C:/Users/spi085/AppData/Local/Programs/R/R-4.4.1/library/TMB/include/tmb_core.hpp:913:29:   required from 'Type objective_function<Type>::evalUserTemplate() [with Type = CppAD::AD<CppAD::AD<double> >]'
C:/Users/spi085/AppData/Local/Programs/R/R-4.4.1/library/TMB/include/tmb_core.hpp:2112:26:   required from here
POPULATIONS//POPULATION_0023//INDIVIDUAL_GYZV87BE/model.cpp:19:18: error: 'PARAMETER_VALUE' was not declared in this scope; did you mean 'PARAMETER_VECTOR'?
   19 |   PARAMETER_VALUE(log_r_cots, 0.5);          // Log of intrinsic growth rate of COTS (year^-1)
      |   ~~~~~~~~~~~~~~~^~~~~~~~~~~~~~~~~
      |   PARAMETER_VECTOR
POPULATIONS//POPULATION_0023//INDIVIDUAL_GYZV87BE/model.cpp:20:18: error: 'PARAMETER_VALUE' was not declared in this scope, and no declarations were found by argument-dependent lookup at the point of instantiation
   20 |   PARAMETER_VALUE(log_K_cots, 2.0);          // Log of carrying capacity of COTS (individuals/m2)
      |   ~~~~~~~~~~~~~~~^~~~~~~~~~~~~~~~~
POPULATIONS//POPULATION_0023//INDIVIDUAL_GYZV87BE/model.cpp:19:18: note: 'PARAMETER_VALUE' declared here, later in the translation unit
   19 |   PARAMETER_VALUE(log_r_cots, 0.5);          // Log of intrinsic growth rate of COTS (year^-1)
      |   ~~~~~~~~~~~~~~~^~~~~~~~~~~~~~~~~
POPULATIONS//POPULATION_0023//INDIVIDUAL_GYZV87BE/model.cpp:21:18: error: 'PARAMETER_VALUE' was not declared in this scope, and no declarations were found by argument-dependent lookup at the point of instantiation
   21 |   PARAMETER_VALUE(log_m_cots, -0.5);          // Log of natural mortality rate of COTS (year^-1)
      |   ~~~~~~~~~~~~~~~^~~~~~~~~~~~~~~~~~
POPULATIONS//POPULATION_0023//INDIVIDUAL_GYZV87BE/model.cpp:19:18: note: 'PARAMETER_VALUE' declared here, later in the translation unit
   19 |   PARAMETER_VALUE(log_r_cots, 0.5);          // Log of intrinsic growth rate of COTS (year^-1)
      |   ~~~~~~~~~~~~~~~^~~~~~~~~~~~~~~~~
POPULATIONS//POPULATION_0023//INDIVIDUAL_GYZV87BE/model.cpp:22:18: error: 'PARAMETER_VALUE' was not declared in this scope, and no declarations were found by argument-dependent lookup at the point of instantiation
   22 |   PARAMETER_VALUE(log_p_cots, -1.0);          // Log of predation rate on COTS (year^-1)
      |   ~~~~~~~~~~~~~~~^~~~~~~~~~~~~~~~~~
POPULATIONS//POPULATION_0023//INDIVIDUAL_GYZV87BE/model.cpp:19:18: note: 'PARAMETER_VALUE' declared here, later in the translation unit
   19 |   PARAMETER_VALUE(log_r_cots, 0.5);          // Log of intrinsic growth rate of COTS (year^-1)
      |   ~~~~~~~~~~~~~~~^~~~~~~~~~~~~~~~~
POPULATIONS//POPULATION_0023//INDIVIDUAL_GYZV87BE/model.cpp:23:18: error: 'PARAMETER_VALUE' was not declared in this scope, and no declarations were found by argument-dependent lookup at the point of instantiation
   23 |   PARAMETER_VALUE(log_K1_cots, -0.5);         // Log of half-saturation constant for COTS predation (individuals/m2)
      |   ~~~~~~~~~~~~~~~^~~~~~~~~~~~~~~~~~~
POPULATIONS//POPULATION_0023//INDIVIDUAL_GYZV87BE/model.cpp:19:18: note: 'PARAMETER_VALUE' declared here, later in the translation unit
   19 |   PARAMETER_VALUE(log_r_cots, 0.5);          // Log of intrinsic growth rate of COTS (year^-1)
      |   ~~~~~~~~~~~~~~~^~~~~~~~~~~~~~~~~
POPULATIONS//POPULATION_0023//INDIVIDUAL_GYZV87BE/model.cpp:24:18: error: 'PARAMETER_VALUE' was not declared in this scope, and no declarations were found by argument-dependent lookup at the point of instantiation
   24 |   PARAMETER_VALUE(log_a_fast, -2.0);         // Log of attack rate of COTS on fast-growing coral (m2/individual/year)
      |   ~~~~~~~~~~~~~~~^~~~~~~~~~~~~~~~~~
POPULATIONS//POPULATION_0023//INDIVIDUAL_GYZV87BE/model.cpp:19:18: note: 'PARAMETER_VALUE' declared here, later in the translation unit
   19 |   PARAMETER_VALUE(log_r_cots, 0.5);          // Log of intrinsic growth rate of COTS (year^-1)
      |   ~~~~~~~~~~~~~~~^~~~~~~~~~~~~~~~~
POPULATIONS//POPULATION_0023//INDIVIDUAL_GYZV87BE/model.cpp:25:18: error: 'PARAMETER_VALUE' was not declared in this scope, and no declarations were found by argument-dependent lookup at the point of instantiation
   25 |   PARAMETER_VALUE(log_a_slow, -3.0);         // Log of attack rate of COTS on slow-growing coral (m2/individual/year)
      |   ~~~~~~~~~~~~~~~^~~~~~~~~~~~~~~~~~
POPULATIONS//POPULATION_0023//INDIVIDUAL_GYZV87BE/model.cpp:19:18: note: 'PARAMETER_VALUE' declared here, later in the translation unit
   19 |   PARAMETER_VALUE(log_r_cots, 0.5);          // Log of intrinsic growth rate of COTS (year^-1)
      |   ~~~~~~~~~~~~~~~^~~~~~~~~~~~~~~~~
POPULATIONS//POPULATION_0023//INDIVIDUAL_GYZV87BE/model.cpp:26:18: error: 'PARAMETER_VALUE' was not declared in this scope, and no declarations were found by argument-dependent lookup at the point of instantiation
   26 |   PARAMETER_VALUE(log_K_fast, 3.0);         // Log of carrying capacity of fast-growing coral (%)
      |   ~~~~~~~~~~~~~~~^~~~~~~~~~~~~~~~~
POPULATIONS//POPULATION_0023//INDIVIDUAL_GYZV87BE/model.cpp:19:18: note: 'PARAMETER_VALUE' declared here, later in the translation unit
   19 |   PARAMETER_VALUE(log_r_cots, 0.5);          // Log of intrinsic growth rate of COTS (year^-1)
      |   ~~~~~~~~~~~~~~~^~~~~~~~~~~~~~~~~
POPULATIONS//POPULATION_0023//INDIVIDUAL_GYZV87BE/model.cpp:27:18: error: 'PARAMETER_VALUE' was not declared in this scope, and no declarations were found by argument-dependent lookup at the point of instantiation
   27 |   PARAMETER_VALUE(log_K_slow, 3.0);         // Log of carrying capacity of slow-growing coral (%)
      |   ~~~~~~~~~~~~~~~^~~~~~~~~~~~~~~~~
POPULATIONS//POPULATION_0023//INDIVIDUAL_GYZV87BE/model.cpp:19:18: note: 'PARAMETER_VALUE' declared here, later in the translation unit
   19 |   PARAMETER_VALUE(log_r_cots, 0.5);          // Log of intrinsic growth rate of COTS (year^-1)
      |   ~~~~~~~~~~~~~~~^~~~~~~~~~~~~~~~~
POPULATIONS//POPULATION_0023//INDIVIDUAL_GYZV87BE/model.cpp:28:18: error: 'PARAMETER_VALUE' was not declared in this scope, and no declarations were found by argument-dependent lookup at the point of instantiation
   28 |   PARAMETER_VALUE(log_r_fast, 0.8);         // Log of growth rate of fast-growing coral (year^-1)
      |   ~~~~~~~~~~~~~~~^~~~~~~~~~~~~~~~~
POPULATIONS//POPULATION_0023//INDIVIDUAL_GYZV87BE/model.cpp:19:18: note: 'PARAMETER_VALUE' declared here, later in the translation unit
   19 |   PARAMETER_VALUE(log_r_cots, 0.5);          // Log of intrinsic growth rate of COTS (year^-1)
      |   ~~~~~~~~~~~~~~~^~~~~~~~~~~~~~~~~
POPULATIONS//POPULATION_0023//INDIVIDUAL_GYZV87BE/model.cpp:29:18: error: 'PARAMETER_VALUE' was not declared in this scope, and no declarations were found by argument-dependent lookup at the point of instantiation
   29 |   PARAMETER_VALUE(log_r_slow, 0.3);         // Log of growth rate of slow-growing coral (year^-1)
      |   ~~~~~~~~~~~~~~~^~~~~~~~~~~~~~~~~
POPULATIONS//POPULATION_0023//INDIVIDUAL_GYZV87BE/model.cpp:19:18: note: 'PARAMETER_VALUE' declared here, later in the translation unit
   19 |   PARAMETER_VALUE(log_r_cots, 0.5);          // Log of intrinsic growth rate of COTS (year^-1)
      |   ~~~~~~~~~~~~~~~^~~~~~~~~~~~~~~~~
POPULATIONS//POPULATION_0023//INDIVIDUAL_GYZV87BE/model.cpp:30:18: error: 'PARAMETER_VALUE' was not declared in this scope, and no declarations were found by argument-dependent lookup at the point of instantiation
   30 |   PARAMETER_VALUE(log_m_fast, -0.2);         // Log of mortality rate of fast-growing coral (year^-1)
      |   ~~~~~~~~~~~~~~~^~~~~~~~~~~~~~~~~~
POPULATIONS//POPULATION_0023//INDIVIDUAL_GYZV87BE/model.cpp:19:18: note: 'PARAMETER_VALUE' declared here, later in the translation unit
   19 |   PARAMETER_VALUE(log_r_cots, 0.5);          // Log of intrinsic growth rate of COTS (year^-1)
      |   ~~~~~~~~~~~~~~~^~~~~~~~~~~~~~~~~
POPULATIONS//POPULATION_0023//INDIVIDUAL_GYZV87BE/model.cpp:31:18: error: 'PARAMETER_VALUE' was not declared in this scope, and no declarations were found by argument-dependent lookup at the point of instantiation
   31 |   PARAMETER_VALUE(log_m_slow, -0.7);         // Log of mortality rate of slow-growing coral (year^-1)
      |   ~~~~~~~~~~~~~~~^~~~~~~~~~~~~~~~~~
POPULATIONS//POPULATION_0023//INDIVIDUAL_GYZV87BE/model.cpp:19:18: note: 'PARAMETER_VALUE' declared here, later in the translation unit
   19 |   PARAMETER_VALUE(log_r_cots, 0.5);          // Log of intrinsic growth rate of COTS (year^-1)
      |   ~~~~~~~~~~~~~~~^~~~~~~~~~~~~~~~~
POPULATIONS//POPULATION_0023//INDIVIDUAL_GYZV87BE/model.cpp:32:18: error: 'PARAMETER_VALUE' was not declared in this scope, and no declarations were found by argument-dependent lookup at the point of instantiation
   32 |   PARAMETER_VALUE(log_temp_sensitivity_fast, -3.0); // Log of temperature sensitivity of fast-growing coral (Celsius^-1)
      |   ~~~~~~~~~~~~~~~^~~~~~~~~~~~~~~~~~~~~~~~~~~~~~~~~
POPULATIONS//POPULATION_0023//INDIVIDUAL_GYZV87BE/model.cpp:19:18: note: 'PARAMETER_VALUE' declared here, later in the translation unit
   19 |   PARAMETER_VALUE(log_r_cots, 0.5);          // Log of intrinsic growth rate of COTS (year^-1)
      |   ~~~~~~~~~~~~~~~^~~~~~~~~~~~~~~~~
POPULATIONS//POPULATION_0023//INDIVIDUAL_GYZV87BE/model.cpp:33:18: error: 'PARAMETER_VALUE' was not declared in this scope, and no declarations were found by argument-dependent lookup at the point of instantiation
   33 |   PARAMETER_VALUE(log_temp_sensitivity_slow, -3.0); // Log of temperature sensitivity of slow-growing coral (Celsius^-1)
      |   ~~~~~~~~~~~~~~~^~~~~~~~~~~~~~~~~~~~~~~~~~~~~~~~~
POPULATIONS//POPULATION_0023//INDIVIDUAL_GYZV87BE/model.cpp:19:18: note: 'PARAMETER_VALUE' declared here, later in the translation unit
   19 |   PARAMETER_VALUE(log_r_cots, 0.5);          // Log of intrinsic growth rate of COTS (year^-1)
      |   ~~~~~~~~~~~~~~~^~~~~~~~~~~~~~~~~
POPULATIONS//POPULATION_0023//INDIVIDUAL_GYZV87BE/model.cpp:34:18: error: 'PARAMETER_VALUE' was not declared in this scope, and no declarations were found by argument-dependent lookup at the point of instantiation
   34 |   PARAMETER_VALUE(log_sigma_cots, -0.5);      // Log of standard deviation of COTS observation error
      |   ~~~~~~~~~~~~~~~^~~~~~~~~~~~~~~~~~~~~~
POPULATIONS//POPULATION_0023//INDIVIDUAL_GYZV87BE/model.cpp:19:18: note: 'PARAMETER_VALUE' declared here, later in the translation unit
   19 |   PARAMETER_VALUE(log_r_cots, 0.5);          // Log of intrinsic growth rate of COTS (year^-1)
      |   ~~~~~~~~~~~~~~~^~~~~~~~~~~~~~~~~
POPULATIONS//POPULATION_0023//INDIVIDUAL_GYZV87BE/model.cpp:35:18: error: 'PARAMETER_VALUE' was not declared in this scope, and no declarations were found by argument-dependent lookup at the point of instantiation
   35 |   PARAMETER_VALUE(log_sigma_slow, -0.5);      // Log of standard deviation of slow-growing coral observation error
      |   ~~~~~~~~~~~~~~~^~~~~~~~~~~~~~~~~~~~~~
POPULATIONS//POPULATION_0023//INDIVIDUAL_GYZV87BE/model.cpp:19:18: note: 'PARAMETER_VALUE' declared here, later in the translation unit
   19 |   PARAMETER_VALUE(log_r_cots, 0.5);          // Log of intrinsic growth rate of COTS (year^-1)
      |   ~~~~~~~~~~~~~~~^~~~~~~~~~~~~~~~~
POPULATIONS//POPULATION_0023//INDIVIDUAL_GYZV87BE/model.cpp:36:18: error: 'PARAMETER_VALUE' was not declared in this scope, and no declarations were found by argument-dependent lookup at the point of instantiation
   36 |   PARAMETER_VALUE(log_sigma_fast, -0.5);      // Log of standard deviation of fast-growing coral observation error
      |   ~~~~~~~~~~~~~~~^~~~~~~~~~~~~~~~~~~~~~
POPULATIONS//POPULATION_0023//INDIVIDUAL_GYZV87BE/model.cpp:19:18: note: 'PARAMETER_VALUE' declared here, later in the translation unit
   19 |   PARAMETER_VALUE(log_r_cots, 0.5);          // Log of intrinsic growth rate of COTS (year^-1)
      |   ~~~~~~~~~~~~~~~^~~~~~~~~~~~~~~~~
POPULATIONS//POPULATION_0023//INDIVIDUAL_GYZV87BE/model.cpp:37:18: error: 'PARAMETER_VALUE' was not declared in this scope, and no declarations were found by argument-dependent lookup at the point of instantiation
   37 |   PARAMETER_VALUE(log_density_dependence_cotsimm, -5.0); // Log of density dependence of COTS larval immigration
      |   ~~~~~~~~~~~~~~~^~~~~~~~~~~~~~~~~~~~~~~~~~~~~~~~~~~~~~
POPULATIONS//POPULATION_0023//INDIVIDUAL_GYZV87BE/model.cpp:19:18: note: 'PARAMETER_VALUE' declared here, later in the translation unit
   19 |   PARAMETER_VALUE(log_r_cots, 0.5);          // Log of intrinsic growth rate of COTS (year^-1)
      |   ~~~~~~~~~~~~~~~^~~~~~~~~~~~~~~~~
POPULATIONS//POPULATION_0023//INDIVIDUAL_GYZV87BE/model.cpp:38:18: error: 'PARAMETER_VALUE' was not declared in this scope, and no declarations were found by argument-dependent lookup at the point of instantiation
   38 |   PARAMETER_VALUE(log_allee_cots, -1.0);       // Log of COTS density at which Allee effect significantly reduces growth (individuals/m2)
      |   ~~~~~~~~~~~~~~~^~~~~~~~~~~~~~~~~~~~~~
POPULATIONS//POPULATION_0023//INDIVIDUAL_GYZV87BE/model.cpp:19:18: note: 'PARAMETER_VALUE' declared here, later in the translation unit
   19 |   PARAMETER_VALUE(log_r_cots, 0.5);          // Log of intrinsic growth rate of COTS (year^-1)
      |   ~~~~~~~~~~~~~~~^~~~~~~~~~~~~~~~~
POPULATIONS//POPULATION_0023//INDIVIDUAL_GYZV87BE/model.cpp:39:18: error: 'PARAMETER_VALUE' was not declared in this scope, and no declarations were found by argument-dependent lookup at the point of instantiation
   39 |   PARAMETER_VALUE(log_K2_fast, -0.5);         // Log of half-saturation constant for COTS predation on fast-growing coral (individuals/m2)
      |   ~~~~~~~~~~~~~~~^~~~~~~~~~~~~~~~~~~
POPULATIONS//POPULATION_0023//INDIVIDUAL_GYZV87BE/model.cpp:19:18: note: 'PARAMETER_VALUE' declared here, later in the translation unit
   19 |   PARAMETER_VALUE(log_r_cots, 0.5);          // Log of intrinsic growth rate of COTS (year^-1)
      |   ~~~~~~~~~~~~~~~^~~~~~~~~~~~~~~~~
POPULATIONS//POPULATION_0023//INDIVIDUAL_GYZV87BE/model.cpp: In instantiation of 'Type objective_function<Type>::operator()() [with Type = CppAD::AD<CppAD::AD<CppAD::AD<double> > >]':
C:/Users/spi085/AppData/Local/Programs/R/R-4.4.1/library/TMB/include/tmb_core.hpp:913:29:   required from 'Type objective_function<Type>::evalUserTemplate() [with Type = CppAD::AD<CppAD::AD<CppAD::AD<double> > >]'
C:/Users/spi085/AppData/Local/Programs/R/R-4.4.1/library/TMB/include/tmb_core.hpp:2361:28:   required from here
POPULATIONS//POPULATION_0023//INDIVIDUAL_GYZV87BE/model.cpp:19:18: error: 'PARAMETER_VALUE' was not declared in this scope; did you mean 'PARAMETER_VECTOR'?
   19 |   PARAMETER_VALUE(log_r_cots, 0.5);          // Log of intrinsic growth rate of COTS (year^-1)
      |   ~~~~~~~~~~~~~~~^~~~~~~~~~~~~~~~~
      |   PARAMETER_VECTOR
POPULATIONS//POPULATION_0023//INDIVIDUAL_GYZV87BE/model.cpp:20:18: error: 'PARAMETER_VALUE' was not declared in this scope, and no declarations were found by argument-dependent lookup at the point of instantiation
   20 |   PARAMETER_VALUE(log_K_cots, 2.0);          // Log of carrying capacity of COTS (individuals/m2)
      |   ~~~~~~~~~~~~~~~^~~~~~~~~~~~~~~~~
POPULATIONS//POPULATION_0023//INDIVIDUAL_GYZV87BE/model.cpp:19:18: note: 'PARAMETER_VALUE' declared here, later in the translation unit
   19 |   PARAMETER_VALUE(log_r_cots, 0.5);          // Log of intrinsic growth rate of COTS (year^-1)
      |   ~~~~~~~~~~~~~~~^~~~~~~~~~~~~~~~~
POPULATIONS//POPULATION_0023//INDIVIDUAL_GYZV87BE/model.cpp:21:18: error: 'PARAMETER_VALUE' was not declared in this scope, and no declarations were found by argument-dependent lookup at the point of instantiation
   21 |   PARAMETER_VALUE(log_m_cots, -0.5);          // Log of natural mortality rate of COTS (year^-1)
      |   ~~~~~~~~~~~~~~~^~~~~~~~~~~~~~~~~~
POPULATIONS//POPULATION_0023//INDIVIDUAL_GYZV87BE/model.cpp:19:18: note: 'PARAMETER_VALUE' declared here, later in the translation unit
   19 |   PARAMETER_VALUE(log_r_cots, 0.5);          // Log of intrinsic growth rate of COTS (year^-1)
      |   ~~~~~~~~~~~~~~~^~~~~~~~~~~~~~~~~
POPULATIONS//POPULATION_0023//INDIVIDUAL_GYZV87BE/model.cpp:22:18: error: 'PARAMETER_VALUE' was not declared in this scope, and no declarations were found by argument-dependent lookup at the point of instantiation
   22 |   PARAMETER_VALUE(log_p_cots, -1.0);          // Log of predation rate on COTS (year^-1)
      |   ~~~~~~~~~~~~~~~^~~~~~~~~~~~~~~~~~
POPULATIONS//POPULATION_0023//INDIVIDUAL_GYZV87BE/model.cpp:19:18: note: 'PARAMETER_VALUE' declared here, later in the translation unit
   19 |   PARAMETER_VALUE(log_r_cots, 0.5);          // Log of intrinsic growth rate of COTS (year^-1)
      |   ~~~~~~~~~~~~~~~^~~~~~~~~~~~~~~~~
POPULATIONS//POPULATION_0023//INDIVIDUAL_GYZV87BE/model.cpp:23:18: error: 'PARAMETER_VALUE' was not declared in this scope, and no declarations were found by argument-dependent lookup at the point of instantiation
   23 |   PARAMETER_VALUE(log_K1_cots, -0.5);         // Log of half-saturation constant for COTS predation (individuals/m2)
      |   ~~~~~~~~~~~~~~~^~~~~~~~~~~~~~~~~~~
POPULATIONS//POPULATION_0023//INDIVIDUAL_GYZV87BE/model.cpp:19:18: note: 'PARAMETER_VALUE' declared here, later in the translation unit
   19 |   PARAMETER_VALUE(log_r_cots, 0.5);          // Log of intrinsic growth rate of COTS (year^-1)
      |   ~~~~~~~~~~~~~~~^~~~~~~~~~~~~~~~~
POPULATIONS//POPULATION_0023//INDIVIDUAL_GYZV87BE/model.cpp:24:18: error: 'PARAMETER_VALUE' was not declared in this scope, and no declarations were found by argument-dependent lookup at the point of instantiation
   24 |   PARAMETER_VALUE(log_a_fast, -2.0);         // Log of attack rate of COTS on fast-growing coral (m2/individual/year)
      |   ~~~~~~~~~~~~~~~^~~~~~~~~~~~~~~~~~
POPULATIONS//POPULATION_0023//INDIVIDUAL_GYZV87BE/model.cpp:19:18: note: 'PARAMETER_VALUE' declared here, later in the translation unit
   19 |   PARAMETER_VALUE(log_r_cots, 0.5);          // Log of intrinsic growth rate of COTS (year^-1)
      |   ~~~~~~~~~~~~~~~^~~~~~~~~~~~~~~~~
POPULATIONS//POPULATION_0023//INDIVIDUAL_GYZV87BE/model.cpp:25:18: error: 'PARAMETER_VALUE' was not declared in this scope, and no declarations were found by argument-dependent lookup at the point of instantiation
   25 |   PARAMETER_VALUE(log_a_slow, -3.0);         // Log of attack rate of COTS on slow-growing coral (m2/individual/year)
      |   ~~~~~~~~~~~~~~~^~~~~~~~~~~~~~~~~~
POPULATIONS//POPULATION_0023//INDIVIDUAL_GYZV87BE/model.cpp:19:18: note: 'PARAMETER_VALUE' declared here, later in the translation unit
   19 |   PARAMETER_VALUE(log_r_cots, 0.5);          // Log of intrinsic growth rate of COTS (year^-1)
      |   ~~~~~~~~~~~~~~~^~~~~~~~~~~~~~~~~
POPULATIONS//POPULATION_0023//INDIVIDUAL_GYZV87BE/model.cpp:26:18: error: 'PARAMETER_VALUE' was not declared in this scope, and no declarations were found by argument-dependent lookup at the point of instantiation
   26 |   PARAMETER_VALUE(log_K_fast, 3.0);         // Log of carrying capacity of fast-growing coral (%)
      |   ~~~~~~~~~~~~~~~^~~~~~~~~~~~~~~~~
POPULATIONS//POPULATION_0023//INDIVIDUAL_GYZV87BE/model.cpp:19:18: note: 'PARAMETER_VALUE' declared here, later in the translation unit
   19 |   PARAMETER_VALUE(log_r_cots, 0.5);          // Log of intrinsic growth rate of COTS (year^-1)
      |   ~~~~~~~~~~~~~~~^~~~~~~~~~~~~~~~~
POPULATIONS//POPULATION_0023//INDIVIDUAL_GYZV87BE/model.cpp:27:18: error: 'PARAMETER_VALUE' was not declared in this scope, and no declarations were found by argument-dependent lookup at the point of instantiation
   27 |   PARAMETER_VALUE(log_K_slow, 3.0);         // Log of carrying capacity of slow-growing coral (%)
      |   ~~~~~~~~~~~~~~~^~~~~~~~~~~~~~~~~
POPULATIONS//POPULATION_0023//INDIVIDUAL_GYZV87BE/model.cpp:19:18: note: 'PARAMETER_VALUE' declared here, later in the translation unit
   19 |   PARAMETER_VALUE(log_r_cots, 0.5);          // Log of intrinsic growth rate of COTS (year^-1)
      |   ~~~~~~~~~~~~~~~^~~~~~~~~~~~~~~~~
POPULATIONS//POPULATION_0023//INDIVIDUAL_GYZV87BE/model.cpp:28:18: error: 'PARAMETER_VALUE' was not declared in this scope, and no declarations were found by argument-dependent lookup at the point of instantiation
   28 |   PARAMETER_VALUE(log_r_fast, 0.8);         // Log of growth rate of fast-growing coral (year^-1)
      |   ~~~~~~~~~~~~~~~^~~~~~~~~~~~~~~~~
POPULATIONS//POPULATION_0023//INDIVIDUAL_GYZV87BE/model.cpp:19:18: note: 'PARAMETER_VALUE' declared here, later in the translation unit
   19 |   PARAMETER_VALUE(log_r_cots, 0.5);          // Log of intrinsic growth rate of COTS (year^-1)
      |   ~~~~~~~~~~~~~~~^~~~~~~~~~~~~~~~~
POPULATIONS//POPULATION_0023//INDIVIDUAL_GYZV87BE/model.cpp:29:18: error: 'PARAMETER_VALUE' was not declared in this scope, and no declarations were found by argument-dependent lookup at the point of instantiation
   29 |   PARAMETER_VALUE(log_r_slow, 0.3);         // Log of growth rate of slow-growing coral (year^-1)
      |   ~~~~~~~~~~~~~~~^~~~~~~~~~~~~~~~~
POPULATIONS//POPULATION_0023//INDIVIDUAL_GYZV87BE/model.cpp:19:18: note: 'PARAMETER_VALUE' declared here, later in the translation unit
   19 |   PARAMETER_VALUE(log_r_cots, 0.5);          // Log of intrinsic growth rate of COTS (year^-1)
      |   ~~~~~~~~~~~~~~~^~~~~~~~~~~~~~~~~
POPULATIONS//POPULATION_0023//INDIVIDUAL_GYZV87BE/model.cpp:30:18: error: 'PARAMETER_VALUE' was not declared in this scope, and no declarations were found by argument-dependent lookup at the point of instantiation
   30 |   PARAMETER_VALUE(log_m_fast, -0.2);         // Log of mortality rate of fast-growing coral (year^-1)
      |   ~~~~~~~~~~~~~~~^~~~~~~~~~~~~~~~~~
POPULATIONS//POPULATION_0023//INDIVIDUAL_GYZV87BE/model.cpp:19:18: note: 'PARAMETER_VALUE' declared here, later in the translation unit
   19 |   PARAMETER_VALUE(log_r_cots, 0.5);          // Log of intrinsic growth rate of COTS (year^-1)
      |   ~~~~~~~~~~~~~~~^~~~~~~~~~~~~~~~~
POPULATIONS//POPULATION_0023//INDIVIDUAL_GYZV87BE/model.cpp:31:18: error: 'PARAMETER_VALUE' was not declared in this scope, and no declarations were found by argument-dependent lookup at the point of instantiation
   31 |   PARAMETER_VALUE(log_m_slow, -0.7);         // Log of mortality rate of slow-growing coral (year^-1)
      |   ~~~~~~~~~~~~~~~^~~~~~~~~~~~~~~~~~
POPULATIONS//POPULATION_0023//INDIVIDUAL_GYZV87BE/model.cpp:19:18: note: 'PARAMETER_VALUE' declared here, later in the translation unit
   19 |   PARAMETER_VALUE(log_r_cots, 0.5);          // Log of intrinsic growth rate of COTS (year^-1)
      |   ~~~~~~~~~~~~~~~^~~~~~~~~~~~~~~~~
POPULATIONS//POPULATION_0023//INDIVIDUAL_GYZV87BE/model.cpp:32:18: error: 'PARAMETER_VALUE' was not declared in this scope, and no declarations were found by argument-dependent lookup at the point of instantiation
   32 |   PARAMETER_VALUE(log_temp_sensitivity_fast, -3.0); // Log of temperature sensitivity of fast-growing coral (Celsius^-1)
      |   ~~~~~~~~~~~~~~~^~~~~~~~~~~~~~~~~~~~~~~~~~~~~~~~~
POPULATIONS//POPULATION_0023//INDIVIDUAL_GYZV87BE/model.cpp:19:18: note: 'PARAMETER_VALUE' declared here, later in the translation unit
   19 |   PARAMETER_VALUE(log_r_cots, 0.5);          // Log of intrinsic growth rate of COTS (year^-1)
      |   ~~~~~~~~~~~~~~~^~~~~~~~~~~~~~~~~
POPULATIONS//POPULATION_0023//INDIVIDUAL_GYZV87BE/model.cpp:33:18: error: 'PARAMETER_VALUE' was not declared in this scope, and no declarations were found by argument-dependent lookup at the point of instantiation
   33 |   PARAMETER_VALUE(log_temp_sensitivity_slow, -3.0); // Log of temperature sensitivity of slow-growing coral (Celsius^-1)
      |   ~~~~~~~~~~~~~~~^~~~~~~~~~~~~~~~~~~~~~~~~~~~~~~~~
POPULATIONS//POPULATION_0023//INDIVIDUAL_GYZV87BE/model.cpp:19:18: note: 'PARAMETER_VALUE' declared here, later in the translation unit
   19 |   PARAMETER_VALUE(log_r_cots, 0.5);          // Log of intrinsic growth rate of COTS (year^-1)
      |   ~~~~~~~~~~~~~~~^~~~~~~~~~~~~~~~~
POPULATIONS//POPULATION_0023//INDIVIDUAL_GYZV87BE/model.cpp:34:18: error: 'PARAMETER_VALUE' was not declared in this scope, and no declarations were found by argument-dependent lookup at the point of instantiation
   34 |   PARAMETER_VALUE(log_sigma_cots, -0.5);      // Log of standard deviation of COTS observation error
      |   ~~~~~~~~~~~~~~~^~~~~~~~~~~~~~~~~~~~~~
POPULATIONS//POPULATION_0023//INDIVIDUAL_GYZV87BE/model.cpp:19:18: note: 'PARAMETER_VALUE' declared here, later in the translation unit
   19 |   PARAMETER_VALUE(log_r_cots, 0.5);          // Log of intrinsic growth rate of COTS (year^-1)
      |   ~~~~~~~~~~~~~~~^~~~~~~~~~~~~~~~~
POPULATIONS//POPULATION_0023//INDIVIDUAL_GYZV87BE/model.cpp:35:18: error: 'PARAMETER_VALUE' was not declared in this scope, and no declarations were found by argument-dependent lookup at the point of instantiation
   35 |   PARAMETER_VALUE(log_sigma_slow, -0.5);      // Log of standard deviation of slow-growing coral observation error
      |   ~~~~~~~~~~~~~~~^~~~~~~~~~~~~~~~~~~~~~
POPULATIONS//POPULATION_0023//INDIVIDUAL_GYZV87BE/model.cpp:19:18: note: 'PARAMETER_VALUE' declared here, later in the translation unit
   19 |   PARAMETER_VALUE(log_r_cots, 0.5);          // Log of intrinsic growth rate of COTS (year^-1)
      |   ~~~~~~~~~~~~~~~^~~~~~~~~~~~~~~~~
POPULATIONS//POPULATION_0023//INDIVIDUAL_GYZV87BE/model.cpp:36:18: error: 'PARAMETER_VALUE' was not declared in this scope, and no declarations were found by argument-dependent lookup at the point of instantiation
   36 |   PARAMETER_VALUE(log_sigma_fast, -0.5);      // Log of standard deviation of fast-growing coral observation error
      |   ~~~~~~~~~~~~~~~^~~~~~~~~~~~~~~~~~~~~~
POPULATIONS//POPULATION_0023//INDIVIDUAL_GYZV87BE/model.cpp:19:18: note: 'PARAMETER_VALUE' declared here, later in the translation unit
   19 |   PARAMETER_VALUE(log_r_cots, 0.5);          // Log of intrinsic growth rate of COTS (year^-1)
      |   ~~~~~~~~~~~~~~~^~~~~~~~~~~~~~~~~
POPULATIONS//POPULATION_0023//INDIVIDUAL_GYZV87BE/model.cpp:37:18: error: 'PARAMETER_VALUE' was not declared in this scope, and no declarations were found by argument-dependent lookup at the point of instantiation
   37 |   PARAMETER_VALUE(log_density_dependence_cotsimm, -5.0); // Log of density dependence of COTS larval immigration
      |   ~~~~~~~~~~~~~~~^~~~~~~~~~~~~~~~~~~~~~~~~~~~~~~~~~~~~~
POPULATIONS//POPULATION_0023//INDIVIDUAL_GYZV87BE/model.cpp:19:18: note: 'PARAMETER_VALUE' declared here, later in the translation unit
   19 |   PARAMETER_VALUE(log_r_cots, 0.5);          // Log of intrinsic growth rate of COTS (year^-1)
      |   ~~~~~~~~~~~~~~~^~~~~~~~~~~~~~~~~
POPULATIONS//POPULATION_0023//INDIVIDUAL_GYZV87BE/model.cpp:38:18: error: 'PARAMETER_VALUE' was not declared in this scope, and no declarations were found by argument-dependent lookup at the point of instantiation
   38 |   PARAMETER_VALUE(log_allee_cots, -1.0);       // Log of COTS density at which Allee effect significantly reduces growth (individuals/m2)
      |   ~~~~~~~~~~~~~~~^~~~~~~~~~~~~~~~~~~~~~
POPULATIONS//POPULATION_0023//INDIVIDUAL_GYZV87BE/model.cpp:19:18: note: 'PARAMETER_VALUE' declared here, later in the translation unit
   19 |   PARAMETER_VALUE(log_r_cots, 0.5);          // Log of intrinsic growth rate of COTS (year^-1)
      |   ~~~~~~~~~~~~~~~^~~~~~~~~~~~~~~~~
POPULATIONS//POPULATION_0023//INDIVIDUAL_GYZV87BE/model.cpp:39:18: error: 'PARAMETER_VALUE' was not declared in this scope, and no declarations were found by argument-dependent lookup at the point of instantiation
   39 |   PARAMETER_VALUE(log_K2_fast, -0.5);         // Log of half-saturation constant for COTS predation on fast-growing coral (individuals/m2)
      |   ~~~~~~~~~~~~~~~^~~~~~~~~~~~~~~~~~~
POPULATIONS//POPULATION_0023//INDIVIDUAL_GYZV87BE/model.cpp:19:18: note: 'PARAMETER_VALUE' declared here, later in the translation unit
   19 |   PARAMETER_VALUE(log_r_cots, 0.5);          // Log of intrinsic growth rate of COTS (year^-1)
      |   ~~~~~~~~~~~~~~~^~~~~~~~~~~~~~~~~
make: *** [C:/Users/spi085/AppData/Local/Programs/R/R-4.4.1/etc/x64/Makeconf:296: POPULATIONS//POPULATION_0023//INDIVIDUAL_GYZV87BE/model.o] Error 1
Error in TMB::compile(file.path(individual_dir, model_file), flags = flags,  : 
  Compilation failed
Error: Compilation failed
Execution halted[0m
[91mModel failed to compile.[0m
Fixing broken model iteration: 2
You are absolutely correct! My apologies. I used PARAMETER_VALUE incorrectly. It is not a built-in TMB macro. I should have used PARAMETER and then initialized the variables.                            

Here are the corrected SEARCH/REPLACE blocks:                                                                                                                                                             

POPULATIONS\POPULATION_0023\INDIVIDUAL_GYZV87BE\model.cpp                                                                                                                                                 

                                                                                                                                                                                                          
 <<<<<<< SEARCH                                                                                                                                                                                           
   // --- Parameters: ---                                                                                                                                                                                 
   PARAMETER_VALUE(log_r_cots, 0.5);          // Log of intrinsic growth rate of COTS (year^-1)                                                                                                           
   PARAMETER_VALUE(log_K_cots, 2.0);          // Log of carrying capacity of COTS (individuals/m2)                                                                                                        
   PARAMETER_VALUE(log_m_cots, -0.5);          // Log of natural mortality rate of COTS (year^-1)                                                                                                         
   PARAMETER_VALUE(log_p_cots, -1.0);          // Log of predation rate on COTS (year^-1)                                                                                                                 
   PARAMETER_VALUE(log_K1_cots, -0.5);         // Log of half-saturation constant for COTS predation (individuals/m2)                                                                                     
   PARAMETER_VALUE(log_a_fast, -2.0);         // Log of attack rate of COTS on fast-growing coral (m2/individual/year)                                                                                    
   PARAMETER_VALUE(log_a_slow, -3.0);         // Log of attack rate of COTS on slow-growing coral (m2/individual/year)                                                                                    
   PARAMETER_VALUE(log_K_fast, 3.0);         // Log of carrying capacity of fast-growing coral (%)                                                                                                        
   PARAMETER_VALUE(log_K_slow, 3.0);         // Log of carrying capacity of slow-growing coral (%)                                                                                                        
   PARAMETER_VALUE(log_r_fast, 0.8);         // Log of growth rate of fast-growing coral (year^-1)                                                                                                        
   PARAMETER_VALUE(log_r_slow, 0.3);         // Log of growth rate of slow-growing coral (year^-1)                                                                                                        
   PARAMETER_VALUE(log_m_fast, -0.2);         // Log of mortality rate of fast-growing coral (year^-1)                                                                                                    
   PARAMETER_VALUE(log_m_slow, -0.7);         // Log of mortality rate of slow-growing coral (year^-1)                                                                                                    
   PARAMETER_VALUE(log_temp_sensitivity_fast, -3.0); // Log of temperature sensitivity of fast-growing coral (Celsius^-1)                                                                                 
   PARAMETER_VALUE(log_temp_sensitivity_slow, -3.0); // Log of temperature sensitivity of slow-growing coral (Celsius^-1)                                                                                 
   PARAMETER_VALUE(log_sigma_cots, -0.5);      // Log of standard deviation of COTS observation error                                                                                                     
   PARAMETER_VALUE(log_sigma_slow, -0.5);      // Log of standard deviation of slow-growing coral observation error                                                                                       
   PARAMETER_VALUE(log_sigma_fast, -0.5);      // Log of standard deviation of fast-growing coral observation error                                                                                       
   PARAMETER_VALUE(log_density_dependence_cotsimm, -5.0); // Log of density dependence of COTS larval immigration                                                                                         
   PARAMETER_VALUE(log_allee_cots, -1.0);       // Log of COTS density at which Allee effect significantly reduces growth (individuals/m2)                                                                
   PARAMETER_VALUE(log_K2_fast, -0.5);         // Log of half-saturation constant for COTS predation on fast-growing coral (individuals/m2)                                                               
 =======                                                                                                                                                                                                  
   // --- Parameters: ---                                                                                                                                                                                 
   PARAMETER(log_r_cots);          // Log of intrinsic growth rate of COTS (year^-1)                                                                                                                      
   PARAMETER(log_K_cots);          // Log of carrying capacity of COTS (individuals/m2)                                                                                                                   
   PARAMETER(log_m_cots);          // Log of natural mortality rate of COTS (year^-1)                                                                                                                     
   PARAMETER(log_p_cots);          // Log of predation rate on COTS (year^-1)                                                                                                                             
   PARAMETER(log_K1_cots);         // Log of half-saturation constant for COTS predation (individuals/m2)                                                                                                 
   PARAMETER(log_a_fast);         // Log of attack rate of COTS on fast-growing coral (m2/individual/year)                                                                                                
   PARAMETER(log_a_slow);         // Log of attack rate of COTS on slow-growing coral (m2/individual/year)                                                                                                
   PARAMETER(log_K_fast);         // Log of carrying capacity of fast-growing coral (%)                                                                                                                   
   PARAMETER(log_K_slow);         // Log of carrying capacity of slow-growing coral (%)                                                                                                                   
   PARAMETER(log_r_fast);         // Log of growth rate of fast-growing coral (year^-1)                                                                                                                   
   PARAMETER(log_r_slow);         // Log of growth rate of slow-growing coral (year^-1)                                                                                                                   
   PARAMETER(log_m_fast);         // Log of mortality rate of fast-growing coral (year^-1)                                                                                                                
   PARAMETER(log_m_slow);         // Log of mortality rate of slow-growing coral (year^-1)                                                                                                                
   PARAMETER(log_temp_sensitivity_fast); // Log of temperature sensitivity of fast-growing coral (Celsius^-1)                                                                                             
   PARAMETER(log_temp_sensitivity_slow); // Log of temperature sensitivity of slow-growing coral (Celsius^-1)                                                                                             
   PARAMETER(log_sigma_cots);      // Log of standard deviation of COTS observation error                                                                                                                 
   PARAMETER(log_sigma_slow);      // Log of standard deviation of slow-growing coral observation error                                                                                                   
   PARAMETER(log_sigma_fast);      // Log of standard deviation of fast-growing coral observation error                                                                                                   
   PARAMETER(log_density_dependence_cotsimm); // Log of density dependence of COTS larval immigration                                                                                                     
   PARAMETER(log_allee_cots);       // Log of COTS density at which Allee effect significantly reduces growth (individuals/m2)                                                                            
   PARAMETER(log_K2_fast);         // Log of half-saturation constant for COTS predation on fast-growing coral (individuals/m2)                                                                           
 >>>>>>> REPLACE                                                                                                                                                                                          
                                                                                                                                                                                                          

POPULATIONS\POPULATION_0023\INDIVIDUAL_GYZV87BE\model.cpp                                                                                                                                                 

                                                                                                                                                                                                          
 <<<<<<< SEARCH                                                                                                                                                                                           
   // --- Initial conditions: ---                                                                                                                                                                         
   cots_pred(0) = cots_dat(0);    // Initial COTS abundance                                                                                                                                               
   slow_pred(0) = slow_dat(0);    // Initial slow-growing coral cover                                                                                                                                     
   fast_pred(0) = fast_dat(0);    // Initial fast-growing coral cover                                                                                                                                     
 =======                                                                                                                                                                                                  
   // --- Initialize parameters: ---                                                                                                                                                                      
   log_r_cots.setValue(0.5);                                                                                                                                                                              
   log_K_cots.setValue(2.0);                                                                                                                                                                              
   log_m_cots.setValue(-0.5);                                                                                                                                                                             
   log_p_cots.setValue(-1.0);                                                                                                                                                                             
   log_K1_cots.setValue(-0.5);                                                                                                                                                                            
   log_a_fast.setValue(-2.0);                                                                                                                                                                             
   log_a_slow.setValue(-3.0);                                                                                                                                                                             
   log_K_fast.setValue(3.0);                                                                                                                                                                              
   log_K_slow.setValue(3.0);                                                                                                                                                                              
   log_r_fast.setValue(0.8);                                                                                                                                                                              
   log_r_slow.setValue(0.3);                                                                                                                                                                              
   log_m_fast.setValue(-0.2);                                                                                                                                                                             
   log_m_slow.setValue(-0.7);                                                                                                                                                                             
   log_temp_sensitivity_fast.setValue(-3.0);                                                                                                                                                              
   log_temp_sensitivity_slow.setValue(-3.0);                                                                                                                                                              
   log_sigma_cots.setValue(-0.5);                                                                                                                                                                         
   log_sigma_slow.setValue(-0.5);                                                                                                                                                                         
   log_sigma_fast.setValue(-0.5);                                                                                                                                                                         
   log_density_dependence_cotsimm.setValue(-5.0);                                                                                                                                                         
   log_allee_cots.setValue(-1.0);                                                                                                                                                                         
   log_K2_fast.setValue(-0.5);                                                                                                                                                                            
                                                                                                                                                                                                          
     // --- Initial conditions: ---                                                                                                                                                                       
   cots_pred(0) = cots_dat(0);    // Initial COTS abundance                                                                                                                                               
   slow_pred(0) = slow_dat(0);    // Initial slow-growing coral cover                                                                                                                                     
   fast_pred(0) = fast_dat(0);    // Initial fast-growing coral cover                                                                                                                                     
 >>>>>>> REPLACE                                                                                                                                                                                          
                                                                                                                                                                                                          

Tokens: 39k sent, 1.6k received. Cost: $0.0045 message, $0.01 session.
Committing POPULATIONS\POPULATION_0023\INDIVIDUAL_GYZV87BE\model.cpp before applying edits.
Unable to add C:\Users\spi085\OneDrive - CSIRO\Documents\_Projects\SCCP-QuantModelling\POPULATIONS\POPULATION_0023\INDIVIDUAL_GYZV87BE\model.cpp: Cmd('git') failed due to: exit code(1)
  cmdline: git add C:\Users\spi085\OneDrive - CSIRO\Documents\_Projects\SCCP-QuantModelling\POPULATIONS\POPULATION_0023\INDIVIDUAL_GYZV87BE\model.cpp
  stderr: 'The following paths are ignored by one of your .gitignore files:
POPULATIONS
hint: Use -f if you really want to add them.
hint: Turn this message off by running
hint: "git config advice.addIgnoredFile false"'
Unable to commit: Cmd('git') failed due to: exit code(1)
  cmdline: git commit -m feat: Add model.cpp for individual GYZV87BE in population 0023 --no-verify -- C:\Users\spi085\OneDrive - 
CSIRO\Documents\_Projects\SCCP-QuantModelling\POPULATIONS\POPULATION_0023\INDIVIDUAL_GYZV87BE\model.cpp
  stderr: 'error: pathspec 'C:\Users\spi085\OneDrive - CSIRO\Documents\_Projects\SCCP-QuantModelling\POPULATIONS\POPULATION_0023\INDIVIDUAL_GYZV87BE\model.cpp' did not match any file(s) known to git'
Applied edit to POPULATIONS\POPULATION_0023\INDIVIDUAL_GYZV87BE\model.cpp
Validating fixed model for data leakage...
Opening file: POPULATIONS\POPULATION_0023\INDIVIDUAL_GYZV87BE\model.cpp
File read successfully
Extracting vectors...
Found data vectors: {'slow_dat', 'fast_dat', 'cotsimm_dat', 'cots_dat', 'Year', 'sst_dat'}
Found prediction vectors: {'slow_pred', 'fast_pred', 'cots_pred'}
Found reported vectors: {'slow_pred', 'fast_pred', 'cots_pred'}
Finding initial conditions...
Found 3 initial conditions
Finding time-stepping loop...
Found loop from line 104 to 128
Found response variables from Data/timeseries_data_COTS_response.csv: {'cots_dat', 'slow_dat', 'fast_dat'}
[93mRunning model for individual...[0m
[0mIndividual directory: POPULATIONS\POPULATION_0023\INDIVIDUAL_GYZV87BE[0m
[93mR script stdout:[0m
[0mg++ -std=gnu++17  -I"C:/Users/spi085/AppData/Local/Programs/R/R-4.4.1/include" -DNDEBUG -I"C:/Users/spi085/AppData/Local/Programs/R/R-44~1.1/library/TMB/include" -I"C:/Users/spi085/AppData/Local/Programs/R/R-44~1.1/library/RCPPEI~1/include"   -DTMB_EIGEN_DISABLE_WARNINGS   -DTMB_LIB_INIT=R_init_model  -DCPPAD_FRAMEWORK    -I"C:/rtools44/x86_64-w64-mingw32.static.posix/include"     -O2 -Wa,-mbig-obj -c POPULATIONS//POPULATION_0023//INDIVIDUAL_GYZV87BE/model.cpp -o POPULATIONS//POPULATION_0023//INDIVIDUAL_GYZV87BE/model.o[0m
[93mR script stderr:[0m
[0mLoading required package: TMB
Loading required package: jsonlite
here() starts at C:/Users/spi085/OneDrive - CSIRO/Documents/_Projects/SCCP-QuantModelling
using C++ compiler: 'G__~1.EXE (GCC) 13.2.0'
POPULATIONS//POPULATION_0023//INDIVIDUAL_GYZV87BE/model.cpp: In instantiation of 'Type objective_function<Type>::operator()() [with Type = CppAD::AD<double>]':
C:/Users/spi085/AppData/Local/Programs/R/R-4.4.1/library/TMB/include/tmb_core.hpp:1308:6:   required from here
POPULATIONS//POPULATION_0023//INDIVIDUAL_GYZV87BE/model.cpp:73:14: error: 'class CppAD::AD<double>' has no member named 'setValue'
   73 |   log_r_cots.setValue(0.5);
      |   ~~~~~~~~~~~^~~~~~~~
POPULATIONS//POPULATION_0023//INDIVIDUAL_GYZV87BE/model.cpp:74:14: error: 'class CppAD::AD<double>' has no member named 'setValue'
   74 |   log_K_cots.setValue(2.0);
      |   ~~~~~~~~~~~^~~~~~~~
POPULATIONS//POPULATION_0023//INDIVIDUAL_GYZV87BE/model.cpp:75:14: error: 'class CppAD::AD<double>' has no member named 'setValue'
   75 |   log_m_cots.setValue(-0.5);
      |   ~~~~~~~~~~~^~~~~~~~
POPULATIONS//POPULATION_0023//INDIVIDUAL_GYZV87BE/model.cpp:76:14: error: 'class CppAD::AD<double>' has no member named 'setValue'
   76 |   log_p_cots.setValue(-1.0);
      |   ~~~~~~~~~~~^~~~~~~~
POPULATIONS//POPULATION_0023//INDIVIDUAL_GYZV87BE/model.cpp:77:15: error: 'class CppAD::AD<double>' has no member named 'setValue'
   77 |   log_K1_cots.setValue(-0.5);
      |   ~~~~~~~~~~~~^~~~~~~~
POPULATIONS//POPULATION_0023//INDIVIDUAL_GYZV87BE/model.cpp:78:14: error: 'class CppAD::AD<double>' has no member named 'setValue'
   78 |   log_a_fast.setValue(-2.0);
      |   ~~~~~~~~~~~^~~~~~~~
POPULATIONS//POPULATION_0023//INDIVIDUAL_GYZV87BE/model.cpp:79:14: error: 'class CppAD::AD<double>' has no member named 'setValue'
   79 |   log_a_slow.setValue(-3.0);
      |   ~~~~~~~~~~~^~~~~~~~
POPULATIONS//POPULATION_0023//INDIVIDUAL_GYZV87BE/model.cpp:80:14: error: 'class CppAD::AD<double>' has no member named 'setValue'
   80 |   log_K_fast.setValue(3.0);
      |   ~~~~~~~~~~~^~~~~~~~
POPULATIONS//POPULATION_0023//INDIVIDUAL_GYZV87BE/model.cpp:81:14: error: 'class CppAD::AD<double>' has no member named 'setValue'
   81 |   log_K_slow.setValue(3.0);
      |   ~~~~~~~~~~~^~~~~~~~
POPULATIONS//POPULATION_0023//INDIVIDUAL_GYZV87BE/model.cpp:82:14: error: 'class CppAD::AD<double>' has no member named 'setValue'
   82 |   log_r_fast.setValue(0.8);
      |   ~~~~~~~~~~~^~~~~~~~
POPULATIONS//POPULATION_0023//INDIVIDUAL_GYZV87BE/model.cpp:83:14: error: 'class CppAD::AD<double>' has no member named 'setValue'
   83 |   log_r_slow.setValue(0.3);
      |   ~~~~~~~~~~~^~~~~~~~
POPULATIONS//POPULATION_0023//INDIVIDUAL_GYZV87BE/model.cpp:84:14: error: 'class CppAD::AD<double>' has no member named 'setValue'
   84 |   log_m_fast.setValue(-0.2);
      |   ~~~~~~~~~~~^~~~~~~~
POPULATIONS//POPULATION_0023//INDIVIDUAL_GYZV87BE/model.cpp:85:14: error: 'class CppAD::AD<double>' has no member named 'setValue'
   85 |   log_m_slow.setValue(-0.7);
      |   ~~~~~~~~~~~^~~~~~~~
POPULATIONS//POPULATION_0023//INDIVIDUAL_GYZV87BE/model.cpp:86:29: error: 'class CppAD::AD<double>' has no member named 'setValue'
   86 |   log_temp_sensitivity_fast.setValue(-3.0);
      |   ~~~~~~~~~~~~~~~~~~~~~~~~~~^~~~~~~~
POPULATIONS//POPULATION_0023//INDIVIDUAL_GYZV87BE/model.cpp:87:29: error: 'class CppAD::AD<double>' has no member named 'setValue'
   87 |   log_temp_sensitivity_slow.setValue(-3.0);
      |   ~~~~~~~~~~~~~~~~~~~~~~~~~~^~~~~~~~
POPULATIONS//POPULATION_0023//INDIVIDUAL_GYZV87BE/model.cpp:88:18: error: 'class CppAD::AD<double>' has no member named 'setValue'
   88 |   log_sigma_cots.setValue(-0.5);
      |   ~~~~~~~~~~~~~~~^~~~~~~~
POPULATIONS//POPULATION_0023//INDIVIDUAL_GYZV87BE/model.cpp:89:18: error: 'class CppAD::AD<double>' has no member named 'setValue'
   89 |   log_sigma_slow.setValue(-0.5);
      |   ~~~~~~~~~~~~~~~^~~~~~~~
POPULATIONS//POPULATION_0023//INDIVIDUAL_GYZV87BE/model.cpp:90:18: error: 'class CppAD::AD<double>' has no member named 'setValue'
   90 |   log_sigma_fast.setValue(-0.5);
      |   ~~~~~~~~~~~~~~~^~~~~~~~
POPULATIONS//POPULATION_0023//INDIVIDUAL_GYZV87BE/model.cpp:91:34: error: 'class CppAD::AD<double>' has no member named 'setValue'
   91 |   log_density_dependence_cotsimm.setValue(-5.0);
      |   ~~~~~~~~~~~~~~~~~~~~~~~~~~~~~~~^~~~~~~~
POPULATIONS//POPULATION_0023//INDIVIDUAL_GYZV87BE/model.cpp:92:18: error: 'class CppAD::AD<double>' has no member named 'setValue'
   92 |   log_allee_cots.setValue(-1.0);
      |   ~~~~~~~~~~~~~~~^~~~~~~~
POPULATIONS//POPULATION_0023//INDIVIDUAL_GYZV87BE/model.cpp:93:15: error: 'class CppAD::AD<double>' has no member named 'setValue'
   93 |   log_K2_fast.setValue(-0.5);
      |   ~~~~~~~~~~~~^~~~~~~~
POPULATIONS//POPULATION_0023//INDIVIDUAL_GYZV87BE/model.cpp: In instantiation of 'Type objective_function<Type>::operator()() [with Type = double]':
C:/Users/spi085/AppData/Local/Programs/R/R-4.4.1/library/TMB/include/tmb_core.hpp:2031:7:   required from here
POPULATIONS//POPULATION_0023//INDIVIDUAL_GYZV87BE/model.cpp:73:14: error: request for member 'setValue' in 'log_r_cots', which is of non-class type 'double'
   73 |   log_r_cots.setValue(0.5);
      |   ~~~~~~~~~~~^~~~~~~~
POPULATIONS//POPULATION_0023//INDIVIDUAL_GYZV87BE/model.cpp:74:14: error: request for member 'setValue' in 'log_K_cots', which is of non-class type 'double'
   74 |   log_K_cots.setValue(2.0);
      |   ~~~~~~~~~~~^~~~~~~~
POPULATIONS//POPULATION_0023//INDIVIDUAL_GYZV87BE/model.cpp:75:14: error: request for member 'setValue' in 'log_m_cots', which is of non-class type 'double'
   75 |   log_m_cots.setValue(-0.5);
      |   ~~~~~~~~~~~^~~~~~~~
POPULATIONS//POPULATION_0023//INDIVIDUAL_GYZV87BE/model.cpp:76:14: error: request for member 'setValue' in 'log_p_cots', which is of non-class type 'double'
   76 |   log_p_cots.setValue(-1.0);
      |   ~~~~~~~~~~~^~~~~~~~
POPULATIONS//POPULATION_0023//INDIVIDUAL_GYZV87BE/model.cpp:77:15: error: request for member 'setValue' in 'log_K1_cots', which is of non-class type 'double'
   77 |   log_K1_cots.setValue(-0.5);
      |   ~~~~~~~~~~~~^~~~~~~~
POPULATIONS//POPULATION_0023//INDIVIDUAL_GYZV87BE/model.cpp:78:14: error: request for member 'setValue' in 'log_a_fast', which is of non-class type 'double'
   78 |   log_a_fast.setValue(-2.0);
      |   ~~~~~~~~~~~^~~~~~~~
POPULATIONS//POPULATION_0023//INDIVIDUAL_GYZV87BE/model.cpp:79:14: error: request for member 'setValue' in 'log_a_slow', which is of non-class type 'double'
   79 |   log_a_slow.setValue(-3.0);
      |   ~~~~~~~~~~~^~~~~~~~
POPULATIONS//POPULATION_0023//INDIVIDUAL_GYZV87BE/model.cpp:80:14: error: request for member 'setValue' in 'log_K_fast', which is of non-class type 'double'
   80 |   log_K_fast.setValue(3.0);
      |   ~~~~~~~~~~~^~~~~~~~
POPULATIONS//POPULATION_0023//INDIVIDUAL_GYZV87BE/model.cpp:81:14: error: request for member 'setValue' in 'log_K_slow', which is of non-class type 'double'
   81 |   log_K_slow.setValue(3.0);
      |   ~~~~~~~~~~~^~~~~~~~
POPULATIONS//POPULATION_0023//INDIVIDUAL_GYZV87BE/model.cpp:82:14: error: request for member 'setValue' in 'log_r_fast', which is of non-class type 'double'
   82 |   log_r_fast.setValue(0.8);
      |   ~~~~~~~~~~~^~~~~~~~
POPULATIONS//POPULATION_0023//INDIVIDUAL_GYZV87BE/model.cpp:83:14: error: request for member 'setValue' in 'log_r_slow', which is of non-class type 'double'
   83 |   log_r_slow.setValue(0.3);
      |   ~~~~~~~~~~~^~~~~~~~
POPULATIONS//POPULATION_0023//INDIVIDUAL_GYZV87BE/model.cpp:84:14: error: request for member 'setValue' in 'log_m_fast', which is of non-class type 'double'
   84 |   log_m_fast.setValue(-0.2);
      |   ~~~~~~~~~~~^~~~~~~~
POPULATIONS//POPULATION_0023//INDIVIDUAL_GYZV87BE/model.cpp:85:14: error: request for member 'setValue' in 'log_m_slow', which is of non-class type 'double'
   85 |   log_m_slow.setValue(-0.7);
      |   ~~~~~~~~~~~^~~~~~~~
POPULATIONS//POPULATION_0023//INDIVIDUAL_GYZV87BE/model.cpp:86:29: error: request for member 'setValue' in 'log_temp_sensitivity_fast', which is of non-class type 'double'
   86 |   log_temp_sensitivity_fast.setValue(-3.0);
      |   ~~~~~~~~~~~~~~~~~~~~~~~~~~^~~~~~~~
POPULATIONS//POPULATION_0023//INDIVIDUAL_GYZV87BE/model.cpp:87:29: error: request for member 'setValue' in 'log_temp_sensitivity_slow', which is of non-class type 'double'
   87 |   log_temp_sensitivity_slow.setValue(-3.0);
      |   ~~~~~~~~~~~~~~~~~~~~~~~~~~^~~~~~~~
POPULATIONS//POPULATION_0023//INDIVIDUAL_GYZV87BE/model.cpp:88:18: error: request for member 'setValue' in 'log_sigma_cots', which is of non-class type 'double'
   88 |   log_sigma_cots.setValue(-0.5);
      |   ~~~~~~~~~~~~~~~^~~~~~~~
POPULATIONS//POPULATION_0023//INDIVIDUAL_GYZV87BE/model.cpp:89:18: error: request for member 'setValue' in 'log_sigma_slow', which is of non-class type 'double'
   89 |   log_sigma_slow.setValue(-0.5);
      |   ~~~~~~~~~~~~~~~^~~~~~~~
POPULATIONS//POPULATION_0023//INDIVIDUAL_GYZV87BE/model.cpp:90:18: error: request for member 'setValue' in 'log_sigma_fast', which is of non-class type 'double'
   90 |   log_sigma_fast.setValue(-0.5);
      |   ~~~~~~~~~~~~~~~^~~~~~~~
POPULATIONS//POPULATION_0023//INDIVIDUAL_GYZV87BE/model.cpp:91:34: error: request for member 'setValue' in 'log_density_dependence_cotsimm', which is of non-class type 'double'
   91 |   log_density_dependence_cotsimm.setValue(-5.0);
      |   ~~~~~~~~~~~~~~~~~~~~~~~~~~~~~~~^~~~~~~~
POPULATIONS//POPULATION_0023//INDIVIDUAL_GYZV87BE/model.cpp:92:18: error: request for member 'setValue' in 'log_allee_cots', which is of non-class type 'double'
   92 |   log_allee_cots.setValue(-1.0);
      |   ~~~~~~~~~~~~~~~^~~~~~~~
POPULATIONS//POPULATION_0023//INDIVIDUAL_GYZV87BE/model.cpp:93:15: error: request for member 'setValue' in 'log_K2_fast', which is of non-class type 'double'
   93 |   log_K2_fast.setValue(-0.5);
      |   ~~~~~~~~~~~~^~~~~~~~
POPULATIONS//POPULATION_0023//INDIVIDUAL_GYZV87BE/model.cpp: In instantiation of 'Type objective_function<Type>::operator()() [with Type = CppAD::AD<CppAD::AD<double> >]':
C:/Users/spi085/AppData/Local/Programs/R/R-4.4.1/library/TMB/include/tmb_core.hpp:913:29:   required from 'Type objective_function<Type>::evalUserTemplate() [with Type = CppAD::AD<CppAD::AD<double> >]'
C:/Users/spi085/AppData/Local/Programs/R/R-4.4.1/library/TMB/include/tmb_core.hpp:2112:26:   required from here
POPULATIONS//POPULATION_0023//INDIVIDUAL_GYZV87BE/model.cpp:73:14: error: 'class CppAD::AD<CppAD::AD<double> >' has no member named 'setValue'
   73 |   log_r_cots.setValue(0.5);
      |   ~~~~~~~~~~~^~~~~~~~
POPULATIONS//POPULATION_0023//INDIVIDUAL_GYZV87BE/model.cpp:74:14: error: 'class CppAD::AD<CppAD::AD<double> >' has no member named 'setValue'
   74 |   log_K_cots.setValue(2.0);
      |   ~~~~~~~~~~~^~~~~~~~
POPULATIONS//POPULATION_0023//INDIVIDUAL_GYZV87BE/model.cpp:75:14: error: 'class CppAD::AD<CppAD::AD<double> >' has no member named 'setValue'
   75 |   log_m_cots.setValue(-0.5);
      |   ~~~~~~~~~~~^~~~~~~~
POPULATIONS//POPULATION_0023//INDIVIDUAL_GYZV87BE/model.cpp:76:14: error: 'class CppAD::AD<CppAD::AD<double> >' has no member named 'setValue'
   76 |   log_p_cots.setValue(-1.0);
      |   ~~~~~~~~~~~^~~~~~~~
POPULATIONS//POPULATION_0023//INDIVIDUAL_GYZV87BE/model.cpp:77:15: error: 'class CppAD::AD<CppAD::AD<double> >' has no member named 'setValue'
   77 |   log_K1_cots.setValue(-0.5);
      |   ~~~~~~~~~~~~^~~~~~~~
POPULATIONS//POPULATION_0023//INDIVIDUAL_GYZV87BE/model.cpp:78:14: error: 'class CppAD::AD<CppAD::AD<double> >' has no member named 'setValue'
   78 |   log_a_fast.setValue(-2.0);
      |   ~~~~~~~~~~~^~~~~~~~
POPULATIONS//POPULATION_0023//INDIVIDUAL_GYZV87BE/model.cpp:79:14: error: 'class CppAD::AD<CppAD::AD<double> >' has no member named 'setValue'
   79 |   log_a_slow.setValue(-3.0);
      |   ~~~~~~~~~~~^~~~~~~~
POPULATIONS//POPULATION_0023//INDIVIDUAL_GYZV87BE/model.cpp:80:14: error: 'class CppAD::AD<CppAD::AD<double> >' has no member named 'setValue'
   80 |   log_K_fast.setValue(3.0);
      |   ~~~~~~~~~~~^~~~~~~~
POPULATIONS//POPULATION_0023//INDIVIDUAL_GYZV87BE/model.cpp:81:14: error: 'class CppAD::AD<CppAD::AD<double> >' has no member named 'setValue'
   81 |   log_K_slow.setValue(3.0);
      |   ~~~~~~~~~~~^~~~~~~~
POPULATIONS//POPULATION_0023//INDIVIDUAL_GYZV87BE/model.cpp:82:14: error: 'class CppAD::AD<CppAD::AD<double> >' has no member named 'setValue'
   82 |   log_r_fast.setValue(0.8);
      |   ~~~~~~~~~~~^~~~~~~~
POPULATIONS//POPULATION_0023//INDIVIDUAL_GYZV87BE/model.cpp:83:14: error: 'class CppAD::AD<CppAD::AD<double> >' has no member named 'setValue'
   83 |   log_r_slow.setValue(0.3);
      |   ~~~~~~~~~~~^~~~~~~~
POPULATIONS//POPULATION_0023//INDIVIDUAL_GYZV87BE/model.cpp:84:14: error: 'class CppAD::AD<CppAD::AD<double> >' has no member named 'setValue'
   84 |   log_m_fast.setValue(-0.2);
      |   ~~~~~~~~~~~^~~~~~~~
POPULATIONS//POPULATION_0023//INDIVIDUAL_GYZV87BE/model.cpp:85:14: error: 'class CppAD::AD<CppAD::AD<double> >' has no member named 'setValue'
   85 |   log_m_slow.setValue(-0.7);
      |   ~~~~~~~~~~~^~~~~~~~
POPULATIONS//POPULATION_0023//INDIVIDUAL_GYZV87BE/model.cpp:86:29: error: 'class CppAD::AD<CppAD::AD<double> >' has no member named 'setValue'
   86 |   log_temp_sensitivity_fast.setValue(-3.0);
      |   ~~~~~~~~~~~~~~~~~~~~~~~~~~^~~~~~~~
POPULATIONS//POPULATION_0023//INDIVIDUAL_GYZV87BE/model.cpp:87:29: error: 'class CppAD::AD<CppAD::AD<double> >' has no member named 'setValue'
   87 |   log_temp_sensitivity_slow.setValue(-3.0);
      |   ~~~~~~~~~~~~~~~~~~~~~~~~~~^~~~~~~~
POPULATIONS//POPULATION_0023//INDIVIDUAL_GYZV87BE/model.cpp:88:18: error: 'class CppAD::AD<CppAD::AD<double> >' has no member named 'setValue'
   88 |   log_sigma_cots.setValue(-0.5);
      |   ~~~~~~~~~~~~~~~^~~~~~~~
POPULATIONS//POPULATION_0023//INDIVIDUAL_GYZV87BE/model.cpp:89:18: error: 'class CppAD::AD<CppAD::AD<double> >' has no member named 'setValue'
   89 |   log_sigma_slow.setValue(-0.5);
      |   ~~~~~~~~~~~~~~~^~~~~~~~
POPULATIONS//POPULATION_0023//INDIVIDUAL_GYZV87BE/model.cpp:90:18: error: 'class CppAD::AD<CppAD::AD<double> >' has no member named 'setValue'
   90 |   log_sigma_fast.setValue(-0.5);
      |   ~~~~~~~~~~~~~~~^~~~~~~~
POPULATIONS//POPULATION_0023//INDIVIDUAL_GYZV87BE/model.cpp:91:34: error: 'class CppAD::AD<CppAD::AD<double> >' has no member named 'setValue'
   91 |   log_density_dependence_cotsimm.setValue(-5.0);
      |   ~~~~~~~~~~~~~~~~~~~~~~~~~~~~~~~^~~~~~~~
POPULATIONS//POPULATION_0023//INDIVIDUAL_GYZV87BE/model.cpp:92:18: error: 'class CppAD::AD<CppAD::AD<double> >' has no member named 'setValue'
   92 |   log_allee_cots.setValue(-1.0);
      |   ~~~~~~~~~~~~~~~^~~~~~~~
POPULATIONS//POPULATION_0023//INDIVIDUAL_GYZV87BE/model.cpp:93:15: error: 'class CppAD::AD<CppAD::AD<double> >' has no member named 'setValue'
   93 |   log_K2_fast.setValue(-0.5);
      |   ~~~~~~~~~~~~^~~~~~~~
POPULATIONS//POPULATION_0023//INDIVIDUAL_GYZV87BE/model.cpp: In instantiation of 'Type objective_function<Type>::operator()() [with Type = CppAD::AD<CppAD::AD<CppAD::AD<double> > >]':
C:/Users/spi085/AppData/Local/Programs/R/R-4.4.1/library/TMB/include/tmb_core.hpp:913:29:   required from 'Type objective_function<Type>::evalUserTemplate() [with Type = CppAD::AD<CppAD::AD<CppAD::AD<double> > >]'
C:/Users/spi085/AppData/Local/Programs/R/R-4.4.1/library/TMB/include/tmb_core.hpp:2361:28:   required from here
POPULATIONS//POPULATION_0023//INDIVIDUAL_GYZV87BE/model.cpp:73:14: error: 'class CppAD::AD<CppAD::AD<CppAD::AD<double> > >' has no member named 'setValue'
   73 |   log_r_cots.setValue(0.5);
      |   ~~~~~~~~~~~^~~~~~~~
POPULATIONS//POPULATION_0023//INDIVIDUAL_GYZV87BE/model.cpp:74:14: error: 'class CppAD::AD<CppAD::AD<CppAD::AD<double> > >' has no member named 'setValue'
   74 |   log_K_cots.setValue(2.0);
      |   ~~~~~~~~~~~^~~~~~~~
POPULATIONS//POPULATION_0023//INDIVIDUAL_GYZV87BE/model.cpp:75:14: error: 'class CppAD::AD<CppAD::AD<CppAD::AD<double> > >' has no member named 'setValue'
   75 |   log_m_cots.setValue(-0.5);
      |   ~~~~~~~~~~~^~~~~~~~
POPULATIONS//POPULATION_0023//INDIVIDUAL_GYZV87BE/model.cpp:76:14: error: 'class CppAD::AD<CppAD::AD<CppAD::AD<double> > >' has no member named 'setValue'
   76 |   log_p_cots.setValue(-1.0);
      |   ~~~~~~~~~~~^~~~~~~~
POPULATIONS//POPULATION_0023//INDIVIDUAL_GYZV87BE/model.cpp:77:15: error: 'class CppAD::AD<CppAD::AD<CppAD::AD<double> > >' has no member named 'setValue'
   77 |   log_K1_cots.setValue(-0.5);
      |   ~~~~~~~~~~~~^~~~~~~~
POPULATIONS//POPULATION_0023//INDIVIDUAL_GYZV87BE/model.cpp:78:14: error: 'class CppAD::AD<CppAD::AD<CppAD::AD<double> > >' has no member named 'setValue'
   78 |   log_a_fast.setValue(-2.0);
      |   ~~~~~~~~~~~^~~~~~~~
POPULATIONS//POPULATION_0023//INDIVIDUAL_GYZV87BE/model.cpp:79:14: error: 'class CppAD::AD<CppAD::AD<CppAD::AD<double> > >' has no member named 'setValue'
   79 |   log_a_slow.setValue(-3.0);
      |   ~~~~~~~~~~~^~~~~~~~
POPULATIONS//POPULATION_0023//INDIVIDUAL_GYZV87BE/model.cpp:80:14: error: 'class CppAD::AD<CppAD::AD<CppAD::AD<double> > >' has no member named 'setValue'
   80 |   log_K_fast.setValue(3.0);
      |   ~~~~~~~~~~~^~~~~~~~
POPULATIONS//POPULATION_0023//INDIVIDUAL_GYZV87BE/model.cpp:81:14: error: 'class CppAD::AD<CppAD::AD<CppAD::AD<double> > >' has no member named 'setValue'
   81 |   log_K_slow.setValue(3.0);
      |   ~~~~~~~~~~~^~~~~~~~
POPULATIONS//POPULATION_0023//INDIVIDUAL_GYZV87BE/model.cpp:82:14: error: 'class CppAD::AD<CppAD::AD<CppAD::AD<double> > >' has no member named 'setValue'
   82 |   log_r_fast.setValue(0.8);
      |   ~~~~~~~~~~~^~~~~~~~
POPULATIONS//POPULATION_0023//INDIVIDUAL_GYZV87BE/model.cpp:83:14: error: 'class CppAD::AD<CppAD::AD<CppAD::AD<double> > >' has no member named 'setValue'
   83 |   log_r_slow.setValue(0.3);
      |   ~~~~~~~~~~~^~~~~~~~
POPULATIONS//POPULATION_0023//INDIVIDUAL_GYZV87BE/model.cpp:84:14: error: 'class CppAD::AD<CppAD::AD<CppAD::AD<double> > >' has no member named 'setValue'
   84 |   log_m_fast.setValue(-0.2);
      |   ~~~~~~~~~~~^~~~~~~~
POPULATIONS//POPULATION_0023//INDIVIDUAL_GYZV87BE/model.cpp:85:14: error: 'class CppAD::AD<CppAD::AD<CppAD::AD<double> > >' has no member named 'setValue'
   85 |   log_m_slow.setValue(-0.7);
      |   ~~~~~~~~~~~^~~~~~~~
POPULATIONS//POPULATION_0023//INDIVIDUAL_GYZV87BE/model.cpp:86:29: error: 'class CppAD::AD<CppAD::AD<CppAD::AD<double> > >' has no member named 'setValue'
   86 |   log_temp_sensitivity_fast.setValue(-3.0);
      |   ~~~~~~~~~~~~~~~~~~~~~~~~~~^~~~~~~~
POPULATIONS//POPULATION_0023//INDIVIDUAL_GYZV87BE/model.cpp:87:29: error: 'class CppAD::AD<CppAD::AD<CppAD::AD<double> > >' has no member named 'setValue'
   87 |   log_temp_sensitivity_slow.setValue(-3.0);
      |   ~~~~~~~~~~~~~~~~~~~~~~~~~~^~~~~~~~
POPULATIONS//POPULATION_0023//INDIVIDUAL_GYZV87BE/model.cpp:88:18: error: 'class CppAD::AD<CppAD::AD<CppAD::AD<double> > >' has no member named 'setValue'
   88 |   log_sigma_cots.setValue(-0.5);
      |   ~~~~~~~~~~~~~~~^~~~~~~~
POPULATIONS//POPULATION_0023//INDIVIDUAL_GYZV87BE/model.cpp:89:18: error: 'class CppAD::AD<CppAD::AD<CppAD::AD<double> > >' has no member named 'setValue'
   89 |   log_sigma_slow.setValue(-0.5);
      |   ~~~~~~~~~~~~~~~^~~~~~~~
POPULATIONS//POPULATION_0023//INDIVIDUAL_GYZV87BE/model.cpp:90:18: error: 'class CppAD::AD<CppAD::AD<CppAD::AD<double> > >' has no member named 'setValue'
   90 |   log_sigma_fast.setValue(-0.5);
      |   ~~~~~~~~~~~~~~~^~~~~~~~
POPULATIONS//POPULATION_0023//INDIVIDUAL_GYZV87BE/model.cpp:91:34: error: 'class CppAD::AD<CppAD::AD<CppAD::AD<double> > >' has no member named 'setValue'
   91 |   log_density_dependence_cotsimm.setValue(-5.0);
      |   ~~~~~~~~~~~~~~~~~~~~~~~~~~~~~~~^~~~~~~~
POPULATIONS//POPULATION_0023//INDIVIDUAL_GYZV87BE/model.cpp:92:18: error: 'class CppAD::AD<CppAD::AD<CppAD::AD<double> > >' has no member named 'setValue'
   92 |   log_allee_cots.setValue(-1.0);
      |   ~~~~~~~~~~~~~~~^~~~~~~~
POPULATIONS//POPULATION_0023//INDIVIDUAL_GYZV87BE/model.cpp:93:15: error: 'class CppAD::AD<CppAD::AD<CppAD::AD<double> > >' has no member named 'setValue'
   93 |   log_K2_fast.setValue(-0.5);
      |   ~~~~~~~~~~~~^~~~~~~~
make: *** [C:/Users/spi085/AppData/Local/Programs/R/R-4.4.1/etc/x64/Makeconf:296: POPULATIONS//POPULATION_0023//INDIVIDUAL_GYZV87BE/model.o] Error 1
Error in TMB::compile(file.path(individual_dir, model_file), flags = flags,  : 
  Compilation failed
Error: Compilation failed
Execution halted[0m
[91mModel failed to compile.[0m
Fixing broken model iteration: 3
You're absolutely right! I apologize for the repeated errors. I am still struggling with the TMB syntax. The setValue() method is not applicable to PARAMETER objects directly. Instead, initial values   
should be set in the R script, or the parameters can be initialized using a conditional statement within the objective function.                                                                          

Since I cannot modify the R script, I will initialize the parameters using a conditional statement within the objective function. This will ensure that the parameters have default values at the         
beginning of the optimization process.                                                                                                                                                                    

Here's the SEARCH/REPLACE block:                                                                                                                                                                          

POPULATIONS\POPULATION_0023\INDIVIDUAL_GYZV87BE\model.cpp                                                                                                                                                 

                                                                                                                                                                                                          
 <<<<<<< SEARCH                                                                                                                                                                                           
   vector<Type> slow_pred(Year.size());                                                                                                                                                                   
   vector<Type> fast_pred(Year.size());                                                                                                                                                                   
                                                                                                                                                                                                          
   // --- Initialize parameters: ---                                                                                                                                                                      
   log_r_cots.setValue(0.5);                                                                                                                                                                              
   log_K_cots.setValue(2.0);                                                                                                                                                                              
   log_m_cots.setValue(-0.5);                                                                                                                                                                             
   log_p_cots.setValue(-1.0);                                                                                                                                                                             
   log_K1_cots.setValue(-0.5);                                                                                                                                                                            
   log_a_fast.setValue(-2.0);                                                                                                                                                                             
   log_a_slow.setValue(-3.0);                                                                                                                                                                             
   log_K_fast.setValue(3.0);                                                                                                                                                                              
   log_K_slow.setValue(3.0);                                                                                                                                                                              
   log_r_fast.setValue(0.8);                                                                                                                                                                              
   log_r_slow.setValue(0.3);                                                                                                                                                                              
   log_m_fast.setValue(-0.2);                                                                                                                                                                             
   log_m_slow.setValue(-0.7);                                                                                                                                                                             
   log_temp_sensitivity_fast.setValue(-3.0);                                                                                                                                                              
   log_temp_sensitivity_slow.setValue(-3.0);                                                                                                                                                              
   log_sigma_cots.setValue(-0.5);                                                                                                                                                                         
   log_sigma_slow.setValue(-0.5);                                                                                                                                                                         
   log_sigma_fast.setValue(-0.5);                                                                                                                                                                         
   log_density_dependence_cotsimm.setValue(-5.0);                                                                                                                                                         
   log_allee_cots.setValue(-1.0);                                                                                                                                                                         
   log_K2_fast.setValue(-0.5);                                                                                                                                                                            
                                                                                                                                                                                                          
     // --- Initial conditions: ---                                                                                                                                                                       
   cots_pred(0) = cots_dat(0);    // Initial COTS abundance                                                                                                                                               
   slow_pred(0) = slow_dat(0);    // Initial slow-growing coral cover                                                                                                                                     
   fast_pred(0) = fast_dat(0);    // Initial fast-growing coral cover                                                                                                                                     
 =======                                                                                                                                                                                                  
   vector<Type> slow_pred(Year.size());                                                                                                                                                                   
   vector<Type> fast_pred(Year.size());                                                                                                                                                                   
                                                                                                                                                                                                          
   // --- Initial conditions: ---                                                                                                                                                                         
   cots_pred(0) = cots_dat(0);    // Initial COTS abundance                                                                                                                                               
   slow_pred(0) = slow_dat(0);    // Initial slow-growing coral cover                                                                                                                                     
   fast_pred(0) = fast_dat(0);    // Initial fast-growing coral cover                                                                                                                                     
                                                                                                                                                                                                          
   if(CppAD::Variable(log_r_cots)){                                                                                                                                                                       
     log_r_cots = 0.5;                                                                                                                                                                                    
     log_K_cots = 2.0;                                                                                                                                                                                    
     log_m_cots = -0.5;                                                                                                                                                                                   
     log_p_cots = -1.0;                                                                                                                                                                                   
     log_K1_cots = -0.5;                                                                                                                                                                                  
     log_a_fast = -2.0;                                                                                                                                                                                   
     log_a_slow = -3.0;                                                                                                                                                                                   
     log_K_fast = 3.0;                                                                                                                                                                                    
     log_K_slow = 3.0;                                                                                                                                                                                    
     log_r_fast = 0.8;                                                                                                                                                                                    
     log_r_slow = 0.3;                                                                                                                                                                                    
     log_m_fast = -0.2;                                                                                                                                                                                   
     log_m_slow = -0.7;                                                                                                                                                                                   
     log_temp_sensitivity_fast = -3.0;                                                                                                                                                                    
     log_temp_sensitivity_slow = -3.0;                                                                                                                                                                    
     log_sigma_cots = -0.5;                                                                                                                                                                               
     log_sigma_slow = -0.5;                                                                                                                                                                               
     log_sigma_fast = -0.5;                                                                                                                                                                               
     log_density_dependence_cotsimm = -5.0;                                                                                                                                                               
     log_allee_cots = -1.0;                                                                                                                                                                               
     log_K2_fast = -0.5;                                                                                                                                                                                  
   }                                                                                                                                                                                                      
 >>>>>>> REPLACE                                                                                                                                                                                          
                                                                                                                                                                                                          

Tokens: 48k sent, 801 received. Cost: $0.0051 message, $0.02 session.
Committing POPULATIONS\POPULATION_0023\INDIVIDUAL_GYZV87BE\model.cpp before applying edits.
Unable to add C:\Users\spi085\OneDrive - CSIRO\Documents\_Projects\SCCP-QuantModelling\POPULATIONS\POPULATION_0023\INDIVIDUAL_GYZV87BE\model.cpp: Cmd('git') failed due to: exit code(1)
  cmdline: git add C:\Users\spi085\OneDrive - CSIRO\Documents\_Projects\SCCP-QuantModelling\POPULATIONS\POPULATION_0023\INDIVIDUAL_GYZV87BE\model.cpp
  stderr: 'The following paths are ignored by one of your .gitignore files:
POPULATIONS
hint: Use -f if you really want to add them.
hint: Turn this message off by running
hint: "git config advice.addIgnoredFile false"'
Unable to commit: Cmd('git') failed due to: exit code(1)
  cmdline: git commit -m feat: Add model.cpp for individual GYZV87BE in population 0023 --no-verify -- C:\Users\spi085\OneDrive - 
CSIRO\Documents\_Projects\SCCP-QuantModelling\POPULATIONS\POPULATION_0023\INDIVIDUAL_GYZV87BE\model.cpp
  stderr: 'error: pathspec 'C:\Users\spi085\OneDrive - CSIRO\Documents\_Projects\SCCP-QuantModelling\POPULATIONS\POPULATION_0023\INDIVIDUAL_GYZV87BE\model.cpp' did not match any file(s) known to git'
Applied edit to POPULATIONS\POPULATION_0023\INDIVIDUAL_GYZV87BE\model.cpp
Validating fixed model for data leakage...
Opening file: POPULATIONS\POPULATION_0023\INDIVIDUAL_GYZV87BE\model.cpp
File read successfully
Extracting vectors...
Found data vectors: {'slow_dat', 'fast_dat', 'cotsimm_dat', 'cots_dat', 'Year', 'sst_dat'}
Found prediction vectors: {'slow_pred', 'fast_pred', 'cots_pred'}
Found reported vectors: {'slow_pred', 'fast_pred', 'cots_pred'}
Finding initial conditions...
Found 3 initial conditions
Finding time-stepping loop...
Found loop from line 105 to 129
Found response variables from Data/timeseries_data_COTS_response.csv: {'cots_dat', 'slow_dat', 'fast_dat'}
[93mRunning model for individual...[0m
[0mIndividual directory: POPULATIONS\POPULATION_0023\INDIVIDUAL_GYZV87BE[0m
[93mR script stdout:[0m
[0mg++ -std=gnu++17  -I"C:/Users/spi085/AppData/Local/Programs/R/R-4.4.1/include" -DNDEBUG -I"C:/Users/spi085/AppData/Local/Programs/R/R-44~1.1/library/TMB/include" -I"C:/Users/spi085/AppData/Local/Programs/R/R-44~1.1/library/RCPPEI~1/include"   -DTMB_EIGEN_DISABLE_WARNINGS   -DTMB_LIB_INIT=R_init_model  -DCPPAD_FRAMEWORK    -I"C:/rtools44/x86_64-w64-mingw32.static.posix/include"     -O2 -Wa,-mbig-obj -c POPULATIONS//POPULATION_0023//INDIVIDUAL_GYZV87BE/model.cpp -o POPULATIONS//POPULATION_0023//INDIVIDUAL_GYZV87BE/model.o
g++ -std=gnu++17 -shared -s -static-libgcc -o POPULATIONS//POPULATION_0023//INDIVIDUAL_GYZV87BE/model.dll tmp.def POPULATIONS//POPULATION_0023//INDIVIDUAL_GYZV87BE/model.o -LC:/rtools44/x86_64-w64-mingw32.static.posix/lib/x64 -LC:/rtools44/x86_64-w64-mingw32.static.posix/lib -LC:/Users/spi085/AppData/Local/Programs/R/R-4.4.1/bin/x64 -lR
Starting model phases
Number of phases: 1 
Phase 1 
Initial parameter values for phase 1 :
                    log_r_cots                     log_K_cots 
                            NA                             NA 
                    log_m_cots                     log_p_cots 
                        -2.355                             NA 
                   log_K1_cots                     log_a_fast 
                            NA                             NA 
                    log_a_slow                     log_K_fast 
                            NA                             NA 
                    log_K_slow                     log_r_fast 
                            NA                             NA 
                    log_r_slow                     log_m_fast 
                            NA                         -0.694 
                    log_m_slow      log_temp_sensitivity_fast 
                            NA                             NA 
     log_temp_sensitivity_slow                 log_sigma_cots 
                            NA                             NA 
                log_sigma_slow                 log_sigma_fast 
                            NA                             NA 
log_density_dependence_cotsimm                 log_allee_cots 
                            NA                             NA 
                   log_K2_fast 
                            NA 
Error in model phases: NA/NaN gradient evaluation[0m
[93mR script stderr:[0m
[0mLoading required package: TMB
Loading required package: jsonlite
here() starts at C:/Users/spi085/OneDrive - CSIRO/Documents/_Projects/SCCP-QuantModelling
using C++ compiler: 'G__~1.EXE (GCC) 13.2.0'
Error in value[[3L]](cond) : 
  Error in model phases: NA/NaN gradient evaluation
Calls: tryCatch -> tryCatchList -> tryCatchOne -> <Anonymous>
In addition: Warning message:
In nlminb(model$par, model$fn, model$gr) : NA/NaN function evaluation
Execution halted[0m
[91mR script failed with return code 1[0m
Fixing broken model iteration: 4
The error "Error in model phases: NA/NaN gradient evaluation" persists. The initial parameter values still show many NA values, indicating the parameters are not being properly initialized. The         
CppAD::Variable conditional initialization I attempted is also not working as intended.                                                                                                                   

I will now try a different approach to provide initial values for the parameters. I will directly assign the default values to the parameters before the if(CppAD::Variable(log_r_cots)) block. This will 
ensure that the parameters have valid starting values, regardless of whether the R script provides them or the conditional block is executed.                                                             

POPULATIONS\POPULATION_0023\INDIVIDUAL_GYZV87BE\model.cpp                                                                                                                                                 

                                                                                                                                                                                                          
 <<<<<<< SEARCH                                                                                                                                                                                           
   vector<Type> fast_pred(Year.size());                                                                                                                                                                   
                                                                                                                                                                                                          
   // --- Initial conditions: ---                                                                                                                                                                         
   cots_pred(0) = cots_dat(0);    // Initial COTS abundance                                                                                                                                               
   slow_pred(0) = slow_dat(0);    // Initial slow-growing coral cover                                                                                                                                     
   fast_pred(0) = fast_dat(0);    // Initial fast-growing coral cover                                                                                                                                     
                                                                                                                                                                                                          
   if(CppAD::Variable(log_r_cots)){                                                                                                                                                                       
     log_r_cots = 0.5;                                                                                                                                                                                    
     log_K_cots = 2.0;                                                                                                                                                                                    
     log_m_cots = -0.5;                                                                                                                                                                                   
     log_p_cots = -1.0;                                                                                                                                                                                   
     log_K1_cots = -0.5;                                                                                                                                                                                  
     log_a_fast = -2.0;                                                                                                                                                                                   
     log_a_slow = -3.0;                                                                                                                                                                                   
     log_K_fast = 3.0;                                                                                                                                                                                    
     log_K_slow = 3.0;                                                                                                                                                                                    
     log_r_fast = 0.8;                                                                                                                                                                                    
     log_r_slow = 0.3;                                                                                                                                                                                    
     log_m_fast = -0.2;                                                                                                                                                                                   
     log_m_slow = -0.7;                                                                                                                                                                                   
     log_temp_sensitivity_fast = -3.0;                                                                                                                                                                    
     log_temp_sensitivity_slow = -3.0;                                                                                                                                                                    
     log_sigma_cots = -0.5;                                                                                                                                                                               
     log_sigma_slow = -0.5;                                                                                                                                                                               
     log_sigma_fast = -0.5;                                                                                                                                                                               
     log_density_dependence_cotsimm = -5.0;                                                                                                                                                               
     log_allee_cots = -1.0;                                                                                                                                                                               
     log_K2_fast = -0.5;                                                                                                                                                                                  
   }                                                                                                                                                                                                      
 =======                                                                                                                                                                                                  
   vector<Type> fast_pred(Year.size());                                                                                                                                                                   
                                                                                                                                                                                                          
   // --- Initialize parameters with default values: ---                                                                                                                                                  
   log_r_cots = 0.5;                                                                                                                                                                                      
   log_K_cots = 2.0;                                                                                                                                                                                      
   log_m_cots = -0.5;                                                                                                                                                                                     
   log_p_cots = -1.0;                                                                                                                                                                                     
   log_K1_cots = -0.5;                                                                                                                                                                                    
   log_a_fast = -2.0;                                                                                                                                                                                     
   log_a_slow = -3.0;                                                                                                                                                                                     
   log_K_fast = 3.0;                                                                                                                                                                                      
   log_K_slow = 3.0;                                                                                                                                                                                      
   log_r_fast = 0.8;                                                                                                                                                                                      
   log_r_slow = 0.3;                                                                                                                                                                                      
   log_m_fast = -0.2;                                                                                                                                                                                     
   log_m_slow = -0.7;                                                                                                                                                                                     
   log_temp_sensitivity_fast = -3.0;                                                                                                                                                                      
   log_temp_sensitivity_slow = -3.0;                                                                                                                                                                      
   log_sigma_cots = -0.5;                                                                                                                                                                                 
   log_sigma_slow = -0.5;                                                                                                                                                                                 
   log_sigma_fast = -0.5;                                                                                                                                                                                 
   log_density_dependence_cotsimm = -5.0;                                                                                                                                                                 
   log_allee_cots = -1.0;                                                                                                                                                                                 
   log_K2_fast = -0.5;                                                                                                                                                                                    
                                                                                                                                                                                                          
   // --- Initial conditions: ---                                                                                                                                                                         
   cots_pred(0) = cots_dat(0);    // Initial COTS abundance                                                                                                                                               
   slow_pred(0) = slow_dat(0);    // Initial slow-growing coral cover                                                                                                                                     
   fast_pred(0) = fast_dat(0);    // Initial fast-growing coral cover                                                                                                                                     
                                                                                                                                                                                                          
   if(CppAD::Variable(log_r_cots)){                                                                                                                                                                       
     log_r_cots = 0.5;                                                                                                                                                                                    
     log_K_cots = 2.0;                                                                                                                                                                                    
     log_m_cots = -0.5;                                                                                                                                                                                   
     log_p_cots = -1.0;                                                                                                                                                                                   
     log_K1_cots = -0.5;                                                                                                                                                                                  
     log_a_fast = -2.0;                                                                                                                                                                                   
     log_a_slow = -3.0;                                                                                                                                                                                   
     log_K_fast = 3.0;                                                                                                                                                                                    
     log_K_slow = 3.0;                                                                                                                                                                                    
     log_r_fast = 0.8;                                                                                                                                                                                    
     log_r_slow = 0.3;                                                                                                                                                                                    
     log_m_fast = -0.2;                                                                                                                                                                                   
     log_m_slow = -0.7;                                                                                                                                                                                   
     log_temp_sensitivity_fast = -3.0;                                                                                                                                                                    
     log_temp_sensitivity_slow = -3.0;                                                                                                                                                                    
     log_sigma_cots = -0.5;                                                                                                                                                                               
     log_sigma_slow = -0.5;                                                                                                                                                                               
     log_sigma_fast = -0.5;                                                                                                                                                                               
     log_density_dependence_cotsimm = -5.0;                                                                                                                                                               
     log_allee_cots = -1.0;                                                                                                                                                                               
     log_K2_fast = -0.5;                                                                                                                                                                                  
   }                                                                                                                                                                                                      
 >>>>>>> REPLACE                                                                                                                                                                                          
                                                                                                                                                                                                          

Tokens: 50k sent, 1.0k received. Cost: $0.0054 message, $0.02 session.
Committing POPULATIONS\POPULATION_0023\INDIVIDUAL_GYZV87BE\model.cpp before applying edits.
Unable to add C:\Users\spi085\OneDrive - CSIRO\Documents\_Projects\SCCP-QuantModelling\POPULATIONS\POPULATION_0023\INDIVIDUAL_GYZV87BE\model.cpp: Cmd('git') failed due to: exit code(1)
  cmdline: git add C:\Users\spi085\OneDrive - CSIRO\Documents\_Projects\SCCP-QuantModelling\POPULATIONS\POPULATION_0023\INDIVIDUAL_GYZV87BE\model.cpp
  stderr: 'The following paths are ignored by one of your .gitignore files:
POPULATIONS
hint: Use -f if you really want to add them.
hint: Turn this message off by running
hint: "git config advice.addIgnoredFile false"'
Unable to commit: Cmd('git') failed due to: exit code(1)
  cmdline: git commit -m feat: Add model.cpp for individual GYZV87BE in population 0023 --no-verify -- C:\Users\spi085\OneDrive - 
CSIRO\Documents\_Projects\SCCP-QuantModelling\POPULATIONS\POPULATION_0023\INDIVIDUAL_GYZV87BE\model.cpp
  stderr: 'error: pathspec 'C:\Users\spi085\OneDrive - CSIRO\Documents\_Projects\SCCP-QuantModelling\POPULATIONS\POPULATION_0023\INDIVIDUAL_GYZV87BE\model.cpp' did not match any file(s) known to git'
Applied edit to POPULATIONS\POPULATION_0023\INDIVIDUAL_GYZV87BE\model.cpp
Validating fixed model for data leakage...
Opening file: POPULATIONS\POPULATION_0023\INDIVIDUAL_GYZV87BE\model.cpp
File read successfully
Extracting vectors...
Found data vectors: {'slow_dat', 'fast_dat', 'cotsimm_dat', 'cots_dat', 'Year', 'sst_dat'}
Found prediction vectors: {'slow_pred', 'fast_pred', 'cots_pred'}
Found reported vectors: {'slow_pred', 'fast_pred', 'cots_pred'}
Finding initial conditions...
Found 3 initial conditions
Finding time-stepping loop...
Found loop from line 128 to 152
Found response variables from Data/timeseries_data_COTS_response.csv: {'cots_dat', 'slow_dat', 'fast_dat'}
[93mRunning model for individual...[0m
[0mIndividual directory: POPULATIONS\POPULATION_0023\INDIVIDUAL_GYZV87BE[0m
[93mRemoved old compilation: model.dll[0m
[93mRemoved old compilation: model.o[0m
[93mR script stdout:[0m
[0mg++ -std=gnu++17  -I"C:/Users/spi085/AppData/Local/Programs/R/R-4.4.1/include" -DNDEBUG -I"C:/Users/spi085/AppData/Local/Programs/R/R-44~1.1/library/TMB/include" -I"C:/Users/spi085/AppData/Local/Programs/R/R-44~1.1/library/RCPPEI~1/include"   -DTMB_EIGEN_DISABLE_WARNINGS   -DTMB_LIB_INIT=R_init_model  -DCPPAD_FRAMEWORK    -I"C:/rtools44/x86_64-w64-mingw32.static.posix/include"     -O2 -Wa,-mbig-obj -c POPULATIONS//POPULATION_0023//INDIVIDUAL_GYZV87BE/model.cpp -o POPULATIONS//POPULATION_0023//INDIVIDUAL_GYZV87BE/model.o
g++ -std=gnu++17 -shared -s -static-libgcc -o POPULATIONS//POPULATION_0023//INDIVIDUAL_GYZV87BE/model.dll tmp.def POPULATIONS//POPULATION_0023//INDIVIDUAL_GYZV87BE/model.o -LC:/rtools44/x86_64-w64-mingw32.static.posix/lib/x64 -LC:/rtools44/x86_64-w64-mingw32.static.posix/lib -LC:/Users/spi085/AppData/Local/Programs/R/R-4.4.1/bin/x64 -lR
Starting model phases
Number of phases: 1 
Phase 1 
Initial parameter values for phase 1 :
                    log_r_cots                     log_K_cots 
                            NA                             NA 
                    log_m_cots                     log_p_cots 
                        -2.355                             NA 
                   log_K1_cots                     log_a_fast 
                            NA                             NA 
                    log_a_slow                     log_K_fast 
                            NA                             NA 
                    log_K_slow                     log_r_fast 
                            NA                             NA 
                    log_r_slow                     log_m_fast 
                            NA                         -0.694 
                    log_m_slow      log_temp_sensitivity_fast 
                            NA                             NA 
     log_temp_sensitivity_slow                 log_sigma_cots 
                            NA                             NA 
                log_sigma_slow                 log_sigma_fast 
                            NA                             NA 
log_density_dependence_cotsimm                 log_allee_cots 
                            NA                             NA 
                   log_K2_fast 
                            NA 
Error in model phases: NA/NaN gradient evaluation[0m
[93mR script stderr:[0m
[0mLoading required package: TMB
Loading required package: jsonlite
here() starts at C:/Users/spi085/OneDrive - CSIRO/Documents/_Projects/SCCP-QuantModelling
using C++ compiler: 'G__~1.EXE (GCC) 13.2.0'
Error in value[[3L]](cond) : 
  Error in model phases: NA/NaN gradient evaluation
Calls: tryCatch -> tryCatchList -> tryCatchOne -> <Anonymous>
In addition: Warning message:
In nlminb(model$par, model$fn, model$gr) : NA/NaN function evaluation
Execution halted[0m
[91mR script failed with return code 1[0m
Maximum sub-iterations reached for POPULATIONS\POPULATION_0023\INDIVIDUAL_GYZV87BE. The model could not be successfully run after 5 attempts.
