{
  "iterations": {
    "1": {
      "status": "ERROR",
      "message": "R script failed with return code 1",
      "stdout": "g++ -std=gnu++17  -I\"C:/Users/spi085/AppData/Local/Programs/R/R-4.4.1/include\" -DNDEBUG -I\"C:/Users/spi085/AppData/Local/Programs/R/R-44~1.1/library/TMB/include\" -I\"C:/Users/spi085/AppData/Local/Programs/R/R-44~1.1/library/RCPPEI~1/include\"   -DTMB_EIGEN_DISABLE_WARNINGS   -DTMB_LIB_INIT=R_init_model  -DCPPAD_FRAMEWORK    -I\"C:/rtools44/x86_64-w64-mingw32.static.posix/include\"     -O2 -Wa,-mbig-obj -c POPULATIONS//POPULATION_0023//INDIVIDUAL_GYZV87BE/model.cpp -o POPULATIONS//POPULATION_0023//INDIVIDUAL_GYZV87BE/model.o\ng++ -std=gnu++17 -shared -s -static-libgcc -o POPULATIONS//POPULATION_0023//INDIVIDUAL_GYZV87BE/model.dll tmp.def POPULATIONS//POPULATION_0023//INDIVIDUAL_GYZV87BE/model.o -LC:/rtools44/x86_64-w64-mingw32.static.posix/lib/x64 -LC:/rtools44/x86_64-w64-mingw32.static.posix/lib -LC:/Users/spi085/AppData/Local/Programs/R/R-4.4.1/bin/x64 -lR\nStarting model phases\nNumber of phases: 1 \nPhase 1 \nInitial parameter values for phase 1 :\n                    log_r_cots                     log_K_cots \n                            NA                             NA \n                    log_m_cots                     log_p_cots \n                        -2.355                             NA \n                   log_K1_cots                     log_a_fast \n                            NA                             NA \n                    log_a_slow                     log_K_fast \n                            NA                             NA \n                    log_K_slow                     log_r_fast \n                            NA                             NA \n                    log_r_slow                     log_m_fast \n                            NA                         -0.694 \n                    log_m_slow      log_temp_sensitivity_fast \n                            NA                             NA \n     log_temp_sensitivity_slow                 log_sigma_cots \n                            NA                             NA \n                log_sigma_slow                 log_sigma_fast \n                            NA                             NA \nlog_density_dependence_cotsimm                 log_allee_cots \n                            NA                             NA \n                   log_K2_fast \n                            NA \nError in model phases: NA/NaN gradient evaluation",
      "stderr": "Loading required package: TMB\nLoading required package: jsonlite\nhere() starts at C:/Users/spi085/OneDrive - CSIRO/Documents/_Projects/SCCP-QuantModelling\nusing C++ compiler: 'G__~1.EXE (GCC) 13.2.0'\nError in value[[3L]](cond) : \n  Error in model phases: NA/NaN gradient evaluation\nCalls: tryCatch -> tryCatchList -> tryCatchOne -> <Anonymous>\nIn addition: Warning message:\nIn nlminb(model$par, model$fn, model$gr) : NA/NaN function evaluation\nExecution halted"
    },
    "2": {
      "status": "ERROR",
      "message": "R script failed with return code 1",
      "stdout": "g++ -std=gnu++17  -I\"C:/Users/spi085/AppData/Local/Programs/R/R-4.4.1/include\" -DNDEBUG -I\"C:/Users/spi085/AppData/Local/Programs/R/R-44~1.1/library/TMB/include\" -I\"C:/Users/spi085/AppData/Local/Programs/R/R-44~1.1/library/RCPPEI~1/include\"   -DTMB_EIGEN_DISABLE_WARNINGS   -DTMB_LIB_INIT=R_init_model  -DCPPAD_FRAMEWORK    -I\"C:/rtools44/x86_64-w64-mingw32.static.posix/include\"     -O2 -Wa,-mbig-obj -c POPULATIONS//POPULATION_0023//INDIVIDUAL_GYZV87BE/model.cpp -o POPULATIONS//POPULATION_0023//INDIVIDUAL_GYZV87BE/model.o\ng++ -std=gnu++17 -shared -s -static-libgcc -o POPULATIONS//POPULATION_0023//INDIVIDUAL_GYZV87BE/model.dll tmp.def POPULATIONS//POPULATION_0023//INDIVIDUAL_GYZV87BE/model.o -LC:/rtools44/x86_64-w64-mingw32.static.posix/lib/x64 -LC:/rtools44/x86_64-w64-mingw32.static.posix/lib -LC:/Users/spi085/AppData/Local/Programs/R/R-4.4.1/bin/x64 -lR\nStarting model phases\nNumber of phases: 1 \nPhase 1 \nInitial parameter values for phase 1 :\n                    log_r_cots                     log_K_cots \n                            NA                             NA \n                    log_m_cots                     log_p_cots \n                        -2.355                             NA \n                   log_K1_cots                     log_a_fast \n                            NA                             NA \n                    log_a_slow                     log_K_fast \n                            NA                             NA \n                    log_K_slow                     log_r_fast \n                            NA                             NA \n                    log_r_slow                     log_m_fast \n                            NA                         -0.694 \n                    log_m_slow      log_temp_sensitivity_fast \n                            NA                             NA \n     log_temp_sensitivity_slow                 log_sigma_cots \n                            NA                             NA \n                log_sigma_slow                 log_sigma_fast \n                            NA                             NA \nlog_density_dependence_cotsimm                 log_allee_cots \n                            NA                             NA \n                   log_K2_fast \n                            NA \nError in model phases: NA/NaN gradient evaluation",
      "stderr": "Loading required package: TMB\nLoading required package: jsonlite\nhere() starts at C:/Users/spi085/OneDrive - CSIRO/Documents/_Projects/SCCP-QuantModelling\nusing C++ compiler: 'G__~1.EXE (GCC) 13.2.0'\nError in value[[3L]](cond) : \n  Error in model phases: NA/NaN gradient evaluation\nCalls: tryCatch -> tryCatchList -> tryCatchOne -> <Anonymous>\nIn addition: Warning message:\nIn nlminb(model$par, model$fn, model$gr) : NA/NaN function evaluation\nExecution halted"
    },
    "3": {
      "status": "ERROR",
      "message": "Model failed to compile.",
      "stdout": "g++ -std=gnu++17  -I\"C:/Users/spi085/AppData/Local/Programs/R/R-4.4.1/include\" -DNDEBUG -I\"C:/Users/spi085/AppData/Local/Programs/R/R-44~1.1/library/TMB/include\" -I\"C:/Users/spi085/AppData/Local/Programs/R/R-44~1.1/library/RCPPEI~1/include\"   -DTMB_EIGEN_DISABLE_WARNINGS   -DTMB_LIB_INIT=R_init_model  -DCPPAD_FRAMEWORK    -I\"C:/rtools44/x86_64-w64-mingw32.static.posix/include\"     -O2 -Wa,-mbig-obj -c POPULATIONS//POPULATION_0023//INDIVIDUAL_GYZV87BE/model.cpp -o POPULATIONS//POPULATION_0023//INDIVIDUAL_GYZV87BE/model.o",
      "stderr": "Loading required package: TMB\nLoading required package: jsonlite\nhere() starts at C:/Users/spi085/OneDrive - CSIRO/Documents/_Projects/SCCP-QuantModelling\nusing C++ compiler: 'G__~1.EXE (GCC) 13.2.0'\nPOPULATIONS//POPULATION_0023//INDIVIDUAL_GYZV87BE/model.cpp: In member function 'Type objective_function<Type>::operator()()':\nPOPULATIONS//POPULATION_0023//INDIVIDUAL_GYZV87BE/model.cpp:19:19: error: 'log_r_cots' was not declared in this scope\n   19 |   PARAMETER_VALUE(log_r_cots, 0.5);          // Log of intrinsic growth rate of COTS (year^-1)\n      |                   ^~~~~~~~~~\nPOPULATIONS//POPULATION_0023//INDIVIDUAL_GYZV87BE/model.cpp:19:3: error: there are no arguments to 'PARAMETER_VALUE' that depend on a template parameter, so a declaration of 'PARAMETER_VALUE' must be available [-fpermissive]\n   19 |   PARAMETER_VALUE(log_r_cots, 0.5);          // Log of intrinsic growth rate of COTS (year^-1)\n      |   ^~~~~~~~~~~~~~~\nPOPULATIONS//POPULATION_0023//INDIVIDUAL_GYZV87BE/model.cpp:19:3: note: (if you use '-fpermissive', G++ will accept your code, but allowing the use of an undeclared name is deprecated)\nPOPULATIONS//POPULATION_0023//INDIVIDUAL_GYZV87BE/model.cpp:20:19: error: 'log_K_cots' was not declared in this scope\n   20 |   PARAMETER_VALUE(log_K_cots, 2.0);          // Log of carrying capacity of COTS (individuals/m2)\n      |                   ^~~~~~~~~~\nPOPULATIONS//POPULATION_0023//INDIVIDUAL_GYZV87BE/model.cpp:20:3: error: there are no arguments to 'PARAMETER_VALUE' that depend on a template parameter, so a declaration of 'PARAMETER_VALUE' must be available [-fpermissive]\n   20 |   PARAMETER_VALUE(log_K_cots, 2.0);          // Log of carrying capacity of COTS (individuals/m2)\n      |   ^~~~~~~~~~~~~~~\nPOPULATIONS//POPULATION_0023//INDIVIDUAL_GYZV87BE/model.cpp:21:19: error: 'log_m_cots' was not declared in this scope\n   21 |   PARAMETER_VALUE(log_m_cots, -0.5);          // Log of natural mortality rate of COTS (year^-1)\n      |                   ^~~~~~~~~~\nPOPULATIONS//POPULATION_0023//INDIVIDUAL_GYZV87BE/model.cpp:21:3: error: there are no arguments to 'PARAMETER_VALUE' that depend on a template parameter, so a declaration of 'PARAMETER_VALUE' must be available [-fpermissive]\n   21 |   PARAMETER_VALUE(log_m_cots, -0.5);          // Log of natural mortality rate of COTS (year^-1)\n      |   ^~~~~~~~~~~~~~~\nPOPULATIONS//POPULATION_0023//INDIVIDUAL_GYZV87BE/model.cpp:22:19: error: 'log_p_cots' was not declared in this scope\n   22 |   PARAMETER_VALUE(log_p_cots, -1.0);          // Log of predation rate on COTS (year^-1)\n      |                   ^~~~~~~~~~\nPOPULATIONS//POPULATION_0023//INDIVIDUAL_GYZV87BE/model.cpp:22:3: error: there are no arguments to 'PARAMETER_VALUE' that depend on a template parameter, so a declaration of 'PARAMETER_VALUE' must be available [-fpermissive]\n   22 |   PARAMETER_VALUE(log_p_cots, -1.0);          // Log of predation rate on COTS (year^-1)\n      |   ^~~~~~~~~~~~~~~\nPOPULATIONS//POPULATION_0023//INDIVIDUAL_GYZV87BE/model.cpp:23:19: error: 'log_K1_cots' was not declared in this scope\n   23 |   PARAMETER_VALUE(log_K1_cots, -0.5);         // Log of half-saturation constant for COTS predation (individuals/m2)\n      |                   ^~~~~~~~~~~\nPOPULATIONS//POPULATION_0023//INDIVIDUAL_GYZV87BE/model.cpp:23:3: error: there are no arguments to 'PARAMETER_VALUE' that depend on a template parameter, so a declaration of 'PARAMETER_VALUE' must be available [-fpermissive]\n   23 |   PARAMETER_VALUE(log_K1_cots, -0.5);         // Log of half-saturation constant for COTS predation (individuals/m2)\n      |   ^~~~~~~~~~~~~~~\nPOPULATIONS//POPULATION_0023//INDIVIDUAL_GYZV87BE/model.cpp:24:19: error: 'log_a_fast' was not declared in this scope\n   24 |   PARAMETER_VALUE(log_a_fast, -2.0);         // Log of attack rate of COTS on fast-growing coral (m2/individual/year)\n      |                   ^~~~~~~~~~\nPOPULATIONS//POPULATION_0023//INDIVIDUAL_GYZV87BE/model.cpp:24:3: error: there are no arguments to 'PARAMETER_VALUE' that depend on a template parameter, so a declaration of 'PARAMETER_VALUE' must be available [-fpermissive]\n   24 |   PARAMETER_VALUE(log_a_fast, -2.0);         // Log of attack rate of COTS on fast-growing coral (m2/individual/year)\n      |   ^~~~~~~~~~~~~~~\nPOPULATIONS//POPULATION_0023//INDIVIDUAL_GYZV87BE/model.cpp:25:19: error: 'log_a_slow' was not declared in this scope\n   25 |   PARAMETER_VALUE(log_a_slow, -3.0);         // Log of attack rate of COTS on slow-growing coral (m2/individual/year)\n      |                   ^~~~~~~~~~\nPOPULATIONS//POPULATION_0023//INDIVIDUAL_GYZV87BE/model.cpp:25:3: error: there are no arguments to 'PARAMETER_VALUE' that depend on a template parameter, so a declaration of 'PARAMETER_VALUE' must be available [-fpermissive]\n   25 |   PARAMETER_VALUE(log_a_slow, -3.0);         // Log of attack rate of COTS on slow-growing coral (m2/individual/year)\n      |   ^~~~~~~~~~~~~~~\nPOPULATIONS//POPULATION_0023//INDIVIDUAL_GYZV87BE/model.cpp:26:19: error: 'log_K_fast' was not declared in this scope\n   26 |   PARAMETER_VALUE(log_K_fast, 3.0);         // Log of carrying capacity of fast-growing coral (%)\n      |                   ^~~~~~~~~~\nPOPULATIONS//POPULATION_0023//INDIVIDUAL_GYZV87BE/model.cpp:26:3: error: there are no arguments to 'PARAMETER_VALUE' that depend on a template parameter, so a declaration of 'PARAMETER_VALUE' must be available [-fpermissive]\n   26 |   PARAMETER_VALUE(log_K_fast, 3.0);         // Log of carrying capacity of fast-growing coral (%)\n      |   ^~~~~~~~~~~~~~~\nPOPULATIONS//POPULATION_0023//INDIVIDUAL_GYZV87BE/model.cpp:27:19: error: 'log_K_slow' was not declared in this scope\n   27 |   PARAMETER_VALUE(log_K_slow, 3.0);         // Log of carrying capacity of slow-growing coral (%)\n      |                   ^~~~~~~~~~\nPOPULATIONS//POPULATION_0023//INDIVIDUAL_GYZV87BE/model.cpp:27:3: error: there are no arguments to 'PARAMETER_VALUE' that depend on a template parameter, so a declaration of 'PARAMETER_VALUE' must be available [-fpermissive]\n   27 |   PARAMETER_VALUE(log_K_slow, 3.0);         // Log of carrying capacity of slow-growing coral (%)\n      |   ^~~~~~~~~~~~~~~\nPOPULATIONS//POPULATION_0023//INDIVIDUAL_GYZV87BE/model.cpp:28:19: error: 'log_r_fast' was not declared in this scope\n   28 |   PARAMETER_VALUE(log_r_fast, 0.8);         // Log of growth rate of fast-growing coral (year^-1)\n      |                   ^~~~~~~~~~\nPOPULATIONS//POPULATION_0023//INDIVIDUAL_GYZV87BE/model.cpp:28:3: error: there are no arguments to 'PARAMETER_VALUE' that depend on a template parameter, so a declaration of 'PARAMETER_VALUE' must be available [-fpermissive]\n   28 |   PARAMETER_VALUE(log_r_fast, 0.8);         // Log of growth rate of fast-growing coral (year^-1)\n      |   ^~~~~~~~~~~~~~~\nPOPULATIONS//POPULATION_0023//INDIVIDUAL_GYZV87BE/model.cpp:29:19: error: 'log_r_slow' was not declared in this scope\n   29 |   PARAMETER_VALUE(log_r_slow, 0.3);         // Log of growth rate of slow-growing coral (year^-1)\n      |                   ^~~~~~~~~~\nPOPULATIONS//POPULATION_0023//INDIVIDUAL_GYZV87BE/model.cpp:29:3: error: there are no arguments to 'PARAMETER_VALUE' that depend on a template parameter, so a declaration of 'PARAMETER_VALUE' must be available [-fpermissive]\n   29 |   PARAMETER_VALUE(log_r_slow, 0.3);         // Log of growth rate of slow-growing coral (year^-1)\n      |   ^~~~~~~~~~~~~~~\nPOPULATIONS//POPULATION_0023//INDIVIDUAL_GYZV87BE/model.cpp:30:19: error: 'log_m_fast' was not declared in this scope\n   30 |   PARAMETER_VALUE(log_m_fast, -0.2);         // Log of mortality rate of fast-growing coral (year^-1)\n      |                   ^~~~~~~~~~\nPOPULATIONS//POPULATION_0023//INDIVIDUAL_GYZV87BE/model.cpp:30:3: error: there are no arguments to 'PARAMETER_VALUE' that depend on a template parameter, so a declaration of 'PARAMETER_VALUE' must be available [-fpermissive]\n   30 |   PARAMETER_VALUE(log_m_fast, -0.2);         // Log of mortality rate of fast-growing coral (year^-1)\n      |   ^~~~~~~~~~~~~~~\nPOPULATIONS//POPULATION_0023//INDIVIDUAL_GYZV87BE/model.cpp:31:19: error: 'log_m_slow' was not declared in this scope\n   31 |   PARAMETER_VALUE(log_m_slow, -0.7);         // Log of mortality rate of slow-growing coral (year^-1)\n      |                   ^~~~~~~~~~\nPOPULATIONS//POPULATION_0023//INDIVIDUAL_GYZV87BE/model.cpp:31:3: error: there are no arguments to 'PARAMETER_VALUE' that depend on a template parameter, so a declaration of 'PARAMETER_VALUE' must be available [-fpermissive]\n   31 |   PARAMETER_VALUE(log_m_slow, -0.7);         // Log of mortality rate of slow-growing coral (year^-1)\n      |   ^~~~~~~~~~~~~~~\nPOPULATIONS//POPULATION_0023//INDIVIDUAL_GYZV87BE/model.cpp:32:19: error: 'log_temp_sensitivity_fast' was not declared in this scope\n   32 |   PARAMETER_VALUE(log_temp_sensitivity_fast, -3.0); // Log of temperature sensitivity of fast-growing coral (Celsius^-1)\n      |                   ^~~~~~~~~~~~~~~~~~~~~~~~~\nPOPULATIONS//POPULATION_0023//INDIVIDUAL_GYZV87BE/model.cpp:32:3: error: there are no arguments to 'PARAMETER_VALUE' that depend on a template parameter, so a declaration of 'PARAMETER_VALUE' must be available [-fpermissive]\n   32 |   PARAMETER_VALUE(log_temp_sensitivity_fast, -3.0); // Log of temperature sensitivity of fast-growing coral (Celsius^-1)\n      |   ^~~~~~~~~~~~~~~\nPOPULATIONS//POPULATION_0023//INDIVIDUAL_GYZV87BE/model.cpp:33:19: error: 'log_temp_sensitivity_slow' was not declared in this scope\n   33 |   PARAMETER_VALUE(log_temp_sensitivity_slow, -3.0); // Log of temperature sensitivity of slow-growing coral (Celsius^-1)\n      |                   ^~~~~~~~~~~~~~~~~~~~~~~~~\nPOPULATIONS//POPULATION_0023//INDIVIDUAL_GYZV87BE/model.cpp:33:3: error: there are no arguments to 'PARAMETER_VALUE' that depend on a template parameter, so a declaration of 'PARAMETER_VALUE' must be available [-fpermissive]\n   33 |   PARAMETER_VALUE(log_temp_sensitivity_slow, -3.0); // Log of temperature sensitivity of slow-growing coral (Celsius^-1)\n      |   ^~~~~~~~~~~~~~~\nPOPULATIONS//POPULATION_0023//INDIVIDUAL_GYZV87BE/model.cpp:34:19: error: 'log_sigma_cots' was not declared in this scope\n   34 |   PARAMETER_VALUE(log_sigma_cots, -0.5);      // Log of standard deviation of COTS observation error\n      |                   ^~~~~~~~~~~~~~\nPOPULATIONS//POPULATION_0023//INDIVIDUAL_GYZV87BE/model.cpp:34:3: error: there are no arguments to 'PARAMETER_VALUE' that depend on a template parameter, so a declaration of 'PARAMETER_VALUE' must be available [-fpermissive]\n   34 |   PARAMETER_VALUE(log_sigma_cots, -0.5);      // Log of standard deviation of COTS observation error\n      |   ^~~~~~~~~~~~~~~\nPOPULATIONS//POPULATION_0023//INDIVIDUAL_GYZV87BE/model.cpp:35:19: error: 'log_sigma_slow' was not declared in this scope\n   35 |   PARAMETER_VALUE(log_sigma_slow, -0.5);      // Log of standard deviation of slow-growing coral observation error\n      |                   ^~~~~~~~~~~~~~\nPOPULATIONS//POPULATION_0023//INDIVIDUAL_GYZV87BE/model.cpp:35:3: error: there are no arguments to 'PARAMETER_VALUE' that depend on a template parameter, so a declaration of 'PARAMETER_VALUE' must be available [-fpermissive]\n   35 |   PARAMETER_VALUE(log_sigma_slow, -0.5);      // Log of standard deviation of slow-growing coral observation error\n      |   ^~~~~~~~~~~~~~~\nPOPULATIONS//POPULATION_0023//INDIVIDUAL_GYZV87BE/model.cpp:36:19: error: 'log_sigma_fast' was not declared in this scope\n   36 |   PARAMETER_VALUE(log_sigma_fast, -0.5);      // Log of standard deviation of fast-growing coral observation error\n      |                   ^~~~~~~~~~~~~~\nPOPULATIONS//POPULATION_0023//INDIVIDUAL_GYZV87BE/model.cpp:36:3: error: there are no arguments to 'PARAMETER_VALUE' that depend on a template parameter, so a declaration of 'PARAMETER_VALUE' must be available [-fpermissive]\n   36 |   PARAMETER_VALUE(log_sigma_fast, -0.5);      // Log of standard deviation of fast-growing coral observation error\n      |   ^~~~~~~~~~~~~~~\nPOPULATIONS//POPULATION_0023//INDIVIDUAL_GYZV87BE/model.cpp:37:19: error: 'log_density_dependence_cotsimm' was not declared in this scope\n   37 |   PARAMETER_VALUE(log_density_dependence_cotsimm, -5.0); // Log of density dependence of COTS larval immigration\n      |                   ^~~~~~~~~~~~~~~~~~~~~~~~~~~~~~\nPOPULATIONS//POPULATION_0023//INDIVIDUAL_GYZV87BE/model.cpp:37:3: error: there are no arguments to 'PARAMETER_VALUE' that depend on a template parameter, so a declaration of 'PARAMETER_VALUE' must be available [-fpermissive]\n   37 |   PARAMETER_VALUE(log_density_dependence_cotsimm, -5.0); // Log of density dependence of COTS larval immigration\n      |   ^~~~~~~~~~~~~~~\nPOPULATIONS//POPULATION_0023//INDIVIDUAL_GYZV87BE/model.cpp:38:19: error: 'log_allee_cots' was not declared in this scope\n   38 |   PARAMETER_VALUE(log_allee_cots, -1.0);       // Log of COTS density at which Allee effect significantly reduces growth (individuals/m2)\n      |                   ^~~~~~~~~~~~~~\nPOPULATIONS//POPULATION_0023//INDIVIDUAL_GYZV87BE/model.cpp:38:3: error: there are no arguments to 'PARAMETER_VALUE' that depend on a template parameter, so a declaration of 'PARAMETER_VALUE' must be available [-fpermissive]\n   38 |   PARAMETER_VALUE(log_allee_cots, -1.0);       // Log of COTS density at which Allee effect significantly reduces growth (individuals/m2)\n      |   ^~~~~~~~~~~~~~~\nPOPULATIONS//POPULATION_0023//INDIVIDUAL_GYZV87BE/model.cpp:39:19: error: 'log_K2_fast' was not declared in this scope\n   39 |   PARAMETER_VALUE(log_K2_fast, -0.5);         // Log of half-saturation constant for COTS predation on fast-growing coral (individuals/m2)\n      |                   ^~~~~~~~~~~\nPOPULATIONS//POPULATION_0023//INDIVIDUAL_GYZV87BE/model.cpp:39:3: error: there are no arguments to 'PARAMETER_VALUE' that depend on a template parameter, so a declaration of 'PARAMETER_VALUE' must be available [-fpermissive]\n   39 |   PARAMETER_VALUE(log_K2_fast, -0.5);         // Log of half-saturation constant for COTS predation on fast-growing coral (individuals/m2)\n      |   ^~~~~~~~~~~~~~~\nPOPULATIONS//POPULATION_0023//INDIVIDUAL_GYZV87BE/model.cpp: In instantiation of 'Type objective_function<Type>::operator()() [with Type = CppAD::AD<double>]':\nC:/Users/spi085/AppData/Local/Programs/R/R-4.4.1/library/TMB/include/tmb_core.hpp:1308:6:   required from here\nPOPULATIONS//POPULATION_0023//INDIVIDUAL_GYZV87BE/model.cpp:19:18: error: 'PARAMETER_VALUE' was not declared in this scope; did you mean 'PARAMETER_VECTOR'?\n   19 |   PARAMETER_VALUE(log_r_cots, 0.5);          // Log of intrinsic growth rate of COTS (year^-1)\n      |   ~~~~~~~~~~~~~~~^~~~~~~~~~~~~~~~~\n      |   PARAMETER_VECTOR\nPOPULATIONS//POPULATION_0023//INDIVIDUAL_GYZV87BE/model.cpp:20:18: error: 'PARAMETER_VALUE' was not declared in this scope, and no declarations were found by argument-dependent lookup at the point of instantiation\n   20 |   PARAMETER_VALUE(log_K_cots, 2.0);          // Log of carrying capacity of COTS (individuals/m2)\n      |   ~~~~~~~~~~~~~~~^~~~~~~~~~~~~~~~~\nPOPULATIONS//POPULATION_0023//INDIVIDUAL_GYZV87BE/model.cpp:19:18: note: 'PARAMETER_VALUE' declared here, later in the translation unit\n   19 |   PARAMETER_VALUE(log_r_cots, 0.5);          // Log of intrinsic growth rate of COTS (year^-1)\n      |   ~~~~~~~~~~~~~~~^~~~~~~~~~~~~~~~~\nPOPULATIONS//POPULATION_0023//INDIVIDUAL_GYZV87BE/model.cpp:21:18: error: 'PARAMETER_VALUE' was not declared in this scope, and no declarations were found by argument-dependent lookup at the point of instantiation\n   21 |   PARAMETER_VALUE(log_m_cots, -0.5);          // Log of natural mortality rate of COTS (year^-1)\n      |   ~~~~~~~~~~~~~~~^~~~~~~~~~~~~~~~~~\nPOPULATIONS//POPULATION_0023//INDIVIDUAL_GYZV87BE/model.cpp:19:18: note: 'PARAMETER_VALUE' declared here, later in the translation unit\n   19 |   PARAMETER_VALUE(log_r_cots, 0.5);          // Log of intrinsic growth rate of COTS (year^-1)\n      |   ~~~~~~~~~~~~~~~^~~~~~~~~~~~~~~~~\nPOPULATIONS//POPULATION_0023//INDIVIDUAL_GYZV87BE/model.cpp:22:18: error: 'PARAMETER_VALUE' was not declared in this scope, and no declarations were found by argument-dependent lookup at the point of instantiation\n   22 |   PARAMETER_VALUE(log_p_cots, -1.0);          // Log of predation rate on COTS (year^-1)\n      |   ~~~~~~~~~~~~~~~^~~~~~~~~~~~~~~~~~\nPOPULATIONS//POPULATION_0023//INDIVIDUAL_GYZV87BE/model.cpp:19:18: note: 'PARAMETER_VALUE' declared here, later in the translation unit\n   19 |   PARAMETER_VALUE(log_r_cots, 0.5);          // Log of intrinsic growth rate of COTS (year^-1)\n      |   ~~~~~~~~~~~~~~~^~~~~~~~~~~~~~~~~\nPOPULATIONS//POPULATION_0023//INDIVIDUAL_GYZV87BE/model.cpp:23:18: error: 'PARAMETER_VALUE' was not declared in this scope, and no declarations were found by argument-dependent lookup at the point of instantiation\n   23 |   PARAMETER_VALUE(log_K1_cots, -0.5);         // Log of half-saturation constant for COTS predation (individuals/m2)\n      |   ~~~~~~~~~~~~~~~^~~~~~~~~~~~~~~~~~~\nPOPULATIONS//POPULATION_0023//INDIVIDUAL_GYZV87BE/model.cpp:19:18: note: 'PARAMETER_VALUE' declared here, later in the translation unit\n   19 |   PARAMETER_VALUE(log_r_cots, 0.5);          // Log of intrinsic growth rate of COTS (year^-1)\n      |   ~~~~~~~~~~~~~~~^~~~~~~~~~~~~~~~~\nPOPULATIONS//POPULATION_0023//INDIVIDUAL_GYZV87BE/model.cpp:24:18: error: 'PARAMETER_VALUE' was not declared in this scope, and no declarations were found by argument-dependent lookup at the point of instantiation\n   24 |   PARAMETER_VALUE(log_a_fast, -2.0);         // Log of attack rate of COTS on fast-growing coral (m2/individual/year)\n      |   ~~~~~~~~~~~~~~~^~~~~~~~~~~~~~~~~~\nPOPULATIONS//POPULATION_0023//INDIVIDUAL_GYZV87BE/model.cpp:19:18: note: 'PARAMETER_VALUE' declared here, later in the translation unit\n   19 |   PARAMETER_VALUE(log_r_cots, 0.5);          // Log of intrinsic growth rate of COTS (year^-1)\n      |   ~~~~~~~~~~~~~~~^~~~~~~~~~~~~~~~~\nPOPULATIONS//POPULATION_0023//INDIVIDUAL_GYZV87BE/model.cpp:25:18: error: 'PARAMETER_VALUE' was not declared in this scope, and no declarations were found by argument-dependent lookup at the point of instantiation\n   25 |   PARAMETER_VALUE(log_a_slow, -3.0);         // Log of attack rate of COTS on slow-growing coral (m2/individual/year)\n      |   ~~~~~~~~~~~~~~~^~~~~~~~~~~~~~~~~~\nPOPULATIONS//POPULATION_0023//INDIVIDUAL_GYZV87BE/model.cpp:19:18: note: 'PARAMETER_VALUE' declared here, later in the translation unit\n   19 |   PARAMETER_VALUE(log_r_cots, 0.5);          // Log of intrinsic growth rate of COTS (year^-1)\n      |   ~~~~~~~~~~~~~~~^~~~~~~~~~~~~~~~~\nPOPULATIONS//POPULATION_0023//INDIVIDUAL_GYZV87BE/model.cpp:26:18: error: 'PARAMETER_VALUE' was not declared in this scope, and no declarations were found by argument-dependent lookup at the point of instantiation\n   26 |   PARAMETER_VALUE(log_K_fast, 3.0);         // Log of carrying capacity of fast-growing coral (%)\n      |   ~~~~~~~~~~~~~~~^~~~~~~~~~~~~~~~~\nPOPULATIONS//POPULATION_0023//INDIVIDUAL_GYZV87BE/model.cpp:19:18: note: 'PARAMETER_VALUE' declared here, later in the translation unit\n   19 |   PARAMETER_VALUE(log_r_cots, 0.5);          // Log of intrinsic growth rate of COTS (year^-1)\n      |   ~~~~~~~~~~~~~~~^~~~~~~~~~~~~~~~~\nPOPULATIONS//POPULATION_0023//INDIVIDUAL_GYZV87BE/model.cpp:27:18: error: 'PARAMETER_VALUE' was not declared in this scope, and no declarations were found by argument-dependent lookup at the point of instantiation\n   27 |   PARAMETER_VALUE(log_K_slow, 3.0);         // Log of carrying capacity of slow-growing coral (%)\n      |   ~~~~~~~~~~~~~~~^~~~~~~~~~~~~~~~~\nPOPULATIONS//POPULATION_0023//INDIVIDUAL_GYZV87BE/model.cpp:19:18: note: 'PARAMETER_VALUE' declared here, later in the translation unit\n   19 |   PARAMETER_VALUE(log_r_cots, 0.5);          // Log of intrinsic growth rate of COTS (year^-1)\n      |   ~~~~~~~~~~~~~~~^~~~~~~~~~~~~~~~~\nPOPULATIONS//POPULATION_0023//INDIVIDUAL_GYZV87BE/model.cpp:28:18: error: 'PARAMETER_VALUE' was not declared in this scope, and no declarations were found by argument-dependent lookup at the point of instantiation\n   28 |   PARAMETER_VALUE(log_r_fast, 0.8);         // Log of growth rate of fast-growing coral (year^-1)\n      |   ~~~~~~~~~~~~~~~^~~~~~~~~~~~~~~~~\nPOPULATIONS//POPULATION_0023//INDIVIDUAL_GYZV87BE/model.cpp:19:18: note: 'PARAMETER_VALUE' declared here, later in the translation unit\n   19 |   PARAMETER_VALUE(log_r_cots, 0.5);          // Log of intrinsic growth rate of COTS (year^-1)\n      |   ~~~~~~~~~~~~~~~^~~~~~~~~~~~~~~~~\nPOPULATIONS//POPULATION_0023//INDIVIDUAL_GYZV87BE/model.cpp:29:18: error: 'PARAMETER_VALUE' was not declared in this scope, and no declarations were found by argument-dependent lookup at the point of instantiation\n   29 |   PARAMETER_VALUE(log_r_slow, 0.3);         // Log of growth rate of slow-growing coral (year^-1)\n      |   ~~~~~~~~~~~~~~~^~~~~~~~~~~~~~~~~\nPOPULATIONS//POPULATION_0023//INDIVIDUAL_GYZV87BE/model.cpp:19:18: note: 'PARAMETER_VALUE' declared here, later in the translation unit\n   19 |   PARAMETER_VALUE(log_r_cots, 0.5);          // Log of intrinsic growth rate of COTS (year^-1)\n      |   ~~~~~~~~~~~~~~~^~~~~~~~~~~~~~~~~\nPOPULATIONS//POPULATION_0023//INDIVIDUAL_GYZV87BE/model.cpp:30:18: error: 'PARAMETER_VALUE' was not declared in this scope, and no declarations were found by argument-dependent lookup at the point of instantiation\n   30 |   PARAMETER_VALUE(log_m_fast, -0.2);         // Log of mortality rate of fast-growing coral (year^-1)\n      |   ~~~~~~~~~~~~~~~^~~~~~~~~~~~~~~~~~\nPOPULATIONS//POPULATION_0023//INDIVIDUAL_GYZV87BE/model.cpp:19:18: note: 'PARAMETER_VALUE' declared here, later in the translation unit\n   19 |   PARAMETER_VALUE(log_r_cots, 0.5);          // Log of intrinsic growth rate of COTS (year^-1)\n      |   ~~~~~~~~~~~~~~~^~~~~~~~~~~~~~~~~\nPOPULATIONS//POPULATION_0023//INDIVIDUAL_GYZV87BE/model.cpp:31:18: error: 'PARAMETER_VALUE' was not declared in this scope, and no declarations were found by argument-dependent lookup at the point of instantiation\n   31 |   PARAMETER_VALUE(log_m_slow, -0.7);         // Log of mortality rate of slow-growing coral (year^-1)\n      |   ~~~~~~~~~~~~~~~^~~~~~~~~~~~~~~~~~\nPOPULATIONS//POPULATION_0023//INDIVIDUAL_GYZV87BE/model.cpp:19:18: note: 'PARAMETER_VALUE' declared here, later in the translation unit\n   19 |   PARAMETER_VALUE(log_r_cots, 0.5);          // Log of intrinsic growth rate of COTS (year^-1)\n      |   ~~~~~~~~~~~~~~~^~~~~~~~~~~~~~~~~\nPOPULATIONS//POPULATION_0023//INDIVIDUAL_GYZV87BE/model.cpp:32:18: error: 'PARAMETER_VALUE' was not declared in this scope, and no declarations were found by argument-dependent lookup at the point of instantiation\n   32 |   PARAMETER_VALUE(log_temp_sensitivity_fast, -3.0); // Log of temperature sensitivity of fast-growing coral (Celsius^-1)\n      |   ~~~~~~~~~~~~~~~^~~~~~~~~~~~~~~~~~~~~~~~~~~~~~~~~\nPOPULATIONS//POPULATION_0023//INDIVIDUAL_GYZV87BE/model.cpp:19:18: note: 'PARAMETER_VALUE' declared here, later in the translation unit\n   19 |   PARAMETER_VALUE(log_r_cots, 0.5);          // Log of intrinsic growth rate of COTS (year^-1)\n      |   ~~~~~~~~~~~~~~~^~~~~~~~~~~~~~~~~\nPOPULATIONS//POPULATION_0023//INDIVIDUAL_GYZV87BE/model.cpp:33:18: error: 'PARAMETER_VALUE' was not declared in this scope, and no declarations were found by argument-dependent lookup at the point of instantiation\n   33 |   PARAMETER_VALUE(log_temp_sensitivity_slow, -3.0); // Log of temperature sensitivity of slow-growing coral (Celsius^-1)\n      |   ~~~~~~~~~~~~~~~^~~~~~~~~~~~~~~~~~~~~~~~~~~~~~~~~\nPOPULATIONS//POPULATION_0023//INDIVIDUAL_GYZV87BE/model.cpp:19:18: note: 'PARAMETER_VALUE' declared here, later in the translation unit\n   19 |   PARAMETER_VALUE(log_r_cots, 0.5);          // Log of intrinsic growth rate of COTS (year^-1)\n      |   ~~~~~~~~~~~~~~~^~~~~~~~~~~~~~~~~\nPOPULATIONS//POPULATION_0023//INDIVIDUAL_GYZV87BE/model.cpp:34:18: error: 'PARAMETER_VALUE' was not declared in this scope, and no declarations were found by argument-dependent lookup at the point of instantiation\n   34 |   PARAMETER_VALUE(log_sigma_cots, -0.5);      // Log of standard deviation of COTS observation error\n      |   ~~~~~~~~~~~~~~~^~~~~~~~~~~~~~~~~~~~~~\nPOPULATIONS//POPULATION_0023//INDIVIDUAL_GYZV87BE/model.cpp:19:18: note: 'PARAMETER_VALUE' declared here, later in the translation unit\n   19 |   PARAMETER_VALUE(log_r_cots, 0.5);          // Log of intrinsic growth rate of COTS (year^-1)\n      |   ~~~~~~~~~~~~~~~^~~~~~~~~~~~~~~~~\nPOPULATIONS//POPULATION_0023//INDIVIDUAL_GYZV87BE/model.cpp:35:18: error: 'PARAMETER_VALUE' was not declared in this scope, and no declarations were found by argument-dependent lookup at the point of instantiation\n   35 |   PARAMETER_VALUE(log_sigma_slow, -0.5);      // Log of standard deviation of slow-growing coral observation error\n      |   ~~~~~~~~~~~~~~~^~~~~~~~~~~~~~~~~~~~~~\nPOPULATIONS//POPULATION_0023//INDIVIDUAL_GYZV87BE/model.cpp:19:18: note: 'PARAMETER_VALUE' declared here, later in the translation unit\n   19 |   PARAMETER_VALUE(log_r_cots, 0.5);          // Log of intrinsic growth rate of COTS (year^-1)\n      |   ~~~~~~~~~~~~~~~^~~~~~~~~~~~~~~~~\nPOPULATIONS//POPULATION_0023//INDIVIDUAL_GYZV87BE/model.cpp:36:18: error: 'PARAMETER_VALUE' was not declared in this scope, and no declarations were found by argument-dependent lookup at the point of instantiation\n   36 |   PARAMETER_VALUE(log_sigma_fast, -0.5);      // Log of standard deviation of fast-growing coral observation error\n      |   ~~~~~~~~~~~~~~~^~~~~~~~~~~~~~~~~~~~~~\nPOPULATIONS//POPULATION_0023//INDIVIDUAL_GYZV87BE/model.cpp:19:18: note: 'PARAMETER_VALUE' declared here, later in the translation unit\n   19 |   PARAMETER_VALUE(log_r_cots, 0.5);          // Log of intrinsic growth rate of COTS (year^-1)\n      |   ~~~~~~~~~~~~~~~^~~~~~~~~~~~~~~~~\nPOPULATIONS//POPULATION_0023//INDIVIDUAL_GYZV87BE/model.cpp:37:18: error: 'PARAMETER_VALUE' was not declared in this scope, and no declarations were found by argument-dependent lookup at the point of instantiation\n   37 |   PARAMETER_VALUE(log_density_dependence_cotsimm, -5.0); // Log of density dependence of COTS larval immigration\n      |   ~~~~~~~~~~~~~~~^~~~~~~~~~~~~~~~~~~~~~~~~~~~~~~~~~~~~~\nPOPULATIONS//POPULATION_0023//INDIVIDUAL_GYZV87BE/model.cpp:19:18: note: 'PARAMETER_VALUE' declared here, later in the translation unit\n   19 |   PARAMETER_VALUE(log_r_cots, 0.5);          // Log of intrinsic growth rate of COTS (year^-1)\n      |   ~~~~~~~~~~~~~~~^~~~~~~~~~~~~~~~~\nPOPULATIONS//POPULATION_0023//INDIVIDUAL_GYZV87BE/model.cpp:38:18: error: 'PARAMETER_VALUE' was not declared in this scope, and no declarations were found by argument-dependent lookup at the point of instantiation\n   38 |   PARAMETER_VALUE(log_allee_cots, -1.0);       // Log of COTS density at which Allee effect significantly reduces growth (individuals/m2)\n      |   ~~~~~~~~~~~~~~~^~~~~~~~~~~~~~~~~~~~~~\nPOPULATIONS//POPULATION_0023//INDIVIDUAL_GYZV87BE/model.cpp:19:18: note: 'PARAMETER_VALUE' declared here, later in the translation unit\n   19 |   PARAMETER_VALUE(log_r_cots, 0.5);          // Log of intrinsic growth rate of COTS (year^-1)\n      |   ~~~~~~~~~~~~~~~^~~~~~~~~~~~~~~~~\nPOPULATIONS//POPULATION_0023//INDIVIDUAL_GYZV87BE/model.cpp:39:18: error: 'PARAMETER_VALUE' was not declared in this scope, and no declarations were found by argument-dependent lookup at the point of instantiation\n   39 |   PARAMETER_VALUE(log_K2_fast, -0.5);         // Log of half-saturation constant for COTS predation on fast-growing coral (individuals/m2)\n      |   ~~~~~~~~~~~~~~~^~~~~~~~~~~~~~~~~~~\nPOPULATIONS//POPULATION_0023//INDIVIDUAL_GYZV87BE/model.cpp:19:18: note: 'PARAMETER_VALUE' declared here, later in the translation unit\n   19 |   PARAMETER_VALUE(log_r_cots, 0.5);          // Log of intrinsic growth rate of COTS (year^-1)\n      |   ~~~~~~~~~~~~~~~^~~~~~~~~~~~~~~~~\nPOPULATIONS//POPULATION_0023//INDIVIDUAL_GYZV87BE/model.cpp: In instantiation of 'Type objective_function<Type>::operator()() [with Type = double]':\nC:/Users/spi085/AppData/Local/Programs/R/R-4.4.1/library/TMB/include/tmb_core.hpp:2031:7:   required from here\nPOPULATIONS//POPULATION_0023//INDIVIDUAL_GYZV87BE/model.cpp:19:18: error: 'PARAMETER_VALUE' was not declared in this scope; did you mean 'PARAMETER_VECTOR'?\n   19 |   PARAMETER_VALUE(log_r_cots, 0.5);          // Log of intrinsic growth rate of COTS (year^-1)\n      |   ~~~~~~~~~~~~~~~^~~~~~~~~~~~~~~~~\n      |   PARAMETER_VECTOR\nPOPULATIONS//POPULATION_0023//INDIVIDUAL_GYZV87BE/model.cpp:20:18: error: 'PARAMETER_VALUE' was not declared in this scope, and no declarations were found by argument-dependent lookup at the point of instantiation\n   20 |   PARAMETER_VALUE(log_K_cots, 2.0);          // Log of carrying capacity of COTS (individuals/m2)\n      |   ~~~~~~~~~~~~~~~^~~~~~~~~~~~~~~~~\nPOPULATIONS//POPULATION_0023//INDIVIDUAL_GYZV87BE/model.cpp:19:18: note: 'PARAMETER_VALUE' declared here, later in the translation unit\n   19 |   PARAMETER_VALUE(log_r_cots, 0.5);          // Log of intrinsic growth rate of COTS (year^-1)\n      |   ~~~~~~~~~~~~~~~^~~~~~~~~~~~~~~~~\nPOPULATIONS//POPULATION_0023//INDIVIDUAL_GYZV87BE/model.cpp:21:18: error: 'PARAMETER_VALUE' was not declared in this scope, and no declarations were found by argument-dependent lookup at the point of instantiation\n   21 |   PARAMETER_VALUE(log_m_cots, -0.5);          // Log of natural mortality rate of COTS (year^-1)\n      |   ~~~~~~~~~~~~~~~^~~~~~~~~~~~~~~~~~\nPOPULATIONS//POPULATION_0023//INDIVIDUAL_GYZV87BE/model.cpp:19:18: note: 'PARAMETER_VALUE' declared here, later in the translation unit\n   19 |   PARAMETER_VALUE(log_r_cots, 0.5);          // Log of intrinsic growth rate of COTS (year^-1)\n      |   ~~~~~~~~~~~~~~~^~~~~~~~~~~~~~~~~\nPOPULATIONS//POPULATION_0023//INDIVIDUAL_GYZV87BE/model.cpp:22:18: error: 'PARAMETER_VALUE' was not declared in this scope, and no declarations were found by argument-dependent lookup at the point of instantiation\n   22 |   PARAMETER_VALUE(log_p_cots, -1.0);          // Log of predation rate on COTS (year^-1)\n      |   ~~~~~~~~~~~~~~~^~~~~~~~~~~~~~~~~~\nPOPULATIONS//POPULATION_0023//INDIVIDUAL_GYZV87BE/model.cpp:19:18: note: 'PARAMETER_VALUE' declared here, later in the translation unit\n   19 |   PARAMETER_VALUE(log_r_cots, 0.5);          // Log of intrinsic growth rate of COTS (year^-1)\n      |   ~~~~~~~~~~~~~~~^~~~~~~~~~~~~~~~~\nPOPULATIONS//POPULATION_0023//INDIVIDUAL_GYZV87BE/model.cpp:23:18: error: 'PARAMETER_VALUE' was not declared in this scope, and no declarations were found by argument-dependent lookup at the point of instantiation\n   23 |   PARAMETER_VALUE(log_K1_cots, -0.5);         // Log of half-saturation constant for COTS predation (individuals/m2)\n      |   ~~~~~~~~~~~~~~~^~~~~~~~~~~~~~~~~~~\nPOPULATIONS//POPULATION_0023//INDIVIDUAL_GYZV87BE/model.cpp:19:18: note: 'PARAMETER_VALUE' declared here, later in the translation unit\n   19 |   PARAMETER_VALUE(log_r_cots, 0.5);          // Log of intrinsic growth rate of COTS (year^-1)\n      |   ~~~~~~~~~~~~~~~^~~~~~~~~~~~~~~~~\nPOPULATIONS//POPULATION_0023//INDIVIDUAL_GYZV87BE/model.cpp:24:18: error: 'PARAMETER_VALUE' was not declared in this scope, and no declarations were found by argument-dependent lookup at the point of instantiation\n   24 |   PARAMETER_VALUE(log_a_fast, -2.0);         // Log of attack rate of COTS on fast-growing coral (m2/individual/year)\n      |   ~~~~~~~~~~~~~~~^~~~~~~~~~~~~~~~~~\nPOPULATIONS//POPULATION_0023//INDIVIDUAL_GYZV87BE/model.cpp:19:18: note: 'PARAMETER_VALUE' declared here, later in the translation unit\n   19 |   PARAMETER_VALUE(log_r_cots, 0.5);          // Log of intrinsic growth rate of COTS (year^-1)\n      |   ~~~~~~~~~~~~~~~^~~~~~~~~~~~~~~~~\nPOPULATIONS//POPULATION_0023//INDIVIDUAL_GYZV87BE/model.cpp:25:18: error: 'PARAMETER_VALUE' was not declared in this scope, and no declarations were found by argument-dependent lookup at the point of instantiation\n   25 |   PARAMETER_VALUE(log_a_slow, -3.0);         // Log of attack rate of COTS on slow-growing coral (m2/individual/year)\n      |   ~~~~~~~~~~~~~~~^~~~~~~~~~~~~~~~~~\nPOPULATIONS//POPULATION_0023//INDIVIDUAL_GYZV87BE/model.cpp:19:18: note: 'PARAMETER_VALUE' declared here, later in the translation unit\n   19 |   PARAMETER_VALUE(log_r_cots, 0.5);          // Log of intrinsic growth rate of COTS (year^-1)\n      |   ~~~~~~~~~~~~~~~^~~~~~~~~~~~~~~~~\nPOPULATIONS//POPULATION_0023//INDIVIDUAL_GYZV87BE/model.cpp:26:18: error: 'PARAMETER_VALUE' was not declared in this scope, and no declarations were found by argument-dependent lookup at the point of instantiation\n   26 |   PARAMETER_VALUE(log_K_fast, 3.0);         // Log of carrying capacity of fast-growing coral (%)\n      |   ~~~~~~~~~~~~~~~^~~~~~~~~~~~~~~~~\nPOPULATIONS//POPULATION_0023//INDIVIDUAL_GYZV87BE/model.cpp:19:18: note: 'PARAMETER_VALUE' declared here, later in the translation unit\n   19 |   PARAMETER_VALUE(log_r_cots, 0.5);          // Log of intrinsic growth rate of COTS (year^-1)\n      |   ~~~~~~~~~~~~~~~^~~~~~~~~~~~~~~~~\nPOPULATIONS//POPULATION_0023//INDIVIDUAL_GYZV87BE/model.cpp:27:18: error: 'PARAMETER_VALUE' was not declared in this scope, and no declarations were found by argument-dependent lookup at the point of instantiation\n   27 |   PARAMETER_VALUE(log_K_slow, 3.0);         // Log of carrying capacity of slow-growing coral (%)\n      |   ~~~~~~~~~~~~~~~^~~~~~~~~~~~~~~~~\nPOPULATIONS//POPULATION_0023//INDIVIDUAL_GYZV87BE/model.cpp:19:18: note: 'PARAMETER_VALUE' declared here, later in the translation unit\n   19 |   PARAMETER_VALUE(log_r_cots, 0.5);          // Log of intrinsic growth rate of COTS (year^-1)\n      |   ~~~~~~~~~~~~~~~^~~~~~~~~~~~~~~~~\nPOPULATIONS//POPULATION_0023//INDIVIDUAL_GYZV87BE/model.cpp:28:18: error: 'PARAMETER_VALUE' was not declared in this scope, and no declarations were found by argument-dependent lookup at the point of instantiation\n   28 |   PARAMETER_VALUE(log_r_fast, 0.8);         // Log of growth rate of fast-growing coral (year^-1)\n      |   ~~~~~~~~~~~~~~~^~~~~~~~~~~~~~~~~\nPOPULATIONS//POPULATION_0023//INDIVIDUAL_GYZV87BE/model.cpp:19:18: note: 'PARAMETER_VALUE' declared here, later in the translation unit\n   19 |   PARAMETER_VALUE(log_r_cots, 0.5);          // Log of intrinsic growth rate of COTS (year^-1)\n      |   ~~~~~~~~~~~~~~~^~~~~~~~~~~~~~~~~\nPOPULATIONS//POPULATION_0023//INDIVIDUAL_GYZV87BE/model.cpp:29:18: error: 'PARAMETER_VALUE' was not declared in this scope, and no declarations were found by argument-dependent lookup at the point of instantiation\n   29 |   PARAMETER_VALUE(log_r_slow, 0.3);         // Log of growth rate of slow-growing coral (year^-1)\n      |   ~~~~~~~~~~~~~~~^~~~~~~~~~~~~~~~~\nPOPULATIONS//POPULATION_0023//INDIVIDUAL_GYZV87BE/model.cpp:19:18: note: 'PARAMETER_VALUE' declared here, later in the translation unit\n   19 |   PARAMETER_VALUE(log_r_cots, 0.5);          // Log of intrinsic growth rate of COTS (year^-1)\n      |   ~~~~~~~~~~~~~~~^~~~~~~~~~~~~~~~~\nPOPULATIONS//POPULATION_0023//INDIVIDUAL_GYZV87BE/model.cpp:30:18: error: 'PARAMETER_VALUE' was not declared in this scope, and no declarations were found by argument-dependent lookup at the point of instantiation\n   30 |   PARAMETER_VALUE(log_m_fast, -0.2);         // Log of mortality rate of fast-growing coral (year^-1)\n      |   ~~~~~~~~~~~~~~~^~~~~~~~~~~~~~~~~~\nPOPULATIONS//POPULATION_0023//INDIVIDUAL_GYZV87BE/model.cpp:19:18: note: 'PARAMETER_VALUE' declared here, later in the translation unit\n   19 |   PARAMETER_VALUE(log_r_cots, 0.5);          // Log of intrinsic growth rate of COTS (year^-1)\n      |   ~~~~~~~~~~~~~~~^~~~~~~~~~~~~~~~~\nPOPULATIONS//POPULATION_0023//INDIVIDUAL_GYZV87BE/model.cpp:31:18: error: 'PARAMETER_VALUE' was not declared in this scope, and no declarations were found by argument-dependent lookup at the point of instantiation\n   31 |   PARAMETER_VALUE(log_m_slow, -0.7);         // Log of mortality rate of slow-growing coral (year^-1)\n      |   ~~~~~~~~~~~~~~~^~~~~~~~~~~~~~~~~~\nPOPULATIONS//POPULATION_0023//INDIVIDUAL_GYZV87BE/model.cpp:19:18: note: 'PARAMETER_VALUE' declared here, later in the translation unit\n   19 |   PARAMETER_VALUE(log_r_cots, 0.5);          // Log of intrinsic growth rate of COTS (year^-1)\n      |   ~~~~~~~~~~~~~~~^~~~~~~~~~~~~~~~~\nPOPULATIONS//POPULATION_0023//INDIVIDUAL_GYZV87BE/model.cpp:32:18: error: 'PARAMETER_VALUE' was not declared in this scope, and no declarations were found by argument-dependent lookup at the point of instantiation\n   32 |   PARAMETER_VALUE(log_temp_sensitivity_fast, -3.0); // Log of temperature sensitivity of fast-growing coral (Celsius^-1)\n      |   ~~~~~~~~~~~~~~~^~~~~~~~~~~~~~~~~~~~~~~~~~~~~~~~~\nPOPULATIONS//POPULATION_0023//INDIVIDUAL_GYZV87BE/model.cpp:19:18: note: 'PARAMETER_VALUE' declared here, later in the translation unit\n   19 |   PARAMETER_VALUE(log_r_cots, 0.5);          // Log of intrinsic growth rate of COTS (year^-1)\n      |   ~~~~~~~~~~~~~~~^~~~~~~~~~~~~~~~~\nPOPULATIONS//POPULATION_0023//INDIVIDUAL_GYZV87BE/model.cpp:33:18: error: 'PARAMETER_VALUE' was not declared in this scope, and no declarations were found by argument-dependent lookup at the point of instantiation\n   33 |   PARAMETER_VALUE(log_temp_sensitivity_slow, -3.0); // Log of temperature sensitivity of slow-growing coral (Celsius^-1)\n      |   ~~~~~~~~~~~~~~~^~~~~~~~~~~~~~~~~~~~~~~~~~~~~~~~~\nPOPULATIONS//POPULATION_0023//INDIVIDUAL_GYZV87BE/model.cpp:19:18: note: 'PARAMETER_VALUE' declared here, later in the translation unit\n   19 |   PARAMETER_VALUE(log_r_cots, 0.5);          // Log of intrinsic growth rate of COTS (year^-1)\n      |   ~~~~~~~~~~~~~~~^~~~~~~~~~~~~~~~~\nPOPULATIONS//POPULATION_0023//INDIVIDUAL_GYZV87BE/model.cpp:34:18: error: 'PARAMETER_VALUE' was not declared in this scope, and no declarations were found by argument-dependent lookup at the point of instantiation\n   34 |   PARAMETER_VALUE(log_sigma_cots, -0.5);      // Log of standard deviation of COTS observation error\n      |   ~~~~~~~~~~~~~~~^~~~~~~~~~~~~~~~~~~~~~\nPOPULATIONS//POPULATION_0023//INDIVIDUAL_GYZV87BE/model.cpp:19:18: note: 'PARAMETER_VALUE' declared here, later in the translation unit\n   19 |   PARAMETER_VALUE(log_r_cots, 0.5);          // Log of intrinsic growth rate of COTS (year^-1)\n      |   ~~~~~~~~~~~~~~~^~~~~~~~~~~~~~~~~\nPOPULATIONS//POPULATION_0023//INDIVIDUAL_GYZV87BE/model.cpp:35:18: error: 'PARAMETER_VALUE' was not declared in this scope, and no declarations were found by argument-dependent lookup at the point of instantiation\n   35 |   PARAMETER_VALUE(log_sigma_slow, -0.5);      // Log of standard deviation of slow-growing coral observation error\n      |   ~~~~~~~~~~~~~~~^~~~~~~~~~~~~~~~~~~~~~\nPOPULATIONS//POPULATION_0023//INDIVIDUAL_GYZV87BE/model.cpp:19:18: note: 'PARAMETER_VALUE' declared here, later in the translation unit\n   19 |   PARAMETER_VALUE(log_r_cots, 0.5);          // Log of intrinsic growth rate of COTS (year^-1)\n      |   ~~~~~~~~~~~~~~~^~~~~~~~~~~~~~~~~\nPOPULATIONS//POPULATION_0023//INDIVIDUAL_GYZV87BE/model.cpp:36:18: error: 'PARAMETER_VALUE' was not declared in this scope, and no declarations were found by argument-dependent lookup at the point of instantiation\n   36 |   PARAMETER_VALUE(log_sigma_fast, -0.5);      // Log of standard deviation of fast-growing coral observation error\n      |   ~~~~~~~~~~~~~~~^~~~~~~~~~~~~~~~~~~~~~\nPOPULATIONS//POPULATION_0023//INDIVIDUAL_GYZV87BE/model.cpp:19:18: note: 'PARAMETER_VALUE' declared here, later in the translation unit\n   19 |   PARAMETER_VALUE(log_r_cots, 0.5);          // Log of intrinsic growth rate of COTS (year^-1)\n      |   ~~~~~~~~~~~~~~~^~~~~~~~~~~~~~~~~\nPOPULATIONS//POPULATION_0023//INDIVIDUAL_GYZV87BE/model.cpp:37:18: error: 'PARAMETER_VALUE' was not declared in this scope, and no declarations were found by argument-dependent lookup at the point of instantiation\n   37 |   PARAMETER_VALUE(log_density_dependence_cotsimm, -5.0); // Log of density dependence of COTS larval immigration\n      |   ~~~~~~~~~~~~~~~^~~~~~~~~~~~~~~~~~~~~~~~~~~~~~~~~~~~~~\nPOPULATIONS//POPULATION_0023//INDIVIDUAL_GYZV87BE/model.cpp:19:18: note: 'PARAMETER_VALUE' declared here, later in the translation unit\n   19 |   PARAMETER_VALUE(log_r_cots, 0.5);          // Log of intrinsic growth rate of COTS (year^-1)\n      |   ~~~~~~~~~~~~~~~^~~~~~~~~~~~~~~~~\nPOPULATIONS//POPULATION_0023//INDIVIDUAL_GYZV87BE/model.cpp:38:18: error: 'PARAMETER_VALUE' was not declared in this scope, and no declarations were found by argument-dependent lookup at the point of instantiation\n   38 |   PARAMETER_VALUE(log_allee_cots, -1.0);       // Log of COTS density at which Allee effect significantly reduces growth (individuals/m2)\n      |   ~~~~~~~~~~~~~~~^~~~~~~~~~~~~~~~~~~~~~\nPOPULATIONS//POPULATION_0023//INDIVIDUAL_GYZV87BE/model.cpp:19:18: note: 'PARAMETER_VALUE' declared here, later in the translation unit\n   19 |   PARAMETER_VALUE(log_r_cots, 0.5);          // Log of intrinsic growth rate of COTS (year^-1)\n      |   ~~~~~~~~~~~~~~~^~~~~~~~~~~~~~~~~\nPOPULATIONS//POPULATION_0023//INDIVIDUAL_GYZV87BE/model.cpp:39:18: error: 'PARAMETER_VALUE' was not declared in this scope, and no declarations were found by argument-dependent lookup at the point of instantiation\n   39 |   PARAMETER_VALUE(log_K2_fast, -0.5);         // Log of half-saturation constant for COTS predation on fast-growing coral (individuals/m2)\n      |   ~~~~~~~~~~~~~~~^~~~~~~~~~~~~~~~~~~\nPOPULATIONS//POPULATION_0023//INDIVIDUAL_GYZV87BE/model.cpp:19:18: note: 'PARAMETER_VALUE' declared here, later in the translation unit\n   19 |   PARAMETER_VALUE(log_r_cots, 0.5);          // Log of intrinsic growth rate of COTS (year^-1)\n      |   ~~~~~~~~~~~~~~~^~~~~~~~~~~~~~~~~\nPOPULATIONS//POPULATION_0023//INDIVIDUAL_GYZV87BE/model.cpp: In instantiation of 'Type objective_function<Type>::operator()() [with Type = CppAD::AD<CppAD::AD<double> >]':\nC:/Users/spi085/AppData/Local/Programs/R/R-4.4.1/library/TMB/include/tmb_core.hpp:913:29:   required from 'Type objective_function<Type>::evalUserTemplate() [with Type = CppAD::AD<CppAD::AD<double> >]'\nC:/Users/spi085/AppData/Local/Programs/R/R-4.4.1/library/TMB/include/tmb_core.hpp:2112:26:   required from here\nPOPULATIONS//POPULATION_0023//INDIVIDUAL_GYZV87BE/model.cpp:19:18: error: 'PARAMETER_VALUE' was not declared in this scope; did you mean 'PARAMETER_VECTOR'?\n   19 |   PARAMETER_VALUE(log_r_cots, 0.5);          // Log of intrinsic growth rate of COTS (year^-1)\n      |   ~~~~~~~~~~~~~~~^~~~~~~~~~~~~~~~~\n      |   PARAMETER_VECTOR\nPOPULATIONS//POPULATION_0023//INDIVIDUAL_GYZV87BE/model.cpp:20:18: error: 'PARAMETER_VALUE' was not declared in this scope, and no declarations were found by argument-dependent lookup at the point of instantiation\n   20 |   PARAMETER_VALUE(log_K_cots, 2.0);          // Log of carrying capacity of COTS (individuals/m2)\n      |   ~~~~~~~~~~~~~~~^~~~~~~~~~~~~~~~~\nPOPULATIONS//POPULATION_0023//INDIVIDUAL_GYZV87BE/model.cpp:19:18: note: 'PARAMETER_VALUE' declared here, later in the translation unit\n   19 |   PARAMETER_VALUE(log_r_cots, 0.5);          // Log of intrinsic growth rate of COTS (year^-1)\n      |   ~~~~~~~~~~~~~~~^~~~~~~~~~~~~~~~~\nPOPULATIONS//POPULATION_0023//INDIVIDUAL_GYZV87BE/model.cpp:21:18: error: 'PARAMETER_VALUE' was not declared in this scope, and no declarations were found by argument-dependent lookup at the point of instantiation\n   21 |   PARAMETER_VALUE(log_m_cots, -0.5);          // Log of natural mortality rate of COTS (year^-1)\n      |   ~~~~~~~~~~~~~~~^~~~~~~~~~~~~~~~~~\nPOPULATIONS//POPULATION_0023//INDIVIDUAL_GYZV87BE/model.cpp:19:18: note: 'PARAMETER_VALUE' declared here, later in the translation unit\n   19 |   PARAMETER_VALUE(log_r_cots, 0.5);          // Log of intrinsic growth rate of COTS (year^-1)\n      |   ~~~~~~~~~~~~~~~^~~~~~~~~~~~~~~~~\nPOPULATIONS//POPULATION_0023//INDIVIDUAL_GYZV87BE/model.cpp:22:18: error: 'PARAMETER_VALUE' was not declared in this scope, and no declarations were found by argument-dependent lookup at the point of instantiation\n   22 |   PARAMETER_VALUE(log_p_cots, -1.0);          // Log of predation rate on COTS (year^-1)\n      |   ~~~~~~~~~~~~~~~^~~~~~~~~~~~~~~~~~\nPOPULATIONS//POPULATION_0023//INDIVIDUAL_GYZV87BE/model.cpp:19:18: note: 'PARAMETER_VALUE' declared here, later in the translation unit\n   19 |   PARAMETER_VALUE(log_r_cots, 0.5);          // Log of intrinsic growth rate of COTS (year^-1)\n      |   ~~~~~~~~~~~~~~~^~~~~~~~~~~~~~~~~\nPOPULATIONS//POPULATION_0023//INDIVIDUAL_GYZV87BE/model.cpp:23:18: error: 'PARAMETER_VALUE' was not declared in this scope, and no declarations were found by argument-dependent lookup at the point of instantiation\n   23 |   PARAMETER_VALUE(log_K1_cots, -0.5);         // Log of half-saturation constant for COTS predation (individuals/m2)\n      |   ~~~~~~~~~~~~~~~^~~~~~~~~~~~~~~~~~~\nPOPULATIONS//POPULATION_0023//INDIVIDUAL_GYZV87BE/model.cpp:19:18: note: 'PARAMETER_VALUE' declared here, later in the translation unit\n   19 |   PARAMETER_VALUE(log_r_cots, 0.5);          // Log of intrinsic growth rate of COTS (year^-1)\n      |   ~~~~~~~~~~~~~~~^~~~~~~~~~~~~~~~~\nPOPULATIONS//POPULATION_0023//INDIVIDUAL_GYZV87BE/model.cpp:24:18: error: 'PARAMETER_VALUE' was not declared in this scope, and no declarations were found by argument-dependent lookup at the point of instantiation\n   24 |   PARAMETER_VALUE(log_a_fast, -2.0);         // Log of attack rate of COTS on fast-growing coral (m2/individual/year)\n      |   ~~~~~~~~~~~~~~~^~~~~~~~~~~~~~~~~~\nPOPULATIONS//POPULATION_0023//INDIVIDUAL_GYZV87BE/model.cpp:19:18: note: 'PARAMETER_VALUE' declared here, later in the translation unit\n   19 |   PARAMETER_VALUE(log_r_cots, 0.5);          // Log of intrinsic growth rate of COTS (year^-1)\n      |   ~~~~~~~~~~~~~~~^~~~~~~~~~~~~~~~~\nPOPULATIONS//POPULATION_0023//INDIVIDUAL_GYZV87BE/model.cpp:25:18: error: 'PARAMETER_VALUE' was not declared in this scope, and no declarations were found by argument-dependent lookup at the point of instantiation\n   25 |   PARAMETER_VALUE(log_a_slow, -3.0);         // Log of attack rate of COTS on slow-growing coral (m2/individual/year)\n      |   ~~~~~~~~~~~~~~~^~~~~~~~~~~~~~~~~~\nPOPULATIONS//POPULATION_0023//INDIVIDUAL_GYZV87BE/model.cpp:19:18: note: 'PARAMETER_VALUE' declared here, later in the translation unit\n   19 |   PARAMETER_VALUE(log_r_cots, 0.5);          // Log of intrinsic growth rate of COTS (year^-1)\n      |   ~~~~~~~~~~~~~~~^~~~~~~~~~~~~~~~~\nPOPULATIONS//POPULATION_0023//INDIVIDUAL_GYZV87BE/model.cpp:26:18: error: 'PARAMETER_VALUE' was not declared in this scope, and no declarations were found by argument-dependent lookup at the point of instantiation\n   26 |   PARAMETER_VALUE(log_K_fast, 3.0);         // Log of carrying capacity of fast-growing coral (%)\n      |   ~~~~~~~~~~~~~~~^~~~~~~~~~~~~~~~~\nPOPULATIONS//POPULATION_0023//INDIVIDUAL_GYZV87BE/model.cpp:19:18: note: 'PARAMETER_VALUE' declared here, later in the translation unit\n   19 |   PARAMETER_VALUE(log_r_cots, 0.5);          // Log of intrinsic growth rate of COTS (year^-1)\n      |   ~~~~~~~~~~~~~~~^~~~~~~~~~~~~~~~~\nPOPULATIONS//POPULATION_0023//INDIVIDUAL_GYZV87BE/model.cpp:27:18: error: 'PARAMETER_VALUE' was not declared in this scope, and no declarations were found by argument-dependent lookup at the point of instantiation\n   27 |   PARAMETER_VALUE(log_K_slow, 3.0);         // Log of carrying capacity of slow-growing coral (%)\n      |   ~~~~~~~~~~~~~~~^~~~~~~~~~~~~~~~~\nPOPULATIONS//POPULATION_0023//INDIVIDUAL_GYZV87BE/model.cpp:19:18: note: 'PARAMETER_VALUE' declared here, later in the translation unit\n   19 |   PARAMETER_VALUE(log_r_cots, 0.5);          // Log of intrinsic growth rate of COTS (year^-1)\n      |   ~~~~~~~~~~~~~~~^~~~~~~~~~~~~~~~~\nPOPULATIONS//POPULATION_0023//INDIVIDUAL_GYZV87BE/model.cpp:28:18: error: 'PARAMETER_VALUE' was not declared in this scope, and no declarations were found by argument-dependent lookup at the point of instantiation\n   28 |   PARAMETER_VALUE(log_r_fast, 0.8);         // Log of growth rate of fast-growing coral (year^-1)\n      |   ~~~~~~~~~~~~~~~^~~~~~~~~~~~~~~~~\nPOPULATIONS//POPULATION_0023//INDIVIDUAL_GYZV87BE/model.cpp:19:18: note: 'PARAMETER_VALUE' declared here, later in the translation unit\n   19 |   PARAMETER_VALUE(log_r_cots, 0.5);          // Log of intrinsic growth rate of COTS (year^-1)\n      |   ~~~~~~~~~~~~~~~^~~~~~~~~~~~~~~~~\nPOPULATIONS//POPULATION_0023//INDIVIDUAL_GYZV87BE/model.cpp:29:18: error: 'PARAMETER_VALUE' was not declared in this scope, and no declarations were found by argument-dependent lookup at the point of instantiation\n   29 |   PARAMETER_VALUE(log_r_slow, 0.3);         // Log of growth rate of slow-growing coral (year^-1)\n      |   ~~~~~~~~~~~~~~~^~~~~~~~~~~~~~~~~\nPOPULATIONS//POPULATION_0023//INDIVIDUAL_GYZV87BE/model.cpp:19:18: note: 'PARAMETER_VALUE' declared here, later in the translation unit\n   19 |   PARAMETER_VALUE(log_r_cots, 0.5);          // Log of intrinsic growth rate of COTS (year^-1)\n      |   ~~~~~~~~~~~~~~~^~~~~~~~~~~~~~~~~\nPOPULATIONS//POPULATION_0023//INDIVIDUAL_GYZV87BE/model.cpp:30:18: error: 'PARAMETER_VALUE' was not declared in this scope, and no declarations were found by argument-dependent lookup at the point of instantiation\n   30 |   PARAMETER_VALUE(log_m_fast, -0.2);         // Log of mortality rate of fast-growing coral (year^-1)\n      |   ~~~~~~~~~~~~~~~^~~~~~~~~~~~~~~~~~\nPOPULATIONS//POPULATION_0023//INDIVIDUAL_GYZV87BE/model.cpp:19:18: note: 'PARAMETER_VALUE' declared here, later in the translation unit\n   19 |   PARAMETER_VALUE(log_r_cots, 0.5);          // Log of intrinsic growth rate of COTS (year^-1)\n      |   ~~~~~~~~~~~~~~~^~~~~~~~~~~~~~~~~\nPOPULATIONS//POPULATION_0023//INDIVIDUAL_GYZV87BE/model.cpp:31:18: error: 'PARAMETER_VALUE' was not declared in this scope, and no declarations were found by argument-dependent lookup at the point of instantiation\n   31 |   PARAMETER_VALUE(log_m_slow, -0.7);         // Log of mortality rate of slow-growing coral (year^-1)\n      |   ~~~~~~~~~~~~~~~^~~~~~~~~~~~~~~~~~\nPOPULATIONS//POPULATION_0023//INDIVIDUAL_GYZV87BE/model.cpp:19:18: note: 'PARAMETER_VALUE' declared here, later in the translation unit\n   19 |   PARAMETER_VALUE(log_r_cots, 0.5);          // Log of intrinsic growth rate of COTS (year^-1)\n      |   ~~~~~~~~~~~~~~~^~~~~~~~~~~~~~~~~\nPOPULATIONS//POPULATION_0023//INDIVIDUAL_GYZV87BE/model.cpp:32:18: error: 'PARAMETER_VALUE' was not declared in this scope, and no declarations were found by argument-dependent lookup at the point of instantiation\n   32 |   PARAMETER_VALUE(log_temp_sensitivity_fast, -3.0); // Log of temperature sensitivity of fast-growing coral (Celsius^-1)\n      |   ~~~~~~~~~~~~~~~^~~~~~~~~~~~~~~~~~~~~~~~~~~~~~~~~\nPOPULATIONS//POPULATION_0023//INDIVIDUAL_GYZV87BE/model.cpp:19:18: note: 'PARAMETER_VALUE' declared here, later in the translation unit\n   19 |   PARAMETER_VALUE(log_r_cots, 0.5);          // Log of intrinsic growth rate of COTS (year^-1)\n      |   ~~~~~~~~~~~~~~~^~~~~~~~~~~~~~~~~\nPOPULATIONS//POPULATION_0023//INDIVIDUAL_GYZV87BE/model.cpp:33:18: error: 'PARAMETER_VALUE' was not declared in this scope, and no declarations were found by argument-dependent lookup at the point of instantiation\n   33 |   PARAMETER_VALUE(log_temp_sensitivity_slow, -3.0); // Log of temperature sensitivity of slow-growing coral (Celsius^-1)\n      |   ~~~~~~~~~~~~~~~^~~~~~~~~~~~~~~~~~~~~~~~~~~~~~~~~\nPOPULATIONS//POPULATION_0023//INDIVIDUAL_GYZV87BE/model.cpp:19:18: note: 'PARAMETER_VALUE' declared here, later in the translation unit\n   19 |   PARAMETER_VALUE(log_r_cots, 0.5);          // Log of intrinsic growth rate of COTS (year^-1)\n      |   ~~~~~~~~~~~~~~~^~~~~~~~~~~~~~~~~\nPOPULATIONS//POPULATION_0023//INDIVIDUAL_GYZV87BE/model.cpp:34:18: error: 'PARAMETER_VALUE' was not declared in this scope, and no declarations were found by argument-dependent lookup at the point of instantiation\n   34 |   PARAMETER_VALUE(log_sigma_cots, -0.5);      // Log of standard deviation of COTS observation error\n      |   ~~~~~~~~~~~~~~~^~~~~~~~~~~~~~~~~~~~~~\nPOPULATIONS//POPULATION_0023//INDIVIDUAL_GYZV87BE/model.cpp:19:18: note: 'PARAMETER_VALUE' declared here, later in the translation unit\n   19 |   PARAMETER_VALUE(log_r_cots, 0.5);          // Log of intrinsic growth rate of COTS (year^-1)\n      |   ~~~~~~~~~~~~~~~^~~~~~~~~~~~~~~~~\nPOPULATIONS//POPULATION_0023//INDIVIDUAL_GYZV87BE/model.cpp:35:18: error: 'PARAMETER_VALUE' was not declared in this scope, and no declarations were found by argument-dependent lookup at the point of instantiation\n   35 |   PARAMETER_VALUE(log_sigma_slow, -0.5);      // Log of standard deviation of slow-growing coral observation error\n      |   ~~~~~~~~~~~~~~~^~~~~~~~~~~~~~~~~~~~~~\nPOPULATIONS//POPULATION_0023//INDIVIDUAL_GYZV87BE/model.cpp:19:18: note: 'PARAMETER_VALUE' declared here, later in the translation unit\n   19 |   PARAMETER_VALUE(log_r_cots, 0.5);          // Log of intrinsic growth rate of COTS (year^-1)\n      |   ~~~~~~~~~~~~~~~^~~~~~~~~~~~~~~~~\nPOPULATIONS//POPULATION_0023//INDIVIDUAL_GYZV87BE/model.cpp:36:18: error: 'PARAMETER_VALUE' was not declared in this scope, and no declarations were found by argument-dependent lookup at the point of instantiation\n   36 |   PARAMETER_VALUE(log_sigma_fast, -0.5);      // Log of standard deviation of fast-growing coral observation error\n      |   ~~~~~~~~~~~~~~~^~~~~~~~~~~~~~~~~~~~~~\nPOPULATIONS//POPULATION_0023//INDIVIDUAL_GYZV87BE/model.cpp:19:18: note: 'PARAMETER_VALUE' declared here, later in the translation unit\n   19 |   PARAMETER_VALUE(log_r_cots, 0.5);          // Log of intrinsic growth rate of COTS (year^-1)\n      |   ~~~~~~~~~~~~~~~^~~~~~~~~~~~~~~~~\nPOPULATIONS//POPULATION_0023//INDIVIDUAL_GYZV87BE/model.cpp:37:18: error: 'PARAMETER_VALUE' was not declared in this scope, and no declarations were found by argument-dependent lookup at the point of instantiation\n   37 |   PARAMETER_VALUE(log_density_dependence_cotsimm, -5.0); // Log of density dependence of COTS larval immigration\n      |   ~~~~~~~~~~~~~~~^~~~~~~~~~~~~~~~~~~~~~~~~~~~~~~~~~~~~~\nPOPULATIONS//POPULATION_0023//INDIVIDUAL_GYZV87BE/model.cpp:19:18: note: 'PARAMETER_VALUE' declared here, later in the translation unit\n   19 |   PARAMETER_VALUE(log_r_cots, 0.5);          // Log of intrinsic growth rate of COTS (year^-1)\n      |   ~~~~~~~~~~~~~~~^~~~~~~~~~~~~~~~~\nPOPULATIONS//POPULATION_0023//INDIVIDUAL_GYZV87BE/model.cpp:38:18: error: 'PARAMETER_VALUE' was not declared in this scope, and no declarations were found by argument-dependent lookup at the point of instantiation\n   38 |   PARAMETER_VALUE(log_allee_cots, -1.0);       // Log of COTS density at which Allee effect significantly reduces growth (individuals/m2)\n      |   ~~~~~~~~~~~~~~~^~~~~~~~~~~~~~~~~~~~~~\nPOPULATIONS//POPULATION_0023//INDIVIDUAL_GYZV87BE/model.cpp:19:18: note: 'PARAMETER_VALUE' declared here, later in the translation unit\n   19 |   PARAMETER_VALUE(log_r_cots, 0.5);          // Log of intrinsic growth rate of COTS (year^-1)\n      |   ~~~~~~~~~~~~~~~^~~~~~~~~~~~~~~~~\nPOPULATIONS//POPULATION_0023//INDIVIDUAL_GYZV87BE/model.cpp:39:18: error: 'PARAMETER_VALUE' was not declared in this scope, and no declarations were found by argument-dependent lookup at the point of instantiation\n   39 |   PARAMETER_VALUE(log_K2_fast, -0.5);         // Log of half-saturation constant for COTS predation on fast-growing coral (individuals/m2)\n      |   ~~~~~~~~~~~~~~~^~~~~~~~~~~~~~~~~~~\nPOPULATIONS//POPULATION_0023//INDIVIDUAL_GYZV87BE/model.cpp:19:18: note: 'PARAMETER_VALUE' declared here, later in the translation unit\n   19 |   PARAMETER_VALUE(log_r_cots, 0.5);          // Log of intrinsic growth rate of COTS (year^-1)\n      |   ~~~~~~~~~~~~~~~^~~~~~~~~~~~~~~~~\nPOPULATIONS//POPULATION_0023//INDIVIDUAL_GYZV87BE/model.cpp: In instantiation of 'Type objective_function<Type>::operator()() [with Type = CppAD::AD<CppAD::AD<CppAD::AD<double> > >]':\nC:/Users/spi085/AppData/Local/Programs/R/R-4.4.1/library/TMB/include/tmb_core.hpp:913:29:   required from 'Type objective_function<Type>::evalUserTemplate() [with Type = CppAD::AD<CppAD::AD<CppAD::AD<double> > >]'\nC:/Users/spi085/AppData/Local/Programs/R/R-4.4.1/library/TMB/include/tmb_core.hpp:2361:28:   required from here\nPOPULATIONS//POPULATION_0023//INDIVIDUAL_GYZV87BE/model.cpp:19:18: error: 'PARAMETER_VALUE' was not declared in this scope; did you mean 'PARAMETER_VECTOR'?\n   19 |   PARAMETER_VALUE(log_r_cots, 0.5);          // Log of intrinsic growth rate of COTS (year^-1)\n      |   ~~~~~~~~~~~~~~~^~~~~~~~~~~~~~~~~\n      |   PARAMETER_VECTOR\nPOPULATIONS//POPULATION_0023//INDIVIDUAL_GYZV87BE/model.cpp:20:18: error: 'PARAMETER_VALUE' was not declared in this scope, and no declarations were found by argument-dependent lookup at the point of instantiation\n   20 |   PARAMETER_VALUE(log_K_cots, 2.0);          // Log of carrying capacity of COTS (individuals/m2)\n      |   ~~~~~~~~~~~~~~~^~~~~~~~~~~~~~~~~\nPOPULATIONS//POPULATION_0023//INDIVIDUAL_GYZV87BE/model.cpp:19:18: note: 'PARAMETER_VALUE' declared here, later in the translation unit\n   19 |   PARAMETER_VALUE(log_r_cots, 0.5);          // Log of intrinsic growth rate of COTS (year^-1)\n      |   ~~~~~~~~~~~~~~~^~~~~~~~~~~~~~~~~\nPOPULATIONS//POPULATION_0023//INDIVIDUAL_GYZV87BE/model.cpp:21:18: error: 'PARAMETER_VALUE' was not declared in this scope, and no declarations were found by argument-dependent lookup at the point of instantiation\n   21 |   PARAMETER_VALUE(log_m_cots, -0.5);          // Log of natural mortality rate of COTS (year^-1)\n      |   ~~~~~~~~~~~~~~~^~~~~~~~~~~~~~~~~~\nPOPULATIONS//POPULATION_0023//INDIVIDUAL_GYZV87BE/model.cpp:19:18: note: 'PARAMETER_VALUE' declared here, later in the translation unit\n   19 |   PARAMETER_VALUE(log_r_cots, 0.5);          // Log of intrinsic growth rate of COTS (year^-1)\n      |   ~~~~~~~~~~~~~~~^~~~~~~~~~~~~~~~~\nPOPULATIONS//POPULATION_0023//INDIVIDUAL_GYZV87BE/model.cpp:22:18: error: 'PARAMETER_VALUE' was not declared in this scope, and no declarations were found by argument-dependent lookup at the point of instantiation\n   22 |   PARAMETER_VALUE(log_p_cots, -1.0);          // Log of predation rate on COTS (year^-1)\n      |   ~~~~~~~~~~~~~~~^~~~~~~~~~~~~~~~~~\nPOPULATIONS//POPULATION_0023//INDIVIDUAL_GYZV87BE/model.cpp:19:18: note: 'PARAMETER_VALUE' declared here, later in the translation unit\n   19 |   PARAMETER_VALUE(log_r_cots, 0.5);          // Log of intrinsic growth rate of COTS (year^-1)\n      |   ~~~~~~~~~~~~~~~^~~~~~~~~~~~~~~~~\nPOPULATIONS//POPULATION_0023//INDIVIDUAL_GYZV87BE/model.cpp:23:18: error: 'PARAMETER_VALUE' was not declared in this scope, and no declarations were found by argument-dependent lookup at the point of instantiation\n   23 |   PARAMETER_VALUE(log_K1_cots, -0.5);         // Log of half-saturation constant for COTS predation (individuals/m2)\n      |   ~~~~~~~~~~~~~~~^~~~~~~~~~~~~~~~~~~\nPOPULATIONS//POPULATION_0023//INDIVIDUAL_GYZV87BE/model.cpp:19:18: note: 'PARAMETER_VALUE' declared here, later in the translation unit\n   19 |   PARAMETER_VALUE(log_r_cots, 0.5);          // Log of intrinsic growth rate of COTS (year^-1)\n      |   ~~~~~~~~~~~~~~~^~~~~~~~~~~~~~~~~\nPOPULATIONS//POPULATION_0023//INDIVIDUAL_GYZV87BE/model.cpp:24:18: error: 'PARAMETER_VALUE' was not declared in this scope, and no declarations were found by argument-dependent lookup at the point of instantiation\n   24 |   PARAMETER_VALUE(log_a_fast, -2.0);         // Log of attack rate of COTS on fast-growing coral (m2/individual/year)\n      |   ~~~~~~~~~~~~~~~^~~~~~~~~~~~~~~~~~\nPOPULATIONS//POPULATION_0023//INDIVIDUAL_GYZV87BE/model.cpp:19:18: note: 'PARAMETER_VALUE' declared here, later in the translation unit\n   19 |   PARAMETER_VALUE(log_r_cots, 0.5);          // Log of intrinsic growth rate of COTS (year^-1)\n      |   ~~~~~~~~~~~~~~~^~~~~~~~~~~~~~~~~\nPOPULATIONS//POPULATION_0023//INDIVIDUAL_GYZV87BE/model.cpp:25:18: error: 'PARAMETER_VALUE' was not declared in this scope, and no declarations were found by argument-dependent lookup at the point of instantiation\n   25 |   PARAMETER_VALUE(log_a_slow, -3.0);         // Log of attack rate of COTS on slow-growing coral (m2/individual/year)\n      |   ~~~~~~~~~~~~~~~^~~~~~~~~~~~~~~~~~\nPOPULATIONS//POPULATION_0023//INDIVIDUAL_GYZV87BE/model.cpp:19:18: note: 'PARAMETER_VALUE' declared here, later in the translation unit\n   19 |   PARAMETER_VALUE(log_r_cots, 0.5);          // Log of intrinsic growth rate of COTS (year^-1)\n      |   ~~~~~~~~~~~~~~~^~~~~~~~~~~~~~~~~\nPOPULATIONS//POPULATION_0023//INDIVIDUAL_GYZV87BE/model.cpp:26:18: error: 'PARAMETER_VALUE' was not declared in this scope, and no declarations were found by argument-dependent lookup at the point of instantiation\n   26 |   PARAMETER_VALUE(log_K_fast, 3.0);         // Log of carrying capacity of fast-growing coral (%)\n      |   ~~~~~~~~~~~~~~~^~~~~~~~~~~~~~~~~\nPOPULATIONS//POPULATION_0023//INDIVIDUAL_GYZV87BE/model.cpp:19:18: note: 'PARAMETER_VALUE' declared here, later in the translation unit\n   19 |   PARAMETER_VALUE(log_r_cots, 0.5);          // Log of intrinsic growth rate of COTS (year^-1)\n      |   ~~~~~~~~~~~~~~~^~~~~~~~~~~~~~~~~\nPOPULATIONS//POPULATION_0023//INDIVIDUAL_GYZV87BE/model.cpp:27:18: error: 'PARAMETER_VALUE' was not declared in this scope, and no declarations were found by argument-dependent lookup at the point of instantiation\n   27 |   PARAMETER_VALUE(log_K_slow, 3.0);         // Log of carrying capacity of slow-growing coral (%)\n      |   ~~~~~~~~~~~~~~~^~~~~~~~~~~~~~~~~\nPOPULATIONS//POPULATION_0023//INDIVIDUAL_GYZV87BE/model.cpp:19:18: note: 'PARAMETER_VALUE' declared here, later in the translation unit\n   19 |   PARAMETER_VALUE(log_r_cots, 0.5);          // Log of intrinsic growth rate of COTS (year^-1)\n      |   ~~~~~~~~~~~~~~~^~~~~~~~~~~~~~~~~\nPOPULATIONS//POPULATION_0023//INDIVIDUAL_GYZV87BE/model.cpp:28:18: error: 'PARAMETER_VALUE' was not declared in this scope, and no declarations were found by argument-dependent lookup at the point of instantiation\n   28 |   PARAMETER_VALUE(log_r_fast, 0.8);         // Log of growth rate of fast-growing coral (year^-1)\n      |   ~~~~~~~~~~~~~~~^~~~~~~~~~~~~~~~~\nPOPULATIONS//POPULATION_0023//INDIVIDUAL_GYZV87BE/model.cpp:19:18: note: 'PARAMETER_VALUE' declared here, later in the translation unit\n   19 |   PARAMETER_VALUE(log_r_cots, 0.5);          // Log of intrinsic growth rate of COTS (year^-1)\n      |   ~~~~~~~~~~~~~~~^~~~~~~~~~~~~~~~~\nPOPULATIONS//POPULATION_0023//INDIVIDUAL_GYZV87BE/model.cpp:29:18: error: 'PARAMETER_VALUE' was not declared in this scope, and no declarations were found by argument-dependent lookup at the point of instantiation\n   29 |   PARAMETER_VALUE(log_r_slow, 0.3);         // Log of growth rate of slow-growing coral (year^-1)\n      |   ~~~~~~~~~~~~~~~^~~~~~~~~~~~~~~~~\nPOPULATIONS//POPULATION_0023//INDIVIDUAL_GYZV87BE/model.cpp:19:18: note: 'PARAMETER_VALUE' declared here, later in the translation unit\n   19 |   PARAMETER_VALUE(log_r_cots, 0.5);          // Log of intrinsic growth rate of COTS (year^-1)\n      |   ~~~~~~~~~~~~~~~^~~~~~~~~~~~~~~~~\nPOPULATIONS//POPULATION_0023//INDIVIDUAL_GYZV87BE/model.cpp:30:18: error: 'PARAMETER_VALUE' was not declared in this scope, and no declarations were found by argument-dependent lookup at the point of instantiation\n   30 |   PARAMETER_VALUE(log_m_fast, -0.2);         // Log of mortality rate of fast-growing coral (year^-1)\n      |   ~~~~~~~~~~~~~~~^~~~~~~~~~~~~~~~~~\nPOPULATIONS//POPULATION_0023//INDIVIDUAL_GYZV87BE/model.cpp:19:18: note: 'PARAMETER_VALUE' declared here, later in the translation unit\n   19 |   PARAMETER_VALUE(log_r_cots, 0.5);          // Log of intrinsic growth rate of COTS (year^-1)\n      |   ~~~~~~~~~~~~~~~^~~~~~~~~~~~~~~~~\nPOPULATIONS//POPULATION_0023//INDIVIDUAL_GYZV87BE/model.cpp:31:18: error: 'PARAMETER_VALUE' was not declared in this scope, and no declarations were found by argument-dependent lookup at the point of instantiation\n   31 |   PARAMETER_VALUE(log_m_slow, -0.7);         // Log of mortality rate of slow-growing coral (year^-1)\n      |   ~~~~~~~~~~~~~~~^~~~~~~~~~~~~~~~~~\nPOPULATIONS//POPULATION_0023//INDIVIDUAL_GYZV87BE/model.cpp:19:18: note: 'PARAMETER_VALUE' declared here, later in the translation unit\n   19 |   PARAMETER_VALUE(log_r_cots, 0.5);          // Log of intrinsic growth rate of COTS (year^-1)\n      |   ~~~~~~~~~~~~~~~^~~~~~~~~~~~~~~~~\nPOPULATIONS//POPULATION_0023//INDIVIDUAL_GYZV87BE/model.cpp:32:18: error: 'PARAMETER_VALUE' was not declared in this scope, and no declarations were found by argument-dependent lookup at the point of instantiation\n   32 |   PARAMETER_VALUE(log_temp_sensitivity_fast, -3.0); // Log of temperature sensitivity of fast-growing coral (Celsius^-1)\n      |   ~~~~~~~~~~~~~~~^~~~~~~~~~~~~~~~~~~~~~~~~~~~~~~~~\nPOPULATIONS//POPULATION_0023//INDIVIDUAL_GYZV87BE/model.cpp:19:18: note: 'PARAMETER_VALUE' declared here, later in the translation unit\n   19 |   PARAMETER_VALUE(log_r_cots, 0.5);          // Log of intrinsic growth rate of COTS (year^-1)\n      |   ~~~~~~~~~~~~~~~^~~~~~~~~~~~~~~~~\nPOPULATIONS//POPULATION_0023//INDIVIDUAL_GYZV87BE/model.cpp:33:18: error: 'PARAMETER_VALUE' was not declared in this scope, and no declarations were found by argument-dependent lookup at the point of instantiation\n   33 |   PARAMETER_VALUE(log_temp_sensitivity_slow, -3.0); // Log of temperature sensitivity of slow-growing coral (Celsius^-1)\n      |   ~~~~~~~~~~~~~~~^~~~~~~~~~~~~~~~~~~~~~~~~~~~~~~~~\nPOPULATIONS//POPULATION_0023//INDIVIDUAL_GYZV87BE/model.cpp:19:18: note: 'PARAMETER_VALUE' declared here, later in the translation unit\n   19 |   PARAMETER_VALUE(log_r_cots, 0.5);          // Log of intrinsic growth rate of COTS (year^-1)\n      |   ~~~~~~~~~~~~~~~^~~~~~~~~~~~~~~~~\nPOPULATIONS//POPULATION_0023//INDIVIDUAL_GYZV87BE/model.cpp:34:18: error: 'PARAMETER_VALUE' was not declared in this scope, and no declarations were found by argument-dependent lookup at the point of instantiation\n   34 |   PARAMETER_VALUE(log_sigma_cots, -0.5);      // Log of standard deviation of COTS observation error\n      |   ~~~~~~~~~~~~~~~^~~~~~~~~~~~~~~~~~~~~~\nPOPULATIONS//POPULATION_0023//INDIVIDUAL_GYZV87BE/model.cpp:19:18: note: 'PARAMETER_VALUE' declared here, later in the translation unit\n   19 |   PARAMETER_VALUE(log_r_cots, 0.5);          // Log of intrinsic growth rate of COTS (year^-1)\n      |   ~~~~~~~~~~~~~~~^~~~~~~~~~~~~~~~~\nPOPULATIONS//POPULATION_0023//INDIVIDUAL_GYZV87BE/model.cpp:35:18: error: 'PARAMETER_VALUE' was not declared in this scope, and no declarations were found by argument-dependent lookup at the point of instantiation\n   35 |   PARAMETER_VALUE(log_sigma_slow, -0.5);      // Log of standard deviation of slow-growing coral observation error\n      |   ~~~~~~~~~~~~~~~^~~~~~~~~~~~~~~~~~~~~~\nPOPULATIONS//POPULATION_0023//INDIVIDUAL_GYZV87BE/model.cpp:19:18: note: 'PARAMETER_VALUE' declared here, later in the translation unit\n   19 |   PARAMETER_VALUE(log_r_cots, 0.5);          // Log of intrinsic growth rate of COTS (year^-1)\n      |   ~~~~~~~~~~~~~~~^~~~~~~~~~~~~~~~~\nPOPULATIONS//POPULATION_0023//INDIVIDUAL_GYZV87BE/model.cpp:36:18: error: 'PARAMETER_VALUE' was not declared in this scope, and no declarations were found by argument-dependent lookup at the point of instantiation\n   36 |   PARAMETER_VALUE(log_sigma_fast, -0.5);      // Log of standard deviation of fast-growing coral observation error\n      |   ~~~~~~~~~~~~~~~^~~~~~~~~~~~~~~~~~~~~~\nPOPULATIONS//POPULATION_0023//INDIVIDUAL_GYZV87BE/model.cpp:19:18: note: 'PARAMETER_VALUE' declared here, later in the translation unit\n   19 |   PARAMETER_VALUE(log_r_cots, 0.5);          // Log of intrinsic growth rate of COTS (year^-1)\n      |   ~~~~~~~~~~~~~~~^~~~~~~~~~~~~~~~~\nPOPULATIONS//POPULATION_0023//INDIVIDUAL_GYZV87BE/model.cpp:37:18: error: 'PARAMETER_VALUE' was not declared in this scope, and no declarations were found by argument-dependent lookup at the point of instantiation\n   37 |   PARAMETER_VALUE(log_density_dependence_cotsimm, -5.0); // Log of density dependence of COTS larval immigration\n      |   ~~~~~~~~~~~~~~~^~~~~~~~~~~~~~~~~~~~~~~~~~~~~~~~~~~~~~\nPOPULATIONS//POPULATION_0023//INDIVIDUAL_GYZV87BE/model.cpp:19:18: note: 'PARAMETER_VALUE' declared here, later in the translation unit\n   19 |   PARAMETER_VALUE(log_r_cots, 0.5);          // Log of intrinsic growth rate of COTS (year^-1)\n      |   ~~~~~~~~~~~~~~~^~~~~~~~~~~~~~~~~\nPOPULATIONS//POPULATION_0023//INDIVIDUAL_GYZV87BE/model.cpp:38:18: error: 'PARAMETER_VALUE' was not declared in this scope, and no declarations were found by argument-dependent lookup at the point of instantiation\n   38 |   PARAMETER_VALUE(log_allee_cots, -1.0);       // Log of COTS density at which Allee effect significantly reduces growth (individuals/m2)\n      |   ~~~~~~~~~~~~~~~^~~~~~~~~~~~~~~~~~~~~~\nPOPULATIONS//POPULATION_0023//INDIVIDUAL_GYZV87BE/model.cpp:19:18: note: 'PARAMETER_VALUE' declared here, later in the translation unit\n   19 |   PARAMETER_VALUE(log_r_cots, 0.5);          // Log of intrinsic growth rate of COTS (year^-1)\n      |   ~~~~~~~~~~~~~~~^~~~~~~~~~~~~~~~~\nPOPULATIONS//POPULATION_0023//INDIVIDUAL_GYZV87BE/model.cpp:39:18: error: 'PARAMETER_VALUE' was not declared in this scope, and no declarations were found by argument-dependent lookup at the point of instantiation\n   39 |   PARAMETER_VALUE(log_K2_fast, -0.5);         // Log of half-saturation constant for COTS predation on fast-growing coral (individuals/m2)\n      |   ~~~~~~~~~~~~~~~^~~~~~~~~~~~~~~~~~~\nPOPULATIONS//POPULATION_0023//INDIVIDUAL_GYZV87BE/model.cpp:19:18: note: 'PARAMETER_VALUE' declared here, later in the translation unit\n   19 |   PARAMETER_VALUE(log_r_cots, 0.5);          // Log of intrinsic growth rate of COTS (year^-1)\n      |   ~~~~~~~~~~~~~~~^~~~~~~~~~~~~~~~~\nmake: *** [C:/Users/spi085/AppData/Local/Programs/R/R-4.4.1/etc/x64/Makeconf:296: POPULATIONS//POPULATION_0023//INDIVIDUAL_GYZV87BE/model.o] Error 1\nError in TMB::compile(file.path(individual_dir, model_file), flags = flags,  : \n  Compilation failed\nError: Compilation failed\nExecution halted"
    },
    "4": {
      "status": "ERROR",
      "message": "Model failed to compile.",
      "stdout": "g++ -std=gnu++17  -I\"C:/Users/spi085/AppData/Local/Programs/R/R-4.4.1/include\" -DNDEBUG -I\"C:/Users/spi085/AppData/Local/Programs/R/R-44~1.1/library/TMB/include\" -I\"C:/Users/spi085/AppData/Local/Programs/R/R-44~1.1/library/RCPPEI~1/include\"   -DTMB_EIGEN_DISABLE_WARNINGS   -DTMB_LIB_INIT=R_init_model  -DCPPAD_FRAMEWORK    -I\"C:/rtools44/x86_64-w64-mingw32.static.posix/include\"     -O2 -Wa,-mbig-obj -c POPULATIONS//POPULATION_0023//INDIVIDUAL_GYZV87BE/model.cpp -o POPULATIONS//POPULATION_0023//INDIVIDUAL_GYZV87BE/model.o",
      "stderr": "Loading required package: TMB\nLoading required package: jsonlite\nhere() starts at C:/Users/spi085/OneDrive - CSIRO/Documents/_Projects/SCCP-QuantModelling\nusing C++ compiler: 'G__~1.EXE (GCC) 13.2.0'\nPOPULATIONS//POPULATION_0023//INDIVIDUAL_GYZV87BE/model.cpp: In instantiation of 'Type objective_function<Type>::operator()() [with Type = CppAD::AD<double>]':\nC:/Users/spi085/AppData/Local/Programs/R/R-4.4.1/library/TMB/include/tmb_core.hpp:1308:6:   required from here\nPOPULATIONS//POPULATION_0023//INDIVIDUAL_GYZV87BE/model.cpp:73:14: error: 'class CppAD::AD<double>' has no member named 'setValue'\n   73 |   log_r_cots.setValue(0.5);\n      |   ~~~~~~~~~~~^~~~~~~~\nPOPULATIONS//POPULATION_0023//INDIVIDUAL_GYZV87BE/model.cpp:74:14: error: 'class CppAD::AD<double>' has no member named 'setValue'\n   74 |   log_K_cots.setValue(2.0);\n      |   ~~~~~~~~~~~^~~~~~~~\nPOPULATIONS//POPULATION_0023//INDIVIDUAL_GYZV87BE/model.cpp:75:14: error: 'class CppAD::AD<double>' has no member named 'setValue'\n   75 |   log_m_cots.setValue(-0.5);\n      |   ~~~~~~~~~~~^~~~~~~~\nPOPULATIONS//POPULATION_0023//INDIVIDUAL_GYZV87BE/model.cpp:76:14: error: 'class CppAD::AD<double>' has no member named 'setValue'\n   76 |   log_p_cots.setValue(-1.0);\n      |   ~~~~~~~~~~~^~~~~~~~\nPOPULATIONS//POPULATION_0023//INDIVIDUAL_GYZV87BE/model.cpp:77:15: error: 'class CppAD::AD<double>' has no member named 'setValue'\n   77 |   log_K1_cots.setValue(-0.5);\n      |   ~~~~~~~~~~~~^~~~~~~~\nPOPULATIONS//POPULATION_0023//INDIVIDUAL_GYZV87BE/model.cpp:78:14: error: 'class CppAD::AD<double>' has no member named 'setValue'\n   78 |   log_a_fast.setValue(-2.0);\n      |   ~~~~~~~~~~~^~~~~~~~\nPOPULATIONS//POPULATION_0023//INDIVIDUAL_GYZV87BE/model.cpp:79:14: error: 'class CppAD::AD<double>' has no member named 'setValue'\n   79 |   log_a_slow.setValue(-3.0);\n      |   ~~~~~~~~~~~^~~~~~~~\nPOPULATIONS//POPULATION_0023//INDIVIDUAL_GYZV87BE/model.cpp:80:14: error: 'class CppAD::AD<double>' has no member named 'setValue'\n   80 |   log_K_fast.setValue(3.0);\n      |   ~~~~~~~~~~~^~~~~~~~\nPOPULATIONS//POPULATION_0023//INDIVIDUAL_GYZV87BE/model.cpp:81:14: error: 'class CppAD::AD<double>' has no member named 'setValue'\n   81 |   log_K_slow.setValue(3.0);\n      |   ~~~~~~~~~~~^~~~~~~~\nPOPULATIONS//POPULATION_0023//INDIVIDUAL_GYZV87BE/model.cpp:82:14: error: 'class CppAD::AD<double>' has no member named 'setValue'\n   82 |   log_r_fast.setValue(0.8);\n      |   ~~~~~~~~~~~^~~~~~~~\nPOPULATIONS//POPULATION_0023//INDIVIDUAL_GYZV87BE/model.cpp:83:14: error: 'class CppAD::AD<double>' has no member named 'setValue'\n   83 |   log_r_slow.setValue(0.3);\n      |   ~~~~~~~~~~~^~~~~~~~\nPOPULATIONS//POPULATION_0023//INDIVIDUAL_GYZV87BE/model.cpp:84:14: error: 'class CppAD::AD<double>' has no member named 'setValue'\n   84 |   log_m_fast.setValue(-0.2);\n      |   ~~~~~~~~~~~^~~~~~~~\nPOPULATIONS//POPULATION_0023//INDIVIDUAL_GYZV87BE/model.cpp:85:14: error: 'class CppAD::AD<double>' has no member named 'setValue'\n   85 |   log_m_slow.setValue(-0.7);\n      |   ~~~~~~~~~~~^~~~~~~~\nPOPULATIONS//POPULATION_0023//INDIVIDUAL_GYZV87BE/model.cpp:86:29: error: 'class CppAD::AD<double>' has no member named 'setValue'\n   86 |   log_temp_sensitivity_fast.setValue(-3.0);\n      |   ~~~~~~~~~~~~~~~~~~~~~~~~~~^~~~~~~~\nPOPULATIONS//POPULATION_0023//INDIVIDUAL_GYZV87BE/model.cpp:87:29: error: 'class CppAD::AD<double>' has no member named 'setValue'\n   87 |   log_temp_sensitivity_slow.setValue(-3.0);\n      |   ~~~~~~~~~~~~~~~~~~~~~~~~~~^~~~~~~~\nPOPULATIONS//POPULATION_0023//INDIVIDUAL_GYZV87BE/model.cpp:88:18: error: 'class CppAD::AD<double>' has no member named 'setValue'\n   88 |   log_sigma_cots.setValue(-0.5);\n      |   ~~~~~~~~~~~~~~~^~~~~~~~\nPOPULATIONS//POPULATION_0023//INDIVIDUAL_GYZV87BE/model.cpp:89:18: error: 'class CppAD::AD<double>' has no member named 'setValue'\n   89 |   log_sigma_slow.setValue(-0.5);\n      |   ~~~~~~~~~~~~~~~^~~~~~~~\nPOPULATIONS//POPULATION_0023//INDIVIDUAL_GYZV87BE/model.cpp:90:18: error: 'class CppAD::AD<double>' has no member named 'setValue'\n   90 |   log_sigma_fast.setValue(-0.5);\n      |   ~~~~~~~~~~~~~~~^~~~~~~~\nPOPULATIONS//POPULATION_0023//INDIVIDUAL_GYZV87BE/model.cpp:91:34: error: 'class CppAD::AD<double>' has no member named 'setValue'\n   91 |   log_density_dependence_cotsimm.setValue(-5.0);\n      |   ~~~~~~~~~~~~~~~~~~~~~~~~~~~~~~~^~~~~~~~\nPOPULATIONS//POPULATION_0023//INDIVIDUAL_GYZV87BE/model.cpp:92:18: error: 'class CppAD::AD<double>' has no member named 'setValue'\n   92 |   log_allee_cots.setValue(-1.0);\n      |   ~~~~~~~~~~~~~~~^~~~~~~~\nPOPULATIONS//POPULATION_0023//INDIVIDUAL_GYZV87BE/model.cpp:93:15: error: 'class CppAD::AD<double>' has no member named 'setValue'\n   93 |   log_K2_fast.setValue(-0.5);\n      |   ~~~~~~~~~~~~^~~~~~~~\nPOPULATIONS//POPULATION_0023//INDIVIDUAL_GYZV87BE/model.cpp: In instantiation of 'Type objective_function<Type>::operator()() [with Type = double]':\nC:/Users/spi085/AppData/Local/Programs/R/R-4.4.1/library/TMB/include/tmb_core.hpp:2031:7:   required from here\nPOPULATIONS//POPULATION_0023//INDIVIDUAL_GYZV87BE/model.cpp:73:14: error: request for member 'setValue' in 'log_r_cots', which is of non-class type 'double'\n   73 |   log_r_cots.setValue(0.5);\n      |   ~~~~~~~~~~~^~~~~~~~\nPOPULATIONS//POPULATION_0023//INDIVIDUAL_GYZV87BE/model.cpp:74:14: error: request for member 'setValue' in 'log_K_cots', which is of non-class type 'double'\n   74 |   log_K_cots.setValue(2.0);\n      |   ~~~~~~~~~~~^~~~~~~~\nPOPULATIONS//POPULATION_0023//INDIVIDUAL_GYZV87BE/model.cpp:75:14: error: request for member 'setValue' in 'log_m_cots', which is of non-class type 'double'\n   75 |   log_m_cots.setValue(-0.5);\n      |   ~~~~~~~~~~~^~~~~~~~\nPOPULATIONS//POPULATION_0023//INDIVIDUAL_GYZV87BE/model.cpp:76:14: error: request for member 'setValue' in 'log_p_cots', which is of non-class type 'double'\n   76 |   log_p_cots.setValue(-1.0);\n      |   ~~~~~~~~~~~^~~~~~~~\nPOPULATIONS//POPULATION_0023//INDIVIDUAL_GYZV87BE/model.cpp:77:15: error: request for member 'setValue' in 'log_K1_cots', which is of non-class type 'double'\n   77 |   log_K1_cots.setValue(-0.5);\n      |   ~~~~~~~~~~~~^~~~~~~~\nPOPULATIONS//POPULATION_0023//INDIVIDUAL_GYZV87BE/model.cpp:78:14: error: request for member 'setValue' in 'log_a_fast', which is of non-class type 'double'\n   78 |   log_a_fast.setValue(-2.0);\n      |   ~~~~~~~~~~~^~~~~~~~\nPOPULATIONS//POPULATION_0023//INDIVIDUAL_GYZV87BE/model.cpp:79:14: error: request for member 'setValue' in 'log_a_slow', which is of non-class type 'double'\n   79 |   log_a_slow.setValue(-3.0);\n      |   ~~~~~~~~~~~^~~~~~~~\nPOPULATIONS//POPULATION_0023//INDIVIDUAL_GYZV87BE/model.cpp:80:14: error: request for member 'setValue' in 'log_K_fast', which is of non-class type 'double'\n   80 |   log_K_fast.setValue(3.0);\n      |   ~~~~~~~~~~~^~~~~~~~\nPOPULATIONS//POPULATION_0023//INDIVIDUAL_GYZV87BE/model.cpp:81:14: error: request for member 'setValue' in 'log_K_slow', which is of non-class type 'double'\n   81 |   log_K_slow.setValue(3.0);\n      |   ~~~~~~~~~~~^~~~~~~~\nPOPULATIONS//POPULATION_0023//INDIVIDUAL_GYZV87BE/model.cpp:82:14: error: request for member 'setValue' in 'log_r_fast', which is of non-class type 'double'\n   82 |   log_r_fast.setValue(0.8);\n      |   ~~~~~~~~~~~^~~~~~~~\nPOPULATIONS//POPULATION_0023//INDIVIDUAL_GYZV87BE/model.cpp:83:14: error: request for member 'setValue' in 'log_r_slow', which is of non-class type 'double'\n   83 |   log_r_slow.setValue(0.3);\n      |   ~~~~~~~~~~~^~~~~~~~\nPOPULATIONS//POPULATION_0023//INDIVIDUAL_GYZV87BE/model.cpp:84:14: error: request for member 'setValue' in 'log_m_fast', which is of non-class type 'double'\n   84 |   log_m_fast.setValue(-0.2);\n      |   ~~~~~~~~~~~^~~~~~~~\nPOPULATIONS//POPULATION_0023//INDIVIDUAL_GYZV87BE/model.cpp:85:14: error: request for member 'setValue' in 'log_m_slow', which is of non-class type 'double'\n   85 |   log_m_slow.setValue(-0.7);\n      |   ~~~~~~~~~~~^~~~~~~~\nPOPULATIONS//POPULATION_0023//INDIVIDUAL_GYZV87BE/model.cpp:86:29: error: request for member 'setValue' in 'log_temp_sensitivity_fast', which is of non-class type 'double'\n   86 |   log_temp_sensitivity_fast.setValue(-3.0);\n      |   ~~~~~~~~~~~~~~~~~~~~~~~~~~^~~~~~~~\nPOPULATIONS//POPULATION_0023//INDIVIDUAL_GYZV87BE/model.cpp:87:29: error: request for member 'setValue' in 'log_temp_sensitivity_slow', which is of non-class type 'double'\n   87 |   log_temp_sensitivity_slow.setValue(-3.0);\n      |   ~~~~~~~~~~~~~~~~~~~~~~~~~~^~~~~~~~\nPOPULATIONS//POPULATION_0023//INDIVIDUAL_GYZV87BE/model.cpp:88:18: error: request for member 'setValue' in 'log_sigma_cots', which is of non-class type 'double'\n   88 |   log_sigma_cots.setValue(-0.5);\n      |   ~~~~~~~~~~~~~~~^~~~~~~~\nPOPULATIONS//POPULATION_0023//INDIVIDUAL_GYZV87BE/model.cpp:89:18: error: request for member 'setValue' in 'log_sigma_slow', which is of non-class type 'double'\n   89 |   log_sigma_slow.setValue(-0.5);\n      |   ~~~~~~~~~~~~~~~^~~~~~~~\nPOPULATIONS//POPULATION_0023//INDIVIDUAL_GYZV87BE/model.cpp:90:18: error: request for member 'setValue' in 'log_sigma_fast', which is of non-class type 'double'\n   90 |   log_sigma_fast.setValue(-0.5);\n      |   ~~~~~~~~~~~~~~~^~~~~~~~\nPOPULATIONS//POPULATION_0023//INDIVIDUAL_GYZV87BE/model.cpp:91:34: error: request for member 'setValue' in 'log_density_dependence_cotsimm', which is of non-class type 'double'\n   91 |   log_density_dependence_cotsimm.setValue(-5.0);\n      |   ~~~~~~~~~~~~~~~~~~~~~~~~~~~~~~~^~~~~~~~\nPOPULATIONS//POPULATION_0023//INDIVIDUAL_GYZV87BE/model.cpp:92:18: error: request for member 'setValue' in 'log_allee_cots', which is of non-class type 'double'\n   92 |   log_allee_cots.setValue(-1.0);\n      |   ~~~~~~~~~~~~~~~^~~~~~~~\nPOPULATIONS//POPULATION_0023//INDIVIDUAL_GYZV87BE/model.cpp:93:15: error: request for member 'setValue' in 'log_K2_fast', which is of non-class type 'double'\n   93 |   log_K2_fast.setValue(-0.5);\n      |   ~~~~~~~~~~~~^~~~~~~~\nPOPULATIONS//POPULATION_0023//INDIVIDUAL_GYZV87BE/model.cpp: In instantiation of 'Type objective_function<Type>::operator()() [with Type = CppAD::AD<CppAD::AD<double> >]':\nC:/Users/spi085/AppData/Local/Programs/R/R-4.4.1/library/TMB/include/tmb_core.hpp:913:29:   required from 'Type objective_function<Type>::evalUserTemplate() [with Type = CppAD::AD<CppAD::AD<double> >]'\nC:/Users/spi085/AppData/Local/Programs/R/R-4.4.1/library/TMB/include/tmb_core.hpp:2112:26:   required from here\nPOPULATIONS//POPULATION_0023//INDIVIDUAL_GYZV87BE/model.cpp:73:14: error: 'class CppAD::AD<CppAD::AD<double> >' has no member named 'setValue'\n   73 |   log_r_cots.setValue(0.5);\n      |   ~~~~~~~~~~~^~~~~~~~\nPOPULATIONS//POPULATION_0023//INDIVIDUAL_GYZV87BE/model.cpp:74:14: error: 'class CppAD::AD<CppAD::AD<double> >' has no member named 'setValue'\n   74 |   log_K_cots.setValue(2.0);\n      |   ~~~~~~~~~~~^~~~~~~~\nPOPULATIONS//POPULATION_0023//INDIVIDUAL_GYZV87BE/model.cpp:75:14: error: 'class CppAD::AD<CppAD::AD<double> >' has no member named 'setValue'\n   75 |   log_m_cots.setValue(-0.5);\n      |   ~~~~~~~~~~~^~~~~~~~\nPOPULATIONS//POPULATION_0023//INDIVIDUAL_GYZV87BE/model.cpp:76:14: error: 'class CppAD::AD<CppAD::AD<double> >' has no member named 'setValue'\n   76 |   log_p_cots.setValue(-1.0);\n      |   ~~~~~~~~~~~^~~~~~~~\nPOPULATIONS//POPULATION_0023//INDIVIDUAL_GYZV87BE/model.cpp:77:15: error: 'class CppAD::AD<CppAD::AD<double> >' has no member named 'setValue'\n   77 |   log_K1_cots.setValue(-0.5);\n      |   ~~~~~~~~~~~~^~~~~~~~\nPOPULATIONS//POPULATION_0023//INDIVIDUAL_GYZV87BE/model.cpp:78:14: error: 'class CppAD::AD<CppAD::AD<double> >' has no member named 'setValue'\n   78 |   log_a_fast.setValue(-2.0);\n      |   ~~~~~~~~~~~^~~~~~~~\nPOPULATIONS//POPULATION_0023//INDIVIDUAL_GYZV87BE/model.cpp:79:14: error: 'class CppAD::AD<CppAD::AD<double> >' has no member named 'setValue'\n   79 |   log_a_slow.setValue(-3.0);\n      |   ~~~~~~~~~~~^~~~~~~~\nPOPULATIONS//POPULATION_0023//INDIVIDUAL_GYZV87BE/model.cpp:80:14: error: 'class CppAD::AD<CppAD::AD<double> >' has no member named 'setValue'\n   80 |   log_K_fast.setValue(3.0);\n      |   ~~~~~~~~~~~^~~~~~~~\nPOPULATIONS//POPULATION_0023//INDIVIDUAL_GYZV87BE/model.cpp:81:14: error: 'class CppAD::AD<CppAD::AD<double> >' has no member named 'setValue'\n   81 |   log_K_slow.setValue(3.0);\n      |   ~~~~~~~~~~~^~~~~~~~\nPOPULATIONS//POPULATION_0023//INDIVIDUAL_GYZV87BE/model.cpp:82:14: error: 'class CppAD::AD<CppAD::AD<double> >' has no member named 'setValue'\n   82 |   log_r_fast.setValue(0.8);\n      |   ~~~~~~~~~~~^~~~~~~~\nPOPULATIONS//POPULATION_0023//INDIVIDUAL_GYZV87BE/model.cpp:83:14: error: 'class CppAD::AD<CppAD::AD<double> >' has no member named 'setValue'\n   83 |   log_r_slow.setValue(0.3);\n      |   ~~~~~~~~~~~^~~~~~~~\nPOPULATIONS//POPULATION_0023//INDIVIDUAL_GYZV87BE/model.cpp:84:14: error: 'class CppAD::AD<CppAD::AD<double> >' has no member named 'setValue'\n   84 |   log_m_fast.setValue(-0.2);\n      |   ~~~~~~~~~~~^~~~~~~~\nPOPULATIONS//POPULATION_0023//INDIVIDUAL_GYZV87BE/model.cpp:85:14: error: 'class CppAD::AD<CppAD::AD<double> >' has no member named 'setValue'\n   85 |   log_m_slow.setValue(-0.7);\n      |   ~~~~~~~~~~~^~~~~~~~\nPOPULATIONS//POPULATION_0023//INDIVIDUAL_GYZV87BE/model.cpp:86:29: error: 'class CppAD::AD<CppAD::AD<double> >' has no member named 'setValue'\n   86 |   log_temp_sensitivity_fast.setValue(-3.0);\n      |   ~~~~~~~~~~~~~~~~~~~~~~~~~~^~~~~~~~\nPOPULATIONS//POPULATION_0023//INDIVIDUAL_GYZV87BE/model.cpp:87:29: error: 'class CppAD::AD<CppAD::AD<double> >' has no member named 'setValue'\n   87 |   log_temp_sensitivity_slow.setValue(-3.0);\n      |   ~~~~~~~~~~~~~~~~~~~~~~~~~~^~~~~~~~\nPOPULATIONS//POPULATION_0023//INDIVIDUAL_GYZV87BE/model.cpp:88:18: error: 'class CppAD::AD<CppAD::AD<double> >' has no member named 'setValue'\n   88 |   log_sigma_cots.setValue(-0.5);\n      |   ~~~~~~~~~~~~~~~^~~~~~~~\nPOPULATIONS//POPULATION_0023//INDIVIDUAL_GYZV87BE/model.cpp:89:18: error: 'class CppAD::AD<CppAD::AD<double> >' has no member named 'setValue'\n   89 |   log_sigma_slow.setValue(-0.5);\n      |   ~~~~~~~~~~~~~~~^~~~~~~~\nPOPULATIONS//POPULATION_0023//INDIVIDUAL_GYZV87BE/model.cpp:90:18: error: 'class CppAD::AD<CppAD::AD<double> >' has no member named 'setValue'\n   90 |   log_sigma_fast.setValue(-0.5);\n      |   ~~~~~~~~~~~~~~~^~~~~~~~\nPOPULATIONS//POPULATION_0023//INDIVIDUAL_GYZV87BE/model.cpp:91:34: error: 'class CppAD::AD<CppAD::AD<double> >' has no member named 'setValue'\n   91 |   log_density_dependence_cotsimm.setValue(-5.0);\n      |   ~~~~~~~~~~~~~~~~~~~~~~~~~~~~~~~^~~~~~~~\nPOPULATIONS//POPULATION_0023//INDIVIDUAL_GYZV87BE/model.cpp:92:18: error: 'class CppAD::AD<CppAD::AD<double> >' has no member named 'setValue'\n   92 |   log_allee_cots.setValue(-1.0);\n      |   ~~~~~~~~~~~~~~~^~~~~~~~\nPOPULATIONS//POPULATION_0023//INDIVIDUAL_GYZV87BE/model.cpp:93:15: error: 'class CppAD::AD<CppAD::AD<double> >' has no member named 'setValue'\n   93 |   log_K2_fast.setValue(-0.5);\n      |   ~~~~~~~~~~~~^~~~~~~~\nPOPULATIONS//POPULATION_0023//INDIVIDUAL_GYZV87BE/model.cpp: In instantiation of 'Type objective_function<Type>::operator()() [with Type = CppAD::AD<CppAD::AD<CppAD::AD<double> > >]':\nC:/Users/spi085/AppData/Local/Programs/R/R-4.4.1/library/TMB/include/tmb_core.hpp:913:29:   required from 'Type objective_function<Type>::evalUserTemplate() [with Type = CppAD::AD<CppAD::AD<CppAD::AD<double> > >]'\nC:/Users/spi085/AppData/Local/Programs/R/R-4.4.1/library/TMB/include/tmb_core.hpp:2361:28:   required from here\nPOPULATIONS//POPULATION_0023//INDIVIDUAL_GYZV87BE/model.cpp:73:14: error: 'class CppAD::AD<CppAD::AD<CppAD::AD<double> > >' has no member named 'setValue'\n   73 |   log_r_cots.setValue(0.5);\n      |   ~~~~~~~~~~~^~~~~~~~\nPOPULATIONS//POPULATION_0023//INDIVIDUAL_GYZV87BE/model.cpp:74:14: error: 'class CppAD::AD<CppAD::AD<CppAD::AD<double> > >' has no member named 'setValue'\n   74 |   log_K_cots.setValue(2.0);\n      |   ~~~~~~~~~~~^~~~~~~~\nPOPULATIONS//POPULATION_0023//INDIVIDUAL_GYZV87BE/model.cpp:75:14: error: 'class CppAD::AD<CppAD::AD<CppAD::AD<double> > >' has no member named 'setValue'\n   75 |   log_m_cots.setValue(-0.5);\n      |   ~~~~~~~~~~~^~~~~~~~\nPOPULATIONS//POPULATION_0023//INDIVIDUAL_GYZV87BE/model.cpp:76:14: error: 'class CppAD::AD<CppAD::AD<CppAD::AD<double> > >' has no member named 'setValue'\n   76 |   log_p_cots.setValue(-1.0);\n      |   ~~~~~~~~~~~^~~~~~~~\nPOPULATIONS//POPULATION_0023//INDIVIDUAL_GYZV87BE/model.cpp:77:15: error: 'class CppAD::AD<CppAD::AD<CppAD::AD<double> > >' has no member named 'setValue'\n   77 |   log_K1_cots.setValue(-0.5);\n      |   ~~~~~~~~~~~~^~~~~~~~\nPOPULATIONS//POPULATION_0023//INDIVIDUAL_GYZV87BE/model.cpp:78:14: error: 'class CppAD::AD<CppAD::AD<CppAD::AD<double> > >' has no member named 'setValue'\n   78 |   log_a_fast.setValue(-2.0);\n      |   ~~~~~~~~~~~^~~~~~~~\nPOPULATIONS//POPULATION_0023//INDIVIDUAL_GYZV87BE/model.cpp:79:14: error: 'class CppAD::AD<CppAD::AD<CppAD::AD<double> > >' has no member named 'setValue'\n   79 |   log_a_slow.setValue(-3.0);\n      |   ~~~~~~~~~~~^~~~~~~~\nPOPULATIONS//POPULATION_0023//INDIVIDUAL_GYZV87BE/model.cpp:80:14: error: 'class CppAD::AD<CppAD::AD<CppAD::AD<double> > >' has no member named 'setValue'\n   80 |   log_K_fast.setValue(3.0);\n      |   ~~~~~~~~~~~^~~~~~~~\nPOPULATIONS//POPULATION_0023//INDIVIDUAL_GYZV87BE/model.cpp:81:14: error: 'class CppAD::AD<CppAD::AD<CppAD::AD<double> > >' has no member named 'setValue'\n   81 |   log_K_slow.setValue(3.0);\n      |   ~~~~~~~~~~~^~~~~~~~\nPOPULATIONS//POPULATION_0023//INDIVIDUAL_GYZV87BE/model.cpp:82:14: error: 'class CppAD::AD<CppAD::AD<CppAD::AD<double> > >' has no member named 'setValue'\n   82 |   log_r_fast.setValue(0.8);\n      |   ~~~~~~~~~~~^~~~~~~~\nPOPULATIONS//POPULATION_0023//INDIVIDUAL_GYZV87BE/model.cpp:83:14: error: 'class CppAD::AD<CppAD::AD<CppAD::AD<double> > >' has no member named 'setValue'\n   83 |   log_r_slow.setValue(0.3);\n      |   ~~~~~~~~~~~^~~~~~~~\nPOPULATIONS//POPULATION_0023//INDIVIDUAL_GYZV87BE/model.cpp:84:14: error: 'class CppAD::AD<CppAD::AD<CppAD::AD<double> > >' has no member named 'setValue'\n   84 |   log_m_fast.setValue(-0.2);\n      |   ~~~~~~~~~~~^~~~~~~~\nPOPULATIONS//POPULATION_0023//INDIVIDUAL_GYZV87BE/model.cpp:85:14: error: 'class CppAD::AD<CppAD::AD<CppAD::AD<double> > >' has no member named 'setValue'\n   85 |   log_m_slow.setValue(-0.7);\n      |   ~~~~~~~~~~~^~~~~~~~\nPOPULATIONS//POPULATION_0023//INDIVIDUAL_GYZV87BE/model.cpp:86:29: error: 'class CppAD::AD<CppAD::AD<CppAD::AD<double> > >' has no member named 'setValue'\n   86 |   log_temp_sensitivity_fast.setValue(-3.0);\n      |   ~~~~~~~~~~~~~~~~~~~~~~~~~~^~~~~~~~\nPOPULATIONS//POPULATION_0023//INDIVIDUAL_GYZV87BE/model.cpp:87:29: error: 'class CppAD::AD<CppAD::AD<CppAD::AD<double> > >' has no member named 'setValue'\n   87 |   log_temp_sensitivity_slow.setValue(-3.0);\n      |   ~~~~~~~~~~~~~~~~~~~~~~~~~~^~~~~~~~\nPOPULATIONS//POPULATION_0023//INDIVIDUAL_GYZV87BE/model.cpp:88:18: error: 'class CppAD::AD<CppAD::AD<CppAD::AD<double> > >' has no member named 'setValue'\n   88 |   log_sigma_cots.setValue(-0.5);\n      |   ~~~~~~~~~~~~~~~^~~~~~~~\nPOPULATIONS//POPULATION_0023//INDIVIDUAL_GYZV87BE/model.cpp:89:18: error: 'class CppAD::AD<CppAD::AD<CppAD::AD<double> > >' has no member named 'setValue'\n   89 |   log_sigma_slow.setValue(-0.5);\n      |   ~~~~~~~~~~~~~~~^~~~~~~~\nPOPULATIONS//POPULATION_0023//INDIVIDUAL_GYZV87BE/model.cpp:90:18: error: 'class CppAD::AD<CppAD::AD<CppAD::AD<double> > >' has no member named 'setValue'\n   90 |   log_sigma_fast.setValue(-0.5);\n      |   ~~~~~~~~~~~~~~~^~~~~~~~\nPOPULATIONS//POPULATION_0023//INDIVIDUAL_GYZV87BE/model.cpp:91:34: error: 'class CppAD::AD<CppAD::AD<CppAD::AD<double> > >' has no member named 'setValue'\n   91 |   log_density_dependence_cotsimm.setValue(-5.0);\n      |   ~~~~~~~~~~~~~~~~~~~~~~~~~~~~~~~^~~~~~~~\nPOPULATIONS//POPULATION_0023//INDIVIDUAL_GYZV87BE/model.cpp:92:18: error: 'class CppAD::AD<CppAD::AD<CppAD::AD<double> > >' has no member named 'setValue'\n   92 |   log_allee_cots.setValue(-1.0);\n      |   ~~~~~~~~~~~~~~~^~~~~~~~\nPOPULATIONS//POPULATION_0023//INDIVIDUAL_GYZV87BE/model.cpp:93:15: error: 'class CppAD::AD<CppAD::AD<CppAD::AD<double> > >' has no member named 'setValue'\n   93 |   log_K2_fast.setValue(-0.5);\n      |   ~~~~~~~~~~~~^~~~~~~~\nmake: *** [C:/Users/spi085/AppData/Local/Programs/R/R-4.4.1/etc/x64/Makeconf:296: POPULATIONS//POPULATION_0023//INDIVIDUAL_GYZV87BE/model.o] Error 1\nError in TMB::compile(file.path(individual_dir, model_file), flags = flags,  : \n  Compilation failed\nError: Compilation failed\nExecution halted"
    },
    "5": {
      "status": "ERROR",
      "message": "R script failed with return code 1",
      "stdout": "g++ -std=gnu++17  -I\"C:/Users/spi085/AppData/Local/Programs/R/R-4.4.1/include\" -DNDEBUG -I\"C:/Users/spi085/AppData/Local/Programs/R/R-44~1.1/library/TMB/include\" -I\"C:/Users/spi085/AppData/Local/Programs/R/R-44~1.1/library/RCPPEI~1/include\"   -DTMB_EIGEN_DISABLE_WARNINGS   -DTMB_LIB_INIT=R_init_model  -DCPPAD_FRAMEWORK    -I\"C:/rtools44/x86_64-w64-mingw32.static.posix/include\"     -O2 -Wa,-mbig-obj -c POPULATIONS//POPULATION_0023//INDIVIDUAL_GYZV87BE/model.cpp -o POPULATIONS//POPULATION_0023//INDIVIDUAL_GYZV87BE/model.o\ng++ -std=gnu++17 -shared -s -static-libgcc -o POPULATIONS//POPULATION_0023//INDIVIDUAL_GYZV87BE/model.dll tmp.def POPULATIONS//POPULATION_0023//INDIVIDUAL_GYZV87BE/model.o -LC:/rtools44/x86_64-w64-mingw32.static.posix/lib/x64 -LC:/rtools44/x86_64-w64-mingw32.static.posix/lib -LC:/Users/spi085/AppData/Local/Programs/R/R-4.4.1/bin/x64 -lR\nStarting model phases\nNumber of phases: 1 \nPhase 1 \nInitial parameter values for phase 1 :\n                    log_r_cots                     log_K_cots \n                            NA                             NA \n                    log_m_cots                     log_p_cots \n                        -2.355                             NA \n                   log_K1_cots                     log_a_fast \n                            NA                             NA \n                    log_a_slow                     log_K_fast \n                            NA                             NA \n                    log_K_slow                     log_r_fast \n                            NA                             NA \n                    log_r_slow                     log_m_fast \n                            NA                         -0.694 \n                    log_m_slow      log_temp_sensitivity_fast \n                            NA                             NA \n     log_temp_sensitivity_slow                 log_sigma_cots \n                            NA                             NA \n                log_sigma_slow                 log_sigma_fast \n                            NA                             NA \nlog_density_dependence_cotsimm                 log_allee_cots \n                            NA                             NA \n                   log_K2_fast \n                            NA \nError in model phases: NA/NaN gradient evaluation",
      "stderr": "Loading required package: TMB\nLoading required package: jsonlite\nhere() starts at C:/Users/spi085/OneDrive - CSIRO/Documents/_Projects/SCCP-QuantModelling\nusing C++ compiler: 'G__~1.EXE (GCC) 13.2.0'\nError in value[[3L]](cond) : \n  Error in model phases: NA/NaN gradient evaluation\nCalls: tryCatch -> tryCatchList -> tryCatchOne -> <Anonymous>\nIn addition: Warning message:\nIn nlminb(model$par, model$fn, model$gr) : NA/NaN function evaluation\nExecution halted"
    },
    "6": {
      "status": "ERROR",
      "message": "R script failed with return code 1",
      "stdout": "g++ -std=gnu++17  -I\"C:/Users/spi085/AppData/Local/Programs/R/R-4.4.1/include\" -DNDEBUG -I\"C:/Users/spi085/AppData/Local/Programs/R/R-44~1.1/library/TMB/include\" -I\"C:/Users/spi085/AppData/Local/Programs/R/R-44~1.1/library/RCPPEI~1/include\"   -DTMB_EIGEN_DISABLE_WARNINGS   -DTMB_LIB_INIT=R_init_model  -DCPPAD_FRAMEWORK    -I\"C:/rtools44/x86_64-w64-mingw32.static.posix/include\"     -O2 -Wa,-mbig-obj -c POPULATIONS//POPULATION_0023//INDIVIDUAL_GYZV87BE/model.cpp -o POPULATIONS//POPULATION_0023//INDIVIDUAL_GYZV87BE/model.o\ng++ -std=gnu++17 -shared -s -static-libgcc -o POPULATIONS//POPULATION_0023//INDIVIDUAL_GYZV87BE/model.dll tmp.def POPULATIONS//POPULATION_0023//INDIVIDUAL_GYZV87BE/model.o -LC:/rtools44/x86_64-w64-mingw32.static.posix/lib/x64 -LC:/rtools44/x86_64-w64-mingw32.static.posix/lib -LC:/Users/spi085/AppData/Local/Programs/R/R-4.4.1/bin/x64 -lR\nStarting model phases\nNumber of phases: 1 \nPhase 1 \nInitial parameter values for phase 1 :\n                    log_r_cots                     log_K_cots \n                            NA                             NA \n                    log_m_cots                     log_p_cots \n                        -2.355                             NA \n                   log_K1_cots                     log_a_fast \n                            NA                             NA \n                    log_a_slow                     log_K_fast \n                            NA                             NA \n                    log_K_slow                     log_r_fast \n                            NA                             NA \n                    log_r_slow                     log_m_fast \n                            NA                         -0.694 \n                    log_m_slow      log_temp_sensitivity_fast \n                            NA                             NA \n     log_temp_sensitivity_slow                 log_sigma_cots \n                            NA                             NA \n                log_sigma_slow                 log_sigma_fast \n                            NA                             NA \nlog_density_dependence_cotsimm                 log_allee_cots \n                            NA                             NA \n                   log_K2_fast \n                            NA \nError in model phases: NA/NaN gradient evaluation",
      "stderr": "Loading required package: TMB\nLoading required package: jsonlite\nhere() starts at C:/Users/spi085/OneDrive - CSIRO/Documents/_Projects/SCCP-QuantModelling\nusing C++ compiler: 'G__~1.EXE (GCC) 13.2.0'\nError in value[[3L]](cond) : \n  Error in model phases: NA/NaN gradient evaluation\nCalls: tryCatch -> tryCatchList -> tryCatchOne -> <Anonymous>\nIn addition: Warning message:\nIn nlminb(model$par, model$fn, model$gr) : NA/NaN function evaluation\nExecution halted"
    },
    "7": {
      "status": "BROKEN"
    }
  }
}