{
  "iterations": {
    "1": {
      "status": "ERROR",
      "message": "Model failed to compile.",
      "stdout": "g++ -std=gnu++17 -I\"/usr/share/R/include\" -DNDEBUG -I\"/home/spi085/R/x86_64-pc-linux-gnu-library/4.4/TMB/include\" -I\"/home/spi085/R/x86_64-pc-linux-gnu-library/4.4/RcppEigen/include\"   -DTMB_EIGEN_DISABLE_WARNINGS   -DTMB_LIB_INIT=R_init_model  -DCPPAD_FRAMEWORK      -fpic  -O2  -c POPULATIONS/POPULATION_0013/INDIVIDUAL_W9AD2ZSF/model.cpp -o POPULATIONS/POPULATION_0013/INDIVIDUAL_W9AD2ZSF/model.o",
      "stderr": "Loading required package: TMB\nLoading required package: jsonlite\nhere() starts at /home/spi085/Documents/_Projects/SCCP-QuantModelling\nusing C++ compiler: \u2018g++ (Ubuntu 13.3.0-6ubuntu2~24.04) 13.3.0\u2019\nPOPULATIONS/POPULATION_0013/INDIVIDUAL_W9AD2ZSF/model.cpp: In member function \u2018Type objective_function<Type>::operator()()\u2019:\nPOPULATIONS/POPULATION_0013/INDIVIDUAL_W9AD2ZSF/model.cpp:67:19: error: \u2018hill_n_cots\u2019 was not declared in this scope\n   67 |     Type n_hill = hill_n_cots;               // Hill coefficient (unitless)\n      |                   ^~~~~~~~~~~\nPOPULATIONS/POPULATION_0013/INDIVIDUAL_W9AD2ZSF/model.cpp:68:23: error: \u2018coral_crit_cots\u2019 was not declared in this scope; did you mean \u2018coral_crit\u2019?\n   68 |     Type coral_crit = coral_crit_cots;       // Critical coral cover for COTS recruitment (%)\n      |                       ^~~~~~~~~~~~~~~\n      |                       coral_crit\nmake: *** [/usr/lib/R/etc/Makeconf:204: POPULATIONS/POPULATION_0013/INDIVIDUAL_W9AD2ZSF/model.o] Error 1\nError in TMB::compile(file.path(individual_dir, model_file), flags = flags,  : \n  Compilation failed\nError: Compilation failed\nExecution halted"
    },
    "2": {
      "status": "ERROR",
      "message": "R script failed with return code 1",
      "stdout": "g++ -std=gnu++17 -I\"/usr/share/R/include\" -DNDEBUG -I\"/home/spi085/R/x86_64-pc-linux-gnu-library/4.4/TMB/include\" -I\"/home/spi085/R/x86_64-pc-linux-gnu-library/4.4/RcppEigen/include\"   -DTMB_EIGEN_DISABLE_WARNINGS   -DTMB_LIB_INIT=R_init_model  -DCPPAD_FRAMEWORK      -fpic  -O2  -c POPULATIONS/POPULATION_0013/INDIVIDUAL_W9AD2ZSF/model.cpp -o POPULATIONS/POPULATION_0013/INDIVIDUAL_W9AD2ZSF/model.o\ng++ -std=gnu++17 -shared -L/usr/lib/R/lib -Wl,-Bsymbolic-functions -flto=auto -ffat-lto-objects -Wl,-z,relro -o POPULATIONS/POPULATION_0013/INDIVIDUAL_W9AD2ZSF/model.so POPULATIONS/POPULATION_0013/INDIVIDUAL_W9AD2ZSF/model.o -L/usr/lib/R/lib -lR\nStarting model phases\nNumber of phases: 3 \nPhase 1 \nInitial parameter values for phase 1 :\n log_r_cots  log_K_cots  log_r_fast  log_r_slow log_K_coral \n         NA          NA      -0.880      -3.108       1.810 \nError in model phases: NA/NaN gradient evaluation",
      "stderr": "Loading required package: TMB\nLoading required package: jsonlite\nhere() starts at /home/spi085/Documents/_Projects/SCCP-QuantModelling\nusing C++ compiler: \u2018g++ (Ubuntu 13.3.0-6ubuntu2~24.04) 13.3.0\u2019\nError in value[[3L]](cond) : \n  Error in model phases: NA/NaN gradient evaluation\nCalls: tryCatch -> tryCatchList -> tryCatchOne -> <Anonymous>\nIn addition: Warning message:\nIn nlminb(model$par, model$fn, model$gr) : NA/NaN function evaluation\nExecution halted"
    },
    "3": {
      "status": "ERROR",
      "message": "R script failed with return code 1",
      "stdout": "g++ -std=gnu++17 -I\"/usr/share/R/include\" -DNDEBUG -I\"/home/spi085/R/x86_64-pc-linux-gnu-library/4.4/TMB/include\" -I\"/home/spi085/R/x86_64-pc-linux-gnu-library/4.4/RcppEigen/include\"   -DTMB_EIGEN_DISABLE_WARNINGS   -DTMB_LIB_INIT=R_init_model  -DCPPAD_FRAMEWORK      -fpic  -O2  -c POPULATIONS/POPULATION_0013/INDIVIDUAL_W9AD2ZSF/model.cpp -o POPULATIONS/POPULATION_0013/INDIVIDUAL_W9AD2ZSF/model.o\ng++ -std=gnu++17 -shared -L/usr/lib/R/lib -Wl,-Bsymbolic-functions -flto=auto -ffat-lto-objects -Wl,-z,relro -o POPULATIONS/POPULATION_0013/INDIVIDUAL_W9AD2ZSF/model.so POPULATIONS/POPULATION_0013/INDIVIDUAL_W9AD2ZSF/model.o -L/usr/lib/R/lib -lR\nStarting model phases\nNumber of phases: 3 \nPhase 1 \nInitial parameter values for phase 1 :\n log_r_cots  log_K_cots  log_r_fast  log_r_slow log_K_coral \n         NA          NA      -0.880      -3.108       1.810 \nError in model phases: NA/NaN gradient evaluation",
      "stderr": "Loading required package: TMB\nLoading required package: jsonlite\nhere() starts at /home/spi085/Documents/_Projects/SCCP-QuantModelling\nusing C++ compiler: \u2018g++ (Ubuntu 13.3.0-6ubuntu2~24.04) 13.3.0\u2019\nError in value[[3L]](cond) : \n  Error in model phases: NA/NaN gradient evaluation\nCalls: tryCatch -> tryCatchList -> tryCatchOne -> <Anonymous>\nIn addition: Warning message:\nIn nlminb(model$par, model$fn, model$gr) : NA/NaN function evaluation\nExecution halted"
    },
    "4": {
      "status": "ERROR",
      "message": "R script failed with return code 1",
      "stdout": "g++ -std=gnu++17 -I\"/usr/share/R/include\" -DNDEBUG -I\"/home/spi085/R/x86_64-pc-linux-gnu-library/4.4/TMB/include\" -I\"/home/spi085/R/x86_64-pc-linux-gnu-library/4.4/RcppEigen/include\"   -DTMB_EIGEN_DISABLE_WARNINGS   -DTMB_LIB_INIT=R_init_model  -DCPPAD_FRAMEWORK      -fpic  -O2  -c POPULATIONS/POPULATION_0013/INDIVIDUAL_W9AD2ZSF/model.cpp -o POPULATIONS/POPULATION_0013/INDIVIDUAL_W9AD2ZSF/model.o\ng++ -std=gnu++17 -shared -L/usr/lib/R/lib -Wl,-Bsymbolic-functions -flto=auto -ffat-lto-objects -Wl,-z,relro -o POPULATIONS/POPULATION_0013/INDIVIDUAL_W9AD2ZSF/model.so POPULATIONS/POPULATION_0013/INDIVIDUAL_W9AD2ZSF/model.o -L/usr/lib/R/lib -lR\nStarting model phases\nNumber of phases: 3 \nPhase 1 \nInitial parameter values for phase 1 :\n log_r_cots  log_K_cots  log_r_fast  log_r_slow log_K_coral \n         NA          NA      -0.880      -3.108       1.810 \nError in model phases: NA/NaN gradient evaluation",
      "stderr": "Loading required package: TMB\nLoading required package: jsonlite\nhere() starts at /home/spi085/Documents/_Projects/SCCP-QuantModelling\nusing C++ compiler: \u2018g++ (Ubuntu 13.3.0-6ubuntu2~24.04) 13.3.0\u2019\nError in value[[3L]](cond) : \n  Error in model phases: NA/NaN gradient evaluation\nCalls: tryCatch -> tryCatchList -> tryCatchOne -> <Anonymous>\nIn addition: Warning message:\nIn nlminb(model$par, model$fn, model$gr) : NA/NaN function evaluation\nExecution halted"
    },
    "5": {
      "status": "ERROR",
      "message": "R script failed with return code 1",
      "stdout": "g++ -std=gnu++17 -I\"/usr/share/R/include\" -DNDEBUG -I\"/home/spi085/R/x86_64-pc-linux-gnu-library/4.4/TMB/include\" -I\"/home/spi085/R/x86_64-pc-linux-gnu-library/4.4/RcppEigen/include\"   -DTMB_EIGEN_DISABLE_WARNINGS   -DTMB_LIB_INIT=R_init_model  -DCPPAD_FRAMEWORK      -fpic  -O2  -c POPULATIONS/POPULATION_0013/INDIVIDUAL_W9AD2ZSF/model.cpp -o POPULATIONS/POPULATION_0013/INDIVIDUAL_W9AD2ZSF/model.o\ng++ -std=gnu++17 -shared -L/usr/lib/R/lib -Wl,-Bsymbolic-functions -flto=auto -ffat-lto-objects -Wl,-z,relro -o POPULATIONS/POPULATION_0013/INDIVIDUAL_W9AD2ZSF/model.so POPULATIONS/POPULATION_0013/INDIVIDUAL_W9AD2ZSF/model.o -L/usr/lib/R/lib -lR\nStarting model phases\nNumber of phases: 3 \nPhase 1 \nInitial parameter values for phase 1 :\n log_r_cots  log_K_cots  log_r_fast  log_r_slow log_K_coral \n         NA          NA      -0.880      -3.108       1.810 \nError in model phases: NA/NaN gradient evaluation",
      "stderr": "Loading required package: TMB\nLoading required package: jsonlite\nhere() starts at /home/spi085/Documents/_Projects/SCCP-QuantModelling\nusing C++ compiler: \u2018g++ (Ubuntu 13.3.0-6ubuntu2~24.04) 13.3.0\u2019\nError in value[[3L]](cond) : \n  Error in model phases: NA/NaN gradient evaluation\nCalls: tryCatch -> tryCatchList -> tryCatchOne -> <Anonymous>\nIn addition: Warning message:\nIn nlminb(model$par, model$fn, model$gr) : NA/NaN function evaluation\nExecution halted"
    },
    "6": {
      "status": "ERROR",
      "message": "Model failed to compile.",
      "stdout": "g++ -std=gnu++17 -I\"/usr/share/R/include\" -DNDEBUG -I\"/home/spi085/R/x86_64-pc-linux-gnu-library/4.4/TMB/include\" -I\"/home/spi085/R/x86_64-pc-linux-gnu-library/4.4/RcppEigen/include\"   -DTMB_EIGEN_DISABLE_WARNINGS   -DTMB_LIB_INIT=R_init_model  -DCPPAD_FRAMEWORK      -fpic  -O2  -c POPULATIONS/POPULATION_0013/INDIVIDUAL_W9AD2ZSF/model.cpp -o POPULATIONS/POPULATION_0013/INDIVIDUAL_W9AD2ZSF/model.o",
      "stderr": "Loading required package: TMB\nLoading required package: jsonlite\nhere() starts at /home/spi085/Documents/_Projects/SCCP-QuantModelling\nusing C++ compiler: \u2018g++ (Ubuntu 13.3.0-6ubuntu2~24.04) 13.3.0\u2019\nIn file included from /usr/share/R/include/R.h:69,\n                 from /home/spi085/R/x86_64-pc-linux-gnu-library/4.4/TMB/include/TMB.hpp:182,\n                 from POPULATIONS/POPULATION_0013/INDIVIDUAL_W9AD2ZSF/model.cpp:1:\nPOPULATIONS/POPULATION_0013/INDIVIDUAL_W9AD2ZSF/model.cpp: In member function \u2018Type objective_function<Type>::operator()()\u2019:\nPOPULATIONS/POPULATION_0013/INDIVIDUAL_W9AD2ZSF/model.cpp:81:19: error: \u2018r_fast\u2019 was not declared in this scope\n   81 |     if (!R_FINITE(r_fast)) r_fast = Type(0.1);\n      |                   ^~~~~~\n/usr/share/R/include/R_ext/Arith.h:84:34: note: in definition of macro \u2018R_FINITE\u2019\n   84 | # define R_FINITE(x)    R_finite(x)\n      |                                  ^\nPOPULATIONS/POPULATION_0013/INDIVIDUAL_W9AD2ZSF/model.cpp:82:19: error: \u2018r_slow\u2019 was not declared in this scope\n   82 |     if (!R_FINITE(r_slow)) r_slow = Type(0.01);\n      |                   ^~~~~~\n/usr/share/R/include/R_ext/Arith.h:84:34: note: in definition of macro \u2018R_FINITE\u2019\n   84 | # define R_FINITE(x)    R_finite(x)\n      |                                  ^\nPOPULATIONS/POPULATION_0013/INDIVIDUAL_W9AD2ZSF/model.cpp:83:19: error: \u2018K_coral\u2019 was not declared in this scope\n   83 |     if (!R_FINITE(K_coral)) K_coral = Type(10.0);\n      |                   ^~~~~~~\n/usr/share/R/include/R_ext/Arith.h:84:34: note: in definition of macro \u2018R_FINITE\u2019\n   84 | # define R_FINITE(x)    R_finite(x)\n      |                                  ^\nPOPULATIONS/POPULATION_0013/INDIVIDUAL_W9AD2ZSF/model.cpp:84:19: error: \u2018eps_fast\u2019 was not declared in this scope\n   84 |     if (!R_FINITE(eps_fast)) eps_fast = Type(0.01);\n      |                   ^~~~~~~~\nPOPULATIONS/POPULATION_0013/INDIVIDUAL_W9AD2ZSF/model.cpp:84:10: note: in expansion of macro \u2018R_FINITE\u2019\n   84 |     if (!R_FINITE(eps_fast)) eps_fast = Type(0.01);\n      |          ^~~~~~~~\nPOPULATIONS/POPULATION_0013/INDIVIDUAL_W9AD2ZSF/model.cpp:85:19: error: \u2018eps_slow\u2019 was not declared in this scope\n   85 |     if (!R_FINITE(eps_slow)) eps_slow = Type(0.01);\n      |                   ^~~~~~~~\n/usr/share/R/include/R_ext/Arith.h:84:34: note: in definition of macro \u2018R_FINITE\u2019\n   84 | # define R_FINITE(x)    R_finite(x)\n      |                                  ^\nPOPULATIONS/POPULATION_0013/INDIVIDUAL_W9AD2ZSF/model.cpp:86:19: error: \u2018sel_fast\u2019 was not declared in this scope\n   86 |     if (!R_FINITE(sel_fast)) sel_fast = Type(0.5);\n      |                   ^~~~~~~~\n/usr/share/R/include/R_ext/Arith.h:84:34: note: in definition of macro \u2018R_FINITE\u2019\n   84 | # define R_FINITE(x)    R_finite(x)\n      |                                  ^\nPOPULATIONS/POPULATION_0013/INDIVIDUAL_W9AD2ZSF/model.cpp:87:19: error: \u2018sel_slow\u2019 was not declared in this scope\n   87 |     if (!R_FINITE(sel_slow)) sel_slow = Type(0.5);\n      |                   ^~~~~~~~\n/usr/share/R/include/R_ext/Arith.h:84:34: note: in definition of macro \u2018R_FINITE\u2019\n   84 | # define R_FINITE(x)    R_finite(x)\n      |                                  ^\nPOPULATIONS/POPULATION_0013/INDIVIDUAL_W9AD2ZSF/model.cpp:88:19: error: \u2018outbreak_thresh\u2019 was not declared in this scope; did you mean \u2018logit_outbreak_thresh\u2019?\n   88 |     if (!R_FINITE(outbreak_thresh)) outbreak_thresh = Type(0.5);\n      |                   ^~~~~~~~~~~~~~~\n/usr/share/R/include/R_ext/Arith.h:84:34: note: in definition of macro \u2018R_FINITE\u2019\n   84 | # define R_FINITE(x)    R_finite(x)\n      |                                  ^\nPOPULATIONS/POPULATION_0013/INDIVIDUAL_W9AD2ZSF/model.cpp:89:19: error: \u2018sigma_cots\u2019 was not declared in this scope; did you mean \u2018m_cots\u2019?\n   89 |     if (!R_FINITE(sigma_cots)) sigma_cots = Type(0.1);\n      |                   ^~~~~~~~~~\n/usr/share/R/include/R_ext/Arith.h:84:34: note: in definition of macro \u2018R_FINITE\u2019\n   84 | # define R_FINITE(x)    R_finite(x)\n      |                                  ^\nPOPULATIONS/POPULATION_0013/INDIVIDUAL_W9AD2ZSF/model.cpp:90:19: error: \u2018sigma_fast\u2019 was not declared in this scope; did you mean \u2018log_sigma_fast\u2019?\n   90 |     if (!R_FINITE(sigma_fast)) sigma_fast = Type(0.1);\n      |                   ^~~~~~~~~~\n/usr/share/R/include/R_ext/Arith.h:84:34: note: in definition of macro \u2018R_FINITE\u2019\n   84 | # define R_FINITE(x)    R_finite(x)\n      |                                  ^\nPOPULATIONS/POPULATION_0013/INDIVIDUAL_W9AD2ZSF/model.cpp:91:19: error: \u2018sigma_slow\u2019 was not declared in this scope; did you mean \u2018log_sigma_slow\u2019?\n   91 |     if (!R_FINITE(sigma_slow)) sigma_slow = Type(0.1);\n      |                   ^~~~~~~~~~\n/usr/share/R/include/R_ext/Arith.h:84:34: note: in definition of macro \u2018R_FINITE\u2019\n   84 | # define R_FINITE(x)    R_finite(x)\n      |                                  ^\nPOPULATIONS/POPULATION_0013/INDIVIDUAL_W9AD2ZSF/model.cpp: In instantiation of \u2018Type objective_function<Type>::operator()() [with Type = CppAD::AD<double>]\u2019:\n/home/spi085/R/x86_64-pc-linux-gnu-library/4.4/TMB/include/tmb_core.hpp:1312:6:   required from here\nPOPULATIONS/POPULATION_0013/INDIVIDUAL_W9AD2ZSF/model.cpp:73:19: error: cannot convert \u2018CppAD::AD<double>\u2019 to \u2018double\u2019\n   73 |     if (!R_FINITE(r_cots)) r_cots = Type(0.1);\n      |                   ^~~~~~\n      |                   |\n      |                   CppAD::AD<double>\n/usr/share/R/include/R_ext/Arith.h:84:34: note: in definition of macro \u2018R_FINITE\u2019\n   84 | # define R_FINITE(x)    R_finite(x)\n      |                                  ^\n/usr/share/R/include/R_ext/Arith.h:63:14: note:   initializing argument 1 of \u2018int R_finite(double)\u2019\n   63 | int R_finite(double);           /* True if none of NA, NaN, +/-Inf */\n      |              ^~~~~~\nPOPULATIONS/POPULATION_0013/INDIVIDUAL_W9AD2ZSF/model.cpp:74:19: error: cannot convert \u2018CppAD::AD<double>\u2019 to \u2018double\u2019\n   74 |     if (!R_FINITE(K_cots)) K_cots = Type(1.0);\n      |                   ^~~~~~\n      |                   |\n      |                   CppAD::AD<double>\n/usr/share/R/include/R_ext/Arith.h:84:34: note: in definition of macro \u2018R_FINITE\u2019\n   84 | # define R_FINITE(x)    R_finite(x)\n      |                                  ^\n/usr/share/R/include/R_ext/Arith.h:63:14: note:   initializing argument 1 of \u2018int R_finite(double)\u2019\n   63 | int R_finite(double);           /* True if none of NA, NaN, +/-Inf */\n      |              ^~~~~~\nPOPULATIONS/POPULATION_0013/INDIVIDUAL_W9AD2ZSF/model.cpp:75:19: error: cannot convert \u2018CppAD::AD<double>\u2019 to \u2018double\u2019\n   75 |     if (!R_FINITE(alpha_cots)) alpha_cots = Type(0.01);\n      |                   ^~~~~~~~~~\n      |                   |\n      |                   CppAD::AD<double>\n/usr/share/R/include/R_ext/Arith.h:84:34: note: in definition of macro \u2018R_FINITE\u2019\n   84 | # define R_FINITE(x)    R_finite(x)\n      |                                  ^\n/usr/share/R/include/R_ext/Arith.h:63:14: note:   initializing argument 1 of \u2018int R_finite(double)\u2019\n   63 | int R_finite(double);           /* True if none of NA, NaN, +/-Inf */\n      |              ^~~~~~\nPOPULATIONS/POPULATION_0013/INDIVIDUAL_W9AD2ZSF/model.cpp:76:19: error: cannot convert \u2018CppAD::AD<double>\u2019 to \u2018double\u2019\n   76 |     if (!R_FINITE(beta_cots)) beta_cots = Type(1.0);\n      |                   ^~~~~~~~~\n      |                   |\n      |                   CppAD::AD<double>\n/usr/share/R/include/R_ext/Arith.h:84:34: note: in definition of macro \u2018R_FINITE\u2019\n   84 | # define R_FINITE(x)    R_finite(x)\n      |                                  ^\n/usr/share/R/include/R_ext/Arith.h:63:14: note:   initializing argument 1 of \u2018int R_finite(double)\u2019\n   63 | int R_finite(double);           /* True if none of NA, NaN, +/-Inf */\n      |              ^~~~~~\nPOPULATIONS/POPULATION_0013/INDIVIDUAL_W9AD2ZSF/model.cpp:77:19: error: cannot convert \u2018CppAD::AD<double>\u2019 to \u2018double\u2019\n   77 |     if (!R_FINITE(m_cots)) m_cots = Type(0.1);\n      |                   ^~~~~~\n      |                   |\n      |                   CppAD::AD<double>\n/usr/share/R/include/R_ext/Arith.h:84:34: note: in definition of macro \u2018R_FINITE\u2019\n   84 | # define R_FINITE(x)    R_finite(x)\n      |                                  ^\n/usr/share/R/include/R_ext/Arith.h:63:14: note:   initializing argument 1 of \u2018int R_finite(double)\u2019\n   63 | int R_finite(double);           /* True if none of NA, NaN, +/-Inf */\n      |              ^~~~~~\nPOPULATIONS/POPULATION_0013/INDIVIDUAL_W9AD2ZSF/model.cpp:78:19: error: cannot convert \u2018CppAD::AD<double>\u2019 to \u2018double\u2019\n   78 |     if (!R_FINITE(eps_cots)) eps_cots = Type(0.01);\n      |                   ^~~~~~~~\n      |                   |\n      |                   CppAD::AD<double>\n/usr/share/R/include/R_ext/Arith.h:84:34: note: in definition of macro \u2018R_FINITE\u2019\n   84 | # define R_FINITE(x)    R_finite(x)\n      |                                  ^\n/usr/share/R/include/R_ext/Arith.h:63:14: note:   initializing argument 1 of \u2018int R_finite(double)\u2019\n   63 | int R_finite(double);           /* True if none of NA, NaN, +/-Inf */\n      |              ^~~~~~\nPOPULATIONS/POPULATION_0013/INDIVIDUAL_W9AD2ZSF/model.cpp:79:19: error: cannot convert \u2018CppAD::AD<double>\u2019 to \u2018double\u2019\n   79 |     if (!R_FINITE(n_hill)) n_hill = Type(1.0);\n      |                   ^~~~~~\n      |                   |\n      |                   CppAD::AD<double>\n/usr/share/R/include/R_ext/Arith.h:84:34: note: in definition of macro \u2018R_FINITE\u2019\n   84 | # define R_FINITE(x)    R_finite(x)\n      |                                  ^\n/usr/share/R/include/R_ext/Arith.h:63:14: note:   initializing argument 1 of \u2018int R_finite(double)\u2019\n   63 | int R_finite(double);           /* True if none of NA, NaN, +/-Inf */\n      |              ^~~~~~\nPOPULATIONS/POPULATION_0013/INDIVIDUAL_W9AD2ZSF/model.cpp:80:19: error: cannot convert \u2018CppAD::AD<double>\u2019 to \u2018double\u2019\n   80 |     if (!R_FINITE(coral_crit)) coral_crit = Type(1.0);\n      |                   ^~~~~~~~~~\n      |                   |\n      |                   CppAD::AD<double>\n/usr/share/R/include/R_ext/Arith.h:84:34: note: in definition of macro \u2018R_FINITE\u2019\n   84 | # define R_FINITE(x)    R_finite(x)\n      |                                  ^\n/usr/share/R/include/R_ext/Arith.h:63:14: note:   initializing argument 1 of \u2018int R_finite(double)\u2019\n   63 | int R_finite(double);           /* True if none of NA, NaN, +/-Inf */\n      |              ^~~~~~\nPOPULATIONS/POPULATION_0013/INDIVIDUAL_W9AD2ZSF/model.cpp: In instantiation of \u2018Type objective_function<Type>::operator()() [with Type = CppAD::AD<CppAD::AD<double> >]\u2019:\n/home/spi085/R/x86_64-pc-linux-gnu-library/4.4/TMB/include/tmb_core.hpp:917:29:   required from \u2018Type objective_function<Type>::evalUserTemplate() [with Type = CppAD::AD<CppAD::AD<double> >]\u2019\n/home/spi085/R/x86_64-pc-linux-gnu-library/4.4/TMB/include/tmb_core.hpp:2116:26:   required from here\nPOPULATIONS/POPULATION_0013/INDIVIDUAL_W9AD2ZSF/model.cpp:73:19: error: cannot convert \u2018CppAD::AD<CppAD::AD<double> >\u2019 to \u2018double\u2019\n   73 |     if (!R_FINITE(r_cots)) r_cots = Type(0.1);\n      |                   ^~~~~~\n      |                   |\n      |                   CppAD::AD<CppAD::AD<double> >\n/usr/share/R/include/R_ext/Arith.h:84:34: note: in definition of macro \u2018R_FINITE\u2019\n   84 | # define R_FINITE(x)    R_finite(x)\n      |                                  ^\n/usr/share/R/include/R_ext/Arith.h:63:14: note:   initializing argument 1 of \u2018int R_finite(double)\u2019\n   63 | int R_finite(double);           /* True if none of NA, NaN, +/-Inf */\n      |              ^~~~~~\nPOPULATIONS/POPULATION_0013/INDIVIDUAL_W9AD2ZSF/model.cpp:74:19: error: cannot convert \u2018CppAD::AD<CppAD::AD<double> >\u2019 to \u2018double\u2019\n   74 |     if (!R_FINITE(K_cots)) K_cots = Type(1.0);\n      |                   ^~~~~~\n      |                   |\n      |                   CppAD::AD<CppAD::AD<double> >\n/usr/share/R/include/R_ext/Arith.h:84:34: note: in definition of macro \u2018R_FINITE\u2019\n   84 | # define R_FINITE(x)    R_finite(x)\n      |                                  ^\n/usr/share/R/include/R_ext/Arith.h:63:14: note:   initializing argument 1 of \u2018int R_finite(double)\u2019\n   63 | int R_finite(double);           /* True if none of NA, NaN, +/-Inf */\n      |              ^~~~~~\nPOPULATIONS/POPULATION_0013/INDIVIDUAL_W9AD2ZSF/model.cpp:75:19: error: cannot convert \u2018CppAD::AD<CppAD::AD<double> >\u2019 to \u2018double\u2019\n   75 |     if (!R_FINITE(alpha_cots)) alpha_cots = Type(0.01);\n      |                   ^~~~~~~~~~\n      |                   |\n      |                   CppAD::AD<CppAD::AD<double> >\n/usr/share/R/include/R_ext/Arith.h:84:34: note: in definition of macro \u2018R_FINITE\u2019\n   84 | # define R_FINITE(x)    R_finite(x)\n      |                                  ^\n/usr/share/R/include/R_ext/Arith.h:63:14: note:   initializing argument 1 of \u2018int R_finite(double)\u2019\n   63 | int R_finite(double);           /* True if none of NA, NaN, +/-Inf */\n      |              ^~~~~~\nPOPULATIONS/POPULATION_0013/INDIVIDUAL_W9AD2ZSF/model.cpp:76:19: error: cannot convert \u2018CppAD::AD<CppAD::AD<double> >\u2019 to \u2018double\u2019\n   76 |     if (!R_FINITE(beta_cots)) beta_cots = Type(1.0);\n      |                   ^~~~~~~~~\n      |                   |\n      |                   CppAD::AD<CppAD::AD<double> >\n/usr/share/R/include/R_ext/Arith.h:84:34: note: in definition of macro \u2018R_FINITE\u2019\n   84 | # define R_FINITE(x)    R_finite(x)\n      |                                  ^\n/usr/share/R/include/R_ext/Arith.h:63:14: note:   initializing argument 1 of \u2018int R_finite(double)\u2019\n   63 | int R_finite(double);           /* True if none of NA, NaN, +/-Inf */\n      |              ^~~~~~\nPOPULATIONS/POPULATION_0013/INDIVIDUAL_W9AD2ZSF/model.cpp:77:19: error: cannot convert \u2018CppAD::AD<CppAD::AD<double> >\u2019 to \u2018double\u2019\n   77 |     if (!R_FINITE(m_cots)) m_cots = Type(0.1);\n      |                   ^~~~~~\n      |                   |\n      |                   CppAD::AD<CppAD::AD<double> >\n/usr/share/R/include/R_ext/Arith.h:84:34: note: in definition of macro \u2018R_FINITE\u2019\n   84 | # define R_FINITE(x)    R_finite(x)\n      |                                  ^\n/usr/share/R/include/R_ext/Arith.h:63:14: note:   initializing argument 1 of \u2018int R_finite(double)\u2019\n   63 | int R_finite(double);           /* True if none of NA, NaN, +/-Inf */\n      |              ^~~~~~\nPOPULATIONS/POPULATION_0013/INDIVIDUAL_W9AD2ZSF/model.cpp:78:19: error: cannot convert \u2018CppAD::AD<CppAD::AD<double> >\u2019 to \u2018double\u2019\n   78 |     if (!R_FINITE(eps_cots)) eps_cots = Type(0.01);\n      |                   ^~~~~~~~\n      |                   |\n      |                   CppAD::AD<CppAD::AD<double> >\n/usr/share/R/include/R_ext/Arith.h:84:34: note: in definition of macro \u2018R_FINITE\u2019\n   84 | # define R_FINITE(x)    R_finite(x)\n      |                                  ^\n/usr/share/R/include/R_ext/Arith.h:63:14: note:   initializing argument 1 of \u2018int R_finite(double)\u2019\n   63 | int R_finite(double);           /* True if none of NA, NaN, +/-Inf */\n      |              ^~~~~~\nPOPULATIONS/POPULATION_0013/INDIVIDUAL_W9AD2ZSF/model.cpp:79:19: error: cannot convert \u2018CppAD::AD<CppAD::AD<double> >\u2019 to \u2018double\u2019\n   79 |     if (!R_FINITE(n_hill)) n_hill = Type(1.0);\n      |                   ^~~~~~\n      |                   |\n      |                   CppAD::AD<CppAD::AD<double> >\n/usr/share/R/include/R_ext/Arith.h:84:34: note: in definition of macro \u2018R_FINITE\u2019\n   84 | # define R_FINITE(x)    R_finite(x)\n      |                                  ^\n/usr/share/R/include/R_ext/Arith.h:63:14: note:   initializing argument 1 of \u2018int R_finite(double)\u2019\n   63 | int R_finite(double);           /* True if none of NA, NaN, +/-Inf */\n      |              ^~~~~~\nPOPULATIONS/POPULATION_0013/INDIVIDUAL_W9AD2ZSF/model.cpp:80:19: error: cannot convert \u2018CppAD::AD<CppAD::AD<double> >\u2019 to \u2018double\u2019\n   80 |     if (!R_FINITE(coral_crit)) coral_crit = Type(1.0);\n      |                   ^~~~~~~~~~\n      |                   |\n      |                   CppAD::AD<CppAD::AD<double> >\n/usr/share/R/include/R_ext/Arith.h:84:34: note: in definition of macro \u2018R_FINITE\u2019\n   84 | # define R_FINITE(x)    R_finite(x)\n      |                                  ^\n/usr/share/R/include/R_ext/Arith.h:63:14: note:   initializing argument 1 of \u2018int R_finite(double)\u2019\n   63 | int R_finite(double);           /* True if none of NA, NaN, +/-Inf */\n      |              ^~~~~~\nPOPULATIONS/POPULATION_0013/INDIVIDUAL_W9AD2ZSF/model.cpp: In instantiation of \u2018Type objective_function<Type>::operator()() [with Type = CppAD::AD<CppAD::AD<CppAD::AD<double> > >]\u2019:\n/home/spi085/R/x86_64-pc-linux-gnu-library/4.4/TMB/include/tmb_core.hpp:917:29:   required from \u2018Type objective_function<Type>::evalUserTemplate() [with Type = CppAD::AD<CppAD::AD<CppAD::AD<double> > >]\u2019\n/home/spi085/R/x86_64-pc-linux-gnu-library/4.4/TMB/include/tmb_core.hpp:2365:28:   required from here\nPOPULATIONS/POPULATION_0013/INDIVIDUAL_W9AD2ZSF/model.cpp:73:19: error: cannot convert \u2018CppAD::AD<CppAD::AD<CppAD::AD<double> > >\u2019 to \u2018double\u2019\n   73 |     if (!R_FINITE(r_cots)) r_cots = Type(0.1);\n      |                   ^~~~~~\n      |                   |\n      |                   CppAD::AD<CppAD::AD<CppAD::AD<double> > >\n/usr/share/R/include/R_ext/Arith.h:84:34: note: in definition of macro \u2018R_FINITE\u2019\n   84 | # define R_FINITE(x)    R_finite(x)\n      |                                  ^\n/usr/share/R/include/R_ext/Arith.h:63:14: note:   initializing argument 1 of \u2018int R_finite(double)\u2019\n   63 | int R_finite(double);           /* True if none of NA, NaN, +/-Inf */\n      |              ^~~~~~\nPOPULATIONS/POPULATION_0013/INDIVIDUAL_W9AD2ZSF/model.cpp:74:19: error: cannot convert \u2018CppAD::AD<CppAD::AD<CppAD::AD<double> > >\u2019 to \u2018double\u2019\n   74 |     if (!R_FINITE(K_cots)) K_cots = Type(1.0);\n      |                   ^~~~~~\n      |                   |\n      |                   CppAD::AD<CppAD::AD<CppAD::AD<double> > >\n/usr/share/R/include/R_ext/Arith.h:84:34: note: in definition of macro \u2018R_FINITE\u2019\n   84 | # define R_FINITE(x)    R_finite(x)\n      |                                  ^\n/usr/share/R/include/R_ext/Arith.h:63:14: note:   initializing argument 1 of \u2018int R_finite(double)\u2019\n   63 | int R_finite(double);           /* True if none of NA, NaN, +/-Inf */\n      |              ^~~~~~\nPOPULATIONS/POPULATION_0013/INDIVIDUAL_W9AD2ZSF/model.cpp:75:19: error: cannot convert \u2018CppAD::AD<CppAD::AD<CppAD::AD<double> > >\u2019 to \u2018double\u2019\n   75 |     if (!R_FINITE(alpha_cots)) alpha_cots = Type(0.01);\n      |                   ^~~~~~~~~~\n      |                   |\n      |                   CppAD::AD<CppAD::AD<CppAD::AD<double> > >\n/usr/share/R/include/R_ext/Arith.h:84:34: note: in definition of macro \u2018R_FINITE\u2019\n   84 | # define R_FINITE(x)    R_finite(x)\n      |                                  ^\n/usr/share/R/include/R_ext/Arith.h:63:14: note:   initializing argument 1 of \u2018int R_finite(double)\u2019\n   63 | int R_finite(double);           /* True if none of NA, NaN, +/-Inf */\n      |              ^~~~~~\nPOPULATIONS/POPULATION_0013/INDIVIDUAL_W9AD2ZSF/model.cpp:76:19: error: cannot convert \u2018CppAD::AD<CppAD::AD<CppAD::AD<double> > >\u2019 to \u2018double\u2019\n   76 |     if (!R_FINITE(beta_cots)) beta_cots = Type(1.0);\n      |                   ^~~~~~~~~\n      |                   |\n      |                   CppAD::AD<CppAD::AD<CppAD::AD<double> > >\n/usr/share/R/include/R_ext/Arith.h:84:34: note: in definition of macro \u2018R_FINITE\u2019\n   84 | # define R_FINITE(x)    R_finite(x)\n      |                                  ^\n/usr/share/R/include/R_ext/Arith.h:63:14: note:   initializing argument 1 of \u2018int R_finite(double)\u2019\n   63 | int R_finite(double);           /* True if none of NA, NaN, +/-Inf */\n      |              ^~~~~~\nPOPULATIONS/POPULATION_0013/INDIVIDUAL_W9AD2ZSF/model.cpp:77:19: error: cannot convert \u2018CppAD::AD<CppAD::AD<CppAD::AD<double> > >\u2019 to \u2018double\u2019\n   77 |     if (!R_FINITE(m_cots)) m_cots = Type(0.1);\n      |                   ^~~~~~\n      |                   |\n      |                   CppAD::AD<CppAD::AD<CppAD::AD<double> > >\n/usr/share/R/include/R_ext/Arith.h:84:34: note: in definition of macro \u2018R_FINITE\u2019\n   84 | # define R_FINITE(x)    R_finite(x)\n      |                                  ^\n/usr/share/R/include/R_ext/Arith.h:63:14: note:   initializing argument 1 of \u2018int R_finite(double)\u2019\n   63 | int R_finite(double);           /* True if none of NA, NaN, +/-Inf */\n      |              ^~~~~~\nPOPULATIONS/POPULATION_0013/INDIVIDUAL_W9AD2ZSF/model.cpp:78:19: error: cannot convert \u2018CppAD::AD<CppAD::AD<CppAD::AD<double> > >\u2019 to \u2018double\u2019\n   78 |     if (!R_FINITE(eps_cots)) eps_cots = Type(0.01);\n      |                   ^~~~~~~~\n      |                   |\n      |                   CppAD::AD<CppAD::AD<CppAD::AD<double> > >\n/usr/share/R/include/R_ext/Arith.h:84:34: note: in definition of macro \u2018R_FINITE\u2019\n   84 | # define R_FINITE(x)    R_finite(x)\n      |                                  ^\n/usr/share/R/include/R_ext/Arith.h:63:14: note:   initializing argument 1 of \u2018int R_finite(double)\u2019\n   63 | int R_finite(double);           /* True if none of NA, NaN, +/-Inf */\n      |              ^~~~~~\nPOPULATIONS/POPULATION_0013/INDIVIDUAL_W9AD2ZSF/model.cpp:79:19: error: cannot convert \u2018CppAD::AD<CppAD::AD<CppAD::AD<double> > >\u2019 to \u2018double\u2019\n   79 |     if (!R_FINITE(n_hill)) n_hill = Type(1.0);\n      |                   ^~~~~~\n      |                   |\n      |                   CppAD::AD<CppAD::AD<CppAD::AD<double> > >\n/usr/share/R/include/R_ext/Arith.h:84:34: note: in definition of macro \u2018R_FINITE\u2019\n   84 | # define R_FINITE(x)    R_finite(x)\n      |                                  ^\n/usr/share/R/include/R_ext/Arith.h:63:14: note:   initializing argument 1 of \u2018int R_finite(double)\u2019\n   63 | int R_finite(double);           /* True if none of NA, NaN, +/-Inf */\n      |              ^~~~~~\nPOPULATIONS/POPULATION_0013/INDIVIDUAL_W9AD2ZSF/model.cpp:80:19: error: cannot convert \u2018CppAD::AD<CppAD::AD<CppAD::AD<double> > >\u2019 to \u2018double\u2019\n   80 |     if (!R_FINITE(coral_crit)) coral_crit = Type(1.0);\n      |                   ^~~~~~~~~~\n      |                   |\n      |                   CppAD::AD<CppAD::AD<CppAD::AD<double> > >\n/usr/share/R/include/R_ext/Arith.h:84:34: note: in definition of macro \u2018R_FINITE\u2019\n   84 | # define R_FINITE(x)    R_finite(x)\n      |                                  ^\n/usr/share/R/include/R_ext/Arith.h:63:14: note:   initializing argument 1 of \u2018int R_finite(double)\u2019\n   63 | int R_finite(double);           /* True if none of NA, NaN, +/-Inf */\n      |              ^~~~~~\nmake: *** [/usr/lib/R/etc/Makeconf:204: POPULATIONS/POPULATION_0013/INDIVIDUAL_W9AD2ZSF/model.o] Error 1\nError in TMB::compile(file.path(individual_dir, model_file), flags = flags,  : \n  Compilation failed\nError: Compilation failed\nExecution halted"
    },
    "7": {
      "status": "BROKEN"
    }
  }
}