{
  "iterations": {
    "1": {
      "status": "ERROR",
      "message": "Model failed to compile.",
      "stdout": "g++ -std=gnu++17 -I\"/usr/share/R/include\" -DNDEBUG -I\"/home/spi085/R/x86_64-pc-linux-gnu-library/4.4/TMB/include\" -I\"/home/spi085/R/x86_64-pc-linux-gnu-library/4.4/RcppEigen/include\"   -DTMB_EIGEN_DISABLE_WARNINGS   -DTMB_LIB_INIT=R_init_model  -DCPPAD_FRAMEWORK      -fpic  -O2  -c POPULATIONS/POPULATION_0013/INDIVIDUAL_4XQAOOM4/model.cpp -o POPULATIONS/POPULATION_0013/INDIVIDUAL_4XQAOOM4/model.o",
      "stderr": "Loading required package: TMB\nLoading required package: jsonlite\nhere() starts at /home/spi085/Documents/_Projects/SCCP-QuantModelling\nusing C++ compiler: \u2018g++ (Ubuntu 13.3.0-6ubuntu2~24.04) 13.3.0\u2019\nPOPULATIONS/POPULATION_0013/INDIVIDUAL_4XQAOOM4/model.cpp: In member function \u2018Type objective_function<Type>::operator()()\u2019:\nPOPULATIONS/POPULATION_0013/INDIVIDUAL_4XQAOOM4/model.cpp:85:45: error: \u2018hill_n_coral\u2019 was not declared in this scope\n   85 |     Type coral_effect = pow(coral_resource, hill_n_coral) / (pow(coral_resource, hill_n_coral) + pow(hill_half, hill_n_coral) + eps); // Hill function\n      |                                             ^~~~~~~~~~~~\nmake: *** [/usr/lib/R/etc/Makeconf:204: POPULATIONS/POPULATION_0013/INDIVIDUAL_4XQAOOM4/model.o] Error 1\nError in TMB::compile(file.path(individual_dir, model_file), flags = flags,  : \n  Compilation failed\nError: Compilation failed\nExecution halted"
    },
    "2": {
      "status": "ERROR",
      "message": "R script failed with return code 1",
      "stdout": "g++ -std=gnu++17 -I\"/usr/share/R/include\" -DNDEBUG -I\"/home/spi085/R/x86_64-pc-linux-gnu-library/4.4/TMB/include\" -I\"/home/spi085/R/x86_64-pc-linux-gnu-library/4.4/RcppEigen/include\"   -DTMB_EIGEN_DISABLE_WARNINGS   -DTMB_LIB_INIT=R_init_model  -DCPPAD_FRAMEWORK      -fpic  -O2  -c POPULATIONS/POPULATION_0013/INDIVIDUAL_4XQAOOM4/model.cpp -o POPULATIONS/POPULATION_0013/INDIVIDUAL_4XQAOOM4/model.o\ng++ -std=gnu++17 -shared -L/usr/lib/R/lib -Wl,-Bsymbolic-functions -flto=auto -ffat-lto-objects -Wl,-z,relro -o POPULATIONS/POPULATION_0013/INDIVIDUAL_4XQAOOM4/model.so POPULATIONS/POPULATION_0013/INDIVIDUAL_4XQAOOM4/model.o -L/usr/lib/R/lib -lR\nStarting model phases\nNumber of phases: 4 \nPhase 1 \nError in model phases: Error when reading the variable: 'hill_n_coral'. Please check data and parameters.",
      "stderr": "Loading required package: TMB\nLoading required package: jsonlite\nhere() starts at /home/spi085/Documents/_Projects/SCCP-QuantModelling\nusing C++ compiler: \u2018g++ (Ubuntu 13.3.0-6ubuntu2~24.04) 13.3.0\u2019\nError in value[[3L]](cond) : \n  Error in model phases: Error when reading the variable: 'hill_n_coral'. Please check data and parameters.\nCalls: tryCatch -> tryCatchList -> tryCatchOne -> <Anonymous>\nIn addition: Warning messages:\n1: In getParameterOrder(data, parameters, new.env(), DLL = DLL) :\n  Expected scalar. Got length=0\n2: In getParameterOrder(data, parameters, new.env(), DLL = DLL) :\n  Expected object. Got NULL.\nExecution halted"
    },
    "3": {
      "status": "ERROR",
      "message": "R script failed with return code 1",
      "stdout": "g++ -std=gnu++17 -I\"/usr/share/R/include\" -DNDEBUG -I\"/home/spi085/R/x86_64-pc-linux-gnu-library/4.4/TMB/include\" -I\"/home/spi085/R/x86_64-pc-linux-gnu-library/4.4/RcppEigen/include\"   -DTMB_EIGEN_DISABLE_WARNINGS   -DTMB_LIB_INIT=R_init_model  -DCPPAD_FRAMEWORK      -fpic  -O2  -c POPULATIONS/POPULATION_0013/INDIVIDUAL_4XQAOOM4/model.cpp -o POPULATIONS/POPULATION_0013/INDIVIDUAL_4XQAOOM4/model.o\ng++ -std=gnu++17 -shared -L/usr/lib/R/lib -Wl,-Bsymbolic-functions -flto=auto -ffat-lto-objects -Wl,-z,relro -o POPULATIONS/POPULATION_0013/INDIVIDUAL_4XQAOOM4/model.so POPULATIONS/POPULATION_0013/INDIVIDUAL_4XQAOOM4/model.o -L/usr/lib/R/lib -lR\nStarting model phases\nNumber of phases: 4 \nPhase 1 \nInitial parameter values for phase 1 :\nlog_r_cots \n        NA \nError in model phases: NA/NaN gradient evaluation",
      "stderr": "Loading required package: TMB\nLoading required package: jsonlite\nhere() starts at /home/spi085/Documents/_Projects/SCCP-QuantModelling\nusing C++ compiler: \u2018g++ (Ubuntu 13.3.0-6ubuntu2~24.04) 13.3.0\u2019\nError in value[[3L]](cond) : \n  Error in model phases: NA/NaN gradient evaluation\nCalls: tryCatch -> tryCatchList -> tryCatchOne -> <Anonymous>\nIn addition: Warning message:\nIn nlminb(model$par, model$fn, model$gr) : NA/NaN function evaluation\nExecution halted"
    },
    "4": {
      "status": "ERROR",
      "message": "R script failed with return code 1",
      "stdout": "g++ -std=gnu++17 -I\"/usr/share/R/include\" -DNDEBUG -I\"/home/spi085/R/x86_64-pc-linux-gnu-library/4.4/TMB/include\" -I\"/home/spi085/R/x86_64-pc-linux-gnu-library/4.4/RcppEigen/include\"   -DTMB_EIGEN_DISABLE_WARNINGS   -DTMB_LIB_INIT=R_init_model  -DCPPAD_FRAMEWORK      -fpic  -O2  -c POPULATIONS/POPULATION_0013/INDIVIDUAL_4XQAOOM4/model.cpp -o POPULATIONS/POPULATION_0013/INDIVIDUAL_4XQAOOM4/model.o\ng++ -std=gnu++17 -shared -L/usr/lib/R/lib -Wl,-Bsymbolic-functions -flto=auto -ffat-lto-objects -Wl,-z,relro -o POPULATIONS/POPULATION_0013/INDIVIDUAL_4XQAOOM4/model.so POPULATIONS/POPULATION_0013/INDIVIDUAL_4XQAOOM4/model.o -L/usr/lib/R/lib -lR\nStarting model phases\nNumber of phases: 4 \nPhase 1 \nInitial parameter values for phase 1 :\nlog_r_cots \n        NA \nError in model phases: NA/NaN gradient evaluation",
      "stderr": "Loading required package: TMB\nLoading required package: jsonlite\nhere() starts at /home/spi085/Documents/_Projects/SCCP-QuantModelling\nusing C++ compiler: \u2018g++ (Ubuntu 13.3.0-6ubuntu2~24.04) 13.3.0\u2019\nError in value[[3L]](cond) : \n  Error in model phases: NA/NaN gradient evaluation\nCalls: tryCatch -> tryCatchList -> tryCatchOne -> <Anonymous>\nIn addition: Warning message:\nIn nlminb(model$par, model$fn, model$gr) : NA/NaN function evaluation\nExecution halted"
    },
    "5": {
      "status": "ERROR",
      "message": "Model failed to compile.",
      "stdout": "g++ -std=gnu++17 -I\"/usr/share/R/include\" -DNDEBUG -I\"/home/spi085/R/x86_64-pc-linux-gnu-library/4.4/TMB/include\" -I\"/home/spi085/R/x86_64-pc-linux-gnu-library/4.4/RcppEigen/include\"   -DTMB_EIGEN_DISABLE_WARNINGS   -DTMB_LIB_INIT=R_init_model  -DCPPAD_FRAMEWORK      -fpic  -O2  -c POPULATIONS/POPULATION_0013/INDIVIDUAL_4XQAOOM4/model.cpp -o POPULATIONS/POPULATION_0013/INDIVIDUAL_4XQAOOM4/model.o",
      "stderr": "Loading required package: TMB\nLoading required package: jsonlite\nhere() starts at /home/spi085/Documents/_Projects/SCCP-QuantModelling\nusing C++ compiler: \u2018g++ (Ubuntu 13.3.0-6ubuntu2~24.04) 13.3.0\u2019\nPOPULATIONS/POPULATION_0013/INDIVIDUAL_4XQAOOM4/model.cpp: In instantiation of \u2018Type objective_function<Type>::operator()() [with Type = CppAD::AD<double>]\u2019:\n/home/spi085/R/x86_64-pc-linux-gnu-library/4.4/TMB/include/tmb_core.hpp:1312:6:   required from here\nPOPULATIONS/POPULATION_0013/INDIVIDUAL_4XQAOOM4/model.cpp:62:36: error: no matching function for call to \u2018CondExpGt(bool, CppAD::AD<double>, CppAD::AD<double>, CppAD::AD<double>)\u2019\n   62 |   Type cots_prev = CppAD::CondExpGt(isnan(cots_dat(0)), Type(0),\n      |                    ~~~~~~~~~~~~~~~~^~~~~~~~~~~~~~~~~~~~~~~~~~~~~\n   63 |                         CppAD::CondExpGt(cots_dat(0), Type(0), cots_dat(0), Type(1e-3)), Type(1e-3)); // avoid NA/NaN and zero\n      |                         ~~~~~~~~~~~~~~~~~~~~~~~~~~~~~~~~~~~~~~~~~~~~~~~~~~~~~~~~~~~~~~~~~~~~~~~~~~~~\nIn file included from /home/spi085/R/x86_64-pc-linux-gnu-library/4.4/TMB/include/cppad/local/ad_valued.hpp:44,\n                 from /home/spi085/R/x86_64-pc-linux-gnu-library/4.4/TMB/include/cppad/local/user_ad.hpp:70,\n                 from /home/spi085/R/x86_64-pc-linux-gnu-library/4.4/TMB/include/cppad/cppad.hpp:82,\n                 from /home/spi085/R/x86_64-pc-linux-gnu-library/4.4/TMB/include/TMB.hpp:125,\n                 from POPULATIONS/POPULATION_0013/INDIVIDUAL_4XQAOOM4/model.cpp:1:\n/home/spi085/R/x86_64-pc-linux-gnu-library/4.4/TMB/include/cppad/local/cond_exp.hpp:330:18: note: candidate: \u2018template<class Base> CppAD::AD<Base> CppAD::CondExpGt(const AD<Base>&, const AD<Base>&, const AD<Base>&, const AD<Base>&)\u2019\n  330 |         AD<Base> CondExp##Name(                                         \\\n      |                  ^~~~~~~\n/home/spi085/R/x86_64-pc-linux-gnu-library/4.4/TMB/include/cppad/local/cond_exp.hpp:345:1: note: in expansion of macro \u2018CPPAD_COND_EXP\u2019\n  345 | CPPAD_COND_EXP(Gt)\n      | ^~~~~~~~~~~~~~\n/home/spi085/R/x86_64-pc-linux-gnu-library/4.4/TMB/include/cppad/local/cond_exp.hpp:330:18: note:   template argument deduction/substitution failed:\n  330 |         AD<Base> CondExp##Name(                                         \\\n      |                  ^~~~~~~\n/home/spi085/R/x86_64-pc-linux-gnu-library/4.4/TMB/include/cppad/local/cond_exp.hpp:345:1: note: in expansion of macro \u2018CPPAD_COND_EXP\u2019\n  345 | CPPAD_COND_EXP(Gt)\n      | ^~~~~~~~~~~~~~\nPOPULATIONS/POPULATION_0013/INDIVIDUAL_4XQAOOM4/model.cpp:62:36: note:   mismatched types \u2018const CppAD::AD<Base>\u2019 and \u2018bool\u2019\n   62 |   Type cots_prev = CppAD::CondExpGt(isnan(cots_dat(0)), Type(0),\n      |                    ~~~~~~~~~~~~~~~~^~~~~~~~~~~~~~~~~~~~~~~~~~~~~\n   63 |                         CppAD::CondExpGt(cots_dat(0), Type(0), cots_dat(0), Type(1e-3)), Type(1e-3)); // avoid NA/NaN and zero\n      |                         ~~~~~~~~~~~~~~~~~~~~~~~~~~~~~~~~~~~~~~~~~~~~~~~~~~~~~~~~~~~~~~~~~~~~~~~~~~~~\nIn file included from /home/spi085/R/x86_64-pc-linux-gnu-library/4.4/TMB/include/cppad/base_require.hpp:151,\n                 from /home/spi085/R/x86_64-pc-linux-gnu-library/4.4/TMB/include/cppad/cppad.hpp:22:\n/home/spi085/R/x86_64-pc-linux-gnu-library/4.4/TMB/include/cppad/local/base_cond_exp.hpp:174:21: note: candidate: \u2018float CppAD::CondExpGt(const float&, const float&, const float&, const float&)\u2019\n  174 |         inline Type CondExp##Rel(                        \\\n      |                     ^~~~~~~\n/home/spi085/R/x86_64-pc-linux-gnu-library/4.4/TMB/include/cppad/local/base_cond_exp.hpp:199:9: note: in expansion of macro \u2018CPPAD_COND_EXP_BASE_REL\u2019\n  199 |         CPPAD_COND_EXP_BASE_REL(Type, Gt, CompareGt)\n      |         ^~~~~~~~~~~~~~~~~~~~~~~\n/home/spi085/R/x86_64-pc-linux-gnu-library/4.4/TMB/include/cppad/local/base_float.hpp:72:9: note: in expansion of macro \u2018CPPAD_COND_EXP_REL\u2019\n   72 |         CPPAD_COND_EXP_REL(float)\n      |         ^~~~~~~~~~~~~~~~~~\n/home/spi085/R/x86_64-pc-linux-gnu-library/4.4/TMB/include/cppad/local/base_cond_exp.hpp:176:29: note:   no known conversion for argument 2 from \u2018CppAD::AD<double>\u2019 to \u2018const float&\u2019\n  176 |                 const Type& right     ,                     \\\n      |                 ~~~~~~~~~~~~^~~~~\n/home/spi085/R/x86_64-pc-linux-gnu-library/4.4/TMB/include/cppad/local/base_cond_exp.hpp:199:9: note: in expansion of macro \u2018CPPAD_COND_EXP_BASE_REL\u2019\n  199 |         CPPAD_COND_EXP_BASE_REL(Type, Gt, CompareGt)\n      |         ^~~~~~~~~~~~~~~~~~~~~~~\n/home/spi085/R/x86_64-pc-linux-gnu-library/4.4/TMB/include/cppad/local/base_float.hpp:72:9: note: in expansion of macro \u2018CPPAD_COND_EXP_REL\u2019\n   72 |         CPPAD_COND_EXP_REL(float)\n      |         ^~~~~~~~~~~~~~~~~~\n/home/spi085/R/x86_64-pc-linux-gnu-library/4.4/TMB/include/cppad/local/base_cond_exp.hpp:174:21: note: candidate: \u2018double CppAD::CondExpGt(const double&, const double&, const double&, const double&)\u2019\n  174 |         inline Type CondExp##Rel(                        \\\n      |                     ^~~~~~~\n/home/spi085/R/x86_64-pc-linux-gnu-library/4.4/TMB/include/cppad/local/base_cond_exp.hpp:199:9: note: in expansion of macro \u2018CPPAD_COND_EXP_BASE_REL\u2019\n  199 |         CPPAD_COND_EXP_BASE_REL(Type, Gt, CompareGt)\n      |         ^~~~~~~~~~~~~~~~~~~~~~~\n/home/spi085/R/x86_64-pc-linux-gnu-library/4.4/TMB/include/cppad/local/base_double.hpp:72:9: note: in expansion of macro \u2018CPPAD_COND_EXP_REL\u2019\n   72 |         CPPAD_COND_EXP_REL(double)\n      |         ^~~~~~~~~~~~~~~~~~\n/home/spi085/R/x86_64-pc-linux-gnu-library/4.4/TMB/include/cppad/local/base_cond_exp.hpp:176:29: note:   no known conversion for argument 2 from \u2018CppAD::AD<double>\u2019 to \u2018const double&\u2019\n  176 |                 const Type& right     ,                     \\\n      |                 ~~~~~~~~~~~~^~~~~\n/home/spi085/R/x86_64-pc-linux-gnu-library/4.4/TMB/include/cppad/local/base_cond_exp.hpp:199:9: note: in expansion of macro \u2018CPPAD_COND_EXP_BASE_REL\u2019\n  199 |         CPPAD_COND_EXP_BASE_REL(Type, Gt, CompareGt)\n      |         ^~~~~~~~~~~~~~~~~~~~~~~\n/home/spi085/R/x86_64-pc-linux-gnu-library/4.4/TMB/include/cppad/local/base_double.hpp:72:9: note: in expansion of macro \u2018CPPAD_COND_EXP_REL\u2019\n   72 |         CPPAD_COND_EXP_REL(double)\n      |         ^~~~~~~~~~~~~~~~~~\n/home/spi085/R/x86_64-pc-linux-gnu-library/4.4/TMB/include/cppad/local/base_cond_exp.hpp:174:21: note: candidate: \u2018std::complex<double> CppAD::CondExpGt(const std::complex<double>&, const std::complex<double>&, const std::complex<double>&, const std::complex<double>&)\u2019\n  174 |         inline Type CondExp##Rel(                        \\\n      |                     ^~~~~~~\n/home/spi085/R/x86_64-pc-linux-gnu-library/4.4/TMB/include/cppad/local/base_cond_exp.hpp:199:9: note: in expansion of macro \u2018CPPAD_COND_EXP_BASE_REL\u2019\n  199 |         CPPAD_COND_EXP_BASE_REL(Type, Gt, CompareGt)\n      |         ^~~~~~~~~~~~~~~~~~~~~~~\n/home/spi085/R/x86_64-pc-linux-gnu-library/4.4/TMB/include/cppad/local/base_complex.hpp:105:9: note: in expansion of macro \u2018CPPAD_COND_EXP_REL\u2019\n  105 |         CPPAD_COND_EXP_REL( std::complex<double> )\n      |         ^~~~~~~~~~~~~~~~~~\n/home/spi085/R/x86_64-pc-linux-gnu-library/4.4/TMB/include/cppad/local/base_cond_exp.hpp:176:29: note:   no known conversion for argument 2 from \u2018CppAD::AD<double>\u2019 to \u2018const std::complex<double>&\u2019\n  176 |                 const Type& right     ,                     \\\n      |                 ~~~~~~~~~~~~^~~~~\n/home/spi085/R/x86_64-pc-linux-gnu-library/4.4/TMB/include/cppad/local/base_cond_exp.hpp:199:9: note: in expansion of macro \u2018CPPAD_COND_EXP_BASE_REL\u2019\n  199 |         CPPAD_COND_EXP_BASE_REL(Type, Gt, CompareGt)\n      |         ^~~~~~~~~~~~~~~~~~~~~~~\n/home/spi085/R/x86_64-pc-linux-gnu-library/4.4/TMB/include/cppad/local/base_complex.hpp:105:9: note: in expansion of macro \u2018CPPAD_COND_EXP_REL\u2019\n  105 |         CPPAD_COND_EXP_REL( std::complex<double> )\n      |         ^~~~~~~~~~~~~~~~~~\n/home/spi085/R/x86_64-pc-linux-gnu-library/4.4/TMB/include/cppad/local/base_cond_exp.hpp:174:21: note: candidate: \u2018std::complex<float> CppAD::CondExpGt(const std::complex<float>&, const std::complex<float>&, const std::complex<float>&, const std::complex<float>&)\u2019\n  174 |         inline Type CondExp##Rel(                        \\\n      |                     ^~~~~~~\n/home/spi085/R/x86_64-pc-linux-gnu-library/4.4/TMB/include/cppad/local/base_cond_exp.hpp:199:9: note: in expansion of macro \u2018CPPAD_COND_EXP_BASE_REL\u2019\n  199 |         CPPAD_COND_EXP_BASE_REL(Type, Gt, CompareGt)\n      |         ^~~~~~~~~~~~~~~~~~~~~~~\n/home/spi085/R/x86_64-pc-linux-gnu-library/4.4/TMB/include/cppad/local/base_complex.hpp:331:9: note: in expansion of macro \u2018CPPAD_COND_EXP_REL\u2019\n  331 |         CPPAD_COND_EXP_REL( std::complex<float> )\n      |         ^~~~~~~~~~~~~~~~~~\n/home/spi085/R/x86_64-pc-linux-gnu-library/4.4/TMB/include/cppad/local/base_cond_exp.hpp:176:29: note:   no known conversion for argument 2 from \u2018CppAD::AD<double>\u2019 to \u2018const std::complex<float>&\u2019\n  176 |                 const Type& right     ,                     \\\n      |                 ~~~~~~~~~~~~^~~~~\n/home/spi085/R/x86_64-pc-linux-gnu-library/4.4/TMB/include/cppad/local/base_cond_exp.hpp:199:9: note: in expansion of macro \u2018CPPAD_COND_EXP_BASE_REL\u2019\n  199 |         CPPAD_COND_EXP_BASE_REL(Type, Gt, CompareGt)\n      |         ^~~~~~~~~~~~~~~~~~~~~~~\n/home/spi085/R/x86_64-pc-linux-gnu-library/4.4/TMB/include/cppad/local/base_complex.hpp:331:9: note: in expansion of macro \u2018CPPAD_COND_EXP_REL\u2019\n  331 |         CPPAD_COND_EXP_REL( std::complex<float> )\n      |         ^~~~~~~~~~~~~~~~~~\nPOPULATIONS/POPULATION_0013/INDIVIDUAL_4XQAOOM4/model.cpp:64:36: error: no matching function for call to \u2018CondExpGt(bool, CppAD::AD<double>, CppAD::AD<double>, CppAD::AD<double>)\u2019\n   64 |   Type fast_prev = CppAD::CondExpGt(isnan(fast_dat(0)), Type(0),\n      |                    ~~~~~~~~~~~~~~~~^~~~~~~~~~~~~~~~~~~~~~~~~~~~~\n   65 |                         CppAD::CondExpGt(fast_dat(0), Type(0), fast_dat(0), Type(1e-3)), Type(1e-3));\n      |                         ~~~~~~~~~~~~~~~~~~~~~~~~~~~~~~~~~~~~~~~~~~~~~~~~~~~~~~~~~~~~~~~~~~~~~~~~~~~~\n/home/spi085/R/x86_64-pc-linux-gnu-library/4.4/TMB/include/cppad/local/cond_exp.hpp:330:18: note: candidate: \u2018template<class Base> CppAD::AD<Base> CppAD::CondExpGt(const AD<Base>&, const AD<Base>&, const AD<Base>&, const AD<Base>&)\u2019\n  330 |         AD<Base> CondExp##Name(                                         \\\n      |                  ^~~~~~~\n/home/spi085/R/x86_64-pc-linux-gnu-library/4.4/TMB/include/cppad/local/cond_exp.hpp:345:1: note: in expansion of macro \u2018CPPAD_COND_EXP\u2019\n  345 | CPPAD_COND_EXP(Gt)\n      | ^~~~~~~~~~~~~~\n/home/spi085/R/x86_64-pc-linux-gnu-library/4.4/TMB/include/cppad/local/cond_exp.hpp:330:18: note:   template argument deduction/substitution failed:\n  330 |         AD<Base> CondExp##Name(                                         \\\n      |                  ^~~~~~~\n/home/spi085/R/x86_64-pc-linux-gnu-library/4.4/TMB/include/cppad/local/cond_exp.hpp:345:1: note: in expansion of macro \u2018CPPAD_COND_EXP\u2019\n  345 | CPPAD_COND_EXP(Gt)\n      | ^~~~~~~~~~~~~~\nPOPULATIONS/POPULATION_0013/INDIVIDUAL_4XQAOOM4/model.cpp:64:36: note:   mismatched types \u2018const CppAD::AD<Base>\u2019 and \u2018bool\u2019\n   64 |   Type fast_prev = CppAD::CondExpGt(isnan(fast_dat(0)), Type(0),\n      |                    ~~~~~~~~~~~~~~~~^~~~~~~~~~~~~~~~~~~~~~~~~~~~~\n   65 |                         CppAD::CondExpGt(fast_dat(0), Type(0), fast_dat(0), Type(1e-3)), Type(1e-3));\n      |                         ~~~~~~~~~~~~~~~~~~~~~~~~~~~~~~~~~~~~~~~~~~~~~~~~~~~~~~~~~~~~~~~~~~~~~~~~~~~~\n/home/spi085/R/x86_64-pc-linux-gnu-library/4.4/TMB/include/cppad/local/base_cond_exp.hpp:174:21: note: candidate: \u2018float CppAD::CondExpGt(const float&, const float&, const float&, const float&)\u2019\n  174 |         inline Type CondExp##Rel(                        \\\n      |                     ^~~~~~~\n/home/spi085/R/x86_64-pc-linux-gnu-library/4.4/TMB/include/cppad/local/base_cond_exp.hpp:199:9: note: in expansion of macro \u2018CPPAD_COND_EXP_BASE_REL\u2019\n  199 |         CPPAD_COND_EXP_BASE_REL(Type, Gt, CompareGt)\n      |         ^~~~~~~~~~~~~~~~~~~~~~~\n/home/spi085/R/x86_64-pc-linux-gnu-library/4.4/TMB/include/cppad/local/base_float.hpp:72:9: note: in expansion of macro \u2018CPPAD_COND_EXP_REL\u2019\n   72 |         CPPAD_COND_EXP_REL(float)\n      |         ^~~~~~~~~~~~~~~~~~\n/home/spi085/R/x86_64-pc-linux-gnu-library/4.4/TMB/include/cppad/local/base_cond_exp.hpp:176:29: note:   no known conversion for argument 2 from \u2018CppAD::AD<double>\u2019 to \u2018const float&\u2019\n  176 |                 const Type& right     ,                     \\\n      |                 ~~~~~~~~~~~~^~~~~\n/home/spi085/R/x86_64-pc-linux-gnu-library/4.4/TMB/include/cppad/local/base_cond_exp.hpp:199:9: note: in expansion of macro \u2018CPPAD_COND_EXP_BASE_REL\u2019\n  199 |         CPPAD_COND_EXP_BASE_REL(Type, Gt, CompareGt)\n      |         ^~~~~~~~~~~~~~~~~~~~~~~\n/home/spi085/R/x86_64-pc-linux-gnu-library/4.4/TMB/include/cppad/local/base_float.hpp:72:9: note: in expansion of macro \u2018CPPAD_COND_EXP_REL\u2019\n   72 |         CPPAD_COND_EXP_REL(float)\n      |         ^~~~~~~~~~~~~~~~~~\n/home/spi085/R/x86_64-pc-linux-gnu-library/4.4/TMB/include/cppad/local/base_cond_exp.hpp:174:21: note: candidate: \u2018double CppAD::CondExpGt(const double&, const double&, const double&, const double&)\u2019\n  174 |         inline Type CondExp##Rel(                        \\\n      |                     ^~~~~~~\n/home/spi085/R/x86_64-pc-linux-gnu-library/4.4/TMB/include/cppad/local/base_cond_exp.hpp:199:9: note: in expansion of macro \u2018CPPAD_COND_EXP_BASE_REL\u2019\n  199 |         CPPAD_COND_EXP_BASE_REL(Type, Gt, CompareGt)\n      |         ^~~~~~~~~~~~~~~~~~~~~~~\n/home/spi085/R/x86_64-pc-linux-gnu-library/4.4/TMB/include/cppad/local/base_double.hpp:72:9: note: in expansion of macro \u2018CPPAD_COND_EXP_REL\u2019\n   72 |         CPPAD_COND_EXP_REL(double)\n      |         ^~~~~~~~~~~~~~~~~~\n/home/spi085/R/x86_64-pc-linux-gnu-library/4.4/TMB/include/cppad/local/base_cond_exp.hpp:176:29: note:   no known conversion for argument 2 from \u2018CppAD::AD<double>\u2019 to \u2018const double&\u2019\n  176 |                 const Type& right     ,                     \\\n      |                 ~~~~~~~~~~~~^~~~~\n/home/spi085/R/x86_64-pc-linux-gnu-library/4.4/TMB/include/cppad/local/base_cond_exp.hpp:199:9: note: in expansion of macro \u2018CPPAD_COND_EXP_BASE_REL\u2019\n  199 |         CPPAD_COND_EXP_BASE_REL(Type, Gt, CompareGt)\n      |         ^~~~~~~~~~~~~~~~~~~~~~~\n/home/spi085/R/x86_64-pc-linux-gnu-library/4.4/TMB/include/cppad/local/base_double.hpp:72:9: note: in expansion of macro \u2018CPPAD_COND_EXP_REL\u2019\n   72 |         CPPAD_COND_EXP_REL(double)\n      |         ^~~~~~~~~~~~~~~~~~\n/home/spi085/R/x86_64-pc-linux-gnu-library/4.4/TMB/include/cppad/local/base_cond_exp.hpp:174:21: note: candidate: \u2018std::complex<double> CppAD::CondExpGt(const std::complex<double>&, const std::complex<double>&, const std::complex<double>&, const std::complex<double>&)\u2019\n  174 |         inline Type CondExp##Rel(                        \\\n      |                     ^~~~~~~\n/home/spi085/R/x86_64-pc-linux-gnu-library/4.4/TMB/include/cppad/local/base_cond_exp.hpp:199:9: note: in expansion of macro \u2018CPPAD_COND_EXP_BASE_REL\u2019\n  199 |         CPPAD_COND_EXP_BASE_REL(Type, Gt, CompareGt)\n      |         ^~~~~~~~~~~~~~~~~~~~~~~\n/home/spi085/R/x86_64-pc-linux-gnu-library/4.4/TMB/include/cppad/local/base_complex.hpp:105:9: note: in expansion of macro \u2018CPPAD_COND_EXP_REL\u2019\n  105 |         CPPAD_COND_EXP_REL( std::complex<double> )\n      |         ^~~~~~~~~~~~~~~~~~\n/home/spi085/R/x86_64-pc-linux-gnu-library/4.4/TMB/include/cppad/local/base_cond_exp.hpp:176:29: note:   no known conversion for argument 2 from \u2018CppAD::AD<double>\u2019 to \u2018const std::complex<double>&\u2019\n  176 |                 const Type& right     ,                     \\\n      |                 ~~~~~~~~~~~~^~~~~\n/home/spi085/R/x86_64-pc-linux-gnu-library/4.4/TMB/include/cppad/local/base_cond_exp.hpp:199:9: note: in expansion of macro \u2018CPPAD_COND_EXP_BASE_REL\u2019\n  199 |         CPPAD_COND_EXP_BASE_REL(Type, Gt, CompareGt)\n      |         ^~~~~~~~~~~~~~~~~~~~~~~\n/home/spi085/R/x86_64-pc-linux-gnu-library/4.4/TMB/include/cppad/local/base_complex.hpp:105:9: note: in expansion of macro \u2018CPPAD_COND_EXP_REL\u2019\n  105 |         CPPAD_COND_EXP_REL( std::complex<double> )\n      |         ^~~~~~~~~~~~~~~~~~\n/home/spi085/R/x86_64-pc-linux-gnu-library/4.4/TMB/include/cppad/local/base_cond_exp.hpp:174:21: note: candidate: \u2018std::complex<float> CppAD::CondExpGt(const std::complex<float>&, const std::complex<float>&, const std::complex<float>&, const std::complex<float>&)\u2019\n  174 |         inline Type CondExp##Rel(                        \\\n      |                     ^~~~~~~\n/home/spi085/R/x86_64-pc-linux-gnu-library/4.4/TMB/include/cppad/local/base_cond_exp.hpp:199:9: note: in expansion of macro \u2018CPPAD_COND_EXP_BASE_REL\u2019\n  199 |         CPPAD_COND_EXP_BASE_REL(Type, Gt, CompareGt)\n      |         ^~~~~~~~~~~~~~~~~~~~~~~\n/home/spi085/R/x86_64-pc-linux-gnu-library/4.4/TMB/include/cppad/local/base_complex.hpp:331:9: note: in expansion of macro \u2018CPPAD_COND_EXP_REL\u2019\n  331 |         CPPAD_COND_EXP_REL( std::complex<float> )\n      |         ^~~~~~~~~~~~~~~~~~\n/home/spi085/R/x86_64-pc-linux-gnu-library/4.4/TMB/include/cppad/local/base_cond_exp.hpp:176:29: note:   no known conversion for argument 2 from \u2018CppAD::AD<double>\u2019 to \u2018const std::complex<float>&\u2019\n  176 |                 const Type& right     ,                     \\\n      |                 ~~~~~~~~~~~~^~~~~\n/home/spi085/R/x86_64-pc-linux-gnu-library/4.4/TMB/include/cppad/local/base_cond_exp.hpp:199:9: note: in expansion of macro \u2018CPPAD_COND_EXP_BASE_REL\u2019\n  199 |         CPPAD_COND_EXP_BASE_REL(Type, Gt, CompareGt)\n      |         ^~~~~~~~~~~~~~~~~~~~~~~\n/home/spi085/R/x86_64-pc-linux-gnu-library/4.4/TMB/include/cppad/local/base_complex.hpp:331:9: note: in expansion of macro \u2018CPPAD_COND_EXP_REL\u2019\n  331 |         CPPAD_COND_EXP_REL( std::complex<float> )\n      |         ^~~~~~~~~~~~~~~~~~\nPOPULATIONS/POPULATION_0013/INDIVIDUAL_4XQAOOM4/model.cpp:66:36: error: no matching function for call to \u2018CondExpGt(bool, CppAD::AD<double>, CppAD::AD<double>, CppAD::AD<double>)\u2019\n   66 |   Type slow_prev = CppAD::CondExpGt(isnan(slow_dat(0)), Type(0),\n      |                    ~~~~~~~~~~~~~~~~^~~~~~~~~~~~~~~~~~~~~~~~~~~~~\n   67 |                         CppAD::CondExpGt(slow_dat(0), Type(0), slow_dat(0), Type(1e-3)), Type(1e-3));\n      |                         ~~~~~~~~~~~~~~~~~~~~~~~~~~~~~~~~~~~~~~~~~~~~~~~~~~~~~~~~~~~~~~~~~~~~~~~~~~~~\n/home/spi085/R/x86_64-pc-linux-gnu-library/4.4/TMB/include/cppad/local/cond_exp.hpp:330:18: note: candidate: \u2018template<class Base> CppAD::AD<Base> CppAD::CondExpGt(const AD<Base>&, const AD<Base>&, const AD<Base>&, const AD<Base>&)\u2019\n  330 |         AD<Base> CondExp##Name(                                         \\\n      |                  ^~~~~~~\n/home/spi085/R/x86_64-pc-linux-gnu-library/4.4/TMB/include/cppad/local/cond_exp.hpp:345:1: note: in expansion of macro \u2018CPPAD_COND_EXP\u2019\n  345 | CPPAD_COND_EXP(Gt)\n      | ^~~~~~~~~~~~~~\n/home/spi085/R/x86_64-pc-linux-gnu-library/4.4/TMB/include/cppad/local/cond_exp.hpp:330:18: note:   template argument deduction/substitution failed:\n  330 |         AD<Base> CondExp##Name(                                         \\\n      |                  ^~~~~~~\n/home/spi085/R/x86_64-pc-linux-gnu-library/4.4/TMB/include/cppad/local/cond_exp.hpp:345:1: note: in expansion of macro \u2018CPPAD_COND_EXP\u2019\n  345 | CPPAD_COND_EXP(Gt)\n      | ^~~~~~~~~~~~~~\nPOPULATIONS/POPULATION_0013/INDIVIDUAL_4XQAOOM4/model.cpp:66:36: note:   mismatched types \u2018const CppAD::AD<Base>\u2019 and \u2018bool\u2019\n   66 |   Type slow_prev = CppAD::CondExpGt(isnan(slow_dat(0)), Type(0),\n      |                    ~~~~~~~~~~~~~~~~^~~~~~~~~~~~~~~~~~~~~~~~~~~~~\n   67 |                         CppAD::CondExpGt(slow_dat(0), Type(0), slow_dat(0), Type(1e-3)), Type(1e-3));\n      |                         ~~~~~~~~~~~~~~~~~~~~~~~~~~~~~~~~~~~~~~~~~~~~~~~~~~~~~~~~~~~~~~~~~~~~~~~~~~~~\n/home/spi085/R/x86_64-pc-linux-gnu-library/4.4/TMB/include/cppad/local/base_cond_exp.hpp:174:21: note: candidate: \u2018float CppAD::CondExpGt(const float&, const float&, const float&, const float&)\u2019\n  174 |         inline Type CondExp##Rel(                        \\\n      |                     ^~~~~~~\n/home/spi085/R/x86_64-pc-linux-gnu-library/4.4/TMB/include/cppad/local/base_cond_exp.hpp:199:9: note: in expansion of macro \u2018CPPAD_COND_EXP_BASE_REL\u2019\n  199 |         CPPAD_COND_EXP_BASE_REL(Type, Gt, CompareGt)\n      |         ^~~~~~~~~~~~~~~~~~~~~~~\n/home/spi085/R/x86_64-pc-linux-gnu-library/4.4/TMB/include/cppad/local/base_float.hpp:72:9: note: in expansion of macro \u2018CPPAD_COND_EXP_REL\u2019\n   72 |         CPPAD_COND_EXP_REL(float)\n      |         ^~~~~~~~~~~~~~~~~~\n/home/spi085/R/x86_64-pc-linux-gnu-library/4.4/TMB/include/cppad/local/base_cond_exp.hpp:176:29: note:   no known conversion for argument 2 from \u2018CppAD::AD<double>\u2019 to \u2018const float&\u2019\n  176 |                 const Type& right     ,                     \\\n      |                 ~~~~~~~~~~~~^~~~~\n/home/spi085/R/x86_64-pc-linux-gnu-library/4.4/TMB/include/cppad/local/base_cond_exp.hpp:199:9: note: in expansion of macro \u2018CPPAD_COND_EXP_BASE_REL\u2019\n  199 |         CPPAD_COND_EXP_BASE_REL(Type, Gt, CompareGt)\n      |         ^~~~~~~~~~~~~~~~~~~~~~~\n/home/spi085/R/x86_64-pc-linux-gnu-library/4.4/TMB/include/cppad/local/base_float.hpp:72:9: note: in expansion of macro \u2018CPPAD_COND_EXP_REL\u2019\n   72 |         CPPAD_COND_EXP_REL(float)\n      |         ^~~~~~~~~~~~~~~~~~\n/home/spi085/R/x86_64-pc-linux-gnu-library/4.4/TMB/include/cppad/local/base_cond_exp.hpp:174:21: note: candidate: \u2018double CppAD::CondExpGt(const double&, const double&, const double&, const double&)\u2019\n  174 |         inline Type CondExp##Rel(                        \\\n      |                     ^~~~~~~\n/home/spi085/R/x86_64-pc-linux-gnu-library/4.4/TMB/include/cppad/local/base_cond_exp.hpp:199:9: note: in expansion of macro \u2018CPPAD_COND_EXP_BASE_REL\u2019\n  199 |         CPPAD_COND_EXP_BASE_REL(Type, Gt, CompareGt)\n      |         ^~~~~~~~~~~~~~~~~~~~~~~\n/home/spi085/R/x86_64-pc-linux-gnu-library/4.4/TMB/include/cppad/local/base_double.hpp:72:9: note: in expansion of macro \u2018CPPAD_COND_EXP_REL\u2019\n   72 |         CPPAD_COND_EXP_REL(double)\n      |         ^~~~~~~~~~~~~~~~~~\n/home/spi085/R/x86_64-pc-linux-gnu-library/4.4/TMB/include/cppad/local/base_cond_exp.hpp:176:29: note:   no known conversion for argument 2 from \u2018CppAD::AD<double>\u2019 to \u2018const double&\u2019\n  176 |                 const Type& right     ,                     \\\n      |                 ~~~~~~~~~~~~^~~~~\n/home/spi085/R/x86_64-pc-linux-gnu-library/4.4/TMB/include/cppad/local/base_cond_exp.hpp:199:9: note: in expansion of macro \u2018CPPAD_COND_EXP_BASE_REL\u2019\n  199 |         CPPAD_COND_EXP_BASE_REL(Type, Gt, CompareGt)\n      |         ^~~~~~~~~~~~~~~~~~~~~~~\n/home/spi085/R/x86_64-pc-linux-gnu-library/4.4/TMB/include/cppad/local/base_double.hpp:72:9: note: in expansion of macro \u2018CPPAD_COND_EXP_REL\u2019\n   72 |         CPPAD_COND_EXP_REL(double)\n      |         ^~~~~~~~~~~~~~~~~~\n/home/spi085/R/x86_64-pc-linux-gnu-library/4.4/TMB/include/cppad/local/base_cond_exp.hpp:174:21: note: candidate: \u2018std::complex<double> CppAD::CondExpGt(const std::complex<double>&, const std::complex<double>&, const std::complex<double>&, const std::complex<double>&)\u2019\n  174 |         inline Type CondExp##Rel(                        \\\n      |                     ^~~~~~~\n/home/spi085/R/x86_64-pc-linux-gnu-library/4.4/TMB/include/cppad/local/base_cond_exp.hpp:199:9: note: in expansion of macro \u2018CPPAD_COND_EXP_BASE_REL\u2019\n  199 |         CPPAD_COND_EXP_BASE_REL(Type, Gt, CompareGt)\n      |         ^~~~~~~~~~~~~~~~~~~~~~~\n/home/spi085/R/x86_64-pc-linux-gnu-library/4.4/TMB/include/cppad/local/base_complex.hpp:105:9: note: in expansion of macro \u2018CPPAD_COND_EXP_REL\u2019\n  105 |         CPPAD_COND_EXP_REL( std::complex<double> )\n      |         ^~~~~~~~~~~~~~~~~~\n/home/spi085/R/x86_64-pc-linux-gnu-library/4.4/TMB/include/cppad/local/base_cond_exp.hpp:176:29: note:   no known conversion for argument 2 from \u2018CppAD::AD<double>\u2019 to \u2018const std::complex<double>&\u2019\n  176 |                 const Type& right     ,                     \\\n      |                 ~~~~~~~~~~~~^~~~~\n/home/spi085/R/x86_64-pc-linux-gnu-library/4.4/TMB/include/cppad/local/base_cond_exp.hpp:199:9: note: in expansion of macro \u2018CPPAD_COND_EXP_BASE_REL\u2019\n  199 |         CPPAD_COND_EXP_BASE_REL(Type, Gt, CompareGt)\n      |         ^~~~~~~~~~~~~~~~~~~~~~~\n/home/spi085/R/x86_64-pc-linux-gnu-library/4.4/TMB/include/cppad/local/base_complex.hpp:105:9: note: in expansion of macro \u2018CPPAD_COND_EXP_REL\u2019\n  105 |         CPPAD_COND_EXP_REL( std::complex<double> )\n      |         ^~~~~~~~~~~~~~~~~~\n/home/spi085/R/x86_64-pc-linux-gnu-library/4.4/TMB/include/cppad/local/base_cond_exp.hpp:174:21: note: candidate: \u2018std::complex<float> CppAD::CondExpGt(const std::complex<float>&, const std::complex<float>&, const std::complex<float>&, const std::complex<float>&)\u2019\n  174 |         inline Type CondExp##Rel(                        \\\n      |                     ^~~~~~~\n/home/spi085/R/x86_64-pc-linux-gnu-library/4.4/TMB/include/cppad/local/base_cond_exp.hpp:199:9: note: in expansion of macro \u2018CPPAD_COND_EXP_BASE_REL\u2019\n  199 |         CPPAD_COND_EXP_BASE_REL(Type, Gt, CompareGt)\n      |         ^~~~~~~~~~~~~~~~~~~~~~~\n/home/spi085/R/x86_64-pc-linux-gnu-library/4.4/TMB/include/cppad/local/base_complex.hpp:331:9: note: in expansion of macro \u2018CPPAD_COND_EXP_REL\u2019\n  331 |         CPPAD_COND_EXP_REL( std::complex<float> )\n      |         ^~~~~~~~~~~~~~~~~~\n/home/spi085/R/x86_64-pc-linux-gnu-library/4.4/TMB/include/cppad/local/base_cond_exp.hpp:176:29: note:   no known conversion for argument 2 from \u2018CppAD::AD<double>\u2019 to \u2018const std::complex<float>&\u2019\n  176 |                 const Type& right     ,                     \\\n      |                 ~~~~~~~~~~~~^~~~~\n/home/spi085/R/x86_64-pc-linux-gnu-library/4.4/TMB/include/cppad/local/base_cond_exp.hpp:199:9: note: in expansion of macro \u2018CPPAD_COND_EXP_BASE_REL\u2019\n  199 |         CPPAD_COND_EXP_BASE_REL(Type, Gt, CompareGt)\n      |         ^~~~~~~~~~~~~~~~~~~~~~~\n/home/spi085/R/x86_64-pc-linux-gnu-library/4.4/TMB/include/cppad/local/base_complex.hpp:331:9: note: in expansion of macro \u2018CPPAD_COND_EXP_REL\u2019\n  331 |         CPPAD_COND_EXP_REL( std::complex<float> )\n      |         ^~~~~~~~~~~~~~~~~~\nPOPULATIONS/POPULATION_0013/INDIVIDUAL_4XQAOOM4/model.cpp: In instantiation of \u2018Type objective_function<Type>::operator()() [with Type = double]\u2019:\n/home/spi085/R/x86_64-pc-linux-gnu-library/4.4/TMB/include/tmb_core.hpp:2035:7:   required from here\nPOPULATIONS/POPULATION_0013/INDIVIDUAL_4XQAOOM4/model.cpp:62:42: error: \u2018isnan\u2019 was not declared in this scope\n   62 |   Type cots_prev = CppAD::CondExpGt(isnan(cots_dat(0)), Type(0),\n      |                                     ~~~~~^~~~~~~~~~~~~\nPOPULATIONS/POPULATION_0013/INDIVIDUAL_4XQAOOM4/model.cpp:62:42: note: suggested alternatives:\nIn file included from /home/spi085/R/x86_64-pc-linux-gnu-library/4.4/RcppEigen/include/Eigen/src/Core/util/Macros.h:679,\n                 from /home/spi085/R/x86_64-pc-linux-gnu-library/4.4/RcppEigen/include/Eigen/Core:19,\n                 from /home/spi085/R/x86_64-pc-linux-gnu-library/4.4/RcppEigen/include/Eigen/Dense:1,\n                 from /home/spi085/R/x86_64-pc-linux-gnu-library/4.4/TMB/include/TMB.hpp:92:\n/usr/include/c++/13/cmath:1192:5: note:   \u2018std::isnan\u2019\n 1192 |     isnan(_Tp)\n      |     ^~~~~\nIn file included from /home/spi085/R/x86_64-pc-linux-gnu-library/4.4/RcppEigen/include/Eigen/Core:380:\n/home/spi085/R/x86_64-pc-linux-gnu-library/4.4/RcppEigen/include/Eigen/src/Core/GlobalFunctions.h:97:36: note:   \u2018Eigen::isnan\u2019\n   97 |   EIGEN_ARRAY_DECLARE_GLOBAL_UNARY(isnan,scalar_isnan_op,not-a-number test,\\sa Eigen::isinf DOXCOMMA Eigen::isfinite DOXCOMMA ArrayBase::isnan)\n      |                                    ^~~~~\n/home/spi085/R/x86_64-pc-linux-gnu-library/4.4/RcppEigen/include/Eigen/src/Core/GlobalFunctions.h:32:4: note: in definition of macro \u2018EIGEN_ARRAY_DECLARE_GLOBAL_UNARY\u2019\n   32 |   (NAME)(const Eigen::ArrayBase<Derived>& x) { \\\n      |    ^~~~\n/home/spi085/R/x86_64-pc-linux-gnu-library/4.4/TMB/include/TMB.hpp:211:8: note:   \u2018CppAD::isnan\u2019\n  211 |   bool isnan(const AD<T> &x)CSKIP({ return isnan(Value(x)); })\n      |        ^~~~~\n/usr/include/c++/13/cmath:1171:3: note:   \u2018std::isnan\u2019\n 1171 |   isnan(float __x)\n      |   ^~~~~\nIn file included from /home/spi085/R/x86_64-pc-linux-gnu-library/4.4/RcppEigen/include/Eigen/Core:171:\n/home/spi085/R/x86_64-pc-linux-gnu-library/4.4/RcppEigen/include/Eigen/src/Core/MathFunctions.h:1370:46: note:   \u2018Eigen::numext::isnan\u2019\n 1370 | template<typename T> EIGEN_DEVICE_FUNC bool (isnan)   (const T &x) { return internal::isnan_impl(x); }\n      |                                              ^~~~~\nIn file included from /home/spi085/R/x86_64-pc-linux-gnu-library/4.4/RcppEigen/include/Eigen/Core:176:\n/home/spi085/R/x86_64-pc-linux-gnu-library/4.4/RcppEigen/include/Eigen/src/Core/arch/Default/Half.h:632:45: note:   \u2018Eigen::half_impl::isnan\u2019\n  632 | EIGEN_STRONG_INLINE EIGEN_DEVICE_FUNC bool (isnan)(const half& a) {\n      |                                             ^~~~~\nIn file included from /home/spi085/R/x86_64-pc-linux-gnu-library/4.4/RcppEigen/include/Eigen/Core:177:\n/home/spi085/R/x86_64-pc-linux-gnu-library/4.4/RcppEigen/include/Eigen/src/Core/arch/Default/BFloat16.h:480:45: note:   \u2018Eigen::bfloat16_impl::isnan\u2019\n  480 | EIGEN_STRONG_INLINE EIGEN_DEVICE_FUNC bool (isnan)(const bfloat16& a) {\n      |                                             ^~~~~\nIn file included from /home/spi085/R/x86_64-pc-linux-gnu-library/4.4/TMB/include/tiny_ad/atomic.hpp:21,\n                 from /home/spi085/R/x86_64-pc-linux-gnu-library/4.4/TMB/include/TMB.hpp:219:\n/home/spi085/R/x86_64-pc-linux-gnu-library/4.4/TMB/include/tiny_ad/beta/pbeta.hpp:31:23: note:   \u2018atomic::toms708::isnan\u2019\n   31 | template<class T> int isnan(T x) { return std::isnan(asDouble(x)); }\n      |                       ^~~~~\nIn file included from /home/spi085/R/x86_64-pc-linux-gnu-library/4.4/TMB/include/tiny_ad/bessel/bessel.hpp:27,\n                 from /home/spi085/R/x86_64-pc-linux-gnu-library/4.4/TMB/include/tiny_ad/atomic.hpp:29:\n/home/spi085/R/x86_64-pc-linux-gnu-library/4.4/TMB/include/tiny_ad/bessel/../gamma/gamma.hpp:31:23: note:   \u2018atomic::gamma_utils::isnan\u2019\n   31 | template<class T> int isnan(T x) { return std::isnan(asDouble(x)); }\n      |                       ^~~~~\n/home/spi085/R/x86_64-pc-linux-gnu-library/4.4/TMB/include/tiny_ad/bessel/bessel.hpp:34:23: note:   \u2018atomic::bessel_utils::isnan\u2019\n   34 | template<class T> int isnan(T x) { return std::isnan(asDouble(x)); }\n      |                       ^~~~~\nPOPULATIONS/POPULATION_0013/INDIVIDUAL_4XQAOOM4/model.cpp:64:42: error: \u2018isnan\u2019 was not declared in this scope, and no declarations were found by argument-dependent lookup at the point of instantiation\n   64 |   Type fast_prev = CppAD::CondExpGt(isnan(fast_dat(0)), Type(0),\n      |                                     ~~~~~^~~~~~~~~~~~~\nPOPULATIONS/POPULATION_0013/INDIVIDUAL_4XQAOOM4/model.cpp:62:42: note: \u2018isnan\u2019 declared here, later in the translation unit\n   62 |   Type cots_prev = CppAD::CondExpGt(isnan(cots_dat(0)), Type(0),\n      |                                     ~~~~~^~~~~~~~~~~~~\nPOPULATIONS/POPULATION_0013/INDIVIDUAL_4XQAOOM4/model.cpp:66:42: error: \u2018isnan\u2019 was not declared in this scope, and no declarations were found by argument-dependent lookup at the point of instantiation\n   66 |   Type slow_prev = CppAD::CondExpGt(isnan(slow_dat(0)), Type(0),\n      |                                     ~~~~~^~~~~~~~~~~~~\nPOPULATIONS/POPULATION_0013/INDIVIDUAL_4XQAOOM4/model.cpp:62:42: note: \u2018isnan\u2019 declared here, later in the translation unit\n   62 |   Type cots_prev = CppAD::CondExpGt(isnan(cots_dat(0)), Type(0),\n      |                                     ~~~~~^~~~~~~~~~~~~\nPOPULATIONS/POPULATION_0013/INDIVIDUAL_4XQAOOM4/model.cpp:134:14: error: \u2018isnan\u2019 was not declared in this scope, and no declarations were found by argument-dependent lookup at the point of instantiation\n  134 |     if(!isnan(cots_dat(t)) && cots_dat(t) > 0 && !isnan(cots_pred(t)) && cots_pred(t) > 0)\n      |         ~~~~~^~~~~~~~~~~~~\nPOPULATIONS/POPULATION_0013/INDIVIDUAL_4XQAOOM4/model.cpp:62:42: note: \u2018isnan\u2019 declared here, later in the translation unit\n   62 |   Type cots_prev = CppAD::CondExpGt(isnan(cots_dat(0)), Type(0),\n      |                                     ~~~~~^~~~~~~~~~~~~\nPOPULATIONS/POPULATION_0013/INDIVIDUAL_4XQAOOM4/model.cpp:134:56: error: \u2018isnan\u2019 was not declared in this scope, and no declarations were found by argument-dependent lookup at the point of instantiation\n  134 |     if(!isnan(cots_dat(t)) && cots_dat(t) > 0 && !isnan(cots_pred(t)) && cots_pred(t) > 0)\n      |                                                   ~~~~~^~~~~~~~~~~~~~\nPOPULATIONS/POPULATION_0013/INDIVIDUAL_4XQAOOM4/model.cpp:62:42: note: \u2018isnan\u2019 declared here, later in the translation unit\n   62 |   Type cots_prev = CppAD::CondExpGt(isnan(cots_dat(0)), Type(0),\n      |                                     ~~~~~^~~~~~~~~~~~~\nPOPULATIONS/POPULATION_0013/INDIVIDUAL_4XQAOOM4/model.cpp:136:14: error: \u2018isnan\u2019 was not declared in this scope, and no declarations were found by argument-dependent lookup at the point of instantiation\n  136 |     if(!isnan(fast_dat(t)) && fast_dat(t) > 0 && !isnan(fast_pred(t)) && fast_pred(t) > 0)\n      |         ~~~~~^~~~~~~~~~~~~\nPOPULATIONS/POPULATION_0013/INDIVIDUAL_4XQAOOM4/model.cpp:62:42: note: \u2018isnan\u2019 declared here, later in the translation unit\n   62 |   Type cots_prev = CppAD::CondExpGt(isnan(cots_dat(0)), Type(0),\n      |                                     ~~~~~^~~~~~~~~~~~~\nPOPULATIONS/POPULATION_0013/INDIVIDUAL_4XQAOOM4/model.cpp:136:56: error: \u2018isnan\u2019 was not declared in this scope, and no declarations were found by argument-dependent lookup at the point of instantiation\n  136 |     if(!isnan(fast_dat(t)) && fast_dat(t) > 0 && !isnan(fast_pred(t)) && fast_pred(t) > 0)\n      |                                                   ~~~~~^~~~~~~~~~~~~~\nPOPULATIONS/POPULATION_0013/INDIVIDUAL_4XQAOOM4/model.cpp:62:42: note: \u2018isnan\u2019 declared here, later in the translation unit\n   62 |   Type cots_prev = CppAD::CondExpGt(isnan(cots_dat(0)), Type(0),\n      |                                     ~~~~~^~~~~~~~~~~~~\nPOPULATIONS/POPULATION_0013/INDIVIDUAL_4XQAOOM4/model.cpp:138:14: error: \u2018isnan\u2019 was not declared in this scope, and no declarations were found by argument-dependent lookup at the point of instantiation\n  138 |     if(!isnan(slow_dat(t)) && slow_dat(t) > 0 && !isnan(slow_pred(t)) && slow_pred(t) > 0)\n      |         ~~~~~^~~~~~~~~~~~~\nPOPULATIONS/POPULATION_0013/INDIVIDUAL_4XQAOOM4/model.cpp:62:42: note: \u2018isnan\u2019 declared here, later in the translation unit\n   62 |   Type cots_prev = CppAD::CondExpGt(isnan(cots_dat(0)), Type(0),\n      |                                     ~~~~~^~~~~~~~~~~~~\nPOPULATIONS/POPULATION_0013/INDIVIDUAL_4XQAOOM4/model.cpp:138:56: error: \u2018isnan\u2019 was not declared in this scope, and no declarations were found by argument-dependent lookup at the point of instantiation\n  138 |     if(!isnan(slow_dat(t)) && slow_dat(t) > 0 && !isnan(slow_pred(t)) && slow_pred(t) > 0)\n      |                                                   ~~~~~^~~~~~~~~~~~~~\nPOPULATIONS/POPULATION_0013/INDIVIDUAL_4XQAOOM4/model.cpp:62:42: note: \u2018isnan\u2019 declared here, later in the translation unit\n   62 |   Type cots_prev = CppAD::CondExpGt(isnan(cots_dat(0)), Type(0),\n      |                                     ~~~~~^~~~~~~~~~~~~\nPOPULATIONS/POPULATION_0013/INDIVIDUAL_4XQAOOM4/model.cpp: In instantiation of \u2018Type objective_function<Type>::operator()() [with Type = CppAD::AD<CppAD::AD<double> >]\u2019:\n/home/spi085/R/x86_64-pc-linux-gnu-library/4.4/TMB/include/tmb_core.hpp:917:29:   required from \u2018Type objective_function<Type>::evalUserTemplate() [with Type = CppAD::AD<CppAD::AD<double> >]\u2019\n/home/spi085/R/x86_64-pc-linux-gnu-library/4.4/TMB/include/tmb_core.hpp:2116:26:   required from here\nPOPULATIONS/POPULATION_0013/INDIVIDUAL_4XQAOOM4/model.cpp:62:36: error: no matching function for call to \u2018CondExpGt(bool, CppAD::AD<CppAD::AD<double> >, CppAD::AD<CppAD::AD<double> >, CppAD::AD<CppAD::AD<double> >)\u2019\n   62 |   Type cots_prev = CppAD::CondExpGt(isnan(cots_dat(0)), Type(0),\n      |                    ~~~~~~~~~~~~~~~~^~~~~~~~~~~~~~~~~~~~~~~~~~~~~\n   63 |                         CppAD::CondExpGt(cots_dat(0), Type(0), cots_dat(0), Type(1e-3)), Type(1e-3)); // avoid NA/NaN and zero\n      |                         ~~~~~~~~~~~~~~~~~~~~~~~~~~~~~~~~~~~~~~~~~~~~~~~~~~~~~~~~~~~~~~~~~~~~~~~~~~~~\n/home/spi085/R/x86_64-pc-linux-gnu-library/4.4/TMB/include/cppad/local/cond_exp.hpp:330:18: note: candidate: \u2018template<class Base> CppAD::AD<Base> CppAD::CondExpGt(const AD<Base>&, const AD<Base>&, const AD<Base>&, const AD<Base>&)\u2019\n  330 |         AD<Base> CondExp##Name(                                         \\\n      |                  ^~~~~~~\n/home/spi085/R/x86_64-pc-linux-gnu-library/4.4/TMB/include/cppad/local/cond_exp.hpp:345:1: note: in expansion of macro \u2018CPPAD_COND_EXP\u2019\n  345 | CPPAD_COND_EXP(Gt)\n      | ^~~~~~~~~~~~~~\n/home/spi085/R/x86_64-pc-linux-gnu-library/4.4/TMB/include/cppad/local/cond_exp.hpp:330:18: note:   template argument deduction/substitution failed:\n  330 |         AD<Base> CondExp##Name(                                         \\\n      |                  ^~~~~~~\n/home/spi085/R/x86_64-pc-linux-gnu-library/4.4/TMB/include/cppad/local/cond_exp.hpp:345:1: note: in expansion of macro \u2018CPPAD_COND_EXP\u2019\n  345 | CPPAD_COND_EXP(Gt)\n      | ^~~~~~~~~~~~~~\nPOPULATIONS/POPULATION_0013/INDIVIDUAL_4XQAOOM4/model.cpp:62:36: note:   mismatched types \u2018const CppAD::AD<Base>\u2019 and \u2018bool\u2019\n   62 |   Type cots_prev = CppAD::CondExpGt(isnan(cots_dat(0)), Type(0),\n      |                    ~~~~~~~~~~~~~~~~^~~~~~~~~~~~~~~~~~~~~~~~~~~~~\n   63 |                         CppAD::CondExpGt(cots_dat(0), Type(0), cots_dat(0), Type(1e-3)), Type(1e-3)); // avoid NA/NaN and zero\n      |                         ~~~~~~~~~~~~~~~~~~~~~~~~~~~~~~~~~~~~~~~~~~~~~~~~~~~~~~~~~~~~~~~~~~~~~~~~~~~~\n/home/spi085/R/x86_64-pc-linux-gnu-library/4.4/TMB/include/cppad/local/base_cond_exp.hpp:174:21: note: candidate: \u2018float CppAD::CondExpGt(const float&, const float&, const float&, const float&)\u2019\n  174 |         inline Type CondExp##Rel(                        \\\n      |                     ^~~~~~~\n/home/spi085/R/x86_64-pc-linux-gnu-library/4.4/TMB/include/cppad/local/base_cond_exp.hpp:199:9: note: in expansion of macro \u2018CPPAD_COND_EXP_BASE_REL\u2019\n  199 |         CPPAD_COND_EXP_BASE_REL(Type, Gt, CompareGt)\n      |         ^~~~~~~~~~~~~~~~~~~~~~~\n/home/spi085/R/x86_64-pc-linux-gnu-library/4.4/TMB/include/cppad/local/base_float.hpp:72:9: note: in expansion of macro \u2018CPPAD_COND_EXP_REL\u2019\n   72 |         CPPAD_COND_EXP_REL(float)\n      |         ^~~~~~~~~~~~~~~~~~\n/home/spi085/R/x86_64-pc-linux-gnu-library/4.4/TMB/include/cppad/local/base_cond_exp.hpp:176:29: note:   no known conversion for argument 2 from \u2018CppAD::AD<CppAD::AD<double> >\u2019 to \u2018const float&\u2019\n  176 |                 const Type& right     ,                     \\\n      |                 ~~~~~~~~~~~~^~~~~\n/home/spi085/R/x86_64-pc-linux-gnu-library/4.4/TMB/include/cppad/local/base_cond_exp.hpp:199:9: note: in expansion of macro \u2018CPPAD_COND_EXP_BASE_REL\u2019\n  199 |         CPPAD_COND_EXP_BASE_REL(Type, Gt, CompareGt)\n      |         ^~~~~~~~~~~~~~~~~~~~~~~\n/home/spi085/R/x86_64-pc-linux-gnu-library/4.4/TMB/include/cppad/local/base_float.hpp:72:9: note: in expansion of macro \u2018CPPAD_COND_EXP_REL\u2019\n   72 |         CPPAD_COND_EXP_REL(float)\n      |         ^~~~~~~~~~~~~~~~~~\n/home/spi085/R/x86_64-pc-linux-gnu-library/4.4/TMB/include/cppad/local/base_cond_exp.hpp:174:21: note: candidate: \u2018double CppAD::CondExpGt(const double&, const double&, const double&, const double&)\u2019\n  174 |         inline Type CondExp##Rel(                        \\\n      |                     ^~~~~~~\n/home/spi085/R/x86_64-pc-linux-gnu-library/4.4/TMB/include/cppad/local/base_cond_exp.hpp:199:9: note: in expansion of macro \u2018CPPAD_COND_EXP_BASE_REL\u2019\n  199 |         CPPAD_COND_EXP_BASE_REL(Type, Gt, CompareGt)\n      |         ^~~~~~~~~~~~~~~~~~~~~~~\n/home/spi085/R/x86_64-pc-linux-gnu-library/4.4/TMB/include/cppad/local/base_double.hpp:72:9: note: in expansion of macro \u2018CPPAD_COND_EXP_REL\u2019\n   72 |         CPPAD_COND_EXP_REL(double)\n      |         ^~~~~~~~~~~~~~~~~~\n/home/spi085/R/x86_64-pc-linux-gnu-library/4.4/TMB/include/cppad/local/base_cond_exp.hpp:176:29: note:   no known conversion for argument 2 from \u2018CppAD::AD<CppAD::AD<double> >\u2019 to \u2018const double&\u2019\n  176 |                 const Type& right     ,                     \\\n      |                 ~~~~~~~~~~~~^~~~~\n/home/spi085/R/x86_64-pc-linux-gnu-library/4.4/TMB/include/cppad/local/base_cond_exp.hpp:199:9: note: in expansion of macro \u2018CPPAD_COND_EXP_BASE_REL\u2019\n  199 |         CPPAD_COND_EXP_BASE_REL(Type, Gt, CompareGt)\n      |         ^~~~~~~~~~~~~~~~~~~~~~~\n/home/spi085/R/x86_64-pc-linux-gnu-library/4.4/TMB/include/cppad/local/base_double.hpp:72:9: note: in expansion of macro \u2018CPPAD_COND_EXP_REL\u2019\n   72 |         CPPAD_COND_EXP_REL(double)\n      |         ^~~~~~~~~~~~~~~~~~\n/home/spi085/R/x86_64-pc-linux-gnu-library/4.4/TMB/include/cppad/local/base_cond_exp.hpp:174:21: note: candidate: \u2018std::complex<double> CppAD::CondExpGt(const std::complex<double>&, const std::complex<double>&, const std::complex<double>&, const std::complex<double>&)\u2019\n  174 |         inline Type CondExp##Rel(                        \\\n      |                     ^~~~~~~\n/home/spi085/R/x86_64-pc-linux-gnu-library/4.4/TMB/include/cppad/local/base_cond_exp.hpp:199:9: note: in expansion of macro \u2018CPPAD_COND_EXP_BASE_REL\u2019\n  199 |         CPPAD_COND_EXP_BASE_REL(Type, Gt, CompareGt)\n      |         ^~~~~~~~~~~~~~~~~~~~~~~\n/home/spi085/R/x86_64-pc-linux-gnu-library/4.4/TMB/include/cppad/local/base_complex.hpp:105:9: note: in expansion of macro \u2018CPPAD_COND_EXP_REL\u2019\n  105 |         CPPAD_COND_EXP_REL( std::complex<double> )\n      |         ^~~~~~~~~~~~~~~~~~\n/home/spi085/R/x86_64-pc-linux-gnu-library/4.4/TMB/include/cppad/local/base_cond_exp.hpp:176:29: note:   no known conversion for argument 2 from \u2018CppAD::AD<CppAD::AD<double> >\u2019 to \u2018const std::complex<double>&\u2019\n  176 |                 const Type& right     ,                     \\\n      |                 ~~~~~~~~~~~~^~~~~\n/home/spi085/R/x86_64-pc-linux-gnu-library/4.4/TMB/include/cppad/local/base_cond_exp.hpp:199:9: note: in expansion of macro \u2018CPPAD_COND_EXP_BASE_REL\u2019\n  199 |         CPPAD_COND_EXP_BASE_REL(Type, Gt, CompareGt)\n      |         ^~~~~~~~~~~~~~~~~~~~~~~\n/home/spi085/R/x86_64-pc-linux-gnu-library/4.4/TMB/include/cppad/local/base_complex.hpp:105:9: note: in expansion of macro \u2018CPPAD_COND_EXP_REL\u2019\n  105 |         CPPAD_COND_EXP_REL( std::complex<double> )\n      |         ^~~~~~~~~~~~~~~~~~\n/home/spi085/R/x86_64-pc-linux-gnu-library/4.4/TMB/include/cppad/local/base_cond_exp.hpp:174:21: note: candidate: \u2018std::complex<float> CppAD::CondExpGt(const std::complex<float>&, const std::complex<float>&, const std::complex<float>&, const std::complex<float>&)\u2019\n  174 |         inline Type CondExp##Rel(                        \\\n      |                     ^~~~~~~\n/home/spi085/R/x86_64-pc-linux-gnu-library/4.4/TMB/include/cppad/local/base_cond_exp.hpp:199:9: note: in expansion of macro \u2018CPPAD_COND_EXP_BASE_REL\u2019\n  199 |         CPPAD_COND_EXP_BASE_REL(Type, Gt, CompareGt)\n      |         ^~~~~~~~~~~~~~~~~~~~~~~\n/home/spi085/R/x86_64-pc-linux-gnu-library/4.4/TMB/include/cppad/local/base_complex.hpp:331:9: note: in expansion of macro \u2018CPPAD_COND_EXP_REL\u2019\n  331 |         CPPAD_COND_EXP_REL( std::complex<float> )\n      |         ^~~~~~~~~~~~~~~~~~\n/home/spi085/R/x86_64-pc-linux-gnu-library/4.4/TMB/include/cppad/local/base_cond_exp.hpp:176:29: note:   no known conversion for argument 2 from \u2018CppAD::AD<CppAD::AD<double> >\u2019 to \u2018const std::complex<float>&\u2019\n  176 |                 const Type& right     ,                     \\\n      |                 ~~~~~~~~~~~~^~~~~\n/home/spi085/R/x86_64-pc-linux-gnu-library/4.4/TMB/include/cppad/local/base_cond_exp.hpp:199:9: note: in expansion of macro \u2018CPPAD_COND_EXP_BASE_REL\u2019\n  199 |         CPPAD_COND_EXP_BASE_REL(Type, Gt, CompareGt)\n      |         ^~~~~~~~~~~~~~~~~~~~~~~\n/home/spi085/R/x86_64-pc-linux-gnu-library/4.4/TMB/include/cppad/local/base_complex.hpp:331:9: note: in expansion of macro \u2018CPPAD_COND_EXP_REL\u2019\n  331 |         CPPAD_COND_EXP_REL( std::complex<float> )\n      |         ^~~~~~~~~~~~~~~~~~\nPOPULATIONS/POPULATION_0013/INDIVIDUAL_4XQAOOM4/model.cpp:64:36: error: no matching function for call to \u2018CondExpGt(bool, CppAD::AD<CppAD::AD<double> >, CppAD::AD<CppAD::AD<double> >, CppAD::AD<CppAD::AD<double> >)\u2019\n   64 |   Type fast_prev = CppAD::CondExpGt(isnan(fast_dat(0)), Type(0),\n      |                    ~~~~~~~~~~~~~~~~^~~~~~~~~~~~~~~~~~~~~~~~~~~~~\n   65 |                         CppAD::CondExpGt(fast_dat(0), Type(0), fast_dat(0), Type(1e-3)), Type(1e-3));\n      |                         ~~~~~~~~~~~~~~~~~~~~~~~~~~~~~~~~~~~~~~~~~~~~~~~~~~~~~~~~~~~~~~~~~~~~~~~~~~~~\n/home/spi085/R/x86_64-pc-linux-gnu-library/4.4/TMB/include/cppad/local/cond_exp.hpp:330:18: note: candidate: \u2018template<class Base> CppAD::AD<Base> CppAD::CondExpGt(const AD<Base>&, const AD<Base>&, const AD<Base>&, const AD<Base>&)\u2019\n  330 |         AD<Base> CondExp##Name(                                         \\\n      |                  ^~~~~~~\n/home/spi085/R/x86_64-pc-linux-gnu-library/4.4/TMB/include/cppad/local/cond_exp.hpp:345:1: note: in expansion of macro \u2018CPPAD_COND_EXP\u2019\n  345 | CPPAD_COND_EXP(Gt)\n      | ^~~~~~~~~~~~~~\n/home/spi085/R/x86_64-pc-linux-gnu-library/4.4/TMB/include/cppad/local/cond_exp.hpp:330:18: note:   template argument deduction/substitution failed:\n  330 |         AD<Base> CondExp##Name(                                         \\\n      |                  ^~~~~~~\n/home/spi085/R/x86_64-pc-linux-gnu-library/4.4/TMB/include/cppad/local/cond_exp.hpp:345:1: note: in expansion of macro \u2018CPPAD_COND_EXP\u2019\n  345 | CPPAD_COND_EXP(Gt)\n      | ^~~~~~~~~~~~~~\nPOPULATIONS/POPULATION_0013/INDIVIDUAL_4XQAOOM4/model.cpp:64:36: note:   mismatched types \u2018const CppAD::AD<Base>\u2019 and \u2018bool\u2019\n   64 |   Type fast_prev = CppAD::CondExpGt(isnan(fast_dat(0)), Type(0),\n      |                    ~~~~~~~~~~~~~~~~^~~~~~~~~~~~~~~~~~~~~~~~~~~~~\n   65 |                         CppAD::CondExpGt(fast_dat(0), Type(0), fast_dat(0), Type(1e-3)), Type(1e-3));\n      |                         ~~~~~~~~~~~~~~~~~~~~~~~~~~~~~~~~~~~~~~~~~~~~~~~~~~~~~~~~~~~~~~~~~~~~~~~~~~~~\n/home/spi085/R/x86_64-pc-linux-gnu-library/4.4/TMB/include/cppad/local/base_cond_exp.hpp:174:21: note: candidate: \u2018float CppAD::CondExpGt(const float&, const float&, const float&, const float&)\u2019\n  174 |         inline Type CondExp##Rel(                        \\\n      |                     ^~~~~~~\n/home/spi085/R/x86_64-pc-linux-gnu-library/4.4/TMB/include/cppad/local/base_cond_exp.hpp:199:9: note: in expansion of macro \u2018CPPAD_COND_EXP_BASE_REL\u2019\n  199 |         CPPAD_COND_EXP_BASE_REL(Type, Gt, CompareGt)\n      |         ^~~~~~~~~~~~~~~~~~~~~~~\n/home/spi085/R/x86_64-pc-linux-gnu-library/4.4/TMB/include/cppad/local/base_float.hpp:72:9: note: in expansion of macro \u2018CPPAD_COND_EXP_REL\u2019\n   72 |         CPPAD_COND_EXP_REL(float)\n      |         ^~~~~~~~~~~~~~~~~~\n/home/spi085/R/x86_64-pc-linux-gnu-library/4.4/TMB/include/cppad/local/base_cond_exp.hpp:176:29: note:   no known conversion for argument 2 from \u2018CppAD::AD<CppAD::AD<double> >\u2019 to \u2018const float&\u2019\n  176 |                 const Type& right     ,                     \\\n      |                 ~~~~~~~~~~~~^~~~~\n/home/spi085/R/x86_64-pc-linux-gnu-library/4.4/TMB/include/cppad/local/base_cond_exp.hpp:199:9: note: in expansion of macro \u2018CPPAD_COND_EXP_BASE_REL\u2019\n  199 |         CPPAD_COND_EXP_BASE_REL(Type, Gt, CompareGt)\n      |         ^~~~~~~~~~~~~~~~~~~~~~~\n/home/spi085/R/x86_64-pc-linux-gnu-library/4.4/TMB/include/cppad/local/base_float.hpp:72:9: note: in expansion of macro \u2018CPPAD_COND_EXP_REL\u2019\n   72 |         CPPAD_COND_EXP_REL(float)\n      |         ^~~~~~~~~~~~~~~~~~\n/home/spi085/R/x86_64-pc-linux-gnu-library/4.4/TMB/include/cppad/local/base_cond_exp.hpp:174:21: note: candidate: \u2018double CppAD::CondExpGt(const double&, const double&, const double&, const double&)\u2019\n  174 |         inline Type CondExp##Rel(                        \\\n      |                     ^~~~~~~\n/home/spi085/R/x86_64-pc-linux-gnu-library/4.4/TMB/include/cppad/local/base_cond_exp.hpp:199:9: note: in expansion of macro \u2018CPPAD_COND_EXP_BASE_REL\u2019\n  199 |         CPPAD_COND_EXP_BASE_REL(Type, Gt, CompareGt)\n      |         ^~~~~~~~~~~~~~~~~~~~~~~\n/home/spi085/R/x86_64-pc-linux-gnu-library/4.4/TMB/include/cppad/local/base_double.hpp:72:9: note: in expansion of macro \u2018CPPAD_COND_EXP_REL\u2019\n   72 |         CPPAD_COND_EXP_REL(double)\n      |         ^~~~~~~~~~~~~~~~~~\n/home/spi085/R/x86_64-pc-linux-gnu-library/4.4/TMB/include/cppad/local/base_cond_exp.hpp:176:29: note:   no known conversion for argument 2 from \u2018CppAD::AD<CppAD::AD<double> >\u2019 to \u2018const double&\u2019\n  176 |                 const Type& right     ,                     \\\n      |                 ~~~~~~~~~~~~^~~~~\n/home/spi085/R/x86_64-pc-linux-gnu-library/4.4/TMB/include/cppad/local/base_cond_exp.hpp:199:9: note: in expansion of macro \u2018CPPAD_COND_EXP_BASE_REL\u2019\n  199 |         CPPAD_COND_EXP_BASE_REL(Type, Gt, CompareGt)\n      |         ^~~~~~~~~~~~~~~~~~~~~~~\n/home/spi085/R/x86_64-pc-linux-gnu-library/4.4/TMB/include/cppad/local/base_double.hpp:72:9: note: in expansion of macro \u2018CPPAD_COND_EXP_REL\u2019\n   72 |         CPPAD_COND_EXP_REL(double)\n      |         ^~~~~~~~~~~~~~~~~~\n/home/spi085/R/x86_64-pc-linux-gnu-library/4.4/TMB/include/cppad/local/base_cond_exp.hpp:174:21: note: candidate: \u2018std::complex<double> CppAD::CondExpGt(const std::complex<double>&, const std::complex<double>&, const std::complex<double>&, const std::complex<double>&)\u2019\n  174 |         inline Type CondExp##Rel(                        \\\n      |                     ^~~~~~~\n/home/spi085/R/x86_64-pc-linux-gnu-library/4.4/TMB/include/cppad/local/base_cond_exp.hpp:199:9: note: in expansion of macro \u2018CPPAD_COND_EXP_BASE_REL\u2019\n  199 |         CPPAD_COND_EXP_BASE_REL(Type, Gt, CompareGt)\n      |         ^~~~~~~~~~~~~~~~~~~~~~~\n/home/spi085/R/x86_64-pc-linux-gnu-library/4.4/TMB/include/cppad/local/base_complex.hpp:105:9: note: in expansion of macro \u2018CPPAD_COND_EXP_REL\u2019\n  105 |         CPPAD_COND_EXP_REL( std::complex<double> )\n      |         ^~~~~~~~~~~~~~~~~~\n/home/spi085/R/x86_64-pc-linux-gnu-library/4.4/TMB/include/cppad/local/base_cond_exp.hpp:176:29: note:   no known conversion for argument 2 from \u2018CppAD::AD<CppAD::AD<double> >\u2019 to \u2018const std::complex<double>&\u2019\n  176 |                 const Type& right     ,                     \\\n      |                 ~~~~~~~~~~~~^~~~~\n/home/spi085/R/x86_64-pc-linux-gnu-library/4.4/TMB/include/cppad/local/base_cond_exp.hpp:199:9: note: in expansion of macro \u2018CPPAD_COND_EXP_BASE_REL\u2019\n  199 |         CPPAD_COND_EXP_BASE_REL(Type, Gt, CompareGt)\n      |         ^~~~~~~~~~~~~~~~~~~~~~~\n/home/spi085/R/x86_64-pc-linux-gnu-library/4.4/TMB/include/cppad/local/base_complex.hpp:105:9: note: in expansion of macro \u2018CPPAD_COND_EXP_REL\u2019\n  105 |         CPPAD_COND_EXP_REL( std::complex<double> )\n      |         ^~~~~~~~~~~~~~~~~~\n/home/spi085/R/x86_64-pc-linux-gnu-library/4.4/TMB/include/cppad/local/base_cond_exp.hpp:174:21: note: candidate: \u2018std::complex<float> CppAD::CondExpGt(const std::complex<float>&, const std::complex<float>&, const std::complex<float>&, const std::complex<float>&)\u2019\n  174 |         inline Type CondExp##Rel(                        \\\n      |                     ^~~~~~~\n/home/spi085/R/x86_64-pc-linux-gnu-library/4.4/TMB/include/cppad/local/base_cond_exp.hpp:199:9: note: in expansion of macro \u2018CPPAD_COND_EXP_BASE_REL\u2019\n  199 |         CPPAD_COND_EXP_BASE_REL(Type, Gt, CompareGt)\n      |         ^~~~~~~~~~~~~~~~~~~~~~~\n/home/spi085/R/x86_64-pc-linux-gnu-library/4.4/TMB/include/cppad/local/base_complex.hpp:331:9: note: in expansion of macro \u2018CPPAD_COND_EXP_REL\u2019\n  331 |         CPPAD_COND_EXP_REL( std::complex<float> )\n      |         ^~~~~~~~~~~~~~~~~~\n/home/spi085/R/x86_64-pc-linux-gnu-library/4.4/TMB/include/cppad/local/base_cond_exp.hpp:176:29: note:   no known conversion for argument 2 from \u2018CppAD::AD<CppAD::AD<double> >\u2019 to \u2018const std::complex<float>&\u2019\n  176 |                 const Type& right     ,                     \\\n      |                 ~~~~~~~~~~~~^~~~~\n/home/spi085/R/x86_64-pc-linux-gnu-library/4.4/TMB/include/cppad/local/base_cond_exp.hpp:199:9: note: in expansion of macro \u2018CPPAD_COND_EXP_BASE_REL\u2019\n  199 |         CPPAD_COND_EXP_BASE_REL(Type, Gt, CompareGt)\n      |         ^~~~~~~~~~~~~~~~~~~~~~~\n/home/spi085/R/x86_64-pc-linux-gnu-library/4.4/TMB/include/cppad/local/base_complex.hpp:331:9: note: in expansion of macro \u2018CPPAD_COND_EXP_REL\u2019\n  331 |         CPPAD_COND_EXP_REL( std::complex<float> )\n      |         ^~~~~~~~~~~~~~~~~~\nPOPULATIONS/POPULATION_0013/INDIVIDUAL_4XQAOOM4/model.cpp:66:36: error: no matching function for call to \u2018CondExpGt(bool, CppAD::AD<CppAD::AD<double> >, CppAD::AD<CppAD::AD<double> >, CppAD::AD<CppAD::AD<double> >)\u2019\n   66 |   Type slow_prev = CppAD::CondExpGt(isnan(slow_dat(0)), Type(0),\n      |                    ~~~~~~~~~~~~~~~~^~~~~~~~~~~~~~~~~~~~~~~~~~~~~\n   67 |                         CppAD::CondExpGt(slow_dat(0), Type(0), slow_dat(0), Type(1e-3)), Type(1e-3));\n      |                         ~~~~~~~~~~~~~~~~~~~~~~~~~~~~~~~~~~~~~~~~~~~~~~~~~~~~~~~~~~~~~~~~~~~~~~~~~~~~\n/home/spi085/R/x86_64-pc-linux-gnu-library/4.4/TMB/include/cppad/local/cond_exp.hpp:330:18: note: candidate: \u2018template<class Base> CppAD::AD<Base> CppAD::CondExpGt(const AD<Base>&, const AD<Base>&, const AD<Base>&, const AD<Base>&)\u2019\n  330 |         AD<Base> CondExp##Name(                                         \\\n      |                  ^~~~~~~\n/home/spi085/R/x86_64-pc-linux-gnu-library/4.4/TMB/include/cppad/local/cond_exp.hpp:345:1: note: in expansion of macro \u2018CPPAD_COND_EXP\u2019\n  345 | CPPAD_COND_EXP(Gt)\n      | ^~~~~~~~~~~~~~\n/home/spi085/R/x86_64-pc-linux-gnu-library/4.4/TMB/include/cppad/local/cond_exp.hpp:330:18: note:   template argument deduction/substitution failed:\n  330 |         AD<Base> CondExp##Name(                                         \\\n      |                  ^~~~~~~\n/home/spi085/R/x86_64-pc-linux-gnu-library/4.4/TMB/include/cppad/local/cond_exp.hpp:345:1: note: in expansion of macro \u2018CPPAD_COND_EXP\u2019\n  345 | CPPAD_COND_EXP(Gt)\n      | ^~~~~~~~~~~~~~\nPOPULATIONS/POPULATION_0013/INDIVIDUAL_4XQAOOM4/model.cpp:66:36: note:   mismatched types \u2018const CppAD::AD<Base>\u2019 and \u2018bool\u2019\n   66 |   Type slow_prev = CppAD::CondExpGt(isnan(slow_dat(0)), Type(0),\n      |                    ~~~~~~~~~~~~~~~~^~~~~~~~~~~~~~~~~~~~~~~~~~~~~\n   67 |                         CppAD::CondExpGt(slow_dat(0), Type(0), slow_dat(0), Type(1e-3)), Type(1e-3));\n      |                         ~~~~~~~~~~~~~~~~~~~~~~~~~~~~~~~~~~~~~~~~~~~~~~~~~~~~~~~~~~~~~~~~~~~~~~~~~~~~\n/home/spi085/R/x86_64-pc-linux-gnu-library/4.4/TMB/include/cppad/local/base_cond_exp.hpp:174:21: note: candidate: \u2018float CppAD::CondExpGt(const float&, const float&, const float&, const float&)\u2019\n  174 |         inline Type CondExp##Rel(                        \\\n      |                     ^~~~~~~\n/home/spi085/R/x86_64-pc-linux-gnu-library/4.4/TMB/include/cppad/local/base_cond_exp.hpp:199:9: note: in expansion of macro \u2018CPPAD_COND_EXP_BASE_REL\u2019\n  199 |         CPPAD_COND_EXP_BASE_REL(Type, Gt, CompareGt)\n      |         ^~~~~~~~~~~~~~~~~~~~~~~\n/home/spi085/R/x86_64-pc-linux-gnu-library/4.4/TMB/include/cppad/local/base_float.hpp:72:9: note: in expansion of macro \u2018CPPAD_COND_EXP_REL\u2019\n   72 |         CPPAD_COND_EXP_REL(float)\n      |         ^~~~~~~~~~~~~~~~~~\n/home/spi085/R/x86_64-pc-linux-gnu-library/4.4/TMB/include/cppad/local/base_cond_exp.hpp:176:29: note:   no known conversion for argument 2 from \u2018CppAD::AD<CppAD::AD<double> >\u2019 to \u2018const float&\u2019\n  176 |                 const Type& right     ,                     \\\n      |                 ~~~~~~~~~~~~^~~~~\n/home/spi085/R/x86_64-pc-linux-gnu-library/4.4/TMB/include/cppad/local/base_cond_exp.hpp:199:9: note: in expansion of macro \u2018CPPAD_COND_EXP_BASE_REL\u2019\n  199 |         CPPAD_COND_EXP_BASE_REL(Type, Gt, CompareGt)\n      |         ^~~~~~~~~~~~~~~~~~~~~~~\n/home/spi085/R/x86_64-pc-linux-gnu-library/4.4/TMB/include/cppad/local/base_float.hpp:72:9: note: in expansion of macro \u2018CPPAD_COND_EXP_REL\u2019\n   72 |         CPPAD_COND_EXP_REL(float)\n      |         ^~~~~~~~~~~~~~~~~~\n/home/spi085/R/x86_64-pc-linux-gnu-library/4.4/TMB/include/cppad/local/base_cond_exp.hpp:174:21: note: candidate: \u2018double CppAD::CondExpGt(const double&, const double&, const double&, const double&)\u2019\n  174 |         inline Type CondExp##Rel(                        \\\n      |                     ^~~~~~~\n/home/spi085/R/x86_64-pc-linux-gnu-library/4.4/TMB/include/cppad/local/base_cond_exp.hpp:199:9: note: in expansion of macro \u2018CPPAD_COND_EXP_BASE_REL\u2019\n  199 |         CPPAD_COND_EXP_BASE_REL(Type, Gt, CompareGt)\n      |         ^~~~~~~~~~~~~~~~~~~~~~~\n/home/spi085/R/x86_64-pc-linux-gnu-library/4.4/TMB/include/cppad/local/base_double.hpp:72:9: note: in expansion of macro \u2018CPPAD_COND_EXP_REL\u2019\n   72 |         CPPAD_COND_EXP_REL(double)\n      |         ^~~~~~~~~~~~~~~~~~\n/home/spi085/R/x86_64-pc-linux-gnu-library/4.4/TMB/include/cppad/local/base_cond_exp.hpp:176:29: note:   no known conversion for argument 2 from \u2018CppAD::AD<CppAD::AD<double> >\u2019 to \u2018const double&\u2019\n  176 |                 const Type& right     ,                     \\\n      |                 ~~~~~~~~~~~~^~~~~\n/home/spi085/R/x86_64-pc-linux-gnu-library/4.4/TMB/include/cppad/local/base_cond_exp.hpp:199:9: note: in expansion of macro \u2018CPPAD_COND_EXP_BASE_REL\u2019\n  199 |         CPPAD_COND_EXP_BASE_REL(Type, Gt, CompareGt)\n      |         ^~~~~~~~~~~~~~~~~~~~~~~\n/home/spi085/R/x86_64-pc-linux-gnu-library/4.4/TMB/include/cppad/local/base_double.hpp:72:9: note: in expansion of macro \u2018CPPAD_COND_EXP_REL\u2019\n   72 |         CPPAD_COND_EXP_REL(double)\n      |         ^~~~~~~~~~~~~~~~~~\n/home/spi085/R/x86_64-pc-linux-gnu-library/4.4/TMB/include/cppad/local/base_cond_exp.hpp:174:21: note: candidate: \u2018std::complex<double> CppAD::CondExpGt(const std::complex<double>&, const std::complex<double>&, const std::complex<double>&, const std::complex<double>&)\u2019\n  174 |         inline Type CondExp##Rel(                        \\\n      |                     ^~~~~~~\n/home/spi085/R/x86_64-pc-linux-gnu-library/4.4/TMB/include/cppad/local/base_cond_exp.hpp:199:9: note: in expansion of macro \u2018CPPAD_COND_EXP_BASE_REL\u2019\n  199 |         CPPAD_COND_EXP_BASE_REL(Type, Gt, CompareGt)\n      |         ^~~~~~~~~~~~~~~~~~~~~~~\n/home/spi085/R/x86_64-pc-linux-gnu-library/4.4/TMB/include/cppad/local/base_complex.hpp:105:9: note: in expansion of macro \u2018CPPAD_COND_EXP_REL\u2019\n  105 |         CPPAD_COND_EXP_REL( std::complex<double> )\n      |         ^~~~~~~~~~~~~~~~~~\n/home/spi085/R/x86_64-pc-linux-gnu-library/4.4/TMB/include/cppad/local/base_cond_exp.hpp:176:29: note:   no known conversion for argument 2 from \u2018CppAD::AD<CppAD::AD<double> >\u2019 to \u2018const std::complex<double>&\u2019\n  176 |                 const Type& right     ,                     \\\n      |                 ~~~~~~~~~~~~^~~~~\n/home/spi085/R/x86_64-pc-linux-gnu-library/4.4/TMB/include/cppad/local/base_cond_exp.hpp:199:9: note: in expansion of macro \u2018CPPAD_COND_EXP_BASE_REL\u2019\n  199 |         CPPAD_COND_EXP_BASE_REL(Type, Gt, CompareGt)\n      |         ^~~~~~~~~~~~~~~~~~~~~~~\n/home/spi085/R/x86_64-pc-linux-gnu-library/4.4/TMB/include/cppad/local/base_complex.hpp:105:9: note: in expansion of macro \u2018CPPAD_COND_EXP_REL\u2019\n  105 |         CPPAD_COND_EXP_REL( std::complex<double> )\n      |         ^~~~~~~~~~~~~~~~~~\n/home/spi085/R/x86_64-pc-linux-gnu-library/4.4/TMB/include/cppad/local/base_cond_exp.hpp:174:21: note: candidate: \u2018std::complex<float> CppAD::CondExpGt(const std::complex<float>&, const std::complex<float>&, const std::complex<float>&, const std::complex<float>&)\u2019\n  174 |         inline Type CondExp##Rel(                        \\\n      |                     ^~~~~~~\n/home/spi085/R/x86_64-pc-linux-gnu-library/4.4/TMB/include/cppad/local/base_cond_exp.hpp:199:9: note: in expansion of macro \u2018CPPAD_COND_EXP_BASE_REL\u2019\n  199 |         CPPAD_COND_EXP_BASE_REL(Type, Gt, CompareGt)\n      |         ^~~~~~~~~~~~~~~~~~~~~~~\n/home/spi085/R/x86_64-pc-linux-gnu-library/4.4/TMB/include/cppad/local/base_complex.hpp:331:9: note: in expansion of macro \u2018CPPAD_COND_EXP_REL\u2019\n  331 |         CPPAD_COND_EXP_REL( std::complex<float> )\n      |         ^~~~~~~~~~~~~~~~~~\n/home/spi085/R/x86_64-pc-linux-gnu-library/4.4/TMB/include/cppad/local/base_cond_exp.hpp:176:29: note:   no known conversion for argument 2 from \u2018CppAD::AD<CppAD::AD<double> >\u2019 to \u2018const std::complex<float>&\u2019\n  176 |                 const Type& right     ,                     \\\n      |                 ~~~~~~~~~~~~^~~~~\n/home/spi085/R/x86_64-pc-linux-gnu-library/4.4/TMB/include/cppad/local/base_cond_exp.hpp:199:9: note: in expansion of macro \u2018CPPAD_COND_EXP_BASE_REL\u2019\n  199 |         CPPAD_COND_EXP_BASE_REL(Type, Gt, CompareGt)\n      |         ^~~~~~~~~~~~~~~~~~~~~~~\n/home/spi085/R/x86_64-pc-linux-gnu-library/4.4/TMB/include/cppad/local/base_complex.hpp:331:9: note: in expansion of macro \u2018CPPAD_COND_EXP_REL\u2019\n  331 |         CPPAD_COND_EXP_REL( std::complex<float> )\n      |         ^~~~~~~~~~~~~~~~~~\nPOPULATIONS/POPULATION_0013/INDIVIDUAL_4XQAOOM4/model.cpp: In instantiation of \u2018Type objective_function<Type>::operator()() [with Type = CppAD::AD<CppAD::AD<CppAD::AD<double> > >]\u2019:\n/home/spi085/R/x86_64-pc-linux-gnu-library/4.4/TMB/include/tmb_core.hpp:917:29:   required from \u2018Type objective_function<Type>::evalUserTemplate() [with Type = CppAD::AD<CppAD::AD<CppAD::AD<double> > >]\u2019\n/home/spi085/R/x86_64-pc-linux-gnu-library/4.4/TMB/include/tmb_core.hpp:2365:28:   required from here\nPOPULATIONS/POPULATION_0013/INDIVIDUAL_4XQAOOM4/model.cpp:62:36: error: no matching function for call to \u2018CondExpGt(bool, CppAD::AD<CppAD::AD<CppAD::AD<double> > >, CppAD::AD<CppAD::AD<CppAD::AD<double> > >, CppAD::AD<CppAD::AD<CppAD::AD<double> > >)\u2019\n   62 |   Type cots_prev = CppAD::CondExpGt(isnan(cots_dat(0)), Type(0),\n      |                    ~~~~~~~~~~~~~~~~^~~~~~~~~~~~~~~~~~~~~~~~~~~~~\n   63 |                         CppAD::CondExpGt(cots_dat(0), Type(0), cots_dat(0), Type(1e-3)), Type(1e-3)); // avoid NA/NaN and zero\n      |                         ~~~~~~~~~~~~~~~~~~~~~~~~~~~~~~~~~~~~~~~~~~~~~~~~~~~~~~~~~~~~~~~~~~~~~~~~~~~~\n/home/spi085/R/x86_64-pc-linux-gnu-library/4.4/TMB/include/cppad/local/cond_exp.hpp:330:18: note: candidate: \u2018template<class Base> CppAD::AD<Base> CppAD::CondExpGt(const AD<Base>&, const AD<Base>&, const AD<Base>&, const AD<Base>&)\u2019\n  330 |         AD<Base> CondExp##Name(                                         \\\n      |                  ^~~~~~~\n/home/spi085/R/x86_64-pc-linux-gnu-library/4.4/TMB/include/cppad/local/cond_exp.hpp:345:1: note: in expansion of macro \u2018CPPAD_COND_EXP\u2019\n  345 | CPPAD_COND_EXP(Gt)\n      | ^~~~~~~~~~~~~~\n/home/spi085/R/x86_64-pc-linux-gnu-library/4.4/TMB/include/cppad/local/cond_exp.hpp:330:18: note:   template argument deduction/substitution failed:\n  330 |         AD<Base> CondExp##Name(                                         \\\n      |                  ^~~~~~~\n/home/spi085/R/x86_64-pc-linux-gnu-library/4.4/TMB/include/cppad/local/cond_exp.hpp:345:1: note: in expansion of macro \u2018CPPAD_COND_EXP\u2019\n  345 | CPPAD_COND_EXP(Gt)\n      | ^~~~~~~~~~~~~~\nPOPULATIONS/POPULATION_0013/INDIVIDUAL_4XQAOOM4/model.cpp:62:36: note:   mismatched types \u2018const CppAD::AD<Base>\u2019 and \u2018bool\u2019\n   62 |   Type cots_prev = CppAD::CondExpGt(isnan(cots_dat(0)), Type(0),\n      |                    ~~~~~~~~~~~~~~~~^~~~~~~~~~~~~~~~~~~~~~~~~~~~~\n   63 |                         CppAD::CondExpGt(cots_dat(0), Type(0), cots_dat(0), Type(1e-3)), Type(1e-3)); // avoid NA/NaN and zero\n      |                         ~~~~~~~~~~~~~~~~~~~~~~~~~~~~~~~~~~~~~~~~~~~~~~~~~~~~~~~~~~~~~~~~~~~~~~~~~~~~\n/home/spi085/R/x86_64-pc-linux-gnu-library/4.4/TMB/include/cppad/local/base_cond_exp.hpp:174:21: note: candidate: \u2018float CppAD::CondExpGt(const float&, const float&, const float&, const float&)\u2019\n  174 |         inline Type CondExp##Rel(                        \\\n      |                     ^~~~~~~\n/home/spi085/R/x86_64-pc-linux-gnu-library/4.4/TMB/include/cppad/local/base_cond_exp.hpp:199:9: note: in expansion of macro \u2018CPPAD_COND_EXP_BASE_REL\u2019\n  199 |         CPPAD_COND_EXP_BASE_REL(Type, Gt, CompareGt)\n      |         ^~~~~~~~~~~~~~~~~~~~~~~\n/home/spi085/R/x86_64-pc-linux-gnu-library/4.4/TMB/include/cppad/local/base_float.hpp:72:9: note: in expansion of macro \u2018CPPAD_COND_EXP_REL\u2019\n   72 |         CPPAD_COND_EXP_REL(float)\n      |         ^~~~~~~~~~~~~~~~~~\n/home/spi085/R/x86_64-pc-linux-gnu-library/4.4/TMB/include/cppad/local/base_cond_exp.hpp:176:29: note:   no known conversion for argument 2 from \u2018CppAD::AD<CppAD::AD<CppAD::AD<double> > >\u2019 to \u2018const float&\u2019\n  176 |                 const Type& right     ,                     \\\n      |                 ~~~~~~~~~~~~^~~~~\n/home/spi085/R/x86_64-pc-linux-gnu-library/4.4/TMB/include/cppad/local/base_cond_exp.hpp:199:9: note: in expansion of macro \u2018CPPAD_COND_EXP_BASE_REL\u2019\n  199 |         CPPAD_COND_EXP_BASE_REL(Type, Gt, CompareGt)\n      |         ^~~~~~~~~~~~~~~~~~~~~~~\n/home/spi085/R/x86_64-pc-linux-gnu-library/4.4/TMB/include/cppad/local/base_float.hpp:72:9: note: in expansion of macro \u2018CPPAD_COND_EXP_REL\u2019\n   72 |         CPPAD_COND_EXP_REL(float)\n      |         ^~~~~~~~~~~~~~~~~~\n/home/spi085/R/x86_64-pc-linux-gnu-library/4.4/TMB/include/cppad/local/base_cond_exp.hpp:174:21: note: candidate: \u2018double CppAD::CondExpGt(const double&, const double&, const double&, const double&)\u2019\n  174 |         inline Type CondExp##Rel(                        \\\n      |                     ^~~~~~~\n/home/spi085/R/x86_64-pc-linux-gnu-library/4.4/TMB/include/cppad/local/base_cond_exp.hpp:199:9: note: in expansion of macro \u2018CPPAD_COND_EXP_BASE_REL\u2019\n  199 |         CPPAD_COND_EXP_BASE_REL(Type, Gt, CompareGt)\n      |         ^~~~~~~~~~~~~~~~~~~~~~~\n/home/spi085/R/x86_64-pc-linux-gnu-library/4.4/TMB/include/cppad/local/base_double.hpp:72:9: note: in expansion of macro \u2018CPPAD_COND_EXP_REL\u2019\n   72 |         CPPAD_COND_EXP_REL(double)\n      |         ^~~~~~~~~~~~~~~~~~\n/home/spi085/R/x86_64-pc-linux-gnu-library/4.4/TMB/include/cppad/local/base_cond_exp.hpp:176:29: note:   no known conversion for argument 2 from \u2018CppAD::AD<CppAD::AD<CppAD::AD<double> > >\u2019 to \u2018const double&\u2019\n  176 |                 const Type& right     ,                     \\\n      |                 ~~~~~~~~~~~~^~~~~\n/home/spi085/R/x86_64-pc-linux-gnu-library/4.4/TMB/include/cppad/local/base_cond_exp.hpp:199:9: note: in expansion of macro \u2018CPPAD_COND_EXP_BASE_REL\u2019\n  199 |         CPPAD_COND_EXP_BASE_REL(Type, Gt, CompareGt)\n      |         ^~~~~~~~~~~~~~~~~~~~~~~\n/home/spi085/R/x86_64-pc-linux-gnu-library/4.4/TMB/include/cppad/local/base_double.hpp:72:9: note: in expansion of macro \u2018CPPAD_COND_EXP_REL\u2019\n   72 |         CPPAD_COND_EXP_REL(double)\n      |         ^~~~~~~~~~~~~~~~~~\n/home/spi085/R/x86_64-pc-linux-gnu-library/4.4/TMB/include/cppad/local/base_cond_exp.hpp:174:21: note: candidate: \u2018std::complex<double> CppAD::CondExpGt(const std::complex<double>&, const std::complex<double>&, const std::complex<double>&, const std::complex<double>&)\u2019\n  174 |         inline Type CondExp##Rel(                        \\\n      |                     ^~~~~~~\n/home/spi085/R/x86_64-pc-linux-gnu-library/4.4/TMB/include/cppad/local/base_cond_exp.hpp:199:9: note: in expansion of macro \u2018CPPAD_COND_EXP_BASE_REL\u2019\n  199 |         CPPAD_COND_EXP_BASE_REL(Type, Gt, CompareGt)\n      |         ^~~~~~~~~~~~~~~~~~~~~~~\n/home/spi085/R/x86_64-pc-linux-gnu-library/4.4/TMB/include/cppad/local/base_complex.hpp:105:9: note: in expansion of macro \u2018CPPAD_COND_EXP_REL\u2019\n  105 |         CPPAD_COND_EXP_REL( std::complex<double> )\n      |         ^~~~~~~~~~~~~~~~~~\n/home/spi085/R/x86_64-pc-linux-gnu-library/4.4/TMB/include/cppad/local/base_cond_exp.hpp:176:29: note:   no known conversion for argument 2 from \u2018CppAD::AD<CppAD::AD<CppAD::AD<double> > >\u2019 to \u2018const std::complex<double>&\u2019\n  176 |                 const Type& right     ,                     \\\n      |                 ~~~~~~~~~~~~^~~~~\n/home/spi085/R/x86_64-pc-linux-gnu-library/4.4/TMB/include/cppad/local/base_cond_exp.hpp:199:9: note: in expansion of macro \u2018CPPAD_COND_EXP_BASE_REL\u2019\n  199 |         CPPAD_COND_EXP_BASE_REL(Type, Gt, CompareGt)\n      |         ^~~~~~~~~~~~~~~~~~~~~~~\n/home/spi085/R/x86_64-pc-linux-gnu-library/4.4/TMB/include/cppad/local/base_complex.hpp:105:9: note: in expansion of macro \u2018CPPAD_COND_EXP_REL\u2019\n  105 |         CPPAD_COND_EXP_REL( std::complex<double> )\n      |         ^~~~~~~~~~~~~~~~~~\n/home/spi085/R/x86_64-pc-linux-gnu-library/4.4/TMB/include/cppad/local/base_cond_exp.hpp:174:21: note: candidate: \u2018std::complex<float> CppAD::CondExpGt(const std::complex<float>&, const std::complex<float>&, const std::complex<float>&, const std::complex<float>&)\u2019\n  174 |         inline Type CondExp##Rel(                        \\\n      |                     ^~~~~~~\n/home/spi085/R/x86_64-pc-linux-gnu-library/4.4/TMB/include/cppad/local/base_cond_exp.hpp:199:9: note: in expansion of macro \u2018CPPAD_COND_EXP_BASE_REL\u2019\n  199 |         CPPAD_COND_EXP_BASE_REL(Type, Gt, CompareGt)\n      |         ^~~~~~~~~~~~~~~~~~~~~~~\n/home/spi085/R/x86_64-pc-linux-gnu-library/4.4/TMB/include/cppad/local/base_complex.hpp:331:9: note: in expansion of macro \u2018CPPAD_COND_EXP_REL\u2019\n  331 |         CPPAD_COND_EXP_REL( std::complex<float> )\n      |         ^~~~~~~~~~~~~~~~~~\n/home/spi085/R/x86_64-pc-linux-gnu-library/4.4/TMB/include/cppad/local/base_cond_exp.hpp:176:29: note:   no known conversion for argument 2 from \u2018CppAD::AD<CppAD::AD<CppAD::AD<double> > >\u2019 to \u2018const std::complex<float>&\u2019\n  176 |                 const Type& right     ,                     \\\n      |                 ~~~~~~~~~~~~^~~~~\n/home/spi085/R/x86_64-pc-linux-gnu-library/4.4/TMB/include/cppad/local/base_cond_exp.hpp:199:9: note: in expansion of macro \u2018CPPAD_COND_EXP_BASE_REL\u2019\n  199 |         CPPAD_COND_EXP_BASE_REL(Type, Gt, CompareGt)\n      |         ^~~~~~~~~~~~~~~~~~~~~~~\n/home/spi085/R/x86_64-pc-linux-gnu-library/4.4/TMB/include/cppad/local/base_complex.hpp:331:9: note: in expansion of macro \u2018CPPAD_COND_EXP_REL\u2019\n  331 |         CPPAD_COND_EXP_REL( std::complex<float> )\n      |         ^~~~~~~~~~~~~~~~~~\nPOPULATIONS/POPULATION_0013/INDIVIDUAL_4XQAOOM4/model.cpp:64:36: error: no matching function for call to \u2018CondExpGt(bool, CppAD::AD<CppAD::AD<CppAD::AD<double> > >, CppAD::AD<CppAD::AD<CppAD::AD<double> > >, CppAD::AD<CppAD::AD<CppAD::AD<double> > >)\u2019\n   64 |   Type fast_prev = CppAD::CondExpGt(isnan(fast_dat(0)), Type(0),\n      |                    ~~~~~~~~~~~~~~~~^~~~~~~~~~~~~~~~~~~~~~~~~~~~~\n   65 |                         CppAD::CondExpGt(fast_dat(0), Type(0), fast_dat(0), Type(1e-3)), Type(1e-3));\n      |                         ~~~~~~~~~~~~~~~~~~~~~~~~~~~~~~~~~~~~~~~~~~~~~~~~~~~~~~~~~~~~~~~~~~~~~~~~~~~~\n/home/spi085/R/x86_64-pc-linux-gnu-library/4.4/TMB/include/cppad/local/cond_exp.hpp:330:18: note: candidate: \u2018template<class Base> CppAD::AD<Base> CppAD::CondExpGt(const AD<Base>&, const AD<Base>&, const AD<Base>&, const AD<Base>&)\u2019\n  330 |         AD<Base> CondExp##Name(                                         \\\n      |                  ^~~~~~~\n/home/spi085/R/x86_64-pc-linux-gnu-library/4.4/TMB/include/cppad/local/cond_exp.hpp:345:1: note: in expansion of macro \u2018CPPAD_COND_EXP\u2019\n  345 | CPPAD_COND_EXP(Gt)\n      | ^~~~~~~~~~~~~~\n/home/spi085/R/x86_64-pc-linux-gnu-library/4.4/TMB/include/cppad/local/cond_exp.hpp:330:18: note:   template argument deduction/substitution failed:\n  330 |         AD<Base> CondExp##Name(                                         \\\n      |                  ^~~~~~~\n/home/spi085/R/x86_64-pc-linux-gnu-library/4.4/TMB/include/cppad/local/cond_exp.hpp:345:1: note: in expansion of macro \u2018CPPAD_COND_EXP\u2019\n  345 | CPPAD_COND_EXP(Gt)\n      | ^~~~~~~~~~~~~~\nPOPULATIONS/POPULATION_0013/INDIVIDUAL_4XQAOOM4/model.cpp:64:36: note:   mismatched types \u2018const CppAD::AD<Base>\u2019 and \u2018bool\u2019\n   64 |   Type fast_prev = CppAD::CondExpGt(isnan(fast_dat(0)), Type(0),\n      |                    ~~~~~~~~~~~~~~~~^~~~~~~~~~~~~~~~~~~~~~~~~~~~~\n   65 |                         CppAD::CondExpGt(fast_dat(0), Type(0), fast_dat(0), Type(1e-3)), Type(1e-3));\n      |                         ~~~~~~~~~~~~~~~~~~~~~~~~~~~~~~~~~~~~~~~~~~~~~~~~~~~~~~~~~~~~~~~~~~~~~~~~~~~~\n/home/spi085/R/x86_64-pc-linux-gnu-library/4.4/TMB/include/cppad/local/base_cond_exp.hpp:174:21: note: candidate: \u2018float CppAD::CondExpGt(const float&, const float&, const float&, const float&)\u2019\n  174 |         inline Type CondExp##Rel(                        \\\n      |                     ^~~~~~~\n/home/spi085/R/x86_64-pc-linux-gnu-library/4.4/TMB/include/cppad/local/base_cond_exp.hpp:199:9: note: in expansion of macro \u2018CPPAD_COND_EXP_BASE_REL\u2019\n  199 |         CPPAD_COND_EXP_BASE_REL(Type, Gt, CompareGt)\n      |         ^~~~~~~~~~~~~~~~~~~~~~~\n/home/spi085/R/x86_64-pc-linux-gnu-library/4.4/TMB/include/cppad/local/base_float.hpp:72:9: note: in expansion of macro \u2018CPPAD_COND_EXP_REL\u2019\n   72 |         CPPAD_COND_EXP_REL(float)\n      |         ^~~~~~~~~~~~~~~~~~\n/home/spi085/R/x86_64-pc-linux-gnu-library/4.4/TMB/include/cppad/local/base_cond_exp.hpp:176:29: note:   no known conversion for argument 2 from \u2018CppAD::AD<CppAD::AD<CppAD::AD<double> > >\u2019 to \u2018const float&\u2019\n  176 |                 const Type& right     ,                     \\\n      |                 ~~~~~~~~~~~~^~~~~\n/home/spi085/R/x86_64-pc-linux-gnu-library/4.4/TMB/include/cppad/local/base_cond_exp.hpp:199:9: note: in expansion of macro \u2018CPPAD_COND_EXP_BASE_REL\u2019\n  199 |         CPPAD_COND_EXP_BASE_REL(Type, Gt, CompareGt)\n      |         ^~~~~~~~~~~~~~~~~~~~~~~\n/home/spi085/R/x86_64-pc-linux-gnu-library/4.4/TMB/include/cppad/local/base_float.hpp:72:9: note: in expansion of macro \u2018CPPAD_COND_EXP_REL\u2019\n   72 |         CPPAD_COND_EXP_REL(float)\n      |         ^~~~~~~~~~~~~~~~~~\n/home/spi085/R/x86_64-pc-linux-gnu-library/4.4/TMB/include/cppad/local/base_cond_exp.hpp:174:21: note: candidate: \u2018double CppAD::CondExpGt(const double&, const double&, const double&, const double&)\u2019\n  174 |         inline Type CondExp##Rel(                        \\\n      |                     ^~~~~~~\n/home/spi085/R/x86_64-pc-linux-gnu-library/4.4/TMB/include/cppad/local/base_cond_exp.hpp:199:9: note: in expansion of macro \u2018CPPAD_COND_EXP_BASE_REL\u2019\n  199 |         CPPAD_COND_EXP_BASE_REL(Type, Gt, CompareGt)\n      |         ^~~~~~~~~~~~~~~~~~~~~~~\n/home/spi085/R/x86_64-pc-linux-gnu-library/4.4/TMB/include/cppad/local/base_double.hpp:72:9: note: in expansion of macro \u2018CPPAD_COND_EXP_REL\u2019\n   72 |         CPPAD_COND_EXP_REL(double)\n      |         ^~~~~~~~~~~~~~~~~~\n/home/spi085/R/x86_64-pc-linux-gnu-library/4.4/TMB/include/cppad/local/base_cond_exp.hpp:176:29: note:   no known conversion for argument 2 from \u2018CppAD::AD<CppAD::AD<CppAD::AD<double> > >\u2019 to \u2018const double&\u2019\n  176 |                 const Type& right     ,                     \\\n      |                 ~~~~~~~~~~~~^~~~~\n/home/spi085/R/x86_64-pc-linux-gnu-library/4.4/TMB/include/cppad/local/base_cond_exp.hpp:199:9: note: in expansion of macro \u2018CPPAD_COND_EXP_BASE_REL\u2019\n  199 |         CPPAD_COND_EXP_BASE_REL(Type, Gt, CompareGt)\n      |         ^~~~~~~~~~~~~~~~~~~~~~~\n/home/spi085/R/x86_64-pc-linux-gnu-library/4.4/TMB/include/cppad/local/base_double.hpp:72:9: note: in expansion of macro \u2018CPPAD_COND_EXP_REL\u2019\n   72 |         CPPAD_COND_EXP_REL(double)\n      |         ^~~~~~~~~~~~~~~~~~\n/home/spi085/R/x86_64-pc-linux-gnu-library/4.4/TMB/include/cppad/local/base_cond_exp.hpp:174:21: note: candidate: \u2018std::complex<double> CppAD::CondExpGt(const std::complex<double>&, const std::complex<double>&, const std::complex<double>&, const std::complex<double>&)\u2019\n  174 |         inline Type CondExp##Rel(                        \\\n      |                     ^~~~~~~\n/home/spi085/R/x86_64-pc-linux-gnu-library/4.4/TMB/include/cppad/local/base_cond_exp.hpp:199:9: note: in expansion of macro \u2018CPPAD_COND_EXP_BASE_REL\u2019\n  199 |         CPPAD_COND_EXP_BASE_REL(Type, Gt, CompareGt)\n      |         ^~~~~~~~~~~~~~~~~~~~~~~\n/home/spi085/R/x86_64-pc-linux-gnu-library/4.4/TMB/include/cppad/local/base_complex.hpp:105:9: note: in expansion of macro \u2018CPPAD_COND_EXP_REL\u2019\n  105 |         CPPAD_COND_EXP_REL( std::complex<double> )\n      |         ^~~~~~~~~~~~~~~~~~\n/home/spi085/R/x86_64-pc-linux-gnu-library/4.4/TMB/include/cppad/local/base_cond_exp.hpp:176:29: note:   no known conversion for argument 2 from \u2018CppAD::AD<CppAD::AD<CppAD::AD<double> > >\u2019 to \u2018const std::complex<double>&\u2019\n  176 |                 const Type& right     ,                     \\\n      |                 ~~~~~~~~~~~~^~~~~\n/home/spi085/R/x86_64-pc-linux-gnu-library/4.4/TMB/include/cppad/local/base_cond_exp.hpp:199:9: note: in expansion of macro \u2018CPPAD_COND_EXP_BASE_REL\u2019\n  199 |         CPPAD_COND_EXP_BASE_REL(Type, Gt, CompareGt)\n      |         ^~~~~~~~~~~~~~~~~~~~~~~\n/home/spi085/R/x86_64-pc-linux-gnu-library/4.4/TMB/include/cppad/local/base_complex.hpp:105:9: note: in expansion of macro \u2018CPPAD_COND_EXP_REL\u2019\n  105 |         CPPAD_COND_EXP_REL( std::complex<double> )\n      |         ^~~~~~~~~~~~~~~~~~\n/home/spi085/R/x86_64-pc-linux-gnu-library/4.4/TMB/include/cppad/local/base_cond_exp.hpp:174:21: note: candidate: \u2018std::complex<float> CppAD::CondExpGt(const std::complex<float>&, const std::complex<float>&, const std::complex<float>&, const std::complex<float>&)\u2019\n  174 |         inline Type CondExp##Rel(                        \\\n      |                     ^~~~~~~\n/home/spi085/R/x86_64-pc-linux-gnu-library/4.4/TMB/include/cppad/local/base_cond_exp.hpp:199:9: note: in expansion of macro \u2018CPPAD_COND_EXP_BASE_REL\u2019\n  199 |         CPPAD_COND_EXP_BASE_REL(Type, Gt, CompareGt)\n      |         ^~~~~~~~~~~~~~~~~~~~~~~\n/home/spi085/R/x86_64-pc-linux-gnu-library/4.4/TMB/include/cppad/local/base_complex.hpp:331:9: note: in expansion of macro \u2018CPPAD_COND_EXP_REL\u2019\n  331 |         CPPAD_COND_EXP_REL( std::complex<float> )\n      |         ^~~~~~~~~~~~~~~~~~\n/home/spi085/R/x86_64-pc-linux-gnu-library/4.4/TMB/include/cppad/local/base_cond_exp.hpp:176:29: note:   no known conversion for argument 2 from \u2018CppAD::AD<CppAD::AD<CppAD::AD<double> > >\u2019 to \u2018const std::complex<float>&\u2019\n  176 |                 const Type& right     ,                     \\\n      |                 ~~~~~~~~~~~~^~~~~\n/home/spi085/R/x86_64-pc-linux-gnu-library/4.4/TMB/include/cppad/local/base_cond_exp.hpp:199:9: note: in expansion of macro \u2018CPPAD_COND_EXP_BASE_REL\u2019\n  199 |         CPPAD_COND_EXP_BASE_REL(Type, Gt, CompareGt)\n      |         ^~~~~~~~~~~~~~~~~~~~~~~\n/home/spi085/R/x86_64-pc-linux-gnu-library/4.4/TMB/include/cppad/local/base_complex.hpp:331:9: note: in expansion of macro \u2018CPPAD_COND_EXP_REL\u2019\n  331 |         CPPAD_COND_EXP_REL( std::complex<float> )\n      |         ^~~~~~~~~~~~~~~~~~\nPOPULATIONS/POPULATION_0013/INDIVIDUAL_4XQAOOM4/model.cpp:66:36: error: no matching function for call to \u2018CondExpGt(bool, CppAD::AD<CppAD::AD<CppAD::AD<double> > >, CppAD::AD<CppAD::AD<CppAD::AD<double> > >, CppAD::AD<CppAD::AD<CppAD::AD<double> > >)\u2019\n   66 |   Type slow_prev = CppAD::CondExpGt(isnan(slow_dat(0)), Type(0),\n      |                    ~~~~~~~~~~~~~~~~^~~~~~~~~~~~~~~~~~~~~~~~~~~~~\n   67 |                         CppAD::CondExpGt(slow_dat(0), Type(0), slow_dat(0), Type(1e-3)), Type(1e-3));\n      |                         ~~~~~~~~~~~~~~~~~~~~~~~~~~~~~~~~~~~~~~~~~~~~~~~~~~~~~~~~~~~~~~~~~~~~~~~~~~~~\n/home/spi085/R/x86_64-pc-linux-gnu-library/4.4/TMB/include/cppad/local/cond_exp.hpp:330:18: note: candidate: \u2018template<class Base> CppAD::AD<Base> CppAD::CondExpGt(const AD<Base>&, const AD<Base>&, const AD<Base>&, const AD<Base>&)\u2019\n  330 |         AD<Base> CondExp##Name(                                         \\\n      |                  ^~~~~~~\n/home/spi085/R/x86_64-pc-linux-gnu-library/4.4/TMB/include/cppad/local/cond_exp.hpp:345:1: note: in expansion of macro \u2018CPPAD_COND_EXP\u2019\n  345 | CPPAD_COND_EXP(Gt)\n      | ^~~~~~~~~~~~~~\n/home/spi085/R/x86_64-pc-linux-gnu-library/4.4/TMB/include/cppad/local/cond_exp.hpp:330:18: note:   template argument deduction/substitution failed:\n  330 |         AD<Base> CondExp##Name(                                         \\\n      |                  ^~~~~~~\n/home/spi085/R/x86_64-pc-linux-gnu-library/4.4/TMB/include/cppad/local/cond_exp.hpp:345:1: note: in expansion of macro \u2018CPPAD_COND_EXP\u2019\n  345 | CPPAD_COND_EXP(Gt)\n      | ^~~~~~~~~~~~~~\nPOPULATIONS/POPULATION_0013/INDIVIDUAL_4XQAOOM4/model.cpp:66:36: note:   mismatched types \u2018const CppAD::AD<Base>\u2019 and \u2018bool\u2019\n   66 |   Type slow_prev = CppAD::CondExpGt(isnan(slow_dat(0)), Type(0),\n      |                    ~~~~~~~~~~~~~~~~^~~~~~~~~~~~~~~~~~~~~~~~~~~~~\n   67 |                         CppAD::CondExpGt(slow_dat(0), Type(0), slow_dat(0), Type(1e-3)), Type(1e-3));\n      |                         ~~~~~~~~~~~~~~~~~~~~~~~~~~~~~~~~~~~~~~~~~~~~~~~~~~~~~~~~~~~~~~~~~~~~~~~~~~~~\n/home/spi085/R/x86_64-pc-linux-gnu-library/4.4/TMB/include/cppad/local/base_cond_exp.hpp:174:21: note: candidate: \u2018float CppAD::CondExpGt(const float&, const float&, const float&, const float&)\u2019\n  174 |         inline Type CondExp##Rel(                        \\\n      |                     ^~~~~~~\n/home/spi085/R/x86_64-pc-linux-gnu-library/4.4/TMB/include/cppad/local/base_cond_exp.hpp:199:9: note: in expansion of macro \u2018CPPAD_COND_EXP_BASE_REL\u2019\n  199 |         CPPAD_COND_EXP_BASE_REL(Type, Gt, CompareGt)\n      |         ^~~~~~~~~~~~~~~~~~~~~~~\n/home/spi085/R/x86_64-pc-linux-gnu-library/4.4/TMB/include/cppad/local/base_float.hpp:72:9: note: in expansion of macro \u2018CPPAD_COND_EXP_REL\u2019\n   72 |         CPPAD_COND_EXP_REL(float)\n      |         ^~~~~~~~~~~~~~~~~~\n/home/spi085/R/x86_64-pc-linux-gnu-library/4.4/TMB/include/cppad/local/base_cond_exp.hpp:176:29: note:   no known conversion for argument 2 from \u2018CppAD::AD<CppAD::AD<CppAD::AD<double> > >\u2019 to \u2018const float&\u2019\n  176 |                 const Type& right     ,                     \\\n      |                 ~~~~~~~~~~~~^~~~~\n/home/spi085/R/x86_64-pc-linux-gnu-library/4.4/TMB/include/cppad/local/base_cond_exp.hpp:199:9: note: in expansion of macro \u2018CPPAD_COND_EXP_BASE_REL\u2019\n  199 |         CPPAD_COND_EXP_BASE_REL(Type, Gt, CompareGt)\n      |         ^~~~~~~~~~~~~~~~~~~~~~~\n/home/spi085/R/x86_64-pc-linux-gnu-library/4.4/TMB/include/cppad/local/base_float.hpp:72:9: note: in expansion of macro \u2018CPPAD_COND_EXP_REL\u2019\n   72 |         CPPAD_COND_EXP_REL(float)\n      |         ^~~~~~~~~~~~~~~~~~\n/home/spi085/R/x86_64-pc-linux-gnu-library/4.4/TMB/include/cppad/local/base_cond_exp.hpp:174:21: note: candidate: \u2018double CppAD::CondExpGt(const double&, const double&, const double&, const double&)\u2019\n  174 |         inline Type CondExp##Rel(                        \\\n      |                     ^~~~~~~\n/home/spi085/R/x86_64-pc-linux-gnu-library/4.4/TMB/include/cppad/local/base_cond_exp.hpp:199:9: note: in expansion of macro \u2018CPPAD_COND_EXP_BASE_REL\u2019\n  199 |         CPPAD_COND_EXP_BASE_REL(Type, Gt, CompareGt)\n      |         ^~~~~~~~~~~~~~~~~~~~~~~\n/home/spi085/R/x86_64-pc-linux-gnu-library/4.4/TMB/include/cppad/local/base_double.hpp:72:9: note: in expansion of macro \u2018CPPAD_COND_EXP_REL\u2019\n   72 |         CPPAD_COND_EXP_REL(double)\n      |         ^~~~~~~~~~~~~~~~~~\n/home/spi085/R/x86_64-pc-linux-gnu-library/4.4/TMB/include/cppad/local/base_cond_exp.hpp:176:29: note:   no known conversion for argument 2 from \u2018CppAD::AD<CppAD::AD<CppAD::AD<double> > >\u2019 to \u2018const double&\u2019\n  176 |                 const Type& right     ,                     \\\n      |                 ~~~~~~~~~~~~^~~~~\n/home/spi085/R/x86_64-pc-linux-gnu-library/4.4/TMB/include/cppad/local/base_cond_exp.hpp:199:9: note: in expansion of macro \u2018CPPAD_COND_EXP_BASE_REL\u2019\n  199 |         CPPAD_COND_EXP_BASE_REL(Type, Gt, CompareGt)\n      |         ^~~~~~~~~~~~~~~~~~~~~~~\n/home/spi085/R/x86_64-pc-linux-gnu-library/4.4/TMB/include/cppad/local/base_double.hpp:72:9: note: in expansion of macro \u2018CPPAD_COND_EXP_REL\u2019\n   72 |         CPPAD_COND_EXP_REL(double)\n      |         ^~~~~~~~~~~~~~~~~~\n/home/spi085/R/x86_64-pc-linux-gnu-library/4.4/TMB/include/cppad/local/base_cond_exp.hpp:174:21: note: candidate: \u2018std::complex<double> CppAD::CondExpGt(const std::complex<double>&, const std::complex<double>&, const std::complex<double>&, const std::complex<double>&)\u2019\n  174 |         inline Type CondExp##Rel(                        \\\n      |                     ^~~~~~~\n/home/spi085/R/x86_64-pc-linux-gnu-library/4.4/TMB/include/cppad/local/base_cond_exp.hpp:199:9: note: in expansion of macro \u2018CPPAD_COND_EXP_BASE_REL\u2019\n  199 |         CPPAD_COND_EXP_BASE_REL(Type, Gt, CompareGt)\n      |         ^~~~~~~~~~~~~~~~~~~~~~~\n/home/spi085/R/x86_64-pc-linux-gnu-library/4.4/TMB/include/cppad/local/base_complex.hpp:105:9: note: in expansion of macro \u2018CPPAD_COND_EXP_REL\u2019\n  105 |         CPPAD_COND_EXP_REL( std::complex<double> )\n      |         ^~~~~~~~~~~~~~~~~~\n/home/spi085/R/x86_64-pc-linux-gnu-library/4.4/TMB/include/cppad/local/base_cond_exp.hpp:176:29: note:   no known conversion for argument 2 from \u2018CppAD::AD<CppAD::AD<CppAD::AD<double> > >\u2019 to \u2018const std::complex<double>&\u2019\n  176 |                 const Type& right     ,                     \\\n      |                 ~~~~~~~~~~~~^~~~~\n/home/spi085/R/x86_64-pc-linux-gnu-library/4.4/TMB/include/cppad/local/base_cond_exp.hpp:199:9: note: in expansion of macro \u2018CPPAD_COND_EXP_BASE_REL\u2019\n  199 |         CPPAD_COND_EXP_BASE_REL(Type, Gt, CompareGt)\n      |         ^~~~~~~~~~~~~~~~~~~~~~~\n/home/spi085/R/x86_64-pc-linux-gnu-library/4.4/TMB/include/cppad/local/base_complex.hpp:105:9: note: in expansion of macro \u2018CPPAD_COND_EXP_REL\u2019\n  105 |         CPPAD_COND_EXP_REL( std::complex<double> )\n      |         ^~~~~~~~~~~~~~~~~~\n/home/spi085/R/x86_64-pc-linux-gnu-library/4.4/TMB/include/cppad/local/base_cond_exp.hpp:174:21: note: candidate: \u2018std::complex<float> CppAD::CondExpGt(const std::complex<float>&, const std::complex<float>&, const std::complex<float>&, const std::complex<float>&)\u2019\n  174 |         inline Type CondExp##Rel(                        \\\n      |                     ^~~~~~~\n/home/spi085/R/x86_64-pc-linux-gnu-library/4.4/TMB/include/cppad/local/base_cond_exp.hpp:199:9: note: in expansion of macro \u2018CPPAD_COND_EXP_BASE_REL\u2019\n  199 |         CPPAD_COND_EXP_BASE_REL(Type, Gt, CompareGt)\n      |         ^~~~~~~~~~~~~~~~~~~~~~~\n/home/spi085/R/x86_64-pc-linux-gnu-library/4.4/TMB/include/cppad/local/base_complex.hpp:331:9: note: in expansion of macro \u2018CPPAD_COND_EXP_REL\u2019\n  331 |         CPPAD_COND_EXP_REL( std::complex<float> )\n      |         ^~~~~~~~~~~~~~~~~~\n/home/spi085/R/x86_64-pc-linux-gnu-library/4.4/TMB/include/cppad/local/base_cond_exp.hpp:176:29: note:   no known conversion for argument 2 from \u2018CppAD::AD<CppAD::AD<CppAD::AD<double> > >\u2019 to \u2018const std::complex<float>&\u2019\n  176 |                 const Type& right     ,                     \\\n      |                 ~~~~~~~~~~~~^~~~~\n/home/spi085/R/x86_64-pc-linux-gnu-library/4.4/TMB/include/cppad/local/base_cond_exp.hpp:199:9: note: in expansion of macro \u2018CPPAD_COND_EXP_BASE_REL\u2019\n  199 |         CPPAD_COND_EXP_BASE_REL(Type, Gt, CompareGt)\n      |         ^~~~~~~~~~~~~~~~~~~~~~~\n/home/spi085/R/x86_64-pc-linux-gnu-library/4.4/TMB/include/cppad/local/base_complex.hpp:331:9: note: in expansion of macro \u2018CPPAD_COND_EXP_REL\u2019\n  331 |         CPPAD_COND_EXP_REL( std::complex<float> )\n      |         ^~~~~~~~~~~~~~~~~~\nmake: *** [/usr/lib/R/etc/Makeconf:204: POPULATIONS/POPULATION_0013/INDIVIDUAL_4XQAOOM4/model.o] Error 1\nError in TMB::compile(file.path(individual_dir, model_file), flags = flags,  : \n  Compilation failed\nError: Compilation failed\nExecution halted"
    },
    "6": {
      "status": "ERROR",
      "message": "R script failed with return code 1",
      "stdout": "g++ -std=gnu++17 -I\"/usr/share/R/include\" -DNDEBUG -I\"/home/spi085/R/x86_64-pc-linux-gnu-library/4.4/TMB/include\" -I\"/home/spi085/R/x86_64-pc-linux-gnu-library/4.4/RcppEigen/include\"   -DTMB_EIGEN_DISABLE_WARNINGS   -DTMB_LIB_INIT=R_init_model  -DCPPAD_FRAMEWORK      -fpic  -O2  -c POPULATIONS/POPULATION_0013/INDIVIDUAL_4XQAOOM4/model.cpp -o POPULATIONS/POPULATION_0013/INDIVIDUAL_4XQAOOM4/model.o\ng++ -std=gnu++17 -shared -L/usr/lib/R/lib -Wl,-Bsymbolic-functions -flto=auto -ffat-lto-objects -Wl,-z,relro -o POPULATIONS/POPULATION_0013/INDIVIDUAL_4XQAOOM4/model.so POPULATIONS/POPULATION_0013/INDIVIDUAL_4XQAOOM4/model.o -L/usr/lib/R/lib -lR\nStarting model phases\nNumber of phases: 4 \nPhase 1 \nInitial parameter values for phase 1 :\nlog_r_cots \n        NA \nError in model phases: NA/NaN gradient evaluation",
      "stderr": "Loading required package: TMB\nLoading required package: jsonlite\nhere() starts at /home/spi085/Documents/_Projects/SCCP-QuantModelling\nusing C++ compiler: \u2018g++ (Ubuntu 13.3.0-6ubuntu2~24.04) 13.3.0\u2019\nError in value[[3L]](cond) : \n  Error in model phases: NA/NaN gradient evaluation\nCalls: tryCatch -> tryCatchList -> tryCatchOne -> <Anonymous>\nIn addition: Warning message:\nIn nlminb(model$par, model$fn, model$gr) : NA/NaN function evaluation\nExecution halted"
    },
    "7": {
      "status": "BROKEN"
    }
  }
}