{
  "iterations": {
    "1": {
      "status": "ERROR",
      "message": "R script failed with return code 1",
      "stdout": "g++ -std=gnu++17 -I\"/usr/share/R/include\" -DNDEBUG -I\"/home/spi085/R/x86_64-pc-linux-gnu-library/4.4/TMB/include\" -I\"/home/spi085/R/x86_64-pc-linux-gnu-library/4.4/RcppEigen/include\"   -DTMB_EIGEN_DISABLE_WARNINGS   -DTMB_LIB_INIT=R_init_model  -DCPPAD_FRAMEWORK      -fpic  -O2  -c POPULATIONS/POPULATION_0016/INDIVIDUAL_16LWEOIQ/model.cpp -o POPULATIONS/POPULATION_0016/INDIVIDUAL_16LWEOIQ/model.o\ng++ -std=gnu++17 -shared -L/usr/lib/R/lib -Wl,-Bsymbolic-functions -flto=auto -ffat-lto-objects -Wl,-z,relro -o POPULATIONS/POPULATION_0016/INDIVIDUAL_16LWEOIQ/model.so POPULATIONS/POPULATION_0016/INDIVIDUAL_16LWEOIQ/model.o -L/usr/lib/R/lib -lR\nStarting model phases\nNumber of phases: 3 \nPhase 1 \nInitial parameter values for phase 1 :\n    log_r_cots log_sigma_cots log_sigma_fast log_sigma_slow \n            NA             NA             NA             NA \nError in model phases: NA/NaN gradient evaluation",
      "stderr": "Loading required package: TMB\nLoading required package: jsonlite\nhere() starts at /home/spi085/Documents/_Projects/SCCP-QuantModelling\nusing C++ compiler: \u2018g++ (Ubuntu 13.3.0-6ubuntu2~24.04) 13.3.0\u2019\nError in value[[3L]](cond) : \n  Error in model phases: NA/NaN gradient evaluation\nCalls: tryCatch -> tryCatchList -> tryCatchOne -> <Anonymous>\nIn addition: Warning message:\nIn nlminb(model$par, model$fn, model$gr) : NA/NaN function evaluation\nExecution halted"
    },
    "2": {
      "status": "ERROR",
      "message": "R script failed with return code 1",
      "stdout": "g++ -std=gnu++17 -I\"/usr/share/R/include\" -DNDEBUG -I\"/home/spi085/R/x86_64-pc-linux-gnu-library/4.4/TMB/include\" -I\"/home/spi085/R/x86_64-pc-linux-gnu-library/4.4/RcppEigen/include\"   -DTMB_EIGEN_DISABLE_WARNINGS   -DTMB_LIB_INIT=R_init_model  -DCPPAD_FRAMEWORK      -fpic  -O2  -c POPULATIONS/POPULATION_0016/INDIVIDUAL_16LWEOIQ/model.cpp -o POPULATIONS/POPULATION_0016/INDIVIDUAL_16LWEOIQ/model.o\ng++ -std=gnu++17 -shared -L/usr/lib/R/lib -Wl,-Bsymbolic-functions -flto=auto -ffat-lto-objects -Wl,-z,relro -o POPULATIONS/POPULATION_0016/INDIVIDUAL_16LWEOIQ/model.so POPULATIONS/POPULATION_0016/INDIVIDUAL_16LWEOIQ/model.o -L/usr/lib/R/lib -lR\nStarting model phases\nNumber of phases: 3 \nPhase 1 \nInitial parameter values for phase 1 :\n    log_r_cots log_sigma_cots log_sigma_fast log_sigma_slow \n            NA             NA             NA             NA \nError in model phases: NA/NaN gradient evaluation",
      "stderr": "Loading required package: TMB\nLoading required package: jsonlite\nhere() starts at /home/spi085/Documents/_Projects/SCCP-QuantModelling\nusing C++ compiler: \u2018g++ (Ubuntu 13.3.0-6ubuntu2~24.04) 13.3.0\u2019\nError in value[[3L]](cond) : \n  Error in model phases: NA/NaN gradient evaluation\nCalls: tryCatch -> tryCatchList -> tryCatchOne -> <Anonymous>\nIn addition: Warning message:\nIn nlminb(model$par, model$fn, model$gr) : NA/NaN function evaluation\nExecution halted"
    },
    "3": {
      "status": "ERROR",
      "message": "Model failed to compile.",
      "stdout": "g++ -std=gnu++17 -I\"/usr/share/R/include\" -DNDEBUG -I\"/home/spi085/R/x86_64-pc-linux-gnu-library/4.4/TMB/include\" -I\"/home/spi085/R/x86_64-pc-linux-gnu-library/4.4/RcppEigen/include\"   -DTMB_EIGEN_DISABLE_WARNINGS   -DTMB_LIB_INIT=R_init_model  -DCPPAD_FRAMEWORK      -fpic  -O2  -c POPULATIONS/POPULATION_0016/INDIVIDUAL_16LWEOIQ/model.cpp -o POPULATIONS/POPULATION_0016/INDIVIDUAL_16LWEOIQ/model.o",
      "stderr": "Loading required package: TMB\nLoading required package: jsonlite\nhere() starts at /home/spi085/Documents/_Projects/SCCP-QuantModelling\nusing C++ compiler: \u2018g++ (Ubuntu 13.3.0-6ubuntu2~24.04) 13.3.0\u2019\nPOPULATIONS/POPULATION_0016/INDIVIDUAL_16LWEOIQ/model.cpp: In member function \u2018Type objective_function<Type>::operator()()\u2019:\nPOPULATIONS/POPULATION_0016/INDIVIDUAL_16LWEOIQ/model.cpp:68:59: error: \u2018IsNaN\u2019 is not a member of \u2018CppAD\u2019\n   68 |   cots_pred(0) = (R_IsNA(asDouble(cots_dat(0))) || CppAD::IsNaN(cots_dat(0)) || cots_dat(0) <= eps) ? Type(1.0) : cots_dat(0);\n      |                                                           ^~~~~\nPOPULATIONS/POPULATION_0016/INDIVIDUAL_16LWEOIQ/model.cpp:69:59: error: \u2018IsNaN\u2019 is not a member of \u2018CppAD\u2019\n   69 |   fast_pred(0) = (R_IsNA(asDouble(fast_dat(0))) || CppAD::IsNaN(fast_dat(0)) || fast_dat(0) <= eps) ? Type(1.0) : fast_dat(0);\n      |                                                           ^~~~~\nPOPULATIONS/POPULATION_0016/INDIVIDUAL_16LWEOIQ/model.cpp:70:59: error: \u2018IsNaN\u2019 is not a member of \u2018CppAD\u2019\n   70 |   slow_pred(0) = (R_IsNA(asDouble(slow_dat(0))) || CppAD::IsNaN(slow_dat(0)) || slow_dat(0) <= eps) ? Type(1.0) : slow_dat(0);\n      |                                                           ^~~~~\nmake: *** [/usr/lib/R/etc/Makeconf:204: POPULATIONS/POPULATION_0016/INDIVIDUAL_16LWEOIQ/model.o] Error 1\nError in TMB::compile(file.path(individual_dir, model_file), flags = flags,  : \n  Compilation failed\nError: Compilation failed\nExecution halted"
    },
    "4": {
      "status": "ERROR",
      "message": "R script failed with return code 1",
      "stdout": "g++ -std=gnu++17 -I\"/usr/share/R/include\" -DNDEBUG -I\"/home/spi085/R/x86_64-pc-linux-gnu-library/4.4/TMB/include\" -I\"/home/spi085/R/x86_64-pc-linux-gnu-library/4.4/RcppEigen/include\"   -DTMB_EIGEN_DISABLE_WARNINGS   -DTMB_LIB_INIT=R_init_model  -DCPPAD_FRAMEWORK      -fpic  -O2  -c POPULATIONS/POPULATION_0016/INDIVIDUAL_16LWEOIQ/model.cpp -o POPULATIONS/POPULATION_0016/INDIVIDUAL_16LWEOIQ/model.o\ng++ -std=gnu++17 -shared -L/usr/lib/R/lib -Wl,-Bsymbolic-functions -flto=auto -ffat-lto-objects -Wl,-z,relro -o POPULATIONS/POPULATION_0016/INDIVIDUAL_16LWEOIQ/model.so POPULATIONS/POPULATION_0016/INDIVIDUAL_16LWEOIQ/model.o -L/usr/lib/R/lib -lR\nStarting model phases\nNumber of phases: 3 \nPhase 1 \nInitial parameter values for phase 1 :\n    log_r_cots log_sigma_cots log_sigma_fast log_sigma_slow \n            NA             NA             NA             NA \nError in model phases: NA/NaN gradient evaluation",
      "stderr": "Loading required package: TMB\nLoading required package: jsonlite\nhere() starts at /home/spi085/Documents/_Projects/SCCP-QuantModelling\nusing C++ compiler: \u2018g++ (Ubuntu 13.3.0-6ubuntu2~24.04) 13.3.0\u2019\nError in value[[3L]](cond) : \n  Error in model phases: NA/NaN gradient evaluation\nCalls: tryCatch -> tryCatchList -> tryCatchOne -> <Anonymous>\nIn addition: Warning message:\nIn nlminb(model$par, model$fn, model$gr) : NA/NaN function evaluation\nExecution halted"
    },
    "5": {
      "status": "ERROR",
      "message": "R script failed with return code 1",
      "stdout": "g++ -std=gnu++17 -I\"/usr/share/R/include\" -DNDEBUG -I\"/home/spi085/R/x86_64-pc-linux-gnu-library/4.4/TMB/include\" -I\"/home/spi085/R/x86_64-pc-linux-gnu-library/4.4/RcppEigen/include\"   -DTMB_EIGEN_DISABLE_WARNINGS   -DTMB_LIB_INIT=R_init_model  -DCPPAD_FRAMEWORK      -fpic  -O2  -c POPULATIONS/POPULATION_0016/INDIVIDUAL_16LWEOIQ/model.cpp -o POPULATIONS/POPULATION_0016/INDIVIDUAL_16LWEOIQ/model.o\ng++ -std=gnu++17 -shared -L/usr/lib/R/lib -Wl,-Bsymbolic-functions -flto=auto -ffat-lto-objects -Wl,-z,relro -o POPULATIONS/POPULATION_0016/INDIVIDUAL_16LWEOIQ/model.so POPULATIONS/POPULATION_0016/INDIVIDUAL_16LWEOIQ/model.o -L/usr/lib/R/lib -lR\nStarting model phases\nNumber of phases: 3 \nPhase 1 \nInitial parameter values for phase 1 :\n    log_r_cots log_sigma_cots log_sigma_fast log_sigma_slow \n            NA             NA             NA             NA \nError in model phases: NA/NaN gradient evaluation",
      "stderr": "Loading required package: TMB\nLoading required package: jsonlite\nhere() starts at /home/spi085/Documents/_Projects/SCCP-QuantModelling\nusing C++ compiler: \u2018g++ (Ubuntu 13.3.0-6ubuntu2~24.04) 13.3.0\u2019\nError in value[[3L]](cond) : \n  Error in model phases: NA/NaN gradient evaluation\nCalls: tryCatch -> tryCatchList -> tryCatchOne -> <Anonymous>\nIn addition: Warning message:\nIn nlminb(model$par, model$fn, model$gr) : NA/NaN function evaluation\nExecution halted"
    },
    "6": {
      "status": "ERROR",
      "message": "R script failed with return code 1",
      "stdout": "g++ -std=gnu++17 -I\"/usr/share/R/include\" -DNDEBUG -I\"/home/spi085/R/x86_64-pc-linux-gnu-library/4.4/TMB/include\" -I\"/home/spi085/R/x86_64-pc-linux-gnu-library/4.4/RcppEigen/include\"   -DTMB_EIGEN_DISABLE_WARNINGS   -DTMB_LIB_INIT=R_init_model  -DCPPAD_FRAMEWORK      -fpic  -O2  -c POPULATIONS/POPULATION_0016/INDIVIDUAL_16LWEOIQ/model.cpp -o POPULATIONS/POPULATION_0016/INDIVIDUAL_16LWEOIQ/model.o\ng++ -std=gnu++17 -shared -L/usr/lib/R/lib -Wl,-Bsymbolic-functions -flto=auto -ffat-lto-objects -Wl,-z,relro -o POPULATIONS/POPULATION_0016/INDIVIDUAL_16LWEOIQ/model.so POPULATIONS/POPULATION_0016/INDIVIDUAL_16LWEOIQ/model.o -L/usr/lib/R/lib -lR\nStarting model phases\nNumber of phases: 3 \nPhase 1 \nInitial parameter values for phase 1 :\n    log_r_cots log_sigma_cots log_sigma_fast log_sigma_slow \n            NA             NA             NA             NA \nError in model phases: NA/NaN gradient evaluation",
      "stderr": "Loading required package: TMB\nLoading required package: jsonlite\nhere() starts at /home/spi085/Documents/_Projects/SCCP-QuantModelling\nusing C++ compiler: \u2018g++ (Ubuntu 13.3.0-6ubuntu2~24.04) 13.3.0\u2019\nError in value[[3L]](cond) : \n  Error in model phases: NA/NaN gradient evaluation\nCalls: tryCatch -> tryCatchList -> tryCatchOne -> <Anonymous>\nIn addition: Warning message:\nIn nlminb(model$par, model$fn, model$gr) : NA/NaN function evaluation\nExecution halted"
    },
    "7": {
      "status": "BROKEN"
    }
  }
}