{
  "iterations": {
    "1": {
      "status": "ERROR",
      "message": "Model failed to compile.",
      "stdout": "g++ -std=gnu++17  -I\"C:/Users/spi085/AppData/Local/Programs/R/R-4.4.1/include\" -DNDEBUG -I\"C:/Users/spi085/AppData/Local/Programs/R/R-44~1.1/library/TMB/include\" -I\"C:/Users/spi085/AppData/Local/Programs/R/R-44~1.1/library/RCPPEI~1/include\"   -DTMB_EIGEN_DISABLE_WARNINGS   -DTMB_LIB_INIT=R_init_model  -DCPPAD_FRAMEWORK    -I\"C:/rtools44/x86_64-w64-mingw32.static.posix/include\"     -O2 -Wa,-mbig-obj -c POPULATIONS//POPULATION_0027//INDIVIDUAL_9R8KK4VW/model.cpp -o POPULATIONS//POPULATION_0027//INDIVIDUAL_9R8KK4VW/model.o",
      "stderr": "Loading required package: TMB\nLoading required package: jsonlite\nhere() starts at C:/Users/spi085/OneDrive - CSIRO/Documents/_Projects/SCCP-QuantModelling\nusing C++ compiler: 'G__~1.EXE (GCC) 13.2.0'\nPOPULATIONS//POPULATION_0027//INDIVIDUAL_9R8KK4VW/model.cpp: In member function 'Type objective_function<Type>::operator()()':\nPOPULATIONS//POPULATION_0027//INDIVIDUAL_9R8KK4VW/model.cpp:140:23: error: 'P_opt' was not declared in this scope; did you mean 'I_opt'?\n  140 |       Type P_ratio = (P_opt * P_opt) / (P_opt * P_opt + (P - P_opt) * (P - P_opt) + eps);\n      |                       ^~~~~\n      |                       I_opt\nmake: *** [C:/Users/spi085/AppData/Local/Programs/R/R-4.4.1/etc/x64/Makeconf:296: POPULATIONS//POPULATION_0027//INDIVIDUAL_9R8KK4VW/model.o] Error 1\nError in TMB::compile(file.path(individual_dir, model_file), flags = flags,  : \n  Compilation failed\nError: Compilation failed\nExecution halted"
    },
    "2": {
      "status": "ERROR",
      "message": "R script failed with return code 1",
      "stdout": "g++ -std=gnu++17  -I\"C:/Users/spi085/AppData/Local/Programs/R/R-4.4.1/include\" -DNDEBUG -I\"C:/Users/spi085/AppData/Local/Programs/R/R-44~1.1/library/TMB/include\" -I\"C:/Users/spi085/AppData/Local/Programs/R/R-44~1.1/library/RCPPEI~1/include\"   -DTMB_EIGEN_DISABLE_WARNINGS   -DTMB_LIB_INIT=R_init_model  -DCPPAD_FRAMEWORK    -I\"C:/rtools44/x86_64-w64-mingw32.static.posix/include\"     -O2 -Wa,-mbig-obj -c POPULATIONS//POPULATION_0027//INDIVIDUAL_9R8KK4VW/model.cpp -o POPULATIONS//POPULATION_0027//INDIVIDUAL_9R8KK4VW/model.o\ng++ -std=gnu++17 -shared -s -static-libgcc -o POPULATIONS//POPULATION_0027//INDIVIDUAL_9R8KK4VW/model.dll tmp.def POPULATIONS//POPULATION_0027//INDIVIDUAL_9R8KK4VW/model.o -LC:/rtools44/x86_64-w64-mingw32.static.posix/lib/x64 -LC:/rtools44/x86_64-w64-mingw32.static.posix/lib -LC:/Users/spi085/AppData/Local/Programs/R/R-4.4.1/bin/x64 -lR\nStarting model phases\nNumber of phases: 4 \nPhase 1 \nError in model phases: Error when reading the variable: 'P_opt'. Please check data and parameters.",
      "stderr": "Loading required package: TMB\nLoading required package: jsonlite\nhere() starts at C:/Users/spi085/OneDrive - CSIRO/Documents/_Projects/SCCP-QuantModelling\nusing C++ compiler: 'G__~1.EXE (GCC) 13.2.0'\nError in value[[3L]](cond) : \n  Error in model phases: Error when reading the variable: 'P_opt'. Please check data and parameters.\nCalls: tryCatch -> tryCatchList -> tryCatchOne -> <Anonymous>\nIn addition: Warning messages:\n1: In getParameterOrder(data, parameters, new.env(), DLL = DLL) :\n  Expected scalar. Got length=0\n2: In getParameterOrder(data, parameters, new.env(), DLL = DLL) :\n  Expected object. Got NULL.\nExecution halted"
    },
    "3": {
      "status": "ERROR",
      "message": "R script failed with return code 1",
      "stdout": "g++ -std=gnu++17  -I\"C:/Users/spi085/AppData/Local/Programs/R/R-4.4.1/include\" -DNDEBUG -I\"C:/Users/spi085/AppData/Local/Programs/R/R-44~1.1/library/TMB/include\" -I\"C:/Users/spi085/AppData/Local/Programs/R/R-44~1.1/library/RCPPEI~1/include\"   -DTMB_EIGEN_DISABLE_WARNINGS   -DTMB_LIB_INIT=R_init_model  -DCPPAD_FRAMEWORK    -I\"C:/rtools44/x86_64-w64-mingw32.static.posix/include\"     -O2 -Wa,-mbig-obj -c POPULATIONS//POPULATION_0027//INDIVIDUAL_9R8KK4VW/model.cpp -o POPULATIONS//POPULATION_0027//INDIVIDUAL_9R8KK4VW/model.o\ng++ -std=gnu++17 -shared -s -static-libgcc -o POPULATIONS//POPULATION_0027//INDIVIDUAL_9R8KK4VW/model.dll tmp.def POPULATIONS//POPULATION_0027//INDIVIDUAL_9R8KK4VW/model.o -LC:/rtools44/x86_64-w64-mingw32.static.posix/lib/x64 -LC:/rtools44/x86_64-w64-mingw32.static.posix/lib -LC:/Users/spi085/AppData/Local/Programs/R/R-4.4.1/bin/x64 -lR\nStarting model phases\nNumber of phases: 4 \nPhase 1 \nInitial parameter values for phase 1 :\nr_max g_max \n  1.0   0.4 \nFinal parameter values for phase 1 :\n    r_max     g_max \n1.1330088 0.9233774 \nConvergence message: relative convergence (4) \nNumber of iterations: 11 \nObjective function value: 38789.28 \nGradient at solution for phase 1 :\n            [,1]         [,2]\n[1,] 0.003370241 -0.004525285\nPhase 2 \nInitial parameter values for phase 2 :\n       K_N        K_P alpha_base  alpha_max    K_alpha      m_P_N        s_P \n      0.10       0.20       0.20       0.30       0.10       0.15       0.15 \n   s_P_max      m_Z_N        r_D      I_opt       beta        k_w        E_p \n      0.30       0.10       0.10     150.00       0.10       0.20       0.45 \n   theta_P    eta_max      k_eta     N_crit   eta_base     n_hill      P_opt \n      0.50       1.50       5.00       0.15       0.50       2.00       0.25 \nFinal parameter values for phase 2 :\n         K_N          K_P   alpha_base    alpha_max      K_alpha        m_P_N \n  0.01040117   0.22106434   0.18650370   0.29131400   0.10821497   0.13584527 \n         s_P      s_P_max        m_Z_N          r_D        I_opt         beta \n  0.10149196   0.28584527   0.05703555   0.09199741 150.00000000   0.10000000 \n         k_w          E_p      theta_P      eta_max        k_eta       N_crit \n  0.19998517   0.45000000   0.50000000   1.50019895   5.00000000   0.15000000 \n    eta_base       n_hill        P_opt \n  0.50156665   1.99984481   0.25089033 \nConvergence message: false convergence (8) \nNumber of iterations: 23 \nObjective function value: 11681.31 \nGradient at solution for phase 2 :\n     [,1] [,2] [,3] [,4] [,5] [,6] [,7] [,8] [,9] [,10] [,11] [,12] [,13] [,14]\n[1,]  NaN  NaN  NaN  NaN  NaN  NaN  NaN  NaN  NaN   NaN   NaN     0   NaN     0\n     [,15] [,16] [,17] [,18] [,19] [,20] [,21]\n[1,]     0   NaN     0     0   NaN   NaN   NaN\nWARNING: NaN or Inf values detected in gradient at phase 2 \nPhase 3 \nInitial parameter values for phase 3 :\n m_P  m_Z \n0.10 0.05 \nError in model phases: NA/NaN gradient evaluation",
      "stderr": "Loading required package: TMB\nLoading required package: jsonlite\nhere() starts at C:/Users/spi085/OneDrive - CSIRO/Documents/_Projects/SCCP-QuantModelling\nusing C++ compiler: 'G__~1.EXE (GCC) 13.2.0'\nError in value[[3L]](cond) : \n  Error in model phases: NA/NaN gradient evaluation\nCalls: tryCatch -> tryCatchList -> tryCatchOne -> <Anonymous>\nIn addition: There were 30 warnings (use warnings() to see them)\nExecution halted"
    },
    "4": {
      "status": "ERROR",
      "message": "R script failed with return code 1",
      "stdout": "g++ -std=gnu++17  -I\"C:/Users/spi085/AppData/Local/Programs/R/R-4.4.1/include\" -DNDEBUG -I\"C:/Users/spi085/AppData/Local/Programs/R/R-44~1.1/library/TMB/include\" -I\"C:/Users/spi085/AppData/Local/Programs/R/R-44~1.1/library/RCPPEI~1/include\"   -DTMB_EIGEN_DISABLE_WARNINGS   -DTMB_LIB_INIT=R_init_model  -DCPPAD_FRAMEWORK    -I\"C:/rtools44/x86_64-w64-mingw32.static.posix/include\"     -O2 -Wa,-mbig-obj -c POPULATIONS//POPULATION_0027//INDIVIDUAL_9R8KK4VW/model.cpp -o POPULATIONS//POPULATION_0027//INDIVIDUAL_9R8KK4VW/model.o\ng++ -std=gnu++17 -shared -s -static-libgcc -o POPULATIONS//POPULATION_0027//INDIVIDUAL_9R8KK4VW/model.dll tmp.def POPULATIONS//POPULATION_0027//INDIVIDUAL_9R8KK4VW/model.o -LC:/rtools44/x86_64-w64-mingw32.static.posix/lib/x64 -LC:/rtools44/x86_64-w64-mingw32.static.posix/lib -LC:/Users/spi085/AppData/Local/Programs/R/R-4.4.1/bin/x64 -lR\nStarting model phases\nNumber of phases: 4 \nPhase 1 \nInitial parameter values for phase 1 :\nr_max g_max \n  1.0   0.4 \nFinal parameter values for phase 1 :\n    r_max     g_max \n1.1403566 0.8920312 \nConvergence message: both X-convergence and relative convergence (5) \nNumber of iterations: 22 \nObjective function value: 39102.92 \nGradient at solution for phase 1 :\n             [,1]         [,2]\n[1,] 7.934327e-05 1.014762e-06\nPhase 2 \nInitial parameter values for phase 2 :\n       K_N        K_P alpha_base  alpha_max    K_alpha      m_P_N        s_P \n      0.10       0.20       0.20       0.30       0.10       0.15       0.15 \n   s_P_max      m_Z_N        r_D      I_opt       beta        k_w        E_p \n      0.30       0.10       0.10     150.00       0.10       0.20       0.45 \n   theta_P    eta_max      k_eta     N_crit   eta_base     n_hill      P_opt \n      0.50       1.50       5.00       0.15       0.50       2.00       0.25 \nFinal parameter values for phase 2 :\n         K_N          K_P   alpha_base    alpha_max      K_alpha        m_P_N \n  0.01283642   0.21798608   0.18688402   0.29139917   0.10827922   0.13538672 \n         s_P      s_P_max        m_Z_N          r_D        I_opt         beta \n  0.10022469   0.28538672   0.05495820   0.08945514 150.00000000   0.10000000 \n         k_w          E_p      theta_P      eta_max        k_eta       N_crit \n  0.19998659   0.45000000   0.50000000   1.49996686   5.00000000   0.15000000 \n    eta_base       n_hill        P_opt \n  0.49906758   2.00011069   0.24996686 \nConvergence message: false convergence (8) \nNumber of iterations: 29 \nObjective function value: 11692.68 \nGradient at solution for phase 2 :\n     [,1] [,2] [,3] [,4] [,5] [,6] [,7] [,8] [,9] [,10] [,11] [,12] [,13] [,14]\n[1,]  NaN  NaN  NaN  NaN  NaN  NaN  NaN  NaN  NaN   NaN   NaN     0   NaN     0\n     [,15] [,16] [,17] [,18] [,19] [,20] [,21]\n[1,]     0   NaN     0     0   NaN   NaN   NaN\nWARNING: NaN or Inf values detected in gradient at phase 2 \nPhase 3 \nInitial parameter values for phase 3 :\n m_P  m_Z \n0.10 0.05 \nError in model phases: NA/NaN gradient evaluation",
      "stderr": "Loading required package: TMB\nLoading required package: jsonlite\nhere() starts at C:/Users/spi085/OneDrive - CSIRO/Documents/_Projects/SCCP-QuantModelling\nusing C++ compiler: 'G__~1.EXE (GCC) 13.2.0'\nError in value[[3L]](cond) : \n  Error in model phases: NA/NaN gradient evaluation\nCalls: tryCatch -> tryCatchList -> tryCatchOne -> <Anonymous>\nIn addition: There were 35 warnings (use warnings() to see them)\nExecution halted"
    },
    "5": {
      "status": "ERROR",
      "message": "Model failed to compile.",
      "stdout": "g++ -std=gnu++17  -I\"C:/Users/spi085/AppData/Local/Programs/R/R-4.4.1/include\" -DNDEBUG -I\"C:/Users/spi085/AppData/Local/Programs/R/R-44~1.1/library/TMB/include\" -I\"C:/Users/spi085/AppData/Local/Programs/R/R-44~1.1/library/RCPPEI~1/include\"   -DTMB_EIGEN_DISABLE_WARNINGS   -DTMB_LIB_INIT=R_init_model  -DCPPAD_FRAMEWORK    -I\"C:/rtools44/x86_64-w64-mingw32.static.posix/include\"     -O2 -Wa,-mbig-obj -c POPULATIONS//POPULATION_0027//INDIVIDUAL_9R8KK4VW/model.cpp -o POPULATIONS//POPULATION_0027//INDIVIDUAL_9R8KK4VW/model.o",
      "stderr": "Loading required package: TMB\nLoading required package: jsonlite\nhere() starts at C:/Users/spi085/OneDrive - CSIRO/Documents/_Projects/SCCP-QuantModelling\nusing C++ compiler: 'G__~1.EXE (GCC) 13.2.0'\nPOPULATIONS//POPULATION_0027//INDIVIDUAL_9R8KK4VW/model.cpp: In member function 'Type objective_function<Type>::operator()()':\nPOPULATIONS//POPULATION_0027//INDIVIDUAL_9R8KK4VW/model.cpp:147:26: error: 'max' is not a member of 'CppAD'\n  147 |       alpha_eff = CppAD::max(Type(0.01), CppAD::min(Type(0.99), alpha_eff));\n      |                          ^~~\nPOPULATIONS//POPULATION_0027//INDIVIDUAL_9R8KK4VW/model.cpp:147:26: note: suggested alternatives:\nIn file included from C:/Users/spi085/AppData/Local/Programs/R/R-4.4.1/library/TMB/include/TMB.hpp:215,\n                 from POPULATIONS//POPULATION_0027//INDIVIDUAL_9R8KK4VW/model.cpp:1:\nC:/Users/spi085/AppData/Local/Programs/R/R-4.4.1/library/TMB/include/convenience.hpp:145:6: note:   'max'\n  145 | Type max(const vector<Type> &x)\n      |      ^~~\nIn file included from C:/rtools44/x86_64-w64-mingw32.static.posix/lib/gcc/x86_64-w64-mingw32.static.posix/13.2.0/include/c++/functional:67,\n                 from C:/Users/spi085/AppData/Local/Programs/R/R-44~1.1/library/RCPPEI~1/include/Eigen/Core:85,\n                 from C:/Users/spi085/AppData/Local/Programs/R/R-44~1.1/library/RCPPEI~1/include/Eigen/Dense:1,\n                 from C:/Users/spi085/AppData/Local/Programs/R/R-4.4.1/library/TMB/include/TMB.hpp:92:\nC:/rtools44/x86_64-w64-mingw32.static.posix/lib/gcc/x86_64-w64-mingw32.static.posix/13.2.0/include/c++/bits/stl_algo.h:5805:5: note:   'std::max'\n 5805 |     max(initializer_list<_Tp> __l, _Compare __comp)\n      |     ^~~\nIn file included from C:/Users/spi085/AppData/Local/Programs/R/R-44~1.1/library/RCPPEI~1/include/Eigen/Core:176:\nC:/Users/spi085/AppData/Local/Programs/R/R-44~1.1/library/RCPPEI~1/include/Eigen/src/Core/arch/Default/Half.h:749:45: note:   'Eigen::half_impl::max'\n  749 | EIGEN_STRONG_INLINE EIGEN_DEVICE_FUNC half (max)(const half& a, const half& b) {\n      |                                             ^~~\nIn file included from C:/Users/spi085/AppData/Local/Programs/R/R-44~1.1/library/RCPPEI~1/include/Eigen/Core:177:\nC:/Users/spi085/AppData/Local/Programs/R/R-44~1.1/library/RCPPEI~1/include/Eigen/src/Core/arch/Default/BFloat16.h:576:49: note:   'Eigen::bfloat16_impl::max'\n  576 | EIGEN_STRONG_INLINE EIGEN_DEVICE_FUNC bfloat16 (max)(const bfloat16& a, const bfloat16& b) {\n      |                                                 ^~~\nPOPULATIONS//POPULATION_0027//INDIVIDUAL_9R8KK4VW/model.cpp:147:49: error: 'min' is not a member of 'CppAD'; did you mean 'sin'?\n  147 |       alpha_eff = CppAD::max(Type(0.01), CppAD::min(Type(0.99), alpha_eff));\n      |                                                 ^~~\n      |                                                 sin\nmake: *** [C:/Users/spi085/AppData/Local/Programs/R/R-4.4.1/etc/x64/Makeconf:296: POPULATIONS//POPULATION_0027//INDIVIDUAL_9R8KK4VW/model.o] Error 1\nError in TMB::compile(file.path(individual_dir, model_file), flags = flags,  : \n  Compilation failed\nError: Compilation failed\nExecution halted"
    },
    "6": {
      "status": "ERROR",
      "message": "R script failed with return code 1",
      "stdout": "g++ -std=gnu++17  -I\"C:/Users/spi085/AppData/Local/Programs/R/R-4.4.1/include\" -DNDEBUG -I\"C:/Users/spi085/AppData/Local/Programs/R/R-44~1.1/library/TMB/include\" -I\"C:/Users/spi085/AppData/Local/Programs/R/R-44~1.1/library/RCPPEI~1/include\"   -DTMB_EIGEN_DISABLE_WARNINGS   -DTMB_LIB_INIT=R_init_model  -DCPPAD_FRAMEWORK    -I\"C:/rtools44/x86_64-w64-mingw32.static.posix/include\"     -O2 -Wa,-mbig-obj -c POPULATIONS//POPULATION_0027//INDIVIDUAL_9R8KK4VW/model.cpp -o POPULATIONS//POPULATION_0027//INDIVIDUAL_9R8KK4VW/model.o\ng++ -std=gnu++17 -shared -s -static-libgcc -o POPULATIONS//POPULATION_0027//INDIVIDUAL_9R8KK4VW/model.dll tmp.def POPULATIONS//POPULATION_0027//INDIVIDUAL_9R8KK4VW/model.o -LC:/rtools44/x86_64-w64-mingw32.static.posix/lib/x64 -LC:/rtools44/x86_64-w64-mingw32.static.posix/lib -LC:/Users/spi085/AppData/Local/Programs/R/R-4.4.1/bin/x64 -lR\nStarting model phases\nNumber of phases: 4 \nPhase 1 \nInitial parameter values for phase 1 :\nr_max g_max \n  1.0   0.4 \nFinal parameter values for phase 1 :\n    r_max     g_max \n1.1460197 0.8883725 \nConvergence message: relative convergence (4) \nNumber of iterations: 19 \nObjective function value: 39360.64 \nGradient at solution for phase 1 :\n            [,1]        [,2]\n[1,] 0.001057168 0.007833304\nPhase 2 \nInitial parameter values for phase 2 :\n       K_N        K_P alpha_base  alpha_max    K_alpha      m_P_N        s_P \n      0.10       0.20       0.20       0.30       0.10       0.15       0.15 \n   s_P_max      m_Z_N        r_D      I_opt       beta        k_w        E_p \n      0.30       0.10       0.10     150.00       0.10       0.20       0.45 \n   theta_P    eta_max      k_eta     N_crit   eta_base     n_hill      P_opt \n      0.50       1.50       5.00       0.15       0.50       2.00       0.25 \nFinal parameter values for phase 2 :\n         K_N          K_P   alpha_base    alpha_max      K_alpha        m_P_N \n  0.01347993   0.21585040   0.18667422   0.29116146   0.10866388   0.13478865 \n         s_P      s_P_max        m_Z_N          r_D        I_opt         beta \n  0.09910019   0.28478865   0.05562972   0.08766756 150.00000000   0.10000000 \n         k_w          E_p      theta_P      eta_max        k_eta       N_crit \n  0.19998907   0.45000000   0.50000000   1.49983363   5.00000000   0.15000000 \n    eta_base       n_hill        P_opt \n  0.49642994   2.00021076   0.24959022 \nConvergence message: false convergence (8) \nNumber of iterations: 35 \nObjective function value: 11830.13 \nGradient at solution for phase 2 :\n     [,1] [,2] [,3] [,4] [,5] [,6] [,7] [,8] [,9] [,10] [,11] [,12] [,13] [,14]\n[1,]  NaN  NaN  NaN  NaN  NaN  NaN  NaN  NaN  NaN   NaN   NaN     0   NaN     0\n     [,15] [,16] [,17] [,18] [,19] [,20] [,21]\n[1,]     0   NaN     0     0   NaN   NaN   NaN\nWARNING: NaN or Inf values detected in gradient at phase 2 \nPhase 3 \nInitial parameter values for phase 3 :\n m_P  m_Z \n0.10 0.05 \nError in model phases: NA/NaN gradient evaluation",
      "stderr": "Loading required package: TMB\nLoading required package: jsonlite\nhere() starts at C:/Users/spi085/OneDrive - CSIRO/Documents/_Projects/SCCP-QuantModelling\nusing C++ compiler: 'G__~1.EXE (GCC) 13.2.0'\nError in value[[3L]](cond) : \n  Error in model phases: NA/NaN gradient evaluation\nCalls: tryCatch -> tryCatchList -> tryCatchOne -> <Anonymous>\nIn addition: There were 38 warnings (use warnings() to see them)\nExecution halted"
    },
    "7": {
      "status": "BROKEN"
    }
  }
}