{
  "iterations": {
    "1": {
      "status": "ERROR",
      "message": "R script failed with return code 1",
      "stdout": "g++ -std=gnu++17 -I\"/usr/share/R/include\" -DNDEBUG -I\"/home/spi085/R/x86_64-pc-linux-gnu-library/4.4/TMB/include\" -I\"/home/spi085/R/x86_64-pc-linux-gnu-library/4.4/RcppEigen/include\"   -DTMB_EIGEN_DISABLE_WARNINGS   -DTMB_LIB_INIT=R_init_model  -DCPPAD_FRAMEWORK      -fpic  -O2  -c POPULATIONS/POPULATION_0005/INDIVIDUAL_GHZFZZK4/model.cpp -o POPULATIONS/POPULATION_0005/INDIVIDUAL_GHZFZZK4/model.o\ng++ -std=gnu++17 -shared -L/usr/lib/R/lib -Wl,-Bsymbolic-functions -flto=auto -ffat-lto-objects -Wl,-z,relro -o POPULATIONS/POPULATION_0005/INDIVIDUAL_GHZFZZK4/model.so POPULATIONS/POPULATION_0005/INDIVIDUAL_GHZFZZK4/model.o -L/usr/lib/R/lib -lR\nStarting model phases\nNumber of phases: 4 \nPhase 1 \nInitial parameter values for phase 1 :\n      log_r_cots  log_temp_effect log_allee_effect \n              NA               NA               NA \nError in model phases: NA/NaN gradient evaluation",
      "stderr": "Loading required package: TMB\nLoading required package: jsonlite\nhere() starts at /home/spi085/Documents/_Projects/SCCP-QuantModelling\nusing C++ compiler: \u2018g++ (Ubuntu 13.3.0-6ubuntu2~24.04) 13.3.0\u2019\nError in value[[3L]](cond) : \n  Error in model phases: NA/NaN gradient evaluation\nCalls: tryCatch -> tryCatchList -> tryCatchOne -> <Anonymous>\nIn addition: Warning message:\nIn nlminb(model$par, model$fn, model$gr) : NA/NaN function evaluation\nExecution halted"
    },
    "2": {
      "status": "ERROR",
      "message": "Model failed to compile.",
      "stdout": "g++ -std=gnu++17 -I\"/usr/share/R/include\" -DNDEBUG -I\"/home/spi085/R/x86_64-pc-linux-gnu-library/4.4/TMB/include\" -I\"/home/spi085/R/x86_64-pc-linux-gnu-library/4.4/RcppEigen/include\"   -DTMB_EIGEN_DISABLE_WARNINGS   -DTMB_LIB_INIT=R_init_model  -DCPPAD_FRAMEWORK      -fpic  -O2  -c POPULATIONS/POPULATION_0005/INDIVIDUAL_GHZFZZK4/model.cpp -o POPULATIONS/POPULATION_0005/INDIVIDUAL_GHZFZZK4/model.o",
      "stderr": "Loading required package: TMB\nLoading required package: jsonlite\nhere() starts at /home/spi085/Documents/_Projects/SCCP-QuantModelling\nusing C++ compiler: \u2018g++ (Ubuntu 13.3.0-6ubuntu2~24.04) 13.3.0\u2019\nPOPULATIONS/POPULATION_0005/INDIVIDUAL_GHZFZZK4/model.cpp: In instantiation of \u2018Type objective_function<Type>::operator()() [with Type = CppAD::AD<double>]\u2019:\n/home/spi085/R/x86_64-pc-linux-gnu-library/4.4/TMB/include/tmb_core.hpp:1312:6:   required from here\nPOPULATIONS/POPULATION_0005/INDIVIDUAL_GHZFZZK4/model.cpp:19:10: error: \u2018isNA\u2019 was not declared in this scope; did you mean \u2018ISNA\u2019?\n   19 |   if(isNA(log_r_cots)) log_r_cots = Type(-0.22);           // Default value if NA\n      |      ~~~~^~~~~~~~~~~~\n      |      ISNA\nPOPULATIONS/POPULATION_0005/INDIVIDUAL_GHZFZZK4/model.cpp:20:10: error: \u2018isNA\u2019 was not declared in this scope; did you mean \u2018ISNA\u2019?\n   20 |   if(isNA(log_K_cots)) log_K_cots = Type(0.69);           // Default value if NA\n      |      ~~~~^~~~~~~~~~~~\n      |      ISNA\nPOPULATIONS/POPULATION_0005/INDIVIDUAL_GHZFZZK4/model.cpp:21:10: error: \u2018isNA\u2019 was not declared in this scope; did you mean \u2018ISNA\u2019?\n   21 |   if(isNA(log_temp_effect)) log_temp_effect = Type(0.18);  // Default value if NA\n      |      ~~~~^~~~~~~~~~~~~~~~~\n      |      ISNA\nPOPULATIONS/POPULATION_0005/INDIVIDUAL_GHZFZZK4/model.cpp:22:10: error: \u2018isNA\u2019 was not declared in this scope; did you mean \u2018ISNA\u2019?\n   22 |   if(isNA(log_allee_effect)) log_allee_effect = Type(-1.8); // Default value if NA\n      |      ~~~~^~~~~~~~~~~~~~~~~~\n      |      ISNA\nPOPULATIONS/POPULATION_0005/INDIVIDUAL_GHZFZZK4/model.cpp: In instantiation of \u2018Type objective_function<Type>::operator()() [with Type = double]\u2019:\n/home/spi085/R/x86_64-pc-linux-gnu-library/4.4/TMB/include/tmb_core.hpp:2035:7:   required from here\nPOPULATIONS/POPULATION_0005/INDIVIDUAL_GHZFZZK4/model.cpp:19:10: error: \u2018isNA\u2019 was not declared in this scope; did you mean \u2018ISNA\u2019?\n   19 |   if(isNA(log_r_cots)) log_r_cots = Type(-0.22);           // Default value if NA\n      |      ~~~~^~~~~~~~~~~~\n      |      ISNA\nPOPULATIONS/POPULATION_0005/INDIVIDUAL_GHZFZZK4/model.cpp:20:10: error: \u2018isNA\u2019 was not declared in this scope; did you mean \u2018ISNA\u2019?\n   20 |   if(isNA(log_K_cots)) log_K_cots = Type(0.69);           // Default value if NA\n      |      ~~~~^~~~~~~~~~~~\n      |      ISNA\nPOPULATIONS/POPULATION_0005/INDIVIDUAL_GHZFZZK4/model.cpp:21:10: error: \u2018isNA\u2019 was not declared in this scope; did you mean \u2018ISNA\u2019?\n   21 |   if(isNA(log_temp_effect)) log_temp_effect = Type(0.18);  // Default value if NA\n      |      ~~~~^~~~~~~~~~~~~~~~~\n      |      ISNA\nPOPULATIONS/POPULATION_0005/INDIVIDUAL_GHZFZZK4/model.cpp:22:10: error: \u2018isNA\u2019 was not declared in this scope; did you mean \u2018ISNA\u2019?\n   22 |   if(isNA(log_allee_effect)) log_allee_effect = Type(-1.8); // Default value if NA\n      |      ~~~~^~~~~~~~~~~~~~~~~~\n      |      ISNA\nPOPULATIONS/POPULATION_0005/INDIVIDUAL_GHZFZZK4/model.cpp: In instantiation of \u2018Type objective_function<Type>::operator()() [with Type = CppAD::AD<CppAD::AD<double> >]\u2019:\n/home/spi085/R/x86_64-pc-linux-gnu-library/4.4/TMB/include/tmb_core.hpp:917:29:   required from \u2018Type objective_function<Type>::evalUserTemplate() [with Type = CppAD::AD<CppAD::AD<double> >]\u2019\n/home/spi085/R/x86_64-pc-linux-gnu-library/4.4/TMB/include/tmb_core.hpp:2116:26:   required from here\nPOPULATIONS/POPULATION_0005/INDIVIDUAL_GHZFZZK4/model.cpp:19:10: error: \u2018isNA\u2019 was not declared in this scope; did you mean \u2018ISNA\u2019?\n   19 |   if(isNA(log_r_cots)) log_r_cots = Type(-0.22);           // Default value if NA\n      |      ~~~~^~~~~~~~~~~~\n      |      ISNA\nPOPULATIONS/POPULATION_0005/INDIVIDUAL_GHZFZZK4/model.cpp:20:10: error: \u2018isNA\u2019 was not declared in this scope; did you mean \u2018ISNA\u2019?\n   20 |   if(isNA(log_K_cots)) log_K_cots = Type(0.69);           // Default value if NA\n      |      ~~~~^~~~~~~~~~~~\n      |      ISNA\nPOPULATIONS/POPULATION_0005/INDIVIDUAL_GHZFZZK4/model.cpp:21:10: error: \u2018isNA\u2019 was not declared in this scope; did you mean \u2018ISNA\u2019?\n   21 |   if(isNA(log_temp_effect)) log_temp_effect = Type(0.18);  // Default value if NA\n      |      ~~~~^~~~~~~~~~~~~~~~~\n      |      ISNA\nPOPULATIONS/POPULATION_0005/INDIVIDUAL_GHZFZZK4/model.cpp:22:10: error: \u2018isNA\u2019 was not declared in this scope; did you mean \u2018ISNA\u2019?\n   22 |   if(isNA(log_allee_effect)) log_allee_effect = Type(-1.8); // Default value if NA\n      |      ~~~~^~~~~~~~~~~~~~~~~~\n      |      ISNA\nPOPULATIONS/POPULATION_0005/INDIVIDUAL_GHZFZZK4/model.cpp: In instantiation of \u2018Type objective_function<Type>::operator()() [with Type = CppAD::AD<CppAD::AD<CppAD::AD<double> > >]\u2019:\n/home/spi085/R/x86_64-pc-linux-gnu-library/4.4/TMB/include/tmb_core.hpp:917:29:   required from \u2018Type objective_function<Type>::evalUserTemplate() [with Type = CppAD::AD<CppAD::AD<CppAD::AD<double> > >]\u2019\n/home/spi085/R/x86_64-pc-linux-gnu-library/4.4/TMB/include/tmb_core.hpp:2365:28:   required from here\nPOPULATIONS/POPULATION_0005/INDIVIDUAL_GHZFZZK4/model.cpp:19:10: error: \u2018isNA\u2019 was not declared in this scope; did you mean \u2018ISNA\u2019?\n   19 |   if(isNA(log_r_cots)) log_r_cots = Type(-0.22);           // Default value if NA\n      |      ~~~~^~~~~~~~~~~~\n      |      ISNA\nPOPULATIONS/POPULATION_0005/INDIVIDUAL_GHZFZZK4/model.cpp:20:10: error: \u2018isNA\u2019 was not declared in this scope; did you mean \u2018ISNA\u2019?\n   20 |   if(isNA(log_K_cots)) log_K_cots = Type(0.69);           // Default value if NA\n      |      ~~~~^~~~~~~~~~~~\n      |      ISNA\nPOPULATIONS/POPULATION_0005/INDIVIDUAL_GHZFZZK4/model.cpp:21:10: error: \u2018isNA\u2019 was not declared in this scope; did you mean \u2018ISNA\u2019?\n   21 |   if(isNA(log_temp_effect)) log_temp_effect = Type(0.18);  // Default value if NA\n      |      ~~~~^~~~~~~~~~~~~~~~~\n      |      ISNA\nPOPULATIONS/POPULATION_0005/INDIVIDUAL_GHZFZZK4/model.cpp:22:10: error: \u2018isNA\u2019 was not declared in this scope; did you mean \u2018ISNA\u2019?\n   22 |   if(isNA(log_allee_effect)) log_allee_effect = Type(-1.8); // Default value if NA\n      |      ~~~~^~~~~~~~~~~~~~~~~~\n      |      ISNA\nmake: *** [/usr/lib/R/etc/Makeconf:204: POPULATIONS/POPULATION_0005/INDIVIDUAL_GHZFZZK4/model.o] Error 1\nError in TMB::compile(file.path(individual_dir, model_file), flags = flags,  : \n  Compilation failed\nError: Compilation failed\nExecution halted"
    },
    "3": {
      "status": "ERROR",
      "message": "Model failed to compile.",
      "stdout": "g++ -std=gnu++17 -I\"/usr/share/R/include\" -DNDEBUG -I\"/home/spi085/R/x86_64-pc-linux-gnu-library/4.4/TMB/include\" -I\"/home/spi085/R/x86_64-pc-linux-gnu-library/4.4/RcppEigen/include\"   -DTMB_EIGEN_DISABLE_WARNINGS   -DTMB_LIB_INIT=R_init_model  -DCPPAD_FRAMEWORK      -fpic  -O2  -c POPULATIONS/POPULATION_0005/INDIVIDUAL_GHZFZZK4/model.cpp -o POPULATIONS/POPULATION_0005/INDIVIDUAL_GHZFZZK4/model.o",
      "stderr": "Loading required package: TMB\nLoading required package: jsonlite\nhere() starts at /home/spi085/Documents/_Projects/SCCP-QuantModelling\nusing C++ compiler: \u2018g++ (Ubuntu 13.3.0-6ubuntu2~24.04) 13.3.0\u2019\nIn file included from /usr/share/R/include/R.h:69,\n                 from /home/spi085/R/x86_64-pc-linux-gnu-library/4.4/TMB/include/TMB.hpp:182,\n                 from POPULATIONS/POPULATION_0005/INDIVIDUAL_GHZFZZK4/model.cpp:1:\nPOPULATIONS/POPULATION_0005/INDIVIDUAL_GHZFZZK4/model.cpp: In instantiation of \u2018Type objective_function<Type>::operator()() [with Type = CppAD::AD<double>]\u2019:\n/home/spi085/R/x86_64-pc-linux-gnu-library/4.4/TMB/include/tmb_core.hpp:1312:6:   required from here\nPOPULATIONS/POPULATION_0005/INDIVIDUAL_GHZFZZK4/model.cpp:19:11: error: cannot convert \u2018CppAD::AD<double>\u2019 to \u2018double\u2019\n   19 |   if(ISNA(log_r_cots)) log_r_cots = Type(-0.22);           // Default value if NA\n      |           ^~~~~~~~~~\n      |           |\n      |           CppAD::AD<double>\n/usr/share/R/include/R_ext/Arith.h:64:31: note: in definition of macro \u2018ISNA\u2019\n   64 | #define ISNA(x)        R_IsNA(x)\n      |                               ^\n/usr/share/R/include/R_ext/Arith.h:61:12: note:   initializing argument 1 of \u2018int R_IsNA(double)\u2019\n   61 | int R_IsNA(double);             /* True for R's NA only */\n      |            ^~~~~~\nPOPULATIONS/POPULATION_0005/INDIVIDUAL_GHZFZZK4/model.cpp:20:11: error: cannot convert \u2018CppAD::AD<double>\u2019 to \u2018double\u2019\n   20 |   if(ISNA(log_K_cots)) log_K_cots = Type(0.69);           // Default value if NA\n      |           ^~~~~~~~~~\n      |           |\n      |           CppAD::AD<double>\n/usr/share/R/include/R_ext/Arith.h:64:31: note: in definition of macro \u2018ISNA\u2019\n   64 | #define ISNA(x)        R_IsNA(x)\n      |                               ^\n/usr/share/R/include/R_ext/Arith.h:61:12: note:   initializing argument 1 of \u2018int R_IsNA(double)\u2019\n   61 | int R_IsNA(double);             /* True for R's NA only */\n      |            ^~~~~~\nPOPULATIONS/POPULATION_0005/INDIVIDUAL_GHZFZZK4/model.cpp:21:11: error: cannot convert \u2018CppAD::AD<double>\u2019 to \u2018double\u2019\n   21 |   if(ISNA(log_temp_effect)) log_temp_effect = Type(0.18);  // Default value if NA\n      |           ^~~~~~~~~~~~~~~\n      |           |\n      |           CppAD::AD<double>\n/usr/share/R/include/R_ext/Arith.h:64:31: note: in definition of macro \u2018ISNA\u2019\n   64 | #define ISNA(x)        R_IsNA(x)\n      |                               ^\n/usr/share/R/include/R_ext/Arith.h:61:12: note:   initializing argument 1 of \u2018int R_IsNA(double)\u2019\n   61 | int R_IsNA(double);             /* True for R's NA only */\n      |            ^~~~~~\nPOPULATIONS/POPULATION_0005/INDIVIDUAL_GHZFZZK4/model.cpp:22:11: error: cannot convert \u2018CppAD::AD<double>\u2019 to \u2018double\u2019\n   22 |   if(ISNA(log_allee_effect)) log_allee_effect = Type(-1.8); // Default value if NA\n      |           ^~~~~~~~~~~~~~~~\n      |           |\n      |           CppAD::AD<double>\n/usr/share/R/include/R_ext/Arith.h:64:31: note: in definition of macro \u2018ISNA\u2019\n   64 | #define ISNA(x)        R_IsNA(x)\n      |                               ^\n/usr/share/R/include/R_ext/Arith.h:61:12: note:   initializing argument 1 of \u2018int R_IsNA(double)\u2019\n   61 | int R_IsNA(double);             /* True for R's NA only */\n      |            ^~~~~~\nPOPULATIONS/POPULATION_0005/INDIVIDUAL_GHZFZZK4/model.cpp: In instantiation of \u2018Type objective_function<Type>::operator()() [with Type = CppAD::AD<CppAD::AD<double> >]\u2019:\n/home/spi085/R/x86_64-pc-linux-gnu-library/4.4/TMB/include/tmb_core.hpp:917:29:   required from \u2018Type objective_function<Type>::evalUserTemplate() [with Type = CppAD::AD<CppAD::AD<double> >]\u2019\n/home/spi085/R/x86_64-pc-linux-gnu-library/4.4/TMB/include/tmb_core.hpp:2116:26:   required from here\nPOPULATIONS/POPULATION_0005/INDIVIDUAL_GHZFZZK4/model.cpp:19:11: error: cannot convert \u2018CppAD::AD<CppAD::AD<double> >\u2019 to \u2018double\u2019\n   19 |   if(ISNA(log_r_cots)) log_r_cots = Type(-0.22);           // Default value if NA\n      |           ^~~~~~~~~~\n      |           |\n      |           CppAD::AD<CppAD::AD<double> >\n/usr/share/R/include/R_ext/Arith.h:64:31: note: in definition of macro \u2018ISNA\u2019\n   64 | #define ISNA(x)        R_IsNA(x)\n      |                               ^\n/usr/share/R/include/R_ext/Arith.h:61:12: note:   initializing argument 1 of \u2018int R_IsNA(double)\u2019\n   61 | int R_IsNA(double);             /* True for R's NA only */\n      |            ^~~~~~\nPOPULATIONS/POPULATION_0005/INDIVIDUAL_GHZFZZK4/model.cpp:20:11: error: cannot convert \u2018CppAD::AD<CppAD::AD<double> >\u2019 to \u2018double\u2019\n   20 |   if(ISNA(log_K_cots)) log_K_cots = Type(0.69);           // Default value if NA\n      |           ^~~~~~~~~~\n      |           |\n      |           CppAD::AD<CppAD::AD<double> >\n/usr/share/R/include/R_ext/Arith.h:64:31: note: in definition of macro \u2018ISNA\u2019\n   64 | #define ISNA(x)        R_IsNA(x)\n      |                               ^\n/usr/share/R/include/R_ext/Arith.h:61:12: note:   initializing argument 1 of \u2018int R_IsNA(double)\u2019\n   61 | int R_IsNA(double);             /* True for R's NA only */\n      |            ^~~~~~\nPOPULATIONS/POPULATION_0005/INDIVIDUAL_GHZFZZK4/model.cpp:21:11: error: cannot convert \u2018CppAD::AD<CppAD::AD<double> >\u2019 to \u2018double\u2019\n   21 |   if(ISNA(log_temp_effect)) log_temp_effect = Type(0.18);  // Default value if NA\n      |           ^~~~~~~~~~~~~~~\n      |           |\n      |           CppAD::AD<CppAD::AD<double> >\n/usr/share/R/include/R_ext/Arith.h:64:31: note: in definition of macro \u2018ISNA\u2019\n   64 | #define ISNA(x)        R_IsNA(x)\n      |                               ^\n/usr/share/R/include/R_ext/Arith.h:61:12: note:   initializing argument 1 of \u2018int R_IsNA(double)\u2019\n   61 | int R_IsNA(double);             /* True for R's NA only */\n      |            ^~~~~~\nPOPULATIONS/POPULATION_0005/INDIVIDUAL_GHZFZZK4/model.cpp:22:11: error: cannot convert \u2018CppAD::AD<CppAD::AD<double> >\u2019 to \u2018double\u2019\n   22 |   if(ISNA(log_allee_effect)) log_allee_effect = Type(-1.8); // Default value if NA\n      |           ^~~~~~~~~~~~~~~~\n      |           |\n      |           CppAD::AD<CppAD::AD<double> >\n/usr/share/R/include/R_ext/Arith.h:64:31: note: in definition of macro \u2018ISNA\u2019\n   64 | #define ISNA(x)        R_IsNA(x)\n      |                               ^\n/usr/share/R/include/R_ext/Arith.h:61:12: note:   initializing argument 1 of \u2018int R_IsNA(double)\u2019\n   61 | int R_IsNA(double);             /* True for R's NA only */\n      |            ^~~~~~\nPOPULATIONS/POPULATION_0005/INDIVIDUAL_GHZFZZK4/model.cpp: In instantiation of \u2018Type objective_function<Type>::operator()() [with Type = CppAD::AD<CppAD::AD<CppAD::AD<double> > >]\u2019:\n/home/spi085/R/x86_64-pc-linux-gnu-library/4.4/TMB/include/tmb_core.hpp:917:29:   required from \u2018Type objective_function<Type>::evalUserTemplate() [with Type = CppAD::AD<CppAD::AD<CppAD::AD<double> > >]\u2019\n/home/spi085/R/x86_64-pc-linux-gnu-library/4.4/TMB/include/tmb_core.hpp:2365:28:   required from here\nPOPULATIONS/POPULATION_0005/INDIVIDUAL_GHZFZZK4/model.cpp:19:11: error: cannot convert \u2018CppAD::AD<CppAD::AD<CppAD::AD<double> > >\u2019 to \u2018double\u2019\n   19 |   if(ISNA(log_r_cots)) log_r_cots = Type(-0.22);           // Default value if NA\n      |           ^~~~~~~~~~\n      |           |\n      |           CppAD::AD<CppAD::AD<CppAD::AD<double> > >\n/usr/share/R/include/R_ext/Arith.h:64:31: note: in definition of macro \u2018ISNA\u2019\n   64 | #define ISNA(x)        R_IsNA(x)\n      |                               ^\n/usr/share/R/include/R_ext/Arith.h:61:12: note:   initializing argument 1 of \u2018int R_IsNA(double)\u2019\n   61 | int R_IsNA(double);             /* True for R's NA only */\n      |            ^~~~~~\nPOPULATIONS/POPULATION_0005/INDIVIDUAL_GHZFZZK4/model.cpp:20:11: error: cannot convert \u2018CppAD::AD<CppAD::AD<CppAD::AD<double> > >\u2019 to \u2018double\u2019\n   20 |   if(ISNA(log_K_cots)) log_K_cots = Type(0.69);           // Default value if NA\n      |           ^~~~~~~~~~\n      |           |\n      |           CppAD::AD<CppAD::AD<CppAD::AD<double> > >\n/usr/share/R/include/R_ext/Arith.h:64:31: note: in definition of macro \u2018ISNA\u2019\n   64 | #define ISNA(x)        R_IsNA(x)\n      |                               ^\n/usr/share/R/include/R_ext/Arith.h:61:12: note:   initializing argument 1 of \u2018int R_IsNA(double)\u2019\n   61 | int R_IsNA(double);             /* True for R's NA only */\n      |            ^~~~~~\nPOPULATIONS/POPULATION_0005/INDIVIDUAL_GHZFZZK4/model.cpp:21:11: error: cannot convert \u2018CppAD::AD<CppAD::AD<CppAD::AD<double> > >\u2019 to \u2018double\u2019\n   21 |   if(ISNA(log_temp_effect)) log_temp_effect = Type(0.18);  // Default value if NA\n      |           ^~~~~~~~~~~~~~~\n      |           |\n      |           CppAD::AD<CppAD::AD<CppAD::AD<double> > >\n/usr/share/R/include/R_ext/Arith.h:64:31: note: in definition of macro \u2018ISNA\u2019\n   64 | #define ISNA(x)        R_IsNA(x)\n      |                               ^\n/usr/share/R/include/R_ext/Arith.h:61:12: note:   initializing argument 1 of \u2018int R_IsNA(double)\u2019\n   61 | int R_IsNA(double);             /* True for R's NA only */\n      |            ^~~~~~\nPOPULATIONS/POPULATION_0005/INDIVIDUAL_GHZFZZK4/model.cpp:22:11: error: cannot convert \u2018CppAD::AD<CppAD::AD<CppAD::AD<double> > >\u2019 to \u2018double\u2019\n   22 |   if(ISNA(log_allee_effect)) log_allee_effect = Type(-1.8); // Default value if NA\n      |           ^~~~~~~~~~~~~~~~\n      |           |\n      |           CppAD::AD<CppAD::AD<CppAD::AD<double> > >\n/usr/share/R/include/R_ext/Arith.h:64:31: note: in definition of macro \u2018ISNA\u2019\n   64 | #define ISNA(x)        R_IsNA(x)\n      |                               ^\n/usr/share/R/include/R_ext/Arith.h:61:12: note:   initializing argument 1 of \u2018int R_IsNA(double)\u2019\n   61 | int R_IsNA(double);             /* True for R's NA only */\n      |            ^~~~~~\nmake: *** [/usr/lib/R/etc/Makeconf:204: POPULATIONS/POPULATION_0005/INDIVIDUAL_GHZFZZK4/model.o] Error 1\nError in TMB::compile(file.path(individual_dir, model_file), flags = flags,  : \n  Compilation failed\nError: Compilation failed\nExecution halted"
    },
    "4": {
      "status": "ERROR",
      "message": "R script failed with return code 1",
      "stdout": "g++ -std=gnu++17 -I\"/usr/share/R/include\" -DNDEBUG -I\"/home/spi085/R/x86_64-pc-linux-gnu-library/4.4/TMB/include\" -I\"/home/spi085/R/x86_64-pc-linux-gnu-library/4.4/RcppEigen/include\"   -DTMB_EIGEN_DISABLE_WARNINGS   -DTMB_LIB_INIT=R_init_model  -DCPPAD_FRAMEWORK      -fpic  -O2  -c POPULATIONS/POPULATION_0005/INDIVIDUAL_GHZFZZK4/model.cpp -o POPULATIONS/POPULATION_0005/INDIVIDUAL_GHZFZZK4/model.o\ng++ -std=gnu++17 -shared -L/usr/lib/R/lib -Wl,-Bsymbolic-functions -flto=auto -ffat-lto-objects -Wl,-z,relro -o POPULATIONS/POPULATION_0005/INDIVIDUAL_GHZFZZK4/model.so POPULATIONS/POPULATION_0005/INDIVIDUAL_GHZFZZK4/model.o -L/usr/lib/R/lib -lR\nStarting model phases\nNumber of phases: 4 \nPhase 1 \nInitial parameter values for phase 1 :\n      log_r_cots  log_temp_effect log_allee_effect \n              NA               NA               NA \nError in model phases: NA/NaN gradient evaluation",
      "stderr": "Loading required package: TMB\nLoading required package: jsonlite\nhere() starts at /home/spi085/Documents/_Projects/SCCP-QuantModelling\nusing C++ compiler: \u2018g++ (Ubuntu 13.3.0-6ubuntu2~24.04) 13.3.0\u2019\nError in value[[3L]](cond) : \n  Error in model phases: NA/NaN gradient evaluation\nCalls: tryCatch -> tryCatchList -> tryCatchOne -> <Anonymous>\nIn addition: Warning message:\nIn nlminb(model$par, model$fn, model$gr) : NA/NaN function evaluation\nExecution halted"
    },
    "5": {
      "status": "ERROR",
      "message": "R script failed with return code 1",
      "stdout": "g++ -std=gnu++17 -I\"/usr/share/R/include\" -DNDEBUG -I\"/home/spi085/R/x86_64-pc-linux-gnu-library/4.4/TMB/include\" -I\"/home/spi085/R/x86_64-pc-linux-gnu-library/4.4/RcppEigen/include\"   -DTMB_EIGEN_DISABLE_WARNINGS   -DTMB_LIB_INIT=R_init_model  -DCPPAD_FRAMEWORK      -fpic  -O2  -c POPULATIONS/POPULATION_0005/INDIVIDUAL_GHZFZZK4/model.cpp -o POPULATIONS/POPULATION_0005/INDIVIDUAL_GHZFZZK4/model.o\ng++ -std=gnu++17 -shared -L/usr/lib/R/lib -Wl,-Bsymbolic-functions -flto=auto -ffat-lto-objects -Wl,-z,relro -o POPULATIONS/POPULATION_0005/INDIVIDUAL_GHZFZZK4/model.so POPULATIONS/POPULATION_0005/INDIVIDUAL_GHZFZZK4/model.o -L/usr/lib/R/lib -lR\nStarting model phases\nNumber of phases: 4 \nPhase 1 \nInitial parameter values for phase 1 :\n      log_r_cots  log_temp_effect log_allee_effect \n              NA               NA               NA \nError in model phases: NA/NaN gradient evaluation",
      "stderr": "Loading required package: TMB\nLoading required package: jsonlite\nhere() starts at /home/spi085/Documents/_Projects/SCCP-QuantModelling\nusing C++ compiler: \u2018g++ (Ubuntu 13.3.0-6ubuntu2~24.04) 13.3.0\u2019\nError in value[[3L]](cond) : \n  Error in model phases: NA/NaN gradient evaluation\nCalls: tryCatch -> tryCatchList -> tryCatchOne -> <Anonymous>\nIn addition: Warning message:\nIn nlminb(model$par, model$fn, model$gr) : NA/NaN function evaluation\nExecution halted"
    },
    "6": {
      "status": "ERROR",
      "message": "Model failed to compile.",
      "stdout": "g++ -std=gnu++17 -I\"/usr/share/R/include\" -DNDEBUG -I\"/home/spi085/R/x86_64-pc-linux-gnu-library/4.4/TMB/include\" -I\"/home/spi085/R/x86_64-pc-linux-gnu-library/4.4/RcppEigen/include\"   -DTMB_EIGEN_DISABLE_WARNINGS   -DTMB_LIB_INIT=R_init_model  -DCPPAD_FRAMEWORK      -fpic  -O2  -c POPULATIONS/POPULATION_0005/INDIVIDUAL_GHZFZZK4/model.cpp -o POPULATIONS/POPULATION_0005/INDIVIDUAL_GHZFZZK4/model.o",
      "stderr": "Loading required package: TMB\nLoading required package: jsonlite\nhere() starts at /home/spi085/Documents/_Projects/SCCP-QuantModelling\nusing C++ compiler: \u2018g++ (Ubuntu 13.3.0-6ubuntu2~24.04) 13.3.0\u2019\nPOPULATIONS/POPULATION_0005/INDIVIDUAL_GHZFZZK4/model.cpp: In instantiation of \u2018Type objective_function<Type>::operator()() [with Type = CppAD::AD<double>]\u2019:\n/home/spi085/R/x86_64-pc-linux-gnu-library/4.4/TMB/include/tmb_core.hpp:1312:6:   required from here\nPOPULATIONS/POPULATION_0005/INDIVIDUAL_GHZFZZK4/model.cpp:62:60: error: \u2018class objective_function<CppAD::AD<double> >\u2019 has no member named \u2018nlp_this\u2019\n   62 |     Type temp_recruitment = posfun(recruitment, eps, this->nlp_this);  // Ensure positive recruitment\n      |                                                      ~~~~~~^~~~~~~~\nPOPULATIONS/POPULATION_0005/INDIVIDUAL_GHZFZZK4/model.cpp:62:35: error: \u2018posfun\u2019 was not declared in this scope\n   62 |     Type temp_recruitment = posfun(recruitment, eps, this->nlp_this);  // Ensure positive recruitment\n      |                             ~~~~~~^~~~~~~~~~~~~~~~~~~~~~~~~~~~~~~~~~\nPOPULATIONS/POPULATION_0005/INDIVIDUAL_GHZFZZK4/model.cpp: In instantiation of \u2018Type objective_function<Type>::operator()() [with Type = double]\u2019:\n/home/spi085/R/x86_64-pc-linux-gnu-library/4.4/TMB/include/tmb_core.hpp:2035:7:   required from here\nPOPULATIONS/POPULATION_0005/INDIVIDUAL_GHZFZZK4/model.cpp:62:60: error: \u2018class objective_function<double>\u2019 has no member named \u2018nlp_this\u2019\n   62 |     Type temp_recruitment = posfun(recruitment, eps, this->nlp_this);  // Ensure positive recruitment\n      |                                                      ~~~~~~^~~~~~~~\nPOPULATIONS/POPULATION_0005/INDIVIDUAL_GHZFZZK4/model.cpp:62:35: error: \u2018posfun\u2019 was not declared in this scope\n   62 |     Type temp_recruitment = posfun(recruitment, eps, this->nlp_this);  // Ensure positive recruitment\n      |                             ~~~~~~^~~~~~~~~~~~~~~~~~~~~~~~~~~~~~~~~~\nPOPULATIONS/POPULATION_0005/INDIVIDUAL_GHZFZZK4/model.cpp: In instantiation of \u2018Type objective_function<Type>::operator()() [with Type = CppAD::AD<CppAD::AD<double> >]\u2019:\n/home/spi085/R/x86_64-pc-linux-gnu-library/4.4/TMB/include/tmb_core.hpp:917:29:   required from \u2018Type objective_function<Type>::evalUserTemplate() [with Type = CppAD::AD<CppAD::AD<double> >]\u2019\n/home/spi085/R/x86_64-pc-linux-gnu-library/4.4/TMB/include/tmb_core.hpp:2116:26:   required from here\nPOPULATIONS/POPULATION_0005/INDIVIDUAL_GHZFZZK4/model.cpp:62:60: error: \u2018class objective_function<CppAD::AD<CppAD::AD<double> > >\u2019 has no member named \u2018nlp_this\u2019\n   62 |     Type temp_recruitment = posfun(recruitment, eps, this->nlp_this);  // Ensure positive recruitment\n      |                                                      ~~~~~~^~~~~~~~\nPOPULATIONS/POPULATION_0005/INDIVIDUAL_GHZFZZK4/model.cpp:62:35: error: \u2018posfun\u2019 was not declared in this scope\n   62 |     Type temp_recruitment = posfun(recruitment, eps, this->nlp_this);  // Ensure positive recruitment\n      |                             ~~~~~~^~~~~~~~~~~~~~~~~~~~~~~~~~~~~~~~~~\nPOPULATIONS/POPULATION_0005/INDIVIDUAL_GHZFZZK4/model.cpp: In instantiation of \u2018Type objective_function<Type>::operator()() [with Type = CppAD::AD<CppAD::AD<CppAD::AD<double> > >]\u2019:\n/home/spi085/R/x86_64-pc-linux-gnu-library/4.4/TMB/include/tmb_core.hpp:917:29:   required from \u2018Type objective_function<Type>::evalUserTemplate() [with Type = CppAD::AD<CppAD::AD<CppAD::AD<double> > >]\u2019\n/home/spi085/R/x86_64-pc-linux-gnu-library/4.4/TMB/include/tmb_core.hpp:2365:28:   required from here\nPOPULATIONS/POPULATION_0005/INDIVIDUAL_GHZFZZK4/model.cpp:62:60: error: \u2018class objective_function<CppAD::AD<CppAD::AD<CppAD::AD<double> > > >\u2019 has no member named \u2018nlp_this\u2019\n   62 |     Type temp_recruitment = posfun(recruitment, eps, this->nlp_this);  // Ensure positive recruitment\n      |                                                      ~~~~~~^~~~~~~~\nPOPULATIONS/POPULATION_0005/INDIVIDUAL_GHZFZZK4/model.cpp:62:35: error: \u2018posfun\u2019 was not declared in this scope\n   62 |     Type temp_recruitment = posfun(recruitment, eps, this->nlp_this);  // Ensure positive recruitment\n      |                             ~~~~~~^~~~~~~~~~~~~~~~~~~~~~~~~~~~~~~~~~\nmake: *** [/usr/lib/R/etc/Makeconf:204: POPULATIONS/POPULATION_0005/INDIVIDUAL_GHZFZZK4/model.o] Error 1\nError in TMB::compile(file.path(individual_dir, model_file), flags = flags,  : \n  Compilation failed\nError: Compilation failed\nExecution halted"
    },
    "7": {
      "status": "BROKEN"
    }
  }
}