{
  "iterations": {
    "1": {
      "status": "ERROR",
      "message": "R script failed with return code 1",
      "stdout": "g++ -std=gnu++17  -I\"C:/Users/spi085/AppData/Local/Programs/R/R-4.4.1/include\" -DNDEBUG -I\"C:/Users/spi085/AppData/Local/Programs/R/R-44~1.1/library/TMB/include\" -I\"C:/Users/spi085/AppData/Local/Programs/R/R-44~1.1/library/RCPPEI~1/include\"   -DTMB_EIGEN_DISABLE_WARNINGS   -DTMB_LIB_INIT=R_init_model  -DCPPAD_FRAMEWORK    -I\"C:/rtools44/x86_64-w64-mingw32.static.posix/include\"     -O2 -Wa,-mbig-obj -c POPULATIONS//POPULATION_0011//INDIVIDUAL_RE59H0WR/model.cpp -o POPULATIONS//POPULATION_0011//INDIVIDUAL_RE59H0WR/model.o\ng++ -std=gnu++17 -shared -s -static-libgcc -o POPULATIONS//POPULATION_0011//INDIVIDUAL_RE59H0WR/model.dll tmp.def POPULATIONS//POPULATION_0011//INDIVIDUAL_RE59H0WR/model.o -LC:/rtools44/x86_64-w64-mingw32.static.posix/lib/x64 -LC:/rtools44/x86_64-w64-mingw32.static.posix/lib -LC:/Users/spi085/AppData/Local/Programs/R/R-4.4.1/bin/x64 -lR\nStarting model phases\nNumber of phases: 1 \nPhase 1 \nInitial parameter values for phase 1 :\n        r_cots         K_cots  eff_pred_slow  eff_pred_fast         r_slow \n            NA          0.255             NA             NA             NA \n        K_slow         r_fast         K_fast       beta_sst       alpha_sf \n            NA          1.000             NA             NA             NA \n      alpha_fs log_sigma_cots log_sigma_slow log_sigma_fast \n            NA             NA             NA             NA \nError in model phases: NA/NaN gradient evaluation",
      "stderr": "Loading required package: TMB\nLoading required package: jsonlite\nhere() starts at C:/Users/spi085/OneDrive - CSIRO/Documents/_Projects/SCCP-QuantModelling\nusing C++ compiler: 'G__~1.EXE (GCC) 13.2.0'\nError in value[[3L]](cond) : \n  Error in model phases: NA/NaN gradient evaluation\nCalls: tryCatch -> tryCatchList -> tryCatchOne -> <Anonymous>\nIn addition: Warning message:\nIn nlminb(model$par, model$fn, model$gr) : NA/NaN function evaluation\nExecution halted"
    },
    "2": {
      "status": "ERROR",
      "message": "Model failed to compile.",
      "stdout": "g++ -std=gnu++17  -I\"C:/Users/spi085/AppData/Local/Programs/R/R-4.4.1/include\" -DNDEBUG -I\"C:/Users/spi085/AppData/Local/Programs/R/R-44~1.1/library/TMB/include\" -I\"C:/Users/spi085/AppData/Local/Programs/R/R-44~1.1/library/RCPPEI~1/include\"   -DTMB_EIGEN_DISABLE_WARNINGS   -DTMB_LIB_INIT=R_init_model  -DCPPAD_FRAMEWORK    -I\"C:/rtools44/x86_64-w64-mingw32.static.posix/include\"     -O2 -Wa,-mbig-obj -c POPULATIONS//POPULATION_0011//INDIVIDUAL_RE59H0WR/model.cpp -o POPULATIONS//POPULATION_0011//INDIVIDUAL_RE59H0WR/model.o",
      "stderr": "Loading required package: TMB\nLoading required package: jsonlite\nhere() starts at C:/Users/spi085/OneDrive - CSIRO/Documents/_Projects/SCCP-QuantModelling\nusing C++ compiler: 'G__~1.EXE (GCC) 13.2.0'\nPOPULATIONS//POPULATION_0011//INDIVIDUAL_RE59H0WR/model.cpp: In instantiation of 'Type objective_function<Type>::operator()() [with Type = CppAD::AD<double>]':\nC:/Users/spi085/AppData/Local/Programs/R/R-4.4.1/library/TMB/include/tmb_core.hpp:1308:6:   required from here\nPOPULATIONS//POPULATION_0011//INDIVIDUAL_RE59H0WR/model.cpp:46:10: error: 'isNA' was not declared in this scope; did you mean 'ISNA'?\n   46 |   if(isNA(r_cots)) r_cots = Type(0.5);\n      |      ~~~~^~~~~~~~\n      |      ISNA\nPOPULATIONS//POPULATION_0011//INDIVIDUAL_RE59H0WR/model.cpp:47:10: error: 'isNA' was not declared in this scope; did you mean 'ISNA'?\n   47 |   if(isNA(eff_pred_slow)) eff_pred_slow = Type(0.1);\n      |      ~~~~^~~~~~~~~~~~~~~\n      |      ISNA\nPOPULATIONS//POPULATION_0011//INDIVIDUAL_RE59H0WR/model.cpp:48:10: error: 'isNA' was not declared in this scope; did you mean 'ISNA'?\n   48 |   if(isNA(eff_pred_fast)) eff_pred_fast = Type(0.15);\n      |      ~~~~^~~~~~~~~~~~~~~\n      |      ISNA\nPOPULATIONS//POPULATION_0011//INDIVIDUAL_RE59H0WR/model.cpp:49:10: error: 'isNA' was not declared in this scope; did you mean 'ISNA'?\n   49 |   if(isNA(r_slow)) r_slow = Type(0.05);\n      |      ~~~~^~~~~~~~\n      |      ISNA\nPOPULATIONS//POPULATION_0011//INDIVIDUAL_RE59H0WR/model.cpp:50:10: error: 'isNA' was not declared in this scope; did you mean 'ISNA'?\n   50 |   if(isNA(K_slow)) K_slow = Type(100.0);\n      |      ~~~~^~~~~~~~\n      |      ISNA\nPOPULATIONS//POPULATION_0011//INDIVIDUAL_RE59H0WR/model.cpp:51:10: error: 'isNA' was not declared in this scope; did you mean 'ISNA'?\n   51 |   if(isNA(r_fast)) r_fast = Type(0.1);\n      |      ~~~~^~~~~~~~\n      |      ISNA\nPOPULATIONS//POPULATION_0011//INDIVIDUAL_RE59H0WR/model.cpp:52:10: error: 'isNA' was not declared in this scope; did you mean 'ISNA'?\n   52 |   if(isNA(K_fast)) K_fast = Type(100.0);\n      |      ~~~~^~~~~~~~\n      |      ISNA\nPOPULATIONS//POPULATION_0011//INDIVIDUAL_RE59H0WR/model.cpp:53:10: error: 'isNA' was not declared in this scope; did you mean 'ISNA'?\n   53 |   if(isNA(beta_sst)) beta_sst = Type(0.01);\n      |      ~~~~^~~~~~~~~~\n      |      ISNA\nPOPULATIONS//POPULATION_0011//INDIVIDUAL_RE59H0WR/model.cpp:54:10: error: 'isNA' was not declared in this scope; did you mean 'ISNA'?\n   54 |   if(isNA(alpha_sf)) alpha_sf = Type(0.05);\n      |      ~~~~^~~~~~~~~~\n      |      ISNA\nPOPULATIONS//POPULATION_0011//INDIVIDUAL_RE59H0WR/model.cpp:55:10: error: 'isNA' was not declared in this scope; did you mean 'ISNA'?\n   55 |   if(isNA(alpha_fs)) alpha_fs = Type(0.05);\n      |      ~~~~^~~~~~~~~~\n      |      ISNA\nPOPULATIONS//POPULATION_0011//INDIVIDUAL_RE59H0WR/model.cpp: In instantiation of 'Type objective_function<Type>::operator()() [with Type = double]':\nC:/Users/spi085/AppData/Local/Programs/R/R-4.4.1/library/TMB/include/tmb_core.hpp:2031:7:   required from here\nPOPULATIONS//POPULATION_0011//INDIVIDUAL_RE59H0WR/model.cpp:46:10: error: 'isNA' was not declared in this scope; did you mean 'ISNA'?\n   46 |   if(isNA(r_cots)) r_cots = Type(0.5);\n      |      ~~~~^~~~~~~~\n      |      ISNA\nPOPULATIONS//POPULATION_0011//INDIVIDUAL_RE59H0WR/model.cpp:47:10: error: 'isNA' was not declared in this scope; did you mean 'ISNA'?\n   47 |   if(isNA(eff_pred_slow)) eff_pred_slow = Type(0.1);\n      |      ~~~~^~~~~~~~~~~~~~~\n      |      ISNA\nPOPULATIONS//POPULATION_0011//INDIVIDUAL_RE59H0WR/model.cpp:48:10: error: 'isNA' was not declared in this scope; did you mean 'ISNA'?\n   48 |   if(isNA(eff_pred_fast)) eff_pred_fast = Type(0.15);\n      |      ~~~~^~~~~~~~~~~~~~~\n      |      ISNA\nPOPULATIONS//POPULATION_0011//INDIVIDUAL_RE59H0WR/model.cpp:49:10: error: 'isNA' was not declared in this scope; did you mean 'ISNA'?\n   49 |   if(isNA(r_slow)) r_slow = Type(0.05);\n      |      ~~~~^~~~~~~~\n      |      ISNA\nPOPULATIONS//POPULATION_0011//INDIVIDUAL_RE59H0WR/model.cpp:50:10: error: 'isNA' was not declared in this scope; did you mean 'ISNA'?\n   50 |   if(isNA(K_slow)) K_slow = Type(100.0);\n      |      ~~~~^~~~~~~~\n      |      ISNA\nPOPULATIONS//POPULATION_0011//INDIVIDUAL_RE59H0WR/model.cpp:51:10: error: 'isNA' was not declared in this scope; did you mean 'ISNA'?\n   51 |   if(isNA(r_fast)) r_fast = Type(0.1);\n      |      ~~~~^~~~~~~~\n      |      ISNA\nPOPULATIONS//POPULATION_0011//INDIVIDUAL_RE59H0WR/model.cpp:52:10: error: 'isNA' was not declared in this scope; did you mean 'ISNA'?\n   52 |   if(isNA(K_fast)) K_fast = Type(100.0);\n      |      ~~~~^~~~~~~~\n      |      ISNA\nPOPULATIONS//POPULATION_0011//INDIVIDUAL_RE59H0WR/model.cpp:53:10: error: 'isNA' was not declared in this scope; did you mean 'ISNA'?\n   53 |   if(isNA(beta_sst)) beta_sst = Type(0.01);\n      |      ~~~~^~~~~~~~~~\n      |      ISNA\nPOPULATIONS//POPULATION_0011//INDIVIDUAL_RE59H0WR/model.cpp:54:10: error: 'isNA' was not declared in this scope; did you mean 'ISNA'?\n   54 |   if(isNA(alpha_sf)) alpha_sf = Type(0.05);\n      |      ~~~~^~~~~~~~~~\n      |      ISNA\nPOPULATIONS//POPULATION_0011//INDIVIDUAL_RE59H0WR/model.cpp:55:10: error: 'isNA' was not declared in this scope; did you mean 'ISNA'?\n   55 |   if(isNA(alpha_fs)) alpha_fs = Type(0.05);\n      |      ~~~~^~~~~~~~~~\n      |      ISNA\nPOPULATIONS//POPULATION_0011//INDIVIDUAL_RE59H0WR/model.cpp: In instantiation of 'Type objective_function<Type>::operator()() [with Type = CppAD::AD<CppAD::AD<double> >]':\nC:/Users/spi085/AppData/Local/Programs/R/R-4.4.1/library/TMB/include/tmb_core.hpp:913:29:   required from 'Type objective_function<Type>::evalUserTemplate() [with Type = CppAD::AD<CppAD::AD<double> >]'\nC:/Users/spi085/AppData/Local/Programs/R/R-4.4.1/library/TMB/include/tmb_core.hpp:2112:26:   required from here\nPOPULATIONS//POPULATION_0011//INDIVIDUAL_RE59H0WR/model.cpp:46:10: error: 'isNA' was not declared in this scope; did you mean 'ISNA'?\n   46 |   if(isNA(r_cots)) r_cots = Type(0.5);\n      |      ~~~~^~~~~~~~\n      |      ISNA\nPOPULATIONS//POPULATION_0011//INDIVIDUAL_RE59H0WR/model.cpp:47:10: error: 'isNA' was not declared in this scope; did you mean 'ISNA'?\n   47 |   if(isNA(eff_pred_slow)) eff_pred_slow = Type(0.1);\n      |      ~~~~^~~~~~~~~~~~~~~\n      |      ISNA\nPOPULATIONS//POPULATION_0011//INDIVIDUAL_RE59H0WR/model.cpp:48:10: error: 'isNA' was not declared in this scope; did you mean 'ISNA'?\n   48 |   if(isNA(eff_pred_fast)) eff_pred_fast = Type(0.15);\n      |      ~~~~^~~~~~~~~~~~~~~\n      |      ISNA\nPOPULATIONS//POPULATION_0011//INDIVIDUAL_RE59H0WR/model.cpp:49:10: error: 'isNA' was not declared in this scope; did you mean 'ISNA'?\n   49 |   if(isNA(r_slow)) r_slow = Type(0.05);\n      |      ~~~~^~~~~~~~\n      |      ISNA\nPOPULATIONS//POPULATION_0011//INDIVIDUAL_RE59H0WR/model.cpp:50:10: error: 'isNA' was not declared in this scope; did you mean 'ISNA'?\n   50 |   if(isNA(K_slow)) K_slow = Type(100.0);\n      |      ~~~~^~~~~~~~\n      |      ISNA\nPOPULATIONS//POPULATION_0011//INDIVIDUAL_RE59H0WR/model.cpp:51:10: error: 'isNA' was not declared in this scope; did you mean 'ISNA'?\n   51 |   if(isNA(r_fast)) r_fast = Type(0.1);\n      |      ~~~~^~~~~~~~\n      |      ISNA\nPOPULATIONS//POPULATION_0011//INDIVIDUAL_RE59H0WR/model.cpp:52:10: error: 'isNA' was not declared in this scope; did you mean 'ISNA'?\n   52 |   if(isNA(K_fast)) K_fast = Type(100.0);\n      |      ~~~~^~~~~~~~\n      |      ISNA\nPOPULATIONS//POPULATION_0011//INDIVIDUAL_RE59H0WR/model.cpp:53:10: error: 'isNA' was not declared in this scope; did you mean 'ISNA'?\n   53 |   if(isNA(beta_sst)) beta_sst = Type(0.01);\n      |      ~~~~^~~~~~~~~~\n      |      ISNA\nPOPULATIONS//POPULATION_0011//INDIVIDUAL_RE59H0WR/model.cpp:54:10: error: 'isNA' was not declared in this scope; did you mean 'ISNA'?\n   54 |   if(isNA(alpha_sf)) alpha_sf = Type(0.05);\n      |      ~~~~^~~~~~~~~~\n      |      ISNA\nPOPULATIONS//POPULATION_0011//INDIVIDUAL_RE59H0WR/model.cpp:55:10: error: 'isNA' was not declared in this scope; did you mean 'ISNA'?\n   55 |   if(isNA(alpha_fs)) alpha_fs = Type(0.05);\n      |      ~~~~^~~~~~~~~~\n      |      ISNA\nPOPULATIONS//POPULATION_0011//INDIVIDUAL_RE59H0WR/model.cpp: In instantiation of 'Type objective_function<Type>::operator()() [with Type = CppAD::AD<CppAD::AD<CppAD::AD<double> > >]':\nC:/Users/spi085/AppData/Local/Programs/R/R-4.4.1/library/TMB/include/tmb_core.hpp:913:29:   required from 'Type objective_function<Type>::evalUserTemplate() [with Type = CppAD::AD<CppAD::AD<CppAD::AD<double> > >]'\nC:/Users/spi085/AppData/Local/Programs/R/R-4.4.1/library/TMB/include/tmb_core.hpp:2361:28:   required from here\nPOPULATIONS//POPULATION_0011//INDIVIDUAL_RE59H0WR/model.cpp:46:10: error: 'isNA' was not declared in this scope; did you mean 'ISNA'?\n   46 |   if(isNA(r_cots)) r_cots = Type(0.5);\n      |      ~~~~^~~~~~~~\n      |      ISNA\nPOPULATIONS//POPULATION_0011//INDIVIDUAL_RE59H0WR/model.cpp:47:10: error: 'isNA' was not declared in this scope; did you mean 'ISNA'?\n   47 |   if(isNA(eff_pred_slow)) eff_pred_slow = Type(0.1);\n      |      ~~~~^~~~~~~~~~~~~~~\n      |      ISNA\nPOPULATIONS//POPULATION_0011//INDIVIDUAL_RE59H0WR/model.cpp:48:10: error: 'isNA' was not declared in this scope; did you mean 'ISNA'?\n   48 |   if(isNA(eff_pred_fast)) eff_pred_fast = Type(0.15);\n      |      ~~~~^~~~~~~~~~~~~~~\n      |      ISNA\nPOPULATIONS//POPULATION_0011//INDIVIDUAL_RE59H0WR/model.cpp:49:10: error: 'isNA' was not declared in this scope; did you mean 'ISNA'?\n   49 |   if(isNA(r_slow)) r_slow = Type(0.05);\n      |      ~~~~^~~~~~~~\n      |      ISNA\nPOPULATIONS//POPULATION_0011//INDIVIDUAL_RE59H0WR/model.cpp:50:10: error: 'isNA' was not declared in this scope; did you mean 'ISNA'?\n   50 |   if(isNA(K_slow)) K_slow = Type(100.0);\n      |      ~~~~^~~~~~~~\n      |      ISNA\nPOPULATIONS//POPULATION_0011//INDIVIDUAL_RE59H0WR/model.cpp:51:10: error: 'isNA' was not declared in this scope; did you mean 'ISNA'?\n   51 |   if(isNA(r_fast)) r_fast = Type(0.1);\n      |      ~~~~^~~~~~~~\n      |      ISNA\nPOPULATIONS//POPULATION_0011//INDIVIDUAL_RE59H0WR/model.cpp:52:10: error: 'isNA' was not declared in this scope; did you mean 'ISNA'?\n   52 |   if(isNA(K_fast)) K_fast = Type(100.0);\n      |      ~~~~^~~~~~~~\n      |      ISNA\nPOPULATIONS//POPULATION_0011//INDIVIDUAL_RE59H0WR/model.cpp:53:10: error: 'isNA' was not declared in this scope; did you mean 'ISNA'?\n   53 |   if(isNA(beta_sst)) beta_sst = Type(0.01);\n      |      ~~~~^~~~~~~~~~\n      |      ISNA\nPOPULATIONS//POPULATION_0011//INDIVIDUAL_RE59H0WR/model.cpp:54:10: error: 'isNA' was not declared in this scope; did you mean 'ISNA'?\n   54 |   if(isNA(alpha_sf)) alpha_sf = Type(0.05);\n      |      ~~~~^~~~~~~~~~\n      |      ISNA\nPOPULATIONS//POPULATION_0011//INDIVIDUAL_RE59H0WR/model.cpp:55:10: error: 'isNA' was not declared in this scope; did you mean 'ISNA'?\n   55 |   if(isNA(alpha_fs)) alpha_fs = Type(0.05);\n      |      ~~~~^~~~~~~~~~\n      |      ISNA\nmake: *** [C:/Users/spi085/AppData/Local/Programs/R/R-4.4.1/etc/x64/Makeconf:296: POPULATIONS//POPULATION_0011//INDIVIDUAL_RE59H0WR/model.o] Error 1\nError in TMB::compile(file.path(individual_dir, model_file), flags = flags,  : \n  Compilation failed\nError: Compilation failed\nExecution halted"
    },
    "3": {
      "status": "ERROR",
      "message": "Model failed to compile.",
      "stdout": "g++ -std=gnu++17  -I\"C:/Users/spi085/AppData/Local/Programs/R/R-4.4.1/include\" -DNDEBUG -I\"C:/Users/spi085/AppData/Local/Programs/R/R-44~1.1/library/TMB/include\" -I\"C:/Users/spi085/AppData/Local/Programs/R/R-44~1.1/library/RCPPEI~1/include\"   -DTMB_EIGEN_DISABLE_WARNINGS   -DTMB_LIB_INIT=R_init_model  -DCPPAD_FRAMEWORK    -I\"C:/rtools44/x86_64-w64-mingw32.static.posix/include\"     -O2 -Wa,-mbig-obj -c POPULATIONS//POPULATION_0011//INDIVIDUAL_RE59H0WR/model.cpp -o POPULATIONS//POPULATION_0011//INDIVIDUAL_RE59H0WR/model.o",
      "stderr": "Loading required package: TMB\nLoading required package: jsonlite\nhere() starts at C:/Users/spi085/OneDrive - CSIRO/Documents/_Projects/SCCP-QuantModelling\nusing C++ compiler: 'G__~1.EXE (GCC) 13.2.0'\nIn file included from C:/Users/spi085/AppData/Local/Programs/R/R-4.4.1/include/R.h:69,\n                 from C:/Users/spi085/AppData/Local/Programs/R/R-4.4.1/library/TMB/include/TMB.hpp:172,\n                 from POPULATIONS//POPULATION_0011//INDIVIDUAL_RE59H0WR/model.cpp:1:\nPOPULATIONS//POPULATION_0011//INDIVIDUAL_RE59H0WR/model.cpp: In instantiation of 'Type objective_function<Type>::operator()() [with Type = CppAD::AD<double>]':\nC:/Users/spi085/AppData/Local/Programs/R/R-4.4.1/library/TMB/include/tmb_core.hpp:1308:6:   required from here\nPOPULATIONS//POPULATION_0011//INDIVIDUAL_RE59H0WR/model.cpp:46:11: error: cannot convert 'CppAD::AD<double>' to 'double'\n   46 |   if(ISNA(r_cots)) r_cots = Type(0.5);\n      |           ^~~~~~\n      |           |\n      |           CppAD::AD<double>\nC:/Users/spi085/AppData/Local/Programs/R/R-4.4.1/include/R_ext/Arith.h:64:31: note: in definition of macro 'ISNA'\n   64 | #define ISNA(x)        R_IsNA(x)\n      |                               ^\nC:/Users/spi085/AppData/Local/Programs/R/R-4.4.1/include/R_ext/Arith.h:61:12: note:   initializing argument 1 of 'int R_IsNA(double)'\n   61 | int R_IsNA(double);             /* True for R's NA only */\n      |            ^~~~~~\nPOPULATIONS//POPULATION_0011//INDIVIDUAL_RE59H0WR/model.cpp:47:11: error: cannot convert 'CppAD::AD<double>' to 'double'\n   47 |   if(ISNA(eff_pred_slow)) eff_pred_slow = Type(0.1);\n      |           ^~~~~~~~~~~~~\n      |           |\n      |           CppAD::AD<double>\nC:/Users/spi085/AppData/Local/Programs/R/R-4.4.1/include/R_ext/Arith.h:64:31: note: in definition of macro 'ISNA'\n   64 | #define ISNA(x)        R_IsNA(x)\n      |                               ^\nC:/Users/spi085/AppData/Local/Programs/R/R-4.4.1/include/R_ext/Arith.h:61:12: note:   initializing argument 1 of 'int R_IsNA(double)'\n   61 | int R_IsNA(double);             /* True for R's NA only */\n      |            ^~~~~~\nPOPULATIONS//POPULATION_0011//INDIVIDUAL_RE59H0WR/model.cpp:48:11: error: cannot convert 'CppAD::AD<double>' to 'double'\n   48 |   if(ISNA(eff_pred_fast)) eff_pred_fast = Type(0.15);\n      |           ^~~~~~~~~~~~~\n      |           |\n      |           CppAD::AD<double>\nC:/Users/spi085/AppData/Local/Programs/R/R-4.4.1/include/R_ext/Arith.h:64:31: note: in definition of macro 'ISNA'\n   64 | #define ISNA(x)        R_IsNA(x)\n      |                               ^\nC:/Users/spi085/AppData/Local/Programs/R/R-4.4.1/include/R_ext/Arith.h:61:12: note:   initializing argument 1 of 'int R_IsNA(double)'\n   61 | int R_IsNA(double);             /* True for R's NA only */\n      |            ^~~~~~\nPOPULATIONS//POPULATION_0011//INDIVIDUAL_RE59H0WR/model.cpp:49:11: error: cannot convert 'CppAD::AD<double>' to 'double'\n   49 |   if(ISNA(r_slow)) r_slow = Type(0.05);\n      |           ^~~~~~\n      |           |\n      |           CppAD::AD<double>\nC:/Users/spi085/AppData/Local/Programs/R/R-4.4.1/include/R_ext/Arith.h:64:31: note: in definition of macro 'ISNA'\n   64 | #define ISNA(x)        R_IsNA(x)\n      |                               ^\nC:/Users/spi085/AppData/Local/Programs/R/R-4.4.1/include/R_ext/Arith.h:61:12: note:   initializing argument 1 of 'int R_IsNA(double)'\n   61 | int R_IsNA(double);             /* True for R's NA only */\n      |            ^~~~~~\nPOPULATIONS//POPULATION_0011//INDIVIDUAL_RE59H0WR/model.cpp:50:11: error: cannot convert 'CppAD::AD<double>' to 'double'\n   50 |   if(ISNA(K_slow)) K_slow = Type(100.0);\n      |           ^~~~~~\n      |           |\n      |           CppAD::AD<double>\nC:/Users/spi085/AppData/Local/Programs/R/R-4.4.1/include/R_ext/Arith.h:64:31: note: in definition of macro 'ISNA'\n   64 | #define ISNA(x)        R_IsNA(x)\n      |                               ^\nC:/Users/spi085/AppData/Local/Programs/R/R-4.4.1/include/R_ext/Arith.h:61:12: note:   initializing argument 1 of 'int R_IsNA(double)'\n   61 | int R_IsNA(double);             /* True for R's NA only */\n      |            ^~~~~~\nPOPULATIONS//POPULATION_0011//INDIVIDUAL_RE59H0WR/model.cpp:51:11: error: cannot convert 'CppAD::AD<double>' to 'double'\n   51 |   if(ISNA(r_fast)) r_fast = Type(0.1);\n      |           ^~~~~~\n      |           |\n      |           CppAD::AD<double>\nC:/Users/spi085/AppData/Local/Programs/R/R-4.4.1/include/R_ext/Arith.h:64:31: note: in definition of macro 'ISNA'\n   64 | #define ISNA(x)        R_IsNA(x)\n      |                               ^\nC:/Users/spi085/AppData/Local/Programs/R/R-4.4.1/include/R_ext/Arith.h:61:12: note:   initializing argument 1 of 'int R_IsNA(double)'\n   61 | int R_IsNA(double);             /* True for R's NA only */\n      |            ^~~~~~\nPOPULATIONS//POPULATION_0011//INDIVIDUAL_RE59H0WR/model.cpp:52:11: error: cannot convert 'CppAD::AD<double>' to 'double'\n   52 |   if(ISNA(K_fast)) K_fast = Type(100.0);\n      |           ^~~~~~\n      |           |\n      |           CppAD::AD<double>\nC:/Users/spi085/AppData/Local/Programs/R/R-4.4.1/include/R_ext/Arith.h:64:31: note: in definition of macro 'ISNA'\n   64 | #define ISNA(x)        R_IsNA(x)\n      |                               ^\nC:/Users/spi085/AppData/Local/Programs/R/R-4.4.1/include/R_ext/Arith.h:61:12: note:   initializing argument 1 of 'int R_IsNA(double)'\n   61 | int R_IsNA(double);             /* True for R's NA only */\n      |            ^~~~~~\nPOPULATIONS//POPULATION_0011//INDIVIDUAL_RE59H0WR/model.cpp:53:11: error: cannot convert 'CppAD::AD<double>' to 'double'\n   53 |   if(ISNA(beta_sst)) beta_sst = Type(0.01);\n      |           ^~~~~~~~\n      |           |\n      |           CppAD::AD<double>\nC:/Users/spi085/AppData/Local/Programs/R/R-4.4.1/include/R_ext/Arith.h:64:31: note: in definition of macro 'ISNA'\n   64 | #define ISNA(x)        R_IsNA(x)\n      |                               ^\nC:/Users/spi085/AppData/Local/Programs/R/R-4.4.1/include/R_ext/Arith.h:61:12: note:   initializing argument 1 of 'int R_IsNA(double)'\n   61 | int R_IsNA(double);             /* True for R's NA only */\n      |            ^~~~~~\nPOPULATIONS//POPULATION_0011//INDIVIDUAL_RE59H0WR/model.cpp:54:11: error: cannot convert 'CppAD::AD<double>' to 'double'\n   54 |   if(ISNA(alpha_sf)) alpha_sf = Type(0.05);\n      |           ^~~~~~~~\n      |           |\n      |           CppAD::AD<double>\nC:/Users/spi085/AppData/Local/Programs/R/R-4.4.1/include/R_ext/Arith.h:64:31: note: in definition of macro 'ISNA'\n   64 | #define ISNA(x)        R_IsNA(x)\n      |                               ^\nC:/Users/spi085/AppData/Local/Programs/R/R-4.4.1/include/R_ext/Arith.h:61:12: note:   initializing argument 1 of 'int R_IsNA(double)'\n   61 | int R_IsNA(double);             /* True for R's NA only */\n      |            ^~~~~~\nPOPULATIONS//POPULATION_0011//INDIVIDUAL_RE59H0WR/model.cpp:55:11: error: cannot convert 'CppAD::AD<double>' to 'double'\n   55 |   if(ISNA(alpha_fs)) alpha_fs = Type(0.05);\n      |           ^~~~~~~~\n      |           |\n      |           CppAD::AD<double>\nC:/Users/spi085/AppData/Local/Programs/R/R-4.4.1/include/R_ext/Arith.h:64:31: note: in definition of macro 'ISNA'\n   64 | #define ISNA(x)        R_IsNA(x)\n      |                               ^\nC:/Users/spi085/AppData/Local/Programs/R/R-4.4.1/include/R_ext/Arith.h:61:12: note:   initializing argument 1 of 'int R_IsNA(double)'\n   61 | int R_IsNA(double);             /* True for R's NA only */\n      |            ^~~~~~\nPOPULATIONS//POPULATION_0011//INDIVIDUAL_RE59H0WR/model.cpp: In instantiation of 'Type objective_function<Type>::operator()() [with Type = CppAD::AD<CppAD::AD<double> >]':\nC:/Users/spi085/AppData/Local/Programs/R/R-4.4.1/library/TMB/include/tmb_core.hpp:913:29:   required from 'Type objective_function<Type>::evalUserTemplate() [with Type = CppAD::AD<CppAD::AD<double> >]'\nC:/Users/spi085/AppData/Local/Programs/R/R-4.4.1/library/TMB/include/tmb_core.hpp:2112:26:   required from here\nPOPULATIONS//POPULATION_0011//INDIVIDUAL_RE59H0WR/model.cpp:46:11: error: cannot convert 'CppAD::AD<CppAD::AD<double> >' to 'double'\n   46 |   if(ISNA(r_cots)) r_cots = Type(0.5);\n      |           ^~~~~~\n      |           |\n      |           CppAD::AD<CppAD::AD<double> >\nC:/Users/spi085/AppData/Local/Programs/R/R-4.4.1/include/R_ext/Arith.h:64:31: note: in definition of macro 'ISNA'\n   64 | #define ISNA(x)        R_IsNA(x)\n      |                               ^\nC:/Users/spi085/AppData/Local/Programs/R/R-4.4.1/include/R_ext/Arith.h:61:12: note:   initializing argument 1 of 'int R_IsNA(double)'\n   61 | int R_IsNA(double);             /* True for R's NA only */\n      |            ^~~~~~\nPOPULATIONS//POPULATION_0011//INDIVIDUAL_RE59H0WR/model.cpp:47:11: error: cannot convert 'CppAD::AD<CppAD::AD<double> >' to 'double'\n   47 |   if(ISNA(eff_pred_slow)) eff_pred_slow = Type(0.1);\n      |           ^~~~~~~~~~~~~\n      |           |\n      |           CppAD::AD<CppAD::AD<double> >\nC:/Users/spi085/AppData/Local/Programs/R/R-4.4.1/include/R_ext/Arith.h:64:31: note: in definition of macro 'ISNA'\n   64 | #define ISNA(x)        R_IsNA(x)\n      |                               ^\nC:/Users/spi085/AppData/Local/Programs/R/R-4.4.1/include/R_ext/Arith.h:61:12: note:   initializing argument 1 of 'int R_IsNA(double)'\n   61 | int R_IsNA(double);             /* True for R's NA only */\n      |            ^~~~~~\nPOPULATIONS//POPULATION_0011//INDIVIDUAL_RE59H0WR/model.cpp:48:11: error: cannot convert 'CppAD::AD<CppAD::AD<double> >' to 'double'\n   48 |   if(ISNA(eff_pred_fast)) eff_pred_fast = Type(0.15);\n      |           ^~~~~~~~~~~~~\n      |           |\n      |           CppAD::AD<CppAD::AD<double> >\nC:/Users/spi085/AppData/Local/Programs/R/R-4.4.1/include/R_ext/Arith.h:64:31: note: in definition of macro 'ISNA'\n   64 | #define ISNA(x)        R_IsNA(x)\n      |                               ^\nC:/Users/spi085/AppData/Local/Programs/R/R-4.4.1/include/R_ext/Arith.h:61:12: note:   initializing argument 1 of 'int R_IsNA(double)'\n   61 | int R_IsNA(double);             /* True for R's NA only */\n      |            ^~~~~~\nPOPULATIONS//POPULATION_0011//INDIVIDUAL_RE59H0WR/model.cpp:49:11: error: cannot convert 'CppAD::AD<CppAD::AD<double> >' to 'double'\n   49 |   if(ISNA(r_slow)) r_slow = Type(0.05);\n      |           ^~~~~~\n      |           |\n      |           CppAD::AD<CppAD::AD<double> >\nC:/Users/spi085/AppData/Local/Programs/R/R-4.4.1/include/R_ext/Arith.h:64:31: note: in definition of macro 'ISNA'\n   64 | #define ISNA(x)        R_IsNA(x)\n      |                               ^\nC:/Users/spi085/AppData/Local/Programs/R/R-4.4.1/include/R_ext/Arith.h:61:12: note:   initializing argument 1 of 'int R_IsNA(double)'\n   61 | int R_IsNA(double);             /* True for R's NA only */\n      |            ^~~~~~\nPOPULATIONS//POPULATION_0011//INDIVIDUAL_RE59H0WR/model.cpp:50:11: error: cannot convert 'CppAD::AD<CppAD::AD<double> >' to 'double'\n   50 |   if(ISNA(K_slow)) K_slow = Type(100.0);\n      |           ^~~~~~\n      |           |\n      |           CppAD::AD<CppAD::AD<double> >\nC:/Users/spi085/AppData/Local/Programs/R/R-4.4.1/include/R_ext/Arith.h:64:31: note: in definition of macro 'ISNA'\n   64 | #define ISNA(x)        R_IsNA(x)\n      |                               ^\nC:/Users/spi085/AppData/Local/Programs/R/R-4.4.1/include/R_ext/Arith.h:61:12: note:   initializing argument 1 of 'int R_IsNA(double)'\n   61 | int R_IsNA(double);             /* True for R's NA only */\n      |            ^~~~~~\nPOPULATIONS//POPULATION_0011//INDIVIDUAL_RE59H0WR/model.cpp:51:11: error: cannot convert 'CppAD::AD<CppAD::AD<double> >' to 'double'\n   51 |   if(ISNA(r_fast)) r_fast = Type(0.1);\n      |           ^~~~~~\n      |           |\n      |           CppAD::AD<CppAD::AD<double> >\nC:/Users/spi085/AppData/Local/Programs/R/R-4.4.1/include/R_ext/Arith.h:64:31: note: in definition of macro 'ISNA'\n   64 | #define ISNA(x)        R_IsNA(x)\n      |                               ^\nC:/Users/spi085/AppData/Local/Programs/R/R-4.4.1/include/R_ext/Arith.h:61:12: note:   initializing argument 1 of 'int R_IsNA(double)'\n   61 | int R_IsNA(double);             /* True for R's NA only */\n      |            ^~~~~~\nPOPULATIONS//POPULATION_0011//INDIVIDUAL_RE59H0WR/model.cpp:52:11: error: cannot convert 'CppAD::AD<CppAD::AD<double> >' to 'double'\n   52 |   if(ISNA(K_fast)) K_fast = Type(100.0);\n      |           ^~~~~~\n      |           |\n      |           CppAD::AD<CppAD::AD<double> >\nC:/Users/spi085/AppData/Local/Programs/R/R-4.4.1/include/R_ext/Arith.h:64:31: note: in definition of macro 'ISNA'\n   64 | #define ISNA(x)        R_IsNA(x)\n      |                               ^\nC:/Users/spi085/AppData/Local/Programs/R/R-4.4.1/include/R_ext/Arith.h:61:12: note:   initializing argument 1 of 'int R_IsNA(double)'\n   61 | int R_IsNA(double);             /* True for R's NA only */\n      |            ^~~~~~\nPOPULATIONS//POPULATION_0011//INDIVIDUAL_RE59H0WR/model.cpp:53:11: error: cannot convert 'CppAD::AD<CppAD::AD<double> >' to 'double'\n   53 |   if(ISNA(beta_sst)) beta_sst = Type(0.01);\n      |           ^~~~~~~~\n      |           |\n      |           CppAD::AD<CppAD::AD<double> >\nC:/Users/spi085/AppData/Local/Programs/R/R-4.4.1/include/R_ext/Arith.h:64:31: note: in definition of macro 'ISNA'\n   64 | #define ISNA(x)        R_IsNA(x)\n      |                               ^\nC:/Users/spi085/AppData/Local/Programs/R/R-4.4.1/include/R_ext/Arith.h:61:12: note:   initializing argument 1 of 'int R_IsNA(double)'\n   61 | int R_IsNA(double);             /* True for R's NA only */\n      |            ^~~~~~\nPOPULATIONS//POPULATION_0011//INDIVIDUAL_RE59H0WR/model.cpp:54:11: error: cannot convert 'CppAD::AD<CppAD::AD<double> >' to 'double'\n   54 |   if(ISNA(alpha_sf)) alpha_sf = Type(0.05);\n      |           ^~~~~~~~\n      |           |\n      |           CppAD::AD<CppAD::AD<double> >\nC:/Users/spi085/AppData/Local/Programs/R/R-4.4.1/include/R_ext/Arith.h:64:31: note: in definition of macro 'ISNA'\n   64 | #define ISNA(x)        R_IsNA(x)\n      |                               ^\nC:/Users/spi085/AppData/Local/Programs/R/R-4.4.1/include/R_ext/Arith.h:61:12: note:   initializing argument 1 of 'int R_IsNA(double)'\n   61 | int R_IsNA(double);             /* True for R's NA only */\n      |            ^~~~~~\nPOPULATIONS//POPULATION_0011//INDIVIDUAL_RE59H0WR/model.cpp:55:11: error: cannot convert 'CppAD::AD<CppAD::AD<double> >' to 'double'\n   55 |   if(ISNA(alpha_fs)) alpha_fs = Type(0.05);\n      |           ^~~~~~~~\n      |           |\n      |           CppAD::AD<CppAD::AD<double> >\nC:/Users/spi085/AppData/Local/Programs/R/R-4.4.1/include/R_ext/Arith.h:64:31: note: in definition of macro 'ISNA'\n   64 | #define ISNA(x)        R_IsNA(x)\n      |                               ^\nC:/Users/spi085/AppData/Local/Programs/R/R-4.4.1/include/R_ext/Arith.h:61:12: note:   initializing argument 1 of 'int R_IsNA(double)'\n   61 | int R_IsNA(double);             /* True for R's NA only */\n      |            ^~~~~~\nPOPULATIONS//POPULATION_0011//INDIVIDUAL_RE59H0WR/model.cpp: In instantiation of 'Type objective_function<Type>::operator()() [with Type = CppAD::AD<CppAD::AD<CppAD::AD<double> > >]':\nC:/Users/spi085/AppData/Local/Programs/R/R-4.4.1/library/TMB/include/tmb_core.hpp:913:29:   required from 'Type objective_function<Type>::evalUserTemplate() [with Type = CppAD::AD<CppAD::AD<CppAD::AD<double> > >]'\nC:/Users/spi085/AppData/Local/Programs/R/R-4.4.1/library/TMB/include/tmb_core.hpp:2361:28:   required from here\nPOPULATIONS//POPULATION_0011//INDIVIDUAL_RE59H0WR/model.cpp:46:11: error: cannot convert 'CppAD::AD<CppAD::AD<CppAD::AD<double> > >' to 'double'\n   46 |   if(ISNA(r_cots)) r_cots = Type(0.5);\n      |           ^~~~~~\n      |           |\n      |           CppAD::AD<CppAD::AD<CppAD::AD<double> > >\nC:/Users/spi085/AppData/Local/Programs/R/R-4.4.1/include/R_ext/Arith.h:64:31: note: in definition of macro 'ISNA'\n   64 | #define ISNA(x)        R_IsNA(x)\n      |                               ^\nC:/Users/spi085/AppData/Local/Programs/R/R-4.4.1/include/R_ext/Arith.h:61:12: note:   initializing argument 1 of 'int R_IsNA(double)'\n   61 | int R_IsNA(double);             /* True for R's NA only */\n      |            ^~~~~~\nPOPULATIONS//POPULATION_0011//INDIVIDUAL_RE59H0WR/model.cpp:47:11: error: cannot convert 'CppAD::AD<CppAD::AD<CppAD::AD<double> > >' to 'double'\n   47 |   if(ISNA(eff_pred_slow)) eff_pred_slow = Type(0.1);\n      |           ^~~~~~~~~~~~~\n      |           |\n      |           CppAD::AD<CppAD::AD<CppAD::AD<double> > >\nC:/Users/spi085/AppData/Local/Programs/R/R-4.4.1/include/R_ext/Arith.h:64:31: note: in definition of macro 'ISNA'\n   64 | #define ISNA(x)        R_IsNA(x)\n      |                               ^\nC:/Users/spi085/AppData/Local/Programs/R/R-4.4.1/include/R_ext/Arith.h:61:12: note:   initializing argument 1 of 'int R_IsNA(double)'\n   61 | int R_IsNA(double);             /* True for R's NA only */\n      |            ^~~~~~\nPOPULATIONS//POPULATION_0011//INDIVIDUAL_RE59H0WR/model.cpp:48:11: error: cannot convert 'CppAD::AD<CppAD::AD<CppAD::AD<double> > >' to 'double'\n   48 |   if(ISNA(eff_pred_fast)) eff_pred_fast = Type(0.15);\n      |           ^~~~~~~~~~~~~\n      |           |\n      |           CppAD::AD<CppAD::AD<CppAD::AD<double> > >\nC:/Users/spi085/AppData/Local/Programs/R/R-4.4.1/include/R_ext/Arith.h:64:31: note: in definition of macro 'ISNA'\n   64 | #define ISNA(x)        R_IsNA(x)\n      |                               ^\nC:/Users/spi085/AppData/Local/Programs/R/R-4.4.1/include/R_ext/Arith.h:61:12: note:   initializing argument 1 of 'int R_IsNA(double)'\n   61 | int R_IsNA(double);             /* True for R's NA only */\n      |            ^~~~~~\nPOPULATIONS//POPULATION_0011//INDIVIDUAL_RE59H0WR/model.cpp:49:11: error: cannot convert 'CppAD::AD<CppAD::AD<CppAD::AD<double> > >' to 'double'\n   49 |   if(ISNA(r_slow)) r_slow = Type(0.05);\n      |           ^~~~~~\n      |           |\n      |           CppAD::AD<CppAD::AD<CppAD::AD<double> > >\nC:/Users/spi085/AppData/Local/Programs/R/R-4.4.1/include/R_ext/Arith.h:64:31: note: in definition of macro 'ISNA'\n   64 | #define ISNA(x)        R_IsNA(x)\n      |                               ^\nC:/Users/spi085/AppData/Local/Programs/R/R-4.4.1/include/R_ext/Arith.h:61:12: note:   initializing argument 1 of 'int R_IsNA(double)'\n   61 | int R_IsNA(double);             /* True for R's NA only */\n      |            ^~~~~~\nPOPULATIONS//POPULATION_0011//INDIVIDUAL_RE59H0WR/model.cpp:50:11: error: cannot convert 'CppAD::AD<CppAD::AD<CppAD::AD<double> > >' to 'double'\n   50 |   if(ISNA(K_slow)) K_slow = Type(100.0);\n      |           ^~~~~~\n      |           |\n      |           CppAD::AD<CppAD::AD<CppAD::AD<double> > >\nC:/Users/spi085/AppData/Local/Programs/R/R-4.4.1/include/R_ext/Arith.h:64:31: note: in definition of macro 'ISNA'\n   64 | #define ISNA(x)        R_IsNA(x)\n      |                               ^\nC:/Users/spi085/AppData/Local/Programs/R/R-4.4.1/include/R_ext/Arith.h:61:12: note:   initializing argument 1 of 'int R_IsNA(double)'\n   61 | int R_IsNA(double);             /* True for R's NA only */\n      |            ^~~~~~\nPOPULATIONS//POPULATION_0011//INDIVIDUAL_RE59H0WR/model.cpp:51:11: error: cannot convert 'CppAD::AD<CppAD::AD<CppAD::AD<double> > >' to 'double'\n   51 |   if(ISNA(r_fast)) r_fast = Type(0.1);\n      |           ^~~~~~\n      |           |\n      |           CppAD::AD<CppAD::AD<CppAD::AD<double> > >\nC:/Users/spi085/AppData/Local/Programs/R/R-4.4.1/include/R_ext/Arith.h:64:31: note: in definition of macro 'ISNA'\n   64 | #define ISNA(x)        R_IsNA(x)\n      |                               ^\nC:/Users/spi085/AppData/Local/Programs/R/R-4.4.1/include/R_ext/Arith.h:61:12: note:   initializing argument 1 of 'int R_IsNA(double)'\n   61 | int R_IsNA(double);             /* True for R's NA only */\n      |            ^~~~~~\nPOPULATIONS//POPULATION_0011//INDIVIDUAL_RE59H0WR/model.cpp:52:11: error: cannot convert 'CppAD::AD<CppAD::AD<CppAD::AD<double> > >' to 'double'\n   52 |   if(ISNA(K_fast)) K_fast = Type(100.0);\n      |           ^~~~~~\n      |           |\n      |           CppAD::AD<CppAD::AD<CppAD::AD<double> > >\nC:/Users/spi085/AppData/Local/Programs/R/R-4.4.1/include/R_ext/Arith.h:64:31: note: in definition of macro 'ISNA'\n   64 | #define ISNA(x)        R_IsNA(x)\n      |                               ^\nC:/Users/spi085/AppData/Local/Programs/R/R-4.4.1/include/R_ext/Arith.h:61:12: note:   initializing argument 1 of 'int R_IsNA(double)'\n   61 | int R_IsNA(double);             /* True for R's NA only */\n      |            ^~~~~~\nPOPULATIONS//POPULATION_0011//INDIVIDUAL_RE59H0WR/model.cpp:53:11: error: cannot convert 'CppAD::AD<CppAD::AD<CppAD::AD<double> > >' to 'double'\n   53 |   if(ISNA(beta_sst)) beta_sst = Type(0.01);\n      |           ^~~~~~~~\n      |           |\n      |           CppAD::AD<CppAD::AD<CppAD::AD<double> > >\nC:/Users/spi085/AppData/Local/Programs/R/R-4.4.1/include/R_ext/Arith.h:64:31: note: in definition of macro 'ISNA'\n   64 | #define ISNA(x)        R_IsNA(x)\n      |                               ^\nC:/Users/spi085/AppData/Local/Programs/R/R-4.4.1/include/R_ext/Arith.h:61:12: note:   initializing argument 1 of 'int R_IsNA(double)'\n   61 | int R_IsNA(double);             /* True for R's NA only */\n      |            ^~~~~~\nPOPULATIONS//POPULATION_0011//INDIVIDUAL_RE59H0WR/model.cpp:54:11: error: cannot convert 'CppAD::AD<CppAD::AD<CppAD::AD<double> > >' to 'double'\n   54 |   if(ISNA(alpha_sf)) alpha_sf = Type(0.05);\n      |           ^~~~~~~~\n      |           |\n      |           CppAD::AD<CppAD::AD<CppAD::AD<double> > >\nC:/Users/spi085/AppData/Local/Programs/R/R-4.4.1/include/R_ext/Arith.h:64:31: note: in definition of macro 'ISNA'\n   64 | #define ISNA(x)        R_IsNA(x)\n      |                               ^\nC:/Users/spi085/AppData/Local/Programs/R/R-4.4.1/include/R_ext/Arith.h:61:12: note:   initializing argument 1 of 'int R_IsNA(double)'\n   61 | int R_IsNA(double);             /* True for R's NA only */\n      |            ^~~~~~\nPOPULATIONS//POPULATION_0011//INDIVIDUAL_RE59H0WR/model.cpp:55:11: error: cannot convert 'CppAD::AD<CppAD::AD<CppAD::AD<double> > >' to 'double'\n   55 |   if(ISNA(alpha_fs)) alpha_fs = Type(0.05);\n      |           ^~~~~~~~\n      |           |\n      |           CppAD::AD<CppAD::AD<CppAD::AD<double> > >\nC:/Users/spi085/AppData/Local/Programs/R/R-4.4.1/include/R_ext/Arith.h:64:31: note: in definition of macro 'ISNA'\n   64 | #define ISNA(x)        R_IsNA(x)\n      |                               ^\nC:/Users/spi085/AppData/Local/Programs/R/R-4.4.1/include/R_ext/Arith.h:61:12: note:   initializing argument 1 of 'int R_IsNA(double)'\n   61 | int R_IsNA(double);             /* True for R's NA only */\n      |            ^~~~~~\nmake: *** [C:/Users/spi085/AppData/Local/Programs/R/R-4.4.1/etc/x64/Makeconf:296: POPULATIONS//POPULATION_0011//INDIVIDUAL_RE59H0WR/model.o] Error 1\nError in TMB::compile(file.path(individual_dir, model_file), flags = flags,  : \n  Compilation failed\nError: Compilation failed\nExecution halted"
    },
    "4": {
      "status": "ERROR",
      "message": "Model failed to compile.",
      "stdout": "g++ -std=gnu++17  -I\"C:/Users/spi085/AppData/Local/Programs/R/R-4.4.1/include\" -DNDEBUG -I\"C:/Users/spi085/AppData/Local/Programs/R/R-44~1.1/library/TMB/include\" -I\"C:/Users/spi085/AppData/Local/Programs/R/R-44~1.1/library/RCPPEI~1/include\"   -DTMB_EIGEN_DISABLE_WARNINGS   -DTMB_LIB_INIT=R_init_model  -DCPPAD_FRAMEWORK    -I\"C:/rtools44/x86_64-w64-mingw32.static.posix/include\"     -O2 -Wa,-mbig-obj -c POPULATIONS//POPULATION_0011//INDIVIDUAL_RE59H0WR/model.cpp -o POPULATIONS//POPULATION_0011//INDIVIDUAL_RE59H0WR/model.o",
      "stderr": "Loading required package: TMB\nLoading required package: jsonlite\nhere() starts at C:/Users/spi085/OneDrive - CSIRO/Documents/_Projects/SCCP-QuantModelling\nusing C++ compiler: 'G__~1.EXE (GCC) 13.2.0'\nPOPULATIONS//POPULATION_0011//INDIVIDUAL_RE59H0WR/model.cpp: In instantiation of 'Type objective_function<Type>::operator()() [with Type = double]':\nC:/Users/spi085/AppData/Local/Programs/R/R-4.4.1/library/TMB/include/tmb_core.hpp:2031:7:   required from here\nPOPULATIONS//POPULATION_0011//INDIVIDUAL_RE59H0WR/model.cpp:46:18: error: 'Value' was not declared in this scope; did you mean 'CppAD::Value'?\n   46 |   if(R_IsNA(Value(r_cots))) r_cots = Type(0.5);\n      |             ~~~~~^~~~~~~~\n      |             CppAD::Value\nIn file included from C:/Users/spi085/AppData/Local/Programs/R/R-4.4.1/library/TMB/include/cppad/local/convert.hpp:45,\n                 from C:/Users/spi085/AppData/Local/Programs/R/R-4.4.1/library/TMB/include/cppad/local/user_ad.hpp:68,\n                 from C:/Users/spi085/AppData/Local/Programs/R/R-4.4.1/library/TMB/include/cppad/cppad.hpp:82,\n                 from C:/Users/spi085/AppData/Local/Programs/R/R-4.4.1/library/TMB/include/TMB.hpp:121,\n                 from POPULATIONS//POPULATION_0011//INDIVIDUAL_RE59H0WR/model.cpp:1:\nC:/Users/spi085/AppData/Local/Programs/R/R-4.4.1/library/TMB/include/cppad/local/value.hpp:83:6: note: 'CppAD::Value' declared here\n   83 | Base Value(const AD<Base> &x)\n      |      ^~~~~\nPOPULATIONS//POPULATION_0011//INDIVIDUAL_RE59H0WR/model.cpp:47:18: error: 'Value' was not declared in this scope; did you mean 'CppAD::Value'?\n   47 |   if(R_IsNA(Value(eff_pred_slow))) eff_pred_slow = Type(0.1);\n      |             ~~~~~^~~~~~~~~~~~~~~\n      |             CppAD::Value\nC:/Users/spi085/AppData/Local/Programs/R/R-4.4.1/library/TMB/include/cppad/local/value.hpp:83:6: note: 'CppAD::Value' declared here\n   83 | Base Value(const AD<Base> &x)\n      |      ^~~~~\nPOPULATIONS//POPULATION_0011//INDIVIDUAL_RE59H0WR/model.cpp:48:18: error: 'Value' was not declared in this scope; did you mean 'CppAD::Value'?\n   48 |   if(R_IsNA(Value(eff_pred_fast))) eff_pred_fast = Type(0.15);\n      |             ~~~~~^~~~~~~~~~~~~~~\n      |             CppAD::Value\nC:/Users/spi085/AppData/Local/Programs/R/R-4.4.1/library/TMB/include/cppad/local/value.hpp:83:6: note: 'CppAD::Value' declared here\n   83 | Base Value(const AD<Base> &x)\n      |      ^~~~~\nPOPULATIONS//POPULATION_0011//INDIVIDUAL_RE59H0WR/model.cpp:49:18: error: 'Value' was not declared in this scope; did you mean 'CppAD::Value'?\n   49 |   if(R_IsNA(Value(r_slow))) r_slow = Type(0.05);\n      |             ~~~~~^~~~~~~~\n      |             CppAD::Value\nC:/Users/spi085/AppData/Local/Programs/R/R-4.4.1/library/TMB/include/cppad/local/value.hpp:83:6: note: 'CppAD::Value' declared here\n   83 | Base Value(const AD<Base> &x)\n      |      ^~~~~\nPOPULATIONS//POPULATION_0011//INDIVIDUAL_RE59H0WR/model.cpp:50:18: error: 'Value' was not declared in this scope; did you mean 'CppAD::Value'?\n   50 |   if(R_IsNA(Value(K_slow))) K_slow = Type(100.0);\n      |             ~~~~~^~~~~~~~\n      |             CppAD::Value\nC:/Users/spi085/AppData/Local/Programs/R/R-4.4.1/library/TMB/include/cppad/local/value.hpp:83:6: note: 'CppAD::Value' declared here\n   83 | Base Value(const AD<Base> &x)\n      |      ^~~~~\nPOPULATIONS//POPULATION_0011//INDIVIDUAL_RE59H0WR/model.cpp:51:18: error: 'Value' was not declared in this scope; did you mean 'CppAD::Value'?\n   51 |   if(R_IsNA(Value(r_fast))) r_fast = Type(0.1);\n      |             ~~~~~^~~~~~~~\n      |             CppAD::Value\nC:/Users/spi085/AppData/Local/Programs/R/R-4.4.1/library/TMB/include/cppad/local/value.hpp:83:6: note: 'CppAD::Value' declared here\n   83 | Base Value(const AD<Base> &x)\n      |      ^~~~~\nPOPULATIONS//POPULATION_0011//INDIVIDUAL_RE59H0WR/model.cpp:52:18: error: 'Value' was not declared in this scope; did you mean 'CppAD::Value'?\n   52 |   if(R_IsNA(Value(K_fast))) K_fast = Type(100.0);\n      |             ~~~~~^~~~~~~~\n      |             CppAD::Value\nC:/Users/spi085/AppData/Local/Programs/R/R-4.4.1/library/TMB/include/cppad/local/value.hpp:83:6: note: 'CppAD::Value' declared here\n   83 | Base Value(const AD<Base> &x)\n      |      ^~~~~\nPOPULATIONS//POPULATION_0011//INDIVIDUAL_RE59H0WR/model.cpp:53:18: error: 'Value' was not declared in this scope; did you mean 'CppAD::Value'?\n   53 |   if(R_IsNA(Value(beta_sst))) beta_sst = Type(0.01);\n      |             ~~~~~^~~~~~~~~~\n      |             CppAD::Value\nC:/Users/spi085/AppData/Local/Programs/R/R-4.4.1/library/TMB/include/cppad/local/value.hpp:83:6: note: 'CppAD::Value' declared here\n   83 | Base Value(const AD<Base> &x)\n      |      ^~~~~\nPOPULATIONS//POPULATION_0011//INDIVIDUAL_RE59H0WR/model.cpp:54:18: error: 'Value' was not declared in this scope; did you mean 'CppAD::Value'?\n   54 |   if(R_IsNA(Value(alpha_sf))) alpha_sf = Type(0.05);\n      |             ~~~~~^~~~~~~~~~\n      |             CppAD::Value\nC:/Users/spi085/AppData/Local/Programs/R/R-4.4.1/library/TMB/include/cppad/local/value.hpp:83:6: note: 'CppAD::Value' declared here\n   83 | Base Value(const AD<Base> &x)\n      |      ^~~~~\nPOPULATIONS//POPULATION_0011//INDIVIDUAL_RE59H0WR/model.cpp:55:18: error: 'Value' was not declared in this scope; did you mean 'CppAD::Value'?\n   55 |   if(R_IsNA(Value(alpha_fs))) alpha_fs = Type(0.05);\n      |             ~~~~~^~~~~~~~~~\n      |             CppAD::Value\nC:/Users/spi085/AppData/Local/Programs/R/R-4.4.1/library/TMB/include/cppad/local/value.hpp:83:6: note: 'CppAD::Value' declared here\n   83 | Base Value(const AD<Base> &x)\n      |      ^~~~~\nPOPULATIONS//POPULATION_0011//INDIVIDUAL_RE59H0WR/model.cpp: In instantiation of 'Type objective_function<Type>::operator()() [with Type = CppAD::AD<CppAD::AD<double> >]':\nC:/Users/spi085/AppData/Local/Programs/R/R-4.4.1/library/TMB/include/tmb_core.hpp:913:29:   required from 'Type objective_function<Type>::evalUserTemplate() [with Type = CppAD::AD<CppAD::AD<double> >]'\nC:/Users/spi085/AppData/Local/Programs/R/R-4.4.1/library/TMB/include/tmb_core.hpp:2112:26:   required from here\nPOPULATIONS//POPULATION_0011//INDIVIDUAL_RE59H0WR/model.cpp:46:12: error: cannot convert 'CppAD::AD<double>' to 'double'\n   46 |   if(R_IsNA(Value(r_cots))) r_cots = Type(0.5);\n      |      ~~~~~~^~~~~~~~~~~~~~~\n      |            |\n      |            CppAD::AD<double>\nIn file included from C:/Users/spi085/AppData/Local/Programs/R/R-4.4.1/include/R.h:69,\n                 from C:/Users/spi085/AppData/Local/Programs/R/R-4.4.1/library/TMB/include/TMB.hpp:172:\nC:/Users/spi085/AppData/Local/Programs/R/R-4.4.1/include/R_ext/Arith.h:61:12: note:   initializing argument 1 of 'int R_IsNA(double)'\n   61 | int R_IsNA(double);             /* True for R's NA only */\n      |            ^~~~~~\nPOPULATIONS//POPULATION_0011//INDIVIDUAL_RE59H0WR/model.cpp:47:12: error: cannot convert 'CppAD::AD<double>' to 'double'\n   47 |   if(R_IsNA(Value(eff_pred_slow))) eff_pred_slow = Type(0.1);\n      |      ~~~~~~^~~~~~~~~~~~~~~~~~~~~~\n      |            |\n      |            CppAD::AD<double>\nC:/Users/spi085/AppData/Local/Programs/R/R-4.4.1/include/R_ext/Arith.h:61:12: note:   initializing argument 1 of 'int R_IsNA(double)'\n   61 | int R_IsNA(double);             /* True for R's NA only */\n      |            ^~~~~~\nPOPULATIONS//POPULATION_0011//INDIVIDUAL_RE59H0WR/model.cpp:48:12: error: cannot convert 'CppAD::AD<double>' to 'double'\n   48 |   if(R_IsNA(Value(eff_pred_fast))) eff_pred_fast = Type(0.15);\n      |      ~~~~~~^~~~~~~~~~~~~~~~~~~~~~\n      |            |\n      |            CppAD::AD<double>\nC:/Users/spi085/AppData/Local/Programs/R/R-4.4.1/include/R_ext/Arith.h:61:12: note:   initializing argument 1 of 'int R_IsNA(double)'\n   61 | int R_IsNA(double);             /* True for R's NA only */\n      |            ^~~~~~\nPOPULATIONS//POPULATION_0011//INDIVIDUAL_RE59H0WR/model.cpp:49:12: error: cannot convert 'CppAD::AD<double>' to 'double'\n   49 |   if(R_IsNA(Value(r_slow))) r_slow = Type(0.05);\n      |      ~~~~~~^~~~~~~~~~~~~~~\n      |            |\n      |            CppAD::AD<double>\nC:/Users/spi085/AppData/Local/Programs/R/R-4.4.1/include/R_ext/Arith.h:61:12: note:   initializing argument 1 of 'int R_IsNA(double)'\n   61 | int R_IsNA(double);             /* True for R's NA only */\n      |            ^~~~~~\nPOPULATIONS//POPULATION_0011//INDIVIDUAL_RE59H0WR/model.cpp:50:12: error: cannot convert 'CppAD::AD<double>' to 'double'\n   50 |   if(R_IsNA(Value(K_slow))) K_slow = Type(100.0);\n      |      ~~~~~~^~~~~~~~~~~~~~~\n      |            |\n      |            CppAD::AD<double>\nC:/Users/spi085/AppData/Local/Programs/R/R-4.4.1/include/R_ext/Arith.h:61:12: note:   initializing argument 1 of 'int R_IsNA(double)'\n   61 | int R_IsNA(double);             /* True for R's NA only */\n      |            ^~~~~~\nPOPULATIONS//POPULATION_0011//INDIVIDUAL_RE59H0WR/model.cpp:51:12: error: cannot convert 'CppAD::AD<double>' to 'double'\n   51 |   if(R_IsNA(Value(r_fast))) r_fast = Type(0.1);\n      |      ~~~~~~^~~~~~~~~~~~~~~\n      |            |\n      |            CppAD::AD<double>\nC:/Users/spi085/AppData/Local/Programs/R/R-4.4.1/include/R_ext/Arith.h:61:12: note:   initializing argument 1 of 'int R_IsNA(double)'\n   61 | int R_IsNA(double);             /* True for R's NA only */\n      |            ^~~~~~\nPOPULATIONS//POPULATION_0011//INDIVIDUAL_RE59H0WR/model.cpp:52:12: error: cannot convert 'CppAD::AD<double>' to 'double'\n   52 |   if(R_IsNA(Value(K_fast))) K_fast = Type(100.0);\n      |      ~~~~~~^~~~~~~~~~~~~~~\n      |            |\n      |            CppAD::AD<double>\nC:/Users/spi085/AppData/Local/Programs/R/R-4.4.1/include/R_ext/Arith.h:61:12: note:   initializing argument 1 of 'int R_IsNA(double)'\n   61 | int R_IsNA(double);             /* True for R's NA only */\n      |            ^~~~~~\nPOPULATIONS//POPULATION_0011//INDIVIDUAL_RE59H0WR/model.cpp:53:12: error: cannot convert 'CppAD::AD<double>' to 'double'\n   53 |   if(R_IsNA(Value(beta_sst))) beta_sst = Type(0.01);\n      |      ~~~~~~^~~~~~~~~~~~~~~~~\n      |            |\n      |            CppAD::AD<double>\nC:/Users/spi085/AppData/Local/Programs/R/R-4.4.1/include/R_ext/Arith.h:61:12: note:   initializing argument 1 of 'int R_IsNA(double)'\n   61 | int R_IsNA(double);             /* True for R's NA only */\n      |            ^~~~~~\nPOPULATIONS//POPULATION_0011//INDIVIDUAL_RE59H0WR/model.cpp:54:12: error: cannot convert 'CppAD::AD<double>' to 'double'\n   54 |   if(R_IsNA(Value(alpha_sf))) alpha_sf = Type(0.05);\n      |      ~~~~~~^~~~~~~~~~~~~~~~~\n      |            |\n      |            CppAD::AD<double>\nC:/Users/spi085/AppData/Local/Programs/R/R-4.4.1/include/R_ext/Arith.h:61:12: note:   initializing argument 1 of 'int R_IsNA(double)'\n   61 | int R_IsNA(double);             /* True for R's NA only */\n      |            ^~~~~~\nPOPULATIONS//POPULATION_0011//INDIVIDUAL_RE59H0WR/model.cpp:55:12: error: cannot convert 'CppAD::AD<double>' to 'double'\n   55 |   if(R_IsNA(Value(alpha_fs))) alpha_fs = Type(0.05);\n      |      ~~~~~~^~~~~~~~~~~~~~~~~\n      |            |\n      |            CppAD::AD<double>\nC:/Users/spi085/AppData/Local/Programs/R/R-4.4.1/include/R_ext/Arith.h:61:12: note:   initializing argument 1 of 'int R_IsNA(double)'\n   61 | int R_IsNA(double);             /* True for R's NA only */\n      |            ^~~~~~\nPOPULATIONS//POPULATION_0011//INDIVIDUAL_RE59H0WR/model.cpp: In instantiation of 'Type objective_function<Type>::operator()() [with Type = CppAD::AD<CppAD::AD<CppAD::AD<double> > >]':\nC:/Users/spi085/AppData/Local/Programs/R/R-4.4.1/library/TMB/include/tmb_core.hpp:913:29:   required from 'Type objective_function<Type>::evalUserTemplate() [with Type = CppAD::AD<CppAD::AD<CppAD::AD<double> > >]'\nC:/Users/spi085/AppData/Local/Programs/R/R-4.4.1/library/TMB/include/tmb_core.hpp:2361:28:   required from here\nPOPULATIONS//POPULATION_0011//INDIVIDUAL_RE59H0WR/model.cpp:46:12: error: cannot convert 'CppAD::AD<CppAD::AD<double> >' to 'double'\n   46 |   if(R_IsNA(Value(r_cots))) r_cots = Type(0.5);\n      |      ~~~~~~^~~~~~~~~~~~~~~\n      |            |\n      |            CppAD::AD<CppAD::AD<double> >\nC:/Users/spi085/AppData/Local/Programs/R/R-4.4.1/include/R_ext/Arith.h:61:12: note:   initializing argument 1 of 'int R_IsNA(double)'\n   61 | int R_IsNA(double);             /* True for R's NA only */\n      |            ^~~~~~\nPOPULATIONS//POPULATION_0011//INDIVIDUAL_RE59H0WR/model.cpp:47:12: error: cannot convert 'CppAD::AD<CppAD::AD<double> >' to 'double'\n   47 |   if(R_IsNA(Value(eff_pred_slow))) eff_pred_slow = Type(0.1);\n      |      ~~~~~~^~~~~~~~~~~~~~~~~~~~~~\n      |            |\n      |            CppAD::AD<CppAD::AD<double> >\nC:/Users/spi085/AppData/Local/Programs/R/R-4.4.1/include/R_ext/Arith.h:61:12: note:   initializing argument 1 of 'int R_IsNA(double)'\n   61 | int R_IsNA(double);             /* True for R's NA only */\n      |            ^~~~~~\nPOPULATIONS//POPULATION_0011//INDIVIDUAL_RE59H0WR/model.cpp:48:12: error: cannot convert 'CppAD::AD<CppAD::AD<double> >' to 'double'\n   48 |   if(R_IsNA(Value(eff_pred_fast))) eff_pred_fast = Type(0.15);\n      |      ~~~~~~^~~~~~~~~~~~~~~~~~~~~~\n      |            |\n      |            CppAD::AD<CppAD::AD<double> >\nC:/Users/spi085/AppData/Local/Programs/R/R-4.4.1/include/R_ext/Arith.h:61:12: note:   initializing argument 1 of 'int R_IsNA(double)'\n   61 | int R_IsNA(double);             /* True for R's NA only */\n      |            ^~~~~~\nPOPULATIONS//POPULATION_0011//INDIVIDUAL_RE59H0WR/model.cpp:49:12: error: cannot convert 'CppAD::AD<CppAD::AD<double> >' to 'double'\n   49 |   if(R_IsNA(Value(r_slow))) r_slow = Type(0.05);\n      |      ~~~~~~^~~~~~~~~~~~~~~\n      |            |\n      |            CppAD::AD<CppAD::AD<double> >\nC:/Users/spi085/AppData/Local/Programs/R/R-4.4.1/include/R_ext/Arith.h:61:12: note:   initializing argument 1 of 'int R_IsNA(double)'\n   61 | int R_IsNA(double);             /* True for R's NA only */\n      |            ^~~~~~\nPOPULATIONS//POPULATION_0011//INDIVIDUAL_RE59H0WR/model.cpp:50:12: error: cannot convert 'CppAD::AD<CppAD::AD<double> >' to 'double'\n   50 |   if(R_IsNA(Value(K_slow))) K_slow = Type(100.0);\n      |      ~~~~~~^~~~~~~~~~~~~~~\n      |            |\n      |            CppAD::AD<CppAD::AD<double> >\nC:/Users/spi085/AppData/Local/Programs/R/R-4.4.1/include/R_ext/Arith.h:61:12: note:   initializing argument 1 of 'int R_IsNA(double)'\n   61 | int R_IsNA(double);             /* True for R's NA only */\n      |            ^~~~~~\nPOPULATIONS//POPULATION_0011//INDIVIDUAL_RE59H0WR/model.cpp:51:12: error: cannot convert 'CppAD::AD<CppAD::AD<double> >' to 'double'\n   51 |   if(R_IsNA(Value(r_fast))) r_fast = Type(0.1);\n      |      ~~~~~~^~~~~~~~~~~~~~~\n      |            |\n      |            CppAD::AD<CppAD::AD<double> >\nC:/Users/spi085/AppData/Local/Programs/R/R-4.4.1/include/R_ext/Arith.h:61:12: note:   initializing argument 1 of 'int R_IsNA(double)'\n   61 | int R_IsNA(double);             /* True for R's NA only */\n      |            ^~~~~~\nPOPULATIONS//POPULATION_0011//INDIVIDUAL_RE59H0WR/model.cpp:52:12: error: cannot convert 'CppAD::AD<CppAD::AD<double> >' to 'double'\n   52 |   if(R_IsNA(Value(K_fast))) K_fast = Type(100.0);\n      |      ~~~~~~^~~~~~~~~~~~~~~\n      |            |\n      |            CppAD::AD<CppAD::AD<double> >\nC:/Users/spi085/AppData/Local/Programs/R/R-4.4.1/include/R_ext/Arith.h:61:12: note:   initializing argument 1 of 'int R_IsNA(double)'\n   61 | int R_IsNA(double);             /* True for R's NA only */\n      |            ^~~~~~\nPOPULATIONS//POPULATION_0011//INDIVIDUAL_RE59H0WR/model.cpp:53:12: error: cannot convert 'CppAD::AD<CppAD::AD<double> >' to 'double'\n   53 |   if(R_IsNA(Value(beta_sst))) beta_sst = Type(0.01);\n      |      ~~~~~~^~~~~~~~~~~~~~~~~\n      |            |\n      |            CppAD::AD<CppAD::AD<double> >\nC:/Users/spi085/AppData/Local/Programs/R/R-4.4.1/include/R_ext/Arith.h:61:12: note:   initializing argument 1 of 'int R_IsNA(double)'\n   61 | int R_IsNA(double);             /* True for R's NA only */\n      |            ^~~~~~\nPOPULATIONS//POPULATION_0011//INDIVIDUAL_RE59H0WR/model.cpp:54:12: error: cannot convert 'CppAD::AD<CppAD::AD<double> >' to 'double'\n   54 |   if(R_IsNA(Value(alpha_sf))) alpha_sf = Type(0.05);\n      |      ~~~~~~^~~~~~~~~~~~~~~~~\n      |            |\n      |            CppAD::AD<CppAD::AD<double> >\nC:/Users/spi085/AppData/Local/Programs/R/R-4.4.1/include/R_ext/Arith.h:61:12: note:   initializing argument 1 of 'int R_IsNA(double)'\n   61 | int R_IsNA(double);             /* True for R's NA only */\n      |            ^~~~~~\nPOPULATIONS//POPULATION_0011//INDIVIDUAL_RE59H0WR/model.cpp:55:12: error: cannot convert 'CppAD::AD<CppAD::AD<double> >' to 'double'\n   55 |   if(R_IsNA(Value(alpha_fs))) alpha_fs = Type(0.05);\n      |      ~~~~~~^~~~~~~~~~~~~~~~~\n      |            |\n      |            CppAD::AD<CppAD::AD<double> >\nC:/Users/spi085/AppData/Local/Programs/R/R-4.4.1/include/R_ext/Arith.h:61:12: note:   initializing argument 1 of 'int R_IsNA(double)'\n   61 | int R_IsNA(double);             /* True for R's NA only */\n      |            ^~~~~~\nmake: *** [C:/Users/spi085/AppData/Local/Programs/R/R-4.4.1/etc/x64/Makeconf:296: POPULATIONS//POPULATION_0011//INDIVIDUAL_RE59H0WR/model.o] Error 1\nError in TMB::compile(file.path(individual_dir, model_file), flags = flags,  : \n  Compilation failed\nError: Compilation failed\nExecution halted"
    },
    "5": {
      "status": "ERROR",
      "message": "Model failed to compile.",
      "stdout": "g++ -std=gnu++17  -I\"C:/Users/spi085/AppData/Local/Programs/R/R-4.4.1/include\" -DNDEBUG -I\"C:/Users/spi085/AppData/Local/Programs/R/R-44~1.1/library/TMB/include\" -I\"C:/Users/spi085/AppData/Local/Programs/R/R-44~1.1/library/RCPPEI~1/include\"   -DTMB_EIGEN_DISABLE_WARNINGS   -DTMB_LIB_INIT=R_init_model  -DCPPAD_FRAMEWORK    -I\"C:/rtools44/x86_64-w64-mingw32.static.posix/include\"     -O2 -Wa,-mbig-obj -c POPULATIONS//POPULATION_0011//INDIVIDUAL_RE59H0WR/model.cpp -o POPULATIONS//POPULATION_0011//INDIVIDUAL_RE59H0WR/model.o",
      "stderr": "Loading required package: TMB\nLoading required package: jsonlite\nhere() starts at C:/Users/spi085/OneDrive - CSIRO/Documents/_Projects/SCCP-QuantModelling\nusing C++ compiler: 'G__~1.EXE (GCC) 13.2.0'\nPOPULATIONS//POPULATION_0011//INDIVIDUAL_RE59H0WR/model.cpp: In instantiation of 'Type objective_function<Type>::operator()() [with Type = double]':\nC:/Users/spi085/AppData/Local/Programs/R/R-4.4.1/library/TMB/include/tmb_core.hpp:2031:7:   required from here\nPOPULATIONS//POPULATION_0011//INDIVIDUAL_RE59H0WR/model.cpp:46:25: error: no matching function for call to 'Value(double&)'\n   46 |   if(R_IsNA(CppAD::Value(r_cots))) r_cots = Type(0.5);\n      |             ~~~~~~~~~~~~^~~~~~~~\nIn file included from C:/Users/spi085/AppData/Local/Programs/R/R-4.4.1/library/TMB/include/cppad/local/convert.hpp:45,\n                 from C:/Users/spi085/AppData/Local/Programs/R/R-4.4.1/library/TMB/include/cppad/local/user_ad.hpp:68,\n                 from C:/Users/spi085/AppData/Local/Programs/R/R-4.4.1/library/TMB/include/cppad/cppad.hpp:82,\n                 from C:/Users/spi085/AppData/Local/Programs/R/R-4.4.1/library/TMB/include/TMB.hpp:121,\n                 from POPULATIONS//POPULATION_0011//INDIVIDUAL_RE59H0WR/model.cpp:1:\nC:/Users/spi085/AppData/Local/Programs/R/R-4.4.1/library/TMB/include/cppad/local/value.hpp:83:6: note: candidate: 'template<class Base> Base CppAD::Value(const AD<Base>&)'\n   83 | Base Value(const AD<Base> &x)\n      |      ^~~~~\nC:/Users/spi085/AppData/Local/Programs/R/R-4.4.1/library/TMB/include/cppad/local/value.hpp:83:6: note:   template argument deduction/substitution failed:\nPOPULATIONS//POPULATION_0011//INDIVIDUAL_RE59H0WR/model.cpp:46:25: note:   mismatched types 'const CppAD::AD<Base>' and 'double'\n   46 |   if(R_IsNA(CppAD::Value(r_cots))) r_cots = Type(0.5);\n      |             ~~~~~~~~~~~~^~~~~~~~\nPOPULATIONS//POPULATION_0011//INDIVIDUAL_RE59H0WR/model.cpp:47:25: error: no matching function for call to 'Value(double&)'\n   47 |   if(R_IsNA(CppAD::Value(eff_pred_slow))) eff_pred_slow = Type(0.1);\n      |             ~~~~~~~~~~~~^~~~~~~~~~~~~~~\nC:/Users/spi085/AppData/Local/Programs/R/R-4.4.1/library/TMB/include/cppad/local/value.hpp:83:6: note: candidate: 'template<class Base> Base CppAD::Value(const AD<Base>&)'\n   83 | Base Value(const AD<Base> &x)\n      |      ^~~~~\nC:/Users/spi085/AppData/Local/Programs/R/R-4.4.1/library/TMB/include/cppad/local/value.hpp:83:6: note:   template argument deduction/substitution failed:\nPOPULATIONS//POPULATION_0011//INDIVIDUAL_RE59H0WR/model.cpp:47:25: note:   mismatched types 'const CppAD::AD<Base>' and 'double'\n   47 |   if(R_IsNA(CppAD::Value(eff_pred_slow))) eff_pred_slow = Type(0.1);\n      |             ~~~~~~~~~~~~^~~~~~~~~~~~~~~\nPOPULATIONS//POPULATION_0011//INDIVIDUAL_RE59H0WR/model.cpp:48:25: error: no matching function for call to 'Value(double&)'\n   48 |   if(R_IsNA(CppAD::Value(eff_pred_fast))) eff_pred_fast = Type(0.15);\n      |             ~~~~~~~~~~~~^~~~~~~~~~~~~~~\nC:/Users/spi085/AppData/Local/Programs/R/R-4.4.1/library/TMB/include/cppad/local/value.hpp:83:6: note: candidate: 'template<class Base> Base CppAD::Value(const AD<Base>&)'\n   83 | Base Value(const AD<Base> &x)\n      |      ^~~~~\nC:/Users/spi085/AppData/Local/Programs/R/R-4.4.1/library/TMB/include/cppad/local/value.hpp:83:6: note:   template argument deduction/substitution failed:\nPOPULATIONS//POPULATION_0011//INDIVIDUAL_RE59H0WR/model.cpp:48:25: note:   mismatched types 'const CppAD::AD<Base>' and 'double'\n   48 |   if(R_IsNA(CppAD::Value(eff_pred_fast))) eff_pred_fast = Type(0.15);\n      |             ~~~~~~~~~~~~^~~~~~~~~~~~~~~\nPOPULATIONS//POPULATION_0011//INDIVIDUAL_RE59H0WR/model.cpp:49:25: error: no matching function for call to 'Value(double&)'\n   49 |   if(R_IsNA(CppAD::Value(r_slow))) r_slow = Type(0.05);\n      |             ~~~~~~~~~~~~^~~~~~~~\nC:/Users/spi085/AppData/Local/Programs/R/R-4.4.1/library/TMB/include/cppad/local/value.hpp:83:6: note: candidate: 'template<class Base> Base CppAD::Value(const AD<Base>&)'\n   83 | Base Value(const AD<Base> &x)\n      |      ^~~~~\nC:/Users/spi085/AppData/Local/Programs/R/R-4.4.1/library/TMB/include/cppad/local/value.hpp:83:6: note:   template argument deduction/substitution failed:\nPOPULATIONS//POPULATION_0011//INDIVIDUAL_RE59H0WR/model.cpp:49:25: note:   mismatched types 'const CppAD::AD<Base>' and 'double'\n   49 |   if(R_IsNA(CppAD::Value(r_slow))) r_slow = Type(0.05);\n      |             ~~~~~~~~~~~~^~~~~~~~\nPOPULATIONS//POPULATION_0011//INDIVIDUAL_RE59H0WR/model.cpp:50:25: error: no matching function for call to 'Value(double&)'\n   50 |   if(R_IsNA(CppAD::Value(K_slow))) K_slow = Type(100.0);\n      |             ~~~~~~~~~~~~^~~~~~~~\nC:/Users/spi085/AppData/Local/Programs/R/R-4.4.1/library/TMB/include/cppad/local/value.hpp:83:6: note: candidate: 'template<class Base> Base CppAD::Value(const AD<Base>&)'\n   83 | Base Value(const AD<Base> &x)\n      |      ^~~~~\nC:/Users/spi085/AppData/Local/Programs/R/R-4.4.1/library/TMB/include/cppad/local/value.hpp:83:6: note:   template argument deduction/substitution failed:\nPOPULATIONS//POPULATION_0011//INDIVIDUAL_RE59H0WR/model.cpp:50:25: note:   mismatched types 'const CppAD::AD<Base>' and 'double'\n   50 |   if(R_IsNA(CppAD::Value(K_slow))) K_slow = Type(100.0);\n      |             ~~~~~~~~~~~~^~~~~~~~\nPOPULATIONS//POPULATION_0011//INDIVIDUAL_RE59H0WR/model.cpp:51:25: error: no matching function for call to 'Value(double&)'\n   51 |   if(R_IsNA(CppAD::Value(r_fast))) r_fast = Type(0.1);\n      |             ~~~~~~~~~~~~^~~~~~~~\nC:/Users/spi085/AppData/Local/Programs/R/R-4.4.1/library/TMB/include/cppad/local/value.hpp:83:6: note: candidate: 'template<class Base> Base CppAD::Value(const AD<Base>&)'\n   83 | Base Value(const AD<Base> &x)\n      |      ^~~~~\nC:/Users/spi085/AppData/Local/Programs/R/R-4.4.1/library/TMB/include/cppad/local/value.hpp:83:6: note:   template argument deduction/substitution failed:\nPOPULATIONS//POPULATION_0011//INDIVIDUAL_RE59H0WR/model.cpp:51:25: note:   mismatched types 'const CppAD::AD<Base>' and 'double'\n   51 |   if(R_IsNA(CppAD::Value(r_fast))) r_fast = Type(0.1);\n      |             ~~~~~~~~~~~~^~~~~~~~\nPOPULATIONS//POPULATION_0011//INDIVIDUAL_RE59H0WR/model.cpp:52:25: error: no matching function for call to 'Value(double&)'\n   52 |   if(R_IsNA(CppAD::Value(K_fast))) K_fast = Type(100.0);\n      |             ~~~~~~~~~~~~^~~~~~~~\nC:/Users/spi085/AppData/Local/Programs/R/R-4.4.1/library/TMB/include/cppad/local/value.hpp:83:6: note: candidate: 'template<class Base> Base CppAD::Value(const AD<Base>&)'\n   83 | Base Value(const AD<Base> &x)\n      |      ^~~~~\nC:/Users/spi085/AppData/Local/Programs/R/R-4.4.1/library/TMB/include/cppad/local/value.hpp:83:6: note:   template argument deduction/substitution failed:\nPOPULATIONS//POPULATION_0011//INDIVIDUAL_RE59H0WR/model.cpp:52:25: note:   mismatched types 'const CppAD::AD<Base>' and 'double'\n   52 |   if(R_IsNA(CppAD::Value(K_fast))) K_fast = Type(100.0);\n      |             ~~~~~~~~~~~~^~~~~~~~\nPOPULATIONS//POPULATION_0011//INDIVIDUAL_RE59H0WR/model.cpp:53:25: error: no matching function for call to 'Value(double&)'\n   53 |   if(R_IsNA(CppAD::Value(beta_sst))) beta_sst = Type(0.01);\n      |             ~~~~~~~~~~~~^~~~~~~~~~\nC:/Users/spi085/AppData/Local/Programs/R/R-4.4.1/library/TMB/include/cppad/local/value.hpp:83:6: note: candidate: 'template<class Base> Base CppAD::Value(const AD<Base>&)'\n   83 | Base Value(const AD<Base> &x)\n      |      ^~~~~\nC:/Users/spi085/AppData/Local/Programs/R/R-4.4.1/library/TMB/include/cppad/local/value.hpp:83:6: note:   template argument deduction/substitution failed:\nPOPULATIONS//POPULATION_0011//INDIVIDUAL_RE59H0WR/model.cpp:53:25: note:   mismatched types 'const CppAD::AD<Base>' and 'double'\n   53 |   if(R_IsNA(CppAD::Value(beta_sst))) beta_sst = Type(0.01);\n      |             ~~~~~~~~~~~~^~~~~~~~~~\nPOPULATIONS//POPULATION_0011//INDIVIDUAL_RE59H0WR/model.cpp:54:25: error: no matching function for call to 'Value(double&)'\n   54 |   if(R_IsNA(CppAD::Value(alpha_sf))) alpha_sf = Type(0.05);\n      |             ~~~~~~~~~~~~^~~~~~~~~~\nC:/Users/spi085/AppData/Local/Programs/R/R-4.4.1/library/TMB/include/cppad/local/value.hpp:83:6: note: candidate: 'template<class Base> Base CppAD::Value(const AD<Base>&)'\n   83 | Base Value(const AD<Base> &x)\n      |      ^~~~~\nC:/Users/spi085/AppData/Local/Programs/R/R-4.4.1/library/TMB/include/cppad/local/value.hpp:83:6: note:   template argument deduction/substitution failed:\nPOPULATIONS//POPULATION_0011//INDIVIDUAL_RE59H0WR/model.cpp:54:25: note:   mismatched types 'const CppAD::AD<Base>' and 'double'\n   54 |   if(R_IsNA(CppAD::Value(alpha_sf))) alpha_sf = Type(0.05);\n      |             ~~~~~~~~~~~~^~~~~~~~~~\nPOPULATIONS//POPULATION_0011//INDIVIDUAL_RE59H0WR/model.cpp:55:25: error: no matching function for call to 'Value(double&)'\n   55 |   if(R_IsNA(CppAD::Value(alpha_fs))) alpha_fs = Type(0.05);\n      |             ~~~~~~~~~~~~^~~~~~~~~~\nC:/Users/spi085/AppData/Local/Programs/R/R-4.4.1/library/TMB/include/cppad/local/value.hpp:83:6: note: candidate: 'template<class Base> Base CppAD::Value(const AD<Base>&)'\n   83 | Base Value(const AD<Base> &x)\n      |      ^~~~~\nC:/Users/spi085/AppData/Local/Programs/R/R-4.4.1/library/TMB/include/cppad/local/value.hpp:83:6: note:   template argument deduction/substitution failed:\nPOPULATIONS//POPULATION_0011//INDIVIDUAL_RE59H0WR/model.cpp:55:25: note:   mismatched types 'const CppAD::AD<Base>' and 'double'\n   55 |   if(R_IsNA(CppAD::Value(alpha_fs))) alpha_fs = Type(0.05);\n      |             ~~~~~~~~~~~~^~~~~~~~~~\nPOPULATIONS//POPULATION_0011//INDIVIDUAL_RE59H0WR/model.cpp: In instantiation of 'Type objective_function<Type>::operator()() [with Type = CppAD::AD<CppAD::AD<double> >]':\nC:/Users/spi085/AppData/Local/Programs/R/R-4.4.1/library/TMB/include/tmb_core.hpp:913:29:   required from 'Type objective_function<Type>::evalUserTemplate() [with Type = CppAD::AD<CppAD::AD<double> >]'\nC:/Users/spi085/AppData/Local/Programs/R/R-4.4.1/library/TMB/include/tmb_core.hpp:2112:26:   required from here\nPOPULATIONS//POPULATION_0011//INDIVIDUAL_RE59H0WR/model.cpp:46:12: error: cannot convert 'CppAD::AD<double>' to 'double'\n   46 |   if(R_IsNA(CppAD::Value(r_cots))) r_cots = Type(0.5);\n      |      ~~~~~~^~~~~~~~~~~~~~~~~~~~~~\n      |            |\n      |            CppAD::AD<double>\nIn file included from C:/Users/spi085/AppData/Local/Programs/R/R-4.4.1/include/R.h:69,\n                 from C:/Users/spi085/AppData/Local/Programs/R/R-4.4.1/library/TMB/include/TMB.hpp:172:\nC:/Users/spi085/AppData/Local/Programs/R/R-4.4.1/include/R_ext/Arith.h:61:12: note:   initializing argument 1 of 'int R_IsNA(double)'\n   61 | int R_IsNA(double);             /* True for R's NA only */\n      |            ^~~~~~\nPOPULATIONS//POPULATION_0011//INDIVIDUAL_RE59H0WR/model.cpp:47:12: error: cannot convert 'CppAD::AD<double>' to 'double'\n   47 |   if(R_IsNA(CppAD::Value(eff_pred_slow))) eff_pred_slow = Type(0.1);\n      |      ~~~~~~^~~~~~~~~~~~~~~~~~~~~~~~~~~~~\n      |            |\n      |            CppAD::AD<double>\nC:/Users/spi085/AppData/Local/Programs/R/R-4.4.1/include/R_ext/Arith.h:61:12: note:   initializing argument 1 of 'int R_IsNA(double)'\n   61 | int R_IsNA(double);             /* True for R's NA only */\n      |            ^~~~~~\nPOPULATIONS//POPULATION_0011//INDIVIDUAL_RE59H0WR/model.cpp:48:12: error: cannot convert 'CppAD::AD<double>' to 'double'\n   48 |   if(R_IsNA(CppAD::Value(eff_pred_fast))) eff_pred_fast = Type(0.15);\n      |      ~~~~~~^~~~~~~~~~~~~~~~~~~~~~~~~~~~~\n      |            |\n      |            CppAD::AD<double>\nC:/Users/spi085/AppData/Local/Programs/R/R-4.4.1/include/R_ext/Arith.h:61:12: note:   initializing argument 1 of 'int R_IsNA(double)'\n   61 | int R_IsNA(double);             /* True for R's NA only */\n      |            ^~~~~~\nPOPULATIONS//POPULATION_0011//INDIVIDUAL_RE59H0WR/model.cpp:49:12: error: cannot convert 'CppAD::AD<double>' to 'double'\n   49 |   if(R_IsNA(CppAD::Value(r_slow))) r_slow = Type(0.05);\n      |      ~~~~~~^~~~~~~~~~~~~~~~~~~~~~\n      |            |\n      |            CppAD::AD<double>\nC:/Users/spi085/AppData/Local/Programs/R/R-4.4.1/include/R_ext/Arith.h:61:12: note:   initializing argument 1 of 'int R_IsNA(double)'\n   61 | int R_IsNA(double);             /* True for R's NA only */\n      |            ^~~~~~\nPOPULATIONS//POPULATION_0011//INDIVIDUAL_RE59H0WR/model.cpp:50:12: error: cannot convert 'CppAD::AD<double>' to 'double'\n   50 |   if(R_IsNA(CppAD::Value(K_slow))) K_slow = Type(100.0);\n      |      ~~~~~~^~~~~~~~~~~~~~~~~~~~~~\n      |            |\n      |            CppAD::AD<double>\nC:/Users/spi085/AppData/Local/Programs/R/R-4.4.1/include/R_ext/Arith.h:61:12: note:   initializing argument 1 of 'int R_IsNA(double)'\n   61 | int R_IsNA(double);             /* True for R's NA only */\n      |            ^~~~~~\nPOPULATIONS//POPULATION_0011//INDIVIDUAL_RE59H0WR/model.cpp:51:12: error: cannot convert 'CppAD::AD<double>' to 'double'\n   51 |   if(R_IsNA(CppAD::Value(r_fast))) r_fast = Type(0.1);\n      |      ~~~~~~^~~~~~~~~~~~~~~~~~~~~~\n      |            |\n      |            CppAD::AD<double>\nC:/Users/spi085/AppData/Local/Programs/R/R-4.4.1/include/R_ext/Arith.h:61:12: note:   initializing argument 1 of 'int R_IsNA(double)'\n   61 | int R_IsNA(double);             /* True for R's NA only */\n      |            ^~~~~~\nPOPULATIONS//POPULATION_0011//INDIVIDUAL_RE59H0WR/model.cpp:52:12: error: cannot convert 'CppAD::AD<double>' to 'double'\n   52 |   if(R_IsNA(CppAD::Value(K_fast))) K_fast = Type(100.0);\n      |      ~~~~~~^~~~~~~~~~~~~~~~~~~~~~\n      |            |\n      |            CppAD::AD<double>\nC:/Users/spi085/AppData/Local/Programs/R/R-4.4.1/include/R_ext/Arith.h:61:12: note:   initializing argument 1 of 'int R_IsNA(double)'\n   61 | int R_IsNA(double);             /* True for R's NA only */\n      |            ^~~~~~\nPOPULATIONS//POPULATION_0011//INDIVIDUAL_RE59H0WR/model.cpp:53:12: error: cannot convert 'CppAD::AD<double>' to 'double'\n   53 |   if(R_IsNA(CppAD::Value(beta_sst))) beta_sst = Type(0.01);\n      |      ~~~~~~^~~~~~~~~~~~~~~~~~~~~~~~\n      |            |\n      |            CppAD::AD<double>\nC:/Users/spi085/AppData/Local/Programs/R/R-4.4.1/include/R_ext/Arith.h:61:12: note:   initializing argument 1 of 'int R_IsNA(double)'\n   61 | int R_IsNA(double);             /* True for R's NA only */\n      |            ^~~~~~\nPOPULATIONS//POPULATION_0011//INDIVIDUAL_RE59H0WR/model.cpp:54:12: error: cannot convert 'CppAD::AD<double>' to 'double'\n   54 |   if(R_IsNA(CppAD::Value(alpha_sf))) alpha_sf = Type(0.05);\n      |      ~~~~~~^~~~~~~~~~~~~~~~~~~~~~~~\n      |            |\n      |            CppAD::AD<double>\nC:/Users/spi085/AppData/Local/Programs/R/R-4.4.1/include/R_ext/Arith.h:61:12: note:   initializing argument 1 of 'int R_IsNA(double)'\n   61 | int R_IsNA(double);             /* True for R's NA only */\n      |            ^~~~~~\nPOPULATIONS//POPULATION_0011//INDIVIDUAL_RE59H0WR/model.cpp:55:12: error: cannot convert 'CppAD::AD<double>' to 'double'\n   55 |   if(R_IsNA(CppAD::Value(alpha_fs))) alpha_fs = Type(0.05);\n      |      ~~~~~~^~~~~~~~~~~~~~~~~~~~~~~~\n      |            |\n      |            CppAD::AD<double>\nC:/Users/spi085/AppData/Local/Programs/R/R-4.4.1/include/R_ext/Arith.h:61:12: note:   initializing argument 1 of 'int R_IsNA(double)'\n   61 | int R_IsNA(double);             /* True for R's NA only */\n      |            ^~~~~~\nPOPULATIONS//POPULATION_0011//INDIVIDUAL_RE59H0WR/model.cpp: In instantiation of 'Type objective_function<Type>::operator()() [with Type = CppAD::AD<CppAD::AD<CppAD::AD<double> > >]':\nC:/Users/spi085/AppData/Local/Programs/R/R-4.4.1/library/TMB/include/tmb_core.hpp:913:29:   required from 'Type objective_function<Type>::evalUserTemplate() [with Type = CppAD::AD<CppAD::AD<CppAD::AD<double> > >]'\nC:/Users/spi085/AppData/Local/Programs/R/R-4.4.1/library/TMB/include/tmb_core.hpp:2361:28:   required from here\nPOPULATIONS//POPULATION_0011//INDIVIDUAL_RE59H0WR/model.cpp:46:12: error: cannot convert 'CppAD::AD<CppAD::AD<double> >' to 'double'\n   46 |   if(R_IsNA(CppAD::Value(r_cots))) r_cots = Type(0.5);\n      |      ~~~~~~^~~~~~~~~~~~~~~~~~~~~~\n      |            |\n      |            CppAD::AD<CppAD::AD<double> >\nC:/Users/spi085/AppData/Local/Programs/R/R-4.4.1/include/R_ext/Arith.h:61:12: note:   initializing argument 1 of 'int R_IsNA(double)'\n   61 | int R_IsNA(double);             /* True for R's NA only */\n      |            ^~~~~~\nPOPULATIONS//POPULATION_0011//INDIVIDUAL_RE59H0WR/model.cpp:47:12: error: cannot convert 'CppAD::AD<CppAD::AD<double> >' to 'double'\n   47 |   if(R_IsNA(CppAD::Value(eff_pred_slow))) eff_pred_slow = Type(0.1);\n      |      ~~~~~~^~~~~~~~~~~~~~~~~~~~~~~~~~~~~\n      |            |\n      |            CppAD::AD<CppAD::AD<double> >\nC:/Users/spi085/AppData/Local/Programs/R/R-4.4.1/include/R_ext/Arith.h:61:12: note:   initializing argument 1 of 'int R_IsNA(double)'\n   61 | int R_IsNA(double);             /* True for R's NA only */\n      |            ^~~~~~\nPOPULATIONS//POPULATION_0011//INDIVIDUAL_RE59H0WR/model.cpp:48:12: error: cannot convert 'CppAD::AD<CppAD::AD<double> >' to 'double'\n   48 |   if(R_IsNA(CppAD::Value(eff_pred_fast))) eff_pred_fast = Type(0.15);\n      |      ~~~~~~^~~~~~~~~~~~~~~~~~~~~~~~~~~~~\n      |            |\n      |            CppAD::AD<CppAD::AD<double> >\nC:/Users/spi085/AppData/Local/Programs/R/R-4.4.1/include/R_ext/Arith.h:61:12: note:   initializing argument 1 of 'int R_IsNA(double)'\n   61 | int R_IsNA(double);             /* True for R's NA only */\n      |            ^~~~~~\nPOPULATIONS//POPULATION_0011//INDIVIDUAL_RE59H0WR/model.cpp:49:12: error: cannot convert 'CppAD::AD<CppAD::AD<double> >' to 'double'\n   49 |   if(R_IsNA(CppAD::Value(r_slow))) r_slow = Type(0.05);\n      |      ~~~~~~^~~~~~~~~~~~~~~~~~~~~~\n      |            |\n      |            CppAD::AD<CppAD::AD<double> >\nC:/Users/spi085/AppData/Local/Programs/R/R-4.4.1/include/R_ext/Arith.h:61:12: note:   initializing argument 1 of 'int R_IsNA(double)'\n   61 | int R_IsNA(double);             /* True for R's NA only */\n      |            ^~~~~~\nPOPULATIONS//POPULATION_0011//INDIVIDUAL_RE59H0WR/model.cpp:50:12: error: cannot convert 'CppAD::AD<CppAD::AD<double> >' to 'double'\n   50 |   if(R_IsNA(CppAD::Value(K_slow))) K_slow = Type(100.0);\n      |      ~~~~~~^~~~~~~~~~~~~~~~~~~~~~\n      |            |\n      |            CppAD::AD<CppAD::AD<double> >\nC:/Users/spi085/AppData/Local/Programs/R/R-4.4.1/include/R_ext/Arith.h:61:12: note:   initializing argument 1 of 'int R_IsNA(double)'\n   61 | int R_IsNA(double);             /* True for R's NA only */\n      |            ^~~~~~\nPOPULATIONS//POPULATION_0011//INDIVIDUAL_RE59H0WR/model.cpp:51:12: error: cannot convert 'CppAD::AD<CppAD::AD<double> >' to 'double'\n   51 |   if(R_IsNA(CppAD::Value(r_fast))) r_fast = Type(0.1);\n      |      ~~~~~~^~~~~~~~~~~~~~~~~~~~~~\n      |            |\n      |            CppAD::AD<CppAD::AD<double> >\nC:/Users/spi085/AppData/Local/Programs/R/R-4.4.1/include/R_ext/Arith.h:61:12: note:   initializing argument 1 of 'int R_IsNA(double)'\n   61 | int R_IsNA(double);             /* True for R's NA only */\n      |            ^~~~~~\nPOPULATIONS//POPULATION_0011//INDIVIDUAL_RE59H0WR/model.cpp:52:12: error: cannot convert 'CppAD::AD<CppAD::AD<double> >' to 'double'\n   52 |   if(R_IsNA(CppAD::Value(K_fast))) K_fast = Type(100.0);\n      |      ~~~~~~^~~~~~~~~~~~~~~~~~~~~~\n      |            |\n      |            CppAD::AD<CppAD::AD<double> >\nC:/Users/spi085/AppData/Local/Programs/R/R-4.4.1/include/R_ext/Arith.h:61:12: note:   initializing argument 1 of 'int R_IsNA(double)'\n   61 | int R_IsNA(double);             /* True for R's NA only */\n      |            ^~~~~~\nPOPULATIONS//POPULATION_0011//INDIVIDUAL_RE59H0WR/model.cpp:53:12: error: cannot convert 'CppAD::AD<CppAD::AD<double> >' to 'double'\n   53 |   if(R_IsNA(CppAD::Value(beta_sst))) beta_sst = Type(0.01);\n      |      ~~~~~~^~~~~~~~~~~~~~~~~~~~~~~~\n      |            |\n      |            CppAD::AD<CppAD::AD<double> >\nC:/Users/spi085/AppData/Local/Programs/R/R-4.4.1/include/R_ext/Arith.h:61:12: note:   initializing argument 1 of 'int R_IsNA(double)'\n   61 | int R_IsNA(double);             /* True for R's NA only */\n      |            ^~~~~~\nPOPULATIONS//POPULATION_0011//INDIVIDUAL_RE59H0WR/model.cpp:54:12: error: cannot convert 'CppAD::AD<CppAD::AD<double> >' to 'double'\n   54 |   if(R_IsNA(CppAD::Value(alpha_sf))) alpha_sf = Type(0.05);\n      |      ~~~~~~^~~~~~~~~~~~~~~~~~~~~~~~\n      |            |\n      |            CppAD::AD<CppAD::AD<double> >\nC:/Users/spi085/AppData/Local/Programs/R/R-4.4.1/include/R_ext/Arith.h:61:12: note:   initializing argument 1 of 'int R_IsNA(double)'\n   61 | int R_IsNA(double);             /* True for R's NA only */\n      |            ^~~~~~\nPOPULATIONS//POPULATION_0011//INDIVIDUAL_RE59H0WR/model.cpp:55:12: error: cannot convert 'CppAD::AD<CppAD::AD<double> >' to 'double'\n   55 |   if(R_IsNA(CppAD::Value(alpha_fs))) alpha_fs = Type(0.05);\n      |      ~~~~~~^~~~~~~~~~~~~~~~~~~~~~~~\n      |            |\n      |            CppAD::AD<CppAD::AD<double> >\nC:/Users/spi085/AppData/Local/Programs/R/R-4.4.1/include/R_ext/Arith.h:61:12: note:   initializing argument 1 of 'int R_IsNA(double)'\n   61 | int R_IsNA(double);             /* True for R's NA only */\n      |            ^~~~~~\nmake: *** [C:/Users/spi085/AppData/Local/Programs/R/R-4.4.1/etc/x64/Makeconf:296: POPULATIONS//POPULATION_0011//INDIVIDUAL_RE59H0WR/model.o] Error 1\nError in TMB::compile(file.path(individual_dir, model_file), flags = flags,  : \n  Compilation failed\nError: Compilation failed\nExecution halted"
    },
    "6": {
      "status": "ERROR",
      "message": "R script failed with return code 1",
      "stdout": "g++ -std=gnu++17  -I\"C:/Users/spi085/AppData/Local/Programs/R/R-4.4.1/include\" -DNDEBUG -I\"C:/Users/spi085/AppData/Local/Programs/R/R-44~1.1/library/TMB/include\" -I\"C:/Users/spi085/AppData/Local/Programs/R/R-44~1.1/library/RCPPEI~1/include\"   -DTMB_EIGEN_DISABLE_WARNINGS   -DTMB_LIB_INIT=R_init_model  -DCPPAD_FRAMEWORK    -I\"C:/rtools44/x86_64-w64-mingw32.static.posix/include\"     -O2 -Wa,-mbig-obj -c POPULATIONS//POPULATION_0011//INDIVIDUAL_RE59H0WR/model.cpp -o POPULATIONS//POPULATION_0011//INDIVIDUAL_RE59H0WR/model.o\ng++ -std=gnu++17 -shared -s -static-libgcc -o POPULATIONS//POPULATION_0011//INDIVIDUAL_RE59H0WR/model.dll tmp.def POPULATIONS//POPULATION_0011//INDIVIDUAL_RE59H0WR/model.o -LC:/rtools44/x86_64-w64-mingw32.static.posix/lib/x64 -LC:/rtools44/x86_64-w64-mingw32.static.posix/lib -LC:/Users/spi085/AppData/Local/Programs/R/R-4.4.1/bin/x64 -lR\nStarting model phases\nNumber of phases: 1 \nPhase 1 \nInitial parameter values for phase 1 :\n        r_cots         K_cots  eff_pred_slow  eff_pred_fast         r_slow \n            NA          0.255             NA             NA             NA \n        K_slow         r_fast         K_fast       beta_sst       alpha_sf \n            NA          1.000             NA             NA             NA \n      alpha_fs log_sigma_cots log_sigma_slow log_sigma_fast \n            NA             NA             NA             NA \nError in model phases: NA/NaN gradient evaluation",
      "stderr": "Loading required package: TMB\nLoading required package: jsonlite\nhere() starts at C:/Users/spi085/OneDrive - CSIRO/Documents/_Projects/SCCP-QuantModelling\nusing C++ compiler: 'G__~1.EXE (GCC) 13.2.0'\nError in value[[3L]](cond) : \n  Error in model phases: NA/NaN gradient evaluation\nCalls: tryCatch -> tryCatchList -> tryCatchOne -> <Anonymous>\nIn addition: Warning message:\nIn nlminb(model$par, model$fn, model$gr) : NA/NaN function evaluation\nExecution halted"
    },
    "7": {
      "status": "BROKEN"
    }
  }
}