{
  "iterations": {
    "1": {
      "status": "ERROR",
      "message": "Model failed to compile.",
      "stdout": "g++ -std=gnu++17 -I\"/usr/share/R/include\" -DNDEBUG -I\"/home/spi085/R/x86_64-pc-linux-gnu-library/4.4/TMB/include\" -I\"/home/spi085/R/x86_64-pc-linux-gnu-library/4.4/RcppEigen/include\"   -DTMB_EIGEN_DISABLE_WARNINGS   -DTMB_LIB_INIT=R_init_model  -DCPPAD_FRAMEWORK      -fpic  -O2  -c POPULATIONS/POPULATION_0008/INDIVIDUAL_UQ1U8CSF/model.cpp -o POPULATIONS/POPULATION_0008/INDIVIDUAL_UQ1U8CSF/model.o",
      "stderr": "Loading required package: TMB\nLoading required package: jsonlite\nhere() starts at /home/spi085/Documents/_Projects/SCCP-QuantModelling\nusing C++ compiler: \u2018g++ (Ubuntu 13.3.0-6ubuntu2~24.04) 13.3.0\u2019\nPOPULATIONS/POPULATION_0008/INDIVIDUAL_UQ1U8CSF/model.cpp:13:50: error: \u2018parameters\u2019 does not name a type\n   13 | Type objective_function<Type>::operator() (const parameters<Type>& P) final {\n      |                                                  ^~~~~~~~~~\nPOPULATIONS/POPULATION_0008/INDIVIDUAL_UQ1U8CSF/model.cpp:13:60: error: expected \u2018,\u2019 or \u2018...\u2019 before \u2018<\u2019 token\n   13 | Type objective_function<Type>::operator() (const parameters<Type>& P) final {\n      |                                                            ^\nPOPULATIONS/POPULATION_0008/INDIVIDUAL_UQ1U8CSF/model.cpp:13:71: error: virt-specifiers in \u2018operator()\u2019 not allowed outside a class definition\n   13 | Type objective_function<Type>::operator() (const parameters<Type>& P) final {\n      |                                                                       ^~~~~\nPOPULATIONS/POPULATION_0008/INDIVIDUAL_UQ1U8CSF/model.cpp:13:6: error: no declaration matches \u2018Type objective_function<Type>::operator()(int)\u2019\n   13 | Type objective_function<Type>::operator() (const parameters<Type>& P) final {\n      |      ^~~~~~~~~~~~~~~~~~~~~~~~\nIn file included from /home/spi085/R/x86_64-pc-linux-gnu-library/4.4/TMB/include/TMB.hpp:228,\n                 from POPULATIONS/POPULATION_0008/INDIVIDUAL_UQ1U8CSF/model.cpp:1:\n/home/spi085/R/x86_64-pc-linux-gnu-library/4.4/TMB/include/tmb_core.hpp:914:8: note: candidate is: \u2018Type objective_function<Type>::operator()()\u2019\n  914 |   Type operator() ();\n      |        ^~~~~~~~\n/home/spi085/R/x86_64-pc-linux-gnu-library/4.4/TMB/include/tmb_core.hpp:656:7: note: \u2018class objective_function<Type>\u2019 defined here\n  656 | class objective_function\n      |       ^~~~~~~~~~~~~~~~~~\nmake: *** [/usr/lib/R/etc/Makeconf:204: POPULATIONS/POPULATION_0008/INDIVIDUAL_UQ1U8CSF/model.o] Error 1\nError in TMB::compile(file.path(individual_dir, model_file), flags = flags,  : \n  Compilation failed\nError: Compilation failed\nExecution halted"
    },
    "2": {
      "status": "ERROR",
      "message": "Model failed to compile.",
      "stdout": "g++ -std=gnu++17 -I\"/usr/share/R/include\" -DNDEBUG -I\"/home/spi085/R/x86_64-pc-linux-gnu-library/4.4/TMB/include\" -I\"/home/spi085/R/x86_64-pc-linux-gnu-library/4.4/RcppEigen/include\"   -DTMB_EIGEN_DISABLE_WARNINGS   -DTMB_LIB_INIT=R_init_model  -DCPPAD_FRAMEWORK      -fpic  -O2  -c POPULATIONS/POPULATION_0008/INDIVIDUAL_UQ1U8CSF/model.cpp -o POPULATIONS/POPULATION_0008/INDIVIDUAL_UQ1U8CSF/model.o",
      "stderr": "Loading required package: TMB\nLoading required package: jsonlite\nhere() starts at /home/spi085/Documents/_Projects/SCCP-QuantModelling\nusing C++ compiler: \u2018g++ (Ubuntu 13.3.0-6ubuntu2~24.04) 13.3.0\u2019\nPOPULATIONS/POPULATION_0008/INDIVIDUAL_UQ1U8CSF/model.cpp: In instantiation of \u2018Type objective_function<Type>::operator()() [with Type = CppAD::AD<double>]\u2019:\n/home/spi085/R/x86_64-pc-linux-gnu-library/4.4/TMB/include/tmb_core.hpp:1312:6:   required from here\nPOPULATIONS/POPULATION_0008/INDIVIDUAL_UQ1U8CSF/model.cpp:86:18: error: \u2018dlnorm\u2019 was not declared in this scope; did you mean \u2018dnorm\u2019?\n   86 |     nll -= dlnorm(cots_dat(t), log(cots_pred(t) + Type(1e-8)), sigma_cots, true);\n      |            ~~~~~~^~~~~~~~~~~~~~~~~~~~~~~~~~~~~~~~~~~~~~~~~~~~~~~~~~~~~~~~~~~~~~~\n      |            dnorm\nPOPULATIONS/POPULATION_0008/INDIVIDUAL_UQ1U8CSF/model.cpp:87:18: error: \u2018dlnorm\u2019 was not declared in this scope, and no declarations were found by argument-dependent lookup at the point of instantiation\n   87 |     nll -= dlnorm(fast_dat(t), log(fast_pred(t) + Type(1e-8)), sigma_fast, true);\n      |            ~~~~~~^~~~~~~~~~~~~~~~~~~~~~~~~~~~~~~~~~~~~~~~~~~~~~~~~~~~~~~~~~~~~~~\nPOPULATIONS/POPULATION_0008/INDIVIDUAL_UQ1U8CSF/model.cpp:86:18: note: \u2018dlnorm\u2019 declared here, later in the translation unit\n   86 |     nll -= dlnorm(cots_dat(t), log(cots_pred(t) + Type(1e-8)), sigma_cots, true);\n      |            ~~~~~~^~~~~~~~~~~~~~~~~~~~~~~~~~~~~~~~~~~~~~~~~~~~~~~~~~~~~~~~~~~~~~~\nPOPULATIONS/POPULATION_0008/INDIVIDUAL_UQ1U8CSF/model.cpp:88:18: error: \u2018dlnorm\u2019 was not declared in this scope, and no declarations were found by argument-dependent lookup at the point of instantiation\n   88 |     nll -= dlnorm(slow_dat(t), log(slow_pred(t) + Type(1e-8)), sigma_slow, true);\n      |            ~~~~~~^~~~~~~~~~~~~~~~~~~~~~~~~~~~~~~~~~~~~~~~~~~~~~~~~~~~~~~~~~~~~~~\nPOPULATIONS/POPULATION_0008/INDIVIDUAL_UQ1U8CSF/model.cpp:86:18: note: \u2018dlnorm\u2019 declared here, later in the translation unit\n   86 |     nll -= dlnorm(cots_dat(t), log(cots_pred(t) + Type(1e-8)), sigma_cots, true);\n      |            ~~~~~~^~~~~~~~~~~~~~~~~~~~~~~~~~~~~~~~~~~~~~~~~~~~~~~~~~~~~~~~~~~~~~~\nPOPULATIONS/POPULATION_0008/INDIVIDUAL_UQ1U8CSF/model.cpp: In instantiation of \u2018Type objective_function<Type>::operator()() [with Type = double]\u2019:\n/home/spi085/R/x86_64-pc-linux-gnu-library/4.4/TMB/include/tmb_core.hpp:2035:7:   required from here\nPOPULATIONS/POPULATION_0008/INDIVIDUAL_UQ1U8CSF/model.cpp:86:18: error: \u2018dlnorm\u2019 was not declared in this scope; did you mean \u2018dnorm\u2019?\n   86 |     nll -= dlnorm(cots_dat(t), log(cots_pred(t) + Type(1e-8)), sigma_cots, true);\n      |            ~~~~~~^~~~~~~~~~~~~~~~~~~~~~~~~~~~~~~~~~~~~~~~~~~~~~~~~~~~~~~~~~~~~~~\n      |            dnorm\nPOPULATIONS/POPULATION_0008/INDIVIDUAL_UQ1U8CSF/model.cpp:87:18: error: \u2018dlnorm\u2019 was not declared in this scope, and no declarations were found by argument-dependent lookup at the point of instantiation\n   87 |     nll -= dlnorm(fast_dat(t), log(fast_pred(t) + Type(1e-8)), sigma_fast, true);\n      |            ~~~~~~^~~~~~~~~~~~~~~~~~~~~~~~~~~~~~~~~~~~~~~~~~~~~~~~~~~~~~~~~~~~~~~\nPOPULATIONS/POPULATION_0008/INDIVIDUAL_UQ1U8CSF/model.cpp:86:18: note: \u2018dlnorm\u2019 declared here, later in the translation unit\n   86 |     nll -= dlnorm(cots_dat(t), log(cots_pred(t) + Type(1e-8)), sigma_cots, true);\n      |            ~~~~~~^~~~~~~~~~~~~~~~~~~~~~~~~~~~~~~~~~~~~~~~~~~~~~~~~~~~~~~~~~~~~~~\nPOPULATIONS/POPULATION_0008/INDIVIDUAL_UQ1U8CSF/model.cpp:88:18: error: \u2018dlnorm\u2019 was not declared in this scope, and no declarations were found by argument-dependent lookup at the point of instantiation\n   88 |     nll -= dlnorm(slow_dat(t), log(slow_pred(t) + Type(1e-8)), sigma_slow, true);\n      |            ~~~~~~^~~~~~~~~~~~~~~~~~~~~~~~~~~~~~~~~~~~~~~~~~~~~~~~~~~~~~~~~~~~~~~\nPOPULATIONS/POPULATION_0008/INDIVIDUAL_UQ1U8CSF/model.cpp:86:18: note: \u2018dlnorm\u2019 declared here, later in the translation unit\n   86 |     nll -= dlnorm(cots_dat(t), log(cots_pred(t) + Type(1e-8)), sigma_cots, true);\n      |            ~~~~~~^~~~~~~~~~~~~~~~~~~~~~~~~~~~~~~~~~~~~~~~~~~~~~~~~~~~~~~~~~~~~~~\nPOPULATIONS/POPULATION_0008/INDIVIDUAL_UQ1U8CSF/model.cpp: In instantiation of \u2018Type objective_function<Type>::operator()() [with Type = CppAD::AD<CppAD::AD<double> >]\u2019:\n/home/spi085/R/x86_64-pc-linux-gnu-library/4.4/TMB/include/tmb_core.hpp:917:29:   required from \u2018Type objective_function<Type>::evalUserTemplate() [with Type = CppAD::AD<CppAD::AD<double> >]\u2019\n/home/spi085/R/x86_64-pc-linux-gnu-library/4.4/TMB/include/tmb_core.hpp:2116:26:   required from here\nPOPULATIONS/POPULATION_0008/INDIVIDUAL_UQ1U8CSF/model.cpp:86:18: error: \u2018dlnorm\u2019 was not declared in this scope; did you mean \u2018dnorm\u2019?\n   86 |     nll -= dlnorm(cots_dat(t), log(cots_pred(t) + Type(1e-8)), sigma_cots, true);\n      |            ~~~~~~^~~~~~~~~~~~~~~~~~~~~~~~~~~~~~~~~~~~~~~~~~~~~~~~~~~~~~~~~~~~~~~\n      |            dnorm\nPOPULATIONS/POPULATION_0008/INDIVIDUAL_UQ1U8CSF/model.cpp:87:18: error: \u2018dlnorm\u2019 was not declared in this scope, and no declarations were found by argument-dependent lookup at the point of instantiation\n   87 |     nll -= dlnorm(fast_dat(t), log(fast_pred(t) + Type(1e-8)), sigma_fast, true);\n      |            ~~~~~~^~~~~~~~~~~~~~~~~~~~~~~~~~~~~~~~~~~~~~~~~~~~~~~~~~~~~~~~~~~~~~~\nPOPULATIONS/POPULATION_0008/INDIVIDUAL_UQ1U8CSF/model.cpp:86:18: note: \u2018dlnorm\u2019 declared here, later in the translation unit\n   86 |     nll -= dlnorm(cots_dat(t), log(cots_pred(t) + Type(1e-8)), sigma_cots, true);\n      |            ~~~~~~^~~~~~~~~~~~~~~~~~~~~~~~~~~~~~~~~~~~~~~~~~~~~~~~~~~~~~~~~~~~~~~\nPOPULATIONS/POPULATION_0008/INDIVIDUAL_UQ1U8CSF/model.cpp:88:18: error: \u2018dlnorm\u2019 was not declared in this scope, and no declarations were found by argument-dependent lookup at the point of instantiation\n   88 |     nll -= dlnorm(slow_dat(t), log(slow_pred(t) + Type(1e-8)), sigma_slow, true);\n      |            ~~~~~~^~~~~~~~~~~~~~~~~~~~~~~~~~~~~~~~~~~~~~~~~~~~~~~~~~~~~~~~~~~~~~~\nPOPULATIONS/POPULATION_0008/INDIVIDUAL_UQ1U8CSF/model.cpp:86:18: note: \u2018dlnorm\u2019 declared here, later in the translation unit\n   86 |     nll -= dlnorm(cots_dat(t), log(cots_pred(t) + Type(1e-8)), sigma_cots, true);\n      |            ~~~~~~^~~~~~~~~~~~~~~~~~~~~~~~~~~~~~~~~~~~~~~~~~~~~~~~~~~~~~~~~~~~~~~\nPOPULATIONS/POPULATION_0008/INDIVIDUAL_UQ1U8CSF/model.cpp: In instantiation of \u2018Type objective_function<Type>::operator()() [with Type = CppAD::AD<CppAD::AD<CppAD::AD<double> > >]\u2019:\n/home/spi085/R/x86_64-pc-linux-gnu-library/4.4/TMB/include/tmb_core.hpp:917:29:   required from \u2018Type objective_function<Type>::evalUserTemplate() [with Type = CppAD::AD<CppAD::AD<CppAD::AD<double> > >]\u2019\n/home/spi085/R/x86_64-pc-linux-gnu-library/4.4/TMB/include/tmb_core.hpp:2365:28:   required from here\nPOPULATIONS/POPULATION_0008/INDIVIDUAL_UQ1U8CSF/model.cpp:86:18: error: \u2018dlnorm\u2019 was not declared in this scope; did you mean \u2018dnorm\u2019?\n   86 |     nll -= dlnorm(cots_dat(t), log(cots_pred(t) + Type(1e-8)), sigma_cots, true);\n      |            ~~~~~~^~~~~~~~~~~~~~~~~~~~~~~~~~~~~~~~~~~~~~~~~~~~~~~~~~~~~~~~~~~~~~~\n      |            dnorm\nPOPULATIONS/POPULATION_0008/INDIVIDUAL_UQ1U8CSF/model.cpp:87:18: error: \u2018dlnorm\u2019 was not declared in this scope, and no declarations were found by argument-dependent lookup at the point of instantiation\n   87 |     nll -= dlnorm(fast_dat(t), log(fast_pred(t) + Type(1e-8)), sigma_fast, true);\n      |            ~~~~~~^~~~~~~~~~~~~~~~~~~~~~~~~~~~~~~~~~~~~~~~~~~~~~~~~~~~~~~~~~~~~~~\nPOPULATIONS/POPULATION_0008/INDIVIDUAL_UQ1U8CSF/model.cpp:86:18: note: \u2018dlnorm\u2019 declared here, later in the translation unit\n   86 |     nll -= dlnorm(cots_dat(t), log(cots_pred(t) + Type(1e-8)), sigma_cots, true);\n      |            ~~~~~~^~~~~~~~~~~~~~~~~~~~~~~~~~~~~~~~~~~~~~~~~~~~~~~~~~~~~~~~~~~~~~~\nPOPULATIONS/POPULATION_0008/INDIVIDUAL_UQ1U8CSF/model.cpp:88:18: error: \u2018dlnorm\u2019 was not declared in this scope, and no declarations were found by argument-dependent lookup at the point of instantiation\n   88 |     nll -= dlnorm(slow_dat(t), log(slow_pred(t) + Type(1e-8)), sigma_slow, true);\n      |            ~~~~~~^~~~~~~~~~~~~~~~~~~~~~~~~~~~~~~~~~~~~~~~~~~~~~~~~~~~~~~~~~~~~~~\nPOPULATIONS/POPULATION_0008/INDIVIDUAL_UQ1U8CSF/model.cpp:86:18: note: \u2018dlnorm\u2019 declared here, later in the translation unit\n   86 |     nll -= dlnorm(cots_dat(t), log(cots_pred(t) + Type(1e-8)), sigma_cots, true);\n      |            ~~~~~~^~~~~~~~~~~~~~~~~~~~~~~~~~~~~~~~~~~~~~~~~~~~~~~~~~~~~~~~~~~~~~~\nmake: *** [/usr/lib/R/etc/Makeconf:204: POPULATIONS/POPULATION_0008/INDIVIDUAL_UQ1U8CSF/model.o] Error 1\nError in TMB::compile(file.path(individual_dir, model_file), flags = flags,  : \n  Compilation failed\nError: Compilation failed\nExecution halted"
    },
    "3": {
      "status": "ERROR",
      "message": "R script failed with return code 1",
      "stdout": "g++ -std=gnu++17 -I\"/usr/share/R/include\" -DNDEBUG -I\"/home/spi085/R/x86_64-pc-linux-gnu-library/4.4/TMB/include\" -I\"/home/spi085/R/x86_64-pc-linux-gnu-library/4.4/RcppEigen/include\"   -DTMB_EIGEN_DISABLE_WARNINGS   -DTMB_LIB_INIT=R_init_model  -DCPPAD_FRAMEWORK      -fpic  -O2  -c POPULATIONS/POPULATION_0008/INDIVIDUAL_UQ1U8CSF/model.cpp -o POPULATIONS/POPULATION_0008/INDIVIDUAL_UQ1U8CSF/model.o\ng++ -std=gnu++17 -shared -L/usr/lib/R/lib -Wl,-Bsymbolic-functions -flto=auto -ffat-lto-objects -Wl,-z,relro -o POPULATIONS/POPULATION_0008/INDIVIDUAL_UQ1U8CSF/model.so POPULATIONS/POPULATION_0008/INDIVIDUAL_UQ1U8CSF/model.o -L/usr/lib/R/lib -lR\nStarting model phases\nNumber of phases: 1 \nPhase 1 \nInitial parameter values for phase 1 :\n     log_growth_rate log_attack_rate_fast log_attack_rate_slow \n                 0.0                 -2.0                 -2.0 \n       log_threshold    log_recovery_rate       log_efficiency \n                 3.0                 -1.0                 -0.5 \n          sigma_cots           sigma_fast           sigma_slow \n                 0.1                  0.1                  0.1 \nError in model phases: NA/NaN gradient evaluation",
      "stderr": "Loading required package: TMB\nLoading required package: jsonlite\nhere() starts at /home/spi085/Documents/_Projects/SCCP-QuantModelling\nusing C++ compiler: \u2018g++ (Ubuntu 13.3.0-6ubuntu2~24.04) 13.3.0\u2019\nError in value[[3L]](cond) : \n  Error in model phases: NA/NaN gradient evaluation\nCalls: tryCatch -> tryCatchList -> tryCatchOne -> <Anonymous>\nIn addition: Warning message:\nIn nlminb(model$par, model$fn, model$gr) : NA/NaN function evaluation\nExecution halted"
    },
    "4": {
      "status": "SUCCESS",
      "objective_value": 522.7137,
      "model_summary": [
        "            Length Class  Mode     ",
        "par         9      -none- numeric  ",
        "objective   1      -none- numeric  ",
        "convergence 1      -none- numeric  ",
        "iterations  1      -none- numeric  ",
        "evaluations 2      -none- numeric  ",
        "message     1      -none- character"
      ],
      "model_report": {
        "cots_pred": [
          0.2615,
          0.3585,
          0.8725,
          1.8784,
          3.692,
          6.8671,
          11.598,
          16.6765,
          19.4487,
          20.0953,
          21.6333,
          20.0779,
          21.7339,
          20.7572,
          20.1411,
          20.1322,
          20.1411,
          20.1432,
          20.145,
          20.1358,
          20.1359,
          20.2954,
          20.1409,
          20.2993,
          20.1411,
          20.4578
        ],
        "fast_pred": [
          10.0694,
          39.5969,
          57.6585,
          64.5676,
          59.0639,
          41.5973,
          20.3063,
          13.2405,
          10.62,
          10.9032,
          9.3026,
          10.7794,
          9.6013,
          9.9199,
          10.5267,
          10.0608,
          11.0999,
          8.7981,
          13.8663,
          2.6961,
          27.3136,
          1e-08,
          33.2509,
          1e-08,
          33.2509,
          1e-08
        ],
        "slow_pred": [
          12.7726,
          41.301,
          58.711,
          65.1465,
          59.3126,
          41.6634,
          20.3262,
          13.2543,
          10.6278,
          10.9161,
          9.3053,
          10.8012,
          9.584,
          9.9915,
          10.392,
          10.3872,
          10.4109,
          10.3456,
          10.4861,
          10.1743,
          10.8739,
          9.335,
          12.5077,
          5.7327,
          20.5091,
          1e-08
        ]
      },
      "plot_data": {
        "cots_pred": {
          "Year": [
            1980,
            1981,
            1982,
            1983,
            1984,
            1985,
            1986,
            1987,
            1988,
            1989,
            1990,
            1991,
            1992,
            1993,
            1994,
            1995,
            1996,
            1997,
            1998,
            1999,
            2000,
            2001,
            2002,
            2003,
            2004,
            2005
          ],
          "Modeled": [
            0.2615,
            0.3585,
            0.8725,
            1.8784,
            3.692,
            6.8671,
            11.598,
            16.6765,
            19.4487,
            20.0953,
            21.6333,
            20.0779,
            21.7339,
            20.7572,
            20.1411,
            20.1322,
            20.1411,
            20.1432,
            20.145,
            20.1358,
            20.1359,
            20.2954,
            20.1409,
            20.2993,
            20.1411,
            20.4578
          ],
          "Observed": [
            0.2615,
            0.5498,
            0.7268,
            0.5523,
            0.8281,
            0.547,
            0.758,
            0.6288,
            0.4762,
            0.6466,
            0.9107,
            2.152,
            0.6446,
            1.6723,
            0.4766,
            0.8075,
            0.3635,
            0.3728,
            0.6173,
            0.3107,
            0.256,
            0.2984,
            0.3362,
            0.2878,
            0.3221,
            0.4308
          ]
        },
        "fast_pred": {
          "Year": [
            1980,
            1981,
            1982,
            1983,
            1984,
            1985,
            1986,
            1987,
            1988,
            1989,
            1990,
            1991,
            1992,
            1993,
            1994,
            1995,
            1996,
            1997,
            1998,
            1999,
            2000,
            2001,
            2002,
            2003,
            2004,
            2005
          ],
          "Modeled": [
            10.0694,
            39.5969,
            57.6585,
            64.5676,
            59.0639,
            41.5973,
            20.3063,
            13.2405,
            10.62,
            10.9032,
            9.3026,
            10.7794,
            9.6013,
            9.9199,
            10.5267,
            10.0608,
            11.0999,
            8.7981,
            13.8663,
            2.6961,
            27.3136,
            1e-08,
            33.2509,
            1e-08,
            33.2509,
            1e-08
          ],
          "Observed": [
            10.0694,
            17.7236,
            23.8276,
            19.4181,
            15.6354,
            32.4596,
            21.5567,
            34.1938,
            18.8708,
            27.3176,
            44.3301,
            13.3275,
            11.3741,
            8.3362,
            15.207,
            12.443,
            11.0666,
            10.6442,
            2.3628,
            2.76,
            3.7236,
            7.0355,
            10.2239,
            8.4754,
            9.0819,
            13.7314
          ]
        },
        "slow_pred": {
          "Year": [
            1980,
            1981,
            1982,
            1983,
            1984,
            1985,
            1986,
            1987,
            1988,
            1989,
            1990,
            1991,
            1992,
            1993,
            1994,
            1995,
            1996,
            1997,
            1998,
            1999,
            2000,
            2001,
            2002,
            2003,
            2004,
            2005
          ],
          "Modeled": [
            12.7726,
            41.301,
            58.711,
            65.1465,
            59.3126,
            41.6634,
            20.3262,
            13.2543,
            10.6278,
            10.9161,
            9.3053,
            10.8012,
            9.584,
            9.9915,
            10.392,
            10.3872,
            10.4109,
            10.3456,
            10.4861,
            10.1743,
            10.8739,
            9.335,
            12.5077,
            5.7327,
            20.5091,
            1e-08
          ],
          "Observed": [
            12.7726,
            16.4147,
            12.7773,
            12.2798,
            15.1152,
            12.8194,
            10.4631,
            9.7251,
            13.2014,
            16.4512,
            11.1393,
            18.0832,
            11.5223,
            8.51,
            9.1622,
            5.3353,
            8.6044,
            7.2781,
            2.629,
            4.6951,
            1.5948,
            5.2172,
            2.6041,
            3.3618,
            7.3289,
            4.4014
          ]
        }
      },
      "stdout": "g++ -std=gnu++17 -I\"/usr/share/R/include\" -DNDEBUG -I\"/home/spi085/R/x86_64-pc-linux-gnu-library/4.4/TMB/include\" -I\"/home/spi085/R/x86_64-pc-linux-gnu-library/4.4/RcppEigen/include\"   -DTMB_EIGEN_DISABLE_WARNINGS   -DTMB_LIB_INIT=R_init_model  -DCPPAD_FRAMEWORK      -fpic  -O2  -c POPULATIONS/POPULATION_0008/INDIVIDUAL_UQ1U8CSF/model.cpp -o POPULATIONS/POPULATION_0008/INDIVIDUAL_UQ1U8CSF/model.o\ng++ -std=gnu++17 -shared -L/usr/lib/R/lib -Wl,-Bsymbolic-functions -flto=auto -ffat-lto-objects -Wl,-z,relro -o POPULATIONS/POPULATION_0008/INDIVIDUAL_UQ1U8CSF/model.so POPULATIONS/POPULATION_0008/INDIVIDUAL_UQ1U8CSF/model.o -L/usr/lib/R/lib -lR\nStarting model phases\nNumber of phases: 1 \nPhase 1 \nInitial parameter values for phase 1 :\n     log_growth_rate log_attack_rate_fast log_attack_rate_slow \n                 0.0                 -2.0                 -2.0 \n       log_threshold    log_recovery_rate       log_efficiency \n                 3.0                 -1.0                 -0.5 \n          sigma_cots           sigma_fast           sigma_slow \n                 0.1                  0.1                  0.1 \nFinal parameter values for phase 1 :\n     log_growth_rate log_attack_rate_fast log_attack_rate_slow \n         -0.01492507          -1.95815097          -1.95939819 \n       log_threshold    log_recovery_rate       log_efficiency \n          3.01130614          -1.09908228          -0.56022312 \n          sigma_cots           sigma_fast           sigma_slow \n          0.16012301           0.13340673           0.15129845 \nConvergence message: function evaluation limit reached without convergence (9) \nNumber of iterations: 95 \nObjective function value: 66119.26 \nGradient at solution for phase 1 :\n        [,1]    [,2]      [,3]     [,4]     [,5]     [,6]      [,7]      [,8]\n[1,] 2062344 1326014 -199749.1 188389.7 162186.6 25767.65 -67518.25 -658982.3\n          [,9]\n[1,] -220682.3\nFinal Phase\nInitial parameter values for final phase:\n     log_growth_rate log_attack_rate_fast log_attack_rate_slow \n         -0.01492507          -1.95815097          -1.95939819 \n       log_threshold    log_recovery_rate       log_efficiency \n          3.01130614          -1.09908228          -0.56022312 \n          sigma_cots           sigma_fast           sigma_slow \n          0.16012301           0.13340673           0.15129845 \nFinal parameter values for final phase:\n     log_growth_rate log_attack_rate_fast log_attack_rate_slow \n         -0.02013538          -1.94828824          -1.94928099 \n       log_threshold    log_recovery_rate       log_efficiency \n          3.01073885          -1.10108794          -0.56863085 \n          sigma_cots           sigma_fast           sigma_slow \n          0.22100041           0.15768496           0.20881396 \nConvergence message: function evaluation limit reached without convergence (9) \nNumber of iterations: 78 \nObjective function value: 31346.8 \nGradient at solution for final phase:\n        [,1]      [,2]    [,3]     [,4]     [,5]     [,6]      [,7]      [,8]\n[1,] 1657999 -311393.3 1217481 146047.5 126055.4 22101.36 -25586.91 -300748.9\n          [,9]\n[1,] -45250.76\nAll phases completed\n\nRunning model validation...\nNo test data available (train_test_split >= 1.0)\nNULL\n\nDEBUG: Report contents:\nList of 3\n $ cots_pred: num [1:26] 0.262 0.358 0.873 1.878 3.692 ...\n $ fast_pred: num [1:26] 10.1 39.6 57.7 64.6 59.1 ...\n $ slow_pred: num [1:26] 12.8 41.3 58.7 65.1 59.3 ...\nNULL\n\nDEBUG: Available variables in report:\n[1] \"cots_pred\" \"fast_pred\" \"slow_pred\"\n\nChecking predictions and calculating objective function...\n\nDEBUG: Processing cots_pred \nDEBUG: First few predictions: 0.2615042 0.3584715 0.8725224 1.878425 3.692033 6.867072 \nDEBUG: Summary statistics:\n   Min. 1st Qu.  Median    Mean 3rd Qu.    Max. \n 0.2615 12.8676 20.1359 15.7023 20.1446 21.7339 \nDEBUG: All zeros? FALSE \nDEBUG: Any infinities? FALSE \n\nDEBUG: Processing fast_pred \nDEBUG: First few predictions: 10.06939 39.59686 57.65851 64.56761 59.06386 41.59725 \nDEBUG: Summary statistics:\n   Min. 1st Qu.  Median    Mean 3rd Qu.    Max. \n  0.000   9.681  10.841  19.927  31.767  64.568 \nDEBUG: All zeros? FALSE \nDEBUG: Any infinities? FALSE \n\nDEBUG: Processing slow_pred \nDEBUG: First few predictions: 12.77261 41.30096 58.71101 65.14651 59.3126 41.66337 \nDEBUG: Summary statistics:\n   Min. 1st Qu.  Median    Mean 3rd Qu.    Max. \n   0.00   10.22   10.71   19.03   18.56   65.15 \nDEBUG: All zeros? FALSE \nDEBUG: Any infinities? FALSE \n\nDEBUG: Using the following variables for objective function:\ncots_dat -> cots_pred\nfast_dat -> fast_pred\nslow_dat -> slow_pred\n\nDEBUG: Calculating MSE for prediction variables only:\n\nDEBUG: cots_pred \nObserved: 0.2615042 0.5498196 0.7268086 0.5522907 0.828121 0.5470078 ...\nPredicted: 0.2615042 0.3584715 0.8725224 1.878425 3.692033 6.867072 ...\nMSE (normalized): 1548.759 \n\nDEBUG: fast_pred \nObserved: 10.06939 17.72357 23.82758 19.41812 15.63542 32.45961 ...\nPredicted: 10.06939 39.59686 57.65851 64.56761 59.06386 41.59725 ...\nMSE (normalized): 3.667388 \n\nDEBUG: slow_pred \nObserved: 12.77261 16.41474 12.77729 12.27975 15.11516 12.81941 ...\nPredicted: 12.77261 41.30096 58.71101 65.14651 59.3126 41.66337 ...\nMSE (normalized): 15.7145 \n\nDEBUG: MSE values:\n   cots_dat    fast_dat    slow_dat \n1548.759181    3.667388   15.714503 \n\nDEBUG: Final objective value (mean of MSEs): 522.7137 \n\nFinal objective function value: 522.7137 \n\nJSON_REPORT_START\n{\n  \"status\": \"SUCCESS\",\n  \"objective_value\": 522.7137,\n  \"model_summary\": [\"            Length Class  Mode     \", \"par         9      -none- numeric  \", \"objective   1      -none- numeric  \", \"convergence 1      -none- numeric  \", \"iterations  1      -none- numeric  \", \"evaluations 2      -none- numeric  \", \"message     1      -none- character\"],\n  \"model_report\": {\n    \"cots_pred\": [0.2615, 0.3585, 0.8725, 1.8784, 3.692, 6.8671, 11.598, 16.6765, 19.4487, 20.0953, 21.6333, 20.0779, 21.7339, 20.7572, 20.1411, 20.1322, 20.1411, 20.1432, 20.145, 20.1358, 20.1359, 20.2954, 20.1409, 20.2993, 20.1411, 20.4578],\n    \"fast_pred\": [10.0694, 39.5969, 57.6585, 64.5676, 59.0639, 41.5973, 20.3063, 13.2405, 10.62, 10.9032, 9.3026, 10.7794, 9.6013, 9.9199, 10.5267, 10.0608, 11.0999, 8.7981, 13.8663, 2.6961, 27.3136, 1e-08, 33.2509, 1e-08, 33.2509, 1e-08],\n    \"slow_pred\": [12.7726, 41.301, 58.711, 65.1465, 59.3126, 41.6634, 20.3262, 13.2543, 10.6278, 10.9161, 9.3053, 10.8012, 9.584, 9.9915, 10.392, 10.3872, 10.4109, 10.3456, 10.4861, 10.1743, 10.8739, 9.335, 12.5077, 5.7327, 20.5091, 1e-08]\n  },\n  \"plot_data\": {\n    \"cots_pred\": {\n      \"Year\": [1980, 1981, 1982, 1983, 1984, 1985, 1986, 1987, 1988, 1989, 1990, 1991, 1992, 1993, 1994, 1995, 1996, 1997, 1998, 1999, 2000, 2001, 2002, 2003, 2004, 2005],\n      \"Modeled\": [0.2615, 0.3585, 0.8725, 1.8784, 3.692, 6.8671, 11.598, 16.6765, 19.4487, 20.0953, 21.6333, 20.0779, 21.7339, 20.7572, 20.1411, 20.1322, 20.1411, 20.1432, 20.145, 20.1358, 20.1359, 20.2954, 20.1409, 20.2993, 20.1411, 20.4578],\n      \"Observed\": [0.2615, 0.5498, 0.7268, 0.5523, 0.8281, 0.547, 0.758, 0.6288, 0.4762, 0.6466, 0.9107, 2.152, 0.6446, 1.6723, 0.4766, 0.8075, 0.3635, 0.3728, 0.6173, 0.3107, 0.256, 0.2984, 0.3362, 0.2878, 0.3221, 0.4308]\n    },\n    \"fast_pred\": {\n      \"Year\": [1980, 1981, 1982, 1983, 1984, 1985, 1986, 1987, 1988, 1989, 1990, 1991, 1992, 1993, 1994, 1995, 1996, 1997, 1998, 1999, 2000, 2001, 2002, 2003, 2004, 2005],\n      \"Modeled\": [10.0694, 39.5969, 57.6585, 64.5676, 59.0639, 41.5973, 20.3063, 13.2405, 10.62, 10.9032, 9.3026, 10.7794, 9.6013, 9.9199, 10.5267, 10.0608, 11.0999, 8.7981, 13.8663, 2.6961, 27.3136, 1e-08, 33.2509, 1e-08, 33.2509, 1e-08],\n      \"Observed\": [10.0694, 17.7236, 23.8276, 19.4181, 15.6354, 32.4596, 21.5567, 34.1938, 18.8708, 27.3176, 44.3301, 13.3275, 11.3741, 8.3362, 15.207, 12.443, 11.0666, 10.6442, 2.3628, 2.76, 3.7236, 7.0355, 10.2239, 8.4754, 9.0819, 13.7314]\n    },\n    \"slow_pred\": {\n      \"Year\": [1980, 1981, 1982, 1983, 1984, 1985, 1986, 1987, 1988, 1989, 1990, 1991, 1992, 1993, 1994, 1995, 1996, 1997, 1998, 1999, 2000, 2001, 2002, 2003, 2004, 2005],\n      \"Modeled\": [12.7726, 41.301, 58.711, 65.1465, 59.3126, 41.6634, 20.3262, 13.2543, 10.6278, 10.9161, 9.3053, 10.8012, 9.584, 9.9915, 10.392, 10.3872, 10.4109, 10.3456, 10.4861, 10.1743, 10.8739, 9.335, 12.5077, 5.7327, 20.5091, 1e-08],\n      \"Observed\": [12.7726, 16.4147, 12.7773, 12.2798, 15.1152, 12.8194, 10.4631, 9.7251, 13.2014, 16.4512, 11.1393, 18.0832, 11.5223, 8.51, 9.1622, 5.3353, 8.6044, 7.2781, 2.629, 4.6951, 1.5948, 5.2172, 2.6041, 3.3618, 7.3289, 4.4014]\n    }\n  }\n}\nJSON_REPORT_END",
      "stderr": "Loading required package: TMB\nLoading required package: jsonlite\nhere() starts at /home/spi085/Documents/_Projects/SCCP-QuantModelling\nusing C++ compiler: \u2018g++ (Ubuntu 13.3.0-6ubuntu2~24.04) 13.3.0\u2019\nThere were 50 or more warnings (use warnings() to see the first 50)\nWarning message:\n`aes_string()` was deprecated in ggplot2 3.0.0.\n\u2139 Please use tidy evaluation idioms with `aes()`.\n\u2139 See also `vignette(\"ggplot2-in-packages\")` for more information."
    },
    "5": {
      "status": "SUCCESS",
      "objective_value": 522.7137
    }
  }
}