Parent PNG files: ['POPULATIONS\\POPULATION_0008\\INDIVIDUAL_5LBOF534\\cots_pred_comparison.png', 'POPULATIONS\\POPULATION_0008\\INDIVIDUAL_5LBOF534\\fast_pred_comparison.png', 'POPULATIONS\\POPULATION_0008\\INDIVIDUAL_5LBOF534\\slow_pred_comparison.png']
[?12l[?25hSkipping 
POPULATIONS\POPULATION_0008\INDIVIDUAL_UROZ91ND\mo
del.cpp that matches gitignore spec.
Skipping 
POPULATIONS\POPULATION_0008\INDIVIDUAL_UROZ91ND\pa
rameters.json that matches gitignore spec.
Skipping 
POPULATIONS\POPULATION_0008\INDIVIDUAL_UROZ91ND\in
tention.txt that matches gitignore spec.
Creating empty file 
POPULATIONS\POPULATION_0008\INDIVIDUAL_UROZ91ND\in
tention.txt
Added C:\Users\spi085\OneDrive - 
CSIRO\Documents\_Projects\SCCP-QuantModelling\POPU
LATIONS\POPULATION_0008\INDIVIDUAL_5LBOF534\cots_p
red_comparison.png to read-only files.
Added C:\Users\spi085\OneDrive - 
CSIRO\Documents\_Projects\SCCP-QuantModelling\POPU
LATIONS\POPULATION_0008\INDIVIDUAL_5LBOF534\fast_p
red_comparison.png to read-only files.
Added C:\Users\spi085\OneDrive - 
CSIRO\Documents\_Projects\SCCP-QuantModelling\POPU
LATIONS\POPULATION_0008\INDIVIDUAL_5LBOF534\slow_p
red_comparison.png to read-only files.
Based on the comparison plots, I notice that the  
model tends to underestimate the peaks in coral   
cover, particularly for slow-growing corals. One  
ecological improvement would be to add coral      
recruitment pulses that depend on the existing    
coral cover, as coral reproduction often occurs in
synchronized spawning events.                     

Here are the changes:                             

POPULATIONS\POPULATION_0008\INDIVIDUAL_UROZ91ND\in
tention.txt                                       

                                                  
 <<<<<<< SEARCH                                   
 =======                                          
 Added coral recruitment pulses to better capture 
 episodic increases in coral cover. This reflects 
 the reality of synchronized mass spawning events 
 where successful recruitment depends on existing 
 coral cover.                                     
 >>>>>>> REPLACE                                  
                                                  

POPULATIONS\POPULATION_0008\INDIVIDUAL_UROZ91ND\pa
rameters.json                                     

                                                  
 <<<<<<< SEARCH                                   
     ]                                            
 }                                                
 =======                                          
     ],                                           
     "parameters": [                              
         {                                        
             "parameter": "recruit_rate",         
             "value": 0.2,                        
             "description": "Coral recruitment ra 
 multiplier",                                     
             "source": "literature",              
             "import_type": "PARAMETER",          
             "priority": 2,                       
             "enhanced_semantic_description":     
 "Multiplier for coral recruitment success during 
 spawning events",                                
             "citations": [                       
                 "https://www.nature.com/articles 
 41598-019-50851-4"                               
             ],                                   
             "processed": true                    
         }                                        
     ]                                            
 }                                                
 >>>>>>> REPLACE                                  
                                                  

POPULATIONS\POPULATION_0008\INDIVIDUAL_UROZ91ND\mo
del.cpp                                           

                                                  
 <<<<<<< SEARCH                                   
     // 3. Coral dynamics with smooth minimum     
 function                                         
     Type slow_growth = r_slow * slow_pred(t-1) * 
 (100 - slow_pred(t-1))/100;                      
     Type fast_growth = r_fast * fast_pred(t-1) * 
 (100 - fast_pred(t-1))/100;                      
 =======                                          
     // 3. Coral dynamics with recruitment pulses 
     Type slow_growth = r_slow * slow_pred(t-1) * 
 (100 - slow_pred(t-1))/100;                      
     Type fast_growth = r_fast * fast_pred(t-1) * 
 (100 - fast_pred(t-1))/100;                      
                                                  
     // Add recruitment pulses based on existing  
 cover                                            
     Type slow_recruit = recruit_rate *           
 pow(slow_pred(t-1)/100, 2) * (100 -              
 slow_pred(t-1))/100;                             
     Type fast_recruit = recruit_rate *           
 pow(fast_pred(t-1)/100, 2) * (100 -              
 fast_pred(t-1))/100;                             
                                                  
     slow_growth += slow_recruit;                 
     fast_growth += fast_recruit;                 
 >>>>>>> REPLACE                                  
                                                  

This change adds density-dependent recruitment    
that increases with existing coral cover          
(reflecting more potential parents) but decreases 
as space becomes limited. The quadratic term      
(pow(..., 2)) creates stronger recruitment pulses 
when coral cover is moderate, helping capture the 
observed peaks while maintaining biological       
realism.                                          

Tokens: 8.4k sent, 598 received. Cost: $0.03 
message, $0.03 session.
Committing 
POPULATIONS\POPULATION_0008\INDIVIDUAL_UROZ91ND\in
tention.txt before applying edits.
Committing 
POPULATIONS\POPULATION_0008\INDIVIDUAL_UROZ91ND\pa
rameters.json before applying edits.
Committing 
POPULATIONS\POPULATION_0008\INDIVIDUAL_UROZ91ND\mo
del.cpp before applying edits.
Unable to add C:\Users\spi085\OneDrive - 
CSIRO\Documents\_Projects\SCCP-QuantModelling\POPU
LATIONS\POPULATION_0008\INDIVIDUAL_UROZ91ND\parame
ters.json: Cmd('git') failed due to: exit code(1)
  cmdline: git add C:\Users\spi085\OneDrive - 
CSIRO\Documents\_Projects\SCCP-QuantModelling\POPU
LATIONS\POPULATION_0008\INDIVIDUAL_UROZ91ND\parame
ters.json
  stderr: 'The following paths are ignored by one 
of your .gitignore files:
POPULATIONS
hint: Use -f if you really want to add them.
hint: Turn this message off by running
hint: "git config advice.addIgnoredFile false"'
Unable to add C:\Users\spi085\OneDrive - 
CSIRO\Documents\_Projects\SCCP-QuantModelling\POPU
LATIONS\POPULATION_0008\INDIVIDUAL_UROZ91ND\model.
cpp: Cmd('git') failed due to: exit code(1)
  cmdline: git add C:\Users\spi085\OneDrive - 
CSIRO\Documents\_Projects\SCCP-QuantModelling\POPU
LATIONS\POPULATION_0008\INDIVIDUAL_UROZ91ND\model.
cpp
  stderr: 'The following paths are ignored by one 
of your .gitignore files:
POPULATIONS
hint: Use -f if you really want to add them.
hint: Turn this message off by running
hint: "git config advice.addIgnoredFile false"'
Unable to add C:\Users\spi085\OneDrive - 
CSIRO\Documents\_Projects\SCCP-QuantModelling\POPU
LATIONS\POPULATION_0008\INDIVIDUAL_UROZ91ND\intent
ion.txt: Cmd('git') failed due to: exit code(1)
  cmdline: git add C:\Users\spi085\OneDrive - 
CSIRO\Documents\_Projects\SCCP-QuantModelling\POPU
LATIONS\POPULATION_0008\INDIVIDUAL_UROZ91ND\intent
ion.txt
  stderr: 'The following paths are ignored by one 
of your .gitignore files:
POPULATIONS
hint: Use -f if you really want to add them.
hint: Turn this message off by running
hint: "git config advice.addIgnoredFile false"'
Unable to commit: Cmd('git') failed due to: exit 
code(1)
  cmdline: git commit -m feat: Add new individual 
UROZ91ND with parameters, model, and intention 
--no-verify -- C:\Users\spi085\OneDrive - 
CSIRO\Documents\_Projects\SCCP-QuantModelling\POPU
LATIONS\POPULATION_0008\INDIVIDUAL_UROZ91ND\parame
ters.json C:\Users\spi085\OneDrive - 
CSIRO\Documents\_Projects\SCCP-QuantModelling\POPU
LATIONS\POPULATION_0008\INDIVIDUAL_UROZ91ND\model.
cpp C:\Users\spi085\OneDrive - 
CSIRO\Documents\_Projects\SCCP-QuantModelling\POPU
LATIONS\POPULATION_0008\INDIVIDUAL_UROZ91ND\intent
ion.txt
  stderr: 'error: pathspec 
'C:\Users\spi085\OneDrive - 
CSIRO\Documents\_Projects\SCCP-QuantModelling\POPU
LATIONS\POPULATION_0008\INDIVIDUAL_UROZ91ND\parame
ters.json' did not match any file(s) known to git
error: pathspec 'C:\Users\spi085\OneDrive - 
CSIRO\Documents\_Projects\SCCP-QuantModelling\POPU
LATIONS\POPULATION_0008\INDIVIDUAL_UROZ91ND\model.
cpp' did not match any file(s) known to git
error: pathspec 'C:\Users\spi085\OneDrive - 
CSIRO\Documents\_Projects\SCCP-QuantModelling\POPU
LATIONS\POPULATION_0008\INDIVIDUAL_UROZ91ND\intent
ion.txt' did not match any file(s) known to git'
Applied edit to 
POPULATIONS\POPULATION_0008\INDIVIDUAL_UROZ91ND\pa
rameters.json
Applied edit to 
POPULATIONS\POPULATION_0008\INDIVIDUAL_UROZ91ND\mo
del.cpp
Applied edit to 
POPULATIONS\POPULATION_0008\INDIVIDUAL_UROZ91ND\in
tention.txt
Improved existing model in individual: POPULATIONS\POPULATION_0008\INDIVIDUAL_UROZ91ND
Validating model for data leakage...
Opening file: POPULATIONS\POPULATION_0008\INDIVIDUAL_UROZ91ND\model.cpp
File read successfully
Extracting vectors...
Found data vectors: {'sst_dat', 'cotsimm_dat', 'slow_dat', 'cots_dat', 'fast_dat'}
Found prediction vectors: {'slow_pred', 'cots_pred', 'fast_pred'}
Found reported vectors: {'sigma_coral', 'fast_pred', 'sigma_cots', 'slow_pred', 'cots_pred'}
Finding initial conditions...
Found 3 initial conditions
Finding time-stepping loop...
Found loop from line 46 to 77
Found response variables: {'cots_dat', 'slow_dat', 'fast_dat'}
[93mRunning model for individual...[0m
[0mIndividual directory: POPULATIONS\POPULATION_0008\INDIVIDUAL_UROZ91ND[0m
[93mR script stdout:[0m
[0mg++ -std=gnu++17  -I"C:/Users/spi085/AppData/Local/Programs/R/R-4.4.1/include" -DNDEBUG -I"C:/Users/spi085/AppData/Local/Programs/R/R-44~1.1/library/TMB/include" -I"C:/Users/spi085/AppData/Local/Programs/R/R-44~1.1/library/RCPPEI~1/include"   -DTMB_EIGEN_DISABLE_WARNINGS   -DTMB_LIB_INIT=R_init_model  -DCPPAD_FRAMEWORK    -I"C:/rtools44/x86_64-w64-mingw32.static.posix/include"     -O2 -Wa,-mbig-obj -c POPULATIONS//POPULATION_0008//INDIVIDUAL_UROZ91ND/model.cpp -o POPULATIONS//POPULATION_0008//INDIVIDUAL_UROZ91ND/model.o[0m
[93mR script stderr:[0m
[0mLoading required package: TMB
Loading required package: jsonlite
here() starts at C:/Users/spi085/OneDrive - CSIRO/Documents/_Projects/SCCP-QuantModelling
using C++ compiler: 'G__~1.EXE (GCC) 13.2.0'
POPULATIONS//POPULATION_0008//INDIVIDUAL_UROZ91ND/model.cpp: In member function 'Type objective_function<Type>::operator()()':
POPULATIONS//POPULATION_0008//INDIVIDUAL_UROZ91ND/model.cpp:59:25: error: 'recruit_rate' was not declared in this scope
   59 |     Type slow_recruit = recruit_rate * pow(slow_pred(t-1)/100, 2) * (100 - slow_pred(t-1))/100;
      |                         ^~~~~~~~~~~~
make: *** [C:/Users/spi085/AppData/Local/Programs/R/R-4.4.1/etc/x64/Makeconf:296: POPULATIONS//POPULATION_0008//INDIVIDUAL_UROZ91ND/model.o] Error 1
Error in TMB::compile(file.path(individual_dir, model_file), flags = flags,  : 
  Compilation failed
Error: Compilation failed
Execution halted[0m
[91mModel failed to compile.[0m
MODEL RUN FINISHED
Error: Objective value is None
Initial run failed. Attempting to fix...
Fixing broken model iteration: 0
The error occurs because recruit_rate needs to be 
declared as a parameter. Let me fix that:         

POPULATIONS\POPULATION_0008\INDIVIDUAL_UROZ91ND\mo
del.cpp                                           

                                                  
 <<<<<<< SEARCH                                   
   PARAMETER(log_sigma_cots);    // Log SD for CO 
 observations                                     
   PARAMETER(log_sigma_coral);   // Log SD for    
 coral observations                               
 =======                                          
   PARAMETER(log_sigma_cots);    // Log SD for CO 
 observations                                     
   PARAMETER(log_sigma_coral);   // Log SD for    
 coral observations                               
   PARAMETER(recruit_rate);      // Coral         
 recruitment rate multiplier                      
 >>>>>>> REPLACE                                  
                                                  

POPULATIONS\POPULATION_0008\INDIVIDUAL_UROZ91ND\pa
rameters.json                                     

                                                  
 <<<<<<< SEARCH                                   
     "parameters": [                              
         {                                        
             "parameter": "recruit_rate",         
 =======                                          
     "recruit_rate": {                            
 >>>>>>> REPLACE                                  
                                                  

The parameters.json file had duplicate            
"parameters" sections which would cause issues.   
I've fixed the format to properly add the         
recruit_rate parameter.                           

Tokens: 9.8k sent, 219 received. Cost: $0.03 
message, $0.07 session.
Committing 
POPULATIONS\POPULATION_0008\INDIVIDUAL_UROZ91ND\mo
del.cpp before applying edits.
Committing 
POPULATIONS\POPULATION_0008\INDIVIDUAL_UROZ91ND\pa
rameters.json before applying edits.
Unable to add C:\Users\spi085\OneDrive - 
CSIRO\Documents\_Projects\SCCP-QuantModelling\POPU
LATIONS\POPULATION_0008\INDIVIDUAL_UROZ91ND\parame
ters.json: Cmd('git') failed due to: exit code(1)
  cmdline: git add C:\Users\spi085\OneDrive - 
CSIRO\Documents\_Projects\SCCP-QuantModelling\POPU
LATIONS\POPULATION_0008\INDIVIDUAL_UROZ91ND\parame
ters.json
  stderr: 'The following paths are ignored by one 
of your .gitignore files:
POPULATIONS
hint: Use -f if you really want to add them.
hint: Turn this message off by running
hint: "git config advice.addIgnoredFile false"'
Unable to add C:\Users\spi085\OneDrive - 
CSIRO\Documents\_Projects\SCCP-QuantModelling\POPU
LATIONS\POPULATION_0008\INDIVIDUAL_UROZ91ND\model.
cpp: Cmd('git') failed due to: exit code(1)
  cmdline: git add C:\Users\spi085\OneDrive - 
CSIRO\Documents\_Projects\SCCP-QuantModelling\POPU
LATIONS\POPULATION_0008\INDIVIDUAL_UROZ91ND\model.
cpp
  stderr: 'The following paths are ignored by one 
of your .gitignore files:
POPULATIONS
hint: Use -f if you really want to add them.
hint: Turn this message off by running
hint: "git config advice.addIgnoredFile false"'
Unable to commit: Cmd('git') failed due to: exit 
code(1)
  cmdline: git commit -m feat: Add new individual 
UROZ91ND with parameters and model files 
--no-verify -- C:\Users\spi085\OneDrive - 
CSIRO\Documents\_Projects\SCCP-QuantModelling\POPU
LATIONS\POPULATION_0008\INDIVIDUAL_UROZ91ND\parame
ters.json C:\Users\spi085\OneDrive - 
CSIRO\Documents\_Projects\SCCP-QuantModelling\POPU
LATIONS\POPULATION_0008\INDIVIDUAL_UROZ91ND\model.
cpp
  stderr: 'error: pathspec 
'C:\Users\spi085\OneDrive - 
CSIRO\Documents\_Projects\SCCP-QuantModelling\POPU
LATIONS\POPULATION_0008\INDIVIDUAL_UROZ91ND\parame
ters.json' did not match any file(s) known to git
error: pathspec 'C:\Users\spi085\OneDrive - 
CSIRO\Documents\_Projects\SCCP-QuantModelling\POPU
LATIONS\POPULATION_0008\INDIVIDUAL_UROZ91ND\model.
cpp' did not match any file(s) known to git'
Applied edit to 
POPULATIONS\POPULATION_0008\INDIVIDUAL_UROZ91ND\pa
rameters.json
Applied edit to 
POPULATIONS\POPULATION_0008\INDIVIDUAL_UROZ91ND\mo
del.cpp

# Fix any errors below, if possible.


## See relevant line below marked with â–ˆ.

POPULATIONS\POPULATION_0008\INDIVIDUAL_UROZ91ND\pa
rameters.json:
...â‹®...
 146â”‚            ],
 147â”‚            "processed": true
 148â”‚        }
 149â–ˆ    ]
 150â”‚}


The parameters.json file has incorrect JSON       
structure. Let me fix that:                       

POPULATIONS\POPULATION_0008\INDIVIDUAL_UROZ91ND\pa
rameters.json                                     

                                                  
 <<<<<<< SEARCH                                   
     "parameters": [                              
         {                                        
             "parameter": "r_cots",               
 =======                                          
     "parameters": [                              
         {                                        
             "parameter": "recruit_rate",         
             "value": 0.2,                        
             "description": "Coral recruitment ra 
 multiplier",                                     
             "source": "literature",              
             "import_type": "PARAMETER",          
             "priority": 2,                       
             "enhanced_semantic_description":     
 "Multiplier for coral recruitment success during 
 spawning events",                                
             "citations": [                       
                 "https://www.nature.com/articles 
 41598-019-50851-4"                               
             ],                                   
             "processed": true                    
         },                                       
         {                                        
             "parameter": "r_cots",               
 >>>>>>> REPLACE                                  
                                                  

POPULATIONS\POPULATION_0008\INDIVIDUAL_UROZ91ND\pa
rameters.json                                     

                                                  
 <<<<<<< SEARCH                                   
     ],                                           
     "recruit_rate": {                            
             "value": 0.2,                        
             "description": "Coral recruitment ra 
 multiplier",                                     
             "source": "literature",              
             "import_type": "PARAMETER",          
             "priority": 2,                       
             "enhanced_semantic_description":     
 "Multiplier for coral recruitment success during 
 spawning events",                                
             "citations": [                       
                 "https://www.nature.com/articles 
 41598-019-50851-4"                               
             ],                                   
             "processed": true                    
         }                                        
     ]                                            
 =======                                          
     ]                                            
 >>>>>>> REPLACE                                  
                                                  

This moves the recruit_rate parameter into the    
main parameters array and fixes the JSON          
structure. The recruit_rate was incorrectly placed
as a separate object outside the parameters array.

Tokens: 10k sent, 368 received. Cost: $0.04 
message, $0.10 session.
Committing 
POPULATIONS\POPULATION_0008\INDIVIDUAL_UROZ91ND\pa
rameters.json before applying edits.
Unable to add C:\Users\spi085\OneDrive - 
CSIRO\Documents\_Projects\SCCP-QuantModelling\POPU
LATIONS\POPULATION_0008\INDIVIDUAL_UROZ91ND\parame
ters.json: Cmd('git') failed due to: exit code(1)
  cmdline: git add C:\Users\spi085\OneDrive - 
CSIRO\Documents\_Projects\SCCP-QuantModelling\POPU
LATIONS\POPULATION_0008\INDIVIDUAL_UROZ91ND\parame
ters.json
  stderr: 'The following paths are ignored by one 
of your .gitignore files:
POPULATIONS
hint: Use -f if you really want to add them.
hint: Turn this message off by running
hint: "git config advice.addIgnoredFile false"'
Unable to commit: Cmd('git') failed due to: exit 
code(1)
  cmdline: git commit -m feat: Add parameters 
configuration for INDIVIDUAL_UROZ91ND population 
--no-verify -- C:\Users\spi085\OneDrive - 
CSIRO\Documents\_Projects\SCCP-QuantModelling\POPU
LATIONS\POPULATION_0008\INDIVIDUAL_UROZ91ND\parame
ters.json
  stderr: 'error: pathspec 
'C:\Users\spi085\OneDrive - 
CSIRO\Documents\_Projects\SCCP-QuantModelling\POPU
LATIONS\POPULATION_0008\INDIVIDUAL_UROZ91ND\parame
ters.json' did not match any file(s) known to git'
Applied edit to 
POPULATIONS\POPULATION_0008\INDIVIDUAL_UROZ91ND\pa
rameters.json
Validating fixed model for data leakage...
Opening file: POPULATIONS\POPULATION_0008\INDIVIDUAL_UROZ91ND\model.cpp
File read successfully
Extracting vectors...
Found data vectors: {'sst_dat', 'cotsimm_dat', 'slow_dat', 'cots_dat', 'fast_dat'}
Found prediction vectors: {'slow_pred', 'cots_pred', 'fast_pred'}
Found reported vectors: {'sigma_coral', 'fast_pred', 'sigma_cots', 'slow_pred', 'cots_pred'}
Finding initial conditions...
Found 3 initial conditions
Finding time-stepping loop...
Found loop from line 47 to 78
Found response variables: {'cots_dat', 'slow_dat', 'fast_dat'}
[93mRunning model for individual...[0m
[0mIndividual directory: POPULATIONS\POPULATION_0008\INDIVIDUAL_UROZ91ND[0m
[93mR script stdout:[0m
[0mg++ -std=gnu++17  -I"C:/Users/spi085/AppData/Local/Programs/R/R-4.4.1/include" -DNDEBUG -I"C:/Users/spi085/AppData/Local/Programs/R/R-44~1.1/library/TMB/include" -I"C:/Users/spi085/AppData/Local/Programs/R/R-44~1.1/library/RCPPEI~1/include"   -DTMB_EIGEN_DISABLE_WARNINGS   -DTMB_LIB_INIT=R_init_model  -DCPPAD_FRAMEWORK    -I"C:/rtools44/x86_64-w64-mingw32.static.posix/include"     -O2 -Wa,-mbig-obj -c POPULATIONS//POPULATION_0008//INDIVIDUAL_UROZ91ND/model.cpp -o POPULATIONS//POPULATION_0008//INDIVIDUAL_UROZ91ND/model.o
g++ -std=gnu++17 -shared -s -static-libgcc -o POPULATIONS//POPULATION_0008//INDIVIDUAL_UROZ91ND/model.dll tmp.def POPULATIONS//POPULATION_0008//INDIVIDUAL_UROZ91ND/model.o -LC:/rtools44/x86_64-w64-mingw32.static.posix/lib/x64 -LC:/rtools44/x86_64-w64-mingw32.static.posix/lib -LC:/Users/spi085/AppData/Local/Programs/R/R-4.4.1/bin/x64 -lR
Starting model phases
Number of phases: 4 
Phase 1 
Initial parameter values for phase 1 :
r_cots a_fast a_slow 
    NA     NA     NA 
Error in model phases: NA/NaN gradient evaluation[0m
[93mR script stderr:[0m
[0mLoading required package: TMB
Loading required package: jsonlite
here() starts at C:/Users/spi085/OneDrive - CSIRO/Documents/_Projects/SCCP-QuantModelling
using C++ compiler: 'G__~1.EXE (GCC) 13.2.0'
Error in value[[3L]](cond) : 
  Error in model phases: NA/NaN gradient evaluation
Calls: tryCatch -> tryCatchList -> tryCatchOne -> <Anonymous>
In addition: Warning message:
In nlminb(model$par, model$fn, model$gr) : NA/NaN function evaluation
Execution halted[0m
[91mR script failed with return code 1[0m
Fixing broken model iteration: 1

tmp.def
C:\Users\spi085\OneDrive - 
CSIRO\Documents\_Projects\SCCP-QuantModelling\tmp.
def: file not found error
C:\Users\spi085\OneDrive - 
CSIRO\Documents\_Projects\SCCP-QuantModelling\tmp.
def: file not found error
Dropping tmp.def from the chat.
The NA/NaN gradient evaluation suggests numerical 
instability. Let's scale down the recruitment     
effect to avoid extreme values:                   

POPULATIONS\POPULATION_0008\INDIVIDUAL_UROZ91ND\mo
del.cpp                                           

                                                  
 <<<<<<< SEARCH                                   
     // Add recruitment pulses based on existing  
 cover                                            
     Type slow_recruit = recruit_rate *           
 pow(slow_pred(t-1)/100, 2) * (100 -              
 slow_pred(t-1))/100;                             
     Type fast_recruit = recruit_rate *           
 pow(fast_pred(t-1)/100, 2) * (100 -              
 fast_pred(t-1))/100;                             
                                                  
     slow_growth += slow_recruit;                 
     fast_growth += fast_recruit;                 
 =======                                          
     // Add recruitment pulses based on existing  
 cover (scaled to avoid instability)              
     Type slow_recruit = 0.1 * recruit_rate *     
 slow_pred(t-1) * (100 - slow_pred(t-1))/100;     
     Type fast_recruit = 0.1 * recruit_rate *     
 fast_pred(t-1) * (100 - fast_pred(t-1))/100;     
                                                  
     slow_growth = slow_growth + slow_recruit;    
     fast_growth = fast_growth + fast_recruit;    
 >>>>>>> REPLACE                                  
                                                  

This change:                                      

 1 Removes the quadratic term that could cause    
   instability                                    
 2 Adds a 0.1 scaling factor to keep recruitment  
   effects moderate                               
 3 Uses more explicit addition to avoid any       
   potential operator precedence issues           

Tokens: 11k sent, 296 received. Cost: $0.04 
message, $0.14 session.
Committing 
POPULATIONS\POPULATION_0008\INDIVIDUAL_UROZ91ND\mo
del.cpp before applying edits.
Unable to add C:\Users\spi085\OneDrive - 
CSIRO\Documents\_Projects\SCCP-QuantModelling\POPU
LATIONS\POPULATION_0008\INDIVIDUAL_UROZ91ND\model.
cpp: Cmd('git') failed due to: exit code(1)
  cmdline: git add C:\Users\spi085\OneDrive - 
CSIRO\Documents\_Projects\SCCP-QuantModelling\POPU
LATIONS\POPULATION_0008\INDIVIDUAL_UROZ91ND\model.
cpp
  stderr: 'The following paths are ignored by one 
of your .gitignore files:
POPULATIONS
hint: Use -f if you really want to add them.
hint: Turn this message off by running
hint: "git config advice.addIgnoredFile false"'
Unable to commit: Cmd('git') failed due to: exit 
code(1)
  cmdline: git commit -m feat: Add model.cpp for 
POPULATION_0008 individual UROZ91ND --no-verify --
C:\Users\spi085\OneDrive - 
CSIRO\Documents\_Projects\SCCP-QuantModelling\POPU
LATIONS\POPULATION_0008\INDIVIDUAL_UROZ91ND\model.
cpp
  stderr: 'error: pathspec 
'C:\Users\spi085\OneDrive - 
CSIRO\Documents\_Projects\SCCP-QuantModelling\POPU
LATIONS\POPULATION_0008\INDIVIDUAL_UROZ91ND\model.
cpp' did not match any file(s) known to git'
Applied edit to 
POPULATIONS\POPULATION_0008\INDIVIDUAL_UROZ91ND\mo
del.cpp
Validating fixed model for data leakage...
Opening file: POPULATIONS\POPULATION_0008\INDIVIDUAL_UROZ91ND\model.cpp
File read successfully
Extracting vectors...
Found data vectors: {'sst_dat', 'cotsimm_dat', 'slow_dat', 'cots_dat', 'fast_dat'}
Found prediction vectors: {'slow_pred', 'cots_pred', 'fast_pred'}
Found reported vectors: {'sigma_coral', 'fast_pred', 'sigma_cots', 'slow_pred', 'cots_pred'}
Finding initial conditions...
Found 3 initial conditions
Finding time-stepping loop...
Found loop from line 47 to 78
Found response variables: {'cots_dat', 'slow_dat', 'fast_dat'}
[93mRunning model for individual...[0m
[0mIndividual directory: POPULATIONS\POPULATION_0008\INDIVIDUAL_UROZ91ND[0m
[93mRemoved old compilation: model.dll[0m
[93mRemoved old compilation: model.o[0m
[93mR script stdout:[0m
[0mg++ -std=gnu++17  -I"C:/Users/spi085/AppData/Local/Programs/R/R-4.4.1/include" -DNDEBUG -I"C:/Users/spi085/AppData/Local/Programs/R/R-44~1.1/library/TMB/include" -I"C:/Users/spi085/AppData/Local/Programs/R/R-44~1.1/library/RCPPEI~1/include"   -DTMB_EIGEN_DISABLE_WARNINGS   -DTMB_LIB_INIT=R_init_model  -DCPPAD_FRAMEWORK    -I"C:/rtools44/x86_64-w64-mingw32.static.posix/include"     -O2 -Wa,-mbig-obj -c POPULATIONS//POPULATION_0008//INDIVIDUAL_UROZ91ND/model.cpp -o POPULATIONS//POPULATION_0008//INDIVIDUAL_UROZ91ND/model.o
g++ -std=gnu++17 -shared -s -static-libgcc -o POPULATIONS//POPULATION_0008//INDIVIDUAL_UROZ91ND/model.dll tmp.def POPULATIONS//POPULATION_0008//INDIVIDUAL_UROZ91ND/model.o -LC:/rtools44/x86_64-w64-mingw32.static.posix/lib/x64 -LC:/rtools44/x86_64-w64-mingw32.static.posix/lib -LC:/Users/spi085/AppData/Local/Programs/R/R-4.4.1/bin/x64 -lR
Starting model phases
Number of phases: 4 
Phase 1 
Initial parameter values for phase 1 :
r_cots a_fast a_slow 
    NA     NA     NA 
Error in model phases: NA/NaN gradient evaluation[0m
[93mR script stderr:[0m
[0mLoading required package: TMB
Loading required package: jsonlite
here() starts at C:/Users/spi085/OneDrive - CSIRO/Documents/_Projects/SCCP-QuantModelling
using C++ compiler: 'G__~1.EXE (GCC) 13.2.0'
Error in value[[3L]](cond) : 
  Error in model phases: NA/NaN gradient evaluation
Calls: tryCatch -> tryCatchList -> tryCatchOne -> <Anonymous>
In addition: Warning message:
In nlminb(model$par, model$fn, model$gr) : NA/NaN function evaluation
Execution halted[0m
[91mR script failed with return code 1[0m
Fixing broken model iteration: 2

tmp.def
C:\Users\spi085\OneDrive - 
CSIRO\Documents\_Projects\SCCP-QuantModelling\tmp.
def: file not found error
C:\Users\spi085\OneDrive - 
CSIRO\Documents\_Projects\SCCP-QuantModelling\tmp.
def: file not found error
Dropping tmp.def from the chat.
Let's try a simpler recruitment term that's less  
likely to cause numerical instability:            

POPULATIONS\POPULATION_0008\INDIVIDUAL_UROZ91ND\mo
del.cpp                                           

                                                  
 <<<<<<< SEARCH                                   
     // Add recruitment pulses based on existing  
 cover (scaled to avoid instability)              
     Type slow_recruit = 0.1 * recruit_rate *     
 slow_pred(t-1) * (100 - slow_pred(t-1))/100;     
     Type fast_recruit = 0.1 * recruit_rate *     
 fast_pred(t-1) * (100 - fast_pred(t-1))/100;     
                                                  
     slow_growth = slow_growth + slow_recruit;    
     fast_growth = fast_growth + fast_recruit;    
 =======                                          
     // Add small recruitment boost based on      
 existing cover                                   
     slow_growth *= (1.0 + recruit_rate *         
 slow_pred(t-1)/100);                             
     fast_growth *= (1.0 + recruit_rate *         
 fast_pred(t-1)/100);                             
 >>>>>>> REPLACE                                  
                                                  

This change:                                      

 1 Simplifies the recruitment effect to be        
   proportional to existing growth                
 2 Uses multiplication instead of addition to     
   maintain better numerical stability            
 3 Scales the effect by current coral cover       
   percentage                                     

Tokens: 12k sent, 244 received. Cost: $0.04 
message, $0.18 session.
Committing 
POPULATIONS\POPULATION_0008\INDIVIDUAL_UROZ91ND\mo
del.cpp before applying edits.
Unable to add C:\Users\spi085\OneDrive - 
CSIRO\Documents\_Projects\SCCP-QuantModelling\POPU
LATIONS\POPULATION_0008\INDIVIDUAL_UROZ91ND\model.
cpp: Cmd('git') failed due to: exit code(1)
  cmdline: git add C:\Users\spi085\OneDrive - 
CSIRO\Documents\_Projects\SCCP-QuantModelling\POPU
LATIONS\POPULATION_0008\INDIVIDUAL_UROZ91ND\model.
cpp
  stderr: 'The following paths are ignored by one 
of your .gitignore files:
POPULATIONS
hint: Use -f if you really want to add them.
hint: Turn this message off by running
hint: "git config advice.addIgnoredFile false"'
Unable to commit: Cmd('git') failed due to: exit 
code(1)
  cmdline: git commit -m feat: Add model.cpp for 
POPULATION_0008 individual UROZ91ND --no-verify --
C:\Users\spi085\OneDrive - 
CSIRO\Documents\_Projects\SCCP-QuantModelling\POPU
LATIONS\POPULATION_0008\INDIVIDUAL_UROZ91ND\model.
cpp
  stderr: 'error: pathspec 
'C:\Users\spi085\OneDrive - 
CSIRO\Documents\_Projects\SCCP-QuantModelling\POPU
LATIONS\POPULATION_0008\INDIVIDUAL_UROZ91ND\model.
cpp' did not match any file(s) known to git'
Applied edit to 
POPULATIONS\POPULATION_0008\INDIVIDUAL_UROZ91ND\mo
del.cpp
Validating fixed model for data leakage...
Opening file: POPULATIONS\POPULATION_0008\INDIVIDUAL_UROZ91ND\model.cpp
File read successfully
Extracting vectors...
Found data vectors: {'sst_dat', 'cotsimm_dat', 'slow_dat', 'cots_dat', 'fast_dat'}
Found prediction vectors: {'slow_pred', 'cots_pred', 'fast_pred'}
Found reported vectors: {'sigma_coral', 'fast_pred', 'sigma_cots', 'slow_pred', 'cots_pred'}
Finding initial conditions...
Found 3 initial conditions
Finding time-stepping loop...
Found loop from line 47 to 75
Found response variables: {'cots_dat', 'slow_dat', 'fast_dat'}
[93mRunning model for individual...[0m
[0mIndividual directory: POPULATIONS\POPULATION_0008\INDIVIDUAL_UROZ91ND[0m
[93mRemoved old compilation: model.dll[0m
[93mRemoved old compilation: model.o[0m
[93mR script stdout:[0m
[0mg++ -std=gnu++17  -I"C:/Users/spi085/AppData/Local/Programs/R/R-4.4.1/include" -DNDEBUG -I"C:/Users/spi085/AppData/Local/Programs/R/R-44~1.1/library/TMB/include" -I"C:/Users/spi085/AppData/Local/Programs/R/R-44~1.1/library/RCPPEI~1/include"   -DTMB_EIGEN_DISABLE_WARNINGS   -DTMB_LIB_INIT=R_init_model  -DCPPAD_FRAMEWORK    -I"C:/rtools44/x86_64-w64-mingw32.static.posix/include"     -O2 -Wa,-mbig-obj -c POPULATIONS//POPULATION_0008//INDIVIDUAL_UROZ91ND/model.cpp -o POPULATIONS//POPULATION_0008//INDIVIDUAL_UROZ91ND/model.o
g++ -std=gnu++17 -shared -s -static-libgcc -o POPULATIONS//POPULATION_0008//INDIVIDUAL_UROZ91ND/model.dll tmp.def POPULATIONS//POPULATION_0008//INDIVIDUAL_UROZ91ND/model.o -LC:/rtools44/x86_64-w64-mingw32.static.posix/lib/x64 -LC:/rtools44/x86_64-w64-mingw32.static.posix/lib -LC:/Users/spi085/AppData/Local/Programs/R/R-4.4.1/bin/x64 -lR
Starting model phases
Number of phases: 4 
Phase 1 
Initial parameter values for phase 1 :
r_cots a_fast a_slow 
    NA     NA     NA 
Error in model phases: NA/NaN gradient evaluation[0m
[93mR script stderr:[0m
[0mLoading required package: TMB
Loading required package: jsonlite
here() starts at C:/Users/spi085/OneDrive - CSIRO/Documents/_Projects/SCCP-QuantModelling
using C++ compiler: 'G__~1.EXE (GCC) 13.2.0'
Error in value[[3L]](cond) : 
  Error in model phases: NA/NaN gradient evaluation
Calls: tryCatch -> tryCatchList -> tryCatchOne -> <Anonymous>
In addition: Warning message:
In nlminb(model$par, model$fn, model$gr) : NA/NaN function evaluation
Execution halted[0m
[91mR script failed with return code 1[0m
Fixing broken model iteration: 3

tmp.def
C:\Users\spi085\OneDrive - 
CSIRO\Documents\_Projects\SCCP-QuantModelling\tmp.
def: file not found error
C:\Users\spi085\OneDrive - 
CSIRO\Documents\_Projects\SCCP-QuantModelling\tmp.
def: file not found error
Dropping tmp.def from the chat.
Let's try a simpler approach by adding a small    
constant recruitment term instead of making it    
dependent on existing cover:                      

POPULATIONS\POPULATION_0008\INDIVIDUAL_UROZ91ND\mo
del.cpp                                           

                                                  
 <<<<<<< SEARCH                                   
     // Add small recruitment boost based on      
 existing cover                                   
     slow_growth *= (1.0 + recruit_rate *         
 slow_pred(t-1)/100);                             
     fast_growth *= (1.0 + recruit_rate *         
 fast_pred(t-1)/100);                             
 =======                                          
     // Add constant background recruitment       
     slow_growth += recruit_rate;                 
     fast_growth += recruit_rate;                 
 >>>>>>> REPLACE                                  
                                                  

This change:                                      

 1 Removes the multiplicative effect that could be
   causing instability                            
 2 Adds a simple constant recruitment term        
 3 Makes recruitment independent of existing cover
   to avoid potential feedback loops              

The constant recruitment represents regular larval
supply from external sources, which is a common   
feature in coral reef systems.                    

Tokens: 13k sent, 189 received. Cost: $0.04 
message, $0.22 session.
Committing 
POPULATIONS\POPULATION_0008\INDIVIDUAL_UROZ91ND\mo
del.cpp before applying edits.
Unable to add C:\Users\spi085\OneDrive - 
CSIRO\Documents\_Projects\SCCP-QuantModelling\POPU
LATIONS\POPULATION_0008\INDIVIDUAL_UROZ91ND\model.
cpp: Cmd('git') failed due to: exit code(1)
  cmdline: git add C:\Users\spi085\OneDrive - 
CSIRO\Documents\_Projects\SCCP-QuantModelling\POPU
LATIONS\POPULATION_0008\INDIVIDUAL_UROZ91ND\model.
cpp
  stderr: 'The following paths are ignored by one 
of your .gitignore files:
POPULATIONS
hint: Use -f if you really want to add them.
hint: Turn this message off by running
hint: "git config advice.addIgnoredFile false"'
Unable to commit: Cmd('git') failed due to: exit 
code(1)
  cmdline: git commit -m feat: Add model.cpp for 
POPULATION_0008 individual UROZ91ND --no-verify --
C:\Users\spi085\OneDrive - 
CSIRO\Documents\_Projects\SCCP-QuantModelling\POPU
LATIONS\POPULATION_0008\INDIVIDUAL_UROZ91ND\model.
cpp
  stderr: 'error: pathspec 
'C:\Users\spi085\OneDrive - 
CSIRO\Documents\_Projects\SCCP-QuantModelling\POPU
LATIONS\POPULATION_0008\INDIVIDUAL_UROZ91ND\model.
cpp' did not match any file(s) known to git'
Applied edit to 
POPULATIONS\POPULATION_0008\INDIVIDUAL_UROZ91ND\mo
del.cpp
Validating fixed model for data leakage...
Opening file: POPULATIONS\POPULATION_0008\INDIVIDUAL_UROZ91ND\model.cpp
File read successfully
Extracting vectors...
Found data vectors: {'sst_dat', 'cotsimm_dat', 'slow_dat', 'cots_dat', 'fast_dat'}
Found prediction vectors: {'slow_pred', 'cots_pred', 'fast_pred'}
Found reported vectors: {'sigma_coral', 'fast_pred', 'sigma_cots', 'slow_pred', 'cots_pred'}
Finding initial conditions...
Found 3 initial conditions
Finding time-stepping loop...
Found loop from line 47 to 75
Found response variables: {'cots_dat', 'slow_dat', 'fast_dat'}
[93mRunning model for individual...[0m
[0mIndividual directory: POPULATIONS\POPULATION_0008\INDIVIDUAL_UROZ91ND[0m
[93mRemoved old compilation: model.dll[0m
[93mRemoved old compilation: model.o[0m
[93mR script stdout:[0m
[0mg++ -std=gnu++17  -I"C:/Users/spi085/AppData/Local/Programs/R/R-4.4.1/include" -DNDEBUG -I"C:/Users/spi085/AppData/Local/Programs/R/R-44~1.1/library/TMB/include" -I"C:/Users/spi085/AppData/Local/Programs/R/R-44~1.1/library/RCPPEI~1/include"   -DTMB_EIGEN_DISABLE_WARNINGS   -DTMB_LIB_INIT=R_init_model  -DCPPAD_FRAMEWORK    -I"C:/rtools44/x86_64-w64-mingw32.static.posix/include"     -O2 -Wa,-mbig-obj -c POPULATIONS//POPULATION_0008//INDIVIDUAL_UROZ91ND/model.cpp -o POPULATIONS//POPULATION_0008//INDIVIDUAL_UROZ91ND/model.o
g++ -std=gnu++17 -shared -s -static-libgcc -o POPULATIONS//POPULATION_0008//INDIVIDUAL_UROZ91ND/model.dll tmp.def POPULATIONS//POPULATION_0008//INDIVIDUAL_UROZ91ND/model.o -LC:/rtools44/x86_64-w64-mingw32.static.posix/lib/x64 -LC:/rtools44/x86_64-w64-mingw32.static.posix/lib -LC:/Users/spi085/AppData/Local/Programs/R/R-4.4.1/bin/x64 -lR
Starting model phases
Number of phases: 4 
Phase 1 
Initial parameter values for phase 1 :
r_cots a_fast a_slow 
    NA     NA     NA 
Error in model phases: NA/NaN gradient evaluation[0m
[93mR script stderr:[0m
[0mLoading required package: TMB
Loading required package: jsonlite
here() starts at C:/Users/spi085/OneDrive - CSIRO/Documents/_Projects/SCCP-QuantModelling
using C++ compiler: 'G__~1.EXE (GCC) 13.2.0'
Error in value[[3L]](cond) : 
  Error in model phases: NA/NaN gradient evaluation
Calls: tryCatch -> tryCatchList -> tryCatchOne -> <Anonymous>
In addition: Warning message:
In nlminb(model$par, model$fn, model$gr) : NA/NaN function evaluation
Execution halted[0m
[91mR script failed with return code 1[0m
Fixing broken model iteration: 4

tmp.def
C:\Users\spi085\OneDrive - 
CSIRO\Documents\_Projects\SCCP-QuantModelling\tmp.
def: file not found error
C:\Users\spi085\OneDrive - 
CSIRO\Documents\_Projects\SCCP-QuantModelling\tmp.
def: file not found error
Dropping tmp.def from the chat.
Let's try a different approach by making the      
recruitment rate temperature-dependent instead of 
constant, since coral spawning success is often   
linked to temperature:                            

POPULATIONS\POPULATION_0008\INDIVIDUAL_UROZ91ND\mo
del.cpp                                           

                                                  
 <<<<<<< SEARCH                                   
     // Add constant background recruitment       
     slow_growth += recruit_rate;                 
     fast_growth += recruit_rate;                 
 =======                                          
     // Add temperature-dependent recruitment     
     Type recruit_effect = exp(-0.5 *             
 pow((sst_dat(t) - temp_opt)/temp_width, 2));     
     slow_growth += recruit_rate * recruit_effect 
     fast_growth += recruit_rate * recruit_effect 
 >>>>>>> REPLACE                                  
                                                  

This change:                                      

 1 Uses the same temperature response curve as    
   COTS but for coral recruitment                 
 2 Makes recruitment highest when temperature is  
   optimal                                        
 3 Reduces recruitment when temperature is too    
   high or too low                                
 4 Maintains the simple additive form but with    
   environmental modulation                       

The biological justification is that coral        
spawning and recruitment success are known to be  
temperature-dependent, with optimal temperatures  
for successful reproduction.                      

Tokens: 14k sent, 216 received. Cost: $0.04 
message, $0.26 session.
Committing 
POPULATIONS\POPULATION_0008\INDIVIDUAL_UROZ91ND\mo
del.cpp before applying edits.
Unable to add C:\Users\spi085\OneDrive - 
CSIRO\Documents\_Projects\SCCP-QuantModelling\POPU
LATIONS\POPULATION_0008\INDIVIDUAL_UROZ91ND\model.
cpp: Cmd('git') failed due to: exit code(1)
  cmdline: git add C:\Users\spi085\OneDrive - 
CSIRO\Documents\_Projects\SCCP-QuantModelling\POPU
LATIONS\POPULATION_0008\INDIVIDUAL_UROZ91ND\model.
cpp
  stderr: 'The following paths are ignored by one 
of your .gitignore files:
POPULATIONS
hint: Use -f if you really want to add them.
hint: Turn this message off by running
hint: "git config advice.addIgnoredFile false"'
Unable to commit: Cmd('git') failed due to: exit 
code(1)
  cmdline: git commit -m feat: Add model.cpp for 
POPULATION_0008 individual UROZ91ND --no-verify --
C:\Users\spi085\OneDrive - 
CSIRO\Documents\_Projects\SCCP-QuantModelling\POPU
LATIONS\POPULATION_0008\INDIVIDUAL_UROZ91ND\model.
cpp
  stderr: 'error: pathspec 
'C:\Users\spi085\OneDrive - 
CSIRO\Documents\_Projects\SCCP-QuantModelling\POPU
LATIONS\POPULATION_0008\INDIVIDUAL_UROZ91ND\model.
cpp' did not match any file(s) known to git'
Applied edit to 
POPULATIONS\POPULATION_0008\INDIVIDUAL_UROZ91ND\mo
del.cpp
Validating fixed model for data leakage...
Opening file: POPULATIONS\POPULATION_0008\INDIVIDUAL_UROZ91ND\model.cpp
File read successfully
Extracting vectors...
Found data vectors: {'sst_dat', 'cotsimm_dat', 'slow_dat', 'cots_dat', 'fast_dat'}
Found prediction vectors: {'slow_pred', 'cots_pred', 'fast_pred'}
Found reported vectors: {'sigma_coral', 'fast_pred', 'sigma_cots', 'slow_pred', 'cots_pred'}
Finding initial conditions...
Found 3 initial conditions
Finding time-stepping loop...
Found loop from line 47 to 76
Found response variables: {'cots_dat', 'slow_dat', 'fast_dat'}
[93mRunning model for individual...[0m
[0mIndividual directory: POPULATIONS\POPULATION_0008\INDIVIDUAL_UROZ91ND[0m
[93mRemoved old compilation: model.dll[0m
[93mRemoved old compilation: model.o[0m
[93mR script stdout:[0m
[0mg++ -std=gnu++17  -I"C:/Users/spi085/AppData/Local/Programs/R/R-4.4.1/include" -DNDEBUG -I"C:/Users/spi085/AppData/Local/Programs/R/R-44~1.1/library/TMB/include" -I"C:/Users/spi085/AppData/Local/Programs/R/R-44~1.1/library/RCPPEI~1/include"   -DTMB_EIGEN_DISABLE_WARNINGS   -DTMB_LIB_INIT=R_init_model  -DCPPAD_FRAMEWORK    -I"C:/rtools44/x86_64-w64-mingw32.static.posix/include"     -O2 -Wa,-mbig-obj -c POPULATIONS//POPULATION_0008//INDIVIDUAL_UROZ91ND/model.cpp -o POPULATIONS//POPULATION_0008//INDIVIDUAL_UROZ91ND/model.o
g++ -std=gnu++17 -shared -s -static-libgcc -o POPULATIONS//POPULATION_0008//INDIVIDUAL_UROZ91ND/model.dll tmp.def POPULATIONS//POPULATION_0008//INDIVIDUAL_UROZ91ND/model.o -LC:/rtools44/x86_64-w64-mingw32.static.posix/lib/x64 -LC:/rtools44/x86_64-w64-mingw32.static.posix/lib -LC:/Users/spi085/AppData/Local/Programs/R/R-4.4.1/bin/x64 -lR
Starting model phases
Number of phases: 4 
Phase 1 
Initial parameter values for phase 1 :
r_cots a_fast a_slow 
    NA     NA     NA 
Error in model phases: NA/NaN gradient evaluation[0m
[93mR script stderr:[0m
[0mLoading required package: TMB
Loading required package: jsonlite
here() starts at C:/Users/spi085/OneDrive - CSIRO/Documents/_Projects/SCCP-QuantModelling
using C++ compiler: 'G__~1.EXE (GCC) 13.2.0'
Error in value[[3L]](cond) : 
  Error in model phases: NA/NaN gradient evaluation
Calls: tryCatch -> tryCatchList -> tryCatchOne -> <Anonymous>
In addition: Warning message:
In nlminb(model$par, model$fn, model$gr) : NA/NaN function evaluation
Execution halted[0m
[91mR script failed with return code 1[0m
Maximum sub-iterations reached for POPULATIONS\POPULATION_0008\INDIVIDUAL_UROZ91ND. The model could not be successfully run after 5 attempts.
