{
  "iterations": {
    "1": {
      "status": "LEAKAGE",
      "message": "Data leakage detected in model equations.",
      "objective_value": "NA"
    },
    "2": {
      "status": "ERROR",
      "message": "Model failed to compile.",
      "stdout": "g++ -std=gnu++17  -I\"C:/Users/spi085/AppData/Local/Programs/R/R-4.4.1/include\" -DNDEBUG -I\"C:/Users/spi085/AppData/Local/Programs/R/R-44~1.1/library/TMB/include\" -I\"C:/Users/spi085/AppData/Local/Programs/R/R-44~1.1/library/RCPPEI~1/include\"   -DTMB_EIGEN_DISABLE_WARNINGS   -DTMB_LIB_INIT=R_init_model  -DCPPAD_FRAMEWORK    -I\"C:/rtools44/x86_64-w64-mingw32.static.posix/include\"     -O2 -Wa,-mbig-obj -c POPULATIONS//POPULATION_0006//INDIVIDUAL_1P0M5M66/model.cpp -o POPULATIONS//POPULATION_0006//INDIVIDUAL_1P0M5M66/model.o",
      "stderr": "Loading required package: TMB\nLoading required package: jsonlite\nhere() starts at C:/Users/spi085/OneDrive - CSIRO/Documents/_Projects/SCCP-QuantModelling\nusing C++ compiler: 'G__~1.EXE (GCC) 13.2.0'\nPOPULATIONS//POPULATION_0006//INDIVIDUAL_1P0M5M66/model.cpp: In member function 'Type objective_function<Type>::operator()()':\nPOPULATIONS//POPULATION_0006//INDIVIDUAL_1P0M5M66/model.cpp:46:7: error: redeclaration of 'int n'\n   46 |   int n = cots_dat.size();\n      |       ^\nPOPULATIONS//POPULATION_0006//INDIVIDUAL_1P0M5M66/model.cpp:38:7: note: 'int n' previously declared here\n   38 |   int n = cots_dat.size();\n      |       ^\nPOPULATIONS//POPULATION_0006//INDIVIDUAL_1P0M5M66/model.cpp:49:16: error: redeclaration of 'tmbutils::vector<Type> cots_pred'\n   49 |   vector<Type> cots_pred(n);   // (1) Predicted COTS abundance (individuals/m2)\n      |                ^~~~~~~~~\nPOPULATIONS//POPULATION_0006//INDIVIDUAL_1P0M5M66/model.cpp:41:16: note: 'tmbutils::vector<Type> cots_pred' previously declared here\n   41 |   vector<Type> cots_pred(n);   // (1) Predicted COTS abundance (individuals/m2)\n      |                ^~~~~~~~~\nPOPULATIONS//POPULATION_0006//INDIVIDUAL_1P0M5M66/model.cpp:50:16: error: redeclaration of 'tmbutils::vector<Type> slow_pred'\n   50 |   vector<Type> slow_pred(n);   // (2) Predicted slow coral cover (%) adjusted by predation\n      |                ^~~~~~~~~\nPOPULATIONS//POPULATION_0006//INDIVIDUAL_1P0M5M66/model.cpp:42:16: note: 'tmbutils::vector<Type> slow_pred' previously declared here\n   42 |   vector<Type> slow_pred(n);   // (2) Predicted slow coral cover (%) adjusted for predation\n      |                ^~~~~~~~~\nPOPULATIONS//POPULATION_0006//INDIVIDUAL_1P0M5M66/model.cpp:51:16: error: redeclaration of 'tmbutils::vector<Type> fast_pred'\n   51 |   vector<Type> fast_pred(n);   // (3) Predicted fast coral cover (%) adjusted by predation\n      |                ^~~~~~~~~\nPOPULATIONS//POPULATION_0006//INDIVIDUAL_1P0M5M66/model.cpp:43:16: note: 'tmbutils::vector<Type> fast_pred' previously declared here\n   43 |   vector<Type> fast_pred(n);   // (3) Predicted fast coral cover (%) adjusted for predation\n      |                ^~~~~~~~~\nmake: *** [C:/Users/spi085/AppData/Local/Programs/R/R-4.4.1/etc/x64/Makeconf:296: POPULATIONS//POPULATION_0006//INDIVIDUAL_1P0M5M66/model.o] Error 1\nError in TMB::compile(file.path(individual_dir, model_file), flags = flags,  : \n  Compilation failed\nError: Compilation failed\nExecution halted"
    },
    "3": {
      "status": "SUCCESS",
      "objective_value": "NaN",
      "model_summary": [
        "            Length Class  Mode     ",
        "par         4      -none- numeric  ",
        "objective   1      -none- numeric  ",
        "convergence 1      -none- numeric  ",
        "iterations  1      -none- numeric  ",
        "evaluations 2      -none- numeric  ",
        "message     1      -none- character"
      ],
      "model_report": [],
      "plot_data": [],
      "stdout": "g++ -std=gnu++17  -I\"C:/Users/spi085/AppData/Local/Programs/R/R-4.4.1/include\" -DNDEBUG -I\"C:/Users/spi085/AppData/Local/Programs/R/R-44~1.1/library/TMB/include\" -I\"C:/Users/spi085/AppData/Local/Programs/R/R-44~1.1/library/RCPPEI~1/include\"   -DTMB_EIGEN_DISABLE_WARNINGS   -DTMB_LIB_INIT=R_init_model  -DCPPAD_FRAMEWORK    -I\"C:/rtools44/x86_64-w64-mingw32.static.posix/include\"     -O2 -Wa,-mbig-obj -c POPULATIONS//POPULATION_0006//INDIVIDUAL_1P0M5M66/model.cpp -o POPULATIONS//POPULATION_0006//INDIVIDUAL_1P0M5M66/model.o\ng++ -std=gnu++17 -shared -s -static-libgcc -o POPULATIONS//POPULATION_0006//INDIVIDUAL_1P0M5M66/model.dll tmp.def POPULATIONS//POPULATION_0006//INDIVIDUAL_1P0M5M66/model.o -LC:/rtools44/x86_64-w64-mingw32.static.posix/lib/x64 -LC:/rtools44/x86_64-w64-mingw32.static.posix/lib -LC:/Users/spi085/AppData/Local/Programs/R/R-4.4.1/bin/x64 -lR\nStarting model phases\nNumber of phases: 1 \nPhase 1 \nInitial parameter values for phase 1 :\n   growth_cots predation_slow predation_fast         log_sd \n          0.10           0.01           0.02           0.00 \nFinal parameter values for phase 1 :\n   growth_cots predation_slow predation_fast         log_sd \n   -0.60681676     0.31903970     0.35711338     0.05471266 \nConvergence message: relative convergence (4) \nNumber of iterations: 27 \nObjective function value: 114.9448 \nGradient at solution for phase 1 :\n             [,1]         [,2]         [,3]          [,4]\n[1,] 4.280229e-05 9.205678e-05 2.963374e-05 -9.202257e-05\nFinal Phase\nInitial parameter values for final phase:\n   growth_cots predation_slow predation_fast         log_sd \n   -0.60681676     0.31903970     0.35711338     0.05471266 \nFinal parameter values for final phase:\n   growth_cots predation_slow predation_fast         log_sd \n   -0.60681676     0.31903970     0.35711338     0.05471266 \nConvergence message: relative convergence (4) \nNumber of iterations: 1 \nObjective function value: 114.9448 \nGradient at solution for final phase:\n             [,1]         [,2]         [,3]          [,4]\n[1,] 4.280229e-05 9.205678e-05 2.963374e-05 -9.202257e-05\nAll phases completed\n\nDEBUG: Report contents:\n list()\nNULL\n\nDEBUG: Available variables in report:\nNULL\n\nChecking predictions and calculating objective function...\n\nDEBUG: Processing cots_pred \nDEBUG: cots_pred not found in report\nDEBUG: Available variables:  \n\nDEBUG: Using the following variables for objective function:\ncots_dat -> cots_pred\nslow_dat -> slow_pred\nfast_dat -> fast_pred\n\nDEBUG: Calculating MSE for prediction variables only:\n\nDEBUG: MSE values:\ncots_dat slow_dat fast_dat \n      NA       NA       NA \n\nDEBUG: Final objective value (mean of MSEs): NaN \n\nFinal objective function value: NaN \n\nJSON_REPORT_START\n{\n  \"status\": \"SUCCESS\",\n  \"objective_value\": \"NaN\",\n  \"model_summary\": [\"            Length Class  Mode     \", \"par         4      -none- numeric  \", \"objective   1      -none- numeric  \", \"convergence 1      -none- numeric  \", \"iterations  1      -none- numeric  \", \"evaluations 2      -none- numeric  \", \"message     1      -none- character\"],\n  \"model_report\": [],\n  \"plot_data\": []\n}\nJSON_REPORT_END",
      "stderr": "Loading required package: TMB\nLoading required package: jsonlite\nhere() starts at C:/Users/spi085/OneDrive - CSIRO/Documents/_Projects/SCCP-QuantModelling\nusing C++ compiler: 'G__~1.EXE (GCC) 13.2.0'\nWarning message:\nIn nlminb(model$par, model$fn, model$gr) : NA/NaN function evaluation"
    },
    "4": {
      "status": "SUCCESS",
      "objective_value": "NaN",
      "model_summary": [
        "            Length Class  Mode     ",
        "par         4      -none- numeric  ",
        "objective   1      -none- numeric  ",
        "convergence 1      -none- numeric  ",
        "iterations  1      -none- numeric  ",
        "evaluations 2      -none- numeric  ",
        "message     1      -none- character"
      ],
      "model_report": [],
      "plot_data": [],
      "stdout": "g++ -std=gnu++17  -I\"C:/Users/spi085/AppData/Local/Programs/R/R-4.4.1/include\" -DNDEBUG -I\"C:/Users/spi085/AppData/Local/Programs/R/R-44~1.1/library/TMB/include\" -I\"C:/Users/spi085/AppData/Local/Programs/R/R-44~1.1/library/RCPPEI~1/include\"   -DTMB_EIGEN_DISABLE_WARNINGS   -DTMB_LIB_INIT=R_init_model  -DCPPAD_FRAMEWORK    -I\"C:/rtools44/x86_64-w64-mingw32.static.posix/include\"     -O2 -Wa,-mbig-obj -c POPULATIONS//POPULATION_0006//INDIVIDUAL_1P0M5M66/model.cpp -o POPULATIONS//POPULATION_0006//INDIVIDUAL_1P0M5M66/model.o\ng++ -std=gnu++17 -shared -s -static-libgcc -o POPULATIONS//POPULATION_0006//INDIVIDUAL_1P0M5M66/model.dll tmp.def POPULATIONS//POPULATION_0006//INDIVIDUAL_1P0M5M66/model.o -LC:/rtools44/x86_64-w64-mingw32.static.posix/lib/x64 -LC:/rtools44/x86_64-w64-mingw32.static.posix/lib -LC:/Users/spi085/AppData/Local/Programs/R/R-4.4.1/bin/x64 -lR\nStarting model phases\nNumber of phases: 1 \nPhase 1 \nInitial parameter values for phase 1 :\n   growth_cots predation_slow predation_fast         log_sd \n          0.10           0.01           0.02           0.00 \nFinal parameter values for phase 1 :\n   growth_cots predation_slow predation_fast         log_sd \n   -0.08221055     1.26277055     1.31246704     0.66488873 \nConvergence message: relative convergence (4) \nNumber of iterations: 9 \nObjective function value: 162.5385 \nGradient at solution for phase 1 :\n             [,1]          [,2]          [,3]         [,4]\n[1,] 6.868673e-08 -4.722616e-07 -4.872279e-07 4.080976e-05\nFinal Phase\nInitial parameter values for final phase:\n   growth_cots predation_slow predation_fast         log_sd \n   -0.08221055     1.26277055     1.31246704     0.66488873 \nFinal parameter values for final phase:\n   growth_cots predation_slow predation_fast         log_sd \n   -0.08221055     1.26277055     1.31246704     0.66488873 \nConvergence message: relative convergence (4) \nNumber of iterations: 1 \nObjective function value: 162.5385 \nGradient at solution for final phase:\n             [,1]          [,2]          [,3]         [,4]\n[1,] 6.868673e-08 -4.722616e-07 -4.872279e-07 4.080976e-05\nAll phases completed\n\nDEBUG: Report contents:\n list()\nNULL\n\nDEBUG: Available variables in report:\nNULL\n\nChecking predictions and calculating objective function...\n\nDEBUG: Processing cots_pred \nDEBUG: cots_pred not found in report\nDEBUG: Available variables:  \n\nDEBUG: Using the following variables for objective function:\ncots_dat -> cots_pred\nslow_dat -> slow_pred\nfast_dat -> fast_pred\n\nDEBUG: Calculating MSE for prediction variables only:\n\nDEBUG: MSE values:\ncots_dat slow_dat fast_dat \n      NA       NA       NA \n\nDEBUG: Final objective value (mean of MSEs): NaN \n\nFinal objective function value: NaN \n\nJSON_REPORT_START\n{\n  \"status\": \"SUCCESS\",\n  \"objective_value\": \"NaN\",\n  \"model_summary\": [\"            Length Class  Mode     \", \"par         4      -none- numeric  \", \"objective   1      -none- numeric  \", \"convergence 1      -none- numeric  \", \"iterations  1      -none- numeric  \", \"evaluations 2      -none- numeric  \", \"message     1      -none- character\"],\n  \"model_report\": [],\n  \"plot_data\": []\n}\nJSON_REPORT_END",
      "stderr": "Loading required package: TMB\nLoading required package: jsonlite\nhere() starts at C:/Users/spi085/OneDrive - CSIRO/Documents/_Projects/SCCP-QuantModelling\nusing C++ compiler: 'G__~1.EXE (GCC) 13.2.0'"
    },
    "5": {
      "status": "SUCCESS",
      "objective_value": "NaN",
      "model_summary": [
        "            Length Class  Mode     ",
        "par         4      -none- numeric  ",
        "objective   1      -none- numeric  ",
        "convergence 1      -none- numeric  ",
        "iterations  1      -none- numeric  ",
        "evaluations 2      -none- numeric  ",
        "message     1      -none- character"
      ],
      "model_report": [],
      "plot_data": [],
      "stdout": "g++ -std=gnu++17  -I\"C:/Users/spi085/AppData/Local/Programs/R/R-4.4.1/include\" -DNDEBUG -I\"C:/Users/spi085/AppData/Local/Programs/R/R-44~1.1/library/TMB/include\" -I\"C:/Users/spi085/AppData/Local/Programs/R/R-44~1.1/library/RCPPEI~1/include\"   -DTMB_EIGEN_DISABLE_WARNINGS   -DTMB_LIB_INIT=R_init_model  -DCPPAD_FRAMEWORK    -I\"C:/rtools44/x86_64-w64-mingw32.static.posix/include\"     -O2 -Wa,-mbig-obj -c POPULATIONS//POPULATION_0006//INDIVIDUAL_1P0M5M66/model.cpp -o POPULATIONS//POPULATION_0006//INDIVIDUAL_1P0M5M66/model.o\ng++ -std=gnu++17 -shared -s -static-libgcc -o POPULATIONS//POPULATION_0006//INDIVIDUAL_1P0M5M66/model.dll tmp.def POPULATIONS//POPULATION_0006//INDIVIDUAL_1P0M5M66/model.o -LC:/rtools44/x86_64-w64-mingw32.static.posix/lib/x64 -LC:/rtools44/x86_64-w64-mingw32.static.posix/lib -LC:/Users/spi085/AppData/Local/Programs/R/R-4.4.1/bin/x64 -lR\nStarting model phases\nNumber of phases: 1 \nPhase 1 \nInitial parameter values for phase 1 :\n   growth_cots predation_slow predation_fast         log_sd \n          0.10           0.01           0.02           0.00 \nFinal parameter values for phase 1 :\n   growth_cots predation_slow predation_fast         log_sd \n   -0.08221055     1.26277054     1.31246704     0.66488873 \nConvergence message: relative convergence (4) \nNumber of iterations: 9 \nObjective function value: 162.5385 \nGradient at solution for phase 1 :\n             [,1]          [,2]          [,3]         [,4]\n[1,] 6.868676e-08 -4.722618e-07 -4.872281e-07 4.080977e-05\nFinal Phase\nInitial parameter values for final phase:\n   growth_cots predation_slow predation_fast         log_sd \n   -0.08221055     1.26277054     1.31246704     0.66488873 \nFinal parameter values for final phase:\n   growth_cots predation_slow predation_fast         log_sd \n   -0.08221055     1.26277054     1.31246704     0.66488873 \nConvergence message: relative convergence (4) \nNumber of iterations: 1 \nObjective function value: 162.5385 \nGradient at solution for final phase:\n             [,1]          [,2]          [,3]         [,4]\n[1,] 6.868676e-08 -4.722618e-07 -4.872281e-07 4.080977e-05\nAll phases completed\n\nDEBUG: Report contents:\n list()\nNULL\n\nDEBUG: Available variables in report:\nNULL\n\nChecking predictions and calculating objective function...\n\nDEBUG: Processing cots_pred \nDEBUG: cots_pred not found in report\nDEBUG: Available variables:  \n\nDEBUG: Using the following variables for objective function:\ncots_dat -> cots_pred\nslow_dat -> slow_pred\nfast_dat -> fast_pred\n\nDEBUG: Calculating MSE for prediction variables only:\n\nDEBUG: MSE values:\ncots_dat slow_dat fast_dat \n      NA       NA       NA \n\nDEBUG: Final objective value (mean of MSEs): NaN \n\nFinal objective function value: NaN \n\nJSON_REPORT_START\n{\n  \"status\": \"SUCCESS\",\n  \"objective_value\": \"NaN\",\n  \"model_summary\": [\"            Length Class  Mode     \", \"par         4      -none- numeric  \", \"objective   1      -none- numeric  \", \"convergence 1      -none- numeric  \", \"iterations  1      -none- numeric  \", \"evaluations 2      -none- numeric  \", \"message     1      -none- character\"],\n  \"model_report\": [],\n  \"plot_data\": []\n}\nJSON_REPORT_END",
      "stderr": "Loading required package: TMB\nLoading required package: jsonlite\nhere() starts at C:/Users/spi085/OneDrive - CSIRO/Documents/_Projects/SCCP-QuantModelling\nusing C++ compiler: 'G__~1.EXE (GCC) 13.2.0'"
    },
    "6": {
      "status": "LEAKAGE",
      "message": "Data leakage detected in model equations.",
      "objective_value": "NA"
    },
    "7": {
      "status": "BROKEN"
    }
  }
}