{
  "iterations": {
    "1": {
      "status": "ERROR",
      "message": "R script failed with return code 1",
      "stdout": "g++ -std=gnu++17  -I\"C:/Users/spi085/AppData/Local/Programs/R/R-4.4.1/include\" -DNDEBUG -I\"C:/Users/spi085/AppData/Local/Programs/R/R-44~1.1/library/TMB/include\" -I\"C:/Users/spi085/AppData/Local/Programs/R/R-44~1.1/library/RCPPEI~1/include\"   -DTMB_EIGEN_DISABLE_WARNINGS   -DTMB_LIB_INIT=R_init_model  -DCPPAD_FRAMEWORK    -I\"C:/rtools44/x86_64-w64-mingw32.static.posix/include\"     -O2 -Wa,-mbig-obj -c POPULATIONS//POPULATION_0014//INDIVIDUAL_EQVINYKD/model.cpp -o POPULATIONS//POPULATION_0014//INDIVIDUAL_EQVINYKD/model.o\ng++ -std=gnu++17 -shared -s -static-libgcc -o POPULATIONS//POPULATION_0014//INDIVIDUAL_EQVINYKD/model.dll tmp.def POPULATIONS//POPULATION_0014//INDIVIDUAL_EQVINYKD/model.o -LC:/rtools44/x86_64-w64-mingw32.static.posix/lib/x64 -LC:/rtools44/x86_64-w64-mingw32.static.posix/lib -LC:/Users/spi085/AppData/Local/Programs/R/R-4.4.1/bin/x64 -lR\nStarting model phases\nNumber of phases: 4 \nPhase 1 \nInitial parameter values for phase 1 :\n    r_cots     a_fast     r_fast     r_slow imm_effect \n        NA      10.00         NA       0.03         NA \nError in model phases: NA/NaN gradient evaluation",
      "stderr": "Loading required package: TMB\nLoading required package: jsonlite\nhere() starts at C:/Users/spi085/OneDrive - CSIRO/Documents/_Projects/SCCP-QuantModelling\nusing C++ compiler: 'G__~1.EXE (GCC) 13.2.0'\nError in value[[3L]](cond) : \n  Error in model phases: NA/NaN gradient evaluation\nCalls: tryCatch -> tryCatchList -> tryCatchOne -> <Anonymous>\nIn addition: Warning message:\nIn nlminb(model$par, model$fn, model$gr) : NA/NaN function evaluation\nExecution halted"
    },
    "2": {
      "status": "ERROR",
      "message": "R script failed with return code 1",
      "stdout": "g++ -std=gnu++17  -I\"C:/Users/spi085/AppData/Local/Programs/R/R-4.4.1/include\" -DNDEBUG -I\"C:/Users/spi085/AppData/Local/Programs/R/R-44~1.1/library/TMB/include\" -I\"C:/Users/spi085/AppData/Local/Programs/R/R-44~1.1/library/RCPPEI~1/include\"   -DTMB_EIGEN_DISABLE_WARNINGS   -DTMB_LIB_INIT=R_init_model  -DCPPAD_FRAMEWORK    -I\"C:/rtools44/x86_64-w64-mingw32.static.posix/include\"     -O2 -Wa,-mbig-obj -c POPULATIONS//POPULATION_0014//INDIVIDUAL_EQVINYKD/model.cpp -o POPULATIONS//POPULATION_0014//INDIVIDUAL_EQVINYKD/model.o\ng++ -std=gnu++17 -shared -s -static-libgcc -o POPULATIONS//POPULATION_0014//INDIVIDUAL_EQVINYKD/model.dll tmp.def POPULATIONS//POPULATION_0014//INDIVIDUAL_EQVINYKD/model.o -LC:/rtools44/x86_64-w64-mingw32.static.posix/lib/x64 -LC:/rtools44/x86_64-w64-mingw32.static.posix/lib -LC:/Users/spi085/AppData/Local/Programs/R/R-4.4.1/bin/x64 -lR\nStarting model phases\nNumber of phases: 4 \nPhase 1 \nInitial parameter values for phase 1 :\n    r_cots     a_fast     r_fast     r_slow imm_effect \n        NA      10.00         NA       0.03         NA \nError in model phases: NA/NaN gradient evaluation",
      "stderr": "Loading required package: TMB\nLoading required package: jsonlite\nhere() starts at C:/Users/spi085/OneDrive - CSIRO/Documents/_Projects/SCCP-QuantModelling\nusing C++ compiler: 'G__~1.EXE (GCC) 13.2.0'\nError in value[[3L]](cond) : \n  Error in model phases: NA/NaN gradient evaluation\nCalls: tryCatch -> tryCatchList -> tryCatchOne -> <Anonymous>\nIn addition: Warning message:\nIn nlminb(model$par, model$fn, model$gr) : NA/NaN function evaluation\nExecution halted"
    },
    "3": {
      "status": "ERROR",
      "message": "Model failed to compile.",
      "stdout": "g++ -std=gnu++17  -I\"C:/Users/spi085/AppData/Local/Programs/R/R-4.4.1/include\" -DNDEBUG -I\"C:/Users/spi085/AppData/Local/Programs/R/R-44~1.1/library/TMB/include\" -I\"C:/Users/spi085/AppData/Local/Programs/R/R-44~1.1/library/RCPPEI~1/include\"   -DTMB_EIGEN_DISABLE_WARNINGS   -DTMB_LIB_INIT=R_init_model  -DCPPAD_FRAMEWORK    -I\"C:/rtools44/x86_64-w64-mingw32.static.posix/include\"     -O2 -Wa,-mbig-obj -c POPULATIONS//POPULATION_0014//INDIVIDUAL_EQVINYKD/model.cpp -o POPULATIONS//POPULATION_0014//INDIVIDUAL_EQVINYKD/model.o",
      "stderr": "Loading required package: TMB\nLoading required package: jsonlite\nhere() starts at C:/Users/spi085/OneDrive - CSIRO/Documents/_Projects/SCCP-QuantModelling\nusing C++ compiler: 'G__~1.EXE (GCC) 13.2.0'\nPOPULATIONS//POPULATION_0014//INDIVIDUAL_EQVINYKD/model.cpp: In instantiation of 'Type objective_function<Type>::operator()() [with Type = CppAD::AD<double>]':\nC:/Users/spi085/AppData/Local/Programs/R/R-4.4.1/library/TMB/include/tmb_core.hpp:1308:6:   required from here\nPOPULATIONS//POPULATION_0014//INDIVIDUAL_EQVINYKD/model.cpp:78:22: error: no matching function for call to 'max(CppAD::AD<double>&, CppAD::AD<double>&)'\n   78 |     denominator = max(denominator, eps);\n      |                   ~~~^~~~~~~~~~~~~~~~~~\nIn file included from C:/Users/spi085/AppData/Local/Programs/R/R-4.4.1/library/TMB/include/TMB.hpp:215,\n                 from POPULATIONS//POPULATION_0014//INDIVIDUAL_EQVINYKD/model.cpp:1:\nC:/Users/spi085/AppData/Local/Programs/R/R-4.4.1/library/TMB/include/convenience.hpp:145:6: note: candidate: 'template<class Type> Type max(const tmbutils::vector<Type>&)'\n  145 | Type max(const vector<Type> &x)\n      |      ^~~\nC:/Users/spi085/AppData/Local/Programs/R/R-4.4.1/library/TMB/include/convenience.hpp:145:6: note:   template argument deduction/substitution failed:\nPOPULATIONS//POPULATION_0014//INDIVIDUAL_EQVINYKD/model.cpp:78:22: note:   'CppAD::AD<double>' is not derived from 'const tmbutils::vector<Type>'\n   78 |     denominator = max(denominator, eps);\n      |                   ~~~^~~~~~~~~~~~~~~~~~\nPOPULATIONS//POPULATION_0014//INDIVIDUAL_EQVINYKD/model.cpp:91:32: error: no matching function for call to 'min(double, CppAD::AD<double>)'\n   91 |     cots_pred(t) = max(eps, min(5.0, cots_pred(t-1) + cots_growth - cots_mortality + cots_immigration));\n      |                             ~~~^~~~~~~~~~~~~~~~~~~~~~~~~~~~~~~~~~~~~~~~~~~~~~~~~~~~~~~~~~~~~~~~~~~~~~~\nC:/Users/spi085/AppData/Local/Programs/R/R-4.4.1/library/TMB/include/convenience.hpp:156:6: note: candidate: 'template<class Type> Type min(const tmbutils::vector<Type>&)'\n  156 | Type min(const vector<Type> &x)\n      |      ^~~\nC:/Users/spi085/AppData/Local/Programs/R/R-4.4.1/library/TMB/include/convenience.hpp:156:6: note:   template argument deduction/substitution failed:\nPOPULATIONS//POPULATION_0014//INDIVIDUAL_EQVINYKD/model.cpp:91:32: note:   mismatched types 'const tmbutils::vector<Type>' and 'double'\n   91 |     cots_pred(t) = max(eps, min(5.0, cots_pred(t-1) + cots_growth - cots_mortality + cots_immigration));\n      |                             ~~~^~~~~~~~~~~~~~~~~~~~~~~~~~~~~~~~~~~~~~~~~~~~~~~~~~~~~~~~~~~~~~~~~~~~~~~\nPOPULATIONS//POPULATION_0014//INDIVIDUAL_EQVINYKD/model.cpp:96:27: error: no matching function for call to 'min(CppAD::AD<double>&, double)'\n   96 |     fast_competition = min(fast_competition, 0.95);\n      |                        ~~~^~~~~~~~~~~~~~~~~~~~~~~~\nC:/Users/spi085/AppData/Local/Programs/R/R-4.4.1/library/TMB/include/convenience.hpp:156:6: note: candidate: 'template<class Type> Type min(const tmbutils::vector<Type>&)'\n  156 | Type min(const vector<Type> &x)\n      |      ^~~\nC:/Users/spi085/AppData/Local/Programs/R/R-4.4.1/library/TMB/include/convenience.hpp:156:6: note:   template argument deduction/substitution failed:\nPOPULATIONS//POPULATION_0014//INDIVIDUAL_EQVINYKD/model.cpp:96:27: note:   'CppAD::AD<double>' is not derived from 'const tmbutils::vector<Type>'\n   96 |     fast_competition = min(fast_competition, 0.95);\n      |                        ~~~^~~~~~~~~~~~~~~~~~~~~~~~\nPOPULATIONS//POPULATION_0014//INDIVIDUAL_EQVINYKD/model.cpp:99:30: error: no matching function for call to 'min(CppAD::AD<double>, CppAD::AD<double>)'\n   99 |     Type fast_predation = min(F_fast * cots_pred(t-1), 0.8 * fast_pred(t-1));\n      |                           ~~~^~~~~~~~~~~~~~~~~~~~~~~~~~~~~~~~~~~~~~~~~~~~~~~\nC:/Users/spi085/AppData/Local/Programs/R/R-4.4.1/library/TMB/include/convenience.hpp:156:6: note: candidate: 'template<class Type> Type min(const tmbutils::vector<Type>&)'\n  156 | Type min(const vector<Type> &x)\n      |      ^~~\nC:/Users/spi085/AppData/Local/Programs/R/R-4.4.1/library/TMB/include/convenience.hpp:156:6: note:   template argument deduction/substitution failed:\nPOPULATIONS//POPULATION_0014//INDIVIDUAL_EQVINYKD/model.cpp:99:30: note:   'CppAD::AD<double>' is not derived from 'const tmbutils::vector<Type>'\n   99 |     Type fast_predation = min(F_fast * cots_pred(t-1), 0.8 * fast_pred(t-1));\n      |                           ~~~^~~~~~~~~~~~~~~~~~~~~~~~~~~~~~~~~~~~~~~~~~~~~~~\nPOPULATIONS//POPULATION_0014//INDIVIDUAL_EQVINYKD/model.cpp:101:32: error: no matching function for call to 'min(CppAD::AD<double>&, CppAD::AD<double>)'\n  101 |     fast_pred(t) = max(eps, min(K_fast, fast_pred(t-1) + fast_growth - fast_predation));\n      |                             ~~~^~~~~~~~~~~~~~~~~~~~~~~~~~~~~~~~~~~~~~~~~~~~~~~~~~~~~~~\nC:/Users/spi085/AppData/Local/Programs/R/R-4.4.1/library/TMB/include/convenience.hpp:156:6: note: candidate: 'template<class Type> Type min(const tmbutils::vector<Type>&)'\n  156 | Type min(const vector<Type> &x)\n      |      ^~~\nC:/Users/spi085/AppData/Local/Programs/R/R-4.4.1/library/TMB/include/convenience.hpp:156:6: note:   template argument deduction/substitution failed:\nPOPULATIONS//POPULATION_0014//INDIVIDUAL_EQVINYKD/model.cpp:101:32: note:   'CppAD::AD<double>' is not derived from 'const tmbutils::vector<Type>'\n  101 |     fast_pred(t) = max(eps, min(K_fast, fast_pred(t-1) + fast_growth - fast_predation));\n      |                             ~~~^~~~~~~~~~~~~~~~~~~~~~~~~~~~~~~~~~~~~~~~~~~~~~~~~~~~~~~\nPOPULATIONS//POPULATION_0014//INDIVIDUAL_EQVINYKD/model.cpp:105:27: error: no matching function for call to 'min(CppAD::AD<double>&, double)'\n  105 |     slow_competition = min(slow_competition, 0.95);\n      |                        ~~~^~~~~~~~~~~~~~~~~~~~~~~~\nC:/Users/spi085/AppData/Local/Programs/R/R-4.4.1/library/TMB/include/convenience.hpp:156:6: note: candidate: 'template<class Type> Type min(const tmbutils::vector<Type>&)'\n  156 | Type min(const vector<Type> &x)\n      |      ^~~\nC:/Users/spi085/AppData/Local/Programs/R/R-4.4.1/library/TMB/include/convenience.hpp:156:6: note:   template argument deduction/substitution failed:\nPOPULATIONS//POPULATION_0014//INDIVIDUAL_EQVINYKD/model.cpp:105:27: note:   'CppAD::AD<double>' is not derived from 'const tmbutils::vector<Type>'\n  105 |     slow_competition = min(slow_competition, 0.95);\n      |                        ~~~^~~~~~~~~~~~~~~~~~~~~~~~\nPOPULATIONS//POPULATION_0014//INDIVIDUAL_EQVINYKD/model.cpp:108:30: error: no matching function for call to 'min(CppAD::AD<double>, CppAD::AD<double>)'\n  108 |     Type slow_predation = min(F_slow * cots_pred(t-1), 0.8 * slow_pred(t-1));\n      |                           ~~~^~~~~~~~~~~~~~~~~~~~~~~~~~~~~~~~~~~~~~~~~~~~~~~\nC:/Users/spi085/AppData/Local/Programs/R/R-4.4.1/library/TMB/include/convenience.hpp:156:6: note: candidate: 'template<class Type> Type min(const tmbutils::vector<Type>&)'\n  156 | Type min(const vector<Type> &x)\n      |      ^~~\nC:/Users/spi085/AppData/Local/Programs/R/R-4.4.1/library/TMB/include/convenience.hpp:156:6: note:   template argument deduction/substitution failed:\nPOPULATIONS//POPULATION_0014//INDIVIDUAL_EQVINYKD/model.cpp:108:30: note:   'CppAD::AD<double>' is not derived from 'const tmbutils::vector<Type>'\n  108 |     Type slow_predation = min(F_slow * cots_pred(t-1), 0.8 * slow_pred(t-1));\n      |                           ~~~^~~~~~~~~~~~~~~~~~~~~~~~~~~~~~~~~~~~~~~~~~~~~~~\nPOPULATIONS//POPULATION_0014//INDIVIDUAL_EQVINYKD/model.cpp:110:32: error: no matching function for call to 'min(CppAD::AD<double>&, CppAD::AD<double>)'\n  110 |     slow_pred(t) = max(eps, min(K_slow, slow_pred(t-1) + slow_growth - slow_predation));\n      |                             ~~~^~~~~~~~~~~~~~~~~~~~~~~~~~~~~~~~~~~~~~~~~~~~~~~~~~~~~~~\nC:/Users/spi085/AppData/Local/Programs/R/R-4.4.1/library/TMB/include/convenience.hpp:156:6: note: candidate: 'template<class Type> Type min(const tmbutils::vector<Type>&)'\n  156 | Type min(const vector<Type> &x)\n      |      ^~~\nC:/Users/spi085/AppData/Local/Programs/R/R-4.4.1/library/TMB/include/convenience.hpp:156:6: note:   template argument deduction/substitution failed:\nPOPULATIONS//POPULATION_0014//INDIVIDUAL_EQVINYKD/model.cpp:110:32: note:   'CppAD::AD<double>' is not derived from 'const tmbutils::vector<Type>'\n  110 |     slow_pred(t) = max(eps, min(K_slow, slow_pred(t-1) + slow_growth - slow_predation));\n      |                             ~~~^~~~~~~~~~~~~~~~~~~~~~~~~~~~~~~~~~~~~~~~~~~~~~~~~~~~~~~\nPOPULATIONS//POPULATION_0014//INDIVIDUAL_EQVINYKD/model.cpp:118:28: error: no matching function for call to 'max(CppAD::AD<double>&, CppAD::AD<double>&)'\n  118 |     Type sigma_cots_t = max(sigma_cots, min_sigma);\n      |                         ~~~^~~~~~~~~~~~~~~~~~~~~~~\nC:/Users/spi085/AppData/Local/Programs/R/R-4.4.1/library/TMB/include/convenience.hpp:145:6: note: candidate: 'template<class Type> Type max(const tmbutils::vector<Type>&)'\n  145 | Type max(const vector<Type> &x)\n      |      ^~~\nC:/Users/spi085/AppData/Local/Programs/R/R-4.4.1/library/TMB/include/convenience.hpp:145:6: note:   template argument deduction/substitution failed:\nPOPULATIONS//POPULATION_0014//INDIVIDUAL_EQVINYKD/model.cpp:118:28: note:   'CppAD::AD<double>' is not derived from 'const tmbutils::vector<Type>'\n  118 |     Type sigma_cots_t = max(sigma_cots, min_sigma);\n      |                         ~~~^~~~~~~~~~~~~~~~~~~~~~~\nPOPULATIONS//POPULATION_0014//INDIVIDUAL_EQVINYKD/model.cpp:122:28: error: no matching function for call to 'max(CppAD::AD<double>&, CppAD::AD<double>&)'\n  122 |     Type sigma_slow_t = max(sigma_slow, min_sigma);\n      |                         ~~~^~~~~~~~~~~~~~~~~~~~~~~\nC:/Users/spi085/AppData/Local/Programs/R/R-4.4.1/library/TMB/include/convenience.hpp:145:6: note: candidate: 'template<class Type> Type max(const tmbutils::vector<Type>&)'\n  145 | Type max(const vector<Type> &x)\n      |      ^~~\nC:/Users/spi085/AppData/Local/Programs/R/R-4.4.1/library/TMB/include/convenience.hpp:145:6: note:   template argument deduction/substitution failed:\nPOPULATIONS//POPULATION_0014//INDIVIDUAL_EQVINYKD/model.cpp:122:28: note:   'CppAD::AD<double>' is not derived from 'const tmbutils::vector<Type>'\n  122 |     Type sigma_slow_t = max(sigma_slow, min_sigma);\n      |                         ~~~^~~~~~~~~~~~~~~~~~~~~~~\nPOPULATIONS//POPULATION_0014//INDIVIDUAL_EQVINYKD/model.cpp:126:28: error: no matching function for call to 'max(CppAD::AD<double>&, CppAD::AD<double>&)'\n  126 |     Type sigma_fast_t = max(sigma_fast, min_sigma);\n      |                         ~~~^~~~~~~~~~~~~~~~~~~~~~~\nC:/Users/spi085/AppData/Local/Programs/R/R-4.4.1/library/TMB/include/convenience.hpp:145:6: note: candidate: 'template<class Type> Type max(const tmbutils::vector<Type>&)'\n  145 | Type max(const vector<Type> &x)\n      |      ^~~\nC:/Users/spi085/AppData/Local/Programs/R/R-4.4.1/library/TMB/include/convenience.hpp:145:6: note:   template argument deduction/substitution failed:\nPOPULATIONS//POPULATION_0014//INDIVIDUAL_EQVINYKD/model.cpp:126:28: note:   'CppAD::AD<double>' is not derived from 'const tmbutils::vector<Type>'\n  126 |     Type sigma_fast_t = max(sigma_fast, min_sigma);\n      |                         ~~~^~~~~~~~~~~~~~~~~~~~~~~\nPOPULATIONS//POPULATION_0014//INDIVIDUAL_EQVINYKD/model.cpp: In instantiation of 'Type objective_function<Type>::operator()() [with Type = double]':\nC:/Users/spi085/AppData/Local/Programs/R/R-4.4.1/library/TMB/include/tmb_core.hpp:2031:7:   required from here\nPOPULATIONS//POPULATION_0014//INDIVIDUAL_EQVINYKD/model.cpp:78:22: error: no matching function for call to 'max(double&, double&)'\n   78 |     denominator = max(denominator, eps);\n      |                   ~~~^~~~~~~~~~~~~~~~~~\nC:/Users/spi085/AppData/Local/Programs/R/R-4.4.1/library/TMB/include/convenience.hpp:145:6: note: candidate: 'template<class Type> Type max(const tmbutils::vector<Type>&)'\n  145 | Type max(const vector<Type> &x)\n      |      ^~~\nC:/Users/spi085/AppData/Local/Programs/R/R-4.4.1/library/TMB/include/convenience.hpp:145:6: note:   template argument deduction/substitution failed:\nPOPULATIONS//POPULATION_0014//INDIVIDUAL_EQVINYKD/model.cpp:78:22: note:   mismatched types 'const tmbutils::vector<Type>' and 'double'\n   78 |     denominator = max(denominator, eps);\n      |                   ~~~^~~~~~~~~~~~~~~~~~\nPOPULATIONS//POPULATION_0014//INDIVIDUAL_EQVINYKD/model.cpp:91:32: error: no matching function for call to 'min(double, Eigen::DenseCoeffsBase<Eigen::Array<double, -1, 1>, 1>::Scalar)'\n   91 |     cots_pred(t) = max(eps, min(5.0, cots_pred(t-1) + cots_growth - cots_mortality + cots_immigration));\n      |                             ~~~^~~~~~~~~~~~~~~~~~~~~~~~~~~~~~~~~~~~~~~~~~~~~~~~~~~~~~~~~~~~~~~~~~~~~~~\nC:/Users/spi085/AppData/Local/Programs/R/R-4.4.1/library/TMB/include/convenience.hpp:156:6: note: candidate: 'template<class Type> Type min(const tmbutils::vector<Type>&)'\n  156 | Type min(const vector<Type> &x)\n      |      ^~~\nC:/Users/spi085/AppData/Local/Programs/R/R-4.4.1/library/TMB/include/convenience.hpp:156:6: note:   template argument deduction/substitution failed:\nPOPULATIONS//POPULATION_0014//INDIVIDUAL_EQVINYKD/model.cpp:91:32: note:   mismatched types 'const tmbutils::vector<Type>' and 'double'\n   91 |     cots_pred(t) = max(eps, min(5.0, cots_pred(t-1) + cots_growth - cots_mortality + cots_immigration));\n      |                             ~~~^~~~~~~~~~~~~~~~~~~~~~~~~~~~~~~~~~~~~~~~~~~~~~~~~~~~~~~~~~~~~~~~~~~~~~~\nPOPULATIONS//POPULATION_0014//INDIVIDUAL_EQVINYKD/model.cpp:96:27: error: no matching function for call to 'min(double&, double)'\n   96 |     fast_competition = min(fast_competition, 0.95);\n      |                        ~~~^~~~~~~~~~~~~~~~~~~~~~~~\nC:/Users/spi085/AppData/Local/Programs/R/R-4.4.1/library/TMB/include/convenience.hpp:156:6: note: candidate: 'template<class Type> Type min(const tmbutils::vector<Type>&)'\n  156 | Type min(const vector<Type> &x)\n      |      ^~~\nC:/Users/spi085/AppData/Local/Programs/R/R-4.4.1/library/TMB/include/convenience.hpp:156:6: note:   template argument deduction/substitution failed:\nPOPULATIONS//POPULATION_0014//INDIVIDUAL_EQVINYKD/model.cpp:96:27: note:   mismatched types 'const tmbutils::vector<Type>' and 'double'\n   96 |     fast_competition = min(fast_competition, 0.95);\n      |                        ~~~^~~~~~~~~~~~~~~~~~~~~~~~\nPOPULATIONS//POPULATION_0014//INDIVIDUAL_EQVINYKD/model.cpp:99:30: error: no matching function for call to 'min(double, double)'\n   99 |     Type fast_predation = min(F_fast * cots_pred(t-1), 0.8 * fast_pred(t-1));\n      |                           ~~~^~~~~~~~~~~~~~~~~~~~~~~~~~~~~~~~~~~~~~~~~~~~~~~\nC:/Users/spi085/AppData/Local/Programs/R/R-4.4.1/library/TMB/include/convenience.hpp:156:6: note: candidate: 'template<class Type> Type min(const tmbutils::vector<Type>&)'\n  156 | Type min(const vector<Type> &x)\n      |      ^~~\nC:/Users/spi085/AppData/Local/Programs/R/R-4.4.1/library/TMB/include/convenience.hpp:156:6: note:   template argument deduction/substitution failed:\nPOPULATIONS//POPULATION_0014//INDIVIDUAL_EQVINYKD/model.cpp:99:30: note:   mismatched types 'const tmbutils::vector<Type>' and 'double'\n   99 |     Type fast_predation = min(F_fast * cots_pred(t-1), 0.8 * fast_pred(t-1));\n      |                           ~~~^~~~~~~~~~~~~~~~~~~~~~~~~~~~~~~~~~~~~~~~~~~~~~~\nPOPULATIONS//POPULATION_0014//INDIVIDUAL_EQVINYKD/model.cpp:101:32: error: no matching function for call to 'min(double&, Eigen::DenseCoeffsBase<Eigen::Array<double, -1, 1>, 1>::Scalar)'\n  101 |     fast_pred(t) = max(eps, min(K_fast, fast_pred(t-1) + fast_growth - fast_predation));\n      |                             ~~~^~~~~~~~~~~~~~~~~~~~~~~~~~~~~~~~~~~~~~~~~~~~~~~~~~~~~~~\nC:/Users/spi085/AppData/Local/Programs/R/R-4.4.1/library/TMB/include/convenience.hpp:156:6: note: candidate: 'template<class Type> Type min(const tmbutils::vector<Type>&)'\n  156 | Type min(const vector<Type> &x)\n      |      ^~~\nC:/Users/spi085/AppData/Local/Programs/R/R-4.4.1/library/TMB/include/convenience.hpp:156:6: note:   template argument deduction/substitution failed:\nPOPULATIONS//POPULATION_0014//INDIVIDUAL_EQVINYKD/model.cpp:101:32: note:   mismatched types 'const tmbutils::vector<Type>' and 'double'\n  101 |     fast_pred(t) = max(eps, min(K_fast, fast_pred(t-1) + fast_growth - fast_predation));\n      |                             ~~~^~~~~~~~~~~~~~~~~~~~~~~~~~~~~~~~~~~~~~~~~~~~~~~~~~~~~~~\nPOPULATIONS//POPULATION_0014//INDIVIDUAL_EQVINYKD/model.cpp:105:27: error: no matching function for call to 'min(double&, double)'\n  105 |     slow_competition = min(slow_competition, 0.95);\n      |                        ~~~^~~~~~~~~~~~~~~~~~~~~~~~\nC:/Users/spi085/AppData/Local/Programs/R/R-4.4.1/library/TMB/include/convenience.hpp:156:6: note: candidate: 'template<class Type> Type min(const tmbutils::vector<Type>&)'\n  156 | Type min(const vector<Type> &x)\n      |      ^~~\nC:/Users/spi085/AppData/Local/Programs/R/R-4.4.1/library/TMB/include/convenience.hpp:156:6: note:   template argument deduction/substitution failed:\nPOPULATIONS//POPULATION_0014//INDIVIDUAL_EQVINYKD/model.cpp:105:27: note:   mismatched types 'const tmbutils::vector<Type>' and 'double'\n  105 |     slow_competition = min(slow_competition, 0.95);\n      |                        ~~~^~~~~~~~~~~~~~~~~~~~~~~~\nPOPULATIONS//POPULATION_0014//INDIVIDUAL_EQVINYKD/model.cpp:108:30: error: no matching function for call to 'min(double, double)'\n  108 |     Type slow_predation = min(F_slow * cots_pred(t-1), 0.8 * slow_pred(t-1));\n      |                           ~~~^~~~~~~~~~~~~~~~~~~~~~~~~~~~~~~~~~~~~~~~~~~~~~~\nC:/Users/spi085/AppData/Local/Programs/R/R-4.4.1/library/TMB/include/convenience.hpp:156:6: note: candidate: 'template<class Type> Type min(const tmbutils::vector<Type>&)'\n  156 | Type min(const vector<Type> &x)\n      |      ^~~\nC:/Users/spi085/AppData/Local/Programs/R/R-4.4.1/library/TMB/include/convenience.hpp:156:6: note:   template argument deduction/substitution failed:\nPOPULATIONS//POPULATION_0014//INDIVIDUAL_EQVINYKD/model.cpp:108:30: note:   mismatched types 'const tmbutils::vector<Type>' and 'double'\n  108 |     Type slow_predation = min(F_slow * cots_pred(t-1), 0.8 * slow_pred(t-1));\n      |                           ~~~^~~~~~~~~~~~~~~~~~~~~~~~~~~~~~~~~~~~~~~~~~~~~~~\nPOPULATIONS//POPULATION_0014//INDIVIDUAL_EQVINYKD/model.cpp:110:32: error: no matching function for call to 'min(double&, Eigen::DenseCoeffsBase<Eigen::Array<double, -1, 1>, 1>::Scalar)'\n  110 |     slow_pred(t) = max(eps, min(K_slow, slow_pred(t-1) + slow_growth - slow_predation));\n      |                             ~~~^~~~~~~~~~~~~~~~~~~~~~~~~~~~~~~~~~~~~~~~~~~~~~~~~~~~~~~\nC:/Users/spi085/AppData/Local/Programs/R/R-4.4.1/library/TMB/include/convenience.hpp:156:6: note: candidate: 'template<class Type> Type min(const tmbutils::vector<Type>&)'\n  156 | Type min(const vector<Type> &x)\n      |      ^~~\nC:/Users/spi085/AppData/Local/Programs/R/R-4.4.1/library/TMB/include/convenience.hpp:156:6: note:   template argument deduction/substitution failed:\nPOPULATIONS//POPULATION_0014//INDIVIDUAL_EQVINYKD/model.cpp:110:32: note:   mismatched types 'const tmbutils::vector<Type>' and 'double'\n  110 |     slow_pred(t) = max(eps, min(K_slow, slow_pred(t-1) + slow_growth - slow_predation));\n      |                             ~~~^~~~~~~~~~~~~~~~~~~~~~~~~~~~~~~~~~~~~~~~~~~~~~~~~~~~~~~\nPOPULATIONS//POPULATION_0014//INDIVIDUAL_EQVINYKD/model.cpp:118:28: error: no matching function for call to 'max(double&, double&)'\n  118 |     Type sigma_cots_t = max(sigma_cots, min_sigma);\n      |                         ~~~^~~~~~~~~~~~~~~~~~~~~~~\nC:/Users/spi085/AppData/Local/Programs/R/R-4.4.1/library/TMB/include/convenience.hpp:145:6: note: candidate: 'template<class Type> Type max(const tmbutils::vector<Type>&)'\n  145 | Type max(const vector<Type> &x)\n      |      ^~~\nC:/Users/spi085/AppData/Local/Programs/R/R-4.4.1/library/TMB/include/convenience.hpp:145:6: note:   template argument deduction/substitution failed:\nPOPULATIONS//POPULATION_0014//INDIVIDUAL_EQVINYKD/model.cpp:118:28: note:   mismatched types 'const tmbutils::vector<Type>' and 'double'\n  118 |     Type sigma_cots_t = max(sigma_cots, min_sigma);\n      |                         ~~~^~~~~~~~~~~~~~~~~~~~~~~\nPOPULATIONS//POPULATION_0014//INDIVIDUAL_EQVINYKD/model.cpp:122:28: error: no matching function for call to 'max(double&, double&)'\n  122 |     Type sigma_slow_t = max(sigma_slow, min_sigma);\n      |                         ~~~^~~~~~~~~~~~~~~~~~~~~~~\nC:/Users/spi085/AppData/Local/Programs/R/R-4.4.1/library/TMB/include/convenience.hpp:145:6: note: candidate: 'template<class Type> Type max(const tmbutils::vector<Type>&)'\n  145 | Type max(const vector<Type> &x)\n      |      ^~~\nC:/Users/spi085/AppData/Local/Programs/R/R-4.4.1/library/TMB/include/convenience.hpp:145:6: note:   template argument deduction/substitution failed:\nPOPULATIONS//POPULATION_0014//INDIVIDUAL_EQVINYKD/model.cpp:122:28: note:   mismatched types 'const tmbutils::vector<Type>' and 'double'\n  122 |     Type sigma_slow_t = max(sigma_slow, min_sigma);\n      |                         ~~~^~~~~~~~~~~~~~~~~~~~~~~\nPOPULATIONS//POPULATION_0014//INDIVIDUAL_EQVINYKD/model.cpp:126:28: error: no matching function for call to 'max(double&, double&)'\n  126 |     Type sigma_fast_t = max(sigma_fast, min_sigma);\n      |                         ~~~^~~~~~~~~~~~~~~~~~~~~~~\nC:/Users/spi085/AppData/Local/Programs/R/R-4.4.1/library/TMB/include/convenience.hpp:145:6: note: candidate: 'template<class Type> Type max(const tmbutils::vector<Type>&)'\n  145 | Type max(const vector<Type> &x)\n      |      ^~~\nC:/Users/spi085/AppData/Local/Programs/R/R-4.4.1/library/TMB/include/convenience.hpp:145:6: note:   template argument deduction/substitution failed:\nPOPULATIONS//POPULATION_0014//INDIVIDUAL_EQVINYKD/model.cpp:126:28: note:   mismatched types 'const tmbutils::vector<Type>' and 'double'\n  126 |     Type sigma_fast_t = max(sigma_fast, min_sigma);\n      |                         ~~~^~~~~~~~~~~~~~~~~~~~~~~\nPOPULATIONS//POPULATION_0014//INDIVIDUAL_EQVINYKD/model.cpp: In instantiation of 'Type objective_function<Type>::operator()() [with Type = CppAD::AD<CppAD::AD<double> >]':\nC:/Users/spi085/AppData/Local/Programs/R/R-4.4.1/library/TMB/include/tmb_core.hpp:913:29:   required from 'Type objective_function<Type>::evalUserTemplate() [with Type = CppAD::AD<CppAD::AD<double> >]'\nC:/Users/spi085/AppData/Local/Programs/R/R-4.4.1/library/TMB/include/tmb_core.hpp:2112:26:   required from here\nPOPULATIONS//POPULATION_0014//INDIVIDUAL_EQVINYKD/model.cpp:78:22: error: no matching function for call to 'max(CppAD::AD<CppAD::AD<double> >&, CppAD::AD<CppAD::AD<double> >&)'\n   78 |     denominator = max(denominator, eps);\n      |                   ~~~^~~~~~~~~~~~~~~~~~\nC:/Users/spi085/AppData/Local/Programs/R/R-4.4.1/library/TMB/include/convenience.hpp:145:6: note: candidate: 'template<class Type> Type max(const tmbutils::vector<Type>&)'\n  145 | Type max(const vector<Type> &x)\n      |      ^~~\nC:/Users/spi085/AppData/Local/Programs/R/R-4.4.1/library/TMB/include/convenience.hpp:145:6: note:   template argument deduction/substitution failed:\nPOPULATIONS//POPULATION_0014//INDIVIDUAL_EQVINYKD/model.cpp:78:22: note:   'CppAD::AD<CppAD::AD<double> >' is not derived from 'const tmbutils::vector<Type>'\n   78 |     denominator = max(denominator, eps);\n      |                   ~~~^~~~~~~~~~~~~~~~~~\nPOPULATIONS//POPULATION_0014//INDIVIDUAL_EQVINYKD/model.cpp:91:32: error: no matching function for call to 'min(double, CppAD::AD<CppAD::AD<double> >)'\n   91 |     cots_pred(t) = max(eps, min(5.0, cots_pred(t-1) + cots_growth - cots_mortality + cots_immigration));\n      |                             ~~~^~~~~~~~~~~~~~~~~~~~~~~~~~~~~~~~~~~~~~~~~~~~~~~~~~~~~~~~~~~~~~~~~~~~~~~\nC:/Users/spi085/AppData/Local/Programs/R/R-4.4.1/library/TMB/include/convenience.hpp:156:6: note: candidate: 'template<class Type> Type min(const tmbutils::vector<Type>&)'\n  156 | Type min(const vector<Type> &x)\n      |      ^~~\nC:/Users/spi085/AppData/Local/Programs/R/R-4.4.1/library/TMB/include/convenience.hpp:156:6: note:   template argument deduction/substitution failed:\nPOPULATIONS//POPULATION_0014//INDIVIDUAL_EQVINYKD/model.cpp:91:32: note:   mismatched types 'const tmbutils::vector<Type>' and 'double'\n   91 |     cots_pred(t) = max(eps, min(5.0, cots_pred(t-1) + cots_growth - cots_mortality + cots_immigration));\n      |                             ~~~^~~~~~~~~~~~~~~~~~~~~~~~~~~~~~~~~~~~~~~~~~~~~~~~~~~~~~~~~~~~~~~~~~~~~~~\nPOPULATIONS//POPULATION_0014//INDIVIDUAL_EQVINYKD/model.cpp:96:27: error: no matching function for call to 'min(CppAD::AD<CppAD::AD<double> >&, double)'\n   96 |     fast_competition = min(fast_competition, 0.95);\n      |                        ~~~^~~~~~~~~~~~~~~~~~~~~~~~\nC:/Users/spi085/AppData/Local/Programs/R/R-4.4.1/library/TMB/include/convenience.hpp:156:6: note: candidate: 'template<class Type> Type min(const tmbutils::vector<Type>&)'\n  156 | Type min(const vector<Type> &x)\n      |      ^~~\nC:/Users/spi085/AppData/Local/Programs/R/R-4.4.1/library/TMB/include/convenience.hpp:156:6: note:   template argument deduction/substitution failed:\nPOPULATIONS//POPULATION_0014//INDIVIDUAL_EQVINYKD/model.cpp:96:27: note:   'CppAD::AD<CppAD::AD<double> >' is not derived from 'const tmbutils::vector<Type>'\n   96 |     fast_competition = min(fast_competition, 0.95);\n      |                        ~~~^~~~~~~~~~~~~~~~~~~~~~~~\nPOPULATIONS//POPULATION_0014//INDIVIDUAL_EQVINYKD/model.cpp:99:30: error: no matching function for call to 'min(CppAD::AD<CppAD::AD<double> >, CppAD::AD<CppAD::AD<double> >)'\n   99 |     Type fast_predation = min(F_fast * cots_pred(t-1), 0.8 * fast_pred(t-1));\n      |                           ~~~^~~~~~~~~~~~~~~~~~~~~~~~~~~~~~~~~~~~~~~~~~~~~~~\nC:/Users/spi085/AppData/Local/Programs/R/R-4.4.1/library/TMB/include/convenience.hpp:156:6: note: candidate: 'template<class Type> Type min(const tmbutils::vector<Type>&)'\n  156 | Type min(const vector<Type> &x)\n      |      ^~~\nC:/Users/spi085/AppData/Local/Programs/R/R-4.4.1/library/TMB/include/convenience.hpp:156:6: note:   template argument deduction/substitution failed:\nPOPULATIONS//POPULATION_0014//INDIVIDUAL_EQVINYKD/model.cpp:99:30: note:   'CppAD::AD<CppAD::AD<double> >' is not derived from 'const tmbutils::vector<Type>'\n   99 |     Type fast_predation = min(F_fast * cots_pred(t-1), 0.8 * fast_pred(t-1));\n      |                           ~~~^~~~~~~~~~~~~~~~~~~~~~~~~~~~~~~~~~~~~~~~~~~~~~~\nPOPULATIONS//POPULATION_0014//INDIVIDUAL_EQVINYKD/model.cpp:101:32: error: no matching function for call to 'min(CppAD::AD<CppAD::AD<double> >&, CppAD::AD<CppAD::AD<double> >)'\n  101 |     fast_pred(t) = max(eps, min(K_fast, fast_pred(t-1) + fast_growth - fast_predation));\n      |                             ~~~^~~~~~~~~~~~~~~~~~~~~~~~~~~~~~~~~~~~~~~~~~~~~~~~~~~~~~~\nC:/Users/spi085/AppData/Local/Programs/R/R-4.4.1/library/TMB/include/convenience.hpp:156:6: note: candidate: 'template<class Type> Type min(const tmbutils::vector<Type>&)'\n  156 | Type min(const vector<Type> &x)\n      |      ^~~\nC:/Users/spi085/AppData/Local/Programs/R/R-4.4.1/library/TMB/include/convenience.hpp:156:6: note:   template argument deduction/substitution failed:\nPOPULATIONS//POPULATION_0014//INDIVIDUAL_EQVINYKD/model.cpp:101:32: note:   'CppAD::AD<CppAD::AD<double> >' is not derived from 'const tmbutils::vector<Type>'\n  101 |     fast_pred(t) = max(eps, min(K_fast, fast_pred(t-1) + fast_growth - fast_predation));\n      |                             ~~~^~~~~~~~~~~~~~~~~~~~~~~~~~~~~~~~~~~~~~~~~~~~~~~~~~~~~~~\nPOPULATIONS//POPULATION_0014//INDIVIDUAL_EQVINYKD/model.cpp:105:27: error: no matching function for call to 'min(CppAD::AD<CppAD::AD<double> >&, double)'\n  105 |     slow_competition = min(slow_competition, 0.95);\n      |                        ~~~^~~~~~~~~~~~~~~~~~~~~~~~\nC:/Users/spi085/AppData/Local/Programs/R/R-4.4.1/library/TMB/include/convenience.hpp:156:6: note: candidate: 'template<class Type> Type min(const tmbutils::vector<Type>&)'\n  156 | Type min(const vector<Type> &x)\n      |      ^~~\nC:/Users/spi085/AppData/Local/Programs/R/R-4.4.1/library/TMB/include/convenience.hpp:156:6: note:   template argument deduction/substitution failed:\nPOPULATIONS//POPULATION_0014//INDIVIDUAL_EQVINYKD/model.cpp:105:27: note:   'CppAD::AD<CppAD::AD<double> >' is not derived from 'const tmbutils::vector<Type>'\n  105 |     slow_competition = min(slow_competition, 0.95);\n      |                        ~~~^~~~~~~~~~~~~~~~~~~~~~~~\nPOPULATIONS//POPULATION_0014//INDIVIDUAL_EQVINYKD/model.cpp:108:30: error: no matching function for call to 'min(CppAD::AD<CppAD::AD<double> >, CppAD::AD<CppAD::AD<double> >)'\n  108 |     Type slow_predation = min(F_slow * cots_pred(t-1), 0.8 * slow_pred(t-1));\n      |                           ~~~^~~~~~~~~~~~~~~~~~~~~~~~~~~~~~~~~~~~~~~~~~~~~~~\nC:/Users/spi085/AppData/Local/Programs/R/R-4.4.1/library/TMB/include/convenience.hpp:156:6: note: candidate: 'template<class Type> Type min(const tmbutils::vector<Type>&)'\n  156 | Type min(const vector<Type> &x)\n      |      ^~~\nC:/Users/spi085/AppData/Local/Programs/R/R-4.4.1/library/TMB/include/convenience.hpp:156:6: note:   template argument deduction/substitution failed:\nPOPULATIONS//POPULATION_0014//INDIVIDUAL_EQVINYKD/model.cpp:108:30: note:   'CppAD::AD<CppAD::AD<double> >' is not derived from 'const tmbutils::vector<Type>'\n  108 |     Type slow_predation = min(F_slow * cots_pred(t-1), 0.8 * slow_pred(t-1));\n      |                           ~~~^~~~~~~~~~~~~~~~~~~~~~~~~~~~~~~~~~~~~~~~~~~~~~~\nPOPULATIONS//POPULATION_0014//INDIVIDUAL_EQVINYKD/model.cpp:110:32: error: no matching function for call to 'min(CppAD::AD<CppAD::AD<double> >&, CppAD::AD<CppAD::AD<double> >)'\n  110 |     slow_pred(t) = max(eps, min(K_slow, slow_pred(t-1) + slow_growth - slow_predation));\n      |                             ~~~^~~~~~~~~~~~~~~~~~~~~~~~~~~~~~~~~~~~~~~~~~~~~~~~~~~~~~~\nC:/Users/spi085/AppData/Local/Programs/R/R-4.4.1/library/TMB/include/convenience.hpp:156:6: note: candidate: 'template<class Type> Type min(const tmbutils::vector<Type>&)'\n  156 | Type min(const vector<Type> &x)\n      |      ^~~\nC:/Users/spi085/AppData/Local/Programs/R/R-4.4.1/library/TMB/include/convenience.hpp:156:6: note:   template argument deduction/substitution failed:\nPOPULATIONS//POPULATION_0014//INDIVIDUAL_EQVINYKD/model.cpp:110:32: note:   'CppAD::AD<CppAD::AD<double> >' is not derived from 'const tmbutils::vector<Type>'\n  110 |     slow_pred(t) = max(eps, min(K_slow, slow_pred(t-1) + slow_growth - slow_predation));\n      |                             ~~~^~~~~~~~~~~~~~~~~~~~~~~~~~~~~~~~~~~~~~~~~~~~~~~~~~~~~~~\nPOPULATIONS//POPULATION_0014//INDIVIDUAL_EQVINYKD/model.cpp:118:28: error: no matching function for call to 'max(CppAD::AD<CppAD::AD<double> >&, CppAD::AD<CppAD::AD<double> >&)'\n  118 |     Type sigma_cots_t = max(sigma_cots, min_sigma);\n      |                         ~~~^~~~~~~~~~~~~~~~~~~~~~~\nC:/Users/spi085/AppData/Local/Programs/R/R-4.4.1/library/TMB/include/convenience.hpp:145:6: note: candidate: 'template<class Type> Type max(const tmbutils::vector<Type>&)'\n  145 | Type max(const vector<Type> &x)\n      |      ^~~\nC:/Users/spi085/AppData/Local/Programs/R/R-4.4.1/library/TMB/include/convenience.hpp:145:6: note:   template argument deduction/substitution failed:\nPOPULATIONS//POPULATION_0014//INDIVIDUAL_EQVINYKD/model.cpp:118:28: note:   'CppAD::AD<CppAD::AD<double> >' is not derived from 'const tmbutils::vector<Type>'\n  118 |     Type sigma_cots_t = max(sigma_cots, min_sigma);\n      |                         ~~~^~~~~~~~~~~~~~~~~~~~~~~\nPOPULATIONS//POPULATION_0014//INDIVIDUAL_EQVINYKD/model.cpp:122:28: error: no matching function for call to 'max(CppAD::AD<CppAD::AD<double> >&, CppAD::AD<CppAD::AD<double> >&)'\n  122 |     Type sigma_slow_t = max(sigma_slow, min_sigma);\n      |                         ~~~^~~~~~~~~~~~~~~~~~~~~~~\nC:/Users/spi085/AppData/Local/Programs/R/R-4.4.1/library/TMB/include/convenience.hpp:145:6: note: candidate: 'template<class Type> Type max(const tmbutils::vector<Type>&)'\n  145 | Type max(const vector<Type> &x)\n      |      ^~~\nC:/Users/spi085/AppData/Local/Programs/R/R-4.4.1/library/TMB/include/convenience.hpp:145:6: note:   template argument deduction/substitution failed:\nPOPULATIONS//POPULATION_0014//INDIVIDUAL_EQVINYKD/model.cpp:122:28: note:   'CppAD::AD<CppAD::AD<double> >' is not derived from 'const tmbutils::vector<Type>'\n  122 |     Type sigma_slow_t = max(sigma_slow, min_sigma);\n      |                         ~~~^~~~~~~~~~~~~~~~~~~~~~~\nPOPULATIONS//POPULATION_0014//INDIVIDUAL_EQVINYKD/model.cpp:126:28: error: no matching function for call to 'max(CppAD::AD<CppAD::AD<double> >&, CppAD::AD<CppAD::AD<double> >&)'\n  126 |     Type sigma_fast_t = max(sigma_fast, min_sigma);\n      |                         ~~~^~~~~~~~~~~~~~~~~~~~~~~\nC:/Users/spi085/AppData/Local/Programs/R/R-4.4.1/library/TMB/include/convenience.hpp:145:6: note: candidate: 'template<class Type> Type max(const tmbutils::vector<Type>&)'\n  145 | Type max(const vector<Type> &x)\n      |      ^~~\nC:/Users/spi085/AppData/Local/Programs/R/R-4.4.1/library/TMB/include/convenience.hpp:145:6: note:   template argument deduction/substitution failed:\nPOPULATIONS//POPULATION_0014//INDIVIDUAL_EQVINYKD/model.cpp:126:28: note:   'CppAD::AD<CppAD::AD<double> >' is not derived from 'const tmbutils::vector<Type>'\n  126 |     Type sigma_fast_t = max(sigma_fast, min_sigma);\n      |                         ~~~^~~~~~~~~~~~~~~~~~~~~~~\nPOPULATIONS//POPULATION_0014//INDIVIDUAL_EQVINYKD/model.cpp: In instantiation of 'Type objective_function<Type>::operator()() [with Type = CppAD::AD<CppAD::AD<CppAD::AD<double> > >]':\nC:/Users/spi085/AppData/Local/Programs/R/R-4.4.1/library/TMB/include/tmb_core.hpp:913:29:   required from 'Type objective_function<Type>::evalUserTemplate() [with Type = CppAD::AD<CppAD::AD<CppAD::AD<double> > >]'\nC:/Users/spi085/AppData/Local/Programs/R/R-4.4.1/library/TMB/include/tmb_core.hpp:2361:28:   required from here\nPOPULATIONS//POPULATION_0014//INDIVIDUAL_EQVINYKD/model.cpp:78:22: error: no matching function for call to 'max(CppAD::AD<CppAD::AD<CppAD::AD<double> > >&, CppAD::AD<CppAD::AD<CppAD::AD<double> > >&)'\n   78 |     denominator = max(denominator, eps);\n      |                   ~~~^~~~~~~~~~~~~~~~~~\nC:/Users/spi085/AppData/Local/Programs/R/R-4.4.1/library/TMB/include/convenience.hpp:145:6: note: candidate: 'template<class Type> Type max(const tmbutils::vector<Type>&)'\n  145 | Type max(const vector<Type> &x)\n      |      ^~~\nC:/Users/spi085/AppData/Local/Programs/R/R-4.4.1/library/TMB/include/convenience.hpp:145:6: note:   template argument deduction/substitution failed:\nPOPULATIONS//POPULATION_0014//INDIVIDUAL_EQVINYKD/model.cpp:78:22: note:   'CppAD::AD<CppAD::AD<CppAD::AD<double> > >' is not derived from 'const tmbutils::vector<Type>'\n   78 |     denominator = max(denominator, eps);\n      |                   ~~~^~~~~~~~~~~~~~~~~~\nPOPULATIONS//POPULATION_0014//INDIVIDUAL_EQVINYKD/model.cpp:91:32: error: no matching function for call to 'min(double, CppAD::AD<CppAD::AD<CppAD::AD<double> > >)'\n   91 |     cots_pred(t) = max(eps, min(5.0, cots_pred(t-1) + cots_growth - cots_mortality + cots_immigration));\n      |                             ~~~^~~~~~~~~~~~~~~~~~~~~~~~~~~~~~~~~~~~~~~~~~~~~~~~~~~~~~~~~~~~~~~~~~~~~~~\nC:/Users/spi085/AppData/Local/Programs/R/R-4.4.1/library/TMB/include/convenience.hpp:156:6: note: candidate: 'template<class Type> Type min(const tmbutils::vector<Type>&)'\n  156 | Type min(const vector<Type> &x)\n      |      ^~~\nC:/Users/spi085/AppData/Local/Programs/R/R-4.4.1/library/TMB/include/convenience.hpp:156:6: note:   template argument deduction/substitution failed:\nPOPULATIONS//POPULATION_0014//INDIVIDUAL_EQVINYKD/model.cpp:91:32: note:   mismatched types 'const tmbutils::vector<Type>' and 'double'\n   91 |     cots_pred(t) = max(eps, min(5.0, cots_pred(t-1) + cots_growth - cots_mortality + cots_immigration));\n      |                             ~~~^~~~~~~~~~~~~~~~~~~~~~~~~~~~~~~~~~~~~~~~~~~~~~~~~~~~~~~~~~~~~~~~~~~~~~~\nPOPULATIONS//POPULATION_0014//INDIVIDUAL_EQVINYKD/model.cpp:96:27: error: no matching function for call to 'min(CppAD::AD<CppAD::AD<CppAD::AD<double> > >&, double)'\n   96 |     fast_competition = min(fast_competition, 0.95);\n      |                        ~~~^~~~~~~~~~~~~~~~~~~~~~~~\nC:/Users/spi085/AppData/Local/Programs/R/R-4.4.1/library/TMB/include/convenience.hpp:156:6: note: candidate: 'template<class Type> Type min(const tmbutils::vector<Type>&)'\n  156 | Type min(const vector<Type> &x)\n      |      ^~~\nC:/Users/spi085/AppData/Local/Programs/R/R-4.4.1/library/TMB/include/convenience.hpp:156:6: note:   template argument deduction/substitution failed:\nPOPULATIONS//POPULATION_0014//INDIVIDUAL_EQVINYKD/model.cpp:96:27: note:   'CppAD::AD<CppAD::AD<CppAD::AD<double> > >' is not derived from 'const tmbutils::vector<Type>'\n   96 |     fast_competition = min(fast_competition, 0.95);\n      |                        ~~~^~~~~~~~~~~~~~~~~~~~~~~~\nPOPULATIONS//POPULATION_0014//INDIVIDUAL_EQVINYKD/model.cpp:99:30: error: no matching function for call to 'min(CppAD::AD<CppAD::AD<CppAD::AD<double> > >, CppAD::AD<CppAD::AD<CppAD::AD<double> > >)'\n   99 |     Type fast_predation = min(F_fast * cots_pred(t-1), 0.8 * fast_pred(t-1));\n      |                           ~~~^~~~~~~~~~~~~~~~~~~~~~~~~~~~~~~~~~~~~~~~~~~~~~~\nC:/Users/spi085/AppData/Local/Programs/R/R-4.4.1/library/TMB/include/convenience.hpp:156:6: note: candidate: 'template<class Type> Type min(const tmbutils::vector<Type>&)'\n  156 | Type min(const vector<Type> &x)\n      |      ^~~\nC:/Users/spi085/AppData/Local/Programs/R/R-4.4.1/library/TMB/include/convenience.hpp:156:6: note:   template argument deduction/substitution failed:\nPOPULATIONS//POPULATION_0014//INDIVIDUAL_EQVINYKD/model.cpp:99:30: note:   'CppAD::AD<CppAD::AD<CppAD::AD<double> > >' is not derived from 'const tmbutils::vector<Type>'\n   99 |     Type fast_predation = min(F_fast * cots_pred(t-1), 0.8 * fast_pred(t-1));\n      |                           ~~~^~~~~~~~~~~~~~~~~~~~~~~~~~~~~~~~~~~~~~~~~~~~~~~\nPOPULATIONS//POPULATION_0014//INDIVIDUAL_EQVINYKD/model.cpp:101:32: error: no matching function for call to 'min(CppAD::AD<CppAD::AD<CppAD::AD<double> > >&, CppAD::AD<CppAD::AD<CppAD::AD<double> > >)'\n  101 |     fast_pred(t) = max(eps, min(K_fast, fast_pred(t-1) + fast_growth - fast_predation));\n      |                             ~~~^~~~~~~~~~~~~~~~~~~~~~~~~~~~~~~~~~~~~~~~~~~~~~~~~~~~~~~\nC:/Users/spi085/AppData/Local/Programs/R/R-4.4.1/library/TMB/include/convenience.hpp:156:6: note: candidate: 'template<class Type> Type min(const tmbutils::vector<Type>&)'\n  156 | Type min(const vector<Type> &x)\n      |      ^~~\nC:/Users/spi085/AppData/Local/Programs/R/R-4.4.1/library/TMB/include/convenience.hpp:156:6: note:   template argument deduction/substitution failed:\nPOPULATIONS//POPULATION_0014//INDIVIDUAL_EQVINYKD/model.cpp:101:32: note:   'CppAD::AD<CppAD::AD<CppAD::AD<double> > >' is not derived from 'const tmbutils::vector<Type>'\n  101 |     fast_pred(t) = max(eps, min(K_fast, fast_pred(t-1) + fast_growth - fast_predation));\n      |                             ~~~^~~~~~~~~~~~~~~~~~~~~~~~~~~~~~~~~~~~~~~~~~~~~~~~~~~~~~~\nPOPULATIONS//POPULATION_0014//INDIVIDUAL_EQVINYKD/model.cpp:105:27: error: no matching function for call to 'min(CppAD::AD<CppAD::AD<CppAD::AD<double> > >&, double)'\n  105 |     slow_competition = min(slow_competition, 0.95);\n      |                        ~~~^~~~~~~~~~~~~~~~~~~~~~~~\nC:/Users/spi085/AppData/Local/Programs/R/R-4.4.1/library/TMB/include/convenience.hpp:156:6: note: candidate: 'template<class Type> Type min(const tmbutils::vector<Type>&)'\n  156 | Type min(const vector<Type> &x)\n      |      ^~~\nC:/Users/spi085/AppData/Local/Programs/R/R-4.4.1/library/TMB/include/convenience.hpp:156:6: note:   template argument deduction/substitution failed:\nPOPULATIONS//POPULATION_0014//INDIVIDUAL_EQVINYKD/model.cpp:105:27: note:   'CppAD::AD<CppAD::AD<CppAD::AD<double> > >' is not derived from 'const tmbutils::vector<Type>'\n  105 |     slow_competition = min(slow_competition, 0.95);\n      |                        ~~~^~~~~~~~~~~~~~~~~~~~~~~~\nPOPULATIONS//POPULATION_0014//INDIVIDUAL_EQVINYKD/model.cpp:108:30: error: no matching function for call to 'min(CppAD::AD<CppAD::AD<CppAD::AD<double> > >, CppAD::AD<CppAD::AD<CppAD::AD<double> > >)'\n  108 |     Type slow_predation = min(F_slow * cots_pred(t-1), 0.8 * slow_pred(t-1));\n      |                           ~~~^~~~~~~~~~~~~~~~~~~~~~~~~~~~~~~~~~~~~~~~~~~~~~~\nC:/Users/spi085/AppData/Local/Programs/R/R-4.4.1/library/TMB/include/convenience.hpp:156:6: note: candidate: 'template<class Type> Type min(const tmbutils::vector<Type>&)'\n  156 | Type min(const vector<Type> &x)\n      |      ^~~\nC:/Users/spi085/AppData/Local/Programs/R/R-4.4.1/library/TMB/include/convenience.hpp:156:6: note:   template argument deduction/substitution failed:\nPOPULATIONS//POPULATION_0014//INDIVIDUAL_EQVINYKD/model.cpp:108:30: note:   'CppAD::AD<CppAD::AD<CppAD::AD<double> > >' is not derived from 'const tmbutils::vector<Type>'\n  108 |     Type slow_predation = min(F_slow * cots_pred(t-1), 0.8 * slow_pred(t-1));\n      |                           ~~~^~~~~~~~~~~~~~~~~~~~~~~~~~~~~~~~~~~~~~~~~~~~~~~\nPOPULATIONS//POPULATION_0014//INDIVIDUAL_EQVINYKD/model.cpp:110:32: error: no matching function for call to 'min(CppAD::AD<CppAD::AD<CppAD::AD<double> > >&, CppAD::AD<CppAD::AD<CppAD::AD<double> > >)'\n  110 |     slow_pred(t) = max(eps, min(K_slow, slow_pred(t-1) + slow_growth - slow_predation));\n      |                             ~~~^~~~~~~~~~~~~~~~~~~~~~~~~~~~~~~~~~~~~~~~~~~~~~~~~~~~~~~\nC:/Users/spi085/AppData/Local/Programs/R/R-4.4.1/library/TMB/include/convenience.hpp:156:6: note: candidate: 'template<class Type> Type min(const tmbutils::vector<Type>&)'\n  156 | Type min(const vector<Type> &x)\n      |      ^~~\nC:/Users/spi085/AppData/Local/Programs/R/R-4.4.1/library/TMB/include/convenience.hpp:156:6: note:   template argument deduction/substitution failed:\nPOPULATIONS//POPULATION_0014//INDIVIDUAL_EQVINYKD/model.cpp:110:32: note:   'CppAD::AD<CppAD::AD<CppAD::AD<double> > >' is not derived from 'const tmbutils::vector<Type>'\n  110 |     slow_pred(t) = max(eps, min(K_slow, slow_pred(t-1) + slow_growth - slow_predation));\n      |                             ~~~^~~~~~~~~~~~~~~~~~~~~~~~~~~~~~~~~~~~~~~~~~~~~~~~~~~~~~~\nPOPULATIONS//POPULATION_0014//INDIVIDUAL_EQVINYKD/model.cpp:118:28: error: no matching function for call to 'max(CppAD::AD<CppAD::AD<CppAD::AD<double> > >&, CppAD::AD<CppAD::AD<CppAD::AD<double> > >&)'\n  118 |     Type sigma_cots_t = max(sigma_cots, min_sigma);\n      |                         ~~~^~~~~~~~~~~~~~~~~~~~~~~\nC:/Users/spi085/AppData/Local/Programs/R/R-4.4.1/library/TMB/include/convenience.hpp:145:6: note: candidate: 'template<class Type> Type max(const tmbutils::vector<Type>&)'\n  145 | Type max(const vector<Type> &x)\n      |      ^~~\nC:/Users/spi085/AppData/Local/Programs/R/R-4.4.1/library/TMB/include/convenience.hpp:145:6: note:   template argument deduction/substitution failed:\nPOPULATIONS//POPULATION_0014//INDIVIDUAL_EQVINYKD/model.cpp:118:28: note:   'CppAD::AD<CppAD::AD<CppAD::AD<double> > >' is not derived from 'const tmbutils::vector<Type>'\n  118 |     Type sigma_cots_t = max(sigma_cots, min_sigma);\n      |                         ~~~^~~~~~~~~~~~~~~~~~~~~~~\nPOPULATIONS//POPULATION_0014//INDIVIDUAL_EQVINYKD/model.cpp:122:28: error: no matching function for call to 'max(CppAD::AD<CppAD::AD<CppAD::AD<double> > >&, CppAD::AD<CppAD::AD<CppAD::AD<double> > >&)'\n  122 |     Type sigma_slow_t = max(sigma_slow, min_sigma);\n      |                         ~~~^~~~~~~~~~~~~~~~~~~~~~~\nC:/Users/spi085/AppData/Local/Programs/R/R-4.4.1/library/TMB/include/convenience.hpp:145:6: note: candidate: 'template<class Type> Type max(const tmbutils::vector<Type>&)'\n  145 | Type max(const vector<Type> &x)\n      |      ^~~\nC:/Users/spi085/AppData/Local/Programs/R/R-4.4.1/library/TMB/include/convenience.hpp:145:6: note:   template argument deduction/substitution failed:\nPOPULATIONS//POPULATION_0014//INDIVIDUAL_EQVINYKD/model.cpp:122:28: note:   'CppAD::AD<CppAD::AD<CppAD::AD<double> > >' is not derived from 'const tmbutils::vector<Type>'\n  122 |     Type sigma_slow_t = max(sigma_slow, min_sigma);\n      |                         ~~~^~~~~~~~~~~~~~~~~~~~~~~\nPOPULATIONS//POPULATION_0014//INDIVIDUAL_EQVINYKD/model.cpp:126:28: error: no matching function for call to 'max(CppAD::AD<CppAD::AD<CppAD::AD<double> > >&, CppAD::AD<CppAD::AD<CppAD::AD<double> > >&)'\n  126 |     Type sigma_fast_t = max(sigma_fast, min_sigma);\n      |                         ~~~^~~~~~~~~~~~~~~~~~~~~~~\nC:/Users/spi085/AppData/Local/Programs/R/R-4.4.1/library/TMB/include/convenience.hpp:145:6: note: candidate: 'template<class Type> Type max(const tmbutils::vector<Type>&)'\n  145 | Type max(const vector<Type> &x)\n      |      ^~~\nC:/Users/spi085/AppData/Local/Programs/R/R-4.4.1/library/TMB/include/convenience.hpp:145:6: note:   template argument deduction/substitution failed:\nPOPULATIONS//POPULATION_0014//INDIVIDUAL_EQVINYKD/model.cpp:126:28: note:   'CppAD::AD<CppAD::AD<CppAD::AD<double> > >' is not derived from 'const tmbutils::vector<Type>'\n  126 |     Type sigma_fast_t = max(sigma_fast, min_sigma);\n      |                         ~~~^~~~~~~~~~~~~~~~~~~~~~~\nmake: *** [C:/Users/spi085/AppData/Local/Programs/R/R-4.4.1/etc/x64/Makeconf:296: POPULATIONS//POPULATION_0014//INDIVIDUAL_EQVINYKD/model.o] Error 1\nError in TMB::compile(file.path(individual_dir, model_file), flags = flags,  : \n  Compilation failed\nError: Compilation failed\nExecution halted"
    },
    "4": {
      "status": "ERROR",
      "message": "R script failed with return code 1",
      "stdout": "g++ -std=gnu++17  -I\"C:/Users/spi085/AppData/Local/Programs/R/R-4.4.1/include\" -DNDEBUG -I\"C:/Users/spi085/AppData/Local/Programs/R/R-44~1.1/library/TMB/include\" -I\"C:/Users/spi085/AppData/Local/Programs/R/R-44~1.1/library/RCPPEI~1/include\"   -DTMB_EIGEN_DISABLE_WARNINGS   -DTMB_LIB_INIT=R_init_model  -DCPPAD_FRAMEWORK    -I\"C:/rtools44/x86_64-w64-mingw32.static.posix/include\"     -O2 -Wa,-mbig-obj -c POPULATIONS//POPULATION_0014//INDIVIDUAL_EQVINYKD/model.cpp -o POPULATIONS//POPULATION_0014//INDIVIDUAL_EQVINYKD/model.o\ng++ -std=gnu++17 -shared -s -static-libgcc -o POPULATIONS//POPULATION_0014//INDIVIDUAL_EQVINYKD/model.dll tmp.def POPULATIONS//POPULATION_0014//INDIVIDUAL_EQVINYKD/model.o -LC:/rtools44/x86_64-w64-mingw32.static.posix/lib/x64 -LC:/rtools44/x86_64-w64-mingw32.static.posix/lib -LC:/Users/spi085/AppData/Local/Programs/R/R-4.4.1/bin/x64 -lR\nStarting model phases\nNumber of phases: 4 \nPhase 1 \nInitial parameter values for phase 1 :\n    r_cots     a_fast     r_fast     r_slow imm_effect \n        NA      10.00         NA       0.03         NA \nError in model phases: NA/NaN gradient evaluation",
      "stderr": "Loading required package: TMB\nLoading required package: jsonlite\nhere() starts at C:/Users/spi085/OneDrive - CSIRO/Documents/_Projects/SCCP-QuantModelling\nusing C++ compiler: 'G__~1.EXE (GCC) 13.2.0'\nError in value[[3L]](cond) : \n  Error in model phases: NA/NaN gradient evaluation\nCalls: tryCatch -> tryCatchList -> tryCatchOne -> <Anonymous>\nIn addition: Warning message:\nIn nlminb(model$par, model$fn, model$gr) : NA/NaN function evaluation\nExecution halted"
    },
    "5": {
      "status": "ERROR",
      "message": "R script failed with return code 1",
      "stdout": "g++ -std=gnu++17  -I\"C:/Users/spi085/AppData/Local/Programs/R/R-4.4.1/include\" -DNDEBUG -I\"C:/Users/spi085/AppData/Local/Programs/R/R-44~1.1/library/TMB/include\" -I\"C:/Users/spi085/AppData/Local/Programs/R/R-44~1.1/library/RCPPEI~1/include\"   -DTMB_EIGEN_DISABLE_WARNINGS   -DTMB_LIB_INIT=R_init_model  -DCPPAD_FRAMEWORK    -I\"C:/rtools44/x86_64-w64-mingw32.static.posix/include\"     -O2 -Wa,-mbig-obj -c POPULATIONS//POPULATION_0014//INDIVIDUAL_EQVINYKD/model.cpp -o POPULATIONS//POPULATION_0014//INDIVIDUAL_EQVINYKD/model.o\ng++ -std=gnu++17 -shared -s -static-libgcc -o POPULATIONS//POPULATION_0014//INDIVIDUAL_EQVINYKD/model.dll tmp.def POPULATIONS//POPULATION_0014//INDIVIDUAL_EQVINYKD/model.o -LC:/rtools44/x86_64-w64-mingw32.static.posix/lib/x64 -LC:/rtools44/x86_64-w64-mingw32.static.posix/lib -LC:/Users/spi085/AppData/Local/Programs/R/R-4.4.1/bin/x64 -lR\nStarting model phases\nNumber of phases: 4 \nPhase 1 \nInitial parameter values for phase 1 :\n    r_cots     a_fast     r_fast     r_slow imm_effect \n        NA      10.00         NA       0.03         NA \nError in model phases: NA/NaN gradient evaluation",
      "stderr": "Loading required package: TMB\nLoading required package: jsonlite\nhere() starts at C:/Users/spi085/OneDrive - CSIRO/Documents/_Projects/SCCP-QuantModelling\nusing C++ compiler: 'G__~1.EXE (GCC) 13.2.0'\nError in value[[3L]](cond) : \n  Error in model phases: NA/NaN gradient evaluation\nCalls: tryCatch -> tryCatchList -> tryCatchOne -> <Anonymous>\nIn addition: Warning message:\nIn nlminb(model$par, model$fn, model$gr) : NA/NaN function evaluation\nExecution halted"
    },
    "6": {
      "status": "ERROR",
      "message": "R script failed with return code 1",
      "stdout": "g++ -std=gnu++17  -I\"C:/Users/spi085/AppData/Local/Programs/R/R-4.4.1/include\" -DNDEBUG -I\"C:/Users/spi085/AppData/Local/Programs/R/R-44~1.1/library/TMB/include\" -I\"C:/Users/spi085/AppData/Local/Programs/R/R-44~1.1/library/RCPPEI~1/include\"   -DTMB_EIGEN_DISABLE_WARNINGS   -DTMB_LIB_INIT=R_init_model  -DCPPAD_FRAMEWORK    -I\"C:/rtools44/x86_64-w64-mingw32.static.posix/include\"     -O2 -Wa,-mbig-obj -c POPULATIONS//POPULATION_0014//INDIVIDUAL_EQVINYKD/model.cpp -o POPULATIONS//POPULATION_0014//INDIVIDUAL_EQVINYKD/model.o\ng++ -std=gnu++17 -shared -s -static-libgcc -o POPULATIONS//POPULATION_0014//INDIVIDUAL_EQVINYKD/model.dll tmp.def POPULATIONS//POPULATION_0014//INDIVIDUAL_EQVINYKD/model.o -LC:/rtools44/x86_64-w64-mingw32.static.posix/lib/x64 -LC:/rtools44/x86_64-w64-mingw32.static.posix/lib -LC:/Users/spi085/AppData/Local/Programs/R/R-4.4.1/bin/x64 -lR\nStarting model phases\nNumber of phases: 4 \nPhase 1 \nInitial parameter values for phase 1 :\n    r_cots     a_fast     r_fast     r_slow imm_effect \n        NA      10.00         NA       0.03         NA \nError in model phases: NA/NaN gradient evaluation",
      "stderr": "Loading required package: TMB\nLoading required package: jsonlite\nhere() starts at C:/Users/spi085/OneDrive - CSIRO/Documents/_Projects/SCCP-QuantModelling\nusing C++ compiler: 'G__~1.EXE (GCC) 13.2.0'\nError in value[[3L]](cond) : \n  Error in model phases: NA/NaN gradient evaluation\nCalls: tryCatch -> tryCatchList -> tryCatchOne -> <Anonymous>\nIn addition: Warning message:\nIn nlminb(model$par, model$fn, model$gr) : NA/NaN function evaluation\nExecution halted"
    },
    "7": {
      "status": "BROKEN"
    }
  }
}