{
  "iterations": {
    "1": {
      "status": "ERROR",
      "message": "R script failed with return code 1",
      "stdout": "g++ -std=gnu++17  -I\"C:/Users/spi085/AppData/Local/Programs/R/R-4.4.1/include\" -DNDEBUG -I\"C:/Users/spi085/AppData/Local/Programs/R/R-44~1.1/library/TMB/include\" -I\"C:/Users/spi085/AppData/Local/Programs/R/R-44~1.1/library/RCPPEI~1/include\"   -DTMB_EIGEN_DISABLE_WARNINGS   -DTMB_LIB_INIT=R_init_model  -DCPPAD_FRAMEWORK    -I\"C:/rtools44/x86_64-w64-mingw32.static.posix/include\"     -O2 -Wa,-mbig-obj -c POPULATIONS//POPULATION_0010//INDIVIDUAL_T49DDIDZ/model.cpp -o POPULATIONS//POPULATION_0010//INDIVIDUAL_T49DDIDZ/model.o\ng++ -std=gnu++17 -shared -s -static-libgcc -o POPULATIONS//POPULATION_0010//INDIVIDUAL_T49DDIDZ/model.dll tmp.def POPULATIONS//POPULATION_0010//INDIVIDUAL_T49DDIDZ/model.o -LC:/rtools44/x86_64-w64-mingw32.static.posix/lib/x64 -LC:/rtools44/x86_64-w64-mingw32.static.posix/lib -LC:/Users/spi085/AppData/Local/Programs/R/R-4.4.1/bin/x64 -lR\nStarting model phases\nNumber of phases: 3 \nPhase 1 \nInitial parameter values for phase 1 :\n  r_cots   r_slow   r_fast   a_slow   a_fast \n      NA       NA       NA       NA 0.000657 \nError in model phases: NA/NaN gradient evaluation",
      "stderr": "Loading required package: TMB\nLoading required package: jsonlite\nhere() starts at C:/Users/spi085/OneDrive - CSIRO/Documents/_Projects/SCCP-QuantModelling\nusing C++ compiler: 'G__~1.EXE (GCC) 13.2.0'\nError in value[[3L]](cond) : \n  Error in model phases: NA/NaN gradient evaluation\nCalls: tryCatch -> tryCatchList -> tryCatchOne -> <Anonymous>\nIn addition: Warning message:\nIn nlminb(model$par, model$fn, model$gr) : NA/NaN function evaluation\nExecution halted"
    },
    "2": {
      "status": "ERROR",
      "message": "R script failed with return code 1",
      "stdout": "g++ -std=gnu++17  -I\"C:/Users/spi085/AppData/Local/Programs/R/R-4.4.1/include\" -DNDEBUG -I\"C:/Users/spi085/AppData/Local/Programs/R/R-44~1.1/library/TMB/include\" -I\"C:/Users/spi085/AppData/Local/Programs/R/R-44~1.1/library/RCPPEI~1/include\"   -DTMB_EIGEN_DISABLE_WARNINGS   -DTMB_LIB_INIT=R_init_model  -DCPPAD_FRAMEWORK    -I\"C:/rtools44/x86_64-w64-mingw32.static.posix/include\"     -O2 -Wa,-mbig-obj -c POPULATIONS//POPULATION_0010//INDIVIDUAL_T49DDIDZ/model.cpp -o POPULATIONS//POPULATION_0010//INDIVIDUAL_T49DDIDZ/model.o\ng++ -std=gnu++17 -shared -s -static-libgcc -o POPULATIONS//POPULATION_0010//INDIVIDUAL_T49DDIDZ/model.dll tmp.def POPULATIONS//POPULATION_0010//INDIVIDUAL_T49DDIDZ/model.o -LC:/rtools44/x86_64-w64-mingw32.static.posix/lib/x64 -LC:/rtools44/x86_64-w64-mingw32.static.posix/lib -LC:/Users/spi085/AppData/Local/Programs/R/R-4.4.1/bin/x64 -lR\nStarting model phases\nNumber of phases: 3 \nPhase 1 \nInitial parameter values for phase 1 :\n  r_cots   r_slow   r_fast   a_slow   a_fast \n      NA       NA       NA       NA 0.000657 \nError in model phases: NA/NaN gradient evaluation",
      "stderr": "Loading required package: TMB\nLoading required package: jsonlite\nhere() starts at C:/Users/spi085/OneDrive - CSIRO/Documents/_Projects/SCCP-QuantModelling\nusing C++ compiler: 'G__~1.EXE (GCC) 13.2.0'\nError in value[[3L]](cond) : \n  Error in model phases: NA/NaN gradient evaluation\nCalls: tryCatch -> tryCatchList -> tryCatchOne -> <Anonymous>\nIn addition: Warning message:\nIn nlminb(model$par, model$fn, model$gr) : NA/NaN function evaluation\nExecution halted"
    },
    "3": {
      "status": "ERROR",
      "message": "Model failed to compile.",
      "stdout": "g++ -std=gnu++17  -I\"C:/Users/spi085/AppData/Local/Programs/R/R-4.4.1/include\" -DNDEBUG -I\"C:/Users/spi085/AppData/Local/Programs/R/R-44~1.1/library/TMB/include\" -I\"C:/Users/spi085/AppData/Local/Programs/R/R-44~1.1/library/RCPPEI~1/include\"   -DTMB_EIGEN_DISABLE_WARNINGS   -DTMB_LIB_INIT=R_init_model  -DCPPAD_FRAMEWORK    -I\"C:/rtools44/x86_64-w64-mingw32.static.posix/include\"     -O2 -Wa,-mbig-obj -c POPULATIONS//POPULATION_0010//INDIVIDUAL_T49DDIDZ/model.cpp -o POPULATIONS//POPULATION_0010//INDIVIDUAL_T49DDIDZ/model.o",
      "stderr": "Loading required package: TMB\nLoading required package: jsonlite\nhere() starts at C:/Users/spi085/OneDrive - CSIRO/Documents/_Projects/SCCP-QuantModelling\nusing C++ compiler: 'G__~1.EXE (GCC) 13.2.0'\nPOPULATIONS//POPULATION_0010//INDIVIDUAL_T49DDIDZ/model.cpp: In member function 'Type objective_function<Type>::operator()()':\nPOPULATIONS//POPULATION_0010//INDIVIDUAL_T49DDIDZ/model.cpp:87:33: error: 'max' is not a member of 'CppAD'\n   87 |     Type slow_carrying = CppAD::max(Type(0), Type(1) - (slow_pred(t-1) + alpha_sf * fast_pred(t-1))/K_coral);\n      |                                 ^~~\nPOPULATIONS//POPULATION_0010//INDIVIDUAL_T49DDIDZ/model.cpp:87:33: note: suggested alternatives:\nIn file included from C:/Users/spi085/AppData/Local/Programs/R/R-4.4.1/library/TMB/include/TMB.hpp:215,\n                 from POPULATIONS//POPULATION_0010//INDIVIDUAL_T49DDIDZ/model.cpp:1:\nC:/Users/spi085/AppData/Local/Programs/R/R-4.4.1/library/TMB/include/convenience.hpp:145:6: note:   'max'\n  145 | Type max(const vector<Type> &x)\n      |      ^~~\nIn file included from C:/rtools44/x86_64-w64-mingw32.static.posix/lib/gcc/x86_64-w64-mingw32.static.posix/13.2.0/include/c++/functional:67,\n                 from C:/Users/spi085/AppData/Local/Programs/R/R-44~1.1/library/RCPPEI~1/include/Eigen/Core:85,\n                 from C:/Users/spi085/AppData/Local/Programs/R/R-44~1.1/library/RCPPEI~1/include/Eigen/Dense:1,\n                 from C:/Users/spi085/AppData/Local/Programs/R/R-4.4.1/library/TMB/include/TMB.hpp:92:\nC:/rtools44/x86_64-w64-mingw32.static.posix/lib/gcc/x86_64-w64-mingw32.static.posix/13.2.0/include/c++/bits/stl_algo.h:5805:5: note:   'std::max'\n 5805 |     max(initializer_list<_Tp> __l, _Compare __comp)\n      |     ^~~\nIn file included from C:/Users/spi085/AppData/Local/Programs/R/R-44~1.1/library/RCPPEI~1/include/Eigen/Core:176:\nC:/Users/spi085/AppData/Local/Programs/R/R-44~1.1/library/RCPPEI~1/include/Eigen/src/Core/arch/Default/Half.h:749:45: note:   'Eigen::half_impl::max'\n  749 | EIGEN_STRONG_INLINE EIGEN_DEVICE_FUNC half (max)(const half& a, const half& b) {\n      |                                             ^~~\nIn file included from C:/Users/spi085/AppData/Local/Programs/R/R-44~1.1/library/RCPPEI~1/include/Eigen/Core:177:\nC:/Users/spi085/AppData/Local/Programs/R/R-44~1.1/library/RCPPEI~1/include/Eigen/src/Core/arch/Default/BFloat16.h:576:49: note:   'Eigen::bfloat16_impl::max'\n  576 | EIGEN_STRONG_INLINE EIGEN_DEVICE_FUNC bfloat16 (max)(const bfloat16& a, const bfloat16& b) {\n      |                                                 ^~~\nPOPULATIONS//POPULATION_0010//INDIVIDUAL_T49DDIDZ/model.cpp:88:33: error: 'max' is not a member of 'CppAD'\n   88 |     Type fast_carrying = CppAD::max(Type(0), Type(1) - (fast_pred(t-1) + alpha_fs * slow_pred(t-1))/K_coral);\n      |                                 ^~~\nPOPULATIONS//POPULATION_0010//INDIVIDUAL_T49DDIDZ/model.cpp:88:33: note: suggested alternatives:\nC:/Users/spi085/AppData/Local/Programs/R/R-4.4.1/library/TMB/include/convenience.hpp:145:6: note:   'max'\n  145 | Type max(const vector<Type> &x)\n      |      ^~~\nC:/rtools44/x86_64-w64-mingw32.static.posix/lib/gcc/x86_64-w64-mingw32.static.posix/13.2.0/include/c++/bits/stl_algo.h:5805:5: note:   'std::max'\n 5805 |     max(initializer_list<_Tp> __l, _Compare __comp)\n      |     ^~~\nC:/Users/spi085/AppData/Local/Programs/R/R-44~1.1/library/RCPPEI~1/include/Eigen/src/Core/arch/Default/Half.h:749:45: note:   'Eigen::half_impl::max'\n  749 | EIGEN_STRONG_INLINE EIGEN_DEVICE_FUNC half (max)(const half& a, const half& b) {\n      |                                             ^~~\nC:/Users/spi085/AppData/Local/Programs/R/R-44~1.1/library/RCPPEI~1/include/Eigen/src/Core/arch/Default/BFloat16.h:576:49: note:   'Eigen::bfloat16_impl::max'\n  576 | EIGEN_STRONG_INLINE EIGEN_DEVICE_FUNC bfloat16 (max)(const bfloat16& a, const bfloat16& b) {\n      |                                                 ^~~\nPOPULATIONS//POPULATION_0010//INDIVIDUAL_T49DDIDZ/model.cpp:94:27: error: 'max' is not a member of 'CppAD'\n   94 |     slow_pred(t) = CppAD::max(eps, slow_pred(t-1) + slow_growth - f_slow * cots_pred(t-1));\n      |                           ^~~\nPOPULATIONS//POPULATION_0010//INDIVIDUAL_T49DDIDZ/model.cpp:94:27: note: suggested alternatives:\nC:/Users/spi085/AppData/Local/Programs/R/R-4.4.1/library/TMB/include/convenience.hpp:145:6: note:   'max'\n  145 | Type max(const vector<Type> &x)\n      |      ^~~\nC:/rtools44/x86_64-w64-mingw32.static.posix/lib/gcc/x86_64-w64-mingw32.static.posix/13.2.0/include/c++/bits/stl_algo.h:5805:5: note:   'std::max'\n 5805 |     max(initializer_list<_Tp> __l, _Compare __comp)\n      |     ^~~\nC:/Users/spi085/AppData/Local/Programs/R/R-44~1.1/library/RCPPEI~1/include/Eigen/src/Core/arch/Default/Half.h:749:45: note:   'Eigen::half_impl::max'\n  749 | EIGEN_STRONG_INLINE EIGEN_DEVICE_FUNC half (max)(const half& a, const half& b) {\n      |                                             ^~~\nC:/Users/spi085/AppData/Local/Programs/R/R-44~1.1/library/RCPPEI~1/include/Eigen/src/Core/arch/Default/BFloat16.h:576:49: note:   'Eigen::bfloat16_impl::max'\n  576 | EIGEN_STRONG_INLINE EIGEN_DEVICE_FUNC bfloat16 (max)(const bfloat16& a, const bfloat16& b) {\n      |                                                 ^~~\nPOPULATIONS//POPULATION_0010//INDIVIDUAL_T49DDIDZ/model.cpp:95:27: error: 'max' is not a member of 'CppAD'\n   95 |     fast_pred(t) = CppAD::max(eps, fast_pred(t-1) + fast_growth - f_fast * cots_pred(t-1));\n      |                           ^~~\nPOPULATIONS//POPULATION_0010//INDIVIDUAL_T49DDIDZ/model.cpp:95:27: note: suggested alternatives:\nC:/Users/spi085/AppData/Local/Programs/R/R-4.4.1/library/TMB/include/convenience.hpp:145:6: note:   'max'\n  145 | Type max(const vector<Type> &x)\n      |      ^~~\nC:/rtools44/x86_64-w64-mingw32.static.posix/lib/gcc/x86_64-w64-mingw32.static.posix/13.2.0/include/c++/bits/stl_algo.h:5805:5: note:   'std::max'\n 5805 |     max(initializer_list<_Tp> __l, _Compare __comp)\n      |     ^~~\nC:/Users/spi085/AppData/Local/Programs/R/R-44~1.1/library/RCPPEI~1/include/Eigen/src/Core/arch/Default/Half.h:749:45: note:   'Eigen::half_impl::max'\n  749 | EIGEN_STRONG_INLINE EIGEN_DEVICE_FUNC half (max)(const half& a, const half& b) {\n      |                                             ^~~\nC:/Users/spi085/AppData/Local/Programs/R/R-44~1.1/library/RCPPEI~1/include/Eigen/src/Core/arch/Default/BFloat16.h:576:49: note:   'Eigen::bfloat16_impl::max'\n  576 | EIGEN_STRONG_INLINE EIGEN_DEVICE_FUNC bfloat16 (max)(const bfloat16& a, const bfloat16& b) {\n      |                                                 ^~~\nmake: *** [C:/Users/spi085/AppData/Local/Programs/R/R-4.4.1/etc/x64/Makeconf:296: POPULATIONS//POPULATION_0010//INDIVIDUAL_T49DDIDZ/model.o] Error 1\nError in TMB::compile(file.path(individual_dir, model_file), flags = flags,  : \n  Compilation failed\nError: Compilation failed\nExecution halted"
    },
    "4": {
      "status": "ERROR",
      "message": "R script failed with return code 1",
      "stdout": "g++ -std=gnu++17  -I\"C:/Users/spi085/AppData/Local/Programs/R/R-4.4.1/include\" -DNDEBUG -I\"C:/Users/spi085/AppData/Local/Programs/R/R-44~1.1/library/TMB/include\" -I\"C:/Users/spi085/AppData/Local/Programs/R/R-44~1.1/library/RCPPEI~1/include\"   -DTMB_EIGEN_DISABLE_WARNINGS   -DTMB_LIB_INIT=R_init_model  -DCPPAD_FRAMEWORK    -I\"C:/rtools44/x86_64-w64-mingw32.static.posix/include\"     -O2 -Wa,-mbig-obj -c POPULATIONS//POPULATION_0010//INDIVIDUAL_T49DDIDZ/model.cpp -o POPULATIONS//POPULATION_0010//INDIVIDUAL_T49DDIDZ/model.o\ng++ -std=gnu++17 -shared -s -static-libgcc -o POPULATIONS//POPULATION_0010//INDIVIDUAL_T49DDIDZ/model.dll tmp.def POPULATIONS//POPULATION_0010//INDIVIDUAL_T49DDIDZ/model.o -LC:/rtools44/x86_64-w64-mingw32.static.posix/lib/x64 -LC:/rtools44/x86_64-w64-mingw32.static.posix/lib -LC:/Users/spi085/AppData/Local/Programs/R/R-4.4.1/bin/x64 -lR\nStarting model phases\nNumber of phases: 3 \nPhase 1 \nInitial parameter values for phase 1 :\n  r_cots   r_slow   r_fast   a_slow   a_fast \n      NA       NA       NA       NA 0.000657 \nError in model phases: NA/NaN gradient evaluation",
      "stderr": "Loading required package: TMB\nLoading required package: jsonlite\nhere() starts at C:/Users/spi085/OneDrive - CSIRO/Documents/_Projects/SCCP-QuantModelling\nusing C++ compiler: 'G__~1.EXE (GCC) 13.2.0'\nError in value[[3L]](cond) : \n  Error in model phases: NA/NaN gradient evaluation\nCalls: tryCatch -> tryCatchList -> tryCatchOne -> <Anonymous>\nIn addition: Warning message:\nIn nlminb(model$par, model$fn, model$gr) : NA/NaN function evaluation\nExecution halted"
    },
    "5": {
      "status": "ERROR",
      "message": "R script failed with return code 1",
      "stdout": "g++ -std=gnu++17  -I\"C:/Users/spi085/AppData/Local/Programs/R/R-4.4.1/include\" -DNDEBUG -I\"C:/Users/spi085/AppData/Local/Programs/R/R-44~1.1/library/TMB/include\" -I\"C:/Users/spi085/AppData/Local/Programs/R/R-44~1.1/library/RCPPEI~1/include\"   -DTMB_EIGEN_DISABLE_WARNINGS   -DTMB_LIB_INIT=R_init_model  -DCPPAD_FRAMEWORK    -I\"C:/rtools44/x86_64-w64-mingw32.static.posix/include\"     -O2 -Wa,-mbig-obj -c POPULATIONS//POPULATION_0010//INDIVIDUAL_T49DDIDZ/model.cpp -o POPULATIONS//POPULATION_0010//INDIVIDUAL_T49DDIDZ/model.o\ng++ -std=gnu++17 -shared -s -static-libgcc -o POPULATIONS//POPULATION_0010//INDIVIDUAL_T49DDIDZ/model.dll tmp.def POPULATIONS//POPULATION_0010//INDIVIDUAL_T49DDIDZ/model.o -LC:/rtools44/x86_64-w64-mingw32.static.posix/lib/x64 -LC:/rtools44/x86_64-w64-mingw32.static.posix/lib -LC:/Users/spi085/AppData/Local/Programs/R/R-4.4.1/bin/x64 -lR\nStarting model phases\nNumber of phases: 3 \nPhase 1 \nInitial parameter values for phase 1 :\n  r_cots   r_slow   r_fast   a_slow   a_fast \n      NA       NA       NA       NA 0.000657 \nError in model phases: NA/NaN gradient evaluation",
      "stderr": "Loading required package: TMB\nLoading required package: jsonlite\nhere() starts at C:/Users/spi085/OneDrive - CSIRO/Documents/_Projects/SCCP-QuantModelling\nusing C++ compiler: 'G__~1.EXE (GCC) 13.2.0'\nError in value[[3L]](cond) : \n  Error in model phases: NA/NaN gradient evaluation\nCalls: tryCatch -> tryCatchList -> tryCatchOne -> <Anonymous>\nIn addition: Warning message:\nIn nlminb(model$par, model$fn, model$gr) : NA/NaN function evaluation\nExecution halted"
    },
    "6": {
      "status": "ERROR",
      "message": "R script failed with return code 1",
      "stdout": "g++ -std=gnu++17  -I\"C:/Users/spi085/AppData/Local/Programs/R/R-4.4.1/include\" -DNDEBUG -I\"C:/Users/spi085/AppData/Local/Programs/R/R-44~1.1/library/TMB/include\" -I\"C:/Users/spi085/AppData/Local/Programs/R/R-44~1.1/library/RCPPEI~1/include\"   -DTMB_EIGEN_DISABLE_WARNINGS   -DTMB_LIB_INIT=R_init_model  -DCPPAD_FRAMEWORK    -I\"C:/rtools44/x86_64-w64-mingw32.static.posix/include\"     -O2 -Wa,-mbig-obj -c POPULATIONS//POPULATION_0010//INDIVIDUAL_T49DDIDZ/model.cpp -o POPULATIONS//POPULATION_0010//INDIVIDUAL_T49DDIDZ/model.o\ng++ -std=gnu++17 -shared -s -static-libgcc -o POPULATIONS//POPULATION_0010//INDIVIDUAL_T49DDIDZ/model.dll tmp.def POPULATIONS//POPULATION_0010//INDIVIDUAL_T49DDIDZ/model.o -LC:/rtools44/x86_64-w64-mingw32.static.posix/lib/x64 -LC:/rtools44/x86_64-w64-mingw32.static.posix/lib -LC:/Users/spi085/AppData/Local/Programs/R/R-4.4.1/bin/x64 -lR\nStarting model phases\nNumber of phases: 3 \nPhase 1 \nInitial parameter values for phase 1 :\n  r_cots   r_slow   r_fast   a_slow   a_fast \n      NA       NA       NA       NA 0.000657 \nError in model phases: NA/NaN gradient evaluation",
      "stderr": "Loading required package: TMB\nLoading required package: jsonlite\nhere() starts at C:/Users/spi085/OneDrive - CSIRO/Documents/_Projects/SCCP-QuantModelling\nusing C++ compiler: 'G__~1.EXE (GCC) 13.2.0'\nError in value[[3L]](cond) : \n  Error in model phases: NA/NaN gradient evaluation\nCalls: tryCatch -> tryCatchList -> tryCatchOne -> <Anonymous>\nIn addition: Warning message:\nIn nlminb(model$par, model$fn, model$gr) : NA/NaN function evaluation\nExecution halted"
    },
    "7": {
      "status": "BROKEN"
    }
  }
}