Parent PNG files: ['POPULATIONS\\POPULATION_0009\\INDIVIDUAL_MPEPM3D8\\cots_pred_comparison.png', 'POPULATIONS\\POPULATION_0009\\INDIVIDUAL_MPEPM3D8\\fast_pred_comparison.png', 'POPULATIONS\\POPULATION_0009\\INDIVIDUAL_MPEPM3D8\\slow_pred_comparison.png']
[?12l[?25hSkipping 
POPULATIONS\POPULATION_0009\INDIVIDUAL_N82FZMSY\mo
del.cpp that matches gitignore spec.
Skipping 
POPULATIONS\POPULATION_0009\INDIVIDUAL_N82FZMSY\pa
rameters.json that matches gitignore spec.
Skipping 
POPULATIONS\POPULATION_0009\INDIVIDUAL_N82FZMSY\in
tention.txt that matches gitignore spec.
Creating empty file 
POPULATIONS\POPULATION_0009\INDIVIDUAL_N82FZMSY\in
tention.txt
Added C:\Users\spi085\OneDrive - 
CSIRO\Documents\_Projects\SCCP-QuantModelling\POPU
LATIONS\POPULATION_0009\INDIVIDUAL_MPEPM3D8\cots_p
red_comparison.png to read-only files.
Added C:\Users\spi085\OneDrive - 
CSIRO\Documents\_Projects\SCCP-QuantModelling\POPU
LATIONS\POPULATION_0009\INDIVIDUAL_MPEPM3D8\fast_p
red_comparison.png to read-only files.
Added C:\Users\spi085\OneDrive - 
CSIRO\Documents\_Projects\SCCP-QuantModelling\POPU
LATIONS\POPULATION_0009\INDIVIDUAL_MPEPM3D8\slow_p
red_comparison.png to read-only files.
Based on the comparison plots, I notice that the  
model struggles to capture the sharp peaks in both
COTS and coral populations, particularly around   
1990. One ecological improvement would be to add  
coral vulnerability to COTS predation based on    
coral health/stress - stressed corals (from       
temperature) are more vulnerable to COTS          
predation.                                        

Here are the changes:                             

POPULATIONS\POPULATION_0009\INDIVIDUAL_N82FZMSY\in
tention.txt                                       

                                                  
 <<<<<<< SEARCH                                   
 =======                                          
 Added temperature stress effect on coral         
 vulnerability to COTS predation. When corals are 
 stressed by suboptimal temperatures, they become 
 more susceptible to COTS predation, which is     
 ecologically supported by research showing       
 stressed corals have reduced defense mechanisms. 
 >>>>>>> REPLACE                                  
                                                  

POPULATIONS\POPULATION_0009\INDIVIDUAL_N82FZMSY\mo
del.cpp                                           

                                                  
 <<<<<<< SEARCH                                   
     // 3. Coral dynamics                         
     // Slow-growing corals                       
     Type slow_growth = r_slow * slow_pred(t-1) * 
 (1.0 - slow_pred(t-1)/K_slow) * temp_effect;     
     // Use smooth approximation of max(0,x) =    
 0.5*(x + sqrt(x^2 + eps))                        
     Type slow_pred_temp = slow_pred(t-1) +       
 slow_growth -                                    
                          alpha_slow *            
 cots_pred(t-1) * slow_pred(t-1)/(100.0 + eps);   
     slow_pred(t) = Type(0.5) * (slow_pred_temp + 
 sqrt(pow(slow_pred_temp, 2) + eps)); // Smooth   
 positive constraint                              
                                                  
     // Fast-growing corals                       
     Type fast_growth = r_fast * fast_pred(t-1) * 
 (1.0 - fast_pred(t-1)/K_fast) * temp_effect;     
     Type fast_pred_temp = fast_pred(t-1) +       
 fast_growth -                                    
                          alpha_fast *            
 cots_pred(t-1) * fast_pred(t-1)/(100.0 + eps);   
 =======                                          
     // 3. Coral dynamics                         
     // Temperature stress increases vulnerabilit 
 to COTS                                          
     Type stress_multiplier = Type(1.0) +         
 beta_stress * (Type(1.0) - temp_effect);         
                                                  
     // Slow-growing corals                       
     Type slow_growth = r_slow * slow_pred(t-1) * 
 (1.0 - slow_pred(t-1)/K_slow) * temp_effect;     
     // Use smooth approximation of max(0,x) =    
 0.5*(x + sqrt(x^2 + eps))                        
     Type slow_pred_temp = slow_pred(t-1) +       
 slow_growth -                                    
                          stress_multiplier *     
 alpha_slow * cots_pred(t-1) *                    
 slow_pred(t-1)/(100.0 + eps);                    
     slow_pred(t) = Type(0.5) * (slow_pred_temp + 
 sqrt(pow(slow_pred_temp, 2) + eps)); // Smooth   
 positive constraint                              
                                                  
     // Fast-growing corals                       
     Type fast_growth = r_fast * fast_pred(t-1) * 
 (1.0 - fast_pred(t-1)/K_fast) * temp_effect;     
     Type fast_pred_temp = fast_pred(t-1) +       
 fast_growth -                                    
                          stress_multiplier *     
 alpha_fast * cots_pred(t-1) *                    
 fast_pred(t-1)/(100.0 + eps);                    
 >>>>>>> REPLACE                                  
                                                  

POPULATIONS\POPULATION_0009\INDIVIDUAL_N82FZMSY\pa
rameters.json                                     

                                                  
 <<<<<<< SEARCH                                   
             "parameter": "log_sigma_coral",      
             "value": -2.0,                       
             "description": "Log of observation   
 error SD for coral cover",                       
             "source": "initial estimate",        
             "import_type": "PARAMETER",          
             "priority": 4,                       
             "enhanced_semantic_description":     
 "Logarithmic variance of coral cover measurement 
 uncertainty",                                    
             "processed": true                    
         }                                        
     ]                                            
 }                                                
 =======                                          
             "parameter": "log_sigma_coral",      
             "value": -2.0,                       
             "description": "Log of observation   
 error SD for coral cover",                       
             "source": "initial estimate",        
             "import_type": "PARAMETER",          
             "priority": 4,                       
             "enhanced_semantic_description":     
 "Logarithmic variance of coral cover measurement 
 uncertainty",                                    
             "processed": true                    
         },                                       
         {                                        
             "parameter": "beta_stress",          
             "value": 2.0,                        
             "description": "Effect of temperatur 
 stress on COTS predation vulnerability",         
             "source": "initial estimate",        
             "import_type": "PARAMETER",          
             "priority": 2,                       
             "enhanced_semantic_description":     
 "Multiplier for increased coral vulnerability to 
 COTS predation when temperature stressed",       
             "processed": true                    
         }                                        
     ]                                            
 }                                                
 >>>>>>> REPLACE                                  
                                                  

I also need to add the parameter declaration to   
the model:                                        

POPULATIONS\POPULATION_0009\INDIVIDUAL_N82FZMSY\mo
del.cpp                                           

                                                  
 <<<<<<< SEARCH                                   
   PARAMETER(log_sigma_cots); // Log SD for COTS  
 observations                                     
   PARAMETER(log_sigma_coral);// Log SD for coral 
 observations                                     
 =======                                          
   PARAMETER(log_sigma_cots); // Log SD for COTS  
 observations                                     
   PARAMETER(log_sigma_coral);// Log SD for coral 
 observations                                     
   PARAMETER(beta_stress);    // Temperature stre 
 effect on predation                              
 >>>>>>> REPLACE                                  
                                                  

Tokens: 8.8k sent, 1.1k received. Cost: $0.04 
message, $0.04 session.
Committing 
POPULATIONS\POPULATION_0009\INDIVIDUAL_N82FZMSY\in
tention.txt before applying edits.
Committing 
POPULATIONS\POPULATION_0009\INDIVIDUAL_N82FZMSY\mo
del.cpp before applying edits.
Committing 
POPULATIONS\POPULATION_0009\INDIVIDUAL_N82FZMSY\pa
rameters.json before applying edits.
Unable to add C:\Users\spi085\OneDrive - 
CSIRO\Documents\_Projects\SCCP-QuantModelling\POPU
LATIONS\POPULATION_0009\INDIVIDUAL_N82FZMSY\intent
ion.txt: Cmd('git') failed due to: exit code(1)
  cmdline: git add C:\Users\spi085\OneDrive - 
CSIRO\Documents\_Projects\SCCP-QuantModelling\POPU
LATIONS\POPULATION_0009\INDIVIDUAL_N82FZMSY\intent
ion.txt
  stderr: 'The following paths are ignored by one 
of your .gitignore files:
POPULATIONS
hint: Use -f if you really want to add them.
hint: Turn this message off by running
hint: "git config advice.addIgnoredFile false"'
Unable to add C:\Users\spi085\OneDrive - 
CSIRO\Documents\_Projects\SCCP-QuantModelling\POPU
LATIONS\POPULATION_0009\INDIVIDUAL_N82FZMSY\model.
cpp: Cmd('git') failed due to: exit code(1)
  cmdline: git add C:\Users\spi085\OneDrive - 
CSIRO\Documents\_Projects\SCCP-QuantModelling\POPU
LATIONS\POPULATION_0009\INDIVIDUAL_N82FZMSY\model.
cpp
  stderr: 'The following paths are ignored by one 
of your .gitignore files:
POPULATIONS
hint: Use -f if you really want to add them.
hint: Turn this message off by running
hint: "git config advice.addIgnoredFile false"'
Unable to add C:\Users\spi085\OneDrive - 
CSIRO\Documents\_Projects\SCCP-QuantModelling\POPU
LATIONS\POPULATION_0009\INDIVIDUAL_N82FZMSY\parame
ters.json: Cmd('git') failed due to: exit code(1)
  cmdline: git add C:\Users\spi085\OneDrive - 
CSIRO\Documents\_Projects\SCCP-QuantModelling\POPU
LATIONS\POPULATION_0009\INDIVIDUAL_N82FZMSY\parame
ters.json
  stderr: 'The following paths are ignored by one 
of your .gitignore files:
POPULATIONS
hint: Use -f if you really want to add them.
hint: Turn this message off by running
hint: "git config advice.addIgnoredFile false"'
Unable to commit: Cmd('git') failed due to: exit 
code(1)
  cmdline: git commit -m feat: Add new individual 
files for population 0009 --no-verify -- 
C:\Users\spi085\OneDrive - 
CSIRO\Documents\_Projects\SCCP-QuantModelling\POPU
LATIONS\POPULATION_0009\INDIVIDUAL_N82FZMSY\intent
ion.txt C:\Users\spi085\OneDrive - 
CSIRO\Documents\_Projects\SCCP-QuantModelling\POPU
LATIONS\POPULATION_0009\INDIVIDUAL_N82FZMSY\model.
cpp C:\Users\spi085\OneDrive - 
CSIRO\Documents\_Projects\SCCP-QuantModelling\POPU
LATIONS\POPULATION_0009\INDIVIDUAL_N82FZMSY\parame
ters.json
  stderr: 'error: pathspec 
'C:\Users\spi085\OneDrive - 
CSIRO\Documents\_Projects\SCCP-QuantModelling\POPU
LATIONS\POPULATION_0009\INDIVIDUAL_N82FZMSY\intent
ion.txt' did not match any file(s) known to git
error: pathspec 'C:\Users\spi085\OneDrive - 
CSIRO\Documents\_Projects\SCCP-QuantModelling\POPU
LATIONS\POPULATION_0009\INDIVIDUAL_N82FZMSY\model.
cpp' did not match any file(s) known to git
error: pathspec 'C:\Users\spi085\OneDrive - 
CSIRO\Documents\_Projects\SCCP-QuantModelling\POPU
LATIONS\POPULATION_0009\INDIVIDUAL_N82FZMSY\parame
ters.json' did not match any file(s) known to git'
Applied edit to 
POPULATIONS\POPULATION_0009\INDIVIDUAL_N82FZMSY\in
tention.txt
Applied edit to 
POPULATIONS\POPULATION_0009\INDIVIDUAL_N82FZMSY\mo
del.cpp
Applied edit to 
POPULATIONS\POPULATION_0009\INDIVIDUAL_N82FZMSY\pa
rameters.json
Improved existing model in individual: POPULATIONS\POPULATION_0009\INDIVIDUAL_N82FZMSY
Validating model for data leakage...
Opening file: POPULATIONS\POPULATION_0009\INDIVIDUAL_N82FZMSY\model.cpp
File read successfully
Extracting vectors...
Found data vectors: {'cotsimm_dat', 'sst_dat', 'fast_dat', 'slow_dat', 'cots_dat'}
Found prediction vectors: {'slow_pred', 'cots_pred', 'fast_pred'}
Found reported vectors: {'sigma_coral', 'slow_pred', 'cots_pred', 'fast_pred', 'sigma_cots'}
Finding initial conditions...
Found 3 initial conditions
Finding time-stepping loop...
Found loop from line 49 to 74
Found response variables: {'fast_dat', 'slow_dat', 'cots_dat'}
[93mRunning model for individual...[0m
[0mIndividual directory: POPULATIONS\POPULATION_0009\INDIVIDUAL_N82FZMSY[0m
[93mR script stdout:[0m
[0mg++ -std=gnu++17  -I"C:/Users/spi085/AppData/Local/Programs/R/R-4.4.1/include" -DNDEBUG -I"C:/Users/spi085/AppData/Local/Programs/R/R-44~1.1/library/TMB/include" -I"C:/Users/spi085/AppData/Local/Programs/R/R-44~1.1/library/RCPPEI~1/include"   -DTMB_EIGEN_DISABLE_WARNINGS   -DTMB_LIB_INIT=R_init_model  -DCPPAD_FRAMEWORK    -I"C:/rtools44/x86_64-w64-mingw32.static.posix/include"     -O2 -Wa,-mbig-obj -c POPULATIONS//POPULATION_0009//INDIVIDUAL_N82FZMSY/model.cpp -o POPULATIONS//POPULATION_0009//INDIVIDUAL_N82FZMSY/model.o
g++ -std=gnu++17 -shared -s -static-libgcc -o POPULATIONS//POPULATION_0009//INDIVIDUAL_N82FZMSY/model.dll tmp.def POPULATIONS//POPULATION_0009//INDIVIDUAL_N82FZMSY/model.o -LC:/rtools44/x86_64-w64-mingw32.static.posix/lib/x64 -LC:/rtools44/x86_64-w64-mingw32.static.posix/lib -LC:/Users/spi085/AppData/Local/Programs/R/R-4.4.1/bin/x64 -lR
Starting model phases
Number of phases: 4 
Phase 1 
Initial parameter values for phase 1 :
    r_cots     r_slow     r_fast alpha_slow alpha_fast 
        NA        0.2         NA         NA         NA 
Error in model phases: NA/NaN gradient evaluation[0m
[93mR script stderr:[0m
[0mLoading required package: TMB
Loading required package: jsonlite
here() starts at C:/Users/spi085/OneDrive - CSIRO/Documents/_Projects/SCCP-QuantModelling
using C++ compiler: 'G__~1.EXE (GCC) 13.2.0'
Error in value[[3L]](cond) : 
  Error in model phases: NA/NaN gradient evaluation
Calls: tryCatch -> tryCatchList -> tryCatchOne -> <Anonymous>
In addition: Warning message:
In nlminb(model$par, model$fn, model$gr) : NA/NaN function evaluation
Execution halted[0m
[91mR script failed with return code 1[0m
MODEL RUN FINISHED
Error: Objective value is None
Initial run failed. Attempting to fix...
Fixing broken model iteration: 0

tmp.def
C:\Users\spi085\OneDrive - 
CSIRO\Documents\_Projects\SCCP-QuantModelling\tmp.
def: file not found error
C:\Users\spi085\OneDrive - 
CSIRO\Documents\_Projects\SCCP-QuantModelling\tmp.
def: file not found error
Dropping tmp.def from the chat.
The error suggests there's an issue with parameter
initialization. Let me modify the model to ensure 
all parameters are properly initialized and used. 
I'll make the temperature stress effect more      
numerically stable:                               

POPULATIONS\POPULATION_0009\INDIVIDUAL_N82FZMSY\mo
del.cpp                                           

                                                  
 <<<<<<< SEARCH                                   
     // Temperature stress increases vulnerabilit 
 to COTS                                          
     Type stress_multiplier = Type(1.0) +         
 beta_stress * (Type(1.0) - temp_effect);         
                                                  
     // Slow-growing corals                       
     Type slow_growth = r_slow * slow_pred(t-1) * 
 (1.0 - slow_pred(t-1)/K_slow) * temp_effect;     
     // Use smooth approximation of max(0,x) =    
 0.5*(x + sqrt(x^2 + eps))                        
     Type slow_pred_temp = slow_pred(t-1) +       
 slow_growth -                                    
                          stress_multiplier *     
 alpha_slow * cots_pred(t-1) *                    
 slow_pred(t-1)/(100.0 + eps);                    
 =======                                          
     // Slow-growing corals                       
     Type slow_growth = r_slow * slow_pred(t-1) * 
 (1.0 - slow_pred(t-1)/K_slow) * temp_effect;     
     // Temperature stress effect bounded between 
 and 1+beta_stress                                
     Type stress_effect = Type(1.0) + beta_stress 
 (Type(1.0) - temp_effect)/(Type(1.0) +           
 abs(Type(1.0) - temp_effect));                   
     // Use smooth approximation of max(0,x) =    
 0.5*(x + sqrt(x^2 + eps))                        
     Type slow_pred_temp = slow_pred(t-1) +       
 slow_growth -                                    
                          stress_effect *         
 alpha_slow * cots_pred(t-1) *                    
 slow_pred(t-1)/(100.0 + eps);                    
 >>>>>>> REPLACE                                  
                                                  

POPULATIONS\POPULATION_0009\INDIVIDUAL_N82FZMSY\mo
del.cpp                                           

                                                  
 <<<<<<< SEARCH                                   
     Type fast_pred_temp = fast_pred(t-1) +       
 fast_growth -                                    
                          stress_multiplier *     
 alpha_fast * cots_pred(t-1) *                    
 fast_pred(t-1)/(100.0 + eps);                    
 =======                                          
     Type fast_pred_temp = fast_pred(t-1) +       
 fast_growth -                                    
                          stress_effect *         
 alpha_fast * cots_pred(t-1) *                    
 fast_pred(t-1)/(100.0 + eps);                    
 >>>>>>> REPLACE                                  
                                                  

This change makes the stress effect more          
numerically stable by:                            

 1 Bounding the stress multiplier between 1 and   
   1+beta_stress                                  
 2 Using a smoother transition in the stress      
   effect calculation                             
 3 Removing the separate stress_multiplier        
   variable to reduce potential initialization    
   issues                                         

Tokens: 11k sent, 571 received. Cost: $0.04 
message, $0.08 session.
Committing 
POPULATIONS\POPULATION_0009\INDIVIDUAL_N82FZMSY\mo
del.cpp before applying edits.
Unable to add C:\Users\spi085\OneDrive - 
CSIRO\Documents\_Projects\SCCP-QuantModelling\POPU
LATIONS\POPULATION_0009\INDIVIDUAL_N82FZMSY\model.
cpp: Cmd('git') failed due to: exit code(1)
  cmdline: git add C:\Users\spi085\OneDrive - 
CSIRO\Documents\_Projects\SCCP-QuantModelling\POPU
LATIONS\POPULATION_0009\INDIVIDUAL_N82FZMSY\model.
cpp
  stderr: 'The following paths are ignored by one 
of your .gitignore files:
POPULATIONS
hint: Use -f if you really want to add them.
hint: Turn this message off by running
hint: "git config advice.addIgnoredFile false"'
Unable to commit: Cmd('git') failed due to: exit 
code(1)
  cmdline: git commit -m feat: Add model.cpp for 
new population individual --no-verify -- 
C:\Users\spi085\OneDrive - 
CSIRO\Documents\_Projects\SCCP-QuantModelling\POPU
LATIONS\POPULATION_0009\INDIVIDUAL_N82FZMSY\model.
cpp
  stderr: 'error: pathspec 
'C:\Users\spi085\OneDrive - 
CSIRO\Documents\_Projects\SCCP-QuantModelling\POPU
LATIONS\POPULATION_0009\INDIVIDUAL_N82FZMSY\model.
cpp' did not match any file(s) known to git'
Applied edit to 
POPULATIONS\POPULATION_0009\INDIVIDUAL_N82FZMSY\mo
del.cpp
Validating fixed model for data leakage...
Opening file: POPULATIONS\POPULATION_0009\INDIVIDUAL_N82FZMSY\model.cpp
File read successfully
Extracting vectors...
Found data vectors: {'cotsimm_dat', 'sst_dat', 'fast_dat', 'slow_dat', 'cots_dat'}
Found prediction vectors: {'slow_pred', 'cots_pred', 'fast_pred'}
Found reported vectors: {'sigma_coral', 'slow_pred', 'cots_pred', 'fast_pred', 'sigma_cots'}
Finding initial conditions...
Found 3 initial conditions
Finding time-stepping loop...
Found loop from line 49 to 73
Found response variables: {'fast_dat', 'slow_dat', 'cots_dat'}
[93mRunning model for individual...[0m
[0mIndividual directory: POPULATIONS\POPULATION_0009\INDIVIDUAL_N82FZMSY[0m
[93mRemoved old compilation: model.dll[0m
[93mRemoved old compilation: model.o[0m
[93mR script stdout:[0m
[0mg++ -std=gnu++17  -I"C:/Users/spi085/AppData/Local/Programs/R/R-4.4.1/include" -DNDEBUG -I"C:/Users/spi085/AppData/Local/Programs/R/R-44~1.1/library/TMB/include" -I"C:/Users/spi085/AppData/Local/Programs/R/R-44~1.1/library/RCPPEI~1/include"   -DTMB_EIGEN_DISABLE_WARNINGS   -DTMB_LIB_INIT=R_init_model  -DCPPAD_FRAMEWORK    -I"C:/rtools44/x86_64-w64-mingw32.static.posix/include"     -O2 -Wa,-mbig-obj -c POPULATIONS//POPULATION_0009//INDIVIDUAL_N82FZMSY/model.cpp -o POPULATIONS//POPULATION_0009//INDIVIDUAL_N82FZMSY/model.o[0m
[93mR script stderr:[0m
[0mLoading required package: TMB
Loading required package: jsonlite
here() starts at C:/Users/spi085/OneDrive - CSIRO/Documents/_Projects/SCCP-QuantModelling
using C++ compiler: 'G__~1.EXE (GCC) 13.2.0'
POPULATIONS//POPULATION_0009//INDIVIDUAL_N82FZMSY/model.cpp: In instantiation of 'Type objective_function<Type>::operator()() [with Type = double]':
C:/Users/spi085/AppData/Local/Programs/R/R-4.4.1/library/TMB/include/tmb_core.hpp:2031:7:   required from here
POPULATIONS//POPULATION_0009//INDIVIDUAL_N82FZMSY/model.cpp:62:94: error: call of overloaded 'abs(double)' is ambiguous
   62 |     Type stress_effect = Type(1.0) + beta_stress * (Type(1.0) - temp_effect)/(Type(1.0) + abs(Type(1.0) - temp_effect));
      |                                                                                           ~~~^~~~~~~~~~~~~~~~~~~~~~~~~
In file included from C:/rtools44/x86_64-w64-mingw32.static.posix/lib/gcc/x86_64-w64-mingw32.static.posix/13.2.0/include/c++/cstdlib:79,
                 from C:/rtools44/x86_64-w64-mingw32.static.posix/lib/gcc/x86_64-w64-mingw32.static.posix/13.2.0/include/c++/ext/string_conversions.h:43,
                 from C:/rtools44/x86_64-w64-mingw32.static.posix/lib/gcc/x86_64-w64-mingw32.static.posix/13.2.0/include/c++/bits/basic_string.h:4097,
                 from C:/rtools44/x86_64-w64-mingw32.static.posix/lib/gcc/x86_64-w64-mingw32.static.posix/13.2.0/include/c++/string:54,
                 from C:/rtools44/x86_64-w64-mingw32.static.posix/lib/gcc/x86_64-w64-mingw32.static.posix/13.2.0/include/c++/bits/locale_classes.h:40,
                 from C:/rtools44/x86_64-w64-mingw32.static.posix/lib/gcc/x86_64-w64-mingw32.static.posix/13.2.0/include/c++/bits/ios_base.h:41,
                 from C:/rtools44/x86_64-w64-mingw32.static.posix/lib/gcc/x86_64-w64-mingw32.static.posix/13.2.0/include/c++/ios:44,
                 from C:/rtools44/x86_64-w64-mingw32.static.posix/lib/gcc/x86_64-w64-mingw32.static.posix/13.2.0/include/c++/ostream:40,
                 from C:/rtools44/x86_64-w64-mingw32.static.posix/lib/gcc/x86_64-w64-mingw32.static.posix/13.2.0/include/c++/iostream:41,
                 from C:/Users/spi085/AppData/Local/Programs/R/R-4.4.1/library/TMB/include/Rstream.hpp:10,
                 from C:/Users/spi085/AppData/Local/Programs/R/R-4.4.1/library/TMB/include/TMB.hpp:46,
                 from POPULATIONS//POPULATION_0009//INDIVIDUAL_N82FZMSY/model.cpp:1:
C:/rtools44/x86_64-w64-mingw32.static.posix/include/stdlib.h:414:15: note: candidate: 'int abs(int)'
  414 |   int __cdecl abs(int _X);
      |               ^~~
In file included from C:/rtools44/x86_64-w64-mingw32.static.posix/lib/gcc/x86_64-w64-mingw32.static.posix/13.2.0/include/c++/cstdlib:81:
C:/rtools44/x86_64-w64-mingw32.static.posix/lib/gcc/x86_64-w64-mingw32.static.posix/13.2.0/include/c++/bits/std_abs.h:137:3: note: candidate: 'constexpr __float128 std::abs(__float128)'
  137 |   abs(__float128 __x)
      |   ^~~
C:/rtools44/x86_64-w64-mingw32.static.posix/lib/gcc/x86_64-w64-mingw32.static.posix/13.2.0/include/c++/bits/std_abs.h:85:3: note: candidate: 'constexpr __int128 std::abs(__int128)'
   85 |   abs(__GLIBCXX_TYPE_INT_N_0 __x) { return __x >= 0 ? __x : -__x; }
      |   ^~~
C:/rtools44/x86_64-w64-mingw32.static.posix/lib/gcc/x86_64-w64-mingw32.static.posix/13.2.0/include/c++/bits/std_abs.h:79:3: note: candidate: 'constexpr long double std::abs(long double)'
   79 |   abs(long double __x)
      |   ^~~
C:/rtools44/x86_64-w64-mingw32.static.posix/lib/gcc/x86_64-w64-mingw32.static.posix/13.2.0/include/c++/bits/std_abs.h:75:3: note: candidate: 'constexpr float std::abs(float)'
   75 |   abs(float __x)
      |   ^~~
C:/rtools44/x86_64-w64-mingw32.static.posix/lib/gcc/x86_64-w64-mingw32.static.posix/13.2.0/include/c++/bits/std_abs.h:71:3: note: candidate: 'constexpr double std::abs(double)'
   71 |   abs(double __x)
      |   ^~~
C:/rtools44/x86_64-w64-mingw32.static.posix/lib/gcc/x86_64-w64-mingw32.static.posix/13.2.0/include/c++/bits/std_abs.h:61:3: note: candidate: 'long long int std::abs(long long int)'
   61 |   abs(long long __x) { return __builtin_llabs (__x); }
      |   ^~~
C:/rtools44/x86_64-w64-mingw32.static.posix/lib/gcc/x86_64-w64-mingw32.static.posix/13.2.0/include/c++/bits/std_abs.h:56:3: note: candidate: 'long int std::abs(long int)'
   56 |   abs(long __i) { return __builtin_labs(__i); }
      |   ^~~
In file included from C:/Users/spi085/AppData/Local/Programs/R/R-4.4.1/library/TMB/include/cppad/base_require.hpp:161,
                 from C:/Users/spi085/AppData/Local/Programs/R/R-4.4.1/library/TMB/include/cppad/cppad.hpp:22,
                 from C:/Users/spi085/AppData/Local/Programs/R/R-4.4.1/library/TMB/include/TMB.hpp:121:
C:/Users/spi085/AppData/Local/Programs/R/R-4.4.1/library/TMB/include/cppad/local/base_complex.hpp:373:30: note: candidate: 'std::complex<float> CppAD::abs(const std::complex<float>&)'
  373 |         CPPAD_USER_MACRO_TWO(abs)
      |                              ^~~
C:/Users/spi085/AppData/Local/Programs/R/R-4.4.1/library/TMB/include/cppad/local/base_complex.hpp:307:28: note: in definition of macro 'CPPAD_USER_MACRO_TWO'
  307 | inline std::complex<float> Fun(const std::complex<float>& x)       \
      |                            ^~~
C:/Users/spi085/AppData/Local/Programs/R/R-4.4.1/library/TMB/include/cppad/local/base_complex.hpp:241:26: note: candidate: 'std::complex<double> CppAD::abs(const std::complex<double>&)'
  241 |         CPPAD_USER_MACRO(abs)
      |                          ^~~
C:/Users/spi085/AppData/Local/Programs/R/R-4.4.1/library/TMB/include/cppad/local/base_complex.hpp:232:29: note: in definition of macro 'CPPAD_USER_MACRO'
  232 | inline std::complex<double> Fun(const std::complex<double>& x)     \
      |                             ^~~
In file included from C:/Users/spi085/AppData/Local/Programs/R/R-4.4.1/library/TMB/include/cppad/base_require.hpp:160:
C:/Users/spi085/AppData/Local/Programs/R/R-4.4.1/library/TMB/include/cppad/local/base_double.hpp:157:23: note: candidate: 'double CppAD::abs(const double&)'
  157 |         inline double abs(const double& x)
      |                       ^~~
In file included from C:/Users/spi085/AppData/Local/Programs/R/R-4.4.1/library/TMB/include/cppad/base_require.hpp:159:
C:/Users/spi085/AppData/Local/Programs/R/R-4.4.1/library/TMB/include/cppad/local/base_float.hpp:158:22: note: candidate: 'float CppAD::abs(const float&)'
  158 |         inline float abs(const float& x)
      |                      ^~~
make: *** [C:/Users/spi085/AppData/Local/Programs/R/R-4.4.1/etc/x64/Makeconf:296: POPULATIONS//POPULATION_0009//INDIVIDUAL_N82FZMSY/model.o] Error 1
Error in TMB::compile(file.path(individual_dir, model_file), flags = flags,  : 
  Compilation failed
Error: Compilation failed
Execution halted[0m
[91mModel failed to compile.[0m
Fixing broken model iteration: 1
The error is due to ambiguous abs() function. Let 
me fix that by using fabs() instead:              

POPULATIONS\POPULATION_0009\INDIVIDUAL_N82FZMSY\mo
del.cpp                                           

                                                  
 <<<<<<< SEARCH                                   
     Type stress_effect = Type(1.0) + beta_stress 
 (Type(1.0) - temp_effect)/(Type(1.0) +           
 abs(Type(1.0) - temp_effect));                   
 =======                                          
     Type stress_effect = Type(1.0) + beta_stress 
 (Type(1.0) - temp_effect)/(Type(1.0) +           
 fabs(Type(1.0) - temp_effect));                  
 >>>>>>> REPLACE                                  
                                                  

This change replaces the ambiguous abs() with the 
floating-point specific fabs() function, which    
should resolve the compilation error while        
maintaining the same mathematical behavior.       

Tokens: 14k sent, 174 received. Cost: $0.04 
message, $0.13 session.
Committing 
POPULATIONS\POPULATION_0009\INDIVIDUAL_N82FZMSY\mo
del.cpp before applying edits.
Unable to add C:\Users\spi085\OneDrive - 
CSIRO\Documents\_Projects\SCCP-QuantModelling\POPU
LATIONS\POPULATION_0009\INDIVIDUAL_N82FZMSY\model.
cpp: Cmd('git') failed due to: exit code(1)
  cmdline: git add C:\Users\spi085\OneDrive - 
CSIRO\Documents\_Projects\SCCP-QuantModelling\POPU
LATIONS\POPULATION_0009\INDIVIDUAL_N82FZMSY\model.
cpp
  stderr: 'The following paths are ignored by one 
of your .gitignore files:
POPULATIONS
hint: Use -f if you really want to add them.
hint: Turn this message off by running
hint: "git config advice.addIgnoredFile false"'
Unable to commit: Cmd('git') failed due to: exit 
code(1)
  cmdline: git commit -m feat: Add model.cpp for 
new population individual --no-verify -- 
C:\Users\spi085\OneDrive - 
CSIRO\Documents\_Projects\SCCP-QuantModelling\POPU
LATIONS\POPULATION_0009\INDIVIDUAL_N82FZMSY\model.
cpp
  stderr: 'error: pathspec 
'C:\Users\spi085\OneDrive - 
CSIRO\Documents\_Projects\SCCP-QuantModelling\POPU
LATIONS\POPULATION_0009\INDIVIDUAL_N82FZMSY\model.
cpp' did not match any file(s) known to git'
Applied edit to 
POPULATIONS\POPULATION_0009\INDIVIDUAL_N82FZMSY\mo
del.cpp
Validating fixed model for data leakage...
Opening file: POPULATIONS\POPULATION_0009\INDIVIDUAL_N82FZMSY\model.cpp
File read successfully
Extracting vectors...
Found data vectors: {'cotsimm_dat', 'sst_dat', 'fast_dat', 'slow_dat', 'cots_dat'}
Found prediction vectors: {'slow_pred', 'cots_pred', 'fast_pred'}
Found reported vectors: {'sigma_coral', 'slow_pred', 'cots_pred', 'fast_pred', 'sigma_cots'}
Finding initial conditions...
Found 3 initial conditions
Finding time-stepping loop...
Found loop from line 49 to 73
Found response variables: {'fast_dat', 'slow_dat', 'cots_dat'}
[93mRunning model for individual...[0m
[0mIndividual directory: POPULATIONS\POPULATION_0009\INDIVIDUAL_N82FZMSY[0m
[93mR script stdout:[0m
[0mg++ -std=gnu++17  -I"C:/Users/spi085/AppData/Local/Programs/R/R-4.4.1/include" -DNDEBUG -I"C:/Users/spi085/AppData/Local/Programs/R/R-44~1.1/library/TMB/include" -I"C:/Users/spi085/AppData/Local/Programs/R/R-44~1.1/library/RCPPEI~1/include"   -DTMB_EIGEN_DISABLE_WARNINGS   -DTMB_LIB_INIT=R_init_model  -DCPPAD_FRAMEWORK    -I"C:/rtools44/x86_64-w64-mingw32.static.posix/include"     -O2 -Wa,-mbig-obj -c POPULATIONS//POPULATION_0009//INDIVIDUAL_N82FZMSY/model.cpp -o POPULATIONS//POPULATION_0009//INDIVIDUAL_N82FZMSY/model.o
g++ -std=gnu++17 -shared -s -static-libgcc -o POPULATIONS//POPULATION_0009//INDIVIDUAL_N82FZMSY/model.dll tmp.def POPULATIONS//POPULATION_0009//INDIVIDUAL_N82FZMSY/model.o -LC:/rtools44/x86_64-w64-mingw32.static.posix/lib/x64 -LC:/rtools44/x86_64-w64-mingw32.static.posix/lib -LC:/Users/spi085/AppData/Local/Programs/R/R-4.4.1/bin/x64 -lR
Starting model phases
Number of phases: 4 
Phase 1 
Initial parameter values for phase 1 :
    r_cots     r_slow     r_fast alpha_slow alpha_fast 
        NA        0.2         NA         NA         NA 
Error in model phases: NA/NaN gradient evaluation[0m
[93mR script stderr:[0m
[0mLoading required package: TMB
Loading required package: jsonlite
here() starts at C:/Users/spi085/OneDrive - CSIRO/Documents/_Projects/SCCP-QuantModelling
using C++ compiler: 'G__~1.EXE (GCC) 13.2.0'
Error in value[[3L]](cond) : 
  Error in model phases: NA/NaN gradient evaluation
Calls: tryCatch -> tryCatchList -> tryCatchOne -> <Anonymous>
In addition: Warning message:
In nlminb(model$par, model$fn, model$gr) : NA/NaN function evaluation
Execution halted[0m
[91mR script failed with return code 1[0m
Fixing broken model iteration: 2

tmp.def
C:\Users\spi085\OneDrive - 
CSIRO\Documents\_Projects\SCCP-QuantModelling\tmp.
def: file not found error
C:\Users\spi085\OneDrive - 
CSIRO\Documents\_Projects\SCCP-QuantModelling\tmp.
def: file not found error
Dropping tmp.def from the chat.
Let me simplify the temperature stress effect to  
avoid potential numerical issues. I'll modify the 
stress calculation to use a simpler form:         

POPULATIONS\POPULATION_0009\INDIVIDUAL_N82FZMSY\mo
del.cpp                                           

                                                  
 <<<<<<< SEARCH                                   
     // Temperature stress effect bounded between 
 and 1+beta_stress                                
     Type stress_effect = Type(1.0) + beta_stress 
 (Type(1.0) - temp_effect)/(Type(1.0) +           
 fabs(Type(1.0) - temp_effect));                  
 =======                                          
     // Temperature stress effect scales linearly 
 with temperature deviation                       
     Type stress_effect = Type(1.0) + beta_stress 
 (Type(1.0) - temp_effect);                       
 >>>>>>> REPLACE                                  
                                                  

This change simplifies the stress effect          
calculation to be a linear function of temperature
deviation from optimal, which should be more      
numerically stable while still capturing the core 
ecological relationship between temperature stress
and COTS predation vulnerability.                 

Tokens: 15k sent, 204 received. Cost: $0.05 
message, $0.18 session.
Committing 
POPULATIONS\POPULATION_0009\INDIVIDUAL_N82FZMSY\mo
del.cpp before applying edits.
Unable to add C:\Users\spi085\OneDrive - 
CSIRO\Documents\_Projects\SCCP-QuantModelling\POPU
LATIONS\POPULATION_0009\INDIVIDUAL_N82FZMSY\model.
cpp: Cmd('git') failed due to: exit code(1)
  cmdline: git add C:\Users\spi085\OneDrive - 
CSIRO\Documents\_Projects\SCCP-QuantModelling\POPU
LATIONS\POPULATION_0009\INDIVIDUAL_N82FZMSY\model.
cpp
  stderr: 'The following paths are ignored by one 
of your .gitignore files:
POPULATIONS
hint: Use -f if you really want to add them.
hint: Turn this message off by running
hint: "git config advice.addIgnoredFile false"'
Unable to commit: Cmd('git') failed due to: exit 
code(1)
  cmdline: git commit -m feat: Add model.cpp for 
new population individual --no-verify -- 
C:\Users\spi085\OneDrive - 
CSIRO\Documents\_Projects\SCCP-QuantModelling\POPU
LATIONS\POPULATION_0009\INDIVIDUAL_N82FZMSY\model.
cpp
  stderr: 'error: pathspec 
'C:\Users\spi085\OneDrive - 
CSIRO\Documents\_Projects\SCCP-QuantModelling\POPU
LATIONS\POPULATION_0009\INDIVIDUAL_N82FZMSY\model.
cpp' did not match any file(s) known to git'
Applied edit to 
POPULATIONS\POPULATION_0009\INDIVIDUAL_N82FZMSY\mo
del.cpp
Validating fixed model for data leakage...
Opening file: POPULATIONS\POPULATION_0009\INDIVIDUAL_N82FZMSY\model.cpp
File read successfully
Extracting vectors...
Found data vectors: {'cotsimm_dat', 'sst_dat', 'fast_dat', 'slow_dat', 'cots_dat'}
Found prediction vectors: {'slow_pred', 'cots_pred', 'fast_pred'}
Found reported vectors: {'sigma_coral', 'slow_pred', 'cots_pred', 'fast_pred', 'sigma_cots'}
Finding initial conditions...
Found 3 initial conditions
Finding time-stepping loop...
Found loop from line 49 to 73
Found response variables: {'fast_dat', 'slow_dat', 'cots_dat'}
[93mRunning model for individual...[0m
[0mIndividual directory: POPULATIONS\POPULATION_0009\INDIVIDUAL_N82FZMSY[0m
[93mRemoved old compilation: model.dll[0m
[93mRemoved old compilation: model.o[0m
[93mR script stdout:[0m
[0mg++ -std=gnu++17  -I"C:/Users/spi085/AppData/Local/Programs/R/R-4.4.1/include" -DNDEBUG -I"C:/Users/spi085/AppData/Local/Programs/R/R-44~1.1/library/TMB/include" -I"C:/Users/spi085/AppData/Local/Programs/R/R-44~1.1/library/RCPPEI~1/include"   -DTMB_EIGEN_DISABLE_WARNINGS   -DTMB_LIB_INIT=R_init_model  -DCPPAD_FRAMEWORK    -I"C:/rtools44/x86_64-w64-mingw32.static.posix/include"     -O2 -Wa,-mbig-obj -c POPULATIONS//POPULATION_0009//INDIVIDUAL_N82FZMSY/model.cpp -o POPULATIONS//POPULATION_0009//INDIVIDUAL_N82FZMSY/model.o
g++ -std=gnu++17 -shared -s -static-libgcc -o POPULATIONS//POPULATION_0009//INDIVIDUAL_N82FZMSY/model.dll tmp.def POPULATIONS//POPULATION_0009//INDIVIDUAL_N82FZMSY/model.o -LC:/rtools44/x86_64-w64-mingw32.static.posix/lib/x64 -LC:/rtools44/x86_64-w64-mingw32.static.posix/lib -LC:/Users/spi085/AppData/Local/Programs/R/R-4.4.1/bin/x64 -lR
Starting model phases
Number of phases: 4 
Phase 1 
Initial parameter values for phase 1 :
    r_cots     r_slow     r_fast alpha_slow alpha_fast 
        NA        0.2         NA         NA         NA 
Error in model phases: NA/NaN gradient evaluation[0m
[93mR script stderr:[0m
[0mLoading required package: TMB
Loading required package: jsonlite
here() starts at C:/Users/spi085/OneDrive - CSIRO/Documents/_Projects/SCCP-QuantModelling
using C++ compiler: 'G__~1.EXE (GCC) 13.2.0'
Error in value[[3L]](cond) : 
  Error in model phases: NA/NaN gradient evaluation
Calls: tryCatch -> tryCatchList -> tryCatchOne -> <Anonymous>
In addition: Warning message:
In nlminb(model$par, model$fn, model$gr) : NA/NaN function evaluation
Execution halted[0m
[91mR script failed with return code 1[0m
Fixing broken model iteration: 3

tmp.def
C:\Users\spi085\OneDrive - 
CSIRO\Documents\_Projects\SCCP-QuantModelling\tmp.
def: file not found error
C:\Users\spi085\OneDrive - 
CSIRO\Documents\_Projects\SCCP-QuantModelling\tmp.
def: file not found error
Dropping tmp.def from the chat.
Let me try a simpler approach by making the stress
effect more bounded. I'll modify how the          
temperature stress impacts COTS predation:        

POPULATIONS\POPULATION_0009\INDIVIDUAL_N82FZMSY\mo
del.cpp                                           

                                                  
 <<<<<<< SEARCH                                   
     // Temperature stress effect scales linearly 
 with temperature deviation                       
     Type stress_effect = Type(1.0) + beta_stress 
 (Type(1.0) - temp_effect);                       
 =======                                          
     // Temperature stress effect bounded between 
 and 2                                            
     Type stress_effect = Type(1.0) + beta_stress 
 (Type(1.0) - temp_effect) * temp_effect;         
 >>>>>>> REPLACE                                  
                                                  

POPULATIONS\POPULATION_0009\INDIVIDUAL_N82FZMSY\pa
rameters.json                                     

                                                  
 <<<<<<< SEARCH                                   
             "value": 2.0,                        
 =======                                          
             "value": 1.0,                        
 >>>>>>> REPLACE                                  
                                                  

This change:                                      

 1 Makes the stress effect quadratic in           
   temperature, ensuring it remains bounded       
 2 Reduces the initial beta_stress value to be    
   more conservative                              
 3 Maintains the ecological relationship while    
   improving numerical stability                  

The stress effect will now be maximum at          
intermediate temperature deviations and decrease  
at extreme temperatures, which is more            
biologically realistic.                           

Tokens: 15k sent, 268 received. Cost: $0.05 
message, $0.23 session.
Committing 
POPULATIONS\POPULATION_0009\INDIVIDUAL_N82FZMSY\mo
del.cpp before applying edits.
Committing 
POPULATIONS\POPULATION_0009\INDIVIDUAL_N82FZMSY\pa
rameters.json before applying edits.
Unable to add C:\Users\spi085\OneDrive - 
CSIRO\Documents\_Projects\SCCP-QuantModelling\POPU
LATIONS\POPULATION_0009\INDIVIDUAL_N82FZMSY\parame
ters.json: Cmd('git') failed due to: exit code(1)
  cmdline: git add C:\Users\spi085\OneDrive - 
CSIRO\Documents\_Projects\SCCP-QuantModelling\POPU
LATIONS\POPULATION_0009\INDIVIDUAL_N82FZMSY\parame
ters.json
  stderr: 'The following paths are ignored by one 
of your .gitignore files:
POPULATIONS
hint: Use -f if you really want to add them.
hint: Turn this message off by running
hint: "git config advice.addIgnoredFile false"'
Unable to add C:\Users\spi085\OneDrive - 
CSIRO\Documents\_Projects\SCCP-QuantModelling\POPU
LATIONS\POPULATION_0009\INDIVIDUAL_N82FZMSY\model.
cpp: Cmd('git') failed due to: exit code(1)
  cmdline: git add C:\Users\spi085\OneDrive - 
CSIRO\Documents\_Projects\SCCP-QuantModelling\POPU
LATIONS\POPULATION_0009\INDIVIDUAL_N82FZMSY\model.
cpp
  stderr: 'The following paths are ignored by one 
of your .gitignore files:
POPULATIONS
hint: Use -f if you really want to add them.
hint: Turn this message off by running
hint: "git config advice.addIgnoredFile false"'
Unable to commit: Cmd('git') failed due to: exit 
code(1)
  cmdline: git commit -m feat: Add new individual 
configuration and model files for population 9 
--no-verify -- C:\Users\spi085\OneDrive - 
CSIRO\Documents\_Projects\SCCP-QuantModelling\POPU
LATIONS\POPULATION_0009\INDIVIDUAL_N82FZMSY\parame
ters.json C:\Users\spi085\OneDrive - 
CSIRO\Documents\_Projects\SCCP-QuantModelling\POPU
LATIONS\POPULATION_0009\INDIVIDUAL_N82FZMSY\model.
cpp
  stderr: 'error: pathspec 
'C:\Users\spi085\OneDrive - 
CSIRO\Documents\_Projects\SCCP-QuantModelling\POPU
LATIONS\POPULATION_0009\INDIVIDUAL_N82FZMSY\parame
ters.json' did not match any file(s) known to git
error: pathspec 'C:\Users\spi085\OneDrive - 
CSIRO\Documents\_Projects\SCCP-QuantModelling\POPU
LATIONS\POPULATION_0009\INDIVIDUAL_N82FZMSY\model.
cpp' did not match any file(s) known to git'
Applied edit to 
POPULATIONS\POPULATION_0009\INDIVIDUAL_N82FZMSY\pa
rameters.json
Applied edit to 
POPULATIONS\POPULATION_0009\INDIVIDUAL_N82FZMSY\mo
del.cpp
Validating fixed model for data leakage...
Opening file: POPULATIONS\POPULATION_0009\INDIVIDUAL_N82FZMSY\model.cpp
File read successfully
Extracting vectors...
Found data vectors: {'cotsimm_dat', 'sst_dat', 'fast_dat', 'slow_dat', 'cots_dat'}
Found prediction vectors: {'slow_pred', 'cots_pred', 'fast_pred'}
Found reported vectors: {'sigma_coral', 'slow_pred', 'cots_pred', 'fast_pred', 'sigma_cots'}
Finding initial conditions...
Found 3 initial conditions
Finding time-stepping loop...
Found loop from line 49 to 73
Found response variables: {'fast_dat', 'slow_dat', 'cots_dat'}
[93mRunning model for individual...[0m
[0mIndividual directory: POPULATIONS\POPULATION_0009\INDIVIDUAL_N82FZMSY[0m
[93mRemoved old compilation: model.dll[0m
[93mRemoved old compilation: model.o[0m
[93mR script stdout:[0m
[0mg++ -std=gnu++17  -I"C:/Users/spi085/AppData/Local/Programs/R/R-4.4.1/include" -DNDEBUG -I"C:/Users/spi085/AppData/Local/Programs/R/R-44~1.1/library/TMB/include" -I"C:/Users/spi085/AppData/Local/Programs/R/R-44~1.1/library/RCPPEI~1/include"   -DTMB_EIGEN_DISABLE_WARNINGS   -DTMB_LIB_INIT=R_init_model  -DCPPAD_FRAMEWORK    -I"C:/rtools44/x86_64-w64-mingw32.static.posix/include"     -O2 -Wa,-mbig-obj -c POPULATIONS//POPULATION_0009//INDIVIDUAL_N82FZMSY/model.cpp -o POPULATIONS//POPULATION_0009//INDIVIDUAL_N82FZMSY/model.o
g++ -std=gnu++17 -shared -s -static-libgcc -o POPULATIONS//POPULATION_0009//INDIVIDUAL_N82FZMSY/model.dll tmp.def POPULATIONS//POPULATION_0009//INDIVIDUAL_N82FZMSY/model.o -LC:/rtools44/x86_64-w64-mingw32.static.posix/lib/x64 -LC:/rtools44/x86_64-w64-mingw32.static.posix/lib -LC:/Users/spi085/AppData/Local/Programs/R/R-4.4.1/bin/x64 -lR
Starting model phases
Number of phases: 4 
Phase 1 
Initial parameter values for phase 1 :
    r_cots     r_slow     r_fast alpha_slow alpha_fast 
        NA        0.2         NA         NA         NA 
Error in model phases: NA/NaN gradient evaluation[0m
[93mR script stderr:[0m
[0mLoading required package: TMB
Loading required package: jsonlite
here() starts at C:/Users/spi085/OneDrive - CSIRO/Documents/_Projects/SCCP-QuantModelling
using C++ compiler: 'G__~1.EXE (GCC) 13.2.0'
Error in value[[3L]](cond) : 
  Error in model phases: NA/NaN gradient evaluation
Calls: tryCatch -> tryCatchList -> tryCatchOne -> <Anonymous>
In addition: Warning message:
In nlminb(model$par, model$fn, model$gr) : NA/NaN function evaluation
Execution halted[0m
[91mR script failed with return code 1[0m
Fixing broken model iteration: 4

tmp.def
C:\Users\spi085\OneDrive - 
CSIRO\Documents\_Projects\SCCP-QuantModelling\tmp.
def: file not found error
C:\Users\spi085\OneDrive - 
CSIRO\Documents\_Projects\SCCP-QuantModelling\tmp.
def: file not found error
Dropping tmp.def from the chat.
Let me try a different approach by making the     
stress effect more conservative and ensuring it's 
properly bounded. I'll modify both the model and  
parameters:                                       

POPULATIONS\POPULATION_0009\INDIVIDUAL_N82FZMSY\mo
del.cpp                                           

                                                  
 <<<<<<< SEARCH                                   
     // Temperature stress effect bounded between 
 and 2                                            
     Type stress_effect = Type(1.0) + beta_stress 
 (Type(1.0) - temp_effect) * temp_effect;         
 =======                                          
     // Temperature stress effect bounded between 
 and 1.5                                          
     Type stress_effect = Type(1.0) + Type(0.5) * 
 beta_stress * (Type(1.0) - temp_effect);         
 >>>>>>> REPLACE                                  
                                                  

POPULATIONS\POPULATION_0009\INDIVIDUAL_N82FZMSY\pa
rameters.json                                     

                                                  
 <<<<<<< SEARCH                                   
             "value": 2.0,                        
 =======                                          
             "value": 0.5,                        
 >>>>>>> REPLACE                                  
                                                  

This change:                                      

 1 Makes the stress effect linear but with a      
   smaller maximum impact                         
 2 Reduces the beta_stress parameter value        
   significantly                                  
 3 Explicitly bounds the maximum effect to be more
   conservative                                   
 4 Maintains the ecological relationship while    
   improving numerical stability                  

Tokens: 16k sent, 264 received. Cost: $0.05 
message, $0.28 session.
Committing 
POPULATIONS\POPULATION_0009\INDIVIDUAL_N82FZMSY\mo
del.cpp before applying edits.
Committing 
POPULATIONS\POPULATION_0009\INDIVIDUAL_N82FZMSY\pa
rameters.json before applying edits.
Unable to add C:\Users\spi085\OneDrive - 
CSIRO\Documents\_Projects\SCCP-QuantModelling\POPU
LATIONS\POPULATION_0009\INDIVIDUAL_N82FZMSY\parame
ters.json: Cmd('git') failed due to: exit code(1)
  cmdline: git add C:\Users\spi085\OneDrive - 
CSIRO\Documents\_Projects\SCCP-QuantModelling\POPU
LATIONS\POPULATION_0009\INDIVIDUAL_N82FZMSY\parame
ters.json
  stderr: 'The following paths are ignored by one 
of your .gitignore files:
POPULATIONS
hint: Use -f if you really want to add them.
hint: Turn this message off by running
hint: "git config advice.addIgnoredFile false"'
Unable to add C:\Users\spi085\OneDrive - 
CSIRO\Documents\_Projects\SCCP-QuantModelling\POPU
LATIONS\POPULATION_0009\INDIVIDUAL_N82FZMSY\model.
cpp: Cmd('git') failed due to: exit code(1)
  cmdline: git add C:\Users\spi085\OneDrive - 
CSIRO\Documents\_Projects\SCCP-QuantModelling\POPU
LATIONS\POPULATION_0009\INDIVIDUAL_N82FZMSY\model.
cpp
  stderr: 'The following paths are ignored by one 
of your .gitignore files:
POPULATIONS
hint: Use -f if you really want to add them.
hint: Turn this message off by running
hint: "git config advice.addIgnoredFile false"'
Unable to commit: Cmd('git') failed due to: exit 
code(1)
  cmdline: git commit -m feat: Add new individual 
configuration and model files for population 9 
--no-verify -- C:\Users\spi085\OneDrive - 
CSIRO\Documents\_Projects\SCCP-QuantModelling\POPU
LATIONS\POPULATION_0009\INDIVIDUAL_N82FZMSY\parame
ters.json C:\Users\spi085\OneDrive - 
CSIRO\Documents\_Projects\SCCP-QuantModelling\POPU
LATIONS\POPULATION_0009\INDIVIDUAL_N82FZMSY\model.
cpp
  stderr: 'error: pathspec 
'C:\Users\spi085\OneDrive - 
CSIRO\Documents\_Projects\SCCP-QuantModelling\POPU
LATIONS\POPULATION_0009\INDIVIDUAL_N82FZMSY\parame
ters.json' did not match any file(s) known to git
error: pathspec 'C:\Users\spi085\OneDrive - 
CSIRO\Documents\_Projects\SCCP-QuantModelling\POPU
LATIONS\POPULATION_0009\INDIVIDUAL_N82FZMSY\model.
cpp' did not match any file(s) known to git'
Applied edit to 
POPULATIONS\POPULATION_0009\INDIVIDUAL_N82FZMSY\pa
rameters.json
Applied edit to 
POPULATIONS\POPULATION_0009\INDIVIDUAL_N82FZMSY\mo
del.cpp
Validating fixed model for data leakage...
Opening file: POPULATIONS\POPULATION_0009\INDIVIDUAL_N82FZMSY\model.cpp
File read successfully
Extracting vectors...
Found data vectors: {'cotsimm_dat', 'sst_dat', 'fast_dat', 'slow_dat', 'cots_dat'}
Found prediction vectors: {'slow_pred', 'cots_pred', 'fast_pred'}
Found reported vectors: {'sigma_coral', 'slow_pred', 'cots_pred', 'fast_pred', 'sigma_cots'}
Finding initial conditions...
Found 3 initial conditions
Finding time-stepping loop...
Found loop from line 49 to 73
Found response variables: {'fast_dat', 'slow_dat', 'cots_dat'}
[93mRunning model for individual...[0m
[0mIndividual directory: POPULATIONS\POPULATION_0009\INDIVIDUAL_N82FZMSY[0m
[93mRemoved old compilation: model.dll[0m
[93mRemoved old compilation: model.o[0m
[93mR script stdout:[0m
[0mg++ -std=gnu++17  -I"C:/Users/spi085/AppData/Local/Programs/R/R-4.4.1/include" -DNDEBUG -I"C:/Users/spi085/AppData/Local/Programs/R/R-44~1.1/library/TMB/include" -I"C:/Users/spi085/AppData/Local/Programs/R/R-44~1.1/library/RCPPEI~1/include"   -DTMB_EIGEN_DISABLE_WARNINGS   -DTMB_LIB_INIT=R_init_model  -DCPPAD_FRAMEWORK    -I"C:/rtools44/x86_64-w64-mingw32.static.posix/include"     -O2 -Wa,-mbig-obj -c POPULATIONS//POPULATION_0009//INDIVIDUAL_N82FZMSY/model.cpp -o POPULATIONS//POPULATION_0009//INDIVIDUAL_N82FZMSY/model.o
g++ -std=gnu++17 -shared -s -static-libgcc -o POPULATIONS//POPULATION_0009//INDIVIDUAL_N82FZMSY/model.dll tmp.def POPULATIONS//POPULATION_0009//INDIVIDUAL_N82FZMSY/model.o -LC:/rtools44/x86_64-w64-mingw32.static.posix/lib/x64 -LC:/rtools44/x86_64-w64-mingw32.static.posix/lib -LC:/Users/spi085/AppData/Local/Programs/R/R-4.4.1/bin/x64 -lR
Starting model phases
Number of phases: 4 
Phase 1 
Initial parameter values for phase 1 :
    r_cots     r_slow     r_fast alpha_slow alpha_fast 
        NA        0.2         NA         NA         NA 
Error in model phases: NA/NaN gradient evaluation[0m
[93mR script stderr:[0m
[0mLoading required package: TMB
Loading required package: jsonlite
here() starts at C:/Users/spi085/OneDrive - CSIRO/Documents/_Projects/SCCP-QuantModelling
using C++ compiler: 'G__~1.EXE (GCC) 13.2.0'
Error in value[[3L]](cond) : 
  Error in model phases: NA/NaN gradient evaluation
Calls: tryCatch -> tryCatchList -> tryCatchOne -> <Anonymous>
In addition: Warning message:
In nlminb(model$par, model$fn, model$gr) : NA/NaN function evaluation
Execution halted[0m
[91mR script failed with return code 1[0m
Maximum sub-iterations reached for POPULATIONS\POPULATION_0009\INDIVIDUAL_N82FZMSY. The model could not be successfully run after 5 attempts.
