{
  "iterations": {
    "1": {
      "status": "ERROR",
      "message": "R script failed with return code 1",
      "stdout": "g++ -std=gnu++17  -I\"C:/Users/spi085/AppData/Local/Programs/R/R-4.4.1/include\" -DNDEBUG -I\"C:/Users/spi085/AppData/Local/Programs/R/R-44~1.1/library/TMB/include\" -I\"C:/Users/spi085/AppData/Local/Programs/R/R-44~1.1/library/RCPPEI~1/include\"   -DTMB_EIGEN_DISABLE_WARNINGS   -DTMB_LIB_INIT=R_init_model  -DCPPAD_FRAMEWORK    -I\"C:/rtools44/x86_64-w64-mingw32.static.posix/include\"     -O2 -Wa,-mbig-obj -c POPULATIONS//POPULATION_0008//INDIVIDUAL_HG5JQFTO/model.cpp -o POPULATIONS//POPULATION_0008//INDIVIDUAL_HG5JQFTO/model.o\ng++ -std=gnu++17 -shared -s -static-libgcc -o POPULATIONS//POPULATION_0008//INDIVIDUAL_HG5JQFTO/model.dll tmp.def POPULATIONS//POPULATION_0008//INDIVIDUAL_HG5JQFTO/model.o -LC:/rtools44/x86_64-w64-mingw32.static.posix/lib/x64 -LC:/rtools44/x86_64-w64-mingw32.static.posix/lib -LC:/Users/spi085/AppData/Local/Programs/R/R-4.4.1/bin/x64 -lR",
      "stderr": "Loading required package: TMB\nLoading required package: jsonlite\nhere() starts at C:/Users/spi085/OneDrive - CSIRO/Documents/_Projects/SCCP-QuantModelling\nusing C++ compiler: 'G__~1.EXE (GCC) 13.2.0'\nC:\\rtools44\\x86_64-w64-mingw32.static.posix\\bin/ld.exe: cannot find tmp.def: No such file or directory\ncollect2.exe: error: ld returned 1 exit status\nError in inDL(x, as.logical(local), as.logical(now), ...) : \n  unable to load shared object 'C:/Users/spi085/OneDrive - CSIRO/Documents/_Projects/SCCP-QuantModelling/POPULATIONS//POPULATION_0008//INDIVIDUAL_HG5JQFTO/model.dll':\n  LoadLibrary failure:  The specified module could not be found.\nCalls: dyn.load -> inDL\nExecution halted"
    },
    "2": {
      "status": "ERROR",
      "message": "Model failed to compile.",
      "stdout": "g++ -std=gnu++17  -I\"C:/Users/spi085/AppData/Local/Programs/R/R-4.4.1/include\" -DNDEBUG -I\"C:/Users/spi085/AppData/Local/Programs/R/R-44~1.1/library/TMB/include\" -I\"C:/Users/spi085/AppData/Local/Programs/R/R-44~1.1/library/RCPPEI~1/include\"   -DTMB_EIGEN_DISABLE_WARNINGS   -DTMB_LIB_INIT=R_init_model  -DCPPAD_FRAMEWORK    -I\"C:/rtools44/x86_64-w64-mingw32.static.posix/include\"     -O2 -Wa,-mbig-obj -c POPULATIONS//POPULATION_0008//INDIVIDUAL_HG5JQFTO/model.cpp -o POPULATIONS//POPULATION_0008//INDIVIDUAL_HG5JQFTO/model.o",
      "stderr": "Loading required package: TMB\nLoading required package: jsonlite\nhere() starts at C:/Users/spi085/OneDrive - CSIRO/Documents/_Projects/SCCP-QuantModelling\nusing C++ compiler: 'G__~1.EXE (GCC) 13.2.0'\nPOPULATIONS//POPULATION_0008//INDIVIDUAL_HG5JQFTO/model.cpp: In instantiation of 'Type objective_function<Type>::operator()() [with Type = CppAD::AD<double>]':\nC:/Users/spi085/AppData/Local/Programs/R/R-4.4.1/library/TMB/include/tmb_core.hpp:1308:6:   required from here\nPOPULATIONS//POPULATION_0008//INDIVIDUAL_HG5JQFTO/model.cpp:72:39: error: no matching function for call to 'max(Eigen::DenseCoeffsBase<Eigen::Array<CppAD::AD<double>, -1, 1, 0, -1, 1>, 1>::Scalar&, const CppAD::AD<double>&)'\n   72 |     cots_pred(t + 1) = exp(log(min(max(cots_pred(t + 1), eps), max_pred)));\n      |                                    ~~~^~~~~~~~~~~~~~~~~~~~~~~\nIn file included from C:/Users/spi085/AppData/Local/Programs/R/R-4.4.1/library/TMB/include/TMB.hpp:215,\n                 from POPULATIONS//POPULATION_0008//INDIVIDUAL_HG5JQFTO/model.cpp:1:\nC:/Users/spi085/AppData/Local/Programs/R/R-4.4.1/library/TMB/include/convenience.hpp:145:6: note: candidate: 'template<class Type> Type max(const tmbutils::vector<Type>&)'\n  145 | Type max(const vector<Type> &x)\n      |      ^~~\nC:/Users/spi085/AppData/Local/Programs/R/R-4.4.1/library/TMB/include/convenience.hpp:145:6: note:   template argument deduction/substitution failed:\nPOPULATIONS//POPULATION_0008//INDIVIDUAL_HG5JQFTO/model.cpp:72:39: note:   'Eigen::DenseCoeffsBase<Eigen::Array<CppAD::AD<double>, -1, 1, 0, -1, 1>, 1>::Scalar' {aka 'CppAD::AD<double>'} is not derived from 'const tmbutils::vector<Type>'\n   72 |     cots_pred(t + 1) = exp(log(min(max(cots_pred(t + 1), eps), max_pred)));\n      |                                    ~~~^~~~~~~~~~~~~~~~~~~~~~~\nPOPULATIONS//POPULATION_0008//INDIVIDUAL_HG5JQFTO/model.cpp:73:39: error: no matching function for call to 'max(Eigen::DenseCoeffsBase<Eigen::Array<CppAD::AD<double>, -1, 1, 0, -1, 1>, 1>::Scalar&, const CppAD::AD<double>&)'\n   73 |     slow_pred(t + 1) = exp(log(min(max(slow_pred(t + 1), eps), max_pred)));\n      |                                    ~~~^~~~~~~~~~~~~~~~~~~~~~~\nC:/Users/spi085/AppData/Local/Programs/R/R-4.4.1/library/TMB/include/convenience.hpp:145:6: note: candidate: 'template<class Type> Type max(const tmbutils::vector<Type>&)'\n  145 | Type max(const vector<Type> &x)\n      |      ^~~\nC:/Users/spi085/AppData/Local/Programs/R/R-4.4.1/library/TMB/include/convenience.hpp:145:6: note:   template argument deduction/substitution failed:\nPOPULATIONS//POPULATION_0008//INDIVIDUAL_HG5JQFTO/model.cpp:73:39: note:   'Eigen::DenseCoeffsBase<Eigen::Array<CppAD::AD<double>, -1, 1, 0, -1, 1>, 1>::Scalar' {aka 'CppAD::AD<double>'} is not derived from 'const tmbutils::vector<Type>'\n   73 |     slow_pred(t + 1) = exp(log(min(max(slow_pred(t + 1), eps), max_pred)));\n      |                                    ~~~^~~~~~~~~~~~~~~~~~~~~~~\nPOPULATIONS//POPULATION_0008//INDIVIDUAL_HG5JQFTO/model.cpp:74:39: error: no matching function for call to 'max(Eigen::DenseCoeffsBase<Eigen::Array<CppAD::AD<double>, -1, 1, 0, -1, 1>, 1>::Scalar&, const CppAD::AD<double>&)'\n   74 |     fast_pred(t + 1) = exp(log(min(max(fast_pred(t + 1), eps), max_pred)));\n      |                                    ~~~^~~~~~~~~~~~~~~~~~~~~~~\nC:/Users/spi085/AppData/Local/Programs/R/R-4.4.1/library/TMB/include/convenience.hpp:145:6: note: candidate: 'template<class Type> Type max(const tmbutils::vector<Type>&)'\n  145 | Type max(const vector<Type> &x)\n      |      ^~~\nC:/Users/spi085/AppData/Local/Programs/R/R-4.4.1/library/TMB/include/convenience.hpp:145:6: note:   template argument deduction/substitution failed:\nPOPULATIONS//POPULATION_0008//INDIVIDUAL_HG5JQFTO/model.cpp:74:39: note:   'Eigen::DenseCoeffsBase<Eigen::Array<CppAD::AD<double>, -1, 1, 0, -1, 1>, 1>::Scalar' {aka 'CppAD::AD<double>'} is not derived from 'const tmbutils::vector<Type>'\n   74 |     fast_pred(t + 1) = exp(log(min(max(fast_pred(t + 1), eps), max_pred)));\n      |                                    ~~~^~~~~~~~~~~~~~~~~~~~~~~\nPOPULATIONS//POPULATION_0008//INDIVIDUAL_HG5JQFTO/model.cpp: In instantiation of 'Type objective_function<Type>::operator()() [with Type = double]':\nC:/Users/spi085/AppData/Local/Programs/R/R-4.4.1/library/TMB/include/tmb_core.hpp:2031:7:   required from here\nPOPULATIONS//POPULATION_0008//INDIVIDUAL_HG5JQFTO/model.cpp:72:39: error: no matching function for call to 'max(Eigen::DenseCoeffsBase<Eigen::Array<double, -1, 1>, 1>::Scalar&, const double&)'\n   72 |     cots_pred(t + 1) = exp(log(min(max(cots_pred(t + 1), eps), max_pred)));\n      |                                    ~~~^~~~~~~~~~~~~~~~~~~~~~~\nC:/Users/spi085/AppData/Local/Programs/R/R-4.4.1/library/TMB/include/convenience.hpp:145:6: note: candidate: 'template<class Type> Type max(const tmbutils::vector<Type>&)'\n  145 | Type max(const vector<Type> &x)\n      |      ^~~\nC:/Users/spi085/AppData/Local/Programs/R/R-4.4.1/library/TMB/include/convenience.hpp:145:6: note:   template argument deduction/substitution failed:\nPOPULATIONS//POPULATION_0008//INDIVIDUAL_HG5JQFTO/model.cpp:72:39: note:   mismatched types 'const tmbutils::vector<Type>' and 'Eigen::DenseCoeffsBase<Eigen::Array<double, -1, 1>, 1>::Scalar' {aka 'double'}\n   72 |     cots_pred(t + 1) = exp(log(min(max(cots_pred(t + 1), eps), max_pred)));\n      |                                    ~~~^~~~~~~~~~~~~~~~~~~~~~~\nPOPULATIONS//POPULATION_0008//INDIVIDUAL_HG5JQFTO/model.cpp:73:39: error: no matching function for call to 'max(Eigen::DenseCoeffsBase<Eigen::Array<double, -1, 1>, 1>::Scalar&, const double&)'\n   73 |     slow_pred(t + 1) = exp(log(min(max(slow_pred(t + 1), eps), max_pred)));\n      |                                    ~~~^~~~~~~~~~~~~~~~~~~~~~~\nC:/Users/spi085/AppData/Local/Programs/R/R-4.4.1/library/TMB/include/convenience.hpp:145:6: note: candidate: 'template<class Type> Type max(const tmbutils::vector<Type>&)'\n  145 | Type max(const vector<Type> &x)\n      |      ^~~\nC:/Users/spi085/AppData/Local/Programs/R/R-4.4.1/library/TMB/include/convenience.hpp:145:6: note:   template argument deduction/substitution failed:\nPOPULATIONS//POPULATION_0008//INDIVIDUAL_HG5JQFTO/model.cpp:73:39: note:   mismatched types 'const tmbutils::vector<Type>' and 'Eigen::DenseCoeffsBase<Eigen::Array<double, -1, 1>, 1>::Scalar' {aka 'double'}\n   73 |     slow_pred(t + 1) = exp(log(min(max(slow_pred(t + 1), eps), max_pred)));\n      |                                    ~~~^~~~~~~~~~~~~~~~~~~~~~~\nPOPULATIONS//POPULATION_0008//INDIVIDUAL_HG5JQFTO/model.cpp:74:39: error: no matching function for call to 'max(Eigen::DenseCoeffsBase<Eigen::Array<double, -1, 1>, 1>::Scalar&, const double&)'\n   74 |     fast_pred(t + 1) = exp(log(min(max(fast_pred(t + 1), eps), max_pred)));\n      |                                    ~~~^~~~~~~~~~~~~~~~~~~~~~~\nC:/Users/spi085/AppData/Local/Programs/R/R-4.4.1/library/TMB/include/convenience.hpp:145:6: note: candidate: 'template<class Type> Type max(const tmbutils::vector<Type>&)'\n  145 | Type max(const vector<Type> &x)\n      |      ^~~\nC:/Users/spi085/AppData/Local/Programs/R/R-4.4.1/library/TMB/include/convenience.hpp:145:6: note:   template argument deduction/substitution failed:\nPOPULATIONS//POPULATION_0008//INDIVIDUAL_HG5JQFTO/model.cpp:74:39: note:   mismatched types 'const tmbutils::vector<Type>' and 'Eigen::DenseCoeffsBase<Eigen::Array<double, -1, 1>, 1>::Scalar' {aka 'double'}\n   74 |     fast_pred(t + 1) = exp(log(min(max(fast_pred(t + 1), eps), max_pred)));\n      |                                    ~~~^~~~~~~~~~~~~~~~~~~~~~~\nPOPULATIONS//POPULATION_0008//INDIVIDUAL_HG5JQFTO/model.cpp: In instantiation of 'Type objective_function<Type>::operator()() [with Type = CppAD::AD<CppAD::AD<double> >]':\nC:/Users/spi085/AppData/Local/Programs/R/R-4.4.1/library/TMB/include/tmb_core.hpp:913:29:   required from 'Type objective_function<Type>::evalUserTemplate() [with Type = CppAD::AD<CppAD::AD<double> >]'\nC:/Users/spi085/AppData/Local/Programs/R/R-4.4.1/library/TMB/include/tmb_core.hpp:2112:26:   required from here\nPOPULATIONS//POPULATION_0008//INDIVIDUAL_HG5JQFTO/model.cpp:72:39: error: no matching function for call to 'max(Eigen::DenseCoeffsBase<Eigen::Array<CppAD::AD<CppAD::AD<double> >, -1, 1, 0, -1, 1>, 1>::Scalar&, const CppAD::AD<CppAD::AD<double> >&)'\n   72 |     cots_pred(t + 1) = exp(log(min(max(cots_pred(t + 1), eps), max_pred)));\n      |                                    ~~~^~~~~~~~~~~~~~~~~~~~~~~\nC:/Users/spi085/AppData/Local/Programs/R/R-4.4.1/library/TMB/include/convenience.hpp:145:6: note: candidate: 'template<class Type> Type max(const tmbutils::vector<Type>&)'\n  145 | Type max(const vector<Type> &x)\n      |      ^~~\nC:/Users/spi085/AppData/Local/Programs/R/R-4.4.1/library/TMB/include/convenience.hpp:145:6: note:   template argument deduction/substitution failed:\nPOPULATIONS//POPULATION_0008//INDIVIDUAL_HG5JQFTO/model.cpp:72:39: note:   'Eigen::DenseCoeffsBase<Eigen::Array<CppAD::AD<CppAD::AD<double> >, -1, 1, 0, -1, 1>, 1>::Scalar' {aka 'CppAD::AD<CppAD::AD<double> >'} is not derived from 'const tmbutils::vector<Type>'\n   72 |     cots_pred(t + 1) = exp(log(min(max(cots_pred(t + 1), eps), max_pred)));\n      |                                    ~~~^~~~~~~~~~~~~~~~~~~~~~~\nPOPULATIONS//POPULATION_0008//INDIVIDUAL_HG5JQFTO/model.cpp:73:39: error: no matching function for call to 'max(Eigen::DenseCoeffsBase<Eigen::Array<CppAD::AD<CppAD::AD<double> >, -1, 1, 0, -1, 1>, 1>::Scalar&, const CppAD::AD<CppAD::AD<double> >&)'\n   73 |     slow_pred(t + 1) = exp(log(min(max(slow_pred(t + 1), eps), max_pred)));\n      |                                    ~~~^~~~~~~~~~~~~~~~~~~~~~~\nC:/Users/spi085/AppData/Local/Programs/R/R-4.4.1/library/TMB/include/convenience.hpp:145:6: note: candidate: 'template<class Type> Type max(const tmbutils::vector<Type>&)'\n  145 | Type max(const vector<Type> &x)\n      |      ^~~\nC:/Users/spi085/AppData/Local/Programs/R/R-4.4.1/library/TMB/include/convenience.hpp:145:6: note:   template argument deduction/substitution failed:\nPOPULATIONS//POPULATION_0008//INDIVIDUAL_HG5JQFTO/model.cpp:73:39: note:   'Eigen::DenseCoeffsBase<Eigen::Array<CppAD::AD<CppAD::AD<double> >, -1, 1, 0, -1, 1>, 1>::Scalar' {aka 'CppAD::AD<CppAD::AD<double> >'} is not derived from 'const tmbutils::vector<Type>'\n   73 |     slow_pred(t + 1) = exp(log(min(max(slow_pred(t + 1), eps), max_pred)));\n      |                                    ~~~^~~~~~~~~~~~~~~~~~~~~~~\nPOPULATIONS//POPULATION_0008//INDIVIDUAL_HG5JQFTO/model.cpp:74:39: error: no matching function for call to 'max(Eigen::DenseCoeffsBase<Eigen::Array<CppAD::AD<CppAD::AD<double> >, -1, 1, 0, -1, 1>, 1>::Scalar&, const CppAD::AD<CppAD::AD<double> >&)'\n   74 |     fast_pred(t + 1) = exp(log(min(max(fast_pred(t + 1), eps), max_pred)));\n      |                                    ~~~^~~~~~~~~~~~~~~~~~~~~~~\nC:/Users/spi085/AppData/Local/Programs/R/R-4.4.1/library/TMB/include/convenience.hpp:145:6: note: candidate: 'template<class Type> Type max(const tmbutils::vector<Type>&)'\n  145 | Type max(const vector<Type> &x)\n      |      ^~~\nC:/Users/spi085/AppData/Local/Programs/R/R-4.4.1/library/TMB/include/convenience.hpp:145:6: note:   template argument deduction/substitution failed:\nPOPULATIONS//POPULATION_0008//INDIVIDUAL_HG5JQFTO/model.cpp:74:39: note:   'Eigen::DenseCoeffsBase<Eigen::Array<CppAD::AD<CppAD::AD<double> >, -1, 1, 0, -1, 1>, 1>::Scalar' {aka 'CppAD::AD<CppAD::AD<double> >'} is not derived from 'const tmbutils::vector<Type>'\n   74 |     fast_pred(t + 1) = exp(log(min(max(fast_pred(t + 1), eps), max_pred)));\n      |                                    ~~~^~~~~~~~~~~~~~~~~~~~~~~\nPOPULATIONS//POPULATION_0008//INDIVIDUAL_HG5JQFTO/model.cpp: In instantiation of 'Type objective_function<Type>::operator()() [with Type = CppAD::AD<CppAD::AD<CppAD::AD<double> > >]':\nC:/Users/spi085/AppData/Local/Programs/R/R-4.4.1/library/TMB/include/tmb_core.hpp:913:29:   required from 'Type objective_function<Type>::evalUserTemplate() [with Type = CppAD::AD<CppAD::AD<CppAD::AD<double> > >]'\nC:/Users/spi085/AppData/Local/Programs/R/R-4.4.1/library/TMB/include/tmb_core.hpp:2361:28:   required from here\nPOPULATIONS//POPULATION_0008//INDIVIDUAL_HG5JQFTO/model.cpp:72:39: error: no matching function for call to 'max(Eigen::DenseCoeffsBase<Eigen::Array<CppAD::AD<CppAD::AD<CppAD::AD<double> > >, -1, 1, 0, -1, 1>, 1>::Scalar&, const CppAD::AD<CppAD::AD<CppAD::AD<double> > >&)'\n   72 |     cots_pred(t + 1) = exp(log(min(max(cots_pred(t + 1), eps), max_pred)));\n      |                                    ~~~^~~~~~~~~~~~~~~~~~~~~~~\nC:/Users/spi085/AppData/Local/Programs/R/R-4.4.1/library/TMB/include/convenience.hpp:145:6: note: candidate: 'template<class Type> Type max(const tmbutils::vector<Type>&)'\n  145 | Type max(const vector<Type> &x)\n      |      ^~~\nC:/Users/spi085/AppData/Local/Programs/R/R-4.4.1/library/TMB/include/convenience.hpp:145:6: note:   template argument deduction/substitution failed:\nPOPULATIONS//POPULATION_0008//INDIVIDUAL_HG5JQFTO/model.cpp:72:39: note:   'Eigen::DenseCoeffsBase<Eigen::Array<CppAD::AD<CppAD::AD<CppAD::AD<double> > >, -1, 1, 0, -1, 1>, 1>::Scalar' {aka 'CppAD::AD<CppAD::AD<CppAD::AD<double> > >'} is not derived from 'const tmbutils::vector<Type>'\n   72 |     cots_pred(t + 1) = exp(log(min(max(cots_pred(t + 1), eps), max_pred)));\n      |                                    ~~~^~~~~~~~~~~~~~~~~~~~~~~\nPOPULATIONS//POPULATION_0008//INDIVIDUAL_HG5JQFTO/model.cpp:73:39: error: no matching function for call to 'max(Eigen::DenseCoeffsBase<Eigen::Array<CppAD::AD<CppAD::AD<CppAD::AD<double> > >, -1, 1, 0, -1, 1>, 1>::Scalar&, const CppAD::AD<CppAD::AD<CppAD::AD<double> > >&)'\n   73 |     slow_pred(t + 1) = exp(log(min(max(slow_pred(t + 1), eps), max_pred)));\n      |                                    ~~~^~~~~~~~~~~~~~~~~~~~~~~\nC:/Users/spi085/AppData/Local/Programs/R/R-4.4.1/library/TMB/include/convenience.hpp:145:6: note: candidate: 'template<class Type> Type max(const tmbutils::vector<Type>&)'\n  145 | Type max(const vector<Type> &x)\n      |      ^~~\nC:/Users/spi085/AppData/Local/Programs/R/R-4.4.1/library/TMB/include/convenience.hpp:145:6: note:   template argument deduction/substitution failed:\nPOPULATIONS//POPULATION_0008//INDIVIDUAL_HG5JQFTO/model.cpp:73:39: note:   'Eigen::DenseCoeffsBase<Eigen::Array<CppAD::AD<CppAD::AD<CppAD::AD<double> > >, -1, 1, 0, -1, 1>, 1>::Scalar' {aka 'CppAD::AD<CppAD::AD<CppAD::AD<double> > >'} is not derived from 'const tmbutils::vector<Type>'\n   73 |     slow_pred(t + 1) = exp(log(min(max(slow_pred(t + 1), eps), max_pred)));\n      |                                    ~~~^~~~~~~~~~~~~~~~~~~~~~~\nPOPULATIONS//POPULATION_0008//INDIVIDUAL_HG5JQFTO/model.cpp:74:39: error: no matching function for call to 'max(Eigen::DenseCoeffsBase<Eigen::Array<CppAD::AD<CppAD::AD<CppAD::AD<double> > >, -1, 1, 0, -1, 1>, 1>::Scalar&, const CppAD::AD<CppAD::AD<CppAD::AD<double> > >&)'\n   74 |     fast_pred(t + 1) = exp(log(min(max(fast_pred(t + 1), eps), max_pred)));\n      |                                    ~~~^~~~~~~~~~~~~~~~~~~~~~~\nC:/Users/spi085/AppData/Local/Programs/R/R-4.4.1/library/TMB/include/convenience.hpp:145:6: note: candidate: 'template<class Type> Type max(const tmbutils::vector<Type>&)'\n  145 | Type max(const vector<Type> &x)\n      |      ^~~\nC:/Users/spi085/AppData/Local/Programs/R/R-4.4.1/library/TMB/include/convenience.hpp:145:6: note:   template argument deduction/substitution failed:\nPOPULATIONS//POPULATION_0008//INDIVIDUAL_HG5JQFTO/model.cpp:74:39: note:   'Eigen::DenseCoeffsBase<Eigen::Array<CppAD::AD<CppAD::AD<CppAD::AD<double> > >, -1, 1, 0, -1, 1>, 1>::Scalar' {aka 'CppAD::AD<CppAD::AD<CppAD::AD<double> > >'} is not derived from 'const tmbutils::vector<Type>'\n   74 |     fast_pred(t + 1) = exp(log(min(max(fast_pred(t + 1), eps), max_pred)));\n      |                                    ~~~^~~~~~~~~~~~~~~~~~~~~~~\nmake: *** [C:/Users/spi085/AppData/Local/Programs/R/R-4.4.1/etc/x64/Makeconf:296: POPULATIONS//POPULATION_0008//INDIVIDUAL_HG5JQFTO/model.o] Error 1\nError in TMB::compile(file.path(individual_dir, model_file), flags = flags,  : \n  Compilation failed\nError: Compilation failed\nExecution halted"
    },
    "3": {
      "status": "ERROR",
      "message": "R script failed with return code 1",
      "stdout": "g++ -std=gnu++17  -I\"C:/Users/spi085/AppData/Local/Programs/R/R-4.4.1/include\" -DNDEBUG -I\"C:/Users/spi085/AppData/Local/Programs/R/R-44~1.1/library/TMB/include\" -I\"C:/Users/spi085/AppData/Local/Programs/R/R-44~1.1/library/RCPPEI~1/include\"   -DTMB_EIGEN_DISABLE_WARNINGS   -DTMB_LIB_INIT=R_init_model  -DCPPAD_FRAMEWORK    -I\"C:/rtools44/x86_64-w64-mingw32.static.posix/include\"     -O2 -Wa,-mbig-obj -c POPULATIONS//POPULATION_0008//INDIVIDUAL_HG5JQFTO/model.cpp -o POPULATIONS//POPULATION_0008//INDIVIDUAL_HG5JQFTO/model.o\ng++ -std=gnu++17 -shared -s -static-libgcc -o POPULATIONS//POPULATION_0008//INDIVIDUAL_HG5JQFTO/model.dll tmp.def POPULATIONS//POPULATION_0008//INDIVIDUAL_HG5JQFTO/model.o -LC:/rtools44/x86_64-w64-mingw32.static.posix/lib/x64 -LC:/rtools44/x86_64-w64-mingw32.static.posix/lib -LC:/Users/spi085/AppData/Local/Programs/R/R-4.4.1/bin/x64 -lR\nStarting model phases\nNumber of phases: 1 \nPhase 1 \nError in model phases: Error when reading the variable: 'beta'. Please check data and parameters.",
      "stderr": "Loading required package: TMB\nLoading required package: jsonlite\nhere() starts at C:/Users/spi085/OneDrive - CSIRO/Documents/_Projects/SCCP-QuantModelling\nusing C++ compiler: 'G__~1.EXE (GCC) 13.2.0'\nError in value[[3L]](cond) : \n  Error in model phases: Error when reading the variable: 'beta'. Please check data and parameters.\nCalls: tryCatch -> tryCatchList -> tryCatchOne -> <Anonymous>\nIn addition: Warning message:\nIn getParameterOrder(data, parameters, new.env(), DLL = DLL) :\n  Expected object. Got NULL.\nExecution halted"
    },
    "4": {
      "status": "SUCCESS",
      "objective_value": null,
      "model_summary": [
        "            Length Class  Mode     ",
        "par         9      -none- numeric  ",
        "objective   1      -none- numeric  ",
        "convergence 1      -none- numeric  ",
        "iterations  1      -none- numeric  ",
        "evaluations 2      -none- numeric  ",
        "message     1      -none- character"
      ],
      "model_report": {
        "cots_pred": 1e-08,
        "nll": 50.5932,
        "fast_pred": 1e-08,
        "slow_pred": 1e-08
      },
      "plot_data": {
        "cots_pred": {
          "Year": [
            1980,
            1981,
            1982,
            1983,
            1984,
            1985,
            1986,
            1987,
            1988,
            1989,
            1990,
            1991,
            1992,
            1993,
            1994,
            1995,
            1996,
            1997,
            1998,
            1999,
            2000,
            2001,
            2002,
            2003,
            2004,
            2005
          ],
          "Modeled": [
            1e-08,
            1e-08,
            1e-08,
            1e-08,
            1e-08,
            1e-08,
            1e-08,
            1e-08,
            1e-08,
            1e-08,
            1e-08,
            1e-08,
            1e-08,
            1e-08,
            1e-08,
            1e-08,
            1e-08,
            1e-08,
            1e-08,
            1e-08,
            1e-08,
            1e-08,
            1e-08,
            1e-08,
            1e-08,
            1e-08
          ],
          "Observed": [
            0.2615,
            0.5498,
            0.7268,
            0.5523,
            0.8281,
            0.547,
            0.758,
            0.6288,
            0.4762,
            0.6466,
            0.9107,
            2.152,
            0.6446,
            1.6723,
            0.4766,
            0.8075,
            0.3635,
            0.3728,
            0.6173,
            0.3107,
            0.256,
            0.2984,
            0.3362,
            0.2878,
            0.3221,
            0.4308
          ]
        },
        "slow_pred": {
          "Year": [
            1980,
            1981,
            1982,
            1983,
            1984,
            1985,
            1986,
            1987,
            1988,
            1989,
            1990,
            1991,
            1992,
            1993,
            1994,
            1995,
            1996,
            1997,
            1998,
            1999,
            2000,
            2001,
            2002,
            2003,
            2004,
            2005
          ],
          "Modeled": [
            1e-08,
            1e-08,
            1e-08,
            1e-08,
            1e-08,
            1e-08,
            1e-08,
            1e-08,
            1e-08,
            1e-08,
            1e-08,
            1e-08,
            1e-08,
            1e-08,
            1e-08,
            1e-08,
            1e-08,
            1e-08,
            1e-08,
            1e-08,
            1e-08,
            1e-08,
            1e-08,
            1e-08,
            1e-08,
            1e-08
          ],
          "Observed": [
            10.0694,
            17.7236,
            23.8276,
            19.4181,
            15.6354,
            32.4596,
            21.5567,
            34.1938,
            18.8708,
            27.3176,
            44.3301,
            13.3275,
            11.3741,
            8.3362,
            15.207,
            12.443,
            11.0666,
            10.6442,
            2.3628,
            2.76,
            3.7236,
            7.0355,
            10.2239,
            8.4754,
            9.0819,
            13.7314
          ]
        },
        "fast_pred": {
          "Year": [
            1980,
            1981,
            1982,
            1983,
            1984,
            1985,
            1986,
            1987,
            1988,
            1989,
            1990,
            1991,
            1992,
            1993,
            1994,
            1995,
            1996,
            1997,
            1998,
            1999,
            2000,
            2001,
            2002,
            2003,
            2004,
            2005
          ],
          "Modeled": [
            1e-08,
            1e-08,
            1e-08,
            1e-08,
            1e-08,
            1e-08,
            1e-08,
            1e-08,
            1e-08,
            1e-08,
            1e-08,
            1e-08,
            1e-08,
            1e-08,
            1e-08,
            1e-08,
            1e-08,
            1e-08,
            1e-08,
            1e-08,
            1e-08,
            1e-08,
            1e-08,
            1e-08,
            1e-08,
            1e-08
          ],
          "Observed": [
            12.7726,
            16.4147,
            12.7773,
            12.2798,
            15.1152,
            12.8194,
            10.4631,
            9.7251,
            13.2014,
            16.4512,
            11.1393,
            18.0832,
            11.5223,
            8.51,
            9.1622,
            5.3353,
            8.6044,
            7.2781,
            2.629,
            4.6951,
            1.5948,
            5.2172,
            2.6041,
            3.3618,
            7.3289,
            4.4014
          ]
        }
      },
      "stdout": "g++ -std=gnu++17  -I\"C:/Users/spi085/AppData/Local/Programs/R/R-4.4.1/include\" -DNDEBUG -I\"C:/Users/spi085/AppData/Local/Programs/R/R-44~1.1/library/TMB/include\" -I\"C:/Users/spi085/AppData/Local/Programs/R/R-44~1.1/library/RCPPEI~1/include\"   -DTMB_EIGEN_DISABLE_WARNINGS   -DTMB_LIB_INIT=R_init_model  -DCPPAD_FRAMEWORK    -I\"C:/rtools44/x86_64-w64-mingw32.static.posix/include\"     -O2 -Wa,-mbig-obj -c POPULATIONS//POPULATION_0008//INDIVIDUAL_HG5JQFTO/model.cpp -o POPULATIONS//POPULATION_0008//INDIVIDUAL_HG5JQFTO/model.o\ng++ -std=gnu++17 -shared -s -static-libgcc -o POPULATIONS//POPULATION_0008//INDIVIDUAL_HG5JQFTO/model.dll tmp.def POPULATIONS//POPULATION_0008//INDIVIDUAL_HG5JQFTO/model.o -LC:/rtools44/x86_64-w64-mingw32.static.posix/lib/x64 -LC:/rtools44/x86_64-w64-mingw32.static.posix/lib -LC:/Users/spi085/AppData/Local/Programs/R/R-4.4.1/bin/x64 -lR\nStarting model phases\nNumber of phases: 3 \nPhase 1 \nInitial parameter values for phase 1 :\n    r_cots     g_slow     g_fast alpha_slow alpha_fast \n       0.8        0.2        0.4        0.3        0.6 \nFinal parameter values for phase 1 :\n    r_cots     g_slow     g_fast alpha_slow alpha_fast \n       0.8        0.2        0.4        0.3        0.6 \nConvergence message: both X-convergence and relative convergence (5) \nNumber of iterations: 1 \nObjective function value: 50.59317 \nGradient at solution for phase 1 :\n     [,1] [,2] [,3] [,4] [,5]\n[1,]    0    0    0    0    0\nPhase 2 \nInitial parameter values for phase 2 :\n K_cots K_coral \n      3      60 \nFinal parameter values for phase 2 :\n K_cots K_coral \n      3      60 \nConvergence message: both X-convergence and relative convergence (5) \nNumber of iterations: 1 \nObjective function value: 50.59317 \nGradient at solution for phase 2 :\n     [,1] [,2]\n[1,]    0    0\nPhase 3 \nInitial parameter values for phase 3 :\n  temp_opt temp_width \n        28          2 \nFinal parameter values for phase 3 :\n  temp_opt temp_width \n        28          2 \nConvergence message: both X-convergence and relative convergence (5) \nNumber of iterations: 1 \nObjective function value: 50.59317 \nGradient at solution for phase 3 :\n     [,1] [,2]\n[1,]    0    0\nFinal Phase\nInitial parameter values for final phase:\n    r_cots     K_cots   temp_opt temp_width     g_slow     g_fast    K_coral \n       0.8        3.0       28.0        2.0        0.2        0.4       60.0 \nalpha_slow alpha_fast \n       0.3        0.6 \nFinal parameter values for final phase:\n    r_cots     K_cots   temp_opt temp_width     g_slow     g_fast    K_coral \n       0.8        3.0       28.0        2.0        0.2        0.4       60.0 \nalpha_slow alpha_fast \n       0.3        0.6 \nConvergence message: both X-convergence and relative convergence (5) \nNumber of iterations: 1 \nObjective function value: 50.59317 \nGradient at solution for final phase:\n     [,1] [,2] [,3] [,4] [,5] [,6] [,7] [,8] [,9]\n[1,]    0    0    0    0    0    0    0    0    0\nAll phases completed\n\nDEBUG: Report contents:\nList of 4\n $ cots_pred: num 1e-08\n $ nll      : num 50.6\n $ fast_pred: num 1e-08\n $ slow_pred: num 1e-08\nNULL\n\nDEBUG: Available variables in report:\n[1] \"cots_pred\" \"nll\"       \"fast_pred\" \"slow_pred\"\n\nChecking predictions and calculating objective function...\n\nDEBUG: Processing cots_pred \nDEBUG: First few predictions: 1e-08 \nDEBUG: Summary statistics:\n   Min. 1st Qu.  Median    Mean 3rd Qu.    Max. \n  1e-08   1e-08   1e-08   1e-08   1e-08   1e-08 \nDEBUG: All zeros? FALSE \nDEBUG: Any infinities? FALSE \nWARNING:  cots_pred  contains all zeros or infinities\nInvalid predictions detected - applying penalty\n\nFinal objective function value: NA \n\nJSON_REPORT_START\n{\n  \"status\": \"SUCCESS\",\n  \"objective_value\": null,\n  \"model_summary\": [\"            Length Class  Mode     \", \"par         9      -none- numeric  \", \"objective   1      -none- numeric  \", \"convergence 1      -none- numeric  \", \"iterations  1      -none- numeric  \", \"evaluations 2      -none- numeric  \", \"message     1      -none- character\"],\n  \"model_report\": {\n    \"cots_pred\": 1e-08,\n    \"nll\": 50.5932,\n    \"fast_pred\": 1e-08,\n    \"slow_pred\": 1e-08\n  },\n  \"plot_data\": {\n    \"cots_pred\": {\n      \"Year\": [1980, 1981, 1982, 1983, 1984, 1985, 1986, 1987, 1988, 1989, 1990, 1991, 1992, 1993, 1994, 1995, 1996, 1997, 1998, 1999, 2000, 2001, 2002, 2003, 2004, 2005],\n      \"Modeled\": [1e-08, 1e-08, 1e-08, 1e-08, 1e-08, 1e-08, 1e-08, 1e-08, 1e-08, 1e-08, 1e-08, 1e-08, 1e-08, 1e-08, 1e-08, 1e-08, 1e-08, 1e-08, 1e-08, 1e-08, 1e-08, 1e-08, 1e-08, 1e-08, 1e-08, 1e-08],\n      \"Observed\": [0.2615, 0.5498, 0.7268, 0.5523, 0.8281, 0.547, 0.758, 0.6288, 0.4762, 0.6466, 0.9107, 2.152, 0.6446, 1.6723, 0.4766, 0.8075, 0.3635, 0.3728, 0.6173, 0.3107, 0.256, 0.2984, 0.3362, 0.2878, 0.3221, 0.4308]\n    },\n    \"slow_pred\": {\n      \"Year\": [1980, 1981, 1982, 1983, 1984, 1985, 1986, 1987, 1988, 1989, 1990, 1991, 1992, 1993, 1994, 1995, 1996, 1997, 1998, 1999, 2000, 2001, 2002, 2003, 2004, 2005],\n      \"Modeled\": [1e-08, 1e-08, 1e-08, 1e-08, 1e-08, 1e-08, 1e-08, 1e-08, 1e-08, 1e-08, 1e-08, 1e-08, 1e-08, 1e-08, 1e-08, 1e-08, 1e-08, 1e-08, 1e-08, 1e-08, 1e-08, 1e-08, 1e-08, 1e-08, 1e-08, 1e-08],\n      \"Observed\": [10.0694, 17.7236, 23.8276, 19.4181, 15.6354, 32.4596, 21.5567, 34.1938, 18.8708, 27.3176, 44.3301, 13.3275, 11.3741, 8.3362, 15.207, 12.443, 11.0666, 10.6442, 2.3628, 2.76, 3.7236, 7.0355, 10.2239, 8.4754, 9.0819, 13.7314]\n    },\n    \"fast_pred\": {\n      \"Year\": [1980, 1981, 1982, 1983, 1984, 1985, 1986, 1987, 1988, 1989, 1990, 1991, 1992, 1993, 1994, 1995, 1996, 1997, 1998, 1999, 2000, 2001, 2002, 2003, 2004, 2005],\n      \"Modeled\": [1e-08, 1e-08, 1e-08, 1e-08, 1e-08, 1e-08, 1e-08, 1e-08, 1e-08, 1e-08, 1e-08, 1e-08, 1e-08, 1e-08, 1e-08, 1e-08, 1e-08, 1e-08, 1e-08, 1e-08, 1e-08, 1e-08, 1e-08, 1e-08, 1e-08, 1e-08],\n      \"Observed\": [12.7726, 16.4147, 12.7773, 12.2798, 15.1152, 12.8194, 10.4631, 9.7251, 13.2014, 16.4512, 11.1393, 18.0832, 11.5223, 8.51, 9.1622, 5.3353, 8.6044, 7.2781, 2.629, 4.6951, 1.5948, 5.2172, 2.6041, 3.3618, 7.3289, 4.4014]\n    }\n  }\n}\nJSON_REPORT_END",
      "stderr": "Loading required package: TMB\nLoading required package: jsonlite\nhere() starts at C:/Users/spi085/OneDrive - CSIRO/Documents/_Projects/SCCP-QuantModelling\nusing C++ compiler: 'G__~1.EXE (GCC) 13.2.0'"
    },
    "5": {
      "status": "ERROR",
      "message": "Error processing model report: Objective function value is missing from the report",
      "stdout": "g++ -std=gnu++17  -I\"C:/Users/spi085/AppData/Local/Programs/R/R-4.4.1/include\" -DNDEBUG -I\"C:/Users/spi085/AppData/Local/Programs/R/R-44~1.1/library/TMB/include\" -I\"C:/Users/spi085/AppData/Local/Programs/R/R-44~1.1/library/RCPPEI~1/include\"   -DTMB_EIGEN_DISABLE_WARNINGS   -DTMB_LIB_INIT=R_init_model  -DCPPAD_FRAMEWORK    -I\"C:/rtools44/x86_64-w64-mingw32.static.posix/include\"     -O2 -Wa,-mbig-obj -c POPULATIONS//POPULATION_0008//INDIVIDUAL_HG5JQFTO/model.cpp -o POPULATIONS//POPULATION_0008//INDIVIDUAL_HG5JQFTO/model.o\ng++ -std=gnu++17 -shared -s -static-libgcc -o POPULATIONS//POPULATION_0008//INDIVIDUAL_HG5JQFTO/model.dll tmp.def POPULATIONS//POPULATION_0008//INDIVIDUAL_HG5JQFTO/model.o -LC:/rtools44/x86_64-w64-mingw32.static.posix/lib/x64 -LC:/rtools44/x86_64-w64-mingw32.static.posix/lib -LC:/Users/spi085/AppData/Local/Programs/R/R-4.4.1/bin/x64 -lR\nStarting model phases\nNumber of phases: 3 \nPhase 1 \nInitial parameter values for phase 1 :\n    r_cots     g_slow     g_fast alpha_slow alpha_fast \n       0.8        0.2        0.4        0.3        0.6 \nFinal parameter values for phase 1 :\n    r_cots     g_slow     g_fast alpha_slow alpha_fast \n       0.8        0.2        0.4        0.3        0.6 \nConvergence message: both X-convergence and relative convergence (5) \nNumber of iterations: 1 \nObjective function value: 50.59317 \nGradient at solution for phase 1 :\n     [,1] [,2] [,3] [,4] [,5]\n[1,]    0    0    0    0    0\nPhase 2 \nInitial parameter values for phase 2 :\n K_cots K_coral \n      3      60 \nFinal parameter values for phase 2 :\n K_cots K_coral \n      3      60 \nConvergence message: both X-convergence and relative convergence (5) \nNumber of iterations: 1 \nObjective function value: 50.59317 \nGradient at solution for phase 2 :\n     [,1] [,2]\n[1,]    0    0\nPhase 3 \nInitial parameter values for phase 3 :\n  temp_opt temp_width \n        28          2 \nFinal parameter values for phase 3 :\n  temp_opt temp_width \n        28          2 \nConvergence message: both X-convergence and relative convergence (5) \nNumber of iterations: 1 \nObjective function value: 50.59317 \nGradient at solution for phase 3 :\n     [,1] [,2]\n[1,]    0    0\nFinal Phase\nInitial parameter values for final phase:\n    r_cots     K_cots   temp_opt temp_width     g_slow     g_fast    K_coral \n       0.8        3.0       28.0        2.0        0.2        0.4       60.0 \nalpha_slow alpha_fast \n       0.3        0.6 \nFinal parameter values for final phase:\n    r_cots     K_cots   temp_opt temp_width     g_slow     g_fast    K_coral \n       0.8        3.0       28.0        2.0        0.2        0.4       60.0 \nalpha_slow alpha_fast \n       0.3        0.6 \nConvergence message: both X-convergence and relative convergence (5) \nNumber of iterations: 1 \nObjective function value: 50.59317 \nGradient at solution for final phase:\n     [,1] [,2] [,3] [,4] [,5] [,6] [,7] [,8] [,9]\n[1,]    0    0    0    0    0    0    0    0    0\nAll phases completed\n\nDEBUG: Report contents:\nList of 4\n $ cots_pred: num 1e-08\n $ nll      : num 50.6\n $ fast_pred: num 1e-08\n $ slow_pred: num 1e-08\nNULL\n\nDEBUG: Available variables in report:\n[1] \"cots_pred\" \"nll\"       \"fast_pred\" \"slow_pred\"\n\nChecking predictions and calculating objective function...\n\nDEBUG: Processing cots_pred \nDEBUG: First few predictions: 1e-08 \nDEBUG: Summary statistics:\n   Min. 1st Qu.  Median    Mean 3rd Qu.    Max. \n  1e-08   1e-08   1e-08   1e-08   1e-08   1e-08 \nDEBUG: All zeros? FALSE \nDEBUG: Any infinities? FALSE \nWARNING:  cots_pred  contains all zeros or infinities\nInvalid predictions detected - applying penalty\n\nFinal objective function value: NA \n\nJSON_REPORT_START\n{\n  \"status\": \"SUCCESS\",\n  \"objective_value\": null,\n  \"model_summary\": [\"            Length Class  Mode     \", \"par         9      -none- numeric  \", \"objective   1      -none- numeric  \", \"convergence 1      -none- numeric  \", \"iterations  1      -none- numeric  \", \"evaluations 2      -none- numeric  \", \"message     1      -none- character\"],\n  \"model_report\": {\n    \"cots_pred\": 1e-08,\n    \"nll\": 50.5932,\n    \"fast_pred\": 1e-08,\n    \"slow_pred\": 1e-08\n  },\n  \"plot_data\": {\n    \"cots_pred\": {\n      \"Year\": [1980, 1981, 1982, 1983, 1984, 1985, 1986, 1987, 1988, 1989, 1990, 1991, 1992, 1993, 1994, 1995, 1996, 1997, 1998, 1999, 2000, 2001, 2002, 2003, 2004, 2005],\n      \"Modeled\": [1e-08, 1e-08, 1e-08, 1e-08, 1e-08, 1e-08, 1e-08, 1e-08, 1e-08, 1e-08, 1e-08, 1e-08, 1e-08, 1e-08, 1e-08, 1e-08, 1e-08, 1e-08, 1e-08, 1e-08, 1e-08, 1e-08, 1e-08, 1e-08, 1e-08, 1e-08],\n      \"Observed\": [0.2615, 0.5498, 0.7268, 0.5523, 0.8281, 0.547, 0.758, 0.6288, 0.4762, 0.6466, 0.9107, 2.152, 0.6446, 1.6723, 0.4766, 0.8075, 0.3635, 0.3728, 0.6173, 0.3107, 0.256, 0.2984, 0.3362, 0.2878, 0.3221, 0.4308]\n    },\n    \"slow_pred\": {\n      \"Year\": [1980, 1981, 1982, 1983, 1984, 1985, 1986, 1987, 1988, 1989, 1990, 1991, 1992, 1993, 1994, 1995, 1996, 1997, 1998, 1999, 2000, 2001, 2002, 2003, 2004, 2005],\n      \"Modeled\": [1e-08, 1e-08, 1e-08, 1e-08, 1e-08, 1e-08, 1e-08, 1e-08, 1e-08, 1e-08, 1e-08, 1e-08, 1e-08, 1e-08, 1e-08, 1e-08, 1e-08, 1e-08, 1e-08, 1e-08, 1e-08, 1e-08, 1e-08, 1e-08, 1e-08, 1e-08],\n      \"Observed\": [10.0694, 17.7236, 23.8276, 19.4181, 15.6354, 32.4596, 21.5567, 34.1938, 18.8708, 27.3176, 44.3301, 13.3275, 11.3741, 8.3362, 15.207, 12.443, 11.0666, 10.6442, 2.3628, 2.76, 3.7236, 7.0355, 10.2239, 8.4754, 9.0819, 13.7314]\n    },\n    \"fast_pred\": {\n      \"Year\": [1980, 1981, 1982, 1983, 1984, 1985, 1986, 1987, 1988, 1989, 1990, 1991, 1992, 1993, 1994, 1995, 1996, 1997, 1998, 1999, 2000, 2001, 2002, 2003, 2004, 2005],\n      \"Modeled\": [1e-08, 1e-08, 1e-08, 1e-08, 1e-08, 1e-08, 1e-08, 1e-08, 1e-08, 1e-08, 1e-08, 1e-08, 1e-08, 1e-08, 1e-08, 1e-08, 1e-08, 1e-08, 1e-08, 1e-08, 1e-08, 1e-08, 1e-08, 1e-08, 1e-08, 1e-08],\n      \"Observed\": [12.7726, 16.4147, 12.7773, 12.2798, 15.1152, 12.8194, 10.4631, 9.7251, 13.2014, 16.4512, 11.1393, 18.0832, 11.5223, 8.51, 9.1622, 5.3353, 8.6044, 7.2781, 2.629, 4.6951, 1.5948, 5.2172, 2.6041, 3.3618, 7.3289, 4.4014]\n    }\n  }\n}\nJSON_REPORT_END",
      "stderr": "Loading required package: TMB\nLoading required package: jsonlite\nhere() starts at C:/Users/spi085/OneDrive - CSIRO/Documents/_Projects/SCCP-QuantModelling\nusing C++ compiler: 'G__~1.EXE (GCC) 13.2.0'"
    },
    "6": {
      "status": "ERROR",
      "message": "Model failed to compile.",
      "stdout": "g++ -std=gnu++17  -I\"C:/Users/spi085/AppData/Local/Programs/R/R-4.4.1/include\" -DNDEBUG -I\"C:/Users/spi085/AppData/Local/Programs/R/R-44~1.1/library/TMB/include\" -I\"C:/Users/spi085/AppData/Local/Programs/R/R-44~1.1/library/RCPPEI~1/include\"   -DTMB_EIGEN_DISABLE_WARNINGS   -DTMB_LIB_INIT=R_init_model  -DCPPAD_FRAMEWORK    -I\"C:/rtools44/x86_64-w64-mingw32.static.posix/include\"     -O2 -Wa,-mbig-obj -c POPULATIONS//POPULATION_0008//INDIVIDUAL_HG5JQFTO/model.cpp -o POPULATIONS//POPULATION_0008//INDIVIDUAL_HG5JQFTO/model.o",
      "stderr": "Loading required package: TMB\nLoading required package: jsonlite\nhere() starts at C:/Users/spi085/OneDrive - CSIRO/Documents/_Projects/SCCP-QuantModelling\nusing C++ compiler: 'G__~1.EXE (GCC) 13.2.0'\nPOPULATIONS//POPULATION_0008//INDIVIDUAL_HG5JQFTO/model.cpp: In instantiation of 'Type objective_function<Type>::operator()() [with Type = CppAD::AD<double>]':\nC:/Users/spi085/AppData/Local/Programs/R/R-4.4.1/library/TMB/include/tmb_core.hpp:1308:6:   required from here\nPOPULATIONS//POPULATION_0008//INDIVIDUAL_HG5JQFTO/model.cpp:69:30: error: 'posfun' was not declared in this scope\n   69 |     cots_pred(t + 1) = posfun(cots_pred(t + 1), eps, nll);\n      |                        ~~~~~~^~~~~~~~~~~~~~~~~~~~~~~~~~~~\nPOPULATIONS//POPULATION_0008//INDIVIDUAL_HG5JQFTO/model.cpp:70:30: error: 'posfun' was not declared in this scope, and no declarations were found by argument-dependent lookup at the point of instantiation\n   70 |     slow_pred(t + 1) = posfun(slow_pred(t + 1), eps, nll);\n      |                        ~~~~~~^~~~~~~~~~~~~~~~~~~~~~~~~~~~\nPOPULATIONS//POPULATION_0008//INDIVIDUAL_HG5JQFTO/model.cpp:69:30: note: 'posfun' declared here, later in the translation unit\n   69 |     cots_pred(t + 1) = posfun(cots_pred(t + 1), eps, nll);\n      |                        ~~~~~~^~~~~~~~~~~~~~~~~~~~~~~~~~~~\nPOPULATIONS//POPULATION_0008//INDIVIDUAL_HG5JQFTO/model.cpp:71:30: error: 'posfun' was not declared in this scope, and no declarations were found by argument-dependent lookup at the point of instantiation\n   71 |     fast_pred(t + 1) = posfun(fast_pred(t + 1), eps, nll);\n      |                        ~~~~~~^~~~~~~~~~~~~~~~~~~~~~~~~~~~\nPOPULATIONS//POPULATION_0008//INDIVIDUAL_HG5JQFTO/model.cpp:69:30: note: 'posfun' declared here, later in the translation unit\n   69 |     cots_pred(t + 1) = posfun(cots_pred(t + 1), eps, nll);\n      |                        ~~~~~~^~~~~~~~~~~~~~~~~~~~~~~~~~~~\nPOPULATIONS//POPULATION_0008//INDIVIDUAL_HG5JQFTO/model.cpp: In instantiation of 'Type objective_function<Type>::operator()() [with Type = double]':\nC:/Users/spi085/AppData/Local/Programs/R/R-4.4.1/library/TMB/include/tmb_core.hpp:2031:7:   required from here\nPOPULATIONS//POPULATION_0008//INDIVIDUAL_HG5JQFTO/model.cpp:69:30: error: 'posfun' was not declared in this scope\nPOPULATIONS//POPULATION_0008//INDIVIDUAL_HG5JQFTO/model.cpp:70:30: error: 'posfun' was not declared in this scope, and no declarations were found by argument-dependent lookup at the point of instantiation\n   70 |     slow_pred(t + 1) = posfun(slow_pred(t + 1), eps, nll);\n      |                        ~~~~~~^~~~~~~~~~~~~~~~~~~~~~~~~~~~\nPOPULATIONS//POPULATION_0008//INDIVIDUAL_HG5JQFTO/model.cpp:69:30: note: 'posfun' declared here, later in the translation unit\n   69 |     cots_pred(t + 1) = posfun(cots_pred(t + 1), eps, nll);\n      |                        ~~~~~~^~~~~~~~~~~~~~~~~~~~~~~~~~~~\nPOPULATIONS//POPULATION_0008//INDIVIDUAL_HG5JQFTO/model.cpp:71:30: error: 'posfun' was not declared in this scope, and no declarations were found by argument-dependent lookup at the point of instantiation\n   71 |     fast_pred(t + 1) = posfun(fast_pred(t + 1), eps, nll);\n      |                        ~~~~~~^~~~~~~~~~~~~~~~~~~~~~~~~~~~\nPOPULATIONS//POPULATION_0008//INDIVIDUAL_HG5JQFTO/model.cpp:69:30: note: 'posfun' declared here, later in the translation unit\n   69 |     cots_pred(t + 1) = posfun(cots_pred(t + 1), eps, nll);\n      |                        ~~~~~~^~~~~~~~~~~~~~~~~~~~~~~~~~~~\nPOPULATIONS//POPULATION_0008//INDIVIDUAL_HG5JQFTO/model.cpp: In instantiation of 'Type objective_function<Type>::operator()() [with Type = CppAD::AD<CppAD::AD<double> >]':\nC:/Users/spi085/AppData/Local/Programs/R/R-4.4.1/library/TMB/include/tmb_core.hpp:913:29:   required from 'Type objective_function<Type>::evalUserTemplate() [with Type = CppAD::AD<CppAD::AD<double> >]'\nC:/Users/spi085/AppData/Local/Programs/R/R-4.4.1/library/TMB/include/tmb_core.hpp:2112:26:   required from here\nPOPULATIONS//POPULATION_0008//INDIVIDUAL_HG5JQFTO/model.cpp:69:30: error: 'posfun' was not declared in this scope\nPOPULATIONS//POPULATION_0008//INDIVIDUAL_HG5JQFTO/model.cpp:70:30: error: 'posfun' was not declared in this scope, and no declarations were found by argument-dependent lookup at the point of instantiation\n   70 |     slow_pred(t + 1) = posfun(slow_pred(t + 1), eps, nll);\n      |                        ~~~~~~^~~~~~~~~~~~~~~~~~~~~~~~~~~~\nPOPULATIONS//POPULATION_0008//INDIVIDUAL_HG5JQFTO/model.cpp:69:30: note: 'posfun' declared here, later in the translation unit\n   69 |     cots_pred(t + 1) = posfun(cots_pred(t + 1), eps, nll);\n      |                        ~~~~~~^~~~~~~~~~~~~~~~~~~~~~~~~~~~\nPOPULATIONS//POPULATION_0008//INDIVIDUAL_HG5JQFTO/model.cpp:71:30: error: 'posfun' was not declared in this scope, and no declarations were found by argument-dependent lookup at the point of instantiation\n   71 |     fast_pred(t + 1) = posfun(fast_pred(t + 1), eps, nll);\n      |                        ~~~~~~^~~~~~~~~~~~~~~~~~~~~~~~~~~~\nPOPULATIONS//POPULATION_0008//INDIVIDUAL_HG5JQFTO/model.cpp:69:30: note: 'posfun' declared here, later in the translation unit\n   69 |     cots_pred(t + 1) = posfun(cots_pred(t + 1), eps, nll);\n      |                        ~~~~~~^~~~~~~~~~~~~~~~~~~~~~~~~~~~\nPOPULATIONS//POPULATION_0008//INDIVIDUAL_HG5JQFTO/model.cpp: In instantiation of 'Type objective_function<Type>::operator()() [with Type = CppAD::AD<CppAD::AD<CppAD::AD<double> > >]':\nC:/Users/spi085/AppData/Local/Programs/R/R-4.4.1/library/TMB/include/tmb_core.hpp:913:29:   required from 'Type objective_function<Type>::evalUserTemplate() [with Type = CppAD::AD<CppAD::AD<CppAD::AD<double> > >]'\nC:/Users/spi085/AppData/Local/Programs/R/R-4.4.1/library/TMB/include/tmb_core.hpp:2361:28:   required from here\nPOPULATIONS//POPULATION_0008//INDIVIDUAL_HG5JQFTO/model.cpp:69:30: error: 'posfun' was not declared in this scope\nPOPULATIONS//POPULATION_0008//INDIVIDUAL_HG5JQFTO/model.cpp:70:30: error: 'posfun' was not declared in this scope, and no declarations were found by argument-dependent lookup at the point of instantiation\n   70 |     slow_pred(t + 1) = posfun(slow_pred(t + 1), eps, nll);\n      |                        ~~~~~~^~~~~~~~~~~~~~~~~~~~~~~~~~~~\nPOPULATIONS//POPULATION_0008//INDIVIDUAL_HG5JQFTO/model.cpp:69:30: note: 'posfun' declared here, later in the translation unit\n   69 |     cots_pred(t + 1) = posfun(cots_pred(t + 1), eps, nll);\n      |                        ~~~~~~^~~~~~~~~~~~~~~~~~~~~~~~~~~~\nPOPULATIONS//POPULATION_0008//INDIVIDUAL_HG5JQFTO/model.cpp:71:30: error: 'posfun' was not declared in this scope, and no declarations were found by argument-dependent lookup at the point of instantiation\n   71 |     fast_pred(t + 1) = posfun(fast_pred(t + 1), eps, nll);\n      |                        ~~~~~~^~~~~~~~~~~~~~~~~~~~~~~~~~~~\nPOPULATIONS//POPULATION_0008//INDIVIDUAL_HG5JQFTO/model.cpp:69:30: note: 'posfun' declared here, later in the translation unit\n   69 |     cots_pred(t + 1) = posfun(cots_pred(t + 1), eps, nll);\n      |                        ~~~~~~^~~~~~~~~~~~~~~~~~~~~~~~~~~~\nmake: *** [C:/Users/spi085/AppData/Local/Programs/R/R-4.4.1/etc/x64/Makeconf:296: POPULATIONS//POPULATION_0008//INDIVIDUAL_HG5JQFTO/model.o] Error 1\nError in TMB::compile(file.path(individual_dir, model_file), flags = flags,  : \n  Compilation failed\nError: Compilation failed\nExecution halted"
    },
    "7": {
      "status": "SUCCESS",
      "objective_value": null,
      "model_summary": [
        "            Length Class  Mode     ",
        "par         9      -none- numeric  ",
        "objective   1      -none- numeric  ",
        "convergence 1      -none- numeric  ",
        "iterations  1      -none- numeric  ",
        "evaluations 2      -none- numeric  ",
        "message     1      -none- character"
      ],
      "model_report": {
        "cots_pred": 0,
        "nll": -3.4578,
        "fast_pred": 0,
        "slow_pred": 0
      },
      "plot_data": {
        "cots_pred": {
          "Year": [
            1980,
            1981,
            1982,
            1983,
            1984,
            1985,
            1986,
            1987,
            1988,
            1989,
            1990,
            1991,
            1992,
            1993,
            1994,
            1995,
            1996,
            1997,
            1998,
            1999,
            2000,
            2001,
            2002,
            2003,
            2004,
            2005
          ],
          "Modeled": [
            0,
            0,
            0,
            0,
            0,
            0,
            0,
            0,
            0,
            0,
            0,
            0,
            0,
            0,
            0,
            0,
            0,
            0,
            0,
            0,
            0,
            0,
            0,
            0,
            0,
            0
          ],
          "Observed": [
            0.2615,
            0.5498,
            0.7268,
            0.5523,
            0.8281,
            0.547,
            0.758,
            0.6288,
            0.4762,
            0.6466,
            0.9107,
            2.152,
            0.6446,
            1.6723,
            0.4766,
            0.8075,
            0.3635,
            0.3728,
            0.6173,
            0.3107,
            0.256,
            0.2984,
            0.3362,
            0.2878,
            0.3221,
            0.4308
          ]
        },
        "slow_pred": {
          "Year": [
            1980,
            1981,
            1982,
            1983,
            1984,
            1985,
            1986,
            1987,
            1988,
            1989,
            1990,
            1991,
            1992,
            1993,
            1994,
            1995,
            1996,
            1997,
            1998,
            1999,
            2000,
            2001,
            2002,
            2003,
            2004,
            2005
          ],
          "Modeled": [
            0,
            0,
            0,
            0,
            0,
            0,
            0,
            0,
            0,
            0,
            0,
            0,
            0,
            0,
            0,
            0,
            0,
            0,
            0,
            0,
            0,
            0,
            0,
            0,
            0,
            0
          ],
          "Observed": [
            10.0694,
            17.7236,
            23.8276,
            19.4181,
            15.6354,
            32.4596,
            21.5567,
            34.1938,
            18.8708,
            27.3176,
            44.3301,
            13.3275,
            11.3741,
            8.3362,
            15.207,
            12.443,
            11.0666,
            10.6442,
            2.3628,
            2.76,
            3.7236,
            7.0355,
            10.2239,
            8.4754,
            9.0819,
            13.7314
          ]
        },
        "fast_pred": {
          "Year": [
            1980,
            1981,
            1982,
            1983,
            1984,
            1985,
            1986,
            1987,
            1988,
            1989,
            1990,
            1991,
            1992,
            1993,
            1994,
            1995,
            1996,
            1997,
            1998,
            1999,
            2000,
            2001,
            2002,
            2003,
            2004,
            2005
          ],
          "Modeled": [
            0,
            0,
            0,
            0,
            0,
            0,
            0,
            0,
            0,
            0,
            0,
            0,
            0,
            0,
            0,
            0,
            0,
            0,
            0,
            0,
            0,
            0,
            0,
            0,
            0,
            0
          ],
          "Observed": [
            12.7726,
            16.4147,
            12.7773,
            12.2798,
            15.1152,
            12.8194,
            10.4631,
            9.7251,
            13.2014,
            16.4512,
            11.1393,
            18.0832,
            11.5223,
            8.51,
            9.1622,
            5.3353,
            8.6044,
            7.2781,
            2.629,
            4.6951,
            1.5948,
            5.2172,
            2.6041,
            3.3618,
            7.3289,
            4.4014
          ]
        }
      },
      "stdout": "g++ -std=gnu++17  -I\"C:/Users/spi085/AppData/Local/Programs/R/R-4.4.1/include\" -DNDEBUG -I\"C:/Users/spi085/AppData/Local/Programs/R/R-44~1.1/library/TMB/include\" -I\"C:/Users/spi085/AppData/Local/Programs/R/R-44~1.1/library/RCPPEI~1/include\"   -DTMB_EIGEN_DISABLE_WARNINGS   -DTMB_LIB_INIT=R_init_model  -DCPPAD_FRAMEWORK    -I\"C:/rtools44/x86_64-w64-mingw32.static.posix/include\"     -O2 -Wa,-mbig-obj -c POPULATIONS//POPULATION_0008//INDIVIDUAL_HG5JQFTO/model.cpp -o POPULATIONS//POPULATION_0008//INDIVIDUAL_HG5JQFTO/model.o\ng++ -std=gnu++17 -shared -s -static-libgcc -o POPULATIONS//POPULATION_0008//INDIVIDUAL_HG5JQFTO/model.dll tmp.def POPULATIONS//POPULATION_0008//INDIVIDUAL_HG5JQFTO/model.o -LC:/rtools44/x86_64-w64-mingw32.static.posix/lib/x64 -LC:/rtools44/x86_64-w64-mingw32.static.posix/lib -LC:/Users/spi085/AppData/Local/Programs/R/R-4.4.1/bin/x64 -lR\nStarting model phases\nNumber of phases: 3 \nPhase 1 \nInitial parameter values for phase 1 :\n    r_cots     g_slow     g_fast alpha_slow alpha_fast \n       0.8        0.2        0.4        0.3        0.6 \nFinal parameter values for phase 1 :\n    r_cots     g_slow     g_fast alpha_slow alpha_fast \n       0.8        0.2        0.4        0.3        0.6 \nConvergence message: both X-convergence and relative convergence (5) \nNumber of iterations: 1 \nObjective function value: -3.457792 \nGradient at solution for phase 1 :\n     [,1] [,2] [,3] [,4] [,5]\n[1,]    0    0    0    0    0\nPhase 2 \nInitial parameter values for phase 2 :\n K_cots K_coral \n      3      60 \nFinal parameter values for phase 2 :\n K_cots K_coral \n      3      60 \nConvergence message: both X-convergence and relative convergence (5) \nNumber of iterations: 1 \nObjective function value: -3.457792 \nGradient at solution for phase 2 :\n     [,1] [,2]\n[1,]    0    0\nPhase 3 \nInitial parameter values for phase 3 :\n  temp_opt temp_width \n        28          2 \nFinal parameter values for phase 3 :\n  temp_opt temp_width \n        28          2 \nConvergence message: both X-convergence and relative convergence (5) \nNumber of iterations: 1 \nObjective function value: -3.457792 \nGradient at solution for phase 3 :\n     [,1] [,2]\n[1,]    0    0\nFinal Phase\nInitial parameter values for final phase:\n    r_cots     K_cots   temp_opt temp_width     g_slow     g_fast    K_coral \n       0.8        3.0       28.0        2.0        0.2        0.4       60.0 \nalpha_slow alpha_fast \n       0.3        0.6 \nFinal parameter values for final phase:\n    r_cots     K_cots   temp_opt temp_width     g_slow     g_fast    K_coral \n       0.8        3.0       28.0        2.0        0.2        0.4       60.0 \nalpha_slow alpha_fast \n       0.3        0.6 \nConvergence message: both X-convergence and relative convergence (5) \nNumber of iterations: 1 \nObjective function value: -3.457792 \nGradient at solution for final phase:\n     [,1] [,2] [,3] [,4] [,5] [,6] [,7] [,8] [,9]\n[1,]    0    0    0    0    0    0    0    0    0\nAll phases completed\n\nDEBUG: Report contents:\nList of 4\n $ cots_pred: num 0\n $ nll      : num -3.46\n $ fast_pred: num 0\n $ slow_pred: num 0\nNULL\n\nDEBUG: Available variables in report:\n[1] \"cots_pred\" \"nll\"       \"fast_pred\" \"slow_pred\"\n\nChecking predictions and calculating objective function...\n\nDEBUG: Processing cots_pred \nDEBUG: First few predictions: 0 \nDEBUG: Summary statistics:\n   Min. 1st Qu.  Median    Mean 3rd Qu.    Max. \n      0       0       0       0       0       0 \nDEBUG: All zeros? TRUE \nDEBUG: Any infinities? FALSE \nWARNING:  cots_pred  contains all zeros or infinities\nInvalid predictions detected - applying penalty\n\nFinal objective function value: NA \n\nJSON_REPORT_START\n{\n  \"status\": \"SUCCESS\",\n  \"objective_value\": null,\n  \"model_summary\": [\"            Length Class  Mode     \", \"par         9      -none- numeric  \", \"objective   1      -none- numeric  \", \"convergence 1      -none- numeric  \", \"iterations  1      -none- numeric  \", \"evaluations 2      -none- numeric  \", \"message     1      -none- character\"],\n  \"model_report\": {\n    \"cots_pred\": 0,\n    \"nll\": -3.4578,\n    \"fast_pred\": 0,\n    \"slow_pred\": 0\n  },\n  \"plot_data\": {\n    \"cots_pred\": {\n      \"Year\": [1980, 1981, 1982, 1983, 1984, 1985, 1986, 1987, 1988, 1989, 1990, 1991, 1992, 1993, 1994, 1995, 1996, 1997, 1998, 1999, 2000, 2001, 2002, 2003, 2004, 2005],\n      \"Modeled\": [0, 0, 0, 0, 0, 0, 0, 0, 0, 0, 0, 0, 0, 0, 0, 0, 0, 0, 0, 0, 0, 0, 0, 0, 0, 0],\n      \"Observed\": [0.2615, 0.5498, 0.7268, 0.5523, 0.8281, 0.547, 0.758, 0.6288, 0.4762, 0.6466, 0.9107, 2.152, 0.6446, 1.6723, 0.4766, 0.8075, 0.3635, 0.3728, 0.6173, 0.3107, 0.256, 0.2984, 0.3362, 0.2878, 0.3221, 0.4308]\n    },\n    \"slow_pred\": {\n      \"Year\": [1980, 1981, 1982, 1983, 1984, 1985, 1986, 1987, 1988, 1989, 1990, 1991, 1992, 1993, 1994, 1995, 1996, 1997, 1998, 1999, 2000, 2001, 2002, 2003, 2004, 2005],\n      \"Modeled\": [0, 0, 0, 0, 0, 0, 0, 0, 0, 0, 0, 0, 0, 0, 0, 0, 0, 0, 0, 0, 0, 0, 0, 0, 0, 0],\n      \"Observed\": [10.0694, 17.7236, 23.8276, 19.4181, 15.6354, 32.4596, 21.5567, 34.1938, 18.8708, 27.3176, 44.3301, 13.3275, 11.3741, 8.3362, 15.207, 12.443, 11.0666, 10.6442, 2.3628, 2.76, 3.7236, 7.0355, 10.2239, 8.4754, 9.0819, 13.7314]\n    },\n    \"fast_pred\": {\n      \"Year\": [1980, 1981, 1982, 1983, 1984, 1985, 1986, 1987, 1988, 1989, 1990, 1991, 1992, 1993, 1994, 1995, 1996, 1997, 1998, 1999, 2000, 2001, 2002, 2003, 2004, 2005],\n      \"Modeled\": [0, 0, 0, 0, 0, 0, 0, 0, 0, 0, 0, 0, 0, 0, 0, 0, 0, 0, 0, 0, 0, 0, 0, 0, 0, 0],\n      \"Observed\": [12.7726, 16.4147, 12.7773, 12.2798, 15.1152, 12.8194, 10.4631, 9.7251, 13.2014, 16.4512, 11.1393, 18.0832, 11.5223, 8.51, 9.1622, 5.3353, 8.6044, 7.2781, 2.629, 4.6951, 1.5948, 5.2172, 2.6041, 3.3618, 7.3289, 4.4014]\n    }\n  }\n}\nJSON_REPORT_END",
      "stderr": "Loading required package: TMB\nLoading required package: jsonlite\nhere() starts at C:/Users/spi085/OneDrive - CSIRO/Documents/_Projects/SCCP-QuantModelling\nusing C++ compiler: 'G__~1.EXE (GCC) 13.2.0'"
    },
    "8": {
      "status": "ERROR",
      "message": "Error processing model report: Objective function value is missing from the report",
      "stdout": "g++ -std=gnu++17  -I\"C:/Users/spi085/AppData/Local/Programs/R/R-4.4.1/include\" -DNDEBUG -I\"C:/Users/spi085/AppData/Local/Programs/R/R-44~1.1/library/TMB/include\" -I\"C:/Users/spi085/AppData/Local/Programs/R/R-44~1.1/library/RCPPEI~1/include\"   -DTMB_EIGEN_DISABLE_WARNINGS   -DTMB_LIB_INIT=R_init_model  -DCPPAD_FRAMEWORK    -I\"C:/rtools44/x86_64-w64-mingw32.static.posix/include\"     -O2 -Wa,-mbig-obj -c POPULATIONS//POPULATION_0008//INDIVIDUAL_HG5JQFTO/model.cpp -o POPULATIONS//POPULATION_0008//INDIVIDUAL_HG5JQFTO/model.o\ng++ -std=gnu++17 -shared -s -static-libgcc -o POPULATIONS//POPULATION_0008//INDIVIDUAL_HG5JQFTO/model.dll tmp.def POPULATIONS//POPULATION_0008//INDIVIDUAL_HG5JQFTO/model.o -LC:/rtools44/x86_64-w64-mingw32.static.posix/lib/x64 -LC:/rtools44/x86_64-w64-mingw32.static.posix/lib -LC:/Users/spi085/AppData/Local/Programs/R/R-4.4.1/bin/x64 -lR\nStarting model phases\nNumber of phases: 3 \nPhase 1 \nInitial parameter values for phase 1 :\n    r_cots     g_slow     g_fast alpha_slow alpha_fast \n       0.8        0.2        0.4        0.3        0.6 \nFinal parameter values for phase 1 :\n    r_cots     g_slow     g_fast alpha_slow alpha_fast \n       0.8        0.2        0.4        0.3        0.6 \nConvergence message: both X-convergence and relative convergence (5) \nNumber of iterations: 1 \nObjective function value: -3.457792 \nGradient at solution for phase 1 :\n     [,1] [,2] [,3] [,4] [,5]\n[1,]    0    0    0    0    0\nPhase 2 \nInitial parameter values for phase 2 :\n K_cots K_coral \n      3      60 \nFinal parameter values for phase 2 :\n K_cots K_coral \n      3      60 \nConvergence message: both X-convergence and relative convergence (5) \nNumber of iterations: 1 \nObjective function value: -3.457792 \nGradient at solution for phase 2 :\n     [,1] [,2]\n[1,]    0    0\nPhase 3 \nInitial parameter values for phase 3 :\n  temp_opt temp_width \n        28          2 \nFinal parameter values for phase 3 :\n  temp_opt temp_width \n        28          2 \nConvergence message: both X-convergence and relative convergence (5) \nNumber of iterations: 1 \nObjective function value: -3.457792 \nGradient at solution for phase 3 :\n     [,1] [,2]\n[1,]    0    0\nFinal Phase\nInitial parameter values for final phase:\n    r_cots     K_cots   temp_opt temp_width     g_slow     g_fast    K_coral \n       0.8        3.0       28.0        2.0        0.2        0.4       60.0 \nalpha_slow alpha_fast \n       0.3        0.6 \nFinal parameter values for final phase:\n    r_cots     K_cots   temp_opt temp_width     g_slow     g_fast    K_coral \n       0.8        3.0       28.0        2.0        0.2        0.4       60.0 \nalpha_slow alpha_fast \n       0.3        0.6 \nConvergence message: both X-convergence and relative convergence (5) \nNumber of iterations: 1 \nObjective function value: -3.457792 \nGradient at solution for final phase:\n     [,1] [,2] [,3] [,4] [,5] [,6] [,7] [,8] [,9]\n[1,]    0    0    0    0    0    0    0    0    0\nAll phases completed\n\nDEBUG: Report contents:\nList of 4\n $ cots_pred: num 0\n $ nll      : num -3.46\n $ fast_pred: num 0\n $ slow_pred: num 0\nNULL\n\nDEBUG: Available variables in report:\n[1] \"cots_pred\" \"nll\"       \"fast_pred\" \"slow_pred\"\n\nChecking predictions and calculating objective function...\n\nDEBUG: Processing cots_pred \nDEBUG: First few predictions: 0 \nDEBUG: Summary statistics:\n   Min. 1st Qu.  Median    Mean 3rd Qu.    Max. \n      0       0       0       0       0       0 \nDEBUG: All zeros? TRUE \nDEBUG: Any infinities? FALSE \nWARNING:  cots_pred  contains all zeros or infinities\nInvalid predictions detected - applying penalty\n\nFinal objective function value: NA \n\nJSON_REPORT_START\n{\n  \"status\": \"SUCCESS\",\n  \"objective_value\": null,\n  \"model_summary\": [\"            Length Class  Mode     \", \"par         9      -none- numeric  \", \"objective   1      -none- numeric  \", \"convergence 1      -none- numeric  \", \"iterations  1      -none- numeric  \", \"evaluations 2      -none- numeric  \", \"message     1      -none- character\"],\n  \"model_report\": {\n    \"cots_pred\": 0,\n    \"nll\": -3.4578,\n    \"fast_pred\": 0,\n    \"slow_pred\": 0\n  },\n  \"plot_data\": {\n    \"cots_pred\": {\n      \"Year\": [1980, 1981, 1982, 1983, 1984, 1985, 1986, 1987, 1988, 1989, 1990, 1991, 1992, 1993, 1994, 1995, 1996, 1997, 1998, 1999, 2000, 2001, 2002, 2003, 2004, 2005],\n      \"Modeled\": [0, 0, 0, 0, 0, 0, 0, 0, 0, 0, 0, 0, 0, 0, 0, 0, 0, 0, 0, 0, 0, 0, 0, 0, 0, 0],\n      \"Observed\": [0.2615, 0.5498, 0.7268, 0.5523, 0.8281, 0.547, 0.758, 0.6288, 0.4762, 0.6466, 0.9107, 2.152, 0.6446, 1.6723, 0.4766, 0.8075, 0.3635, 0.3728, 0.6173, 0.3107, 0.256, 0.2984, 0.3362, 0.2878, 0.3221, 0.4308]\n    },\n    \"slow_pred\": {\n      \"Year\": [1980, 1981, 1982, 1983, 1984, 1985, 1986, 1987, 1988, 1989, 1990, 1991, 1992, 1993, 1994, 1995, 1996, 1997, 1998, 1999, 2000, 2001, 2002, 2003, 2004, 2005],\n      \"Modeled\": [0, 0, 0, 0, 0, 0, 0, 0, 0, 0, 0, 0, 0, 0, 0, 0, 0, 0, 0, 0, 0, 0, 0, 0, 0, 0],\n      \"Observed\": [10.0694, 17.7236, 23.8276, 19.4181, 15.6354, 32.4596, 21.5567, 34.1938, 18.8708, 27.3176, 44.3301, 13.3275, 11.3741, 8.3362, 15.207, 12.443, 11.0666, 10.6442, 2.3628, 2.76, 3.7236, 7.0355, 10.2239, 8.4754, 9.0819, 13.7314]\n    },\n    \"fast_pred\": {\n      \"Year\": [1980, 1981, 1982, 1983, 1984, 1985, 1986, 1987, 1988, 1989, 1990, 1991, 1992, 1993, 1994, 1995, 1996, 1997, 1998, 1999, 2000, 2001, 2002, 2003, 2004, 2005],\n      \"Modeled\": [0, 0, 0, 0, 0, 0, 0, 0, 0, 0, 0, 0, 0, 0, 0, 0, 0, 0, 0, 0, 0, 0, 0, 0, 0, 0],\n      \"Observed\": [12.7726, 16.4147, 12.7773, 12.2798, 15.1152, 12.8194, 10.4631, 9.7251, 13.2014, 16.4512, 11.1393, 18.0832, 11.5223, 8.51, 9.1622, 5.3353, 8.6044, 7.2781, 2.629, 4.6951, 1.5948, 5.2172, 2.6041, 3.3618, 7.3289, 4.4014]\n    }\n  }\n}\nJSON_REPORT_END",
      "stderr": "Loading required package: TMB\nLoading required package: jsonlite\nhere() starts at C:/Users/spi085/OneDrive - CSIRO/Documents/_Projects/SCCP-QuantModelling\nusing C++ compiler: 'G__~1.EXE (GCC) 13.2.0'"
    },
    "9": {
      "status": "BROKEN"
    }
  }
}