{
  "iterations": {
    "1": {
      "status": "ERROR",
      "message": "R script failed with return code 1",
      "stdout": "g++ -std=gnu++17  -I\"C:/Users/spi085/AppData/Local/Programs/R/R-4.4.1/include\" -DNDEBUG -I\"C:/Users/spi085/AppData/Local/Programs/R/R-44~1.1/library/TMB/include\" -I\"C:/Users/spi085/AppData/Local/Programs/R/R-44~1.1/library/RCPPEI~1/include\"   -DTMB_EIGEN_DISABLE_WARNINGS   -DTMB_LIB_INIT=R_init_model  -DCPPAD_FRAMEWORK    -I\"C:/rtools44/x86_64-w64-mingw32.static.posix/include\"     -O2 -Wa,-mbig-obj -c POPULATIONS//POPULATION_0009//INDIVIDUAL_ZWXB1505/model.cpp -o POPULATIONS//POPULATION_0009//INDIVIDUAL_ZWXB1505/model.o\ng++ -std=gnu++17 -shared -s -static-libgcc -o POPULATIONS//POPULATION_0009//INDIVIDUAL_ZWXB1505/model.dll tmp.def POPULATIONS//POPULATION_0009//INDIVIDUAL_ZWXB1505/model.o -LC:/rtools44/x86_64-w64-mingw32.static.posix/lib/x64 -LC:/rtools44/x86_64-w64-mingw32.static.posix/lib -LC:/Users/spi085/AppData/Local/Programs/R/R-4.4.1/bin/x64 -lR\nStarting model phases\nNumber of phases: 4 \nPhase 1 \nInitial parameter values for phase 1 :\n     log_r log_a_slow log_a_fast \n      -0.5       -2.3       -1.6 \nFinal parameter values for phase 1 :\n     log_r log_a_slow log_a_fast \n      -0.5       -2.3       -1.6 \nConvergence message: both X-convergence and relative convergence (5) \nNumber of iterations: 1 \nObjective function value: Inf \nGradient at solution for phase 1 :\n     [,1] [,2] [,3]\n[1,]    0    0    0\nPhase 2 \nInitial parameter values for phase 2 :\n     log_K log_g_slow log_g_fast \n       0.7       -2.3       -1.6 \nFinal parameter values for phase 2 :\n     log_K log_g_slow log_g_fast \n       0.7       -2.3       -1.6 \nConvergence message: both X-convergence and relative convergence (5) \nNumber of iterations: 1 \nObjective function value: Inf \nGradient at solution for phase 2 :\n     [,1] [,2] [,3]\n[1,]    0    0    0\nPhase 3 \nInitial parameter values for phase 3 :\n    temp_opt  log_sd_cots log_sd_coral \n        28.0         -1.6         -2.3 \nError in model phases: NA/NaN gradient evaluation",
      "stderr": "Loading required package: TMB\nLoading required package: jsonlite\nhere() starts at C:/Users/spi085/OneDrive - CSIRO/Documents/_Projects/SCCP-QuantModelling\nusing C++ compiler: 'G__~1.EXE (GCC) 13.2.0'\nError in value[[3L]](cond) : \n  Error in model phases: NA/NaN gradient evaluation\nCalls: tryCatch -> tryCatchList -> tryCatchOne -> <Anonymous>\nIn addition: Warning messages:\n1: In nlminb(model$par, model$fn, model$gr) : NA/NaN function evaluation\n2: In nlminb(model$par, model$fn, model$gr) : NA/NaN function evaluation\n3: In nlminb(model$par, model$fn, model$gr) : NA/NaN function evaluation\n4: In nlminb(model$par, model$fn, model$gr) : NA/NaN function evaluation\n5: In nlminb(model$par, model$fn, model$gr) : NA/NaN function evaluation\nExecution halted"
    },
    "2": {
      "status": "ERROR",
      "message": "Model failed to compile.",
      "stdout": "g++ -std=gnu++17  -I\"C:/Users/spi085/AppData/Local/Programs/R/R-4.4.1/include\" -DNDEBUG -I\"C:/Users/spi085/AppData/Local/Programs/R/R-44~1.1/library/TMB/include\" -I\"C:/Users/spi085/AppData/Local/Programs/R/R-44~1.1/library/RCPPEI~1/include\"   -DTMB_EIGEN_DISABLE_WARNINGS   -DTMB_LIB_INIT=R_init_model  -DCPPAD_FRAMEWORK    -I\"C:/rtools44/x86_64-w64-mingw32.static.posix/include\"     -O2 -Wa,-mbig-obj -c POPULATIONS//POPULATION_0009//INDIVIDUAL_ZWXB1505/model.cpp -o POPULATIONS//POPULATION_0009//INDIVIDUAL_ZWXB1505/model.o",
      "stderr": "Loading required package: TMB\nLoading required package: jsonlite\nhere() starts at C:/Users/spi085/OneDrive - CSIRO/Documents/_Projects/SCCP-QuantModelling\nusing C++ compiler: 'G__~1.EXE (GCC) 13.2.0'\nPOPULATIONS//POPULATION_0009//INDIVIDUAL_ZWXB1505/model.cpp: In instantiation of 'Type objective_function<Type>::operator()() [with Type = CppAD::AD<double>]':\nC:/Users/spi085/AppData/Local/Programs/R/R-4.4.1/library/TMB/include/tmb_core.hpp:1308:6:   required from here\nPOPULATIONS//POPULATION_0009//INDIVIDUAL_ZWXB1505/model.cpp:68:38: error: no matching function for call to 'min(CppAD::AD<double>&, CppAD::AD<double>)'\n   68 |     slow_pred(t) = slow_pred(t) - min(slow_loss, slow_pred(t) * Type(0.99));\n      |                                   ~~~^~~~~~~~~~~~~~~~~~~~~~~~~~~~~~~~~~~~~~\nIn file included from C:/Users/spi085/AppData/Local/Programs/R/R-4.4.1/library/TMB/include/TMB.hpp:215,\n                 from POPULATIONS//POPULATION_0009//INDIVIDUAL_ZWXB1505/model.cpp:1:\nC:/Users/spi085/AppData/Local/Programs/R/R-4.4.1/library/TMB/include/convenience.hpp:156:6: note: candidate: 'template<class Type> Type min(const tmbutils::vector<Type>&)'\n  156 | Type min(const vector<Type> &x)\n      |      ^~~\nC:/Users/spi085/AppData/Local/Programs/R/R-4.4.1/library/TMB/include/convenience.hpp:156:6: note:   template argument deduction/substitution failed:\nPOPULATIONS//POPULATION_0009//INDIVIDUAL_ZWXB1505/model.cpp:68:38: note:   'CppAD::AD<double>' is not derived from 'const tmbutils::vector<Type>'\n   68 |     slow_pred(t) = slow_pred(t) - min(slow_loss, slow_pred(t) * Type(0.99));\n      |                                   ~~~^~~~~~~~~~~~~~~~~~~~~~~~~~~~~~~~~~~~~~\nPOPULATIONS//POPULATION_0009//INDIVIDUAL_ZWXB1505/model.cpp:71:38: error: no matching function for call to 'min(CppAD::AD<double>&, CppAD::AD<double>)'\n   71 |     fast_pred(t) = fast_pred(t) - min(fast_loss, fast_pred(t) * Type(0.99));\n      |                                   ~~~^~~~~~~~~~~~~~~~~~~~~~~~~~~~~~~~~~~~~~\nC:/Users/spi085/AppData/Local/Programs/R/R-4.4.1/library/TMB/include/convenience.hpp:156:6: note: candidate: 'template<class Type> Type min(const tmbutils::vector<Type>&)'\n  156 | Type min(const vector<Type> &x)\n      |      ^~~\nC:/Users/spi085/AppData/Local/Programs/R/R-4.4.1/library/TMB/include/convenience.hpp:156:6: note:   template argument deduction/substitution failed:\nPOPULATIONS//POPULATION_0009//INDIVIDUAL_ZWXB1505/model.cpp:71:38: note:   'CppAD::AD<double>' is not derived from 'const tmbutils::vector<Type>'\n   71 |     fast_pred(t) = fast_pred(t) - min(fast_loss, fast_pred(t) * Type(0.99));\n      |                                   ~~~^~~~~~~~~~~~~~~~~~~~~~~~~~~~~~~~~~~~~~\nPOPULATIONS//POPULATION_0009//INDIVIDUAL_ZWXB1505/model.cpp:74:32: error: no matching function for call to 'min(Eigen::DenseCoeffsBase<Eigen::Array<CppAD::AD<double>, -1, 1, 0, -1, 1>, 1>::Scalar&, CppAD::AD<double>)'\n   74 |     cots_pred(t) = max(eps, min(cots_pred(t), K * Type(2.0)));\n      |                             ~~~^~~~~~~~~~~~~~~~~~~~~~~~~~~~~\nC:/Users/spi085/AppData/Local/Programs/R/R-4.4.1/library/TMB/include/convenience.hpp:156:6: note: candidate: 'template<class Type> Type min(const tmbutils::vector<Type>&)'\n  156 | Type min(const vector<Type> &x)\n      |      ^~~\nC:/Users/spi085/AppData/Local/Programs/R/R-4.4.1/library/TMB/include/convenience.hpp:156:6: note:   template argument deduction/substitution failed:\nPOPULATIONS//POPULATION_0009//INDIVIDUAL_ZWXB1505/model.cpp:74:32: note:   'Eigen::DenseCoeffsBase<Eigen::Array<CppAD::AD<double>, -1, 1, 0, -1, 1>, 1>::Scalar' {aka 'CppAD::AD<double>'} is not derived from 'const tmbutils::vector<Type>'\n   74 |     cots_pred(t) = max(eps, min(cots_pred(t), K * Type(2.0)));\n      |                             ~~~^~~~~~~~~~~~~~~~~~~~~~~~~~~~~\nPOPULATIONS//POPULATION_0009//INDIVIDUAL_ZWXB1505/model.cpp:75:32: error: no matching function for call to 'min(Eigen::DenseCoeffsBase<Eigen::Array<CppAD::AD<double>, -1, 1, 0, -1, 1>, 1>::Scalar&, CppAD::AD<double>)'\n   75 |     slow_pred(t) = max(eps, min(slow_pred(t), Type(100.0)));\n      |                             ~~~^~~~~~~~~~~~~~~~~~~~~~~~~~~\nC:/Users/spi085/AppData/Local/Programs/R/R-4.4.1/library/TMB/include/convenience.hpp:156:6: note: candidate: 'template<class Type> Type min(const tmbutils::vector<Type>&)'\n  156 | Type min(const vector<Type> &x)\n      |      ^~~\nC:/Users/spi085/AppData/Local/Programs/R/R-4.4.1/library/TMB/include/convenience.hpp:156:6: note:   template argument deduction/substitution failed:\nPOPULATIONS//POPULATION_0009//INDIVIDUAL_ZWXB1505/model.cpp:75:32: note:   'Eigen::DenseCoeffsBase<Eigen::Array<CppAD::AD<double>, -1, 1, 0, -1, 1>, 1>::Scalar' {aka 'CppAD::AD<double>'} is not derived from 'const tmbutils::vector<Type>'\n   75 |     slow_pred(t) = max(eps, min(slow_pred(t), Type(100.0)));\n      |                             ~~~^~~~~~~~~~~~~~~~~~~~~~~~~~~\nPOPULATIONS//POPULATION_0009//INDIVIDUAL_ZWXB1505/model.cpp:76:32: error: no matching function for call to 'min(Eigen::DenseCoeffsBase<Eigen::Array<CppAD::AD<double>, -1, 1, 0, -1, 1>, 1>::Scalar&, CppAD::AD<double>)'\n   76 |     fast_pred(t) = max(eps, min(fast_pred(t), Type(100.0)));\n      |                             ~~~^~~~~~~~~~~~~~~~~~~~~~~~~~~\nC:/Users/spi085/AppData/Local/Programs/R/R-4.4.1/library/TMB/include/convenience.hpp:156:6: note: candidate: 'template<class Type> Type min(const tmbutils::vector<Type>&)'\n  156 | Type min(const vector<Type> &x)\n      |      ^~~\nC:/Users/spi085/AppData/Local/Programs/R/R-4.4.1/library/TMB/include/convenience.hpp:156:6: note:   template argument deduction/substitution failed:\nPOPULATIONS//POPULATION_0009//INDIVIDUAL_ZWXB1505/model.cpp:76:32: note:   'Eigen::DenseCoeffsBase<Eigen::Array<CppAD::AD<double>, -1, 1, 0, -1, 1>, 1>::Scalar' {aka 'CppAD::AD<double>'} is not derived from 'const tmbutils::vector<Type>'\n   76 |     fast_pred(t) = max(eps, min(fast_pred(t), Type(100.0)));\n      |                             ~~~^~~~~~~~~~~~~~~~~~~~~~~~~~~\nPOPULATIONS//POPULATION_0009//INDIVIDUAL_ZWXB1505/model.cpp: In instantiation of 'Type objective_function<Type>::operator()() [with Type = double]':\nC:/Users/spi085/AppData/Local/Programs/R/R-4.4.1/library/TMB/include/tmb_core.hpp:2031:7:   required from here\nPOPULATIONS//POPULATION_0009//INDIVIDUAL_ZWXB1505/model.cpp:68:38: error: no matching function for call to 'min(double&, Eigen::DenseCoeffsBase<Eigen::Array<double, -1, 1>, 1>::Scalar)'\n   68 |     slow_pred(t) = slow_pred(t) - min(slow_loss, slow_pred(t) * Type(0.99));\n      |                                   ~~~^~~~~~~~~~~~~~~~~~~~~~~~~~~~~~~~~~~~~~\nC:/Users/spi085/AppData/Local/Programs/R/R-4.4.1/library/TMB/include/convenience.hpp:156:6: note: candidate: 'template<class Type> Type min(const tmbutils::vector<Type>&)'\n  156 | Type min(const vector<Type> &x)\n      |      ^~~\nC:/Users/spi085/AppData/Local/Programs/R/R-4.4.1/library/TMB/include/convenience.hpp:156:6: note:   template argument deduction/substitution failed:\nPOPULATIONS//POPULATION_0009//INDIVIDUAL_ZWXB1505/model.cpp:68:38: note:   mismatched types 'const tmbutils::vector<Type>' and 'double'\n   68 |     slow_pred(t) = slow_pred(t) - min(slow_loss, slow_pred(t) * Type(0.99));\n      |                                   ~~~^~~~~~~~~~~~~~~~~~~~~~~~~~~~~~~~~~~~~~\nPOPULATIONS//POPULATION_0009//INDIVIDUAL_ZWXB1505/model.cpp:71:38: error: no matching function for call to 'min(double&, Eigen::DenseCoeffsBase<Eigen::Array<double, -1, 1>, 1>::Scalar)'\n   71 |     fast_pred(t) = fast_pred(t) - min(fast_loss, fast_pred(t) * Type(0.99));\n      |                                   ~~~^~~~~~~~~~~~~~~~~~~~~~~~~~~~~~~~~~~~~~\nC:/Users/spi085/AppData/Local/Programs/R/R-4.4.1/library/TMB/include/convenience.hpp:156:6: note: candidate: 'template<class Type> Type min(const tmbutils::vector<Type>&)'\n  156 | Type min(const vector<Type> &x)\n      |      ^~~\nC:/Users/spi085/AppData/Local/Programs/R/R-4.4.1/library/TMB/include/convenience.hpp:156:6: note:   template argument deduction/substitution failed:\nPOPULATIONS//POPULATION_0009//INDIVIDUAL_ZWXB1505/model.cpp:71:38: note:   mismatched types 'const tmbutils::vector<Type>' and 'double'\n   71 |     fast_pred(t) = fast_pred(t) - min(fast_loss, fast_pred(t) * Type(0.99));\n      |                                   ~~~^~~~~~~~~~~~~~~~~~~~~~~~~~~~~~~~~~~~~~\nPOPULATIONS//POPULATION_0009//INDIVIDUAL_ZWXB1505/model.cpp:74:32: error: no matching function for call to 'min(Eigen::DenseCoeffsBase<Eigen::Array<double, -1, 1>, 1>::Scalar&, double)'\n   74 |     cots_pred(t) = max(eps, min(cots_pred(t), K * Type(2.0)));\n      |                             ~~~^~~~~~~~~~~~~~~~~~~~~~~~~~~~~\nC:/Users/spi085/AppData/Local/Programs/R/R-4.4.1/library/TMB/include/convenience.hpp:156:6: note: candidate: 'template<class Type> Type min(const tmbutils::vector<Type>&)'\n  156 | Type min(const vector<Type> &x)\n      |      ^~~\nC:/Users/spi085/AppData/Local/Programs/R/R-4.4.1/library/TMB/include/convenience.hpp:156:6: note:   template argument deduction/substitution failed:\nPOPULATIONS//POPULATION_0009//INDIVIDUAL_ZWXB1505/model.cpp:74:32: note:   mismatched types 'const tmbutils::vector<Type>' and 'Eigen::DenseCoeffsBase<Eigen::Array<double, -1, 1>, 1>::Scalar' {aka 'double'}\n   74 |     cots_pred(t) = max(eps, min(cots_pred(t), K * Type(2.0)));\n      |                             ~~~^~~~~~~~~~~~~~~~~~~~~~~~~~~~~\nPOPULATIONS//POPULATION_0009//INDIVIDUAL_ZWXB1505/model.cpp:75:32: error: no matching function for call to 'min(Eigen::DenseCoeffsBase<Eigen::Array<double, -1, 1>, 1>::Scalar&, double)'\n   75 |     slow_pred(t) = max(eps, min(slow_pred(t), Type(100.0)));\n      |                             ~~~^~~~~~~~~~~~~~~~~~~~~~~~~~~\nC:/Users/spi085/AppData/Local/Programs/R/R-4.4.1/library/TMB/include/convenience.hpp:156:6: note: candidate: 'template<class Type> Type min(const tmbutils::vector<Type>&)'\n  156 | Type min(const vector<Type> &x)\n      |      ^~~\nC:/Users/spi085/AppData/Local/Programs/R/R-4.4.1/library/TMB/include/convenience.hpp:156:6: note:   template argument deduction/substitution failed:\nPOPULATIONS//POPULATION_0009//INDIVIDUAL_ZWXB1505/model.cpp:75:32: note:   mismatched types 'const tmbutils::vector<Type>' and 'Eigen::DenseCoeffsBase<Eigen::Array<double, -1, 1>, 1>::Scalar' {aka 'double'}\n   75 |     slow_pred(t) = max(eps, min(slow_pred(t), Type(100.0)));\n      |                             ~~~^~~~~~~~~~~~~~~~~~~~~~~~~~~\nPOPULATIONS//POPULATION_0009//INDIVIDUAL_ZWXB1505/model.cpp:76:32: error: no matching function for call to 'min(Eigen::DenseCoeffsBase<Eigen::Array<double, -1, 1>, 1>::Scalar&, double)'\n   76 |     fast_pred(t) = max(eps, min(fast_pred(t), Type(100.0)));\n      |                             ~~~^~~~~~~~~~~~~~~~~~~~~~~~~~~\nC:/Users/spi085/AppData/Local/Programs/R/R-4.4.1/library/TMB/include/convenience.hpp:156:6: note: candidate: 'template<class Type> Type min(const tmbutils::vector<Type>&)'\n  156 | Type min(const vector<Type> &x)\n      |      ^~~\nC:/Users/spi085/AppData/Local/Programs/R/R-4.4.1/library/TMB/include/convenience.hpp:156:6: note:   template argument deduction/substitution failed:\nPOPULATIONS//POPULATION_0009//INDIVIDUAL_ZWXB1505/model.cpp:76:32: note:   mismatched types 'const tmbutils::vector<Type>' and 'Eigen::DenseCoeffsBase<Eigen::Array<double, -1, 1>, 1>::Scalar' {aka 'double'}\n   76 |     fast_pred(t) = max(eps, min(fast_pred(t), Type(100.0)));\n      |                             ~~~^~~~~~~~~~~~~~~~~~~~~~~~~~~\nPOPULATIONS//POPULATION_0009//INDIVIDUAL_ZWXB1505/model.cpp: In instantiation of 'Type objective_function<Type>::operator()() [with Type = CppAD::AD<CppAD::AD<double> >]':\nC:/Users/spi085/AppData/Local/Programs/R/R-4.4.1/library/TMB/include/tmb_core.hpp:913:29:   required from 'Type objective_function<Type>::evalUserTemplate() [with Type = CppAD::AD<CppAD::AD<double> >]'\nC:/Users/spi085/AppData/Local/Programs/R/R-4.4.1/library/TMB/include/tmb_core.hpp:2112:26:   required from here\nPOPULATIONS//POPULATION_0009//INDIVIDUAL_ZWXB1505/model.cpp:68:38: error: no matching function for call to 'min(CppAD::AD<CppAD::AD<double> >&, CppAD::AD<CppAD::AD<double> >)'\n   68 |     slow_pred(t) = slow_pred(t) - min(slow_loss, slow_pred(t) * Type(0.99));\n      |                                   ~~~^~~~~~~~~~~~~~~~~~~~~~~~~~~~~~~~~~~~~~\nC:/Users/spi085/AppData/Local/Programs/R/R-4.4.1/library/TMB/include/convenience.hpp:156:6: note: candidate: 'template<class Type> Type min(const tmbutils::vector<Type>&)'\n  156 | Type min(const vector<Type> &x)\n      |      ^~~\nC:/Users/spi085/AppData/Local/Programs/R/R-4.4.1/library/TMB/include/convenience.hpp:156:6: note:   template argument deduction/substitution failed:\nPOPULATIONS//POPULATION_0009//INDIVIDUAL_ZWXB1505/model.cpp:68:38: note:   'CppAD::AD<CppAD::AD<double> >' is not derived from 'const tmbutils::vector<Type>'\n   68 |     slow_pred(t) = slow_pred(t) - min(slow_loss, slow_pred(t) * Type(0.99));\n      |                                   ~~~^~~~~~~~~~~~~~~~~~~~~~~~~~~~~~~~~~~~~~\nPOPULATIONS//POPULATION_0009//INDIVIDUAL_ZWXB1505/model.cpp:71:38: error: no matching function for call to 'min(CppAD::AD<CppAD::AD<double> >&, CppAD::AD<CppAD::AD<double> >)'\n   71 |     fast_pred(t) = fast_pred(t) - min(fast_loss, fast_pred(t) * Type(0.99));\n      |                                   ~~~^~~~~~~~~~~~~~~~~~~~~~~~~~~~~~~~~~~~~~\nC:/Users/spi085/AppData/Local/Programs/R/R-4.4.1/library/TMB/include/convenience.hpp:156:6: note: candidate: 'template<class Type> Type min(const tmbutils::vector<Type>&)'\n  156 | Type min(const vector<Type> &x)\n      |      ^~~\nC:/Users/spi085/AppData/Local/Programs/R/R-4.4.1/library/TMB/include/convenience.hpp:156:6: note:   template argument deduction/substitution failed:\nPOPULATIONS//POPULATION_0009//INDIVIDUAL_ZWXB1505/model.cpp:71:38: note:   'CppAD::AD<CppAD::AD<double> >' is not derived from 'const tmbutils::vector<Type>'\n   71 |     fast_pred(t) = fast_pred(t) - min(fast_loss, fast_pred(t) * Type(0.99));\n      |                                   ~~~^~~~~~~~~~~~~~~~~~~~~~~~~~~~~~~~~~~~~~\nPOPULATIONS//POPULATION_0009//INDIVIDUAL_ZWXB1505/model.cpp:74:32: error: no matching function for call to 'min(Eigen::DenseCoeffsBase<Eigen::Array<CppAD::AD<CppAD::AD<double> >, -1, 1, 0, -1, 1>, 1>::Scalar&, CppAD::AD<CppAD::AD<double> >)'\n   74 |     cots_pred(t) = max(eps, min(cots_pred(t), K * Type(2.0)));\n      |                             ~~~^~~~~~~~~~~~~~~~~~~~~~~~~~~~~\nC:/Users/spi085/AppData/Local/Programs/R/R-4.4.1/library/TMB/include/convenience.hpp:156:6: note: candidate: 'template<class Type> Type min(const tmbutils::vector<Type>&)'\n  156 | Type min(const vector<Type> &x)\n      |      ^~~\nC:/Users/spi085/AppData/Local/Programs/R/R-4.4.1/library/TMB/include/convenience.hpp:156:6: note:   template argument deduction/substitution failed:\nPOPULATIONS//POPULATION_0009//INDIVIDUAL_ZWXB1505/model.cpp:74:32: note:   'Eigen::DenseCoeffsBase<Eigen::Array<CppAD::AD<CppAD::AD<double> >, -1, 1, 0, -1, 1>, 1>::Scalar' {aka 'CppAD::AD<CppAD::AD<double> >'} is not derived from 'const tmbutils::vector<Type>'\n   74 |     cots_pred(t) = max(eps, min(cots_pred(t), K * Type(2.0)));\n      |                             ~~~^~~~~~~~~~~~~~~~~~~~~~~~~~~~~\nPOPULATIONS//POPULATION_0009//INDIVIDUAL_ZWXB1505/model.cpp:75:32: error: no matching function for call to 'min(Eigen::DenseCoeffsBase<Eigen::Array<CppAD::AD<CppAD::AD<double> >, -1, 1, 0, -1, 1>, 1>::Scalar&, CppAD::AD<CppAD::AD<double> >)'\n   75 |     slow_pred(t) = max(eps, min(slow_pred(t), Type(100.0)));\n      |                             ~~~^~~~~~~~~~~~~~~~~~~~~~~~~~~\nC:/Users/spi085/AppData/Local/Programs/R/R-4.4.1/library/TMB/include/convenience.hpp:156:6: note: candidate: 'template<class Type> Type min(const tmbutils::vector<Type>&)'\n  156 | Type min(const vector<Type> &x)\n      |      ^~~\nC:/Users/spi085/AppData/Local/Programs/R/R-4.4.1/library/TMB/include/convenience.hpp:156:6: note:   template argument deduction/substitution failed:\nPOPULATIONS//POPULATION_0009//INDIVIDUAL_ZWXB1505/model.cpp:75:32: note:   'Eigen::DenseCoeffsBase<Eigen::Array<CppAD::AD<CppAD::AD<double> >, -1, 1, 0, -1, 1>, 1>::Scalar' {aka 'CppAD::AD<CppAD::AD<double> >'} is not derived from 'const tmbutils::vector<Type>'\n   75 |     slow_pred(t) = max(eps, min(slow_pred(t), Type(100.0)));\n      |                             ~~~^~~~~~~~~~~~~~~~~~~~~~~~~~~\nPOPULATIONS//POPULATION_0009//INDIVIDUAL_ZWXB1505/model.cpp:76:32: error: no matching function for call to 'min(Eigen::DenseCoeffsBase<Eigen::Array<CppAD::AD<CppAD::AD<double> >, -1, 1, 0, -1, 1>, 1>::Scalar&, CppAD::AD<CppAD::AD<double> >)'\n   76 |     fast_pred(t) = max(eps, min(fast_pred(t), Type(100.0)));\n      |                             ~~~^~~~~~~~~~~~~~~~~~~~~~~~~~~\nC:/Users/spi085/AppData/Local/Programs/R/R-4.4.1/library/TMB/include/convenience.hpp:156:6: note: candidate: 'template<class Type> Type min(const tmbutils::vector<Type>&)'\n  156 | Type min(const vector<Type> &x)\n      |      ^~~\nC:/Users/spi085/AppData/Local/Programs/R/R-4.4.1/library/TMB/include/convenience.hpp:156:6: note:   template argument deduction/substitution failed:\nPOPULATIONS//POPULATION_0009//INDIVIDUAL_ZWXB1505/model.cpp:76:32: note:   'Eigen::DenseCoeffsBase<Eigen::Array<CppAD::AD<CppAD::AD<double> >, -1, 1, 0, -1, 1>, 1>::Scalar' {aka 'CppAD::AD<CppAD::AD<double> >'} is not derived from 'const tmbutils::vector<Type>'\n   76 |     fast_pred(t) = max(eps, min(fast_pred(t), Type(100.0)));\n      |                             ~~~^~~~~~~~~~~~~~~~~~~~~~~~~~~\nPOPULATIONS//POPULATION_0009//INDIVIDUAL_ZWXB1505/model.cpp: In instantiation of 'Type objective_function<Type>::operator()() [with Type = CppAD::AD<CppAD::AD<CppAD::AD<double> > >]':\nC:/Users/spi085/AppData/Local/Programs/R/R-4.4.1/library/TMB/include/tmb_core.hpp:913:29:   required from 'Type objective_function<Type>::evalUserTemplate() [with Type = CppAD::AD<CppAD::AD<CppAD::AD<double> > >]'\nC:/Users/spi085/AppData/Local/Programs/R/R-4.4.1/library/TMB/include/tmb_core.hpp:2361:28:   required from here\nPOPULATIONS//POPULATION_0009//INDIVIDUAL_ZWXB1505/model.cpp:68:38: error: no matching function for call to 'min(CppAD::AD<CppAD::AD<CppAD::AD<double> > >&, CppAD::AD<CppAD::AD<CppAD::AD<double> > >)'\n   68 |     slow_pred(t) = slow_pred(t) - min(slow_loss, slow_pred(t) * Type(0.99));\n      |                                   ~~~^~~~~~~~~~~~~~~~~~~~~~~~~~~~~~~~~~~~~~\nC:/Users/spi085/AppData/Local/Programs/R/R-4.4.1/library/TMB/include/convenience.hpp:156:6: note: candidate: 'template<class Type> Type min(const tmbutils::vector<Type>&)'\n  156 | Type min(const vector<Type> &x)\n      |      ^~~\nC:/Users/spi085/AppData/Local/Programs/R/R-4.4.1/library/TMB/include/convenience.hpp:156:6: note:   template argument deduction/substitution failed:\nPOPULATIONS//POPULATION_0009//INDIVIDUAL_ZWXB1505/model.cpp:68:38: note:   'CppAD::AD<CppAD::AD<CppAD::AD<double> > >' is not derived from 'const tmbutils::vector<Type>'\n   68 |     slow_pred(t) = slow_pred(t) - min(slow_loss, slow_pred(t) * Type(0.99));\n      |                                   ~~~^~~~~~~~~~~~~~~~~~~~~~~~~~~~~~~~~~~~~~\nPOPULATIONS//POPULATION_0009//INDIVIDUAL_ZWXB1505/model.cpp:71:38: error: no matching function for call to 'min(CppAD::AD<CppAD::AD<CppAD::AD<double> > >&, CppAD::AD<CppAD::AD<CppAD::AD<double> > >)'\n   71 |     fast_pred(t) = fast_pred(t) - min(fast_loss, fast_pred(t) * Type(0.99));\n      |                                   ~~~^~~~~~~~~~~~~~~~~~~~~~~~~~~~~~~~~~~~~~\nC:/Users/spi085/AppData/Local/Programs/R/R-4.4.1/library/TMB/include/convenience.hpp:156:6: note: candidate: 'template<class Type> Type min(const tmbutils::vector<Type>&)'\n  156 | Type min(const vector<Type> &x)\n      |      ^~~\nC:/Users/spi085/AppData/Local/Programs/R/R-4.4.1/library/TMB/include/convenience.hpp:156:6: note:   template argument deduction/substitution failed:\nPOPULATIONS//POPULATION_0009//INDIVIDUAL_ZWXB1505/model.cpp:71:38: note:   'CppAD::AD<CppAD::AD<CppAD::AD<double> > >' is not derived from 'const tmbutils::vector<Type>'\n   71 |     fast_pred(t) = fast_pred(t) - min(fast_loss, fast_pred(t) * Type(0.99));\n      |                                   ~~~^~~~~~~~~~~~~~~~~~~~~~~~~~~~~~~~~~~~~~\nPOPULATIONS//POPULATION_0009//INDIVIDUAL_ZWXB1505/model.cpp:74:32: error: no matching function for call to 'min(Eigen::DenseCoeffsBase<Eigen::Array<CppAD::AD<CppAD::AD<CppAD::AD<double> > >, -1, 1, 0, -1, 1>, 1>::Scalar&, CppAD::AD<CppAD::AD<CppAD::AD<double> > >)'\n   74 |     cots_pred(t) = max(eps, min(cots_pred(t), K * Type(2.0)));\n      |                             ~~~^~~~~~~~~~~~~~~~~~~~~~~~~~~~~\nC:/Users/spi085/AppData/Local/Programs/R/R-4.4.1/library/TMB/include/convenience.hpp:156:6: note: candidate: 'template<class Type> Type min(const tmbutils::vector<Type>&)'\n  156 | Type min(const vector<Type> &x)\n      |      ^~~\nC:/Users/spi085/AppData/Local/Programs/R/R-4.4.1/library/TMB/include/convenience.hpp:156:6: note:   template argument deduction/substitution failed:\nPOPULATIONS//POPULATION_0009//INDIVIDUAL_ZWXB1505/model.cpp:74:32: note:   'Eigen::DenseCoeffsBase<Eigen::Array<CppAD::AD<CppAD::AD<CppAD::AD<double> > >, -1, 1, 0, -1, 1>, 1>::Scalar' {aka 'CppAD::AD<CppAD::AD<CppAD::AD<double> > >'} is not derived from 'const tmbutils::vector<Type>'\n   74 |     cots_pred(t) = max(eps, min(cots_pred(t), K * Type(2.0)));\n      |                             ~~~^~~~~~~~~~~~~~~~~~~~~~~~~~~~~\nPOPULATIONS//POPULATION_0009//INDIVIDUAL_ZWXB1505/model.cpp:75:32: error: no matching function for call to 'min(Eigen::DenseCoeffsBase<Eigen::Array<CppAD::AD<CppAD::AD<CppAD::AD<double> > >, -1, 1, 0, -1, 1>, 1>::Scalar&, CppAD::AD<CppAD::AD<CppAD::AD<double> > >)'\n   75 |     slow_pred(t) = max(eps, min(slow_pred(t), Type(100.0)));\n      |                             ~~~^~~~~~~~~~~~~~~~~~~~~~~~~~~\nC:/Users/spi085/AppData/Local/Programs/R/R-4.4.1/library/TMB/include/convenience.hpp:156:6: note: candidate: 'template<class Type> Type min(const tmbutils::vector<Type>&)'\n  156 | Type min(const vector<Type> &x)\n      |      ^~~\nC:/Users/spi085/AppData/Local/Programs/R/R-4.4.1/library/TMB/include/convenience.hpp:156:6: note:   template argument deduction/substitution failed:\nPOPULATIONS//POPULATION_0009//INDIVIDUAL_ZWXB1505/model.cpp:75:32: note:   'Eigen::DenseCoeffsBase<Eigen::Array<CppAD::AD<CppAD::AD<CppAD::AD<double> > >, -1, 1, 0, -1, 1>, 1>::Scalar' {aka 'CppAD::AD<CppAD::AD<CppAD::AD<double> > >'} is not derived from 'const tmbutils::vector<Type>'\n   75 |     slow_pred(t) = max(eps, min(slow_pred(t), Type(100.0)));\n      |                             ~~~^~~~~~~~~~~~~~~~~~~~~~~~~~~\nPOPULATIONS//POPULATION_0009//INDIVIDUAL_ZWXB1505/model.cpp:76:32: error: no matching function for call to 'min(Eigen::DenseCoeffsBase<Eigen::Array<CppAD::AD<CppAD::AD<CppAD::AD<double> > >, -1, 1, 0, -1, 1>, 1>::Scalar&, CppAD::AD<CppAD::AD<CppAD::AD<double> > >)'\n   76 |     fast_pred(t) = max(eps, min(fast_pred(t), Type(100.0)));\n      |                             ~~~^~~~~~~~~~~~~~~~~~~~~~~~~~~\nC:/Users/spi085/AppData/Local/Programs/R/R-4.4.1/library/TMB/include/convenience.hpp:156:6: note: candidate: 'template<class Type> Type min(const tmbutils::vector<Type>&)'\n  156 | Type min(const vector<Type> &x)\n      |      ^~~\nC:/Users/spi085/AppData/Local/Programs/R/R-4.4.1/library/TMB/include/convenience.hpp:156:6: note:   template argument deduction/substitution failed:\nPOPULATIONS//POPULATION_0009//INDIVIDUAL_ZWXB1505/model.cpp:76:32: note:   'Eigen::DenseCoeffsBase<Eigen::Array<CppAD::AD<CppAD::AD<CppAD::AD<double> > >, -1, 1, 0, -1, 1>, 1>::Scalar' {aka 'CppAD::AD<CppAD::AD<CppAD::AD<double> > >'} is not derived from 'const tmbutils::vector<Type>'\n   76 |     fast_pred(t) = max(eps, min(fast_pred(t), Type(100.0)));\n      |                             ~~~^~~~~~~~~~~~~~~~~~~~~~~~~~~\nmake: *** [C:/Users/spi085/AppData/Local/Programs/R/R-4.4.1/etc/x64/Makeconf:296: POPULATIONS//POPULATION_0009//INDIVIDUAL_ZWXB1505/model.o] Error 1\nError in TMB::compile(file.path(individual_dir, model_file), flags = flags,  : \n  Compilation failed\nError: Compilation failed\nExecution halted"
    },
    "3": {
      "status": "ERROR",
      "message": "R script failed with return code 1",
      "stdout": "g++ -std=gnu++17  -I\"C:/Users/spi085/AppData/Local/Programs/R/R-4.4.1/include\" -DNDEBUG -I\"C:/Users/spi085/AppData/Local/Programs/R/R-44~1.1/library/TMB/include\" -I\"C:/Users/spi085/AppData/Local/Programs/R/R-44~1.1/library/RCPPEI~1/include\"   -DTMB_EIGEN_DISABLE_WARNINGS   -DTMB_LIB_INIT=R_init_model  -DCPPAD_FRAMEWORK    -I\"C:/rtools44/x86_64-w64-mingw32.static.posix/include\"     -O2 -Wa,-mbig-obj -c POPULATIONS//POPULATION_0009//INDIVIDUAL_ZWXB1505/model.cpp -o POPULATIONS//POPULATION_0009//INDIVIDUAL_ZWXB1505/model.o\ng++ -std=gnu++17 -shared -s -static-libgcc -o POPULATIONS//POPULATION_0009//INDIVIDUAL_ZWXB1505/model.dll tmp.def POPULATIONS//POPULATION_0009//INDIVIDUAL_ZWXB1505/model.o -LC:/rtools44/x86_64-w64-mingw32.static.posix/lib/x64 -LC:/rtools44/x86_64-w64-mingw32.static.posix/lib -LC:/Users/spi085/AppData/Local/Programs/R/R-4.4.1/bin/x64 -lR\nStarting model phases\nNumber of phases: 4 \nPhase 1 \nInitial parameter values for phase 1 :\n     log_r log_a_slow log_a_fast \n      -0.5       -2.3       -1.6 \nFinal parameter values for phase 1 :\n     log_r log_a_slow log_a_fast \n      -0.5       -2.3       -1.6 \nConvergence message: both X-convergence and relative convergence (5) \nNumber of iterations: 1 \nObjective function value: Inf \nGradient at solution for phase 1 :\n     [,1] [,2] [,3]\n[1,]    0    0    0\nPhase 2 \nInitial parameter values for phase 2 :\n     log_K log_g_slow log_g_fast \n       0.7       -2.3       -1.6 \nFinal parameter values for phase 2 :\n     log_K log_g_slow log_g_fast \n       0.7       -2.3       -1.6 \nConvergence message: both X-convergence and relative convergence (5) \nNumber of iterations: 1 \nObjective function value: Inf \nGradient at solution for phase 2 :\n     [,1] [,2] [,3]\n[1,]    0    0    0\nPhase 3 \nInitial parameter values for phase 3 :\n    temp_opt  log_sd_cots log_sd_coral \n        28.0         -1.6         -2.3 \nError in model phases: NA/NaN gradient evaluation",
      "stderr": "Loading required package: TMB\nLoading required package: jsonlite\nhere() starts at C:/Users/spi085/OneDrive - CSIRO/Documents/_Projects/SCCP-QuantModelling\nusing C++ compiler: 'G__~1.EXE (GCC) 13.2.0'\nError in value[[3L]](cond) : \n  Error in model phases: NA/NaN gradient evaluation\nCalls: tryCatch -> tryCatchList -> tryCatchOne -> <Anonymous>\nIn addition: Warning messages:\n1: In nlminb(model$par, model$fn, model$gr) : NA/NaN function evaluation\n2: In nlminb(model$par, model$fn, model$gr) : NA/NaN function evaluation\n3: In nlminb(model$par, model$fn, model$gr) : NA/NaN function evaluation\n4: In nlminb(model$par, model$fn, model$gr) : NA/NaN function evaluation\n5: In nlminb(model$par, model$fn, model$gr) : NA/NaN function evaluation\nExecution halted"
    },
    "4": {
      "status": "ERROR",
      "message": "R script failed with return code 1",
      "stdout": "g++ -std=gnu++17  -I\"C:/Users/spi085/AppData/Local/Programs/R/R-4.4.1/include\" -DNDEBUG -I\"C:/Users/spi085/AppData/Local/Programs/R/R-44~1.1/library/TMB/include\" -I\"C:/Users/spi085/AppData/Local/Programs/R/R-44~1.1/library/RCPPEI~1/include\"   -DTMB_EIGEN_DISABLE_WARNINGS   -DTMB_LIB_INIT=R_init_model  -DCPPAD_FRAMEWORK    -I\"C:/rtools44/x86_64-w64-mingw32.static.posix/include\"     -O2 -Wa,-mbig-obj -c POPULATIONS//POPULATION_0009//INDIVIDUAL_ZWXB1505/model.cpp -o POPULATIONS//POPULATION_0009//INDIVIDUAL_ZWXB1505/model.o\ng++ -std=gnu++17 -shared -s -static-libgcc -o POPULATIONS//POPULATION_0009//INDIVIDUAL_ZWXB1505/model.dll tmp.def POPULATIONS//POPULATION_0009//INDIVIDUAL_ZWXB1505/model.o -LC:/rtools44/x86_64-w64-mingw32.static.posix/lib/x64 -LC:/rtools44/x86_64-w64-mingw32.static.posix/lib -LC:/Users/spi085/AppData/Local/Programs/R/R-4.4.1/bin/x64 -lR\nStarting model phases\nNumber of phases: 4 \nPhase 1 \nInitial parameter values for phase 1 :\n     log_r log_a_slow log_a_fast \n      -0.5       -2.3       -1.6 \nFinal parameter values for phase 1 :\n     log_r log_a_slow log_a_fast \n      -0.5       -2.3       -1.6 \nConvergence message: both X-convergence and relative convergence (5) \nNumber of iterations: 1 \nObjective function value: Inf \nGradient at solution for phase 1 :\n     [,1] [,2] [,3]\n[1,]    0    0    0\nPhase 2 \nInitial parameter values for phase 2 :\n     log_K log_g_slow log_g_fast \n       0.7       -2.3       -1.6 \nFinal parameter values for phase 2 :\n     log_K log_g_slow log_g_fast \n       0.7       -2.3       -1.6 \nConvergence message: both X-convergence and relative convergence (5) \nNumber of iterations: 1 \nObjective function value: Inf \nGradient at solution for phase 2 :\n     [,1] [,2] [,3]\n[1,]    0    0    0\nPhase 3 \nInitial parameter values for phase 3 :\n    temp_opt  log_sd_cots log_sd_coral \n        28.0         -1.6         -2.3 \nError in model phases: NA/NaN gradient evaluation",
      "stderr": "Loading required package: TMB\nLoading required package: jsonlite\nhere() starts at C:/Users/spi085/OneDrive - CSIRO/Documents/_Projects/SCCP-QuantModelling\nusing C++ compiler: 'G__~1.EXE (GCC) 13.2.0'\nError in value[[3L]](cond) : \n  Error in model phases: NA/NaN gradient evaluation\nCalls: tryCatch -> tryCatchList -> tryCatchOne -> <Anonymous>\nIn addition: Warning messages:\n1: In nlminb(model$par, model$fn, model$gr) : NA/NaN function evaluation\n2: In nlminb(model$par, model$fn, model$gr) : NA/NaN function evaluation\n3: In nlminb(model$par, model$fn, model$gr) : NA/NaN function evaluation\n4: In nlminb(model$par, model$fn, model$gr) : NA/NaN function evaluation\n5: In nlminb(model$par, model$fn, model$gr) : NA/NaN function evaluation\nExecution halted"
    },
    "5": {
      "status": "ERROR",
      "message": "Model failed to compile.",
      "stdout": "g++ -std=gnu++17  -I\"C:/Users/spi085/AppData/Local/Programs/R/R-4.4.1/include\" -DNDEBUG -I\"C:/Users/spi085/AppData/Local/Programs/R/R-44~1.1/library/TMB/include\" -I\"C:/Users/spi085/AppData/Local/Programs/R/R-44~1.1/library/RCPPEI~1/include\"   -DTMB_EIGEN_DISABLE_WARNINGS   -DTMB_LIB_INIT=R_init_model  -DCPPAD_FRAMEWORK    -I\"C:/rtools44/x86_64-w64-mingw32.static.posix/include\"     -O2 -Wa,-mbig-obj -c POPULATIONS//POPULATION_0009//INDIVIDUAL_ZWXB1505/model.cpp -o POPULATIONS//POPULATION_0009//INDIVIDUAL_ZWXB1505/model.o",
      "stderr": "Loading required package: TMB\nLoading required package: jsonlite\nhere() starts at C:/Users/spi085/OneDrive - CSIRO/Documents/_Projects/SCCP-QuantModelling\nusing C++ compiler: 'G__~1.EXE (GCC) 13.2.0'\nPOPULATIONS//POPULATION_0009//INDIVIDUAL_ZWXB1505/model.cpp: In instantiation of 'Type objective_function<Type>::operator()() [with Type = CppAD::AD<double>]':\nC:/Users/spi085/AppData/Local/Programs/R/R-4.4.1/library/TMB/include/tmb_core.hpp:1308:6:   required from here\nPOPULATIONS//POPULATION_0009//INDIVIDUAL_ZWXB1505/model.cpp:80:26: error: 'posfun' was not declared in this scope\n   80 |     cots_pred(t) = posfun(cots_pred(t), eps, nll);\n      |                    ~~~~~~^~~~~~~~~~~~~~~~~~~~~~~~\nPOPULATIONS//POPULATION_0009//INDIVIDUAL_ZWXB1505/model.cpp:81:40: error: 'posfun' was not declared in this scope, and no declarations were found by argument-dependent lookup at the point of instantiation\n   81 |     cots_pred(t) = Type(100.0) - posfun(Type(100.0) - cots_pred(t), eps, nll);\n      |                                  ~~~~~~^~~~~~~~~~~~~~~~~~~~~~~~~~~~~~~~~~~~~~\nPOPULATIONS//POPULATION_0009//INDIVIDUAL_ZWXB1505/model.cpp:80:26: note: 'posfun' declared here, later in the translation unit\n   80 |     cots_pred(t) = posfun(cots_pred(t), eps, nll);\n      |                    ~~~~~~^~~~~~~~~~~~~~~~~~~~~~~~\nPOPULATIONS//POPULATION_0009//INDIVIDUAL_ZWXB1505/model.cpp:83:26: error: 'posfun' was not declared in this scope, and no declarations were found by argument-dependent lookup at the point of instantiation\n   83 |     slow_pred(t) = posfun(slow_pred(t), eps, nll);\n      |                    ~~~~~~^~~~~~~~~~~~~~~~~~~~~~~~\nPOPULATIONS//POPULATION_0009//INDIVIDUAL_ZWXB1505/model.cpp:80:26: note: 'posfun' declared here, later in the translation unit\n   80 |     cots_pred(t) = posfun(cots_pred(t), eps, nll);\n      |                    ~~~~~~^~~~~~~~~~~~~~~~~~~~~~~~\nPOPULATIONS//POPULATION_0009//INDIVIDUAL_ZWXB1505/model.cpp:84:40: error: 'posfun' was not declared in this scope, and no declarations were found by argument-dependent lookup at the point of instantiation\n   84 |     slow_pred(t) = Type(100.0) - posfun(Type(100.0) - slow_pred(t), eps, nll);\n      |                                  ~~~~~~^~~~~~~~~~~~~~~~~~~~~~~~~~~~~~~~~~~~~~\nPOPULATIONS//POPULATION_0009//INDIVIDUAL_ZWXB1505/model.cpp:80:26: note: 'posfun' declared here, later in the translation unit\n   80 |     cots_pred(t) = posfun(cots_pred(t), eps, nll);\n      |                    ~~~~~~^~~~~~~~~~~~~~~~~~~~~~~~\nPOPULATIONS//POPULATION_0009//INDIVIDUAL_ZWXB1505/model.cpp:86:26: error: 'posfun' was not declared in this scope, and no declarations were found by argument-dependent lookup at the point of instantiation\n   86 |     fast_pred(t) = posfun(fast_pred(t), eps, nll);\n      |                    ~~~~~~^~~~~~~~~~~~~~~~~~~~~~~~\nPOPULATIONS//POPULATION_0009//INDIVIDUAL_ZWXB1505/model.cpp:80:26: note: 'posfun' declared here, later in the translation unit\n   80 |     cots_pred(t) = posfun(cots_pred(t), eps, nll);\n      |                    ~~~~~~^~~~~~~~~~~~~~~~~~~~~~~~\nPOPULATIONS//POPULATION_0009//INDIVIDUAL_ZWXB1505/model.cpp:87:40: error: 'posfun' was not declared in this scope, and no declarations were found by argument-dependent lookup at the point of instantiation\n   87 |     fast_pred(t) = Type(100.0) - posfun(Type(100.0) - fast_pred(t), eps, nll);\n      |                                  ~~~~~~^~~~~~~~~~~~~~~~~~~~~~~~~~~~~~~~~~~~~~\nPOPULATIONS//POPULATION_0009//INDIVIDUAL_ZWXB1505/model.cpp:80:26: note: 'posfun' declared here, later in the translation unit\n   80 |     cots_pred(t) = posfun(cots_pred(t), eps, nll);\n      |                    ~~~~~~^~~~~~~~~~~~~~~~~~~~~~~~\nPOPULATIONS//POPULATION_0009//INDIVIDUAL_ZWXB1505/model.cpp: In instantiation of 'Type objective_function<Type>::operator()() [with Type = double]':\nC:/Users/spi085/AppData/Local/Programs/R/R-4.4.1/library/TMB/include/tmb_core.hpp:2031:7:   required from here\nPOPULATIONS//POPULATION_0009//INDIVIDUAL_ZWXB1505/model.cpp:80:26: error: 'posfun' was not declared in this scope\nPOPULATIONS//POPULATION_0009//INDIVIDUAL_ZWXB1505/model.cpp:81:40: error: 'posfun' was not declared in this scope, and no declarations were found by argument-dependent lookup at the point of instantiation\n   81 |     cots_pred(t) = Type(100.0) - posfun(Type(100.0) - cots_pred(t), eps, nll);\n      |                                  ~~~~~~^~~~~~~~~~~~~~~~~~~~~~~~~~~~~~~~~~~~~~\nPOPULATIONS//POPULATION_0009//INDIVIDUAL_ZWXB1505/model.cpp:80:26: note: 'posfun' declared here, later in the translation unit\n   80 |     cots_pred(t) = posfun(cots_pred(t), eps, nll);\n      |                    ~~~~~~^~~~~~~~~~~~~~~~~~~~~~~~\nPOPULATIONS//POPULATION_0009//INDIVIDUAL_ZWXB1505/model.cpp:83:26: error: 'posfun' was not declared in this scope, and no declarations were found by argument-dependent lookup at the point of instantiation\n   83 |     slow_pred(t) = posfun(slow_pred(t), eps, nll);\n      |                    ~~~~~~^~~~~~~~~~~~~~~~~~~~~~~~\nPOPULATIONS//POPULATION_0009//INDIVIDUAL_ZWXB1505/model.cpp:80:26: note: 'posfun' declared here, later in the translation unit\n   80 |     cots_pred(t) = posfun(cots_pred(t), eps, nll);\n      |                    ~~~~~~^~~~~~~~~~~~~~~~~~~~~~~~\nPOPULATIONS//POPULATION_0009//INDIVIDUAL_ZWXB1505/model.cpp:84:40: error: 'posfun' was not declared in this scope, and no declarations were found by argument-dependent lookup at the point of instantiation\n   84 |     slow_pred(t) = Type(100.0) - posfun(Type(100.0) - slow_pred(t), eps, nll);\n      |                                  ~~~~~~^~~~~~~~~~~~~~~~~~~~~~~~~~~~~~~~~~~~~~\nPOPULATIONS//POPULATION_0009//INDIVIDUAL_ZWXB1505/model.cpp:80:26: note: 'posfun' declared here, later in the translation unit\n   80 |     cots_pred(t) = posfun(cots_pred(t), eps, nll);\n      |                    ~~~~~~^~~~~~~~~~~~~~~~~~~~~~~~\nPOPULATIONS//POPULATION_0009//INDIVIDUAL_ZWXB1505/model.cpp:86:26: error: 'posfun' was not declared in this scope, and no declarations were found by argument-dependent lookup at the point of instantiation\n   86 |     fast_pred(t) = posfun(fast_pred(t), eps, nll);\n      |                    ~~~~~~^~~~~~~~~~~~~~~~~~~~~~~~\nPOPULATIONS//POPULATION_0009//INDIVIDUAL_ZWXB1505/model.cpp:80:26: note: 'posfun' declared here, later in the translation unit\n   80 |     cots_pred(t) = posfun(cots_pred(t), eps, nll);\n      |                    ~~~~~~^~~~~~~~~~~~~~~~~~~~~~~~\nPOPULATIONS//POPULATION_0009//INDIVIDUAL_ZWXB1505/model.cpp:87:40: error: 'posfun' was not declared in this scope, and no declarations were found by argument-dependent lookup at the point of instantiation\n   87 |     fast_pred(t) = Type(100.0) - posfun(Type(100.0) - fast_pred(t), eps, nll);\n      |                                  ~~~~~~^~~~~~~~~~~~~~~~~~~~~~~~~~~~~~~~~~~~~~\nPOPULATIONS//POPULATION_0009//INDIVIDUAL_ZWXB1505/model.cpp:80:26: note: 'posfun' declared here, later in the translation unit\n   80 |     cots_pred(t) = posfun(cots_pred(t), eps, nll);\n      |                    ~~~~~~^~~~~~~~~~~~~~~~~~~~~~~~\nPOPULATIONS//POPULATION_0009//INDIVIDUAL_ZWXB1505/model.cpp: In instantiation of 'Type objective_function<Type>::operator()() [with Type = CppAD::AD<CppAD::AD<double> >]':\nC:/Users/spi085/AppData/Local/Programs/R/R-4.4.1/library/TMB/include/tmb_core.hpp:913:29:   required from 'Type objective_function<Type>::evalUserTemplate() [with Type = CppAD::AD<CppAD::AD<double> >]'\nC:/Users/spi085/AppData/Local/Programs/R/R-4.4.1/library/TMB/include/tmb_core.hpp:2112:26:   required from here\nPOPULATIONS//POPULATION_0009//INDIVIDUAL_ZWXB1505/model.cpp:80:26: error: 'posfun' was not declared in this scope\nPOPULATIONS//POPULATION_0009//INDIVIDUAL_ZWXB1505/model.cpp:81:40: error: 'posfun' was not declared in this scope, and no declarations were found by argument-dependent lookup at the point of instantiation\n   81 |     cots_pred(t) = Type(100.0) - posfun(Type(100.0) - cots_pred(t), eps, nll);\n      |                                  ~~~~~~^~~~~~~~~~~~~~~~~~~~~~~~~~~~~~~~~~~~~~\nPOPULATIONS//POPULATION_0009//INDIVIDUAL_ZWXB1505/model.cpp:80:26: note: 'posfun' declared here, later in the translation unit\n   80 |     cots_pred(t) = posfun(cots_pred(t), eps, nll);\n      |                    ~~~~~~^~~~~~~~~~~~~~~~~~~~~~~~\nPOPULATIONS//POPULATION_0009//INDIVIDUAL_ZWXB1505/model.cpp:83:26: error: 'posfun' was not declared in this scope, and no declarations were found by argument-dependent lookup at the point of instantiation\n   83 |     slow_pred(t) = posfun(slow_pred(t), eps, nll);\n      |                    ~~~~~~^~~~~~~~~~~~~~~~~~~~~~~~\nPOPULATIONS//POPULATION_0009//INDIVIDUAL_ZWXB1505/model.cpp:80:26: note: 'posfun' declared here, later in the translation unit\n   80 |     cots_pred(t) = posfun(cots_pred(t), eps, nll);\n      |                    ~~~~~~^~~~~~~~~~~~~~~~~~~~~~~~\nPOPULATIONS//POPULATION_0009//INDIVIDUAL_ZWXB1505/model.cpp:84:40: error: 'posfun' was not declared in this scope, and no declarations were found by argument-dependent lookup at the point of instantiation\n   84 |     slow_pred(t) = Type(100.0) - posfun(Type(100.0) - slow_pred(t), eps, nll);\n      |                                  ~~~~~~^~~~~~~~~~~~~~~~~~~~~~~~~~~~~~~~~~~~~~\nPOPULATIONS//POPULATION_0009//INDIVIDUAL_ZWXB1505/model.cpp:80:26: note: 'posfun' declared here, later in the translation unit\n   80 |     cots_pred(t) = posfun(cots_pred(t), eps, nll);\n      |                    ~~~~~~^~~~~~~~~~~~~~~~~~~~~~~~\nPOPULATIONS//POPULATION_0009//INDIVIDUAL_ZWXB1505/model.cpp:86:26: error: 'posfun' was not declared in this scope, and no declarations were found by argument-dependent lookup at the point of instantiation\n   86 |     fast_pred(t) = posfun(fast_pred(t), eps, nll);\n      |                    ~~~~~~^~~~~~~~~~~~~~~~~~~~~~~~\nPOPULATIONS//POPULATION_0009//INDIVIDUAL_ZWXB1505/model.cpp:80:26: note: 'posfun' declared here, later in the translation unit\n   80 |     cots_pred(t) = posfun(cots_pred(t), eps, nll);\n      |                    ~~~~~~^~~~~~~~~~~~~~~~~~~~~~~~\nPOPULATIONS//POPULATION_0009//INDIVIDUAL_ZWXB1505/model.cpp:87:40: error: 'posfun' was not declared in this scope, and no declarations were found by argument-dependent lookup at the point of instantiation\n   87 |     fast_pred(t) = Type(100.0) - posfun(Type(100.0) - fast_pred(t), eps, nll);\n      |                                  ~~~~~~^~~~~~~~~~~~~~~~~~~~~~~~~~~~~~~~~~~~~~\nPOPULATIONS//POPULATION_0009//INDIVIDUAL_ZWXB1505/model.cpp:80:26: note: 'posfun' declared here, later in the translation unit\n   80 |     cots_pred(t) = posfun(cots_pred(t), eps, nll);\n      |                    ~~~~~~^~~~~~~~~~~~~~~~~~~~~~~~\nPOPULATIONS//POPULATION_0009//INDIVIDUAL_ZWXB1505/model.cpp: In instantiation of 'Type objective_function<Type>::operator()() [with Type = CppAD::AD<CppAD::AD<CppAD::AD<double> > >]':\nC:/Users/spi085/AppData/Local/Programs/R/R-4.4.1/library/TMB/include/tmb_core.hpp:913:29:   required from 'Type objective_function<Type>::evalUserTemplate() [with Type = CppAD::AD<CppAD::AD<CppAD::AD<double> > >]'\nC:/Users/spi085/AppData/Local/Programs/R/R-4.4.1/library/TMB/include/tmb_core.hpp:2361:28:   required from here\nPOPULATIONS//POPULATION_0009//INDIVIDUAL_ZWXB1505/model.cpp:80:26: error: 'posfun' was not declared in this scope\nPOPULATIONS//POPULATION_0009//INDIVIDUAL_ZWXB1505/model.cpp:81:40: error: 'posfun' was not declared in this scope, and no declarations were found by argument-dependent lookup at the point of instantiation\n   81 |     cots_pred(t) = Type(100.0) - posfun(Type(100.0) - cots_pred(t), eps, nll);\n      |                                  ~~~~~~^~~~~~~~~~~~~~~~~~~~~~~~~~~~~~~~~~~~~~\nPOPULATIONS//POPULATION_0009//INDIVIDUAL_ZWXB1505/model.cpp:80:26: note: 'posfun' declared here, later in the translation unit\n   80 |     cots_pred(t) = posfun(cots_pred(t), eps, nll);\n      |                    ~~~~~~^~~~~~~~~~~~~~~~~~~~~~~~\nPOPULATIONS//POPULATION_0009//INDIVIDUAL_ZWXB1505/model.cpp:83:26: error: 'posfun' was not declared in this scope, and no declarations were found by argument-dependent lookup at the point of instantiation\n   83 |     slow_pred(t) = posfun(slow_pred(t), eps, nll);\n      |                    ~~~~~~^~~~~~~~~~~~~~~~~~~~~~~~\nPOPULATIONS//POPULATION_0009//INDIVIDUAL_ZWXB1505/model.cpp:80:26: note: 'posfun' declared here, later in the translation unit\n   80 |     cots_pred(t) = posfun(cots_pred(t), eps, nll);\n      |                    ~~~~~~^~~~~~~~~~~~~~~~~~~~~~~~\nPOPULATIONS//POPULATION_0009//INDIVIDUAL_ZWXB1505/model.cpp:84:40: error: 'posfun' was not declared in this scope, and no declarations were found by argument-dependent lookup at the point of instantiation\n   84 |     slow_pred(t) = Type(100.0) - posfun(Type(100.0) - slow_pred(t), eps, nll);\n      |                                  ~~~~~~^~~~~~~~~~~~~~~~~~~~~~~~~~~~~~~~~~~~~~\nPOPULATIONS//POPULATION_0009//INDIVIDUAL_ZWXB1505/model.cpp:80:26: note: 'posfun' declared here, later in the translation unit\n   80 |     cots_pred(t) = posfun(cots_pred(t), eps, nll);\n      |                    ~~~~~~^~~~~~~~~~~~~~~~~~~~~~~~\nPOPULATIONS//POPULATION_0009//INDIVIDUAL_ZWXB1505/model.cpp:86:26: error: 'posfun' was not declared in this scope, and no declarations were found by argument-dependent lookup at the point of instantiation\n   86 |     fast_pred(t) = posfun(fast_pred(t), eps, nll);\n      |                    ~~~~~~^~~~~~~~~~~~~~~~~~~~~~~~\nPOPULATIONS//POPULATION_0009//INDIVIDUAL_ZWXB1505/model.cpp:80:26: note: 'posfun' declared here, later in the translation unit\n   80 |     cots_pred(t) = posfun(cots_pred(t), eps, nll);\n      |                    ~~~~~~^~~~~~~~~~~~~~~~~~~~~~~~\nPOPULATIONS//POPULATION_0009//INDIVIDUAL_ZWXB1505/model.cpp:87:40: error: 'posfun' was not declared in this scope, and no declarations were found by argument-dependent lookup at the point of instantiation\n   87 |     fast_pred(t) = Type(100.0) - posfun(Type(100.0) - fast_pred(t), eps, nll);\n      |                                  ~~~~~~^~~~~~~~~~~~~~~~~~~~~~~~~~~~~~~~~~~~~~\nPOPULATIONS//POPULATION_0009//INDIVIDUAL_ZWXB1505/model.cpp:80:26: note: 'posfun' declared here, later in the translation unit\n   80 |     cots_pred(t) = posfun(cots_pred(t), eps, nll);\n      |                    ~~~~~~^~~~~~~~~~~~~~~~~~~~~~~~\nmake: *** [C:/Users/spi085/AppData/Local/Programs/R/R-4.4.1/etc/x64/Makeconf:296: POPULATIONS//POPULATION_0009//INDIVIDUAL_ZWXB1505/model.o] Error 1\nError in TMB::compile(file.path(individual_dir, model_file), flags = flags,  : \n  Compilation failed\nError: Compilation failed\nExecution halted"
    },
    "6": {
      "status": "ERROR",
      "message": "R script failed with return code 1",
      "stdout": "g++ -std=gnu++17  -I\"C:/Users/spi085/AppData/Local/Programs/R/R-4.4.1/include\" -DNDEBUG -I\"C:/Users/spi085/AppData/Local/Programs/R/R-44~1.1/library/TMB/include\" -I\"C:/Users/spi085/AppData/Local/Programs/R/R-44~1.1/library/RCPPEI~1/include\"   -DTMB_EIGEN_DISABLE_WARNINGS   -DTMB_LIB_INIT=R_init_model  -DCPPAD_FRAMEWORK    -I\"C:/rtools44/x86_64-w64-mingw32.static.posix/include\"     -O2 -Wa,-mbig-obj -c POPULATIONS//POPULATION_0009//INDIVIDUAL_ZWXB1505/model.cpp -o POPULATIONS//POPULATION_0009//INDIVIDUAL_ZWXB1505/model.o\ng++ -std=gnu++17 -shared -s -static-libgcc -o POPULATIONS//POPULATION_0009//INDIVIDUAL_ZWXB1505/model.dll tmp.def POPULATIONS//POPULATION_0009//INDIVIDUAL_ZWXB1505/model.o -LC:/rtools44/x86_64-w64-mingw32.static.posix/lib/x64 -LC:/rtools44/x86_64-w64-mingw32.static.posix/lib -LC:/Users/spi085/AppData/Local/Programs/R/R-4.4.1/bin/x64 -lR\nStarting model phases\nNumber of phases: 4 \nPhase 1 \nInitial parameter values for phase 1 :\n     log_r log_a_slow log_a_fast \n      -0.5       -2.3       -1.6 \nFinal parameter values for phase 1 :\n     log_r log_a_slow log_a_fast \n      -0.5       -2.3       -1.6 \nConvergence message: both X-convergence and relative convergence (5) \nNumber of iterations: 1 \nObjective function value: Inf \nGradient at solution for phase 1 :\n     [,1] [,2] [,3]\n[1,]    0    0    0\nPhase 2 \nInitial parameter values for phase 2 :\n     log_K log_g_slow log_g_fast \n       0.7       -2.3       -1.6 \nFinal parameter values for phase 2 :\n     log_K log_g_slow log_g_fast \n       0.7       -2.3       -1.6 \nConvergence message: both X-convergence and relative convergence (5) \nNumber of iterations: 1 \nObjective function value: Inf \nGradient at solution for phase 2 :\n     [,1] [,2] [,3]\n[1,]    0    0    0\nPhase 3 \nInitial parameter values for phase 3 :\n    temp_opt  log_sd_cots log_sd_coral \n        28.0         -1.6         -2.3 \nError in model phases: NA/NaN gradient evaluation",
      "stderr": "Loading required package: TMB\nLoading required package: jsonlite\nhere() starts at C:/Users/spi085/OneDrive - CSIRO/Documents/_Projects/SCCP-QuantModelling\nusing C++ compiler: 'G__~1.EXE (GCC) 13.2.0'\nError in value[[3L]](cond) : \n  Error in model phases: NA/NaN gradient evaluation\nCalls: tryCatch -> tryCatchList -> tryCatchOne -> <Anonymous>\nIn addition: Warning messages:\n1: In nlminb(model$par, model$fn, model$gr) : NA/NaN function evaluation\n2: In nlminb(model$par, model$fn, model$gr) : NA/NaN function evaluation\n3: In nlminb(model$par, model$fn, model$gr) : NA/NaN function evaluation\n4: In nlminb(model$par, model$fn, model$gr) : NA/NaN function evaluation\n5: In nlminb(model$par, model$fn, model$gr) : NA/NaN function evaluation\nExecution halted"
    },
    "7": {
      "status": "BROKEN"
    }
  }
}