{
  "iterations": {
    "1": {
      "status": "ERROR",
      "message": "R script failed with return code 1",
      "stdout": "g++ -std=gnu++17 -I\"/usr/share/R/include\" -DNDEBUG -I\"/home/spi085/R/x86_64-pc-linux-gnu-library/4.4/TMB/include\" -I\"/home/spi085/R/x86_64-pc-linux-gnu-library/4.4/RcppEigen/include\"   -DTMB_EIGEN_DISABLE_WARNINGS   -DTMB_LIB_INIT=R_init_model  -DCPPAD_FRAMEWORK      -fpic  -O2  -c POPULATIONS/POPULATION_0005/INDIVIDUAL_51EMHSI4/model.cpp -o POPULATIONS/POPULATION_0005/INDIVIDUAL_51EMHSI4/model.o\ng++ -std=gnu++17 -shared -L/usr/lib/R/lib -Wl,-Bsymbolic-functions -flto=auto -ffat-lto-objects -Wl,-z,relro -o POPULATIONS/POPULATION_0005/INDIVIDUAL_51EMHSI4/model.so POPULATIONS/POPULATION_0005/INDIVIDUAL_51EMHSI4/model.o -L/usr/lib/R/lib -lR\nStarting model phases\nNumber of phases: 3 \nPhase 1 \nInitial parameter values for phase 1 :\n         log_r_cots log_allee_threshold        log_temp_opt    log_grazing_fast \n                 NA                  NA                1.41                  NA \n   log_grazing_slow \n                 NA \nError in model phases: NA/NaN gradient evaluation",
      "stderr": "Loading required package: TMB\nLoading required package: jsonlite\nhere() starts at /home/spi085/Documents/_Projects/SCCP-QuantModelling\nusing C++ compiler: \u2018g++ (Ubuntu 13.3.0-6ubuntu2~24.04) 13.3.0\u2019\nError in value[[3L]](cond) : \n  Error in model phases: NA/NaN gradient evaluation\nCalls: tryCatch -> tryCatchList -> tryCatchOne -> <Anonymous>\nIn addition: Warning message:\nIn nlminb(model$par, model$fn, model$gr) : NA/NaN function evaluation\nExecution halted"
    },
    "2": {
      "status": "ERROR",
      "message": "Model failed to compile.",
      "stdout": "g++ -std=gnu++17 -I\"/usr/share/R/include\" -DNDEBUG -I\"/home/spi085/R/x86_64-pc-linux-gnu-library/4.4/TMB/include\" -I\"/home/spi085/R/x86_64-pc-linux-gnu-library/4.4/RcppEigen/include\"   -DTMB_EIGEN_DISABLE_WARNINGS   -DTMB_LIB_INIT=R_init_model  -DCPPAD_FRAMEWORK      -fpic  -O2  -c POPULATIONS/POPULATION_0005/INDIVIDUAL_51EMHSI4/model.cpp -o POPULATIONS/POPULATION_0005/INDIVIDUAL_51EMHSI4/model.o",
      "stderr": "Loading required package: TMB\nLoading required package: jsonlite\nhere() starts at /home/spi085/Documents/_Projects/SCCP-QuantModelling\nusing C++ compiler: \u2018g++ (Ubuntu 13.3.0-6ubuntu2~24.04) 13.3.0\u2019\nIn file included from /home/spi085/R/x86_64-pc-linux-gnu-library/4.4/TMB/include/TMB.hpp:228,\n                 from POPULATIONS/POPULATION_0005/INDIVIDUAL_51EMHSI4/model.cpp:1:\nPOPULATIONS/POPULATION_0005/INDIVIDUAL_51EMHSI4/model.cpp: In member function \u2018Type objective_function<Type>::operator()()\u2019:\nPOPULATIONS/POPULATION_0005/INDIVIDUAL_51EMHSI4/model.cpp:19:13: error: redeclaration of \u2018Type log_temp_range\u2019\n   19 |   PARAMETER(log_temp_range);         // Temperature tolerance range\n      |             ^~~~~~~~~~~~~~\n/home/spi085/R/x86_64-pc-linux-gnu-library/4.4/TMB/include/tmb_core.hpp:228:6: note: in definition of macro \u2018PARAMETER\u2019\n  228 | Type name(TMB_OBJECTIVE_PTR -> fillShape(                               \\\n      |      ^~~~\nPOPULATIONS/POPULATION_0005/INDIVIDUAL_51EMHSI4/model.cpp:18:13: note: \u2018Type log_temp_range\u2019 previously declared here\n   18 |   PARAMETER(log_temp_range);         // Temperature tolerance range\n      |             ^~~~~~~~~~~~~~\n/home/spi085/R/x86_64-pc-linux-gnu-library/4.4/TMB/include/tmb_core.hpp:228:6: note: in definition of macro \u2018PARAMETER\u2019\n  228 | Type name(TMB_OBJECTIVE_PTR -> fillShape(                               \\\n      |      ^~~~\nmake: *** [/usr/lib/R/etc/Makeconf:204: POPULATIONS/POPULATION_0005/INDIVIDUAL_51EMHSI4/model.o] Error 1\nError in TMB::compile(file.path(individual_dir, model_file), flags = flags,  : \n  Compilation failed\nError: Compilation failed\nExecution halted"
    },
    "3": {
      "status": "ERROR",
      "message": "R script failed with return code 1",
      "stdout": "g++ -std=gnu++17 -I\"/usr/share/R/include\" -DNDEBUG -I\"/home/spi085/R/x86_64-pc-linux-gnu-library/4.4/TMB/include\" -I\"/home/spi085/R/x86_64-pc-linux-gnu-library/4.4/RcppEigen/include\"   -DTMB_EIGEN_DISABLE_WARNINGS   -DTMB_LIB_INIT=R_init_model  -DCPPAD_FRAMEWORK      -fpic  -O2  -c POPULATIONS/POPULATION_0005/INDIVIDUAL_51EMHSI4/model.cpp -o POPULATIONS/POPULATION_0005/INDIVIDUAL_51EMHSI4/model.o\ng++ -std=gnu++17 -shared -L/usr/lib/R/lib -Wl,-Bsymbolic-functions -flto=auto -ffat-lto-objects -Wl,-z,relro -o POPULATIONS/POPULATION_0005/INDIVIDUAL_51EMHSI4/model.so POPULATIONS/POPULATION_0005/INDIVIDUAL_51EMHSI4/model.o -L/usr/lib/R/lib -lR\nStarting model phases\nNumber of phases: 3 \nPhase 1 \nInitial parameter values for phase 1 :\n         log_r_cots log_allee_threshold        log_temp_opt    log_grazing_fast \n                 NA                  NA                1.41                  NA \n   log_grazing_slow \n                 NA \nError in model phases: NA/NaN gradient evaluation",
      "stderr": "Loading required package: TMB\nLoading required package: jsonlite\nhere() starts at /home/spi085/Documents/_Projects/SCCP-QuantModelling\nusing C++ compiler: \u2018g++ (Ubuntu 13.3.0-6ubuntu2~24.04) 13.3.0\u2019\nError in value[[3L]](cond) : \n  Error in model phases: NA/NaN gradient evaluation\nCalls: tryCatch -> tryCatchList -> tryCatchOne -> <Anonymous>\nIn addition: Warning message:\nIn nlminb(model$par, model$fn, model$gr) : NA/NaN function evaluation\nExecution halted"
    },
    "4": {
      "status": "ERROR",
      "message": "R script failed with return code 1",
      "stdout": "g++ -std=gnu++17 -I\"/usr/share/R/include\" -DNDEBUG -I\"/home/spi085/R/x86_64-pc-linux-gnu-library/4.4/TMB/include\" -I\"/home/spi085/R/x86_64-pc-linux-gnu-library/4.4/RcppEigen/include\"   -DTMB_EIGEN_DISABLE_WARNINGS   -DTMB_LIB_INIT=R_init_model  -DCPPAD_FRAMEWORK      -fpic  -O2  -c POPULATIONS/POPULATION_0005/INDIVIDUAL_51EMHSI4/model.cpp -o POPULATIONS/POPULATION_0005/INDIVIDUAL_51EMHSI4/model.o\ng++ -std=gnu++17 -shared -L/usr/lib/R/lib -Wl,-Bsymbolic-functions -flto=auto -ffat-lto-objects -Wl,-z,relro -o POPULATIONS/POPULATION_0005/INDIVIDUAL_51EMHSI4/model.so POPULATIONS/POPULATION_0005/INDIVIDUAL_51EMHSI4/model.o -L/usr/lib/R/lib -lR\nStarting model phases\nNumber of phases: 3 \nPhase 1 \nInitial parameter values for phase 1 :\n         log_r_cots log_allee_threshold        log_temp_opt    log_grazing_fast \n                 NA                  NA                1.41                  NA \n   log_grazing_slow \n                 NA \nError in model phases: NA/NaN gradient evaluation",
      "stderr": "Loading required package: TMB\nLoading required package: jsonlite\nhere() starts at /home/spi085/Documents/_Projects/SCCP-QuantModelling\nusing C++ compiler: \u2018g++ (Ubuntu 13.3.0-6ubuntu2~24.04) 13.3.0\u2019\nError in value[[3L]](cond) : \n  Error in model phases: NA/NaN gradient evaluation\nCalls: tryCatch -> tryCatchList -> tryCatchOne -> <Anonymous>\nIn addition: Warning message:\nIn nlminb(model$par, model$fn, model$gr) : NA/NaN function evaluation\nExecution halted"
    },
    "5": {
      "status": "ERROR",
      "message": "Model failed to compile.",
      "stdout": "g++ -std=gnu++17 -I\"/usr/share/R/include\" -DNDEBUG -I\"/home/spi085/R/x86_64-pc-linux-gnu-library/4.4/TMB/include\" -I\"/home/spi085/R/x86_64-pc-linux-gnu-library/4.4/RcppEigen/include\"   -DTMB_EIGEN_DISABLE_WARNINGS   -DTMB_LIB_INIT=R_init_model  -DCPPAD_FRAMEWORK      -fpic  -O2  -c POPULATIONS/POPULATION_0005/INDIVIDUAL_51EMHSI4/model.cpp -o POPULATIONS/POPULATION_0005/INDIVIDUAL_51EMHSI4/model.o",
      "stderr": "Loading required package: TMB\nLoading required package: jsonlite\nhere() starts at /home/spi085/Documents/_Projects/SCCP-QuantModelling\nusing C++ compiler: \u2018g++ (Ubuntu 13.3.0-6ubuntu2~24.04) 13.3.0\u2019\nPOPULATIONS/POPULATION_0005/INDIVIDUAL_51EMHSI4/model.cpp: In member function \u2018Type objective_function<Type>::operator()()\u2019:\nPOPULATIONS/POPULATION_0005/INDIVIDUAL_51EMHSI4/model.cpp:80:44: error: \u2018max\u2019 is not a member of \u2018CppAD\u2019\n   80 |     Type carrying_capacity_effect = CppAD::max(Type(0), Type(1.0) - bounded_density/K_cots);\n      |                                            ^~~\nPOPULATIONS/POPULATION_0005/INDIVIDUAL_51EMHSI4/model.cpp:80:44: note: suggested alternatives:\nIn file included from /home/spi085/R/x86_64-pc-linux-gnu-library/4.4/TMB/include/TMB.hpp:231,\n                 from POPULATIONS/POPULATION_0005/INDIVIDUAL_51EMHSI4/model.cpp:1:\n/home/spi085/R/x86_64-pc-linux-gnu-library/4.4/TMB/include/convenience.hpp:145:6: note:   \u2018max\u2019\n  145 | Type max(const vector<Type> &x)\n      |      ^~~\nIn file included from /usr/include/c++/13/functional:67,\n                 from /home/spi085/R/x86_64-pc-linux-gnu-library/4.4/RcppEigen/include/Eigen/Core:85,\n                 from /home/spi085/R/x86_64-pc-linux-gnu-library/4.4/RcppEigen/include/Eigen/Dense:1,\n                 from /home/spi085/R/x86_64-pc-linux-gnu-library/4.4/TMB/include/TMB.hpp:92:\n/usr/include/c++/13/bits/stl_algo.h:5805:5: note:   \u2018std::max\u2019\n 5805 |     max(initializer_list<_Tp> __l, _Compare __comp)\n      |     ^~~\nIn file included from /home/spi085/R/x86_64-pc-linux-gnu-library/4.4/RcppEigen/include/Eigen/Core:176:\n/home/spi085/R/x86_64-pc-linux-gnu-library/4.4/RcppEigen/include/Eigen/src/Core/arch/Default/Half.h:749:45: note:   \u2018Eigen::half_impl::max\u2019\n  749 | EIGEN_STRONG_INLINE EIGEN_DEVICE_FUNC half (max)(const half& a, const half& b) {\n      |                                             ^~~\nIn file included from /home/spi085/R/x86_64-pc-linux-gnu-library/4.4/RcppEigen/include/Eigen/Core:177:\n/home/spi085/R/x86_64-pc-linux-gnu-library/4.4/RcppEigen/include/Eigen/src/Core/arch/Default/BFloat16.h:576:49: note:   \u2018Eigen::bfloat16_impl::max\u2019\n  576 | EIGEN_STRONG_INLINE EIGEN_DEVICE_FUNC bfloat16 (max)(const bfloat16& a, const bfloat16& b) {\n      |                                                 ^~~\nPOPULATIONS/POPULATION_0005/INDIVIDUAL_51EMHSI4/model.cpp:88:27: error: \u2018max\u2019 is not a member of \u2018CppAD\u2019\n   88 |     cots_pred(t) = CppAD::max(eps, cots_pred(t));\n      |                           ^~~\nPOPULATIONS/POPULATION_0005/INDIVIDUAL_51EMHSI4/model.cpp:88:27: note: suggested alternatives:\n/home/spi085/R/x86_64-pc-linux-gnu-library/4.4/TMB/include/convenience.hpp:145:6: note:   \u2018max\u2019\n  145 | Type max(const vector<Type> &x)\n      |      ^~~\n/usr/include/c++/13/bits/stl_algo.h:5805:5: note:   \u2018std::max\u2019\n 5805 |     max(initializer_list<_Tp> __l, _Compare __comp)\n      |     ^~~\n/home/spi085/R/x86_64-pc-linux-gnu-library/4.4/RcppEigen/include/Eigen/src/Core/arch/Default/Half.h:749:45: note:   \u2018Eigen::half_impl::max\u2019\n  749 | EIGEN_STRONG_INLINE EIGEN_DEVICE_FUNC half (max)(const half& a, const half& b) {\n      |                                             ^~~\n/home/spi085/R/x86_64-pc-linux-gnu-library/4.4/RcppEigen/include/Eigen/src/Core/arch/Default/BFloat16.h:576:49: note:   \u2018Eigen::bfloat16_impl::max\u2019\n  576 | EIGEN_STRONG_INLINE EIGEN_DEVICE_FUNC bfloat16 (max)(const bfloat16& a, const bfloat16& b) {\n      |                                                 ^~~\nPOPULATIONS/POPULATION_0005/INDIVIDUAL_51EMHSI4/model.cpp:110:32: error: \u2018max\u2019 is not a member of \u2018CppAD\u2019\n  110 |     Type cots_obs = log(CppAD::max(cots_dat(t), eps));\n      |                                ^~~\nPOPULATIONS/POPULATION_0005/INDIVIDUAL_51EMHSI4/model.cpp:110:32: note: suggested alternatives:\n/home/spi085/R/x86_64-pc-linux-gnu-library/4.4/TMB/include/convenience.hpp:145:6: note:   \u2018max\u2019\n  145 | Type max(const vector<Type> &x)\n      |      ^~~\n/usr/include/c++/13/bits/stl_algo.h:5805:5: note:   \u2018std::max\u2019\n 5805 |     max(initializer_list<_Tp> __l, _Compare __comp)\n      |     ^~~\n/home/spi085/R/x86_64-pc-linux-gnu-library/4.4/RcppEigen/include/Eigen/src/Core/arch/Default/Half.h:749:45: note:   \u2018Eigen::half_impl::max\u2019\n  749 | EIGEN_STRONG_INLINE EIGEN_DEVICE_FUNC half (max)(const half& a, const half& b) {\n      |                                             ^~~\n/home/spi085/R/x86_64-pc-linux-gnu-library/4.4/RcppEigen/include/Eigen/src/Core/arch/Default/BFloat16.h:576:49: note:   \u2018Eigen::bfloat16_impl::max\u2019\n  576 | EIGEN_STRONG_INLINE EIGEN_DEVICE_FUNC bfloat16 (max)(const bfloat16& a, const bfloat16& b) {\n      |                                                 ^~~\nPOPULATIONS/POPULATION_0005/INDIVIDUAL_51EMHSI4/model.cpp:111:35: error: \u2018max\u2019 is not a member of \u2018CppAD\u2019\n  111 |     Type cots_pred_t = log(CppAD::max(cots_pred(t), eps));\n      |                                   ^~~\nPOPULATIONS/POPULATION_0005/INDIVIDUAL_51EMHSI4/model.cpp:111:35: note: suggested alternatives:\n/home/spi085/R/x86_64-pc-linux-gnu-library/4.4/TMB/include/convenience.hpp:145:6: note:   \u2018max\u2019\n  145 | Type max(const vector<Type> &x)\n      |      ^~~\n/usr/include/c++/13/bits/stl_algo.h:5805:5: note:   \u2018std::max\u2019\n 5805 |     max(initializer_list<_Tp> __l, _Compare __comp)\n      |     ^~~\n/home/spi085/R/x86_64-pc-linux-gnu-library/4.4/RcppEigen/include/Eigen/src/Core/arch/Default/Half.h:749:45: note:   \u2018Eigen::half_impl::max\u2019\n  749 | EIGEN_STRONG_INLINE EIGEN_DEVICE_FUNC half (max)(const half& a, const half& b) {\n      |                                             ^~~\n/home/spi085/R/x86_64-pc-linux-gnu-library/4.4/RcppEigen/include/Eigen/src/Core/arch/Default/BFloat16.h:576:49: note:   \u2018Eigen::bfloat16_impl::max\u2019\n  576 | EIGEN_STRONG_INLINE EIGEN_DEVICE_FUNC bfloat16 (max)(const bfloat16& a, const bfloat16& b) {\n      |                                                 ^~~\nPOPULATIONS/POPULATION_0005/INDIVIDUAL_51EMHSI4/model.cpp:114:32: error: \u2018max\u2019 is not a member of \u2018CppAD\u2019\n  114 |     Type fast_obs = log(CppAD::max(fast_dat(t), eps));\n      |                                ^~~\nPOPULATIONS/POPULATION_0005/INDIVIDUAL_51EMHSI4/model.cpp:114:32: note: suggested alternatives:\n/home/spi085/R/x86_64-pc-linux-gnu-library/4.4/TMB/include/convenience.hpp:145:6: note:   \u2018max\u2019\n  145 | Type max(const vector<Type> &x)\n      |      ^~~\n/usr/include/c++/13/bits/stl_algo.h:5805:5: note:   \u2018std::max\u2019\n 5805 |     max(initializer_list<_Tp> __l, _Compare __comp)\n      |     ^~~\n/home/spi085/R/x86_64-pc-linux-gnu-library/4.4/RcppEigen/include/Eigen/src/Core/arch/Default/Half.h:749:45: note:   \u2018Eigen::half_impl::max\u2019\n  749 | EIGEN_STRONG_INLINE EIGEN_DEVICE_FUNC half (max)(const half& a, const half& b) {\n      |                                             ^~~\n/home/spi085/R/x86_64-pc-linux-gnu-library/4.4/RcppEigen/include/Eigen/src/Core/arch/Default/BFloat16.h:576:49: note:   \u2018Eigen::bfloat16_impl::max\u2019\n  576 | EIGEN_STRONG_INLINE EIGEN_DEVICE_FUNC bfloat16 (max)(const bfloat16& a, const bfloat16& b) {\n      |                                                 ^~~\nPOPULATIONS/POPULATION_0005/INDIVIDUAL_51EMHSI4/model.cpp:115:35: error: \u2018max\u2019 is not a member of \u2018CppAD\u2019\n  115 |     Type fast_pred_t = log(CppAD::max(fast_pred(t), eps));\n      |                                   ^~~\nPOPULATIONS/POPULATION_0005/INDIVIDUAL_51EMHSI4/model.cpp:115:35: note: suggested alternatives:\n/home/spi085/R/x86_64-pc-linux-gnu-library/4.4/TMB/include/convenience.hpp:145:6: note:   \u2018max\u2019\n  145 | Type max(const vector<Type> &x)\n      |      ^~~\n/usr/include/c++/13/bits/stl_algo.h:5805:5: note:   \u2018std::max\u2019\n 5805 |     max(initializer_list<_Tp> __l, _Compare __comp)\n      |     ^~~\n/home/spi085/R/x86_64-pc-linux-gnu-library/4.4/RcppEigen/include/Eigen/src/Core/arch/Default/Half.h:749:45: note:   \u2018Eigen::half_impl::max\u2019\n  749 | EIGEN_STRONG_INLINE EIGEN_DEVICE_FUNC half (max)(const half& a, const half& b) {\n      |                                             ^~~\n/home/spi085/R/x86_64-pc-linux-gnu-library/4.4/RcppEigen/include/Eigen/src/Core/arch/Default/BFloat16.h:576:49: note:   \u2018Eigen::bfloat16_impl::max\u2019\n  576 | EIGEN_STRONG_INLINE EIGEN_DEVICE_FUNC bfloat16 (max)(const bfloat16& a, const bfloat16& b) {\n      |                                                 ^~~\nPOPULATIONS/POPULATION_0005/INDIVIDUAL_51EMHSI4/model.cpp:118:32: error: \u2018max\u2019 is not a member of \u2018CppAD\u2019\n  118 |     Type slow_obs = log(CppAD::max(slow_dat(t), eps));\n      |                                ^~~\nPOPULATIONS/POPULATION_0005/INDIVIDUAL_51EMHSI4/model.cpp:118:32: note: suggested alternatives:\n/home/spi085/R/x86_64-pc-linux-gnu-library/4.4/TMB/include/convenience.hpp:145:6: note:   \u2018max\u2019\n  145 | Type max(const vector<Type> &x)\n      |      ^~~\n/usr/include/c++/13/bits/stl_algo.h:5805:5: note:   \u2018std::max\u2019\n 5805 |     max(initializer_list<_Tp> __l, _Compare __comp)\n      |     ^~~\n/home/spi085/R/x86_64-pc-linux-gnu-library/4.4/RcppEigen/include/Eigen/src/Core/arch/Default/Half.h:749:45: note:   \u2018Eigen::half_impl::max\u2019\n  749 | EIGEN_STRONG_INLINE EIGEN_DEVICE_FUNC half (max)(const half& a, const half& b) {\n      |                                             ^~~\n/home/spi085/R/x86_64-pc-linux-gnu-library/4.4/RcppEigen/include/Eigen/src/Core/arch/Default/BFloat16.h:576:49: note:   \u2018Eigen::bfloat16_impl::max\u2019\n  576 | EIGEN_STRONG_INLINE EIGEN_DEVICE_FUNC bfloat16 (max)(const bfloat16& a, const bfloat16& b) {\n      |                                                 ^~~\nPOPULATIONS/POPULATION_0005/INDIVIDUAL_51EMHSI4/model.cpp:119:35: error: \u2018max\u2019 is not a member of \u2018CppAD\u2019\n  119 |     Type slow_pred_t = log(CppAD::max(slow_pred(t), eps));\n      |                                   ^~~\nPOPULATIONS/POPULATION_0005/INDIVIDUAL_51EMHSI4/model.cpp:119:35: note: suggested alternatives:\n/home/spi085/R/x86_64-pc-linux-gnu-library/4.4/TMB/include/convenience.hpp:145:6: note:   \u2018max\u2019\n  145 | Type max(const vector<Type> &x)\n      |      ^~~\n/usr/include/c++/13/bits/stl_algo.h:5805:5: note:   \u2018std::max\u2019\n 5805 |     max(initializer_list<_Tp> __l, _Compare __comp)\n      |     ^~~\n/home/spi085/R/x86_64-pc-linux-gnu-library/4.4/RcppEigen/include/Eigen/src/Core/arch/Default/Half.h:749:45: note:   \u2018Eigen::half_impl::max\u2019\n  749 | EIGEN_STRONG_INLINE EIGEN_DEVICE_FUNC half (max)(const half& a, const half& b) {\n      |                                             ^~~\n/home/spi085/R/x86_64-pc-linux-gnu-library/4.4/RcppEigen/include/Eigen/src/Core/arch/Default/BFloat16.h:576:49: note:   \u2018Eigen::bfloat16_impl::max\u2019\n  576 | EIGEN_STRONG_INLINE EIGEN_DEVICE_FUNC bfloat16 (max)(const bfloat16& a, const bfloat16& b) {\n      |                                                 ^~~\nmake: *** [/usr/lib/R/etc/Makeconf:204: POPULATIONS/POPULATION_0005/INDIVIDUAL_51EMHSI4/model.o] Error 1\nError in TMB::compile(file.path(individual_dir, model_file), flags = flags,  : \n  Compilation failed\nError: Compilation failed\nExecution halted"
    },
    "6": {
      "status": "ERROR",
      "message": "R script failed with return code 1",
      "stdout": "g++ -std=gnu++17 -I\"/usr/share/R/include\" -DNDEBUG -I\"/home/spi085/R/x86_64-pc-linux-gnu-library/4.4/TMB/include\" -I\"/home/spi085/R/x86_64-pc-linux-gnu-library/4.4/RcppEigen/include\"   -DTMB_EIGEN_DISABLE_WARNINGS   -DTMB_LIB_INIT=R_init_model  -DCPPAD_FRAMEWORK      -fpic  -O2  -c POPULATIONS/POPULATION_0005/INDIVIDUAL_51EMHSI4/model.cpp -o POPULATIONS/POPULATION_0005/INDIVIDUAL_51EMHSI4/model.o\ng++ -std=gnu++17 -shared -L/usr/lib/R/lib -Wl,-Bsymbolic-functions -flto=auto -ffat-lto-objects -Wl,-z,relro -o POPULATIONS/POPULATION_0005/INDIVIDUAL_51EMHSI4/model.so POPULATIONS/POPULATION_0005/INDIVIDUAL_51EMHSI4/model.o -L/usr/lib/R/lib -lR\nStarting model phases\nNumber of phases: 3 \nPhase 1 \nInitial parameter values for phase 1 :\n         log_r_cots log_allee_threshold        log_temp_opt    log_grazing_fast \n                 NA                  NA                1.41                  NA \n   log_grazing_slow \n                 NA \nError in model phases: NA/NaN gradient evaluation",
      "stderr": "Loading required package: TMB\nLoading required package: jsonlite\nhere() starts at /home/spi085/Documents/_Projects/SCCP-QuantModelling\nusing C++ compiler: \u2018g++ (Ubuntu 13.3.0-6ubuntu2~24.04) 13.3.0\u2019\nError in value[[3L]](cond) : \n  Error in model phases: NA/NaN gradient evaluation\nCalls: tryCatch -> tryCatchList -> tryCatchOne -> <Anonymous>\nIn addition: Warning message:\nIn nlminb(model$par, model$fn, model$gr) : NA/NaN function evaluation\nExecution halted"
    },
    "7": {
      "status": "BROKEN"
    }
  }
}