{
  "iterations": {
    "1": {
      "status": "LEAKAGE",
      "message": "Data leakage detected in model equations:\n  This file does not follow standard TMB conventions. Issues detected:\n  - Missing DATA_VECTOR() macros for data inputs\n  - Missing vector<Type> declarations\n\nThe model should be rewritten to follow TMB conventions.",
      "objective_value": "NA"
    },
    "2": {
      "status": "ERROR",
      "message": "Model failed to compile.",
      "stdout": "g++ -std=gnu++17 -I\"/usr/share/R/include\" -DNDEBUG -I\"/home/spi085/R/x86_64-pc-linux-gnu-library/4.4/TMB/include\" -I\"/home/spi085/R/x86_64-pc-linux-gnu-library/4.4/RcppEigen/include\"   -DTMB_EIGEN_DISABLE_WARNINGS   -DTMB_LIB_INIT=R_init_model  -DCPPAD_FRAMEWORK      -fpic  -O2  -c POPULATIONS/POPULATION_0007/INDIVIDUAL_472TCG35/model.cpp -o POPULATIONS/POPULATION_0007/INDIVIDUAL_472TCG35/model.o",
      "stderr": "Loading required package: TMB\nLoading required package: jsonlite\nusing C++ compiler: \u2018g++ (Ubuntu 13.3.0-6ubuntu2~24.04) 13.3.0\u2019\nPOPULATIONS/POPULATION_0007/INDIVIDUAL_472TCG35/model.cpp: In instantiation of \u2018Type objective_function<Type>::operator()() [with Type = CppAD::AD<double>]\u2019:\n/home/spi085/R/x86_64-pc-linux-gnu-library/4.4/TMB/include/tmb_core.hpp:1312:6:   required from here\nPOPULATIONS/POPULATION_0007/INDIVIDUAL_472TCG35/model.cpp:146:23: error: call of overloaded \u2018invlogit(CppAD::AD<double>&)\u2019 is ambiguous\n  146 |   Type epsN = invlogit(epsN_raw);             // Conversion efficiency to new COTS (dimensionless, 0-1)\n      |               ~~~~~~~~^~~~~~~~~~\nIn file included from /home/spi085/R/x86_64-pc-linux-gnu-library/4.4/TMB/include/TMB.hpp:231,\n                 from POPULATIONS/POPULATION_0007/INDIVIDUAL_472TCG35/model.cpp:1:\n/home/spi085/R/x86_64-pc-linux-gnu-library/4.4/TMB/include/convenience.hpp:114:6: note: candidate: \u2018Type invlogit(Type) [with Type = CppAD::AD<double>]\u2019\n  114 | Type invlogit(Type x){\n      |      ^~~~~~~~\nPOPULATIONS/POPULATION_0007/INDIVIDUAL_472TCG35/model.cpp:5:6: note: candidate: \u2018Type invlogit(const Type&) [with Type = CppAD::AD<double>]\u2019\n    5 | Type invlogit(const Type &x) {\n      |      ^~~~~~~~\nPOPULATIONS/POPULATION_0007/INDIVIDUAL_472TCG35/model.cpp:147:25: error: call of overloaded \u2018invlogit(CppAD::AD<double>&)\u2019 is ambiguous\n  147 |   Type w_fast = invlogit(pref_fast_raw);      // Preference for fast coral (0-1)\n      |                 ~~~~~~~~^~~~~~~~~~~~~~~\n/home/spi085/R/x86_64-pc-linux-gnu-library/4.4/TMB/include/convenience.hpp:114:6: note: candidate: \u2018Type invlogit(Type) [with Type = CppAD::AD<double>]\u2019\n  114 | Type invlogit(Type x){\n      |      ^~~~~~~~\nPOPULATIONS/POPULATION_0007/INDIVIDUAL_472TCG35/model.cpp:5:6: note: candidate: \u2018Type invlogit(const Type&) [with Type = CppAD::AD<double>]\u2019\n    5 | Type invlogit(const Type &x) {\n      |      ^~~~~~~~\nPOPULATIONS/POPULATION_0007/INDIVIDUAL_472TCG35/model.cpp:148:36: error: call of overloaded \u2018invlogit(CppAD::AD<double>&)\u2019 is ambiguous\n  148 |   Type K_f = Type(100.0) * invlogit(K_f_raw); // Fast coral carrying capacity (%) in (0,100)\n      |                            ~~~~~~~~^~~~~~~~~\n/home/spi085/R/x86_64-pc-linux-gnu-library/4.4/TMB/include/convenience.hpp:114:6: note: candidate: \u2018Type invlogit(Type) [with Type = CppAD::AD<double>]\u2019\n  114 | Type invlogit(Type x){\n      |      ^~~~~~~~\nPOPULATIONS/POPULATION_0007/INDIVIDUAL_472TCG35/model.cpp:5:6: note: candidate: \u2018Type invlogit(const Type&) [with Type = CppAD::AD<double>]\u2019\n    5 | Type invlogit(const Type &x) {\n      |      ^~~~~~~~\nPOPULATIONS/POPULATION_0007/INDIVIDUAL_472TCG35/model.cpp:149:36: error: call of overloaded \u2018invlogit(CppAD::AD<double>&)\u2019 is ambiguous\n  149 |   Type K_s = Type(100.0) * invlogit(K_s_raw); // Slow coral carrying capacity (%) in (0,100)\n      |                            ~~~~~~~~^~~~~~~~~\n/home/spi085/R/x86_64-pc-linux-gnu-library/4.4/TMB/include/convenience.hpp:114:6: note: candidate: \u2018Type invlogit(Type) [with Type = CppAD::AD<double>]\u2019\n  114 | Type invlogit(Type x){\n      |      ^~~~~~~~\nPOPULATIONS/POPULATION_0007/INDIVIDUAL_472TCG35/model.cpp:5:6: note: candidate: \u2018Type invlogit(const Type&) [with Type = CppAD::AD<double>]\u2019\n    5 | Type invlogit(const Type &x) {\n      |      ^~~~~~~~\nPOPULATIONS/POPULATION_0007/INDIVIDUAL_472TCG35/model.cpp:150:39: error: call of overloaded \u2018invlogit(CppAD::AD<double>&)\u2019 is ambiguous\n  150 |   Type alpha_fs = Type(2.0) * invlogit(alpha_fs_raw); // Competition coefficient slow->fast in (0,2)\n      |                               ~~~~~~~~^~~~~~~~~~~~~~\n/home/spi085/R/x86_64-pc-linux-gnu-library/4.4/TMB/include/convenience.hpp:114:6: note: candidate: \u2018Type invlogit(Type) [with Type = CppAD::AD<double>]\u2019\n  114 | Type invlogit(Type x){\n      |      ^~~~~~~~\nPOPULATIONS/POPULATION_0007/INDIVIDUAL_472TCG35/model.cpp:5:6: note: candidate: \u2018Type invlogit(const Type&) [with Type = CppAD::AD<double>]\u2019\n    5 | Type invlogit(const Type &x) {\n      |      ^~~~~~~~\nPOPULATIONS/POPULATION_0007/INDIVIDUAL_472TCG35/model.cpp:151:39: error: call of overloaded \u2018invlogit(CppAD::AD<double>&)\u2019 is ambiguous\n  151 |   Type alpha_sf = Type(2.0) * invlogit(alpha_sf_raw); // Competition coefficient fast->slow in (0,2)\n      |                               ~~~~~~~~^~~~~~~~~~~~~~\n/home/spi085/R/x86_64-pc-linux-gnu-library/4.4/TMB/include/convenience.hpp:114:6: note: candidate: \u2018Type invlogit(Type) [with Type = CppAD::AD<double>]\u2019\n  114 | Type invlogit(Type x){\n      |      ^~~~~~~~\nPOPULATIONS/POPULATION_0007/INDIVIDUAL_472TCG35/model.cpp:5:6: note: candidate: \u2018Type invlogit(const Type&) [with Type = CppAD::AD<double>]\u2019\n    5 | Type invlogit(const Type &x) {\n      |      ^~~~~~~~\nPOPULATIONS/POPULATION_0007/INDIVIDUAL_472TCG35/model.cpp:152:29: error: call of overloaded \u2018invlogit(CppAD::AD<double>&)\u2019 is ambiguous\n  152 |   Type eps_pred_f = invlogit(eps_pred_f_raw); // Predation impact efficiency on fast coral (0-1)\n      |                     ~~~~~~~~^~~~~~~~~~~~~~~~\n/home/spi085/R/x86_64-pc-linux-gnu-library/4.4/TMB/include/convenience.hpp:114:6: note: candidate: \u2018Type invlogit(Type) [with Type = CppAD::AD<double>]\u2019\n  114 | Type invlogit(Type x){\n      |      ^~~~~~~~\nPOPULATIONS/POPULATION_0007/INDIVIDUAL_472TCG35/model.cpp:5:6: note: candidate: \u2018Type invlogit(const Type&) [with Type = CppAD::AD<double>]\u2019\n    5 | Type invlogit(const Type &x) {\n      |      ^~~~~~~~\nPOPULATIONS/POPULATION_0007/INDIVIDUAL_472TCG35/model.cpp:153:29: error: call of overloaded \u2018invlogit(CppAD::AD<double>&)\u2019 is ambiguous\n  153 |   Type eps_pred_s = invlogit(eps_pred_s_raw); // Predation impact efficiency on slow coral (0-1)\n      |                     ~~~~~~~~^~~~~~~~~~~~~~~~\n/home/spi085/R/x86_64-pc-linux-gnu-library/4.4/TMB/include/convenience.hpp:114:6: note: candidate: \u2018Type invlogit(Type) [with Type = CppAD::AD<double>]\u2019\n  114 | Type invlogit(Type x){\n      |      ^~~~~~~~\nPOPULATIONS/POPULATION_0007/INDIVIDUAL_472TCG35/model.cpp:5:6: note: candidate: \u2018Type invlogit(const Type&) [with Type = CppAD::AD<double>]\u2019\n    5 | Type invlogit(const Type &x) {\n      |      ^~~~~~~~\nPOPULATIONS/POPULATION_0007/INDIVIDUAL_472TCG35/model.cpp:154:33: error: call of overloaded \u2018invlogit(CppAD::AD<double>&)\u2019 is ambiguous\n  154 |   Type beta_temp_cots = invlogit(beta_temp_cots_raw); // Amplitude of temp effect on COTS (0-1)\n      |                         ~~~~~~~~^~~~~~~~~~~~~~~~~~~~\n/home/spi085/R/x86_64-pc-linux-gnu-library/4.4/TMB/include/convenience.hpp:114:6: note: candidate: \u2018Type invlogit(Type) [with Type = CppAD::AD<double>]\u2019\n  114 | Type invlogit(Type x){\n      |      ^~~~~~~~\nPOPULATIONS/POPULATION_0007/INDIVIDUAL_472TCG35/model.cpp:5:6: note: candidate: \u2018Type invlogit(const Type&) [with Type = CppAD::AD<double>]\u2019\n    5 | Type invlogit(const Type &x) {\n      |      ^~~~~~~~\nPOPULATIONS/POPULATION_0007/INDIVIDUAL_472TCG35/model.cpp:157:33: error: no matching function for call to \u2018square(CppAD::AD<double>)\u2019\n  157 |   Type sigma_cots = sqrt( square(exp(log_sigma_obs_cots)) + square(min_sd) ); // Log-normal SD\n      |                           ~~~~~~^~~~~~~~~~~~~~~~~~~~~~~~~\nIn file included from /home/spi085/R/x86_64-pc-linux-gnu-library/4.4/RcppEigen/include/Eigen/Core:380,\n                 from /home/spi085/R/x86_64-pc-linux-gnu-library/4.4/RcppEigen/include/Eigen/Dense:1,\n                 from /home/spi085/R/x86_64-pc-linux-gnu-library/4.4/TMB/include/TMB.hpp:92:\n/home/spi085/R/x86_64-pc-linux-gnu-library/4.4/RcppEigen/include/Eigen/src/Core/GlobalFunctions.h:91:36: note: candidate: \u2018template<class Derived> const Eigen::CwiseUnaryOp<Eigen::internal::scalar_square_op<typename Derived::Scalar>, const Derived> Eigen::square(const ArrayBase<Derived>&)\u2019\n   91 |   EIGEN_ARRAY_DECLARE_GLOBAL_UNARY(square,scalar_square_op,square (power 2),\\sa Eigen::abs2 DOXCOMMA Eigen::pow DOXCOMMA ArrayBase::square)\n      |                                    ^~~~~~\n/home/spi085/R/x86_64-pc-linux-gnu-library/4.4/RcppEigen/include/Eigen/src/Core/GlobalFunctions.h:32:4: note: in definition of macro \u2018EIGEN_ARRAY_DECLARE_GLOBAL_UNARY\u2019\n   32 |   (NAME)(const Eigen::ArrayBase<Derived>& x) { \\\n      |    ^~~~\n/home/spi085/R/x86_64-pc-linux-gnu-library/4.4/RcppEigen/include/Eigen/src/Core/GlobalFunctions.h:91:36: note:   template argument deduction/substitution failed:\n   91 |   EIGEN_ARRAY_DECLARE_GLOBAL_UNARY(square,scalar_square_op,square (power 2),\\sa Eigen::abs2 DOXCOMMA Eigen::pow DOXCOMMA ArrayBase::square)\n      |                                    ^~~~~~\n/home/spi085/R/x86_64-pc-linux-gnu-library/4.4/RcppEigen/include/Eigen/src/Core/GlobalFunctions.h:32:4: note: in definition of macro \u2018EIGEN_ARRAY_DECLARE_GLOBAL_UNARY\u2019\n   32 |   (NAME)(const Eigen::ArrayBase<Derived>& x) { \\\n      |    ^~~~\nPOPULATIONS/POPULATION_0007/INDIVIDUAL_472TCG35/model.cpp:157:33: note:   \u2018CppAD::AD<double>\u2019 is not derived from \u2018const Eigen::ArrayBase<Derived>\u2019\n  157 |   Type sigma_cots = sqrt( square(exp(log_sigma_obs_cots)) + square(min_sd) ); // Log-normal SD\n      |                           ~~~~~~^~~~~~~~~~~~~~~~~~~~~~~~~\nPOPULATIONS/POPULATION_0007/INDIVIDUAL_472TCG35/model.cpp:157:67: error: no matching function for call to \u2018square(CppAD::AD<double>&)\u2019\n  157 |   Type sigma_cots = sqrt( square(exp(log_sigma_obs_cots)) + square(min_sd) ); // Log-normal SD\n      |                                                             ~~~~~~^~~~~~~~\n/home/spi085/R/x86_64-pc-linux-gnu-library/4.4/RcppEigen/include/Eigen/src/Core/GlobalFunctions.h:91:36: note: candidate: \u2018template<class Derived> const Eigen::CwiseUnaryOp<Eigen::internal::scalar_square_op<typename Derived::Scalar>, const Derived> Eigen::square(const ArrayBase<Derived>&)\u2019\n   91 |   EIGEN_ARRAY_DECLARE_GLOBAL_UNARY(square,scalar_square_op,square (power 2),\\sa Eigen::abs2 DOXCOMMA Eigen::pow DOXCOMMA ArrayBase::square)\n      |                                    ^~~~~~\n/home/spi085/R/x86_64-pc-linux-gnu-library/4.4/RcppEigen/include/Eigen/src/Core/GlobalFunctions.h:32:4: note: in definition of macro \u2018EIGEN_ARRAY_DECLARE_GLOBAL_UNARY\u2019\n   32 |   (NAME)(const Eigen::ArrayBase<Derived>& x) { \\\n      |    ^~~~\n/home/spi085/R/x86_64-pc-linux-gnu-library/4.4/RcppEigen/include/Eigen/src/Core/GlobalFunctions.h:91:36: note:   template argument deduction/substitution failed:\n   91 |   EIGEN_ARRAY_DECLARE_GLOBAL_UNARY(square,scalar_square_op,square (power 2),\\sa Eigen::abs2 DOXCOMMA Eigen::pow DOXCOMMA ArrayBase::square)\n      |                                    ^~~~~~\n/home/spi085/R/x86_64-pc-linux-gnu-library/4.4/RcppEigen/include/Eigen/src/Core/GlobalFunctions.h:32:4: note: in definition of macro \u2018EIGEN_ARRAY_DECLARE_GLOBAL_UNARY\u2019\n   32 |   (NAME)(const Eigen::ArrayBase<Derived>& x) { \\\n      |    ^~~~\nPOPULATIONS/POPULATION_0007/INDIVIDUAL_472TCG35/model.cpp:157:67: note:   \u2018CppAD::AD<double>\u2019 is not derived from \u2018const Eigen::ArrayBase<Derived>\u2019\n  157 |   Type sigma_cots = sqrt( square(exp(log_sigma_obs_cots)) + square(min_sd) ); // Log-normal SD\n      |                                                             ~~~~~~^~~~~~~~\nPOPULATIONS/POPULATION_0007/INDIVIDUAL_472TCG35/model.cpp:158:33: error: no matching function for call to \u2018square(CppAD::AD<double>)\u2019\n  158 |   Type sigma_fast = sqrt( square(exp(log_sigma_obs_fast)) + square(min_sd) );  // Log-normal SD\n      |                           ~~~~~~^~~~~~~~~~~~~~~~~~~~~~~~~\n/home/spi085/R/x86_64-pc-linux-gnu-library/4.4/RcppEigen/include/Eigen/src/Core/GlobalFunctions.h:91:36: note: candidate: \u2018template<class Derived> const Eigen::CwiseUnaryOp<Eigen::internal::scalar_square_op<typename Derived::Scalar>, const Derived> Eigen::square(const ArrayBase<Derived>&)\u2019\n   91 |   EIGEN_ARRAY_DECLARE_GLOBAL_UNARY(square,scalar_square_op,square (power 2),\\sa Eigen::abs2 DOXCOMMA Eigen::pow DOXCOMMA ArrayBase::square)\n      |                                    ^~~~~~\n/home/spi085/R/x86_64-pc-linux-gnu-library/4.4/RcppEigen/include/Eigen/src/Core/GlobalFunctions.h:32:4: note: in definition of macro \u2018EIGEN_ARRAY_DECLARE_GLOBAL_UNARY\u2019\n   32 |   (NAME)(const Eigen::ArrayBase<Derived>& x) { \\\n      |    ^~~~\n/home/spi085/R/x86_64-pc-linux-gnu-library/4.4/RcppEigen/include/Eigen/src/Core/GlobalFunctions.h:91:36: note:   template argument deduction/substitution failed:\n   91 |   EIGEN_ARRAY_DECLARE_GLOBAL_UNARY(square,scalar_square_op,square (power 2),\\sa Eigen::abs2 DOXCOMMA Eigen::pow DOXCOMMA ArrayBase::square)\n      |                                    ^~~~~~\n/home/spi085/R/x86_64-pc-linux-gnu-library/4.4/RcppEigen/include/Eigen/src/Core/GlobalFunctions.h:32:4: note: in definition of macro \u2018EIGEN_ARRAY_DECLARE_GLOBAL_UNARY\u2019\n   32 |   (NAME)(const Eigen::ArrayBase<Derived>& x) { \\\n      |    ^~~~\nPOPULATIONS/POPULATION_0007/INDIVIDUAL_472TCG35/model.cpp:158:33: note:   \u2018CppAD::AD<double>\u2019 is not derived from \u2018const Eigen::ArrayBase<Derived>\u2019\n  158 |   Type sigma_fast = sqrt( square(exp(log_sigma_obs_fast)) + square(min_sd) );  // Log-normal SD\n      |                           ~~~~~~^~~~~~~~~~~~~~~~~~~~~~~~~\nPOPULATIONS/POPULATION_0007/INDIVIDUAL_472TCG35/model.cpp:158:67: error: no matching function for call to \u2018square(CppAD::AD<double>&)\u2019\n  158 |   Type sigma_fast = sqrt( square(exp(log_sigma_obs_fast)) + square(min_sd) );  // Log-normal SD\n      |                                                             ~~~~~~^~~~~~~~\n/home/spi085/R/x86_64-pc-linux-gnu-library/4.4/RcppEigen/include/Eigen/src/Core/GlobalFunctions.h:91:36: note: candidate: \u2018template<class Derived> const Eigen::CwiseUnaryOp<Eigen::internal::scalar_square_op<typename Derived::Scalar>, const Derived> Eigen::square(const ArrayBase<Derived>&)\u2019\n   91 |   EIGEN_ARRAY_DECLARE_GLOBAL_UNARY(square,scalar_square_op,square (power 2),\\sa Eigen::abs2 DOXCOMMA Eigen::pow DOXCOMMA ArrayBase::square)\n      |                                    ^~~~~~\n/home/spi085/R/x86_64-pc-linux-gnu-library/4.4/RcppEigen/include/Eigen/src/Core/GlobalFunctions.h:32:4: note: in definition of macro \u2018EIGEN_ARRAY_DECLARE_GLOBAL_UNARY\u2019\n   32 |   (NAME)(const Eigen::ArrayBase<Derived>& x) { \\\n      |    ^~~~\n/home/spi085/R/x86_64-pc-linux-gnu-library/4.4/RcppEigen/include/Eigen/src/Core/GlobalFunctions.h:91:36: note:   template argument deduction/substitution failed:\n   91 |   EIGEN_ARRAY_DECLARE_GLOBAL_UNARY(square,scalar_square_op,square (power 2),\\sa Eigen::abs2 DOXCOMMA Eigen::pow DOXCOMMA ArrayBase::square)\n      |                                    ^~~~~~\n/home/spi085/R/x86_64-pc-linux-gnu-library/4.4/RcppEigen/include/Eigen/src/Core/GlobalFunctions.h:32:4: note: in definition of macro \u2018EIGEN_ARRAY_DECLARE_GLOBAL_UNARY\u2019\n   32 |   (NAME)(const Eigen::ArrayBase<Derived>& x) { \\\n      |    ^~~~\nPOPULATIONS/POPULATION_0007/INDIVIDUAL_472TCG35/model.cpp:158:67: note:   \u2018CppAD::AD<double>\u2019 is not derived from \u2018const Eigen::ArrayBase<Derived>\u2019\n  158 |   Type sigma_fast = sqrt( square(exp(log_sigma_obs_fast)) + square(min_sd) );  // Log-normal SD\n      |                                                             ~~~~~~^~~~~~~~\nPOPULATIONS/POPULATION_0007/INDIVIDUAL_472TCG35/model.cpp:159:33: error: no matching function for call to \u2018square(CppAD::AD<double>)\u2019\n  159 |   Type sigma_slow = sqrt( square(exp(log_sigma_obs_slow)) + square(min_sd) );  // Log-normal SD\n      |                           ~~~~~~^~~~~~~~~~~~~~~~~~~~~~~~~\n/home/spi085/R/x86_64-pc-linux-gnu-library/4.4/RcppEigen/include/Eigen/src/Core/GlobalFunctions.h:91:36: note: candidate: \u2018template<class Derived> const Eigen::CwiseUnaryOp<Eigen::internal::scalar_square_op<typename Derived::Scalar>, const Derived> Eigen::square(const ArrayBase<Derived>&)\u2019\n   91 |   EIGEN_ARRAY_DECLARE_GLOBAL_UNARY(square,scalar_square_op,square (power 2),\\sa Eigen::abs2 DOXCOMMA Eigen::pow DOXCOMMA ArrayBase::square)\n      |                                    ^~~~~~\n/home/spi085/R/x86_64-pc-linux-gnu-library/4.4/RcppEigen/include/Eigen/src/Core/GlobalFunctions.h:32:4: note: in definition of macro \u2018EIGEN_ARRAY_DECLARE_GLOBAL_UNARY\u2019\n   32 |   (NAME)(const Eigen::ArrayBase<Derived>& x) { \\\n      |    ^~~~\n/home/spi085/R/x86_64-pc-linux-gnu-library/4.4/RcppEigen/include/Eigen/src/Core/GlobalFunctions.h:91:36: note:   template argument deduction/substitution failed:\n   91 |   EIGEN_ARRAY_DECLARE_GLOBAL_UNARY(square,scalar_square_op,square (power 2),\\sa Eigen::abs2 DOXCOMMA Eigen::pow DOXCOMMA ArrayBase::square)\n      |                                    ^~~~~~\n/home/spi085/R/x86_64-pc-linux-gnu-library/4.4/RcppEigen/include/Eigen/src/Core/GlobalFunctions.h:32:4: note: in definition of macro \u2018EIGEN_ARRAY_DECLARE_GLOBAL_UNARY\u2019\n   32 |   (NAME)(const Eigen::ArrayBase<Derived>& x) { \\\n      |    ^~~~\nPOPULATIONS/POPULATION_0007/INDIVIDUAL_472TCG35/model.cpp:159:33: note:   \u2018CppAD::AD<double>\u2019 is not derived from \u2018const Eigen::ArrayBase<Derived>\u2019\n  159 |   Type sigma_slow = sqrt( square(exp(log_sigma_obs_slow)) + square(min_sd) );  // Log-normal SD\n      |                           ~~~~~~^~~~~~~~~~~~~~~~~~~~~~~~~\nPOPULATIONS/POPULATION_0007/INDIVIDUAL_472TCG35/model.cpp:159:67: error: no matching function for call to \u2018square(CppAD::AD<double>&)\u2019\n  159 |   Type sigma_slow = sqrt( square(exp(log_sigma_obs_slow)) + square(min_sd) );  // Log-normal SD\n      |                                                             ~~~~~~^~~~~~~~\n/home/spi085/R/x86_64-pc-linux-gnu-library/4.4/RcppEigen/include/Eigen/src/Core/GlobalFunctions.h:91:36: note: candidate: \u2018template<class Derived> const Eigen::CwiseUnaryOp<Eigen::internal::scalar_square_op<typename Derived::Scalar>, const Derived> Eigen::square(const ArrayBase<Derived>&)\u2019\n   91 |   EIGEN_ARRAY_DECLARE_GLOBAL_UNARY(square,scalar_square_op,square (power 2),\\sa Eigen::abs2 DOXCOMMA Eigen::pow DOXCOMMA ArrayBase::square)\n      |                                    ^~~~~~\n/home/spi085/R/x86_64-pc-linux-gnu-library/4.4/RcppEigen/include/Eigen/src/Core/GlobalFunctions.h:32:4: note: in definition of macro \u2018EIGEN_ARRAY_DECLARE_GLOBAL_UNARY\u2019\n   32 |   (NAME)(const Eigen::ArrayBase<Derived>& x) { \\\n      |    ^~~~\n/home/spi085/R/x86_64-pc-linux-gnu-library/4.4/RcppEigen/include/Eigen/src/Core/GlobalFunctions.h:91:36: note:   template argument deduction/substitution failed:\n   91 |   EIGEN_ARRAY_DECLARE_GLOBAL_UNARY(square,scalar_square_op,square (power 2),\\sa Eigen::abs2 DOXCOMMA Eigen::pow DOXCOMMA ArrayBase::square)\n      |                                    ^~~~~~\n/home/spi085/R/x86_64-pc-linux-gnu-library/4.4/RcppEigen/include/Eigen/src/Core/GlobalFunctions.h:32:4: note: in definition of macro \u2018EIGEN_ARRAY_DECLARE_GLOBAL_UNARY\u2019\n   32 |   (NAME)(const Eigen::ArrayBase<Derived>& x) { \\\n      |    ^~~~\nPOPULATIONS/POPULATION_0007/INDIVIDUAL_472TCG35/model.cpp:159:67: note:   \u2018CppAD::AD<double>\u2019 is not derived from \u2018const Eigen::ArrayBase<Derived>\u2019\n  159 |   Type sigma_slow = sqrt( square(exp(log_sigma_obs_slow)) + square(min_sd) );  // Log-normal SD\n      |                                                             ~~~~~~^~~~~~~~\nPOPULATIONS/POPULATION_0007/INDIVIDUAL_472TCG35/model.cpp:229:20: error: \u2018posfun\u2019 was not declared in this scope\n  229 |     F_next = posfun(F_next, eps, pen);               // Smoothly enforce F_next >= eps\n      |              ~~~~~~^~~~~~~~~~~~~~~~~~\nPOPULATIONS/POPULATION_0007/INDIVIDUAL_472TCG35/model.cpp:230:20: error: \u2018posfun\u2019 was not declared in this scope, and no declarations were found by argument-dependent lookup at the point of instantiation\n  230 |     S_next = posfun(S_next, eps, pen);               // Smoothly enforce S_next >= eps\n      |              ~~~~~~^~~~~~~~~~~~~~~~~~\nPOPULATIONS/POPULATION_0007/INDIVIDUAL_472TCG35/model.cpp:229:20: note: \u2018posfun\u2019 declared here, later in the translation unit\n  229 |     F_next = posfun(F_next, eps, pen);               // Smoothly enforce F_next >= eps\n      |              ~~~~~~^~~~~~~~~~~~~~~~~~\nPOPULATIONS/POPULATION_0007/INDIVIDUAL_472TCG35/model.cpp:246:20: error: \u2018posfun\u2019 was not declared in this scope, and no declarations were found by argument-dependent lookup at the point of instantiation\n  246 |     N_next = posfun(N_next, eps, pen);             // Enforce N_next >= eps smoothly\n      |              ~~~~~~^~~~~~~~~~~~~~~~~~\nPOPULATIONS/POPULATION_0007/INDIVIDUAL_472TCG35/model.cpp:229:20: note: \u2018posfun\u2019 declared here, later in the translation unit\n  229 |     F_next = posfun(F_next, eps, pen);               // Smoothly enforce F_next >= eps\n      |              ~~~~~~^~~~~~~~~~~~~~~~~~\nPOPULATIONS/POPULATION_0007/INDIVIDUAL_472TCG35/model.cpp:266:23: error: no matching function for call to \u2018square(CppAD::AD<double>&)\u2019\n  266 |     return w * (square(below) + square(above));\n      |                 ~~~~~~^~~~~~~\n/home/spi085/R/x86_64-pc-linux-gnu-library/4.4/RcppEigen/include/Eigen/src/Core/GlobalFunctions.h:91:36: note: candidate: \u2018template<class Derived> const Eigen::CwiseUnaryOp<Eigen::internal::scalar_square_op<typename Derived::Scalar>, const Derived> Eigen::square(const ArrayBase<Derived>&)\u2019\n   91 |   EIGEN_ARRAY_DECLARE_GLOBAL_UNARY(square,scalar_square_op,square (power 2),\\sa Eigen::abs2 DOXCOMMA Eigen::pow DOXCOMMA ArrayBase::square)\n      |                                    ^~~~~~\n/home/spi085/R/x86_64-pc-linux-gnu-library/4.4/RcppEigen/include/Eigen/src/Core/GlobalFunctions.h:32:4: note: in definition of macro \u2018EIGEN_ARRAY_DECLARE_GLOBAL_UNARY\u2019\n   32 |   (NAME)(const Eigen::ArrayBase<Derived>& x) { \\\n      |    ^~~~\n/home/spi085/R/x86_64-pc-linux-gnu-library/4.4/RcppEigen/include/Eigen/src/Core/GlobalFunctions.h:91:36: note:   template argument deduction/substitution failed:\n   91 |   EIGEN_ARRAY_DECLARE_GLOBAL_UNARY(square,scalar_square_op,square (power 2),\\sa Eigen::abs2 DOXCOMMA Eigen::pow DOXCOMMA ArrayBase::square)\n      |                                    ^~~~~~\n/home/spi085/R/x86_64-pc-linux-gnu-library/4.4/RcppEigen/include/Eigen/src/Core/GlobalFunctions.h:32:4: note: in definition of macro \u2018EIGEN_ARRAY_DECLARE_GLOBAL_UNARY\u2019\n   32 |   (NAME)(const Eigen::ArrayBase<Derived>& x) { \\\n      |    ^~~~\nPOPULATIONS/POPULATION_0007/INDIVIDUAL_472TCG35/model.cpp:266:23: note:   \u2018CppAD::AD<double>\u2019 is not derived from \u2018const Eigen::ArrayBase<Derived>\u2019\n  266 |     return w * (square(below) + square(above));\n      |                 ~~~~~~^~~~~~~\nPOPULATIONS/POPULATION_0007/INDIVIDUAL_472TCG35/model.cpp:266:39: error: no matching function for call to \u2018square(CppAD::AD<double>&)\u2019\n  266 |     return w * (square(below) + square(above));\n      |                                 ~~~~~~^~~~~~~\n/home/spi085/R/x86_64-pc-linux-gnu-library/4.4/RcppEigen/include/Eigen/src/Core/GlobalFunctions.h:91:36: note: candidate: \u2018template<class Derived> const Eigen::CwiseUnaryOp<Eigen::internal::scalar_square_op<typename Derived::Scalar>, const Derived> Eigen::square(const ArrayBase<Derived>&)\u2019\n   91 |   EIGEN_ARRAY_DECLARE_GLOBAL_UNARY(square,scalar_square_op,square (power 2),\\sa Eigen::abs2 DOXCOMMA Eigen::pow DOXCOMMA ArrayBase::square)\n      |                                    ^~~~~~\n/home/spi085/R/x86_64-pc-linux-gnu-library/4.4/RcppEigen/include/Eigen/src/Core/GlobalFunctions.h:32:4: note: in definition of macro \u2018EIGEN_ARRAY_DECLARE_GLOBAL_UNARY\u2019\n   32 |   (NAME)(const Eigen::ArrayBase<Derived>& x) { \\\n      |    ^~~~\n/home/spi085/R/x86_64-pc-linux-gnu-library/4.4/RcppEigen/include/Eigen/src/Core/GlobalFunctions.h:91:36: note:   template argument deduction/substitution failed:\n   91 |   EIGEN_ARRAY_DECLARE_GLOBAL_UNARY(square,scalar_square_op,square (power 2),\\sa Eigen::abs2 DOXCOMMA Eigen::pow DOXCOMMA ArrayBase::square)\n      |                                    ^~~~~~\n/home/spi085/R/x86_64-pc-linux-gnu-library/4.4/RcppEigen/include/Eigen/src/Core/GlobalFunctions.h:32:4: note: in definition of macro \u2018EIGEN_ARRAY_DECLARE_GLOBAL_UNARY\u2019\n   32 |   (NAME)(const Eigen::ArrayBase<Derived>& x) { \\\n      |    ^~~~\nPOPULATIONS/POPULATION_0007/INDIVIDUAL_472TCG35/model.cpp:266:39: note:   \u2018CppAD::AD<double>\u2019 is not derived from \u2018const Eigen::ArrayBase<Derived>\u2019\n  266 |     return w * (square(below) + square(above));\n      |                                 ~~~~~~^~~~~~~\nPOPULATIONS/POPULATION_0007/INDIVIDUAL_472TCG35/model.cpp: In instantiation of \u2018Type objective_function<Type>::operator()() [with Type = double]\u2019:\n/home/spi085/R/x86_64-pc-linux-gnu-library/4.4/TMB/include/tmb_core.hpp:2035:7:   required from here\nPOPULATIONS/POPULATION_0007/INDIVIDUAL_472TCG35/model.cpp:146:23: error: call of overloaded \u2018invlogit(double&)\u2019 is ambiguous\n  146 |   Type epsN = invlogit(epsN_raw);             // Conversion efficiency to new COTS (dimensionless, 0-1)\n      |               ~~~~~~~~^~~~~~~~~~\n/home/spi085/R/x86_64-pc-linux-gnu-library/4.4/TMB/include/convenience.hpp:114:6: note: candidate: \u2018Type invlogit(Type) [with Type = double]\u2019\n  114 | Type invlogit(Type x){\n      |      ^~~~~~~~\nPOPULATIONS/POPULATION_0007/INDIVIDUAL_472TCG35/model.cpp:5:6: note: candidate: \u2018Type invlogit(const Type&) [with Type = double]\u2019\n    5 | Type invlogit(const Type &x) {\n      |      ^~~~~~~~\nPOPULATIONS/POPULATION_0007/INDIVIDUAL_472TCG35/model.cpp:147:25: error: call of overloaded \u2018invlogit(double&)\u2019 is ambiguous\n  147 |   Type w_fast = invlogit(pref_fast_raw);      // Preference for fast coral (0-1)\n      |                 ~~~~~~~~^~~~~~~~~~~~~~~\n/home/spi085/R/x86_64-pc-linux-gnu-library/4.4/TMB/include/convenience.hpp:114:6: note: candidate: \u2018Type invlogit(Type) [with Type = double]\u2019\n  114 | Type invlogit(Type x){\n      |      ^~~~~~~~\nPOPULATIONS/POPULATION_0007/INDIVIDUAL_472TCG35/model.cpp:5:6: note: candidate: \u2018Type invlogit(const Type&) [with Type = double]\u2019\n    5 | Type invlogit(const Type &x) {\n      |      ^~~~~~~~\nPOPULATIONS/POPULATION_0007/INDIVIDUAL_472TCG35/model.cpp:148:36: error: call of overloaded \u2018invlogit(double&)\u2019 is ambiguous\n  148 |   Type K_f = Type(100.0) * invlogit(K_f_raw); // Fast coral carrying capacity (%) in (0,100)\n      |                            ~~~~~~~~^~~~~~~~~\n/home/spi085/R/x86_64-pc-linux-gnu-library/4.4/TMB/include/convenience.hpp:114:6: note: candidate: \u2018Type invlogit(Type) [with Type = double]\u2019\n  114 | Type invlogit(Type x){\n      |      ^~~~~~~~\nPOPULATIONS/POPULATION_0007/INDIVIDUAL_472TCG35/model.cpp:5:6: note: candidate: \u2018Type invlogit(const Type&) [with Type = double]\u2019\n    5 | Type invlogit(const Type &x) {\n      |      ^~~~~~~~\nPOPULATIONS/POPULATION_0007/INDIVIDUAL_472TCG35/model.cpp:149:36: error: call of overloaded \u2018invlogit(double&)\u2019 is ambiguous\n  149 |   Type K_s = Type(100.0) * invlogit(K_s_raw); // Slow coral carrying capacity (%) in (0,100)\n      |                            ~~~~~~~~^~~~~~~~~\n/home/spi085/R/x86_64-pc-linux-gnu-library/4.4/TMB/include/convenience.hpp:114:6: note: candidate: \u2018Type invlogit(Type) [with Type = double]\u2019\n  114 | Type invlogit(Type x){\n      |      ^~~~~~~~\nPOPULATIONS/POPULATION_0007/INDIVIDUAL_472TCG35/model.cpp:5:6: note: candidate: \u2018Type invlogit(const Type&) [with Type = double]\u2019\n    5 | Type invlogit(const Type &x) {\n      |      ^~~~~~~~\nPOPULATIONS/POPULATION_0007/INDIVIDUAL_472TCG35/model.cpp:150:39: error: call of overloaded \u2018invlogit(double&)\u2019 is ambiguous\n  150 |   Type alpha_fs = Type(2.0) * invlogit(alpha_fs_raw); // Competition coefficient slow->fast in (0,2)\n      |                               ~~~~~~~~^~~~~~~~~~~~~~\n/home/spi085/R/x86_64-pc-linux-gnu-library/4.4/TMB/include/convenience.hpp:114:6: note: candidate: \u2018Type invlogit(Type) [with Type = double]\u2019\n  114 | Type invlogit(Type x){\n      |      ^~~~~~~~\nPOPULATIONS/POPULATION_0007/INDIVIDUAL_472TCG35/model.cpp:5:6: note: candidate: \u2018Type invlogit(const Type&) [with Type = double]\u2019\n    5 | Type invlogit(const Type &x) {\n      |      ^~~~~~~~\nPOPULATIONS/POPULATION_0007/INDIVIDUAL_472TCG35/model.cpp:151:39: error: call of overloaded \u2018invlogit(double&)\u2019 is ambiguous\n  151 |   Type alpha_sf = Type(2.0) * invlogit(alpha_sf_raw); // Competition coefficient fast->slow in (0,2)\n      |                               ~~~~~~~~^~~~~~~~~~~~~~\n/home/spi085/R/x86_64-pc-linux-gnu-library/4.4/TMB/include/convenience.hpp:114:6: note: candidate: \u2018Type invlogit(Type) [with Type = double]\u2019\n  114 | Type invlogit(Type x){\n      |      ^~~~~~~~\nPOPULATIONS/POPULATION_0007/INDIVIDUAL_472TCG35/model.cpp:5:6: note: candidate: \u2018Type invlogit(const Type&) [with Type = double]\u2019\n    5 | Type invlogit(const Type &x) {\n      |      ^~~~~~~~\nPOPULATIONS/POPULATION_0007/INDIVIDUAL_472TCG35/model.cpp:152:29: error: call of overloaded \u2018invlogit(double&)\u2019 is ambiguous\n  152 |   Type eps_pred_f = invlogit(eps_pred_f_raw); // Predation impact efficiency on fast coral (0-1)\n      |                     ~~~~~~~~^~~~~~~~~~~~~~~~\n/home/spi085/R/x86_64-pc-linux-gnu-library/4.4/TMB/include/convenience.hpp:114:6: note: candidate: \u2018Type invlogit(Type) [with Type = double]\u2019\n  114 | Type invlogit(Type x){\n      |      ^~~~~~~~\nPOPULATIONS/POPULATION_0007/INDIVIDUAL_472TCG35/model.cpp:5:6: note: candidate: \u2018Type invlogit(const Type&) [with Type = double]\u2019\n    5 | Type invlogit(const Type &x) {\n      |      ^~~~~~~~\nPOPULATIONS/POPULATION_0007/INDIVIDUAL_472TCG35/model.cpp:153:29: error: call of overloaded \u2018invlogit(double&)\u2019 is ambiguous\n  153 |   Type eps_pred_s = invlogit(eps_pred_s_raw); // Predation impact efficiency on slow coral (0-1)\n      |                     ~~~~~~~~^~~~~~~~~~~~~~~~\n/home/spi085/R/x86_64-pc-linux-gnu-library/4.4/TMB/include/convenience.hpp:114:6: note: candidate: \u2018Type invlogit(Type) [with Type = double]\u2019\n  114 | Type invlogit(Type x){\n      |      ^~~~~~~~\nPOPULATIONS/POPULATION_0007/INDIVIDUAL_472TCG35/model.cpp:5:6: note: candidate: \u2018Type invlogit(const Type&) [with Type = double]\u2019\n    5 | Type invlogit(const Type &x) {\n      |      ^~~~~~~~\nPOPULATIONS/POPULATION_0007/INDIVIDUAL_472TCG35/model.cpp:154:33: error: call of overloaded \u2018invlogit(double&)\u2019 is ambiguous\n  154 |   Type beta_temp_cots = invlogit(beta_temp_cots_raw); // Amplitude of temp effect on COTS (0-1)\n      |                         ~~~~~~~~^~~~~~~~~~~~~~~~~~~~\n/home/spi085/R/x86_64-pc-linux-gnu-library/4.4/TMB/include/convenience.hpp:114:6: note: candidate: \u2018Type invlogit(Type) [with Type = double]\u2019\n  114 | Type invlogit(Type x){\n      |      ^~~~~~~~\nPOPULATIONS/POPULATION_0007/INDIVIDUAL_472TCG35/model.cpp:5:6: note: candidate: \u2018Type invlogit(const Type&) [with Type = double]\u2019\n    5 | Type invlogit(const Type &x) {\n      |      ^~~~~~~~\nPOPULATIONS/POPULATION_0007/INDIVIDUAL_472TCG35/model.cpp:157:33: error: no matching function for call to \u2018square(double)\u2019\n  157 |   Type sigma_cots = sqrt( square(exp(log_sigma_obs_cots)) + square(min_sd) ); // Log-normal SD\n      |                           ~~~~~~^~~~~~~~~~~~~~~~~~~~~~~~~\n/home/spi085/R/x86_64-pc-linux-gnu-library/4.4/RcppEigen/include/Eigen/src/Core/GlobalFunctions.h:91:36: note: candidate: \u2018template<class Derived> const Eigen::CwiseUnaryOp<Eigen::internal::scalar_square_op<typename Derived::Scalar>, const Derived> Eigen::square(const ArrayBase<Derived>&)\u2019\n   91 |   EIGEN_ARRAY_DECLARE_GLOBAL_UNARY(square,scalar_square_op,square (power 2),\\sa Eigen::abs2 DOXCOMMA Eigen::pow DOXCOMMA ArrayBase::square)\n      |                                    ^~~~~~\n/home/spi085/R/x86_64-pc-linux-gnu-library/4.4/RcppEigen/include/Eigen/src/Core/GlobalFunctions.h:32:4: note: in definition of macro \u2018EIGEN_ARRAY_DECLARE_GLOBAL_UNARY\u2019\n   32 |   (NAME)(const Eigen::ArrayBase<Derived>& x) { \\\n      |    ^~~~\n/home/spi085/R/x86_64-pc-linux-gnu-library/4.4/RcppEigen/include/Eigen/src/Core/GlobalFunctions.h:91:36: note:   template argument deduction/substitution failed:\n   91 |   EIGEN_ARRAY_DECLARE_GLOBAL_UNARY(square,scalar_square_op,square (power 2),\\sa Eigen::abs2 DOXCOMMA Eigen::pow DOXCOMMA ArrayBase::square)\n      |                                    ^~~~~~\n/home/spi085/R/x86_64-pc-linux-gnu-library/4.4/RcppEigen/include/Eigen/src/Core/GlobalFunctions.h:32:4: note: in definition of macro \u2018EIGEN_ARRAY_DECLARE_GLOBAL_UNARY\u2019\n   32 |   (NAME)(const Eigen::ArrayBase<Derived>& x) { \\\n      |    ^~~~\nPOPULATIONS/POPULATION_0007/INDIVIDUAL_472TCG35/model.cpp:157:33: note:   mismatched types \u2018const Eigen::ArrayBase<Derived>\u2019 and \u2018double\u2019\n  157 |   Type sigma_cots = sqrt( square(exp(log_sigma_obs_cots)) + square(min_sd) ); // Log-normal SD\n      |                           ~~~~~~^~~~~~~~~~~~~~~~~~~~~~~~~\nPOPULATIONS/POPULATION_0007/INDIVIDUAL_472TCG35/model.cpp:157:67: error: no matching function for call to \u2018square(double&)\u2019\n  157 |   Type sigma_cots = sqrt( square(exp(log_sigma_obs_cots)) + square(min_sd) ); // Log-normal SD\n      |                                                             ~~~~~~^~~~~~~~\n/home/spi085/R/x86_64-pc-linux-gnu-library/4.4/RcppEigen/include/Eigen/src/Core/GlobalFunctions.h:91:36: note: candidate: \u2018template<class Derived> const Eigen::CwiseUnaryOp<Eigen::internal::scalar_square_op<typename Derived::Scalar>, const Derived> Eigen::square(const ArrayBase<Derived>&)\u2019\n   91 |   EIGEN_ARRAY_DECLARE_GLOBAL_UNARY(square,scalar_square_op,square (power 2),\\sa Eigen::abs2 DOXCOMMA Eigen::pow DOXCOMMA ArrayBase::square)\n      |                                    ^~~~~~\n/home/spi085/R/x86_64-pc-linux-gnu-library/4.4/RcppEigen/include/Eigen/src/Core/GlobalFunctions.h:32:4: note: in definition of macro \u2018EIGEN_ARRAY_DECLARE_GLOBAL_UNARY\u2019\n   32 |   (NAME)(const Eigen::ArrayBase<Derived>& x) { \\\n      |    ^~~~\n/home/spi085/R/x86_64-pc-linux-gnu-library/4.4/RcppEigen/include/Eigen/src/Core/GlobalFunctions.h:91:36: note:   template argument deduction/substitution failed:\n   91 |   EIGEN_ARRAY_DECLARE_GLOBAL_UNARY(square,scalar_square_op,square (power 2),\\sa Eigen::abs2 DOXCOMMA Eigen::pow DOXCOMMA ArrayBase::square)\n      |                                    ^~~~~~\n/home/spi085/R/x86_64-pc-linux-gnu-library/4.4/RcppEigen/include/Eigen/src/Core/GlobalFunctions.h:32:4: note: in definition of macro \u2018EIGEN_ARRAY_DECLARE_GLOBAL_UNARY\u2019\n   32 |   (NAME)(const Eigen::ArrayBase<Derived>& x) { \\\n      |    ^~~~\nPOPULATIONS/POPULATION_0007/INDIVIDUAL_472TCG35/model.cpp:157:67: note:   mismatched types \u2018const Eigen::ArrayBase<Derived>\u2019 and \u2018double\u2019\n  157 |   Type sigma_cots = sqrt( square(exp(log_sigma_obs_cots)) + square(min_sd) ); // Log-normal SD\n      |                                                             ~~~~~~^~~~~~~~\nPOPULATIONS/POPULATION_0007/INDIVIDUAL_472TCG35/model.cpp:158:33: error: no matching function for call to \u2018square(double)\u2019\n  158 |   Type sigma_fast = sqrt( square(exp(log_sigma_obs_fast)) + square(min_sd) );  // Log-normal SD\n      |                           ~~~~~~^~~~~~~~~~~~~~~~~~~~~~~~~\n/home/spi085/R/x86_64-pc-linux-gnu-library/4.4/RcppEigen/include/Eigen/src/Core/GlobalFunctions.h:91:36: note: candidate: \u2018template<class Derived> const Eigen::CwiseUnaryOp<Eigen::internal::scalar_square_op<typename Derived::Scalar>, const Derived> Eigen::square(const ArrayBase<Derived>&)\u2019\n   91 |   EIGEN_ARRAY_DECLARE_GLOBAL_UNARY(square,scalar_square_op,square (power 2),\\sa Eigen::abs2 DOXCOMMA Eigen::pow DOXCOMMA ArrayBase::square)\n      |                                    ^~~~~~\n/home/spi085/R/x86_64-pc-linux-gnu-library/4.4/RcppEigen/include/Eigen/src/Core/GlobalFunctions.h:32:4: note: in definition of macro \u2018EIGEN_ARRAY_DECLARE_GLOBAL_UNARY\u2019\n   32 |   (NAME)(const Eigen::ArrayBase<Derived>& x) { \\\n      |    ^~~~\n/home/spi085/R/x86_64-pc-linux-gnu-library/4.4/RcppEigen/include/Eigen/src/Core/GlobalFunctions.h:91:36: note:   template argument deduction/substitution failed:\n   91 |   EIGEN_ARRAY_DECLARE_GLOBAL_UNARY(square,scalar_square_op,square (power 2),\\sa Eigen::abs2 DOXCOMMA Eigen::pow DOXCOMMA ArrayBase::square)\n      |                                    ^~~~~~\n/home/spi085/R/x86_64-pc-linux-gnu-library/4.4/RcppEigen/include/Eigen/src/Core/GlobalFunctions.h:32:4: note: in definition of macro \u2018EIGEN_ARRAY_DECLARE_GLOBAL_UNARY\u2019\n   32 |   (NAME)(const Eigen::ArrayBase<Derived>& x) { \\\n      |    ^~~~\nPOPULATIONS/POPULATION_0007/INDIVIDUAL_472TCG35/model.cpp:158:33: note:   mismatched types \u2018const Eigen::ArrayBase<Derived>\u2019 and \u2018double\u2019\n  158 |   Type sigma_fast = sqrt( square(exp(log_sigma_obs_fast)) + square(min_sd) );  // Log-normal SD\n      |                           ~~~~~~^~~~~~~~~~~~~~~~~~~~~~~~~\nPOPULATIONS/POPULATION_0007/INDIVIDUAL_472TCG35/model.cpp:158:67: error: no matching function for call to \u2018square(double&)\u2019\n  158 |   Type sigma_fast = sqrt( square(exp(log_sigma_obs_fast)) + square(min_sd) );  // Log-normal SD\n      |                                                             ~~~~~~^~~~~~~~\n/home/spi085/R/x86_64-pc-linux-gnu-library/4.4/RcppEigen/include/Eigen/src/Core/GlobalFunctions.h:91:36: note: candidate: \u2018template<class Derived> const Eigen::CwiseUnaryOp<Eigen::internal::scalar_square_op<typename Derived::Scalar>, const Derived> Eigen::square(const ArrayBase<Derived>&)\u2019\n   91 |   EIGEN_ARRAY_DECLARE_GLOBAL_UNARY(square,scalar_square_op,square (power 2),\\sa Eigen::abs2 DOXCOMMA Eigen::pow DOXCOMMA ArrayBase::square)\n      |                                    ^~~~~~\n/home/spi085/R/x86_64-pc-linux-gnu-library/4.4/RcppEigen/include/Eigen/src/Core/GlobalFunctions.h:32:4: note: in definition of macro \u2018EIGEN_ARRAY_DECLARE_GLOBAL_UNARY\u2019\n   32 |   (NAME)(const Eigen::ArrayBase<Derived>& x) { \\\n      |    ^~~~\n/home/spi085/R/x86_64-pc-linux-gnu-library/4.4/RcppEigen/include/Eigen/src/Core/GlobalFunctions.h:91:36: note:   template argument deduction/substitution failed:\n   91 |   EIGEN_ARRAY_DECLARE_GLOBAL_UNARY(square,scalar_square_op,square (power 2),\\sa Eigen::abs2 DOXCOMMA Eigen::pow DOXCOMMA ArrayBase::square)\n      |                                    ^~~~~~\n/home/spi085/R/x86_64-pc-linux-gnu-library/4.4/RcppEigen/include/Eigen/src/Core/GlobalFunctions.h:32:4: note: in definition of macro \u2018EIGEN_ARRAY_DECLARE_GLOBAL_UNARY\u2019\n   32 |   (NAME)(const Eigen::ArrayBase<Derived>& x) { \\\n      |    ^~~~\nPOPULATIONS/POPULATION_0007/INDIVIDUAL_472TCG35/model.cpp:158:67: note:   mismatched types \u2018const Eigen::ArrayBase<Derived>\u2019 and \u2018double\u2019\n  158 |   Type sigma_fast = sqrt( square(exp(log_sigma_obs_fast)) + square(min_sd) );  // Log-normal SD\n      |                                                             ~~~~~~^~~~~~~~\nPOPULATIONS/POPULATION_0007/INDIVIDUAL_472TCG35/model.cpp:159:33: error: no matching function for call to \u2018square(double)\u2019\n  159 |   Type sigma_slow = sqrt( square(exp(log_sigma_obs_slow)) + square(min_sd) );  // Log-normal SD\n      |                           ~~~~~~^~~~~~~~~~~~~~~~~~~~~~~~~\n/home/spi085/R/x86_64-pc-linux-gnu-library/4.4/RcppEigen/include/Eigen/src/Core/GlobalFunctions.h:91:36: note: candidate: \u2018template<class Derived> const Eigen::CwiseUnaryOp<Eigen::internal::scalar_square_op<typename Derived::Scalar>, const Derived> Eigen::square(const ArrayBase<Derived>&)\u2019\n   91 |   EIGEN_ARRAY_DECLARE_GLOBAL_UNARY(square,scalar_square_op,square (power 2),\\sa Eigen::abs2 DOXCOMMA Eigen::pow DOXCOMMA ArrayBase::square)\n      |                                    ^~~~~~\n/home/spi085/R/x86_64-pc-linux-gnu-library/4.4/RcppEigen/include/Eigen/src/Core/GlobalFunctions.h:32:4: note: in definition of macro \u2018EIGEN_ARRAY_DECLARE_GLOBAL_UNARY\u2019\n   32 |   (NAME)(const Eigen::ArrayBase<Derived>& x) { \\\n      |    ^~~~\n/home/spi085/R/x86_64-pc-linux-gnu-library/4.4/RcppEigen/include/Eigen/src/Core/GlobalFunctions.h:91:36: note:   template argument deduction/substitution failed:\n   91 |   EIGEN_ARRAY_DECLARE_GLOBAL_UNARY(square,scalar_square_op,square (power 2),\\sa Eigen::abs2 DOXCOMMA Eigen::pow DOXCOMMA ArrayBase::square)\n      |                                    ^~~~~~\n/home/spi085/R/x86_64-pc-linux-gnu-library/4.4/RcppEigen/include/Eigen/src/Core/GlobalFunctions.h:32:4: note: in definition of macro \u2018EIGEN_ARRAY_DECLARE_GLOBAL_UNARY\u2019\n   32 |   (NAME)(const Eigen::ArrayBase<Derived>& x) { \\\n      |    ^~~~\nPOPULATIONS/POPULATION_0007/INDIVIDUAL_472TCG35/model.cpp:159:33: note:   mismatched types \u2018const Eigen::ArrayBase<Derived>\u2019 and \u2018double\u2019\n  159 |   Type sigma_slow = sqrt( square(exp(log_sigma_obs_slow)) + square(min_sd) );  // Log-normal SD\n      |                           ~~~~~~^~~~~~~~~~~~~~~~~~~~~~~~~\nPOPULATIONS/POPULATION_0007/INDIVIDUAL_472TCG35/model.cpp:159:67: error: no matching function for call to \u2018square(double&)\u2019\n  159 |   Type sigma_slow = sqrt( square(exp(log_sigma_obs_slow)) + square(min_sd) );  // Log-normal SD\n      |                                                             ~~~~~~^~~~~~~~\n/home/spi085/R/x86_64-pc-linux-gnu-library/4.4/RcppEigen/include/Eigen/src/Core/GlobalFunctions.h:91:36: note: candidate: \u2018template<class Derived> const Eigen::CwiseUnaryOp<Eigen::internal::scalar_square_op<typename Derived::Scalar>, const Derived> Eigen::square(const ArrayBase<Derived>&)\u2019\n   91 |   EIGEN_ARRAY_DECLARE_GLOBAL_UNARY(square,scalar_square_op,square (power 2),\\sa Eigen::abs2 DOXCOMMA Eigen::pow DOXCOMMA ArrayBase::square)\n      |                                    ^~~~~~\n/home/spi085/R/x86_64-pc-linux-gnu-library/4.4/RcppEigen/include/Eigen/src/Core/GlobalFunctions.h:32:4: note: in definition of macro \u2018EIGEN_ARRAY_DECLARE_GLOBAL_UNARY\u2019\n   32 |   (NAME)(const Eigen::ArrayBase<Derived>& x) { \\\n      |    ^~~~\n/home/spi085/R/x86_64-pc-linux-gnu-library/4.4/RcppEigen/include/Eigen/src/Core/GlobalFunctions.h:91:36: note:   template argument deduction/substitution failed:\n   91 |   EIGEN_ARRAY_DECLARE_GLOBAL_UNARY(square,scalar_square_op,square (power 2),\\sa Eigen::abs2 DOXCOMMA Eigen::pow DOXCOMMA ArrayBase::square)\n      |                                    ^~~~~~\n/home/spi085/R/x86_64-pc-linux-gnu-library/4.4/RcppEigen/include/Eigen/src/Core/GlobalFunctions.h:32:4: note: in definition of macro \u2018EIGEN_ARRAY_DECLARE_GLOBAL_UNARY\u2019\n   32 |   (NAME)(const Eigen::ArrayBase<Derived>& x) { \\\n      |    ^~~~\nPOPULATIONS/POPULATION_0007/INDIVIDUAL_472TCG35/model.cpp:159:67: note:   mismatched types \u2018const Eigen::ArrayBase<Derived>\u2019 and \u2018double\u2019\n  159 |   Type sigma_slow = sqrt( square(exp(log_sigma_obs_slow)) + square(min_sd) );  // Log-normal SD\n      |                                                             ~~~~~~^~~~~~~~\nPOPULATIONS/POPULATION_0007/INDIVIDUAL_472TCG35/model.cpp:229:20: error: \u2018posfun\u2019 was not declared in this scope\n  229 |     F_next = posfun(F_next, eps, pen);               // Smoothly enforce F_next >= eps\n      |              ~~~~~~^~~~~~~~~~~~~~~~~~\nPOPULATIONS/POPULATION_0007/INDIVIDUAL_472TCG35/model.cpp:230:20: error: \u2018posfun\u2019 was not declared in this scope, and no declarations were found by argument-dependent lookup at the point of instantiation\n  230 |     S_next = posfun(S_next, eps, pen);               // Smoothly enforce S_next >= eps\n      |              ~~~~~~^~~~~~~~~~~~~~~~~~\nPOPULATIONS/POPULATION_0007/INDIVIDUAL_472TCG35/model.cpp:229:20: note: \u2018posfun\u2019 declared here, later in the translation unit\n  229 |     F_next = posfun(F_next, eps, pen);               // Smoothly enforce F_next >= eps\n      |              ~~~~~~^~~~~~~~~~~~~~~~~~\nPOPULATIONS/POPULATION_0007/INDIVIDUAL_472TCG35/model.cpp:246:20: error: \u2018posfun\u2019 was not declared in this scope, and no declarations were found by argument-dependent lookup at the point of instantiation\n  246 |     N_next = posfun(N_next, eps, pen);             // Enforce N_next >= eps smoothly\n      |              ~~~~~~^~~~~~~~~~~~~~~~~~\nPOPULATIONS/POPULATION_0007/INDIVIDUAL_472TCG35/model.cpp:229:20: note: \u2018posfun\u2019 declared here, later in the translation unit\n  229 |     F_next = posfun(F_next, eps, pen);               // Smoothly enforce F_next >= eps\n      |              ~~~~~~^~~~~~~~~~~~~~~~~~\nPOPULATIONS/POPULATION_0007/INDIVIDUAL_472TCG35/model.cpp:266:23: error: no matching function for call to \u2018square(double&)\u2019\n  266 |     return w * (square(below) + square(above));\n      |                 ~~~~~~^~~~~~~\n/home/spi085/R/x86_64-pc-linux-gnu-library/4.4/RcppEigen/include/Eigen/src/Core/GlobalFunctions.h:91:36: note: candidate: \u2018template<class Derived> const Eigen::CwiseUnaryOp<Eigen::internal::scalar_square_op<typename Derived::Scalar>, const Derived> Eigen::square(const ArrayBase<Derived>&)\u2019\n   91 |   EIGEN_ARRAY_DECLARE_GLOBAL_UNARY(square,scalar_square_op,square (power 2),\\sa Eigen::abs2 DOXCOMMA Eigen::pow DOXCOMMA ArrayBase::square)\n      |                                    ^~~~~~\n/home/spi085/R/x86_64-pc-linux-gnu-library/4.4/RcppEigen/include/Eigen/src/Core/GlobalFunctions.h:32:4: note: in definition of macro \u2018EIGEN_ARRAY_DECLARE_GLOBAL_UNARY\u2019\n   32 |   (NAME)(const Eigen::ArrayBase<Derived>& x) { \\\n      |    ^~~~\n/home/spi085/R/x86_64-pc-linux-gnu-library/4.4/RcppEigen/include/Eigen/src/Core/GlobalFunctions.h:91:36: note:   template argument deduction/substitution failed:\n   91 |   EIGEN_ARRAY_DECLARE_GLOBAL_UNARY(square,scalar_square_op,square (power 2),\\sa Eigen::abs2 DOXCOMMA Eigen::pow DOXCOMMA ArrayBase::square)\n      |                                    ^~~~~~\n/home/spi085/R/x86_64-pc-linux-gnu-library/4.4/RcppEigen/include/Eigen/src/Core/GlobalFunctions.h:32:4: note: in definition of macro \u2018EIGEN_ARRAY_DECLARE_GLOBAL_UNARY\u2019\n   32 |   (NAME)(const Eigen::ArrayBase<Derived>& x) { \\\n      |    ^~~~\nPOPULATIONS/POPULATION_0007/INDIVIDUAL_472TCG35/model.cpp:266:23: note:   mismatched types \u2018const Eigen::ArrayBase<Derived>\u2019 and \u2018double\u2019\n  266 |     return w * (square(below) + square(above));\n      |                 ~~~~~~^~~~~~~\nPOPULATIONS/POPULATION_0007/INDIVIDUAL_472TCG35/model.cpp:266:39: error: no matching function for call to \u2018square(double&)\u2019\n  266 |     return w * (square(below) + square(above));\n      |                                 ~~~~~~^~~~~~~\n/home/spi085/R/x86_64-pc-linux-gnu-library/4.4/RcppEigen/include/Eigen/src/Core/GlobalFunctions.h:91:36: note: candidate: \u2018template<class Derived> const Eigen::CwiseUnaryOp<Eigen::internal::scalar_square_op<typename Derived::Scalar>, const Derived> Eigen::square(const ArrayBase<Derived>&)\u2019\n   91 |   EIGEN_ARRAY_DECLARE_GLOBAL_UNARY(square,scalar_square_op,square (power 2),\\sa Eigen::abs2 DOXCOMMA Eigen::pow DOXCOMMA ArrayBase::square)\n      |                                    ^~~~~~\n/home/spi085/R/x86_64-pc-linux-gnu-library/4.4/RcppEigen/include/Eigen/src/Core/GlobalFunctions.h:32:4: note: in definition of macro \u2018EIGEN_ARRAY_DECLARE_GLOBAL_UNARY\u2019\n   32 |   (NAME)(const Eigen::ArrayBase<Derived>& x) { \\\n      |    ^~~~\n/home/spi085/R/x86_64-pc-linux-gnu-library/4.4/RcppEigen/include/Eigen/src/Core/GlobalFunctions.h:91:36: note:   template argument deduction/substitution failed:\n   91 |   EIGEN_ARRAY_DECLARE_GLOBAL_UNARY(square,scalar_square_op,square (power 2),\\sa Eigen::abs2 DOXCOMMA Eigen::pow DOXCOMMA ArrayBase::square)\n      |                                    ^~~~~~\n/home/spi085/R/x86_64-pc-linux-gnu-library/4.4/RcppEigen/include/Eigen/src/Core/GlobalFunctions.h:32:4: note: in definition of macro \u2018EIGEN_ARRAY_DECLARE_GLOBAL_UNARY\u2019\n   32 |   (NAME)(const Eigen::ArrayBase<Derived>& x) { \\\n      |    ^~~~\nPOPULATIONS/POPULATION_0007/INDIVIDUAL_472TCG35/model.cpp:266:39: note:   mismatched types \u2018const Eigen::ArrayBase<Derived>\u2019 and \u2018double\u2019\n  266 |     return w * (square(below) + square(above));\n      |                                 ~~~~~~^~~~~~~\nPOPULATIONS/POPULATION_0007/INDIVIDUAL_472TCG35/model.cpp: In instantiation of \u2018Type objective_function<Type>::operator()() [with Type = CppAD::AD<CppAD::AD<double> >]\u2019:\n/home/spi085/R/x86_64-pc-linux-gnu-library/4.4/TMB/include/tmb_core.hpp:917:29:   required from \u2018Type objective_function<Type>::evalUserTemplate() [with Type = CppAD::AD<CppAD::AD<double> >]\u2019\n/home/spi085/R/x86_64-pc-linux-gnu-library/4.4/TMB/include/tmb_core.hpp:2116:26:   required from here\nPOPULATIONS/POPULATION_0007/INDIVIDUAL_472TCG35/model.cpp:146:23: error: call of overloaded \u2018invlogit(CppAD::AD<CppAD::AD<double> >&)\u2019 is ambiguous\n  146 |   Type epsN = invlogit(epsN_raw);             // Conversion efficiency to new COTS (dimensionless, 0-1)\n      |               ~~~~~~~~^~~~~~~~~~\n/home/spi085/R/x86_64-pc-linux-gnu-library/4.4/TMB/include/convenience.hpp:114:6: note: candidate: \u2018Type invlogit(Type) [with Type = CppAD::AD<CppAD::AD<double> >]\u2019\n  114 | Type invlogit(Type x){\n      |      ^~~~~~~~\nPOPULATIONS/POPULATION_0007/INDIVIDUAL_472TCG35/model.cpp:5:6: note: candidate: \u2018Type invlogit(const Type&) [with Type = CppAD::AD<CppAD::AD<double> >]\u2019\n    5 | Type invlogit(const Type &x) {\n      |      ^~~~~~~~\nPOPULATIONS/POPULATION_0007/INDIVIDUAL_472TCG35/model.cpp:147:25: error: call of overloaded \u2018invlogit(CppAD::AD<CppAD::AD<double> >&)\u2019 is ambiguous\n  147 |   Type w_fast = invlogit(pref_fast_raw);      // Preference for fast coral (0-1)\n      |                 ~~~~~~~~^~~~~~~~~~~~~~~\n/home/spi085/R/x86_64-pc-linux-gnu-library/4.4/TMB/include/convenience.hpp:114:6: note: candidate: \u2018Type invlogit(Type) [with Type = CppAD::AD<CppAD::AD<double> >]\u2019\n  114 | Type invlogit(Type x){\n      |      ^~~~~~~~\nPOPULATIONS/POPULATION_0007/INDIVIDUAL_472TCG35/model.cpp:5:6: note: candidate: \u2018Type invlogit(const Type&) [with Type = CppAD::AD<CppAD::AD<double> >]\u2019\n    5 | Type invlogit(const Type &x) {\n      |      ^~~~~~~~\nPOPULATIONS/POPULATION_0007/INDIVIDUAL_472TCG35/model.cpp:148:36: error: call of overloaded \u2018invlogit(CppAD::AD<CppAD::AD<double> >&)\u2019 is ambiguous\n  148 |   Type K_f = Type(100.0) * invlogit(K_f_raw); // Fast coral carrying capacity (%) in (0,100)\n      |                            ~~~~~~~~^~~~~~~~~\n/home/spi085/R/x86_64-pc-linux-gnu-library/4.4/TMB/include/convenience.hpp:114:6: note: candidate: \u2018Type invlogit(Type) [with Type = CppAD::AD<CppAD::AD<double> >]\u2019\n  114 | Type invlogit(Type x){\n      |      ^~~~~~~~\nPOPULATIONS/POPULATION_0007/INDIVIDUAL_472TCG35/model.cpp:5:6: note: candidate: \u2018Type invlogit(const Type&) [with Type = CppAD::AD<CppAD::AD<double> >]\u2019\n    5 | Type invlogit(const Type &x) {\n      |      ^~~~~~~~\nPOPULATIONS/POPULATION_0007/INDIVIDUAL_472TCG35/model.cpp:149:36: error: call of overloaded \u2018invlogit(CppAD::AD<CppAD::AD<double> >&)\u2019 is ambiguous\n  149 |   Type K_s = Type(100.0) * invlogit(K_s_raw); // Slow coral carrying capacity (%) in (0,100)\n      |                            ~~~~~~~~^~~~~~~~~\n/home/spi085/R/x86_64-pc-linux-gnu-library/4.4/TMB/include/convenience.hpp:114:6: note: candidate: \u2018Type invlogit(Type) [with Type = CppAD::AD<CppAD::AD<double> >]\u2019\n  114 | Type invlogit(Type x){\n      |      ^~~~~~~~\nPOPULATIONS/POPULATION_0007/INDIVIDUAL_472TCG35/model.cpp:5:6: note: candidate: \u2018Type invlogit(const Type&) [with Type = CppAD::AD<CppAD::AD<double> >]\u2019\n    5 | Type invlogit(const Type &x) {\n      |      ^~~~~~~~\nPOPULATIONS/POPULATION_0007/INDIVIDUAL_472TCG35/model.cpp:150:39: error: call of overloaded \u2018invlogit(CppAD::AD<CppAD::AD<double> >&)\u2019 is ambiguous\n  150 |   Type alpha_fs = Type(2.0) * invlogit(alpha_fs_raw); // Competition coefficient slow->fast in (0,2)\n      |                               ~~~~~~~~^~~~~~~~~~~~~~\n/home/spi085/R/x86_64-pc-linux-gnu-library/4.4/TMB/include/convenience.hpp:114:6: note: candidate: \u2018Type invlogit(Type) [with Type = CppAD::AD<CppAD::AD<double> >]\u2019\n  114 | Type invlogit(Type x){\n      |      ^~~~~~~~\nPOPULATIONS/POPULATION_0007/INDIVIDUAL_472TCG35/model.cpp:5:6: note: candidate: \u2018Type invlogit(const Type&) [with Type = CppAD::AD<CppAD::AD<double> >]\u2019\n    5 | Type invlogit(const Type &x) {\n      |      ^~~~~~~~\nPOPULATIONS/POPULATION_0007/INDIVIDUAL_472TCG35/model.cpp:151:39: error: call of overloaded \u2018invlogit(CppAD::AD<CppAD::AD<double> >&)\u2019 is ambiguous\n  151 |   Type alpha_sf = Type(2.0) * invlogit(alpha_sf_raw); // Competition coefficient fast->slow in (0,2)\n      |                               ~~~~~~~~^~~~~~~~~~~~~~\n/home/spi085/R/x86_64-pc-linux-gnu-library/4.4/TMB/include/convenience.hpp:114:6: note: candidate: \u2018Type invlogit(Type) [with Type = CppAD::AD<CppAD::AD<double> >]\u2019\n  114 | Type invlogit(Type x){\n      |      ^~~~~~~~\nPOPULATIONS/POPULATION_0007/INDIVIDUAL_472TCG35/model.cpp:5:6: note: candidate: \u2018Type invlogit(const Type&) [with Type = CppAD::AD<CppAD::AD<double> >]\u2019\n    5 | Type invlogit(const Type &x) {\n      |      ^~~~~~~~\nPOPULATIONS/POPULATION_0007/INDIVIDUAL_472TCG35/model.cpp:152:29: error: call of overloaded \u2018invlogit(CppAD::AD<CppAD::AD<double> >&)\u2019 is ambiguous\n  152 |   Type eps_pred_f = invlogit(eps_pred_f_raw); // Predation impact efficiency on fast coral (0-1)\n      |                     ~~~~~~~~^~~~~~~~~~~~~~~~\n/home/spi085/R/x86_64-pc-linux-gnu-library/4.4/TMB/include/convenience.hpp:114:6: note: candidate: \u2018Type invlogit(Type) [with Type = CppAD::AD<CppAD::AD<double> >]\u2019\n  114 | Type invlogit(Type x){\n      |      ^~~~~~~~\nPOPULATIONS/POPULATION_0007/INDIVIDUAL_472TCG35/model.cpp:5:6: note: candidate: \u2018Type invlogit(const Type&) [with Type = CppAD::AD<CppAD::AD<double> >]\u2019\n    5 | Type invlogit(const Type &x) {\n      |      ^~~~~~~~\nPOPULATIONS/POPULATION_0007/INDIVIDUAL_472TCG35/model.cpp:153:29: error: call of overloaded \u2018invlogit(CppAD::AD<CppAD::AD<double> >&)\u2019 is ambiguous\n  153 |   Type eps_pred_s = invlogit(eps_pred_s_raw); // Predation impact efficiency on slow coral (0-1)\n      |                     ~~~~~~~~^~~~~~~~~~~~~~~~\n/home/spi085/R/x86_64-pc-linux-gnu-library/4.4/TMB/include/convenience.hpp:114:6: note: candidate: \u2018Type invlogit(Type) [with Type = CppAD::AD<CppAD::AD<double> >]\u2019\n  114 | Type invlogit(Type x){\n      |      ^~~~~~~~\nPOPULATIONS/POPULATION_0007/INDIVIDUAL_472TCG35/model.cpp:5:6: note: candidate: \u2018Type invlogit(const Type&) [with Type = CppAD::AD<CppAD::AD<double> >]\u2019\n    5 | Type invlogit(const Type &x) {\n      |      ^~~~~~~~\nPOPULATIONS/POPULATION_0007/INDIVIDUAL_472TCG35/model.cpp:154:33: error: call of overloaded \u2018invlogit(CppAD::AD<CppAD::AD<double> >&)\u2019 is ambiguous\n  154 |   Type beta_temp_cots = invlogit(beta_temp_cots_raw); // Amplitude of temp effect on COTS (0-1)\n      |                         ~~~~~~~~^~~~~~~~~~~~~~~~~~~~\n/home/spi085/R/x86_64-pc-linux-gnu-library/4.4/TMB/include/convenience.hpp:114:6: note: candidate: \u2018Type invlogit(Type) [with Type = CppAD::AD<CppAD::AD<double> >]\u2019\n  114 | Type invlogit(Type x){\n      |      ^~~~~~~~\nPOPULATIONS/POPULATION_0007/INDIVIDUAL_472TCG35/model.cpp:5:6: note: candidate: \u2018Type invlogit(const Type&) [with Type = CppAD::AD<CppAD::AD<double> >]\u2019\n    5 | Type invlogit(const Type &x) {\n      |      ^~~~~~~~\nPOPULATIONS/POPULATION_0007/INDIVIDUAL_472TCG35/model.cpp:157:33: error: no matching function for call to \u2018square(CppAD::AD<CppAD::AD<double> >)\u2019\n  157 |   Type sigma_cots = sqrt( square(exp(log_sigma_obs_cots)) + square(min_sd) ); // Log-normal SD\n      |                           ~~~~~~^~~~~~~~~~~~~~~~~~~~~~~~~\n/home/spi085/R/x86_64-pc-linux-gnu-library/4.4/RcppEigen/include/Eigen/src/Core/GlobalFunctions.h:91:36: note: candidate: \u2018template<class Derived> const Eigen::CwiseUnaryOp<Eigen::internal::scalar_square_op<typename Derived::Scalar>, const Derived> Eigen::square(const ArrayBase<Derived>&)\u2019\n   91 |   EIGEN_ARRAY_DECLARE_GLOBAL_UNARY(square,scalar_square_op,square (power 2),\\sa Eigen::abs2 DOXCOMMA Eigen::pow DOXCOMMA ArrayBase::square)\n      |                                    ^~~~~~\n/home/spi085/R/x86_64-pc-linux-gnu-library/4.4/RcppEigen/include/Eigen/src/Core/GlobalFunctions.h:32:4: note: in definition of macro \u2018EIGEN_ARRAY_DECLARE_GLOBAL_UNARY\u2019\n   32 |   (NAME)(const Eigen::ArrayBase<Derived>& x) { \\\n      |    ^~~~\n/home/spi085/R/x86_64-pc-linux-gnu-library/4.4/RcppEigen/include/Eigen/src/Core/GlobalFunctions.h:91:36: note:   template argument deduction/substitution failed:\n   91 |   EIGEN_ARRAY_DECLARE_GLOBAL_UNARY(square,scalar_square_op,square (power 2),\\sa Eigen::abs2 DOXCOMMA Eigen::pow DOXCOMMA ArrayBase::square)\n      |                                    ^~~~~~\n/home/spi085/R/x86_64-pc-linux-gnu-library/4.4/RcppEigen/include/Eigen/src/Core/GlobalFunctions.h:32:4: note: in definition of macro \u2018EIGEN_ARRAY_DECLARE_GLOBAL_UNARY\u2019\n   32 |   (NAME)(const Eigen::ArrayBase<Derived>& x) { \\\n      |    ^~~~\nPOPULATIONS/POPULATION_0007/INDIVIDUAL_472TCG35/model.cpp:157:33: note:   \u2018CppAD::AD<CppAD::AD<double> >\u2019 is not derived from \u2018const Eigen::ArrayBase<Derived>\u2019\n  157 |   Type sigma_cots = sqrt( square(exp(log_sigma_obs_cots)) + square(min_sd) ); // Log-normal SD\n      |                           ~~~~~~^~~~~~~~~~~~~~~~~~~~~~~~~\nPOPULATIONS/POPULATION_0007/INDIVIDUAL_472TCG35/model.cpp:157:67: error: no matching function for call to \u2018square(CppAD::AD<CppAD::AD<double> >&)\u2019\n  157 |   Type sigma_cots = sqrt( square(exp(log_sigma_obs_cots)) + square(min_sd) ); // Log-normal SD\n      |                                                             ~~~~~~^~~~~~~~\n/home/spi085/R/x86_64-pc-linux-gnu-library/4.4/RcppEigen/include/Eigen/src/Core/GlobalFunctions.h:91:36: note: candidate: \u2018template<class Derived> const Eigen::CwiseUnaryOp<Eigen::internal::scalar_square_op<typename Derived::Scalar>, const Derived> Eigen::square(const ArrayBase<Derived>&)\u2019\n   91 |   EIGEN_ARRAY_DECLARE_GLOBAL_UNARY(square,scalar_square_op,square (power 2),\\sa Eigen::abs2 DOXCOMMA Eigen::pow DOXCOMMA ArrayBase::square)\n      |                                    ^~~~~~\n/home/spi085/R/x86_64-pc-linux-gnu-library/4.4/RcppEigen/include/Eigen/src/Core/GlobalFunctions.h:32:4: note: in definition of macro \u2018EIGEN_ARRAY_DECLARE_GLOBAL_UNARY\u2019\n   32 |   (NAME)(const Eigen::ArrayBase<Derived>& x) { \\\n      |    ^~~~\n/home/spi085/R/x86_64-pc-linux-gnu-library/4.4/RcppEigen/include/Eigen/src/Core/GlobalFunctions.h:91:36: note:   template argument deduction/substitution failed:\n   91 |   EIGEN_ARRAY_DECLARE_GLOBAL_UNARY(square,scalar_square_op,square (power 2),\\sa Eigen::abs2 DOXCOMMA Eigen::pow DOXCOMMA ArrayBase::square)\n      |                                    ^~~~~~\n/home/spi085/R/x86_64-pc-linux-gnu-library/4.4/RcppEigen/include/Eigen/src/Core/GlobalFunctions.h:32:4: note: in definition of macro \u2018EIGEN_ARRAY_DECLARE_GLOBAL_UNARY\u2019\n   32 |   (NAME)(const Eigen::ArrayBase<Derived>& x) { \\\n      |    ^~~~\nPOPULATIONS/POPULATION_0007/INDIVIDUAL_472TCG35/model.cpp:157:67: note:   \u2018CppAD::AD<CppAD::AD<double> >\u2019 is not derived from \u2018const Eigen::ArrayBase<Derived>\u2019\n  157 |   Type sigma_cots = sqrt( square(exp(log_sigma_obs_cots)) + square(min_sd) ); // Log-normal SD\n      |                                                             ~~~~~~^~~~~~~~\nPOPULATIONS/POPULATION_0007/INDIVIDUAL_472TCG35/model.cpp:158:33: error: no matching function for call to \u2018square(CppAD::AD<CppAD::AD<double> >)\u2019\n  158 |   Type sigma_fast = sqrt( square(exp(log_sigma_obs_fast)) + square(min_sd) );  // Log-normal SD\n      |                           ~~~~~~^~~~~~~~~~~~~~~~~~~~~~~~~\n/home/spi085/R/x86_64-pc-linux-gnu-library/4.4/RcppEigen/include/Eigen/src/Core/GlobalFunctions.h:91:36: note: candidate: \u2018template<class Derived> const Eigen::CwiseUnaryOp<Eigen::internal::scalar_square_op<typename Derived::Scalar>, const Derived> Eigen::square(const ArrayBase<Derived>&)\u2019\n   91 |   EIGEN_ARRAY_DECLARE_GLOBAL_UNARY(square,scalar_square_op,square (power 2),\\sa Eigen::abs2 DOXCOMMA Eigen::pow DOXCOMMA ArrayBase::square)\n      |                                    ^~~~~~\n/home/spi085/R/x86_64-pc-linux-gnu-library/4.4/RcppEigen/include/Eigen/src/Core/GlobalFunctions.h:32:4: note: in definition of macro \u2018EIGEN_ARRAY_DECLARE_GLOBAL_UNARY\u2019\n   32 |   (NAME)(const Eigen::ArrayBase<Derived>& x) { \\\n      |    ^~~~\n/home/spi085/R/x86_64-pc-linux-gnu-library/4.4/RcppEigen/include/Eigen/src/Core/GlobalFunctions.h:91:36: note:   template argument deduction/substitution failed:\n   91 |   EIGEN_ARRAY_DECLARE_GLOBAL_UNARY(square,scalar_square_op,square (power 2),\\sa Eigen::abs2 DOXCOMMA Eigen::pow DOXCOMMA ArrayBase::square)\n      |                                    ^~~~~~\n/home/spi085/R/x86_64-pc-linux-gnu-library/4.4/RcppEigen/include/Eigen/src/Core/GlobalFunctions.h:32:4: note: in definition of macro \u2018EIGEN_ARRAY_DECLARE_GLOBAL_UNARY\u2019\n   32 |   (NAME)(const Eigen::ArrayBase<Derived>& x) { \\\n      |    ^~~~\nPOPULATIONS/POPULATION_0007/INDIVIDUAL_472TCG35/model.cpp:158:33: note:   \u2018CppAD::AD<CppAD::AD<double> >\u2019 is not derived from \u2018const Eigen::ArrayBase<Derived>\u2019\n  158 |   Type sigma_fast = sqrt( square(exp(log_sigma_obs_fast)) + square(min_sd) );  // Log-normal SD\n      |                           ~~~~~~^~~~~~~~~~~~~~~~~~~~~~~~~\nPOPULATIONS/POPULATION_0007/INDIVIDUAL_472TCG35/model.cpp:158:67: error: no matching function for call to \u2018square(CppAD::AD<CppAD::AD<double> >&)\u2019\n  158 |   Type sigma_fast = sqrt( square(exp(log_sigma_obs_fast)) + square(min_sd) );  // Log-normal SD\n      |                                                             ~~~~~~^~~~~~~~\n/home/spi085/R/x86_64-pc-linux-gnu-library/4.4/RcppEigen/include/Eigen/src/Core/GlobalFunctions.h:91:36: note: candidate: \u2018template<class Derived> const Eigen::CwiseUnaryOp<Eigen::internal::scalar_square_op<typename Derived::Scalar>, const Derived> Eigen::square(const ArrayBase<Derived>&)\u2019\n   91 |   EIGEN_ARRAY_DECLARE_GLOBAL_UNARY(square,scalar_square_op,square (power 2),\\sa Eigen::abs2 DOXCOMMA Eigen::pow DOXCOMMA ArrayBase::square)\n      |                                    ^~~~~~\n/home/spi085/R/x86_64-pc-linux-gnu-library/4.4/RcppEigen/include/Eigen/src/Core/GlobalFunctions.h:32:4: note: in definition of macro \u2018EIGEN_ARRAY_DECLARE_GLOBAL_UNARY\u2019\n   32 |   (NAME)(const Eigen::ArrayBase<Derived>& x) { \\\n      |    ^~~~\n/home/spi085/R/x86_64-pc-linux-gnu-library/4.4/RcppEigen/include/Eigen/src/Core/GlobalFunctions.h:91:36: note:   template argument deduction/substitution failed:\n   91 |   EIGEN_ARRAY_DECLARE_GLOBAL_UNARY(square,scalar_square_op,square (power 2),\\sa Eigen::abs2 DOXCOMMA Eigen::pow DOXCOMMA ArrayBase::square)\n      |                                    ^~~~~~\n/home/spi085/R/x86_64-pc-linux-gnu-library/4.4/RcppEigen/include/Eigen/src/Core/GlobalFunctions.h:32:4: note: in definition of macro \u2018EIGEN_ARRAY_DECLARE_GLOBAL_UNARY\u2019\n   32 |   (NAME)(const Eigen::ArrayBase<Derived>& x) { \\\n      |    ^~~~\nPOPULATIONS/POPULATION_0007/INDIVIDUAL_472TCG35/model.cpp:158:67: note:   \u2018CppAD::AD<CppAD::AD<double> >\u2019 is not derived from \u2018const Eigen::ArrayBase<Derived>\u2019\n  158 |   Type sigma_fast = sqrt( square(exp(log_sigma_obs_fast)) + square(min_sd) );  // Log-normal SD\n      |                                                             ~~~~~~^~~~~~~~\nPOPULATIONS/POPULATION_0007/INDIVIDUAL_472TCG35/model.cpp:159:33: error: no matching function for call to \u2018square(CppAD::AD<CppAD::AD<double> >)\u2019\n  159 |   Type sigma_slow = sqrt( square(exp(log_sigma_obs_slow)) + square(min_sd) );  // Log-normal SD\n      |                           ~~~~~~^~~~~~~~~~~~~~~~~~~~~~~~~\n/home/spi085/R/x86_64-pc-linux-gnu-library/4.4/RcppEigen/include/Eigen/src/Core/GlobalFunctions.h:91:36: note: candidate: \u2018template<class Derived> const Eigen::CwiseUnaryOp<Eigen::internal::scalar_square_op<typename Derived::Scalar>, const Derived> Eigen::square(const ArrayBase<Derived>&)\u2019\n   91 |   EIGEN_ARRAY_DECLARE_GLOBAL_UNARY(square,scalar_square_op,square (power 2),\\sa Eigen::abs2 DOXCOMMA Eigen::pow DOXCOMMA ArrayBase::square)\n      |                                    ^~~~~~\n/home/spi085/R/x86_64-pc-linux-gnu-library/4.4/RcppEigen/include/Eigen/src/Core/GlobalFunctions.h:32:4: note: in definition of macro \u2018EIGEN_ARRAY_DECLARE_GLOBAL_UNARY\u2019\n   32 |   (NAME)(const Eigen::ArrayBase<Derived>& x) { \\\n      |    ^~~~\n/home/spi085/R/x86_64-pc-linux-gnu-library/4.4/RcppEigen/include/Eigen/src/Core/GlobalFunctions.h:91:36: note:   template argument deduction/substitution failed:\n   91 |   EIGEN_ARRAY_DECLARE_GLOBAL_UNARY(square,scalar_square_op,square (power 2),\\sa Eigen::abs2 DOXCOMMA Eigen::pow DOXCOMMA ArrayBase::square)\n      |                                    ^~~~~~\n/home/spi085/R/x86_64-pc-linux-gnu-library/4.4/RcppEigen/include/Eigen/src/Core/GlobalFunctions.h:32:4: note: in definition of macro \u2018EIGEN_ARRAY_DECLARE_GLOBAL_UNARY\u2019\n   32 |   (NAME)(const Eigen::ArrayBase<Derived>& x) { \\\n      |    ^~~~\nPOPULATIONS/POPULATION_0007/INDIVIDUAL_472TCG35/model.cpp:159:33: note:   \u2018CppAD::AD<CppAD::AD<double> >\u2019 is not derived from \u2018const Eigen::ArrayBase<Derived>\u2019\n  159 |   Type sigma_slow = sqrt( square(exp(log_sigma_obs_slow)) + square(min_sd) );  // Log-normal SD\n      |                           ~~~~~~^~~~~~~~~~~~~~~~~~~~~~~~~\nPOPULATIONS/POPULATION_0007/INDIVIDUAL_472TCG35/model.cpp:159:67: error: no matching function for call to \u2018square(CppAD::AD<CppAD::AD<double> >&)\u2019\n  159 |   Type sigma_slow = sqrt( square(exp(log_sigma_obs_slow)) + square(min_sd) );  // Log-normal SD\n      |                                                             ~~~~~~^~~~~~~~\n/home/spi085/R/x86_64-pc-linux-gnu-library/4.4/RcppEigen/include/Eigen/src/Core/GlobalFunctions.h:91:36: note: candidate: \u2018template<class Derived> const Eigen::CwiseUnaryOp<Eigen::internal::scalar_square_op<typename Derived::Scalar>, const Derived> Eigen::square(const ArrayBase<Derived>&)\u2019\n   91 |   EIGEN_ARRAY_DECLARE_GLOBAL_UNARY(square,scalar_square_op,square (power 2),\\sa Eigen::abs2 DOXCOMMA Eigen::pow DOXCOMMA ArrayBase::square)\n      |                                    ^~~~~~\n/home/spi085/R/x86_64-pc-linux-gnu-library/4.4/RcppEigen/include/Eigen/src/Core/GlobalFunctions.h:32:4: note: in definition of macro \u2018EIGEN_ARRAY_DECLARE_GLOBAL_UNARY\u2019\n   32 |   (NAME)(const Eigen::ArrayBase<Derived>& x) { \\\n      |    ^~~~\n/home/spi085/R/x86_64-pc-linux-gnu-library/4.4/RcppEigen/include/Eigen/src/Core/GlobalFunctions.h:91:36: note:   template argument deduction/substitution failed:\n   91 |   EIGEN_ARRAY_DECLARE_GLOBAL_UNARY(square,scalar_square_op,square (power 2),\\sa Eigen::abs2 DOXCOMMA Eigen::pow DOXCOMMA ArrayBase::square)\n      |                                    ^~~~~~\n/home/spi085/R/x86_64-pc-linux-gnu-library/4.4/RcppEigen/include/Eigen/src/Core/GlobalFunctions.h:32:4: note: in definition of macro \u2018EIGEN_ARRAY_DECLARE_GLOBAL_UNARY\u2019\n   32 |   (NAME)(const Eigen::ArrayBase<Derived>& x) { \\\n      |    ^~~~\nPOPULATIONS/POPULATION_0007/INDIVIDUAL_472TCG35/model.cpp:159:67: note:   \u2018CppAD::AD<CppAD::AD<double> >\u2019 is not derived from \u2018const Eigen::ArrayBase<Derived>\u2019\n  159 |   Type sigma_slow = sqrt( square(exp(log_sigma_obs_slow)) + square(min_sd) );  // Log-normal SD\n      |                                                             ~~~~~~^~~~~~~~\nPOPULATIONS/POPULATION_0007/INDIVIDUAL_472TCG35/model.cpp:229:20: error: \u2018posfun\u2019 was not declared in this scope\n  229 |     F_next = posfun(F_next, eps, pen);               // Smoothly enforce F_next >= eps\n      |              ~~~~~~^~~~~~~~~~~~~~~~~~\nPOPULATIONS/POPULATION_0007/INDIVIDUAL_472TCG35/model.cpp:230:20: error: \u2018posfun\u2019 was not declared in this scope, and no declarations were found by argument-dependent lookup at the point of instantiation\n  230 |     S_next = posfun(S_next, eps, pen);               // Smoothly enforce S_next >= eps\n      |              ~~~~~~^~~~~~~~~~~~~~~~~~\nPOPULATIONS/POPULATION_0007/INDIVIDUAL_472TCG35/model.cpp:229:20: note: \u2018posfun\u2019 declared here, later in the translation unit\n  229 |     F_next = posfun(F_next, eps, pen);               // Smoothly enforce F_next >= eps\n      |              ~~~~~~^~~~~~~~~~~~~~~~~~\nPOPULATIONS/POPULATION_0007/INDIVIDUAL_472TCG35/model.cpp:246:20: error: \u2018posfun\u2019 was not declared in this scope, and no declarations were found by argument-dependent lookup at the point of instantiation\n  246 |     N_next = posfun(N_next, eps, pen);             // Enforce N_next >= eps smoothly\n      |              ~~~~~~^~~~~~~~~~~~~~~~~~\nPOPULATIONS/POPULATION_0007/INDIVIDUAL_472TCG35/model.cpp:229:20: note: \u2018posfun\u2019 declared here, later in the translation unit\n  229 |     F_next = posfun(F_next, eps, pen);               // Smoothly enforce F_next >= eps\n      |              ~~~~~~^~~~~~~~~~~~~~~~~~\nPOPULATIONS/POPULATION_0007/INDIVIDUAL_472TCG35/model.cpp:266:23: error: no matching function for call to \u2018square(CppAD::AD<CppAD::AD<double> >&)\u2019\n  266 |     return w * (square(below) + square(above));\n      |                 ~~~~~~^~~~~~~\n/home/spi085/R/x86_64-pc-linux-gnu-library/4.4/RcppEigen/include/Eigen/src/Core/GlobalFunctions.h:91:36: note: candidate: \u2018template<class Derived> const Eigen::CwiseUnaryOp<Eigen::internal::scalar_square_op<typename Derived::Scalar>, const Derived> Eigen::square(const ArrayBase<Derived>&)\u2019\n   91 |   EIGEN_ARRAY_DECLARE_GLOBAL_UNARY(square,scalar_square_op,square (power 2),\\sa Eigen::abs2 DOXCOMMA Eigen::pow DOXCOMMA ArrayBase::square)\n      |                                    ^~~~~~\n/home/spi085/R/x86_64-pc-linux-gnu-library/4.4/RcppEigen/include/Eigen/src/Core/GlobalFunctions.h:32:4: note: in definition of macro \u2018EIGEN_ARRAY_DECLARE_GLOBAL_UNARY\u2019\n   32 |   (NAME)(const Eigen::ArrayBase<Derived>& x) { \\\n      |    ^~~~\n/home/spi085/R/x86_64-pc-linux-gnu-library/4.4/RcppEigen/include/Eigen/src/Core/GlobalFunctions.h:91:36: note:   template argument deduction/substitution failed:\n   91 |   EIGEN_ARRAY_DECLARE_GLOBAL_UNARY(square,scalar_square_op,square (power 2),\\sa Eigen::abs2 DOXCOMMA Eigen::pow DOXCOMMA ArrayBase::square)\n      |                                    ^~~~~~\n/home/spi085/R/x86_64-pc-linux-gnu-library/4.4/RcppEigen/include/Eigen/src/Core/GlobalFunctions.h:32:4: note: in definition of macro \u2018EIGEN_ARRAY_DECLARE_GLOBAL_UNARY\u2019\n   32 |   (NAME)(const Eigen::ArrayBase<Derived>& x) { \\\n      |    ^~~~\nPOPULATIONS/POPULATION_0007/INDIVIDUAL_472TCG35/model.cpp:266:23: note:   \u2018CppAD::AD<CppAD::AD<double> >\u2019 is not derived from \u2018const Eigen::ArrayBase<Derived>\u2019\n  266 |     return w * (square(below) + square(above));\n      |                 ~~~~~~^~~~~~~\nPOPULATIONS/POPULATION_0007/INDIVIDUAL_472TCG35/model.cpp:266:39: error: no matching function for call to \u2018square(CppAD::AD<CppAD::AD<double> >&)\u2019\n  266 |     return w * (square(below) + square(above));\n      |                                 ~~~~~~^~~~~~~\n/home/spi085/R/x86_64-pc-linux-gnu-library/4.4/RcppEigen/include/Eigen/src/Core/GlobalFunctions.h:91:36: note: candidate: \u2018template<class Derived> const Eigen::CwiseUnaryOp<Eigen::internal::scalar_square_op<typename Derived::Scalar>, const Derived> Eigen::square(const ArrayBase<Derived>&)\u2019\n   91 |   EIGEN_ARRAY_DECLARE_GLOBAL_UNARY(square,scalar_square_op,square (power 2),\\sa Eigen::abs2 DOXCOMMA Eigen::pow DOXCOMMA ArrayBase::square)\n      |                                    ^~~~~~\n/home/spi085/R/x86_64-pc-linux-gnu-library/4.4/RcppEigen/include/Eigen/src/Core/GlobalFunctions.h:32:4: note: in definition of macro \u2018EIGEN_ARRAY_DECLARE_GLOBAL_UNARY\u2019\n   32 |   (NAME)(const Eigen::ArrayBase<Derived>& x) { \\\n      |    ^~~~\n/home/spi085/R/x86_64-pc-linux-gnu-library/4.4/RcppEigen/include/Eigen/src/Core/GlobalFunctions.h:91:36: note:   template argument deduction/substitution failed:\n   91 |   EIGEN_ARRAY_DECLARE_GLOBAL_UNARY(square,scalar_square_op,square (power 2),\\sa Eigen::abs2 DOXCOMMA Eigen::pow DOXCOMMA ArrayBase::square)\n      |                                    ^~~~~~\n/home/spi085/R/x86_64-pc-linux-gnu-library/4.4/RcppEigen/include/Eigen/src/Core/GlobalFunctions.h:32:4: note: in definition of macro \u2018EIGEN_ARRAY_DECLARE_GLOBAL_UNARY\u2019\n   32 |   (NAME)(const Eigen::ArrayBase<Derived>& x) { \\\n      |    ^~~~\nPOPULATIONS/POPULATION_0007/INDIVIDUAL_472TCG35/model.cpp:266:39: note:   \u2018CppAD::AD<CppAD::AD<double> >\u2019 is not derived from \u2018const Eigen::ArrayBase<Derived>\u2019\n  266 |     return w * (square(below) + square(above));\n      |                                 ~~~~~~^~~~~~~\nPOPULATIONS/POPULATION_0007/INDIVIDUAL_472TCG35/model.cpp: In instantiation of \u2018Type objective_function<Type>::operator()() [with Type = CppAD::AD<CppAD::AD<CppAD::AD<double> > >]\u2019:\n/home/spi085/R/x86_64-pc-linux-gnu-library/4.4/TMB/include/tmb_core.hpp:917:29:   required from \u2018Type objective_function<Type>::evalUserTemplate() [with Type = CppAD::AD<CppAD::AD<CppAD::AD<double> > >]\u2019\n/home/spi085/R/x86_64-pc-linux-gnu-library/4.4/TMB/include/tmb_core.hpp:2365:28:   required from here\nPOPULATIONS/POPULATION_0007/INDIVIDUAL_472TCG35/model.cpp:146:23: error: call of overloaded \u2018invlogit(CppAD::AD<CppAD::AD<CppAD::AD<double> > >&)\u2019 is ambiguous\n  146 |   Type epsN = invlogit(epsN_raw);             // Conversion efficiency to new COTS (dimensionless, 0-1)\n      |               ~~~~~~~~^~~~~~~~~~\n/home/spi085/R/x86_64-pc-linux-gnu-library/4.4/TMB/include/convenience.hpp:114:6: note: candidate: \u2018Type invlogit(Type) [with Type = CppAD::AD<CppAD::AD<CppAD::AD<double> > >]\u2019\n  114 | Type invlogit(Type x){\n      |      ^~~~~~~~\nPOPULATIONS/POPULATION_0007/INDIVIDUAL_472TCG35/model.cpp:5:6: note: candidate: \u2018Type invlogit(const Type&) [with Type = CppAD::AD<CppAD::AD<CppAD::AD<double> > >]\u2019\n    5 | Type invlogit(const Type &x) {\n      |      ^~~~~~~~\nPOPULATIONS/POPULATION_0007/INDIVIDUAL_472TCG35/model.cpp:147:25: error: call of overloaded \u2018invlogit(CppAD::AD<CppAD::AD<CppAD::AD<double> > >&)\u2019 is ambiguous\n  147 |   Type w_fast = invlogit(pref_fast_raw);      // Preference for fast coral (0-1)\n      |                 ~~~~~~~~^~~~~~~~~~~~~~~\n/home/spi085/R/x86_64-pc-linux-gnu-library/4.4/TMB/include/convenience.hpp:114:6: note: candidate: \u2018Type invlogit(Type) [with Type = CppAD::AD<CppAD::AD<CppAD::AD<double> > >]\u2019\n  114 | Type invlogit(Type x){\n      |      ^~~~~~~~\nPOPULATIONS/POPULATION_0007/INDIVIDUAL_472TCG35/model.cpp:5:6: note: candidate: \u2018Type invlogit(const Type&) [with Type = CppAD::AD<CppAD::AD<CppAD::AD<double> > >]\u2019\n    5 | Type invlogit(const Type &x) {\n      |      ^~~~~~~~\nPOPULATIONS/POPULATION_0007/INDIVIDUAL_472TCG35/model.cpp:148:36: error: call of overloaded \u2018invlogit(CppAD::AD<CppAD::AD<CppAD::AD<double> > >&)\u2019 is ambiguous\n  148 |   Type K_f = Type(100.0) * invlogit(K_f_raw); // Fast coral carrying capacity (%) in (0,100)\n      |                            ~~~~~~~~^~~~~~~~~\n/home/spi085/R/x86_64-pc-linux-gnu-library/4.4/TMB/include/convenience.hpp:114:6: note: candidate: \u2018Type invlogit(Type) [with Type = CppAD::AD<CppAD::AD<CppAD::AD<double> > >]\u2019\n  114 | Type invlogit(Type x){\n      |      ^~~~~~~~\nPOPULATIONS/POPULATION_0007/INDIVIDUAL_472TCG35/model.cpp:5:6: note: candidate: \u2018Type invlogit(const Type&) [with Type = CppAD::AD<CppAD::AD<CppAD::AD<double> > >]\u2019\n    5 | Type invlogit(const Type &x) {\n      |      ^~~~~~~~\nPOPULATIONS/POPULATION_0007/INDIVIDUAL_472TCG35/model.cpp:149:36: error: call of overloaded \u2018invlogit(CppAD::AD<CppAD::AD<CppAD::AD<double> > >&)\u2019 is ambiguous\n  149 |   Type K_s = Type(100.0) * invlogit(K_s_raw); // Slow coral carrying capacity (%) in (0,100)\n      |                            ~~~~~~~~^~~~~~~~~\n/home/spi085/R/x86_64-pc-linux-gnu-library/4.4/TMB/include/convenience.hpp:114:6: note: candidate: \u2018Type invlogit(Type) [with Type = CppAD::AD<CppAD::AD<CppAD::AD<double> > >]\u2019\n  114 | Type invlogit(Type x){\n      |      ^~~~~~~~\nPOPULATIONS/POPULATION_0007/INDIVIDUAL_472TCG35/model.cpp:5:6: note: candidate: \u2018Type invlogit(const Type&) [with Type = CppAD::AD<CppAD::AD<CppAD::AD<double> > >]\u2019\n    5 | Type invlogit(const Type &x) {\n      |      ^~~~~~~~\nPOPULATIONS/POPULATION_0007/INDIVIDUAL_472TCG35/model.cpp:150:39: error: call of overloaded \u2018invlogit(CppAD::AD<CppAD::AD<CppAD::AD<double> > >&)\u2019 is ambiguous\n  150 |   Type alpha_fs = Type(2.0) * invlogit(alpha_fs_raw); // Competition coefficient slow->fast in (0,2)\n      |                               ~~~~~~~~^~~~~~~~~~~~~~\n/home/spi085/R/x86_64-pc-linux-gnu-library/4.4/TMB/include/convenience.hpp:114:6: note: candidate: \u2018Type invlogit(Type) [with Type = CppAD::AD<CppAD::AD<CppAD::AD<double> > >]\u2019\n  114 | Type invlogit(Type x){\n      |      ^~~~~~~~\nPOPULATIONS/POPULATION_0007/INDIVIDUAL_472TCG35/model.cpp:5:6: note: candidate: \u2018Type invlogit(const Type&) [with Type = CppAD::AD<CppAD::AD<CppAD::AD<double> > >]\u2019\n    5 | Type invlogit(const Type &x) {\n      |      ^~~~~~~~\nPOPULATIONS/POPULATION_0007/INDIVIDUAL_472TCG35/model.cpp:151:39: error: call of overloaded \u2018invlogit(CppAD::AD<CppAD::AD<CppAD::AD<double> > >&)\u2019 is ambiguous\n  151 |   Type alpha_sf = Type(2.0) * invlogit(alpha_sf_raw); // Competition coefficient fast->slow in (0,2)\n      |                               ~~~~~~~~^~~~~~~~~~~~~~\n/home/spi085/R/x86_64-pc-linux-gnu-library/4.4/TMB/include/convenience.hpp:114:6: note: candidate: \u2018Type invlogit(Type) [with Type = CppAD::AD<CppAD::AD<CppAD::AD<double> > >]\u2019\n  114 | Type invlogit(Type x){\n      |      ^~~~~~~~\nPOPULATIONS/POPULATION_0007/INDIVIDUAL_472TCG35/model.cpp:5:6: note: candidate: \u2018Type invlogit(const Type&) [with Type = CppAD::AD<CppAD::AD<CppAD::AD<double> > >]\u2019\n    5 | Type invlogit(const Type &x) {\n      |      ^~~~~~~~\nPOPULATIONS/POPULATION_0007/INDIVIDUAL_472TCG35/model.cpp:152:29: error: call of overloaded \u2018invlogit(CppAD::AD<CppAD::AD<CppAD::AD<double> > >&)\u2019 is ambiguous\n  152 |   Type eps_pred_f = invlogit(eps_pred_f_raw); // Predation impact efficiency on fast coral (0-1)\n      |                     ~~~~~~~~^~~~~~~~~~~~~~~~\n/home/spi085/R/x86_64-pc-linux-gnu-library/4.4/TMB/include/convenience.hpp:114:6: note: candidate: \u2018Type invlogit(Type) [with Type = CppAD::AD<CppAD::AD<CppAD::AD<double> > >]\u2019\n  114 | Type invlogit(Type x){\n      |      ^~~~~~~~\nPOPULATIONS/POPULATION_0007/INDIVIDUAL_472TCG35/model.cpp:5:6: note: candidate: \u2018Type invlogit(const Type&) [with Type = CppAD::AD<CppAD::AD<CppAD::AD<double> > >]\u2019\n    5 | Type invlogit(const Type &x) {\n      |      ^~~~~~~~\nPOPULATIONS/POPULATION_0007/INDIVIDUAL_472TCG35/model.cpp:153:29: error: call of overloaded \u2018invlogit(CppAD::AD<CppAD::AD<CppAD::AD<double> > >&)\u2019 is ambiguous\n  153 |   Type eps_pred_s = invlogit(eps_pred_s_raw); // Predation impact efficiency on slow coral (0-1)\n      |                     ~~~~~~~~^~~~~~~~~~~~~~~~\n/home/spi085/R/x86_64-pc-linux-gnu-library/4.4/TMB/include/convenience.hpp:114:6: note: candidate: \u2018Type invlogit(Type) [with Type = CppAD::AD<CppAD::AD<CppAD::AD<double> > >]\u2019\n  114 | Type invlogit(Type x){\n      |      ^~~~~~~~\nPOPULATIONS/POPULATION_0007/INDIVIDUAL_472TCG35/model.cpp:5:6: note: candidate: \u2018Type invlogit(const Type&) [with Type = CppAD::AD<CppAD::AD<CppAD::AD<double> > >]\u2019\n    5 | Type invlogit(const Type &x) {\n      |      ^~~~~~~~\nPOPULATIONS/POPULATION_0007/INDIVIDUAL_472TCG35/model.cpp:154:33: error: call of overloaded \u2018invlogit(CppAD::AD<CppAD::AD<CppAD::AD<double> > >&)\u2019 is ambiguous\n  154 |   Type beta_temp_cots = invlogit(beta_temp_cots_raw); // Amplitude of temp effect on COTS (0-1)\n      |                         ~~~~~~~~^~~~~~~~~~~~~~~~~~~~\n/home/spi085/R/x86_64-pc-linux-gnu-library/4.4/TMB/include/convenience.hpp:114:6: note: candidate: \u2018Type invlogit(Type) [with Type = CppAD::AD<CppAD::AD<CppAD::AD<double> > >]\u2019\n  114 | Type invlogit(Type x){\n      |      ^~~~~~~~\nPOPULATIONS/POPULATION_0007/INDIVIDUAL_472TCG35/model.cpp:5:6: note: candidate: \u2018Type invlogit(const Type&) [with Type = CppAD::AD<CppAD::AD<CppAD::AD<double> > >]\u2019\n    5 | Type invlogit(const Type &x) {\n      |      ^~~~~~~~\nPOPULATIONS/POPULATION_0007/INDIVIDUAL_472TCG35/model.cpp:157:33: error: no matching function for call to \u2018square(CppAD::AD<CppAD::AD<CppAD::AD<double> > >)\u2019\n  157 |   Type sigma_cots = sqrt( square(exp(log_sigma_obs_cots)) + square(min_sd) ); // Log-normal SD\n      |                           ~~~~~~^~~~~~~~~~~~~~~~~~~~~~~~~\n/home/spi085/R/x86_64-pc-linux-gnu-library/4.4/RcppEigen/include/Eigen/src/Core/GlobalFunctions.h:91:36: note: candidate: \u2018template<class Derived> const Eigen::CwiseUnaryOp<Eigen::internal::scalar_square_op<typename Derived::Scalar>, const Derived> Eigen::square(const ArrayBase<Derived>&)\u2019\n   91 |   EIGEN_ARRAY_DECLARE_GLOBAL_UNARY(square,scalar_square_op,square (power 2),\\sa Eigen::abs2 DOXCOMMA Eigen::pow DOXCOMMA ArrayBase::square)\n      |                                    ^~~~~~\n/home/spi085/R/x86_64-pc-linux-gnu-library/4.4/RcppEigen/include/Eigen/src/Core/GlobalFunctions.h:32:4: note: in definition of macro \u2018EIGEN_ARRAY_DECLARE_GLOBAL_UNARY\u2019\n   32 |   (NAME)(const Eigen::ArrayBase<Derived>& x) { \\\n      |    ^~~~\n/home/spi085/R/x86_64-pc-linux-gnu-library/4.4/RcppEigen/include/Eigen/src/Core/GlobalFunctions.h:91:36: note:   template argument deduction/substitution failed:\n   91 |   EIGEN_ARRAY_DECLARE_GLOBAL_UNARY(square,scalar_square_op,square (power 2),\\sa Eigen::abs2 DOXCOMMA Eigen::pow DOXCOMMA ArrayBase::square)\n      |                                    ^~~~~~\n/home/spi085/R/x86_64-pc-linux-gnu-library/4.4/RcppEigen/include/Eigen/src/Core/GlobalFunctions.h:32:4: note: in definition of macro \u2018EIGEN_ARRAY_DECLARE_GLOBAL_UNARY\u2019\n   32 |   (NAME)(const Eigen::ArrayBase<Derived>& x) { \\\n      |    ^~~~\nPOPULATIONS/POPULATION_0007/INDIVIDUAL_472TCG35/model.cpp:157:33: note:   \u2018CppAD::AD<CppAD::AD<CppAD::AD<double> > >\u2019 is not derived from \u2018const Eigen::ArrayBase<Derived>\u2019\n  157 |   Type sigma_cots = sqrt( square(exp(log_sigma_obs_cots)) + square(min_sd) ); // Log-normal SD\n      |                           ~~~~~~^~~~~~~~~~~~~~~~~~~~~~~~~\nPOPULATIONS/POPULATION_0007/INDIVIDUAL_472TCG35/model.cpp:157:67: error: no matching function for call to \u2018square(CppAD::AD<CppAD::AD<CppAD::AD<double> > >&)\u2019\n  157 |   Type sigma_cots = sqrt( square(exp(log_sigma_obs_cots)) + square(min_sd) ); // Log-normal SD\n      |                                                             ~~~~~~^~~~~~~~\n/home/spi085/R/x86_64-pc-linux-gnu-library/4.4/RcppEigen/include/Eigen/src/Core/GlobalFunctions.h:91:36: note: candidate: \u2018template<class Derived> const Eigen::CwiseUnaryOp<Eigen::internal::scalar_square_op<typename Derived::Scalar>, const Derived> Eigen::square(const ArrayBase<Derived>&)\u2019\n   91 |   EIGEN_ARRAY_DECLARE_GLOBAL_UNARY(square,scalar_square_op,square (power 2),\\sa Eigen::abs2 DOXCOMMA Eigen::pow DOXCOMMA ArrayBase::square)\n      |                                    ^~~~~~\n/home/spi085/R/x86_64-pc-linux-gnu-library/4.4/RcppEigen/include/Eigen/src/Core/GlobalFunctions.h:32:4: note: in definition of macro \u2018EIGEN_ARRAY_DECLARE_GLOBAL_UNARY\u2019\n   32 |   (NAME)(const Eigen::ArrayBase<Derived>& x) { \\\n      |    ^~~~\n/home/spi085/R/x86_64-pc-linux-gnu-library/4.4/RcppEigen/include/Eigen/src/Core/GlobalFunctions.h:91:36: note:   template argument deduction/substitution failed:\n   91 |   EIGEN_ARRAY_DECLARE_GLOBAL_UNARY(square,scalar_square_op,square (power 2),\\sa Eigen::abs2 DOXCOMMA Eigen::pow DOXCOMMA ArrayBase::square)\n      |                                    ^~~~~~\n/home/spi085/R/x86_64-pc-linux-gnu-library/4.4/RcppEigen/include/Eigen/src/Core/GlobalFunctions.h:32:4: note: in definition of macro \u2018EIGEN_ARRAY_DECLARE_GLOBAL_UNARY\u2019\n   32 |   (NAME)(const Eigen::ArrayBase<Derived>& x) { \\\n      |    ^~~~\nPOPULATIONS/POPULATION_0007/INDIVIDUAL_472TCG35/model.cpp:157:67: note:   \u2018CppAD::AD<CppAD::AD<CppAD::AD<double> > >\u2019 is not derived from \u2018const Eigen::ArrayBase<Derived>\u2019\n  157 |   Type sigma_cots = sqrt( square(exp(log_sigma_obs_cots)) + square(min_sd) ); // Log-normal SD\n      |                                                             ~~~~~~^~~~~~~~\nPOPULATIONS/POPULATION_0007/INDIVIDUAL_472TCG35/model.cpp:158:33: error: no matching function for call to \u2018square(CppAD::AD<CppAD::AD<CppAD::AD<double> > >)\u2019\n  158 |   Type sigma_fast = sqrt( square(exp(log_sigma_obs_fast)) + square(min_sd) );  // Log-normal SD\n      |                           ~~~~~~^~~~~~~~~~~~~~~~~~~~~~~~~\n/home/spi085/R/x86_64-pc-linux-gnu-library/4.4/RcppEigen/include/Eigen/src/Core/GlobalFunctions.h:91:36: note: candidate: \u2018template<class Derived> const Eigen::CwiseUnaryOp<Eigen::internal::scalar_square_op<typename Derived::Scalar>, const Derived> Eigen::square(const ArrayBase<Derived>&)\u2019\n   91 |   EIGEN_ARRAY_DECLARE_GLOBAL_UNARY(square,scalar_square_op,square (power 2),\\sa Eigen::abs2 DOXCOMMA Eigen::pow DOXCOMMA ArrayBase::square)\n      |                                    ^~~~~~\n/home/spi085/R/x86_64-pc-linux-gnu-library/4.4/RcppEigen/include/Eigen/src/Core/GlobalFunctions.h:32:4: note: in definition of macro \u2018EIGEN_ARRAY_DECLARE_GLOBAL_UNARY\u2019\n   32 |   (NAME)(const Eigen::ArrayBase<Derived>& x) { \\\n      |    ^~~~\n/home/spi085/R/x86_64-pc-linux-gnu-library/4.4/RcppEigen/include/Eigen/src/Core/GlobalFunctions.h:91:36: note:   template argument deduction/substitution failed:\n   91 |   EIGEN_ARRAY_DECLARE_GLOBAL_UNARY(square,scalar_square_op,square (power 2),\\sa Eigen::abs2 DOXCOMMA Eigen::pow DOXCOMMA ArrayBase::square)\n      |                                    ^~~~~~\n/home/spi085/R/x86_64-pc-linux-gnu-library/4.4/RcppEigen/include/Eigen/src/Core/GlobalFunctions.h:32:4: note: in definition of macro \u2018EIGEN_ARRAY_DECLARE_GLOBAL_UNARY\u2019\n   32 |   (NAME)(const Eigen::ArrayBase<Derived>& x) { \\\n      |    ^~~~\nPOPULATIONS/POPULATION_0007/INDIVIDUAL_472TCG35/model.cpp:158:33: note:   \u2018CppAD::AD<CppAD::AD<CppAD::AD<double> > >\u2019 is not derived from \u2018const Eigen::ArrayBase<Derived>\u2019\n  158 |   Type sigma_fast = sqrt( square(exp(log_sigma_obs_fast)) + square(min_sd) );  // Log-normal SD\n      |                           ~~~~~~^~~~~~~~~~~~~~~~~~~~~~~~~\nPOPULATIONS/POPULATION_0007/INDIVIDUAL_472TCG35/model.cpp:158:67: error: no matching function for call to \u2018square(CppAD::AD<CppAD::AD<CppAD::AD<double> > >&)\u2019\n  158 |   Type sigma_fast = sqrt( square(exp(log_sigma_obs_fast)) + square(min_sd) );  // Log-normal SD\n      |                                                             ~~~~~~^~~~~~~~\n/home/spi085/R/x86_64-pc-linux-gnu-library/4.4/RcppEigen/include/Eigen/src/Core/GlobalFunctions.h:91:36: note: candidate: \u2018template<class Derived> const Eigen::CwiseUnaryOp<Eigen::internal::scalar_square_op<typename Derived::Scalar>, const Derived> Eigen::square(const ArrayBase<Derived>&)\u2019\n   91 |   EIGEN_ARRAY_DECLARE_GLOBAL_UNARY(square,scalar_square_op,square (power 2),\\sa Eigen::abs2 DOXCOMMA Eigen::pow DOXCOMMA ArrayBase::square)\n      |                                    ^~~~~~\n/home/spi085/R/x86_64-pc-linux-gnu-library/4.4/RcppEigen/include/Eigen/src/Core/GlobalFunctions.h:32:4: note: in definition of macro \u2018EIGEN_ARRAY_DECLARE_GLOBAL_UNARY\u2019\n   32 |   (NAME)(const Eigen::ArrayBase<Derived>& x) { \\\n      |    ^~~~\n/home/spi085/R/x86_64-pc-linux-gnu-library/4.4/RcppEigen/include/Eigen/src/Core/GlobalFunctions.h:91:36: note:   template argument deduction/substitution failed:\n   91 |   EIGEN_ARRAY_DECLARE_GLOBAL_UNARY(square,scalar_square_op,square (power 2),\\sa Eigen::abs2 DOXCOMMA Eigen::pow DOXCOMMA ArrayBase::square)\n      |                                    ^~~~~~\n/home/spi085/R/x86_64-pc-linux-gnu-library/4.4/RcppEigen/include/Eigen/src/Core/GlobalFunctions.h:32:4: note: in definition of macro \u2018EIGEN_ARRAY_DECLARE_GLOBAL_UNARY\u2019\n   32 |   (NAME)(const Eigen::ArrayBase<Derived>& x) { \\\n      |    ^~~~\nPOPULATIONS/POPULATION_0007/INDIVIDUAL_472TCG35/model.cpp:158:67: note:   \u2018CppAD::AD<CppAD::AD<CppAD::AD<double> > >\u2019 is not derived from \u2018const Eigen::ArrayBase<Derived>\u2019\n  158 |   Type sigma_fast = sqrt( square(exp(log_sigma_obs_fast)) + square(min_sd) );  // Log-normal SD\n      |                                                             ~~~~~~^~~~~~~~\nPOPULATIONS/POPULATION_0007/INDIVIDUAL_472TCG35/model.cpp:159:33: error: no matching function for call to \u2018square(CppAD::AD<CppAD::AD<CppAD::AD<double> > >)\u2019\n  159 |   Type sigma_slow = sqrt( square(exp(log_sigma_obs_slow)) + square(min_sd) );  // Log-normal SD\n      |                           ~~~~~~^~~~~~~~~~~~~~~~~~~~~~~~~\n/home/spi085/R/x86_64-pc-linux-gnu-library/4.4/RcppEigen/include/Eigen/src/Core/GlobalFunctions.h:91:36: note: candidate: \u2018template<class Derived> const Eigen::CwiseUnaryOp<Eigen::internal::scalar_square_op<typename Derived::Scalar>, const Derived> Eigen::square(const ArrayBase<Derived>&)\u2019\n   91 |   EIGEN_ARRAY_DECLARE_GLOBAL_UNARY(square,scalar_square_op,square (power 2),\\sa Eigen::abs2 DOXCOMMA Eigen::pow DOXCOMMA ArrayBase::square)\n      |                                    ^~~~~~\n/home/spi085/R/x86_64-pc-linux-gnu-library/4.4/RcppEigen/include/Eigen/src/Core/GlobalFunctions.h:32:4: note: in definition of macro \u2018EIGEN_ARRAY_DECLARE_GLOBAL_UNARY\u2019\n   32 |   (NAME)(const Eigen::ArrayBase<Derived>& x) { \\\n      |    ^~~~\n/home/spi085/R/x86_64-pc-linux-gnu-library/4.4/RcppEigen/include/Eigen/src/Core/GlobalFunctions.h:91:36: note:   template argument deduction/substitution failed:\n   91 |   EIGEN_ARRAY_DECLARE_GLOBAL_UNARY(square,scalar_square_op,square (power 2),\\sa Eigen::abs2 DOXCOMMA Eigen::pow DOXCOMMA ArrayBase::square)\n      |                                    ^~~~~~\n/home/spi085/R/x86_64-pc-linux-gnu-library/4.4/RcppEigen/include/Eigen/src/Core/GlobalFunctions.h:32:4: note: in definition of macro \u2018EIGEN_ARRAY_DECLARE_GLOBAL_UNARY\u2019\n   32 |   (NAME)(const Eigen::ArrayBase<Derived>& x) { \\\n      |    ^~~~\nPOPULATIONS/POPULATION_0007/INDIVIDUAL_472TCG35/model.cpp:159:33: note:   \u2018CppAD::AD<CppAD::AD<CppAD::AD<double> > >\u2019 is not derived from \u2018const Eigen::ArrayBase<Derived>\u2019\n  159 |   Type sigma_slow = sqrt( square(exp(log_sigma_obs_slow)) + square(min_sd) );  // Log-normal SD\n      |                           ~~~~~~^~~~~~~~~~~~~~~~~~~~~~~~~\nPOPULATIONS/POPULATION_0007/INDIVIDUAL_472TCG35/model.cpp:159:67: error: no matching function for call to \u2018square(CppAD::AD<CppAD::AD<CppAD::AD<double> > >&)\u2019\n  159 |   Type sigma_slow = sqrt( square(exp(log_sigma_obs_slow)) + square(min_sd) );  // Log-normal SD\n      |                                                             ~~~~~~^~~~~~~~\n/home/spi085/R/x86_64-pc-linux-gnu-library/4.4/RcppEigen/include/Eigen/src/Core/GlobalFunctions.h:91:36: note: candidate: \u2018template<class Derived> const Eigen::CwiseUnaryOp<Eigen::internal::scalar_square_op<typename Derived::Scalar>, const Derived> Eigen::square(const ArrayBase<Derived>&)\u2019\n   91 |   EIGEN_ARRAY_DECLARE_GLOBAL_UNARY(square,scalar_square_op,square (power 2),\\sa Eigen::abs2 DOXCOMMA Eigen::pow DOXCOMMA ArrayBase::square)\n      |                                    ^~~~~~\n/home/spi085/R/x86_64-pc-linux-gnu-library/4.4/RcppEigen/include/Eigen/src/Core/GlobalFunctions.h:32:4: note: in definition of macro \u2018EIGEN_ARRAY_DECLARE_GLOBAL_UNARY\u2019\n   32 |   (NAME)(const Eigen::ArrayBase<Derived>& x) { \\\n      |    ^~~~\n/home/spi085/R/x86_64-pc-linux-gnu-library/4.4/RcppEigen/include/Eigen/src/Core/GlobalFunctions.h:91:36: note:   template argument deduction/substitution failed:\n   91 |   EIGEN_ARRAY_DECLARE_GLOBAL_UNARY(square,scalar_square_op,square (power 2),\\sa Eigen::abs2 DOXCOMMA Eigen::pow DOXCOMMA ArrayBase::square)\n      |                                    ^~~~~~\n/home/spi085/R/x86_64-pc-linux-gnu-library/4.4/RcppEigen/include/Eigen/src/Core/GlobalFunctions.h:32:4: note: in definition of macro \u2018EIGEN_ARRAY_DECLARE_GLOBAL_UNARY\u2019\n   32 |   (NAME)(const Eigen::ArrayBase<Derived>& x) { \\\n      |    ^~~~\nPOPULATIONS/POPULATION_0007/INDIVIDUAL_472TCG35/model.cpp:159:67: note:   \u2018CppAD::AD<CppAD::AD<CppAD::AD<double> > >\u2019 is not derived from \u2018const Eigen::ArrayBase<Derived>\u2019\n  159 |   Type sigma_slow = sqrt( square(exp(log_sigma_obs_slow)) + square(min_sd) );  // Log-normal SD\n      |                                                             ~~~~~~^~~~~~~~\nPOPULATIONS/POPULATION_0007/INDIVIDUAL_472TCG35/model.cpp:229:20: error: \u2018posfun\u2019 was not declared in this scope\n  229 |     F_next = posfun(F_next, eps, pen);               // Smoothly enforce F_next >= eps\n      |              ~~~~~~^~~~~~~~~~~~~~~~~~\nPOPULATIONS/POPULATION_0007/INDIVIDUAL_472TCG35/model.cpp:230:20: error: \u2018posfun\u2019 was not declared in this scope, and no declarations were found by argument-dependent lookup at the point of instantiation\n  230 |     S_next = posfun(S_next, eps, pen);               // Smoothly enforce S_next >= eps\n      |              ~~~~~~^~~~~~~~~~~~~~~~~~\nPOPULATIONS/POPULATION_0007/INDIVIDUAL_472TCG35/model.cpp:229:20: note: \u2018posfun\u2019 declared here, later in the translation unit\n  229 |     F_next = posfun(F_next, eps, pen);               // Smoothly enforce F_next >= eps\n      |              ~~~~~~^~~~~~~~~~~~~~~~~~\nPOPULATIONS/POPULATION_0007/INDIVIDUAL_472TCG35/model.cpp:246:20: error: \u2018posfun\u2019 was not declared in this scope, and no declarations were found by argument-dependent lookup at the point of instantiation\n  246 |     N_next = posfun(N_next, eps, pen);             // Enforce N_next >= eps smoothly\n      |              ~~~~~~^~~~~~~~~~~~~~~~~~\nPOPULATIONS/POPULATION_0007/INDIVIDUAL_472TCG35/model.cpp:229:20: note: \u2018posfun\u2019 declared here, later in the translation unit\n  229 |     F_next = posfun(F_next, eps, pen);               // Smoothly enforce F_next >= eps\n      |              ~~~~~~^~~~~~~~~~~~~~~~~~\nPOPULATIONS/POPULATION_0007/INDIVIDUAL_472TCG35/model.cpp:266:23: error: no matching function for call to \u2018square(CppAD::AD<CppAD::AD<CppAD::AD<double> > >&)\u2019\n  266 |     return w * (square(below) + square(above));\n      |                 ~~~~~~^~~~~~~\n/home/spi085/R/x86_64-pc-linux-gnu-library/4.4/RcppEigen/include/Eigen/src/Core/GlobalFunctions.h:91:36: note: candidate: \u2018template<class Derived> const Eigen::CwiseUnaryOp<Eigen::internal::scalar_square_op<typename Derived::Scalar>, const Derived> Eigen::square(const ArrayBase<Derived>&)\u2019\n   91 |   EIGEN_ARRAY_DECLARE_GLOBAL_UNARY(square,scalar_square_op,square (power 2),\\sa Eigen::abs2 DOXCOMMA Eigen::pow DOXCOMMA ArrayBase::square)\n      |                                    ^~~~~~\n/home/spi085/R/x86_64-pc-linux-gnu-library/4.4/RcppEigen/include/Eigen/src/Core/GlobalFunctions.h:32:4: note: in definition of macro \u2018EIGEN_ARRAY_DECLARE_GLOBAL_UNARY\u2019\n   32 |   (NAME)(const Eigen::ArrayBase<Derived>& x) { \\\n      |    ^~~~\n/home/spi085/R/x86_64-pc-linux-gnu-library/4.4/RcppEigen/include/Eigen/src/Core/GlobalFunctions.h:91:36: note:   template argument deduction/substitution failed:\n   91 |   EIGEN_ARRAY_DECLARE_GLOBAL_UNARY(square,scalar_square_op,square (power 2),\\sa Eigen::abs2 DOXCOMMA Eigen::pow DOXCOMMA ArrayBase::square)\n      |                                    ^~~~~~\n/home/spi085/R/x86_64-pc-linux-gnu-library/4.4/RcppEigen/include/Eigen/src/Core/GlobalFunctions.h:32:4: note: in definition of macro \u2018EIGEN_ARRAY_DECLARE_GLOBAL_UNARY\u2019\n   32 |   (NAME)(const Eigen::ArrayBase<Derived>& x) { \\\n      |    ^~~~\nPOPULATIONS/POPULATION_0007/INDIVIDUAL_472TCG35/model.cpp:266:23: note:   \u2018CppAD::AD<CppAD::AD<CppAD::AD<double> > >\u2019 is not derived from \u2018const Eigen::ArrayBase<Derived>\u2019\n  266 |     return w * (square(below) + square(above));\n      |                 ~~~~~~^~~~~~~\nPOPULATIONS/POPULATION_0007/INDIVIDUAL_472TCG35/model.cpp:266:39: error: no matching function for call to \u2018square(CppAD::AD<CppAD::AD<CppAD::AD<double> > >&)\u2019\n  266 |     return w * (square(below) + square(above));\n      |                                 ~~~~~~^~~~~~~\n/home/spi085/R/x86_64-pc-linux-gnu-library/4.4/RcppEigen/include/Eigen/src/Core/GlobalFunctions.h:91:36: note: candidate: \u2018template<class Derived> const Eigen::CwiseUnaryOp<Eigen::internal::scalar_square_op<typename Derived::Scalar>, const Derived> Eigen::square(const ArrayBase<Derived>&)\u2019\n   91 |   EIGEN_ARRAY_DECLARE_GLOBAL_UNARY(square,scalar_square_op,square (power 2),\\sa Eigen::abs2 DOXCOMMA Eigen::pow DOXCOMMA ArrayBase::square)\n      |                                    ^~~~~~\n/home/spi085/R/x86_64-pc-linux-gnu-library/4.4/RcppEigen/include/Eigen/src/Core/GlobalFunctions.h:32:4: note: in definition of macro \u2018EIGEN_ARRAY_DECLARE_GLOBAL_UNARY\u2019\n   32 |   (NAME)(const Eigen::ArrayBase<Derived>& x) { \\\n      |    ^~~~\n/home/spi085/R/x86_64-pc-linux-gnu-library/4.4/RcppEigen/include/Eigen/src/Core/GlobalFunctions.h:91:36: note:   template argument deduction/substitution failed:\n   91 |   EIGEN_ARRAY_DECLARE_GLOBAL_UNARY(square,scalar_square_op,square (power 2),\\sa Eigen::abs2 DOXCOMMA Eigen::pow DOXCOMMA ArrayBase::square)\n      |                                    ^~~~~~\n/home/spi085/R/x86_64-pc-linux-gnu-library/4.4/RcppEigen/include/Eigen/src/Core/GlobalFunctions.h:32:4: note: in definition of macro \u2018EIGEN_ARRAY_DECLARE_GLOBAL_UNARY\u2019\n   32 |   (NAME)(const Eigen::ArrayBase<Derived>& x) { \\\n      |    ^~~~\nPOPULATIONS/POPULATION_0007/INDIVIDUAL_472TCG35/model.cpp:266:39: note:   \u2018CppAD::AD<CppAD::AD<CppAD::AD<double> > >\u2019 is not derived from \u2018const Eigen::ArrayBase<Derived>\u2019\n  266 |     return w * (square(below) + square(above));\n      |                                 ~~~~~~^~~~~~~\nmake: *** [/usr/lib/R/etc/Makeconf:204: POPULATIONS/POPULATION_0007/INDIVIDUAL_472TCG35/model.o] Error 1\nError in TMB::compile(file.path(individual_dir, model_file), flags = flags,  : \n  Compilation failed\nError: Compilation failed\nExecution halted"
    },
    "3": {
      "status": "ERROR",
      "message": "Model failed to compile.",
      "stdout": "g++ -std=gnu++17 -I\"/usr/share/R/include\" -DNDEBUG -I\"/home/spi085/R/x86_64-pc-linux-gnu-library/4.4/TMB/include\" -I\"/home/spi085/R/x86_64-pc-linux-gnu-library/4.4/RcppEigen/include\"   -DTMB_EIGEN_DISABLE_WARNINGS   -DTMB_LIB_INIT=R_init_model  -DCPPAD_FRAMEWORK      -fpic  -O2  -c POPULATIONS/POPULATION_0007/INDIVIDUAL_472TCG35/model.cpp -o POPULATIONS/POPULATION_0007/INDIVIDUAL_472TCG35/model.o",
      "stderr": "Loading required package: TMB\nLoading required package: jsonlite\nusing C++ compiler: \u2018g++ (Ubuntu 13.3.0-6ubuntu2~24.04) 13.3.0\u2019\nPOPULATIONS/POPULATION_0007/INDIVIDUAL_472TCG35/model.cpp: In instantiation of \u2018Type softplus(const Type&) [with Type = CppAD::AD<double>]\u2019:\nPOPULATIONS/POPULATION_0007/INDIVIDUAL_472TCG35/model.cpp:270:26:   required from \u2018Type objective_function<Type>::operator()() [with Type = CppAD::AD<double>]\u2019\n/home/spi085/R/x86_64-pc-linux-gnu-library/4.4/TMB/include/tmb_core.hpp:1312:6:   required from here\nPOPULATIONS/POPULATION_0007/INDIVIDUAL_472TCG35/model.cpp:6:15: error: cannot convert \u2018CppAD::AD<double>\u2019 to \u2018double\u2019\n    6 |   return log1p(exp(x)); // smooth approx to max(0,x)\n      |          ~~~~~^~~~~~~~\n      |               |\n      |               CppAD::AD<double>\nIn file included from /usr/include/c++/13/cmath:47,\n                 from /home/spi085/R/x86_64-pc-linux-gnu-library/4.4/RcppEigen/include/Eigen/src/Core/util/Macros.h:679,\n                 from /home/spi085/R/x86_64-pc-linux-gnu-library/4.4/RcppEigen/include/Eigen/Core:19,\n                 from /home/spi085/R/x86_64-pc-linux-gnu-library/4.4/RcppEigen/include/Eigen/Dense:1,\n                 from /home/spi085/R/x86_64-pc-linux-gnu-library/4.4/TMB/include/TMB.hpp:92,\n                 from POPULATIONS/POPULATION_0007/INDIVIDUAL_472TCG35/model.cpp:1:\n/usr/include/x86_64-linux-gnu/bits/mathcalls.h:122:1: note:   initializing argument 1 of \u2018double log1p(double)\u2019\n  122 | __MATHCALL_VEC (log1p,, (_Mdouble_ __x));\n      | ^\nPOPULATIONS/POPULATION_0007/INDIVIDUAL_472TCG35/model.cpp: In instantiation of \u2018Type softplus(const Type&) [with Type = CppAD::AD<CppAD::AD<double> >]\u2019:\nPOPULATIONS/POPULATION_0007/INDIVIDUAL_472TCG35/model.cpp:270:26:   required from \u2018Type objective_function<Type>::operator()() [with Type = CppAD::AD<CppAD::AD<double> >]\u2019\n/home/spi085/R/x86_64-pc-linux-gnu-library/4.4/TMB/include/tmb_core.hpp:917:29:   required from \u2018Type objective_function<Type>::evalUserTemplate() [with Type = CppAD::AD<CppAD::AD<double> >]\u2019\n/home/spi085/R/x86_64-pc-linux-gnu-library/4.4/TMB/include/tmb_core.hpp:2116:26:   required from here\nPOPULATIONS/POPULATION_0007/INDIVIDUAL_472TCG35/model.cpp:6:15: error: cannot convert \u2018CppAD::AD<CppAD::AD<double> >\u2019 to \u2018double\u2019\n    6 |   return log1p(exp(x)); // smooth approx to max(0,x)\n      |          ~~~~~^~~~~~~~\n      |               |\n      |               CppAD::AD<CppAD::AD<double> >\n/usr/include/x86_64-linux-gnu/bits/mathcalls.h:122:1: note:   initializing argument 1 of \u2018double log1p(double)\u2019\n  122 | __MATHCALL_VEC (log1p,, (_Mdouble_ __x));\n      | ^\nPOPULATIONS/POPULATION_0007/INDIVIDUAL_472TCG35/model.cpp: In instantiation of \u2018Type softplus(const Type&) [with Type = CppAD::AD<CppAD::AD<CppAD::AD<double> > >]\u2019:\nPOPULATIONS/POPULATION_0007/INDIVIDUAL_472TCG35/model.cpp:270:26:   required from \u2018Type objective_function<Type>::operator()() [with Type = CppAD::AD<CppAD::AD<CppAD::AD<double> > >]\u2019\n/home/spi085/R/x86_64-pc-linux-gnu-library/4.4/TMB/include/tmb_core.hpp:917:29:   required from \u2018Type objective_function<Type>::evalUserTemplate() [with Type = CppAD::AD<CppAD::AD<CppAD::AD<double> > >]\u2019\n/home/spi085/R/x86_64-pc-linux-gnu-library/4.4/TMB/include/tmb_core.hpp:2365:28:   required from here\nPOPULATIONS/POPULATION_0007/INDIVIDUAL_472TCG35/model.cpp:6:15: error: cannot convert \u2018CppAD::AD<CppAD::AD<CppAD::AD<double> > >\u2019 to \u2018double\u2019\n    6 |   return log1p(exp(x)); // smooth approx to max(0,x)\n      |          ~~~~~^~~~~~~~\n      |               |\n      |               CppAD::AD<CppAD::AD<CppAD::AD<double> > >\n/usr/include/x86_64-linux-gnu/bits/mathcalls.h:122:1: note:   initializing argument 1 of \u2018double log1p(double)\u2019\n  122 | __MATHCALL_VEC (log1p,, (_Mdouble_ __x));\n      | ^\nmake: *** [/usr/lib/R/etc/Makeconf:204: POPULATIONS/POPULATION_0007/INDIVIDUAL_472TCG35/model.o] Error 1\nError in TMB::compile(file.path(individual_dir, model_file), flags = flags,  : \n  Compilation failed\nError: Compilation failed\nExecution halted"
    },
    "4": {
      "status": "SUCCESS",
      "objective_value": 0.4261,
      "model_summary": [
        "            Length Class  Mode     ",
        "par         30     -none- numeric  ",
        "objective    1     -none- numeric  ",
        "convergence  1     -none- numeric  ",
        "iterations   1     -none- numeric  ",
        "evaluations  2     -none- numeric  ",
        "message      1     -none- character"
      ],
      "model_report": {
        "cots_pred": [
          0.2615,
          0.3105,
          0.3811,
          0.4745,
          0.5254,
          0.6055,
          0.6797,
          0.7065,
          0.716,
          0.7247,
          1.171,
          0.8499,
          1.2488,
          1.0425,
          0.7522,
          0.6122,
          0.5898,
          0.5902,
          0.5961,
          0.4107,
          0.3282,
          0.2869,
          0.2777,
          0.2939,
          0.3356,
          0.377
        ],
        "fast_pred": [
          10.0694,
          13.0621,
          16.2,
          19.1069,
          21.2884,
          23.0629,
          23.9554,
          23.9764,
          23.6831,
          23.2809,
          22.7799,
          18.312,
          16.6894,
          12.8528,
          10.6352,
          10.065,
          10.3072,
          10.1449,
          2.3149,
          3.0851,
          4.2069,
          5.7013,
          7.6155,
          9.9433,
          12.6048,
          15.3808
        ],
        "slow_pred": [
          12.7726,
          12.7594,
          12.7125,
          12.6177,
          12.4605,
          12.2709,
          12.0314,
          11.7483,
          11.4543,
          11.1612,
          10.87,
          10.3304,
          9.9924,
          9.4572,
          9.0551,
          8.8111,
          8.6406,
          8.1794,
          3.5788,
          3.5579,
          3.5597,
          3.5714,
          3.5881,
          3.6059,
          3.6216,
          3.632
        ]
      },
      "plot_data": {
        "cots_pred": {
          "Year": [
            1980,
            1981,
            1982,
            1983,
            1984,
            1985,
            1986,
            1987,
            1988,
            1989,
            1990,
            1991,
            1992,
            1993,
            1994,
            1995,
            1996,
            1997,
            1998,
            1999,
            2000,
            2001,
            2002,
            2003,
            2004,
            2005
          ],
          "Modeled": [
            0.2615,
            0.3105,
            0.3811,
            0.4745,
            0.5254,
            0.6055,
            0.6797,
            0.7065,
            0.716,
            0.7247,
            1.171,
            0.8499,
            1.2488,
            1.0425,
            0.7522,
            0.6122,
            0.5898,
            0.5902,
            0.5961,
            0.4107,
            0.3282,
            0.2869,
            0.2777,
            0.2939,
            0.3356,
            0.377
          ],
          "Observed": [
            0.2615,
            0.5498,
            0.7268,
            0.5523,
            0.8281,
            0.547,
            0.758,
            0.6288,
            0.4762,
            0.6466,
            0.9107,
            2.152,
            0.6446,
            1.6723,
            0.4766,
            0.8075,
            0.3635,
            0.3728,
            0.6173,
            0.3107,
            0.256,
            0.2984,
            0.3362,
            0.2878,
            0.3221,
            0.4308
          ]
        },
        "fast_pred": {
          "Year": [
            1980,
            1981,
            1982,
            1983,
            1984,
            1985,
            1986,
            1987,
            1988,
            1989,
            1990,
            1991,
            1992,
            1993,
            1994,
            1995,
            1996,
            1997,
            1998,
            1999,
            2000,
            2001,
            2002,
            2003,
            2004,
            2005
          ],
          "Modeled": [
            10.0694,
            13.0621,
            16.2,
            19.1069,
            21.2884,
            23.0629,
            23.9554,
            23.9764,
            23.6831,
            23.2809,
            22.7799,
            18.312,
            16.6894,
            12.8528,
            10.6352,
            10.065,
            10.3072,
            10.1449,
            2.3149,
            3.0851,
            4.2069,
            5.7013,
            7.6155,
            9.9433,
            12.6048,
            15.3808
          ],
          "Observed": [
            10.0694,
            17.7236,
            23.8276,
            19.4181,
            15.6354,
            32.4596,
            21.5567,
            34.1938,
            18.8708,
            27.3176,
            44.3301,
            13.3275,
            11.3741,
            8.3362,
            15.207,
            12.443,
            11.0666,
            10.6442,
            2.3628,
            2.76,
            3.7236,
            7.0355,
            10.2239,
            8.4754,
            9.0819,
            13.7314
          ]
        },
        "slow_pred": {
          "Year": [
            1980,
            1981,
            1982,
            1983,
            1984,
            1985,
            1986,
            1987,
            1988,
            1989,
            1990,
            1991,
            1992,
            1993,
            1994,
            1995,
            1996,
            1997,
            1998,
            1999,
            2000,
            2001,
            2002,
            2003,
            2004,
            2005
          ],
          "Modeled": [
            12.7726,
            12.7594,
            12.7125,
            12.6177,
            12.4605,
            12.2709,
            12.0314,
            11.7483,
            11.4543,
            11.1612,
            10.87,
            10.3304,
            9.9924,
            9.4572,
            9.0551,
            8.8111,
            8.6406,
            8.1794,
            3.5788,
            3.5579,
            3.5597,
            3.5714,
            3.5881,
            3.6059,
            3.6216,
            3.632
          ],
          "Observed": [
            12.7726,
            16.4147,
            12.7773,
            12.2798,
            15.1152,
            12.8194,
            10.4631,
            9.7251,
            13.2014,
            16.4512,
            11.1393,
            18.0832,
            11.5223,
            8.51,
            9.1622,
            5.3353,
            8.6044,
            7.2781,
            2.629,
            4.6951,
            1.5948,
            5.2172,
            2.6041,
            3.3618,
            7.3289,
            4.4014
          ]
        }
      },
      "stdout": "g++ -std=gnu++17 -I\"/usr/share/R/include\" -DNDEBUG -I\"/home/spi085/R/x86_64-pc-linux-gnu-library/4.4/TMB/include\" -I\"/home/spi085/R/x86_64-pc-linux-gnu-library/4.4/RcppEigen/include\"   -DTMB_EIGEN_DISABLE_WARNINGS   -DTMB_LIB_INIT=R_init_model  -DCPPAD_FRAMEWORK      -fpic  -O2  -c POPULATIONS/POPULATION_0007/INDIVIDUAL_472TCG35/model.cpp -o POPULATIONS/POPULATION_0007/INDIVIDUAL_472TCG35/model.o\ng++ -std=gnu++17 -shared -L/usr/lib/R/lib -Wl,-Bsymbolic-functions -flto=auto -ffat-lto-objects -Wl,-z,relro -o POPULATIONS/POPULATION_0007/INDIVIDUAL_472TCG35/model.so POPULATIONS/POPULATION_0007/INDIVIDUAL_472TCG35/model.o -L/usr/lib/R/lib -lR\n\nNA counts per required column:\n       Year    cots_dat    fast_dat    slow_dat     sst_dat cotsimm_dat \n          0           0           0           0           0           0 \n\nOut-of-range checks:\nAny cots_dat < 0?  FALSE \nAny fast_dat outside [0,100]?  FALSE \nAny slow_dat outside [0,100]?  FALSE \n\nPARAMETER starts (first few):\n    log_b_max      epsN_raw     log_a_max pref_fast_raw       log_H_f \n    0.4050000     0.0000000     1.6090000     1.0000000     2.3025851 \n      log_H_s        log_m0        log_mD   log_m_starv    log_K_cots \n    2.9957323    -0.6931472    -2.9957323    -0.2231436     1.0986123 \n    log_k_imm    T_ref_cots \n   -0.6931472    27.0000000 \nStarting model phases\nNumber of phases: 3 \nPhase 1 \nInitial parameter values for phase 1 :\n         log_b_max             log_m0          log_k_imm            log_r_f \n         0.4050000         -0.6931472         -0.6931472         -0.2231436 \n           log_r_s log_sigma_obs_cots log_sigma_obs_fast log_sigma_obs_slow \n        -1.2039728         -1.6094379         -1.8971200         -1.8971200 \nFinal parameter values for phase 1 :\n         log_b_max             log_m0          log_k_imm            log_r_f \n         0.9887567         -6.9000000         -0.9597871         -0.9105700 \n           log_r_s log_sigma_obs_cots log_sigma_obs_fast log_sigma_obs_slow \n        -4.5512693         -0.0836166         -0.8222498         -1.0605830 \nConvergence message: relative convergence (4) \nNumber of iterations: 47 \nObjective function value: 60.05828 \nGradient at solution for phase 1 :\n              [,1]       [,2]         [,3]          [,4]         [,5]\n[1,] -2.382644e-05 0.02826462 -5.90266e-06 -0.0001172939 6.497741e-06\n              [,6]         [,7]          [,8]\n[1,] -1.592574e-05 5.463232e-05 -3.310506e-06\nPhase 2 \nInitial parameter values for phase 2 :\n          epsN_raw          log_a_max             log_mD        log_m_starv \n         0.0000000          1.6090000         -2.9957323         -0.2231436 \n          T_bleach   log_slope_bleach log_m_bleach_f_max log_m_bleach_s_max \n        30.0000000          0.4054651         -0.5108256         -1.2039728 \n           K_f_raw            K_s_raw \n         0.4054651          0.0000000 \nFinal parameter values for phase 2 :\n          epsN_raw          log_a_max             log_mD        log_m_starv \n        -1.2627700          2.5780633         -1.2231266         -1.9769653 \n          T_bleach   log_slope_bleach log_m_bleach_f_max log_m_bleach_s_max \n        30.3388633          2.3000000         -0.2814435         -0.7527019 \n           K_f_raw            K_s_raw \n         1.0108559          5.0000000 \nConvergence message: relative convergence (4) \nNumber of iterations: 58 \nObjective function value: 41.92594 \nGradient at solution for phase 2 :\n             [,1]         [,2]          [,3]          [,4]         [,5]\n[1,] 2.923228e-05 5.519757e-05 -2.647644e-05 -1.213934e-05 -3.12266e-05\n             [,6]         [,7]         [,8]         [,9]        [,10]\n[1,] -0.006363007 5.046065e-05 1.001395e-05 -1.23299e-05 -0.002013524\nPhase 3 \nInitial parameter values for phase 3 :\n     pref_fast_raw            log_H_f            log_H_s         log_K_cots \n         1.0000000          2.3025851          2.9957323          1.0986123 \n        T_ref_cots beta_temp_cots_raw   log_T_scale_cots       alpha_fs_raw \n        27.0000000         -0.8472979          0.0000000          0.0000000 \n      alpha_sf_raw     eps_pred_f_raw     eps_pred_s_raw         log_q_plus \n         0.0000000          2.1972246          0.8472979          0.0000000 \nFinal parameter values for phase 3 :\n     pref_fast_raw            log_H_f            log_H_s         log_K_cots \n        2.75181433         2.41135528         2.07774668         0.26789361 \n        T_ref_cots beta_temp_cots_raw   log_T_scale_cots       alpha_fs_raw \n       26.10065858         0.60718434         2.30000000        -5.00000000 \n      alpha_sf_raw     eps_pred_f_raw     eps_pred_s_raw         log_q_plus \n       -5.00000000         2.99490828         5.00000000         0.09224476 \nConvergence message: relative convergence (4) \nNumber of iterations: 102 \nObjective function value: 40.14633 \nGradient at solution for phase 3 :\n              [,1]          [,2]          [,3]         [,4]          [,5]\n[1,] -1.158814e-06 -8.333929e-05 -8.396918e-06 1.292545e-05 -1.868653e-06\n            [,6]          [,7]        [,8]      [,9]        [,10]         [,11]\n[1,] 5.07393e-07 -0.0008070309 0.008065544 0.0007824 3.861018e-06 -7.213837e-05\n            [,12]\n[1,] 9.249631e-06\nFinal Phase\nInitial parameter values for final phase:\n         log_b_max           epsN_raw          log_a_max      pref_fast_raw \n        0.98875674        -1.26277002         2.57806328         2.75181433 \n           log_H_f            log_H_s             log_m0             log_mD \n        2.41135528         2.07774668        -6.90000000        -1.22312665 \n       log_m_starv         log_K_cots          log_k_imm         T_ref_cots \n       -1.97696531         0.26789361        -0.95978705        26.10065858 \nbeta_temp_cots_raw   log_T_scale_cots           T_bleach   log_slope_bleach \n        0.60718434         2.30000000        30.33886331         2.30000000 \nlog_m_bleach_f_max log_m_bleach_s_max            log_r_f            log_r_s \n       -0.28144354        -0.75270186        -0.91056996        -4.55126927 \n           K_f_raw            K_s_raw       alpha_fs_raw       alpha_sf_raw \n        1.01085593         5.00000000        -5.00000000        -5.00000000 \n    eps_pred_f_raw     eps_pred_s_raw         log_q_plus log_sigma_obs_cots \n        2.99490828         5.00000000         0.09224476        -0.08361660 \nlog_sigma_obs_fast log_sigma_obs_slow \n       -0.82224981        -1.06058299 \nFinal parameter values for final phase:\n         log_b_max           epsN_raw          log_a_max      pref_fast_raw \n        1.06094846        -1.22162878         3.32480362         3.12527072 \n           log_H_f            log_H_s             log_m0             log_mD \n        2.14859275         2.34539357        -6.90000000        -0.81358065 \n       log_m_starv         log_K_cots          log_k_imm         T_ref_cots \n       -2.54367311        -0.04876267        -1.16702722        26.10016588 \nbeta_temp_cots_raw   log_T_scale_cots           T_bleach   log_slope_bleach \n        0.58248812         2.30000000        30.46770952         2.29927682 \nlog_m_bleach_f_max log_m_bleach_s_max            log_r_f            log_r_s \n       -0.21185432        -0.60717663        -0.32859419        -4.19528141 \n           K_f_raw            K_s_raw       alpha_fs_raw       alpha_sf_raw \n        0.85827779         5.00000000        -5.00000000        -5.00000000 \n    eps_pred_f_raw     eps_pred_s_raw         log_q_plus log_sigma_obs_cots \n        3.04496935         4.97254282        -0.01140388        -0.96157023 \nlog_sigma_obs_fast log_sigma_obs_slow \n       -1.26590921        -1.17324091 \nConvergence message: iteration limit reached without convergence (10) \nNumber of iterations: 150 \nObjective function value: 22.0675 \nGradient at solution for final phase:\n          [,1]      [,2]      [,3]       [,4]     [,5]       [,6]        [,7]\n[1,] -1.926949 -1.488279 -1.447644 -0.2336307 2.117094 -0.1607237 0.009434971\n          [,8]      [,9]      [,10]     [,11]    [,12]      [,13]       [,14]\n[1,] 0.8877775 0.4269911 -0.1757094 0.0646139 0.111684 0.03164508 -0.06831175\n        [,15]      [,16]     [,17]     [,18]     [,19]      [,20]    [,21]\n[1,] 0.336421 0.07336415 -1.545154 0.2541038 0.4038054 -0.7180529 0.300752\n             [,22]      [,23]       [,24]       [,25]        [,26]    [,27]\n[1,] -0.0003983412 0.01240148 0.001287207 -0.07228399 0.0009854804 0.148398\n        [,28]    [,29]    [,30]\n[1,] 1.059697 1.186072 0.110739\nAll phases completed\nSuccessfully updated parameters_metadata.json with optimized values\n[1] \"Train test split:\"\n[1] 0.7\n\nRunning model validation...\n[1] \"look here\"\n   Year\n1  1980\n2  1981\n3  1982\n4  1983\n5  1984\n6  1985\n7  1986\n8  1987\n9  1988\n10 1989\n11 1990\n12 1991\n13 1992\n14 1993\n15 1994\n16 1995\n17 1996\n18 1997\n19 1998\n20 1999\n21 2000\n22 2001\n23 2002\n24 2003\n25 2004\n26 2005\n   cots_dat..Adult.Class.Crown.of.thorns.starfish.abundance.in.individuals.m2.\n1                                                                    0.2615042\n2                                                                    0.5498196\n3                                                                    0.7268086\n4                                                                    0.5522907\n5                                                                    0.8281210\n6                                                                    0.5470078\n7                                                                    0.7580244\n8                                                                    0.6287678\n9                                                                    0.4761596\n10                                                                   0.6465779\n11                                                                   0.9107070\n12                                                                   2.1519930\n13                                                                   0.6446117\n14                                                                   1.6723480\n15                                                                   0.4765907\n16                                                                   0.8075009\n17                                                                   0.3634731\n18                                                                   0.3727647\n19                                                                   0.6172546\n20                                                                   0.3106559\n21                                                                   0.2560048\n22                                                                   0.2983628\n23                                                                   0.3362447\n24                                                                   0.2878112\n25                                                                   0.3220782\n26                                                                   0.4308113\n   fast_dat..Fast.growing.coral..Acropora.spp...cover.in...\n1                                                 10.069386\n2                                                 17.723573\n3                                                 23.827578\n4                                                 19.418118\n5                                                 15.635417\n6                                                 32.459609\n7                                                 21.556739\n8                                                 34.193850\n9                                                 18.870792\n10                                                27.317593\n11                                                44.330127\n12                                                13.327491\n13                                                11.374120\n14                                                 8.336190\n15                                                15.206950\n16                                                12.443031\n17                                                11.066606\n18                                                10.644162\n19                                                 2.362755\n20                                                 2.760007\n21                                                 3.723647\n22                                                 7.035517\n23                                                10.223949\n24                                                 8.475412\n25                                                 9.081878\n26                                                13.731449\n   slow_dat..Slow.growing.coral..Faviidae.spp..and.Porities.spp...cover.in...\n1                                                                   12.772605\n2                                                                   16.414745\n3                                                                   12.777292\n4                                                                   12.279754\n5                                                                   15.115161\n6                                                                   12.819409\n7                                                                   10.463078\n8                                                                    9.725137\n9                                                                   13.201352\n10                                                                  16.451200\n11                                                                  11.139259\n12                                                                  18.083162\n13                                                                  11.522349\n14                                                                   8.509987\n15                                                                   9.162216\n16                                                                   5.335342\n17                                                                   8.604409\n18                                                                   7.278116\n19                                                                   2.629035\n20                                                                   4.695132\n21                                                                   1.594753\n22                                                                   5.217158\n23                                                                   2.604070\n24                                                                   3.361801\n25                                                                   7.328911\n26                                                                   4.401384\n[1] \"time col\"\n[1] \"Year\"\n[1] \"look here\"\n   Year  cots_dat  fast_dat  slow_dat sst_dat cotsimm_dat\n1  1980 0.2615042 10.069386 12.772605    28.1         0.0\n2  1981 0.5498196 17.723573 16.414745    28.2         0.0\n3  1982 0.7268086 23.827578 12.777292    29.2         0.0\n4  1983 0.5522907 19.418118 12.279754    24.9         0.0\n5  1984 0.8281210 15.635417 15.115161    27.8         0.0\n6  1985 0.5470078 32.459609 12.819409    28.6         0.0\n7  1986 0.7580244 21.556739 10.463078    26.9         0.0\n8  1987 0.6287678 34.193850  9.725137    26.5         0.0\n9  1988 0.4761596 18.870792 13.201352    26.8         0.0\n10 1989 0.6465779 27.317593 16.451200    25.2         1.5\n11 1990 0.9107070 44.330127 11.139259    26.3         0.0\n12 1991 2.1519930 13.327491 18.083162    25.9         1.6\n13 1992 0.6446117 11.374120 11.522349    26.9         0.7\n14 1993 1.6723480  8.336190  8.509987    25.8         0.0\n15 1994 0.4765907 15.206950  9.162216    23.2         0.0\n16 1995 0.8075009 12.443031  5.335342    28.9         0.0\n17 1996 0.3634731 11.066606  8.604409    30.2         0.0\n18 1997 0.3727647 10.644162  7.278116    31.4         0.0\n19 1998 0.6172546  2.362755  2.629035    25.4         0.0\n20 1999 0.3106559  2.760007  4.695132    25.7         0.0\n21 2000 0.2560048  3.723647  1.594753    24.5         0.0\n22 2001 0.2983628  7.035517  5.217158    26.1         0.0\n23 2002 0.3362447 10.223949  2.604070    26.8         0.0\n24 2003 0.2878112  8.475412  3.361801    27.8         0.0\n25 2004 0.3220782  9.081878  7.328911    25.1         0.0\n26 2005 0.4308113 13.731449  4.401384    26.3         0.0\n\nValidation Results Summary:\n\n cots :\n  RMSE: 0.053 \n  MAE: 0.042 \n  R\u00b2: 0.769 \n\n fast :\n  RMSE: 1.81 \n  MAE: 1.43 \n  R\u00b2: 0.845 \n\n slow :\n  RMSE: 1.737 \n  MAE: 1.425 \n  R\u00b2: 0.197 \n\nDEBUG: Report contents:\nList of 3\n $ cots_pred: num [1:26] 0.262 0.311 0.381 0.474 0.525 ...\n $ fast_pred: num [1:26] 10.1 13.1 16.2 19.1 21.3 ...\n $ slow_pred: num [1:26] 12.8 12.8 12.7 12.6 12.5 ...\nNULL\n\nDEBUG: Available variables in report:\n[1] \"cots_pred\" \"fast_pred\" \"slow_pred\"\n\nChecking predictions and calculating objective function...\n\nDEBUG: Processing cots_pred \nDEBUG: First few predictions: 0.2615042 0.3105262 0.3810721 0.4744591 0.5254227 0.6054914 \nDEBUG: Summary statistics:\n   Min. 1st Qu.  Median    Mean 3rd Qu.    Max. \n 0.2615  0.3459  0.5900  0.5826  0.7136  1.2488 \nDEBUG: All zeros? FALSE \nDEBUG: Any infinities? FALSE \n\nDEBUG: Processing fast_pred \nDEBUG: First few predictions: 10.06939 13.06209 16.2 19.10695 21.2884 23.0629 \nDEBUG: Summary statistics:\n   Min. 1st Qu.  Median    Mean 3rd Qu.    Max. \n  2.315  10.066  12.957  14.243  20.743  23.976 \nDEBUG: All zeros? FALSE \nDEBUG: Any infinities? FALSE \n\nDEBUG: Processing slow_pred \nDEBUG: First few predictions: 12.77261 12.75938 12.71254 12.61771 12.46048 12.27091 \nDEBUG: Summary statistics:\n   Min. 1st Qu.  Median    Mean 3rd Qu.    Max. \n  3.558   3.624   9.725   8.694  11.961  12.773 \nDEBUG: All zeros? FALSE \nDEBUG: Any infinities? FALSE \n\nDEBUG: Using the following variables for objective function:\ncots_dat -> cots_pred\nfast_dat -> fast_pred\nslow_dat -> slow_pred\n\nDEBUG: Calculating MSE for prediction variables only:\n\nDEBUG: cots_pred \nObserved: 0.2615042 0.5498196 0.7268086 0.5522907 0.828121 0.5470078 ...\nPredicted: 0.2615042 0.3105262 0.3810721 0.4744591 0.5254227 0.6054914 ...\nMSE (normalized): 0.6497503 \n\nDEBUG: fast_pred \nObserved: 10.06939 17.72357 23.82758 19.41812 15.63542 32.45961 ...\nPredicted: 10.06939 13.06209 16.2 19.10695 21.2884 23.0629 ...\nMSE (normalized): 0.35256 \n\nDEBUG: slow_pred \nObserved: 12.77261 16.41474 12.77729 12.27975 15.11516 12.81941 ...\nPredicted: 12.77261 12.75938 12.71254 12.61771 12.46048 12.27091 ...\nMSE (normalized): 0.2758542 \n\nDEBUG: MSE values:\n cots_dat  fast_dat  slow_dat \n0.6497503 0.3525600 0.2758542 \n\nDEBUG: Final objective value (mean of MSEs): 0.4260549 \n\nFinal objective function value: 0.4260549 \n\nJSON_REPORT_START\n{\n  \"status\": \"SUCCESS\",\n  \"objective_value\": 0.4261,\n  \"model_summary\": [\"            Length Class  Mode     \", \"par         30     -none- numeric  \", \"objective    1     -none- numeric  \", \"convergence  1     -none- numeric  \", \"iterations   1     -none- numeric  \", \"evaluations  2     -none- numeric  \", \"message      1     -none- character\"],\n  \"model_report\": {\n    \"cots_pred\": [0.2615, 0.3105, 0.3811, 0.4745, 0.5254, 0.6055, 0.6797, 0.7065, 0.716, 0.7247, 1.171, 0.8499, 1.2488, 1.0425, 0.7522, 0.6122, 0.5898, 0.5902, 0.5961, 0.4107, 0.3282, 0.2869, 0.2777, 0.2939, 0.3356, 0.377],\n    \"fast_pred\": [10.0694, 13.0621, 16.2, 19.1069, 21.2884, 23.0629, 23.9554, 23.9764, 23.6831, 23.2809, 22.7799, 18.312, 16.6894, 12.8528, 10.6352, 10.065, 10.3072, 10.1449, 2.3149, 3.0851, 4.2069, 5.7013, 7.6155, 9.9433, 12.6048, 15.3808],\n    \"slow_pred\": [12.7726, 12.7594, 12.7125, 12.6177, 12.4605, 12.2709, 12.0314, 11.7483, 11.4543, 11.1612, 10.87, 10.3304, 9.9924, 9.4572, 9.0551, 8.8111, 8.6406, 8.1794, 3.5788, 3.5579, 3.5597, 3.5714, 3.5881, 3.6059, 3.6216, 3.632]\n  },\n  \"plot_data\": {\n    \"cots_pred\": {\n      \"Year\": [1980, 1981, 1982, 1983, 1984, 1985, 1986, 1987, 1988, 1989, 1990, 1991, 1992, 1993, 1994, 1995, 1996, 1997, 1998, 1999, 2000, 2001, 2002, 2003, 2004, 2005],\n      \"Modeled\": [0.2615, 0.3105, 0.3811, 0.4745, 0.5254, 0.6055, 0.6797, 0.7065, 0.716, 0.7247, 1.171, 0.8499, 1.2488, 1.0425, 0.7522, 0.6122, 0.5898, 0.5902, 0.5961, 0.4107, 0.3282, 0.2869, 0.2777, 0.2939, 0.3356, 0.377],\n      \"Observed\": [0.2615, 0.5498, 0.7268, 0.5523, 0.8281, 0.547, 0.758, 0.6288, 0.4762, 0.6466, 0.9107, 2.152, 0.6446, 1.6723, 0.4766, 0.8075, 0.3635, 0.3728, 0.6173, 0.3107, 0.256, 0.2984, 0.3362, 0.2878, 0.3221, 0.4308]\n    },\n    \"fast_pred\": {\n      \"Year\": [1980, 1981, 1982, 1983, 1984, 1985, 1986, 1987, 1988, 1989, 1990, 1991, 1992, 1993, 1994, 1995, 1996, 1997, 1998, 1999, 2000, 2001, 2002, 2003, 2004, 2005],\n      \"Modeled\": [10.0694, 13.0621, 16.2, 19.1069, 21.2884, 23.0629, 23.9554, 23.9764, 23.6831, 23.2809, 22.7799, 18.312, 16.6894, 12.8528, 10.6352, 10.065, 10.3072, 10.1449, 2.3149, 3.0851, 4.2069, 5.7013, 7.6155, 9.9433, 12.6048, 15.3808],\n      \"Observed\": [10.0694, 17.7236, 23.8276, 19.4181, 15.6354, 32.4596, 21.5567, 34.1938, 18.8708, 27.3176, 44.3301, 13.3275, 11.3741, 8.3362, 15.207, 12.443, 11.0666, 10.6442, 2.3628, 2.76, 3.7236, 7.0355, 10.2239, 8.4754, 9.0819, 13.7314]\n    },\n    \"slow_pred\": {\n      \"Year\": [1980, 1981, 1982, 1983, 1984, 1985, 1986, 1987, 1988, 1989, 1990, 1991, 1992, 1993, 1994, 1995, 1996, 1997, 1998, 1999, 2000, 2001, 2002, 2003, 2004, 2005],\n      \"Modeled\": [12.7726, 12.7594, 12.7125, 12.6177, 12.4605, 12.2709, 12.0314, 11.7483, 11.4543, 11.1612, 10.87, 10.3304, 9.9924, 9.4572, 9.0551, 8.8111, 8.6406, 8.1794, 3.5788, 3.5579, 3.5597, 3.5714, 3.5881, 3.6059, 3.6216, 3.632],\n      \"Observed\": [12.7726, 16.4147, 12.7773, 12.2798, 15.1152, 12.8194, 10.4631, 9.7251, 13.2014, 16.4512, 11.1393, 18.0832, 11.5223, 8.51, 9.1622, 5.3353, 8.6044, 7.2781, 2.629, 4.6951, 1.5948, 5.2172, 2.6041, 3.3618, 7.3289, 4.4014]\n    }\n  }\n}\nJSON_REPORT_END",
      "stderr": "Loading required package: TMB\nLoading required package: jsonlite\nusing C++ compiler: \u2018g++ (Ubuntu 13.3.0-6ubuntu2~24.04) 13.3.0\u2019\nWarning message:\n`aes_string()` was deprecated in ggplot2 3.0.0.\n\u2139 Please use tidy evaluation idioms with `aes()`.\n\u2139 See also `vignette(\"ggplot2-in-packages\")` for more information."
    },
    "5": {
      "status": "SUCCESS",
      "objective_value": 0.4261
    },
    "6": {
      "status": "SUCCESS",
      "objective_value": 261.2498,
      "model_summary": [
        "            Length Class  Mode     ",
        "par         30     -none- numeric  ",
        "objective    1     -none- numeric  ",
        "convergence  1     -none- numeric  ",
        "iterations   1     -none- numeric  ",
        "evaluations  2     -none- numeric  ",
        "message      1     -none- character"
      ],
      "model_report": {
        "cots_pred": [
          0.2615,
          1.018,
          3.926,
          13.5703,
          26.9313,
          25.0036,
          26.149,
          21.0688,
          21.0845,
          16.0297,
          10.6476,
          5.5,
          1.7893,
          0.6028,
          0.3294,
          0.3163,
          0.5062,
          1.0344,
          2.3848,
          4.4919,
          8.05,
          11.3652,
          11.905,
          9.1354,
          5.2449,
          1.4948
        ],
        "fast_pred": [
          10.0694,
          10.4033,
          10.6308,
          10.4776,
          9.2145,
          6.6991,
          4.5494,
          2.6226,
          1.3991,
          0.6153,
          0.3058,
          0.199,
          0.1656,
          0.1615,
          0.1654,
          0.1711,
          0.1771,
          0.1741,
          0.1059,
          0.1016,
          0.0902,
          0.0709,
          0.0508,
          0.0368,
          0.0298,
          0.0271
        ],
        "slow_pred": [
          12.7726,
          16.5605,
          20.6865,
          23.9561,
          23.3967,
          18.462,
          14.3089,
          10.088,
          7.0556,
          4.3078,
          2.5589,
          1.6238,
          1.3096,
          1.4796,
          1.9201,
          2.5751,
          3.4614,
          4.4753,
          4.4242,
          5.1948,
          5.4981,
          4.9266,
          3.6843,
          2.4494,
          1.6693,
          1.3809
        ]
      },
      "plot_data": {
        "cots_pred": {
          "Year": [
            1980,
            1981,
            1982,
            1983,
            1984,
            1985,
            1986,
            1987,
            1988,
            1989,
            1990,
            1991,
            1992,
            1993,
            1994,
            1995,
            1996,
            1997,
            1998,
            1999,
            2000,
            2001,
            2002,
            2003,
            2004,
            2005
          ],
          "Modeled": [
            0.2615,
            1.018,
            3.926,
            13.5703,
            26.9313,
            25.0036,
            26.149,
            21.0688,
            21.0845,
            16.0297,
            10.6476,
            5.5,
            1.7893,
            0.6028,
            0.3294,
            0.3163,
            0.5062,
            1.0344,
            2.3848,
            4.4919,
            8.05,
            11.3652,
            11.905,
            9.1354,
            5.2449,
            1.4948
          ],
          "Observed": [
            0.2615,
            0.5498,
            0.7268,
            0.5523,
            0.8281,
            0.547,
            0.758,
            0.6288,
            0.4762,
            0.6466,
            0.9107,
            2.152,
            0.6446,
            1.6723,
            0.4766,
            0.8075,
            0.3635,
            0.3728,
            0.6173,
            0.3107,
            0.256,
            0.2984,
            0.3362,
            0.2878,
            0.3221,
            0.4308
          ]
        },
        "fast_pred": {
          "Year": [
            1980,
            1981,
            1982,
            1983,
            1984,
            1985,
            1986,
            1987,
            1988,
            1989,
            1990,
            1991,
            1992,
            1993,
            1994,
            1995,
            1996,
            1997,
            1998,
            1999,
            2000,
            2001,
            2002,
            2003,
            2004,
            2005
          ],
          "Modeled": [
            10.0694,
            10.4033,
            10.6308,
            10.4776,
            9.2145,
            6.6991,
            4.5494,
            2.6226,
            1.3991,
            0.6153,
            0.3058,
            0.199,
            0.1656,
            0.1615,
            0.1654,
            0.1711,
            0.1771,
            0.1741,
            0.1059,
            0.1016,
            0.0902,
            0.0709,
            0.0508,
            0.0368,
            0.0298,
            0.0271
          ],
          "Observed": [
            10.0694,
            17.7236,
            23.8276,
            19.4181,
            15.6354,
            32.4596,
            21.5567,
            34.1938,
            18.8708,
            27.3176,
            44.3301,
            13.3275,
            11.3741,
            8.3362,
            15.207,
            12.443,
            11.0666,
            10.6442,
            2.3628,
            2.76,
            3.7236,
            7.0355,
            10.2239,
            8.4754,
            9.0819,
            13.7314
          ]
        },
        "slow_pred": {
          "Year": [
            1980,
            1981,
            1982,
            1983,
            1984,
            1985,
            1986,
            1987,
            1988,
            1989,
            1990,
            1991,
            1992,
            1993,
            1994,
            1995,
            1996,
            1997,
            1998,
            1999,
            2000,
            2001,
            2002,
            2003,
            2004,
            2005
          ],
          "Modeled": [
            12.7726,
            16.5605,
            20.6865,
            23.9561,
            23.3967,
            18.462,
            14.3089,
            10.088,
            7.0556,
            4.3078,
            2.5589,
            1.6238,
            1.3096,
            1.4796,
            1.9201,
            2.5751,
            3.4614,
            4.4753,
            4.4242,
            5.1948,
            5.4981,
            4.9266,
            3.6843,
            2.4494,
            1.6693,
            1.3809
          ],
          "Observed": [
            12.7726,
            16.4147,
            12.7773,
            12.2798,
            15.1152,
            12.8194,
            10.4631,
            9.7251,
            13.2014,
            16.4512,
            11.1393,
            18.0832,
            11.5223,
            8.51,
            9.1622,
            5.3353,
            8.6044,
            7.2781,
            2.629,
            4.6951,
            1.5948,
            5.2172,
            2.6041,
            3.3618,
            7.3289,
            4.4014
          ]
        }
      },
      "stdout": "g++ -std=gnu++17 -I\"/usr/share/R/include\" -DNDEBUG -I\"/home/spi085/R/x86_64-pc-linux-gnu-library/4.4/TMB/include\" -I\"/home/spi085/R/x86_64-pc-linux-gnu-library/4.4/RcppEigen/include\"   -DTMB_EIGEN_DISABLE_WARNINGS   -DTMB_LIB_INIT=R_init_model  -DCPPAD_FRAMEWORK      -fpic  -O2  -c POPULATIONS/POPULATION_0007/INDIVIDUAL_472TCG35/model.cpp -o POPULATIONS/POPULATION_0007/INDIVIDUAL_472TCG35/model.o\ng++ -std=gnu++17 -shared -L/usr/lib/R/lib -Wl,-Bsymbolic-functions -flto=auto -ffat-lto-objects -Wl,-z,relro -o POPULATIONS/POPULATION_0007/INDIVIDUAL_472TCG35/model.so POPULATIONS/POPULATION_0007/INDIVIDUAL_472TCG35/model.o -L/usr/lib/R/lib -lR\n\nNA counts per required column:\n       Year    cots_dat    fast_dat    slow_dat     sst_dat cotsimm_dat \n          0           0           0           0           0           0 \n\nOut-of-range checks:\nAny cots_dat < 0?  FALSE \nAny fast_dat outside [0,100]?  FALSE \nAny slow_dat outside [0,100]?  FALSE \n\nPARAMETER starts (first few):\n    log_b_max      epsN_raw     log_a_max pref_fast_raw       log_H_f \n    0.4050000     0.0000000     1.6090000     1.0000000     2.3025851 \n      log_H_s        log_m0        log_mD   log_m_starv    log_K_cots \n    2.9957323     0.9465000    -2.9957323    -0.2231436     1.0986123 \n    log_k_imm    T_ref_cots \n   -0.6931472    27.0000000 \nStarting model phases\nNumber of phases: 3 \nPhase 1 \nInitial parameter values for phase 1 :\n         log_b_max             log_m0          log_k_imm            log_r_f \n         0.4050000          0.9465000         -0.6931472         -2.9957000 \n           log_r_s log_sigma_obs_cots log_sigma_obs_fast log_sigma_obs_slow \n        -1.2039728         -1.6094379         -1.8971200         -1.8971200 \nFinal parameter values for phase 1 :\n         log_b_max             log_m0          log_k_imm            log_r_f \n        2.30000000         0.94600000        -1.39073592        -2.99570000 \n           log_r_s log_sigma_obs_cots log_sigma_obs_fast log_sigma_obs_slow \n       -1.05242904         1.60000000        -0.09470067         0.45910269 \nConvergence message: relative convergence (4) \nNumber of iterations: 29 \nObjective function value: -3723261 \nGradient at solution for phase 1 :\n          [,1]     [,2]      [,3]     [,4]       [,5]      [,6]        [,7]\n[1,] -22550310 26602806 -2.234877 -3054949 -0.5749696 -259.2133 0.004290842\n           [,8]\n[1,] 0.01568416\nPhase 2 \nInitial parameter values for phase 2 :\n          epsN_raw          log_a_max             log_mD        log_m_starv \n         0.0000000          1.6090000         -2.9957323         -0.2231436 \n          T_bleach   log_slope_bleach log_m_bleach_f_max log_m_bleach_s_max \n        30.0000000          0.4054651         -0.5108256         -1.2039728 \n           K_f_raw            K_s_raw \n         0.4054651          0.0000000 \nFinal parameter values for phase 2 :\n          epsN_raw          log_a_max             log_mD        log_m_starv \n         0.9134854          0.3551115         -3.1345203         -0.8645178 \n          T_bleach   log_slope_bleach log_m_bleach_f_max log_m_bleach_s_max \n        30.6493604          1.2924262         -0.8849736         -1.2062331 \n           K_f_raw            K_s_raw \n         1.0592425          0.3249391 \nConvergence message: function evaluation limit reached without convergence (9) \nNumber of iterations: 71 \nObjective function value: -12832902 \nGradient at solution for phase 2 :\n              [,1]         [,2]        [,3]         [,4]          [,5]\n[1,] -623826849525 481426242540 -6793964603 160567259148 -836095717475\n             [,6]         [,7]        [,8]          [,9]        [,10]\n[1,] -12663416834 1.617351e+12 11519375398 -398644500778 260253188729\nPhase 3 \nInitial parameter values for phase 3 :\n     pref_fast_raw            log_H_f            log_H_s         log_K_cots \n         1.0000000          2.3025851          2.9957323          1.0986123 \n        T_ref_cots beta_temp_cots_raw   log_T_scale_cots       alpha_fs_raw \n        27.0000000         -0.8472979          0.0000000          0.0000000 \n      alpha_sf_raw     eps_pred_f_raw     eps_pred_s_raw         log_q_plus \n         0.0000000          2.1972246          0.8472979          0.0000000 \nFinal parameter values for phase 3 :\n     pref_fast_raw            log_H_f            log_H_s         log_K_cots \n       -0.27249246         0.64404070         1.64338760         3.90000000 \n        T_ref_cots beta_temp_cots_raw   log_T_scale_cots       alpha_fs_raw \n       26.53961596        -3.78401871         1.01700680        -0.26764906 \n      alpha_sf_raw     eps_pred_f_raw     eps_pred_s_raw         log_q_plus \n       -3.28966175         1.79942928        -0.00912212        -1.06201540 \nConvergence message: function evaluation limit reached without convergence (9) \nNumber of iterations: 83 \nObjective function value: -567559354 \nGradient at solution for phase 3 :\n             [,1]          [,2]         [,3]         [,4]         [,5]\n[1,] 3.120203e+16 -1.756346e+15 4.813069e+15 -5.16324e+14 3.758178e+14\n             [,6]          [,7]         [,8]         [,9]        [,10]\n[1,] 6.561598e+14 -5.325003e+14 1.782648e+14 -6.29361e+11 3.837687e+14\n            [,11]         [,12]\n[1,] 7.393736e+14 -1.817635e+15\nFinal Phase\nInitial parameter values for final phase:\n         log_b_max           epsN_raw          log_a_max      pref_fast_raw \n        2.30000000         0.91348540         0.35511148        -0.27249246 \n           log_H_f            log_H_s             log_m0             log_mD \n        0.64404070         1.64338760         0.94600000        -3.13452030 \n       log_m_starv         log_K_cots          log_k_imm         T_ref_cots \n       -0.86451781         3.90000000        -1.39073592        26.53961596 \nbeta_temp_cots_raw   log_T_scale_cots           T_bleach   log_slope_bleach \n       -3.78401871         1.01700680        30.64936037         1.29242618 \nlog_m_bleach_f_max log_m_bleach_s_max            log_r_f            log_r_s \n       -0.88497362        -1.20623314        -2.99570000        -1.05242904 \n           K_f_raw            K_s_raw       alpha_fs_raw       alpha_sf_raw \n        1.05924249         0.32493907        -0.26764906        -3.28966175 \n    eps_pred_f_raw     eps_pred_s_raw         log_q_plus log_sigma_obs_cots \n        1.79942928        -0.00912212        -1.06201540         1.60000000 \nlog_sigma_obs_fast log_sigma_obs_slow \n       -0.09470067         0.45910269 \nFinal parameter values for final phase:\n         log_b_max           epsN_raw          log_a_max      pref_fast_raw \n         1.8721777          2.2677794          0.1789405         -1.8265549 \n           log_H_f            log_H_s             log_m0             log_mD \n         0.5056818          0.5012122          0.9460000         -3.8742748 \n       log_m_starv         log_K_cots          log_k_imm         T_ref_cots \n        -1.1802527          3.4537195         -1.9592172         27.0861397 \nbeta_temp_cots_raw   log_T_scale_cots           T_bleach   log_slope_bleach \n        -3.3368944          0.8119635         30.6869511          1.4868892 \nlog_m_bleach_f_max log_m_bleach_s_max            log_r_f            log_r_s \n        -0.8866499         -1.1884787         -2.9957000         -0.9087778 \n           K_f_raw            K_s_raw       alpha_fs_raw       alpha_sf_raw \n         1.1935625          0.2583389         -0.3148253         -3.2680631 \n    eps_pred_f_raw     eps_pred_s_raw         log_q_plus log_sigma_obs_cots \n         1.6106150          0.0365735         -1.3260136          1.6000000 \nlog_sigma_obs_fast log_sigma_obs_slow \n        -0.1275966          0.5292006 \nConvergence message: function evaluation limit reached without convergence (9) \nNumber of iterations: 80 \nObjective function value: -250011049 \nGradient at solution for final phase:\n        [,1]     [,2]     [,3]    [,4]    [,5]     [,6]      [,7]      [,8]\n[1,] 5928514 556253.8 13616665 4499850 1922035 -6152369 187842345 107849103\n         [,9]      [,10]     [,11]   [,12]     [,13]    [,14]     [,15]\n[1,] 841867.1 -197600196 -11641.29 4935805 -16175564 11686640 -67048.24\n         [,16]    [,17]    [,18]    [,19]     [,20]     [,21]    [,22]    [,23]\n[1,] -69728.07 77656.96 5612.778 -1501327 -14781350 -193887.4 -4366423 301219.1\n        [,24]    [,25]   [,26]   [,27]     [,28]    [,29]    [,30]\n[1,] 321873.9 612598.5 4877881 1639476 -13.31473 -1034.29 14.83324\nAll phases completed\nSuccessfully updated parameters_metadata.json with optimized values\n[1] \"Train test split:\"\n[1] 0.7\n\nRunning model validation...\n[1] \"look here\"\n   Year\n1  1980\n2  1981\n3  1982\n4  1983\n5  1984\n6  1985\n7  1986\n8  1987\n9  1988\n10 1989\n11 1990\n12 1991\n13 1992\n14 1993\n15 1994\n16 1995\n17 1996\n18 1997\n19 1998\n20 1999\n21 2000\n22 2001\n23 2002\n24 2003\n25 2004\n26 2005\n   cots_dat..Adult.Class.Crown.of.thorns.starfish.abundance.in.individuals.m2.\n1                                                                    0.2615042\n2                                                                    0.5498196\n3                                                                    0.7268086\n4                                                                    0.5522907\n5                                                                    0.8281210\n6                                                                    0.5470078\n7                                                                    0.7580244\n8                                                                    0.6287678\n9                                                                    0.4761596\n10                                                                   0.6465779\n11                                                                   0.9107070\n12                                                                   2.1519930\n13                                                                   0.6446117\n14                                                                   1.6723480\n15                                                                   0.4765907\n16                                                                   0.8075009\n17                                                                   0.3634731\n18                                                                   0.3727647\n19                                                                   0.6172546\n20                                                                   0.3106559\n21                                                                   0.2560048\n22                                                                   0.2983628\n23                                                                   0.3362447\n24                                                                   0.2878112\n25                                                                   0.3220782\n26                                                                   0.4308113\n   fast_dat..Fast.growing.coral..Acropora.spp...cover.in...\n1                                                 10.069386\n2                                                 17.723573\n3                                                 23.827578\n4                                                 19.418118\n5                                                 15.635417\n6                                                 32.459609\n7                                                 21.556739\n8                                                 34.193850\n9                                                 18.870792\n10                                                27.317593\n11                                                44.330127\n12                                                13.327491\n13                                                11.374120\n14                                                 8.336190\n15                                                15.206950\n16                                                12.443031\n17                                                11.066606\n18                                                10.644162\n19                                                 2.362755\n20                                                 2.760007\n21                                                 3.723647\n22                                                 7.035517\n23                                                10.223949\n24                                                 8.475412\n25                                                 9.081878\n26                                                13.731449\n   slow_dat..Slow.growing.coral..Faviidae.spp..and.Porities.spp...cover.in...\n1                                                                   12.772605\n2                                                                   16.414745\n3                                                                   12.777292\n4                                                                   12.279754\n5                                                                   15.115161\n6                                                                   12.819409\n7                                                                   10.463078\n8                                                                    9.725137\n9                                                                   13.201352\n10                                                                  16.451200\n11                                                                  11.139259\n12                                                                  18.083162\n13                                                                  11.522349\n14                                                                   8.509987\n15                                                                   9.162216\n16                                                                   5.335342\n17                                                                   8.604409\n18                                                                   7.278116\n19                                                                   2.629035\n20                                                                   4.695132\n21                                                                   1.594753\n22                                                                   5.217158\n23                                                                   2.604070\n24                                                                   3.361801\n25                                                                   7.328911\n26                                                                   4.401384\n[1] \"time col\"\n[1] \"Year\"\n[1] \"look here\"\n   Year  cots_dat  fast_dat  slow_dat sst_dat cotsimm_dat\n1  1980 0.2615042 10.069386 12.772605    28.1         0.0\n2  1981 0.5498196 17.723573 16.414745    28.2         0.0\n3  1982 0.7268086 23.827578 12.777292    29.2         0.0\n4  1983 0.5522907 19.418118 12.279754    24.9         0.0\n5  1984 0.8281210 15.635417 15.115161    27.8         0.0\n6  1985 0.5470078 32.459609 12.819409    28.6         0.0\n7  1986 0.7580244 21.556739 10.463078    26.9         0.0\n8  1987 0.6287678 34.193850  9.725137    26.5         0.0\n9  1988 0.4761596 18.870792 13.201352    26.8         0.0\n10 1989 0.6465779 27.317593 16.451200    25.2         1.5\n11 1990 0.9107070 44.330127 11.139259    26.3         0.0\n12 1991 2.1519930 13.327491 18.083162    25.9         1.6\n13 1992 0.6446117 11.374120 11.522349    26.9         0.7\n14 1993 1.6723480  8.336190  8.509987    25.8         0.0\n15 1994 0.4765907 15.206950  9.162216    23.2         0.0\n16 1995 0.8075009 12.443031  5.335342    28.9         0.0\n17 1996 0.3634731 11.066606  8.604409    30.2         0.0\n18 1997 0.3727647 10.644162  7.278116    31.4         0.0\n19 1998 0.6172546  2.362755  2.629035    25.4         0.0\n20 1999 0.3106559  2.760007  4.695132    25.7         0.0\n21 2000 0.2560048  3.723647  1.594753    24.5         0.0\n22 2001 0.2983628  7.035517  5.217158    26.1         0.0\n23 2002 0.3362447 10.223949  2.604070    26.8         0.0\n24 2003 0.2878112  8.475412  3.361801    27.8         0.0\n25 2004 0.3220782  9.081878  7.328911    25.1         0.0\n26 2005 0.4308113 13.731449  4.401384    26.3         0.0\n\nValidation Results Summary:\n\n cots :\n  RMSE: 7.427 \n  MAE: 6.402 \n  R\u00b2: 0.399 \n\n fast :\n  RMSE: 8.049 \n  MAE: 7.11 \n  R\u00b2: 0.86 \n\n slow :\n  RMSE: 2.783 \n  MAE: 2.145 \n  R\u00b2: 0.217 \n\nDEBUG: Report contents:\nList of 3\n $ cots_pred: num [1:26] 0.262 1.018 3.926 13.57 26.931 ...\n $ fast_pred: num [1:26] 10.07 10.4 10.63 10.48 9.21 ...\n $ slow_pred: num [1:26] 12.8 16.6 20.7 24 23.4 ...\nNULL\n\nDEBUG: Available variables in report:\n[1] \"cots_pred\" \"fast_pred\" \"slow_pred\"\n\nChecking predictions and calculating objective function...\n\nDEBUG: Processing cots_pred \nDEBUG: First few predictions: 0.2615042 1.017977 3.925979 13.57027 26.93133 25.00357 \nDEBUG: Summary statistics:\n   Min. 1st Qu.  Median    Mean 3rd Qu.    Max. \n 0.2615  1.1495  5.3725  8.8400 13.1540 26.9313 \nDEBUG: All zeros? FALSE \nDEBUG: Any infinities? FALSE \n\nDEBUG: Processing fast_pred \nDEBUG: First few predictions: 10.06939 10.4033 10.63079 10.47764 9.214503 6.69912 \nDEBUG: Summary statistics:\n    Min.  1st Qu.   Median     Mean  3rd Qu.     Max. \n 0.02711  0.10267  0.17559  2.64284  4.06772 10.63079 \nDEBUG: All zeros? FALSE \nDEBUG: Any infinities? FALSE \n\nDEBUG: Processing slow_pred \nDEBUG: First few predictions: 12.77261 16.56052 20.68653 23.95613 23.39668 18.46202 \nDEBUG: Summary statistics:\n   Min. 1st Qu.  Median    Mean 3rd Qu.    Max. \n  1.310   2.477   4.450   7.701  12.101  23.956 \nDEBUG: All zeros? FALSE \nDEBUG: Any infinities? FALSE \n\nDEBUG: Using the following variables for objective function:\ncots_dat -> cots_pred\nfast_dat -> fast_pred\nslow_dat -> slow_pred\n\nDEBUG: Calculating MSE for prediction variables only:\n\nDEBUG: cots_pred \nObserved: 0.2615042 0.5498196 0.7268086 0.5522907 0.828121 0.5470078 ...\nPredicted: 0.2615042 1.017977 3.925979 13.57027 26.93133 25.00357 ...\nMSE (normalized): 779.22 \n\nDEBUG: fast_pred \nObserved: 10.06939 17.72357 23.82758 19.41812 15.63542 32.45961 ...\nPredicted: 10.06939 10.4033 10.63079 10.47764 9.214503 6.69912 ...\nMSE (normalized): 2.525423 \n\nDEBUG: slow_pred \nObserved: 12.77261 16.41474 12.77729 12.27975 15.11516 12.81941 ...\nPredicted: 12.77261 16.56052 20.68653 23.95613 23.39668 18.46202 ...\nMSE (normalized): 2.003907 \n\nDEBUG: MSE values:\n  cots_dat   fast_dat   slow_dat \n779.220011   2.525423   2.003907 \n\nDEBUG: Final objective value (mean of MSEs): 261.2498 \n\nFinal objective function value: 261.2498 \n\nJSON_REPORT_START\n{\n  \"status\": \"SUCCESS\",\n  \"objective_value\": 261.2498,\n  \"model_summary\": [\"            Length Class  Mode     \", \"par         30     -none- numeric  \", \"objective    1     -none- numeric  \", \"convergence  1     -none- numeric  \", \"iterations   1     -none- numeric  \", \"evaluations  2     -none- numeric  \", \"message      1     -none- character\"],\n  \"model_report\": {\n    \"cots_pred\": [0.2615, 1.018, 3.926, 13.5703, 26.9313, 25.0036, 26.149, 21.0688, 21.0845, 16.0297, 10.6476, 5.5, 1.7893, 0.6028, 0.3294, 0.3163, 0.5062, 1.0344, 2.3848, 4.4919, 8.05, 11.3652, 11.905, 9.1354, 5.2449, 1.4948],\n    \"fast_pred\": [10.0694, 10.4033, 10.6308, 10.4776, 9.2145, 6.6991, 4.5494, 2.6226, 1.3991, 0.6153, 0.3058, 0.199, 0.1656, 0.1615, 0.1654, 0.1711, 0.1771, 0.1741, 0.1059, 0.1016, 0.0902, 0.0709, 0.0508, 0.0368, 0.0298, 0.0271],\n    \"slow_pred\": [12.7726, 16.5605, 20.6865, 23.9561, 23.3967, 18.462, 14.3089, 10.088, 7.0556, 4.3078, 2.5589, 1.6238, 1.3096, 1.4796, 1.9201, 2.5751, 3.4614, 4.4753, 4.4242, 5.1948, 5.4981, 4.9266, 3.6843, 2.4494, 1.6693, 1.3809]\n  },\n  \"plot_data\": {\n    \"cots_pred\": {\n      \"Year\": [1980, 1981, 1982, 1983, 1984, 1985, 1986, 1987, 1988, 1989, 1990, 1991, 1992, 1993, 1994, 1995, 1996, 1997, 1998, 1999, 2000, 2001, 2002, 2003, 2004, 2005],\n      \"Modeled\": [0.2615, 1.018, 3.926, 13.5703, 26.9313, 25.0036, 26.149, 21.0688, 21.0845, 16.0297, 10.6476, 5.5, 1.7893, 0.6028, 0.3294, 0.3163, 0.5062, 1.0344, 2.3848, 4.4919, 8.05, 11.3652, 11.905, 9.1354, 5.2449, 1.4948],\n      \"Observed\": [0.2615, 0.5498, 0.7268, 0.5523, 0.8281, 0.547, 0.758, 0.6288, 0.4762, 0.6466, 0.9107, 2.152, 0.6446, 1.6723, 0.4766, 0.8075, 0.3635, 0.3728, 0.6173, 0.3107, 0.256, 0.2984, 0.3362, 0.2878, 0.3221, 0.4308]\n    },\n    \"fast_pred\": {\n      \"Year\": [1980, 1981, 1982, 1983, 1984, 1985, 1986, 1987, 1988, 1989, 1990, 1991, 1992, 1993, 1994, 1995, 1996, 1997, 1998, 1999, 2000, 2001, 2002, 2003, 2004, 2005],\n      \"Modeled\": [10.0694, 10.4033, 10.6308, 10.4776, 9.2145, 6.6991, 4.5494, 2.6226, 1.3991, 0.6153, 0.3058, 0.199, 0.1656, 0.1615, 0.1654, 0.1711, 0.1771, 0.1741, 0.1059, 0.1016, 0.0902, 0.0709, 0.0508, 0.0368, 0.0298, 0.0271],\n      \"Observed\": [10.0694, 17.7236, 23.8276, 19.4181, 15.6354, 32.4596, 21.5567, 34.1938, 18.8708, 27.3176, 44.3301, 13.3275, 11.3741, 8.3362, 15.207, 12.443, 11.0666, 10.6442, 2.3628, 2.76, 3.7236, 7.0355, 10.2239, 8.4754, 9.0819, 13.7314]\n    },\n    \"slow_pred\": {\n      \"Year\": [1980, 1981, 1982, 1983, 1984, 1985, 1986, 1987, 1988, 1989, 1990, 1991, 1992, 1993, 1994, 1995, 1996, 1997, 1998, 1999, 2000, 2001, 2002, 2003, 2004, 2005],\n      \"Modeled\": [12.7726, 16.5605, 20.6865, 23.9561, 23.3967, 18.462, 14.3089, 10.088, 7.0556, 4.3078, 2.5589, 1.6238, 1.3096, 1.4796, 1.9201, 2.5751, 3.4614, 4.4753, 4.4242, 5.1948, 5.4981, 4.9266, 3.6843, 2.4494, 1.6693, 1.3809],\n      \"Observed\": [12.7726, 16.4147, 12.7773, 12.2798, 15.1152, 12.8194, 10.4631, 9.7251, 13.2014, 16.4512, 11.1393, 18.0832, 11.5223, 8.51, 9.1622, 5.3353, 8.6044, 7.2781, 2.629, 4.6951, 1.5948, 5.2172, 2.6041, 3.3618, 7.3289, 4.4014]\n    }\n  }\n}\nJSON_REPORT_END",
      "stderr": "Loading required package: TMB\nLoading required package: jsonlite\nusing C++ compiler: \u2018g++ (Ubuntu 13.3.0-6ubuntu2~24.04) 13.3.0\u2019\nThere were 50 or more warnings (use warnings() to see the first 50)\nWarning message:\n`aes_string()` was deprecated in ggplot2 3.0.0.\n\u2139 Please use tidy evaluation idioms with `aes()`.\n\u2139 See also `vignette(\"ggplot2-in-packages\")` for more information."
    },
    "7": {
      "status": "SUCCESS",
      "objective_value": 261.2498
    }
  }
}