{
  "iterations": {
    "1": {
      "status": "LEAKAGE",
      "message": "Data leakage detected in model equations:\n  This file does not follow standard TMB conventions. Issues detected:\n  - Missing DATA_VECTOR() macros for data inputs\n  - Missing vector<Type> declarations\n\nThe model should be rewritten to follow TMB conventions.",
      "objective_value": "NA"
    },
    "2": {
      "status": "LEAKAGE",
      "message": "Data leakage detected in model equations:\n  Line 149: Missing prediction vector: fast_pred not found in model.\n    Required for response variable: fast_dat\n  Line 149: Missing prediction vector: slow_pred not found in model.\n    Required for response variable: slow_dat\n  Line 149: Missing prediction vector: cots_pred not found in model.\n    Required for response variable: cots_dat\n  Line 212: Data leakage detected: using cots_dat in prediction calculation\n    in equation: cots_dat_pred(t) = N_next;\n  Line 213: Data leakage detected: using fast_dat in prediction calculation\n    in equation: fast_dat_pred(t) = Type(100.0) * F_next_frac;\n  Line 214: Data leakage detected: using slow_dat in prediction calculation\n    in equation: slow_dat_pred(t) = Type(100.0) * S_next_frac;\n  Line 219: Missing prediction vector: fast_pred not found in model.\n    Required for response variable: fast_dat\n  Line 219: Missing prediction vector: slow_pred not found in model.\n    Required for response variable: slow_dat\n  Line 219: Missing prediction vector: cots_pred not found in model.\n    Required for response variable: cots_dat",
      "objective_value": "NA"
    },
    "3": {
      "status": "ERROR",
      "message": "Model failed to compile.",
      "stdout": "g++ -std=gnu++17 -I\"/usr/share/R/include\" -DNDEBUG -I\"/home/spi085/R/x86_64-pc-linux-gnu-library/4.4/TMB/include\" -I\"/home/spi085/R/x86_64-pc-linux-gnu-library/4.4/RcppEigen/include\"   -DTMB_EIGEN_DISABLE_WARNINGS   -DTMB_LIB_INIT=R_init_model  -DCPPAD_FRAMEWORK      -fpic  -O2  -c POPULATIONS/POPULATION_0007/INDIVIDUAL_HR6MR6T9/model.cpp -o POPULATIONS/POPULATION_0007/INDIVIDUAL_HR6MR6T9/model.o",
      "stderr": "Loading required package: TMB\nLoading required package: jsonlite\nusing C++ compiler: \u2018g++ (Ubuntu 13.3.0-6ubuntu2~24.04) 13.3.0\u2019\nPOPULATIONS/POPULATION_0007/INDIVIDUAL_HR6MR6T9/model.cpp: In instantiation of \u2018Type objective_function<Type>::operator()() [with Type = CppAD::AD<double>]\u2019:\n/home/spi085/R/x86_64-pc-linux-gnu-library/4.4/TMB/include/tmb_core.hpp:1312:6:   required from here\nPOPULATIONS/POPULATION_0007/INDIVIDUAL_HR6MR6T9/model.cpp:130:26: error: cannot convert \u2018CppAD::AD<double>\u2019 to \u2018double\u2019\n  130 |   Type sdlog_cots = fmax(sd_min, exp(log_sd_cots));  // SD on log scale for lognormal\n      |                          ^~~~~~\n      |                          |\n      |                          CppAD::AD<double>\nIn file included from /usr/include/c++/13/cmath:47,\n                 from /home/spi085/R/x86_64-pc-linux-gnu-library/4.4/RcppEigen/include/Eigen/src/Core/util/Macros.h:679,\n                 from /home/spi085/R/x86_64-pc-linux-gnu-library/4.4/RcppEigen/include/Eigen/Core:19,\n                 from /home/spi085/R/x86_64-pc-linux-gnu-library/4.4/RcppEigen/include/Eigen/Dense:1,\n                 from /home/spi085/R/x86_64-pc-linux-gnu-library/4.4/TMB/include/TMB.hpp:92,\n                 from POPULATIONS/POPULATION_0007/INDIVIDUAL_HR6MR6T9/model.cpp:1:\n/usr/include/x86_64-linux-gnu/bits/mathcalls.h:333:1: note:   initializing argument 1 of \u2018double fmax(double, double)\u2019\n  333 | __MATHCALLX (fmax,, (_Mdouble_ __x, _Mdouble_ __y), (__const__));\n      | ^\nPOPULATIONS/POPULATION_0007/INDIVIDUAL_HR6MR6T9/model.cpp:131:26: error: cannot convert \u2018CppAD::AD<double>\u2019 to \u2018double\u2019\n  131 |   Type sd_fast    = fmax(sd_min, exp(log_sd_fast));  // SD (%) for fast coral observations\n      |                          ^~~~~~\n      |                          |\n      |                          CppAD::AD<double>\n/usr/include/x86_64-linux-gnu/bits/mathcalls.h:333:1: note:   initializing argument 1 of \u2018double fmax(double, double)\u2019\n  333 | __MATHCALLX (fmax,, (_Mdouble_ __x, _Mdouble_ __y), (__const__));\n      | ^\nPOPULATIONS/POPULATION_0007/INDIVIDUAL_HR6MR6T9/model.cpp:132:26: error: cannot convert \u2018CppAD::AD<double>\u2019 to \u2018double\u2019\n  132 |   Type sd_slow    = fmax(sd_min, exp(log_sd_slow));  // SD (%) for slow coral observations\n      |                          ^~~~~~\n      |                          |\n      |                          CppAD::AD<double>\n/usr/include/x86_64-linux-gnu/bits/mathcalls.h:333:1: note:   initializing argument 1 of \u2018double fmax(double, double)\u2019\n  333 | __MATHCALLX (fmax,, (_Mdouble_ __x, _Mdouble_ __y), (__const__));\n      | ^\nPOPULATIONS/POPULATION_0007/INDIVIDUAL_HR6MR6T9/model.cpp:151:20: error: cannot convert \u2018CppAD::AD<double>\u2019 to \u2018double\u2019\n  151 |     Type dt = fmax(Type(1e-6), Year(t) - Year(t - 1)); // smooth, positive dt\n      |                    ^~~~~~~~~~\n      |                    |\n      |                    CppAD::AD<double>\n/usr/include/x86_64-linux-gnu/bits/mathcalls.h:333:1: note:   initializing argument 1 of \u2018double fmax(double, double)\u2019\n  333 | __MATHCALLX (fmax,, (_Mdouble_ __x, _Mdouble_ __y), (__const__));\n      | ^\nPOPULATIONS/POPULATION_0007/INDIVIDUAL_HR6MR6T9/model.cpp:226:18: error: \u2018dlnorm\u2019 was not declared in this scope; did you mean \u2018dnorm\u2019?\n  226 |     nll -= dlnorm(cots_dat(t) + eps, log(cots_pred(t) + eps), sdlog_cots, true);\n      |            ~~~~~~^~~~~~~~~~~~~~~~~~~~~~~~~~~~~~~~~~~~~~~~~~~~~~~~~~~~~~~~~~~~~~\n      |            dnorm\nPOPULATIONS/POPULATION_0007/INDIVIDUAL_HR6MR6T9/model.cpp: In instantiation of \u2018Type objective_function<Type>::operator()() [with Type = double]\u2019:\n/home/spi085/R/x86_64-pc-linux-gnu-library/4.4/TMB/include/tmb_core.hpp:2035:7:   required from here\nPOPULATIONS/POPULATION_0007/INDIVIDUAL_HR6MR6T9/model.cpp:226:18: error: \u2018dlnorm\u2019 was not declared in this scope; did you mean \u2018dnorm\u2019?\n  226 |     nll -= dlnorm(cots_dat(t) + eps, log(cots_pred(t) + eps), sdlog_cots, true);\n      |            ~~~~~~^~~~~~~~~~~~~~~~~~~~~~~~~~~~~~~~~~~~~~~~~~~~~~~~~~~~~~~~~~~~~~\n      |            dnorm\nPOPULATIONS/POPULATION_0007/INDIVIDUAL_HR6MR6T9/model.cpp: In instantiation of \u2018Type objective_function<Type>::operator()() [with Type = CppAD::AD<CppAD::AD<double> >]\u2019:\n/home/spi085/R/x86_64-pc-linux-gnu-library/4.4/TMB/include/tmb_core.hpp:917:29:   required from \u2018Type objective_function<Type>::evalUserTemplate() [with Type = CppAD::AD<CppAD::AD<double> >]\u2019\n/home/spi085/R/x86_64-pc-linux-gnu-library/4.4/TMB/include/tmb_core.hpp:2116:26:   required from here\nPOPULATIONS/POPULATION_0007/INDIVIDUAL_HR6MR6T9/model.cpp:130:26: error: cannot convert \u2018CppAD::AD<CppAD::AD<double> >\u2019 to \u2018double\u2019\n  130 |   Type sdlog_cots = fmax(sd_min, exp(log_sd_cots));  // SD on log scale for lognormal\n      |                          ^~~~~~\n      |                          |\n      |                          CppAD::AD<CppAD::AD<double> >\n/usr/include/x86_64-linux-gnu/bits/mathcalls.h:333:1: note:   initializing argument 1 of \u2018double fmax(double, double)\u2019\n  333 | __MATHCALLX (fmax,, (_Mdouble_ __x, _Mdouble_ __y), (__const__));\n      | ^\nPOPULATIONS/POPULATION_0007/INDIVIDUAL_HR6MR6T9/model.cpp:131:26: error: cannot convert \u2018CppAD::AD<CppAD::AD<double> >\u2019 to \u2018double\u2019\n  131 |   Type sd_fast    = fmax(sd_min, exp(log_sd_fast));  // SD (%) for fast coral observations\n      |                          ^~~~~~\n      |                          |\n      |                          CppAD::AD<CppAD::AD<double> >\n/usr/include/x86_64-linux-gnu/bits/mathcalls.h:333:1: note:   initializing argument 1 of \u2018double fmax(double, double)\u2019\n  333 | __MATHCALLX (fmax,, (_Mdouble_ __x, _Mdouble_ __y), (__const__));\n      | ^\nPOPULATIONS/POPULATION_0007/INDIVIDUAL_HR6MR6T9/model.cpp:132:26: error: cannot convert \u2018CppAD::AD<CppAD::AD<double> >\u2019 to \u2018double\u2019\n  132 |   Type sd_slow    = fmax(sd_min, exp(log_sd_slow));  // SD (%) for slow coral observations\n      |                          ^~~~~~\n      |                          |\n      |                          CppAD::AD<CppAD::AD<double> >\n/usr/include/x86_64-linux-gnu/bits/mathcalls.h:333:1: note:   initializing argument 1 of \u2018double fmax(double, double)\u2019\n  333 | __MATHCALLX (fmax,, (_Mdouble_ __x, _Mdouble_ __y), (__const__));\n      | ^\nPOPULATIONS/POPULATION_0007/INDIVIDUAL_HR6MR6T9/model.cpp:151:20: error: cannot convert \u2018CppAD::AD<CppAD::AD<double> >\u2019 to \u2018double\u2019\n  151 |     Type dt = fmax(Type(1e-6), Year(t) - Year(t - 1)); // smooth, positive dt\n      |                    ^~~~~~~~~~\n      |                    |\n      |                    CppAD::AD<CppAD::AD<double> >\n/usr/include/x86_64-linux-gnu/bits/mathcalls.h:333:1: note:   initializing argument 1 of \u2018double fmax(double, double)\u2019\n  333 | __MATHCALLX (fmax,, (_Mdouble_ __x, _Mdouble_ __y), (__const__));\n      | ^\nPOPULATIONS/POPULATION_0007/INDIVIDUAL_HR6MR6T9/model.cpp:226:18: error: \u2018dlnorm\u2019 was not declared in this scope; did you mean \u2018dnorm\u2019?\n  226 |     nll -= dlnorm(cots_dat(t) + eps, log(cots_pred(t) + eps), sdlog_cots, true);\n      |            ~~~~~~^~~~~~~~~~~~~~~~~~~~~~~~~~~~~~~~~~~~~~~~~~~~~~~~~~~~~~~~~~~~~~\n      |            dnorm\nPOPULATIONS/POPULATION_0007/INDIVIDUAL_HR6MR6T9/model.cpp: In instantiation of \u2018Type objective_function<Type>::operator()() [with Type = CppAD::AD<CppAD::AD<CppAD::AD<double> > >]\u2019:\n/home/spi085/R/x86_64-pc-linux-gnu-library/4.4/TMB/include/tmb_core.hpp:917:29:   required from \u2018Type objective_function<Type>::evalUserTemplate() [with Type = CppAD::AD<CppAD::AD<CppAD::AD<double> > >]\u2019\n/home/spi085/R/x86_64-pc-linux-gnu-library/4.4/TMB/include/tmb_core.hpp:2365:28:   required from here\nPOPULATIONS/POPULATION_0007/INDIVIDUAL_HR6MR6T9/model.cpp:130:26: error: cannot convert \u2018CppAD::AD<CppAD::AD<CppAD::AD<double> > >\u2019 to \u2018double\u2019\n  130 |   Type sdlog_cots = fmax(sd_min, exp(log_sd_cots));  // SD on log scale for lognormal\n      |                          ^~~~~~\n      |                          |\n      |                          CppAD::AD<CppAD::AD<CppAD::AD<double> > >\n/usr/include/x86_64-linux-gnu/bits/mathcalls.h:333:1: note:   initializing argument 1 of \u2018double fmax(double, double)\u2019\n  333 | __MATHCALLX (fmax,, (_Mdouble_ __x, _Mdouble_ __y), (__const__));\n      | ^\nPOPULATIONS/POPULATION_0007/INDIVIDUAL_HR6MR6T9/model.cpp:131:26: error: cannot convert \u2018CppAD::AD<CppAD::AD<CppAD::AD<double> > >\u2019 to \u2018double\u2019\n  131 |   Type sd_fast    = fmax(sd_min, exp(log_sd_fast));  // SD (%) for fast coral observations\n      |                          ^~~~~~\n      |                          |\n      |                          CppAD::AD<CppAD::AD<CppAD::AD<double> > >\n/usr/include/x86_64-linux-gnu/bits/mathcalls.h:333:1: note:   initializing argument 1 of \u2018double fmax(double, double)\u2019\n  333 | __MATHCALLX (fmax,, (_Mdouble_ __x, _Mdouble_ __y), (__const__));\n      | ^\nPOPULATIONS/POPULATION_0007/INDIVIDUAL_HR6MR6T9/model.cpp:132:26: error: cannot convert \u2018CppAD::AD<CppAD::AD<CppAD::AD<double> > >\u2019 to \u2018double\u2019\n  132 |   Type sd_slow    = fmax(sd_min, exp(log_sd_slow));  // SD (%) for slow coral observations\n      |                          ^~~~~~\n      |                          |\n      |                          CppAD::AD<CppAD::AD<CppAD::AD<double> > >\n/usr/include/x86_64-linux-gnu/bits/mathcalls.h:333:1: note:   initializing argument 1 of \u2018double fmax(double, double)\u2019\n  333 | __MATHCALLX (fmax,, (_Mdouble_ __x, _Mdouble_ __y), (__const__));\n      | ^\nPOPULATIONS/POPULATION_0007/INDIVIDUAL_HR6MR6T9/model.cpp:151:20: error: cannot convert \u2018CppAD::AD<CppAD::AD<CppAD::AD<double> > >\u2019 to \u2018double\u2019\n  151 |     Type dt = fmax(Type(1e-6), Year(t) - Year(t - 1)); // smooth, positive dt\n      |                    ^~~~~~~~~~\n      |                    |\n      |                    CppAD::AD<CppAD::AD<CppAD::AD<double> > >\n/usr/include/x86_64-linux-gnu/bits/mathcalls.h:333:1: note:   initializing argument 1 of \u2018double fmax(double, double)\u2019\n  333 | __MATHCALLX (fmax,, (_Mdouble_ __x, _Mdouble_ __y), (__const__));\n      | ^\nPOPULATIONS/POPULATION_0007/INDIVIDUAL_HR6MR6T9/model.cpp:226:18: error: \u2018dlnorm\u2019 was not declared in this scope; did you mean \u2018dnorm\u2019?\n  226 |     nll -= dlnorm(cots_dat(t) + eps, log(cots_pred(t) + eps), sdlog_cots, true);\n      |            ~~~~~~^~~~~~~~~~~~~~~~~~~~~~~~~~~~~~~~~~~~~~~~~~~~~~~~~~~~~~~~~~~~~~\n      |            dnorm\nmake: *** [/usr/lib/R/etc/Makeconf:204: POPULATIONS/POPULATION_0007/INDIVIDUAL_HR6MR6T9/model.o] Error 1\nError in TMB::compile(file.path(individual_dir, model_file), flags = flags,  : \n  Compilation failed\nError: Compilation failed\nExecution halted"
    },
    "4": {
      "status": "ERROR",
      "message": "Model failed to compile.",
      "stdout": "g++ -std=gnu++17 -I\"/usr/share/R/include\" -DNDEBUG -I\"/home/spi085/R/x86_64-pc-linux-gnu-library/4.4/TMB/include\" -I\"/home/spi085/R/x86_64-pc-linux-gnu-library/4.4/RcppEigen/include\"   -DTMB_EIGEN_DISABLE_WARNINGS   -DTMB_LIB_INIT=R_init_model  -DCPPAD_FRAMEWORK      -fpic  -O2  -c POPULATIONS/POPULATION_0007/INDIVIDUAL_HR6MR6T9/model.cpp -o POPULATIONS/POPULATION_0007/INDIVIDUAL_HR6MR6T9/model.o",
      "stderr": "Loading required package: TMB\nLoading required package: jsonlite\nusing C++ compiler: \u2018g++ (Ubuntu 13.3.0-6ubuntu2~24.04) 13.3.0\u2019\nPOPULATIONS/POPULATION_0007/INDIVIDUAL_HR6MR6T9/model.cpp: In instantiation of \u2018Type softplus(Type) [with Type = CppAD::AD<double>]\u2019:\nPOPULATIONS/POPULATION_0007/INDIVIDUAL_HR6MR6T9/model.cpp:201:54:   required from \u2018Type objective_function<Type>::operator()() [with Type = CppAD::AD<double>]\u2019\n/home/spi085/R/x86_64-pc-linux-gnu-library/4.4/TMB/include/tmb_core.hpp:1312:6:   required from here\nPOPULATIONS/POPULATION_0007/INDIVIDUAL_HR6MR6T9/model.cpp:11:15: error: cannot convert \u2018CppAD::AD<double>\u2019 to \u2018double\u2019\n   11 |   return log1p(exp(x));\n      |          ~~~~~^~~~~~~~\n      |               |\n      |               CppAD::AD<double>\nIn file included from /usr/include/c++/13/cmath:47,\n                 from /home/spi085/R/x86_64-pc-linux-gnu-library/4.4/RcppEigen/include/Eigen/src/Core/util/Macros.h:679,\n                 from /home/spi085/R/x86_64-pc-linux-gnu-library/4.4/RcppEigen/include/Eigen/Core:19,\n                 from /home/spi085/R/x86_64-pc-linux-gnu-library/4.4/RcppEigen/include/Eigen/Dense:1,\n                 from /home/spi085/R/x86_64-pc-linux-gnu-library/4.4/TMB/include/TMB.hpp:92,\n                 from POPULATIONS/POPULATION_0007/INDIVIDUAL_HR6MR6T9/model.cpp:1:\n/usr/include/x86_64-linux-gnu/bits/mathcalls.h:122:1: note:   initializing argument 1 of \u2018double log1p(double)\u2019\n  122 | __MATHCALL_VEC (log1p,, (_Mdouble_ __x));\n      | ^\nPOPULATIONS/POPULATION_0007/INDIVIDUAL_HR6MR6T9/model.cpp: In instantiation of \u2018Type bound_penalty(Type, Type, Type) [with Type = double]\u2019:\nPOPULATIONS/POPULATION_0007/INDIVIDUAL_HR6MR6T9/model.cpp:244:20:   required from \u2018Type objective_function<Type>::operator()() [with Type = double]\u2019\n/home/spi085/R/x86_64-pc-linux-gnu-library/4.4/TMB/include/tmb_core.hpp:2035:7:   required from here\nPOPULATIONS/POPULATION_0007/INDIVIDUAL_HR6MR6T9/model.cpp:31:21: error: no matching function for call to \u2018Var2Par(double&)\u2019\n   31 |   if (CppAD::Var2Par(x) != x) { // keep AD happy; dummy branch not needed but harmless\n      |       ~~~~~~~~~~~~~~^~~\nIn file included from /home/spi085/R/x86_64-pc-linux-gnu-library/4.4/TMB/include/cppad/local/convert.hpp:49,\n                 from /home/spi085/R/x86_64-pc-linux-gnu-library/4.4/TMB/include/cppad/local/user_ad.hpp:68,\n                 from /home/spi085/R/x86_64-pc-linux-gnu-library/4.4/TMB/include/cppad/cppad.hpp:82,\n                 from /home/spi085/R/x86_64-pc-linux-gnu-library/4.4/TMB/include/TMB.hpp:125:\n/home/spi085/R/x86_64-pc-linux-gnu-library/4.4/TMB/include/cppad/local/var2par.hpp:76:10: note: candidate: \u2018template<class Base> CppAD::AD<Base> CppAD::Var2Par(const AD<Base>&)\u2019\n   76 | AD<Base> Var2Par(const AD<Base> &x)\n      |          ^~~~~~~\n/home/spi085/R/x86_64-pc-linux-gnu-library/4.4/TMB/include/cppad/local/var2par.hpp:76:10: note:   template argument deduction/substitution failed:\nPOPULATIONS/POPULATION_0007/INDIVIDUAL_HR6MR6T9/model.cpp:31:21: note:   mismatched types \u2018const CppAD::AD<Base>\u2019 and \u2018double\u2019\n   31 |   if (CppAD::Var2Par(x) != x) { // keep AD happy; dummy branch not needed but harmless\n      |       ~~~~~~~~~~~~~~^~~\n/home/spi085/R/x86_64-pc-linux-gnu-library/4.4/TMB/include/cppad/local/var2par.hpp:84:10: note: candidate: \u2018template<class Base> CppAD::AD<Base> CppAD::Var2Par(const VecAD_reference<Base>&)\u2019\n   84 | AD<Base> Var2Par(const VecAD_reference<Base> &x)\n      |          ^~~~~~~\n/home/spi085/R/x86_64-pc-linux-gnu-library/4.4/TMB/include/cppad/local/var2par.hpp:84:10: note:   template argument deduction/substitution failed:\nPOPULATIONS/POPULATION_0007/INDIVIDUAL_HR6MR6T9/model.cpp:31:21: note:   mismatched types \u2018const CppAD::VecAD_reference<Base>\u2019 and \u2018double\u2019\n   31 |   if (CppAD::Var2Par(x) != x) { // keep AD happy; dummy branch not needed but harmless\n      |       ~~~~~~~~~~~~~~^~~\nPOPULATIONS/POPULATION_0007/INDIVIDUAL_HR6MR6T9/model.cpp: In instantiation of \u2018Type softplus(Type) [with Type = CppAD::AD<CppAD::AD<double> >]\u2019:\nPOPULATIONS/POPULATION_0007/INDIVIDUAL_HR6MR6T9/model.cpp:201:54:   required from \u2018Type objective_function<Type>::operator()() [with Type = CppAD::AD<CppAD::AD<double> >]\u2019\n/home/spi085/R/x86_64-pc-linux-gnu-library/4.4/TMB/include/tmb_core.hpp:917:29:   required from \u2018Type objective_function<Type>::evalUserTemplate() [with Type = CppAD::AD<CppAD::AD<double> >]\u2019\n/home/spi085/R/x86_64-pc-linux-gnu-library/4.4/TMB/include/tmb_core.hpp:2116:26:   required from here\nPOPULATIONS/POPULATION_0007/INDIVIDUAL_HR6MR6T9/model.cpp:11:15: error: cannot convert \u2018CppAD::AD<CppAD::AD<double> >\u2019 to \u2018double\u2019\n   11 |   return log1p(exp(x));\n      |          ~~~~~^~~~~~~~\n      |               |\n      |               CppAD::AD<CppAD::AD<double> >\n/usr/include/x86_64-linux-gnu/bits/mathcalls.h:122:1: note:   initializing argument 1 of \u2018double log1p(double)\u2019\n  122 | __MATHCALL_VEC (log1p,, (_Mdouble_ __x));\n      | ^\nPOPULATIONS/POPULATION_0007/INDIVIDUAL_HR6MR6T9/model.cpp: In instantiation of \u2018Type softplus(Type) [with Type = CppAD::AD<CppAD::AD<CppAD::AD<double> > >]\u2019:\nPOPULATIONS/POPULATION_0007/INDIVIDUAL_HR6MR6T9/model.cpp:201:54:   required from \u2018Type objective_function<Type>::operator()() [with Type = CppAD::AD<CppAD::AD<CppAD::AD<double> > >]\u2019\n/home/spi085/R/x86_64-pc-linux-gnu-library/4.4/TMB/include/tmb_core.hpp:917:29:   required from \u2018Type objective_function<Type>::evalUserTemplate() [with Type = CppAD::AD<CppAD::AD<CppAD::AD<double> > >]\u2019\n/home/spi085/R/x86_64-pc-linux-gnu-library/4.4/TMB/include/tmb_core.hpp:2365:28:   required from here\nPOPULATIONS/POPULATION_0007/INDIVIDUAL_HR6MR6T9/model.cpp:11:15: error: cannot convert \u2018CppAD::AD<CppAD::AD<CppAD::AD<double> > >\u2019 to \u2018double\u2019\n   11 |   return log1p(exp(x));\n      |          ~~~~~^~~~~~~~\n      |               |\n      |               CppAD::AD<CppAD::AD<CppAD::AD<double> > >\n/usr/include/x86_64-linux-gnu/bits/mathcalls.h:122:1: note:   initializing argument 1 of \u2018double log1p(double)\u2019\n  122 | __MATHCALL_VEC (log1p,, (_Mdouble_ __x));\n      | ^\nmake: *** [/usr/lib/R/etc/Makeconf:204: POPULATIONS/POPULATION_0007/INDIVIDUAL_HR6MR6T9/model.o] Error 1\nError in TMB::compile(file.path(individual_dir, model_file), flags = flags,  : \n  Compilation failed\nError: Compilation failed\nExecution halted"
    },
    "5": {
      "status": "ERROR",
      "message": "R script failed with return code 1",
      "stdout": "g++ -std=gnu++17 -I\"/usr/share/R/include\" -DNDEBUG -I\"/home/spi085/R/x86_64-pc-linux-gnu-library/4.4/TMB/include\" -I\"/home/spi085/R/x86_64-pc-linux-gnu-library/4.4/RcppEigen/include\"   -DTMB_EIGEN_DISABLE_WARNINGS   -DTMB_LIB_INIT=R_init_model  -DCPPAD_FRAMEWORK      -fpic  -O2  -c POPULATIONS/POPULATION_0007/INDIVIDUAL_HR6MR6T9/model.cpp -o POPULATIONS/POPULATION_0007/INDIVIDUAL_HR6MR6T9/model.o\ng++ -std=gnu++17 -shared -L/usr/lib/R/lib -Wl,-Bsymbolic-functions -flto=auto -ffat-lto-objects -Wl,-z,relro -o POPULATIONS/POPULATION_0007/INDIVIDUAL_HR6MR6T9/model.so POPULATIONS/POPULATION_0007/INDIVIDUAL_HR6MR6T9/model.o -L/usr/lib/R/lib -lR\n\nNA counts per required column:\n       Year    cots_dat    fast_dat    slow_dat     sst_dat cotsimm_dat \n          0           0           0           0           0           0 \n\nOut-of-range checks:\nAny cots_dat < 0?  FALSE \nAny fast_dat outside [0,100]?  FALSE \nAny slow_dat outside [0,100]?  FALSE \n\nPARAMETER starts (first few):\n       r_F        r_S        K_F        K_S   alpha_FS   alpha_SF   a_attack \n      0.60       0.25      70.00      60.00       0.30       0.70       1.50 \nh_handling         wF         wS         qF         qS \n      0.50       1.00       0.30      50.00      20.00 \nStarting model phases\nNumber of phases: 3 \nPhase 1 \nError in model phases: Error when reading the variable: 'sd_min'. Please check data and parameters.",
      "stderr": "Loading required package: TMB\nLoading required package: jsonlite\nusing C++ compiler: \u2018g++ (Ubuntu 13.3.0-6ubuntu2~24.04) 13.3.0\u2019\nError in value[[3L]](cond) : \n  Error in model phases: Error when reading the variable: 'sd_min'. Please check data and parameters.\nCalls: tryCatch -> tryCatchList -> tryCatchOne -> <Anonymous>\nIn addition: Warning messages:\n1: In getParameterOrder(data, parameters, new.env(), DLL = DLL) :\n  Expected scalar. Got length=0\n2: In getParameterOrder(data, parameters, new.env(), DLL = DLL) :\n  Expected object. Got NULL.\nExecution halted"
    },
    "6": {
      "status": "ERROR",
      "message": "R script failed with return code -11",
      "stdout": "g++ -std=gnu++17 -I\"/usr/share/R/include\" -DNDEBUG -I\"/home/spi085/R/x86_64-pc-linux-gnu-library/4.4/TMB/include\" -I\"/home/spi085/R/x86_64-pc-linux-gnu-library/4.4/RcppEigen/include\"   -DTMB_EIGEN_DISABLE_WARNINGS   -DTMB_LIB_INIT=R_init_model  -DCPPAD_FRAMEWORK      -fpic  -O2  -c POPULATIONS/POPULATION_0007/INDIVIDUAL_HR6MR6T9/model.cpp -o POPULATIONS/POPULATION_0007/INDIVIDUAL_HR6MR6T9/model.o\ng++ -std=gnu++17 -shared -L/usr/lib/R/lib -Wl,-Bsymbolic-functions -flto=auto -ffat-lto-objects -Wl,-z,relro -o POPULATIONS/POPULATION_0007/INDIVIDUAL_HR6MR6T9/model.so POPULATIONS/POPULATION_0007/INDIVIDUAL_HR6MR6T9/model.o -L/usr/lib/R/lib -lR\n\nNA counts per required column:\n       Year    cots_dat    fast_dat    slow_dat     sst_dat cotsimm_dat \n          0           0           0           0           0           0 \n\nOut-of-range checks:\nAny cots_dat < 0?  FALSE \nAny fast_dat outside [0,100]?  FALSE \nAny slow_dat outside [0,100]?  FALSE \n\nPARAMETER starts (first few):\n       r_F        r_S        K_F        K_S   alpha_FS   alpha_SF   a_attack \n      0.60       0.25      70.00      60.00       0.30       0.70       1.50 \nh_handling         wF         wS         qF         qS \n      0.50       1.00       0.30      50.00      20.00 \nStarting model phases\nNumber of phases: 3 \nPhase 1 \nInitial parameter values for phase 1 :\n        r_F         r_S    a_attack  h_handling          wF          wS \n       0.60        0.25        1.50        0.50        1.00        0.30 \n     r_cots      m_cots   k_density   food_half log_sd_cots log_sd_fast \n       1.20        0.60        0.20        0.20       -0.20        1.10 \nlog_sd_slow \n       1.10 \nFinal parameter values for phase 1 :\n         r_F          r_S     a_attack   h_handling           wF           wS \n 1.059429519  0.711332729  0.065981346  0.064794957  0.065539704  0.011554417 \n      r_cots       m_cots    k_density    food_half  log_sd_cots  log_sd_fast \n 0.214905906  0.000000000  0.592472288  0.002276285 -5.834854374  2.161710336 \n log_sd_slow \n 1.227394985 \nConvergence message: function evaluation limit reached without convergence (9) \nNumber of iterations: 103 \nObjective function value: 189.816 \nGradient at solution for phase 1 :\n         [,1]      [,2]      [,3]        [,4]      [,5]     [,6]      [,7]\n[1,] 2.247543 0.4949826 -5.811422 0.001477312 -5.102407 3.538395 -1.462042\n          [,8]       [,9]    [,10]      [,11]     [,12]      [,13]\n[1,] 0.3511075 -0.6585477 -39.5015 0.01204572 -2.311116 -0.8590297\nPhase 2 \nInitial parameter values for phase 2 :\n          K_F           K_S      alpha_FS      alpha_SF            qF \n         70.0          60.0           0.3           0.7          50.0 \n           qS        e_cots         s_dep         N_dep         s_imm \n         20.0           0.5           3.0           0.3           0.6 \n  T_opt_coral sigma_T_coral    T_opt_cots  sigma_T_cots   mF_temp_max \n         27.0           2.0          27.5           2.5           0.3 \n  mS_temp_max \n          0.2 \nFinal parameter values for phase 2 :\n          K_F           K_S      alpha_FS      alpha_SF            qF \n   57.2246723    23.1591288     0.9565520     0.3054772   134.1971608 \n           qS        e_cots         s_dep         N_dep         s_imm \n   47.4239985     5.0000000    10.0000000     0.0000000     0.2298467 \n  T_opt_coral sigma_T_coral    T_opt_cots  sigma_T_cots   mF_temp_max \n   26.9684685     3.0309897    26.9061319     8.0000000     1.7506747 \n  mS_temp_max \n    1.2792367 \nConvergence message: function evaluation limit reached without convergence (9) \nNumber of iterations: 144 \nObjective function value: 194.7377 \nGradient at solution for phase 2 :\n           [,1]     [,2]     [,3]      [,4]       [,5]       [,6]        [,7]\n[1,] -0.2313816 0.279184 5.319572 -7.866745 0.06020852 -0.0141228 -0.03464237\n           [,8]     [,9]    [,10]     [,11]    [,12]      [,13]       [,14]\n[1,] -0.1266072 5.552578 18.50365 -7.194949 9.475169 0.06293653 -0.01178074\n         [,15]     [,16]\n[1,] -9.371819 -2.398225\nPhase 3",
      "stderr": "Loading required package: TMB\nLoading required package: jsonlite\nusing C++ compiler: \u2018g++ (Ubuntu 13.3.0-6ubuntu2~24.04) 13.3.0\u2019\n\n *** caught segfault ***\naddress 0x8, cause 'memory not mapped'\n\nTraceback:\n 1: MakeADFunObject(data, parameters, reportenv, ADreport = ADreport,     DLL = DLL)\n 2: retape(set.defaults = TRUE)\n 3: MakeADFun(data_in, parameters, DLL = \"model\", silent = TRUE,     map = map)\n 4: doTryCatch(return(expr), name, parentenv, handler)\n 5: tryCatchOne(expr, names, parentenv, handlers[[1L]])\n 6: tryCatchList(expr, classes, parentenv, handlers)\n 7: tryCatch({    for (m in seq(1, n_phases)) {        cat(\"Phase\", m, \"\\n\")        to_fit <- params[params$priority == m & !is.na(params$priority) &             params$import_type == \"PARAMETER\", ]$parameter        map <- generate_map(to_fit)        if (exists(\"model\")) {            parameters <- model$env$parList(fit$par)        }        model <- MakeADFun(data_in, parameters, DLL = \"model\",             silent = TRUE, map = map)        cat(\"Initial parameter values for phase\", m, \":\\n\")        print(model$par)        bounds <- build_bounds_vectors(names(model$par), params)        par0 <- apply_bounds_to_start(model$par, bounds$lower,             bounds$upper)        fit <- nlminb(start = par0, objective = model$fn, gradient = model$gr,             lower = bounds$lower, upper = bounds$upper)        if (is.null(fit)) {            stop(\"Failed to fit model\")        }        cat(\"Final parameter values for phase\", m, \":\\n\")        print(fit$par)        cat(\"Convergence message:\", fit$message, \"\\n\")        cat(\"Number of iterations:\", fit$iterations, \"\\n\")        cat(\"Objective function value:\", fit$objective, \"\\n\")        if (any(is.nan(fit$par)) || any(is.infinite(fit$par))) {            cat(\"WARNING: NaN or Inf values detected in parameters at phase\",                 m, \"\\n\")        }        cat(\"Gradient at solution for phase\", m, \":\\n\")        grad <- model$gr(fit$par)        print(grad)        if (any(is.nan(grad)) || any(is.infinite(grad))) {            cat(\"WARNING: NaN or Inf values detected in gradient at phase\",                 m, \"\\n\")        }        best <- model$env$last.par.best        model$report()    }    cat(\"Final Phase\\n\")    to_fit <- params[!is.na(params$priority) & params$import_type ==         \"PARAMETER\", ]$parameter    map <- generate_map(to_fit)    parameters <- model$env$parList(fit$par)    model <- MakeADFun(data_in, parameters, DLL = \"model\", silent = TRUE,         map = map)    cat(\"Initial parameter values for final phase:\\n\")    print(model$par)    bounds <- build_bounds_vectors(names(model$par), params)    par0 <- apply_bounds_to_start(model$par, bounds$lower, bounds$upper)    fit <- nlminb(start = par0, objective = model$fn, gradient = model$gr,         lower = bounds$lower, upper = bounds$upper)    cat(\"Final parameter values for final phase:\\n\")    print(fit$par)    cat(\"Convergence message:\", fit$message, \"\\n\")    cat(\"Number of iterations:\", fit$iterations, \"\\n\")    cat(\"Objective function value:\", fit$objective, \"\\n\")    if (any(is.nan(fit$par)) || any(is.infinite(fit$par))) {        cat(\"WARNING: NaN or Inf values detected in parameters at final phase\\n\")    }    cat(\"Gradient at solution for final phase:\\n\")    grad <- model$gr(fit$par)    print(grad)    if (any(is.nan(grad)) || any(is.infinite(grad))) {        cat(\"WARNING: NaN or Inf values detected in gradient at final phase\\n\")    }    best <- model$env$last.par.best}, error = function(e) {    error_message <- paste(\"Error in model phases:\", conditionMessage(e))    cat(error_message, \"\\n\")    stop(error_message)})\nAn irrecoverable exception occurred. R is aborting now ..."
    },
    "7": {
      "status": "BROKEN"
    }
  }
}