{
  "iterations": {
    "1": {
      "status": "ERROR",
      "message": "R script failed with return code 1",
      "stdout": "g++ -std=gnu++17  -I\"C:/Users/spi085/AppData/Local/Programs/R/R-4.4.1/include\" -DNDEBUG -I\"C:/Users/spi085/AppData/Local/Programs/R/R-44~1.1/library/TMB/include\" -I\"C:/Users/spi085/AppData/Local/Programs/R/R-44~1.1/library/RCPPEI~1/include\"   -DTMB_EIGEN_DISABLE_WARNINGS   -DTMB_LIB_INIT=R_init_model  -DCPPAD_FRAMEWORK    -I\"C:/rtools44/x86_64-w64-mingw32.static.posix/include\"     -O2 -Wa,-mbig-obj -c POPULATIONS//POPULATION_0008//INDIVIDUAL_A159RC93/model.cpp -o POPULATIONS//POPULATION_0008//INDIVIDUAL_A159RC93/model.o\ng++ -std=gnu++17 -shared -s -static-libgcc -o POPULATIONS//POPULATION_0008//INDIVIDUAL_A159RC93/model.dll tmp.def POPULATIONS//POPULATION_0008//INDIVIDUAL_A159RC93/model.o -LC:/rtools44/x86_64-w64-mingw32.static.posix/lib/x64 -LC:/rtools44/x86_64-w64-mingw32.static.posix/lib -LC:/Users/spi085/AppData/Local/Programs/R/R-4.4.1/bin/x64 -lR\nStarting model phases\nNumber of phases: 4 \nPhase 1 \nInitial parameter values for phase 1 :\n    log_r_cots log_alpha_slow log_alpha_fast \n         -0.22          -2.30          -1.61 \nFinal parameter values for phase 1 :\n    log_r_cots log_alpha_slow log_alpha_fast \n         -0.22          -2.30          -1.61 \nConvergence message: both X-convergence and relative convergence (5) \nNumber of iterations: 1 \nObjective function value: Inf \nGradient at solution for phase 1 :\n     [,1] [,2] [,3]\n[1,]    0    0    0\nPhase 2 \nInitial parameter values for phase 2 :\nlog_K_cots log_r_slow log_r_fast \n      0.69      -1.61      -0.92 \nFinal parameter values for phase 2 :\nlog_K_cots log_r_slow log_r_fast \n      0.69      -1.61      -0.92 \nConvergence message: both X-convergence and relative convergence (5) \nNumber of iterations: 1 \nObjective function value: Inf \nGradient at solution for phase 2 :\n     [,1] [,2] [,3]\n[1,]    0    0    0\nPhase 3 \nInitial parameter values for phase 3 :\n  log_temp_opt log_temp_width \n          3.33           0.69 \nFinal parameter values for phase 3 :\n  log_temp_opt log_temp_width \n          3.33           0.69 \nConvergence message: both X-convergence and relative convergence (5) \nNumber of iterations: 1 \nObjective function value: Inf \nGradient at solution for phase 3 :\n     [,1] [,2]\n[1,]    0    0\nPhase 4 \nInitial parameter values for phase 4 :\nlog_obs_sd \n     -1.61 \nError in model phases: NA/NaN gradient evaluation",
      "stderr": "Loading required package: TMB\nLoading required package: jsonlite\nhere() starts at C:/Users/spi085/OneDrive - CSIRO/Documents/_Projects/SCCP-QuantModelling\nusing C++ compiler: 'G__~1.EXE (GCC) 13.2.0'\nError in value[[3L]](cond) : \n  Error in model phases: NA/NaN gradient evaluation\nCalls: tryCatch -> tryCatchList -> tryCatchOne -> <Anonymous>\nIn addition: Warning messages:\n1: In nlminb(model$par, model$fn, model$gr) : NA/NaN function evaluation\n2: In nlminb(model$par, model$fn, model$gr) : NA/NaN function evaluation\n3: In nlminb(model$par, model$fn, model$gr) : NA/NaN function evaluation\n4: In nlminb(model$par, model$fn, model$gr) : NA/NaN function evaluation\n5: In nlminb(model$par, model$fn, model$gr) : NA/NaN function evaluation\n6: In nlminb(model$par, model$fn, model$gr) : NA/NaN function evaluation\n7: In nlminb(model$par, model$fn, model$gr) : NA/NaN function evaluation\nExecution halted"
    },
    "2": {
      "status": "ERROR",
      "message": "Model failed to compile.",
      "stdout": "g++ -std=gnu++17  -I\"C:/Users/spi085/AppData/Local/Programs/R/R-4.4.1/include\" -DNDEBUG -I\"C:/Users/spi085/AppData/Local/Programs/R/R-44~1.1/library/TMB/include\" -I\"C:/Users/spi085/AppData/Local/Programs/R/R-44~1.1/library/RCPPEI~1/include\"   -DTMB_EIGEN_DISABLE_WARNINGS   -DTMB_LIB_INIT=R_init_model  -DCPPAD_FRAMEWORK    -I\"C:/rtools44/x86_64-w64-mingw32.static.posix/include\"     -O2 -Wa,-mbig-obj -c POPULATIONS//POPULATION_0008//INDIVIDUAL_A159RC93/model.cpp -o POPULATIONS//POPULATION_0008//INDIVIDUAL_A159RC93/model.o",
      "stderr": "Loading required package: TMB\nLoading required package: jsonlite\nhere() starts at C:/Users/spi085/OneDrive - CSIRO/Documents/_Projects/SCCP-QuantModelling\nusing C++ compiler: 'G__~1.EXE (GCC) 13.2.0'\nPOPULATIONS//POPULATION_0008//INDIVIDUAL_A159RC93/model.cpp: In instantiation of 'Type objective_function<Type>::operator()() [with Type = CppAD::AD<double>]':\nC:/Users/spi085/AppData/Local/Programs/R/R-4.4.1/library/TMB/include/tmb_core.hpp:1308:6:   required from here\nPOPULATIONS//POPULATION_0008//INDIVIDUAL_A159RC93/model.cpp:49:21: error: no matching function for call to 'max(Eigen::DenseCoeffsBase<Eigen::Array<CppAD::AD<double>, -1, 1, 0, -1, 1>, 1>::Scalar&, CppAD::AD<double>&)'\n   49 |   cots_pred[0] = max(cots_dat[0], eps);\n      |                  ~~~^~~~~~~~~~~~~~~~~~\nIn file included from C:/Users/spi085/AppData/Local/Programs/R/R-4.4.1/library/TMB/include/TMB.hpp:215,\n                 from POPULATIONS//POPULATION_0008//INDIVIDUAL_A159RC93/model.cpp:1:\nC:/Users/spi085/AppData/Local/Programs/R/R-4.4.1/library/TMB/include/convenience.hpp:145:6: note: candidate: 'template<class Type> Type max(const tmbutils::vector<Type>&)'\n  145 | Type max(const vector<Type> &x)\n      |      ^~~\nC:/Users/spi085/AppData/Local/Programs/R/R-4.4.1/library/TMB/include/convenience.hpp:145:6: note:   template argument deduction/substitution failed:\nPOPULATIONS//POPULATION_0008//INDIVIDUAL_A159RC93/model.cpp:49:21: note:   'Eigen::DenseCoeffsBase<Eigen::Array<CppAD::AD<double>, -1, 1, 0, -1, 1>, 1>::Scalar' {aka 'CppAD::AD<double>'} is not derived from 'const tmbutils::vector<Type>'\n   49 |   cots_pred[0] = max(cots_dat[0], eps);\n      |                  ~~~^~~~~~~~~~~~~~~~~~\nPOPULATIONS//POPULATION_0008//INDIVIDUAL_A159RC93/model.cpp:50:21: error: no matching function for call to 'max(Eigen::DenseCoeffsBase<Eigen::Array<CppAD::AD<double>, -1, 1, 0, -1, 1>, 1>::Scalar&, CppAD::AD<double>&)'\n   50 |   slow_pred[0] = max(slow_dat[0], eps);\n      |                  ~~~^~~~~~~~~~~~~~~~~~\nC:/Users/spi085/AppData/Local/Programs/R/R-4.4.1/library/TMB/include/convenience.hpp:145:6: note: candidate: 'template<class Type> Type max(const tmbutils::vector<Type>&)'\n  145 | Type max(const vector<Type> &x)\n      |      ^~~\nC:/Users/spi085/AppData/Local/Programs/R/R-4.4.1/library/TMB/include/convenience.hpp:145:6: note:   template argument deduction/substitution failed:\nPOPULATIONS//POPULATION_0008//INDIVIDUAL_A159RC93/model.cpp:50:21: note:   'Eigen::DenseCoeffsBase<Eigen::Array<CppAD::AD<double>, -1, 1, 0, -1, 1>, 1>::Scalar' {aka 'CppAD::AD<double>'} is not derived from 'const tmbutils::vector<Type>'\n   50 |   slow_pred[0] = max(slow_dat[0], eps);\n      |                  ~~~^~~~~~~~~~~~~~~~~~\nPOPULATIONS//POPULATION_0008//INDIVIDUAL_A159RC93/model.cpp:51:21: error: no matching function for call to 'max(Eigen::DenseCoeffsBase<Eigen::Array<CppAD::AD<double>, -1, 1, 0, -1, 1>, 1>::Scalar&, CppAD::AD<double>&)'\n   51 |   fast_pred[0] = max(fast_dat[0], eps);\n      |                  ~~~^~~~~~~~~~~~~~~~~~\nC:/Users/spi085/AppData/Local/Programs/R/R-4.4.1/library/TMB/include/convenience.hpp:145:6: note: candidate: 'template<class Type> Type max(const tmbutils::vector<Type>&)'\n  145 | Type max(const vector<Type> &x)\n      |      ^~~\nC:/Users/spi085/AppData/Local/Programs/R/R-4.4.1/library/TMB/include/convenience.hpp:145:6: note:   template argument deduction/substitution failed:\nPOPULATIONS//POPULATION_0008//INDIVIDUAL_A159RC93/model.cpp:51:21: note:   'Eigen::DenseCoeffsBase<Eigen::Array<CppAD::AD<double>, -1, 1, 0, -1, 1>, 1>::Scalar' {aka 'CppAD::AD<double>'} is not derived from 'const tmbutils::vector<Type>'\n   51 |   fast_pred[0] = max(fast_dat[0], eps);\n      |                  ~~~^~~~~~~~~~~~~~~~~~\nPOPULATIONS//POPULATION_0008//INDIVIDUAL_A159RC93/model.cpp:57:26: error: no matching function for call to 'min(CppAD::AD<double>&, CppAD::AD<double>)'\n   57 |     temp_effect = max(min(temp_effect, Type(1.0)), Type(0.01));  // Bound between 0.01 and 1\n      |                       ~~~^~~~~~~~~~~~~~~~~~~~~~~~\nC:/Users/spi085/AppData/Local/Programs/R/R-4.4.1/library/TMB/include/convenience.hpp:156:6: note: candidate: 'template<class Type> Type min(const tmbutils::vector<Type>&)'\n  156 | Type min(const vector<Type> &x)\n      |      ^~~\nC:/Users/spi085/AppData/Local/Programs/R/R-4.4.1/library/TMB/include/convenience.hpp:156:6: note:   template argument deduction/substitution failed:\nPOPULATIONS//POPULATION_0008//INDIVIDUAL_A159RC93/model.cpp:57:26: note:   'CppAD::AD<double>' is not derived from 'const tmbutils::vector<Type>'\n   57 |     temp_effect = max(min(temp_effect, Type(1.0)), Type(0.01));  // Bound between 0.01 and 1\n      |                       ~~~^~~~~~~~~~~~~~~~~~~~~~~~\nPOPULATIONS//POPULATION_0008//INDIVIDUAL_A159RC93/model.cpp:60:23: error: no matching function for call to 'max(CppAD::AD<double>, CppAD::AD<double>)'\n   60 |     Type dd_term = max(Type(0.0), Type(1.0) - cots_pred[t-1]/(K_cots + eps));\n      |                    ~~~^~~~~~~~~~~~~~~~~~~~~~~~~~~~~~~~~~~~~~~~~~~~~~~~~~~~~~\nC:/Users/spi085/AppData/Local/Programs/R/R-4.4.1/library/TMB/include/convenience.hpp:145:6: note: candidate: 'template<class Type> Type max(const tmbutils::vector<Type>&)'\n  145 | Type max(const vector<Type> &x)\n      |      ^~~\nC:/Users/spi085/AppData/Local/Programs/R/R-4.4.1/library/TMB/include/convenience.hpp:145:6: note:   template argument deduction/substitution failed:\nPOPULATIONS//POPULATION_0008//INDIVIDUAL_A159RC93/model.cpp:60:23: note:   'CppAD::AD<double>' is not derived from 'const tmbutils::vector<Type>'\n   60 |     Type dd_term = max(Type(0.0), Type(1.0) - cots_pred[t-1]/(K_cots + eps));\n      |                    ~~~^~~~~~~~~~~~~~~~~~~~~~~~~~~~~~~~~~~~~~~~~~~~~~~~~~~~~~\nPOPULATIONS//POPULATION_0008//INDIVIDUAL_A159RC93/model.cpp:62:23: error: no matching function for call to 'max(CppAD::AD<double>, CppAD::AD<double>&)'\n   62 |     cots_pred[t] = max(cots_pred[t-1] + cots_growth * temp_effect + cotsimm_dat[t], eps);\n      |                    ~~~^~~~~~~~~~~~~~~~~~~~~~~~~~~~~~~~~~~~~~~~~~~~~~~~~~~~~~~~~~~~~~~~~~\nC:/Users/spi085/AppData/Local/Programs/R/R-4.4.1/library/TMB/include/convenience.hpp:145:6: note: candidate: 'template<class Type> Type max(const tmbutils::vector<Type>&)'\n  145 | Type max(const vector<Type> &x)\n      |      ^~~\nC:/Users/spi085/AppData/Local/Programs/R/R-4.4.1/library/TMB/include/convenience.hpp:145:6: note:   template argument deduction/substitution failed:\nPOPULATIONS//POPULATION_0008//INDIVIDUAL_A159RC93/model.cpp:62:23: note:   'CppAD::AD<double>' is not derived from 'const tmbutils::vector<Type>'\n   62 |     cots_pred[t] = max(cots_pred[t-1] + cots_growth * temp_effect + cotsimm_dat[t], eps);\n      |                    ~~~^~~~~~~~~~~~~~~~~~~~~~~~~~~~~~~~~~~~~~~~~~~~~~~~~~~~~~~~~~~~~~~~~~\nPOPULATIONS//POPULATION_0008//INDIVIDUAL_A159RC93/model.cpp:66:31: error: no matching function for call to 'max(CppAD::AD<double>, CppAD::AD<double>)'\n   66 |     Type available_space = max(Type(0.0), max_coral - total_cover);\n      |                            ~~~^~~~~~~~~~~~~~~~~~~~~~~~~~~~~~~~~~~~\nC:/Users/spi085/AppData/Local/Programs/R/R-4.4.1/library/TMB/include/convenience.hpp:145:6: note: candidate: 'template<class Type> Type max(const tmbutils::vector<Type>&)'\n  145 | Type max(const vector<Type> &x)\n      |      ^~~\nC:/Users/spi085/AppData/Local/Programs/R/R-4.4.1/library/TMB/include/convenience.hpp:145:6: note:   template argument deduction/substitution failed:\nPOPULATIONS//POPULATION_0008//INDIVIDUAL_A159RC93/model.cpp:66:31: note:   'CppAD::AD<double>' is not derived from 'const tmbutils::vector<Type>'\n   66 |     Type available_space = max(Type(0.0), max_coral - total_cover);\n      |                            ~~~^~~~~~~~~~~~~~~~~~~~~~~~~~~~~~~~~~~~\nPOPULATIONS//POPULATION_0008//INDIVIDUAL_A159RC93/model.cpp:73:23: error: no matching function for call to 'max(CppAD::AD<double>, CppAD::AD<double>&)'\n   73 |     slow_pred[t] = max(slow_pred[t-1] + slow_growth -\n      |                    ~~~^~~~~~~~~~~~~~~~~~~~~~~~~~~~~~~\n   74 |                    alpha_slow * cots_pred[t] * slow_pred[t-1], eps);\n      |                    ~~~~~~~~~~~~~~~~~~~~~~~~~~~~~~~~~~~~~~~~~~~~~~~~\nC:/Users/spi085/AppData/Local/Programs/R/R-4.4.1/library/TMB/include/convenience.hpp:145:6: note: candidate: 'template<class Type> Type max(const tmbutils::vector<Type>&)'\n  145 | Type max(const vector<Type> &x)\n      |      ^~~\nC:/Users/spi085/AppData/Local/Programs/R/R-4.4.1/library/TMB/include/convenience.hpp:145:6: note:   template argument deduction/substitution failed:\nPOPULATIONS//POPULATION_0008//INDIVIDUAL_A159RC93/model.cpp:73:23: note:   'CppAD::AD<double>' is not derived from 'const tmbutils::vector<Type>'\n   73 |     slow_pred[t] = max(slow_pred[t-1] + slow_growth -\n      |                    ~~~^~~~~~~~~~~~~~~~~~~~~~~~~~~~~~~\n   74 |                    alpha_slow * cots_pred[t] * slow_pred[t-1], eps);\n      |                    ~~~~~~~~~~~~~~~~~~~~~~~~~~~~~~~~~~~~~~~~~~~~~~~~\nPOPULATIONS//POPULATION_0008//INDIVIDUAL_A159RC93/model.cpp:75:23: error: no matching function for call to 'max(CppAD::AD<double>, CppAD::AD<double>&)'\n   75 |     fast_pred[t] = max(fast_pred[t-1] + fast_growth -\n      |                    ~~~^~~~~~~~~~~~~~~~~~~~~~~~~~~~~~~\n   76 |                    alpha_fast * cots_pred[t] * fast_pred[t-1], eps);\n      |                    ~~~~~~~~~~~~~~~~~~~~~~~~~~~~~~~~~~~~~~~~~~~~~~~~\nC:/Users/spi085/AppData/Local/Programs/R/R-4.4.1/library/TMB/include/convenience.hpp:145:6: note: candidate: 'template<class Type> Type max(const tmbutils::vector<Type>&)'\n  145 | Type max(const vector<Type> &x)\n      |      ^~~\nC:/Users/spi085/AppData/Local/Programs/R/R-4.4.1/library/TMB/include/convenience.hpp:145:6: note:   template argument deduction/substitution failed:\nPOPULATIONS//POPULATION_0008//INDIVIDUAL_A159RC93/model.cpp:75:23: note:   'CppAD::AD<double>' is not derived from 'const tmbutils::vector<Type>'\n   75 |     fast_pred[t] = max(fast_pred[t-1] + fast_growth -\n      |                    ~~~^~~~~~~~~~~~~~~~~~~~~~~~~~~~~~~\n   76 |                    alpha_fast * cots_pred[t] * fast_pred[t-1], eps);\n      |                    ~~~~~~~~~~~~~~~~~~~~~~~~~~~~~~~~~~~~~~~~~~~~~~~~\nPOPULATIONS//POPULATION_0008//INDIVIDUAL_A159RC93/model.cpp:79:23: error: no matching function for call to 'min(Eigen::DenseCoeffsBase<Eigen::Array<CppAD::AD<double>, -1, 1, 0, -1, 1>, 1>::Scalar&, CppAD::AD<double>&)'\n   79 |     slow_pred[t] = min(slow_pred[t], max_coral);\n      |                    ~~~^~~~~~~~~~~~~~~~~~~~~~~~~\nC:/Users/spi085/AppData/Local/Programs/R/R-4.4.1/library/TMB/include/convenience.hpp:156:6: note: candidate: 'template<class Type> Type min(const tmbutils::vector<Type>&)'\n  156 | Type min(const vector<Type> &x)\n      |      ^~~\nC:/Users/spi085/AppData/Local/Programs/R/R-4.4.1/library/TMB/include/convenience.hpp:156:6: note:   template argument deduction/substitution failed:\nPOPULATIONS//POPULATION_0008//INDIVIDUAL_A159RC93/model.cpp:79:23: note:   'Eigen::DenseCoeffsBase<Eigen::Array<CppAD::AD<double>, -1, 1, 0, -1, 1>, 1>::Scalar' {aka 'CppAD::AD<double>'} is not derived from 'const tmbutils::vector<Type>'\n   79 |     slow_pred[t] = min(slow_pred[t], max_coral);\n      |                    ~~~^~~~~~~~~~~~~~~~~~~~~~~~~\nPOPULATIONS//POPULATION_0008//INDIVIDUAL_A159RC93/model.cpp:80:23: error: no matching function for call to 'min(Eigen::DenseCoeffsBase<Eigen::Array<CppAD::AD<double>, -1, 1, 0, -1, 1>, 1>::Scalar&, CppAD::AD<double>&)'\n   80 |     fast_pred[t] = min(fast_pred[t], max_coral);\n      |                    ~~~^~~~~~~~~~~~~~~~~~~~~~~~~\nC:/Users/spi085/AppData/Local/Programs/R/R-4.4.1/library/TMB/include/convenience.hpp:156:6: note: candidate: 'template<class Type> Type min(const tmbutils::vector<Type>&)'\n  156 | Type min(const vector<Type> &x)\n      |      ^~~\nC:/Users/spi085/AppData/Local/Programs/R/R-4.4.1/library/TMB/include/convenience.hpp:156:6: note:   template argument deduction/substitution failed:\nPOPULATIONS//POPULATION_0008//INDIVIDUAL_A159RC93/model.cpp:80:23: note:   'Eigen::DenseCoeffsBase<Eigen::Array<CppAD::AD<double>, -1, 1, 0, -1, 1>, 1>::Scalar' {aka 'CppAD::AD<double>'} is not derived from 'const tmbutils::vector<Type>'\n   80 |     fast_pred[t] = min(fast_pred[t], max_coral);\n      |                    ~~~^~~~~~~~~~~~~~~~~~~~~~~~~\nPOPULATIONS//POPULATION_0008//INDIVIDUAL_A159RC93/model.cpp:81:23: error: no matching function for call to 'min(Eigen::DenseCoeffsBase<Eigen::Array<CppAD::AD<double>, -1, 1, 0, -1, 1>, 1>::Scalar&, CppAD::AD<double>&)'\n   81 |     cots_pred[t] = min(cots_pred[t], K_cots);\n      |                    ~~~^~~~~~~~~~~~~~~~~~~~~~\nC:/Users/spi085/AppData/Local/Programs/R/R-4.4.1/library/TMB/include/convenience.hpp:156:6: note: candidate: 'template<class Type> Type min(const tmbutils::vector<Type>&)'\n  156 | Type min(const vector<Type> &x)\n      |      ^~~\nC:/Users/spi085/AppData/Local/Programs/R/R-4.4.1/library/TMB/include/convenience.hpp:156:6: note:   template argument deduction/substitution failed:\nPOPULATIONS//POPULATION_0008//INDIVIDUAL_A159RC93/model.cpp:81:23: note:   'Eigen::DenseCoeffsBase<Eigen::Array<CppAD::AD<double>, -1, 1, 0, -1, 1>, 1>::Scalar' {aka 'CppAD::AD<double>'} is not derived from 'const tmbutils::vector<Type>'\n   81 |     cots_pred[t] = min(cots_pred[t], K_cots);\n      |                    ~~~^~~~~~~~~~~~~~~~~~~~~~\nPOPULATIONS//POPULATION_0008//INDIVIDUAL_A159RC93/model.cpp:87:23: error: no matching function for call to 'max(CppAD::AD<double>&, CppAD::AD<double>&)'\n   87 |     effective_sd = max(obs_sd, min_sd);\n      |                    ~~~^~~~~~~~~~~~~~~~\nC:/Users/spi085/AppData/Local/Programs/R/R-4.4.1/library/TMB/include/convenience.hpp:145:6: note: candidate: 'template<class Type> Type max(const tmbutils::vector<Type>&)'\n  145 | Type max(const vector<Type> &x)\n      |      ^~~\nC:/Users/spi085/AppData/Local/Programs/R/R-4.4.1/library/TMB/include/convenience.hpp:145:6: note:   template argument deduction/substitution failed:\nPOPULATIONS//POPULATION_0008//INDIVIDUAL_A159RC93/model.cpp:87:23: note:   'CppAD::AD<double>' is not derived from 'const tmbutils::vector<Type>'\n   87 |     effective_sd = max(obs_sd, min_sd);\n      |                    ~~~^~~~~~~~~~~~~~~~\nPOPULATIONS//POPULATION_0008//INDIVIDUAL_A159RC93/model.cpp: In instantiation of 'Type objective_function<Type>::operator()() [with Type = double]':\nC:/Users/spi085/AppData/Local/Programs/R/R-4.4.1/library/TMB/include/tmb_core.hpp:2031:7:   required from here\nPOPULATIONS//POPULATION_0008//INDIVIDUAL_A159RC93/model.cpp:49:21: error: no matching function for call to 'max(Eigen::DenseCoeffsBase<Eigen::Array<double, -1, 1>, 1>::Scalar&, double&)'\n   49 |   cots_pred[0] = max(cots_dat[0], eps);\n      |                  ~~~^~~~~~~~~~~~~~~~~~\nC:/Users/spi085/AppData/Local/Programs/R/R-4.4.1/library/TMB/include/convenience.hpp:145:6: note: candidate: 'template<class Type> Type max(const tmbutils::vector<Type>&)'\n  145 | Type max(const vector<Type> &x)\n      |      ^~~\nC:/Users/spi085/AppData/Local/Programs/R/R-4.4.1/library/TMB/include/convenience.hpp:145:6: note:   template argument deduction/substitution failed:\nPOPULATIONS//POPULATION_0008//INDIVIDUAL_A159RC93/model.cpp:49:21: note:   mismatched types 'const tmbutils::vector<Type>' and 'Eigen::DenseCoeffsBase<Eigen::Array<double, -1, 1>, 1>::Scalar' {aka 'double'}\n   49 |   cots_pred[0] = max(cots_dat[0], eps);\n      |                  ~~~^~~~~~~~~~~~~~~~~~\nPOPULATIONS//POPULATION_0008//INDIVIDUAL_A159RC93/model.cpp:50:21: error: no matching function for call to 'max(Eigen::DenseCoeffsBase<Eigen::Array<double, -1, 1>, 1>::Scalar&, double&)'\n   50 |   slow_pred[0] = max(slow_dat[0], eps);\n      |                  ~~~^~~~~~~~~~~~~~~~~~\nC:/Users/spi085/AppData/Local/Programs/R/R-4.4.1/library/TMB/include/convenience.hpp:145:6: note: candidate: 'template<class Type> Type max(const tmbutils::vector<Type>&)'\n  145 | Type max(const vector<Type> &x)\n      |      ^~~\nC:/Users/spi085/AppData/Local/Programs/R/R-4.4.1/library/TMB/include/convenience.hpp:145:6: note:   template argument deduction/substitution failed:\nPOPULATIONS//POPULATION_0008//INDIVIDUAL_A159RC93/model.cpp:50:21: note:   mismatched types 'const tmbutils::vector<Type>' and 'Eigen::DenseCoeffsBase<Eigen::Array<double, -1, 1>, 1>::Scalar' {aka 'double'}\n   50 |   slow_pred[0] = max(slow_dat[0], eps);\n      |                  ~~~^~~~~~~~~~~~~~~~~~\nPOPULATIONS//POPULATION_0008//INDIVIDUAL_A159RC93/model.cpp:51:21: error: no matching function for call to 'max(Eigen::DenseCoeffsBase<Eigen::Array<double, -1, 1>, 1>::Scalar&, double&)'\n   51 |   fast_pred[0] = max(fast_dat[0], eps);\n      |                  ~~~^~~~~~~~~~~~~~~~~~\nC:/Users/spi085/AppData/Local/Programs/R/R-4.4.1/library/TMB/include/convenience.hpp:145:6: note: candidate: 'template<class Type> Type max(const tmbutils::vector<Type>&)'\n  145 | Type max(const vector<Type> &x)\n      |      ^~~\nC:/Users/spi085/AppData/Local/Programs/R/R-4.4.1/library/TMB/include/convenience.hpp:145:6: note:   template argument deduction/substitution failed:\nPOPULATIONS//POPULATION_0008//INDIVIDUAL_A159RC93/model.cpp:51:21: note:   mismatched types 'const tmbutils::vector<Type>' and 'Eigen::DenseCoeffsBase<Eigen::Array<double, -1, 1>, 1>::Scalar' {aka 'double'}\n   51 |   fast_pred[0] = max(fast_dat[0], eps);\n      |                  ~~~^~~~~~~~~~~~~~~~~~\nPOPULATIONS//POPULATION_0008//INDIVIDUAL_A159RC93/model.cpp:57:26: error: no matching function for call to 'min(double&, double)'\n   57 |     temp_effect = max(min(temp_effect, Type(1.0)), Type(0.01));  // Bound between 0.01 and 1\n      |                       ~~~^~~~~~~~~~~~~~~~~~~~~~~~\nC:/Users/spi085/AppData/Local/Programs/R/R-4.4.1/library/TMB/include/convenience.hpp:156:6: note: candidate: 'template<class Type> Type min(const tmbutils::vector<Type>&)'\n  156 | Type min(const vector<Type> &x)\n      |      ^~~\nC:/Users/spi085/AppData/Local/Programs/R/R-4.4.1/library/TMB/include/convenience.hpp:156:6: note:   template argument deduction/substitution failed:\nPOPULATIONS//POPULATION_0008//INDIVIDUAL_A159RC93/model.cpp:57:26: note:   mismatched types 'const tmbutils::vector<Type>' and 'double'\n   57 |     temp_effect = max(min(temp_effect, Type(1.0)), Type(0.01));  // Bound between 0.01 and 1\n      |                       ~~~^~~~~~~~~~~~~~~~~~~~~~~~\nPOPULATIONS//POPULATION_0008//INDIVIDUAL_A159RC93/model.cpp:60:23: error: no matching function for call to 'max(double, double)'\n   60 |     Type dd_term = max(Type(0.0), Type(1.0) - cots_pred[t-1]/(K_cots + eps));\n      |                    ~~~^~~~~~~~~~~~~~~~~~~~~~~~~~~~~~~~~~~~~~~~~~~~~~~~~~~~~~\nC:/Users/spi085/AppData/Local/Programs/R/R-4.4.1/library/TMB/include/convenience.hpp:145:6: note: candidate: 'template<class Type> Type max(const tmbutils::vector<Type>&)'\n  145 | Type max(const vector<Type> &x)\n      |      ^~~\nC:/Users/spi085/AppData/Local/Programs/R/R-4.4.1/library/TMB/include/convenience.hpp:145:6: note:   template argument deduction/substitution failed:\nPOPULATIONS//POPULATION_0008//INDIVIDUAL_A159RC93/model.cpp:60:23: note:   mismatched types 'const tmbutils::vector<Type>' and 'double'\n   60 |     Type dd_term = max(Type(0.0), Type(1.0) - cots_pred[t-1]/(K_cots + eps));\n      |                    ~~~^~~~~~~~~~~~~~~~~~~~~~~~~~~~~~~~~~~~~~~~~~~~~~~~~~~~~~\nPOPULATIONS//POPULATION_0008//INDIVIDUAL_A159RC93/model.cpp:62:23: error: no matching function for call to 'max(Eigen::DenseCoeffsBase<Eigen::Array<double, -1, 1>, 1>::Scalar, double&)'\n   62 |     cots_pred[t] = max(cots_pred[t-1] + cots_growth * temp_effect + cotsimm_dat[t], eps);\n      |                    ~~~^~~~~~~~~~~~~~~~~~~~~~~~~~~~~~~~~~~~~~~~~~~~~~~~~~~~~~~~~~~~~~~~~~\nC:/Users/spi085/AppData/Local/Programs/R/R-4.4.1/library/TMB/include/convenience.hpp:145:6: note: candidate: 'template<class Type> Type max(const tmbutils::vector<Type>&)'\n  145 | Type max(const vector<Type> &x)\n      |      ^~~\nC:/Users/spi085/AppData/Local/Programs/R/R-4.4.1/library/TMB/include/convenience.hpp:145:6: note:   template argument deduction/substitution failed:\nPOPULATIONS//POPULATION_0008//INDIVIDUAL_A159RC93/model.cpp:62:23: note:   mismatched types 'const tmbutils::vector<Type>' and 'Eigen::DenseCoeffsBase<Eigen::Array<double, -1, 1>, 1>::Scalar' {aka 'double'}\n   62 |     cots_pred[t] = max(cots_pred[t-1] + cots_growth * temp_effect + cotsimm_dat[t], eps);\n      |                    ~~~^~~~~~~~~~~~~~~~~~~~~~~~~~~~~~~~~~~~~~~~~~~~~~~~~~~~~~~~~~~~~~~~~~\nPOPULATIONS//POPULATION_0008//INDIVIDUAL_A159RC93/model.cpp:66:31: error: no matching function for call to 'max(double, double)'\n   66 |     Type available_space = max(Type(0.0), max_coral - total_cover);\n      |                            ~~~^~~~~~~~~~~~~~~~~~~~~~~~~~~~~~~~~~~~\nC:/Users/spi085/AppData/Local/Programs/R/R-4.4.1/library/TMB/include/convenience.hpp:145:6: note: candidate: 'template<class Type> Type max(const tmbutils::vector<Type>&)'\n  145 | Type max(const vector<Type> &x)\n      |      ^~~\nC:/Users/spi085/AppData/Local/Programs/R/R-4.4.1/library/TMB/include/convenience.hpp:145:6: note:   template argument deduction/substitution failed:\nPOPULATIONS//POPULATION_0008//INDIVIDUAL_A159RC93/model.cpp:66:31: note:   mismatched types 'const tmbutils::vector<Type>' and 'double'\n   66 |     Type available_space = max(Type(0.0), max_coral - total_cover);\n      |                            ~~~^~~~~~~~~~~~~~~~~~~~~~~~~~~~~~~~~~~~\nPOPULATIONS//POPULATION_0008//INDIVIDUAL_A159RC93/model.cpp:73:23: error: no matching function for call to 'max(Eigen::DenseCoeffsBase<Eigen::Array<double, -1, 1>, 1>::Scalar, double&)'\n   73 |     slow_pred[t] = max(slow_pred[t-1] + slow_growth -\n      |                    ~~~^~~~~~~~~~~~~~~~~~~~~~~~~~~~~~~\n   74 |                    alpha_slow * cots_pred[t] * slow_pred[t-1], eps);\n      |                    ~~~~~~~~~~~~~~~~~~~~~~~~~~~~~~~~~~~~~~~~~~~~~~~~\nC:/Users/spi085/AppData/Local/Programs/R/R-4.4.1/library/TMB/include/convenience.hpp:145:6: note: candidate: 'template<class Type> Type max(const tmbutils::vector<Type>&)'\n  145 | Type max(const vector<Type> &x)\n      |      ^~~\nC:/Users/spi085/AppData/Local/Programs/R/R-4.4.1/library/TMB/include/convenience.hpp:145:6: note:   template argument deduction/substitution failed:\nPOPULATIONS//POPULATION_0008//INDIVIDUAL_A159RC93/model.cpp:73:23: note:   mismatched types 'const tmbutils::vector<Type>' and 'Eigen::DenseCoeffsBase<Eigen::Array<double, -1, 1>, 1>::Scalar' {aka 'double'}\n   73 |     slow_pred[t] = max(slow_pred[t-1] + slow_growth -\n      |                    ~~~^~~~~~~~~~~~~~~~~~~~~~~~~~~~~~~\n   74 |                    alpha_slow * cots_pred[t] * slow_pred[t-1], eps);\n      |                    ~~~~~~~~~~~~~~~~~~~~~~~~~~~~~~~~~~~~~~~~~~~~~~~~\nPOPULATIONS//POPULATION_0008//INDIVIDUAL_A159RC93/model.cpp:75:23: error: no matching function for call to 'max(Eigen::DenseCoeffsBase<Eigen::Array<double, -1, 1>, 1>::Scalar, double&)'\n   75 |     fast_pred[t] = max(fast_pred[t-1] + fast_growth -\n      |                    ~~~^~~~~~~~~~~~~~~~~~~~~~~~~~~~~~~\n   76 |                    alpha_fast * cots_pred[t] * fast_pred[t-1], eps);\n      |                    ~~~~~~~~~~~~~~~~~~~~~~~~~~~~~~~~~~~~~~~~~~~~~~~~\nC:/Users/spi085/AppData/Local/Programs/R/R-4.4.1/library/TMB/include/convenience.hpp:145:6: note: candidate: 'template<class Type> Type max(const tmbutils::vector<Type>&)'\n  145 | Type max(const vector<Type> &x)\n      |      ^~~\nC:/Users/spi085/AppData/Local/Programs/R/R-4.4.1/library/TMB/include/convenience.hpp:145:6: note:   template argument deduction/substitution failed:\nPOPULATIONS//POPULATION_0008//INDIVIDUAL_A159RC93/model.cpp:75:23: note:   mismatched types 'const tmbutils::vector<Type>' and 'Eigen::DenseCoeffsBase<Eigen::Array<double, -1, 1>, 1>::Scalar' {aka 'double'}\n   75 |     fast_pred[t] = max(fast_pred[t-1] + fast_growth -\n      |                    ~~~^~~~~~~~~~~~~~~~~~~~~~~~~~~~~~~\n   76 |                    alpha_fast * cots_pred[t] * fast_pred[t-1], eps);\n      |                    ~~~~~~~~~~~~~~~~~~~~~~~~~~~~~~~~~~~~~~~~~~~~~~~~\nPOPULATIONS//POPULATION_0008//INDIVIDUAL_A159RC93/model.cpp:79:23: error: no matching function for call to 'min(Eigen::DenseCoeffsBase<Eigen::Array<double, -1, 1>, 1>::Scalar&, double&)'\n   79 |     slow_pred[t] = min(slow_pred[t], max_coral);\n      |                    ~~~^~~~~~~~~~~~~~~~~~~~~~~~~\nC:/Users/spi085/AppData/Local/Programs/R/R-4.4.1/library/TMB/include/convenience.hpp:156:6: note: candidate: 'template<class Type> Type min(const tmbutils::vector<Type>&)'\n  156 | Type min(const vector<Type> &x)\n      |      ^~~\nC:/Users/spi085/AppData/Local/Programs/R/R-4.4.1/library/TMB/include/convenience.hpp:156:6: note:   template argument deduction/substitution failed:\nPOPULATIONS//POPULATION_0008//INDIVIDUAL_A159RC93/model.cpp:79:23: note:   mismatched types 'const tmbutils::vector<Type>' and 'Eigen::DenseCoeffsBase<Eigen::Array<double, -1, 1>, 1>::Scalar' {aka 'double'}\n   79 |     slow_pred[t] = min(slow_pred[t], max_coral);\n      |                    ~~~^~~~~~~~~~~~~~~~~~~~~~~~~\nPOPULATIONS//POPULATION_0008//INDIVIDUAL_A159RC93/model.cpp:80:23: error: no matching function for call to 'min(Eigen::DenseCoeffsBase<Eigen::Array<double, -1, 1>, 1>::Scalar&, double&)'\n   80 |     fast_pred[t] = min(fast_pred[t], max_coral);\n      |                    ~~~^~~~~~~~~~~~~~~~~~~~~~~~~\nC:/Users/spi085/AppData/Local/Programs/R/R-4.4.1/library/TMB/include/convenience.hpp:156:6: note: candidate: 'template<class Type> Type min(const tmbutils::vector<Type>&)'\n  156 | Type min(const vector<Type> &x)\n      |      ^~~\nC:/Users/spi085/AppData/Local/Programs/R/R-4.4.1/library/TMB/include/convenience.hpp:156:6: note:   template argument deduction/substitution failed:\nPOPULATIONS//POPULATION_0008//INDIVIDUAL_A159RC93/model.cpp:80:23: note:   mismatched types 'const tmbutils::vector<Type>' and 'Eigen::DenseCoeffsBase<Eigen::Array<double, -1, 1>, 1>::Scalar' {aka 'double'}\n   80 |     fast_pred[t] = min(fast_pred[t], max_coral);\n      |                    ~~~^~~~~~~~~~~~~~~~~~~~~~~~~\nPOPULATIONS//POPULATION_0008//INDIVIDUAL_A159RC93/model.cpp:81:23: error: no matching function for call to 'min(Eigen::DenseCoeffsBase<Eigen::Array<double, -1, 1>, 1>::Scalar&, double&)'\n   81 |     cots_pred[t] = min(cots_pred[t], K_cots);\n      |                    ~~~^~~~~~~~~~~~~~~~~~~~~~\nC:/Users/spi085/AppData/Local/Programs/R/R-4.4.1/library/TMB/include/convenience.hpp:156:6: note: candidate: 'template<class Type> Type min(const tmbutils::vector<Type>&)'\n  156 | Type min(const vector<Type> &x)\n      |      ^~~\nC:/Users/spi085/AppData/Local/Programs/R/R-4.4.1/library/TMB/include/convenience.hpp:156:6: note:   template argument deduction/substitution failed:\nPOPULATIONS//POPULATION_0008//INDIVIDUAL_A159RC93/model.cpp:81:23: note:   mismatched types 'const tmbutils::vector<Type>' and 'Eigen::DenseCoeffsBase<Eigen::Array<double, -1, 1>, 1>::Scalar' {aka 'double'}\n   81 |     cots_pred[t] = min(cots_pred[t], K_cots);\n      |                    ~~~^~~~~~~~~~~~~~~~~~~~~~\nPOPULATIONS//POPULATION_0008//INDIVIDUAL_A159RC93/model.cpp:87:23: error: no matching function for call to 'max(double&, double&)'\n   87 |     effective_sd = max(obs_sd, min_sd);\n      |                    ~~~^~~~~~~~~~~~~~~~\nC:/Users/spi085/AppData/Local/Programs/R/R-4.4.1/library/TMB/include/convenience.hpp:145:6: note: candidate: 'template<class Type> Type max(const tmbutils::vector<Type>&)'\n  145 | Type max(const vector<Type> &x)\n      |      ^~~\nC:/Users/spi085/AppData/Local/Programs/R/R-4.4.1/library/TMB/include/convenience.hpp:145:6: note:   template argument deduction/substitution failed:\nPOPULATIONS//POPULATION_0008//INDIVIDUAL_A159RC93/model.cpp:87:23: note:   mismatched types 'const tmbutils::vector<Type>' and 'double'\n   87 |     effective_sd = max(obs_sd, min_sd);\n      |                    ~~~^~~~~~~~~~~~~~~~\nPOPULATIONS//POPULATION_0008//INDIVIDUAL_A159RC93/model.cpp: In instantiation of 'Type objective_function<Type>::operator()() [with Type = CppAD::AD<CppAD::AD<double> >]':\nC:/Users/spi085/AppData/Local/Programs/R/R-4.4.1/library/TMB/include/tmb_core.hpp:913:29:   required from 'Type objective_function<Type>::evalUserTemplate() [with Type = CppAD::AD<CppAD::AD<double> >]'\nC:/Users/spi085/AppData/Local/Programs/R/R-4.4.1/library/TMB/include/tmb_core.hpp:2112:26:   required from here\nPOPULATIONS//POPULATION_0008//INDIVIDUAL_A159RC93/model.cpp:49:21: error: no matching function for call to 'max(Eigen::DenseCoeffsBase<Eigen::Array<CppAD::AD<CppAD::AD<double> >, -1, 1, 0, -1, 1>, 1>::Scalar&, CppAD::AD<CppAD::AD<double> >&)'\n   49 |   cots_pred[0] = max(cots_dat[0], eps);\n      |                  ~~~^~~~~~~~~~~~~~~~~~\nC:/Users/spi085/AppData/Local/Programs/R/R-4.4.1/library/TMB/include/convenience.hpp:145:6: note: candidate: 'template<class Type> Type max(const tmbutils::vector<Type>&)'\n  145 | Type max(const vector<Type> &x)\n      |      ^~~\nC:/Users/spi085/AppData/Local/Programs/R/R-4.4.1/library/TMB/include/convenience.hpp:145:6: note:   template argument deduction/substitution failed:\nPOPULATIONS//POPULATION_0008//INDIVIDUAL_A159RC93/model.cpp:49:21: note:   'Eigen::DenseCoeffsBase<Eigen::Array<CppAD::AD<CppAD::AD<double> >, -1, 1, 0, -1, 1>, 1>::Scalar' {aka 'CppAD::AD<CppAD::AD<double> >'} is not derived from 'const tmbutils::vector<Type>'\n   49 |   cots_pred[0] = max(cots_dat[0], eps);\n      |                  ~~~^~~~~~~~~~~~~~~~~~\nPOPULATIONS//POPULATION_0008//INDIVIDUAL_A159RC93/model.cpp:50:21: error: no matching function for call to 'max(Eigen::DenseCoeffsBase<Eigen::Array<CppAD::AD<CppAD::AD<double> >, -1, 1, 0, -1, 1>, 1>::Scalar&, CppAD::AD<CppAD::AD<double> >&)'\n   50 |   slow_pred[0] = max(slow_dat[0], eps);\n      |                  ~~~^~~~~~~~~~~~~~~~~~\nC:/Users/spi085/AppData/Local/Programs/R/R-4.4.1/library/TMB/include/convenience.hpp:145:6: note: candidate: 'template<class Type> Type max(const tmbutils::vector<Type>&)'\n  145 | Type max(const vector<Type> &x)\n      |      ^~~\nC:/Users/spi085/AppData/Local/Programs/R/R-4.4.1/library/TMB/include/convenience.hpp:145:6: note:   template argument deduction/substitution failed:\nPOPULATIONS//POPULATION_0008//INDIVIDUAL_A159RC93/model.cpp:50:21: note:   'Eigen::DenseCoeffsBase<Eigen::Array<CppAD::AD<CppAD::AD<double> >, -1, 1, 0, -1, 1>, 1>::Scalar' {aka 'CppAD::AD<CppAD::AD<double> >'} is not derived from 'const tmbutils::vector<Type>'\n   50 |   slow_pred[0] = max(slow_dat[0], eps);\n      |                  ~~~^~~~~~~~~~~~~~~~~~\nPOPULATIONS//POPULATION_0008//INDIVIDUAL_A159RC93/model.cpp:51:21: error: no matching function for call to 'max(Eigen::DenseCoeffsBase<Eigen::Array<CppAD::AD<CppAD::AD<double> >, -1, 1, 0, -1, 1>, 1>::Scalar&, CppAD::AD<CppAD::AD<double> >&)'\n   51 |   fast_pred[0] = max(fast_dat[0], eps);\n      |                  ~~~^~~~~~~~~~~~~~~~~~\nC:/Users/spi085/AppData/Local/Programs/R/R-4.4.1/library/TMB/include/convenience.hpp:145:6: note: candidate: 'template<class Type> Type max(const tmbutils::vector<Type>&)'\n  145 | Type max(const vector<Type> &x)\n      |      ^~~\nC:/Users/spi085/AppData/Local/Programs/R/R-4.4.1/library/TMB/include/convenience.hpp:145:6: note:   template argument deduction/substitution failed:\nPOPULATIONS//POPULATION_0008//INDIVIDUAL_A159RC93/model.cpp:51:21: note:   'Eigen::DenseCoeffsBase<Eigen::Array<CppAD::AD<CppAD::AD<double> >, -1, 1, 0, -1, 1>, 1>::Scalar' {aka 'CppAD::AD<CppAD::AD<double> >'} is not derived from 'const tmbutils::vector<Type>'\n   51 |   fast_pred[0] = max(fast_dat[0], eps);\n      |                  ~~~^~~~~~~~~~~~~~~~~~\nPOPULATIONS//POPULATION_0008//INDIVIDUAL_A159RC93/model.cpp:57:26: error: no matching function for call to 'min(CppAD::AD<CppAD::AD<double> >&, CppAD::AD<CppAD::AD<double> >)'\n   57 |     temp_effect = max(min(temp_effect, Type(1.0)), Type(0.01));  // Bound between 0.01 and 1\n      |                       ~~~^~~~~~~~~~~~~~~~~~~~~~~~\nC:/Users/spi085/AppData/Local/Programs/R/R-4.4.1/library/TMB/include/convenience.hpp:156:6: note: candidate: 'template<class Type> Type min(const tmbutils::vector<Type>&)'\n  156 | Type min(const vector<Type> &x)\n      |      ^~~\nC:/Users/spi085/AppData/Local/Programs/R/R-4.4.1/library/TMB/include/convenience.hpp:156:6: note:   template argument deduction/substitution failed:\nPOPULATIONS//POPULATION_0008//INDIVIDUAL_A159RC93/model.cpp:57:26: note:   'CppAD::AD<CppAD::AD<double> >' is not derived from 'const tmbutils::vector<Type>'\n   57 |     temp_effect = max(min(temp_effect, Type(1.0)), Type(0.01));  // Bound between 0.01 and 1\n      |                       ~~~^~~~~~~~~~~~~~~~~~~~~~~~\nPOPULATIONS//POPULATION_0008//INDIVIDUAL_A159RC93/model.cpp:60:23: error: no matching function for call to 'max(CppAD::AD<CppAD::AD<double> >, CppAD::AD<CppAD::AD<double> >)'\n   60 |     Type dd_term = max(Type(0.0), Type(1.0) - cots_pred[t-1]/(K_cots + eps));\n      |                    ~~~^~~~~~~~~~~~~~~~~~~~~~~~~~~~~~~~~~~~~~~~~~~~~~~~~~~~~~\nC:/Users/spi085/AppData/Local/Programs/R/R-4.4.1/library/TMB/include/convenience.hpp:145:6: note: candidate: 'template<class Type> Type max(const tmbutils::vector<Type>&)'\n  145 | Type max(const vector<Type> &x)\n      |      ^~~\nC:/Users/spi085/AppData/Local/Programs/R/R-4.4.1/library/TMB/include/convenience.hpp:145:6: note:   template argument deduction/substitution failed:\nPOPULATIONS//POPULATION_0008//INDIVIDUAL_A159RC93/model.cpp:60:23: note:   'CppAD::AD<CppAD::AD<double> >' is not derived from 'const tmbutils::vector<Type>'\n   60 |     Type dd_term = max(Type(0.0), Type(1.0) - cots_pred[t-1]/(K_cots + eps));\n      |                    ~~~^~~~~~~~~~~~~~~~~~~~~~~~~~~~~~~~~~~~~~~~~~~~~~~~~~~~~~\nPOPULATIONS//POPULATION_0008//INDIVIDUAL_A159RC93/model.cpp:62:23: error: no matching function for call to 'max(CppAD::AD<CppAD::AD<double> >, CppAD::AD<CppAD::AD<double> >&)'\n   62 |     cots_pred[t] = max(cots_pred[t-1] + cots_growth * temp_effect + cotsimm_dat[t], eps);\n      |                    ~~~^~~~~~~~~~~~~~~~~~~~~~~~~~~~~~~~~~~~~~~~~~~~~~~~~~~~~~~~~~~~~~~~~~\nC:/Users/spi085/AppData/Local/Programs/R/R-4.4.1/library/TMB/include/convenience.hpp:145:6: note: candidate: 'template<class Type> Type max(const tmbutils::vector<Type>&)'\n  145 | Type max(const vector<Type> &x)\n      |      ^~~\nC:/Users/spi085/AppData/Local/Programs/R/R-4.4.1/library/TMB/include/convenience.hpp:145:6: note:   template argument deduction/substitution failed:\nPOPULATIONS//POPULATION_0008//INDIVIDUAL_A159RC93/model.cpp:62:23: note:   'CppAD::AD<CppAD::AD<double> >' is not derived from 'const tmbutils::vector<Type>'\n   62 |     cots_pred[t] = max(cots_pred[t-1] + cots_growth * temp_effect + cotsimm_dat[t], eps);\n      |                    ~~~^~~~~~~~~~~~~~~~~~~~~~~~~~~~~~~~~~~~~~~~~~~~~~~~~~~~~~~~~~~~~~~~~~\nPOPULATIONS//POPULATION_0008//INDIVIDUAL_A159RC93/model.cpp:66:31: error: no matching function for call to 'max(CppAD::AD<CppAD::AD<double> >, CppAD::AD<CppAD::AD<double> >)'\n   66 |     Type available_space = max(Type(0.0), max_coral - total_cover);\n      |                            ~~~^~~~~~~~~~~~~~~~~~~~~~~~~~~~~~~~~~~~\nC:/Users/spi085/AppData/Local/Programs/R/R-4.4.1/library/TMB/include/convenience.hpp:145:6: note: candidate: 'template<class Type> Type max(const tmbutils::vector<Type>&)'\n  145 | Type max(const vector<Type> &x)\n      |      ^~~\nC:/Users/spi085/AppData/Local/Programs/R/R-4.4.1/library/TMB/include/convenience.hpp:145:6: note:   template argument deduction/substitution failed:\nPOPULATIONS//POPULATION_0008//INDIVIDUAL_A159RC93/model.cpp:66:31: note:   'CppAD::AD<CppAD::AD<double> >' is not derived from 'const tmbutils::vector<Type>'\n   66 |     Type available_space = max(Type(0.0), max_coral - total_cover);\n      |                            ~~~^~~~~~~~~~~~~~~~~~~~~~~~~~~~~~~~~~~~\nPOPULATIONS//POPULATION_0008//INDIVIDUAL_A159RC93/model.cpp:73:23: error: no matching function for call to 'max(CppAD::AD<CppAD::AD<double> >, CppAD::AD<CppAD::AD<double> >&)'\n   73 |     slow_pred[t] = max(slow_pred[t-1] + slow_growth -\n      |                    ~~~^~~~~~~~~~~~~~~~~~~~~~~~~~~~~~~\n   74 |                    alpha_slow * cots_pred[t] * slow_pred[t-1], eps);\n      |                    ~~~~~~~~~~~~~~~~~~~~~~~~~~~~~~~~~~~~~~~~~~~~~~~~\nC:/Users/spi085/AppData/Local/Programs/R/R-4.4.1/library/TMB/include/convenience.hpp:145:6: note: candidate: 'template<class Type> Type max(const tmbutils::vector<Type>&)'\n  145 | Type max(const vector<Type> &x)\n      |      ^~~\nC:/Users/spi085/AppData/Local/Programs/R/R-4.4.1/library/TMB/include/convenience.hpp:145:6: note:   template argument deduction/substitution failed:\nPOPULATIONS//POPULATION_0008//INDIVIDUAL_A159RC93/model.cpp:73:23: note:   'CppAD::AD<CppAD::AD<double> >' is not derived from 'const tmbutils::vector<Type>'\n   73 |     slow_pred[t] = max(slow_pred[t-1] + slow_growth -\n      |                    ~~~^~~~~~~~~~~~~~~~~~~~~~~~~~~~~~~\n   74 |                    alpha_slow * cots_pred[t] * slow_pred[t-1], eps);\n      |                    ~~~~~~~~~~~~~~~~~~~~~~~~~~~~~~~~~~~~~~~~~~~~~~~~\nPOPULATIONS//POPULATION_0008//INDIVIDUAL_A159RC93/model.cpp:75:23: error: no matching function for call to 'max(CppAD::AD<CppAD::AD<double> >, CppAD::AD<CppAD::AD<double> >&)'\n   75 |     fast_pred[t] = max(fast_pred[t-1] + fast_growth -\n      |                    ~~~^~~~~~~~~~~~~~~~~~~~~~~~~~~~~~~\n   76 |                    alpha_fast * cots_pred[t] * fast_pred[t-1], eps);\n      |                    ~~~~~~~~~~~~~~~~~~~~~~~~~~~~~~~~~~~~~~~~~~~~~~~~\nC:/Users/spi085/AppData/Local/Programs/R/R-4.4.1/library/TMB/include/convenience.hpp:145:6: note: candidate: 'template<class Type> Type max(const tmbutils::vector<Type>&)'\n  145 | Type max(const vector<Type> &x)\n      |      ^~~\nC:/Users/spi085/AppData/Local/Programs/R/R-4.4.1/library/TMB/include/convenience.hpp:145:6: note:   template argument deduction/substitution failed:\nPOPULATIONS//POPULATION_0008//INDIVIDUAL_A159RC93/model.cpp:75:23: note:   'CppAD::AD<CppAD::AD<double> >' is not derived from 'const tmbutils::vector<Type>'\n   75 |     fast_pred[t] = max(fast_pred[t-1] + fast_growth -\n      |                    ~~~^~~~~~~~~~~~~~~~~~~~~~~~~~~~~~~\n   76 |                    alpha_fast * cots_pred[t] * fast_pred[t-1], eps);\n      |                    ~~~~~~~~~~~~~~~~~~~~~~~~~~~~~~~~~~~~~~~~~~~~~~~~\nPOPULATIONS//POPULATION_0008//INDIVIDUAL_A159RC93/model.cpp:79:23: error: no matching function for call to 'min(Eigen::DenseCoeffsBase<Eigen::Array<CppAD::AD<CppAD::AD<double> >, -1, 1, 0, -1, 1>, 1>::Scalar&, CppAD::AD<CppAD::AD<double> >&)'\n   79 |     slow_pred[t] = min(slow_pred[t], max_coral);\n      |                    ~~~^~~~~~~~~~~~~~~~~~~~~~~~~\nC:/Users/spi085/AppData/Local/Programs/R/R-4.4.1/library/TMB/include/convenience.hpp:156:6: note: candidate: 'template<class Type> Type min(const tmbutils::vector<Type>&)'\n  156 | Type min(const vector<Type> &x)\n      |      ^~~\nC:/Users/spi085/AppData/Local/Programs/R/R-4.4.1/library/TMB/include/convenience.hpp:156:6: note:   template argument deduction/substitution failed:\nPOPULATIONS//POPULATION_0008//INDIVIDUAL_A159RC93/model.cpp:79:23: note:   'Eigen::DenseCoeffsBase<Eigen::Array<CppAD::AD<CppAD::AD<double> >, -1, 1, 0, -1, 1>, 1>::Scalar' {aka 'CppAD::AD<CppAD::AD<double> >'} is not derived from 'const tmbutils::vector<Type>'\n   79 |     slow_pred[t] = min(slow_pred[t], max_coral);\n      |                    ~~~^~~~~~~~~~~~~~~~~~~~~~~~~\nPOPULATIONS//POPULATION_0008//INDIVIDUAL_A159RC93/model.cpp:80:23: error: no matching function for call to 'min(Eigen::DenseCoeffsBase<Eigen::Array<CppAD::AD<CppAD::AD<double> >, -1, 1, 0, -1, 1>, 1>::Scalar&, CppAD::AD<CppAD::AD<double> >&)'\n   80 |     fast_pred[t] = min(fast_pred[t], max_coral);\n      |                    ~~~^~~~~~~~~~~~~~~~~~~~~~~~~\nC:/Users/spi085/AppData/Local/Programs/R/R-4.4.1/library/TMB/include/convenience.hpp:156:6: note: candidate: 'template<class Type> Type min(const tmbutils::vector<Type>&)'\n  156 | Type min(const vector<Type> &x)\n      |      ^~~\nC:/Users/spi085/AppData/Local/Programs/R/R-4.4.1/library/TMB/include/convenience.hpp:156:6: note:   template argument deduction/substitution failed:\nPOPULATIONS//POPULATION_0008//INDIVIDUAL_A159RC93/model.cpp:80:23: note:   'Eigen::DenseCoeffsBase<Eigen::Array<CppAD::AD<CppAD::AD<double> >, -1, 1, 0, -1, 1>, 1>::Scalar' {aka 'CppAD::AD<CppAD::AD<double> >'} is not derived from 'const tmbutils::vector<Type>'\n   80 |     fast_pred[t] = min(fast_pred[t], max_coral);\n      |                    ~~~^~~~~~~~~~~~~~~~~~~~~~~~~\nPOPULATIONS//POPULATION_0008//INDIVIDUAL_A159RC93/model.cpp:81:23: error: no matching function for call to 'min(Eigen::DenseCoeffsBase<Eigen::Array<CppAD::AD<CppAD::AD<double> >, -1, 1, 0, -1, 1>, 1>::Scalar&, CppAD::AD<CppAD::AD<double> >&)'\n   81 |     cots_pred[t] = min(cots_pred[t], K_cots);\n      |                    ~~~^~~~~~~~~~~~~~~~~~~~~~\nC:/Users/spi085/AppData/Local/Programs/R/R-4.4.1/library/TMB/include/convenience.hpp:156:6: note: candidate: 'template<class Type> Type min(const tmbutils::vector<Type>&)'\n  156 | Type min(const vector<Type> &x)\n      |      ^~~\nC:/Users/spi085/AppData/Local/Programs/R/R-4.4.1/library/TMB/include/convenience.hpp:156:6: note:   template argument deduction/substitution failed:\nPOPULATIONS//POPULATION_0008//INDIVIDUAL_A159RC93/model.cpp:81:23: note:   'Eigen::DenseCoeffsBase<Eigen::Array<CppAD::AD<CppAD::AD<double> >, -1, 1, 0, -1, 1>, 1>::Scalar' {aka 'CppAD::AD<CppAD::AD<double> >'} is not derived from 'const tmbutils::vector<Type>'\n   81 |     cots_pred[t] = min(cots_pred[t], K_cots);\n      |                    ~~~^~~~~~~~~~~~~~~~~~~~~~\nPOPULATIONS//POPULATION_0008//INDIVIDUAL_A159RC93/model.cpp:87:23: error: no matching function for call to 'max(CppAD::AD<CppAD::AD<double> >&, CppAD::AD<CppAD::AD<double> >&)'\n   87 |     effective_sd = max(obs_sd, min_sd);\n      |                    ~~~^~~~~~~~~~~~~~~~\nC:/Users/spi085/AppData/Local/Programs/R/R-4.4.1/library/TMB/include/convenience.hpp:145:6: note: candidate: 'template<class Type> Type max(const tmbutils::vector<Type>&)'\n  145 | Type max(const vector<Type> &x)\n      |      ^~~\nC:/Users/spi085/AppData/Local/Programs/R/R-4.4.1/library/TMB/include/convenience.hpp:145:6: note:   template argument deduction/substitution failed:\nPOPULATIONS//POPULATION_0008//INDIVIDUAL_A159RC93/model.cpp:87:23: note:   'CppAD::AD<CppAD::AD<double> >' is not derived from 'const tmbutils::vector<Type>'\n   87 |     effective_sd = max(obs_sd, min_sd);\n      |                    ~~~^~~~~~~~~~~~~~~~\nPOPULATIONS//POPULATION_0008//INDIVIDUAL_A159RC93/model.cpp: In instantiation of 'Type objective_function<Type>::operator()() [with Type = CppAD::AD<CppAD::AD<CppAD::AD<double> > >]':\nC:/Users/spi085/AppData/Local/Programs/R/R-4.4.1/library/TMB/include/tmb_core.hpp:913:29:   required from 'Type objective_function<Type>::evalUserTemplate() [with Type = CppAD::AD<CppAD::AD<CppAD::AD<double> > >]'\nC:/Users/spi085/AppData/Local/Programs/R/R-4.4.1/library/TMB/include/tmb_core.hpp:2361:28:   required from here\nPOPULATIONS//POPULATION_0008//INDIVIDUAL_A159RC93/model.cpp:49:21: error: no matching function for call to 'max(Eigen::DenseCoeffsBase<Eigen::Array<CppAD::AD<CppAD::AD<CppAD::AD<double> > >, -1, 1, 0, -1, 1>, 1>::Scalar&, CppAD::AD<CppAD::AD<CppAD::AD<double> > >&)'\n   49 |   cots_pred[0] = max(cots_dat[0], eps);\n      |                  ~~~^~~~~~~~~~~~~~~~~~\nC:/Users/spi085/AppData/Local/Programs/R/R-4.4.1/library/TMB/include/convenience.hpp:145:6: note: candidate: 'template<class Type> Type max(const tmbutils::vector<Type>&)'\n  145 | Type max(const vector<Type> &x)\n      |      ^~~\nC:/Users/spi085/AppData/Local/Programs/R/R-4.4.1/library/TMB/include/convenience.hpp:145:6: note:   template argument deduction/substitution failed:\nPOPULATIONS//POPULATION_0008//INDIVIDUAL_A159RC93/model.cpp:49:21: note:   'Eigen::DenseCoeffsBase<Eigen::Array<CppAD::AD<CppAD::AD<CppAD::AD<double> > >, -1, 1, 0, -1, 1>, 1>::Scalar' {aka 'CppAD::AD<CppAD::AD<CppAD::AD<double> > >'} is not derived from 'const tmbutils::vector<Type>'\n   49 |   cots_pred[0] = max(cots_dat[0], eps);\n      |                  ~~~^~~~~~~~~~~~~~~~~~\nPOPULATIONS//POPULATION_0008//INDIVIDUAL_A159RC93/model.cpp:50:21: error: no matching function for call to 'max(Eigen::DenseCoeffsBase<Eigen::Array<CppAD::AD<CppAD::AD<CppAD::AD<double> > >, -1, 1, 0, -1, 1>, 1>::Scalar&, CppAD::AD<CppAD::AD<CppAD::AD<double> > >&)'\n   50 |   slow_pred[0] = max(slow_dat[0], eps);\n      |                  ~~~^~~~~~~~~~~~~~~~~~\nC:/Users/spi085/AppData/Local/Programs/R/R-4.4.1/library/TMB/include/convenience.hpp:145:6: note: candidate: 'template<class Type> Type max(const tmbutils::vector<Type>&)'\n  145 | Type max(const vector<Type> &x)\n      |      ^~~\nC:/Users/spi085/AppData/Local/Programs/R/R-4.4.1/library/TMB/include/convenience.hpp:145:6: note:   template argument deduction/substitution failed:\nPOPULATIONS//POPULATION_0008//INDIVIDUAL_A159RC93/model.cpp:50:21: note:   'Eigen::DenseCoeffsBase<Eigen::Array<CppAD::AD<CppAD::AD<CppAD::AD<double> > >, -1, 1, 0, -1, 1>, 1>::Scalar' {aka 'CppAD::AD<CppAD::AD<CppAD::AD<double> > >'} is not derived from 'const tmbutils::vector<Type>'\n   50 |   slow_pred[0] = max(slow_dat[0], eps);\n      |                  ~~~^~~~~~~~~~~~~~~~~~\nPOPULATIONS//POPULATION_0008//INDIVIDUAL_A159RC93/model.cpp:51:21: error: no matching function for call to 'max(Eigen::DenseCoeffsBase<Eigen::Array<CppAD::AD<CppAD::AD<CppAD::AD<double> > >, -1, 1, 0, -1, 1>, 1>::Scalar&, CppAD::AD<CppAD::AD<CppAD::AD<double> > >&)'\n   51 |   fast_pred[0] = max(fast_dat[0], eps);\n      |                  ~~~^~~~~~~~~~~~~~~~~~\nC:/Users/spi085/AppData/Local/Programs/R/R-4.4.1/library/TMB/include/convenience.hpp:145:6: note: candidate: 'template<class Type> Type max(const tmbutils::vector<Type>&)'\n  145 | Type max(const vector<Type> &x)\n      |      ^~~\nC:/Users/spi085/AppData/Local/Programs/R/R-4.4.1/library/TMB/include/convenience.hpp:145:6: note:   template argument deduction/substitution failed:\nPOPULATIONS//POPULATION_0008//INDIVIDUAL_A159RC93/model.cpp:51:21: note:   'Eigen::DenseCoeffsBase<Eigen::Array<CppAD::AD<CppAD::AD<CppAD::AD<double> > >, -1, 1, 0, -1, 1>, 1>::Scalar' {aka 'CppAD::AD<CppAD::AD<CppAD::AD<double> > >'} is not derived from 'const tmbutils::vector<Type>'\n   51 |   fast_pred[0] = max(fast_dat[0], eps);\n      |                  ~~~^~~~~~~~~~~~~~~~~~\nPOPULATIONS//POPULATION_0008//INDIVIDUAL_A159RC93/model.cpp:57:26: error: no matching function for call to 'min(CppAD::AD<CppAD::AD<CppAD::AD<double> > >&, CppAD::AD<CppAD::AD<CppAD::AD<double> > >)'\n   57 |     temp_effect = max(min(temp_effect, Type(1.0)), Type(0.01));  // Bound between 0.01 and 1\n      |                       ~~~^~~~~~~~~~~~~~~~~~~~~~~~\nC:/Users/spi085/AppData/Local/Programs/R/R-4.4.1/library/TMB/include/convenience.hpp:156:6: note: candidate: 'template<class Type> Type min(const tmbutils::vector<Type>&)'\n  156 | Type min(const vector<Type> &x)\n      |      ^~~\nC:/Users/spi085/AppData/Local/Programs/R/R-4.4.1/library/TMB/include/convenience.hpp:156:6: note:   template argument deduction/substitution failed:\nPOPULATIONS//POPULATION_0008//INDIVIDUAL_A159RC93/model.cpp:57:26: note:   'CppAD::AD<CppAD::AD<CppAD::AD<double> > >' is not derived from 'const tmbutils::vector<Type>'\n   57 |     temp_effect = max(min(temp_effect, Type(1.0)), Type(0.01));  // Bound between 0.01 and 1\n      |                       ~~~^~~~~~~~~~~~~~~~~~~~~~~~\nPOPULATIONS//POPULATION_0008//INDIVIDUAL_A159RC93/model.cpp:60:23: error: no matching function for call to 'max(CppAD::AD<CppAD::AD<CppAD::AD<double> > >, CppAD::AD<CppAD::AD<CppAD::AD<double> > >)'\n   60 |     Type dd_term = max(Type(0.0), Type(1.0) - cots_pred[t-1]/(K_cots + eps));\n      |                    ~~~^~~~~~~~~~~~~~~~~~~~~~~~~~~~~~~~~~~~~~~~~~~~~~~~~~~~~~\nC:/Users/spi085/AppData/Local/Programs/R/R-4.4.1/library/TMB/include/convenience.hpp:145:6: note: candidate: 'template<class Type> Type max(const tmbutils::vector<Type>&)'\n  145 | Type max(const vector<Type> &x)\n      |      ^~~\nC:/Users/spi085/AppData/Local/Programs/R/R-4.4.1/library/TMB/include/convenience.hpp:145:6: note:   template argument deduction/substitution failed:\nPOPULATIONS//POPULATION_0008//INDIVIDUAL_A159RC93/model.cpp:60:23: note:   'CppAD::AD<CppAD::AD<CppAD::AD<double> > >' is not derived from 'const tmbutils::vector<Type>'\n   60 |     Type dd_term = max(Type(0.0), Type(1.0) - cots_pred[t-1]/(K_cots + eps));\n      |                    ~~~^~~~~~~~~~~~~~~~~~~~~~~~~~~~~~~~~~~~~~~~~~~~~~~~~~~~~~\nPOPULATIONS//POPULATION_0008//INDIVIDUAL_A159RC93/model.cpp:62:23: error: no matching function for call to 'max(CppAD::AD<CppAD::AD<CppAD::AD<double> > >, CppAD::AD<CppAD::AD<CppAD::AD<double> > >&)'\n   62 |     cots_pred[t] = max(cots_pred[t-1] + cots_growth * temp_effect + cotsimm_dat[t], eps);\n      |                    ~~~^~~~~~~~~~~~~~~~~~~~~~~~~~~~~~~~~~~~~~~~~~~~~~~~~~~~~~~~~~~~~~~~~~\nC:/Users/spi085/AppData/Local/Programs/R/R-4.4.1/library/TMB/include/convenience.hpp:145:6: note: candidate: 'template<class Type> Type max(const tmbutils::vector<Type>&)'\n  145 | Type max(const vector<Type> &x)\n      |      ^~~\nC:/Users/spi085/AppData/Local/Programs/R/R-4.4.1/library/TMB/include/convenience.hpp:145:6: note:   template argument deduction/substitution failed:\nPOPULATIONS//POPULATION_0008//INDIVIDUAL_A159RC93/model.cpp:62:23: note:   'CppAD::AD<CppAD::AD<CppAD::AD<double> > >' is not derived from 'const tmbutils::vector<Type>'\n   62 |     cots_pred[t] = max(cots_pred[t-1] + cots_growth * temp_effect + cotsimm_dat[t], eps);\n      |                    ~~~^~~~~~~~~~~~~~~~~~~~~~~~~~~~~~~~~~~~~~~~~~~~~~~~~~~~~~~~~~~~~~~~~~\nPOPULATIONS//POPULATION_0008//INDIVIDUAL_A159RC93/model.cpp:66:31: error: no matching function for call to 'max(CppAD::AD<CppAD::AD<CppAD::AD<double> > >, CppAD::AD<CppAD::AD<CppAD::AD<double> > >)'\n   66 |     Type available_space = max(Type(0.0), max_coral - total_cover);\n      |                            ~~~^~~~~~~~~~~~~~~~~~~~~~~~~~~~~~~~~~~~\nC:/Users/spi085/AppData/Local/Programs/R/R-4.4.1/library/TMB/include/convenience.hpp:145:6: note: candidate: 'template<class Type> Type max(const tmbutils::vector<Type>&)'\n  145 | Type max(const vector<Type> &x)\n      |      ^~~\nC:/Users/spi085/AppData/Local/Programs/R/R-4.4.1/library/TMB/include/convenience.hpp:145:6: note:   template argument deduction/substitution failed:\nPOPULATIONS//POPULATION_0008//INDIVIDUAL_A159RC93/model.cpp:66:31: note:   'CppAD::AD<CppAD::AD<CppAD::AD<double> > >' is not derived from 'const tmbutils::vector<Type>'\n   66 |     Type available_space = max(Type(0.0), max_coral - total_cover);\n      |                            ~~~^~~~~~~~~~~~~~~~~~~~~~~~~~~~~~~~~~~~\nPOPULATIONS//POPULATION_0008//INDIVIDUAL_A159RC93/model.cpp:73:23: error: no matching function for call to 'max(CppAD::AD<CppAD::AD<CppAD::AD<double> > >, CppAD::AD<CppAD::AD<CppAD::AD<double> > >&)'\n   73 |     slow_pred[t] = max(slow_pred[t-1] + slow_growth -\n      |                    ~~~^~~~~~~~~~~~~~~~~~~~~~~~~~~~~~~\n   74 |                    alpha_slow * cots_pred[t] * slow_pred[t-1], eps);\n      |                    ~~~~~~~~~~~~~~~~~~~~~~~~~~~~~~~~~~~~~~~~~~~~~~~~\nC:/Users/spi085/AppData/Local/Programs/R/R-4.4.1/library/TMB/include/convenience.hpp:145:6: note: candidate: 'template<class Type> Type max(const tmbutils::vector<Type>&)'\n  145 | Type max(const vector<Type> &x)\n      |      ^~~\nC:/Users/spi085/AppData/Local/Programs/R/R-4.4.1/library/TMB/include/convenience.hpp:145:6: note:   template argument deduction/substitution failed:\nPOPULATIONS//POPULATION_0008//INDIVIDUAL_A159RC93/model.cpp:73:23: note:   'CppAD::AD<CppAD::AD<CppAD::AD<double> > >' is not derived from 'const tmbutils::vector<Type>'\n   73 |     slow_pred[t] = max(slow_pred[t-1] + slow_growth -\n      |                    ~~~^~~~~~~~~~~~~~~~~~~~~~~~~~~~~~~\n   74 |                    alpha_slow * cots_pred[t] * slow_pred[t-1], eps);\n      |                    ~~~~~~~~~~~~~~~~~~~~~~~~~~~~~~~~~~~~~~~~~~~~~~~~\nPOPULATIONS//POPULATION_0008//INDIVIDUAL_A159RC93/model.cpp:75:23: error: no matching function for call to 'max(CppAD::AD<CppAD::AD<CppAD::AD<double> > >, CppAD::AD<CppAD::AD<CppAD::AD<double> > >&)'\n   75 |     fast_pred[t] = max(fast_pred[t-1] + fast_growth -\n      |                    ~~~^~~~~~~~~~~~~~~~~~~~~~~~~~~~~~~\n   76 |                    alpha_fast * cots_pred[t] * fast_pred[t-1], eps);\n      |                    ~~~~~~~~~~~~~~~~~~~~~~~~~~~~~~~~~~~~~~~~~~~~~~~~\nC:/Users/spi085/AppData/Local/Programs/R/R-4.4.1/library/TMB/include/convenience.hpp:145:6: note: candidate: 'template<class Type> Type max(const tmbutils::vector<Type>&)'\n  145 | Type max(const vector<Type> &x)\n      |      ^~~\nC:/Users/spi085/AppData/Local/Programs/R/R-4.4.1/library/TMB/include/convenience.hpp:145:6: note:   template argument deduction/substitution failed:\nPOPULATIONS//POPULATION_0008//INDIVIDUAL_A159RC93/model.cpp:75:23: note:   'CppAD::AD<CppAD::AD<CppAD::AD<double> > >' is not derived from 'const tmbutils::vector<Type>'\n   75 |     fast_pred[t] = max(fast_pred[t-1] + fast_growth -\n      |                    ~~~^~~~~~~~~~~~~~~~~~~~~~~~~~~~~~~\n   76 |                    alpha_fast * cots_pred[t] * fast_pred[t-1], eps);\n      |                    ~~~~~~~~~~~~~~~~~~~~~~~~~~~~~~~~~~~~~~~~~~~~~~~~\nPOPULATIONS//POPULATION_0008//INDIVIDUAL_A159RC93/model.cpp:79:23: error: no matching function for call to 'min(Eigen::DenseCoeffsBase<Eigen::Array<CppAD::AD<CppAD::AD<CppAD::AD<double> > >, -1, 1, 0, -1, 1>, 1>::Scalar&, CppAD::AD<CppAD::AD<CppAD::AD<double> > >&)'\n   79 |     slow_pred[t] = min(slow_pred[t], max_coral);\n      |                    ~~~^~~~~~~~~~~~~~~~~~~~~~~~~\nC:/Users/spi085/AppData/Local/Programs/R/R-4.4.1/library/TMB/include/convenience.hpp:156:6: note: candidate: 'template<class Type> Type min(const tmbutils::vector<Type>&)'\n  156 | Type min(const vector<Type> &x)\n      |      ^~~\nC:/Users/spi085/AppData/Local/Programs/R/R-4.4.1/library/TMB/include/convenience.hpp:156:6: note:   template argument deduction/substitution failed:\nPOPULATIONS//POPULATION_0008//INDIVIDUAL_A159RC93/model.cpp:79:23: note:   'Eigen::DenseCoeffsBase<Eigen::Array<CppAD::AD<CppAD::AD<CppAD::AD<double> > >, -1, 1, 0, -1, 1>, 1>::Scalar' {aka 'CppAD::AD<CppAD::AD<CppAD::AD<double> > >'} is not derived from 'const tmbutils::vector<Type>'\n   79 |     slow_pred[t] = min(slow_pred[t], max_coral);\n      |                    ~~~^~~~~~~~~~~~~~~~~~~~~~~~~\nPOPULATIONS//POPULATION_0008//INDIVIDUAL_A159RC93/model.cpp:80:23: error: no matching function for call to 'min(Eigen::DenseCoeffsBase<Eigen::Array<CppAD::AD<CppAD::AD<CppAD::AD<double> > >, -1, 1, 0, -1, 1>, 1>::Scalar&, CppAD::AD<CppAD::AD<CppAD::AD<double> > >&)'\n   80 |     fast_pred[t] = min(fast_pred[t], max_coral);\n      |                    ~~~^~~~~~~~~~~~~~~~~~~~~~~~~\nC:/Users/spi085/AppData/Local/Programs/R/R-4.4.1/library/TMB/include/convenience.hpp:156:6: note: candidate: 'template<class Type> Type min(const tmbutils::vector<Type>&)'\n  156 | Type min(const vector<Type> &x)\n      |      ^~~\nC:/Users/spi085/AppData/Local/Programs/R/R-4.4.1/library/TMB/include/convenience.hpp:156:6: note:   template argument deduction/substitution failed:\nPOPULATIONS//POPULATION_0008//INDIVIDUAL_A159RC93/model.cpp:80:23: note:   'Eigen::DenseCoeffsBase<Eigen::Array<CppAD::AD<CppAD::AD<CppAD::AD<double> > >, -1, 1, 0, -1, 1>, 1>::Scalar' {aka 'CppAD::AD<CppAD::AD<CppAD::AD<double> > >'} is not derived from 'const tmbutils::vector<Type>'\n   80 |     fast_pred[t] = min(fast_pred[t], max_coral);\n      |                    ~~~^~~~~~~~~~~~~~~~~~~~~~~~~\nPOPULATIONS//POPULATION_0008//INDIVIDUAL_A159RC93/model.cpp:81:23: error: no matching function for call to 'min(Eigen::DenseCoeffsBase<Eigen::Array<CppAD::AD<CppAD::AD<CppAD::AD<double> > >, -1, 1, 0, -1, 1>, 1>::Scalar&, CppAD::AD<CppAD::AD<CppAD::AD<double> > >&)'\n   81 |     cots_pred[t] = min(cots_pred[t], K_cots);\n      |                    ~~~^~~~~~~~~~~~~~~~~~~~~~\nC:/Users/spi085/AppData/Local/Programs/R/R-4.4.1/library/TMB/include/convenience.hpp:156:6: note: candidate: 'template<class Type> Type min(const tmbutils::vector<Type>&)'\n  156 | Type min(const vector<Type> &x)\n      |      ^~~\nC:/Users/spi085/AppData/Local/Programs/R/R-4.4.1/library/TMB/include/convenience.hpp:156:6: note:   template argument deduction/substitution failed:\nPOPULATIONS//POPULATION_0008//INDIVIDUAL_A159RC93/model.cpp:81:23: note:   'Eigen::DenseCoeffsBase<Eigen::Array<CppAD::AD<CppAD::AD<CppAD::AD<double> > >, -1, 1, 0, -1, 1>, 1>::Scalar' {aka 'CppAD::AD<CppAD::AD<CppAD::AD<double> > >'} is not derived from 'const tmbutils::vector<Type>'\n   81 |     cots_pred[t] = min(cots_pred[t], K_cots);\n      |                    ~~~^~~~~~~~~~~~~~~~~~~~~~\nPOPULATIONS//POPULATION_0008//INDIVIDUAL_A159RC93/model.cpp:87:23: error: no matching function for call to 'max(CppAD::AD<CppAD::AD<CppAD::AD<double> > >&, CppAD::AD<CppAD::AD<CppAD::AD<double> > >&)'\n   87 |     effective_sd = max(obs_sd, min_sd);\n      |                    ~~~^~~~~~~~~~~~~~~~\nC:/Users/spi085/AppData/Local/Programs/R/R-4.4.1/library/TMB/include/convenience.hpp:145:6: note: candidate: 'template<class Type> Type max(const tmbutils::vector<Type>&)'\n  145 | Type max(const vector<Type> &x)\n      |      ^~~\nC:/Users/spi085/AppData/Local/Programs/R/R-4.4.1/library/TMB/include/convenience.hpp:145:6: note:   template argument deduction/substitution failed:\nPOPULATIONS//POPULATION_0008//INDIVIDUAL_A159RC93/model.cpp:87:23: note:   'CppAD::AD<CppAD::AD<CppAD::AD<double> > >' is not derived from 'const tmbutils::vector<Type>'\n   87 |     effective_sd = max(obs_sd, min_sd);\n      |                    ~~~^~~~~~~~~~~~~~~~\nmake: *** [C:/Users/spi085/AppData/Local/Programs/R/R-4.4.1/etc/x64/Makeconf:296: POPULATIONS//POPULATION_0008//INDIVIDUAL_A159RC93/model.o] Error 1\nError in TMB::compile(file.path(individual_dir, model_file), flags = flags,  : \n  Compilation failed\nError: Compilation failed\nExecution halted"
    },
    "3": {
      "status": "ERROR",
      "message": "R script failed with return code 1",
      "stdout": "g++ -std=gnu++17  -I\"C:/Users/spi085/AppData/Local/Programs/R/R-4.4.1/include\" -DNDEBUG -I\"C:/Users/spi085/AppData/Local/Programs/R/R-44~1.1/library/TMB/include\" -I\"C:/Users/spi085/AppData/Local/Programs/R/R-44~1.1/library/RCPPEI~1/include\"   -DTMB_EIGEN_DISABLE_WARNINGS   -DTMB_LIB_INIT=R_init_model  -DCPPAD_FRAMEWORK    -I\"C:/rtools44/x86_64-w64-mingw32.static.posix/include\"     -O2 -Wa,-mbig-obj -c POPULATIONS//POPULATION_0008//INDIVIDUAL_A159RC93/model.cpp -o POPULATIONS//POPULATION_0008//INDIVIDUAL_A159RC93/model.o\ng++ -std=gnu++17 -shared -s -static-libgcc -o POPULATIONS//POPULATION_0008//INDIVIDUAL_A159RC93/model.dll tmp.def POPULATIONS//POPULATION_0008//INDIVIDUAL_A159RC93/model.o -LC:/rtools44/x86_64-w64-mingw32.static.posix/lib/x64 -LC:/rtools44/x86_64-w64-mingw32.static.posix/lib -LC:/Users/spi085/AppData/Local/Programs/R/R-4.4.1/bin/x64 -lR\nStarting model phases\nNumber of phases: 4 \nPhase 1 \nInitial parameter values for phase 1 :\n    log_r_cots log_alpha_slow log_alpha_fast \n         -0.22          -2.30          -1.61 \nFinal parameter values for phase 1 :\n    log_r_cots log_alpha_slow log_alpha_fast \n         -0.22          -2.30          -1.61 \nConvergence message: both X-convergence and relative convergence (5) \nNumber of iterations: 1 \nObjective function value: Inf \nGradient at solution for phase 1 :\n     [,1] [,2] [,3]\n[1,]    0    0    0\nPhase 2 \nInitial parameter values for phase 2 :\nlog_K_cots log_r_slow log_r_fast \n      0.69      -1.61      -0.92 \nFinal parameter values for phase 2 :\nlog_K_cots log_r_slow log_r_fast \n      0.69      -1.61      -0.92 \nConvergence message: both X-convergence and relative convergence (5) \nNumber of iterations: 1 \nObjective function value: Inf \nGradient at solution for phase 2 :\n     [,1] [,2] [,3]\n[1,]    0    0    0\nPhase 3 \nInitial parameter values for phase 3 :\n  log_temp_opt log_temp_width \n          3.33           0.69 \nFinal parameter values for phase 3 :\n  log_temp_opt log_temp_width \n          3.33           0.69 \nConvergence message: both X-convergence and relative convergence (5) \nNumber of iterations: 1 \nObjective function value: Inf \nGradient at solution for phase 3 :\n     [,1] [,2]\n[1,]    0    0\nPhase 4 \nInitial parameter values for phase 4 :\nlog_obs_sd \n     -1.61 \nError in model phases: NA/NaN gradient evaluation",
      "stderr": "Loading required package: TMB\nLoading required package: jsonlite\nhere() starts at C:/Users/spi085/OneDrive - CSIRO/Documents/_Projects/SCCP-QuantModelling\nusing C++ compiler: 'G__~1.EXE (GCC) 13.2.0'\nError in value[[3L]](cond) : \n  Error in model phases: NA/NaN gradient evaluation\nCalls: tryCatch -> tryCatchList -> tryCatchOne -> <Anonymous>\nIn addition: Warning messages:\n1: In nlminb(model$par, model$fn, model$gr) : NA/NaN function evaluation\n2: In nlminb(model$par, model$fn, model$gr) : NA/NaN function evaluation\n3: In nlminb(model$par, model$fn, model$gr) : NA/NaN function evaluation\n4: In nlminb(model$par, model$fn, model$gr) : NA/NaN function evaluation\n5: In nlminb(model$par, model$fn, model$gr) : NA/NaN function evaluation\n6: In nlminb(model$par, model$fn, model$gr) : NA/NaN function evaluation\n7: In nlminb(model$par, model$fn, model$gr) : NA/NaN function evaluation\nExecution halted"
    },
    "4": {
      "status": "ERROR",
      "message": "Model failed to compile.",
      "stdout": "g++ -std=gnu++17  -I\"C:/Users/spi085/AppData/Local/Programs/R/R-4.4.1/include\" -DNDEBUG -I\"C:/Users/spi085/AppData/Local/Programs/R/R-44~1.1/library/TMB/include\" -I\"C:/Users/spi085/AppData/Local/Programs/R/R-44~1.1/library/RCPPEI~1/include\"   -DTMB_EIGEN_DISABLE_WARNINGS   -DTMB_LIB_INIT=R_init_model  -DCPPAD_FRAMEWORK    -I\"C:/rtools44/x86_64-w64-mingw32.static.posix/include\"     -O2 -Wa,-mbig-obj -c POPULATIONS//POPULATION_0008//INDIVIDUAL_A159RC93/model.cpp -o POPULATIONS//POPULATION_0008//INDIVIDUAL_A159RC93/model.o",
      "stderr": "Loading required package: TMB\nLoading required package: jsonlite\nhere() starts at C:/Users/spi085/OneDrive - CSIRO/Documents/_Projects/SCCP-QuantModelling\nusing C++ compiler: 'G__~1.EXE (GCC) 13.2.0'\nPOPULATIONS//POPULATION_0008//INDIVIDUAL_A159RC93/model.cpp: In instantiation of 'Type objective_function<Type>::operator()() [with Type = CppAD::AD<double>]':\nC:/Users/spi085/AppData/Local/Programs/R/R-4.4.1/library/TMB/include/tmb_core.hpp:1308:6:   required from here\nPOPULATIONS//POPULATION_0008//INDIVIDUAL_A159RC93/model.cpp:49:24: error: 'posfun' was not declared in this scope\n   49 |   cots_pred[0] = posfun(cots_dat[0], eps, nll);\n      |                  ~~~~~~^~~~~~~~~~~~~~~~~~~~~~~\nPOPULATIONS//POPULATION_0008//INDIVIDUAL_A159RC93/model.cpp:50:24: error: 'posfun' was not declared in this scope, and no declarations were found by argument-dependent lookup at the point of instantiation\n   50 |   slow_pred[0] = posfun(slow_dat[0], eps, nll);\n      |                  ~~~~~~^~~~~~~~~~~~~~~~~~~~~~~\nPOPULATIONS//POPULATION_0008//INDIVIDUAL_A159RC93/model.cpp:49:24: note: 'posfun' declared here, later in the translation unit\n   49 |   cots_pred[0] = posfun(cots_dat[0], eps, nll);\n      |                  ~~~~~~^~~~~~~~~~~~~~~~~~~~~~~\nPOPULATIONS//POPULATION_0008//INDIVIDUAL_A159RC93/model.cpp:51:24: error: 'posfun' was not declared in this scope, and no declarations were found by argument-dependent lookup at the point of instantiation\n   51 |   fast_pred[0] = posfun(fast_dat[0], eps, nll);\n      |                  ~~~~~~^~~~~~~~~~~~~~~~~~~~~~~\nPOPULATIONS//POPULATION_0008//INDIVIDUAL_A159RC93/model.cpp:49:24: note: 'posfun' declared here, later in the translation unit\n   49 |   cots_pred[0] = posfun(cots_dat[0], eps, nll);\n      |                  ~~~~~~^~~~~~~~~~~~~~~~~~~~~~~\nPOPULATIONS//POPULATION_0008//INDIVIDUAL_A159RC93/model.cpp:61:30: error: 'posfun' was not declared in this scope, and no declarations were found by argument-dependent lookup at the point of instantiation\n   61 |     Type rel_density = posfun(cots_pred[t-1], eps, nll) / (K_cots + eps);\n      |                        ~~~~~~^~~~~~~~~~~~~~~~~~~~~~~~~~\nPOPULATIONS//POPULATION_0008//INDIVIDUAL_A159RC93/model.cpp:49:24: note: 'posfun' declared here, later in the translation unit\n   49 |   cots_pred[0] = posfun(cots_dat[0], eps, nll);\n      |                  ~~~~~~^~~~~~~~~~~~~~~~~~~~~~~\nPOPULATIONS//POPULATION_0008//INDIVIDUAL_A159RC93/model.cpp:63:39: error: 'posfun' was not declared in this scope, and no declarations were found by argument-dependent lookup at the point of instantiation\n   63 |     Type cots_growth = r_cots * posfun(cots_pred[t-1], eps, nll) * posfun(dd_term, eps, nll);\n      |                                 ~~~~~~^~~~~~~~~~~~~~~~~~~~~~~~~~\nPOPULATIONS//POPULATION_0008//INDIVIDUAL_A159RC93/model.cpp:49:24: note: 'posfun' declared here, later in the translation unit\n   49 |   cots_pred[0] = posfun(cots_dat[0], eps, nll);\n      |                  ~~~~~~^~~~~~~~~~~~~~~~~~~~~~~\nPOPULATIONS//POPULATION_0008//INDIVIDUAL_A159RC93/model.cpp:63:74: error: 'posfun' was not declared in this scope, and no declarations were found by argument-dependent lookup at the point of instantiation\n   63 |     Type cots_growth = r_cots * posfun(cots_pred[t-1], eps, nll) * posfun(dd_term, eps, nll);\n      |                                                                    ~~~~~~^~~~~~~~~~~~~~~~~~~\nPOPULATIONS//POPULATION_0008//INDIVIDUAL_A159RC93/model.cpp:49:24: note: 'posfun' declared here, later in the translation unit\n   49 |   cots_pred[0] = posfun(cots_dat[0], eps, nll);\n      |                  ~~~~~~^~~~~~~~~~~~~~~~~~~~~~~\nPOPULATIONS//POPULATION_0008//INDIVIDUAL_A159RC93/model.cpp:64:26: error: 'posfun' was not declared in this scope, and no declarations were found by argument-dependent lookup at the point of instantiation\n   64 |     cots_pred[t] = posfun(cots_pred[t-1] + cots_growth * temp_effect + cotsimm_dat[t], eps, nll);\n      |                    ~~~~~~^~~~~~~~~~~~~~~~~~~~~~~~~~~~~~~~~~~~~~~~~~~~~~~~~~~~~~~~~~~~~~~~~~~~~~~\nPOPULATIONS//POPULATION_0008//INDIVIDUAL_A159RC93/model.cpp:49:24: note: 'posfun' declared here, later in the translation unit\n   49 |   cots_pred[0] = posfun(cots_dat[0], eps, nll);\n      |                  ~~~~~~^~~~~~~~~~~~~~~~~~~~~~~\nPOPULATIONS//POPULATION_0008//INDIVIDUAL_A159RC93/model.cpp:67:30: error: 'posfun' was not declared in this scope, and no declarations were found by argument-dependent lookup at the point of instantiation\n   67 |     Type total_cover = posfun(slow_pred[t-1], eps, nll) + posfun(fast_pred[t-1], eps, nll);\n      |                        ~~~~~~^~~~~~~~~~~~~~~~~~~~~~~~~~\nPOPULATIONS//POPULATION_0008//INDIVIDUAL_A159RC93/model.cpp:49:24: note: 'posfun' declared here, later in the translation unit\n   49 |   cots_pred[0] = posfun(cots_dat[0], eps, nll);\n      |                  ~~~~~~^~~~~~~~~~~~~~~~~~~~~~~\nPOPULATIONS//POPULATION_0008//INDIVIDUAL_A159RC93/model.cpp:67:65: error: 'posfun' was not declared in this scope, and no declarations were found by argument-dependent lookup at the point of instantiation\n   67 |     Type total_cover = posfun(slow_pred[t-1], eps, nll) + posfun(fast_pred[t-1], eps, nll);\n      |                                                           ~~~~~~^~~~~~~~~~~~~~~~~~~~~~~~~~\nPOPULATIONS//POPULATION_0008//INDIVIDUAL_A159RC93/model.cpp:49:24: note: 'posfun' declared here, later in the translation unit\n   49 |   cots_pred[0] = posfun(cots_dat[0], eps, nll);\n      |                  ~~~~~~^~~~~~~~~~~~~~~~~~~~~~~\nPOPULATIONS//POPULATION_0008//INDIVIDUAL_A159RC93/model.cpp:68:34: error: 'posfun' was not declared in this scope, and no declarations were found by argument-dependent lookup at the point of instantiation\n   68 |     Type available_space = posfun(max_coral - total_cover, eps, nll);\n      |                            ~~~~~~^~~~~~~~~~~~~~~~~~~~~~~~~~~~~~~~~~~\nPOPULATIONS//POPULATION_0008//INDIVIDUAL_A159RC93/model.cpp:49:24: note: 'posfun' declared here, later in the translation unit\n   49 |   cots_pred[0] = posfun(cots_dat[0], eps, nll);\n      |                  ~~~~~~^~~~~~~~~~~~~~~~~~~~~~~\nPOPULATIONS//POPULATION_0008//INDIVIDUAL_A159RC93/model.cpp:71:39: error: 'posfun' was not declared in this scope, and no declarations were found by argument-dependent lookup at the point of instantiation\n   71 |     Type slow_growth = r_slow * posfun(slow_pred[t-1], eps, nll) * available_space/max_coral;\n      |                                 ~~~~~~^~~~~~~~~~~~~~~~~~~~~~~~~~\nPOPULATIONS//POPULATION_0008//INDIVIDUAL_A159RC93/model.cpp:49:24: note: 'posfun' declared here, later in the translation unit\n   49 |   cots_pred[0] = posfun(cots_dat[0], eps, nll);\n      |                  ~~~~~~^~~~~~~~~~~~~~~~~~~~~~~\nPOPULATIONS//POPULATION_0008//INDIVIDUAL_A159RC93/model.cpp:72:39: error: 'posfun' was not declared in this scope, and no declarations were found by argument-dependent lookup at the point of instantiation\n   72 |     Type fast_growth = r_fast * posfun(fast_pred[t-1], eps, nll) * available_space/max_coral;\n      |                                 ~~~~~~^~~~~~~~~~~~~~~~~~~~~~~~~~\nPOPULATIONS//POPULATION_0008//INDIVIDUAL_A159RC93/model.cpp:49:24: note: 'posfun' declared here, later in the translation unit\n   49 |   cots_pred[0] = posfun(cots_dat[0], eps, nll);\n      |                  ~~~~~~^~~~~~~~~~~~~~~~~~~~~~~\nPOPULATIONS//POPULATION_0008//INDIVIDUAL_A159RC93/model.cpp:76:60: error: 'posfun' was not declared in this scope, and no declarations were found by argument-dependent lookup at the point of instantiation\n   76 |                          alpha_slow * cots_pred[t] * posfun(slow_pred[t-1], eps, nll);\n      |                                                      ~~~~~~^~~~~~~~~~~~~~~~~~~~~~~~~~\nPOPULATIONS//POPULATION_0008//INDIVIDUAL_A159RC93/model.cpp:49:24: note: 'posfun' declared here, later in the translation unit\n   49 |   cots_pred[0] = posfun(cots_dat[0], eps, nll);\n      |                  ~~~~~~^~~~~~~~~~~~~~~~~~~~~~~\nPOPULATIONS//POPULATION_0008//INDIVIDUAL_A159RC93/model.cpp:78:60: error: 'posfun' was not declared in this scope, and no declarations were found by argument-dependent lookup at the point of instantiation\n   78 |                          alpha_fast * cots_pred[t] * posfun(fast_pred[t-1], eps, nll);\n      |                                                      ~~~~~~^~~~~~~~~~~~~~~~~~~~~~~~~~\nPOPULATIONS//POPULATION_0008//INDIVIDUAL_A159RC93/model.cpp:49:24: note: 'posfun' declared here, later in the translation unit\n   49 |   cots_pred[0] = posfun(cots_dat[0], eps, nll);\n      |                  ~~~~~~^~~~~~~~~~~~~~~~~~~~~~~\nPOPULATIONS//POPULATION_0008//INDIVIDUAL_A159RC93/model.cpp:81:26: error: 'posfun' was not declared in this scope, and no declarations were found by argument-dependent lookup at the point of instantiation\n   81 |     slow_pred[t] = posfun(slow_pred_temp, eps, nll);\n      |                    ~~~~~~^~~~~~~~~~~~~~~~~~~~~~~~~~\nPOPULATIONS//POPULATION_0008//INDIVIDUAL_A159RC93/model.cpp:49:24: note: 'posfun' declared here, later in the translation unit\n   49 |   cots_pred[0] = posfun(cots_dat[0], eps, nll);\n      |                  ~~~~~~^~~~~~~~~~~~~~~~~~~~~~~\nPOPULATIONS//POPULATION_0008//INDIVIDUAL_A159RC93/model.cpp:82:26: error: 'posfun' was not declared in this scope, and no declarations were found by argument-dependent lookup at the point of instantiation\n   82 |     slow_pred[t] = posfun(max_coral - slow_pred[t], eps, nll);\n      |                    ~~~~~~^~~~~~~~~~~~~~~~~~~~~~~~~~~~~~~~~~~~\nPOPULATIONS//POPULATION_0008//INDIVIDUAL_A159RC93/model.cpp:49:24: note: 'posfun' declared here, later in the translation unit\n   49 |   cots_pred[0] = posfun(cots_dat[0], eps, nll);\n      |                  ~~~~~~^~~~~~~~~~~~~~~~~~~~~~~\nPOPULATIONS//POPULATION_0008//INDIVIDUAL_A159RC93/model.cpp:83:26: error: 'posfun' was not declared in this scope, and no declarations were found by argument-dependent lookup at the point of instantiation\n   83 |     fast_pred[t] = posfun(fast_pred_temp, eps, nll);\n      |                    ~~~~~~^~~~~~~~~~~~~~~~~~~~~~~~~~\nPOPULATIONS//POPULATION_0008//INDIVIDUAL_A159RC93/model.cpp:49:24: note: 'posfun' declared here, later in the translation unit\n   49 |   cots_pred[0] = posfun(cots_dat[0], eps, nll);\n      |                  ~~~~~~^~~~~~~~~~~~~~~~~~~~~~~\nPOPULATIONS//POPULATION_0008//INDIVIDUAL_A159RC93/model.cpp:84:26: error: 'posfun' was not declared in this scope, and no declarations were found by argument-dependent lookup at the point of instantiation\n   84 |     fast_pred[t] = posfun(max_coral - fast_pred[t], eps, nll);\n      |                    ~~~~~~^~~~~~~~~~~~~~~~~~~~~~~~~~~~~~~~~~~~\nPOPULATIONS//POPULATION_0008//INDIVIDUAL_A159RC93/model.cpp:49:24: note: 'posfun' declared here, later in the translation unit\n   49 |   cots_pred[0] = posfun(cots_dat[0], eps, nll);\n      |                  ~~~~~~^~~~~~~~~~~~~~~~~~~~~~~\nPOPULATIONS//POPULATION_0008//INDIVIDUAL_A159RC93/model.cpp:85:26: error: 'posfun' was not declared in this scope, and no declarations were found by argument-dependent lookup at the point of instantiation\n   85 |     cots_pred[t] = posfun(cots_pred[t], eps, nll);\n      |                    ~~~~~~^~~~~~~~~~~~~~~~~~~~~~~~\nPOPULATIONS//POPULATION_0008//INDIVIDUAL_A159RC93/model.cpp:49:24: note: 'posfun' declared here, later in the translation unit\n   49 |   cots_pred[0] = posfun(cots_dat[0], eps, nll);\n      |                  ~~~~~~^~~~~~~~~~~~~~~~~~~~~~~\nPOPULATIONS//POPULATION_0008//INDIVIDUAL_A159RC93/model.cpp:86:26: error: 'posfun' was not declared in this scope, and no declarations were found by argument-dependent lookup at the point of instantiation\n   86 |     cots_pred[t] = posfun(K_cots - cots_pred[t], eps, nll);\n      |                    ~~~~~~^~~~~~~~~~~~~~~~~~~~~~~~~~~~~~~~~\nPOPULATIONS//POPULATION_0008//INDIVIDUAL_A159RC93/model.cpp:49:24: note: 'posfun' declared here, later in the translation unit\n   49 |   cots_pred[0] = posfun(cots_dat[0], eps, nll);\n      |                  ~~~~~~^~~~~~~~~~~~~~~~~~~~~~~\nPOPULATIONS//POPULATION_0008//INDIVIDUAL_A159RC93/model.cpp:90:29: error: 'posfun' was not declared in this scope, and no declarations were found by argument-dependent lookup at the point of instantiation\n   90 |   Type effective_sd = posfun(obs_sd + min_sd, eps, nll);  // Ensure positive SD\n      |                       ~~~~~~^~~~~~~~~~~~~~~~~~~~~~~~~~~\nPOPULATIONS//POPULATION_0008//INDIVIDUAL_A159RC93/model.cpp:49:24: note: 'posfun' declared here, later in the translation unit\n   49 |   cots_pred[0] = posfun(cots_dat[0], eps, nll);\n      |                  ~~~~~~^~~~~~~~~~~~~~~~~~~~~~~\nPOPULATIONS//POPULATION_0008//INDIVIDUAL_A159RC93/model.cpp:94:28: error: 'posfun' was not declared in this scope, and no declarations were found by argument-dependent lookup at the point of instantiation\n   94 |     nll -= dnorm(log(posfun(cots_dat[t], eps, nll)),\n      |                      ~~~~~~^~~~~~~~~~~~~~~~~~~~~~~\nPOPULATIONS//POPULATION_0008//INDIVIDUAL_A159RC93/model.cpp:49:24: note: 'posfun' declared here, later in the translation unit\n   49 |   cots_pred[0] = posfun(cots_dat[0], eps, nll);\n      |                  ~~~~~~^~~~~~~~~~~~~~~~~~~~~~~\nPOPULATIONS//POPULATION_0008//INDIVIDUAL_A159RC93/model.cpp:95:28: error: 'posfun' was not declared in this scope, and no declarations were found by argument-dependent lookup at the point of instantiation\n   95 |                  log(posfun(cots_pred[t], eps, nll)),\n      |                      ~~~~~~^~~~~~~~~~~~~~~~~~~~~~~~\nPOPULATIONS//POPULATION_0008//INDIVIDUAL_A159RC93/model.cpp:49:24: note: 'posfun' declared here, later in the translation unit\n   49 |   cots_pred[0] = posfun(cots_dat[0], eps, nll);\n      |                  ~~~~~~^~~~~~~~~~~~~~~~~~~~~~~\nPOPULATIONS//POPULATION_0008//INDIVIDUAL_A159RC93/model.cpp:97:28: error: 'posfun' was not declared in this scope, and no declarations were found by argument-dependent lookup at the point of instantiation\n   97 |     nll -= dnorm(log(posfun(slow_dat[t], eps, nll)),\n      |                      ~~~~~~^~~~~~~~~~~~~~~~~~~~~~~\nPOPULATIONS//POPULATION_0008//INDIVIDUAL_A159RC93/model.cpp:49:24: note: 'posfun' declared here, later in the translation unit\n   49 |   cots_pred[0] = posfun(cots_dat[0], eps, nll);\n      |                  ~~~~~~^~~~~~~~~~~~~~~~~~~~~~~\nPOPULATIONS//POPULATION_0008//INDIVIDUAL_A159RC93/model.cpp:98:28: error: 'posfun' was not declared in this scope, and no declarations were found by argument-dependent lookup at the point of instantiation\n   98 |                  log(posfun(slow_pred[t], eps, nll)),\n      |                      ~~~~~~^~~~~~~~~~~~~~~~~~~~~~~~\nPOPULATIONS//POPULATION_0008//INDIVIDUAL_A159RC93/model.cpp:49:24: note: 'posfun' declared here, later in the translation unit\n   49 |   cots_pred[0] = posfun(cots_dat[0], eps, nll);\n      |                  ~~~~~~^~~~~~~~~~~~~~~~~~~~~~~\nPOPULATIONS//POPULATION_0008//INDIVIDUAL_A159RC93/model.cpp:100:28: error: 'posfun' was not declared in this scope, and no declarations were found by argument-dependent lookup at the point of instantiation\n  100 |     nll -= dnorm(log(posfun(fast_dat[t], eps, nll)),\n      |                      ~~~~~~^~~~~~~~~~~~~~~~~~~~~~~\nPOPULATIONS//POPULATION_0008//INDIVIDUAL_A159RC93/model.cpp:49:24: note: 'posfun' declared here, later in the translation unit\n   49 |   cots_pred[0] = posfun(cots_dat[0], eps, nll);\n      |                  ~~~~~~^~~~~~~~~~~~~~~~~~~~~~~\nPOPULATIONS//POPULATION_0008//INDIVIDUAL_A159RC93/model.cpp:101:28: error: 'posfun' was not declared in this scope, and no declarations were found by argument-dependent lookup at the point of instantiation\n  101 |                  log(posfun(fast_pred[t], eps, nll)),\n      |                      ~~~~~~^~~~~~~~~~~~~~~~~~~~~~~~\nPOPULATIONS//POPULATION_0008//INDIVIDUAL_A159RC93/model.cpp:49:24: note: 'posfun' declared here, later in the translation unit\n   49 |   cots_pred[0] = posfun(cots_dat[0], eps, nll);\n      |                  ~~~~~~^~~~~~~~~~~~~~~~~~~~~~~\nPOPULATIONS//POPULATION_0008//INDIVIDUAL_A159RC93/model.cpp: In instantiation of 'Type objective_function<Type>::operator()() [with Type = double]':\nC:/Users/spi085/AppData/Local/Programs/R/R-4.4.1/library/TMB/include/tmb_core.hpp:2031:7:   required from here\nPOPULATIONS//POPULATION_0008//INDIVIDUAL_A159RC93/model.cpp:49:24: error: 'posfun' was not declared in this scope\nPOPULATIONS//POPULATION_0008//INDIVIDUAL_A159RC93/model.cpp:50:24: error: 'posfun' was not declared in this scope, and no declarations were found by argument-dependent lookup at the point of instantiation\n   50 |   slow_pred[0] = posfun(slow_dat[0], eps, nll);\n      |                  ~~~~~~^~~~~~~~~~~~~~~~~~~~~~~\nPOPULATIONS//POPULATION_0008//INDIVIDUAL_A159RC93/model.cpp:49:24: note: 'posfun' declared here, later in the translation unit\n   49 |   cots_pred[0] = posfun(cots_dat[0], eps, nll);\n      |                  ~~~~~~^~~~~~~~~~~~~~~~~~~~~~~\nPOPULATIONS//POPULATION_0008//INDIVIDUAL_A159RC93/model.cpp:51:24: error: 'posfun' was not declared in this scope, and no declarations were found by argument-dependent lookup at the point of instantiation\n   51 |   fast_pred[0] = posfun(fast_dat[0], eps, nll);\n      |                  ~~~~~~^~~~~~~~~~~~~~~~~~~~~~~\nPOPULATIONS//POPULATION_0008//INDIVIDUAL_A159RC93/model.cpp:49:24: note: 'posfun' declared here, later in the translation unit\n   49 |   cots_pred[0] = posfun(cots_dat[0], eps, nll);\n      |                  ~~~~~~^~~~~~~~~~~~~~~~~~~~~~~\nPOPULATIONS//POPULATION_0008//INDIVIDUAL_A159RC93/model.cpp:61:30: error: 'posfun' was not declared in this scope, and no declarations were found by argument-dependent lookup at the point of instantiation\n   61 |     Type rel_density = posfun(cots_pred[t-1], eps, nll) / (K_cots + eps);\n      |                        ~~~~~~^~~~~~~~~~~~~~~~~~~~~~~~~~\nPOPULATIONS//POPULATION_0008//INDIVIDUAL_A159RC93/model.cpp:49:24: note: 'posfun' declared here, later in the translation unit\n   49 |   cots_pred[0] = posfun(cots_dat[0], eps, nll);\n      |                  ~~~~~~^~~~~~~~~~~~~~~~~~~~~~~\nPOPULATIONS//POPULATION_0008//INDIVIDUAL_A159RC93/model.cpp:63:39: error: 'posfun' was not declared in this scope, and no declarations were found by argument-dependent lookup at the point of instantiation\n   63 |     Type cots_growth = r_cots * posfun(cots_pred[t-1], eps, nll) * posfun(dd_term, eps, nll);\n      |                                 ~~~~~~^~~~~~~~~~~~~~~~~~~~~~~~~~\nPOPULATIONS//POPULATION_0008//INDIVIDUAL_A159RC93/model.cpp:49:24: note: 'posfun' declared here, later in the translation unit\n   49 |   cots_pred[0] = posfun(cots_dat[0], eps, nll);\n      |                  ~~~~~~^~~~~~~~~~~~~~~~~~~~~~~\nPOPULATIONS//POPULATION_0008//INDIVIDUAL_A159RC93/model.cpp:63:74: error: 'posfun' was not declared in this scope, and no declarations were found by argument-dependent lookup at the point of instantiation\n   63 |     Type cots_growth = r_cots * posfun(cots_pred[t-1], eps, nll) * posfun(dd_term, eps, nll);\n      |                                                                    ~~~~~~^~~~~~~~~~~~~~~~~~~\nPOPULATIONS//POPULATION_0008//INDIVIDUAL_A159RC93/model.cpp:49:24: note: 'posfun' declared here, later in the translation unit\n   49 |   cots_pred[0] = posfun(cots_dat[0], eps, nll);\n      |                  ~~~~~~^~~~~~~~~~~~~~~~~~~~~~~\nPOPULATIONS//POPULATION_0008//INDIVIDUAL_A159RC93/model.cpp:64:26: error: 'posfun' was not declared in this scope, and no declarations were found by argument-dependent lookup at the point of instantiation\n   64 |     cots_pred[t] = posfun(cots_pred[t-1] + cots_growth * temp_effect + cotsimm_dat[t], eps, nll);\n      |                    ~~~~~~^~~~~~~~~~~~~~~~~~~~~~~~~~~~~~~~~~~~~~~~~~~~~~~~~~~~~~~~~~~~~~~~~~~~~~~\nPOPULATIONS//POPULATION_0008//INDIVIDUAL_A159RC93/model.cpp:49:24: note: 'posfun' declared here, later in the translation unit\n   49 |   cots_pred[0] = posfun(cots_dat[0], eps, nll);\n      |                  ~~~~~~^~~~~~~~~~~~~~~~~~~~~~~\nPOPULATIONS//POPULATION_0008//INDIVIDUAL_A159RC93/model.cpp:67:30: error: 'posfun' was not declared in this scope, and no declarations were found by argument-dependent lookup at the point of instantiation\n   67 |     Type total_cover = posfun(slow_pred[t-1], eps, nll) + posfun(fast_pred[t-1], eps, nll);\n      |                        ~~~~~~^~~~~~~~~~~~~~~~~~~~~~~~~~\nPOPULATIONS//POPULATION_0008//INDIVIDUAL_A159RC93/model.cpp:49:24: note: 'posfun' declared here, later in the translation unit\n   49 |   cots_pred[0] = posfun(cots_dat[0], eps, nll);\n      |                  ~~~~~~^~~~~~~~~~~~~~~~~~~~~~~\nPOPULATIONS//POPULATION_0008//INDIVIDUAL_A159RC93/model.cpp:67:65: error: 'posfun' was not declared in this scope, and no declarations were found by argument-dependent lookup at the point of instantiation\n   67 |     Type total_cover = posfun(slow_pred[t-1], eps, nll) + posfun(fast_pred[t-1], eps, nll);\n      |                                                           ~~~~~~^~~~~~~~~~~~~~~~~~~~~~~~~~\nPOPULATIONS//POPULATION_0008//INDIVIDUAL_A159RC93/model.cpp:49:24: note: 'posfun' declared here, later in the translation unit\n   49 |   cots_pred[0] = posfun(cots_dat[0], eps, nll);\n      |                  ~~~~~~^~~~~~~~~~~~~~~~~~~~~~~\nPOPULATIONS//POPULATION_0008//INDIVIDUAL_A159RC93/model.cpp:68:34: error: 'posfun' was not declared in this scope, and no declarations were found by argument-dependent lookup at the point of instantiation\n   68 |     Type available_space = posfun(max_coral - total_cover, eps, nll);\n      |                            ~~~~~~^~~~~~~~~~~~~~~~~~~~~~~~~~~~~~~~~~~\nPOPULATIONS//POPULATION_0008//INDIVIDUAL_A159RC93/model.cpp:49:24: note: 'posfun' declared here, later in the translation unit\n   49 |   cots_pred[0] = posfun(cots_dat[0], eps, nll);\n      |                  ~~~~~~^~~~~~~~~~~~~~~~~~~~~~~\nPOPULATIONS//POPULATION_0008//INDIVIDUAL_A159RC93/model.cpp:71:39: error: 'posfun' was not declared in this scope, and no declarations were found by argument-dependent lookup at the point of instantiation\n   71 |     Type slow_growth = r_slow * posfun(slow_pred[t-1], eps, nll) * available_space/max_coral;\n      |                                 ~~~~~~^~~~~~~~~~~~~~~~~~~~~~~~~~\nPOPULATIONS//POPULATION_0008//INDIVIDUAL_A159RC93/model.cpp:49:24: note: 'posfun' declared here, later in the translation unit\n   49 |   cots_pred[0] = posfun(cots_dat[0], eps, nll);\n      |                  ~~~~~~^~~~~~~~~~~~~~~~~~~~~~~\nPOPULATIONS//POPULATION_0008//INDIVIDUAL_A159RC93/model.cpp:72:39: error: 'posfun' was not declared in this scope, and no declarations were found by argument-dependent lookup at the point of instantiation\n   72 |     Type fast_growth = r_fast * posfun(fast_pred[t-1], eps, nll) * available_space/max_coral;\n      |                                 ~~~~~~^~~~~~~~~~~~~~~~~~~~~~~~~~\nPOPULATIONS//POPULATION_0008//INDIVIDUAL_A159RC93/model.cpp:49:24: note: 'posfun' declared here, later in the translation unit\n   49 |   cots_pred[0] = posfun(cots_dat[0], eps, nll);\n      |                  ~~~~~~^~~~~~~~~~~~~~~~~~~~~~~\nPOPULATIONS//POPULATION_0008//INDIVIDUAL_A159RC93/model.cpp:76:60: error: 'posfun' was not declared in this scope, and no declarations were found by argument-dependent lookup at the point of instantiation\n   76 |                          alpha_slow * cots_pred[t] * posfun(slow_pred[t-1], eps, nll);\n      |                                                      ~~~~~~^~~~~~~~~~~~~~~~~~~~~~~~~~\nPOPULATIONS//POPULATION_0008//INDIVIDUAL_A159RC93/model.cpp:49:24: note: 'posfun' declared here, later in the translation unit\n   49 |   cots_pred[0] = posfun(cots_dat[0], eps, nll);\n      |                  ~~~~~~^~~~~~~~~~~~~~~~~~~~~~~\nPOPULATIONS//POPULATION_0008//INDIVIDUAL_A159RC93/model.cpp:78:60: error: 'posfun' was not declared in this scope, and no declarations were found by argument-dependent lookup at the point of instantiation\n   78 |                          alpha_fast * cots_pred[t] * posfun(fast_pred[t-1], eps, nll);\n      |                                                      ~~~~~~^~~~~~~~~~~~~~~~~~~~~~~~~~\nPOPULATIONS//POPULATION_0008//INDIVIDUAL_A159RC93/model.cpp:49:24: note: 'posfun' declared here, later in the translation unit\n   49 |   cots_pred[0] = posfun(cots_dat[0], eps, nll);\n      |                  ~~~~~~^~~~~~~~~~~~~~~~~~~~~~~\nPOPULATIONS//POPULATION_0008//INDIVIDUAL_A159RC93/model.cpp:81:26: error: 'posfun' was not declared in this scope, and no declarations were found by argument-dependent lookup at the point of instantiation\n   81 |     slow_pred[t] = posfun(slow_pred_temp, eps, nll);\n      |                    ~~~~~~^~~~~~~~~~~~~~~~~~~~~~~~~~\nPOPULATIONS//POPULATION_0008//INDIVIDUAL_A159RC93/model.cpp:49:24: note: 'posfun' declared here, later in the translation unit\n   49 |   cots_pred[0] = posfun(cots_dat[0], eps, nll);\n      |                  ~~~~~~^~~~~~~~~~~~~~~~~~~~~~~\nPOPULATIONS//POPULATION_0008//INDIVIDUAL_A159RC93/model.cpp:82:26: error: 'posfun' was not declared in this scope, and no declarations were found by argument-dependent lookup at the point of instantiation\n   82 |     slow_pred[t] = posfun(max_coral - slow_pred[t], eps, nll);\n      |                    ~~~~~~^~~~~~~~~~~~~~~~~~~~~~~~~~~~~~~~~~~~\nPOPULATIONS//POPULATION_0008//INDIVIDUAL_A159RC93/model.cpp:49:24: note: 'posfun' declared here, later in the translation unit\n   49 |   cots_pred[0] = posfun(cots_dat[0], eps, nll);\n      |                  ~~~~~~^~~~~~~~~~~~~~~~~~~~~~~\nPOPULATIONS//POPULATION_0008//INDIVIDUAL_A159RC93/model.cpp:83:26: error: 'posfun' was not declared in this scope, and no declarations were found by argument-dependent lookup at the point of instantiation\n   83 |     fast_pred[t] = posfun(fast_pred_temp, eps, nll);\n      |                    ~~~~~~^~~~~~~~~~~~~~~~~~~~~~~~~~\nPOPULATIONS//POPULATION_0008//INDIVIDUAL_A159RC93/model.cpp:49:24: note: 'posfun' declared here, later in the translation unit\n   49 |   cots_pred[0] = posfun(cots_dat[0], eps, nll);\n      |                  ~~~~~~^~~~~~~~~~~~~~~~~~~~~~~\nPOPULATIONS//POPULATION_0008//INDIVIDUAL_A159RC93/model.cpp:84:26: error: 'posfun' was not declared in this scope, and no declarations were found by argument-dependent lookup at the point of instantiation\n   84 |     fast_pred[t] = posfun(max_coral - fast_pred[t], eps, nll);\n      |                    ~~~~~~^~~~~~~~~~~~~~~~~~~~~~~~~~~~~~~~~~~~\nPOPULATIONS//POPULATION_0008//INDIVIDUAL_A159RC93/model.cpp:49:24: note: 'posfun' declared here, later in the translation unit\n   49 |   cots_pred[0] = posfun(cots_dat[0], eps, nll);\n      |                  ~~~~~~^~~~~~~~~~~~~~~~~~~~~~~\nPOPULATIONS//POPULATION_0008//INDIVIDUAL_A159RC93/model.cpp:85:26: error: 'posfun' was not declared in this scope, and no declarations were found by argument-dependent lookup at the point of instantiation\n   85 |     cots_pred[t] = posfun(cots_pred[t], eps, nll);\n      |                    ~~~~~~^~~~~~~~~~~~~~~~~~~~~~~~\nPOPULATIONS//POPULATION_0008//INDIVIDUAL_A159RC93/model.cpp:49:24: note: 'posfun' declared here, later in the translation unit\n   49 |   cots_pred[0] = posfun(cots_dat[0], eps, nll);\n      |                  ~~~~~~^~~~~~~~~~~~~~~~~~~~~~~\nPOPULATIONS//POPULATION_0008//INDIVIDUAL_A159RC93/model.cpp:86:26: error: 'posfun' was not declared in this scope, and no declarations were found by argument-dependent lookup at the point of instantiation\n   86 |     cots_pred[t] = posfun(K_cots - cots_pred[t], eps, nll);\n      |                    ~~~~~~^~~~~~~~~~~~~~~~~~~~~~~~~~~~~~~~~\nPOPULATIONS//POPULATION_0008//INDIVIDUAL_A159RC93/model.cpp:49:24: note: 'posfun' declared here, later in the translation unit\n   49 |   cots_pred[0] = posfun(cots_dat[0], eps, nll);\n      |                  ~~~~~~^~~~~~~~~~~~~~~~~~~~~~~\nPOPULATIONS//POPULATION_0008//INDIVIDUAL_A159RC93/model.cpp:90:29: error: 'posfun' was not declared in this scope, and no declarations were found by argument-dependent lookup at the point of instantiation\n   90 |   Type effective_sd = posfun(obs_sd + min_sd, eps, nll);  // Ensure positive SD\n      |                       ~~~~~~^~~~~~~~~~~~~~~~~~~~~~~~~~~\nPOPULATIONS//POPULATION_0008//INDIVIDUAL_A159RC93/model.cpp:49:24: note: 'posfun' declared here, later in the translation unit\n   49 |   cots_pred[0] = posfun(cots_dat[0], eps, nll);\n      |                  ~~~~~~^~~~~~~~~~~~~~~~~~~~~~~\nPOPULATIONS//POPULATION_0008//INDIVIDUAL_A159RC93/model.cpp:94:28: error: 'posfun' was not declared in this scope, and no declarations were found by argument-dependent lookup at the point of instantiation\n   94 |     nll -= dnorm(log(posfun(cots_dat[t], eps, nll)),\n      |                      ~~~~~~^~~~~~~~~~~~~~~~~~~~~~~\nPOPULATIONS//POPULATION_0008//INDIVIDUAL_A159RC93/model.cpp:49:24: note: 'posfun' declared here, later in the translation unit\n   49 |   cots_pred[0] = posfun(cots_dat[0], eps, nll);\n      |                  ~~~~~~^~~~~~~~~~~~~~~~~~~~~~~\nPOPULATIONS//POPULATION_0008//INDIVIDUAL_A159RC93/model.cpp:95:28: error: 'posfun' was not declared in this scope, and no declarations were found by argument-dependent lookup at the point of instantiation\n   95 |                  log(posfun(cots_pred[t], eps, nll)),\n      |                      ~~~~~~^~~~~~~~~~~~~~~~~~~~~~~~\nPOPULATIONS//POPULATION_0008//INDIVIDUAL_A159RC93/model.cpp:49:24: note: 'posfun' declared here, later in the translation unit\n   49 |   cots_pred[0] = posfun(cots_dat[0], eps, nll);\n      |                  ~~~~~~^~~~~~~~~~~~~~~~~~~~~~~\nPOPULATIONS//POPULATION_0008//INDIVIDUAL_A159RC93/model.cpp:97:28: error: 'posfun' was not declared in this scope, and no declarations were found by argument-dependent lookup at the point of instantiation\n   97 |     nll -= dnorm(log(posfun(slow_dat[t], eps, nll)),\n      |                      ~~~~~~^~~~~~~~~~~~~~~~~~~~~~~\nPOPULATIONS//POPULATION_0008//INDIVIDUAL_A159RC93/model.cpp:49:24: note: 'posfun' declared here, later in the translation unit\n   49 |   cots_pred[0] = posfun(cots_dat[0], eps, nll);\n      |                  ~~~~~~^~~~~~~~~~~~~~~~~~~~~~~\nPOPULATIONS//POPULATION_0008//INDIVIDUAL_A159RC93/model.cpp:98:28: error: 'posfun' was not declared in this scope, and no declarations were found by argument-dependent lookup at the point of instantiation\n   98 |                  log(posfun(slow_pred[t], eps, nll)),\n      |                      ~~~~~~^~~~~~~~~~~~~~~~~~~~~~~~\nPOPULATIONS//POPULATION_0008//INDIVIDUAL_A159RC93/model.cpp:49:24: note: 'posfun' declared here, later in the translation unit\n   49 |   cots_pred[0] = posfun(cots_dat[0], eps, nll);\n      |                  ~~~~~~^~~~~~~~~~~~~~~~~~~~~~~\nPOPULATIONS//POPULATION_0008//INDIVIDUAL_A159RC93/model.cpp:100:28: error: 'posfun' was not declared in this scope, and no declarations were found by argument-dependent lookup at the point of instantiation\n  100 |     nll -= dnorm(log(posfun(fast_dat[t], eps, nll)),\n      |                      ~~~~~~^~~~~~~~~~~~~~~~~~~~~~~\nPOPULATIONS//POPULATION_0008//INDIVIDUAL_A159RC93/model.cpp:49:24: note: 'posfun' declared here, later in the translation unit\n   49 |   cots_pred[0] = posfun(cots_dat[0], eps, nll);\n      |                  ~~~~~~^~~~~~~~~~~~~~~~~~~~~~~\nPOPULATIONS//POPULATION_0008//INDIVIDUAL_A159RC93/model.cpp:101:28: error: 'posfun' was not declared in this scope, and no declarations were found by argument-dependent lookup at the point of instantiation\n  101 |                  log(posfun(fast_pred[t], eps, nll)),\n      |                      ~~~~~~^~~~~~~~~~~~~~~~~~~~~~~~\nPOPULATIONS//POPULATION_0008//INDIVIDUAL_A159RC93/model.cpp:49:24: note: 'posfun' declared here, later in the translation unit\n   49 |   cots_pred[0] = posfun(cots_dat[0], eps, nll);\n      |                  ~~~~~~^~~~~~~~~~~~~~~~~~~~~~~\nPOPULATIONS//POPULATION_0008//INDIVIDUAL_A159RC93/model.cpp: In instantiation of 'Type objective_function<Type>::operator()() [with Type = CppAD::AD<CppAD::AD<double> >]':\nC:/Users/spi085/AppData/Local/Programs/R/R-4.4.1/library/TMB/include/tmb_core.hpp:913:29:   required from 'Type objective_function<Type>::evalUserTemplate() [with Type = CppAD::AD<CppAD::AD<double> >]'\nC:/Users/spi085/AppData/Local/Programs/R/R-4.4.1/library/TMB/include/tmb_core.hpp:2112:26:   required from here\nPOPULATIONS//POPULATION_0008//INDIVIDUAL_A159RC93/model.cpp:49:24: error: 'posfun' was not declared in this scope\nPOPULATIONS//POPULATION_0008//INDIVIDUAL_A159RC93/model.cpp:50:24: error: 'posfun' was not declared in this scope, and no declarations were found by argument-dependent lookup at the point of instantiation\n   50 |   slow_pred[0] = posfun(slow_dat[0], eps, nll);\n      |                  ~~~~~~^~~~~~~~~~~~~~~~~~~~~~~\nPOPULATIONS//POPULATION_0008//INDIVIDUAL_A159RC93/model.cpp:49:24: note: 'posfun' declared here, later in the translation unit\n   49 |   cots_pred[0] = posfun(cots_dat[0], eps, nll);\n      |                  ~~~~~~^~~~~~~~~~~~~~~~~~~~~~~\nPOPULATIONS//POPULATION_0008//INDIVIDUAL_A159RC93/model.cpp:51:24: error: 'posfun' was not declared in this scope, and no declarations were found by argument-dependent lookup at the point of instantiation\n   51 |   fast_pred[0] = posfun(fast_dat[0], eps, nll);\n      |                  ~~~~~~^~~~~~~~~~~~~~~~~~~~~~~\nPOPULATIONS//POPULATION_0008//INDIVIDUAL_A159RC93/model.cpp:49:24: note: 'posfun' declared here, later in the translation unit\n   49 |   cots_pred[0] = posfun(cots_dat[0], eps, nll);\n      |                  ~~~~~~^~~~~~~~~~~~~~~~~~~~~~~\nPOPULATIONS//POPULATION_0008//INDIVIDUAL_A159RC93/model.cpp:61:30: error: 'posfun' was not declared in this scope, and no declarations were found by argument-dependent lookup at the point of instantiation\n   61 |     Type rel_density = posfun(cots_pred[t-1], eps, nll) / (K_cots + eps);\n      |                        ~~~~~~^~~~~~~~~~~~~~~~~~~~~~~~~~\nPOPULATIONS//POPULATION_0008//INDIVIDUAL_A159RC93/model.cpp:49:24: note: 'posfun' declared here, later in the translation unit\n   49 |   cots_pred[0] = posfun(cots_dat[0], eps, nll);\n      |                  ~~~~~~^~~~~~~~~~~~~~~~~~~~~~~\nPOPULATIONS//POPULATION_0008//INDIVIDUAL_A159RC93/model.cpp:63:39: error: 'posfun' was not declared in this scope, and no declarations were found by argument-dependent lookup at the point of instantiation\n   63 |     Type cots_growth = r_cots * posfun(cots_pred[t-1], eps, nll) * posfun(dd_term, eps, nll);\n      |                                 ~~~~~~^~~~~~~~~~~~~~~~~~~~~~~~~~\nPOPULATIONS//POPULATION_0008//INDIVIDUAL_A159RC93/model.cpp:49:24: note: 'posfun' declared here, later in the translation unit\n   49 |   cots_pred[0] = posfun(cots_dat[0], eps, nll);\n      |                  ~~~~~~^~~~~~~~~~~~~~~~~~~~~~~\nPOPULATIONS//POPULATION_0008//INDIVIDUAL_A159RC93/model.cpp:63:74: error: 'posfun' was not declared in this scope, and no declarations were found by argument-dependent lookup at the point of instantiation\n   63 |     Type cots_growth = r_cots * posfun(cots_pred[t-1], eps, nll) * posfun(dd_term, eps, nll);\n      |                                                                    ~~~~~~^~~~~~~~~~~~~~~~~~~\nPOPULATIONS//POPULATION_0008//INDIVIDUAL_A159RC93/model.cpp:49:24: note: 'posfun' declared here, later in the translation unit\n   49 |   cots_pred[0] = posfun(cots_dat[0], eps, nll);\n      |                  ~~~~~~^~~~~~~~~~~~~~~~~~~~~~~\nPOPULATIONS//POPULATION_0008//INDIVIDUAL_A159RC93/model.cpp:64:26: error: 'posfun' was not declared in this scope, and no declarations were found by argument-dependent lookup at the point of instantiation\n   64 |     cots_pred[t] = posfun(cots_pred[t-1] + cots_growth * temp_effect + cotsimm_dat[t], eps, nll);\n      |                    ~~~~~~^~~~~~~~~~~~~~~~~~~~~~~~~~~~~~~~~~~~~~~~~~~~~~~~~~~~~~~~~~~~~~~~~~~~~~~\nPOPULATIONS//POPULATION_0008//INDIVIDUAL_A159RC93/model.cpp:49:24: note: 'posfun' declared here, later in the translation unit\n   49 |   cots_pred[0] = posfun(cots_dat[0], eps, nll);\n      |                  ~~~~~~^~~~~~~~~~~~~~~~~~~~~~~\nPOPULATIONS//POPULATION_0008//INDIVIDUAL_A159RC93/model.cpp:67:30: error: 'posfun' was not declared in this scope, and no declarations were found by argument-dependent lookup at the point of instantiation\n   67 |     Type total_cover = posfun(slow_pred[t-1], eps, nll) + posfun(fast_pred[t-1], eps, nll);\n      |                        ~~~~~~^~~~~~~~~~~~~~~~~~~~~~~~~~\nPOPULATIONS//POPULATION_0008//INDIVIDUAL_A159RC93/model.cpp:49:24: note: 'posfun' declared here, later in the translation unit\n   49 |   cots_pred[0] = posfun(cots_dat[0], eps, nll);\n      |                  ~~~~~~^~~~~~~~~~~~~~~~~~~~~~~\nPOPULATIONS//POPULATION_0008//INDIVIDUAL_A159RC93/model.cpp:67:65: error: 'posfun' was not declared in this scope, and no declarations were found by argument-dependent lookup at the point of instantiation\n   67 |     Type total_cover = posfun(slow_pred[t-1], eps, nll) + posfun(fast_pred[t-1], eps, nll);\n      |                                                           ~~~~~~^~~~~~~~~~~~~~~~~~~~~~~~~~\nPOPULATIONS//POPULATION_0008//INDIVIDUAL_A159RC93/model.cpp:49:24: note: 'posfun' declared here, later in the translation unit\n   49 |   cots_pred[0] = posfun(cots_dat[0], eps, nll);\n      |                  ~~~~~~^~~~~~~~~~~~~~~~~~~~~~~\nPOPULATIONS//POPULATION_0008//INDIVIDUAL_A159RC93/model.cpp:68:34: error: 'posfun' was not declared in this scope, and no declarations were found by argument-dependent lookup at the point of instantiation\n   68 |     Type available_space = posfun(max_coral - total_cover, eps, nll);\n      |                            ~~~~~~^~~~~~~~~~~~~~~~~~~~~~~~~~~~~~~~~~~\nPOPULATIONS//POPULATION_0008//INDIVIDUAL_A159RC93/model.cpp:49:24: note: 'posfun' declared here, later in the translation unit\n   49 |   cots_pred[0] = posfun(cots_dat[0], eps, nll);\n      |                  ~~~~~~^~~~~~~~~~~~~~~~~~~~~~~\nPOPULATIONS//POPULATION_0008//INDIVIDUAL_A159RC93/model.cpp:71:39: error: 'posfun' was not declared in this scope, and no declarations were found by argument-dependent lookup at the point of instantiation\n   71 |     Type slow_growth = r_slow * posfun(slow_pred[t-1], eps, nll) * available_space/max_coral;\n      |                                 ~~~~~~^~~~~~~~~~~~~~~~~~~~~~~~~~\nPOPULATIONS//POPULATION_0008//INDIVIDUAL_A159RC93/model.cpp:49:24: note: 'posfun' declared here, later in the translation unit\n   49 |   cots_pred[0] = posfun(cots_dat[0], eps, nll);\n      |                  ~~~~~~^~~~~~~~~~~~~~~~~~~~~~~\nPOPULATIONS//POPULATION_0008//INDIVIDUAL_A159RC93/model.cpp:72:39: error: 'posfun' was not declared in this scope, and no declarations were found by argument-dependent lookup at the point of instantiation\n   72 |     Type fast_growth = r_fast * posfun(fast_pred[t-1], eps, nll) * available_space/max_coral;\n      |                                 ~~~~~~^~~~~~~~~~~~~~~~~~~~~~~~~~\nPOPULATIONS//POPULATION_0008//INDIVIDUAL_A159RC93/model.cpp:49:24: note: 'posfun' declared here, later in the translation unit\n   49 |   cots_pred[0] = posfun(cots_dat[0], eps, nll);\n      |                  ~~~~~~^~~~~~~~~~~~~~~~~~~~~~~\nPOPULATIONS//POPULATION_0008//INDIVIDUAL_A159RC93/model.cpp:76:60: error: 'posfun' was not declared in this scope, and no declarations were found by argument-dependent lookup at the point of instantiation\n   76 |                          alpha_slow * cots_pred[t] * posfun(slow_pred[t-1], eps, nll);\n      |                                                      ~~~~~~^~~~~~~~~~~~~~~~~~~~~~~~~~\nPOPULATIONS//POPULATION_0008//INDIVIDUAL_A159RC93/model.cpp:49:24: note: 'posfun' declared here, later in the translation unit\n   49 |   cots_pred[0] = posfun(cots_dat[0], eps, nll);\n      |                  ~~~~~~^~~~~~~~~~~~~~~~~~~~~~~\nPOPULATIONS//POPULATION_0008//INDIVIDUAL_A159RC93/model.cpp:78:60: error: 'posfun' was not declared in this scope, and no declarations were found by argument-dependent lookup at the point of instantiation\n   78 |                          alpha_fast * cots_pred[t] * posfun(fast_pred[t-1], eps, nll);\n      |                                                      ~~~~~~^~~~~~~~~~~~~~~~~~~~~~~~~~\nPOPULATIONS//POPULATION_0008//INDIVIDUAL_A159RC93/model.cpp:49:24: note: 'posfun' declared here, later in the translation unit\n   49 |   cots_pred[0] = posfun(cots_dat[0], eps, nll);\n      |                  ~~~~~~^~~~~~~~~~~~~~~~~~~~~~~\nPOPULATIONS//POPULATION_0008//INDIVIDUAL_A159RC93/model.cpp:81:26: error: 'posfun' was not declared in this scope, and no declarations were found by argument-dependent lookup at the point of instantiation\n   81 |     slow_pred[t] = posfun(slow_pred_temp, eps, nll);\n      |                    ~~~~~~^~~~~~~~~~~~~~~~~~~~~~~~~~\nPOPULATIONS//POPULATION_0008//INDIVIDUAL_A159RC93/model.cpp:49:24: note: 'posfun' declared here, later in the translation unit\n   49 |   cots_pred[0] = posfun(cots_dat[0], eps, nll);\n      |                  ~~~~~~^~~~~~~~~~~~~~~~~~~~~~~\nPOPULATIONS//POPULATION_0008//INDIVIDUAL_A159RC93/model.cpp:82:26: error: 'posfun' was not declared in this scope, and no declarations were found by argument-dependent lookup at the point of instantiation\n   82 |     slow_pred[t] = posfun(max_coral - slow_pred[t], eps, nll);\n      |                    ~~~~~~^~~~~~~~~~~~~~~~~~~~~~~~~~~~~~~~~~~~\nPOPULATIONS//POPULATION_0008//INDIVIDUAL_A159RC93/model.cpp:49:24: note: 'posfun' declared here, later in the translation unit\n   49 |   cots_pred[0] = posfun(cots_dat[0], eps, nll);\n      |                  ~~~~~~^~~~~~~~~~~~~~~~~~~~~~~\nPOPULATIONS//POPULATION_0008//INDIVIDUAL_A159RC93/model.cpp:83:26: error: 'posfun' was not declared in this scope, and no declarations were found by argument-dependent lookup at the point of instantiation\n   83 |     fast_pred[t] = posfun(fast_pred_temp, eps, nll);\n      |                    ~~~~~~^~~~~~~~~~~~~~~~~~~~~~~~~~\nPOPULATIONS//POPULATION_0008//INDIVIDUAL_A159RC93/model.cpp:49:24: note: 'posfun' declared here, later in the translation unit\n   49 |   cots_pred[0] = posfun(cots_dat[0], eps, nll);\n      |                  ~~~~~~^~~~~~~~~~~~~~~~~~~~~~~\nPOPULATIONS//POPULATION_0008//INDIVIDUAL_A159RC93/model.cpp:84:26: error: 'posfun' was not declared in this scope, and no declarations were found by argument-dependent lookup at the point of instantiation\n   84 |     fast_pred[t] = posfun(max_coral - fast_pred[t], eps, nll);\n      |                    ~~~~~~^~~~~~~~~~~~~~~~~~~~~~~~~~~~~~~~~~~~\nPOPULATIONS//POPULATION_0008//INDIVIDUAL_A159RC93/model.cpp:49:24: note: 'posfun' declared here, later in the translation unit\n   49 |   cots_pred[0] = posfun(cots_dat[0], eps, nll);\n      |                  ~~~~~~^~~~~~~~~~~~~~~~~~~~~~~\nPOPULATIONS//POPULATION_0008//INDIVIDUAL_A159RC93/model.cpp:85:26: error: 'posfun' was not declared in this scope, and no declarations were found by argument-dependent lookup at the point of instantiation\n   85 |     cots_pred[t] = posfun(cots_pred[t], eps, nll);\n      |                    ~~~~~~^~~~~~~~~~~~~~~~~~~~~~~~\nPOPULATIONS//POPULATION_0008//INDIVIDUAL_A159RC93/model.cpp:49:24: note: 'posfun' declared here, later in the translation unit\n   49 |   cots_pred[0] = posfun(cots_dat[0], eps, nll);\n      |                  ~~~~~~^~~~~~~~~~~~~~~~~~~~~~~\nPOPULATIONS//POPULATION_0008//INDIVIDUAL_A159RC93/model.cpp:86:26: error: 'posfun' was not declared in this scope, and no declarations were found by argument-dependent lookup at the point of instantiation\n   86 |     cots_pred[t] = posfun(K_cots - cots_pred[t], eps, nll);\n      |                    ~~~~~~^~~~~~~~~~~~~~~~~~~~~~~~~~~~~~~~~\nPOPULATIONS//POPULATION_0008//INDIVIDUAL_A159RC93/model.cpp:49:24: note: 'posfun' declared here, later in the translation unit\n   49 |   cots_pred[0] = posfun(cots_dat[0], eps, nll);\n      |                  ~~~~~~^~~~~~~~~~~~~~~~~~~~~~~\nPOPULATIONS//POPULATION_0008//INDIVIDUAL_A159RC93/model.cpp:90:29: error: 'posfun' was not declared in this scope, and no declarations were found by argument-dependent lookup at the point of instantiation\n   90 |   Type effective_sd = posfun(obs_sd + min_sd, eps, nll);  // Ensure positive SD\n      |                       ~~~~~~^~~~~~~~~~~~~~~~~~~~~~~~~~~\nPOPULATIONS//POPULATION_0008//INDIVIDUAL_A159RC93/model.cpp:49:24: note: 'posfun' declared here, later in the translation unit\n   49 |   cots_pred[0] = posfun(cots_dat[0], eps, nll);\n      |                  ~~~~~~^~~~~~~~~~~~~~~~~~~~~~~\nPOPULATIONS//POPULATION_0008//INDIVIDUAL_A159RC93/model.cpp:94:28: error: 'posfun' was not declared in this scope, and no declarations were found by argument-dependent lookup at the point of instantiation\n   94 |     nll -= dnorm(log(posfun(cots_dat[t], eps, nll)),\n      |                      ~~~~~~^~~~~~~~~~~~~~~~~~~~~~~\nPOPULATIONS//POPULATION_0008//INDIVIDUAL_A159RC93/model.cpp:49:24: note: 'posfun' declared here, later in the translation unit\n   49 |   cots_pred[0] = posfun(cots_dat[0], eps, nll);\n      |                  ~~~~~~^~~~~~~~~~~~~~~~~~~~~~~\nPOPULATIONS//POPULATION_0008//INDIVIDUAL_A159RC93/model.cpp:95:28: error: 'posfun' was not declared in this scope, and no declarations were found by argument-dependent lookup at the point of instantiation\n   95 |                  log(posfun(cots_pred[t], eps, nll)),\n      |                      ~~~~~~^~~~~~~~~~~~~~~~~~~~~~~~\nPOPULATIONS//POPULATION_0008//INDIVIDUAL_A159RC93/model.cpp:49:24: note: 'posfun' declared here, later in the translation unit\n   49 |   cots_pred[0] = posfun(cots_dat[0], eps, nll);\n      |                  ~~~~~~^~~~~~~~~~~~~~~~~~~~~~~\nPOPULATIONS//POPULATION_0008//INDIVIDUAL_A159RC93/model.cpp:97:28: error: 'posfun' was not declared in this scope, and no declarations were found by argument-dependent lookup at the point of instantiation\n   97 |     nll -= dnorm(log(posfun(slow_dat[t], eps, nll)),\n      |                      ~~~~~~^~~~~~~~~~~~~~~~~~~~~~~\nPOPULATIONS//POPULATION_0008//INDIVIDUAL_A159RC93/model.cpp:49:24: note: 'posfun' declared here, later in the translation unit\n   49 |   cots_pred[0] = posfun(cots_dat[0], eps, nll);\n      |                  ~~~~~~^~~~~~~~~~~~~~~~~~~~~~~\nPOPULATIONS//POPULATION_0008//INDIVIDUAL_A159RC93/model.cpp:98:28: error: 'posfun' was not declared in this scope, and no declarations were found by argument-dependent lookup at the point of instantiation\n   98 |                  log(posfun(slow_pred[t], eps, nll)),\n      |                      ~~~~~~^~~~~~~~~~~~~~~~~~~~~~~~\nPOPULATIONS//POPULATION_0008//INDIVIDUAL_A159RC93/model.cpp:49:24: note: 'posfun' declared here, later in the translation unit\n   49 |   cots_pred[0] = posfun(cots_dat[0], eps, nll);\n      |                  ~~~~~~^~~~~~~~~~~~~~~~~~~~~~~\nPOPULATIONS//POPULATION_0008//INDIVIDUAL_A159RC93/model.cpp:100:28: error: 'posfun' was not declared in this scope, and no declarations were found by argument-dependent lookup at the point of instantiation\n  100 |     nll -= dnorm(log(posfun(fast_dat[t], eps, nll)),\n      |                      ~~~~~~^~~~~~~~~~~~~~~~~~~~~~~\nPOPULATIONS//POPULATION_0008//INDIVIDUAL_A159RC93/model.cpp:49:24: note: 'posfun' declared here, later in the translation unit\n   49 |   cots_pred[0] = posfun(cots_dat[0], eps, nll);\n      |                  ~~~~~~^~~~~~~~~~~~~~~~~~~~~~~\nPOPULATIONS//POPULATION_0008//INDIVIDUAL_A159RC93/model.cpp:101:28: error: 'posfun' was not declared in this scope, and no declarations were found by argument-dependent lookup at the point of instantiation\n  101 |                  log(posfun(fast_pred[t], eps, nll)),\n      |                      ~~~~~~^~~~~~~~~~~~~~~~~~~~~~~~\nPOPULATIONS//POPULATION_0008//INDIVIDUAL_A159RC93/model.cpp:49:24: note: 'posfun' declared here, later in the translation unit\n   49 |   cots_pred[0] = posfun(cots_dat[0], eps, nll);\n      |                  ~~~~~~^~~~~~~~~~~~~~~~~~~~~~~\nPOPULATIONS//POPULATION_0008//INDIVIDUAL_A159RC93/model.cpp: In instantiation of 'Type objective_function<Type>::operator()() [with Type = CppAD::AD<CppAD::AD<CppAD::AD<double> > >]':\nC:/Users/spi085/AppData/Local/Programs/R/R-4.4.1/library/TMB/include/tmb_core.hpp:913:29:   required from 'Type objective_function<Type>::evalUserTemplate() [with Type = CppAD::AD<CppAD::AD<CppAD::AD<double> > >]'\nC:/Users/spi085/AppData/Local/Programs/R/R-4.4.1/library/TMB/include/tmb_core.hpp:2361:28:   required from here\nPOPULATIONS//POPULATION_0008//INDIVIDUAL_A159RC93/model.cpp:49:24: error: 'posfun' was not declared in this scope\nPOPULATIONS//POPULATION_0008//INDIVIDUAL_A159RC93/model.cpp:50:24: error: 'posfun' was not declared in this scope, and no declarations were found by argument-dependent lookup at the point of instantiation\n   50 |   slow_pred[0] = posfun(slow_dat[0], eps, nll);\n      |                  ~~~~~~^~~~~~~~~~~~~~~~~~~~~~~\nPOPULATIONS//POPULATION_0008//INDIVIDUAL_A159RC93/model.cpp:49:24: note: 'posfun' declared here, later in the translation unit\n   49 |   cots_pred[0] = posfun(cots_dat[0], eps, nll);\n      |                  ~~~~~~^~~~~~~~~~~~~~~~~~~~~~~\nPOPULATIONS//POPULATION_0008//INDIVIDUAL_A159RC93/model.cpp:51:24: error: 'posfun' was not declared in this scope, and no declarations were found by argument-dependent lookup at the point of instantiation\n   51 |   fast_pred[0] = posfun(fast_dat[0], eps, nll);\n      |                  ~~~~~~^~~~~~~~~~~~~~~~~~~~~~~\nPOPULATIONS//POPULATION_0008//INDIVIDUAL_A159RC93/model.cpp:49:24: note: 'posfun' declared here, later in the translation unit\n   49 |   cots_pred[0] = posfun(cots_dat[0], eps, nll);\n      |                  ~~~~~~^~~~~~~~~~~~~~~~~~~~~~~\nPOPULATIONS//POPULATION_0008//INDIVIDUAL_A159RC93/model.cpp:61:30: error: 'posfun' was not declared in this scope, and no declarations were found by argument-dependent lookup at the point of instantiation\n   61 |     Type rel_density = posfun(cots_pred[t-1], eps, nll) / (K_cots + eps);\n      |                        ~~~~~~^~~~~~~~~~~~~~~~~~~~~~~~~~\nPOPULATIONS//POPULATION_0008//INDIVIDUAL_A159RC93/model.cpp:49:24: note: 'posfun' declared here, later in the translation unit\n   49 |   cots_pred[0] = posfun(cots_dat[0], eps, nll);\n      |                  ~~~~~~^~~~~~~~~~~~~~~~~~~~~~~\nPOPULATIONS//POPULATION_0008//INDIVIDUAL_A159RC93/model.cpp:63:39: error: 'posfun' was not declared in this scope, and no declarations were found by argument-dependent lookup at the point of instantiation\n   63 |     Type cots_growth = r_cots * posfun(cots_pred[t-1], eps, nll) * posfun(dd_term, eps, nll);\n      |                                 ~~~~~~^~~~~~~~~~~~~~~~~~~~~~~~~~\nPOPULATIONS//POPULATION_0008//INDIVIDUAL_A159RC93/model.cpp:49:24: note: 'posfun' declared here, later in the translation unit\n   49 |   cots_pred[0] = posfun(cots_dat[0], eps, nll);\n      |                  ~~~~~~^~~~~~~~~~~~~~~~~~~~~~~\nPOPULATIONS//POPULATION_0008//INDIVIDUAL_A159RC93/model.cpp:63:74: error: 'posfun' was not declared in this scope, and no declarations were found by argument-dependent lookup at the point of instantiation\n   63 |     Type cots_growth = r_cots * posfun(cots_pred[t-1], eps, nll) * posfun(dd_term, eps, nll);\n      |                                                                    ~~~~~~^~~~~~~~~~~~~~~~~~~\nPOPULATIONS//POPULATION_0008//INDIVIDUAL_A159RC93/model.cpp:49:24: note: 'posfun' declared here, later in the translation unit\n   49 |   cots_pred[0] = posfun(cots_dat[0], eps, nll);\n      |                  ~~~~~~^~~~~~~~~~~~~~~~~~~~~~~\nPOPULATIONS//POPULATION_0008//INDIVIDUAL_A159RC93/model.cpp:64:26: error: 'posfun' was not declared in this scope, and no declarations were found by argument-dependent lookup at the point of instantiation\n   64 |     cots_pred[t] = posfun(cots_pred[t-1] + cots_growth * temp_effect + cotsimm_dat[t], eps, nll);\n      |                    ~~~~~~^~~~~~~~~~~~~~~~~~~~~~~~~~~~~~~~~~~~~~~~~~~~~~~~~~~~~~~~~~~~~~~~~~~~~~~\nPOPULATIONS//POPULATION_0008//INDIVIDUAL_A159RC93/model.cpp:49:24: note: 'posfun' declared here, later in the translation unit\n   49 |   cots_pred[0] = posfun(cots_dat[0], eps, nll);\n      |                  ~~~~~~^~~~~~~~~~~~~~~~~~~~~~~\nPOPULATIONS//POPULATION_0008//INDIVIDUAL_A159RC93/model.cpp:67:30: error: 'posfun' was not declared in this scope, and no declarations were found by argument-dependent lookup at the point of instantiation\n   67 |     Type total_cover = posfun(slow_pred[t-1], eps, nll) + posfun(fast_pred[t-1], eps, nll);\n      |                        ~~~~~~^~~~~~~~~~~~~~~~~~~~~~~~~~\nPOPULATIONS//POPULATION_0008//INDIVIDUAL_A159RC93/model.cpp:49:24: note: 'posfun' declared here, later in the translation unit\n   49 |   cots_pred[0] = posfun(cots_dat[0], eps, nll);\n      |                  ~~~~~~^~~~~~~~~~~~~~~~~~~~~~~\nPOPULATIONS//POPULATION_0008//INDIVIDUAL_A159RC93/model.cpp:67:65: error: 'posfun' was not declared in this scope, and no declarations were found by argument-dependent lookup at the point of instantiation\n   67 |     Type total_cover = posfun(slow_pred[t-1], eps, nll) + posfun(fast_pred[t-1], eps, nll);\n      |                                                           ~~~~~~^~~~~~~~~~~~~~~~~~~~~~~~~~\nPOPULATIONS//POPULATION_0008//INDIVIDUAL_A159RC93/model.cpp:49:24: note: 'posfun' declared here, later in the translation unit\n   49 |   cots_pred[0] = posfun(cots_dat[0], eps, nll);\n      |                  ~~~~~~^~~~~~~~~~~~~~~~~~~~~~~\nPOPULATIONS//POPULATION_0008//INDIVIDUAL_A159RC93/model.cpp:68:34: error: 'posfun' was not declared in this scope, and no declarations were found by argument-dependent lookup at the point of instantiation\n   68 |     Type available_space = posfun(max_coral - total_cover, eps, nll);\n      |                            ~~~~~~^~~~~~~~~~~~~~~~~~~~~~~~~~~~~~~~~~~\nPOPULATIONS//POPULATION_0008//INDIVIDUAL_A159RC93/model.cpp:49:24: note: 'posfun' declared here, later in the translation unit\n   49 |   cots_pred[0] = posfun(cots_dat[0], eps, nll);\n      |                  ~~~~~~^~~~~~~~~~~~~~~~~~~~~~~\nPOPULATIONS//POPULATION_0008//INDIVIDUAL_A159RC93/model.cpp:71:39: error: 'posfun' was not declared in this scope, and no declarations were found by argument-dependent lookup at the point of instantiation\n   71 |     Type slow_growth = r_slow * posfun(slow_pred[t-1], eps, nll) * available_space/max_coral;\n      |                                 ~~~~~~^~~~~~~~~~~~~~~~~~~~~~~~~~\nPOPULATIONS//POPULATION_0008//INDIVIDUAL_A159RC93/model.cpp:49:24: note: 'posfun' declared here, later in the translation unit\n   49 |   cots_pred[0] = posfun(cots_dat[0], eps, nll);\n      |                  ~~~~~~^~~~~~~~~~~~~~~~~~~~~~~\nPOPULATIONS//POPULATION_0008//INDIVIDUAL_A159RC93/model.cpp:72:39: error: 'posfun' was not declared in this scope, and no declarations were found by argument-dependent lookup at the point of instantiation\n   72 |     Type fast_growth = r_fast * posfun(fast_pred[t-1], eps, nll) * available_space/max_coral;\n      |                                 ~~~~~~^~~~~~~~~~~~~~~~~~~~~~~~~~\nPOPULATIONS//POPULATION_0008//INDIVIDUAL_A159RC93/model.cpp:49:24: note: 'posfun' declared here, later in the translation unit\n   49 |   cots_pred[0] = posfun(cots_dat[0], eps, nll);\n      |                  ~~~~~~^~~~~~~~~~~~~~~~~~~~~~~\nPOPULATIONS//POPULATION_0008//INDIVIDUAL_A159RC93/model.cpp:76:60: error: 'posfun' was not declared in this scope, and no declarations were found by argument-dependent lookup at the point of instantiation\n   76 |                          alpha_slow * cots_pred[t] * posfun(slow_pred[t-1], eps, nll);\n      |                                                      ~~~~~~^~~~~~~~~~~~~~~~~~~~~~~~~~\nPOPULATIONS//POPULATION_0008//INDIVIDUAL_A159RC93/model.cpp:49:24: note: 'posfun' declared here, later in the translation unit\n   49 |   cots_pred[0] = posfun(cots_dat[0], eps, nll);\n      |                  ~~~~~~^~~~~~~~~~~~~~~~~~~~~~~\nPOPULATIONS//POPULATION_0008//INDIVIDUAL_A159RC93/model.cpp:78:60: error: 'posfun' was not declared in this scope, and no declarations were found by argument-dependent lookup at the point of instantiation\n   78 |                          alpha_fast * cots_pred[t] * posfun(fast_pred[t-1], eps, nll);\n      |                                                      ~~~~~~^~~~~~~~~~~~~~~~~~~~~~~~~~\nPOPULATIONS//POPULATION_0008//INDIVIDUAL_A159RC93/model.cpp:49:24: note: 'posfun' declared here, later in the translation unit\n   49 |   cots_pred[0] = posfun(cots_dat[0], eps, nll);\n      |                  ~~~~~~^~~~~~~~~~~~~~~~~~~~~~~\nPOPULATIONS//POPULATION_0008//INDIVIDUAL_A159RC93/model.cpp:81:26: error: 'posfun' was not declared in this scope, and no declarations were found by argument-dependent lookup at the point of instantiation\n   81 |     slow_pred[t] = posfun(slow_pred_temp, eps, nll);\n      |                    ~~~~~~^~~~~~~~~~~~~~~~~~~~~~~~~~\nPOPULATIONS//POPULATION_0008//INDIVIDUAL_A159RC93/model.cpp:49:24: note: 'posfun' declared here, later in the translation unit\n   49 |   cots_pred[0] = posfun(cots_dat[0], eps, nll);\n      |                  ~~~~~~^~~~~~~~~~~~~~~~~~~~~~~\nPOPULATIONS//POPULATION_0008//INDIVIDUAL_A159RC93/model.cpp:82:26: error: 'posfun' was not declared in this scope, and no declarations were found by argument-dependent lookup at the point of instantiation\n   82 |     slow_pred[t] = posfun(max_coral - slow_pred[t], eps, nll);\n      |                    ~~~~~~^~~~~~~~~~~~~~~~~~~~~~~~~~~~~~~~~~~~\nPOPULATIONS//POPULATION_0008//INDIVIDUAL_A159RC93/model.cpp:49:24: note: 'posfun' declared here, later in the translation unit\n   49 |   cots_pred[0] = posfun(cots_dat[0], eps, nll);\n      |                  ~~~~~~^~~~~~~~~~~~~~~~~~~~~~~\nPOPULATIONS//POPULATION_0008//INDIVIDUAL_A159RC93/model.cpp:83:26: error: 'posfun' was not declared in this scope, and no declarations were found by argument-dependent lookup at the point of instantiation\n   83 |     fast_pred[t] = posfun(fast_pred_temp, eps, nll);\n      |                    ~~~~~~^~~~~~~~~~~~~~~~~~~~~~~~~~\nPOPULATIONS//POPULATION_0008//INDIVIDUAL_A159RC93/model.cpp:49:24: note: 'posfun' declared here, later in the translation unit\n   49 |   cots_pred[0] = posfun(cots_dat[0], eps, nll);\n      |                  ~~~~~~^~~~~~~~~~~~~~~~~~~~~~~\nPOPULATIONS//POPULATION_0008//INDIVIDUAL_A159RC93/model.cpp:84:26: error: 'posfun' was not declared in this scope, and no declarations were found by argument-dependent lookup at the point of instantiation\n   84 |     fast_pred[t] = posfun(max_coral - fast_pred[t], eps, nll);\n      |                    ~~~~~~^~~~~~~~~~~~~~~~~~~~~~~~~~~~~~~~~~~~\nPOPULATIONS//POPULATION_0008//INDIVIDUAL_A159RC93/model.cpp:49:24: note: 'posfun' declared here, later in the translation unit\n   49 |   cots_pred[0] = posfun(cots_dat[0], eps, nll);\n      |                  ~~~~~~^~~~~~~~~~~~~~~~~~~~~~~\nPOPULATIONS//POPULATION_0008//INDIVIDUAL_A159RC93/model.cpp:85:26: error: 'posfun' was not declared in this scope, and no declarations were found by argument-dependent lookup at the point of instantiation\n   85 |     cots_pred[t] = posfun(cots_pred[t], eps, nll);\n      |                    ~~~~~~^~~~~~~~~~~~~~~~~~~~~~~~\nPOPULATIONS//POPULATION_0008//INDIVIDUAL_A159RC93/model.cpp:49:24: note: 'posfun' declared here, later in the translation unit\n   49 |   cots_pred[0] = posfun(cots_dat[0], eps, nll);\n      |                  ~~~~~~^~~~~~~~~~~~~~~~~~~~~~~\nPOPULATIONS//POPULATION_0008//INDIVIDUAL_A159RC93/model.cpp:86:26: error: 'posfun' was not declared in this scope, and no declarations were found by argument-dependent lookup at the point of instantiation\n   86 |     cots_pred[t] = posfun(K_cots - cots_pred[t], eps, nll);\n      |                    ~~~~~~^~~~~~~~~~~~~~~~~~~~~~~~~~~~~~~~~\nPOPULATIONS//POPULATION_0008//INDIVIDUAL_A159RC93/model.cpp:49:24: note: 'posfun' declared here, later in the translation unit\n   49 |   cots_pred[0] = posfun(cots_dat[0], eps, nll);\n      |                  ~~~~~~^~~~~~~~~~~~~~~~~~~~~~~\nPOPULATIONS//POPULATION_0008//INDIVIDUAL_A159RC93/model.cpp:90:29: error: 'posfun' was not declared in this scope, and no declarations were found by argument-dependent lookup at the point of instantiation\n   90 |   Type effective_sd = posfun(obs_sd + min_sd, eps, nll);  // Ensure positive SD\n      |                       ~~~~~~^~~~~~~~~~~~~~~~~~~~~~~~~~~\nPOPULATIONS//POPULATION_0008//INDIVIDUAL_A159RC93/model.cpp:49:24: note: 'posfun' declared here, later in the translation unit\n   49 |   cots_pred[0] = posfun(cots_dat[0], eps, nll);\n      |                  ~~~~~~^~~~~~~~~~~~~~~~~~~~~~~\nPOPULATIONS//POPULATION_0008//INDIVIDUAL_A159RC93/model.cpp:94:28: error: 'posfun' was not declared in this scope, and no declarations were found by argument-dependent lookup at the point of instantiation\n   94 |     nll -= dnorm(log(posfun(cots_dat[t], eps, nll)),\n      |                      ~~~~~~^~~~~~~~~~~~~~~~~~~~~~~\nPOPULATIONS//POPULATION_0008//INDIVIDUAL_A159RC93/model.cpp:49:24: note: 'posfun' declared here, later in the translation unit\n   49 |   cots_pred[0] = posfun(cots_dat[0], eps, nll);\n      |                  ~~~~~~^~~~~~~~~~~~~~~~~~~~~~~\nPOPULATIONS//POPULATION_0008//INDIVIDUAL_A159RC93/model.cpp:95:28: error: 'posfun' was not declared in this scope, and no declarations were found by argument-dependent lookup at the point of instantiation\n   95 |                  log(posfun(cots_pred[t], eps, nll)),\n      |                      ~~~~~~^~~~~~~~~~~~~~~~~~~~~~~~\nPOPULATIONS//POPULATION_0008//INDIVIDUAL_A159RC93/model.cpp:49:24: note: 'posfun' declared here, later in the translation unit\n   49 |   cots_pred[0] = posfun(cots_dat[0], eps, nll);\n      |                  ~~~~~~^~~~~~~~~~~~~~~~~~~~~~~\nPOPULATIONS//POPULATION_0008//INDIVIDUAL_A159RC93/model.cpp:97:28: error: 'posfun' was not declared in this scope, and no declarations were found by argument-dependent lookup at the point of instantiation\n   97 |     nll -= dnorm(log(posfun(slow_dat[t], eps, nll)),\n      |                      ~~~~~~^~~~~~~~~~~~~~~~~~~~~~~\nPOPULATIONS//POPULATION_0008//INDIVIDUAL_A159RC93/model.cpp:49:24: note: 'posfun' declared here, later in the translation unit\n   49 |   cots_pred[0] = posfun(cots_dat[0], eps, nll);\n      |                  ~~~~~~^~~~~~~~~~~~~~~~~~~~~~~\nPOPULATIONS//POPULATION_0008//INDIVIDUAL_A159RC93/model.cpp:98:28: error: 'posfun' was not declared in this scope, and no declarations were found by argument-dependent lookup at the point of instantiation\n   98 |                  log(posfun(slow_pred[t], eps, nll)),\n      |                      ~~~~~~^~~~~~~~~~~~~~~~~~~~~~~~\nPOPULATIONS//POPULATION_0008//INDIVIDUAL_A159RC93/model.cpp:49:24: note: 'posfun' declared here, later in the translation unit\n   49 |   cots_pred[0] = posfun(cots_dat[0], eps, nll);\n      |                  ~~~~~~^~~~~~~~~~~~~~~~~~~~~~~\nPOPULATIONS//POPULATION_0008//INDIVIDUAL_A159RC93/model.cpp:100:28: error: 'posfun' was not declared in this scope, and no declarations were found by argument-dependent lookup at the point of instantiation\n  100 |     nll -= dnorm(log(posfun(fast_dat[t], eps, nll)),\n      |                      ~~~~~~^~~~~~~~~~~~~~~~~~~~~~~\nPOPULATIONS//POPULATION_0008//INDIVIDUAL_A159RC93/model.cpp:49:24: note: 'posfun' declared here, later in the translation unit\n   49 |   cots_pred[0] = posfun(cots_dat[0], eps, nll);\n      |                  ~~~~~~^~~~~~~~~~~~~~~~~~~~~~~\nPOPULATIONS//POPULATION_0008//INDIVIDUAL_A159RC93/model.cpp:101:28: error: 'posfun' was not declared in this scope, and no declarations were found by argument-dependent lookup at the point of instantiation\n  101 |                  log(posfun(fast_pred[t], eps, nll)),\n      |                      ~~~~~~^~~~~~~~~~~~~~~~~~~~~~~~\nPOPULATIONS//POPULATION_0008//INDIVIDUAL_A159RC93/model.cpp:49:24: note: 'posfun' declared here, later in the translation unit\n   49 |   cots_pred[0] = posfun(cots_dat[0], eps, nll);\n      |                  ~~~~~~^~~~~~~~~~~~~~~~~~~~~~~\nmake: *** [C:/Users/spi085/AppData/Local/Programs/R/R-4.4.1/etc/x64/Makeconf:296: POPULATIONS//POPULATION_0008//INDIVIDUAL_A159RC93/model.o] Error 1\nError in TMB::compile(file.path(individual_dir, model_file), flags = flags,  : \n  Compilation failed\nError: Compilation failed\nExecution halted"
    },
    "5": {
      "status": "ERROR",
      "message": "R script failed with return code 1",
      "stdout": "g++ -std=gnu++17  -I\"C:/Users/spi085/AppData/Local/Programs/R/R-4.4.1/include\" -DNDEBUG -I\"C:/Users/spi085/AppData/Local/Programs/R/R-44~1.1/library/TMB/include\" -I\"C:/Users/spi085/AppData/Local/Programs/R/R-44~1.1/library/RCPPEI~1/include\"   -DTMB_EIGEN_DISABLE_WARNINGS   -DTMB_LIB_INIT=R_init_model  -DCPPAD_FRAMEWORK    -I\"C:/rtools44/x86_64-w64-mingw32.static.posix/include\"     -O2 -Wa,-mbig-obj -c POPULATIONS//POPULATION_0008//INDIVIDUAL_A159RC93/model.cpp -o POPULATIONS//POPULATION_0008//INDIVIDUAL_A159RC93/model.o\ng++ -std=gnu++17 -shared -s -static-libgcc -o POPULATIONS//POPULATION_0008//INDIVIDUAL_A159RC93/model.dll tmp.def POPULATIONS//POPULATION_0008//INDIVIDUAL_A159RC93/model.o -LC:/rtools44/x86_64-w64-mingw32.static.posix/lib/x64 -LC:/rtools44/x86_64-w64-mingw32.static.posix/lib -LC:/Users/spi085/AppData/Local/Programs/R/R-4.4.1/bin/x64 -lR\nStarting model phases\nNumber of phases: 4 \nPhase 1 \nInitial parameter values for phase 1 :\n    log_r_cots log_alpha_slow log_alpha_fast \n         -0.22          -2.30          -1.61 \nFinal parameter values for phase 1 :\n    log_r_cots log_alpha_slow log_alpha_fast \n         -0.22          -2.30          -1.61 \nConvergence message: both X-convergence and relative convergence (5) \nNumber of iterations: 1 \nObjective function value: Inf \nGradient at solution for phase 1 :\n     [,1] [,2] [,3]\n[1,]    0    0    0\nPhase 2 \nInitial parameter values for phase 2 :\nlog_K_cots log_r_slow log_r_fast \n      0.69      -1.61      -0.92 \nFinal parameter values for phase 2 :\nlog_K_cots log_r_slow log_r_fast \n      0.69      -1.61      -0.92 \nConvergence message: both X-convergence and relative convergence (5) \nNumber of iterations: 1 \nObjective function value: Inf \nGradient at solution for phase 2 :\n     [,1] [,2] [,3]\n[1,]    0    0    0\nPhase 3 \nInitial parameter values for phase 3 :\n  log_temp_opt log_temp_width \n          3.33           0.69 \nFinal parameter values for phase 3 :\n  log_temp_opt log_temp_width \n          3.33           0.69 \nConvergence message: both X-convergence and relative convergence (5) \nNumber of iterations: 1 \nObjective function value: Inf \nGradient at solution for phase 3 :\n     [,1] [,2]\n[1,]    0    0\nPhase 4 \nInitial parameter values for phase 4 :\nlog_obs_sd \n     -1.61 \nError in model phases: NA/NaN gradient evaluation",
      "stderr": "Loading required package: TMB\nLoading required package: jsonlite\nhere() starts at C:/Users/spi085/OneDrive - CSIRO/Documents/_Projects/SCCP-QuantModelling\nusing C++ compiler: 'G__~1.EXE (GCC) 13.2.0'\nError in value[[3L]](cond) : \n  Error in model phases: NA/NaN gradient evaluation\nCalls: tryCatch -> tryCatchList -> tryCatchOne -> <Anonymous>\nIn addition: Warning messages:\n1: In nlminb(model$par, model$fn, model$gr) : NA/NaN function evaluation\n2: In nlminb(model$par, model$fn, model$gr) : NA/NaN function evaluation\n3: In nlminb(model$par, model$fn, model$gr) : NA/NaN function evaluation\n4: In nlminb(model$par, model$fn, model$gr) : NA/NaN function evaluation\n5: In nlminb(model$par, model$fn, model$gr) : NA/NaN function evaluation\n6: In nlminb(model$par, model$fn, model$gr) : NA/NaN function evaluation\n7: In nlminb(model$par, model$fn, model$gr) : NA/NaN function evaluation\nExecution halted"
    },
    "6": {
      "status": "ERROR",
      "message": "R script failed with return code 1",
      "stdout": "g++ -std=gnu++17  -I\"C:/Users/spi085/AppData/Local/Programs/R/R-4.4.1/include\" -DNDEBUG -I\"C:/Users/spi085/AppData/Local/Programs/R/R-44~1.1/library/TMB/include\" -I\"C:/Users/spi085/AppData/Local/Programs/R/R-44~1.1/library/RCPPEI~1/include\"   -DTMB_EIGEN_DISABLE_WARNINGS   -DTMB_LIB_INIT=R_init_model  -DCPPAD_FRAMEWORK    -I\"C:/rtools44/x86_64-w64-mingw32.static.posix/include\"     -O2 -Wa,-mbig-obj -c POPULATIONS//POPULATION_0008//INDIVIDUAL_A159RC93/model.cpp -o POPULATIONS//POPULATION_0008//INDIVIDUAL_A159RC93/model.o\ng++ -std=gnu++17 -shared -s -static-libgcc -o POPULATIONS//POPULATION_0008//INDIVIDUAL_A159RC93/model.dll tmp.def POPULATIONS//POPULATION_0008//INDIVIDUAL_A159RC93/model.o -LC:/rtools44/x86_64-w64-mingw32.static.posix/lib/x64 -LC:/rtools44/x86_64-w64-mingw32.static.posix/lib -LC:/Users/spi085/AppData/Local/Programs/R/R-4.4.1/bin/x64 -lR\nStarting model phases\nNumber of phases: 4 \nPhase 1 \nInitial parameter values for phase 1 :\n    log_r_cots log_alpha_slow log_alpha_fast \n         -0.22          -2.30          -1.61 \nError in model phases: NA/NaN gradient evaluation",
      "stderr": "Loading required package: TMB\nLoading required package: jsonlite\nhere() starts at C:/Users/spi085/OneDrive - CSIRO/Documents/_Projects/SCCP-QuantModelling\nusing C++ compiler: 'G__~1.EXE (GCC) 13.2.0'\nError in value[[3L]](cond) : \n  Error in model phases: NA/NaN gradient evaluation\nCalls: tryCatch -> tryCatchList -> tryCatchOne -> <Anonymous>\nIn addition: Warning message:\nIn nlminb(model$par, model$fn, model$gr) : NA/NaN function evaluation\nExecution halted"
    },
    "7": {
      "status": "BROKEN"
    }
  }
}