{
  "iterations": {
    "1": {
      "status": "ERROR",
      "message": "R script failed with return code 1",
      "stdout": "g++ -std=gnu++17  -I\"C:/Users/spi085/AppData/Local/Programs/R/R-4.4.1/include\" -DNDEBUG -I\"C:/Users/spi085/AppData/Local/Programs/R/R-44~1.1/library/TMB/include\" -I\"C:/Users/spi085/AppData/Local/Programs/R/R-44~1.1/library/RCPPEI~1/include\"   -DTMB_EIGEN_DISABLE_WARNINGS   -DTMB_LIB_INIT=R_init_model  -DCPPAD_FRAMEWORK    -I\"C:/rtools44/x86_64-w64-mingw32.static.posix/include\"     -O2 -Wa,-mbig-obj -c POPULATIONS//POPULATION_0011//INDIVIDUAL_6TQ5LLRE/model.cpp -o POPULATIONS//POPULATION_0011//INDIVIDUAL_6TQ5LLRE/model.o\ng++ -std=gnu++17 -shared -s -static-libgcc -o POPULATIONS//POPULATION_0011//INDIVIDUAL_6TQ5LLRE/model.dll tmp.def POPULATIONS//POPULATION_0011//INDIVIDUAL_6TQ5LLRE/model.o -LC:/rtools44/x86_64-w64-mingw32.static.posix/lib/x64 -LC:/rtools44/x86_64-w64-mingw32.static.posix/lib -LC:/Users/spi085/AppData/Local/Programs/R/R-4.4.1/bin/x64 -lR\nStarting model phases\nNumber of phases: 1 \nPhase 1 \nInitial parameter values for phase 1 :\n           r_cots            K_cots     eff_pred_slow     eff_pred_fast \n               NA             0.255                NA                NA \n           r_slow            K_slow            r_fast            K_fast \n               NA                NA             1.000                NA \n         beta_sst comp_slow_on_fast    log_sigma_cots    log_sigma_slow \n               NA                NA                NA                NA \n   log_sigma_fast \n               NA \nError in model phases: NA/NaN gradient evaluation",
      "stderr": "Loading required package: TMB\nLoading required package: jsonlite\nhere() starts at C:/Users/spi085/OneDrive - CSIRO/Documents/_Projects/SCCP-QuantModelling\nusing C++ compiler: 'G__~1.EXE (GCC) 13.2.0'\nError in value[[3L]](cond) : \n  Error in model phases: NA/NaN gradient evaluation\nCalls: tryCatch -> tryCatchList -> tryCatchOne -> <Anonymous>\nIn addition: Warning message:\nIn nlminb(model$par, model$fn, model$gr) : NA/NaN function evaluation\nExecution halted"
    },
    "2": {
      "status": "ERROR",
      "message": "R script failed with return code 1",
      "stdout": "g++ -std=gnu++17  -I\"C:/Users/spi085/AppData/Local/Programs/R/R-4.4.1/include\" -DNDEBUG -I\"C:/Users/spi085/AppData/Local/Programs/R/R-44~1.1/library/TMB/include\" -I\"C:/Users/spi085/AppData/Local/Programs/R/R-44~1.1/library/RCPPEI~1/include\"   -DTMB_EIGEN_DISABLE_WARNINGS   -DTMB_LIB_INIT=R_init_model  -DCPPAD_FRAMEWORK    -I\"C:/rtools44/x86_64-w64-mingw32.static.posix/include\"     -O2 -Wa,-mbig-obj -c POPULATIONS//POPULATION_0011//INDIVIDUAL_6TQ5LLRE/model.cpp -o POPULATIONS//POPULATION_0011//INDIVIDUAL_6TQ5LLRE/model.o\ng++ -std=gnu++17 -shared -s -static-libgcc -o POPULATIONS//POPULATION_0011//INDIVIDUAL_6TQ5LLRE/model.dll tmp.def POPULATIONS//POPULATION_0011//INDIVIDUAL_6TQ5LLRE/model.o -LC:/rtools44/x86_64-w64-mingw32.static.posix/lib/x64 -LC:/rtools44/x86_64-w64-mingw32.static.posix/lib -LC:/Users/spi085/AppData/Local/Programs/R/R-4.4.1/bin/x64 -lR\nStarting model phases\nNumber of phases: 1 \nPhase 1 \nInitial parameter values for phase 1 :\n           r_cots            K_cots     eff_pred_slow     eff_pred_fast \n               NA             0.255                NA                NA \n           r_slow            K_slow            r_fast            K_fast \n               NA                NA             1.000                NA \n         beta_sst comp_slow_on_fast    log_sigma_cots    log_sigma_slow \n               NA                NA                NA                NA \n   log_sigma_fast \n               NA \nError in model phases: NA/NaN gradient evaluation",
      "stderr": "Loading required package: TMB\nLoading required package: jsonlite\nhere() starts at C:/Users/spi085/OneDrive - CSIRO/Documents/_Projects/SCCP-QuantModelling\nusing C++ compiler: 'G__~1.EXE (GCC) 13.2.0'\nError in value[[3L]](cond) : \n  Error in model phases: NA/NaN gradient evaluation\nCalls: tryCatch -> tryCatchList -> tryCatchOne -> <Anonymous>\nIn addition: Warning message:\nIn nlminb(model$par, model$fn, model$gr) : NA/NaN function evaluation\nExecution halted"
    },
    "3": {
      "status": "ERROR",
      "message": "R script failed with return code 1",
      "stdout": "g++ -std=gnu++17  -I\"C:/Users/spi085/AppData/Local/Programs/R/R-4.4.1/include\" -DNDEBUG -I\"C:/Users/spi085/AppData/Local/Programs/R/R-44~1.1/library/TMB/include\" -I\"C:/Users/spi085/AppData/Local/Programs/R/R-44~1.1/library/RCPPEI~1/include\"   -DTMB_EIGEN_DISABLE_WARNINGS   -DTMB_LIB_INIT=R_init_model  -DCPPAD_FRAMEWORK    -I\"C:/rtools44/x86_64-w64-mingw32.static.posix/include\"     -O2 -Wa,-mbig-obj -c POPULATIONS//POPULATION_0011//INDIVIDUAL_6TQ5LLRE/model.cpp -o POPULATIONS//POPULATION_0011//INDIVIDUAL_6TQ5LLRE/model.o\ng++ -std=gnu++17 -shared -s -static-libgcc -o POPULATIONS//POPULATION_0011//INDIVIDUAL_6TQ5LLRE/model.dll tmp.def POPULATIONS//POPULATION_0011//INDIVIDUAL_6TQ5LLRE/model.o -LC:/rtools44/x86_64-w64-mingw32.static.posix/lib/x64 -LC:/rtools44/x86_64-w64-mingw32.static.posix/lib -LC:/Users/spi085/AppData/Local/Programs/R/R-4.4.1/bin/x64 -lR\nStarting model phases\nNumber of phases: 1 \nPhase 1 \nInitial parameter values for phase 1 :\n           r_cots            K_cots     eff_pred_slow     eff_pred_fast \n               NA             0.255                NA                NA \n           r_slow            K_slow            r_fast            K_fast \n               NA                NA             1.000                NA \n         beta_sst comp_slow_on_fast    log_sigma_cots    log_sigma_slow \n               NA                NA                NA                NA \n   log_sigma_fast \n               NA \nError in model phases: NA/NaN gradient evaluation",
      "stderr": "Loading required package: TMB\nLoading required package: jsonlite\nhere() starts at C:/Users/spi085/OneDrive - CSIRO/Documents/_Projects/SCCP-QuantModelling\nusing C++ compiler: 'G__~1.EXE (GCC) 13.2.0'\nError in value[[3L]](cond) : \n  Error in model phases: NA/NaN gradient evaluation\nCalls: tryCatch -> tryCatchList -> tryCatchOne -> <Anonymous>\nIn addition: Warning message:\nIn nlminb(model$par, model$fn, model$gr) : NA/NaN function evaluation\nExecution halted"
    },
    "4": {
      "status": "ERROR",
      "message": "R script failed with return code 1",
      "stdout": "g++ -std=gnu++17  -I\"C:/Users/spi085/AppData/Local/Programs/R/R-4.4.1/include\" -DNDEBUG -I\"C:/Users/spi085/AppData/Local/Programs/R/R-44~1.1/library/TMB/include\" -I\"C:/Users/spi085/AppData/Local/Programs/R/R-44~1.1/library/RCPPEI~1/include\"   -DTMB_EIGEN_DISABLE_WARNINGS   -DTMB_LIB_INIT=R_init_model  -DCPPAD_FRAMEWORK    -I\"C:/rtools44/x86_64-w64-mingw32.static.posix/include\"     -O2 -Wa,-mbig-obj -c POPULATIONS//POPULATION_0011//INDIVIDUAL_6TQ5LLRE/model.cpp -o POPULATIONS//POPULATION_0011//INDIVIDUAL_6TQ5LLRE/model.o\ng++ -std=gnu++17 -shared -s -static-libgcc -o POPULATIONS//POPULATION_0011//INDIVIDUAL_6TQ5LLRE/model.dll tmp.def POPULATIONS//POPULATION_0011//INDIVIDUAL_6TQ5LLRE/model.o -LC:/rtools44/x86_64-w64-mingw32.static.posix/lib/x64 -LC:/rtools44/x86_64-w64-mingw32.static.posix/lib -LC:/Users/spi085/AppData/Local/Programs/R/R-4.4.1/bin/x64 -lR\nStarting model phases\nNumber of phases: 1 \nPhase 1 \nInitial parameter values for phase 1 :\n           r_cots            K_cots     eff_pred_slow     eff_pred_fast \n               NA             0.255                NA                NA \n           r_slow            K_slow            r_fast            K_fast \n               NA                NA             1.000                NA \n         beta_sst comp_slow_on_fast    log_sigma_cots    log_sigma_slow \n               NA                NA                NA                NA \n   log_sigma_fast \n               NA \nError in model phases: NA/NaN gradient evaluation",
      "stderr": "Loading required package: TMB\nLoading required package: jsonlite\nhere() starts at C:/Users/spi085/OneDrive - CSIRO/Documents/_Projects/SCCP-QuantModelling\nusing C++ compiler: 'G__~1.EXE (GCC) 13.2.0'\nError in value[[3L]](cond) : \n  Error in model phases: NA/NaN gradient evaluation\nCalls: tryCatch -> tryCatchList -> tryCatchOne -> <Anonymous>\nIn addition: Warning message:\nIn nlminb(model$par, model$fn, model$gr) : NA/NaN function evaluation\nExecution halted"
    },
    "5": {
      "status": "ERROR",
      "message": "Model failed to compile.",
      "stdout": "g++ -std=gnu++17  -I\"C:/Users/spi085/AppData/Local/Programs/R/R-4.4.1/include\" -DNDEBUG -I\"C:/Users/spi085/AppData/Local/Programs/R/R-44~1.1/library/TMB/include\" -I\"C:/Users/spi085/AppData/Local/Programs/R/R-44~1.1/library/RCPPEI~1/include\"   -DTMB_EIGEN_DISABLE_WARNINGS   -DTMB_LIB_INIT=R_init_model  -DCPPAD_FRAMEWORK    -I\"C:/rtools44/x86_64-w64-mingw32.static.posix/include\"     -O2 -Wa,-mbig-obj -c POPULATIONS//POPULATION_0011//INDIVIDUAL_6TQ5LLRE/model.cpp -o POPULATIONS//POPULATION_0011//INDIVIDUAL_6TQ5LLRE/model.o",
      "stderr": "Loading required package: TMB\nLoading required package: jsonlite\nhere() starts at C:/Users/spi085/OneDrive - CSIRO/Documents/_Projects/SCCP-QuantModelling\nusing C++ compiler: 'G__~1.EXE (GCC) 13.2.0'\nPOPULATIONS//POPULATION_0011//INDIVIDUAL_6TQ5LLRE/model.cpp: In instantiation of 'Type objective_function<Type>::operator()() [with Type = CppAD::AD<double>]':\nC:/Users/spi085/AppData/Local/Programs/R/R-4.4.1/library/TMB/include/tmb_core.hpp:1308:6:   required from here\nPOPULATIONS//POPULATION_0011//INDIVIDUAL_6TQ5LLRE/model.cpp:92:24: error: cannot convert 'Eigen::DenseCoeffsBase<Eigen::Array<CppAD::AD<double>, -1, 1, 0, -1, 1>, 1>::Scalar' {aka 'CppAD::AD<double>'} to 'double'\n   92 |     cots_pred[t] = fmax(cots_pred[t], epsilon);\n      |                    ~~~~^~~~~~~~~~~~~~~~~~~~~~~\n      |                        |\n      |                        Eigen::DenseCoeffsBase<Eigen::Array<CppAD::AD<double>, -1, 1, 0, -1, 1>, 1>::Scalar {aka CppAD::AD<double>}\nIn file included from C:/rtools44/x86_64-w64-mingw32.static.posix/lib/gcc/x86_64-w64-mingw32.static.posix/13.2.0/include/c++/cmath:47,\n                 from C:/Users/spi085/AppData/Local/Programs/R/R-44~1.1/library/RCPPEI~1/include/Eigen/src/Core/util/Macros.h:679,\n                 from C:/Users/spi085/AppData/Local/Programs/R/R-44~1.1/library/RCPPEI~1/include/Eigen/Core:19,\n                 from C:/Users/spi085/AppData/Local/Programs/R/R-44~1.1/library/RCPPEI~1/include/Eigen/Dense:1,\n                 from C:/Users/spi085/AppData/Local/Programs/R/R-4.4.1/library/TMB/include/TMB.hpp:92,\n                 from POPULATIONS//POPULATION_0011//INDIVIDUAL_6TQ5LLRE/model.cpp:1:\nC:/rtools44/x86_64-w64-mingw32.static.posix/include/math.h:1118:32: note:   initializing argument 1 of 'double fmax(double, double)'\n 1118 |   extern double __cdecl fmax  (double, double);\n      |                                ^~~~~~\nPOPULATIONS//POPULATION_0011//INDIVIDUAL_6TQ5LLRE/model.cpp:93:24: error: cannot convert 'Eigen::DenseCoeffsBase<Eigen::Array<CppAD::AD<double>, -1, 1, 0, -1, 1>, 1>::Scalar' {aka 'CppAD::AD<double>'} to 'double'\n   93 |     slow_pred[t] = fmax(slow_pred[t], epsilon);\n      |                    ~~~~^~~~~~~~~~~~~~~~~~~~~~~\n      |                        |\n      |                        Eigen::DenseCoeffsBase<Eigen::Array<CppAD::AD<double>, -1, 1, 0, -1, 1>, 1>::Scalar {aka CppAD::AD<double>}\nC:/rtools44/x86_64-w64-mingw32.static.posix/include/math.h:1118:32: note:   initializing argument 1 of 'double fmax(double, double)'\n 1118 |   extern double __cdecl fmax  (double, double);\n      |                                ^~~~~~\nPOPULATIONS//POPULATION_0011//INDIVIDUAL_6TQ5LLRE/model.cpp:94:24: error: cannot convert 'Eigen::DenseCoeffsBase<Eigen::Array<CppAD::AD<double>, -1, 1, 0, -1, 1>, 1>::Scalar' {aka 'CppAD::AD<double>'} to 'double'\n   94 |     fast_pred[t] = fmax(fast_pred[t], epsilon);\n      |                    ~~~~^~~~~~~~~~~~~~~~~~~~~~~\n      |                        |\n      |                        Eigen::DenseCoeffsBase<Eigen::Array<CppAD::AD<double>, -1, 1, 0, -1, 1>, 1>::Scalar {aka CppAD::AD<double>}\nC:/rtools44/x86_64-w64-mingw32.static.posix/include/math.h:1118:32: note:   initializing argument 1 of 'double fmax(double, double)'\n 1118 |   extern double __cdecl fmax  (double, double);\n      |                                ^~~~~~\nPOPULATIONS//POPULATION_0011//INDIVIDUAL_6TQ5LLRE/model.cpp: In instantiation of 'Type objective_function<Type>::operator()() [with Type = CppAD::AD<CppAD::AD<double> >]':\nC:/Users/spi085/AppData/Local/Programs/R/R-4.4.1/library/TMB/include/tmb_core.hpp:913:29:   required from 'Type objective_function<Type>::evalUserTemplate() [with Type = CppAD::AD<CppAD::AD<double> >]'\nC:/Users/spi085/AppData/Local/Programs/R/R-4.4.1/library/TMB/include/tmb_core.hpp:2112:26:   required from here\nPOPULATIONS//POPULATION_0011//INDIVIDUAL_6TQ5LLRE/model.cpp:92:24: error: cannot convert 'Eigen::DenseCoeffsBase<Eigen::Array<CppAD::AD<CppAD::AD<double> >, -1, 1, 0, -1, 1>, 1>::Scalar' {aka 'CppAD::AD<CppAD::AD<double> >'} to 'double'\n   92 |     cots_pred[t] = fmax(cots_pred[t], epsilon);\n      |                    ~~~~^~~~~~~~~~~~~~~~~~~~~~~\n      |                        |\n      |                        Eigen::DenseCoeffsBase<Eigen::Array<CppAD::AD<CppAD::AD<double> >, -1, 1, 0, -1, 1>, 1>::Scalar {aka CppAD::AD<CppAD::AD<double> >}\nC:/rtools44/x86_64-w64-mingw32.static.posix/include/math.h:1118:32: note:   initializing argument 1 of 'double fmax(double, double)'\n 1118 |   extern double __cdecl fmax  (double, double);\n      |                                ^~~~~~\nPOPULATIONS//POPULATION_0011//INDIVIDUAL_6TQ5LLRE/model.cpp:93:24: error: cannot convert 'Eigen::DenseCoeffsBase<Eigen::Array<CppAD::AD<CppAD::AD<double> >, -1, 1, 0, -1, 1>, 1>::Scalar' {aka 'CppAD::AD<CppAD::AD<double> >'} to 'double'\n   93 |     slow_pred[t] = fmax(slow_pred[t], epsilon);\n      |                    ~~~~^~~~~~~~~~~~~~~~~~~~~~~\n      |                        |\n      |                        Eigen::DenseCoeffsBase<Eigen::Array<CppAD::AD<CppAD::AD<double> >, -1, 1, 0, -1, 1>, 1>::Scalar {aka CppAD::AD<CppAD::AD<double> >}\nC:/rtools44/x86_64-w64-mingw32.static.posix/include/math.h:1118:32: note:   initializing argument 1 of 'double fmax(double, double)'\n 1118 |   extern double __cdecl fmax  (double, double);\n      |                                ^~~~~~\nPOPULATIONS//POPULATION_0011//INDIVIDUAL_6TQ5LLRE/model.cpp:94:24: error: cannot convert 'Eigen::DenseCoeffsBase<Eigen::Array<CppAD::AD<CppAD::AD<double> >, -1, 1, 0, -1, 1>, 1>::Scalar' {aka 'CppAD::AD<CppAD::AD<double> >'} to 'double'\n   94 |     fast_pred[t] = fmax(fast_pred[t], epsilon);\n      |                    ~~~~^~~~~~~~~~~~~~~~~~~~~~~\n      |                        |\n      |                        Eigen::DenseCoeffsBase<Eigen::Array<CppAD::AD<CppAD::AD<double> >, -1, 1, 0, -1, 1>, 1>::Scalar {aka CppAD::AD<CppAD::AD<double> >}\nC:/rtools44/x86_64-w64-mingw32.static.posix/include/math.h:1118:32: note:   initializing argument 1 of 'double fmax(double, double)'\n 1118 |   extern double __cdecl fmax  (double, double);\n      |                                ^~~~~~\nPOPULATIONS//POPULATION_0011//INDIVIDUAL_6TQ5LLRE/model.cpp: In instantiation of 'Type objective_function<Type>::operator()() [with Type = CppAD::AD<CppAD::AD<CppAD::AD<double> > >]':\nC:/Users/spi085/AppData/Local/Programs/R/R-4.4.1/library/TMB/include/tmb_core.hpp:913:29:   required from 'Type objective_function<Type>::evalUserTemplate() [with Type = CppAD::AD<CppAD::AD<CppAD::AD<double> > >]'\nC:/Users/spi085/AppData/Local/Programs/R/R-4.4.1/library/TMB/include/tmb_core.hpp:2361:28:   required from here\nPOPULATIONS//POPULATION_0011//INDIVIDUAL_6TQ5LLRE/model.cpp:92:24: error: cannot convert 'Eigen::DenseCoeffsBase<Eigen::Array<CppAD::AD<CppAD::AD<CppAD::AD<double> > >, -1, 1, 0, -1, 1>, 1>::Scalar' {aka 'CppAD::AD<CppAD::AD<CppAD::AD<double> > >'} to 'double'\n   92 |     cots_pred[t] = fmax(cots_pred[t], epsilon);\n      |                    ~~~~^~~~~~~~~~~~~~~~~~~~~~~\n      |                        |\n      |                        Eigen::DenseCoeffsBase<Eigen::Array<CppAD::AD<CppAD::AD<CppAD::AD<double> > >, -1, 1, 0, -1, 1>, 1>::Scalar {aka CppAD::AD<CppAD::AD<CppAD::AD<double> > >}\nC:/rtools44/x86_64-w64-mingw32.static.posix/include/math.h:1118:32: note:   initializing argument 1 of 'double fmax(double, double)'\n 1118 |   extern double __cdecl fmax  (double, double);\n      |                                ^~~~~~\nPOPULATIONS//POPULATION_0011//INDIVIDUAL_6TQ5LLRE/model.cpp:93:24: error: cannot convert 'Eigen::DenseCoeffsBase<Eigen::Array<CppAD::AD<CppAD::AD<CppAD::AD<double> > >, -1, 1, 0, -1, 1>, 1>::Scalar' {aka 'CppAD::AD<CppAD::AD<CppAD::AD<double> > >'} to 'double'\n   93 |     slow_pred[t] = fmax(slow_pred[t], epsilon);\n      |                    ~~~~^~~~~~~~~~~~~~~~~~~~~~~\n      |                        |\n      |                        Eigen::DenseCoeffsBase<Eigen::Array<CppAD::AD<CppAD::AD<CppAD::AD<double> > >, -1, 1, 0, -1, 1>, 1>::Scalar {aka CppAD::AD<CppAD::AD<CppAD::AD<double> > >}\nC:/rtools44/x86_64-w64-mingw32.static.posix/include/math.h:1118:32: note:   initializing argument 1 of 'double fmax(double, double)'\n 1118 |   extern double __cdecl fmax  (double, double);\n      |                                ^~~~~~\nPOPULATIONS//POPULATION_0011//INDIVIDUAL_6TQ5LLRE/model.cpp:94:24: error: cannot convert 'Eigen::DenseCoeffsBase<Eigen::Array<CppAD::AD<CppAD::AD<CppAD::AD<double> > >, -1, 1, 0, -1, 1>, 1>::Scalar' {aka 'CppAD::AD<CppAD::AD<CppAD::AD<double> > >'} to 'double'\n   94 |     fast_pred[t] = fmax(fast_pred[t], epsilon);\n      |                    ~~~~^~~~~~~~~~~~~~~~~~~~~~~\n      |                        |\n      |                        Eigen::DenseCoeffsBase<Eigen::Array<CppAD::AD<CppAD::AD<CppAD::AD<double> > >, -1, 1, 0, -1, 1>, 1>::Scalar {aka CppAD::AD<CppAD::AD<CppAD::AD<double> > >}\nC:/rtools44/x86_64-w64-mingw32.static.posix/include/math.h:1118:32: note:   initializing argument 1 of 'double fmax(double, double)'\n 1118 |   extern double __cdecl fmax  (double, double);\n      |                                ^~~~~~\nmake: *** [C:/Users/spi085/AppData/Local/Programs/R/R-4.4.1/etc/x64/Makeconf:296: POPULATIONS//POPULATION_0011//INDIVIDUAL_6TQ5LLRE/model.o] Error 1\nError in TMB::compile(file.path(individual_dir, model_file), flags = flags,  : \n  Compilation failed\nError: Compilation failed\nExecution halted"
    },
    "6": {
      "status": "ERROR",
      "message": "R script failed with return code 1",
      "stdout": "g++ -std=gnu++17  -I\"C:/Users/spi085/AppData/Local/Programs/R/R-4.4.1/include\" -DNDEBUG -I\"C:/Users/spi085/AppData/Local/Programs/R/R-44~1.1/library/TMB/include\" -I\"C:/Users/spi085/AppData/Local/Programs/R/R-44~1.1/library/RCPPEI~1/include\"   -DTMB_EIGEN_DISABLE_WARNINGS   -DTMB_LIB_INIT=R_init_model  -DCPPAD_FRAMEWORK    -I\"C:/rtools44/x86_64-w64-mingw32.static.posix/include\"     -O2 -Wa,-mbig-obj -c POPULATIONS//POPULATION_0011//INDIVIDUAL_6TQ5LLRE/model.cpp -o POPULATIONS//POPULATION_0011//INDIVIDUAL_6TQ5LLRE/model.o\ng++ -std=gnu++17 -shared -s -static-libgcc -o POPULATIONS//POPULATION_0011//INDIVIDUAL_6TQ5LLRE/model.dll tmp.def POPULATIONS//POPULATION_0011//INDIVIDUAL_6TQ5LLRE/model.o -LC:/rtools44/x86_64-w64-mingw32.static.posix/lib/x64 -LC:/rtools44/x86_64-w64-mingw32.static.posix/lib -LC:/Users/spi085/AppData/Local/Programs/R/R-4.4.1/bin/x64 -lR\nStarting model phases\nNumber of phases: 1 \nPhase 1 \nInitial parameter values for phase 1 :\n           r_cots            K_cots     eff_pred_slow     eff_pred_fast \n               NA             0.255                NA                NA \n           r_slow            K_slow            r_fast            K_fast \n               NA                NA             1.000                NA \n         beta_sst comp_slow_on_fast    log_sigma_cots    log_sigma_slow \n               NA                NA                NA                NA \n   log_sigma_fast \n               NA \nError in model phases: NA/NaN gradient evaluation",
      "stderr": "Loading required package: TMB\nLoading required package: jsonlite\nhere() starts at C:/Users/spi085/OneDrive - CSIRO/Documents/_Projects/SCCP-QuantModelling\nusing C++ compiler: 'G__~1.EXE (GCC) 13.2.0'\nError in value[[3L]](cond) : \n  Error in model phases: NA/NaN gradient evaluation\nCalls: tryCatch -> tryCatchList -> tryCatchOne -> <Anonymous>\nIn addition: Warning message:\nIn nlminb(model$par, model$fn, model$gr) : NA/NaN function evaluation\nExecution halted"
    },
    "7": {
      "status": "BROKEN"
    }
  }
}