{
  "iterations": {
    "1": {
      "status": "ERROR",
      "message": "R script failed with return code 1",
      "stdout": "g++ -std=gnu++17  -I\"C:/Users/spi085/AppData/Local/Programs/R/R-4.4.1/include\" -DNDEBUG -I\"C:/Users/spi085/AppData/Local/Programs/R/R-44~1.1/library/TMB/include\" -I\"C:/Users/spi085/AppData/Local/Programs/R/R-44~1.1/library/RCPPEI~1/include\"   -DTMB_EIGEN_DISABLE_WARNINGS   -DTMB_LIB_INIT=R_init_model  -DCPPAD_FRAMEWORK    -I\"C:/rtools44/x86_64-w64-mingw32.static.posix/include\"     -O2 -Wa,-mbig-obj -c POPULATIONS//Population_0012//INDIVIDUAL_HQJVEVQS/model.cpp -o POPULATIONS//Population_0012//INDIVIDUAL_HQJVEVQS/model.o\ng++ -std=gnu++17 -shared -s -static-libgcc -o POPULATIONS//Population_0012//INDIVIDUAL_HQJVEVQS/model.dll tmp.def POPULATIONS//Population_0012//INDIVIDUAL_HQJVEVQS/model.o -LC:/rtools44/x86_64-w64-mingw32.static.posix/lib/x64 -LC:/rtools44/x86_64-w64-mingw32.static.posix/lib -LC:/Users/spi085/AppData/Local/Programs/R/R-4.4.1/bin/x64 -lR\nStarting model phases\nNumber of phases: 3 \nPhase 1 \nInitial parameter values for phase 1 :\n    r_cots   temp_opt alpha_slow alpha_fast \n        NA         30         NA         NA \nError in model phases: NA/NaN gradient evaluation",
      "stderr": "Loading required package: TMB\nLoading required package: jsonlite\nhere() starts at C:/Users/spi085/OneDrive - CSIRO/Documents/_Projects/SCCP-QuantModelling\nusing C++ compiler: 'G__~1.EXE (GCC) 13.2.0'\nError in value[[3L]](cond) : \n  Error in model phases: NA/NaN gradient evaluation\nCalls: tryCatch -> tryCatchList -> tryCatchOne -> <Anonymous>\nIn addition: Warning message:\nIn nlminb(model$par, model$fn, model$gr) : NA/NaN function evaluation\nExecution halted"
    },
    "2": {
      "status": "ERROR",
      "message": "Model failed to compile.",
      "stdout": "g++ -std=gnu++17  -I\"C:/Users/spi085/AppData/Local/Programs/R/R-4.4.1/include\" -DNDEBUG -I\"C:/Users/spi085/AppData/Local/Programs/R/R-44~1.1/library/TMB/include\" -I\"C:/Users/spi085/AppData/Local/Programs/R/R-44~1.1/library/RCPPEI~1/include\"   -DTMB_EIGEN_DISABLE_WARNINGS   -DTMB_LIB_INIT=R_init_model  -DCPPAD_FRAMEWORK    -I\"C:/rtools44/x86_64-w64-mingw32.static.posix/include\"     -O2 -Wa,-mbig-obj -c POPULATIONS//Population_0012//INDIVIDUAL_HQJVEVQS/model.cpp -o POPULATIONS//Population_0012//INDIVIDUAL_HQJVEVQS/model.o",
      "stderr": "Loading required package: TMB\nLoading required package: jsonlite\nhere() starts at C:/Users/spi085/OneDrive - CSIRO/Documents/_Projects/SCCP-QuantModelling\nusing C++ compiler: 'G__~1.EXE (GCC) 13.2.0'\nPOPULATIONS//Population_0012//INDIVIDUAL_HQJVEVQS/model.cpp: In instantiation of 'Type objective_function<Type>::operator()() [with Type = CppAD::AD<double>]':\nC:/Users/spi085/AppData/Local/Programs/R/R-4.4.1/library/TMB/include/tmb_core.hpp:1308:6:   required from here\nPOPULATIONS//Population_0012//INDIVIDUAL_HQJVEVQS/model.cpp:70:31: error: no matching function for call to 'max(CppAD::AD<double>, CppAD::AD<double>)'\n   70 |     Type available_space = max(Type(0.0), (K_coral - total_coral) / K_coral);\n      |                            ~~~^~~~~~~~~~~~~~~~~~~~~~~~~~~~~~~~~~~~~~~~~~~~~~\nIn file included from C:/Users/spi085/AppData/Local/Programs/R/R-4.4.1/library/TMB/include/TMB.hpp:215,\n                 from POPULATIONS//Population_0012//INDIVIDUAL_HQJVEVQS/model.cpp:1:\nC:/Users/spi085/AppData/Local/Programs/R/R-4.4.1/library/TMB/include/convenience.hpp:145:6: note: candidate: 'template<class Type> Type max(const tmbutils::vector<Type>&)'\n  145 | Type max(const vector<Type> &x)\n      |      ^~~\nC:/Users/spi085/AppData/Local/Programs/R/R-4.4.1/library/TMB/include/convenience.hpp:145:6: note:   template argument deduction/substitution failed:\nPOPULATIONS//Population_0012//INDIVIDUAL_HQJVEVQS/model.cpp:70:31: note:   'CppAD::AD<double>' is not derived from 'const tmbutils::vector<Type>'\n   70 |     Type available_space = max(Type(0.0), (K_coral - total_coral) / K_coral);\n      |                            ~~~^~~~~~~~~~~~~~~~~~~~~~~~~~~~~~~~~~~~~~~~~~~~~~\nPOPULATIONS//Population_0012//INDIVIDUAL_HQJVEVQS/model.cpp:75:23: error: no matching function for call to 'min(CppAD::AD<double>&, Eigen::DenseCoeffsBase<Eigen::Array<CppAD::AD<double>, -1, 1, 0, -1, 1>, 1>::Scalar&)'\n   75 |                    min(slow_consumed, slow_pred(t-1));  // Cannot consume more than exists\n      |                    ~~~^~~~~~~~~~~~~~~~~~~~~~~~~~~~~~~\nC:/Users/spi085/AppData/Local/Programs/R/R-4.4.1/library/TMB/include/convenience.hpp:156:6: note: candidate: 'template<class Type> Type min(const tmbutils::vector<Type>&)'\n  156 | Type min(const vector<Type> &x)\n      |      ^~~\nC:/Users/spi085/AppData/Local/Programs/R/R-4.4.1/library/TMB/include/convenience.hpp:156:6: note:   template argument deduction/substitution failed:\nPOPULATIONS//Population_0012//INDIVIDUAL_HQJVEVQS/model.cpp:75:23: note:   'CppAD::AD<double>' is not derived from 'const tmbutils::vector<Type>'\n   75 |                    min(slow_consumed, slow_pred(t-1));  // Cannot consume more than exists\n      |                    ~~~^~~~~~~~~~~~~~~~~~~~~~~~~~~~~~~\nPOPULATIONS//Population_0012//INDIVIDUAL_HQJVEVQS/model.cpp:79:23: error: no matching function for call to 'min(CppAD::AD<double>&, Eigen::DenseCoeffsBase<Eigen::Array<CppAD::AD<double>, -1, 1, 0, -1, 1>, 1>::Scalar&)'\n   79 |                    min(fast_consumed, fast_pred(t-1));  // Cannot consume more than exists\n      |                    ~~~^~~~~~~~~~~~~~~~~~~~~~~~~~~~~~~\nC:/Users/spi085/AppData/Local/Programs/R/R-4.4.1/library/TMB/include/convenience.hpp:156:6: note: candidate: 'template<class Type> Type min(const tmbutils::vector<Type>&)'\n  156 | Type min(const vector<Type> &x)\n      |      ^~~\nC:/Users/spi085/AppData/Local/Programs/R/R-4.4.1/library/TMB/include/convenience.hpp:156:6: note:   template argument deduction/substitution failed:\nPOPULATIONS//Population_0012//INDIVIDUAL_HQJVEVQS/model.cpp:79:23: note:   'CppAD::AD<double>' is not derived from 'const tmbutils::vector<Type>'\n   79 |                    min(fast_consumed, fast_pred(t-1));  // Cannot consume more than exists\n      |                    ~~~^~~~~~~~~~~~~~~~~~~~~~~~~~~~~~~\nPOPULATIONS//Population_0012//INDIVIDUAL_HQJVEVQS/model.cpp:82:38: error: no matching function for call to 'min(Eigen::DenseCoeffsBase<Eigen::Array<CppAD::AD<double>, -1, 1, 0, -1, 1>, 1>::Scalar&, CppAD::AD<double>&)'\n   82 |     slow_pred(t) = max(Type(0.0), min(slow_pred(t), K_coral));\n      |                                   ~~~^~~~~~~~~~~~~~~~~~~~~~~\nC:/Users/spi085/AppData/Local/Programs/R/R-4.4.1/library/TMB/include/convenience.hpp:156:6: note: candidate: 'template<class Type> Type min(const tmbutils::vector<Type>&)'\n  156 | Type min(const vector<Type> &x)\n      |      ^~~\nC:/Users/spi085/AppData/Local/Programs/R/R-4.4.1/library/TMB/include/convenience.hpp:156:6: note:   template argument deduction/substitution failed:\nPOPULATIONS//Population_0012//INDIVIDUAL_HQJVEVQS/model.cpp:82:38: note:   'Eigen::DenseCoeffsBase<Eigen::Array<CppAD::AD<double>, -1, 1, 0, -1, 1>, 1>::Scalar' {aka 'CppAD::AD<double>'} is not derived from 'const tmbutils::vector<Type>'\n   82 |     slow_pred(t) = max(Type(0.0), min(slow_pred(t), K_coral));\n      |                                   ~~~^~~~~~~~~~~~~~~~~~~~~~~\nPOPULATIONS//Population_0012//INDIVIDUAL_HQJVEVQS/model.cpp:83:38: error: no matching function for call to 'min(Eigen::DenseCoeffsBase<Eigen::Array<CppAD::AD<double>, -1, 1, 0, -1, 1>, 1>::Scalar&, CppAD::AD<double>&)'\n   83 |     fast_pred(t) = max(Type(0.0), min(fast_pred(t), K_coral));\n      |                                   ~~~^~~~~~~~~~~~~~~~~~~~~~~\nC:/Users/spi085/AppData/Local/Programs/R/R-4.4.1/library/TMB/include/convenience.hpp:156:6: note: candidate: 'template<class Type> Type min(const tmbutils::vector<Type>&)'\n  156 | Type min(const vector<Type> &x)\n      |      ^~~\nC:/Users/spi085/AppData/Local/Programs/R/R-4.4.1/library/TMB/include/convenience.hpp:156:6: note:   template argument deduction/substitution failed:\nPOPULATIONS//Population_0012//INDIVIDUAL_HQJVEVQS/model.cpp:83:38: note:   'Eigen::DenseCoeffsBase<Eigen::Array<CppAD::AD<double>, -1, 1, 0, -1, 1>, 1>::Scalar' {aka 'CppAD::AD<double>'} is not derived from 'const tmbutils::vector<Type>'\n   83 |     fast_pred(t) = max(Type(0.0), min(fast_pred(t), K_coral));\n      |                                   ~~~^~~~~~~~~~~~~~~~~~~~~~~\nPOPULATIONS//Population_0012//INDIVIDUAL_HQJVEVQS/model.cpp: In instantiation of 'Type objective_function<Type>::operator()() [with Type = double]':\nC:/Users/spi085/AppData/Local/Programs/R/R-4.4.1/library/TMB/include/tmb_core.hpp:2031:7:   required from here\nPOPULATIONS//Population_0012//INDIVIDUAL_HQJVEVQS/model.cpp:70:31: error: no matching function for call to 'max(double, double)'\n   70 |     Type available_space = max(Type(0.0), (K_coral - total_coral) / K_coral);\n      |                            ~~~^~~~~~~~~~~~~~~~~~~~~~~~~~~~~~~~~~~~~~~~~~~~~~\nC:/Users/spi085/AppData/Local/Programs/R/R-4.4.1/library/TMB/include/convenience.hpp:145:6: note: candidate: 'template<class Type> Type max(const tmbutils::vector<Type>&)'\n  145 | Type max(const vector<Type> &x)\n      |      ^~~\nC:/Users/spi085/AppData/Local/Programs/R/R-4.4.1/library/TMB/include/convenience.hpp:145:6: note:   template argument deduction/substitution failed:\nPOPULATIONS//Population_0012//INDIVIDUAL_HQJVEVQS/model.cpp:70:31: note:   mismatched types 'const tmbutils::vector<Type>' and 'double'\n   70 |     Type available_space = max(Type(0.0), (K_coral - total_coral) / K_coral);\n      |                            ~~~^~~~~~~~~~~~~~~~~~~~~~~~~~~~~~~~~~~~~~~~~~~~~~\nPOPULATIONS//Population_0012//INDIVIDUAL_HQJVEVQS/model.cpp:75:23: error: no matching function for call to 'min(double&, Eigen::DenseCoeffsBase<Eigen::Array<double, -1, 1>, 1>::Scalar&)'\n   75 |                    min(slow_consumed, slow_pred(t-1));  // Cannot consume more than exists\n      |                    ~~~^~~~~~~~~~~~~~~~~~~~~~~~~~~~~~~\nC:/Users/spi085/AppData/Local/Programs/R/R-4.4.1/library/TMB/include/convenience.hpp:156:6: note: candidate: 'template<class Type> Type min(const tmbutils::vector<Type>&)'\n  156 | Type min(const vector<Type> &x)\n      |      ^~~\nC:/Users/spi085/AppData/Local/Programs/R/R-4.4.1/library/TMB/include/convenience.hpp:156:6: note:   template argument deduction/substitution failed:\nPOPULATIONS//Population_0012//INDIVIDUAL_HQJVEVQS/model.cpp:75:23: note:   mismatched types 'const tmbutils::vector<Type>' and 'double'\n   75 |                    min(slow_consumed, slow_pred(t-1));  // Cannot consume more than exists\n      |                    ~~~^~~~~~~~~~~~~~~~~~~~~~~~~~~~~~~\nPOPULATIONS//Population_0012//INDIVIDUAL_HQJVEVQS/model.cpp:79:23: error: no matching function for call to 'min(double&, Eigen::DenseCoeffsBase<Eigen::Array<double, -1, 1>, 1>::Scalar&)'\n   79 |                    min(fast_consumed, fast_pred(t-1));  // Cannot consume more than exists\n      |                    ~~~^~~~~~~~~~~~~~~~~~~~~~~~~~~~~~~\nC:/Users/spi085/AppData/Local/Programs/R/R-4.4.1/library/TMB/include/convenience.hpp:156:6: note: candidate: 'template<class Type> Type min(const tmbutils::vector<Type>&)'\n  156 | Type min(const vector<Type> &x)\n      |      ^~~\nC:/Users/spi085/AppData/Local/Programs/R/R-4.4.1/library/TMB/include/convenience.hpp:156:6: note:   template argument deduction/substitution failed:\nPOPULATIONS//Population_0012//INDIVIDUAL_HQJVEVQS/model.cpp:79:23: note:   mismatched types 'const tmbutils::vector<Type>' and 'double'\n   79 |                    min(fast_consumed, fast_pred(t-1));  // Cannot consume more than exists\n      |                    ~~~^~~~~~~~~~~~~~~~~~~~~~~~~~~~~~~\nPOPULATIONS//Population_0012//INDIVIDUAL_HQJVEVQS/model.cpp:82:38: error: no matching function for call to 'min(Eigen::DenseCoeffsBase<Eigen::Array<double, -1, 1>, 1>::Scalar&, double&)'\n   82 |     slow_pred(t) = max(Type(0.0), min(slow_pred(t), K_coral));\n      |                                   ~~~^~~~~~~~~~~~~~~~~~~~~~~\nC:/Users/spi085/AppData/Local/Programs/R/R-4.4.1/library/TMB/include/convenience.hpp:156:6: note: candidate: 'template<class Type> Type min(const tmbutils::vector<Type>&)'\n  156 | Type min(const vector<Type> &x)\n      |      ^~~\nC:/Users/spi085/AppData/Local/Programs/R/R-4.4.1/library/TMB/include/convenience.hpp:156:6: note:   template argument deduction/substitution failed:\nPOPULATIONS//Population_0012//INDIVIDUAL_HQJVEVQS/model.cpp:82:38: note:   mismatched types 'const tmbutils::vector<Type>' and 'Eigen::DenseCoeffsBase<Eigen::Array<double, -1, 1>, 1>::Scalar' {aka 'double'}\n   82 |     slow_pred(t) = max(Type(0.0), min(slow_pred(t), K_coral));\n      |                                   ~~~^~~~~~~~~~~~~~~~~~~~~~~\nPOPULATIONS//Population_0012//INDIVIDUAL_HQJVEVQS/model.cpp:83:38: error: no matching function for call to 'min(Eigen::DenseCoeffsBase<Eigen::Array<double, -1, 1>, 1>::Scalar&, double&)'\n   83 |     fast_pred(t) = max(Type(0.0), min(fast_pred(t), K_coral));\n      |                                   ~~~^~~~~~~~~~~~~~~~~~~~~~~\nC:/Users/spi085/AppData/Local/Programs/R/R-4.4.1/library/TMB/include/convenience.hpp:156:6: note: candidate: 'template<class Type> Type min(const tmbutils::vector<Type>&)'\n  156 | Type min(const vector<Type> &x)\n      |      ^~~\nC:/Users/spi085/AppData/Local/Programs/R/R-4.4.1/library/TMB/include/convenience.hpp:156:6: note:   template argument deduction/substitution failed:\nPOPULATIONS//Population_0012//INDIVIDUAL_HQJVEVQS/model.cpp:83:38: note:   mismatched types 'const tmbutils::vector<Type>' and 'Eigen::DenseCoeffsBase<Eigen::Array<double, -1, 1>, 1>::Scalar' {aka 'double'}\n   83 |     fast_pred(t) = max(Type(0.0), min(fast_pred(t), K_coral));\n      |                                   ~~~^~~~~~~~~~~~~~~~~~~~~~~\nPOPULATIONS//Population_0012//INDIVIDUAL_HQJVEVQS/model.cpp: In instantiation of 'Type objective_function<Type>::operator()() [with Type = CppAD::AD<CppAD::AD<double> >]':\nC:/Users/spi085/AppData/Local/Programs/R/R-4.4.1/library/TMB/include/tmb_core.hpp:913:29:   required from 'Type objective_function<Type>::evalUserTemplate() [with Type = CppAD::AD<CppAD::AD<double> >]'\nC:/Users/spi085/AppData/Local/Programs/R/R-4.4.1/library/TMB/include/tmb_core.hpp:2112:26:   required from here\nPOPULATIONS//Population_0012//INDIVIDUAL_HQJVEVQS/model.cpp:70:31: error: no matching function for call to 'max(CppAD::AD<CppAD::AD<double> >, CppAD::AD<CppAD::AD<double> >)'\n   70 |     Type available_space = max(Type(0.0), (K_coral - total_coral) / K_coral);\n      |                            ~~~^~~~~~~~~~~~~~~~~~~~~~~~~~~~~~~~~~~~~~~~~~~~~~\nC:/Users/spi085/AppData/Local/Programs/R/R-4.4.1/library/TMB/include/convenience.hpp:145:6: note: candidate: 'template<class Type> Type max(const tmbutils::vector<Type>&)'\n  145 | Type max(const vector<Type> &x)\n      |      ^~~\nC:/Users/spi085/AppData/Local/Programs/R/R-4.4.1/library/TMB/include/convenience.hpp:145:6: note:   template argument deduction/substitution failed:\nPOPULATIONS//Population_0012//INDIVIDUAL_HQJVEVQS/model.cpp:70:31: note:   'CppAD::AD<CppAD::AD<double> >' is not derived from 'const tmbutils::vector<Type>'\n   70 |     Type available_space = max(Type(0.0), (K_coral - total_coral) / K_coral);\n      |                            ~~~^~~~~~~~~~~~~~~~~~~~~~~~~~~~~~~~~~~~~~~~~~~~~~\nPOPULATIONS//Population_0012//INDIVIDUAL_HQJVEVQS/model.cpp:75:23: error: no matching function for call to 'min(CppAD::AD<CppAD::AD<double> >&, Eigen::DenseCoeffsBase<Eigen::Array<CppAD::AD<CppAD::AD<double> >, -1, 1, 0, -1, 1>, 1>::Scalar&)'\n   75 |                    min(slow_consumed, slow_pred(t-1));  // Cannot consume more than exists\n      |                    ~~~^~~~~~~~~~~~~~~~~~~~~~~~~~~~~~~\nC:/Users/spi085/AppData/Local/Programs/R/R-4.4.1/library/TMB/include/convenience.hpp:156:6: note: candidate: 'template<class Type> Type min(const tmbutils::vector<Type>&)'\n  156 | Type min(const vector<Type> &x)\n      |      ^~~\nC:/Users/spi085/AppData/Local/Programs/R/R-4.4.1/library/TMB/include/convenience.hpp:156:6: note:   template argument deduction/substitution failed:\nPOPULATIONS//Population_0012//INDIVIDUAL_HQJVEVQS/model.cpp:75:23: note:   'CppAD::AD<CppAD::AD<double> >' is not derived from 'const tmbutils::vector<Type>'\n   75 |                    min(slow_consumed, slow_pred(t-1));  // Cannot consume more than exists\n      |                    ~~~^~~~~~~~~~~~~~~~~~~~~~~~~~~~~~~\nPOPULATIONS//Population_0012//INDIVIDUAL_HQJVEVQS/model.cpp:79:23: error: no matching function for call to 'min(CppAD::AD<CppAD::AD<double> >&, Eigen::DenseCoeffsBase<Eigen::Array<CppAD::AD<CppAD::AD<double> >, -1, 1, 0, -1, 1>, 1>::Scalar&)'\n   79 |                    min(fast_consumed, fast_pred(t-1));  // Cannot consume more than exists\n      |                    ~~~^~~~~~~~~~~~~~~~~~~~~~~~~~~~~~~\nC:/Users/spi085/AppData/Local/Programs/R/R-4.4.1/library/TMB/include/convenience.hpp:156:6: note: candidate: 'template<class Type> Type min(const tmbutils::vector<Type>&)'\n  156 | Type min(const vector<Type> &x)\n      |      ^~~\nC:/Users/spi085/AppData/Local/Programs/R/R-4.4.1/library/TMB/include/convenience.hpp:156:6: note:   template argument deduction/substitution failed:\nPOPULATIONS//Population_0012//INDIVIDUAL_HQJVEVQS/model.cpp:79:23: note:   'CppAD::AD<CppAD::AD<double> >' is not derived from 'const tmbutils::vector<Type>'\n   79 |                    min(fast_consumed, fast_pred(t-1));  // Cannot consume more than exists\n      |                    ~~~^~~~~~~~~~~~~~~~~~~~~~~~~~~~~~~\nPOPULATIONS//Population_0012//INDIVIDUAL_HQJVEVQS/model.cpp:82:38: error: no matching function for call to 'min(Eigen::DenseCoeffsBase<Eigen::Array<CppAD::AD<CppAD::AD<double> >, -1, 1, 0, -1, 1>, 1>::Scalar&, CppAD::AD<CppAD::AD<double> >&)'\n   82 |     slow_pred(t) = max(Type(0.0), min(slow_pred(t), K_coral));\n      |                                   ~~~^~~~~~~~~~~~~~~~~~~~~~~\nC:/Users/spi085/AppData/Local/Programs/R/R-4.4.1/library/TMB/include/convenience.hpp:156:6: note: candidate: 'template<class Type> Type min(const tmbutils::vector<Type>&)'\n  156 | Type min(const vector<Type> &x)\n      |      ^~~\nC:/Users/spi085/AppData/Local/Programs/R/R-4.4.1/library/TMB/include/convenience.hpp:156:6: note:   template argument deduction/substitution failed:\nPOPULATIONS//Population_0012//INDIVIDUAL_HQJVEVQS/model.cpp:82:38: note:   'Eigen::DenseCoeffsBase<Eigen::Array<CppAD::AD<CppAD::AD<double> >, -1, 1, 0, -1, 1>, 1>::Scalar' {aka 'CppAD::AD<CppAD::AD<double> >'} is not derived from 'const tmbutils::vector<Type>'\n   82 |     slow_pred(t) = max(Type(0.0), min(slow_pred(t), K_coral));\n      |                                   ~~~^~~~~~~~~~~~~~~~~~~~~~~\nPOPULATIONS//Population_0012//INDIVIDUAL_HQJVEVQS/model.cpp:83:38: error: no matching function for call to 'min(Eigen::DenseCoeffsBase<Eigen::Array<CppAD::AD<CppAD::AD<double> >, -1, 1, 0, -1, 1>, 1>::Scalar&, CppAD::AD<CppAD::AD<double> >&)'\n   83 |     fast_pred(t) = max(Type(0.0), min(fast_pred(t), K_coral));\n      |                                   ~~~^~~~~~~~~~~~~~~~~~~~~~~\nC:/Users/spi085/AppData/Local/Programs/R/R-4.4.1/library/TMB/include/convenience.hpp:156:6: note: candidate: 'template<class Type> Type min(const tmbutils::vector<Type>&)'\n  156 | Type min(const vector<Type> &x)\n      |      ^~~\nC:/Users/spi085/AppData/Local/Programs/R/R-4.4.1/library/TMB/include/convenience.hpp:156:6: note:   template argument deduction/substitution failed:\nPOPULATIONS//Population_0012//INDIVIDUAL_HQJVEVQS/model.cpp:83:38: note:   'Eigen::DenseCoeffsBase<Eigen::Array<CppAD::AD<CppAD::AD<double> >, -1, 1, 0, -1, 1>, 1>::Scalar' {aka 'CppAD::AD<CppAD::AD<double> >'} is not derived from 'const tmbutils::vector<Type>'\n   83 |     fast_pred(t) = max(Type(0.0), min(fast_pred(t), K_coral));\n      |                                   ~~~^~~~~~~~~~~~~~~~~~~~~~~\nPOPULATIONS//Population_0012//INDIVIDUAL_HQJVEVQS/model.cpp: In instantiation of 'Type objective_function<Type>::operator()() [with Type = CppAD::AD<CppAD::AD<CppAD::AD<double> > >]':\nC:/Users/spi085/AppData/Local/Programs/R/R-4.4.1/library/TMB/include/tmb_core.hpp:913:29:   required from 'Type objective_function<Type>::evalUserTemplate() [with Type = CppAD::AD<CppAD::AD<CppAD::AD<double> > >]'\nC:/Users/spi085/AppData/Local/Programs/R/R-4.4.1/library/TMB/include/tmb_core.hpp:2361:28:   required from here\nPOPULATIONS//Population_0012//INDIVIDUAL_HQJVEVQS/model.cpp:70:31: error: no matching function for call to 'max(CppAD::AD<CppAD::AD<CppAD::AD<double> > >, CppAD::AD<CppAD::AD<CppAD::AD<double> > >)'\n   70 |     Type available_space = max(Type(0.0), (K_coral - total_coral) / K_coral);\n      |                            ~~~^~~~~~~~~~~~~~~~~~~~~~~~~~~~~~~~~~~~~~~~~~~~~~\nC:/Users/spi085/AppData/Local/Programs/R/R-4.4.1/library/TMB/include/convenience.hpp:145:6: note: candidate: 'template<class Type> Type max(const tmbutils::vector<Type>&)'\n  145 | Type max(const vector<Type> &x)\n      |      ^~~\nC:/Users/spi085/AppData/Local/Programs/R/R-4.4.1/library/TMB/include/convenience.hpp:145:6: note:   template argument deduction/substitution failed:\nPOPULATIONS//Population_0012//INDIVIDUAL_HQJVEVQS/model.cpp:70:31: note:   'CppAD::AD<CppAD::AD<CppAD::AD<double> > >' is not derived from 'const tmbutils::vector<Type>'\n   70 |     Type available_space = max(Type(0.0), (K_coral - total_coral) / K_coral);\n      |                            ~~~^~~~~~~~~~~~~~~~~~~~~~~~~~~~~~~~~~~~~~~~~~~~~~\nPOPULATIONS//Population_0012//INDIVIDUAL_HQJVEVQS/model.cpp:75:23: error: no matching function for call to 'min(CppAD::AD<CppAD::AD<CppAD::AD<double> > >&, Eigen::DenseCoeffsBase<Eigen::Array<CppAD::AD<CppAD::AD<CppAD::AD<double> > >, -1, 1, 0, -1, 1>, 1>::Scalar&)'\n   75 |                    min(slow_consumed, slow_pred(t-1));  // Cannot consume more than exists\n      |                    ~~~^~~~~~~~~~~~~~~~~~~~~~~~~~~~~~~\nC:/Users/spi085/AppData/Local/Programs/R/R-4.4.1/library/TMB/include/convenience.hpp:156:6: note: candidate: 'template<class Type> Type min(const tmbutils::vector<Type>&)'\n  156 | Type min(const vector<Type> &x)\n      |      ^~~\nC:/Users/spi085/AppData/Local/Programs/R/R-4.4.1/library/TMB/include/convenience.hpp:156:6: note:   template argument deduction/substitution failed:\nPOPULATIONS//Population_0012//INDIVIDUAL_HQJVEVQS/model.cpp:75:23: note:   'CppAD::AD<CppAD::AD<CppAD::AD<double> > >' is not derived from 'const tmbutils::vector<Type>'\n   75 |                    min(slow_consumed, slow_pred(t-1));  // Cannot consume more than exists\n      |                    ~~~^~~~~~~~~~~~~~~~~~~~~~~~~~~~~~~\nPOPULATIONS//Population_0012//INDIVIDUAL_HQJVEVQS/model.cpp:79:23: error: no matching function for call to 'min(CppAD::AD<CppAD::AD<CppAD::AD<double> > >&, Eigen::DenseCoeffsBase<Eigen::Array<CppAD::AD<CppAD::AD<CppAD::AD<double> > >, -1, 1, 0, -1, 1>, 1>::Scalar&)'\n   79 |                    min(fast_consumed, fast_pred(t-1));  // Cannot consume more than exists\n      |                    ~~~^~~~~~~~~~~~~~~~~~~~~~~~~~~~~~~\nC:/Users/spi085/AppData/Local/Programs/R/R-4.4.1/library/TMB/include/convenience.hpp:156:6: note: candidate: 'template<class Type> Type min(const tmbutils::vector<Type>&)'\n  156 | Type min(const vector<Type> &x)\n      |      ^~~\nC:/Users/spi085/AppData/Local/Programs/R/R-4.4.1/library/TMB/include/convenience.hpp:156:6: note:   template argument deduction/substitution failed:\nPOPULATIONS//Population_0012//INDIVIDUAL_HQJVEVQS/model.cpp:79:23: note:   'CppAD::AD<CppAD::AD<CppAD::AD<double> > >' is not derived from 'const tmbutils::vector<Type>'\n   79 |                    min(fast_consumed, fast_pred(t-1));  // Cannot consume more than exists\n      |                    ~~~^~~~~~~~~~~~~~~~~~~~~~~~~~~~~~~\nPOPULATIONS//Population_0012//INDIVIDUAL_HQJVEVQS/model.cpp:82:38: error: no matching function for call to 'min(Eigen::DenseCoeffsBase<Eigen::Array<CppAD::AD<CppAD::AD<CppAD::AD<double> > >, -1, 1, 0, -1, 1>, 1>::Scalar&, CppAD::AD<CppAD::AD<CppAD::AD<double> > >&)'\n   82 |     slow_pred(t) = max(Type(0.0), min(slow_pred(t), K_coral));\n      |                                   ~~~^~~~~~~~~~~~~~~~~~~~~~~\nC:/Users/spi085/AppData/Local/Programs/R/R-4.4.1/library/TMB/include/convenience.hpp:156:6: note: candidate: 'template<class Type> Type min(const tmbutils::vector<Type>&)'\n  156 | Type min(const vector<Type> &x)\n      |      ^~~\nC:/Users/spi085/AppData/Local/Programs/R/R-4.4.1/library/TMB/include/convenience.hpp:156:6: note:   template argument deduction/substitution failed:\nPOPULATIONS//Population_0012//INDIVIDUAL_HQJVEVQS/model.cpp:82:38: note:   'Eigen::DenseCoeffsBase<Eigen::Array<CppAD::AD<CppAD::AD<CppAD::AD<double> > >, -1, 1, 0, -1, 1>, 1>::Scalar' {aka 'CppAD::AD<CppAD::AD<CppAD::AD<double> > >'} is not derived from 'const tmbutils::vector<Type>'\n   82 |     slow_pred(t) = max(Type(0.0), min(slow_pred(t), K_coral));\n      |                                   ~~~^~~~~~~~~~~~~~~~~~~~~~~\nPOPULATIONS//Population_0012//INDIVIDUAL_HQJVEVQS/model.cpp:83:38: error: no matching function for call to 'min(Eigen::DenseCoeffsBase<Eigen::Array<CppAD::AD<CppAD::AD<CppAD::AD<double> > >, -1, 1, 0, -1, 1>, 1>::Scalar&, CppAD::AD<CppAD::AD<CppAD::AD<double> > >&)'\n   83 |     fast_pred(t) = max(Type(0.0), min(fast_pred(t), K_coral));\n      |                                   ~~~^~~~~~~~~~~~~~~~~~~~~~~\nC:/Users/spi085/AppData/Local/Programs/R/R-4.4.1/library/TMB/include/convenience.hpp:156:6: note: candidate: 'template<class Type> Type min(const tmbutils::vector<Type>&)'\n  156 | Type min(const vector<Type> &x)\n      |      ^~~\nC:/Users/spi085/AppData/Local/Programs/R/R-4.4.1/library/TMB/include/convenience.hpp:156:6: note:   template argument deduction/substitution failed:\nPOPULATIONS//Population_0012//INDIVIDUAL_HQJVEVQS/model.cpp:83:38: note:   'Eigen::DenseCoeffsBase<Eigen::Array<CppAD::AD<CppAD::AD<CppAD::AD<double> > >, -1, 1, 0, -1, 1>, 1>::Scalar' {aka 'CppAD::AD<CppAD::AD<CppAD::AD<double> > >'} is not derived from 'const tmbutils::vector<Type>'\n   83 |     fast_pred(t) = max(Type(0.0), min(fast_pred(t), K_coral));\n      |                                   ~~~^~~~~~~~~~~~~~~~~~~~~~~\nmake: *** [C:/Users/spi085/AppData/Local/Programs/R/R-4.4.1/etc/x64/Makeconf:296: POPULATIONS//Population_0012//INDIVIDUAL_HQJVEVQS/model.o] Error 1\nError in TMB::compile(file.path(individual_dir, model_file), flags = flags,  : \n  Compilation failed\nError: Compilation failed\nExecution halted"
    },
    "3": {
      "status": "ERROR",
      "message": "R script failed with return code 1",
      "stdout": "g++ -std=gnu++17  -I\"C:/Users/spi085/AppData/Local/Programs/R/R-4.4.1/include\" -DNDEBUG -I\"C:/Users/spi085/AppData/Local/Programs/R/R-44~1.1/library/TMB/include\" -I\"C:/Users/spi085/AppData/Local/Programs/R/R-44~1.1/library/RCPPEI~1/include\"   -DTMB_EIGEN_DISABLE_WARNINGS   -DTMB_LIB_INIT=R_init_model  -DCPPAD_FRAMEWORK    -I\"C:/rtools44/x86_64-w64-mingw32.static.posix/include\"     -O2 -Wa,-mbig-obj -c POPULATIONS//Population_0012//INDIVIDUAL_HQJVEVQS/model.cpp -o POPULATIONS//Population_0012//INDIVIDUAL_HQJVEVQS/model.o\ng++ -std=gnu++17 -shared -s -static-libgcc -o POPULATIONS//Population_0012//INDIVIDUAL_HQJVEVQS/model.dll tmp.def POPULATIONS//Population_0012//INDIVIDUAL_HQJVEVQS/model.o -LC:/rtools44/x86_64-w64-mingw32.static.posix/lib/x64 -LC:/rtools44/x86_64-w64-mingw32.static.posix/lib -LC:/Users/spi085/AppData/Local/Programs/R/R-4.4.1/bin/x64 -lR\nStarting model phases\nNumber of phases: 3 \nPhase 1 \nInitial parameter values for phase 1 :\n    r_cots   temp_opt alpha_slow alpha_fast \n        NA         30         NA         NA \nError in model phases: NA/NaN gradient evaluation",
      "stderr": "Loading required package: TMB\nLoading required package: jsonlite\nhere() starts at C:/Users/spi085/OneDrive - CSIRO/Documents/_Projects/SCCP-QuantModelling\nusing C++ compiler: 'G__~1.EXE (GCC) 13.2.0'\nError in value[[3L]](cond) : \n  Error in model phases: NA/NaN gradient evaluation\nCalls: tryCatch -> tryCatchList -> tryCatchOne -> <Anonymous>\nIn addition: Warning message:\nIn nlminb(model$par, model$fn, model$gr) : NA/NaN function evaluation\nExecution halted"
    },
    "4": {
      "status": "ERROR",
      "message": "R script failed with return code 1",
      "stdout": "g++ -std=gnu++17  -I\"C:/Users/spi085/AppData/Local/Programs/R/R-4.4.1/include\" -DNDEBUG -I\"C:/Users/spi085/AppData/Local/Programs/R/R-44~1.1/library/TMB/include\" -I\"C:/Users/spi085/AppData/Local/Programs/R/R-44~1.1/library/RCPPEI~1/include\"   -DTMB_EIGEN_DISABLE_WARNINGS   -DTMB_LIB_INIT=R_init_model  -DCPPAD_FRAMEWORK    -I\"C:/rtools44/x86_64-w64-mingw32.static.posix/include\"     -O2 -Wa,-mbig-obj -c POPULATIONS//Population_0012//INDIVIDUAL_HQJVEVQS/model.cpp -o POPULATIONS//Population_0012//INDIVIDUAL_HQJVEVQS/model.o\ng++ -std=gnu++17 -shared -s -static-libgcc -o POPULATIONS//Population_0012//INDIVIDUAL_HQJVEVQS/model.dll tmp.def POPULATIONS//Population_0012//INDIVIDUAL_HQJVEVQS/model.o -LC:/rtools44/x86_64-w64-mingw32.static.posix/lib/x64 -LC:/rtools44/x86_64-w64-mingw32.static.posix/lib -LC:/Users/spi085/AppData/Local/Programs/R/R-4.4.1/bin/x64 -lR\nStarting model phases\nNumber of phases: 3 \nPhase 1 \nInitial parameter values for phase 1 :\n    r_cots   temp_opt alpha_slow alpha_fast \n        NA         30         NA         NA \nError in model phases: NA/NaN gradient evaluation",
      "stderr": "Loading required package: TMB\nLoading required package: jsonlite\nhere() starts at C:/Users/spi085/OneDrive - CSIRO/Documents/_Projects/SCCP-QuantModelling\nusing C++ compiler: 'G__~1.EXE (GCC) 13.2.0'\nError in value[[3L]](cond) : \n  Error in model phases: NA/NaN gradient evaluation\nCalls: tryCatch -> tryCatchList -> tryCatchOne -> <Anonymous>\nIn addition: Warning message:\nIn nlminb(model$par, model$fn, model$gr) : NA/NaN function evaluation\nExecution halted"
    },
    "5": {
      "status": "ERROR",
      "message": "R script failed with return code 1",
      "stdout": "g++ -std=gnu++17  -I\"C:/Users/spi085/AppData/Local/Programs/R/R-4.4.1/include\" -DNDEBUG -I\"C:/Users/spi085/AppData/Local/Programs/R/R-44~1.1/library/TMB/include\" -I\"C:/Users/spi085/AppData/Local/Programs/R/R-44~1.1/library/RCPPEI~1/include\"   -DTMB_EIGEN_DISABLE_WARNINGS   -DTMB_LIB_INIT=R_init_model  -DCPPAD_FRAMEWORK    -I\"C:/rtools44/x86_64-w64-mingw32.static.posix/include\"     -O2 -Wa,-mbig-obj -c POPULATIONS//Population_0012//INDIVIDUAL_HQJVEVQS/model.cpp -o POPULATIONS//Population_0012//INDIVIDUAL_HQJVEVQS/model.o\ng++ -std=gnu++17 -shared -s -static-libgcc -o POPULATIONS//Population_0012//INDIVIDUAL_HQJVEVQS/model.dll tmp.def POPULATIONS//Population_0012//INDIVIDUAL_HQJVEVQS/model.o -LC:/rtools44/x86_64-w64-mingw32.static.posix/lib/x64 -LC:/rtools44/x86_64-w64-mingw32.static.posix/lib -LC:/Users/spi085/AppData/Local/Programs/R/R-4.4.1/bin/x64 -lR\nStarting model phases\nNumber of phases: 3 \nPhase 1 \nInitial parameter values for phase 1 :\n    r_cots   temp_opt alpha_slow alpha_fast \n        NA         30         NA         NA \nError in model phases: NA/NaN gradient evaluation",
      "stderr": "Loading required package: TMB\nLoading required package: jsonlite\nhere() starts at C:/Users/spi085/OneDrive - CSIRO/Documents/_Projects/SCCP-QuantModelling\nusing C++ compiler: 'G__~1.EXE (GCC) 13.2.0'\nError in value[[3L]](cond) : \n  Error in model phases: NA/NaN gradient evaluation\nCalls: tryCatch -> tryCatchList -> tryCatchOne -> <Anonymous>\nIn addition: Warning message:\nIn nlminb(model$par, model$fn, model$gr) : NA/NaN function evaluation\nExecution halted"
    },
    "6": {
      "status": "ERROR",
      "message": "R script failed with return code 1",
      "stdout": "g++ -std=gnu++17  -I\"C:/Users/spi085/AppData/Local/Programs/R/R-4.4.1/include\" -DNDEBUG -I\"C:/Users/spi085/AppData/Local/Programs/R/R-44~1.1/library/TMB/include\" -I\"C:/Users/spi085/AppData/Local/Programs/R/R-44~1.1/library/RCPPEI~1/include\"   -DTMB_EIGEN_DISABLE_WARNINGS   -DTMB_LIB_INIT=R_init_model  -DCPPAD_FRAMEWORK    -I\"C:/rtools44/x86_64-w64-mingw32.static.posix/include\"     -O2 -Wa,-mbig-obj -c POPULATIONS//Population_0012//INDIVIDUAL_HQJVEVQS/model.cpp -o POPULATIONS//Population_0012//INDIVIDUAL_HQJVEVQS/model.o\ng++ -std=gnu++17 -shared -s -static-libgcc -o POPULATIONS//Population_0012//INDIVIDUAL_HQJVEVQS/model.dll tmp.def POPULATIONS//Population_0012//INDIVIDUAL_HQJVEVQS/model.o -LC:/rtools44/x86_64-w64-mingw32.static.posix/lib/x64 -LC:/rtools44/x86_64-w64-mingw32.static.posix/lib -LC:/Users/spi085/AppData/Local/Programs/R/R-4.4.1/bin/x64 -lR\nStarting model phases\nNumber of phases: 3 \nPhase 1 \nInitial parameter values for phase 1 :\n    r_cots   temp_opt alpha_slow alpha_fast \n        NA         30         NA         NA \nError in model phases: NA/NaN gradient evaluation",
      "stderr": "Loading required package: TMB\nLoading required package: jsonlite\nhere() starts at C:/Users/spi085/OneDrive - CSIRO/Documents/_Projects/SCCP-QuantModelling\nusing C++ compiler: 'G__~1.EXE (GCC) 13.2.0'\nError in value[[3L]](cond) : \n  Error in model phases: NA/NaN gradient evaluation\nCalls: tryCatch -> tryCatchList -> tryCatchOne -> <Anonymous>\nIn addition: Warning message:\nIn nlminb(model$par, model$fn, model$gr) : NA/NaN function evaluation\nExecution halted"
    },
    "7": {
      "status": "BROKEN"
    }
  }
}