{
  "iterations": {
    "1": {
      "status": "ERROR",
      "message": "Model failed to compile.",
      "stdout": "g++ -std=gnu++17 -I\"/usr/share/R/include\" -DNDEBUG -I\"/home/spi085/R/x86_64-pc-linux-gnu-library/4.4/TMB/include\" -I\"/home/spi085/R/x86_64-pc-linux-gnu-library/4.4/RcppEigen/include\"   -DTMB_EIGEN_DISABLE_WARNINGS   -DTMB_LIB_INIT=R_init_model  -DCPPAD_FRAMEWORK      -fpic  -O2  -c POPULATIONS/POPULATION_0010/INDIVIDUAL_3KIJ8JPK/model.cpp -o POPULATIONS/POPULATION_0010/INDIVIDUAL_3KIJ8JPK/model.o",
      "stderr": "Loading required package: TMB\nLoading required package: jsonlite\nhere() starts at /home/spi085/Documents/_Projects/SCCP-QuantModelling\nusing C++ compiler: \u2018g++ (Ubuntu 13.3.0-6ubuntu2~24.04) 13.3.0\u2019\nIn file included from /home/spi085/R/x86_64-pc-linux-gnu-library/4.4/TMB/include/TMB.hpp:228,\n                 from POPULATIONS/POPULATION_0010/INDIVIDUAL_3KIJ8JPK/model.cpp:1:\n/home/spi085/R/x86_64-pc-linux-gnu-library/4.4/TMB/include/tmb_core.hpp:237:8: error: \u2018Type\u2019 was not declared in this scope; did you mean \u2018Eigen::Architecture::Type\u2019?\n  237 | vector<Type> name;                                                      \\\n      |        ^~~~\nPOPULATIONS/POPULATION_0010/INDIVIDUAL_3KIJ8JPK/model.cpp:5:1: note: in expansion of macro \u2018DATA_VECTOR\u2019\n    5 | DATA_VECTOR(Year); // Year (time variable, units: year)\n      | ^~~~~~~~~~~\nIn file included from /home/spi085/R/x86_64-pc-linux-gnu-library/4.4/RcppEigen/include/Eigen/Core:161,\n                 from /home/spi085/R/x86_64-pc-linux-gnu-library/4.4/RcppEigen/include/Eigen/Dense:1,\n                 from /home/spi085/R/x86_64-pc-linux-gnu-library/4.4/TMB/include/TMB.hpp:92:\n/home/spi085/R/x86_64-pc-linux-gnu-library/4.4/RcppEigen/include/Eigen/src/Core/util/Constants.h:471:8: note: \u2018Eigen::Architecture::Type\u2019 declared here\n  471 |   enum Type {\n      |        ^~~~\n/home/spi085/R/x86_64-pc-linux-gnu-library/4.4/TMB/include/tmb_core.hpp:237:12: error: template argument 1 is invalid\n  237 | vector<Type> name;                                                      \\\n      |            ^\nPOPULATIONS/POPULATION_0010/INDIVIDUAL_3KIJ8JPK/model.cpp:5:1: note: in expansion of macro \u2018DATA_VECTOR\u2019\n    5 | DATA_VECTOR(Year); // Year (time variable, units: year)\n      | ^~~~~~~~~~~\n/home/spi085/R/x86_64-pc-linux-gnu-library/4.4/TMB/include/tmb_core.hpp:238:1: error: expected unqualified-id before \u2018if\u2019\n  238 | if (!Rf_isNull(getListElement(TMB_OBJECTIVE_PTR -> parameters,#name))){ \\\n      | ^~\nPOPULATIONS/POPULATION_0010/INDIVIDUAL_3KIJ8JPK/model.cpp:5:1: note: in expansion of macro \u2018DATA_VECTOR\u2019\n    5 | DATA_VECTOR(Year); // Year (time variable, units: year)\n      | ^~~~~~~~~~~\n/home/spi085/R/x86_64-pc-linux-gnu-library/4.4/TMB/include/tmb_core.hpp:241:3: error: expected unqualified-id before \u2018else\u2019\n  241 | } else {                                                                \\\n      |   ^~~~\nPOPULATIONS/POPULATION_0010/INDIVIDUAL_3KIJ8JPK/model.cpp:5:1: note: in expansion of macro \u2018DATA_VECTOR\u2019\n    5 | DATA_VECTOR(Year); // Year (time variable, units: year)\n      | ^~~~~~~~~~~\n/home/spi085/R/x86_64-pc-linux-gnu-library/4.4/TMB/include/tmb_core.hpp:237:8: error: \u2018Type\u2019 was not declared in this scope; did you mean \u2018Eigen::Architecture::Type\u2019?\n  237 | vector<Type> name;                                                      \\\n      |        ^~~~\nPOPULATIONS/POPULATION_0010/INDIVIDUAL_3KIJ8JPK/model.cpp:6:1: note: in expansion of macro \u2018DATA_VECTOR\u2019\n    6 | DATA_VECTOR(sst_dat); // Sea-Surface Temperature (deg C)\n      | ^~~~~~~~~~~\n/home/spi085/R/x86_64-pc-linux-gnu-library/4.4/RcppEigen/include/Eigen/src/Core/util/Constants.h:471:8: note: \u2018Eigen::Architecture::Type\u2019 declared here\n  471 |   enum Type {\n      |        ^~~~\n/home/spi085/R/x86_64-pc-linux-gnu-library/4.4/TMB/include/tmb_core.hpp:237:12: error: template argument 1 is invalid\n  237 | vector<Type> name;                                                      \\\n      |            ^\nPOPULATIONS/POPULATION_0010/INDIVIDUAL_3KIJ8JPK/model.cpp:6:1: note: in expansion of macro \u2018DATA_VECTOR\u2019\n    6 | DATA_VECTOR(sst_dat); // Sea-Surface Temperature (deg C)\n      | ^~~~~~~~~~~\n/home/spi085/R/x86_64-pc-linux-gnu-library/4.4/TMB/include/tmb_core.hpp:238:1: error: expected unqualified-id before \u2018if\u2019\n  238 | if (!Rf_isNull(getListElement(TMB_OBJECTIVE_PTR -> parameters,#name))){ \\\n      | ^~\nPOPULATIONS/POPULATION_0010/INDIVIDUAL_3KIJ8JPK/model.cpp:6:1: note: in expansion of macro \u2018DATA_VECTOR\u2019\n    6 | DATA_VECTOR(sst_dat); // Sea-Surface Temperature (deg C)\n      | ^~~~~~~~~~~\n/home/spi085/R/x86_64-pc-linux-gnu-library/4.4/TMB/include/tmb_core.hpp:241:3: error: expected unqualified-id before \u2018else\u2019\n  241 | } else {                                                                \\\n      |   ^~~~\nPOPULATIONS/POPULATION_0010/INDIVIDUAL_3KIJ8JPK/model.cpp:6:1: note: in expansion of macro \u2018DATA_VECTOR\u2019\n    6 | DATA_VECTOR(sst_dat); // Sea-Surface Temperature (deg C)\n      | ^~~~~~~~~~~\n/home/spi085/R/x86_64-pc-linux-gnu-library/4.4/TMB/include/tmb_core.hpp:237:8: error: \u2018Type\u2019 was not declared in this scope; did you mean \u2018Eigen::Architecture::Type\u2019?\n  237 | vector<Type> name;                                                      \\\n      |        ^~~~\nPOPULATIONS/POPULATION_0010/INDIVIDUAL_3KIJ8JPK/model.cpp:7:1: note: in expansion of macro \u2018DATA_VECTOR\u2019\n    7 | DATA_VECTOR(cotsimm_dat); // COTS larval immigration rate (indiv/m2/year)\n      | ^~~~~~~~~~~\n/home/spi085/R/x86_64-pc-linux-gnu-library/4.4/RcppEigen/include/Eigen/src/Core/util/Constants.h:471:8: note: \u2018Eigen::Architecture::Type\u2019 declared here\n  471 |   enum Type {\n      |        ^~~~\n/home/spi085/R/x86_64-pc-linux-gnu-library/4.4/TMB/include/tmb_core.hpp:237:12: error: template argument 1 is invalid\n  237 | vector<Type> name;                                                      \\\n      |            ^\nPOPULATIONS/POPULATION_0010/INDIVIDUAL_3KIJ8JPK/model.cpp:7:1: note: in expansion of macro \u2018DATA_VECTOR\u2019\n    7 | DATA_VECTOR(cotsimm_dat); // COTS larval immigration rate (indiv/m2/year)\n      | ^~~~~~~~~~~\n/home/spi085/R/x86_64-pc-linux-gnu-library/4.4/TMB/include/tmb_core.hpp:238:1: error: expected unqualified-id before \u2018if\u2019\n  238 | if (!Rf_isNull(getListElement(TMB_OBJECTIVE_PTR -> parameters,#name))){ \\\n      | ^~\nPOPULATIONS/POPULATION_0010/INDIVIDUAL_3KIJ8JPK/model.cpp:7:1: note: in expansion of macro \u2018DATA_VECTOR\u2019\n    7 | DATA_VECTOR(cotsimm_dat); // COTS larval immigration rate (indiv/m2/year)\n      | ^~~~~~~~~~~\n/home/spi085/R/x86_64-pc-linux-gnu-library/4.4/TMB/include/tmb_core.hpp:241:3: error: expected unqualified-id before \u2018else\u2019\n  241 | } else {                                                                \\\n      |   ^~~~\nPOPULATIONS/POPULATION_0010/INDIVIDUAL_3KIJ8JPK/model.cpp:7:1: note: in expansion of macro \u2018DATA_VECTOR\u2019\n    7 | DATA_VECTOR(cotsimm_dat); // COTS larval immigration rate (indiv/m2/year)\n      | ^~~~~~~~~~~\n/home/spi085/R/x86_64-pc-linux-gnu-library/4.4/TMB/include/tmb_core.hpp:237:8: error: \u2018Type\u2019 was not declared in this scope; did you mean \u2018Eigen::Architecture::Type\u2019?\n  237 | vector<Type> name;                                                      \\\n      |        ^~~~\nPOPULATIONS/POPULATION_0010/INDIVIDUAL_3KIJ8JPK/model.cpp:8:1: note: in expansion of macro \u2018DATA_VECTOR\u2019\n    8 | DATA_VECTOR(cots_dat); // Adult COTS abundance (indiv/m2)\n      | ^~~~~~~~~~~\n/home/spi085/R/x86_64-pc-linux-gnu-library/4.4/RcppEigen/include/Eigen/src/Core/util/Constants.h:471:8: note: \u2018Eigen::Architecture::Type\u2019 declared here\n  471 |   enum Type {\n      |        ^~~~\n/home/spi085/R/x86_64-pc-linux-gnu-library/4.4/TMB/include/tmb_core.hpp:237:12: error: template argument 1 is invalid\n  237 | vector<Type> name;                                                      \\\n      |            ^\nPOPULATIONS/POPULATION_0010/INDIVIDUAL_3KIJ8JPK/model.cpp:8:1: note: in expansion of macro \u2018DATA_VECTOR\u2019\n    8 | DATA_VECTOR(cots_dat); // Adult COTS abundance (indiv/m2)\n      | ^~~~~~~~~~~\n/home/spi085/R/x86_64-pc-linux-gnu-library/4.4/TMB/include/tmb_core.hpp:238:1: error: expected unqualified-id before \u2018if\u2019\n  238 | if (!Rf_isNull(getListElement(TMB_OBJECTIVE_PTR -> parameters,#name))){ \\\n      | ^~\nPOPULATIONS/POPULATION_0010/INDIVIDUAL_3KIJ8JPK/model.cpp:8:1: note: in expansion of macro \u2018DATA_VECTOR\u2019\n    8 | DATA_VECTOR(cots_dat); // Adult COTS abundance (indiv/m2)\n      | ^~~~~~~~~~~\n/home/spi085/R/x86_64-pc-linux-gnu-library/4.4/TMB/include/tmb_core.hpp:241:3: error: expected unqualified-id before \u2018else\u2019\n  241 | } else {                                                                \\\n      |   ^~~~\nPOPULATIONS/POPULATION_0010/INDIVIDUAL_3KIJ8JPK/model.cpp:8:1: note: in expansion of macro \u2018DATA_VECTOR\u2019\n    8 | DATA_VECTOR(cots_dat); // Adult COTS abundance (indiv/m2)\n      | ^~~~~~~~~~~\n/home/spi085/R/x86_64-pc-linux-gnu-library/4.4/TMB/include/tmb_core.hpp:237:8: error: \u2018Type\u2019 was not declared in this scope; did you mean \u2018Eigen::Architecture::Type\u2019?\n  237 | vector<Type> name;                                                      \\\n      |        ^~~~\nPOPULATIONS/POPULATION_0010/INDIVIDUAL_3KIJ8JPK/model.cpp:9:1: note: in expansion of macro \u2018DATA_VECTOR\u2019\n    9 | DATA_VECTOR(fast_dat); // Fast-growing coral cover (Acropora spp., %)\n      | ^~~~~~~~~~~\n/home/spi085/R/x86_64-pc-linux-gnu-library/4.4/RcppEigen/include/Eigen/src/Core/util/Constants.h:471:8: note: \u2018Eigen::Architecture::Type\u2019 declared here\n  471 |   enum Type {\n      |        ^~~~\n/home/spi085/R/x86_64-pc-linux-gnu-library/4.4/TMB/include/tmb_core.hpp:237:12: error: template argument 1 is invalid\n  237 | vector<Type> name;                                                      \\\n      |            ^\nPOPULATIONS/POPULATION_0010/INDIVIDUAL_3KIJ8JPK/model.cpp:9:1: note: in expansion of macro \u2018DATA_VECTOR\u2019\n    9 | DATA_VECTOR(fast_dat); // Fast-growing coral cover (Acropora spp., %)\n      | ^~~~~~~~~~~\n/home/spi085/R/x86_64-pc-linux-gnu-library/4.4/TMB/include/tmb_core.hpp:238:1: error: expected unqualified-id before \u2018if\u2019\n  238 | if (!Rf_isNull(getListElement(TMB_OBJECTIVE_PTR -> parameters,#name))){ \\\n      | ^~\nPOPULATIONS/POPULATION_0010/INDIVIDUAL_3KIJ8JPK/model.cpp:9:1: note: in expansion of macro \u2018DATA_VECTOR\u2019\n    9 | DATA_VECTOR(fast_dat); // Fast-growing coral cover (Acropora spp., %)\n      | ^~~~~~~~~~~\n/home/spi085/R/x86_64-pc-linux-gnu-library/4.4/TMB/include/tmb_core.hpp:241:3: error: expected unqualified-id before \u2018else\u2019\n  241 | } else {                                                                \\\n      |   ^~~~\nPOPULATIONS/POPULATION_0010/INDIVIDUAL_3KIJ8JPK/model.cpp:9:1: note: in expansion of macro \u2018DATA_VECTOR\u2019\n    9 | DATA_VECTOR(fast_dat); // Fast-growing coral cover (Acropora spp., %)\n      | ^~~~~~~~~~~\n/home/spi085/R/x86_64-pc-linux-gnu-library/4.4/TMB/include/tmb_core.hpp:237:8: error: \u2018Type\u2019 was not declared in this scope; did you mean \u2018Eigen::Architecture::Type\u2019?\n  237 | vector<Type> name;                                                      \\\n      |        ^~~~\nPOPULATIONS/POPULATION_0010/INDIVIDUAL_3KIJ8JPK/model.cpp:10:1: note: in expansion of macro \u2018DATA_VECTOR\u2019\n   10 | DATA_VECTOR(slow_dat); // Slow-growing coral cover (Faviidae/Porites spp., %)\n      | ^~~~~~~~~~~\n/home/spi085/R/x86_64-pc-linux-gnu-library/4.4/RcppEigen/include/Eigen/src/Core/util/Constants.h:471:8: note: \u2018Eigen::Architecture::Type\u2019 declared here\n  471 |   enum Type {\n      |        ^~~~\n/home/spi085/R/x86_64-pc-linux-gnu-library/4.4/TMB/include/tmb_core.hpp:237:12: error: template argument 1 is invalid\n  237 | vector<Type> name;                                                      \\\n      |            ^\nPOPULATIONS/POPULATION_0010/INDIVIDUAL_3KIJ8JPK/model.cpp:10:1: note: in expansion of macro \u2018DATA_VECTOR\u2019\n   10 | DATA_VECTOR(slow_dat); // Slow-growing coral cover (Faviidae/Porites spp., %)\n      | ^~~~~~~~~~~\n/home/spi085/R/x86_64-pc-linux-gnu-library/4.4/TMB/include/tmb_core.hpp:238:1: error: expected unqualified-id before \u2018if\u2019\n  238 | if (!Rf_isNull(getListElement(TMB_OBJECTIVE_PTR -> parameters,#name))){ \\\n      | ^~\nPOPULATIONS/POPULATION_0010/INDIVIDUAL_3KIJ8JPK/model.cpp:10:1: note: in expansion of macro \u2018DATA_VECTOR\u2019\n   10 | DATA_VECTOR(slow_dat); // Slow-growing coral cover (Faviidae/Porites spp., %)\n      | ^~~~~~~~~~~\n/home/spi085/R/x86_64-pc-linux-gnu-library/4.4/TMB/include/tmb_core.hpp:241:3: error: expected unqualified-id before \u2018else\u2019\n  241 | } else {                                                                \\\n      |   ^~~~\nPOPULATIONS/POPULATION_0010/INDIVIDUAL_3KIJ8JPK/model.cpp:10:1: note: in expansion of macro \u2018DATA_VECTOR\u2019\n   10 | DATA_VECTOR(slow_dat); // Slow-growing coral cover (Faviidae/Porites spp., %)\n      | ^~~~~~~~~~~\n/home/spi085/R/x86_64-pc-linux-gnu-library/4.4/TMB/include/tmb_core.hpp:228:1: error: \u2018Type\u2019 does not name a type; did you mean \u2018typeof\u2019?\n  228 | Type name(TMB_OBJECTIVE_PTR -> fillShape(                               \\\n      | ^~~~\nPOPULATIONS/POPULATION_0010/INDIVIDUAL_3KIJ8JPK/model.cpp:14:1: note: in expansion of macro \u2018PARAMETER\u2019\n   14 | PARAMETER(log_r_cots); // log intrinsic growth rate of COTS (year^-1)\n      | ^~~~~~~~~\n/home/spi085/R/x86_64-pc-linux-gnu-library/4.4/TMB/include/tmb_core.hpp:228:1: error: \u2018Type\u2019 does not name a type; did you mean \u2018typeof\u2019?\n  228 | Type name(TMB_OBJECTIVE_PTR -> fillShape(                               \\\n      | ^~~~\nPOPULATIONS/POPULATION_0010/INDIVIDUAL_3KIJ8JPK/model.cpp:15:1: note: in expansion of macro \u2018PARAMETER\u2019\n   15 | PARAMETER(log_K_cots); // log carrying capacity for COTS (indiv/m2)\n      | ^~~~~~~~~\n/home/spi085/R/x86_64-pc-linux-gnu-library/4.4/TMB/include/tmb_core.hpp:228:1: error: \u2018Type\u2019 does not name a type; did you mean \u2018typeof\u2019?\n  228 | Type name(TMB_OBJECTIVE_PTR -> fillShape(                               \\\n      | ^~~~\nPOPULATIONS/POPULATION_0010/INDIVIDUAL_3KIJ8JPK/model.cpp:16:1: note: in expansion of macro \u2018PARAMETER\u2019\n   16 | PARAMETER(log_m_cots); // log baseline mortality rate of COTS (year^-1)\n      | ^~~~~~~~~\n/home/spi085/R/x86_64-pc-linux-gnu-library/4.4/TMB/include/tmb_core.hpp:228:1: error: \u2018Type\u2019 does not name a type; did you mean \u2018typeof\u2019?\n  228 | Type name(TMB_OBJECTIVE_PTR -> fillShape(                               \\\n      | ^~~~\nPOPULATIONS/POPULATION_0010/INDIVIDUAL_3KIJ8JPK/model.cpp:17:1: note: in expansion of macro \u2018PARAMETER\u2019\n   17 | PARAMETER(log_alpha_imm); // log immigration efficiency (unitless)\n      | ^~~~~~~~~\n/home/spi085/R/x86_64-pc-linux-gnu-library/4.4/TMB/include/tmb_core.hpp:228:1: error: \u2018Type\u2019 does not name a type; did you mean \u2018typeof\u2019?\n  228 | Type name(TMB_OBJECTIVE_PTR -> fillShape(                               \\\n      | ^~~~\nPOPULATIONS/POPULATION_0010/INDIVIDUAL_3KIJ8JPK/model.cpp:18:1: note: in expansion of macro \u2018PARAMETER\u2019\n   18 | PARAMETER(log_beta_sst); // log SST effect on COTS recruitment (unitless)\n      | ^~~~~~~~~\n/home/spi085/R/x86_64-pc-linux-gnu-library/4.4/TMB/include/tmb_core.hpp:228:1: error: \u2018Type\u2019 does not name a type; did you mean \u2018typeof\u2019?\n  228 | Type name(TMB_OBJECTIVE_PTR -> fillShape(                               \\\n      | ^~~~\nPOPULATIONS/POPULATION_0010/INDIVIDUAL_3KIJ8JPK/model.cpp:19:1: note: in expansion of macro \u2018PARAMETER\u2019\n   19 | PARAMETER(log_gamma_pred); // log predation efficiency on coral (unitless)\n      | ^~~~~~~~~\n/home/spi085/R/x86_64-pc-linux-gnu-library/4.4/TMB/include/tmb_core.hpp:228:1: error: \u2018Type\u2019 does not name a type; did you mean \u2018typeof\u2019?\n  228 | Type name(TMB_OBJECTIVE_PTR -> fillShape(                               \\\n      | ^~~~\nPOPULATIONS/POPULATION_0010/INDIVIDUAL_3KIJ8JPK/model.cpp:20:1: note: in expansion of macro \u2018PARAMETER\u2019\n   20 | PARAMETER(log_delta_reslim); // log resource limitation threshold (coral % cover)\n      | ^~~~~~~~~\n/home/spi085/R/x86_64-pc-linux-gnu-library/4.4/TMB/include/tmb_core.hpp:228:1: error: \u2018Type\u2019 does not name a type; did you mean \u2018typeof\u2019?\n  228 | Type name(TMB_OBJECTIVE_PTR -> fillShape(                               \\\n      | ^~~~\nPOPULATIONS/POPULATION_0010/INDIVIDUAL_3KIJ8JPK/model.cpp:21:1: note: in expansion of macro \u2018PARAMETER\u2019\n   21 | PARAMETER(log_sigma_cots); // log SD of COTS observation error (lognormal)\n      | ^~~~~~~~~\n/home/spi085/R/x86_64-pc-linux-gnu-library/4.4/TMB/include/tmb_core.hpp:228:1: error: \u2018Type\u2019 does not name a type; did you mean \u2018typeof\u2019?\n  228 | Type name(TMB_OBJECTIVE_PTR -> fillShape(                               \\\n      | ^~~~\nPOPULATIONS/POPULATION_0010/INDIVIDUAL_3KIJ8JPK/model.cpp:22:1: note: in expansion of macro \u2018PARAMETER\u2019\n   22 | PARAMETER(logit_phi_outbreak); // logit probability of outbreak trigger (unitless)\n      | ^~~~~~~~~\n/home/spi085/R/x86_64-pc-linux-gnu-library/4.4/TMB/include/tmb_core.hpp:228:1: error: \u2018Type\u2019 does not name a type; did you mean \u2018typeof\u2019?\n  228 | Type name(TMB_OBJECTIVE_PTR -> fillShape(                               \\\n      | ^~~~\nPOPULATIONS/POPULATION_0010/INDIVIDUAL_3KIJ8JPK/model.cpp:25:1: note: in expansion of macro \u2018PARAMETER\u2019\n   25 | PARAMETER(log_r_fast); // log regrowth rate of fast coral (year^-1)\n      | ^~~~~~~~~\n/home/spi085/R/x86_64-pc-linux-gnu-library/4.4/TMB/include/tmb_core.hpp:228:1: error: \u2018Type\u2019 does not name a type; did you mean \u2018typeof\u2019?\n  228 | Type name(TMB_OBJECTIVE_PTR -> fillShape(                               \\\n      | ^~~~\nPOPULATIONS/POPULATION_0010/INDIVIDUAL_3KIJ8JPK/model.cpp:26:1: note: in expansion of macro \u2018PARAMETER\u2019\n   26 | PARAMETER(log_r_slow); // log regrowth rate of slow coral (year^-1)\n      | ^~~~~~~~~\n/home/spi085/R/x86_64-pc-linux-gnu-library/4.4/TMB/include/tmb_core.hpp:228:1: error: \u2018Type\u2019 does not name a type; did you mean \u2018typeof\u2019?\n  228 | Type name(TMB_OBJECTIVE_PTR -> fillShape(                               \\\n      | ^~~~\nPOPULATIONS/POPULATION_0010/INDIVIDUAL_3KIJ8JPK/model.cpp:27:1: note: in expansion of macro \u2018PARAMETER\u2019\n   27 | PARAMETER(log_K_fast); // log carrying capacity of fast coral (% cover)\n      | ^~~~~~~~~\n/home/spi085/R/x86_64-pc-linux-gnu-library/4.4/TMB/include/tmb_core.hpp:228:1: error: \u2018Type\u2019 does not name a type; did you mean \u2018typeof\u2019?\n  228 | Type name(TMB_OBJECTIVE_PTR -> fillShape(                               \\\n      | ^~~~\nPOPULATIONS/POPULATION_0010/INDIVIDUAL_3KIJ8JPK/model.cpp:28:1: note: in expansion of macro \u2018PARAMETER\u2019\n   28 | PARAMETER(log_K_slow); // log carrying capacity of slow coral (% cover)\n      | ^~~~~~~~~\n/home/spi085/R/x86_64-pc-linux-gnu-library/4.4/TMB/include/tmb_core.hpp:228:1: error: \u2018Type\u2019 does not name a type; did you mean \u2018typeof\u2019?\n  228 | Type name(TMB_OBJECTIVE_PTR -> fillShape(                               \\\n      | ^~~~\nPOPULATIONS/POPULATION_0010/INDIVIDUAL_3KIJ8JPK/model.cpp:29:1: note: in expansion of macro \u2018PARAMETER\u2019\n   29 | PARAMETER(log_m_fast); // log baseline mortality of fast coral (year^-1)\n      | ^~~~~~~~~\n/home/spi085/R/x86_64-pc-linux-gnu-library/4.4/TMB/include/tmb_core.hpp:228:1: error: \u2018Type\u2019 does not name a type; did you mean \u2018typeof\u2019?\n  228 | Type name(TMB_OBJECTIVE_PTR -> fillShape(                               \\\n      | ^~~~\nPOPULATIONS/POPULATION_0010/INDIVIDUAL_3KIJ8JPK/model.cpp:30:1: note: in expansion of macro \u2018PARAMETER\u2019\n   30 | PARAMETER(log_m_slow); // log baseline mortality of slow coral (year^-1)\n      | ^~~~~~~~~\n/home/spi085/R/x86_64-pc-linux-gnu-library/4.4/TMB/include/tmb_core.hpp:228:1: error: \u2018Type\u2019 does not name a type; did you mean \u2018typeof\u2019?\n  228 | Type name(TMB_OBJECTIVE_PTR -> fillShape(                               \\\n      | ^~~~\nPOPULATIONS/POPULATION_0010/INDIVIDUAL_3KIJ8JPK/model.cpp:31:1: note: in expansion of macro \u2018PARAMETER\u2019\n   31 | PARAMETER(log_gamma_fast); // log COTS predation rate on fast coral (unitless)\n      | ^~~~~~~~~\n/home/spi085/R/x86_64-pc-linux-gnu-library/4.4/TMB/include/tmb_core.hpp:228:1: error: \u2018Type\u2019 does not name a type; did you mean \u2018typeof\u2019?\n  228 | Type name(TMB_OBJECTIVE_PTR -> fillShape(                               \\\n      | ^~~~\nPOPULATIONS/POPULATION_0010/INDIVIDUAL_3KIJ8JPK/model.cpp:32:1: note: in expansion of macro \u2018PARAMETER\u2019\n   32 | PARAMETER(log_gamma_slow); // log COTS predation rate on slow coral (unitless)\n      | ^~~~~~~~~\n/home/spi085/R/x86_64-pc-linux-gnu-library/4.4/TMB/include/tmb_core.hpp:228:1: error: \u2018Type\u2019 does not name a type; did you mean \u2018typeof\u2019?\n  228 | Type name(TMB_OBJECTIVE_PTR -> fillShape(                               \\\n      | ^~~~\nPOPULATIONS/POPULATION_0010/INDIVIDUAL_3KIJ8JPK/model.cpp:33:1: note: in expansion of macro \u2018PARAMETER\u2019\n   33 | PARAMETER(log_sigma_fast); // log SD of fast coral obs error (lognormal)\n      | ^~~~~~~~~\n/home/spi085/R/x86_64-pc-linux-gnu-library/4.4/TMB/include/tmb_core.hpp:228:1: error: \u2018Type\u2019 does not name a type; did you mean \u2018typeof\u2019?\n  228 | Type name(TMB_OBJECTIVE_PTR -> fillShape(                               \\\n      | ^~~~\nPOPULATIONS/POPULATION_0010/INDIVIDUAL_3KIJ8JPK/model.cpp:34:1: note: in expansion of macro \u2018PARAMETER\u2019\n   34 | PARAMETER(log_sigma_slow); // log SD of slow coral obs error (lognormal)\n      | ^~~~~~~~~\nPOPULATIONS/POPULATION_0010/INDIVIDUAL_3KIJ8JPK/model.cpp:37:1: error: \u2018Type\u2019 does not name a type; did you mean \u2018typeof\u2019?\n   37 | Type r_cots = exp(log_r_cots); // COTS intrinsic growth rate (year^-1)\n      | ^~~~\n      | typeof\nPOPULATIONS/POPULATION_0010/INDIVIDUAL_3KIJ8JPK/model.cpp:38:1: error: \u2018Type\u2019 does not name a type; did you mean \u2018typeof\u2019?\n   38 | Type K_cots = exp(log_K_cots); // COTS carrying capacity (indiv/m2)\n      | ^~~~\n      | typeof\nPOPULATIONS/POPULATION_0010/INDIVIDUAL_3KIJ8JPK/model.cpp:39:1: error: \u2018Type\u2019 does not name a type; did you mean \u2018typeof\u2019?\n   39 | Type m_cots = exp(log_m_cots); // COTS baseline mortality (year^-1)\n      | ^~~~\n      | typeof\nPOPULATIONS/POPULATION_0010/INDIVIDUAL_3KIJ8JPK/model.cpp:40:1: error: \u2018Type\u2019 does not name a type; did you mean \u2018typeof\u2019?\n   40 | Type alpha_imm = exp(log_alpha_imm); // Immigration efficiency\n      | ^~~~\n      | typeof\nPOPULATIONS/POPULATION_0010/INDIVIDUAL_3KIJ8JPK/model.cpp:41:1: error: \u2018Type\u2019 does not name a type; did you mean \u2018typeof\u2019?\n   41 | Type beta_sst = exp(log_beta_sst); // SST effect on recruitment\n      | ^~~~\n      | typeof\nPOPULATIONS/POPULATION_0010/INDIVIDUAL_3KIJ8JPK/model.cpp:42:1: error: \u2018Type\u2019 does not name a type; did you mean \u2018typeof\u2019?\n   42 | Type gamma_pred = exp(log_gamma_pred); // Predation efficiency\n      | ^~~~\n      | typeof\nPOPULATIONS/POPULATION_0010/INDIVIDUAL_3KIJ8JPK/model.cpp:43:1: error: \u2018Type\u2019 does not name a type; did you mean \u2018typeof\u2019?\n   43 | Type delta_reslim = exp(log_delta_reslim); // Resource limitation threshold (%)\n      | ^~~~\n      | typeof\nPOPULATIONS/POPULATION_0010/INDIVIDUAL_3KIJ8JPK/model.cpp:44:1: error: \u2018Type\u2019 does not name a type; did you mean \u2018typeof\u2019?\n   44 | Type phi_outbreak = 1/(1+exp(-logit_phi_outbreak)); // Outbreak trigger probability (0-1)\n      | ^~~~\n      | typeof\nPOPULATIONS/POPULATION_0010/INDIVIDUAL_3KIJ8JPK/model.cpp:46:1: error: \u2018Type\u2019 does not name a type; did you mean \u2018typeof\u2019?\n   46 | Type r_fast = exp(log_r_fast); // Fast coral regrowth rate (year^-1)\n      | ^~~~\n      | typeof\nPOPULATIONS/POPULATION_0010/INDIVIDUAL_3KIJ8JPK/model.cpp:47:1: error: \u2018Type\u2019 does not name a type; did you mean \u2018typeof\u2019?\n   47 | Type r_slow = exp(log_r_slow); // Slow coral regrowth rate (year^-1)\n      | ^~~~\n      | typeof\nPOPULATIONS/POPULATION_0010/INDIVIDUAL_3KIJ8JPK/model.cpp:48:1: error: \u2018Type\u2019 does not name a type; did you mean \u2018typeof\u2019?\n   48 | Type K_fast = exp(log_K_fast); // Fast coral carrying capacity (%)\n      | ^~~~\n      | typeof\nPOPULATIONS/POPULATION_0010/INDIVIDUAL_3KIJ8JPK/model.cpp:49:1: error: \u2018Type\u2019 does not name a type; did you mean \u2018typeof\u2019?\n   49 | Type K_slow = exp(log_K_slow); // Slow coral carrying capacity (%)\n      | ^~~~\n      | typeof\nPOPULATIONS/POPULATION_0010/INDIVIDUAL_3KIJ8JPK/model.cpp:50:1: error: \u2018Type\u2019 does not name a type; did you mean \u2018typeof\u2019?\n   50 | Type m_fast = exp(log_m_fast); // Fast coral baseline mortality (year^-1)\n      | ^~~~\n      | typeof\nPOPULATIONS/POPULATION_0010/INDIVIDUAL_3KIJ8JPK/model.cpp:51:1: error: \u2018Type\u2019 does not name a type; did you mean \u2018typeof\u2019?\n   51 | Type m_slow = exp(log_m_slow); // Slow coral baseline mortality (year^-1)\n      | ^~~~\n      | typeof\nPOPULATIONS/POPULATION_0010/INDIVIDUAL_3KIJ8JPK/model.cpp:52:1: error: \u2018Type\u2019 does not name a type; did you mean \u2018typeof\u2019?\n   52 | Type gamma_fast = exp(log_gamma_fast); // COTS predation rate on fast coral\n      | ^~~~\n      | typeof\nPOPULATIONS/POPULATION_0010/INDIVIDUAL_3KIJ8JPK/model.cpp:53:1: error: \u2018Type\u2019 does not name a type; did you mean \u2018typeof\u2019?\n   53 | Type gamma_slow = exp(log_gamma_slow); // COTS predation rate on slow coral\n      | ^~~~\n      | typeof\nPOPULATIONS/POPULATION_0010/INDIVIDUAL_3KIJ8JPK/model.cpp:55:1: error: \u2018Type\u2019 does not name a type; did you mean \u2018typeof\u2019?\n   55 | Type sigma_cots = exp(log_sigma_cots); // SD for COTS obs error\n      | ^~~~\n      | typeof\nPOPULATIONS/POPULATION_0010/INDIVIDUAL_3KIJ8JPK/model.cpp:56:1: error: \u2018Type\u2019 does not name a type; did you mean \u2018typeof\u2019?\n   56 | Type sigma_fast = exp(log_sigma_fast); // SD for fast coral obs error\n      | ^~~~\n      | typeof\nPOPULATIONS/POPULATION_0010/INDIVIDUAL_3KIJ8JPK/model.cpp:57:1: error: \u2018Type\u2019 does not name a type; did you mean \u2018typeof\u2019?\n   57 | Type sigma_slow = exp(log_sigma_slow); // SD for slow coral obs error\n      | ^~~~\n      | typeof\nPOPULATIONS/POPULATION_0010/INDIVIDUAL_3KIJ8JPK/model.cpp:60:14: error: request for member \u2018size\u2019 in \u2018Year\u2019, which is of non-class type \u2018int\u2019\n   60 | int n = Year.size();\n      |              ^~~~\nPOPULATIONS/POPULATION_0010/INDIVIDUAL_3KIJ8JPK/model.cpp:61:8: error: \u2018Type\u2019 was not declared in this scope; did you mean \u2018Eigen::Architecture::Type\u2019?\n   61 | vector<Type> cots_pred(n); // Predicted COTS abundance\n      |        ^~~~\n      |        Eigen::Architecture::Type\n/home/spi085/R/x86_64-pc-linux-gnu-library/4.4/RcppEigen/include/Eigen/src/Core/util/Constants.h:471:8: note: \u2018Eigen::Architecture::Type\u2019 declared here\n  471 |   enum Type {\n      |        ^~~~\nPOPULATIONS/POPULATION_0010/INDIVIDUAL_3KIJ8JPK/model.cpp:61:12: error: template argument 1 is invalid\n   61 | vector<Type> cots_pred(n); // Predicted COTS abundance\n      |            ^\nPOPULATIONS/POPULATION_0010/INDIVIDUAL_3KIJ8JPK/model.cpp:62:8: error: \u2018Type\u2019 was not declared in this scope; did you mean \u2018Eigen::Architecture::Type\u2019?\n   62 | vector<Type> fast_pred(n); // Predicted fast coral cover\n      |        ^~~~\n      |        Eigen::Architecture::Type\n/home/spi085/R/x86_64-pc-linux-gnu-library/4.4/RcppEigen/include/Eigen/src/Core/util/Constants.h:471:8: note: \u2018Eigen::Architecture::Type\u2019 declared here\n  471 |   enum Type {\n      |        ^~~~\nPOPULATIONS/POPULATION_0010/INDIVIDUAL_3KIJ8JPK/model.cpp:62:12: error: template argument 1 is invalid\n   62 | vector<Type> fast_pred(n); // Predicted fast coral cover\n      |            ^\nPOPULATIONS/POPULATION_0010/INDIVIDUAL_3KIJ8JPK/model.cpp:63:8: error: \u2018Type\u2019 was not declared in this scope; did you mean \u2018Eigen::Architecture::Type\u2019?\n   63 | vector<Type> slow_pred(n); // Predicted slow coral cover\n      |        ^~~~\n      |        Eigen::Architecture::Type\n/home/spi085/R/x86_64-pc-linux-gnu-library/4.4/RcppEigen/include/Eigen/src/Core/util/Constants.h:471:8: note: \u2018Eigen::Architecture::Type\u2019 declared here\n  471 |   enum Type {\n      |        ^~~~\nPOPULATIONS/POPULATION_0010/INDIVIDUAL_3KIJ8JPK/model.cpp:63:12: error: template argument 1 is invalid\n   63 | vector<Type> slow_pred(n); // Predicted slow coral cover\n      |            ^\nPOPULATIONS/POPULATION_0010/INDIVIDUAL_3KIJ8JPK/model.cpp:66:10: error: expected constructor, destructor, or type conversion before \u2018(\u2019 token\n   66 | cots_pred(0) = cots_dat(0);\n      |          ^\nPOPULATIONS/POPULATION_0010/INDIVIDUAL_3KIJ8JPK/model.cpp:67:10: error: expected constructor, destructor, or type conversion before \u2018(\u2019 token\n   67 | fast_pred(0) = fast_dat(0);\n      |          ^\nPOPULATIONS/POPULATION_0010/INDIVIDUAL_3KIJ8JPK/model.cpp:68:10: error: expected constructor, destructor, or type conversion before \u2018(\u2019 token\n   68 | slow_pred(0) = slow_dat(0);\n      |          ^\nPOPULATIONS/POPULATION_0010/INDIVIDUAL_3KIJ8JPK/model.cpp:71:1: error: expected unqualified-id before \u2018for\u2019\n   71 | for(int t=1; t<n; t++) {\n      | ^~~\nPOPULATIONS/POPULATION_0010/INDIVIDUAL_3KIJ8JPK/model.cpp:71:14: error: \u2018t\u2019 does not name a type; did you mean \u2018tm\u2019?\n   71 | for(int t=1; t<n; t++) {\n      |              ^\n      |              tm\nPOPULATIONS/POPULATION_0010/INDIVIDUAL_3KIJ8JPK/model.cpp:71:19: error: \u2018t\u2019 does not name a type; did you mean \u2018tm\u2019?\n   71 | for(int t=1; t<n; t++) {\n      |                   ^\n      |                   tm\nPOPULATIONS/POPULATION_0010/INDIVIDUAL_3KIJ8JPK/model.cpp:103:1: error: \u2018Type\u2019 does not name a type; did you mean \u2018typeof\u2019?\n  103 | Type nll = 0.0;\n      | ^~~~\n      | typeof\nPOPULATIONS/POPULATION_0010/INDIVIDUAL_3KIJ8JPK/model.cpp:104:1: error: \u2018Type\u2019 does not name a type; did you mean \u2018typeof\u2019?\n  104 | Type min_sd = Type(1e-3); // Minimum SD for numerical stability\n      | ^~~~\n      | typeof\nPOPULATIONS/POPULATION_0010/INDIVIDUAL_3KIJ8JPK/model.cpp:107:1: error: expected unqualified-id before \u2018for\u2019\n  107 | for(int t=0; t<n; t++) {\n      | ^~~\nPOPULATIONS/POPULATION_0010/INDIVIDUAL_3KIJ8JPK/model.cpp:107:14: error: \u2018t\u2019 does not name a type; did you mean \u2018tm\u2019?\n  107 | for(int t=0; t<n; t++) {\n      |              ^\n      |              tm\nPOPULATIONS/POPULATION_0010/INDIVIDUAL_3KIJ8JPK/model.cpp:107:19: error: \u2018t\u2019 does not name a type; did you mean \u2018tm\u2019?\n  107 | for(int t=0; t<n; t++) {\n      |                   ^\n      |                   tm\nPOPULATIONS/POPULATION_0010/INDIVIDUAL_3KIJ8JPK/model.cpp:112:1: error: expected unqualified-id before \u2018for\u2019\n  112 | for(int t=0; t<n; t++) {\n      | ^~~\nPOPULATIONS/POPULATION_0010/INDIVIDUAL_3KIJ8JPK/model.cpp:112:14: error: \u2018t\u2019 does not name a type; did you mean \u2018tm\u2019?\n  112 | for(int t=0; t<n; t++) {\n      |              ^\n      |              tm\nPOPULATIONS/POPULATION_0010/INDIVIDUAL_3KIJ8JPK/model.cpp:112:19: error: \u2018t\u2019 does not name a type; did you mean \u2018tm\u2019?\n  112 | for(int t=0; t<n; t++) {\n      |                   ^\n      |                   tm\nPOPULATIONS/POPULATION_0010/INDIVIDUAL_3KIJ8JPK/model.cpp:117:1: error: expected unqualified-id before \u2018for\u2019\n  117 | for(int t=0; t<n; t++) {\n      | ^~~\nPOPULATIONS/POPULATION_0010/INDIVIDUAL_3KIJ8JPK/model.cpp:117:14: error: \u2018t\u2019 does not name a type; did you mean \u2018tm\u2019?\n  117 | for(int t=0; t<n; t++) {\n      |              ^\n      |              tm\nPOPULATIONS/POPULATION_0010/INDIVIDUAL_3KIJ8JPK/model.cpp:117:19: error: \u2018t\u2019 does not name a type; did you mean \u2018tm\u2019?\n  117 | for(int t=0; t<n; t++) {\n      |                   ^\n      |                   tm\n/home/spi085/R/x86_64-pc-linux-gnu-library/4.4/TMB/include/tmb_core.hpp:316:1: error: expected unqualified-id before \u2018if\u2019\n  316 | if( isDouble<Type>::value &&                                            \\\n      | ^~\nPOPULATIONS/POPULATION_0010/INDIVIDUAL_3KIJ8JPK/model.cpp:122:1: note: in expansion of macro \u2018REPORT\u2019\n  122 | REPORT(cots_pred); // Predicted COTS abundance (indiv/m2)\n      | ^~~~~~\n/home/spi085/R/x86_64-pc-linux-gnu-library/4.4/TMB/include/tmb_core.hpp:316:1: error: expected unqualified-id before \u2018if\u2019\n  316 | if( isDouble<Type>::value &&                                            \\\n      | ^~\nPOPULATIONS/POPULATION_0010/INDIVIDUAL_3KIJ8JPK/model.cpp:123:1: note: in expansion of macro \u2018REPORT\u2019\n  123 | REPORT(fast_pred); // Predicted fast coral cover (%)\n      | ^~~~~~\n/home/spi085/R/x86_64-pc-linux-gnu-library/4.4/TMB/include/tmb_core.hpp:316:1: error: expected unqualified-id before \u2018if\u2019\n  316 | if( isDouble<Type>::value &&                                            \\\n      | ^~\nPOPULATIONS/POPULATION_0010/INDIVIDUAL_3KIJ8JPK/model.cpp:124:1: note: in expansion of macro \u2018REPORT\u2019\n  124 | REPORT(slow_pred); // Predicted slow coral cover (%)\n      | ^~~~~~\nPOPULATIONS/POPULATION_0010/INDIVIDUAL_3KIJ8JPK/model.cpp:142:1: error: expected unqualified-id before \u2018return\u2019\n  142 | return nll;\n      | ^~~~~~\nmake: *** [/usr/lib/R/etc/Makeconf:204: POPULATIONS/POPULATION_0010/INDIVIDUAL_3KIJ8JPK/model.o] Error 1\nError in TMB::compile(file.path(individual_dir, model_file), flags = flags,  : \n  Compilation failed\nError: Compilation failed\nExecution halted"
    },
    "2": {
      "status": "ERROR",
      "message": "R script failed with return code 139",
      "stdout": "g++ -std=gnu++17 -I\"/usr/share/R/include\" -DNDEBUG -I\"/home/spi085/R/x86_64-pc-linux-gnu-library/4.4/TMB/include\" -I\"/home/spi085/R/x86_64-pc-linux-gnu-library/4.4/RcppEigen/include\"   -DTMB_EIGEN_DISABLE_WARNINGS   -DTMB_LIB_INIT=R_init_model  -DCPPAD_FRAMEWORK      -fpic  -O2  -c POPULATIONS/POPULATION_0010/INDIVIDUAL_3KIJ8JPK/model.cpp -o POPULATIONS/POPULATION_0010/INDIVIDUAL_3KIJ8JPK/model.o\ng++ -std=gnu++17 -shared -L/usr/lib/R/lib -Wl,-Bsymbolic-functions -flto=auto -ffat-lto-objects -Wl,-z,relro -o POPULATIONS/POPULATION_0010/INDIVIDUAL_3KIJ8JPK/model.so POPULATIONS/POPULATION_0010/INDIVIDUAL_3KIJ8JPK/model.o -L/usr/lib/R/lib -lR\nStarting model phases\nNumber of phases: 4 \nPhase 1",
      "stderr": "Loading required package: TMB\nLoading required package: jsonlite\nhere() starts at /home/spi085/Documents/_Projects/SCCP-QuantModelling\nusing C++ compiler: \u2018g++ (Ubuntu 13.3.0-6ubuntu2~24.04) 13.3.0\u2019\n\n *** caught segfault ***\naddress (nil), cause 'memory not mapped'\n\nTraceback:\n 1: getParameterOrder(data, parameters, new.env(), DLL = DLL)\n 2: MakeADFun(data_in, parameters, DLL = \"model\", silent = TRUE,     map = map)\n 3: doTryCatch(return(expr), name, parentenv, handler)\n 4: tryCatchOne(expr, names, parentenv, handlers[[1L]])\n 5: tryCatchList(expr, classes, parentenv, handlers)\n 6: tryCatch({    for (m in seq(1, n_phases)) {        cat(\"Phase\", m, \"\\n\")        to_fit <- params[params$priority == m & !is.na(params$priority) &             params$import_type == \"PARAMETER\", ]$parameter        map <- generate_map(to_fit)        if (exists(\"model\")) {            parameters <- model$env$parList(fit$par)        }        model <- MakeADFun(data_in, parameters, DLL = \"model\",             silent = TRUE, map = map)        if (is.null(model)) {            stop(\"Failed to create model\")        }        cat(\"Initial parameter values for phase\", m, \":\\n\")        print(model$par)        fit <- nlminb(model$par, model$fn, model$gr)        if (is.null(fit)) {            stop(\"Failed to fit model\")        }        cat(\"Final parameter values for phase\", m, \":\\n\")        print(fit$par)        cat(\"Convergence message:\", fit$message, \"\\n\")        cat(\"Number of iterations:\", fit$iterations, \"\\n\")        cat(\"Objective function value:\", fit$objective, \"\\n\")        if (any(is.nan(fit$par)) || any(is.infinite(fit$par))) {            cat(\"WARNING: NaN or Inf values detected in parameters at phase\",                 m, \"\\n\")        }        cat(\"Gradient at solution for phase\", m, \":\\n\")        grad <- model$gr(fit$par)        print(grad)        if (any(is.nan(grad)) || any(is.infinite(grad))) {            cat(\"WARNING: NaN or Inf values detected in gradient at phase\",                 m, \"\\n\")        }        best <- model$env$last.par.best        model$report()    }    cat(\"Final Phase\\n\")    to_fit <- params[!is.na(params$priority) & params$import_type ==         \"PARAMETER\", ]$parameter    map <- generate_map(to_fit)    parameters <- model$env$parList(fit$par)    model <- MakeADFun(data_in, parameters, DLL = \"model\", silent = TRUE,         map = map)    cat(\"Initial parameter values for final phase:\\n\")    print(model$par)    fit <- nlminb(model$par, model$fn, model$gr)    cat(\"Final parameter values for final phase:\\n\")    print(fit$par)    cat(\"Convergence message:\", fit$message, \"\\n\")    cat(\"Number of iterations:\", fit$iterations, \"\\n\")    cat(\"Objective function value:\", fit$objective, \"\\n\")    if (any(is.nan(fit$par)) || any(is.infinite(fit$par))) {        cat(\"WARNING: NaN or Inf values detected in parameters at final phase\\n\")    }    cat(\"Gradient at solution for final phase:\\n\")    grad <- model$gr(fit$par)    print(grad)    if (any(is.nan(grad)) || any(is.infinite(grad))) {        cat(\"WARNING: NaN or Inf values detected in gradient at final phase\\n\")    }    best <- model$env$last.par.best}, error = function(e) {    error_message <- paste(\"Error in model phases:\", conditionMessage(e))    cat(error_message, \"\\n\")    stop(error_message)})\nAn irrecoverable exception occurred. R is aborting now ...\nSegmentation fault (core dumped)"
    },
    "3": {
      "status": "ERROR",
      "message": "R script failed with return code 1",
      "stdout": "g++ -std=gnu++17 -I\"/usr/share/R/include\" -DNDEBUG -I\"/home/spi085/R/x86_64-pc-linux-gnu-library/4.4/TMB/include\" -I\"/home/spi085/R/x86_64-pc-linux-gnu-library/4.4/RcppEigen/include\"   -DTMB_EIGEN_DISABLE_WARNINGS   -DTMB_LIB_INIT=R_init_model  -DCPPAD_FRAMEWORK      -fpic  -O2  -c POPULATIONS/POPULATION_0010/INDIVIDUAL_3KIJ8JPK/model.cpp -o POPULATIONS/POPULATION_0010/INDIVIDUAL_3KIJ8JPK/model.o\ng++ -std=gnu++17 -shared -L/usr/lib/R/lib -Wl,-Bsymbolic-functions -flto=auto -ffat-lto-objects -Wl,-z,relro -o POPULATIONS/POPULATION_0010/INDIVIDUAL_3KIJ8JPK/model.so POPULATIONS/POPULATION_0010/INDIVIDUAL_3KIJ8JPK/model.o -L/usr/lib/R/lib -lR\nStarting model phases\nNumber of phases: 4 \nPhase 1 \nInitial parameter values for phase 1 :\nlog_r_cots \n      -0.7 \nFinal parameter values for phase 1 :\nlog_r_cots \n      -0.7 \nConvergence message: both X-convergence and relative convergence (5) \nNumber of iterations: 1 \nObjective function value: 0 \nGradient at solution for phase 1 :\n     [,1]\n[1,]    0\nPhase 2 \nInitial parameter values for phase 2 :\n   log_K_cots    log_m_cots log_alpha_imm    log_r_fast    log_r_slow \n         -0.5          -1.2          -2.0          -0.5          -1.0 \n   log_K_fast    log_K_slow \n          3.0           3.0 \nFinal parameter values for phase 2 :\n   log_K_cots    log_m_cots log_alpha_imm    log_r_fast    log_r_slow \n         -0.5          -1.2          -2.0          -0.5          -1.0 \n   log_K_fast    log_K_slow \n          3.0           3.0 \nConvergence message: both X-convergence and relative convergence (5) \nNumber of iterations: 1 \nObjective function value: 0 \nGradient at solution for phase 2 :\n     [,1] [,2] [,3] [,4] [,5] [,6] [,7]\n[1,]    0    0    0    0    0    0    0\nPhase 3 \nInitial parameter values for phase 3 :\n    log_beta_sst   log_gamma_pred log_delta_reslim       log_m_fast \n            -1.0             -1.5              2.0             -2.0 \n      log_m_slow   log_gamma_fast   log_gamma_slow \n            -2.0             -1.0             -1.5 \nFinal parameter values for phase 3 :\n    log_beta_sst   log_gamma_pred log_delta_reslim       log_m_fast \n            -1.0             -1.5              2.0             -2.0 \n      log_m_slow   log_gamma_fast   log_gamma_slow \n            -2.0             -1.0             -1.5 \nConvergence message: both X-convergence and relative convergence (5) \nNumber of iterations: 1 \nObjective function value: 0 \nGradient at solution for phase 3 :\n     [,1] [,2] [,3] [,4] [,5] [,6] [,7]\n[1,]    0    0    0    0    0    0    0\nPhase 4 \nInitial parameter values for phase 4 :\n    log_sigma_cots logit_phi_outbreak     log_sigma_fast     log_sigma_slow \n                -1                  0                 -1                 -1 \nFinal parameter values for phase 4 :\n    log_sigma_cots logit_phi_outbreak     log_sigma_fast     log_sigma_slow \n                -1                  0                 -1                 -1 \nConvergence message: both X-convergence and relative convergence (5) \nNumber of iterations: 1 \nObjective function value: 0 \nGradient at solution for phase 4 :\n     [,1] [,2] [,3] [,4]\n[1,]    0    0    0    0\nFinal Phase\nInitial parameter values for final phase:\n        log_r_cots         log_K_cots         log_m_cots      log_alpha_imm \n              -0.7               -0.5               -1.2               -2.0 \n      log_beta_sst     log_gamma_pred   log_delta_reslim     log_sigma_cots \n              -1.0               -1.5                2.0               -1.0 \nlogit_phi_outbreak         log_r_fast         log_r_slow         log_K_fast \n               0.0               -0.5               -1.0                3.0 \n        log_K_slow         log_m_fast         log_m_slow     log_gamma_fast \n               3.0               -2.0               -2.0               -1.0 \n    log_gamma_slow     log_sigma_fast     log_sigma_slow \n              -1.5               -1.0               -1.0 \nFinal parameter values for final phase:\n        log_r_cots         log_K_cots         log_m_cots      log_alpha_imm \n              -0.7               -0.5               -1.2               -2.0 \n      log_beta_sst     log_gamma_pred   log_delta_reslim     log_sigma_cots \n              -1.0               -1.5                2.0               -1.0 \nlogit_phi_outbreak         log_r_fast         log_r_slow         log_K_fast \n               0.0               -0.5               -1.0                3.0 \n        log_K_slow         log_m_fast         log_m_slow     log_gamma_fast \n               3.0               -2.0               -2.0               -1.0 \n    log_gamma_slow     log_sigma_fast     log_sigma_slow \n              -1.5               -1.0               -1.0 \nConvergence message: both X-convergence and relative convergence (5) \nNumber of iterations: 1 \nObjective function value: 0 \nGradient at solution for final phase:\n     [,1] [,2] [,3] [,4] [,5] [,6] [,7] [,8] [,9] [,10] [,11] [,12] [,13] [,14]\n[1,]    0    0    0    0    0    0    0    0    0     0     0     0     0     0\n     [,15] [,16] [,17] [,18] [,19]\n[1,]     0     0     0     0     0\nAll phases completed\n\nRunning model validation...\nNo test data available (train_test_split >= 1.0)\nNULL",
      "stderr": "Loading required package: TMB\nLoading required package: jsonlite\nhere() starts at /home/spi085/Documents/_Projects/SCCP-QuantModelling\nusing C++ compiler: \u2018g++ (Ubuntu 13.3.0-6ubuntu2~24.04) 13.3.0\u2019\nError in data.frame(time_series_data[time_col], Modeled = report[[output_var]],  : \n  arguments imply differing number of rows: 26, 0\nExecution halted"
    },
    "4": {
      "status": "ERROR",
      "message": "Model failed to compile.",
      "stdout": "g++ -std=gnu++17 -I\"/usr/share/R/include\" -DNDEBUG -I\"/home/spi085/R/x86_64-pc-linux-gnu-library/4.4/TMB/include\" -I\"/home/spi085/R/x86_64-pc-linux-gnu-library/4.4/RcppEigen/include\"   -DTMB_EIGEN_DISABLE_WARNINGS   -DTMB_LIB_INIT=R_init_model  -DCPPAD_FRAMEWORK      -fpic  -O2  -c POPULATIONS/POPULATION_0010/INDIVIDUAL_3KIJ8JPK/model.cpp -o POPULATIONS/POPULATION_0010/INDIVIDUAL_3KIJ8JPK/model.o",
      "stderr": "Loading required package: TMB\nLoading required package: jsonlite\nhere() starts at /home/spi085/Documents/_Projects/SCCP-QuantModelling\nusing C++ compiler: \u2018g++ (Ubuntu 13.3.0-6ubuntu2~24.04) 13.3.0\u2019\nPOPULATIONS/POPULATION_0010/INDIVIDUAL_3KIJ8JPK/model.cpp: In instantiation of \u2018Type objective_function<Type>::operator()() [with Type = CppAD::AD<double>]\u2019:\n/home/spi085/R/x86_64-pc-linux-gnu-library/4.4/TMB/include/tmb_core.hpp:1312:6:   required from here\nPOPULATIONS/POPULATION_0010/INDIVIDUAL_3KIJ8JPK/model.cpp:76:58: error: \u2018quiet_NaN\u2019 is not a member of \u2018CppAD::numeric_limits<CppAD::AD<double> >\u2019\n   76 |     cots_pred(t) = CppAD::numeric_limits<Type>::quiet_NaN();\n      |                    ~~~~~~~~~~~~~~~~~~~~~~~~~~~~~~~~~~~~~~^~\nPOPULATIONS/POPULATION_0010/INDIVIDUAL_3KIJ8JPK/model.cpp:77:58: error: \u2018quiet_NaN\u2019 is not a member of \u2018CppAD::numeric_limits<CppAD::AD<double> >\u2019\n   77 |     fast_pred(t) = CppAD::numeric_limits<Type>::quiet_NaN();\n      |                    ~~~~~~~~~~~~~~~~~~~~~~~~~~~~~~~~~~~~~~^~\nPOPULATIONS/POPULATION_0010/INDIVIDUAL_3KIJ8JPK/model.cpp:78:58: error: \u2018quiet_NaN\u2019 is not a member of \u2018CppAD::numeric_limits<CppAD::AD<double> >\u2019\n   78 |     slow_pred(t) = CppAD::numeric_limits<Type>::quiet_NaN();\n      |                    ~~~~~~~~~~~~~~~~~~~~~~~~~~~~~~~~~~~~~~^~\nPOPULATIONS/POPULATION_0010/INDIVIDUAL_3KIJ8JPK/model.cpp: In instantiation of \u2018Type objective_function<Type>::operator()() [with Type = double]\u2019:\n/home/spi085/R/x86_64-pc-linux-gnu-library/4.4/TMB/include/tmb_core.hpp:2035:7:   required from here\nPOPULATIONS/POPULATION_0010/INDIVIDUAL_3KIJ8JPK/model.cpp:76:58: error: \u2018quiet_NaN\u2019 is not a member of \u2018CppAD::numeric_limits<double>\u2019\n   76 |     cots_pred(t) = CppAD::numeric_limits<Type>::quiet_NaN();\n      |                    ~~~~~~~~~~~~~~~~~~~~~~~~~~~~~~~~~~~~~~^~\nPOPULATIONS/POPULATION_0010/INDIVIDUAL_3KIJ8JPK/model.cpp:77:58: error: \u2018quiet_NaN\u2019 is not a member of \u2018CppAD::numeric_limits<double>\u2019\n   77 |     fast_pred(t) = CppAD::numeric_limits<Type>::quiet_NaN();\n      |                    ~~~~~~~~~~~~~~~~~~~~~~~~~~~~~~~~~~~~~~^~\nPOPULATIONS/POPULATION_0010/INDIVIDUAL_3KIJ8JPK/model.cpp:78:58: error: \u2018quiet_NaN\u2019 is not a member of \u2018CppAD::numeric_limits<double>\u2019\n   78 |     slow_pred(t) = CppAD::numeric_limits<Type>::quiet_NaN();\n      |                    ~~~~~~~~~~~~~~~~~~~~~~~~~~~~~~~~~~~~~~^~\nPOPULATIONS/POPULATION_0010/INDIVIDUAL_3KIJ8JPK/model.cpp: In instantiation of \u2018Type objective_function<Type>::operator()() [with Type = CppAD::AD<CppAD::AD<double> >]\u2019:\n/home/spi085/R/x86_64-pc-linux-gnu-library/4.4/TMB/include/tmb_core.hpp:917:29:   required from \u2018Type objective_function<Type>::evalUserTemplate() [with Type = CppAD::AD<CppAD::AD<double> >]\u2019\n/home/spi085/R/x86_64-pc-linux-gnu-library/4.4/TMB/include/tmb_core.hpp:2116:26:   required from here\nPOPULATIONS/POPULATION_0010/INDIVIDUAL_3KIJ8JPK/model.cpp:76:58: error: \u2018quiet_NaN\u2019 is not a member of \u2018CppAD::numeric_limits<CppAD::AD<CppAD::AD<double> > >\u2019\n   76 |     cots_pred(t) = CppAD::numeric_limits<Type>::quiet_NaN();\n      |                    ~~~~~~~~~~~~~~~~~~~~~~~~~~~~~~~~~~~~~~^~\nPOPULATIONS/POPULATION_0010/INDIVIDUAL_3KIJ8JPK/model.cpp:77:58: error: \u2018quiet_NaN\u2019 is not a member of \u2018CppAD::numeric_limits<CppAD::AD<CppAD::AD<double> > >\u2019\n   77 |     fast_pred(t) = CppAD::numeric_limits<Type>::quiet_NaN();\n      |                    ~~~~~~~~~~~~~~~~~~~~~~~~~~~~~~~~~~~~~~^~\nPOPULATIONS/POPULATION_0010/INDIVIDUAL_3KIJ8JPK/model.cpp:78:58: error: \u2018quiet_NaN\u2019 is not a member of \u2018CppAD::numeric_limits<CppAD::AD<CppAD::AD<double> > >\u2019\n   78 |     slow_pred(t) = CppAD::numeric_limits<Type>::quiet_NaN();\n      |                    ~~~~~~~~~~~~~~~~~~~~~~~~~~~~~~~~~~~~~~^~\nPOPULATIONS/POPULATION_0010/INDIVIDUAL_3KIJ8JPK/model.cpp: In instantiation of \u2018Type objective_function<Type>::operator()() [with Type = CppAD::AD<CppAD::AD<CppAD::AD<double> > >]\u2019:\n/home/spi085/R/x86_64-pc-linux-gnu-library/4.4/TMB/include/tmb_core.hpp:917:29:   required from \u2018Type objective_function<Type>::evalUserTemplate() [with Type = CppAD::AD<CppAD::AD<CppAD::AD<double> > >]\u2019\n/home/spi085/R/x86_64-pc-linux-gnu-library/4.4/TMB/include/tmb_core.hpp:2365:28:   required from here\nPOPULATIONS/POPULATION_0010/INDIVIDUAL_3KIJ8JPK/model.cpp:76:58: error: \u2018quiet_NaN\u2019 is not a member of \u2018CppAD::numeric_limits<CppAD::AD<CppAD::AD<CppAD::AD<double> > > >\u2019\n   76 |     cots_pred(t) = CppAD::numeric_limits<Type>::quiet_NaN();\n      |                    ~~~~~~~~~~~~~~~~~~~~~~~~~~~~~~~~~~~~~~^~\nPOPULATIONS/POPULATION_0010/INDIVIDUAL_3KIJ8JPK/model.cpp:77:58: error: \u2018quiet_NaN\u2019 is not a member of \u2018CppAD::numeric_limits<CppAD::AD<CppAD::AD<CppAD::AD<double> > > >\u2019\n   77 |     fast_pred(t) = CppAD::numeric_limits<Type>::quiet_NaN();\n      |                    ~~~~~~~~~~~~~~~~~~~~~~~~~~~~~~~~~~~~~~^~\nPOPULATIONS/POPULATION_0010/INDIVIDUAL_3KIJ8JPK/model.cpp:78:58: error: \u2018quiet_NaN\u2019 is not a member of \u2018CppAD::numeric_limits<CppAD::AD<CppAD::AD<CppAD::AD<double> > > >\u2019\n   78 |     slow_pred(t) = CppAD::numeric_limits<Type>::quiet_NaN();\n      |                    ~~~~~~~~~~~~~~~~~~~~~~~~~~~~~~~~~~~~~~^~\nmake: *** [/usr/lib/R/etc/Makeconf:204: POPULATIONS/POPULATION_0010/INDIVIDUAL_3KIJ8JPK/model.o] Error 1\nError in TMB::compile(file.path(individual_dir, model_file), flags = flags,  : \n  Compilation failed\nError: Compilation failed\nExecution halted"
    },
    "5": {
      "status": "ERROR",
      "message": "R script failed with return code 1",
      "stdout": "g++ -std=gnu++17 -I\"/usr/share/R/include\" -DNDEBUG -I\"/home/spi085/R/x86_64-pc-linux-gnu-library/4.4/TMB/include\" -I\"/home/spi085/R/x86_64-pc-linux-gnu-library/4.4/RcppEigen/include\"   -DTMB_EIGEN_DISABLE_WARNINGS   -DTMB_LIB_INIT=R_init_model  -DCPPAD_FRAMEWORK      -fpic  -O2  -c POPULATIONS/POPULATION_0010/INDIVIDUAL_3KIJ8JPK/model.cpp -o POPULATIONS/POPULATION_0010/INDIVIDUAL_3KIJ8JPK/model.o\ng++ -std=gnu++17 -shared -L/usr/lib/R/lib -Wl,-Bsymbolic-functions -flto=auto -ffat-lto-objects -Wl,-z,relro -o POPULATIONS/POPULATION_0010/INDIVIDUAL_3KIJ8JPK/model.so POPULATIONS/POPULATION_0010/INDIVIDUAL_3KIJ8JPK/model.o -L/usr/lib/R/lib -lR\nStarting model phases\nNumber of phases: 4 \nPhase 1 \nInitial parameter values for phase 1 :\nlog_r_cots \n      -0.7 \nFinal parameter values for phase 1 :\nlog_r_cots \n      -0.7 \nConvergence message: both X-convergence and relative convergence (5) \nNumber of iterations: 1 \nObjective function value: 0 \nGradient at solution for phase 1 :\n     [,1]\n[1,]    0\nPhase 2 \nInitial parameter values for phase 2 :\n   log_K_cots    log_m_cots log_alpha_imm    log_r_fast    log_r_slow \n         -0.5          -1.2          -2.0          -0.5          -1.0 \n   log_K_fast    log_K_slow \n          3.0           3.0 \nFinal parameter values for phase 2 :\n   log_K_cots    log_m_cots log_alpha_imm    log_r_fast    log_r_slow \n         -0.5          -1.2          -2.0          -0.5          -1.0 \n   log_K_fast    log_K_slow \n          3.0           3.0 \nConvergence message: both X-convergence and relative convergence (5) \nNumber of iterations: 1 \nObjective function value: 0 \nGradient at solution for phase 2 :\n     [,1] [,2] [,3] [,4] [,5] [,6] [,7]\n[1,]    0    0    0    0    0    0    0\nPhase 3 \nInitial parameter values for phase 3 :\n    log_beta_sst   log_gamma_pred log_delta_reslim       log_m_fast \n            -1.0             -1.5              2.0             -2.0 \n      log_m_slow   log_gamma_fast   log_gamma_slow \n            -2.0             -1.0             -1.5 \nFinal parameter values for phase 3 :\n    log_beta_sst   log_gamma_pred log_delta_reslim       log_m_fast \n            -1.0             -1.5              2.0             -2.0 \n      log_m_slow   log_gamma_fast   log_gamma_slow \n            -2.0             -1.0             -1.5 \nConvergence message: both X-convergence and relative convergence (5) \nNumber of iterations: 1 \nObjective function value: 0 \nGradient at solution for phase 3 :\n     [,1] [,2] [,3] [,4] [,5] [,6] [,7]\n[1,]    0    0    0    0    0    0    0\nPhase 4 \nInitial parameter values for phase 4 :\n    log_sigma_cots logit_phi_outbreak     log_sigma_fast     log_sigma_slow \n                -1                  0                 -1                 -1 \nFinal parameter values for phase 4 :\n    log_sigma_cots logit_phi_outbreak     log_sigma_fast     log_sigma_slow \n                -1                  0                 -1                 -1 \nConvergence message: both X-convergence and relative convergence (5) \nNumber of iterations: 1 \nObjective function value: 0 \nGradient at solution for phase 4 :\n     [,1] [,2] [,3] [,4]\n[1,]    0    0    0    0\nFinal Phase\nInitial parameter values for final phase:\n        log_r_cots         log_K_cots         log_m_cots      log_alpha_imm \n              -0.7               -0.5               -1.2               -2.0 \n      log_beta_sst     log_gamma_pred   log_delta_reslim     log_sigma_cots \n              -1.0               -1.5                2.0               -1.0 \nlogit_phi_outbreak         log_r_fast         log_r_slow         log_K_fast \n               0.0               -0.5               -1.0                3.0 \n        log_K_slow         log_m_fast         log_m_slow     log_gamma_fast \n               3.0               -2.0               -2.0               -1.0 \n    log_gamma_slow     log_sigma_fast     log_sigma_slow \n              -1.5               -1.0               -1.0 \nFinal parameter values for final phase:\n        log_r_cots         log_K_cots         log_m_cots      log_alpha_imm \n              -0.7               -0.5               -1.2               -2.0 \n      log_beta_sst     log_gamma_pred   log_delta_reslim     log_sigma_cots \n              -1.0               -1.5                2.0               -1.0 \nlogit_phi_outbreak         log_r_fast         log_r_slow         log_K_fast \n               0.0               -0.5               -1.0                3.0 \n        log_K_slow         log_m_fast         log_m_slow     log_gamma_fast \n               3.0               -2.0               -2.0               -1.0 \n    log_gamma_slow     log_sigma_fast     log_sigma_slow \n              -1.5               -1.0               -1.0 \nConvergence message: both X-convergence and relative convergence (5) \nNumber of iterations: 1 \nObjective function value: 0 \nGradient at solution for final phase:\n     [,1] [,2] [,3] [,4] [,5] [,6] [,7] [,8] [,9] [,10] [,11] [,12] [,13] [,14]\n[1,]    0    0    0    0    0    0    0    0    0     0     0     0     0     0\n     [,15] [,16] [,17] [,18] [,19]\n[1,]     0     0     0     0     0\nAll phases completed\n\nRunning model validation...\nNo test data available (train_test_split >= 1.0)\nNULL",
      "stderr": "Loading required package: TMB\nLoading required package: jsonlite\nhere() starts at /home/spi085/Documents/_Projects/SCCP-QuantModelling\nusing C++ compiler: \u2018g++ (Ubuntu 13.3.0-6ubuntu2~24.04) 13.3.0\u2019\nError in data.frame(time_series_data[time_col], Modeled = report[[output_var]],  : \n  arguments imply differing number of rows: 26, 0\nExecution halted"
    },
    "6": {
      "status": "ERROR",
      "message": "R script failed with return code 1",
      "stdout": "g++ -std=gnu++17 -I\"/usr/share/R/include\" -DNDEBUG -I\"/home/spi085/R/x86_64-pc-linux-gnu-library/4.4/TMB/include\" -I\"/home/spi085/R/x86_64-pc-linux-gnu-library/4.4/RcppEigen/include\"   -DTMB_EIGEN_DISABLE_WARNINGS   -DTMB_LIB_INIT=R_init_model  -DCPPAD_FRAMEWORK      -fpic  -O2  -c POPULATIONS/POPULATION_0010/INDIVIDUAL_3KIJ8JPK/model.cpp -o POPULATIONS/POPULATION_0010/INDIVIDUAL_3KIJ8JPK/model.o\ng++ -std=gnu++17 -shared -L/usr/lib/R/lib -Wl,-Bsymbolic-functions -flto=auto -ffat-lto-objects -Wl,-z,relro -o POPULATIONS/POPULATION_0010/INDIVIDUAL_3KIJ8JPK/model.so POPULATIONS/POPULATION_0010/INDIVIDUAL_3KIJ8JPK/model.o -L/usr/lib/R/lib -lR\nStarting model phases\nNumber of phases: 4 \nPhase 1 \nInitial parameter values for phase 1 :\nlog_r_cots \n      -0.7 \nFinal parameter values for phase 1 :\nlog_r_cots \n      -0.7 \nConvergence message: both X-convergence and relative convergence (5) \nNumber of iterations: 1 \nObjective function value: 0 \nGradient at solution for phase 1 :\n     [,1]\n[1,]    0\nPhase 2 \nInitial parameter values for phase 2 :\n   log_K_cots    log_m_cots log_alpha_imm    log_r_fast    log_r_slow \n         -0.5          -1.2          -2.0          -0.5          -1.0 \n   log_K_fast    log_K_slow \n          3.0           3.0 \nFinal parameter values for phase 2 :\n   log_K_cots    log_m_cots log_alpha_imm    log_r_fast    log_r_slow \n         -0.5          -1.2          -2.0          -0.5          -1.0 \n   log_K_fast    log_K_slow \n          3.0           3.0 \nConvergence message: both X-convergence and relative convergence (5) \nNumber of iterations: 1 \nObjective function value: 0 \nGradient at solution for phase 2 :\n     [,1] [,2] [,3] [,4] [,5] [,6] [,7]\n[1,]    0    0    0    0    0    0    0\nPhase 3 \nInitial parameter values for phase 3 :\n    log_beta_sst   log_gamma_pred log_delta_reslim       log_m_fast \n            -1.0             -1.5              2.0             -2.0 \n      log_m_slow   log_gamma_fast   log_gamma_slow \n            -2.0             -1.0             -1.5 \nFinal parameter values for phase 3 :\n    log_beta_sst   log_gamma_pred log_delta_reslim       log_m_fast \n            -1.0             -1.5              2.0             -2.0 \n      log_m_slow   log_gamma_fast   log_gamma_slow \n            -2.0             -1.0             -1.5 \nConvergence message: both X-convergence and relative convergence (5) \nNumber of iterations: 1 \nObjective function value: 0 \nGradient at solution for phase 3 :\n     [,1] [,2] [,3] [,4] [,5] [,6] [,7]\n[1,]    0    0    0    0    0    0    0\nPhase 4 \nInitial parameter values for phase 4 :\n    log_sigma_cots logit_phi_outbreak     log_sigma_fast     log_sigma_slow \n                -1                  0                 -1                 -1 \nFinal parameter values for phase 4 :\n    log_sigma_cots logit_phi_outbreak     log_sigma_fast     log_sigma_slow \n                -1                  0                 -1                 -1 \nConvergence message: both X-convergence and relative convergence (5) \nNumber of iterations: 1 \nObjective function value: 0 \nGradient at solution for phase 4 :\n     [,1] [,2] [,3] [,4]\n[1,]    0    0    0    0\nFinal Phase\nInitial parameter values for final phase:\n        log_r_cots         log_K_cots         log_m_cots      log_alpha_imm \n              -0.7               -0.5               -1.2               -2.0 \n      log_beta_sst     log_gamma_pred   log_delta_reslim     log_sigma_cots \n              -1.0               -1.5                2.0               -1.0 \nlogit_phi_outbreak         log_r_fast         log_r_slow         log_K_fast \n               0.0               -0.5               -1.0                3.0 \n        log_K_slow         log_m_fast         log_m_slow     log_gamma_fast \n               3.0               -2.0               -2.0               -1.0 \n    log_gamma_slow     log_sigma_fast     log_sigma_slow \n              -1.5               -1.0               -1.0 \nFinal parameter values for final phase:\n        log_r_cots         log_K_cots         log_m_cots      log_alpha_imm \n              -0.7               -0.5               -1.2               -2.0 \n      log_beta_sst     log_gamma_pred   log_delta_reslim     log_sigma_cots \n              -1.0               -1.5                2.0               -1.0 \nlogit_phi_outbreak         log_r_fast         log_r_slow         log_K_fast \n               0.0               -0.5               -1.0                3.0 \n        log_K_slow         log_m_fast         log_m_slow     log_gamma_fast \n               3.0               -2.0               -2.0               -1.0 \n    log_gamma_slow     log_sigma_fast     log_sigma_slow \n              -1.5               -1.0               -1.0 \nConvergence message: both X-convergence and relative convergence (5) \nNumber of iterations: 1 \nObjective function value: 0 \nGradient at solution for final phase:\n     [,1] [,2] [,3] [,4] [,5] [,6] [,7] [,8] [,9] [,10] [,11] [,12] [,13] [,14]\n[1,]    0    0    0    0    0    0    0    0    0     0     0     0     0     0\n     [,15] [,16] [,17] [,18] [,19]\n[1,]     0     0     0     0     0\nAll phases completed\n\nRunning model validation...\nNo test data available (train_test_split >= 1.0)\nNULL",
      "stderr": "Loading required package: TMB\nLoading required package: jsonlite\nhere() starts at /home/spi085/Documents/_Projects/SCCP-QuantModelling\nusing C++ compiler: \u2018g++ (Ubuntu 13.3.0-6ubuntu2~24.04) 13.3.0\u2019\nError in data.frame(time_series_data[time_col], Modeled = report[[output_var]],  : \n  arguments imply differing number of rows: 26, 0\nExecution halted"
    },
    "7": {
      "status": "BROKEN"
    }
  }
}