Warning: Input is not a terminal (fd=10).
Skipping POPULATIONS/POPULATION_0013/INDIVIDUAL_6CEGQJ3O/model.cpp that matches gitignore spec.
Skipping POPULATIONS/POPULATION_0013/INDIVIDUAL_6CEGQJ3O/parameters.json that matches gitignore spec.
Skipping POPULATIONS/POPULATION_0013/INDIVIDUAL_6CEGQJ3O/intention.txt that matches gitignore spec.
Creating empty file POPULATIONS/POPULATION_0013/INDIVIDUAL_6CEGQJ3O/intention.txt
Here is my assessment and proposed improvement:                                                                                                                                                                        

Assessment of Current Model:                                                                                                                                                                                           

 1 Model Fit to Data:                                                                                                                                                                                                  
   The model uses a lognormal likelihood for observed COTS, fast coral, and slow coral, with predictions generated from a process-based model. Without the residuals file, I cannot quantitatively assess fit, but the 
   structure is appropriate for time series with positive values and multiplicative errors.                                                                                                                            
 2 Addressing Project Context:                                                                                                                                                                                         
   The model captures key features of COTS-coral dynamics:                                                                                                                                                             

 â€¢ Logistic growth for COTS and corals.                                                                                                                                                                                
 â€¢ COTS predation partitioned by coral type (fast/slow).                                                                                                                                                               
 â€¢ Outbreaks modulated by coral cover, SST, and larval immigration.                                                                                                                                                    
 â€¢ Feedbacks via resource limitation and outbreak thresholds.                                                                                                                                                          

However, the outbreak dynamics may be too tightly coupled to coral cover and SST, with only a linear effect of SST and a simple outbreak threshold. The model may not fully capture the abruptness or duration of      
outbreaks, especially if there are ecological feedbacks or non-linearities not represented.                                                                                                                            

 3 Missing or Oversimplified Processes:                                                                                                                                                                                

 â€¢ Resource Limitation: The model uses a linear resource effect for COTS growth, which may not capture saturation or threshold effects.                                                                                
 â€¢ Predation Efficiency: Assimilation efficiencies are constant, but could vary with coral abundance or COTS density.                                                                                                  
 â€¢ Environmental Modifiers: Only SST is included, and only as a linear modifier.                                                                                                                                       
 â€¢ Feedbacks: No explicit negative feedback from depleted coral cover on COTS outbreaks (beyond resource limitation).                                                                                                  
 â€¢ Density Dependence: Only simple logistic terms; higher-order or non-linear effects could better capture boom-bust cycles.                                                                                           

Chosen Improvement:                                                                                                                                                                                                    

Introduce a saturating (Michaelis-Menten type) resource limitation for COTS population growth.                                                                                                                         

Justification:                                                                                                                                                                                                         

 â€¢ Outbreaks are often triggered when coral cover exceeds a threshold, but COTS population growth should saturate at high coral cover, reflecting limits to how much food can be consumed or converted to new COTS.    
 â€¢ This non-linear resource limitation can produce sharper, more realistic outbreak peaks and collapses, better matching observed boom-bust cycles.                                                                    
 â€¢ Ecologically, this reflects handling time, satiation, or other limits to COTS population response to abundant coral.                                                                                                

Implementation Plan:                                                                                                                                                                                                   

 â€¢ Replace the linear coral_effect in COTS growth with a Michaelis-Menten (saturating) function:                                                                                                                       
   coral_effect = (fast_prev * e_fast + slow_prev * e_slow) / (Km_coral + fast_prev * e_fast + slow_prev * e_slow + eps)                                                                                               
 â€¢ Add a new parameter log_Km_coral (log half-saturation constant for resource effect).                                                                                                                                
 â€¢ Update parameters.json and model.cpp accordingly.                                                                                                                                                                   
 â€¢ Document rationale in intention.txt.                                                                                                                                                                                

â”€â”€â”€â”€â”€â”€â”€â”€â”€â”€â”€â”€â”€â”€â”€â”€â”€â”€â”€â”€â”€â”€â”€â”€â”€â”€â”€â”€â”€â”€â”€â”€â”€â”€â”€â”€â”€â”€â”€â”€â”€â”€â”€â”€â”€â”€â”€â”€â”€â”€â”€â”€â”€â”€â”€â”€â”€â”€â”€â”€â”€â”€â”€â”€â”€â”€â”€â”€â”€â”€â”€â”€â”€â”€â”€â”€â”€â”€â”€â”€â”€â”€â”€â”€â”€â”€â”€â”€â”€â”€â”€â”€â”€â”€â”€â”€â”€â”€â”€â”€â”€â”€â”€â”€â”€â”€â”€â”€â”€â”€â”€â”€â”€â”€â”€â”€â”€â”€â”€â”€â”€â”€â”€â”€â”€â”€â”€â”€â”€â”€â”€â”€â”€â”€â”€â”€â”€â”€â”€â”€â”€â”€â”€â”€â”€â”€â”€â”€â”€â”€â”€â”€â”€â”€â”€â”€â”€â”€â”€â”€â”€â”€â”€â”€â”€â”€â”€â”€â”€â”€â”€â”€â”€â”€â”€â”€â”€â”€â”€â”€â”€â”€â”€â”€â”€â”€â”€â”€â”€â”€â”€â”€â”€â”€â”€â”€â”€â”€â”€â”€â”€â”€â”€â”€â”€â”€â”€â”€â”€â”€â”€â”€â”€â”€â”€
Here are the required SEARCH/REPLACE blocks:                                                                                                                                                                           

POPULATIONS/POPULATION_0013/INDIVIDUAL_6CEGQJ3O/intention.txt                                                                                                                                                          

                                                                                                                                                                                                                       
 <<<<<<< SEARCH                                                                                                                                                                                                        
                                                                                                                                                                                                                       
 =======                                                                                                                                                                                                               
                                                                                                                                                                                                                       
 Assessment:                                                                                                                                                                                                           
 - The current model captures key COTS-coral dynamics (logistic growth, predation partitioned by coral type, outbreak triggers via coral cover, SST, and immigration).                                                 
 - However, the resource limitation on COTS growth is linear, which may not realistically capture the abruptness and duration of outbreaks observed in nature.                                                         
 - Ecological studies suggest COTS population growth should saturate at high coral cover due to limits in feeding/assimilation, reflecting handling time or satiation.                                                 
                                                                                                                                                                                                                       
 Improvement:                                                                                                                                                                                                          
 - I am introducing a saturating (Michaelis-Menten type) resource limitation for COTS population growth.                                                                                                               
 - This replaces the linear coral_effect with a function that saturates as coral cover increases, controlled by a new parameter Km_coral.                                                                              
 - This change is ecologically justified as it allows for sharper, more realistic outbreak peaks and collapses, better matching observed boom-bust cycles and the limits of COTS population response to abundant coral 
                                                                                                                                                                                                                       
 Implementation:                                                                                                                                                                                                       
 - Added parameter log_Km_coral (log half-saturation constant for resource effect).                                                                                                                                    
 - Modified model.cpp to use Michaelis-Menten resource limitation in COTS growth.                                                                                                                                      
 >>>>>>> REPLACE                                                                                                                                                                                                       
                                                                                                                                                                                                                       

POPULATIONS/POPULATION_0013/INDIVIDUAL_6CEGQJ3O/parameters.json                                                                                                                                                        

                                                                                                                                                                                                                       
 <<<<<<< SEARCH                                                                                                                                                                                                        
         }                                                                                                                                                                                                             
     ]                                                                                                                                                                                                                 
 }=======                                                                                                                                                                                                              
         },                                                                                                                                                                                                            
         {                                                                                                                                                                                                             
             "parameter": "log_Km_coral",                                                                                                                                                                              
             "value": 2.0,                                                                                                                                                                                             
             "description": "Log half-saturation constant for COTS resource effect (arbitrary units)",                                                                                                                 
             "source": "ecological reasoning",                                                                                                                                                                         
             "import_type": "PARAMETER",                                                                                                                                                                               
             "priority": 2,                                                                                                                                                                                            
             "enhanced_semantic_description": "Half-saturation constant for COTS population response to coral resource availability (Michaelis-Menten type limitation)",                                               
             "processed": false                                                                                                                                                                                        
         }                                                                                                                                                                                                             
     ]                                                                                                                                                                                                                 
 }                                                                                                                                                                                                                     
 >>>>>>> REPLACE                                                                                                                                                                                                       
                                                                                                                                                                                                                       

POPULATIONS/POPULATION_0013/INDIVIDUAL_6CEGQJ3O/model.cpp                                                                                                                                                              

                                                                                                                                                                                                                       
 <<<<<<< SEARCH                                                                                                                                                                                                        
   PARAMETER(logit_phi_outbreak); // logit outbreak threshold (unitless, 0-1)                                                                                                                                          
   PARAMETER(log_immig_scale); // log scale for larval immigration effect                                                                                                                                              
 =======                                                                                                                                                                                                               
   PARAMETER(logit_phi_outbreak); // logit outbreak threshold (unitless, 0-1)                                                                                                                                          
   PARAMETER(log_immig_scale); // log scale for larval immigration effect                                                                                                                                              
   PARAMETER(log_Km_coral); // log half-saturation constant for COTS resource effect                                                                                                                                   
 >>>>>>> REPLACE                                                                                                                                                                                                       
                                                                                                                                                                                                                       

POPULATIONS/POPULATION_0013/INDIVIDUAL_6CEGQJ3O/model.cpp                                                                                                                                                              

                                                                                                                                                                                                                       
 <<<<<<< SEARCH                                                                                                                                                                                                        
   Type immig_scale = exp(log_immig_scale); // Immigration effect scale                                                                                                                                                
 =======                                                                                                                                                                                                               
   Type immig_scale = exp(log_immig_scale); // Immigration effect scale                                                                                                                                                
   Type Km_coral = exp(log_Km_coral); // Half-saturation constant for resource effect                                                                                                                                  
 >>>>>>> REPLACE                                                                                                                                                                                                       
                                                                                                                                                                                                                       

POPULATIONS/POPULATION_0013/INDIVIDUAL_6CEGQJ3O/model.cpp                                                                                                                                                              

                                                                                                                                                                                                                       
 <<<<<<< SEARCH                                                                                                                                                                                                        
     // 1. Resource limitation: total available coral (sum of fast and slow)                                                                                                                                           
     Type total_coral_prev = fast_prev + slow_prev + eps;                                                                                                                                                              
                                                                                                                                                                                                                       
     // 2. Functional response: COTS predation on coral (Holling Type II)                                                                                                                                              
     Type pred_fast = alpha_fast * cots_prev * fast_prev / (fast_prev + slow_prev + eps); // predation on fast coral                                                                                                   
     Type pred_slow = alpha_slow * cots_prev * slow_prev / (fast_prev + slow_prev + eps); // predation on slow coral                                                                                                   
                                                                                                                                                                                                                       
     // 3. COTS population growth (logistic, modified by coral availability and SST)                                                                                                                                   
     Type coral_effect = (fast_prev * e_fast + slow_prev * e_slow) / (K_fast * e_fast + K_slow * e_slow + eps); // resource effect (0-1)                                                                               
     Type sst_effect = 1.0 + theta_sst * (sst_dat(t) - 27.0); // SST modifies growth (centered at 27C)                                                                                                                 
     Type immig_effect = immig_scale * cotsimm_dat(t); // immigration pulse                                                                                                                                            
                                                                                                                                                                                                                       
     // Outbreak trigger: smooth threshold on coral_effect                                                                                                                                                             
     Type outbreak_boost = 1.0 + phi_outbreak * (coral_effect - 0.5);                                                                                                                                                  
                                                                                                                                                                                                                       
     Type cots_growth = r_cots * cots_prev * (1.0 - cots_prev / (K_cots + eps)) * coral_effect * sst_effect * outbreak_boost;                                                                                          
     Type cots_mortality = m_cots * cots_prev;                                                                                                                                                                         
                                                                                                                                                                                                                       
     Type cots_next = cots_prev + cots_growth - cots_mortality + immig_effect;                                                                                                                                         
     cots_next = CppAD::CondExpGt(cots_next, eps, cots_next, eps); // Bound to >= eps                                                                                                                                  
 =======                                                                                                                                                                                                               
     // 1. Resource limitation: total available coral (sum of fast and slow)                                                                                                                                           
     Type total_coral_prev = fast_prev + slow_prev + eps;                                                                                                                                                              
                                                                                                                                                                                                                       
     // 2. Functional response: COTS predation on coral (Holling Type II)                                                                                                                                              
     Type pred_fast = alpha_fast * cots_prev * fast_prev / (fast_prev + slow_prev + eps); // predation on fast coral                                                                                                   
     Type pred_slow = alpha_slow * cots_prev * slow_prev / (fast_prev + slow_prev + eps); // predation on slow coral                                                                                                   
                                                                                                                                                                                                                       
     // 3. COTS population growth (logistic, modified by saturating coral availability and SST)                                                                                                                        
     Type coral_resource = fast_prev * e_fast + slow_prev * e_slow;                                                                                                                                                    
     Type coral_effect = coral_resource / (Km_coral + coral_resource + eps); // Michaelis-Menten saturation                                                                                                            
     Type sst_effect = 1.0 + theta_sst * (sst_dat(t) - 27.0); // SST modifies growth (centered at 27C)                                                                                                                 
     Type immig_effect = immig_scale * cotsimm_dat(t); // immigration pulse                                                                                                                                            
                                                                                                                                                                                                                       
     // Outbreak trigger: smooth threshold on coral_effect                                                                                                                                                             
     Type outbreak_boost = 1.0 + phi_outbreak * (coral_effect - 0.5);                                                                                                                                                  
                                                                                                                                                                                                                       
     Type cots_growth = r_cots * cots_prev * (1.0 - cots_prev / (K_cots + eps)) * coral_effect * sst_effect * outbreak_boost;                                                                                          
     Type cots_mortality = m_cots * cots_prev;                                                                                                                                                                         
                                                                                                                                                                                                                       
     Type cots_next = cots_prev + cots_growth - cots_mortality + immig_effect;                                                                                                                                         
     cots_next = CppAD::CondExpGt(cots_next, eps, cots_next, eps); // Bound to >= eps                                                                                                                                  
 >>>>>>> REPLACE                                                                                                                                                                                                       
                                                                                                                                                                                                                       

Tokens: 7.3k sent, 2.1k received. Cost: $0.03 message, $0.03 session.
Committing POPULATIONS/POPULATION_0013/INDIVIDUAL_6CEGQJ3O/intention.txt before applying edits.
Committing POPULATIONS/POPULATION_0013/INDIVIDUAL_6CEGQJ3O/parameters.json before applying edits.
Committing POPULATIONS/POPULATION_0013/INDIVIDUAL_6CEGQJ3O/model.cpp before applying edits.
Unable to add /home/spi085/Documents/_Projects/SCCP-QuantModelling/POPULATIONS/POPULATION_0013/INDIVIDUAL_6CEGQJ3O/intention.txt: Cmd('git') failed due to: exit code(1)
  cmdline: git add /home/spi085/Documents/_Projects/SCCP-QuantModelling/POPULATIONS/POPULATION_0013/INDIVIDUAL_6CEGQJ3O/intention.txt
  stderr: 'The following paths are ignored by one of your .gitignore files:
POPULATIONS
hint: Use -f if you really want to add them.
hint: Turn this message off by running
hint: "git config advice.addIgnoredFile false"'
Unable to add /home/spi085/Documents/_Projects/SCCP-QuantModelling/POPULATIONS/POPULATION_0013/INDIVIDUAL_6CEGQJ3O/parameters.json: Cmd('git') failed due to: exit code(1)
  cmdline: git add /home/spi085/Documents/_Projects/SCCP-QuantModelling/POPULATIONS/POPULATION_0013/INDIVIDUAL_6CEGQJ3O/parameters.json
  stderr: 'The following paths are ignored by one of your .gitignore files:
POPULATIONS
hint: Use -f if you really want to add them.
hint: Turn this message off by running
hint: "git config advice.addIgnoredFile false"'
Unable to add /home/spi085/Documents/_Projects/SCCP-QuantModelling/POPULATIONS/POPULATION_0013/INDIVIDUAL_6CEGQJ3O/model.cpp: Cmd('git') failed due to: exit code(1)
  cmdline: git add /home/spi085/Documents/_Projects/SCCP-QuantModelling/POPULATIONS/POPULATION_0013/INDIVIDUAL_6CEGQJ3O/model.cpp
  stderr: 'The following paths are ignored by one of your .gitignore files:
POPULATIONS
hint: Use -f if you really want to add them.
hint: Turn this message off by running
hint: "git config advice.addIgnoredFile false"'
Unable to commit: Cmd('git') failed due to: exit code(1)
  cmdline: git commit -m feat: add INDIVIDUAL_6CEGQJ3O with model, parameters, and intention files --no-verify -- 
/home/spi085/Documents/_Projects/SCCP-QuantModelling/POPULATIONS/POPULATION_0013/INDIVIDUAL_6CEGQJ3O/intention.txt 
/home/spi085/Documents/_Projects/SCCP-QuantModelling/POPULATIONS/POPULATION_0013/INDIVIDUAL_6CEGQJ3O/parameters.json 
/home/spi085/Documents/_Projects/SCCP-QuantModelling/POPULATIONS/POPULATION_0013/INDIVIDUAL_6CEGQJ3O/model.cpp
  stderr: 'error: pathspec '/home/spi085/Documents/_Projects/SCCP-QuantModelling/POPULATIONS/POPULATION_0013/INDIVIDUAL_6CEGQJ3O/intention.txt' did not match any file(s) known to git
error: pathspec '/home/spi085/Documents/_Projects/SCCP-QuantModelling/POPULATIONS/POPULATION_0013/INDIVIDUAL_6CEGQJ3O/parameters.json' did not match any file(s) known to git
error: pathspec '/home/spi085/Documents/_Projects/SCCP-QuantModelling/POPULATIONS/POPULATION_0013/INDIVIDUAL_6CEGQJ3O/model.cpp' did not match any file(s) known to git'
The LLM did not conform to the edit format.
https://aider.chat/docs/troubleshooting/edit-errors.html

# 1 SEARCH/REPLACE block failed to match!

## SearchReplaceNoExactMatch: This SEARCH block failed to exactly match lines in POPULATIONS/POPULATION_0013/INDIVIDUAL_6CEGQJ3O/parameters.json
<<<<<<< SEARCH
        }
    ]
}=======
        },
        {
            "parameter": "log_Km_coral",
            "value": 2.0,
            "description": "Log half-saturation constant for COTS resource effect (arbitrary units)",
            "source": "ecological reasoning",
            "import_type": "PARAMETER",
            "priority": 2,
            "enhanced_semantic_description": "Half-saturation constant for COTS population response to coral resource availability (Michaelis-Menten type limitation)",
            "processed": false
        }
    ]
}
>>>>>>> REPLACE
```

POPULATIONS/POPULATION_0013/INDIVIDUAL_6CEGQJ3O/model.cpp
```cpp
<<<<<<< SEARCH
  PARAMETER(logit_phi_outbreak); // logit outbreak threshold (unitless, 0-1)
  PARAMETER(log_immig_scale); // log scale for larval immigration effect
=======
  PARAMETER(logit_phi_outbreak); // logit outbreak threshold (unitless, 0-1)
  PARAMETER(log_immig_scale); // log scale for larval immigration effect
  PARAMETER(log_Km_coral); // log half-saturation constant for COTS resource effect
>>>>>>> REPLACE

The SEARCH section must exactly match an existing block of lines including all white space, comments, indentation, docstrings, etc

# The other 3 SEARCH/REPLACE blocks were applied successfully.
Don't re-send them.
Just reply with fixed versions of the block above that failed to match.

POPULATIONS/POPULATION_0013/INDIVIDUAL_6CEGQJ3O/parameters.json                                                                                                                                                        

                                                                                                                                                                                                                       
 <<<<<<< SEARCH                                                                                                                                                                                                        
         }                                                                                                                                                                                                             
     ]                                                                                                                                                                                                                 
 }                                                                                                                                                                                                                     
 =======                                                                                                                                                                                                               
         },                                                                                                                                                                                                            
         {                                                                                                                                                                                                             
             "parameter": "log_Km_coral",                                                                                                                                                                              
             "value": 2.0,                                                                                                                                                                                             
             "description": "Log half-saturation constant for COTS resource effect (arbitrary units)",                                                                                                                 
             "source": "ecological reasoning",                                                                                                                                                                         
             "import_type": "PARAMETER",                                                                                                                                                                               
             "priority": 2,                                                                                                                                                                                            
             "enhanced_semantic_description": "Half-saturation constant for COTS population response to coral resource availability (Michaelis-Menten type limitation)",                                               
             "processed": false                                                                                                                                                                                        
         }                                                                                                                                                                                                             
     ]                                                                                                                                                                                                                 
 }                                                                                                                                                                                                                     
 >>>>>>> REPLACE                                                                                                                                                                                                       
                                                                                                                                                                                                                       

POPULATIONS/POPULATION_0013/INDIVIDUAL_6CEGQJ3O/model.cpp                                                                                                                                                              

                                                                                                                                                                                                                       
 <<<<<<< SEARCH                                                                                                                                                                                                        
   PARAMETER(logit_phi_outbreak); // logit outbreak threshold (unitless, 0-1)                                                                                                                                          
   PARAMETER(log_immig_scale); // log scale for larval immigration effect                                                                                                                                              
 =======                                                                                                                                                                                                               
   PARAMETER(logit_phi_outbreak); // logit outbreak threshold (unitless, 0-1)                                                                                                                                          
   PARAMETER(log_immig_scale); // log scale for larval immigration effect                                                                                                                                              
   PARAMETER(log_Km_coral); // log half-saturation constant for COTS resource effect                                                                                                                                   
 >>>>>>> REPLACE                                                                                                                                                                                                       
                                                                                                                                                                                                                       

Tokens: 10k sent, 295 received. Cost: $0.02 message, $0.05 session.
Committing POPULATIONS/POPULATION_0013/INDIVIDUAL_6CEGQJ3O/parameters.json before applying edits.
Committing POPULATIONS/POPULATION_0013/INDIVIDUAL_6CEGQJ3O/model.cpp before applying edits.
Unable to add /home/spi085/Documents/_Projects/SCCP-QuantModelling/POPULATIONS/POPULATION_0013/INDIVIDUAL_6CEGQJ3O/model.cpp: Cmd('git') failed due to: exit code(1)
  cmdline: git add /home/spi085/Documents/_Projects/SCCP-QuantModelling/POPULATIONS/POPULATION_0013/INDIVIDUAL_6CEGQJ3O/model.cpp
  stderr: 'The following paths are ignored by one of your .gitignore files:
POPULATIONS
hint: Use -f if you really want to add them.
hint: Turn this message off by running
hint: "git config advice.addIgnoredFile false"'
Unable to add /home/spi085/Documents/_Projects/SCCP-QuantModelling/POPULATIONS/POPULATION_0013/INDIVIDUAL_6CEGQJ3O/parameters.json: Cmd('git') failed due to: exit code(1)
  cmdline: git add /home/spi085/Documents/_Projects/SCCP-QuantModelling/POPULATIONS/POPULATION_0013/INDIVIDUAL_6CEGQJ3O/parameters.json
  stderr: 'The following paths are ignored by one of your .gitignore files:
POPULATIONS
hint: Use -f if you really want to add them.
hint: Turn this message off by running
hint: "git config advice.addIgnoredFile false"'
Unable to commit: Cmd('git') failed due to: exit code(1)
  cmdline: git commit -m feat: add model.cpp and parameters.json for INDIVIDUAL_6CEGQJ3O --no-verify -- /home/spi085/Documents/_Projects/SCCP-QuantModelling/POPULATIONS/POPULATION_0013/INDIVIDUAL_6CEGQJ3O/model.cpp 
/home/spi085/Documents/_Projects/SCCP-QuantModelling/POPULATIONS/POPULATION_0013/INDIVIDUAL_6CEGQJ3O/parameters.json
  stderr: 'error: pathspec '/home/spi085/Documents/_Projects/SCCP-QuantModelling/POPULATIONS/POPULATION_0013/INDIVIDUAL_6CEGQJ3O/model.cpp' did not match any file(s) known to git
error: pathspec '/home/spi085/Documents/_Projects/SCCP-QuantModelling/POPULATIONS/POPULATION_0013/INDIVIDUAL_6CEGQJ3O/parameters.json' did not match any file(s) known to git'
Applied edit to POPULATIONS/POPULATION_0013/INDIVIDUAL_6CEGQJ3O/model.cpp
Applied edit to POPULATIONS/POPULATION_0013/INDIVIDUAL_6CEGQJ3O/parameters.json
Improved existing model in individual: POPULATIONS/POPULATION_0013/INDIVIDUAL_6CEGQJ3O
Validating model for data leakage...
Opening file: POPULATIONS/POPULATION_0013/INDIVIDUAL_6CEGQJ3O/model.cpp
File read successfully
TMB convention check: {'uses_tmb_header': True, 'uses_data_macros': True, 'uses_vector_type': True, 'uses_standard_report': True, 'uses_objective_function': True, 'uses_std_vector': False, 'uses_string_report': False}
Extracting vectors...
Found data vectors: {'sst_dat', 'slow_dat', 'Year', 'cotsimm_dat', 'cots_dat', 'fast_dat'}
Found prediction vectors: {'fast_pred', 'cots_pred', 'slow_pred'}
Found reported vectors: {'fast_pred', 'cots_pred', 'slow_pred'}
Finding initial conditions...
Found 6 initial conditions
Finding time-stepping loop...
Found loop from line 76 to 119
Found response variables from Data/timeseries_data_COTS_response.csv: {'cots_dat', 'fast_dat', 'slow_dat'}
[93mRunning model for individual...[0m
[0mIndividual directory: POPULATIONS/POPULATION_0013/INDIVIDUAL_6CEGQJ3O[0m
[93mR script stdout:[0m
[0mg++ -std=gnu++17 -I"/usr/share/R/include" -DNDEBUG -I"/home/spi085/R/x86_64-pc-linux-gnu-library/4.4/TMB/include" -I"/home/spi085/R/x86_64-pc-linux-gnu-library/4.4/RcppEigen/include"   -DTMB_EIGEN_DISABLE_WARNINGS   -DTMB_LIB_INIT=R_init_model  -DCPPAD_FRAMEWORK      -fpic  -O2  -c POPULATIONS/POPULATION_0013/INDIVIDUAL_6CEGQJ3O/model.cpp -o POPULATIONS/POPULATION_0013/INDIVIDUAL_6CEGQJ3O/model.o
g++ -std=gnu++17 -shared -L/usr/lib/R/lib -Wl,-Bsymbolic-functions -flto=auto -ffat-lto-objects -Wl,-z,relro -o POPULATIONS/POPULATION_0013/INDIVIDUAL_6CEGQJ3O/model.so POPULATIONS/POPULATION_0013/INDIVIDUAL_6CEGQJ3O/model.o -L/usr/lib/R/lib -lR
Starting model phases
Number of phases: 4 
Phase 1 
Initial parameter values for phase 1 :
log_r_cots 
        NA 
Error in model phases: NA/NaN gradient evaluation[0m
[93mR script stderr:[0m
[0mLoading required package: TMB
Loading required package: jsonlite
here() starts at /home/spi085/Documents/_Projects/SCCP-QuantModelling
using C++ compiler: â€˜g++ (Ubuntu 13.3.0-6ubuntu2~24.04) 13.3.0â€™
Error in value[[3L]](cond) : 
  Error in model phases: NA/NaN gradient evaluation
Calls: tryCatch -> tryCatchList -> tryCatchOne -> <Anonymous>
In addition: Warning message:
In nlminb(model$par, model$fn, model$gr) : NA/NaN function evaluation
Execution halted[0m
[91mR script failed with return code 1[0m
MODEL RUN FINISHED
Error: Objective value is None
Initial run failed. Attempting to fix...
Fixing broken model iteration: 0
POPULATIONS/POPULATION_0013/INDIVIDUAL_6CEGQJ3O/model.cpp                                                                                                                                                              

                                                                                                                                                                                                                       
 <<<<<<< SEARCH                                                                                                                                                                                                        
   // --- INITIAL STATES ---                                                                                                                                                                                           
   Type cots_prev = cots_dat(0); // Initial COTS density (indiv/m2)                                                                                                                                                    
   Type fast_prev = fast_dat(0); // Initial fast coral cover (%)                                                                                                                                                       
   Type slow_prev = slow_dat(0); // Initial slow coral cover (%)                                                                                                                                                       
 =======                                                                                                                                                                                                               
   // --- INITIAL STATES ---                                                                                                                                                                                           
   Type cots_prev = CppAD::CondExpGt(cots_dat(0), Type(0), cots_dat(0), Type(1e-3)); // Initial COTS density (indiv/m2)                                                                                                
   Type fast_prev = CppAD::CondExpGt(fast_dat(0), Type(0), fast_dat(0), Type(1e-3)); // Initial fast coral cover (%)                                                                                                   
   Type slow_prev = CppAD::CondExpGt(slow_dat(0), Type(0), slow_dat(0), Type(1e-3)); // Initial slow coral cover (%)                                                                                                   
 >>>>>>> REPLACE                                                                                                                                                                                                       
                                                                                                                                                                                                                       

Tokens: 11k sent, 238 received. Cost: $0.02 message, $0.08 session.
Committing POPULATIONS/POPULATION_0013/INDIVIDUAL_6CEGQJ3O/model.cpp before applying edits.
Unable to add /home/spi085/Documents/_Projects/SCCP-QuantModelling/POPULATIONS/POPULATION_0013/INDIVIDUAL_6CEGQJ3O/model.cpp: Cmd('git') failed due to: exit code(1)
  cmdline: git add /home/spi085/Documents/_Projects/SCCP-QuantModelling/POPULATIONS/POPULATION_0013/INDIVIDUAL_6CEGQJ3O/model.cpp
  stderr: 'The following paths are ignored by one of your .gitignore files:
POPULATIONS
hint: Use -f if you really want to add them.
hint: Turn this message off by running
hint: "git config advice.addIgnoredFile false"'
Unable to commit: Cmd('git') failed due to: exit code(1)
  cmdline: git commit -m feat: add model.cpp for INDIVIDUAL_6CEGQJ3O in POPULATION_0013 --no-verify -- /home/spi085/Documents/_Projects/SCCP-QuantModelling/POPULATIONS/POPULATION_0013/INDIVIDUAL_6CEGQJ3O/model.cpp
  stderr: 'error: pathspec '/home/spi085/Documents/_Projects/SCCP-QuantModelling/POPULATIONS/POPULATION_0013/INDIVIDUAL_6CEGQJ3O/model.cpp' did not match any file(s) known to git'
Applied edit to POPULATIONS/POPULATION_0013/INDIVIDUAL_6CEGQJ3O/model.cpp
Validating fixed model for data leakage...
Opening file: POPULATIONS/POPULATION_0013/INDIVIDUAL_6CEGQJ3O/model.cpp
File read successfully
TMB convention check: {'uses_tmb_header': True, 'uses_data_macros': True, 'uses_vector_type': True, 'uses_standard_report': True, 'uses_objective_function': True, 'uses_std_vector': False, 'uses_string_report': False}
Extracting vectors...
Found data vectors: {'sst_dat', 'slow_dat', 'Year', 'cotsimm_dat', 'cots_dat', 'fast_dat'}
Found prediction vectors: {'fast_pred', 'cots_pred', 'slow_pred'}
Found reported vectors: {'fast_pred', 'cots_pred', 'slow_pred'}
Finding initial conditions...
Found 3 initial conditions
Finding time-stepping loop...
Found loop from line 76 to 119
Found response variables from Data/timeseries_data_COTS_response.csv: {'cots_dat', 'fast_dat', 'slow_dat'}
[93mRunning model for individual...[0m
[0mIndividual directory: POPULATIONS/POPULATION_0013/INDIVIDUAL_6CEGQJ3O[0m
[93mRemoved old compilation: model.o[0m
[93mR script stdout:[0m
[0mg++ -std=gnu++17 -I"/usr/share/R/include" -DNDEBUG -I"/home/spi085/R/x86_64-pc-linux-gnu-library/4.4/TMB/include" -I"/home/spi085/R/x86_64-pc-linux-gnu-library/4.4/RcppEigen/include"   -DTMB_EIGEN_DISABLE_WARNINGS   -DTMB_LIB_INIT=R_init_model  -DCPPAD_FRAMEWORK      -fpic  -O2  -c POPULATIONS/POPULATION_0013/INDIVIDUAL_6CEGQJ3O/model.cpp -o POPULATIONS/POPULATION_0013/INDIVIDUAL_6CEGQJ3O/model.o
g++ -std=gnu++17 -shared -L/usr/lib/R/lib -Wl,-Bsymbolic-functions -flto=auto -ffat-lto-objects -Wl,-z,relro -o POPULATIONS/POPULATION_0013/INDIVIDUAL_6CEGQJ3O/model.so POPULATIONS/POPULATION_0013/INDIVIDUAL_6CEGQJ3O/model.o -L/usr/lib/R/lib -lR
Starting model phases
Number of phases: 4 
Phase 1 
Initial parameter values for phase 1 :
log_r_cots 
        NA 
Error in model phases: NA/NaN gradient evaluation[0m
[93mR script stderr:[0m
[0mLoading required package: TMB
Loading required package: jsonlite
here() starts at /home/spi085/Documents/_Projects/SCCP-QuantModelling
using C++ compiler: â€˜g++ (Ubuntu 13.3.0-6ubuntu2~24.04) 13.3.0â€™
Error in value[[3L]](cond) : 
  Error in model phases: NA/NaN gradient evaluation
Calls: tryCatch -> tryCatchList -> tryCatchOne -> <Anonymous>
In addition: Warning message:
In nlminb(model$par, model$fn, model$gr) : NA/NaN function evaluation
Execution halted[0m
[91mR script failed with return code 1[0m
Fixing broken model iteration: 1
POPULATIONS/POPULATION_0013/INDIVIDUAL_6CEGQJ3O/model.cpp                                                                                                                                                              

                                                                                                                                                                                                                       
 <<<<<<< SEARCH                                                                                                                                                                                                        
   // --- INITIAL STATES ---                                                                                                                                                                                           
   Type cots_prev = CppAD::CondExpGt(cots_dat(0), Type(0), cots_dat(0), Type(1e-3)); // Initial COTS density (indiv/m2)                                                                                                
   Type fast_prev = CppAD::CondExpGt(fast_dat(0), Type(0), fast_dat(0), Type(1e-3)); // Initial fast coral cover (%)                                                                                                   
   Type slow_prev = CppAD::CondExpGt(slow_dat(0), Type(0), slow_dat(0), Type(1e-3)); // Initial slow coral cover (%)                                                                                                   
 =======                                                                                                                                                                                                               
   // --- INITIAL STATES ---                                                                                                                                                                                           
   Type cots_prev = CppAD::CondExpGt(CppAD::isnan(cots_dat(0)), Type(0),                                                                                                                                               
                         CppAD::CondExpGt(cots_dat(0), Type(0), cots_dat(0), Type(1e-3)), Type(1e-3)); // Initial COTS density (indiv/m2)                                                                              
   Type fast_prev = CppAD::CondExpGt(CppAD::isnan(fast_dat(0)), Type(0),                                                                                                                                               
                         CppAD::CondExpGt(fast_dat(0), Type(0), fast_dat(0), Type(1e-3)), Type(1e-3)); // Initial fast coral cover (%)                                                                                 
   Type slow_prev = CppAD::CondExpGt(CppAD::isnan(slow_dat(0)), Type(0),                                                                                                                                               
                         CppAD::CondExpGt(slow_dat(0), Type(0), slow_dat(0), Type(1e-3)), Type(1e-3)); // Initial slow coral cover (%)                                                                                 
 >>>>>>> REPLACE                                                                                                                                                                                                       
                                                                                                                                                                                                                       

Tokens: 12k sent, 409 received. Cost: $0.03 message, $0.10 session.
Committing POPULATIONS/POPULATION_0013/INDIVIDUAL_6CEGQJ3O/model.cpp before applying edits.
Unable to add /home/spi085/Documents/_Projects/SCCP-QuantModelling/POPULATIONS/POPULATION_0013/INDIVIDUAL_6CEGQJ3O/model.cpp: Cmd('git') failed due to: exit code(1)
  cmdline: git add /home/spi085/Documents/_Projects/SCCP-QuantModelling/POPULATIONS/POPULATION_0013/INDIVIDUAL_6CEGQJ3O/model.cpp
  stderr: 'The following paths are ignored by one of your .gitignore files:
POPULATIONS
hint: Use -f if you really want to add them.
hint: Turn this message off by running
hint: "git config advice.addIgnoredFile false"'
Unable to commit: Cmd('git') failed due to: exit code(1)
  cmdline: git commit -m feat: add model.cpp for INDIVIDUAL_6CEGQJ3O in POPULATION_0013 --no-verify -- /home/spi085/Documents/_Projects/SCCP-QuantModelling/POPULATIONS/POPULATION_0013/INDIVIDUAL_6CEGQJ3O/model.cpp
  stderr: 'error: pathspec '/home/spi085/Documents/_Projects/SCCP-QuantModelling/POPULATIONS/POPULATION_0013/INDIVIDUAL_6CEGQJ3O/model.cpp' did not match any file(s) known to git'
Applied edit to POPULATIONS/POPULATION_0013/INDIVIDUAL_6CEGQJ3O/model.cpp
Validating fixed model for data leakage...
Opening file: POPULATIONS/POPULATION_0013/INDIVIDUAL_6CEGQJ3O/model.cpp
File read successfully
TMB convention check: {'uses_tmb_header': True, 'uses_data_macros': True, 'uses_vector_type': True, 'uses_standard_report': True, 'uses_objective_function': True, 'uses_std_vector': False, 'uses_string_report': False}
Extracting vectors...
Found data vectors: {'sst_dat', 'slow_dat', 'Year', 'cotsimm_dat', 'cots_dat', 'fast_dat'}
Found prediction vectors: {'fast_pred', 'cots_pred', 'slow_pred'}
Found reported vectors: {'fast_pred', 'cots_pred', 'slow_pred'}
Finding initial conditions...
Found 3 initial conditions
Finding time-stepping loop...
Found loop from line 79 to 122
Found response variables from Data/timeseries_data_COTS_response.csv: {'cots_dat', 'fast_dat', 'slow_dat'}
[93mRunning model for individual...[0m
[0mIndividual directory: POPULATIONS/POPULATION_0013/INDIVIDUAL_6CEGQJ3O[0m
[93mRemoved old compilation: model.o[0m
[93mR script stdout:[0m
[0mg++ -std=gnu++17 -I"/usr/share/R/include" -DNDEBUG -I"/home/spi085/R/x86_64-pc-linux-gnu-library/4.4/TMB/include" -I"/home/spi085/R/x86_64-pc-linux-gnu-library/4.4/RcppEigen/include"   -DTMB_EIGEN_DISABLE_WARNINGS   -DTMB_LIB_INIT=R_init_model  -DCPPAD_FRAMEWORK      -fpic  -O2  -c POPULATIONS/POPULATION_0013/INDIVIDUAL_6CEGQJ3O/model.cpp -o POPULATIONS/POPULATION_0013/INDIVIDUAL_6CEGQJ3O/model.o[0m
[93mR script stderr:[0m
[0mLoading required package: TMB
Loading required package: jsonlite
here() starts at /home/spi085/Documents/_Projects/SCCP-QuantModelling
using C++ compiler: â€˜g++ (Ubuntu 13.3.0-6ubuntu2~24.04) 13.3.0â€™
POPULATIONS/POPULATION_0013/INDIVIDUAL_6CEGQJ3O/model.cpp: In instantiation of â€˜Type objective_function<Type>::operator()() [with Type = CppAD::AD<double>]â€™:
/home/spi085/R/x86_64-pc-linux-gnu-library/4.4/TMB/include/tmb_core.hpp:1312:6:   required from here
POPULATIONS/POPULATION_0013/INDIVIDUAL_6CEGQJ3O/model.cpp:63:36: error: no matching function for call to â€˜CondExpGt(bool, CppAD::AD<double>, CppAD::AD<double>, CppAD::AD<double>)â€™
   63 |   Type cots_prev = CppAD::CondExpGt(CppAD::isnan(cots_dat(0)), Type(0),
      |                    ~~~~~~~~~~~~~~~~^~~~~~~~~~~~~~~~~~~~~~~~~~~~~~~~~~~~
   64 |                         CppAD::CondExpGt(cots_dat(0), Type(0), cots_dat(0), Type(1e-3)), Type(1e-3)); // Initial COTS density (indiv/m2)
      |                         ~~~~~~~~~~~~~~~~~~~~~~~~~~~~~~~~~~~~~~~~~~~~~~~~~~~~~~~~~~~~~~~~~~~~~~~~~~~~
In file included from /home/spi085/R/x86_64-pc-linux-gnu-library/4.4/TMB/include/cppad/local/ad_valued.hpp:44,
                 from /home/spi085/R/x86_64-pc-linux-gnu-library/4.4/TMB/include/cppad/local/user_ad.hpp:70,
                 from /home/spi085/R/x86_64-pc-linux-gnu-library/4.4/TMB/include/cppad/cppad.hpp:82,
                 from /home/spi085/R/x86_64-pc-linux-gnu-library/4.4/TMB/include/TMB.hpp:125,
                 from POPULATIONS/POPULATION_0013/INDIVIDUAL_6CEGQJ3O/model.cpp:1:
/home/spi085/R/x86_64-pc-linux-gnu-library/4.4/TMB/include/cppad/local/cond_exp.hpp:330:18: note: candidate: â€˜template<class Base> CppAD::AD<Base> CppAD::CondExpGt(const AD<Base>&, const AD<Base>&, const AD<Base>&, const AD<Base>&)â€™
  330 |         AD<Base> CondExp##Name(                                         \
      |                  ^~~~~~~
/home/spi085/R/x86_64-pc-linux-gnu-library/4.4/TMB/include/cppad/local/cond_exp.hpp:345:1: note: in expansion of macro â€˜CPPAD_COND_EXPâ€™
  345 | CPPAD_COND_EXP(Gt)
      | ^~~~~~~~~~~~~~
/home/spi085/R/x86_64-pc-linux-gnu-library/4.4/TMB/include/cppad/local/cond_exp.hpp:330:18: note:   template argument deduction/substitution failed:
  330 |         AD<Base> CondExp##Name(                                         \
      |                  ^~~~~~~
/home/spi085/R/x86_64-pc-linux-gnu-library/4.4/TMB/include/cppad/local/cond_exp.hpp:345:1: note: in expansion of macro â€˜CPPAD_COND_EXPâ€™
  345 | CPPAD_COND_EXP(Gt)
      | ^~~~~~~~~~~~~~
POPULATIONS/POPULATION_0013/INDIVIDUAL_6CEGQJ3O/model.cpp:63:36: note:   mismatched types â€˜const CppAD::AD<Base>â€™ and â€˜boolâ€™
   63 |   Type cots_prev = CppAD::CondExpGt(CppAD::isnan(cots_dat(0)), Type(0),
      |                    ~~~~~~~~~~~~~~~~^~~~~~~~~~~~~~~~~~~~~~~~~~~~~~~~~~~~
   64 |                         CppAD::CondExpGt(cots_dat(0), Type(0), cots_dat(0), Type(1e-3)), Type(1e-3)); // Initial COTS density (indiv/m2)
      |                         ~~~~~~~~~~~~~~~~~~~~~~~~~~~~~~~~~~~~~~~~~~~~~~~~~~~~~~~~~~~~~~~~~~~~~~~~~~~~
In file included from /home/spi085/R/x86_64-pc-linux-gnu-library/4.4/TMB/include/cppad/base_require.hpp:151,
                 from /home/spi085/R/x86_64-pc-linux-gnu-library/4.4/TMB/include/cppad/cppad.hpp:22:
/home/spi085/R/x86_64-pc-linux-gnu-library/4.4/TMB/include/cppad/local/base_cond_exp.hpp:174:21: note: candidate: â€˜float CppAD::CondExpGt(const float&, const float&, const float&, const float&)â€™
  174 |         inline Type CondExp##Rel(                        \
      |                     ^~~~~~~
/home/spi085/R/x86_64-pc-linux-gnu-library/4.4/TMB/include/cppad/local/base_cond_exp.hpp:199:9: note: in expansion of macro â€˜CPPAD_COND_EXP_BASE_RELâ€™
  199 |         CPPAD_COND_EXP_BASE_REL(Type, Gt, CompareGt)
      |         ^~~~~~~~~~~~~~~~~~~~~~~
/home/spi085/R/x86_64-pc-linux-gnu-library/4.4/TMB/include/cppad/local/base_float.hpp:72:9: note: in expansion of macro â€˜CPPAD_COND_EXP_RELâ€™
   72 |         CPPAD_COND_EXP_REL(float)
      |         ^~~~~~~~~~~~~~~~~~
/home/spi085/R/x86_64-pc-linux-gnu-library/4.4/TMB/include/cppad/local/base_cond_exp.hpp:176:29: note:   no known conversion for argument 2 from â€˜CppAD::AD<double>â€™ to â€˜const float&â€™
  176 |                 const Type& right     ,                     \
      |                 ~~~~~~~~~~~~^~~~~
/home/spi085/R/x86_64-pc-linux-gnu-library/4.4/TMB/include/cppad/local/base_cond_exp.hpp:199:9: note: in expansion of macro â€˜CPPAD_COND_EXP_BASE_RELâ€™
  199 |         CPPAD_COND_EXP_BASE_REL(Type, Gt, CompareGt)
      |         ^~~~~~~~~~~~~~~~~~~~~~~
/home/spi085/R/x86_64-pc-linux-gnu-library/4.4/TMB/include/cppad/local/base_float.hpp:72:9: note: in expansion of macro â€˜CPPAD_COND_EXP_RELâ€™
   72 |         CPPAD_COND_EXP_REL(float)
      |         ^~~~~~~~~~~~~~~~~~
/home/spi085/R/x86_64-pc-linux-gnu-library/4.4/TMB/include/cppad/local/base_cond_exp.hpp:174:21: note: candidate: â€˜double CppAD::CondExpGt(const double&, const double&, const double&, const double&)â€™
  174 |         inline Type CondExp##Rel(                        \
      |                     ^~~~~~~
/home/spi085/R/x86_64-pc-linux-gnu-library/4.4/TMB/include/cppad/local/base_cond_exp.hpp:199:9: note: in expansion of macro â€˜CPPAD_COND_EXP_BASE_RELâ€™
  199 |         CPPAD_COND_EXP_BASE_REL(Type, Gt, CompareGt)
      |         ^~~~~~~~~~~~~~~~~~~~~~~
/home/spi085/R/x86_64-pc-linux-gnu-library/4.4/TMB/include/cppad/local/base_double.hpp:72:9: note: in expansion of macro â€˜CPPAD_COND_EXP_RELâ€™
   72 |         CPPAD_COND_EXP_REL(double)
      |         ^~~~~~~~~~~~~~~~~~
/home/spi085/R/x86_64-pc-linux-gnu-library/4.4/TMB/include/cppad/local/base_cond_exp.hpp:176:29: note:   no known conversion for argument 2 from â€˜CppAD::AD<double>â€™ to â€˜const double&â€™
  176 |                 const Type& right     ,                     \
      |                 ~~~~~~~~~~~~^~~~~
/home/spi085/R/x86_64-pc-linux-gnu-library/4.4/TMB/include/cppad/local/base_cond_exp.hpp:199:9: note: in expansion of macro â€˜CPPAD_COND_EXP_BASE_RELâ€™
  199 |         CPPAD_COND_EXP_BASE_REL(Type, Gt, CompareGt)
      |         ^~~~~~~~~~~~~~~~~~~~~~~
/home/spi085/R/x86_64-pc-linux-gnu-library/4.4/TMB/include/cppad/local/base_double.hpp:72:9: note: in expansion of macro â€˜CPPAD_COND_EXP_RELâ€™
   72 |         CPPAD_COND_EXP_REL(double)
      |         ^~~~~~~~~~~~~~~~~~
/home/spi085/R/x86_64-pc-linux-gnu-library/4.4/TMB/include/cppad/local/base_cond_exp.hpp:174:21: note: candidate: â€˜std::complex<double> CppAD::CondExpGt(const std::complex<double>&, const std::complex<double>&, const std::complex<double>&, const std::complex<double>&)â€™
  174 |         inline Type CondExp##Rel(                        \
      |                     ^~~~~~~
/home/spi085/R/x86_64-pc-linux-gnu-library/4.4/TMB/include/cppad/local/base_cond_exp.hpp:199:9: note: in expansion of macro â€˜CPPAD_COND_EXP_BASE_RELâ€™
  199 |         CPPAD_COND_EXP_BASE_REL(Type, Gt, CompareGt)
      |         ^~~~~~~~~~~~~~~~~~~~~~~
/home/spi085/R/x86_64-pc-linux-gnu-library/4.4/TMB/include/cppad/local/base_complex.hpp:105:9: note: in expansion of macro â€˜CPPAD_COND_EXP_RELâ€™
  105 |         CPPAD_COND_EXP_REL( std::complex<double> )
      |         ^~~~~~~~~~~~~~~~~~
/home/spi085/R/x86_64-pc-linux-gnu-library/4.4/TMB/include/cppad/local/base_cond_exp.hpp:176:29: note:   no known conversion for argument 2 from â€˜CppAD::AD<double>â€™ to â€˜const std::complex<double>&â€™
  176 |                 const Type& right     ,                     \
      |                 ~~~~~~~~~~~~^~~~~
/home/spi085/R/x86_64-pc-linux-gnu-library/4.4/TMB/include/cppad/local/base_cond_exp.hpp:199:9: note: in expansion of macro â€˜CPPAD_COND_EXP_BASE_RELâ€™
  199 |         CPPAD_COND_EXP_BASE_REL(Type, Gt, CompareGt)
      |         ^~~~~~~~~~~~~~~~~~~~~~~
/home/spi085/R/x86_64-pc-linux-gnu-library/4.4/TMB/include/cppad/local/base_complex.hpp:105:9: note: in expansion of macro â€˜CPPAD_COND_EXP_RELâ€™
  105 |         CPPAD_COND_EXP_REL( std::complex<double> )
      |         ^~~~~~~~~~~~~~~~~~
/home/spi085/R/x86_64-pc-linux-gnu-library/4.4/TMB/include/cppad/local/base_cond_exp.hpp:174:21: note: candidate: â€˜std::complex<float> CppAD::CondExpGt(const std::complex<float>&, const std::complex<float>&, const std::complex<float>&, const std::complex<float>&)â€™
  174 |         inline Type CondExp##Rel(                        \
      |                     ^~~~~~~
/home/spi085/R/x86_64-pc-linux-gnu-library/4.4/TMB/include/cppad/local/base_cond_exp.hpp:199:9: note: in expansion of macro â€˜CPPAD_COND_EXP_BASE_RELâ€™
  199 |         CPPAD_COND_EXP_BASE_REL(Type, Gt, CompareGt)
      |         ^~~~~~~~~~~~~~~~~~~~~~~
/home/spi085/R/x86_64-pc-linux-gnu-library/4.4/TMB/include/cppad/local/base_complex.hpp:331:9: note: in expansion of macro â€˜CPPAD_COND_EXP_RELâ€™
  331 |         CPPAD_COND_EXP_REL( std::complex<float> )
      |         ^~~~~~~~~~~~~~~~~~
/home/spi085/R/x86_64-pc-linux-gnu-library/4.4/TMB/include/cppad/local/base_cond_exp.hpp:176:29: note:   no known conversion for argument 2 from â€˜CppAD::AD<double>â€™ to â€˜const std::complex<float>&â€™
  176 |                 const Type& right     ,                     \
      |                 ~~~~~~~~~~~~^~~~~
/home/spi085/R/x86_64-pc-linux-gnu-library/4.4/TMB/include/cppad/local/base_cond_exp.hpp:199:9: note: in expansion of macro â€˜CPPAD_COND_EXP_BASE_RELâ€™
  199 |         CPPAD_COND_EXP_BASE_REL(Type, Gt, CompareGt)
      |         ^~~~~~~~~~~~~~~~~~~~~~~
/home/spi085/R/x86_64-pc-linux-gnu-library/4.4/TMB/include/cppad/local/base_complex.hpp:331:9: note: in expansion of macro â€˜CPPAD_COND_EXP_RELâ€™
  331 |         CPPAD_COND_EXP_REL( std::complex<float> )
      |         ^~~~~~~~~~~~~~~~~~
POPULATIONS/POPULATION_0013/INDIVIDUAL_6CEGQJ3O/model.cpp:65:36: error: no matching function for call to â€˜CondExpGt(bool, CppAD::AD<double>, CppAD::AD<double>, CppAD::AD<double>)â€™
   65 |   Type fast_prev = CppAD::CondExpGt(CppAD::isnan(fast_dat(0)), Type(0),
      |                    ~~~~~~~~~~~~~~~~^~~~~~~~~~~~~~~~~~~~~~~~~~~~~~~~~~~~
   66 |                         CppAD::CondExpGt(fast_dat(0), Type(0), fast_dat(0), Type(1e-3)), Type(1e-3)); // Initial fast coral cover (%)
      |                         ~~~~~~~~~~~~~~~~~~~~~~~~~~~~~~~~~~~~~~~~~~~~~~~~~~~~~~~~~~~~~~~~~~~~~~~~~~~~
/home/spi085/R/x86_64-pc-linux-gnu-library/4.4/TMB/include/cppad/local/cond_exp.hpp:330:18: note: candidate: â€˜template<class Base> CppAD::AD<Base> CppAD::CondExpGt(const AD<Base>&, const AD<Base>&, const AD<Base>&, const AD<Base>&)â€™
  330 |         AD<Base> CondExp##Name(                                         \
      |                  ^~~~~~~
/home/spi085/R/x86_64-pc-linux-gnu-library/4.4/TMB/include/cppad/local/cond_exp.hpp:345:1: note: in expansion of macro â€˜CPPAD_COND_EXPâ€™
  345 | CPPAD_COND_EXP(Gt)
      | ^~~~~~~~~~~~~~
/home/spi085/R/x86_64-pc-linux-gnu-library/4.4/TMB/include/cppad/local/cond_exp.hpp:330:18: note:   template argument deduction/substitution failed:
  330 |         AD<Base> CondExp##Name(                                         \
      |                  ^~~~~~~
/home/spi085/R/x86_64-pc-linux-gnu-library/4.4/TMB/include/cppad/local/cond_exp.hpp:345:1: note: in expansion of macro â€˜CPPAD_COND_EXPâ€™
  345 | CPPAD_COND_EXP(Gt)
      | ^~~~~~~~~~~~~~
POPULATIONS/POPULATION_0013/INDIVIDUAL_6CEGQJ3O/model.cpp:65:36: note:   mismatched types â€˜const CppAD::AD<Base>â€™ and â€˜boolâ€™
   65 |   Type fast_prev = CppAD::CondExpGt(CppAD::isnan(fast_dat(0)), Type(0),
      |                    ~~~~~~~~~~~~~~~~^~~~~~~~~~~~~~~~~~~~~~~~~~~~~~~~~~~~
   66 |                         CppAD::CondExpGt(fast_dat(0), Type(0), fast_dat(0), Type(1e-3)), Type(1e-3)); // Initial fast coral cover (%)
      |                         ~~~~~~~~~~~~~~~~~~~~~~~~~~~~~~~~~~~~~~~~~~~~~~~~~~~~~~~~~~~~~~~~~~~~~~~~~~~~
/home/spi085/R/x86_64-pc-linux-gnu-library/4.4/TMB/include/cppad/local/base_cond_exp.hpp:174:21: note: candidate: â€˜float CppAD::CondExpGt(const float&, const float&, const float&, const float&)â€™
  174 |         inline Type CondExp##Rel(                        \
      |                     ^~~~~~~
/home/spi085/R/x86_64-pc-linux-gnu-library/4.4/TMB/include/cppad/local/base_cond_exp.hpp:199:9: note: in expansion of macro â€˜CPPAD_COND_EXP_BASE_RELâ€™
  199 |         CPPAD_COND_EXP_BASE_REL(Type, Gt, CompareGt)
      |         ^~~~~~~~~~~~~~~~~~~~~~~
/home/spi085/R/x86_64-pc-linux-gnu-library/4.4/TMB/include/cppad/local/base_float.hpp:72:9: note: in expansion of macro â€˜CPPAD_COND_EXP_RELâ€™
   72 |         CPPAD_COND_EXP_REL(float)
      |         ^~~~~~~~~~~~~~~~~~
/home/spi085/R/x86_64-pc-linux-gnu-library/4.4/TMB/include/cppad/local/base_cond_exp.hpp:176:29: note:   no known conversion for argument 2 from â€˜CppAD::AD<double>â€™ to â€˜const float&â€™
  176 |                 const Type& right     ,                     \
      |                 ~~~~~~~~~~~~^~~~~
/home/spi085/R/x86_64-pc-linux-gnu-library/4.4/TMB/include/cppad/local/base_cond_exp.hpp:199:9: note: in expansion of macro â€˜CPPAD_COND_EXP_BASE_RELâ€™
  199 |         CPPAD_COND_EXP_BASE_REL(Type, Gt, CompareGt)
      |         ^~~~~~~~~~~~~~~~~~~~~~~
/home/spi085/R/x86_64-pc-linux-gnu-library/4.4/TMB/include/cppad/local/base_float.hpp:72:9: note: in expansion of macro â€˜CPPAD_COND_EXP_RELâ€™
   72 |         CPPAD_COND_EXP_REL(float)
      |         ^~~~~~~~~~~~~~~~~~
/home/spi085/R/x86_64-pc-linux-gnu-library/4.4/TMB/include/cppad/local/base_cond_exp.hpp:174:21: note: candidate: â€˜double CppAD::CondExpGt(const double&, const double&, const double&, const double&)â€™
  174 |         inline Type CondExp##Rel(                        \
      |                     ^~~~~~~
/home/spi085/R/x86_64-pc-linux-gnu-library/4.4/TMB/include/cppad/local/base_cond_exp.hpp:199:9: note: in expansion of macro â€˜CPPAD_COND_EXP_BASE_RELâ€™
  199 |         CPPAD_COND_EXP_BASE_REL(Type, Gt, CompareGt)
      |         ^~~~~~~~~~~~~~~~~~~~~~~
/home/spi085/R/x86_64-pc-linux-gnu-library/4.4/TMB/include/cppad/local/base_double.hpp:72:9: note: in expansion of macro â€˜CPPAD_COND_EXP_RELâ€™
   72 |         CPPAD_COND_EXP_REL(double)
      |         ^~~~~~~~~~~~~~~~~~
/home/spi085/R/x86_64-pc-linux-gnu-library/4.4/TMB/include/cppad/local/base_cond_exp.hpp:176:29: note:   no known conversion for argument 2 from â€˜CppAD::AD<double>â€™ to â€˜const double&â€™
  176 |                 const Type& right     ,                     \
      |                 ~~~~~~~~~~~~^~~~~
/home/spi085/R/x86_64-pc-linux-gnu-library/4.4/TMB/include/cppad/local/base_cond_exp.hpp:199:9: note: in expansion of macro â€˜CPPAD_COND_EXP_BASE_RELâ€™
  199 |         CPPAD_COND_EXP_BASE_REL(Type, Gt, CompareGt)
      |         ^~~~~~~~~~~~~~~~~~~~~~~
/home/spi085/R/x86_64-pc-linux-gnu-library/4.4/TMB/include/cppad/local/base_double.hpp:72:9: note: in expansion of macro â€˜CPPAD_COND_EXP_RELâ€™
   72 |         CPPAD_COND_EXP_REL(double)
      |         ^~~~~~~~~~~~~~~~~~
/home/spi085/R/x86_64-pc-linux-gnu-library/4.4/TMB/include/cppad/local/base_cond_exp.hpp:174:21: note: candidate: â€˜std::complex<double> CppAD::CondExpGt(const std::complex<double>&, const std::complex<double>&, const std::complex<double>&, const std::complex<double>&)â€™
  174 |         inline Type CondExp##Rel(                        \
      |                     ^~~~~~~
/home/spi085/R/x86_64-pc-linux-gnu-library/4.4/TMB/include/cppad/local/base_cond_exp.hpp:199:9: note: in expansion of macro â€˜CPPAD_COND_EXP_BASE_RELâ€™
  199 |         CPPAD_COND_EXP_BASE_REL(Type, Gt, CompareGt)
      |         ^~~~~~~~~~~~~~~~~~~~~~~
/home/spi085/R/x86_64-pc-linux-gnu-library/4.4/TMB/include/cppad/local/base_complex.hpp:105:9: note: in expansion of macro â€˜CPPAD_COND_EXP_RELâ€™
  105 |         CPPAD_COND_EXP_REL( std::complex<double> )
      |         ^~~~~~~~~~~~~~~~~~
/home/spi085/R/x86_64-pc-linux-gnu-library/4.4/TMB/include/cppad/local/base_cond_exp.hpp:176:29: note:   no known conversion for argument 2 from â€˜CppAD::AD<double>â€™ to â€˜const std::complex<double>&â€™
  176 |                 const Type& right     ,                     \
      |                 ~~~~~~~~~~~~^~~~~
/home/spi085/R/x86_64-pc-linux-gnu-library/4.4/TMB/include/cppad/local/base_cond_exp.hpp:199:9: note: in expansion of macro â€˜CPPAD_COND_EXP_BASE_RELâ€™
  199 |         CPPAD_COND_EXP_BASE_REL(Type, Gt, CompareGt)
      |         ^~~~~~~~~~~~~~~~~~~~~~~
/home/spi085/R/x86_64-pc-linux-gnu-library/4.4/TMB/include/cppad/local/base_complex.hpp:105:9: note: in expansion of macro â€˜CPPAD_COND_EXP_RELâ€™
  105 |         CPPAD_COND_EXP_REL( std::complex<double> )
      |         ^~~~~~~~~~~~~~~~~~
/home/spi085/R/x86_64-pc-linux-gnu-library/4.4/TMB/include/cppad/local/base_cond_exp.hpp:174:21: note: candidate: â€˜std::complex<float> CppAD::CondExpGt(const std::complex<float>&, const std::complex<float>&, const std::complex<float>&, const std::complex<float>&)â€™
  174 |         inline Type CondExp##Rel(                        \
      |                     ^~~~~~~
/home/spi085/R/x86_64-pc-linux-gnu-library/4.4/TMB/include/cppad/local/base_cond_exp.hpp:199:9: note: in expansion of macro â€˜CPPAD_COND_EXP_BASE_RELâ€™
  199 |         CPPAD_COND_EXP_BASE_REL(Type, Gt, CompareGt)
      |         ^~~~~~~~~~~~~~~~~~~~~~~
/home/spi085/R/x86_64-pc-linux-gnu-library/4.4/TMB/include/cppad/local/base_complex.hpp:331:9: note: in expansion of macro â€˜CPPAD_COND_EXP_RELâ€™
  331 |         CPPAD_COND_EXP_REL( std::complex<float> )
      |         ^~~~~~~~~~~~~~~~~~
/home/spi085/R/x86_64-pc-linux-gnu-library/4.4/TMB/include/cppad/local/base_cond_exp.hpp:176:29: note:   no known conversion for argument 2 from â€˜CppAD::AD<double>â€™ to â€˜const std::complex<float>&â€™
  176 |                 const Type& right     ,                     \
      |                 ~~~~~~~~~~~~^~~~~
/home/spi085/R/x86_64-pc-linux-gnu-library/4.4/TMB/include/cppad/local/base_cond_exp.hpp:199:9: note: in expansion of macro â€˜CPPAD_COND_EXP_BASE_RELâ€™
  199 |         CPPAD_COND_EXP_BASE_REL(Type, Gt, CompareGt)
      |         ^~~~~~~~~~~~~~~~~~~~~~~
/home/spi085/R/x86_64-pc-linux-gnu-library/4.4/TMB/include/cppad/local/base_complex.hpp:331:9: note: in expansion of macro â€˜CPPAD_COND_EXP_RELâ€™
  331 |         CPPAD_COND_EXP_REL( std::complex<float> )
      |         ^~~~~~~~~~~~~~~~~~
POPULATIONS/POPULATION_0013/INDIVIDUAL_6CEGQJ3O/model.cpp:67:36: error: no matching function for call to â€˜CondExpGt(bool, CppAD::AD<double>, CppAD::AD<double>, CppAD::AD<double>)â€™
   67 |   Type slow_prev = CppAD::CondExpGt(CppAD::isnan(slow_dat(0)), Type(0),
      |                    ~~~~~~~~~~~~~~~~^~~~~~~~~~~~~~~~~~~~~~~~~~~~~~~~~~~~
   68 |                         CppAD::CondExpGt(slow_dat(0), Type(0), slow_dat(0), Type(1e-3)), Type(1e-3)); // Initial slow coral cover (%)
      |                         ~~~~~~~~~~~~~~~~~~~~~~~~~~~~~~~~~~~~~~~~~~~~~~~~~~~~~~~~~~~~~~~~~~~~~~~~~~~~
/home/spi085/R/x86_64-pc-linux-gnu-library/4.4/TMB/include/cppad/local/cond_exp.hpp:330:18: note: candidate: â€˜template<class Base> CppAD::AD<Base> CppAD::CondExpGt(const AD<Base>&, const AD<Base>&, const AD<Base>&, const AD<Base>&)â€™
  330 |         AD<Base> CondExp##Name(                                         \
      |                  ^~~~~~~
/home/spi085/R/x86_64-pc-linux-gnu-library/4.4/TMB/include/cppad/local/cond_exp.hpp:345:1: note: in expansion of macro â€˜CPPAD_COND_EXPâ€™
  345 | CPPAD_COND_EXP(Gt)
      | ^~~~~~~~~~~~~~
/home/spi085/R/x86_64-pc-linux-gnu-library/4.4/TMB/include/cppad/local/cond_exp.hpp:330:18: note:   template argument deduction/substitution failed:
  330 |         AD<Base> CondExp##Name(                                         \
      |                  ^~~~~~~
/home/spi085/R/x86_64-pc-linux-gnu-library/4.4/TMB/include/cppad/local/cond_exp.hpp:345:1: note: in expansion of macro â€˜CPPAD_COND_EXPâ€™
  345 | CPPAD_COND_EXP(Gt)
      | ^~~~~~~~~~~~~~
POPULATIONS/POPULATION_0013/INDIVIDUAL_6CEGQJ3O/model.cpp:67:36: note:   mismatched types â€˜const CppAD::AD<Base>â€™ and â€˜boolâ€™
   67 |   Type slow_prev = CppAD::CondExpGt(CppAD::isnan(slow_dat(0)), Type(0),
      |                    ~~~~~~~~~~~~~~~~^~~~~~~~~~~~~~~~~~~~~~~~~~~~~~~~~~~~
   68 |                         CppAD::CondExpGt(slow_dat(0), Type(0), slow_dat(0), Type(1e-3)), Type(1e-3)); // Initial slow coral cover (%)
      |                         ~~~~~~~~~~~~~~~~~~~~~~~~~~~~~~~~~~~~~~~~~~~~~~~~~~~~~~~~~~~~~~~~~~~~~~~~~~~~
/home/spi085/R/x86_64-pc-linux-gnu-library/4.4/TMB/include/cppad/local/base_cond_exp.hpp:174:21: note: candidate: â€˜float CppAD::CondExpGt(const float&, const float&, const float&, const float&)â€™
  174 |         inline Type CondExp##Rel(                        \
      |                     ^~~~~~~
/home/spi085/R/x86_64-pc-linux-gnu-library/4.4/TMB/include/cppad/local/base_cond_exp.hpp:199:9: note: in expansion of macro â€˜CPPAD_COND_EXP_BASE_RELâ€™
  199 |         CPPAD_COND_EXP_BASE_REL(Type, Gt, CompareGt)
      |         ^~~~~~~~~~~~~~~~~~~~~~~
/home/spi085/R/x86_64-pc-linux-gnu-library/4.4/TMB/include/cppad/local/base_float.hpp:72:9: note: in expansion of macro â€˜CPPAD_COND_EXP_RELâ€™
   72 |         CPPAD_COND_EXP_REL(float)
      |         ^~~~~~~~~~~~~~~~~~
/home/spi085/R/x86_64-pc-linux-gnu-library/4.4/TMB/include/cppad/local/base_cond_exp.hpp:176:29: note:   no known conversion for argument 2 from â€˜CppAD::AD<double>â€™ to â€˜const float&â€™
  176 |                 const Type& right     ,                     \
      |                 ~~~~~~~~~~~~^~~~~
/home/spi085/R/x86_64-pc-linux-gnu-library/4.4/TMB/include/cppad/local/base_cond_exp.hpp:199:9: note: in expansion of macro â€˜CPPAD_COND_EXP_BASE_RELâ€™
  199 |         CPPAD_COND_EXP_BASE_REL(Type, Gt, CompareGt)
      |         ^~~~~~~~~~~~~~~~~~~~~~~
/home/spi085/R/x86_64-pc-linux-gnu-library/4.4/TMB/include/cppad/local/base_float.hpp:72:9: note: in expansion of macro â€˜CPPAD_COND_EXP_RELâ€™
   72 |         CPPAD_COND_EXP_REL(float)
      |         ^~~~~~~~~~~~~~~~~~
/home/spi085/R/x86_64-pc-linux-gnu-library/4.4/TMB/include/cppad/local/base_cond_exp.hpp:174:21: note: candidate: â€˜double CppAD::CondExpGt(const double&, const double&, const double&, const double&)â€™
  174 |         inline Type CondExp##Rel(                        \
      |                     ^~~~~~~
/home/spi085/R/x86_64-pc-linux-gnu-library/4.4/TMB/include/cppad/local/base_cond_exp.hpp:199:9: note: in expansion of macro â€˜CPPAD_COND_EXP_BASE_RELâ€™
  199 |         CPPAD_COND_EXP_BASE_REL(Type, Gt, CompareGt)
      |         ^~~~~~~~~~~~~~~~~~~~~~~
/home/spi085/R/x86_64-pc-linux-gnu-library/4.4/TMB/include/cppad/local/base_double.hpp:72:9: note: in expansion of macro â€˜CPPAD_COND_EXP_RELâ€™
   72 |         CPPAD_COND_EXP_REL(double)
      |         ^~~~~~~~~~~~~~~~~~
/home/spi085/R/x86_64-pc-linux-gnu-library/4.4/TMB/include/cppad/local/base_cond_exp.hpp:176:29: note:   no known conversion for argument 2 from â€˜CppAD::AD<double>â€™ to â€˜const double&â€™
  176 |                 const Type& right     ,                     \
      |                 ~~~~~~~~~~~~^~~~~
/home/spi085/R/x86_64-pc-linux-gnu-library/4.4/TMB/include/cppad/local/base_cond_exp.hpp:199:9: note: in expansion of macro â€˜CPPAD_COND_EXP_BASE_RELâ€™
  199 |         CPPAD_COND_EXP_BASE_REL(Type, Gt, CompareGt)
      |         ^~~~~~~~~~~~~~~~~~~~~~~
/home/spi085/R/x86_64-pc-linux-gnu-library/4.4/TMB/include/cppad/local/base_double.hpp:72:9: note: in expansion of macro â€˜CPPAD_COND_EXP_RELâ€™
   72 |         CPPAD_COND_EXP_REL(double)
      |         ^~~~~~~~~~~~~~~~~~
/home/spi085/R/x86_64-pc-linux-gnu-library/4.4/TMB/include/cppad/local/base_cond_exp.hpp:174:21: note: candidate: â€˜std::complex<double> CppAD::CondExpGt(const std::complex<double>&, const std::complex<double>&, const std::complex<double>&, const std::complex<double>&)â€™
  174 |         inline Type CondExp##Rel(                        \
      |                     ^~~~~~~
/home/spi085/R/x86_64-pc-linux-gnu-library/4.4/TMB/include/cppad/local/base_cond_exp.hpp:199:9: note: in expansion of macro â€˜CPPAD_COND_EXP_BASE_RELâ€™
  199 |         CPPAD_COND_EXP_BASE_REL(Type, Gt, CompareGt)
      |         ^~~~~~~~~~~~~~~~~~~~~~~
/home/spi085/R/x86_64-pc-linux-gnu-library/4.4/TMB/include/cppad/local/base_complex.hpp:105:9: note: in expansion of macro â€˜CPPAD_COND_EXP_RELâ€™
  105 |         CPPAD_COND_EXP_REL( std::complex<double> )
      |         ^~~~~~~~~~~~~~~~~~
/home/spi085/R/x86_64-pc-linux-gnu-library/4.4/TMB/include/cppad/local/base_cond_exp.hpp:176:29: note:   no known conversion for argument 2 from â€˜CppAD::AD<double>â€™ to â€˜const std::complex<double>&â€™
  176 |                 const Type& right     ,                     \
      |                 ~~~~~~~~~~~~^~~~~
/home/spi085/R/x86_64-pc-linux-gnu-library/4.4/TMB/include/cppad/local/base_cond_exp.hpp:199:9: note: in expansion of macro â€˜CPPAD_COND_EXP_BASE_RELâ€™
  199 |         CPPAD_COND_EXP_BASE_REL(Type, Gt, CompareGt)
      |         ^~~~~~~~~~~~~~~~~~~~~~~
/home/spi085/R/x86_64-pc-linux-gnu-library/4.4/TMB/include/cppad/local/base_complex.hpp:105:9: note: in expansion of macro â€˜CPPAD_COND_EXP_RELâ€™
  105 |         CPPAD_COND_EXP_REL( std::complex<double> )
      |         ^~~~~~~~~~~~~~~~~~
/home/spi085/R/x86_64-pc-linux-gnu-library/4.4/TMB/include/cppad/local/base_cond_exp.hpp:174:21: note: candidate: â€˜std::complex<float> CppAD::CondExpGt(const std::complex<float>&, const std::complex<float>&, const std::complex<float>&, const std::complex<float>&)â€™
  174 |         inline Type CondExp##Rel(                        \
      |                     ^~~~~~~
/home/spi085/R/x86_64-pc-linux-gnu-library/4.4/TMB/include/cppad/local/base_cond_exp.hpp:199:9: note: in expansion of macro â€˜CPPAD_COND_EXP_BASE_RELâ€™
  199 |         CPPAD_COND_EXP_BASE_REL(Type, Gt, CompareGt)
      |         ^~~~~~~~~~~~~~~~~~~~~~~
/home/spi085/R/x86_64-pc-linux-gnu-library/4.4/TMB/include/cppad/local/base_complex.hpp:331:9: note: in expansion of macro â€˜CPPAD_COND_EXP_RELâ€™
  331 |         CPPAD_COND_EXP_REL( std::complex<float> )
      |         ^~~~~~~~~~~~~~~~~~
/home/spi085/R/x86_64-pc-linux-gnu-library/4.4/TMB/include/cppad/local/base_cond_exp.hpp:176:29: note:   no known conversion for argument 2 from â€˜CppAD::AD<double>â€™ to â€˜const std::complex<float>&â€™
  176 |                 const Type& right     ,                     \
      |                 ~~~~~~~~~~~~^~~~~
/home/spi085/R/x86_64-pc-linux-gnu-library/4.4/TMB/include/cppad/local/base_cond_exp.hpp:199:9: note: in expansion of macro â€˜CPPAD_COND_EXP_BASE_RELâ€™
  199 |         CPPAD_COND_EXP_BASE_REL(Type, Gt, CompareGt)
      |         ^~~~~~~~~~~~~~~~~~~~~~~
/home/spi085/R/x86_64-pc-linux-gnu-library/4.4/TMB/include/cppad/local/base_complex.hpp:331:9: note: in expansion of macro â€˜CPPAD_COND_EXP_RELâ€™
  331 |         CPPAD_COND_EXP_REL( std::complex<float> )
      |         ^~~~~~~~~~~~~~~~~~
POPULATIONS/POPULATION_0013/INDIVIDUAL_6CEGQJ3O/model.cpp: In instantiation of â€˜Type objective_function<Type>::operator()() [with Type = CppAD::AD<CppAD::AD<double> >]â€™:
/home/spi085/R/x86_64-pc-linux-gnu-library/4.4/TMB/include/tmb_core.hpp:917:29:   required from â€˜Type objective_function<Type>::evalUserTemplate() [with Type = CppAD::AD<CppAD::AD<double> >]â€™
/home/spi085/R/x86_64-pc-linux-gnu-library/4.4/TMB/include/tmb_core.hpp:2116:26:   required from here
POPULATIONS/POPULATION_0013/INDIVIDUAL_6CEGQJ3O/model.cpp:63:36: error: no matching function for call to â€˜CondExpGt(bool, CppAD::AD<CppAD::AD<double> >, CppAD::AD<CppAD::AD<double> >, CppAD::AD<CppAD::AD<double> >)â€™
   63 |   Type cots_prev = CppAD::CondExpGt(CppAD::isnan(cots_dat(0)), Type(0),
      |                    ~~~~~~~~~~~~~~~~^~~~~~~~~~~~~~~~~~~~~~~~~~~~~~~~~~~~
   64 |                         CppAD::CondExpGt(cots_dat(0), Type(0), cots_dat(0), Type(1e-3)), Type(1e-3)); // Initial COTS density (indiv/m2)
      |                         ~~~~~~~~~~~~~~~~~~~~~~~~~~~~~~~~~~~~~~~~~~~~~~~~~~~~~~~~~~~~~~~~~~~~~~~~~~~~
/home/spi085/R/x86_64-pc-linux-gnu-library/4.4/TMB/include/cppad/local/cond_exp.hpp:330:18: note: candidate: â€˜template<class Base> CppAD::AD<Base> CppAD::CondExpGt(const AD<Base>&, const AD<Base>&, const AD<Base>&, const AD<Base>&)â€™
  330 |         AD<Base> CondExp##Name(                                         \
      |                  ^~~~~~~
/home/spi085/R/x86_64-pc-linux-gnu-library/4.4/TMB/include/cppad/local/cond_exp.hpp:345:1: note: in expansion of macro â€˜CPPAD_COND_EXPâ€™
  345 | CPPAD_COND_EXP(Gt)
      | ^~~~~~~~~~~~~~
/home/spi085/R/x86_64-pc-linux-gnu-library/4.4/TMB/include/cppad/local/cond_exp.hpp:330:18: note:   template argument deduction/substitution failed:
  330 |         AD<Base> CondExp##Name(                                         \
      |                  ^~~~~~~
/home/spi085/R/x86_64-pc-linux-gnu-library/4.4/TMB/include/cppad/local/cond_exp.hpp:345:1: note: in expansion of macro â€˜CPPAD_COND_EXPâ€™
  345 | CPPAD_COND_EXP(Gt)
      | ^~~~~~~~~~~~~~
POPULATIONS/POPULATION_0013/INDIVIDUAL_6CEGQJ3O/model.cpp:63:36: note:   mismatched types â€˜const CppAD::AD<Base>â€™ and â€˜boolâ€™
   63 |   Type cots_prev = CppAD::CondExpGt(CppAD::isnan(cots_dat(0)), Type(0),
      |                    ~~~~~~~~~~~~~~~~^~~~~~~~~~~~~~~~~~~~~~~~~~~~~~~~~~~~
   64 |                         CppAD::CondExpGt(cots_dat(0), Type(0), cots_dat(0), Type(1e-3)), Type(1e-3)); // Initial COTS density (indiv/m2)
      |                         ~~~~~~~~~~~~~~~~~~~~~~~~~~~~~~~~~~~~~~~~~~~~~~~~~~~~~~~~~~~~~~~~~~~~~~~~~~~~
/home/spi085/R/x86_64-pc-linux-gnu-library/4.4/TMB/include/cppad/local/base_cond_exp.hpp:174:21: note: candidate: â€˜float CppAD::CondExpGt(const float&, const float&, const float&, const float&)â€™
  174 |         inline Type CondExp##Rel(                        \
      |                     ^~~~~~~
/home/spi085/R/x86_64-pc-linux-gnu-library/4.4/TMB/include/cppad/local/base_cond_exp.hpp:199:9: note: in expansion of macro â€˜CPPAD_COND_EXP_BASE_RELâ€™
  199 |         CPPAD_COND_EXP_BASE_REL(Type, Gt, CompareGt)
      |         ^~~~~~~~~~~~~~~~~~~~~~~
/home/spi085/R/x86_64-pc-linux-gnu-library/4.4/TMB/include/cppad/local/base_float.hpp:72:9: note: in expansion of macro â€˜CPPAD_COND_EXP_RELâ€™
   72 |         CPPAD_COND_EXP_REL(float)
      |         ^~~~~~~~~~~~~~~~~~
/home/spi085/R/x86_64-pc-linux-gnu-library/4.4/TMB/include/cppad/local/base_cond_exp.hpp:176:29: note:   no known conversion for argument 2 from â€˜CppAD::AD<CppAD::AD<double> >â€™ to â€˜const float&â€™
  176 |                 const Type& right     ,                     \
      |                 ~~~~~~~~~~~~^~~~~
/home/spi085/R/x86_64-pc-linux-gnu-library/4.4/TMB/include/cppad/local/base_cond_exp.hpp:199:9: note: in expansion of macro â€˜CPPAD_COND_EXP_BASE_RELâ€™
  199 |         CPPAD_COND_EXP_BASE_REL(Type, Gt, CompareGt)
      |         ^~~~~~~~~~~~~~~~~~~~~~~
/home/spi085/R/x86_64-pc-linux-gnu-library/4.4/TMB/include/cppad/local/base_float.hpp:72:9: note: in expansion of macro â€˜CPPAD_COND_EXP_RELâ€™
   72 |         CPPAD_COND_EXP_REL(float)
      |         ^~~~~~~~~~~~~~~~~~
/home/spi085/R/x86_64-pc-linux-gnu-library/4.4/TMB/include/cppad/local/base_cond_exp.hpp:174:21: note: candidate: â€˜double CppAD::CondExpGt(const double&, const double&, const double&, const double&)â€™
  174 |         inline Type CondExp##Rel(                        \
      |                     ^~~~~~~
/home/spi085/R/x86_64-pc-linux-gnu-library/4.4/TMB/include/cppad/local/base_cond_exp.hpp:199:9: note: in expansion of macro â€˜CPPAD_COND_EXP_BASE_RELâ€™
  199 |         CPPAD_COND_EXP_BASE_REL(Type, Gt, CompareGt)
      |         ^~~~~~~~~~~~~~~~~~~~~~~
/home/spi085/R/x86_64-pc-linux-gnu-library/4.4/TMB/include/cppad/local/base_double.hpp:72:9: note: in expansion of macro â€˜CPPAD_COND_EXP_RELâ€™
   72 |         CPPAD_COND_EXP_REL(double)
      |         ^~~~~~~~~~~~~~~~~~
/home/spi085/R/x86_64-pc-linux-gnu-library/4.4/TMB/include/cppad/local/base_cond_exp.hpp:176:29: note:   no known conversion for argument 2 from â€˜CppAD::AD<CppAD::AD<double> >â€™ to â€˜const double&â€™
  176 |                 const Type& right     ,                     \
      |                 ~~~~~~~~~~~~^~~~~
/home/spi085/R/x86_64-pc-linux-gnu-library/4.4/TMB/include/cppad/local/base_cond_exp.hpp:199:9: note: in expansion of macro â€˜CPPAD_COND_EXP_BASE_RELâ€™
  199 |         CPPAD_COND_EXP_BASE_REL(Type, Gt, CompareGt)
      |         ^~~~~~~~~~~~~~~~~~~~~~~
/home/spi085/R/x86_64-pc-linux-gnu-library/4.4/TMB/include/cppad/local/base_double.hpp:72:9: note: in expansion of macro â€˜CPPAD_COND_EXP_RELâ€™
   72 |         CPPAD_COND_EXP_REL(double)
      |         ^~~~~~~~~~~~~~~~~~
/home/spi085/R/x86_64-pc-linux-gnu-library/4.4/TMB/include/cppad/local/base_cond_exp.hpp:174:21: note: candidate: â€˜std::complex<double> CppAD::CondExpGt(const std::complex<double>&, const std::complex<double>&, const std::complex<double>&, const std::complex<double>&)â€™
  174 |         inline Type CondExp##Rel(                        \
      |                     ^~~~~~~
/home/spi085/R/x86_64-pc-linux-gnu-library/4.4/TMB/include/cppad/local/base_cond_exp.hpp:199:9: note: in expansion of macro â€˜CPPAD_COND_EXP_BASE_RELâ€™
  199 |         CPPAD_COND_EXP_BASE_REL(Type, Gt, CompareGt)
      |         ^~~~~~~~~~~~~~~~~~~~~~~
/home/spi085/R/x86_64-pc-linux-gnu-library/4.4/TMB/include/cppad/local/base_complex.hpp:105:9: note: in expansion of macro â€˜CPPAD_COND_EXP_RELâ€™
  105 |         CPPAD_COND_EXP_REL( std::complex<double> )
      |         ^~~~~~~~~~~~~~~~~~
/home/spi085/R/x86_64-pc-linux-gnu-library/4.4/TMB/include/cppad/local/base_cond_exp.hpp:176:29: note:   no known conversion for argument 2 from â€˜CppAD::AD<CppAD::AD<double> >â€™ to â€˜const std::complex<double>&â€™
  176 |                 const Type& right     ,                     \
      |                 ~~~~~~~~~~~~^~~~~
/home/spi085/R/x86_64-pc-linux-gnu-library/4.4/TMB/include/cppad/local/base_cond_exp.hpp:199:9: note: in expansion of macro â€˜CPPAD_COND_EXP_BASE_RELâ€™
  199 |         CPPAD_COND_EXP_BASE_REL(Type, Gt, CompareGt)
      |         ^~~~~~~~~~~~~~~~~~~~~~~
/home/spi085/R/x86_64-pc-linux-gnu-library/4.4/TMB/include/cppad/local/base_complex.hpp:105:9: note: in expansion of macro â€˜CPPAD_COND_EXP_RELâ€™
  105 |         CPPAD_COND_EXP_REL( std::complex<double> )
      |         ^~~~~~~~~~~~~~~~~~
/home/spi085/R/x86_64-pc-linux-gnu-library/4.4/TMB/include/cppad/local/base_cond_exp.hpp:174:21: note: candidate: â€˜std::complex<float> CppAD::CondExpGt(const std::complex<float>&, const std::complex<float>&, const std::complex<float>&, const std::complex<float>&)â€™
  174 |         inline Type CondExp##Rel(                        \
      |                     ^~~~~~~
/home/spi085/R/x86_64-pc-linux-gnu-library/4.4/TMB/include/cppad/local/base_cond_exp.hpp:199:9: note: in expansion of macro â€˜CPPAD_COND_EXP_BASE_RELâ€™
  199 |         CPPAD_COND_EXP_BASE_REL(Type, Gt, CompareGt)
      |         ^~~~~~~~~~~~~~~~~~~~~~~
/home/spi085/R/x86_64-pc-linux-gnu-library/4.4/TMB/include/cppad/local/base_complex.hpp:331:9: note: in expansion of macro â€˜CPPAD_COND_EXP_RELâ€™
  331 |         CPPAD_COND_EXP_REL( std::complex<float> )
      |         ^~~~~~~~~~~~~~~~~~
/home/spi085/R/x86_64-pc-linux-gnu-library/4.4/TMB/include/cppad/local/base_cond_exp.hpp:176:29: note:   no known conversion for argument 2 from â€˜CppAD::AD<CppAD::AD<double> >â€™ to â€˜const std::complex<float>&â€™
  176 |                 const Type& right     ,                     \
      |                 ~~~~~~~~~~~~^~~~~
/home/spi085/R/x86_64-pc-linux-gnu-library/4.4/TMB/include/cppad/local/base_cond_exp.hpp:199:9: note: in expansion of macro â€˜CPPAD_COND_EXP_BASE_RELâ€™
  199 |         CPPAD_COND_EXP_BASE_REL(Type, Gt, CompareGt)
      |         ^~~~~~~~~~~~~~~~~~~~~~~
/home/spi085/R/x86_64-pc-linux-gnu-library/4.4/TMB/include/cppad/local/base_complex.hpp:331:9: note: in expansion of macro â€˜CPPAD_COND_EXP_RELâ€™
  331 |         CPPAD_COND_EXP_REL( std::complex<float> )
      |         ^~~~~~~~~~~~~~~~~~
POPULATIONS/POPULATION_0013/INDIVIDUAL_6CEGQJ3O/model.cpp:65:36: error: no matching function for call to â€˜CondExpGt(bool, CppAD::AD<CppAD::AD<double> >, CppAD::AD<CppAD::AD<double> >, CppAD::AD<CppAD::AD<double> >)â€™
   65 |   Type fast_prev = CppAD::CondExpGt(CppAD::isnan(fast_dat(0)), Type(0),
      |                    ~~~~~~~~~~~~~~~~^~~~~~~~~~~~~~~~~~~~~~~~~~~~~~~~~~~~
   66 |                         CppAD::CondExpGt(fast_dat(0), Type(0), fast_dat(0), Type(1e-3)), Type(1e-3)); // Initial fast coral cover (%)
      |                         ~~~~~~~~~~~~~~~~~~~~~~~~~~~~~~~~~~~~~~~~~~~~~~~~~~~~~~~~~~~~~~~~~~~~~~~~~~~~
/home/spi085/R/x86_64-pc-linux-gnu-library/4.4/TMB/include/cppad/local/cond_exp.hpp:330:18: note: candidate: â€˜template<class Base> CppAD::AD<Base> CppAD::CondExpGt(const AD<Base>&, const AD<Base>&, const AD<Base>&, const AD<Base>&)â€™
  330 |         AD<Base> CondExp##Name(                                         \
      |                  ^~~~~~~
/home/spi085/R/x86_64-pc-linux-gnu-library/4.4/TMB/include/cppad/local/cond_exp.hpp:345:1: note: in expansion of macro â€˜CPPAD_COND_EXPâ€™
  345 | CPPAD_COND_EXP(Gt)
      | ^~~~~~~~~~~~~~
/home/spi085/R/x86_64-pc-linux-gnu-library/4.4/TMB/include/cppad/local/cond_exp.hpp:330:18: note:   template argument deduction/substitution failed:
  330 |         AD<Base> CondExp##Name(                                         \
      |                  ^~~~~~~
/home/spi085/R/x86_64-pc-linux-gnu-library/4.4/TMB/include/cppad/local/cond_exp.hpp:345:1: note: in expansion of macro â€˜CPPAD_COND_EXPâ€™
  345 | CPPAD_COND_EXP(Gt)
      | ^~~~~~~~~~~~~~
POPULATIONS/POPULATION_0013/INDIVIDUAL_6CEGQJ3O/model.cpp:65:36: note:   mismatched types â€˜const CppAD::AD<Base>â€™ and â€˜boolâ€™
   65 |   Type fast_prev = CppAD::CondExpGt(CppAD::isnan(fast_dat(0)), Type(0),
      |                    ~~~~~~~~~~~~~~~~^~~~~~~~~~~~~~~~~~~~~~~~~~~~~~~~~~~~
   66 |                         CppAD::CondExpGt(fast_dat(0), Type(0), fast_dat(0), Type(1e-3)), Type(1e-3)); // Initial fast coral cover (%)
      |                         ~~~~~~~~~~~~~~~~~~~~~~~~~~~~~~~~~~~~~~~~~~~~~~~~~~~~~~~~~~~~~~~~~~~~~~~~~~~~
/home/spi085/R/x86_64-pc-linux-gnu-library/4.4/TMB/include/cppad/local/base_cond_exp.hpp:174:21: note: candidate: â€˜float CppAD::CondExpGt(const float&, const float&, const float&, const float&)â€™
  174 |         inline Type CondExp##Rel(                        \
      |                     ^~~~~~~
/home/spi085/R/x86_64-pc-linux-gnu-library/4.4/TMB/include/cppad/local/base_cond_exp.hpp:199:9: note: in expansion of macro â€˜CPPAD_COND_EXP_BASE_RELâ€™
  199 |         CPPAD_COND_EXP_BASE_REL(Type, Gt, CompareGt)
      |         ^~~~~~~~~~~~~~~~~~~~~~~
/home/spi085/R/x86_64-pc-linux-gnu-library/4.4/TMB/include/cppad/local/base_float.hpp:72:9: note: in expansion of macro â€˜CPPAD_COND_EXP_RELâ€™
   72 |         CPPAD_COND_EXP_REL(float)
      |         ^~~~~~~~~~~~~~~~~~
/home/spi085/R/x86_64-pc-linux-gnu-library/4.4/TMB/include/cppad/local/base_cond_exp.hpp:176:29: note:   no known conversion for argument 2 from â€˜CppAD::AD<CppAD::AD<double> >â€™ to â€˜const float&â€™
  176 |                 const Type& right     ,                     \
      |                 ~~~~~~~~~~~~^~~~~
/home/spi085/R/x86_64-pc-linux-gnu-library/4.4/TMB/include/cppad/local/base_cond_exp.hpp:199:9: note: in expansion of macro â€˜CPPAD_COND_EXP_BASE_RELâ€™
  199 |         CPPAD_COND_EXP_BASE_REL(Type, Gt, CompareGt)
      |         ^~~~~~~~~~~~~~~~~~~~~~~
/home/spi085/R/x86_64-pc-linux-gnu-library/4.4/TMB/include/cppad/local/base_float.hpp:72:9: note: in expansion of macro â€˜CPPAD_COND_EXP_RELâ€™
   72 |         CPPAD_COND_EXP_REL(float)
      |         ^~~~~~~~~~~~~~~~~~
/home/spi085/R/x86_64-pc-linux-gnu-library/4.4/TMB/include/cppad/local/base_cond_exp.hpp:174:21: note: candidate: â€˜double CppAD::CondExpGt(const double&, const double&, const double&, const double&)â€™
  174 |         inline Type CondExp##Rel(                        \
      |                     ^~~~~~~
/home/spi085/R/x86_64-pc-linux-gnu-library/4.4/TMB/include/cppad/local/base_cond_exp.hpp:199:9: note: in expansion of macro â€˜CPPAD_COND_EXP_BASE_RELâ€™
  199 |         CPPAD_COND_EXP_BASE_REL(Type, Gt, CompareGt)
      |         ^~~~~~~~~~~~~~~~~~~~~~~
/home/spi085/R/x86_64-pc-linux-gnu-library/4.4/TMB/include/cppad/local/base_double.hpp:72:9: note: in expansion of macro â€˜CPPAD_COND_EXP_RELâ€™
   72 |         CPPAD_COND_EXP_REL(double)
      |         ^~~~~~~~~~~~~~~~~~
/home/spi085/R/x86_64-pc-linux-gnu-library/4.4/TMB/include/cppad/local/base_cond_exp.hpp:176:29: note:   no known conversion for argument 2 from â€˜CppAD::AD<CppAD::AD<double> >â€™ to â€˜const double&â€™
  176 |                 const Type& right     ,                     \
      |                 ~~~~~~~~~~~~^~~~~
/home/spi085/R/x86_64-pc-linux-gnu-library/4.4/TMB/include/cppad/local/base_cond_exp.hpp:199:9: note: in expansion of macro â€˜CPPAD_COND_EXP_BASE_RELâ€™
  199 |         CPPAD_COND_EXP_BASE_REL(Type, Gt, CompareGt)
      |         ^~~~~~~~~~~~~~~~~~~~~~~
/home/spi085/R/x86_64-pc-linux-gnu-library/4.4/TMB/include/cppad/local/base_double.hpp:72:9: note: in expansion of macro â€˜CPPAD_COND_EXP_RELâ€™
   72 |         CPPAD_COND_EXP_REL(double)
      |         ^~~~~~~~~~~~~~~~~~
/home/spi085/R/x86_64-pc-linux-gnu-library/4.4/TMB/include/cppad/local/base_cond_exp.hpp:174:21: note: candidate: â€˜std::complex<double> CppAD::CondExpGt(const std::complex<double>&, const std::complex<double>&, const std::complex<double>&, const std::complex<double>&)â€™
  174 |         inline Type CondExp##Rel(                        \
      |                     ^~~~~~~
/home/spi085/R/x86_64-pc-linux-gnu-library/4.4/TMB/include/cppad/local/base_cond_exp.hpp:199:9: note: in expansion of macro â€˜CPPAD_COND_EXP_BASE_RELâ€™
  199 |         CPPAD_COND_EXP_BASE_REL(Type, Gt, CompareGt)
      |         ^~~~~~~~~~~~~~~~~~~~~~~
/home/spi085/R/x86_64-pc-linux-gnu-library/4.4/TMB/include/cppad/local/base_complex.hpp:105:9: note: in expansion of macro â€˜CPPAD_COND_EXP_RELâ€™
  105 |         CPPAD_COND_EXP_REL( std::complex<double> )
      |         ^~~~~~~~~~~~~~~~~~
/home/spi085/R/x86_64-pc-linux-gnu-library/4.4/TMB/include/cppad/local/base_cond_exp.hpp:176:29: note:   no known conversion for argument 2 from â€˜CppAD::AD<CppAD::AD<double> >â€™ to â€˜const std::complex<double>&â€™
  176 |                 const Type& right     ,                     \
      |                 ~~~~~~~~~~~~^~~~~
/home/spi085/R/x86_64-pc-linux-gnu-library/4.4/TMB/include/cppad/local/base_cond_exp.hpp:199:9: note: in expansion of macro â€˜CPPAD_COND_EXP_BASE_RELâ€™
  199 |         CPPAD_COND_EXP_BASE_REL(Type, Gt, CompareGt)
      |         ^~~~~~~~~~~~~~~~~~~~~~~
/home/spi085/R/x86_64-pc-linux-gnu-library/4.4/TMB/include/cppad/local/base_complex.hpp:105:9: note: in expansion of macro â€˜CPPAD_COND_EXP_RELâ€™
  105 |         CPPAD_COND_EXP_REL( std::complex<double> )
      |         ^~~~~~~~~~~~~~~~~~
/home/spi085/R/x86_64-pc-linux-gnu-library/4.4/TMB/include/cppad/local/base_cond_exp.hpp:174:21: note: candidate: â€˜std::complex<float> CppAD::CondExpGt(const std::complex<float>&, const std::complex<float>&, const std::complex<float>&, const std::complex<float>&)â€™
  174 |         inline Type CondExp##Rel(                        \
      |                     ^~~~~~~
/home/spi085/R/x86_64-pc-linux-gnu-library/4.4/TMB/include/cppad/local/base_cond_exp.hpp:199:9: note: in expansion of macro â€˜CPPAD_COND_EXP_BASE_RELâ€™
  199 |         CPPAD_COND_EXP_BASE_REL(Type, Gt, CompareGt)
      |         ^~~~~~~~~~~~~~~~~~~~~~~
/home/spi085/R/x86_64-pc-linux-gnu-library/4.4/TMB/include/cppad/local/base_complex.hpp:331:9: note: in expansion of macro â€˜CPPAD_COND_EXP_RELâ€™
  331 |         CPPAD_COND_EXP_REL( std::complex<float> )
      |         ^~~~~~~~~~~~~~~~~~
/home/spi085/R/x86_64-pc-linux-gnu-library/4.4/TMB/include/cppad/local/base_cond_exp.hpp:176:29: note:   no known conversion for argument 2 from â€˜CppAD::AD<CppAD::AD<double> >â€™ to â€˜const std::complex<float>&â€™
  176 |                 const Type& right     ,                     \
      |                 ~~~~~~~~~~~~^~~~~
/home/spi085/R/x86_64-pc-linux-gnu-library/4.4/TMB/include/cppad/local/base_cond_exp.hpp:199:9: note: in expansion of macro â€˜CPPAD_COND_EXP_BASE_RELâ€™
  199 |         CPPAD_COND_EXP_BASE_REL(Type, Gt, CompareGt)
      |         ^~~~~~~~~~~~~~~~~~~~~~~
/home/spi085/R/x86_64-pc-linux-gnu-library/4.4/TMB/include/cppad/local/base_complex.hpp:331:9: note: in expansion of macro â€˜CPPAD_COND_EXP_RELâ€™
  331 |         CPPAD_COND_EXP_REL( std::complex<float> )
      |         ^~~~~~~~~~~~~~~~~~
POPULATIONS/POPULATION_0013/INDIVIDUAL_6CEGQJ3O/model.cpp:67:36: error: no matching function for call to â€˜CondExpGt(bool, CppAD::AD<CppAD::AD<double> >, CppAD::AD<CppAD::AD<double> >, CppAD::AD<CppAD::AD<double> >)â€™
   67 |   Type slow_prev = CppAD::CondExpGt(CppAD::isnan(slow_dat(0)), Type(0),
      |                    ~~~~~~~~~~~~~~~~^~~~~~~~~~~~~~~~~~~~~~~~~~~~~~~~~~~~
   68 |                         CppAD::CondExpGt(slow_dat(0), Type(0), slow_dat(0), Type(1e-3)), Type(1e-3)); // Initial slow coral cover (%)
      |                         ~~~~~~~~~~~~~~~~~~~~~~~~~~~~~~~~~~~~~~~~~~~~~~~~~~~~~~~~~~~~~~~~~~~~~~~~~~~~
/home/spi085/R/x86_64-pc-linux-gnu-library/4.4/TMB/include/cppad/local/cond_exp.hpp:330:18: note: candidate: â€˜template<class Base> CppAD::AD<Base> CppAD::CondExpGt(const AD<Base>&, const AD<Base>&, const AD<Base>&, const AD<Base>&)â€™
  330 |         AD<Base> CondExp##Name(                                         \
      |                  ^~~~~~~
/home/spi085/R/x86_64-pc-linux-gnu-library/4.4/TMB/include/cppad/local/cond_exp.hpp:345:1: note: in expansion of macro â€˜CPPAD_COND_EXPâ€™
  345 | CPPAD_COND_EXP(Gt)
      | ^~~~~~~~~~~~~~
/home/spi085/R/x86_64-pc-linux-gnu-library/4.4/TMB/include/cppad/local/cond_exp.hpp:330:18: note:   template argument deduction/substitution failed:
  330 |         AD<Base> CondExp##Name(                                         \
      |                  ^~~~~~~
/home/spi085/R/x86_64-pc-linux-gnu-library/4.4/TMB/include/cppad/local/cond_exp.hpp:345:1: note: in expansion of macro â€˜CPPAD_COND_EXPâ€™
  345 | CPPAD_COND_EXP(Gt)
      | ^~~~~~~~~~~~~~
POPULATIONS/POPULATION_0013/INDIVIDUAL_6CEGQJ3O/model.cpp:67:36: note:   mismatched types â€˜const CppAD::AD<Base>â€™ and â€˜boolâ€™
   67 |   Type slow_prev = CppAD::CondExpGt(CppAD::isnan(slow_dat(0)), Type(0),
      |                    ~~~~~~~~~~~~~~~~^~~~~~~~~~~~~~~~~~~~~~~~~~~~~~~~~~~~
   68 |                         CppAD::CondExpGt(slow_dat(0), Type(0), slow_dat(0), Type(1e-3)), Type(1e-3)); // Initial slow coral cover (%)
      |                         ~~~~~~~~~~~~~~~~~~~~~~~~~~~~~~~~~~~~~~~~~~~~~~~~~~~~~~~~~~~~~~~~~~~~~~~~~~~~
/home/spi085/R/x86_64-pc-linux-gnu-library/4.4/TMB/include/cppad/local/base_cond_exp.hpp:174:21: note: candidate: â€˜float CppAD::CondExpGt(const float&, const float&, const float&, const float&)â€™
  174 |         inline Type CondExp##Rel(                        \
      |                     ^~~~~~~
/home/spi085/R/x86_64-pc-linux-gnu-library/4.4/TMB/include/cppad/local/base_cond_exp.hpp:199:9: note: in expansion of macro â€˜CPPAD_COND_EXP_BASE_RELâ€™
  199 |         CPPAD_COND_EXP_BASE_REL(Type, Gt, CompareGt)
      |         ^~~~~~~~~~~~~~~~~~~~~~~
/home/spi085/R/x86_64-pc-linux-gnu-library/4.4/TMB/include/cppad/local/base_float.hpp:72:9: note: in expansion of macro â€˜CPPAD_COND_EXP_RELâ€™
   72 |         CPPAD_COND_EXP_REL(float)
      |         ^~~~~~~~~~~~~~~~~~
/home/spi085/R/x86_64-pc-linux-gnu-library/4.4/TMB/include/cppad/local/base_cond_exp.hpp:176:29: note:   no known conversion for argument 2 from â€˜CppAD::AD<CppAD::AD<double> >â€™ to â€˜const float&â€™
  176 |                 const Type& right     ,                     \
      |                 ~~~~~~~~~~~~^~~~~
/home/spi085/R/x86_64-pc-linux-gnu-library/4.4/TMB/include/cppad/local/base_cond_exp.hpp:199:9: note: in expansion of macro â€˜CPPAD_COND_EXP_BASE_RELâ€™
  199 |         CPPAD_COND_EXP_BASE_REL(Type, Gt, CompareGt)
      |         ^~~~~~~~~~~~~~~~~~~~~~~
/home/spi085/R/x86_64-pc-linux-gnu-library/4.4/TMB/include/cppad/local/base_float.hpp:72:9: note: in expansion of macro â€˜CPPAD_COND_EXP_RELâ€™
   72 |         CPPAD_COND_EXP_REL(float)
      |         ^~~~~~~~~~~~~~~~~~
/home/spi085/R/x86_64-pc-linux-gnu-library/4.4/TMB/include/cppad/local/base_cond_exp.hpp:174:21: note: candidate: â€˜double CppAD::CondExpGt(const double&, const double&, const double&, const double&)â€™
  174 |         inline Type CondExp##Rel(                        \
      |                     ^~~~~~~
/home/spi085/R/x86_64-pc-linux-gnu-library/4.4/TMB/include/cppad/local/base_cond_exp.hpp:199:9: note: in expansion of macro â€˜CPPAD_COND_EXP_BASE_RELâ€™
  199 |         CPPAD_COND_EXP_BASE_REL(Type, Gt, CompareGt)
      |         ^~~~~~~~~~~~~~~~~~~~~~~
/home/spi085/R/x86_64-pc-linux-gnu-library/4.4/TMB/include/cppad/local/base_double.hpp:72:9: note: in expansion of macro â€˜CPPAD_COND_EXP_RELâ€™
   72 |         CPPAD_COND_EXP_REL(double)
      |         ^~~~~~~~~~~~~~~~~~
/home/spi085/R/x86_64-pc-linux-gnu-library/4.4/TMB/include/cppad/local/base_cond_exp.hpp:176:29: note:   no known conversion for argument 2 from â€˜CppAD::AD<CppAD::AD<double> >â€™ to â€˜const double&â€™
  176 |                 const Type& right     ,                     \
      |                 ~~~~~~~~~~~~^~~~~
/home/spi085/R/x86_64-pc-linux-gnu-library/4.4/TMB/include/cppad/local/base_cond_exp.hpp:199:9: note: in expansion of macro â€˜CPPAD_COND_EXP_BASE_RELâ€™
  199 |         CPPAD_COND_EXP_BASE_REL(Type, Gt, CompareGt)
      |         ^~~~~~~~~~~~~~~~~~~~~~~
/home/spi085/R/x86_64-pc-linux-gnu-library/4.4/TMB/include/cppad/local/base_double.hpp:72:9: note: in expansion of macro â€˜CPPAD_COND_EXP_RELâ€™
   72 |         CPPAD_COND_EXP_REL(double)
      |         ^~~~~~~~~~~~~~~~~~
/home/spi085/R/x86_64-pc-linux-gnu-library/4.4/TMB/include/cppad/local/base_cond_exp.hpp:174:21: note: candidate: â€˜std::complex<double> CppAD::CondExpGt(const std::complex<double>&, const std::complex<double>&, const std::complex<double>&, const std::complex<double>&)â€™
  174 |         inline Type CondExp##Rel(                        \
      |                     ^~~~~~~
/home/spi085/R/x86_64-pc-linux-gnu-library/4.4/TMB/include/cppad/local/base_cond_exp.hpp:199:9: note: in expansion of macro â€˜CPPAD_COND_EXP_BASE_RELâ€™
  199 |         CPPAD_COND_EXP_BASE_REL(Type, Gt, CompareGt)
      |         ^~~~~~~~~~~~~~~~~~~~~~~
/home/spi085/R/x86_64-pc-linux-gnu-library/4.4/TMB/include/cppad/local/base_complex.hpp:105:9: note: in expansion of macro â€˜CPPAD_COND_EXP_RELâ€™
  105 |         CPPAD_COND_EXP_REL( std::complex<double> )
      |         ^~~~~~~~~~~~~~~~~~
/home/spi085/R/x86_64-pc-linux-gnu-library/4.4/TMB/include/cppad/local/base_cond_exp.hpp:176:29: note:   no known conversion for argument 2 from â€˜CppAD::AD<CppAD::AD<double> >â€™ to â€˜const std::complex<double>&â€™
  176 |                 const Type& right     ,                     \
      |                 ~~~~~~~~~~~~^~~~~
/home/spi085/R/x86_64-pc-linux-gnu-library/4.4/TMB/include/cppad/local/base_cond_exp.hpp:199:9: note: in expansion of macro â€˜CPPAD_COND_EXP_BASE_RELâ€™
  199 |         CPPAD_COND_EXP_BASE_REL(Type, Gt, CompareGt)
      |         ^~~~~~~~~~~~~~~~~~~~~~~
/home/spi085/R/x86_64-pc-linux-gnu-library/4.4/TMB/include/cppad/local/base_complex.hpp:105:9: note: in expansion of macro â€˜CPPAD_COND_EXP_RELâ€™
  105 |         CPPAD_COND_EXP_REL( std::complex<double> )
      |         ^~~~~~~~~~~~~~~~~~
/home/spi085/R/x86_64-pc-linux-gnu-library/4.4/TMB/include/cppad/local/base_cond_exp.hpp:174:21: note: candidate: â€˜std::complex<float> CppAD::CondExpGt(const std::complex<float>&, const std::complex<float>&, const std::complex<float>&, const std::complex<float>&)â€™
  174 |         inline Type CondExp##Rel(                        \
      |                     ^~~~~~~
/home/spi085/R/x86_64-pc-linux-gnu-library/4.4/TMB/include/cppad/local/base_cond_exp.hpp:199:9: note: in expansion of macro â€˜CPPAD_COND_EXP_BASE_RELâ€™
  199 |         CPPAD_COND_EXP_BASE_REL(Type, Gt, CompareGt)
      |         ^~~~~~~~~~~~~~~~~~~~~~~
/home/spi085/R/x86_64-pc-linux-gnu-library/4.4/TMB/include/cppad/local/base_complex.hpp:331:9: note: in expansion of macro â€˜CPPAD_COND_EXP_RELâ€™
  331 |         CPPAD_COND_EXP_REL( std::complex<float> )
      |         ^~~~~~~~~~~~~~~~~~
/home/spi085/R/x86_64-pc-linux-gnu-library/4.4/TMB/include/cppad/local/base_cond_exp.hpp:176:29: note:   no known conversion for argument 2 from â€˜CppAD::AD<CppAD::AD<double> >â€™ to â€˜const std::complex<float>&â€™
  176 |                 const Type& right     ,                     \
      |                 ~~~~~~~~~~~~^~~~~
/home/spi085/R/x86_64-pc-linux-gnu-library/4.4/TMB/include/cppad/local/base_cond_exp.hpp:199:9: note: in expansion of macro â€˜CPPAD_COND_EXP_BASE_RELâ€™
  199 |         CPPAD_COND_EXP_BASE_REL(Type, Gt, CompareGt)
      |         ^~~~~~~~~~~~~~~~~~~~~~~
/home/spi085/R/x86_64-pc-linux-gnu-library/4.4/TMB/include/cppad/local/base_complex.hpp:331:9: note: in expansion of macro â€˜CPPAD_COND_EXP_RELâ€™
  331 |         CPPAD_COND_EXP_REL( std::complex<float> )
      |         ^~~~~~~~~~~~~~~~~~
POPULATIONS/POPULATION_0013/INDIVIDUAL_6CEGQJ3O/model.cpp: In instantiation of â€˜Type objective_function<Type>::operator()() [with Type = CppAD::AD<CppAD::AD<CppAD::AD<double> > >]â€™:
/home/spi085/R/x86_64-pc-linux-gnu-library/4.4/TMB/include/tmb_core.hpp:917:29:   required from â€˜Type objective_function<Type>::evalUserTemplate() [with Type = CppAD::AD<CppAD::AD<CppAD::AD<double> > >]â€™
/home/spi085/R/x86_64-pc-linux-gnu-library/4.4/TMB/include/tmb_core.hpp:2365:28:   required from here
POPULATIONS/POPULATION_0013/INDIVIDUAL_6CEGQJ3O/model.cpp:63:36: error: no matching function for call to â€˜CondExpGt(bool, CppAD::AD<CppAD::AD<CppAD::AD<double> > >, CppAD::AD<CppAD::AD<CppAD::AD<double> > >, CppAD::AD<CppAD::AD<CppAD::AD<double> > >)â€™
   63 |   Type cots_prev = CppAD::CondExpGt(CppAD::isnan(cots_dat(0)), Type(0),
      |                    ~~~~~~~~~~~~~~~~^~~~~~~~~~~~~~~~~~~~~~~~~~~~~~~~~~~~
   64 |                         CppAD::CondExpGt(cots_dat(0), Type(0), cots_dat(0), Type(1e-3)), Type(1e-3)); // Initial COTS density (indiv/m2)
      |                         ~~~~~~~~~~~~~~~~~~~~~~~~~~~~~~~~~~~~~~~~~~~~~~~~~~~~~~~~~~~~~~~~~~~~~~~~~~~~
/home/spi085/R/x86_64-pc-linux-gnu-library/4.4/TMB/include/cppad/local/cond_exp.hpp:330:18: note: candidate: â€˜template<class Base> CppAD::AD<Base> CppAD::CondExpGt(const AD<Base>&, const AD<Base>&, const AD<Base>&, const AD<Base>&)â€™
  330 |         AD<Base> CondExp##Name(                                         \
      |                  ^~~~~~~
/home/spi085/R/x86_64-pc-linux-gnu-library/4.4/TMB/include/cppad/local/cond_exp.hpp:345:1: note: in expansion of macro â€˜CPPAD_COND_EXPâ€™
  345 | CPPAD_COND_EXP(Gt)
      | ^~~~~~~~~~~~~~
/home/spi085/R/x86_64-pc-linux-gnu-library/4.4/TMB/include/cppad/local/cond_exp.hpp:330:18: note:   template argument deduction/substitution failed:
  330 |         AD<Base> CondExp##Name(                                         \
      |                  ^~~~~~~
/home/spi085/R/x86_64-pc-linux-gnu-library/4.4/TMB/include/cppad/local/cond_exp.hpp:345:1: note: in expansion of macro â€˜CPPAD_COND_EXPâ€™
  345 | CPPAD_COND_EXP(Gt)
      | ^~~~~~~~~~~~~~
POPULATIONS/POPULATION_0013/INDIVIDUAL_6CEGQJ3O/model.cpp:63:36: note:   mismatched types â€˜const CppAD::AD<Base>â€™ and â€˜boolâ€™
   63 |   Type cots_prev = CppAD::CondExpGt(CppAD::isnan(cots_dat(0)), Type(0),
      |                    ~~~~~~~~~~~~~~~~^~~~~~~~~~~~~~~~~~~~~~~~~~~~~~~~~~~~
   64 |                         CppAD::CondExpGt(cots_dat(0), Type(0), cots_dat(0), Type(1e-3)), Type(1e-3)); // Initial COTS density (indiv/m2)
      |                         ~~~~~~~~~~~~~~~~~~~~~~~~~~~~~~~~~~~~~~~~~~~~~~~~~~~~~~~~~~~~~~~~~~~~~~~~~~~~
/home/spi085/R/x86_64-pc-linux-gnu-library/4.4/TMB/include/cppad/local/base_cond_exp.hpp:174:21: note: candidate: â€˜float CppAD::CondExpGt(const float&, const float&, const float&, const float&)â€™
  174 |         inline Type CondExp##Rel(                        \
      |                     ^~~~~~~
/home/spi085/R/x86_64-pc-linux-gnu-library/4.4/TMB/include/cppad/local/base_cond_exp.hpp:199:9: note: in expansion of macro â€˜CPPAD_COND_EXP_BASE_RELâ€™
  199 |         CPPAD_COND_EXP_BASE_REL(Type, Gt, CompareGt)
      |         ^~~~~~~~~~~~~~~~~~~~~~~
/home/spi085/R/x86_64-pc-linux-gnu-library/4.4/TMB/include/cppad/local/base_float.hpp:72:9: note: in expansion of macro â€˜CPPAD_COND_EXP_RELâ€™
   72 |         CPPAD_COND_EXP_REL(float)
      |         ^~~~~~~~~~~~~~~~~~
/home/spi085/R/x86_64-pc-linux-gnu-library/4.4/TMB/include/cppad/local/base_cond_exp.hpp:176:29: note:   no known conversion for argument 2 from â€˜CppAD::AD<CppAD::AD<CppAD::AD<double> > >â€™ to â€˜const float&â€™
  176 |                 const Type& right     ,                     \
      |                 ~~~~~~~~~~~~^~~~~
/home/spi085/R/x86_64-pc-linux-gnu-library/4.4/TMB/include/cppad/local/base_cond_exp.hpp:199:9: note: in expansion of macro â€˜CPPAD_COND_EXP_BASE_RELâ€™
  199 |         CPPAD_COND_EXP_BASE_REL(Type, Gt, CompareGt)
      |         ^~~~~~~~~~~~~~~~~~~~~~~
/home/spi085/R/x86_64-pc-linux-gnu-library/4.4/TMB/include/cppad/local/base_float.hpp:72:9: note: in expansion of macro â€˜CPPAD_COND_EXP_RELâ€™
   72 |         CPPAD_COND_EXP_REL(float)
      |         ^~~~~~~~~~~~~~~~~~
/home/spi085/R/x86_64-pc-linux-gnu-library/4.4/TMB/include/cppad/local/base_cond_exp.hpp:174:21: note: candidate: â€˜double CppAD::CondExpGt(const double&, const double&, const double&, const double&)â€™
  174 |         inline Type CondExp##Rel(                        \
      |                     ^~~~~~~
/home/spi085/R/x86_64-pc-linux-gnu-library/4.4/TMB/include/cppad/local/base_cond_exp.hpp:199:9: note: in expansion of macro â€˜CPPAD_COND_EXP_BASE_RELâ€™
  199 |         CPPAD_COND_EXP_BASE_REL(Type, Gt, CompareGt)
      |         ^~~~~~~~~~~~~~~~~~~~~~~
/home/spi085/R/x86_64-pc-linux-gnu-library/4.4/TMB/include/cppad/local/base_double.hpp:72:9: note: in expansion of macro â€˜CPPAD_COND_EXP_RELâ€™
   72 |         CPPAD_COND_EXP_REL(double)
      |         ^~~~~~~~~~~~~~~~~~
/home/spi085/R/x86_64-pc-linux-gnu-library/4.4/TMB/include/cppad/local/base_cond_exp.hpp:176:29: note:   no known conversion for argument 2 from â€˜CppAD::AD<CppAD::AD<CppAD::AD<double> > >â€™ to â€˜const double&â€™
  176 |                 const Type& right     ,                     \
      |                 ~~~~~~~~~~~~^~~~~
/home/spi085/R/x86_64-pc-linux-gnu-library/4.4/TMB/include/cppad/local/base_cond_exp.hpp:199:9: note: in expansion of macro â€˜CPPAD_COND_EXP_BASE_RELâ€™
  199 |         CPPAD_COND_EXP_BASE_REL(Type, Gt, CompareGt)
      |         ^~~~~~~~~~~~~~~~~~~~~~~
/home/spi085/R/x86_64-pc-linux-gnu-library/4.4/TMB/include/cppad/local/base_double.hpp:72:9: note: in expansion of macro â€˜CPPAD_COND_EXP_RELâ€™
   72 |         CPPAD_COND_EXP_REL(double)
      |         ^~~~~~~~~~~~~~~~~~
/home/spi085/R/x86_64-pc-linux-gnu-library/4.4/TMB/include/cppad/local/base_cond_exp.hpp:174:21: note: candidate: â€˜std::complex<double> CppAD::CondExpGt(const std::complex<double>&, const std::complex<double>&, const std::complex<double>&, const std::complex<double>&)â€™
  174 |         inline Type CondExp##Rel(                        \
      |                     ^~~~~~~
/home/spi085/R/x86_64-pc-linux-gnu-library/4.4/TMB/include/cppad/local/base_cond_exp.hpp:199:9: note: in expansion of macro â€˜CPPAD_COND_EXP_BASE_RELâ€™
  199 |         CPPAD_COND_EXP_BASE_REL(Type, Gt, CompareGt)
      |         ^~~~~~~~~~~~~~~~~~~~~~~
/home/spi085/R/x86_64-pc-linux-gnu-library/4.4/TMB/include/cppad/local/base_complex.hpp:105:9: note: in expansion of macro â€˜CPPAD_COND_EXP_RELâ€™
  105 |         CPPAD_COND_EXP_REL( std::complex<double> )
      |         ^~~~~~~~~~~~~~~~~~
/home/spi085/R/x86_64-pc-linux-gnu-library/4.4/TMB/include/cppad/local/base_cond_exp.hpp:176:29: note:   no known conversion for argument 2 from â€˜CppAD::AD<CppAD::AD<CppAD::AD<double> > >â€™ to â€˜const std::complex<double>&â€™
  176 |                 const Type& right     ,                     \
      |                 ~~~~~~~~~~~~^~~~~
/home/spi085/R/x86_64-pc-linux-gnu-library/4.4/TMB/include/cppad/local/base_cond_exp.hpp:199:9: note: in expansion of macro â€˜CPPAD_COND_EXP_BASE_RELâ€™
  199 |         CPPAD_COND_EXP_BASE_REL(Type, Gt, CompareGt)
      |         ^~~~~~~~~~~~~~~~~~~~~~~
/home/spi085/R/x86_64-pc-linux-gnu-library/4.4/TMB/include/cppad/local/base_complex.hpp:105:9: note: in expansion of macro â€˜CPPAD_COND_EXP_RELâ€™
  105 |         CPPAD_COND_EXP_REL( std::complex<double> )
      |         ^~~~~~~~~~~~~~~~~~
/home/spi085/R/x86_64-pc-linux-gnu-library/4.4/TMB/include/cppad/local/base_cond_exp.hpp:174:21: note: candidate: â€˜std::complex<float> CppAD::CondExpGt(const std::complex<float>&, const std::complex<float>&, const std::complex<float>&, const std::complex<float>&)â€™
  174 |         inline Type CondExp##Rel(                        \
      |                     ^~~~~~~
/home/spi085/R/x86_64-pc-linux-gnu-library/4.4/TMB/include/cppad/local/base_cond_exp.hpp:199:9: note: in expansion of macro â€˜CPPAD_COND_EXP_BASE_RELâ€™
  199 |         CPPAD_COND_EXP_BASE_REL(Type, Gt, CompareGt)
      |         ^~~~~~~~~~~~~~~~~~~~~~~
/home/spi085/R/x86_64-pc-linux-gnu-library/4.4/TMB/include/cppad/local/base_complex.hpp:331:9: note: in expansion of macro â€˜CPPAD_COND_EXP_RELâ€™
  331 |         CPPAD_COND_EXP_REL( std::complex<float> )
      |         ^~~~~~~~~~~~~~~~~~
/home/spi085/R/x86_64-pc-linux-gnu-library/4.4/TMB/include/cppad/local/base_cond_exp.hpp:176:29: note:   no known conversion for argument 2 from â€˜CppAD::AD<CppAD::AD<CppAD::AD<double> > >â€™ to â€˜const std::complex<float>&â€™
  176 |                 const Type& right     ,                     \
      |                 ~~~~~~~~~~~~^~~~~
/home/spi085/R/x86_64-pc-linux-gnu-library/4.4/TMB/include/cppad/local/base_cond_exp.hpp:199:9: note: in expansion of macro â€˜CPPAD_COND_EXP_BASE_RELâ€™
  199 |         CPPAD_COND_EXP_BASE_REL(Type, Gt, CompareGt)
      |         ^~~~~~~~~~~~~~~~~~~~~~~
/home/spi085/R/x86_64-pc-linux-gnu-library/4.4/TMB/include/cppad/local/base_complex.hpp:331:9: note: in expansion of macro â€˜CPPAD_COND_EXP_RELâ€™
  331 |         CPPAD_COND_EXP_REL( std::complex<float> )
      |         ^~~~~~~~~~~~~~~~~~
POPULATIONS/POPULATION_0013/INDIVIDUAL_6CEGQJ3O/model.cpp:65:36: error: no matching function for call to â€˜CondExpGt(bool, CppAD::AD<CppAD::AD<CppAD::AD<double> > >, CppAD::AD<CppAD::AD<CppAD::AD<double> > >, CppAD::AD<CppAD::AD<CppAD::AD<double> > >)â€™
   65 |   Type fast_prev = CppAD::CondExpGt(CppAD::isnan(fast_dat(0)), Type(0),
      |                    ~~~~~~~~~~~~~~~~^~~~~~~~~~~~~~~~~~~~~~~~~~~~~~~~~~~~
   66 |                         CppAD::CondExpGt(fast_dat(0), Type(0), fast_dat(0), Type(1e-3)), Type(1e-3)); // Initial fast coral cover (%)
      |                         ~~~~~~~~~~~~~~~~~~~~~~~~~~~~~~~~~~~~~~~~~~~~~~~~~~~~~~~~~~~~~~~~~~~~~~~~~~~~
/home/spi085/R/x86_64-pc-linux-gnu-library/4.4/TMB/include/cppad/local/cond_exp.hpp:330:18: note: candidate: â€˜template<class Base> CppAD::AD<Base> CppAD::CondExpGt(const AD<Base>&, const AD<Base>&, const AD<Base>&, const AD<Base>&)â€™
  330 |         AD<Base> CondExp##Name(                                         \
      |                  ^~~~~~~
/home/spi085/R/x86_64-pc-linux-gnu-library/4.4/TMB/include/cppad/local/cond_exp.hpp:345:1: note: in expansion of macro â€˜CPPAD_COND_EXPâ€™
  345 | CPPAD_COND_EXP(Gt)
      | ^~~~~~~~~~~~~~
/home/spi085/R/x86_64-pc-linux-gnu-library/4.4/TMB/include/cppad/local/cond_exp.hpp:330:18: note:   template argument deduction/substitution failed:
  330 |         AD<Base> CondExp##Name(                                         \
      |                  ^~~~~~~
/home/spi085/R/x86_64-pc-linux-gnu-library/4.4/TMB/include/cppad/local/cond_exp.hpp:345:1: note: in expansion of macro â€˜CPPAD_COND_EXPâ€™
  345 | CPPAD_COND_EXP(Gt)
      | ^~~~~~~~~~~~~~
POPULATIONS/POPULATION_0013/INDIVIDUAL_6CEGQJ3O/model.cpp:65:36: note:   mismatched types â€˜const CppAD::AD<Base>â€™ and â€˜boolâ€™
   65 |   Type fast_prev = CppAD::CondExpGt(CppAD::isnan(fast_dat(0)), Type(0),
      |                    ~~~~~~~~~~~~~~~~^~~~~~~~~~~~~~~~~~~~~~~~~~~~~~~~~~~~
   66 |                         CppAD::CondExpGt(fast_dat(0), Type(0), fast_dat(0), Type(1e-3)), Type(1e-3)); // Initial fast coral cover (%)
      |                         ~~~~~~~~~~~~~~~~~~~~~~~~~~~~~~~~~~~~~~~~~~~~~~~~~~~~~~~~~~~~~~~~~~~~~~~~~~~~
/home/spi085/R/x86_64-pc-linux-gnu-library/4.4/TMB/include/cppad/local/base_cond_exp.hpp:174:21: note: candidate: â€˜float CppAD::CondExpGt(const float&, const float&, const float&, const float&)â€™
  174 |         inline Type CondExp##Rel(                        \
      |                     ^~~~~~~
/home/spi085/R/x86_64-pc-linux-gnu-library/4.4/TMB/include/cppad/local/base_cond_exp.hpp:199:9: note: in expansion of macro â€˜CPPAD_COND_EXP_BASE_RELâ€™
  199 |         CPPAD_COND_EXP_BASE_REL(Type, Gt, CompareGt)
      |         ^~~~~~~~~~~~~~~~~~~~~~~
/home/spi085/R/x86_64-pc-linux-gnu-library/4.4/TMB/include/cppad/local/base_float.hpp:72:9: note: in expansion of macro â€˜CPPAD_COND_EXP_RELâ€™
   72 |         CPPAD_COND_EXP_REL(float)
      |         ^~~~~~~~~~~~~~~~~~
/home/spi085/R/x86_64-pc-linux-gnu-library/4.4/TMB/include/cppad/local/base_cond_exp.hpp:176:29: note:   no known conversion for argument 2 from â€˜CppAD::AD<CppAD::AD<CppAD::AD<double> > >â€™ to â€˜const float&â€™
  176 |                 const Type& right     ,                     \
      |                 ~~~~~~~~~~~~^~~~~
/home/spi085/R/x86_64-pc-linux-gnu-library/4.4/TMB/include/cppad/local/base_cond_exp.hpp:199:9: note: in expansion of macro â€˜CPPAD_COND_EXP_BASE_RELâ€™
  199 |         CPPAD_COND_EXP_BASE_REL(Type, Gt, CompareGt)
      |         ^~~~~~~~~~~~~~~~~~~~~~~
/home/spi085/R/x86_64-pc-linux-gnu-library/4.4/TMB/include/cppad/local/base_float.hpp:72:9: note: in expansion of macro â€˜CPPAD_COND_EXP_RELâ€™
   72 |         CPPAD_COND_EXP_REL(float)
      |         ^~~~~~~~~~~~~~~~~~
/home/spi085/R/x86_64-pc-linux-gnu-library/4.4/TMB/include/cppad/local/base_cond_exp.hpp:174:21: note: candidate: â€˜double CppAD::CondExpGt(const double&, const double&, const double&, const double&)â€™
  174 |         inline Type CondExp##Rel(                        \
      |                     ^~~~~~~
/home/spi085/R/x86_64-pc-linux-gnu-library/4.4/TMB/include/cppad/local/base_cond_exp.hpp:199:9: note: in expansion of macro â€˜CPPAD_COND_EXP_BASE_RELâ€™
  199 |         CPPAD_COND_EXP_BASE_REL(Type, Gt, CompareGt)
      |         ^~~~~~~~~~~~~~~~~~~~~~~
/home/spi085/R/x86_64-pc-linux-gnu-library/4.4/TMB/include/cppad/local/base_double.hpp:72:9: note: in expansion of macro â€˜CPPAD_COND_EXP_RELâ€™
   72 |         CPPAD_COND_EXP_REL(double)
      |         ^~~~~~~~~~~~~~~~~~
/home/spi085/R/x86_64-pc-linux-gnu-library/4.4/TMB/include/cppad/local/base_cond_exp.hpp:176:29: note:   no known conversion for argument 2 from â€˜CppAD::AD<CppAD::AD<CppAD::AD<double> > >â€™ to â€˜const double&â€™
  176 |                 const Type& right     ,                     \
      |                 ~~~~~~~~~~~~^~~~~
/home/spi085/R/x86_64-pc-linux-gnu-library/4.4/TMB/include/cppad/local/base_cond_exp.hpp:199:9: note: in expansion of macro â€˜CPPAD_COND_EXP_BASE_RELâ€™
  199 |         CPPAD_COND_EXP_BASE_REL(Type, Gt, CompareGt)
      |         ^~~~~~~~~~~~~~~~~~~~~~~
/home/spi085/R/x86_64-pc-linux-gnu-library/4.4/TMB/include/cppad/local/base_double.hpp:72:9: note: in expansion of macro â€˜CPPAD_COND_EXP_RELâ€™
   72 |         CPPAD_COND_EXP_REL(double)
      |         ^~~~~~~~~~~~~~~~~~
/home/spi085/R/x86_64-pc-linux-gnu-library/4.4/TMB/include/cppad/local/base_cond_exp.hpp:174:21: note: candidate: â€˜std::complex<double> CppAD::CondExpGt(const std::complex<double>&, const std::complex<double>&, const std::complex<double>&, const std::complex<double>&)â€™
  174 |         inline Type CondExp##Rel(                        \
      |                     ^~~~~~~
/home/spi085/R/x86_64-pc-linux-gnu-library/4.4/TMB/include/cppad/local/base_cond_exp.hpp:199:9: note: in expansion of macro â€˜CPPAD_COND_EXP_BASE_RELâ€™
  199 |         CPPAD_COND_EXP_BASE_REL(Type, Gt, CompareGt)
      |         ^~~~~~~~~~~~~~~~~~~~~~~
/home/spi085/R/x86_64-pc-linux-gnu-library/4.4/TMB/include/cppad/local/base_complex.hpp:105:9: note: in expansion of macro â€˜CPPAD_COND_EXP_RELâ€™
  105 |         CPPAD_COND_EXP_REL( std::complex<double> )
      |         ^~~~~~~~~~~~~~~~~~
/home/spi085/R/x86_64-pc-linux-gnu-library/4.4/TMB/include/cppad/local/base_cond_exp.hpp:176:29: note:   no known conversion for argument 2 from â€˜CppAD::AD<CppAD::AD<CppAD::AD<double> > >â€™ to â€˜const std::complex<double>&â€™
  176 |                 const Type& right     ,                     \
      |                 ~~~~~~~~~~~~^~~~~
/home/spi085/R/x86_64-pc-linux-gnu-library/4.4/TMB/include/cppad/local/base_cond_exp.hpp:199:9: note: in expansion of macro â€˜CPPAD_COND_EXP_BASE_RELâ€™
  199 |         CPPAD_COND_EXP_BASE_REL(Type, Gt, CompareGt)
      |         ^~~~~~~~~~~~~~~~~~~~~~~
/home/spi085/R/x86_64-pc-linux-gnu-library/4.4/TMB/include/cppad/local/base_complex.hpp:105:9: note: in expansion of macro â€˜CPPAD_COND_EXP_RELâ€™
  105 |         CPPAD_COND_EXP_REL( std::complex<double> )
      |         ^~~~~~~~~~~~~~~~~~
/home/spi085/R/x86_64-pc-linux-gnu-library/4.4/TMB/include/cppad/local/base_cond_exp.hpp:174:21: note: candidate: â€˜std::complex<float> CppAD::CondExpGt(const std::complex<float>&, const std::complex<float>&, const std::complex<float>&, const std::complex<float>&)â€™
  174 |         inline Type CondExp##Rel(                        \
      |                     ^~~~~~~
/home/spi085/R/x86_64-pc-linux-gnu-library/4.4/TMB/include/cppad/local/base_cond_exp.hpp:199:9: note: in expansion of macro â€˜CPPAD_COND_EXP_BASE_RELâ€™
  199 |         CPPAD_COND_EXP_BASE_REL(Type, Gt, CompareGt)
      |         ^~~~~~~~~~~~~~~~~~~~~~~
/home/spi085/R/x86_64-pc-linux-gnu-library/4.4/TMB/include/cppad/local/base_complex.hpp:331:9: note: in expansion of macro â€˜CPPAD_COND_EXP_RELâ€™
  331 |         CPPAD_COND_EXP_REL( std::complex<float> )
      |         ^~~~~~~~~~~~~~~~~~
/home/spi085/R/x86_64-pc-linux-gnu-library/4.4/TMB/include/cppad/local/base_cond_exp.hpp:176:29: note:   no known conversion for argument 2 from â€˜CppAD::AD<CppAD::AD<CppAD::AD<double> > >â€™ to â€˜const std::complex<float>&â€™
  176 |                 const Type& right     ,                     \
      |                 ~~~~~~~~~~~~^~~~~
/home/spi085/R/x86_64-pc-linux-gnu-library/4.4/TMB/include/cppad/local/base_cond_exp.hpp:199:9: note: in expansion of macro â€˜CPPAD_COND_EXP_BASE_RELâ€™
  199 |         CPPAD_COND_EXP_BASE_REL(Type, Gt, CompareGt)
      |         ^~~~~~~~~~~~~~~~~~~~~~~
/home/spi085/R/x86_64-pc-linux-gnu-library/4.4/TMB/include/cppad/local/base_complex.hpp:331:9: note: in expansion of macro â€˜CPPAD_COND_EXP_RELâ€™
  331 |         CPPAD_COND_EXP_REL( std::complex<float> )
      |         ^~~~~~~~~~~~~~~~~~
POPULATIONS/POPULATION_0013/INDIVIDUAL_6CEGQJ3O/model.cpp:67:36: error: no matching function for call to â€˜CondExpGt(bool, CppAD::AD<CppAD::AD<CppAD::AD<double> > >, CppAD::AD<CppAD::AD<CppAD::AD<double> > >, CppAD::AD<CppAD::AD<CppAD::AD<double> > >)â€™
   67 |   Type slow_prev = CppAD::CondExpGt(CppAD::isnan(slow_dat(0)), Type(0),
      |                    ~~~~~~~~~~~~~~~~^~~~~~~~~~~~~~~~~~~~~~~~~~~~~~~~~~~~
   68 |                         CppAD::CondExpGt(slow_dat(0), Type(0), slow_dat(0), Type(1e-3)), Type(1e-3)); // Initial slow coral cover (%)
      |                         ~~~~~~~~~~~~~~~~~~~~~~~~~~~~~~~~~~~~~~~~~~~~~~~~~~~~~~~~~~~~~~~~~~~~~~~~~~~~
/home/spi085/R/x86_64-pc-linux-gnu-library/4.4/TMB/include/cppad/local/cond_exp.hpp:330:18: note: candidate: â€˜template<class Base> CppAD::AD<Base> CppAD::CondExpGt(const AD<Base>&, const AD<Base>&, const AD<Base>&, const AD<Base>&)â€™
  330 |         AD<Base> CondExp##Name(                                         \
      |                  ^~~~~~~
/home/spi085/R/x86_64-pc-linux-gnu-library/4.4/TMB/include/cppad/local/cond_exp.hpp:345:1: note: in expansion of macro â€˜CPPAD_COND_EXPâ€™
  345 | CPPAD_COND_EXP(Gt)
      | ^~~~~~~~~~~~~~
/home/spi085/R/x86_64-pc-linux-gnu-library/4.4/TMB/include/cppad/local/cond_exp.hpp:330:18: note:   template argument deduction/substitution failed:
  330 |         AD<Base> CondExp##Name(                                         \
      |                  ^~~~~~~
/home/spi085/R/x86_64-pc-linux-gnu-library/4.4/TMB/include/cppad/local/cond_exp.hpp:345:1: note: in expansion of macro â€˜CPPAD_COND_EXPâ€™
  345 | CPPAD_COND_EXP(Gt)
      | ^~~~~~~~~~~~~~
POPULATIONS/POPULATION_0013/INDIVIDUAL_6CEGQJ3O/model.cpp:67:36: note:   mismatched types â€˜const CppAD::AD<Base>â€™ and â€˜boolâ€™
   67 |   Type slow_prev = CppAD::CondExpGt(CppAD::isnan(slow_dat(0)), Type(0),
      |                    ~~~~~~~~~~~~~~~~^~~~~~~~~~~~~~~~~~~~~~~~~~~~~~~~~~~~
   68 |                         CppAD::CondExpGt(slow_dat(0), Type(0), slow_dat(0), Type(1e-3)), Type(1e-3)); // Initial slow coral cover (%)
      |                         ~~~~~~~~~~~~~~~~~~~~~~~~~~~~~~~~~~~~~~~~~~~~~~~~~~~~~~~~~~~~~~~~~~~~~~~~~~~~
/home/spi085/R/x86_64-pc-linux-gnu-library/4.4/TMB/include/cppad/local/base_cond_exp.hpp:174:21: note: candidate: â€˜float CppAD::CondExpGt(const float&, const float&, const float&, const float&)â€™
  174 |         inline Type CondExp##Rel(                        \
      |                     ^~~~~~~
/home/spi085/R/x86_64-pc-linux-gnu-library/4.4/TMB/include/cppad/local/base_cond_exp.hpp:199:9: note: in expansion of macro â€˜CPPAD_COND_EXP_BASE_RELâ€™
  199 |         CPPAD_COND_EXP_BASE_REL(Type, Gt, CompareGt)
      |         ^~~~~~~~~~~~~~~~~~~~~~~
/home/spi085/R/x86_64-pc-linux-gnu-library/4.4/TMB/include/cppad/local/base_float.hpp:72:9: note: in expansion of macro â€˜CPPAD_COND_EXP_RELâ€™
   72 |         CPPAD_COND_EXP_REL(float)
      |         ^~~~~~~~~~~~~~~~~~
/home/spi085/R/x86_64-pc-linux-gnu-library/4.4/TMB/include/cppad/local/base_cond_exp.hpp:176:29: note:   no known conversion for argument 2 from â€˜CppAD::AD<CppAD::AD<CppAD::AD<double> > >â€™ to â€˜const float&â€™
  176 |                 const Type& right     ,                     \
      |                 ~~~~~~~~~~~~^~~~~
/home/spi085/R/x86_64-pc-linux-gnu-library/4.4/TMB/include/cppad/local/base_cond_exp.hpp:199:9: note: in expansion of macro â€˜CPPAD_COND_EXP_BASE_RELâ€™
  199 |         CPPAD_COND_EXP_BASE_REL(Type, Gt, CompareGt)
      |         ^~~~~~~~~~~~~~~~~~~~~~~
/home/spi085/R/x86_64-pc-linux-gnu-library/4.4/TMB/include/cppad/local/base_float.hpp:72:9: note: in expansion of macro â€˜CPPAD_COND_EXP_RELâ€™
   72 |         CPPAD_COND_EXP_REL(float)
      |         ^~~~~~~~~~~~~~~~~~
/home/spi085/R/x86_64-pc-linux-gnu-library/4.4/TMB/include/cppad/local/base_cond_exp.hpp:174:21: note: candidate: â€˜double CppAD::CondExpGt(const double&, const double&, const double&, const double&)â€™
  174 |         inline Type CondExp##Rel(                        \
      |                     ^~~~~~~
/home/spi085/R/x86_64-pc-linux-gnu-library/4.4/TMB/include/cppad/local/base_cond_exp.hpp:199:9: note: in expansion of macro â€˜CPPAD_COND_EXP_BASE_RELâ€™
  199 |         CPPAD_COND_EXP_BASE_REL(Type, Gt, CompareGt)
      |         ^~~~~~~~~~~~~~~~~~~~~~~
/home/spi085/R/x86_64-pc-linux-gnu-library/4.4/TMB/include/cppad/local/base_double.hpp:72:9: note: in expansion of macro â€˜CPPAD_COND_EXP_RELâ€™
   72 |         CPPAD_COND_EXP_REL(double)
      |         ^~~~~~~~~~~~~~~~~~
/home/spi085/R/x86_64-pc-linux-gnu-library/4.4/TMB/include/cppad/local/base_cond_exp.hpp:176:29: note:   no known conversion for argument 2 from â€˜CppAD::AD<CppAD::AD<CppAD::AD<double> > >â€™ to â€˜const double&â€™
  176 |                 const Type& right     ,                     \
      |                 ~~~~~~~~~~~~^~~~~
/home/spi085/R/x86_64-pc-linux-gnu-library/4.4/TMB/include/cppad/local/base_cond_exp.hpp:199:9: note: in expansion of macro â€˜CPPAD_COND_EXP_BASE_RELâ€™
  199 |         CPPAD_COND_EXP_BASE_REL(Type, Gt, CompareGt)
      |         ^~~~~~~~~~~~~~~~~~~~~~~
/home/spi085/R/x86_64-pc-linux-gnu-library/4.4/TMB/include/cppad/local/base_double.hpp:72:9: note: in expansion of macro â€˜CPPAD_COND_EXP_RELâ€™
   72 |         CPPAD_COND_EXP_REL(double)
      |         ^~~~~~~~~~~~~~~~~~
/home/spi085/R/x86_64-pc-linux-gnu-library/4.4/TMB/include/cppad/local/base_cond_exp.hpp:174:21: note: candidate: â€˜std::complex<double> CppAD::CondExpGt(const std::complex<double>&, const std::complex<double>&, const std::complex<double>&, const std::complex<double>&)â€™
  174 |         inline Type CondExp##Rel(                        \
      |                     ^~~~~~~
/home/spi085/R/x86_64-pc-linux-gnu-library/4.4/TMB/include/cppad/local/base_cond_exp.hpp:199:9: note: in expansion of macro â€˜CPPAD_COND_EXP_BASE_RELâ€™
  199 |         CPPAD_COND_EXP_BASE_REL(Type, Gt, CompareGt)
      |         ^~~~~~~~~~~~~~~~~~~~~~~
/home/spi085/R/x86_64-pc-linux-gnu-library/4.4/TMB/include/cppad/local/base_complex.hpp:105:9: note: in expansion of macro â€˜CPPAD_COND_EXP_RELâ€™
  105 |         CPPAD_COND_EXP_REL( std::complex<double> )
      |         ^~~~~~~~~~~~~~~~~~
/home/spi085/R/x86_64-pc-linux-gnu-library/4.4/TMB/include/cppad/local/base_cond_exp.hpp:176:29: note:   no known conversion for argument 2 from â€˜CppAD::AD<CppAD::AD<CppAD::AD<double> > >â€™ to â€˜const std::complex<double>&â€™
  176 |                 const Type& right     ,                     \
      |                 ~~~~~~~~~~~~^~~~~
/home/spi085/R/x86_64-pc-linux-gnu-library/4.4/TMB/include/cppad/local/base_cond_exp.hpp:199:9: note: in expansion of macro â€˜CPPAD_COND_EXP_BASE_RELâ€™
  199 |         CPPAD_COND_EXP_BASE_REL(Type, Gt, CompareGt)
      |         ^~~~~~~~~~~~~~~~~~~~~~~
/home/spi085/R/x86_64-pc-linux-gnu-library/4.4/TMB/include/cppad/local/base_complex.hpp:105:9: note: in expansion of macro â€˜CPPAD_COND_EXP_RELâ€™
  105 |         CPPAD_COND_EXP_REL( std::complex<double> )
      |         ^~~~~~~~~~~~~~~~~~
/home/spi085/R/x86_64-pc-linux-gnu-library/4.4/TMB/include/cppad/local/base_cond_exp.hpp:174:21: note: candidate: â€˜std::complex<float> CppAD::CondExpGt(const std::complex<float>&, const std::complex<float>&, const std::complex<float>&, const std::complex<float>&)â€™
  174 |         inline Type CondExp##Rel(                        \
      |                     ^~~~~~~
/home/spi085/R/x86_64-pc-linux-gnu-library/4.4/TMB/include/cppad/local/base_cond_exp.hpp:199:9: note: in expansion of macro â€˜CPPAD_COND_EXP_BASE_RELâ€™
  199 |         CPPAD_COND_EXP_BASE_REL(Type, Gt, CompareGt)
      |         ^~~~~~~~~~~~~~~~~~~~~~~
/home/spi085/R/x86_64-pc-linux-gnu-library/4.4/TMB/include/cppad/local/base_complex.hpp:331:9: note: in expansion of macro â€˜CPPAD_COND_EXP_RELâ€™
  331 |         CPPAD_COND_EXP_REL( std::complex<float> )
      |         ^~~~~~~~~~~~~~~~~~
/home/spi085/R/x86_64-pc-linux-gnu-library/4.4/TMB/include/cppad/local/base_cond_exp.hpp:176:29: note:   no known conversion for argument 2 from â€˜CppAD::AD<CppAD::AD<CppAD::AD<double> > >â€™ to â€˜const std::complex<float>&â€™
  176 |                 const Type& right     ,                     \
      |                 ~~~~~~~~~~~~^~~~~
/home/spi085/R/x86_64-pc-linux-gnu-library/4.4/TMB/include/cppad/local/base_cond_exp.hpp:199:9: note: in expansion of macro â€˜CPPAD_COND_EXP_BASE_RELâ€™
  199 |         CPPAD_COND_EXP_BASE_REL(Type, Gt, CompareGt)
      |         ^~~~~~~~~~~~~~~~~~~~~~~
/home/spi085/R/x86_64-pc-linux-gnu-library/4.4/TMB/include/cppad/local/base_complex.hpp:331:9: note: in expansion of macro â€˜CPPAD_COND_EXP_RELâ€™
  331 |         CPPAD_COND_EXP_REL( std::complex<float> )
      |         ^~~~~~~~~~~~~~~~~~
make: *** [/usr/lib/R/etc/Makeconf:204: POPULATIONS/POPULATION_0013/INDIVIDUAL_6CEGQJ3O/model.o] Error 1
Error in TMB::compile(file.path(individual_dir, model_file), flags = flags,  : 
  Compilation failed
Error: Compilation failed
Execution halted[0m
[91mModel failed to compile.[0m
Fixing broken model iteration: 2
POPULATIONS/POPULATION_0013/INDIVIDUAL_6CEGQJ3O/model.cpp                                                                                                                                                              

                                                                                                                                                                                                                       
 <<<<<<< SEARCH                                                                                                                                                                                                        
   // --- INITIAL STATES ---                                                                                                                                                                                           
   Type cots_prev = CppAD::CondExpGt(CppAD::isnan(cots_dat(0)), Type(0),                                                                                                                                               
                         CppAD::CondExpGt(cots_dat(0), Type(0), cots_dat(0), Type(1e-3)), Type(1e-3)); // Initial COTS density (indiv/m2)                                                                              
   Type fast_prev = CppAD::CondExpGt(CppAD::isnan(fast_dat(0)), Type(0),                                                                                                                                               
                         CppAD::CondExpGt(fast_dat(0), Type(0), fast_dat(0), Type(1e-3)), Type(1e-3)); // Initial fast coral cover (%)                                                                                 
   Type slow_prev = CppAD::CondExpGt(CppAD::isnan(slow_dat(0)), Type(0),                                                                                                                                               
                         CppAD::CondExpGt(slow_dat(0), Type(0), slow_dat(0), Type(1e-3)), Type(1e-3)); // Initial slow coral cover (%)                                                                                 
 =======                                                                                                                                                                                                               
   // --- INITIAL STATES ---                                                                                                                                                                                           
   Type cots_prev = CppAD::CondExpGt(cots_dat(0), Type(0), cots_dat(0), Type(1e-3)); // Initial COTS density (indiv/m2)                                                                                                
   Type fast_prev = CppAD::CondExpGt(fast_dat(0), Type(0), fast_dat(0), Type(1e-3)); // Initial fast coral cover (%)                                                                                                   
   Type slow_prev = CppAD::CondExpGt(slow_dat(0), Type(0), slow_dat(0), Type(1e-3)); // Initial slow coral cover (%)                                                                                                   
 >>>>>>> REPLACE                                                                                                                                                                                                       
                                                                                                                                                                                                                       

Tokens: 37k sent, 408 received. Cost: $0.08 message, $0.18 session.
Committing POPULATIONS/POPULATION_0013/INDIVIDUAL_6CEGQJ3O/model.cpp before applying edits.
Unable to add /home/spi085/Documents/_Projects/SCCP-QuantModelling/POPULATIONS/POPULATION_0013/INDIVIDUAL_6CEGQJ3O/model.cpp: Cmd('git') failed due to: exit code(1)
  cmdline: git add /home/spi085/Documents/_Projects/SCCP-QuantModelling/POPULATIONS/POPULATION_0013/INDIVIDUAL_6CEGQJ3O/model.cpp
  stderr: 'The following paths are ignored by one of your .gitignore files:
POPULATIONS
hint: Use -f if you really want to add them.
hint: Turn this message off by running
hint: "git config advice.addIgnoredFile false"'
Unable to commit: Cmd('git') failed due to: exit code(1)
  cmdline: git commit -m feat: add model.cpp for INDIVIDUAL_6CEGQJ3O in POPULATION_0013 --no-verify -- /home/spi085/Documents/_Projects/SCCP-QuantModelling/POPULATIONS/POPULATION_0013/INDIVIDUAL_6CEGQJ3O/model.cpp
  stderr: 'error: pathspec '/home/spi085/Documents/_Projects/SCCP-QuantModelling/POPULATIONS/POPULATION_0013/INDIVIDUAL_6CEGQJ3O/model.cpp' did not match any file(s) known to git'
Applied edit to POPULATIONS/POPULATION_0013/INDIVIDUAL_6CEGQJ3O/model.cpp
Validating fixed model for data leakage...
Opening file: POPULATIONS/POPULATION_0013/INDIVIDUAL_6CEGQJ3O/model.cpp
File read successfully
TMB convention check: {'uses_tmb_header': True, 'uses_data_macros': True, 'uses_vector_type': True, 'uses_standard_report': True, 'uses_objective_function': True, 'uses_std_vector': False, 'uses_string_report': False}
Extracting vectors...
Found data vectors: {'sst_dat', 'slow_dat', 'Year', 'cotsimm_dat', 'cots_dat', 'fast_dat'}
Found prediction vectors: {'fast_pred', 'cots_pred', 'slow_pred'}
Found reported vectors: {'fast_pred', 'cots_pred', 'slow_pred'}
Finding initial conditions...
Found 3 initial conditions
Finding time-stepping loop...
Found loop from line 76 to 119
Found response variables from Data/timeseries_data_COTS_response.csv: {'cots_dat', 'fast_dat', 'slow_dat'}
[93mRunning model for individual...[0m
[0mIndividual directory: POPULATIONS/POPULATION_0013/INDIVIDUAL_6CEGQJ3O[0m
[93mR script stdout:[0m
[0mg++ -std=gnu++17 -I"/usr/share/R/include" -DNDEBUG -I"/home/spi085/R/x86_64-pc-linux-gnu-library/4.4/TMB/include" -I"/home/spi085/R/x86_64-pc-linux-gnu-library/4.4/RcppEigen/include"   -DTMB_EIGEN_DISABLE_WARNINGS   -DTMB_LIB_INIT=R_init_model  -DCPPAD_FRAMEWORK      -fpic  -O2  -c POPULATIONS/POPULATION_0013/INDIVIDUAL_6CEGQJ3O/model.cpp -o POPULATIONS/POPULATION_0013/INDIVIDUAL_6CEGQJ3O/model.o
g++ -std=gnu++17 -shared -L/usr/lib/R/lib -Wl,-Bsymbolic-functions -flto=auto -ffat-lto-objects -Wl,-z,relro -o POPULATIONS/POPULATION_0013/INDIVIDUAL_6CEGQJ3O/model.so POPULATIONS/POPULATION_0013/INDIVIDUAL_6CEGQJ3O/model.o -L/usr/lib/R/lib -lR
Starting model phases
Number of phases: 4 
Phase 1 
Initial parameter values for phase 1 :
log_r_cots 
        NA 
Error in model phases: NA/NaN gradient evaluation[0m
[93mR script stderr:[0m
[0mLoading required package: TMB
Loading required package: jsonlite
here() starts at /home/spi085/Documents/_Projects/SCCP-QuantModelling
using C++ compiler: â€˜g++ (Ubuntu 13.3.0-6ubuntu2~24.04) 13.3.0â€™
Error in value[[3L]](cond) : 
  Error in model phases: NA/NaN gradient evaluation
Calls: tryCatch -> tryCatchList -> tryCatchOne -> <Anonymous>
In addition: Warning message:
In nlminb(model$par, model$fn, model$gr) : NA/NaN function evaluation
Execution halted[0m
[91mR script failed with return code 1[0m
Fixing broken model iteration: 3
POPULATIONS/POPULATION_0013/INDIVIDUAL_6CEGQJ3O/model.cpp                                                                                                                                                              

                                                                                                                                                                                                                       
 <<<<<<< SEARCH                                                                                                                                                                                                        
   // --- INITIAL STATES ---                                                                                                                                                                                           
   Type cots_prev = CppAD::CondExpGt(cots_dat(0), Type(0), cots_dat(0), Type(1e-3)); // Initial COTS density (indiv/m2)                                                                                                
   Type fast_prev = CppAD::CondExpGt(fast_dat(0), Type(0), fast_dat(0), Type(1e-3)); // Initial fast coral cover (%)                                                                                                   
   Type slow_prev = CppAD::CondExpGt(slow_dat(0), Type(0), slow_dat(0), Type(1e-3)); // Initial slow coral cover (%)                                                                                                   
 =======                                                                                                                                                                                                               
   // --- INITIAL STATES ---                                                                                                                                                                                           
   Type cots_prev = (cots_dat(0) > Type(0) && !R_IsNA(asDouble(cots_dat(0)))) ? cots_dat(0) : Type(1e-3); // Initial COTS density (indiv/m2)                                                                           
   Type fast_prev = (fast_dat(0) > Type(0) && !R_IsNA(asDouble(fast_dat(0)))) ? fast_dat(0) : Type(1e-3); // Initial fast coral cover (%)                                                                              
   Type slow_prev = (slow_dat(0) > Type(0) && !R_IsNA(asDouble(slow_dat(0)))) ? slow_dat(0) : Type(1e-3); // Initial slow coral cover (%)                                                                              
 >>>>>>> REPLACE                                                                                                                                                                                                       
                                                                                                                                                                                                                       

Tokens: 38k sent, 338 received. Cost: $0.08 message, $0.26 session.
Committing POPULATIONS/POPULATION_0013/INDIVIDUAL_6CEGQJ3O/model.cpp before applying edits.
Unable to add /home/spi085/Documents/_Projects/SCCP-QuantModelling/POPULATIONS/POPULATION_0013/INDIVIDUAL_6CEGQJ3O/model.cpp: Cmd('git') failed due to: exit code(1)
  cmdline: git add /home/spi085/Documents/_Projects/SCCP-QuantModelling/POPULATIONS/POPULATION_0013/INDIVIDUAL_6CEGQJ3O/model.cpp
  stderr: 'The following paths are ignored by one of your .gitignore files:
POPULATIONS
hint: Use -f if you really want to add them.
hint: Turn this message off by running
hint: "git config advice.addIgnoredFile false"'
Unable to commit: Cmd('git') failed due to: exit code(1)
  cmdline: git commit -m feat: add model.cpp for INDIVIDUAL_6CEGQJ3O in POPULATION_0013 --no-verify -- /home/spi085/Documents/_Projects/SCCP-QuantModelling/POPULATIONS/POPULATION_0013/INDIVIDUAL_6CEGQJ3O/model.cpp
  stderr: 'error: pathspec '/home/spi085/Documents/_Projects/SCCP-QuantModelling/POPULATIONS/POPULATION_0013/INDIVIDUAL_6CEGQJ3O/model.cpp' did not match any file(s) known to git'
Applied edit to POPULATIONS/POPULATION_0013/INDIVIDUAL_6CEGQJ3O/model.cpp
Validating fixed model for data leakage...
Opening file: POPULATIONS/POPULATION_0013/INDIVIDUAL_6CEGQJ3O/model.cpp
File read successfully
TMB convention check: {'uses_tmb_header': True, 'uses_data_macros': True, 'uses_vector_type': True, 'uses_standard_report': True, 'uses_objective_function': True, 'uses_std_vector': False, 'uses_string_report': False}
Extracting vectors...
Found data vectors: {'sst_dat', 'slow_dat', 'Year', 'cotsimm_dat', 'cots_dat', 'fast_dat'}
Found prediction vectors: {'fast_pred', 'cots_pred', 'slow_pred'}
Found reported vectors: {'fast_pred', 'cots_pred', 'slow_pred'}
Finding initial conditions...
Found 3 initial conditions
Finding time-stepping loop...
Found loop from line 76 to 119
Found response variables from Data/timeseries_data_COTS_response.csv: {'cots_dat', 'fast_dat', 'slow_dat'}
[93mRunning model for individual...[0m
[0mIndividual directory: POPULATIONS/POPULATION_0013/INDIVIDUAL_6CEGQJ3O[0m
[93mRemoved old compilation: model.o[0m
[93mR script stdout:[0m
[0mg++ -std=gnu++17 -I"/usr/share/R/include" -DNDEBUG -I"/home/spi085/R/x86_64-pc-linux-gnu-library/4.4/TMB/include" -I"/home/spi085/R/x86_64-pc-linux-gnu-library/4.4/RcppEigen/include"   -DTMB_EIGEN_DISABLE_WARNINGS   -DTMB_LIB_INIT=R_init_model  -DCPPAD_FRAMEWORK      -fpic  -O2  -c POPULATIONS/POPULATION_0013/INDIVIDUAL_6CEGQJ3O/model.cpp -o POPULATIONS/POPULATION_0013/INDIVIDUAL_6CEGQJ3O/model.o
g++ -std=gnu++17 -shared -L/usr/lib/R/lib -Wl,-Bsymbolic-functions -flto=auto -ffat-lto-objects -Wl,-z,relro -o POPULATIONS/POPULATION_0013/INDIVIDUAL_6CEGQJ3O/model.so POPULATIONS/POPULATION_0013/INDIVIDUAL_6CEGQJ3O/model.o -L/usr/lib/R/lib -lR
Starting model phases
Number of phases: 4 
Phase 1 
Initial parameter values for phase 1 :
log_r_cots 
        NA 
Error in model phases: NA/NaN gradient evaluation[0m
[93mR script stderr:[0m
[0mLoading required package: TMB
Loading required package: jsonlite
here() starts at /home/spi085/Documents/_Projects/SCCP-QuantModelling
using C++ compiler: â€˜g++ (Ubuntu 13.3.0-6ubuntu2~24.04) 13.3.0â€™
Error in value[[3L]](cond) : 
  Error in model phases: NA/NaN gradient evaluation
Calls: tryCatch -> tryCatchList -> tryCatchOne -> <Anonymous>
In addition: Warning message:
In nlminb(model$par, model$fn, model$gr) : NA/NaN function evaluation
Execution halted[0m
[91mR script failed with return code 1[0m
Fixing broken model iteration: 4
POPULATIONS/POPULATION_0013/INDIVIDUAL_6CEGQJ3O/model.cpp                                                                                                                                                              

                                                                                                                                                                                                                       
 <<<<<<< SEARCH                                                                                                                                                                                                        
   Type cots_prev = (cots_dat(0) > Type(0) && !R_IsNA(asDouble(cots_dat(0)))) ? cots_dat(0) : Type(1e-3); // Initial COTS density (indiv/m2)                                                                           
   Type fast_prev = (fast_dat(0) > Type(0) && !R_IsNA(asDouble(fast_dat(0)))) ? fast_dat(0) : Type(1e-3); // Initial fast coral cover (%)                                                                              
   Type slow_prev = (slow_dat(0) > Type(0) && !R_IsNA(asDouble(slow_dat(0)))) ? slow_dat(0) : Type(1e-3); // Initial slow coral cover (%)                                                                              
 =======                                                                                                                                                                                                               
   Type cots_prev = (R_finite(asDouble(cots_dat(0))) && cots_dat(0) > Type(0)) ? cots_dat(0) : Type(1e-3); // Initial COTS density (indiv/m2)                                                                          
   Type fast_prev = (R_finite(asDouble(fast_dat(0))) && fast_dat(0) > Type(0)) ? fast_dat(0) : Type(1e-3); // Initial fast coral cover (%)                                                                             
   Type slow_prev = (R_finite(asDouble(slow_dat(0))) && slow_dat(0) > Type(0)) ? slow_dat(0) : Type(1e-3); // Initial slow coral cover (%)                                                                             
 >>>>>>> REPLACE                                                                                                                                                                                                       
                                                                                                                                                                                                                       

Tokens: 39k sent, 347 received. Cost: $0.08 message, $0.34 session.
Committing POPULATIONS/POPULATION_0013/INDIVIDUAL_6CEGQJ3O/model.cpp before applying edits.
Unable to add /home/spi085/Documents/_Projects/SCCP-QuantModelling/POPULATIONS/POPULATION_0013/INDIVIDUAL_6CEGQJ3O/model.cpp: Cmd('git') failed due to: exit code(1)
  cmdline: git add /home/spi085/Documents/_Projects/SCCP-QuantModelling/POPULATIONS/POPULATION_0013/INDIVIDUAL_6CEGQJ3O/model.cpp
  stderr: 'The following paths are ignored by one of your .gitignore files:
POPULATIONS
hint: Use -f if you really want to add them.
hint: Turn this message off by running
hint: "git config advice.addIgnoredFile false"'
Unable to commit: Cmd('git') failed due to: exit code(1)
  cmdline: git commit -m feat: add model.cpp for INDIVIDUAL_6CEGQJ3O in POPULATION_0013 --no-verify -- /home/spi085/Documents/_Projects/SCCP-QuantModelling/POPULATIONS/POPULATION_0013/INDIVIDUAL_6CEGQJ3O/model.cpp
  stderr: 'error: pathspec '/home/spi085/Documents/_Projects/SCCP-QuantModelling/POPULATIONS/POPULATION_0013/INDIVIDUAL_6CEGQJ3O/model.cpp' did not match any file(s) known to git'
Applied edit to POPULATIONS/POPULATION_0013/INDIVIDUAL_6CEGQJ3O/model.cpp
Validating fixed model for data leakage...
Opening file: POPULATIONS/POPULATION_0013/INDIVIDUAL_6CEGQJ3O/model.cpp
File read successfully
TMB convention check: {'uses_tmb_header': True, 'uses_data_macros': True, 'uses_vector_type': True, 'uses_standard_report': True, 'uses_objective_function': True, 'uses_std_vector': False, 'uses_string_report': False}
Extracting vectors...
Found data vectors: {'sst_dat', 'slow_dat', 'Year', 'cotsimm_dat', 'cots_dat', 'fast_dat'}
Found prediction vectors: {'fast_pred', 'cots_pred', 'slow_pred'}
Found reported vectors: {'fast_pred', 'cots_pred', 'slow_pred'}
Finding initial conditions...
Found 3 initial conditions
Finding time-stepping loop...
Found loop from line 76 to 119
Found response variables from Data/timeseries_data_COTS_response.csv: {'cots_dat', 'fast_dat', 'slow_dat'}
[93mRunning model for individual...[0m
[0mIndividual directory: POPULATIONS/POPULATION_0013/INDIVIDUAL_6CEGQJ3O[0m
[93mRemoved old compilation: model.o[0m
[93mR script stdout:[0m
[0mg++ -std=gnu++17 -I"/usr/share/R/include" -DNDEBUG -I"/home/spi085/R/x86_64-pc-linux-gnu-library/4.4/TMB/include" -I"/home/spi085/R/x86_64-pc-linux-gnu-library/4.4/RcppEigen/include"   -DTMB_EIGEN_DISABLE_WARNINGS   -DTMB_LIB_INIT=R_init_model  -DCPPAD_FRAMEWORK      -fpic  -O2  -c POPULATIONS/POPULATION_0013/INDIVIDUAL_6CEGQJ3O/model.cpp -o POPULATIONS/POPULATION_0013/INDIVIDUAL_6CEGQJ3O/model.o
g++ -std=gnu++17 -shared -L/usr/lib/R/lib -Wl,-Bsymbolic-functions -flto=auto -ffat-lto-objects -Wl,-z,relro -o POPULATIONS/POPULATION_0013/INDIVIDUAL_6CEGQJ3O/model.so POPULATIONS/POPULATION_0013/INDIVIDUAL_6CEGQJ3O/model.o -L/usr/lib/R/lib -lR
Starting model phases
Number of phases: 4 
Phase 1 
Initial parameter values for phase 1 :
log_r_cots 
        NA 
Error in model phases: NA/NaN gradient evaluation[0m
[93mR script stderr:[0m
[0mLoading required package: TMB
Loading required package: jsonlite
here() starts at /home/spi085/Documents/_Projects/SCCP-QuantModelling
using C++ compiler: â€˜g++ (Ubuntu 13.3.0-6ubuntu2~24.04) 13.3.0â€™
Error in value[[3L]](cond) : 
  Error in model phases: NA/NaN gradient evaluation
Calls: tryCatch -> tryCatchList -> tryCatchOne -> <Anonymous>
In addition: Warning message:
In nlminb(model$par, model$fn, model$gr) : NA/NaN function evaluation
Execution halted[0m
[91mR script failed with return code 1[0m
Maximum sub-iterations reached for POPULATIONS/POPULATION_0013/INDIVIDUAL_6CEGQJ3O. The model could not be successfully run after 5 attempts.
