{
  "iterations": {
    "1": {
      "status": "ERROR",
      "message": "R script failed with return code 1",
      "stdout": "g++ -std=gnu++17 -I\"/usr/share/R/include\" -DNDEBUG -I\"/home/spi085/R/x86_64-pc-linux-gnu-library/4.4/TMB/include\" -I\"/home/spi085/R/x86_64-pc-linux-gnu-library/4.4/RcppEigen/include\"   -DTMB_EIGEN_DISABLE_WARNINGS   -DTMB_LIB_INIT=R_init_model  -DCPPAD_FRAMEWORK      -fpic  -O2  -c POPULATIONS/POPULATION_0013/INDIVIDUAL_6CEGQJ3O/model.cpp -o POPULATIONS/POPULATION_0013/INDIVIDUAL_6CEGQJ3O/model.o\ng++ -std=gnu++17 -shared -L/usr/lib/R/lib -Wl,-Bsymbolic-functions -flto=auto -ffat-lto-objects -Wl,-z,relro -o POPULATIONS/POPULATION_0013/INDIVIDUAL_6CEGQJ3O/model.so POPULATIONS/POPULATION_0013/INDIVIDUAL_6CEGQJ3O/model.o -L/usr/lib/R/lib -lR\nStarting model phases\nNumber of phases: 4 \nPhase 1 \nInitial parameter values for phase 1 :\nlog_r_cots \n        NA \nError in model phases: NA/NaN gradient evaluation",
      "stderr": "Loading required package: TMB\nLoading required package: jsonlite\nhere() starts at /home/spi085/Documents/_Projects/SCCP-QuantModelling\nusing C++ compiler: \u2018g++ (Ubuntu 13.3.0-6ubuntu2~24.04) 13.3.0\u2019\nError in value[[3L]](cond) : \n  Error in model phases: NA/NaN gradient evaluation\nCalls: tryCatch -> tryCatchList -> tryCatchOne -> <Anonymous>\nIn addition: Warning message:\nIn nlminb(model$par, model$fn, model$gr) : NA/NaN function evaluation\nExecution halted"
    },
    "2": {
      "status": "ERROR",
      "message": "R script failed with return code 1",
      "stdout": "g++ -std=gnu++17 -I\"/usr/share/R/include\" -DNDEBUG -I\"/home/spi085/R/x86_64-pc-linux-gnu-library/4.4/TMB/include\" -I\"/home/spi085/R/x86_64-pc-linux-gnu-library/4.4/RcppEigen/include\"   -DTMB_EIGEN_DISABLE_WARNINGS   -DTMB_LIB_INIT=R_init_model  -DCPPAD_FRAMEWORK      -fpic  -O2  -c POPULATIONS/POPULATION_0013/INDIVIDUAL_6CEGQJ3O/model.cpp -o POPULATIONS/POPULATION_0013/INDIVIDUAL_6CEGQJ3O/model.o\ng++ -std=gnu++17 -shared -L/usr/lib/R/lib -Wl,-Bsymbolic-functions -flto=auto -ffat-lto-objects -Wl,-z,relro -o POPULATIONS/POPULATION_0013/INDIVIDUAL_6CEGQJ3O/model.so POPULATIONS/POPULATION_0013/INDIVIDUAL_6CEGQJ3O/model.o -L/usr/lib/R/lib -lR\nStarting model phases\nNumber of phases: 4 \nPhase 1 \nInitial parameter values for phase 1 :\nlog_r_cots \n        NA \nError in model phases: NA/NaN gradient evaluation",
      "stderr": "Loading required package: TMB\nLoading required package: jsonlite\nhere() starts at /home/spi085/Documents/_Projects/SCCP-QuantModelling\nusing C++ compiler: \u2018g++ (Ubuntu 13.3.0-6ubuntu2~24.04) 13.3.0\u2019\nError in value[[3L]](cond) : \n  Error in model phases: NA/NaN gradient evaluation\nCalls: tryCatch -> tryCatchList -> tryCatchOne -> <Anonymous>\nIn addition: Warning message:\nIn nlminb(model$par, model$fn, model$gr) : NA/NaN function evaluation\nExecution halted"
    },
    "3": {
      "status": "ERROR",
      "message": "Model failed to compile.",
      "stdout": "g++ -std=gnu++17 -I\"/usr/share/R/include\" -DNDEBUG -I\"/home/spi085/R/x86_64-pc-linux-gnu-library/4.4/TMB/include\" -I\"/home/spi085/R/x86_64-pc-linux-gnu-library/4.4/RcppEigen/include\"   -DTMB_EIGEN_DISABLE_WARNINGS   -DTMB_LIB_INIT=R_init_model  -DCPPAD_FRAMEWORK      -fpic  -O2  -c POPULATIONS/POPULATION_0013/INDIVIDUAL_6CEGQJ3O/model.cpp -o POPULATIONS/POPULATION_0013/INDIVIDUAL_6CEGQJ3O/model.o",
      "stderr": "Loading required package: TMB\nLoading required package: jsonlite\nhere() starts at /home/spi085/Documents/_Projects/SCCP-QuantModelling\nusing C++ compiler: \u2018g++ (Ubuntu 13.3.0-6ubuntu2~24.04) 13.3.0\u2019\nPOPULATIONS/POPULATION_0013/INDIVIDUAL_6CEGQJ3O/model.cpp: In instantiation of \u2018Type objective_function<Type>::operator()() [with Type = CppAD::AD<double>]\u2019:\n/home/spi085/R/x86_64-pc-linux-gnu-library/4.4/TMB/include/tmb_core.hpp:1312:6:   required from here\nPOPULATIONS/POPULATION_0013/INDIVIDUAL_6CEGQJ3O/model.cpp:63:36: error: no matching function for call to \u2018CondExpGt(bool, CppAD::AD<double>, CppAD::AD<double>, CppAD::AD<double>)\u2019\n   63 |   Type cots_prev = CppAD::CondExpGt(CppAD::isnan(cots_dat(0)), Type(0),\n      |                    ~~~~~~~~~~~~~~~~^~~~~~~~~~~~~~~~~~~~~~~~~~~~~~~~~~~~\n   64 |                         CppAD::CondExpGt(cots_dat(0), Type(0), cots_dat(0), Type(1e-3)), Type(1e-3)); // Initial COTS density (indiv/m2)\n      |                         ~~~~~~~~~~~~~~~~~~~~~~~~~~~~~~~~~~~~~~~~~~~~~~~~~~~~~~~~~~~~~~~~~~~~~~~~~~~~\nIn file included from /home/spi085/R/x86_64-pc-linux-gnu-library/4.4/TMB/include/cppad/local/ad_valued.hpp:44,\n                 from /home/spi085/R/x86_64-pc-linux-gnu-library/4.4/TMB/include/cppad/local/user_ad.hpp:70,\n                 from /home/spi085/R/x86_64-pc-linux-gnu-library/4.4/TMB/include/cppad/cppad.hpp:82,\n                 from /home/spi085/R/x86_64-pc-linux-gnu-library/4.4/TMB/include/TMB.hpp:125,\n                 from POPULATIONS/POPULATION_0013/INDIVIDUAL_6CEGQJ3O/model.cpp:1:\n/home/spi085/R/x86_64-pc-linux-gnu-library/4.4/TMB/include/cppad/local/cond_exp.hpp:330:18: note: candidate: \u2018template<class Base> CppAD::AD<Base> CppAD::CondExpGt(const AD<Base>&, const AD<Base>&, const AD<Base>&, const AD<Base>&)\u2019\n  330 |         AD<Base> CondExp##Name(                                         \\\n      |                  ^~~~~~~\n/home/spi085/R/x86_64-pc-linux-gnu-library/4.4/TMB/include/cppad/local/cond_exp.hpp:345:1: note: in expansion of macro \u2018CPPAD_COND_EXP\u2019\n  345 | CPPAD_COND_EXP(Gt)\n      | ^~~~~~~~~~~~~~\n/home/spi085/R/x86_64-pc-linux-gnu-library/4.4/TMB/include/cppad/local/cond_exp.hpp:330:18: note:   template argument deduction/substitution failed:\n  330 |         AD<Base> CondExp##Name(                                         \\\n      |                  ^~~~~~~\n/home/spi085/R/x86_64-pc-linux-gnu-library/4.4/TMB/include/cppad/local/cond_exp.hpp:345:1: note: in expansion of macro \u2018CPPAD_COND_EXP\u2019\n  345 | CPPAD_COND_EXP(Gt)\n      | ^~~~~~~~~~~~~~\nPOPULATIONS/POPULATION_0013/INDIVIDUAL_6CEGQJ3O/model.cpp:63:36: note:   mismatched types \u2018const CppAD::AD<Base>\u2019 and \u2018bool\u2019\n   63 |   Type cots_prev = CppAD::CondExpGt(CppAD::isnan(cots_dat(0)), Type(0),\n      |                    ~~~~~~~~~~~~~~~~^~~~~~~~~~~~~~~~~~~~~~~~~~~~~~~~~~~~\n   64 |                         CppAD::CondExpGt(cots_dat(0), Type(0), cots_dat(0), Type(1e-3)), Type(1e-3)); // Initial COTS density (indiv/m2)\n      |                         ~~~~~~~~~~~~~~~~~~~~~~~~~~~~~~~~~~~~~~~~~~~~~~~~~~~~~~~~~~~~~~~~~~~~~~~~~~~~\nIn file included from /home/spi085/R/x86_64-pc-linux-gnu-library/4.4/TMB/include/cppad/base_require.hpp:151,\n                 from /home/spi085/R/x86_64-pc-linux-gnu-library/4.4/TMB/include/cppad/cppad.hpp:22:\n/home/spi085/R/x86_64-pc-linux-gnu-library/4.4/TMB/include/cppad/local/base_cond_exp.hpp:174:21: note: candidate: \u2018float CppAD::CondExpGt(const float&, const float&, const float&, const float&)\u2019\n  174 |         inline Type CondExp##Rel(                        \\\n      |                     ^~~~~~~\n/home/spi085/R/x86_64-pc-linux-gnu-library/4.4/TMB/include/cppad/local/base_cond_exp.hpp:199:9: note: in expansion of macro \u2018CPPAD_COND_EXP_BASE_REL\u2019\n  199 |         CPPAD_COND_EXP_BASE_REL(Type, Gt, CompareGt)\n      |         ^~~~~~~~~~~~~~~~~~~~~~~\n/home/spi085/R/x86_64-pc-linux-gnu-library/4.4/TMB/include/cppad/local/base_float.hpp:72:9: note: in expansion of macro \u2018CPPAD_COND_EXP_REL\u2019\n   72 |         CPPAD_COND_EXP_REL(float)\n      |         ^~~~~~~~~~~~~~~~~~\n/home/spi085/R/x86_64-pc-linux-gnu-library/4.4/TMB/include/cppad/local/base_cond_exp.hpp:176:29: note:   no known conversion for argument 2 from \u2018CppAD::AD<double>\u2019 to \u2018const float&\u2019\n  176 |                 const Type& right     ,                     \\\n      |                 ~~~~~~~~~~~~^~~~~\n/home/spi085/R/x86_64-pc-linux-gnu-library/4.4/TMB/include/cppad/local/base_cond_exp.hpp:199:9: note: in expansion of macro \u2018CPPAD_COND_EXP_BASE_REL\u2019\n  199 |         CPPAD_COND_EXP_BASE_REL(Type, Gt, CompareGt)\n      |         ^~~~~~~~~~~~~~~~~~~~~~~\n/home/spi085/R/x86_64-pc-linux-gnu-library/4.4/TMB/include/cppad/local/base_float.hpp:72:9: note: in expansion of macro \u2018CPPAD_COND_EXP_REL\u2019\n   72 |         CPPAD_COND_EXP_REL(float)\n      |         ^~~~~~~~~~~~~~~~~~\n/home/spi085/R/x86_64-pc-linux-gnu-library/4.4/TMB/include/cppad/local/base_cond_exp.hpp:174:21: note: candidate: \u2018double CppAD::CondExpGt(const double&, const double&, const double&, const double&)\u2019\n  174 |         inline Type CondExp##Rel(                        \\\n      |                     ^~~~~~~\n/home/spi085/R/x86_64-pc-linux-gnu-library/4.4/TMB/include/cppad/local/base_cond_exp.hpp:199:9: note: in expansion of macro \u2018CPPAD_COND_EXP_BASE_REL\u2019\n  199 |         CPPAD_COND_EXP_BASE_REL(Type, Gt, CompareGt)\n      |         ^~~~~~~~~~~~~~~~~~~~~~~\n/home/spi085/R/x86_64-pc-linux-gnu-library/4.4/TMB/include/cppad/local/base_double.hpp:72:9: note: in expansion of macro \u2018CPPAD_COND_EXP_REL\u2019\n   72 |         CPPAD_COND_EXP_REL(double)\n      |         ^~~~~~~~~~~~~~~~~~\n/home/spi085/R/x86_64-pc-linux-gnu-library/4.4/TMB/include/cppad/local/base_cond_exp.hpp:176:29: note:   no known conversion for argument 2 from \u2018CppAD::AD<double>\u2019 to \u2018const double&\u2019\n  176 |                 const Type& right     ,                     \\\n      |                 ~~~~~~~~~~~~^~~~~\n/home/spi085/R/x86_64-pc-linux-gnu-library/4.4/TMB/include/cppad/local/base_cond_exp.hpp:199:9: note: in expansion of macro \u2018CPPAD_COND_EXP_BASE_REL\u2019\n  199 |         CPPAD_COND_EXP_BASE_REL(Type, Gt, CompareGt)\n      |         ^~~~~~~~~~~~~~~~~~~~~~~\n/home/spi085/R/x86_64-pc-linux-gnu-library/4.4/TMB/include/cppad/local/base_double.hpp:72:9: note: in expansion of macro \u2018CPPAD_COND_EXP_REL\u2019\n   72 |         CPPAD_COND_EXP_REL(double)\n      |         ^~~~~~~~~~~~~~~~~~\n/home/spi085/R/x86_64-pc-linux-gnu-library/4.4/TMB/include/cppad/local/base_cond_exp.hpp:174:21: note: candidate: \u2018std::complex<double> CppAD::CondExpGt(const std::complex<double>&, const std::complex<double>&, const std::complex<double>&, const std::complex<double>&)\u2019\n  174 |         inline Type CondExp##Rel(                        \\\n      |                     ^~~~~~~\n/home/spi085/R/x86_64-pc-linux-gnu-library/4.4/TMB/include/cppad/local/base_cond_exp.hpp:199:9: note: in expansion of macro \u2018CPPAD_COND_EXP_BASE_REL\u2019\n  199 |         CPPAD_COND_EXP_BASE_REL(Type, Gt, CompareGt)\n      |         ^~~~~~~~~~~~~~~~~~~~~~~\n/home/spi085/R/x86_64-pc-linux-gnu-library/4.4/TMB/include/cppad/local/base_complex.hpp:105:9: note: in expansion of macro \u2018CPPAD_COND_EXP_REL\u2019\n  105 |         CPPAD_COND_EXP_REL( std::complex<double> )\n      |         ^~~~~~~~~~~~~~~~~~\n/home/spi085/R/x86_64-pc-linux-gnu-library/4.4/TMB/include/cppad/local/base_cond_exp.hpp:176:29: note:   no known conversion for argument 2 from \u2018CppAD::AD<double>\u2019 to \u2018const std::complex<double>&\u2019\n  176 |                 const Type& right     ,                     \\\n      |                 ~~~~~~~~~~~~^~~~~\n/home/spi085/R/x86_64-pc-linux-gnu-library/4.4/TMB/include/cppad/local/base_cond_exp.hpp:199:9: note: in expansion of macro \u2018CPPAD_COND_EXP_BASE_REL\u2019\n  199 |         CPPAD_COND_EXP_BASE_REL(Type, Gt, CompareGt)\n      |         ^~~~~~~~~~~~~~~~~~~~~~~\n/home/spi085/R/x86_64-pc-linux-gnu-library/4.4/TMB/include/cppad/local/base_complex.hpp:105:9: note: in expansion of macro \u2018CPPAD_COND_EXP_REL\u2019\n  105 |         CPPAD_COND_EXP_REL( std::complex<double> )\n      |         ^~~~~~~~~~~~~~~~~~\n/home/spi085/R/x86_64-pc-linux-gnu-library/4.4/TMB/include/cppad/local/base_cond_exp.hpp:174:21: note: candidate: \u2018std::complex<float> CppAD::CondExpGt(const std::complex<float>&, const std::complex<float>&, const std::complex<float>&, const std::complex<float>&)\u2019\n  174 |         inline Type CondExp##Rel(                        \\\n      |                     ^~~~~~~\n/home/spi085/R/x86_64-pc-linux-gnu-library/4.4/TMB/include/cppad/local/base_cond_exp.hpp:199:9: note: in expansion of macro \u2018CPPAD_COND_EXP_BASE_REL\u2019\n  199 |         CPPAD_COND_EXP_BASE_REL(Type, Gt, CompareGt)\n      |         ^~~~~~~~~~~~~~~~~~~~~~~\n/home/spi085/R/x86_64-pc-linux-gnu-library/4.4/TMB/include/cppad/local/base_complex.hpp:331:9: note: in expansion of macro \u2018CPPAD_COND_EXP_REL\u2019\n  331 |         CPPAD_COND_EXP_REL( std::complex<float> )\n      |         ^~~~~~~~~~~~~~~~~~\n/home/spi085/R/x86_64-pc-linux-gnu-library/4.4/TMB/include/cppad/local/base_cond_exp.hpp:176:29: note:   no known conversion for argument 2 from \u2018CppAD::AD<double>\u2019 to \u2018const std::complex<float>&\u2019\n  176 |                 const Type& right     ,                     \\\n      |                 ~~~~~~~~~~~~^~~~~\n/home/spi085/R/x86_64-pc-linux-gnu-library/4.4/TMB/include/cppad/local/base_cond_exp.hpp:199:9: note: in expansion of macro \u2018CPPAD_COND_EXP_BASE_REL\u2019\n  199 |         CPPAD_COND_EXP_BASE_REL(Type, Gt, CompareGt)\n      |         ^~~~~~~~~~~~~~~~~~~~~~~\n/home/spi085/R/x86_64-pc-linux-gnu-library/4.4/TMB/include/cppad/local/base_complex.hpp:331:9: note: in expansion of macro \u2018CPPAD_COND_EXP_REL\u2019\n  331 |         CPPAD_COND_EXP_REL( std::complex<float> )\n      |         ^~~~~~~~~~~~~~~~~~\nPOPULATIONS/POPULATION_0013/INDIVIDUAL_6CEGQJ3O/model.cpp:65:36: error: no matching function for call to \u2018CondExpGt(bool, CppAD::AD<double>, CppAD::AD<double>, CppAD::AD<double>)\u2019\n   65 |   Type fast_prev = CppAD::CondExpGt(CppAD::isnan(fast_dat(0)), Type(0),\n      |                    ~~~~~~~~~~~~~~~~^~~~~~~~~~~~~~~~~~~~~~~~~~~~~~~~~~~~\n   66 |                         CppAD::CondExpGt(fast_dat(0), Type(0), fast_dat(0), Type(1e-3)), Type(1e-3)); // Initial fast coral cover (%)\n      |                         ~~~~~~~~~~~~~~~~~~~~~~~~~~~~~~~~~~~~~~~~~~~~~~~~~~~~~~~~~~~~~~~~~~~~~~~~~~~~\n/home/spi085/R/x86_64-pc-linux-gnu-library/4.4/TMB/include/cppad/local/cond_exp.hpp:330:18: note: candidate: \u2018template<class Base> CppAD::AD<Base> CppAD::CondExpGt(const AD<Base>&, const AD<Base>&, const AD<Base>&, const AD<Base>&)\u2019\n  330 |         AD<Base> CondExp##Name(                                         \\\n      |                  ^~~~~~~\n/home/spi085/R/x86_64-pc-linux-gnu-library/4.4/TMB/include/cppad/local/cond_exp.hpp:345:1: note: in expansion of macro \u2018CPPAD_COND_EXP\u2019\n  345 | CPPAD_COND_EXP(Gt)\n      | ^~~~~~~~~~~~~~\n/home/spi085/R/x86_64-pc-linux-gnu-library/4.4/TMB/include/cppad/local/cond_exp.hpp:330:18: note:   template argument deduction/substitution failed:\n  330 |         AD<Base> CondExp##Name(                                         \\\n      |                  ^~~~~~~\n/home/spi085/R/x86_64-pc-linux-gnu-library/4.4/TMB/include/cppad/local/cond_exp.hpp:345:1: note: in expansion of macro \u2018CPPAD_COND_EXP\u2019\n  345 | CPPAD_COND_EXP(Gt)\n      | ^~~~~~~~~~~~~~\nPOPULATIONS/POPULATION_0013/INDIVIDUAL_6CEGQJ3O/model.cpp:65:36: note:   mismatched types \u2018const CppAD::AD<Base>\u2019 and \u2018bool\u2019\n   65 |   Type fast_prev = CppAD::CondExpGt(CppAD::isnan(fast_dat(0)), Type(0),\n      |                    ~~~~~~~~~~~~~~~~^~~~~~~~~~~~~~~~~~~~~~~~~~~~~~~~~~~~\n   66 |                         CppAD::CondExpGt(fast_dat(0), Type(0), fast_dat(0), Type(1e-3)), Type(1e-3)); // Initial fast coral cover (%)\n      |                         ~~~~~~~~~~~~~~~~~~~~~~~~~~~~~~~~~~~~~~~~~~~~~~~~~~~~~~~~~~~~~~~~~~~~~~~~~~~~\n/home/spi085/R/x86_64-pc-linux-gnu-library/4.4/TMB/include/cppad/local/base_cond_exp.hpp:174:21: note: candidate: \u2018float CppAD::CondExpGt(const float&, const float&, const float&, const float&)\u2019\n  174 |         inline Type CondExp##Rel(                        \\\n      |                     ^~~~~~~\n/home/spi085/R/x86_64-pc-linux-gnu-library/4.4/TMB/include/cppad/local/base_cond_exp.hpp:199:9: note: in expansion of macro \u2018CPPAD_COND_EXP_BASE_REL\u2019\n  199 |         CPPAD_COND_EXP_BASE_REL(Type, Gt, CompareGt)\n      |         ^~~~~~~~~~~~~~~~~~~~~~~\n/home/spi085/R/x86_64-pc-linux-gnu-library/4.4/TMB/include/cppad/local/base_float.hpp:72:9: note: in expansion of macro \u2018CPPAD_COND_EXP_REL\u2019\n   72 |         CPPAD_COND_EXP_REL(float)\n      |         ^~~~~~~~~~~~~~~~~~\n/home/spi085/R/x86_64-pc-linux-gnu-library/4.4/TMB/include/cppad/local/base_cond_exp.hpp:176:29: note:   no known conversion for argument 2 from \u2018CppAD::AD<double>\u2019 to \u2018const float&\u2019\n  176 |                 const Type& right     ,                     \\\n      |                 ~~~~~~~~~~~~^~~~~\n/home/spi085/R/x86_64-pc-linux-gnu-library/4.4/TMB/include/cppad/local/base_cond_exp.hpp:199:9: note: in expansion of macro \u2018CPPAD_COND_EXP_BASE_REL\u2019\n  199 |         CPPAD_COND_EXP_BASE_REL(Type, Gt, CompareGt)\n      |         ^~~~~~~~~~~~~~~~~~~~~~~\n/home/spi085/R/x86_64-pc-linux-gnu-library/4.4/TMB/include/cppad/local/base_float.hpp:72:9: note: in expansion of macro \u2018CPPAD_COND_EXP_REL\u2019\n   72 |         CPPAD_COND_EXP_REL(float)\n      |         ^~~~~~~~~~~~~~~~~~\n/home/spi085/R/x86_64-pc-linux-gnu-library/4.4/TMB/include/cppad/local/base_cond_exp.hpp:174:21: note: candidate: \u2018double CppAD::CondExpGt(const double&, const double&, const double&, const double&)\u2019\n  174 |         inline Type CondExp##Rel(                        \\\n      |                     ^~~~~~~\n/home/spi085/R/x86_64-pc-linux-gnu-library/4.4/TMB/include/cppad/local/base_cond_exp.hpp:199:9: note: in expansion of macro \u2018CPPAD_COND_EXP_BASE_REL\u2019\n  199 |         CPPAD_COND_EXP_BASE_REL(Type, Gt, CompareGt)\n      |         ^~~~~~~~~~~~~~~~~~~~~~~\n/home/spi085/R/x86_64-pc-linux-gnu-library/4.4/TMB/include/cppad/local/base_double.hpp:72:9: note: in expansion of macro \u2018CPPAD_COND_EXP_REL\u2019\n   72 |         CPPAD_COND_EXP_REL(double)\n      |         ^~~~~~~~~~~~~~~~~~\n/home/spi085/R/x86_64-pc-linux-gnu-library/4.4/TMB/include/cppad/local/base_cond_exp.hpp:176:29: note:   no known conversion for argument 2 from \u2018CppAD::AD<double>\u2019 to \u2018const double&\u2019\n  176 |                 const Type& right     ,                     \\\n      |                 ~~~~~~~~~~~~^~~~~\n/home/spi085/R/x86_64-pc-linux-gnu-library/4.4/TMB/include/cppad/local/base_cond_exp.hpp:199:9: note: in expansion of macro \u2018CPPAD_COND_EXP_BASE_REL\u2019\n  199 |         CPPAD_COND_EXP_BASE_REL(Type, Gt, CompareGt)\n      |         ^~~~~~~~~~~~~~~~~~~~~~~\n/home/spi085/R/x86_64-pc-linux-gnu-library/4.4/TMB/include/cppad/local/base_double.hpp:72:9: note: in expansion of macro \u2018CPPAD_COND_EXP_REL\u2019\n   72 |         CPPAD_COND_EXP_REL(double)\n      |         ^~~~~~~~~~~~~~~~~~\n/home/spi085/R/x86_64-pc-linux-gnu-library/4.4/TMB/include/cppad/local/base_cond_exp.hpp:174:21: note: candidate: \u2018std::complex<double> CppAD::CondExpGt(const std::complex<double>&, const std::complex<double>&, const std::complex<double>&, const std::complex<double>&)\u2019\n  174 |         inline Type CondExp##Rel(                        \\\n      |                     ^~~~~~~\n/home/spi085/R/x86_64-pc-linux-gnu-library/4.4/TMB/include/cppad/local/base_cond_exp.hpp:199:9: note: in expansion of macro \u2018CPPAD_COND_EXP_BASE_REL\u2019\n  199 |         CPPAD_COND_EXP_BASE_REL(Type, Gt, CompareGt)\n      |         ^~~~~~~~~~~~~~~~~~~~~~~\n/home/spi085/R/x86_64-pc-linux-gnu-library/4.4/TMB/include/cppad/local/base_complex.hpp:105:9: note: in expansion of macro \u2018CPPAD_COND_EXP_REL\u2019\n  105 |         CPPAD_COND_EXP_REL( std::complex<double> )\n      |         ^~~~~~~~~~~~~~~~~~\n/home/spi085/R/x86_64-pc-linux-gnu-library/4.4/TMB/include/cppad/local/base_cond_exp.hpp:176:29: note:   no known conversion for argument 2 from \u2018CppAD::AD<double>\u2019 to \u2018const std::complex<double>&\u2019\n  176 |                 const Type& right     ,                     \\\n      |                 ~~~~~~~~~~~~^~~~~\n/home/spi085/R/x86_64-pc-linux-gnu-library/4.4/TMB/include/cppad/local/base_cond_exp.hpp:199:9: note: in expansion of macro \u2018CPPAD_COND_EXP_BASE_REL\u2019\n  199 |         CPPAD_COND_EXP_BASE_REL(Type, Gt, CompareGt)\n      |         ^~~~~~~~~~~~~~~~~~~~~~~\n/home/spi085/R/x86_64-pc-linux-gnu-library/4.4/TMB/include/cppad/local/base_complex.hpp:105:9: note: in expansion of macro \u2018CPPAD_COND_EXP_REL\u2019\n  105 |         CPPAD_COND_EXP_REL( std::complex<double> )\n      |         ^~~~~~~~~~~~~~~~~~\n/home/spi085/R/x86_64-pc-linux-gnu-library/4.4/TMB/include/cppad/local/base_cond_exp.hpp:174:21: note: candidate: \u2018std::complex<float> CppAD::CondExpGt(const std::complex<float>&, const std::complex<float>&, const std::complex<float>&, const std::complex<float>&)\u2019\n  174 |         inline Type CondExp##Rel(                        \\\n      |                     ^~~~~~~\n/home/spi085/R/x86_64-pc-linux-gnu-library/4.4/TMB/include/cppad/local/base_cond_exp.hpp:199:9: note: in expansion of macro \u2018CPPAD_COND_EXP_BASE_REL\u2019\n  199 |         CPPAD_COND_EXP_BASE_REL(Type, Gt, CompareGt)\n      |         ^~~~~~~~~~~~~~~~~~~~~~~\n/home/spi085/R/x86_64-pc-linux-gnu-library/4.4/TMB/include/cppad/local/base_complex.hpp:331:9: note: in expansion of macro \u2018CPPAD_COND_EXP_REL\u2019\n  331 |         CPPAD_COND_EXP_REL( std::complex<float> )\n      |         ^~~~~~~~~~~~~~~~~~\n/home/spi085/R/x86_64-pc-linux-gnu-library/4.4/TMB/include/cppad/local/base_cond_exp.hpp:176:29: note:   no known conversion for argument 2 from \u2018CppAD::AD<double>\u2019 to \u2018const std::complex<float>&\u2019\n  176 |                 const Type& right     ,                     \\\n      |                 ~~~~~~~~~~~~^~~~~\n/home/spi085/R/x86_64-pc-linux-gnu-library/4.4/TMB/include/cppad/local/base_cond_exp.hpp:199:9: note: in expansion of macro \u2018CPPAD_COND_EXP_BASE_REL\u2019\n  199 |         CPPAD_COND_EXP_BASE_REL(Type, Gt, CompareGt)\n      |         ^~~~~~~~~~~~~~~~~~~~~~~\n/home/spi085/R/x86_64-pc-linux-gnu-library/4.4/TMB/include/cppad/local/base_complex.hpp:331:9: note: in expansion of macro \u2018CPPAD_COND_EXP_REL\u2019\n  331 |         CPPAD_COND_EXP_REL( std::complex<float> )\n      |         ^~~~~~~~~~~~~~~~~~\nPOPULATIONS/POPULATION_0013/INDIVIDUAL_6CEGQJ3O/model.cpp:67:36: error: no matching function for call to \u2018CondExpGt(bool, CppAD::AD<double>, CppAD::AD<double>, CppAD::AD<double>)\u2019\n   67 |   Type slow_prev = CppAD::CondExpGt(CppAD::isnan(slow_dat(0)), Type(0),\n      |                    ~~~~~~~~~~~~~~~~^~~~~~~~~~~~~~~~~~~~~~~~~~~~~~~~~~~~\n   68 |                         CppAD::CondExpGt(slow_dat(0), Type(0), slow_dat(0), Type(1e-3)), Type(1e-3)); // Initial slow coral cover (%)\n      |                         ~~~~~~~~~~~~~~~~~~~~~~~~~~~~~~~~~~~~~~~~~~~~~~~~~~~~~~~~~~~~~~~~~~~~~~~~~~~~\n/home/spi085/R/x86_64-pc-linux-gnu-library/4.4/TMB/include/cppad/local/cond_exp.hpp:330:18: note: candidate: \u2018template<class Base> CppAD::AD<Base> CppAD::CondExpGt(const AD<Base>&, const AD<Base>&, const AD<Base>&, const AD<Base>&)\u2019\n  330 |         AD<Base> CondExp##Name(                                         \\\n      |                  ^~~~~~~\n/home/spi085/R/x86_64-pc-linux-gnu-library/4.4/TMB/include/cppad/local/cond_exp.hpp:345:1: note: in expansion of macro \u2018CPPAD_COND_EXP\u2019\n  345 | CPPAD_COND_EXP(Gt)\n      | ^~~~~~~~~~~~~~\n/home/spi085/R/x86_64-pc-linux-gnu-library/4.4/TMB/include/cppad/local/cond_exp.hpp:330:18: note:   template argument deduction/substitution failed:\n  330 |         AD<Base> CondExp##Name(                                         \\\n      |                  ^~~~~~~\n/home/spi085/R/x86_64-pc-linux-gnu-library/4.4/TMB/include/cppad/local/cond_exp.hpp:345:1: note: in expansion of macro \u2018CPPAD_COND_EXP\u2019\n  345 | CPPAD_COND_EXP(Gt)\n      | ^~~~~~~~~~~~~~\nPOPULATIONS/POPULATION_0013/INDIVIDUAL_6CEGQJ3O/model.cpp:67:36: note:   mismatched types \u2018const CppAD::AD<Base>\u2019 and \u2018bool\u2019\n   67 |   Type slow_prev = CppAD::CondExpGt(CppAD::isnan(slow_dat(0)), Type(0),\n      |                    ~~~~~~~~~~~~~~~~^~~~~~~~~~~~~~~~~~~~~~~~~~~~~~~~~~~~\n   68 |                         CppAD::CondExpGt(slow_dat(0), Type(0), slow_dat(0), Type(1e-3)), Type(1e-3)); // Initial slow coral cover (%)\n      |                         ~~~~~~~~~~~~~~~~~~~~~~~~~~~~~~~~~~~~~~~~~~~~~~~~~~~~~~~~~~~~~~~~~~~~~~~~~~~~\n/home/spi085/R/x86_64-pc-linux-gnu-library/4.4/TMB/include/cppad/local/base_cond_exp.hpp:174:21: note: candidate: \u2018float CppAD::CondExpGt(const float&, const float&, const float&, const float&)\u2019\n  174 |         inline Type CondExp##Rel(                        \\\n      |                     ^~~~~~~\n/home/spi085/R/x86_64-pc-linux-gnu-library/4.4/TMB/include/cppad/local/base_cond_exp.hpp:199:9: note: in expansion of macro \u2018CPPAD_COND_EXP_BASE_REL\u2019\n  199 |         CPPAD_COND_EXP_BASE_REL(Type, Gt, CompareGt)\n      |         ^~~~~~~~~~~~~~~~~~~~~~~\n/home/spi085/R/x86_64-pc-linux-gnu-library/4.4/TMB/include/cppad/local/base_float.hpp:72:9: note: in expansion of macro \u2018CPPAD_COND_EXP_REL\u2019\n   72 |         CPPAD_COND_EXP_REL(float)\n      |         ^~~~~~~~~~~~~~~~~~\n/home/spi085/R/x86_64-pc-linux-gnu-library/4.4/TMB/include/cppad/local/base_cond_exp.hpp:176:29: note:   no known conversion for argument 2 from \u2018CppAD::AD<double>\u2019 to \u2018const float&\u2019\n  176 |                 const Type& right     ,                     \\\n      |                 ~~~~~~~~~~~~^~~~~\n/home/spi085/R/x86_64-pc-linux-gnu-library/4.4/TMB/include/cppad/local/base_cond_exp.hpp:199:9: note: in expansion of macro \u2018CPPAD_COND_EXP_BASE_REL\u2019\n  199 |         CPPAD_COND_EXP_BASE_REL(Type, Gt, CompareGt)\n      |         ^~~~~~~~~~~~~~~~~~~~~~~\n/home/spi085/R/x86_64-pc-linux-gnu-library/4.4/TMB/include/cppad/local/base_float.hpp:72:9: note: in expansion of macro \u2018CPPAD_COND_EXP_REL\u2019\n   72 |         CPPAD_COND_EXP_REL(float)\n      |         ^~~~~~~~~~~~~~~~~~\n/home/spi085/R/x86_64-pc-linux-gnu-library/4.4/TMB/include/cppad/local/base_cond_exp.hpp:174:21: note: candidate: \u2018double CppAD::CondExpGt(const double&, const double&, const double&, const double&)\u2019\n  174 |         inline Type CondExp##Rel(                        \\\n      |                     ^~~~~~~\n/home/spi085/R/x86_64-pc-linux-gnu-library/4.4/TMB/include/cppad/local/base_cond_exp.hpp:199:9: note: in expansion of macro \u2018CPPAD_COND_EXP_BASE_REL\u2019\n  199 |         CPPAD_COND_EXP_BASE_REL(Type, Gt, CompareGt)\n      |         ^~~~~~~~~~~~~~~~~~~~~~~\n/home/spi085/R/x86_64-pc-linux-gnu-library/4.4/TMB/include/cppad/local/base_double.hpp:72:9: note: in expansion of macro \u2018CPPAD_COND_EXP_REL\u2019\n   72 |         CPPAD_COND_EXP_REL(double)\n      |         ^~~~~~~~~~~~~~~~~~\n/home/spi085/R/x86_64-pc-linux-gnu-library/4.4/TMB/include/cppad/local/base_cond_exp.hpp:176:29: note:   no known conversion for argument 2 from \u2018CppAD::AD<double>\u2019 to \u2018const double&\u2019\n  176 |                 const Type& right     ,                     \\\n      |                 ~~~~~~~~~~~~^~~~~\n/home/spi085/R/x86_64-pc-linux-gnu-library/4.4/TMB/include/cppad/local/base_cond_exp.hpp:199:9: note: in expansion of macro \u2018CPPAD_COND_EXP_BASE_REL\u2019\n  199 |         CPPAD_COND_EXP_BASE_REL(Type, Gt, CompareGt)\n      |         ^~~~~~~~~~~~~~~~~~~~~~~\n/home/spi085/R/x86_64-pc-linux-gnu-library/4.4/TMB/include/cppad/local/base_double.hpp:72:9: note: in expansion of macro \u2018CPPAD_COND_EXP_REL\u2019\n   72 |         CPPAD_COND_EXP_REL(double)\n      |         ^~~~~~~~~~~~~~~~~~\n/home/spi085/R/x86_64-pc-linux-gnu-library/4.4/TMB/include/cppad/local/base_cond_exp.hpp:174:21: note: candidate: \u2018std::complex<double> CppAD::CondExpGt(const std::complex<double>&, const std::complex<double>&, const std::complex<double>&, const std::complex<double>&)\u2019\n  174 |         inline Type CondExp##Rel(                        \\\n      |                     ^~~~~~~\n/home/spi085/R/x86_64-pc-linux-gnu-library/4.4/TMB/include/cppad/local/base_cond_exp.hpp:199:9: note: in expansion of macro \u2018CPPAD_COND_EXP_BASE_REL\u2019\n  199 |         CPPAD_COND_EXP_BASE_REL(Type, Gt, CompareGt)\n      |         ^~~~~~~~~~~~~~~~~~~~~~~\n/home/spi085/R/x86_64-pc-linux-gnu-library/4.4/TMB/include/cppad/local/base_complex.hpp:105:9: note: in expansion of macro \u2018CPPAD_COND_EXP_REL\u2019\n  105 |         CPPAD_COND_EXP_REL( std::complex<double> )\n      |         ^~~~~~~~~~~~~~~~~~\n/home/spi085/R/x86_64-pc-linux-gnu-library/4.4/TMB/include/cppad/local/base_cond_exp.hpp:176:29: note:   no known conversion for argument 2 from \u2018CppAD::AD<double>\u2019 to \u2018const std::complex<double>&\u2019\n  176 |                 const Type& right     ,                     \\\n      |                 ~~~~~~~~~~~~^~~~~\n/home/spi085/R/x86_64-pc-linux-gnu-library/4.4/TMB/include/cppad/local/base_cond_exp.hpp:199:9: note: in expansion of macro \u2018CPPAD_COND_EXP_BASE_REL\u2019\n  199 |         CPPAD_COND_EXP_BASE_REL(Type, Gt, CompareGt)\n      |         ^~~~~~~~~~~~~~~~~~~~~~~\n/home/spi085/R/x86_64-pc-linux-gnu-library/4.4/TMB/include/cppad/local/base_complex.hpp:105:9: note: in expansion of macro \u2018CPPAD_COND_EXP_REL\u2019\n  105 |         CPPAD_COND_EXP_REL( std::complex<double> )\n      |         ^~~~~~~~~~~~~~~~~~\n/home/spi085/R/x86_64-pc-linux-gnu-library/4.4/TMB/include/cppad/local/base_cond_exp.hpp:174:21: note: candidate: \u2018std::complex<float> CppAD::CondExpGt(const std::complex<float>&, const std::complex<float>&, const std::complex<float>&, const std::complex<float>&)\u2019\n  174 |         inline Type CondExp##Rel(                        \\\n      |                     ^~~~~~~\n/home/spi085/R/x86_64-pc-linux-gnu-library/4.4/TMB/include/cppad/local/base_cond_exp.hpp:199:9: note: in expansion of macro \u2018CPPAD_COND_EXP_BASE_REL\u2019\n  199 |         CPPAD_COND_EXP_BASE_REL(Type, Gt, CompareGt)\n      |         ^~~~~~~~~~~~~~~~~~~~~~~\n/home/spi085/R/x86_64-pc-linux-gnu-library/4.4/TMB/include/cppad/local/base_complex.hpp:331:9: note: in expansion of macro \u2018CPPAD_COND_EXP_REL\u2019\n  331 |         CPPAD_COND_EXP_REL( std::complex<float> )\n      |         ^~~~~~~~~~~~~~~~~~\n/home/spi085/R/x86_64-pc-linux-gnu-library/4.4/TMB/include/cppad/local/base_cond_exp.hpp:176:29: note:   no known conversion for argument 2 from \u2018CppAD::AD<double>\u2019 to \u2018const std::complex<float>&\u2019\n  176 |                 const Type& right     ,                     \\\n      |                 ~~~~~~~~~~~~^~~~~\n/home/spi085/R/x86_64-pc-linux-gnu-library/4.4/TMB/include/cppad/local/base_cond_exp.hpp:199:9: note: in expansion of macro \u2018CPPAD_COND_EXP_BASE_REL\u2019\n  199 |         CPPAD_COND_EXP_BASE_REL(Type, Gt, CompareGt)\n      |         ^~~~~~~~~~~~~~~~~~~~~~~\n/home/spi085/R/x86_64-pc-linux-gnu-library/4.4/TMB/include/cppad/local/base_complex.hpp:331:9: note: in expansion of macro \u2018CPPAD_COND_EXP_REL\u2019\n  331 |         CPPAD_COND_EXP_REL( std::complex<float> )\n      |         ^~~~~~~~~~~~~~~~~~\nPOPULATIONS/POPULATION_0013/INDIVIDUAL_6CEGQJ3O/model.cpp: In instantiation of \u2018Type objective_function<Type>::operator()() [with Type = CppAD::AD<CppAD::AD<double> >]\u2019:\n/home/spi085/R/x86_64-pc-linux-gnu-library/4.4/TMB/include/tmb_core.hpp:917:29:   required from \u2018Type objective_function<Type>::evalUserTemplate() [with Type = CppAD::AD<CppAD::AD<double> >]\u2019\n/home/spi085/R/x86_64-pc-linux-gnu-library/4.4/TMB/include/tmb_core.hpp:2116:26:   required from here\nPOPULATIONS/POPULATION_0013/INDIVIDUAL_6CEGQJ3O/model.cpp:63:36: error: no matching function for call to \u2018CondExpGt(bool, CppAD::AD<CppAD::AD<double> >, CppAD::AD<CppAD::AD<double> >, CppAD::AD<CppAD::AD<double> >)\u2019\n   63 |   Type cots_prev = CppAD::CondExpGt(CppAD::isnan(cots_dat(0)), Type(0),\n      |                    ~~~~~~~~~~~~~~~~^~~~~~~~~~~~~~~~~~~~~~~~~~~~~~~~~~~~\n   64 |                         CppAD::CondExpGt(cots_dat(0), Type(0), cots_dat(0), Type(1e-3)), Type(1e-3)); // Initial COTS density (indiv/m2)\n      |                         ~~~~~~~~~~~~~~~~~~~~~~~~~~~~~~~~~~~~~~~~~~~~~~~~~~~~~~~~~~~~~~~~~~~~~~~~~~~~\n/home/spi085/R/x86_64-pc-linux-gnu-library/4.4/TMB/include/cppad/local/cond_exp.hpp:330:18: note: candidate: \u2018template<class Base> CppAD::AD<Base> CppAD::CondExpGt(const AD<Base>&, const AD<Base>&, const AD<Base>&, const AD<Base>&)\u2019\n  330 |         AD<Base> CondExp##Name(                                         \\\n      |                  ^~~~~~~\n/home/spi085/R/x86_64-pc-linux-gnu-library/4.4/TMB/include/cppad/local/cond_exp.hpp:345:1: note: in expansion of macro \u2018CPPAD_COND_EXP\u2019\n  345 | CPPAD_COND_EXP(Gt)\n      | ^~~~~~~~~~~~~~\n/home/spi085/R/x86_64-pc-linux-gnu-library/4.4/TMB/include/cppad/local/cond_exp.hpp:330:18: note:   template argument deduction/substitution failed:\n  330 |         AD<Base> CondExp##Name(                                         \\\n      |                  ^~~~~~~\n/home/spi085/R/x86_64-pc-linux-gnu-library/4.4/TMB/include/cppad/local/cond_exp.hpp:345:1: note: in expansion of macro \u2018CPPAD_COND_EXP\u2019\n  345 | CPPAD_COND_EXP(Gt)\n      | ^~~~~~~~~~~~~~\nPOPULATIONS/POPULATION_0013/INDIVIDUAL_6CEGQJ3O/model.cpp:63:36: note:   mismatched types \u2018const CppAD::AD<Base>\u2019 and \u2018bool\u2019\n   63 |   Type cots_prev = CppAD::CondExpGt(CppAD::isnan(cots_dat(0)), Type(0),\n      |                    ~~~~~~~~~~~~~~~~^~~~~~~~~~~~~~~~~~~~~~~~~~~~~~~~~~~~\n   64 |                         CppAD::CondExpGt(cots_dat(0), Type(0), cots_dat(0), Type(1e-3)), Type(1e-3)); // Initial COTS density (indiv/m2)\n      |                         ~~~~~~~~~~~~~~~~~~~~~~~~~~~~~~~~~~~~~~~~~~~~~~~~~~~~~~~~~~~~~~~~~~~~~~~~~~~~\n/home/spi085/R/x86_64-pc-linux-gnu-library/4.4/TMB/include/cppad/local/base_cond_exp.hpp:174:21: note: candidate: \u2018float CppAD::CondExpGt(const float&, const float&, const float&, const float&)\u2019\n  174 |         inline Type CondExp##Rel(                        \\\n      |                     ^~~~~~~\n/home/spi085/R/x86_64-pc-linux-gnu-library/4.4/TMB/include/cppad/local/base_cond_exp.hpp:199:9: note: in expansion of macro \u2018CPPAD_COND_EXP_BASE_REL\u2019\n  199 |         CPPAD_COND_EXP_BASE_REL(Type, Gt, CompareGt)\n      |         ^~~~~~~~~~~~~~~~~~~~~~~\n/home/spi085/R/x86_64-pc-linux-gnu-library/4.4/TMB/include/cppad/local/base_float.hpp:72:9: note: in expansion of macro \u2018CPPAD_COND_EXP_REL\u2019\n   72 |         CPPAD_COND_EXP_REL(float)\n      |         ^~~~~~~~~~~~~~~~~~\n/home/spi085/R/x86_64-pc-linux-gnu-library/4.4/TMB/include/cppad/local/base_cond_exp.hpp:176:29: note:   no known conversion for argument 2 from \u2018CppAD::AD<CppAD::AD<double> >\u2019 to \u2018const float&\u2019\n  176 |                 const Type& right     ,                     \\\n      |                 ~~~~~~~~~~~~^~~~~\n/home/spi085/R/x86_64-pc-linux-gnu-library/4.4/TMB/include/cppad/local/base_cond_exp.hpp:199:9: note: in expansion of macro \u2018CPPAD_COND_EXP_BASE_REL\u2019\n  199 |         CPPAD_COND_EXP_BASE_REL(Type, Gt, CompareGt)\n      |         ^~~~~~~~~~~~~~~~~~~~~~~\n/home/spi085/R/x86_64-pc-linux-gnu-library/4.4/TMB/include/cppad/local/base_float.hpp:72:9: note: in expansion of macro \u2018CPPAD_COND_EXP_REL\u2019\n   72 |         CPPAD_COND_EXP_REL(float)\n      |         ^~~~~~~~~~~~~~~~~~\n/home/spi085/R/x86_64-pc-linux-gnu-library/4.4/TMB/include/cppad/local/base_cond_exp.hpp:174:21: note: candidate: \u2018double CppAD::CondExpGt(const double&, const double&, const double&, const double&)\u2019\n  174 |         inline Type CondExp##Rel(                        \\\n      |                     ^~~~~~~\n/home/spi085/R/x86_64-pc-linux-gnu-library/4.4/TMB/include/cppad/local/base_cond_exp.hpp:199:9: note: in expansion of macro \u2018CPPAD_COND_EXP_BASE_REL\u2019\n  199 |         CPPAD_COND_EXP_BASE_REL(Type, Gt, CompareGt)\n      |         ^~~~~~~~~~~~~~~~~~~~~~~\n/home/spi085/R/x86_64-pc-linux-gnu-library/4.4/TMB/include/cppad/local/base_double.hpp:72:9: note: in expansion of macro \u2018CPPAD_COND_EXP_REL\u2019\n   72 |         CPPAD_COND_EXP_REL(double)\n      |         ^~~~~~~~~~~~~~~~~~\n/home/spi085/R/x86_64-pc-linux-gnu-library/4.4/TMB/include/cppad/local/base_cond_exp.hpp:176:29: note:   no known conversion for argument 2 from \u2018CppAD::AD<CppAD::AD<double> >\u2019 to \u2018const double&\u2019\n  176 |                 const Type& right     ,                     \\\n      |                 ~~~~~~~~~~~~^~~~~\n/home/spi085/R/x86_64-pc-linux-gnu-library/4.4/TMB/include/cppad/local/base_cond_exp.hpp:199:9: note: in expansion of macro \u2018CPPAD_COND_EXP_BASE_REL\u2019\n  199 |         CPPAD_COND_EXP_BASE_REL(Type, Gt, CompareGt)\n      |         ^~~~~~~~~~~~~~~~~~~~~~~\n/home/spi085/R/x86_64-pc-linux-gnu-library/4.4/TMB/include/cppad/local/base_double.hpp:72:9: note: in expansion of macro \u2018CPPAD_COND_EXP_REL\u2019\n   72 |         CPPAD_COND_EXP_REL(double)\n      |         ^~~~~~~~~~~~~~~~~~\n/home/spi085/R/x86_64-pc-linux-gnu-library/4.4/TMB/include/cppad/local/base_cond_exp.hpp:174:21: note: candidate: \u2018std::complex<double> CppAD::CondExpGt(const std::complex<double>&, const std::complex<double>&, const std::complex<double>&, const std::complex<double>&)\u2019\n  174 |         inline Type CondExp##Rel(                        \\\n      |                     ^~~~~~~\n/home/spi085/R/x86_64-pc-linux-gnu-library/4.4/TMB/include/cppad/local/base_cond_exp.hpp:199:9: note: in expansion of macro \u2018CPPAD_COND_EXP_BASE_REL\u2019\n  199 |         CPPAD_COND_EXP_BASE_REL(Type, Gt, CompareGt)\n      |         ^~~~~~~~~~~~~~~~~~~~~~~\n/home/spi085/R/x86_64-pc-linux-gnu-library/4.4/TMB/include/cppad/local/base_complex.hpp:105:9: note: in expansion of macro \u2018CPPAD_COND_EXP_REL\u2019\n  105 |         CPPAD_COND_EXP_REL( std::complex<double> )\n      |         ^~~~~~~~~~~~~~~~~~\n/home/spi085/R/x86_64-pc-linux-gnu-library/4.4/TMB/include/cppad/local/base_cond_exp.hpp:176:29: note:   no known conversion for argument 2 from \u2018CppAD::AD<CppAD::AD<double> >\u2019 to \u2018const std::complex<double>&\u2019\n  176 |                 const Type& right     ,                     \\\n      |                 ~~~~~~~~~~~~^~~~~\n/home/spi085/R/x86_64-pc-linux-gnu-library/4.4/TMB/include/cppad/local/base_cond_exp.hpp:199:9: note: in expansion of macro \u2018CPPAD_COND_EXP_BASE_REL\u2019\n  199 |         CPPAD_COND_EXP_BASE_REL(Type, Gt, CompareGt)\n      |         ^~~~~~~~~~~~~~~~~~~~~~~\n/home/spi085/R/x86_64-pc-linux-gnu-library/4.4/TMB/include/cppad/local/base_complex.hpp:105:9: note: in expansion of macro \u2018CPPAD_COND_EXP_REL\u2019\n  105 |         CPPAD_COND_EXP_REL( std::complex<double> )\n      |         ^~~~~~~~~~~~~~~~~~\n/home/spi085/R/x86_64-pc-linux-gnu-library/4.4/TMB/include/cppad/local/base_cond_exp.hpp:174:21: note: candidate: \u2018std::complex<float> CppAD::CondExpGt(const std::complex<float>&, const std::complex<float>&, const std::complex<float>&, const std::complex<float>&)\u2019\n  174 |         inline Type CondExp##Rel(                        \\\n      |                     ^~~~~~~\n/home/spi085/R/x86_64-pc-linux-gnu-library/4.4/TMB/include/cppad/local/base_cond_exp.hpp:199:9: note: in expansion of macro \u2018CPPAD_COND_EXP_BASE_REL\u2019\n  199 |         CPPAD_COND_EXP_BASE_REL(Type, Gt, CompareGt)\n      |         ^~~~~~~~~~~~~~~~~~~~~~~\n/home/spi085/R/x86_64-pc-linux-gnu-library/4.4/TMB/include/cppad/local/base_complex.hpp:331:9: note: in expansion of macro \u2018CPPAD_COND_EXP_REL\u2019\n  331 |         CPPAD_COND_EXP_REL( std::complex<float> )\n      |         ^~~~~~~~~~~~~~~~~~\n/home/spi085/R/x86_64-pc-linux-gnu-library/4.4/TMB/include/cppad/local/base_cond_exp.hpp:176:29: note:   no known conversion for argument 2 from \u2018CppAD::AD<CppAD::AD<double> >\u2019 to \u2018const std::complex<float>&\u2019\n  176 |                 const Type& right     ,                     \\\n      |                 ~~~~~~~~~~~~^~~~~\n/home/spi085/R/x86_64-pc-linux-gnu-library/4.4/TMB/include/cppad/local/base_cond_exp.hpp:199:9: note: in expansion of macro \u2018CPPAD_COND_EXP_BASE_REL\u2019\n  199 |         CPPAD_COND_EXP_BASE_REL(Type, Gt, CompareGt)\n      |         ^~~~~~~~~~~~~~~~~~~~~~~\n/home/spi085/R/x86_64-pc-linux-gnu-library/4.4/TMB/include/cppad/local/base_complex.hpp:331:9: note: in expansion of macro \u2018CPPAD_COND_EXP_REL\u2019\n  331 |         CPPAD_COND_EXP_REL( std::complex<float> )\n      |         ^~~~~~~~~~~~~~~~~~\nPOPULATIONS/POPULATION_0013/INDIVIDUAL_6CEGQJ3O/model.cpp:65:36: error: no matching function for call to \u2018CondExpGt(bool, CppAD::AD<CppAD::AD<double> >, CppAD::AD<CppAD::AD<double> >, CppAD::AD<CppAD::AD<double> >)\u2019\n   65 |   Type fast_prev = CppAD::CondExpGt(CppAD::isnan(fast_dat(0)), Type(0),\n      |                    ~~~~~~~~~~~~~~~~^~~~~~~~~~~~~~~~~~~~~~~~~~~~~~~~~~~~\n   66 |                         CppAD::CondExpGt(fast_dat(0), Type(0), fast_dat(0), Type(1e-3)), Type(1e-3)); // Initial fast coral cover (%)\n      |                         ~~~~~~~~~~~~~~~~~~~~~~~~~~~~~~~~~~~~~~~~~~~~~~~~~~~~~~~~~~~~~~~~~~~~~~~~~~~~\n/home/spi085/R/x86_64-pc-linux-gnu-library/4.4/TMB/include/cppad/local/cond_exp.hpp:330:18: note: candidate: \u2018template<class Base> CppAD::AD<Base> CppAD::CondExpGt(const AD<Base>&, const AD<Base>&, const AD<Base>&, const AD<Base>&)\u2019\n  330 |         AD<Base> CondExp##Name(                                         \\\n      |                  ^~~~~~~\n/home/spi085/R/x86_64-pc-linux-gnu-library/4.4/TMB/include/cppad/local/cond_exp.hpp:345:1: note: in expansion of macro \u2018CPPAD_COND_EXP\u2019\n  345 | CPPAD_COND_EXP(Gt)\n      | ^~~~~~~~~~~~~~\n/home/spi085/R/x86_64-pc-linux-gnu-library/4.4/TMB/include/cppad/local/cond_exp.hpp:330:18: note:   template argument deduction/substitution failed:\n  330 |         AD<Base> CondExp##Name(                                         \\\n      |                  ^~~~~~~\n/home/spi085/R/x86_64-pc-linux-gnu-library/4.4/TMB/include/cppad/local/cond_exp.hpp:345:1: note: in expansion of macro \u2018CPPAD_COND_EXP\u2019\n  345 | CPPAD_COND_EXP(Gt)\n      | ^~~~~~~~~~~~~~\nPOPULATIONS/POPULATION_0013/INDIVIDUAL_6CEGQJ3O/model.cpp:65:36: note:   mismatched types \u2018const CppAD::AD<Base>\u2019 and \u2018bool\u2019\n   65 |   Type fast_prev = CppAD::CondExpGt(CppAD::isnan(fast_dat(0)), Type(0),\n      |                    ~~~~~~~~~~~~~~~~^~~~~~~~~~~~~~~~~~~~~~~~~~~~~~~~~~~~\n   66 |                         CppAD::CondExpGt(fast_dat(0), Type(0), fast_dat(0), Type(1e-3)), Type(1e-3)); // Initial fast coral cover (%)\n      |                         ~~~~~~~~~~~~~~~~~~~~~~~~~~~~~~~~~~~~~~~~~~~~~~~~~~~~~~~~~~~~~~~~~~~~~~~~~~~~\n/home/spi085/R/x86_64-pc-linux-gnu-library/4.4/TMB/include/cppad/local/base_cond_exp.hpp:174:21: note: candidate: \u2018float CppAD::CondExpGt(const float&, const float&, const float&, const float&)\u2019\n  174 |         inline Type CondExp##Rel(                        \\\n      |                     ^~~~~~~\n/home/spi085/R/x86_64-pc-linux-gnu-library/4.4/TMB/include/cppad/local/base_cond_exp.hpp:199:9: note: in expansion of macro \u2018CPPAD_COND_EXP_BASE_REL\u2019\n  199 |         CPPAD_COND_EXP_BASE_REL(Type, Gt, CompareGt)\n      |         ^~~~~~~~~~~~~~~~~~~~~~~\n/home/spi085/R/x86_64-pc-linux-gnu-library/4.4/TMB/include/cppad/local/base_float.hpp:72:9: note: in expansion of macro \u2018CPPAD_COND_EXP_REL\u2019\n   72 |         CPPAD_COND_EXP_REL(float)\n      |         ^~~~~~~~~~~~~~~~~~\n/home/spi085/R/x86_64-pc-linux-gnu-library/4.4/TMB/include/cppad/local/base_cond_exp.hpp:176:29: note:   no known conversion for argument 2 from \u2018CppAD::AD<CppAD::AD<double> >\u2019 to \u2018const float&\u2019\n  176 |                 const Type& right     ,                     \\\n      |                 ~~~~~~~~~~~~^~~~~\n/home/spi085/R/x86_64-pc-linux-gnu-library/4.4/TMB/include/cppad/local/base_cond_exp.hpp:199:9: note: in expansion of macro \u2018CPPAD_COND_EXP_BASE_REL\u2019\n  199 |         CPPAD_COND_EXP_BASE_REL(Type, Gt, CompareGt)\n      |         ^~~~~~~~~~~~~~~~~~~~~~~\n/home/spi085/R/x86_64-pc-linux-gnu-library/4.4/TMB/include/cppad/local/base_float.hpp:72:9: note: in expansion of macro \u2018CPPAD_COND_EXP_REL\u2019\n   72 |         CPPAD_COND_EXP_REL(float)\n      |         ^~~~~~~~~~~~~~~~~~\n/home/spi085/R/x86_64-pc-linux-gnu-library/4.4/TMB/include/cppad/local/base_cond_exp.hpp:174:21: note: candidate: \u2018double CppAD::CondExpGt(const double&, const double&, const double&, const double&)\u2019\n  174 |         inline Type CondExp##Rel(                        \\\n      |                     ^~~~~~~\n/home/spi085/R/x86_64-pc-linux-gnu-library/4.4/TMB/include/cppad/local/base_cond_exp.hpp:199:9: note: in expansion of macro \u2018CPPAD_COND_EXP_BASE_REL\u2019\n  199 |         CPPAD_COND_EXP_BASE_REL(Type, Gt, CompareGt)\n      |         ^~~~~~~~~~~~~~~~~~~~~~~\n/home/spi085/R/x86_64-pc-linux-gnu-library/4.4/TMB/include/cppad/local/base_double.hpp:72:9: note: in expansion of macro \u2018CPPAD_COND_EXP_REL\u2019\n   72 |         CPPAD_COND_EXP_REL(double)\n      |         ^~~~~~~~~~~~~~~~~~\n/home/spi085/R/x86_64-pc-linux-gnu-library/4.4/TMB/include/cppad/local/base_cond_exp.hpp:176:29: note:   no known conversion for argument 2 from \u2018CppAD::AD<CppAD::AD<double> >\u2019 to \u2018const double&\u2019\n  176 |                 const Type& right     ,                     \\\n      |                 ~~~~~~~~~~~~^~~~~\n/home/spi085/R/x86_64-pc-linux-gnu-library/4.4/TMB/include/cppad/local/base_cond_exp.hpp:199:9: note: in expansion of macro \u2018CPPAD_COND_EXP_BASE_REL\u2019\n  199 |         CPPAD_COND_EXP_BASE_REL(Type, Gt, CompareGt)\n      |         ^~~~~~~~~~~~~~~~~~~~~~~\n/home/spi085/R/x86_64-pc-linux-gnu-library/4.4/TMB/include/cppad/local/base_double.hpp:72:9: note: in expansion of macro \u2018CPPAD_COND_EXP_REL\u2019\n   72 |         CPPAD_COND_EXP_REL(double)\n      |         ^~~~~~~~~~~~~~~~~~\n/home/spi085/R/x86_64-pc-linux-gnu-library/4.4/TMB/include/cppad/local/base_cond_exp.hpp:174:21: note: candidate: \u2018std::complex<double> CppAD::CondExpGt(const std::complex<double>&, const std::complex<double>&, const std::complex<double>&, const std::complex<double>&)\u2019\n  174 |         inline Type CondExp##Rel(                        \\\n      |                     ^~~~~~~\n/home/spi085/R/x86_64-pc-linux-gnu-library/4.4/TMB/include/cppad/local/base_cond_exp.hpp:199:9: note: in expansion of macro \u2018CPPAD_COND_EXP_BASE_REL\u2019\n  199 |         CPPAD_COND_EXP_BASE_REL(Type, Gt, CompareGt)\n      |         ^~~~~~~~~~~~~~~~~~~~~~~\n/home/spi085/R/x86_64-pc-linux-gnu-library/4.4/TMB/include/cppad/local/base_complex.hpp:105:9: note: in expansion of macro \u2018CPPAD_COND_EXP_REL\u2019\n  105 |         CPPAD_COND_EXP_REL( std::complex<double> )\n      |         ^~~~~~~~~~~~~~~~~~\n/home/spi085/R/x86_64-pc-linux-gnu-library/4.4/TMB/include/cppad/local/base_cond_exp.hpp:176:29: note:   no known conversion for argument 2 from \u2018CppAD::AD<CppAD::AD<double> >\u2019 to \u2018const std::complex<double>&\u2019\n  176 |                 const Type& right     ,                     \\\n      |                 ~~~~~~~~~~~~^~~~~\n/home/spi085/R/x86_64-pc-linux-gnu-library/4.4/TMB/include/cppad/local/base_cond_exp.hpp:199:9: note: in expansion of macro \u2018CPPAD_COND_EXP_BASE_REL\u2019\n  199 |         CPPAD_COND_EXP_BASE_REL(Type, Gt, CompareGt)\n      |         ^~~~~~~~~~~~~~~~~~~~~~~\n/home/spi085/R/x86_64-pc-linux-gnu-library/4.4/TMB/include/cppad/local/base_complex.hpp:105:9: note: in expansion of macro \u2018CPPAD_COND_EXP_REL\u2019\n  105 |         CPPAD_COND_EXP_REL( std::complex<double> )\n      |         ^~~~~~~~~~~~~~~~~~\n/home/spi085/R/x86_64-pc-linux-gnu-library/4.4/TMB/include/cppad/local/base_cond_exp.hpp:174:21: note: candidate: \u2018std::complex<float> CppAD::CondExpGt(const std::complex<float>&, const std::complex<float>&, const std::complex<float>&, const std::complex<float>&)\u2019\n  174 |         inline Type CondExp##Rel(                        \\\n      |                     ^~~~~~~\n/home/spi085/R/x86_64-pc-linux-gnu-library/4.4/TMB/include/cppad/local/base_cond_exp.hpp:199:9: note: in expansion of macro \u2018CPPAD_COND_EXP_BASE_REL\u2019\n  199 |         CPPAD_COND_EXP_BASE_REL(Type, Gt, CompareGt)\n      |         ^~~~~~~~~~~~~~~~~~~~~~~\n/home/spi085/R/x86_64-pc-linux-gnu-library/4.4/TMB/include/cppad/local/base_complex.hpp:331:9: note: in expansion of macro \u2018CPPAD_COND_EXP_REL\u2019\n  331 |         CPPAD_COND_EXP_REL( std::complex<float> )\n      |         ^~~~~~~~~~~~~~~~~~\n/home/spi085/R/x86_64-pc-linux-gnu-library/4.4/TMB/include/cppad/local/base_cond_exp.hpp:176:29: note:   no known conversion for argument 2 from \u2018CppAD::AD<CppAD::AD<double> >\u2019 to \u2018const std::complex<float>&\u2019\n  176 |                 const Type& right     ,                     \\\n      |                 ~~~~~~~~~~~~^~~~~\n/home/spi085/R/x86_64-pc-linux-gnu-library/4.4/TMB/include/cppad/local/base_cond_exp.hpp:199:9: note: in expansion of macro \u2018CPPAD_COND_EXP_BASE_REL\u2019\n  199 |         CPPAD_COND_EXP_BASE_REL(Type, Gt, CompareGt)\n      |         ^~~~~~~~~~~~~~~~~~~~~~~\n/home/spi085/R/x86_64-pc-linux-gnu-library/4.4/TMB/include/cppad/local/base_complex.hpp:331:9: note: in expansion of macro \u2018CPPAD_COND_EXP_REL\u2019\n  331 |         CPPAD_COND_EXP_REL( std::complex<float> )\n      |         ^~~~~~~~~~~~~~~~~~\nPOPULATIONS/POPULATION_0013/INDIVIDUAL_6CEGQJ3O/model.cpp:67:36: error: no matching function for call to \u2018CondExpGt(bool, CppAD::AD<CppAD::AD<double> >, CppAD::AD<CppAD::AD<double> >, CppAD::AD<CppAD::AD<double> >)\u2019\n   67 |   Type slow_prev = CppAD::CondExpGt(CppAD::isnan(slow_dat(0)), Type(0),\n      |                    ~~~~~~~~~~~~~~~~^~~~~~~~~~~~~~~~~~~~~~~~~~~~~~~~~~~~\n   68 |                         CppAD::CondExpGt(slow_dat(0), Type(0), slow_dat(0), Type(1e-3)), Type(1e-3)); // Initial slow coral cover (%)\n      |                         ~~~~~~~~~~~~~~~~~~~~~~~~~~~~~~~~~~~~~~~~~~~~~~~~~~~~~~~~~~~~~~~~~~~~~~~~~~~~\n/home/spi085/R/x86_64-pc-linux-gnu-library/4.4/TMB/include/cppad/local/cond_exp.hpp:330:18: note: candidate: \u2018template<class Base> CppAD::AD<Base> CppAD::CondExpGt(const AD<Base>&, const AD<Base>&, const AD<Base>&, const AD<Base>&)\u2019\n  330 |         AD<Base> CondExp##Name(                                         \\\n      |                  ^~~~~~~\n/home/spi085/R/x86_64-pc-linux-gnu-library/4.4/TMB/include/cppad/local/cond_exp.hpp:345:1: note: in expansion of macro \u2018CPPAD_COND_EXP\u2019\n  345 | CPPAD_COND_EXP(Gt)\n      | ^~~~~~~~~~~~~~\n/home/spi085/R/x86_64-pc-linux-gnu-library/4.4/TMB/include/cppad/local/cond_exp.hpp:330:18: note:   template argument deduction/substitution failed:\n  330 |         AD<Base> CondExp##Name(                                         \\\n      |                  ^~~~~~~\n/home/spi085/R/x86_64-pc-linux-gnu-library/4.4/TMB/include/cppad/local/cond_exp.hpp:345:1: note: in expansion of macro \u2018CPPAD_COND_EXP\u2019\n  345 | CPPAD_COND_EXP(Gt)\n      | ^~~~~~~~~~~~~~\nPOPULATIONS/POPULATION_0013/INDIVIDUAL_6CEGQJ3O/model.cpp:67:36: note:   mismatched types \u2018const CppAD::AD<Base>\u2019 and \u2018bool\u2019\n   67 |   Type slow_prev = CppAD::CondExpGt(CppAD::isnan(slow_dat(0)), Type(0),\n      |                    ~~~~~~~~~~~~~~~~^~~~~~~~~~~~~~~~~~~~~~~~~~~~~~~~~~~~\n   68 |                         CppAD::CondExpGt(slow_dat(0), Type(0), slow_dat(0), Type(1e-3)), Type(1e-3)); // Initial slow coral cover (%)\n      |                         ~~~~~~~~~~~~~~~~~~~~~~~~~~~~~~~~~~~~~~~~~~~~~~~~~~~~~~~~~~~~~~~~~~~~~~~~~~~~\n/home/spi085/R/x86_64-pc-linux-gnu-library/4.4/TMB/include/cppad/local/base_cond_exp.hpp:174:21: note: candidate: \u2018float CppAD::CondExpGt(const float&, const float&, const float&, const float&)\u2019\n  174 |         inline Type CondExp##Rel(                        \\\n      |                     ^~~~~~~\n/home/spi085/R/x86_64-pc-linux-gnu-library/4.4/TMB/include/cppad/local/base_cond_exp.hpp:199:9: note: in expansion of macro \u2018CPPAD_COND_EXP_BASE_REL\u2019\n  199 |         CPPAD_COND_EXP_BASE_REL(Type, Gt, CompareGt)\n      |         ^~~~~~~~~~~~~~~~~~~~~~~\n/home/spi085/R/x86_64-pc-linux-gnu-library/4.4/TMB/include/cppad/local/base_float.hpp:72:9: note: in expansion of macro \u2018CPPAD_COND_EXP_REL\u2019\n   72 |         CPPAD_COND_EXP_REL(float)\n      |         ^~~~~~~~~~~~~~~~~~\n/home/spi085/R/x86_64-pc-linux-gnu-library/4.4/TMB/include/cppad/local/base_cond_exp.hpp:176:29: note:   no known conversion for argument 2 from \u2018CppAD::AD<CppAD::AD<double> >\u2019 to \u2018const float&\u2019\n  176 |                 const Type& right     ,                     \\\n      |                 ~~~~~~~~~~~~^~~~~\n/home/spi085/R/x86_64-pc-linux-gnu-library/4.4/TMB/include/cppad/local/base_cond_exp.hpp:199:9: note: in expansion of macro \u2018CPPAD_COND_EXP_BASE_REL\u2019\n  199 |         CPPAD_COND_EXP_BASE_REL(Type, Gt, CompareGt)\n      |         ^~~~~~~~~~~~~~~~~~~~~~~\n/home/spi085/R/x86_64-pc-linux-gnu-library/4.4/TMB/include/cppad/local/base_float.hpp:72:9: note: in expansion of macro \u2018CPPAD_COND_EXP_REL\u2019\n   72 |         CPPAD_COND_EXP_REL(float)\n      |         ^~~~~~~~~~~~~~~~~~\n/home/spi085/R/x86_64-pc-linux-gnu-library/4.4/TMB/include/cppad/local/base_cond_exp.hpp:174:21: note: candidate: \u2018double CppAD::CondExpGt(const double&, const double&, const double&, const double&)\u2019\n  174 |         inline Type CondExp##Rel(                        \\\n      |                     ^~~~~~~\n/home/spi085/R/x86_64-pc-linux-gnu-library/4.4/TMB/include/cppad/local/base_cond_exp.hpp:199:9: note: in expansion of macro \u2018CPPAD_COND_EXP_BASE_REL\u2019\n  199 |         CPPAD_COND_EXP_BASE_REL(Type, Gt, CompareGt)\n      |         ^~~~~~~~~~~~~~~~~~~~~~~\n/home/spi085/R/x86_64-pc-linux-gnu-library/4.4/TMB/include/cppad/local/base_double.hpp:72:9: note: in expansion of macro \u2018CPPAD_COND_EXP_REL\u2019\n   72 |         CPPAD_COND_EXP_REL(double)\n      |         ^~~~~~~~~~~~~~~~~~\n/home/spi085/R/x86_64-pc-linux-gnu-library/4.4/TMB/include/cppad/local/base_cond_exp.hpp:176:29: note:   no known conversion for argument 2 from \u2018CppAD::AD<CppAD::AD<double> >\u2019 to \u2018const double&\u2019\n  176 |                 const Type& right     ,                     \\\n      |                 ~~~~~~~~~~~~^~~~~\n/home/spi085/R/x86_64-pc-linux-gnu-library/4.4/TMB/include/cppad/local/base_cond_exp.hpp:199:9: note: in expansion of macro \u2018CPPAD_COND_EXP_BASE_REL\u2019\n  199 |         CPPAD_COND_EXP_BASE_REL(Type, Gt, CompareGt)\n      |         ^~~~~~~~~~~~~~~~~~~~~~~\n/home/spi085/R/x86_64-pc-linux-gnu-library/4.4/TMB/include/cppad/local/base_double.hpp:72:9: note: in expansion of macro \u2018CPPAD_COND_EXP_REL\u2019\n   72 |         CPPAD_COND_EXP_REL(double)\n      |         ^~~~~~~~~~~~~~~~~~\n/home/spi085/R/x86_64-pc-linux-gnu-library/4.4/TMB/include/cppad/local/base_cond_exp.hpp:174:21: note: candidate: \u2018std::complex<double> CppAD::CondExpGt(const std::complex<double>&, const std::complex<double>&, const std::complex<double>&, const std::complex<double>&)\u2019\n  174 |         inline Type CondExp##Rel(                        \\\n      |                     ^~~~~~~\n/home/spi085/R/x86_64-pc-linux-gnu-library/4.4/TMB/include/cppad/local/base_cond_exp.hpp:199:9: note: in expansion of macro \u2018CPPAD_COND_EXP_BASE_REL\u2019\n  199 |         CPPAD_COND_EXP_BASE_REL(Type, Gt, CompareGt)\n      |         ^~~~~~~~~~~~~~~~~~~~~~~\n/home/spi085/R/x86_64-pc-linux-gnu-library/4.4/TMB/include/cppad/local/base_complex.hpp:105:9: note: in expansion of macro \u2018CPPAD_COND_EXP_REL\u2019\n  105 |         CPPAD_COND_EXP_REL( std::complex<double> )\n      |         ^~~~~~~~~~~~~~~~~~\n/home/spi085/R/x86_64-pc-linux-gnu-library/4.4/TMB/include/cppad/local/base_cond_exp.hpp:176:29: note:   no known conversion for argument 2 from \u2018CppAD::AD<CppAD::AD<double> >\u2019 to \u2018const std::complex<double>&\u2019\n  176 |                 const Type& right     ,                     \\\n      |                 ~~~~~~~~~~~~^~~~~\n/home/spi085/R/x86_64-pc-linux-gnu-library/4.4/TMB/include/cppad/local/base_cond_exp.hpp:199:9: note: in expansion of macro \u2018CPPAD_COND_EXP_BASE_REL\u2019\n  199 |         CPPAD_COND_EXP_BASE_REL(Type, Gt, CompareGt)\n      |         ^~~~~~~~~~~~~~~~~~~~~~~\n/home/spi085/R/x86_64-pc-linux-gnu-library/4.4/TMB/include/cppad/local/base_complex.hpp:105:9: note: in expansion of macro \u2018CPPAD_COND_EXP_REL\u2019\n  105 |         CPPAD_COND_EXP_REL( std::complex<double> )\n      |         ^~~~~~~~~~~~~~~~~~\n/home/spi085/R/x86_64-pc-linux-gnu-library/4.4/TMB/include/cppad/local/base_cond_exp.hpp:174:21: note: candidate: \u2018std::complex<float> CppAD::CondExpGt(const std::complex<float>&, const std::complex<float>&, const std::complex<float>&, const std::complex<float>&)\u2019\n  174 |         inline Type CondExp##Rel(                        \\\n      |                     ^~~~~~~\n/home/spi085/R/x86_64-pc-linux-gnu-library/4.4/TMB/include/cppad/local/base_cond_exp.hpp:199:9: note: in expansion of macro \u2018CPPAD_COND_EXP_BASE_REL\u2019\n  199 |         CPPAD_COND_EXP_BASE_REL(Type, Gt, CompareGt)\n      |         ^~~~~~~~~~~~~~~~~~~~~~~\n/home/spi085/R/x86_64-pc-linux-gnu-library/4.4/TMB/include/cppad/local/base_complex.hpp:331:9: note: in expansion of macro \u2018CPPAD_COND_EXP_REL\u2019\n  331 |         CPPAD_COND_EXP_REL( std::complex<float> )\n      |         ^~~~~~~~~~~~~~~~~~\n/home/spi085/R/x86_64-pc-linux-gnu-library/4.4/TMB/include/cppad/local/base_cond_exp.hpp:176:29: note:   no known conversion for argument 2 from \u2018CppAD::AD<CppAD::AD<double> >\u2019 to \u2018const std::complex<float>&\u2019\n  176 |                 const Type& right     ,                     \\\n      |                 ~~~~~~~~~~~~^~~~~\n/home/spi085/R/x86_64-pc-linux-gnu-library/4.4/TMB/include/cppad/local/base_cond_exp.hpp:199:9: note: in expansion of macro \u2018CPPAD_COND_EXP_BASE_REL\u2019\n  199 |         CPPAD_COND_EXP_BASE_REL(Type, Gt, CompareGt)\n      |         ^~~~~~~~~~~~~~~~~~~~~~~\n/home/spi085/R/x86_64-pc-linux-gnu-library/4.4/TMB/include/cppad/local/base_complex.hpp:331:9: note: in expansion of macro \u2018CPPAD_COND_EXP_REL\u2019\n  331 |         CPPAD_COND_EXP_REL( std::complex<float> )\n      |         ^~~~~~~~~~~~~~~~~~\nPOPULATIONS/POPULATION_0013/INDIVIDUAL_6CEGQJ3O/model.cpp: In instantiation of \u2018Type objective_function<Type>::operator()() [with Type = CppAD::AD<CppAD::AD<CppAD::AD<double> > >]\u2019:\n/home/spi085/R/x86_64-pc-linux-gnu-library/4.4/TMB/include/tmb_core.hpp:917:29:   required from \u2018Type objective_function<Type>::evalUserTemplate() [with Type = CppAD::AD<CppAD::AD<CppAD::AD<double> > >]\u2019\n/home/spi085/R/x86_64-pc-linux-gnu-library/4.4/TMB/include/tmb_core.hpp:2365:28:   required from here\nPOPULATIONS/POPULATION_0013/INDIVIDUAL_6CEGQJ3O/model.cpp:63:36: error: no matching function for call to \u2018CondExpGt(bool, CppAD::AD<CppAD::AD<CppAD::AD<double> > >, CppAD::AD<CppAD::AD<CppAD::AD<double> > >, CppAD::AD<CppAD::AD<CppAD::AD<double> > >)\u2019\n   63 |   Type cots_prev = CppAD::CondExpGt(CppAD::isnan(cots_dat(0)), Type(0),\n      |                    ~~~~~~~~~~~~~~~~^~~~~~~~~~~~~~~~~~~~~~~~~~~~~~~~~~~~\n   64 |                         CppAD::CondExpGt(cots_dat(0), Type(0), cots_dat(0), Type(1e-3)), Type(1e-3)); // Initial COTS density (indiv/m2)\n      |                         ~~~~~~~~~~~~~~~~~~~~~~~~~~~~~~~~~~~~~~~~~~~~~~~~~~~~~~~~~~~~~~~~~~~~~~~~~~~~\n/home/spi085/R/x86_64-pc-linux-gnu-library/4.4/TMB/include/cppad/local/cond_exp.hpp:330:18: note: candidate: \u2018template<class Base> CppAD::AD<Base> CppAD::CondExpGt(const AD<Base>&, const AD<Base>&, const AD<Base>&, const AD<Base>&)\u2019\n  330 |         AD<Base> CondExp##Name(                                         \\\n      |                  ^~~~~~~\n/home/spi085/R/x86_64-pc-linux-gnu-library/4.4/TMB/include/cppad/local/cond_exp.hpp:345:1: note: in expansion of macro \u2018CPPAD_COND_EXP\u2019\n  345 | CPPAD_COND_EXP(Gt)\n      | ^~~~~~~~~~~~~~\n/home/spi085/R/x86_64-pc-linux-gnu-library/4.4/TMB/include/cppad/local/cond_exp.hpp:330:18: note:   template argument deduction/substitution failed:\n  330 |         AD<Base> CondExp##Name(                                         \\\n      |                  ^~~~~~~\n/home/spi085/R/x86_64-pc-linux-gnu-library/4.4/TMB/include/cppad/local/cond_exp.hpp:345:1: note: in expansion of macro \u2018CPPAD_COND_EXP\u2019\n  345 | CPPAD_COND_EXP(Gt)\n      | ^~~~~~~~~~~~~~\nPOPULATIONS/POPULATION_0013/INDIVIDUAL_6CEGQJ3O/model.cpp:63:36: note:   mismatched types \u2018const CppAD::AD<Base>\u2019 and \u2018bool\u2019\n   63 |   Type cots_prev = CppAD::CondExpGt(CppAD::isnan(cots_dat(0)), Type(0),\n      |                    ~~~~~~~~~~~~~~~~^~~~~~~~~~~~~~~~~~~~~~~~~~~~~~~~~~~~\n   64 |                         CppAD::CondExpGt(cots_dat(0), Type(0), cots_dat(0), Type(1e-3)), Type(1e-3)); // Initial COTS density (indiv/m2)\n      |                         ~~~~~~~~~~~~~~~~~~~~~~~~~~~~~~~~~~~~~~~~~~~~~~~~~~~~~~~~~~~~~~~~~~~~~~~~~~~~\n/home/spi085/R/x86_64-pc-linux-gnu-library/4.4/TMB/include/cppad/local/base_cond_exp.hpp:174:21: note: candidate: \u2018float CppAD::CondExpGt(const float&, const float&, const float&, const float&)\u2019\n  174 |         inline Type CondExp##Rel(                        \\\n      |                     ^~~~~~~\n/home/spi085/R/x86_64-pc-linux-gnu-library/4.4/TMB/include/cppad/local/base_cond_exp.hpp:199:9: note: in expansion of macro \u2018CPPAD_COND_EXP_BASE_REL\u2019\n  199 |         CPPAD_COND_EXP_BASE_REL(Type, Gt, CompareGt)\n      |         ^~~~~~~~~~~~~~~~~~~~~~~\n/home/spi085/R/x86_64-pc-linux-gnu-library/4.4/TMB/include/cppad/local/base_float.hpp:72:9: note: in expansion of macro \u2018CPPAD_COND_EXP_REL\u2019\n   72 |         CPPAD_COND_EXP_REL(float)\n      |         ^~~~~~~~~~~~~~~~~~\n/home/spi085/R/x86_64-pc-linux-gnu-library/4.4/TMB/include/cppad/local/base_cond_exp.hpp:176:29: note:   no known conversion for argument 2 from \u2018CppAD::AD<CppAD::AD<CppAD::AD<double> > >\u2019 to \u2018const float&\u2019\n  176 |                 const Type& right     ,                     \\\n      |                 ~~~~~~~~~~~~^~~~~\n/home/spi085/R/x86_64-pc-linux-gnu-library/4.4/TMB/include/cppad/local/base_cond_exp.hpp:199:9: note: in expansion of macro \u2018CPPAD_COND_EXP_BASE_REL\u2019\n  199 |         CPPAD_COND_EXP_BASE_REL(Type, Gt, CompareGt)\n      |         ^~~~~~~~~~~~~~~~~~~~~~~\n/home/spi085/R/x86_64-pc-linux-gnu-library/4.4/TMB/include/cppad/local/base_float.hpp:72:9: note: in expansion of macro \u2018CPPAD_COND_EXP_REL\u2019\n   72 |         CPPAD_COND_EXP_REL(float)\n      |         ^~~~~~~~~~~~~~~~~~\n/home/spi085/R/x86_64-pc-linux-gnu-library/4.4/TMB/include/cppad/local/base_cond_exp.hpp:174:21: note: candidate: \u2018double CppAD::CondExpGt(const double&, const double&, const double&, const double&)\u2019\n  174 |         inline Type CondExp##Rel(                        \\\n      |                     ^~~~~~~\n/home/spi085/R/x86_64-pc-linux-gnu-library/4.4/TMB/include/cppad/local/base_cond_exp.hpp:199:9: note: in expansion of macro \u2018CPPAD_COND_EXP_BASE_REL\u2019\n  199 |         CPPAD_COND_EXP_BASE_REL(Type, Gt, CompareGt)\n      |         ^~~~~~~~~~~~~~~~~~~~~~~\n/home/spi085/R/x86_64-pc-linux-gnu-library/4.4/TMB/include/cppad/local/base_double.hpp:72:9: note: in expansion of macro \u2018CPPAD_COND_EXP_REL\u2019\n   72 |         CPPAD_COND_EXP_REL(double)\n      |         ^~~~~~~~~~~~~~~~~~\n/home/spi085/R/x86_64-pc-linux-gnu-library/4.4/TMB/include/cppad/local/base_cond_exp.hpp:176:29: note:   no known conversion for argument 2 from \u2018CppAD::AD<CppAD::AD<CppAD::AD<double> > >\u2019 to \u2018const double&\u2019\n  176 |                 const Type& right     ,                     \\\n      |                 ~~~~~~~~~~~~^~~~~\n/home/spi085/R/x86_64-pc-linux-gnu-library/4.4/TMB/include/cppad/local/base_cond_exp.hpp:199:9: note: in expansion of macro \u2018CPPAD_COND_EXP_BASE_REL\u2019\n  199 |         CPPAD_COND_EXP_BASE_REL(Type, Gt, CompareGt)\n      |         ^~~~~~~~~~~~~~~~~~~~~~~\n/home/spi085/R/x86_64-pc-linux-gnu-library/4.4/TMB/include/cppad/local/base_double.hpp:72:9: note: in expansion of macro \u2018CPPAD_COND_EXP_REL\u2019\n   72 |         CPPAD_COND_EXP_REL(double)\n      |         ^~~~~~~~~~~~~~~~~~\n/home/spi085/R/x86_64-pc-linux-gnu-library/4.4/TMB/include/cppad/local/base_cond_exp.hpp:174:21: note: candidate: \u2018std::complex<double> CppAD::CondExpGt(const std::complex<double>&, const std::complex<double>&, const std::complex<double>&, const std::complex<double>&)\u2019\n  174 |         inline Type CondExp##Rel(                        \\\n      |                     ^~~~~~~\n/home/spi085/R/x86_64-pc-linux-gnu-library/4.4/TMB/include/cppad/local/base_cond_exp.hpp:199:9: note: in expansion of macro \u2018CPPAD_COND_EXP_BASE_REL\u2019\n  199 |         CPPAD_COND_EXP_BASE_REL(Type, Gt, CompareGt)\n      |         ^~~~~~~~~~~~~~~~~~~~~~~\n/home/spi085/R/x86_64-pc-linux-gnu-library/4.4/TMB/include/cppad/local/base_complex.hpp:105:9: note: in expansion of macro \u2018CPPAD_COND_EXP_REL\u2019\n  105 |         CPPAD_COND_EXP_REL( std::complex<double> )\n      |         ^~~~~~~~~~~~~~~~~~\n/home/spi085/R/x86_64-pc-linux-gnu-library/4.4/TMB/include/cppad/local/base_cond_exp.hpp:176:29: note:   no known conversion for argument 2 from \u2018CppAD::AD<CppAD::AD<CppAD::AD<double> > >\u2019 to \u2018const std::complex<double>&\u2019\n  176 |                 const Type& right     ,                     \\\n      |                 ~~~~~~~~~~~~^~~~~\n/home/spi085/R/x86_64-pc-linux-gnu-library/4.4/TMB/include/cppad/local/base_cond_exp.hpp:199:9: note: in expansion of macro \u2018CPPAD_COND_EXP_BASE_REL\u2019\n  199 |         CPPAD_COND_EXP_BASE_REL(Type, Gt, CompareGt)\n      |         ^~~~~~~~~~~~~~~~~~~~~~~\n/home/spi085/R/x86_64-pc-linux-gnu-library/4.4/TMB/include/cppad/local/base_complex.hpp:105:9: note: in expansion of macro \u2018CPPAD_COND_EXP_REL\u2019\n  105 |         CPPAD_COND_EXP_REL( std::complex<double> )\n      |         ^~~~~~~~~~~~~~~~~~\n/home/spi085/R/x86_64-pc-linux-gnu-library/4.4/TMB/include/cppad/local/base_cond_exp.hpp:174:21: note: candidate: \u2018std::complex<float> CppAD::CondExpGt(const std::complex<float>&, const std::complex<float>&, const std::complex<float>&, const std::complex<float>&)\u2019\n  174 |         inline Type CondExp##Rel(                        \\\n      |                     ^~~~~~~\n/home/spi085/R/x86_64-pc-linux-gnu-library/4.4/TMB/include/cppad/local/base_cond_exp.hpp:199:9: note: in expansion of macro \u2018CPPAD_COND_EXP_BASE_REL\u2019\n  199 |         CPPAD_COND_EXP_BASE_REL(Type, Gt, CompareGt)\n      |         ^~~~~~~~~~~~~~~~~~~~~~~\n/home/spi085/R/x86_64-pc-linux-gnu-library/4.4/TMB/include/cppad/local/base_complex.hpp:331:9: note: in expansion of macro \u2018CPPAD_COND_EXP_REL\u2019\n  331 |         CPPAD_COND_EXP_REL( std::complex<float> )\n      |         ^~~~~~~~~~~~~~~~~~\n/home/spi085/R/x86_64-pc-linux-gnu-library/4.4/TMB/include/cppad/local/base_cond_exp.hpp:176:29: note:   no known conversion for argument 2 from \u2018CppAD::AD<CppAD::AD<CppAD::AD<double> > >\u2019 to \u2018const std::complex<float>&\u2019\n  176 |                 const Type& right     ,                     \\\n      |                 ~~~~~~~~~~~~^~~~~\n/home/spi085/R/x86_64-pc-linux-gnu-library/4.4/TMB/include/cppad/local/base_cond_exp.hpp:199:9: note: in expansion of macro \u2018CPPAD_COND_EXP_BASE_REL\u2019\n  199 |         CPPAD_COND_EXP_BASE_REL(Type, Gt, CompareGt)\n      |         ^~~~~~~~~~~~~~~~~~~~~~~\n/home/spi085/R/x86_64-pc-linux-gnu-library/4.4/TMB/include/cppad/local/base_complex.hpp:331:9: note: in expansion of macro \u2018CPPAD_COND_EXP_REL\u2019\n  331 |         CPPAD_COND_EXP_REL( std::complex<float> )\n      |         ^~~~~~~~~~~~~~~~~~\nPOPULATIONS/POPULATION_0013/INDIVIDUAL_6CEGQJ3O/model.cpp:65:36: error: no matching function for call to \u2018CondExpGt(bool, CppAD::AD<CppAD::AD<CppAD::AD<double> > >, CppAD::AD<CppAD::AD<CppAD::AD<double> > >, CppAD::AD<CppAD::AD<CppAD::AD<double> > >)\u2019\n   65 |   Type fast_prev = CppAD::CondExpGt(CppAD::isnan(fast_dat(0)), Type(0),\n      |                    ~~~~~~~~~~~~~~~~^~~~~~~~~~~~~~~~~~~~~~~~~~~~~~~~~~~~\n   66 |                         CppAD::CondExpGt(fast_dat(0), Type(0), fast_dat(0), Type(1e-3)), Type(1e-3)); // Initial fast coral cover (%)\n      |                         ~~~~~~~~~~~~~~~~~~~~~~~~~~~~~~~~~~~~~~~~~~~~~~~~~~~~~~~~~~~~~~~~~~~~~~~~~~~~\n/home/spi085/R/x86_64-pc-linux-gnu-library/4.4/TMB/include/cppad/local/cond_exp.hpp:330:18: note: candidate: \u2018template<class Base> CppAD::AD<Base> CppAD::CondExpGt(const AD<Base>&, const AD<Base>&, const AD<Base>&, const AD<Base>&)\u2019\n  330 |         AD<Base> CondExp##Name(                                         \\\n      |                  ^~~~~~~\n/home/spi085/R/x86_64-pc-linux-gnu-library/4.4/TMB/include/cppad/local/cond_exp.hpp:345:1: note: in expansion of macro \u2018CPPAD_COND_EXP\u2019\n  345 | CPPAD_COND_EXP(Gt)\n      | ^~~~~~~~~~~~~~\n/home/spi085/R/x86_64-pc-linux-gnu-library/4.4/TMB/include/cppad/local/cond_exp.hpp:330:18: note:   template argument deduction/substitution failed:\n  330 |         AD<Base> CondExp##Name(                                         \\\n      |                  ^~~~~~~\n/home/spi085/R/x86_64-pc-linux-gnu-library/4.4/TMB/include/cppad/local/cond_exp.hpp:345:1: note: in expansion of macro \u2018CPPAD_COND_EXP\u2019\n  345 | CPPAD_COND_EXP(Gt)\n      | ^~~~~~~~~~~~~~\nPOPULATIONS/POPULATION_0013/INDIVIDUAL_6CEGQJ3O/model.cpp:65:36: note:   mismatched types \u2018const CppAD::AD<Base>\u2019 and \u2018bool\u2019\n   65 |   Type fast_prev = CppAD::CondExpGt(CppAD::isnan(fast_dat(0)), Type(0),\n      |                    ~~~~~~~~~~~~~~~~^~~~~~~~~~~~~~~~~~~~~~~~~~~~~~~~~~~~\n   66 |                         CppAD::CondExpGt(fast_dat(0), Type(0), fast_dat(0), Type(1e-3)), Type(1e-3)); // Initial fast coral cover (%)\n      |                         ~~~~~~~~~~~~~~~~~~~~~~~~~~~~~~~~~~~~~~~~~~~~~~~~~~~~~~~~~~~~~~~~~~~~~~~~~~~~\n/home/spi085/R/x86_64-pc-linux-gnu-library/4.4/TMB/include/cppad/local/base_cond_exp.hpp:174:21: note: candidate: \u2018float CppAD::CondExpGt(const float&, const float&, const float&, const float&)\u2019\n  174 |         inline Type CondExp##Rel(                        \\\n      |                     ^~~~~~~\n/home/spi085/R/x86_64-pc-linux-gnu-library/4.4/TMB/include/cppad/local/base_cond_exp.hpp:199:9: note: in expansion of macro \u2018CPPAD_COND_EXP_BASE_REL\u2019\n  199 |         CPPAD_COND_EXP_BASE_REL(Type, Gt, CompareGt)\n      |         ^~~~~~~~~~~~~~~~~~~~~~~\n/home/spi085/R/x86_64-pc-linux-gnu-library/4.4/TMB/include/cppad/local/base_float.hpp:72:9: note: in expansion of macro \u2018CPPAD_COND_EXP_REL\u2019\n   72 |         CPPAD_COND_EXP_REL(float)\n      |         ^~~~~~~~~~~~~~~~~~\n/home/spi085/R/x86_64-pc-linux-gnu-library/4.4/TMB/include/cppad/local/base_cond_exp.hpp:176:29: note:   no known conversion for argument 2 from \u2018CppAD::AD<CppAD::AD<CppAD::AD<double> > >\u2019 to \u2018const float&\u2019\n  176 |                 const Type& right     ,                     \\\n      |                 ~~~~~~~~~~~~^~~~~\n/home/spi085/R/x86_64-pc-linux-gnu-library/4.4/TMB/include/cppad/local/base_cond_exp.hpp:199:9: note: in expansion of macro \u2018CPPAD_COND_EXP_BASE_REL\u2019\n  199 |         CPPAD_COND_EXP_BASE_REL(Type, Gt, CompareGt)\n      |         ^~~~~~~~~~~~~~~~~~~~~~~\n/home/spi085/R/x86_64-pc-linux-gnu-library/4.4/TMB/include/cppad/local/base_float.hpp:72:9: note: in expansion of macro \u2018CPPAD_COND_EXP_REL\u2019\n   72 |         CPPAD_COND_EXP_REL(float)\n      |         ^~~~~~~~~~~~~~~~~~\n/home/spi085/R/x86_64-pc-linux-gnu-library/4.4/TMB/include/cppad/local/base_cond_exp.hpp:174:21: note: candidate: \u2018double CppAD::CondExpGt(const double&, const double&, const double&, const double&)\u2019\n  174 |         inline Type CondExp##Rel(                        \\\n      |                     ^~~~~~~\n/home/spi085/R/x86_64-pc-linux-gnu-library/4.4/TMB/include/cppad/local/base_cond_exp.hpp:199:9: note: in expansion of macro \u2018CPPAD_COND_EXP_BASE_REL\u2019\n  199 |         CPPAD_COND_EXP_BASE_REL(Type, Gt, CompareGt)\n      |         ^~~~~~~~~~~~~~~~~~~~~~~\n/home/spi085/R/x86_64-pc-linux-gnu-library/4.4/TMB/include/cppad/local/base_double.hpp:72:9: note: in expansion of macro \u2018CPPAD_COND_EXP_REL\u2019\n   72 |         CPPAD_COND_EXP_REL(double)\n      |         ^~~~~~~~~~~~~~~~~~\n/home/spi085/R/x86_64-pc-linux-gnu-library/4.4/TMB/include/cppad/local/base_cond_exp.hpp:176:29: note:   no known conversion for argument 2 from \u2018CppAD::AD<CppAD::AD<CppAD::AD<double> > >\u2019 to \u2018const double&\u2019\n  176 |                 const Type& right     ,                     \\\n      |                 ~~~~~~~~~~~~^~~~~\n/home/spi085/R/x86_64-pc-linux-gnu-library/4.4/TMB/include/cppad/local/base_cond_exp.hpp:199:9: note: in expansion of macro \u2018CPPAD_COND_EXP_BASE_REL\u2019\n  199 |         CPPAD_COND_EXP_BASE_REL(Type, Gt, CompareGt)\n      |         ^~~~~~~~~~~~~~~~~~~~~~~\n/home/spi085/R/x86_64-pc-linux-gnu-library/4.4/TMB/include/cppad/local/base_double.hpp:72:9: note: in expansion of macro \u2018CPPAD_COND_EXP_REL\u2019\n   72 |         CPPAD_COND_EXP_REL(double)\n      |         ^~~~~~~~~~~~~~~~~~\n/home/spi085/R/x86_64-pc-linux-gnu-library/4.4/TMB/include/cppad/local/base_cond_exp.hpp:174:21: note: candidate: \u2018std::complex<double> CppAD::CondExpGt(const std::complex<double>&, const std::complex<double>&, const std::complex<double>&, const std::complex<double>&)\u2019\n  174 |         inline Type CondExp##Rel(                        \\\n      |                     ^~~~~~~\n/home/spi085/R/x86_64-pc-linux-gnu-library/4.4/TMB/include/cppad/local/base_cond_exp.hpp:199:9: note: in expansion of macro \u2018CPPAD_COND_EXP_BASE_REL\u2019\n  199 |         CPPAD_COND_EXP_BASE_REL(Type, Gt, CompareGt)\n      |         ^~~~~~~~~~~~~~~~~~~~~~~\n/home/spi085/R/x86_64-pc-linux-gnu-library/4.4/TMB/include/cppad/local/base_complex.hpp:105:9: note: in expansion of macro \u2018CPPAD_COND_EXP_REL\u2019\n  105 |         CPPAD_COND_EXP_REL( std::complex<double> )\n      |         ^~~~~~~~~~~~~~~~~~\n/home/spi085/R/x86_64-pc-linux-gnu-library/4.4/TMB/include/cppad/local/base_cond_exp.hpp:176:29: note:   no known conversion for argument 2 from \u2018CppAD::AD<CppAD::AD<CppAD::AD<double> > >\u2019 to \u2018const std::complex<double>&\u2019\n  176 |                 const Type& right     ,                     \\\n      |                 ~~~~~~~~~~~~^~~~~\n/home/spi085/R/x86_64-pc-linux-gnu-library/4.4/TMB/include/cppad/local/base_cond_exp.hpp:199:9: note: in expansion of macro \u2018CPPAD_COND_EXP_BASE_REL\u2019\n  199 |         CPPAD_COND_EXP_BASE_REL(Type, Gt, CompareGt)\n      |         ^~~~~~~~~~~~~~~~~~~~~~~\n/home/spi085/R/x86_64-pc-linux-gnu-library/4.4/TMB/include/cppad/local/base_complex.hpp:105:9: note: in expansion of macro \u2018CPPAD_COND_EXP_REL\u2019\n  105 |         CPPAD_COND_EXP_REL( std::complex<double> )\n      |         ^~~~~~~~~~~~~~~~~~\n/home/spi085/R/x86_64-pc-linux-gnu-library/4.4/TMB/include/cppad/local/base_cond_exp.hpp:174:21: note: candidate: \u2018std::complex<float> CppAD::CondExpGt(const std::complex<float>&, const std::complex<float>&, const std::complex<float>&, const std::complex<float>&)\u2019\n  174 |         inline Type CondExp##Rel(                        \\\n      |                     ^~~~~~~\n/home/spi085/R/x86_64-pc-linux-gnu-library/4.4/TMB/include/cppad/local/base_cond_exp.hpp:199:9: note: in expansion of macro \u2018CPPAD_COND_EXP_BASE_REL\u2019\n  199 |         CPPAD_COND_EXP_BASE_REL(Type, Gt, CompareGt)\n      |         ^~~~~~~~~~~~~~~~~~~~~~~\n/home/spi085/R/x86_64-pc-linux-gnu-library/4.4/TMB/include/cppad/local/base_complex.hpp:331:9: note: in expansion of macro \u2018CPPAD_COND_EXP_REL\u2019\n  331 |         CPPAD_COND_EXP_REL( std::complex<float> )\n      |         ^~~~~~~~~~~~~~~~~~\n/home/spi085/R/x86_64-pc-linux-gnu-library/4.4/TMB/include/cppad/local/base_cond_exp.hpp:176:29: note:   no known conversion for argument 2 from \u2018CppAD::AD<CppAD::AD<CppAD::AD<double> > >\u2019 to \u2018const std::complex<float>&\u2019\n  176 |                 const Type& right     ,                     \\\n      |                 ~~~~~~~~~~~~^~~~~\n/home/spi085/R/x86_64-pc-linux-gnu-library/4.4/TMB/include/cppad/local/base_cond_exp.hpp:199:9: note: in expansion of macro \u2018CPPAD_COND_EXP_BASE_REL\u2019\n  199 |         CPPAD_COND_EXP_BASE_REL(Type, Gt, CompareGt)\n      |         ^~~~~~~~~~~~~~~~~~~~~~~\n/home/spi085/R/x86_64-pc-linux-gnu-library/4.4/TMB/include/cppad/local/base_complex.hpp:331:9: note: in expansion of macro \u2018CPPAD_COND_EXP_REL\u2019\n  331 |         CPPAD_COND_EXP_REL( std::complex<float> )\n      |         ^~~~~~~~~~~~~~~~~~\nPOPULATIONS/POPULATION_0013/INDIVIDUAL_6CEGQJ3O/model.cpp:67:36: error: no matching function for call to \u2018CondExpGt(bool, CppAD::AD<CppAD::AD<CppAD::AD<double> > >, CppAD::AD<CppAD::AD<CppAD::AD<double> > >, CppAD::AD<CppAD::AD<CppAD::AD<double> > >)\u2019\n   67 |   Type slow_prev = CppAD::CondExpGt(CppAD::isnan(slow_dat(0)), Type(0),\n      |                    ~~~~~~~~~~~~~~~~^~~~~~~~~~~~~~~~~~~~~~~~~~~~~~~~~~~~\n   68 |                         CppAD::CondExpGt(slow_dat(0), Type(0), slow_dat(0), Type(1e-3)), Type(1e-3)); // Initial slow coral cover (%)\n      |                         ~~~~~~~~~~~~~~~~~~~~~~~~~~~~~~~~~~~~~~~~~~~~~~~~~~~~~~~~~~~~~~~~~~~~~~~~~~~~\n/home/spi085/R/x86_64-pc-linux-gnu-library/4.4/TMB/include/cppad/local/cond_exp.hpp:330:18: note: candidate: \u2018template<class Base> CppAD::AD<Base> CppAD::CondExpGt(const AD<Base>&, const AD<Base>&, const AD<Base>&, const AD<Base>&)\u2019\n  330 |         AD<Base> CondExp##Name(                                         \\\n      |                  ^~~~~~~\n/home/spi085/R/x86_64-pc-linux-gnu-library/4.4/TMB/include/cppad/local/cond_exp.hpp:345:1: note: in expansion of macro \u2018CPPAD_COND_EXP\u2019\n  345 | CPPAD_COND_EXP(Gt)\n      | ^~~~~~~~~~~~~~\n/home/spi085/R/x86_64-pc-linux-gnu-library/4.4/TMB/include/cppad/local/cond_exp.hpp:330:18: note:   template argument deduction/substitution failed:\n  330 |         AD<Base> CondExp##Name(                                         \\\n      |                  ^~~~~~~\n/home/spi085/R/x86_64-pc-linux-gnu-library/4.4/TMB/include/cppad/local/cond_exp.hpp:345:1: note: in expansion of macro \u2018CPPAD_COND_EXP\u2019\n  345 | CPPAD_COND_EXP(Gt)\n      | ^~~~~~~~~~~~~~\nPOPULATIONS/POPULATION_0013/INDIVIDUAL_6CEGQJ3O/model.cpp:67:36: note:   mismatched types \u2018const CppAD::AD<Base>\u2019 and \u2018bool\u2019\n   67 |   Type slow_prev = CppAD::CondExpGt(CppAD::isnan(slow_dat(0)), Type(0),\n      |                    ~~~~~~~~~~~~~~~~^~~~~~~~~~~~~~~~~~~~~~~~~~~~~~~~~~~~\n   68 |                         CppAD::CondExpGt(slow_dat(0), Type(0), slow_dat(0), Type(1e-3)), Type(1e-3)); // Initial slow coral cover (%)\n      |                         ~~~~~~~~~~~~~~~~~~~~~~~~~~~~~~~~~~~~~~~~~~~~~~~~~~~~~~~~~~~~~~~~~~~~~~~~~~~~\n/home/spi085/R/x86_64-pc-linux-gnu-library/4.4/TMB/include/cppad/local/base_cond_exp.hpp:174:21: note: candidate: \u2018float CppAD::CondExpGt(const float&, const float&, const float&, const float&)\u2019\n  174 |         inline Type CondExp##Rel(                        \\\n      |                     ^~~~~~~\n/home/spi085/R/x86_64-pc-linux-gnu-library/4.4/TMB/include/cppad/local/base_cond_exp.hpp:199:9: note: in expansion of macro \u2018CPPAD_COND_EXP_BASE_REL\u2019\n  199 |         CPPAD_COND_EXP_BASE_REL(Type, Gt, CompareGt)\n      |         ^~~~~~~~~~~~~~~~~~~~~~~\n/home/spi085/R/x86_64-pc-linux-gnu-library/4.4/TMB/include/cppad/local/base_float.hpp:72:9: note: in expansion of macro \u2018CPPAD_COND_EXP_REL\u2019\n   72 |         CPPAD_COND_EXP_REL(float)\n      |         ^~~~~~~~~~~~~~~~~~\n/home/spi085/R/x86_64-pc-linux-gnu-library/4.4/TMB/include/cppad/local/base_cond_exp.hpp:176:29: note:   no known conversion for argument 2 from \u2018CppAD::AD<CppAD::AD<CppAD::AD<double> > >\u2019 to \u2018const float&\u2019\n  176 |                 const Type& right     ,                     \\\n      |                 ~~~~~~~~~~~~^~~~~\n/home/spi085/R/x86_64-pc-linux-gnu-library/4.4/TMB/include/cppad/local/base_cond_exp.hpp:199:9: note: in expansion of macro \u2018CPPAD_COND_EXP_BASE_REL\u2019\n  199 |         CPPAD_COND_EXP_BASE_REL(Type, Gt, CompareGt)\n      |         ^~~~~~~~~~~~~~~~~~~~~~~\n/home/spi085/R/x86_64-pc-linux-gnu-library/4.4/TMB/include/cppad/local/base_float.hpp:72:9: note: in expansion of macro \u2018CPPAD_COND_EXP_REL\u2019\n   72 |         CPPAD_COND_EXP_REL(float)\n      |         ^~~~~~~~~~~~~~~~~~\n/home/spi085/R/x86_64-pc-linux-gnu-library/4.4/TMB/include/cppad/local/base_cond_exp.hpp:174:21: note: candidate: \u2018double CppAD::CondExpGt(const double&, const double&, const double&, const double&)\u2019\n  174 |         inline Type CondExp##Rel(                        \\\n      |                     ^~~~~~~\n/home/spi085/R/x86_64-pc-linux-gnu-library/4.4/TMB/include/cppad/local/base_cond_exp.hpp:199:9: note: in expansion of macro \u2018CPPAD_COND_EXP_BASE_REL\u2019\n  199 |         CPPAD_COND_EXP_BASE_REL(Type, Gt, CompareGt)\n      |         ^~~~~~~~~~~~~~~~~~~~~~~\n/home/spi085/R/x86_64-pc-linux-gnu-library/4.4/TMB/include/cppad/local/base_double.hpp:72:9: note: in expansion of macro \u2018CPPAD_COND_EXP_REL\u2019\n   72 |         CPPAD_COND_EXP_REL(double)\n      |         ^~~~~~~~~~~~~~~~~~\n/home/spi085/R/x86_64-pc-linux-gnu-library/4.4/TMB/include/cppad/local/base_cond_exp.hpp:176:29: note:   no known conversion for argument 2 from \u2018CppAD::AD<CppAD::AD<CppAD::AD<double> > >\u2019 to \u2018const double&\u2019\n  176 |                 const Type& right     ,                     \\\n      |                 ~~~~~~~~~~~~^~~~~\n/home/spi085/R/x86_64-pc-linux-gnu-library/4.4/TMB/include/cppad/local/base_cond_exp.hpp:199:9: note: in expansion of macro \u2018CPPAD_COND_EXP_BASE_REL\u2019\n  199 |         CPPAD_COND_EXP_BASE_REL(Type, Gt, CompareGt)\n      |         ^~~~~~~~~~~~~~~~~~~~~~~\n/home/spi085/R/x86_64-pc-linux-gnu-library/4.4/TMB/include/cppad/local/base_double.hpp:72:9: note: in expansion of macro \u2018CPPAD_COND_EXP_REL\u2019\n   72 |         CPPAD_COND_EXP_REL(double)\n      |         ^~~~~~~~~~~~~~~~~~\n/home/spi085/R/x86_64-pc-linux-gnu-library/4.4/TMB/include/cppad/local/base_cond_exp.hpp:174:21: note: candidate: \u2018std::complex<double> CppAD::CondExpGt(const std::complex<double>&, const std::complex<double>&, const std::complex<double>&, const std::complex<double>&)\u2019\n  174 |         inline Type CondExp##Rel(                        \\\n      |                     ^~~~~~~\n/home/spi085/R/x86_64-pc-linux-gnu-library/4.4/TMB/include/cppad/local/base_cond_exp.hpp:199:9: note: in expansion of macro \u2018CPPAD_COND_EXP_BASE_REL\u2019\n  199 |         CPPAD_COND_EXP_BASE_REL(Type, Gt, CompareGt)\n      |         ^~~~~~~~~~~~~~~~~~~~~~~\n/home/spi085/R/x86_64-pc-linux-gnu-library/4.4/TMB/include/cppad/local/base_complex.hpp:105:9: note: in expansion of macro \u2018CPPAD_COND_EXP_REL\u2019\n  105 |         CPPAD_COND_EXP_REL( std::complex<double> )\n      |         ^~~~~~~~~~~~~~~~~~\n/home/spi085/R/x86_64-pc-linux-gnu-library/4.4/TMB/include/cppad/local/base_cond_exp.hpp:176:29: note:   no known conversion for argument 2 from \u2018CppAD::AD<CppAD::AD<CppAD::AD<double> > >\u2019 to \u2018const std::complex<double>&\u2019\n  176 |                 const Type& right     ,                     \\\n      |                 ~~~~~~~~~~~~^~~~~\n/home/spi085/R/x86_64-pc-linux-gnu-library/4.4/TMB/include/cppad/local/base_cond_exp.hpp:199:9: note: in expansion of macro \u2018CPPAD_COND_EXP_BASE_REL\u2019\n  199 |         CPPAD_COND_EXP_BASE_REL(Type, Gt, CompareGt)\n      |         ^~~~~~~~~~~~~~~~~~~~~~~\n/home/spi085/R/x86_64-pc-linux-gnu-library/4.4/TMB/include/cppad/local/base_complex.hpp:105:9: note: in expansion of macro \u2018CPPAD_COND_EXP_REL\u2019\n  105 |         CPPAD_COND_EXP_REL( std::complex<double> )\n      |         ^~~~~~~~~~~~~~~~~~\n/home/spi085/R/x86_64-pc-linux-gnu-library/4.4/TMB/include/cppad/local/base_cond_exp.hpp:174:21: note: candidate: \u2018std::complex<float> CppAD::CondExpGt(const std::complex<float>&, const std::complex<float>&, const std::complex<float>&, const std::complex<float>&)\u2019\n  174 |         inline Type CondExp##Rel(                        \\\n      |                     ^~~~~~~\n/home/spi085/R/x86_64-pc-linux-gnu-library/4.4/TMB/include/cppad/local/base_cond_exp.hpp:199:9: note: in expansion of macro \u2018CPPAD_COND_EXP_BASE_REL\u2019\n  199 |         CPPAD_COND_EXP_BASE_REL(Type, Gt, CompareGt)\n      |         ^~~~~~~~~~~~~~~~~~~~~~~\n/home/spi085/R/x86_64-pc-linux-gnu-library/4.4/TMB/include/cppad/local/base_complex.hpp:331:9: note: in expansion of macro \u2018CPPAD_COND_EXP_REL\u2019\n  331 |         CPPAD_COND_EXP_REL( std::complex<float> )\n      |         ^~~~~~~~~~~~~~~~~~\n/home/spi085/R/x86_64-pc-linux-gnu-library/4.4/TMB/include/cppad/local/base_cond_exp.hpp:176:29: note:   no known conversion for argument 2 from \u2018CppAD::AD<CppAD::AD<CppAD::AD<double> > >\u2019 to \u2018const std::complex<float>&\u2019\n  176 |                 const Type& right     ,                     \\\n      |                 ~~~~~~~~~~~~^~~~~\n/home/spi085/R/x86_64-pc-linux-gnu-library/4.4/TMB/include/cppad/local/base_cond_exp.hpp:199:9: note: in expansion of macro \u2018CPPAD_COND_EXP_BASE_REL\u2019\n  199 |         CPPAD_COND_EXP_BASE_REL(Type, Gt, CompareGt)\n      |         ^~~~~~~~~~~~~~~~~~~~~~~\n/home/spi085/R/x86_64-pc-linux-gnu-library/4.4/TMB/include/cppad/local/base_complex.hpp:331:9: note: in expansion of macro \u2018CPPAD_COND_EXP_REL\u2019\n  331 |         CPPAD_COND_EXP_REL( std::complex<float> )\n      |         ^~~~~~~~~~~~~~~~~~\nmake: *** [/usr/lib/R/etc/Makeconf:204: POPULATIONS/POPULATION_0013/INDIVIDUAL_6CEGQJ3O/model.o] Error 1\nError in TMB::compile(file.path(individual_dir, model_file), flags = flags,  : \n  Compilation failed\nError: Compilation failed\nExecution halted"
    },
    "4": {
      "status": "ERROR",
      "message": "R script failed with return code 1",
      "stdout": "g++ -std=gnu++17 -I\"/usr/share/R/include\" -DNDEBUG -I\"/home/spi085/R/x86_64-pc-linux-gnu-library/4.4/TMB/include\" -I\"/home/spi085/R/x86_64-pc-linux-gnu-library/4.4/RcppEigen/include\"   -DTMB_EIGEN_DISABLE_WARNINGS   -DTMB_LIB_INIT=R_init_model  -DCPPAD_FRAMEWORK      -fpic  -O2  -c POPULATIONS/POPULATION_0013/INDIVIDUAL_6CEGQJ3O/model.cpp -o POPULATIONS/POPULATION_0013/INDIVIDUAL_6CEGQJ3O/model.o\ng++ -std=gnu++17 -shared -L/usr/lib/R/lib -Wl,-Bsymbolic-functions -flto=auto -ffat-lto-objects -Wl,-z,relro -o POPULATIONS/POPULATION_0013/INDIVIDUAL_6CEGQJ3O/model.so POPULATIONS/POPULATION_0013/INDIVIDUAL_6CEGQJ3O/model.o -L/usr/lib/R/lib -lR\nStarting model phases\nNumber of phases: 4 \nPhase 1 \nInitial parameter values for phase 1 :\nlog_r_cots \n        NA \nError in model phases: NA/NaN gradient evaluation",
      "stderr": "Loading required package: TMB\nLoading required package: jsonlite\nhere() starts at /home/spi085/Documents/_Projects/SCCP-QuantModelling\nusing C++ compiler: \u2018g++ (Ubuntu 13.3.0-6ubuntu2~24.04) 13.3.0\u2019\nError in value[[3L]](cond) : \n  Error in model phases: NA/NaN gradient evaluation\nCalls: tryCatch -> tryCatchList -> tryCatchOne -> <Anonymous>\nIn addition: Warning message:\nIn nlminb(model$par, model$fn, model$gr) : NA/NaN function evaluation\nExecution halted"
    },
    "5": {
      "status": "ERROR",
      "message": "R script failed with return code 1",
      "stdout": "g++ -std=gnu++17 -I\"/usr/share/R/include\" -DNDEBUG -I\"/home/spi085/R/x86_64-pc-linux-gnu-library/4.4/TMB/include\" -I\"/home/spi085/R/x86_64-pc-linux-gnu-library/4.4/RcppEigen/include\"   -DTMB_EIGEN_DISABLE_WARNINGS   -DTMB_LIB_INIT=R_init_model  -DCPPAD_FRAMEWORK      -fpic  -O2  -c POPULATIONS/POPULATION_0013/INDIVIDUAL_6CEGQJ3O/model.cpp -o POPULATIONS/POPULATION_0013/INDIVIDUAL_6CEGQJ3O/model.o\ng++ -std=gnu++17 -shared -L/usr/lib/R/lib -Wl,-Bsymbolic-functions -flto=auto -ffat-lto-objects -Wl,-z,relro -o POPULATIONS/POPULATION_0013/INDIVIDUAL_6CEGQJ3O/model.so POPULATIONS/POPULATION_0013/INDIVIDUAL_6CEGQJ3O/model.o -L/usr/lib/R/lib -lR\nStarting model phases\nNumber of phases: 4 \nPhase 1 \nInitial parameter values for phase 1 :\nlog_r_cots \n        NA \nError in model phases: NA/NaN gradient evaluation",
      "stderr": "Loading required package: TMB\nLoading required package: jsonlite\nhere() starts at /home/spi085/Documents/_Projects/SCCP-QuantModelling\nusing C++ compiler: \u2018g++ (Ubuntu 13.3.0-6ubuntu2~24.04) 13.3.0\u2019\nError in value[[3L]](cond) : \n  Error in model phases: NA/NaN gradient evaluation\nCalls: tryCatch -> tryCatchList -> tryCatchOne -> <Anonymous>\nIn addition: Warning message:\nIn nlminb(model$par, model$fn, model$gr) : NA/NaN function evaluation\nExecution halted"
    },
    "6": {
      "status": "ERROR",
      "message": "R script failed with return code 1",
      "stdout": "g++ -std=gnu++17 -I\"/usr/share/R/include\" -DNDEBUG -I\"/home/spi085/R/x86_64-pc-linux-gnu-library/4.4/TMB/include\" -I\"/home/spi085/R/x86_64-pc-linux-gnu-library/4.4/RcppEigen/include\"   -DTMB_EIGEN_DISABLE_WARNINGS   -DTMB_LIB_INIT=R_init_model  -DCPPAD_FRAMEWORK      -fpic  -O2  -c POPULATIONS/POPULATION_0013/INDIVIDUAL_6CEGQJ3O/model.cpp -o POPULATIONS/POPULATION_0013/INDIVIDUAL_6CEGQJ3O/model.o\ng++ -std=gnu++17 -shared -L/usr/lib/R/lib -Wl,-Bsymbolic-functions -flto=auto -ffat-lto-objects -Wl,-z,relro -o POPULATIONS/POPULATION_0013/INDIVIDUAL_6CEGQJ3O/model.so POPULATIONS/POPULATION_0013/INDIVIDUAL_6CEGQJ3O/model.o -L/usr/lib/R/lib -lR\nStarting model phases\nNumber of phases: 4 \nPhase 1 \nInitial parameter values for phase 1 :\nlog_r_cots \n        NA \nError in model phases: NA/NaN gradient evaluation",
      "stderr": "Loading required package: TMB\nLoading required package: jsonlite\nhere() starts at /home/spi085/Documents/_Projects/SCCP-QuantModelling\nusing C++ compiler: \u2018g++ (Ubuntu 13.3.0-6ubuntu2~24.04) 13.3.0\u2019\nError in value[[3L]](cond) : \n  Error in model phases: NA/NaN gradient evaluation\nCalls: tryCatch -> tryCatchList -> tryCatchOne -> <Anonymous>\nIn addition: Warning message:\nIn nlminb(model$par, model$fn, model$gr) : NA/NaN function evaluation\nExecution halted"
    },
    "7": {
      "status": "BROKEN"
    }
  }
}