{
  "iterations": {
    "1": {
      "status": "ERROR",
      "message": "R script failed with return code 1",
      "stdout": "g++ -std=gnu++17 -I\"/usr/share/R/include\" -DNDEBUG -I\"/home/spi085/R/x86_64-pc-linux-gnu-library/4.4/TMB/include\" -I\"/home/spi085/R/x86_64-pc-linux-gnu-library/4.4/RcppEigen/include\"   -DTMB_EIGEN_DISABLE_WARNINGS   -DTMB_LIB_INIT=R_init_model  -DCPPAD_FRAMEWORK      -fpic  -O2  -c POPULATIONS/POPULATION_0016/INDIVIDUAL_XCIP58HH/model.cpp -o POPULATIONS/POPULATION_0016/INDIVIDUAL_XCIP58HH/model.o\ng++ -std=gnu++17 -shared -L/usr/lib/R/lib -Wl,-Bsymbolic-functions -flto=auto -ffat-lto-objects -Wl,-z,relro -o POPULATIONS/POPULATION_0016/INDIVIDUAL_XCIP58HH/model.so POPULATIONS/POPULATION_0016/INDIVIDUAL_XCIP58HH/model.o -L/usr/lib/R/lib -lR\nStarting model phases\nNumber of phases: 3 \nPhase 1 \nInitial parameter values for phase 1 :\n    log_r_cots log_sigma_cots log_sigma_fast log_sigma_slow \n            NA             NA             NA             NA \nError in model phases: NA/NaN gradient evaluation",
      "stderr": "Loading required package: TMB\nLoading required package: jsonlite\nhere() starts at /home/spi085/Documents/_Projects/SCCP-QuantModelling\nusing C++ compiler: \u2018g++ (Ubuntu 13.3.0-6ubuntu2~24.04) 13.3.0\u2019\nError in value[[3L]](cond) : \n  Error in model phases: NA/NaN gradient evaluation\nCalls: tryCatch -> tryCatchList -> tryCatchOne -> <Anonymous>\nIn addition: Warning message:\nIn nlminb(model$par, model$fn, model$gr) : NA/NaN function evaluation\nExecution halted"
    },
    "2": {
      "status": "ERROR",
      "message": "R script failed with return code 1",
      "stdout": "g++ -std=gnu++17 -I\"/usr/share/R/include\" -DNDEBUG -I\"/home/spi085/R/x86_64-pc-linux-gnu-library/4.4/TMB/include\" -I\"/home/spi085/R/x86_64-pc-linux-gnu-library/4.4/RcppEigen/include\"   -DTMB_EIGEN_DISABLE_WARNINGS   -DTMB_LIB_INIT=R_init_model  -DCPPAD_FRAMEWORK      -fpic  -O2  -c POPULATIONS/POPULATION_0016/INDIVIDUAL_XCIP58HH/model.cpp -o POPULATIONS/POPULATION_0016/INDIVIDUAL_XCIP58HH/model.o\ng++ -std=gnu++17 -shared -L/usr/lib/R/lib -Wl,-Bsymbolic-functions -flto=auto -ffat-lto-objects -Wl,-z,relro -o POPULATIONS/POPULATION_0016/INDIVIDUAL_XCIP58HH/model.so POPULATIONS/POPULATION_0016/INDIVIDUAL_XCIP58HH/model.o -L/usr/lib/R/lib -lR\nStarting model phases\nNumber of phases: 3 \nPhase 1 \nInitial parameter values for phase 1 :\n    log_r_cots log_sigma_cots log_sigma_fast log_sigma_slow \n            NA             NA             NA             NA \nError in model phases: NA/NaN gradient evaluation",
      "stderr": "Loading required package: TMB\nLoading required package: jsonlite\nhere() starts at /home/spi085/Documents/_Projects/SCCP-QuantModelling\nusing C++ compiler: \u2018g++ (Ubuntu 13.3.0-6ubuntu2~24.04) 13.3.0\u2019\nError in value[[3L]](cond) : \n  Error in model phases: NA/NaN gradient evaluation\nCalls: tryCatch -> tryCatchList -> tryCatchOne -> <Anonymous>\nIn addition: Warning message:\nIn nlminb(model$par, model$fn, model$gr) : NA/NaN function evaluation\nExecution halted"
    },
    "3": {
      "status": "ERROR",
      "message": "R script failed with return code 1",
      "stdout": "g++ -std=gnu++17 -I\"/usr/share/R/include\" -DNDEBUG -I\"/home/spi085/R/x86_64-pc-linux-gnu-library/4.4/TMB/include\" -I\"/home/spi085/R/x86_64-pc-linux-gnu-library/4.4/RcppEigen/include\"   -DTMB_EIGEN_DISABLE_WARNINGS   -DTMB_LIB_INIT=R_init_model  -DCPPAD_FRAMEWORK      -fpic  -O2  -c POPULATIONS/POPULATION_0016/INDIVIDUAL_XCIP58HH/model.cpp -o POPULATIONS/POPULATION_0016/INDIVIDUAL_XCIP58HH/model.o\ng++ -std=gnu++17 -shared -L/usr/lib/R/lib -Wl,-Bsymbolic-functions -flto=auto -ffat-lto-objects -Wl,-z,relro -o POPULATIONS/POPULATION_0016/INDIVIDUAL_XCIP58HH/model.so POPULATIONS/POPULATION_0016/INDIVIDUAL_XCIP58HH/model.o -L/usr/lib/R/lib -lR\nStarting model phases\nNumber of phases: 3 \nPhase 1 \nInitial parameter values for phase 1 :\n    log_r_cots log_sigma_cots log_sigma_fast log_sigma_slow \n            NA             NA             NA             NA \nError in model phases: NA/NaN gradient evaluation",
      "stderr": "Loading required package: TMB\nLoading required package: jsonlite\nhere() starts at /home/spi085/Documents/_Projects/SCCP-QuantModelling\nusing C++ compiler: \u2018g++ (Ubuntu 13.3.0-6ubuntu2~24.04) 13.3.0\u2019\nError in value[[3L]](cond) : \n  Error in model phases: NA/NaN gradient evaluation\nCalls: tryCatch -> tryCatchList -> tryCatchOne -> <Anonymous>\nIn addition: Warning message:\nIn nlminb(model$par, model$fn, model$gr) : NA/NaN function evaluation\nExecution halted"
    },
    "4": {
      "status": "ERROR",
      "message": "R script failed with return code 1",
      "stdout": "g++ -std=gnu++17 -I\"/usr/share/R/include\" -DNDEBUG -I\"/home/spi085/R/x86_64-pc-linux-gnu-library/4.4/TMB/include\" -I\"/home/spi085/R/x86_64-pc-linux-gnu-library/4.4/RcppEigen/include\"   -DTMB_EIGEN_DISABLE_WARNINGS   -DTMB_LIB_INIT=R_init_model  -DCPPAD_FRAMEWORK      -fpic  -O2  -c POPULATIONS/POPULATION_0016/INDIVIDUAL_XCIP58HH/model.cpp -o POPULATIONS/POPULATION_0016/INDIVIDUAL_XCIP58HH/model.o\ng++ -std=gnu++17 -shared -L/usr/lib/R/lib -Wl,-Bsymbolic-functions -flto=auto -ffat-lto-objects -Wl,-z,relro -o POPULATIONS/POPULATION_0016/INDIVIDUAL_XCIP58HH/model.so POPULATIONS/POPULATION_0016/INDIVIDUAL_XCIP58HH/model.o -L/usr/lib/R/lib -lR\nStarting model phases\nNumber of phases: 3 \nPhase 1 \nInitial parameter values for phase 1 :\n    log_r_cots log_sigma_cots log_sigma_fast log_sigma_slow \n            NA             NA             NA             NA \nError in model phases: NA/NaN gradient evaluation",
      "stderr": "Loading required package: TMB\nLoading required package: jsonlite\nhere() starts at /home/spi085/Documents/_Projects/SCCP-QuantModelling\nusing C++ compiler: \u2018g++ (Ubuntu 13.3.0-6ubuntu2~24.04) 13.3.0\u2019\nError in value[[3L]](cond) : \n  Error in model phases: NA/NaN gradient evaluation\nCalls: tryCatch -> tryCatchList -> tryCatchOne -> <Anonymous>\nIn addition: Warning message:\nIn nlminb(model$par, model$fn, model$gr) : NA/NaN function evaluation\nExecution halted"
    },
    "5": {
      "status": "ERROR",
      "message": "R script failed with return code 1",
      "stdout": "g++ -std=gnu++17 -I\"/usr/share/R/include\" -DNDEBUG -I\"/home/spi085/R/x86_64-pc-linux-gnu-library/4.4/TMB/include\" -I\"/home/spi085/R/x86_64-pc-linux-gnu-library/4.4/RcppEigen/include\"   -DTMB_EIGEN_DISABLE_WARNINGS   -DTMB_LIB_INIT=R_init_model  -DCPPAD_FRAMEWORK      -fpic  -O2  -c POPULATIONS/POPULATION_0016/INDIVIDUAL_XCIP58HH/model.cpp -o POPULATIONS/POPULATION_0016/INDIVIDUAL_XCIP58HH/model.o\ng++ -std=gnu++17 -shared -L/usr/lib/R/lib -Wl,-Bsymbolic-functions -flto=auto -ffat-lto-objects -Wl,-z,relro -o POPULATIONS/POPULATION_0016/INDIVIDUAL_XCIP58HH/model.so POPULATIONS/POPULATION_0016/INDIVIDUAL_XCIP58HH/model.o -L/usr/lib/R/lib -lR\nStarting model phases\nNumber of phases: 3 \nPhase 1 \nInitial parameter values for phase 1 :\n    log_r_cots log_sigma_cots log_sigma_fast log_sigma_slow \n            NA             NA             NA             NA \nError in model phases: NA/NaN gradient evaluation",
      "stderr": "Loading required package: TMB\nLoading required package: jsonlite\nhere() starts at /home/spi085/Documents/_Projects/SCCP-QuantModelling\nusing C++ compiler: \u2018g++ (Ubuntu 13.3.0-6ubuntu2~24.04) 13.3.0\u2019\nError in value[[3L]](cond) : \n  Error in model phases: NA/NaN gradient evaluation\nCalls: tryCatch -> tryCatchList -> tryCatchOne -> <Anonymous>\nIn addition: Warning message:\nIn nlminb(model$par, model$fn, model$gr) : NA/NaN function evaluation\nExecution halted"
    },
    "6": {
      "status": "ERROR",
      "message": "Model failed to compile.",
      "stdout": "g++ -std=gnu++17 -I\"/usr/share/R/include\" -DNDEBUG -I\"/home/spi085/R/x86_64-pc-linux-gnu-library/4.4/TMB/include\" -I\"/home/spi085/R/x86_64-pc-linux-gnu-library/4.4/RcppEigen/include\"   -DTMB_EIGEN_DISABLE_WARNINGS   -DTMB_LIB_INIT=R_init_model  -DCPPAD_FRAMEWORK      -fpic  -O2  -c POPULATIONS/POPULATION_0016/INDIVIDUAL_XCIP58HH/model.cpp -o POPULATIONS/POPULATION_0016/INDIVIDUAL_XCIP58HH/model.o",
      "stderr": "Loading required package: TMB\nLoading required package: jsonlite\nhere() starts at /home/spi085/Documents/_Projects/SCCP-QuantModelling\nusing C++ compiler: \u2018g++ (Ubuntu 13.3.0-6ubuntu2~24.04) 13.3.0\u2019\nIn file included from /usr/share/R/include/R.h:69,\n                 from /home/spi085/R/x86_64-pc-linux-gnu-library/4.4/TMB/include/TMB.hpp:182,\n                 from POPULATIONS/POPULATION_0016/INDIVIDUAL_XCIP58HH/model.cpp:1:\nPOPULATIONS/POPULATION_0016/INDIVIDUAL_XCIP58HH/model.cpp: In instantiation of \u2018Type objective_function<Type>::operator()() [with Type = CppAD::AD<double>]\u2019:\n/home/spi085/R/x86_64-pc-linux-gnu-library/4.4/TMB/include/tmb_core.hpp:1312:6:   required from here\nPOPULATIONS/POPULATION_0016/INDIVIDUAL_XCIP58HH/model.cpp:58:17: error: cannot convert \u2018CppAD::AD<double>\u2019 to \u2018double\u2019\n   58 |   if (!R_FINITE(r_cots) || !R_FINITE(K_cots) || !R_FINITE(m_cots) ||\n      |                 ^~~~~~\n      |                 |\n      |                 CppAD::AD<double>\n/usr/share/R/include/R_ext/Arith.h:84:34: note: in definition of macro \u2018R_FINITE\u2019\n   84 | # define R_FINITE(x)    R_finite(x)\n      |                                  ^\n/usr/share/R/include/R_ext/Arith.h:63:14: note:   initializing argument 1 of \u2018int R_finite(double)\u2019\n   63 | int R_finite(double);           /* True if none of NA, NaN, +/-Inf */\n      |              ^~~~~~\nPOPULATIONS/POPULATION_0016/INDIVIDUAL_XCIP58HH/model.cpp:58:38: error: cannot convert \u2018CppAD::AD<double>\u2019 to \u2018double\u2019\n   58 |   if (!R_FINITE(r_cots) || !R_FINITE(K_cots) || !R_FINITE(m_cots) ||\n      |                                      ^~~~~~\n      |                                      |\n      |                                      CppAD::AD<double>\n/usr/share/R/include/R_ext/Arith.h:84:34: note: in definition of macro \u2018R_FINITE\u2019\n   84 | # define R_FINITE(x)    R_finite(x)\n      |                                  ^\n/usr/share/R/include/R_ext/Arith.h:63:14: note:   initializing argument 1 of \u2018int R_finite(double)\u2019\n   63 | int R_finite(double);           /* True if none of NA, NaN, +/-Inf */\n      |              ^~~~~~\nPOPULATIONS/POPULATION_0016/INDIVIDUAL_XCIP58HH/model.cpp:58:59: error: cannot convert \u2018CppAD::AD<double>\u2019 to \u2018double\u2019\n   58 |   if (!R_FINITE(r_cots) || !R_FINITE(K_cots) || !R_FINITE(m_cots) ||\n      |                                                           ^~~~~~\n      |                                                           |\n      |                                                           CppAD::AD<double>\n/usr/share/R/include/R_ext/Arith.h:84:34: note: in definition of macro \u2018R_FINITE\u2019\n   84 | # define R_FINITE(x)    R_finite(x)\n      |                                  ^\n/usr/share/R/include/R_ext/Arith.h:63:14: note:   initializing argument 1 of \u2018int R_finite(double)\u2019\n   63 | int R_finite(double);           /* True if none of NA, NaN, +/-Inf */\n      |              ^~~~~~\nPOPULATIONS/POPULATION_0016/INDIVIDUAL_XCIP58HH/model.cpp:59:17: error: cannot convert \u2018CppAD::AD<double>\u2019 to \u2018double\u2019\n   59 |       !R_FINITE(alpha_acrop) || !R_FINITE(alpha_slow) ||\n      |                 ^~~~~~~~~~~\n      |                 |\n      |                 CppAD::AD<double>\n/usr/share/R/include/R_ext/Arith.h:84:34: note: in definition of macro \u2018R_FINITE\u2019\n   84 | # define R_FINITE(x)    R_finite(x)\n      |                                  ^\n/usr/share/R/include/R_ext/Arith.h:63:14: note:   initializing argument 1 of \u2018int R_finite(double)\u2019\n   63 | int R_finite(double);           /* True if none of NA, NaN, +/-Inf */\n      |              ^~~~~~\nPOPULATIONS/POPULATION_0016/INDIVIDUAL_XCIP58HH/model.cpp:59:43: error: cannot convert \u2018CppAD::AD<double>\u2019 to \u2018double\u2019\n   59 |       !R_FINITE(alpha_acrop) || !R_FINITE(alpha_slow) ||\n      |                                           ^~~~~~~~~~\n      |                                           |\n      |                                           CppAD::AD<double>\n/usr/share/R/include/R_ext/Arith.h:84:34: note: in definition of macro \u2018R_FINITE\u2019\n   84 | # define R_FINITE(x)    R_finite(x)\n      |                                  ^\n/usr/share/R/include/R_ext/Arith.h:63:14: note:   initializing argument 1 of \u2018int R_finite(double)\u2019\n   63 | int R_finite(double);           /* True if none of NA, NaN, +/-Inf */\n      |              ^~~~~~\nPOPULATIONS/POPULATION_0016/INDIVIDUAL_XCIP58HH/model.cpp:60:17: error: cannot convert \u2018CppAD::AD<double>\u2019 to \u2018double\u2019\n   60 |       !R_FINITE(h_acrop) || !R_FINITE(h_slow) ||\n      |                 ^~~~~~~\n      |                 |\n      |                 CppAD::AD<double>\n/usr/share/R/include/R_ext/Arith.h:84:34: note: in definition of macro \u2018R_FINITE\u2019\n   84 | # define R_FINITE(x)    R_finite(x)\n      |                                  ^\n/usr/share/R/include/R_ext/Arith.h:63:14: note:   initializing argument 1 of \u2018int R_finite(double)\u2019\n   63 | int R_finite(double);           /* True if none of NA, NaN, +/-Inf */\n      |              ^~~~~~\nPOPULATIONS/POPULATION_0016/INDIVIDUAL_XCIP58HH/model.cpp:60:39: error: cannot convert \u2018CppAD::AD<double>\u2019 to \u2018double\u2019\n   60 |       !R_FINITE(h_acrop) || !R_FINITE(h_slow) ||\n      |                                       ^~~~~~\n      |                                       |\n      |                                       CppAD::AD<double>\n/usr/share/R/include/R_ext/Arith.h:84:34: note: in definition of macro \u2018R_FINITE\u2019\n   84 | # define R_FINITE(x)    R_finite(x)\n      |                                  ^\n/usr/share/R/include/R_ext/Arith.h:63:14: note:   initializing argument 1 of \u2018int R_finite(double)\u2019\n   63 | int R_finite(double);           /* True if none of NA, NaN, +/-Inf */\n      |              ^~~~~~\nPOPULATIONS/POPULATION_0016/INDIVIDUAL_XCIP58HH/model.cpp:61:17: error: cannot convert \u2018CppAD::AD<double>\u2019 to \u2018double\u2019\n   61 |       !R_FINITE(r_fast) || !R_FINITE(r_slow) ||\n      |                 ^~~~~~\n      |                 |\n      |                 CppAD::AD<double>\n/usr/share/R/include/R_ext/Arith.h:84:34: note: in definition of macro \u2018R_FINITE\u2019\n   84 | # define R_FINITE(x)    R_finite(x)\n      |                                  ^\n/usr/share/R/include/R_ext/Arith.h:63:14: note:   initializing argument 1 of \u2018int R_finite(double)\u2019\n   63 | int R_finite(double);           /* True if none of NA, NaN, +/-Inf */\n      |              ^~~~~~\nPOPULATIONS/POPULATION_0016/INDIVIDUAL_XCIP58HH/model.cpp:61:38: error: cannot convert \u2018CppAD::AD<double>\u2019 to \u2018double\u2019\n   61 |       !R_FINITE(r_fast) || !R_FINITE(r_slow) ||\n      |                                      ^~~~~~\n      |                                      |\n      |                                      CppAD::AD<double>\n/usr/share/R/include/R_ext/Arith.h:84:34: note: in definition of macro \u2018R_FINITE\u2019\n   84 | # define R_FINITE(x)    R_finite(x)\n      |                                  ^\n/usr/share/R/include/R_ext/Arith.h:63:14: note:   initializing argument 1 of \u2018int R_finite(double)\u2019\n   63 | int R_finite(double);           /* True if none of NA, NaN, +/-Inf */\n      |              ^~~~~~\nPOPULATIONS/POPULATION_0016/INDIVIDUAL_XCIP58HH/model.cpp:62:17: error: cannot convert \u2018CppAD::AD<double>\u2019 to \u2018double\u2019\n   62 |       !R_FINITE(K_fast) || !R_FINITE(K_slow) ||\n      |                 ^~~~~~\n      |                 |\n      |                 CppAD::AD<double>\n/usr/share/R/include/R_ext/Arith.h:84:34: note: in definition of macro \u2018R_FINITE\u2019\n   84 | # define R_FINITE(x)    R_finite(x)\n      |                                  ^\n/usr/share/R/include/R_ext/Arith.h:63:14: note:   initializing argument 1 of \u2018int R_finite(double)\u2019\n   63 | int R_finite(double);           /* True if none of NA, NaN, +/-Inf */\n      |              ^~~~~~\nPOPULATIONS/POPULATION_0016/INDIVIDUAL_XCIP58HH/model.cpp:62:38: error: cannot convert \u2018CppAD::AD<double>\u2019 to \u2018double\u2019\n   62 |       !R_FINITE(K_fast) || !R_FINITE(K_slow) ||\n      |                                      ^~~~~~\n      |                                      |\n      |                                      CppAD::AD<double>\n/usr/share/R/include/R_ext/Arith.h:84:34: note: in definition of macro \u2018R_FINITE\u2019\n   84 | # define R_FINITE(x)    R_finite(x)\n      |                                  ^\n/usr/share/R/include/R_ext/Arith.h:63:14: note:   initializing argument 1 of \u2018int R_finite(double)\u2019\n   63 | int R_finite(double);           /* True if none of NA, NaN, +/-Inf */\n      |              ^~~~~~\nPOPULATIONS/POPULATION_0016/INDIVIDUAL_XCIP58HH/model.cpp:63:17: error: cannot convert \u2018CppAD::AD<double>\u2019 to \u2018double\u2019\n   63 |       !R_FINITE(temp_cots) || !R_FINITE(temp_coral) ||\n      |                 ^~~~~~~~~\n      |                 |\n      |                 CppAD::AD<double>\n/usr/share/R/include/R_ext/Arith.h:84:34: note: in definition of macro \u2018R_FINITE\u2019\n   84 | # define R_FINITE(x)    R_finite(x)\n      |                                  ^\n/usr/share/R/include/R_ext/Arith.h:63:14: note:   initializing argument 1 of \u2018int R_finite(double)\u2019\n   63 | int R_finite(double);           /* True if none of NA, NaN, +/-Inf */\n      |              ^~~~~~\nPOPULATIONS/POPULATION_0016/INDIVIDUAL_XCIP58HH/model.cpp:63:41: error: cannot convert \u2018CppAD::AD<double>\u2019 to \u2018double\u2019\n   63 |       !R_FINITE(temp_cots) || !R_FINITE(temp_coral) ||\n      |                                         ^~~~~~~~~~\n      |                                         |\n      |                                         CppAD::AD<double>\n/usr/share/R/include/R_ext/Arith.h:84:34: note: in definition of macro \u2018R_FINITE\u2019\n   84 | # define R_FINITE(x)    R_finite(x)\n      |                                  ^\n/usr/share/R/include/R_ext/Arith.h:63:14: note:   initializing argument 1 of \u2018int R_finite(double)\u2019\n   63 | int R_finite(double);           /* True if none of NA, NaN, +/-Inf */\n      |              ^~~~~~\nPOPULATIONS/POPULATION_0016/INDIVIDUAL_XCIP58HH/model.cpp:64:17: error: cannot convert \u2018CppAD::AD<double>\u2019 to \u2018double\u2019\n   64 |       !R_FINITE(sigma_cots) || !R_FINITE(sigma_fast) || !R_FINITE(sigma_slow)) {\n      |                 ^~~~~~~~~~\n      |                 |\n      |                 CppAD::AD<double>\n/usr/share/R/include/R_ext/Arith.h:84:34: note: in definition of macro \u2018R_FINITE\u2019\n   84 | # define R_FINITE(x)    R_finite(x)\n      |                                  ^\n/usr/share/R/include/R_ext/Arith.h:63:14: note:   initializing argument 1 of \u2018int R_finite(double)\u2019\n   63 | int R_finite(double);           /* True if none of NA, NaN, +/-Inf */\n      |              ^~~~~~\nPOPULATIONS/POPULATION_0016/INDIVIDUAL_XCIP58HH/model.cpp:64:42: error: cannot convert \u2018CppAD::AD<double>\u2019 to \u2018double\u2019\n   64 |       !R_FINITE(sigma_cots) || !R_FINITE(sigma_fast) || !R_FINITE(sigma_slow)) {\n      |                                          ^~~~~~~~~~\n      |                                          |\n      |                                          CppAD::AD<double>\n/usr/share/R/include/R_ext/Arith.h:84:34: note: in definition of macro \u2018R_FINITE\u2019\n   84 | # define R_FINITE(x)    R_finite(x)\n      |                                  ^\n/usr/share/R/include/R_ext/Arith.h:63:14: note:   initializing argument 1 of \u2018int R_finite(double)\u2019\n   63 | int R_finite(double);           /* True if none of NA, NaN, +/-Inf */\n      |              ^~~~~~\nPOPULATIONS/POPULATION_0016/INDIVIDUAL_XCIP58HH/model.cpp:64:67: error: cannot convert \u2018CppAD::AD<double>\u2019 to \u2018double\u2019\n   64 |       !R_FINITE(sigma_cots) || !R_FINITE(sigma_fast) || !R_FINITE(sigma_slow)) {\n      |                                                                   ^~~~~~~~~~\n      |                                                                   |\n      |                                                                   CppAD::AD<double>\n/usr/share/R/include/R_ext/Arith.h:84:34: note: in definition of macro \u2018R_FINITE\u2019\n   84 | # define R_FINITE(x)    R_finite(x)\n      |                                  ^\n/usr/share/R/include/R_ext/Arith.h:63:14: note:   initializing argument 1 of \u2018int R_finite(double)\u2019\n   63 | int R_finite(double);           /* True if none of NA, NaN, +/-Inf */\n      |              ^~~~~~\n/usr/share/R/include/R_ext/Arith.h:84:33: error: cannot convert \u2018Eigen::DenseCoeffsBase<Eigen::Array<CppAD::AD<double>, -1, 1, 0, -1, 1>, 1>::Scalar\u2019 {aka \u2018CppAD::AD<double>\u2019} to \u2018double\u2019\n   84 | # define R_FINITE(x)    R_finite(x)\n      |                         ~~~~~~~~^~~\n      |                                 |\n      |                                 Eigen::DenseCoeffsBase<Eigen::Array<CppAD::AD<double>, -1, 1, 0, -1, 1>, 1>::Scalar {aka CppAD::AD<double>}\nPOPULATIONS/POPULATION_0016/INDIVIDUAL_XCIP58HH/model.cpp:78:8: note: in expansion of macro \u2018R_FINITE\u2019\n   78 |   if (!R_FINITE(cots_pred(0)) || !R_FINITE(fast_pred(0)) || !R_FINITE(slow_pred(0))) {\n      |        ^~~~~~~~\n/usr/share/R/include/R_ext/Arith.h:63:14: note:   initializing argument 1 of \u2018int R_finite(double)\u2019\n   63 | int R_finite(double);           /* True if none of NA, NaN, +/-Inf */\n      |              ^~~~~~\n/usr/share/R/include/R_ext/Arith.h:84:33: error: cannot convert \u2018Eigen::DenseCoeffsBase<Eigen::Array<CppAD::AD<double>, -1, 1, 0, -1, 1>, 1>::Scalar\u2019 {aka \u2018CppAD::AD<double>\u2019} to \u2018double\u2019\n   84 | # define R_FINITE(x)    R_finite(x)\n      |                         ~~~~~~~~^~~\n      |                                 |\n      |                                 Eigen::DenseCoeffsBase<Eigen::Array<CppAD::AD<double>, -1, 1, 0, -1, 1>, 1>::Scalar {aka CppAD::AD<double>}\nPOPULATIONS/POPULATION_0016/INDIVIDUAL_XCIP58HH/model.cpp:78:35: note: in expansion of macro \u2018R_FINITE\u2019\n   78 |   if (!R_FINITE(cots_pred(0)) || !R_FINITE(fast_pred(0)) || !R_FINITE(slow_pred(0))) {\n      |                                   ^~~~~~~~\n/usr/share/R/include/R_ext/Arith.h:63:14: note:   initializing argument 1 of \u2018int R_finite(double)\u2019\n   63 | int R_finite(double);           /* True if none of NA, NaN, +/-Inf */\n      |              ^~~~~~\n/usr/share/R/include/R_ext/Arith.h:84:33: error: cannot convert \u2018Eigen::DenseCoeffsBase<Eigen::Array<CppAD::AD<double>, -1, 1, 0, -1, 1>, 1>::Scalar\u2019 {aka \u2018CppAD::AD<double>\u2019} to \u2018double\u2019\n   84 | # define R_FINITE(x)    R_finite(x)\n      |                         ~~~~~~~~^~~\n      |                                 |\n      |                                 Eigen::DenseCoeffsBase<Eigen::Array<CppAD::AD<double>, -1, 1, 0, -1, 1>, 1>::Scalar {aka CppAD::AD<double>}\nPOPULATIONS/POPULATION_0016/INDIVIDUAL_XCIP58HH/model.cpp:78:62: note: in expansion of macro \u2018R_FINITE\u2019\n   78 |   if (!R_FINITE(cots_pred(0)) || !R_FINITE(fast_pred(0)) || !R_FINITE(slow_pred(0))) {\n      |                                                              ^~~~~~~~\n/usr/share/R/include/R_ext/Arith.h:63:14: note:   initializing argument 1 of \u2018int R_finite(double)\u2019\n   63 | int R_finite(double);           /* True if none of NA, NaN, +/-Inf */\n      |              ^~~~~~\n/usr/share/R/include/R_ext/Arith.h:84:33: error: cannot convert \u2018Eigen::DenseCoeffsBase<Eigen::Array<CppAD::AD<double>, -1, 1, 0, -1, 1>, 1>::Scalar\u2019 {aka \u2018CppAD::AD<double>\u2019} to \u2018double\u2019\n   84 | # define R_FINITE(x)    R_finite(x)\n      |                         ~~~~~~~~^~~\n      |                                 |\n      |                                 Eigen::DenseCoeffsBase<Eigen::Array<CppAD::AD<double>, -1, 1, 0, -1, 1>, 1>::Scalar {aka CppAD::AD<double>}\nPOPULATIONS/POPULATION_0016/INDIVIDUAL_XCIP58HH/model.cpp:112:10: note: in expansion of macro \u2018R_FINITE\u2019\n  112 |     if (!R_FINITE(cots_pred(t)) || !R_FINITE(fast_pred(t)) || !R_FINITE(slow_pred(t))) {\n      |          ^~~~~~~~\n/usr/share/R/include/R_ext/Arith.h:63:14: note:   initializing argument 1 of \u2018int R_finite(double)\u2019\n   63 | int R_finite(double);           /* True if none of NA, NaN, +/-Inf */\n      |              ^~~~~~\n/usr/share/R/include/R_ext/Arith.h:84:33: error: cannot convert \u2018Eigen::DenseCoeffsBase<Eigen::Array<CppAD::AD<double>, -1, 1, 0, -1, 1>, 1>::Scalar\u2019 {aka \u2018CppAD::AD<double>\u2019} to \u2018double\u2019\n   84 | # define R_FINITE(x)    R_finite(x)\n      |                         ~~~~~~~~^~~\n      |                                 |\n      |                                 Eigen::DenseCoeffsBase<Eigen::Array<CppAD::AD<double>, -1, 1, 0, -1, 1>, 1>::Scalar {aka CppAD::AD<double>}\nPOPULATIONS/POPULATION_0016/INDIVIDUAL_XCIP58HH/model.cpp:112:37: note: in expansion of macro \u2018R_FINITE\u2019\n  112 |     if (!R_FINITE(cots_pred(t)) || !R_FINITE(fast_pred(t)) || !R_FINITE(slow_pred(t))) {\n      |                                     ^~~~~~~~\n/usr/share/R/include/R_ext/Arith.h:63:14: note:   initializing argument 1 of \u2018int R_finite(double)\u2019\n   63 | int R_finite(double);           /* True if none of NA, NaN, +/-Inf */\n      |              ^~~~~~\n/usr/share/R/include/R_ext/Arith.h:84:33: error: cannot convert \u2018Eigen::DenseCoeffsBase<Eigen::Array<CppAD::AD<double>, -1, 1, 0, -1, 1>, 1>::Scalar\u2019 {aka \u2018CppAD::AD<double>\u2019} to \u2018double\u2019\n   84 | # define R_FINITE(x)    R_finite(x)\n      |                         ~~~~~~~~^~~\n      |                                 |\n      |                                 Eigen::DenseCoeffsBase<Eigen::Array<CppAD::AD<double>, -1, 1, 0, -1, 1>, 1>::Scalar {aka CppAD::AD<double>}\nPOPULATIONS/POPULATION_0016/INDIVIDUAL_XCIP58HH/model.cpp:112:64: note: in expansion of macro \u2018R_FINITE\u2019\n  112 |     if (!R_FINITE(cots_pred(t)) || !R_FINITE(fast_pred(t)) || !R_FINITE(slow_pred(t))) {\n      |                                                                ^~~~~~~~\n/usr/share/R/include/R_ext/Arith.h:63:14: note:   initializing argument 1 of \u2018int R_finite(double)\u2019\n   63 | int R_finite(double);           /* True if none of NA, NaN, +/-Inf */\n      |              ^~~~~~\nPOPULATIONS/POPULATION_0016/INDIVIDUAL_XCIP58HH/model.cpp: In instantiation of \u2018Type objective_function<Type>::operator()() [with Type = CppAD::AD<CppAD::AD<double> >]\u2019:\n/home/spi085/R/x86_64-pc-linux-gnu-library/4.4/TMB/include/tmb_core.hpp:917:29:   required from \u2018Type objective_function<Type>::evalUserTemplate() [with Type = CppAD::AD<CppAD::AD<double> >]\u2019\n/home/spi085/R/x86_64-pc-linux-gnu-library/4.4/TMB/include/tmb_core.hpp:2116:26:   required from here\nPOPULATIONS/POPULATION_0016/INDIVIDUAL_XCIP58HH/model.cpp:58:17: error: cannot convert \u2018CppAD::AD<CppAD::AD<double> >\u2019 to \u2018double\u2019\n   58 |   if (!R_FINITE(r_cots) || !R_FINITE(K_cots) || !R_FINITE(m_cots) ||\n      |                 ^~~~~~\n      |                 |\n      |                 CppAD::AD<CppAD::AD<double> >\n/usr/share/R/include/R_ext/Arith.h:84:34: note: in definition of macro \u2018R_FINITE\u2019\n   84 | # define R_FINITE(x)    R_finite(x)\n      |                                  ^\n/usr/share/R/include/R_ext/Arith.h:63:14: note:   initializing argument 1 of \u2018int R_finite(double)\u2019\n   63 | int R_finite(double);           /* True if none of NA, NaN, +/-Inf */\n      |              ^~~~~~\nPOPULATIONS/POPULATION_0016/INDIVIDUAL_XCIP58HH/model.cpp:58:38: error: cannot convert \u2018CppAD::AD<CppAD::AD<double> >\u2019 to \u2018double\u2019\n   58 |   if (!R_FINITE(r_cots) || !R_FINITE(K_cots) || !R_FINITE(m_cots) ||\n      |                                      ^~~~~~\n      |                                      |\n      |                                      CppAD::AD<CppAD::AD<double> >\n/usr/share/R/include/R_ext/Arith.h:84:34: note: in definition of macro \u2018R_FINITE\u2019\n   84 | # define R_FINITE(x)    R_finite(x)\n      |                                  ^\n/usr/share/R/include/R_ext/Arith.h:63:14: note:   initializing argument 1 of \u2018int R_finite(double)\u2019\n   63 | int R_finite(double);           /* True if none of NA, NaN, +/-Inf */\n      |              ^~~~~~\nPOPULATIONS/POPULATION_0016/INDIVIDUAL_XCIP58HH/model.cpp:58:59: error: cannot convert \u2018CppAD::AD<CppAD::AD<double> >\u2019 to \u2018double\u2019\n   58 |   if (!R_FINITE(r_cots) || !R_FINITE(K_cots) || !R_FINITE(m_cots) ||\n      |                                                           ^~~~~~\n      |                                                           |\n      |                                                           CppAD::AD<CppAD::AD<double> >\n/usr/share/R/include/R_ext/Arith.h:84:34: note: in definition of macro \u2018R_FINITE\u2019\n   84 | # define R_FINITE(x)    R_finite(x)\n      |                                  ^\n/usr/share/R/include/R_ext/Arith.h:63:14: note:   initializing argument 1 of \u2018int R_finite(double)\u2019\n   63 | int R_finite(double);           /* True if none of NA, NaN, +/-Inf */\n      |              ^~~~~~\nPOPULATIONS/POPULATION_0016/INDIVIDUAL_XCIP58HH/model.cpp:59:17: error: cannot convert \u2018CppAD::AD<CppAD::AD<double> >\u2019 to \u2018double\u2019\n   59 |       !R_FINITE(alpha_acrop) || !R_FINITE(alpha_slow) ||\n      |                 ^~~~~~~~~~~\n      |                 |\n      |                 CppAD::AD<CppAD::AD<double> >\n/usr/share/R/include/R_ext/Arith.h:84:34: note: in definition of macro \u2018R_FINITE\u2019\n   84 | # define R_FINITE(x)    R_finite(x)\n      |                                  ^\n/usr/share/R/include/R_ext/Arith.h:63:14: note:   initializing argument 1 of \u2018int R_finite(double)\u2019\n   63 | int R_finite(double);           /* True if none of NA, NaN, +/-Inf */\n      |              ^~~~~~\nPOPULATIONS/POPULATION_0016/INDIVIDUAL_XCIP58HH/model.cpp:59:43: error: cannot convert \u2018CppAD::AD<CppAD::AD<double> >\u2019 to \u2018double\u2019\n   59 |       !R_FINITE(alpha_acrop) || !R_FINITE(alpha_slow) ||\n      |                                           ^~~~~~~~~~\n      |                                           |\n      |                                           CppAD::AD<CppAD::AD<double> >\n/usr/share/R/include/R_ext/Arith.h:84:34: note: in definition of macro \u2018R_FINITE\u2019\n   84 | # define R_FINITE(x)    R_finite(x)\n      |                                  ^\n/usr/share/R/include/R_ext/Arith.h:63:14: note:   initializing argument 1 of \u2018int R_finite(double)\u2019\n   63 | int R_finite(double);           /* True if none of NA, NaN, +/-Inf */\n      |              ^~~~~~\nPOPULATIONS/POPULATION_0016/INDIVIDUAL_XCIP58HH/model.cpp:60:17: error: cannot convert \u2018CppAD::AD<CppAD::AD<double> >\u2019 to \u2018double\u2019\n   60 |       !R_FINITE(h_acrop) || !R_FINITE(h_slow) ||\n      |                 ^~~~~~~\n      |                 |\n      |                 CppAD::AD<CppAD::AD<double> >\n/usr/share/R/include/R_ext/Arith.h:84:34: note: in definition of macro \u2018R_FINITE\u2019\n   84 | # define R_FINITE(x)    R_finite(x)\n      |                                  ^\n/usr/share/R/include/R_ext/Arith.h:63:14: note:   initializing argument 1 of \u2018int R_finite(double)\u2019\n   63 | int R_finite(double);           /* True if none of NA, NaN, +/-Inf */\n      |              ^~~~~~\nPOPULATIONS/POPULATION_0016/INDIVIDUAL_XCIP58HH/model.cpp:60:39: error: cannot convert \u2018CppAD::AD<CppAD::AD<double> >\u2019 to \u2018double\u2019\n   60 |       !R_FINITE(h_acrop) || !R_FINITE(h_slow) ||\n      |                                       ^~~~~~\n      |                                       |\n      |                                       CppAD::AD<CppAD::AD<double> >\n/usr/share/R/include/R_ext/Arith.h:84:34: note: in definition of macro \u2018R_FINITE\u2019\n   84 | # define R_FINITE(x)    R_finite(x)\n      |                                  ^\n/usr/share/R/include/R_ext/Arith.h:63:14: note:   initializing argument 1 of \u2018int R_finite(double)\u2019\n   63 | int R_finite(double);           /* True if none of NA, NaN, +/-Inf */\n      |              ^~~~~~\nPOPULATIONS/POPULATION_0016/INDIVIDUAL_XCIP58HH/model.cpp:61:17: error: cannot convert \u2018CppAD::AD<CppAD::AD<double> >\u2019 to \u2018double\u2019\n   61 |       !R_FINITE(r_fast) || !R_FINITE(r_slow) ||\n      |                 ^~~~~~\n      |                 |\n      |                 CppAD::AD<CppAD::AD<double> >\n/usr/share/R/include/R_ext/Arith.h:84:34: note: in definition of macro \u2018R_FINITE\u2019\n   84 | # define R_FINITE(x)    R_finite(x)\n      |                                  ^\n/usr/share/R/include/R_ext/Arith.h:63:14: note:   initializing argument 1 of \u2018int R_finite(double)\u2019\n   63 | int R_finite(double);           /* True if none of NA, NaN, +/-Inf */\n      |              ^~~~~~\nPOPULATIONS/POPULATION_0016/INDIVIDUAL_XCIP58HH/model.cpp:61:38: error: cannot convert \u2018CppAD::AD<CppAD::AD<double> >\u2019 to \u2018double\u2019\n   61 |       !R_FINITE(r_fast) || !R_FINITE(r_slow) ||\n      |                                      ^~~~~~\n      |                                      |\n      |                                      CppAD::AD<CppAD::AD<double> >\n/usr/share/R/include/R_ext/Arith.h:84:34: note: in definition of macro \u2018R_FINITE\u2019\n   84 | # define R_FINITE(x)    R_finite(x)\n      |                                  ^\n/usr/share/R/include/R_ext/Arith.h:63:14: note:   initializing argument 1 of \u2018int R_finite(double)\u2019\n   63 | int R_finite(double);           /* True if none of NA, NaN, +/-Inf */\n      |              ^~~~~~\nPOPULATIONS/POPULATION_0016/INDIVIDUAL_XCIP58HH/model.cpp:62:17: error: cannot convert \u2018CppAD::AD<CppAD::AD<double> >\u2019 to \u2018double\u2019\n   62 |       !R_FINITE(K_fast) || !R_FINITE(K_slow) ||\n      |                 ^~~~~~\n      |                 |\n      |                 CppAD::AD<CppAD::AD<double> >\n/usr/share/R/include/R_ext/Arith.h:84:34: note: in definition of macro \u2018R_FINITE\u2019\n   84 | # define R_FINITE(x)    R_finite(x)\n      |                                  ^\n/usr/share/R/include/R_ext/Arith.h:63:14: note:   initializing argument 1 of \u2018int R_finite(double)\u2019\n   63 | int R_finite(double);           /* True if none of NA, NaN, +/-Inf */\n      |              ^~~~~~\nPOPULATIONS/POPULATION_0016/INDIVIDUAL_XCIP58HH/model.cpp:62:38: error: cannot convert \u2018CppAD::AD<CppAD::AD<double> >\u2019 to \u2018double\u2019\n   62 |       !R_FINITE(K_fast) || !R_FINITE(K_slow) ||\n      |                                      ^~~~~~\n      |                                      |\n      |                                      CppAD::AD<CppAD::AD<double> >\n/usr/share/R/include/R_ext/Arith.h:84:34: note: in definition of macro \u2018R_FINITE\u2019\n   84 | # define R_FINITE(x)    R_finite(x)\n      |                                  ^\n/usr/share/R/include/R_ext/Arith.h:63:14: note:   initializing argument 1 of \u2018int R_finite(double)\u2019\n   63 | int R_finite(double);           /* True if none of NA, NaN, +/-Inf */\n      |              ^~~~~~\nPOPULATIONS/POPULATION_0016/INDIVIDUAL_XCIP58HH/model.cpp:63:17: error: cannot convert \u2018CppAD::AD<CppAD::AD<double> >\u2019 to \u2018double\u2019\n   63 |       !R_FINITE(temp_cots) || !R_FINITE(temp_coral) ||\n      |                 ^~~~~~~~~\n      |                 |\n      |                 CppAD::AD<CppAD::AD<double> >\n/usr/share/R/include/R_ext/Arith.h:84:34: note: in definition of macro \u2018R_FINITE\u2019\n   84 | # define R_FINITE(x)    R_finite(x)\n      |                                  ^\n/usr/share/R/include/R_ext/Arith.h:63:14: note:   initializing argument 1 of \u2018int R_finite(double)\u2019\n   63 | int R_finite(double);           /* True if none of NA, NaN, +/-Inf */\n      |              ^~~~~~\nPOPULATIONS/POPULATION_0016/INDIVIDUAL_XCIP58HH/model.cpp:63:41: error: cannot convert \u2018CppAD::AD<CppAD::AD<double> >\u2019 to \u2018double\u2019\n   63 |       !R_FINITE(temp_cots) || !R_FINITE(temp_coral) ||\n      |                                         ^~~~~~~~~~\n      |                                         |\n      |                                         CppAD::AD<CppAD::AD<double> >\n/usr/share/R/include/R_ext/Arith.h:84:34: note: in definition of macro \u2018R_FINITE\u2019\n   84 | # define R_FINITE(x)    R_finite(x)\n      |                                  ^\n/usr/share/R/include/R_ext/Arith.h:63:14: note:   initializing argument 1 of \u2018int R_finite(double)\u2019\n   63 | int R_finite(double);           /* True if none of NA, NaN, +/-Inf */\n      |              ^~~~~~\nPOPULATIONS/POPULATION_0016/INDIVIDUAL_XCIP58HH/model.cpp:64:17: error: cannot convert \u2018CppAD::AD<CppAD::AD<double> >\u2019 to \u2018double\u2019\n   64 |       !R_FINITE(sigma_cots) || !R_FINITE(sigma_fast) || !R_FINITE(sigma_slow)) {\n      |                 ^~~~~~~~~~\n      |                 |\n      |                 CppAD::AD<CppAD::AD<double> >\n/usr/share/R/include/R_ext/Arith.h:84:34: note: in definition of macro \u2018R_FINITE\u2019\n   84 | # define R_FINITE(x)    R_finite(x)\n      |                                  ^\n/usr/share/R/include/R_ext/Arith.h:63:14: note:   initializing argument 1 of \u2018int R_finite(double)\u2019\n   63 | int R_finite(double);           /* True if none of NA, NaN, +/-Inf */\n      |              ^~~~~~\nPOPULATIONS/POPULATION_0016/INDIVIDUAL_XCIP58HH/model.cpp:64:42: error: cannot convert \u2018CppAD::AD<CppAD::AD<double> >\u2019 to \u2018double\u2019\n   64 |       !R_FINITE(sigma_cots) || !R_FINITE(sigma_fast) || !R_FINITE(sigma_slow)) {\n      |                                          ^~~~~~~~~~\n      |                                          |\n      |                                          CppAD::AD<CppAD::AD<double> >\n/usr/share/R/include/R_ext/Arith.h:84:34: note: in definition of macro \u2018R_FINITE\u2019\n   84 | # define R_FINITE(x)    R_finite(x)\n      |                                  ^\n/usr/share/R/include/R_ext/Arith.h:63:14: note:   initializing argument 1 of \u2018int R_finite(double)\u2019\n   63 | int R_finite(double);           /* True if none of NA, NaN, +/-Inf */\n      |              ^~~~~~\nPOPULATIONS/POPULATION_0016/INDIVIDUAL_XCIP58HH/model.cpp:64:67: error: cannot convert \u2018CppAD::AD<CppAD::AD<double> >\u2019 to \u2018double\u2019\n   64 |       !R_FINITE(sigma_cots) || !R_FINITE(sigma_fast) || !R_FINITE(sigma_slow)) {\n      |                                                                   ^~~~~~~~~~\n      |                                                                   |\n      |                                                                   CppAD::AD<CppAD::AD<double> >\n/usr/share/R/include/R_ext/Arith.h:84:34: note: in definition of macro \u2018R_FINITE\u2019\n   84 | # define R_FINITE(x)    R_finite(x)\n      |                                  ^\n/usr/share/R/include/R_ext/Arith.h:63:14: note:   initializing argument 1 of \u2018int R_finite(double)\u2019\n   63 | int R_finite(double);           /* True if none of NA, NaN, +/-Inf */\n      |              ^~~~~~\n/usr/share/R/include/R_ext/Arith.h:84:33: error: cannot convert \u2018Eigen::DenseCoeffsBase<Eigen::Array<CppAD::AD<CppAD::AD<double> >, -1, 1, 0, -1, 1>, 1>::Scalar\u2019 {aka \u2018CppAD::AD<CppAD::AD<double> >\u2019} to \u2018double\u2019\n   84 | # define R_FINITE(x)    R_finite(x)\n      |                         ~~~~~~~~^~~\n      |                                 |\n      |                                 Eigen::DenseCoeffsBase<Eigen::Array<CppAD::AD<CppAD::AD<double> >, -1, 1, 0, -1, 1>, 1>::Scalar {aka CppAD::AD<CppAD::AD<double> >}\nPOPULATIONS/POPULATION_0016/INDIVIDUAL_XCIP58HH/model.cpp:78:8: note: in expansion of macro \u2018R_FINITE\u2019\n   78 |   if (!R_FINITE(cots_pred(0)) || !R_FINITE(fast_pred(0)) || !R_FINITE(slow_pred(0))) {\n      |        ^~~~~~~~\n/usr/share/R/include/R_ext/Arith.h:63:14: note:   initializing argument 1 of \u2018int R_finite(double)\u2019\n   63 | int R_finite(double);           /* True if none of NA, NaN, +/-Inf */\n      |              ^~~~~~\n/usr/share/R/include/R_ext/Arith.h:84:33: error: cannot convert \u2018Eigen::DenseCoeffsBase<Eigen::Array<CppAD::AD<CppAD::AD<double> >, -1, 1, 0, -1, 1>, 1>::Scalar\u2019 {aka \u2018CppAD::AD<CppAD::AD<double> >\u2019} to \u2018double\u2019\n   84 | # define R_FINITE(x)    R_finite(x)\n      |                         ~~~~~~~~^~~\n      |                                 |\n      |                                 Eigen::DenseCoeffsBase<Eigen::Array<CppAD::AD<CppAD::AD<double> >, -1, 1, 0, -1, 1>, 1>::Scalar {aka CppAD::AD<CppAD::AD<double> >}\nPOPULATIONS/POPULATION_0016/INDIVIDUAL_XCIP58HH/model.cpp:78:35: note: in expansion of macro \u2018R_FINITE\u2019\n   78 |   if (!R_FINITE(cots_pred(0)) || !R_FINITE(fast_pred(0)) || !R_FINITE(slow_pred(0))) {\n      |                                   ^~~~~~~~\n/usr/share/R/include/R_ext/Arith.h:63:14: note:   initializing argument 1 of \u2018int R_finite(double)\u2019\n   63 | int R_finite(double);           /* True if none of NA, NaN, +/-Inf */\n      |              ^~~~~~\n/usr/share/R/include/R_ext/Arith.h:84:33: error: cannot convert \u2018Eigen::DenseCoeffsBase<Eigen::Array<CppAD::AD<CppAD::AD<double> >, -1, 1, 0, -1, 1>, 1>::Scalar\u2019 {aka \u2018CppAD::AD<CppAD::AD<double> >\u2019} to \u2018double\u2019\n   84 | # define R_FINITE(x)    R_finite(x)\n      |                         ~~~~~~~~^~~\n      |                                 |\n      |                                 Eigen::DenseCoeffsBase<Eigen::Array<CppAD::AD<CppAD::AD<double> >, -1, 1, 0, -1, 1>, 1>::Scalar {aka CppAD::AD<CppAD::AD<double> >}\nPOPULATIONS/POPULATION_0016/INDIVIDUAL_XCIP58HH/model.cpp:78:62: note: in expansion of macro \u2018R_FINITE\u2019\n   78 |   if (!R_FINITE(cots_pred(0)) || !R_FINITE(fast_pred(0)) || !R_FINITE(slow_pred(0))) {\n      |                                                              ^~~~~~~~\n/usr/share/R/include/R_ext/Arith.h:63:14: note:   initializing argument 1 of \u2018int R_finite(double)\u2019\n   63 | int R_finite(double);           /* True if none of NA, NaN, +/-Inf */\n      |              ^~~~~~\n/usr/share/R/include/R_ext/Arith.h:84:33: error: cannot convert \u2018Eigen::DenseCoeffsBase<Eigen::Array<CppAD::AD<CppAD::AD<double> >, -1, 1, 0, -1, 1>, 1>::Scalar\u2019 {aka \u2018CppAD::AD<CppAD::AD<double> >\u2019} to \u2018double\u2019\n   84 | # define R_FINITE(x)    R_finite(x)\n      |                         ~~~~~~~~^~~\n      |                                 |\n      |                                 Eigen::DenseCoeffsBase<Eigen::Array<CppAD::AD<CppAD::AD<double> >, -1, 1, 0, -1, 1>, 1>::Scalar {aka CppAD::AD<CppAD::AD<double> >}\nPOPULATIONS/POPULATION_0016/INDIVIDUAL_XCIP58HH/model.cpp:112:10: note: in expansion of macro \u2018R_FINITE\u2019\n  112 |     if (!R_FINITE(cots_pred(t)) || !R_FINITE(fast_pred(t)) || !R_FINITE(slow_pred(t))) {\n      |          ^~~~~~~~\n/usr/share/R/include/R_ext/Arith.h:63:14: note:   initializing argument 1 of \u2018int R_finite(double)\u2019\n   63 | int R_finite(double);           /* True if none of NA, NaN, +/-Inf */\n      |              ^~~~~~\n/usr/share/R/include/R_ext/Arith.h:84:33: error: cannot convert \u2018Eigen::DenseCoeffsBase<Eigen::Array<CppAD::AD<CppAD::AD<double> >, -1, 1, 0, -1, 1>, 1>::Scalar\u2019 {aka \u2018CppAD::AD<CppAD::AD<double> >\u2019} to \u2018double\u2019\n   84 | # define R_FINITE(x)    R_finite(x)\n      |                         ~~~~~~~~^~~\n      |                                 |\n      |                                 Eigen::DenseCoeffsBase<Eigen::Array<CppAD::AD<CppAD::AD<double> >, -1, 1, 0, -1, 1>, 1>::Scalar {aka CppAD::AD<CppAD::AD<double> >}\nPOPULATIONS/POPULATION_0016/INDIVIDUAL_XCIP58HH/model.cpp:112:37: note: in expansion of macro \u2018R_FINITE\u2019\n  112 |     if (!R_FINITE(cots_pred(t)) || !R_FINITE(fast_pred(t)) || !R_FINITE(slow_pred(t))) {\n      |                                     ^~~~~~~~\n/usr/share/R/include/R_ext/Arith.h:63:14: note:   initializing argument 1 of \u2018int R_finite(double)\u2019\n   63 | int R_finite(double);           /* True if none of NA, NaN, +/-Inf */\n      |              ^~~~~~\n/usr/share/R/include/R_ext/Arith.h:84:33: error: cannot convert \u2018Eigen::DenseCoeffsBase<Eigen::Array<CppAD::AD<CppAD::AD<double> >, -1, 1, 0, -1, 1>, 1>::Scalar\u2019 {aka \u2018CppAD::AD<CppAD::AD<double> >\u2019} to \u2018double\u2019\n   84 | # define R_FINITE(x)    R_finite(x)\n      |                         ~~~~~~~~^~~\n      |                                 |\n      |                                 Eigen::DenseCoeffsBase<Eigen::Array<CppAD::AD<CppAD::AD<double> >, -1, 1, 0, -1, 1>, 1>::Scalar {aka CppAD::AD<CppAD::AD<double> >}\nPOPULATIONS/POPULATION_0016/INDIVIDUAL_XCIP58HH/model.cpp:112:64: note: in expansion of macro \u2018R_FINITE\u2019\n  112 |     if (!R_FINITE(cots_pred(t)) || !R_FINITE(fast_pred(t)) || !R_FINITE(slow_pred(t))) {\n      |                                                                ^~~~~~~~\n/usr/share/R/include/R_ext/Arith.h:63:14: note:   initializing argument 1 of \u2018int R_finite(double)\u2019\n   63 | int R_finite(double);           /* True if none of NA, NaN, +/-Inf */\n      |              ^~~~~~\nPOPULATIONS/POPULATION_0016/INDIVIDUAL_XCIP58HH/model.cpp: In instantiation of \u2018Type objective_function<Type>::operator()() [with Type = CppAD::AD<CppAD::AD<CppAD::AD<double> > >]\u2019:\n/home/spi085/R/x86_64-pc-linux-gnu-library/4.4/TMB/include/tmb_core.hpp:917:29:   required from \u2018Type objective_function<Type>::evalUserTemplate() [with Type = CppAD::AD<CppAD::AD<CppAD::AD<double> > >]\u2019\n/home/spi085/R/x86_64-pc-linux-gnu-library/4.4/TMB/include/tmb_core.hpp:2365:28:   required from here\nPOPULATIONS/POPULATION_0016/INDIVIDUAL_XCIP58HH/model.cpp:58:17: error: cannot convert \u2018CppAD::AD<CppAD::AD<CppAD::AD<double> > >\u2019 to \u2018double\u2019\n   58 |   if (!R_FINITE(r_cots) || !R_FINITE(K_cots) || !R_FINITE(m_cots) ||\n      |                 ^~~~~~\n      |                 |\n      |                 CppAD::AD<CppAD::AD<CppAD::AD<double> > >\n/usr/share/R/include/R_ext/Arith.h:84:34: note: in definition of macro \u2018R_FINITE\u2019\n   84 | # define R_FINITE(x)    R_finite(x)\n      |                                  ^\n/usr/share/R/include/R_ext/Arith.h:63:14: note:   initializing argument 1 of \u2018int R_finite(double)\u2019\n   63 | int R_finite(double);           /* True if none of NA, NaN, +/-Inf */\n      |              ^~~~~~\nPOPULATIONS/POPULATION_0016/INDIVIDUAL_XCIP58HH/model.cpp:58:38: error: cannot convert \u2018CppAD::AD<CppAD::AD<CppAD::AD<double> > >\u2019 to \u2018double\u2019\n   58 |   if (!R_FINITE(r_cots) || !R_FINITE(K_cots) || !R_FINITE(m_cots) ||\n      |                                      ^~~~~~\n      |                                      |\n      |                                      CppAD::AD<CppAD::AD<CppAD::AD<double> > >\n/usr/share/R/include/R_ext/Arith.h:84:34: note: in definition of macro \u2018R_FINITE\u2019\n   84 | # define R_FINITE(x)    R_finite(x)\n      |                                  ^\n/usr/share/R/include/R_ext/Arith.h:63:14: note:   initializing argument 1 of \u2018int R_finite(double)\u2019\n   63 | int R_finite(double);           /* True if none of NA, NaN, +/-Inf */\n      |              ^~~~~~\nPOPULATIONS/POPULATION_0016/INDIVIDUAL_XCIP58HH/model.cpp:58:59: error: cannot convert \u2018CppAD::AD<CppAD::AD<CppAD::AD<double> > >\u2019 to \u2018double\u2019\n   58 |   if (!R_FINITE(r_cots) || !R_FINITE(K_cots) || !R_FINITE(m_cots) ||\n      |                                                           ^~~~~~\n      |                                                           |\n      |                                                           CppAD::AD<CppAD::AD<CppAD::AD<double> > >\n/usr/share/R/include/R_ext/Arith.h:84:34: note: in definition of macro \u2018R_FINITE\u2019\n   84 | # define R_FINITE(x)    R_finite(x)\n      |                                  ^\n/usr/share/R/include/R_ext/Arith.h:63:14: note:   initializing argument 1 of \u2018int R_finite(double)\u2019\n   63 | int R_finite(double);           /* True if none of NA, NaN, +/-Inf */\n      |              ^~~~~~\nPOPULATIONS/POPULATION_0016/INDIVIDUAL_XCIP58HH/model.cpp:59:17: error: cannot convert \u2018CppAD::AD<CppAD::AD<CppAD::AD<double> > >\u2019 to \u2018double\u2019\n   59 |       !R_FINITE(alpha_acrop) || !R_FINITE(alpha_slow) ||\n      |                 ^~~~~~~~~~~\n      |                 |\n      |                 CppAD::AD<CppAD::AD<CppAD::AD<double> > >\n/usr/share/R/include/R_ext/Arith.h:84:34: note: in definition of macro \u2018R_FINITE\u2019\n   84 | # define R_FINITE(x)    R_finite(x)\n      |                                  ^\n/usr/share/R/include/R_ext/Arith.h:63:14: note:   initializing argument 1 of \u2018int R_finite(double)\u2019\n   63 | int R_finite(double);           /* True if none of NA, NaN, +/-Inf */\n      |              ^~~~~~\nPOPULATIONS/POPULATION_0016/INDIVIDUAL_XCIP58HH/model.cpp:59:43: error: cannot convert \u2018CppAD::AD<CppAD::AD<CppAD::AD<double> > >\u2019 to \u2018double\u2019\n   59 |       !R_FINITE(alpha_acrop) || !R_FINITE(alpha_slow) ||\n      |                                           ^~~~~~~~~~\n      |                                           |\n      |                                           CppAD::AD<CppAD::AD<CppAD::AD<double> > >\n/usr/share/R/include/R_ext/Arith.h:84:34: note: in definition of macro \u2018R_FINITE\u2019\n   84 | # define R_FINITE(x)    R_finite(x)\n      |                                  ^\n/usr/share/R/include/R_ext/Arith.h:63:14: note:   initializing argument 1 of \u2018int R_finite(double)\u2019\n   63 | int R_finite(double);           /* True if none of NA, NaN, +/-Inf */\n      |              ^~~~~~\nPOPULATIONS/POPULATION_0016/INDIVIDUAL_XCIP58HH/model.cpp:60:17: error: cannot convert \u2018CppAD::AD<CppAD::AD<CppAD::AD<double> > >\u2019 to \u2018double\u2019\n   60 |       !R_FINITE(h_acrop) || !R_FINITE(h_slow) ||\n      |                 ^~~~~~~\n      |                 |\n      |                 CppAD::AD<CppAD::AD<CppAD::AD<double> > >\n/usr/share/R/include/R_ext/Arith.h:84:34: note: in definition of macro \u2018R_FINITE\u2019\n   84 | # define R_FINITE(x)    R_finite(x)\n      |                                  ^\n/usr/share/R/include/R_ext/Arith.h:63:14: note:   initializing argument 1 of \u2018int R_finite(double)\u2019\n   63 | int R_finite(double);           /* True if none of NA, NaN, +/-Inf */\n      |              ^~~~~~\nPOPULATIONS/POPULATION_0016/INDIVIDUAL_XCIP58HH/model.cpp:60:39: error: cannot convert \u2018CppAD::AD<CppAD::AD<CppAD::AD<double> > >\u2019 to \u2018double\u2019\n   60 |       !R_FINITE(h_acrop) || !R_FINITE(h_slow) ||\n      |                                       ^~~~~~\n      |                                       |\n      |                                       CppAD::AD<CppAD::AD<CppAD::AD<double> > >\n/usr/share/R/include/R_ext/Arith.h:84:34: note: in definition of macro \u2018R_FINITE\u2019\n   84 | # define R_FINITE(x)    R_finite(x)\n      |                                  ^\n/usr/share/R/include/R_ext/Arith.h:63:14: note:   initializing argument 1 of \u2018int R_finite(double)\u2019\n   63 | int R_finite(double);           /* True if none of NA, NaN, +/-Inf */\n      |              ^~~~~~\nPOPULATIONS/POPULATION_0016/INDIVIDUAL_XCIP58HH/model.cpp:61:17: error: cannot convert \u2018CppAD::AD<CppAD::AD<CppAD::AD<double> > >\u2019 to \u2018double\u2019\n   61 |       !R_FINITE(r_fast) || !R_FINITE(r_slow) ||\n      |                 ^~~~~~\n      |                 |\n      |                 CppAD::AD<CppAD::AD<CppAD::AD<double> > >\n/usr/share/R/include/R_ext/Arith.h:84:34: note: in definition of macro \u2018R_FINITE\u2019\n   84 | # define R_FINITE(x)    R_finite(x)\n      |                                  ^\n/usr/share/R/include/R_ext/Arith.h:63:14: note:   initializing argument 1 of \u2018int R_finite(double)\u2019\n   63 | int R_finite(double);           /* True if none of NA, NaN, +/-Inf */\n      |              ^~~~~~\nPOPULATIONS/POPULATION_0016/INDIVIDUAL_XCIP58HH/model.cpp:61:38: error: cannot convert \u2018CppAD::AD<CppAD::AD<CppAD::AD<double> > >\u2019 to \u2018double\u2019\n   61 |       !R_FINITE(r_fast) || !R_FINITE(r_slow) ||\n      |                                      ^~~~~~\n      |                                      |\n      |                                      CppAD::AD<CppAD::AD<CppAD::AD<double> > >\n/usr/share/R/include/R_ext/Arith.h:84:34: note: in definition of macro \u2018R_FINITE\u2019\n   84 | # define R_FINITE(x)    R_finite(x)\n      |                                  ^\n/usr/share/R/include/R_ext/Arith.h:63:14: note:   initializing argument 1 of \u2018int R_finite(double)\u2019\n   63 | int R_finite(double);           /* True if none of NA, NaN, +/-Inf */\n      |              ^~~~~~\nPOPULATIONS/POPULATION_0016/INDIVIDUAL_XCIP58HH/model.cpp:62:17: error: cannot convert \u2018CppAD::AD<CppAD::AD<CppAD::AD<double> > >\u2019 to \u2018double\u2019\n   62 |       !R_FINITE(K_fast) || !R_FINITE(K_slow) ||\n      |                 ^~~~~~\n      |                 |\n      |                 CppAD::AD<CppAD::AD<CppAD::AD<double> > >\n/usr/share/R/include/R_ext/Arith.h:84:34: note: in definition of macro \u2018R_FINITE\u2019\n   84 | # define R_FINITE(x)    R_finite(x)\n      |                                  ^\n/usr/share/R/include/R_ext/Arith.h:63:14: note:   initializing argument 1 of \u2018int R_finite(double)\u2019\n   63 | int R_finite(double);           /* True if none of NA, NaN, +/-Inf */\n      |              ^~~~~~\nPOPULATIONS/POPULATION_0016/INDIVIDUAL_XCIP58HH/model.cpp:62:38: error: cannot convert \u2018CppAD::AD<CppAD::AD<CppAD::AD<double> > >\u2019 to \u2018double\u2019\n   62 |       !R_FINITE(K_fast) || !R_FINITE(K_slow) ||\n      |                                      ^~~~~~\n      |                                      |\n      |                                      CppAD::AD<CppAD::AD<CppAD::AD<double> > >\n/usr/share/R/include/R_ext/Arith.h:84:34: note: in definition of macro \u2018R_FINITE\u2019\n   84 | # define R_FINITE(x)    R_finite(x)\n      |                                  ^\n/usr/share/R/include/R_ext/Arith.h:63:14: note:   initializing argument 1 of \u2018int R_finite(double)\u2019\n   63 | int R_finite(double);           /* True if none of NA, NaN, +/-Inf */\n      |              ^~~~~~\nPOPULATIONS/POPULATION_0016/INDIVIDUAL_XCIP58HH/model.cpp:63:17: error: cannot convert \u2018CppAD::AD<CppAD::AD<CppAD::AD<double> > >\u2019 to \u2018double\u2019\n   63 |       !R_FINITE(temp_cots) || !R_FINITE(temp_coral) ||\n      |                 ^~~~~~~~~\n      |                 |\n      |                 CppAD::AD<CppAD::AD<CppAD::AD<double> > >\n/usr/share/R/include/R_ext/Arith.h:84:34: note: in definition of macro \u2018R_FINITE\u2019\n   84 | # define R_FINITE(x)    R_finite(x)\n      |                                  ^\n/usr/share/R/include/R_ext/Arith.h:63:14: note:   initializing argument 1 of \u2018int R_finite(double)\u2019\n   63 | int R_finite(double);           /* True if none of NA, NaN, +/-Inf */\n      |              ^~~~~~\nPOPULATIONS/POPULATION_0016/INDIVIDUAL_XCIP58HH/model.cpp:63:41: error: cannot convert \u2018CppAD::AD<CppAD::AD<CppAD::AD<double> > >\u2019 to \u2018double\u2019\n   63 |       !R_FINITE(temp_cots) || !R_FINITE(temp_coral) ||\n      |                                         ^~~~~~~~~~\n      |                                         |\n      |                                         CppAD::AD<CppAD::AD<CppAD::AD<double> > >\n/usr/share/R/include/R_ext/Arith.h:84:34: note: in definition of macro \u2018R_FINITE\u2019\n   84 | # define R_FINITE(x)    R_finite(x)\n      |                                  ^\n/usr/share/R/include/R_ext/Arith.h:63:14: note:   initializing argument 1 of \u2018int R_finite(double)\u2019\n   63 | int R_finite(double);           /* True if none of NA, NaN, +/-Inf */\n      |              ^~~~~~\nPOPULATIONS/POPULATION_0016/INDIVIDUAL_XCIP58HH/model.cpp:64:17: error: cannot convert \u2018CppAD::AD<CppAD::AD<CppAD::AD<double> > >\u2019 to \u2018double\u2019\n   64 |       !R_FINITE(sigma_cots) || !R_FINITE(sigma_fast) || !R_FINITE(sigma_slow)) {\n      |                 ^~~~~~~~~~\n      |                 |\n      |                 CppAD::AD<CppAD::AD<CppAD::AD<double> > >\n/usr/share/R/include/R_ext/Arith.h:84:34: note: in definition of macro \u2018R_FINITE\u2019\n   84 | # define R_FINITE(x)    R_finite(x)\n      |                                  ^\n/usr/share/R/include/R_ext/Arith.h:63:14: note:   initializing argument 1 of \u2018int R_finite(double)\u2019\n   63 | int R_finite(double);           /* True if none of NA, NaN, +/-Inf */\n      |              ^~~~~~\nPOPULATIONS/POPULATION_0016/INDIVIDUAL_XCIP58HH/model.cpp:64:42: error: cannot convert \u2018CppAD::AD<CppAD::AD<CppAD::AD<double> > >\u2019 to \u2018double\u2019\n   64 |       !R_FINITE(sigma_cots) || !R_FINITE(sigma_fast) || !R_FINITE(sigma_slow)) {\n      |                                          ^~~~~~~~~~\n      |                                          |\n      |                                          CppAD::AD<CppAD::AD<CppAD::AD<double> > >\n/usr/share/R/include/R_ext/Arith.h:84:34: note: in definition of macro \u2018R_FINITE\u2019\n   84 | # define R_FINITE(x)    R_finite(x)\n      |                                  ^\n/usr/share/R/include/R_ext/Arith.h:63:14: note:   initializing argument 1 of \u2018int R_finite(double)\u2019\n   63 | int R_finite(double);           /* True if none of NA, NaN, +/-Inf */\n      |              ^~~~~~\nPOPULATIONS/POPULATION_0016/INDIVIDUAL_XCIP58HH/model.cpp:64:67: error: cannot convert \u2018CppAD::AD<CppAD::AD<CppAD::AD<double> > >\u2019 to \u2018double\u2019\n   64 |       !R_FINITE(sigma_cots) || !R_FINITE(sigma_fast) || !R_FINITE(sigma_slow)) {\n      |                                                                   ^~~~~~~~~~\n      |                                                                   |\n      |                                                                   CppAD::AD<CppAD::AD<CppAD::AD<double> > >\n/usr/share/R/include/R_ext/Arith.h:84:34: note: in definition of macro \u2018R_FINITE\u2019\n   84 | # define R_FINITE(x)    R_finite(x)\n      |                                  ^\n/usr/share/R/include/R_ext/Arith.h:63:14: note:   initializing argument 1 of \u2018int R_finite(double)\u2019\n   63 | int R_finite(double);           /* True if none of NA, NaN, +/-Inf */\n      |              ^~~~~~\n/usr/share/R/include/R_ext/Arith.h:84:33: error: cannot convert \u2018Eigen::DenseCoeffsBase<Eigen::Array<CppAD::AD<CppAD::AD<CppAD::AD<double> > >, -1, 1, 0, -1, 1>, 1>::Scalar\u2019 {aka \u2018CppAD::AD<CppAD::AD<CppAD::AD<double> > >\u2019} to \u2018double\u2019\n   84 | # define R_FINITE(x)    R_finite(x)\n      |                         ~~~~~~~~^~~\n      |                                 |\n      |                                 Eigen::DenseCoeffsBase<Eigen::Array<CppAD::AD<CppAD::AD<CppAD::AD<double> > >, -1, 1, 0, -1, 1>, 1>::Scalar {aka CppAD::AD<CppAD::AD<CppAD::AD<double> > >}\nPOPULATIONS/POPULATION_0016/INDIVIDUAL_XCIP58HH/model.cpp:78:8: note: in expansion of macro \u2018R_FINITE\u2019\n   78 |   if (!R_FINITE(cots_pred(0)) || !R_FINITE(fast_pred(0)) || !R_FINITE(slow_pred(0))) {\n      |        ^~~~~~~~\n/usr/share/R/include/R_ext/Arith.h:63:14: note:   initializing argument 1 of \u2018int R_finite(double)\u2019\n   63 | int R_finite(double);           /* True if none of NA, NaN, +/-Inf */\n      |              ^~~~~~\n/usr/share/R/include/R_ext/Arith.h:84:33: error: cannot convert \u2018Eigen::DenseCoeffsBase<Eigen::Array<CppAD::AD<CppAD::AD<CppAD::AD<double> > >, -1, 1, 0, -1, 1>, 1>::Scalar\u2019 {aka \u2018CppAD::AD<CppAD::AD<CppAD::AD<double> > >\u2019} to \u2018double\u2019\n   84 | # define R_FINITE(x)    R_finite(x)\n      |                         ~~~~~~~~^~~\n      |                                 |\n      |                                 Eigen::DenseCoeffsBase<Eigen::Array<CppAD::AD<CppAD::AD<CppAD::AD<double> > >, -1, 1, 0, -1, 1>, 1>::Scalar {aka CppAD::AD<CppAD::AD<CppAD::AD<double> > >}\nPOPULATIONS/POPULATION_0016/INDIVIDUAL_XCIP58HH/model.cpp:78:35: note: in expansion of macro \u2018R_FINITE\u2019\n   78 |   if (!R_FINITE(cots_pred(0)) || !R_FINITE(fast_pred(0)) || !R_FINITE(slow_pred(0))) {\n      |                                   ^~~~~~~~\n/usr/share/R/include/R_ext/Arith.h:63:14: note:   initializing argument 1 of \u2018int R_finite(double)\u2019\n   63 | int R_finite(double);           /* True if none of NA, NaN, +/-Inf */\n      |              ^~~~~~\n/usr/share/R/include/R_ext/Arith.h:84:33: error: cannot convert \u2018Eigen::DenseCoeffsBase<Eigen::Array<CppAD::AD<CppAD::AD<CppAD::AD<double> > >, -1, 1, 0, -1, 1>, 1>::Scalar\u2019 {aka \u2018CppAD::AD<CppAD::AD<CppAD::AD<double> > >\u2019} to \u2018double\u2019\n   84 | # define R_FINITE(x)    R_finite(x)\n      |                         ~~~~~~~~^~~\n      |                                 |\n      |                                 Eigen::DenseCoeffsBase<Eigen::Array<CppAD::AD<CppAD::AD<CppAD::AD<double> > >, -1, 1, 0, -1, 1>, 1>::Scalar {aka CppAD::AD<CppAD::AD<CppAD::AD<double> > >}\nPOPULATIONS/POPULATION_0016/INDIVIDUAL_XCIP58HH/model.cpp:78:62: note: in expansion of macro \u2018R_FINITE\u2019\n   78 |   if (!R_FINITE(cots_pred(0)) || !R_FINITE(fast_pred(0)) || !R_FINITE(slow_pred(0))) {\n      |                                                              ^~~~~~~~\n/usr/share/R/include/R_ext/Arith.h:63:14: note:   initializing argument 1 of \u2018int R_finite(double)\u2019\n   63 | int R_finite(double);           /* True if none of NA, NaN, +/-Inf */\n      |              ^~~~~~\n/usr/share/R/include/R_ext/Arith.h:84:33: error: cannot convert \u2018Eigen::DenseCoeffsBase<Eigen::Array<CppAD::AD<CppAD::AD<CppAD::AD<double> > >, -1, 1, 0, -1, 1>, 1>::Scalar\u2019 {aka \u2018CppAD::AD<CppAD::AD<CppAD::AD<double> > >\u2019} to \u2018double\u2019\n   84 | # define R_FINITE(x)    R_finite(x)\n      |                         ~~~~~~~~^~~\n      |                                 |\n      |                                 Eigen::DenseCoeffsBase<Eigen::Array<CppAD::AD<CppAD::AD<CppAD::AD<double> > >, -1, 1, 0, -1, 1>, 1>::Scalar {aka CppAD::AD<CppAD::AD<CppAD::AD<double> > >}\nPOPULATIONS/POPULATION_0016/INDIVIDUAL_XCIP58HH/model.cpp:112:10: note: in expansion of macro \u2018R_FINITE\u2019\n  112 |     if (!R_FINITE(cots_pred(t)) || !R_FINITE(fast_pred(t)) || !R_FINITE(slow_pred(t))) {\n      |          ^~~~~~~~\n/usr/share/R/include/R_ext/Arith.h:63:14: note:   initializing argument 1 of \u2018int R_finite(double)\u2019\n   63 | int R_finite(double);           /* True if none of NA, NaN, +/-Inf */\n      |              ^~~~~~\n/usr/share/R/include/R_ext/Arith.h:84:33: error: cannot convert \u2018Eigen::DenseCoeffsBase<Eigen::Array<CppAD::AD<CppAD::AD<CppAD::AD<double> > >, -1, 1, 0, -1, 1>, 1>::Scalar\u2019 {aka \u2018CppAD::AD<CppAD::AD<CppAD::AD<double> > >\u2019} to \u2018double\u2019\n   84 | # define R_FINITE(x)    R_finite(x)\n      |                         ~~~~~~~~^~~\n      |                                 |\n      |                                 Eigen::DenseCoeffsBase<Eigen::Array<CppAD::AD<CppAD::AD<CppAD::AD<double> > >, -1, 1, 0, -1, 1>, 1>::Scalar {aka CppAD::AD<CppAD::AD<CppAD::AD<double> > >}\nPOPULATIONS/POPULATION_0016/INDIVIDUAL_XCIP58HH/model.cpp:112:37: note: in expansion of macro \u2018R_FINITE\u2019\n  112 |     if (!R_FINITE(cots_pred(t)) || !R_FINITE(fast_pred(t)) || !R_FINITE(slow_pred(t))) {\n      |                                     ^~~~~~~~\n/usr/share/R/include/R_ext/Arith.h:63:14: note:   initializing argument 1 of \u2018int R_finite(double)\u2019\n   63 | int R_finite(double);           /* True if none of NA, NaN, +/-Inf */\n      |              ^~~~~~\n/usr/share/R/include/R_ext/Arith.h:84:33: error: cannot convert \u2018Eigen::DenseCoeffsBase<Eigen::Array<CppAD::AD<CppAD::AD<CppAD::AD<double> > >, -1, 1, 0, -1, 1>, 1>::Scalar\u2019 {aka \u2018CppAD::AD<CppAD::AD<CppAD::AD<double> > >\u2019} to \u2018double\u2019\n   84 | # define R_FINITE(x)    R_finite(x)\n      |                         ~~~~~~~~^~~\n      |                                 |\n      |                                 Eigen::DenseCoeffsBase<Eigen::Array<CppAD::AD<CppAD::AD<CppAD::AD<double> > >, -1, 1, 0, -1, 1>, 1>::Scalar {aka CppAD::AD<CppAD::AD<CppAD::AD<double> > >}\nPOPULATIONS/POPULATION_0016/INDIVIDUAL_XCIP58HH/model.cpp:112:64: note: in expansion of macro \u2018R_FINITE\u2019\n  112 |     if (!R_FINITE(cots_pred(t)) || !R_FINITE(fast_pred(t)) || !R_FINITE(slow_pred(t))) {\n      |                                                                ^~~~~~~~\n/usr/share/R/include/R_ext/Arith.h:63:14: note:   initializing argument 1 of \u2018int R_finite(double)\u2019\n   63 | int R_finite(double);           /* True if none of NA, NaN, +/-Inf */\n      |              ^~~~~~\nmake: *** [/usr/lib/R/etc/Makeconf:204: POPULATIONS/POPULATION_0016/INDIVIDUAL_XCIP58HH/model.o] Error 1\nError in TMB::compile(file.path(individual_dir, model_file), flags = flags,  : \n  Compilation failed\nError: Compilation failed\nExecution halted"
    },
    "7": {
      "status": "BROKEN"
    }
  }
}