{
  "iterations": {
    "1": {
      "status": "ERROR",
      "message": "R script failed with return code 1",
      "stdout": "g++ -std=gnu++17  -I\"C:/Users/spi085/AppData/Local/Programs/R/R-4.4.1/include\" -DNDEBUG -I\"C:/Users/spi085/AppData/Local/Programs/R/R-44~1.1/library/TMB/include\" -I\"C:/Users/spi085/AppData/Local/Programs/R/R-44~1.1/library/RCPPEI~1/include\"   -DTMB_EIGEN_DISABLE_WARNINGS   -DTMB_LIB_INIT=R_init_model  -DCPPAD_FRAMEWORK    -I\"C:/rtools44/x86_64-w64-mingw32.static.posix/include\"     -O2 -Wa,-mbig-obj -c POPULATIONS//POPULATION_0027//INDIVIDUAL_KRYCDDIL/model.cpp -o POPULATIONS//POPULATION_0027//INDIVIDUAL_KRYCDDIL/model.o\ng++ -std=gnu++17 -shared -s -static-libgcc -o POPULATIONS//POPULATION_0027//INDIVIDUAL_KRYCDDIL/model.dll tmp.def POPULATIONS//POPULATION_0027//INDIVIDUAL_KRYCDDIL/model.o -LC:/rtools44/x86_64-w64-mingw32.static.posix/lib/x64 -LC:/rtools44/x86_64-w64-mingw32.static.posix/lib -LC:/Users/spi085/AppData/Local/Programs/R/R-4.4.1/bin/x64 -lR\nStarting model phases\nNumber of phases: 4 \nPhase 1 \nInitial parameter values for phase 1 :\nr_max g_max \n  1.0   0.4 \nFinal parameter values for phase 1 :\n    r_max     g_max \n0.5139769 0.7488281 \nConvergence message: relative convergence (4) \nNumber of iterations: 16 \nObjective function value: 35144.69 \nGradient at solution for phase 1 :\n          [,1]        [,2]\n[1,] 0.2438097 -0.03548691\nPhase 2 \nInitial parameter values for phase 2 :\n       K_N        K_P alpha_base  alpha_max    K_alpha      m_P_N        s_P \n      0.10       0.20       0.20       0.30       0.10       0.15       0.15 \n   s_P_max      m_Z_N        r_D      I_opt       beta        k_w        E_p \n      0.30       0.10       0.10     150.00       0.10       0.20       0.45 \n   theta_P    eta_max      k_eta     N_crit   eta_base \n      0.50       1.50       5.00       0.15       0.50 \nFinal parameter values for phase 2 :\n          K_N           K_P    alpha_base     alpha_max       K_alpha \n  0.046190745   0.141204022   0.173391987   0.076343612   0.003123417 \n        m_P_N           s_P       s_P_max         m_Z_N           r_D \n  0.016260506  -0.021263290   0.166260506   0.216516161   0.374040416 \n        I_opt          beta           k_w           E_p       theta_P \n150.000000000   0.100000000  -1.535250554   0.450000000   0.500000000 \n      eta_max         k_eta        N_crit      eta_base \n  1.870031777   9.173643282   0.330054422   0.919590396 \nConvergence message: function evaluation limit reached without convergence (9) \nNumber of iterations: 108 \nObjective function value: 313.2206 \nGradient at solution for phase 2 :\n         [,1]     [,2]      [,3]      [,4]     [,5]     [,6]    [,7]     [,8]\n[1,] 1747.384 2001.895 -584.7053 -485.5983 1559.824 770.1234 5146.65 770.1234\n        [,9]    [,10]         [,11] [,12]    [,13] [,14] [,15]     [,16]\n[1,] 2248.18 412.6549 -3.608225e-16     0 185.4484     0     0 -106.6015\n         [,17]    [,18]    [,19]\n[1,] -42.05438 -347.828 1023.484\nPhase 3 \nInitial parameter values for phase 3 :\n m_P  m_Z \n0.10 0.05 \nFinal parameter values for phase 3 :\n       m_P        m_Z \n0.10139085 0.06150262 \nConvergence message: both X-convergence and relative convergence (5) \nNumber of iterations: 19 \nObjective function value: 296.8794 \nGradient at solution for phase 3 :\n              [,1]         [,2]\n[1,] -0.0003211195 1.496973e-05\nPhase 4 \nInitial parameter values for phase 4 :\nsigma_N sigma_P sigma_Z \n    0.2     0.2     0.2 \nFinal parameter values for phase 4 :\n  sigma_N   sigma_P   sigma_Z \n0.4156868 0.2980131 0.1178250 \nConvergence message: relative convergence (4) \nNumber of iterations: 16 \nObjective function value: 52.43131 \nGradient at solution for phase 4 :\n              [,1]          [,2]         [,3]\n[1,] -0.0001992139 -0.0001141198 7.822516e-05\nFinal Phase\nInitial parameter values for final phase:\n        r_max           K_N         g_max           K_P    alpha_base \n  0.513976876   0.046190745   0.748828099   0.141204022   0.173391987 \n    alpha_max       K_alpha           m_P         m_P_N           s_P \n  0.076343612   0.003123417   0.101390845   0.016260506  -0.021263290 \n      s_P_max           m_Z         m_Z_N           r_D       sigma_N \n  0.166260506   0.061502623   0.216516161   0.374040416   0.415686793 \n      sigma_P       sigma_Z         I_opt          beta           k_w \n  0.298013096   0.117825046 150.000000000   0.100000000  -1.535250554 \n          E_p       theta_P       eta_max         k_eta        N_crit \n  0.450000000   0.500000000   1.870031777   9.173643282   0.330054422 \n     eta_base \n  0.919590396 \nFinal parameter values for final phase:\n        r_max           K_N         g_max           K_P    alpha_base \n  0.517850871   0.001817810   0.388989297   0.100742986   0.234526304 \n    alpha_max       K_alpha           m_P         m_P_N           s_P \n  0.061142299   0.009367408   0.069492608  -0.042409658   0.048938980 \n      s_P_max           m_Z         m_Z_N           r_D       sigma_N \n  0.107590342   0.381212851   0.187320769   0.468661888   0.196631358 \n      sigma_P       sigma_Z         I_opt          beta           k_w \n  0.250169170   0.047527363 150.000000000   0.100000000  -1.619191747 \n          E_p       theta_P       eta_max         k_eta        N_crit \n  0.450000000   0.500000000   1.918943428   9.300199718   0.403762315 \n     eta_base \n  0.413910636 \nConvergence message: function evaluation limit reached without convergence (9) \nNumber of iterations: 104 \nObjective function value: -250.4435 \nGradient at solution for final phase:\n         [,1]     [,2]     [,3]     [,4]    [,5]      [,6]     [,7]      [,8]\n[1,] 2492.518 7118.782 -4124.51 4830.994 -649.34 -496.3363 632.6318 -7493.413\n         [,9]    [,10]    [,11]    [,12]    [,13]    [,14]    [,15]     [,16]\n[1,] 42.13693 8080.243 42.13693 170.5615 432.1897 254.3801 188.9665 -231.1261\n         [,17]        [,18] [,19]    [,20] [,21] [,22]   [,23]     [,24]\n[1,] -686.0554 1.665335e-16     0 308.5513     0     0 54.7989 -71.31935\n         [,25]    [,26]\n[1,] -1251.303 2865.969\nAll phases completed",
      "stderr": "Loading required package: TMB\nLoading required package: jsonlite\nhere() starts at C:/Users/spi085/OneDrive - CSIRO/Documents/_Projects/SCCP-QuantModelling\nusing C++ compiler: 'G__~1.EXE (GCC) 13.2.0'\nWarning messages:\n1: In nlminb(model$par, model$fn, model$gr) : NA/NaN function evaluation\n2: In nlminb(model$par, model$fn, model$gr) : NA/NaN function evaluation\n3: In nlminb(model$par, model$fn, model$gr) : NA/NaN function evaluation\n4: In nlminb(model$par, model$fn, model$gr) : NA/NaN function evaluation\n5: In nlminb(model$par, model$fn, model$gr) : NA/NaN function evaluation\n6: In nlminb(model$par, model$fn, model$gr) : NA/NaN function evaluation\n7: In nlminb(model$par, model$fn, model$gr) : NA/NaN function evaluation\n8: In nlminb(model$par, model$fn, model$gr) : NA/NaN function evaluation\nError in `$<-.data.frame`(`*tmp*`, \"found_value\", value = c(NA, NA, NA,  : \n  replacement has 5 rows, data has 31\nCalls: $<- -> $<-.data.frame\nExecution halted"
    },
    "2": {
      "status": "ERROR",
      "message": "Model failed to compile.",
      "stdout": "g++ -std=gnu++17  -I\"C:/Users/spi085/AppData/Local/Programs/R/R-4.4.1/include\" -DNDEBUG -I\"C:/Users/spi085/AppData/Local/Programs/R/R-44~1.1/library/TMB/include\" -I\"C:/Users/spi085/AppData/Local/Programs/R/R-44~1.1/library/RCPPEI~1/include\"   -DTMB_EIGEN_DISABLE_WARNINGS   -DTMB_LIB_INIT=R_init_model  -DCPPAD_FRAMEWORK    -I\"C:/rtools44/x86_64-w64-mingw32.static.posix/include\"     -O2 -Wa,-mbig-obj -c POPULATIONS//POPULATION_0027//INDIVIDUAL_KRYCDDIL/model.cpp -o POPULATIONS//POPULATION_0027//INDIVIDUAL_KRYCDDIL/model.o",
      "stderr": "Loading required package: TMB\nLoading required package: jsonlite\nhere() starts at C:/Users/spi085/OneDrive - CSIRO/Documents/_Projects/SCCP-QuantModelling\nusing C++ compiler: 'G__~1.EXE (GCC) 13.2.0'\nPOPULATIONS//POPULATION_0027//INDIVIDUAL_KRYCDDIL/model.cpp: In instantiation of 'Type objective_function<Type>::operator()() [with Type = CppAD::AD<double>]':\nC:/Users/spi085/AppData/Local/Programs/R/R-4.4.1/library/TMB/include/tmb_core.hpp:1308:6:   required from here\nPOPULATIONS//POPULATION_0027//INDIVIDUAL_KRYCDDIL/model.cpp:142:33: error: no matching function for call to 'max(CppAD::AD<double>, CppAD::AD<double>)'\n  142 |       Type nutrient_stress = max(Type(0.0), m_P_N * K_N / (N + K_N + eps));\n      |                              ~~~^~~~~~~~~~~~~~~~~~~~~~~~~~~~~~~~~~~~~~~~~~\nIn file included from C:/Users/spi085/AppData/Local/Programs/R/R-4.4.1/library/TMB/include/TMB.hpp:215,\n                 from POPULATIONS//POPULATION_0027//INDIVIDUAL_KRYCDDIL/model.cpp:1:\nC:/Users/spi085/AppData/Local/Programs/R/R-4.4.1/library/TMB/include/convenience.hpp:145:6: note: candidate: 'template<class Type> Type max(const tmbutils::vector<Type>&)'\n  145 | Type max(const vector<Type> &x)\n      |      ^~~\nC:/Users/spi085/AppData/Local/Programs/R/R-4.4.1/library/TMB/include/convenience.hpp:145:6: note:   template argument deduction/substitution failed:\nPOPULATIONS//POPULATION_0027//INDIVIDUAL_KRYCDDIL/model.cpp:142:33: note:   'CppAD::AD<double>' is not derived from 'const tmbutils::vector<Type>'\n  142 |       Type nutrient_stress = max(Type(0.0), m_P_N * K_N / (N + K_N + eps));\n      |                              ~~~^~~~~~~~~~~~~~~~~~~~~~~~~~~~~~~~~~~~~~~~~~\nPOPULATIONS//POPULATION_0027//INDIVIDUAL_KRYCDDIL/model.cpp:143:25: error: no matching function for call to 'max(CppAD::AD<double>, CppAD::AD<double>)'\n  143 |       Type sinking = max(Type(0.0), (s_P + s_P_max * K_N / (N + K_N + eps))) * P;\n      |                      ~~~^~~~~~~~~~~~~~~~~~~~~~~~~~~~~~~~~~~~~~~~~~~~~~~~~~~~\nC:/Users/spi085/AppData/Local/Programs/R/R-4.4.1/library/TMB/include/convenience.hpp:145:6: note: candidate: 'template<class Type> Type max(const tmbutils::vector<Type>&)'\n  145 | Type max(const vector<Type> &x)\n      |      ^~~\nC:/Users/spi085/AppData/Local/Programs/R/R-4.4.1/library/TMB/include/convenience.hpp:145:6: note:   template argument deduction/substitution failed:\nPOPULATIONS//POPULATION_0027//INDIVIDUAL_KRYCDDIL/model.cpp:143:25: note:   'CppAD::AD<double>' is not derived from 'const tmbutils::vector<Type>'\n  143 |       Type sinking = max(Type(0.0), (s_P + s_P_max * K_N / (N + K_N + eps))) * P;\n      |                      ~~~^~~~~~~~~~~~~~~~~~~~~~~~~~~~~~~~~~~~~~~~~~~~~~~~~~~~\nPOPULATIONS//POPULATION_0027//INDIVIDUAL_KRYCDDIL/model.cpp:146:35: error: no matching function for call to 'max(CppAD::AD<double>, CppAD::AD<double>)'\n  146 |       Type Z_nutrient_stress = max(Type(0.0), m_Z_N * K_N / (N + K_N + eps));\n      |                                ~~~^~~~~~~~~~~~~~~~~~~~~~~~~~~~~~~~~~~~~~~~~~\nC:/Users/spi085/AppData/Local/Programs/R/R-4.4.1/library/TMB/include/convenience.hpp:145:6: note: candidate: 'template<class Type> Type max(const tmbutils::vector<Type>&)'\n  145 | Type max(const vector<Type> &x)\n      |      ^~~\nC:/Users/spi085/AppData/Local/Programs/R/R-4.4.1/library/TMB/include/convenience.hpp:145:6: note:   template argument deduction/substitution failed:\nPOPULATIONS//POPULATION_0027//INDIVIDUAL_KRYCDDIL/model.cpp:146:35: note:   'CppAD::AD<double>' is not derived from 'const tmbutils::vector<Type>'\n  146 |       Type Z_nutrient_stress = max(Type(0.0), m_Z_N * K_N / (N + K_N + eps));\n      |                                ~~~^~~~~~~~~~~~~~~~~~~~~~~~~~~~~~~~~~~~~~~~~~\nPOPULATIONS//POPULATION_0027//INDIVIDUAL_KRYCDDIL/model.cpp: In instantiation of 'Type objective_function<Type>::operator()() [with Type = double]':\nC:/Users/spi085/AppData/Local/Programs/R/R-4.4.1/library/TMB/include/tmb_core.hpp:2031:7:   required from here\nPOPULATIONS//POPULATION_0027//INDIVIDUAL_KRYCDDIL/model.cpp:142:33: error: no matching function for call to 'max(double, double)'\n  142 |       Type nutrient_stress = max(Type(0.0), m_P_N * K_N / (N + K_N + eps));\n      |                              ~~~^~~~~~~~~~~~~~~~~~~~~~~~~~~~~~~~~~~~~~~~~~\nC:/Users/spi085/AppData/Local/Programs/R/R-4.4.1/library/TMB/include/convenience.hpp:145:6: note: candidate: 'template<class Type> Type max(const tmbutils::vector<Type>&)'\n  145 | Type max(const vector<Type> &x)\n      |      ^~~\nC:/Users/spi085/AppData/Local/Programs/R/R-4.4.1/library/TMB/include/convenience.hpp:145:6: note:   template argument deduction/substitution failed:\nPOPULATIONS//POPULATION_0027//INDIVIDUAL_KRYCDDIL/model.cpp:142:33: note:   mismatched types 'const tmbutils::vector<Type>' and 'double'\n  142 |       Type nutrient_stress = max(Type(0.0), m_P_N * K_N / (N + K_N + eps));\n      |                              ~~~^~~~~~~~~~~~~~~~~~~~~~~~~~~~~~~~~~~~~~~~~~\nPOPULATIONS//POPULATION_0027//INDIVIDUAL_KRYCDDIL/model.cpp:143:25: error: no matching function for call to 'max(double, double)'\n  143 |       Type sinking = max(Type(0.0), (s_P + s_P_max * K_N / (N + K_N + eps))) * P;\n      |                      ~~~^~~~~~~~~~~~~~~~~~~~~~~~~~~~~~~~~~~~~~~~~~~~~~~~~~~~\nC:/Users/spi085/AppData/Local/Programs/R/R-4.4.1/library/TMB/include/convenience.hpp:145:6: note: candidate: 'template<class Type> Type max(const tmbutils::vector<Type>&)'\n  145 | Type max(const vector<Type> &x)\n      |      ^~~\nC:/Users/spi085/AppData/Local/Programs/R/R-4.4.1/library/TMB/include/convenience.hpp:145:6: note:   template argument deduction/substitution failed:\nPOPULATIONS//POPULATION_0027//INDIVIDUAL_KRYCDDIL/model.cpp:143:25: note:   mismatched types 'const tmbutils::vector<Type>' and 'double'\n  143 |       Type sinking = max(Type(0.0), (s_P + s_P_max * K_N / (N + K_N + eps))) * P;\n      |                      ~~~^~~~~~~~~~~~~~~~~~~~~~~~~~~~~~~~~~~~~~~~~~~~~~~~~~~~\nPOPULATIONS//POPULATION_0027//INDIVIDUAL_KRYCDDIL/model.cpp:146:35: error: no matching function for call to 'max(double, double)'\n  146 |       Type Z_nutrient_stress = max(Type(0.0), m_Z_N * K_N / (N + K_N + eps));\n      |                                ~~~^~~~~~~~~~~~~~~~~~~~~~~~~~~~~~~~~~~~~~~~~~\nC:/Users/spi085/AppData/Local/Programs/R/R-4.4.1/library/TMB/include/convenience.hpp:145:6: note: candidate: 'template<class Type> Type max(const tmbutils::vector<Type>&)'\n  145 | Type max(const vector<Type> &x)\n      |      ^~~\nC:/Users/spi085/AppData/Local/Programs/R/R-4.4.1/library/TMB/include/convenience.hpp:145:6: note:   template argument deduction/substitution failed:\nPOPULATIONS//POPULATION_0027//INDIVIDUAL_KRYCDDIL/model.cpp:146:35: note:   mismatched types 'const tmbutils::vector<Type>' and 'double'\n  146 |       Type Z_nutrient_stress = max(Type(0.0), m_Z_N * K_N / (N + K_N + eps));\n      |                                ~~~^~~~~~~~~~~~~~~~~~~~~~~~~~~~~~~~~~~~~~~~~~\nPOPULATIONS//POPULATION_0027//INDIVIDUAL_KRYCDDIL/model.cpp: In instantiation of 'Type objective_function<Type>::operator()() [with Type = CppAD::AD<CppAD::AD<double> >]':\nC:/Users/spi085/AppData/Local/Programs/R/R-4.4.1/library/TMB/include/tmb_core.hpp:913:29:   required from 'Type objective_function<Type>::evalUserTemplate() [with Type = CppAD::AD<CppAD::AD<double> >]'\nC:/Users/spi085/AppData/Local/Programs/R/R-4.4.1/library/TMB/include/tmb_core.hpp:2112:26:   required from here\nPOPULATIONS//POPULATION_0027//INDIVIDUAL_KRYCDDIL/model.cpp:142:33: error: no matching function for call to 'max(CppAD::AD<CppAD::AD<double> >, CppAD::AD<CppAD::AD<double> >)'\n  142 |       Type nutrient_stress = max(Type(0.0), m_P_N * K_N / (N + K_N + eps));\n      |                              ~~~^~~~~~~~~~~~~~~~~~~~~~~~~~~~~~~~~~~~~~~~~~\nC:/Users/spi085/AppData/Local/Programs/R/R-4.4.1/library/TMB/include/convenience.hpp:145:6: note: candidate: 'template<class Type> Type max(const tmbutils::vector<Type>&)'\n  145 | Type max(const vector<Type> &x)\n      |      ^~~\nC:/Users/spi085/AppData/Local/Programs/R/R-4.4.1/library/TMB/include/convenience.hpp:145:6: note:   template argument deduction/substitution failed:\nPOPULATIONS//POPULATION_0027//INDIVIDUAL_KRYCDDIL/model.cpp:142:33: note:   'CppAD::AD<CppAD::AD<double> >' is not derived from 'const tmbutils::vector<Type>'\n  142 |       Type nutrient_stress = max(Type(0.0), m_P_N * K_N / (N + K_N + eps));\n      |                              ~~~^~~~~~~~~~~~~~~~~~~~~~~~~~~~~~~~~~~~~~~~~~\nPOPULATIONS//POPULATION_0027//INDIVIDUAL_KRYCDDIL/model.cpp:143:25: error: no matching function for call to 'max(CppAD::AD<CppAD::AD<double> >, CppAD::AD<CppAD::AD<double> >)'\n  143 |       Type sinking = max(Type(0.0), (s_P + s_P_max * K_N / (N + K_N + eps))) * P;\n      |                      ~~~^~~~~~~~~~~~~~~~~~~~~~~~~~~~~~~~~~~~~~~~~~~~~~~~~~~~\nC:/Users/spi085/AppData/Local/Programs/R/R-4.4.1/library/TMB/include/convenience.hpp:145:6: note: candidate: 'template<class Type> Type max(const tmbutils::vector<Type>&)'\n  145 | Type max(const vector<Type> &x)\n      |      ^~~\nC:/Users/spi085/AppData/Local/Programs/R/R-4.4.1/library/TMB/include/convenience.hpp:145:6: note:   template argument deduction/substitution failed:\nPOPULATIONS//POPULATION_0027//INDIVIDUAL_KRYCDDIL/model.cpp:143:25: note:   'CppAD::AD<CppAD::AD<double> >' is not derived from 'const tmbutils::vector<Type>'\n  143 |       Type sinking = max(Type(0.0), (s_P + s_P_max * K_N / (N + K_N + eps))) * P;\n      |                      ~~~^~~~~~~~~~~~~~~~~~~~~~~~~~~~~~~~~~~~~~~~~~~~~~~~~~~~\nPOPULATIONS//POPULATION_0027//INDIVIDUAL_KRYCDDIL/model.cpp:146:35: error: no matching function for call to 'max(CppAD::AD<CppAD::AD<double> >, CppAD::AD<CppAD::AD<double> >)'\n  146 |       Type Z_nutrient_stress = max(Type(0.0), m_Z_N * K_N / (N + K_N + eps));\n      |                                ~~~^~~~~~~~~~~~~~~~~~~~~~~~~~~~~~~~~~~~~~~~~~\nC:/Users/spi085/AppData/Local/Programs/R/R-4.4.1/library/TMB/include/convenience.hpp:145:6: note: candidate: 'template<class Type> Type max(const tmbutils::vector<Type>&)'\n  145 | Type max(const vector<Type> &x)\n      |      ^~~\nC:/Users/spi085/AppData/Local/Programs/R/R-4.4.1/library/TMB/include/convenience.hpp:145:6: note:   template argument deduction/substitution failed:\nPOPULATIONS//POPULATION_0027//INDIVIDUAL_KRYCDDIL/model.cpp:146:35: note:   'CppAD::AD<CppAD::AD<double> >' is not derived from 'const tmbutils::vector<Type>'\n  146 |       Type Z_nutrient_stress = max(Type(0.0), m_Z_N * K_N / (N + K_N + eps));\n      |                                ~~~^~~~~~~~~~~~~~~~~~~~~~~~~~~~~~~~~~~~~~~~~~\nPOPULATIONS//POPULATION_0027//INDIVIDUAL_KRYCDDIL/model.cpp: In instantiation of 'Type objective_function<Type>::operator()() [with Type = CppAD::AD<CppAD::AD<CppAD::AD<double> > >]':\nC:/Users/spi085/AppData/Local/Programs/R/R-4.4.1/library/TMB/include/tmb_core.hpp:913:29:   required from 'Type objective_function<Type>::evalUserTemplate() [with Type = CppAD::AD<CppAD::AD<CppAD::AD<double> > >]'\nC:/Users/spi085/AppData/Local/Programs/R/R-4.4.1/library/TMB/include/tmb_core.hpp:2361:28:   required from here\nPOPULATIONS//POPULATION_0027//INDIVIDUAL_KRYCDDIL/model.cpp:142:33: error: no matching function for call to 'max(CppAD::AD<CppAD::AD<CppAD::AD<double> > >, CppAD::AD<CppAD::AD<CppAD::AD<double> > >)'\n  142 |       Type nutrient_stress = max(Type(0.0), m_P_N * K_N / (N + K_N + eps));\n      |                              ~~~^~~~~~~~~~~~~~~~~~~~~~~~~~~~~~~~~~~~~~~~~~\nC:/Users/spi085/AppData/Local/Programs/R/R-4.4.1/library/TMB/include/convenience.hpp:145:6: note: candidate: 'template<class Type> Type max(const tmbutils::vector<Type>&)'\n  145 | Type max(const vector<Type> &x)\n      |      ^~~\nC:/Users/spi085/AppData/Local/Programs/R/R-4.4.1/library/TMB/include/convenience.hpp:145:6: note:   template argument deduction/substitution failed:\nPOPULATIONS//POPULATION_0027//INDIVIDUAL_KRYCDDIL/model.cpp:142:33: note:   'CppAD::AD<CppAD::AD<CppAD::AD<double> > >' is not derived from 'const tmbutils::vector<Type>'\n  142 |       Type nutrient_stress = max(Type(0.0), m_P_N * K_N / (N + K_N + eps));\n      |                              ~~~^~~~~~~~~~~~~~~~~~~~~~~~~~~~~~~~~~~~~~~~~~\nPOPULATIONS//POPULATION_0027//INDIVIDUAL_KRYCDDIL/model.cpp:143:25: error: no matching function for call to 'max(CppAD::AD<CppAD::AD<CppAD::AD<double> > >, CppAD::AD<CppAD::AD<CppAD::AD<double> > >)'\n  143 |       Type sinking = max(Type(0.0), (s_P + s_P_max * K_N / (N + K_N + eps))) * P;\n      |                      ~~~^~~~~~~~~~~~~~~~~~~~~~~~~~~~~~~~~~~~~~~~~~~~~~~~~~~~\nC:/Users/spi085/AppData/Local/Programs/R/R-4.4.1/library/TMB/include/convenience.hpp:145:6: note: candidate: 'template<class Type> Type max(const tmbutils::vector<Type>&)'\n  145 | Type max(const vector<Type> &x)\n      |      ^~~\nC:/Users/spi085/AppData/Local/Programs/R/R-4.4.1/library/TMB/include/convenience.hpp:145:6: note:   template argument deduction/substitution failed:\nPOPULATIONS//POPULATION_0027//INDIVIDUAL_KRYCDDIL/model.cpp:143:25: note:   'CppAD::AD<CppAD::AD<CppAD::AD<double> > >' is not derived from 'const tmbutils::vector<Type>'\n  143 |       Type sinking = max(Type(0.0), (s_P + s_P_max * K_N / (N + K_N + eps))) * P;\n      |                      ~~~^~~~~~~~~~~~~~~~~~~~~~~~~~~~~~~~~~~~~~~~~~~~~~~~~~~~\nPOPULATIONS//POPULATION_0027//INDIVIDUAL_KRYCDDIL/model.cpp:146:35: error: no matching function for call to 'max(CppAD::AD<CppAD::AD<CppAD::AD<double> > >, CppAD::AD<CppAD::AD<CppAD::AD<double> > >)'\n  146 |       Type Z_nutrient_stress = max(Type(0.0), m_Z_N * K_N / (N + K_N + eps));\n      |                                ~~~^~~~~~~~~~~~~~~~~~~~~~~~~~~~~~~~~~~~~~~~~~\nC:/Users/spi085/AppData/Local/Programs/R/R-4.4.1/library/TMB/include/convenience.hpp:145:6: note: candidate: 'template<class Type> Type max(const tmbutils::vector<Type>&)'\n  145 | Type max(const vector<Type> &x)\n      |      ^~~\nC:/Users/spi085/AppData/Local/Programs/R/R-4.4.1/library/TMB/include/convenience.hpp:145:6: note:   template argument deduction/substitution failed:\nPOPULATIONS//POPULATION_0027//INDIVIDUAL_KRYCDDIL/model.cpp:146:35: note:   'CppAD::AD<CppAD::AD<CppAD::AD<double> > >' is not derived from 'const tmbutils::vector<Type>'\n  146 |       Type Z_nutrient_stress = max(Type(0.0), m_Z_N * K_N / (N + K_N + eps));\n      |                                ~~~^~~~~~~~~~~~~~~~~~~~~~~~~~~~~~~~~~~~~~~~~~\nmake: *** [C:/Users/spi085/AppData/Local/Programs/R/R-4.4.1/etc/x64/Makeconf:296: POPULATIONS//POPULATION_0027//INDIVIDUAL_KRYCDDIL/model.o] Error 1\nError in TMB::compile(file.path(individual_dir, model_file), flags = flags,  : \n  Compilation failed\nError: Compilation failed\nExecution halted"
    },
    "3": {
      "status": "ERROR",
      "message": "R script failed with return code 1",
      "stdout": "g++ -std=gnu++17  -I\"C:/Users/spi085/AppData/Local/Programs/R/R-4.4.1/include\" -DNDEBUG -I\"C:/Users/spi085/AppData/Local/Programs/R/R-44~1.1/library/TMB/include\" -I\"C:/Users/spi085/AppData/Local/Programs/R/R-44~1.1/library/RCPPEI~1/include\"   -DTMB_EIGEN_DISABLE_WARNINGS   -DTMB_LIB_INIT=R_init_model  -DCPPAD_FRAMEWORK    -I\"C:/rtools44/x86_64-w64-mingw32.static.posix/include\"     -O2 -Wa,-mbig-obj -c POPULATIONS//POPULATION_0027//INDIVIDUAL_KRYCDDIL/model.cpp -o POPULATIONS//POPULATION_0027//INDIVIDUAL_KRYCDDIL/model.o\ng++ -std=gnu++17 -shared -s -static-libgcc -o POPULATIONS//POPULATION_0027//INDIVIDUAL_KRYCDDIL/model.dll tmp.def POPULATIONS//POPULATION_0027//INDIVIDUAL_KRYCDDIL/model.o -LC:/rtools44/x86_64-w64-mingw32.static.posix/lib/x64 -LC:/rtools44/x86_64-w64-mingw32.static.posix/lib -LC:/Users/spi085/AppData/Local/Programs/R/R-4.4.1/bin/x64 -lR\nStarting model phases\nNumber of phases: 4 \nPhase 1 \nInitial parameter values for phase 1 :\nr_max g_max \n  1.0   0.4 \nFinal parameter values for phase 1 :\n    r_max     g_max \n0.5139769 0.7488281 \nConvergence message: relative convergence (4) \nNumber of iterations: 16 \nObjective function value: 35151.43 \nGradient at solution for phase 1 :\n          [,1]        [,2]\n[1,] 0.2442978 -0.03556682\nPhase 2 \nInitial parameter values for phase 2 :\n       K_N        K_P alpha_base  alpha_max    K_alpha      m_P_N        s_P \n      0.10       0.20       0.20       0.30       0.10       0.15       0.15 \n   s_P_max      m_Z_N        r_D      I_opt       beta        k_w        E_p \n      0.30       0.10       0.10     150.00       0.10       0.20       0.45 \n   theta_P    eta_max      k_eta     N_crit   eta_base \n      0.50       1.50       5.00       0.15       0.50 \nFinal parameter values for phase 2 :\n         K_N          K_P   alpha_base    alpha_max      K_alpha        m_P_N \n4.712166e-02 1.846084e-01 1.034750e-01 2.120889e-01 1.077609e-03 5.006985e-03 \n         s_P      s_P_max        m_Z_N          r_D        I_opt         beta \n5.476807e-03 4.373019e-03 2.421641e-01 1.423908e-01 1.500000e+02 1.000000e-01 \n         k_w          E_p      theta_P      eta_max        k_eta       N_crit \n1.508314e-01 4.500000e-01 5.000000e-01 1.704967e+00 5.321695e+00 4.644792e-01 \n    eta_base \n6.575184e-01 \nConvergence message: function evaluation limit reached without convergence (9) \nNumber of iterations: 119 \nObjective function value: 385.3367 \nGradient at solution for phase 2 :\n          [,1]      [,2]      [,3]      [,4]    [,5]      [,6]     [,7]\n[1,] -1375.282 -1532.972 -129.6322 -107.2238 54.1784 -339.1482 234.9578\n          [,8]      [,9]    [,10]       [,11] [,12]    [,13] [,14] [,15]\n[1,] -436.6109 -912.5099 365.8789 3.54751e-16     0 4.257047     0     0\n        [,16]     [,17]    [,18]     [,19]\n[1,] -196.485 -10.19632 467.0598 -249.0638\nPhase 3 \nInitial parameter values for phase 3 :\n m_P  m_Z \n0.10 0.05 \nFinal parameter values for phase 3 :\n      m_P       m_Z \n0.1001237 0.0655688 \nConvergence message: relative convergence (4) \nNumber of iterations: 17 \nObjective function value: 368.9962 \nGradient at solution for phase 3 :\n            [,1]         [,2]\n[1,] 1.29174e-06 -1.72046e-06\nPhase 4 \nInitial parameter values for phase 4 :\nsigma_N sigma_P sigma_Z \n    0.2     0.2     0.2 \nFinal parameter values for phase 4 :\n  sigma_N   sigma_P   sigma_Z \n0.4227105 0.3257730 0.1227226 \nConvergence message: relative convergence (4) \nNumber of iterations: 21 \nObjective function value: 95.5098 \nGradient at solution for phase 4 :\n             [,1]         [,2]       [,3]\n[1,] 1.865274e-06 0.0003934909 0.00166739\nFinal Phase\nInitial parameter values for final phase:\n       r_max          K_N        g_max          K_P   alpha_base    alpha_max \n5.139769e-01 4.712166e-02 7.488281e-01 1.846084e-01 1.034750e-01 2.120889e-01 \n     K_alpha          m_P        m_P_N          s_P      s_P_max          m_Z \n1.077609e-03 1.001237e-01 5.006985e-03 5.476807e-03 4.373019e-03 6.556880e-02 \n       m_Z_N          r_D      sigma_N      sigma_P      sigma_Z        I_opt \n2.421641e-01 1.423908e-01 4.227105e-01 3.257730e-01 1.227226e-01 1.500000e+02 \n        beta          k_w          E_p      theta_P      eta_max        k_eta \n1.000000e-01 1.508314e-01 4.500000e-01 5.000000e-01 1.704967e+00 5.321695e+00 \n      N_crit     eta_base \n4.644792e-01 6.575184e-01 \nFinal parameter values for final phase:\n        r_max           K_N         g_max           K_P    alpha_base \n  0.494282107   0.002290130   0.401618796   0.129402174   0.174975469 \n    alpha_max       K_alpha           m_P         m_P_N           s_P \n  0.074156508   0.002965363   0.007202496   0.013768364   0.048576101 \n      s_P_max           m_Z         m_Z_N           r_D       sigma_N \n  0.032160045   0.276774570   0.110454144   0.127457951   0.186258725 \n      sigma_P       sigma_Z         I_opt          beta           k_w \n  0.213011344   0.058544490 150.000000000   0.100000000  -1.207456802 \n          E_p       theta_P       eta_max         k_eta        N_crit \n  0.450000000   0.500000000   2.370790449   6.850751825   0.488469280 \n     eta_base \n  0.172687635 \nConvergence message: function evaluation limit reached without convergence (9) \nNumber of iterations: 130 \nObjective function value: -297.4505 \nGradient at solution for final phase:\n          [,1]      [,2]      [,3]    [,4]     [,5]     [,6]      [,7]\n[1,] -3.111586 -205.2318 -72.00261 178.716 182.0386 187.6524 -688.1069\n          [,8]      [,9]    [,10]      [,11]    [,12]     [,13]    [,14]\n[1,] -320.4452 -80.36938 99.12606 -0.6010878 -124.638 -11.03336 108.9223\n        [,15]  [,16]    [,17]       [,18] [,19]    [,20] [,21] [,22]     [,23]\n[1,] 121.8001 9.1756 111.1818 5.20417e-17     0 13.38286     0     0 -6.062689\n         [,24]     [,25]    [,26]\n[1,] -19.14239 -99.44185 78.40754\nAll phases completed",
      "stderr": "Loading required package: TMB\nLoading required package: jsonlite\nhere() starts at C:/Users/spi085/OneDrive - CSIRO/Documents/_Projects/SCCP-QuantModelling\nusing C++ compiler: 'G__~1.EXE (GCC) 13.2.0'\nThere were 32 warnings (use warnings() to see them)\nError in `$<-.data.frame`(`*tmp*`, \"found_value\", value = c(NA, NA, NA,  : \n  replacement has 5 rows, data has 31\nCalls: $<- -> $<-.data.frame\nExecution halted"
    },
    "4": {
      "status": "ERROR",
      "message": "R script failed with return code 1",
      "stdout": "g++ -std=gnu++17  -I\"C:/Users/spi085/AppData/Local/Programs/R/R-4.4.1/include\" -DNDEBUG -I\"C:/Users/spi085/AppData/Local/Programs/R/R-44~1.1/library/TMB/include\" -I\"C:/Users/spi085/AppData/Local/Programs/R/R-44~1.1/library/RCPPEI~1/include\"   -DTMB_EIGEN_DISABLE_WARNINGS   -DTMB_LIB_INIT=R_init_model  -DCPPAD_FRAMEWORK    -I\"C:/rtools44/x86_64-w64-mingw32.static.posix/include\"     -O2 -Wa,-mbig-obj -c POPULATIONS//POPULATION_0027//INDIVIDUAL_KRYCDDIL/model.cpp -o POPULATIONS//POPULATION_0027//INDIVIDUAL_KRYCDDIL/model.o\ng++ -std=gnu++17 -shared -s -static-libgcc -o POPULATIONS//POPULATION_0027//INDIVIDUAL_KRYCDDIL/model.dll tmp.def POPULATIONS//POPULATION_0027//INDIVIDUAL_KRYCDDIL/model.o -LC:/rtools44/x86_64-w64-mingw32.static.posix/lib/x64 -LC:/rtools44/x86_64-w64-mingw32.static.posix/lib -LC:/Users/spi085/AppData/Local/Programs/R/R-4.4.1/bin/x64 -lR\nStarting model phases\nNumber of phases: 4 \nPhase 1 \nInitial parameter values for phase 1 :\nr_max g_max \n  1.0   0.4 \nFinal parameter values for phase 1 :\n    r_max     g_max \n0.4676878 0.6925728 \nConvergence message: relative convergence (4) \nNumber of iterations: 19 \nObjective function value: 28556.39 \nGradient at solution for phase 1 :\n          [,1]      [,2]\n[1,] 0.1806642 -1.013752\nPhase 2 \nInitial parameter values for phase 2 :\n       K_N        K_P alpha_base  alpha_max    K_alpha      m_P_N        s_P \n      0.10       0.20       0.20       0.30       0.10       0.15       0.15 \n   s_P_max      m_Z_N        r_D      I_opt       beta        k_w        E_p \n      0.30       0.10       0.10     150.00       0.10       0.20       0.45 \n   theta_P    eta_max      k_eta     N_crit   eta_base \n      0.50       1.50       5.00       0.15       0.50 \nFinal parameter values for phase 2 :\n         K_N          K_P   alpha_base    alpha_max      K_alpha        m_P_N \n3.971427e-02 1.886110e-01 2.537516e-01 8.771293e-02 3.591295e-03 2.045640e-03 \n         s_P      s_P_max        m_Z_N          r_D        I_opt         beta \n1.733416e-03 5.214450e-03 2.836114e-01 1.251156e-01 1.500000e+02 1.000000e-01 \n         k_w          E_p      theta_P      eta_max        k_eta       N_crit \n1.808242e-01 4.500000e-01 5.000000e-01 1.743131e+00 5.105811e+00 4.647620e-01 \n    eta_base \n6.214872e-01 \nConvergence message: function evaluation limit reached without convergence (9) \nNumber of iterations: 115 \nObjective function value: 368.4759 \nGradient at solution for phase 2 :\n         [,1]     [,2]      [,3]      [,4]     [,5]      [,6]     [,7]     [,8]\n[1,] 2071.394 580.2112 -451.0575 -381.8567 1020.014 -511.5857 1933.368 609.5187\n         [,9]     [,10]        [,11] [,12]    [,13] [,14] [,15]     [,16]\n[1,] 368.4853 -128.5454 -1.43982e-16     0 4.829366     0     0 -78.48628\n         [,17]    [,18]   [,19]\n[1,] -29.18234 5.666398 112.346\nPhase 3 \nInitial parameter values for phase 3 :\n m_P  m_Z \n0.10 0.05 \nFinal parameter values for phase 3 :\n       m_P        m_Z \n0.10016256 0.06628653 \nConvergence message: relative convergence (4) \nNumber of iterations: 14 \nObjective function value: 352.476 \nGradient at solution for phase 3 :\n             [,1]        [,2]\n[1,] -0.002107607 0.007666263\nPhase 4 \nInitial parameter values for phase 4 :\nsigma_N sigma_P sigma_Z \n    0.2     0.2     0.2 \nFinal parameter values for phase 4 :\n  sigma_N   sigma_P   sigma_Z \n0.4075220 0.3315715 0.1264298 \nConvergence message: relative convergence (4) \nNumber of iterations: 25 \nObjective function value: 98.89163 \nGradient at solution for phase 4 :\n             [,1]          [,2]         [,3]\n[1,] 8.489993e-06 -0.0001779598 0.0001198047\nFinal Phase\nInitial parameter values for final phase:\n       r_max          K_N        g_max          K_P   alpha_base    alpha_max \n4.676878e-01 3.971427e-02 6.925728e-01 1.886110e-01 2.537516e-01 8.771293e-02 \n     K_alpha          m_P        m_P_N          s_P      s_P_max          m_Z \n3.591295e-03 1.001626e-01 2.045640e-03 1.733416e-03 5.214450e-03 6.628653e-02 \n       m_Z_N          r_D      sigma_N      sigma_P      sigma_Z        I_opt \n2.836114e-01 1.251156e-01 4.075220e-01 3.315715e-01 1.264298e-01 1.500000e+02 \n        beta          k_w          E_p      theta_P      eta_max        k_eta \n1.000000e-01 1.808242e-01 4.500000e-01 5.000000e-01 1.743131e+00 5.105811e+00 \n      N_crit     eta_base \n4.647620e-01 6.214872e-01 \nFinal parameter values for final phase:\n        r_max           K_N         g_max           K_P    alpha_base \n  0.406602738   0.004451327   0.432361119   0.137067030   0.177919436 \n    alpha_max       K_alpha           m_P         m_P_N           s_P \n  0.088755864   0.002701223   0.007290492   0.013618689   0.047241321 \n      s_P_max           m_Z         m_Z_N           r_D       sigma_N \n  0.008723799   0.287328564   0.145650137   0.134159587   0.166743049 \n      sigma_P       sigma_Z         I_opt          beta           k_w \n  0.247715280   0.056377006 150.000000000   0.100000000  -0.673890336 \n          E_p       theta_P       eta_max         k_eta        N_crit \n  0.450000000   0.500000000   2.302760230   6.434195369   0.463992439 \n     eta_base \n  0.216986417 \nConvergence message: function evaluation limit reached without convergence (9) \nNumber of iterations: 116 \nObjective function value: -262.4801 \nGradient at solution for final phase:\n         [,1]     [,2]     [,3]    [,4]      [,5]      [,6]     [,7]      [,8]\n[1,] 1129.592 12272.99 -2667.46 1433.31 -1314.938 -1251.562 946.6462 -6653.103\n         [,9]    [,10]   [,11]    [,12]    [,13]     [,14]    [,15]     [,16]\n[1,] 479.9955 7246.849 325.713 92.34963 981.7948 -142.5271 28.13429 -63.47637\n         [,17]        [,18] [,19]    [,20] [,21] [,22]  [,23]     [,24]\n[1,] -319.8338 3.816392e-17     0 87.17145     0     0 24.755 -117.1198\n         [,25]    [,26]\n[1,] -897.0387 1858.135\nAll phases completed",
      "stderr": "Loading required package: TMB\nLoading required package: jsonlite\nhere() starts at C:/Users/spi085/OneDrive - CSIRO/Documents/_Projects/SCCP-QuantModelling\nusing C++ compiler: 'G__~1.EXE (GCC) 13.2.0'\nThere were 40 warnings (use warnings() to see them)\nError in `$<-.data.frame`(`*tmp*`, \"found_value\", value = c(NA, NA, NA,  : \n  replacement has 5 rows, data has 31\nCalls: $<- -> $<-.data.frame\nExecution halted"
    },
    "5": {
      "status": "ERROR",
      "message": "R script failed with return code 1",
      "stdout": "g++ -std=gnu++17  -I\"C:/Users/spi085/AppData/Local/Programs/R/R-4.4.1/include\" -DNDEBUG -I\"C:/Users/spi085/AppData/Local/Programs/R/R-44~1.1/library/TMB/include\" -I\"C:/Users/spi085/AppData/Local/Programs/R/R-44~1.1/library/RCPPEI~1/include\"   -DTMB_EIGEN_DISABLE_WARNINGS   -DTMB_LIB_INIT=R_init_model  -DCPPAD_FRAMEWORK    -I\"C:/rtools44/x86_64-w64-mingw32.static.posix/include\"     -O2 -Wa,-mbig-obj -c POPULATIONS//POPULATION_0027//INDIVIDUAL_KRYCDDIL/model.cpp -o POPULATIONS//POPULATION_0027//INDIVIDUAL_KRYCDDIL/model.o\ng++ -std=gnu++17 -shared -s -static-libgcc -o POPULATIONS//POPULATION_0027//INDIVIDUAL_KRYCDDIL/model.dll tmp.def POPULATIONS//POPULATION_0027//INDIVIDUAL_KRYCDDIL/model.o -LC:/rtools44/x86_64-w64-mingw32.static.posix/lib/x64 -LC:/rtools44/x86_64-w64-mingw32.static.posix/lib -LC:/Users/spi085/AppData/Local/Programs/R/R-4.4.1/bin/x64 -lR\nStarting model phases\nNumber of phases: 4 \nPhase 1 \nInitial parameter values for phase 1 :\nr_max g_max \n  1.0   0.4 \nFinal parameter values for phase 1 :\n   r_max    g_max \n2.675786 2.551790 \nConvergence message: relative convergence (4) \nNumber of iterations: 13 \nObjective function value: 22393.16 \nGradient at solution for phase 1 :\n              [,1]          [,2]\n[1,] -3.652427e-07 -7.281584e-06\nPhase 2 \nInitial parameter values for phase 2 :\n       K_N        K_P alpha_base  alpha_max    K_alpha      m_P_N        s_P \n      0.10       0.20       0.20       0.30       0.10       0.15       0.15 \n   s_P_max      m_Z_N        r_D      I_opt       beta        k_w        E_p \n      0.30       0.10       0.10     150.00       0.10       0.20       0.45 \n   theta_P    eta_max      k_eta     N_crit   eta_base \n      0.50       1.50       5.00       0.15       0.50 \nFinal parameter values for phase 2 :\n         K_N          K_P   alpha_base    alpha_max      K_alpha        m_P_N \n3.946901e-02 2.556610e-01 3.653539e-04 1.360377e-01 6.277375e-02 5.781990e-03 \n         s_P      s_P_max        m_Z_N          r_D        I_opt         beta \n1.599140e-01 2.689020e-03 1.767165e-01 4.845100e-01 1.500000e+02 1.000000e-01 \n         k_w          E_p      theta_P      eta_max        k_eta       N_crit \n4.879551e-01 4.500000e-01 5.000000e-01 2.143371e+00 4.832540e+00 7.410092e-01 \n    eta_base \n3.101508e-01 \nConvergence message: function evaluation limit reached without convergence (9) \nNumber of iterations: 100 \nObjective function value: 748.9203 \nGradient at solution for phase 2 :\n         [,1]      [,2]     [,3]     [,4]      [,5]      [,6]     [,7]\n[1,] 19559.26 -37619.36 82646.39 44833.75 -40906.81 -4166.108 -14474.3\n          [,8]      [,9]     [,10]         [,11] [,12]    [,13] [,14] [,15]\n[1,] -4720.207 -31360.62 -291.5513 -8.326673e-16     0 144.7121     0     0\n         [,16]    [,17]    [,18]    [,19]\n[1,] -916.8214 1014.333 7686.451 -21921.3\nPhase 3 \nInitial parameter values for phase 3 :\n m_P  m_Z \n0.10 0.05 \nFinal parameter values for phase 3 :\n      m_P       m_Z \n0.1157015 0.1085958 \nConvergence message: relative convergence (4) \nNumber of iterations: 17 \nObjective function value: 630.338 \nGradient at solution for phase 3 :\n             [,1]          [,2]\n[1,] 2.900369e-05 -7.445591e-06\nPhase 4 \nInitial parameter values for phase 4 :\nsigma_N sigma_P sigma_Z \n    0.2     0.2     0.2 \nFinal parameter values for phase 4 :\n  sigma_N   sigma_P   sigma_Z \n0.4550425 0.4163203 0.1721847 \nConvergence message: relative convergence (4) \nNumber of iterations: 23 \nObjective function value: 224.7484 \nGradient at solution for phase 4 :\n            [,1]         [,2]         [,3]\n[1,] -0.00418992 -0.001551243 -0.005382223\nFinal Phase\nInitial parameter values for final phase:\n       r_max          K_N        g_max          K_P   alpha_base    alpha_max \n2.675786e+00 3.946901e-02 2.551790e+00 2.556610e-01 3.653539e-04 1.360377e-01 \n     K_alpha          m_P        m_P_N          s_P      s_P_max          m_Z \n6.277375e-02 1.157015e-01 5.781990e-03 1.599140e-01 2.689020e-03 1.085958e-01 \n       m_Z_N          r_D      sigma_N      sigma_P      sigma_Z        I_opt \n1.767165e-01 4.845100e-01 4.550425e-01 4.163203e-01 1.721847e-01 1.500000e+02 \n        beta          k_w          E_p      theta_P      eta_max        k_eta \n1.000000e-01 4.879551e-01 4.500000e-01 5.000000e-01 2.143371e+00 4.832540e+00 \n      N_crit     eta_base \n7.410092e-01 3.101508e-01 \nFinal parameter values for final phase:\n        r_max           K_N         g_max           K_P    alpha_base \n  2.124682318   0.003213012   2.035009373   0.368489510   0.008185005 \n    alpha_max       K_alpha           m_P         m_P_N           s_P \n  0.108379062   0.016955708   0.028382498   0.028859541   0.112085302 \n      s_P_max           m_Z         m_Z_N           r_D       sigma_N \n  0.012904601   0.254138410   0.093520692   0.405424693   0.506150667 \n      sigma_P       sigma_Z         I_opt          beta           k_w \n  0.166686848   0.069015052 150.000000000   0.100000000  -0.021488494 \n          E_p       theta_P       eta_max         k_eta        N_crit \n  0.450000000   0.500000000   2.083969171   5.126740886   0.941797384 \n     eta_base \n  0.189415246 \nConvergence message: function evaluation limit reached without convergence (9) \nNumber of iterations: 94 \nObjective function value: -105.1626 \nGradient at solution for final phase:\n          [,1]     [,2]   [,3]      [,4]     [,5]     [,6]      [,7]     [,8]\n[1,] -674.5978 19937.95 710.48 -3173.306 6209.088 4094.227 -7154.674 2803.312\n         [,9]    [,10]    [,11]     [,12]     [,13]    [,14]     [,15]    [,16]\n[1,] 579.3992 4647.773 467.8588 -947.9494 -648.6519 63.84816 -10.43009 76.10216\n         [,17]         [,18] [,19]      [,20] [,21] [,22]     [,23]    [,24]\n[1,] -76.76892 -1.923375e-16     0 -0.4583596     0     0 -170.4482 185.8879\n       [,25]     [,26]\n[1,] 1570.71 -5695.692\nAll phases completed",
      "stderr": "Loading required package: TMB\nLoading required package: jsonlite\nhere() starts at C:/Users/spi085/OneDrive - CSIRO/Documents/_Projects/SCCP-QuantModelling\nusing C++ compiler: 'G__~1.EXE (GCC) 13.2.0'\nThere were 31 warnings (use warnings() to see them)\nError in `$<-.data.frame`(`*tmp*`, \"found_value\", value = c(NA, NA, NA,  : \n  replacement has 5 rows, data has 31\nCalls: $<- -> $<-.data.frame\nExecution halted"
    },
    "6": {
      "status": "ERROR",
      "message": "R script failed with return code 1",
      "stdout": "g++ -std=gnu++17  -I\"C:/Users/spi085/AppData/Local/Programs/R/R-4.4.1/include\" -DNDEBUG -I\"C:/Users/spi085/AppData/Local/Programs/R/R-44~1.1/library/TMB/include\" -I\"C:/Users/spi085/AppData/Local/Programs/R/R-44~1.1/library/RCPPEI~1/include\"   -DTMB_EIGEN_DISABLE_WARNINGS   -DTMB_LIB_INIT=R_init_model  -DCPPAD_FRAMEWORK    -I\"C:/rtools44/x86_64-w64-mingw32.static.posix/include\"     -O2 -Wa,-mbig-obj -c POPULATIONS//POPULATION_0027//INDIVIDUAL_KRYCDDIL/model.cpp -o POPULATIONS//POPULATION_0027//INDIVIDUAL_KRYCDDIL/model.o\ng++ -std=gnu++17 -shared -s -static-libgcc -o POPULATIONS//POPULATION_0027//INDIVIDUAL_KRYCDDIL/model.dll tmp.def POPULATIONS//POPULATION_0027//INDIVIDUAL_KRYCDDIL/model.o -LC:/rtools44/x86_64-w64-mingw32.static.posix/lib/x64 -LC:/rtools44/x86_64-w64-mingw32.static.posix/lib -LC:/Users/spi085/AppData/Local/Programs/R/R-4.4.1/bin/x64 -lR\nStarting model phases\nNumber of phases: 4 \nPhase 1 \nInitial parameter values for phase 1 :\nr_max g_max \n  1.0   0.4 \nFinal parameter values for phase 1 :\n    r_max     g_max \n0.7613893 0.7142649 \nConvergence message: both X-convergence and relative convergence (5) \nNumber of iterations: 17 \nObjective function value: 35076.16 \nGradient at solution for phase 1 :\n             [,1]          [,2]\n[1,] 0.0002664254 -3.617567e-05\nPhase 2 \nInitial parameter values for phase 2 :\n       K_N        K_P alpha_base  alpha_max    K_alpha      m_P_N        s_P \n      0.10       0.20       0.20       0.30       0.10       0.15       0.15 \n   s_P_max      m_Z_N        r_D      I_opt       beta        k_w        E_p \n      0.30       0.10       0.10     150.00       0.10       0.20       0.45 \n   theta_P    eta_max      k_eta     N_crit   eta_base \n      0.50       1.50       5.00       0.15       0.50 \nFinal parameter values for phase 2 :\n          K_N           K_P    alpha_base     alpha_max       K_alpha \n  0.076043994   0.361449634   0.372823723   0.015012069   0.226551884 \n        m_P_N           s_P       s_P_max         m_Z_N           r_D \n  0.003056514   0.002914682   0.005062108   0.084558019   0.046372084 \n        I_opt          beta           k_w           E_p       theta_P \n150.000000000   0.100000000   1.154600434   0.450000000   0.500000000 \n      eta_max         k_eta        N_crit      eta_base \n  0.850180791   4.022433948  -0.086295903   0.355169214 \nConvergence message: function evaluation limit reached without convergence (9) \nNumber of iterations: 113 \nObjective function value: 235.6481 \nGradient at solution for phase 2 :\n          [,1]      [,2]      [,3]    [,4]      [,5]      [,6]      [,7]\n[1,] -1709.267 -1304.768 -66.07279 556.451 -1.341337 -914.3476 -1907.776\n          [,8]      [,9]   [,10]         [,11] [,12]    [,13] [,14] [,15]\n[1,] -452.9736 -2694.721 3964.64 -1.908196e-17     0 2.983132     0     0\n        [,16]    [,17]     [,18]     [,19]\n[1,] -207.805 19.70303 -287.2709 -706.1584\nPhase 3 \nInitial parameter values for phase 3 :\n m_P  m_Z \n0.10 0.05 \nFinal parameter values for phase 3 :\n       m_P        m_Z \n0.09360377 0.04150012 \nConvergence message: relative convergence (4) \nNumber of iterations: 16 \nObjective function value: 225.0813 \nGradient at solution for phase 3 :\n             [,1]          [,2]\n[1,] 0.0003489544 -0.0002376988\nPhase 4 \nInitial parameter values for phase 4 :\nsigma_N sigma_P sigma_Z \n    0.2     0.2     0.2 \nFinal parameter values for phase 4 :\n  sigma_N   sigma_P   sigma_Z \n0.2709948 0.3912588 0.1144853 \nConvergence message: relative convergence (4) \nNumber of iterations: 22 \nObjective function value: 28.961 \nGradient at solution for phase 4 :\n             [,1]          [,2]         [,3]\n[1,] 0.0001717607 -0.0002106345 0.0001881321\nFinal Phase\nInitial parameter values for final phase:\n        r_max           K_N         g_max           K_P    alpha_base \n  0.761389265   0.076043994   0.714264885   0.361449634   0.372823723 \n    alpha_max       K_alpha           m_P         m_P_N           s_P \n  0.015012069   0.226551884   0.093603772   0.003056514   0.002914682 \n      s_P_max           m_Z         m_Z_N           r_D       sigma_N \n  0.005062108   0.041500124   0.084558019   0.046372084   0.270994772 \n      sigma_P       sigma_Z         I_opt          beta           k_w \n  0.391258752   0.114485287 150.000000000   0.100000000   1.154600434 \n          E_p       theta_P       eta_max         k_eta        N_crit \n  0.450000000   0.500000000   0.850180791   4.022433948  -0.086295903 \n     eta_base \n  0.355169214 \nFinal parameter values for final phase:\n       r_max          K_N        g_max          K_P   alpha_base    alpha_max \n8.808508e-01 7.788734e-02 6.244293e-01 2.269804e-01 2.303264e-01 4.812607e-02 \n     K_alpha          m_P        m_P_N          s_P      s_P_max          m_Z \n2.684013e-01 7.829798e-03 6.585209e-03 3.595091e-02 2.621399e-03 2.067204e-01 \n       m_Z_N          r_D      sigma_N      sigma_P      sigma_Z        I_opt \n2.053914e-02 4.226499e-02 1.321513e-01 3.278885e-01 7.850886e-02 1.500000e+02 \n        beta          k_w          E_p      theta_P      eta_max        k_eta \n1.000000e-01 1.118272e+00 4.500000e-01 5.000000e-01 9.454264e-01 4.077389e+00 \n      N_crit     eta_base \n4.791723e-02 1.485779e-01 \nConvergence message: function evaluation limit reached without convergence (9) \nNumber of iterations: 121 \nObjective function value: -206.5109 \nGradient at solution for final phase:\n          [,1]     [,2]     [,3]      [,4]    [,5]     [,6]      [,7]      [,8]\n[1,] -226.6012 96.07617 419.3751 -846.8494 588.132 152.5013 -17.43541 -37.37696\n         [,9]     [,10]     [,11]     [,12]     [,13]     [,14]     [,15]\n[1,] 294.8521 -384.1907 -521.0327 -358.1794 -1833.798 -341.9997 -38.92229\n         [,16]     [,17]         [,18] [,19]    [,20] [,21] [,22]     [,23]\n[1,] -16.24439 -18.04977 -8.326673e-17     0 6.204447     0     0 -189.9485\n        [,24]     [,25]     [,26]\n[1,] 1.919874 -378.7949 -133.8871\nAll phases completed",
      "stderr": "Loading required package: TMB\nLoading required package: jsonlite\nhere() starts at C:/Users/spi085/OneDrive - CSIRO/Documents/_Projects/SCCP-QuantModelling\nusing C++ compiler: 'G__~1.EXE (GCC) 13.2.0'\nThere were 31 warnings (use warnings() to see them)\nError in `$<-.data.frame`(`*tmp*`, \"found_value\", value = c(NA, NA, NA,  : \n  replacement has 5 rows, data has 31\nCalls: $<- -> $<-.data.frame\nExecution halted"
    },
    "7": {
      "status": "BROKEN"
    }
  }
}