{
  "iterations": {
    "1": {
      "status": "ERROR",
      "message": "R script failed with return code 1",
      "stdout": "g++ -std=gnu++17 -I\"/usr/share/R/include\" -DNDEBUG -I\"/home/spi085/R/x86_64-pc-linux-gnu-library/4.4/TMB/include\" -I\"/home/spi085/R/x86_64-pc-linux-gnu-library/4.4/RcppEigen/include\"   -DTMB_EIGEN_DISABLE_WARNINGS   -DTMB_LIB_INIT=R_init_model  -DCPPAD_FRAMEWORK      -fpic  -O2  -c POPULATIONS/POPULATION_0014/INDIVIDUAL_N69V6UKL/model.cpp -o POPULATIONS/POPULATION_0014/INDIVIDUAL_N69V6UKL/model.o\ng++ -std=gnu++17 -shared -L/usr/lib/R/lib -Wl,-Bsymbolic-functions -flto=auto -ffat-lto-objects -Wl,-z,relro -o POPULATIONS/POPULATION_0014/INDIVIDUAL_N69V6UKL/model.so POPULATIONS/POPULATION_0014/INDIVIDUAL_N69V6UKL/model.o -L/usr/lib/R/lib -lR\nStarting model phases\nNumber of phases: 3 \nPhase 1 \nInitial parameter values for phase 1 :\n        growth_rate    outbreak_trigger outbreak_efficiency              log_sd \n                 NA                  NA                  NA                  NA \nError in model phases: NA/NaN gradient evaluation",
      "stderr": "Loading required package: TMB\nLoading required package: jsonlite\nhere() starts at /home/spi085/Documents/_Projects/SCCP-QuantModelling\nusing C++ compiler: \u2018g++ (Ubuntu 13.3.0-6ubuntu2~24.04) 13.3.0\u2019\nError in value[[3L]](cond) : \n  Error in model phases: NA/NaN gradient evaluation\nCalls: tryCatch -> tryCatchList -> tryCatchOne -> <Anonymous>\nIn addition: Warning message:\nIn nlminb(model$par, model$fn, model$gr) : NA/NaN function evaluation\nExecution halted"
    },
    "2": {
      "status": "ERROR",
      "message": "R script failed with return code 1",
      "stdout": "g++ -std=gnu++17 -I\"/usr/share/R/include\" -DNDEBUG -I\"/home/spi085/R/x86_64-pc-linux-gnu-library/4.4/TMB/include\" -I\"/home/spi085/R/x86_64-pc-linux-gnu-library/4.4/RcppEigen/include\"   -DTMB_EIGEN_DISABLE_WARNINGS   -DTMB_LIB_INIT=R_init_model  -DCPPAD_FRAMEWORK      -fpic  -O2  -c POPULATIONS/POPULATION_0014/INDIVIDUAL_N69V6UKL/model.cpp -o POPULATIONS/POPULATION_0014/INDIVIDUAL_N69V6UKL/model.o\ng++ -std=gnu++17 -shared -L/usr/lib/R/lib -Wl,-Bsymbolic-functions -flto=auto -ffat-lto-objects -Wl,-z,relro -o POPULATIONS/POPULATION_0014/INDIVIDUAL_N69V6UKL/model.so POPULATIONS/POPULATION_0014/INDIVIDUAL_N69V6UKL/model.o -L/usr/lib/R/lib -lR\nStarting model phases\nNumber of phases: 3 \nPhase 1 \nInitial parameter values for phase 1 :\n        growth_rate    outbreak_trigger outbreak_efficiency              log_sd \n                 NA                  NA                  NA                  NA \nError in model phases: NA/NaN gradient evaluation",
      "stderr": "Loading required package: TMB\nLoading required package: jsonlite\nhere() starts at /home/spi085/Documents/_Projects/SCCP-QuantModelling\nusing C++ compiler: \u2018g++ (Ubuntu 13.3.0-6ubuntu2~24.04) 13.3.0\u2019\nError in value[[3L]](cond) : \n  Error in model phases: NA/NaN gradient evaluation\nCalls: tryCatch -> tryCatchList -> tryCatchOne -> <Anonymous>\nIn addition: Warning message:\nIn nlminb(model$par, model$fn, model$gr) : NA/NaN function evaluation\nExecution halted"
    },
    "3": {
      "status": "ERROR",
      "message": "R script failed with return code 1",
      "stdout": "g++ -std=gnu++17 -I\"/usr/share/R/include\" -DNDEBUG -I\"/home/spi085/R/x86_64-pc-linux-gnu-library/4.4/TMB/include\" -I\"/home/spi085/R/x86_64-pc-linux-gnu-library/4.4/RcppEigen/include\"   -DTMB_EIGEN_DISABLE_WARNINGS   -DTMB_LIB_INIT=R_init_model  -DCPPAD_FRAMEWORK      -fpic  -O2  -c POPULATIONS/POPULATION_0014/INDIVIDUAL_N69V6UKL/model.cpp -o POPULATIONS/POPULATION_0014/INDIVIDUAL_N69V6UKL/model.o\ng++ -std=gnu++17 -shared -L/usr/lib/R/lib -Wl,-Bsymbolic-functions -flto=auto -ffat-lto-objects -Wl,-z,relro -o POPULATIONS/POPULATION_0014/INDIVIDUAL_N69V6UKL/model.so POPULATIONS/POPULATION_0014/INDIVIDUAL_N69V6UKL/model.o -L/usr/lib/R/lib -lR\nStarting model phases\nNumber of phases: 3 \nPhase 1 \nInitial parameter values for phase 1 :\n        growth_rate    outbreak_trigger outbreak_efficiency              log_sd \n                 NA                  NA                  NA                  NA \nError in model phases: NA/NaN gradient evaluation",
      "stderr": "Loading required package: TMB\nLoading required package: jsonlite\nhere() starts at /home/spi085/Documents/_Projects/SCCP-QuantModelling\nusing C++ compiler: \u2018g++ (Ubuntu 13.3.0-6ubuntu2~24.04) 13.3.0\u2019\nError in value[[3L]](cond) : \n  Error in model phases: NA/NaN gradient evaluation\nCalls: tryCatch -> tryCatchList -> tryCatchOne -> <Anonymous>\nIn addition: Warning message:\nIn nlminb(model$par, model$fn, model$gr) : NA/NaN function evaluation\nExecution halted"
    },
    "4": {
      "status": "ERROR",
      "message": "R script failed with return code 1",
      "stdout": "g++ -std=gnu++17 -I\"/usr/share/R/include\" -DNDEBUG -I\"/home/spi085/R/x86_64-pc-linux-gnu-library/4.4/TMB/include\" -I\"/home/spi085/R/x86_64-pc-linux-gnu-library/4.4/RcppEigen/include\"   -DTMB_EIGEN_DISABLE_WARNINGS   -DTMB_LIB_INIT=R_init_model  -DCPPAD_FRAMEWORK      -fpic  -O2  -c POPULATIONS/POPULATION_0014/INDIVIDUAL_N69V6UKL/model.cpp -o POPULATIONS/POPULATION_0014/INDIVIDUAL_N69V6UKL/model.o\ng++ -std=gnu++17 -shared -L/usr/lib/R/lib -Wl,-Bsymbolic-functions -flto=auto -ffat-lto-objects -Wl,-z,relro -o POPULATIONS/POPULATION_0014/INDIVIDUAL_N69V6UKL/model.so POPULATIONS/POPULATION_0014/INDIVIDUAL_N69V6UKL/model.o -L/usr/lib/R/lib -lR\nStarting model phases\nNumber of phases: 3 \nPhase 1 \nInitial parameter values for phase 1 :\n        growth_rate    outbreak_trigger outbreak_efficiency              log_sd \n                 NA                  NA                  NA                  NA \nFinal parameter values for phase 1 :\n        growth_rate    outbreak_trigger outbreak_efficiency              log_sd \n                 NA                  NA                  NA                  NA \nConvergence message: both X-convergence and relative convergence (5) \nNumber of iterations: 1 \nObjective function value: 80592.27 \nGradient at solution for phase 1 :\n     [,1] [,2] [,3] [,4]\n[1,]    0    0    0    0\nPhase 2 \nInitial parameter values for phase 2 :\ncoral_predation_rate_fast coral_predation_rate_slow                  Km_coral \n                    0.035                     3.500                        NA \nFinal parameter values for phase 2 :\ncoral_predation_rate_fast coral_predation_rate_slow                  Km_coral \n                    0.035                     3.500                        NA \nConvergence message: both X-convergence and relative convergence (5) \nNumber of iterations: 1 \nObjective function value: 80592.27 \nGradient at solution for phase 2 :\n     [,1] [,2] [,3]\n[1,]    0    0    0\nPhase 3 \nInitial parameter values for phase 3 :\ncoral_regen_fast coral_regen_slow \n            9.75               NA \nError in model phases: NA/NaN gradient evaluation",
      "stderr": "Loading required package: TMB\nLoading required package: jsonlite\nhere() starts at /home/spi085/Documents/_Projects/SCCP-QuantModelling\nusing C++ compiler: \u2018g++ (Ubuntu 13.3.0-6ubuntu2~24.04) 13.3.0\u2019\nError in value[[3L]](cond) : \n  Error in model phases: NA/NaN gradient evaluation\nCalls: tryCatch -> tryCatchList -> tryCatchOne -> <Anonymous>\nExecution halted"
    },
    "5": {
      "status": "ERROR",
      "message": "Model failed to compile.",
      "stdout": "g++ -std=gnu++17 -I\"/usr/share/R/include\" -DNDEBUG -I\"/home/spi085/R/x86_64-pc-linux-gnu-library/4.4/TMB/include\" -I\"/home/spi085/R/x86_64-pc-linux-gnu-library/4.4/RcppEigen/include\"   -DTMB_EIGEN_DISABLE_WARNINGS   -DTMB_LIB_INIT=R_init_model  -DCPPAD_FRAMEWORK      -fpic  -O2  -c POPULATIONS/POPULATION_0014/INDIVIDUAL_N69V6UKL/model.cpp -o POPULATIONS/POPULATION_0014/INDIVIDUAL_N69V6UKL/model.o",
      "stderr": "Loading required package: TMB\nLoading required package: jsonlite\nhere() starts at /home/spi085/Documents/_Projects/SCCP-QuantModelling\nusing C++ compiler: \u2018g++ (Ubuntu 13.3.0-6ubuntu2~24.04) 13.3.0\u2019\nPOPULATIONS/POPULATION_0014/INDIVIDUAL_N69V6UKL/model.cpp: In instantiation of \u2018Type objective_function<Type>::operator()() [with Type = CppAD::AD<double>]\u2019:\n/home/spi085/R/x86_64-pc-linux-gnu-library/4.4/TMB/include/tmb_core.hpp:1312:6:   required from here\nPOPULATIONS/POPULATION_0014/INDIVIDUAL_N69V6UKL/model.cpp:35:10: error: \u2018isNA\u2019 was not declared in this scope; did you mean \u2018ISNA\u2019?\n   35 |   if(isNA(growth_rate)) growth_rate = Type(0.5);\n      |      ~~~~^~~~~~~~~~~~~\n      |      ISNA\nPOPULATIONS/POPULATION_0014/INDIVIDUAL_N69V6UKL/model.cpp:36:10: error: \u2018isNA\u2019 was not declared in this scope; did you mean \u2018ISNA\u2019?\n   36 |   if(isNA(outbreak_trigger)) outbreak_trigger = Type(50.0);\n      |      ~~~~^~~~~~~~~~~~~~~~~~\n      |      ISNA\nPOPULATIONS/POPULATION_0014/INDIVIDUAL_N69V6UKL/model.cpp:37:10: error: \u2018isNA\u2019 was not declared in this scope; did you mean \u2018ISNA\u2019?\n   37 |   if(isNA(outbreak_efficiency)) outbreak_efficiency = Type(2.0);\n      |      ~~~~^~~~~~~~~~~~~~~~~~~~~\n      |      ISNA\nPOPULATIONS/POPULATION_0014/INDIVIDUAL_N69V6UKL/model.cpp:38:10: error: \u2018isNA\u2019 was not declared in this scope; did you mean \u2018ISNA\u2019?\n   38 |   if(isNA(coral_predation_rate_fast)) coral_predation_rate_fast = Type(0.035);\n      |      ~~~~^~~~~~~~~~~~~~~~~~~~~~~~~~~\n      |      ISNA\nPOPULATIONS/POPULATION_0014/INDIVIDUAL_N69V6UKL/model.cpp:39:10: error: \u2018isNA\u2019 was not declared in this scope; did you mean \u2018ISNA\u2019?\n   39 |   if(isNA(coral_predation_rate_slow)) coral_predation_rate_slow = Type(3.5);\n      |      ~~~~^~~~~~~~~~~~~~~~~~~~~~~~~~~\n      |      ISNA\nPOPULATIONS/POPULATION_0014/INDIVIDUAL_N69V6UKL/model.cpp:40:10: error: \u2018isNA\u2019 was not declared in this scope; did you mean \u2018ISNA\u2019?\n   40 |   if(isNA(coral_regen_fast)) coral_regen_fast = Type(9.75);\n      |      ~~~~^~~~~~~~~~~~~~~~~~\n      |      ISNA\nPOPULATIONS/POPULATION_0014/INDIVIDUAL_N69V6UKL/model.cpp:41:10: error: \u2018isNA\u2019 was not declared in this scope; did you mean \u2018ISNA\u2019?\n   41 |   if(isNA(coral_regen_slow)) coral_regen_slow = Type(0.05);\n      |      ~~~~^~~~~~~~~~~~~~~~~~\n      |      ISNA\nPOPULATIONS/POPULATION_0014/INDIVIDUAL_N69V6UKL/model.cpp:42:10: error: \u2018isNA\u2019 was not declared in this scope; did you mean \u2018ISNA\u2019?\n   42 |   if(isNA(log_sd)) log_sd = Type(-1.0);\n      |      ~~~~^~~~~~~~\n      |      ISNA\nPOPULATIONS/POPULATION_0014/INDIVIDUAL_N69V6UKL/model.cpp:43:10: error: \u2018isNA\u2019 was not declared in this scope; did you mean \u2018ISNA\u2019?\n   43 |   if(isNA(Km_coral)) Km_coral = Type(50.0);\n      |      ~~~~^~~~~~~~~~\n      |      ISNA\nPOPULATIONS/POPULATION_0014/INDIVIDUAL_N69V6UKL/model.cpp: In instantiation of \u2018Type objective_function<Type>::operator()() [with Type = double]\u2019:\n/home/spi085/R/x86_64-pc-linux-gnu-library/4.4/TMB/include/tmb_core.hpp:2035:7:   required from here\nPOPULATIONS/POPULATION_0014/INDIVIDUAL_N69V6UKL/model.cpp:35:10: error: \u2018isNA\u2019 was not declared in this scope; did you mean \u2018ISNA\u2019?\n   35 |   if(isNA(growth_rate)) growth_rate = Type(0.5);\n      |      ~~~~^~~~~~~~~~~~~\n      |      ISNA\nPOPULATIONS/POPULATION_0014/INDIVIDUAL_N69V6UKL/model.cpp:36:10: error: \u2018isNA\u2019 was not declared in this scope; did you mean \u2018ISNA\u2019?\n   36 |   if(isNA(outbreak_trigger)) outbreak_trigger = Type(50.0);\n      |      ~~~~^~~~~~~~~~~~~~~~~~\n      |      ISNA\nPOPULATIONS/POPULATION_0014/INDIVIDUAL_N69V6UKL/model.cpp:37:10: error: \u2018isNA\u2019 was not declared in this scope; did you mean \u2018ISNA\u2019?\n   37 |   if(isNA(outbreak_efficiency)) outbreak_efficiency = Type(2.0);\n      |      ~~~~^~~~~~~~~~~~~~~~~~~~~\n      |      ISNA\nPOPULATIONS/POPULATION_0014/INDIVIDUAL_N69V6UKL/model.cpp:38:10: error: \u2018isNA\u2019 was not declared in this scope; did you mean \u2018ISNA\u2019?\n   38 |   if(isNA(coral_predation_rate_fast)) coral_predation_rate_fast = Type(0.035);\n      |      ~~~~^~~~~~~~~~~~~~~~~~~~~~~~~~~\n      |      ISNA\nPOPULATIONS/POPULATION_0014/INDIVIDUAL_N69V6UKL/model.cpp:39:10: error: \u2018isNA\u2019 was not declared in this scope; did you mean \u2018ISNA\u2019?\n   39 |   if(isNA(coral_predation_rate_slow)) coral_predation_rate_slow = Type(3.5);\n      |      ~~~~^~~~~~~~~~~~~~~~~~~~~~~~~~~\n      |      ISNA\nPOPULATIONS/POPULATION_0014/INDIVIDUAL_N69V6UKL/model.cpp:40:10: error: \u2018isNA\u2019 was not declared in this scope; did you mean \u2018ISNA\u2019?\n   40 |   if(isNA(coral_regen_fast)) coral_regen_fast = Type(9.75);\n      |      ~~~~^~~~~~~~~~~~~~~~~~\n      |      ISNA\nPOPULATIONS/POPULATION_0014/INDIVIDUAL_N69V6UKL/model.cpp:41:10: error: \u2018isNA\u2019 was not declared in this scope; did you mean \u2018ISNA\u2019?\n   41 |   if(isNA(coral_regen_slow)) coral_regen_slow = Type(0.05);\n      |      ~~~~^~~~~~~~~~~~~~~~~~\n      |      ISNA\nPOPULATIONS/POPULATION_0014/INDIVIDUAL_N69V6UKL/model.cpp:42:10: error: \u2018isNA\u2019 was not declared in this scope; did you mean \u2018ISNA\u2019?\n   42 |   if(isNA(log_sd)) log_sd = Type(-1.0);\n      |      ~~~~^~~~~~~~\n      |      ISNA\nPOPULATIONS/POPULATION_0014/INDIVIDUAL_N69V6UKL/model.cpp:43:10: error: \u2018isNA\u2019 was not declared in this scope; did you mean \u2018ISNA\u2019?\n   43 |   if(isNA(Km_coral)) Km_coral = Type(50.0);\n      |      ~~~~^~~~~~~~~~\n      |      ISNA\nPOPULATIONS/POPULATION_0014/INDIVIDUAL_N69V6UKL/model.cpp: In instantiation of \u2018Type objective_function<Type>::operator()() [with Type = CppAD::AD<CppAD::AD<double> >]\u2019:\n/home/spi085/R/x86_64-pc-linux-gnu-library/4.4/TMB/include/tmb_core.hpp:917:29:   required from \u2018Type objective_function<Type>::evalUserTemplate() [with Type = CppAD::AD<CppAD::AD<double> >]\u2019\n/home/spi085/R/x86_64-pc-linux-gnu-library/4.4/TMB/include/tmb_core.hpp:2116:26:   required from here\nPOPULATIONS/POPULATION_0014/INDIVIDUAL_N69V6UKL/model.cpp:35:10: error: \u2018isNA\u2019 was not declared in this scope; did you mean \u2018ISNA\u2019?\n   35 |   if(isNA(growth_rate)) growth_rate = Type(0.5);\n      |      ~~~~^~~~~~~~~~~~~\n      |      ISNA\nPOPULATIONS/POPULATION_0014/INDIVIDUAL_N69V6UKL/model.cpp:36:10: error: \u2018isNA\u2019 was not declared in this scope; did you mean \u2018ISNA\u2019?\n   36 |   if(isNA(outbreak_trigger)) outbreak_trigger = Type(50.0);\n      |      ~~~~^~~~~~~~~~~~~~~~~~\n      |      ISNA\nPOPULATIONS/POPULATION_0014/INDIVIDUAL_N69V6UKL/model.cpp:37:10: error: \u2018isNA\u2019 was not declared in this scope; did you mean \u2018ISNA\u2019?\n   37 |   if(isNA(outbreak_efficiency)) outbreak_efficiency = Type(2.0);\n      |      ~~~~^~~~~~~~~~~~~~~~~~~~~\n      |      ISNA\nPOPULATIONS/POPULATION_0014/INDIVIDUAL_N69V6UKL/model.cpp:38:10: error: \u2018isNA\u2019 was not declared in this scope; did you mean \u2018ISNA\u2019?\n   38 |   if(isNA(coral_predation_rate_fast)) coral_predation_rate_fast = Type(0.035);\n      |      ~~~~^~~~~~~~~~~~~~~~~~~~~~~~~~~\n      |      ISNA\nPOPULATIONS/POPULATION_0014/INDIVIDUAL_N69V6UKL/model.cpp:39:10: error: \u2018isNA\u2019 was not declared in this scope; did you mean \u2018ISNA\u2019?\n   39 |   if(isNA(coral_predation_rate_slow)) coral_predation_rate_slow = Type(3.5);\n      |      ~~~~^~~~~~~~~~~~~~~~~~~~~~~~~~~\n      |      ISNA\nPOPULATIONS/POPULATION_0014/INDIVIDUAL_N69V6UKL/model.cpp:40:10: error: \u2018isNA\u2019 was not declared in this scope; did you mean \u2018ISNA\u2019?\n   40 |   if(isNA(coral_regen_fast)) coral_regen_fast = Type(9.75);\n      |      ~~~~^~~~~~~~~~~~~~~~~~\n      |      ISNA\nPOPULATIONS/POPULATION_0014/INDIVIDUAL_N69V6UKL/model.cpp:41:10: error: \u2018isNA\u2019 was not declared in this scope; did you mean \u2018ISNA\u2019?\n   41 |   if(isNA(coral_regen_slow)) coral_regen_slow = Type(0.05);\n      |      ~~~~^~~~~~~~~~~~~~~~~~\n      |      ISNA\nPOPULATIONS/POPULATION_0014/INDIVIDUAL_N69V6UKL/model.cpp:42:10: error: \u2018isNA\u2019 was not declared in this scope; did you mean \u2018ISNA\u2019?\n   42 |   if(isNA(log_sd)) log_sd = Type(-1.0);\n      |      ~~~~^~~~~~~~\n      |      ISNA\nPOPULATIONS/POPULATION_0014/INDIVIDUAL_N69V6UKL/model.cpp:43:10: error: \u2018isNA\u2019 was not declared in this scope; did you mean \u2018ISNA\u2019?\n   43 |   if(isNA(Km_coral)) Km_coral = Type(50.0);\n      |      ~~~~^~~~~~~~~~\n      |      ISNA\nPOPULATIONS/POPULATION_0014/INDIVIDUAL_N69V6UKL/model.cpp: In instantiation of \u2018Type objective_function<Type>::operator()() [with Type = CppAD::AD<CppAD::AD<CppAD::AD<double> > >]\u2019:\n/home/spi085/R/x86_64-pc-linux-gnu-library/4.4/TMB/include/tmb_core.hpp:917:29:   required from \u2018Type objective_function<Type>::evalUserTemplate() [with Type = CppAD::AD<CppAD::AD<CppAD::AD<double> > >]\u2019\n/home/spi085/R/x86_64-pc-linux-gnu-library/4.4/TMB/include/tmb_core.hpp:2365:28:   required from here\nPOPULATIONS/POPULATION_0014/INDIVIDUAL_N69V6UKL/model.cpp:35:10: error: \u2018isNA\u2019 was not declared in this scope; did you mean \u2018ISNA\u2019?\n   35 |   if(isNA(growth_rate)) growth_rate = Type(0.5);\n      |      ~~~~^~~~~~~~~~~~~\n      |      ISNA\nPOPULATIONS/POPULATION_0014/INDIVIDUAL_N69V6UKL/model.cpp:36:10: error: \u2018isNA\u2019 was not declared in this scope; did you mean \u2018ISNA\u2019?\n   36 |   if(isNA(outbreak_trigger)) outbreak_trigger = Type(50.0);\n      |      ~~~~^~~~~~~~~~~~~~~~~~\n      |      ISNA\nPOPULATIONS/POPULATION_0014/INDIVIDUAL_N69V6UKL/model.cpp:37:10: error: \u2018isNA\u2019 was not declared in this scope; did you mean \u2018ISNA\u2019?\n   37 |   if(isNA(outbreak_efficiency)) outbreak_efficiency = Type(2.0);\n      |      ~~~~^~~~~~~~~~~~~~~~~~~~~\n      |      ISNA\nPOPULATIONS/POPULATION_0014/INDIVIDUAL_N69V6UKL/model.cpp:38:10: error: \u2018isNA\u2019 was not declared in this scope; did you mean \u2018ISNA\u2019?\n   38 |   if(isNA(coral_predation_rate_fast)) coral_predation_rate_fast = Type(0.035);\n      |      ~~~~^~~~~~~~~~~~~~~~~~~~~~~~~~~\n      |      ISNA\nPOPULATIONS/POPULATION_0014/INDIVIDUAL_N69V6UKL/model.cpp:39:10: error: \u2018isNA\u2019 was not declared in this scope; did you mean \u2018ISNA\u2019?\n   39 |   if(isNA(coral_predation_rate_slow)) coral_predation_rate_slow = Type(3.5);\n      |      ~~~~^~~~~~~~~~~~~~~~~~~~~~~~~~~\n      |      ISNA\nPOPULATIONS/POPULATION_0014/INDIVIDUAL_N69V6UKL/model.cpp:40:10: error: \u2018isNA\u2019 was not declared in this scope; did you mean \u2018ISNA\u2019?\n   40 |   if(isNA(coral_regen_fast)) coral_regen_fast = Type(9.75);\n      |      ~~~~^~~~~~~~~~~~~~~~~~\n      |      ISNA\nPOPULATIONS/POPULATION_0014/INDIVIDUAL_N69V6UKL/model.cpp:41:10: error: \u2018isNA\u2019 was not declared in this scope; did you mean \u2018ISNA\u2019?\n   41 |   if(isNA(coral_regen_slow)) coral_regen_slow = Type(0.05);\n      |      ~~~~^~~~~~~~~~~~~~~~~~\n      |      ISNA\nPOPULATIONS/POPULATION_0014/INDIVIDUAL_N69V6UKL/model.cpp:42:10: error: \u2018isNA\u2019 was not declared in this scope; did you mean \u2018ISNA\u2019?\n   42 |   if(isNA(log_sd)) log_sd = Type(-1.0);\n      |      ~~~~^~~~~~~~\n      |      ISNA\nPOPULATIONS/POPULATION_0014/INDIVIDUAL_N69V6UKL/model.cpp:43:10: error: \u2018isNA\u2019 was not declared in this scope; did you mean \u2018ISNA\u2019?\n   43 |   if(isNA(Km_coral)) Km_coral = Type(50.0);\n      |      ~~~~^~~~~~~~~~\n      |      ISNA\nmake: *** [/usr/lib/R/etc/Makeconf:204: POPULATIONS/POPULATION_0014/INDIVIDUAL_N69V6UKL/model.o] Error 1\nError in TMB::compile(file.path(individual_dir, model_file), flags = flags,  : \n  Compilation failed\nError: Compilation failed\nExecution halted"
    },
    "6": {
      "status": "ERROR",
      "message": "Model failed to compile.",
      "stdout": "g++ -std=gnu++17 -I\"/usr/share/R/include\" -DNDEBUG -I\"/home/spi085/R/x86_64-pc-linux-gnu-library/4.4/TMB/include\" -I\"/home/spi085/R/x86_64-pc-linux-gnu-library/4.4/RcppEigen/include\"   -DTMB_EIGEN_DISABLE_WARNINGS   -DTMB_LIB_INIT=R_init_model  -DCPPAD_FRAMEWORK      -fpic  -O2  -c POPULATIONS/POPULATION_0014/INDIVIDUAL_N69V6UKL/model.cpp -o POPULATIONS/POPULATION_0014/INDIVIDUAL_N69V6UKL/model.o",
      "stderr": "Loading required package: TMB\nLoading required package: jsonlite\nhere() starts at /home/spi085/Documents/_Projects/SCCP-QuantModelling\nusing C++ compiler: \u2018g++ (Ubuntu 13.3.0-6ubuntu2~24.04) 13.3.0\u2019\nIn file included from /usr/share/R/include/R.h:69,\n                 from /home/spi085/R/x86_64-pc-linux-gnu-library/4.4/TMB/include/TMB.hpp:182,\n                 from POPULATIONS/POPULATION_0014/INDIVIDUAL_N69V6UKL/model.cpp:1:\nPOPULATIONS/POPULATION_0014/INDIVIDUAL_N69V6UKL/model.cpp: In instantiation of \u2018Type objective_function<Type>::operator()() [with Type = CppAD::AD<double>]\u2019:\n/home/spi085/R/x86_64-pc-linux-gnu-library/4.4/TMB/include/tmb_core.hpp:1312:6:   required from here\nPOPULATIONS/POPULATION_0014/INDIVIDUAL_N69V6UKL/model.cpp:35:11: error: cannot convert \u2018CppAD::AD<double>\u2019 to \u2018double\u2019\n   35 |   if(ISNA(growth_rate)) growth_rate = Type(0.5);\n      |           ^~~~~~~~~~~\n      |           |\n      |           CppAD::AD<double>\n/usr/share/R/include/R_ext/Arith.h:64:31: note: in definition of macro \u2018ISNA\u2019\n   64 | #define ISNA(x)        R_IsNA(x)\n      |                               ^\n/usr/share/R/include/R_ext/Arith.h:61:12: note:   initializing argument 1 of \u2018int R_IsNA(double)\u2019\n   61 | int R_IsNA(double);             /* True for R's NA only */\n      |            ^~~~~~\nPOPULATIONS/POPULATION_0014/INDIVIDUAL_N69V6UKL/model.cpp:36:11: error: cannot convert \u2018CppAD::AD<double>\u2019 to \u2018double\u2019\n   36 |   if(ISNA(outbreak_trigger)) outbreak_trigger = Type(50.0);\n      |           ^~~~~~~~~~~~~~~~\n      |           |\n      |           CppAD::AD<double>\n/usr/share/R/include/R_ext/Arith.h:64:31: note: in definition of macro \u2018ISNA\u2019\n   64 | #define ISNA(x)        R_IsNA(x)\n      |                               ^\n/usr/share/R/include/R_ext/Arith.h:61:12: note:   initializing argument 1 of \u2018int R_IsNA(double)\u2019\n   61 | int R_IsNA(double);             /* True for R's NA only */\n      |            ^~~~~~\nPOPULATIONS/POPULATION_0014/INDIVIDUAL_N69V6UKL/model.cpp:37:11: error: cannot convert \u2018CppAD::AD<double>\u2019 to \u2018double\u2019\n   37 |   if(ISNA(outbreak_efficiency)) outbreak_efficiency = Type(2.0);\n      |           ^~~~~~~~~~~~~~~~~~~\n      |           |\n      |           CppAD::AD<double>\n/usr/share/R/include/R_ext/Arith.h:64:31: note: in definition of macro \u2018ISNA\u2019\n   64 | #define ISNA(x)        R_IsNA(x)\n      |                               ^\n/usr/share/R/include/R_ext/Arith.h:61:12: note:   initializing argument 1 of \u2018int R_IsNA(double)\u2019\n   61 | int R_IsNA(double);             /* True for R's NA only */\n      |            ^~~~~~\nPOPULATIONS/POPULATION_0014/INDIVIDUAL_N69V6UKL/model.cpp:38:11: error: cannot convert \u2018CppAD::AD<double>\u2019 to \u2018double\u2019\n   38 |   if(ISNA(coral_predation_rate_fast)) coral_predation_rate_fast = Type(0.035);\n      |           ^~~~~~~~~~~~~~~~~~~~~~~~~\n      |           |\n      |           CppAD::AD<double>\n/usr/share/R/include/R_ext/Arith.h:64:31: note: in definition of macro \u2018ISNA\u2019\n   64 | #define ISNA(x)        R_IsNA(x)\n      |                               ^\n/usr/share/R/include/R_ext/Arith.h:61:12: note:   initializing argument 1 of \u2018int R_IsNA(double)\u2019\n   61 | int R_IsNA(double);             /* True for R's NA only */\n      |            ^~~~~~\nPOPULATIONS/POPULATION_0014/INDIVIDUAL_N69V6UKL/model.cpp:39:11: error: cannot convert \u2018CppAD::AD<double>\u2019 to \u2018double\u2019\n   39 |   if(ISNA(coral_predation_rate_slow)) coral_predation_rate_slow = Type(3.5);\n      |           ^~~~~~~~~~~~~~~~~~~~~~~~~\n      |           |\n      |           CppAD::AD<double>\n/usr/share/R/include/R_ext/Arith.h:64:31: note: in definition of macro \u2018ISNA\u2019\n   64 | #define ISNA(x)        R_IsNA(x)\n      |                               ^\n/usr/share/R/include/R_ext/Arith.h:61:12: note:   initializing argument 1 of \u2018int R_IsNA(double)\u2019\n   61 | int R_IsNA(double);             /* True for R's NA only */\n      |            ^~~~~~\nPOPULATIONS/POPULATION_0014/INDIVIDUAL_N69V6UKL/model.cpp:40:11: error: cannot convert \u2018CppAD::AD<double>\u2019 to \u2018double\u2019\n   40 |   if(ISNA(coral_regen_fast)) coral_regen_fast = Type(9.75);\n      |           ^~~~~~~~~~~~~~~~\n      |           |\n      |           CppAD::AD<double>\n/usr/share/R/include/R_ext/Arith.h:64:31: note: in definition of macro \u2018ISNA\u2019\n   64 | #define ISNA(x)        R_IsNA(x)\n      |                               ^\n/usr/share/R/include/R_ext/Arith.h:61:12: note:   initializing argument 1 of \u2018int R_IsNA(double)\u2019\n   61 | int R_IsNA(double);             /* True for R's NA only */\n      |            ^~~~~~\nPOPULATIONS/POPULATION_0014/INDIVIDUAL_N69V6UKL/model.cpp:41:11: error: cannot convert \u2018CppAD::AD<double>\u2019 to \u2018double\u2019\n   41 |   if(ISNA(coral_regen_slow)) coral_regen_slow = Type(0.05);\n      |           ^~~~~~~~~~~~~~~~\n      |           |\n      |           CppAD::AD<double>\n/usr/share/R/include/R_ext/Arith.h:64:31: note: in definition of macro \u2018ISNA\u2019\n   64 | #define ISNA(x)        R_IsNA(x)\n      |                               ^\n/usr/share/R/include/R_ext/Arith.h:61:12: note:   initializing argument 1 of \u2018int R_IsNA(double)\u2019\n   61 | int R_IsNA(double);             /* True for R's NA only */\n      |            ^~~~~~\nPOPULATIONS/POPULATION_0014/INDIVIDUAL_N69V6UKL/model.cpp:42:11: error: cannot convert \u2018CppAD::AD<double>\u2019 to \u2018double\u2019\n   42 |   if(ISNA(log_sd)) log_sd = Type(-1.0);\n      |           ^~~~~~\n      |           |\n      |           CppAD::AD<double>\n/usr/share/R/include/R_ext/Arith.h:64:31: note: in definition of macro \u2018ISNA\u2019\n   64 | #define ISNA(x)        R_IsNA(x)\n      |                               ^\n/usr/share/R/include/R_ext/Arith.h:61:12: note:   initializing argument 1 of \u2018int R_IsNA(double)\u2019\n   61 | int R_IsNA(double);             /* True for R's NA only */\n      |            ^~~~~~\nPOPULATIONS/POPULATION_0014/INDIVIDUAL_N69V6UKL/model.cpp:43:11: error: cannot convert \u2018CppAD::AD<double>\u2019 to \u2018double\u2019\n   43 |   if(ISNA(Km_coral)) Km_coral = Type(50.0);\n      |           ^~~~~~~~\n      |           |\n      |           CppAD::AD<double>\n/usr/share/R/include/R_ext/Arith.h:64:31: note: in definition of macro \u2018ISNA\u2019\n   64 | #define ISNA(x)        R_IsNA(x)\n      |                               ^\n/usr/share/R/include/R_ext/Arith.h:61:12: note:   initializing argument 1 of \u2018int R_IsNA(double)\u2019\n   61 | int R_IsNA(double);             /* True for R's NA only */\n      |            ^~~~~~\nPOPULATIONS/POPULATION_0014/INDIVIDUAL_N69V6UKL/model.cpp: In instantiation of \u2018Type objective_function<Type>::operator()() [with Type = CppAD::AD<CppAD::AD<double> >]\u2019:\n/home/spi085/R/x86_64-pc-linux-gnu-library/4.4/TMB/include/tmb_core.hpp:917:29:   required from \u2018Type objective_function<Type>::evalUserTemplate() [with Type = CppAD::AD<CppAD::AD<double> >]\u2019\n/home/spi085/R/x86_64-pc-linux-gnu-library/4.4/TMB/include/tmb_core.hpp:2116:26:   required from here\nPOPULATIONS/POPULATION_0014/INDIVIDUAL_N69V6UKL/model.cpp:35:11: error: cannot convert \u2018CppAD::AD<CppAD::AD<double> >\u2019 to \u2018double\u2019\n   35 |   if(ISNA(growth_rate)) growth_rate = Type(0.5);\n      |           ^~~~~~~~~~~\n      |           |\n      |           CppAD::AD<CppAD::AD<double> >\n/usr/share/R/include/R_ext/Arith.h:64:31: note: in definition of macro \u2018ISNA\u2019\n   64 | #define ISNA(x)        R_IsNA(x)\n      |                               ^\n/usr/share/R/include/R_ext/Arith.h:61:12: note:   initializing argument 1 of \u2018int R_IsNA(double)\u2019\n   61 | int R_IsNA(double);             /* True for R's NA only */\n      |            ^~~~~~\nPOPULATIONS/POPULATION_0014/INDIVIDUAL_N69V6UKL/model.cpp:36:11: error: cannot convert \u2018CppAD::AD<CppAD::AD<double> >\u2019 to \u2018double\u2019\n   36 |   if(ISNA(outbreak_trigger)) outbreak_trigger = Type(50.0);\n      |           ^~~~~~~~~~~~~~~~\n      |           |\n      |           CppAD::AD<CppAD::AD<double> >\n/usr/share/R/include/R_ext/Arith.h:64:31: note: in definition of macro \u2018ISNA\u2019\n   64 | #define ISNA(x)        R_IsNA(x)\n      |                               ^\n/usr/share/R/include/R_ext/Arith.h:61:12: note:   initializing argument 1 of \u2018int R_IsNA(double)\u2019\n   61 | int R_IsNA(double);             /* True for R's NA only */\n      |            ^~~~~~\nPOPULATIONS/POPULATION_0014/INDIVIDUAL_N69V6UKL/model.cpp:37:11: error: cannot convert \u2018CppAD::AD<CppAD::AD<double> >\u2019 to \u2018double\u2019\n   37 |   if(ISNA(outbreak_efficiency)) outbreak_efficiency = Type(2.0);\n      |           ^~~~~~~~~~~~~~~~~~~\n      |           |\n      |           CppAD::AD<CppAD::AD<double> >\n/usr/share/R/include/R_ext/Arith.h:64:31: note: in definition of macro \u2018ISNA\u2019\n   64 | #define ISNA(x)        R_IsNA(x)\n      |                               ^\n/usr/share/R/include/R_ext/Arith.h:61:12: note:   initializing argument 1 of \u2018int R_IsNA(double)\u2019\n   61 | int R_IsNA(double);             /* True for R's NA only */\n      |            ^~~~~~\nPOPULATIONS/POPULATION_0014/INDIVIDUAL_N69V6UKL/model.cpp:38:11: error: cannot convert \u2018CppAD::AD<CppAD::AD<double> >\u2019 to \u2018double\u2019\n   38 |   if(ISNA(coral_predation_rate_fast)) coral_predation_rate_fast = Type(0.035);\n      |           ^~~~~~~~~~~~~~~~~~~~~~~~~\n      |           |\n      |           CppAD::AD<CppAD::AD<double> >\n/usr/share/R/include/R_ext/Arith.h:64:31: note: in definition of macro \u2018ISNA\u2019\n   64 | #define ISNA(x)        R_IsNA(x)\n      |                               ^\n/usr/share/R/include/R_ext/Arith.h:61:12: note:   initializing argument 1 of \u2018int R_IsNA(double)\u2019\n   61 | int R_IsNA(double);             /* True for R's NA only */\n      |            ^~~~~~\nPOPULATIONS/POPULATION_0014/INDIVIDUAL_N69V6UKL/model.cpp:39:11: error: cannot convert \u2018CppAD::AD<CppAD::AD<double> >\u2019 to \u2018double\u2019\n   39 |   if(ISNA(coral_predation_rate_slow)) coral_predation_rate_slow = Type(3.5);\n      |           ^~~~~~~~~~~~~~~~~~~~~~~~~\n      |           |\n      |           CppAD::AD<CppAD::AD<double> >\n/usr/share/R/include/R_ext/Arith.h:64:31: note: in definition of macro \u2018ISNA\u2019\n   64 | #define ISNA(x)        R_IsNA(x)\n      |                               ^\n/usr/share/R/include/R_ext/Arith.h:61:12: note:   initializing argument 1 of \u2018int R_IsNA(double)\u2019\n   61 | int R_IsNA(double);             /* True for R's NA only */\n      |            ^~~~~~\nPOPULATIONS/POPULATION_0014/INDIVIDUAL_N69V6UKL/model.cpp:40:11: error: cannot convert \u2018CppAD::AD<CppAD::AD<double> >\u2019 to \u2018double\u2019\n   40 |   if(ISNA(coral_regen_fast)) coral_regen_fast = Type(9.75);\n      |           ^~~~~~~~~~~~~~~~\n      |           |\n      |           CppAD::AD<CppAD::AD<double> >\n/usr/share/R/include/R_ext/Arith.h:64:31: note: in definition of macro \u2018ISNA\u2019\n   64 | #define ISNA(x)        R_IsNA(x)\n      |                               ^\n/usr/share/R/include/R_ext/Arith.h:61:12: note:   initializing argument 1 of \u2018int R_IsNA(double)\u2019\n   61 | int R_IsNA(double);             /* True for R's NA only */\n      |            ^~~~~~\nPOPULATIONS/POPULATION_0014/INDIVIDUAL_N69V6UKL/model.cpp:41:11: error: cannot convert \u2018CppAD::AD<CppAD::AD<double> >\u2019 to \u2018double\u2019\n   41 |   if(ISNA(coral_regen_slow)) coral_regen_slow = Type(0.05);\n      |           ^~~~~~~~~~~~~~~~\n      |           |\n      |           CppAD::AD<CppAD::AD<double> >\n/usr/share/R/include/R_ext/Arith.h:64:31: note: in definition of macro \u2018ISNA\u2019\n   64 | #define ISNA(x)        R_IsNA(x)\n      |                               ^\n/usr/share/R/include/R_ext/Arith.h:61:12: note:   initializing argument 1 of \u2018int R_IsNA(double)\u2019\n   61 | int R_IsNA(double);             /* True for R's NA only */\n      |            ^~~~~~\nPOPULATIONS/POPULATION_0014/INDIVIDUAL_N69V6UKL/model.cpp:42:11: error: cannot convert \u2018CppAD::AD<CppAD::AD<double> >\u2019 to \u2018double\u2019\n   42 |   if(ISNA(log_sd)) log_sd = Type(-1.0);\n      |           ^~~~~~\n      |           |\n      |           CppAD::AD<CppAD::AD<double> >\n/usr/share/R/include/R_ext/Arith.h:64:31: note: in definition of macro \u2018ISNA\u2019\n   64 | #define ISNA(x)        R_IsNA(x)\n      |                               ^\n/usr/share/R/include/R_ext/Arith.h:61:12: note:   initializing argument 1 of \u2018int R_IsNA(double)\u2019\n   61 | int R_IsNA(double);             /* True for R's NA only */\n      |            ^~~~~~\nPOPULATIONS/POPULATION_0014/INDIVIDUAL_N69V6UKL/model.cpp:43:11: error: cannot convert \u2018CppAD::AD<CppAD::AD<double> >\u2019 to \u2018double\u2019\n   43 |   if(ISNA(Km_coral)) Km_coral = Type(50.0);\n      |           ^~~~~~~~\n      |           |\n      |           CppAD::AD<CppAD::AD<double> >\n/usr/share/R/include/R_ext/Arith.h:64:31: note: in definition of macro \u2018ISNA\u2019\n   64 | #define ISNA(x)        R_IsNA(x)\n      |                               ^\n/usr/share/R/include/R_ext/Arith.h:61:12: note:   initializing argument 1 of \u2018int R_IsNA(double)\u2019\n   61 | int R_IsNA(double);             /* True for R's NA only */\n      |            ^~~~~~\nPOPULATIONS/POPULATION_0014/INDIVIDUAL_N69V6UKL/model.cpp: In instantiation of \u2018Type objective_function<Type>::operator()() [with Type = CppAD::AD<CppAD::AD<CppAD::AD<double> > >]\u2019:\n/home/spi085/R/x86_64-pc-linux-gnu-library/4.4/TMB/include/tmb_core.hpp:917:29:   required from \u2018Type objective_function<Type>::evalUserTemplate() [with Type = CppAD::AD<CppAD::AD<CppAD::AD<double> > >]\u2019\n/home/spi085/R/x86_64-pc-linux-gnu-library/4.4/TMB/include/tmb_core.hpp:2365:28:   required from here\nPOPULATIONS/POPULATION_0014/INDIVIDUAL_N69V6UKL/model.cpp:35:11: error: cannot convert \u2018CppAD::AD<CppAD::AD<CppAD::AD<double> > >\u2019 to \u2018double\u2019\n   35 |   if(ISNA(growth_rate)) growth_rate = Type(0.5);\n      |           ^~~~~~~~~~~\n      |           |\n      |           CppAD::AD<CppAD::AD<CppAD::AD<double> > >\n/usr/share/R/include/R_ext/Arith.h:64:31: note: in definition of macro \u2018ISNA\u2019\n   64 | #define ISNA(x)        R_IsNA(x)\n      |                               ^\n/usr/share/R/include/R_ext/Arith.h:61:12: note:   initializing argument 1 of \u2018int R_IsNA(double)\u2019\n   61 | int R_IsNA(double);             /* True for R's NA only */\n      |            ^~~~~~\nPOPULATIONS/POPULATION_0014/INDIVIDUAL_N69V6UKL/model.cpp:36:11: error: cannot convert \u2018CppAD::AD<CppAD::AD<CppAD::AD<double> > >\u2019 to \u2018double\u2019\n   36 |   if(ISNA(outbreak_trigger)) outbreak_trigger = Type(50.0);\n      |           ^~~~~~~~~~~~~~~~\n      |           |\n      |           CppAD::AD<CppAD::AD<CppAD::AD<double> > >\n/usr/share/R/include/R_ext/Arith.h:64:31: note: in definition of macro \u2018ISNA\u2019\n   64 | #define ISNA(x)        R_IsNA(x)\n      |                               ^\n/usr/share/R/include/R_ext/Arith.h:61:12: note:   initializing argument 1 of \u2018int R_IsNA(double)\u2019\n   61 | int R_IsNA(double);             /* True for R's NA only */\n      |            ^~~~~~\nPOPULATIONS/POPULATION_0014/INDIVIDUAL_N69V6UKL/model.cpp:37:11: error: cannot convert \u2018CppAD::AD<CppAD::AD<CppAD::AD<double> > >\u2019 to \u2018double\u2019\n   37 |   if(ISNA(outbreak_efficiency)) outbreak_efficiency = Type(2.0);\n      |           ^~~~~~~~~~~~~~~~~~~\n      |           |\n      |           CppAD::AD<CppAD::AD<CppAD::AD<double> > >\n/usr/share/R/include/R_ext/Arith.h:64:31: note: in definition of macro \u2018ISNA\u2019\n   64 | #define ISNA(x)        R_IsNA(x)\n      |                               ^\n/usr/share/R/include/R_ext/Arith.h:61:12: note:   initializing argument 1 of \u2018int R_IsNA(double)\u2019\n   61 | int R_IsNA(double);             /* True for R's NA only */\n      |            ^~~~~~\nPOPULATIONS/POPULATION_0014/INDIVIDUAL_N69V6UKL/model.cpp:38:11: error: cannot convert \u2018CppAD::AD<CppAD::AD<CppAD::AD<double> > >\u2019 to \u2018double\u2019\n   38 |   if(ISNA(coral_predation_rate_fast)) coral_predation_rate_fast = Type(0.035);\n      |           ^~~~~~~~~~~~~~~~~~~~~~~~~\n      |           |\n      |           CppAD::AD<CppAD::AD<CppAD::AD<double> > >\n/usr/share/R/include/R_ext/Arith.h:64:31: note: in definition of macro \u2018ISNA\u2019\n   64 | #define ISNA(x)        R_IsNA(x)\n      |                               ^\n/usr/share/R/include/R_ext/Arith.h:61:12: note:   initializing argument 1 of \u2018int R_IsNA(double)\u2019\n   61 | int R_IsNA(double);             /* True for R's NA only */\n      |            ^~~~~~\nPOPULATIONS/POPULATION_0014/INDIVIDUAL_N69V6UKL/model.cpp:39:11: error: cannot convert \u2018CppAD::AD<CppAD::AD<CppAD::AD<double> > >\u2019 to \u2018double\u2019\n   39 |   if(ISNA(coral_predation_rate_slow)) coral_predation_rate_slow = Type(3.5);\n      |           ^~~~~~~~~~~~~~~~~~~~~~~~~\n      |           |\n      |           CppAD::AD<CppAD::AD<CppAD::AD<double> > >\n/usr/share/R/include/R_ext/Arith.h:64:31: note: in definition of macro \u2018ISNA\u2019\n   64 | #define ISNA(x)        R_IsNA(x)\n      |                               ^\n/usr/share/R/include/R_ext/Arith.h:61:12: note:   initializing argument 1 of \u2018int R_IsNA(double)\u2019\n   61 | int R_IsNA(double);             /* True for R's NA only */\n      |            ^~~~~~\nPOPULATIONS/POPULATION_0014/INDIVIDUAL_N69V6UKL/model.cpp:40:11: error: cannot convert \u2018CppAD::AD<CppAD::AD<CppAD::AD<double> > >\u2019 to \u2018double\u2019\n   40 |   if(ISNA(coral_regen_fast)) coral_regen_fast = Type(9.75);\n      |           ^~~~~~~~~~~~~~~~\n      |           |\n      |           CppAD::AD<CppAD::AD<CppAD::AD<double> > >\n/usr/share/R/include/R_ext/Arith.h:64:31: note: in definition of macro \u2018ISNA\u2019\n   64 | #define ISNA(x)        R_IsNA(x)\n      |                               ^\n/usr/share/R/include/R_ext/Arith.h:61:12: note:   initializing argument 1 of \u2018int R_IsNA(double)\u2019\n   61 | int R_IsNA(double);             /* True for R's NA only */\n      |            ^~~~~~\nPOPULATIONS/POPULATION_0014/INDIVIDUAL_N69V6UKL/model.cpp:41:11: error: cannot convert \u2018CppAD::AD<CppAD::AD<CppAD::AD<double> > >\u2019 to \u2018double\u2019\n   41 |   if(ISNA(coral_regen_slow)) coral_regen_slow = Type(0.05);\n      |           ^~~~~~~~~~~~~~~~\n      |           |\n      |           CppAD::AD<CppAD::AD<CppAD::AD<double> > >\n/usr/share/R/include/R_ext/Arith.h:64:31: note: in definition of macro \u2018ISNA\u2019\n   64 | #define ISNA(x)        R_IsNA(x)\n      |                               ^\n/usr/share/R/include/R_ext/Arith.h:61:12: note:   initializing argument 1 of \u2018int R_IsNA(double)\u2019\n   61 | int R_IsNA(double);             /* True for R's NA only */\n      |            ^~~~~~\nPOPULATIONS/POPULATION_0014/INDIVIDUAL_N69V6UKL/model.cpp:42:11: error: cannot convert \u2018CppAD::AD<CppAD::AD<CppAD::AD<double> > >\u2019 to \u2018double\u2019\n   42 |   if(ISNA(log_sd)) log_sd = Type(-1.0);\n      |           ^~~~~~\n      |           |\n      |           CppAD::AD<CppAD::AD<CppAD::AD<double> > >\n/usr/share/R/include/R_ext/Arith.h:64:31: note: in definition of macro \u2018ISNA\u2019\n   64 | #define ISNA(x)        R_IsNA(x)\n      |                               ^\n/usr/share/R/include/R_ext/Arith.h:61:12: note:   initializing argument 1 of \u2018int R_IsNA(double)\u2019\n   61 | int R_IsNA(double);             /* True for R's NA only */\n      |            ^~~~~~\nPOPULATIONS/POPULATION_0014/INDIVIDUAL_N69V6UKL/model.cpp:43:11: error: cannot convert \u2018CppAD::AD<CppAD::AD<CppAD::AD<double> > >\u2019 to \u2018double\u2019\n   43 |   if(ISNA(Km_coral)) Km_coral = Type(50.0);\n      |           ^~~~~~~~\n      |           |\n      |           CppAD::AD<CppAD::AD<CppAD::AD<double> > >\n/usr/share/R/include/R_ext/Arith.h:64:31: note: in definition of macro \u2018ISNA\u2019\n   64 | #define ISNA(x)        R_IsNA(x)\n      |                               ^\n/usr/share/R/include/R_ext/Arith.h:61:12: note:   initializing argument 1 of \u2018int R_IsNA(double)\u2019\n   61 | int R_IsNA(double);             /* True for R's NA only */\n      |            ^~~~~~\nmake: *** [/usr/lib/R/etc/Makeconf:204: POPULATIONS/POPULATION_0014/INDIVIDUAL_N69V6UKL/model.o] Error 1\nError in TMB::compile(file.path(individual_dir, model_file), flags = flags,  : \n  Compilation failed\nError: Compilation failed\nExecution halted"
    },
    "7": {
      "status": "BROKEN"
    }
  }
}