{
  "iterations": {
    "1": {
      "status": "ERROR",
      "message": "R script failed with return code 1",
      "stdout": "g++ -std=gnu++17  -I\"C:/Users/spi085/AppData/Local/Programs/R/R-4.4.1/include\" -DNDEBUG -I\"C:/Users/spi085/AppData/Local/Programs/R/R-44~1.1/library/TMB/include\" -I\"C:/Users/spi085/AppData/Local/Programs/R/R-44~1.1/library/RCPPEI~1/include\"   -DTMB_EIGEN_DISABLE_WARNINGS   -DTMB_LIB_INIT=R_init_model  -DCPPAD_FRAMEWORK    -I\"C:/rtools44/x86_64-w64-mingw32.static.posix/include\"     -O2 -Wa,-mbig-obj -c POPULATIONS//POPULATION_0005//INDIVIDUAL_4DSZBXEP/model.cpp -o POPULATIONS//POPULATION_0005//INDIVIDUAL_4DSZBXEP/model.o\ng++ -std=gnu++17 -shared -s -static-libgcc -o POPULATIONS//POPULATION_0005//INDIVIDUAL_4DSZBXEP/model.dll tmp.def POPULATIONS//POPULATION_0005//INDIVIDUAL_4DSZBXEP/model.o -LC:/rtools44/x86_64-w64-mingw32.static.posix/lib/x64 -LC:/rtools44/x86_64-w64-mingw32.static.posix/lib -LC:/Users/spi085/AppData/Local/Programs/R/R-4.4.1/bin/x64 -lR",
      "stderr": "Loading required package: TMB\nLoading required package: jsonlite\nhere() starts at C:/Users/spi085/OneDrive - CSIRO/Documents/_Projects/SCCP-QuantModelling\nusing C++ compiler: 'G__~1.EXE (GCC) 13.2.0'\nError in value[[3L]](cond) : Failed to load parameters\nCalls: tryCatch -> tryCatchList -> tryCatchOne -> <Anonymous>\nExecution halted"
    },
    "2": {
      "status": "LEAKAGE",
      "message": "Data leakage detected in model equations.",
      "objective_value": "NA"
    },
    "3": {
      "status": "ERROR",
      "message": "Model failed to compile.",
      "stdout": "g++ -std=gnu++17  -I\"C:/Users/spi085/AppData/Local/Programs/R/R-4.4.1/include\" -DNDEBUG -I\"C:/Users/spi085/AppData/Local/Programs/R/R-44~1.1/library/TMB/include\" -I\"C:/Users/spi085/AppData/Local/Programs/R/R-44~1.1/library/RCPPEI~1/include\"   -DTMB_EIGEN_DISABLE_WARNINGS   -DTMB_LIB_INIT=R_init_model  -DCPPAD_FRAMEWORK    -I\"C:/rtools44/x86_64-w64-mingw32.static.posix/include\"     -O2 -Wa,-mbig-obj -c POPULATIONS//POPULATION_0005//INDIVIDUAL_4DSZBXEP/model.cpp -o POPULATIONS//POPULATION_0005//INDIVIDUAL_4DSZBXEP/model.o",
      "stderr": "Loading required package: TMB\nLoading required package: jsonlite\nhere() starts at C:/Users/spi085/OneDrive - CSIRO/Documents/_Projects/SCCP-QuantModelling\nusing C++ compiler: 'G__~1.EXE (GCC) 13.2.0'\nPOPULATIONS//POPULATION_0005//INDIVIDUAL_4DSZBXEP/model.cpp: In member function 'Type objective_function<Type>::operator()()':\nPOPULATIONS//POPULATION_0005//INDIVIDUAL_4DSZBXEP/model.cpp:74:104: error: there are no arguments to 'cotsimm_dat' that depend on a template parameter, so a declaration of 'cotsimm_dat' must be available [-fpermissive]\n   74 |                         ( slow_pred(i-1)*predation_rate_slow + fast_pred(i-1)*predation_rate_fast )) + cotsimm_dat(i) + Type(1e-8);\n      |                                                                                                        ^~~~~~~~~~~\nPOPULATIONS//POPULATION_0005//INDIVIDUAL_4DSZBXEP/model.cpp:74:104: note: (if you use '-fpermissive', G++ will accept your code, but allowing the use of an undeclared name is deprecated)\nIn file included from C:/Users/spi085/AppData/Local/Programs/R/R-4.4.1/library/TMB/include/TMB.hpp:173,\n                 from POPULATIONS//POPULATION_0005//INDIVIDUAL_4DSZBXEP/model.cpp:1:\nPOPULATIONS//POPULATION_0005//INDIVIDUAL_4DSZBXEP/model.cpp:90:12: error: 'beta' was not declared in this scope; did you mean 'std::beta'?\n   90 |     REPORT(beta);\n      |            ^~~~\nC:/Users/spi085/AppData/Local/Programs/R/R-4.4.1/include/Rinternals.h:371:36: note: in definition of macro 'PROTECT'\n  371 | #define PROTECT(s)      Rf_protect(s)\n      |                                    ^\nPOPULATIONS//POPULATION_0005//INDIVIDUAL_4DSZBXEP/model.cpp:90:5: note: in expansion of macro 'REPORT'\n   90 |     REPORT(beta);\n      |     ^~~~~~\nIn file included from C:/rtools44/x86_64-w64-mingw32.static.posix/lib/gcc/x86_64-w64-mingw32.static.posix/13.2.0/include/c++/cmath:3699,\n                 from C:/Users/spi085/AppData/Local/Programs/R/R-44~1.1/library/RCPPEI~1/include/Eigen/src/Core/util/Macros.h:679,\n                 from C:/Users/spi085/AppData/Local/Programs/R/R-44~1.1/library/RCPPEI~1/include/Eigen/Core:19,\n                 from C:/Users/spi085/AppData/Local/Programs/R/R-44~1.1/library/RCPPEI~1/include/Eigen/Dense:1,\n                 from C:/Users/spi085/AppData/Local/Programs/R/R-4.4.1/library/TMB/include/TMB.hpp:92:\nC:/rtools44/x86_64-w64-mingw32.static.posix/lib/gcc/x86_64-w64-mingw32.static.posix/13.2.0/include/c++/bits/specfun.h:341:5: note: 'std::beta' declared here\n  341 |     beta(_Tpa __a, _Tpb __b)\n      |     ^~~~\nPOPULATIONS//POPULATION_0005//INDIVIDUAL_4DSZBXEP/model.cpp: In instantiation of 'Type objective_function<Type>::operator()() [with Type = CppAD::AD<double>]':\nC:/Users/spi085/AppData/Local/Programs/R/R-4.4.1/library/TMB/include/tmb_core.hpp:1308:6:   required from here\nPOPULATIONS//POPULATION_0005//INDIVIDUAL_4DSZBXEP/model.cpp:74:115: error: 'cotsimm_dat' was not declared in this scope; did you mean 'cots_dat'?\n   74 |                         ( slow_pred(i-1)*predation_rate_slow + fast_pred(i-1)*predation_rate_fast )) + cotsimm_dat(i) + Type(1e-8);\n      |                                                                                                        ~~~~~~~~~~~^~~\n      |                                                                                                        cots_dat\nPOPULATIONS//POPULATION_0005//INDIVIDUAL_4DSZBXEP/model.cpp:80:22: error: 'dlnorm' was not declared in this scope; did you mean 'dnorm'?\n   80 |         nll -= dlnorm(slow_dat(i), log(slow_pred(i)), sd, true);\n      |                ~~~~~~^~~~~~~~~~~~~~~~~~~~~~~~~~~~~~~~~~~~~~~~~~\n      |                dnorm\nPOPULATIONS//POPULATION_0005//INDIVIDUAL_4DSZBXEP/model.cpp:81:22: error: 'dlnorm' was not declared in this scope, and no declarations were found by argument-dependent lookup at the point of instantiation\n   81 |         nll -= dlnorm(fast_dat(i), log(fast_pred(i)), sd, true);\n      |                ~~~~~~^~~~~~~~~~~~~~~~~~~~~~~~~~~~~~~~~~~~~~~~~~\nPOPULATIONS//POPULATION_0005//INDIVIDUAL_4DSZBXEP/model.cpp:80:22: note: 'dlnorm' declared here, later in the translation unit\n   80 |         nll -= dlnorm(slow_dat(i), log(slow_pred(i)), sd, true);\n      |                ~~~~~~^~~~~~~~~~~~~~~~~~~~~~~~~~~~~~~~~~~~~~~~~~\nPOPULATIONS//POPULATION_0005//INDIVIDUAL_4DSZBXEP/model.cpp:82:22: error: 'dlnorm' was not declared in this scope, and no declarations were found by argument-dependent lookup at the point of instantiation\n   82 |         nll -= dlnorm(cots_dat(i), log(cots_pred(i)), sd, true);\n      |                ~~~~~~^~~~~~~~~~~~~~~~~~~~~~~~~~~~~~~~~~~~~~~~~~\nPOPULATIONS//POPULATION_0005//INDIVIDUAL_4DSZBXEP/model.cpp:80:22: note: 'dlnorm' declared here, later in the translation unit\n   80 |         nll -= dlnorm(slow_dat(i), log(slow_pred(i)), sd, true);\n      |                ~~~~~~^~~~~~~~~~~~~~~~~~~~~~~~~~~~~~~~~~~~~~~~~~\nPOPULATIONS//POPULATION_0005//INDIVIDUAL_4DSZBXEP/model.cpp: In instantiation of 'Type objective_function<Type>::operator()() [with Type = double]':\nC:/Users/spi085/AppData/Local/Programs/R/R-4.4.1/library/TMB/include/tmb_core.hpp:2031:7:   required from here\nPOPULATIONS//POPULATION_0005//INDIVIDUAL_4DSZBXEP/model.cpp:74:115: error: 'cotsimm_dat' was not declared in this scope; did you mean 'cots_dat'?\n   74 |                         ( slow_pred(i-1)*predation_rate_slow + fast_pred(i-1)*predation_rate_fast )) + cotsimm_dat(i) + Type(1e-8);\n      |                                                                                                        ~~~~~~~~~~~^~~\n      |                                                                                                        cots_dat\nPOPULATIONS//POPULATION_0005//INDIVIDUAL_4DSZBXEP/model.cpp:80:22: error: 'dlnorm' was not declared in this scope; did you mean 'dnorm'?\n   80 |         nll -= dlnorm(slow_dat(i), log(slow_pred(i)), sd, true);\n      |                ~~~~~~^~~~~~~~~~~~~~~~~~~~~~~~~~~~~~~~~~~~~~~~~~\n      |                dnorm\nPOPULATIONS//POPULATION_0005//INDIVIDUAL_4DSZBXEP/model.cpp:81:22: error: 'dlnorm' was not declared in this scope, and no declarations were found by argument-dependent lookup at the point of instantiation\n   81 |         nll -= dlnorm(fast_dat(i), log(fast_pred(i)), sd, true);\n      |                ~~~~~~^~~~~~~~~~~~~~~~~~~~~~~~~~~~~~~~~~~~~~~~~~\nPOPULATIONS//POPULATION_0005//INDIVIDUAL_4DSZBXEP/model.cpp:80:22: note: 'dlnorm' declared here, later in the translation unit\n   80 |         nll -= dlnorm(slow_dat(i), log(slow_pred(i)), sd, true);\n      |                ~~~~~~^~~~~~~~~~~~~~~~~~~~~~~~~~~~~~~~~~~~~~~~~~\nPOPULATIONS//POPULATION_0005//INDIVIDUAL_4DSZBXEP/model.cpp:82:22: error: 'dlnorm' was not declared in this scope, and no declarations were found by argument-dependent lookup at the point of instantiation\n   82 |         nll -= dlnorm(cots_dat(i), log(cots_pred(i)), sd, true);\n      |                ~~~~~~^~~~~~~~~~~~~~~~~~~~~~~~~~~~~~~~~~~~~~~~~~\nPOPULATIONS//POPULATION_0005//INDIVIDUAL_4DSZBXEP/model.cpp:80:22: note: 'dlnorm' declared here, later in the translation unit\n   80 |         nll -= dlnorm(slow_dat(i), log(slow_pred(i)), sd, true);\n      |                ~~~~~~^~~~~~~~~~~~~~~~~~~~~~~~~~~~~~~~~~~~~~~~~~\nPOPULATIONS//POPULATION_0005//INDIVIDUAL_4DSZBXEP/model.cpp: In instantiation of 'Type objective_function<Type>::operator()() [with Type = CppAD::AD<CppAD::AD<double> >]':\nC:/Users/spi085/AppData/Local/Programs/R/R-4.4.1/library/TMB/include/tmb_core.hpp:913:29:   required from 'Type objective_function<Type>::evalUserTemplate() [with Type = CppAD::AD<CppAD::AD<double> >]'\nC:/Users/spi085/AppData/Local/Programs/R/R-4.4.1/library/TMB/include/tmb_core.hpp:2112:26:   required from here\nPOPULATIONS//POPULATION_0005//INDIVIDUAL_4DSZBXEP/model.cpp:74:115: error: 'cotsimm_dat' was not declared in this scope; did you mean 'cots_dat'?\n   74 |                         ( slow_pred(i-1)*predation_rate_slow + fast_pred(i-1)*predation_rate_fast )) + cotsimm_dat(i) + Type(1e-8);\n      |                                                                                                        ~~~~~~~~~~~^~~\n      |                                                                                                        cots_dat\nPOPULATIONS//POPULATION_0005//INDIVIDUAL_4DSZBXEP/model.cpp:80:22: error: 'dlnorm' was not declared in this scope; did you mean 'dnorm'?\n   80 |         nll -= dlnorm(slow_dat(i), log(slow_pred(i)), sd, true);\n      |                ~~~~~~^~~~~~~~~~~~~~~~~~~~~~~~~~~~~~~~~~~~~~~~~~\n      |                dnorm\nPOPULATIONS//POPULATION_0005//INDIVIDUAL_4DSZBXEP/model.cpp:81:22: error: 'dlnorm' was not declared in this scope, and no declarations were found by argument-dependent lookup at the point of instantiation\n   81 |         nll -= dlnorm(fast_dat(i), log(fast_pred(i)), sd, true);\n      |                ~~~~~~^~~~~~~~~~~~~~~~~~~~~~~~~~~~~~~~~~~~~~~~~~\nPOPULATIONS//POPULATION_0005//INDIVIDUAL_4DSZBXEP/model.cpp:80:22: note: 'dlnorm' declared here, later in the translation unit\n   80 |         nll -= dlnorm(slow_dat(i), log(slow_pred(i)), sd, true);\n      |                ~~~~~~^~~~~~~~~~~~~~~~~~~~~~~~~~~~~~~~~~~~~~~~~~\nPOPULATIONS//POPULATION_0005//INDIVIDUAL_4DSZBXEP/model.cpp:82:22: error: 'dlnorm' was not declared in this scope, and no declarations were found by argument-dependent lookup at the point of instantiation\n   82 |         nll -= dlnorm(cots_dat(i), log(cots_pred(i)), sd, true);\n      |                ~~~~~~^~~~~~~~~~~~~~~~~~~~~~~~~~~~~~~~~~~~~~~~~~\nPOPULATIONS//POPULATION_0005//INDIVIDUAL_4DSZBXEP/model.cpp:80:22: note: 'dlnorm' declared here, later in the translation unit\n   80 |         nll -= dlnorm(slow_dat(i), log(slow_pred(i)), sd, true);\n      |                ~~~~~~^~~~~~~~~~~~~~~~~~~~~~~~~~~~~~~~~~~~~~~~~~\nPOPULATIONS//POPULATION_0005//INDIVIDUAL_4DSZBXEP/model.cpp: In instantiation of 'Type objective_function<Type>::operator()() [with Type = CppAD::AD<CppAD::AD<CppAD::AD<double> > >]':\nC:/Users/spi085/AppData/Local/Programs/R/R-4.4.1/library/TMB/include/tmb_core.hpp:913:29:   required from 'Type objective_function<Type>::evalUserTemplate() [with Type = CppAD::AD<CppAD::AD<CppAD::AD<double> > >]'\nC:/Users/spi085/AppData/Local/Programs/R/R-4.4.1/library/TMB/include/tmb_core.hpp:2361:28:   required from here\nPOPULATIONS//POPULATION_0005//INDIVIDUAL_4DSZBXEP/model.cpp:74:115: error: 'cotsimm_dat' was not declared in this scope; did you mean 'cots_dat'?\n   74 |                         ( slow_pred(i-1)*predation_rate_slow + fast_pred(i-1)*predation_rate_fast )) + cotsimm_dat(i) + Type(1e-8);\n      |                                                                                                        ~~~~~~~~~~~^~~\n      |                                                                                                        cots_dat\nPOPULATIONS//POPULATION_0005//INDIVIDUAL_4DSZBXEP/model.cpp:80:22: error: 'dlnorm' was not declared in this scope; did you mean 'dnorm'?\n   80 |         nll -= dlnorm(slow_dat(i), log(slow_pred(i)), sd, true);\n      |                ~~~~~~^~~~~~~~~~~~~~~~~~~~~~~~~~~~~~~~~~~~~~~~~~\n      |                dnorm\nPOPULATIONS//POPULATION_0005//INDIVIDUAL_4DSZBXEP/model.cpp:81:22: error: 'dlnorm' was not declared in this scope, and no declarations were found by argument-dependent lookup at the point of instantiation\n   81 |         nll -= dlnorm(fast_dat(i), log(fast_pred(i)), sd, true);\n      |                ~~~~~~^~~~~~~~~~~~~~~~~~~~~~~~~~~~~~~~~~~~~~~~~~\nPOPULATIONS//POPULATION_0005//INDIVIDUAL_4DSZBXEP/model.cpp:80:22: note: 'dlnorm' declared here, later in the translation unit\n   80 |         nll -= dlnorm(slow_dat(i), log(slow_pred(i)), sd, true);\n      |                ~~~~~~^~~~~~~~~~~~~~~~~~~~~~~~~~~~~~~~~~~~~~~~~~\nPOPULATIONS//POPULATION_0005//INDIVIDUAL_4DSZBXEP/model.cpp:82:22: error: 'dlnorm' was not declared in this scope, and no declarations were found by argument-dependent lookup at the point of instantiation\n   82 |         nll -= dlnorm(cots_dat(i), log(cots_pred(i)), sd, true);\n      |                ~~~~~~^~~~~~~~~~~~~~~~~~~~~~~~~~~~~~~~~~~~~~~~~~\nPOPULATIONS//POPULATION_0005//INDIVIDUAL_4DSZBXEP/model.cpp:80:22: note: 'dlnorm' declared here, later in the translation unit\n   80 |         nll -= dlnorm(slow_dat(i), log(slow_pred(i)), sd, true);\n      |                ~~~~~~^~~~~~~~~~~~~~~~~~~~~~~~~~~~~~~~~~~~~~~~~~\nmake: *** [C:/Users/spi085/AppData/Local/Programs/R/R-4.4.1/etc/x64/Makeconf:296: POPULATIONS//POPULATION_0005//INDIVIDUAL_4DSZBXEP/model.o] Error 1\nError in TMB::compile(file.path(individual_dir, model_file), flags = flags,  : \n  Compilation failed\nError: Compilation failed\nExecution halted"
    },
    "4": {
      "status": "ERROR",
      "message": "R script failed with return code 1",
      "stdout": "g++ -std=gnu++17  -I\"C:/Users/spi085/AppData/Local/Programs/R/R-4.4.1/include\" -DNDEBUG -I\"C:/Users/spi085/AppData/Local/Programs/R/R-44~1.1/library/TMB/include\" -I\"C:/Users/spi085/AppData/Local/Programs/R/R-44~1.1/library/RCPPEI~1/include\"   -DTMB_EIGEN_DISABLE_WARNINGS   -DTMB_LIB_INIT=R_init_model  -DCPPAD_FRAMEWORK    -I\"C:/rtools44/x86_64-w64-mingw32.static.posix/include\"     -O2 -Wa,-mbig-obj -c POPULATIONS//POPULATION_0005//INDIVIDUAL_4DSZBXEP/model.cpp -o POPULATIONS//POPULATION_0005//INDIVIDUAL_4DSZBXEP/model.o\ng++ -std=gnu++17 -shared -s -static-libgcc -o POPULATIONS//POPULATION_0005//INDIVIDUAL_4DSZBXEP/model.dll tmp.def POPULATIONS//POPULATION_0005//INDIVIDUAL_4DSZBXEP/model.o -LC:/rtools44/x86_64-w64-mingw32.static.posix/lib/x64 -LC:/rtools44/x86_64-w64-mingw32.static.posix/lib -LC:/Users/spi085/AppData/Local/Programs/R/R-4.4.1/bin/x64 -lR\nStarting model phases\nNumber of phases: 2 \nPhase 1 \nError in model phases: Error when reading the variable: 'cots0'. Please check data and parameters.",
      "stderr": "Loading required package: TMB\nLoading required package: jsonlite\nhere() starts at C:/Users/spi085/OneDrive - CSIRO/Documents/_Projects/SCCP-QuantModelling\nusing C++ compiler: 'G__~1.EXE (GCC) 13.2.0'\nError in value[[3L]](cond) : \n  Error in model phases: Error when reading the variable: 'cots0'. Please check data and parameters.\nCalls: tryCatch -> tryCatchList -> tryCatchOne -> <Anonymous>\nIn addition: Warning messages:\n1: In getParameterOrder(data, parameters, new.env(), DLL = DLL) :\n  Expected scalar. Got length=0\n2: In getParameterOrder(data, parameters, new.env(), DLL = DLL) :\n  Expected object. Got NULL.\nExecution halted"
    },
    "5": {
      "status": "SUCCESS",
      "objective_value": 0.9795,
      "model_summary": [
        "            Length Class  Mode     ",
        "par         12     -none- numeric  ",
        "objective    1     -none- numeric  ",
        "convergence  1     -none- numeric  ",
        "iterations   1     -none- numeric  ",
        "evaluations  2     -none- numeric  ",
        "message      1     -none- character"
      ],
      "model_report": {
        "cots_pred": [
          0.7677,
          0.7826,
          0.8121,
          0.9916,
          0.4436,
          0.4291,
          0.4751,
          0.3733,
          0.2555,
          1.6836,
          0.4037,
          1.8668,
          1.7031,
          1.417,
          1.0691,
          0.6107,
          0.6546,
          0.7736,
          0.995,
          0.7814,
          0.6457,
          0.4785,
          0.4098,
          0.3697,
          0.3631,
          0.2575
        ],
        "predation_rate_fast": 3.992e-06,
        "growth_rate": 0.0001,
        "predation_rate_slow": 0.2392
      },
      "plot_data": {
        "cots_pred": {
          "Year": [
            1980,
            1981,
            1982,
            1983,
            1984,
            1985,
            1986,
            1987,
            1988,
            1989,
            1990,
            1991,
            1992,
            1993,
            1994,
            1995,
            1996,
            1997,
            1998,
            1999,
            2000,
            2001,
            2002,
            2003,
            2004,
            2005
          ],
          "Modeled": [
            0.7677,
            0.7826,
            0.8121,
            0.9916,
            0.4436,
            0.4291,
            0.4751,
            0.3733,
            0.2555,
            1.6836,
            0.4037,
            1.8668,
            1.7031,
            1.417,
            1.0691,
            0.6107,
            0.6546,
            0.7736,
            0.995,
            0.7814,
            0.6457,
            0.4785,
            0.4098,
            0.3697,
            0.3631,
            0.2575
          ],
          "Observed": [
            0.2615,
            0.5498,
            0.7268,
            0.5523,
            0.8281,
            0.547,
            0.758,
            0.6288,
            0.4762,
            0.6466,
            0.9107,
            2.152,
            0.6446,
            1.6723,
            0.4766,
            0.8075,
            0.3635,
            0.3728,
            0.6173,
            0.3107,
            0.256,
            0.2984,
            0.3362,
            0.2878,
            0.3221,
            0.4308
          ]
        }
      },
      "stdout": "g++ -std=gnu++17  -I\"C:/Users/spi085/AppData/Local/Programs/R/R-4.4.1/include\" -DNDEBUG -I\"C:/Users/spi085/AppData/Local/Programs/R/R-44~1.1/library/TMB/include\" -I\"C:/Users/spi085/AppData/Local/Programs/R/R-44~1.1/library/RCPPEI~1/include\"   -DTMB_EIGEN_DISABLE_WARNINGS   -DTMB_LIB_INIT=R_init_model  -DCPPAD_FRAMEWORK    -I\"C:/rtools44/x86_64-w64-mingw32.static.posix/include\"     -O2 -Wa,-mbig-obj -c POPULATIONS//POPULATION_0005//INDIVIDUAL_4DSZBXEP/model.cpp -o POPULATIONS//POPULATION_0005//INDIVIDUAL_4DSZBXEP/model.o\ng++ -std=gnu++17 -shared -s -static-libgcc -o POPULATIONS//POPULATION_0005//INDIVIDUAL_4DSZBXEP/model.dll tmp.def POPULATIONS//POPULATION_0005//INDIVIDUAL_4DSZBXEP/model.o -LC:/rtools44/x86_64-w64-mingw32.static.posix/lib/x64 -LC:/rtools44/x86_64-w64-mingw32.static.posix/lib -LC:/Users/spi085/AppData/Local/Programs/R/R-4.4.1/bin/x64 -lR\nStarting model phases\nNumber of phases: 2 \nPhase 1 \nInitial parameter values for phase 1 :\n        log_growth_rate log_predation_rate_slow log_predation_rate_fast \n                      0                      -2                      -2 \n                  cots0                   slow0                   fast0 \n                      1                      50                      30 \nFinal parameter values for phase 1 :\n        log_growth_rate log_predation_rate_slow log_predation_rate_fast \n             -10.709697               -4.414536              -10.295161 \n                  cots0                   slow0                   fast0 \n              66.795708               10.864882                6.683766 \nConvergence message: relative convergence (4) \nNumber of iterations: 30 \nObjective function value: 2361.846 \nGradient at solution for phase 1 :\n            [,1]        [,2]         [,3]          [,4]        [,5]\n[1,] 0.003435191 0.003429299 5.892214e-06 -1.993942e-05 2.97812e-06\n             [,6]\n[1,] 2.458079e-05\nPhase 2 \nInitial parameter values for phase 2 :\n              log_sd log_growth_rate_slow log_growth_rate_fast \n               -1.00                 0.00                 0.00 \n         impact_slow          impact_fast                gamma \n                0.01                 0.01                 0.10 \nFinal parameter values for phase 2 :\n              log_sd log_growth_rate_slow log_growth_rate_fast \n          1.03695863           4.91589897          17.99710747 \n         impact_slow          impact_fast                gamma \n          0.07347657           0.26844947         812.50929983 \nConvergence message: function evaluation limit reached without convergence (9) \nNumber of iterations: 141 \nObjective function value: 284.0538 \nGradient at solution for phase 2 :\n            [,1]     [,2]      [,3]      [,4]      [,5]         [,6]\n[1,] -0.08703988 2.098194 0.6427654 -142.9811 -43.06232 0.0003051477\nFinal Phase\nInitial parameter values for final phase:\n        log_growth_rate log_predation_rate_slow log_predation_rate_fast \n           -10.70969686             -4.41453590            -10.29516096 \n                 log_sd                   cots0                   slow0 \n             1.03695863             66.79570809             10.86488227 \n                  fast0    log_growth_rate_slow    log_growth_rate_fast \n             6.68376597              4.91589897             17.99710747 \n            impact_slow             impact_fast                   gamma \n             0.07347657              0.26844947            812.50929983 \nFinal parameter values for final phase:\n        log_growth_rate log_predation_rate_slow log_predation_rate_fast \n             -9.8615077              -1.4302850             -12.4312226 \n                 log_sd                   cots0                   slow0 \n             -0.7402483               0.7677065              18.8506766 \n                  fast0    log_growth_rate_slow    log_growth_rate_fast \n             16.3736798              -1.3653223              -1.9063744 \n            impact_slow             impact_fast                   gamma \n              0.3178961               0.2411229             812.5241992 \nConvergence message: function evaluation limit reached without convergence (9) \nNumber of iterations: 126 \nObjective function value: 150.7183 \nGradient at solution for final phase:\n           [,1]       [,2]         [,3]        [,4]      [,5]        [,6]\n[1,] -0.3741645 -0.3741838 1.929881e-05 0.002944849 0.7264272 -0.02325884\n              [,7]       [,8]        [,9]    [,10]     [,11]         [,12]\n[1,] -0.0003117929 -0.6383184 -0.03500072 2.469636 0.6649938 -0.0004639229\nAll phases completed\n\nDEBUG: Report contents:\nList of 4\n $ cots_pred          : num [1:26] 0.768 0.783 0.812 0.992 0.444 ...\n $ predation_rate_fast: num 3.99e-06\n $ growth_rate        : num 5.21e-05\n $ predation_rate_slow: num 0.239\nNULL\n\nDEBUG: Available variables in report:\n[1] \"cots_pred\"           \"predation_rate_fast\" \"growth_rate\"        \n[4] \"predation_rate_slow\"\n\nChecking predictions and calculating objective function...\n\nDEBUG: Processing cots_pred \nDEBUG: First few predictions: 0.7677065 0.7825561 0.812148 0.991593 0.4435512 0.4291489 \nDEBUG: Summary statistics:\n   Min. 1st Qu.  Median    Mean 3rd Qu.    Max. \n 0.2555  0.4146  0.6502  0.7621  0.9467  1.8668 \nDEBUG: All zeros? FALSE \nDEBUG: Any infinities? FALSE \n\nDEBUG: Processing slow_pred \nDEBUG: slow_pred not found in report\nDEBUG: Available variables: cots_pred, predation_rate_fast, growth_rate, predation_rate_slow \n\nDEBUG: Calculating MSE for each variable:\n\nDEBUG: cots_pred \nObserved: 0.2615042 0.5498196 0.7268086 0.5522907 0.828121 0.5470078 ...\nPredicted: 0.7677065 0.7825561 0.812148 0.991593 0.4435512 0.4291489 ...\nMSE (normalized): 0.979511 \n\nDEBUG: MSE values:\n   cots_dat    slow_dat    fast_dat     sst_dat cotsimm_dat \n   0.979511          NA          NA          NA          NA \n\nDEBUG: Final objective value (mean of MSEs): 0.979511 \n\nFinal objective function value: 0.979511 \n\nJSON_REPORT_START\n{\n  \"status\": \"SUCCESS\",\n  \"objective_value\": 0.9795,\n  \"model_summary\": [\"            Length Class  Mode     \", \"par         12     -none- numeric  \", \"objective    1     -none- numeric  \", \"convergence  1     -none- numeric  \", \"iterations   1     -none- numeric  \", \"evaluations  2     -none- numeric  \", \"message      1     -none- character\"],\n  \"model_report\": {\n    \"cots_pred\": [0.7677, 0.7826, 0.8121, 0.9916, 0.4436, 0.4291, 0.4751, 0.3733, 0.2555, 1.6836, 0.4037, 1.8668, 1.7031, 1.417, 1.0691, 0.6107, 0.6546, 0.7736, 0.995, 0.7814, 0.6457, 0.4785, 0.4098, 0.3697, 0.3631, 0.2575],\n    \"predation_rate_fast\": 3.992e-06,\n    \"growth_rate\": 0.0001,\n    \"predation_rate_slow\": 0.2392\n  },\n  \"plot_data\": {\n    \"cots_pred\": {\n      \"Year\": [1980, 1981, 1982, 1983, 1984, 1985, 1986, 1987, 1988, 1989, 1990, 1991, 1992, 1993, 1994, 1995, 1996, 1997, 1998, 1999, 2000, 2001, 2002, 2003, 2004, 2005],\n      \"Modeled\": [0.7677, 0.7826, 0.8121, 0.9916, 0.4436, 0.4291, 0.4751, 0.3733, 0.2555, 1.6836, 0.4037, 1.8668, 1.7031, 1.417, 1.0691, 0.6107, 0.6546, 0.7736, 0.995, 0.7814, 0.6457, 0.4785, 0.4098, 0.3697, 0.3631, 0.2575],\n      \"Observed\": [0.2615, 0.5498, 0.7268, 0.5523, 0.8281, 0.547, 0.758, 0.6288, 0.4762, 0.6466, 0.9107, 2.152, 0.6446, 1.6723, 0.4766, 0.8075, 0.3635, 0.3728, 0.6173, 0.3107, 0.256, 0.2984, 0.3362, 0.2878, 0.3221, 0.4308]\n    }\n  }\n}\nJSON_REPORT_END",
      "stderr": "Loading required package: TMB\nLoading required package: jsonlite\nhere() starts at C:/Users/spi085/OneDrive - CSIRO/Documents/_Projects/SCCP-QuantModelling\nusing C++ compiler: 'G__~1.EXE (GCC) 13.2.0'\nWarning messages:\n1: In nlminb(model$par, model$fn, model$gr) : NA/NaN function evaluation\n2: In nlminb(model$par, model$fn, model$gr) : NA/NaN function evaluation\n3: In nlminb(model$par, model$fn, model$gr) : NA/NaN function evaluation\n4: In nlminb(model$par, model$fn, model$gr) : NA/NaN function evaluation\n5: In nlminb(model$par, model$fn, model$gr) : NA/NaN function evaluation\n6: In nlminb(model$par, model$fn, model$gr) : NA/NaN function evaluation\n7: In nlminb(model$par, model$fn, model$gr) : NA/NaN function evaluation\n8: In nlminb(model$par, model$fn, model$gr) : NA/NaN function evaluation"
    },
    "6": {
      "status": "SUCCESS",
      "objective_value": 0.9795
    }
  }
}