{
  "iterations": {
    "1": {
      "status": "LEAKAGE",
      "message": "Data leakage detected in model equations.",
      "objective_value": "NA"
    },
    "2": {
      "status": "ERROR",
      "message": "Model failed to compile.",
      "stdout": "g++ -std=gnu++17  -I\"C:/Users/spi085/AppData/Local/Programs/R/R-4.4.1/include\" -DNDEBUG -I\"C:/Users/spi085/AppData/Local/Programs/R/R-44~1.1/library/TMB/include\" -I\"C:/Users/spi085/AppData/Local/Programs/R/R-44~1.1/library/RCPPEI~1/include\"   -DTMB_EIGEN_DISABLE_WARNINGS   -DTMB_LIB_INIT=R_init_model  -DCPPAD_FRAMEWORK    -I\"C:/rtools44/x86_64-w64-mingw32.static.posix/include\"     -O2 -Wa,-mbig-obj -c POPULATIONS//POPULATION_0003//INDIVIDUAL_95ZM3NHP/model.cpp -o POPULATIONS//POPULATION_0003//INDIVIDUAL_95ZM3NHP/model.o",
      "stderr": "Loading required package: TMB\nLoading required package: jsonlite\nhere() starts at C:/Users/spi085/OneDrive - CSIRO/Documents/_Projects/SCCP-QuantModelling\nusing C++ compiler: 'G__~1.EXE (GCC) 13.2.0'\nIn file included from C:/Users/spi085/AppData/Local/Programs/R/R-4.4.1/library/TMB/include/TMB.hpp:212,\n                 from POPULATIONS//POPULATION_0003//INDIVIDUAL_95ZM3NHP/model.cpp:1:\nC:/Users/spi085/AppData/Local/Programs/R/R-4.4.1/library/TMB/include/tmb_core.hpp:237:8: error: 'Type' was not declared in this scope; did you mean 'Eigen::Architecture::Type'?\n  237 | vector<Type> name;                                                      \\\n      |        ^~~~\nPOPULATIONS//POPULATION_0003//INDIVIDUAL_95ZM3NHP/model.cpp:6:1: note: in expansion of macro 'DATA_VECTOR'\n    6 | DATA_VECTOR(slow_dat);   // Observed slow coral cover (%)\n      | ^~~~~~~~~~~\nIn file included from C:/Users/spi085/AppData/Local/Programs/R/R-44~1.1/library/RCPPEI~1/include/Eigen/Core:161,\n                 from C:/Users/spi085/AppData/Local/Programs/R/R-44~1.1/library/RCPPEI~1/include/Eigen/Dense:1,\n                 from C:/Users/spi085/AppData/Local/Programs/R/R-4.4.1/library/TMB/include/TMB.hpp:92:\nC:/Users/spi085/AppData/Local/Programs/R/R-44~1.1/library/RCPPEI~1/include/Eigen/src/Core/util/Constants.h:471:8: note: 'Eigen::Architecture::Type' declared here\n  471 |   enum Type {\n      |        ^~~~\nC:/Users/spi085/AppData/Local/Programs/R/R-4.4.1/library/TMB/include/tmb_core.hpp:237:12: error: template argument 1 is invalid\n  237 | vector<Type> name;                                                      \\\n      |            ^\nPOPULATIONS//POPULATION_0003//INDIVIDUAL_95ZM3NHP/model.cpp:6:1: note: in expansion of macro 'DATA_VECTOR'\n    6 | DATA_VECTOR(slow_dat);   // Observed slow coral cover (%)\n      | ^~~~~~~~~~~\nC:/Users/spi085/AppData/Local/Programs/R/R-4.4.1/library/TMB/include/tmb_core.hpp:238:1: error: expected unqualified-id before 'if'\n  238 | if (!Rf_isNull(getListElement(TMB_OBJECTIVE_PTR -> parameters,#name))){ \\\n      | ^~\nPOPULATIONS//POPULATION_0003//INDIVIDUAL_95ZM3NHP/model.cpp:6:1: note: in expansion of macro 'DATA_VECTOR'\n    6 | DATA_VECTOR(slow_dat);   // Observed slow coral cover (%)\n      | ^~~~~~~~~~~\nC:/Users/spi085/AppData/Local/Programs/R/R-4.4.1/library/TMB/include/tmb_core.hpp:241:3: error: expected unqualified-id before 'else'\n  241 | } else {                                                                \\\n      |   ^~~~\nPOPULATIONS//POPULATION_0003//INDIVIDUAL_95ZM3NHP/model.cpp:6:1: note: in expansion of macro 'DATA_VECTOR'\n    6 | DATA_VECTOR(slow_dat);   // Observed slow coral cover (%)\n      | ^~~~~~~~~~~\nC:/Users/spi085/AppData/Local/Programs/R/R-4.4.1/library/TMB/include/tmb_core.hpp:237:8: error: 'Type' was not declared in this scope; did you mean 'Eigen::Architecture::Type'?\n  237 | vector<Type> name;                                                      \\\n      |        ^~~~\nPOPULATIONS//POPULATION_0003//INDIVIDUAL_95ZM3NHP/model.cpp:7:1: note: in expansion of macro 'DATA_VECTOR'\n    7 | DATA_VECTOR(fast_dat);   // Observed fast coral cover (%)\n      | ^~~~~~~~~~~\nC:/Users/spi085/AppData/Local/Programs/R/R-44~1.1/library/RCPPEI~1/include/Eigen/src/Core/util/Constants.h:471:8: note: 'Eigen::Architecture::Type' declared here\n  471 |   enum Type {\n      |        ^~~~\nC:/Users/spi085/AppData/Local/Programs/R/R-4.4.1/library/TMB/include/tmb_core.hpp:237:12: error: template argument 1 is invalid\n  237 | vector<Type> name;                                                      \\\n      |            ^\nPOPULATIONS//POPULATION_0003//INDIVIDUAL_95ZM3NHP/model.cpp:7:1: note: in expansion of macro 'DATA_VECTOR'\n    7 | DATA_VECTOR(fast_dat);   // Observed fast coral cover (%)\n      | ^~~~~~~~~~~\nC:/Users/spi085/AppData/Local/Programs/R/R-4.4.1/library/TMB/include/tmb_core.hpp:238:1: error: expected unqualified-id before 'if'\n  238 | if (!Rf_isNull(getListElement(TMB_OBJECTIVE_PTR -> parameters,#name))){ \\\n      | ^~\nPOPULATIONS//POPULATION_0003//INDIVIDUAL_95ZM3NHP/model.cpp:7:1: note: in expansion of macro 'DATA_VECTOR'\n    7 | DATA_VECTOR(fast_dat);   // Observed fast coral cover (%)\n      | ^~~~~~~~~~~\nC:/Users/spi085/AppData/Local/Programs/R/R-4.4.1/library/TMB/include/tmb_core.hpp:241:3: error: expected unqualified-id before 'else'\n  241 | } else {                                                                \\\n      |   ^~~~\nPOPULATIONS//POPULATION_0003//INDIVIDUAL_95ZM3NHP/model.cpp:7:1: note: in expansion of macro 'DATA_VECTOR'\n    7 | DATA_VECTOR(fast_dat);   // Observed fast coral cover (%)\n      | ^~~~~~~~~~~\nC:/Users/spi085/AppData/Local/Programs/R/R-4.4.1/library/TMB/include/tmb_core.hpp:237:8: error: 'Type' was not declared in this scope; did you mean 'Eigen::Architecture::Type'?\n  237 | vector<Type> name;                                                      \\\n      |        ^~~~\nPOPULATIONS//POPULATION_0003//INDIVIDUAL_95ZM3NHP/model.cpp:8:1: note: in expansion of macro 'DATA_VECTOR'\n    8 | DATA_VECTOR(cots_dat);   // Observed crown-of-thorns starfish density (individuals/m2)\n      | ^~~~~~~~~~~\nC:/Users/spi085/AppData/Local/Programs/R/R-44~1.1/library/RCPPEI~1/include/Eigen/src/Core/util/Constants.h:471:8: note: 'Eigen::Architecture::Type' declared here\n  471 |   enum Type {\n      |        ^~~~\nC:/Users/spi085/AppData/Local/Programs/R/R-4.4.1/library/TMB/include/tmb_core.hpp:237:12: error: template argument 1 is invalid\n  237 | vector<Type> name;                                                      \\\n      |            ^\nPOPULATIONS//POPULATION_0003//INDIVIDUAL_95ZM3NHP/model.cpp:8:1: note: in expansion of macro 'DATA_VECTOR'\n    8 | DATA_VECTOR(cots_dat);   // Observed crown-of-thorns starfish density (individuals/m2)\n      | ^~~~~~~~~~~\nC:/Users/spi085/AppData/Local/Programs/R/R-4.4.1/library/TMB/include/tmb_core.hpp:238:1: error: expected unqualified-id before 'if'\n  238 | if (!Rf_isNull(getListElement(TMB_OBJECTIVE_PTR -> parameters,#name))){ \\\n      | ^~\nPOPULATIONS//POPULATION_0003//INDIVIDUAL_95ZM3NHP/model.cpp:8:1: note: in expansion of macro 'DATA_VECTOR'\n    8 | DATA_VECTOR(cots_dat);   // Observed crown-of-thorns starfish density (individuals/m2)\n      | ^~~~~~~~~~~\nC:/Users/spi085/AppData/Local/Programs/R/R-4.4.1/library/TMB/include/tmb_core.hpp:241:3: error: expected unqualified-id before 'else'\n  241 | } else {                                                                \\\n      |   ^~~~\nPOPULATIONS//POPULATION_0003//INDIVIDUAL_95ZM3NHP/model.cpp:8:1: note: in expansion of macro 'DATA_VECTOR'\n    8 | DATA_VECTOR(cots_dat);   // Observed crown-of-thorns starfish density (individuals/m2)\n      | ^~~~~~~~~~~\nC:/Users/spi085/AppData/Local/Programs/R/R-4.4.1/library/TMB/include/tmb_core.hpp:237:8: error: 'Type' was not declared in this scope; did you mean 'Eigen::Architecture::Type'?\n  237 | vector<Type> name;                                                      \\\n      |        ^~~~\nPOPULATIONS//POPULATION_0003//INDIVIDUAL_95ZM3NHP/model.cpp:9:1: note: in expansion of macro 'DATA_VECTOR'\n    9 | DATA_VECTOR(sst_dat);    // Sea surface temperature (\u00b0C)\n      | ^~~~~~~~~~~\nC:/Users/spi085/AppData/Local/Programs/R/R-44~1.1/library/RCPPEI~1/include/Eigen/src/Core/util/Constants.h:471:8: note: 'Eigen::Architecture::Type' declared here\n  471 |   enum Type {\n      |        ^~~~\nC:/Users/spi085/AppData/Local/Programs/R/R-4.4.1/library/TMB/include/tmb_core.hpp:237:12: error: template argument 1 is invalid\n  237 | vector<Type> name;                                                      \\\n      |            ^\nPOPULATIONS//POPULATION_0003//INDIVIDUAL_95ZM3NHP/model.cpp:9:1: note: in expansion of macro 'DATA_VECTOR'\n    9 | DATA_VECTOR(sst_dat);    // Sea surface temperature (\u00b0C)\n      | ^~~~~~~~~~~\nC:/Users/spi085/AppData/Local/Programs/R/R-4.4.1/library/TMB/include/tmb_core.hpp:238:1: error: expected unqualified-id before 'if'\n  238 | if (!Rf_isNull(getListElement(TMB_OBJECTIVE_PTR -> parameters,#name))){ \\\n      | ^~\nPOPULATIONS//POPULATION_0003//INDIVIDUAL_95ZM3NHP/model.cpp:9:1: note: in expansion of macro 'DATA_VECTOR'\n    9 | DATA_VECTOR(sst_dat);    // Sea surface temperature (\u00b0C)\n      | ^~~~~~~~~~~\nC:/Users/spi085/AppData/Local/Programs/R/R-4.4.1/library/TMB/include/tmb_core.hpp:241:3: error: expected unqualified-id before 'else'\n  241 | } else {                                                                \\\n      |   ^~~~\nPOPULATIONS//POPULATION_0003//INDIVIDUAL_95ZM3NHP/model.cpp:9:1: note: in expansion of macro 'DATA_VECTOR'\n    9 | DATA_VECTOR(sst_dat);    // Sea surface temperature (\u00b0C)\n      | ^~~~~~~~~~~\nC:/Users/spi085/AppData/Local/Programs/R/R-4.4.1/library/TMB/include/tmb_core.hpp:237:8: error: 'Type' was not declared in this scope; did you mean 'Eigen::Architecture::Type'?\n  237 | vector<Type> name;                                                      \\\n      |        ^~~~\nPOPULATIONS//POPULATION_0003//INDIVIDUAL_95ZM3NHP/model.cpp:10:1: note: in expansion of macro 'DATA_VECTOR'\n   10 | DATA_VECTOR(cotsimm_dat); // Crown-of-thorns immigration rate (individuals/m2/year)\n      | ^~~~~~~~~~~\nC:/Users/spi085/AppData/Local/Programs/R/R-44~1.1/library/RCPPEI~1/include/Eigen/src/Core/util/Constants.h:471:8: note: 'Eigen::Architecture::Type' declared here\n  471 |   enum Type {\n      |        ^~~~\nC:/Users/spi085/AppData/Local/Programs/R/R-4.4.1/library/TMB/include/tmb_core.hpp:237:12: error: template argument 1 is invalid\n  237 | vector<Type> name;                                                      \\\n      |            ^\nPOPULATIONS//POPULATION_0003//INDIVIDUAL_95ZM3NHP/model.cpp:10:1: note: in expansion of macro 'DATA_VECTOR'\n   10 | DATA_VECTOR(cotsimm_dat); // Crown-of-thorns immigration rate (individuals/m2/year)\n      | ^~~~~~~~~~~\nC:/Users/spi085/AppData/Local/Programs/R/R-4.4.1/library/TMB/include/tmb_core.hpp:238:1: error: expected unqualified-id before 'if'\n  238 | if (!Rf_isNull(getListElement(TMB_OBJECTIVE_PTR -> parameters,#name))){ \\\n      | ^~\nPOPULATIONS//POPULATION_0003//INDIVIDUAL_95ZM3NHP/model.cpp:10:1: note: in expansion of macro 'DATA_VECTOR'\n   10 | DATA_VECTOR(cotsimm_dat); // Crown-of-thorns immigration rate (individuals/m2/year)\n      | ^~~~~~~~~~~\nC:/Users/spi085/AppData/Local/Programs/R/R-4.4.1/library/TMB/include/tmb_core.hpp:241:3: error: expected unqualified-id before 'else'\n  241 | } else {                                                                \\\n      |   ^~~~\nPOPULATIONS//POPULATION_0003//INDIVIDUAL_95ZM3NHP/model.cpp:10:1: note: in expansion of macro 'DATA_VECTOR'\n   10 | DATA_VECTOR(cotsimm_dat); // Crown-of-thorns immigration rate (individuals/m2/year)\n      | ^~~~~~~~~~~\nC:/Users/spi085/AppData/Local/Programs/R/R-4.4.1/library/TMB/include/tmb_core.hpp:228:1: error: 'Type' does not name a type; did you mean 'typeof'?\n  228 | Type name(TMB_OBJECTIVE_PTR -> fillShape(                               \\\n      | ^~~~\nPOPULATIONS//POPULATION_0003//INDIVIDUAL_95ZM3NHP/model.cpp:18:1: note: in expansion of macro 'PARAMETER'\n   18 | PARAMETER(attack_rate_slow);    // 1/year, attack rate for slow-growing corals\n      | ^~~~~~~~~\nC:/Users/spi085/AppData/Local/Programs/R/R-4.4.1/library/TMB/include/tmb_core.hpp:228:1: error: 'Type' does not name a type; did you mean 'typeof'?\n  228 | Type name(TMB_OBJECTIVE_PTR -> fillShape(                               \\\n      | ^~~~\nPOPULATIONS//POPULATION_0003//INDIVIDUAL_95ZM3NHP/model.cpp:19:1: note: in expansion of macro 'PARAMETER'\n   19 | PARAMETER(attack_rate_fast);      // 1/year, attack rate for fast-growing corals\n      | ^~~~~~~~~\nC:/Users/spi085/AppData/Local/Programs/R/R-4.4.1/library/TMB/include/tmb_core.hpp:228:1: error: 'Type' does not name a type; did you mean 'typeof'?\n  228 | Type name(TMB_OBJECTIVE_PTR -> fillShape(                               \\\n      | ^~~~\nPOPULATIONS//POPULATION_0003//INDIVIDUAL_95ZM3NHP/model.cpp:20:1: note: in expansion of macro 'PARAMETER'\n   20 | PARAMETER(starfish_growth_rate);  // 1/year, intrinsic growth rate of crown-of-thorns starfish\n      | ^~~~~~~~~\nC:/Users/spi085/AppData/Local/Programs/R/R-4.4.1/library/TMB/include/tmb_core.hpp:228:1: error: 'Type' does not name a type; did you mean 'typeof'?\n  228 | Type name(TMB_OBJECTIVE_PTR -> fillShape(                               \\\n      | ^~~~\nPOPULATIONS//POPULATION_0003//INDIVIDUAL_95ZM3NHP/model.cpp:21:1: note: in expansion of macro 'PARAMETER'\n   21 | PARAMETER(log_sigma_slow);        // log(%), log standard deviation for slow coral cover observations\n      | ^~~~~~~~~\nC:/Users/spi085/AppData/Local/Programs/R/R-4.4.1/library/TMB/include/tmb_core.hpp:228:1: error: 'Type' does not name a type; did you mean 'typeof'?\n  228 | Type name(TMB_OBJECTIVE_PTR -> fillShape(                               \\\n      | ^~~~\nPOPULATIONS//POPULATION_0003//INDIVIDUAL_95ZM3NHP/model.cpp:22:1: note: in expansion of macro 'PARAMETER'\n   22 | PARAMETER(log_sigma_fast);        // log(%), log standard deviation for fast coral cover observations\n      | ^~~~~~~~~\nC:/Users/spi085/AppData/Local/Programs/R/R-4.4.1/library/TMB/include/tmb_core.hpp:228:1: error: 'Type' does not name a type; did you mean 'typeof'?\n  228 | Type name(TMB_OBJECTIVE_PTR -> fillShape(                               \\\n      | ^~~~\nPOPULATIONS//POPULATION_0003//INDIVIDUAL_95ZM3NHP/model.cpp:23:1: note: in expansion of macro 'PARAMETER'\n   23 | PARAMETER(log_sigma_cots);        // log(%), log standard deviation for COTS density observations\n      | ^~~~~~~~~\nPOPULATIONS//POPULATION_0003//INDIVIDUAL_95ZM3NHP/model.cpp:26:1: error: 'Type' does not name a type; did you mean 'typeof'?\n   26 | Type sigma_slow = exp(log_sigma_slow) + Type(1e-8);  // standard deviation for slow coral cover\n      | ^~~~\n      | typeof\nPOPULATIONS//POPULATION_0003//INDIVIDUAL_95ZM3NHP/model.cpp:27:1: error: 'Type' does not name a type; did you mean 'typeof'?\n   27 | Type sigma_fast = exp(log_sigma_fast) + Type(1e-8);    // standard deviation for fast coral cover\n      | ^~~~\n      | typeof\nPOPULATIONS//POPULATION_0003//INDIVIDUAL_95ZM3NHP/model.cpp:28:1: error: 'Type' does not name a type; did you mean 'typeof'?\n   28 | Type sigma_cots = exp(log_sigma_cots) + Type(1e-8);    // standard deviation for COTS density observations\n      | ^~~~\n      | typeof\nPOPULATIONS//POPULATION_0003//INDIVIDUAL_95ZM3NHP/model.cpp:30:18: error: request for member 'size' in 'slow_dat', which is of non-class type 'int'\n   30 | int n = slow_dat.size();\n      |                  ^~~~\nPOPULATIONS//POPULATION_0003//INDIVIDUAL_95ZM3NHP/model.cpp:31:8: error: 'Type' was not declared in this scope; did you mean 'Eigen::Architecture::Type'?\n   31 | vector<Type> cots_pred(n);  // Predicted crown-of-thorns starfish density (individuals/m2)\n      |        ^~~~\n      |        Eigen::Architecture::Type\nC:/Users/spi085/AppData/Local/Programs/R/R-44~1.1/library/RCPPEI~1/include/Eigen/src/Core/util/Constants.h:471:8: note: 'Eigen::Architecture::Type' declared here\n  471 |   enum Type {\n      |        ^~~~\nPOPULATIONS//POPULATION_0003//INDIVIDUAL_95ZM3NHP/model.cpp:31:12: error: template argument 1 is invalid\n   31 | vector<Type> cots_pred(n);  // Predicted crown-of-thorns starfish density (individuals/m2)\n      |            ^\nPOPULATIONS//POPULATION_0003//INDIVIDUAL_95ZM3NHP/model.cpp:32:8: error: 'Type' was not declared in this scope; did you mean 'Eigen::Architecture::Type'?\n   32 | vector<Type> slow_pred(n);  // Predicted slow coral cover (%)\n      |        ^~~~\n      |        Eigen::Architecture::Type\nC:/Users/spi085/AppData/Local/Programs/R/R-44~1.1/library/RCPPEI~1/include/Eigen/src/Core/util/Constants.h:471:8: note: 'Eigen::Architecture::Type' declared here\n  471 |   enum Type {\n      |        ^~~~\nPOPULATIONS//POPULATION_0003//INDIVIDUAL_95ZM3NHP/model.cpp:32:12: error: template argument 1 is invalid\n   32 | vector<Type> slow_pred(n);  // Predicted slow coral cover (%)\n      |            ^\nPOPULATIONS//POPULATION_0003//INDIVIDUAL_95ZM3NHP/model.cpp:33:8: error: 'Type' was not declared in this scope; did you mean 'Eigen::Architecture::Type'?\n   33 | vector<Type> fast_pred(n);  // Predicted fast coral cover (%)\n      |        ^~~~\n      |        Eigen::Architecture::Type\nC:/Users/spi085/AppData/Local/Programs/R/R-44~1.1/library/RCPPEI~1/include/Eigen/src/Core/util/Constants.h:471:8: note: 'Eigen::Architecture::Type' declared here\n  471 |   enum Type {\n      |        ^~~~\nPOPULATIONS//POPULATION_0003//INDIVIDUAL_95ZM3NHP/model.cpp:33:12: error: template argument 1 is invalid\n   33 | vector<Type> fast_pred(n);  // Predicted fast coral cover (%)\n      |            ^\nPOPULATIONS//POPULATION_0003//INDIVIDUAL_95ZM3NHP/model.cpp:36:1: error: 'cots_pred' does not name a type\n   36 | cots_pred[0] = cots_dat[0];\n      | ^~~~~~~~~\nPOPULATIONS//POPULATION_0003//INDIVIDUAL_95ZM3NHP/model.cpp:37:1: error: 'slow_pred' does not name a type\n   37 | slow_pred[0] = slow_dat[0];\n      | ^~~~~~~~~\nPOPULATIONS//POPULATION_0003//INDIVIDUAL_95ZM3NHP/model.cpp:38:1: error: 'fast_pred' does not name a type\n   38 | fast_pred[0] = fast_dat[0];\n      | ^~~~~~~~~\nPOPULATIONS//POPULATION_0003//INDIVIDUAL_95ZM3NHP/model.cpp:41:1: error: expected unqualified-id before 'for'\n   41 | for(int i = 1; i < n; i++){\n      | ^~~\nPOPULATIONS//POPULATION_0003//INDIVIDUAL_95ZM3NHP/model.cpp:41:16: error: 'i' does not name a type\n   41 | for(int i = 1; i < n; i++){\n      |                ^\nPOPULATIONS//POPULATION_0003//INDIVIDUAL_95ZM3NHP/model.cpp:41:23: error: 'i' does not name a type\n   41 | for(int i = 1; i < n; i++){\n      |                       ^\nPOPULATIONS//POPULATION_0003//INDIVIDUAL_95ZM3NHP/model.cpp:53:1: error: 'Type' does not name a type; did you mean 'typeof'?\n   53 | Type nll = 0.0;\n      | ^~~~\n      | typeof\nPOPULATIONS//POPULATION_0003//INDIVIDUAL_95ZM3NHP/model.cpp:61:1: error: expected unqualified-id before 'for'\n   61 | for(int i = 0; i < n; i++){\n      | ^~~\nPOPULATIONS//POPULATION_0003//INDIVIDUAL_95ZM3NHP/model.cpp:61:16: error: 'i' does not name a type\n   61 | for(int i = 0; i < n; i++){\n      |                ^\nPOPULATIONS//POPULATION_0003//INDIVIDUAL_95ZM3NHP/model.cpp:61:23: error: 'i' does not name a type\n   61 | for(int i = 0; i < n; i++){\n      |                       ^\nC:/Users/spi085/AppData/Local/Programs/R/R-4.4.1/library/TMB/include/tmb_core.hpp:209:1: error: expected unqualified-id before 'this'\n  209 | this\n      | ^~~~\nC:/Users/spi085/AppData/Local/Programs/R/R-4.4.1/library/TMB/include/tmb_core.hpp:343:1: note: in expansion of macro 'TMB_OBJECTIVE_PTR'\n  343 | TMB_OBJECTIVE_PTR -> reportvector.push(name, #name);\n      | ^~~~~~~~~~~~~~~~~\nPOPULATIONS//POPULATION_0003//INDIVIDUAL_95ZM3NHP/model.cpp:76:1: note: in expansion of macro 'ADREPORT'\n   76 | ADREPORT(cots_pred);  // Predicted COTS density (individuals/m2)\n      | ^~~~~~~~\nC:/Users/spi085/AppData/Local/Programs/R/R-4.4.1/library/TMB/include/tmb_core.hpp:209:1: error: expected unqualified-id before 'this'\n  209 | this\n      | ^~~~\nC:/Users/spi085/AppData/Local/Programs/R/R-4.4.1/library/TMB/include/tmb_core.hpp:343:1: note: in expansion of macro 'TMB_OBJECTIVE_PTR'\n  343 | TMB_OBJECTIVE_PTR -> reportvector.push(name, #name);\n      | ^~~~~~~~~~~~~~~~~\nPOPULATIONS//POPULATION_0003//INDIVIDUAL_95ZM3NHP/model.cpp:77:1: note: in expansion of macro 'ADREPORT'\n   77 | ADREPORT(slow_pred);  // Predicted slow coral cover (%)\n      | ^~~~~~~~\nC:/Users/spi085/AppData/Local/Programs/R/R-4.4.1/library/TMB/include/tmb_core.hpp:209:1: error: expected unqualified-id before 'this'\n  209 | this\n      | ^~~~\nC:/Users/spi085/AppData/Local/Programs/R/R-4.4.1/library/TMB/include/tmb_core.hpp:343:1: note: in expansion of macro 'TMB_OBJECTIVE_PTR'\n  343 | TMB_OBJECTIVE_PTR -> reportvector.push(name, #name);\n      | ^~~~~~~~~~~~~~~~~\nPOPULATIONS//POPULATION_0003//INDIVIDUAL_95ZM3NHP/model.cpp:78:1: note: in expansion of macro 'ADREPORT'\n   78 | ADREPORT(fast_pred);  // Predicted fast coral cover (%)\n      | ^~~~~~~~\nPOPULATIONS//POPULATION_0003//INDIVIDUAL_95ZM3NHP/model.cpp:80:1: error: expected unqualified-id before 'return'\n   80 | return nll;\n      | ^~~~~~\nmake: *** [C:/Users/spi085/AppData/Local/Programs/R/R-4.4.1/etc/x64/Makeconf:296: POPULATIONS//POPULATION_0003//INDIVIDUAL_95ZM3NHP/model.o] Error 1\nError in TMB::compile(file.path(individual_dir, model_file), flags = flags,  : \n  Compilation failed\nError: Compilation failed\nExecution halted"
    },
    "3": {
      "status": "ERROR",
      "message": "Model failed to compile.",
      "stdout": "g++ -std=gnu++17  -I\"C:/Users/spi085/AppData/Local/Programs/R/R-4.4.1/include\" -DNDEBUG -I\"C:/Users/spi085/AppData/Local/Programs/R/R-44~1.1/library/TMB/include\" -I\"C:/Users/spi085/AppData/Local/Programs/R/R-44~1.1/library/RCPPEI~1/include\"   -DTMB_EIGEN_DISABLE_WARNINGS   -DTMB_LIB_INIT=R_init_model  -DCPPAD_FRAMEWORK    -I\"C:/rtools44/x86_64-w64-mingw32.static.posix/include\"     -O2 -Wa,-mbig-obj -c POPULATIONS//POPULATION_0003//INDIVIDUAL_95ZM3NHP/model.cpp -o POPULATIONS//POPULATION_0003//INDIVIDUAL_95ZM3NHP/model.o",
      "stderr": "Loading required package: TMB\nLoading required package: jsonlite\nhere() starts at C:/Users/spi085/OneDrive - CSIRO/Documents/_Projects/SCCP-QuantModelling\nusing C++ compiler: 'G__~1.EXE (GCC) 13.2.0'\nPOPULATIONS//POPULATION_0003//INDIVIDUAL_95ZM3NHP/model.cpp: In instantiation of 'Type objective_function<Type>::operator()() [with Type = CppAD::AD<double>]':\nC:/Users/spi085/AppData/Local/Programs/R/R-4.4.1/library/TMB/include/tmb_core.hpp:1308:6:   required from here\nPOPULATIONS//POPULATION_0003//INDIVIDUAL_95ZM3NHP/model.cpp:75:18: error: 'dlnorm' was not declared in this scope; did you mean 'dnorm'?\n   75 |     nll -= dlnorm(slow_dat[i], log(slow_pred[i] + Type(1e-8)), sigma_slow, true);\n      |            ~~~~~~^~~~~~~~~~~~~~~~~~~~~~~~~~~~~~~~~~~~~~~~~~~~~~~~~~~~~~~~~~~~~~~\n      |            dnorm\nPOPULATIONS//POPULATION_0003//INDIVIDUAL_95ZM3NHP/model.cpp:76:18: error: 'dlnorm' was not declared in this scope, and no declarations were found by argument-dependent lookup at the point of instantiation\n   76 |     nll -= dlnorm(fast_dat[i], log(fast_pred[i] + Type(1e-8)), sigma_fast, true);\n      |            ~~~~~~^~~~~~~~~~~~~~~~~~~~~~~~~~~~~~~~~~~~~~~~~~~~~~~~~~~~~~~~~~~~~~~\nPOPULATIONS//POPULATION_0003//INDIVIDUAL_95ZM3NHP/model.cpp:75:18: note: 'dlnorm' declared here, later in the translation unit\n   75 |     nll -= dlnorm(slow_dat[i], log(slow_pred[i] + Type(1e-8)), sigma_slow, true);\n      |            ~~~~~~^~~~~~~~~~~~~~~~~~~~~~~~~~~~~~~~~~~~~~~~~~~~~~~~~~~~~~~~~~~~~~~\nPOPULATIONS//POPULATION_0003//INDIVIDUAL_95ZM3NHP/model.cpp: In instantiation of 'Type objective_function<Type>::operator()() [with Type = double]':\nC:/Users/spi085/AppData/Local/Programs/R/R-4.4.1/library/TMB/include/tmb_core.hpp:2031:7:   required from here\nPOPULATIONS//POPULATION_0003//INDIVIDUAL_95ZM3NHP/model.cpp:75:18: error: 'dlnorm' was not declared in this scope; did you mean 'dnorm'?\n   75 |     nll -= dlnorm(slow_dat[i], log(slow_pred[i] + Type(1e-8)), sigma_slow, true);\n      |            ~~~~~~^~~~~~~~~~~~~~~~~~~~~~~~~~~~~~~~~~~~~~~~~~~~~~~~~~~~~~~~~~~~~~~\n      |            dnorm\nPOPULATIONS//POPULATION_0003//INDIVIDUAL_95ZM3NHP/model.cpp:76:18: error: 'dlnorm' was not declared in this scope, and no declarations were found by argument-dependent lookup at the point of instantiation\n   76 |     nll -= dlnorm(fast_dat[i], log(fast_pred[i] + Type(1e-8)), sigma_fast, true);\n      |            ~~~~~~^~~~~~~~~~~~~~~~~~~~~~~~~~~~~~~~~~~~~~~~~~~~~~~~~~~~~~~~~~~~~~~\nPOPULATIONS//POPULATION_0003//INDIVIDUAL_95ZM3NHP/model.cpp:75:18: note: 'dlnorm' declared here, later in the translation unit\n   75 |     nll -= dlnorm(slow_dat[i], log(slow_pred[i] + Type(1e-8)), sigma_slow, true);\n      |            ~~~~~~^~~~~~~~~~~~~~~~~~~~~~~~~~~~~~~~~~~~~~~~~~~~~~~~~~~~~~~~~~~~~~~\nPOPULATIONS//POPULATION_0003//INDIVIDUAL_95ZM3NHP/model.cpp: In instantiation of 'Type objective_function<Type>::operator()() [with Type = CppAD::AD<CppAD::AD<double> >]':\nC:/Users/spi085/AppData/Local/Programs/R/R-4.4.1/library/TMB/include/tmb_core.hpp:913:29:   required from 'Type objective_function<Type>::evalUserTemplate() [with Type = CppAD::AD<CppAD::AD<double> >]'\nC:/Users/spi085/AppData/Local/Programs/R/R-4.4.1/library/TMB/include/tmb_core.hpp:2112:26:   required from here\nPOPULATIONS//POPULATION_0003//INDIVIDUAL_95ZM3NHP/model.cpp:75:18: error: 'dlnorm' was not declared in this scope; did you mean 'dnorm'?\n   75 |     nll -= dlnorm(slow_dat[i], log(slow_pred[i] + Type(1e-8)), sigma_slow, true);\n      |            ~~~~~~^~~~~~~~~~~~~~~~~~~~~~~~~~~~~~~~~~~~~~~~~~~~~~~~~~~~~~~~~~~~~~~\n      |            dnorm\nPOPULATIONS//POPULATION_0003//INDIVIDUAL_95ZM3NHP/model.cpp:76:18: error: 'dlnorm' was not declared in this scope, and no declarations were found by argument-dependent lookup at the point of instantiation\n   76 |     nll -= dlnorm(fast_dat[i], log(fast_pred[i] + Type(1e-8)), sigma_fast, true);\n      |            ~~~~~~^~~~~~~~~~~~~~~~~~~~~~~~~~~~~~~~~~~~~~~~~~~~~~~~~~~~~~~~~~~~~~~\nPOPULATIONS//POPULATION_0003//INDIVIDUAL_95ZM3NHP/model.cpp:75:18: note: 'dlnorm' declared here, later in the translation unit\n   75 |     nll -= dlnorm(slow_dat[i], log(slow_pred[i] + Type(1e-8)), sigma_slow, true);\n      |            ~~~~~~^~~~~~~~~~~~~~~~~~~~~~~~~~~~~~~~~~~~~~~~~~~~~~~~~~~~~~~~~~~~~~~\nPOPULATIONS//POPULATION_0003//INDIVIDUAL_95ZM3NHP/model.cpp: In instantiation of 'Type objective_function<Type>::operator()() [with Type = CppAD::AD<CppAD::AD<CppAD::AD<double> > >]':\nC:/Users/spi085/AppData/Local/Programs/R/R-4.4.1/library/TMB/include/tmb_core.hpp:913:29:   required from 'Type objective_function<Type>::evalUserTemplate() [with Type = CppAD::AD<CppAD::AD<CppAD::AD<double> > >]'\nC:/Users/spi085/AppData/Local/Programs/R/R-4.4.1/library/TMB/include/tmb_core.hpp:2361:28:   required from here\nPOPULATIONS//POPULATION_0003//INDIVIDUAL_95ZM3NHP/model.cpp:75:18: error: 'dlnorm' was not declared in this scope; did you mean 'dnorm'?\n   75 |     nll -= dlnorm(slow_dat[i], log(slow_pred[i] + Type(1e-8)), sigma_slow, true);\n      |            ~~~~~~^~~~~~~~~~~~~~~~~~~~~~~~~~~~~~~~~~~~~~~~~~~~~~~~~~~~~~~~~~~~~~~\n      |            dnorm\nPOPULATIONS//POPULATION_0003//INDIVIDUAL_95ZM3NHP/model.cpp:76:18: error: 'dlnorm' was not declared in this scope, and no declarations were found by argument-dependent lookup at the point of instantiation\n   76 |     nll -= dlnorm(fast_dat[i], log(fast_pred[i] + Type(1e-8)), sigma_fast, true);\n      |            ~~~~~~^~~~~~~~~~~~~~~~~~~~~~~~~~~~~~~~~~~~~~~~~~~~~~~~~~~~~~~~~~~~~~~\nPOPULATIONS//POPULATION_0003//INDIVIDUAL_95ZM3NHP/model.cpp:75:18: note: 'dlnorm' declared here, later in the translation unit\n   75 |     nll -= dlnorm(slow_dat[i], log(slow_pred[i] + Type(1e-8)), sigma_slow, true);\n      |            ~~~~~~^~~~~~~~~~~~~~~~~~~~~~~~~~~~~~~~~~~~~~~~~~~~~~~~~~~~~~~~~~~~~~~\nmake: *** [C:/Users/spi085/AppData/Local/Programs/R/R-4.4.1/etc/x64/Makeconf:296: POPULATIONS//POPULATION_0003//INDIVIDUAL_95ZM3NHP/model.o] Error 1\nError in TMB::compile(file.path(individual_dir, model_file), flags = flags,  : \n  Compilation failed\nError: Compilation failed\nExecution halted"
    },
    "4": {
      "status": "SUCCESS",
      "objective_value": "NaN",
      "model_summary": [
        "            Length Class  Mode     ",
        "par         6      -none- numeric  ",
        "objective   1      -none- numeric  ",
        "convergence 1      -none- numeric  ",
        "iterations  1      -none- numeric  ",
        "evaluations 2      -none- numeric  ",
        "message     1      -none- character"
      ],
      "model_report": [],
      "plot_data": [],
      "stdout": "g++ -std=gnu++17  -I\"C:/Users/spi085/AppData/Local/Programs/R/R-4.4.1/include\" -DNDEBUG -I\"C:/Users/spi085/AppData/Local/Programs/R/R-44~1.1/library/TMB/include\" -I\"C:/Users/spi085/AppData/Local/Programs/R/R-44~1.1/library/RCPPEI~1/include\"   -DTMB_EIGEN_DISABLE_WARNINGS   -DTMB_LIB_INIT=R_init_model  -DCPPAD_FRAMEWORK    -I\"C:/rtools44/x86_64-w64-mingw32.static.posix/include\"     -O2 -Wa,-mbig-obj -c POPULATIONS//POPULATION_0003//INDIVIDUAL_95ZM3NHP/model.cpp -o POPULATIONS//POPULATION_0003//INDIVIDUAL_95ZM3NHP/model.o\ng++ -std=gnu++17 -shared -s -static-libgcc -o POPULATIONS//POPULATION_0003//INDIVIDUAL_95ZM3NHP/model.dll tmp.def POPULATIONS//POPULATION_0003//INDIVIDUAL_95ZM3NHP/model.o -LC:/rtools44/x86_64-w64-mingw32.static.posix/lib/x64 -LC:/rtools44/x86_64-w64-mingw32.static.posix/lib -LC:/Users/spi085/AppData/Local/Programs/R/R-4.4.1/bin/x64 -lR\nStarting model phases\nNumber of phases: 1 \nPhase 1 \nInitial parameter values for phase 1 :\n    attack_rate_slow     attack_rate_fast starfish_growth_rate \n                0.10                 0.15                 0.05 \n      log_sigma_slow       log_sigma_fast       log_sigma_cots \n                0.00                 0.00                 0.00 \nFinal parameter values for phase 1 :\n    attack_rate_slow     attack_rate_fast starfish_growth_rate \n        1.147778e-08         1.047473e-08        -3.421606e+00 \n      log_sigma_slow       log_sigma_fast       log_sigma_cots \n       -2.497875e+01        -2.452183e+01         0.000000e+00 \nConvergence message: function evaluation limit reached without convergence (9) \nNumber of iterations: 63 \nObjective function value: -789.6207 \nGradient at solution for phase 1 :\n         [,1]      [,2]          [,3]       [,4]       [,5] [,6]\n[1,] 290299.6 -10855.43 -0.0006462249 0.03616161 0.05587433    0\nFinal Phase\nInitial parameter values for final phase:\n    attack_rate_slow     attack_rate_fast starfish_growth_rate \n        1.147778e-08         1.047473e-08        -3.421606e+00 \n      log_sigma_slow       log_sigma_fast       log_sigma_cots \n       -2.497875e+01        -2.452183e+01         0.000000e+00 \nFinal parameter values for final phase:\n    attack_rate_slow     attack_rate_fast starfish_growth_rate \n        1.085349e-08         1.049167e-08        -3.421606e+00 \n      log_sigma_slow       log_sigma_fast       log_sigma_cots \n       -2.497875e+01        -2.452183e+01         0.000000e+00 \nConvergence message: false convergence (8) \nNumber of iterations: 9 \nObjective function value: -789.6208 \nGradient at solution for final phase:\n         [,1]     [,2]          [,3]       [,4]       [,5] [,6]\n[1,] 5.206097 3287.432 -0.0006207133 0.03616187 0.05587433    0\nAll phases completed\n\nDEBUG: Report contents:\n list()\nNULL\n\nDEBUG: Available variables in report:\nNULL\n\nChecking predictions and calculating objective function...\n\nDEBUG: Processing cots_pred \nDEBUG: cots_pred not found in report\nDEBUG: Available variables:  \n\nDEBUG: Calculating MSE for each variable:\n\nDEBUG: MSE values:\n   cots_dat    slow_dat    fast_dat     sst_dat cotsimm_dat \n         NA          NA          NA          NA          NA \n\nDEBUG: Final objective value (mean of MSEs): NaN \n\nFinal objective function value: NaN \n\nJSON_REPORT_START\n{\n  \"status\": \"SUCCESS\",\n  \"objective_value\": \"NaN\",\n  \"model_summary\": [\"            Length Class  Mode     \", \"par         6      -none- numeric  \", \"objective   1      -none- numeric  \", \"convergence 1      -none- numeric  \", \"iterations  1      -none- numeric  \", \"evaluations 2      -none- numeric  \", \"message     1      -none- character\"],\n  \"model_report\": [],\n  \"plot_data\": []\n}\nJSON_REPORT_END",
      "stderr": "Loading required package: TMB\nLoading required package: jsonlite\nhere() starts at C:/Users/spi085/OneDrive - CSIRO/Documents/_Projects/SCCP-QuantModelling\nusing C++ compiler: 'G__~1.EXE (GCC) 13.2.0'"
    },
    "5": {
      "status": "ERROR",
      "message": "R script failed with return code 1",
      "stdout": "g++ -std=gnu++17  -I\"C:/Users/spi085/AppData/Local/Programs/R/R-4.4.1/include\" -DNDEBUG -I\"C:/Users/spi085/AppData/Local/Programs/R/R-44~1.1/library/TMB/include\" -I\"C:/Users/spi085/AppData/Local/Programs/R/R-44~1.1/library/RCPPEI~1/include\"   -DTMB_EIGEN_DISABLE_WARNINGS   -DTMB_LIB_INIT=R_init_model  -DCPPAD_FRAMEWORK    -I\"C:/rtools44/x86_64-w64-mingw32.static.posix/include\"     -O2 -Wa,-mbig-obj -c POPULATIONS//POPULATION_0003//INDIVIDUAL_95ZM3NHP/model.cpp -o POPULATIONS//POPULATION_0003//INDIVIDUAL_95ZM3NHP/model.o\ng++ -std=gnu++17 -shared -s -static-libgcc -o POPULATIONS//POPULATION_0003//INDIVIDUAL_95ZM3NHP/model.dll tmp.def POPULATIONS//POPULATION_0003//INDIVIDUAL_95ZM3NHP/model.o -LC:/rtools44/x86_64-w64-mingw32.static.posix/lib/x64 -LC:/rtools44/x86_64-w64-mingw32.static.posix/lib -LC:/Users/spi085/AppData/Local/Programs/R/R-4.4.1/bin/x64 -lR\nStarting model phases\nNumber of phases: 1 \nPhase 1 \nError in model phases: Error when reading the variable: 'mu_cots'. Please check data and parameters.",
      "stderr": "Loading required package: TMB\nLoading required package: jsonlite\nhere() starts at C:/Users/spi085/OneDrive - CSIRO/Documents/_Projects/SCCP-QuantModelling\nusing C++ compiler: 'G__~1.EXE (GCC) 13.2.0'\nError in value[[3L]](cond) : \n  Error in model phases: Error when reading the variable: 'mu_cots'. Please check data and parameters.\nCalls: tryCatch -> tryCatchList -> tryCatchOne -> <Anonymous>\nIn addition: Warning messages:\n1: In getParameterOrder(data, parameters, new.env(), DLL = DLL) :\n  Expected scalar. Got length=0\n2: In getParameterOrder(data, parameters, new.env(), DLL = DLL) :\n  Expected object. Got NULL.\nExecution halted"
    },
    "6": {
      "status": "SUCCESS",
      "objective_value": "NaN",
      "model_summary": [
        "            Length Class  Mode     ",
        "par         9      -none- numeric  ",
        "objective   1      -none- numeric  ",
        "convergence 1      -none- numeric  ",
        "iterations  1      -none- numeric  ",
        "evaluations 2      -none- numeric  ",
        "message     1      -none- character"
      ],
      "model_report": [],
      "plot_data": [],
      "stdout": "g++ -std=gnu++17  -I\"C:/Users/spi085/AppData/Local/Programs/R/R-4.4.1/include\" -DNDEBUG -I\"C:/Users/spi085/AppData/Local/Programs/R/R-44~1.1/library/TMB/include\" -I\"C:/Users/spi085/AppData/Local/Programs/R/R-44~1.1/library/RCPPEI~1/include\"   -DTMB_EIGEN_DISABLE_WARNINGS   -DTMB_LIB_INIT=R_init_model  -DCPPAD_FRAMEWORK    -I\"C:/rtools44/x86_64-w64-mingw32.static.posix/include\"     -O2 -Wa,-mbig-obj -c POPULATIONS//POPULATION_0003//INDIVIDUAL_95ZM3NHP/model.cpp -o POPULATIONS//POPULATION_0003//INDIVIDUAL_95ZM3NHP/model.o\ng++ -std=gnu++17 -shared -s -static-libgcc -o POPULATIONS//POPULATION_0003//INDIVIDUAL_95ZM3NHP/model.dll tmp.def POPULATIONS//POPULATION_0003//INDIVIDUAL_95ZM3NHP/model.o -LC:/rtools44/x86_64-w64-mingw32.static.posix/lib/x64 -LC:/rtools44/x86_64-w64-mingw32.static.posix/lib -LC:/Users/spi085/AppData/Local/Programs/R/R-4.4.1/bin/x64 -lR\nStarting model phases\nNumber of phases: 1 \nPhase 1 \nInitial parameter values for phase 1 :\n    attack_rate_slow     attack_rate_fast starfish_growth_rate \n                0.10                 0.15                 0.05 \n      log_sigma_slow       log_sigma_fast       log_sigma_cots \n                0.00                 0.00                 0.00 \n             mu_cots              mu_slow              mu_fast \n                1.00                50.00                50.00 \nFinal parameter values for phase 1 :\n    attack_rate_slow     attack_rate_fast starfish_growth_rate \n        1.147778e-08         1.047473e-08        -3.421606e+00 \n      log_sigma_slow       log_sigma_fast       log_sigma_cots \n       -2.497875e+01        -2.452183e+01         0.000000e+00 \n             mu_cots              mu_slow              mu_fast \n        1.000000e+00         5.000000e+01         5.000000e+01 \nConvergence message: function evaluation limit reached without convergence (9) \nNumber of iterations: 63 \nObjective function value: -789.6207 \nGradient at solution for phase 1 :\n         [,1]      [,2]          [,3]       [,4]       [,5] [,6] [,7] [,8] [,9]\n[1,] 290299.6 -10855.43 -0.0006462249 0.03616161 0.05587433    0    0    0    0\nFinal Phase\nInitial parameter values for final phase:\n    attack_rate_slow     attack_rate_fast starfish_growth_rate \n        1.147778e-08         1.047473e-08        -3.421606e+00 \n      log_sigma_slow       log_sigma_fast       log_sigma_cots \n       -2.497875e+01        -2.452183e+01         0.000000e+00 \n             mu_cots              mu_slow              mu_fast \n        1.000000e+00         5.000000e+01         5.000000e+01 \nFinal parameter values for final phase:\n    attack_rate_slow     attack_rate_fast starfish_growth_rate \n        1.085349e-08         1.049167e-08        -3.421606e+00 \n      log_sigma_slow       log_sigma_fast       log_sigma_cots \n       -2.497875e+01        -2.452183e+01         0.000000e+00 \n             mu_cots              mu_slow              mu_fast \n        1.000000e+00         5.000000e+01         5.000000e+01 \nConvergence message: false convergence (8) \nNumber of iterations: 9 \nObjective function value: -789.6208 \nGradient at solution for final phase:\n         [,1]     [,2]          [,3]       [,4]       [,5] [,6] [,7] [,8] [,9]\n[1,] 5.206097 3287.432 -0.0006207133 0.03616187 0.05587433    0    0    0    0\nAll phases completed\n\nDEBUG: Report contents:\n list()\nNULL\n\nDEBUG: Available variables in report:\nNULL\n\nChecking predictions and calculating objective function...\n\nDEBUG: Processing cots_pred \nDEBUG: cots_pred not found in report\nDEBUG: Available variables:  \n\nDEBUG: Calculating MSE for each variable:\n\nDEBUG: MSE values:\n   cots_dat    slow_dat    fast_dat     sst_dat cotsimm_dat \n         NA          NA          NA          NA          NA \n\nDEBUG: Final objective value (mean of MSEs): NaN \n\nFinal objective function value: NaN \n\nJSON_REPORT_START\n{\n  \"status\": \"SUCCESS\",\n  \"objective_value\": \"NaN\",\n  \"model_summary\": [\"            Length Class  Mode     \", \"par         9      -none- numeric  \", \"objective   1      -none- numeric  \", \"convergence 1      -none- numeric  \", \"iterations  1      -none- numeric  \", \"evaluations 2      -none- numeric  \", \"message     1      -none- character\"],\n  \"model_report\": [],\n  \"plot_data\": []\n}\nJSON_REPORT_END",
      "stderr": "Loading required package: TMB\nLoading required package: jsonlite\nhere() starts at C:/Users/spi085/OneDrive - CSIRO/Documents/_Projects/SCCP-QuantModelling\nusing C++ compiler: 'G__~1.EXE (GCC) 13.2.0'"
    },
    "7": {
      "status": "BROKEN"
    }
  }
}