{
  "iterations": {
    "1": {
      "status": "ERROR",
      "message": "Model failed to compile.",
      "stdout": "g++ -std=gnu++17  -I\"C:/Users/spi085/AppData/Local/Programs/R/R-4.4.1/include\" -DNDEBUG -I\"C:/Users/spi085/AppData/Local/Programs/R/R-44~1.1/library/TMB/include\" -I\"C:/Users/spi085/AppData/Local/Programs/R/R-44~1.1/library/RCPPEI~1/include\"   -DTMB_EIGEN_DISABLE_WARNINGS   -DTMB_LIB_INIT=R_init_model  -DCPPAD_FRAMEWORK    -I\"C:/rtools44/x86_64-w64-mingw32.static.posix/include\"     -O2 -Wa,-mbig-obj -c POPULATIONS//POPULATION_0027//INDIVIDUAL_4YC7GO7N/model.cpp -o POPULATIONS//POPULATION_0027//INDIVIDUAL_4YC7GO7N/model.o",
      "stderr": "Loading required package: TMB\nLoading required package: jsonlite\nhere() starts at C:/Users/spi085/OneDrive - CSIRO/Documents/_Projects/SCCP-QuantModelling\nusing C++ compiler: 'G__~1.EXE (GCC) 13.2.0'\nPOPULATIONS//POPULATION_0027//INDIVIDUAL_4YC7GO7N/model.cpp: In member function 'Type objective_function<Type>::operator()()':\nPOPULATIONS//POPULATION_0027//INDIVIDUAL_4YC7GO7N/model.cpp:109:33: error: 'Q_max' was not declared in this scope; did you mean 'g_max'?\n  109 |       Type uptake_regulation = (Q_max - Q)/(Q_max - Q_min + eps);\n      |                                 ^~~~~\n      |                                 g_max\nPOPULATIONS//POPULATION_0027//INDIVIDUAL_4YC7GO7N/model.cpp:109:53: error: 'Q_min' was not declared in this scope; did you mean 'min'?\n  109 |       Type uptake_regulation = (Q_max - Q)/(Q_max - Q_min + eps);\n      |                                                     ^~~~~\n      |                                                     min\nPOPULATIONS//POPULATION_0027//INDIVIDUAL_4YC7GO7N/model.cpp:110:16: error: 'V_max' was not declared in this scope; did you mean 'g_max'?\n  110 |       Type V = V_max * temp_scale * uptake_regulation * N/(K_N + N + eps);\n      |                ^~~~~\n      |                g_max\nmake: *** [C:/Users/spi085/AppData/Local/Programs/R/R-4.4.1/etc/x64/Makeconf:296: POPULATIONS//POPULATION_0027//INDIVIDUAL_4YC7GO7N/model.o] Error 1\nError in TMB::compile(file.path(individual_dir, model_file), flags = flags,  : \n  Compilation failed\nError: Compilation failed\nExecution halted"
    },
    "2": {
      "status": "ERROR",
      "message": "R script failed with return code 1",
      "stdout": "g++ -std=gnu++17  -I\"C:/Users/spi085/AppData/Local/Programs/R/R-4.4.1/include\" -DNDEBUG -I\"C:/Users/spi085/AppData/Local/Programs/R/R-44~1.1/library/TMB/include\" -I\"C:/Users/spi085/AppData/Local/Programs/R/R-44~1.1/library/RCPPEI~1/include\"   -DTMB_EIGEN_DISABLE_WARNINGS   -DTMB_LIB_INIT=R_init_model  -DCPPAD_FRAMEWORK    -I\"C:/rtools44/x86_64-w64-mingw32.static.posix/include\"     -O2 -Wa,-mbig-obj -c POPULATIONS//POPULATION_0027//INDIVIDUAL_4YC7GO7N/model.cpp -o POPULATIONS//POPULATION_0027//INDIVIDUAL_4YC7GO7N/model.o\ng++ -std=gnu++17 -shared -s -static-libgcc -o POPULATIONS//POPULATION_0027//INDIVIDUAL_4YC7GO7N/model.dll tmp.def POPULATIONS//POPULATION_0027//INDIVIDUAL_4YC7GO7N/model.o -LC:/rtools44/x86_64-w64-mingw32.static.posix/lib/x64 -LC:/rtools44/x86_64-w64-mingw32.static.posix/lib -LC:/Users/spi085/AppData/Local/Programs/R/R-4.4.1/bin/x64 -lR\nStarting model phases\nNumber of phases: 4 \nPhase 1 \nError in model phases: Error when reading the variable: 'Q_min'. Please check data and parameters.",
      "stderr": "Loading required package: TMB\nLoading required package: jsonlite\nhere() starts at C:/Users/spi085/OneDrive - CSIRO/Documents/_Projects/SCCP-QuantModelling\nusing C++ compiler: 'G__~1.EXE (GCC) 13.2.0'\nError in value[[3L]](cond) : \n  Error in model phases: Error when reading the variable: 'Q_min'. Please check data and parameters.\nCalls: tryCatch -> tryCatchList -> tryCatchOne -> <Anonymous>\nIn addition: Warning messages:\n1: In getParameterOrder(data, parameters, new.env(), DLL = DLL) :\n  Expected scalar. Got length=0\n2: In getParameterOrder(data, parameters, new.env(), DLL = DLL) :\n  Expected object. Got NULL.\nExecution halted"
    },
    "3": {
      "status": "ERROR",
      "message": "R script failed with return code 1",
      "stdout": "g++ -std=gnu++17  -I\"C:/Users/spi085/AppData/Local/Programs/R/R-4.4.1/include\" -DNDEBUG -I\"C:/Users/spi085/AppData/Local/Programs/R/R-44~1.1/library/TMB/include\" -I\"C:/Users/spi085/AppData/Local/Programs/R/R-44~1.1/library/RCPPEI~1/include\"   -DTMB_EIGEN_DISABLE_WARNINGS   -DTMB_LIB_INIT=R_init_model  -DCPPAD_FRAMEWORK    -I\"C:/rtools44/x86_64-w64-mingw32.static.posix/include\"     -O2 -Wa,-mbig-obj -c POPULATIONS//POPULATION_0027//INDIVIDUAL_4YC7GO7N/model.cpp -o POPULATIONS//POPULATION_0027//INDIVIDUAL_4YC7GO7N/model.o\ng++ -std=gnu++17 -shared -s -static-libgcc -o POPULATIONS//POPULATION_0027//INDIVIDUAL_4YC7GO7N/model.dll tmp.def POPULATIONS//POPULATION_0027//INDIVIDUAL_4YC7GO7N/model.o -LC:/rtools44/x86_64-w64-mingw32.static.posix/lib/x64 -LC:/rtools44/x86_64-w64-mingw32.static.posix/lib -LC:/Users/spi085/AppData/Local/Programs/R/R-4.4.1/bin/x64 -lR\nStarting model phases\nNumber of phases: 4 \nPhase 1 \nInitial parameter values for phase 1 :\nr_max g_max Q_min Q_max V_max \n 1.00  0.40  0.05  0.30  1.50 \nError in model phases: NA/NaN gradient evaluation",
      "stderr": "Loading required package: TMB\nLoading required package: jsonlite\nhere() starts at C:/Users/spi085/OneDrive - CSIRO/Documents/_Projects/SCCP-QuantModelling\nusing C++ compiler: 'G__~1.EXE (GCC) 13.2.0'\nError in value[[3L]](cond) : \n  Error in model phases: NA/NaN gradient evaluation\nCalls: tryCatch -> tryCatchList -> tryCatchOne -> <Anonymous>\nIn addition: Warning message:\nIn nlminb(model$par, model$fn, model$gr) : NA/NaN function evaluation\nExecution halted"
    },
    "4": {
      "status": "ERROR",
      "message": "Model failed to compile.",
      "stdout": "g++ -std=gnu++17  -I\"C:/Users/spi085/AppData/Local/Programs/R/R-4.4.1/include\" -DNDEBUG -I\"C:/Users/spi085/AppData/Local/Programs/R/R-44~1.1/library/TMB/include\" -I\"C:/Users/spi085/AppData/Local/Programs/R/R-44~1.1/library/RCPPEI~1/include\"   -DTMB_EIGEN_DISABLE_WARNINGS   -DTMB_LIB_INIT=R_init_model  -DCPPAD_FRAMEWORK    -I\"C:/rtools44/x86_64-w64-mingw32.static.posix/include\"     -O2 -Wa,-mbig-obj -c POPULATIONS//POPULATION_0027//INDIVIDUAL_4YC7GO7N/model.cpp -o POPULATIONS//POPULATION_0027//INDIVIDUAL_4YC7GO7N/model.o",
      "stderr": "Loading required package: TMB\nLoading required package: jsonlite\nhere() starts at C:/Users/spi085/OneDrive - CSIRO/Documents/_Projects/SCCP-QuantModelling\nusing C++ compiler: 'G__~1.EXE (GCC) 13.2.0'\nPOPULATIONS//POPULATION_0027//INDIVIDUAL_4YC7GO7N/model.cpp: In instantiation of 'Type objective_function<Type>::operator()() [with Type = CppAD::AD<double>]':\nC:/Users/spi085/AppData/Local/Programs/R/R-4.4.1/library/TMB/include/tmb_core.hpp:1308:6:   required from here\nPOPULATIONS//POPULATION_0027//INDIVIDUAL_4YC7GO7N/model.cpp:123:49: error: no matching function for call to 'min(CppAD::AD<double>, CppAD::AD<double>)'\n  123 |       Type quota_limitation = max(Type(0.0), min(Type(1.0), (Q - Q_min)/(Q_max - Q_min)));\n      |                                              ~~~^~~~~~~~~~~~~~~~~~~~~~~~~~~~~~~~~~~~~~~~\nIn file included from C:/Users/spi085/AppData/Local/Programs/R/R-4.4.1/library/TMB/include/TMB.hpp:215,\n                 from POPULATIONS//POPULATION_0027//INDIVIDUAL_4YC7GO7N/model.cpp:1:\nC:/Users/spi085/AppData/Local/Programs/R/R-4.4.1/library/TMB/include/convenience.hpp:156:6: note: candidate: 'template<class Type> Type min(const tmbutils::vector<Type>&)'\n  156 | Type min(const vector<Type> &x)\n      |      ^~~\nC:/Users/spi085/AppData/Local/Programs/R/R-4.4.1/library/TMB/include/convenience.hpp:156:6: note:   template argument deduction/substitution failed:\nPOPULATIONS//POPULATION_0027//INDIVIDUAL_4YC7GO7N/model.cpp:123:49: note:   'CppAD::AD<double>' is not derived from 'const tmbutils::vector<Type>'\n  123 |       Type quota_limitation = max(Type(0.0), min(Type(1.0), (Q - Q_min)/(Q_max - Q_min)));\n      |                                              ~~~^~~~~~~~~~~~~~~~~~~~~~~~~~~~~~~~~~~~~~~~\nPOPULATIONS//POPULATION_0027//INDIVIDUAL_4YC7GO7N/model.cpp: In instantiation of 'Type objective_function<Type>::operator()() [with Type = double]':\nC:/Users/spi085/AppData/Local/Programs/R/R-4.4.1/library/TMB/include/tmb_core.hpp:2031:7:   required from here\nPOPULATIONS//POPULATION_0027//INDIVIDUAL_4YC7GO7N/model.cpp:123:49: error: no matching function for call to 'min(double, double)'\nC:/Users/spi085/AppData/Local/Programs/R/R-4.4.1/library/TMB/include/convenience.hpp:156:6: note: candidate: 'template<class Type> Type min(const tmbutils::vector<Type>&)'\n  156 | Type min(const vector<Type> &x)\n      |      ^~~\nC:/Users/spi085/AppData/Local/Programs/R/R-4.4.1/library/TMB/include/convenience.hpp:156:6: note:   template argument deduction/substitution failed:\nPOPULATIONS//POPULATION_0027//INDIVIDUAL_4YC7GO7N/model.cpp:123:49: note:   mismatched types 'const tmbutils::vector<Type>' and 'double'\n  123 |       Type quota_limitation = max(Type(0.0), min(Type(1.0), (Q - Q_min)/(Q_max - Q_min)));\n      |                                              ~~~^~~~~~~~~~~~~~~~~~~~~~~~~~~~~~~~~~~~~~~~\nPOPULATIONS//POPULATION_0027//INDIVIDUAL_4YC7GO7N/model.cpp: In instantiation of 'Type objective_function<Type>::operator()() [with Type = CppAD::AD<CppAD::AD<double> >]':\nC:/Users/spi085/AppData/Local/Programs/R/R-4.4.1/library/TMB/include/tmb_core.hpp:913:29:   required from 'Type objective_function<Type>::evalUserTemplate() [with Type = CppAD::AD<CppAD::AD<double> >]'\nC:/Users/spi085/AppData/Local/Programs/R/R-4.4.1/library/TMB/include/tmb_core.hpp:2112:26:   required from here\nPOPULATIONS//POPULATION_0027//INDIVIDUAL_4YC7GO7N/model.cpp:123:49: error: no matching function for call to 'min(CppAD::AD<CppAD::AD<double> >, CppAD::AD<CppAD::AD<double> >)'\nC:/Users/spi085/AppData/Local/Programs/R/R-4.4.1/library/TMB/include/convenience.hpp:156:6: note: candidate: 'template<class Type> Type min(const tmbutils::vector<Type>&)'\n  156 | Type min(const vector<Type> &x)\n      |      ^~~\nC:/Users/spi085/AppData/Local/Programs/R/R-4.4.1/library/TMB/include/convenience.hpp:156:6: note:   template argument deduction/substitution failed:\nPOPULATIONS//POPULATION_0027//INDIVIDUAL_4YC7GO7N/model.cpp:123:49: note:   'CppAD::AD<CppAD::AD<double> >' is not derived from 'const tmbutils::vector<Type>'\n  123 |       Type quota_limitation = max(Type(0.0), min(Type(1.0), (Q - Q_min)/(Q_max - Q_min)));\n      |                                              ~~~^~~~~~~~~~~~~~~~~~~~~~~~~~~~~~~~~~~~~~~~\nPOPULATIONS//POPULATION_0027//INDIVIDUAL_4YC7GO7N/model.cpp: In instantiation of 'Type objective_function<Type>::operator()() [with Type = CppAD::AD<CppAD::AD<CppAD::AD<double> > >]':\nC:/Users/spi085/AppData/Local/Programs/R/R-4.4.1/library/TMB/include/tmb_core.hpp:913:29:   required from 'Type objective_function<Type>::evalUserTemplate() [with Type = CppAD::AD<CppAD::AD<CppAD::AD<double> > >]'\nC:/Users/spi085/AppData/Local/Programs/R/R-4.4.1/library/TMB/include/tmb_core.hpp:2361:28:   required from here\nPOPULATIONS//POPULATION_0027//INDIVIDUAL_4YC7GO7N/model.cpp:123:49: error: no matching function for call to 'min(CppAD::AD<CppAD::AD<CppAD::AD<double> > >, CppAD::AD<CppAD::AD<CppAD::AD<double> > >)'\nC:/Users/spi085/AppData/Local/Programs/R/R-4.4.1/library/TMB/include/convenience.hpp:156:6: note: candidate: 'template<class Type> Type min(const tmbutils::vector<Type>&)'\n  156 | Type min(const vector<Type> &x)\n      |      ^~~\nC:/Users/spi085/AppData/Local/Programs/R/R-4.4.1/library/TMB/include/convenience.hpp:156:6: note:   template argument deduction/substitution failed:\nPOPULATIONS//POPULATION_0027//INDIVIDUAL_4YC7GO7N/model.cpp:123:49: note:   'CppAD::AD<CppAD::AD<CppAD::AD<double> > >' is not derived from 'const tmbutils::vector<Type>'\n  123 |       Type quota_limitation = max(Type(0.0), min(Type(1.0), (Q - Q_min)/(Q_max - Q_min)));\n      |                                              ~~~^~~~~~~~~~~~~~~~~~~~~~~~~~~~~~~~~~~~~~~~\nmake: *** [C:/Users/spi085/AppData/Local/Programs/R/R-4.4.1/etc/x64/Makeconf:296: POPULATIONS//POPULATION_0027//INDIVIDUAL_4YC7GO7N/model.o] Error 1\nError in TMB::compile(file.path(individual_dir, model_file), flags = flags,  : \n  Compilation failed\nError: Compilation failed\nExecution halted"
    },
    "5": {
      "status": "ERROR",
      "message": "R script failed with return code 1",
      "stdout": "g++ -std=gnu++17  -I\"C:/Users/spi085/AppData/Local/Programs/R/R-4.4.1/include\" -DNDEBUG -I\"C:/Users/spi085/AppData/Local/Programs/R/R-44~1.1/library/TMB/include\" -I\"C:/Users/spi085/AppData/Local/Programs/R/R-44~1.1/library/RCPPEI~1/include\"   -DTMB_EIGEN_DISABLE_WARNINGS   -DTMB_LIB_INIT=R_init_model  -DCPPAD_FRAMEWORK    -I\"C:/rtools44/x86_64-w64-mingw32.static.posix/include\"     -O2 -Wa,-mbig-obj -c POPULATIONS//POPULATION_0027//INDIVIDUAL_4YC7GO7N/model.cpp -o POPULATIONS//POPULATION_0027//INDIVIDUAL_4YC7GO7N/model.o\ng++ -std=gnu++17 -shared -s -static-libgcc -o POPULATIONS//POPULATION_0027//INDIVIDUAL_4YC7GO7N/model.dll tmp.def POPULATIONS//POPULATION_0027//INDIVIDUAL_4YC7GO7N/model.o -LC:/rtools44/x86_64-w64-mingw32.static.posix/lib/x64 -LC:/rtools44/x86_64-w64-mingw32.static.posix/lib -LC:/Users/spi085/AppData/Local/Programs/R/R-4.4.1/bin/x64 -lR\nStarting model phases\nNumber of phases: 4 \nPhase 1 \nInitial parameter values for phase 1 :\nr_max g_max Q_min Q_max V_max \n 1.00  0.40  0.05  0.30  1.50 \nFinal parameter values for phase 1 :\n      r_max       g_max       Q_min       Q_max       V_max \n1.000000000 0.000277671 0.050000000 0.300000000 1.500000000 \nConvergence message: both X-convergence and relative convergence (5) \nNumber of iterations: 14 \nObjective function value: 278853.9 \nGradient at solution for phase 1 :\n     [,1]       [,2] [,3] [,4] [,5]\n[1,]    0 0.01597631    0    0    0\nPhase 2 \nInitial parameter values for phase 2 :\n       K_N        K_P alpha_base  alpha_max    K_alpha      m_P_N        s_P \n      0.10       0.20       0.20       0.30       0.10       0.15       0.15 \n   s_P_max      m_Z_N        r_D      I_opt       beta        k_w        E_p \n      0.30       0.10       0.10     150.00       0.10       0.20       0.45 \nFinal parameter values for phase 2 :\n          K_N           K_P    alpha_base     alpha_max       K_alpha \n 2.734174e-04  1.725160e-03  2.960518e-01  3.773567e-01  2.678698e-02 \n        m_P_N           s_P       s_P_max         m_Z_N           r_D \n 1.072760e-01 -9.225603e-02  2.572760e-01 -4.290718e-02  2.604693e-05 \n        I_opt          beta           k_w           E_p \n 1.500000e+02  1.000000e-01  2.000000e-01  4.500000e-01 \nConvergence message: function evaluation limit reached without convergence (9) \nNumber of iterations: 102 \nObjective function value: 3962.605 \nGradient at solution for phase 2 :\n          [,1]      [,2]      [,3]      [,4]     [,5]     [,6]     [,7]\n[1,] -30847.92 -1422.439 -75.40968 -70.24528 38.37168 13.32882 19733.39\n         [,8]     [,9]     [,10] [,11] [,12] [,13] [,14]\n[1,] 13.32882 188.5728 -54810.14     0     0     0     0\nPhase 3 \nInitial parameter values for phase 3 :\n m_P  m_Z \n0.10 0.05 \nFinal parameter values for phase 3 :\n         m_P          m_Z \n0.0996288821 0.0004865377 \nConvergence message: relative convergence (4) \nNumber of iterations: 20 \nObjective function value: 3422.73 \nGradient at solution for phase 3 :\n           [,1]      [,2]\n[1,] -0.3315849 -1.047572\nPhase 4 \nInitial parameter values for phase 4 :\nsigma_N sigma_P sigma_Z \n    0.2     0.2     0.2 \nFinal parameter values for phase 4 :\n  sigma_N   sigma_P   sigma_Z \n0.9310347 0.7017241 0.4850037 \nConvergence message: relative convergence (4) \nNumber of iterations: 17 \nObjective function value: 725.9835 \nGradient at solution for phase 4 :\n             [,1]          [,2]        [,3]\n[1,] -0.002828943 -3.938842e-05 0.000107132\nFinal Phase\nInitial parameter values for final phase:\n        r_max           K_N         g_max           K_P    alpha_base \n 1.000000e+00  2.734174e-04  2.776710e-04  1.725160e-03  2.960518e-01 \n    alpha_max       K_alpha           m_P         m_P_N           s_P \n 3.773567e-01  2.678698e-02  9.962888e-02  1.072760e-01 -9.225603e-02 \n      s_P_max           m_Z         m_Z_N           r_D       sigma_N \n 2.572760e-01  4.865377e-04 -4.290718e-02  2.604693e-05  9.310347e-01 \n      sigma_P       sigma_Z         I_opt          beta           k_w \n 7.017241e-01  4.850037e-01  1.500000e+02  1.000000e-01  2.000000e-01 \n          E_p         Q_min         Q_max         V_max \n 4.500000e-01  5.000000e-02  3.000000e-01  1.500000e+00 \nFinal parameter values for final phase:\n        r_max           K_N         g_max           K_P    alpha_base \n 1.000000e+00  1.251869e-02  6.237633e-02  1.532990e-01  9.561144e-01 \n    alpha_max       K_alpha           m_P         m_P_N           s_P \n 9.395742e-01  2.457501e-02  3.135629e-02  2.604532e+00 -2.025115e-01 \n      s_P_max           m_Z         m_Z_N           r_D       sigma_N \n 2.754532e+00  1.373037e+00 -3.227386e+00  5.627604e-04  9.943871e-01 \n      sigma_P       sigma_Z         I_opt          beta           k_w \n 6.074162e-01  1.181235e-01  1.500000e+02  1.000000e-01  2.000000e-01 \n          E_p         Q_min         Q_max         V_max \n 4.500000e-01  5.000000e-02  3.000000e-01  1.500000e+00 \nConvergence message: function evaluation limit reached without convergence (9) \nNumber of iterations: 119 \nObjective function value: 363.0813 \nGradient at solution for final phase:\n     [,1]     [,2]     [,3]     [,4]     [,5]       [,6]      [,7]     [,8]\n[1,]    0 2541.222 -308.819 2.165269 5.348379 -0.2078045 -2.765995 175.8178\n         [,9]    [,10]    [,11]   [,12]     [,13]    [,14]    [,15]    [,16]\n[1,] 4.462757 182.4876 4.462757 16.5532 -3.153403 566.8025 6.919806 2.599551\n        [,17] [,18] [,19] [,20] [,21] [,22] [,23] [,24]\n[1,] 144.4436     0     0     0     0     0     0     0\nAll phases completed",
      "stderr": "Loading required package: TMB\nLoading required package: jsonlite\nhere() starts at C:/Users/spi085/OneDrive - CSIRO/Documents/_Projects/SCCP-QuantModelling\nusing C++ compiler: 'G__~1.EXE (GCC) 13.2.0'\nThere were 50 or more warnings (use warnings() to see the first 50)\nError in `$<-.data.frame`(`*tmp*`, \"found_value\", value = c(NA, NA, NA,  : \n  replacement has 4 rows, data has 25\nCalls: $<- -> $<-.data.frame\nExecution halted"
    },
    "6": {
      "status": "ERROR",
      "message": "R script failed with return code 1",
      "stdout": "g++ -std=gnu++17  -I\"C:/Users/spi085/AppData/Local/Programs/R/R-4.4.1/include\" -DNDEBUG -I\"C:/Users/spi085/AppData/Local/Programs/R/R-44~1.1/library/TMB/include\" -I\"C:/Users/spi085/AppData/Local/Programs/R/R-44~1.1/library/RCPPEI~1/include\"   -DTMB_EIGEN_DISABLE_WARNINGS   -DTMB_LIB_INIT=R_init_model  -DCPPAD_FRAMEWORK    -I\"C:/rtools44/x86_64-w64-mingw32.static.posix/include\"     -O2 -Wa,-mbig-obj -c POPULATIONS//POPULATION_0027//INDIVIDUAL_4YC7GO7N/model.cpp -o POPULATIONS//POPULATION_0027//INDIVIDUAL_4YC7GO7N/model.o\ng++ -std=gnu++17 -shared -s -static-libgcc -o POPULATIONS//POPULATION_0027//INDIVIDUAL_4YC7GO7N/model.dll tmp.def POPULATIONS//POPULATION_0027//INDIVIDUAL_4YC7GO7N/model.o -LC:/rtools44/x86_64-w64-mingw32.static.posix/lib/x64 -LC:/rtools44/x86_64-w64-mingw32.static.posix/lib -LC:/Users/spi085/AppData/Local/Programs/R/R-4.4.1/bin/x64 -lR\nStarting model phases\nNumber of phases: 4 \nPhase 1 \nInitial parameter values for phase 1 :\nr_max g_max Q_min Q_max V_max \n 1.00  0.40  0.05  0.30  1.50 \nFinal parameter values for phase 1 :\n    r_max     g_max     Q_min     Q_max     V_max \n1.0000000 0.6782554 0.1749733 0.1749734 2.9880341 \nConvergence message: relative convergence (4) \nNumber of iterations: 46 \nObjective function value: 38428.24 \nGradient at solution for phase 1 :\n     [,1]       [,2]      [,3]     [,4]        [,5]\n[1,]    0 0.03667029 -995337.4 995337.4 -0.01695682\nPhase 2 \nInitial parameter values for phase 2 :\n       K_N        K_P alpha_base  alpha_max    K_alpha      m_P_N        s_P \n      0.10       0.20       0.20       0.30       0.10       0.15       0.15 \n   s_P_max      m_Z_N        r_D      I_opt       beta        k_w        E_p \n      0.30       0.10       0.10     150.00       0.10       0.20       0.45 \nFinal parameter values for phase 2 :\n          K_N           K_P    alpha_base     alpha_max       K_alpha \n  0.121165633   0.133172010   0.007680742   0.328395523   0.071372533 \n        m_P_N           s_P       s_P_max         m_Z_N           r_D \n  0.222233057  -0.288889850   0.372233057   0.094263101   0.300515156 \n        I_opt          beta           k_w           E_p \n150.000000000   0.100000000   0.200000000   0.450000000 \nConvergence message: both X-convergence and relative convergence (5) \nNumber of iterations: 97 \nObjective function value: 576.3966 \nGradient at solution for phase 2 :\n            [,1]        [,2]        [,3]         [,4]         [,5]         [,6]\n[1,] -0.00329203 -0.01168815 0.002391099 0.0002719409 -0.002361427 -0.007542094\n            [,7]         [,8]        [,9]        [,10] [,11] [,12] [,13] [,14]\n[1,] -0.01911061 -0.007542094 -0.02128429 -0.001028451     0     0     0     0\nPhase 3 \nInitial parameter values for phase 3 :\n m_P  m_Z \n0.10 0.05 \nFinal parameter values for phase 3 :\n        m_P         m_Z \n0.228234102 0.001931413 \nConvergence message: relative convergence (4) \nNumber of iterations: 21 \nObjective function value: 1592.123 \nGradient at solution for phase 3 :\n              [,1]        [,2]\n[1,] -0.0004754441 0.002793972\nPhase 4 \nInitial parameter values for phase 4 :\nsigma_N sigma_P sigma_Z \n    0.2     0.2     0.2 \nFinal parameter values for phase 4 :\n  sigma_N   sigma_P   sigma_Z \n1.1063797 7.3400254 0.5663458 \nConvergence message: relative convergence (4) \nNumber of iterations: 26 \nObjective function value: 1184.893 \nGradient at solution for phase 4 :\n             [,1]          [,2]        [,3]\n[1,] 2.064709e-05 -3.290985e-06 3.42036e-05\nFinal Phase\nInitial parameter values for final phase:\n        r_max           K_N         g_max           K_P    alpha_base \n  1.000000000   0.121165633   0.678255402   0.133172010   0.007680742 \n    alpha_max       K_alpha           m_P         m_P_N           s_P \n  0.328395523   0.071372533   0.228234102   0.222233057  -0.288889850 \n      s_P_max           m_Z         m_Z_N           r_D       sigma_N \n  0.372233057   0.001931413   0.094263101   0.300515156   1.106379660 \n      sigma_P       sigma_Z         I_opt          beta           k_w \n  7.340025367   0.566345806 150.000000000   0.100000000   0.200000000 \n          E_p         Q_min         Q_max         V_max \n  0.450000000   0.174973333   0.174973374   2.988034098 \nFinal parameter values for final phase:\n       r_max          K_N        g_max          K_P   alpha_base    alpha_max \n  1.00000000   0.11855572   0.94719214   0.13343985   0.09269759   0.16920380 \n     K_alpha          m_P        m_P_N          s_P      s_P_max          m_Z \n  0.21451570   0.04337800   0.21255211  -0.31266072   0.36255212   0.00409229 \n       m_Z_N          r_D      sigma_N      sigma_P      sigma_Z        I_opt \n  0.09196585   0.67314385   0.54684238   7.08612304   0.12115166 150.00000000 \n        beta          k_w          E_p        Q_min        Q_max        V_max \n  0.10000000   0.20000000   0.45000000   0.17497331   0.17497335   3.02241577 \nConvergence message: function evaluation limit reached without convergence (9) \nNumber of iterations: 52 \nObjective function value: 653.3435 \nGradient at solution for final phase:\n     [,1]     [,2]     [,3]      [,4]    [,5]     [,6]      [,7]    [,8]\n[1,]    0 7146.171 1476.904 -10593.17 9339.13 3412.594 -1616.933 -2069.6\n         [,9]    [,10]    [,11]    [,12]     [,13]    [,14]    [,15]    [,16]\n[1,] 3890.326 9630.859 3890.326 -3724.35 -5590.295 431.2252 -159.776 28.03577\n        [,17] [,18] [,19] [,20] [,21]    [,22]     [,23]       [,24]\n[1,] 488.1063     0     0     0     0 21986.37 -21986.37 0.000336276\nAll phases completed",
      "stderr": "Loading required package: TMB\nLoading required package: jsonlite\nhere() starts at C:/Users/spi085/OneDrive - CSIRO/Documents/_Projects/SCCP-QuantModelling\nusing C++ compiler: 'G__~1.EXE (GCC) 13.2.0'\nThere were 23 warnings (use warnings() to see them)\nError in `$<-.data.frame`(`*tmp*`, \"found_value\", value = c(NA, NA, NA,  : \n  replacement has 4 rows, data has 25\nCalls: $<- -> $<-.data.frame\nExecution halted"
    },
    "7": {
      "status": "BROKEN"
    }
  }
}