{
  "iterations": {
    "1": {
      "status": "ERROR",
      "message": "R script failed with return code 1",
      "stdout": "g++ -std=gnu++17  -I\"C:/Users/spi085/AppData/Local/Programs/R/R-4.4.1/include\" -DNDEBUG -I\"C:/Users/spi085/AppData/Local/Programs/R/R-44~1.1/library/TMB/include\" -I\"C:/Users/spi085/AppData/Local/Programs/R/R-44~1.1/library/RCPPEI~1/include\"   -DTMB_EIGEN_DISABLE_WARNINGS   -DTMB_LIB_INIT=R_init_model  -DCPPAD_FRAMEWORK    -I\"C:/rtools44/x86_64-w64-mingw32.static.posix/include\"     -O2 -Wa,-mbig-obj -c POPULATIONS//POPULATION_0023//INDIVIDUAL_XRSA2NEL/model.cpp -o POPULATIONS//POPULATION_0023//INDIVIDUAL_XRSA2NEL/model.o\ng++ -std=gnu++17 -shared -s -static-libgcc -o POPULATIONS//POPULATION_0023//INDIVIDUAL_XRSA2NEL/model.dll tmp.def POPULATIONS//POPULATION_0023//INDIVIDUAL_XRSA2NEL/model.o -LC:/rtools44/x86_64-w64-mingw32.static.posix/lib/x64 -LC:/rtools44/x86_64-w64-mingw32.static.posix/lib -LC:/Users/spi085/AppData/Local/Programs/R/R-4.4.1/bin/x64 -lR",
      "stderr": "Loading required package: TMB\nLoading required package: jsonlite\nhere() starts at C:/Users/spi085/OneDrive - CSIRO/Documents/_Projects/SCCP-QuantModelling\nusing C++ compiler: 'G__~1.EXE (GCC) 13.2.0'\nC:\\rtools44\\x86_64-w64-mingw32.static.posix\\bin/ld.exe: cannot export _ZN12report_stackIN5CppAD2ADINS1_INS1_IdEEEEEEE4pushES4_PKc: symbol not defined\nC:\\rtools44\\x86_64-w64-mingw32.static.posix\\bin/ld.exe: cannot export _ZN12report_stackIN5CppAD2ADINS1_INS1_IdEEEEEEE4pushIN8tmbutils6vectorIS4_EEEEvT_PKc: symbol not defined\nC:\\rtools44\\x86_64-w64-mingw32.static.posix\\bin/ld.exe: cannot export _ZN12report_stackIN5CppAD2ADINS1_IdEEEEE4pushES3_PKc: symbol not defined\nC:\\rtools44\\x86_64-w64-mingw32.static.posix\\bin/ld.exe: cannot export _ZN12report_stackIN5CppAD2ADINS1_IdEEEEE4pushIN8tmbutils6vectorIS3_EEEEvT_PKc: symbol not defined\nC:\\rtools44\\x86_64-w64-mingw32.static.posix\\bin/ld.exe: cannot export _ZN12report_stackIN5CppAD2ADIdEEE4pushES2_PKc: symbol not defined\nC:\\rtools44\\x86_64-w64-mingw32.static.posix\\bin/ld.exe: cannot export _ZN12report_stackIN5CppAD2ADIdEEE4pushIN8tmbutils6vectorIS2_EEEEvT_PKc: symbol not defined\nC:\\rtools44\\x86_64-w64-mingw32.static.posix\\bin/ld.exe: cannot export _ZN12report_stackIdE4pushEdPKc: symbol not defined\nC:\\rtools44\\x86_64-w64-mingw32.static.posix\\bin/ld.exe: cannot export _ZN12report_stackIdE4pushIN8tmbutils6vectorIdEEEEvT_PKc: symbol not defined\nC:\\rtools44\\x86_64-w64-mingw32.static.posix\\bin/ld.exe: cannot export _ZN5CppAD3powINS_2ADINS1_IdEEEEEENS1_IT_EERKS5_S7_: symbol not defined\nC:\\rtools44\\x86_64-w64-mingw32.static.posix\\bin/ld.exe: cannot export _ZN5CppADgtINS_2ADINS1_IdEEEEEEbRKNS1_IT_EES7_: symbol not defined\nC:\\rtools44\\x86_64-w64-mingw32.static.posix\\bin/ld.exe: cannot export _ZN5CppADgtINS_2ADIdEEEEbRKNS1_IT_EES6_: symbol not defined\nC:\\rtools44\\x86_64-w64-mingw32.static.posix\\bin/ld.exe: cannot export _ZNK5CppAD2ADINS0_INS0_IdEEEEE3expEv: symbol not defined\nC:\\rtools44\\x86_64-w64-mingw32.static.posix\\bin/ld.exe: cannot export _ZNK5CppAD2ADINS0_INS0_IdEEEEE3logEv: symbol not defined\nC:\\rtools44\\x86_64-w64-mingw32.static.posix\\bin/ld.exe: cannot export _ZNK5CppAD2ADINS0_IdEEE3expEv: symbol not defined\nC:\\rtools44\\x86_64-w64-mingw32.static.posix\\bin/ld.exe: cannot export _ZNSt6vectorIN8tmbutils6vectorIiEESaIS2_EE17_M_realloc_insertIJS2_EEEvN9__gnu_cxx17__normal_iteratorIPS2_S4_EEDpOT_: symbol not defined\nC:\\rtools44\\x86_64-w64-mingw32.static.posix\\bin/ld.exe: cannot export _ZNSt6vectorIPKcSaIS1_EE17_M_realloc_insertIJRKS1_EEEvN9__gnu_cxx17__normal_iteratorIPS1_S3_EEDpOT_: symbol not defined\ncollect2.exe: error: ld returned 1 exit status\nError in inDL(x, as.logical(local), as.logical(now), ...) : \n  unable to load shared object 'C:/Users/spi085/OneDrive - CSIRO/Documents/_Projects/SCCP-QuantModelling/POPULATIONS//POPULATION_0023//INDIVIDUAL_XRSA2NEL/model.dll':\n  LoadLibrary failure:  The specified module could not be found.\nCalls: dyn.load -> inDL\nExecution halted"
    },
    "2": {
      "status": "ERROR",
      "message": "Model failed to compile.",
      "stdout": "g++ -std=gnu++17  -I\"C:/Users/spi085/AppData/Local/Programs/R/R-4.4.1/include\" -DNDEBUG -I\"C:/Users/spi085/AppData/Local/Programs/R/R-44~1.1/library/TMB/include\" -I\"C:/Users/spi085/AppData/Local/Programs/R/R-44~1.1/library/RCPPEI~1/include\"   -DTMB_EIGEN_DISABLE_WARNINGS   -DTMB_LIB_INIT=R_init_model  -DCPPAD_FRAMEWORK    -I\"C:/rtools44/x86_64-w64-mingw32.static.posix/include\"     -O2 -Wa,-mbig-obj -c POPULATIONS//POPULATION_0023//INDIVIDUAL_XRSA2NEL/model.cpp -o POPULATIONS//POPULATION_0023//INDIVIDUAL_XRSA2NEL/model.o",
      "stderr": "Loading required package: TMB\nLoading required package: jsonlite\nhere() starts at C:/Users/spi085/OneDrive - CSIRO/Documents/_Projects/SCCP-QuantModelling\nusing C++ compiler: 'G__~1.EXE (GCC) 13.2.0'\nPOPULATIONS//POPULATION_0023//INDIVIDUAL_XRSA2NEL/model.cpp:3:10: fatal error: tmbutils/utils.hpp: No such file or directory\n    3 | #include <tmbutils/utils.hpp>\n      |          ^~~~~~~~~~~~~~~~~~~~\ncompilation terminated.\nmake: *** [C:/Users/spi085/AppData/Local/Programs/R/R-4.4.1/etc/x64/Makeconf:296: POPULATIONS//POPULATION_0023//INDIVIDUAL_XRSA2NEL/model.o] Error 1\nError in TMB::compile(file.path(individual_dir, model_file), flags = flags,  : \n  Compilation failed\nError: Compilation failed\nExecution halted"
    },
    "3": {
      "status": "SUCCESS",
      "objective_value": "NaN",
      "model_summary": [
        "            Length Class  Mode     ",
        "par         16     -none- numeric  ",
        "objective    1     -none- numeric  ",
        "convergence  1     -none- numeric  ",
        "iterations   1     -none- numeric  ",
        "evaluations  2     -none- numeric  ",
        "message      1     -none- character"
      ],
      "model_report": {
        "fast": [
          12.7726,
          12.2619,
          12.4163,
          12.4814,
          12.5429,
          12.4973,
          12.4498,
          12.2828,
          12.1115,
          11.8175,
          11.5109,
          11.0896,
          10.6431,
          10.0994,
          9.5188,
          8.8638,
          8.1683,
          7.4226,
          6.6451,
          5.8425,
          5.0287,
          4.217,
          3.4219,
          2.6578,
          1.9377,
          1.2693
        ],
        "slow": [
          10.0694,
          19.1413,
          18.2086,
          18.9798,
          17.9379,
          18.7505,
          17.6835,
          18.4342,
          17.445,
          18.0234,
          17.1985,
          17.5248,
          16.8977,
          16.953,
          16.4854,
          16.3114,
          15.9111,
          15.5694,
          15.1318,
          14.6484,
          14.0803,
          13.407,
          12.5855,
          11.5418,
          10.1309,
          8.024
        ],
        "cots": [
          0.2615,
          0.2717,
          0.2824,
          0.2935,
          0.3049,
          0.3169,
          0.3293,
          0.3422,
          0.3556,
          0.3695,
          0.384,
          0.399,
          0.4147,
          0.4309,
          0.4478,
          0.4653,
          0.4836,
          0.5025,
          0.5222,
          0.5426,
          0.5639,
          0.586,
          0.6089,
          0.6328,
          0.6576,
          0.6833
        ]
      },
      "plot_data": [],
      "stdout": "g++ -std=gnu++17  -I\"C:/Users/spi085/AppData/Local/Programs/R/R-4.4.1/include\" -DNDEBUG -I\"C:/Users/spi085/AppData/Local/Programs/R/R-44~1.1/library/TMB/include\" -I\"C:/Users/spi085/AppData/Local/Programs/R/R-44~1.1/library/RCPPEI~1/include\"   -DTMB_EIGEN_DISABLE_WARNINGS   -DTMB_LIB_INIT=R_init_model  -DCPPAD_FRAMEWORK    -I\"C:/rtools44/x86_64-w64-mingw32.static.posix/include\"     -O2 -Wa,-mbig-obj -c POPULATIONS//POPULATION_0023//INDIVIDUAL_XRSA2NEL/model.cpp -o POPULATIONS//POPULATION_0023//INDIVIDUAL_XRSA2NEL/model.o\ng++ -std=gnu++17 -shared -s -static-libgcc -o POPULATIONS//POPULATION_0023//INDIVIDUAL_XRSA2NEL/model.dll tmp.def POPULATIONS//POPULATION_0023//INDIVIDUAL_XRSA2NEL/model.o -LC:/rtools44/x86_64-w64-mingw32.static.posix/lib/x64 -LC:/rtools44/x86_64-w64-mingw32.static.posix/lib -LC:/Users/spi085/AppData/Local/Programs/R/R-4.4.1/bin/x64 -lR\nStarting model phases\nNumber of phases: 4 \nPhase 1 \nInitial parameter values for phase 1 :\n r_max d_cots e_cots r_slow r_fast \n   0.8    0.3    0.1    0.4    0.6 \nFinal parameter values for phase 1 :\n     r_max     d_cots     e_cots     r_slow     r_fast \n 0.6766716  0.2486142  0.2802683 -0.1396639 -0.1171154 \nConvergence message: function evaluation limit reached without convergence (9) \nNumber of iterations: 87 \nObjective function value: 283462.7 \nGradient at solution for phase 1 :\n          [,1]     [,2]       [,3]      [,4]      [,5]\n[1,] -98793761 73563967 -279486354 460542223 469143529\nPhase 2 \nInitial parameter values for phase 2 :\ncotsimm_eff      K_cots   pref_slow   pref_fast      K_slow      K_fast \n        0.5         2.0         0.7         0.3        50.0        30.0 \n sst_effect \n        0.1 \nFinal parameter values for phase 2 :\ncotsimm_eff      K_cots   pref_slow   pref_fast      K_slow      K_fast \n  0.4896858   1.9373348   0.6771332   0.2822235  49.5810743  29.9219682 \n sst_effect \n  0.1005923 \nConvergence message: function evaluation limit reached without convergence (9) \nNumber of iterations: 65 \nObjective function value: 280671.6 \nGradient at solution for phase 2 :\n           [,1]     [,2]      [,3]      [,4]      [,5]      [,6]        [,7]\n[1,] -131249585 -4632802 -65628452 157461038 -154374.1 -674992.9 -1626529304\nPhase 3 \nInitial parameter values for phase 3 :\nsigma_cots sigma_slow sigma_fast \n      0.20       0.10       0.15 \nFinal parameter values for phase 3 :\nsigma_cots sigma_slow sigma_fast \n  1.953867  15.675114   8.234915 \nConvergence message: relative convergence (4) \nNumber of iterations: 40 \nObjective function value: 244.6858 \nGradient at solution for phase 3 :\n             [,1]         [,2]          [,3]\n[1,] 1.940222e-05 3.230259e-06 -7.309259e-06\nPhase 4 \nInitial parameter values for phase 4 :\nmin_sigma \n     0.05 \nFinal parameter values for phase 4 :\n min_sigma \n0.04999769 \nConvergence message: relative convergence (4) \nNumber of iterations: 2 \nObjective function value: 244.6858 \nGradient at solution for phase 4 :\n             [,1]\n[1,] 4.425394e-07\nFinal Phase\nInitial parameter values for final phase:\ncotsimm_eff       r_max      K_cots      d_cots   pref_slow   pref_fast \n 0.48968580  0.67667160  1.93733484  0.24861417  0.67713317  0.28222348 \n     e_cots      r_slow      K_slow      r_fast      K_fast  sst_effect \n 0.28026832 -0.13966395 49.58107429 -0.11711542 29.92196823  0.10059228 \n sigma_cots  sigma_slow  sigma_fast   min_sigma \n 1.95386734 15.67511425  8.23491477  0.04999769 \nFinal parameter values for final phase:\n cotsimm_eff        r_max       K_cots       d_cots    pref_slow    pref_fast \n  0.12800204   0.41460266   1.92417112  -0.03916741  23.69486920   6.73899447 \n      e_cots       r_slow       K_slow       r_fast       K_fast   sst_effect \n 25.92825464   2.65351953  21.24405259   0.11050550 144.76269545  -4.39280518 \n  sigma_cots   sigma_slow   sigma_fast    min_sigma \n -0.21060896   8.93675164   2.73437983   0.47445173 \nConvergence message: iteration limit reached without convergence (10) \nNumber of iterations: 150 \nObjective function value: 170.3342 \nGradient at solution for final phase:\n              [,1]          [,2]          [,3]      [,4]        [,5]      [,6]\n[1,] -1.190377e-47 -3.675102e-48 -1.277242e-49 -12.28353 -0.03373692 0.1186219\n           [,7]      [,8]        [,9]     [,10]         [,11]         [,12]\n[1,] 0.05084547 -0.121161 -0.05215565 -7.039083 -0.0006878407 -3.841615e-47\n           [,13]         [,14]        [,15]      [,16]\n[1,] -0.02131929 -0.0003537281 -0.006868724 0.04681667\nAll phases completed\n\nRunning model validation...\nNo test data available (train_test_split >= 1.0)\nNULL\n\nDEBUG: Report contents:\nList of 3\n $ fast: num [1:26] 12.8 12.3 12.4 12.5 12.5 ...\n $ slow: num [1:26] 10.1 19.1 18.2 19 17.9 ...\n $ cots: num [1:26] 0.262 0.272 0.282 0.293 0.305 ...\nNULL\n\nDEBUG: Available variables in report:\n[1] \"fast\" \"slow\" \"cots\"\n\nChecking predictions and calculating objective function...\n\nDEBUG: Processing cots_pred \nDEBUG: cots_pred not found in report\nDEBUG: Available variables: fast, slow, cots \n\nDEBUG: Using the following variables for objective function:\ncots_dat -> cots_pred\nslow_dat -> slow_pred\nfast_dat -> fast_pred\n\nDEBUG: Calculating MSE for prediction variables only:\n\nDEBUG: MSE values:\ncots_dat slow_dat fast_dat \n      NA       NA       NA \n\nDEBUG: Final objective value (mean of MSEs): NaN \n\nFinal objective function value: NaN \n\nJSON_REPORT_START\n{\n  \"status\": \"SUCCESS\",\n  \"objective_value\": \"NaN\",\n  \"model_summary\": [\"            Length Class  Mode     \", \"par         16     -none- numeric  \", \"objective    1     -none- numeric  \", \"convergence  1     -none- numeric  \", \"iterations   1     -none- numeric  \", \"evaluations  2     -none- numeric  \", \"message      1     -none- character\"],\n  \"model_report\": {\n    \"fast\": [12.7726, 12.2619, 12.4163, 12.4814, 12.5429, 12.4973, 12.4498, 12.2828, 12.1115, 11.8175, 11.5109, 11.0896, 10.6431, 10.0994, 9.5188, 8.8638, 8.1683, 7.4226, 6.6451, 5.8425, 5.0287, 4.217, 3.4219, 2.6578, 1.9377, 1.2693],\n    \"slow\": [10.0694, 19.1413, 18.2086, 18.9798, 17.9379, 18.7505, 17.6835, 18.4342, 17.445, 18.0234, 17.1985, 17.5248, 16.8977, 16.953, 16.4854, 16.3114, 15.9111, 15.5694, 15.1318, 14.6484, 14.0803, 13.407, 12.5855, 11.5418, 10.1309, 8.024],\n    \"cots\": [0.2615, 0.2717, 0.2824, 0.2935, 0.3049, 0.3169, 0.3293, 0.3422, 0.3556, 0.3695, 0.384, 0.399, 0.4147, 0.4309, 0.4478, 0.4653, 0.4836, 0.5025, 0.5222, 0.5426, 0.5639, 0.586, 0.6089, 0.6328, 0.6576, 0.6833]\n  },\n  \"plot_data\": []\n}\nJSON_REPORT_END",
      "stderr": "Loading required package: TMB\nLoading required package: jsonlite\nhere() starts at C:/Users/spi085/OneDrive - CSIRO/Documents/_Projects/SCCP-QuantModelling\nusing C++ compiler: 'G__~1.EXE (GCC) 13.2.0'\nWarning messages:\n1: In nlminb(model$par, model$fn, model$gr) : NA/NaN function evaluation\n2: In nlminb(model$par, model$fn, model$gr) : NA/NaN function evaluation"
    },
    "4": {
      "status": "ERROR",
      "message": "R script failed with return code 1",
      "stdout": "g++ -std=gnu++17  -I\"C:/Users/spi085/AppData/Local/Programs/R/R-4.4.1/include\" -DNDEBUG -I\"C:/Users/spi085/AppData/Local/Programs/R/R-44~1.1/library/TMB/include\" -I\"C:/Users/spi085/AppData/Local/Programs/R/R-44~1.1/library/RCPPEI~1/include\"   -DTMB_EIGEN_DISABLE_WARNINGS   -DTMB_LIB_INIT=R_init_model  -DCPPAD_FRAMEWORK    -I\"C:/rtools44/x86_64-w64-mingw32.static.posix/include\"     -O2 -Wa,-mbig-obj -c POPULATIONS//POPULATION_0023//INDIVIDUAL_XRSA2NEL/model.cpp -o POPULATIONS//POPULATION_0023//INDIVIDUAL_XRSA2NEL/model.o\ng++ -std=gnu++17 -shared -s -static-libgcc -o POPULATIONS//POPULATION_0023//INDIVIDUAL_XRSA2NEL/model.dll tmp.def POPULATIONS//POPULATION_0023//INDIVIDUAL_XRSA2NEL/model.o -LC:/rtools44/x86_64-w64-mingw32.static.posix/lib/x64 -LC:/rtools44/x86_64-w64-mingw32.static.posix/lib -LC:/Users/spi085/AppData/Local/Programs/R/R-4.4.1/bin/x64 -lR\nStarting model phases\nNumber of phases: 3 \nPhase 1 \nError in model phases: Error when reading the variable: 'sst_effect'. Please check data and parameters.",
      "stderr": "Loading required package: TMB\nLoading required package: jsonlite\nhere() starts at C:/Users/spi085/OneDrive - CSIRO/Documents/_Projects/SCCP-QuantModelling\nusing C++ compiler: 'G__~1.EXE (GCC) 13.2.0'\nError in value[[3L]](cond) : \n  Error in model phases: Error when reading the variable: 'sst_effect'. Please check data and parameters.\nCalls: tryCatch -> tryCatchList -> tryCatchOne -> <Anonymous>\nIn addition: Warning messages:\n1: In getParameterOrder(data, parameters, new.env(), DLL = DLL) :\n  Expected scalar. Got length=0\n2: In getParameterOrder(data, parameters, new.env(), DLL = DLL) :\n  Expected object. Got NULL.\nExecution halted"
    },
    "5": {
      "status": "SUCCESS",
      "objective_value": "NaN",
      "model_summary": [
        "            Length Class  Mode     ",
        "par         9      -none- numeric  ",
        "objective   1      -none- numeric  ",
        "convergence 1      -none- numeric  ",
        "iterations  1      -none- numeric  ",
        "evaluations 2      -none- numeric  ",
        "message     1      -none- character"
      ],
      "model_report": {
        "fast": [
          12.7726,
          10.82,
          13.6867,
          11.6019,
          13.3194,
          11.3952,
          12.481,
          10.805,
          11.5134,
          10.0897,
          10.5545,
          9.357,
          9.654,
          8.6482,
          8.8241,
          7.9768,
          8.0629,
          7.3452,
          7.3638,
          6.7519,
          6.7201,
          6.1947,
          6.1257,
          5.6715,
          5.5761,
          5.1809
        ],
        "slow": [
          10.0694,
          9.1402,
          12.1156,
          11.0042,
          13.3,
          12.1844,
          14.0837,
          13.0458,
          14.6915,
          13.7651,
          15.2332,
          14.4278,
          15.76,
          15.0729,
          16.2929,
          15.7156,
          16.8374,
          16.3589,
          17.3915,
          17.0001,
          17.95,
          17.6342,
          18.5064,
          18.2554,
          19.0543,
          18.8584
        ],
        "cots": [
          0.2615,
          1.0516,
          0.2968,
          0.9302,
          0.3268,
          0.8475,
          0.3528,
          0.7873,
          0.3756,
          0.7415,
          0.3955,
          0.7057,
          0.4131,
          0.6771,
          0.4285,
          0.6539,
          0.442,
          0.635,
          0.4539,
          0.6192,
          0.4643,
          0.6062,
          0.4734,
          0.5952,
          0.4813,
          0.586
        ]
      },
      "plot_data": [],
      "stdout": "g++ -std=gnu++17  -I\"C:/Users/spi085/AppData/Local/Programs/R/R-4.4.1/include\" -DNDEBUG -I\"C:/Users/spi085/AppData/Local/Programs/R/R-44~1.1/library/TMB/include\" -I\"C:/Users/spi085/AppData/Local/Programs/R/R-44~1.1/library/RCPPEI~1/include\"   -DTMB_EIGEN_DISABLE_WARNINGS   -DTMB_LIB_INIT=R_init_model  -DCPPAD_FRAMEWORK    -I\"C:/rtools44/x86_64-w64-mingw32.static.posix/include\"     -O2 -Wa,-mbig-obj -c POPULATIONS//POPULATION_0023//INDIVIDUAL_XRSA2NEL/model.cpp -o POPULATIONS//POPULATION_0023//INDIVIDUAL_XRSA2NEL/model.o\ng++ -std=gnu++17 -shared -s -static-libgcc -o POPULATIONS//POPULATION_0023//INDIVIDUAL_XRSA2NEL/model.dll tmp.def POPULATIONS//POPULATION_0023//INDIVIDUAL_XRSA2NEL/model.o -LC:/rtools44/x86_64-w64-mingw32.static.posix/lib/x64 -LC:/rtools44/x86_64-w64-mingw32.static.posix/lib -LC:/Users/spi085/AppData/Local/Programs/R/R-4.4.1/bin/x64 -lR\nStarting model phases\nNumber of phases: 3 \nPhase 1 \nInitial parameter values for phase 1 :\n r_max d_cots e_cots r_slow r_fast \n   0.8    0.3    0.1    0.4    0.6 \nFinal parameter values for phase 1 :\n     r_max     d_cots     e_cots     r_slow     r_fast \n17.1035889  1.1006423 -1.4083590 -0.2845526 -0.3164129 \nConvergence message: relative convergence (4) \nNumber of iterations: 69 \nObjective function value: 156221.7 \nGradient at solution for phase 1 :\n            [,1]      [,2]        [,3]     [,4]       [,5]\n[1,] 0.004424132 0.5357681 -0.06630868 1.094561 -0.6418301\nPhase 2 \nInitial parameter values for phase 2 :\nK_cots \n     2 \nFinal parameter values for phase 2 :\n  K_cots \n1.915121 \nConvergence message: relative convergence (4) \nNumber of iterations: 6 \nObjective function value: 155648.8 \nGradient at solution for phase 2 :\n             [,1]\n[1,] 0.0001221527\nPhase 3 \nInitial parameter values for phase 3 :\nsigma_cots sigma_slow sigma_fast \n      0.20       0.10       0.15 \nFinal parameter values for phase 3 :\nsigma_cots sigma_slow sigma_fast \n  6.495595  10.226228   4.612663 \nConvergence message: relative convergence (4) \nNumber of iterations: 33 \nObjective function value: 249.5425 \nGradient at solution for phase 3 :\n             [,1]         [,2]          [,3]\n[1,] 9.826244e-06 2.330529e-06 -6.804571e-06\nFinal Phase\nInitial parameter values for final phase:\n     r_max     K_cots     d_cots     e_cots     r_slow     r_fast sigma_cots \n17.1035889  1.9151206  1.1006423 -1.4083590 -0.2845526 -0.3164129  6.4955951 \nsigma_slow sigma_fast \n10.2262278  4.6126629 \nFinal parameter values for final phase:\n        r_max        K_cots        d_cots        e_cots        r_slow \n 80.947372675   0.003413224   0.966796494 -10.132028325  -0.208278170 \n       r_fast    sigma_cots    sigma_slow    sigma_fast \n -0.268868750   0.449578291  11.704512202   3.156434346 \nConvergence message: function evaluation limit reached without convergence (9) \nNumber of iterations: 138 \nObjective function value: 176.6772 \nGradient at solution for final phase:\n              [,1]     [,2]        [,3]        [,4]       [,5]      [,6]\n[1,] -0.0001005585 1.517858 -0.06765613 0.001039274 -0.1715613 0.1044377\n            [,7]          [,8]        [,9]\n[1,] -0.01503047 -0.0007296391 7.28308e-05\nAll phases completed\n\nRunning model validation...\nNo test data available (train_test_split >= 1.0)\nNULL\n\nDEBUG: Report contents:\nList of 3\n $ fast: num [1:26] 12.8 10.8 13.7 11.6 13.3 ...\n $ slow: num [1:26] 10.07 9.14 12.12 11 13.3 ...\n $ cots: num [1:26] 0.262 1.052 0.297 0.93 0.327 ...\nNULL\n\nDEBUG: Available variables in report:\n[1] \"fast\" \"slow\" \"cots\"\n\nChecking predictions and calculating objective function...\n\nDEBUG: Processing cots_pred \nDEBUG: cots_pred not found in report\nDEBUG: Available variables: fast, slow, cots \n\nDEBUG: Using the following variables for objective function:\ncots_dat -> cots_pred\nslow_dat -> slow_pred\nfast_dat -> fast_pred\n\nDEBUG: Calculating MSE for prediction variables only:\n\nDEBUG: MSE values:\ncots_dat slow_dat fast_dat \n      NA       NA       NA \n\nDEBUG: Final objective value (mean of MSEs): NaN \n\nFinal objective function value: NaN \n\nJSON_REPORT_START\n{\n  \"status\": \"SUCCESS\",\n  \"objective_value\": \"NaN\",\n  \"model_summary\": [\"            Length Class  Mode     \", \"par         9      -none- numeric  \", \"objective   1      -none- numeric  \", \"convergence 1      -none- numeric  \", \"iterations  1      -none- numeric  \", \"evaluations 2      -none- numeric  \", \"message     1      -none- character\"],\n  \"model_report\": {\n    \"fast\": [12.7726, 10.82, 13.6867, 11.6019, 13.3194, 11.3952, 12.481, 10.805, 11.5134, 10.0897, 10.5545, 9.357, 9.654, 8.6482, 8.8241, 7.9768, 8.0629, 7.3452, 7.3638, 6.7519, 6.7201, 6.1947, 6.1257, 5.6715, 5.5761, 5.1809],\n    \"slow\": [10.0694, 9.1402, 12.1156, 11.0042, 13.3, 12.1844, 14.0837, 13.0458, 14.6915, 13.7651, 15.2332, 14.4278, 15.76, 15.0729, 16.2929, 15.7156, 16.8374, 16.3589, 17.3915, 17.0001, 17.95, 17.6342, 18.5064, 18.2554, 19.0543, 18.8584],\n    \"cots\": [0.2615, 1.0516, 0.2968, 0.9302, 0.3268, 0.8475, 0.3528, 0.7873, 0.3756, 0.7415, 0.3955, 0.7057, 0.4131, 0.6771, 0.4285, 0.6539, 0.442, 0.635, 0.4539, 0.6192, 0.4643, 0.6062, 0.4734, 0.5952, 0.4813, 0.586]\n  },\n  \"plot_data\": []\n}\nJSON_REPORT_END",
      "stderr": "Loading required package: TMB\nLoading required package: jsonlite\nhere() starts at C:/Users/spi085/OneDrive - CSIRO/Documents/_Projects/SCCP-QuantModelling\nusing C++ compiler: 'G__~1.EXE (GCC) 13.2.0'\nWarning messages:\n1: In nlminb(model$par, model$fn, model$gr) : NA/NaN function evaluation\n2: In nlminb(model$par, model$fn, model$gr) : NA/NaN function evaluation\n3: In nlminb(model$par, model$fn, model$gr) : NA/NaN function evaluation\n4: In nlminb(model$par, model$fn, model$gr) : NA/NaN function evaluation"
    },
    "6": {
      "status": "SUCCESS",
      "objective_value": "NaN",
      "model_summary": [
        "            Length Class  Mode     ",
        "par         9      -none- numeric  ",
        "objective   1      -none- numeric  ",
        "convergence 1      -none- numeric  ",
        "iterations  1      -none- numeric  ",
        "evaluations 2      -none- numeric  ",
        "message     1      -none- character"
      ],
      "model_report": {
        "fast": [
          12.7726,
          12.3644,
          11.9665,
          11.5839,
          11.2113,
          10.8527,
          10.5037,
          10.1677,
          9.8408,
          9.5259,
          9.2198,
          8.9246,
          8.6379,
          8.3613,
          8.0927,
          7.8335,
          7.5818,
          7.339,
          7.1032,
          6.8756,
          6.6548,
          6.4416,
          6.2347,
          6.0349,
          5.8411,
          5.6539
        ],
        "slow": [
          10.0694,
          10.1719,
          10.2732,
          10.3776,
          10.4811,
          10.5875,
          10.6932,
          10.8017,
          10.9097,
          11.0203,
          11.1305,
          11.2432,
          11.3557,
          11.4706,
          11.5855,
          11.7026,
          11.8199,
          11.9393,
          12.0589,
          12.1807,
          12.3028,
          12.4269,
          12.5516,
          12.6781,
          12.8053,
          12.9344
        ],
        "cots": [
          0.2615,
          0.9307,
          0.2856,
          0.868,
          0.3087,
          0.8149,
          0.3306,
          0.7701,
          0.351,
          0.7324,
          0.3698,
          0.7006,
          0.387,
          0.6738,
          0.4025,
          0.6511,
          0.4165,
          0.6319,
          0.429,
          0.6156,
          0.4401,
          0.6018,
          0.4499,
          0.59,
          0.4586,
          0.5799
        ]
      },
      "plot_data": [],
      "stdout": "g++ -std=gnu++17  -I\"C:/Users/spi085/AppData/Local/Programs/R/R-4.4.1/include\" -DNDEBUG -I\"C:/Users/spi085/AppData/Local/Programs/R/R-44~1.1/library/TMB/include\" -I\"C:/Users/spi085/AppData/Local/Programs/R/R-44~1.1/library/RCPPEI~1/include\"   -DTMB_EIGEN_DISABLE_WARNINGS   -DTMB_LIB_INIT=R_init_model  -DCPPAD_FRAMEWORK    -I\"C:/rtools44/x86_64-w64-mingw32.static.posix/include\"     -O2 -Wa,-mbig-obj -c POPULATIONS//POPULATION_0023//INDIVIDUAL_XRSA2NEL/model.cpp -o POPULATIONS//POPULATION_0023//INDIVIDUAL_XRSA2NEL/model.o\ng++ -std=gnu++17 -shared -s -static-libgcc -o POPULATIONS//POPULATION_0023//INDIVIDUAL_XRSA2NEL/model.dll tmp.def POPULATIONS//POPULATION_0023//INDIVIDUAL_XRSA2NEL/model.o -LC:/rtools44/x86_64-w64-mingw32.static.posix/lib/x64 -LC:/rtools44/x86_64-w64-mingw32.static.posix/lib -LC:/Users/spi085/AppData/Local/Programs/R/R-4.4.1/bin/x64 -lR\nStarting model phases\nNumber of phases: 3 \nPhase 1 \nInitial parameter values for phase 1 :\n r_max d_cots e_cots r_slow r_fast \n   0.8    0.3    0.1    0.4    0.6 \nFinal parameter values for phase 1 :\n      r_max      d_cots      e_cots      r_slow      r_fast \n 7.26117382  1.27475143 -0.90542743 -0.06953872 -0.10614353 \nConvergence message: relative convergence (4) \nNumber of iterations: 125 \nObjective function value: 152566.6 \nGradient at solution for phase 1 :\n          [,1]      [,2]        [,3]      [,4]       [,5]\n[1,] -1.391497 -45.65464 -0.02605102 0.1287702 -0.6238977\nPhase 2 \nInitial parameter values for phase 2 :\nK_cots \n     2 \nFinal parameter values for phase 2 :\n  K_cots \n1.999989 \nConvergence message: both X-convergence and relative convergence (5) \nNumber of iterations: 2 \nObjective function value: 152588.9 \nGradient at solution for phase 2 :\n            [,1]\n[1,] -0.01995514\nPhase 3 \nInitial parameter values for phase 3 :\nsigma_cots sigma_slow sigma_fast \n      0.20       0.10       0.15 \nFinal parameter values for phase 3 :\nsigma_cots sigma_slow sigma_fast \n  6.066231  10.236695   4.275538 \nConvergence message: relative convergence (4) \nNumber of iterations: 34 \nObjective function value: 268.3432 \nGradient at solution for phase 3 :\n              [,1]         [,2]         [,3]\n[1,] -2.722889e-08 1.416747e-07 9.890625e-07\nFinal Phase\nInitial parameter values for final phase:\n      r_max      K_cots      d_cots      e_cots      r_slow      r_fast \n 7.26117382  1.99998904  1.27475143 -0.90542743 -0.06953872 -0.10614353 \n sigma_cots  sigma_slow  sigma_fast \n 6.06623137 10.23669458  4.27553777 \nFinal parameter values for final phase:\n      r_max      K_cots      d_cots      e_cots      r_slow      r_fast \n 4.02523039  0.07963064  1.03403859  0.00724040  0.01025897 -0.03188001 \n sigma_cots  sigma_slow  sigma_fast \n 0.44581325 11.44887930  3.32524653 \nConvergence message: relative convergence (4) \nNumber of iterations: 92 \nObjective function value: 177.2402 \nGradient at solution for final phase:\n             [,1]         [,2]         [,3]          [,4]          [,5]\n[1,] 2.254414e-05 0.0009104642 0.0003128471 -8.092591e-07 -3.471243e-05\n             [,6]         [,7]          [,8]          [,9]\n[1,] 3.009803e-05 6.501509e-05 -7.734785e-06 -4.601218e-06\nAll phases completed\n\nRunning model validation...\nNo test data available (train_test_split >= 1.0)\nNULL\n\nDEBUG: Report contents:\nList of 3\n $ fast: num [1:26] 12.8 12.4 12 11.6 11.2 ...\n $ slow: num [1:26] 10.1 10.2 10.3 10.4 10.5 ...\n $ cots: num [1:26] 0.262 0.931 0.286 0.868 0.309 ...\nNULL\n\nDEBUG: Available variables in report:\n[1] \"fast\" \"slow\" \"cots\"\n\nChecking predictions and calculating objective function...\n\nDEBUG: Processing cots_pred \nDEBUG: cots_pred not found in report\nDEBUG: Available variables: fast, slow, cots \n\nDEBUG: Using the following variables for objective function:\ncots_dat -> cots_pred\nslow_dat -> slow_pred\nfast_dat -> fast_pred\n\nDEBUG: Calculating MSE for prediction variables only:\n\nDEBUG: MSE values:\ncots_dat slow_dat fast_dat \n      NA       NA       NA \n\nDEBUG: Final objective value (mean of MSEs): NaN \n\nFinal objective function value: NaN \n\nJSON_REPORT_START\n{\n  \"status\": \"SUCCESS\",\n  \"objective_value\": \"NaN\",\n  \"model_summary\": [\"            Length Class  Mode     \", \"par         9      -none- numeric  \", \"objective   1      -none- numeric  \", \"convergence 1      -none- numeric  \", \"iterations  1      -none- numeric  \", \"evaluations 2      -none- numeric  \", \"message     1      -none- character\"],\n  \"model_report\": {\n    \"fast\": [12.7726, 12.3644, 11.9665, 11.5839, 11.2113, 10.8527, 10.5037, 10.1677, 9.8408, 9.5259, 9.2198, 8.9246, 8.6379, 8.3613, 8.0927, 7.8335, 7.5818, 7.339, 7.1032, 6.8756, 6.6548, 6.4416, 6.2347, 6.0349, 5.8411, 5.6539],\n    \"slow\": [10.0694, 10.1719, 10.2732, 10.3776, 10.4811, 10.5875, 10.6932, 10.8017, 10.9097, 11.0203, 11.1305, 11.2432, 11.3557, 11.4706, 11.5855, 11.7026, 11.8199, 11.9393, 12.0589, 12.1807, 12.3028, 12.4269, 12.5516, 12.6781, 12.8053, 12.9344],\n    \"cots\": [0.2615, 0.9307, 0.2856, 0.868, 0.3087, 0.8149, 0.3306, 0.7701, 0.351, 0.7324, 0.3698, 0.7006, 0.387, 0.6738, 0.4025, 0.6511, 0.4165, 0.6319, 0.429, 0.6156, 0.4401, 0.6018, 0.4499, 0.59, 0.4586, 0.5799]\n  },\n  \"plot_data\": []\n}\nJSON_REPORT_END",
      "stderr": "Loading required package: TMB\nLoading required package: jsonlite\nhere() starts at C:/Users/spi085/OneDrive - CSIRO/Documents/_Projects/SCCP-QuantModelling\nusing C++ compiler: 'G__~1.EXE (GCC) 13.2.0'\nWarning messages:\n1: In nlminb(model$par, model$fn, model$gr) : NA/NaN function evaluation\n2: In nlminb(model$par, model$fn, model$gr) : NA/NaN function evaluation\n3: In nlminb(model$par, model$fn, model$gr) : NA/NaN function evaluation"
    },
    "7": {
      "status": "BROKEN"
    }
  }
}