Parent PNG files: ['POPULATIONS\\POPULATION_0008\\INDIVIDUAL_5FFDHB29\\cots_pred_comparison.png', 'POPULATIONS\\POPULATION_0008\\INDIVIDUAL_5FFDHB29\\fast_pred_comparison.png', 'POPULATIONS\\POPULATION_0008\\INDIVIDUAL_5FFDHB29\\slow_pred_comparison.png']
[?12l[?25hSkipping 
POPULATIONS\POPULATION_0008\INDIVIDUAL_FE541DP3\mo
del.cpp that matches gitignore spec.
Skipping 
POPULATIONS\POPULATION_0008\INDIVIDUAL_FE541DP3\pa
rameters.json that matches gitignore spec.
Skipping 
POPULATIONS\POPULATION_0008\INDIVIDUAL_FE541DP3\in
tention.txt that matches gitignore spec.
Creating empty file 
POPULATIONS\POPULATION_0008\INDIVIDUAL_FE541DP3\in
tention.txt
Added C:\Users\spi085\OneDrive - 
CSIRO\Documents\_Projects\SCCP-QuantModelling\POPU
LATIONS\POPULATION_0008\INDIVIDUAL_5FFDHB29\cots_p
red_comparison.png to read-only files.
Added C:\Users\spi085\OneDrive - 
CSIRO\Documents\_Projects\SCCP-QuantModelling\POPU
LATIONS\POPULATION_0008\INDIVIDUAL_5FFDHB29\fast_p
red_comparison.png to read-only files.
Added C:\Users\spi085\OneDrive - 
CSIRO\Documents\_Projects\SCCP-QuantModelling\POPU
LATIONS\POPULATION_0008\INDIVIDUAL_5FFDHB29\slow_p
red_comparison.png to read-only files.
Based on the comparison plots, I notice that the  
model struggles to capture the sharp peaks in     
coral cover, particularly around 1990. One        
ecological factor that could improve this is coral
recruitment pulses, which can cause sudden        
increases in coral populations. I'll add a        
seasonal recruitment term for both coral types.   

First, let me add the intention:                  

POPULATIONS\POPULATION_0008\INDIVIDUAL_FE541DP3\in
tention.txt                                       

                                                  
 <<<<<<< SEARCH                                   
 =======                                          
 Added seasonal coral recruitment pulses to bette 
 capture episodic peaks in coral cover. This      
 reflects the natural phenomenon of mass coral    
 spawning events that can lead to sudden increase 
 in coral populations.                            
 >>>>>>> REPLACE                                  
                                                  

For the model, we need to add recruitment         
parameters and modify the coral dynamics          
equations:                                        

POPULATIONS\POPULATION_0008\INDIVIDUAL_FE541DP3\pa
rameters.json                                     

                                                  
 <<<<<<< SEARCH                                   
         {                                        
             "parameter": "log_sigma_fast",       
             "value": -1.6,                       
             "description": "Log of fast coral    
 observation error standard deviation (log scale) 
             "source": "initial estimate",        
             "import_type": "PARAMETER",          
             "priority": 2,                       
             "enhanced_semantic_description":     
 "Logarithmic measurement uncertainty for         
 fast-growing coral coverage",                    
             "processed": true                    
         }                                        
     ]                                            
 =======                                          
         {                                        
             "parameter": "log_sigma_fast",       
             "value": -1.6,                       
             "description": "Log of fast coral    
 observation error standard deviation (log scale) 
             "source": "initial estimate",        
             "import_type": "PARAMETER",          
             "priority": 2,                       
             "enhanced_semantic_description":     
 "Logarithmic measurement uncertainty for         
 fast-growing coral coverage",                    
             "processed": true                    
         },                                       
         {                                        
             "parameter": "recruit_slow",         
             "value": 5.0,                        
             "description": "Recruitment pulse    
 magnitude for slow-growing corals (%/year)",     
             "source": "initial estimate",        
             "import_type": "PARAMETER",          
             "priority": 1,                       
             "enhanced_semantic_description":     
 "Annual recruitment pulse strength for           
 slow-growing coral species",                     
             "processed": true                    
         },                                       
         {                                        
             "parameter": "recruit_fast",         
             "value": 8.0,                        
             "description": "Recruitment pulse    
 magnitude for fast-growing corals (%/year)",     
             "source": "initial estimate",        
             "import_type": "PARAMETER",          
             "priority": 1,                       
             "enhanced_semantic_description":     
 "Annual recruitment pulse strength for           
 fast-growing coral species",                     
             "processed": true                    
         }                                        
     ]                                            
 >>>>>>> REPLACE                                  
                                                  

And modify the model code:                        

POPULATIONS\POPULATION_0008\INDIVIDUAL_FE541DP3\mo
del.cpp                                           

                                                  
 <<<<<<< SEARCH                                   
   PARAMETER(log_sigma_fast);                     
 =======                                          
   PARAMETER(log_sigma_fast);                     
   PARAMETER(recruit_slow);  // Recruitment pulse 
 magnitude for slow corals                        
   PARAMETER(recruit_fast);  // Recruitment pulse 
 magnitude for fast corals                        
 >>>>>>> REPLACE                                  
                                                  

                                                  
 <<<<<<< SEARCH                                   
     slow_pred(t) = slow_pred(t-1) + r_slow *     
 slow_pred(t-1) * (Type(1.0) -                    
 slow_pred(t-1)/K_slow) - pred_pressure_slow;     
     fast_pred(t) = fast_pred(t-1) + r_fast *     
 fast_pred(t-1) * (Type(1.0) -                    
 fast_pred(t-1)/K_fast) - pred_pressure_fast;     
 =======                                          
     // Add recruitment pulses to coral dynamics  
     Type recruitment_slow = recruit_slow *       
 (Type(1.0) - slow_pred(t-1)/K_slow);             
     Type recruitment_fast = recruit_fast *       
 (Type(1.0) - fast_pred(t-1)/K_fast);             
                                                  
     slow_pred(t) = slow_pred(t-1) + r_slow *     
 slow_pred(t-1) * (Type(1.0) -                    
 slow_pred(t-1)/K_slow) + recruitment_slow -      
 pred_pressure_slow;                              
     fast_pred(t) = fast_pred(t-1) + r_fast *     
 fast_pred(t-1) * (Type(1.0) -                    
 fast_pred(t-1)/K_fast) + recruitment_fast -      
 pred_pressure_fast;                              
 >>>>>>> REPLACE                                  
                                                  

This change adds density-dependent recruitment    
pulses that should help capture the sudden        
increases in coral cover while maintaining        
ecological realism. The recruitment terms are     
scaled by available space (1 - N/K) to prevent    
unrealistic growth beyond carrying capacity.      

Tokens: 8.8k sent, 938 received. Cost: $0.04 
message, $0.04 session.
Committing 
POPULATIONS\POPULATION_0008\INDIVIDUAL_FE541DP3\in
tention.txt before applying edits.
Committing 
POPULATIONS\POPULATION_0008\INDIVIDUAL_FE541DP3\pa
rameters.json before applying edits.
Committing 
POPULATIONS\POPULATION_0008\INDIVIDUAL_FE541DP3\mo
del.cpp before applying edits.
Unable to add C:\Users\spi085\OneDrive - 
CSIRO\Documents\_Projects\SCCP-QuantModelling\POPU
LATIONS\POPULATION_0008\INDIVIDUAL_FE541DP3\intent
ion.txt: Cmd('git') failed due to: exit code(1)
  cmdline: git add C:\Users\spi085\OneDrive - 
CSIRO\Documents\_Projects\SCCP-QuantModelling\POPU
LATIONS\POPULATION_0008\INDIVIDUAL_FE541DP3\intent
ion.txt
  stderr: 'The following paths are ignored by one 
of your .gitignore files:
POPULATIONS
hint: Use -f if you really want to add them.
hint: Turn this message off by running
hint: "git config advice.addIgnoredFile false"'
Unable to add C:\Users\spi085\OneDrive - 
CSIRO\Documents\_Projects\SCCP-QuantModelling\POPU
LATIONS\POPULATION_0008\INDIVIDUAL_FE541DP3\parame
ters.json: Cmd('git') failed due to: exit code(1)
  cmdline: git add C:\Users\spi085\OneDrive - 
CSIRO\Documents\_Projects\SCCP-QuantModelling\POPU
LATIONS\POPULATION_0008\INDIVIDUAL_FE541DP3\parame
ters.json
  stderr: 'The following paths are ignored by one 
of your .gitignore files:
POPULATIONS
hint: Use -f if you really want to add them.
hint: Turn this message off by running
hint: "git config advice.addIgnoredFile false"'
Unable to add C:\Users\spi085\OneDrive - 
CSIRO\Documents\_Projects\SCCP-QuantModelling\POPU
LATIONS\POPULATION_0008\INDIVIDUAL_FE541DP3\model.
cpp: Cmd('git') failed due to: exit code(1)
  cmdline: git add C:\Users\spi085\OneDrive - 
CSIRO\Documents\_Projects\SCCP-QuantModelling\POPU
LATIONS\POPULATION_0008\INDIVIDUAL_FE541DP3\model.
cpp
  stderr: 'The following paths are ignored by one 
of your .gitignore files:
POPULATIONS
hint: Use -f if you really want to add them.
hint: Turn this message off by running
hint: "git config advice.addIgnoredFile false"'
Unable to commit: Cmd('git') failed due to: exit 
code(1)
  cmdline: git commit -m feat: Add new individual 
files for POPULATION_0008 with intention, 
parameters, and model --no-verify -- 
C:\Users\spi085\OneDrive - 
CSIRO\Documents\_Projects\SCCP-QuantModelling\POPU
LATIONS\POPULATION_0008\INDIVIDUAL_FE541DP3\intent
ion.txt C:\Users\spi085\OneDrive - 
CSIRO\Documents\_Projects\SCCP-QuantModelling\POPU
LATIONS\POPULATION_0008\INDIVIDUAL_FE541DP3\parame
ters.json C:\Users\spi085\OneDrive - 
CSIRO\Documents\_Projects\SCCP-QuantModelling\POPU
LATIONS\POPULATION_0008\INDIVIDUAL_FE541DP3\model.
cpp
  stderr: 'error: pathspec 
'C:\Users\spi085\OneDrive - 
CSIRO\Documents\_Projects\SCCP-QuantModelling\POPU
LATIONS\POPULATION_0008\INDIVIDUAL_FE541DP3\intent
ion.txt' did not match any file(s) known to git
error: pathspec 'C:\Users\spi085\OneDrive - 
CSIRO\Documents\_Projects\SCCP-QuantModelling\POPU
LATIONS\POPULATION_0008\INDIVIDUAL_FE541DP3\parame
ters.json' did not match any file(s) known to git
error: pathspec 'C:\Users\spi085\OneDrive - 
CSIRO\Documents\_Projects\SCCP-QuantModelling\POPU
LATIONS\POPULATION_0008\INDIVIDUAL_FE541DP3\model.
cpp' did not match any file(s) known to git'
Applied edit to 
POPULATIONS\POPULATION_0008\INDIVIDUAL_FE541DP3\in
tention.txt
Applied edit to 
POPULATIONS\POPULATION_0008\INDIVIDUAL_FE541DP3\pa
rameters.json
Applied edit to 
POPULATIONS\POPULATION_0008\INDIVIDUAL_FE541DP3\mo
del.cpp
Improved existing model in individual: POPULATIONS\POPULATION_0008\INDIVIDUAL_FE541DP3
Validating model for data leakage...
Opening file: POPULATIONS\POPULATION_0008\INDIVIDUAL_FE541DP3\model.cpp
File read successfully
Extracting vectors...
Found data vectors: {'slow_dat', 'cots_dat', 'cotsimm_dat', 'sst_dat', 'fast_dat'}
Found prediction vectors: {'fast_pred', 'cots_pred', 'slow_pred'}
Found reported vectors: {'sigma_slow', 'fast_pred', 'cots_pred', 'sigma_cots', 'slow_pred', 'sigma_fast'}
Finding initial conditions...
Found 3 initial conditions
Finding time-stepping loop...
Found loop from line 54 to 83
Found response variables: {'cots_dat', 'fast_dat', 'slow_dat'}
[93mRunning model for individual...[0m
[0mIndividual directory: POPULATIONS\POPULATION_0008\INDIVIDUAL_FE541DP3[0m
[93mR script stdout:[0m
[0mg++ -std=gnu++17  -I"C:/Users/spi085/AppData/Local/Programs/R/R-4.4.1/include" -DNDEBUG -I"C:/Users/spi085/AppData/Local/Programs/R/R-44~1.1/library/TMB/include" -I"C:/Users/spi085/AppData/Local/Programs/R/R-44~1.1/library/RCPPEI~1/include"   -DTMB_EIGEN_DISABLE_WARNINGS   -DTMB_LIB_INIT=R_init_model  -DCPPAD_FRAMEWORK    -I"C:/rtools44/x86_64-w64-mingw32.static.posix/include"     -O2 -Wa,-mbig-obj -c POPULATIONS//POPULATION_0008//INDIVIDUAL_FE541DP3/model.cpp -o POPULATIONS//POPULATION_0008//INDIVIDUAL_FE541DP3/model.o
g++ -std=gnu++17 -shared -s -static-libgcc -o POPULATIONS//POPULATION_0008//INDIVIDUAL_FE541DP3/model.dll tmp.def POPULATIONS//POPULATION_0008//INDIVIDUAL_FE541DP3/model.o -LC:/rtools44/x86_64-w64-mingw32.static.posix/lib/x64 -LC:/rtools44/x86_64-w64-mingw32.static.posix/lib -LC:/Users/spi085/AppData/Local/Programs/R/R-4.4.1/bin/x64 -lR
Starting model phases
Number of phases: 3 
Phase 1 
Initial parameter values for phase 1 :
      r_cots       r_slow       r_fast   alpha_slow   alpha_fast recruit_slow 
          NA           NA           NA           NA           NA           NA 
recruit_fast 
          NA 
Error in model phases: NA/NaN gradient evaluation[0m
[93mR script stderr:[0m
[0mLoading required package: TMB
Loading required package: jsonlite
here() starts at C:/Users/spi085/OneDrive - CSIRO/Documents/_Projects/SCCP-QuantModelling
using C++ compiler: 'G__~1.EXE (GCC) 13.2.0'
Error in value[[3L]](cond) : 
  Error in model phases: NA/NaN gradient evaluation
Calls: tryCatch -> tryCatchList -> tryCatchOne -> <Anonymous>
In addition: Warning message:
In nlminb(model$par, model$fn, model$gr) : NA/NaN function evaluation
Execution halted[0m
[91mR script failed with return code 1[0m
MODEL RUN FINISHED
Error: Objective value is None
Initial run failed. Attempting to fix...
Fixing broken model iteration: 0

tmp.def
C:\Users\spi085\OneDrive - 
CSIRO\Documents\_Projects\SCCP-QuantModelling\tmp.
def: file not found error
C:\Users\spi085\OneDrive - 
CSIRO\Documents\_Projects\SCCP-QuantModelling\tmp.
def: file not found error
Dropping tmp.def from the chat.
The error suggests issues with parameter          
initialization. Let me modify the model to ensure 
proper initialization and handling of the         
recruitment parameters.                           

POPULATIONS\POPULATION_0008\INDIVIDUAL_FE541DP3\mo
del.cpp                                           

                                                  
 <<<<<<< SEARCH                                   
   // Parameters                                  
   PARAMETER(r_cots);      // COTS intrinsic grow 
 rate                                             
   PARAMETER(K_cots);      // COTS carrying       
 capacity                                         
   PARAMETER(r_slow);      // Slow coral growth   
 rate                                             
   PARAMETER(r_fast);      // Fast coral growth   
 rate                                             
   PARAMETER(K_slow);      // Slow coral carrying 
 capacity                                         
   PARAMETER(K_fast);      // Fast coral carrying 
 capacity                                         
   PARAMETER(alpha_slow);  // COTS predation rate 
 on slow corals                                   
   PARAMETER(alpha_fast);  // COTS predation rate 
 on fast corals                                   
   PARAMETER(temp_opt);    // Optimal temperature 
 for COTS                                         
   PARAMETER(temp_width);  // Temperature toleran 
 width                                            
                                                  
   // Standard deviations for observations        
   PARAMETER(log_sigma_cots);                     
   PARAMETER(log_sigma_slow);                     
   PARAMETER(log_sigma_fast);                     
   PARAMETER(recruit_slow);  // Recruitment pulse 
 magnitude for slow corals                        
   PARAMETER(recruit_fast);  // Recruitment pulse 
 magnitude for fast corals                        
 =======                                          
   // Parameters                                  
   PARAMETER(r_cots);      // COTS intrinsic grow 
 rate                                             
   PARAMETER(K_cots);      // COTS carrying       
 capacity                                         
   PARAMETER(r_slow);      // Slow coral growth   
 rate                                             
   PARAMETER(r_fast);      // Fast coral growth   
 rate                                             
   PARAMETER(K_slow);      // Slow coral carrying 
 capacity                                         
   PARAMETER(K_fast);      // Fast coral carrying 
 capacity                                         
   PARAMETER(alpha_slow);  // COTS predation rate 
 on slow corals                                   
   PARAMETER(alpha_fast);  // COTS predation rate 
 on fast corals                                   
   PARAMETER(temp_opt);    // Optimal temperature 
 for COTS                                         
   PARAMETER(temp_width);  // Temperature toleran 
 width                                            
                                                  
   // Standard deviations for observations        
   PARAMETER(log_sigma_cots);                     
   PARAMETER(log_sigma_slow);                     
   PARAMETER(log_sigma_fast);                     
 >>>>>>> REPLACE                                  
                                                  

                                                  
 <<<<<<< SEARCH                                   
     // Add recruitment pulses to coral dynamics  
     Type recruitment_slow = recruit_slow *       
 (Type(1.0) - slow_pred(t-1)/K_slow);             
     Type recruitment_fast = recruit_fast *       
 (Type(1.0) - fast_pred(t-1)/K_fast);             
                                                  
     slow_pred(t) = slow_pred(t-1) + r_slow *     
 slow_pred(t-1) * (Type(1.0) -                    
 slow_pred(t-1)/K_slow) + recruitment_slow -      
 pred_pressure_slow;                              
     fast_pred(t) = fast_pred(t-1) + r_fast *     
 fast_pred(t-1) * (Type(1.0) -                    
 fast_pred(t-1)/K_fast) + recruitment_fast -      
 pred_pressure_fast;                              
 =======                                          
     // Add density-dependent growth with seasona 
 pulses                                           
     Type seasonal_effect = Type(0.5) * (Type(1.0 
 + cos(Type(2.0) * Type(3.14159) * (t /           
 Type(12.0))));                                   
                                                  
     slow_pred(t) = slow_pred(t-1) + (r_slow *    
 seasonal_effect) * slow_pred(t-1) * (Type(1.0) - 
 slow_pred(t-1)/K_slow) - pred_pressure_slow;     
     fast_pred(t) = fast_pred(t-1) + (r_fast *    
 seasonal_effect) * fast_pred(t-1) * (Type(1.0) - 
 fast_pred(t-1)/K_fast) - pred_pressure_fast;     
 >>>>>>> REPLACE                                  
                                                  

And let's update the parameters file to remove the
recruitment parameters:                           

POPULATIONS\POPULATION_0008\INDIVIDUAL_FE541DP3\pa
rameters.json                                     

                                                  
 <<<<<<< SEARCH                                   
         },                                       
         {                                        
             "parameter": "recruit_slow",         
             "value": 5.0,                        
             "description": "Recruitment pulse    
 magnitude for slow-growing corals (%/year)",     
             "source": "initial estimate",        
             "import_type": "PARAMETER",          
             "priority": 1,                       
             "enhanced_semantic_description":     
 "Annual recruitment pulse strength for           
 slow-growing coral species",                     
             "processed": true                    
         },                                       
         {                                        
             "parameter": "recruit_fast",         
             "value": 8.0,                        
             "description": "Recruitment pulse    
 magnitude for fast-growing corals (%/year)",     
             "source": "initial estimate",        
             "import_type": "PARAMETER",          
             "priority": 1,                       
             "enhanced_semantic_description":     
 "Annual recruitment pulse strength for           
 fast-growing coral species",                     
             "processed": true                    
         }                                        
     ]                                            
 =======                                          
         }                                        
     ]                                            
 >>>>>>> REPLACE                                  
                                                  

Let me also update the intention file:            

POPULATIONS\POPULATION_0008\INDIVIDUAL_FE541DP3\in
tention.txt                                       

                                                  
 <<<<<<< SEARCH                                   
 Added seasonal coral recruitment pulses to bette 
 capture episodic peaks in coral cover. This      
 reflects the natural phenomenon of mass coral    
 spawning events that can lead to sudden increase 
 in coral populations.                            
 =======                                          
 Added seasonal modulation to coral growth rates  
 using a cosine function. This creates natural    
 periodic variation in growth that better reflect 
 seasonal patterns in coral reproduction and      
 growth, while maintaining mathematical stability 
 >>>>>>> REPLACE                                  
                                                  

Instead of separate recruitment parameters, I've  
switched to a simpler seasonal modulation of the  
growth rates using a cosine function. This should 
provide similar ecological realism while being    
more numerically stable.                          

Tokens: 11k sent, 1.2k received. Cost: $0.05 
message, $0.09 session.
Committing 
POPULATIONS\POPULATION_0008\INDIVIDUAL_FE541DP3\mo
del.cpp before applying edits.
Committing 
POPULATIONS\POPULATION_0008\INDIVIDUAL_FE541DP3\pa
rameters.json before applying edits.
Committing 
POPULATIONS\POPULATION_0008\INDIVIDUAL_FE541DP3\in
tention.txt before applying edits.
Unable to add C:\Users\spi085\OneDrive - 
CSIRO\Documents\_Projects\SCCP-QuantModelling\POPU
LATIONS\POPULATION_0008\INDIVIDUAL_FE541DP3\intent
ion.txt: Cmd('git') failed due to: exit code(1)
  cmdline: git add C:\Users\spi085\OneDrive - 
CSIRO\Documents\_Projects\SCCP-QuantModelling\POPU
LATIONS\POPULATION_0008\INDIVIDUAL_FE541DP3\intent
ion.txt
  stderr: 'The following paths are ignored by one 
of your .gitignore files:
POPULATIONS
hint: Use -f if you really want to add them.
hint: Turn this message off by running
hint: "git config advice.addIgnoredFile false"'
Unable to add C:\Users\spi085\OneDrive - 
CSIRO\Documents\_Projects\SCCP-QuantModelling\POPU
LATIONS\POPULATION_0008\INDIVIDUAL_FE541DP3\parame
ters.json: Cmd('git') failed due to: exit code(1)
  cmdline: git add C:\Users\spi085\OneDrive - 
CSIRO\Documents\_Projects\SCCP-QuantModelling\POPU
LATIONS\POPULATION_0008\INDIVIDUAL_FE541DP3\parame
ters.json
  stderr: 'The following paths are ignored by one 
of your .gitignore files:
POPULATIONS
hint: Use -f if you really want to add them.
hint: Turn this message off by running
hint: "git config advice.addIgnoredFile false"'
Unable to add C:\Users\spi085\OneDrive - 
CSIRO\Documents\_Projects\SCCP-QuantModelling\POPU
LATIONS\POPULATION_0008\INDIVIDUAL_FE541DP3\model.
cpp: Cmd('git') failed due to: exit code(1)
  cmdline: git add C:\Users\spi085\OneDrive - 
CSIRO\Documents\_Projects\SCCP-QuantModelling\POPU
LATIONS\POPULATION_0008\INDIVIDUAL_FE541DP3\model.
cpp
  stderr: 'The following paths are ignored by one 
of your .gitignore files:
POPULATIONS
hint: Use -f if you really want to add them.
hint: Turn this message off by running
hint: "git config advice.addIgnoredFile false"'
Unable to commit: Cmd('git') failed due to: exit 
code(1)
  cmdline: git commit -m feat: Add new individual 
files for POPULATION_0008 with intention, 
parameters, and model --no-verify -- 
C:\Users\spi085\OneDrive - 
CSIRO\Documents\_Projects\SCCP-QuantModelling\POPU
LATIONS\POPULATION_0008\INDIVIDUAL_FE541DP3\intent
ion.txt C:\Users\spi085\OneDrive - 
CSIRO\Documents\_Projects\SCCP-QuantModelling\POPU
LATIONS\POPULATION_0008\INDIVIDUAL_FE541DP3\parame
ters.json C:\Users\spi085\OneDrive - 
CSIRO\Documents\_Projects\SCCP-QuantModelling\POPU
LATIONS\POPULATION_0008\INDIVIDUAL_FE541DP3\model.
cpp
  stderr: 'error: pathspec 
'C:\Users\spi085\OneDrive - 
CSIRO\Documents\_Projects\SCCP-QuantModelling\POPU
LATIONS\POPULATION_0008\INDIVIDUAL_FE541DP3\intent
ion.txt' did not match any file(s) known to git
error: pathspec 'C:\Users\spi085\OneDrive - 
CSIRO\Documents\_Projects\SCCP-QuantModelling\POPU
LATIONS\POPULATION_0008\INDIVIDUAL_FE541DP3\parame
ters.json' did not match any file(s) known to git
error: pathspec 'C:\Users\spi085\OneDrive - 
CSIRO\Documents\_Projects\SCCP-QuantModelling\POPU
LATIONS\POPULATION_0008\INDIVIDUAL_FE541DP3\model.
cpp' did not match any file(s) known to git'
Applied edit to 
POPULATIONS\POPULATION_0008\INDIVIDUAL_FE541DP3\in
tention.txt
Applied edit to 
POPULATIONS\POPULATION_0008\INDIVIDUAL_FE541DP3\pa
rameters.json
Applied edit to 
POPULATIONS\POPULATION_0008\INDIVIDUAL_FE541DP3\mo
del.cpp
Validating fixed model for data leakage...
Opening file: POPULATIONS\POPULATION_0008\INDIVIDUAL_FE541DP3\model.cpp
File read successfully
Extracting vectors...
Found data vectors: {'slow_dat', 'cots_dat', 'cotsimm_dat', 'sst_dat', 'fast_dat'}
Found prediction vectors: {'fast_pred', 'cots_pred', 'slow_pred'}
Found reported vectors: {'sigma_slow', 'fast_pred', 'cots_pred', 'sigma_cots', 'slow_pred', 'sigma_fast'}
Finding initial conditions...
Found 3 initial conditions
Finding time-stepping loop...
Found loop from line 52 to 80
Found response variables: {'cots_dat', 'fast_dat', 'slow_dat'}
[93mRunning model for individual...[0m
[0mIndividual directory: POPULATIONS\POPULATION_0008\INDIVIDUAL_FE541DP3[0m
[93mRemoved old compilation: model.dll[0m
[93mRemoved old compilation: model.o[0m
[93mR script stdout:[0m
[0mg++ -std=gnu++17  -I"C:/Users/spi085/AppData/Local/Programs/R/R-4.4.1/include" -DNDEBUG -I"C:/Users/spi085/AppData/Local/Programs/R/R-44~1.1/library/TMB/include" -I"C:/Users/spi085/AppData/Local/Programs/R/R-44~1.1/library/RCPPEI~1/include"   -DTMB_EIGEN_DISABLE_WARNINGS   -DTMB_LIB_INIT=R_init_model  -DCPPAD_FRAMEWORK    -I"C:/rtools44/x86_64-w64-mingw32.static.posix/include"     -O2 -Wa,-mbig-obj -c POPULATIONS//POPULATION_0008//INDIVIDUAL_FE541DP3/model.cpp -o POPULATIONS//POPULATION_0008//INDIVIDUAL_FE541DP3/model.o
g++ -std=gnu++17 -shared -s -static-libgcc -o POPULATIONS//POPULATION_0008//INDIVIDUAL_FE541DP3/model.dll tmp.def POPULATIONS//POPULATION_0008//INDIVIDUAL_FE541DP3/model.o -LC:/rtools44/x86_64-w64-mingw32.static.posix/lib/x64 -LC:/rtools44/x86_64-w64-mingw32.static.posix/lib -LC:/Users/spi085/AppData/Local/Programs/R/R-4.4.1/bin/x64 -lR
Starting model phases
Number of phases: 3 
Phase 1 
Initial parameter values for phase 1 :
    r_cots     r_slow     r_fast alpha_slow alpha_fast 
        NA         NA         NA         NA         NA 
Error in model phases: NA/NaN gradient evaluation[0m
[93mR script stderr:[0m
[0mLoading required package: TMB
Loading required package: jsonlite
here() starts at C:/Users/spi085/OneDrive - CSIRO/Documents/_Projects/SCCP-QuantModelling
using C++ compiler: 'G__~1.EXE (GCC) 13.2.0'
Error in value[[3L]](cond) : 
  Error in model phases: NA/NaN gradient evaluation
Calls: tryCatch -> tryCatchList -> tryCatchOne -> <Anonymous>
In addition: Warning message:
In nlminb(model$par, model$fn, model$gr) : NA/NaN function evaluation
Execution halted[0m
[91mR script failed with return code 1[0m
Fixing broken model iteration: 1

tmp.def
C:\Users\spi085\OneDrive - 
CSIRO\Documents\_Projects\SCCP-QuantModelling\tmp.
def: file not found error
C:\Users\spi085\OneDrive - 
CSIRO\Documents\_Projects\SCCP-QuantModelling\tmp.
def: file not found error
Dropping tmp.def from the chat.
Let me modify the model to use a simpler approach 
with temperature-dependent coral growth rates     
instead of seasonal effects. This should improve  
numerical stability while still capturing         
environmental influences on coral dynamics.       

POPULATIONS\POPULATION_0008\INDIVIDUAL_FE541DP3\mo
del.cpp                                           

                                                  
 <<<<<<< SEARCH                                   
     // Add density-dependent growth with seasona 
 pulses                                           
     Type seasonal_effect = Type(0.5) * (Type(1.0 
 + cos(Type(2.0) * Type(3.14159) * (t /           
 Type(12.0))));                                   
                                                  
     slow_pred(t) = slow_pred(t-1) + (r_slow *    
 seasonal_effect) * slow_pred(t-1) * (Type(1.0) - 
 slow_pred(t-1)/K_slow) - pred_pressure_slow;     
     fast_pred(t) = fast_pred(t-1) + (r_fast *    
 seasonal_effect) * fast_pred(t-1) * (Type(1.0) - 
 fast_pred(t-1)/K_fast) - pred_pressure_fast;     
 =======                                          
     // Temperature-dependent coral growth        
     Type coral_temp_effect = exp(-0.5 *          
 pow((sst_dat(t) - Type(26.0)) / Type(3.0), 2));  
                                                  
     slow_pred(t) = slow_pred(t-1) + (r_slow *    
 coral_temp_effect) * slow_pred(t-1) * (Type(1.0) 
 slow_pred(t-1)/K_slow) - pred_pressure_slow;     
     fast_pred(t) = fast_pred(t-1) + (r_fast *    
 coral_temp_effect) * fast_pred(t-1) * (Type(1.0) 
 fast_pred(t-1)/K_fast) - pred_pressure_fast;     
 >>>>>>> REPLACE                                  
                                                  

POPULATIONS\POPULATION_0008\INDIVIDUAL_FE541DP3\in
tention.txt                                       

                                                  
 <<<<<<< SEARCH                                   
 Added seasonal modulation to coral growth rates  
 using a cosine function. This creates natural    
 periodic variation in growth that better reflect 
 seasonal patterns in coral reproduction and      
 growth, while maintaining mathematical stability 
 =======                                          
 Added temperature-dependent coral growth rates   
 using a Gaussian response curve centered at 26Â°C 
 This reflects the known sensitivity of coral     
 growth to temperature while maintaining model    
 stability.                                       
 >>>>>>> REPLACE                                  
                                                  

This change replaces the periodic seasonal        
function with a temperature-dependent growth      
modifier for corals. The temperature response is  
centered at 26Â°C with a width of 3Â°C, which better
reflects coral biology while avoiding potential   
numerical instabilities from the trigonometric    
function.                                         

Tokens: 12k sent, 523 received. Cost: $0.04 
message, $0.13 session.
Committing 
POPULATIONS\POPULATION_0008\INDIVIDUAL_FE541DP3\mo
del.cpp before applying edits.
Committing 
POPULATIONS\POPULATION_0008\INDIVIDUAL_FE541DP3\in
tention.txt before applying edits.
Unable to add C:\Users\spi085\OneDrive - 
CSIRO\Documents\_Projects\SCCP-QuantModelling\POPU
LATIONS\POPULATION_0008\INDIVIDUAL_FE541DP3\intent
ion.txt: Cmd('git') failed due to: exit code(1)
  cmdline: git add C:\Users\spi085\OneDrive - 
CSIRO\Documents\_Projects\SCCP-QuantModelling\POPU
LATIONS\POPULATION_0008\INDIVIDUAL_FE541DP3\intent
ion.txt
  stderr: 'The following paths are ignored by one 
of your .gitignore files:
POPULATIONS
hint: Use -f if you really want to add them.
hint: Turn this message off by running
hint: "git config advice.addIgnoredFile false"'
Unable to add C:\Users\spi085\OneDrive - 
CSIRO\Documents\_Projects\SCCP-QuantModelling\POPU
LATIONS\POPULATION_0008\INDIVIDUAL_FE541DP3\model.
cpp: Cmd('git') failed due to: exit code(1)
  cmdline: git add C:\Users\spi085\OneDrive - 
CSIRO\Documents\_Projects\SCCP-QuantModelling\POPU
LATIONS\POPULATION_0008\INDIVIDUAL_FE541DP3\model.
cpp
  stderr: 'The following paths are ignored by one 
of your .gitignore files:
POPULATIONS
hint: Use -f if you really want to add them.
hint: Turn this message off by running
hint: "git config advice.addIgnoredFile false"'
Unable to commit: Cmd('git') failed due to: exit 
code(1)
  cmdline: git commit -m feat: Add new individual 
files for population 8 --no-verify -- 
C:\Users\spi085\OneDrive - 
CSIRO\Documents\_Projects\SCCP-QuantModelling\POPU
LATIONS\POPULATION_0008\INDIVIDUAL_FE541DP3\intent
ion.txt C:\Users\spi085\OneDrive - 
CSIRO\Documents\_Projects\SCCP-QuantModelling\POPU
LATIONS\POPULATION_0008\INDIVIDUAL_FE541DP3\model.
cpp
  stderr: 'error: pathspec 
'C:\Users\spi085\OneDrive - 
CSIRO\Documents\_Projects\SCCP-QuantModelling\POPU
LATIONS\POPULATION_0008\INDIVIDUAL_FE541DP3\intent
ion.txt' did not match any file(s) known to git
error: pathspec 'C:\Users\spi085\OneDrive - 
CSIRO\Documents\_Projects\SCCP-QuantModelling\POPU
LATIONS\POPULATION_0008\INDIVIDUAL_FE541DP3\model.
cpp' did not match any file(s) known to git'
Applied edit to 
POPULATIONS\POPULATION_0008\INDIVIDUAL_FE541DP3\in
tention.txt
Applied edit to 
POPULATIONS\POPULATION_0008\INDIVIDUAL_FE541DP3\mo
del.cpp
Validating fixed model for data leakage...
Opening file: POPULATIONS\POPULATION_0008\INDIVIDUAL_FE541DP3\model.cpp
File read successfully
Extracting vectors...
Found data vectors: {'slow_dat', 'cots_dat', 'cotsimm_dat', 'sst_dat', 'fast_dat'}
Found prediction vectors: {'fast_pred', 'cots_pred', 'slow_pred'}
Found reported vectors: {'sigma_slow', 'fast_pred', 'cots_pred', 'sigma_cots', 'slow_pred', 'sigma_fast'}
Finding initial conditions...
Found 3 initial conditions
Finding time-stepping loop...
Found loop from line 52 to 80
Found response variables: {'cots_dat', 'fast_dat', 'slow_dat'}
[93mRunning model for individual...[0m
[0mIndividual directory: POPULATIONS\POPULATION_0008\INDIVIDUAL_FE541DP3[0m
[93mRemoved old compilation: model.dll[0m
[93mRemoved old compilation: model.o[0m
[93mR script stdout:[0m
[0mg++ -std=gnu++17  -I"C:/Users/spi085/AppData/Local/Programs/R/R-4.4.1/include" -DNDEBUG -I"C:/Users/spi085/AppData/Local/Programs/R/R-44~1.1/library/TMB/include" -I"C:/Users/spi085/AppData/Local/Programs/R/R-44~1.1/library/RCPPEI~1/include"   -DTMB_EIGEN_DISABLE_WARNINGS   -DTMB_LIB_INIT=R_init_model  -DCPPAD_FRAMEWORK    -I"C:/rtools44/x86_64-w64-mingw32.static.posix/include"     -O2 -Wa,-mbig-obj -c POPULATIONS//POPULATION_0008//INDIVIDUAL_FE541DP3/model.cpp -o POPULATIONS//POPULATION_0008//INDIVIDUAL_FE541DP3/model.o
g++ -std=gnu++17 -shared -s -static-libgcc -o POPULATIONS//POPULATION_0008//INDIVIDUAL_FE541DP3/model.dll tmp.def POPULATIONS//POPULATION_0008//INDIVIDUAL_FE541DP3/model.o -LC:/rtools44/x86_64-w64-mingw32.static.posix/lib/x64 -LC:/rtools44/x86_64-w64-mingw32.static.posix/lib -LC:/Users/spi085/AppData/Local/Programs/R/R-4.4.1/bin/x64 -lR
Starting model phases
Number of phases: 3 
Phase 1 
Initial parameter values for phase 1 :
    r_cots     r_slow     r_fast alpha_slow alpha_fast 
        NA         NA         NA         NA         NA 
Error in model phases: NA/NaN gradient evaluation[0m
[93mR script stderr:[0m
[0mLoading required package: TMB
Loading required package: jsonlite
here() starts at C:/Users/spi085/OneDrive - CSIRO/Documents/_Projects/SCCP-QuantModelling
using C++ compiler: 'G__~1.EXE (GCC) 13.2.0'
Error in value[[3L]](cond) : 
  Error in model phases: NA/NaN gradient evaluation
Calls: tryCatch -> tryCatchList -> tryCatchOne -> <Anonymous>
In addition: Warning message:
In nlminb(model$par, model$fn, model$gr) : NA/NaN function evaluation
Execution halted[0m
[91mR script failed with return code 1[0m
Fixing broken model iteration: 2

tmp.def
C:\Users\spi085\OneDrive - 
CSIRO\Documents\_Projects\SCCP-QuantModelling\tmp.
def: file not found error
C:\Users\spi085\OneDrive - 
CSIRO\Documents\_Projects\SCCP-QuantModelling\tmp.
def: file not found error
Dropping tmp.def from the chat.
Let me simplify the model by removing the         
temperature dependence for corals and instead add 
a density-dependent mortality term that should    
help capture the peaks better. This is            
ecologically relevant as higher coral densities   
can lead to increased mortality due to competition
and disease.                                      

POPULATIONS\POPULATION_0008\INDIVIDUAL_FE541DP3\mo
del.cpp                                           

                                                  
 <<<<<<< SEARCH                                   
     // Temperature-dependent coral growth        
     Type coral_temp_effect = exp(-0.5 *          
 pow((sst_dat(t) - Type(26.0)) / Type(3.0), 2));  
                                                  
     slow_pred(t) = slow_pred(t-1) + (r_slow *    
 coral_temp_effect) * slow_pred(t-1) * (Type(1.0) 
 slow_pred(t-1)/K_slow) - pred_pressure_slow;     
     fast_pred(t) = fast_pred(t-1) + (r_fast *    
 coral_temp_effect) * fast_pred(t-1) * (Type(1.0) 
 fast_pred(t-1)/K_fast) - pred_pressure_fast;     
 =======                                          
     // Density-dependent mortality               
     Type slow_mortality = Type(0.1) *            
 pow(slow_pred(t-1)/K_slow, 2);                   
     Type fast_mortality = Type(0.1) *            
 pow(fast_pred(t-1)/K_fast, 2);                   
                                                  
     slow_pred(t) = slow_pred(t-1) + r_slow *     
 slow_pred(t-1) * (Type(1.0) -                    
 slow_pred(t-1)/K_slow) - pred_pressure_slow -    
 slow_mortality * slow_pred(t-1);                 
     fast_pred(t) = fast_pred(t-1) + r_fast *     
 fast_pred(t-1) * (Type(1.0) -                    
 fast_pred(t-1)/K_fast) - pred_pressure_fast -    
 fast_mortality * fast_pred(t-1);                 
 >>>>>>> REPLACE                                  
                                                  

POPULATIONS\POPULATION_0008\INDIVIDUAL_FE541DP3\in
tention.txt                                       

                                                  
 <<<<<<< SEARCH                                   
 Added temperature-dependent coral growth rates   
 using a Gaussian response curve centered at 26Â°C 
 This reflects the known sensitivity of coral     
 growth to temperature while maintaining model    
 stability.                                       
 =======                                          
 Added density-dependent mortality terms for both 
 coral types. This captures increased mortality a 
 higher densities due to competition and disease  
 transmission, which can help explain sudden      
 population declines seen in the data.            
 >>>>>>> REPLACE                                  
                                                  

This change replaces the temperature-dependent    
growth with a density-dependent mortality term    
that increases quadratically with coral cover.    
This should help capture the sharp peaks and      
subsequent declines in the data while maintaining 
biological realism.                               

Tokens: 13k sent, 540 received. Cost: $0.05 
message, $0.18 session.
Committing 
POPULATIONS\POPULATION_0008\INDIVIDUAL_FE541DP3\mo
del.cpp before applying edits.
Committing 
POPULATIONS\POPULATION_0008\INDIVIDUAL_FE541DP3\in
tention.txt before applying edits.
Unable to add C:\Users\spi085\OneDrive - 
CSIRO\Documents\_Projects\SCCP-QuantModelling\POPU
LATIONS\POPULATION_0008\INDIVIDUAL_FE541DP3\intent
ion.txt: Cmd('git') failed due to: exit code(1)
  cmdline: git add C:\Users\spi085\OneDrive - 
CSIRO\Documents\_Projects\SCCP-QuantModelling\POPU
LATIONS\POPULATION_0008\INDIVIDUAL_FE541DP3\intent
ion.txt
  stderr: 'The following paths are ignored by one 
of your .gitignore files:
POPULATIONS
hint: Use -f if you really want to add them.
hint: Turn this message off by running
hint: "git config advice.addIgnoredFile false"'
Unable to add C:\Users\spi085\OneDrive - 
CSIRO\Documents\_Projects\SCCP-QuantModelling\POPULATIONS\POPULATIO
N_0008\INDIVIDUAL_FE541DP3\model.cpp: Cmd('git') failed due to: 
exit code(1)
  cmdline: git add C:\Users\spi085\OneDrive - 
CSIRO\Documents\_Projects\SCCP-QuantModelling\POPULATIONS\POPULATIO
N_0008\INDIVIDUAL_FE541DP3\model.cpp
  stderr: 'The following paths are ignored by one of your 
.gitignore files:
POPULATIONS
hint: Use -f if you really want to add them.
hint: Turn this message off by running
hint: "git config advice.addIgnoredFile false"'
Unable to commit: Cmd('git') failed due to: exit code(1)
  cmdline: git commit -m feat: Add new individual files for 
population 8 --no-verify -- C:\Users\spi085\OneDrive - 
CSIRO\Documents\_Projects\SCCP-QuantModelling\POPULATIONS\POPULATIO
N_0008\INDIVIDUAL_FE541DP3\intention.txt C:\Users\spi085\OneDrive -
CSIRO\Documents\_Projects\SCCP-QuantModelling\POPULATIONS\POPULATIO
N_0008\INDIVIDUAL_FE541DP3\model.cpp
  stderr: 'error: pathspec 'C:\Users\spi085\OneDrive - 
CSIRO\Documents\_Projects\SCCP-QuantModelling\POPULATIONS\POPULATIO
N_0008\INDIVIDUAL_FE541DP3\intention.txt' did not match any file(s)
known to git
error: pathspec 'C:\Users\spi085\OneDrive - 
CSIRO\Documents\_Projects\SCCP-QuantModelling\POPULATIONS\POPULATIO
N_0008\INDIVIDUAL_FE541DP3\model.cpp' did not match any file(s) 
known to git'
Applied edit to 
POPULATIONS\POPULATION_0008\INDIVIDUAL_FE541DP3\intention.txt
Applied edit to 
POPULATIONS\POPULATION_0008\INDIVIDUAL_FE541DP3\model.cpp
Validating fixed model for data leakage...
Opening file: POPULATIONS\POPULATION_0008\INDIVIDUAL_FE541DP3\model.cpp
File read successfully
Extracting vectors...
Found data vectors: {'slow_dat', 'cots_dat', 'cotsimm_dat', 'sst_dat', 'fast_dat'}
Found prediction vectors: {'fast_pred', 'cots_pred', 'slow_pred'}
Found reported vectors: {'sigma_slow', 'fast_pred', 'cots_pred', 'sigma_cots', 'slow_pred', 'sigma_fast'}
Finding initial conditions...
Found 3 initial conditions
Finding time-stepping loop...
Found loop from line 52 to 81
Found response variables: {'cots_dat', 'fast_dat', 'slow_dat'}
[93mRunning model for individual...[0m
[0mIndividual directory: POPULATIONS\POPULATION_0008\INDIVIDUAL_FE541DP3[0m
[93mRemoved old compilation: model.dll[0m
[93mRemoved old compilation: model.o[0m
[93mR script stdout:[0m
[0mg++ -std=gnu++17  -I"C:/Users/spi085/AppData/Local/Programs/R/R-4.4.1/include" -DNDEBUG -I"C:/Users/spi085/AppData/Local/Programs/R/R-44~1.1/library/TMB/include" -I"C:/Users/spi085/AppData/Local/Programs/R/R-44~1.1/library/RCPPEI~1/include"   -DTMB_EIGEN_DISABLE_WARNINGS   -DTMB_LIB_INIT=R_init_model  -DCPPAD_FRAMEWORK    -I"C:/rtools44/x86_64-w64-mingw32.static.posix/include"     -O2 -Wa,-mbig-obj -c POPULATIONS//POPULATION_0008//INDIVIDUAL_FE541DP3/model.cpp -o POPULATIONS//POPULATION_0008//INDIVIDUAL_FE541DP3/model.o
g++ -std=gnu++17 -shared -s -static-libgcc -o POPULATIONS//POPULATION_0008//INDIVIDUAL_FE541DP3/model.dll tmp.def POPULATIONS//POPULATION_0008//INDIVIDUAL_FE541DP3/model.o -LC:/rtools44/x86_64-w64-mingw32.static.posix/lib/x64 -LC:/rtools44/x86_64-w64-mingw32.static.posix/lib -LC:/Users/spi085/AppData/Local/Programs/R/R-4.4.1/bin/x64 -lR
Starting model phases
Number of phases: 3 
Phase 1 
Initial parameter values for phase 1 :
    r_cots     r_slow     r_fast alpha_slow alpha_fast 
        NA         NA         NA         NA         NA 
Error in model phases: NA/NaN gradient evaluation[0m
[93mR script stderr:[0m
[0mLoading required package: TMB
Loading required package: jsonlite
here() starts at C:/Users/spi085/OneDrive - CSIRO/Documents/_Projects/SCCP-QuantModelling
using C++ compiler: 'G__~1.EXE (GCC) 13.2.0'
Error in value[[3L]](cond) : 
  Error in model phases: NA/NaN gradient evaluation
Calls: tryCatch -> tryCatchList -> tryCatchOne -> <Anonymous>
In addition: Warning message:
In nlminb(model$par, model$fn, model$gr) : NA/NaN function evaluation
Execution halted[0m
[91mR script failed with return code 1[0m
Fixing broken model iteration: 3

tmp.def
C:\Users\spi085\OneDrive - 
CSIRO\Documents\_Projects\SCCP-QuantModelling\tmp.def: file not 
found error
C:\Users\spi085\OneDrive - 
CSIRO\Documents\_Projects\SCCP-QuantModelling\tmp.def: file not 
found error
Dropping tmp.def from the chat.
Let me simplify the model by removing the density-dependent        
mortality and instead add a simple carrying capacity constraint.   
This should help with numerical stability while still capturing the
population dynamics.                                               

POPULATIONS\POPULATION_0008\INDIVIDUAL_FE541DP3\model.cpp          

                                                                   
 <<<<<<< SEARCH                                                    
     // Density-dependent mortality                                
     Type slow_mortality = Type(0.1) * pow(slow_pred(t-1)/K_slow,  
 2);                                                               
     Type fast_mortality = Type(0.1) * pow(fast_pred(t-1)/K_fast,  
 2);                                                               
                                                                   
     slow_pred(t) = slow_pred(t-1) + r_slow * slow_pred(t-1) *     
 (Type(1.0) - slow_pred(t-1)/K_slow) - pred_pressure_slow -        
 slow_mortality * slow_pred(t-1);                                  
     fast_pred(t) = fast_pred(t-1) + r_fast * fast_pred(t-1) *     
 (Type(1.0) - fast_pred(t-1)/K_fast) - pred_pressure_fast -        
 fast_mortality * fast_pred(t-1);                                  
 =======                                                           
     // Basic logistic growth with predation                       
     slow_pred(t) = slow_pred(t-1) + r_slow * slow_pred(t-1) *     
 (Type(1.0) - slow_pred(t-1)/K_slow) - pred_pressure_slow;         
     fast_pred(t) = fast_pred(t-1) + r_fast * fast_pred(t-1) *     
 (Type(1.0) - fast_pred(t-1)/K_fast) - pred_pressure_fast;         
 >>>>>>> REPLACE                                                   
                                                                   

POPULATIONS\POPULATION_0008\INDIVIDUAL_FE541DP3\intention.txt      

                                                                   
 <<<<<<< SEARCH                                                    
 Added density-dependent mortality terms for both coral types. Thi 
 captures increased mortality at higher densities due to competiti 
 and disease transmission, which can help explain sudden populatio 
 declines seen in the data.                                        
 =======                                                           
 Simplified coral dynamics to basic logistic growth with predation 
 pressure. This maintains ecological realism while improving       
 numerical stability of the model.                                 
 >>>>>>> REPLACE                                                   
                                                                   

This change removes the additional density-dependent mortality     
terms and returns to the standard logistic growth equation with    
predation. This should provide better numerical stability while    
still capturing the essential dynamics of the system.              

Tokens: 15k sent, 469 received. Cost: $0.05 message, $0.23 session.
Committing 
POPULATIONS\POPULATION_0008\INDIVIDUAL_FE541DP3\model.cpp before 
applying edits.
Committing 
POPULATIONS\POPULATION_0008\INDIVIDUAL_FE541DP3\intention.txt 
before applying edits.
Unable to add C:\Users\spi085\OneDrive - 
CSIRO\Documents\_Projects\SCCP-QuantModelling\POPULATIONS\POPULATIO
N_0008\INDIVIDUAL_FE541DP3\intention.txt: Cmd('git') failed due to:
exit code(1)
  cmdline: git add C:\Users\spi085\OneDrive - 
CSIRO\Documents\_Projects\SCCP-QuantModelling\POPULATIONS\POPULATIO
N_0008\INDIVIDUAL_FE541DP3\intention.txt
  stderr: 'The following paths are ignored by one of your 
.gitignore files:
POPULATIONS
hint: Use -f if you really want to add them.
hint: Turn this message off by running
hint: "git config advice.addIgnoredFile false"'
Unable to add C:\Users\spi085\OneDrive - 
CSIRO\Documents\_Projects\SCCP-QuantModelling\POPULATIONS\POPULATIO
N_0008\INDIVIDUAL_FE541DP3\model.cpp: Cmd('git') failed due to: 
exit code(1)
  cmdline: git add C:\Users\spi085\OneDrive - 
CSIRO\Documents\_Projects\SCCP-QuantModelling\POPULATIONS\POPULATIO
N_0008\INDIVIDUAL_FE541DP3\model.cpp
  stderr: 'The following paths are ignored by one of your 
.gitignore files:
POPULATIONS
hint: Use -f if you really want to add them.
hint: Turn this message off by running
hint: "git config advice.addIgnoredFile false"'
Unable to commit: Cmd('git') failed due to: exit code(1)
  cmdline: git commit -m feat: Add new individual files for 
population 8 --no-verify -- C:\Users\spi085\OneDrive - 
CSIRO\Documents\_Projects\SCCP-QuantModelling\POPULATIONS\POPULATIO
N_0008\INDIVIDUAL_FE541DP3\intention.txt C:\Users\spi085\OneDrive -
CSIRO\Documents\_Projects\SCCP-QuantModelling\POPULATIONS\POPULATIO
N_0008\INDIVIDUAL_FE541DP3\model.cpp
  stderr: 'error: pathspec 'C:\Users\spi085\OneDrive - 
CSIRO\Documents\_Projects\SCCP-QuantModelling\POPULATIONS\POPULATIO
N_0008\INDIVIDUAL_FE541DP3\intention.txt' did not match any file(s)
known to git
error: pathspec 'C:\Users\spi085\OneDrive - 
CSIRO\Documents\_Projects\SCCP-QuantModelling\POPULATIONS\POPULATIO
N_0008\INDIVIDUAL_FE541DP3\model.cpp' did not match any file(s) 
known to git'
Applied edit to 
POPULATIONS\POPULATION_0008\INDIVIDUAL_FE541DP3\intention.txt
Applied edit to 
POPULATIONS\POPULATION_0008\INDIVIDUAL_FE541DP3\model.cpp
Validating fixed model for data leakage...
Opening file: POPULATIONS\POPULATION_0008\INDIVIDUAL_FE541DP3\model.cpp
File read successfully
Extracting vectors...
Found data vectors: {'slow_dat', 'cots_dat', 'cotsimm_dat', 'sst_dat', 'fast_dat'}
Found prediction vectors: {'fast_pred', 'cots_pred', 'slow_pred'}
Found reported vectors: {'sigma_slow', 'fast_pred', 'cots_pred', 'sigma_cots', 'slow_pred', 'sigma_fast'}
Finding initial conditions...
Found 3 initial conditions
Finding time-stepping loop...
Found loop from line 52 to 78
Found response variables: {'cots_dat', 'fast_dat', 'slow_dat'}
[93mRunning model for individual...[0m
[0mIndividual directory: POPULATIONS\POPULATION_0008\INDIVIDUAL_FE541DP3[0m
[93mRemoved old compilation: model.dll[0m
[93mRemoved old compilation: model.o[0m
[93mR script stdout:[0m
[0mg++ -std=gnu++17  -I"C:/Users/spi085/AppData/Local/Programs/R/R-4.4.1/include" -DNDEBUG -I"C:/Users/spi085/AppData/Local/Programs/R/R-44~1.1/library/TMB/include" -I"C:/Users/spi085/AppData/Local/Programs/R/R-44~1.1/library/RCPPEI~1/include"   -DTMB_EIGEN_DISABLE_WARNINGS   -DTMB_LIB_INIT=R_init_model  -DCPPAD_FRAMEWORK    -I"C:/rtools44/x86_64-w64-mingw32.static.posix/include"     -O2 -Wa,-mbig-obj -c POPULATIONS//POPULATION_0008//INDIVIDUAL_FE541DP3/model.cpp -o POPULATIONS//POPULATION_0008//INDIVIDUAL_FE541DP3/model.o
g++ -std=gnu++17 -shared -s -static-libgcc -o POPULATIONS//POPULATION_0008//INDIVIDUAL_FE541DP3/model.dll tmp.def POPULATIONS//POPULATION_0008//INDIVIDUAL_FE541DP3/model.o -LC:/rtools44/x86_64-w64-mingw32.static.posix/lib/x64 -LC:/rtools44/x86_64-w64-mingw32.static.posix/lib -LC:/Users/spi085/AppData/Local/Programs/R/R-4.4.1/bin/x64 -lR
Starting model phases
Number of phases: 3 
Phase 1 
Initial parameter values for phase 1 :
    r_cots     r_slow     r_fast alpha_slow alpha_fast 
        NA         NA         NA         NA         NA 
Error in model phases: NA/NaN gradient evaluation[0m
[93mR script stderr:[0m
[0mLoading required package: TMB
Loading required package: jsonlite
here() starts at C:/Users/spi085/OneDrive - CSIRO/Documents/_Projects/SCCP-QuantModelling
using C++ compiler: 'G__~1.EXE (GCC) 13.2.0'
Error in value[[3L]](cond) : 
  Error in model phases: NA/NaN gradient evaluation
Calls: tryCatch -> tryCatchList -> tryCatchOne -> <Anonymous>
In addition: Warning message:
In nlminb(model$par, model$fn, model$gr) : NA/NaN function evaluation
Execution halted[0m
[91mR script failed with return code 1[0m
Fixing broken model iteration: 4

tmp.def
C:\Users\spi085\OneDrive - 
CSIRO\Documents\_Projects\SCCP-QuantModelling\tmp.def: file not 
found error
C:\Users\spi085\OneDrive - 
CSIRO\Documents\_Projects\SCCP-QuantModelling\tmp.def: file not 
found error
Dropping tmp.def from the chat.
Let me modify the model to improve numerical stability by adjusting
the observation model and ensuring positive values. I'll make these
changes:                                                           

 1 Change the observation model to use raw values instead of       
   log-transformed                                                 
 2 Add bounds checking for predictions                             

POPULATIONS\POPULATION_0008\INDIVIDUAL_FE541DP3\model.cpp          

                                                                   
 <<<<<<< SEARCH                                                    
   // Observation model using lognormal distribution               
   for(int t = 0; t < cots_dat.size(); t++) {                      
     // Add small constant to observations and predictions         
     Type cots_obs = cots_dat(t) + eps;                            
     Type slow_obs = slow_dat(t) + eps;                            
     Type fast_obs = fast_dat(t) + eps;                            
                                                                   
     Type cots_model = cots_pred(t) + eps;                         
     Type slow_model = slow_pred(t) + eps;                         
     Type fast_model = fast_pred(t) + eps;                         
                                                                   
     nll -= dnorm(log(cots_obs), log(cots_model), sigma_cots, true 
     nll -= dnorm(log(slow_obs), log(slow_model), sigma_slow, true 
     nll -= dnorm(log(fast_obs), log(fast_model), sigma_fast, true 
 =======                                                           
   // Direct observation model with bounds checking                
   for(int t = 0; t < cots_dat.size(); t++) {                      
     // Ensure predictions are bounded                             
     Type cots_model = max(Type(0.0), min(cots_pred(t), K_cots));  
     Type slow_model = max(Type(0.0), min(slow_pred(t), K_slow));  
     Type fast_model = max(Type(0.0), min(fast_pred(t), K_fast));  
                                                                   
     nll -= dnorm(cots_dat(t), cots_model, sigma_cots, true);      
     nll -= dnorm(slow_dat(t), slow_model, sigma_slow, true);      
     nll -= dnorm(fast_dat(t), fast_model, sigma_fast, true);      
 >>>>>>> REPLACE                                                   
                                                                   

POPULATIONS\POPULATION_0008\INDIVIDUAL_FE541DP3\intention.txt      

                                                                   
 <<<<<<< SEARCH                                                    
 Simplified coral dynamics to basic logistic growth with predation 
 pressure. This maintains ecological realism while improving       
 numerical stability of the model.                                 
 =======                                                           
 Changed observation model from log-normal to normal distribution  
 and added explicit bounds checking on predictions. This should    
 improve numerical stability while maintaining biological          
 constraints.                                                      
 >>>>>>> REPLACE                                                   
                                                                   

This change simplifies the observation model and ensures           
predictions stay within biologically reasonable bounds, which      
should help with the gradient evaluation issues.                   

Tokens: 16k sent, 533 received. Cost: $0.05 message, $0.29 session.
Committing 
POPULATIONS\POPULATION_0008\INDIVIDUAL_FE541DP3\model.cpp before 
applying edits.
Committing 
POPULATIONS\POPULATION_0008\INDIVIDUAL_FE541DP3\intention.txt 
before applying edits.
Unable to add C:\Users\spi085\OneDrive - 
CSIRO\Documents\_Projects\SCCP-QuantModelling\POPULATIONS\POPULATIO
N_0008\INDIVIDUAL_FE541DP3\intention.txt: Cmd('git') failed due to:
exit code(1)
  cmdline: git add C:\Users\spi085\OneDrive - 
CSIRO\Documents\_Projects\SCCP-QuantModelling\POPULATIONS\POPULATIO
N_0008\INDIVIDUAL_FE541DP3\intention.txt
  stderr: 'The following paths are ignored by one of your 
.gitignore files:
POPULATIONS
hint: Use -f if you really want to add them.
hint: Turn this message off by running
hint: "git config advice.addIgnoredFile false"'
Unable to add C:\Users\spi085\OneDrive - 
CSIRO\Documents\_Projects\SCCP-QuantModelling\POPULATIONS\POPULATIO
N_0008\INDIVIDUAL_FE541DP3\model.cpp: Cmd('git') failed due to: 
exit code(1)
  cmdline: git add C:\Users\spi085\OneDrive - 
CSIRO\Documents\_Projects\SCCP-QuantModelling\POPULATIONS\POPULATIO
N_0008\INDIVIDUAL_FE541DP3\model.cpp
  stderr: 'The following paths are ignored by one of your 
.gitignore files:
POPULATIONS
hint: Use -f if you really want to add them.
hint: Turn this message off by running
hint: "git config advice.addIgnoredFile false"'
Unable to commit: Cmd('git') failed due to: exit code(1)
  cmdline: git commit -m feat: Add new individual files for 
population 8 --no-verify -- C:\Users\spi085\OneDrive - 
CSIRO\Documents\_Projects\SCCP-QuantModelling\POPULATIONS\POPULATIO
N_0008\INDIVIDUAL_FE541DP3\intention.txt C:\Users\spi085\OneDrive -
CSIRO\Documents\_Projects\SCCP-QuantModelling\POPULATIONS\POPULATIO
N_0008\INDIVIDUAL_FE541DP3\model.cpp
  stderr: 'error: pathspec 'C:\Users\spi085\OneDrive - 
CSIRO\Documents\_Projects\SCCP-QuantModelling\POPULATIONS\POPULATIO
N_0008\INDIVIDUAL_FE541DP3\intention.txt' did not match any file(s)
known to git
error: pathspec 'C:\Users\spi085\OneDrive - 
CSIRO\Documents\_Projects\SCCP-QuantModelling\POPULATIONS\POPULATIO
N_0008\INDIVIDUAL_FE541DP3\model.cpp' did not match any file(s) 
known to git'
Applied edit to 
POPULATIONS\POPULATION_0008\INDIVIDUAL_FE541DP3\intention.txt
Applied edit to 
POPULATIONS\POPULATION_0008\INDIVIDUAL_FE541DP3\model.cpp
Validating fixed model for data leakage...
Opening file: POPULATIONS\POPULATION_0008\INDIVIDUAL_FE541DP3\model.cpp
File read successfully
Extracting vectors...
Found data vectors: {'slow_dat', 'cots_dat', 'cotsimm_dat', 'sst_dat', 'fast_dat'}
Found prediction vectors: {'fast_pred', 'cots_pred', 'slow_pred'}
Found reported vectors: {'sigma_slow', 'fast_pred', 'cots_pred', 'sigma_cots', 'slow_pred', 'sigma_fast'}
Finding initial conditions...
Found 3 initial conditions
Finding time-stepping loop...
Found loop from line 52 to 78
Found response variables: {'cots_dat', 'fast_dat', 'slow_dat'}
[93mRunning model for individual...[0m
[0mIndividual directory: POPULATIONS\POPULATION_0008\INDIVIDUAL_FE541DP3[0m
[93mRemoved old compilation: model.dll[0m
[93mRemoved old compilation: model.o[0m
[93mR script stdout:[0m
[0mg++ -std=gnu++17  -I"C:/Users/spi085/AppData/Local/Programs/R/R-4.4.1/include" -DNDEBUG -I"C:/Users/spi085/AppData/Local/Programs/R/R-44~1.1/library/TMB/include" -I"C:/Users/spi085/AppData/Local/Programs/R/R-44~1.1/library/RCPPEI~1/include"   -DTMB_EIGEN_DISABLE_WARNINGS   -DTMB_LIB_INIT=R_init_model  -DCPPAD_FRAMEWORK    -I"C:/rtools44/x86_64-w64-mingw32.static.posix/include"     -O2 -Wa,-mbig-obj -c POPULATIONS//POPULATION_0008//INDIVIDUAL_FE541DP3/model.cpp -o POPULATIONS//POPULATION_0008//INDIVIDUAL_FE541DP3/model.o[0m
[93mR script stderr:[0m
[0mLoading required package: TMB
Loading required package: jsonlite
here() starts at C:/Users/spi085/OneDrive - CSIRO/Documents/_Projects/SCCP-QuantModelling
using C++ compiler: 'G__~1.EXE (GCC) 13.2.0'
POPULATIONS//POPULATION_0008//INDIVIDUAL_FE541DP3/model.cpp: In instantiation of 'Type objective_function<Type>::operator()() [with Type = CppAD::AD<double>]':
C:/Users/spi085/AppData/Local/Programs/R/R-4.4.1/library/TMB/include/tmb_core.hpp:1308:6:   required from here
POPULATIONS//POPULATION_0008//INDIVIDUAL_FE541DP3/model.cpp:83:41: error: no matching function for call to 'min(Eigen::DenseCoeffsBase<Eigen::Array<CppAD::AD<double>, -1, 1, 0, -1, 1>, 1>::Scalar&, CppAD::AD<double>&)'
   83 |     Type cots_model = max(Type(0.0), min(cots_pred(t), K_cots));
      |                                      ~~~^~~~~~~~~~~~~~~~~~~~~~
In file included from C:/Users/spi085/AppData/Local/Programs/R/R-4.4.1/library/TMB/include/TMB.hpp:215,
                 from POPULATIONS//POPULATION_0008//INDIVIDUAL_FE541DP3/model.cpp:1:
C:/Users/spi085/AppData/Local/Programs/R/R-4.4.1/library/TMB/include/convenience.hpp:156:6: note: candidate: 'template<class Type> Type min(const tmbutils::vector<Type>&)'
  156 | Type min(const vector<Type> &x)
      |      ^~~
C:/Users/spi085/AppData/Local/Programs/R/R-4.4.1/library/TMB/include/convenience.hpp:156:6: note:   template argument deduction/substitution failed:
POPULATIONS//POPULATION_0008//INDIVIDUAL_FE541DP3/model.cpp:83:41: note:   'Eigen::DenseCoeffsBase<Eigen::Array<CppAD::AD<double>, -1, 1, 0, -1, 1>, 1>::Scalar' {aka 'CppAD::AD<double>'} is not derived from 'const tmbutils::vector<Type>'
   83 |     Type cots_model = max(Type(0.0), min(cots_pred(t), K_cots));
      |                                      ~~~^~~~~~~~~~~~~~~~~~~~~~
POPULATIONS//POPULATION_0008//INDIVIDUAL_FE541DP3/model.cpp:84:41: error: no matching function for call to 'min(Eigen::DenseCoeffsBase<Eigen::Array<CppAD::AD<double>, -1, 1, 0, -1, 1>, 1>::Scalar&, CppAD::AD<double>&)'
   84 |     Type slow_model = max(Type(0.0), min(slow_pred(t), K_slow));
      |                                      ~~~^~~~~~~~~~~~~~~~~~~~~~
C:/Users/spi085/AppData/Local/Programs/R/R-4.4.1/library/TMB/include/convenience.hpp:156:6: note: candidate: 'template<class Type> Type min(const tmbutils::vector<Type>&)'
  156 | Type min(const vector<Type> &x)
      |      ^~~
C:/Users/spi085/AppData/Local/Programs/R/R-4.4.1/library/TMB/include/convenience.hpp:156:6: note:   template argument deduction/substitution failed:
POPULATIONS//POPULATION_0008//INDIVIDUAL_FE541DP3/model.cpp:84:41: note:   'Eigen::DenseCoeffsBase<Eigen::Array<CppAD::AD<double>, -1, 1, 0, -1, 1>, 1>::Scalar' {aka 'CppAD::AD<double>'} is not derived from 'const tmbutils::vector<Type>'
   84 |     Type slow_model = max(Type(0.0), min(slow_pred(t), K_slow));
      |                                      ~~~^~~~~~~~~~~~~~~~~~~~~~
POPULATIONS//POPULATION_0008//INDIVIDUAL_FE541DP3/model.cpp:85:41: error: no matching function for call to 'min(Eigen::DenseCoeffsBase<Eigen::Array<CppAD::AD<double>, -1, 1, 0, -1, 1>, 1>::Scalar&, CppAD::AD<double>&)'
   85 |     Type fast_model = max(Type(0.0), min(fast_pred(t), K_fast));
      |                                      ~~~^~~~~~~~~~~~~~~~~~~~~~
C:/Users/spi085/AppData/Local/Programs/R/R-4.4.1/library/TMB/include/convenience.hpp:156:6: note: candidate: 'template<class Type> Type min(const tmbutils::vector<Type>&)'
  156 | Type min(const vector<Type> &x)
      |      ^~~
C:/Users/spi085/AppData/Local/Programs/R/R-4.4.1/library/TMB/include/convenience.hpp:156:6: note:   template argument deduction/substitution failed:
POPULATIONS//POPULATION_0008//INDIVIDUAL_FE541DP3/model.cpp:85:41: note:   'Eigen::DenseCoeffsBase<Eigen::Array<CppAD::AD<double>, -1, 1, 0, -1, 1>, 1>::Scalar' {aka 'CppAD::AD<double>'} is not derived from 'const tmbutils::vector<Type>'
   85 |     Type fast_model = max(Type(0.0), min(fast_pred(t), K_fast));
      |                                      ~~~^~~~~~~~~~~~~~~~~~~~~~
POPULATIONS//POPULATION_0008//INDIVIDUAL_FE541DP3/model.cpp: In instantiation of 'Type objective_function<Type>::operator()() [with Type = double]':
C:/Users/spi085/AppData/Local/Programs/R/R-4.4.1/library/TMB/include/tmb_core.hpp:2031:7:   required from here
POPULATIONS//POPULATION_0008//INDIVIDUAL_FE541DP3/model.cpp:83:41: error: no matching function for call to 'min(Eigen::DenseCoeffsBase<Eigen::Array<double, -1, 1>, 1>::Scalar&, double&)'
   83 |     Type cots_model = max(Type(0.0), min(cots_pred(t), K_cots));
      |                                      ~~~^~~~~~~~~~~~~~~~~~~~~~
C:/Users/spi085/AppData/Local/Programs/R/R-4.4.1/library/TMB/include/convenience.hpp:156:6: note: candidate: 'template<class Type> Type min(const tmbutils::vector<Type>&)'
  156 | Type min(const vector<Type> &x)
      |      ^~~
C:/Users/spi085/AppData/Local/Programs/R/R-4.4.1/library/TMB/include/convenience.hpp:156:6: note:   template argument deduction/substitution failed:
POPULATIONS//POPULATION_0008//INDIVIDUAL_FE541DP3/model.cpp:83:41: note:   mismatched types 'const tmbutils::vector<Type>' and 'Eigen::DenseCoeffsBase<Eigen::Array<double, -1, 1>, 1>::Scalar' {aka 'double'}
   83 |     Type cots_model = max(Type(0.0), min(cots_pred(t), K_cots));
      |                                      ~~~^~~~~~~~~~~~~~~~~~~~~~
POPULATIONS//POPULATION_0008//INDIVIDUAL_FE541DP3/model.cpp:84:41: error: no matching function for call to 'min(Eigen::DenseCoeffsBase<Eigen::Array<double, -1, 1>, 1>::Scalar&, double&)'
   84 |     Type slow_model = max(Type(0.0), min(slow_pred(t), K_slow));
      |                                      ~~~^~~~~~~~~~~~~~~~~~~~~~
C:/Users/spi085/AppData/Local/Programs/R/R-4.4.1/library/TMB/include/convenience.hpp:156:6: note: candidate: 'template<class Type> Type min(const tmbutils::vector<Type>&)'
  156 | Type min(const vector<Type> &x)
      |      ^~~
C:/Users/spi085/AppData/Local/Programs/R/R-4.4.1/library/TMB/include/convenience.hpp:156:6: note:   template argument deduction/substitution failed:
POPULATIONS//POPULATION_0008//INDIVIDUAL_FE541DP3/model.cpp:84:41: note:   mismatched types 'const tmbutils::vector<Type>' and 'Eigen::DenseCoeffsBase<Eigen::Array<double, -1, 1>, 1>::Scalar' {aka 'double'}
   84 |     Type slow_model = max(Type(0.0), min(slow_pred(t), K_slow));
      |                                      ~~~^~~~~~~~~~~~~~~~~~~~~~
POPULATIONS//POPULATION_0008//INDIVIDUAL_FE541DP3/model.cpp:85:41: error: no matching function for call to 'min(Eigen::DenseCoeffsBase<Eigen::Array<double, -1, 1>, 1>::Scalar&, double&)'
   85 |     Type fast_model = max(Type(0.0), min(fast_pred(t), K_fast));
      |                                      ~~~^~~~~~~~~~~~~~~~~~~~~~
C:/Users/spi085/AppData/Local/Programs/R/R-4.4.1/library/TMB/include/convenience.hpp:156:6: note: candidate: 'template<class Type> Type min(const tmbutils::vector<Type>&)'
  156 | Type min(const vector<Type> &x)
      |      ^~~
C:/Users/spi085/AppData/Local/Programs/R/R-4.4.1/library/TMB/include/convenience.hpp:156:6: note:   template argument deduction/substitution failed:
POPULATIONS//POPULATION_0008//INDIVIDUAL_FE541DP3/model.cpp:85:41: note:   mismatched types 'const tmbutils::vector<Type>' and 'Eigen::DenseCoeffsBase<Eigen::Array<double, -1, 1>, 1>::Scalar' {aka 'double'}
   85 |     Type fast_model = max(Type(0.0), min(fast_pred(t), K_fast));
      |                                      ~~~^~~~~~~~~~~~~~~~~~~~~~
POPULATIONS//POPULATION_0008//INDIVIDUAL_FE541DP3/model.cpp: In instantiation of 'Type objective_function<Type>::operator()() [with Type = CppAD::AD<CppAD::AD<double> >]':
C:/Users/spi085/AppData/Local/Programs/R/R-4.4.1/library/TMB/include/tmb_core.hpp:913:29:   required from 'Type objective_function<Type>::evalUserTemplate() [with Type = CppAD::AD<CppAD::AD<double> >]'
C:/Users/spi085/AppData/Local/Programs/R/R-4.4.1/library/TMB/include/tmb_core.hpp:2112:26:   required from here
POPULATIONS//POPULATION_0008//INDIVIDUAL_FE541DP3/model.cpp:83:41: error: no matching function for call to 'min(Eigen::DenseCoeffsBase<Eigen::Array<CppAD::AD<CppAD::AD<double> >, -1, 1, 0, -1, 1>, 1>::Scalar&, CppAD::AD<CppAD::AD<double> >&)'
   83 |     Type cots_model = max(Type(0.0), min(cots_pred(t), K_cots));
      |                                      ~~~^~~~~~~~~~~~~~~~~~~~~~
C:/Users/spi085/AppData/Local/Programs/R/R-4.4.1/library/TMB/include/convenience.hpp:156:6: note: candidate: 'template<class Type> Type min(const tmbutils::vector<Type>&)'
  156 | Type min(const vector<Type> &x)
      |      ^~~
C:/Users/spi085/AppData/Local/Programs/R/R-4.4.1/library/TMB/include/convenience.hpp:156:6: note:   template argument deduction/substitution failed:
POPULATIONS//POPULATION_0008//INDIVIDUAL_FE541DP3/model.cpp:83:41: note:   'Eigen::DenseCoeffsBase<Eigen::Array<CppAD::AD<CppAD::AD<double> >, -1, 1, 0, -1, 1>, 1>::Scalar' {aka 'CppAD::AD<CppAD::AD<double> >'} is not derived from 'const tmbutils::vector<Type>'
   83 |     Type cots_model = max(Type(0.0), min(cots_pred(t), K_cots));
      |                                      ~~~^~~~~~~~~~~~~~~~~~~~~~
POPULATIONS//POPULATION_0008//INDIVIDUAL_FE541DP3/model.cpp:84:41: error: no matching function for call to 'min(Eigen::DenseCoeffsBase<Eigen::Array<CppAD::AD<CppAD::AD<double> >, -1, 1, 0, -1, 1>, 1>::Scalar&, CppAD::AD<CppAD::AD<double> >&)'
   84 |     Type slow_model = max(Type(0.0), min(slow_pred(t), K_slow));
      |                                      ~~~^~~~~~~~~~~~~~~~~~~~~~
C:/Users/spi085/AppData/Local/Programs/R/R-4.4.1/library/TMB/include/convenience.hpp:156:6: note: candidate: 'template<class Type> Type min(const tmbutils::vector<Type>&)'
  156 | Type min(const vector<Type> &x)
      |      ^~~
C:/Users/spi085/AppData/Local/Programs/R/R-4.4.1/library/TMB/include/convenience.hpp:156:6: note:   template argument deduction/substitution failed:
POPULATIONS//POPULATION_0008//INDIVIDUAL_FE541DP3/model.cpp:84:41: note:   'Eigen::DenseCoeffsBase<Eigen::Array<CppAD::AD<CppAD::AD<double> >, -1, 1, 0, -1, 1>, 1>::Scalar' {aka 'CppAD::AD<CppAD::AD<double> >'} is not derived from 'const tmbutils::vector<Type>'
   84 |     Type slow_model = max(Type(0.0), min(slow_pred(t), K_slow));
      |                                      ~~~^~~~~~~~~~~~~~~~~~~~~~
POPULATIONS//POPULATION_0008//INDIVIDUAL_FE541DP3/model.cpp:85:41: error: no matching function for call to 'min(Eigen::DenseCoeffsBase<Eigen::Array<CppAD::AD<CppAD::AD<double> >, -1, 1, 0, -1, 1>, 1>::Scalar&, CppAD::AD<CppAD::AD<double> >&)'
   85 |     Type fast_model = max(Type(0.0), min(fast_pred(t), K_fast));
      |                                      ~~~^~~~~~~~~~~~~~~~~~~~~~
C:/Users/spi085/AppData/Local/Programs/R/R-4.4.1/library/TMB/include/convenience.hpp:156:6: note: candidate: 'template<class Type> Type min(const tmbutils::vector<Type>&)'
  156 | Type min(const vector<Type> &x)
      |      ^~~
C:/Users/spi085/AppData/Local/Programs/R/R-4.4.1/library/TMB/include/convenience.hpp:156:6: note:   template argument deduction/substitution failed:
POPULATIONS//POPULATION_0008//INDIVIDUAL_FE541DP3/model.cpp:85:41: note:   'Eigen::DenseCoeffsBase<Eigen::Array<CppAD::AD<CppAD::AD<double> >, -1, 1, 0, -1, 1>, 1>::Scalar' {aka 'CppAD::AD<CppAD::AD<double> >'} is not derived from 'const tmbutils::vector<Type>'
   85 |     Type fast_model = max(Type(0.0), min(fast_pred(t), K_fast));
      |                                      ~~~^~~~~~~~~~~~~~~~~~~~~~
POPULATIONS//POPULATION_0008//INDIVIDUAL_FE541DP3/model.cpp: In instantiation of 'Type objective_function<Type>::operator()() [with Type = CppAD::AD<CppAD::AD<CppAD::AD<double> > >]':
C:/Users/spi085/AppData/Local/Programs/R/R-4.4.1/library/TMB/include/tmb_core.hpp:913:29:   required from 'Type objective_function<Type>::evalUserTemplate() [with Type = CppAD::AD<CppAD::AD<CppAD::AD<double> > >]'
C:/Users/spi085/AppData/Local/Programs/R/R-4.4.1/library/TMB/include/tmb_core.hpp:2361:28:   required from here
POPULATIONS//POPULATION_0008//INDIVIDUAL_FE541DP3/model.cpp:83:41: error: no matching function for call to 'min(Eigen::DenseCoeffsBase<Eigen::Array<CppAD::AD<CppAD::AD<CppAD::AD<double> > >, -1, 1, 0, -1, 1>, 1>::Scalar&, CppAD::AD<CppAD::AD<CppAD::AD<double> > >&)'
   83 |     Type cots_model = max(Type(0.0), min(cots_pred(t), K_cots));
      |                                      ~~~^~~~~~~~~~~~~~~~~~~~~~
C:/Users/spi085/AppData/Local/Programs/R/R-4.4.1/library/TMB/include/convenience.hpp:156:6: note: candidate: 'template<class Type> Type min(const tmbutils::vector<Type>&)'
  156 | Type min(const vector<Type> &x)
      |      ^~~
C:/Users/spi085/AppData/Local/Programs/R/R-4.4.1/library/TMB/include/convenience.hpp:156:6: note:   template argument deduction/substitution failed:
POPULATIONS//POPULATION_0008//INDIVIDUAL_FE541DP3/model.cpp:83:41: note:   'Eigen::DenseCoeffsBase<Eigen::Array<CppAD::AD<CppAD::AD<CppAD::AD<double> > >, -1, 1, 0, -1, 1>, 1>::Scalar' {aka 'CppAD::AD<CppAD::AD<CppAD::AD<double> > >'} is not derived from 'const tmbutils::vector<Type>'
   83 |     Type cots_model = max(Type(0.0), min(cots_pred(t), K_cots));
      |                                      ~~~^~~~~~~~~~~~~~~~~~~~~~
POPULATIONS//POPULATION_0008//INDIVIDUAL_FE541DP3/model.cpp:84:41: error: no matching function for call to 'min(Eigen::DenseCoeffsBase<Eigen::Array<CppAD::AD<CppAD::AD<CppAD::AD<double> > >, -1, 1, 0, -1, 1>, 1>::Scalar&, CppAD::AD<CppAD::AD<CppAD::AD<double> > >&)'
   84 |     Type slow_model = max(Type(0.0), min(slow_pred(t), K_slow));
      |                                      ~~~^~~~~~~~~~~~~~~~~~~~~~
C:/Users/spi085/AppData/Local/Programs/R/R-4.4.1/library/TMB/include/convenience.hpp:156:6: note: candidate: 'template<class Type> Type min(const tmbutils::vector<Type>&)'
  156 | Type min(const vector<Type> &x)
      |      ^~~
C:/Users/spi085/AppData/Local/Programs/R/R-4.4.1/library/TMB/include/convenience.hpp:156:6: note:   template argument deduction/substitution failed:
POPULATIONS//POPULATION_0008//INDIVIDUAL_FE541DP3/model.cpp:84:41: note:   'Eigen::DenseCoeffsBase<Eigen::Array<CppAD::AD<CppAD::AD<CppAD::AD<double> > >, -1, 1, 0, -1, 1>, 1>::Scalar' {aka 'CppAD::AD<CppAD::AD<CppAD::AD<double> > >'} is not derived from 'const tmbutils::vector<Type>'
   84 |     Type slow_model = max(Type(0.0), min(slow_pred(t), K_slow));
      |                                      ~~~^~~~~~~~~~~~~~~~~~~~~~
POPULATIONS//POPULATION_0008//INDIVIDUAL_FE541DP3/model.cpp:85:41: error: no matching function for call to 'min(Eigen::DenseCoeffsBase<Eigen::Array<CppAD::AD<CppAD::AD<CppAD::AD<double> > >, -1, 1, 0, -1, 1>, 1>::Scalar&, CppAD::AD<CppAD::AD<CppAD::AD<double> > >&)'
   85 |     Type fast_model = max(Type(0.0), min(fast_pred(t), K_fast));
      |                                      ~~~^~~~~~~~~~~~~~~~~~~~~~
C:/Users/spi085/AppData/Local/Programs/R/R-4.4.1/library/TMB/include/convenience.hpp:156:6: note: candidate: 'template<class Type> Type min(const tmbutils::vector<Type>&)'
  156 | Type min(const vector<Type> &x)
      |      ^~~
C:/Users/spi085/AppData/Local/Programs/R/R-4.4.1/library/TMB/include/convenience.hpp:156:6: note:   template argument deduction/substitution failed:
POPULATIONS//POPULATION_0008//INDIVIDUAL_FE541DP3/model.cpp:85:41: note:   'Eigen::DenseCoeffsBase<Eigen::Array<CppAD::AD<CppAD::AD<CppAD::AD<double> > >, -1, 1, 0, -1, 1>, 1>::Scalar' {aka 'CppAD::AD<CppAD::AD<CppAD::AD<double> > >'} is not derived from 'const tmbutils::vector<Type>'
   85 |     Type fast_model = max(Type(0.0), min(fast_pred(t), K_fast));
      |                                      ~~~^~~~~~~~~~~~~~~~~~~~~~
make: *** [C:/Users/spi085/AppData/Local/Programs/R/R-4.4.1/etc/x64/Makeconf:296: POPULATIONS//POPULATION_0008//INDIVIDUAL_FE541DP3/model.o] Error 1
Error in TMB::compile(file.path(individual_dir, model_file), flags = flags,  : 
  Compilation failed
Error: Compilation failed
Execution halted[0m
[91mModel failed to compile.[0m
Maximum sub-iterations reached for POPULATIONS\POPULATION_0008\INDIVIDUAL_FE541DP3. The model could not be successfully run after 5 attempts.
