{
  "iterations": {
    "1": {
      "status": "ERROR",
      "message": "Model failed to compile.",
      "stdout": "g++ -std=gnu++17  -I\"C:/Users/spi085/AppData/Local/Programs/R/R-4.4.1/include\" -DNDEBUG -I\"C:/Users/spi085/AppData/Local/Programs/R/R-44~1.1/library/TMB/include\" -I\"C:/Users/spi085/AppData/Local/Programs/R/R-44~1.1/library/RCPPEI~1/include\"   -DTMB_EIGEN_DISABLE_WARNINGS   -DTMB_LIB_INIT=R_init_model  -DCPPAD_FRAMEWORK    -I\"C:/rtools44/x86_64-w64-mingw32.static.posix/include\"     -O2 -Wa,-mbig-obj -c POPULATIONS//POPULATION_0012//INDIVIDUAL_QA1TZ3VU/model.cpp -o POPULATIONS//POPULATION_0012//INDIVIDUAL_QA1TZ3VU/model.o",
      "stderr": "Loading required package: TMB\nLoading required package: jsonlite\nhere() starts at C:/Users/spi085/OneDrive - CSIRO/Documents/_Projects/SCCP-QuantModelling\nusing C++ compiler: 'G__~1.EXE (GCC) 13.2.0'\nPOPULATIONS//POPULATION_0012//INDIVIDUAL_QA1TZ3VU/model.cpp: In member function 'Type objective_function<Type>::operator()()':\nPOPULATIONS//POPULATION_0012//INDIVIDUAL_QA1TZ3VU/model.cpp:70:25: error: 'beta_fast' was not declared in this scope\n   70 |                    (1 - beta_fast * fast_pred(t-1) / K_coral) - pred_slow;\n      |                         ^~~~~~~~~\nPOPULATIONS//POPULATION_0012//INDIVIDUAL_QA1TZ3VU/model.cpp:72:25: error: 'beta_slow' was not declared in this scope\n   72 |                    (1 - beta_slow * slow_pred(t-1) / K_coral) - pred_fast;\n      |                         ^~~~~~~~~\nmake: *** [C:/Users/spi085/AppData/Local/Programs/R/R-4.4.1/etc/x64/Makeconf:296: POPULATIONS//POPULATION_0012//INDIVIDUAL_QA1TZ3VU/model.o] Error 1\nError in TMB::compile(file.path(individual_dir, model_file), flags = flags,  : \n  Compilation failed\nError: Compilation failed\nExecution halted"
    },
    "2": {
      "status": "ERROR",
      "message": "R script failed with return code 1",
      "stdout": "g++ -std=gnu++17  -I\"C:/Users/spi085/AppData/Local/Programs/R/R-4.4.1/include\" -DNDEBUG -I\"C:/Users/spi085/AppData/Local/Programs/R/R-44~1.1/library/TMB/include\" -I\"C:/Users/spi085/AppData/Local/Programs/R/R-44~1.1/library/RCPPEI~1/include\"   -DTMB_EIGEN_DISABLE_WARNINGS   -DTMB_LIB_INIT=R_init_model  -DCPPAD_FRAMEWORK    -I\"C:/rtools44/x86_64-w64-mingw32.static.posix/include\"     -O2 -Wa,-mbig-obj -c POPULATIONS//POPULATION_0012//INDIVIDUAL_QA1TZ3VU/model.cpp -o POPULATIONS//POPULATION_0012//INDIVIDUAL_QA1TZ3VU/model.o\ng++ -std=gnu++17 -shared -s -static-libgcc -o POPULATIONS//POPULATION_0012//INDIVIDUAL_QA1TZ3VU/model.dll tmp.def POPULATIONS//POPULATION_0012//INDIVIDUAL_QA1TZ3VU/model.o -LC:/rtools44/x86_64-w64-mingw32.static.posix/lib/x64 -LC:/rtools44/x86_64-w64-mingw32.static.posix/lib -LC:/Users/spi085/AppData/Local/Programs/R/R-4.4.1/bin/x64 -lR",
      "stderr": "Loading required package: TMB\nLoading required package: jsonlite\nhere() starts at C:/Users/spi085/OneDrive - CSIRO/Documents/_Projects/SCCP-QuantModelling\nusing C++ compiler: 'G__~1.EXE (GCC) 13.2.0'\nC:\\rtools44\\x86_64-w64-mingw32.static.posix\\bin/ld.exe: cannot export _ZN5CppAD3powINS_2ADINS1_IdEEEEEENS1_IT_EERKS5_S7_: symbol not defined\ncollect2.exe: error: ld returned 1 exit status\nError in inDL(x, as.logical(local), as.logical(now), ...) : \n  unable to load shared object 'C:/Users/spi085/OneDrive - CSIRO/Documents/_Projects/SCCP-QuantModelling/POPULATIONS//POPULATION_0012//INDIVIDUAL_QA1TZ3VU/model.dll':\n  LoadLibrary failure:  The specified module could not be found.\nCalls: dyn.load -> inDL\nExecution halted"
    },
    "3": {
      "status": "ERROR",
      "message": "Model failed to compile.",
      "stdout": "g++ -std=gnu++17  -I\"C:/Users/spi085/AppData/Local/Programs/R/R-4.4.1/include\" -DNDEBUG -I\"C:/Users/spi085/AppData/Local/Programs/R/R-44~1.1/library/TMB/include\" -I\"C:/Users/spi085/AppData/Local/Programs/R/R-44~1.1/library/RCPPEI~1/include\"   -DTMB_EIGEN_DISABLE_WARNINGS   -DTMB_LIB_INIT=R_init_model  -DCPPAD_FRAMEWORK    -I\"C:/rtools44/x86_64-w64-mingw32.static.posix/include\"     -O2 -Wa,-mbig-obj -c POPULATIONS//POPULATION_0012//INDIVIDUAL_QA1TZ3VU/model.cpp -o POPULATIONS//POPULATION_0012//INDIVIDUAL_QA1TZ3VU/model.o",
      "stderr": "Loading required package: TMB\nLoading required package: jsonlite\nhere() starts at C:/Users/spi085/OneDrive - CSIRO/Documents/_Projects/SCCP-QuantModelling\nusing C++ compiler: 'G__~1.EXE (GCC) 13.2.0'\nPOPULATIONS//POPULATION_0012//INDIVIDUAL_QA1TZ3VU/model.cpp: In instantiation of 'Type objective_function<Type>::operator()() [with Type = CppAD::AD<double>]':\nC:/Users/spi085/AppData/Local/Programs/R/R-4.4.1/library/TMB/include/tmb_core.hpp:1308:6:   required from here\nPOPULATIONS//POPULATION_0012//INDIVIDUAL_QA1TZ3VU/model.cpp:49:37: error: no matching function for call to 'pow(CppAD::AD<double>, double)'\n   49 |     Type temp_effect = exp(-std::pow(sst_dat(t-1) - temp_opt, 2.0) / (2.0 * std::pow(temp_tol, 2.0)));\n      |                             ~~~~~~~~^~~~~~~~~~~~~~~~~~~~~~~~~~~~~~\nIn file included from C:/Users/spi085/AppData/Local/Programs/R/R-44~1.1/library/RCPPEI~1/include/Eigen/src/Core/util/Macros.h:679,\n                 from C:/Users/spi085/AppData/Local/Programs/R/R-44~1.1/library/RCPPEI~1/include/Eigen/Core:19,\n                 from C:/Users/spi085/AppData/Local/Programs/R/R-44~1.1/library/RCPPEI~1/include/Eigen/Dense:1,\n                 from C:/Users/spi085/AppData/Local/Programs/R/R-4.4.1/library/TMB/include/TMB.hpp:92,\n                 from POPULATIONS//POPULATION_0012//INDIVIDUAL_QA1TZ3VU/model.cpp:1:\nC:/rtools44/x86_64-w64-mingw32.static.posix/lib/gcc/x86_64-w64-mingw32.static.posix/13.2.0/include/c++/cmath:1070:5: note: candidate: 'template<class _Tp, class _Up> constexpr typename __gnu_cxx::__promote_2<_Tp, _Up>::__type std::pow(_Tp, _Up)'\n 1070 |     pow(_Tp __x, _Up __y)\n      |     ^~~\nC:/rtools44/x86_64-w64-mingw32.static.posix/lib/gcc/x86_64-w64-mingw32.static.posix/13.2.0/include/c++/cmath:1070:5: note:   template argument deduction/substitution failed:\nIn file included from C:/rtools44/x86_64-w64-mingw32.static.posix/lib/gcc/x86_64-w64-mingw32.static.posix/13.2.0/include/c++/bits/stl_iterator.h:65,\n                 from C:/rtools44/x86_64-w64-mingw32.static.posix/lib/gcc/x86_64-w64-mingw32.static.posix/13.2.0/include/c++/string:48,\n                 from C:/rtools44/x86_64-w64-mingw32.static.posix/lib/gcc/x86_64-w64-mingw32.static.posix/13.2.0/include/c++/bits/locale_classes.h:40,\n                 from C:/rtools44/x86_64-w64-mingw32.static.posix/lib/gcc/x86_64-w64-mingw32.static.posix/13.2.0/include/c++/bits/ios_base.h:41,\n                 from C:/rtools44/x86_64-w64-mingw32.static.posix/lib/gcc/x86_64-w64-mingw32.static.posix/13.2.0/include/c++/ios:44,\n                 from C:/rtools44/x86_64-w64-mingw32.static.posix/lib/gcc/x86_64-w64-mingw32.static.posix/13.2.0/include/c++/ostream:40,\n                 from C:/rtools44/x86_64-w64-mingw32.static.posix/lib/gcc/x86_64-w64-mingw32.static.posix/13.2.0/include/c++/iostream:41,\n                 from C:/Users/spi085/AppData/Local/Programs/R/R-4.4.1/library/TMB/include/Rstream.hpp:10,\n                 from C:/Users/spi085/AppData/Local/Programs/R/R-4.4.1/library/TMB/include/TMB.hpp:46:\nC:/rtools44/x86_64-w64-mingw32.static.posix/lib/gcc/x86_64-w64-mingw32.static.posix/13.2.0/include/c++/ext/type_traits.h: In substitution of 'template<class _Tp, class _Up> using __gnu_cxx::__promote_2 = __gnu_cxx::__promote<decltype (((typename __gnu_cxx::__promote<_Tp, std::__is_integer<_Tp>::__value>::__type)(0) + (typename __gnu_cxx::__promote<_Up, std::__is_integer<_Up>::__value>::__type)(0)))> [with _Tp = CppAD::AD<double>; _Up = double]':\nC:/rtools44/x86_64-w64-mingw32.static.posix/lib/gcc/x86_64-w64-mingw32.static.posix/13.2.0/include/c++/cmath:1070:5:   required by substitution of 'template<class _Tp, class _Up> constexpr typename __gnu_cxx::__promote_2<_Tp, _Up>::__type std::pow(_Tp, _Up) [with _Tp = CppAD::AD<double>; _Up = double]'\nPOPULATIONS//POPULATION_0012//INDIVIDUAL_QA1TZ3VU/model.cpp:49:37:   required from 'Type objective_function<Type>::operator()() [with Type = CppAD::AD<double>]'\nC:/Users/spi085/AppData/Local/Programs/R/R-4.4.1/library/TMB/include/tmb_core.hpp:1308:6:   required from here\nC:/rtools44/x86_64-w64-mingw32.static.posix/lib/gcc/x86_64-w64-mingw32.static.posix/13.2.0/include/c++/ext/type_traits.h:226:61: error: no type named '__type' in 'struct __gnu_cxx::__promote<CppAD::AD<double>, false>'\n  226 |     using __promoted_t = decltype((typename __promote<_Tp>::__type(0) + ...));\n      |                                                             ^~~~~~~~~\nIn file included from C:/Users/spi085/AppData/Local/Programs/R/R-44~1.1/library/RCPPEI~1/include/Eigen/Core:50:\nPOPULATIONS//POPULATION_0012//INDIVIDUAL_QA1TZ3VU/model.cpp: In instantiation of 'Type objective_function<Type>::operator()() [with Type = CppAD::AD<double>]':\nC:/Users/spi085/AppData/Local/Programs/R/R-4.4.1/library/TMB/include/tmb_core.hpp:1308:6:   required from here\nC:/rtools44/x86_64-w64-mingw32.static.posix/lib/gcc/x86_64-w64-mingw32.static.posix/13.2.0/include/c++/complex:1280:5: note: candidate: 'template<class _Tp> std::complex<_Tp> std::pow(const complex<_Tp>&, int)'\n 1280 |     pow(const complex<_Tp>& __z, int __n)\n      |     ^~~\nC:/rtools44/x86_64-w64-mingw32.static.posix/lib/gcc/x86_64-w64-mingw32.static.posix/13.2.0/include/c++/complex:1280:5: note:   template argument deduction/substitution failed:\nPOPULATIONS//POPULATION_0012//INDIVIDUAL_QA1TZ3VU/model.cpp:49:37: note:   'CppAD::AD<double>' is not derived from 'const std::complex<_Tp>'\n   49 |     Type temp_effect = exp(-std::pow(sst_dat(t-1) - temp_opt, 2.0) / (2.0 * std::pow(temp_tol, 2.0)));\n      |                             ~~~~~~~~^~~~~~~~~~~~~~~~~~~~~~~~~~~~~~\nC:/rtools44/x86_64-w64-mingw32.static.posix/lib/gcc/x86_64-w64-mingw32.static.posix/13.2.0/include/c++/complex:1289:5: note: candidate: 'template<class _Tp> std::complex<_Tp> std::pow(const complex<_Tp>&, const _Tp&)'\n 1289 |     pow(const complex<_Tp>& __x, const _Tp& __y)\n      |     ^~~\nC:/rtools44/x86_64-w64-mingw32.static.posix/lib/gcc/x86_64-w64-mingw32.static.posix/13.2.0/include/c++/complex:1289:5: note:   template argument deduction/substitution failed:\nPOPULATIONS//POPULATION_0012//INDIVIDUAL_QA1TZ3VU/model.cpp:49:37: note:   'CppAD::AD<double>' is not derived from 'const std::complex<_Tp>'\n   49 |     Type temp_effect = exp(-std::pow(sst_dat(t-1) - temp_opt, 2.0) / (2.0 * std::pow(temp_tol, 2.0)));\n      |                             ~~~~~~~~^~~~~~~~~~~~~~~~~~~~~~~~~~~~~~\nC:/rtools44/x86_64-w64-mingw32.static.posix/lib/gcc/x86_64-w64-mingw32.static.posix/13.2.0/include/c++/complex:1328:5: note: candidate: 'template<class _Tp> std::complex<_Tp> std::pow(const complex<_Tp>&, const complex<_Tp>&)'\n 1328 |     pow(const complex<_Tp>& __x, const complex<_Tp>& __y)\n      |     ^~~\nC:/rtools44/x86_64-w64-mingw32.static.posix/lib/gcc/x86_64-w64-mingw32.static.posix/13.2.0/include/c++/complex:1328:5: note:   template argument deduction/substitution failed:\nPOPULATIONS//POPULATION_0012//INDIVIDUAL_QA1TZ3VU/model.cpp:49:37: note:   'CppAD::AD<double>' is not derived from 'const std::complex<_Tp>'\n   49 |     Type temp_effect = exp(-std::pow(sst_dat(t-1) - temp_opt, 2.0) / (2.0 * std::pow(temp_tol, 2.0)));\n      |                             ~~~~~~~~^~~~~~~~~~~~~~~~~~~~~~~~~~~~~~\nC:/rtools44/x86_64-w64-mingw32.static.posix/lib/gcc/x86_64-w64-mingw32.static.posix/13.2.0/include/c++/complex:1334:5: note: candidate: 'template<class _Tp> std::complex<_Tp> std::pow(const _Tp&, const complex<_Tp>&)'\n 1334 |     pow(const _Tp& __x, const complex<_Tp>& __y)\n      |     ^~~\nC:/rtools44/x86_64-w64-mingw32.static.posix/lib/gcc/x86_64-w64-mingw32.static.posix/13.2.0/include/c++/complex:1334:5: note:   template argument deduction/substitution failed:\nPOPULATIONS//POPULATION_0012//INDIVIDUAL_QA1TZ3VU/model.cpp:49:37: note:   mismatched types 'const std::complex<_Tp>' and 'double'\n   49 |     Type temp_effect = exp(-std::pow(sst_dat(t-1) - temp_opt, 2.0) / (2.0 * std::pow(temp_tol, 2.0)));\n      |                             ~~~~~~~~^~~~~~~~~~~~~~~~~~~~~~~~~~~~~~\nC:/rtools44/x86_64-w64-mingw32.static.posix/lib/gcc/x86_64-w64-mingw32.static.posix/13.2.0/include/c++/complex:2448:5: note: candidate: 'template<class _Tp, class _Up> std::complex<typename __gnu_cxx::__promote<decltype (((typename __gnu_cxx::__promote<_Tp, std::__is_integer<_Tp>::__value>::__type)(0) + (typename __gnu_cxx::__promote<_Up, std::__is_integer<_Up>::__value>::__type)(0)))>::__type> std::pow(const complex<_Tp>&, const _Up&)'\n 2448 |     pow(const std::complex<_Tp>& __x, const _Up& __y)\n      |     ^~~\nC:/rtools44/x86_64-w64-mingw32.static.posix/lib/gcc/x86_64-w64-mingw32.static.posix/13.2.0/include/c++/complex:2448:5: note:   template argument deduction/substitution failed:\nPOPULATIONS//POPULATION_0012//INDIVIDUAL_QA1TZ3VU/model.cpp:49:37: note:   'CppAD::AD<double>' is not derived from 'const std::complex<_Tp>'\n   49 |     Type temp_effect = exp(-std::pow(sst_dat(t-1) - temp_opt, 2.0) / (2.0 * std::pow(temp_tol, 2.0)));\n      |                             ~~~~~~~~^~~~~~~~~~~~~~~~~~~~~~~~~~~~~~\nC:/rtools44/x86_64-w64-mingw32.static.posix/lib/gcc/x86_64-w64-mingw32.static.posix/13.2.0/include/c++/complex:2456:5: note: candidate: 'template<class _Tp, class _Up> std::complex<typename __gnu_cxx::__promote<decltype (((typename __gnu_cxx::__promote<_Tp, std::__is_integer<_Tp>::__value>::__type)(0) + (typename __gnu_cxx::__promote<_Up, std::__is_integer<_Up>::__value>::__type)(0)))>::__type> std::pow(const _Tp&, const complex<_Up>&)'\n 2456 |     pow(const _Tp& __x, const std::complex<_Up>& __y)\n      |     ^~~\nC:/rtools44/x86_64-w64-mingw32.static.posix/lib/gcc/x86_64-w64-mingw32.static.posix/13.2.0/include/c++/complex:2456:5: note:   template argument deduction/substitution failed:\nPOPULATIONS//POPULATION_0012//INDIVIDUAL_QA1TZ3VU/model.cpp:49:37: note:   mismatched types 'const std::complex<_Up>' and 'double'\n   49 |     Type temp_effect = exp(-std::pow(sst_dat(t-1) - temp_opt, 2.0) / (2.0 * std::pow(temp_tol, 2.0)));\n      |                             ~~~~~~~~^~~~~~~~~~~~~~~~~~~~~~~~~~~~~~\nC:/rtools44/x86_64-w64-mingw32.static.posix/lib/gcc/x86_64-w64-mingw32.static.posix/13.2.0/include/c++/complex:2464:5: note: candidate: 'template<class _Tp, class _Up> std::complex<typename __gnu_cxx::__promote<decltype (((typename __gnu_cxx::__promote<_Tp, std::__is_integer<_Tp>::__value>::__type)(0) + (typename __gnu_cxx::__promote<_Up, std::__is_integer<_Up>::__value>::__type)(0)))>::__type> std::pow(const complex<_Tp>&, const complex<_Up>&)'\n 2464 |     pow(const std::complex<_Tp>& __x, const std::complex<_Up>& __y)\n      |     ^~~\nC:/rtools44/x86_64-w64-mingw32.static.posix/lib/gcc/x86_64-w64-mingw32.static.posix/13.2.0/include/c++/complex:2464:5: note:   template argument deduction/substitution failed:\nPOPULATIONS//POPULATION_0012//INDIVIDUAL_QA1TZ3VU/model.cpp:49:37: note:   'CppAD::AD<double>' is not derived from 'const std::complex<_Tp>'\n   49 |     Type temp_effect = exp(-std::pow(sst_dat(t-1) - temp_opt, 2.0) / (2.0 * std::pow(temp_tol, 2.0)));\n      |                             ~~~~~~~~^~~~~~~~~~~~~~~~~~~~~~~~~~~~~~\nIn file included from C:/rtools44/x86_64-w64-mingw32.static.posix/lib/gcc/x86_64-w64-mingw32.static.posix/13.2.0/include/c++/cmath:47:\nC:/rtools44/x86_64-w64-mingw32.static.posix/include/math.h:191:18: note: candidate: 'double pow(double, double)'\n  191 |   double __cdecl pow(double _X,double _Y);\n      |                  ^~~\nC:/rtools44/x86_64-w64-mingw32.static.posix/include/math.h:191:29: note:   no known conversion for argument 1 from 'CppAD::AD<double>' to 'double'\n  191 |   double __cdecl pow(double _X,double _Y);\n      |                      ~~~~~~~^~\nC:/rtools44/x86_64-w64-mingw32.static.posix/lib/gcc/x86_64-w64-mingw32.static.posix/13.2.0/include/c++/cmath:372:3: note: candidate: 'constexpr float std::pow(float, float)'\n  372 |   pow(float __x, float __y)\n      |   ^~~\nC:/rtools44/x86_64-w64-mingw32.static.posix/lib/gcc/x86_64-w64-mingw32.static.posix/13.2.0/include/c++/cmath:372:13: note:   no known conversion for argument 1 from 'CppAD::AD<double>' to 'float'\n  372 |   pow(float __x, float __y)\n      |       ~~~~~~^~~\nC:/rtools44/x86_64-w64-mingw32.static.posix/lib/gcc/x86_64-w64-mingw32.static.posix/13.2.0/include/c++/cmath:376:3: note: candidate: 'constexpr long double std::pow(long double, long double)'\n  376 |   pow(long double __x, long double __y)\n      |   ^~~\nC:/rtools44/x86_64-w64-mingw32.static.posix/lib/gcc/x86_64-w64-mingw32.static.posix/13.2.0/include/c++/cmath:376:19: note:   no known conversion for argument 1 from 'CppAD::AD<double>' to 'long double'\n  376 |   pow(long double __x, long double __y)\n      |       ~~~~~~~~~~~~^~~\nPOPULATIONS//POPULATION_0012//INDIVIDUAL_QA1TZ3VU/model.cpp:49:85: error: no matching function for call to 'pow(CppAD::AD<double>&, double)'\n   49 |     Type temp_effect = exp(-std::pow(sst_dat(t-1) - temp_opt, 2.0) / (2.0 * std::pow(temp_tol, 2.0)));\n      |                                                                             ~~~~~~~~^~~~~~~~~~~~~~~\nC:/rtools44/x86_64-w64-mingw32.static.posix/lib/gcc/x86_64-w64-mingw32.static.posix/13.2.0/include/c++/cmath:1070:5: note: candidate: 'template<class _Tp, class _Up> constexpr typename __gnu_cxx::__promote_2<_Tp, _Up>::__type std::pow(_Tp, _Up)'\n 1070 |     pow(_Tp __x, _Up __y)\n      |     ^~~\nC:/rtools44/x86_64-w64-mingw32.static.posix/lib/gcc/x86_64-w64-mingw32.static.posix/13.2.0/include/c++/cmath:1070:5: note:   template argument deduction/substitution failed:\nC:/rtools44/x86_64-w64-mingw32.static.posix/lib/gcc/x86_64-w64-mingw32.static.posix/13.2.0/include/c++/complex:1280:5: note: candidate: 'template<class _Tp> std::complex<_Tp> std::pow(const complex<_Tp>&, int)'\n 1280 |     pow(const complex<_Tp>& __z, int __n)\n      |     ^~~\nC:/rtools44/x86_64-w64-mingw32.static.posix/lib/gcc/x86_64-w64-mingw32.static.posix/13.2.0/include/c++/complex:1280:5: note:   template argument deduction/substitution failed:\nPOPULATIONS//POPULATION_0012//INDIVIDUAL_QA1TZ3VU/model.cpp:49:85: note:   'CppAD::AD<double>' is not derived from 'const std::complex<_Tp>'\n   49 |     Type temp_effect = exp(-std::pow(sst_dat(t-1) - temp_opt, 2.0) / (2.0 * std::pow(temp_tol, 2.0)));\n      |                                                                             ~~~~~~~~^~~~~~~~~~~~~~~\nC:/rtools44/x86_64-w64-mingw32.static.posix/lib/gcc/x86_64-w64-mingw32.static.posix/13.2.0/include/c++/complex:1289:5: note: candidate: 'template<class _Tp> std::complex<_Tp> std::pow(const complex<_Tp>&, const _Tp&)'\n 1289 |     pow(const complex<_Tp>& __x, const _Tp& __y)\n      |     ^~~\nC:/rtools44/x86_64-w64-mingw32.static.posix/lib/gcc/x86_64-w64-mingw32.static.posix/13.2.0/include/c++/complex:1289:5: note:   template argument deduction/substitution failed:\nPOPULATIONS//POPULATION_0012//INDIVIDUAL_QA1TZ3VU/model.cpp:49:85: note:   'CppAD::AD<double>' is not derived from 'const std::complex<_Tp>'\n   49 |     Type temp_effect = exp(-std::pow(sst_dat(t-1) - temp_opt, 2.0) / (2.0 * std::pow(temp_tol, 2.0)));\n      |                                                                             ~~~~~~~~^~~~~~~~~~~~~~~\nC:/rtools44/x86_64-w64-mingw32.static.posix/lib/gcc/x86_64-w64-mingw32.static.posix/13.2.0/include/c++/complex:1328:5: note: candidate: 'template<class _Tp> std::complex<_Tp> std::pow(const complex<_Tp>&, const complex<_Tp>&)'\n 1328 |     pow(const complex<_Tp>& __x, const complex<_Tp>& __y)\n      |     ^~~\nC:/rtools44/x86_64-w64-mingw32.static.posix/lib/gcc/x86_64-w64-mingw32.static.posix/13.2.0/include/c++/complex:1328:5: note:   template argument deduction/substitution failed:\nPOPULATIONS//POPULATION_0012//INDIVIDUAL_QA1TZ3VU/model.cpp:49:85: note:   'CppAD::AD<double>' is not derived from 'const std::complex<_Tp>'\n   49 |     Type temp_effect = exp(-std::pow(sst_dat(t-1) - temp_opt, 2.0) / (2.0 * std::pow(temp_tol, 2.0)));\n      |                                                                             ~~~~~~~~^~~~~~~~~~~~~~~\nC:/rtools44/x86_64-w64-mingw32.static.posix/lib/gcc/x86_64-w64-mingw32.static.posix/13.2.0/include/c++/complex:1334:5: note: candidate: 'template<class _Tp> std::complex<_Tp> std::pow(const _Tp&, const complex<_Tp>&)'\n 1334 |     pow(const _Tp& __x, const complex<_Tp>& __y)\n      |     ^~~\nC:/rtools44/x86_64-w64-mingw32.static.posix/lib/gcc/x86_64-w64-mingw32.static.posix/13.2.0/include/c++/complex:1334:5: note:   template argument deduction/substitution failed:\nPOPULATIONS//POPULATION_0012//INDIVIDUAL_QA1TZ3VU/model.cpp:49:85: note:   mismatched types 'const std::complex<_Tp>' and 'double'\n   49 |     Type temp_effect = exp(-std::pow(sst_dat(t-1) - temp_opt, 2.0) / (2.0 * std::pow(temp_tol, 2.0)));\n      |                                                                             ~~~~~~~~^~~~~~~~~~~~~~~\nC:/rtools44/x86_64-w64-mingw32.static.posix/lib/gcc/x86_64-w64-mingw32.static.posix/13.2.0/include/c++/complex:2448:5: note: candidate: 'template<class _Tp, class _Up> std::complex<typename __gnu_cxx::__promote<decltype (((typename __gnu_cxx::__promote<_Tp, std::__is_integer<_Tp>::__value>::__type)(0) + (typename __gnu_cxx::__promote<_Up, std::__is_integer<_Up>::__value>::__type)(0)))>::__type> std::pow(const complex<_Tp>&, const _Up&)'\n 2448 |     pow(const std::complex<_Tp>& __x, const _Up& __y)\n      |     ^~~\nC:/rtools44/x86_64-w64-mingw32.static.posix/lib/gcc/x86_64-w64-mingw32.static.posix/13.2.0/include/c++/complex:2448:5: note:   template argument deduction/substitution failed:\nPOPULATIONS//POPULATION_0012//INDIVIDUAL_QA1TZ3VU/model.cpp:49:85: note:   'CppAD::AD<double>' is not derived from 'const std::complex<_Tp>'\n   49 |     Type temp_effect = exp(-std::pow(sst_dat(t-1) - temp_opt, 2.0) / (2.0 * std::pow(temp_tol, 2.0)));\n      |                                                                             ~~~~~~~~^~~~~~~~~~~~~~~\nC:/rtools44/x86_64-w64-mingw32.static.posix/lib/gcc/x86_64-w64-mingw32.static.posix/13.2.0/include/c++/complex:2456:5: note: candidate: 'template<class _Tp, class _Up> std::complex<typename __gnu_cxx::__promote<decltype (((typename __gnu_cxx::__promote<_Tp, std::__is_integer<_Tp>::__value>::__type)(0) + (typename __gnu_cxx::__promote<_Up, std::__is_integer<_Up>::__value>::__type)(0)))>::__type> std::pow(const _Tp&, const complex<_Up>&)'\n 2456 |     pow(const _Tp& __x, const std::complex<_Up>& __y)\n      |     ^~~\nC:/rtools44/x86_64-w64-mingw32.static.posix/lib/gcc/x86_64-w64-mingw32.static.posix/13.2.0/include/c++/complex:2456:5: note:   template argument deduction/substitution failed:\nPOPULATIONS//POPULATION_0012//INDIVIDUAL_QA1TZ3VU/model.cpp:49:85: note:   mismatched types 'const std::complex<_Up>' and 'double'\n   49 |     Type temp_effect = exp(-std::pow(sst_dat(t-1) - temp_opt, 2.0) / (2.0 * std::pow(temp_tol, 2.0)));\n      |                                                                             ~~~~~~~~^~~~~~~~~~~~~~~\nC:/rtools44/x86_64-w64-mingw32.static.posix/lib/gcc/x86_64-w64-mingw32.static.posix/13.2.0/include/c++/complex:2464:5: note: candidate: 'template<class _Tp, class _Up> std::complex<typename __gnu_cxx::__promote<decltype (((typename __gnu_cxx::__promote<_Tp, std::__is_integer<_Tp>::__value>::__type)(0) + (typename __gnu_cxx::__promote<_Up, std::__is_integer<_Up>::__value>::__type)(0)))>::__type> std::pow(const complex<_Tp>&, const complex<_Up>&)'\n 2464 |     pow(const std::complex<_Tp>& __x, const std::complex<_Up>& __y)\n      |     ^~~\nC:/rtools44/x86_64-w64-mingw32.static.posix/lib/gcc/x86_64-w64-mingw32.static.posix/13.2.0/include/c++/complex:2464:5: note:   template argument deduction/substitution failed:\nPOPULATIONS//POPULATION_0012//INDIVIDUAL_QA1TZ3VU/model.cpp:49:85: note:   'CppAD::AD<double>' is not derived from 'const std::complex<_Tp>'\n   49 |     Type temp_effect = exp(-std::pow(sst_dat(t-1) - temp_opt, 2.0) / (2.0 * std::pow(temp_tol, 2.0)));\n      |                                                                             ~~~~~~~~^~~~~~~~~~~~~~~\nC:/rtools44/x86_64-w64-mingw32.static.posix/include/math.h:191:18: note: candidate: 'double pow(double, double)'\n  191 |   double __cdecl pow(double _X,double _Y);\n      |                  ^~~\nC:/rtools44/x86_64-w64-mingw32.static.posix/include/math.h:191:29: note:   no known conversion for argument 1 from 'CppAD::AD<double>' to 'double'\n  191 |   double __cdecl pow(double _X,double _Y);\n      |                      ~~~~~~~^~\nC:/rtools44/x86_64-w64-mingw32.static.posix/lib/gcc/x86_64-w64-mingw32.static.posix/13.2.0/include/c++/cmath:372:3: note: candidate: 'constexpr float std::pow(float, float)'\n  372 |   pow(float __x, float __y)\n      |   ^~~\nC:/rtools44/x86_64-w64-mingw32.static.posix/lib/gcc/x86_64-w64-mingw32.static.posix/13.2.0/include/c++/cmath:372:13: note:   no known conversion for argument 1 from 'CppAD::AD<double>' to 'float'\n  372 |   pow(float __x, float __y)\n      |       ~~~~~~^~~\nC:/rtools44/x86_64-w64-mingw32.static.posix/lib/gcc/x86_64-w64-mingw32.static.posix/13.2.0/include/c++/cmath:376:3: note: candidate: 'constexpr long double std::pow(long double, long double)'\n  376 |   pow(long double __x, long double __y)\n      |   ^~~\nC:/rtools44/x86_64-w64-mingw32.static.posix/lib/gcc/x86_64-w64-mingw32.static.posix/13.2.0/include/c++/cmath:376:19: note:   no known conversion for argument 1 from 'CppAD::AD<double>' to 'long double'\n  376 |   pow(long double __x, long double __y)\n      |       ~~~~~~~~~~~~^~~\nPOPULATIONS//POPULATION_0012//INDIVIDUAL_QA1TZ3VU/model.cpp: In instantiation of 'Type objective_function<Type>::operator()() [with Type = CppAD::AD<CppAD::AD<double> >]':\nC:/Users/spi085/AppData/Local/Programs/R/R-4.4.1/library/TMB/include/tmb_core.hpp:913:29:   required from 'Type objective_function<Type>::evalUserTemplate() [with Type = CppAD::AD<CppAD::AD<double> >]'\nC:/Users/spi085/AppData/Local/Programs/R/R-4.4.1/library/TMB/include/tmb_core.hpp:2112:26:   required from here\nPOPULATIONS//POPULATION_0012//INDIVIDUAL_QA1TZ3VU/model.cpp:49:37: error: no matching function for call to 'pow(CppAD::AD<CppAD::AD<double> >, double)'\n   49 |     Type temp_effect = exp(-std::pow(sst_dat(t-1) - temp_opt, 2.0) / (2.0 * std::pow(temp_tol, 2.0)));\n      |                             ~~~~~~~~^~~~~~~~~~~~~~~~~~~~~~~~~~~~~~\nC:/rtools44/x86_64-w64-mingw32.static.posix/lib/gcc/x86_64-w64-mingw32.static.posix/13.2.0/include/c++/cmath:1070:5: note: candidate: 'template<class _Tp, class _Up> constexpr typename __gnu_cxx::__promote_2<_Tp, _Up>::__type std::pow(_Tp, _Up)'\n 1070 |     pow(_Tp __x, _Up __y)\n      |     ^~~\nC:/rtools44/x86_64-w64-mingw32.static.posix/lib/gcc/x86_64-w64-mingw32.static.posix/13.2.0/include/c++/cmath:1070:5: note:   template argument deduction/substitution failed:\nC:/rtools44/x86_64-w64-mingw32.static.posix/lib/gcc/x86_64-w64-mingw32.static.posix/13.2.0/include/c++/ext/type_traits.h: In substitution of 'template<class _Tp, class _Up> using __gnu_cxx::__promote_2 = __gnu_cxx::__promote<decltype (((typename __gnu_cxx::__promote<_Tp, std::__is_integer<_Tp>::__value>::__type)(0) + (typename __gnu_cxx::__promote<_Up, std::__is_integer<_Up>::__value>::__type)(0)))> [with _Tp = CppAD::AD<CppAD::AD<double> >; _Up = double]':\nC:/rtools44/x86_64-w64-mingw32.static.posix/lib/gcc/x86_64-w64-mingw32.static.posix/13.2.0/include/c++/cmath:1070:5:   required by substitution of 'template<class _Tp, class _Up> constexpr typename __gnu_cxx::__promote_2<_Tp, _Up>::__type std::pow(_Tp, _Up) [with _Tp = CppAD::AD<CppAD::AD<double> >; _Up = double]'\nPOPULATIONS//POPULATION_0012//INDIVIDUAL_QA1TZ3VU/model.cpp:49:37:   required from 'Type objective_function<Type>::operator()() [with Type = CppAD::AD<CppAD::AD<double> >]'\nC:/Users/spi085/AppData/Local/Programs/R/R-4.4.1/library/TMB/include/tmb_core.hpp:913:29:   required from 'Type objective_function<Type>::evalUserTemplate() [with Type = CppAD::AD<CppAD::AD<double> >]'\nC:/Users/spi085/AppData/Local/Programs/R/R-4.4.1/library/TMB/include/tmb_core.hpp:2112:26:   required from here\nC:/rtools44/x86_64-w64-mingw32.static.posix/lib/gcc/x86_64-w64-mingw32.static.posix/13.2.0/include/c++/ext/type_traits.h:226:61: error: no type named '__type' in 'struct __gnu_cxx::__promote<CppAD::AD<CppAD::AD<double> >, false>'\n  226 |     using __promoted_t = decltype((typename __promote<_Tp>::__type(0) + ...));\n      |                                                             ^~~~~~~~~\nPOPULATIONS//POPULATION_0012//INDIVIDUAL_QA1TZ3VU/model.cpp: In instantiation of 'Type objective_function<Type>::operator()() [with Type = CppAD::AD<CppAD::AD<double> >]':\nC:/Users/spi085/AppData/Local/Programs/R/R-4.4.1/library/TMB/include/tmb_core.hpp:913:29:   required from 'Type objective_function<Type>::evalUserTemplate() [with Type = CppAD::AD<CppAD::AD<double> >]'\nC:/Users/spi085/AppData/Local/Programs/R/R-4.4.1/library/TMB/include/tmb_core.hpp:2112:26:   required from here\nC:/rtools44/x86_64-w64-mingw32.static.posix/lib/gcc/x86_64-w64-mingw32.static.posix/13.2.0/include/c++/complex:1280:5: note: candidate: 'template<class _Tp> std::complex<_Tp> std::pow(const complex<_Tp>&, int)'\n 1280 |     pow(const complex<_Tp>& __z, int __n)\n      |     ^~~\nC:/rtools44/x86_64-w64-mingw32.static.posix/lib/gcc/x86_64-w64-mingw32.static.posix/13.2.0/include/c++/complex:1280:5: note:   template argument deduction/substitution failed:\nPOPULATIONS//POPULATION_0012//INDIVIDUAL_QA1TZ3VU/model.cpp:49:37: note:   'CppAD::AD<CppAD::AD<double> >' is not derived from 'const std::complex<_Tp>'\n   49 |     Type temp_effect = exp(-std::pow(sst_dat(t-1) - temp_opt, 2.0) / (2.0 * std::pow(temp_tol, 2.0)));\n      |                             ~~~~~~~~^~~~~~~~~~~~~~~~~~~~~~~~~~~~~~\nC:/rtools44/x86_64-w64-mingw32.static.posix/lib/gcc/x86_64-w64-mingw32.static.posix/13.2.0/include/c++/complex:1289:5: note: candidate: 'template<class _Tp> std::complex<_Tp> std::pow(const complex<_Tp>&, const _Tp&)'\n 1289 |     pow(const complex<_Tp>& __x, const _Tp& __y)\n      |     ^~~\nC:/rtools44/x86_64-w64-mingw32.static.posix/lib/gcc/x86_64-w64-mingw32.static.posix/13.2.0/include/c++/complex:1289:5: note:   template argument deduction/substitution failed:\nPOPULATIONS//POPULATION_0012//INDIVIDUAL_QA1TZ3VU/model.cpp:49:37: note:   'CppAD::AD<CppAD::AD<double> >' is not derived from 'const std::complex<_Tp>'\n   49 |     Type temp_effect = exp(-std::pow(sst_dat(t-1) - temp_opt, 2.0) / (2.0 * std::pow(temp_tol, 2.0)));\n      |                             ~~~~~~~~^~~~~~~~~~~~~~~~~~~~~~~~~~~~~~\nC:/rtools44/x86_64-w64-mingw32.static.posix/lib/gcc/x86_64-w64-mingw32.static.posix/13.2.0/include/c++/complex:1328:5: note: candidate: 'template<class _Tp> std::complex<_Tp> std::pow(const complex<_Tp>&, const complex<_Tp>&)'\n 1328 |     pow(const complex<_Tp>& __x, const complex<_Tp>& __y)\n      |     ^~~\nC:/rtools44/x86_64-w64-mingw32.static.posix/lib/gcc/x86_64-w64-mingw32.static.posix/13.2.0/include/c++/complex:1328:5: note:   template argument deduction/substitution failed:\nPOPULATIONS//POPULATION_0012//INDIVIDUAL_QA1TZ3VU/model.cpp:49:37: note:   'CppAD::AD<CppAD::AD<double> >' is not derived from 'const std::complex<_Tp>'\n   49 |     Type temp_effect = exp(-std::pow(sst_dat(t-1) - temp_opt, 2.0) / (2.0 * std::pow(temp_tol, 2.0)));\n      |                             ~~~~~~~~^~~~~~~~~~~~~~~~~~~~~~~~~~~~~~\nC:/rtools44/x86_64-w64-mingw32.static.posix/lib/gcc/x86_64-w64-mingw32.static.posix/13.2.0/include/c++/complex:1334:5: note: candidate: 'template<class _Tp> std::complex<_Tp> std::pow(const _Tp&, const complex<_Tp>&)'\n 1334 |     pow(const _Tp& __x, const complex<_Tp>& __y)\n      |     ^~~\nC:/rtools44/x86_64-w64-mingw32.static.posix/lib/gcc/x86_64-w64-mingw32.static.posix/13.2.0/include/c++/complex:1334:5: note:   template argument deduction/substitution failed:\nPOPULATIONS//POPULATION_0012//INDIVIDUAL_QA1TZ3VU/model.cpp:49:37: note:   mismatched types 'const std::complex<_Tp>' and 'double'\n   49 |     Type temp_effect = exp(-std::pow(sst_dat(t-1) - temp_opt, 2.0) / (2.0 * std::pow(temp_tol, 2.0)));\n      |                             ~~~~~~~~^~~~~~~~~~~~~~~~~~~~~~~~~~~~~~\nC:/rtools44/x86_64-w64-mingw32.static.posix/lib/gcc/x86_64-w64-mingw32.static.posix/13.2.0/include/c++/complex:2448:5: note: candidate: 'template<class _Tp, class _Up> std::complex<typename __gnu_cxx::__promote<decltype (((typename __gnu_cxx::__promote<_Tp, std::__is_integer<_Tp>::__value>::__type)(0) + (typename __gnu_cxx::__promote<_Up, std::__is_integer<_Up>::__value>::__type)(0)))>::__type> std::pow(const complex<_Tp>&, const _Up&)'\n 2448 |     pow(const std::complex<_Tp>& __x, const _Up& __y)\n      |     ^~~\nC:/rtools44/x86_64-w64-mingw32.static.posix/lib/gcc/x86_64-w64-mingw32.static.posix/13.2.0/include/c++/complex:2448:5: note:   template argument deduction/substitution failed:\nPOPULATIONS//POPULATION_0012//INDIVIDUAL_QA1TZ3VU/model.cpp:49:37: note:   'CppAD::AD<CppAD::AD<double> >' is not derived from 'const std::complex<_Tp>'\n   49 |     Type temp_effect = exp(-std::pow(sst_dat(t-1) - temp_opt, 2.0) / (2.0 * std::pow(temp_tol, 2.0)));\n      |                             ~~~~~~~~^~~~~~~~~~~~~~~~~~~~~~~~~~~~~~\nC:/rtools44/x86_64-w64-mingw32.static.posix/lib/gcc/x86_64-w64-mingw32.static.posix/13.2.0/include/c++/complex:2456:5: note: candidate: 'template<class _Tp, class _Up> std::complex<typename __gnu_cxx::__promote<decltype (((typename __gnu_cxx::__promote<_Tp, std::__is_integer<_Tp>::__value>::__type)(0) + (typename __gnu_cxx::__promote<_Up, std::__is_integer<_Up>::__value>::__type)(0)))>::__type> std::pow(const _Tp&, const complex<_Up>&)'\n 2456 |     pow(const _Tp& __x, const std::complex<_Up>& __y)\n      |     ^~~\nC:/rtools44/x86_64-w64-mingw32.static.posix/lib/gcc/x86_64-w64-mingw32.static.posix/13.2.0/include/c++/complex:2456:5: note:   template argument deduction/substitution failed:\nPOPULATIONS//POPULATION_0012//INDIVIDUAL_QA1TZ3VU/model.cpp:49:37: note:   mismatched types 'const std::complex<_Up>' and 'double'\n   49 |     Type temp_effect = exp(-std::pow(sst_dat(t-1) - temp_opt, 2.0) / (2.0 * std::pow(temp_tol, 2.0)));\n      |                             ~~~~~~~~^~~~~~~~~~~~~~~~~~~~~~~~~~~~~~\nC:/rtools44/x86_64-w64-mingw32.static.posix/lib/gcc/x86_64-w64-mingw32.static.posix/13.2.0/include/c++/complex:2464:5: note: candidate: 'template<class _Tp, class _Up> std::complex<typename __gnu_cxx::__promote<decltype (((typename __gnu_cxx::__promote<_Tp, std::__is_integer<_Tp>::__value>::__type)(0) + (typename __gnu_cxx::__promote<_Up, std::__is_integer<_Up>::__value>::__type)(0)))>::__type> std::pow(const complex<_Tp>&, const complex<_Up>&)'\n 2464 |     pow(const std::complex<_Tp>& __x, const std::complex<_Up>& __y)\n      |     ^~~\nC:/rtools44/x86_64-w64-mingw32.static.posix/lib/gcc/x86_64-w64-mingw32.static.posix/13.2.0/include/c++/complex:2464:5: note:   template argument deduction/substitution failed:\nPOPULATIONS//POPULATION_0012//INDIVIDUAL_QA1TZ3VU/model.cpp:49:37: note:   'CppAD::AD<CppAD::AD<double> >' is not derived from 'const std::complex<_Tp>'\n   49 |     Type temp_effect = exp(-std::pow(sst_dat(t-1) - temp_opt, 2.0) / (2.0 * std::pow(temp_tol, 2.0)));\n      |                             ~~~~~~~~^~~~~~~~~~~~~~~~~~~~~~~~~~~~~~\nC:/rtools44/x86_64-w64-mingw32.static.posix/include/math.h:191:18: note: candidate: 'double pow(double, double)'\n  191 |   double __cdecl pow(double _X,double _Y);\n      |                  ^~~\nC:/rtools44/x86_64-w64-mingw32.static.posix/include/math.h:191:29: note:   no known conversion for argument 1 from 'CppAD::AD<CppAD::AD<double> >' to 'double'\n  191 |   double __cdecl pow(double _X,double _Y);\n      |                      ~~~~~~~^~\nC:/rtools44/x86_64-w64-mingw32.static.posix/lib/gcc/x86_64-w64-mingw32.static.posix/13.2.0/include/c++/cmath:372:3: note: candidate: 'constexpr float std::pow(float, float)'\n  372 |   pow(float __x, float __y)\n      |   ^~~\nC:/rtools44/x86_64-w64-mingw32.static.posix/lib/gcc/x86_64-w64-mingw32.static.posix/13.2.0/include/c++/cmath:372:13: note:   no known conversion for argument 1 from 'CppAD::AD<CppAD::AD<double> >' to 'float'\n  372 |   pow(float __x, float __y)\n      |       ~~~~~~^~~\nC:/rtools44/x86_64-w64-mingw32.static.posix/lib/gcc/x86_64-w64-mingw32.static.posix/13.2.0/include/c++/cmath:376:3: note: candidate: 'constexpr long double std::pow(long double, long double)'\n  376 |   pow(long double __x, long double __y)\n      |   ^~~\nC:/rtools44/x86_64-w64-mingw32.static.posix/lib/gcc/x86_64-w64-mingw32.static.posix/13.2.0/include/c++/cmath:376:19: note:   no known conversion for argument 1 from 'CppAD::AD<CppAD::AD<double> >' to 'long double'\n  376 |   pow(long double __x, long double __y)\n      |       ~~~~~~~~~~~~^~~\nPOPULATIONS//POPULATION_0012//INDIVIDUAL_QA1TZ3VU/model.cpp:49:85: error: no matching function for call to 'pow(CppAD::AD<CppAD::AD<double> >&, double)'\n   49 |     Type temp_effect = exp(-std::pow(sst_dat(t-1) - temp_opt, 2.0) / (2.0 * std::pow(temp_tol, 2.0)));\n      |                                                                             ~~~~~~~~^~~~~~~~~~~~~~~\nC:/rtools44/x86_64-w64-mingw32.static.posix/lib/gcc/x86_64-w64-mingw32.static.posix/13.2.0/include/c++/cmath:1070:5: note: candidate: 'template<class _Tp, class _Up> constexpr typename __gnu_cxx::__promote_2<_Tp, _Up>::__type std::pow(_Tp, _Up)'\n 1070 |     pow(_Tp __x, _Up __y)\n      |     ^~~\nC:/rtools44/x86_64-w64-mingw32.static.posix/lib/gcc/x86_64-w64-mingw32.static.posix/13.2.0/include/c++/cmath:1070:5: note:   template argument deduction/substitution failed:\nC:/rtools44/x86_64-w64-mingw32.static.posix/lib/gcc/x86_64-w64-mingw32.static.posix/13.2.0/include/c++/complex:1280:5: note: candidate: 'template<class _Tp> std::complex<_Tp> std::pow(const complex<_Tp>&, int)'\n 1280 |     pow(const complex<_Tp>& __z, int __n)\n      |     ^~~\nC:/rtools44/x86_64-w64-mingw32.static.posix/lib/gcc/x86_64-w64-mingw32.static.posix/13.2.0/include/c++/complex:1280:5: note:   template argument deduction/substitution failed:\nPOPULATIONS//POPULATION_0012//INDIVIDUAL_QA1TZ3VU/model.cpp:49:85: note:   'CppAD::AD<CppAD::AD<double> >' is not derived from 'const std::complex<_Tp>'\n   49 |     Type temp_effect = exp(-std::pow(sst_dat(t-1) - temp_opt, 2.0) / (2.0 * std::pow(temp_tol, 2.0)));\n      |                                                                             ~~~~~~~~^~~~~~~~~~~~~~~\nC:/rtools44/x86_64-w64-mingw32.static.posix/lib/gcc/x86_64-w64-mingw32.static.posix/13.2.0/include/c++/complex:1289:5: note: candidate: 'template<class _Tp> std::complex<_Tp> std::pow(const complex<_Tp>&, const _Tp&)'\n 1289 |     pow(const complex<_Tp>& __x, const _Tp& __y)\n      |     ^~~\nC:/rtools44/x86_64-w64-mingw32.static.posix/lib/gcc/x86_64-w64-mingw32.static.posix/13.2.0/include/c++/complex:1289:5: note:   template argument deduction/substitution failed:\nPOPULATIONS//POPULATION_0012//INDIVIDUAL_QA1TZ3VU/model.cpp:49:85: note:   'CppAD::AD<CppAD::AD<double> >' is not derived from 'const std::complex<_Tp>'\n   49 |     Type temp_effect = exp(-std::pow(sst_dat(t-1) - temp_opt, 2.0) / (2.0 * std::pow(temp_tol, 2.0)));\n      |                                                                             ~~~~~~~~^~~~~~~~~~~~~~~\nC:/rtools44/x86_64-w64-mingw32.static.posix/lib/gcc/x86_64-w64-mingw32.static.posix/13.2.0/include/c++/complex:1328:5: note: candidate: 'template<class _Tp> std::complex<_Tp> std::pow(const complex<_Tp>&, const complex<_Tp>&)'\n 1328 |     pow(const complex<_Tp>& __x, const complex<_Tp>& __y)\n      |     ^~~\nC:/rtools44/x86_64-w64-mingw32.static.posix/lib/gcc/x86_64-w64-mingw32.static.posix/13.2.0/include/c++/complex:1328:5: note:   template argument deduction/substitution failed:\nPOPULATIONS//POPULATION_0012//INDIVIDUAL_QA1TZ3VU/model.cpp:49:85: note:   'CppAD::AD<CppAD::AD<double> >' is not derived from 'const std::complex<_Tp>'\n   49 |     Type temp_effect = exp(-std::pow(sst_dat(t-1) - temp_opt, 2.0) / (2.0 * std::pow(temp_tol, 2.0)));\n      |                                                                             ~~~~~~~~^~~~~~~~~~~~~~~\nC:/rtools44/x86_64-w64-mingw32.static.posix/lib/gcc/x86_64-w64-mingw32.static.posix/13.2.0/include/c++/complex:1334:5: note: candidate: 'template<class _Tp> std::complex<_Tp> std::pow(const _Tp&, const complex<_Tp>&)'\n 1334 |     pow(const _Tp& __x, const complex<_Tp>& __y)\n      |     ^~~\nC:/rtools44/x86_64-w64-mingw32.static.posix/lib/gcc/x86_64-w64-mingw32.static.posix/13.2.0/include/c++/complex:1334:5: note:   template argument deduction/substitution failed:\nPOPULATIONS//POPULATION_0012//INDIVIDUAL_QA1TZ3VU/model.cpp:49:85: note:   mismatched types 'const std::complex<_Tp>' and 'double'\n   49 |     Type temp_effect = exp(-std::pow(sst_dat(t-1) - temp_opt, 2.0) / (2.0 * std::pow(temp_tol, 2.0)));\n      |                                                                             ~~~~~~~~^~~~~~~~~~~~~~~\nC:/rtools44/x86_64-w64-mingw32.static.posix/lib/gcc/x86_64-w64-mingw32.static.posix/13.2.0/include/c++/complex:2448:5: note: candidate: 'template<class _Tp, class _Up> std::complex<typename __gnu_cxx::__promote<decltype (((typename __gnu_cxx::__promote<_Tp, std::__is_integer<_Tp>::__value>::__type)(0) + (typename __gnu_cxx::__promote<_Up, std::__is_integer<_Up>::__value>::__type)(0)))>::__type> std::pow(const complex<_Tp>&, const _Up&)'\n 2448 |     pow(const std::complex<_Tp>& __x, const _Up& __y)\n      |     ^~~\nC:/rtools44/x86_64-w64-mingw32.static.posix/lib/gcc/x86_64-w64-mingw32.static.posix/13.2.0/include/c++/complex:2448:5: note:   template argument deduction/substitution failed:\nPOPULATIONS//POPULATION_0012//INDIVIDUAL_QA1TZ3VU/model.cpp:49:85: note:   'CppAD::AD<CppAD::AD<double> >' is not derived from 'const std::complex<_Tp>'\n   49 |     Type temp_effect = exp(-std::pow(sst_dat(t-1) - temp_opt, 2.0) / (2.0 * std::pow(temp_tol, 2.0)));\n      |                                                                             ~~~~~~~~^~~~~~~~~~~~~~~\nC:/rtools44/x86_64-w64-mingw32.static.posix/lib/gcc/x86_64-w64-mingw32.static.posix/13.2.0/include/c++/complex:2456:5: note: candidate: 'template<class _Tp, class _Up> std::complex<typename __gnu_cxx::__promote<decltype (((typename __gnu_cxx::__promote<_Tp, std::__is_integer<_Tp>::__value>::__type)(0) + (typename __gnu_cxx::__promote<_Up, std::__is_integer<_Up>::__value>::__type)(0)))>::__type> std::pow(const _Tp&, const complex<_Up>&)'\n 2456 |     pow(const _Tp& __x, const std::complex<_Up>& __y)\n      |     ^~~\nC:/rtools44/x86_64-w64-mingw32.static.posix/lib/gcc/x86_64-w64-mingw32.static.posix/13.2.0/include/c++/complex:2456:5: note:   template argument deduction/substitution failed:\nPOPULATIONS//POPULATION_0012//INDIVIDUAL_QA1TZ3VU/model.cpp:49:85: note:   mismatched types 'const std::complex<_Up>' and 'double'\n   49 |     Type temp_effect = exp(-std::pow(sst_dat(t-1) - temp_opt, 2.0) / (2.0 * std::pow(temp_tol, 2.0)));\n      |                                                                             ~~~~~~~~^~~~~~~~~~~~~~~\nC:/rtools44/x86_64-w64-mingw32.static.posix/lib/gcc/x86_64-w64-mingw32.static.posix/13.2.0/include/c++/complex:2464:5: note: candidate: 'template<class _Tp, class _Up> std::complex<typename __gnu_cxx::__promote<decltype (((typename __gnu_cxx::__promote<_Tp, std::__is_integer<_Tp>::__value>::__type)(0) + (typename __gnu_cxx::__promote<_Up, std::__is_integer<_Up>::__value>::__type)(0)))>::__type> std::pow(const complex<_Tp>&, const complex<_Up>&)'\n 2464 |     pow(const std::complex<_Tp>& __x, const std::complex<_Up>& __y)\n      |     ^~~\nC:/rtools44/x86_64-w64-mingw32.static.posix/lib/gcc/x86_64-w64-mingw32.static.posix/13.2.0/include/c++/complex:2464:5: note:   template argument deduction/substitution failed:\nPOPULATIONS//POPULATION_0012//INDIVIDUAL_QA1TZ3VU/model.cpp:49:85: note:   'CppAD::AD<CppAD::AD<double> >' is not derived from 'const std::complex<_Tp>'\n   49 |     Type temp_effect = exp(-std::pow(sst_dat(t-1) - temp_opt, 2.0) / (2.0 * std::pow(temp_tol, 2.0)));\n      |                                                                             ~~~~~~~~^~~~~~~~~~~~~~~\nC:/rtools44/x86_64-w64-mingw32.static.posix/include/math.h:191:18: note: candidate: 'double pow(double, double)'\n  191 |   double __cdecl pow(double _X,double _Y);\n      |                  ^~~\nC:/rtools44/x86_64-w64-mingw32.static.posix/include/math.h:191:29: note:   no known conversion for argument 1 from 'CppAD::AD<CppAD::AD<double> >' to 'double'\n  191 |   double __cdecl pow(double _X,double _Y);\n      |                      ~~~~~~~^~\nC:/rtools44/x86_64-w64-mingw32.static.posix/lib/gcc/x86_64-w64-mingw32.static.posix/13.2.0/include/c++/cmath:372:3: note: candidate: 'constexpr float std::pow(float, float)'\n  372 |   pow(float __x, float __y)\n      |   ^~~\nC:/rtools44/x86_64-w64-mingw32.static.posix/lib/gcc/x86_64-w64-mingw32.static.posix/13.2.0/include/c++/cmath:372:13: note:   no known conversion for argument 1 from 'CppAD::AD<CppAD::AD<double> >' to 'float'\n  372 |   pow(float __x, float __y)\n      |       ~~~~~~^~~\nC:/rtools44/x86_64-w64-mingw32.static.posix/lib/gcc/x86_64-w64-mingw32.static.posix/13.2.0/include/c++/cmath:376:3: note: candidate: 'constexpr long double std::pow(long double, long double)'\n  376 |   pow(long double __x, long double __y)\n      |   ^~~\nC:/rtools44/x86_64-w64-mingw32.static.posix/lib/gcc/x86_64-w64-mingw32.static.posix/13.2.0/include/c++/cmath:376:19: note:   no known conversion for argument 1 from 'CppAD::AD<CppAD::AD<double> >' to 'long double'\n  376 |   pow(long double __x, long double __y)\n      |       ~~~~~~~~~~~~^~~\nPOPULATIONS//POPULATION_0012//INDIVIDUAL_QA1TZ3VU/model.cpp: In instantiation of 'Type objective_function<Type>::operator()() [with Type = CppAD::AD<CppAD::AD<CppAD::AD<double> > >]':\nC:/Users/spi085/AppData/Local/Programs/R/R-4.4.1/library/TMB/include/tmb_core.hpp:913:29:   required from 'Type objective_function<Type>::evalUserTemplate() [with Type = CppAD::AD<CppAD::AD<CppAD::AD<double> > >]'\nC:/Users/spi085/AppData/Local/Programs/R/R-4.4.1/library/TMB/include/tmb_core.hpp:2361:28:   required from here\nPOPULATIONS//POPULATION_0012//INDIVIDUAL_QA1TZ3VU/model.cpp:49:37: error: no matching function for call to 'pow(CppAD::AD<CppAD::AD<CppAD::AD<double> > >, double)'\n   49 |     Type temp_effect = exp(-std::pow(sst_dat(t-1) - temp_opt, 2.0) / (2.0 * std::pow(temp_tol, 2.0)));\n      |                             ~~~~~~~~^~~~~~~~~~~~~~~~~~~~~~~~~~~~~~\nC:/rtools44/x86_64-w64-mingw32.static.posix/lib/gcc/x86_64-w64-mingw32.static.posix/13.2.0/include/c++/cmath:1070:5: note: candidate: 'template<class _Tp, class _Up> constexpr typename __gnu_cxx::__promote_2<_Tp, _Up>::__type std::pow(_Tp, _Up)'\n 1070 |     pow(_Tp __x, _Up __y)\n      |     ^~~\nC:/rtools44/x86_64-w64-mingw32.static.posix/lib/gcc/x86_64-w64-mingw32.static.posix/13.2.0/include/c++/cmath:1070:5: note:   template argument deduction/substitution failed:\nC:/rtools44/x86_64-w64-mingw32.static.posix/lib/gcc/x86_64-w64-mingw32.static.posix/13.2.0/include/c++/ext/type_traits.h: In substitution of 'template<class _Tp, class _Up> using __gnu_cxx::__promote_2 = __gnu_cxx::__promote<decltype (((typename __gnu_cxx::__promote<_Tp, std::__is_integer<_Tp>::__value>::__type)(0) + (typename __gnu_cxx::__promote<_Up, std::__is_integer<_Up>::__value>::__type)(0)))> [with _Tp = CppAD::AD<CppAD::AD<CppAD::AD<double> > >; _Up = double]':\nC:/rtools44/x86_64-w64-mingw32.static.posix/lib/gcc/x86_64-w64-mingw32.static.posix/13.2.0/include/c++/cmath:1070:5:   required by substitution of 'template<class _Tp, class _Up> constexpr typename __gnu_cxx::__promote_2<_Tp, _Up>::__type std::pow(_Tp, _Up) [with _Tp = CppAD::AD<CppAD::AD<CppAD::AD<double> > >; _Up = double]'\nPOPULATIONS//POPULATION_0012//INDIVIDUAL_QA1TZ3VU/model.cpp:49:37:   required from 'Type objective_function<Type>::operator()() [with Type = CppAD::AD<CppAD::AD<CppAD::AD<double> > >]'\nC:/Users/spi085/AppData/Local/Programs/R/R-4.4.1/library/TMB/include/tmb_core.hpp:913:29:   required from 'Type objective_function<Type>::evalUserTemplate() [with Type = CppAD::AD<CppAD::AD<CppAD::AD<double> > >]'\nC:/Users/spi085/AppData/Local/Programs/R/R-4.4.1/library/TMB/include/tmb_core.hpp:2361:28:   required from here\nC:/rtools44/x86_64-w64-mingw32.static.posix/lib/gcc/x86_64-w64-mingw32.static.posix/13.2.0/include/c++/ext/type_traits.h:226:61: error: no type named '__type' in 'struct __gnu_cxx::__promote<CppAD::AD<CppAD::AD<CppAD::AD<double> > >, false>'\n  226 |     using __promoted_t = decltype((typename __promote<_Tp>::__type(0) + ...));\n      |                                                             ^~~~~~~~~\nPOPULATIONS//POPULATION_0012//INDIVIDUAL_QA1TZ3VU/model.cpp: In instantiation of 'Type objective_function<Type>::operator()() [with Type = CppAD::AD<CppAD::AD<CppAD::AD<double> > >]':\nC:/Users/spi085/AppData/Local/Programs/R/R-4.4.1/library/TMB/include/tmb_core.hpp:913:29:   required from 'Type objective_function<Type>::evalUserTemplate() [with Type = CppAD::AD<CppAD::AD<CppAD::AD<double> > >]'\nC:/Users/spi085/AppData/Local/Programs/R/R-4.4.1/library/TMB/include/tmb_core.hpp:2361:28:   required from here\nC:/rtools44/x86_64-w64-mingw32.static.posix/lib/gcc/x86_64-w64-mingw32.static.posix/13.2.0/include/c++/complex:1280:5: note: candidate: 'template<class _Tp> std::complex<_Tp> std::pow(const complex<_Tp>&, int)'\n 1280 |     pow(const complex<_Tp>& __z, int __n)\n      |     ^~~\nC:/rtools44/x86_64-w64-mingw32.static.posix/lib/gcc/x86_64-w64-mingw32.static.posix/13.2.0/include/c++/complex:1280:5: note:   template argument deduction/substitution failed:\nPOPULATIONS//POPULATION_0012//INDIVIDUAL_QA1TZ3VU/model.cpp:49:37: note:   'CppAD::AD<CppAD::AD<CppAD::AD<double> > >' is not derived from 'const std::complex<_Tp>'\n   49 |     Type temp_effect = exp(-std::pow(sst_dat(t-1) - temp_opt, 2.0) / (2.0 * std::pow(temp_tol, 2.0)));\n      |                             ~~~~~~~~^~~~~~~~~~~~~~~~~~~~~~~~~~~~~~\nC:/rtools44/x86_64-w64-mingw32.static.posix/lib/gcc/x86_64-w64-mingw32.static.posix/13.2.0/include/c++/complex:1289:5: note: candidate: 'template<class _Tp> std::complex<_Tp> std::pow(const complex<_Tp>&, const _Tp&)'\n 1289 |     pow(const complex<_Tp>& __x, const _Tp& __y)\n      |     ^~~\nC:/rtools44/x86_64-w64-mingw32.static.posix/lib/gcc/x86_64-w64-mingw32.static.posix/13.2.0/include/c++/complex:1289:5: note:   template argument deduction/substitution failed:\nPOPULATIONS//POPULATION_0012//INDIVIDUAL_QA1TZ3VU/model.cpp:49:37: note:   'CppAD::AD<CppAD::AD<CppAD::AD<double> > >' is not derived from 'const std::complex<_Tp>'\n   49 |     Type temp_effect = exp(-std::pow(sst_dat(t-1) - temp_opt, 2.0) / (2.0 * std::pow(temp_tol, 2.0)));\n      |                             ~~~~~~~~^~~~~~~~~~~~~~~~~~~~~~~~~~~~~~\nC:/rtools44/x86_64-w64-mingw32.static.posix/lib/gcc/x86_64-w64-mingw32.static.posix/13.2.0/include/c++/complex:1328:5: note: candidate: 'template<class _Tp> std::complex<_Tp> std::pow(const complex<_Tp>&, const complex<_Tp>&)'\n 1328 |     pow(const complex<_Tp>& __x, const complex<_Tp>& __y)\n      |     ^~~\nC:/rtools44/x86_64-w64-mingw32.static.posix/lib/gcc/x86_64-w64-mingw32.static.posix/13.2.0/include/c++/complex:1328:5: note:   template argument deduction/substitution failed:\nPOPULATIONS//POPULATION_0012//INDIVIDUAL_QA1TZ3VU/model.cpp:49:37: note:   'CppAD::AD<CppAD::AD<CppAD::AD<double> > >' is not derived from 'const std::complex<_Tp>'\n   49 |     Type temp_effect = exp(-std::pow(sst_dat(t-1) - temp_opt, 2.0) / (2.0 * std::pow(temp_tol, 2.0)));\n      |                             ~~~~~~~~^~~~~~~~~~~~~~~~~~~~~~~~~~~~~~\nC:/rtools44/x86_64-w64-mingw32.static.posix/lib/gcc/x86_64-w64-mingw32.static.posix/13.2.0/include/c++/complex:1334:5: note: candidate: 'template<class _Tp> std::complex<_Tp> std::pow(const _Tp&, const complex<_Tp>&)'\n 1334 |     pow(const _Tp& __x, const complex<_Tp>& __y)\n      |     ^~~\nC:/rtools44/x86_64-w64-mingw32.static.posix/lib/gcc/x86_64-w64-mingw32.static.posix/13.2.0/include/c++/complex:1334:5: note:   template argument deduction/substitution failed:\nPOPULATIONS//POPULATION_0012//INDIVIDUAL_QA1TZ3VU/model.cpp:49:37: note:   mismatched types 'const std::complex<_Tp>' and 'double'\n   49 |     Type temp_effect = exp(-std::pow(sst_dat(t-1) - temp_opt, 2.0) / (2.0 * std::pow(temp_tol, 2.0)));\n      |                             ~~~~~~~~^~~~~~~~~~~~~~~~~~~~~~~~~~~~~~\nC:/rtools44/x86_64-w64-mingw32.static.posix/lib/gcc/x86_64-w64-mingw32.static.posix/13.2.0/include/c++/complex:2448:5: note: candidate: 'template<class _Tp, class _Up> std::complex<typename __gnu_cxx::__promote<decltype (((typename __gnu_cxx::__promote<_Tp, std::__is_integer<_Tp>::__value>::__type)(0) + (typename __gnu_cxx::__promote<_Up, std::__is_integer<_Up>::__value>::__type)(0)))>::__type> std::pow(const complex<_Tp>&, const _Up&)'\n 2448 |     pow(const std::complex<_Tp>& __x, const _Up& __y)\n      |     ^~~\nC:/rtools44/x86_64-w64-mingw32.static.posix/lib/gcc/x86_64-w64-mingw32.static.posix/13.2.0/include/c++/complex:2448:5: note:   template argument deduction/substitution failed:\nPOPULATIONS//POPULATION_0012//INDIVIDUAL_QA1TZ3VU/model.cpp:49:37: note:   'CppAD::AD<CppAD::AD<CppAD::AD<double> > >' is not derived from 'const std::complex<_Tp>'\n   49 |     Type temp_effect = exp(-std::pow(sst_dat(t-1) - temp_opt, 2.0) / (2.0 * std::pow(temp_tol, 2.0)));\n      |                             ~~~~~~~~^~~~~~~~~~~~~~~~~~~~~~~~~~~~~~\nC:/rtools44/x86_64-w64-mingw32.static.posix/lib/gcc/x86_64-w64-mingw32.static.posix/13.2.0/include/c++/complex:2456:5: note: candidate: 'template<class _Tp, class _Up> std::complex<typename __gnu_cxx::__promote<decltype (((typename __gnu_cxx::__promote<_Tp, std::__is_integer<_Tp>::__value>::__type)(0) + (typename __gnu_cxx::__promote<_Up, std::__is_integer<_Up>::__value>::__type)(0)))>::__type> std::pow(const _Tp&, const complex<_Up>&)'\n 2456 |     pow(const _Tp& __x, const std::complex<_Up>& __y)\n      |     ^~~\nC:/rtools44/x86_64-w64-mingw32.static.posix/lib/gcc/x86_64-w64-mingw32.static.posix/13.2.0/include/c++/complex:2456:5: note:   template argument deduction/substitution failed:\nPOPULATIONS//POPULATION_0012//INDIVIDUAL_QA1TZ3VU/model.cpp:49:37: note:   mismatched types 'const std::complex<_Up>' and 'double'\n   49 |     Type temp_effect = exp(-std::pow(sst_dat(t-1) - temp_opt, 2.0) / (2.0 * std::pow(temp_tol, 2.0)));\n      |                             ~~~~~~~~^~~~~~~~~~~~~~~~~~~~~~~~~~~~~~\nC:/rtools44/x86_64-w64-mingw32.static.posix/lib/gcc/x86_64-w64-mingw32.static.posix/13.2.0/include/c++/complex:2464:5: note: candidate: 'template<class _Tp, class _Up> std::complex<typename __gnu_cxx::__promote<decltype (((typename __gnu_cxx::__promote<_Tp, std::__is_integer<_Tp>::__value>::__type)(0) + (typename __gnu_cxx::__promote<_Up, std::__is_integer<_Up>::__value>::__type)(0)))>::__type> std::pow(const complex<_Tp>&, const complex<_Up>&)'\n 2464 |     pow(const std::complex<_Tp>& __x, const std::complex<_Up>& __y)\n      |     ^~~\nC:/rtools44/x86_64-w64-mingw32.static.posix/lib/gcc/x86_64-w64-mingw32.static.posix/13.2.0/include/c++/complex:2464:5: note:   template argument deduction/substitution failed:\nPOPULATIONS//POPULATION_0012//INDIVIDUAL_QA1TZ3VU/model.cpp:49:37: note:   'CppAD::AD<CppAD::AD<CppAD::AD<double> > >' is not derived from 'const std::complex<_Tp>'\n   49 |     Type temp_effect = exp(-std::pow(sst_dat(t-1) - temp_opt, 2.0) / (2.0 * std::pow(temp_tol, 2.0)));\n      |                             ~~~~~~~~^~~~~~~~~~~~~~~~~~~~~~~~~~~~~~\nC:/rtools44/x86_64-w64-mingw32.static.posix/include/math.h:191:18: note: candidate: 'double pow(double, double)'\n  191 |   double __cdecl pow(double _X,double _Y);\n      |                  ^~~\nC:/rtools44/x86_64-w64-mingw32.static.posix/include/math.h:191:29: note:   no known conversion for argument 1 from 'CppAD::AD<CppAD::AD<CppAD::AD<double> > >' to 'double'\n  191 |   double __cdecl pow(double _X,double _Y);\n      |                      ~~~~~~~^~\nC:/rtools44/x86_64-w64-mingw32.static.posix/lib/gcc/x86_64-w64-mingw32.static.posix/13.2.0/include/c++/cmath:372:3: note: candidate: 'constexpr float std::pow(float, float)'\n  372 |   pow(float __x, float __y)\n      |   ^~~\nC:/rtools44/x86_64-w64-mingw32.static.posix/lib/gcc/x86_64-w64-mingw32.static.posix/13.2.0/include/c++/cmath:372:13: note:   no known conversion for argument 1 from 'CppAD::AD<CppAD::AD<CppAD::AD<double> > >' to 'float'\n  372 |   pow(float __x, float __y)\n      |       ~~~~~~^~~\nC:/rtools44/x86_64-w64-mingw32.static.posix/lib/gcc/x86_64-w64-mingw32.static.posix/13.2.0/include/c++/cmath:376:3: note: candidate: 'constexpr long double std::pow(long double, long double)'\n  376 |   pow(long double __x, long double __y)\n      |   ^~~\nC:/rtools44/x86_64-w64-mingw32.static.posix/lib/gcc/x86_64-w64-mingw32.static.posix/13.2.0/include/c++/cmath:376:19: note:   no known conversion for argument 1 from 'CppAD::AD<CppAD::AD<CppAD::AD<double> > >' to 'long double'\n  376 |   pow(long double __x, long double __y)\n      |       ~~~~~~~~~~~~^~~\nPOPULATIONS//POPULATION_0012//INDIVIDUAL_QA1TZ3VU/model.cpp:49:85: error: no matching function for call to 'pow(CppAD::AD<CppAD::AD<CppAD::AD<double> > >&, double)'\n   49 |     Type temp_effect = exp(-std::pow(sst_dat(t-1) - temp_opt, 2.0) / (2.0 * std::pow(temp_tol, 2.0)));\n      |                                                                             ~~~~~~~~^~~~~~~~~~~~~~~\nC:/rtools44/x86_64-w64-mingw32.static.posix/lib/gcc/x86_64-w64-mingw32.static.posix/13.2.0/include/c++/cmath:1070:5: note: candidate: 'template<class _Tp, class _Up> constexpr typename __gnu_cxx::__promote_2<_Tp, _Up>::__type std::pow(_Tp, _Up)'\n 1070 |     pow(_Tp __x, _Up __y)\n      |     ^~~\nC:/rtools44/x86_64-w64-mingw32.static.posix/lib/gcc/x86_64-w64-mingw32.static.posix/13.2.0/include/c++/cmath:1070:5: note:   template argument deduction/substitution failed:\nC:/rtools44/x86_64-w64-mingw32.static.posix/lib/gcc/x86_64-w64-mingw32.static.posix/13.2.0/include/c++/complex:1280:5: note: candidate: 'template<class _Tp> std::complex<_Tp> std::pow(const complex<_Tp>&, int)'\n 1280 |     pow(const complex<_Tp>& __z, int __n)\n      |     ^~~\nC:/rtools44/x86_64-w64-mingw32.static.posix/lib/gcc/x86_64-w64-mingw32.static.posix/13.2.0/include/c++/complex:1280:5: note:   template argument deduction/substitution failed:\nPOPULATIONS//POPULATION_0012//INDIVIDUAL_QA1TZ3VU/model.cpp:49:85: note:   'CppAD::AD<CppAD::AD<CppAD::AD<double> > >' is not derived from 'const std::complex<_Tp>'\n   49 |     Type temp_effect = exp(-std::pow(sst_dat(t-1) - temp_opt, 2.0) / (2.0 * std::pow(temp_tol, 2.0)));\n      |                                                                             ~~~~~~~~^~~~~~~~~~~~~~~\nC:/rtools44/x86_64-w64-mingw32.static.posix/lib/gcc/x86_64-w64-mingw32.static.posix/13.2.0/include/c++/complex:1289:5: note: candidate: 'template<class _Tp> std::complex<_Tp> std::pow(const complex<_Tp>&, const _Tp&)'\n 1289 |     pow(const complex<_Tp>& __x, const _Tp& __y)\n      |     ^~~\nC:/rtools44/x86_64-w64-mingw32.static.posix/lib/gcc/x86_64-w64-mingw32.static.posix/13.2.0/include/c++/complex:1289:5: note:   template argument deduction/substitution failed:\nPOPULATIONS//POPULATION_0012//INDIVIDUAL_QA1TZ3VU/model.cpp:49:85: note:   'CppAD::AD<CppAD::AD<CppAD::AD<double> > >' is not derived from 'const std::complex<_Tp>'\n   49 |     Type temp_effect = exp(-std::pow(sst_dat(t-1) - temp_opt, 2.0) / (2.0 * std::pow(temp_tol, 2.0)));\n      |                                                                             ~~~~~~~~^~~~~~~~~~~~~~~\nC:/rtools44/x86_64-w64-mingw32.static.posix/lib/gcc/x86_64-w64-mingw32.static.posix/13.2.0/include/c++/complex:1328:5: note: candidate: 'template<class _Tp> std::complex<_Tp> std::pow(const complex<_Tp>&, const complex<_Tp>&)'\n 1328 |     pow(const complex<_Tp>& __x, const complex<_Tp>& __y)\n      |     ^~~\nC:/rtools44/x86_64-w64-mingw32.static.posix/lib/gcc/x86_64-w64-mingw32.static.posix/13.2.0/include/c++/complex:1328:5: note:   template argument deduction/substitution failed:\nPOPULATIONS//POPULATION_0012//INDIVIDUAL_QA1TZ3VU/model.cpp:49:85: note:   'CppAD::AD<CppAD::AD<CppAD::AD<double> > >' is not derived from 'const std::complex<_Tp>'\n   49 |     Type temp_effect = exp(-std::pow(sst_dat(t-1) - temp_opt, 2.0) / (2.0 * std::pow(temp_tol, 2.0)));\n      |                                                                             ~~~~~~~~^~~~~~~~~~~~~~~\nC:/rtools44/x86_64-w64-mingw32.static.posix/lib/gcc/x86_64-w64-mingw32.static.posix/13.2.0/include/c++/complex:1334:5: note: candidate: 'template<class _Tp> std::complex<_Tp> std::pow(const _Tp&, const complex<_Tp>&)'\n 1334 |     pow(const _Tp& __x, const complex<_Tp>& __y)\n      |     ^~~\nC:/rtools44/x86_64-w64-mingw32.static.posix/lib/gcc/x86_64-w64-mingw32.static.posix/13.2.0/include/c++/complex:1334:5: note:   template argument deduction/substitution failed:\nPOPULATIONS//POPULATION_0012//INDIVIDUAL_QA1TZ3VU/model.cpp:49:85: note:   mismatched types 'const std::complex<_Tp>' and 'double'\n   49 |     Type temp_effect = exp(-std::pow(sst_dat(t-1) - temp_opt, 2.0) / (2.0 * std::pow(temp_tol, 2.0)));\n      |                                                                             ~~~~~~~~^~~~~~~~~~~~~~~\nC:/rtools44/x86_64-w64-mingw32.static.posix/lib/gcc/x86_64-w64-mingw32.static.posix/13.2.0/include/c++/complex:2448:5: note: candidate: 'template<class _Tp, class _Up> std::complex<typename __gnu_cxx::__promote<decltype (((typename __gnu_cxx::__promote<_Tp, std::__is_integer<_Tp>::__value>::__type)(0) + (typename __gnu_cxx::__promote<_Up, std::__is_integer<_Up>::__value>::__type)(0)))>::__type> std::pow(const complex<_Tp>&, const _Up&)'\n 2448 |     pow(const std::complex<_Tp>& __x, const _Up& __y)\n      |     ^~~\nC:/rtools44/x86_64-w64-mingw32.static.posix/lib/gcc/x86_64-w64-mingw32.static.posix/13.2.0/include/c++/complex:2448:5: note:   template argument deduction/substitution failed:\nPOPULATIONS//POPULATION_0012//INDIVIDUAL_QA1TZ3VU/model.cpp:49:85: note:   'CppAD::AD<CppAD::AD<CppAD::AD<double> > >' is not derived from 'const std::complex<_Tp>'\n   49 |     Type temp_effect = exp(-std::pow(sst_dat(t-1) - temp_opt, 2.0) / (2.0 * std::pow(temp_tol, 2.0)));\n      |                                                                             ~~~~~~~~^~~~~~~~~~~~~~~\nC:/rtools44/x86_64-w64-mingw32.static.posix/lib/gcc/x86_64-w64-mingw32.static.posix/13.2.0/include/c++/complex:2456:5: note: candidate: 'template<class _Tp, class _Up> std::complex<typename __gnu_cxx::__promote<decltype (((typename __gnu_cxx::__promote<_Tp, std::__is_integer<_Tp>::__value>::__type)(0) + (typename __gnu_cxx::__promote<_Up, std::__is_integer<_Up>::__value>::__type)(0)))>::__type> std::pow(const _Tp&, const complex<_Up>&)'\n 2456 |     pow(const _Tp& __x, const std::complex<_Up>& __y)\n      |     ^~~\nC:/rtools44/x86_64-w64-mingw32.static.posix/lib/gcc/x86_64-w64-mingw32.static.posix/13.2.0/include/c++/complex:2456:5: note:   template argument deduction/substitution failed:\nPOPULATIONS//POPULATION_0012//INDIVIDUAL_QA1TZ3VU/model.cpp:49:85: note:   mismatched types 'const std::complex<_Up>' and 'double'\n   49 |     Type temp_effect = exp(-std::pow(sst_dat(t-1) - temp_opt, 2.0) / (2.0 * std::pow(temp_tol, 2.0)));\n      |                                                                             ~~~~~~~~^~~~~~~~~~~~~~~\nC:/rtools44/x86_64-w64-mingw32.static.posix/lib/gcc/x86_64-w64-mingw32.static.posix/13.2.0/include/c++/complex:2464:5: note: candidate: 'template<class _Tp, class _Up> std::complex<typename __gnu_cxx::__promote<decltype (((typename __gnu_cxx::__promote<_Tp, std::__is_integer<_Tp>::__value>::__type)(0) + (typename __gnu_cxx::__promote<_Up, std::__is_integer<_Up>::__value>::__type)(0)))>::__type> std::pow(const complex<_Tp>&, const complex<_Up>&)'\n 2464 |     pow(const std::complex<_Tp>& __x, const std::complex<_Up>& __y)\n      |     ^~~\nC:/rtools44/x86_64-w64-mingw32.static.posix/lib/gcc/x86_64-w64-mingw32.static.posix/13.2.0/include/c++/complex:2464:5: note:   template argument deduction/substitution failed:\nPOPULATIONS//POPULATION_0012//INDIVIDUAL_QA1TZ3VU/model.cpp:49:85: note:   'CppAD::AD<CppAD::AD<CppAD::AD<double> > >' is not derived from 'const std::complex<_Tp>'\n   49 |     Type temp_effect = exp(-std::pow(sst_dat(t-1) - temp_opt, 2.0) / (2.0 * std::pow(temp_tol, 2.0)));\n      |                                                                             ~~~~~~~~^~~~~~~~~~~~~~~\nC:/rtools44/x86_64-w64-mingw32.static.posix/include/math.h:191:18: note: candidate: 'double pow(double, double)'\n  191 |   double __cdecl pow(double _X,double _Y);\n      |                  ^~~\nC:/rtools44/x86_64-w64-mingw32.static.posix/include/math.h:191:29: note:   no known conversion for argument 1 from 'CppAD::AD<CppAD::AD<CppAD::AD<double> > >' to 'double'\n  191 |   double __cdecl pow(double _X,double _Y);\n      |                      ~~~~~~~^~\nC:/rtools44/x86_64-w64-mingw32.static.posix/lib/gcc/x86_64-w64-mingw32.static.posix/13.2.0/include/c++/cmath:372:3: note: candidate: 'constexpr float std::pow(float, float)'\n  372 |   pow(float __x, float __y)\n      |   ^~~\nC:/rtools44/x86_64-w64-mingw32.static.posix/lib/gcc/x86_64-w64-mingw32.static.posix/13.2.0/include/c++/cmath:372:13: note:   no known conversion for argument 1 from 'CppAD::AD<CppAD::AD<CppAD::AD<double> > >' to 'float'\n  372 |   pow(float __x, float __y)\n      |       ~~~~~~^~~\nC:/rtools44/x86_64-w64-mingw32.static.posix/lib/gcc/x86_64-w64-mingw32.static.posix/13.2.0/include/c++/cmath:376:3: note: candidate: 'constexpr long double std::pow(long double, long double)'\n  376 |   pow(long double __x, long double __y)\n      |   ^~~\nC:/rtools44/x86_64-w64-mingw32.static.posix/lib/gcc/x86_64-w64-mingw32.static.posix/13.2.0/include/c++/cmath:376:19: note:   no known conversion for argument 1 from 'CppAD::AD<CppAD::AD<CppAD::AD<double> > >' to 'long double'\n  376 |   pow(long double __x, long double __y)\n      |       ~~~~~~~~~~~~^~~\nmake: *** [C:/Users/spi085/AppData/Local/Programs/R/R-4.4.1/etc/x64/Makeconf:296: POPULATIONS//POPULATION_0012//INDIVIDUAL_QA1TZ3VU/model.o] Error 1\nError in TMB::compile(file.path(individual_dir, model_file), flags = flags,  : \n  Compilation failed\nError: Compilation failed\nExecution halted"
    },
    "4": {
      "status": "ERROR",
      "message": "R script failed with return code 1",
      "stdout": "g++ -std=gnu++17  -I\"C:/Users/spi085/AppData/Local/Programs/R/R-4.4.1/include\" -DNDEBUG -I\"C:/Users/spi085/AppData/Local/Programs/R/R-44~1.1/library/TMB/include\" -I\"C:/Users/spi085/AppData/Local/Programs/R/R-44~1.1/library/RCPPEI~1/include\"   -DTMB_EIGEN_DISABLE_WARNINGS   -DTMB_LIB_INIT=R_init_model  -DCPPAD_FRAMEWORK    -I\"C:/rtools44/x86_64-w64-mingw32.static.posix/include\"     -O2 -Wa,-mbig-obj -c POPULATIONS//POPULATION_0012//INDIVIDUAL_QA1TZ3VU/model.cpp -o POPULATIONS//POPULATION_0012//INDIVIDUAL_QA1TZ3VU/model.o\ng++ -std=gnu++17 -shared -s -static-libgcc -o POPULATIONS//POPULATION_0012//INDIVIDUAL_QA1TZ3VU/model.dll tmp.def POPULATIONS//POPULATION_0012//INDIVIDUAL_QA1TZ3VU/model.o -LC:/rtools44/x86_64-w64-mingw32.static.posix/lib/x64 -LC:/rtools44/x86_64-w64-mingw32.static.posix/lib -LC:/Users/spi085/AppData/Local/Programs/R/R-4.4.1/bin/x64 -lR\nStarting model phases\nNumber of phases: 3 \nPhase 1 \nInitial parameter values for phase 1 :\n    r_cots     g_slow     g_fast alpha_slow alpha_fast \n        NA     0.0165     3.4200         NA         NA \nError in model phases: NA/NaN gradient evaluation",
      "stderr": "Loading required package: TMB\nLoading required package: jsonlite\nhere() starts at C:/Users/spi085/OneDrive - CSIRO/Documents/_Projects/SCCP-QuantModelling\nusing C++ compiler: 'G__~1.EXE (GCC) 13.2.0'\nError in value[[3L]](cond) : \n  Error in model phases: NA/NaN gradient evaluation\nCalls: tryCatch -> tryCatchList -> tryCatchOne -> <Anonymous>\nIn addition: Warning message:\nIn nlminb(model$par, model$fn, model$gr) : NA/NaN function evaluation\nExecution halted"
    },
    "5": {
      "status": "ERROR",
      "message": "Model failed to compile.",
      "stdout": "g++ -std=gnu++17  -I\"C:/Users/spi085/AppData/Local/Programs/R/R-4.4.1/include\" -DNDEBUG -I\"C:/Users/spi085/AppData/Local/Programs/R/R-44~1.1/library/TMB/include\" -I\"C:/Users/spi085/AppData/Local/Programs/R/R-44~1.1/library/RCPPEI~1/include\"   -DTMB_EIGEN_DISABLE_WARNINGS   -DTMB_LIB_INIT=R_init_model  -DCPPAD_FRAMEWORK    -I\"C:/rtools44/x86_64-w64-mingw32.static.posix/include\"     -O2 -Wa,-mbig-obj -c POPULATIONS//POPULATION_0012//INDIVIDUAL_QA1TZ3VU/model.cpp -o POPULATIONS//POPULATION_0012//INDIVIDUAL_QA1TZ3VU/model.o",
      "stderr": "Loading required package: TMB\nLoading required package: jsonlite\nhere() starts at C:/Users/spi085/OneDrive - CSIRO/Documents/_Projects/SCCP-QuantModelling\nusing C++ compiler: 'G__~1.EXE (GCC) 13.2.0'\nPOPULATIONS//POPULATION_0012//INDIVIDUAL_QA1TZ3VU/model.cpp: In instantiation of 'Type objective_function<Type>::operator()() [with Type = CppAD::AD<double>]':\nC:/Users/spi085/AppData/Local/Programs/R/R-4.4.1/library/TMB/include/tmb_core.hpp:1308:6:   required from here\nPOPULATIONS//POPULATION_0012//INDIVIDUAL_QA1TZ3VU/model.cpp:72:31: error: no matching function for call to 'max(CppAD::AD<double>, CppAD::AD<double>)'\n   72 |     Type available_space = max(Type(0.0), (K_coral - total_cover) / K_coral);\n      |                            ~~~^~~~~~~~~~~~~~~~~~~~~~~~~~~~~~~~~~~~~~~~~~~~~~\nIn file included from C:/Users/spi085/AppData/Local/Programs/R/R-4.4.1/library/TMB/include/TMB.hpp:215,\n                 from POPULATIONS//POPULATION_0012//INDIVIDUAL_QA1TZ3VU/model.cpp:1:\nC:/Users/spi085/AppData/Local/Programs/R/R-4.4.1/library/TMB/include/convenience.hpp:145:6: note: candidate: 'template<class Type> Type max(const tmbutils::vector<Type>&)'\n  145 | Type max(const vector<Type> &x)\n      |      ^~~\nC:/Users/spi085/AppData/Local/Programs/R/R-4.4.1/library/TMB/include/convenience.hpp:145:6: note:   template argument deduction/substitution failed:\nPOPULATIONS//POPULATION_0012//INDIVIDUAL_QA1TZ3VU/model.cpp:72:31: note:   'CppAD::AD<double>' is not derived from 'const tmbutils::vector<Type>'\n   72 |     Type available_space = max(Type(0.0), (K_coral - total_cover) / K_coral);\n      |                            ~~~^~~~~~~~~~~~~~~~~~~~~~~~~~~~~~~~~~~~~~~~~~~~~~\nPOPULATIONS//POPULATION_0012//INDIVIDUAL_QA1TZ3VU/model.cpp:75:47: error: no matching function for call to 'min(CppAD::AD<double>, CppAD::AD<double>)'\n   75 |     Type competition_slow = max(Type(0.0), min(Type(1.0),\n      |                                            ~~~^~~~~~~~~~~\n   76 |                               1.0 - (beta_fast * fast_pred(t-1)) / (K_coral + eps)));\n      |                               ~~~~~~~~~~~~~~~~~~~~~~~~~~~~~~~~~~~~~~~~~~~~~~~~~~~~~\nC:/Users/spi085/AppData/Local/Programs/R/R-4.4.1/library/TMB/include/convenience.hpp:156:6: note: candidate: 'template<class Type> Type min(const tmbutils::vector<Type>&)'\n  156 | Type min(const vector<Type> &x)\n      |      ^~~\nC:/Users/spi085/AppData/Local/Programs/R/R-4.4.1/library/TMB/include/convenience.hpp:156:6: note:   template argument deduction/substitution failed:\nPOPULATIONS//POPULATION_0012//INDIVIDUAL_QA1TZ3VU/model.cpp:75:47: note:   'CppAD::AD<double>' is not derived from 'const tmbutils::vector<Type>'\n   75 |     Type competition_slow = max(Type(0.0), min(Type(1.0),\n      |                                            ~~~^~~~~~~~~~~\n   76 |                               1.0 - (beta_fast * fast_pred(t-1)) / (K_coral + eps)));\n      |                               ~~~~~~~~~~~~~~~~~~~~~~~~~~~~~~~~~~~~~~~~~~~~~~~~~~~~~\nPOPULATIONS//POPULATION_0012//INDIVIDUAL_QA1TZ3VU/model.cpp:77:47: error: no matching function for call to 'min(CppAD::AD<double>, CppAD::AD<double>)'\n   77 |     Type competition_fast = max(Type(0.0), min(Type(1.0),\n      |                                            ~~~^~~~~~~~~~~\n   78 |                               1.0 - (beta_slow * slow_pred(t-1)) / (K_coral + eps)));\n      |                               ~~~~~~~~~~~~~~~~~~~~~~~~~~~~~~~~~~~~~~~~~~~~~~~~~~~~~\nC:/Users/spi085/AppData/Local/Programs/R/R-4.4.1/library/TMB/include/convenience.hpp:156:6: note: candidate: 'template<class Type> Type min(const tmbutils::vector<Type>&)'\n  156 | Type min(const vector<Type> &x)\n      |      ^~~\nC:/Users/spi085/AppData/Local/Programs/R/R-4.4.1/library/TMB/include/convenience.hpp:156:6: note:   template argument deduction/substitution failed:\nPOPULATIONS//POPULATION_0012//INDIVIDUAL_QA1TZ3VU/model.cpp:77:47: note:   'CppAD::AD<double>' is not derived from 'const tmbutils::vector<Type>'\n   77 |     Type competition_fast = max(Type(0.0), min(Type(1.0),\n      |                                            ~~~^~~~~~~~~~~\n   78 |                               1.0 - (beta_slow * slow_pred(t-1)) / (K_coral + eps)));\n      |                               ~~~~~~~~~~~~~~~~~~~~~~~~~~~~~~~~~~~~~~~~~~~~~~~~~~~~~\nPOPULATIONS//POPULATION_0012//INDIVIDUAL_QA1TZ3VU/model.cpp:81:23: error: no matching function for call to 'max(CppAD::AD<double>, CppAD::AD<double>)'\n   81 |     slow_pred(t) = max(Type(0.0), slow_pred(t-1) +\n      |                    ~~~^~~~~~~~~~~~~~~~~~~~~~~~~~~~\n   82 |                    g_slow * slow_pred(t-1) * available_space * competition_slow - pred_slow);\n      |                    ~~~~~~~~~~~~~~~~~~~~~~~~~~~~~~~~~~~~~~~~~~~~~~~~~~~~~~~~~~~~~~~~~~~~~~~~~\nC:/Users/spi085/AppData/Local/Programs/R/R-4.4.1/library/TMB/include/convenience.hpp:145:6: note: candidate: 'template<class Type> Type max(const tmbutils::vector<Type>&)'\n  145 | Type max(const vector<Type> &x)\n      |      ^~~\nC:/Users/spi085/AppData/Local/Programs/R/R-4.4.1/library/TMB/include/convenience.hpp:145:6: note:   template argument deduction/substitution failed:\nPOPULATIONS//POPULATION_0012//INDIVIDUAL_QA1TZ3VU/model.cpp:81:23: note:   'CppAD::AD<double>' is not derived from 'const tmbutils::vector<Type>'\n   81 |     slow_pred(t) = max(Type(0.0), slow_pred(t-1) +\n      |                    ~~~^~~~~~~~~~~~~~~~~~~~~~~~~~~~\n   82 |                    g_slow * slow_pred(t-1) * available_space * competition_slow - pred_slow);\n      |                    ~~~~~~~~~~~~~~~~~~~~~~~~~~~~~~~~~~~~~~~~~~~~~~~~~~~~~~~~~~~~~~~~~~~~~~~~~\nPOPULATIONS//POPULATION_0012//INDIVIDUAL_QA1TZ3VU/model.cpp:83:23: error: no matching function for call to 'max(CppAD::AD<double>, CppAD::AD<double>)'\n   83 |     fast_pred(t) = max(Type(0.0), fast_pred(t-1) +\n      |                    ~~~^~~~~~~~~~~~~~~~~~~~~~~~~~~~\n   84 |                    g_fast * fast_pred(t-1) * available_space * competition_fast - pred_fast);\n      |                    ~~~~~~~~~~~~~~~~~~~~~~~~~~~~~~~~~~~~~~~~~~~~~~~~~~~~~~~~~~~~~~~~~~~~~~~~~\nC:/Users/spi085/AppData/Local/Programs/R/R-4.4.1/library/TMB/include/convenience.hpp:145:6: note: candidate: 'template<class Type> Type max(const tmbutils::vector<Type>&)'\n  145 | Type max(const vector<Type> &x)\n      |      ^~~\nC:/Users/spi085/AppData/Local/Programs/R/R-4.4.1/library/TMB/include/convenience.hpp:145:6: note:   template argument deduction/substitution failed:\nPOPULATIONS//POPULATION_0012//INDIVIDUAL_QA1TZ3VU/model.cpp:83:23: note:   'CppAD::AD<double>' is not derived from 'const tmbutils::vector<Type>'\n   83 |     fast_pred(t) = max(Type(0.0), fast_pred(t-1) +\n      |                    ~~~^~~~~~~~~~~~~~~~~~~~~~~~~~~~\n   84 |                    g_fast * fast_pred(t-1) * available_space * competition_fast - pred_fast);\n      |                    ~~~~~~~~~~~~~~~~~~~~~~~~~~~~~~~~~~~~~~~~~~~~~~~~~~~~~~~~~~~~~~~~~~~~~~~~~\nPOPULATIONS//POPULATION_0012//INDIVIDUAL_QA1TZ3VU/model.cpp: In instantiation of 'Type objective_function<Type>::operator()() [with Type = double]':\nC:/Users/spi085/AppData/Local/Programs/R/R-4.4.1/library/TMB/include/tmb_core.hpp:2031:7:   required from here\nPOPULATIONS//POPULATION_0012//INDIVIDUAL_QA1TZ3VU/model.cpp:72:31: error: no matching function for call to 'max(double, double)'\n   72 |     Type available_space = max(Type(0.0), (K_coral - total_cover) / K_coral);\n      |                            ~~~^~~~~~~~~~~~~~~~~~~~~~~~~~~~~~~~~~~~~~~~~~~~~~\nC:/Users/spi085/AppData/Local/Programs/R/R-4.4.1/library/TMB/include/convenience.hpp:145:6: note: candidate: 'template<class Type> Type max(const tmbutils::vector<Type>&)'\n  145 | Type max(const vector<Type> &x)\n      |      ^~~\nC:/Users/spi085/AppData/Local/Programs/R/R-4.4.1/library/TMB/include/convenience.hpp:145:6: note:   template argument deduction/substitution failed:\nPOPULATIONS//POPULATION_0012//INDIVIDUAL_QA1TZ3VU/model.cpp:72:31: note:   mismatched types 'const tmbutils::vector<Type>' and 'double'\n   72 |     Type available_space = max(Type(0.0), (K_coral - total_cover) / K_coral);\n      |                            ~~~^~~~~~~~~~~~~~~~~~~~~~~~~~~~~~~~~~~~~~~~~~~~~~\nPOPULATIONS//POPULATION_0012//INDIVIDUAL_QA1TZ3VU/model.cpp:75:47: error: no matching function for call to 'min(double, double)'\n   75 |     Type competition_slow = max(Type(0.0), min(Type(1.0),\n      |                                            ~~~^~~~~~~~~~~\n   76 |                               1.0 - (beta_fast * fast_pred(t-1)) / (K_coral + eps)));\n      |                               ~~~~~~~~~~~~~~~~~~~~~~~~~~~~~~~~~~~~~~~~~~~~~~~~~~~~~\nC:/Users/spi085/AppData/Local/Programs/R/R-4.4.1/library/TMB/include/convenience.hpp:156:6: note: candidate: 'template<class Type> Type min(const tmbutils::vector<Type>&)'\n  156 | Type min(const vector<Type> &x)\n      |      ^~~\nC:/Users/spi085/AppData/Local/Programs/R/R-4.4.1/library/TMB/include/convenience.hpp:156:6: note:   template argument deduction/substitution failed:\nPOPULATIONS//POPULATION_0012//INDIVIDUAL_QA1TZ3VU/model.cpp:75:47: note:   mismatched types 'const tmbutils::vector<Type>' and 'double'\n   75 |     Type competition_slow = max(Type(0.0), min(Type(1.0),\n      |                                            ~~~^~~~~~~~~~~\n   76 |                               1.0 - (beta_fast * fast_pred(t-1)) / (K_coral + eps)));\n      |                               ~~~~~~~~~~~~~~~~~~~~~~~~~~~~~~~~~~~~~~~~~~~~~~~~~~~~~\nPOPULATIONS//POPULATION_0012//INDIVIDUAL_QA1TZ3VU/model.cpp:77:47: error: no matching function for call to 'min(double, double)'\n   77 |     Type competition_fast = max(Type(0.0), min(Type(1.0),\n      |                                            ~~~^~~~~~~~~~~\n   78 |                               1.0 - (beta_slow * slow_pred(t-1)) / (K_coral + eps)));\n      |                               ~~~~~~~~~~~~~~~~~~~~~~~~~~~~~~~~~~~~~~~~~~~~~~~~~~~~~\nC:/Users/spi085/AppData/Local/Programs/R/R-4.4.1/library/TMB/include/convenience.hpp:156:6: note: candidate: 'template<class Type> Type min(const tmbutils::vector<Type>&)'\n  156 | Type min(const vector<Type> &x)\n      |      ^~~\nC:/Users/spi085/AppData/Local/Programs/R/R-4.4.1/library/TMB/include/convenience.hpp:156:6: note:   template argument deduction/substitution failed:\nPOPULATIONS//POPULATION_0012//INDIVIDUAL_QA1TZ3VU/model.cpp:77:47: note:   mismatched types 'const tmbutils::vector<Type>' and 'double'\n   77 |     Type competition_fast = max(Type(0.0), min(Type(1.0),\n      |                                            ~~~^~~~~~~~~~~\n   78 |                               1.0 - (beta_slow * slow_pred(t-1)) / (K_coral + eps)));\n      |                               ~~~~~~~~~~~~~~~~~~~~~~~~~~~~~~~~~~~~~~~~~~~~~~~~~~~~~\nPOPULATIONS//POPULATION_0012//INDIVIDUAL_QA1TZ3VU/model.cpp:81:23: error: no matching function for call to 'max(double, Eigen::DenseCoeffsBase<Eigen::Array<double, -1, 1>, 1>::Scalar)'\n   81 |     slow_pred(t) = max(Type(0.0), slow_pred(t-1) +\n      |                    ~~~^~~~~~~~~~~~~~~~~~~~~~~~~~~~\n   82 |                    g_slow * slow_pred(t-1) * available_space * competition_slow - pred_slow);\n      |                    ~~~~~~~~~~~~~~~~~~~~~~~~~~~~~~~~~~~~~~~~~~~~~~~~~~~~~~~~~~~~~~~~~~~~~~~~~\nC:/Users/spi085/AppData/Local/Programs/R/R-4.4.1/library/TMB/include/convenience.hpp:145:6: note: candidate: 'template<class Type> Type max(const tmbutils::vector<Type>&)'\n  145 | Type max(const vector<Type> &x)\n      |      ^~~\nC:/Users/spi085/AppData/Local/Programs/R/R-4.4.1/library/TMB/include/convenience.hpp:145:6: note:   template argument deduction/substitution failed:\nPOPULATIONS//POPULATION_0012//INDIVIDUAL_QA1TZ3VU/model.cpp:81:23: note:   mismatched types 'const tmbutils::vector<Type>' and 'double'\n   81 |     slow_pred(t) = max(Type(0.0), slow_pred(t-1) +\n      |                    ~~~^~~~~~~~~~~~~~~~~~~~~~~~~~~~\n   82 |                    g_slow * slow_pred(t-1) * available_space * competition_slow - pred_slow);\n      |                    ~~~~~~~~~~~~~~~~~~~~~~~~~~~~~~~~~~~~~~~~~~~~~~~~~~~~~~~~~~~~~~~~~~~~~~~~~\nPOPULATIONS//POPULATION_0012//INDIVIDUAL_QA1TZ3VU/model.cpp:83:23: error: no matching function for call to 'max(double, Eigen::DenseCoeffsBase<Eigen::Array<double, -1, 1>, 1>::Scalar)'\n   83 |     fast_pred(t) = max(Type(0.0), fast_pred(t-1) +\n      |                    ~~~^~~~~~~~~~~~~~~~~~~~~~~~~~~~\n   84 |                    g_fast * fast_pred(t-1) * available_space * competition_fast - pred_fast);\n      |                    ~~~~~~~~~~~~~~~~~~~~~~~~~~~~~~~~~~~~~~~~~~~~~~~~~~~~~~~~~~~~~~~~~~~~~~~~~\nC:/Users/spi085/AppData/Local/Programs/R/R-4.4.1/library/TMB/include/convenience.hpp:145:6: note: candidate: 'template<class Type> Type max(const tmbutils::vector<Type>&)'\n  145 | Type max(const vector<Type> &x)\n      |      ^~~\nC:/Users/spi085/AppData/Local/Programs/R/R-4.4.1/library/TMB/include/convenience.hpp:145:6: note:   template argument deduction/substitution failed:\nPOPULATIONS//POPULATION_0012//INDIVIDUAL_QA1TZ3VU/model.cpp:83:23: note:   mismatched types 'const tmbutils::vector<Type>' and 'double'\n   83 |     fast_pred(t) = max(Type(0.0), fast_pred(t-1) +\n      |                    ~~~^~~~~~~~~~~~~~~~~~~~~~~~~~~~\n   84 |                    g_fast * fast_pred(t-1) * available_space * competition_fast - pred_fast);\n      |                    ~~~~~~~~~~~~~~~~~~~~~~~~~~~~~~~~~~~~~~~~~~~~~~~~~~~~~~~~~~~~~~~~~~~~~~~~~\nPOPULATIONS//POPULATION_0012//INDIVIDUAL_QA1TZ3VU/model.cpp: In instantiation of 'Type objective_function<Type>::operator()() [with Type = CppAD::AD<CppAD::AD<double> >]':\nC:/Users/spi085/AppData/Local/Programs/R/R-4.4.1/library/TMB/include/tmb_core.hpp:913:29:   required from 'Type objective_function<Type>::evalUserTemplate() [with Type = CppAD::AD<CppAD::AD<double> >]'\nC:/Users/spi085/AppData/Local/Programs/R/R-4.4.1/library/TMB/include/tmb_core.hpp:2112:26:   required from here\nPOPULATIONS//POPULATION_0012//INDIVIDUAL_QA1TZ3VU/model.cpp:72:31: error: no matching function for call to 'max(CppAD::AD<CppAD::AD<double> >, CppAD::AD<CppAD::AD<double> >)'\n   72 |     Type available_space = max(Type(0.0), (K_coral - total_cover) / K_coral);\n      |                            ~~~^~~~~~~~~~~~~~~~~~~~~~~~~~~~~~~~~~~~~~~~~~~~~~\nC:/Users/spi085/AppData/Local/Programs/R/R-4.4.1/library/TMB/include/convenience.hpp:145:6: note: candidate: 'template<class Type> Type max(const tmbutils::vector<Type>&)'\n  145 | Type max(const vector<Type> &x)\n      |      ^~~\nC:/Users/spi085/AppData/Local/Programs/R/R-4.4.1/library/TMB/include/convenience.hpp:145:6: note:   template argument deduction/substitution failed:\nPOPULATIONS//POPULATION_0012//INDIVIDUAL_QA1TZ3VU/model.cpp:72:31: note:   'CppAD::AD<CppAD::AD<double> >' is not derived from 'const tmbutils::vector<Type>'\n   72 |     Type available_space = max(Type(0.0), (K_coral - total_cover) / K_coral);\n      |                            ~~~^~~~~~~~~~~~~~~~~~~~~~~~~~~~~~~~~~~~~~~~~~~~~~\nPOPULATIONS//POPULATION_0012//INDIVIDUAL_QA1TZ3VU/model.cpp:75:47: error: no matching function for call to 'min(CppAD::AD<CppAD::AD<double> >, CppAD::AD<CppAD::AD<double> >)'\n   75 |     Type competition_slow = max(Type(0.0), min(Type(1.0),\n      |                                            ~~~^~~~~~~~~~~\n   76 |                               1.0 - (beta_fast * fast_pred(t-1)) / (K_coral + eps)));\n      |                               ~~~~~~~~~~~~~~~~~~~~~~~~~~~~~~~~~~~~~~~~~~~~~~~~~~~~~\nC:/Users/spi085/AppData/Local/Programs/R/R-4.4.1/library/TMB/include/convenience.hpp:156:6: note: candidate: 'template<class Type> Type min(const tmbutils::vector<Type>&)'\n  156 | Type min(const vector<Type> &x)\n      |      ^~~\nC:/Users/spi085/AppData/Local/Programs/R/R-4.4.1/library/TMB/include/convenience.hpp:156:6: note:   template argument deduction/substitution failed:\nPOPULATIONS//POPULATION_0012//INDIVIDUAL_QA1TZ3VU/model.cpp:75:47: note:   'CppAD::AD<CppAD::AD<double> >' is not derived from 'const tmbutils::vector<Type>'\n   75 |     Type competition_slow = max(Type(0.0), min(Type(1.0),\n      |                                            ~~~^~~~~~~~~~~\n   76 |                               1.0 - (beta_fast * fast_pred(t-1)) / (K_coral + eps)));\n      |                               ~~~~~~~~~~~~~~~~~~~~~~~~~~~~~~~~~~~~~~~~~~~~~~~~~~~~~\nPOPULATIONS//POPULATION_0012//INDIVIDUAL_QA1TZ3VU/model.cpp:77:47: error: no matching function for call to 'min(CppAD::AD<CppAD::AD<double> >, CppAD::AD<CppAD::AD<double> >)'\n   77 |     Type competition_fast = max(Type(0.0), min(Type(1.0),\n      |                                            ~~~^~~~~~~~~~~\n   78 |                               1.0 - (beta_slow * slow_pred(t-1)) / (K_coral + eps)));\n      |                               ~~~~~~~~~~~~~~~~~~~~~~~~~~~~~~~~~~~~~~~~~~~~~~~~~~~~~\nC:/Users/spi085/AppData/Local/Programs/R/R-4.4.1/library/TMB/include/convenience.hpp:156:6: note: candidate: 'template<class Type> Type min(const tmbutils::vector<Type>&)'\n  156 | Type min(const vector<Type> &x)\n      |      ^~~\nC:/Users/spi085/AppData/Local/Programs/R/R-4.4.1/library/TMB/include/convenience.hpp:156:6: note:   template argument deduction/substitution failed:\nPOPULATIONS//POPULATION_0012//INDIVIDUAL_QA1TZ3VU/model.cpp:77:47: note:   'CppAD::AD<CppAD::AD<double> >' is not derived from 'const tmbutils::vector<Type>'\n   77 |     Type competition_fast = max(Type(0.0), min(Type(1.0),\n      |                                            ~~~^~~~~~~~~~~\n   78 |                               1.0 - (beta_slow * slow_pred(t-1)) / (K_coral + eps)));\n      |                               ~~~~~~~~~~~~~~~~~~~~~~~~~~~~~~~~~~~~~~~~~~~~~~~~~~~~~\nPOPULATIONS//POPULATION_0012//INDIVIDUAL_QA1TZ3VU/model.cpp:81:23: error: no matching function for call to 'max(CppAD::AD<CppAD::AD<double> >, CppAD::AD<CppAD::AD<double> >)'\n   81 |     slow_pred(t) = max(Type(0.0), slow_pred(t-1) +\n      |                    ~~~^~~~~~~~~~~~~~~~~~~~~~~~~~~~\n   82 |                    g_slow * slow_pred(t-1) * available_space * competition_slow - pred_slow);\n      |                    ~~~~~~~~~~~~~~~~~~~~~~~~~~~~~~~~~~~~~~~~~~~~~~~~~~~~~~~~~~~~~~~~~~~~~~~~~\nC:/Users/spi085/AppData/Local/Programs/R/R-4.4.1/library/TMB/include/convenience.hpp:145:6: note: candidate: 'template<class Type> Type max(const tmbutils::vector<Type>&)'\n  145 | Type max(const vector<Type> &x)\n      |      ^~~\nC:/Users/spi085/AppData/Local/Programs/R/R-4.4.1/library/TMB/include/convenience.hpp:145:6: note:   template argument deduction/substitution failed:\nPOPULATIONS//POPULATION_0012//INDIVIDUAL_QA1TZ3VU/model.cpp:81:23: note:   'CppAD::AD<CppAD::AD<double> >' is not derived from 'const tmbutils::vector<Type>'\n   81 |     slow_pred(t) = max(Type(0.0), slow_pred(t-1) +\n      |                    ~~~^~~~~~~~~~~~~~~~~~~~~~~~~~~~\n   82 |                    g_slow * slow_pred(t-1) * available_space * competition_slow - pred_slow);\n      |                    ~~~~~~~~~~~~~~~~~~~~~~~~~~~~~~~~~~~~~~~~~~~~~~~~~~~~~~~~~~~~~~~~~~~~~~~~~\nPOPULATIONS//POPULATION_0012//INDIVIDUAL_QA1TZ3VU/model.cpp:83:23: error: no matching function for call to 'max(CppAD::AD<CppAD::AD<double> >, CppAD::AD<CppAD::AD<double> >)'\n   83 |     fast_pred(t) = max(Type(0.0), fast_pred(t-1) +\n      |                    ~~~^~~~~~~~~~~~~~~~~~~~~~~~~~~~\n   84 |                    g_fast * fast_pred(t-1) * available_space * competition_fast - pred_fast);\n      |                    ~~~~~~~~~~~~~~~~~~~~~~~~~~~~~~~~~~~~~~~~~~~~~~~~~~~~~~~~~~~~~~~~~~~~~~~~~\nC:/Users/spi085/AppData/Local/Programs/R/R-4.4.1/library/TMB/include/convenience.hpp:145:6: note: candidate: 'template<class Type> Type max(const tmbutils::vector<Type>&)'\n  145 | Type max(const vector<Type> &x)\n      |      ^~~\nC:/Users/spi085/AppData/Local/Programs/R/R-4.4.1/library/TMB/include/convenience.hpp:145:6: note:   template argument deduction/substitution failed:\nPOPULATIONS//POPULATION_0012//INDIVIDUAL_QA1TZ3VU/model.cpp:83:23: note:   'CppAD::AD<CppAD::AD<double> >' is not derived from 'const tmbutils::vector<Type>'\n   83 |     fast_pred(t) = max(Type(0.0), fast_pred(t-1) +\n      |                    ~~~^~~~~~~~~~~~~~~~~~~~~~~~~~~~\n   84 |                    g_fast * fast_pred(t-1) * available_space * competition_fast - pred_fast);\n      |                    ~~~~~~~~~~~~~~~~~~~~~~~~~~~~~~~~~~~~~~~~~~~~~~~~~~~~~~~~~~~~~~~~~~~~~~~~~\nPOPULATIONS//POPULATION_0012//INDIVIDUAL_QA1TZ3VU/model.cpp: In instantiation of 'Type objective_function<Type>::operator()() [with Type = CppAD::AD<CppAD::AD<CppAD::AD<double> > >]':\nC:/Users/spi085/AppData/Local/Programs/R/R-4.4.1/library/TMB/include/tmb_core.hpp:913:29:   required from 'Type objective_function<Type>::evalUserTemplate() [with Type = CppAD::AD<CppAD::AD<CppAD::AD<double> > >]'\nC:/Users/spi085/AppData/Local/Programs/R/R-4.4.1/library/TMB/include/tmb_core.hpp:2361:28:   required from here\nPOPULATIONS//POPULATION_0012//INDIVIDUAL_QA1TZ3VU/model.cpp:72:31: error: no matching function for call to 'max(CppAD::AD<CppAD::AD<CppAD::AD<double> > >, CppAD::AD<CppAD::AD<CppAD::AD<double> > >)'\n   72 |     Type available_space = max(Type(0.0), (K_coral - total_cover) / K_coral);\n      |                            ~~~^~~~~~~~~~~~~~~~~~~~~~~~~~~~~~~~~~~~~~~~~~~~~~\nC:/Users/spi085/AppData/Local/Programs/R/R-4.4.1/library/TMB/include/convenience.hpp:145:6: note: candidate: 'template<class Type> Type max(const tmbutils::vector<Type>&)'\n  145 | Type max(const vector<Type> &x)\n      |      ^~~\nC:/Users/spi085/AppData/Local/Programs/R/R-4.4.1/library/TMB/include/convenience.hpp:145:6: note:   template argument deduction/substitution failed:\nPOPULATIONS//POPULATION_0012//INDIVIDUAL_QA1TZ3VU/model.cpp:72:31: note:   'CppAD::AD<CppAD::AD<CppAD::AD<double> > >' is not derived from 'const tmbutils::vector<Type>'\n   72 |     Type available_space = max(Type(0.0), (K_coral - total_cover) / K_coral);\n      |                            ~~~^~~~~~~~~~~~~~~~~~~~~~~~~~~~~~~~~~~~~~~~~~~~~~\nPOPULATIONS//POPULATION_0012//INDIVIDUAL_QA1TZ3VU/model.cpp:75:47: error: no matching function for call to 'min(CppAD::AD<CppAD::AD<CppAD::AD<double> > >, CppAD::AD<CppAD::AD<CppAD::AD<double> > >)'\n   75 |     Type competition_slow = max(Type(0.0), min(Type(1.0),\n      |                                            ~~~^~~~~~~~~~~\n   76 |                               1.0 - (beta_fast * fast_pred(t-1)) / (K_coral + eps)));\n      |                               ~~~~~~~~~~~~~~~~~~~~~~~~~~~~~~~~~~~~~~~~~~~~~~~~~~~~~\nC:/Users/spi085/AppData/Local/Programs/R/R-4.4.1/library/TMB/include/convenience.hpp:156:6: note: candidate: 'template<class Type> Type min(const tmbutils::vector<Type>&)'\n  156 | Type min(const vector<Type> &x)\n      |      ^~~\nC:/Users/spi085/AppData/Local/Programs/R/R-4.4.1/library/TMB/include/convenience.hpp:156:6: note:   template argument deduction/substitution failed:\nPOPULATIONS//POPULATION_0012//INDIVIDUAL_QA1TZ3VU/model.cpp:75:47: note:   'CppAD::AD<CppAD::AD<CppAD::AD<double> > >' is not derived from 'const tmbutils::vector<Type>'\n   75 |     Type competition_slow = max(Type(0.0), min(Type(1.0),\n      |                                            ~~~^~~~~~~~~~~\n   76 |                               1.0 - (beta_fast * fast_pred(t-1)) / (K_coral + eps)));\n      |                               ~~~~~~~~~~~~~~~~~~~~~~~~~~~~~~~~~~~~~~~~~~~~~~~~~~~~~\nPOPULATIONS//POPULATION_0012//INDIVIDUAL_QA1TZ3VU/model.cpp:77:47: error: no matching function for call to 'min(CppAD::AD<CppAD::AD<CppAD::AD<double> > >, CppAD::AD<CppAD::AD<CppAD::AD<double> > >)'\n   77 |     Type competition_fast = max(Type(0.0), min(Type(1.0),\n      |                                            ~~~^~~~~~~~~~~\n   78 |                               1.0 - (beta_slow * slow_pred(t-1)) / (K_coral + eps)));\n      |                               ~~~~~~~~~~~~~~~~~~~~~~~~~~~~~~~~~~~~~~~~~~~~~~~~~~~~~\nC:/Users/spi085/AppData/Local/Programs/R/R-4.4.1/library/TMB/include/convenience.hpp:156:6: note: candidate: 'template<class Type> Type min(const tmbutils::vector<Type>&)'\n  156 | Type min(const vector<Type> &x)\n      |      ^~~\nC:/Users/spi085/AppData/Local/Programs/R/R-4.4.1/library/TMB/include/convenience.hpp:156:6: note:   template argument deduction/substitution failed:\nPOPULATIONS//POPULATION_0012//INDIVIDUAL_QA1TZ3VU/model.cpp:77:47: note:   'CppAD::AD<CppAD::AD<CppAD::AD<double> > >' is not derived from 'const tmbutils::vector<Type>'\n   77 |     Type competition_fast = max(Type(0.0), min(Type(1.0),\n      |                                            ~~~^~~~~~~~~~~\n   78 |                               1.0 - (beta_slow * slow_pred(t-1)) / (K_coral + eps)));\n      |                               ~~~~~~~~~~~~~~~~~~~~~~~~~~~~~~~~~~~~~~~~~~~~~~~~~~~~~\nPOPULATIONS//POPULATION_0012//INDIVIDUAL_QA1TZ3VU/model.cpp:81:23: error: no matching function for call to 'max(CppAD::AD<CppAD::AD<CppAD::AD<double> > >, CppAD::AD<CppAD::AD<CppAD::AD<double> > >)'\n   81 |     slow_pred(t) = max(Type(0.0), slow_pred(t-1) +\n      |                    ~~~^~~~~~~~~~~~~~~~~~~~~~~~~~~~\n   82 |                    g_slow * slow_pred(t-1) * available_space * competition_slow - pred_slow);\n      |                    ~~~~~~~~~~~~~~~~~~~~~~~~~~~~~~~~~~~~~~~~~~~~~~~~~~~~~~~~~~~~~~~~~~~~~~~~~\nC:/Users/spi085/AppData/Local/Programs/R/R-4.4.1/library/TMB/include/convenience.hpp:145:6: note: candidate: 'template<class Type> Type max(const tmbutils::vector<Type>&)'\n  145 | Type max(const vector<Type> &x)\n      |      ^~~\nC:/Users/spi085/AppData/Local/Programs/R/R-4.4.1/library/TMB/include/convenience.hpp:145:6: note:   template argument deduction/substitution failed:\nPOPULATIONS//POPULATION_0012//INDIVIDUAL_QA1TZ3VU/model.cpp:81:23: note:   'CppAD::AD<CppAD::AD<CppAD::AD<double> > >' is not derived from 'const tmbutils::vector<Type>'\n   81 |     slow_pred(t) = max(Type(0.0), slow_pred(t-1) +\n      |                    ~~~^~~~~~~~~~~~~~~~~~~~~~~~~~~~\n   82 |                    g_slow * slow_pred(t-1) * available_space * competition_slow - pred_slow);\n      |                    ~~~~~~~~~~~~~~~~~~~~~~~~~~~~~~~~~~~~~~~~~~~~~~~~~~~~~~~~~~~~~~~~~~~~~~~~~\nPOPULATIONS//POPULATION_0012//INDIVIDUAL_QA1TZ3VU/model.cpp:83:23: error: no matching function for call to 'max(CppAD::AD<CppAD::AD<CppAD::AD<double> > >, CppAD::AD<CppAD::AD<CppAD::AD<double> > >)'\n   83 |     fast_pred(t) = max(Type(0.0), fast_pred(t-1) +\n      |                    ~~~^~~~~~~~~~~~~~~~~~~~~~~~~~~~\n   84 |                    g_fast * fast_pred(t-1) * available_space * competition_fast - pred_fast);\n      |                    ~~~~~~~~~~~~~~~~~~~~~~~~~~~~~~~~~~~~~~~~~~~~~~~~~~~~~~~~~~~~~~~~~~~~~~~~~\nC:/Users/spi085/AppData/Local/Programs/R/R-4.4.1/library/TMB/include/convenience.hpp:145:6: note: candidate: 'template<class Type> Type max(const tmbutils::vector<Type>&)'\n  145 | Type max(const vector<Type> &x)\n      |      ^~~\nC:/Users/spi085/AppData/Local/Programs/R/R-4.4.1/library/TMB/include/convenience.hpp:145:6: note:   template argument deduction/substitution failed:\nPOPULATIONS//POPULATION_0012//INDIVIDUAL_QA1TZ3VU/model.cpp:83:23: note:   'CppAD::AD<CppAD::AD<CppAD::AD<double> > >' is not derived from 'const tmbutils::vector<Type>'\n   83 |     fast_pred(t) = max(Type(0.0), fast_pred(t-1) +\n      |                    ~~~^~~~~~~~~~~~~~~~~~~~~~~~~~~~\n   84 |                    g_fast * fast_pred(t-1) * available_space * competition_fast - pred_fast);\n      |                    ~~~~~~~~~~~~~~~~~~~~~~~~~~~~~~~~~~~~~~~~~~~~~~~~~~~~~~~~~~~~~~~~~~~~~~~~~\nmake: *** [C:/Users/spi085/AppData/Local/Programs/R/R-4.4.1/etc/x64/Makeconf:296: POPULATIONS//POPULATION_0012//INDIVIDUAL_QA1TZ3VU/model.o] Error 1\nError in TMB::compile(file.path(individual_dir, model_file), flags = flags,  : \n  Compilation failed\nError: Compilation failed\nExecution halted"
    },
    "6": {
      "status": "ERROR",
      "message": "R script failed with return code 1",
      "stdout": "g++ -std=gnu++17  -I\"C:/Users/spi085/AppData/Local/Programs/R/R-4.4.1/include\" -DNDEBUG -I\"C:/Users/spi085/AppData/Local/Programs/R/R-44~1.1/library/TMB/include\" -I\"C:/Users/spi085/AppData/Local/Programs/R/R-44~1.1/library/RCPPEI~1/include\"   -DTMB_EIGEN_DISABLE_WARNINGS   -DTMB_LIB_INIT=R_init_model  -DCPPAD_FRAMEWORK    -I\"C:/rtools44/x86_64-w64-mingw32.static.posix/include\"     -O2 -Wa,-mbig-obj -c POPULATIONS//POPULATION_0012//INDIVIDUAL_QA1TZ3VU/model.cpp -o POPULATIONS//POPULATION_0012//INDIVIDUAL_QA1TZ3VU/model.o\ng++ -std=gnu++17 -shared -s -static-libgcc -o POPULATIONS//POPULATION_0012//INDIVIDUAL_QA1TZ3VU/model.dll tmp.def POPULATIONS//POPULATION_0012//INDIVIDUAL_QA1TZ3VU/model.o -LC:/rtools44/x86_64-w64-mingw32.static.posix/lib/x64 -LC:/rtools44/x86_64-w64-mingw32.static.posix/lib -LC:/Users/spi085/AppData/Local/Programs/R/R-4.4.1/bin/x64 -lR\nStarting model phases\nNumber of phases: 3 \nPhase 1 \nInitial parameter values for phase 1 :\n    r_cots     g_slow     g_fast alpha_slow alpha_fast \n        NA     0.0165     3.4200         NA         NA \nError in model phases: NA/NaN gradient evaluation",
      "stderr": "Loading required package: TMB\nLoading required package: jsonlite\nhere() starts at C:/Users/spi085/OneDrive - CSIRO/Documents/_Projects/SCCP-QuantModelling\nusing C++ compiler: 'G__~1.EXE (GCC) 13.2.0'\nError in value[[3L]](cond) : \n  Error in model phases: NA/NaN gradient evaluation\nCalls: tryCatch -> tryCatchList -> tryCatchOne -> <Anonymous>\nIn addition: Warning message:\nIn nlminb(model$par, model$fn, model$gr) : NA/NaN function evaluation\nExecution halted"
    },
    "7": {
      "status": "BROKEN"
    }
  }
}