{
  "iterations": {
    "1": {
      "status": "LEAKAGE",
      "message": "Data leakage detected in model equations:\n  Line 73: Missing prediction vector: cots_pred not found in model.\n    Required for response variable: cots_dat\n  Line 90: Missing prediction vector: cots_pred not found in model.\n    Required for response variable: cots_dat",
      "objective_value": "NA"
    },
    "2": {
      "status": "ERROR",
      "message": "Model failed to compile.",
      "stdout": "g++ -std=gnu++17  -I\"C:/Users/spi085/AppData/Local/Programs/R/R-4.4.1/include\" -DNDEBUG -I\"C:/Users/spi085/AppData/Local/Programs/R/R-44~1.1/library/TMB/include\" -I\"C:/Users/spi085/AppData/Local/Programs/R/R-44~1.1/library/RCPPEI~1/include\"   -DTMB_EIGEN_DISABLE_WARNINGS   -DTMB_LIB_INIT=R_init_model  -DCPPAD_FRAMEWORK    -I\"C:/rtools44/x86_64-w64-mingw32.static.posix/include\"     -O2 -Wa,-mbig-obj -c POPULATIONS//POPULATION_0016//INDIVIDUAL_PA9UNZY3/model.cpp -o POPULATIONS//POPULATION_0016//INDIVIDUAL_PA9UNZY3/model.o",
      "stderr": "Loading required package: TMB\nLoading required package: jsonlite\nhere() starts at C:/Users/spi085/OneDrive - CSIRO/Documents/_Projects/SCCP-QuantModelling\nusing C++ compiler: 'G__~1.EXE (GCC) 13.2.0'\nPOPULATIONS//POPULATION_0016//INDIVIDUAL_PA9UNZY3/model.cpp: In member function 'Type objective_function<Type>::operator()()':\nPOPULATIONS//POPULATION_0016//INDIVIDUAL_PA9UNZY3/model.cpp:81:49: error: there are no arguments to 'COTS_pred' that depend on a template parameter, so a declaration of 'COTS_pred' must be available [-fpermissive]\n   81 |     slow_pred(t) = slow_pred(t-1) - pred_slow * COTS_pred(t-1) * slow_pred(t-1)/(slow_pred(t-1) + Type(1e-8));\n      |                                                 ^~~~~~~~~\nPOPULATIONS//POPULATION_0016//INDIVIDUAL_PA9UNZY3/model.cpp:81:49: note: (if you use '-fpermissive', G++ will accept your code, but allowing the use of an undeclared name is deprecated)\nPOPULATIONS//POPULATION_0016//INDIVIDUAL_PA9UNZY3/model.cpp:84:49: error: there are no arguments to 'COTS_pred' that depend on a template parameter, so a declaration of 'COTS_pred' must be available [-fpermissive]\n   84 |     fast_pred(t) = fast_pred(t-1) - pred_fast * COTS_pred(t-1) * fast_pred(t-1)/(fast_pred(t-1) + Type(1e-8));\n      |                                                 ^~~~~~~~~\nPOPULATIONS//POPULATION_0016//INDIVIDUAL_PA9UNZY3/model.cpp: In instantiation of 'Type objective_function<Type>::operator()() [with Type = CppAD::AD<double>]':\nC:/Users/spi085/AppData/Local/Programs/R/R-4.4.1/library/TMB/include/tmb_core.hpp:1308:6:   required from here\nPOPULATIONS//POPULATION_0016//INDIVIDUAL_PA9UNZY3/model.cpp:81:58: error: 'COTS_pred' was not declared in this scope; did you mean 'cots_pred'?\n   81 |     slow_pred(t) = slow_pred(t-1) - pred_slow * COTS_pred(t-1) * slow_pred(t-1)/(slow_pred(t-1) + Type(1e-8));\n      |                                                 ~~~~~~~~~^~~~~\n      |                                                 cots_pred\nPOPULATIONS//POPULATION_0016//INDIVIDUAL_PA9UNZY3/model.cpp:84:58: error: 'COTS_pred' was not declared in this scope, and no declarations were found by argument-dependent lookup at the point of instantiation\n   84 |     fast_pred(t) = fast_pred(t-1) - pred_fast * COTS_pred(t-1) * fast_pred(t-1)/(fast_pred(t-1) + Type(1e-8));\n      |                                                 ~~~~~~~~~^~~~~\nPOPULATIONS//POPULATION_0016//INDIVIDUAL_PA9UNZY3/model.cpp:81:58: note: 'COTS_pred' declared here, later in the translation unit\n   81 |     slow_pred(t) = slow_pred(t-1) - pred_slow * COTS_pred(t-1) * slow_pred(t-1)/(slow_pred(t-1) + Type(1e-8));\n      |                                                 ~~~~~~~~~^~~~~\nPOPULATIONS//POPULATION_0016//INDIVIDUAL_PA9UNZY3/model.cpp:87:18: error: 'dlnorm' was not declared in this scope; did you mean 'dnorm'?\n   87 |     nll -= dlnorm(cots_dat(t), log(cots_pred(t) + Type(1e-8)), sigma_COTS, true);\n      |            ~~~~~~^~~~~~~~~~~~~~~~~~~~~~~~~~~~~~~~~~~~~~~~~~~~~~~~~~~~~~~~~~~~~~~\n      |            dnorm\nPOPULATIONS//POPULATION_0016//INDIVIDUAL_PA9UNZY3/model.cpp:88:18: error: 'dlnorm' was not declared in this scope, and no declarations were found by argument-dependent lookup at the point of instantiation\n   88 |     nll -= dlnorm(slow_dat(t), log(slow_pred(t) + Type(1e-8)), sigma_slow, true);\n      |            ~~~~~~^~~~~~~~~~~~~~~~~~~~~~~~~~~~~~~~~~~~~~~~~~~~~~~~~~~~~~~~~~~~~~~\nPOPULATIONS//POPULATION_0016//INDIVIDUAL_PA9UNZY3/model.cpp:87:18: note: 'dlnorm' declared here, later in the translation unit\n   87 |     nll -= dlnorm(cots_dat(t), log(cots_pred(t) + Type(1e-8)), sigma_COTS, true);\n      |            ~~~~~~^~~~~~~~~~~~~~~~~~~~~~~~~~~~~~~~~~~~~~~~~~~~~~~~~~~~~~~~~~~~~~~\nPOPULATIONS//POPULATION_0016//INDIVIDUAL_PA9UNZY3/model.cpp:89:18: error: 'dlnorm' was not declared in this scope, and no declarations were found by argument-dependent lookup at the point of instantiation\n   89 |     nll -= dlnorm(fast_dat(t), log(fast_pred(t) + Type(1e-8)), sigma_fast, true);\n      |            ~~~~~~^~~~~~~~~~~~~~~~~~~~~~~~~~~~~~~~~~~~~~~~~~~~~~~~~~~~~~~~~~~~~~~\nPOPULATIONS//POPULATION_0016//INDIVIDUAL_PA9UNZY3/model.cpp:87:18: note: 'dlnorm' declared here, later in the translation unit\n   87 |     nll -= dlnorm(cots_dat(t), log(cots_pred(t) + Type(1e-8)), sigma_COTS, true);\n      |            ~~~~~~^~~~~~~~~~~~~~~~~~~~~~~~~~~~~~~~~~~~~~~~~~~~~~~~~~~~~~~~~~~~~~~\nPOPULATIONS//POPULATION_0016//INDIVIDUAL_PA9UNZY3/model.cpp: In instantiation of 'Type objective_function<Type>::operator()() [with Type = double]':\nC:/Users/spi085/AppData/Local/Programs/R/R-4.4.1/library/TMB/include/tmb_core.hpp:2031:7:   required from here\nPOPULATIONS//POPULATION_0016//INDIVIDUAL_PA9UNZY3/model.cpp:81:58: error: 'COTS_pred' was not declared in this scope; did you mean 'cots_pred'?\n   81 |     slow_pred(t) = slow_pred(t-1) - pred_slow * COTS_pred(t-1) * slow_pred(t-1)/(slow_pred(t-1) + Type(1e-8));\n      |                                                 ~~~~~~~~~^~~~~\n      |                                                 cots_pred\nPOPULATIONS//POPULATION_0016//INDIVIDUAL_PA9UNZY3/model.cpp:84:58: error: 'COTS_pred' was not declared in this scope, and no declarations were found by argument-dependent lookup at the point of instantiation\n   84 |     fast_pred(t) = fast_pred(t-1) - pred_fast * COTS_pred(t-1) * fast_pred(t-1)/(fast_pred(t-1) + Type(1e-8));\n      |                                                 ~~~~~~~~~^~~~~\nPOPULATIONS//POPULATION_0016//INDIVIDUAL_PA9UNZY3/model.cpp:81:58: note: 'COTS_pred' declared here, later in the translation unit\n   81 |     slow_pred(t) = slow_pred(t-1) - pred_slow * COTS_pred(t-1) * slow_pred(t-1)/(slow_pred(t-1) + Type(1e-8));\n      |                                                 ~~~~~~~~~^~~~~\nPOPULATIONS//POPULATION_0016//INDIVIDUAL_PA9UNZY3/model.cpp:87:18: error: 'dlnorm' was not declared in this scope; did you mean 'dnorm'?\n   87 |     nll -= dlnorm(cots_dat(t), log(cots_pred(t) + Type(1e-8)), sigma_COTS, true);\n      |            ~~~~~~^~~~~~~~~~~~~~~~~~~~~~~~~~~~~~~~~~~~~~~~~~~~~~~~~~~~~~~~~~~~~~~\n      |            dnorm\nPOPULATIONS//POPULATION_0016//INDIVIDUAL_PA9UNZY3/model.cpp:88:18: error: 'dlnorm' was not declared in this scope, and no declarations were found by argument-dependent lookup at the point of instantiation\n   88 |     nll -= dlnorm(slow_dat(t), log(slow_pred(t) + Type(1e-8)), sigma_slow, true);\n      |            ~~~~~~^~~~~~~~~~~~~~~~~~~~~~~~~~~~~~~~~~~~~~~~~~~~~~~~~~~~~~~~~~~~~~~\nPOPULATIONS//POPULATION_0016//INDIVIDUAL_PA9UNZY3/model.cpp:87:18: note: 'dlnorm' declared here, later in the translation unit\n   87 |     nll -= dlnorm(cots_dat(t), log(cots_pred(t) + Type(1e-8)), sigma_COTS, true);\n      |            ~~~~~~^~~~~~~~~~~~~~~~~~~~~~~~~~~~~~~~~~~~~~~~~~~~~~~~~~~~~~~~~~~~~~~\nPOPULATIONS//POPULATION_0016//INDIVIDUAL_PA9UNZY3/model.cpp:89:18: error: 'dlnorm' was not declared in this scope, and no declarations were found by argument-dependent lookup at the point of instantiation\n   89 |     nll -= dlnorm(fast_dat(t), log(fast_pred(t) + Type(1e-8)), sigma_fast, true);\n      |            ~~~~~~^~~~~~~~~~~~~~~~~~~~~~~~~~~~~~~~~~~~~~~~~~~~~~~~~~~~~~~~~~~~~~~\nPOPULATIONS//POPULATION_0016//INDIVIDUAL_PA9UNZY3/model.cpp:87:18: note: 'dlnorm' declared here, later in the translation unit\n   87 |     nll -= dlnorm(cots_dat(t), log(cots_pred(t) + Type(1e-8)), sigma_COTS, true);\n      |            ~~~~~~^~~~~~~~~~~~~~~~~~~~~~~~~~~~~~~~~~~~~~~~~~~~~~~~~~~~~~~~~~~~~~~\nPOPULATIONS//POPULATION_0016//INDIVIDUAL_PA9UNZY3/model.cpp: In instantiation of 'Type objective_function<Type>::operator()() [with Type = CppAD::AD<CppAD::AD<double> >]':\nC:/Users/spi085/AppData/Local/Programs/R/R-4.4.1/library/TMB/include/tmb_core.hpp:913:29:   required from 'Type objective_function<Type>::evalUserTemplate() [with Type = CppAD::AD<CppAD::AD<double> >]'\nC:/Users/spi085/AppData/Local/Programs/R/R-4.4.1/library/TMB/include/tmb_core.hpp:2112:26:   required from here\nPOPULATIONS//POPULATION_0016//INDIVIDUAL_PA9UNZY3/model.cpp:81:58: error: 'COTS_pred' was not declared in this scope; did you mean 'cots_pred'?\n   81 |     slow_pred(t) = slow_pred(t-1) - pred_slow * COTS_pred(t-1) * slow_pred(t-1)/(slow_pred(t-1) + Type(1e-8));\n      |                                                 ~~~~~~~~~^~~~~\n      |                                                 cots_pred\nPOPULATIONS//POPULATION_0016//INDIVIDUAL_PA9UNZY3/model.cpp:84:58: error: 'COTS_pred' was not declared in this scope, and no declarations were found by argument-dependent lookup at the point of instantiation\n   84 |     fast_pred(t) = fast_pred(t-1) - pred_fast * COTS_pred(t-1) * fast_pred(t-1)/(fast_pred(t-1) + Type(1e-8));\n      |                                                 ~~~~~~~~~^~~~~\nPOPULATIONS//POPULATION_0016//INDIVIDUAL_PA9UNZY3/model.cpp:81:58: note: 'COTS_pred' declared here, later in the translation unit\n   81 |     slow_pred(t) = slow_pred(t-1) - pred_slow * COTS_pred(t-1) * slow_pred(t-1)/(slow_pred(t-1) + Type(1e-8));\n      |                                                 ~~~~~~~~~^~~~~\nPOPULATIONS//POPULATION_0016//INDIVIDUAL_PA9UNZY3/model.cpp:87:18: error: 'dlnorm' was not declared in this scope; did you mean 'dnorm'?\n   87 |     nll -= dlnorm(cots_dat(t), log(cots_pred(t) + Type(1e-8)), sigma_COTS, true);\n      |            ~~~~~~^~~~~~~~~~~~~~~~~~~~~~~~~~~~~~~~~~~~~~~~~~~~~~~~~~~~~~~~~~~~~~~\n      |            dnorm\nPOPULATIONS//POPULATION_0016//INDIVIDUAL_PA9UNZY3/model.cpp:88:18: error: 'dlnorm' was not declared in this scope, and no declarations were found by argument-dependent lookup at the point of instantiation\n   88 |     nll -= dlnorm(slow_dat(t), log(slow_pred(t) + Type(1e-8)), sigma_slow, true);\n      |            ~~~~~~^~~~~~~~~~~~~~~~~~~~~~~~~~~~~~~~~~~~~~~~~~~~~~~~~~~~~~~~~~~~~~~\nPOPULATIONS//POPULATION_0016//INDIVIDUAL_PA9UNZY3/model.cpp:87:18: note: 'dlnorm' declared here, later in the translation unit\n   87 |     nll -= dlnorm(cots_dat(t), log(cots_pred(t) + Type(1e-8)), sigma_COTS, true);\n      |            ~~~~~~^~~~~~~~~~~~~~~~~~~~~~~~~~~~~~~~~~~~~~~~~~~~~~~~~~~~~~~~~~~~~~~\nPOPULATIONS//POPULATION_0016//INDIVIDUAL_PA9UNZY3/model.cpp:89:18: error: 'dlnorm' was not declared in this scope, and no declarations were found by argument-dependent lookup at the point of instantiation\n   89 |     nll -= dlnorm(fast_dat(t), log(fast_pred(t) + Type(1e-8)), sigma_fast, true);\n      |            ~~~~~~^~~~~~~~~~~~~~~~~~~~~~~~~~~~~~~~~~~~~~~~~~~~~~~~~~~~~~~~~~~~~~~\nPOPULATIONS//POPULATION_0016//INDIVIDUAL_PA9UNZY3/model.cpp:87:18: note: 'dlnorm' declared here, later in the translation unit\n   87 |     nll -= dlnorm(cots_dat(t), log(cots_pred(t) + Type(1e-8)), sigma_COTS, true);\n      |            ~~~~~~^~~~~~~~~~~~~~~~~~~~~~~~~~~~~~~~~~~~~~~~~~~~~~~~~~~~~~~~~~~~~~~\nPOPULATIONS//POPULATION_0016//INDIVIDUAL_PA9UNZY3/model.cpp: In instantiation of 'Type objective_function<Type>::operator()() [with Type = CppAD::AD<CppAD::AD<CppAD::AD<double> > >]':\nC:/Users/spi085/AppData/Local/Programs/R/R-4.4.1/library/TMB/include/tmb_core.hpp:913:29:   required from 'Type objective_function<Type>::evalUserTemplate() [with Type = CppAD::AD<CppAD::AD<CppAD::AD<double> > >]'\nC:/Users/spi085/AppData/Local/Programs/R/R-4.4.1/library/TMB/include/tmb_core.hpp:2361:28:   required from here\nPOPULATIONS//POPULATION_0016//INDIVIDUAL_PA9UNZY3/model.cpp:81:58: error: 'COTS_pred' was not declared in this scope; did you mean 'cots_pred'?\n   81 |     slow_pred(t) = slow_pred(t-1) - pred_slow * COTS_pred(t-1) * slow_pred(t-1)/(slow_pred(t-1) + Type(1e-8));\n      |                                                 ~~~~~~~~~^~~~~\n      |                                                 cots_pred\nPOPULATIONS//POPULATION_0016//INDIVIDUAL_PA9UNZY3/model.cpp:84:58: error: 'COTS_pred' was not declared in this scope, and no declarations were found by argument-dependent lookup at the point of instantiation\n   84 |     fast_pred(t) = fast_pred(t-1) - pred_fast * COTS_pred(t-1) * fast_pred(t-1)/(fast_pred(t-1) + Type(1e-8));\n      |                                                 ~~~~~~~~~^~~~~\nPOPULATIONS//POPULATION_0016//INDIVIDUAL_PA9UNZY3/model.cpp:81:58: note: 'COTS_pred' declared here, later in the translation unit\n   81 |     slow_pred(t) = slow_pred(t-1) - pred_slow * COTS_pred(t-1) * slow_pred(t-1)/(slow_pred(t-1) + Type(1e-8));\n      |                                                 ~~~~~~~~~^~~~~\nPOPULATIONS//POPULATION_0016//INDIVIDUAL_PA9UNZY3/model.cpp:87:18: error: 'dlnorm' was not declared in this scope; did you mean 'dnorm'?\n   87 |     nll -= dlnorm(cots_dat(t), log(cots_pred(t) + Type(1e-8)), sigma_COTS, true);\n      |            ~~~~~~^~~~~~~~~~~~~~~~~~~~~~~~~~~~~~~~~~~~~~~~~~~~~~~~~~~~~~~~~~~~~~~\n      |            dnorm\nPOPULATIONS//POPULATION_0016//INDIVIDUAL_PA9UNZY3/model.cpp:88:18: error: 'dlnorm' was not declared in this scope, and no declarations were found by argument-dependent lookup at the point of instantiation\n   88 |     nll -= dlnorm(slow_dat(t), log(slow_pred(t) + Type(1e-8)), sigma_slow, true);\n      |            ~~~~~~^~~~~~~~~~~~~~~~~~~~~~~~~~~~~~~~~~~~~~~~~~~~~~~~~~~~~~~~~~~~~~~\nPOPULATIONS//POPULATION_0016//INDIVIDUAL_PA9UNZY3/model.cpp:87:18: note: 'dlnorm' declared here, later in the translation unit\n   87 |     nll -= dlnorm(cots_dat(t), log(cots_pred(t) + Type(1e-8)), sigma_COTS, true);\n      |            ~~~~~~^~~~~~~~~~~~~~~~~~~~~~~~~~~~~~~~~~~~~~~~~~~~~~~~~~~~~~~~~~~~~~~\nPOPULATIONS//POPULATION_0016//INDIVIDUAL_PA9UNZY3/model.cpp:89:18: error: 'dlnorm' was not declared in this scope, and no declarations were found by argument-dependent lookup at the point of instantiation\n   89 |     nll -= dlnorm(fast_dat(t), log(fast_pred(t) + Type(1e-8)), sigma_fast, true);\n      |            ~~~~~~^~~~~~~~~~~~~~~~~~~~~~~~~~~~~~~~~~~~~~~~~~~~~~~~~~~~~~~~~~~~~~~\nPOPULATIONS//POPULATION_0016//INDIVIDUAL_PA9UNZY3/model.cpp:87:18: note: 'dlnorm' declared here, later in the translation unit\n   87 |     nll -= dlnorm(cots_dat(t), log(cots_pred(t) + Type(1e-8)), sigma_COTS, true);\n      |            ~~~~~~^~~~~~~~~~~~~~~~~~~~~~~~~~~~~~~~~~~~~~~~~~~~~~~~~~~~~~~~~~~~~~~\nmake: *** [C:/Users/spi085/AppData/Local/Programs/R/R-4.4.1/etc/x64/Makeconf:296: POPULATIONS//POPULATION_0016//INDIVIDUAL_PA9UNZY3/model.o] Error 1\nError in TMB::compile(file.path(individual_dir, model_file), flags = flags,  : \n  Compilation failed\nError: Compilation failed\nExecution halted"
    },
    "3": {
      "status": "ERROR",
      "message": "R script failed with return code 1",
      "stdout": "g++ -std=gnu++17  -I\"C:/Users/spi085/AppData/Local/Programs/R/R-4.4.1/include\" -DNDEBUG -I\"C:/Users/spi085/AppData/Local/Programs/R/R-44~1.1/library/TMB/include\" -I\"C:/Users/spi085/AppData/Local/Programs/R/R-44~1.1/library/RCPPEI~1/include\"   -DTMB_EIGEN_DISABLE_WARNINGS   -DTMB_LIB_INIT=R_init_model  -DCPPAD_FRAMEWORK    -I\"C:/rtools44/x86_64-w64-mingw32.static.posix/include\"     -O2 -Wa,-mbig-obj -c POPULATIONS//POPULATION_0016//INDIVIDUAL_PA9UNZY3/model.cpp -o POPULATIONS//POPULATION_0016//INDIVIDUAL_PA9UNZY3/model.o\ng++ -std=gnu++17 -shared -s -static-libgcc -o POPULATIONS//POPULATION_0016//INDIVIDUAL_PA9UNZY3/model.dll tmp.def POPULATIONS//POPULATION_0016//INDIVIDUAL_PA9UNZY3/model.o -LC:/rtools44/x86_64-w64-mingw32.static.posix/lib/x64 -LC:/rtools44/x86_64-w64-mingw32.static.posix/lib -LC:/Users/spi085/AppData/Local/Programs/R/R-4.4.1/bin/x64 -lR\nStarting model phases\nNumber of phases: 3 \nPhase 1 \nInitial parameter values for phase 1 :\n    log_r     log_K \n-0.693147  2.302585 \nError in model phases: NA/NaN gradient evaluation",
      "stderr": "Loading required package: TMB\nLoading required package: jsonlite\nhere() starts at C:/Users/spi085/OneDrive - CSIRO/Documents/_Projects/SCCP-QuantModelling\nusing C++ compiler: 'G__~1.EXE (GCC) 13.2.0'\nError in value[[3L]](cond) : \n  Error in model phases: NA/NaN gradient evaluation\nCalls: tryCatch -> tryCatchList -> tryCatchOne -> <Anonymous>\nIn addition: Warning message:\nIn nlminb(model$par, model$fn, model$gr) : NA/NaN function evaluation\nExecution halted"
    },
    "4": {
      "status": "SUCCESS",
      "objective_value": 0.8836,
      "model_summary": [
        "            Length Class  Mode     ",
        "par         9      -none- numeric  ",
        "objective   1      -none- numeric  ",
        "convergence 1      -none- numeric  ",
        "iterations  1      -none- numeric  ",
        "evaluations 2      -none- numeric  ",
        "message     1      -none- character"
      ],
      "model_report": {
        "cots_pred": [
          0.2615,
          0.4213,
          0.5938,
          0.705,
          0.7284,
          0.7147,
          0.6955,
          0.6761,
          0.6572,
          0.6388,
          0.6209,
          0.6035,
          0.5866,
          0.5701,
          0.5542,
          0.5386,
          0.5236,
          0.5089,
          0.4946,
          0.4808,
          0.4673,
          0.4542,
          0.4415,
          0.4291,
          0.4171,
          0.4054
        ],
        "fast_pred": [
          12.7726,
          12.5937,
          12.3055,
          11.8993,
          11.417,
          10.9186,
          10.4297,
          9.9539,
          9.4914,
          9.0418,
          8.6048,
          8.1801,
          7.7672,
          7.3659,
          6.9759,
          6.5968,
          6.2283,
          5.8701,
          5.522,
          5.1836,
          4.8547,
          4.535,
          4.2243,
          3.9223,
          3.6287,
          3.3434
        ],
        "slow_pred": [
          10.0694,
          10.0305,
          9.9678,
          9.8794,
          9.7745,
          9.6661,
          9.5598,
          9.4563,
          9.3557,
          9.2579,
          9.1629,
          9.0705,
          8.9807,
          8.8934,
          8.8086,
          8.7261,
          8.646,
          8.5681,
          8.4923,
          8.4187,
          8.3472,
          8.2777,
          8.2101,
          8.1444,
          8.0805,
          8.0185
        ]
      },
      "plot_data": {
        "cots_pred": {
          "Year": [
            1980,
            1981,
            1982,
            1983,
            1984,
            1985,
            1986,
            1987,
            1988,
            1989,
            1990,
            1991,
            1992,
            1993,
            1994,
            1995,
            1996,
            1997,
            1998,
            1999,
            2000,
            2001,
            2002,
            2003,
            2004,
            2005
          ],
          "Modeled": [
            0.2615,
            0.4213,
            0.5938,
            0.705,
            0.7284,
            0.7147,
            0.6955,
            0.6761,
            0.6572,
            0.6388,
            0.6209,
            0.6035,
            0.5866,
            0.5701,
            0.5542,
            0.5386,
            0.5236,
            0.5089,
            0.4946,
            0.4808,
            0.4673,
            0.4542,
            0.4415,
            0.4291,
            0.4171,
            0.4054
          ],
          "Observed": [
            0.2615,
            0.5498,
            0.7268,
            0.5523,
            0.8281,
            0.547,
            0.758,
            0.6288,
            0.4762,
            0.6466,
            0.9107,
            2.152,
            0.6446,
            1.6723,
            0.4766,
            0.8075,
            0.3635,
            0.3728,
            0.6173,
            0.3107,
            0.256,
            0.2984,
            0.3362,
            0.2878,
            0.3221,
            0.4308
          ]
        },
        "slow_pred": {
          "Year": [
            1980,
            1981,
            1982,
            1983,
            1984,
            1985,
            1986,
            1987,
            1988,
            1989,
            1990,
            1991,
            1992,
            1993,
            1994,
            1995,
            1996,
            1997,
            1998,
            1999,
            2000,
            2001,
            2002,
            2003,
            2004,
            2005
          ],
          "Modeled": [
            10.0694,
            10.0305,
            9.9678,
            9.8794,
            9.7745,
            9.6661,
            9.5598,
            9.4563,
            9.3557,
            9.2579,
            9.1629,
            9.0705,
            8.9807,
            8.8934,
            8.8086,
            8.7261,
            8.646,
            8.5681,
            8.4923,
            8.4187,
            8.3472,
            8.2777,
            8.2101,
            8.1444,
            8.0805,
            8.0185
          ],
          "Observed": [
            10.0694,
            17.7236,
            23.8276,
            19.4181,
            15.6354,
            32.4596,
            21.5567,
            34.1938,
            18.8708,
            27.3176,
            44.3301,
            13.3275,
            11.3741,
            8.3362,
            15.207,
            12.443,
            11.0666,
            10.6442,
            2.3628,
            2.76,
            3.7236,
            7.0355,
            10.2239,
            8.4754,
            9.0819,
            13.7314
          ]
        },
        "fast_pred": {
          "Year": [
            1980,
            1981,
            1982,
            1983,
            1984,
            1985,
            1986,
            1987,
            1988,
            1989,
            1990,
            1991,
            1992,
            1993,
            1994,
            1995,
            1996,
            1997,
            1998,
            1999,
            2000,
            2001,
            2002,
            2003,
            2004,
            2005
          ],
          "Modeled": [
            12.7726,
            12.5937,
            12.3055,
            11.8993,
            11.417,
            10.9186,
            10.4297,
            9.9539,
            9.4914,
            9.0418,
            8.6048,
            8.1801,
            7.7672,
            7.3659,
            6.9759,
            6.5968,
            6.2283,
            5.8701,
            5.522,
            5.1836,
            4.8547,
            4.535,
            4.2243,
            3.9223,
            3.6287,
            3.3434
          ],
          "Observed": [
            12.7726,
            16.4147,
            12.7773,
            12.2798,
            15.1152,
            12.8194,
            10.4631,
            9.7251,
            13.2014,
            16.4512,
            11.1393,
            18.0832,
            11.5223,
            8.51,
            9.1622,
            5.3353,
            8.6044,
            7.2781,
            2.629,
            4.6951,
            1.5948,
            5.2172,
            2.6041,
            3.3618,
            7.3289,
            4.4014
          ]
        }
      },
      "stdout": "g++ -std=gnu++17  -I\"C:/Users/spi085/AppData/Local/Programs/R/R-4.4.1/include\" -DNDEBUG -I\"C:/Users/spi085/AppData/Local/Programs/R/R-44~1.1/library/TMB/include\" -I\"C:/Users/spi085/AppData/Local/Programs/R/R-44~1.1/library/RCPPEI~1/include\"   -DTMB_EIGEN_DISABLE_WARNINGS   -DTMB_LIB_INIT=R_init_model  -DCPPAD_FRAMEWORK    -I\"C:/rtools44/x86_64-w64-mingw32.static.posix/include\"     -O2 -Wa,-mbig-obj -c POPULATIONS//POPULATION_0016//INDIVIDUAL_PA9UNZY3/model.cpp -o POPULATIONS//POPULATION_0016//INDIVIDUAL_PA9UNZY3/model.o\ng++ -std=gnu++17 -shared -s -static-libgcc -o POPULATIONS//POPULATION_0016//INDIVIDUAL_PA9UNZY3/model.dll tmp.def POPULATIONS//POPULATION_0016//INDIVIDUAL_PA9UNZY3/model.o -LC:/rtools44/x86_64-w64-mingw32.static.posix/lib/x64 -LC:/rtools44/x86_64-w64-mingw32.static.posix/lib -LC:/Users/spi085/AppData/Local/Programs/R/R-4.4.1/bin/x64 -lR\nStarting model phases\nNumber of phases: 3 \nPhase 1 \nInitial parameter values for phase 1 :\n    log_r     log_K \n-0.693147  2.302585 \nFinal parameter values for phase 1 :\n     log_r      log_K \n-1.2544682 -0.1062378 \nConvergence message: relative convergence (4) \nNumber of iterations: 10 \nObjective function value: 18488.55 \nGradient at solution for phase 1 :\n              [,1]         [,2]\n[1,] -1.270202e-05 9.286776e-06\nPhase 2 \nInitial parameter values for phase 2 :\n log_half_sat   log_env_eff log_pred_slow log_pred_fast \n    -0.693147      0.000000     -1.203973     -1.609438 \nFinal parameter values for phase 2 :\n log_half_sat   log_env_eff log_pred_slow log_pred_fast \n   14.0630439    10.8565111    -1.7216851    -0.3177243 \nConvergence message: relative convergence (4) \nNumber of iterations: 44 \nObjective function value: 166.7576 \nGradient at solution for phase 2 :\n            [,1]         [,2]         [,3]         [,4]\n[1,] 0.001042686 -0.001111226 0.0001456017 -0.001345533\nPhase 3 \nInitial parameter values for phase 3 :\nlog_sigma_COTS log_sigma_slow log_sigma_fast \n     -0.693147      -0.693147      -0.693147 \nFinal parameter values for phase 3 :\nlog_sigma_COTS log_sigma_slow log_sigma_fast \n    -0.6648086     -0.2841701     -0.8887305 \nConvergence message: relative convergence (4) \nNumber of iterations: 9 \nObjective function value: 160.2955 \nGradient at solution for phase 3 :\n             [,1]         [,2]         [,3]\n[1,] 4.337568e-05 0.0001841278 0.0001216091\nFinal Phase\nInitial parameter values for final phase:\n         log_r          log_K   log_half_sat    log_env_eff  log_pred_slow \n    -1.2544682     -0.1062378     14.0630439     10.8565111     -1.7216851 \n log_pred_fast log_sigma_COTS log_sigma_slow log_sigma_fast \n    -0.3177243     -0.6648086     -0.2841701     -0.8887305 \nFinal parameter values for final phase:\n         log_r          log_K   log_half_sat    log_env_eff  log_pred_slow \n    -0.4691921     -0.6561153     13.8279336     11.0919096     -1.9051652 \n log_pred_fast log_sigma_COTS log_sigma_slow log_sigma_fast \n    -0.3796324     -0.8245400     -0.2778607     -0.8647732 \nConvergence message: relative convergence (4) \nNumber of iterations: 24 \nObjective function value: 157.0591 \nGradient at solution for final phase:\n              [,1]          [,2]          [,3]          [,4]         [,5]\n[1,] -3.549762e-06 -1.780961e-05 -7.250893e-06 -2.135938e-05 4.920019e-06\n             [,6]         [,7]         [,8]        [,9]\n[1,] 1.707218e-05 8.025102e-07 1.008008e-05 2.11911e-06\nAll phases completed\n\nRunning model validation...\nNo test data available (train_test_split >= 1.0)\nNULL\n\nDEBUG: Report contents:\nList of 3\n $ cots_pred: num [1:26] 0.262 0.421 0.594 0.705 0.728 ...\n $ fast_pred: num [1:26] 12.8 12.6 12.3 11.9 11.4 ...\n $ slow_pred: num [1:26] 10.07 10.03 9.97 9.88 9.77 ...\nNULL\n\nDEBUG: Available variables in report:\n[1] \"cots_pred\" \"fast_pred\" \"slow_pred\"\n\nChecking predictions and calculating objective function...\n\nDEBUG: Processing cots_pred \nDEBUG: First few predictions: 0.2615042 0.4212761 0.5938014 0.7050306 0.7284178 0.7146993 \nDEBUG: Summary statistics:\n   Min. 1st Qu.  Median    Mean 3rd Qu.    Max. \n 0.2615  0.4575  0.5464  0.5457  0.6343  0.7284 \nDEBUG: All zeros? FALSE \nDEBUG: Any infinities? FALSE \n\nDEBUG: Processing slow_pred \nDEBUG: First few predictions: 10.06939 10.03047 9.96779 9.879433 9.774526 9.666139 \nDEBUG: Summary statistics:\n   Min. 1st Qu.  Median    Mean 3rd Qu.    Max. \n  8.018   8.437   8.937   8.995   9.534  10.069 \nDEBUG: All zeros? FALSE \nDEBUG: Any infinities? FALSE \n\nDEBUG: Processing fast_pred \nDEBUG: First few predictions: 12.77261 12.59371 12.30551 11.89928 11.41696 10.91864 \nDEBUG: Summary statistics:\n   Min. 1st Qu.  Median    Mean 3rd Qu.    Max. \n  3.343   5.268   7.567   7.832  10.311  12.773 \nDEBUG: All zeros? FALSE \nDEBUG: Any infinities? FALSE \n\nDEBUG: Using the following variables for objective function:\ncots_dat -> cots_pred\nslow_dat -> slow_pred\nfast_dat -> fast_pred\n\nDEBUG: Calculating MSE for prediction variables only:\n\nDEBUG: cots_pred \nObserved: 0.2615042 0.5498196 0.7268086 0.5522907 0.828121 0.5470078 ...\nPredicted: 0.2615042 0.4212761 0.5938014 0.7050306 0.7284178 0.7146993 ...\nMSE (normalized): 0.8579055 \n\nDEBUG: slow_pred \nObserved: 10.06939 17.72357 23.82758 19.41812 15.63542 32.45961 ...\nPredicted: 10.06939 10.03047 9.96779 9.879433 9.774526 9.666139 ...\nMSE (normalized): 1.32013 \n\nDEBUG: fast_pred \nObserved: 12.77261 16.41474 12.77729 12.27975 15.11516 12.81941 ...\nPredicted: 12.77261 12.59371 12.30551 11.89928 11.41696 10.91864 ...\nMSE (normalized): 0.4728648 \n\nDEBUG: MSE values:\n cots_dat  slow_dat  fast_dat \n0.8579055 1.3201296 0.4728648 \n\nDEBUG: Final objective value (mean of MSEs): 0.8836333 \n\nFinal objective function value: 0.8836333 \n\nJSON_REPORT_START\n{\n  \"status\": \"SUCCESS\",\n  \"objective_value\": 0.8836,\n  \"model_summary\": [\"            Length Class  Mode     \", \"par         9      -none- numeric  \", \"objective   1      -none- numeric  \", \"convergence 1      -none- numeric  \", \"iterations  1      -none- numeric  \", \"evaluations 2      -none- numeric  \", \"message     1      -none- character\"],\n  \"model_report\": {\n    \"cots_pred\": [0.2615, 0.4213, 0.5938, 0.705, 0.7284, 0.7147, 0.6955, 0.6761, 0.6572, 0.6388, 0.6209, 0.6035, 0.5866, 0.5701, 0.5542, 0.5386, 0.5236, 0.5089, 0.4946, 0.4808, 0.4673, 0.4542, 0.4415, 0.4291, 0.4171, 0.4054],\n    \"fast_pred\": [12.7726, 12.5937, 12.3055, 11.8993, 11.417, 10.9186, 10.4297, 9.9539, 9.4914, 9.0418, 8.6048, 8.1801, 7.7672, 7.3659, 6.9759, 6.5968, 6.2283, 5.8701, 5.522, 5.1836, 4.8547, 4.535, 4.2243, 3.9223, 3.6287, 3.3434],\n    \"slow_pred\": [10.0694, 10.0305, 9.9678, 9.8794, 9.7745, 9.6661, 9.5598, 9.4563, 9.3557, 9.2579, 9.1629, 9.0705, 8.9807, 8.8934, 8.8086, 8.7261, 8.646, 8.5681, 8.4923, 8.4187, 8.3472, 8.2777, 8.2101, 8.1444, 8.0805, 8.0185]\n  },\n  \"plot_data\": {\n    \"cots_pred\": {\n      \"Year\": [1980, 1981, 1982, 1983, 1984, 1985, 1986, 1987, 1988, 1989, 1990, 1991, 1992, 1993, 1994, 1995, 1996, 1997, 1998, 1999, 2000, 2001, 2002, 2003, 2004, 2005],\n      \"Modeled\": [0.2615, 0.4213, 0.5938, 0.705, 0.7284, 0.7147, 0.6955, 0.6761, 0.6572, 0.6388, 0.6209, 0.6035, 0.5866, 0.5701, 0.5542, 0.5386, 0.5236, 0.5089, 0.4946, 0.4808, 0.4673, 0.4542, 0.4415, 0.4291, 0.4171, 0.4054],\n      \"Observed\": [0.2615, 0.5498, 0.7268, 0.5523, 0.8281, 0.547, 0.758, 0.6288, 0.4762, 0.6466, 0.9107, 2.152, 0.6446, 1.6723, 0.4766, 0.8075, 0.3635, 0.3728, 0.6173, 0.3107, 0.256, 0.2984, 0.3362, 0.2878, 0.3221, 0.4308]\n    },\n    \"slow_pred\": {\n      \"Year\": [1980, 1981, 1982, 1983, 1984, 1985, 1986, 1987, 1988, 1989, 1990, 1991, 1992, 1993, 1994, 1995, 1996, 1997, 1998, 1999, 2000, 2001, 2002, 2003, 2004, 2005],\n      \"Modeled\": [10.0694, 10.0305, 9.9678, 9.8794, 9.7745, 9.6661, 9.5598, 9.4563, 9.3557, 9.2579, 9.1629, 9.0705, 8.9807, 8.8934, 8.8086, 8.7261, 8.646, 8.5681, 8.4923, 8.4187, 8.3472, 8.2777, 8.2101, 8.1444, 8.0805, 8.0185],\n      \"Observed\": [10.0694, 17.7236, 23.8276, 19.4181, 15.6354, 32.4596, 21.5567, 34.1938, 18.8708, 27.3176, 44.3301, 13.3275, 11.3741, 8.3362, 15.207, 12.443, 11.0666, 10.6442, 2.3628, 2.76, 3.7236, 7.0355, 10.2239, 8.4754, 9.0819, 13.7314]\n    },\n    \"fast_pred\": {\n      \"Year\": [1980, 1981, 1982, 1983, 1984, 1985, 1986, 1987, 1988, 1989, 1990, 1991, 1992, 1993, 1994, 1995, 1996, 1997, 1998, 1999, 2000, 2001, 2002, 2003, 2004, 2005],\n      \"Modeled\": [12.7726, 12.5937, 12.3055, 11.8993, 11.417, 10.9186, 10.4297, 9.9539, 9.4914, 9.0418, 8.6048, 8.1801, 7.7672, 7.3659, 6.9759, 6.5968, 6.2283, 5.8701, 5.522, 5.1836, 4.8547, 4.535, 4.2243, 3.9223, 3.6287, 3.3434],\n      \"Observed\": [12.7726, 16.4147, 12.7773, 12.2798, 15.1152, 12.8194, 10.4631, 9.7251, 13.2014, 16.4512, 11.1393, 18.0832, 11.5223, 8.51, 9.1622, 5.3353, 8.6044, 7.2781, 2.629, 4.6951, 1.5948, 5.2172, 2.6041, 3.3618, 7.3289, 4.4014]\n    }\n  }\n}\nJSON_REPORT_END",
      "stderr": "Loading required package: TMB\nLoading required package: jsonlite\nhere() starts at C:/Users/spi085/OneDrive - CSIRO/Documents/_Projects/SCCP-QuantModelling\nusing C++ compiler: 'G__~1.EXE (GCC) 13.2.0'\nWarning messages:\n1: In nlminb(model$par, model$fn, model$gr) : NA/NaN function evaluation\n2: In nlminb(model$par, model$fn, model$gr) : NA/NaN function evaluation\n3: In nlminb(model$par, model$fn, model$gr) : NA/NaN function evaluation\n4: In nlminb(model$par, model$fn, model$gr) : NA/NaN function evaluation\nWarning message:\n`aes_string()` was deprecated in ggplot2 3.0.0.\n\u2139 Please use tidy evaluation idioms with `aes()`.\n\u2139 See also `vignette(\"ggplot2-in-packages\")` for more information."
    },
    "5": {
      "status": "SUCCESS",
      "objective_value": 0.8836
    }
  }
}