{
  "iterations": {
    "1": {
      "status": "ERROR",
      "message": "Model failed to compile.",
      "stdout": "g++ -std=gnu++17  -I\"C:/Users/spi085/AppData/Local/Programs/R/R-4.4.1/include\" -DNDEBUG -I\"C:/Users/spi085/AppData/Local/Programs/R/R-44~1.1/library/TMB/include\" -I\"C:/Users/spi085/AppData/Local/Programs/R/R-44~1.1/library/RCPPEI~1/include\"   -DTMB_EIGEN_DISABLE_WARNINGS   -DTMB_LIB_INIT=R_init_model  -DCPPAD_FRAMEWORK    -I\"C:/rtools44/x86_64-w64-mingw32.static.posix/include\"     -O2 -Wa,-mbig-obj -c POPULATIONS//Population_0012//INDIVIDUAL_2B91XM7T/model.cpp -o POPULATIONS//Population_0012//INDIVIDUAL_2B91XM7T/model.o",
      "stderr": "Loading required package: TMB\nLoading required package: jsonlite\nhere() starts at C:/Users/spi085/OneDrive - CSIRO/Documents/_Projects/SCCP-QuantModelling\nusing C++ compiler: 'G__~1.EXE (GCC) 13.2.0'\nPOPULATIONS//Population_0012//INDIVIDUAL_2B91XM7T/model.cpp: In member function 'Type objective_function<Type>::operator()()':\nPOPULATIONS//Population_0012//INDIVIDUAL_2B91XM7T/model.cpp:70:66: error: 'h_facil' was not declared in this scope\n   70 |     Type facilitation = total_cover * (K_coral - total_cover) / (h_facil * K_coral + total_cover);\n      |                                                                  ^~~~~~~\nPOPULATIONS//Population_0012//INDIVIDUAL_2B91XM7T/model.cpp:72:86: error: 'facil_strength' was not declared in this scope\n   72 |     slow_pred(t) = slow_pred(t-1) + g_slow * slow_pred(t-1) * available_space * (1 + facil_strength * facilitation) - pred_slow;\n      |                                                                                      ^~~~~~~~~~~~~~\nmake: *** [C:/Users/spi085/AppData/Local/Programs/R/R-4.4.1/etc/x64/Makeconf:296: POPULATIONS//Population_0012//INDIVIDUAL_2B91XM7T/model.o] Error 1\nError in TMB::compile(file.path(individual_dir, model_file), flags = flags,  : \n  Compilation failed\nError: Compilation failed\nExecution halted"
    },
    "2": {
      "status": "ERROR",
      "message": "R script failed with return code 1",
      "stdout": "g++ -std=gnu++17  -I\"C:/Users/spi085/AppData/Local/Programs/R/R-4.4.1/include\" -DNDEBUG -I\"C:/Users/spi085/AppData/Local/Programs/R/R-44~1.1/library/TMB/include\" -I\"C:/Users/spi085/AppData/Local/Programs/R/R-44~1.1/library/RCPPEI~1/include\"   -DTMB_EIGEN_DISABLE_WARNINGS   -DTMB_LIB_INIT=R_init_model  -DCPPAD_FRAMEWORK    -I\"C:/rtools44/x86_64-w64-mingw32.static.posix/include\"     -O2 -Wa,-mbig-obj -c POPULATIONS//Population_0012//INDIVIDUAL_2B91XM7T/model.cpp -o POPULATIONS//Population_0012//INDIVIDUAL_2B91XM7T/model.o\ng++ -std=gnu++17 -shared -s -static-libgcc -o POPULATIONS//Population_0012//INDIVIDUAL_2B91XM7T/model.dll tmp.def POPULATIONS//Population_0012//INDIVIDUAL_2B91XM7T/model.o -LC:/rtools44/x86_64-w64-mingw32.static.posix/lib/x64 -LC:/rtools44/x86_64-w64-mingw32.static.posix/lib -LC:/Users/spi085/AppData/Local/Programs/R/R-4.4.1/bin/x64 -lR",
      "stderr": "Loading required package: TMB\nLoading required package: jsonlite\nhere() starts at C:/Users/spi085/OneDrive - CSIRO/Documents/_Projects/SCCP-QuantModelling\nusing C++ compiler: 'G__~1.EXE (GCC) 13.2.0'\nC:\\rtools44\\x86_64-w64-mingw32.static.posix\\bin/ld.exe: cannot export _ZN5CppAD6ADTapeINS_2ADINS1_IdEEEEE13RecordCondExpENS_9CompareOpERNS1_IS3_EERKS6_S9_S9_S9_: symbol not defined\nC:\\rtools44\\x86_64-w64-mingw32.static.posix\\bin/ld.exe: cannot export _ZN5CppAD9CondExpOpINS_2ADINS1_IdEEEEEENS1_IT_EENS_9CompareOpERKS5_S8_S8_S8_: symbol not defined\nC:\\rtools44\\x86_64-w64-mingw32.static.posix\\bin/ld.exe: cannot export _ZN5CppADgeINS_2ADIdEEEEbRKNS1_IT_EES6_: symbol not defined\nC:\\rtools44\\x86_64-w64-mingw32.static.posix\\bin/ld.exe: cannot export _ZN5CppADgtINS_2ADIdEEEEbRKNS1_IT_EES6_: symbol not defined\nC:\\rtools44\\x86_64-w64-mingw32.static.posix\\bin/ld.exe: cannot export _ZN5CppADleINS_2ADIdEEEEbRKNS1_IT_EES6_: symbol not defined\nC:\\rtools44\\x86_64-w64-mingw32.static.posix\\bin/ld.exe: cannot export _ZN5CppADltINS_2ADINS1_IdEEEEEEbRKNS1_IT_EES7_: symbol not defined\nC:\\rtools44\\x86_64-w64-mingw32.static.posix\\bin/ld.exe: cannot export _ZN5CppADltINS_2ADIdEEEEbRKNS1_IT_EES6_: symbol not defined\nC:\\rtools44\\x86_64-w64-mingw32.static.posix\\bin/ld.exe: cannot export _ZNK5CppAD2ADINS0_INS0_IdEEEEE3expEv: symbol not defined\ncollect2.exe: error: ld returned 1 exit status\nError in inDL(x, as.logical(local), as.logical(now), ...) : \n  unable to load shared object 'C:/Users/spi085/OneDrive - CSIRO/Documents/_Projects/SCCP-QuantModelling/POPULATIONS//Population_0012//INDIVIDUAL_2B91XM7T/model.dll':\n  LoadLibrary failure:  The specified module could not be found.\nCalls: dyn.load -> inDL\nExecution halted"
    },
    "3": {
      "status": "ERROR",
      "message": "R script failed with return code 1",
      "stdout": "g++ -std=gnu++17  -I\"C:/Users/spi085/AppData/Local/Programs/R/R-4.4.1/include\" -DNDEBUG -I\"C:/Users/spi085/AppData/Local/Programs/R/R-44~1.1/library/TMB/include\" -I\"C:/Users/spi085/AppData/Local/Programs/R/R-44~1.1/library/RCPPEI~1/include\"   -DTMB_EIGEN_DISABLE_WARNINGS   -DTMB_LIB_INIT=R_init_model  -DCPPAD_FRAMEWORK    -I\"C:/rtools44/x86_64-w64-mingw32.static.posix/include\"     -O2 -Wa,-mbig-obj -c POPULATIONS//Population_0012//INDIVIDUAL_2B91XM7T/model.cpp -o POPULATIONS//Population_0012//INDIVIDUAL_2B91XM7T/model.o\ng++ -std=gnu++17 -shared -s -static-libgcc -o POPULATIONS//Population_0012//INDIVIDUAL_2B91XM7T/model.dll tmp.def POPULATIONS//Population_0012//INDIVIDUAL_2B91XM7T/model.o -LC:/rtools44/x86_64-w64-mingw32.static.posix/lib/x64 -LC:/rtools44/x86_64-w64-mingw32.static.posix/lib -LC:/Users/spi085/AppData/Local/Programs/R/R-4.4.1/bin/x64 -lR",
      "stderr": "Loading required package: TMB\nLoading required package: jsonlite\nhere() starts at C:/Users/spi085/OneDrive - CSIRO/Documents/_Projects/SCCP-QuantModelling\nusing C++ compiler: 'G__~1.EXE (GCC) 13.2.0'\nC:\\rtools44\\x86_64-w64-mingw32.static.posix\\bin/ld.exe: cannot export _ZN5CppAD6ADTapeINS_2ADINS1_IdEEEEE13RecordCondExpENS_9CompareOpERNS1_IS3_EERKS6_S9_S9_S9_: symbol not defined\nC:\\rtools44\\x86_64-w64-mingw32.static.posix\\bin/ld.exe: cannot export _ZN5CppAD9CondExpOpINS_2ADINS1_IdEEEEEENS1_IT_EENS_9CompareOpERKS5_S8_S8_S8_: symbol not defined\nC:\\rtools44\\x86_64-w64-mingw32.static.posix\\bin/ld.exe: cannot export _ZN5CppADgeINS_2ADIdEEEEbRKNS1_IT_EES6_: symbol not defined\nC:\\rtools44\\x86_64-w64-mingw32.static.posix\\bin/ld.exe: cannot export _ZN5CppADgtINS_2ADIdEEEEbRKNS1_IT_EES6_: symbol not defined\nC:\\rtools44\\x86_64-w64-mingw32.static.posix\\bin/ld.exe: cannot export _ZN5CppADleINS_2ADIdEEEEbRKNS1_IT_EES6_: symbol not defined\nC:\\rtools44\\x86_64-w64-mingw32.static.posix\\bin/ld.exe: cannot export _ZN5CppADltINS_2ADINS1_IdEEEEEEbRKNS1_IT_EES7_: symbol not defined\nC:\\rtools44\\x86_64-w64-mingw32.static.posix\\bin/ld.exe: cannot export _ZN5CppADltINS_2ADIdEEEEbRKNS1_IT_EES6_: symbol not defined\nC:\\rtools44\\x86_64-w64-mingw32.static.posix\\bin/ld.exe: cannot export _ZNK5CppAD2ADINS0_INS0_IdEEEEE3expEv: symbol not defined\ncollect2.exe: error: ld returned 1 exit status\nError in inDL(x, as.logical(local), as.logical(now), ...) : \n  unable to load shared object 'C:/Users/spi085/OneDrive - CSIRO/Documents/_Projects/SCCP-QuantModelling/POPULATIONS//Population_0012//INDIVIDUAL_2B91XM7T/model.dll':\n  LoadLibrary failure:  The specified module could not be found.\nCalls: dyn.load -> inDL\nExecution halted"
    },
    "4": {
      "status": "ERROR",
      "message": "R script failed with return code 1",
      "stdout": "g++ -std=gnu++17  -I\"C:/Users/spi085/AppData/Local/Programs/R/R-4.4.1/include\" -DNDEBUG -I\"C:/Users/spi085/AppData/Local/Programs/R/R-44~1.1/library/TMB/include\" -I\"C:/Users/spi085/AppData/Local/Programs/R/R-44~1.1/library/RCPPEI~1/include\"   -DTMB_EIGEN_DISABLE_WARNINGS   -DTMB_LIB_INIT=R_init_model  -DCPPAD_FRAMEWORK    -I\"C:/rtools44/x86_64-w64-mingw32.static.posix/include\"     -O2 -Wa,-mbig-obj -c POPULATIONS//Population_0012//INDIVIDUAL_2B91XM7T/model.cpp -o POPULATIONS//Population_0012//INDIVIDUAL_2B91XM7T/model.o\ng++ -std=gnu++17 -shared -s -static-libgcc -o POPULATIONS//Population_0012//INDIVIDUAL_2B91XM7T/model.dll tmp.def POPULATIONS//Population_0012//INDIVIDUAL_2B91XM7T/model.o -LC:/rtools44/x86_64-w64-mingw32.static.posix/lib/x64 -LC:/rtools44/x86_64-w64-mingw32.static.posix/lib -LC:/Users/spi085/AppData/Local/Programs/R/R-4.4.1/bin/x64 -lR\nStarting model phases\nNumber of phases: 3 \nPhase 1 \nInitial parameter values for phase 1 :\n    r_cots     g_slow     g_fast alpha_slow alpha_fast \n        NA     0.0165     3.4200         NA         NA \nError in model phases: NA/NaN gradient evaluation",
      "stderr": "Loading required package: TMB\nLoading required package: jsonlite\nhere() starts at C:/Users/spi085/OneDrive - CSIRO/Documents/_Projects/SCCP-QuantModelling\nusing C++ compiler: 'G__~1.EXE (GCC) 13.2.0'\nError in value[[3L]](cond) : \n  Error in model phases: NA/NaN gradient evaluation\nCalls: tryCatch -> tryCatchList -> tryCatchOne -> <Anonymous>\nIn addition: Warning message:\nIn nlminb(model$par, model$fn, model$gr) : NA/NaN function evaluation\nExecution halted"
    },
    "5": {
      "status": "ERROR",
      "message": "R script failed with return code 1",
      "stdout": "g++ -std=gnu++17  -I\"C:/Users/spi085/AppData/Local/Programs/R/R-4.4.1/include\" -DNDEBUG -I\"C:/Users/spi085/AppData/Local/Programs/R/R-44~1.1/library/TMB/include\" -I\"C:/Users/spi085/AppData/Local/Programs/R/R-44~1.1/library/RCPPEI~1/include\"   -DTMB_EIGEN_DISABLE_WARNINGS   -DTMB_LIB_INIT=R_init_model  -DCPPAD_FRAMEWORK    -I\"C:/rtools44/x86_64-w64-mingw32.static.posix/include\"     -O2 -Wa,-mbig-obj -c POPULATIONS//Population_0012//INDIVIDUAL_2B91XM7T/model.cpp -o POPULATIONS//Population_0012//INDIVIDUAL_2B91XM7T/model.o\ng++ -std=gnu++17 -shared -s -static-libgcc -o POPULATIONS//Population_0012//INDIVIDUAL_2B91XM7T/model.dll tmp.def POPULATIONS//Population_0012//INDIVIDUAL_2B91XM7T/model.o -LC:/rtools44/x86_64-w64-mingw32.static.posix/lib/x64 -LC:/rtools44/x86_64-w64-mingw32.static.posix/lib -LC:/Users/spi085/AppData/Local/Programs/R/R-4.4.1/bin/x64 -lR\nStarting model phases\nNumber of phases: 3 \nPhase 1 \nInitial parameter values for phase 1 :\n    r_cots     g_slow     g_fast alpha_slow alpha_fast \n        NA     0.0165     3.4200         NA         NA \nError in model phases: NA/NaN gradient evaluation",
      "stderr": "Loading required package: TMB\nLoading required package: jsonlite\nhere() starts at C:/Users/spi085/OneDrive - CSIRO/Documents/_Projects/SCCP-QuantModelling\nusing C++ compiler: 'G__~1.EXE (GCC) 13.2.0'\nError in value[[3L]](cond) : \n  Error in model phases: NA/NaN gradient evaluation\nCalls: tryCatch -> tryCatchList -> tryCatchOne -> <Anonymous>\nIn addition: Warning message:\nIn nlminb(model$par, model$fn, model$gr) : NA/NaN function evaluation\nExecution halted"
    },
    "6": {
      "status": "ERROR",
      "message": "R script failed with return code 1",
      "stdout": "g++ -std=gnu++17  -I\"C:/Users/spi085/AppData/Local/Programs/R/R-4.4.1/include\" -DNDEBUG -I\"C:/Users/spi085/AppData/Local/Programs/R/R-44~1.1/library/TMB/include\" -I\"C:/Users/spi085/AppData/Local/Programs/R/R-44~1.1/library/RCPPEI~1/include\"   -DTMB_EIGEN_DISABLE_WARNINGS   -DTMB_LIB_INIT=R_init_model  -DCPPAD_FRAMEWORK    -I\"C:/rtools44/x86_64-w64-mingw32.static.posix/include\"     -O2 -Wa,-mbig-obj -c POPULATIONS//Population_0012//INDIVIDUAL_2B91XM7T/model.cpp -o POPULATIONS//Population_0012//INDIVIDUAL_2B91XM7T/model.o\ng++ -std=gnu++17 -shared -s -static-libgcc -o POPULATIONS//Population_0012//INDIVIDUAL_2B91XM7T/model.dll tmp.def POPULATIONS//Population_0012//INDIVIDUAL_2B91XM7T/model.o -LC:/rtools44/x86_64-w64-mingw32.static.posix/lib/x64 -LC:/rtools44/x86_64-w64-mingw32.static.posix/lib -LC:/Users/spi085/AppData/Local/Programs/R/R-4.4.1/bin/x64 -lR\nStarting model phases\nNumber of phases: 3 \nPhase 1 \nInitial parameter values for phase 1 :\n    r_cots     g_slow     g_fast alpha_slow alpha_fast \n        NA     0.0165     3.4200         NA         NA \nError in model phases: NA/NaN gradient evaluation",
      "stderr": "Loading required package: TMB\nLoading required package: jsonlite\nhere() starts at C:/Users/spi085/OneDrive - CSIRO/Documents/_Projects/SCCP-QuantModelling\nusing C++ compiler: 'G__~1.EXE (GCC) 13.2.0'\nError in value[[3L]](cond) : \n  Error in model phases: NA/NaN gradient evaluation\nCalls: tryCatch -> tryCatchList -> tryCatchOne -> <Anonymous>\nIn addition: Warning message:\nIn nlminb(model$par, model$fn, model$gr) : NA/NaN function evaluation\nExecution halted"
    },
    "7": {
      "status": "BROKEN"
    }
  }
}