{
  "iterations": {
    "1": {
      "status": "ERROR",
      "message": "Model failed to compile.",
      "stdout": "g++ -std=gnu++17 -I\"/usr/share/R/include\" -DNDEBUG -I\"/home/spi085/R/x86_64-pc-linux-gnu-library/4.4/TMB/include\" -I\"/home/spi085/R/x86_64-pc-linux-gnu-library/4.4/RcppEigen/include\"   -DTMB_EIGEN_DISABLE_WARNINGS   -DTMB_LIB_INIT=R_init_model  -DCPPAD_FRAMEWORK      -fpic  -O2  -c POPULATIONS/POPULATION_0013/INDIVIDUAL_03O15A81/model.cpp -o POPULATIONS/POPULATION_0013/INDIVIDUAL_03O15A81/model.o",
      "stderr": "Loading required package: TMB\nLoading required package: jsonlite\nhere() starts at /home/spi085/Documents/_Projects/SCCP-QuantModelling\nusing C++ compiler: \u2018g++ (Ubuntu 13.3.0-6ubuntu2~24.04) 13.3.0\u2019\nIn file included from /home/spi085/R/x86_64-pc-linux-gnu-library/4.4/TMB/include/TMB.hpp:228,\n                 from POPULATIONS/POPULATION_0013/INDIVIDUAL_03O15A81/model.cpp:1:\n/home/spi085/R/x86_64-pc-linux-gnu-library/4.4/TMB/include/tmb_core.hpp:237:8: error: \u2018Type\u2019 was not declared in this scope; did you mean \u2018Eigen::Architecture::Type\u2019?\n  237 | vector<Type> name;                                                      \\\n      |        ^~~~\nPOPULATIONS/POPULATION_0013/INDIVIDUAL_03O15A81/model.cpp:7:1: note: in expansion of macro \u2018DATA_VECTOR\u2019\n    7 | DATA_VECTOR(Year); // Observation years\n      | ^~~~~~~~~~~\nIn file included from /home/spi085/R/x86_64-pc-linux-gnu-library/4.4/RcppEigen/include/Eigen/Core:161,\n                 from /home/spi085/R/x86_64-pc-linux-gnu-library/4.4/RcppEigen/include/Eigen/Dense:1,\n                 from /home/spi085/R/x86_64-pc-linux-gnu-library/4.4/TMB/include/TMB.hpp:92:\n/home/spi085/R/x86_64-pc-linux-gnu-library/4.4/RcppEigen/include/Eigen/src/Core/util/Constants.h:471:8: note: \u2018Eigen::Architecture::Type\u2019 declared here\n  471 |   enum Type {\n      |        ^~~~\n/home/spi085/R/x86_64-pc-linux-gnu-library/4.4/TMB/include/tmb_core.hpp:237:12: error: template argument 1 is invalid\n  237 | vector<Type> name;                                                      \\\n      |            ^\nPOPULATIONS/POPULATION_0013/INDIVIDUAL_03O15A81/model.cpp:7:1: note: in expansion of macro \u2018DATA_VECTOR\u2019\n    7 | DATA_VECTOR(Year); // Observation years\n      | ^~~~~~~~~~~\n/home/spi085/R/x86_64-pc-linux-gnu-library/4.4/TMB/include/tmb_core.hpp:238:1: error: expected unqualified-id before \u2018if\u2019\n  238 | if (!Rf_isNull(getListElement(TMB_OBJECTIVE_PTR -> parameters,#name))){ \\\n      | ^~\nPOPULATIONS/POPULATION_0013/INDIVIDUAL_03O15A81/model.cpp:7:1: note: in expansion of macro \u2018DATA_VECTOR\u2019\n    7 | DATA_VECTOR(Year); // Observation years\n      | ^~~~~~~~~~~\n/home/spi085/R/x86_64-pc-linux-gnu-library/4.4/TMB/include/tmb_core.hpp:241:3: error: expected unqualified-id before \u2018else\u2019\n  241 | } else {                                                                \\\n      |   ^~~~\nPOPULATIONS/POPULATION_0013/INDIVIDUAL_03O15A81/model.cpp:7:1: note: in expansion of macro \u2018DATA_VECTOR\u2019\n    7 | DATA_VECTOR(Year); // Observation years\n      | ^~~~~~~~~~~\n/home/spi085/R/x86_64-pc-linux-gnu-library/4.4/TMB/include/tmb_core.hpp:237:8: error: \u2018Type\u2019 was not declared in this scope; did you mean \u2018Eigen::Architecture::Type\u2019?\n  237 | vector<Type> name;                                                      \\\n      |        ^~~~\nPOPULATIONS/POPULATION_0013/INDIVIDUAL_03O15A81/model.cpp:10:1: note: in expansion of macro \u2018DATA_VECTOR\u2019\n   10 | DATA_VECTOR(cots_dat);\n      | ^~~~~~~~~~~\n/home/spi085/R/x86_64-pc-linux-gnu-library/4.4/RcppEigen/include/Eigen/src/Core/util/Constants.h:471:8: note: \u2018Eigen::Architecture::Type\u2019 declared here\n  471 |   enum Type {\n      |        ^~~~\n/home/spi085/R/x86_64-pc-linux-gnu-library/4.4/TMB/include/tmb_core.hpp:237:12: error: template argument 1 is invalid\n  237 | vector<Type> name;                                                      \\\n      |            ^\nPOPULATIONS/POPULATION_0013/INDIVIDUAL_03O15A81/model.cpp:10:1: note: in expansion of macro \u2018DATA_VECTOR\u2019\n   10 | DATA_VECTOR(cots_dat);\n      | ^~~~~~~~~~~\n/home/spi085/R/x86_64-pc-linux-gnu-library/4.4/TMB/include/tmb_core.hpp:238:1: error: expected unqualified-id before \u2018if\u2019\n  238 | if (!Rf_isNull(getListElement(TMB_OBJECTIVE_PTR -> parameters,#name))){ \\\n      | ^~\nPOPULATIONS/POPULATION_0013/INDIVIDUAL_03O15A81/model.cpp:10:1: note: in expansion of macro \u2018DATA_VECTOR\u2019\n   10 | DATA_VECTOR(cots_dat);\n      | ^~~~~~~~~~~\n/home/spi085/R/x86_64-pc-linux-gnu-library/4.4/TMB/include/tmb_core.hpp:241:3: error: expected unqualified-id before \u2018else\u2019\n  241 | } else {                                                                \\\n      |   ^~~~\nPOPULATIONS/POPULATION_0013/INDIVIDUAL_03O15A81/model.cpp:10:1: note: in expansion of macro \u2018DATA_VECTOR\u2019\n   10 | DATA_VECTOR(cots_dat);\n      | ^~~~~~~~~~~\n/home/spi085/R/x86_64-pc-linux-gnu-library/4.4/TMB/include/tmb_core.hpp:237:8: error: \u2018Type\u2019 was not declared in this scope; did you mean \u2018Eigen::Architecture::Type\u2019?\n  237 | vector<Type> name;                                                      \\\n      |        ^~~~\nPOPULATIONS/POPULATION_0013/INDIVIDUAL_03O15A81/model.cpp:13:1: note: in expansion of macro \u2018DATA_VECTOR\u2019\n   13 | DATA_VECTOR(fast_dat);\n      | ^~~~~~~~~~~\n/home/spi085/R/x86_64-pc-linux-gnu-library/4.4/RcppEigen/include/Eigen/src/Core/util/Constants.h:471:8: note: \u2018Eigen::Architecture::Type\u2019 declared here\n  471 |   enum Type {\n      |        ^~~~\n/home/spi085/R/x86_64-pc-linux-gnu-library/4.4/TMB/include/tmb_core.hpp:237:12: error: template argument 1 is invalid\n  237 | vector<Type> name;                                                      \\\n      |            ^\nPOPULATIONS/POPULATION_0013/INDIVIDUAL_03O15A81/model.cpp:13:1: note: in expansion of macro \u2018DATA_VECTOR\u2019\n   13 | DATA_VECTOR(fast_dat);\n      | ^~~~~~~~~~~\n/home/spi085/R/x86_64-pc-linux-gnu-library/4.4/TMB/include/tmb_core.hpp:238:1: error: expected unqualified-id before \u2018if\u2019\n  238 | if (!Rf_isNull(getListElement(TMB_OBJECTIVE_PTR -> parameters,#name))){ \\\n      | ^~\nPOPULATIONS/POPULATION_0013/INDIVIDUAL_03O15A81/model.cpp:13:1: note: in expansion of macro \u2018DATA_VECTOR\u2019\n   13 | DATA_VECTOR(fast_dat);\n      | ^~~~~~~~~~~\n/home/spi085/R/x86_64-pc-linux-gnu-library/4.4/TMB/include/tmb_core.hpp:241:3: error: expected unqualified-id before \u2018else\u2019\n  241 | } else {                                                                \\\n      |   ^~~~\nPOPULATIONS/POPULATION_0013/INDIVIDUAL_03O15A81/model.cpp:13:1: note: in expansion of macro \u2018DATA_VECTOR\u2019\n   13 | DATA_VECTOR(fast_dat);\n      | ^~~~~~~~~~~\n/home/spi085/R/x86_64-pc-linux-gnu-library/4.4/TMB/include/tmb_core.hpp:237:8: error: \u2018Type\u2019 was not declared in this scope; did you mean \u2018Eigen::Architecture::Type\u2019?\n  237 | vector<Type> name;                                                      \\\n      |        ^~~~\nPOPULATIONS/POPULATION_0013/INDIVIDUAL_03O15A81/model.cpp:16:1: note: in expansion of macro \u2018DATA_VECTOR\u2019\n   16 | DATA_VECTOR(slow_dat);\n      | ^~~~~~~~~~~\n/home/spi085/R/x86_64-pc-linux-gnu-library/4.4/RcppEigen/include/Eigen/src/Core/util/Constants.h:471:8: note: \u2018Eigen::Architecture::Type\u2019 declared here\n  471 |   enum Type {\n      |        ^~~~\n/home/spi085/R/x86_64-pc-linux-gnu-library/4.4/TMB/include/tmb_core.hpp:237:12: error: template argument 1 is invalid\n  237 | vector<Type> name;                                                      \\\n      |            ^\nPOPULATIONS/POPULATION_0013/INDIVIDUAL_03O15A81/model.cpp:16:1: note: in expansion of macro \u2018DATA_VECTOR\u2019\n   16 | DATA_VECTOR(slow_dat);\n      | ^~~~~~~~~~~\n/home/spi085/R/x86_64-pc-linux-gnu-library/4.4/TMB/include/tmb_core.hpp:238:1: error: expected unqualified-id before \u2018if\u2019\n  238 | if (!Rf_isNull(getListElement(TMB_OBJECTIVE_PTR -> parameters,#name))){ \\\n      | ^~\nPOPULATIONS/POPULATION_0013/INDIVIDUAL_03O15A81/model.cpp:16:1: note: in expansion of macro \u2018DATA_VECTOR\u2019\n   16 | DATA_VECTOR(slow_dat);\n      | ^~~~~~~~~~~\n/home/spi085/R/x86_64-pc-linux-gnu-library/4.4/TMB/include/tmb_core.hpp:241:3: error: expected unqualified-id before \u2018else\u2019\n  241 | } else {                                                                \\\n      |   ^~~~\nPOPULATIONS/POPULATION_0013/INDIVIDUAL_03O15A81/model.cpp:16:1: note: in expansion of macro \u2018DATA_VECTOR\u2019\n   16 | DATA_VECTOR(slow_dat);\n      | ^~~~~~~~~~~\n/home/spi085/R/x86_64-pc-linux-gnu-library/4.4/TMB/include/tmb_core.hpp:237:8: error: \u2018Type\u2019 was not declared in this scope; did you mean \u2018Eigen::Architecture::Type\u2019?\n  237 | vector<Type> name;                                                      \\\n      |        ^~~~\nPOPULATIONS/POPULATION_0013/INDIVIDUAL_03O15A81/model.cpp:19:1: note: in expansion of macro \u2018DATA_VECTOR\u2019\n   19 | DATA_VECTOR(sst_dat);      // Sea-surface temperature (deg C)\n      | ^~~~~~~~~~~\n/home/spi085/R/x86_64-pc-linux-gnu-library/4.4/RcppEigen/include/Eigen/src/Core/util/Constants.h:471:8: note: \u2018Eigen::Architecture::Type\u2019 declared here\n  471 |   enum Type {\n      |        ^~~~\n/home/spi085/R/x86_64-pc-linux-gnu-library/4.4/TMB/include/tmb_core.hpp:237:12: error: template argument 1 is invalid\n  237 | vector<Type> name;                                                      \\\n      |            ^\nPOPULATIONS/POPULATION_0013/INDIVIDUAL_03O15A81/model.cpp:19:1: note: in expansion of macro \u2018DATA_VECTOR\u2019\n   19 | DATA_VECTOR(sst_dat);      // Sea-surface temperature (deg C)\n      | ^~~~~~~~~~~\n/home/spi085/R/x86_64-pc-linux-gnu-library/4.4/TMB/include/tmb_core.hpp:238:1: error: expected unqualified-id before \u2018if\u2019\n  238 | if (!Rf_isNull(getListElement(TMB_OBJECTIVE_PTR -> parameters,#name))){ \\\n      | ^~\nPOPULATIONS/POPULATION_0013/INDIVIDUAL_03O15A81/model.cpp:19:1: note: in expansion of macro \u2018DATA_VECTOR\u2019\n   19 | DATA_VECTOR(sst_dat);      // Sea-surface temperature (deg C)\n      | ^~~~~~~~~~~\n/home/spi085/R/x86_64-pc-linux-gnu-library/4.4/TMB/include/tmb_core.hpp:241:3: error: expected unqualified-id before \u2018else\u2019\n  241 | } else {                                                                \\\n      |   ^~~~\nPOPULATIONS/POPULATION_0013/INDIVIDUAL_03O15A81/model.cpp:19:1: note: in expansion of macro \u2018DATA_VECTOR\u2019\n   19 | DATA_VECTOR(sst_dat);      // Sea-surface temperature (deg C)\n      | ^~~~~~~~~~~\n/home/spi085/R/x86_64-pc-linux-gnu-library/4.4/TMB/include/tmb_core.hpp:237:8: error: \u2018Type\u2019 was not declared in this scope; did you mean \u2018Eigen::Architecture::Type\u2019?\n  237 | vector<Type> name;                                                      \\\n      |        ^~~~\nPOPULATIONS/POPULATION_0013/INDIVIDUAL_03O15A81/model.cpp:20:1: note: in expansion of macro \u2018DATA_VECTOR\u2019\n   20 | DATA_VECTOR(cotsimm_dat);  // COTS larval immigration rate (indiv/m2/year)\n      | ^~~~~~~~~~~\n/home/spi085/R/x86_64-pc-linux-gnu-library/4.4/RcppEigen/include/Eigen/src/Core/util/Constants.h:471:8: note: \u2018Eigen::Architecture::Type\u2019 declared here\n  471 |   enum Type {\n      |        ^~~~\n/home/spi085/R/x86_64-pc-linux-gnu-library/4.4/TMB/include/tmb_core.hpp:237:12: error: template argument 1 is invalid\n  237 | vector<Type> name;                                                      \\\n      |            ^\nPOPULATIONS/POPULATION_0013/INDIVIDUAL_03O15A81/model.cpp:20:1: note: in expansion of macro \u2018DATA_VECTOR\u2019\n   20 | DATA_VECTOR(cotsimm_dat);  // COTS larval immigration rate (indiv/m2/year)\n      | ^~~~~~~~~~~\n/home/spi085/R/x86_64-pc-linux-gnu-library/4.4/TMB/include/tmb_core.hpp:238:1: error: expected unqualified-id before \u2018if\u2019\n  238 | if (!Rf_isNull(getListElement(TMB_OBJECTIVE_PTR -> parameters,#name))){ \\\n      | ^~\nPOPULATIONS/POPULATION_0013/INDIVIDUAL_03O15A81/model.cpp:20:1: note: in expansion of macro \u2018DATA_VECTOR\u2019\n   20 | DATA_VECTOR(cotsimm_dat);  // COTS larval immigration rate (indiv/m2/year)\n      | ^~~~~~~~~~~\n/home/spi085/R/x86_64-pc-linux-gnu-library/4.4/TMB/include/tmb_core.hpp:241:3: error: expected unqualified-id before \u2018else\u2019\n  241 | } else {                                                                \\\n      |   ^~~~\nPOPULATIONS/POPULATION_0013/INDIVIDUAL_03O15A81/model.cpp:20:1: note: in expansion of macro \u2018DATA_VECTOR\u2019\n   20 | DATA_VECTOR(cotsimm_dat);  // COTS larval immigration rate (indiv/m2/year)\n      | ^~~~~~~~~~~\n/home/spi085/R/x86_64-pc-linux-gnu-library/4.4/TMB/include/tmb_core.hpp:228:1: error: \u2018Type\u2019 does not name a type; did you mean \u2018typeof\u2019?\n  228 | Type name(TMB_OBJECTIVE_PTR -> fillShape(                               \\\n      | ^~~~\nPOPULATIONS/POPULATION_0013/INDIVIDUAL_03O15A81/model.cpp:27:1: note: in expansion of macro \u2018PARAMETER\u2019\n   27 | PARAMETER(log_r_cots);      // log intrinsic growth rate of COTS (year^-1)\n      | ^~~~~~~~~\n/home/spi085/R/x86_64-pc-linux-gnu-library/4.4/TMB/include/tmb_core.hpp:228:1: error: \u2018Type\u2019 does not name a type; did you mean \u2018typeof\u2019?\n  228 | Type name(TMB_OBJECTIVE_PTR -> fillShape(                               \\\n      | ^~~~\nPOPULATIONS/POPULATION_0013/INDIVIDUAL_03O15A81/model.cpp:28:1: note: in expansion of macro \u2018PARAMETER\u2019\n   28 | PARAMETER(log_K_cots);      // log carrying capacity for COTS (indiv/m2)\n      | ^~~~~~~~~\n/home/spi085/R/x86_64-pc-linux-gnu-library/4.4/TMB/include/tmb_core.hpp:228:1: error: \u2018Type\u2019 does not name a type; did you mean \u2018typeof\u2019?\n  228 | Type name(TMB_OBJECTIVE_PTR -> fillShape(                               \\\n      | ^~~~\nPOPULATIONS/POPULATION_0013/INDIVIDUAL_03O15A81/model.cpp:29:1: note: in expansion of macro \u2018PARAMETER\u2019\n   29 | PARAMETER(log_alpha_cots);  // log predation attack rate on coral (m2/indiv/year)\n      | ^~~~~~~~~\n/home/spi085/R/x86_64-pc-linux-gnu-library/4.4/TMB/include/tmb_core.hpp:228:1: error: \u2018Type\u2019 does not name a type; did you mean \u2018typeof\u2019?\n  228 | Type name(TMB_OBJECTIVE_PTR -> fillShape(                               \\\n      | ^~~~\nPOPULATIONS/POPULATION_0013/INDIVIDUAL_03O15A81/model.cpp:30:1: note: in expansion of macro \u2018PARAMETER\u2019\n   30 | PARAMETER(log_beta_cots);   // log half-saturation coral cover for COTS predation (%, for functional response)\n      | ^~~~~~~~~\n/home/spi085/R/x86_64-pc-linux-gnu-library/4.4/TMB/include/tmb_core.hpp:228:1: error: \u2018Type\u2019 does not name a type; did you mean \u2018typeof\u2019?\n  228 | Type name(TMB_OBJECTIVE_PTR -> fillShape(                               \\\n      | ^~~~\nPOPULATIONS/POPULATION_0013/INDIVIDUAL_03O15A81/model.cpp:31:1: note: in expansion of macro \u2018PARAMETER\u2019\n   31 | PARAMETER(log_m_cots);      // log baseline COTS mortality rate (year^-1)\n      | ^~~~~~~~~\n/home/spi085/R/x86_64-pc-linux-gnu-library/4.4/TMB/include/tmb_core.hpp:228:1: error: \u2018Type\u2019 does not name a type; did you mean \u2018typeof\u2019?\n  228 | Type name(TMB_OBJECTIVE_PTR -> fillShape(                               \\\n      | ^~~~\nPOPULATIONS/POPULATION_0013/INDIVIDUAL_03O15A81/model.cpp:32:1: note: in expansion of macro \u2018PARAMETER\u2019\n   32 | PARAMETER(log_eps_cots);    // log process error SD for COTS\n      | ^~~~~~~~~\n/home/spi085/R/x86_64-pc-linux-gnu-library/4.4/TMB/include/tmb_core.hpp:228:1: error: \u2018Type\u2019 does not name a type; did you mean \u2018typeof\u2019?\n  228 | Type name(TMB_OBJECTIVE_PTR -> fillShape(                               \\\n      | ^~~~\nPOPULATIONS/POPULATION_0013/INDIVIDUAL_03O15A81/model.cpp:35:1: note: in expansion of macro \u2018PARAMETER\u2019\n   35 | PARAMETER(log_r_fast);      // log intrinsic growth rate of fast coral (year^-1)\n      | ^~~~~~~~~\n/home/spi085/R/x86_64-pc-linux-gnu-library/4.4/TMB/include/tmb_core.hpp:228:1: error: \u2018Type\u2019 does not name a type; did you mean \u2018typeof\u2019?\n  228 | Type name(TMB_OBJECTIVE_PTR -> fillShape(                               \\\n      | ^~~~\nPOPULATIONS/POPULATION_0013/INDIVIDUAL_03O15A81/model.cpp:36:1: note: in expansion of macro \u2018PARAMETER\u2019\n   36 | PARAMETER(log_r_slow);      // log intrinsic growth rate of slow coral (year^-1)\n      | ^~~~~~~~~\n/home/spi085/R/x86_64-pc-linux-gnu-library/4.4/TMB/include/tmb_core.hpp:228:1: error: \u2018Type\u2019 does not name a type; did you mean \u2018typeof\u2019?\n  228 | Type name(TMB_OBJECTIVE_PTR -> fillShape(                               \\\n      | ^~~~\nPOPULATIONS/POPULATION_0013/INDIVIDUAL_03O15A81/model.cpp:37:1: note: in expansion of macro \u2018PARAMETER\u2019\n   37 | PARAMETER(log_K_coral);     // log total coral carrying capacity (% cover)\n      | ^~~~~~~~~\n/home/spi085/R/x86_64-pc-linux-gnu-library/4.4/TMB/include/tmb_core.hpp:228:1: error: \u2018Type\u2019 does not name a type; did you mean \u2018typeof\u2019?\n  228 | Type name(TMB_OBJECTIVE_PTR -> fillShape(                               \\\n      | ^~~~\nPOPULATIONS/POPULATION_0013/INDIVIDUAL_03O15A81/model.cpp:38:1: note: in expansion of macro \u2018PARAMETER\u2019\n   38 | PARAMETER(log_eps_fast);    // log process error SD for fast coral\n      | ^~~~~~~~~\n/home/spi085/R/x86_64-pc-linux-gnu-library/4.4/TMB/include/tmb_core.hpp:228:1: error: \u2018Type\u2019 does not name a type; did you mean \u2018typeof\u2019?\n  228 | Type name(TMB_OBJECTIVE_PTR -> fillShape(                               \\\n      | ^~~~\nPOPULATIONS/POPULATION_0013/INDIVIDUAL_03O15A81/model.cpp:39:1: note: in expansion of macro \u2018PARAMETER\u2019\n   39 | PARAMETER(log_eps_slow);    // log process error SD for slow coral\n      | ^~~~~~~~~\n/home/spi085/R/x86_64-pc-linux-gnu-library/4.4/TMB/include/tmb_core.hpp:228:1: error: \u2018Type\u2019 does not name a type; did you mean \u2018typeof\u2019?\n  228 | Type name(TMB_OBJECTIVE_PTR -> fillShape(                               \\\n      | ^~~~\nPOPULATIONS/POPULATION_0013/INDIVIDUAL_03O15A81/model.cpp:42:1: note: in expansion of macro \u2018PARAMETER\u2019\n   42 | PARAMETER(logit_sel_fast);  // logit selectivity of COTS for fast coral (proportion)\n      | ^~~~~~~~~\n/home/spi085/R/x86_64-pc-linux-gnu-library/4.4/TMB/include/tmb_core.hpp:228:1: error: \u2018Type\u2019 does not name a type; did you mean \u2018typeof\u2019?\n  228 | Type name(TMB_OBJECTIVE_PTR -> fillShape(                               \\\n      | ^~~~\nPOPULATIONS/POPULATION_0013/INDIVIDUAL_03O15A81/model.cpp:43:1: note: in expansion of macro \u2018PARAMETER\u2019\n   43 | PARAMETER(logit_sel_slow);  // logit selectivity of COTS for slow coral (proportion)\n      | ^~~~~~~~~\n/home/spi085/R/x86_64-pc-linux-gnu-library/4.4/TMB/include/tmb_core.hpp:228:1: error: \u2018Type\u2019 does not name a type; did you mean \u2018typeof\u2019?\n  228 | Type name(TMB_OBJECTIVE_PTR -> fillShape(                               \\\n      | ^~~~\nPOPULATIONS/POPULATION_0013/INDIVIDUAL_03O15A81/model.cpp:46:1: note: in expansion of macro \u2018PARAMETER\u2019\n   46 | PARAMETER(logit_outbreak_thresh); // logit threshold for outbreak initiation (indiv/m2)\n      | ^~~~~~~~~\n/home/spi085/R/x86_64-pc-linux-gnu-library/4.4/TMB/include/tmb_core.hpp:228:1: error: \u2018Type\u2019 does not name a type; did you mean \u2018typeof\u2019?\n  228 | Type name(TMB_OBJECTIVE_PTR -> fillShape(                               \\\n      | ^~~~\nPOPULATIONS/POPULATION_0013/INDIVIDUAL_03O15A81/model.cpp:47:1: note: in expansion of macro \u2018PARAMETER\u2019\n   47 | PARAMETER(beta_sst);              // effect of SST on COTS growth (per deg C)\n      | ^~~~~~~~~\n/home/spi085/R/x86_64-pc-linux-gnu-library/4.4/TMB/include/tmb_core.hpp:228:1: error: \u2018Type\u2019 does not name a type; did you mean \u2018typeof\u2019?\n  228 | Type name(TMB_OBJECTIVE_PTR -> fillShape(                               \\\n      | ^~~~\nPOPULATIONS/POPULATION_0013/INDIVIDUAL_03O15A81/model.cpp:48:1: note: in expansion of macro \u2018PARAMETER\u2019\n   48 | PARAMETER(beta_imm);              // effect of larval immigration on COTS recruitment\n      | ^~~~~~~~~\n/home/spi085/R/x86_64-pc-linux-gnu-library/4.4/TMB/include/tmb_core.hpp:228:1: error: \u2018Type\u2019 does not name a type; did you mean \u2018typeof\u2019?\n  228 | Type name(TMB_OBJECTIVE_PTR -> fillShape(                               \\\n      | ^~~~\nPOPULATIONS/POPULATION_0013/INDIVIDUAL_03O15A81/model.cpp:51:1: note: in expansion of macro \u2018PARAMETER\u2019\n   51 | PARAMETER(log_sigma_cots);   // log obs error SD for COTS\n      | ^~~~~~~~~\n/home/spi085/R/x86_64-pc-linux-gnu-library/4.4/TMB/include/tmb_core.hpp:228:1: error: \u2018Type\u2019 does not name a type; did you mean \u2018typeof\u2019?\n  228 | Type name(TMB_OBJECTIVE_PTR -> fillShape(                               \\\n      | ^~~~\nPOPULATIONS/POPULATION_0013/INDIVIDUAL_03O15A81/model.cpp:52:1: note: in expansion of macro \u2018PARAMETER\u2019\n   52 | PARAMETER(log_sigma_fast);   // log obs error SD for fast coral\n      | ^~~~~~~~~\n/home/spi085/R/x86_64-pc-linux-gnu-library/4.4/TMB/include/tmb_core.hpp:228:1: error: \u2018Type\u2019 does not name a type; did you mean \u2018typeof\u2019?\n  228 | Type name(TMB_OBJECTIVE_PTR -> fillShape(                               \\\n      | ^~~~\nPOPULATIONS/POPULATION_0013/INDIVIDUAL_03O15A81/model.cpp:53:1: note: in expansion of macro \u2018PARAMETER\u2019\n   53 | PARAMETER(log_sigma_slow);   // log obs error SD for slow coral\n      | ^~~~~~~~~\nPOPULATIONS/POPULATION_0013/INDIVIDUAL_03O15A81/model.cpp:59:19: error: \u2018log_r_cots\u2019 was not declared in this scope; did you mean \u2018r_cots\u2019?\n   59 | Type r_cots = exp(log_r_cots);           // Intrinsic COTS growth rate (year^-1)\n      |                   ^~~~~~~~~~\n      |                   r_cots\nPOPULATIONS/POPULATION_0013/INDIVIDUAL_03O15A81/model.cpp:60:19: error: \u2018log_K_cots\u2019 was not declared in this scope; did you mean \u2018K_cots\u2019?\n   60 | Type K_cots = exp(log_K_cots);           // COTS carrying capacity (indiv/m2)\n      |                   ^~~~~~~~~~\n      |                   K_cots\nPOPULATIONS/POPULATION_0013/INDIVIDUAL_03O15A81/model.cpp:61:23: error: \u2018log_alpha_cots\u2019 was not declared in this scope; did you mean \u2018alpha_cots\u2019?\n   61 | Type alpha_cots = exp(log_alpha_cots);   // COTS attack rate (m2/indiv/year)\n      |                       ^~~~~~~~~~~~~~\n      |                       alpha_cots\nPOPULATIONS/POPULATION_0013/INDIVIDUAL_03O15A81/model.cpp:62:22: error: \u2018log_beta_cots\u2019 was not declared in this scope; did you mean \u2018beta_cots\u2019?\n   62 | Type beta_cots = exp(log_beta_cots);     // Coral cover half-saturation for COTS predation (%)\n      |                      ^~~~~~~~~~~~~\n      |                      beta_cots\nPOPULATIONS/POPULATION_0013/INDIVIDUAL_03O15A81/model.cpp:63:19: error: \u2018log_m_cots\u2019 was not declared in this scope; did you mean \u2018m_cots\u2019?\n   63 | Type m_cots = exp(log_m_cots);           // Baseline COTS mortality (year^-1)\n      |                   ^~~~~~~~~~\n      |                   m_cots\nPOPULATIONS/POPULATION_0013/INDIVIDUAL_03O15A81/model.cpp:64:21: error: \u2018log_eps_cots\u2019 was not declared in this scope; did you mean \u2018eps_cots\u2019?\n   64 | Type eps_cots = exp(log_eps_cots);       // COTS process error SD\n      |                     ^~~~~~~~~~~~\n      |                     eps_cots\nPOPULATIONS/POPULATION_0013/INDIVIDUAL_03O15A81/model.cpp:66:19: error: \u2018log_r_fast\u2019 was not declared in this scope; did you mean \u2018r_fast\u2019?\n   66 | Type r_fast = exp(log_r_fast);           // Fast coral growth rate (year^-1)\n      |                   ^~~~~~~~~~\n      |                   r_fast\nPOPULATIONS/POPULATION_0013/INDIVIDUAL_03O15A81/model.cpp:67:19: error: \u2018log_r_slow\u2019 was not declared in this scope; did you mean \u2018r_slow\u2019?\n   67 | Type r_slow = exp(log_r_slow);           // Slow coral growth rate (year^-1)\n      |                   ^~~~~~~~~~\n      |                   r_slow\nPOPULATIONS/POPULATION_0013/INDIVIDUAL_03O15A81/model.cpp:68:20: error: \u2018log_K_coral\u2019 was not declared in this scope; did you mean \u2018K_coral\u2019?\n   68 | Type K_coral = exp(log_K_coral);         // Total coral carrying capacity (%)\n      |                    ^~~~~~~~~~~\n      |                    K_coral\nPOPULATIONS/POPULATION_0013/INDIVIDUAL_03O15A81/model.cpp:69:21: error: \u2018log_eps_fast\u2019 was not declared in this scope; did you mean \u2018eps_fast\u2019?\n   69 | Type eps_fast = exp(log_eps_fast);       // Fast coral process error SD\n      |                     ^~~~~~~~~~~~\n      |                     eps_fast\nPOPULATIONS/POPULATION_0013/INDIVIDUAL_03O15A81/model.cpp:70:21: error: \u2018log_eps_slow\u2019 was not declared in this scope; did you mean \u2018eps_slow\u2019?\n   70 | Type eps_slow = exp(log_eps_slow);       // Slow coral process error SD\n      |                     ^~~~~~~~~~~~\n      |                     eps_slow\nPOPULATIONS/POPULATION_0013/INDIVIDUAL_03O15A81/model.cpp:72:35: error: \u2018logit_sel_fast\u2019 was not declared in this scope\n   72 | Type sel_fast = 1.0 / (1.0 + exp(-logit_sel_fast)); // Selectivity for fast coral (0-1)\n      |                                   ^~~~~~~~~~~~~~\nPOPULATIONS/POPULATION_0013/INDIVIDUAL_03O15A81/model.cpp:73:35: error: \u2018logit_sel_slow\u2019 was not declared in this scope\n   73 | Type sel_slow = 1.0 / (1.0 + exp(-logit_sel_slow)); // Selectivity for slow coral (0-1)\n      |                                   ^~~~~~~~~~~~~~\nPOPULATIONS/POPULATION_0013/INDIVIDUAL_03O15A81/model.cpp:75:42: error: \u2018logit_outbreak_thresh\u2019 was not declared in this scope; did you mean \u2018outbreak_thresh\u2019?\n   75 | Type outbreak_thresh = 1.0 / (1.0 + exp(-logit_outbreak_thresh)); // Outbreak threshold (proportion of K_cots)\n      |                                          ^~~~~~~~~~~~~~~~~~~~~\n      |                                          outbreak_thresh\nPOPULATIONS/POPULATION_0013/INDIVIDUAL_03O15A81/model.cpp:77:23: error: \u2018log_sigma_cots\u2019 was not declared in this scope; did you mean \u2018sigma_cots\u2019?\n   77 | Type sigma_cots = exp(log_sigma_cots);   // Obs error SD for COTS\n      |                       ^~~~~~~~~~~~~~\n      |                       sigma_cots\nPOPULATIONS/POPULATION_0013/INDIVIDUAL_03O15A81/model.cpp:78:23: error: \u2018log_sigma_fast\u2019 was not declared in this scope; did you mean \u2018sigma_fast\u2019?\n   78 | Type sigma_fast = exp(log_sigma_fast);   // Obs error SD for fast coral\n      |                       ^~~~~~~~~~~~~~\n      |                       sigma_fast\nPOPULATIONS/POPULATION_0013/INDIVIDUAL_03O15A81/model.cpp:79:23: error: \u2018log_sigma_slow\u2019 was not declared in this scope; did you mean \u2018sigma_slow\u2019?\n   79 | Type sigma_slow = exp(log_sigma_slow);   // Obs error SD for slow coral\n      |                       ^~~~~~~~~~~~~~\n      |                       sigma_slow\nPOPULATIONS/POPULATION_0013/INDIVIDUAL_03O15A81/model.cpp:83:14: error: request for member \u2018size\u2019 in \u2018Year\u2019, which is of non-class type \u2018int\u2019\n   83 | int n = Year.size();\n      |              ^~~~\nPOPULATIONS/POPULATION_0013/INDIVIDUAL_03O15A81/model.cpp:89:10: error: expected constructor, destructor, or type conversion before \u2018(\u2019 token\n   89 | cots_pred(0) = cots_dat(0);\n      |          ^\nPOPULATIONS/POPULATION_0013/INDIVIDUAL_03O15A81/model.cpp:90:10: error: expected constructor, destructor, or type conversion before \u2018(\u2019 token\n   90 | fast_pred(0) = fast_dat(0);\n      |          ^\nPOPULATIONS/POPULATION_0013/INDIVIDUAL_03O15A81/model.cpp:91:10: error: expected constructor, destructor, or type conversion before \u2018(\u2019 token\n   91 | slow_pred(0) = slow_dat(0);\n      |          ^\nPOPULATIONS/POPULATION_0013/INDIVIDUAL_03O15A81/model.cpp:102:1: error: expected unqualified-id before \u2018for\u2019\n  102 | for(int t=1; t<n; t++) {\n      | ^~~\nPOPULATIONS/POPULATION_0013/INDIVIDUAL_03O15A81/model.cpp:102:14: error: \u2018t\u2019 does not name a type; did you mean \u2018tm\u2019?\n  102 | for(int t=1; t<n; t++) {\n      |              ^\n      |              tm\nPOPULATIONS/POPULATION_0013/INDIVIDUAL_03O15A81/model.cpp:102:19: error: \u2018t\u2019 does not name a type; did you mean \u2018tm\u2019?\n  102 | for(int t=1; t<n; t++) {\n      |                   ^\n      |                   tm\nPOPULATIONS/POPULATION_0013/INDIVIDUAL_03O15A81/model.cpp:141:1: error: expected unqualified-id before \u2018for\u2019\n  141 | for(int t=0; t<n; t++) {\n      | ^~~\nPOPULATIONS/POPULATION_0013/INDIVIDUAL_03O15A81/model.cpp:141:14: error: \u2018t\u2019 does not name a type; did you mean \u2018tm\u2019?\n  141 | for(int t=0; t<n; t++) {\n      |              ^\n      |              tm\nPOPULATIONS/POPULATION_0013/INDIVIDUAL_03O15A81/model.cpp:141:19: error: \u2018t\u2019 does not name a type; did you mean \u2018tm\u2019?\n  141 | for(int t=0; t<n; t++) {\n      |                   ^\n      |                   tm\nPOPULATIONS/POPULATION_0013/INDIVIDUAL_03O15A81/model.cpp:147:1: error: expected unqualified-id before \u2018for\u2019\n  147 | for(int t=0; t<n; t++) {\n      | ^~~\nPOPULATIONS/POPULATION_0013/INDIVIDUAL_03O15A81/model.cpp:147:14: error: \u2018t\u2019 does not name a type; did you mean \u2018tm\u2019?\n  147 | for(int t=0; t<n; t++) {\n      |              ^\n      |              tm\nPOPULATIONS/POPULATION_0013/INDIVIDUAL_03O15A81/model.cpp:147:19: error: \u2018t\u2019 does not name a type; did you mean \u2018tm\u2019?\n  147 | for(int t=0; t<n; t++) {\n      |                   ^\n      |                   tm\nPOPULATIONS/POPULATION_0013/INDIVIDUAL_03O15A81/model.cpp:153:1: error: expected unqualified-id before \u2018for\u2019\n  153 | for(int t=0; t<n; t++) {\n      | ^~~\nPOPULATIONS/POPULATION_0013/INDIVIDUAL_03O15A81/model.cpp:153:14: error: \u2018t\u2019 does not name a type; did you mean \u2018tm\u2019?\n  153 | for(int t=0; t<n; t++) {\n      |              ^\n      |              tm\nPOPULATIONS/POPULATION_0013/INDIVIDUAL_03O15A81/model.cpp:153:19: error: \u2018t\u2019 does not name a type; did you mean \u2018tm\u2019?\n  153 | for(int t=0; t<n; t++) {\n      |                   ^\n      |                   tm\n/home/spi085/R/x86_64-pc-linux-gnu-library/4.4/TMB/include/tmb_core.hpp:316:1: error: expected unqualified-id before \u2018if\u2019\n  316 | if( isDouble<Type>::value &&                                            \\\n      | ^~\nPOPULATIONS/POPULATION_0013/INDIVIDUAL_03O15A81/model.cpp:160:1: note: in expansion of macro \u2018REPORT\u2019\n  160 | REPORT(cots_pred);  // Predicted COTS abundance (indiv/m2)\n      | ^~~~~~\n/home/spi085/R/x86_64-pc-linux-gnu-library/4.4/TMB/include/tmb_core.hpp:316:1: error: expected unqualified-id before \u2018if\u2019\n  316 | if( isDouble<Type>::value &&                                            \\\n      | ^~\nPOPULATIONS/POPULATION_0013/INDIVIDUAL_03O15A81/model.cpp:161:1: note: in expansion of macro \u2018REPORT\u2019\n  161 | REPORT(fast_pred);  // Predicted fast coral cover (%)\n      | ^~~~~~\n/home/spi085/R/x86_64-pc-linux-gnu-library/4.4/TMB/include/tmb_core.hpp:316:1: error: expected unqualified-id before \u2018if\u2019\n  316 | if( isDouble<Type>::value &&                                            \\\n      | ^~\nPOPULATIONS/POPULATION_0013/INDIVIDUAL_03O15A81/model.cpp:162:1: note: in expansion of macro \u2018REPORT\u2019\n  162 | REPORT(slow_pred);  // Predicted slow coral cover (%)\n      | ^~~~~~\nPOPULATIONS/POPULATION_0013/INDIVIDUAL_03O15A81/model.cpp:164:1: error: expected unqualified-id before \u2018return\u2019\n  164 | return nll;\n      | ^~~~~~\nmake: *** [/usr/lib/R/etc/Makeconf:204: POPULATIONS/POPULATION_0013/INDIVIDUAL_03O15A81/model.o] Error 1\nError in TMB::compile(file.path(individual_dir, model_file), flags = flags,  : \n  Compilation failed\nError: Compilation failed\nExecution halted"
    },
    "2": {
      "status": "SUCCESS",
      "objective_value": 1.671,
      "model_summary": [
        "            Length Class  Mode     ",
        "par         19     -none- numeric  ",
        "objective    1     -none- numeric  ",
        "convergence  1     -none- numeric  ",
        "iterations   1     -none- numeric  ",
        "evaluations  2     -none- numeric  ",
        "message      1     -none- character"
      ],
      "model_report": {
        "cots_pred": [
          0.2615,
          0.1951,
          0.1891,
          0.1491,
          0.0862,
          0.0536,
          0.0589,
          0.0724,
          0.0433,
          0.0379,
          0.0276,
          0.0189,
          0.0261,
          0.047,
          0.0049,
          0.0107,
          1e-08,
          8.6213e-06,
          0.0002,
          0.0026,
          0.0045,
          0.0008,
          1e-08,
          9.8741e-06,
          0,
          1e-08
        ],
        "fast_pred": [
          10.0694,
          10.0132,
          9.9712,
          9.9306,
          9.8985,
          9.88,
          9.8685,
          9.8558,
          9.8402,
          9.8309,
          9.8228,
          9.8168,
          9.8128,
          9.8072,
          9.7971,
          9.796,
          9.7937,
          9.7937,
          9.7937,
          9.7936,
          9.7931,
          9.7921,
          9.7919,
          9.7919,
          9.7919,
          9.7919
        ],
        "slow_pred": [
          12.7726,
          13.8391,
          10.1666,
          11.516,
          9.5075,
          9.1374,
          9.1592,
          9.3188,
          7.6649,
          5.6774,
          5.0763,
          4.9867,
          4.8136,
          5.0539,
          4.1852,
          4.4665,
          5.1824,
          6.064,
          5.2812,
          5.4555,
          5.0313,
          4.2064,
          4.5364,
          4.0039,
          3.7666,
          3.6456
        ]
      },
      "plot_data": {
        "cots_pred": {
          "Year": [
            1980,
            1981,
            1982,
            1983,
            1984,
            1985,
            1986,
            1987,
            1988,
            1989,
            1990,
            1991,
            1992,
            1993,
            1994,
            1995,
            1996,
            1997,
            1998,
            1999,
            2000,
            2001,
            2002,
            2003,
            2004,
            2005
          ],
          "Modeled": [
            0.2615,
            0.1951,
            0.1891,
            0.1491,
            0.0862,
            0.0536,
            0.0589,
            0.0724,
            0.0433,
            0.0379,
            0.0276,
            0.0189,
            0.0261,
            0.047,
            0.0049,
            0.0107,
            1e-08,
            8.6213e-06,
            0.0002,
            0.0026,
            0.0045,
            0.0008,
            1e-08,
            9.8741e-06,
            0,
            1e-08
          ],
          "Observed": [
            0.2615,
            0.5498,
            0.7268,
            0.5523,
            0.8281,
            0.547,
            0.758,
            0.6288,
            0.4762,
            0.6466,
            0.9107,
            2.152,
            0.6446,
            1.6723,
            0.4766,
            0.8075,
            0.3635,
            0.3728,
            0.6173,
            0.3107,
            0.256,
            0.2984,
            0.3362,
            0.2878,
            0.3221,
            0.4308
          ]
        },
        "fast_pred": {
          "Year": [
            1980,
            1981,
            1982,
            1983,
            1984,
            1985,
            1986,
            1987,
            1988,
            1989,
            1990,
            1991,
            1992,
            1993,
            1994,
            1995,
            1996,
            1997,
            1998,
            1999,
            2000,
            2001,
            2002,
            2003,
            2004,
            2005
          ],
          "Modeled": [
            10.0694,
            10.0132,
            9.9712,
            9.9306,
            9.8985,
            9.88,
            9.8685,
            9.8558,
            9.8402,
            9.8309,
            9.8228,
            9.8168,
            9.8128,
            9.8072,
            9.7971,
            9.796,
            9.7937,
            9.7937,
            9.7937,
            9.7936,
            9.7931,
            9.7921,
            9.7919,
            9.7919,
            9.7919,
            9.7919
          ],
          "Observed": [
            10.0694,
            17.7236,
            23.8276,
            19.4181,
            15.6354,
            32.4596,
            21.5567,
            34.1938,
            18.8708,
            27.3176,
            44.3301,
            13.3275,
            11.3741,
            8.3362,
            15.207,
            12.443,
            11.0666,
            10.6442,
            2.3628,
            2.76,
            3.7236,
            7.0355,
            10.2239,
            8.4754,
            9.0819,
            13.7314
          ]
        },
        "slow_pred": {
          "Year": [
            1980,
            1981,
            1982,
            1983,
            1984,
            1985,
            1986,
            1987,
            1988,
            1989,
            1990,
            1991,
            1992,
            1993,
            1994,
            1995,
            1996,
            1997,
            1998,
            1999,
            2000,
            2001,
            2002,
            2003,
            2004,
            2005
          ],
          "Modeled": [
            12.7726,
            13.8391,
            10.1666,
            11.516,
            9.5075,
            9.1374,
            9.1592,
            9.3188,
            7.6649,
            5.6774,
            5.0763,
            4.9867,
            4.8136,
            5.0539,
            4.1852,
            4.4665,
            5.1824,
            6.064,
            5.2812,
            5.4555,
            5.0313,
            4.2064,
            4.5364,
            4.0039,
            3.7666,
            3.6456
          ],
          "Observed": [
            12.7726,
            16.4147,
            12.7773,
            12.2798,
            15.1152,
            12.8194,
            10.4631,
            9.7251,
            13.2014,
            16.4512,
            11.1393,
            18.0832,
            11.5223,
            8.51,
            9.1622,
            5.3353,
            8.6044,
            7.2781,
            2.629,
            4.6951,
            1.5948,
            5.2172,
            2.6041,
            3.3618,
            7.3289,
            4.4014
          ]
        }
      },
      "stdout": "g++ -std=gnu++17 -I\"/usr/share/R/include\" -DNDEBUG -I\"/home/spi085/R/x86_64-pc-linux-gnu-library/4.4/TMB/include\" -I\"/home/spi085/R/x86_64-pc-linux-gnu-library/4.4/RcppEigen/include\"   -DTMB_EIGEN_DISABLE_WARNINGS   -DTMB_LIB_INIT=R_init_model  -DCPPAD_FRAMEWORK      -fpic  -O2  -c POPULATIONS/POPULATION_0013/INDIVIDUAL_03O15A81/model.cpp -o POPULATIONS/POPULATION_0013/INDIVIDUAL_03O15A81/model.o\ng++ -std=gnu++17 -shared -L/usr/lib/R/lib -Wl,-Bsymbolic-functions -flto=auto -ffat-lto-objects -Wl,-z,relro -o POPULATIONS/POPULATION_0013/INDIVIDUAL_03O15A81/model.so POPULATIONS/POPULATION_0013/INDIVIDUAL_03O15A81/model.o -L/usr/lib/R/lib -lR\nStarting model phases\nNumber of phases: 3 \nPhase 1 \nInitial parameter values for phase 1 :\n log_r_cots  log_K_cots  log_r_fast  log_r_slow log_K_coral \n       -0.7        -0.5        -0.2        -1.0         3.5 \nFinal parameter values for phase 1 :\n log_r_cots  log_K_cots  log_r_fast  log_r_slow log_K_coral \n -17.419812   -0.466789  -83.596111  -20.950150  -14.944156 \nConvergence message: singular convergence (7) \nNumber of iterations: 84 \nObjective function value: 92.22477 \nGradient at solution for phase 1 :\n             [,1]          [,2]         [,3]          [,4]          [,5]\n[1,] 7.319992e-06 -7.309036e-08 2.378241e-27 -3.469788e-06 -3.832656e-06\nPhase 2 \nInitial parameter values for phase 2 :\n       log_alpha_cots         log_beta_cots            log_m_cots \n                -2.00                  2.00                 -1.00 \n       logit_sel_fast        logit_sel_slow logit_outbreak_thresh \n                 2.00                 -2.00                  0.00 \n             beta_sst              beta_imm \n                 0.05                  0.50 \nFinal parameter values for phase 2 :\n       log_alpha_cots         log_beta_cots            log_m_cots \n           -2.6756561            -4.5793823            -2.0690293 \n       logit_sel_fast        logit_sel_slow logit_outbreak_thresh \n           11.8921592            -9.6582811             0.1979225 \n             beta_sst              beta_imm \n            0.4011750             0.5958164 \nConvergence message: relative convergence (4) \nNumber of iterations: 87 \nObjective function value: 92.12556 \nGradient at solution for phase 2 :\n             [,1]         [,2]        [,3]          [,4]         [,5]\n[1,] 3.279283e-05 2.541547e-05 -0.00149476 -5.209202e-12 3.355185e-05\n            [,6]        [,7]         [,8]\n[1,] 0.000493463 0.002923597 3.747832e-05\nPhase 3 \nInitial parameter values for phase 3 :\n  log_eps_cots   log_eps_fast   log_eps_slow log_sigma_cots log_sigma_fast \n          -2.3           -2.3           -2.3           -1.0           -1.0 \nlog_sigma_slow \n          -1.0 \nFinal parameter values for phase 3 :\n  log_eps_cots   log_eps_fast   log_eps_slow log_sigma_cots log_sigma_fast \n    -2.0457991    -19.4993468     -2.7070595      2.1752440     -0.3080442 \nlog_sigma_slow \n    -0.7963066 \nConvergence message: relative convergence (4) \nNumber of iterations: 48 \nObjective function value: 138.5207 \nGradient at solution for phase 3 :\n             [,1]         [,2]          [,3]          [,4]          [,5]\n[1,] 0.0001819593 2.053024e-08 -2.739523e-06 -0.0003630637 -2.548412e-05\n             [,6]\n[1,] 3.742892e-05\nFinal Phase\nInitial parameter values for final phase:\n           log_r_cots            log_K_cots        log_alpha_cots \n          -17.4198121            -0.4667890            -2.6756561 \n        log_beta_cots            log_m_cots          log_eps_cots \n           -4.5793823            -2.0690293            -2.0457991 \n           log_r_fast            log_r_slow           log_K_coral \n          -83.5961110           -20.9501496           -14.9441564 \n         log_eps_fast          log_eps_slow        logit_sel_fast \n          -19.4993468            -2.7070595            11.8921592 \n       logit_sel_slow logit_outbreak_thresh              beta_sst \n           -9.6582811             0.1979225             0.4011750 \n             beta_imm        log_sigma_cots        log_sigma_fast \n            0.5958164             2.1752440            -0.3080442 \n       log_sigma_slow \n           -0.7963066 \nFinal parameter values for final phase:\n           log_r_cots            log_K_cots        log_alpha_cots \n          -17.3675188            -0.4497609            -1.5362302 \n        log_beta_cots            log_m_cots          log_eps_cots \n           -4.5814124            -2.0420352            -2.3731360 \n           log_r_fast            log_r_slow           log_K_coral \n          -83.5961110           -20.8797866           -15.0668120 \n         log_eps_fast          log_eps_slow        logit_sel_fast \n          -19.4993462            -0.9356677            11.8921670 \n       logit_sel_slow logit_outbreak_thresh              beta_sst \n           -9.6581414             0.1154110             0.3491139 \n             beta_imm        log_sigma_cots        log_sigma_fast \n           -0.7029763            -0.6961182            -0.2893161 \n       log_sigma_slow \n           -0.9433242 \nConvergence message: function evaluation limit reached without convergence (9) \nNumber of iterations: 79 \nObjective function value: 59.645 \nGradient at solution for final phase:\n         [,1]      [,2]     [,3]          [,4]      [,5]     [,6]         [,7]\n[1,] 17.52396 -112.5034 0.484372 -0.0004691564 -11.66853 1.006083 2.742472e-27\n         [,8]      [,9]         [,10]      [,11]        [,12]        [,13]\n[1,] 2.807978 -20.33194 -4.498382e-08 -0.2711548 3.314637e-06 4.192566e-05\n         [,14]    [,15]      [,16]     [,17]     [,18]     [,19]\n[1,] -66.45932 15.88495 -0.4740879 0.8260054 0.6806246 0.2626573\nAll phases completed\n\nRunning model validation...\nNo test data available (train_test_split >= 1.0)\nNULL\n\nDEBUG: Report contents:\nList of 3\n $ cots_pred: num [1:26] 0.2615 0.1951 0.1891 0.1491 0.0862 ...\n $ fast_pred: num [1:26] 10.07 10.01 9.97 9.93 9.9 ...\n $ slow_pred: num [1:26] 12.77 13.84 10.17 11.52 9.51 ...\nNULL\n\nDEBUG: Available variables in report:\n[1] \"cots_pred\" \"fast_pred\" \"slow_pred\"\n\nChecking predictions and calculating objective function...\n\nDEBUG: Processing cots_pred \nDEBUG: First few predictions: 0.2615042 0.1951122 0.1891098 0.1490831 0.08624596 0.0536184 \nDEBUG: Summary statistics:\n     Min.   1st Qu.    Median      Mean   3rd Qu.      Max. \n1.000e-08 3.956e-04 2.251e-02 4.964e-02 5.759e-02 2.615e-01 \nDEBUG: All zeros? FALSE \nDEBUG: Any infinities? FALSE \n\nDEBUG: Processing fast_pred \nDEBUG: First few predictions: 10.06939 10.01317 9.971227 9.930574 9.898526 9.879986 \nDEBUG: Summary statistics:\n   Min. 1st Qu.  Median    Mean 3rd Qu.    Max. \n  9.792   9.794   9.810   9.844   9.865  10.069 \nDEBUG: All zeros? FALSE \nDEBUG: Any infinities? FALSE \n\nDEBUG: Processing slow_pred \nDEBUG: First few predictions: 12.77261 13.8391 10.16658 11.51599 9.507451 9.137354 \nDEBUG: Summary statistics:\n   Min. 1st Qu.  Median    Mean 3rd Qu.    Max. \n  3.646   4.606   5.232   6.712   9.154  13.839 \nDEBUG: All zeros? FALSE \nDEBUG: Any infinities? FALSE \n\nDEBUG: Using the following variables for objective function:\ncots_dat -> cots_pred\nfast_dat -> fast_pred\nslow_dat -> slow_pred\n\nDEBUG: Calculating MSE for prediction variables only:\n\nDEBUG: cots_pred \nObserved: 0.2615042 0.5498196 0.7268086 0.5522907 0.828121 0.5470078 ...\nPredicted: 0.2615042 0.1951122 0.1891098 0.1490831 0.08624596 0.0536184 ...\nMSE (normalized): 2.780379 \n\nDEBUG: fast_pred \nObserved: 10.06939 17.72357 23.82758 19.41812 15.63542 32.45961 ...\nPredicted: 10.06939 10.01317 9.971227 9.930574 9.898526 9.879986 ...\nMSE (normalized): 1.278566 \n\nDEBUG: slow_pred \nObserved: 12.77261 16.41474 12.77729 12.27975 15.11516 12.81941 ...\nPredicted: 12.77261 13.8391 10.16658 11.51599 9.507451 9.137354 ...\nMSE (normalized): 0.9539954 \n\nDEBUG: MSE values:\n cots_dat  fast_dat  slow_dat \n2.7803786 1.2785657 0.9539954 \n\nDEBUG: Final objective value (mean of MSEs): 1.67098 \n\nFinal objective function value: 1.67098 \n\nJSON_REPORT_START\n{\n  \"status\": \"SUCCESS\",\n  \"objective_value\": 1.671,\n  \"model_summary\": [\"            Length Class  Mode     \", \"par         19     -none- numeric  \", \"objective    1     -none- numeric  \", \"convergence  1     -none- numeric  \", \"iterations   1     -none- numeric  \", \"evaluations  2     -none- numeric  \", \"message      1     -none- character\"],\n  \"model_report\": {\n    \"cots_pred\": [0.2615, 0.1951, 0.1891, 0.1491, 0.0862, 0.0536, 0.0589, 0.0724, 0.0433, 0.0379, 0.0276, 0.0189, 0.0261, 0.047, 0.0049, 0.0107, 1e-08, 8.6213e-06, 0.0002, 0.0026, 0.0045, 0.0008, 1e-08, 9.8741e-06, 0, 1e-08],\n    \"fast_pred\": [10.0694, 10.0132, 9.9712, 9.9306, 9.8985, 9.88, 9.8685, 9.8558, 9.8402, 9.8309, 9.8228, 9.8168, 9.8128, 9.8072, 9.7971, 9.796, 9.7937, 9.7937, 9.7937, 9.7936, 9.7931, 9.7921, 9.7919, 9.7919, 9.7919, 9.7919],\n    \"slow_pred\": [12.7726, 13.8391, 10.1666, 11.516, 9.5075, 9.1374, 9.1592, 9.3188, 7.6649, 5.6774, 5.0763, 4.9867, 4.8136, 5.0539, 4.1852, 4.4665, 5.1824, 6.064, 5.2812, 5.4555, 5.0313, 4.2064, 4.5364, 4.0039, 3.7666, 3.6456]\n  },\n  \"plot_data\": {\n    \"cots_pred\": {\n      \"Year\": [1980, 1981, 1982, 1983, 1984, 1985, 1986, 1987, 1988, 1989, 1990, 1991, 1992, 1993, 1994, 1995, 1996, 1997, 1998, 1999, 2000, 2001, 2002, 2003, 2004, 2005],\n      \"Modeled\": [0.2615, 0.1951, 0.1891, 0.1491, 0.0862, 0.0536, 0.0589, 0.0724, 0.0433, 0.0379, 0.0276, 0.0189, 0.0261, 0.047, 0.0049, 0.0107, 1e-08, 8.6213e-06, 0.0002, 0.0026, 0.0045, 0.0008, 1e-08, 9.8741e-06, 0, 1e-08],\n      \"Observed\": [0.2615, 0.5498, 0.7268, 0.5523, 0.8281, 0.547, 0.758, 0.6288, 0.4762, 0.6466, 0.9107, 2.152, 0.6446, 1.6723, 0.4766, 0.8075, 0.3635, 0.3728, 0.6173, 0.3107, 0.256, 0.2984, 0.3362, 0.2878, 0.3221, 0.4308]\n    },\n    \"fast_pred\": {\n      \"Year\": [1980, 1981, 1982, 1983, 1984, 1985, 1986, 1987, 1988, 1989, 1990, 1991, 1992, 1993, 1994, 1995, 1996, 1997, 1998, 1999, 2000, 2001, 2002, 2003, 2004, 2005],\n      \"Modeled\": [10.0694, 10.0132, 9.9712, 9.9306, 9.8985, 9.88, 9.8685, 9.8558, 9.8402, 9.8309, 9.8228, 9.8168, 9.8128, 9.8072, 9.7971, 9.796, 9.7937, 9.7937, 9.7937, 9.7936, 9.7931, 9.7921, 9.7919, 9.7919, 9.7919, 9.7919],\n      \"Observed\": [10.0694, 17.7236, 23.8276, 19.4181, 15.6354, 32.4596, 21.5567, 34.1938, 18.8708, 27.3176, 44.3301, 13.3275, 11.3741, 8.3362, 15.207, 12.443, 11.0666, 10.6442, 2.3628, 2.76, 3.7236, 7.0355, 10.2239, 8.4754, 9.0819, 13.7314]\n    },\n    \"slow_pred\": {\n      \"Year\": [1980, 1981, 1982, 1983, 1984, 1985, 1986, 1987, 1988, 1989, 1990, 1991, 1992, 1993, 1994, 1995, 1996, 1997, 1998, 1999, 2000, 2001, 2002, 2003, 2004, 2005],\n      \"Modeled\": [12.7726, 13.8391, 10.1666, 11.516, 9.5075, 9.1374, 9.1592, 9.3188, 7.6649, 5.6774, 5.0763, 4.9867, 4.8136, 5.0539, 4.1852, 4.4665, 5.1824, 6.064, 5.2812, 5.4555, 5.0313, 4.2064, 4.5364, 4.0039, 3.7666, 3.6456],\n      \"Observed\": [12.7726, 16.4147, 12.7773, 12.2798, 15.1152, 12.8194, 10.4631, 9.7251, 13.2014, 16.4512, 11.1393, 18.0832, 11.5223, 8.51, 9.1622, 5.3353, 8.6044, 7.2781, 2.629, 4.6951, 1.5948, 5.2172, 2.6041, 3.3618, 7.3289, 4.4014]\n    }\n  }\n}\nJSON_REPORT_END",
      "stderr": "Loading required package: TMB\nLoading required package: jsonlite\nhere() starts at /home/spi085/Documents/_Projects/SCCP-QuantModelling\nusing C++ compiler: \u2018g++ (Ubuntu 13.3.0-6ubuntu2~24.04) 13.3.0\u2019\nWarning message:\n`aes_string()` was deprecated in ggplot2 3.0.0.\n\u2139 Please use tidy evaluation idioms with `aes()`.\n\u2139 See also `vignette(\"ggplot2-in-packages\")` for more information."
    },
    "3": {
      "status": "SUCCESS",
      "objective_value": 1.671
    }
  }
}