{
  "iterations": {
    "1": {
      "status": "ERROR",
      "message": "R script failed with return code 1",
      "stdout": "g++ -std=gnu++17  -I\"C:/Users/spi085/AppData/Local/Programs/R/R-4.4.1/include\" -DNDEBUG -I\"C:/Users/spi085/AppData/Local/Programs/R/R-44~1.1/library/TMB/include\" -I\"C:/Users/spi085/AppData/Local/Programs/R/R-44~1.1/library/RCPPEI~1/include\"   -DTMB_EIGEN_DISABLE_WARNINGS   -DTMB_LIB_INIT=R_init_model  -DCPPAD_FRAMEWORK    -I\"C:/rtools44/x86_64-w64-mingw32.static.posix/include\"     -O2 -Wa,-mbig-obj -c POPULATIONS//POPULATION_0008//INDIVIDUAL_HX5OFYJT/model.cpp -o POPULATIONS//POPULATION_0008//INDIVIDUAL_HX5OFYJT/model.o\ng++ -std=gnu++17 -shared -s -static-libgcc -o POPULATIONS//POPULATION_0008//INDIVIDUAL_HX5OFYJT/model.dll tmp.def POPULATIONS//POPULATION_0008//INDIVIDUAL_HX5OFYJT/model.o -LC:/rtools44/x86_64-w64-mingw32.static.posix/lib/x64 -LC:/rtools44/x86_64-w64-mingw32.static.posix/lib -LC:/Users/spi085/AppData/Local/Programs/R/R-4.4.1/bin/x64 -lR\nStarting model phases\nNumber of phases: 4 \nPhase 1 \nInitial parameter values for phase 1 :\nalpha_slow alpha_fast      gamma \n        NA         10         NA \nFinal parameter values for phase 1 :\nalpha_slow alpha_fast      gamma \n        NA         10         NA \nConvergence message: both X-convergence and relative convergence (5) \nNumber of iterations: 1 \nObjective function value: Inf \nGradient at solution for phase 1 :\n     [,1] [,2] [,3]\n[1,]    0    0    0\nPhase 2 \nInitial parameter values for phase 2 :\n        r_slow         r_fast           beta          T_opt comp_slow_fast \n            NA             NA             NA           26.3             NA \ncomp_fast_slow \n            NA \nError in model phases: NA/NaN gradient evaluation",
      "stderr": "Loading required package: TMB\nLoading required package: jsonlite\nhere() starts at C:/Users/spi085/OneDrive - CSIRO/Documents/_Projects/SCCP-QuantModelling\nusing C++ compiler: 'G__~1.EXE (GCC) 13.2.0'\nError in value[[3L]](cond) : \n  Error in model phases: NA/NaN gradient evaluation\nCalls: tryCatch -> tryCatchList -> tryCatchOne -> <Anonymous>\nIn addition: Warning messages:\n1: In nlminb(model$par, model$fn, model$gr) : NA/NaN function evaluation\n2: In nlminb(model$par, model$fn, model$gr) : NA/NaN function evaluation\n3: In nlminb(model$par, model$fn, model$gr) : NA/NaN function evaluation\nExecution halted"
    },
    "2": {
      "status": "ERROR",
      "message": "R script failed with return code 1",
      "stdout": "g++ -std=gnu++17  -I\"C:/Users/spi085/AppData/Local/Programs/R/R-4.4.1/include\" -DNDEBUG -I\"C:/Users/spi085/AppData/Local/Programs/R/R-44~1.1/library/TMB/include\" -I\"C:/Users/spi085/AppData/Local/Programs/R/R-44~1.1/library/RCPPEI~1/include\"   -DTMB_EIGEN_DISABLE_WARNINGS   -DTMB_LIB_INIT=R_init_model  -DCPPAD_FRAMEWORK    -I\"C:/rtools44/x86_64-w64-mingw32.static.posix/include\"     -O2 -Wa,-mbig-obj -c POPULATIONS//POPULATION_0008//INDIVIDUAL_HX5OFYJT/model.cpp -o POPULATIONS//POPULATION_0008//INDIVIDUAL_HX5OFYJT/model.o\ng++ -std=gnu++17 -shared -s -static-libgcc -o POPULATIONS//POPULATION_0008//INDIVIDUAL_HX5OFYJT/model.dll tmp.def POPULATIONS//POPULATION_0008//INDIVIDUAL_HX5OFYJT/model.o -LC:/rtools44/x86_64-w64-mingw32.static.posix/lib/x64 -LC:/rtools44/x86_64-w64-mingw32.static.posix/lib -LC:/Users/spi085/AppData/Local/Programs/R/R-4.4.1/bin/x64 -lR\nStarting model phases\nNumber of phases: 4 \nPhase 1 \nInitial parameter values for phase 1 :\nalpha_slow alpha_fast      gamma \n        NA         10         NA \nFinal parameter values for phase 1 :\nalpha_slow alpha_fast      gamma \n        NA         10         NA \nConvergence message: both X-convergence and relative convergence (5) \nNumber of iterations: 1 \nObjective function value: Inf \nGradient at solution for phase 1 :\n     [,1] [,2] [,3]\n[1,]    0    0    0\nPhase 2 \nInitial parameter values for phase 2 :\n        r_slow         r_fast           beta          T_opt comp_slow_fast \n            NA             NA             NA           26.3             NA \ncomp_fast_slow \n            NA \nError in model phases: NA/NaN gradient evaluation",
      "stderr": "Loading required package: TMB\nLoading required package: jsonlite\nhere() starts at C:/Users/spi085/OneDrive - CSIRO/Documents/_Projects/SCCP-QuantModelling\nusing C++ compiler: 'G__~1.EXE (GCC) 13.2.0'\nError in value[[3L]](cond) : \n  Error in model phases: NA/NaN gradient evaluation\nCalls: tryCatch -> tryCatchList -> tryCatchOne -> <Anonymous>\nIn addition: Warning messages:\n1: In nlminb(model$par, model$fn, model$gr) : NA/NaN function evaluation\n2: In nlminb(model$par, model$fn, model$gr) : NA/NaN function evaluation\n3: In nlminb(model$par, model$fn, model$gr) : NA/NaN function evaluation\nExecution halted"
    },
    "3": {
      "status": "ERROR",
      "message": "R script failed with return code 1",
      "stdout": "g++ -std=gnu++17  -I\"C:/Users/spi085/AppData/Local/Programs/R/R-4.4.1/include\" -DNDEBUG -I\"C:/Users/spi085/AppData/Local/Programs/R/R-44~1.1/library/TMB/include\" -I\"C:/Users/spi085/AppData/Local/Programs/R/R-44~1.1/library/RCPPEI~1/include\"   -DTMB_EIGEN_DISABLE_WARNINGS   -DTMB_LIB_INIT=R_init_model  -DCPPAD_FRAMEWORK    -I\"C:/rtools44/x86_64-w64-mingw32.static.posix/include\"     -O2 -Wa,-mbig-obj -c POPULATIONS//POPULATION_0008//INDIVIDUAL_HX5OFYJT/model.cpp -o POPULATIONS//POPULATION_0008//INDIVIDUAL_HX5OFYJT/model.o\ng++ -std=gnu++17 -shared -s -static-libgcc -o POPULATIONS//POPULATION_0008//INDIVIDUAL_HX5OFYJT/model.dll tmp.def POPULATIONS//POPULATION_0008//INDIVIDUAL_HX5OFYJT/model.o -LC:/rtools44/x86_64-w64-mingw32.static.posix/lib/x64 -LC:/rtools44/x86_64-w64-mingw32.static.posix/lib -LC:/Users/spi085/AppData/Local/Programs/R/R-4.4.1/bin/x64 -lR\nStarting model phases\nNumber of phases: 4 \nPhase 1 \nInitial parameter values for phase 1 :\nalpha_slow alpha_fast      gamma \n        NA         10         NA \nFinal parameter values for phase 1 :\nalpha_slow alpha_fast      gamma \n        NA         10         NA \nConvergence message: both X-convergence and relative convergence (5) \nNumber of iterations: 1 \nObjective function value: Inf \nGradient at solution for phase 1 :\n     [,1] [,2] [,3]\n[1,]    0    0    0\nPhase 2 \nInitial parameter values for phase 2 :\n        r_slow         r_fast           beta          T_opt comp_slow_fast \n            NA             NA             NA           26.3             NA \ncomp_fast_slow \n            NA \nError in model phases: NA/NaN gradient evaluation",
      "stderr": "Loading required package: TMB\nLoading required package: jsonlite\nhere() starts at C:/Users/spi085/OneDrive - CSIRO/Documents/_Projects/SCCP-QuantModelling\nusing C++ compiler: 'G__~1.EXE (GCC) 13.2.0'\nError in value[[3L]](cond) : \n  Error in model phases: NA/NaN gradient evaluation\nCalls: tryCatch -> tryCatchList -> tryCatchOne -> <Anonymous>\nIn addition: Warning messages:\n1: In nlminb(model$par, model$fn, model$gr) : NA/NaN function evaluation\n2: In nlminb(model$par, model$fn, model$gr) : NA/NaN function evaluation\n3: In nlminb(model$par, model$fn, model$gr) : NA/NaN function evaluation\nExecution halted"
    },
    "4": {
      "status": "ERROR",
      "message": "Model failed to compile.",
      "stdout": "g++ -std=gnu++17  -I\"C:/Users/spi085/AppData/Local/Programs/R/R-4.4.1/include\" -DNDEBUG -I\"C:/Users/spi085/AppData/Local/Programs/R/R-44~1.1/library/TMB/include\" -I\"C:/Users/spi085/AppData/Local/Programs/R/R-44~1.1/library/RCPPEI~1/include\"   -DTMB_EIGEN_DISABLE_WARNINGS   -DTMB_LIB_INIT=R_init_model  -DCPPAD_FRAMEWORK    -I\"C:/rtools44/x86_64-w64-mingw32.static.posix/include\"     -O2 -Wa,-mbig-obj -c POPULATIONS//POPULATION_0008//INDIVIDUAL_HX5OFYJT/model.cpp -o POPULATIONS//POPULATION_0008//INDIVIDUAL_HX5OFYJT/model.o",
      "stderr": "Loading required package: TMB\nLoading required package: jsonlite\nhere() starts at C:/Users/spi085/OneDrive - CSIRO/Documents/_Projects/SCCP-QuantModelling\nusing C++ compiler: 'G__~1.EXE (GCC) 13.2.0'\nPOPULATIONS//POPULATION_0008//INDIVIDUAL_HX5OFYJT/model.cpp: In member function 'Type objective_function<Type>::operator()()':\nPOPULATIONS//POPULATION_0008//INDIVIDUAL_HX5OFYJT/model.cpp:63:81: error: 'comp_slow_fast' was not declared in this scope\n   63 |     Type slow_growth = r_slow * slow_pred(t-1) * (Type(1.0) - (slow_pred(t-1) + comp_slow_fast * fast_pred(t-1))/K_slow);\n      |                                                                                 ^~~~~~~~~~~~~~\nPOPULATIONS//POPULATION_0008//INDIVIDUAL_HX5OFYJT/model.cpp:77:81: error: 'comp_fast_slow' was not declared in this scope\n   77 |     Type fast_growth = r_fast * fast_pred(t-1) * (Type(1.0) - (fast_pred(t-1) + comp_fast_slow * slow_pred(t-1))/K_fast);\n      |                                                                                 ^~~~~~~~~~~~~~\nmake: *** [C:/Users/spi085/AppData/Local/Programs/R/R-4.4.1/etc/x64/Makeconf:296: POPULATIONS//POPULATION_0008//INDIVIDUAL_HX5OFYJT/model.o] Error 1\nError in TMB::compile(file.path(individual_dir, model_file), flags = flags,  : \n  Compilation failed\nError: Compilation failed\nExecution halted"
    },
    "5": {
      "status": "ERROR",
      "message": "R script failed with return code 1",
      "stdout": "g++ -std=gnu++17  -I\"C:/Users/spi085/AppData/Local/Programs/R/R-4.4.1/include\" -DNDEBUG -I\"C:/Users/spi085/AppData/Local/Programs/R/R-44~1.1/library/TMB/include\" -I\"C:/Users/spi085/AppData/Local/Programs/R/R-44~1.1/library/RCPPEI~1/include\"   -DTMB_EIGEN_DISABLE_WARNINGS   -DTMB_LIB_INIT=R_init_model  -DCPPAD_FRAMEWORK    -I\"C:/rtools44/x86_64-w64-mingw32.static.posix/include\"     -O2 -Wa,-mbig-obj -c POPULATIONS//POPULATION_0008//INDIVIDUAL_HX5OFYJT/model.cpp -o POPULATIONS//POPULATION_0008//INDIVIDUAL_HX5OFYJT/model.o\ng++ -std=gnu++17 -shared -s -static-libgcc -o POPULATIONS//POPULATION_0008//INDIVIDUAL_HX5OFYJT/model.dll tmp.def POPULATIONS//POPULATION_0008//INDIVIDUAL_HX5OFYJT/model.o -LC:/rtools44/x86_64-w64-mingw32.static.posix/lib/x64 -LC:/rtools44/x86_64-w64-mingw32.static.posix/lib -LC:/Users/spi085/AppData/Local/Programs/R/R-4.4.1/bin/x64 -lR\nStarting model phases\nNumber of phases: 4 \nPhase 1 \nInitial parameter values for phase 1 :\n    alpha_slow     alpha_fast          gamma temp_threshold \n            NA             10             NA             NA \nError in model phases: NA/NaN gradient evaluation",
      "stderr": "Loading required package: TMB\nLoading required package: jsonlite\nhere() starts at C:/Users/spi085/OneDrive - CSIRO/Documents/_Projects/SCCP-QuantModelling\nusing C++ compiler: 'G__~1.EXE (GCC) 13.2.0'\nError in value[[3L]](cond) : \n  Error in model phases: NA/NaN gradient evaluation\nCalls: tryCatch -> tryCatchList -> tryCatchOne -> <Anonymous>\nIn addition: Warning message:\nIn nlminb(model$par, model$fn, model$gr) : NA/NaN function evaluation\nExecution halted"
    },
    "6": {
      "status": "ERROR",
      "message": "Model failed to compile.",
      "stdout": "g++ -std=gnu++17  -I\"C:/Users/spi085/AppData/Local/Programs/R/R-4.4.1/include\" -DNDEBUG -I\"C:/Users/spi085/AppData/Local/Programs/R/R-44~1.1/library/TMB/include\" -I\"C:/Users/spi085/AppData/Local/Programs/R/R-44~1.1/library/RCPPEI~1/include\"   -DTMB_EIGEN_DISABLE_WARNINGS   -DTMB_LIB_INIT=R_init_model  -DCPPAD_FRAMEWORK    -I\"C:/rtools44/x86_64-w64-mingw32.static.posix/include\"     -O2 -Wa,-mbig-obj -c POPULATIONS//POPULATION_0008//INDIVIDUAL_HX5OFYJT/model.cpp -o POPULATIONS//POPULATION_0008//INDIVIDUAL_HX5OFYJT/model.o",
      "stderr": "Loading required package: TMB\nLoading required package: jsonlite\nhere() starts at C:/Users/spi085/OneDrive - CSIRO/Documents/_Projects/SCCP-QuantModelling\nusing C++ compiler: 'G__~1.EXE (GCC) 13.2.0'\nPOPULATIONS//POPULATION_0008//INDIVIDUAL_HX5OFYJT/model.cpp: In member function 'Type objective_function<Type>::operator()()':\nPOPULATIONS//POPULATION_0008//INDIVIDUAL_HX5OFYJT/model.cpp:62:81: error: 'comp_slow_fast' was not declared in this scope\n   62 |     Type slow_growth = r_slow * slow_pred(t-1) * (Type(1.0) - (slow_pred(t-1) + comp_slow_fast * fast_pred(t-1))/K_slow);\n      |                                                                                 ^~~~~~~~~~~~~~\nPOPULATIONS//POPULATION_0008//INDIVIDUAL_HX5OFYJT/model.cpp:73:81: error: 'comp_fast_slow' was not declared in this scope\n   73 |     Type fast_growth = r_fast * fast_pred(t-1) * (Type(1.0) - (fast_pred(t-1) + comp_fast_slow * slow_pred(t-1))/K_fast);\n      |                                                                                 ^~~~~~~~~~~~~~\nmake: *** [C:/Users/spi085/AppData/Local/Programs/R/R-4.4.1/etc/x64/Makeconf:296: POPULATIONS//POPULATION_0008//INDIVIDUAL_HX5OFYJT/model.o] Error 1\nError in TMB::compile(file.path(individual_dir, model_file), flags = flags,  : \n  Compilation failed\nError: Compilation failed\nExecution halted"
    },
    "7": {
      "status": "BROKEN"
    }
  }
}