{
  "iterations": {
    "1": {
      "status": "ERROR",
      "message": "Model failed to compile.",
      "stdout": "g++ -std=gnu++17  -I\"C:/Users/spi085/AppData/Local/Programs/R/R-4.4.1/include\" -DNDEBUG -I\"C:/Users/spi085/AppData/Local/Programs/R/R-44~1.1/library/TMB/include\" -I\"C:/Users/spi085/AppData/Local/Programs/R/R-44~1.1/library/RCPPEI~1/include\"   -DTMB_EIGEN_DISABLE_WARNINGS   -DTMB_LIB_INIT=R_init_model  -DCPPAD_FRAMEWORK    -I\"C:/rtools44/x86_64-w64-mingw32.static.posix/include\"     -O2 -Wa,-mbig-obj -c POPULATIONS//POPULATION_0027//INDIVIDUAL_DW3KS43E/model.cpp -o POPULATIONS//POPULATION_0027//INDIVIDUAL_DW3KS43E/model.o",
      "stderr": "Loading required package: TMB\nLoading required package: jsonlite\nhere() starts at C:/Users/spi085/OneDrive - CSIRO/Documents/_Projects/SCCP-QuantModelling\nusing C++ compiler: 'G__~1.EXE (GCC) 13.2.0'\nPOPULATIONS//POPULATION_0027//INDIVIDUAL_DW3KS43E/model.cpp: In member function 'Type objective_function<Type>::operator()()':\nPOPULATIONS//POPULATION_0027//INDIVIDUAL_DW3KS43E/model.cpp:112:20: error: 'eta_base' was not declared in this scope\n  112 |       Type eta_N = eta_base + eta_max * K_N / (N + K_N + eps);\n      |                    ^~~~~~~~\nPOPULATIONS//POPULATION_0027//INDIVIDUAL_DW3KS43E/model.cpp:112:31: error: 'eta_max' was not declared in this scope; did you mean 'eta_N'?\n  112 |       Type eta_N = eta_base + eta_max * K_N / (N + K_N + eps);\n      |                               ^~~~~~~\n      |                               eta_N\nmake: *** [C:/Users/spi085/AppData/Local/Programs/R/R-4.4.1/etc/x64/Makeconf:296: POPULATIONS//POPULATION_0027//INDIVIDUAL_DW3KS43E/model.o] Error 1\nError in TMB::compile(file.path(individual_dir, model_file), flags = flags,  : \n  Compilation failed\nError: Compilation failed\nExecution halted"
    },
    "2": {
      "status": "ERROR",
      "message": "R script failed with return code 1",
      "stdout": "g++ -std=gnu++17  -I\"C:/Users/spi085/AppData/Local/Programs/R/R-4.4.1/include\" -DNDEBUG -I\"C:/Users/spi085/AppData/Local/Programs/R/R-44~1.1/library/TMB/include\" -I\"C:/Users/spi085/AppData/Local/Programs/R/R-44~1.1/library/RCPPEI~1/include\"   -DTMB_EIGEN_DISABLE_WARNINGS   -DTMB_LIB_INIT=R_init_model  -DCPPAD_FRAMEWORK    -I\"C:/rtools44/x86_64-w64-mingw32.static.posix/include\"     -O2 -Wa,-mbig-obj -c POPULATIONS//POPULATION_0027//INDIVIDUAL_DW3KS43E/model.cpp -o POPULATIONS//POPULATION_0027//INDIVIDUAL_DW3KS43E/model.o\ng++ -std=gnu++17 -shared -s -static-libgcc -o POPULATIONS//POPULATION_0027//INDIVIDUAL_DW3KS43E/model.dll tmp.def POPULATIONS//POPULATION_0027//INDIVIDUAL_DW3KS43E/model.o -LC:/rtools44/x86_64-w64-mingw32.static.posix/lib/x64 -LC:/rtools44/x86_64-w64-mingw32.static.posix/lib -LC:/Users/spi085/AppData/Local/Programs/R/R-4.4.1/bin/x64 -lR\nStarting model phases\nNumber of phases: 4 \nPhase 1 \nInitial parameter values for phase 1 :\nr_max g_max \n  1.0   0.4 \nFinal parameter values for phase 1 :\n    r_max     g_max \n0.5817284 0.7849279 \nConvergence message: relative convergence (4) \nNumber of iterations: 20 \nObjective function value: 40377.02 \nGradient at solution for phase 1 :\n             [,1]         [,2]\n[1,] -0.003014864 0.0003310123\nPhase 2 \nInitial parameter values for phase 2 :\n       K_N        K_P alpha_base  alpha_max    K_alpha      m_P_N        s_P \n      0.10       0.20       0.20       0.30       0.10       0.15       0.15 \n   s_P_max      m_Z_N        r_D      I_opt       beta        k_w        E_p \n      0.30       0.10       0.10     150.00       0.10       0.20       0.45 \n   theta_P   eta_base    eta_max \n      0.50       1.00       0.50 \nFinal parameter values for phase 2 :\n          K_N           K_P    alpha_base     alpha_max       K_alpha \n  0.094311731   0.213523464   0.192275632   0.001500736   0.123669815 \n        m_P_N           s_P       s_P_max         m_Z_N           r_D \n  0.160691171  -0.177240606   0.310691171   0.066293474   0.169399465 \n        I_opt          beta           k_w           E_p       theta_P \n150.000000000   0.100000000  -2.989280552   0.450000000   0.500000000 \n     eta_base       eta_max \n  0.379984200   1.861263936 \nConvergence message: function evaluation limit reached without convergence (9) \nNumber of iterations: 114 \nObjective function value: 404.457 \nGradient at solution for phase 2 :\n          [,1]      [,2]     [,3]     [,4]      [,5]      [,6]      [,7]\n[1,] -12852.66 -7571.151 5398.172 2396.624 -7.212618 -2602.297 -7375.581\n          [,8]      [,9]   [,10]         [,11] [,12]     [,13] [,14] [,15]\n[1,] -2602.297 -12688.13 3906.09 -1.665335e-16     0 -451.5693     0     0\n         [,16]     [,17]\n[1,] -3153.685 -1084.953\nPhase 3 \nInitial parameter values for phase 3 :\n m_P  m_Z \n0.10 0.05 \nFinal parameter values for phase 3 :\n       m_P        m_Z \n0.10076140 0.05478855 \nConvergence message: relative convergence (4) \nNumber of iterations: 18 \nObjective function value: 400.4033 \nGradient at solution for phase 3 :\n             [,1]         [,2]\n[1,] 0.0002571261 0.0002273233\nPhase 4 \nInitial parameter values for phase 4 :\nsigma_N sigma_P sigma_Z \n    0.2     0.2     0.2 \nFinal parameter values for phase 4 :\n  sigma_N   sigma_P   sigma_Z \n0.3737551 0.4064360 0.1211746 \nConvergence message: relative convergence (4) \nNumber of iterations: 21 \nObjective function value: 97.59314 \nGradient at solution for phase 4 :\n              [,1]         [,2]         [,3]\n[1,] -0.0005876695 0.0001076327 -0.002180974\nFinal Phase\nInitial parameter values for final phase:\n        r_max           K_N         g_max           K_P    alpha_base \n  0.581728444   0.094311731   0.784927947   0.213523464   0.192275632 \n    alpha_max       K_alpha           m_P         m_P_N           s_P \n  0.001500736   0.123669815   0.100761402   0.160691171  -0.177240606 \n      s_P_max           m_Z         m_Z_N           r_D       sigma_N \n  0.310691171   0.054788549   0.066293474   0.169399465   0.373755106 \n      sigma_P       sigma_Z         I_opt          beta           k_w \n  0.406436032   0.121174628 150.000000000   0.100000000  -2.989280552 \n          E_p       theta_P      eta_base       eta_max \n  0.450000000   0.500000000   0.379984200   1.861263936 \nFinal parameter values for final phase:\n        r_max           K_N         g_max           K_P    alpha_base \n  0.946224932   0.011212199   1.206027444   0.305812249   0.159495749 \n    alpha_max       K_alpha           m_P         m_P_N           s_P \n  0.022417446   0.454377064   0.272040023   0.073170449  -0.011754168 \n      s_P_max           m_Z         m_Z_N           r_D       sigma_N \n  0.223170449   0.279747742  -0.002014089   0.252981072   0.085818043 \n      sigma_P       sigma_Z         I_opt          beta           k_w \n  0.314117802   0.101156354 150.000000000   0.100000000  -3.710665561 \n          E_p       theta_P      eta_base       eta_max \n  0.450000000   0.500000000   0.660556416   1.531409776 \nConvergence message: function evaluation limit reached without convergence (9) \nNumber of iterations: 99 \nObjective function value: -241.1494 \nGradient at solution for final phase:\n          [,1]      [,2]     [,3]      [,4]     [,5]     [,6]      [,7]\n[1,] -1589.185 -10102.45 1057.268 -3204.673 4449.908 716.4018 -21.98403\n         [,8]      [,9]     [,10]     [,11]     [,12]     [,13]    [,14]\n[1,] 1570.388 -5.328522 -563.8133 -5.328522 -1585.704 -2925.931 976.0472\n        [,15]     [,16]    [,17]        [,18] [,19]     [,20] [,21] [,22]\n[1,] 60.97504 -254.5363 358.9954 1.103284e-15     0 -82.06256     0     0\n         [,23]     [,24]\n[1,] -1702.554 -247.5096\nAll phases completed",
      "stderr": "Loading required package: TMB\nLoading required package: jsonlite\nhere() starts at C:/Users/spi085/OneDrive - CSIRO/Documents/_Projects/SCCP-QuantModelling\nusing C++ compiler: 'G__~1.EXE (GCC) 13.2.0'\nWarning messages:\n1: In nlminb(model$par, model$fn, model$gr) : NA/NaN function evaluation\n2: In nlminb(model$par, model$fn, model$gr) : NA/NaN function evaluation\n3: In nlminb(model$par, model$fn, model$gr) : NA/NaN function evaluation\n4: In nlminb(model$par, model$fn, model$gr) : NA/NaN function evaluation\n5: In nlminb(model$par, model$fn, model$gr) : NA/NaN function evaluation\n6: In nlminb(model$par, model$fn, model$gr) : NA/NaN function evaluation\n7: In nlminb(model$par, model$fn, model$gr) : NA/NaN function evaluation\n8: In nlminb(model$par, model$fn, model$gr) : NA/NaN function evaluation\n9: In nlminb(model$par, model$fn, model$gr) : NA/NaN function evaluation\n10: In nlminb(model$par, model$fn, model$gr) : NA/NaN function evaluation\nError in `$<-.data.frame`(`*tmp*`, \"found_value\", value = c(NA, NA, 0.946224931597991 : \n  replacement has 3 rows, data has 25\nCalls: $<- -> $<-.data.frame\nExecution halted"
    },
    "3": {
      "status": "ERROR",
      "message": "R script failed with return code 1",
      "stdout": "g++ -std=gnu++17  -I\"C:/Users/spi085/AppData/Local/Programs/R/R-4.4.1/include\" -DNDEBUG -I\"C:/Users/spi085/AppData/Local/Programs/R/R-44~1.1/library/TMB/include\" -I\"C:/Users/spi085/AppData/Local/Programs/R/R-44~1.1/library/RCPPEI~1/include\"   -DTMB_EIGEN_DISABLE_WARNINGS   -DTMB_LIB_INIT=R_init_model  -DCPPAD_FRAMEWORK    -I\"C:/rtools44/x86_64-w64-mingw32.static.posix/include\"     -O2 -Wa,-mbig-obj -c POPULATIONS//POPULATION_0027//INDIVIDUAL_DW3KS43E/model.cpp -o POPULATIONS//POPULATION_0027//INDIVIDUAL_DW3KS43E/model.o\ng++ -std=gnu++17 -shared -s -static-libgcc -o POPULATIONS//POPULATION_0027//INDIVIDUAL_DW3KS43E/model.dll tmp.def POPULATIONS//POPULATION_0027//INDIVIDUAL_DW3KS43E/model.o -LC:/rtools44/x86_64-w64-mingw32.static.posix/lib/x64 -LC:/rtools44/x86_64-w64-mingw32.static.posix/lib -LC:/Users/spi085/AppData/Local/Programs/R/R-4.4.1/bin/x64 -lR",
      "stderr": "Loading required package: TMB\nLoading required package: jsonlite\nhere() starts at C:/Users/spi085/OneDrive - CSIRO/Documents/_Projects/SCCP-QuantModelling\nusing C++ compiler: 'G__~1.EXE (GCC) 13.2.0'\nC:\\rtools44\\x86_64-w64-mingw32.static.posix\\bin/ld.exe: cannot export _ZN5Eigen5ArrayIN5CppAD2ADINS2_INS2_IdEEEEEELin1ELi1ELi0ELin1ELi1EEC2IxEERKT_: symbol not defined\ncollect2.exe: error: ld returned 1 exit status\nError in inDL(x, as.logical(local), as.logical(now), ...) : \n  unable to load shared object 'C:/Users/spi085/OneDrive - CSIRO/Documents/_Projects/SCCP-QuantModelling/POPULATIONS//POPULATION_0027//INDIVIDUAL_DW3KS43E/model.dll':\n  LoadLibrary failure:  The specified module could not be found.\nCalls: dyn.load -> inDL\nExecution halted"
    },
    "4": {
      "status": "ERROR",
      "message": "Model failed to compile.",
      "stdout": "g++ -std=gnu++17  -I\"C:/Users/spi085/AppData/Local/Programs/R/R-4.4.1/include\" -DNDEBUG -I\"C:/Users/spi085/AppData/Local/Programs/R/R-44~1.1/library/TMB/include\" -I\"C:/Users/spi085/AppData/Local/Programs/R/R-44~1.1/library/RCPPEI~1/include\"   -DTMB_EIGEN_DISABLE_WARNINGS   -DTMB_LIB_INIT=R_init_model  -DCPPAD_FRAMEWORK    -I\"C:/rtools44/x86_64-w64-mingw32.static.posix/include\"     -O2 -Wa,-mbig-obj -c POPULATIONS//POPULATION_0027//INDIVIDUAL_DW3KS43E/model.cpp -o POPULATIONS//POPULATION_0027//INDIVIDUAL_DW3KS43E/model.o",
      "stderr": "Loading required package: TMB\nLoading required package: jsonlite\nhere() starts at C:/Users/spi085/OneDrive - CSIRO/Documents/_Projects/SCCP-QuantModelling\nusing C++ compiler: 'G__~1.EXE (GCC) 13.2.0'\nPOPULATIONS//POPULATION_0027//INDIVIDUAL_DW3KS43E/model.cpp: In instantiation of 'Type objective_function<Type>::operator()() [with Type = CppAD::AD<double>]':\nC:/Users/spi085/AppData/Local/Programs/R/R-4.4.1/library/TMB/include/tmb_core.hpp:1308:6:   required from here\nPOPULATIONS//POPULATION_0027//INDIVIDUAL_DW3KS43E/model.cpp:115:18: error: no matching function for call to 'min(CppAD::AD<double>, CppAD::AD<double>&)'\n  115 |       eta_N = min(Type(2.0), eta_N); // Cap maximum efficiency\n      |               ~~~^~~~~~~~~~~~~~~~~~\nIn file included from C:/Users/spi085/AppData/Local/Programs/R/R-4.4.1/library/TMB/include/TMB.hpp:215,\n                 from POPULATIONS//POPULATION_0027//INDIVIDUAL_DW3KS43E/model.cpp:1:\nC:/Users/spi085/AppData/Local/Programs/R/R-4.4.1/library/TMB/include/convenience.hpp:156:6: note: candidate: 'template<class Type> Type min(const tmbutils::vector<Type>&)'\n  156 | Type min(const vector<Type> &x)\n      |      ^~~\nC:/Users/spi085/AppData/Local/Programs/R/R-4.4.1/library/TMB/include/convenience.hpp:156:6: note:   template argument deduction/substitution failed:\nPOPULATIONS//POPULATION_0027//INDIVIDUAL_DW3KS43E/model.cpp:115:18: note:   'CppAD::AD<double>' is not derived from 'const tmbutils::vector<Type>'\n  115 |       eta_N = min(Type(2.0), eta_N); // Cap maximum efficiency\n      |               ~~~^~~~~~~~~~~~~~~~~~\nPOPULATIONS//POPULATION_0027//INDIVIDUAL_DW3KS43E/model.cpp:128:33: error: no matching function for call to 'min(CppAD::AD<double>, CppAD::AD<double>)'\n  128 |       Type nutrient_stress = min(Type(0.5), m_P_N * K_N / (N + K_N + eps));\n      |                              ~~~^~~~~~~~~~~~~~~~~~~~~~~~~~~~~~~~~~~~~~~~~~\nC:/Users/spi085/AppData/Local/Programs/R/R-4.4.1/library/TMB/include/convenience.hpp:156:6: note: candidate: 'template<class Type> Type min(const tmbutils::vector<Type>&)'\n  156 | Type min(const vector<Type> &x)\n      |      ^~~\nC:/Users/spi085/AppData/Local/Programs/R/R-4.4.1/library/TMB/include/convenience.hpp:156:6: note:   template argument deduction/substitution failed:\nPOPULATIONS//POPULATION_0027//INDIVIDUAL_DW3KS43E/model.cpp:128:33: note:   'CppAD::AD<double>' is not derived from 'const tmbutils::vector<Type>'\n  128 |       Type nutrient_stress = min(Type(0.5), m_P_N * K_N / (N + K_N + eps));\n      |                              ~~~^~~~~~~~~~~~~~~~~~~~~~~~~~~~~~~~~~~~~~~~~~\nPOPULATIONS//POPULATION_0027//INDIVIDUAL_DW3KS43E/model.cpp:130:31: error: no matching function for call to 'max(CppAD::AD<double>, CppAD::AD<double>&)'\n  130 |       Type s_P_effective = max(Type(0.0), s_P);\n      |                            ~~~^~~~~~~~~~~~~~~~\nC:/Users/spi085/AppData/Local/Programs/R/R-4.4.1/library/TMB/include/convenience.hpp:145:6: note: candidate: 'template<class Type> Type max(const tmbutils::vector<Type>&)'\n  145 | Type max(const vector<Type> &x)\n      |      ^~~\nC:/Users/spi085/AppData/Local/Programs/R/R-4.4.1/library/TMB/include/convenience.hpp:145:6: note:   template argument deduction/substitution failed:\nPOPULATIONS//POPULATION_0027//INDIVIDUAL_DW3KS43E/model.cpp:130:31: note:   'CppAD::AD<double>' is not derived from 'const tmbutils::vector<Type>'\n  130 |       Type s_P_effective = max(Type(0.0), s_P);\n      |                            ~~~^~~~~~~~~~~~~~~~\nPOPULATIONS//POPULATION_0027//INDIVIDUAL_DW3KS43E/model.cpp: In instantiation of 'Type objective_function<Type>::operator()() [with Type = double]':\nC:/Users/spi085/AppData/Local/Programs/R/R-4.4.1/library/TMB/include/tmb_core.hpp:2031:7:   required from here\nPOPULATIONS//POPULATION_0027//INDIVIDUAL_DW3KS43E/model.cpp:115:18: error: no matching function for call to 'min(double, double&)'\n  115 |       eta_N = min(Type(2.0), eta_N); // Cap maximum efficiency\n      |               ~~~^~~~~~~~~~~~~~~~~~\nC:/Users/spi085/AppData/Local/Programs/R/R-4.4.1/library/TMB/include/convenience.hpp:156:6: note: candidate: 'template<class Type> Type min(const tmbutils::vector<Type>&)'\n  156 | Type min(const vector<Type> &x)\n      |      ^~~\nC:/Users/spi085/AppData/Local/Programs/R/R-4.4.1/library/TMB/include/convenience.hpp:156:6: note:   template argument deduction/substitution failed:\nPOPULATIONS//POPULATION_0027//INDIVIDUAL_DW3KS43E/model.cpp:115:18: note:   mismatched types 'const tmbutils::vector<Type>' and 'double'\n  115 |       eta_N = min(Type(2.0), eta_N); // Cap maximum efficiency\n      |               ~~~^~~~~~~~~~~~~~~~~~\nPOPULATIONS//POPULATION_0027//INDIVIDUAL_DW3KS43E/model.cpp:128:33: error: no matching function for call to 'min(double, double)'\n  128 |       Type nutrient_stress = min(Type(0.5), m_P_N * K_N / (N + K_N + eps));\n      |                              ~~~^~~~~~~~~~~~~~~~~~~~~~~~~~~~~~~~~~~~~~~~~~\nC:/Users/spi085/AppData/Local/Programs/R/R-4.4.1/library/TMB/include/convenience.hpp:156:6: note: candidate: 'template<class Type> Type min(const tmbutils::vector<Type>&)'\n  156 | Type min(const vector<Type> &x)\n      |      ^~~\nC:/Users/spi085/AppData/Local/Programs/R/R-4.4.1/library/TMB/include/convenience.hpp:156:6: note:   template argument deduction/substitution failed:\nPOPULATIONS//POPULATION_0027//INDIVIDUAL_DW3KS43E/model.cpp:128:33: note:   mismatched types 'const tmbutils::vector<Type>' and 'double'\n  128 |       Type nutrient_stress = min(Type(0.5), m_P_N * K_N / (N + K_N + eps));\n      |                              ~~~^~~~~~~~~~~~~~~~~~~~~~~~~~~~~~~~~~~~~~~~~~\nPOPULATIONS//POPULATION_0027//INDIVIDUAL_DW3KS43E/model.cpp:130:31: error: no matching function for call to 'max(double, double&)'\n  130 |       Type s_P_effective = max(Type(0.0), s_P);\n      |                            ~~~^~~~~~~~~~~~~~~~\nC:/Users/spi085/AppData/Local/Programs/R/R-4.4.1/library/TMB/include/convenience.hpp:145:6: note: candidate: 'template<class Type> Type max(const tmbutils::vector<Type>&)'\n  145 | Type max(const vector<Type> &x)\n      |      ^~~\nC:/Users/spi085/AppData/Local/Programs/R/R-4.4.1/library/TMB/include/convenience.hpp:145:6: note:   template argument deduction/substitution failed:\nPOPULATIONS//POPULATION_0027//INDIVIDUAL_DW3KS43E/model.cpp:130:31: note:   mismatched types 'const tmbutils::vector<Type>' and 'double'\n  130 |       Type s_P_effective = max(Type(0.0), s_P);\n      |                            ~~~^~~~~~~~~~~~~~~~\nPOPULATIONS//POPULATION_0027//INDIVIDUAL_DW3KS43E/model.cpp: In instantiation of 'Type objective_function<Type>::operator()() [with Type = CppAD::AD<CppAD::AD<double> >]':\nC:/Users/spi085/AppData/Local/Programs/R/R-4.4.1/library/TMB/include/tmb_core.hpp:913:29:   required from 'Type objective_function<Type>::evalUserTemplate() [with Type = CppAD::AD<CppAD::AD<double> >]'\nC:/Users/spi085/AppData/Local/Programs/R/R-4.4.1/library/TMB/include/tmb_core.hpp:2112:26:   required from here\nPOPULATIONS//POPULATION_0027//INDIVIDUAL_DW3KS43E/model.cpp:115:18: error: no matching function for call to 'min(CppAD::AD<CppAD::AD<double> >, CppAD::AD<CppAD::AD<double> >&)'\n  115 |       eta_N = min(Type(2.0), eta_N); // Cap maximum efficiency\n      |               ~~~^~~~~~~~~~~~~~~~~~\nC:/Users/spi085/AppData/Local/Programs/R/R-4.4.1/library/TMB/include/convenience.hpp:156:6: note: candidate: 'template<class Type> Type min(const tmbutils::vector<Type>&)'\n  156 | Type min(const vector<Type> &x)\n      |      ^~~\nC:/Users/spi085/AppData/Local/Programs/R/R-4.4.1/library/TMB/include/convenience.hpp:156:6: note:   template argument deduction/substitution failed:\nPOPULATIONS//POPULATION_0027//INDIVIDUAL_DW3KS43E/model.cpp:115:18: note:   'CppAD::AD<CppAD::AD<double> >' is not derived from 'const tmbutils::vector<Type>'\n  115 |       eta_N = min(Type(2.0), eta_N); // Cap maximum efficiency\n      |               ~~~^~~~~~~~~~~~~~~~~~\nPOPULATIONS//POPULATION_0027//INDIVIDUAL_DW3KS43E/model.cpp:128:33: error: no matching function for call to 'min(CppAD::AD<CppAD::AD<double> >, CppAD::AD<CppAD::AD<double> >)'\n  128 |       Type nutrient_stress = min(Type(0.5), m_P_N * K_N / (N + K_N + eps));\n      |                              ~~~^~~~~~~~~~~~~~~~~~~~~~~~~~~~~~~~~~~~~~~~~~\nC:/Users/spi085/AppData/Local/Programs/R/R-4.4.1/library/TMB/include/convenience.hpp:156:6: note: candidate: 'template<class Type> Type min(const tmbutils::vector<Type>&)'\n  156 | Type min(const vector<Type> &x)\n      |      ^~~\nC:/Users/spi085/AppData/Local/Programs/R/R-4.4.1/library/TMB/include/convenience.hpp:156:6: note:   template argument deduction/substitution failed:\nPOPULATIONS//POPULATION_0027//INDIVIDUAL_DW3KS43E/model.cpp:128:33: note:   'CppAD::AD<CppAD::AD<double> >' is not derived from 'const tmbutils::vector<Type>'\n  128 |       Type nutrient_stress = min(Type(0.5), m_P_N * K_N / (N + K_N + eps));\n      |                              ~~~^~~~~~~~~~~~~~~~~~~~~~~~~~~~~~~~~~~~~~~~~~\nPOPULATIONS//POPULATION_0027//INDIVIDUAL_DW3KS43E/model.cpp:130:31: error: no matching function for call to 'max(CppAD::AD<CppAD::AD<double> >, CppAD::AD<CppAD::AD<double> >&)'\n  130 |       Type s_P_effective = max(Type(0.0), s_P);\n      |                            ~~~^~~~~~~~~~~~~~~~\nC:/Users/spi085/AppData/Local/Programs/R/R-4.4.1/library/TMB/include/convenience.hpp:145:6: note: candidate: 'template<class Type> Type max(const tmbutils::vector<Type>&)'\n  145 | Type max(const vector<Type> &x)\n      |      ^~~\nC:/Users/spi085/AppData/Local/Programs/R/R-4.4.1/library/TMB/include/convenience.hpp:145:6: note:   template argument deduction/substitution failed:\nPOPULATIONS//POPULATION_0027//INDIVIDUAL_DW3KS43E/model.cpp:130:31: note:   'CppAD::AD<CppAD::AD<double> >' is not derived from 'const tmbutils::vector<Type>'\n  130 |       Type s_P_effective = max(Type(0.0), s_P);\n      |                            ~~~^~~~~~~~~~~~~~~~\nPOPULATIONS//POPULATION_0027//INDIVIDUAL_DW3KS43E/model.cpp: In instantiation of 'Type objective_function<Type>::operator()() [with Type = CppAD::AD<CppAD::AD<CppAD::AD<double> > >]':\nC:/Users/spi085/AppData/Local/Programs/R/R-4.4.1/library/TMB/include/tmb_core.hpp:913:29:   required from 'Type objective_function<Type>::evalUserTemplate() [with Type = CppAD::AD<CppAD::AD<CppAD::AD<double> > >]'\nC:/Users/spi085/AppData/Local/Programs/R/R-4.4.1/library/TMB/include/tmb_core.hpp:2361:28:   required from here\nPOPULATIONS//POPULATION_0027//INDIVIDUAL_DW3KS43E/model.cpp:115:18: error: no matching function for call to 'min(CppAD::AD<CppAD::AD<CppAD::AD<double> > >, CppAD::AD<CppAD::AD<CppAD::AD<double> > >&)'\n  115 |       eta_N = min(Type(2.0), eta_N); // Cap maximum efficiency\n      |               ~~~^~~~~~~~~~~~~~~~~~\nC:/Users/spi085/AppData/Local/Programs/R/R-4.4.1/library/TMB/include/convenience.hpp:156:6: note: candidate: 'template<class Type> Type min(const tmbutils::vector<Type>&)'\n  156 | Type min(const vector<Type> &x)\n      |      ^~~\nC:/Users/spi085/AppData/Local/Programs/R/R-4.4.1/library/TMB/include/convenience.hpp:156:6: note:   template argument deduction/substitution failed:\nPOPULATIONS//POPULATION_0027//INDIVIDUAL_DW3KS43E/model.cpp:115:18: note:   'CppAD::AD<CppAD::AD<CppAD::AD<double> > >' is not derived from 'const tmbutils::vector<Type>'\n  115 |       eta_N = min(Type(2.0), eta_N); // Cap maximum efficiency\n      |               ~~~^~~~~~~~~~~~~~~~~~\nPOPULATIONS//POPULATION_0027//INDIVIDUAL_DW3KS43E/model.cpp:128:33: error: no matching function for call to 'min(CppAD::AD<CppAD::AD<CppAD::AD<double> > >, CppAD::AD<CppAD::AD<CppAD::AD<double> > >)'\n  128 |       Type nutrient_stress = min(Type(0.5), m_P_N * K_N / (N + K_N + eps));\n      |                              ~~~^~~~~~~~~~~~~~~~~~~~~~~~~~~~~~~~~~~~~~~~~~\nC:/Users/spi085/AppData/Local/Programs/R/R-4.4.1/library/TMB/include/convenience.hpp:156:6: note: candidate: 'template<class Type> Type min(const tmbutils::vector<Type>&)'\n  156 | Type min(const vector<Type> &x)\n      |      ^~~\nC:/Users/spi085/AppData/Local/Programs/R/R-4.4.1/library/TMB/include/convenience.hpp:156:6: note:   template argument deduction/substitution failed:\nPOPULATIONS//POPULATION_0027//INDIVIDUAL_DW3KS43E/model.cpp:128:33: note:   'CppAD::AD<CppAD::AD<CppAD::AD<double> > >' is not derived from 'const tmbutils::vector<Type>'\n  128 |       Type nutrient_stress = min(Type(0.5), m_P_N * K_N / (N + K_N + eps));\n      |                              ~~~^~~~~~~~~~~~~~~~~~~~~~~~~~~~~~~~~~~~~~~~~~\nPOPULATIONS//POPULATION_0027//INDIVIDUAL_DW3KS43E/model.cpp:130:31: error: no matching function for call to 'max(CppAD::AD<CppAD::AD<CppAD::AD<double> > >, CppAD::AD<CppAD::AD<CppAD::AD<double> > >&)'\n  130 |       Type s_P_effective = max(Type(0.0), s_P);\n      |                            ~~~^~~~~~~~~~~~~~~~\nC:/Users/spi085/AppData/Local/Programs/R/R-4.4.1/library/TMB/include/convenience.hpp:145:6: note: candidate: 'template<class Type> Type max(const tmbutils::vector<Type>&)'\n  145 | Type max(const vector<Type> &x)\n      |      ^~~\nC:/Users/spi085/AppData/Local/Programs/R/R-4.4.1/library/TMB/include/convenience.hpp:145:6: note:   template argument deduction/substitution failed:\nPOPULATIONS//POPULATION_0027//INDIVIDUAL_DW3KS43E/model.cpp:130:31: note:   'CppAD::AD<CppAD::AD<CppAD::AD<double> > >' is not derived from 'const tmbutils::vector<Type>'\n  130 |       Type s_P_effective = max(Type(0.0), s_P);\n      |                            ~~~^~~~~~~~~~~~~~~~\nmake: *** [C:/Users/spi085/AppData/Local/Programs/R/R-4.4.1/etc/x64/Makeconf:296: POPULATIONS//POPULATION_0027//INDIVIDUAL_DW3KS43E/model.o] Error 1\nError in TMB::compile(file.path(individual_dir, model_file), flags = flags,  : \n  Compilation failed\nError: Compilation failed\nExecution halted"
    },
    "5": {
      "status": "ERROR",
      "message": "R script failed with return code 1",
      "stdout": "g++ -std=gnu++17  -I\"C:/Users/spi085/AppData/Local/Programs/R/R-4.4.1/include\" -DNDEBUG -I\"C:/Users/spi085/AppData/Local/Programs/R/R-44~1.1/library/TMB/include\" -I\"C:/Users/spi085/AppData/Local/Programs/R/R-44~1.1/library/RCPPEI~1/include\"   -DTMB_EIGEN_DISABLE_WARNINGS   -DTMB_LIB_INIT=R_init_model  -DCPPAD_FRAMEWORK    -I\"C:/rtools44/x86_64-w64-mingw32.static.posix/include\"     -O2 -Wa,-mbig-obj -c POPULATIONS//POPULATION_0027//INDIVIDUAL_DW3KS43E/model.cpp -o POPULATIONS//POPULATION_0027//INDIVIDUAL_DW3KS43E/model.o\ng++ -std=gnu++17 -shared -s -static-libgcc -o POPULATIONS//POPULATION_0027//INDIVIDUAL_DW3KS43E/model.dll tmp.def POPULATIONS//POPULATION_0027//INDIVIDUAL_DW3KS43E/model.o -LC:/rtools44/x86_64-w64-mingw32.static.posix/lib/x64 -LC:/rtools44/x86_64-w64-mingw32.static.posix/lib -LC:/Users/spi085/AppData/Local/Programs/R/R-4.4.1/bin/x64 -lR\nStarting model phases\nNumber of phases: 4 \nPhase 1 \nInitial parameter values for phase 1 :\nr_max g_max \n  1.0   0.4 \nFinal parameter values for phase 1 :\n    r_max     g_max \n0.5817284 0.7849279 \nConvergence message: relative convergence (4) \nNumber of iterations: 20 \nObjective function value: 40377.02 \nGradient at solution for phase 1 :\n            [,1]         [,2]\n[1,] -0.00301488 0.0003310146\nPhase 2 \nInitial parameter values for phase 2 :\n       K_N        K_P alpha_base  alpha_max    K_alpha      m_P_N        s_P \n      0.10       0.20       0.20       0.30       0.10       0.15       0.15 \n   s_P_max      m_Z_N        r_D      I_opt       beta        k_w        E_p \n      0.30       0.10       0.10     150.00       0.10       0.20       0.45 \n   theta_P   eta_base    eta_max \n      0.50       1.00       0.50 \nFinal parameter values for phase 2 :\n          K_N           K_P    alpha_base     alpha_max       K_alpha \n  0.271319136   0.411063082   0.370418938   0.008662899   0.021828872 \n        m_P_N           s_P       s_P_max         m_Z_N           r_D \n -0.108221001  -9.507707986   0.041778999   0.040973156   0.030461051 \n        I_opt          beta           k_w           E_p       theta_P \n150.000000000   0.100000000   0.023223934   0.450000000   0.500000000 \n     eta_base       eta_max \n -0.380279650   2.409337406 \nConvergence message: function evaluation limit reached without convergence (9) \nNumber of iterations: 137 \nObjective function value: -4.834156 \nGradient at solution for phase 2 :\n         [,1]     [,2]      [,3]      [,4]     [,5]     [,6] [,7]     [,8]\n[1,] 37.92327 87.13529 -61.17788 -10.35942 3.050373 187.4411    0 187.4411\n         [,9]     [,10]         [,11] [,12]     [,13] [,14] [,15]    [,16]\n[1,] 760.6359 -764.5849 -1.325979e-16     0 0.5007659     0     0 44.49709\n        [,17]\n[1,] 25.01197\nPhase 3 \nInitial parameter values for phase 3 :\n m_P  m_Z \n0.10 0.05 \nFinal parameter values for phase 3 :\n       m_P        m_Z \n0.09743248 0.04743150 \nConvergence message: relative convergence (4) \nNumber of iterations: 15 \nObjective function value: -8.581879 \nGradient at solution for phase 3 :\n            [,1]       [,2]\n[1,] -0.03265052 0.03927098\nPhase 4 \nInitial parameter values for phase 4 :\nsigma_N sigma_P sigma_Z \n    0.2     0.2     0.2 \nFinal parameter values for phase 4 :\n  sigma_N   sigma_P   sigma_Z \n0.1618373 0.3300738 0.1031548 \nConvergence message: relative convergence (4) \nNumber of iterations: 31 \nObjective function value: -134.1903 \nGradient at solution for phase 4 :\n              [,1]         [,2]        [,3]\n[1,] -0.0008073222 -0.003093089 0.002975046\nFinal Phase\nInitial parameter values for final phase:\n        r_max           K_N         g_max           K_P    alpha_base \n  0.581728444   0.271319136   0.784927947   0.411063082   0.370418938 \n    alpha_max       K_alpha           m_P         m_P_N           s_P \n  0.008662899   0.021828872   0.097432479  -0.108221001  -9.507707986 \n      s_P_max           m_Z         m_Z_N           r_D       sigma_N \n  0.041778999   0.047431502   0.040973156   0.030461051   0.161837299 \n      sigma_P       sigma_Z         I_opt          beta           k_w \n  0.330073756   0.103154759 150.000000000   0.100000000   0.023223934 \n          E_p       theta_P      eta_base       eta_max \n  0.450000000   0.500000000  -0.380279650   2.409337406 \nFinal parameter values for final phase:\n        r_max           K_N         g_max           K_P    alpha_base \n  0.581443722   0.281039251   0.700350816   0.297623836   0.270202984 \n    alpha_max       K_alpha           m_P         m_P_N           s_P \n  0.002853820   0.042531559   0.073721105  -0.099897022  -9.507707986 \n      s_P_max           m_Z         m_Z_N           r_D       sigma_N \n  0.050102978   0.040566064   0.036116109   0.030391164   0.128118880 \n      sigma_P       sigma_Z         I_opt          beta           k_w \n  0.323357865   0.062426213 150.000000000   0.100000000   0.008226392 \n          E_p       theta_P      eta_base       eta_max \n  0.450000000   0.500000000  -0.386791899   2.413992319 \nConvergence message: function evaluation limit reached without convergence (9) \nNumber of iterations: 80 \nObjective function value: -240.5953 \nGradient at solution for final phase:\n          [,1]      [,2]     [,3]      [,4]     [,5]     [,6]      [,7]\n[1,] -1556.748 -696.1278 786.7047 -1322.746 506.7045 35.08207 -6.862777\n         [,8]      [,9] [,10]     [,11]     [,12]     [,13]   [,14]     [,15]\n[1,] 3133.991 -578.4753     0 -578.4753 -457.6431 -6259.199 7355.54 -57.20045\n        [,16]     [,17]        [,18] [,19]     [,20] [,21] [,22]     [,23]\n[1,] 31.98658 -867.8399 3.122502e-17     0 -1.125294     0     0 -1011.579\n         [,24]\n[1,] -536.8243\nAll phases completed",
      "stderr": "Loading required package: TMB\nLoading required package: jsonlite\nhere() starts at C:/Users/spi085/OneDrive - CSIRO/Documents/_Projects/SCCP-QuantModelling\nusing C++ compiler: 'G__~1.EXE (GCC) 13.2.0'\nThere were 20 warnings (use warnings() to see them)\nError in `$<-.data.frame`(`*tmp*`, \"found_value\", value = c(NA, NA, 0.581443722331809 : \n  replacement has 3 rows, data has 25\nCalls: $<- -> $<-.data.frame\nExecution halted"
    },
    "6": {
      "status": "ERROR",
      "message": "R script failed with return code 1",
      "stdout": "g++ -std=gnu++17  -I\"C:/Users/spi085/AppData/Local/Programs/R/R-4.4.1/include\" -DNDEBUG -I\"C:/Users/spi085/AppData/Local/Programs/R/R-44~1.1/library/TMB/include\" -I\"C:/Users/spi085/AppData/Local/Programs/R/R-44~1.1/library/RCPPEI~1/include\"   -DTMB_EIGEN_DISABLE_WARNINGS   -DTMB_LIB_INIT=R_init_model  -DCPPAD_FRAMEWORK    -I\"C:/rtools44/x86_64-w64-mingw32.static.posix/include\"     -O2 -Wa,-mbig-obj -c POPULATIONS//POPULATION_0027//INDIVIDUAL_DW3KS43E/model.cpp -o POPULATIONS//POPULATION_0027//INDIVIDUAL_DW3KS43E/model.o\ng++ -std=gnu++17 -shared -s -static-libgcc -o POPULATIONS//POPULATION_0027//INDIVIDUAL_DW3KS43E/model.dll tmp.def POPULATIONS//POPULATION_0027//INDIVIDUAL_DW3KS43E/model.o -LC:/rtools44/x86_64-w64-mingw32.static.posix/lib/x64 -LC:/rtools44/x86_64-w64-mingw32.static.posix/lib -LC:/Users/spi085/AppData/Local/Programs/R/R-4.4.1/bin/x64 -lR\nStarting model phases\nNumber of phases: 4 \nPhase 1 \nInitial parameter values for phase 1 :\nr_max g_max \n  1.0   0.4 \nFinal parameter values for phase 1 :\n    r_max     g_max \n0.5817285 0.7849280 \nConvergence message: relative convergence (4) \nNumber of iterations: 20 \nObjective function value: 40381 \nGradient at solution for phase 1 :\n             [,1]         [,2]\n[1,] -0.003556269 0.0003957335\nPhase 2 \nInitial parameter values for phase 2 :\n       K_N        K_P alpha_base  alpha_max    K_alpha      m_P_N        s_P \n      0.10       0.20       0.20       0.30       0.10       0.15       0.15 \n   s_P_max      m_Z_N        r_D      I_opt       beta        k_w        E_p \n      0.30       0.10       0.10     150.00       0.10       0.20       0.45 \n   theta_P   eta_base    eta_max \n      0.50       1.00       0.50 \nFinal parameter values for phase 2 :\n          K_N           K_P    alpha_base     alpha_max       K_alpha \n 9.197952e-02  2.299411e-01  1.245932e-01  1.269025e-01  7.671927e-04 \n        m_P_N           s_P       s_P_max         m_Z_N           r_D \n 5.454530e-02  7.982902e-04 -1.071726e-01  8.746971e-02  6.070113e-02 \n        I_opt          beta           k_w           E_p       theta_P \n 1.500000e+02  1.000000e-01  1.938738e-01  4.500000e-01  5.000000e-01 \n     eta_base       eta_max \n 6.613714e-01  3.050092e-01 \nConvergence message: function evaluation limit reached without convergence (9) \nNumber of iterations: 124 \nObjective function value: 368.7014 \nGradient at solution for phase 2 :\n          [,1]      [,2]    [,3]     [,4]      [,5]     [,6]      [,7]     [,8]\n[1,] -2908.018 -3713.878 824.633 852.7463 -900.5275 988.3737 -3125.564 986.7003\n         [,9]    [,10]         [,11] [,12]     [,13] [,14] [,15]     [,16]\n[1,] -2768.44 2893.263 -2.602085e-16     0 -16.32428     0     0 -159.9831\n       [,17]\n[1,] -79.213\nPhase 3 \nInitial parameter values for phase 3 :\n m_P  m_Z \n0.10 0.05 \nFinal parameter values for phase 3 :\n       m_P        m_Z \n0.08296469 0.04538416 \nConvergence message: relative convergence (4) \nNumber of iterations: 13 \nObjective function value: 329.8287 \nGradient at solution for phase 3 :\n            [,1]        [,2]\n[1,] -0.01050536 0.008364969\nPhase 4 \nInitial parameter values for phase 4 :\nsigma_N sigma_P sigma_Z \n    0.2     0.2     0.2 \nFinal parameter values for phase 4 :\n  sigma_N   sigma_P   sigma_Z \n0.2934378 0.4222742 0.1366869 \nConvergence message: relative convergence (4) \nNumber of iterations: 24 \nObjective function value: 94.77346 \nGradient at solution for phase 4 :\n            [,1]          [,2]         [,3]\n[1,] 0.001039885 -0.0001271862 0.0005531378\nFinal Phase\nInitial parameter values for final phase:\n        r_max           K_N         g_max           K_P    alpha_base \n 5.817285e-01  9.197952e-02  7.849280e-01  2.299411e-01  1.245932e-01 \n    alpha_max       K_alpha           m_P         m_P_N           s_P \n 1.269025e-01  7.671927e-04  8.296469e-02  5.454530e-02  7.982902e-04 \n      s_P_max           m_Z         m_Z_N           r_D       sigma_N \n-1.071726e-01  4.538416e-02  8.746971e-02  6.070113e-02  2.934378e-01 \n      sigma_P       sigma_Z         I_opt          beta           k_w \n 4.222742e-01  1.366869e-01  1.500000e+02  1.000000e-01  1.938738e-01 \n          E_p       theta_P      eta_base       eta_max \n 4.500000e-01  5.000000e-01  6.613714e-01  3.050092e-01 \nFinal parameter values for final phase:\n        r_max           K_N         g_max           K_P    alpha_base \n  0.666524770   0.167413693   0.804465090   0.324857387   0.235316492 \n    alpha_max       K_alpha           m_P         m_P_N           s_P \n  0.049611174   0.006971387   0.065055640   0.048588813   0.023892431 \n      s_P_max           m_Z         m_Z_N           r_D       sigma_N \n -0.154285351   0.030972206   0.053934215   0.031053032   0.107230520 \n      sigma_P       sigma_Z         I_opt          beta           k_w \n  0.302000645   0.088831599 150.000000000   0.100000000  -0.600933824 \n          E_p       theta_P      eta_base       eta_max \n  0.450000000   0.500000000   0.291706079   0.845536360 \nConvergence message: function evaluation limit reached without convergence (9) \nNumber of iterations: 115 \nObjective function value: -241.1562 \nGradient at solution for final phase:\n         [,1]      [,2]     [,3]      [,4]     [,5]     [,6]      [,7]    [,8]\n[1,] 252.5676 -62.90075 255.6236 -313.3062 504.0837 503.7425 -221.8954 258.911\n       [,9]    [,10]    [,11]     [,12]   [,13]     [,14]    [,15]     [,16]\n[1,] 1081.4 808.3146 1081.902 -42.20154 551.088 -710.4993 93.10385 -105.9901\n         [,17]       [,18] [,19]    [,20] [,21] [,22]    [,23]    [,24]\n[1,] -4.938761 8.84709e-17     0 13.89576     0     0 320.2445 87.63544\nAll phases completed",
      "stderr": "Loading required package: TMB\nLoading required package: jsonlite\nhere() starts at C:/Users/spi085/OneDrive - CSIRO/Documents/_Projects/SCCP-QuantModelling\nusing C++ compiler: 'G__~1.EXE (GCC) 13.2.0'\nThere were 42 warnings (use warnings() to see them)\nError in `$<-.data.frame`(`*tmp*`, \"found_value\", value = c(NA, NA, 0.66652477002682 : \n  replacement has 3 rows, data has 25\nCalls: $<- -> $<-.data.frame\nExecution halted"
    },
    "7": {
      "status": "BROKEN"
    }
  }
}