{
  "iterations": {
    "1": {
      "status": "ERROR",
      "message": "R script failed with return code 1",
      "stdout": "g++ -std=gnu++17  -I\"C:/Users/spi085/AppData/Local/Programs/R/R-4.4.1/include\" -DNDEBUG -I\"C:/Users/spi085/AppData/Local/Programs/R/R-44~1.1/library/TMB/include\" -I\"C:/Users/spi085/AppData/Local/Programs/R/R-44~1.1/library/RCPPEI~1/include\"   -DTMB_EIGEN_DISABLE_WARNINGS   -DTMB_LIB_INIT=R_init_model  -DCPPAD_FRAMEWORK    -I\"C:/rtools44/x86_64-w64-mingw32.static.posix/include\"     -O2 -Wa,-mbig-obj -c POPULATIONS//POPULATION_0023//INDIVIDUAL_6U52M1HZ/model.cpp -o POPULATIONS//POPULATION_0023//INDIVIDUAL_6U52M1HZ/model.o\ng++ -std=gnu++17 -shared -s -static-libgcc -o POPULATIONS//POPULATION_0023//INDIVIDUAL_6U52M1HZ/model.dll tmp.def POPULATIONS//POPULATION_0023//INDIVIDUAL_6U52M1HZ/model.o -LC:/rtools44/x86_64-w64-mingw32.static.posix/lib/x64 -LC:/rtools44/x86_64-w64-mingw32.static.posix/lib -LC:/Users/spi085/AppData/Local/Programs/R/R-4.4.1/bin/x64 -lR",
      "stderr": "Loading required package: TMB\nLoading required package: jsonlite\nhere() starts at C:/Users/spi085/OneDrive - CSIRO/Documents/_Projects/SCCP-QuantModelling\nusing C++ compiler: 'G__~1.EXE (GCC) 13.2.0'\nC:\\rtools44\\x86_64-w64-mingw32.static.posix\\bin/ld.exe: cannot export _ZN5CppAD3powINS_2ADINS1_INS1_IdEEEEEEEET_RKS5_RKi: symbol not defined\nC:\\rtools44\\x86_64-w64-mingw32.static.posix\\bin/ld.exe: cannot export _ZN5CppAD3powINS_2ADINS1_IdEEEEEET_RKS4_RKi: symbol not defined\nC:\\rtools44\\x86_64-w64-mingw32.static.posix\\bin/ld.exe: cannot export _ZN5CppAD3powINS_2ADIdEEEET_RKS3_RKi: symbol not defined\ncollect2.exe: error: ld returned 1 exit status\nError in inDL(x, as.logical(local), as.logical(now), ...) : \n  unable to load shared object 'C:/Users/spi085/OneDrive - CSIRO/Documents/_Projects/SCCP-QuantModelling/POPULATIONS//POPULATION_0023//INDIVIDUAL_6U52M1HZ/model.dll':\n  LoadLibrary failure:  The specified module could not be found.\nCalls: dyn.load -> inDL\nExecution halted"
    },
    "2": {
      "status": "ERROR",
      "message": "Model failed to compile.",
      "stdout": "g++ -std=gnu++17  -I\"C:/Users/spi085/AppData/Local/Programs/R/R-4.4.1/include\" -DNDEBUG -I\"C:/Users/spi085/AppData/Local/Programs/R/R-44~1.1/library/TMB/include\" -I\"C:/Users/spi085/AppData/Local/Programs/R/R-44~1.1/library/RCPPEI~1/include\"   -DTMB_EIGEN_DISABLE_WARNINGS   -DTMB_LIB_INIT=R_init_model  -DCPPAD_FRAMEWORK    -I\"C:/rtools44/x86_64-w64-mingw32.static.posix/include\"     -O2 -Wa,-mbig-obj -c POPULATIONS//POPULATION_0023//INDIVIDUAL_6U52M1HZ/model.cpp -o POPULATIONS//POPULATION_0023//INDIVIDUAL_6U52M1HZ/model.o",
      "stderr": "Loading required package: TMB\nLoading required package: jsonlite\nhere() starts at C:/Users/spi085/OneDrive - CSIRO/Documents/_Projects/SCCP-QuantModelling\nusing C++ compiler: 'G__~1.EXE (GCC) 13.2.0'\nPOPULATIONS//POPULATION_0023//INDIVIDUAL_6U52M1HZ/model.cpp: In instantiation of 'Type objective_function<Type>::operator()() [with Type = CppAD::AD<double>]':\nC:/Users/spi085/AppData/Local/Programs/R/R-4.4.1/library/TMB/include/tmb_core.hpp:1308:6:   required from here\nPOPULATIONS//POPULATION_0023//INDIVIDUAL_6U52M1HZ/model.cpp:90:42: error: 'square' was not declared in this scope; did you mean 'Eigen::square'?\n   90 |     Type fast_predation = a_fast * square(cots_pred(t-1)) * fast_pred(t-1) / (square(h_cots) + square(cots_pred(t-1)));\n      |                                    ~~~~~~^~~~~~~~~~~~~~~~\n      |                                    Eigen::square\nIn file included from C:/Users/spi085/AppData/Local/Programs/R/R-44~1.1/library/RCPPEI~1/include/Eigen/Core:380,\n                 from C:/Users/spi085/AppData/Local/Programs/R/R-44~1.1/library/RCPPEI~1/include/Eigen/Dense:1,\n                 from C:/Users/spi085/AppData/Local/Programs/R/R-4.4.1/library/TMB/include/TMB.hpp:92,\n                 from POPULATIONS//POPULATION_0023//INDIVIDUAL_6U52M1HZ/model.cpp:1:\nC:/Users/spi085/AppData/Local/Programs/R/R-44~1.1/library/RCPPEI~1/include/Eigen/src/Core/GlobalFunctions.h:91:36: note: 'Eigen::square' declared here\n   91 |   EIGEN_ARRAY_DECLARE_GLOBAL_UNARY(square,scalar_square_op,square (power 2),\\sa Eigen::abs2 DOXCOMMA Eigen::pow DOXCOMMA ArrayBase::square)\n      |                                    ^~~~~~\nC:/Users/spi085/AppData/Local/Programs/R/R-44~1.1/library/RCPPEI~1/include/Eigen/src/Core/GlobalFunctions.h:32:4: note: in definition of macro 'EIGEN_ARRAY_DECLARE_GLOBAL_UNARY'\n   32 |   (NAME)(const Eigen::ArrayBase<Derived>& x) { \\\n      |    ^~~~\nPOPULATIONS//POPULATION_0023//INDIVIDUAL_6U52M1HZ/model.cpp:90:85: error: 'square' was not declared in this scope, and no declarations were found by argument-dependent lookup at the point of instantiation\n   90 |     Type fast_predation = a_fast * square(cots_pred(t-1)) * fast_pred(t-1) / (square(h_cots) + square(cots_pred(t-1)));\n      |                                                                               ~~~~~~^~~~~~~~\nPOPULATIONS//POPULATION_0023//INDIVIDUAL_6U52M1HZ/model.cpp:90:42: note: 'square' declared here, later in the translation unit\n   90 |     Type fast_predation = a_fast * square(cots_pred(t-1)) * fast_pred(t-1) / (square(h_cots) + square(cots_pred(t-1)));\n      |                                    ~~~~~~^~~~~~~~~~~~~~~~\nPOPULATIONS//POPULATION_0023//INDIVIDUAL_6U52M1HZ/model.cpp:90:102: error: 'square' was not declared in this scope, and no declarations were found by argument-dependent lookup at the point of instantiation\n   90 |     Type fast_predation = a_fast * square(cots_pred(t-1)) * fast_pred(t-1) / (square(h_cots) + square(cots_pred(t-1)));\n      |                                                                                                ~~~~~~^~~~~~~~~~~~~~~~\nPOPULATIONS//POPULATION_0023//INDIVIDUAL_6U52M1HZ/model.cpp:90:42: note: 'square' declared here, later in the translation unit\n   90 |     Type fast_predation = a_fast * square(cots_pred(t-1)) * fast_pred(t-1) / (square(h_cots) + square(cots_pred(t-1)));\n      |                                    ~~~~~~^~~~~~~~~~~~~~~~\nPOPULATIONS//POPULATION_0023//INDIVIDUAL_6U52M1HZ/model.cpp:94:42: error: 'square' was not declared in this scope, and no declarations were found by argument-dependent lookup at the point of instantiation\n   94 |     Type slow_predation = a_slow * square(cots_pred(t-1)) * slow_pred(t-1) / (square(h_cots) + square(cots_pred(t-1)));\n      |                                    ~~~~~~^~~~~~~~~~~~~~~~\nPOPULATIONS//POPULATION_0023//INDIVIDUAL_6U52M1HZ/model.cpp:90:42: note: 'square' declared here, later in the translation unit\n   90 |     Type fast_predation = a_fast * square(cots_pred(t-1)) * fast_pred(t-1) / (square(h_cots) + square(cots_pred(t-1)));\n      |                                    ~~~~~~^~~~~~~~~~~~~~~~\nPOPULATIONS//POPULATION_0023//INDIVIDUAL_6U52M1HZ/model.cpp:94:85: error: 'square' was not declared in this scope, and no declarations were found by argument-dependent lookup at the point of instantiation\n   94 |     Type slow_predation = a_slow * square(cots_pred(t-1)) * slow_pred(t-1) / (square(h_cots) + square(cots_pred(t-1)));\n      |                                                                               ~~~~~~^~~~~~~~\nPOPULATIONS//POPULATION_0023//INDIVIDUAL_6U52M1HZ/model.cpp:90:42: note: 'square' declared here, later in the translation unit\n   90 |     Type fast_predation = a_fast * square(cots_pred(t-1)) * fast_pred(t-1) / (square(h_cots) + square(cots_pred(t-1)));\n      |                                    ~~~~~~^~~~~~~~~~~~~~~~\nPOPULATIONS//POPULATION_0023//INDIVIDUAL_6U52M1HZ/model.cpp:94:102: error: 'square' was not declared in this scope, and no declarations were found by argument-dependent lookup at the point of instantiation\n   94 |     Type slow_predation = a_slow * square(cots_pred(t-1)) * slow_pred(t-1) / (square(h_cots) + square(cots_pred(t-1)));\n      |                                                                                                ~~~~~~^~~~~~~~~~~~~~~~\nPOPULATIONS//POPULATION_0023//INDIVIDUAL_6U52M1HZ/model.cpp:90:42: note: 'square' declared here, later in the translation unit\n   90 |     Type fast_predation = a_fast * square(cots_pred(t-1)) * fast_pred(t-1) / (square(h_cots) + square(cots_pred(t-1)));\n      |                                    ~~~~~~^~~~~~~~~~~~~~~~\nPOPULATIONS//POPULATION_0023//INDIVIDUAL_6U52M1HZ/model.cpp: In instantiation of 'Type objective_function<Type>::operator()() [with Type = double]':\nC:/Users/spi085/AppData/Local/Programs/R/R-4.4.1/library/TMB/include/tmb_core.hpp:2031:7:   required from here\nPOPULATIONS//POPULATION_0023//INDIVIDUAL_6U52M1HZ/model.cpp:90:42: error: 'square' was not declared in this scope; did you mean 'Eigen::square'?\n   90 |     Type fast_predation = a_fast * square(cots_pred(t-1)) * fast_pred(t-1) / (square(h_cots) + square(cots_pred(t-1)));\n      |                                    ~~~~~~^~~~~~~~~~~~~~~~\n      |                                    Eigen::square\nC:/Users/spi085/AppData/Local/Programs/R/R-44~1.1/library/RCPPEI~1/include/Eigen/src/Core/GlobalFunctions.h:91:36: note: 'Eigen::square' declared here\n   91 |   EIGEN_ARRAY_DECLARE_GLOBAL_UNARY(square,scalar_square_op,square (power 2),\\sa Eigen::abs2 DOXCOMMA Eigen::pow DOXCOMMA ArrayBase::square)\n      |                                    ^~~~~~\nC:/Users/spi085/AppData/Local/Programs/R/R-44~1.1/library/RCPPEI~1/include/Eigen/src/Core/GlobalFunctions.h:32:4: note: in definition of macro 'EIGEN_ARRAY_DECLARE_GLOBAL_UNARY'\n   32 |   (NAME)(const Eigen::ArrayBase<Derived>& x) { \\\n      |    ^~~~\nPOPULATIONS//POPULATION_0023//INDIVIDUAL_6U52M1HZ/model.cpp:90:85: error: 'square' was not declared in this scope, and no declarations were found by argument-dependent lookup at the point of instantiation\n   90 |     Type fast_predation = a_fast * square(cots_pred(t-1)) * fast_pred(t-1) / (square(h_cots) + square(cots_pred(t-1)));\n      |                                                                               ~~~~~~^~~~~~~~\nPOPULATIONS//POPULATION_0023//INDIVIDUAL_6U52M1HZ/model.cpp:90:42: note: 'square' declared here, later in the translation unit\n   90 |     Type fast_predation = a_fast * square(cots_pred(t-1)) * fast_pred(t-1) / (square(h_cots) + square(cots_pred(t-1)));\n      |                                    ~~~~~~^~~~~~~~~~~~~~~~\nPOPULATIONS//POPULATION_0023//INDIVIDUAL_6U52M1HZ/model.cpp:90:102: error: 'square' was not declared in this scope, and no declarations were found by argument-dependent lookup at the point of instantiation\n   90 |     Type fast_predation = a_fast * square(cots_pred(t-1)) * fast_pred(t-1) / (square(h_cots) + square(cots_pred(t-1)));\n      |                                                                                                ~~~~~~^~~~~~~~~~~~~~~~\nPOPULATIONS//POPULATION_0023//INDIVIDUAL_6U52M1HZ/model.cpp:90:42: note: 'square' declared here, later in the translation unit\n   90 |     Type fast_predation = a_fast * square(cots_pred(t-1)) * fast_pred(t-1) / (square(h_cots) + square(cots_pred(t-1)));\n      |                                    ~~~~~~^~~~~~~~~~~~~~~~\nPOPULATIONS//POPULATION_0023//INDIVIDUAL_6U52M1HZ/model.cpp:94:42: error: 'square' was not declared in this scope, and no declarations were found by argument-dependent lookup at the point of instantiation\n   94 |     Type slow_predation = a_slow * square(cots_pred(t-1)) * slow_pred(t-1) / (square(h_cots) + square(cots_pred(t-1)));\n      |                                    ~~~~~~^~~~~~~~~~~~~~~~\nPOPULATIONS//POPULATION_0023//INDIVIDUAL_6U52M1HZ/model.cpp:90:42: note: 'square' declared here, later in the translation unit\n   90 |     Type fast_predation = a_fast * square(cots_pred(t-1)) * fast_pred(t-1) / (square(h_cots) + square(cots_pred(t-1)));\n      |                                    ~~~~~~^~~~~~~~~~~~~~~~\nPOPULATIONS//POPULATION_0023//INDIVIDUAL_6U52M1HZ/model.cpp:94:85: error: 'square' was not declared in this scope, and no declarations were found by argument-dependent lookup at the point of instantiation\n   94 |     Type slow_predation = a_slow * square(cots_pred(t-1)) * slow_pred(t-1) / (square(h_cots) + square(cots_pred(t-1)));\n      |                                                                               ~~~~~~^~~~~~~~\nPOPULATIONS//POPULATION_0023//INDIVIDUAL_6U52M1HZ/model.cpp:90:42: note: 'square' declared here, later in the translation unit\n   90 |     Type fast_predation = a_fast * square(cots_pred(t-1)) * fast_pred(t-1) / (square(h_cots) + square(cots_pred(t-1)));\n      |                                    ~~~~~~^~~~~~~~~~~~~~~~\nPOPULATIONS//POPULATION_0023//INDIVIDUAL_6U52M1HZ/model.cpp:94:102: error: 'square' was not declared in this scope, and no declarations were found by argument-dependent lookup at the point of instantiation\n   94 |     Type slow_predation = a_slow * square(cots_pred(t-1)) * slow_pred(t-1) / (square(h_cots) + square(cots_pred(t-1)));\n      |                                                                                                ~~~~~~^~~~~~~~~~~~~~~~\nPOPULATIONS//POPULATION_0023//INDIVIDUAL_6U52M1HZ/model.cpp:90:42: note: 'square' declared here, later in the translation unit\n   90 |     Type fast_predation = a_fast * square(cots_pred(t-1)) * fast_pred(t-1) / (square(h_cots) + square(cots_pred(t-1)));\n      |                                    ~~~~~~^~~~~~~~~~~~~~~~\nPOPULATIONS//POPULATION_0023//INDIVIDUAL_6U52M1HZ/model.cpp: In instantiation of 'Type objective_function<Type>::operator()() [with Type = CppAD::AD<CppAD::AD<double> >]':\nC:/Users/spi085/AppData/Local/Programs/R/R-4.4.1/library/TMB/include/tmb_core.hpp:913:29:   required from 'Type objective_function<Type>::evalUserTemplate() [with Type = CppAD::AD<CppAD::AD<double> >]'\nC:/Users/spi085/AppData/Local/Programs/R/R-4.4.1/library/TMB/include/tmb_core.hpp:2112:26:   required from here\nPOPULATIONS//POPULATION_0023//INDIVIDUAL_6U52M1HZ/model.cpp:90:42: error: 'square' was not declared in this scope; did you mean 'Eigen::square'?\n   90 |     Type fast_predation = a_fast * square(cots_pred(t-1)) * fast_pred(t-1) / (square(h_cots) + square(cots_pred(t-1)));\n      |                                    ~~~~~~^~~~~~~~~~~~~~~~\n      |                                    Eigen::square\nC:/Users/spi085/AppData/Local/Programs/R/R-44~1.1/library/RCPPEI~1/include/Eigen/src/Core/GlobalFunctions.h:91:36: note: 'Eigen::square' declared here\n   91 |   EIGEN_ARRAY_DECLARE_GLOBAL_UNARY(square,scalar_square_op,square (power 2),\\sa Eigen::abs2 DOXCOMMA Eigen::pow DOXCOMMA ArrayBase::square)\n      |                                    ^~~~~~\nC:/Users/spi085/AppData/Local/Programs/R/R-44~1.1/library/RCPPEI~1/include/Eigen/src/Core/GlobalFunctions.h:32:4: note: in definition of macro 'EIGEN_ARRAY_DECLARE_GLOBAL_UNARY'\n   32 |   (NAME)(const Eigen::ArrayBase<Derived>& x) { \\\n      |    ^~~~\nPOPULATIONS//POPULATION_0023//INDIVIDUAL_6U52M1HZ/model.cpp:90:85: error: 'square' was not declared in this scope, and no declarations were found by argument-dependent lookup at the point of instantiation\n   90 |     Type fast_predation = a_fast * square(cots_pred(t-1)) * fast_pred(t-1) / (square(h_cots) + square(cots_pred(t-1)));\n      |                                                                               ~~~~~~^~~~~~~~\nPOPULATIONS//POPULATION_0023//INDIVIDUAL_6U52M1HZ/model.cpp:90:42: note: 'square' declared here, later in the translation unit\n   90 |     Type fast_predation = a_fast * square(cots_pred(t-1)) * fast_pred(t-1) / (square(h_cots) + square(cots_pred(t-1)));\n      |                                    ~~~~~~^~~~~~~~~~~~~~~~\nPOPULATIONS//POPULATION_0023//INDIVIDUAL_6U52M1HZ/model.cpp:90:102: error: 'square' was not declared in this scope, and no declarations were found by argument-dependent lookup at the point of instantiation\n   90 |     Type fast_predation = a_fast * square(cots_pred(t-1)) * fast_pred(t-1) / (square(h_cots) + square(cots_pred(t-1)));\n      |                                                                                                ~~~~~~^~~~~~~~~~~~~~~~\nPOPULATIONS//POPULATION_0023//INDIVIDUAL_6U52M1HZ/model.cpp:90:42: note: 'square' declared here, later in the translation unit\n   90 |     Type fast_predation = a_fast * square(cots_pred(t-1)) * fast_pred(t-1) / (square(h_cots) + square(cots_pred(t-1)));\n      |                                    ~~~~~~^~~~~~~~~~~~~~~~\nPOPULATIONS//POPULATION_0023//INDIVIDUAL_6U52M1HZ/model.cpp:94:42: error: 'square' was not declared in this scope, and no declarations were found by argument-dependent lookup at the point of instantiation\n   94 |     Type slow_predation = a_slow * square(cots_pred(t-1)) * slow_pred(t-1) / (square(h_cots) + square(cots_pred(t-1)));\n      |                                    ~~~~~~^~~~~~~~~~~~~~~~\nPOPULATIONS//POPULATION_0023//INDIVIDUAL_6U52M1HZ/model.cpp:90:42: note: 'square' declared here, later in the translation unit\n   90 |     Type fast_predation = a_fast * square(cots_pred(t-1)) * fast_pred(t-1) / (square(h_cots) + square(cots_pred(t-1)));\n      |                                    ~~~~~~^~~~~~~~~~~~~~~~\nPOPULATIONS//POPULATION_0023//INDIVIDUAL_6U52M1HZ/model.cpp:94:85: error: 'square' was not declared in this scope, and no declarations were found by argument-dependent lookup at the point of instantiation\n   94 |     Type slow_predation = a_slow * square(cots_pred(t-1)) * slow_pred(t-1) / (square(h_cots) + square(cots_pred(t-1)));\n      |                                                                               ~~~~~~^~~~~~~~\nPOPULATIONS//POPULATION_0023//INDIVIDUAL_6U52M1HZ/model.cpp:90:42: note: 'square' declared here, later in the translation unit\n   90 |     Type fast_predation = a_fast * square(cots_pred(t-1)) * fast_pred(t-1) / (square(h_cots) + square(cots_pred(t-1)));\n      |                                    ~~~~~~^~~~~~~~~~~~~~~~\nPOPULATIONS//POPULATION_0023//INDIVIDUAL_6U52M1HZ/model.cpp:94:102: error: 'square' was not declared in this scope, and no declarations were found by argument-dependent lookup at the point of instantiation\n   94 |     Type slow_predation = a_slow * square(cots_pred(t-1)) * slow_pred(t-1) / (square(h_cots) + square(cots_pred(t-1)));\n      |                                                                                                ~~~~~~^~~~~~~~~~~~~~~~\nPOPULATIONS//POPULATION_0023//INDIVIDUAL_6U52M1HZ/model.cpp:90:42: note: 'square' declared here, later in the translation unit\n   90 |     Type fast_predation = a_fast * square(cots_pred(t-1)) * fast_pred(t-1) / (square(h_cots) + square(cots_pred(t-1)));\n      |                                    ~~~~~~^~~~~~~~~~~~~~~~\nPOPULATIONS//POPULATION_0023//INDIVIDUAL_6U52M1HZ/model.cpp: In instantiation of 'Type objective_function<Type>::operator()() [with Type = CppAD::AD<CppAD::AD<CppAD::AD<double> > >]':\nC:/Users/spi085/AppData/Local/Programs/R/R-4.4.1/library/TMB/include/tmb_core.hpp:913:29:   required from 'Type objective_function<Type>::evalUserTemplate() [with Type = CppAD::AD<CppAD::AD<CppAD::AD<double> > >]'\nC:/Users/spi085/AppData/Local/Programs/R/R-4.4.1/library/TMB/include/tmb_core.hpp:2361:28:   required from here\nPOPULATIONS//POPULATION_0023//INDIVIDUAL_6U52M1HZ/model.cpp:90:42: error: 'square' was not declared in this scope; did you mean 'Eigen::square'?\n   90 |     Type fast_predation = a_fast * square(cots_pred(t-1)) * fast_pred(t-1) / (square(h_cots) + square(cots_pred(t-1)));\n      |                                    ~~~~~~^~~~~~~~~~~~~~~~\n      |                                    Eigen::square\nC:/Users/spi085/AppData/Local/Programs/R/R-44~1.1/library/RCPPEI~1/include/Eigen/src/Core/GlobalFunctions.h:91:36: note: 'Eigen::square' declared here\n   91 |   EIGEN_ARRAY_DECLARE_GLOBAL_UNARY(square,scalar_square_op,square (power 2),\\sa Eigen::abs2 DOXCOMMA Eigen::pow DOXCOMMA ArrayBase::square)\n      |                                    ^~~~~~\nC:/Users/spi085/AppData/Local/Programs/R/R-44~1.1/library/RCPPEI~1/include/Eigen/src/Core/GlobalFunctions.h:32:4: note: in definition of macro 'EIGEN_ARRAY_DECLARE_GLOBAL_UNARY'\n   32 |   (NAME)(const Eigen::ArrayBase<Derived>& x) { \\\n      |    ^~~~\nPOPULATIONS//POPULATION_0023//INDIVIDUAL_6U52M1HZ/model.cpp:90:85: error: 'square' was not declared in this scope, and no declarations were found by argument-dependent lookup at the point of instantiation\n   90 |     Type fast_predation = a_fast * square(cots_pred(t-1)) * fast_pred(t-1) / (square(h_cots) + square(cots_pred(t-1)));\n      |                                                                               ~~~~~~^~~~~~~~\nPOPULATIONS//POPULATION_0023//INDIVIDUAL_6U52M1HZ/model.cpp:90:42: note: 'square' declared here, later in the translation unit\n   90 |     Type fast_predation = a_fast * square(cots_pred(t-1)) * fast_pred(t-1) / (square(h_cots) + square(cots_pred(t-1)));\n      |                                    ~~~~~~^~~~~~~~~~~~~~~~\nPOPULATIONS//POPULATION_0023//INDIVIDUAL_6U52M1HZ/model.cpp:90:102: error: 'square' was not declared in this scope, and no declarations were found by argument-dependent lookup at the point of instantiation\n   90 |     Type fast_predation = a_fast * square(cots_pred(t-1)) * fast_pred(t-1) / (square(h_cots) + square(cots_pred(t-1)));\n      |                                                                                                ~~~~~~^~~~~~~~~~~~~~~~\nPOPULATIONS//POPULATION_0023//INDIVIDUAL_6U52M1HZ/model.cpp:90:42: note: 'square' declared here, later in the translation unit\n   90 |     Type fast_predation = a_fast * square(cots_pred(t-1)) * fast_pred(t-1) / (square(h_cots) + square(cots_pred(t-1)));\n      |                                    ~~~~~~^~~~~~~~~~~~~~~~\nPOPULATIONS//POPULATION_0023//INDIVIDUAL_6U52M1HZ/model.cpp:94:42: error: 'square' was not declared in this scope, and no declarations were found by argument-dependent lookup at the point of instantiation\n   94 |     Type slow_predation = a_slow * square(cots_pred(t-1)) * slow_pred(t-1) / (square(h_cots) + square(cots_pred(t-1)));\n      |                                    ~~~~~~^~~~~~~~~~~~~~~~\nPOPULATIONS//POPULATION_0023//INDIVIDUAL_6U52M1HZ/model.cpp:90:42: note: 'square' declared here, later in the translation unit\n   90 |     Type fast_predation = a_fast * square(cots_pred(t-1)) * fast_pred(t-1) / (square(h_cots) + square(cots_pred(t-1)));\n      |                                    ~~~~~~^~~~~~~~~~~~~~~~\nPOPULATIONS//POPULATION_0023//INDIVIDUAL_6U52M1HZ/model.cpp:94:85: error: 'square' was not declared in this scope, and no declarations were found by argument-dependent lookup at the point of instantiation\n   94 |     Type slow_predation = a_slow * square(cots_pred(t-1)) * slow_pred(t-1) / (square(h_cots) + square(cots_pred(t-1)));\n      |                                                                               ~~~~~~^~~~~~~~\nPOPULATIONS//POPULATION_0023//INDIVIDUAL_6U52M1HZ/model.cpp:90:42: note: 'square' declared here, later in the translation unit\n   90 |     Type fast_predation = a_fast * square(cots_pred(t-1)) * fast_pred(t-1) / (square(h_cots) + square(cots_pred(t-1)));\n      |                                    ~~~~~~^~~~~~~~~~~~~~~~\nPOPULATIONS//POPULATION_0023//INDIVIDUAL_6U52M1HZ/model.cpp:94:102: error: 'square' was not declared in this scope, and no declarations were found by argument-dependent lookup at the point of instantiation\n   94 |     Type slow_predation = a_slow * square(cots_pred(t-1)) * slow_pred(t-1) / (square(h_cots) + square(cots_pred(t-1)));\n      |                                                                                                ~~~~~~^~~~~~~~~~~~~~~~\nPOPULATIONS//POPULATION_0023//INDIVIDUAL_6U52M1HZ/model.cpp:90:42: note: 'square' declared here, later in the translation unit\n   90 |     Type fast_predation = a_fast * square(cots_pred(t-1)) * fast_pred(t-1) / (square(h_cots) + square(cots_pred(t-1)));\n      |                                    ~~~~~~^~~~~~~~~~~~~~~~\nmake: *** [C:/Users/spi085/AppData/Local/Programs/R/R-4.4.1/etc/x64/Makeconf:296: POPULATIONS//POPULATION_0023//INDIVIDUAL_6U52M1HZ/model.o] Error 1\nError in TMB::compile(file.path(individual_dir, model_file), flags = flags,  : \n  Compilation failed\nError: Compilation failed\nExecution halted"
    },
    "3": {
      "status": "ERROR",
      "message": "Model failed to compile.",
      "stdout": "g++ -std=gnu++17  -I\"C:/Users/spi085/AppData/Local/Programs/R/R-4.4.1/include\" -DNDEBUG -I\"C:/Users/spi085/AppData/Local/Programs/R/R-44~1.1/library/TMB/include\" -I\"C:/Users/spi085/AppData/Local/Programs/R/R-44~1.1/library/RCPPEI~1/include\"   -DTMB_EIGEN_DISABLE_WARNINGS   -DTMB_LIB_INIT=R_init_model  -DCPPAD_FRAMEWORK    -I\"C:/rtools44/x86_64-w64-mingw32.static.posix/include\"     -O2 -Wa,-mbig-obj -c POPULATIONS//POPULATION_0023//INDIVIDUAL_6U52M1HZ/model.cpp -o POPULATIONS//POPULATION_0023//INDIVIDUAL_6U52M1HZ/model.o",
      "stderr": "Loading required package: TMB\nLoading required package: jsonlite\nhere() starts at C:/Users/spi085/OneDrive - CSIRO/Documents/_Projects/SCCP-QuantModelling\nusing C++ compiler: 'G__~1.EXE (GCC) 13.2.0'\nPOPULATIONS//POPULATION_0023//INDIVIDUAL_6U52M1HZ/model.cpp: In instantiation of 'Type objective_function<Type>::operator()() [with Type = CppAD::AD<double>]':\nC:/Users/spi085/AppData/Local/Programs/R/R-4.4.1/library/TMB/include/tmb_core.hpp:1308:6:   required from here\nPOPULATIONS//POPULATION_0023//INDIVIDUAL_6U52M1HZ/model.cpp:90:49: error: no matching function for call to 'square(Eigen::DenseCoeffsBase<Eigen::Array<CppAD::AD<double>, -1, 1, 0, -1, 1>, 1>::Scalar&)'\n   90 |     Type fast_predation = a_fast * Eigen::square(cots_pred(t-1)) * fast_pred(t-1) / (Eigen::square(h_cots) + Eigen::square(cots_pred(t-1)));\n      |                                    ~~~~~~~~~~~~~^~~~~~~~~~~~~~~~\nIn file included from C:/Users/spi085/AppData/Local/Programs/R/R-44~1.1/library/RCPPEI~1/include/Eigen/Core:380,\n                 from C:/Users/spi085/AppData/Local/Programs/R/R-44~1.1/library/RCPPEI~1/include/Eigen/Dense:1,\n                 from C:/Users/spi085/AppData/Local/Programs/R/R-4.4.1/library/TMB/include/TMB.hpp:92,\n                 from POPULATIONS//POPULATION_0023//INDIVIDUAL_6U52M1HZ/model.cpp:1:\nC:/Users/spi085/AppData/Local/Programs/R/R-44~1.1/library/RCPPEI~1/include/Eigen/src/Core/GlobalFunctions.h:91:36: note: candidate: 'template<class Derived> const Eigen::CwiseUnaryOp<Eigen::internal::scalar_square_op<typename Derived::Scalar>, const Derived> Eigen::square(const ArrayBase<Derived>&)'\n   91 |   EIGEN_ARRAY_DECLARE_GLOBAL_UNARY(square,scalar_square_op,square (power 2),\\sa Eigen::abs2 DOXCOMMA Eigen::pow DOXCOMMA ArrayBase::square)\n      |                                    ^~~~~~\nC:/Users/spi085/AppData/Local/Programs/R/R-44~1.1/library/RCPPEI~1/include/Eigen/src/Core/GlobalFunctions.h:32:4: note: in definition of macro 'EIGEN_ARRAY_DECLARE_GLOBAL_UNARY'\n   32 |   (NAME)(const Eigen::ArrayBase<Derived>& x) { \\\n      |    ^~~~\nC:/Users/spi085/AppData/Local/Programs/R/R-44~1.1/library/RCPPEI~1/include/Eigen/src/Core/GlobalFunctions.h:91:36: note:   template argument deduction/substitution failed:\n   91 |   EIGEN_ARRAY_DECLARE_GLOBAL_UNARY(square,scalar_square_op,square (power 2),\\sa Eigen::abs2 DOXCOMMA Eigen::pow DOXCOMMA ArrayBase::square)\n      |                                    ^~~~~~\nC:/Users/spi085/AppData/Local/Programs/R/R-44~1.1/library/RCPPEI~1/include/Eigen/src/Core/GlobalFunctions.h:32:4: note: in definition of macro 'EIGEN_ARRAY_DECLARE_GLOBAL_UNARY'\n   32 |   (NAME)(const Eigen::ArrayBase<Derived>& x) { \\\n      |    ^~~~\nPOPULATIONS//POPULATION_0023//INDIVIDUAL_6U52M1HZ/model.cpp:90:49: note:   'Eigen::DenseCoeffsBase<Eigen::Array<CppAD::AD<double>, -1, 1, 0, -1, 1>, 1>::Scalar' {aka 'CppAD::AD<double>'} is not derived from 'const Eigen::ArrayBase<Derived>'\n   90 |     Type fast_predation = a_fast * Eigen::square(cots_pred(t-1)) * fast_pred(t-1) / (Eigen::square(h_cots) + Eigen::square(cots_pred(t-1)));\n      |                                    ~~~~~~~~~~~~~^~~~~~~~~~~~~~~~\nPOPULATIONS//POPULATION_0023//INDIVIDUAL_6U52M1HZ/model.cpp:90:99: error: no matching function for call to 'square(CppAD::AD<double>&)'\n   90 |     Type fast_predation = a_fast * Eigen::square(cots_pred(t-1)) * fast_pred(t-1) / (Eigen::square(h_cots) + Eigen::square(cots_pred(t-1)));\n      |                                                                                      ~~~~~~~~~~~~~^~~~~~~~\nC:/Users/spi085/AppData/Local/Programs/R/R-44~1.1/library/RCPPEI~1/include/Eigen/src/Core/GlobalFunctions.h:91:36: note: candidate: 'template<class Derived> const Eigen::CwiseUnaryOp<Eigen::internal::scalar_square_op<typename Derived::Scalar>, const Derived> Eigen::square(const ArrayBase<Derived>&)'\n   91 |   EIGEN_ARRAY_DECLARE_GLOBAL_UNARY(square,scalar_square_op,square (power 2),\\sa Eigen::abs2 DOXCOMMA Eigen::pow DOXCOMMA ArrayBase::square)\n      |                                    ^~~~~~\nC:/Users/spi085/AppData/Local/Programs/R/R-44~1.1/library/RCPPEI~1/include/Eigen/src/Core/GlobalFunctions.h:32:4: note: in definition of macro 'EIGEN_ARRAY_DECLARE_GLOBAL_UNARY'\n   32 |   (NAME)(const Eigen::ArrayBase<Derived>& x) { \\\n      |    ^~~~\nC:/Users/spi085/AppData/Local/Programs/R/R-44~1.1/library/RCPPEI~1/include/Eigen/src/Core/GlobalFunctions.h:91:36: note:   template argument deduction/substitution failed:\n   91 |   EIGEN_ARRAY_DECLARE_GLOBAL_UNARY(square,scalar_square_op,square (power 2),\\sa Eigen::abs2 DOXCOMMA Eigen::pow DOXCOMMA ArrayBase::square)\n      |                                    ^~~~~~\nC:/Users/spi085/AppData/Local/Programs/R/R-44~1.1/library/RCPPEI~1/include/Eigen/src/Core/GlobalFunctions.h:32:4: note: in definition of macro 'EIGEN_ARRAY_DECLARE_GLOBAL_UNARY'\n   32 |   (NAME)(const Eigen::ArrayBase<Derived>& x) { \\\n      |    ^~~~\nPOPULATIONS//POPULATION_0023//INDIVIDUAL_6U52M1HZ/model.cpp:90:99: note:   'CppAD::AD<double>' is not derived from 'const Eigen::ArrayBase<Derived>'\n   90 |     Type fast_predation = a_fast * Eigen::square(cots_pred(t-1)) * fast_pred(t-1) / (Eigen::square(h_cots) + Eigen::square(cots_pred(t-1)));\n      |                                                                                      ~~~~~~~~~~~~~^~~~~~~~\nPOPULATIONS//POPULATION_0023//INDIVIDUAL_6U52M1HZ/model.cpp:90:123: error: no matching function for call to 'square(Eigen::DenseCoeffsBase<Eigen::Array<CppAD::AD<double>, -1, 1, 0, -1, 1>, 1>::Scalar&)'\n   90 |     Type fast_predation = a_fast * Eigen::square(cots_pred(t-1)) * fast_pred(t-1) / (Eigen::square(h_cots) + Eigen::square(cots_pred(t-1)));\n      |                                                                                                              ~~~~~~~~~~~~~^~~~~~~~~~~~~~~~\nC:/Users/spi085/AppData/Local/Programs/R/R-44~1.1/library/RCPPEI~1/include/Eigen/src/Core/GlobalFunctions.h:91:36: note: candidate: 'template<class Derived> const Eigen::CwiseUnaryOp<Eigen::internal::scalar_square_op<typename Derived::Scalar>, const Derived> Eigen::square(const ArrayBase<Derived>&)'\n   91 |   EIGEN_ARRAY_DECLARE_GLOBAL_UNARY(square,scalar_square_op,square (power 2),\\sa Eigen::abs2 DOXCOMMA Eigen::pow DOXCOMMA ArrayBase::square)\n      |                                    ^~~~~~\nC:/Users/spi085/AppData/Local/Programs/R/R-44~1.1/library/RCPPEI~1/include/Eigen/src/Core/GlobalFunctions.h:32:4: note: in definition of macro 'EIGEN_ARRAY_DECLARE_GLOBAL_UNARY'\n   32 |   (NAME)(const Eigen::ArrayBase<Derived>& x) { \\\n      |    ^~~~\nC:/Users/spi085/AppData/Local/Programs/R/R-44~1.1/library/RCPPEI~1/include/Eigen/src/Core/GlobalFunctions.h:91:36: note:   template argument deduction/substitution failed:\n   91 |   EIGEN_ARRAY_DECLARE_GLOBAL_UNARY(square,scalar_square_op,square (power 2),\\sa Eigen::abs2 DOXCOMMA Eigen::pow DOXCOMMA ArrayBase::square)\n      |                                    ^~~~~~\nC:/Users/spi085/AppData/Local/Programs/R/R-44~1.1/library/RCPPEI~1/include/Eigen/src/Core/GlobalFunctions.h:32:4: note: in definition of macro 'EIGEN_ARRAY_DECLARE_GLOBAL_UNARY'\n   32 |   (NAME)(const Eigen::ArrayBase<Derived>& x) { \\\n      |    ^~~~\nPOPULATIONS//POPULATION_0023//INDIVIDUAL_6U52M1HZ/model.cpp:90:123: note:   'Eigen::DenseCoeffsBase<Eigen::Array<CppAD::AD<double>, -1, 1, 0, -1, 1>, 1>::Scalar' {aka 'CppAD::AD<double>'} is not derived from 'const Eigen::ArrayBase<Derived>'\n   90 |     Type fast_predation = a_fast * Eigen::square(cots_pred(t-1)) * fast_pred(t-1) / (Eigen::square(h_cots) + Eigen::square(cots_pred(t-1)));\n      |                                                                                                              ~~~~~~~~~~~~~^~~~~~~~~~~~~~~~\nPOPULATIONS//POPULATION_0023//INDIVIDUAL_6U52M1HZ/model.cpp:94:49: error: no matching function for call to 'square(Eigen::DenseCoeffsBase<Eigen::Array<CppAD::AD<double>, -1, 1, 0, -1, 1>, 1>::Scalar&)'\n   94 |     Type slow_predation = a_slow * Eigen::square(cots_pred(t-1)) * slow_pred(t-1) / (Eigen::square(h_cots) + Eigen::square(cots_pred(t-1)));\n      |                                    ~~~~~~~~~~~~~^~~~~~~~~~~~~~~~\nC:/Users/spi085/AppData/Local/Programs/R/R-44~1.1/library/RCPPEI~1/include/Eigen/src/Core/GlobalFunctions.h:91:36: note: candidate: 'template<class Derived> const Eigen::CwiseUnaryOp<Eigen::internal::scalar_square_op<typename Derived::Scalar>, const Derived> Eigen::square(const ArrayBase<Derived>&)'\n   91 |   EIGEN_ARRAY_DECLARE_GLOBAL_UNARY(square,scalar_square_op,square (power 2),\\sa Eigen::abs2 DOXCOMMA Eigen::pow DOXCOMMA ArrayBase::square)\n      |                                    ^~~~~~\nC:/Users/spi085/AppData/Local/Programs/R/R-44~1.1/library/RCPPEI~1/include/Eigen/src/Core/GlobalFunctions.h:32:4: note: in definition of macro 'EIGEN_ARRAY_DECLARE_GLOBAL_UNARY'\n   32 |   (NAME)(const Eigen::ArrayBase<Derived>& x) { \\\n      |    ^~~~\nC:/Users/spi085/AppData/Local/Programs/R/R-44~1.1/library/RCPPEI~1/include/Eigen/src/Core/GlobalFunctions.h:91:36: note:   template argument deduction/substitution failed:\n   91 |   EIGEN_ARRAY_DECLARE_GLOBAL_UNARY(square,scalar_square_op,square (power 2),\\sa Eigen::abs2 DOXCOMMA Eigen::pow DOXCOMMA ArrayBase::square)\n      |                                    ^~~~~~\nC:/Users/spi085/AppData/Local/Programs/R/R-44~1.1/library/RCPPEI~1/include/Eigen/src/Core/GlobalFunctions.h:32:4: note: in definition of macro 'EIGEN_ARRAY_DECLARE_GLOBAL_UNARY'\n   32 |   (NAME)(const Eigen::ArrayBase<Derived>& x) { \\\n      |    ^~~~\nPOPULATIONS//POPULATION_0023//INDIVIDUAL_6U52M1HZ/model.cpp:94:49: note:   'Eigen::DenseCoeffsBase<Eigen::Array<CppAD::AD<double>, -1, 1, 0, -1, 1>, 1>::Scalar' {aka 'CppAD::AD<double>'} is not derived from 'const Eigen::ArrayBase<Derived>'\n   94 |     Type slow_predation = a_slow * Eigen::square(cots_pred(t-1)) * slow_pred(t-1) / (Eigen::square(h_cots) + Eigen::square(cots_pred(t-1)));\n      |                                    ~~~~~~~~~~~~~^~~~~~~~~~~~~~~~\nPOPULATIONS//POPULATION_0023//INDIVIDUAL_6U52M1HZ/model.cpp:94:99: error: no matching function for call to 'square(CppAD::AD<double>&)'\n   94 |     Type slow_predation = a_slow * Eigen::square(cots_pred(t-1)) * slow_pred(t-1) / (Eigen::square(h_cots) + Eigen::square(cots_pred(t-1)));\n      |                                                                                      ~~~~~~~~~~~~~^~~~~~~~\nC:/Users/spi085/AppData/Local/Programs/R/R-44~1.1/library/RCPPEI~1/include/Eigen/src/Core/GlobalFunctions.h:91:36: note: candidate: 'template<class Derived> const Eigen::CwiseUnaryOp<Eigen::internal::scalar_square_op<typename Derived::Scalar>, const Derived> Eigen::square(const ArrayBase<Derived>&)'\n   91 |   EIGEN_ARRAY_DECLARE_GLOBAL_UNARY(square,scalar_square_op,square (power 2),\\sa Eigen::abs2 DOXCOMMA Eigen::pow DOXCOMMA ArrayBase::square)\n      |                                    ^~~~~~\nC:/Users/spi085/AppData/Local/Programs/R/R-44~1.1/library/RCPPEI~1/include/Eigen/src/Core/GlobalFunctions.h:32:4: note: in definition of macro 'EIGEN_ARRAY_DECLARE_GLOBAL_UNARY'\n   32 |   (NAME)(const Eigen::ArrayBase<Derived>& x) { \\\n      |    ^~~~\nC:/Users/spi085/AppData/Local/Programs/R/R-44~1.1/library/RCPPEI~1/include/Eigen/src/Core/GlobalFunctions.h:91:36: note:   template argument deduction/substitution failed:\n   91 |   EIGEN_ARRAY_DECLARE_GLOBAL_UNARY(square,scalar_square_op,square (power 2),\\sa Eigen::abs2 DOXCOMMA Eigen::pow DOXCOMMA ArrayBase::square)\n      |                                    ^~~~~~\nC:/Users/spi085/AppData/Local/Programs/R/R-44~1.1/library/RCPPEI~1/include/Eigen/src/Core/GlobalFunctions.h:32:4: note: in definition of macro 'EIGEN_ARRAY_DECLARE_GLOBAL_UNARY'\n   32 |   (NAME)(const Eigen::ArrayBase<Derived>& x) { \\\n      |    ^~~~\nPOPULATIONS//POPULATION_0023//INDIVIDUAL_6U52M1HZ/model.cpp:94:99: note:   'CppAD::AD<double>' is not derived from 'const Eigen::ArrayBase<Derived>'\n   94 |     Type slow_predation = a_slow * Eigen::square(cots_pred(t-1)) * slow_pred(t-1) / (Eigen::square(h_cots) + Eigen::square(cots_pred(t-1)));\n      |                                                                                      ~~~~~~~~~~~~~^~~~~~~~\nPOPULATIONS//POPULATION_0023//INDIVIDUAL_6U52M1HZ/model.cpp:94:123: error: no matching function for call to 'square(Eigen::DenseCoeffsBase<Eigen::Array<CppAD::AD<double>, -1, 1, 0, -1, 1>, 1>::Scalar&)'\n   94 |     Type slow_predation = a_slow * Eigen::square(cots_pred(t-1)) * slow_pred(t-1) / (Eigen::square(h_cots) + Eigen::square(cots_pred(t-1)));\n      |                                                                                                              ~~~~~~~~~~~~~^~~~~~~~~~~~~~~~\nC:/Users/spi085/AppData/Local/Programs/R/R-44~1.1/library/RCPPEI~1/include/Eigen/src/Core/GlobalFunctions.h:91:36: note: candidate: 'template<class Derived> const Eigen::CwiseUnaryOp<Eigen::internal::scalar_square_op<typename Derived::Scalar>, const Derived> Eigen::square(const ArrayBase<Derived>&)'\n   91 |   EIGEN_ARRAY_DECLARE_GLOBAL_UNARY(square,scalar_square_op,square (power 2),\\sa Eigen::abs2 DOXCOMMA Eigen::pow DOXCOMMA ArrayBase::square)\n      |                                    ^~~~~~\nC:/Users/spi085/AppData/Local/Programs/R/R-44~1.1/library/RCPPEI~1/include/Eigen/src/Core/GlobalFunctions.h:32:4: note: in definition of macro 'EIGEN_ARRAY_DECLARE_GLOBAL_UNARY'\n   32 |   (NAME)(const Eigen::ArrayBase<Derived>& x) { \\\n      |    ^~~~\nC:/Users/spi085/AppData/Local/Programs/R/R-44~1.1/library/RCPPEI~1/include/Eigen/src/Core/GlobalFunctions.h:91:36: note:   template argument deduction/substitution failed:\n   91 |   EIGEN_ARRAY_DECLARE_GLOBAL_UNARY(square,scalar_square_op,square (power 2),\\sa Eigen::abs2 DOXCOMMA Eigen::pow DOXCOMMA ArrayBase::square)\n      |                                    ^~~~~~\nC:/Users/spi085/AppData/Local/Programs/R/R-44~1.1/library/RCPPEI~1/include/Eigen/src/Core/GlobalFunctions.h:32:4: note: in definition of macro 'EIGEN_ARRAY_DECLARE_GLOBAL_UNARY'\n   32 |   (NAME)(const Eigen::ArrayBase<Derived>& x) { \\\n      |    ^~~~\nPOPULATIONS//POPULATION_0023//INDIVIDUAL_6U52M1HZ/model.cpp:94:123: note:   'Eigen::DenseCoeffsBase<Eigen::Array<CppAD::AD<double>, -1, 1, 0, -1, 1>, 1>::Scalar' {aka 'CppAD::AD<double>'} is not derived from 'const Eigen::ArrayBase<Derived>'\n   94 |     Type slow_predation = a_slow * Eigen::square(cots_pred(t-1)) * slow_pred(t-1) / (Eigen::square(h_cots) + Eigen::square(cots_pred(t-1)));\n      |                                                                                                              ~~~~~~~~~~~~~^~~~~~~~~~~~~~~~\nPOPULATIONS//POPULATION_0023//INDIVIDUAL_6U52M1HZ/model.cpp: In instantiation of 'Type objective_function<Type>::operator()() [with Type = double]':\nC:/Users/spi085/AppData/Local/Programs/R/R-4.4.1/library/TMB/include/tmb_core.hpp:2031:7:   required from here\nPOPULATIONS//POPULATION_0023//INDIVIDUAL_6U52M1HZ/model.cpp:90:49: error: no matching function for call to 'square(Eigen::DenseCoeffsBase<Eigen::Array<double, -1, 1>, 1>::Scalar&)'\n   90 |     Type fast_predation = a_fast * Eigen::square(cots_pred(t-1)) * fast_pred(t-1) / (Eigen::square(h_cots) + Eigen::square(cots_pred(t-1)));\n      |                                    ~~~~~~~~~~~~~^~~~~~~~~~~~~~~~\nC:/Users/spi085/AppData/Local/Programs/R/R-44~1.1/library/RCPPEI~1/include/Eigen/src/Core/GlobalFunctions.h:91:36: note: candidate: 'template<class Derived> const Eigen::CwiseUnaryOp<Eigen::internal::scalar_square_op<typename Derived::Scalar>, const Derived> Eigen::square(const ArrayBase<Derived>&)'\n   91 |   EIGEN_ARRAY_DECLARE_GLOBAL_UNARY(square,scalar_square_op,square (power 2),\\sa Eigen::abs2 DOXCOMMA Eigen::pow DOXCOMMA ArrayBase::square)\n      |                                    ^~~~~~\nC:/Users/spi085/AppData/Local/Programs/R/R-44~1.1/library/RCPPEI~1/include/Eigen/src/Core/GlobalFunctions.h:32:4: note: in definition of macro 'EIGEN_ARRAY_DECLARE_GLOBAL_UNARY'\n   32 |   (NAME)(const Eigen::ArrayBase<Derived>& x) { \\\n      |    ^~~~\nC:/Users/spi085/AppData/Local/Programs/R/R-44~1.1/library/RCPPEI~1/include/Eigen/src/Core/GlobalFunctions.h:91:36: note:   template argument deduction/substitution failed:\n   91 |   EIGEN_ARRAY_DECLARE_GLOBAL_UNARY(square,scalar_square_op,square (power 2),\\sa Eigen::abs2 DOXCOMMA Eigen::pow DOXCOMMA ArrayBase::square)\n      |                                    ^~~~~~\nC:/Users/spi085/AppData/Local/Programs/R/R-44~1.1/library/RCPPEI~1/include/Eigen/src/Core/GlobalFunctions.h:32:4: note: in definition of macro 'EIGEN_ARRAY_DECLARE_GLOBAL_UNARY'\n   32 |   (NAME)(const Eigen::ArrayBase<Derived>& x) { \\\n      |    ^~~~\nPOPULATIONS//POPULATION_0023//INDIVIDUAL_6U52M1HZ/model.cpp:90:49: note:   mismatched types 'const Eigen::ArrayBase<Derived>' and 'Eigen::DenseCoeffsBase<Eigen::Array<double, -1, 1>, 1>::Scalar' {aka 'double'}\n   90 |     Type fast_predation = a_fast * Eigen::square(cots_pred(t-1)) * fast_pred(t-1) / (Eigen::square(h_cots) + Eigen::square(cots_pred(t-1)));\n      |                                    ~~~~~~~~~~~~~^~~~~~~~~~~~~~~~\nPOPULATIONS//POPULATION_0023//INDIVIDUAL_6U52M1HZ/model.cpp:90:99: error: no matching function for call to 'square(double&)'\n   90 |     Type fast_predation = a_fast * Eigen::square(cots_pred(t-1)) * fast_pred(t-1) / (Eigen::square(h_cots) + Eigen::square(cots_pred(t-1)));\n      |                                                                                      ~~~~~~~~~~~~~^~~~~~~~\nC:/Users/spi085/AppData/Local/Programs/R/R-44~1.1/library/RCPPEI~1/include/Eigen/src/Core/GlobalFunctions.h:91:36: note: candidate: 'template<class Derived> const Eigen::CwiseUnaryOp<Eigen::internal::scalar_square_op<typename Derived::Scalar>, const Derived> Eigen::square(const ArrayBase<Derived>&)'\n   91 |   EIGEN_ARRAY_DECLARE_GLOBAL_UNARY(square,scalar_square_op,square (power 2),\\sa Eigen::abs2 DOXCOMMA Eigen::pow DOXCOMMA ArrayBase::square)\n      |                                    ^~~~~~\nC:/Users/spi085/AppData/Local/Programs/R/R-44~1.1/library/RCPPEI~1/include/Eigen/src/Core/GlobalFunctions.h:32:4: note: in definition of macro 'EIGEN_ARRAY_DECLARE_GLOBAL_UNARY'\n   32 |   (NAME)(const Eigen::ArrayBase<Derived>& x) { \\\n      |    ^~~~\nC:/Users/spi085/AppData/Local/Programs/R/R-44~1.1/library/RCPPEI~1/include/Eigen/src/Core/GlobalFunctions.h:91:36: note:   template argument deduction/substitution failed:\n   91 |   EIGEN_ARRAY_DECLARE_GLOBAL_UNARY(square,scalar_square_op,square (power 2),\\sa Eigen::abs2 DOXCOMMA Eigen::pow DOXCOMMA ArrayBase::square)\n      |                                    ^~~~~~\nC:/Users/spi085/AppData/Local/Programs/R/R-44~1.1/library/RCPPEI~1/include/Eigen/src/Core/GlobalFunctions.h:32:4: note: in definition of macro 'EIGEN_ARRAY_DECLARE_GLOBAL_UNARY'\n   32 |   (NAME)(const Eigen::ArrayBase<Derived>& x) { \\\n      |    ^~~~\nPOPULATIONS//POPULATION_0023//INDIVIDUAL_6U52M1HZ/model.cpp:90:99: note:   mismatched types 'const Eigen::ArrayBase<Derived>' and 'double'\n   90 |     Type fast_predation = a_fast * Eigen::square(cots_pred(t-1)) * fast_pred(t-1) / (Eigen::square(h_cots) + Eigen::square(cots_pred(t-1)));\n      |                                                                                      ~~~~~~~~~~~~~^~~~~~~~\nPOPULATIONS//POPULATION_0023//INDIVIDUAL_6U52M1HZ/model.cpp:90:123: error: no matching function for call to 'square(Eigen::DenseCoeffsBase<Eigen::Array<double, -1, 1>, 1>::Scalar&)'\n   90 |     Type fast_predation = a_fast * Eigen::square(cots_pred(t-1)) * fast_pred(t-1) / (Eigen::square(h_cots) + Eigen::square(cots_pred(t-1)));\n      |                                                                                                              ~~~~~~~~~~~~~^~~~~~~~~~~~~~~~\nC:/Users/spi085/AppData/Local/Programs/R/R-44~1.1/library/RCPPEI~1/include/Eigen/src/Core/GlobalFunctions.h:91:36: note: candidate: 'template<class Derived> const Eigen::CwiseUnaryOp<Eigen::internal::scalar_square_op<typename Derived::Scalar>, const Derived> Eigen::square(const ArrayBase<Derived>&)'\n   91 |   EIGEN_ARRAY_DECLARE_GLOBAL_UNARY(square,scalar_square_op,square (power 2),\\sa Eigen::abs2 DOXCOMMA Eigen::pow DOXCOMMA ArrayBase::square)\n      |                                    ^~~~~~\nC:/Users/spi085/AppData/Local/Programs/R/R-44~1.1/library/RCPPEI~1/include/Eigen/src/Core/GlobalFunctions.h:32:4: note: in definition of macro 'EIGEN_ARRAY_DECLARE_GLOBAL_UNARY'\n   32 |   (NAME)(const Eigen::ArrayBase<Derived>& x) { \\\n      |    ^~~~\nC:/Users/spi085/AppData/Local/Programs/R/R-44~1.1/library/RCPPEI~1/include/Eigen/src/Core/GlobalFunctions.h:91:36: note:   template argument deduction/substitution failed:\n   91 |   EIGEN_ARRAY_DECLARE_GLOBAL_UNARY(square,scalar_square_op,square (power 2),\\sa Eigen::abs2 DOXCOMMA Eigen::pow DOXCOMMA ArrayBase::square)\n      |                                    ^~~~~~\nC:/Users/spi085/AppData/Local/Programs/R/R-44~1.1/library/RCPPEI~1/include/Eigen/src/Core/GlobalFunctions.h:32:4: note: in definition of macro 'EIGEN_ARRAY_DECLARE_GLOBAL_UNARY'\n   32 |   (NAME)(const Eigen::ArrayBase<Derived>& x) { \\\n      |    ^~~~\nPOPULATIONS//POPULATION_0023//INDIVIDUAL_6U52M1HZ/model.cpp:90:123: note:   mismatched types 'const Eigen::ArrayBase<Derived>' and 'Eigen::DenseCoeffsBase<Eigen::Array<double, -1, 1>, 1>::Scalar' {aka 'double'}\n   90 |     Type fast_predation = a_fast * Eigen::square(cots_pred(t-1)) * fast_pred(t-1) / (Eigen::square(h_cots) + Eigen::square(cots_pred(t-1)));\n      |                                                                                                              ~~~~~~~~~~~~~^~~~~~~~~~~~~~~~\nPOPULATIONS//POPULATION_0023//INDIVIDUAL_6U52M1HZ/model.cpp:94:49: error: no matching function for call to 'square(Eigen::DenseCoeffsBase<Eigen::Array<double, -1, 1>, 1>::Scalar&)'\n   94 |     Type slow_predation = a_slow * Eigen::square(cots_pred(t-1)) * slow_pred(t-1) / (Eigen::square(h_cots) + Eigen::square(cots_pred(t-1)));\n      |                                    ~~~~~~~~~~~~~^~~~~~~~~~~~~~~~\nC:/Users/spi085/AppData/Local/Programs/R/R-44~1.1/library/RCPPEI~1/include/Eigen/src/Core/GlobalFunctions.h:91:36: note: candidate: 'template<class Derived> const Eigen::CwiseUnaryOp<Eigen::internal::scalar_square_op<typename Derived::Scalar>, const Derived> Eigen::square(const ArrayBase<Derived>&)'\n   91 |   EIGEN_ARRAY_DECLARE_GLOBAL_UNARY(square,scalar_square_op,square (power 2),\\sa Eigen::abs2 DOXCOMMA Eigen::pow DOXCOMMA ArrayBase::square)\n      |                                    ^~~~~~\nC:/Users/spi085/AppData/Local/Programs/R/R-44~1.1/library/RCPPEI~1/include/Eigen/src/Core/GlobalFunctions.h:32:4: note: in definition of macro 'EIGEN_ARRAY_DECLARE_GLOBAL_UNARY'\n   32 |   (NAME)(const Eigen::ArrayBase<Derived>& x) { \\\n      |    ^~~~\nC:/Users/spi085/AppData/Local/Programs/R/R-44~1.1/library/RCPPEI~1/include/Eigen/src/Core/GlobalFunctions.h:91:36: note:   template argument deduction/substitution failed:\n   91 |   EIGEN_ARRAY_DECLARE_GLOBAL_UNARY(square,scalar_square_op,square (power 2),\\sa Eigen::abs2 DOXCOMMA Eigen::pow DOXCOMMA ArrayBase::square)\n      |                                    ^~~~~~\nC:/Users/spi085/AppData/Local/Programs/R/R-44~1.1/library/RCPPEI~1/include/Eigen/src/Core/GlobalFunctions.h:32:4: note: in definition of macro 'EIGEN_ARRAY_DECLARE_GLOBAL_UNARY'\n   32 |   (NAME)(const Eigen::ArrayBase<Derived>& x) { \\\n      |    ^~~~\nPOPULATIONS//POPULATION_0023//INDIVIDUAL_6U52M1HZ/model.cpp:94:49: note:   mismatched types 'const Eigen::ArrayBase<Derived>' and 'Eigen::DenseCoeffsBase<Eigen::Array<double, -1, 1>, 1>::Scalar' {aka 'double'}\n   94 |     Type slow_predation = a_slow * Eigen::square(cots_pred(t-1)) * slow_pred(t-1) / (Eigen::square(h_cots) + Eigen::square(cots_pred(t-1)));\n      |                                    ~~~~~~~~~~~~~^~~~~~~~~~~~~~~~\nPOPULATIONS//POPULATION_0023//INDIVIDUAL_6U52M1HZ/model.cpp:94:99: error: no matching function for call to 'square(double&)'\n   94 |     Type slow_predation = a_slow * Eigen::square(cots_pred(t-1)) * slow_pred(t-1) / (Eigen::square(h_cots) + Eigen::square(cots_pred(t-1)));\n      |                                                                                      ~~~~~~~~~~~~~^~~~~~~~\nC:/Users/spi085/AppData/Local/Programs/R/R-44~1.1/library/RCPPEI~1/include/Eigen/src/Core/GlobalFunctions.h:91:36: note: candidate: 'template<class Derived> const Eigen::CwiseUnaryOp<Eigen::internal::scalar_square_op<typename Derived::Scalar>, const Derived> Eigen::square(const ArrayBase<Derived>&)'\n   91 |   EIGEN_ARRAY_DECLARE_GLOBAL_UNARY(square,scalar_square_op,square (power 2),\\sa Eigen::abs2 DOXCOMMA Eigen::pow DOXCOMMA ArrayBase::square)\n      |                                    ^~~~~~\nC:/Users/spi085/AppData/Local/Programs/R/R-44~1.1/library/RCPPEI~1/include/Eigen/src/Core/GlobalFunctions.h:32:4: note: in definition of macro 'EIGEN_ARRAY_DECLARE_GLOBAL_UNARY'\n   32 |   (NAME)(const Eigen::ArrayBase<Derived>& x) { \\\n      |    ^~~~\nC:/Users/spi085/AppData/Local/Programs/R/R-44~1.1/library/RCPPEI~1/include/Eigen/src/Core/GlobalFunctions.h:91:36: note:   template argument deduction/substitution failed:\n   91 |   EIGEN_ARRAY_DECLARE_GLOBAL_UNARY(square,scalar_square_op,square (power 2),\\sa Eigen::abs2 DOXCOMMA Eigen::pow DOXCOMMA ArrayBase::square)\n      |                                    ^~~~~~\nC:/Users/spi085/AppData/Local/Programs/R/R-44~1.1/library/RCPPEI~1/include/Eigen/src/Core/GlobalFunctions.h:32:4: note: in definition of macro 'EIGEN_ARRAY_DECLARE_GLOBAL_UNARY'\n   32 |   (NAME)(const Eigen::ArrayBase<Derived>& x) { \\\n      |    ^~~~\nPOPULATIONS//POPULATION_0023//INDIVIDUAL_6U52M1HZ/model.cpp:94:99: note:   mismatched types 'const Eigen::ArrayBase<Derived>' and 'double'\n   94 |     Type slow_predation = a_slow * Eigen::square(cots_pred(t-1)) * slow_pred(t-1) / (Eigen::square(h_cots) + Eigen::square(cots_pred(t-1)));\n      |                                                                                      ~~~~~~~~~~~~~^~~~~~~~\nPOPULATIONS//POPULATION_0023//INDIVIDUAL_6U52M1HZ/model.cpp:94:123: error: no matching function for call to 'square(Eigen::DenseCoeffsBase<Eigen::Array<double, -1, 1>, 1>::Scalar&)'\n   94 |     Type slow_predation = a_slow * Eigen::square(cots_pred(t-1)) * slow_pred(t-1) / (Eigen::square(h_cots) + Eigen::square(cots_pred(t-1)));\n      |                                                                                                              ~~~~~~~~~~~~~^~~~~~~~~~~~~~~~\nC:/Users/spi085/AppData/Local/Programs/R/R-44~1.1/library/RCPPEI~1/include/Eigen/src/Core/GlobalFunctions.h:91:36: note: candidate: 'template<class Derived> const Eigen::CwiseUnaryOp<Eigen::internal::scalar_square_op<typename Derived::Scalar>, const Derived> Eigen::square(const ArrayBase<Derived>&)'\n   91 |   EIGEN_ARRAY_DECLARE_GLOBAL_UNARY(square,scalar_square_op,square (power 2),\\sa Eigen::abs2 DOXCOMMA Eigen::pow DOXCOMMA ArrayBase::square)\n      |                                    ^~~~~~\nC:/Users/spi085/AppData/Local/Programs/R/R-44~1.1/library/RCPPEI~1/include/Eigen/src/Core/GlobalFunctions.h:32:4: note: in definition of macro 'EIGEN_ARRAY_DECLARE_GLOBAL_UNARY'\n   32 |   (NAME)(const Eigen::ArrayBase<Derived>& x) { \\\n      |    ^~~~\nC:/Users/spi085/AppData/Local/Programs/R/R-44~1.1/library/RCPPEI~1/include/Eigen/src/Core/GlobalFunctions.h:91:36: note:   template argument deduction/substitution failed:\n   91 |   EIGEN_ARRAY_DECLARE_GLOBAL_UNARY(square,scalar_square_op,square (power 2),\\sa Eigen::abs2 DOXCOMMA Eigen::pow DOXCOMMA ArrayBase::square)\n      |                                    ^~~~~~\nC:/Users/spi085/AppData/Local/Programs/R/R-44~1.1/library/RCPPEI~1/include/Eigen/src/Core/GlobalFunctions.h:32:4: note: in definition of macro 'EIGEN_ARRAY_DECLARE_GLOBAL_UNARY'\n   32 |   (NAME)(const Eigen::ArrayBase<Derived>& x) { \\\n      |    ^~~~\nPOPULATIONS//POPULATION_0023//INDIVIDUAL_6U52M1HZ/model.cpp:94:123: note:   mismatched types 'const Eigen::ArrayBase<Derived>' and 'Eigen::DenseCoeffsBase<Eigen::Array<double, -1, 1>, 1>::Scalar' {aka 'double'}\n   94 |     Type slow_predation = a_slow * Eigen::square(cots_pred(t-1)) * slow_pred(t-1) / (Eigen::square(h_cots) + Eigen::square(cots_pred(t-1)));\n      |                                                                                                              ~~~~~~~~~~~~~^~~~~~~~~~~~~~~~\nPOPULATIONS//POPULATION_0023//INDIVIDUAL_6U52M1HZ/model.cpp: In instantiation of 'Type objective_function<Type>::operator()() [with Type = CppAD::AD<CppAD::AD<double> >]':\nC:/Users/spi085/AppData/Local/Programs/R/R-4.4.1/library/TMB/include/tmb_core.hpp:913:29:   required from 'Type objective_function<Type>::evalUserTemplate() [with Type = CppAD::AD<CppAD::AD<double> >]'\nC:/Users/spi085/AppData/Local/Programs/R/R-4.4.1/library/TMB/include/tmb_core.hpp:2112:26:   required from here\nPOPULATIONS//POPULATION_0023//INDIVIDUAL_6U52M1HZ/model.cpp:90:49: error: no matching function for call to 'square(Eigen::DenseCoeffsBase<Eigen::Array<CppAD::AD<CppAD::AD<double> >, -1, 1, 0, -1, 1>, 1>::Scalar&)'\n   90 |     Type fast_predation = a_fast * Eigen::square(cots_pred(t-1)) * fast_pred(t-1) / (Eigen::square(h_cots) + Eigen::square(cots_pred(t-1)));\n      |                                    ~~~~~~~~~~~~~^~~~~~~~~~~~~~~~\nC:/Users/spi085/AppData/Local/Programs/R/R-44~1.1/library/RCPPEI~1/include/Eigen/src/Core/GlobalFunctions.h:91:36: note: candidate: 'template<class Derived> const Eigen::CwiseUnaryOp<Eigen::internal::scalar_square_op<typename Derived::Scalar>, const Derived> Eigen::square(const ArrayBase<Derived>&)'\n   91 |   EIGEN_ARRAY_DECLARE_GLOBAL_UNARY(square,scalar_square_op,square (power 2),\\sa Eigen::abs2 DOXCOMMA Eigen::pow DOXCOMMA ArrayBase::square)\n      |                                    ^~~~~~\nC:/Users/spi085/AppData/Local/Programs/R/R-44~1.1/library/RCPPEI~1/include/Eigen/src/Core/GlobalFunctions.h:32:4: note: in definition of macro 'EIGEN_ARRAY_DECLARE_GLOBAL_UNARY'\n   32 |   (NAME)(const Eigen::ArrayBase<Derived>& x) { \\\n      |    ^~~~\nC:/Users/spi085/AppData/Local/Programs/R/R-44~1.1/library/RCPPEI~1/include/Eigen/src/Core/GlobalFunctions.h:91:36: note:   template argument deduction/substitution failed:\n   91 |   EIGEN_ARRAY_DECLARE_GLOBAL_UNARY(square,scalar_square_op,square (power 2),\\sa Eigen::abs2 DOXCOMMA Eigen::pow DOXCOMMA ArrayBase::square)\n      |                                    ^~~~~~\nC:/Users/spi085/AppData/Local/Programs/R/R-44~1.1/library/RCPPEI~1/include/Eigen/src/Core/GlobalFunctions.h:32:4: note: in definition of macro 'EIGEN_ARRAY_DECLARE_GLOBAL_UNARY'\n   32 |   (NAME)(const Eigen::ArrayBase<Derived>& x) { \\\n      |    ^~~~\nPOPULATIONS//POPULATION_0023//INDIVIDUAL_6U52M1HZ/model.cpp:90:49: note:   'Eigen::DenseCoeffsBase<Eigen::Array<CppAD::AD<CppAD::AD<double> >, -1, 1, 0, -1, 1>, 1>::Scalar' {aka 'CppAD::AD<CppAD::AD<double> >'} is not derived from 'const Eigen::ArrayBase<Derived>'\n   90 |     Type fast_predation = a_fast * Eigen::square(cots_pred(t-1)) * fast_pred(t-1) / (Eigen::square(h_cots) + Eigen::square(cots_pred(t-1)));\n      |                                    ~~~~~~~~~~~~~^~~~~~~~~~~~~~~~\nPOPULATIONS//POPULATION_0023//INDIVIDUAL_6U52M1HZ/model.cpp:90:99: error: no matching function for call to 'square(CppAD::AD<CppAD::AD<double> >&)'\n   90 |     Type fast_predation = a_fast * Eigen::square(cots_pred(t-1)) * fast_pred(t-1) / (Eigen::square(h_cots) + Eigen::square(cots_pred(t-1)));\n      |                                                                                      ~~~~~~~~~~~~~^~~~~~~~\nC:/Users/spi085/AppData/Local/Programs/R/R-44~1.1/library/RCPPEI~1/include/Eigen/src/Core/GlobalFunctions.h:91:36: note: candidate: 'template<class Derived> const Eigen::CwiseUnaryOp<Eigen::internal::scalar_square_op<typename Derived::Scalar>, const Derived> Eigen::square(const ArrayBase<Derived>&)'\n   91 |   EIGEN_ARRAY_DECLARE_GLOBAL_UNARY(square,scalar_square_op,square (power 2),\\sa Eigen::abs2 DOXCOMMA Eigen::pow DOXCOMMA ArrayBase::square)\n      |                                    ^~~~~~\nC:/Users/spi085/AppData/Local/Programs/R/R-44~1.1/library/RCPPEI~1/include/Eigen/src/Core/GlobalFunctions.h:32:4: note: in definition of macro 'EIGEN_ARRAY_DECLARE_GLOBAL_UNARY'\n   32 |   (NAME)(const Eigen::ArrayBase<Derived>& x) { \\\n      |    ^~~~\nC:/Users/spi085/AppData/Local/Programs/R/R-44~1.1/library/RCPPEI~1/include/Eigen/src/Core/GlobalFunctions.h:91:36: note:   template argument deduction/substitution failed:\n   91 |   EIGEN_ARRAY_DECLARE_GLOBAL_UNARY(square,scalar_square_op,square (power 2),\\sa Eigen::abs2 DOXCOMMA Eigen::pow DOXCOMMA ArrayBase::square)\n      |                                    ^~~~~~\nC:/Users/spi085/AppData/Local/Programs/R/R-44~1.1/library/RCPPEI~1/include/Eigen/src/Core/GlobalFunctions.h:32:4: note: in definition of macro 'EIGEN_ARRAY_DECLARE_GLOBAL_UNARY'\n   32 |   (NAME)(const Eigen::ArrayBase<Derived>& x) { \\\n      |    ^~~~\nPOPULATIONS//POPULATION_0023//INDIVIDUAL_6U52M1HZ/model.cpp:90:99: note:   'CppAD::AD<CppAD::AD<double> >' is not derived from 'const Eigen::ArrayBase<Derived>'\n   90 |     Type fast_predation = a_fast * Eigen::square(cots_pred(t-1)) * fast_pred(t-1) / (Eigen::square(h_cots) + Eigen::square(cots_pred(t-1)));\n      |                                                                                      ~~~~~~~~~~~~~^~~~~~~~\nPOPULATIONS//POPULATION_0023//INDIVIDUAL_6U52M1HZ/model.cpp:90:123: error: no matching function for call to 'square(Eigen::DenseCoeffsBase<Eigen::Array<CppAD::AD<CppAD::AD<double> >, -1, 1, 0, -1, 1>, 1>::Scalar&)'\n   90 |     Type fast_predation = a_fast * Eigen::square(cots_pred(t-1)) * fast_pred(t-1) / (Eigen::square(h_cots) + Eigen::square(cots_pred(t-1)));\n      |                                                                                                              ~~~~~~~~~~~~~^~~~~~~~~~~~~~~~\nC:/Users/spi085/AppData/Local/Programs/R/R-44~1.1/library/RCPPEI~1/include/Eigen/src/Core/GlobalFunctions.h:91:36: note: candidate: 'template<class Derived> const Eigen::CwiseUnaryOp<Eigen::internal::scalar_square_op<typename Derived::Scalar>, const Derived> Eigen::square(const ArrayBase<Derived>&)'\n   91 |   EIGEN_ARRAY_DECLARE_GLOBAL_UNARY(square,scalar_square_op,square (power 2),\\sa Eigen::abs2 DOXCOMMA Eigen::pow DOXCOMMA ArrayBase::square)\n      |                                    ^~~~~~\nC:/Users/spi085/AppData/Local/Programs/R/R-44~1.1/library/RCPPEI~1/include/Eigen/src/Core/GlobalFunctions.h:32:4: note: in definition of macro 'EIGEN_ARRAY_DECLARE_GLOBAL_UNARY'\n   32 |   (NAME)(const Eigen::ArrayBase<Derived>& x) { \\\n      |    ^~~~\nC:/Users/spi085/AppData/Local/Programs/R/R-44~1.1/library/RCPPEI~1/include/Eigen/src/Core/GlobalFunctions.h:91:36: note:   template argument deduction/substitution failed:\n   91 |   EIGEN_ARRAY_DECLARE_GLOBAL_UNARY(square,scalar_square_op,square (power 2),\\sa Eigen::abs2 DOXCOMMA Eigen::pow DOXCOMMA ArrayBase::square)\n      |                                    ^~~~~~\nC:/Users/spi085/AppData/Local/Programs/R/R-44~1.1/library/RCPPEI~1/include/Eigen/src/Core/GlobalFunctions.h:32:4: note: in definition of macro 'EIGEN_ARRAY_DECLARE_GLOBAL_UNARY'\n   32 |   (NAME)(const Eigen::ArrayBase<Derived>& x) { \\\n      |    ^~~~\nPOPULATIONS//POPULATION_0023//INDIVIDUAL_6U52M1HZ/model.cpp:90:123: note:   'Eigen::DenseCoeffsBase<Eigen::Array<CppAD::AD<CppAD::AD<double> >, -1, 1, 0, -1, 1>, 1>::Scalar' {aka 'CppAD::AD<CppAD::AD<double> >'} is not derived from 'const Eigen::ArrayBase<Derived>'\n   90 |     Type fast_predation = a_fast * Eigen::square(cots_pred(t-1)) * fast_pred(t-1) / (Eigen::square(h_cots) + Eigen::square(cots_pred(t-1)));\n      |                                                                                                              ~~~~~~~~~~~~~^~~~~~~~~~~~~~~~\nPOPULATIONS//POPULATION_0023//INDIVIDUAL_6U52M1HZ/model.cpp:94:49: error: no matching function for call to 'square(Eigen::DenseCoeffsBase<Eigen::Array<CppAD::AD<CppAD::AD<double> >, -1, 1, 0, -1, 1>, 1>::Scalar&)'\n   94 |     Type slow_predation = a_slow * Eigen::square(cots_pred(t-1)) * slow_pred(t-1) / (Eigen::square(h_cots) + Eigen::square(cots_pred(t-1)));\n      |                                    ~~~~~~~~~~~~~^~~~~~~~~~~~~~~~\nC:/Users/spi085/AppData/Local/Programs/R/R-44~1.1/library/RCPPEI~1/include/Eigen/src/Core/GlobalFunctions.h:91:36: note: candidate: 'template<class Derived> const Eigen::CwiseUnaryOp<Eigen::internal::scalar_square_op<typename Derived::Scalar>, const Derived> Eigen::square(const ArrayBase<Derived>&)'\n   91 |   EIGEN_ARRAY_DECLARE_GLOBAL_UNARY(square,scalar_square_op,square (power 2),\\sa Eigen::abs2 DOXCOMMA Eigen::pow DOXCOMMA ArrayBase::square)\n      |                                    ^~~~~~\nC:/Users/spi085/AppData/Local/Programs/R/R-44~1.1/library/RCPPEI~1/include/Eigen/src/Core/GlobalFunctions.h:32:4: note: in definition of macro 'EIGEN_ARRAY_DECLARE_GLOBAL_UNARY'\n   32 |   (NAME)(const Eigen::ArrayBase<Derived>& x) { \\\n      |    ^~~~\nC:/Users/spi085/AppData/Local/Programs/R/R-44~1.1/library/RCPPEI~1/include/Eigen/src/Core/GlobalFunctions.h:91:36: note:   template argument deduction/substitution failed:\n   91 |   EIGEN_ARRAY_DECLARE_GLOBAL_UNARY(square,scalar_square_op,square (power 2),\\sa Eigen::abs2 DOXCOMMA Eigen::pow DOXCOMMA ArrayBase::square)\n      |                                    ^~~~~~\nC:/Users/spi085/AppData/Local/Programs/R/R-44~1.1/library/RCPPEI~1/include/Eigen/src/Core/GlobalFunctions.h:32:4: note: in definition of macro 'EIGEN_ARRAY_DECLARE_GLOBAL_UNARY'\n   32 |   (NAME)(const Eigen::ArrayBase<Derived>& x) { \\\n      |    ^~~~\nPOPULATIONS//POPULATION_0023//INDIVIDUAL_6U52M1HZ/model.cpp:94:49: note:   'Eigen::DenseCoeffsBase<Eigen::Array<CppAD::AD<CppAD::AD<double> >, -1, 1, 0, -1, 1>, 1>::Scalar' {aka 'CppAD::AD<CppAD::AD<double> >'} is not derived from 'const Eigen::ArrayBase<Derived>'\n   94 |     Type slow_predation = a_slow * Eigen::square(cots_pred(t-1)) * slow_pred(t-1) / (Eigen::square(h_cots) + Eigen::square(cots_pred(t-1)));\n      |                                    ~~~~~~~~~~~~~^~~~~~~~~~~~~~~~\nPOPULATIONS//POPULATION_0023//INDIVIDUAL_6U52M1HZ/model.cpp:94:99: error: no matching function for call to 'square(CppAD::AD<CppAD::AD<double> >&)'\n   94 |     Type slow_predation = a_slow * Eigen::square(cots_pred(t-1)) * slow_pred(t-1) / (Eigen::square(h_cots) + Eigen::square(cots_pred(t-1)));\n      |                                                                                      ~~~~~~~~~~~~~^~~~~~~~\nC:/Users/spi085/AppData/Local/Programs/R/R-44~1.1/library/RCPPEI~1/include/Eigen/src/Core/GlobalFunctions.h:91:36: note: candidate: 'template<class Derived> const Eigen::CwiseUnaryOp<Eigen::internal::scalar_square_op<typename Derived::Scalar>, const Derived> Eigen::square(const ArrayBase<Derived>&)'\n   91 |   EIGEN_ARRAY_DECLARE_GLOBAL_UNARY(square,scalar_square_op,square (power 2),\\sa Eigen::abs2 DOXCOMMA Eigen::pow DOXCOMMA ArrayBase::square)\n      |                                    ^~~~~~\nC:/Users/spi085/AppData/Local/Programs/R/R-44~1.1/library/RCPPEI~1/include/Eigen/src/Core/GlobalFunctions.h:32:4: note: in definition of macro 'EIGEN_ARRAY_DECLARE_GLOBAL_UNARY'\n   32 |   (NAME)(const Eigen::ArrayBase<Derived>& x) { \\\n      |    ^~~~\nC:/Users/spi085/AppData/Local/Programs/R/R-44~1.1/library/RCPPEI~1/include/Eigen/src/Core/GlobalFunctions.h:91:36: note:   template argument deduction/substitution failed:\n   91 |   EIGEN_ARRAY_DECLARE_GLOBAL_UNARY(square,scalar_square_op,square (power 2),\\sa Eigen::abs2 DOXCOMMA Eigen::pow DOXCOMMA ArrayBase::square)\n      |                                    ^~~~~~\nC:/Users/spi085/AppData/Local/Programs/R/R-44~1.1/library/RCPPEI~1/include/Eigen/src/Core/GlobalFunctions.h:32:4: note: in definition of macro 'EIGEN_ARRAY_DECLARE_GLOBAL_UNARY'\n   32 |   (NAME)(const Eigen::ArrayBase<Derived>& x) { \\\n      |    ^~~~\nPOPULATIONS//POPULATION_0023//INDIVIDUAL_6U52M1HZ/model.cpp:94:99: note:   'CppAD::AD<CppAD::AD<double> >' is not derived from 'const Eigen::ArrayBase<Derived>'\n   94 |     Type slow_predation = a_slow * Eigen::square(cots_pred(t-1)) * slow_pred(t-1) / (Eigen::square(h_cots) + Eigen::square(cots_pred(t-1)));\n      |                                                                                      ~~~~~~~~~~~~~^~~~~~~~\nPOPULATIONS//POPULATION_0023//INDIVIDUAL_6U52M1HZ/model.cpp:94:123: error: no matching function for call to 'square(Eigen::DenseCoeffsBase<Eigen::Array<CppAD::AD<CppAD::AD<double> >, -1, 1, 0, -1, 1>, 1>::Scalar&)'\n   94 |     Type slow_predation = a_slow * Eigen::square(cots_pred(t-1)) * slow_pred(t-1) / (Eigen::square(h_cots) + Eigen::square(cots_pred(t-1)));\n      |                                                                                                              ~~~~~~~~~~~~~^~~~~~~~~~~~~~~~\nC:/Users/spi085/AppData/Local/Programs/R/R-44~1.1/library/RCPPEI~1/include/Eigen/src/Core/GlobalFunctions.h:91:36: note: candidate: 'template<class Derived> const Eigen::CwiseUnaryOp<Eigen::internal::scalar_square_op<typename Derived::Scalar>, const Derived> Eigen::square(const ArrayBase<Derived>&)'\n   91 |   EIGEN_ARRAY_DECLARE_GLOBAL_UNARY(square,scalar_square_op,square (power 2),\\sa Eigen::abs2 DOXCOMMA Eigen::pow DOXCOMMA ArrayBase::square)\n      |                                    ^~~~~~\nC:/Users/spi085/AppData/Local/Programs/R/R-44~1.1/library/RCPPEI~1/include/Eigen/src/Core/GlobalFunctions.h:32:4: note: in definition of macro 'EIGEN_ARRAY_DECLARE_GLOBAL_UNARY'\n   32 |   (NAME)(const Eigen::ArrayBase<Derived>& x) { \\\n      |    ^~~~\nC:/Users/spi085/AppData/Local/Programs/R/R-44~1.1/library/RCPPEI~1/include/Eigen/src/Core/GlobalFunctions.h:91:36: note:   template argument deduction/substitution failed:\n   91 |   EIGEN_ARRAY_DECLARE_GLOBAL_UNARY(square,scalar_square_op,square (power 2),\\sa Eigen::abs2 DOXCOMMA Eigen::pow DOXCOMMA ArrayBase::square)\n      |                                    ^~~~~~\nC:/Users/spi085/AppData/Local/Programs/R/R-44~1.1/library/RCPPEI~1/include/Eigen/src/Core/GlobalFunctions.h:32:4: note: in definition of macro 'EIGEN_ARRAY_DECLARE_GLOBAL_UNARY'\n   32 |   (NAME)(const Eigen::ArrayBase<Derived>& x) { \\\n      |    ^~~~\nPOPULATIONS//POPULATION_0023//INDIVIDUAL_6U52M1HZ/model.cpp:94:123: note:   'Eigen::DenseCoeffsBase<Eigen::Array<CppAD::AD<CppAD::AD<double> >, -1, 1, 0, -1, 1>, 1>::Scalar' {aka 'CppAD::AD<CppAD::AD<double> >'} is not derived from 'const Eigen::ArrayBase<Derived>'\n   94 |     Type slow_predation = a_slow * Eigen::square(cots_pred(t-1)) * slow_pred(t-1) / (Eigen::square(h_cots) + Eigen::square(cots_pred(t-1)));\n      |                                                                                                              ~~~~~~~~~~~~~^~~~~~~~~~~~~~~~\nPOPULATIONS//POPULATION_0023//INDIVIDUAL_6U52M1HZ/model.cpp: In instantiation of 'Type objective_function<Type>::operator()() [with Type = CppAD::AD<CppAD::AD<CppAD::AD<double> > >]':\nC:/Users/spi085/AppData/Local/Programs/R/R-4.4.1/library/TMB/include/tmb_core.hpp:913:29:   required from 'Type objective_function<Type>::evalUserTemplate() [with Type = CppAD::AD<CppAD::AD<CppAD::AD<double> > >]'\nC:/Users/spi085/AppData/Local/Programs/R/R-4.4.1/library/TMB/include/tmb_core.hpp:2361:28:   required from here\nPOPULATIONS//POPULATION_0023//INDIVIDUAL_6U52M1HZ/model.cpp:90:49: error: no matching function for call to 'square(Eigen::DenseCoeffsBase<Eigen::Array<CppAD::AD<CppAD::AD<CppAD::AD<double> > >, -1, 1, 0, -1, 1>, 1>::Scalar&)'\n   90 |     Type fast_predation = a_fast * Eigen::square(cots_pred(t-1)) * fast_pred(t-1) / (Eigen::square(h_cots) + Eigen::square(cots_pred(t-1)));\n      |                                    ~~~~~~~~~~~~~^~~~~~~~~~~~~~~~\nC:/Users/spi085/AppData/Local/Programs/R/R-44~1.1/library/RCPPEI~1/include/Eigen/src/Core/GlobalFunctions.h:91:36: note: candidate: 'template<class Derived> const Eigen::CwiseUnaryOp<Eigen::internal::scalar_square_op<typename Derived::Scalar>, const Derived> Eigen::square(const ArrayBase<Derived>&)'\n   91 |   EIGEN_ARRAY_DECLARE_GLOBAL_UNARY(square,scalar_square_op,square (power 2),\\sa Eigen::abs2 DOXCOMMA Eigen::pow DOXCOMMA ArrayBase::square)\n      |                                    ^~~~~~\nC:/Users/spi085/AppData/Local/Programs/R/R-44~1.1/library/RCPPEI~1/include/Eigen/src/Core/GlobalFunctions.h:32:4: note: in definition of macro 'EIGEN_ARRAY_DECLARE_GLOBAL_UNARY'\n   32 |   (NAME)(const Eigen::ArrayBase<Derived>& x) { \\\n      |    ^~~~\nC:/Users/spi085/AppData/Local/Programs/R/R-44~1.1/library/RCPPEI~1/include/Eigen/src/Core/GlobalFunctions.h:91:36: note:   template argument deduction/substitution failed:\n   91 |   EIGEN_ARRAY_DECLARE_GLOBAL_UNARY(square,scalar_square_op,square (power 2),\\sa Eigen::abs2 DOXCOMMA Eigen::pow DOXCOMMA ArrayBase::square)\n      |                                    ^~~~~~\nC:/Users/spi085/AppData/Local/Programs/R/R-44~1.1/library/RCPPEI~1/include/Eigen/src/Core/GlobalFunctions.h:32:4: note: in definition of macro 'EIGEN_ARRAY_DECLARE_GLOBAL_UNARY'\n   32 |   (NAME)(const Eigen::ArrayBase<Derived>& x) { \\\n      |    ^~~~\nPOPULATIONS//POPULATION_0023//INDIVIDUAL_6U52M1HZ/model.cpp:90:49: note:   'Eigen::DenseCoeffsBase<Eigen::Array<CppAD::AD<CppAD::AD<CppAD::AD<double> > >, -1, 1, 0, -1, 1>, 1>::Scalar' {aka 'CppAD::AD<CppAD::AD<CppAD::AD<double> > >'} is not derived from 'const Eigen::ArrayBase<Derived>'\n   90 |     Type fast_predation = a_fast * Eigen::square(cots_pred(t-1)) * fast_pred(t-1) / (Eigen::square(h_cots) + Eigen::square(cots_pred(t-1)));\n      |                                    ~~~~~~~~~~~~~^~~~~~~~~~~~~~~~\nPOPULATIONS//POPULATION_0023//INDIVIDUAL_6U52M1HZ/model.cpp:90:99: error: no matching function for call to 'square(CppAD::AD<CppAD::AD<CppAD::AD<double> > >&)'\n   90 |     Type fast_predation = a_fast * Eigen::square(cots_pred(t-1)) * fast_pred(t-1) / (Eigen::square(h_cots) + Eigen::square(cots_pred(t-1)));\n      |                                                                                      ~~~~~~~~~~~~~^~~~~~~~\nC:/Users/spi085/AppData/Local/Programs/R/R-44~1.1/library/RCPPEI~1/include/Eigen/src/Core/GlobalFunctions.h:91:36: note: candidate: 'template<class Derived> const Eigen::CwiseUnaryOp<Eigen::internal::scalar_square_op<typename Derived::Scalar>, const Derived> Eigen::square(const ArrayBase<Derived>&)'\n   91 |   EIGEN_ARRAY_DECLARE_GLOBAL_UNARY(square,scalar_square_op,square (power 2),\\sa Eigen::abs2 DOXCOMMA Eigen::pow DOXCOMMA ArrayBase::square)\n      |                                    ^~~~~~\nC:/Users/spi085/AppData/Local/Programs/R/R-44~1.1/library/RCPPEI~1/include/Eigen/src/Core/GlobalFunctions.h:32:4: note: in definition of macro 'EIGEN_ARRAY_DECLARE_GLOBAL_UNARY'\n   32 |   (NAME)(const Eigen::ArrayBase<Derived>& x) { \\\n      |    ^~~~\nC:/Users/spi085/AppData/Local/Programs/R/R-44~1.1/library/RCPPEI~1/include/Eigen/src/Core/GlobalFunctions.h:91:36: note:   template argument deduction/substitution failed:\n   91 |   EIGEN_ARRAY_DECLARE_GLOBAL_UNARY(square,scalar_square_op,square (power 2),\\sa Eigen::abs2 DOXCOMMA Eigen::pow DOXCOMMA ArrayBase::square)\n      |                                    ^~~~~~\nC:/Users/spi085/AppData/Local/Programs/R/R-44~1.1/library/RCPPEI~1/include/Eigen/src/Core/GlobalFunctions.h:32:4: note: in definition of macro 'EIGEN_ARRAY_DECLARE_GLOBAL_UNARY'\n   32 |   (NAME)(const Eigen::ArrayBase<Derived>& x) { \\\n      |    ^~~~\nPOPULATIONS//POPULATION_0023//INDIVIDUAL_6U52M1HZ/model.cpp:90:99: note:   'CppAD::AD<CppAD::AD<CppAD::AD<double> > >' is not derived from 'const Eigen::ArrayBase<Derived>'\n   90 |     Type fast_predation = a_fast * Eigen::square(cots_pred(t-1)) * fast_pred(t-1) / (Eigen::square(h_cots) + Eigen::square(cots_pred(t-1)));\n      |                                                                                      ~~~~~~~~~~~~~^~~~~~~~\nPOPULATIONS//POPULATION_0023//INDIVIDUAL_6U52M1HZ/model.cpp:90:123: error: no matching function for call to 'square(Eigen::DenseCoeffsBase<Eigen::Array<CppAD::AD<CppAD::AD<CppAD::AD<double> > >, -1, 1, 0, -1, 1>, 1>::Scalar&)'\n   90 |     Type fast_predation = a_fast * Eigen::square(cots_pred(t-1)) * fast_pred(t-1) / (Eigen::square(h_cots) + Eigen::square(cots_pred(t-1)));\n      |                                                                                                              ~~~~~~~~~~~~~^~~~~~~~~~~~~~~~\nC:/Users/spi085/AppData/Local/Programs/R/R-44~1.1/library/RCPPEI~1/include/Eigen/src/Core/GlobalFunctions.h:91:36: note: candidate: 'template<class Derived> const Eigen::CwiseUnaryOp<Eigen::internal::scalar_square_op<typename Derived::Scalar>, const Derived> Eigen::square(const ArrayBase<Derived>&)'\n   91 |   EIGEN_ARRAY_DECLARE_GLOBAL_UNARY(square,scalar_square_op,square (power 2),\\sa Eigen::abs2 DOXCOMMA Eigen::pow DOXCOMMA ArrayBase::square)\n      |                                    ^~~~~~\nC:/Users/spi085/AppData/Local/Programs/R/R-44~1.1/library/RCPPEI~1/include/Eigen/src/Core/GlobalFunctions.h:32:4: note: in definition of macro 'EIGEN_ARRAY_DECLARE_GLOBAL_UNARY'\n   32 |   (NAME)(const Eigen::ArrayBase<Derived>& x) { \\\n      |    ^~~~\nC:/Users/spi085/AppData/Local/Programs/R/R-44~1.1/library/RCPPEI~1/include/Eigen/src/Core/GlobalFunctions.h:91:36: note:   template argument deduction/substitution failed:\n   91 |   EIGEN_ARRAY_DECLARE_GLOBAL_UNARY(square,scalar_square_op,square (power 2),\\sa Eigen::abs2 DOXCOMMA Eigen::pow DOXCOMMA ArrayBase::square)\n      |                                    ^~~~~~\nC:/Users/spi085/AppData/Local/Programs/R/R-44~1.1/library/RCPPEI~1/include/Eigen/src/Core/GlobalFunctions.h:32:4: note: in definition of macro 'EIGEN_ARRAY_DECLARE_GLOBAL_UNARY'\n   32 |   (NAME)(const Eigen::ArrayBase<Derived>& x) { \\\n      |    ^~~~\nPOPULATIONS//POPULATION_0023//INDIVIDUAL_6U52M1HZ/model.cpp:90:123: note:   'Eigen::DenseCoeffsBase<Eigen::Array<CppAD::AD<CppAD::AD<CppAD::AD<double> > >, -1, 1, 0, -1, 1>, 1>::Scalar' {aka 'CppAD::AD<CppAD::AD<CppAD::AD<double> > >'} is not derived from 'const Eigen::ArrayBase<Derived>'\n   90 |     Type fast_predation = a_fast * Eigen::square(cots_pred(t-1)) * fast_pred(t-1) / (Eigen::square(h_cots) + Eigen::square(cots_pred(t-1)));\n      |                                                                                                              ~~~~~~~~~~~~~^~~~~~~~~~~~~~~~\nPOPULATIONS//POPULATION_0023//INDIVIDUAL_6U52M1HZ/model.cpp:94:49: error: no matching function for call to 'square(Eigen::DenseCoeffsBase<Eigen::Array<CppAD::AD<CppAD::AD<CppAD::AD<double> > >, -1, 1, 0, -1, 1>, 1>::Scalar&)'\n   94 |     Type slow_predation = a_slow * Eigen::square(cots_pred(t-1)) * slow_pred(t-1) / (Eigen::square(h_cots) + Eigen::square(cots_pred(t-1)));\n      |                                    ~~~~~~~~~~~~~^~~~~~~~~~~~~~~~\nC:/Users/spi085/AppData/Local/Programs/R/R-44~1.1/library/RCPPEI~1/include/Eigen/src/Core/GlobalFunctions.h:91:36: note: candidate: 'template<class Derived> const Eigen::CwiseUnaryOp<Eigen::internal::scalar_square_op<typename Derived::Scalar>, const Derived> Eigen::square(const ArrayBase<Derived>&)'\n   91 |   EIGEN_ARRAY_DECLARE_GLOBAL_UNARY(square,scalar_square_op,square (power 2),\\sa Eigen::abs2 DOXCOMMA Eigen::pow DOXCOMMA ArrayBase::square)\n      |                                    ^~~~~~\nC:/Users/spi085/AppData/Local/Programs/R/R-44~1.1/library/RCPPEI~1/include/Eigen/src/Core/GlobalFunctions.h:32:4: note: in definition of macro 'EIGEN_ARRAY_DECLARE_GLOBAL_UNARY'\n   32 |   (NAME)(const Eigen::ArrayBase<Derived>& x) { \\\n      |    ^~~~\nC:/Users/spi085/AppData/Local/Programs/R/R-44~1.1/library/RCPPEI~1/include/Eigen/src/Core/GlobalFunctions.h:91:36: note:   template argument deduction/substitution failed:\n   91 |   EIGEN_ARRAY_DECLARE_GLOBAL_UNARY(square,scalar_square_op,square (power 2),\\sa Eigen::abs2 DOXCOMMA Eigen::pow DOXCOMMA ArrayBase::square)\n      |                                    ^~~~~~\nC:/Users/spi085/AppData/Local/Programs/R/R-44~1.1/library/RCPPEI~1/include/Eigen/src/Core/GlobalFunctions.h:32:4: note: in definition of macro 'EIGEN_ARRAY_DECLARE_GLOBAL_UNARY'\n   32 |   (NAME)(const Eigen::ArrayBase<Derived>& x) { \\\n      |    ^~~~\nPOPULATIONS//POPULATION_0023//INDIVIDUAL_6U52M1HZ/model.cpp:94:49: note:   'Eigen::DenseCoeffsBase<Eigen::Array<CppAD::AD<CppAD::AD<CppAD::AD<double> > >, -1, 1, 0, -1, 1>, 1>::Scalar' {aka 'CppAD::AD<CppAD::AD<CppAD::AD<double> > >'} is not derived from 'const Eigen::ArrayBase<Derived>'\n   94 |     Type slow_predation = a_slow * Eigen::square(cots_pred(t-1)) * slow_pred(t-1) / (Eigen::square(h_cots) + Eigen::square(cots_pred(t-1)));\n      |                                    ~~~~~~~~~~~~~^~~~~~~~~~~~~~~~\nPOPULATIONS//POPULATION_0023//INDIVIDUAL_6U52M1HZ/model.cpp:94:99: error: no matching function for call to 'square(CppAD::AD<CppAD::AD<CppAD::AD<double> > >&)'\n   94 |     Type slow_predation = a_slow * Eigen::square(cots_pred(t-1)) * slow_pred(t-1) / (Eigen::square(h_cots) + Eigen::square(cots_pred(t-1)));\n      |                                                                                      ~~~~~~~~~~~~~^~~~~~~~\nC:/Users/spi085/AppData/Local/Programs/R/R-44~1.1/library/RCPPEI~1/include/Eigen/src/Core/GlobalFunctions.h:91:36: note: candidate: 'template<class Derived> const Eigen::CwiseUnaryOp<Eigen::internal::scalar_square_op<typename Derived::Scalar>, const Derived> Eigen::square(const ArrayBase<Derived>&)'\n   91 |   EIGEN_ARRAY_DECLARE_GLOBAL_UNARY(square,scalar_square_op,square (power 2),\\sa Eigen::abs2 DOXCOMMA Eigen::pow DOXCOMMA ArrayBase::square)\n      |                                    ^~~~~~\nC:/Users/spi085/AppData/Local/Programs/R/R-44~1.1/library/RCPPEI~1/include/Eigen/src/Core/GlobalFunctions.h:32:4: note: in definition of macro 'EIGEN_ARRAY_DECLARE_GLOBAL_UNARY'\n   32 |   (NAME)(const Eigen::ArrayBase<Derived>& x) { \\\n      |    ^~~~\nC:/Users/spi085/AppData/Local/Programs/R/R-44~1.1/library/RCPPEI~1/include/Eigen/src/Core/GlobalFunctions.h:91:36: note:   template argument deduction/substitution failed:\n   91 |   EIGEN_ARRAY_DECLARE_GLOBAL_UNARY(square,scalar_square_op,square (power 2),\\sa Eigen::abs2 DOXCOMMA Eigen::pow DOXCOMMA ArrayBase::square)\n      |                                    ^~~~~~\nC:/Users/spi085/AppData/Local/Programs/R/R-44~1.1/library/RCPPEI~1/include/Eigen/src/Core/GlobalFunctions.h:32:4: note: in definition of macro 'EIGEN_ARRAY_DECLARE_GLOBAL_UNARY'\n   32 |   (NAME)(const Eigen::ArrayBase<Derived>& x) { \\\n      |    ^~~~\nPOPULATIONS//POPULATION_0023//INDIVIDUAL_6U52M1HZ/model.cpp:94:99: note:   'CppAD::AD<CppAD::AD<CppAD::AD<double> > >' is not derived from 'const Eigen::ArrayBase<Derived>'\n   94 |     Type slow_predation = a_slow * Eigen::square(cots_pred(t-1)) * slow_pred(t-1) / (Eigen::square(h_cots) + Eigen::square(cots_pred(t-1)));\n      |                                                                                      ~~~~~~~~~~~~~^~~~~~~~\nPOPULATIONS//POPULATION_0023//INDIVIDUAL_6U52M1HZ/model.cpp:94:123: error: no matching function for call to 'square(Eigen::DenseCoeffsBase<Eigen::Array<CppAD::AD<CppAD::AD<CppAD::AD<double> > >, -1, 1, 0, -1, 1>, 1>::Scalar&)'\n   94 |     Type slow_predation = a_slow * Eigen::square(cots_pred(t-1)) * slow_pred(t-1) / (Eigen::square(h_cots) + Eigen::square(cots_pred(t-1)));\n      |                                                                                                              ~~~~~~~~~~~~~^~~~~~~~~~~~~~~~\nC:/Users/spi085/AppData/Local/Programs/R/R-44~1.1/library/RCPPEI~1/include/Eigen/src/Core/GlobalFunctions.h:91:36: note: candidate: 'template<class Derived> const Eigen::CwiseUnaryOp<Eigen::internal::scalar_square_op<typename Derived::Scalar>, const Derived> Eigen::square(const ArrayBase<Derived>&)'\n   91 |   EIGEN_ARRAY_DECLARE_GLOBAL_UNARY(square,scalar_square_op,square (power 2),\\sa Eigen::abs2 DOXCOMMA Eigen::pow DOXCOMMA ArrayBase::square)\n      |                                    ^~~~~~\nC:/Users/spi085/AppData/Local/Programs/R/R-44~1.1/library/RCPPEI~1/include/Eigen/src/Core/GlobalFunctions.h:32:4: note: in definition of macro 'EIGEN_ARRAY_DECLARE_GLOBAL_UNARY'\n   32 |   (NAME)(const Eigen::ArrayBase<Derived>& x) { \\\n      |    ^~~~\nC:/Users/spi085/AppData/Local/Programs/R/R-44~1.1/library/RCPPEI~1/include/Eigen/src/Core/GlobalFunctions.h:91:36: note:   template argument deduction/substitution failed:\n   91 |   EIGEN_ARRAY_DECLARE_GLOBAL_UNARY(square,scalar_square_op,square (power 2),\\sa Eigen::abs2 DOXCOMMA Eigen::pow DOXCOMMA ArrayBase::square)\n      |                                    ^~~~~~\nC:/Users/spi085/AppData/Local/Programs/R/R-44~1.1/library/RCPPEI~1/include/Eigen/src/Core/GlobalFunctions.h:32:4: note: in definition of macro 'EIGEN_ARRAY_DECLARE_GLOBAL_UNARY'\n   32 |   (NAME)(const Eigen::ArrayBase<Derived>& x) { \\\n      |    ^~~~\nPOPULATIONS//POPULATION_0023//INDIVIDUAL_6U52M1HZ/model.cpp:94:123: note:   'Eigen::DenseCoeffsBase<Eigen::Array<CppAD::AD<CppAD::AD<CppAD::AD<double> > >, -1, 1, 0, -1, 1>, 1>::Scalar' {aka 'CppAD::AD<CppAD::AD<CppAD::AD<double> > >'} is not derived from 'const Eigen::ArrayBase<Derived>'\n   94 |     Type slow_predation = a_slow * Eigen::square(cots_pred(t-1)) * slow_pred(t-1) / (Eigen::square(h_cots) + Eigen::square(cots_pred(t-1)));\n      |                                                                                                              ~~~~~~~~~~~~~^~~~~~~~~~~~~~~~\nmake: *** [C:/Users/spi085/AppData/Local/Programs/R/R-4.4.1/etc/x64/Makeconf:296: POPULATIONS//POPULATION_0023//INDIVIDUAL_6U52M1HZ/model.o] Error 1\nError in TMB::compile(file.path(individual_dir, model_file), flags = flags,  : \n  Compilation failed\nError: Compilation failed\nExecution halted"
    },
    "4": {
      "status": "ERROR",
      "message": "R script failed with return code 1",
      "stdout": "g++ -std=gnu++17  -I\"C:/Users/spi085/AppData/Local/Programs/R/R-4.4.1/include\" -DNDEBUG -I\"C:/Users/spi085/AppData/Local/Programs/R/R-44~1.1/library/TMB/include\" -I\"C:/Users/spi085/AppData/Local/Programs/R/R-44~1.1/library/RCPPEI~1/include\"   -DTMB_EIGEN_DISABLE_WARNINGS   -DTMB_LIB_INIT=R_init_model  -DCPPAD_FRAMEWORK    -I\"C:/rtools44/x86_64-w64-mingw32.static.posix/include\"     -O2 -Wa,-mbig-obj -c POPULATIONS//POPULATION_0023//INDIVIDUAL_6U52M1HZ/model.cpp -o POPULATIONS//POPULATION_0023//INDIVIDUAL_6U52M1HZ/model.o\ng++ -std=gnu++17 -shared -s -static-libgcc -o POPULATIONS//POPULATION_0023//INDIVIDUAL_6U52M1HZ/model.dll tmp.def POPULATIONS//POPULATION_0023//INDIVIDUAL_6U52M1HZ/model.o -LC:/rtools44/x86_64-w64-mingw32.static.posix/lib/x64 -LC:/rtools44/x86_64-w64-mingw32.static.posix/lib -LC:/Users/spi085/AppData/Local/Programs/R/R-4.4.1/bin/x64 -lR\nStarting model phases\nNumber of phases: 1 \nPhase 1 \nInitial parameter values for phase 1 :\n               log_r_cots                log_K_cots                log_m_cots \n                       NA                        NA                    -2.355 \n               log_p_cots               log_K1_cots                log_a_fast \n                       NA                        NA                        NA \n               log_a_slow                log_K_fast                log_K_slow \n                       NA                        NA                        NA \n               log_r_fast                log_r_slow                log_m_fast \n                       NA                        NA                    -1.200 \n               log_m_slow log_temp_sensitivity_fast log_temp_sensitivity_slow \n                   -1.000                        NA                        NA \n           log_sigma_cots            log_sigma_slow            log_sigma_fast \n                       NA                        NA                        NA \n               log_h_cots                log_A_cots \n                       NA                        NA \nError in model phases: NA/NaN gradient evaluation",
      "stderr": "Loading required package: TMB\nLoading required package: jsonlite\nhere() starts at C:/Users/spi085/OneDrive - CSIRO/Documents/_Projects/SCCP-QuantModelling\nusing C++ compiler: 'G__~1.EXE (GCC) 13.2.0'\nError in value[[3L]](cond) : \n  Error in model phases: NA/NaN gradient evaluation\nCalls: tryCatch -> tryCatchList -> tryCatchOne -> <Anonymous>\nIn addition: Warning message:\nIn nlminb(model$par, model$fn, model$gr) : NA/NaN function evaluation\nExecution halted"
    },
    "5": {
      "status": "ERROR",
      "message": "R script failed with return code 1",
      "stdout": "g++ -std=gnu++17  -I\"C:/Users/spi085/AppData/Local/Programs/R/R-4.4.1/include\" -DNDEBUG -I\"C:/Users/spi085/AppData/Local/Programs/R/R-44~1.1/library/TMB/include\" -I\"C:/Users/spi085/AppData/Local/Programs/R/R-44~1.1/library/RCPPEI~1/include\"   -DTMB_EIGEN_DISABLE_WARNINGS   -DTMB_LIB_INIT=R_init_model  -DCPPAD_FRAMEWORK    -I\"C:/rtools44/x86_64-w64-mingw32.static.posix/include\"     -O2 -Wa,-mbig-obj -c POPULATIONS//POPULATION_0023//INDIVIDUAL_6U52M1HZ/model.cpp -o POPULATIONS//POPULATION_0023//INDIVIDUAL_6U52M1HZ/model.o\ng++ -std=gnu++17 -shared -s -static-libgcc -o POPULATIONS//POPULATION_0023//INDIVIDUAL_6U52M1HZ/model.dll tmp.def POPULATIONS//POPULATION_0023//INDIVIDUAL_6U52M1HZ/model.o -LC:/rtools44/x86_64-w64-mingw32.static.posix/lib/x64 -LC:/rtools44/x86_64-w64-mingw32.static.posix/lib -LC:/Users/spi085/AppData/Local/Programs/R/R-4.4.1/bin/x64 -lR\nStarting model phases\nNumber of phases: 1 \nPhase 1 \nInitial parameter values for phase 1 :\n               log_r_cots                log_K_cots                log_m_cots \n                       NA                        NA                    -2.355 \n               log_p_cots               log_K1_cots                log_a_fast \n                       NA                        NA                        NA \n               log_a_slow                log_K_fast                log_K_slow \n                       NA                        NA                        NA \n               log_r_fast                log_r_slow                log_m_fast \n                       NA                        NA                    -1.200 \n               log_m_slow log_temp_sensitivity_fast log_temp_sensitivity_slow \n                   -1.000                        NA                        NA \n           log_sigma_cots            log_sigma_slow            log_sigma_fast \n                       NA                        NA                        NA \n               log_h_cots                log_A_cots \n                       NA                        NA \nError in model phases: NA/NaN gradient evaluation",
      "stderr": "Loading required package: TMB\nLoading required package: jsonlite\nhere() starts at C:/Users/spi085/OneDrive - CSIRO/Documents/_Projects/SCCP-QuantModelling\nusing C++ compiler: 'G__~1.EXE (GCC) 13.2.0'\nError in value[[3L]](cond) : \n  Error in model phases: NA/NaN gradient evaluation\nCalls: tryCatch -> tryCatchList -> tryCatchOne -> <Anonymous>\nIn addition: Warning message:\nIn nlminb(model$par, model$fn, model$gr) : NA/NaN function evaluation\nExecution halted"
    },
    "6": {
      "status": "ERROR",
      "message": "R script failed with return code 1",
      "stdout": "g++ -std=gnu++17  -I\"C:/Users/spi085/AppData/Local/Programs/R/R-4.4.1/include\" -DNDEBUG -I\"C:/Users/spi085/AppData/Local/Programs/R/R-44~1.1/library/TMB/include\" -I\"C:/Users/spi085/AppData/Local/Programs/R/R-44~1.1/library/RCPPEI~1/include\"   -DTMB_EIGEN_DISABLE_WARNINGS   -DTMB_LIB_INIT=R_init_model  -DCPPAD_FRAMEWORK    -I\"C:/rtools44/x86_64-w64-mingw32.static.posix/include\"     -O2 -Wa,-mbig-obj -c POPULATIONS//POPULATION_0023//INDIVIDUAL_6U52M1HZ/model.cpp -o POPULATIONS//POPULATION_0023//INDIVIDUAL_6U52M1HZ/model.o\ng++ -std=gnu++17 -shared -s -static-libgcc -o POPULATIONS//POPULATION_0023//INDIVIDUAL_6U52M1HZ/model.dll tmp.def POPULATIONS//POPULATION_0023//INDIVIDUAL_6U52M1HZ/model.o -LC:/rtools44/x86_64-w64-mingw32.static.posix/lib/x64 -LC:/rtools44/x86_64-w64-mingw32.static.posix/lib -LC:/Users/spi085/AppData/Local/Programs/R/R-4.4.1/bin/x64 -lR\nStarting model phases\nNumber of phases: 1 \nPhase 1 \nInitial parameter values for phase 1 :\n               log_r_cots                log_K_cots                log_m_cots \n                    0.500                     2.000                    -2.355 \n               log_p_cots               log_K1_cots                log_a_fast \n                   -1.000                    -0.500                    -2.000 \n               log_a_slow                log_K_fast                log_K_slow \n                   -3.000                     3.000                     3.000 \n               log_r_fast                log_r_slow                log_m_fast \n                    0.800                     0.300                    -1.200 \n               log_m_slow log_temp_sensitivity_fast log_temp_sensitivity_slow \n                   -1.000                        NA                    -3.000 \n           log_sigma_cots            log_sigma_slow            log_sigma_fast \n                   -0.500                        NA                    -0.500 \n               log_h_cots                log_A_cots \n                       NA                        NA \nError in model phases: NA/NaN gradient evaluation",
      "stderr": "Loading required package: TMB\nLoading required package: jsonlite\nhere() starts at C:/Users/spi085/OneDrive - CSIRO/Documents/_Projects/SCCP-QuantModelling\nusing C++ compiler: 'G__~1.EXE (GCC) 13.2.0'\nError in value[[3L]](cond) : \n  Error in model phases: NA/NaN gradient evaluation\nCalls: tryCatch -> tryCatchList -> tryCatchOne -> <Anonymous>\nIn addition: Warning message:\nIn nlminb(model$par, model$fn, model$gr) : NA/NaN function evaluation\nExecution halted"
    },
    "7": {
      "status": "BROKEN"
    }
  }
}