{
  "iterations": {
    "1": {
      "status": "ERROR",
      "message": "R script failed with return code 1",
      "stdout": "g++ -std=gnu++17 -I\"/usr/share/R/include\" -DNDEBUG -I\"/home/spi085/R/x86_64-pc-linux-gnu-library/4.4/TMB/include\" -I\"/home/spi085/R/x86_64-pc-linux-gnu-library/4.4/RcppEigen/include\"   -DTMB_EIGEN_DISABLE_WARNINGS   -DTMB_LIB_INIT=R_init_model  -DCPPAD_FRAMEWORK      -fpic  -O2  -c POPULATIONS/POPULATION_0005/INDIVIDUAL_T1IICWP8/model.cpp -o POPULATIONS/POPULATION_0005/INDIVIDUAL_T1IICWP8/model.o\ng++ -std=gnu++17 -shared -L/usr/lib/R/lib -Wl,-Bsymbolic-functions -flto=auto -ffat-lto-objects -Wl,-z,relro -o POPULATIONS/POPULATION_0005/INDIVIDUAL_T1IICWP8/model.so POPULATIONS/POPULATION_0005/INDIVIDUAL_T1IICWP8/model.o -L/usr/lib/R/lib -lR\nStarting model phases\nNumber of phases: 4 \nPhase 1 \nInitial parameter values for phase 1 :\n     log_r_cots log_temp_effect \n             NA              NA \nError in model phases: NA/NaN gradient evaluation",
      "stderr": "Loading required package: TMB\nLoading required package: jsonlite\nhere() starts at /home/spi085/Documents/_Projects/SCCP-QuantModelling\nusing C++ compiler: \u2018g++ (Ubuntu 13.3.0-6ubuntu2~24.04) 13.3.0\u2019\nError in value[[3L]](cond) : \n  Error in model phases: NA/NaN gradient evaluation\nCalls: tryCatch -> tryCatchList -> tryCatchOne -> <Anonymous>\nIn addition: Warning message:\nIn nlminb(model$par, model$fn, model$gr) : NA/NaN function evaluation\nExecution halted"
    },
    "2": {
      "status": "ERROR",
      "message": "Model failed to compile.",
      "stdout": "g++ -std=gnu++17 -I\"/usr/share/R/include\" -DNDEBUG -I\"/home/spi085/R/x86_64-pc-linux-gnu-library/4.4/TMB/include\" -I\"/home/spi085/R/x86_64-pc-linux-gnu-library/4.4/RcppEigen/include\"   -DTMB_EIGEN_DISABLE_WARNINGS   -DTMB_LIB_INIT=R_init_model  -DCPPAD_FRAMEWORK      -fpic  -O2  -c POPULATIONS/POPULATION_0005/INDIVIDUAL_T1IICWP8/model.cpp -o POPULATIONS/POPULATION_0005/INDIVIDUAL_T1IICWP8/model.o",
      "stderr": "Loading required package: TMB\nLoading required package: jsonlite\nhere() starts at /home/spi085/Documents/_Projects/SCCP-QuantModelling\nusing C++ compiler: \u2018g++ (Ubuntu 13.3.0-6ubuntu2~24.04) 13.3.0\u2019\nPOPULATIONS/POPULATION_0005/INDIVIDUAL_T1IICWP8/model.cpp: In instantiation of \u2018Type objective_function<Type>::operator()() [with Type = CppAD::AD<double>]\u2019:\n/home/spi085/R/x86_64-pc-linux-gnu-library/4.4/TMB/include/tmb_core.hpp:1312:6:   required from here\nPOPULATIONS/POPULATION_0005/INDIVIDUAL_T1IICWP8/model.cpp:58:50: error: no matching function for call to \u2018max(CppAD::AD<double>, CppAD::AD<double>)\u2019\n   58 |     Type temp_effect_bounded = min(Type(2.0), max(Type(-2.0), temp_effect * (sst_dat(t-1) - Type(26.0))));\n      |                                               ~~~^~~~~~~~~~~~~~~~~~~~~~~~~~~~~~~~~~~~~~~~~~~~~~~~~~~~~~~\nIn file included from /home/spi085/R/x86_64-pc-linux-gnu-library/4.4/TMB/include/TMB.hpp:231,\n                 from POPULATIONS/POPULATION_0005/INDIVIDUAL_T1IICWP8/model.cpp:1:\n/home/spi085/R/x86_64-pc-linux-gnu-library/4.4/TMB/include/convenience.hpp:145:6: note: candidate: \u2018template<class Type> Type max(const tmbutils::vector<Type>&)\u2019\n  145 | Type max(const vector<Type> &x)\n      |      ^~~\n/home/spi085/R/x86_64-pc-linux-gnu-library/4.4/TMB/include/convenience.hpp:145:6: note:   template argument deduction/substitution failed:\nPOPULATIONS/POPULATION_0005/INDIVIDUAL_T1IICWP8/model.cpp:58:50: note:   \u2018CppAD::AD<double>\u2019 is not derived from \u2018const tmbutils::vector<Type>\u2019\n   58 |     Type temp_effect_bounded = min(Type(2.0), max(Type(-2.0), temp_effect * (sst_dat(t-1) - Type(26.0))));\n      |                                               ~~~^~~~~~~~~~~~~~~~~~~~~~~~~~~~~~~~~~~~~~~~~~~~~~~~~~~~~~~\nPOPULATIONS/POPULATION_0005/INDIVIDUAL_T1IICWP8/model.cpp:65:76: error: no matching function for call to \u2018max(CppAD::AD<double>, Eigen::DenseCoeffsBase<Eigen::Array<CppAD::AD<double>, -1, 1, 0, -1, 1>, 1>::Scalar&)\u2019\n   65 |     Type effective_attack = attack_rate / (Type(1.0) + density_effect * max(Type(0.0), cots_pred(t-1)));\n      |                                                                         ~~~^~~~~~~~~~~~~~~~~~~~~~~~~~~\n/home/spi085/R/x86_64-pc-linux-gnu-library/4.4/TMB/include/convenience.hpp:145:6: note: candidate: \u2018template<class Type> Type max(const tmbutils::vector<Type>&)\u2019\n  145 | Type max(const vector<Type> &x)\n      |      ^~~\n/home/spi085/R/x86_64-pc-linux-gnu-library/4.4/TMB/include/convenience.hpp:145:6: note:   template argument deduction/substitution failed:\nPOPULATIONS/POPULATION_0005/INDIVIDUAL_T1IICWP8/model.cpp:65:76: note:   \u2018CppAD::AD<double>\u2019 is not derived from \u2018const tmbutils::vector<Type>\u2019\n   65 |     Type effective_attack = attack_rate / (Type(1.0) + density_effect * max(Type(0.0), cots_pred(t-1)));\n      |                                                                         ~~~^~~~~~~~~~~~~~~~~~~~~~~~~~~\nPOPULATIONS/POPULATION_0005/INDIVIDUAL_T1IICWP8/model.cpp:73:43: error: no matching function for call to \u2018min(CppAD::AD<double>, CppAD::AD<double>)\u2019\n   73 |     Type growth_term = max(Type(-0.9), min(Type(2.0), r_cots * (Type(1.0) - cots_pred(t-1)/K_cots)));\n      |                                        ~~~^~~~~~~~~~~~~~~~~~~~~~~~~~~~~~~~~~~~~~~~~~~~~~~~~~~~~~~~~\n/home/spi085/R/x86_64-pc-linux-gnu-library/4.4/TMB/include/convenience.hpp:156:6: note: candidate: \u2018template<class Type> Type min(const tmbutils::vector<Type>&)\u2019\n  156 | Type min(const vector<Type> &x)\n      |      ^~~\n/home/spi085/R/x86_64-pc-linux-gnu-library/4.4/TMB/include/convenience.hpp:156:6: note:   template argument deduction/substitution failed:\nPOPULATIONS/POPULATION_0005/INDIVIDUAL_T1IICWP8/model.cpp:73:43: note:   \u2018CppAD::AD<double>\u2019 is not derived from \u2018const tmbutils::vector<Type>\u2019\n   73 |     Type growth_term = max(Type(-0.9), min(Type(2.0), r_cots * (Type(1.0) - cots_pred(t-1)/K_cots)));\n      |                                        ~~~^~~~~~~~~~~~~~~~~~~~~~~~~~~~~~~~~~~~~~~~~~~~~~~~~~~~~~~~~\nPOPULATIONS/POPULATION_0005/INDIVIDUAL_T1IICWP8/model.cpp:77:23: error: no matching function for call to \u2018max(CppAD::AD<double>&, CppAD::AD<double>)\u2019\n   77 |     fast_pred(t) = max(eps, fast_pred(t-1) + r_fast * fast_pred(t-1) * (Type(1.0) - fast_pred(t-1)/Type(100.0)) - consumption_fast);\n      |                    ~~~^~~~~~~~~~~~~~~~~~~~~~~~~~~~~~~~~~~~~~~~~~~~~~~~~~~~~~~~~~~~~~~~~~~~~~~~~~~~~~~~~~~~~~~~~~~~~~~~~~~~~~~~~~~~~\n/home/spi085/R/x86_64-pc-linux-gnu-library/4.4/TMB/include/convenience.hpp:145:6: note: candidate: \u2018template<class Type> Type max(const tmbutils::vector<Type>&)\u2019\n  145 | Type max(const vector<Type> &x)\n      |      ^~~\n/home/spi085/R/x86_64-pc-linux-gnu-library/4.4/TMB/include/convenience.hpp:145:6: note:   template argument deduction/substitution failed:\nPOPULATIONS/POPULATION_0005/INDIVIDUAL_T1IICWP8/model.cpp:77:23: note:   \u2018CppAD::AD<double>\u2019 is not derived from \u2018const tmbutils::vector<Type>\u2019\n   77 |     fast_pred(t) = max(eps, fast_pred(t-1) + r_fast * fast_pred(t-1) * (Type(1.0) - fast_pred(t-1)/Type(100.0)) - consumption_fast);\n      |                    ~~~^~~~~~~~~~~~~~~~~~~~~~~~~~~~~~~~~~~~~~~~~~~~~~~~~~~~~~~~~~~~~~~~~~~~~~~~~~~~~~~~~~~~~~~~~~~~~~~~~~~~~~~~~~~~~\nPOPULATIONS/POPULATION_0005/INDIVIDUAL_T1IICWP8/model.cpp:78:23: error: no matching function for call to \u2018max(CppAD::AD<double>&, CppAD::AD<double>)\u2019\n   78 |     slow_pred(t) = max(eps, slow_pred(t-1) + r_slow * slow_pred(t-1) * (Type(1.0) - slow_pred(t-1)/Type(100.0)) - consumption_slow);\n      |                    ~~~^~~~~~~~~~~~~~~~~~~~~~~~~~~~~~~~~~~~~~~~~~~~~~~~~~~~~~~~~~~~~~~~~~~~~~~~~~~~~~~~~~~~~~~~~~~~~~~~~~~~~~~~~~~~~\n/home/spi085/R/x86_64-pc-linux-gnu-library/4.4/TMB/include/convenience.hpp:145:6: note: candidate: \u2018template<class Type> Type max(const tmbutils::vector<Type>&)\u2019\n  145 | Type max(const vector<Type> &x)\n      |      ^~~\n/home/spi085/R/x86_64-pc-linux-gnu-library/4.4/TMB/include/convenience.hpp:145:6: note:   template argument deduction/substitution failed:\nPOPULATIONS/POPULATION_0005/INDIVIDUAL_T1IICWP8/model.cpp:78:23: note:   \u2018CppAD::AD<double>\u2019 is not derived from \u2018const tmbutils::vector<Type>\u2019\n   78 |     slow_pred(t) = max(eps, slow_pred(t-1) + r_slow * slow_pred(t-1) * (Type(1.0) - slow_pred(t-1)/Type(100.0)) - consumption_slow);\n      |                    ~~~^~~~~~~~~~~~~~~~~~~~~~~~~~~~~~~~~~~~~~~~~~~~~~~~~~~~~~~~~~~~~~~~~~~~~~~~~~~~~~~~~~~~~~~~~~~~~~~~~~~~~~~~~~~~~\nPOPULATIONS/POPULATION_0005/INDIVIDUAL_T1IICWP8/model.cpp: In instantiation of \u2018Type objective_function<Type>::operator()() [with Type = double]\u2019:\n/home/spi085/R/x86_64-pc-linux-gnu-library/4.4/TMB/include/tmb_core.hpp:2035:7:   required from here\nPOPULATIONS/POPULATION_0005/INDIVIDUAL_T1IICWP8/model.cpp:58:50: error: no matching function for call to \u2018max(double, double)\u2019\n   58 |     Type temp_effect_bounded = min(Type(2.0), max(Type(-2.0), temp_effect * (sst_dat(t-1) - Type(26.0))));\n      |                                               ~~~^~~~~~~~~~~~~~~~~~~~~~~~~~~~~~~~~~~~~~~~~~~~~~~~~~~~~~~\n/home/spi085/R/x86_64-pc-linux-gnu-library/4.4/TMB/include/convenience.hpp:145:6: note: candidate: \u2018template<class Type> Type max(const tmbutils::vector<Type>&)\u2019\n  145 | Type max(const vector<Type> &x)\n      |      ^~~\n/home/spi085/R/x86_64-pc-linux-gnu-library/4.4/TMB/include/convenience.hpp:145:6: note:   template argument deduction/substitution failed:\nPOPULATIONS/POPULATION_0005/INDIVIDUAL_T1IICWP8/model.cpp:58:50: note:   mismatched types \u2018const tmbutils::vector<Type>\u2019 and \u2018double\u2019\n   58 |     Type temp_effect_bounded = min(Type(2.0), max(Type(-2.0), temp_effect * (sst_dat(t-1) - Type(26.0))));\n      |                                               ~~~^~~~~~~~~~~~~~~~~~~~~~~~~~~~~~~~~~~~~~~~~~~~~~~~~~~~~~~\nPOPULATIONS/POPULATION_0005/INDIVIDUAL_T1IICWP8/model.cpp:65:76: error: no matching function for call to \u2018max(double, Eigen::DenseCoeffsBase<Eigen::Array<double, -1, 1>, 1>::Scalar&)\u2019\n   65 |     Type effective_attack = attack_rate / (Type(1.0) + density_effect * max(Type(0.0), cots_pred(t-1)));\n      |                                                                         ~~~^~~~~~~~~~~~~~~~~~~~~~~~~~~\n/home/spi085/R/x86_64-pc-linux-gnu-library/4.4/TMB/include/convenience.hpp:145:6: note: candidate: \u2018template<class Type> Type max(const tmbutils::vector<Type>&)\u2019\n  145 | Type max(const vector<Type> &x)\n      |      ^~~\n/home/spi085/R/x86_64-pc-linux-gnu-library/4.4/TMB/include/convenience.hpp:145:6: note:   template argument deduction/substitution failed:\nPOPULATIONS/POPULATION_0005/INDIVIDUAL_T1IICWP8/model.cpp:65:76: note:   mismatched types \u2018const tmbutils::vector<Type>\u2019 and \u2018double\u2019\n   65 |     Type effective_attack = attack_rate / (Type(1.0) + density_effect * max(Type(0.0), cots_pred(t-1)));\n      |                                                                         ~~~^~~~~~~~~~~~~~~~~~~~~~~~~~~\nPOPULATIONS/POPULATION_0005/INDIVIDUAL_T1IICWP8/model.cpp:73:43: error: no matching function for call to \u2018min(double, double)\u2019\n   73 |     Type growth_term = max(Type(-0.9), min(Type(2.0), r_cots * (Type(1.0) - cots_pred(t-1)/K_cots)));\n      |                                        ~~~^~~~~~~~~~~~~~~~~~~~~~~~~~~~~~~~~~~~~~~~~~~~~~~~~~~~~~~~~\n/home/spi085/R/x86_64-pc-linux-gnu-library/4.4/TMB/include/convenience.hpp:156:6: note: candidate: \u2018template<class Type> Type min(const tmbutils::vector<Type>&)\u2019\n  156 | Type min(const vector<Type> &x)\n      |      ^~~\n/home/spi085/R/x86_64-pc-linux-gnu-library/4.4/TMB/include/convenience.hpp:156:6: note:   template argument deduction/substitution failed:\nPOPULATIONS/POPULATION_0005/INDIVIDUAL_T1IICWP8/model.cpp:73:43: note:   mismatched types \u2018const tmbutils::vector<Type>\u2019 and \u2018double\u2019\n   73 |     Type growth_term = max(Type(-0.9), min(Type(2.0), r_cots * (Type(1.0) - cots_pred(t-1)/K_cots)));\n      |                                        ~~~^~~~~~~~~~~~~~~~~~~~~~~~~~~~~~~~~~~~~~~~~~~~~~~~~~~~~~~~~\nPOPULATIONS/POPULATION_0005/INDIVIDUAL_T1IICWP8/model.cpp:77:23: error: no matching function for call to \u2018max(double&, Eigen::DenseCoeffsBase<Eigen::Array<double, -1, 1>, 1>::Scalar)\u2019\n   77 |     fast_pred(t) = max(eps, fast_pred(t-1) + r_fast * fast_pred(t-1) * (Type(1.0) - fast_pred(t-1)/Type(100.0)) - consumption_fast);\n      |                    ~~~^~~~~~~~~~~~~~~~~~~~~~~~~~~~~~~~~~~~~~~~~~~~~~~~~~~~~~~~~~~~~~~~~~~~~~~~~~~~~~~~~~~~~~~~~~~~~~~~~~~~~~~~~~~~~\n/home/spi085/R/x86_64-pc-linux-gnu-library/4.4/TMB/include/convenience.hpp:145:6: note: candidate: \u2018template<class Type> Type max(const tmbutils::vector<Type>&)\u2019\n  145 | Type max(const vector<Type> &x)\n      |      ^~~\n/home/spi085/R/x86_64-pc-linux-gnu-library/4.4/TMB/include/convenience.hpp:145:6: note:   template argument deduction/substitution failed:\nPOPULATIONS/POPULATION_0005/INDIVIDUAL_T1IICWP8/model.cpp:77:23: note:   mismatched types \u2018const tmbutils::vector<Type>\u2019 and \u2018double\u2019\n   77 |     fast_pred(t) = max(eps, fast_pred(t-1) + r_fast * fast_pred(t-1) * (Type(1.0) - fast_pred(t-1)/Type(100.0)) - consumption_fast);\n      |                    ~~~^~~~~~~~~~~~~~~~~~~~~~~~~~~~~~~~~~~~~~~~~~~~~~~~~~~~~~~~~~~~~~~~~~~~~~~~~~~~~~~~~~~~~~~~~~~~~~~~~~~~~~~~~~~~~\nPOPULATIONS/POPULATION_0005/INDIVIDUAL_T1IICWP8/model.cpp:78:23: error: no matching function for call to \u2018max(double&, Eigen::DenseCoeffsBase<Eigen::Array<double, -1, 1>, 1>::Scalar)\u2019\n   78 |     slow_pred(t) = max(eps, slow_pred(t-1) + r_slow * slow_pred(t-1) * (Type(1.0) - slow_pred(t-1)/Type(100.0)) - consumption_slow);\n      |                    ~~~^~~~~~~~~~~~~~~~~~~~~~~~~~~~~~~~~~~~~~~~~~~~~~~~~~~~~~~~~~~~~~~~~~~~~~~~~~~~~~~~~~~~~~~~~~~~~~~~~~~~~~~~~~~~~\n/home/spi085/R/x86_64-pc-linux-gnu-library/4.4/TMB/include/convenience.hpp:145:6: note: candidate: \u2018template<class Type> Type max(const tmbutils::vector<Type>&)\u2019\n  145 | Type max(const vector<Type> &x)\n      |      ^~~\n/home/spi085/R/x86_64-pc-linux-gnu-library/4.4/TMB/include/convenience.hpp:145:6: note:   template argument deduction/substitution failed:\nPOPULATIONS/POPULATION_0005/INDIVIDUAL_T1IICWP8/model.cpp:78:23: note:   mismatched types \u2018const tmbutils::vector<Type>\u2019 and \u2018double\u2019\n   78 |     slow_pred(t) = max(eps, slow_pred(t-1) + r_slow * slow_pred(t-1) * (Type(1.0) - slow_pred(t-1)/Type(100.0)) - consumption_slow);\n      |                    ~~~^~~~~~~~~~~~~~~~~~~~~~~~~~~~~~~~~~~~~~~~~~~~~~~~~~~~~~~~~~~~~~~~~~~~~~~~~~~~~~~~~~~~~~~~~~~~~~~~~~~~~~~~~~~~~\nPOPULATIONS/POPULATION_0005/INDIVIDUAL_T1IICWP8/model.cpp: In instantiation of \u2018Type objective_function<Type>::operator()() [with Type = CppAD::AD<CppAD::AD<double> >]\u2019:\n/home/spi085/R/x86_64-pc-linux-gnu-library/4.4/TMB/include/tmb_core.hpp:917:29:   required from \u2018Type objective_function<Type>::evalUserTemplate() [with Type = CppAD::AD<CppAD::AD<double> >]\u2019\n/home/spi085/R/x86_64-pc-linux-gnu-library/4.4/TMB/include/tmb_core.hpp:2116:26:   required from here\nPOPULATIONS/POPULATION_0005/INDIVIDUAL_T1IICWP8/model.cpp:58:50: error: no matching function for call to \u2018max(CppAD::AD<CppAD::AD<double> >, CppAD::AD<CppAD::AD<double> >)\u2019\n   58 |     Type temp_effect_bounded = min(Type(2.0), max(Type(-2.0), temp_effect * (sst_dat(t-1) - Type(26.0))));\n      |                                               ~~~^~~~~~~~~~~~~~~~~~~~~~~~~~~~~~~~~~~~~~~~~~~~~~~~~~~~~~~\n/home/spi085/R/x86_64-pc-linux-gnu-library/4.4/TMB/include/convenience.hpp:145:6: note: candidate: \u2018template<class Type> Type max(const tmbutils::vector<Type>&)\u2019\n  145 | Type max(const vector<Type> &x)\n      |      ^~~\n/home/spi085/R/x86_64-pc-linux-gnu-library/4.4/TMB/include/convenience.hpp:145:6: note:   template argument deduction/substitution failed:\nPOPULATIONS/POPULATION_0005/INDIVIDUAL_T1IICWP8/model.cpp:58:50: note:   \u2018CppAD::AD<CppAD::AD<double> >\u2019 is not derived from \u2018const tmbutils::vector<Type>\u2019\n   58 |     Type temp_effect_bounded = min(Type(2.0), max(Type(-2.0), temp_effect * (sst_dat(t-1) - Type(26.0))));\n      |                                               ~~~^~~~~~~~~~~~~~~~~~~~~~~~~~~~~~~~~~~~~~~~~~~~~~~~~~~~~~~\nPOPULATIONS/POPULATION_0005/INDIVIDUAL_T1IICWP8/model.cpp:65:76: error: no matching function for call to \u2018max(CppAD::AD<CppAD::AD<double> >, Eigen::DenseCoeffsBase<Eigen::Array<CppAD::AD<CppAD::AD<double> >, -1, 1, 0, -1, 1>, 1>::Scalar&)\u2019\n   65 |     Type effective_attack = attack_rate / (Type(1.0) + density_effect * max(Type(0.0), cots_pred(t-1)));\n      |                                                                         ~~~^~~~~~~~~~~~~~~~~~~~~~~~~~~\n/home/spi085/R/x86_64-pc-linux-gnu-library/4.4/TMB/include/convenience.hpp:145:6: note: candidate: \u2018template<class Type> Type max(const tmbutils::vector<Type>&)\u2019\n  145 | Type max(const vector<Type> &x)\n      |      ^~~\n/home/spi085/R/x86_64-pc-linux-gnu-library/4.4/TMB/include/convenience.hpp:145:6: note:   template argument deduction/substitution failed:\nPOPULATIONS/POPULATION_0005/INDIVIDUAL_T1IICWP8/model.cpp:65:76: note:   \u2018CppAD::AD<CppAD::AD<double> >\u2019 is not derived from \u2018const tmbutils::vector<Type>\u2019\n   65 |     Type effective_attack = attack_rate / (Type(1.0) + density_effect * max(Type(0.0), cots_pred(t-1)));\n      |                                                                         ~~~^~~~~~~~~~~~~~~~~~~~~~~~~~~\nPOPULATIONS/POPULATION_0005/INDIVIDUAL_T1IICWP8/model.cpp:73:43: error: no matching function for call to \u2018min(CppAD::AD<CppAD::AD<double> >, CppAD::AD<CppAD::AD<double> >)\u2019\n   73 |     Type growth_term = max(Type(-0.9), min(Type(2.0), r_cots * (Type(1.0) - cots_pred(t-1)/K_cots)));\n      |                                        ~~~^~~~~~~~~~~~~~~~~~~~~~~~~~~~~~~~~~~~~~~~~~~~~~~~~~~~~~~~~\n/home/spi085/R/x86_64-pc-linux-gnu-library/4.4/TMB/include/convenience.hpp:156:6: note: candidate: \u2018template<class Type> Type min(const tmbutils::vector<Type>&)\u2019\n  156 | Type min(const vector<Type> &x)\n      |      ^~~\n/home/spi085/R/x86_64-pc-linux-gnu-library/4.4/TMB/include/convenience.hpp:156:6: note:   template argument deduction/substitution failed:\nPOPULATIONS/POPULATION_0005/INDIVIDUAL_T1IICWP8/model.cpp:73:43: note:   \u2018CppAD::AD<CppAD::AD<double> >\u2019 is not derived from \u2018const tmbutils::vector<Type>\u2019\n   73 |     Type growth_term = max(Type(-0.9), min(Type(2.0), r_cots * (Type(1.0) - cots_pred(t-1)/K_cots)));\n      |                                        ~~~^~~~~~~~~~~~~~~~~~~~~~~~~~~~~~~~~~~~~~~~~~~~~~~~~~~~~~~~~\nPOPULATIONS/POPULATION_0005/INDIVIDUAL_T1IICWP8/model.cpp:77:23: error: no matching function for call to \u2018max(CppAD::AD<CppAD::AD<double> >&, CppAD::AD<CppAD::AD<double> >)\u2019\n   77 |     fast_pred(t) = max(eps, fast_pred(t-1) + r_fast * fast_pred(t-1) * (Type(1.0) - fast_pred(t-1)/Type(100.0)) - consumption_fast);\n      |                    ~~~^~~~~~~~~~~~~~~~~~~~~~~~~~~~~~~~~~~~~~~~~~~~~~~~~~~~~~~~~~~~~~~~~~~~~~~~~~~~~~~~~~~~~~~~~~~~~~~~~~~~~~~~~~~~~\n/home/spi085/R/x86_64-pc-linux-gnu-library/4.4/TMB/include/convenience.hpp:145:6: note: candidate: \u2018template<class Type> Type max(const tmbutils::vector<Type>&)\u2019\n  145 | Type max(const vector<Type> &x)\n      |      ^~~\n/home/spi085/R/x86_64-pc-linux-gnu-library/4.4/TMB/include/convenience.hpp:145:6: note:   template argument deduction/substitution failed:\nPOPULATIONS/POPULATION_0005/INDIVIDUAL_T1IICWP8/model.cpp:77:23: note:   \u2018CppAD::AD<CppAD::AD<double> >\u2019 is not derived from \u2018const tmbutils::vector<Type>\u2019\n   77 |     fast_pred(t) = max(eps, fast_pred(t-1) + r_fast * fast_pred(t-1) * (Type(1.0) - fast_pred(t-1)/Type(100.0)) - consumption_fast);\n      |                    ~~~^~~~~~~~~~~~~~~~~~~~~~~~~~~~~~~~~~~~~~~~~~~~~~~~~~~~~~~~~~~~~~~~~~~~~~~~~~~~~~~~~~~~~~~~~~~~~~~~~~~~~~~~~~~~~\nPOPULATIONS/POPULATION_0005/INDIVIDUAL_T1IICWP8/model.cpp:78:23: error: no matching function for call to \u2018max(CppAD::AD<CppAD::AD<double> >&, CppAD::AD<CppAD::AD<double> >)\u2019\n   78 |     slow_pred(t) = max(eps, slow_pred(t-1) + r_slow * slow_pred(t-1) * (Type(1.0) - slow_pred(t-1)/Type(100.0)) - consumption_slow);\n      |                    ~~~^~~~~~~~~~~~~~~~~~~~~~~~~~~~~~~~~~~~~~~~~~~~~~~~~~~~~~~~~~~~~~~~~~~~~~~~~~~~~~~~~~~~~~~~~~~~~~~~~~~~~~~~~~~~~\n/home/spi085/R/x86_64-pc-linux-gnu-library/4.4/TMB/include/convenience.hpp:145:6: note: candidate: \u2018template<class Type> Type max(const tmbutils::vector<Type>&)\u2019\n  145 | Type max(const vector<Type> &x)\n      |      ^~~\n/home/spi085/R/x86_64-pc-linux-gnu-library/4.4/TMB/include/convenience.hpp:145:6: note:   template argument deduction/substitution failed:\nPOPULATIONS/POPULATION_0005/INDIVIDUAL_T1IICWP8/model.cpp:78:23: note:   \u2018CppAD::AD<CppAD::AD<double> >\u2019 is not derived from \u2018const tmbutils::vector<Type>\u2019\n   78 |     slow_pred(t) = max(eps, slow_pred(t-1) + r_slow * slow_pred(t-1) * (Type(1.0) - slow_pred(t-1)/Type(100.0)) - consumption_slow);\n      |                    ~~~^~~~~~~~~~~~~~~~~~~~~~~~~~~~~~~~~~~~~~~~~~~~~~~~~~~~~~~~~~~~~~~~~~~~~~~~~~~~~~~~~~~~~~~~~~~~~~~~~~~~~~~~~~~~~\nPOPULATIONS/POPULATION_0005/INDIVIDUAL_T1IICWP8/model.cpp: In instantiation of \u2018Type objective_function<Type>::operator()() [with Type = CppAD::AD<CppAD::AD<CppAD::AD<double> > >]\u2019:\n/home/spi085/R/x86_64-pc-linux-gnu-library/4.4/TMB/include/tmb_core.hpp:917:29:   required from \u2018Type objective_function<Type>::evalUserTemplate() [with Type = CppAD::AD<CppAD::AD<CppAD::AD<double> > >]\u2019\n/home/spi085/R/x86_64-pc-linux-gnu-library/4.4/TMB/include/tmb_core.hpp:2365:28:   required from here\nPOPULATIONS/POPULATION_0005/INDIVIDUAL_T1IICWP8/model.cpp:58:50: error: no matching function for call to \u2018max(CppAD::AD<CppAD::AD<CppAD::AD<double> > >, CppAD::AD<CppAD::AD<CppAD::AD<double> > >)\u2019\n   58 |     Type temp_effect_bounded = min(Type(2.0), max(Type(-2.0), temp_effect * (sst_dat(t-1) - Type(26.0))));\n      |                                               ~~~^~~~~~~~~~~~~~~~~~~~~~~~~~~~~~~~~~~~~~~~~~~~~~~~~~~~~~~\n/home/spi085/R/x86_64-pc-linux-gnu-library/4.4/TMB/include/convenience.hpp:145:6: note: candidate: \u2018template<class Type> Type max(const tmbutils::vector<Type>&)\u2019\n  145 | Type max(const vector<Type> &x)\n      |      ^~~\n/home/spi085/R/x86_64-pc-linux-gnu-library/4.4/TMB/include/convenience.hpp:145:6: note:   template argument deduction/substitution failed:\nPOPULATIONS/POPULATION_0005/INDIVIDUAL_T1IICWP8/model.cpp:58:50: note:   \u2018CppAD::AD<CppAD::AD<CppAD::AD<double> > >\u2019 is not derived from \u2018const tmbutils::vector<Type>\u2019\n   58 |     Type temp_effect_bounded = min(Type(2.0), max(Type(-2.0), temp_effect * (sst_dat(t-1) - Type(26.0))));\n      |                                               ~~~^~~~~~~~~~~~~~~~~~~~~~~~~~~~~~~~~~~~~~~~~~~~~~~~~~~~~~~\nPOPULATIONS/POPULATION_0005/INDIVIDUAL_T1IICWP8/model.cpp:65:76: error: no matching function for call to \u2018max(CppAD::AD<CppAD::AD<CppAD::AD<double> > >, Eigen::DenseCoeffsBase<Eigen::Array<CppAD::AD<CppAD::AD<CppAD::AD<double> > >, -1, 1, 0, -1, 1>, 1>::Scalar&)\u2019\n   65 |     Type effective_attack = attack_rate / (Type(1.0) + density_effect * max(Type(0.0), cots_pred(t-1)));\n      |                                                                         ~~~^~~~~~~~~~~~~~~~~~~~~~~~~~~\n/home/spi085/R/x86_64-pc-linux-gnu-library/4.4/TMB/include/convenience.hpp:145:6: note: candidate: \u2018template<class Type> Type max(const tmbutils::vector<Type>&)\u2019\n  145 | Type max(const vector<Type> &x)\n      |      ^~~\n/home/spi085/R/x86_64-pc-linux-gnu-library/4.4/TMB/include/convenience.hpp:145:6: note:   template argument deduction/substitution failed:\nPOPULATIONS/POPULATION_0005/INDIVIDUAL_T1IICWP8/model.cpp:65:76: note:   \u2018CppAD::AD<CppAD::AD<CppAD::AD<double> > >\u2019 is not derived from \u2018const tmbutils::vector<Type>\u2019\n   65 |     Type effective_attack = attack_rate / (Type(1.0) + density_effect * max(Type(0.0), cots_pred(t-1)));\n      |                                                                         ~~~^~~~~~~~~~~~~~~~~~~~~~~~~~~\nPOPULATIONS/POPULATION_0005/INDIVIDUAL_T1IICWP8/model.cpp:73:43: error: no matching function for call to \u2018min(CppAD::AD<CppAD::AD<CppAD::AD<double> > >, CppAD::AD<CppAD::AD<CppAD::AD<double> > >)\u2019\n   73 |     Type growth_term = max(Type(-0.9), min(Type(2.0), r_cots * (Type(1.0) - cots_pred(t-1)/K_cots)));\n      |                                        ~~~^~~~~~~~~~~~~~~~~~~~~~~~~~~~~~~~~~~~~~~~~~~~~~~~~~~~~~~~~\n/home/spi085/R/x86_64-pc-linux-gnu-library/4.4/TMB/include/convenience.hpp:156:6: note: candidate: \u2018template<class Type> Type min(const tmbutils::vector<Type>&)\u2019\n  156 | Type min(const vector<Type> &x)\n      |      ^~~\n/home/spi085/R/x86_64-pc-linux-gnu-library/4.4/TMB/include/convenience.hpp:156:6: note:   template argument deduction/substitution failed:\nPOPULATIONS/POPULATION_0005/INDIVIDUAL_T1IICWP8/model.cpp:73:43: note:   \u2018CppAD::AD<CppAD::AD<CppAD::AD<double> > >\u2019 is not derived from \u2018const tmbutils::vector<Type>\u2019\n   73 |     Type growth_term = max(Type(-0.9), min(Type(2.0), r_cots * (Type(1.0) - cots_pred(t-1)/K_cots)));\n      |                                        ~~~^~~~~~~~~~~~~~~~~~~~~~~~~~~~~~~~~~~~~~~~~~~~~~~~~~~~~~~~~\nPOPULATIONS/POPULATION_0005/INDIVIDUAL_T1IICWP8/model.cpp:77:23: error: no matching function for call to \u2018max(CppAD::AD<CppAD::AD<CppAD::AD<double> > >&, CppAD::AD<CppAD::AD<CppAD::AD<double> > >)\u2019\n   77 |     fast_pred(t) = max(eps, fast_pred(t-1) + r_fast * fast_pred(t-1) * (Type(1.0) - fast_pred(t-1)/Type(100.0)) - consumption_fast);\n      |                    ~~~^~~~~~~~~~~~~~~~~~~~~~~~~~~~~~~~~~~~~~~~~~~~~~~~~~~~~~~~~~~~~~~~~~~~~~~~~~~~~~~~~~~~~~~~~~~~~~~~~~~~~~~~~~~~~\n/home/spi085/R/x86_64-pc-linux-gnu-library/4.4/TMB/include/convenience.hpp:145:6: note: candidate: \u2018template<class Type> Type max(const tmbutils::vector<Type>&)\u2019\n  145 | Type max(const vector<Type> &x)\n      |      ^~~\n/home/spi085/R/x86_64-pc-linux-gnu-library/4.4/TMB/include/convenience.hpp:145:6: note:   template argument deduction/substitution failed:\nPOPULATIONS/POPULATION_0005/INDIVIDUAL_T1IICWP8/model.cpp:77:23: note:   \u2018CppAD::AD<CppAD::AD<CppAD::AD<double> > >\u2019 is not derived from \u2018const tmbutils::vector<Type>\u2019\n   77 |     fast_pred(t) = max(eps, fast_pred(t-1) + r_fast * fast_pred(t-1) * (Type(1.0) - fast_pred(t-1)/Type(100.0)) - consumption_fast);\n      |                    ~~~^~~~~~~~~~~~~~~~~~~~~~~~~~~~~~~~~~~~~~~~~~~~~~~~~~~~~~~~~~~~~~~~~~~~~~~~~~~~~~~~~~~~~~~~~~~~~~~~~~~~~~~~~~~~~\nPOPULATIONS/POPULATION_0005/INDIVIDUAL_T1IICWP8/model.cpp:78:23: error: no matching function for call to \u2018max(CppAD::AD<CppAD::AD<CppAD::AD<double> > >&, CppAD::AD<CppAD::AD<CppAD::AD<double> > >)\u2019\n   78 |     slow_pred(t) = max(eps, slow_pred(t-1) + r_slow * slow_pred(t-1) * (Type(1.0) - slow_pred(t-1)/Type(100.0)) - consumption_slow);\n      |                    ~~~^~~~~~~~~~~~~~~~~~~~~~~~~~~~~~~~~~~~~~~~~~~~~~~~~~~~~~~~~~~~~~~~~~~~~~~~~~~~~~~~~~~~~~~~~~~~~~~~~~~~~~~~~~~~~\n/home/spi085/R/x86_64-pc-linux-gnu-library/4.4/TMB/include/convenience.hpp:145:6: note: candidate: \u2018template<class Type> Type max(const tmbutils::vector<Type>&)\u2019\n  145 | Type max(const vector<Type> &x)\n      |      ^~~\n/home/spi085/R/x86_64-pc-linux-gnu-library/4.4/TMB/include/convenience.hpp:145:6: note:   template argument deduction/substitution failed:\nPOPULATIONS/POPULATION_0005/INDIVIDUAL_T1IICWP8/model.cpp:78:23: note:   \u2018CppAD::AD<CppAD::AD<CppAD::AD<double> > >\u2019 is not derived from \u2018const tmbutils::vector<Type>\u2019\n   78 |     slow_pred(t) = max(eps, slow_pred(t-1) + r_slow * slow_pred(t-1) * (Type(1.0) - slow_pred(t-1)/Type(100.0)) - consumption_slow);\n      |                    ~~~^~~~~~~~~~~~~~~~~~~~~~~~~~~~~~~~~~~~~~~~~~~~~~~~~~~~~~~~~~~~~~~~~~~~~~~~~~~~~~~~~~~~~~~~~~~~~~~~~~~~~~~~~~~~~\nmake: *** [/usr/lib/R/etc/Makeconf:204: POPULATIONS/POPULATION_0005/INDIVIDUAL_T1IICWP8/model.o] Error 1\nError in TMB::compile(file.path(individual_dir, model_file), flags = flags,  : \n  Compilation failed\nError: Compilation failed\nExecution halted"
    },
    "3": {
      "status": "ERROR",
      "message": "Model failed to compile.",
      "stdout": "g++ -std=gnu++17 -I\"/usr/share/R/include\" -DNDEBUG -I\"/home/spi085/R/x86_64-pc-linux-gnu-library/4.4/TMB/include\" -I\"/home/spi085/R/x86_64-pc-linux-gnu-library/4.4/RcppEigen/include\"   -DTMB_EIGEN_DISABLE_WARNINGS   -DTMB_LIB_INIT=R_init_model  -DCPPAD_FRAMEWORK      -fpic  -O2  -c POPULATIONS/POPULATION_0005/INDIVIDUAL_T1IICWP8/model.cpp -o POPULATIONS/POPULATION_0005/INDIVIDUAL_T1IICWP8/model.o",
      "stderr": "Loading required package: TMB\nLoading required package: jsonlite\nhere() starts at /home/spi085/Documents/_Projects/SCCP-QuantModelling\nusing C++ compiler: \u2018g++ (Ubuntu 13.3.0-6ubuntu2~24.04) 13.3.0\u2019\nPOPULATIONS/POPULATION_0005/INDIVIDUAL_T1IICWP8/model.cpp: In instantiation of \u2018Type objective_function<Type>::operator()() [with Type = double]\u2019:\n/home/spi085/R/x86_64-pc-linux-gnu-library/4.4/TMB/include/tmb_core.hpp:2035:7:   required from here\nPOPULATIONS/POPULATION_0005/INDIVIDUAL_T1IICWP8/model.cpp:59:82: error: call of overloaded \u2018abs(double&)\u2019 is ambiguous\n   59 |     Type temp_effect_bounded = temp_effect_raw / (Type(1.0) + exp(Type(2.0) - abs(temp_effect_raw)));\n      |                                                                               ~~~^~~~~~~~~~~~~~~~~\nIn file included from /usr/include/c++/13/cstdlib:79,\n                 from /usr/include/c++/13/ext/string_conversions.h:43,\n                 from /usr/include/c++/13/bits/basic_string.h:4109,\n                 from /usr/include/c++/13/string:54,\n                 from /usr/include/c++/13/bits/locale_classes.h:40,\n                 from /usr/include/c++/13/bits/ios_base.h:41,\n                 from /usr/include/c++/13/ios:44,\n                 from /usr/include/c++/13/ostream:40,\n                 from /usr/include/c++/13/iostream:41,\n                 from /home/spi085/R/x86_64-pc-linux-gnu-library/4.4/TMB/include/Rstream.hpp:10,\n                 from /home/spi085/R/x86_64-pc-linux-gnu-library/4.4/TMB/include/TMB.hpp:46,\n                 from POPULATIONS/POPULATION_0005/INDIVIDUAL_T1IICWP8/model.cpp:1:\n/usr/include/stdlib.h:980:12: note: candidate: \u2018int abs(int)\u2019\n  980 | extern int abs (int __x) __THROW __attribute__ ((__const__)) __wur;\n      |            ^~~\nIn file included from /usr/include/c++/13/cstdlib:81:\n/usr/include/c++/13/bits/std_abs.h:137:3: note: candidate: \u2018constexpr __float128 std::abs(__float128)\u2019\n  137 |   abs(__float128 __x)\n      |   ^~~\n/usr/include/c++/13/bits/std_abs.h:85:3: note: candidate: \u2018constexpr __int128 std::abs(__int128)\u2019\n   85 |   abs(__GLIBCXX_TYPE_INT_N_0 __x) { return __x >= 0 ? __x : -__x; }\n      |   ^~~\n/usr/include/c++/13/bits/std_abs.h:79:3: note: candidate: \u2018constexpr long double std::abs(long double)\u2019\n   79 |   abs(long double __x)\n      |   ^~~\n/usr/include/c++/13/bits/std_abs.h:75:3: note: candidate: \u2018constexpr float std::abs(float)\u2019\n   75 |   abs(float __x)\n      |   ^~~\n/usr/include/c++/13/bits/std_abs.h:71:3: note: candidate: \u2018constexpr double std::abs(double)\u2019\n   71 |   abs(double __x)\n      |   ^~~\n/usr/include/c++/13/bits/std_abs.h:61:3: note: candidate: \u2018long long int std::abs(long long int)\u2019\n   61 |   abs(long long __x) { return __builtin_llabs (__x); }\n      |   ^~~\n/usr/include/c++/13/bits/std_abs.h:56:3: note: candidate: \u2018long int std::abs(long int)\u2019\n   56 |   abs(long __i) { return __builtin_labs(__i); }\n      |   ^~~\nIn file included from /home/spi085/R/x86_64-pc-linux-gnu-library/4.4/TMB/include/cppad/base_require.hpp:161,\n                 from /home/spi085/R/x86_64-pc-linux-gnu-library/4.4/TMB/include/cppad/cppad.hpp:22,\n                 from /home/spi085/R/x86_64-pc-linux-gnu-library/4.4/TMB/include/TMB.hpp:125:\n/home/spi085/R/x86_64-pc-linux-gnu-library/4.4/TMB/include/cppad/local/base_complex.hpp:373:30: note: candidate: \u2018std::complex<float> CppAD::abs(const std::complex<float>&)\u2019\n  373 |         CPPAD_USER_MACRO_TWO(abs)\n      |                              ^~~\n/home/spi085/R/x86_64-pc-linux-gnu-library/4.4/TMB/include/cppad/local/base_complex.hpp:307:28: note: in definition of macro \u2018CPPAD_USER_MACRO_TWO\u2019\n  307 | inline std::complex<float> Fun(const std::complex<float>& x)       \\\n      |                            ^~~\n/home/spi085/R/x86_64-pc-linux-gnu-library/4.4/TMB/include/cppad/local/base_complex.hpp:241:26: note: candidate: \u2018std::complex<double> CppAD::abs(const std::complex<double>&)\u2019\n  241 |         CPPAD_USER_MACRO(abs)\n      |                          ^~~\n/home/spi085/R/x86_64-pc-linux-gnu-library/4.4/TMB/include/cppad/local/base_complex.hpp:232:29: note: in definition of macro \u2018CPPAD_USER_MACRO\u2019\n  232 | inline std::complex<double> Fun(const std::complex<double>& x)     \\\n      |                             ^~~\nIn file included from /home/spi085/R/x86_64-pc-linux-gnu-library/4.4/TMB/include/cppad/base_require.hpp:160:\n/home/spi085/R/x86_64-pc-linux-gnu-library/4.4/TMB/include/cppad/local/base_double.hpp:157:23: note: candidate: \u2018double CppAD::abs(const double&)\u2019\n  157 |         inline double abs(const double& x)\n      |                       ^~~\nIn file included from /home/spi085/R/x86_64-pc-linux-gnu-library/4.4/TMB/include/cppad/base_require.hpp:159:\n/home/spi085/R/x86_64-pc-linux-gnu-library/4.4/TMB/include/cppad/local/base_float.hpp:158:22: note: candidate: \u2018float CppAD::abs(const float&)\u2019\n  158 |         inline float abs(const float& x)\n      |                      ^~~\nPOPULATIONS/POPULATION_0005/INDIVIDUAL_T1IICWP8/model.cpp:75:69: error: call of overloaded \u2018abs(double&)\u2019 is ambiguous\n   75 |     Type growth_term = growth_raw / (Type(1.0) + exp(Type(2.0) - abs(growth_raw)));\n      |                                                                  ~~~^~~~~~~~~~~~\n/usr/include/stdlib.h:980:12: note: candidate: \u2018int abs(int)\u2019\n  980 | extern int abs (int __x) __THROW __attribute__ ((__const__)) __wur;\n      |            ^~~\n/usr/include/c++/13/bits/std_abs.h:137:3: note: candidate: \u2018constexpr __float128 std::abs(__float128)\u2019\n  137 |   abs(__float128 __x)\n      |   ^~~\n/usr/include/c++/13/bits/std_abs.h:85:3: note: candidate: \u2018constexpr __int128 std::abs(__int128)\u2019\n   85 |   abs(__GLIBCXX_TYPE_INT_N_0 __x) { return __x >= 0 ? __x : -__x; }\n      |   ^~~\n/usr/include/c++/13/bits/std_abs.h:79:3: note: candidate: \u2018constexpr long double std::abs(long double)\u2019\n   79 |   abs(long double __x)\n      |   ^~~\n/usr/include/c++/13/bits/std_abs.h:75:3: note: candidate: \u2018constexpr float std::abs(float)\u2019\n   75 |   abs(float __x)\n      |   ^~~\n/usr/include/c++/13/bits/std_abs.h:71:3: note: candidate: \u2018constexpr double std::abs(double)\u2019\n   71 |   abs(double __x)\n      |   ^~~\n/usr/include/c++/13/bits/std_abs.h:61:3: note: candidate: \u2018long long int std::abs(long long int)\u2019\n   61 |   abs(long long __x) { return __builtin_llabs (__x); }\n      |   ^~~\n/usr/include/c++/13/bits/std_abs.h:56:3: note: candidate: \u2018long int std::abs(long int)\u2019\n   56 |   abs(long __i) { return __builtin_labs(__i); }\n      |   ^~~\n/home/spi085/R/x86_64-pc-linux-gnu-library/4.4/TMB/include/cppad/local/base_complex.hpp:373:30: note: candidate: \u2018std::complex<float> CppAD::abs(const std::complex<float>&)\u2019\n  373 |         CPPAD_USER_MACRO_TWO(abs)\n      |                              ^~~\n/home/spi085/R/x86_64-pc-linux-gnu-library/4.4/TMB/include/cppad/local/base_complex.hpp:307:28: note: in definition of macro \u2018CPPAD_USER_MACRO_TWO\u2019\n  307 | inline std::complex<float> Fun(const std::complex<float>& x)       \\\n      |                            ^~~\n/home/spi085/R/x86_64-pc-linux-gnu-library/4.4/TMB/include/cppad/local/base_complex.hpp:241:26: note: candidate: \u2018std::complex<double> CppAD::abs(const std::complex<double>&)\u2019\n  241 |         CPPAD_USER_MACRO(abs)\n      |                          ^~~\n/home/spi085/R/x86_64-pc-linux-gnu-library/4.4/TMB/include/cppad/local/base_complex.hpp:232:29: note: in definition of macro \u2018CPPAD_USER_MACRO\u2019\n  232 | inline std::complex<double> Fun(const std::complex<double>& x)     \\\n      |                             ^~~\n/home/spi085/R/x86_64-pc-linux-gnu-library/4.4/TMB/include/cppad/local/base_double.hpp:157:23: note: candidate: \u2018double CppAD::abs(const double&)\u2019\n  157 |         inline double abs(const double& x)\n      |                       ^~~\n/home/spi085/R/x86_64-pc-linux-gnu-library/4.4/TMB/include/cppad/local/base_float.hpp:158:22: note: candidate: \u2018float CppAD::abs(const float&)\u2019\n  158 |         inline float abs(const float& x)\n      |                      ^~~\nmake: *** [/usr/lib/R/etc/Makeconf:204: POPULATIONS/POPULATION_0005/INDIVIDUAL_T1IICWP8/model.o] Error 1\nError in TMB::compile(file.path(individual_dir, model_file), flags = flags,  : \n  Compilation failed\nError: Compilation failed\nExecution halted"
    },
    "4": {
      "status": "ERROR",
      "message": "R script failed with return code 1",
      "stdout": "g++ -std=gnu++17 -I\"/usr/share/R/include\" -DNDEBUG -I\"/home/spi085/R/x86_64-pc-linux-gnu-library/4.4/TMB/include\" -I\"/home/spi085/R/x86_64-pc-linux-gnu-library/4.4/RcppEigen/include\"   -DTMB_EIGEN_DISABLE_WARNINGS   -DTMB_LIB_INIT=R_init_model  -DCPPAD_FRAMEWORK      -fpic  -O2  -c POPULATIONS/POPULATION_0005/INDIVIDUAL_T1IICWP8/model.cpp -o POPULATIONS/POPULATION_0005/INDIVIDUAL_T1IICWP8/model.o\ng++ -std=gnu++17 -shared -L/usr/lib/R/lib -Wl,-Bsymbolic-functions -flto=auto -ffat-lto-objects -Wl,-z,relro -o POPULATIONS/POPULATION_0005/INDIVIDUAL_T1IICWP8/model.so POPULATIONS/POPULATION_0005/INDIVIDUAL_T1IICWP8/model.o -L/usr/lib/R/lib -lR\nStarting model phases\nNumber of phases: 4 \nPhase 1 \nInitial parameter values for phase 1 :\n     log_r_cots log_temp_effect \n             NA              NA \nError in model phases: NA/NaN gradient evaluation",
      "stderr": "Loading required package: TMB\nLoading required package: jsonlite\nhere() starts at /home/spi085/Documents/_Projects/SCCP-QuantModelling\nusing C++ compiler: \u2018g++ (Ubuntu 13.3.0-6ubuntu2~24.04) 13.3.0\u2019\nError in value[[3L]](cond) : \n  Error in model phases: NA/NaN gradient evaluation\nCalls: tryCatch -> tryCatchList -> tryCatchOne -> <Anonymous>\nIn addition: Warning message:\nIn nlminb(model$par, model$fn, model$gr) : NA/NaN function evaluation\nExecution halted"
    },
    "5": {
      "status": "ERROR",
      "message": "R script failed with return code 1",
      "stdout": "g++ -std=gnu++17 -I\"/usr/share/R/include\" -DNDEBUG -I\"/home/spi085/R/x86_64-pc-linux-gnu-library/4.4/TMB/include\" -I\"/home/spi085/R/x86_64-pc-linux-gnu-library/4.4/RcppEigen/include\"   -DTMB_EIGEN_DISABLE_WARNINGS   -DTMB_LIB_INIT=R_init_model  -DCPPAD_FRAMEWORK      -fpic  -O2  -c POPULATIONS/POPULATION_0005/INDIVIDUAL_T1IICWP8/model.cpp -o POPULATIONS/POPULATION_0005/INDIVIDUAL_T1IICWP8/model.o\ng++ -std=gnu++17 -shared -L/usr/lib/R/lib -Wl,-Bsymbolic-functions -flto=auto -ffat-lto-objects -Wl,-z,relro -o POPULATIONS/POPULATION_0005/INDIVIDUAL_T1IICWP8/model.so POPULATIONS/POPULATION_0005/INDIVIDUAL_T1IICWP8/model.o -L/usr/lib/R/lib -lR\nStarting model phases\nNumber of phases: 4 \nPhase 1 \nInitial parameter values for phase 1 :\n     log_r_cots log_temp_effect \n             NA              NA \nError in model phases: NA/NaN gradient evaluation",
      "stderr": "Loading required package: TMB\nLoading required package: jsonlite\nhere() starts at /home/spi085/Documents/_Projects/SCCP-QuantModelling\nusing C++ compiler: \u2018g++ (Ubuntu 13.3.0-6ubuntu2~24.04) 13.3.0\u2019\nError in value[[3L]](cond) : \n  Error in model phases: NA/NaN gradient evaluation\nCalls: tryCatch -> tryCatchList -> tryCatchOne -> <Anonymous>\nIn addition: Warning message:\nIn nlminb(model$par, model$fn, model$gr) : NA/NaN function evaluation\nExecution halted"
    },
    "6": {
      "status": "ERROR",
      "message": "R script failed with return code 1",
      "stdout": "g++ -std=gnu++17 -I\"/usr/share/R/include\" -DNDEBUG -I\"/home/spi085/R/x86_64-pc-linux-gnu-library/4.4/TMB/include\" -I\"/home/spi085/R/x86_64-pc-linux-gnu-library/4.4/RcppEigen/include\"   -DTMB_EIGEN_DISABLE_WARNINGS   -DTMB_LIB_INIT=R_init_model  -DCPPAD_FRAMEWORK      -fpic  -O2  -c POPULATIONS/POPULATION_0005/INDIVIDUAL_T1IICWP8/model.cpp -o POPULATIONS/POPULATION_0005/INDIVIDUAL_T1IICWP8/model.o\ng++ -std=gnu++17 -shared -L/usr/lib/R/lib -Wl,-Bsymbolic-functions -flto=auto -ffat-lto-objects -Wl,-z,relro -o POPULATIONS/POPULATION_0005/INDIVIDUAL_T1IICWP8/model.so POPULATIONS/POPULATION_0005/INDIVIDUAL_T1IICWP8/model.o -L/usr/lib/R/lib -lR\nStarting model phases\nNumber of phases: 4 \nPhase 1 \nInitial parameter values for phase 1 :\n     log_r_cots log_temp_effect \n             NA              NA \nError in model phases: NA/NaN gradient evaluation",
      "stderr": "Loading required package: TMB\nLoading required package: jsonlite\nhere() starts at /home/spi085/Documents/_Projects/SCCP-QuantModelling\nusing C++ compiler: \u2018g++ (Ubuntu 13.3.0-6ubuntu2~24.04) 13.3.0\u2019\nError in value[[3L]](cond) : \n  Error in model phases: NA/NaN gradient evaluation\nCalls: tryCatch -> tryCatchList -> tryCatchOne -> <Anonymous>\nIn addition: Warning message:\nIn nlminb(model$par, model$fn, model$gr) : NA/NaN function evaluation\nExecution halted"
    },
    "7": {
      "status": "BROKEN"
    }
  }
}