{
  "iterations": {
    "1": {
      "status": "ERROR",
      "message": "R script failed with return code 1",
      "stdout": "g++ -std=gnu++17  -I\"C:/Users/spi085/AppData/Local/Programs/R/R-4.4.1/include\" -DNDEBUG -I\"C:/Users/spi085/AppData/Local/Programs/R/R-44~1.1/library/TMB/include\" -I\"C:/Users/spi085/AppData/Local/Programs/R/R-44~1.1/library/RCPPEI~1/include\"   -DTMB_EIGEN_DISABLE_WARNINGS   -DTMB_LIB_INIT=R_init_model  -DCPPAD_FRAMEWORK    -I\"C:/rtools44/x86_64-w64-mingw32.static.posix/include\"     -O2 -Wa,-mbig-obj -c POPULATIONS//POPULATION_0027//INDIVIDUAL_IJPG3H9S/model.cpp -o POPULATIONS//POPULATION_0027//INDIVIDUAL_IJPG3H9S/model.o\ng++ -std=gnu++17 -shared -s -static-libgcc -o POPULATIONS//POPULATION_0027//INDIVIDUAL_IJPG3H9S/model.dll tmp.def POPULATIONS//POPULATION_0027//INDIVIDUAL_IJPG3H9S/model.o -LC:/rtools44/x86_64-w64-mingw32.static.posix/lib/x64 -LC:/rtools44/x86_64-w64-mingw32.static.posix/lib -LC:/Users/spi085/AppData/Local/Programs/R/R-4.4.1/bin/x64 -lR\nStarting model phases\nNumber of phases: 4 \nPhase 1 \nInitial parameter values for phase 1 :\nr_max g_max \n  1.0   0.4 \nFinal parameter values for phase 1 :\n    r_max     g_max \n0.5434983 0.7953709 \nConvergence message: both X-convergence and relative convergence (5) \nNumber of iterations: 19 \nObjective function value: 41979.19 \nGradient at solution for phase 1 :\n             [,1]          [,2]\n[1,] 0.0006892923 -0.0003148711\nPhase 2 \nInitial parameter values for phase 2 :\n       K_N        K_P alpha_base  alpha_max    K_alpha      m_P_N        s_P \n      0.10       0.20       0.20       0.30       0.10       0.15       0.15 \n   s_P_max      m_Z_N        r_D      I_opt       beta        k_w        E_p \n      0.30       0.10       0.10     150.00       0.10       0.20       0.45 \n   theta_P    eta_max      k_eta     N_crit   eta_base     h_time \n      0.50       1.50       5.00       0.15       0.50       0.30 \nFinal parameter values for phase 2 :\n          K_N           K_P    alpha_base     alpha_max       K_alpha \n  0.093066831   0.264746441   0.178598489   0.051698004   0.004285771 \n        m_P_N           s_P       s_P_max         m_Z_N           r_D \n -0.289068567   0.096294661  -0.139068567   0.072154653   0.013964805 \n        I_opt          beta           k_w           E_p       theta_P \n150.000000000   0.100000000  -2.410368658   0.450000000   0.500000000 \n      eta_max         k_eta        N_crit      eta_base        h_time \n  1.543562073   6.361652340   0.291741901   0.344214528  -0.521742412 \nConvergence message: function evaluation limit reached without convergence (9) \nNumber of iterations: 139 \nObjective function value: -190.7501 \nGradient at solution for phase 2 :\n         [,1]     [,2]     [,3]     [,4]     [,5]     [,6]    [,7]     [,8]\n[1,] -595.507 -400.611 115.8502 189.7469 303.3566 315.0152 434.004 315.0152\n         [,9]    [,10]         [,11] [,12]     [,13] [,14] [,15]     [,16]\n[1,] 70.48365 1130.154 -9.714451e-17     0 -12.98853     0     0 -18.66659\n        [,17]    [,18]     [,19]     [,20]\n[1,] 12.96329 257.6823 -168.8304 -15.29409\nPhase 3 \nInitial parameter values for phase 3 :\n m_P  m_Z \n0.10 0.05 \nFinal parameter values for phase 3 :\n       m_P        m_Z \n0.09921708 0.05244552 \nConvergence message: relative convergence (4) \nNumber of iterations: 14 \nObjective function value: -191.2376 \nGradient at solution for phase 3 :\n            [,1]        [,2]\n[1,] 0.008315084 0.001053859\nPhase 4 \nInitial parameter values for phase 4 :\nsigma_N sigma_P sigma_Z \n    0.2     0.2     0.2 \nFinal parameter values for phase 4 :\n   sigma_N    sigma_P    sigma_Z \n0.10626221 0.22275905 0.08902016 \nConvergence message: relative convergence (4) \nNumber of iterations: 20 \nObjective function value: -315.0009 \nGradient at solution for phase 4 :\n             [,1]         [,2]         [,3]\n[1,] -0.000110891 0.0004600686 -0.001783396\nFinal Phase\nInitial parameter values for final phase:\n        r_max           K_N         g_max           K_P    alpha_base \n  0.543498318   0.093066831   0.795370856   0.264746441   0.178598489 \n    alpha_max       K_alpha           m_P         m_P_N           s_P \n  0.051698004   0.004285771   0.099217076  -0.289068567   0.096294661 \n      s_P_max           m_Z         m_Z_N           r_D       sigma_N \n -0.139068567   0.052445522   0.072154653   0.013964805   0.106262205 \n      sigma_P       sigma_Z         I_opt          beta           k_w \n  0.222759051   0.089020159 150.000000000   0.100000000  -2.410368658 \n          E_p       theta_P       eta_max         k_eta        N_crit \n  0.450000000   0.500000000   1.543562073   6.361652340   0.291741901 \n     eta_base        h_time \n  0.344214528  -0.521742412 \nFinal parameter values for final phase:\n        r_max           K_N         g_max           K_P    alpha_base \n  0.531145515   0.126119165   0.994158458   0.318954409   0.168809394 \n    alpha_max       K_alpha           m_P         m_P_N           s_P \n  0.010276462   0.008833053   0.124326379  -0.365356167   0.158982639 \n      s_P_max           m_Z         m_Z_N           r_D       sigma_N \n -0.215356167   0.028633005   0.063452104   0.011012551   0.095006132 \n      sigma_P       sigma_Z         I_opt          beta           k_w \n  0.228908234   0.048709077 150.000000000   0.100000000  -2.588785904 \n          E_p       theta_P       eta_max         k_eta        N_crit \n  0.450000000   0.500000000   1.498584521   6.350509315   0.226805554 \n     eta_base        h_time \n  0.484516009  -0.711413285 \nConvergence message: function evaluation limit reached without convergence (9) \nNumber of iterations: 97 \nObjective function value: -430.8126 \nGradient at solution for final phase:\n          [,1]     [,2]      [,3]      [,4]     [,5]     [,6]      [,7]\n[1,] -14.04006 24.48072 -1.305304 -40.63391 108.3998 91.87012 -129.8847\n         [,8]     [,9]     [,10]    [,11]   [,12]      [,13]     [,14]\n[1,] 37.80231 23.09382 -21.56167 23.09382 95.1286 -0.2320767 -184.2555\n         [,15]     [,16]    [,17]         [,18] [,19]    [,20] [,21] [,22]\n[1,] -28.03086 -23.19511 63.39066 -8.326673e-17     0 16.50771     0     0\n        [,23]   [,24]    [,25]     [,26]    [,27]\n[1,] 3.986722 2.15036 20.92383 -26.41613 17.00953\nAll phases completed",
      "stderr": "Loading required package: TMB\nLoading required package: jsonlite\nhere() starts at C:/Users/spi085/OneDrive - CSIRO/Documents/_Projects/SCCP-QuantModelling\nusing C++ compiler: 'G__~1.EXE (GCC) 13.2.0'\nThere were 19 warnings (use warnings() to see them)\nError in `$<-.data.frame`(`*tmp*`, \"found_value\", value = c(NA, NA, NA,  : \n  replacement has 5 rows, data has 32\nCalls: $<- -> $<-.data.frame\nExecution halted"
    },
    "2": {
      "status": "ERROR",
      "message": "R script failed with return code 1",
      "stdout": "g++ -std=gnu++17  -I\"C:/Users/spi085/AppData/Local/Programs/R/R-4.4.1/include\" -DNDEBUG -I\"C:/Users/spi085/AppData/Local/Programs/R/R-44~1.1/library/TMB/include\" -I\"C:/Users/spi085/AppData/Local/Programs/R/R-44~1.1/library/RCPPEI~1/include\"   -DTMB_EIGEN_DISABLE_WARNINGS   -DTMB_LIB_INIT=R_init_model  -DCPPAD_FRAMEWORK    -I\"C:/rtools44/x86_64-w64-mingw32.static.posix/include\"     -O2 -Wa,-mbig-obj -c POPULATIONS//POPULATION_0027//INDIVIDUAL_IJPG3H9S/model.cpp -o POPULATIONS//POPULATION_0027//INDIVIDUAL_IJPG3H9S/model.o\ng++ -std=gnu++17 -shared -s -static-libgcc -o POPULATIONS//POPULATION_0027//INDIVIDUAL_IJPG3H9S/model.dll tmp.def POPULATIONS//POPULATION_0027//INDIVIDUAL_IJPG3H9S/model.o -LC:/rtools44/x86_64-w64-mingw32.static.posix/lib/x64 -LC:/rtools44/x86_64-w64-mingw32.static.posix/lib -LC:/Users/spi085/AppData/Local/Programs/R/R-4.4.1/bin/x64 -lR\nStarting model phases\nNumber of phases: 4 \nPhase 1 \nInitial parameter values for phase 1 :\nr_max g_max \n  1.0   0.4 \nFinal parameter values for phase 1 :\n    r_max     g_max \n0.5434983 0.7953709 \nConvergence message: both X-convergence and relative convergence (5) \nNumber of iterations: 19 \nObjective function value: 41989.19 \nGradient at solution for phase 1 :\n             [,1]          [,2]\n[1,] 0.0006892997 -0.0003148679\nPhase 2 \nInitial parameter values for phase 2 :\n       K_N        K_P alpha_base  alpha_max    K_alpha      m_P_N        s_P \n      0.10       0.20       0.20       0.30       0.10       0.15       0.15 \n   s_P_max      m_Z_N        r_D      I_opt       beta        k_w        E_p \n      0.30       0.10       0.10     150.00       0.10       0.20       0.45 \n   theta_P    eta_max      k_eta     N_crit   eta_base     h_time \n      0.50       1.50       5.00       0.15       0.50       0.30 \nFinal parameter values for phase 2 :\n         K_N          K_P   alpha_base    alpha_max      K_alpha        m_P_N \n4.965932e-02 4.300388e-01 2.558853e-01 1.296341e-03 8.785672e-02 7.673809e-04 \n         s_P      s_P_max        m_Z_N          r_D        I_opt         beta \n8.960279e-04 1.471268e-03 6.081479e-02 4.004986e-02 1.500000e+02 1.000000e-01 \n         k_w          E_p      theta_P      eta_max        k_eta       N_crit \n1.203855e-01 4.500000e-01 5.000000e-01 1.194952e+00 5.009262e+00 5.751652e-01 \n    eta_base       h_time \n4.215946e-01 1.098645e-01 \nConvergence message: function evaluation limit reached without convergence (9) \nNumber of iterations: 103 \nObjective function value: 311.9487 \nGradient at solution for phase 2 :\n         [,1]      [,2]     [,3]      [,4]     [,5]      [,6]     [,7]     [,8]\n[1,] 1646.645 -1098.238 621.8201 -307.3736 5.756933 -1602.411 8868.841 1441.282\n        [,9]     [,10]         [,11] [,12]    [,13] [,14] [,15]     [,16]\n[1,] 762.422 -1561.955 -1.118897e-16     0 6.059959     0     0 -55.88281\n        [,17]    [,18]     [,19]     [,20]\n[1,] 9.412172 167.8198 -368.0353 -63.46268\nPhase 3 \nInitial parameter values for phase 3 :\n m_P  m_Z \n0.10 0.05 \nFinal parameter values for phase 3 :\n       m_P        m_Z \n0.09317124 0.04920497 \nConvergence message: relative convergence (4) \nNumber of iterations: 10 \nObjective function value: 294.3579 \nGradient at solution for phase 3 :\n            [,1]        [,2]\n[1,] 0.002151998 0.001470577\nPhase 4 \nInitial parameter values for phase 4 :\nsigma_N sigma_P sigma_Z \n    0.2     0.2     0.2 \nFinal parameter values for phase 4 :\n  sigma_N   sigma_P   sigma_Z \n0.2596731 0.4098705 0.1619187 \nConvergence message: relative convergence (4) \nNumber of iterations: 20 \nObjective function value: 111.2495 \nGradient at solution for phase 4 :\n             [,1]         [,2]         [,3]\n[1,] 0.0002364172 0.0004994774 -0.003224362\nFinal Phase\nInitial parameter values for final phase:\n       r_max          K_N        g_max          K_P   alpha_base    alpha_max \n5.434983e-01 4.965932e-02 7.953709e-01 4.300388e-01 2.558853e-01 1.296341e-03 \n     K_alpha          m_P        m_P_N          s_P      s_P_max          m_Z \n8.785672e-02 9.317124e-02 7.673809e-04 8.960279e-04 1.471268e-03 4.920497e-02 \n       m_Z_N          r_D      sigma_N      sigma_P      sigma_Z        I_opt \n6.081479e-02 4.004986e-02 2.596731e-01 4.098705e-01 1.619187e-01 1.500000e+02 \n        beta          k_w          E_p      theta_P      eta_max        k_eta \n1.000000e-01 1.203855e-01 4.500000e-01 5.000000e-01 1.194952e+00 5.009262e+00 \n      N_crit     eta_base       h_time \n5.751652e-01 4.215946e-01 1.098645e-01 \nFinal parameter values for final phase:\n       r_max          K_N        g_max          K_P   alpha_base    alpha_max \n6.149613e-01 2.787007e-03 5.850512e-01 2.038613e-01 1.591835e-01 1.696719e-02 \n     K_alpha          m_P        m_P_N          s_P      s_P_max          m_Z \n1.793348e-01 4.944485e-03 1.203521e-02 1.626409e-02 1.601008e-02 1.987705e-01 \n       m_Z_N          r_D      sigma_N      sigma_P      sigma_Z        I_opt \n4.599327e-02 8.097503e-02 1.649548e-01 2.322766e-01 7.893146e-02 1.500000e+02 \n        beta          k_w          E_p      theta_P      eta_max        k_eta \n1.000000e-01 6.127742e-02 4.500000e-01 5.000000e-01 1.631097e+00 5.498302e+00 \n      N_crit     eta_base       h_time \n5.018238e-01 4.525667e-02 3.730447e-02 \nConvergence message: function evaluation limit reached without convergence (9) \nNumber of iterations: 120 \nObjective function value: -232.413 \nGradient at solution for final phase:\n          [,1]     [,2]     [,3]      [,4]      [,5]      [,6]     [,7]\n[1,] -169.4752 302.6625 77.91731 -153.0827 -19.19987 -105.1103 4.952973\n         [,8]     [,9]   [,10]     [,11]    [,12]     [,13]  [,14]     [,15]\n[1,] 70.93476 -80.5496 246.898 -33.43316 117.9863 -21.97706 -61.49 -143.8354\n        [,16]    [,17]         [,18] [,19]    [,20] [,21] [,22]    [,23]\n[1,] 48.98306 92.71667 -1.003971e-16     0 19.70931     0     0 -58.3538\n         [,24]    [,25]     [,26]     [,27]\n[1,] -2.275329 251.4036 -189.0074 -15.05314\nAll phases completed",
      "stderr": "Loading required package: TMB\nLoading required package: jsonlite\nhere() starts at C:/Users/spi085/OneDrive - CSIRO/Documents/_Projects/SCCP-QuantModelling\nusing C++ compiler: 'G__~1.EXE (GCC) 13.2.0'\nThere were 50 or more warnings (use warnings() to see the first 50)\nError in `$<-.data.frame`(`*tmp*`, \"found_value\", value = c(NA, NA, NA,  : \n  replacement has 5 rows, data has 32\nCalls: $<- -> $<-.data.frame\nExecution halted"
    },
    "3": {
      "status": "ERROR",
      "message": "R script failed with return code 1",
      "stdout": "g++ -std=gnu++17  -I\"C:/Users/spi085/AppData/Local/Programs/R/R-4.4.1/include\" -DNDEBUG -I\"C:/Users/spi085/AppData/Local/Programs/R/R-44~1.1/library/TMB/include\" -I\"C:/Users/spi085/AppData/Local/Programs/R/R-44~1.1/library/RCPPEI~1/include\"   -DTMB_EIGEN_DISABLE_WARNINGS   -DTMB_LIB_INIT=R_init_model  -DCPPAD_FRAMEWORK    -I\"C:/rtools44/x86_64-w64-mingw32.static.posix/include\"     -O2 -Wa,-mbig-obj -c POPULATIONS//POPULATION_0027//INDIVIDUAL_IJPG3H9S/model.cpp -o POPULATIONS//POPULATION_0027//INDIVIDUAL_IJPG3H9S/model.o\ng++ -std=gnu++17 -shared -s -static-libgcc -o POPULATIONS//POPULATION_0027//INDIVIDUAL_IJPG3H9S/model.dll tmp.def POPULATIONS//POPULATION_0027//INDIVIDUAL_IJPG3H9S/model.o -LC:/rtools44/x86_64-w64-mingw32.static.posix/lib/x64 -LC:/rtools44/x86_64-w64-mingw32.static.posix/lib -LC:/Users/spi085/AppData/Local/Programs/R/R-4.4.1/bin/x64 -lR\nStarting model phases\nNumber of phases: 4 \nPhase 1 \nInitial parameter values for phase 1 :\nr_max g_max \n  1.0   0.4 \nFinal parameter values for phase 1 :\n    r_max     g_max \n0.5434986 0.7953647 \nConvergence message: both X-convergence and relative convergence (5) \nNumber of iterations: 17 \nObjective function value: 42041.28 \nGradient at solution for phase 1 :\n             [,1]          [,2]\n[1,] 1.141966e-06 -4.624561e-07\nPhase 2 \nInitial parameter values for phase 2 :\n       K_N        K_P alpha_base  alpha_max    K_alpha      m_P_N        s_P \n      0.10       0.20       0.20       0.30       0.10       0.15       0.15 \n   s_P_max      m_Z_N        r_D      I_opt       beta        k_w        E_p \n      0.30       0.10       0.10     150.00       0.10       0.20       0.45 \n   theta_P    eta_max      k_eta     N_crit   eta_base     h_time \n      0.50       1.50       5.00       0.15       0.50       0.30 \nFinal parameter values for phase 2 :\n         K_N          K_P   alpha_base    alpha_max      K_alpha        m_P_N \n5.410744e-02 3.526535e-01 1.917421e-01 8.374701e-02 5.332427e-03 2.586924e-03 \n         s_P      s_P_max        m_Z_N          r_D        I_opt         beta \n1.021558e-03 2.250917e-03 7.943112e-02 5.426269e-02 1.500000e+02 1.000000e-01 \n         k_w          E_p      theta_P      eta_max        k_eta       N_crit \n4.829806e-02 4.500000e-01 5.000000e-01 1.743002e+00 5.171559e+00 7.540010e-01 \n    eta_base       h_time \n5.003610e-01 4.921939e-01 \nConvergence message: function evaluation limit reached without convergence (9) \nNumber of iterations: 103 \nObjective function value: 447.7887 \nGradient at solution for phase 2 :\n          [,1]      [,2]     [,3]     [,4]     [,5]     [,6]     [,7]     [,8]\n[1,] -190.5413 -1023.073 36.21024 171.9617 536.6896 718.0418 1707.436 19.03115\n         [,9]     [,10]        [,11] [,12]     [,13] [,14] [,15]    [,16]\n[1,] 1117.808 -334.3513 8.283643e-17     0 -12.67503     0     0 7.480889\n         [,17]     [,18]     [,19]    [,20]\n[1,] -2.917304 -41.36849 -18.26297 28.23514\nPhase 3 \nInitial parameter values for phase 3 :\n m_P  m_Z \n0.10 0.05 \nFinal parameter values for phase 3 :\n       m_P        m_Z \n0.09668992 0.05304831 \nConvergence message: relative convergence (4) \nNumber of iterations: 9 \nObjective function value: 434.772 \nGradient at solution for phase 3 :\n             [,1]         [,2]\n[1,] -0.005095904 -0.001402085\nPhase 4 \nInitial parameter values for phase 4 :\nsigma_N sigma_P sigma_Z \n    0.2     0.2     0.2 \nFinal parameter values for phase 4 :\n  sigma_N   sigma_P   sigma_Z \n0.2795815 0.4265595 0.2068453 \nConvergence message: relative convergence (4) \nNumber of iterations: 18 \nObjective function value: 222.8743 \nGradient at solution for phase 4 :\n              [,1]          [,2]         [,3]\n[1,] -2.206108e-05 -3.638574e-05 7.650708e-05\nFinal Phase\nInitial parameter values for final phase:\n       r_max          K_N        g_max          K_P   alpha_base    alpha_max \n5.434986e-01 5.410744e-02 7.953647e-01 3.526535e-01 1.917421e-01 8.374701e-02 \n     K_alpha          m_P        m_P_N          s_P      s_P_max          m_Z \n5.332427e-03 9.668992e-02 2.586924e-03 1.021558e-03 2.250917e-03 5.304831e-02 \n       m_Z_N          r_D      sigma_N      sigma_P      sigma_Z        I_opt \n7.943112e-02 5.426269e-02 2.795815e-01 4.265595e-01 2.068453e-01 1.500000e+02 \n        beta          k_w          E_p      theta_P      eta_max        k_eta \n1.000000e-01 4.829806e-02 4.500000e-01 5.000000e-01 1.743002e+00 5.171559e+00 \n      N_crit     eta_base       h_time \n7.540010e-01 5.003610e-01 4.921939e-01 \nFinal parameter values for final phase:\n       r_max          K_N        g_max          K_P   alpha_base    alpha_max \n6.181881e-01 5.506959e-03 5.685618e-01 1.941222e-01 1.483714e-01 3.222746e-02 \n     K_alpha          m_P        m_P_N          s_P      s_P_max          m_Z \n1.374821e-01 6.190411e-03 1.311663e-02 1.554487e-02 9.105474e-03 1.982916e-01 \n       m_Z_N          r_D      sigma_N      sigma_P      sigma_Z        I_opt \n2.145742e-02 8.026018e-02 1.633297e-01 2.207442e-01 8.371095e-02 1.500000e+02 \n        beta          k_w          E_p      theta_P      eta_max        k_eta \n1.000000e-01 6.992894e-02 4.500000e-01 5.000000e-01 2.112209e+00 5.681971e+00 \n      N_crit     eta_base       h_time \n5.645831e-01 7.622657e-02 1.228527e-02 \nConvergence message: function evaluation limit reached without convergence (9) \nNumber of iterations: 124 \nObjective function value: -223.436 \nGradient at solution for final phase:\n          [,1]      [,2]     [,3]      [,4]    [,5]      [,6]    [,7]     [,8]\n[1,] -9.746907 -213.0677 89.98524 -134.1126 -65.185 -39.67994 21.5481 80.93597\n          [,9]     [,10]     [,11]   [,12]    [,13]     [,14]    [,15]    [,16]\n[1,] -46.36031 -89.50676 -251.5578 92.0993 24.57737 -44.64051 -32.1409 -9.82897\n        [,17]         [,18] [,19]    [,20] [,21] [,22]     [,23]     [,24]\n[1,] 122.9553 -2.150108e-17     0 34.43264     0     0 -1.538067 -15.92577\n         [,25]     [,26]     [,27]\n[1,] -82.05886 -11.18839 -140.2288\nAll phases completed",
      "stderr": "Loading required package: TMB\nLoading required package: jsonlite\nhere() starts at C:/Users/spi085/OneDrive - CSIRO/Documents/_Projects/SCCP-QuantModelling\nusing C++ compiler: 'G__~1.EXE (GCC) 13.2.0'\nThere were 38 warnings (use warnings() to see them)\nError in `$<-.data.frame`(`*tmp*`, \"found_value\", value = c(NA, NA, NA,  : \n  replacement has 5 rows, data has 32\nCalls: $<- -> $<-.data.frame\nExecution halted"
    },
    "4": {
      "status": "ERROR",
      "message": "R script failed with return code 1",
      "stdout": "g++ -std=gnu++17  -I\"C:/Users/spi085/AppData/Local/Programs/R/R-4.4.1/include\" -DNDEBUG -I\"C:/Users/spi085/AppData/Local/Programs/R/R-44~1.1/library/TMB/include\" -I\"C:/Users/spi085/AppData/Local/Programs/R/R-44~1.1/library/RCPPEI~1/include\"   -DTMB_EIGEN_DISABLE_WARNINGS   -DTMB_LIB_INIT=R_init_model  -DCPPAD_FRAMEWORK    -I\"C:/rtools44/x86_64-w64-mingw32.static.posix/include\"     -O2 -Wa,-mbig-obj -c POPULATIONS//POPULATION_0027//INDIVIDUAL_IJPG3H9S/model.cpp -o POPULATIONS//POPULATION_0027//INDIVIDUAL_IJPG3H9S/model.o\ng++ -std=gnu++17 -shared -s -static-libgcc -o POPULATIONS//POPULATION_0027//INDIVIDUAL_IJPG3H9S/model.dll tmp.def POPULATIONS//POPULATION_0027//INDIVIDUAL_IJPG3H9S/model.o -LC:/rtools44/x86_64-w64-mingw32.static.posix/lib/x64 -LC:/rtools44/x86_64-w64-mingw32.static.posix/lib -LC:/Users/spi085/AppData/Local/Programs/R/R-4.4.1/bin/x64 -lR\nStarting model phases\nNumber of phases: 4 \nPhase 1 \nInitial parameter values for phase 1 :\nr_max g_max \n  1.0   0.4 \nFinal parameter values for phase 1 :\n    r_max     g_max \n0.5434999 0.7953401 \nConvergence message: relative convergence (4) \nNumber of iterations: 16 \nObjective function value: 42490.8 \nGradient at solution for phase 1 :\n             [,1]         [,2]\n[1,] 0.0007306811 -0.001181051\nPhase 2 \nInitial parameter values for phase 2 :\n       K_N        K_P alpha_base  alpha_max    K_alpha      m_P_N        s_P \n      0.10       0.20       0.20       0.30       0.10       0.15       0.15 \n   s_P_max      m_Z_N        r_D      I_opt       beta        k_w        E_p \n      0.30       0.10       0.10     150.00       0.10       0.20       0.45 \n   theta_P    eta_max      k_eta     N_crit   eta_base     h_time \n      0.50       1.50       5.00       0.15       0.50       0.30 \nFinal parameter values for phase 2 :\n         K_N          K_P   alpha_base    alpha_max      K_alpha        m_P_N \n3.476217e-02 3.965710e-01 7.838955e-02 1.036289e-02 3.144129e-02 4.263018e-03 \n         s_P      s_P_max        m_Z_N          r_D        I_opt         beta \n2.318863e-03 3.663874e-03 2.028928e-03 3.323380e-02 1.500000e+02 1.000000e-01 \n         k_w          E_p      theta_P      eta_max        k_eta       N_crit \n4.454886e-02 4.500000e-01 5.000000e-01 1.588155e+00 5.318475e+00 5.638184e-01 \n    eta_base       h_time \n3.527657e-01 6.056968e-03 \nConvergence message: function evaluation limit reached without convergence (9) \nNumber of iterations: 123 \nObjective function value: 355.2718 \nGradient at solution for phase 2 :\n         [,1]      [,2]     [,3]      [,4]      [,5]     [,6]     [,7]     [,8]\n[1,] 1534.537 -625.5146 981.3355 -152.9815 -176.0283 963.3163 2760.135 20.95563\n         [,9]     [,10]        [,11] [,12]     [,13] [,14] [,15]    [,16]\n[1,] 353.9855 -843.6895 8.933826e-17     0 -37.90015     0     0 7.701963\n         [,17]     [,18]    [,19]    [,20]\n[1,] -28.27384 -143.1315 434.6425 -320.919\nPhase 3 \nInitial parameter values for phase 3 :\n m_P  m_Z \n0.10 0.05 \nFinal parameter values for phase 3 :\n       m_P        m_Z \n0.09532607 0.05470867 \nConvergence message: relative convergence (4) \nNumber of iterations: 11 \nObjective function value: 339.4575 \nGradient at solution for phase 3 :\n           [,1]       [,2]\n[1,] 0.05178051 0.01656035\nPhase 4 \nInitial parameter values for phase 4 :\nsigma_N sigma_P sigma_Z \n    0.2     0.2     0.2 \nFinal parameter values for phase 4 :\n  sigma_N   sigma_P   sigma_Z \n0.1622148 0.3830761 0.2076145 \nConvergence message: relative convergence (4) \nNumber of iterations: 17 \nObjective function value: 207.2915 \nGradient at solution for phase 4 :\n            [,1]          [,2]          [,3]\n[1,] 0.003902683 -0.0009728609 -4.788258e-05\nFinal Phase\nInitial parameter values for final phase:\n       r_max          K_N        g_max          K_P   alpha_base    alpha_max \n5.434999e-01 3.476217e-02 7.953401e-01 3.965710e-01 7.838955e-02 1.036289e-02 \n     K_alpha          m_P        m_P_N          s_P      s_P_max          m_Z \n3.144129e-02 9.532607e-02 4.263018e-03 2.318863e-03 3.663874e-03 5.470867e-02 \n       m_Z_N          r_D      sigma_N      sigma_P      sigma_Z        I_opt \n2.028928e-03 3.323380e-02 1.622148e-01 3.830761e-01 2.076145e-01 1.500000e+02 \n        beta          k_w          E_p      theta_P      eta_max        k_eta \n1.000000e-01 4.454886e-02 4.500000e-01 5.000000e-01 1.588155e+00 5.318475e+00 \n      N_crit     eta_base       h_time \n5.638184e-01 3.527657e-01 6.056968e-03 \nFinal parameter values for final phase:\n       r_max          K_N        g_max          K_P   alpha_base    alpha_max \n6.535838e-01 1.829476e-02 6.316751e-01 2.150777e-01 9.295396e-02 5.324898e-02 \n     K_alpha          m_P        m_P_N          s_P      s_P_max          m_Z \n5.462148e-02 5.395723e-03 6.030608e-03 7.372000e-03 5.887931e-03 1.317403e-01 \n       m_Z_N          r_D      sigma_N      sigma_P      sigma_Z        I_opt \n2.141987e-02 5.493323e-02 8.810590e-02 3.131558e-01 1.309994e-01 1.500000e+02 \n        beta          k_w          E_p      theta_P      eta_max        k_eta \n1.000000e-01 4.697939e-02 4.500000e-01 5.000000e-01 1.805447e+00 5.608785e+00 \n      N_crit     eta_base       h_time \n5.532442e-01 1.029178e-01 6.801402e-03 \nConvergence message: function evaluation limit reached without convergence (9) \nNumber of iterations: 128 \nObjective function value: -109.2982 \nGradient at solution for final phase:\n          [,1]      [,2]      [,3]      [,4]      [,5]      [,6]     [,7]\n[1,] -18.15016 -180.7144 -30.29605 -28.65309 -184.2337 -35.71727 46.60437\n          [,8]     [,9]     [,10]     [,11]     [,12]    [,13]     [,14]\n[1,] -183.2331 17.75958 -171.4416 -54.43396 -80.49381 48.99667 -131.1184\n        [,15]   [,16]     [,17]         [,18] [,19]     [,20] [,21] [,22]\n[1,] 64.73807 -4.9902 -27.36422 -2.259494e-16     0 -3.713782     0     0\n         [,23]     [,24]     [,25]    [,26]    [,27]\n[1,] -8.066152 -17.94309 -45.73102 92.35443 58.28808\nAll phases completed",
      "stderr": "Loading required package: TMB\nLoading required package: jsonlite\nhere() starts at C:/Users/spi085/OneDrive - CSIRO/Documents/_Projects/SCCP-QuantModelling\nusing C++ compiler: 'G__~1.EXE (GCC) 13.2.0'\nThere were 27 warnings (use warnings() to see them)\nError in `$<-.data.frame`(`*tmp*`, \"found_value\", value = c(NA, NA, NA,  : \n  replacement has 5 rows, data has 32\nCalls: $<- -> $<-.data.frame\nExecution halted"
    },
    "5": {
      "status": "ERROR",
      "message": "Model failed to compile.",
      "stdout": "g++ -std=gnu++17  -I\"C:/Users/spi085/AppData/Local/Programs/R/R-4.4.1/include\" -DNDEBUG -I\"C:/Users/spi085/AppData/Local/Programs/R/R-44~1.1/library/TMB/include\" -I\"C:/Users/spi085/AppData/Local/Programs/R/R-44~1.1/library/RCPPEI~1/include\"   -DTMB_EIGEN_DISABLE_WARNINGS   -DTMB_LIB_INIT=R_init_model  -DCPPAD_FRAMEWORK    -I\"C:/rtools44/x86_64-w64-mingw32.static.posix/include\"     -O2 -Wa,-mbig-obj -c POPULATIONS//POPULATION_0027//INDIVIDUAL_IJPG3H9S/model.cpp -o POPULATIONS//POPULATION_0027//INDIVIDUAL_IJPG3H9S/model.o",
      "stderr": "Loading required package: TMB\nLoading required package: jsonlite\nhere() starts at C:/Users/spi085/OneDrive - CSIRO/Documents/_Projects/SCCP-QuantModelling\nusing C++ compiler: 'G__~1.EXE (GCC) 13.2.0'\nPOPULATIONS//POPULATION_0027//INDIVIDUAL_IJPG3H9S/model.cpp: In instantiation of 'Type objective_function<Type>::operator()() [with Type = CppAD::AD<double>]':\nC:/Users/spi085/AppData/Local/Programs/R/R-4.4.1/library/TMB/include/tmb_core.hpp:1308:6:   required from here\nPOPULATIONS//POPULATION_0027//INDIVIDUAL_IJPG3H9S/model.cpp:86:17: error: no matching function for call to 'min(CppAD::AD<double>, CppAD::AD<double>)'\n   86 |     Type h = min(dt/Type(20.0), Type(0.05)); // Smaller maximum step size\n      |              ~~~^~~~~~~~~~~~~~~~~~~~~~~~~~~\nIn file included from C:/Users/spi085/AppData/Local/Programs/R/R-4.4.1/library/TMB/include/TMB.hpp:215,\n                 from POPULATIONS//POPULATION_0027//INDIVIDUAL_IJPG3H9S/model.cpp:1:\nC:/Users/spi085/AppData/Local/Programs/R/R-4.4.1/library/TMB/include/convenience.hpp:156:6: note: candidate: 'template<class Type> Type min(const tmbutils::vector<Type>&)'\n  156 | Type min(const vector<Type> &x)\n      |      ^~~\nC:/Users/spi085/AppData/Local/Programs/R/R-4.4.1/library/TMB/include/convenience.hpp:156:6: note:   template argument deduction/substitution failed:\nPOPULATIONS//POPULATION_0027//INDIVIDUAL_IJPG3H9S/model.cpp:86:17: note:   'CppAD::AD<double>' is not derived from 'const tmbutils::vector<Type>'\n   86 |     Type h = min(dt/Type(20.0), Type(0.05)); // Smaller maximum step size\n      |              ~~~^~~~~~~~~~~~~~~~~~~~~~~~~~~\nPOPULATIONS//POPULATION_0027//INDIVIDUAL_IJPG3H9S/model.cpp:152:18: error: no matching function for call to 'min(CppAD::AD<double>&, CppAD::AD<double>)'\n  152 |       N = max(min(N, Type(2.0)), eps);\n      |               ~~~^~~~~~~~~~~~~~\nC:/Users/spi085/AppData/Local/Programs/R/R-4.4.1/library/TMB/include/convenience.hpp:156:6: note: candidate: 'template<class Type> Type min(const tmbutils::vector<Type>&)'\n  156 | Type min(const vector<Type> &x)\n      |      ^~~\nC:/Users/spi085/AppData/Local/Programs/R/R-4.4.1/library/TMB/include/convenience.hpp:156:6: note:   template argument deduction/substitution failed:\nPOPULATIONS//POPULATION_0027//INDIVIDUAL_IJPG3H9S/model.cpp:152:18: note:   'CppAD::AD<double>' is not derived from 'const tmbutils::vector<Type>'\n  152 |       N = max(min(N, Type(2.0)), eps);\n      |               ~~~^~~~~~~~~~~~~~\nPOPULATIONS//POPULATION_0027//INDIVIDUAL_IJPG3H9S/model.cpp:153:18: error: no matching function for call to 'min(CppAD::AD<double>&, CppAD::AD<double>)'\n  153 |       P = max(min(P, Type(2.0)), eps);\n      |               ~~~^~~~~~~~~~~~~~\nC:/Users/spi085/AppData/Local/Programs/R/R-4.4.1/library/TMB/include/convenience.hpp:156:6: note: candidate: 'template<class Type> Type min(const tmbutils::vector<Type>&)'\n  156 | Type min(const vector<Type> &x)\n      |      ^~~\nC:/Users/spi085/AppData/Local/Programs/R/R-4.4.1/library/TMB/include/convenience.hpp:156:6: note:   template argument deduction/substitution failed:\nPOPULATIONS//POPULATION_0027//INDIVIDUAL_IJPG3H9S/model.cpp:153:18: note:   'CppAD::AD<double>' is not derived from 'const tmbutils::vector<Type>'\n  153 |       P = max(min(P, Type(2.0)), eps);\n      |               ~~~^~~~~~~~~~~~~~\nPOPULATIONS//POPULATION_0027//INDIVIDUAL_IJPG3H9S/model.cpp:154:18: error: no matching function for call to 'min(CppAD::AD<double>&, CppAD::AD<double>)'\n  154 |       Z = max(min(Z, Type(2.0)), eps);\n      |               ~~~^~~~~~~~~~~~~~\nC:/Users/spi085/AppData/Local/Programs/R/R-4.4.1/library/TMB/include/convenience.hpp:156:6: note: candidate: 'template<class Type> Type min(const tmbutils::vector<Type>&)'\n  156 | Type min(const vector<Type> &x)\n      |      ^~~\nC:/Users/spi085/AppData/Local/Programs/R/R-4.4.1/library/TMB/include/convenience.hpp:156:6: note:   template argument deduction/substitution failed:\nPOPULATIONS//POPULATION_0027//INDIVIDUAL_IJPG3H9S/model.cpp:154:18: note:   'CppAD::AD<double>' is not derived from 'const tmbutils::vector<Type>'\n  154 |       Z = max(min(Z, Type(2.0)), eps);\n      |               ~~~^~~~~~~~~~~~~~\nPOPULATIONS//POPULATION_0027//INDIVIDUAL_IJPG3H9S/model.cpp:155:18: error: no matching function for call to 'min(CppAD::AD<double>, CppAD::AD<double>)'\n  155 |       D = max(min(D + h * dD, Type(2.0)), eps);\n      |               ~~~^~~~~~~~~~~~~~~~~~~~~~~\nC:/Users/spi085/AppData/Local/Programs/R/R-4.4.1/library/TMB/include/convenience.hpp:156:6: note: candidate: 'template<class Type> Type min(const tmbutils::vector<Type>&)'\n  156 | Type min(const vector<Type> &x)\n      |      ^~~\nC:/Users/spi085/AppData/Local/Programs/R/R-4.4.1/library/TMB/include/convenience.hpp:156:6: note:   template argument deduction/substitution failed:\nPOPULATIONS//POPULATION_0027//INDIVIDUAL_IJPG3H9S/model.cpp:155:18: note:   'CppAD::AD<double>' is not derived from 'const tmbutils::vector<Type>'\n  155 |       D = max(min(D + h * dD, Type(2.0)), eps);\n      |               ~~~^~~~~~~~~~~~~~~~~~~~~~~\nPOPULATIONS//POPULATION_0027//INDIVIDUAL_IJPG3H9S/model.cpp: In instantiation of 'Type objective_function<Type>::operator()() [with Type = double]':\nC:/Users/spi085/AppData/Local/Programs/R/R-4.4.1/library/TMB/include/tmb_core.hpp:2031:7:   required from here\nPOPULATIONS//POPULATION_0027//INDIVIDUAL_IJPG3H9S/model.cpp:86:17: error: no matching function for call to 'min(double, double)'\n   86 |     Type h = min(dt/Type(20.0), Type(0.05)); // Smaller maximum step size\n      |              ~~~^~~~~~~~~~~~~~~~~~~~~~~~~~~\nC:/Users/spi085/AppData/Local/Programs/R/R-4.4.1/library/TMB/include/convenience.hpp:156:6: note: candidate: 'template<class Type> Type min(const tmbutils::vector<Type>&)'\n  156 | Type min(const vector<Type> &x)\n      |      ^~~\nC:/Users/spi085/AppData/Local/Programs/R/R-4.4.1/library/TMB/include/convenience.hpp:156:6: note:   template argument deduction/substitution failed:\nPOPULATIONS//POPULATION_0027//INDIVIDUAL_IJPG3H9S/model.cpp:86:17: note:   mismatched types 'const tmbutils::vector<Type>' and 'double'\n   86 |     Type h = min(dt/Type(20.0), Type(0.05)); // Smaller maximum step size\n      |              ~~~^~~~~~~~~~~~~~~~~~~~~~~~~~~\nPOPULATIONS//POPULATION_0027//INDIVIDUAL_IJPG3H9S/model.cpp:152:18: error: no matching function for call to 'min(double&, double)'\n  152 |       N = max(min(N, Type(2.0)), eps);\n      |               ~~~^~~~~~~~~~~~~~\nC:/Users/spi085/AppData/Local/Programs/R/R-4.4.1/library/TMB/include/convenience.hpp:156:6: note: candidate: 'template<class Type> Type min(const tmbutils::vector<Type>&)'\n  156 | Type min(const vector<Type> &x)\n      |      ^~~\nC:/Users/spi085/AppData/Local/Programs/R/R-4.4.1/library/TMB/include/convenience.hpp:156:6: note:   template argument deduction/substitution failed:\nPOPULATIONS//POPULATION_0027//INDIVIDUAL_IJPG3H9S/model.cpp:152:18: note:   mismatched types 'const tmbutils::vector<Type>' and 'double'\n  152 |       N = max(min(N, Type(2.0)), eps);\n      |               ~~~^~~~~~~~~~~~~~\nPOPULATIONS//POPULATION_0027//INDIVIDUAL_IJPG3H9S/model.cpp:153:18: error: no matching function for call to 'min(double&, double)'\n  153 |       P = max(min(P, Type(2.0)), eps);\n      |               ~~~^~~~~~~~~~~~~~\nC:/Users/spi085/AppData/Local/Programs/R/R-4.4.1/library/TMB/include/convenience.hpp:156:6: note: candidate: 'template<class Type> Type min(const tmbutils::vector<Type>&)'\n  156 | Type min(const vector<Type> &x)\n      |      ^~~\nC:/Users/spi085/AppData/Local/Programs/R/R-4.4.1/library/TMB/include/convenience.hpp:156:6: note:   template argument deduction/substitution failed:\nPOPULATIONS//POPULATION_0027//INDIVIDUAL_IJPG3H9S/model.cpp:153:18: note:   mismatched types 'const tmbutils::vector<Type>' and 'double'\n  153 |       P = max(min(P, Type(2.0)), eps);\n      |               ~~~^~~~~~~~~~~~~~\nPOPULATIONS//POPULATION_0027//INDIVIDUAL_IJPG3H9S/model.cpp:154:18: error: no matching function for call to 'min(double&, double)'\n  154 |       Z = max(min(Z, Type(2.0)), eps);\n      |               ~~~^~~~~~~~~~~~~~\nC:/Users/spi085/AppData/Local/Programs/R/R-4.4.1/library/TMB/include/convenience.hpp:156:6: note: candidate: 'template<class Type> Type min(const tmbutils::vector<Type>&)'\n  156 | Type min(const vector<Type> &x)\n      |      ^~~\nC:/Users/spi085/AppData/Local/Programs/R/R-4.4.1/library/TMB/include/convenience.hpp:156:6: note:   template argument deduction/substitution failed:\nPOPULATIONS//POPULATION_0027//INDIVIDUAL_IJPG3H9S/model.cpp:154:18: note:   mismatched types 'const tmbutils::vector<Type>' and 'double'\n  154 |       Z = max(min(Z, Type(2.0)), eps);\n      |               ~~~^~~~~~~~~~~~~~\nPOPULATIONS//POPULATION_0027//INDIVIDUAL_IJPG3H9S/model.cpp:155:18: error: no matching function for call to 'min(double, double)'\n  155 |       D = max(min(D + h * dD, Type(2.0)), eps);\n      |               ~~~^~~~~~~~~~~~~~~~~~~~~~~\nC:/Users/spi085/AppData/Local/Programs/R/R-4.4.1/library/TMB/include/convenience.hpp:156:6: note: candidate: 'template<class Type> Type min(const tmbutils::vector<Type>&)'\n  156 | Type min(const vector<Type> &x)\n      |      ^~~\nC:/Users/spi085/AppData/Local/Programs/R/R-4.4.1/library/TMB/include/convenience.hpp:156:6: note:   template argument deduction/substitution failed:\nPOPULATIONS//POPULATION_0027//INDIVIDUAL_IJPG3H9S/model.cpp:155:18: note:   mismatched types 'const tmbutils::vector<Type>' and 'double'\n  155 |       D = max(min(D + h * dD, Type(2.0)), eps);\n      |               ~~~^~~~~~~~~~~~~~~~~~~~~~~\nPOPULATIONS//POPULATION_0027//INDIVIDUAL_IJPG3H9S/model.cpp: In instantiation of 'Type objective_function<Type>::operator()() [with Type = CppAD::AD<CppAD::AD<double> >]':\nC:/Users/spi085/AppData/Local/Programs/R/R-4.4.1/library/TMB/include/tmb_core.hpp:913:29:   required from 'Type objective_function<Type>::evalUserTemplate() [with Type = CppAD::AD<CppAD::AD<double> >]'\nC:/Users/spi085/AppData/Local/Programs/R/R-4.4.1/library/TMB/include/tmb_core.hpp:2112:26:   required from here\nPOPULATIONS//POPULATION_0027//INDIVIDUAL_IJPG3H9S/model.cpp:86:17: error: no matching function for call to 'min(CppAD::AD<CppAD::AD<double> >, CppAD::AD<CppAD::AD<double> >)'\n   86 |     Type h = min(dt/Type(20.0), Type(0.05)); // Smaller maximum step size\n      |              ~~~^~~~~~~~~~~~~~~~~~~~~~~~~~~\nC:/Users/spi085/AppData/Local/Programs/R/R-4.4.1/library/TMB/include/convenience.hpp:156:6: note: candidate: 'template<class Type> Type min(const tmbutils::vector<Type>&)'\n  156 | Type min(const vector<Type> &x)\n      |      ^~~\nC:/Users/spi085/AppData/Local/Programs/R/R-4.4.1/library/TMB/include/convenience.hpp:156:6: note:   template argument deduction/substitution failed:\nPOPULATIONS//POPULATION_0027//INDIVIDUAL_IJPG3H9S/model.cpp:86:17: note:   'CppAD::AD<CppAD::AD<double> >' is not derived from 'const tmbutils::vector<Type>'\n   86 |     Type h = min(dt/Type(20.0), Type(0.05)); // Smaller maximum step size\n      |              ~~~^~~~~~~~~~~~~~~~~~~~~~~~~~~\nPOPULATIONS//POPULATION_0027//INDIVIDUAL_IJPG3H9S/model.cpp:152:18: error: no matching function for call to 'min(CppAD::AD<CppAD::AD<double> >&, CppAD::AD<CppAD::AD<double> >)'\n  152 |       N = max(min(N, Type(2.0)), eps);\n      |               ~~~^~~~~~~~~~~~~~\nC:/Users/spi085/AppData/Local/Programs/R/R-4.4.1/library/TMB/include/convenience.hpp:156:6: note: candidate: 'template<class Type> Type min(const tmbutils::vector<Type>&)'\n  156 | Type min(const vector<Type> &x)\n      |      ^~~\nC:/Users/spi085/AppData/Local/Programs/R/R-4.4.1/library/TMB/include/convenience.hpp:156:6: note:   template argument deduction/substitution failed:\nPOPULATIONS//POPULATION_0027//INDIVIDUAL_IJPG3H9S/model.cpp:152:18: note:   'CppAD::AD<CppAD::AD<double> >' is not derived from 'const tmbutils::vector<Type>'\n  152 |       N = max(min(N, Type(2.0)), eps);\n      |               ~~~^~~~~~~~~~~~~~\nPOPULATIONS//POPULATION_0027//INDIVIDUAL_IJPG3H9S/model.cpp:153:18: error: no matching function for call to 'min(CppAD::AD<CppAD::AD<double> >&, CppAD::AD<CppAD::AD<double> >)'\n  153 |       P = max(min(P, Type(2.0)), eps);\n      |               ~~~^~~~~~~~~~~~~~\nC:/Users/spi085/AppData/Local/Programs/R/R-4.4.1/library/TMB/include/convenience.hpp:156:6: note: candidate: 'template<class Type> Type min(const tmbutils::vector<Type>&)'\n  156 | Type min(const vector<Type> &x)\n      |      ^~~\nC:/Users/spi085/AppData/Local/Programs/R/R-4.4.1/library/TMB/include/convenience.hpp:156:6: note:   template argument deduction/substitution failed:\nPOPULATIONS//POPULATION_0027//INDIVIDUAL_IJPG3H9S/model.cpp:153:18: note:   'CppAD::AD<CppAD::AD<double> >' is not derived from 'const tmbutils::vector<Type>'\n  153 |       P = max(min(P, Type(2.0)), eps);\n      |               ~~~^~~~~~~~~~~~~~\nPOPULATIONS//POPULATION_0027//INDIVIDUAL_IJPG3H9S/model.cpp:154:18: error: no matching function for call to 'min(CppAD::AD<CppAD::AD<double> >&, CppAD::AD<CppAD::AD<double> >)'\n  154 |       Z = max(min(Z, Type(2.0)), eps);\n      |               ~~~^~~~~~~~~~~~~~\nC:/Users/spi085/AppData/Local/Programs/R/R-4.4.1/library/TMB/include/convenience.hpp:156:6: note: candidate: 'template<class Type> Type min(const tmbutils::vector<Type>&)'\n  156 | Type min(const vector<Type> &x)\n      |      ^~~\nC:/Users/spi085/AppData/Local/Programs/R/R-4.4.1/library/TMB/include/convenience.hpp:156:6: note:   template argument deduction/substitution failed:\nPOPULATIONS//POPULATION_0027//INDIVIDUAL_IJPG3H9S/model.cpp:154:18: note:   'CppAD::AD<CppAD::AD<double> >' is not derived from 'const tmbutils::vector<Type>'\n  154 |       Z = max(min(Z, Type(2.0)), eps);\n      |               ~~~^~~~~~~~~~~~~~\nPOPULATIONS//POPULATION_0027//INDIVIDUAL_IJPG3H9S/model.cpp:155:18: error: no matching function for call to 'min(CppAD::AD<CppAD::AD<double> >, CppAD::AD<CppAD::AD<double> >)'\n  155 |       D = max(min(D + h * dD, Type(2.0)), eps);\n      |               ~~~^~~~~~~~~~~~~~~~~~~~~~~\nC:/Users/spi085/AppData/Local/Programs/R/R-4.4.1/library/TMB/include/convenience.hpp:156:6: note: candidate: 'template<class Type> Type min(const tmbutils::vector<Type>&)'\n  156 | Type min(const vector<Type> &x)\n      |      ^~~\nC:/Users/spi085/AppData/Local/Programs/R/R-4.4.1/library/TMB/include/convenience.hpp:156:6: note:   template argument deduction/substitution failed:\nPOPULATIONS//POPULATION_0027//INDIVIDUAL_IJPG3H9S/model.cpp:155:18: note:   'CppAD::AD<CppAD::AD<double> >' is not derived from 'const tmbutils::vector<Type>'\n  155 |       D = max(min(D + h * dD, Type(2.0)), eps);\n      |               ~~~^~~~~~~~~~~~~~~~~~~~~~~\nPOPULATIONS//POPULATION_0027//INDIVIDUAL_IJPG3H9S/model.cpp: In instantiation of 'Type objective_function<Type>::operator()() [with Type = CppAD::AD<CppAD::AD<CppAD::AD<double> > >]':\nC:/Users/spi085/AppData/Local/Programs/R/R-4.4.1/library/TMB/include/tmb_core.hpp:913:29:   required from 'Type objective_function<Type>::evalUserTemplate() [with Type = CppAD::AD<CppAD::AD<CppAD::AD<double> > >]'\nC:/Users/spi085/AppData/Local/Programs/R/R-4.4.1/library/TMB/include/tmb_core.hpp:2361:28:   required from here\nPOPULATIONS//POPULATION_0027//INDIVIDUAL_IJPG3H9S/model.cpp:86:17: error: no matching function for call to 'min(CppAD::AD<CppAD::AD<CppAD::AD<double> > >, CppAD::AD<CppAD::AD<CppAD::AD<double> > >)'\n   86 |     Type h = min(dt/Type(20.0), Type(0.05)); // Smaller maximum step size\n      |              ~~~^~~~~~~~~~~~~~~~~~~~~~~~~~~\nC:/Users/spi085/AppData/Local/Programs/R/R-4.4.1/library/TMB/include/convenience.hpp:156:6: note: candidate: 'template<class Type> Type min(const tmbutils::vector<Type>&)'\n  156 | Type min(const vector<Type> &x)\n      |      ^~~\nC:/Users/spi085/AppData/Local/Programs/R/R-4.4.1/library/TMB/include/convenience.hpp:156:6: note:   template argument deduction/substitution failed:\nPOPULATIONS//POPULATION_0027//INDIVIDUAL_IJPG3H9S/model.cpp:86:17: note:   'CppAD::AD<CppAD::AD<CppAD::AD<double> > >' is not derived from 'const tmbutils::vector<Type>'\n   86 |     Type h = min(dt/Type(20.0), Type(0.05)); // Smaller maximum step size\n      |              ~~~^~~~~~~~~~~~~~~~~~~~~~~~~~~\nPOPULATIONS//POPULATION_0027//INDIVIDUAL_IJPG3H9S/model.cpp:152:18: error: no matching function for call to 'min(CppAD::AD<CppAD::AD<CppAD::AD<double> > >&, CppAD::AD<CppAD::AD<CppAD::AD<double> > >)'\n  152 |       N = max(min(N, Type(2.0)), eps);\n      |               ~~~^~~~~~~~~~~~~~\nC:/Users/spi085/AppData/Local/Programs/R/R-4.4.1/library/TMB/include/convenience.hpp:156:6: note: candidate: 'template<class Type> Type min(const tmbutils::vector<Type>&)'\n  156 | Type min(const vector<Type> &x)\n      |      ^~~\nC:/Users/spi085/AppData/Local/Programs/R/R-4.4.1/library/TMB/include/convenience.hpp:156:6: note:   template argument deduction/substitution failed:\nPOPULATIONS//POPULATION_0027//INDIVIDUAL_IJPG3H9S/model.cpp:152:18: note:   'CppAD::AD<CppAD::AD<CppAD::AD<double> > >' is not derived from 'const tmbutils::vector<Type>'\n  152 |       N = max(min(N, Type(2.0)), eps);\n      |               ~~~^~~~~~~~~~~~~~\nPOPULATIONS//POPULATION_0027//INDIVIDUAL_IJPG3H9S/model.cpp:153:18: error: no matching function for call to 'min(CppAD::AD<CppAD::AD<CppAD::AD<double> > >&, CppAD::AD<CppAD::AD<CppAD::AD<double> > >)'\n  153 |       P = max(min(P, Type(2.0)), eps);\n      |               ~~~^~~~~~~~~~~~~~\nC:/Users/spi085/AppData/Local/Programs/R/R-4.4.1/library/TMB/include/convenience.hpp:156:6: note: candidate: 'template<class Type> Type min(const tmbutils::vector<Type>&)'\n  156 | Type min(const vector<Type> &x)\n      |      ^~~\nC:/Users/spi085/AppData/Local/Programs/R/R-4.4.1/library/TMB/include/convenience.hpp:156:6: note:   template argument deduction/substitution failed:\nPOPULATIONS//POPULATION_0027//INDIVIDUAL_IJPG3H9S/model.cpp:153:18: note:   'CppAD::AD<CppAD::AD<CppAD::AD<double> > >' is not derived from 'const tmbutils::vector<Type>'\n  153 |       P = max(min(P, Type(2.0)), eps);\n      |               ~~~^~~~~~~~~~~~~~\nPOPULATIONS//POPULATION_0027//INDIVIDUAL_IJPG3H9S/model.cpp:154:18: error: no matching function for call to 'min(CppAD::AD<CppAD::AD<CppAD::AD<double> > >&, CppAD::AD<CppAD::AD<CppAD::AD<double> > >)'\n  154 |       Z = max(min(Z, Type(2.0)), eps);\n      |               ~~~^~~~~~~~~~~~~~\nC:/Users/spi085/AppData/Local/Programs/R/R-4.4.1/library/TMB/include/convenience.hpp:156:6: note: candidate: 'template<class Type> Type min(const tmbutils::vector<Type>&)'\n  156 | Type min(const vector<Type> &x)\n      |      ^~~\nC:/Users/spi085/AppData/Local/Programs/R/R-4.4.1/library/TMB/include/convenience.hpp:156:6: note:   template argument deduction/substitution failed:\nPOPULATIONS//POPULATION_0027//INDIVIDUAL_IJPG3H9S/model.cpp:154:18: note:   'CppAD::AD<CppAD::AD<CppAD::AD<double> > >' is not derived from 'const tmbutils::vector<Type>'\n  154 |       Z = max(min(Z, Type(2.0)), eps);\n      |               ~~~^~~~~~~~~~~~~~\nPOPULATIONS//POPULATION_0027//INDIVIDUAL_IJPG3H9S/model.cpp:155:18: error: no matching function for call to 'min(CppAD::AD<CppAD::AD<CppAD::AD<double> > >, CppAD::AD<CppAD::AD<CppAD::AD<double> > >)'\n  155 |       D = max(min(D + h * dD, Type(2.0)), eps);\n      |               ~~~^~~~~~~~~~~~~~~~~~~~~~~\nC:/Users/spi085/AppData/Local/Programs/R/R-4.4.1/library/TMB/include/convenience.hpp:156:6: note: candidate: 'template<class Type> Type min(const tmbutils::vector<Type>&)'\n  156 | Type min(const vector<Type> &x)\n      |      ^~~\nC:/Users/spi085/AppData/Local/Programs/R/R-4.4.1/library/TMB/include/convenience.hpp:156:6: note:   template argument deduction/substitution failed:\nPOPULATIONS//POPULATION_0027//INDIVIDUAL_IJPG3H9S/model.cpp:155:18: note:   'CppAD::AD<CppAD::AD<CppAD::AD<double> > >' is not derived from 'const tmbutils::vector<Type>'\n  155 |       D = max(min(D + h * dD, Type(2.0)), eps);\n      |               ~~~^~~~~~~~~~~~~~~~~~~~~~~\nmake: *** [C:/Users/spi085/AppData/Local/Programs/R/R-4.4.1/etc/x64/Makeconf:296: POPULATIONS//POPULATION_0027//INDIVIDUAL_IJPG3H9S/model.o] Error 1\nError in TMB::compile(file.path(individual_dir, model_file), flags = flags,  : \n  Compilation failed\nError: Compilation failed\nExecution halted"
    },
    "6": {
      "status": "ERROR",
      "message": "R script failed with return code 1",
      "stdout": "g++ -std=gnu++17  -I\"C:/Users/spi085/AppData/Local/Programs/R/R-4.4.1/include\" -DNDEBUG -I\"C:/Users/spi085/AppData/Local/Programs/R/R-44~1.1/library/TMB/include\" -I\"C:/Users/spi085/AppData/Local/Programs/R/R-44~1.1/library/RCPPEI~1/include\"   -DTMB_EIGEN_DISABLE_WARNINGS   -DTMB_LIB_INIT=R_init_model  -DCPPAD_FRAMEWORK    -I\"C:/rtools44/x86_64-w64-mingw32.static.posix/include\"     -O2 -Wa,-mbig-obj -c POPULATIONS//POPULATION_0027//INDIVIDUAL_IJPG3H9S/model.cpp -o POPULATIONS//POPULATION_0027//INDIVIDUAL_IJPG3H9S/model.o\ng++ -std=gnu++17 -shared -s -static-libgcc -o POPULATIONS//POPULATION_0027//INDIVIDUAL_IJPG3H9S/model.dll tmp.def POPULATIONS//POPULATION_0027//INDIVIDUAL_IJPG3H9S/model.o -LC:/rtools44/x86_64-w64-mingw32.static.posix/lib/x64 -LC:/rtools44/x86_64-w64-mingw32.static.posix/lib -LC:/Users/spi085/AppData/Local/Programs/R/R-4.4.1/bin/x64 -lR\nStarting model phases\nNumber of phases: 4 \nPhase 1 \nInitial parameter values for phase 1 :\nr_max g_max \n  1.0   0.4 \nFinal parameter values for phase 1 :\n    r_max     g_max \n0.7841855 0.8961236 \nConvergence message: relative convergence (4) \nNumber of iterations: 15 \nObjective function value: 21958.61 \nGradient at solution for phase 1 :\n           [,1]      [,2]\n[1,] -0.3188623 0.0892347\nPhase 2 \nInitial parameter values for phase 2 :\n       K_N        K_P alpha_base  alpha_max    K_alpha      m_P_N        s_P \n      0.10       0.20       0.20       0.30       0.10       0.15       0.15 \n   s_P_max      m_Z_N        r_D      I_opt       beta        k_w        E_p \n      0.30       0.10       0.10     150.00       0.10       0.20       0.45 \n   theta_P    eta_max      k_eta     N_crit   eta_base     h_time \n      0.50       1.50       5.00       0.15       0.50       0.30 \nFinal parameter values for phase 2 :\n         K_N          K_P   alpha_base    alpha_max      K_alpha        m_P_N \n1.165412e-01 2.381350e-01 1.446743e-01 3.281450e-02 1.785795e-02 4.601442e-03 \n         s_P      s_P_max        m_Z_N          r_D        I_opt         beta \n2.029894e-03 3.778525e-03 4.109601e-02 5.868871e-02 1.500000e+02 1.000000e-01 \n         k_w          E_p      theta_P      eta_max        k_eta       N_crit \n4.317406e-02 4.500000e-01 5.000000e-01 1.999902e+00 1.232920e+01 3.832202e-01 \n    eta_base       h_time \n5.657791e-01 6.462679e-03 \nConvergence message: function evaluation limit reached without convergence (9) \nNumber of iterations: 130 \nObjective function value: 269.5231 \nGradient at solution for phase 2 :\n          [,1]      [,2]    [,3]    [,4]      [,5]     [,6]      [,7]      [,8]\n[1,] -221.8775 -55.03465 357.105 286.348 -574.9148 1101.379 -4003.899 -21.77251\n          [,9]     [,10]        [,11] [,12]     [,13] [,14] [,15]     [,16]\n[1,] -1450.002 -1.650719 -5.84656e-17     0 -45.35791     0     0 -24.32183\n         [,17]    [,18]    [,19]     [,20]\n[1,] -2.085479 273.0053 42.78263 -43.09055\nPhase 3 \nInitial parameter values for phase 3 :\n m_P  m_Z \n0.10 0.05 \nFinal parameter values for phase 3 :\n       m_P        m_Z \n0.09094918 0.05596361 \nConvergence message: both X-convergence and relative convergence (5) \nNumber of iterations: 13 \nObjective function value: 260.887 \nGradient at solution for phase 3 :\n             [,1]         [,2]\n[1,] 1.068656e-11 5.229595e-12\nPhase 4 \nInitial parameter values for phase 4 :\nsigma_N sigma_P sigma_Z \n    0.2     0.2     0.2 \nFinal parameter values for phase 4 :\n  sigma_N   sigma_P   sigma_Z \n0.2349800 0.3401368 0.1551512 \nConvergence message: relative convergence (4) \nNumber of iterations: 17 \nObjective function value: 169.9631 \nGradient at solution for phase 4 :\n             [,1]         [,2]         [,3]\n[1,] 0.0002246136 0.0001604237 3.612881e-05\nFinal Phase\nInitial parameter values for final phase:\n       r_max          K_N        g_max          K_P   alpha_base    alpha_max \n7.841855e-01 1.165412e-01 8.961236e-01 2.381350e-01 1.446743e-01 3.281450e-02 \n     K_alpha          m_P        m_P_N          s_P      s_P_max          m_Z \n1.785795e-02 9.094918e-02 4.601442e-03 2.029894e-03 3.778525e-03 5.596361e-02 \n       m_Z_N          r_D      sigma_N      sigma_P      sigma_Z        I_opt \n4.109601e-02 5.868871e-02 2.349800e-01 3.401368e-01 1.551512e-01 1.500000e+02 \n        beta          k_w          E_p      theta_P      eta_max        k_eta \n1.000000e-01 4.317406e-02 4.500000e-01 5.000000e-01 1.999902e+00 1.232920e+01 \n      N_crit     eta_base       h_time \n3.832202e-01 5.657791e-01 6.462679e-03 \nFinal parameter values for final phase:\n       r_max          K_N        g_max          K_P   alpha_base    alpha_max \n1.026377e+00 3.592739e-02 9.824824e-01 1.785514e-01 1.749505e-01 4.137927e-02 \n     K_alpha          m_P        m_P_N          s_P      s_P_max          m_Z \n5.104146e-02 6.069308e-03 6.122905e-03 8.312366e-03 6.289524e-03 3.465249e-01 \n       m_Z_N          r_D      sigma_N      sigma_P      sigma_Z        I_opt \n6.874700e-02 1.162127e-01 7.246229e-02 3.071892e-01 8.215688e-02 1.500000e+02 \n        beta          k_w          E_p      theta_P      eta_max        k_eta \n1.000000e-01 5.869097e-02 4.500000e-01 5.000000e-01 2.679542e+00 1.583854e+01 \n      N_crit     eta_base       h_time \n4.419901e-01 2.952245e-01 6.343922e-03 \nConvergence message: iteration limit reached without convergence (10) \nNumber of iterations: 150 \nObjective function value: -178.1085 \nGradient at solution for final phase:\n         [,1]      [,2]      [,3]     [,4]      [,5]      [,6]     [,7]\n[1,] 128.5811 -485.7114 -77.26979 376.6357 -189.7724 -169.7585 52.54626\n          [,8]      [,9]     [,10]     [,11]    [,12]    [,13]     [,14]\n[1,] -261.9638 -249.8749 -87.26399 -174.9485 74.03212 151.8346 -25.33124\n        [,15]    [,16]     [,17]        [,18] [,19]    [,20] [,21] [,22]\n[1,] 4.238782 4.779702 -124.3807 9.345823e-17     0 59.56637     0     0\n        [,23]    [,24]    [,25]    [,26]     [,27]\n[1,] 7.100797 -10.8152 -387.071 381.1651 -107.9391\nAll phases completed",
      "stderr": "Loading required package: TMB\nLoading required package: jsonlite\nhere() starts at C:/Users/spi085/OneDrive - CSIRO/Documents/_Projects/SCCP-QuantModelling\nusing C++ compiler: 'G__~1.EXE (GCC) 13.2.0'\nThere were 21 warnings (use warnings() to see them)\nError in `$<-.data.frame`(`*tmp*`, \"found_value\", value = c(NA, NA, NA,  : \n  replacement has 5 rows, data has 32\nCalls: $<- -> $<-.data.frame\nExecution halted"
    },
    "7": {
      "status": "BROKEN"
    }
  }
}