{
  "iterations": {
    "1": {
      "status": "ERROR",
      "message": "R script failed with return code 1",
      "stdout": "g++ -std=gnu++17 -I\"/usr/share/R/include\" -DNDEBUG -I\"/home/spi085/R/x86_64-pc-linux-gnu-library/4.4/TMB/include\" -I\"/home/spi085/R/x86_64-pc-linux-gnu-library/4.4/RcppEigen/include\"   -DTMB_EIGEN_DISABLE_WARNINGS   -DTMB_LIB_INIT=R_init_model  -DCPPAD_FRAMEWORK      -fpic  -O2  -c POPULATIONS/POPULATION_0006/INDIVIDUAL_7EFRNIYS/model.cpp -o POPULATIONS/POPULATION_0006/INDIVIDUAL_7EFRNIYS/model.o\ng++ -std=gnu++17 -shared -L/usr/lib/R/lib -Wl,-Bsymbolic-functions -flto=auto -ffat-lto-objects -Wl,-z,relro -o POPULATIONS/POPULATION_0006/INDIVIDUAL_7EFRNIYS/model.so POPULATIONS/POPULATION_0006/INDIVIDUAL_7EFRNIYS/model.o -L/usr/lib/R/lib -lR\nStarting model phases\nNumber of phases: 3 \nPhase 1 \nInitial parameter values for phase 1 :\n         r_cots      alpha_fast        beta_sst      imm_effect nutrient_effect \n             NA              NA              NA              NA              NA \nError in model phases: NA/NaN gradient evaluation",
      "stderr": "Loading required package: TMB\nLoading required package: jsonlite\nhere() starts at /home/spi085/Documents/_Projects/SCCP-QuantModelling\nusing C++ compiler: \u2018g++ (Ubuntu 13.3.0-6ubuntu2~24.04) 13.3.0\u2019\nError in value[[3L]](cond) : \n  Error in model phases: NA/NaN gradient evaluation\nCalls: tryCatch -> tryCatchList -> tryCatchOne -> <Anonymous>\nIn addition: Warning message:\nIn nlminb(model$par, model$fn, model$gr) : NA/NaN function evaluation\nExecution halted"
    },
    "2": {
      "status": "ERROR",
      "message": "R script failed with return code 1",
      "stdout": "g++ -std=gnu++17 -I\"/usr/share/R/include\" -DNDEBUG -I\"/home/spi085/R/x86_64-pc-linux-gnu-library/4.4/TMB/include\" -I\"/home/spi085/R/x86_64-pc-linux-gnu-library/4.4/RcppEigen/include\"   -DTMB_EIGEN_DISABLE_WARNINGS   -DTMB_LIB_INIT=R_init_model  -DCPPAD_FRAMEWORK      -fpic  -O2  -c POPULATIONS/POPULATION_0006/INDIVIDUAL_7EFRNIYS/model.cpp -o POPULATIONS/POPULATION_0006/INDIVIDUAL_7EFRNIYS/model.o\ng++ -std=gnu++17 -shared -L/usr/lib/R/lib -Wl,-Bsymbolic-functions -flto=auto -ffat-lto-objects -Wl,-z,relro -o POPULATIONS/POPULATION_0006/INDIVIDUAL_7EFRNIYS/model.so POPULATIONS/POPULATION_0006/INDIVIDUAL_7EFRNIYS/model.o -L/usr/lib/R/lib -lR\nStarting model phases\nNumber of phases: 3 \nPhase 1 \nInitial parameter values for phase 1 :\n         r_cots      alpha_fast        beta_sst      imm_effect nutrient_effect \n             NA              NA              NA              NA              NA \nError in model phases: NA/NaN gradient evaluation",
      "stderr": "Loading required package: TMB\nLoading required package: jsonlite\nhere() starts at /home/spi085/Documents/_Projects/SCCP-QuantModelling\nusing C++ compiler: \u2018g++ (Ubuntu 13.3.0-6ubuntu2~24.04) 13.3.0\u2019\nError in value[[3L]](cond) : \n  Error in model phases: NA/NaN gradient evaluation\nCalls: tryCatch -> tryCatchList -> tryCatchOne -> <Anonymous>\nIn addition: Warning message:\nIn nlminb(model$par, model$fn, model$gr) : NA/NaN function evaluation\nExecution halted"
    },
    "3": {
      "status": "ERROR",
      "message": "R script failed with return code 1",
      "stdout": "g++ -std=gnu++17 -I\"/usr/share/R/include\" -DNDEBUG -I\"/home/spi085/R/x86_64-pc-linux-gnu-library/4.4/TMB/include\" -I\"/home/spi085/R/x86_64-pc-linux-gnu-library/4.4/RcppEigen/include\"   -DTMB_EIGEN_DISABLE_WARNINGS   -DTMB_LIB_INIT=R_init_model  -DCPPAD_FRAMEWORK      -fpic  -O2  -c POPULATIONS/POPULATION_0006/INDIVIDUAL_7EFRNIYS/model.cpp -o POPULATIONS/POPULATION_0006/INDIVIDUAL_7EFRNIYS/model.o\ng++ -std=gnu++17 -shared -L/usr/lib/R/lib -Wl,-Bsymbolic-functions -flto=auto -ffat-lto-objects -Wl,-z,relro -o POPULATIONS/POPULATION_0006/INDIVIDUAL_7EFRNIYS/model.so POPULATIONS/POPULATION_0006/INDIVIDUAL_7EFRNIYS/model.o -L/usr/lib/R/lib -lR\nStarting model phases\nNumber of phases: 3 \nPhase 1 \nInitial parameter values for phase 1 :\n         r_cots      alpha_fast        beta_sst      imm_effect nutrient_effect \n             NA              NA              NA              NA              NA \nError in model phases: NA/NaN gradient evaluation",
      "stderr": "Loading required package: TMB\nLoading required package: jsonlite\nhere() starts at /home/spi085/Documents/_Projects/SCCP-QuantModelling\nusing C++ compiler: \u2018g++ (Ubuntu 13.3.0-6ubuntu2~24.04) 13.3.0\u2019\nError in value[[3L]](cond) : \n  Error in model phases: NA/NaN gradient evaluation\nCalls: tryCatch -> tryCatchList -> tryCatchOne -> <Anonymous>\nIn addition: Warning message:\nIn nlminb(model$par, model$fn, model$gr) : NA/NaN function evaluation\nExecution halted"
    },
    "4": {
      "status": "ERROR",
      "message": "R script failed with return code 1",
      "stdout": "g++ -std=gnu++17 -I\"/usr/share/R/include\" -DNDEBUG -I\"/home/spi085/R/x86_64-pc-linux-gnu-library/4.4/TMB/include\" -I\"/home/spi085/R/x86_64-pc-linux-gnu-library/4.4/RcppEigen/include\"   -DTMB_EIGEN_DISABLE_WARNINGS   -DTMB_LIB_INIT=R_init_model  -DCPPAD_FRAMEWORK      -fpic  -O2  -c POPULATIONS/POPULATION_0006/INDIVIDUAL_7EFRNIYS/model.cpp -o POPULATIONS/POPULATION_0006/INDIVIDUAL_7EFRNIYS/model.o\ng++ -std=gnu++17 -shared -L/usr/lib/R/lib -Wl,-Bsymbolic-functions -flto=auto -ffat-lto-objects -Wl,-z,relro -o POPULATIONS/POPULATION_0006/INDIVIDUAL_7EFRNIYS/model.so POPULATIONS/POPULATION_0006/INDIVIDUAL_7EFRNIYS/model.o -L/usr/lib/R/lib -lR\nStarting model phases\nNumber of phases: 3 \nPhase 1 \nInitial parameter values for phase 1 :\n         r_cots      alpha_fast        beta_sst      imm_effect nutrient_effect \n             NA              NA              NA              NA              NA \nError in model phases: NA/NaN gradient evaluation",
      "stderr": "Loading required package: TMB\nLoading required package: jsonlite\nhere() starts at /home/spi085/Documents/_Projects/SCCP-QuantModelling\nusing C++ compiler: \u2018g++ (Ubuntu 13.3.0-6ubuntu2~24.04) 13.3.0\u2019\nError in value[[3L]](cond) : \n  Error in model phases: NA/NaN gradient evaluation\nCalls: tryCatch -> tryCatchList -> tryCatchOne -> <Anonymous>\nIn addition: Warning message:\nIn nlminb(model$par, model$fn, model$gr) : NA/NaN function evaluation\nExecution halted"
    },
    "5": {
      "status": "ERROR",
      "message": "R script failed with return code 1",
      "stdout": "g++ -std=gnu++17 -I\"/usr/share/R/include\" -DNDEBUG -I\"/home/spi085/R/x86_64-pc-linux-gnu-library/4.4/TMB/include\" -I\"/home/spi085/R/x86_64-pc-linux-gnu-library/4.4/RcppEigen/include\"   -DTMB_EIGEN_DISABLE_WARNINGS   -DTMB_LIB_INIT=R_init_model  -DCPPAD_FRAMEWORK      -fpic  -O2  -c POPULATIONS/POPULATION_0006/INDIVIDUAL_7EFRNIYS/model.cpp -o POPULATIONS/POPULATION_0006/INDIVIDUAL_7EFRNIYS/model.o\ng++ -std=gnu++17 -shared -L/usr/lib/R/lib -Wl,-Bsymbolic-functions -flto=auto -ffat-lto-objects -Wl,-z,relro -o POPULATIONS/POPULATION_0006/INDIVIDUAL_7EFRNIYS/model.so POPULATIONS/POPULATION_0006/INDIVIDUAL_7EFRNIYS/model.o -L/usr/lib/R/lib -lR\nStarting model phases\nNumber of phases: 3 \nPhase 1 \nInitial parameter values for phase 1 :\n         r_cots      alpha_fast        beta_sst      imm_effect nutrient_effect \n             NA              NA              NA              NA              NA \nError in model phases: NA/NaN gradient evaluation",
      "stderr": "Loading required package: TMB\nLoading required package: jsonlite\nhere() starts at /home/spi085/Documents/_Projects/SCCP-QuantModelling\nusing C++ compiler: \u2018g++ (Ubuntu 13.3.0-6ubuntu2~24.04) 13.3.0\u2019\nError in value[[3L]](cond) : \n  Error in model phases: NA/NaN gradient evaluation\nCalls: tryCatch -> tryCatchList -> tryCatchOne -> <Anonymous>\nIn addition: Warning message:\nIn nlminb(model$par, model$fn, model$gr) : NA/NaN function evaluation\nExecution halted"
    },
    "6": {
      "status": "ERROR",
      "message": "Model failed to compile.",
      "stdout": "g++ -std=gnu++17 -I\"/usr/share/R/include\" -DNDEBUG -I\"/home/spi085/R/x86_64-pc-linux-gnu-library/4.4/TMB/include\" -I\"/home/spi085/R/x86_64-pc-linux-gnu-library/4.4/RcppEigen/include\"   -DTMB_EIGEN_DISABLE_WARNINGS   -DTMB_LIB_INIT=R_init_model  -DCPPAD_FRAMEWORK      -fpic  -O2  -c POPULATIONS/POPULATION_0006/INDIVIDUAL_7EFRNIYS/model.cpp -o POPULATIONS/POPULATION_0006/INDIVIDUAL_7EFRNIYS/model.o",
      "stderr": "Loading required package: TMB\nLoading required package: jsonlite\nhere() starts at /home/spi085/Documents/_Projects/SCCP-QuantModelling\nusing C++ compiler: \u2018g++ (Ubuntu 13.3.0-6ubuntu2~24.04) 13.3.0\u2019\nPOPULATIONS/POPULATION_0006/INDIVIDUAL_7EFRNIYS/model.cpp: In instantiation of \u2018Type objective_function<Type>::operator()() [with Type = CppAD::AD<double>]\u2019:\n/home/spi085/R/x86_64-pc-linux-gnu-library/4.4/TMB/include/tmb_core.hpp:1312:6:   required from here\nPOPULATIONS/POPULATION_0006/INDIVIDUAL_7EFRNIYS/model.cpp:135:17: error: no matching function for call to \u2018dnorm(CppAD::AD<double>, CppAD::AD<double>, double, bool)\u2019\n  135 |     nll -= dnorm(log(cots_obs), log(cots_model), 0.3, true);\n      |            ~~~~~^~~~~~~~~~~~~~~~~~~~~~~~~~~~~~~~~~~~~~~~~~~\nIn file included from /home/spi085/R/x86_64-pc-linux-gnu-library/4.4/TMB/include/TMB.hpp:223,\n                 from POPULATIONS/POPULATION_0006/INDIVIDUAL_7EFRNIYS/model.cpp:1:\n/home/spi085/R/x86_64-pc-linux-gnu-library/4.4/TMB/include/dnorm.hpp:17:6: note: candidate: \u2018template<class Type> Type dnorm(Type, Type, Type, int)\u2019\n   17 | Type dnorm(Type x, Type mean, Type sd, int give_log=0)\n      |      ^~~~~\n/home/spi085/R/x86_64-pc-linux-gnu-library/4.4/TMB/include/dnorm.hpp:17:6: note:   template argument deduction/substitution failed:\nPOPULATIONS/POPULATION_0006/INDIVIDUAL_7EFRNIYS/model.cpp:135:17: note:   deduced conflicting types for parameter \u2018Type\u2019 (\u2018CppAD::AD<double>\u2019 and \u2018double\u2019)\n  135 |     nll -= dnorm(log(cots_obs), log(cots_model), 0.3, true);\n      |            ~~~~~^~~~~~~~~~~~~~~~~~~~~~~~~~~~~~~~~~~~~~~~~~~\nIn file included from /home/spi085/R/x86_64-pc-linux-gnu-library/4.4/TMB/include/TMB.hpp:222:\n/home/spi085/R/x86_64-pc-linux-gnu-library/4.4/TMB/include/dnorm.hpp:23:17: note: candidate: \u2018template<class Type> tmbutils::vector<Type> dnorm(const tmbutils::vector<Type>&, Type, Type, int)\u2019\n   23 | VECTORIZE4_ttti(dnorm)\n      |                 ^~~~~\n/home/spi085/R/x86_64-pc-linux-gnu-library/4.4/TMB/include/Vectorize.hpp:38:14: note: in definition of macro \u2018GVECTORIZE\u2019\n   38 | vector<Type> FUN( declare##Type1(arg1) comma##Type2                     \\\n      |              ^~~\n/home/spi085/R/x86_64-pc-linux-gnu-library/4.4/TMB/include/dnorm.hpp:23:1: note: in expansion of macro \u2018VECTORIZE4_ttti\u2019\n   23 | VECTORIZE4_ttti(dnorm)\n      | ^~~~~~~~~~~~~~~\n/home/spi085/R/x86_64-pc-linux-gnu-library/4.4/TMB/include/dnorm.hpp:23:17: note:   template argument deduction/substitution failed:\n   23 | VECTORIZE4_ttti(dnorm)\n      |                 ^~~~~\n/home/spi085/R/x86_64-pc-linux-gnu-library/4.4/TMB/include/Vectorize.hpp:38:14: note: in definition of macro \u2018GVECTORIZE\u2019\n   38 | vector<Type> FUN( declare##Type1(arg1) comma##Type2                     \\\n      |              ^~~\n/home/spi085/R/x86_64-pc-linux-gnu-library/4.4/TMB/include/dnorm.hpp:23:1: note: in expansion of macro \u2018VECTORIZE4_ttti\u2019\n   23 | VECTORIZE4_ttti(dnorm)\n      | ^~~~~~~~~~~~~~~\nPOPULATIONS/POPULATION_0006/INDIVIDUAL_7EFRNIYS/model.cpp:135:17: note:   \u2018CppAD::AD<double>\u2019 is not derived from \u2018const tmbutils::vector<Type>\u2019\n  135 |     nll -= dnorm(log(cots_obs), log(cots_model), 0.3, true);\n      |            ~~~~~^~~~~~~~~~~~~~~~~~~~~~~~~~~~~~~~~~~~~~~~~~~\n/home/spi085/R/x86_64-pc-linux-gnu-library/4.4/TMB/include/dnorm.hpp:23:17: note: candidate: \u2018template<class Type> tmbutils::vector<Type> dnorm(Type, const tmbutils::vector<Type>&, Type, int)\u2019\n   23 | VECTORIZE4_ttti(dnorm)\n      |                 ^~~~~\n/home/spi085/R/x86_64-pc-linux-gnu-library/4.4/TMB/include/Vectorize.hpp:38:14: note: in definition of macro \u2018GVECTORIZE\u2019\n   38 | vector<Type> FUN( declare##Type1(arg1) comma##Type2                     \\\n      |              ^~~\n/home/spi085/R/x86_64-pc-linux-gnu-library/4.4/TMB/include/dnorm.hpp:23:1: note: in expansion of macro \u2018VECTORIZE4_ttti\u2019\n   23 | VECTORIZE4_ttti(dnorm)\n      | ^~~~~~~~~~~~~~~\n/home/spi085/R/x86_64-pc-linux-gnu-library/4.4/TMB/include/dnorm.hpp:23:17: note:   template argument deduction/substitution failed:\n   23 | VECTORIZE4_ttti(dnorm)\n      |                 ^~~~~\n/home/spi085/R/x86_64-pc-linux-gnu-library/4.4/TMB/include/Vectorize.hpp:38:14: note: in definition of macro \u2018GVECTORIZE\u2019\n   38 | vector<Type> FUN( declare##Type1(arg1) comma##Type2                     \\\n      |              ^~~\n/home/spi085/R/x86_64-pc-linux-gnu-library/4.4/TMB/include/dnorm.hpp:23:1: note: in expansion of macro \u2018VECTORIZE4_ttti\u2019\n   23 | VECTORIZE4_ttti(dnorm)\n      | ^~~~~~~~~~~~~~~\nPOPULATIONS/POPULATION_0006/INDIVIDUAL_7EFRNIYS/model.cpp:135:17: note:   \u2018CppAD::AD<double>\u2019 is not derived from \u2018const tmbutils::vector<Type>\u2019\n  135 |     nll -= dnorm(log(cots_obs), log(cots_model), 0.3, true);\n      |            ~~~~~^~~~~~~~~~~~~~~~~~~~~~~~~~~~~~~~~~~~~~~~~~~\n/home/spi085/R/x86_64-pc-linux-gnu-library/4.4/TMB/include/dnorm.hpp:23:17: note: candidate: \u2018template<class Type> tmbutils::vector<Type> dnorm(Type, Type, const tmbutils::vector<Type>&, int)\u2019\n   23 | VECTORIZE4_ttti(dnorm)\n      |                 ^~~~~\n/home/spi085/R/x86_64-pc-linux-gnu-library/4.4/TMB/include/Vectorize.hpp:38:14: note: in definition of macro \u2018GVECTORIZE\u2019\n   38 | vector<Type> FUN( declare##Type1(arg1) comma##Type2                     \\\n      |              ^~~\n/home/spi085/R/x86_64-pc-linux-gnu-library/4.4/TMB/include/dnorm.hpp:23:1: note: in expansion of macro \u2018VECTORIZE4_ttti\u2019\n   23 | VECTORIZE4_ttti(dnorm)\n      | ^~~~~~~~~~~~~~~\n/home/spi085/R/x86_64-pc-linux-gnu-library/4.4/TMB/include/dnorm.hpp:23:17: note:   template argument deduction/substitution failed:\n   23 | VECTORIZE4_ttti(dnorm)\n      |                 ^~~~~\n/home/spi085/R/x86_64-pc-linux-gnu-library/4.4/TMB/include/Vectorize.hpp:38:14: note: in definition of macro \u2018GVECTORIZE\u2019\n   38 | vector<Type> FUN( declare##Type1(arg1) comma##Type2                     \\\n      |              ^~~\n/home/spi085/R/x86_64-pc-linux-gnu-library/4.4/TMB/include/dnorm.hpp:23:1: note: in expansion of macro \u2018VECTORIZE4_ttti\u2019\n   23 | VECTORIZE4_ttti(dnorm)\n      | ^~~~~~~~~~~~~~~\nPOPULATIONS/POPULATION_0006/INDIVIDUAL_7EFRNIYS/model.cpp:135:17: note:   mismatched types \u2018const tmbutils::vector<Type>\u2019 and \u2018double\u2019\n  135 |     nll -= dnorm(log(cots_obs), log(cots_model), 0.3, true);\n      |            ~~~~~^~~~~~~~~~~~~~~~~~~~~~~~~~~~~~~~~~~~~~~~~~~\n/home/spi085/R/x86_64-pc-linux-gnu-library/4.4/TMB/include/dnorm.hpp:23:17: note: candidate: \u2018template<class Type> tmbutils::vector<Type> dnorm(const tmbutils::vector<Type>&, const tmbutils::vector<Type>&, Type, int)\u2019\n   23 | VECTORIZE4_ttti(dnorm)\n      |                 ^~~~~\n/home/spi085/R/x86_64-pc-linux-gnu-library/4.4/TMB/include/Vectorize.hpp:38:14: note: in definition of macro \u2018GVECTORIZE\u2019\n   38 | vector<Type> FUN( declare##Type1(arg1) comma##Type2                     \\\n      |              ^~~\n/home/spi085/R/x86_64-pc-linux-gnu-library/4.4/TMB/include/dnorm.hpp:23:1: note: in expansion of macro \u2018VECTORIZE4_ttti\u2019\n   23 | VECTORIZE4_ttti(dnorm)\n      | ^~~~~~~~~~~~~~~\n/home/spi085/R/x86_64-pc-linux-gnu-library/4.4/TMB/include/dnorm.hpp:23:17: note:   template argument deduction/substitution failed:\n   23 | VECTORIZE4_ttti(dnorm)\n      |                 ^~~~~\n/home/spi085/R/x86_64-pc-linux-gnu-library/4.4/TMB/include/Vectorize.hpp:38:14: note: in definition of macro \u2018GVECTORIZE\u2019\n   38 | vector<Type> FUN( declare##Type1(arg1) comma##Type2                     \\\n      |              ^~~\n/home/spi085/R/x86_64-pc-linux-gnu-library/4.4/TMB/include/dnorm.hpp:23:1: note: in expansion of macro \u2018VECTORIZE4_ttti\u2019\n   23 | VECTORIZE4_ttti(dnorm)\n      | ^~~~~~~~~~~~~~~\nPOPULATIONS/POPULATION_0006/INDIVIDUAL_7EFRNIYS/model.cpp:135:17: note:   \u2018CppAD::AD<double>\u2019 is not derived from \u2018const tmbutils::vector<Type>\u2019\n  135 |     nll -= dnorm(log(cots_obs), log(cots_model), 0.3, true);\n      |            ~~~~~^~~~~~~~~~~~~~~~~~~~~~~~~~~~~~~~~~~~~~~~~~~\n/home/spi085/R/x86_64-pc-linux-gnu-library/4.4/TMB/include/dnorm.hpp:23:17: note: candidate: \u2018template<class Type> tmbutils::vector<Type> dnorm(Type, const tmbutils::vector<Type>&, const tmbutils::vector<Type>&, int)\u2019\n   23 | VECTORIZE4_ttti(dnorm)\n      |                 ^~~~~\n/home/spi085/R/x86_64-pc-linux-gnu-library/4.4/TMB/include/Vectorize.hpp:38:14: note: in definition of macro \u2018GVECTORIZE\u2019\n   38 | vector<Type> FUN( declare##Type1(arg1) comma##Type2                     \\\n      |              ^~~\n/home/spi085/R/x86_64-pc-linux-gnu-library/4.4/TMB/include/dnorm.hpp:23:1: note: in expansion of macro \u2018VECTORIZE4_ttti\u2019\n   23 | VECTORIZE4_ttti(dnorm)\n      | ^~~~~~~~~~~~~~~\n/home/spi085/R/x86_64-pc-linux-gnu-library/4.4/TMB/include/dnorm.hpp:23:17: note:   template argument deduction/substitution failed:\n   23 | VECTORIZE4_ttti(dnorm)\n      |                 ^~~~~\n/home/spi085/R/x86_64-pc-linux-gnu-library/4.4/TMB/include/Vectorize.hpp:38:14: note: in definition of macro \u2018GVECTORIZE\u2019\n   38 | vector<Type> FUN( declare##Type1(arg1) comma##Type2                     \\\n      |              ^~~\n/home/spi085/R/x86_64-pc-linux-gnu-library/4.4/TMB/include/dnorm.hpp:23:1: note: in expansion of macro \u2018VECTORIZE4_ttti\u2019\n   23 | VECTORIZE4_ttti(dnorm)\n      | ^~~~~~~~~~~~~~~\nPOPULATIONS/POPULATION_0006/INDIVIDUAL_7EFRNIYS/model.cpp:135:17: note:   \u2018CppAD::AD<double>\u2019 is not derived from \u2018const tmbutils::vector<Type>\u2019\n  135 |     nll -= dnorm(log(cots_obs), log(cots_model), 0.3, true);\n      |            ~~~~~^~~~~~~~~~~~~~~~~~~~~~~~~~~~~~~~~~~~~~~~~~~\n/home/spi085/R/x86_64-pc-linux-gnu-library/4.4/TMB/include/dnorm.hpp:23:17: note: candidate: \u2018template<class Type> tmbutils::vector<Type> dnorm(const tmbutils::vector<Type>&, Type, const tmbutils::vector<Type>&, int)\u2019\n   23 | VECTORIZE4_ttti(dnorm)\n      |                 ^~~~~\n/home/spi085/R/x86_64-pc-linux-gnu-library/4.4/TMB/include/Vectorize.hpp:38:14: note: in definition of macro \u2018GVECTORIZE\u2019\n   38 | vector<Type> FUN( declare##Type1(arg1) comma##Type2                     \\\n      |              ^~~\n/home/spi085/R/x86_64-pc-linux-gnu-library/4.4/TMB/include/dnorm.hpp:23:1: note: in expansion of macro \u2018VECTORIZE4_ttti\u2019\n   23 | VECTORIZE4_ttti(dnorm)\n      | ^~~~~~~~~~~~~~~\n/home/spi085/R/x86_64-pc-linux-gnu-library/4.4/TMB/include/dnorm.hpp:23:17: note:   template argument deduction/substitution failed:\n   23 | VECTORIZE4_ttti(dnorm)\n      |                 ^~~~~\n/home/spi085/R/x86_64-pc-linux-gnu-library/4.4/TMB/include/Vectorize.hpp:38:14: note: in definition of macro \u2018GVECTORIZE\u2019\n   38 | vector<Type> FUN( declare##Type1(arg1) comma##Type2                     \\\n      |              ^~~\n/home/spi085/R/x86_64-pc-linux-gnu-library/4.4/TMB/include/dnorm.hpp:23:1: note: in expansion of macro \u2018VECTORIZE4_ttti\u2019\n   23 | VECTORIZE4_ttti(dnorm)\n      | ^~~~~~~~~~~~~~~\nPOPULATIONS/POPULATION_0006/INDIVIDUAL_7EFRNIYS/model.cpp:135:17: note:   \u2018CppAD::AD<double>\u2019 is not derived from \u2018const tmbutils::vector<Type>\u2019\n  135 |     nll -= dnorm(log(cots_obs), log(cots_model), 0.3, true);\n      |            ~~~~~^~~~~~~~~~~~~~~~~~~~~~~~~~~~~~~~~~~~~~~~~~~\n/home/spi085/R/x86_64-pc-linux-gnu-library/4.4/TMB/include/dnorm.hpp:23:17: note: candidate: \u2018template<class Type> tmbutils::vector<Type> dnorm(const tmbutils::vector<Type>&, const tmbutils::vector<Type>&, const tmbutils::vector<Type>&, int)\u2019\n   23 | VECTORIZE4_ttti(dnorm)\n      |                 ^~~~~\n/home/spi085/R/x86_64-pc-linux-gnu-library/4.4/TMB/include/Vectorize.hpp:38:14: note: in definition of macro \u2018GVECTORIZE\u2019\n   38 | vector<Type> FUN( declare##Type1(arg1) comma##Type2                     \\\n      |              ^~~\n/home/spi085/R/x86_64-pc-linux-gnu-library/4.4/TMB/include/dnorm.hpp:23:1: note: in expansion of macro \u2018VECTORIZE4_ttti\u2019\n   23 | VECTORIZE4_ttti(dnorm)\n      | ^~~~~~~~~~~~~~~\n/home/spi085/R/x86_64-pc-linux-gnu-library/4.4/TMB/include/dnorm.hpp:23:17: note:   template argument deduction/substitution failed:\n   23 | VECTORIZE4_ttti(dnorm)\n      |                 ^~~~~\n/home/spi085/R/x86_64-pc-linux-gnu-library/4.4/TMB/include/Vectorize.hpp:38:14: note: in definition of macro \u2018GVECTORIZE\u2019\n   38 | vector<Type> FUN( declare##Type1(arg1) comma##Type2                     \\\n      |              ^~~\n/home/spi085/R/x86_64-pc-linux-gnu-library/4.4/TMB/include/dnorm.hpp:23:1: note: in expansion of macro \u2018VECTORIZE4_ttti\u2019\n   23 | VECTORIZE4_ttti(dnorm)\n      | ^~~~~~~~~~~~~~~\nPOPULATIONS/POPULATION_0006/INDIVIDUAL_7EFRNIYS/model.cpp:135:17: note:   \u2018CppAD::AD<double>\u2019 is not derived from \u2018const tmbutils::vector<Type>\u2019\n  135 |     nll -= dnorm(log(cots_obs), log(cots_model), 0.3, true);\n      |            ~~~~~^~~~~~~~~~~~~~~~~~~~~~~~~~~~~~~~~~~~~~~~~~~\nPOPULATIONS/POPULATION_0006/INDIVIDUAL_7EFRNIYS/model.cpp:139:17: error: no matching function for call to \u2018dnorm(CppAD::AD<double>, CppAD::AD<double>, double, bool)\u2019\n  139 |     nll -= dnorm(log(fast_obs), log(fast_model), 0.3, true);\n      |            ~~~~~^~~~~~~~~~~~~~~~~~~~~~~~~~~~~~~~~~~~~~~~~~~\n/home/spi085/R/x86_64-pc-linux-gnu-library/4.4/TMB/include/dnorm.hpp:17:6: note: candidate: \u2018template<class Type> Type dnorm(Type, Type, Type, int)\u2019\n   17 | Type dnorm(Type x, Type mean, Type sd, int give_log=0)\n      |      ^~~~~\n/home/spi085/R/x86_64-pc-linux-gnu-library/4.4/TMB/include/dnorm.hpp:17:6: note:   template argument deduction/substitution failed:\nPOPULATIONS/POPULATION_0006/INDIVIDUAL_7EFRNIYS/model.cpp:139:17: note:   deduced conflicting types for parameter \u2018Type\u2019 (\u2018CppAD::AD<double>\u2019 and \u2018double\u2019)\n  139 |     nll -= dnorm(log(fast_obs), log(fast_model), 0.3, true);\n      |            ~~~~~^~~~~~~~~~~~~~~~~~~~~~~~~~~~~~~~~~~~~~~~~~~\n/home/spi085/R/x86_64-pc-linux-gnu-library/4.4/TMB/include/dnorm.hpp:23:17: note: candidate: \u2018template<class Type> tmbutils::vector<Type> dnorm(const tmbutils::vector<Type>&, Type, Type, int)\u2019\n   23 | VECTORIZE4_ttti(dnorm)\n      |                 ^~~~~\n/home/spi085/R/x86_64-pc-linux-gnu-library/4.4/TMB/include/Vectorize.hpp:38:14: note: in definition of macro \u2018GVECTORIZE\u2019\n   38 | vector<Type> FUN( declare##Type1(arg1) comma##Type2                     \\\n      |              ^~~\n/home/spi085/R/x86_64-pc-linux-gnu-library/4.4/TMB/include/dnorm.hpp:23:1: note: in expansion of macro \u2018VECTORIZE4_ttti\u2019\n   23 | VECTORIZE4_ttti(dnorm)\n      | ^~~~~~~~~~~~~~~\n/home/spi085/R/x86_64-pc-linux-gnu-library/4.4/TMB/include/dnorm.hpp:23:17: note:   template argument deduction/substitution failed:\n   23 | VECTORIZE4_ttti(dnorm)\n      |                 ^~~~~\n/home/spi085/R/x86_64-pc-linux-gnu-library/4.4/TMB/include/Vectorize.hpp:38:14: note: in definition of macro \u2018GVECTORIZE\u2019\n   38 | vector<Type> FUN( declare##Type1(arg1) comma##Type2                     \\\n      |              ^~~\n/home/spi085/R/x86_64-pc-linux-gnu-library/4.4/TMB/include/dnorm.hpp:23:1: note: in expansion of macro \u2018VECTORIZE4_ttti\u2019\n   23 | VECTORIZE4_ttti(dnorm)\n      | ^~~~~~~~~~~~~~~\nPOPULATIONS/POPULATION_0006/INDIVIDUAL_7EFRNIYS/model.cpp:139:17: note:   \u2018CppAD::AD<double>\u2019 is not derived from \u2018const tmbutils::vector<Type>\u2019\n  139 |     nll -= dnorm(log(fast_obs), log(fast_model), 0.3, true);\n      |            ~~~~~^~~~~~~~~~~~~~~~~~~~~~~~~~~~~~~~~~~~~~~~~~~\n/home/spi085/R/x86_64-pc-linux-gnu-library/4.4/TMB/include/dnorm.hpp:23:17: note: candidate: \u2018template<class Type> tmbutils::vector<Type> dnorm(Type, const tmbutils::vector<Type>&, Type, int)\u2019\n   23 | VECTORIZE4_ttti(dnorm)\n      |                 ^~~~~\n/home/spi085/R/x86_64-pc-linux-gnu-library/4.4/TMB/include/Vectorize.hpp:38:14: note: in definition of macro \u2018GVECTORIZE\u2019\n   38 | vector<Type> FUN( declare##Type1(arg1) comma##Type2                     \\\n      |              ^~~\n/home/spi085/R/x86_64-pc-linux-gnu-library/4.4/TMB/include/dnorm.hpp:23:1: note: in expansion of macro \u2018VECTORIZE4_ttti\u2019\n   23 | VECTORIZE4_ttti(dnorm)\n      | ^~~~~~~~~~~~~~~\n/home/spi085/R/x86_64-pc-linux-gnu-library/4.4/TMB/include/dnorm.hpp:23:17: note:   template argument deduction/substitution failed:\n   23 | VECTORIZE4_ttti(dnorm)\n      |                 ^~~~~\n/home/spi085/R/x86_64-pc-linux-gnu-library/4.4/TMB/include/Vectorize.hpp:38:14: note: in definition of macro \u2018GVECTORIZE\u2019\n   38 | vector<Type> FUN( declare##Type1(arg1) comma##Type2                     \\\n      |              ^~~\n/home/spi085/R/x86_64-pc-linux-gnu-library/4.4/TMB/include/dnorm.hpp:23:1: note: in expansion of macro \u2018VECTORIZE4_ttti\u2019\n   23 | VECTORIZE4_ttti(dnorm)\n      | ^~~~~~~~~~~~~~~\nPOPULATIONS/POPULATION_0006/INDIVIDUAL_7EFRNIYS/model.cpp:139:17: note:   \u2018CppAD::AD<double>\u2019 is not derived from \u2018const tmbutils::vector<Type>\u2019\n  139 |     nll -= dnorm(log(fast_obs), log(fast_model), 0.3, true);\n      |            ~~~~~^~~~~~~~~~~~~~~~~~~~~~~~~~~~~~~~~~~~~~~~~~~\n/home/spi085/R/x86_64-pc-linux-gnu-library/4.4/TMB/include/dnorm.hpp:23:17: note: candidate: \u2018template<class Type> tmbutils::vector<Type> dnorm(Type, Type, const tmbutils::vector<Type>&, int)\u2019\n   23 | VECTORIZE4_ttti(dnorm)\n      |                 ^~~~~\n/home/spi085/R/x86_64-pc-linux-gnu-library/4.4/TMB/include/Vectorize.hpp:38:14: note: in definition of macro \u2018GVECTORIZE\u2019\n   38 | vector<Type> FUN( declare##Type1(arg1) comma##Type2                     \\\n      |              ^~~\n/home/spi085/R/x86_64-pc-linux-gnu-library/4.4/TMB/include/dnorm.hpp:23:1: note: in expansion of macro \u2018VECTORIZE4_ttti\u2019\n   23 | VECTORIZE4_ttti(dnorm)\n      | ^~~~~~~~~~~~~~~\n/home/spi085/R/x86_64-pc-linux-gnu-library/4.4/TMB/include/dnorm.hpp:23:17: note:   template argument deduction/substitution failed:\n   23 | VECTORIZE4_ttti(dnorm)\n      |                 ^~~~~\n/home/spi085/R/x86_64-pc-linux-gnu-library/4.4/TMB/include/Vectorize.hpp:38:14: note: in definition of macro \u2018GVECTORIZE\u2019\n   38 | vector<Type> FUN( declare##Type1(arg1) comma##Type2                     \\\n      |              ^~~\n/home/spi085/R/x86_64-pc-linux-gnu-library/4.4/TMB/include/dnorm.hpp:23:1: note: in expansion of macro \u2018VECTORIZE4_ttti\u2019\n   23 | VECTORIZE4_ttti(dnorm)\n      | ^~~~~~~~~~~~~~~\nPOPULATIONS/POPULATION_0006/INDIVIDUAL_7EFRNIYS/model.cpp:139:17: note:   mismatched types \u2018const tmbutils::vector<Type>\u2019 and \u2018double\u2019\n  139 |     nll -= dnorm(log(fast_obs), log(fast_model), 0.3, true);\n      |            ~~~~~^~~~~~~~~~~~~~~~~~~~~~~~~~~~~~~~~~~~~~~~~~~\n/home/spi085/R/x86_64-pc-linux-gnu-library/4.4/TMB/include/dnorm.hpp:23:17: note: candidate: \u2018template<class Type> tmbutils::vector<Type> dnorm(const tmbutils::vector<Type>&, const tmbutils::vector<Type>&, Type, int)\u2019\n   23 | VECTORIZE4_ttti(dnorm)\n      |                 ^~~~~\n/home/spi085/R/x86_64-pc-linux-gnu-library/4.4/TMB/include/Vectorize.hpp:38:14: note: in definition of macro \u2018GVECTORIZE\u2019\n   38 | vector<Type> FUN( declare##Type1(arg1) comma##Type2                     \\\n      |              ^~~\n/home/spi085/R/x86_64-pc-linux-gnu-library/4.4/TMB/include/dnorm.hpp:23:1: note: in expansion of macro \u2018VECTORIZE4_ttti\u2019\n   23 | VECTORIZE4_ttti(dnorm)\n      | ^~~~~~~~~~~~~~~\n/home/spi085/R/x86_64-pc-linux-gnu-library/4.4/TMB/include/dnorm.hpp:23:17: note:   template argument deduction/substitution failed:\n   23 | VECTORIZE4_ttti(dnorm)\n      |                 ^~~~~\n/home/spi085/R/x86_64-pc-linux-gnu-library/4.4/TMB/include/Vectorize.hpp:38:14: note: in definition of macro \u2018GVECTORIZE\u2019\n   38 | vector<Type> FUN( declare##Type1(arg1) comma##Type2                     \\\n      |              ^~~\n/home/spi085/R/x86_64-pc-linux-gnu-library/4.4/TMB/include/dnorm.hpp:23:1: note: in expansion of macro \u2018VECTORIZE4_ttti\u2019\n   23 | VECTORIZE4_ttti(dnorm)\n      | ^~~~~~~~~~~~~~~\nPOPULATIONS/POPULATION_0006/INDIVIDUAL_7EFRNIYS/model.cpp:139:17: note:   \u2018CppAD::AD<double>\u2019 is not derived from \u2018const tmbutils::vector<Type>\u2019\n  139 |     nll -= dnorm(log(fast_obs), log(fast_model), 0.3, true);\n      |            ~~~~~^~~~~~~~~~~~~~~~~~~~~~~~~~~~~~~~~~~~~~~~~~~\n/home/spi085/R/x86_64-pc-linux-gnu-library/4.4/TMB/include/dnorm.hpp:23:17: note: candidate: \u2018template<class Type> tmbutils::vector<Type> dnorm(Type, const tmbutils::vector<Type>&, const tmbutils::vector<Type>&, int)\u2019\n   23 | VECTORIZE4_ttti(dnorm)\n      |                 ^~~~~\n/home/spi085/R/x86_64-pc-linux-gnu-library/4.4/TMB/include/Vectorize.hpp:38:14: note: in definition of macro \u2018GVECTORIZE\u2019\n   38 | vector<Type> FUN( declare##Type1(arg1) comma##Type2                     \\\n      |              ^~~\n/home/spi085/R/x86_64-pc-linux-gnu-library/4.4/TMB/include/dnorm.hpp:23:1: note: in expansion of macro \u2018VECTORIZE4_ttti\u2019\n   23 | VECTORIZE4_ttti(dnorm)\n      | ^~~~~~~~~~~~~~~\n/home/spi085/R/x86_64-pc-linux-gnu-library/4.4/TMB/include/dnorm.hpp:23:17: note:   template argument deduction/substitution failed:\n   23 | VECTORIZE4_ttti(dnorm)\n      |                 ^~~~~\n/home/spi085/R/x86_64-pc-linux-gnu-library/4.4/TMB/include/Vectorize.hpp:38:14: note: in definition of macro \u2018GVECTORIZE\u2019\n   38 | vector<Type> FUN( declare##Type1(arg1) comma##Type2                     \\\n      |              ^~~\n/home/spi085/R/x86_64-pc-linux-gnu-library/4.4/TMB/include/dnorm.hpp:23:1: note: in expansion of macro \u2018VECTORIZE4_ttti\u2019\n   23 | VECTORIZE4_ttti(dnorm)\n      | ^~~~~~~~~~~~~~~\nPOPULATIONS/POPULATION_0006/INDIVIDUAL_7EFRNIYS/model.cpp:139:17: note:   \u2018CppAD::AD<double>\u2019 is not derived from \u2018const tmbutils::vector<Type>\u2019\n  139 |     nll -= dnorm(log(fast_obs), log(fast_model), 0.3, true);\n      |            ~~~~~^~~~~~~~~~~~~~~~~~~~~~~~~~~~~~~~~~~~~~~~~~~\n/home/spi085/R/x86_64-pc-linux-gnu-library/4.4/TMB/include/dnorm.hpp:23:17: note: candidate: \u2018template<class Type> tmbutils::vector<Type> dnorm(const tmbutils::vector<Type>&, Type, const tmbutils::vector<Type>&, int)\u2019\n   23 | VECTORIZE4_ttti(dnorm)\n      |                 ^~~~~\n/home/spi085/R/x86_64-pc-linux-gnu-library/4.4/TMB/include/Vectorize.hpp:38:14: note: in definition of macro \u2018GVECTORIZE\u2019\n   38 | vector<Type> FUN( declare##Type1(arg1) comma##Type2                     \\\n      |              ^~~\n/home/spi085/R/x86_64-pc-linux-gnu-library/4.4/TMB/include/dnorm.hpp:23:1: note: in expansion of macro \u2018VECTORIZE4_ttti\u2019\n   23 | VECTORIZE4_ttti(dnorm)\n      | ^~~~~~~~~~~~~~~\n/home/spi085/R/x86_64-pc-linux-gnu-library/4.4/TMB/include/dnorm.hpp:23:17: note:   template argument deduction/substitution failed:\n   23 | VECTORIZE4_ttti(dnorm)\n      |                 ^~~~~\n/home/spi085/R/x86_64-pc-linux-gnu-library/4.4/TMB/include/Vectorize.hpp:38:14: note: in definition of macro \u2018GVECTORIZE\u2019\n   38 | vector<Type> FUN( declare##Type1(arg1) comma##Type2                     \\\n      |              ^~~\n/home/spi085/R/x86_64-pc-linux-gnu-library/4.4/TMB/include/dnorm.hpp:23:1: note: in expansion of macro \u2018VECTORIZE4_ttti\u2019\n   23 | VECTORIZE4_ttti(dnorm)\n      | ^~~~~~~~~~~~~~~\nPOPULATIONS/POPULATION_0006/INDIVIDUAL_7EFRNIYS/model.cpp:139:17: note:   \u2018CppAD::AD<double>\u2019 is not derived from \u2018const tmbutils::vector<Type>\u2019\n  139 |     nll -= dnorm(log(fast_obs), log(fast_model), 0.3, true);\n      |            ~~~~~^~~~~~~~~~~~~~~~~~~~~~~~~~~~~~~~~~~~~~~~~~~\n/home/spi085/R/x86_64-pc-linux-gnu-library/4.4/TMB/include/dnorm.hpp:23:17: note: candidate: \u2018template<class Type> tmbutils::vector<Type> dnorm(const tmbutils::vector<Type>&, const tmbutils::vector<Type>&, const tmbutils::vector<Type>&, int)\u2019\n   23 | VECTORIZE4_ttti(dnorm)\n      |                 ^~~~~\n/home/spi085/R/x86_64-pc-linux-gnu-library/4.4/TMB/include/Vectorize.hpp:38:14: note: in definition of macro \u2018GVECTORIZE\u2019\n   38 | vector<Type> FUN( declare##Type1(arg1) comma##Type2                     \\\n      |              ^~~\n/home/spi085/R/x86_64-pc-linux-gnu-library/4.4/TMB/include/dnorm.hpp:23:1: note: in expansion of macro \u2018VECTORIZE4_ttti\u2019\n   23 | VECTORIZE4_ttti(dnorm)\n      | ^~~~~~~~~~~~~~~\n/home/spi085/R/x86_64-pc-linux-gnu-library/4.4/TMB/include/dnorm.hpp:23:17: note:   template argument deduction/substitution failed:\n   23 | VECTORIZE4_ttti(dnorm)\n      |                 ^~~~~\n/home/spi085/R/x86_64-pc-linux-gnu-library/4.4/TMB/include/Vectorize.hpp:38:14: note: in definition of macro \u2018GVECTORIZE\u2019\n   38 | vector<Type> FUN( declare##Type1(arg1) comma##Type2                     \\\n      |              ^~~\n/home/spi085/R/x86_64-pc-linux-gnu-library/4.4/TMB/include/dnorm.hpp:23:1: note: in expansion of macro \u2018VECTORIZE4_ttti\u2019\n   23 | VECTORIZE4_ttti(dnorm)\n      | ^~~~~~~~~~~~~~~\nPOPULATIONS/POPULATION_0006/INDIVIDUAL_7EFRNIYS/model.cpp:139:17: note:   \u2018CppAD::AD<double>\u2019 is not derived from \u2018const tmbutils::vector<Type>\u2019\n  139 |     nll -= dnorm(log(fast_obs), log(fast_model), 0.3, true);\n      |            ~~~~~^~~~~~~~~~~~~~~~~~~~~~~~~~~~~~~~~~~~~~~~~~~\nPOPULATIONS/POPULATION_0006/INDIVIDUAL_7EFRNIYS/model.cpp:143:17: error: no matching function for call to \u2018dnorm(CppAD::AD<double>, CppAD::AD<double>, double, bool)\u2019\n  143 |     nll -= dnorm(log(slow_obs), log(slow_model), 0.3, true);\n      |            ~~~~~^~~~~~~~~~~~~~~~~~~~~~~~~~~~~~~~~~~~~~~~~~~\n/home/spi085/R/x86_64-pc-linux-gnu-library/4.4/TMB/include/dnorm.hpp:17:6: note: candidate: \u2018template<class Type> Type dnorm(Type, Type, Type, int)\u2019\n   17 | Type dnorm(Type x, Type mean, Type sd, int give_log=0)\n      |      ^~~~~\n/home/spi085/R/x86_64-pc-linux-gnu-library/4.4/TMB/include/dnorm.hpp:17:6: note:   template argument deduction/substitution failed:\nPOPULATIONS/POPULATION_0006/INDIVIDUAL_7EFRNIYS/model.cpp:143:17: note:   deduced conflicting types for parameter \u2018Type\u2019 (\u2018CppAD::AD<double>\u2019 and \u2018double\u2019)\n  143 |     nll -= dnorm(log(slow_obs), log(slow_model), 0.3, true);\n      |            ~~~~~^~~~~~~~~~~~~~~~~~~~~~~~~~~~~~~~~~~~~~~~~~~\n/home/spi085/R/x86_64-pc-linux-gnu-library/4.4/TMB/include/dnorm.hpp:23:17: note: candidate: \u2018template<class Type> tmbutils::vector<Type> dnorm(const tmbutils::vector<Type>&, Type, Type, int)\u2019\n   23 | VECTORIZE4_ttti(dnorm)\n      |                 ^~~~~\n/home/spi085/R/x86_64-pc-linux-gnu-library/4.4/TMB/include/Vectorize.hpp:38:14: note: in definition of macro \u2018GVECTORIZE\u2019\n   38 | vector<Type> FUN( declare##Type1(arg1) comma##Type2                     \\\n      |              ^~~\n/home/spi085/R/x86_64-pc-linux-gnu-library/4.4/TMB/include/dnorm.hpp:23:1: note: in expansion of macro \u2018VECTORIZE4_ttti\u2019\n   23 | VECTORIZE4_ttti(dnorm)\n      | ^~~~~~~~~~~~~~~\n/home/spi085/R/x86_64-pc-linux-gnu-library/4.4/TMB/include/dnorm.hpp:23:17: note:   template argument deduction/substitution failed:\n   23 | VECTORIZE4_ttti(dnorm)\n      |                 ^~~~~\n/home/spi085/R/x86_64-pc-linux-gnu-library/4.4/TMB/include/Vectorize.hpp:38:14: note: in definition of macro \u2018GVECTORIZE\u2019\n   38 | vector<Type> FUN( declare##Type1(arg1) comma##Type2                     \\\n      |              ^~~\n/home/spi085/R/x86_64-pc-linux-gnu-library/4.4/TMB/include/dnorm.hpp:23:1: note: in expansion of macro \u2018VECTORIZE4_ttti\u2019\n   23 | VECTORIZE4_ttti(dnorm)\n      | ^~~~~~~~~~~~~~~\nPOPULATIONS/POPULATION_0006/INDIVIDUAL_7EFRNIYS/model.cpp:143:17: note:   \u2018CppAD::AD<double>\u2019 is not derived from \u2018const tmbutils::vector<Type>\u2019\n  143 |     nll -= dnorm(log(slow_obs), log(slow_model), 0.3, true);\n      |            ~~~~~^~~~~~~~~~~~~~~~~~~~~~~~~~~~~~~~~~~~~~~~~~~\n/home/spi085/R/x86_64-pc-linux-gnu-library/4.4/TMB/include/dnorm.hpp:23:17: note: candidate: \u2018template<class Type> tmbutils::vector<Type> dnorm(Type, const tmbutils::vector<Type>&, Type, int)\u2019\n   23 | VECTORIZE4_ttti(dnorm)\n      |                 ^~~~~\n/home/spi085/R/x86_64-pc-linux-gnu-library/4.4/TMB/include/Vectorize.hpp:38:14: note: in definition of macro \u2018GVECTORIZE\u2019\n   38 | vector<Type> FUN( declare##Type1(arg1) comma##Type2                     \\\n      |              ^~~\n/home/spi085/R/x86_64-pc-linux-gnu-library/4.4/TMB/include/dnorm.hpp:23:1: note: in expansion of macro \u2018VECTORIZE4_ttti\u2019\n   23 | VECTORIZE4_ttti(dnorm)\n      | ^~~~~~~~~~~~~~~\n/home/spi085/R/x86_64-pc-linux-gnu-library/4.4/TMB/include/dnorm.hpp:23:17: note:   template argument deduction/substitution failed:\n   23 | VECTORIZE4_ttti(dnorm)\n      |                 ^~~~~\n/home/spi085/R/x86_64-pc-linux-gnu-library/4.4/TMB/include/Vectorize.hpp:38:14: note: in definition of macro \u2018GVECTORIZE\u2019\n   38 | vector<Type> FUN( declare##Type1(arg1) comma##Type2                     \\\n      |              ^~~\n/home/spi085/R/x86_64-pc-linux-gnu-library/4.4/TMB/include/dnorm.hpp:23:1: note: in expansion of macro \u2018VECTORIZE4_ttti\u2019\n   23 | VECTORIZE4_ttti(dnorm)\n      | ^~~~~~~~~~~~~~~\nPOPULATIONS/POPULATION_0006/INDIVIDUAL_7EFRNIYS/model.cpp:143:17: note:   \u2018CppAD::AD<double>\u2019 is not derived from \u2018const tmbutils::vector<Type>\u2019\n  143 |     nll -= dnorm(log(slow_obs), log(slow_model), 0.3, true);\n      |            ~~~~~^~~~~~~~~~~~~~~~~~~~~~~~~~~~~~~~~~~~~~~~~~~\n/home/spi085/R/x86_64-pc-linux-gnu-library/4.4/TMB/include/dnorm.hpp:23:17: note: candidate: \u2018template<class Type> tmbutils::vector<Type> dnorm(Type, Type, const tmbutils::vector<Type>&, int)\u2019\n   23 | VECTORIZE4_ttti(dnorm)\n      |                 ^~~~~\n/home/spi085/R/x86_64-pc-linux-gnu-library/4.4/TMB/include/Vectorize.hpp:38:14: note: in definition of macro \u2018GVECTORIZE\u2019\n   38 | vector<Type> FUN( declare##Type1(arg1) comma##Type2                     \\\n      |              ^~~\n/home/spi085/R/x86_64-pc-linux-gnu-library/4.4/TMB/include/dnorm.hpp:23:1: note: in expansion of macro \u2018VECTORIZE4_ttti\u2019\n   23 | VECTORIZE4_ttti(dnorm)\n      | ^~~~~~~~~~~~~~~\n/home/spi085/R/x86_64-pc-linux-gnu-library/4.4/TMB/include/dnorm.hpp:23:17: note:   template argument deduction/substitution failed:\n   23 | VECTORIZE4_ttti(dnorm)\n      |                 ^~~~~\n/home/spi085/R/x86_64-pc-linux-gnu-library/4.4/TMB/include/Vectorize.hpp:38:14: note: in definition of macro \u2018GVECTORIZE\u2019\n   38 | vector<Type> FUN( declare##Type1(arg1) comma##Type2                     \\\n      |              ^~~\n/home/spi085/R/x86_64-pc-linux-gnu-library/4.4/TMB/include/dnorm.hpp:23:1: note: in expansion of macro \u2018VECTORIZE4_ttti\u2019\n   23 | VECTORIZE4_ttti(dnorm)\n      | ^~~~~~~~~~~~~~~\nPOPULATIONS/POPULATION_0006/INDIVIDUAL_7EFRNIYS/model.cpp:143:17: note:   mismatched types \u2018const tmbutils::vector<Type>\u2019 and \u2018double\u2019\n  143 |     nll -= dnorm(log(slow_obs), log(slow_model), 0.3, true);\n      |            ~~~~~^~~~~~~~~~~~~~~~~~~~~~~~~~~~~~~~~~~~~~~~~~~\n/home/spi085/R/x86_64-pc-linux-gnu-library/4.4/TMB/include/dnorm.hpp:23:17: note: candidate: \u2018template<class Type> tmbutils::vector<Type> dnorm(const tmbutils::vector<Type>&, const tmbutils::vector<Type>&, Type, int)\u2019\n   23 | VECTORIZE4_ttti(dnorm)\n      |                 ^~~~~\n/home/spi085/R/x86_64-pc-linux-gnu-library/4.4/TMB/include/Vectorize.hpp:38:14: note: in definition of macro \u2018GVECTORIZE\u2019\n   38 | vector<Type> FUN( declare##Type1(arg1) comma##Type2                     \\\n      |              ^~~\n/home/spi085/R/x86_64-pc-linux-gnu-library/4.4/TMB/include/dnorm.hpp:23:1: note: in expansion of macro \u2018VECTORIZE4_ttti\u2019\n   23 | VECTORIZE4_ttti(dnorm)\n      | ^~~~~~~~~~~~~~~\n/home/spi085/R/x86_64-pc-linux-gnu-library/4.4/TMB/include/dnorm.hpp:23:17: note:   template argument deduction/substitution failed:\n   23 | VECTORIZE4_ttti(dnorm)\n      |                 ^~~~~\n/home/spi085/R/x86_64-pc-linux-gnu-library/4.4/TMB/include/Vectorize.hpp:38:14: note: in definition of macro \u2018GVECTORIZE\u2019\n   38 | vector<Type> FUN( declare##Type1(arg1) comma##Type2                     \\\n      |              ^~~\n/home/spi085/R/x86_64-pc-linux-gnu-library/4.4/TMB/include/dnorm.hpp:23:1: note: in expansion of macro \u2018VECTORIZE4_ttti\u2019\n   23 | VECTORIZE4_ttti(dnorm)\n      | ^~~~~~~~~~~~~~~\nPOPULATIONS/POPULATION_0006/INDIVIDUAL_7EFRNIYS/model.cpp:143:17: note:   \u2018CppAD::AD<double>\u2019 is not derived from \u2018const tmbutils::vector<Type>\u2019\n  143 |     nll -= dnorm(log(slow_obs), log(slow_model), 0.3, true);\n      |            ~~~~~^~~~~~~~~~~~~~~~~~~~~~~~~~~~~~~~~~~~~~~~~~~\n/home/spi085/R/x86_64-pc-linux-gnu-library/4.4/TMB/include/dnorm.hpp:23:17: note: candidate: \u2018template<class Type> tmbutils::vector<Type> dnorm(Type, const tmbutils::vector<Type>&, const tmbutils::vector<Type>&, int)\u2019\n   23 | VECTORIZE4_ttti(dnorm)\n      |                 ^~~~~\n/home/spi085/R/x86_64-pc-linux-gnu-library/4.4/TMB/include/Vectorize.hpp:38:14: note: in definition of macro \u2018GVECTORIZE\u2019\n   38 | vector<Type> FUN( declare##Type1(arg1) comma##Type2                     \\\n      |              ^~~\n/home/spi085/R/x86_64-pc-linux-gnu-library/4.4/TMB/include/dnorm.hpp:23:1: note: in expansion of macro \u2018VECTORIZE4_ttti\u2019\n   23 | VECTORIZE4_ttti(dnorm)\n      | ^~~~~~~~~~~~~~~\n/home/spi085/R/x86_64-pc-linux-gnu-library/4.4/TMB/include/dnorm.hpp:23:17: note:   template argument deduction/substitution failed:\n   23 | VECTORIZE4_ttti(dnorm)\n      |                 ^~~~~\n/home/spi085/R/x86_64-pc-linux-gnu-library/4.4/TMB/include/Vectorize.hpp:38:14: note: in definition of macro \u2018GVECTORIZE\u2019\n   38 | vector<Type> FUN( declare##Type1(arg1) comma##Type2                     \\\n      |              ^~~\n/home/spi085/R/x86_64-pc-linux-gnu-library/4.4/TMB/include/dnorm.hpp:23:1: note: in expansion of macro \u2018VECTORIZE4_ttti\u2019\n   23 | VECTORIZE4_ttti(dnorm)\n      | ^~~~~~~~~~~~~~~\nPOPULATIONS/POPULATION_0006/INDIVIDUAL_7EFRNIYS/model.cpp:143:17: note:   \u2018CppAD::AD<double>\u2019 is not derived from \u2018const tmbutils::vector<Type>\u2019\n  143 |     nll -= dnorm(log(slow_obs), log(slow_model), 0.3, true);\n      |            ~~~~~^~~~~~~~~~~~~~~~~~~~~~~~~~~~~~~~~~~~~~~~~~~\n/home/spi085/R/x86_64-pc-linux-gnu-library/4.4/TMB/include/dnorm.hpp:23:17: note: candidate: \u2018template<class Type> tmbutils::vector<Type> dnorm(const tmbutils::vector<Type>&, Type, const tmbutils::vector<Type>&, int)\u2019\n   23 | VECTORIZE4_ttti(dnorm)\n      |                 ^~~~~\n/home/spi085/R/x86_64-pc-linux-gnu-library/4.4/TMB/include/Vectorize.hpp:38:14: note: in definition of macro \u2018GVECTORIZE\u2019\n   38 | vector<Type> FUN( declare##Type1(arg1) comma##Type2                     \\\n      |              ^~~\n/home/spi085/R/x86_64-pc-linux-gnu-library/4.4/TMB/include/dnorm.hpp:23:1: note: in expansion of macro \u2018VECTORIZE4_ttti\u2019\n   23 | VECTORIZE4_ttti(dnorm)\n      | ^~~~~~~~~~~~~~~\n/home/spi085/R/x86_64-pc-linux-gnu-library/4.4/TMB/include/dnorm.hpp:23:17: note:   template argument deduction/substitution failed:\n   23 | VECTORIZE4_ttti(dnorm)\n      |                 ^~~~~\n/home/spi085/R/x86_64-pc-linux-gnu-library/4.4/TMB/include/Vectorize.hpp:38:14: note: in definition of macro \u2018GVECTORIZE\u2019\n   38 | vector<Type> FUN( declare##Type1(arg1) comma##Type2                     \\\n      |              ^~~\n/home/spi085/R/x86_64-pc-linux-gnu-library/4.4/TMB/include/dnorm.hpp:23:1: note: in expansion of macro \u2018VECTORIZE4_ttti\u2019\n   23 | VECTORIZE4_ttti(dnorm)\n      | ^~~~~~~~~~~~~~~\nPOPULATIONS/POPULATION_0006/INDIVIDUAL_7EFRNIYS/model.cpp:143:17: note:   \u2018CppAD::AD<double>\u2019 is not derived from \u2018const tmbutils::vector<Type>\u2019\n  143 |     nll -= dnorm(log(slow_obs), log(slow_model), 0.3, true);\n      |            ~~~~~^~~~~~~~~~~~~~~~~~~~~~~~~~~~~~~~~~~~~~~~~~~\n/home/spi085/R/x86_64-pc-linux-gnu-library/4.4/TMB/include/dnorm.hpp:23:17: note: candidate: \u2018template<class Type> tmbutils::vector<Type> dnorm(const tmbutils::vector<Type>&, const tmbutils::vector<Type>&, const tmbutils::vector<Type>&, int)\u2019\n   23 | VECTORIZE4_ttti(dnorm)\n      |                 ^~~~~\n/home/spi085/R/x86_64-pc-linux-gnu-library/4.4/TMB/include/Vectorize.hpp:38:14: note: in definition of macro \u2018GVECTORIZE\u2019\n   38 | vector<Type> FUN( declare##Type1(arg1) comma##Type2                     \\\n      |              ^~~\n/home/spi085/R/x86_64-pc-linux-gnu-library/4.4/TMB/include/dnorm.hpp:23:1: note: in expansion of macro \u2018VECTORIZE4_ttti\u2019\n   23 | VECTORIZE4_ttti(dnorm)\n      | ^~~~~~~~~~~~~~~\n/home/spi085/R/x86_64-pc-linux-gnu-library/4.4/TMB/include/dnorm.hpp:23:17: note:   template argument deduction/substitution failed:\n   23 | VECTORIZE4_ttti(dnorm)\n      |                 ^~~~~\n/home/spi085/R/x86_64-pc-linux-gnu-library/4.4/TMB/include/Vectorize.hpp:38:14: note: in definition of macro \u2018GVECTORIZE\u2019\n   38 | vector<Type> FUN( declare##Type1(arg1) comma##Type2                     \\\n      |              ^~~\n/home/spi085/R/x86_64-pc-linux-gnu-library/4.4/TMB/include/dnorm.hpp:23:1: note: in expansion of macro \u2018VECTORIZE4_ttti\u2019\n   23 | VECTORIZE4_ttti(dnorm)\n      | ^~~~~~~~~~~~~~~\nPOPULATIONS/POPULATION_0006/INDIVIDUAL_7EFRNIYS/model.cpp:143:17: note:   \u2018CppAD::AD<double>\u2019 is not derived from \u2018const tmbutils::vector<Type>\u2019\n  143 |     nll -= dnorm(log(slow_obs), log(slow_model), 0.3, true);\n      |            ~~~~~^~~~~~~~~~~~~~~~~~~~~~~~~~~~~~~~~~~~~~~~~~~\nPOPULATIONS/POPULATION_0006/INDIVIDUAL_7EFRNIYS/model.cpp: In instantiation of \u2018Type objective_function<Type>::operator()() [with Type = CppAD::AD<CppAD::AD<double> >]\u2019:\n/home/spi085/R/x86_64-pc-linux-gnu-library/4.4/TMB/include/tmb_core.hpp:917:29:   required from \u2018Type objective_function<Type>::evalUserTemplate() [with Type = CppAD::AD<CppAD::AD<double> >]\u2019\n/home/spi085/R/x86_64-pc-linux-gnu-library/4.4/TMB/include/tmb_core.hpp:2116:26:   required from here\nPOPULATIONS/POPULATION_0006/INDIVIDUAL_7EFRNIYS/model.cpp:135:17: error: no matching function for call to \u2018dnorm(CppAD::AD<CppAD::AD<double> >, CppAD::AD<CppAD::AD<double> >, double, bool)\u2019\n  135 |     nll -= dnorm(log(cots_obs), log(cots_model), 0.3, true);\n      |            ~~~~~^~~~~~~~~~~~~~~~~~~~~~~~~~~~~~~~~~~~~~~~~~~\n/home/spi085/R/x86_64-pc-linux-gnu-library/4.4/TMB/include/dnorm.hpp:17:6: note: candidate: \u2018template<class Type> Type dnorm(Type, Type, Type, int)\u2019\n   17 | Type dnorm(Type x, Type mean, Type sd, int give_log=0)\n      |      ^~~~~\n/home/spi085/R/x86_64-pc-linux-gnu-library/4.4/TMB/include/dnorm.hpp:17:6: note:   template argument deduction/substitution failed:\nPOPULATIONS/POPULATION_0006/INDIVIDUAL_7EFRNIYS/model.cpp:135:17: note:   deduced conflicting types for parameter \u2018Type\u2019 (\u2018CppAD::AD<CppAD::AD<double> >\u2019 and \u2018double\u2019)\n  135 |     nll -= dnorm(log(cots_obs), log(cots_model), 0.3, true);\n      |            ~~~~~^~~~~~~~~~~~~~~~~~~~~~~~~~~~~~~~~~~~~~~~~~~\n/home/spi085/R/x86_64-pc-linux-gnu-library/4.4/TMB/include/dnorm.hpp:23:17: note: candidate: \u2018template<class Type> tmbutils::vector<Type> dnorm(const tmbutils::vector<Type>&, Type, Type, int)\u2019\n   23 | VECTORIZE4_ttti(dnorm)\n      |                 ^~~~~\n/home/spi085/R/x86_64-pc-linux-gnu-library/4.4/TMB/include/Vectorize.hpp:38:14: note: in definition of macro \u2018GVECTORIZE\u2019\n   38 | vector<Type> FUN( declare##Type1(arg1) comma##Type2                     \\\n      |              ^~~\n/home/spi085/R/x86_64-pc-linux-gnu-library/4.4/TMB/include/dnorm.hpp:23:1: note: in expansion of macro \u2018VECTORIZE4_ttti\u2019\n   23 | VECTORIZE4_ttti(dnorm)\n      | ^~~~~~~~~~~~~~~\n/home/spi085/R/x86_64-pc-linux-gnu-library/4.4/TMB/include/dnorm.hpp:23:17: note:   template argument deduction/substitution failed:\n   23 | VECTORIZE4_ttti(dnorm)\n      |                 ^~~~~\n/home/spi085/R/x86_64-pc-linux-gnu-library/4.4/TMB/include/Vectorize.hpp:38:14: note: in definition of macro \u2018GVECTORIZE\u2019\n   38 | vector<Type> FUN( declare##Type1(arg1) comma##Type2                     \\\n      |              ^~~\n/home/spi085/R/x86_64-pc-linux-gnu-library/4.4/TMB/include/dnorm.hpp:23:1: note: in expansion of macro \u2018VECTORIZE4_ttti\u2019\n   23 | VECTORIZE4_ttti(dnorm)\n      | ^~~~~~~~~~~~~~~\nPOPULATIONS/POPULATION_0006/INDIVIDUAL_7EFRNIYS/model.cpp:135:17: note:   \u2018CppAD::AD<CppAD::AD<double> >\u2019 is not derived from \u2018const tmbutils::vector<Type>\u2019\n  135 |     nll -= dnorm(log(cots_obs), log(cots_model), 0.3, true);\n      |            ~~~~~^~~~~~~~~~~~~~~~~~~~~~~~~~~~~~~~~~~~~~~~~~~\n/home/spi085/R/x86_64-pc-linux-gnu-library/4.4/TMB/include/dnorm.hpp:23:17: note: candidate: \u2018template<class Type> tmbutils::vector<Type> dnorm(Type, const tmbutils::vector<Type>&, Type, int)\u2019\n   23 | VECTORIZE4_ttti(dnorm)\n      |                 ^~~~~\n/home/spi085/R/x86_64-pc-linux-gnu-library/4.4/TMB/include/Vectorize.hpp:38:14: note: in definition of macro \u2018GVECTORIZE\u2019\n   38 | vector<Type> FUN( declare##Type1(arg1) comma##Type2                     \\\n      |              ^~~\n/home/spi085/R/x86_64-pc-linux-gnu-library/4.4/TMB/include/dnorm.hpp:23:1: note: in expansion of macro \u2018VECTORIZE4_ttti\u2019\n   23 | VECTORIZE4_ttti(dnorm)\n      | ^~~~~~~~~~~~~~~\n/home/spi085/R/x86_64-pc-linux-gnu-library/4.4/TMB/include/dnorm.hpp:23:17: note:   template argument deduction/substitution failed:\n   23 | VECTORIZE4_ttti(dnorm)\n      |                 ^~~~~\n/home/spi085/R/x86_64-pc-linux-gnu-library/4.4/TMB/include/Vectorize.hpp:38:14: note: in definition of macro \u2018GVECTORIZE\u2019\n   38 | vector<Type> FUN( declare##Type1(arg1) comma##Type2                     \\\n      |              ^~~\n/home/spi085/R/x86_64-pc-linux-gnu-library/4.4/TMB/include/dnorm.hpp:23:1: note: in expansion of macro \u2018VECTORIZE4_ttti\u2019\n   23 | VECTORIZE4_ttti(dnorm)\n      | ^~~~~~~~~~~~~~~\nPOPULATIONS/POPULATION_0006/INDIVIDUAL_7EFRNIYS/model.cpp:135:17: note:   \u2018CppAD::AD<CppAD::AD<double> >\u2019 is not derived from \u2018const tmbutils::vector<Type>\u2019\n  135 |     nll -= dnorm(log(cots_obs), log(cots_model), 0.3, true);\n      |            ~~~~~^~~~~~~~~~~~~~~~~~~~~~~~~~~~~~~~~~~~~~~~~~~\n/home/spi085/R/x86_64-pc-linux-gnu-library/4.4/TMB/include/dnorm.hpp:23:17: note: candidate: \u2018template<class Type> tmbutils::vector<Type> dnorm(Type, Type, const tmbutils::vector<Type>&, int)\u2019\n   23 | VECTORIZE4_ttti(dnorm)\n      |                 ^~~~~\n/home/spi085/R/x86_64-pc-linux-gnu-library/4.4/TMB/include/Vectorize.hpp:38:14: note: in definition of macro \u2018GVECTORIZE\u2019\n   38 | vector<Type> FUN( declare##Type1(arg1) comma##Type2                     \\\n      |              ^~~\n/home/spi085/R/x86_64-pc-linux-gnu-library/4.4/TMB/include/dnorm.hpp:23:1: note: in expansion of macro \u2018VECTORIZE4_ttti\u2019\n   23 | VECTORIZE4_ttti(dnorm)\n      | ^~~~~~~~~~~~~~~\n/home/spi085/R/x86_64-pc-linux-gnu-library/4.4/TMB/include/dnorm.hpp:23:17: note:   template argument deduction/substitution failed:\n   23 | VECTORIZE4_ttti(dnorm)\n      |                 ^~~~~\n/home/spi085/R/x86_64-pc-linux-gnu-library/4.4/TMB/include/Vectorize.hpp:38:14: note: in definition of macro \u2018GVECTORIZE\u2019\n   38 | vector<Type> FUN( declare##Type1(arg1) comma##Type2                     \\\n      |              ^~~\n/home/spi085/R/x86_64-pc-linux-gnu-library/4.4/TMB/include/dnorm.hpp:23:1: note: in expansion of macro \u2018VECTORIZE4_ttti\u2019\n   23 | VECTORIZE4_ttti(dnorm)\n      | ^~~~~~~~~~~~~~~\nPOPULATIONS/POPULATION_0006/INDIVIDUAL_7EFRNIYS/model.cpp:135:17: note:   mismatched types \u2018const tmbutils::vector<Type>\u2019 and \u2018double\u2019\n  135 |     nll -= dnorm(log(cots_obs), log(cots_model), 0.3, true);\n      |            ~~~~~^~~~~~~~~~~~~~~~~~~~~~~~~~~~~~~~~~~~~~~~~~~\n/home/spi085/R/x86_64-pc-linux-gnu-library/4.4/TMB/include/dnorm.hpp:23:17: note: candidate: \u2018template<class Type> tmbutils::vector<Type> dnorm(const tmbutils::vector<Type>&, const tmbutils::vector<Type>&, Type, int)\u2019\n   23 | VECTORIZE4_ttti(dnorm)\n      |                 ^~~~~\n/home/spi085/R/x86_64-pc-linux-gnu-library/4.4/TMB/include/Vectorize.hpp:38:14: note: in definition of macro \u2018GVECTORIZE\u2019\n   38 | vector<Type> FUN( declare##Type1(arg1) comma##Type2                     \\\n      |              ^~~\n/home/spi085/R/x86_64-pc-linux-gnu-library/4.4/TMB/include/dnorm.hpp:23:1: note: in expansion of macro \u2018VECTORIZE4_ttti\u2019\n   23 | VECTORIZE4_ttti(dnorm)\n      | ^~~~~~~~~~~~~~~\n/home/spi085/R/x86_64-pc-linux-gnu-library/4.4/TMB/include/dnorm.hpp:23:17: note:   template argument deduction/substitution failed:\n   23 | VECTORIZE4_ttti(dnorm)\n      |                 ^~~~~\n/home/spi085/R/x86_64-pc-linux-gnu-library/4.4/TMB/include/Vectorize.hpp:38:14: note: in definition of macro \u2018GVECTORIZE\u2019\n   38 | vector<Type> FUN( declare##Type1(arg1) comma##Type2                     \\\n      |              ^~~\n/home/spi085/R/x86_64-pc-linux-gnu-library/4.4/TMB/include/dnorm.hpp:23:1: note: in expansion of macro \u2018VECTORIZE4_ttti\u2019\n   23 | VECTORIZE4_ttti(dnorm)\n      | ^~~~~~~~~~~~~~~\nPOPULATIONS/POPULATION_0006/INDIVIDUAL_7EFRNIYS/model.cpp:135:17: note:   \u2018CppAD::AD<CppAD::AD<double> >\u2019 is not derived from \u2018const tmbutils::vector<Type>\u2019\n  135 |     nll -= dnorm(log(cots_obs), log(cots_model), 0.3, true);\n      |            ~~~~~^~~~~~~~~~~~~~~~~~~~~~~~~~~~~~~~~~~~~~~~~~~\n/home/spi085/R/x86_64-pc-linux-gnu-library/4.4/TMB/include/dnorm.hpp:23:17: note: candidate: \u2018template<class Type> tmbutils::vector<Type> dnorm(Type, const tmbutils::vector<Type>&, const tmbutils::vector<Type>&, int)\u2019\n   23 | VECTORIZE4_ttti(dnorm)\n      |                 ^~~~~\n/home/spi085/R/x86_64-pc-linux-gnu-library/4.4/TMB/include/Vectorize.hpp:38:14: note: in definition of macro \u2018GVECTORIZE\u2019\n   38 | vector<Type> FUN( declare##Type1(arg1) comma##Type2                     \\\n      |              ^~~\n/home/spi085/R/x86_64-pc-linux-gnu-library/4.4/TMB/include/dnorm.hpp:23:1: note: in expansion of macro \u2018VECTORIZE4_ttti\u2019\n   23 | VECTORIZE4_ttti(dnorm)\n      | ^~~~~~~~~~~~~~~\n/home/spi085/R/x86_64-pc-linux-gnu-library/4.4/TMB/include/dnorm.hpp:23:17: note:   template argument deduction/substitution failed:\n   23 | VECTORIZE4_ttti(dnorm)\n      |                 ^~~~~\n/home/spi085/R/x86_64-pc-linux-gnu-library/4.4/TMB/include/Vectorize.hpp:38:14: note: in definition of macro \u2018GVECTORIZE\u2019\n   38 | vector<Type> FUN( declare##Type1(arg1) comma##Type2                     \\\n      |              ^~~\n/home/spi085/R/x86_64-pc-linux-gnu-library/4.4/TMB/include/dnorm.hpp:23:1: note: in expansion of macro \u2018VECTORIZE4_ttti\u2019\n   23 | VECTORIZE4_ttti(dnorm)\n      | ^~~~~~~~~~~~~~~\nPOPULATIONS/POPULATION_0006/INDIVIDUAL_7EFRNIYS/model.cpp:135:17: note:   \u2018CppAD::AD<CppAD::AD<double> >\u2019 is not derived from \u2018const tmbutils::vector<Type>\u2019\n  135 |     nll -= dnorm(log(cots_obs), log(cots_model), 0.3, true);\n      |            ~~~~~^~~~~~~~~~~~~~~~~~~~~~~~~~~~~~~~~~~~~~~~~~~\n/home/spi085/R/x86_64-pc-linux-gnu-library/4.4/TMB/include/dnorm.hpp:23:17: note: candidate: \u2018template<class Type> tmbutils::vector<Type> dnorm(const tmbutils::vector<Type>&, Type, const tmbutils::vector<Type>&, int)\u2019\n   23 | VECTORIZE4_ttti(dnorm)\n      |                 ^~~~~\n/home/spi085/R/x86_64-pc-linux-gnu-library/4.4/TMB/include/Vectorize.hpp:38:14: note: in definition of macro \u2018GVECTORIZE\u2019\n   38 | vector<Type> FUN( declare##Type1(arg1) comma##Type2                     \\\n      |              ^~~\n/home/spi085/R/x86_64-pc-linux-gnu-library/4.4/TMB/include/dnorm.hpp:23:1: note: in expansion of macro \u2018VECTORIZE4_ttti\u2019\n   23 | VECTORIZE4_ttti(dnorm)\n      | ^~~~~~~~~~~~~~~\n/home/spi085/R/x86_64-pc-linux-gnu-library/4.4/TMB/include/dnorm.hpp:23:17: note:   template argument deduction/substitution failed:\n   23 | VECTORIZE4_ttti(dnorm)\n      |                 ^~~~~\n/home/spi085/R/x86_64-pc-linux-gnu-library/4.4/TMB/include/Vectorize.hpp:38:14: note: in definition of macro \u2018GVECTORIZE\u2019\n   38 | vector<Type> FUN( declare##Type1(arg1) comma##Type2                     \\\n      |              ^~~\n/home/spi085/R/x86_64-pc-linux-gnu-library/4.4/TMB/include/dnorm.hpp:23:1: note: in expansion of macro \u2018VECTORIZE4_ttti\u2019\n   23 | VECTORIZE4_ttti(dnorm)\n      | ^~~~~~~~~~~~~~~\nPOPULATIONS/POPULATION_0006/INDIVIDUAL_7EFRNIYS/model.cpp:135:17: note:   \u2018CppAD::AD<CppAD::AD<double> >\u2019 is not derived from \u2018const tmbutils::vector<Type>\u2019\n  135 |     nll -= dnorm(log(cots_obs), log(cots_model), 0.3, true);\n      |            ~~~~~^~~~~~~~~~~~~~~~~~~~~~~~~~~~~~~~~~~~~~~~~~~\n/home/spi085/R/x86_64-pc-linux-gnu-library/4.4/TMB/include/dnorm.hpp:23:17: note: candidate: \u2018template<class Type> tmbutils::vector<Type> dnorm(const tmbutils::vector<Type>&, const tmbutils::vector<Type>&, const tmbutils::vector<Type>&, int)\u2019\n   23 | VECTORIZE4_ttti(dnorm)\n      |                 ^~~~~\n/home/spi085/R/x86_64-pc-linux-gnu-library/4.4/TMB/include/Vectorize.hpp:38:14: note: in definition of macro \u2018GVECTORIZE\u2019\n   38 | vector<Type> FUN( declare##Type1(arg1) comma##Type2                     \\\n      |              ^~~\n/home/spi085/R/x86_64-pc-linux-gnu-library/4.4/TMB/include/dnorm.hpp:23:1: note: in expansion of macro \u2018VECTORIZE4_ttti\u2019\n   23 | VECTORIZE4_ttti(dnorm)\n      | ^~~~~~~~~~~~~~~\n/home/spi085/R/x86_64-pc-linux-gnu-library/4.4/TMB/include/dnorm.hpp:23:17: note:   template argument deduction/substitution failed:\n   23 | VECTORIZE4_ttti(dnorm)\n      |                 ^~~~~\n/home/spi085/R/x86_64-pc-linux-gnu-library/4.4/TMB/include/Vectorize.hpp:38:14: note: in definition of macro \u2018GVECTORIZE\u2019\n   38 | vector<Type> FUN( declare##Type1(arg1) comma##Type2                     \\\n      |              ^~~\n/home/spi085/R/x86_64-pc-linux-gnu-library/4.4/TMB/include/dnorm.hpp:23:1: note: in expansion of macro \u2018VECTORIZE4_ttti\u2019\n   23 | VECTORIZE4_ttti(dnorm)\n      | ^~~~~~~~~~~~~~~\nPOPULATIONS/POPULATION_0006/INDIVIDUAL_7EFRNIYS/model.cpp:135:17: note:   \u2018CppAD::AD<CppAD::AD<double> >\u2019 is not derived from \u2018const tmbutils::vector<Type>\u2019\n  135 |     nll -= dnorm(log(cots_obs), log(cots_model), 0.3, true);\n      |            ~~~~~^~~~~~~~~~~~~~~~~~~~~~~~~~~~~~~~~~~~~~~~~~~\nPOPULATIONS/POPULATION_0006/INDIVIDUAL_7EFRNIYS/model.cpp:139:17: error: no matching function for call to \u2018dnorm(CppAD::AD<CppAD::AD<double> >, CppAD::AD<CppAD::AD<double> >, double, bool)\u2019\n  139 |     nll -= dnorm(log(fast_obs), log(fast_model), 0.3, true);\n      |            ~~~~~^~~~~~~~~~~~~~~~~~~~~~~~~~~~~~~~~~~~~~~~~~~\n/home/spi085/R/x86_64-pc-linux-gnu-library/4.4/TMB/include/dnorm.hpp:17:6: note: candidate: \u2018template<class Type> Type dnorm(Type, Type, Type, int)\u2019\n   17 | Type dnorm(Type x, Type mean, Type sd, int give_log=0)\n      |      ^~~~~\n/home/spi085/R/x86_64-pc-linux-gnu-library/4.4/TMB/include/dnorm.hpp:17:6: note:   template argument deduction/substitution failed:\nPOPULATIONS/POPULATION_0006/INDIVIDUAL_7EFRNIYS/model.cpp:139:17: note:   deduced conflicting types for parameter \u2018Type\u2019 (\u2018CppAD::AD<CppAD::AD<double> >\u2019 and \u2018double\u2019)\n  139 |     nll -= dnorm(log(fast_obs), log(fast_model), 0.3, true);\n      |            ~~~~~^~~~~~~~~~~~~~~~~~~~~~~~~~~~~~~~~~~~~~~~~~~\n/home/spi085/R/x86_64-pc-linux-gnu-library/4.4/TMB/include/dnorm.hpp:23:17: note: candidate: \u2018template<class Type> tmbutils::vector<Type> dnorm(const tmbutils::vector<Type>&, Type, Type, int)\u2019\n   23 | VECTORIZE4_ttti(dnorm)\n      |                 ^~~~~\n/home/spi085/R/x86_64-pc-linux-gnu-library/4.4/TMB/include/Vectorize.hpp:38:14: note: in definition of macro \u2018GVECTORIZE\u2019\n   38 | vector<Type> FUN( declare##Type1(arg1) comma##Type2                     \\\n      |              ^~~\n/home/spi085/R/x86_64-pc-linux-gnu-library/4.4/TMB/include/dnorm.hpp:23:1: note: in expansion of macro \u2018VECTORIZE4_ttti\u2019\n   23 | VECTORIZE4_ttti(dnorm)\n      | ^~~~~~~~~~~~~~~\n/home/spi085/R/x86_64-pc-linux-gnu-library/4.4/TMB/include/dnorm.hpp:23:17: note:   template argument deduction/substitution failed:\n   23 | VECTORIZE4_ttti(dnorm)\n      |                 ^~~~~\n/home/spi085/R/x86_64-pc-linux-gnu-library/4.4/TMB/include/Vectorize.hpp:38:14: note: in definition of macro \u2018GVECTORIZE\u2019\n   38 | vector<Type> FUN( declare##Type1(arg1) comma##Type2                     \\\n      |              ^~~\n/home/spi085/R/x86_64-pc-linux-gnu-library/4.4/TMB/include/dnorm.hpp:23:1: note: in expansion of macro \u2018VECTORIZE4_ttti\u2019\n   23 | VECTORIZE4_ttti(dnorm)\n      | ^~~~~~~~~~~~~~~\nPOPULATIONS/POPULATION_0006/INDIVIDUAL_7EFRNIYS/model.cpp:139:17: note:   \u2018CppAD::AD<CppAD::AD<double> >\u2019 is not derived from \u2018const tmbutils::vector<Type>\u2019\n  139 |     nll -= dnorm(log(fast_obs), log(fast_model), 0.3, true);\n      |            ~~~~~^~~~~~~~~~~~~~~~~~~~~~~~~~~~~~~~~~~~~~~~~~~\n/home/spi085/R/x86_64-pc-linux-gnu-library/4.4/TMB/include/dnorm.hpp:23:17: note: candidate: \u2018template<class Type> tmbutils::vector<Type> dnorm(Type, const tmbutils::vector<Type>&, Type, int)\u2019\n   23 | VECTORIZE4_ttti(dnorm)\n      |                 ^~~~~\n/home/spi085/R/x86_64-pc-linux-gnu-library/4.4/TMB/include/Vectorize.hpp:38:14: note: in definition of macro \u2018GVECTORIZE\u2019\n   38 | vector<Type> FUN( declare##Type1(arg1) comma##Type2                     \\\n      |              ^~~\n/home/spi085/R/x86_64-pc-linux-gnu-library/4.4/TMB/include/dnorm.hpp:23:1: note: in expansion of macro \u2018VECTORIZE4_ttti\u2019\n   23 | VECTORIZE4_ttti(dnorm)\n      | ^~~~~~~~~~~~~~~\n/home/spi085/R/x86_64-pc-linux-gnu-library/4.4/TMB/include/dnorm.hpp:23:17: note:   template argument deduction/substitution failed:\n   23 | VECTORIZE4_ttti(dnorm)\n      |                 ^~~~~\n/home/spi085/R/x86_64-pc-linux-gnu-library/4.4/TMB/include/Vectorize.hpp:38:14: note: in definition of macro \u2018GVECTORIZE\u2019\n   38 | vector<Type> FUN( declare##Type1(arg1) comma##Type2                     \\\n      |              ^~~\n/home/spi085/R/x86_64-pc-linux-gnu-library/4.4/TMB/include/dnorm.hpp:23:1: note: in expansion of macro \u2018VECTORIZE4_ttti\u2019\n   23 | VECTORIZE4_ttti(dnorm)\n      | ^~~~~~~~~~~~~~~\nPOPULATIONS/POPULATION_0006/INDIVIDUAL_7EFRNIYS/model.cpp:139:17: note:   \u2018CppAD::AD<CppAD::AD<double> >\u2019 is not derived from \u2018const tmbutils::vector<Type>\u2019\n  139 |     nll -= dnorm(log(fast_obs), log(fast_model), 0.3, true);\n      |            ~~~~~^~~~~~~~~~~~~~~~~~~~~~~~~~~~~~~~~~~~~~~~~~~\n/home/spi085/R/x86_64-pc-linux-gnu-library/4.4/TMB/include/dnorm.hpp:23:17: note: candidate: \u2018template<class Type> tmbutils::vector<Type> dnorm(Type, Type, const tmbutils::vector<Type>&, int)\u2019\n   23 | VECTORIZE4_ttti(dnorm)\n      |                 ^~~~~\n/home/spi085/R/x86_64-pc-linux-gnu-library/4.4/TMB/include/Vectorize.hpp:38:14: note: in definition of macro \u2018GVECTORIZE\u2019\n   38 | vector<Type> FUN( declare##Type1(arg1) comma##Type2                     \\\n      |              ^~~\n/home/spi085/R/x86_64-pc-linux-gnu-library/4.4/TMB/include/dnorm.hpp:23:1: note: in expansion of macro \u2018VECTORIZE4_ttti\u2019\n   23 | VECTORIZE4_ttti(dnorm)\n      | ^~~~~~~~~~~~~~~\n/home/spi085/R/x86_64-pc-linux-gnu-library/4.4/TMB/include/dnorm.hpp:23:17: note:   template argument deduction/substitution failed:\n   23 | VECTORIZE4_ttti(dnorm)\n      |                 ^~~~~\n/home/spi085/R/x86_64-pc-linux-gnu-library/4.4/TMB/include/Vectorize.hpp:38:14: note: in definition of macro \u2018GVECTORIZE\u2019\n   38 | vector<Type> FUN( declare##Type1(arg1) comma##Type2                     \\\n      |              ^~~\n/home/spi085/R/x86_64-pc-linux-gnu-library/4.4/TMB/include/dnorm.hpp:23:1: note: in expansion of macro \u2018VECTORIZE4_ttti\u2019\n   23 | VECTORIZE4_ttti(dnorm)\n      | ^~~~~~~~~~~~~~~\nPOPULATIONS/POPULATION_0006/INDIVIDUAL_7EFRNIYS/model.cpp:139:17: note:   mismatched types \u2018const tmbutils::vector<Type>\u2019 and \u2018double\u2019\n  139 |     nll -= dnorm(log(fast_obs), log(fast_model), 0.3, true);\n      |            ~~~~~^~~~~~~~~~~~~~~~~~~~~~~~~~~~~~~~~~~~~~~~~~~\n/home/spi085/R/x86_64-pc-linux-gnu-library/4.4/TMB/include/dnorm.hpp:23:17: note: candidate: \u2018template<class Type> tmbutils::vector<Type> dnorm(const tmbutils::vector<Type>&, const tmbutils::vector<Type>&, Type, int)\u2019\n   23 | VECTORIZE4_ttti(dnorm)\n      |                 ^~~~~\n/home/spi085/R/x86_64-pc-linux-gnu-library/4.4/TMB/include/Vectorize.hpp:38:14: note: in definition of macro \u2018GVECTORIZE\u2019\n   38 | vector<Type> FUN( declare##Type1(arg1) comma##Type2                     \\\n      |              ^~~\n/home/spi085/R/x86_64-pc-linux-gnu-library/4.4/TMB/include/dnorm.hpp:23:1: note: in expansion of macro \u2018VECTORIZE4_ttti\u2019\n   23 | VECTORIZE4_ttti(dnorm)\n      | ^~~~~~~~~~~~~~~\n/home/spi085/R/x86_64-pc-linux-gnu-library/4.4/TMB/include/dnorm.hpp:23:17: note:   template argument deduction/substitution failed:\n   23 | VECTORIZE4_ttti(dnorm)\n      |                 ^~~~~\n/home/spi085/R/x86_64-pc-linux-gnu-library/4.4/TMB/include/Vectorize.hpp:38:14: note: in definition of macro \u2018GVECTORIZE\u2019\n   38 | vector<Type> FUN( declare##Type1(arg1) comma##Type2                     \\\n      |              ^~~\n/home/spi085/R/x86_64-pc-linux-gnu-library/4.4/TMB/include/dnorm.hpp:23:1: note: in expansion of macro \u2018VECTORIZE4_ttti\u2019\n   23 | VECTORIZE4_ttti(dnorm)\n      | ^~~~~~~~~~~~~~~\nPOPULATIONS/POPULATION_0006/INDIVIDUAL_7EFRNIYS/model.cpp:139:17: note:   \u2018CppAD::AD<CppAD::AD<double> >\u2019 is not derived from \u2018const tmbutils::vector<Type>\u2019\n  139 |     nll -= dnorm(log(fast_obs), log(fast_model), 0.3, true);\n      |            ~~~~~^~~~~~~~~~~~~~~~~~~~~~~~~~~~~~~~~~~~~~~~~~~\n/home/spi085/R/x86_64-pc-linux-gnu-library/4.4/TMB/include/dnorm.hpp:23:17: note: candidate: \u2018template<class Type> tmbutils::vector<Type> dnorm(Type, const tmbutils::vector<Type>&, const tmbutils::vector<Type>&, int)\u2019\n   23 | VECTORIZE4_ttti(dnorm)\n      |                 ^~~~~\n/home/spi085/R/x86_64-pc-linux-gnu-library/4.4/TMB/include/Vectorize.hpp:38:14: note: in definition of macro \u2018GVECTORIZE\u2019\n   38 | vector<Type> FUN( declare##Type1(arg1) comma##Type2                     \\\n      |              ^~~\n/home/spi085/R/x86_64-pc-linux-gnu-library/4.4/TMB/include/dnorm.hpp:23:1: note: in expansion of macro \u2018VECTORIZE4_ttti\u2019\n   23 | VECTORIZE4_ttti(dnorm)\n      | ^~~~~~~~~~~~~~~\n/home/spi085/R/x86_64-pc-linux-gnu-library/4.4/TMB/include/dnorm.hpp:23:17: note:   template argument deduction/substitution failed:\n   23 | VECTORIZE4_ttti(dnorm)\n      |                 ^~~~~\n/home/spi085/R/x86_64-pc-linux-gnu-library/4.4/TMB/include/Vectorize.hpp:38:14: note: in definition of macro \u2018GVECTORIZE\u2019\n   38 | vector<Type> FUN( declare##Type1(arg1) comma##Type2                     \\\n      |              ^~~\n/home/spi085/R/x86_64-pc-linux-gnu-library/4.4/TMB/include/dnorm.hpp:23:1: note: in expansion of macro \u2018VECTORIZE4_ttti\u2019\n   23 | VECTORIZE4_ttti(dnorm)\n      | ^~~~~~~~~~~~~~~\nPOPULATIONS/POPULATION_0006/INDIVIDUAL_7EFRNIYS/model.cpp:139:17: note:   \u2018CppAD::AD<CppAD::AD<double> >\u2019 is not derived from \u2018const tmbutils::vector<Type>\u2019\n  139 |     nll -= dnorm(log(fast_obs), log(fast_model), 0.3, true);\n      |            ~~~~~^~~~~~~~~~~~~~~~~~~~~~~~~~~~~~~~~~~~~~~~~~~\n/home/spi085/R/x86_64-pc-linux-gnu-library/4.4/TMB/include/dnorm.hpp:23:17: note: candidate: \u2018template<class Type> tmbutils::vector<Type> dnorm(const tmbutils::vector<Type>&, Type, const tmbutils::vector<Type>&, int)\u2019\n   23 | VECTORIZE4_ttti(dnorm)\n      |                 ^~~~~\n/home/spi085/R/x86_64-pc-linux-gnu-library/4.4/TMB/include/Vectorize.hpp:38:14: note: in definition of macro \u2018GVECTORIZE\u2019\n   38 | vector<Type> FUN( declare##Type1(arg1) comma##Type2                     \\\n      |              ^~~\n/home/spi085/R/x86_64-pc-linux-gnu-library/4.4/TMB/include/dnorm.hpp:23:1: note: in expansion of macro \u2018VECTORIZE4_ttti\u2019\n   23 | VECTORIZE4_ttti(dnorm)\n      | ^~~~~~~~~~~~~~~\n/home/spi085/R/x86_64-pc-linux-gnu-library/4.4/TMB/include/dnorm.hpp:23:17: note:   template argument deduction/substitution failed:\n   23 | VECTORIZE4_ttti(dnorm)\n      |                 ^~~~~\n/home/spi085/R/x86_64-pc-linux-gnu-library/4.4/TMB/include/Vectorize.hpp:38:14: note: in definition of macro \u2018GVECTORIZE\u2019\n   38 | vector<Type> FUN( declare##Type1(arg1) comma##Type2                     \\\n      |              ^~~\n/home/spi085/R/x86_64-pc-linux-gnu-library/4.4/TMB/include/dnorm.hpp:23:1: note: in expansion of macro \u2018VECTORIZE4_ttti\u2019\n   23 | VECTORIZE4_ttti(dnorm)\n      | ^~~~~~~~~~~~~~~\nPOPULATIONS/POPULATION_0006/INDIVIDUAL_7EFRNIYS/model.cpp:139:17: note:   \u2018CppAD::AD<CppAD::AD<double> >\u2019 is not derived from \u2018const tmbutils::vector<Type>\u2019\n  139 |     nll -= dnorm(log(fast_obs), log(fast_model), 0.3, true);\n      |            ~~~~~^~~~~~~~~~~~~~~~~~~~~~~~~~~~~~~~~~~~~~~~~~~\n/home/spi085/R/x86_64-pc-linux-gnu-library/4.4/TMB/include/dnorm.hpp:23:17: note: candidate: \u2018template<class Type> tmbutils::vector<Type> dnorm(const tmbutils::vector<Type>&, const tmbutils::vector<Type>&, const tmbutils::vector<Type>&, int)\u2019\n   23 | VECTORIZE4_ttti(dnorm)\n      |                 ^~~~~\n/home/spi085/R/x86_64-pc-linux-gnu-library/4.4/TMB/include/Vectorize.hpp:38:14: note: in definition of macro \u2018GVECTORIZE\u2019\n   38 | vector<Type> FUN( declare##Type1(arg1) comma##Type2                     \\\n      |              ^~~\n/home/spi085/R/x86_64-pc-linux-gnu-library/4.4/TMB/include/dnorm.hpp:23:1: note: in expansion of macro \u2018VECTORIZE4_ttti\u2019\n   23 | VECTORIZE4_ttti(dnorm)\n      | ^~~~~~~~~~~~~~~\n/home/spi085/R/x86_64-pc-linux-gnu-library/4.4/TMB/include/dnorm.hpp:23:17: note:   template argument deduction/substitution failed:\n   23 | VECTORIZE4_ttti(dnorm)\n      |                 ^~~~~\n/home/spi085/R/x86_64-pc-linux-gnu-library/4.4/TMB/include/Vectorize.hpp:38:14: note: in definition of macro \u2018GVECTORIZE\u2019\n   38 | vector<Type> FUN( declare##Type1(arg1) comma##Type2                     \\\n      |              ^~~\n/home/spi085/R/x86_64-pc-linux-gnu-library/4.4/TMB/include/dnorm.hpp:23:1: note: in expansion of macro \u2018VECTORIZE4_ttti\u2019\n   23 | VECTORIZE4_ttti(dnorm)\n      | ^~~~~~~~~~~~~~~\nPOPULATIONS/POPULATION_0006/INDIVIDUAL_7EFRNIYS/model.cpp:139:17: note:   \u2018CppAD::AD<CppAD::AD<double> >\u2019 is not derived from \u2018const tmbutils::vector<Type>\u2019\n  139 |     nll -= dnorm(log(fast_obs), log(fast_model), 0.3, true);\n      |            ~~~~~^~~~~~~~~~~~~~~~~~~~~~~~~~~~~~~~~~~~~~~~~~~\nPOPULATIONS/POPULATION_0006/INDIVIDUAL_7EFRNIYS/model.cpp:143:17: error: no matching function for call to \u2018dnorm(CppAD::AD<CppAD::AD<double> >, CppAD::AD<CppAD::AD<double> >, double, bool)\u2019\n  143 |     nll -= dnorm(log(slow_obs), log(slow_model), 0.3, true);\n      |            ~~~~~^~~~~~~~~~~~~~~~~~~~~~~~~~~~~~~~~~~~~~~~~~~\n/home/spi085/R/x86_64-pc-linux-gnu-library/4.4/TMB/include/dnorm.hpp:17:6: note: candidate: \u2018template<class Type> Type dnorm(Type, Type, Type, int)\u2019\n   17 | Type dnorm(Type x, Type mean, Type sd, int give_log=0)\n      |      ^~~~~\n/home/spi085/R/x86_64-pc-linux-gnu-library/4.4/TMB/include/dnorm.hpp:17:6: note:   template argument deduction/substitution failed:\nPOPULATIONS/POPULATION_0006/INDIVIDUAL_7EFRNIYS/model.cpp:143:17: note:   deduced conflicting types for parameter \u2018Type\u2019 (\u2018CppAD::AD<CppAD::AD<double> >\u2019 and \u2018double\u2019)\n  143 |     nll -= dnorm(log(slow_obs), log(slow_model), 0.3, true);\n      |            ~~~~~^~~~~~~~~~~~~~~~~~~~~~~~~~~~~~~~~~~~~~~~~~~\n/home/spi085/R/x86_64-pc-linux-gnu-library/4.4/TMB/include/dnorm.hpp:23:17: note: candidate: \u2018template<class Type> tmbutils::vector<Type> dnorm(const tmbutils::vector<Type>&, Type, Type, int)\u2019\n   23 | VECTORIZE4_ttti(dnorm)\n      |                 ^~~~~\n/home/spi085/R/x86_64-pc-linux-gnu-library/4.4/TMB/include/Vectorize.hpp:38:14: note: in definition of macro \u2018GVECTORIZE\u2019\n   38 | vector<Type> FUN( declare##Type1(arg1) comma##Type2                     \\\n      |              ^~~\n/home/spi085/R/x86_64-pc-linux-gnu-library/4.4/TMB/include/dnorm.hpp:23:1: note: in expansion of macro \u2018VECTORIZE4_ttti\u2019\n   23 | VECTORIZE4_ttti(dnorm)\n      | ^~~~~~~~~~~~~~~\n/home/spi085/R/x86_64-pc-linux-gnu-library/4.4/TMB/include/dnorm.hpp:23:17: note:   template argument deduction/substitution failed:\n   23 | VECTORIZE4_ttti(dnorm)\n      |                 ^~~~~\n/home/spi085/R/x86_64-pc-linux-gnu-library/4.4/TMB/include/Vectorize.hpp:38:14: note: in definition of macro \u2018GVECTORIZE\u2019\n   38 | vector<Type> FUN( declare##Type1(arg1) comma##Type2                     \\\n      |              ^~~\n/home/spi085/R/x86_64-pc-linux-gnu-library/4.4/TMB/include/dnorm.hpp:23:1: note: in expansion of macro \u2018VECTORIZE4_ttti\u2019\n   23 | VECTORIZE4_ttti(dnorm)\n      | ^~~~~~~~~~~~~~~\nPOPULATIONS/POPULATION_0006/INDIVIDUAL_7EFRNIYS/model.cpp:143:17: note:   \u2018CppAD::AD<CppAD::AD<double> >\u2019 is not derived from \u2018const tmbutils::vector<Type>\u2019\n  143 |     nll -= dnorm(log(slow_obs), log(slow_model), 0.3, true);\n      |            ~~~~~^~~~~~~~~~~~~~~~~~~~~~~~~~~~~~~~~~~~~~~~~~~\n/home/spi085/R/x86_64-pc-linux-gnu-library/4.4/TMB/include/dnorm.hpp:23:17: note: candidate: \u2018template<class Type> tmbutils::vector<Type> dnorm(Type, const tmbutils::vector<Type>&, Type, int)\u2019\n   23 | VECTORIZE4_ttti(dnorm)\n      |                 ^~~~~\n/home/spi085/R/x86_64-pc-linux-gnu-library/4.4/TMB/include/Vectorize.hpp:38:14: note: in definition of macro \u2018GVECTORIZE\u2019\n   38 | vector<Type> FUN( declare##Type1(arg1) comma##Type2                     \\\n      |              ^~~\n/home/spi085/R/x86_64-pc-linux-gnu-library/4.4/TMB/include/dnorm.hpp:23:1: note: in expansion of macro \u2018VECTORIZE4_ttti\u2019\n   23 | VECTORIZE4_ttti(dnorm)\n      | ^~~~~~~~~~~~~~~\n/home/spi085/R/x86_64-pc-linux-gnu-library/4.4/TMB/include/dnorm.hpp:23:17: note:   template argument deduction/substitution failed:\n   23 | VECTORIZE4_ttti(dnorm)\n      |                 ^~~~~\n/home/spi085/R/x86_64-pc-linux-gnu-library/4.4/TMB/include/Vectorize.hpp:38:14: note: in definition of macro \u2018GVECTORIZE\u2019\n   38 | vector<Type> FUN( declare##Type1(arg1) comma##Type2                     \\\n      |              ^~~\n/home/spi085/R/x86_64-pc-linux-gnu-library/4.4/TMB/include/dnorm.hpp:23:1: note: in expansion of macro \u2018VECTORIZE4_ttti\u2019\n   23 | VECTORIZE4_ttti(dnorm)\n      | ^~~~~~~~~~~~~~~\nPOPULATIONS/POPULATION_0006/INDIVIDUAL_7EFRNIYS/model.cpp:143:17: note:   \u2018CppAD::AD<CppAD::AD<double> >\u2019 is not derived from \u2018const tmbutils::vector<Type>\u2019\n  143 |     nll -= dnorm(log(slow_obs), log(slow_model), 0.3, true);\n      |            ~~~~~^~~~~~~~~~~~~~~~~~~~~~~~~~~~~~~~~~~~~~~~~~~\n/home/spi085/R/x86_64-pc-linux-gnu-library/4.4/TMB/include/dnorm.hpp:23:17: note: candidate: \u2018template<class Type> tmbutils::vector<Type> dnorm(Type, Type, const tmbutils::vector<Type>&, int)\u2019\n   23 | VECTORIZE4_ttti(dnorm)\n      |                 ^~~~~\n/home/spi085/R/x86_64-pc-linux-gnu-library/4.4/TMB/include/Vectorize.hpp:38:14: note: in definition of macro \u2018GVECTORIZE\u2019\n   38 | vector<Type> FUN( declare##Type1(arg1) comma##Type2                     \\\n      |              ^~~\n/home/spi085/R/x86_64-pc-linux-gnu-library/4.4/TMB/include/dnorm.hpp:23:1: note: in expansion of macro \u2018VECTORIZE4_ttti\u2019\n   23 | VECTORIZE4_ttti(dnorm)\n      | ^~~~~~~~~~~~~~~\n/home/spi085/R/x86_64-pc-linux-gnu-library/4.4/TMB/include/dnorm.hpp:23:17: note:   template argument deduction/substitution failed:\n   23 | VECTORIZE4_ttti(dnorm)\n      |                 ^~~~~\n/home/spi085/R/x86_64-pc-linux-gnu-library/4.4/TMB/include/Vectorize.hpp:38:14: note: in definition of macro \u2018GVECTORIZE\u2019\n   38 | vector<Type> FUN( declare##Type1(arg1) comma##Type2                     \\\n      |              ^~~\n/home/spi085/R/x86_64-pc-linux-gnu-library/4.4/TMB/include/dnorm.hpp:23:1: note: in expansion of macro \u2018VECTORIZE4_ttti\u2019\n   23 | VECTORIZE4_ttti(dnorm)\n      | ^~~~~~~~~~~~~~~\nPOPULATIONS/POPULATION_0006/INDIVIDUAL_7EFRNIYS/model.cpp:143:17: note:   mismatched types \u2018const tmbutils::vector<Type>\u2019 and \u2018double\u2019\n  143 |     nll -= dnorm(log(slow_obs), log(slow_model), 0.3, true);\n      |            ~~~~~^~~~~~~~~~~~~~~~~~~~~~~~~~~~~~~~~~~~~~~~~~~\n/home/spi085/R/x86_64-pc-linux-gnu-library/4.4/TMB/include/dnorm.hpp:23:17: note: candidate: \u2018template<class Type> tmbutils::vector<Type> dnorm(const tmbutils::vector<Type>&, const tmbutils::vector<Type>&, Type, int)\u2019\n   23 | VECTORIZE4_ttti(dnorm)\n      |                 ^~~~~\n/home/spi085/R/x86_64-pc-linux-gnu-library/4.4/TMB/include/Vectorize.hpp:38:14: note: in definition of macro \u2018GVECTORIZE\u2019\n   38 | vector<Type> FUN( declare##Type1(arg1) comma##Type2                     \\\n      |              ^~~\n/home/spi085/R/x86_64-pc-linux-gnu-library/4.4/TMB/include/dnorm.hpp:23:1: note: in expansion of macro \u2018VECTORIZE4_ttti\u2019\n   23 | VECTORIZE4_ttti(dnorm)\n      | ^~~~~~~~~~~~~~~\n/home/spi085/R/x86_64-pc-linux-gnu-library/4.4/TMB/include/dnorm.hpp:23:17: note:   template argument deduction/substitution failed:\n   23 | VECTORIZE4_ttti(dnorm)\n      |                 ^~~~~\n/home/spi085/R/x86_64-pc-linux-gnu-library/4.4/TMB/include/Vectorize.hpp:38:14: note: in definition of macro \u2018GVECTORIZE\u2019\n   38 | vector<Type> FUN( declare##Type1(arg1) comma##Type2                     \\\n      |              ^~~\n/home/spi085/R/x86_64-pc-linux-gnu-library/4.4/TMB/include/dnorm.hpp:23:1: note: in expansion of macro \u2018VECTORIZE4_ttti\u2019\n   23 | VECTORIZE4_ttti(dnorm)\n      | ^~~~~~~~~~~~~~~\nPOPULATIONS/POPULATION_0006/INDIVIDUAL_7EFRNIYS/model.cpp:143:17: note:   \u2018CppAD::AD<CppAD::AD<double> >\u2019 is not derived from \u2018const tmbutils::vector<Type>\u2019\n  143 |     nll -= dnorm(log(slow_obs), log(slow_model), 0.3, true);\n      |            ~~~~~^~~~~~~~~~~~~~~~~~~~~~~~~~~~~~~~~~~~~~~~~~~\n/home/spi085/R/x86_64-pc-linux-gnu-library/4.4/TMB/include/dnorm.hpp:23:17: note: candidate: \u2018template<class Type> tmbutils::vector<Type> dnorm(Type, const tmbutils::vector<Type>&, const tmbutils::vector<Type>&, int)\u2019\n   23 | VECTORIZE4_ttti(dnorm)\n      |                 ^~~~~\n/home/spi085/R/x86_64-pc-linux-gnu-library/4.4/TMB/include/Vectorize.hpp:38:14: note: in definition of macro \u2018GVECTORIZE\u2019\n   38 | vector<Type> FUN( declare##Type1(arg1) comma##Type2                     \\\n      |              ^~~\n/home/spi085/R/x86_64-pc-linux-gnu-library/4.4/TMB/include/dnorm.hpp:23:1: note: in expansion of macro \u2018VECTORIZE4_ttti\u2019\n   23 | VECTORIZE4_ttti(dnorm)\n      | ^~~~~~~~~~~~~~~\n/home/spi085/R/x86_64-pc-linux-gnu-library/4.4/TMB/include/dnorm.hpp:23:17: note:   template argument deduction/substitution failed:\n   23 | VECTORIZE4_ttti(dnorm)\n      |                 ^~~~~\n/home/spi085/R/x86_64-pc-linux-gnu-library/4.4/TMB/include/Vectorize.hpp:38:14: note: in definition of macro \u2018GVECTORIZE\u2019\n   38 | vector<Type> FUN( declare##Type1(arg1) comma##Type2                     \\\n      |              ^~~\n/home/spi085/R/x86_64-pc-linux-gnu-library/4.4/TMB/include/dnorm.hpp:23:1: note: in expansion of macro \u2018VECTORIZE4_ttti\u2019\n   23 | VECTORIZE4_ttti(dnorm)\n      | ^~~~~~~~~~~~~~~\nPOPULATIONS/POPULATION_0006/INDIVIDUAL_7EFRNIYS/model.cpp:143:17: note:   \u2018CppAD::AD<CppAD::AD<double> >\u2019 is not derived from \u2018const tmbutils::vector<Type>\u2019\n  143 |     nll -= dnorm(log(slow_obs), log(slow_model), 0.3, true);\n      |            ~~~~~^~~~~~~~~~~~~~~~~~~~~~~~~~~~~~~~~~~~~~~~~~~\n/home/spi085/R/x86_64-pc-linux-gnu-library/4.4/TMB/include/dnorm.hpp:23:17: note: candidate: \u2018template<class Type> tmbutils::vector<Type> dnorm(const tmbutils::vector<Type>&, Type, const tmbutils::vector<Type>&, int)\u2019\n   23 | VECTORIZE4_ttti(dnorm)\n      |                 ^~~~~\n/home/spi085/R/x86_64-pc-linux-gnu-library/4.4/TMB/include/Vectorize.hpp:38:14: note: in definition of macro \u2018GVECTORIZE\u2019\n   38 | vector<Type> FUN( declare##Type1(arg1) comma##Type2                     \\\n      |              ^~~\n/home/spi085/R/x86_64-pc-linux-gnu-library/4.4/TMB/include/dnorm.hpp:23:1: note: in expansion of macro \u2018VECTORIZE4_ttti\u2019\n   23 | VECTORIZE4_ttti(dnorm)\n      | ^~~~~~~~~~~~~~~\n/home/spi085/R/x86_64-pc-linux-gnu-library/4.4/TMB/include/dnorm.hpp:23:17: note:   template argument deduction/substitution failed:\n   23 | VECTORIZE4_ttti(dnorm)\n      |                 ^~~~~\n/home/spi085/R/x86_64-pc-linux-gnu-library/4.4/TMB/include/Vectorize.hpp:38:14: note: in definition of macro \u2018GVECTORIZE\u2019\n   38 | vector<Type> FUN( declare##Type1(arg1) comma##Type2                     \\\n      |              ^~~\n/home/spi085/R/x86_64-pc-linux-gnu-library/4.4/TMB/include/dnorm.hpp:23:1: note: in expansion of macro \u2018VECTORIZE4_ttti\u2019\n   23 | VECTORIZE4_ttti(dnorm)\n      | ^~~~~~~~~~~~~~~\nPOPULATIONS/POPULATION_0006/INDIVIDUAL_7EFRNIYS/model.cpp:143:17: note:   \u2018CppAD::AD<CppAD::AD<double> >\u2019 is not derived from \u2018const tmbutils::vector<Type>\u2019\n  143 |     nll -= dnorm(log(slow_obs), log(slow_model), 0.3, true);\n      |            ~~~~~^~~~~~~~~~~~~~~~~~~~~~~~~~~~~~~~~~~~~~~~~~~\n/home/spi085/R/x86_64-pc-linux-gnu-library/4.4/TMB/include/dnorm.hpp:23:17: note: candidate: \u2018template<class Type> tmbutils::vector<Type> dnorm(const tmbutils::vector<Type>&, const tmbutils::vector<Type>&, const tmbutils::vector<Type>&, int)\u2019\n   23 | VECTORIZE4_ttti(dnorm)\n      |                 ^~~~~\n/home/spi085/R/x86_64-pc-linux-gnu-library/4.4/TMB/include/Vectorize.hpp:38:14: note: in definition of macro \u2018GVECTORIZE\u2019\n   38 | vector<Type> FUN( declare##Type1(arg1) comma##Type2                     \\\n      |              ^~~\n/home/spi085/R/x86_64-pc-linux-gnu-library/4.4/TMB/include/dnorm.hpp:23:1: note: in expansion of macro \u2018VECTORIZE4_ttti\u2019\n   23 | VECTORIZE4_ttti(dnorm)\n      | ^~~~~~~~~~~~~~~\n/home/spi085/R/x86_64-pc-linux-gnu-library/4.4/TMB/include/dnorm.hpp:23:17: note:   template argument deduction/substitution failed:\n   23 | VECTORIZE4_ttti(dnorm)\n      |                 ^~~~~\n/home/spi085/R/x86_64-pc-linux-gnu-library/4.4/TMB/include/Vectorize.hpp:38:14: note: in definition of macro \u2018GVECTORIZE\u2019\n   38 | vector<Type> FUN( declare##Type1(arg1) comma##Type2                     \\\n      |              ^~~\n/home/spi085/R/x86_64-pc-linux-gnu-library/4.4/TMB/include/dnorm.hpp:23:1: note: in expansion of macro \u2018VECTORIZE4_ttti\u2019\n   23 | VECTORIZE4_ttti(dnorm)\n      | ^~~~~~~~~~~~~~~\nPOPULATIONS/POPULATION_0006/INDIVIDUAL_7EFRNIYS/model.cpp:143:17: note:   \u2018CppAD::AD<CppAD::AD<double> >\u2019 is not derived from \u2018const tmbutils::vector<Type>\u2019\n  143 |     nll -= dnorm(log(slow_obs), log(slow_model), 0.3, true);\n      |            ~~~~~^~~~~~~~~~~~~~~~~~~~~~~~~~~~~~~~~~~~~~~~~~~\nPOPULATIONS/POPULATION_0006/INDIVIDUAL_7EFRNIYS/model.cpp: In instantiation of \u2018Type objective_function<Type>::operator()() [with Type = CppAD::AD<CppAD::AD<CppAD::AD<double> > >]\u2019:\n/home/spi085/R/x86_64-pc-linux-gnu-library/4.4/TMB/include/tmb_core.hpp:917:29:   required from \u2018Type objective_function<Type>::evalUserTemplate() [with Type = CppAD::AD<CppAD::AD<CppAD::AD<double> > >]\u2019\n/home/spi085/R/x86_64-pc-linux-gnu-library/4.4/TMB/include/tmb_core.hpp:2365:28:   required from here\nPOPULATIONS/POPULATION_0006/INDIVIDUAL_7EFRNIYS/model.cpp:135:17: error: no matching function for call to \u2018dnorm(CppAD::AD<CppAD::AD<CppAD::AD<double> > >, CppAD::AD<CppAD::AD<CppAD::AD<double> > >, double, bool)\u2019\n  135 |     nll -= dnorm(log(cots_obs), log(cots_model), 0.3, true);\n      |            ~~~~~^~~~~~~~~~~~~~~~~~~~~~~~~~~~~~~~~~~~~~~~~~~\n/home/spi085/R/x86_64-pc-linux-gnu-library/4.4/TMB/include/dnorm.hpp:17:6: note: candidate: \u2018template<class Type> Type dnorm(Type, Type, Type, int)\u2019\n   17 | Type dnorm(Type x, Type mean, Type sd, int give_log=0)\n      |      ^~~~~\n/home/spi085/R/x86_64-pc-linux-gnu-library/4.4/TMB/include/dnorm.hpp:17:6: note:   template argument deduction/substitution failed:\nPOPULATIONS/POPULATION_0006/INDIVIDUAL_7EFRNIYS/model.cpp:135:17: note:   deduced conflicting types for parameter \u2018Type\u2019 (\u2018CppAD::AD<CppAD::AD<CppAD::AD<double> > >\u2019 and \u2018double\u2019)\n  135 |     nll -= dnorm(log(cots_obs), log(cots_model), 0.3, true);\n      |            ~~~~~^~~~~~~~~~~~~~~~~~~~~~~~~~~~~~~~~~~~~~~~~~~\n/home/spi085/R/x86_64-pc-linux-gnu-library/4.4/TMB/include/dnorm.hpp:23:17: note: candidate: \u2018template<class Type> tmbutils::vector<Type> dnorm(const tmbutils::vector<Type>&, Type, Type, int)\u2019\n   23 | VECTORIZE4_ttti(dnorm)\n      |                 ^~~~~\n/home/spi085/R/x86_64-pc-linux-gnu-library/4.4/TMB/include/Vectorize.hpp:38:14: note: in definition of macro \u2018GVECTORIZE\u2019\n   38 | vector<Type> FUN( declare##Type1(arg1) comma##Type2                     \\\n      |              ^~~\n/home/spi085/R/x86_64-pc-linux-gnu-library/4.4/TMB/include/dnorm.hpp:23:1: note: in expansion of macro \u2018VECTORIZE4_ttti\u2019\n   23 | VECTORIZE4_ttti(dnorm)\n      | ^~~~~~~~~~~~~~~\n/home/spi085/R/x86_64-pc-linux-gnu-library/4.4/TMB/include/dnorm.hpp:23:17: note:   template argument deduction/substitution failed:\n   23 | VECTORIZE4_ttti(dnorm)\n      |                 ^~~~~\n/home/spi085/R/x86_64-pc-linux-gnu-library/4.4/TMB/include/Vectorize.hpp:38:14: note: in definition of macro \u2018GVECTORIZE\u2019\n   38 | vector<Type> FUN( declare##Type1(arg1) comma##Type2                     \\\n      |              ^~~\n/home/spi085/R/x86_64-pc-linux-gnu-library/4.4/TMB/include/dnorm.hpp:23:1: note: in expansion of macro \u2018VECTORIZE4_ttti\u2019\n   23 | VECTORIZE4_ttti(dnorm)\n      | ^~~~~~~~~~~~~~~\nPOPULATIONS/POPULATION_0006/INDIVIDUAL_7EFRNIYS/model.cpp:135:17: note:   \u2018CppAD::AD<CppAD::AD<CppAD::AD<double> > >\u2019 is not derived from \u2018const tmbutils::vector<Type>\u2019\n  135 |     nll -= dnorm(log(cots_obs), log(cots_model), 0.3, true);\n      |            ~~~~~^~~~~~~~~~~~~~~~~~~~~~~~~~~~~~~~~~~~~~~~~~~\n/home/spi085/R/x86_64-pc-linux-gnu-library/4.4/TMB/include/dnorm.hpp:23:17: note: candidate: \u2018template<class Type> tmbutils::vector<Type> dnorm(Type, const tmbutils::vector<Type>&, Type, int)\u2019\n   23 | VECTORIZE4_ttti(dnorm)\n      |                 ^~~~~\n/home/spi085/R/x86_64-pc-linux-gnu-library/4.4/TMB/include/Vectorize.hpp:38:14: note: in definition of macro \u2018GVECTORIZE\u2019\n   38 | vector<Type> FUN( declare##Type1(arg1) comma##Type2                     \\\n      |              ^~~\n/home/spi085/R/x86_64-pc-linux-gnu-library/4.4/TMB/include/dnorm.hpp:23:1: note: in expansion of macro \u2018VECTORIZE4_ttti\u2019\n   23 | VECTORIZE4_ttti(dnorm)\n      | ^~~~~~~~~~~~~~~\n/home/spi085/R/x86_64-pc-linux-gnu-library/4.4/TMB/include/dnorm.hpp:23:17: note:   template argument deduction/substitution failed:\n   23 | VECTORIZE4_ttti(dnorm)\n      |                 ^~~~~\n/home/spi085/R/x86_64-pc-linux-gnu-library/4.4/TMB/include/Vectorize.hpp:38:14: note: in definition of macro \u2018GVECTORIZE\u2019\n   38 | vector<Type> FUN( declare##Type1(arg1) comma##Type2                     \\\n      |              ^~~\n/home/spi085/R/x86_64-pc-linux-gnu-library/4.4/TMB/include/dnorm.hpp:23:1: note: in expansion of macro \u2018VECTORIZE4_ttti\u2019\n   23 | VECTORIZE4_ttti(dnorm)\n      | ^~~~~~~~~~~~~~~\nPOPULATIONS/POPULATION_0006/INDIVIDUAL_7EFRNIYS/model.cpp:135:17: note:   \u2018CppAD::AD<CppAD::AD<CppAD::AD<double> > >\u2019 is not derived from \u2018const tmbutils::vector<Type>\u2019\n  135 |     nll -= dnorm(log(cots_obs), log(cots_model), 0.3, true);\n      |            ~~~~~^~~~~~~~~~~~~~~~~~~~~~~~~~~~~~~~~~~~~~~~~~~\n/home/spi085/R/x86_64-pc-linux-gnu-library/4.4/TMB/include/dnorm.hpp:23:17: note: candidate: \u2018template<class Type> tmbutils::vector<Type> dnorm(Type, Type, const tmbutils::vector<Type>&, int)\u2019\n   23 | VECTORIZE4_ttti(dnorm)\n      |                 ^~~~~\n/home/spi085/R/x86_64-pc-linux-gnu-library/4.4/TMB/include/Vectorize.hpp:38:14: note: in definition of macro \u2018GVECTORIZE\u2019\n   38 | vector<Type> FUN( declare##Type1(arg1) comma##Type2                     \\\n      |              ^~~\n/home/spi085/R/x86_64-pc-linux-gnu-library/4.4/TMB/include/dnorm.hpp:23:1: note: in expansion of macro \u2018VECTORIZE4_ttti\u2019\n   23 | VECTORIZE4_ttti(dnorm)\n      | ^~~~~~~~~~~~~~~\n/home/spi085/R/x86_64-pc-linux-gnu-library/4.4/TMB/include/dnorm.hpp:23:17: note:   template argument deduction/substitution failed:\n   23 | VECTORIZE4_ttti(dnorm)\n      |                 ^~~~~\n/home/spi085/R/x86_64-pc-linux-gnu-library/4.4/TMB/include/Vectorize.hpp:38:14: note: in definition of macro \u2018GVECTORIZE\u2019\n   38 | vector<Type> FUN( declare##Type1(arg1) comma##Type2                     \\\n      |              ^~~\n/home/spi085/R/x86_64-pc-linux-gnu-library/4.4/TMB/include/dnorm.hpp:23:1: note: in expansion of macro \u2018VECTORIZE4_ttti\u2019\n   23 | VECTORIZE4_ttti(dnorm)\n      | ^~~~~~~~~~~~~~~\nPOPULATIONS/POPULATION_0006/INDIVIDUAL_7EFRNIYS/model.cpp:135:17: note:   mismatched types \u2018const tmbutils::vector<Type>\u2019 and \u2018double\u2019\n  135 |     nll -= dnorm(log(cots_obs), log(cots_model), 0.3, true);\n      |            ~~~~~^~~~~~~~~~~~~~~~~~~~~~~~~~~~~~~~~~~~~~~~~~~\n/home/spi085/R/x86_64-pc-linux-gnu-library/4.4/TMB/include/dnorm.hpp:23:17: note: candidate: \u2018template<class Type> tmbutils::vector<Type> dnorm(const tmbutils::vector<Type>&, const tmbutils::vector<Type>&, Type, int)\u2019\n   23 | VECTORIZE4_ttti(dnorm)\n      |                 ^~~~~\n/home/spi085/R/x86_64-pc-linux-gnu-library/4.4/TMB/include/Vectorize.hpp:38:14: note: in definition of macro \u2018GVECTORIZE\u2019\n   38 | vector<Type> FUN( declare##Type1(arg1) comma##Type2                     \\\n      |              ^~~\n/home/spi085/R/x86_64-pc-linux-gnu-library/4.4/TMB/include/dnorm.hpp:23:1: note: in expansion of macro \u2018VECTORIZE4_ttti\u2019\n   23 | VECTORIZE4_ttti(dnorm)\n      | ^~~~~~~~~~~~~~~\n/home/spi085/R/x86_64-pc-linux-gnu-library/4.4/TMB/include/dnorm.hpp:23:17: note:   template argument deduction/substitution failed:\n   23 | VECTORIZE4_ttti(dnorm)\n      |                 ^~~~~\n/home/spi085/R/x86_64-pc-linux-gnu-library/4.4/TMB/include/Vectorize.hpp:38:14: note: in definition of macro \u2018GVECTORIZE\u2019\n   38 | vector<Type> FUN( declare##Type1(arg1) comma##Type2                     \\\n      |              ^~~\n/home/spi085/R/x86_64-pc-linux-gnu-library/4.4/TMB/include/dnorm.hpp:23:1: note: in expansion of macro \u2018VECTORIZE4_ttti\u2019\n   23 | VECTORIZE4_ttti(dnorm)\n      | ^~~~~~~~~~~~~~~\nPOPULATIONS/POPULATION_0006/INDIVIDUAL_7EFRNIYS/model.cpp:135:17: note:   \u2018CppAD::AD<CppAD::AD<CppAD::AD<double> > >\u2019 is not derived from \u2018const tmbutils::vector<Type>\u2019\n  135 |     nll -= dnorm(log(cots_obs), log(cots_model), 0.3, true);\n      |            ~~~~~^~~~~~~~~~~~~~~~~~~~~~~~~~~~~~~~~~~~~~~~~~~\n/home/spi085/R/x86_64-pc-linux-gnu-library/4.4/TMB/include/dnorm.hpp:23:17: note: candidate: \u2018template<class Type> tmbutils::vector<Type> dnorm(Type, const tmbutils::vector<Type>&, const tmbutils::vector<Type>&, int)\u2019\n   23 | VECTORIZE4_ttti(dnorm)\n      |                 ^~~~~\n/home/spi085/R/x86_64-pc-linux-gnu-library/4.4/TMB/include/Vectorize.hpp:38:14: note: in definition of macro \u2018GVECTORIZE\u2019\n   38 | vector<Type> FUN( declare##Type1(arg1) comma##Type2                     \\\n      |              ^~~\n/home/spi085/R/x86_64-pc-linux-gnu-library/4.4/TMB/include/dnorm.hpp:23:1: note: in expansion of macro \u2018VECTORIZE4_ttti\u2019\n   23 | VECTORIZE4_ttti(dnorm)\n      | ^~~~~~~~~~~~~~~\n/home/spi085/R/x86_64-pc-linux-gnu-library/4.4/TMB/include/dnorm.hpp:23:17: note:   template argument deduction/substitution failed:\n   23 | VECTORIZE4_ttti(dnorm)\n      |                 ^~~~~\n/home/spi085/R/x86_64-pc-linux-gnu-library/4.4/TMB/include/Vectorize.hpp:38:14: note: in definition of macro \u2018GVECTORIZE\u2019\n   38 | vector<Type> FUN( declare##Type1(arg1) comma##Type2                     \\\n      |              ^~~\n/home/spi085/R/x86_64-pc-linux-gnu-library/4.4/TMB/include/dnorm.hpp:23:1: note: in expansion of macro \u2018VECTORIZE4_ttti\u2019\n   23 | VECTORIZE4_ttti(dnorm)\n      | ^~~~~~~~~~~~~~~\nPOPULATIONS/POPULATION_0006/INDIVIDUAL_7EFRNIYS/model.cpp:135:17: note:   \u2018CppAD::AD<CppAD::AD<CppAD::AD<double> > >\u2019 is not derived from \u2018const tmbutils::vector<Type>\u2019\n  135 |     nll -= dnorm(log(cots_obs), log(cots_model), 0.3, true);\n      |            ~~~~~^~~~~~~~~~~~~~~~~~~~~~~~~~~~~~~~~~~~~~~~~~~\n/home/spi085/R/x86_64-pc-linux-gnu-library/4.4/TMB/include/dnorm.hpp:23:17: note: candidate: \u2018template<class Type> tmbutils::vector<Type> dnorm(const tmbutils::vector<Type>&, Type, const tmbutils::vector<Type>&, int)\u2019\n   23 | VECTORIZE4_ttti(dnorm)\n      |                 ^~~~~\n/home/spi085/R/x86_64-pc-linux-gnu-library/4.4/TMB/include/Vectorize.hpp:38:14: note: in definition of macro \u2018GVECTORIZE\u2019\n   38 | vector<Type> FUN( declare##Type1(arg1) comma##Type2                     \\\n      |              ^~~\n/home/spi085/R/x86_64-pc-linux-gnu-library/4.4/TMB/include/dnorm.hpp:23:1: note: in expansion of macro \u2018VECTORIZE4_ttti\u2019\n   23 | VECTORIZE4_ttti(dnorm)\n      | ^~~~~~~~~~~~~~~\n/home/spi085/R/x86_64-pc-linux-gnu-library/4.4/TMB/include/dnorm.hpp:23:17: note:   template argument deduction/substitution failed:\n   23 | VECTORIZE4_ttti(dnorm)\n      |                 ^~~~~\n/home/spi085/R/x86_64-pc-linux-gnu-library/4.4/TMB/include/Vectorize.hpp:38:14: note: in definition of macro \u2018GVECTORIZE\u2019\n   38 | vector<Type> FUN( declare##Type1(arg1) comma##Type2                     \\\n      |              ^~~\n/home/spi085/R/x86_64-pc-linux-gnu-library/4.4/TMB/include/dnorm.hpp:23:1: note: in expansion of macro \u2018VECTORIZE4_ttti\u2019\n   23 | VECTORIZE4_ttti(dnorm)\n      | ^~~~~~~~~~~~~~~\nPOPULATIONS/POPULATION_0006/INDIVIDUAL_7EFRNIYS/model.cpp:135:17: note:   \u2018CppAD::AD<CppAD::AD<CppAD::AD<double> > >\u2019 is not derived from \u2018const tmbutils::vector<Type>\u2019\n  135 |     nll -= dnorm(log(cots_obs), log(cots_model), 0.3, true);\n      |            ~~~~~^~~~~~~~~~~~~~~~~~~~~~~~~~~~~~~~~~~~~~~~~~~\n/home/spi085/R/x86_64-pc-linux-gnu-library/4.4/TMB/include/dnorm.hpp:23:17: note: candidate: \u2018template<class Type> tmbutils::vector<Type> dnorm(const tmbutils::vector<Type>&, const tmbutils::vector<Type>&, const tmbutils::vector<Type>&, int)\u2019\n   23 | VECTORIZE4_ttti(dnorm)\n      |                 ^~~~~\n/home/spi085/R/x86_64-pc-linux-gnu-library/4.4/TMB/include/Vectorize.hpp:38:14: note: in definition of macro \u2018GVECTORIZE\u2019\n   38 | vector<Type> FUN( declare##Type1(arg1) comma##Type2                     \\\n      |              ^~~\n/home/spi085/R/x86_64-pc-linux-gnu-library/4.4/TMB/include/dnorm.hpp:23:1: note: in expansion of macro \u2018VECTORIZE4_ttti\u2019\n   23 | VECTORIZE4_ttti(dnorm)\n      | ^~~~~~~~~~~~~~~\n/home/spi085/R/x86_64-pc-linux-gnu-library/4.4/TMB/include/dnorm.hpp:23:17: note:   template argument deduction/substitution failed:\n   23 | VECTORIZE4_ttti(dnorm)\n      |                 ^~~~~\n/home/spi085/R/x86_64-pc-linux-gnu-library/4.4/TMB/include/Vectorize.hpp:38:14: note: in definition of macro \u2018GVECTORIZE\u2019\n   38 | vector<Type> FUN( declare##Type1(arg1) comma##Type2                     \\\n      |              ^~~\n/home/spi085/R/x86_64-pc-linux-gnu-library/4.4/TMB/include/dnorm.hpp:23:1: note: in expansion of macro \u2018VECTORIZE4_ttti\u2019\n   23 | VECTORIZE4_ttti(dnorm)\n      | ^~~~~~~~~~~~~~~\nPOPULATIONS/POPULATION_0006/INDIVIDUAL_7EFRNIYS/model.cpp:135:17: note:   \u2018CppAD::AD<CppAD::AD<CppAD::AD<double> > >\u2019 is not derived from \u2018const tmbutils::vector<Type>\u2019\n  135 |     nll -= dnorm(log(cots_obs), log(cots_model), 0.3, true);\n      |            ~~~~~^~~~~~~~~~~~~~~~~~~~~~~~~~~~~~~~~~~~~~~~~~~\nPOPULATIONS/POPULATION_0006/INDIVIDUAL_7EFRNIYS/model.cpp:139:17: error: no matching function for call to \u2018dnorm(CppAD::AD<CppAD::AD<CppAD::AD<double> > >, CppAD::AD<CppAD::AD<CppAD::AD<double> > >, double, bool)\u2019\n  139 |     nll -= dnorm(log(fast_obs), log(fast_model), 0.3, true);\n      |            ~~~~~^~~~~~~~~~~~~~~~~~~~~~~~~~~~~~~~~~~~~~~~~~~\n/home/spi085/R/x86_64-pc-linux-gnu-library/4.4/TMB/include/dnorm.hpp:17:6: note: candidate: \u2018template<class Type> Type dnorm(Type, Type, Type, int)\u2019\n   17 | Type dnorm(Type x, Type mean, Type sd, int give_log=0)\n      |      ^~~~~\n/home/spi085/R/x86_64-pc-linux-gnu-library/4.4/TMB/include/dnorm.hpp:17:6: note:   template argument deduction/substitution failed:\nPOPULATIONS/POPULATION_0006/INDIVIDUAL_7EFRNIYS/model.cpp:139:17: note:   deduced conflicting types for parameter \u2018Type\u2019 (\u2018CppAD::AD<CppAD::AD<CppAD::AD<double> > >\u2019 and \u2018double\u2019)\n  139 |     nll -= dnorm(log(fast_obs), log(fast_model), 0.3, true);\n      |            ~~~~~^~~~~~~~~~~~~~~~~~~~~~~~~~~~~~~~~~~~~~~~~~~\n/home/spi085/R/x86_64-pc-linux-gnu-library/4.4/TMB/include/dnorm.hpp:23:17: note: candidate: \u2018template<class Type> tmbutils::vector<Type> dnorm(const tmbutils::vector<Type>&, Type, Type, int)\u2019\n   23 | VECTORIZE4_ttti(dnorm)\n      |                 ^~~~~\n/home/spi085/R/x86_64-pc-linux-gnu-library/4.4/TMB/include/Vectorize.hpp:38:14: note: in definition of macro \u2018GVECTORIZE\u2019\n   38 | vector<Type> FUN( declare##Type1(arg1) comma##Type2                     \\\n      |              ^~~\n/home/spi085/R/x86_64-pc-linux-gnu-library/4.4/TMB/include/dnorm.hpp:23:1: note: in expansion of macro \u2018VECTORIZE4_ttti\u2019\n   23 | VECTORIZE4_ttti(dnorm)\n      | ^~~~~~~~~~~~~~~\n/home/spi085/R/x86_64-pc-linux-gnu-library/4.4/TMB/include/dnorm.hpp:23:17: note:   template argument deduction/substitution failed:\n   23 | VECTORIZE4_ttti(dnorm)\n      |                 ^~~~~\n/home/spi085/R/x86_64-pc-linux-gnu-library/4.4/TMB/include/Vectorize.hpp:38:14: note: in definition of macro \u2018GVECTORIZE\u2019\n   38 | vector<Type> FUN( declare##Type1(arg1) comma##Type2                     \\\n      |              ^~~\n/home/spi085/R/x86_64-pc-linux-gnu-library/4.4/TMB/include/dnorm.hpp:23:1: note: in expansion of macro \u2018VECTORIZE4_ttti\u2019\n   23 | VECTORIZE4_ttti(dnorm)\n      | ^~~~~~~~~~~~~~~\nPOPULATIONS/POPULATION_0006/INDIVIDUAL_7EFRNIYS/model.cpp:139:17: note:   \u2018CppAD::AD<CppAD::AD<CppAD::AD<double> > >\u2019 is not derived from \u2018const tmbutils::vector<Type>\u2019\n  139 |     nll -= dnorm(log(fast_obs), log(fast_model), 0.3, true);\n      |            ~~~~~^~~~~~~~~~~~~~~~~~~~~~~~~~~~~~~~~~~~~~~~~~~\n/home/spi085/R/x86_64-pc-linux-gnu-library/4.4/TMB/include/dnorm.hpp:23:17: note: candidate: \u2018template<class Type> tmbutils::vector<Type> dnorm(Type, const tmbutils::vector<Type>&, Type, int)\u2019\n   23 | VECTORIZE4_ttti(dnorm)\n      |                 ^~~~~\n/home/spi085/R/x86_64-pc-linux-gnu-library/4.4/TMB/include/Vectorize.hpp:38:14: note: in definition of macro \u2018GVECTORIZE\u2019\n   38 | vector<Type> FUN( declare##Type1(arg1) comma##Type2                     \\\n      |              ^~~\n/home/spi085/R/x86_64-pc-linux-gnu-library/4.4/TMB/include/dnorm.hpp:23:1: note: in expansion of macro \u2018VECTORIZE4_ttti\u2019\n   23 | VECTORIZE4_ttti(dnorm)\n      | ^~~~~~~~~~~~~~~\n/home/spi085/R/x86_64-pc-linux-gnu-library/4.4/TMB/include/dnorm.hpp:23:17: note:   template argument deduction/substitution failed:\n   23 | VECTORIZE4_ttti(dnorm)\n      |                 ^~~~~\n/home/spi085/R/x86_64-pc-linux-gnu-library/4.4/TMB/include/Vectorize.hpp:38:14: note: in definition of macro \u2018GVECTORIZE\u2019\n   38 | vector<Type> FUN( declare##Type1(arg1) comma##Type2                     \\\n      |              ^~~\n/home/spi085/R/x86_64-pc-linux-gnu-library/4.4/TMB/include/dnorm.hpp:23:1: note: in expansion of macro \u2018VECTORIZE4_ttti\u2019\n   23 | VECTORIZE4_ttti(dnorm)\n      | ^~~~~~~~~~~~~~~\nPOPULATIONS/POPULATION_0006/INDIVIDUAL_7EFRNIYS/model.cpp:139:17: note:   \u2018CppAD::AD<CppAD::AD<CppAD::AD<double> > >\u2019 is not derived from \u2018const tmbutils::vector<Type>\u2019\n  139 |     nll -= dnorm(log(fast_obs), log(fast_model), 0.3, true);\n      |            ~~~~~^~~~~~~~~~~~~~~~~~~~~~~~~~~~~~~~~~~~~~~~~~~\n/home/spi085/R/x86_64-pc-linux-gnu-library/4.4/TMB/include/dnorm.hpp:23:17: note: candidate: \u2018template<class Type> tmbutils::vector<Type> dnorm(Type, Type, const tmbutils::vector<Type>&, int)\u2019\n   23 | VECTORIZE4_ttti(dnorm)\n      |                 ^~~~~\n/home/spi085/R/x86_64-pc-linux-gnu-library/4.4/TMB/include/Vectorize.hpp:38:14: note: in definition of macro \u2018GVECTORIZE\u2019\n   38 | vector<Type> FUN( declare##Type1(arg1) comma##Type2                     \\\n      |              ^~~\n/home/spi085/R/x86_64-pc-linux-gnu-library/4.4/TMB/include/dnorm.hpp:23:1: note: in expansion of macro \u2018VECTORIZE4_ttti\u2019\n   23 | VECTORIZE4_ttti(dnorm)\n      | ^~~~~~~~~~~~~~~\n/home/spi085/R/x86_64-pc-linux-gnu-library/4.4/TMB/include/dnorm.hpp:23:17: note:   template argument deduction/substitution failed:\n   23 | VECTORIZE4_ttti(dnorm)\n      |                 ^~~~~\n/home/spi085/R/x86_64-pc-linux-gnu-library/4.4/TMB/include/Vectorize.hpp:38:14: note: in definition of macro \u2018GVECTORIZE\u2019\n   38 | vector<Type> FUN( declare##Type1(arg1) comma##Type2                     \\\n      |              ^~~\n/home/spi085/R/x86_64-pc-linux-gnu-library/4.4/TMB/include/dnorm.hpp:23:1: note: in expansion of macro \u2018VECTORIZE4_ttti\u2019\n   23 | VECTORIZE4_ttti(dnorm)\n      | ^~~~~~~~~~~~~~~\nPOPULATIONS/POPULATION_0006/INDIVIDUAL_7EFRNIYS/model.cpp:139:17: note:   mismatched types \u2018const tmbutils::vector<Type>\u2019 and \u2018double\u2019\n  139 |     nll -= dnorm(log(fast_obs), log(fast_model), 0.3, true);\n      |            ~~~~~^~~~~~~~~~~~~~~~~~~~~~~~~~~~~~~~~~~~~~~~~~~\n/home/spi085/R/x86_64-pc-linux-gnu-library/4.4/TMB/include/dnorm.hpp:23:17: note: candidate: \u2018template<class Type> tmbutils::vector<Type> dnorm(const tmbutils::vector<Type>&, const tmbutils::vector<Type>&, Type, int)\u2019\n   23 | VECTORIZE4_ttti(dnorm)\n      |                 ^~~~~\n/home/spi085/R/x86_64-pc-linux-gnu-library/4.4/TMB/include/Vectorize.hpp:38:14: note: in definition of macro \u2018GVECTORIZE\u2019\n   38 | vector<Type> FUN( declare##Type1(arg1) comma##Type2                     \\\n      |              ^~~\n/home/spi085/R/x86_64-pc-linux-gnu-library/4.4/TMB/include/dnorm.hpp:23:1: note: in expansion of macro \u2018VECTORIZE4_ttti\u2019\n   23 | VECTORIZE4_ttti(dnorm)\n      | ^~~~~~~~~~~~~~~\n/home/spi085/R/x86_64-pc-linux-gnu-library/4.4/TMB/include/dnorm.hpp:23:17: note:   template argument deduction/substitution failed:\n   23 | VECTORIZE4_ttti(dnorm)\n      |                 ^~~~~\n/home/spi085/R/x86_64-pc-linux-gnu-library/4.4/TMB/include/Vectorize.hpp:38:14: note: in definition of macro \u2018GVECTORIZE\u2019\n   38 | vector<Type> FUN( declare##Type1(arg1) comma##Type2                     \\\n      |              ^~~\n/home/spi085/R/x86_64-pc-linux-gnu-library/4.4/TMB/include/dnorm.hpp:23:1: note: in expansion of macro \u2018VECTORIZE4_ttti\u2019\n   23 | VECTORIZE4_ttti(dnorm)\n      | ^~~~~~~~~~~~~~~\nPOPULATIONS/POPULATION_0006/INDIVIDUAL_7EFRNIYS/model.cpp:139:17: note:   \u2018CppAD::AD<CppAD::AD<CppAD::AD<double> > >\u2019 is not derived from \u2018const tmbutils::vector<Type>\u2019\n  139 |     nll -= dnorm(log(fast_obs), log(fast_model), 0.3, true);\n      |            ~~~~~^~~~~~~~~~~~~~~~~~~~~~~~~~~~~~~~~~~~~~~~~~~\n/home/spi085/R/x86_64-pc-linux-gnu-library/4.4/TMB/include/dnorm.hpp:23:17: note: candidate: \u2018template<class Type> tmbutils::vector<Type> dnorm(Type, const tmbutils::vector<Type>&, const tmbutils::vector<Type>&, int)\u2019\n   23 | VECTORIZE4_ttti(dnorm)\n      |                 ^~~~~\n/home/spi085/R/x86_64-pc-linux-gnu-library/4.4/TMB/include/Vectorize.hpp:38:14: note: in definition of macro \u2018GVECTORIZE\u2019\n   38 | vector<Type> FUN( declare##Type1(arg1) comma##Type2                     \\\n      |              ^~~\n/home/spi085/R/x86_64-pc-linux-gnu-library/4.4/TMB/include/dnorm.hpp:23:1: note: in expansion of macro \u2018VECTORIZE4_ttti\u2019\n   23 | VECTORIZE4_ttti(dnorm)\n      | ^~~~~~~~~~~~~~~\n/home/spi085/R/x86_64-pc-linux-gnu-library/4.4/TMB/include/dnorm.hpp:23:17: note:   template argument deduction/substitution failed:\n   23 | VECTORIZE4_ttti(dnorm)\n      |                 ^~~~~\n/home/spi085/R/x86_64-pc-linux-gnu-library/4.4/TMB/include/Vectorize.hpp:38:14: note: in definition of macro \u2018GVECTORIZE\u2019\n   38 | vector<Type> FUN( declare##Type1(arg1) comma##Type2                     \\\n      |              ^~~\n/home/spi085/R/x86_64-pc-linux-gnu-library/4.4/TMB/include/dnorm.hpp:23:1: note: in expansion of macro \u2018VECTORIZE4_ttti\u2019\n   23 | VECTORIZE4_ttti(dnorm)\n      | ^~~~~~~~~~~~~~~\nPOPULATIONS/POPULATION_0006/INDIVIDUAL_7EFRNIYS/model.cpp:139:17: note:   \u2018CppAD::AD<CppAD::AD<CppAD::AD<double> > >\u2019 is not derived from \u2018const tmbutils::vector<Type>\u2019\n  139 |     nll -= dnorm(log(fast_obs), log(fast_model), 0.3, true);\n      |            ~~~~~^~~~~~~~~~~~~~~~~~~~~~~~~~~~~~~~~~~~~~~~~~~\n/home/spi085/R/x86_64-pc-linux-gnu-library/4.4/TMB/include/dnorm.hpp:23:17: note: candidate: \u2018template<class Type> tmbutils::vector<Type> dnorm(const tmbutils::vector<Type>&, Type, const tmbutils::vector<Type>&, int)\u2019\n   23 | VECTORIZE4_ttti(dnorm)\n      |                 ^~~~~\n/home/spi085/R/x86_64-pc-linux-gnu-library/4.4/TMB/include/Vectorize.hpp:38:14: note: in definition of macro \u2018GVECTORIZE\u2019\n   38 | vector<Type> FUN( declare##Type1(arg1) comma##Type2                     \\\n      |              ^~~\n/home/spi085/R/x86_64-pc-linux-gnu-library/4.4/TMB/include/dnorm.hpp:23:1: note: in expansion of macro \u2018VECTORIZE4_ttti\u2019\n   23 | VECTORIZE4_ttti(dnorm)\n      | ^~~~~~~~~~~~~~~\n/home/spi085/R/x86_64-pc-linux-gnu-library/4.4/TMB/include/dnorm.hpp:23:17: note:   template argument deduction/substitution failed:\n   23 | VECTORIZE4_ttti(dnorm)\n      |                 ^~~~~\n/home/spi085/R/x86_64-pc-linux-gnu-library/4.4/TMB/include/Vectorize.hpp:38:14: note: in definition of macro \u2018GVECTORIZE\u2019\n   38 | vector<Type> FUN( declare##Type1(arg1) comma##Type2                     \\\n      |              ^~~\n/home/spi085/R/x86_64-pc-linux-gnu-library/4.4/TMB/include/dnorm.hpp:23:1: note: in expansion of macro \u2018VECTORIZE4_ttti\u2019\n   23 | VECTORIZE4_ttti(dnorm)\n      | ^~~~~~~~~~~~~~~\nPOPULATIONS/POPULATION_0006/INDIVIDUAL_7EFRNIYS/model.cpp:139:17: note:   \u2018CppAD::AD<CppAD::AD<CppAD::AD<double> > >\u2019 is not derived from \u2018const tmbutils::vector<Type>\u2019\n  139 |     nll -= dnorm(log(fast_obs), log(fast_model), 0.3, true);\n      |            ~~~~~^~~~~~~~~~~~~~~~~~~~~~~~~~~~~~~~~~~~~~~~~~~\n/home/spi085/R/x86_64-pc-linux-gnu-library/4.4/TMB/include/dnorm.hpp:23:17: note: candidate: \u2018template<class Type> tmbutils::vector<Type> dnorm(const tmbutils::vector<Type>&, const tmbutils::vector<Type>&, const tmbutils::vector<Type>&, int)\u2019\n   23 | VECTORIZE4_ttti(dnorm)\n      |                 ^~~~~\n/home/spi085/R/x86_64-pc-linux-gnu-library/4.4/TMB/include/Vectorize.hpp:38:14: note: in definition of macro \u2018GVECTORIZE\u2019\n   38 | vector<Type> FUN( declare##Type1(arg1) comma##Type2                     \\\n      |              ^~~\n/home/spi085/R/x86_64-pc-linux-gnu-library/4.4/TMB/include/dnorm.hpp:23:1: note: in expansion of macro \u2018VECTORIZE4_ttti\u2019\n   23 | VECTORIZE4_ttti(dnorm)\n      | ^~~~~~~~~~~~~~~\n/home/spi085/R/x86_64-pc-linux-gnu-library/4.4/TMB/include/dnorm.hpp:23:17: note:   template argument deduction/substitution failed:\n   23 | VECTORIZE4_ttti(dnorm)\n      |                 ^~~~~\n/home/spi085/R/x86_64-pc-linux-gnu-library/4.4/TMB/include/Vectorize.hpp:38:14: note: in definition of macro \u2018GVECTORIZE\u2019\n   38 | vector<Type> FUN( declare##Type1(arg1) comma##Type2                     \\\n      |              ^~~\n/home/spi085/R/x86_64-pc-linux-gnu-library/4.4/TMB/include/dnorm.hpp:23:1: note: in expansion of macro \u2018VECTORIZE4_ttti\u2019\n   23 | VECTORIZE4_ttti(dnorm)\n      | ^~~~~~~~~~~~~~~\nPOPULATIONS/POPULATION_0006/INDIVIDUAL_7EFRNIYS/model.cpp:139:17: note:   \u2018CppAD::AD<CppAD::AD<CppAD::AD<double> > >\u2019 is not derived from \u2018const tmbutils::vector<Type>\u2019\n  139 |     nll -= dnorm(log(fast_obs), log(fast_model), 0.3, true);\n      |            ~~~~~^~~~~~~~~~~~~~~~~~~~~~~~~~~~~~~~~~~~~~~~~~~\nPOPULATIONS/POPULATION_0006/INDIVIDUAL_7EFRNIYS/model.cpp:143:17: error: no matching function for call to \u2018dnorm(CppAD::AD<CppAD::AD<CppAD::AD<double> > >, CppAD::AD<CppAD::AD<CppAD::AD<double> > >, double, bool)\u2019\n  143 |     nll -= dnorm(log(slow_obs), log(slow_model), 0.3, true);\n      |            ~~~~~^~~~~~~~~~~~~~~~~~~~~~~~~~~~~~~~~~~~~~~~~~~\n/home/spi085/R/x86_64-pc-linux-gnu-library/4.4/TMB/include/dnorm.hpp:17:6: note: candidate: \u2018template<class Type> Type dnorm(Type, Type, Type, int)\u2019\n   17 | Type dnorm(Type x, Type mean, Type sd, int give_log=0)\n      |      ^~~~~\n/home/spi085/R/x86_64-pc-linux-gnu-library/4.4/TMB/include/dnorm.hpp:17:6: note:   template argument deduction/substitution failed:\nPOPULATIONS/POPULATION_0006/INDIVIDUAL_7EFRNIYS/model.cpp:143:17: note:   deduced conflicting types for parameter \u2018Type\u2019 (\u2018CppAD::AD<CppAD::AD<CppAD::AD<double> > >\u2019 and \u2018double\u2019)\n  143 |     nll -= dnorm(log(slow_obs), log(slow_model), 0.3, true);\n      |            ~~~~~^~~~~~~~~~~~~~~~~~~~~~~~~~~~~~~~~~~~~~~~~~~\n/home/spi085/R/x86_64-pc-linux-gnu-library/4.4/TMB/include/dnorm.hpp:23:17: note: candidate: \u2018template<class Type> tmbutils::vector<Type> dnorm(const tmbutils::vector<Type>&, Type, Type, int)\u2019\n   23 | VECTORIZE4_ttti(dnorm)\n      |                 ^~~~~\n/home/spi085/R/x86_64-pc-linux-gnu-library/4.4/TMB/include/Vectorize.hpp:38:14: note: in definition of macro \u2018GVECTORIZE\u2019\n   38 | vector<Type> FUN( declare##Type1(arg1) comma##Type2                     \\\n      |              ^~~\n/home/spi085/R/x86_64-pc-linux-gnu-library/4.4/TMB/include/dnorm.hpp:23:1: note: in expansion of macro \u2018VECTORIZE4_ttti\u2019\n   23 | VECTORIZE4_ttti(dnorm)\n      | ^~~~~~~~~~~~~~~\n/home/spi085/R/x86_64-pc-linux-gnu-library/4.4/TMB/include/dnorm.hpp:23:17: note:   template argument deduction/substitution failed:\n   23 | VECTORIZE4_ttti(dnorm)\n      |                 ^~~~~\n/home/spi085/R/x86_64-pc-linux-gnu-library/4.4/TMB/include/Vectorize.hpp:38:14: note: in definition of macro \u2018GVECTORIZE\u2019\n   38 | vector<Type> FUN( declare##Type1(arg1) comma##Type2                     \\\n      |              ^~~\n/home/spi085/R/x86_64-pc-linux-gnu-library/4.4/TMB/include/dnorm.hpp:23:1: note: in expansion of macro \u2018VECTORIZE4_ttti\u2019\n   23 | VECTORIZE4_ttti(dnorm)\n      | ^~~~~~~~~~~~~~~\nPOPULATIONS/POPULATION_0006/INDIVIDUAL_7EFRNIYS/model.cpp:143:17: note:   \u2018CppAD::AD<CppAD::AD<CppAD::AD<double> > >\u2019 is not derived from \u2018const tmbutils::vector<Type>\u2019\n  143 |     nll -= dnorm(log(slow_obs), log(slow_model), 0.3, true);\n      |            ~~~~~^~~~~~~~~~~~~~~~~~~~~~~~~~~~~~~~~~~~~~~~~~~\n/home/spi085/R/x86_64-pc-linux-gnu-library/4.4/TMB/include/dnorm.hpp:23:17: note: candidate: \u2018template<class Type> tmbutils::vector<Type> dnorm(Type, const tmbutils::vector<Type>&, Type, int)\u2019\n   23 | VECTORIZE4_ttti(dnorm)\n      |                 ^~~~~\n/home/spi085/R/x86_64-pc-linux-gnu-library/4.4/TMB/include/Vectorize.hpp:38:14: note: in definition of macro \u2018GVECTORIZE\u2019\n   38 | vector<Type> FUN( declare##Type1(arg1) comma##Type2                     \\\n      |              ^~~\n/home/spi085/R/x86_64-pc-linux-gnu-library/4.4/TMB/include/dnorm.hpp:23:1: note: in expansion of macro \u2018VECTORIZE4_ttti\u2019\n   23 | VECTORIZE4_ttti(dnorm)\n      | ^~~~~~~~~~~~~~~\n/home/spi085/R/x86_64-pc-linux-gnu-library/4.4/TMB/include/dnorm.hpp:23:17: note:   template argument deduction/substitution failed:\n   23 | VECTORIZE4_ttti(dnorm)\n      |                 ^~~~~\n/home/spi085/R/x86_64-pc-linux-gnu-library/4.4/TMB/include/Vectorize.hpp:38:14: note: in definition of macro \u2018GVECTORIZE\u2019\n   38 | vector<Type> FUN( declare##Type1(arg1) comma##Type2                     \\\n      |              ^~~\n/home/spi085/R/x86_64-pc-linux-gnu-library/4.4/TMB/include/dnorm.hpp:23:1: note: in expansion of macro \u2018VECTORIZE4_ttti\u2019\n   23 | VECTORIZE4_ttti(dnorm)\n      | ^~~~~~~~~~~~~~~\nPOPULATIONS/POPULATION_0006/INDIVIDUAL_7EFRNIYS/model.cpp:143:17: note:   \u2018CppAD::AD<CppAD::AD<CppAD::AD<double> > >\u2019 is not derived from \u2018const tmbutils::vector<Type>\u2019\n  143 |     nll -= dnorm(log(slow_obs), log(slow_model), 0.3, true);\n      |            ~~~~~^~~~~~~~~~~~~~~~~~~~~~~~~~~~~~~~~~~~~~~~~~~\n/home/spi085/R/x86_64-pc-linux-gnu-library/4.4/TMB/include/dnorm.hpp:23:17: note: candidate: \u2018template<class Type> tmbutils::vector<Type> dnorm(Type, Type, const tmbutils::vector<Type>&, int)\u2019\n   23 | VECTORIZE4_ttti(dnorm)\n      |                 ^~~~~\n/home/spi085/R/x86_64-pc-linux-gnu-library/4.4/TMB/include/Vectorize.hpp:38:14: note: in definition of macro \u2018GVECTORIZE\u2019\n   38 | vector<Type> FUN( declare##Type1(arg1) comma##Type2                     \\\n      |              ^~~\n/home/spi085/R/x86_64-pc-linux-gnu-library/4.4/TMB/include/dnorm.hpp:23:1: note: in expansion of macro \u2018VECTORIZE4_ttti\u2019\n   23 | VECTORIZE4_ttti(dnorm)\n      | ^~~~~~~~~~~~~~~\n/home/spi085/R/x86_64-pc-linux-gnu-library/4.4/TMB/include/dnorm.hpp:23:17: note:   template argument deduction/substitution failed:\n   23 | VECTORIZE4_ttti(dnorm)\n      |                 ^~~~~\n/home/spi085/R/x86_64-pc-linux-gnu-library/4.4/TMB/include/Vectorize.hpp:38:14: note: in definition of macro \u2018GVECTORIZE\u2019\n   38 | vector<Type> FUN( declare##Type1(arg1) comma##Type2                     \\\n      |              ^~~\n/home/spi085/R/x86_64-pc-linux-gnu-library/4.4/TMB/include/dnorm.hpp:23:1: note: in expansion of macro \u2018VECTORIZE4_ttti\u2019\n   23 | VECTORIZE4_ttti(dnorm)\n      | ^~~~~~~~~~~~~~~\nPOPULATIONS/POPULATION_0006/INDIVIDUAL_7EFRNIYS/model.cpp:143:17: note:   mismatched types \u2018const tmbutils::vector<Type>\u2019 and \u2018double\u2019\n  143 |     nll -= dnorm(log(slow_obs), log(slow_model), 0.3, true);\n      |            ~~~~~^~~~~~~~~~~~~~~~~~~~~~~~~~~~~~~~~~~~~~~~~~~\n/home/spi085/R/x86_64-pc-linux-gnu-library/4.4/TMB/include/dnorm.hpp:23:17: note: candidate: \u2018template<class Type> tmbutils::vector<Type> dnorm(const tmbutils::vector<Type>&, const tmbutils::vector<Type>&, Type, int)\u2019\n   23 | VECTORIZE4_ttti(dnorm)\n      |                 ^~~~~\n/home/spi085/R/x86_64-pc-linux-gnu-library/4.4/TMB/include/Vectorize.hpp:38:14: note: in definition of macro \u2018GVECTORIZE\u2019\n   38 | vector<Type> FUN( declare##Type1(arg1) comma##Type2                     \\\n      |              ^~~\n/home/spi085/R/x86_64-pc-linux-gnu-library/4.4/TMB/include/dnorm.hpp:23:1: note: in expansion of macro \u2018VECTORIZE4_ttti\u2019\n   23 | VECTORIZE4_ttti(dnorm)\n      | ^~~~~~~~~~~~~~~\n/home/spi085/R/x86_64-pc-linux-gnu-library/4.4/TMB/include/dnorm.hpp:23:17: note:   template argument deduction/substitution failed:\n   23 | VECTORIZE4_ttti(dnorm)\n      |                 ^~~~~\n/home/spi085/R/x86_64-pc-linux-gnu-library/4.4/TMB/include/Vectorize.hpp:38:14: note: in definition of macro \u2018GVECTORIZE\u2019\n   38 | vector<Type> FUN( declare##Type1(arg1) comma##Type2                     \\\n      |              ^~~\n/home/spi085/R/x86_64-pc-linux-gnu-library/4.4/TMB/include/dnorm.hpp:23:1: note: in expansion of macro \u2018VECTORIZE4_ttti\u2019\n   23 | VECTORIZE4_ttti(dnorm)\n      | ^~~~~~~~~~~~~~~\nPOPULATIONS/POPULATION_0006/INDIVIDUAL_7EFRNIYS/model.cpp:143:17: note:   \u2018CppAD::AD<CppAD::AD<CppAD::AD<double> > >\u2019 is not derived from \u2018const tmbutils::vector<Type>\u2019\n  143 |     nll -= dnorm(log(slow_obs), log(slow_model), 0.3, true);\n      |            ~~~~~^~~~~~~~~~~~~~~~~~~~~~~~~~~~~~~~~~~~~~~~~~~\n/home/spi085/R/x86_64-pc-linux-gnu-library/4.4/TMB/include/dnorm.hpp:23:17: note: candidate: \u2018template<class Type> tmbutils::vector<Type> dnorm(Type, const tmbutils::vector<Type>&, const tmbutils::vector<Type>&, int)\u2019\n   23 | VECTORIZE4_ttti(dnorm)\n      |                 ^~~~~\n/home/spi085/R/x86_64-pc-linux-gnu-library/4.4/TMB/include/Vectorize.hpp:38:14: note: in definition of macro \u2018GVECTORIZE\u2019\n   38 | vector<Type> FUN( declare##Type1(arg1) comma##Type2                     \\\n      |              ^~~\n/home/spi085/R/x86_64-pc-linux-gnu-library/4.4/TMB/include/dnorm.hpp:23:1: note: in expansion of macro \u2018VECTORIZE4_ttti\u2019\n   23 | VECTORIZE4_ttti(dnorm)\n      | ^~~~~~~~~~~~~~~\n/home/spi085/R/x86_64-pc-linux-gnu-library/4.4/TMB/include/dnorm.hpp:23:17: note:   template argument deduction/substitution failed:\n   23 | VECTORIZE4_ttti(dnorm)\n      |                 ^~~~~\n/home/spi085/R/x86_64-pc-linux-gnu-library/4.4/TMB/include/Vectorize.hpp:38:14: note: in definition of macro \u2018GVECTORIZE\u2019\n   38 | vector<Type> FUN( declare##Type1(arg1) comma##Type2                     \\\n      |              ^~~\n/home/spi085/R/x86_64-pc-linux-gnu-library/4.4/TMB/include/dnorm.hpp:23:1: note: in expansion of macro \u2018VECTORIZE4_ttti\u2019\n   23 | VECTORIZE4_ttti(dnorm)\n      | ^~~~~~~~~~~~~~~\nPOPULATIONS/POPULATION_0006/INDIVIDUAL_7EFRNIYS/model.cpp:143:17: note:   \u2018CppAD::AD<CppAD::AD<CppAD::AD<double> > >\u2019 is not derived from \u2018const tmbutils::vector<Type>\u2019\n  143 |     nll -= dnorm(log(slow_obs), log(slow_model), 0.3, true);\n      |            ~~~~~^~~~~~~~~~~~~~~~~~~~~~~~~~~~~~~~~~~~~~~~~~~\n/home/spi085/R/x86_64-pc-linux-gnu-library/4.4/TMB/include/dnorm.hpp:23:17: note: candidate: \u2018template<class Type> tmbutils::vector<Type> dnorm(const tmbutils::vector<Type>&, Type, const tmbutils::vector<Type>&, int)\u2019\n   23 | VECTORIZE4_ttti(dnorm)\n      |                 ^~~~~\n/home/spi085/R/x86_64-pc-linux-gnu-library/4.4/TMB/include/Vectorize.hpp:38:14: note: in definition of macro \u2018GVECTORIZE\u2019\n   38 | vector<Type> FUN( declare##Type1(arg1) comma##Type2                     \\\n      |              ^~~\n/home/spi085/R/x86_64-pc-linux-gnu-library/4.4/TMB/include/dnorm.hpp:23:1: note: in expansion of macro \u2018VECTORIZE4_ttti\u2019\n   23 | VECTORIZE4_ttti(dnorm)\n      | ^~~~~~~~~~~~~~~\n/home/spi085/R/x86_64-pc-linux-gnu-library/4.4/TMB/include/dnorm.hpp:23:17: note:   template argument deduction/substitution failed:\n   23 | VECTORIZE4_ttti(dnorm)\n      |                 ^~~~~\n/home/spi085/R/x86_64-pc-linux-gnu-library/4.4/TMB/include/Vectorize.hpp:38:14: note: in definition of macro \u2018GVECTORIZE\u2019\n   38 | vector<Type> FUN( declare##Type1(arg1) comma##Type2                     \\\n      |              ^~~\n/home/spi085/R/x86_64-pc-linux-gnu-library/4.4/TMB/include/dnorm.hpp:23:1: note: in expansion of macro \u2018VECTORIZE4_ttti\u2019\n   23 | VECTORIZE4_ttti(dnorm)\n      | ^~~~~~~~~~~~~~~\nPOPULATIONS/POPULATION_0006/INDIVIDUAL_7EFRNIYS/model.cpp:143:17: note:   \u2018CppAD::AD<CppAD::AD<CppAD::AD<double> > >\u2019 is not derived from \u2018const tmbutils::vector<Type>\u2019\n  143 |     nll -= dnorm(log(slow_obs), log(slow_model), 0.3, true);\n      |            ~~~~~^~~~~~~~~~~~~~~~~~~~~~~~~~~~~~~~~~~~~~~~~~~\n/home/spi085/R/x86_64-pc-linux-gnu-library/4.4/TMB/include/dnorm.hpp:23:17: note: candidate: \u2018template<class Type> tmbutils::vector<Type> dnorm(const tmbutils::vector<Type>&, const tmbutils::vector<Type>&, const tmbutils::vector<Type>&, int)\u2019\n   23 | VECTORIZE4_ttti(dnorm)\n      |                 ^~~~~\n/home/spi085/R/x86_64-pc-linux-gnu-library/4.4/TMB/include/Vectorize.hpp:38:14: note: in definition of macro \u2018GVECTORIZE\u2019\n   38 | vector<Type> FUN( declare##Type1(arg1) comma##Type2                     \\\n      |              ^~~\n/home/spi085/R/x86_64-pc-linux-gnu-library/4.4/TMB/include/dnorm.hpp:23:1: note: in expansion of macro \u2018VECTORIZE4_ttti\u2019\n   23 | VECTORIZE4_ttti(dnorm)\n      | ^~~~~~~~~~~~~~~\n/home/spi085/R/x86_64-pc-linux-gnu-library/4.4/TMB/include/dnorm.hpp:23:17: note:   template argument deduction/substitution failed:\n   23 | VECTORIZE4_ttti(dnorm)\n      |                 ^~~~~\n/home/spi085/R/x86_64-pc-linux-gnu-library/4.4/TMB/include/Vectorize.hpp:38:14: note: in definition of macro \u2018GVECTORIZE\u2019\n   38 | vector<Type> FUN( declare##Type1(arg1) comma##Type2                     \\\n      |              ^~~\n/home/spi085/R/x86_64-pc-linux-gnu-library/4.4/TMB/include/dnorm.hpp:23:1: note: in expansion of macro \u2018VECTORIZE4_ttti\u2019\n   23 | VECTORIZE4_ttti(dnorm)\n      | ^~~~~~~~~~~~~~~\nPOPULATIONS/POPULATION_0006/INDIVIDUAL_7EFRNIYS/model.cpp:143:17: note:   \u2018CppAD::AD<CppAD::AD<CppAD::AD<double> > >\u2019 is not derived from \u2018const tmbutils::vector<Type>\u2019\n  143 |     nll -= dnorm(log(slow_obs), log(slow_model), 0.3, true);\n      |            ~~~~~^~~~~~~~~~~~~~~~~~~~~~~~~~~~~~~~~~~~~~~~~~~\nmake: *** [/usr/lib/R/etc/Makeconf:204: POPULATIONS/POPULATION_0006/INDIVIDUAL_7EFRNIYS/model.o] Error 1\nError in TMB::compile(file.path(individual_dir, model_file), flags = flags,  : \n  Compilation failed\nError: Compilation failed\nExecution halted"
    },
    "7": {
      "status": "BROKEN"
    }
  }
}