{
  "iterations": {
    "1": {
      "status": "ERROR",
      "message": "R script failed with return code 1",
      "stdout": "g++ -std=gnu++17  -I\"C:/Users/spi085/AppData/Local/Programs/R/R-4.4.1/include\" -DNDEBUG -I\"C:/Users/spi085/AppData/Local/Programs/R/R-44~1.1/library/TMB/include\" -I\"C:/Users/spi085/AppData/Local/Programs/R/R-44~1.1/library/RCPPEI~1/include\"   -DTMB_EIGEN_DISABLE_WARNINGS   -DTMB_LIB_INIT=R_init_model  -DCPPAD_FRAMEWORK    -I\"C:/rtools44/x86_64-w64-mingw32.static.posix/include\"     -O2 -Wa,-mbig-obj -c POPULATIONS//Population_0012//INDIVIDUAL_AGG5YYL9/model.cpp -o POPULATIONS//Population_0012//INDIVIDUAL_AGG5YYL9/model.o\ng++ -std=gnu++17 -shared -s -static-libgcc -o POPULATIONS//Population_0012//INDIVIDUAL_AGG5YYL9/model.dll tmp.def POPULATIONS//Population_0012//INDIVIDUAL_AGG5YYL9/model.o -LC:/rtools44/x86_64-w64-mingw32.static.posix/lib/x64 -LC:/rtools44/x86_64-w64-mingw32.static.posix/lib -LC:/Users/spi085/AppData/Local/Programs/R/R-4.4.1/bin/x64 -lR\nStarting model phases\nNumber of phases: 3 \nPhase 1 \nInitial parameter values for phase 1 :\n    r_cots     g_slow     g_fast alpha_slow alpha_fast \n        NA     0.0165     3.4200         NA         NA \nError in model phases: NA/NaN gradient evaluation",
      "stderr": "Loading required package: TMB\nLoading required package: jsonlite\nhere() starts at C:/Users/spi085/OneDrive - CSIRO/Documents/_Projects/SCCP-QuantModelling\nusing C++ compiler: 'G__~1.EXE (GCC) 13.2.0'\nError in value[[3L]](cond) : \n  Error in model phases: NA/NaN gradient evaluation\nCalls: tryCatch -> tryCatchList -> tryCatchOne -> <Anonymous>\nIn addition: Warning message:\nIn nlminb(model$par, model$fn, model$gr) : NA/NaN function evaluation\nExecution halted"
    },
    "2": {
      "status": "ERROR",
      "message": "R script failed with return code 1",
      "stdout": "g++ -std=gnu++17  -I\"C:/Users/spi085/AppData/Local/Programs/R/R-4.4.1/include\" -DNDEBUG -I\"C:/Users/spi085/AppData/Local/Programs/R/R-44~1.1/library/TMB/include\" -I\"C:/Users/spi085/AppData/Local/Programs/R/R-44~1.1/library/RCPPEI~1/include\"   -DTMB_EIGEN_DISABLE_WARNINGS   -DTMB_LIB_INIT=R_init_model  -DCPPAD_FRAMEWORK    -I\"C:/rtools44/x86_64-w64-mingw32.static.posix/include\"     -O2 -Wa,-mbig-obj -c POPULATIONS//Population_0012//INDIVIDUAL_AGG5YYL9/model.cpp -o POPULATIONS//Population_0012//INDIVIDUAL_AGG5YYL9/model.o\ng++ -std=gnu++17 -shared -s -static-libgcc -o POPULATIONS//Population_0012//INDIVIDUAL_AGG5YYL9/model.dll tmp.def POPULATIONS//Population_0012//INDIVIDUAL_AGG5YYL9/model.o -LC:/rtools44/x86_64-w64-mingw32.static.posix/lib/x64 -LC:/rtools44/x86_64-w64-mingw32.static.posix/lib -LC:/Users/spi085/AppData/Local/Programs/R/R-4.4.1/bin/x64 -lR\nStarting model phases\nNumber of phases: 3 \nPhase 1 \nInitial parameter values for phase 1 :\n    r_cots     g_slow     g_fast alpha_slow alpha_fast \n        NA     0.0165     3.4200         NA         NA \nError in model phases: NA/NaN gradient evaluation",
      "stderr": "Loading required package: TMB\nLoading required package: jsonlite\nhere() starts at C:/Users/spi085/OneDrive - CSIRO/Documents/_Projects/SCCP-QuantModelling\nusing C++ compiler: 'G__~1.EXE (GCC) 13.2.0'\nError in value[[3L]](cond) : \n  Error in model phases: NA/NaN gradient evaluation\nCalls: tryCatch -> tryCatchList -> tryCatchOne -> <Anonymous>\nIn addition: Warning message:\nIn nlminb(model$par, model$fn, model$gr) : NA/NaN function evaluation\nExecution halted"
    },
    "3": {
      "status": "ERROR",
      "message": "R script failed with return code 1",
      "stdout": "g++ -std=gnu++17  -I\"C:/Users/spi085/AppData/Local/Programs/R/R-4.4.1/include\" -DNDEBUG -I\"C:/Users/spi085/AppData/Local/Programs/R/R-44~1.1/library/TMB/include\" -I\"C:/Users/spi085/AppData/Local/Programs/R/R-44~1.1/library/RCPPEI~1/include\"   -DTMB_EIGEN_DISABLE_WARNINGS   -DTMB_LIB_INIT=R_init_model  -DCPPAD_FRAMEWORK    -I\"C:/rtools44/x86_64-w64-mingw32.static.posix/include\"     -O2 -Wa,-mbig-obj -c POPULATIONS//Population_0012//INDIVIDUAL_AGG5YYL9/model.cpp -o POPULATIONS//Population_0012//INDIVIDUAL_AGG5YYL9/model.o\ng++ -std=gnu++17 -shared -s -static-libgcc -o POPULATIONS//Population_0012//INDIVIDUAL_AGG5YYL9/model.dll tmp.def POPULATIONS//Population_0012//INDIVIDUAL_AGG5YYL9/model.o -LC:/rtools44/x86_64-w64-mingw32.static.posix/lib/x64 -LC:/rtools44/x86_64-w64-mingw32.static.posix/lib -LC:/Users/spi085/AppData/Local/Programs/R/R-4.4.1/bin/x64 -lR\nStarting model phases\nNumber of phases: 3 \nPhase 1 \nInitial parameter values for phase 1 :\n    r_cots     g_slow     g_fast alpha_slow alpha_fast \n        NA     0.0165     3.4200         NA         NA \nError in model phases: NA/NaN gradient evaluation",
      "stderr": "Loading required package: TMB\nLoading required package: jsonlite\nhere() starts at C:/Users/spi085/OneDrive - CSIRO/Documents/_Projects/SCCP-QuantModelling\nusing C++ compiler: 'G__~1.EXE (GCC) 13.2.0'\nError in value[[3L]](cond) : \n  Error in model phases: NA/NaN gradient evaluation\nCalls: tryCatch -> tryCatchList -> tryCatchOne -> <Anonymous>\nIn addition: Warning message:\nIn nlminb(model$par, model$fn, model$gr) : NA/NaN function evaluation\nExecution halted"
    },
    "4": {
      "status": "ERROR",
      "message": "Model failed to compile.",
      "stdout": "g++ -std=gnu++17  -I\"C:/Users/spi085/AppData/Local/Programs/R/R-4.4.1/include\" -DNDEBUG -I\"C:/Users/spi085/AppData/Local/Programs/R/R-44~1.1/library/TMB/include\" -I\"C:/Users/spi085/AppData/Local/Programs/R/R-44~1.1/library/RCPPEI~1/include\"   -DTMB_EIGEN_DISABLE_WARNINGS   -DTMB_LIB_INIT=R_init_model  -DCPPAD_FRAMEWORK    -I\"C:/rtools44/x86_64-w64-mingw32.static.posix/include\"     -O2 -Wa,-mbig-obj -c POPULATIONS//Population_0012//INDIVIDUAL_AGG5YYL9/model.cpp -o POPULATIONS//Population_0012//INDIVIDUAL_AGG5YYL9/model.o",
      "stderr": "Loading required package: TMB\nLoading required package: jsonlite\nhere() starts at C:/Users/spi085/OneDrive - CSIRO/Documents/_Projects/SCCP-QuantModelling\nusing C++ compiler: 'G__~1.EXE (GCC) 13.2.0'\nPOPULATIONS//Population_0012//INDIVIDUAL_AGG5YYL9/model.cpp: In member function 'Type objective_function<Type>::operator()()':\nPOPULATIONS//Population_0012//INDIVIDUAL_AGG5YYL9/model.cpp:79:27: error: 'min' is not a member of 'CppAD'; did you mean 'sin'?\n   79 |                    CppAD::min(pred_slow, slow_pred(t-1));\n      |                           ^~~\n      |                           sin\nPOPULATIONS//Population_0012//INDIVIDUAL_AGG5YYL9/model.cpp:83:27: error: 'min' is not a member of 'CppAD'; did you mean 'sin'?\n   83 |                    CppAD::min(pred_fast, fast_pred(t-1));\n      |                           ^~~\n      |                           sin\nmake: *** [C:/Users/spi085/AppData/Local/Programs/R/R-4.4.1/etc/x64/Makeconf:296: POPULATIONS//Population_0012//INDIVIDUAL_AGG5YYL9/model.o] Error 1\nError in TMB::compile(file.path(individual_dir, model_file), flags = flags,  : \n  Compilation failed\nError: Compilation failed\nExecution halted"
    },
    "5": {
      "status": "ERROR",
      "message": "R script failed with return code 1",
      "stdout": "g++ -std=gnu++17  -I\"C:/Users/spi085/AppData/Local/Programs/R/R-4.4.1/include\" -DNDEBUG -I\"C:/Users/spi085/AppData/Local/Programs/R/R-44~1.1/library/TMB/include\" -I\"C:/Users/spi085/AppData/Local/Programs/R/R-44~1.1/library/RCPPEI~1/include\"   -DTMB_EIGEN_DISABLE_WARNINGS   -DTMB_LIB_INIT=R_init_model  -DCPPAD_FRAMEWORK    -I\"C:/rtools44/x86_64-w64-mingw32.static.posix/include\"     -O2 -Wa,-mbig-obj -c POPULATIONS//Population_0012//INDIVIDUAL_AGG5YYL9/model.cpp -o POPULATIONS//Population_0012//INDIVIDUAL_AGG5YYL9/model.o\ng++ -std=gnu++17 -shared -s -static-libgcc -o POPULATIONS//Population_0012//INDIVIDUAL_AGG5YYL9/model.dll tmp.def POPULATIONS//Population_0012//INDIVIDUAL_AGG5YYL9/model.o -LC:/rtools44/x86_64-w64-mingw32.static.posix/lib/x64 -LC:/rtools44/x86_64-w64-mingw32.static.posix/lib -LC:/Users/spi085/AppData/Local/Programs/R/R-4.4.1/bin/x64 -lR\nStarting model phases\nNumber of phases: 3 \nPhase 1 \nError in model phases: Error when reading the variable: 'coral_opt'. Please check data and parameters.",
      "stderr": "Loading required package: TMB\nLoading required package: jsonlite\nhere() starts at C:/Users/spi085/OneDrive - CSIRO/Documents/_Projects/SCCP-QuantModelling\nusing C++ compiler: 'G__~1.EXE (GCC) 13.2.0'\nError in value[[3L]](cond) : \n  Error in model phases: Error when reading the variable: 'coral_opt'. Please check data and parameters.\nCalls: tryCatch -> tryCatchList -> tryCatchOne -> <Anonymous>\nIn addition: Warning messages:\n1: In getParameterOrder(data, parameters, new.env(), DLL = DLL) :\n  Expected scalar. Got length=0\n2: In getParameterOrder(data, parameters, new.env(), DLL = DLL) :\n  Expected object. Got NULL.\nExecution halted"
    },
    "6": {
      "status": "ERROR",
      "message": "R script failed with return code 1",
      "stdout": "g++ -std=gnu++17  -I\"C:/Users/spi085/AppData/Local/Programs/R/R-4.4.1/include\" -DNDEBUG -I\"C:/Users/spi085/AppData/Local/Programs/R/R-44~1.1/library/TMB/include\" -I\"C:/Users/spi085/AppData/Local/Programs/R/R-44~1.1/library/RCPPEI~1/include\"   -DTMB_EIGEN_DISABLE_WARNINGS   -DTMB_LIB_INIT=R_init_model  -DCPPAD_FRAMEWORK    -I\"C:/rtools44/x86_64-w64-mingw32.static.posix/include\"     -O2 -Wa,-mbig-obj -c POPULATIONS//Population_0012//INDIVIDUAL_AGG5YYL9/model.cpp -o POPULATIONS//Population_0012//INDIVIDUAL_AGG5YYL9/model.o\ng++ -std=gnu++17 -shared -s -static-libgcc -o POPULATIONS//Population_0012//INDIVIDUAL_AGG5YYL9/model.dll tmp.def POPULATIONS//Population_0012//INDIVIDUAL_AGG5YYL9/model.o -LC:/rtools44/x86_64-w64-mingw32.static.posix/lib/x64 -LC:/rtools44/x86_64-w64-mingw32.static.posix/lib -LC:/Users/spi085/AppData/Local/Programs/R/R-4.4.1/bin/x64 -lR\nStarting model phases\nNumber of phases: 3 \nPhase 1 \nInitial parameter values for phase 1 :\n    r_cots     g_slow     g_fast alpha_slow alpha_fast \n        NA     0.0165     3.4200         NA         NA \nError in model phases: NA/NaN gradient evaluation",
      "stderr": "Loading required package: TMB\nLoading required package: jsonlite\nhere() starts at C:/Users/spi085/OneDrive - CSIRO/Documents/_Projects/SCCP-QuantModelling\nusing C++ compiler: 'G__~1.EXE (GCC) 13.2.0'\nError in value[[3L]](cond) : \n  Error in model phases: NA/NaN gradient evaluation\nCalls: tryCatch -> tryCatchList -> tryCatchOne -> <Anonymous>\nIn addition: Warning message:\nIn nlminb(model$par, model$fn, model$gr) : NA/NaN function evaluation\nExecution halted"
    },
    "7": {
      "status": "BROKEN"
    }
  }
}