{
  "iterations": {
    "1": {
      "status": "ERROR",
      "message": "Model failed to compile.",
      "stdout": "g++ -std=gnu++17 -I\"/usr/share/R/include\" -DNDEBUG -I\"/home/spi085/R/x86_64-pc-linux-gnu-library/4.4/TMB/include\" -I\"/home/spi085/R/x86_64-pc-linux-gnu-library/4.4/RcppEigen/include\"   -DTMB_EIGEN_DISABLE_WARNINGS   -DTMB_LIB_INIT=R_init_model  -DCPPAD_FRAMEWORK      -fpic  -O2  -c POPULATIONS/POPULATION_0013/INDIVIDUAL_FDQWNH3Y/model.cpp -o POPULATIONS/POPULATION_0013/INDIVIDUAL_FDQWNH3Y/model.o",
      "stderr": "Loading required package: TMB\nLoading required package: jsonlite\nhere() starts at /home/spi085/Documents/_Projects/SCCP-QuantModelling\nusing C++ compiler: \u2018g++ (Ubuntu 13.3.0-6ubuntu2~24.04) 13.3.0\u2019\nPOPULATIONS/POPULATION_0013/INDIVIDUAL_FDQWNH3Y/model.cpp: In member function \u2018Type objective_function<Type>::operator()()\u2019:\nPOPULATIONS/POPULATION_0013/INDIVIDUAL_FDQWNH3Y/model.cpp:121:121: error: \u2018phi_cots\u2019 was not declared in this scope\n  121 |         Type feedback = pow(CppAD::CondExpGt(cots_pred(t-1)/K_cots, outbreak_thresh, cots_pred(t-1)/K_cots, Type(1.0)), phi_cots);\n      |                                                                                                                         ^~~~~~~~\nmake: *** [/usr/lib/R/etc/Makeconf:204: POPULATIONS/POPULATION_0013/INDIVIDUAL_FDQWNH3Y/model.o] Error 1\nError in TMB::compile(file.path(individual_dir, model_file), flags = flags,  : \n  Compilation failed\nError: Compilation failed\nExecution halted"
    },
    "2": {
      "status": "ERROR",
      "message": "R script failed with return code 1",
      "stdout": "g++ -std=gnu++17 -I\"/usr/share/R/include\" -DNDEBUG -I\"/home/spi085/R/x86_64-pc-linux-gnu-library/4.4/TMB/include\" -I\"/home/spi085/R/x86_64-pc-linux-gnu-library/4.4/RcppEigen/include\"   -DTMB_EIGEN_DISABLE_WARNINGS   -DTMB_LIB_INIT=R_init_model  -DCPPAD_FRAMEWORK      -fpic  -O2  -c POPULATIONS/POPULATION_0013/INDIVIDUAL_FDQWNH3Y/model.cpp -o POPULATIONS/POPULATION_0013/INDIVIDUAL_FDQWNH3Y/model.o\ng++ -std=gnu++17 -shared -L/usr/lib/R/lib -Wl,-Bsymbolic-functions -flto=auto -ffat-lto-objects -Wl,-z,relro -o POPULATIONS/POPULATION_0013/INDIVIDUAL_FDQWNH3Y/model.so POPULATIONS/POPULATION_0013/INDIVIDUAL_FDQWNH3Y/model.o -L/usr/lib/R/lib -lR\nStarting model phases\nNumber of phases: 3 \nPhase 1 \nInitial parameter values for phase 1 :\n log_r_cots  log_K_cots  log_r_fast  log_r_slow log_K_coral \n         NA          NA      -0.880      -3.108       1.810 \nError in model phases: NA/NaN gradient evaluation",
      "stderr": "Loading required package: TMB\nLoading required package: jsonlite\nhere() starts at /home/spi085/Documents/_Projects/SCCP-QuantModelling\nusing C++ compiler: \u2018g++ (Ubuntu 13.3.0-6ubuntu2~24.04) 13.3.0\u2019\nError in value[[3L]](cond) : \n  Error in model phases: NA/NaN gradient evaluation\nCalls: tryCatch -> tryCatchList -> tryCatchOne -> <Anonymous>\nIn addition: Warning message:\nIn nlminb(model$par, model$fn, model$gr) : NA/NaN function evaluation\nExecution halted"
    },
    "3": {
      "status": "ERROR",
      "message": "R script failed with return code 1",
      "stdout": "g++ -std=gnu++17 -I\"/usr/share/R/include\" -DNDEBUG -I\"/home/spi085/R/x86_64-pc-linux-gnu-library/4.4/TMB/include\" -I\"/home/spi085/R/x86_64-pc-linux-gnu-library/4.4/RcppEigen/include\"   -DTMB_EIGEN_DISABLE_WARNINGS   -DTMB_LIB_INIT=R_init_model  -DCPPAD_FRAMEWORK      -fpic  -O2  -c POPULATIONS/POPULATION_0013/INDIVIDUAL_FDQWNH3Y/model.cpp -o POPULATIONS/POPULATION_0013/INDIVIDUAL_FDQWNH3Y/model.o\ng++ -std=gnu++17 -shared -L/usr/lib/R/lib -Wl,-Bsymbolic-functions -flto=auto -ffat-lto-objects -Wl,-z,relro -o POPULATIONS/POPULATION_0013/INDIVIDUAL_FDQWNH3Y/model.so POPULATIONS/POPULATION_0013/INDIVIDUAL_FDQWNH3Y/model.o -L/usr/lib/R/lib -lR\nStarting model phases\nNumber of phases: 3 \nPhase 1 \nInitial parameter values for phase 1 :\n log_r_cots  log_K_cots  log_r_fast  log_r_slow log_K_coral \n         NA          NA      -0.880      -3.108       1.810 \nError in model phases: NA/NaN gradient evaluation",
      "stderr": "Loading required package: TMB\nLoading required package: jsonlite\nhere() starts at /home/spi085/Documents/_Projects/SCCP-QuantModelling\nusing C++ compiler: \u2018g++ (Ubuntu 13.3.0-6ubuntu2~24.04) 13.3.0\u2019\nError in value[[3L]](cond) : \n  Error in model phases: NA/NaN gradient evaluation\nCalls: tryCatch -> tryCatchList -> tryCatchOne -> <Anonymous>\nIn addition: Warning message:\nIn nlminb(model$par, model$fn, model$gr) : NA/NaN function evaluation\nExecution halted"
    },
    "4": {
      "status": "ERROR",
      "message": "Model failed to compile.",
      "stdout": "g++ -std=gnu++17 -I\"/usr/share/R/include\" -DNDEBUG -I\"/home/spi085/R/x86_64-pc-linux-gnu-library/4.4/TMB/include\" -I\"/home/spi085/R/x86_64-pc-linux-gnu-library/4.4/RcppEigen/include\"   -DTMB_EIGEN_DISABLE_WARNINGS   -DTMB_LIB_INIT=R_init_model  -DCPPAD_FRAMEWORK      -fpic  -O2  -c POPULATIONS/POPULATION_0013/INDIVIDUAL_FDQWNH3Y/model.cpp -o POPULATIONS/POPULATION_0013/INDIVIDUAL_FDQWNH3Y/model.o",
      "stderr": "Loading required package: TMB\nLoading required package: jsonlite\nhere() starts at /home/spi085/Documents/_Projects/SCCP-QuantModelling\nusing C++ compiler: \u2018g++ (Ubuntu 13.3.0-6ubuntu2~24.04) 13.3.0\u2019\nIn file included from /usr/share/R/include/R.h:69,\n                 from /home/spi085/R/x86_64-pc-linux-gnu-library/4.4/TMB/include/TMB.hpp:182,\n                 from POPULATIONS/POPULATION_0013/INDIVIDUAL_FDQWNH3Y/model.cpp:1:\nPOPULATIONS/POPULATION_0013/INDIVIDUAL_FDQWNH3Y/model.cpp: In instantiation of \u2018Type objective_function<Type>::operator()() [with Type = CppAD::AD<double>]\u2019:\n/home/spi085/R/x86_64-pc-linux-gnu-library/4.4/TMB/include/tmb_core.hpp:1312:6:   required from here\nPOPULATIONS/POPULATION_0013/INDIVIDUAL_FDQWNH3Y/model.cpp:85:19: error: cannot convert \u2018CppAD::AD<double>\u2019 to \u2018double\u2019\n   85 |     if (!R_FINITE(r_cots) || !R_FINITE(K_cots) || !R_FINITE(alpha_cots) || !R_FINITE(beta_cots) ||\n      |                   ^~~~~~\n      |                   |\n      |                   CppAD::AD<double>\n/usr/share/R/include/R_ext/Arith.h:84:34: note: in definition of macro \u2018R_FINITE\u2019\n   84 | # define R_FINITE(x)    R_finite(x)\n      |                                  ^\n/usr/share/R/include/R_ext/Arith.h:63:14: note:   initializing argument 1 of \u2018int R_finite(double)\u2019\n   63 | int R_finite(double);           /* True if none of NA, NaN, +/-Inf */\n      |              ^~~~~~\nPOPULATIONS/POPULATION_0013/INDIVIDUAL_FDQWNH3Y/model.cpp:85:40: error: cannot convert \u2018CppAD::AD<double>\u2019 to \u2018double\u2019\n   85 |     if (!R_FINITE(r_cots) || !R_FINITE(K_cots) || !R_FINITE(alpha_cots) || !R_FINITE(beta_cots) ||\n      |                                        ^~~~~~\n      |                                        |\n      |                                        CppAD::AD<double>\n/usr/share/R/include/R_ext/Arith.h:84:34: note: in definition of macro \u2018R_FINITE\u2019\n   84 | # define R_FINITE(x)    R_finite(x)\n      |                                  ^\n/usr/share/R/include/R_ext/Arith.h:63:14: note:   initializing argument 1 of \u2018int R_finite(double)\u2019\n   63 | int R_finite(double);           /* True if none of NA, NaN, +/-Inf */\n      |              ^~~~~~\nPOPULATIONS/POPULATION_0013/INDIVIDUAL_FDQWNH3Y/model.cpp:85:61: error: cannot convert \u2018CppAD::AD<double>\u2019 to \u2018double\u2019\n   85 |     if (!R_FINITE(r_cots) || !R_FINITE(K_cots) || !R_FINITE(alpha_cots) || !R_FINITE(beta_cots) ||\n      |                                                             ^~~~~~~~~~\n      |                                                             |\n      |                                                             CppAD::AD<double>\n/usr/share/R/include/R_ext/Arith.h:84:34: note: in definition of macro \u2018R_FINITE\u2019\n   84 | # define R_FINITE(x)    R_finite(x)\n      |                                  ^\n/usr/share/R/include/R_ext/Arith.h:63:14: note:   initializing argument 1 of \u2018int R_finite(double)\u2019\n   63 | int R_finite(double);           /* True if none of NA, NaN, +/-Inf */\n      |              ^~~~~~\nPOPULATIONS/POPULATION_0013/INDIVIDUAL_FDQWNH3Y/model.cpp:85:86: error: cannot convert \u2018CppAD::AD<double>\u2019 to \u2018double\u2019\n   85 |     if (!R_FINITE(r_cots) || !R_FINITE(K_cots) || !R_FINITE(alpha_cots) || !R_FINITE(beta_cots) ||\n      |                                                                                      ^~~~~~~~~\n      |                                                                                      |\n      |                                                                                      CppAD::AD<double>\n/usr/share/R/include/R_ext/Arith.h:84:34: note: in definition of macro \u2018R_FINITE\u2019\n   84 | # define R_FINITE(x)    R_finite(x)\n      |                                  ^\n/usr/share/R/include/R_ext/Arith.h:63:14: note:   initializing argument 1 of \u2018int R_finite(double)\u2019\n   63 | int R_finite(double);           /* True if none of NA, NaN, +/-Inf */\n      |              ^~~~~~\nPOPULATIONS/POPULATION_0013/INDIVIDUAL_FDQWNH3Y/model.cpp:86:19: error: cannot convert \u2018CppAD::AD<double>\u2019 to \u2018double\u2019\n   86 |         !R_FINITE(m_cots) || !R_FINITE(eps_cots) || !R_FINITE(r_fast) || !R_FINITE(r_slow) ||\n      |                   ^~~~~~\n      |                   |\n      |                   CppAD::AD<double>\n/usr/share/R/include/R_ext/Arith.h:84:34: note: in definition of macro \u2018R_FINITE\u2019\n   84 | # define R_FINITE(x)    R_finite(x)\n      |                                  ^\n/usr/share/R/include/R_ext/Arith.h:63:14: note:   initializing argument 1 of \u2018int R_finite(double)\u2019\n   63 | int R_finite(double);           /* True if none of NA, NaN, +/-Inf */\n      |              ^~~~~~\nPOPULATIONS/POPULATION_0013/INDIVIDUAL_FDQWNH3Y/model.cpp:86:40: error: cannot convert \u2018CppAD::AD<double>\u2019 to \u2018double\u2019\n   86 |         !R_FINITE(m_cots) || !R_FINITE(eps_cots) || !R_FINITE(r_fast) || !R_FINITE(r_slow) ||\n      |                                        ^~~~~~~~\n      |                                        |\n      |                                        CppAD::AD<double>\n/usr/share/R/include/R_ext/Arith.h:84:34: note: in definition of macro \u2018R_FINITE\u2019\n   84 | # define R_FINITE(x)    R_finite(x)\n      |                                  ^\n/usr/share/R/include/R_ext/Arith.h:63:14: note:   initializing argument 1 of \u2018int R_finite(double)\u2019\n   63 | int R_finite(double);           /* True if none of NA, NaN, +/-Inf */\n      |              ^~~~~~\nPOPULATIONS/POPULATION_0013/INDIVIDUAL_FDQWNH3Y/model.cpp:86:63: error: cannot convert \u2018CppAD::AD<double>\u2019 to \u2018double\u2019\n   86 |         !R_FINITE(m_cots) || !R_FINITE(eps_cots) || !R_FINITE(r_fast) || !R_FINITE(r_slow) ||\n      |                                                               ^~~~~~\n      |                                                               |\n      |                                                               CppAD::AD<double>\n/usr/share/R/include/R_ext/Arith.h:84:34: note: in definition of macro \u2018R_FINITE\u2019\n   84 | # define R_FINITE(x)    R_finite(x)\n      |                                  ^\n/usr/share/R/include/R_ext/Arith.h:63:14: note:   initializing argument 1 of \u2018int R_finite(double)\u2019\n   63 | int R_finite(double);           /* True if none of NA, NaN, +/-Inf */\n      |              ^~~~~~\nPOPULATIONS/POPULATION_0013/INDIVIDUAL_FDQWNH3Y/model.cpp:86:84: error: cannot convert \u2018CppAD::AD<double>\u2019 to \u2018double\u2019\n   86 |         !R_FINITE(m_cots) || !R_FINITE(eps_cots) || !R_FINITE(r_fast) || !R_FINITE(r_slow) ||\n      |                                                                                    ^~~~~~\n      |                                                                                    |\n      |                                                                                    CppAD::AD<double>\n/usr/share/R/include/R_ext/Arith.h:84:34: note: in definition of macro \u2018R_FINITE\u2019\n   84 | # define R_FINITE(x)    R_finite(x)\n      |                                  ^\n/usr/share/R/include/R_ext/Arith.h:63:14: note:   initializing argument 1 of \u2018int R_finite(double)\u2019\n   63 | int R_finite(double);           /* True if none of NA, NaN, +/-Inf */\n      |              ^~~~~~\nPOPULATIONS/POPULATION_0013/INDIVIDUAL_FDQWNH3Y/model.cpp:87:19: error: cannot convert \u2018CppAD::AD<double>\u2019 to \u2018double\u2019\n   87 |         !R_FINITE(K_coral) || !R_FINITE(eps_fast) || !R_FINITE(eps_slow) ||\n      |                   ^~~~~~~\n      |                   |\n      |                   CppAD::AD<double>\n/usr/share/R/include/R_ext/Arith.h:84:34: note: in definition of macro \u2018R_FINITE\u2019\n   84 | # define R_FINITE(x)    R_finite(x)\n      |                                  ^\n/usr/share/R/include/R_ext/Arith.h:63:14: note:   initializing argument 1 of \u2018int R_finite(double)\u2019\n   63 | int R_finite(double);           /* True if none of NA, NaN, +/-Inf */\n      |              ^~~~~~\nPOPULATIONS/POPULATION_0013/INDIVIDUAL_FDQWNH3Y/model.cpp:87:41: error: cannot convert \u2018CppAD::AD<double>\u2019 to \u2018double\u2019\n   87 |         !R_FINITE(K_coral) || !R_FINITE(eps_fast) || !R_FINITE(eps_slow) ||\n      |                                         ^~~~~~~~\n      |                                         |\n      |                                         CppAD::AD<double>\n/usr/share/R/include/R_ext/Arith.h:84:34: note: in definition of macro \u2018R_FINITE\u2019\n   84 | # define R_FINITE(x)    R_finite(x)\n      |                                  ^\n/usr/share/R/include/R_ext/Arith.h:63:14: note:   initializing argument 1 of \u2018int R_finite(double)\u2019\n   63 | int R_finite(double);           /* True if none of NA, NaN, +/-Inf */\n      |              ^~~~~~\nPOPULATIONS/POPULATION_0013/INDIVIDUAL_FDQWNH3Y/model.cpp:87:64: error: cannot convert \u2018CppAD::AD<double>\u2019 to \u2018double\u2019\n   87 |         !R_FINITE(K_coral) || !R_FINITE(eps_fast) || !R_FINITE(eps_slow) ||\n      |                                                                ^~~~~~~~\n      |                                                                |\n      |                                                                CppAD::AD<double>\n/usr/share/R/include/R_ext/Arith.h:84:34: note: in definition of macro \u2018R_FINITE\u2019\n   84 | # define R_FINITE(x)    R_finite(x)\n      |                                  ^\n/usr/share/R/include/R_ext/Arith.h:63:14: note:   initializing argument 1 of \u2018int R_finite(double)\u2019\n   63 | int R_finite(double);           /* True if none of NA, NaN, +/-Inf */\n      |              ^~~~~~\nPOPULATIONS/POPULATION_0013/INDIVIDUAL_FDQWNH3Y/model.cpp:88:19: error: cannot convert \u2018CppAD::AD<double>\u2019 to \u2018double\u2019\n   88 |         !R_FINITE(sel_fast) || !R_FINITE(sel_slow) || !R_FINITE(outbreak_thresh) ||\n      |                   ^~~~~~~~\n      |                   |\n      |                   CppAD::AD<double>\n/usr/share/R/include/R_ext/Arith.h:84:34: note: in definition of macro \u2018R_FINITE\u2019\n   84 | # define R_FINITE(x)    R_finite(x)\n      |                                  ^\n/usr/share/R/include/R_ext/Arith.h:63:14: note:   initializing argument 1 of \u2018int R_finite(double)\u2019\n   63 | int R_finite(double);           /* True if none of NA, NaN, +/-Inf */\n      |              ^~~~~~\nPOPULATIONS/POPULATION_0013/INDIVIDUAL_FDQWNH3Y/model.cpp:88:42: error: cannot convert \u2018CppAD::AD<double>\u2019 to \u2018double\u2019\n   88 |         !R_FINITE(sel_fast) || !R_FINITE(sel_slow) || !R_FINITE(outbreak_thresh) ||\n      |                                          ^~~~~~~~\n      |                                          |\n      |                                          CppAD::AD<double>\n/usr/share/R/include/R_ext/Arith.h:84:34: note: in definition of macro \u2018R_FINITE\u2019\n   84 | # define R_FINITE(x)    R_finite(x)\n      |                                  ^\n/usr/share/R/include/R_ext/Arith.h:63:14: note:   initializing argument 1 of \u2018int R_finite(double)\u2019\n   63 | int R_finite(double);           /* True if none of NA, NaN, +/-Inf */\n      |              ^~~~~~\nPOPULATIONS/POPULATION_0013/INDIVIDUAL_FDQWNH3Y/model.cpp:88:65: error: cannot convert \u2018CppAD::AD<double>\u2019 to \u2018double\u2019\n   88 |         !R_FINITE(sel_fast) || !R_FINITE(sel_slow) || !R_FINITE(outbreak_thresh) ||\n      |                                                                 ^~~~~~~~~~~~~~~\n      |                                                                 |\n      |                                                                 CppAD::AD<double>\n/usr/share/R/include/R_ext/Arith.h:84:34: note: in definition of macro \u2018R_FINITE\u2019\n   84 | # define R_FINITE(x)    R_finite(x)\n      |                                  ^\n/usr/share/R/include/R_ext/Arith.h:63:14: note:   initializing argument 1 of \u2018int R_finite(double)\u2019\n   63 | int R_finite(double);           /* True if none of NA, NaN, +/-Inf */\n      |              ^~~~~~\nPOPULATIONS/POPULATION_0013/INDIVIDUAL_FDQWNH3Y/model.cpp:89:19: error: cannot convert \u2018CppAD::AD<double>\u2019 to \u2018double\u2019\n   89 |         !R_FINITE(sigma_cots) || !R_FINITE(sigma_fast) || !R_FINITE(sigma_slow)) {\n      |                   ^~~~~~~~~~\n      |                   |\n      |                   CppAD::AD<double>\n/usr/share/R/include/R_ext/Arith.h:84:34: note: in definition of macro \u2018R_FINITE\u2019\n   84 | # define R_FINITE(x)    R_finite(x)\n      |                                  ^\n/usr/share/R/include/R_ext/Arith.h:63:14: note:   initializing argument 1 of \u2018int R_finite(double)\u2019\n   63 | int R_finite(double);           /* True if none of NA, NaN, +/-Inf */\n      |              ^~~~~~\nPOPULATIONS/POPULATION_0013/INDIVIDUAL_FDQWNH3Y/model.cpp:89:44: error: cannot convert \u2018CppAD::AD<double>\u2019 to \u2018double\u2019\n   89 |         !R_FINITE(sigma_cots) || !R_FINITE(sigma_fast) || !R_FINITE(sigma_slow)) {\n      |                                            ^~~~~~~~~~\n      |                                            |\n      |                                            CppAD::AD<double>\n/usr/share/R/include/R_ext/Arith.h:84:34: note: in definition of macro \u2018R_FINITE\u2019\n   84 | # define R_FINITE(x)    R_finite(x)\n      |                                  ^\n/usr/share/R/include/R_ext/Arith.h:63:14: note:   initializing argument 1 of \u2018int R_finite(double)\u2019\n   63 | int R_finite(double);           /* True if none of NA, NaN, +/-Inf */\n      |              ^~~~~~\nPOPULATIONS/POPULATION_0013/INDIVIDUAL_FDQWNH3Y/model.cpp:89:69: error: cannot convert \u2018CppAD::AD<double>\u2019 to \u2018double\u2019\n   89 |         !R_FINITE(sigma_cots) || !R_FINITE(sigma_fast) || !R_FINITE(sigma_slow)) {\n      |                                                                     ^~~~~~~~~~\n      |                                                                     |\n      |                                                                     CppAD::AD<double>\n/usr/share/R/include/R_ext/Arith.h:84:34: note: in definition of macro \u2018R_FINITE\u2019\n   84 | # define R_FINITE(x)    R_finite(x)\n      |                                  ^\n/usr/share/R/include/R_ext/Arith.h:63:14: note:   initializing argument 1 of \u2018int R_finite(double)\u2019\n   63 | int R_finite(double);           /* True if none of NA, NaN, +/-Inf */\n      |              ^~~~~~\nPOPULATIONS/POPULATION_0013/INDIVIDUAL_FDQWNH3Y/model.cpp: In instantiation of \u2018Type objective_function<Type>::operator()() [with Type = CppAD::AD<CppAD::AD<double> >]\u2019:\n/home/spi085/R/x86_64-pc-linux-gnu-library/4.4/TMB/include/tmb_core.hpp:917:29:   required from \u2018Type objective_function<Type>::evalUserTemplate() [with Type = CppAD::AD<CppAD::AD<double> >]\u2019\n/home/spi085/R/x86_64-pc-linux-gnu-library/4.4/TMB/include/tmb_core.hpp:2116:26:   required from here\nPOPULATIONS/POPULATION_0013/INDIVIDUAL_FDQWNH3Y/model.cpp:85:19: error: cannot convert \u2018CppAD::AD<CppAD::AD<double> >\u2019 to \u2018double\u2019\n   85 |     if (!R_FINITE(r_cots) || !R_FINITE(K_cots) || !R_FINITE(alpha_cots) || !R_FINITE(beta_cots) ||\n      |                   ^~~~~~\n      |                   |\n      |                   CppAD::AD<CppAD::AD<double> >\n/usr/share/R/include/R_ext/Arith.h:84:34: note: in definition of macro \u2018R_FINITE\u2019\n   84 | # define R_FINITE(x)    R_finite(x)\n      |                                  ^\n/usr/share/R/include/R_ext/Arith.h:63:14: note:   initializing argument 1 of \u2018int R_finite(double)\u2019\n   63 | int R_finite(double);           /* True if none of NA, NaN, +/-Inf */\n      |              ^~~~~~\nPOPULATIONS/POPULATION_0013/INDIVIDUAL_FDQWNH3Y/model.cpp:85:40: error: cannot convert \u2018CppAD::AD<CppAD::AD<double> >\u2019 to \u2018double\u2019\n   85 |     if (!R_FINITE(r_cots) || !R_FINITE(K_cots) || !R_FINITE(alpha_cots) || !R_FINITE(beta_cots) ||\n      |                                        ^~~~~~\n      |                                        |\n      |                                        CppAD::AD<CppAD::AD<double> >\n/usr/share/R/include/R_ext/Arith.h:84:34: note: in definition of macro \u2018R_FINITE\u2019\n   84 | # define R_FINITE(x)    R_finite(x)\n      |                                  ^\n/usr/share/R/include/R_ext/Arith.h:63:14: note:   initializing argument 1 of \u2018int R_finite(double)\u2019\n   63 | int R_finite(double);           /* True if none of NA, NaN, +/-Inf */\n      |              ^~~~~~\nPOPULATIONS/POPULATION_0013/INDIVIDUAL_FDQWNH3Y/model.cpp:85:61: error: cannot convert \u2018CppAD::AD<CppAD::AD<double> >\u2019 to \u2018double\u2019\n   85 |     if (!R_FINITE(r_cots) || !R_FINITE(K_cots) || !R_FINITE(alpha_cots) || !R_FINITE(beta_cots) ||\n      |                                                             ^~~~~~~~~~\n      |                                                             |\n      |                                                             CppAD::AD<CppAD::AD<double> >\n/usr/share/R/include/R_ext/Arith.h:84:34: note: in definition of macro \u2018R_FINITE\u2019\n   84 | # define R_FINITE(x)    R_finite(x)\n      |                                  ^\n/usr/share/R/include/R_ext/Arith.h:63:14: note:   initializing argument 1 of \u2018int R_finite(double)\u2019\n   63 | int R_finite(double);           /* True if none of NA, NaN, +/-Inf */\n      |              ^~~~~~\nPOPULATIONS/POPULATION_0013/INDIVIDUAL_FDQWNH3Y/model.cpp:85:86: error: cannot convert \u2018CppAD::AD<CppAD::AD<double> >\u2019 to \u2018double\u2019\n   85 |     if (!R_FINITE(r_cots) || !R_FINITE(K_cots) || !R_FINITE(alpha_cots) || !R_FINITE(beta_cots) ||\n      |                                                                                      ^~~~~~~~~\n      |                                                                                      |\n      |                                                                                      CppAD::AD<CppAD::AD<double> >\n/usr/share/R/include/R_ext/Arith.h:84:34: note: in definition of macro \u2018R_FINITE\u2019\n   84 | # define R_FINITE(x)    R_finite(x)\n      |                                  ^\n/usr/share/R/include/R_ext/Arith.h:63:14: note:   initializing argument 1 of \u2018int R_finite(double)\u2019\n   63 | int R_finite(double);           /* True if none of NA, NaN, +/-Inf */\n      |              ^~~~~~\nPOPULATIONS/POPULATION_0013/INDIVIDUAL_FDQWNH3Y/model.cpp:86:19: error: cannot convert \u2018CppAD::AD<CppAD::AD<double> >\u2019 to \u2018double\u2019\n   86 |         !R_FINITE(m_cots) || !R_FINITE(eps_cots) || !R_FINITE(r_fast) || !R_FINITE(r_slow) ||\n      |                   ^~~~~~\n      |                   |\n      |                   CppAD::AD<CppAD::AD<double> >\n/usr/share/R/include/R_ext/Arith.h:84:34: note: in definition of macro \u2018R_FINITE\u2019\n   84 | # define R_FINITE(x)    R_finite(x)\n      |                                  ^\n/usr/share/R/include/R_ext/Arith.h:63:14: note:   initializing argument 1 of \u2018int R_finite(double)\u2019\n   63 | int R_finite(double);           /* True if none of NA, NaN, +/-Inf */\n      |              ^~~~~~\nPOPULATIONS/POPULATION_0013/INDIVIDUAL_FDQWNH3Y/model.cpp:86:40: error: cannot convert \u2018CppAD::AD<CppAD::AD<double> >\u2019 to \u2018double\u2019\n   86 |         !R_FINITE(m_cots) || !R_FINITE(eps_cots) || !R_FINITE(r_fast) || !R_FINITE(r_slow) ||\n      |                                        ^~~~~~~~\n      |                                        |\n      |                                        CppAD::AD<CppAD::AD<double> >\n/usr/share/R/include/R_ext/Arith.h:84:34: note: in definition of macro \u2018R_FINITE\u2019\n   84 | # define R_FINITE(x)    R_finite(x)\n      |                                  ^\n/usr/share/R/include/R_ext/Arith.h:63:14: note:   initializing argument 1 of \u2018int R_finite(double)\u2019\n   63 | int R_finite(double);           /* True if none of NA, NaN, +/-Inf */\n      |              ^~~~~~\nPOPULATIONS/POPULATION_0013/INDIVIDUAL_FDQWNH3Y/model.cpp:86:63: error: cannot convert \u2018CppAD::AD<CppAD::AD<double> >\u2019 to \u2018double\u2019\n   86 |         !R_FINITE(m_cots) || !R_FINITE(eps_cots) || !R_FINITE(r_fast) || !R_FINITE(r_slow) ||\n      |                                                               ^~~~~~\n      |                                                               |\n      |                                                               CppAD::AD<CppAD::AD<double> >\n/usr/share/R/include/R_ext/Arith.h:84:34: note: in definition of macro \u2018R_FINITE\u2019\n   84 | # define R_FINITE(x)    R_finite(x)\n      |                                  ^\n/usr/share/R/include/R_ext/Arith.h:63:14: note:   initializing argument 1 of \u2018int R_finite(double)\u2019\n   63 | int R_finite(double);           /* True if none of NA, NaN, +/-Inf */\n      |              ^~~~~~\nPOPULATIONS/POPULATION_0013/INDIVIDUAL_FDQWNH3Y/model.cpp:86:84: error: cannot convert \u2018CppAD::AD<CppAD::AD<double> >\u2019 to \u2018double\u2019\n   86 |         !R_FINITE(m_cots) || !R_FINITE(eps_cots) || !R_FINITE(r_fast) || !R_FINITE(r_slow) ||\n      |                                                                                    ^~~~~~\n      |                                                                                    |\n      |                                                                                    CppAD::AD<CppAD::AD<double> >\n/usr/share/R/include/R_ext/Arith.h:84:34: note: in definition of macro \u2018R_FINITE\u2019\n   84 | # define R_FINITE(x)    R_finite(x)\n      |                                  ^\n/usr/share/R/include/R_ext/Arith.h:63:14: note:   initializing argument 1 of \u2018int R_finite(double)\u2019\n   63 | int R_finite(double);           /* True if none of NA, NaN, +/-Inf */\n      |              ^~~~~~\nPOPULATIONS/POPULATION_0013/INDIVIDUAL_FDQWNH3Y/model.cpp:87:19: error: cannot convert \u2018CppAD::AD<CppAD::AD<double> >\u2019 to \u2018double\u2019\n   87 |         !R_FINITE(K_coral) || !R_FINITE(eps_fast) || !R_FINITE(eps_slow) ||\n      |                   ^~~~~~~\n      |                   |\n      |                   CppAD::AD<CppAD::AD<double> >\n/usr/share/R/include/R_ext/Arith.h:84:34: note: in definition of macro \u2018R_FINITE\u2019\n   84 | # define R_FINITE(x)    R_finite(x)\n      |                                  ^\n/usr/share/R/include/R_ext/Arith.h:63:14: note:   initializing argument 1 of \u2018int R_finite(double)\u2019\n   63 | int R_finite(double);           /* True if none of NA, NaN, +/-Inf */\n      |              ^~~~~~\nPOPULATIONS/POPULATION_0013/INDIVIDUAL_FDQWNH3Y/model.cpp:87:41: error: cannot convert \u2018CppAD::AD<CppAD::AD<double> >\u2019 to \u2018double\u2019\n   87 |         !R_FINITE(K_coral) || !R_FINITE(eps_fast) || !R_FINITE(eps_slow) ||\n      |                                         ^~~~~~~~\n      |                                         |\n      |                                         CppAD::AD<CppAD::AD<double> >\n/usr/share/R/include/R_ext/Arith.h:84:34: note: in definition of macro \u2018R_FINITE\u2019\n   84 | # define R_FINITE(x)    R_finite(x)\n      |                                  ^\n/usr/share/R/include/R_ext/Arith.h:63:14: note:   initializing argument 1 of \u2018int R_finite(double)\u2019\n   63 | int R_finite(double);           /* True if none of NA, NaN, +/-Inf */\n      |              ^~~~~~\nPOPULATIONS/POPULATION_0013/INDIVIDUAL_FDQWNH3Y/model.cpp:87:64: error: cannot convert \u2018CppAD::AD<CppAD::AD<double> >\u2019 to \u2018double\u2019\n   87 |         !R_FINITE(K_coral) || !R_FINITE(eps_fast) || !R_FINITE(eps_slow) ||\n      |                                                                ^~~~~~~~\n      |                                                                |\n      |                                                                CppAD::AD<CppAD::AD<double> >\n/usr/share/R/include/R_ext/Arith.h:84:34: note: in definition of macro \u2018R_FINITE\u2019\n   84 | # define R_FINITE(x)    R_finite(x)\n      |                                  ^\n/usr/share/R/include/R_ext/Arith.h:63:14: note:   initializing argument 1 of \u2018int R_finite(double)\u2019\n   63 | int R_finite(double);           /* True if none of NA, NaN, +/-Inf */\n      |              ^~~~~~\nPOPULATIONS/POPULATION_0013/INDIVIDUAL_FDQWNH3Y/model.cpp:88:19: error: cannot convert \u2018CppAD::AD<CppAD::AD<double> >\u2019 to \u2018double\u2019\n   88 |         !R_FINITE(sel_fast) || !R_FINITE(sel_slow) || !R_FINITE(outbreak_thresh) ||\n      |                   ^~~~~~~~\n      |                   |\n      |                   CppAD::AD<CppAD::AD<double> >\n/usr/share/R/include/R_ext/Arith.h:84:34: note: in definition of macro \u2018R_FINITE\u2019\n   84 | # define R_FINITE(x)    R_finite(x)\n      |                                  ^\n/usr/share/R/include/R_ext/Arith.h:63:14: note:   initializing argument 1 of \u2018int R_finite(double)\u2019\n   63 | int R_finite(double);           /* True if none of NA, NaN, +/-Inf */\n      |              ^~~~~~\nPOPULATIONS/POPULATION_0013/INDIVIDUAL_FDQWNH3Y/model.cpp:88:42: error: cannot convert \u2018CppAD::AD<CppAD::AD<double> >\u2019 to \u2018double\u2019\n   88 |         !R_FINITE(sel_fast) || !R_FINITE(sel_slow) || !R_FINITE(outbreak_thresh) ||\n      |                                          ^~~~~~~~\n      |                                          |\n      |                                          CppAD::AD<CppAD::AD<double> >\n/usr/share/R/include/R_ext/Arith.h:84:34: note: in definition of macro \u2018R_FINITE\u2019\n   84 | # define R_FINITE(x)    R_finite(x)\n      |                                  ^\n/usr/share/R/include/R_ext/Arith.h:63:14: note:   initializing argument 1 of \u2018int R_finite(double)\u2019\n   63 | int R_finite(double);           /* True if none of NA, NaN, +/-Inf */\n      |              ^~~~~~\nPOPULATIONS/POPULATION_0013/INDIVIDUAL_FDQWNH3Y/model.cpp:88:65: error: cannot convert \u2018CppAD::AD<CppAD::AD<double> >\u2019 to \u2018double\u2019\n   88 |         !R_FINITE(sel_fast) || !R_FINITE(sel_slow) || !R_FINITE(outbreak_thresh) ||\n      |                                                                 ^~~~~~~~~~~~~~~\n      |                                                                 |\n      |                                                                 CppAD::AD<CppAD::AD<double> >\n/usr/share/R/include/R_ext/Arith.h:84:34: note: in definition of macro \u2018R_FINITE\u2019\n   84 | # define R_FINITE(x)    R_finite(x)\n      |                                  ^\n/usr/share/R/include/R_ext/Arith.h:63:14: note:   initializing argument 1 of \u2018int R_finite(double)\u2019\n   63 | int R_finite(double);           /* True if none of NA, NaN, +/-Inf */\n      |              ^~~~~~\nPOPULATIONS/POPULATION_0013/INDIVIDUAL_FDQWNH3Y/model.cpp:89:19: error: cannot convert \u2018CppAD::AD<CppAD::AD<double> >\u2019 to \u2018double\u2019\n   89 |         !R_FINITE(sigma_cots) || !R_FINITE(sigma_fast) || !R_FINITE(sigma_slow)) {\n      |                   ^~~~~~~~~~\n      |                   |\n      |                   CppAD::AD<CppAD::AD<double> >\n/usr/share/R/include/R_ext/Arith.h:84:34: note: in definition of macro \u2018R_FINITE\u2019\n   84 | # define R_FINITE(x)    R_finite(x)\n      |                                  ^\n/usr/share/R/include/R_ext/Arith.h:63:14: note:   initializing argument 1 of \u2018int R_finite(double)\u2019\n   63 | int R_finite(double);           /* True if none of NA, NaN, +/-Inf */\n      |              ^~~~~~\nPOPULATIONS/POPULATION_0013/INDIVIDUAL_FDQWNH3Y/model.cpp:89:44: error: cannot convert \u2018CppAD::AD<CppAD::AD<double> >\u2019 to \u2018double\u2019\n   89 |         !R_FINITE(sigma_cots) || !R_FINITE(sigma_fast) || !R_FINITE(sigma_slow)) {\n      |                                            ^~~~~~~~~~\n      |                                            |\n      |                                            CppAD::AD<CppAD::AD<double> >\n/usr/share/R/include/R_ext/Arith.h:84:34: note: in definition of macro \u2018R_FINITE\u2019\n   84 | # define R_FINITE(x)    R_finite(x)\n      |                                  ^\n/usr/share/R/include/R_ext/Arith.h:63:14: note:   initializing argument 1 of \u2018int R_finite(double)\u2019\n   63 | int R_finite(double);           /* True if none of NA, NaN, +/-Inf */\n      |              ^~~~~~\nPOPULATIONS/POPULATION_0013/INDIVIDUAL_FDQWNH3Y/model.cpp:89:69: error: cannot convert \u2018CppAD::AD<CppAD::AD<double> >\u2019 to \u2018double\u2019\n   89 |         !R_FINITE(sigma_cots) || !R_FINITE(sigma_fast) || !R_FINITE(sigma_slow)) {\n      |                                                                     ^~~~~~~~~~\n      |                                                                     |\n      |                                                                     CppAD::AD<CppAD::AD<double> >\n/usr/share/R/include/R_ext/Arith.h:84:34: note: in definition of macro \u2018R_FINITE\u2019\n   84 | # define R_FINITE(x)    R_finite(x)\n      |                                  ^\n/usr/share/R/include/R_ext/Arith.h:63:14: note:   initializing argument 1 of \u2018int R_finite(double)\u2019\n   63 | int R_finite(double);           /* True if none of NA, NaN, +/-Inf */\n      |              ^~~~~~\nPOPULATIONS/POPULATION_0013/INDIVIDUAL_FDQWNH3Y/model.cpp: In instantiation of \u2018Type objective_function<Type>::operator()() [with Type = CppAD::AD<CppAD::AD<CppAD::AD<double> > >]\u2019:\n/home/spi085/R/x86_64-pc-linux-gnu-library/4.4/TMB/include/tmb_core.hpp:917:29:   required from \u2018Type objective_function<Type>::evalUserTemplate() [with Type = CppAD::AD<CppAD::AD<CppAD::AD<double> > >]\u2019\n/home/spi085/R/x86_64-pc-linux-gnu-library/4.4/TMB/include/tmb_core.hpp:2365:28:   required from here\nPOPULATIONS/POPULATION_0013/INDIVIDUAL_FDQWNH3Y/model.cpp:85:19: error: cannot convert \u2018CppAD::AD<CppAD::AD<CppAD::AD<double> > >\u2019 to \u2018double\u2019\n   85 |     if (!R_FINITE(r_cots) || !R_FINITE(K_cots) || !R_FINITE(alpha_cots) || !R_FINITE(beta_cots) ||\n      |                   ^~~~~~\n      |                   |\n      |                   CppAD::AD<CppAD::AD<CppAD::AD<double> > >\n/usr/share/R/include/R_ext/Arith.h:84:34: note: in definition of macro \u2018R_FINITE\u2019\n   84 | # define R_FINITE(x)    R_finite(x)\n      |                                  ^\n/usr/share/R/include/R_ext/Arith.h:63:14: note:   initializing argument 1 of \u2018int R_finite(double)\u2019\n   63 | int R_finite(double);           /* True if none of NA, NaN, +/-Inf */\n      |              ^~~~~~\nPOPULATIONS/POPULATION_0013/INDIVIDUAL_FDQWNH3Y/model.cpp:85:40: error: cannot convert \u2018CppAD::AD<CppAD::AD<CppAD::AD<double> > >\u2019 to \u2018double\u2019\n   85 |     if (!R_FINITE(r_cots) || !R_FINITE(K_cots) || !R_FINITE(alpha_cots) || !R_FINITE(beta_cots) ||\n      |                                        ^~~~~~\n      |                                        |\n      |                                        CppAD::AD<CppAD::AD<CppAD::AD<double> > >\n/usr/share/R/include/R_ext/Arith.h:84:34: note: in definition of macro \u2018R_FINITE\u2019\n   84 | # define R_FINITE(x)    R_finite(x)\n      |                                  ^\n/usr/share/R/include/R_ext/Arith.h:63:14: note:   initializing argument 1 of \u2018int R_finite(double)\u2019\n   63 | int R_finite(double);           /* True if none of NA, NaN, +/-Inf */\n      |              ^~~~~~\nPOPULATIONS/POPULATION_0013/INDIVIDUAL_FDQWNH3Y/model.cpp:85:61: error: cannot convert \u2018CppAD::AD<CppAD::AD<CppAD::AD<double> > >\u2019 to \u2018double\u2019\n   85 |     if (!R_FINITE(r_cots) || !R_FINITE(K_cots) || !R_FINITE(alpha_cots) || !R_FINITE(beta_cots) ||\n      |                                                             ^~~~~~~~~~\n      |                                                             |\n      |                                                             CppAD::AD<CppAD::AD<CppAD::AD<double> > >\n/usr/share/R/include/R_ext/Arith.h:84:34: note: in definition of macro \u2018R_FINITE\u2019\n   84 | # define R_FINITE(x)    R_finite(x)\n      |                                  ^\n/usr/share/R/include/R_ext/Arith.h:63:14: note:   initializing argument 1 of \u2018int R_finite(double)\u2019\n   63 | int R_finite(double);           /* True if none of NA, NaN, +/-Inf */\n      |              ^~~~~~\nPOPULATIONS/POPULATION_0013/INDIVIDUAL_FDQWNH3Y/model.cpp:85:86: error: cannot convert \u2018CppAD::AD<CppAD::AD<CppAD::AD<double> > >\u2019 to \u2018double\u2019\n   85 |     if (!R_FINITE(r_cots) || !R_FINITE(K_cots) || !R_FINITE(alpha_cots) || !R_FINITE(beta_cots) ||\n      |                                                                                      ^~~~~~~~~\n      |                                                                                      |\n      |                                                                                      CppAD::AD<CppAD::AD<CppAD::AD<double> > >\n/usr/share/R/include/R_ext/Arith.h:84:34: note: in definition of macro \u2018R_FINITE\u2019\n   84 | # define R_FINITE(x)    R_finite(x)\n      |                                  ^\n/usr/share/R/include/R_ext/Arith.h:63:14: note:   initializing argument 1 of \u2018int R_finite(double)\u2019\n   63 | int R_finite(double);           /* True if none of NA, NaN, +/-Inf */\n      |              ^~~~~~\nPOPULATIONS/POPULATION_0013/INDIVIDUAL_FDQWNH3Y/model.cpp:86:19: error: cannot convert \u2018CppAD::AD<CppAD::AD<CppAD::AD<double> > >\u2019 to \u2018double\u2019\n   86 |         !R_FINITE(m_cots) || !R_FINITE(eps_cots) || !R_FINITE(r_fast) || !R_FINITE(r_slow) ||\n      |                   ^~~~~~\n      |                   |\n      |                   CppAD::AD<CppAD::AD<CppAD::AD<double> > >\n/usr/share/R/include/R_ext/Arith.h:84:34: note: in definition of macro \u2018R_FINITE\u2019\n   84 | # define R_FINITE(x)    R_finite(x)\n      |                                  ^\n/usr/share/R/include/R_ext/Arith.h:63:14: note:   initializing argument 1 of \u2018int R_finite(double)\u2019\n   63 | int R_finite(double);           /* True if none of NA, NaN, +/-Inf */\n      |              ^~~~~~\nPOPULATIONS/POPULATION_0013/INDIVIDUAL_FDQWNH3Y/model.cpp:86:40: error: cannot convert \u2018CppAD::AD<CppAD::AD<CppAD::AD<double> > >\u2019 to \u2018double\u2019\n   86 |         !R_FINITE(m_cots) || !R_FINITE(eps_cots) || !R_FINITE(r_fast) || !R_FINITE(r_slow) ||\n      |                                        ^~~~~~~~\n      |                                        |\n      |                                        CppAD::AD<CppAD::AD<CppAD::AD<double> > >\n/usr/share/R/include/R_ext/Arith.h:84:34: note: in definition of macro \u2018R_FINITE\u2019\n   84 | # define R_FINITE(x)    R_finite(x)\n      |                                  ^\n/usr/share/R/include/R_ext/Arith.h:63:14: note:   initializing argument 1 of \u2018int R_finite(double)\u2019\n   63 | int R_finite(double);           /* True if none of NA, NaN, +/-Inf */\n      |              ^~~~~~\nPOPULATIONS/POPULATION_0013/INDIVIDUAL_FDQWNH3Y/model.cpp:86:63: error: cannot convert \u2018CppAD::AD<CppAD::AD<CppAD::AD<double> > >\u2019 to \u2018double\u2019\n   86 |         !R_FINITE(m_cots) || !R_FINITE(eps_cots) || !R_FINITE(r_fast) || !R_FINITE(r_slow) ||\n      |                                                               ^~~~~~\n      |                                                               |\n      |                                                               CppAD::AD<CppAD::AD<CppAD::AD<double> > >\n/usr/share/R/include/R_ext/Arith.h:84:34: note: in definition of macro \u2018R_FINITE\u2019\n   84 | # define R_FINITE(x)    R_finite(x)\n      |                                  ^\n/usr/share/R/include/R_ext/Arith.h:63:14: note:   initializing argument 1 of \u2018int R_finite(double)\u2019\n   63 | int R_finite(double);           /* True if none of NA, NaN, +/-Inf */\n      |              ^~~~~~\nPOPULATIONS/POPULATION_0013/INDIVIDUAL_FDQWNH3Y/model.cpp:86:84: error: cannot convert \u2018CppAD::AD<CppAD::AD<CppAD::AD<double> > >\u2019 to \u2018double\u2019\n   86 |         !R_FINITE(m_cots) || !R_FINITE(eps_cots) || !R_FINITE(r_fast) || !R_FINITE(r_slow) ||\n      |                                                                                    ^~~~~~\n      |                                                                                    |\n      |                                                                                    CppAD::AD<CppAD::AD<CppAD::AD<double> > >\n/usr/share/R/include/R_ext/Arith.h:84:34: note: in definition of macro \u2018R_FINITE\u2019\n   84 | # define R_FINITE(x)    R_finite(x)\n      |                                  ^\n/usr/share/R/include/R_ext/Arith.h:63:14: note:   initializing argument 1 of \u2018int R_finite(double)\u2019\n   63 | int R_finite(double);           /* True if none of NA, NaN, +/-Inf */\n      |              ^~~~~~\nPOPULATIONS/POPULATION_0013/INDIVIDUAL_FDQWNH3Y/model.cpp:87:19: error: cannot convert \u2018CppAD::AD<CppAD::AD<CppAD::AD<double> > >\u2019 to \u2018double\u2019\n   87 |         !R_FINITE(K_coral) || !R_FINITE(eps_fast) || !R_FINITE(eps_slow) ||\n      |                   ^~~~~~~\n      |                   |\n      |                   CppAD::AD<CppAD::AD<CppAD::AD<double> > >\n/usr/share/R/include/R_ext/Arith.h:84:34: note: in definition of macro \u2018R_FINITE\u2019\n   84 | # define R_FINITE(x)    R_finite(x)\n      |                                  ^\n/usr/share/R/include/R_ext/Arith.h:63:14: note:   initializing argument 1 of \u2018int R_finite(double)\u2019\n   63 | int R_finite(double);           /* True if none of NA, NaN, +/-Inf */\n      |              ^~~~~~\nPOPULATIONS/POPULATION_0013/INDIVIDUAL_FDQWNH3Y/model.cpp:87:41: error: cannot convert \u2018CppAD::AD<CppAD::AD<CppAD::AD<double> > >\u2019 to \u2018double\u2019\n   87 |         !R_FINITE(K_coral) || !R_FINITE(eps_fast) || !R_FINITE(eps_slow) ||\n      |                                         ^~~~~~~~\n      |                                         |\n      |                                         CppAD::AD<CppAD::AD<CppAD::AD<double> > >\n/usr/share/R/include/R_ext/Arith.h:84:34: note: in definition of macro \u2018R_FINITE\u2019\n   84 | # define R_FINITE(x)    R_finite(x)\n      |                                  ^\n/usr/share/R/include/R_ext/Arith.h:63:14: note:   initializing argument 1 of \u2018int R_finite(double)\u2019\n   63 | int R_finite(double);           /* True if none of NA, NaN, +/-Inf */\n      |              ^~~~~~\nPOPULATIONS/POPULATION_0013/INDIVIDUAL_FDQWNH3Y/model.cpp:87:64: error: cannot convert \u2018CppAD::AD<CppAD::AD<CppAD::AD<double> > >\u2019 to \u2018double\u2019\n   87 |         !R_FINITE(K_coral) || !R_FINITE(eps_fast) || !R_FINITE(eps_slow) ||\n      |                                                                ^~~~~~~~\n      |                                                                |\n      |                                                                CppAD::AD<CppAD::AD<CppAD::AD<double> > >\n/usr/share/R/include/R_ext/Arith.h:84:34: note: in definition of macro \u2018R_FINITE\u2019\n   84 | # define R_FINITE(x)    R_finite(x)\n      |                                  ^\n/usr/share/R/include/R_ext/Arith.h:63:14: note:   initializing argument 1 of \u2018int R_finite(double)\u2019\n   63 | int R_finite(double);           /* True if none of NA, NaN, +/-Inf */\n      |              ^~~~~~\nPOPULATIONS/POPULATION_0013/INDIVIDUAL_FDQWNH3Y/model.cpp:88:19: error: cannot convert \u2018CppAD::AD<CppAD::AD<CppAD::AD<double> > >\u2019 to \u2018double\u2019\n   88 |         !R_FINITE(sel_fast) || !R_FINITE(sel_slow) || !R_FINITE(outbreak_thresh) ||\n      |                   ^~~~~~~~\n      |                   |\n      |                   CppAD::AD<CppAD::AD<CppAD::AD<double> > >\n/usr/share/R/include/R_ext/Arith.h:84:34: note: in definition of macro \u2018R_FINITE\u2019\n   84 | # define R_FINITE(x)    R_finite(x)\n      |                                  ^\n/usr/share/R/include/R_ext/Arith.h:63:14: note:   initializing argument 1 of \u2018int R_finite(double)\u2019\n   63 | int R_finite(double);           /* True if none of NA, NaN, +/-Inf */\n      |              ^~~~~~\nPOPULATIONS/POPULATION_0013/INDIVIDUAL_FDQWNH3Y/model.cpp:88:42: error: cannot convert \u2018CppAD::AD<CppAD::AD<CppAD::AD<double> > >\u2019 to \u2018double\u2019\n   88 |         !R_FINITE(sel_fast) || !R_FINITE(sel_slow) || !R_FINITE(outbreak_thresh) ||\n      |                                          ^~~~~~~~\n      |                                          |\n      |                                          CppAD::AD<CppAD::AD<CppAD::AD<double> > >\n/usr/share/R/include/R_ext/Arith.h:84:34: note: in definition of macro \u2018R_FINITE\u2019\n   84 | # define R_FINITE(x)    R_finite(x)\n      |                                  ^\n/usr/share/R/include/R_ext/Arith.h:63:14: note:   initializing argument 1 of \u2018int R_finite(double)\u2019\n   63 | int R_finite(double);           /* True if none of NA, NaN, +/-Inf */\n      |              ^~~~~~\nPOPULATIONS/POPULATION_0013/INDIVIDUAL_FDQWNH3Y/model.cpp:88:65: error: cannot convert \u2018CppAD::AD<CppAD::AD<CppAD::AD<double> > >\u2019 to \u2018double\u2019\n   88 |         !R_FINITE(sel_fast) || !R_FINITE(sel_slow) || !R_FINITE(outbreak_thresh) ||\n      |                                                                 ^~~~~~~~~~~~~~~\n      |                                                                 |\n      |                                                                 CppAD::AD<CppAD::AD<CppAD::AD<double> > >\n/usr/share/R/include/R_ext/Arith.h:84:34: note: in definition of macro \u2018R_FINITE\u2019\n   84 | # define R_FINITE(x)    R_finite(x)\n      |                                  ^\n/usr/share/R/include/R_ext/Arith.h:63:14: note:   initializing argument 1 of \u2018int R_finite(double)\u2019\n   63 | int R_finite(double);           /* True if none of NA, NaN, +/-Inf */\n      |              ^~~~~~\nPOPULATIONS/POPULATION_0013/INDIVIDUAL_FDQWNH3Y/model.cpp:89:19: error: cannot convert \u2018CppAD::AD<CppAD::AD<CppAD::AD<double> > >\u2019 to \u2018double\u2019\n   89 |         !R_FINITE(sigma_cots) || !R_FINITE(sigma_fast) || !R_FINITE(sigma_slow)) {\n      |                   ^~~~~~~~~~\n      |                   |\n      |                   CppAD::AD<CppAD::AD<CppAD::AD<double> > >\n/usr/share/R/include/R_ext/Arith.h:84:34: note: in definition of macro \u2018R_FINITE\u2019\n   84 | # define R_FINITE(x)    R_finite(x)\n      |                                  ^\n/usr/share/R/include/R_ext/Arith.h:63:14: note:   initializing argument 1 of \u2018int R_finite(double)\u2019\n   63 | int R_finite(double);           /* True if none of NA, NaN, +/-Inf */\n      |              ^~~~~~\nPOPULATIONS/POPULATION_0013/INDIVIDUAL_FDQWNH3Y/model.cpp:89:44: error: cannot convert \u2018CppAD::AD<CppAD::AD<CppAD::AD<double> > >\u2019 to \u2018double\u2019\n   89 |         !R_FINITE(sigma_cots) || !R_FINITE(sigma_fast) || !R_FINITE(sigma_slow)) {\n      |                                            ^~~~~~~~~~\n      |                                            |\n      |                                            CppAD::AD<CppAD::AD<CppAD::AD<double> > >\n/usr/share/R/include/R_ext/Arith.h:84:34: note: in definition of macro \u2018R_FINITE\u2019\n   84 | # define R_FINITE(x)    R_finite(x)\n      |                                  ^\n/usr/share/R/include/R_ext/Arith.h:63:14: note:   initializing argument 1 of \u2018int R_finite(double)\u2019\n   63 | int R_finite(double);           /* True if none of NA, NaN, +/-Inf */\n      |              ^~~~~~\nPOPULATIONS/POPULATION_0013/INDIVIDUAL_FDQWNH3Y/model.cpp:89:69: error: cannot convert \u2018CppAD::AD<CppAD::AD<CppAD::AD<double> > >\u2019 to \u2018double\u2019\n   89 |         !R_FINITE(sigma_cots) || !R_FINITE(sigma_fast) || !R_FINITE(sigma_slow)) {\n      |                                                                     ^~~~~~~~~~\n      |                                                                     |\n      |                                                                     CppAD::AD<CppAD::AD<CppAD::AD<double> > >\n/usr/share/R/include/R_ext/Arith.h:84:34: note: in definition of macro \u2018R_FINITE\u2019\n   84 | # define R_FINITE(x)    R_finite(x)\n      |                                  ^\n/usr/share/R/include/R_ext/Arith.h:63:14: note:   initializing argument 1 of \u2018int R_finite(double)\u2019\n   63 | int R_finite(double);           /* True if none of NA, NaN, +/-Inf */\n      |              ^~~~~~\nmake: *** [/usr/lib/R/etc/Makeconf:204: POPULATIONS/POPULATION_0013/INDIVIDUAL_FDQWNH3Y/model.o] Error 1\nError in TMB::compile(file.path(individual_dir, model_file), flags = flags,  : \n  Compilation failed\nError: Compilation failed\nExecution halted"
    },
    "5": {
      "status": "SUCCESS",
      "objective_value": "NaN",
      "model_summary": [
        "            Length Class  Mode     ",
        "par         20     -none- numeric  ",
        "objective    1     -none- numeric  ",
        "convergence  1     -none- numeric  ",
        "iterations   1     -none- numeric  ",
        "evaluations  2     -none- numeric  ",
        "message      1     -none- character"
      ],
      "model_report": [],
      "plot_data": [],
      "stdout": "g++ -std=gnu++17 -I\"/usr/share/R/include\" -DNDEBUG -I\"/home/spi085/R/x86_64-pc-linux-gnu-library/4.4/TMB/include\" -I\"/home/spi085/R/x86_64-pc-linux-gnu-library/4.4/RcppEigen/include\"   -DTMB_EIGEN_DISABLE_WARNINGS   -DTMB_LIB_INIT=R_init_model  -DCPPAD_FRAMEWORK      -fpic  -O2  -c POPULATIONS/POPULATION_0013/INDIVIDUAL_FDQWNH3Y/model.cpp -o POPULATIONS/POPULATION_0013/INDIVIDUAL_FDQWNH3Y/model.o\ng++ -std=gnu++17 -shared -L/usr/lib/R/lib -Wl,-Bsymbolic-functions -flto=auto -ffat-lto-objects -Wl,-z,relro -o POPULATIONS/POPULATION_0013/INDIVIDUAL_FDQWNH3Y/model.so POPULATIONS/POPULATION_0013/INDIVIDUAL_FDQWNH3Y/model.o -L/usr/lib/R/lib -lR\nStarting model phases\nNumber of phases: 3 \nPhase 1 \nInitial parameter values for phase 1 :\n log_r_cots  log_K_cots  log_r_fast  log_r_slow log_K_coral \n         NA          NA      -0.880      -3.108       1.810 \nFinal parameter values for phase 1 :\n log_r_cots  log_K_cots  log_r_fast  log_r_slow log_K_coral \n         NA          NA      -0.880      -3.108       1.810 \nConvergence message: both X-convergence and relative convergence (5) \nNumber of iterations: 1 \nObjective function value: 1e+10 \nGradient at solution for phase 1 :\n     [,1] [,2] [,3] [,4] [,5]\n[1,]    0    0    0    0    0\nPhase 2 \nInitial parameter values for phase 2 :\n       log_alpha_cots         log_beta_cots            log_m_cots \n                   NA                    NA                 -2.88 \n             phi_cots        logit_sel_fast        logit_sel_slow \n                   NA                    NA                    NA \nlogit_outbreak_thresh              beta_sst              beta_imm \n                   NA                  0.85                    NA \nFinal parameter values for phase 2 :\n       log_alpha_cots         log_beta_cots            log_m_cots \n                   NA                    NA                 -2.88 \n             phi_cots        logit_sel_fast        logit_sel_slow \n                   NA                    NA                    NA \nlogit_outbreak_thresh              beta_sst              beta_imm \n                   NA                  0.85                    NA \nConvergence message: both X-convergence and relative convergence (5) \nNumber of iterations: 1 \nObjective function value: 1e+10 \nGradient at solution for phase 2 :\n     [,1] [,2] [,3] [,4] [,5] [,6] [,7] [,8] [,9]\n[1,]    0    0    0    0    0    0    0    0    0\nPhase 3 \nInitial parameter values for phase 3 :\n  log_eps_cots   log_eps_fast   log_eps_slow log_sigma_cots log_sigma_fast \n            NA             NA             NA             NA             NA \nlog_sigma_slow \n            NA \nFinal parameter values for phase 3 :\n  log_eps_cots   log_eps_fast   log_eps_slow log_sigma_cots log_sigma_fast \n            NA             NA             NA             NA             NA \nlog_sigma_slow \n            NA \nConvergence message: both X-convergence and relative convergence (5) \nNumber of iterations: 1 \nObjective function value: 1e+10 \nGradient at solution for phase 3 :\n     [,1] [,2] [,3] [,4] [,5] [,6]\n[1,]    0    0    0    0    0    0\nFinal Phase\nInitial parameter values for final phase:\n           log_r_cots            log_K_cots        log_alpha_cots \n                   NA                    NA                    NA \n        log_beta_cots            log_m_cots          log_eps_cots \n                   NA                -2.880                    NA \n             phi_cots            log_r_fast            log_r_slow \n                   NA                -0.880                -3.108 \n          log_K_coral          log_eps_fast          log_eps_slow \n                1.810                    NA                    NA \n       logit_sel_fast        logit_sel_slow logit_outbreak_thresh \n                   NA                    NA                    NA \n             beta_sst              beta_imm        log_sigma_cots \n                0.850                    NA                    NA \n       log_sigma_fast        log_sigma_slow \n                   NA                    NA \nFinal parameter values for final phase:\n           log_r_cots            log_K_cots        log_alpha_cots \n                   NA                    NA                    NA \n        log_beta_cots            log_m_cots          log_eps_cots \n                   NA                -2.880                    NA \n             phi_cots            log_r_fast            log_r_slow \n                   NA                -0.880                -3.108 \n          log_K_coral          log_eps_fast          log_eps_slow \n                1.810                    NA                    NA \n       logit_sel_fast        logit_sel_slow logit_outbreak_thresh \n                   NA                    NA                    NA \n             beta_sst              beta_imm        log_sigma_cots \n                0.850                    NA                    NA \n       log_sigma_fast        log_sigma_slow \n                   NA                    NA \nConvergence message: both X-convergence and relative convergence (5) \nNumber of iterations: 1 \nObjective function value: 1e+10 \nGradient at solution for final phase:\n     [,1] [,2] [,3] [,4] [,5] [,6] [,7] [,8] [,9] [,10] [,11] [,12] [,13] [,14]\n[1,]    0    0    0    0    0    0    0    0    0     0     0     0     0     0\n     [,15] [,16] [,17] [,18] [,19] [,20]\n[1,]     0     0     0     0     0     0\nAll phases completed\n\nRunning model validation...\nNo test data available (train_test_split >= 1.0)\nNULL\n\nDEBUG: Report contents:\n list()\nNULL\n\nDEBUG: Available variables in report:\nNULL\n\nChecking predictions and calculating objective function...\n\nDEBUG: Processing cots_pred \nDEBUG: cots_pred not found in report\nDEBUG: Available variables:  \n\nDEBUG: Using the following variables for objective function:\ncots_dat -> cots_pred\nfast_dat -> fast_pred\nslow_dat -> slow_pred\n\nDEBUG: Calculating MSE for prediction variables only:\n\nDEBUG: MSE values:\ncots_dat fast_dat slow_dat \n      NA       NA       NA \n\nDEBUG: Final objective value (mean of MSEs): NaN \n\nFinal objective function value: NaN \n\nJSON_REPORT_START\n{\n  \"status\": \"SUCCESS\",\n  \"objective_value\": \"NaN\",\n  \"model_summary\": [\"            Length Class  Mode     \", \"par         20     -none- numeric  \", \"objective    1     -none- numeric  \", \"convergence  1     -none- numeric  \", \"iterations   1     -none- numeric  \", \"evaluations  2     -none- numeric  \", \"message      1     -none- character\"],\n  \"model_report\": [],\n  \"plot_data\": []\n}\nJSON_REPORT_END",
      "stderr": "Loading required package: TMB\nLoading required package: jsonlite\nhere() starts at /home/spi085/Documents/_Projects/SCCP-QuantModelling\nusing C++ compiler: \u2018g++ (Ubuntu 13.3.0-6ubuntu2~24.04) 13.3.0\u2019"
    },
    "6": {
      "status": "SUCCESS",
      "objective_value": "NaN",
      "model_summary": [
        "            Length Class  Mode     ",
        "par         20     -none- numeric  ",
        "objective    1     -none- numeric  ",
        "convergence  1     -none- numeric  ",
        "iterations   1     -none- numeric  ",
        "evaluations  2     -none- numeric  ",
        "message      1     -none- character"
      ],
      "model_report": [],
      "plot_data": [],
      "stdout": "g++ -std=gnu++17 -I\"/usr/share/R/include\" -DNDEBUG -I\"/home/spi085/R/x86_64-pc-linux-gnu-library/4.4/TMB/include\" -I\"/home/spi085/R/x86_64-pc-linux-gnu-library/4.4/RcppEigen/include\"   -DTMB_EIGEN_DISABLE_WARNINGS   -DTMB_LIB_INIT=R_init_model  -DCPPAD_FRAMEWORK      -fpic  -O2  -c POPULATIONS/POPULATION_0013/INDIVIDUAL_FDQWNH3Y/model.cpp -o POPULATIONS/POPULATION_0013/INDIVIDUAL_FDQWNH3Y/model.o\ng++ -std=gnu++17 -shared -L/usr/lib/R/lib -Wl,-Bsymbolic-functions -flto=auto -ffat-lto-objects -Wl,-z,relro -o POPULATIONS/POPULATION_0013/INDIVIDUAL_FDQWNH3Y/model.so POPULATIONS/POPULATION_0013/INDIVIDUAL_FDQWNH3Y/model.o -L/usr/lib/R/lib -lR\nStarting model phases\nNumber of phases: 3 \nPhase 1 \nInitial parameter values for phase 1 :\n log_r_cots  log_K_cots  log_r_fast  log_r_slow log_K_coral \n         NA          NA      -0.880      -3.108       1.810 \nFinal parameter values for phase 1 :\n log_r_cots  log_K_cots  log_r_fast  log_r_slow log_K_coral \n         NA          NA      -0.880      -3.108       1.810 \nConvergence message: both X-convergence and relative convergence (5) \nNumber of iterations: 1 \nObjective function value: 1e+10 \nGradient at solution for phase 1 :\n     [,1] [,2] [,3] [,4] [,5]\n[1,]    0    0    0    0    0\nPhase 2 \nInitial parameter values for phase 2 :\n       log_alpha_cots         log_beta_cots            log_m_cots \n                   NA                    NA                 -2.88 \n             phi_cots        logit_sel_fast        logit_sel_slow \n                   NA                    NA                    NA \nlogit_outbreak_thresh              beta_sst              beta_imm \n                   NA                  0.85                    NA \nFinal parameter values for phase 2 :\n       log_alpha_cots         log_beta_cots            log_m_cots \n                   NA                    NA                 -2.88 \n             phi_cots        logit_sel_fast        logit_sel_slow \n                   NA                    NA                    NA \nlogit_outbreak_thresh              beta_sst              beta_imm \n                   NA                  0.85                    NA \nConvergence message: both X-convergence and relative convergence (5) \nNumber of iterations: 1 \nObjective function value: 1e+10 \nGradient at solution for phase 2 :\n     [,1] [,2] [,3] [,4] [,5] [,6] [,7] [,8] [,9]\n[1,]    0    0    0    0    0    0    0    0    0\nPhase 3 \nInitial parameter values for phase 3 :\n  log_eps_cots   log_eps_fast   log_eps_slow log_sigma_cots log_sigma_fast \n            NA             NA             NA             NA             NA \nlog_sigma_slow \n            NA \nFinal parameter values for phase 3 :\n  log_eps_cots   log_eps_fast   log_eps_slow log_sigma_cots log_sigma_fast \n            NA             NA             NA             NA             NA \nlog_sigma_slow \n            NA \nConvergence message: both X-convergence and relative convergence (5) \nNumber of iterations: 1 \nObjective function value: 1e+10 \nGradient at solution for phase 3 :\n     [,1] [,2] [,3] [,4] [,5] [,6]\n[1,]    0    0    0    0    0    0\nFinal Phase\nInitial parameter values for final phase:\n           log_r_cots            log_K_cots        log_alpha_cots \n                   NA                    NA                    NA \n        log_beta_cots            log_m_cots          log_eps_cots \n                   NA                -2.880                    NA \n             phi_cots            log_r_fast            log_r_slow \n                   NA                -0.880                -3.108 \n          log_K_coral          log_eps_fast          log_eps_slow \n                1.810                    NA                    NA \n       logit_sel_fast        logit_sel_slow logit_outbreak_thresh \n                   NA                    NA                    NA \n             beta_sst              beta_imm        log_sigma_cots \n                0.850                    NA                    NA \n       log_sigma_fast        log_sigma_slow \n                   NA                    NA \nFinal parameter values for final phase:\n           log_r_cots            log_K_cots        log_alpha_cots \n                   NA                    NA                    NA \n        log_beta_cots            log_m_cots          log_eps_cots \n                   NA                -2.880                    NA \n             phi_cots            log_r_fast            log_r_slow \n                   NA                -0.880                -3.108 \n          log_K_coral          log_eps_fast          log_eps_slow \n                1.810                    NA                    NA \n       logit_sel_fast        logit_sel_slow logit_outbreak_thresh \n                   NA                    NA                    NA \n             beta_sst              beta_imm        log_sigma_cots \n                0.850                    NA                    NA \n       log_sigma_fast        log_sigma_slow \n                   NA                    NA \nConvergence message: both X-convergence and relative convergence (5) \nNumber of iterations: 1 \nObjective function value: 1e+10 \nGradient at solution for final phase:\n     [,1] [,2] [,3] [,4] [,5] [,6] [,7] [,8] [,9] [,10] [,11] [,12] [,13] [,14]\n[1,]    0    0    0    0    0    0    0    0    0     0     0     0     0     0\n     [,15] [,16] [,17] [,18] [,19] [,20]\n[1,]     0     0     0     0     0     0\nAll phases completed\n\nRunning model validation...\nNo test data available (train_test_split >= 1.0)\nNULL\n\nDEBUG: Report contents:\n list()\nNULL\n\nDEBUG: Available variables in report:\nNULL\n\nChecking predictions and calculating objective function...\n\nDEBUG: Processing cots_pred \nDEBUG: cots_pred not found in report\nDEBUG: Available variables:  \n\nDEBUG: Using the following variables for objective function:\ncots_dat -> cots_pred\nfast_dat -> fast_pred\nslow_dat -> slow_pred\n\nDEBUG: Calculating MSE for prediction variables only:\n\nDEBUG: MSE values:\ncots_dat fast_dat slow_dat \n      NA       NA       NA \n\nDEBUG: Final objective value (mean of MSEs): NaN \n\nFinal objective function value: NaN \n\nJSON_REPORT_START\n{\n  \"status\": \"SUCCESS\",\n  \"objective_value\": \"NaN\",\n  \"model_summary\": [\"            Length Class  Mode     \", \"par         20     -none- numeric  \", \"objective    1     -none- numeric  \", \"convergence  1     -none- numeric  \", \"iterations   1     -none- numeric  \", \"evaluations  2     -none- numeric  \", \"message      1     -none- character\"],\n  \"model_report\": [],\n  \"plot_data\": []\n}\nJSON_REPORT_END",
      "stderr": "Loading required package: TMB\nLoading required package: jsonlite\nhere() starts at /home/spi085/Documents/_Projects/SCCP-QuantModelling\nusing C++ compiler: \u2018g++ (Ubuntu 13.3.0-6ubuntu2~24.04) 13.3.0\u2019"
    },
    "7": {
      "status": "BROKEN"
    }
  }
}