{
  "iterations": {
    "1": {
      "status": "ERROR",
      "message": "Model failed to compile.",
      "stdout": "g++ -std=gnu++17  -I\"C:/Users/spi085/AppData/Local/Programs/R/R-4.4.1/include\" -DNDEBUG -I\"C:/Users/spi085/AppData/Local/Programs/R/R-44~1.1/library/TMB/include\" -I\"C:/Users/spi085/AppData/Local/Programs/R/R-44~1.1/library/RCPPEI~1/include\"   -DTMB_EIGEN_DISABLE_WARNINGS   -DTMB_LIB_INIT=R_init_model  -DCPPAD_FRAMEWORK    -I\"C:/rtools44/x86_64-w64-mingw32.static.posix/include\"     -O2 -Wa,-mbig-obj -c POPULATIONS//POPULATION_0027//INDIVIDUAL_2HTOMRIV/model.cpp -o POPULATIONS//POPULATION_0027//INDIVIDUAL_2HTOMRIV/model.o",
      "stderr": "Loading required package: TMB\nLoading required package: jsonlite\nhere() starts at C:/Users/spi085/OneDrive - CSIRO/Documents/_Projects/SCCP-QuantModelling\nusing C++ compiler: 'G__~1.EXE (GCC) 13.2.0'\nPOPULATIONS//POPULATION_0027//INDIVIDUAL_2HTOMRIV/model.cpp: In member function 'Type objective_function<Type>::operator()()':\nPOPULATIONS//POPULATION_0027//INDIVIDUAL_2HTOMRIV/model.cpp:123:32: error: 'phi_max' was not declared in this scope; did you mean 'phi_N'?\n  123 |       Type phi_N = Type(1.0) + phi_max * (N / (N + K_N + eps));\n      |                                ^~~~~~~\n      |                                phi_N\nmake: *** [C:/Users/spi085/AppData/Local/Programs/R/R-4.4.1/etc/x64/Makeconf:296: POPULATIONS//POPULATION_0027//INDIVIDUAL_2HTOMRIV/model.o] Error 1\nError in TMB::compile(file.path(individual_dir, model_file), flags = flags,  : \n  Compilation failed\nError: Compilation failed\nExecution halted"
    },
    "2": {
      "status": "ERROR",
      "message": "R script failed with return code 1",
      "stdout": "g++ -std=gnu++17  -I\"C:/Users/spi085/AppData/Local/Programs/R/R-4.4.1/include\" -DNDEBUG -I\"C:/Users/spi085/AppData/Local/Programs/R/R-44~1.1/library/TMB/include\" -I\"C:/Users/spi085/AppData/Local/Programs/R/R-44~1.1/library/RCPPEI~1/include\"   -DTMB_EIGEN_DISABLE_WARNINGS   -DTMB_LIB_INIT=R_init_model  -DCPPAD_FRAMEWORK    -I\"C:/rtools44/x86_64-w64-mingw32.static.posix/include\"     -O2 -Wa,-mbig-obj -c POPULATIONS//POPULATION_0027//INDIVIDUAL_2HTOMRIV/model.cpp -o POPULATIONS//POPULATION_0027//INDIVIDUAL_2HTOMRIV/model.o\ng++ -std=gnu++17 -shared -s -static-libgcc -o POPULATIONS//POPULATION_0027//INDIVIDUAL_2HTOMRIV/model.dll tmp.def POPULATIONS//POPULATION_0027//INDIVIDUAL_2HTOMRIV/model.o -LC:/rtools44/x86_64-w64-mingw32.static.posix/lib/x64 -LC:/rtools44/x86_64-w64-mingw32.static.posix/lib -LC:/Users/spi085/AppData/Local/Programs/R/R-4.4.1/bin/x64 -lR\nStarting model phases\nNumber of phases: 4 \nPhase 1 \nInitial parameter values for phase 1 :\nr_max g_max \n  1.0   0.4 \nFinal parameter values for phase 1 :\n    r_max     g_max \n0.7302211 0.7919643 \nConvergence message: relative convergence (4) \nNumber of iterations: 18 \nObjective function value: 40581.11 \nGradient at solution for phase 1 :\n          [,1]       [,2]\n[1,] 0.4548963 -0.2455266\nPhase 2 \nInitial parameter values for phase 2 :\n       K_N        K_P alpha_base  alpha_max    K_alpha      m_P_N        s_P \n      0.10       0.20       0.20       0.30       0.10       0.15       0.15 \n   s_P_max      m_Z_N        r_D      I_opt       beta        k_w        E_p \n      0.30       0.10       0.10     150.00       0.10       0.20       0.45 \n   theta_P    eta_max      k_eta     N_crit   eta_base     n_hill    phi_max \n      0.50       1.50       5.00       0.15       0.50       2.00       0.80 \nFinal parameter values for phase 2 :\n         K_N          K_P   alpha_base    alpha_max      K_alpha        m_P_N \n  0.01054623   0.22777714   0.17855948   0.28713640   0.11530915   0.13003790 \n         s_P      s_P_max        m_Z_N          r_D        I_opt         beta \n  0.09673622   0.28003790   0.03733480   0.09596045 150.00000000   0.10000000 \n         k_w          E_p      theta_P      eta_max        k_eta       N_crit \n  0.19991500   0.45000000   0.50000000   1.49805566   5.00000000   0.15000000 \n    eta_base       n_hill      phi_max \n  0.46534305   2.00216001   0.79050568 \nConvergence message: false convergence (8) \nNumber of iterations: 32 \nObjective function value: 13621.74 \nGradient at solution for phase 2 :\n     [,1] [,2] [,3] [,4] [,5] [,6] [,7] [,8] [,9] [,10] [,11] [,12] [,13] [,14]\n[1,]  NaN  NaN  NaN  NaN  NaN  NaN  NaN  NaN  NaN   NaN   NaN     0   NaN     0\n     [,15] [,16] [,17] [,18] [,19] [,20] [,21]\n[1,]     0   NaN     0     0   NaN   NaN   NaN\nWARNING: NaN or Inf values detected in gradient at phase 2 \nPhase 3 \nInitial parameter values for phase 3 :\n m_P  m_Z \n0.10 0.05 \nError in model phases: NA/NaN gradient evaluation",
      "stderr": "Loading required package: TMB\nLoading required package: jsonlite\nhere() starts at C:/Users/spi085/OneDrive - CSIRO/Documents/_Projects/SCCP-QuantModelling\nusing C++ compiler: 'G__~1.EXE (GCC) 13.2.0'\nError in value[[3L]](cond) : \n  Error in model phases: NA/NaN gradient evaluation\nCalls: tryCatch -> tryCatchList -> tryCatchOne -> <Anonymous>\nIn addition: There were 34 warnings (use warnings() to see them)\nExecution halted"
    },
    "3": {
      "status": "ERROR",
      "message": "R script failed with return code 1",
      "stdout": "g++ -std=gnu++17  -I\"C:/Users/spi085/AppData/Local/Programs/R/R-4.4.1/include\" -DNDEBUG -I\"C:/Users/spi085/AppData/Local/Programs/R/R-44~1.1/library/TMB/include\" -I\"C:/Users/spi085/AppData/Local/Programs/R/R-44~1.1/library/RCPPEI~1/include\"   -DTMB_EIGEN_DISABLE_WARNINGS   -DTMB_LIB_INIT=R_init_model  -DCPPAD_FRAMEWORK    -I\"C:/rtools44/x86_64-w64-mingw32.static.posix/include\"     -O2 -Wa,-mbig-obj -c POPULATIONS//POPULATION_0027//INDIVIDUAL_2HTOMRIV/model.cpp -o POPULATIONS//POPULATION_0027//INDIVIDUAL_2HTOMRIV/model.o\ng++ -std=gnu++17 -shared -s -static-libgcc -o POPULATIONS//POPULATION_0027//INDIVIDUAL_2HTOMRIV/model.dll tmp.def POPULATIONS//POPULATION_0027//INDIVIDUAL_2HTOMRIV/model.o -LC:/rtools44/x86_64-w64-mingw32.static.posix/lib/x64 -LC:/rtools44/x86_64-w64-mingw32.static.posix/lib -LC:/Users/spi085/AppData/Local/Programs/R/R-4.4.1/bin/x64 -lR\nStarting model phases\nNumber of phases: 4 \nPhase 1 \nInitial parameter values for phase 1 :\nr_max g_max \n  1.0   0.4 \nFinal parameter values for phase 1 :\n    r_max     g_max \n0.7302211 0.7919643 \nConvergence message: relative convergence (4) \nNumber of iterations: 18 \nObjective function value: 40581.11 \nGradient at solution for phase 1 :\n          [,1]       [,2]\n[1,] 0.4548963 -0.2455266\nPhase 2 \nInitial parameter values for phase 2 :\n       K_N        K_P alpha_base  alpha_max    K_alpha      m_P_N        s_P \n      0.10       0.20       0.20       0.30       0.10       0.15       0.15 \n   s_P_max      m_Z_N        r_D      I_opt       beta        k_w        E_p \n      0.30       0.10       0.10     150.00       0.10       0.20       0.45 \n   theta_P    eta_max      k_eta     N_crit   eta_base     n_hill    phi_max \n      0.50       1.50       5.00       0.15       0.50       2.00       0.80 \nFinal parameter values for phase 2 :\n         K_N          K_P   alpha_base    alpha_max      K_alpha        m_P_N \n  0.01054623   0.22777714   0.17855948   0.28713640   0.11530915   0.13003790 \n         s_P      s_P_max        m_Z_N          r_D        I_opt         beta \n  0.09673622   0.28003790   0.03733480   0.09596045 150.00000000   0.10000000 \n         k_w          E_p      theta_P      eta_max        k_eta       N_crit \n  0.19991500   0.45000000   0.50000000   1.49805566   5.00000000   0.15000000 \n    eta_base       n_hill      phi_max \n  0.46534305   2.00216001   0.79050568 \nConvergence message: false convergence (8) \nNumber of iterations: 32 \nObjective function value: 13621.74 \nGradient at solution for phase 2 :\n     [,1] [,2] [,3] [,4] [,5] [,6] [,7] [,8] [,9] [,10] [,11] [,12] [,13] [,14]\n[1,]  NaN  NaN  NaN  NaN  NaN  NaN  NaN  NaN  NaN   NaN   NaN     0   NaN     0\n     [,15] [,16] [,17] [,18] [,19] [,20] [,21]\n[1,]     0   NaN     0     0   NaN   NaN   NaN\nWARNING: NaN or Inf values detected in gradient at phase 2 \nPhase 3 \nInitial parameter values for phase 3 :\n m_P  m_Z \n0.10 0.05 \nError in model phases: NA/NaN gradient evaluation",
      "stderr": "Loading required package: TMB\nLoading required package: jsonlite\nhere() starts at C:/Users/spi085/OneDrive - CSIRO/Documents/_Projects/SCCP-QuantModelling\nusing C++ compiler: 'G__~1.EXE (GCC) 13.2.0'\nError in value[[3L]](cond) : \n  Error in model phases: NA/NaN gradient evaluation\nCalls: tryCatch -> tryCatchList -> tryCatchOne -> <Anonymous>\nIn addition: There were 34 warnings (use warnings() to see them)\nExecution halted"
    },
    "4": {
      "status": "ERROR",
      "message": "R script failed with return code 1",
      "stdout": "g++ -std=gnu++17  -I\"C:/Users/spi085/AppData/Local/Programs/R/R-4.4.1/include\" -DNDEBUG -I\"C:/Users/spi085/AppData/Local/Programs/R/R-44~1.1/library/TMB/include\" -I\"C:/Users/spi085/AppData/Local/Programs/R/R-44~1.1/library/RCPPEI~1/include\"   -DTMB_EIGEN_DISABLE_WARNINGS   -DTMB_LIB_INIT=R_init_model  -DCPPAD_FRAMEWORK    -I\"C:/rtools44/x86_64-w64-mingw32.static.posix/include\"     -O2 -Wa,-mbig-obj -c POPULATIONS//POPULATION_0027//INDIVIDUAL_2HTOMRIV/model.cpp -o POPULATIONS//POPULATION_0027//INDIVIDUAL_2HTOMRIV/model.o\ng++ -std=gnu++17 -shared -s -static-libgcc -o POPULATIONS//POPULATION_0027//INDIVIDUAL_2HTOMRIV/model.dll tmp.def POPULATIONS//POPULATION_0027//INDIVIDUAL_2HTOMRIV/model.o -LC:/rtools44/x86_64-w64-mingw32.static.posix/lib/x64 -LC:/rtools44/x86_64-w64-mingw32.static.posix/lib -LC:/Users/spi085/AppData/Local/Programs/R/R-4.4.1/bin/x64 -lR\nStarting model phases\nNumber of phases: 4 \nPhase 1 \nInitial parameter values for phase 1 :\nr_max g_max \n  1.0   0.4 \nFinal parameter values for phase 1 :\n    r_max     g_max \n0.7302211 0.7919643 \nConvergence message: relative convergence (4) \nNumber of iterations: 18 \nObjective function value: 40581.11 \nGradient at solution for phase 1 :\n          [,1]       [,2]\n[1,] 0.4548964 -0.2455268\nPhase 2 \nInitial parameter values for phase 2 :\n       K_N        K_P alpha_base  alpha_max    K_alpha      m_P_N        s_P \n      0.10       0.20       0.20       0.30       0.10       0.15       0.15 \n   s_P_max      m_Z_N        r_D      I_opt       beta        k_w        E_p \n      0.30       0.10       0.10     150.00       0.10       0.20       0.45 \n   theta_P    eta_max      k_eta     N_crit   eta_base     n_hill    phi_max \n      0.50       1.50       5.00       0.15       0.50       2.00       0.80 \nFinal parameter values for phase 2 :\n         K_N          K_P   alpha_base    alpha_max      K_alpha        m_P_N \n  0.01054623   0.22777714   0.17855948   0.28713640   0.11530915   0.13003790 \n         s_P      s_P_max        m_Z_N          r_D        I_opt         beta \n  0.09673622   0.28003790   0.03733480   0.09596045 150.00000000   0.10000000 \n         k_w          E_p      theta_P      eta_max        k_eta       N_crit \n  0.19991500   0.45000000   0.50000000   1.49805566   5.00000000   0.15000000 \n    eta_base       n_hill      phi_max \n  0.46534305   2.00216001   0.79050568 \nConvergence message: false convergence (8) \nNumber of iterations: 34 \nObjective function value: 13621.74 \nGradient at solution for phase 2 :\n     [,1] [,2] [,3] [,4] [,5] [,6] [,7] [,8] [,9] [,10] [,11] [,12] [,13] [,14]\n[1,]  NaN  NaN  NaN  NaN  NaN  NaN  NaN  NaN  NaN   NaN   NaN     0   NaN     0\n     [,15] [,16] [,17] [,18] [,19] [,20] [,21]\n[1,]     0   NaN     0     0   NaN   NaN   NaN\nWARNING: NaN or Inf values detected in gradient at phase 2 \nPhase 3 \nInitial parameter values for phase 3 :\n m_P  m_Z \n0.10 0.05 \nError in model phases: NA/NaN gradient evaluation",
      "stderr": "Loading required package: TMB\nLoading required package: jsonlite\nhere() starts at C:/Users/spi085/OneDrive - CSIRO/Documents/_Projects/SCCP-QuantModelling\nusing C++ compiler: 'G__~1.EXE (GCC) 13.2.0'\nError in value[[3L]](cond) : \n  Error in model phases: NA/NaN gradient evaluation\nCalls: tryCatch -> tryCatchList -> tryCatchOne -> <Anonymous>\nIn addition: There were 36 warnings (use warnings() to see them)\nExecution halted"
    },
    "5": {
      "status": "ERROR",
      "message": "R script failed with return code 1",
      "stdout": "g++ -std=gnu++17  -I\"C:/Users/spi085/AppData/Local/Programs/R/R-4.4.1/include\" -DNDEBUG -I\"C:/Users/spi085/AppData/Local/Programs/R/R-44~1.1/library/TMB/include\" -I\"C:/Users/spi085/AppData/Local/Programs/R/R-44~1.1/library/RCPPEI~1/include\"   -DTMB_EIGEN_DISABLE_WARNINGS   -DTMB_LIB_INIT=R_init_model  -DCPPAD_FRAMEWORK    -I\"C:/rtools44/x86_64-w64-mingw32.static.posix/include\"     -O2 -Wa,-mbig-obj -c POPULATIONS//POPULATION_0027//INDIVIDUAL_2HTOMRIV/model.cpp -o POPULATIONS//POPULATION_0027//INDIVIDUAL_2HTOMRIV/model.o\ng++ -std=gnu++17 -shared -s -static-libgcc -o POPULATIONS//POPULATION_0027//INDIVIDUAL_2HTOMRIV/model.dll tmp.def POPULATIONS//POPULATION_0027//INDIVIDUAL_2HTOMRIV/model.o -LC:/rtools44/x86_64-w64-mingw32.static.posix/lib/x64 -LC:/rtools44/x86_64-w64-mingw32.static.posix/lib -LC:/Users/spi085/AppData/Local/Programs/R/R-4.4.1/bin/x64 -lR\nStarting model phases\nNumber of phases: 4 \nPhase 1 \nInitial parameter values for phase 1 :\nr_max g_max \n  1.0   0.4 \nFinal parameter values for phase 1 :\n    r_max     g_max \n0.7302211 0.7919643 \nConvergence message: relative convergence (4) \nNumber of iterations: 18 \nObjective function value: 40581.11 \nGradient at solution for phase 1 :\n          [,1]       [,2]\n[1,] 0.4548963 -0.2455266\nPhase 2 \nInitial parameter values for phase 2 :\n       K_N        K_P alpha_base  alpha_max    K_alpha      m_P_N        s_P \n      0.10       0.20       0.20       0.30       0.10       0.15       0.15 \n   s_P_max      m_Z_N        r_D      I_opt       beta        k_w        E_p \n      0.30       0.10       0.10     150.00       0.10       0.20       0.45 \n   theta_P    eta_max      k_eta     N_crit   eta_base     n_hill    phi_max \n      0.50       1.50       5.00       0.15       0.50       2.00       0.80 \nFinal parameter values for phase 2 :\n         K_N          K_P   alpha_base    alpha_max      K_alpha        m_P_N \n  0.01054623   0.22777714   0.17855948   0.28713640   0.11530915   0.13003790 \n         s_P      s_P_max        m_Z_N          r_D        I_opt         beta \n  0.09673622   0.28003790   0.03733480   0.09596045 150.00000000   0.10000000 \n         k_w          E_p      theta_P      eta_max        k_eta       N_crit \n  0.19991500   0.45000000   0.50000000   1.49805566   5.00000000   0.15000000 \n    eta_base       n_hill      phi_max \n  0.46534305   2.00216001   0.79050568 \nConvergence message: false convergence (8) \nNumber of iterations: 32 \nObjective function value: 13621.74 \nGradient at solution for phase 2 :\n     [,1] [,2] [,3] [,4] [,5] [,6] [,7] [,8] [,9] [,10] [,11] [,12] [,13] [,14]\n[1,]  NaN  NaN  NaN  NaN  NaN  NaN  NaN  NaN  NaN   NaN   NaN     0   NaN     0\n     [,15] [,16] [,17] [,18] [,19] [,20] [,21]\n[1,]     0   NaN     0     0   NaN   NaN   NaN\nWARNING: NaN or Inf values detected in gradient at phase 2 \nPhase 3 \nInitial parameter values for phase 3 :\n m_P  m_Z \n0.10 0.05 \nError in model phases: NA/NaN gradient evaluation",
      "stderr": "Loading required package: TMB\nLoading required package: jsonlite\nhere() starts at C:/Users/spi085/OneDrive - CSIRO/Documents/_Projects/SCCP-QuantModelling\nusing C++ compiler: 'G__~1.EXE (GCC) 13.2.0'\nError in value[[3L]](cond) : \n  Error in model phases: NA/NaN gradient evaluation\nCalls: tryCatch -> tryCatchList -> tryCatchOne -> <Anonymous>\nIn addition: There were 34 warnings (use warnings() to see them)\nExecution halted"
    },
    "6": {
      "status": "ERROR",
      "message": "Model failed to compile.",
      "stdout": "g++ -std=gnu++17  -I\"C:/Users/spi085/AppData/Local/Programs/R/R-4.4.1/include\" -DNDEBUG -I\"C:/Users/spi085/AppData/Local/Programs/R/R-44~1.1/library/TMB/include\" -I\"C:/Users/spi085/AppData/Local/Programs/R/R-44~1.1/library/RCPPEI~1/include\"   -DTMB_EIGEN_DISABLE_WARNINGS   -DTMB_LIB_INIT=R_init_model  -DCPPAD_FRAMEWORK    -I\"C:/rtools44/x86_64-w64-mingw32.static.posix/include\"     -O2 -Wa,-mbig-obj -c POPULATIONS//POPULATION_0027//INDIVIDUAL_2HTOMRIV/model.cpp -o POPULATIONS//POPULATION_0027//INDIVIDUAL_2HTOMRIV/model.o",
      "stderr": "Loading required package: TMB\nLoading required package: jsonlite\nhere() starts at C:/Users/spi085/OneDrive - CSIRO/Documents/_Projects/SCCP-QuantModelling\nusing C++ compiler: 'G__~1.EXE (GCC) 13.2.0'\nPOPULATIONS//POPULATION_0027//INDIVIDUAL_2HTOMRIV/model.cpp: In member function 'Type objective_function<Type>::operator()()':\nPOPULATIONS//POPULATION_0027//INDIVIDUAL_2HTOMRIV/model.cpp:129:23: error: 'max' is not a member of 'CppAD'\n  129 |       uptake = CppAD::max(uptake, Type(0.0));  // Ensure non-negative\n      |                       ^~~\nPOPULATIONS//POPULATION_0027//INDIVIDUAL_2HTOMRIV/model.cpp:129:23: note: suggested alternatives:\nIn file included from C:/Users/spi085/AppData/Local/Programs/R/R-4.4.1/library/TMB/include/TMB.hpp:215,\n                 from POPULATIONS//POPULATION_0027//INDIVIDUAL_2HTOMRIV/model.cpp:1:\nC:/Users/spi085/AppData/Local/Programs/R/R-4.4.1/library/TMB/include/convenience.hpp:145:6: note:   'max'\n  145 | Type max(const vector<Type> &x)\n      |      ^~~\nIn file included from C:/rtools44/x86_64-w64-mingw32.static.posix/lib/gcc/x86_64-w64-mingw32.static.posix/13.2.0/include/c++/functional:67,\n                 from C:/Users/spi085/AppData/Local/Programs/R/R-44~1.1/library/RCPPEI~1/include/Eigen/Core:85,\n                 from C:/Users/spi085/AppData/Local/Programs/R/R-44~1.1/library/RCPPEI~1/include/Eigen/Dense:1,\n                 from C:/Users/spi085/AppData/Local/Programs/R/R-4.4.1/library/TMB/include/TMB.hpp:92:\nC:/rtools44/x86_64-w64-mingw32.static.posix/lib/gcc/x86_64-w64-mingw32.static.posix/13.2.0/include/c++/bits/stl_algo.h:5805:5: note:   'std::max'\n 5805 |     max(initializer_list<_Tp> __l, _Compare __comp)\n      |     ^~~\nIn file included from C:/Users/spi085/AppData/Local/Programs/R/R-44~1.1/library/RCPPEI~1/include/Eigen/Core:176:\nC:/Users/spi085/AppData/Local/Programs/R/R-44~1.1/library/RCPPEI~1/include/Eigen/src/Core/arch/Default/Half.h:749:45: note:   'Eigen::half_impl::max'\n  749 | EIGEN_STRONG_INLINE EIGEN_DEVICE_FUNC half (max)(const half& a, const half& b) {\n      |                                             ^~~\nIn file included from C:/Users/spi085/AppData/Local/Programs/R/R-44~1.1/library/RCPPEI~1/include/Eigen/Core:177:\nC:/Users/spi085/AppData/Local/Programs/R/R-44~1.1/library/RCPPEI~1/include/Eigen/src/Core/arch/Default/BFloat16.h:576:49: note:   'Eigen::bfloat16_impl::max'\n  576 | EIGEN_STRONG_INLINE EIGEN_DEVICE_FUNC bfloat16 (max)(const bfloat16& a, const bfloat16& b) {\n      |                                                 ^~~\nmake: *** [C:/Users/spi085/AppData/Local/Programs/R/R-4.4.1/etc/x64/Makeconf:296: POPULATIONS//POPULATION_0027//INDIVIDUAL_2HTOMRIV/model.o] Error 1\nError in TMB::compile(file.path(individual_dir, model_file), flags = flags,  : \n  Compilation failed\nError: Compilation failed\nExecution halted"
    },
    "7": {
      "status": "BROKEN"
    }
  }
}