{
  "iterations": {
    "1": {
      "status": "ERROR",
      "message": "R script failed with return code 1",
      "stdout": "g++ -std=gnu++17 -I\"/usr/share/R/include\" -DNDEBUG -I\"/home/spi085/R/x86_64-pc-linux-gnu-library/4.4/TMB/include\" -I\"/home/spi085/R/x86_64-pc-linux-gnu-library/4.4/RcppEigen/include\"   -DTMB_EIGEN_DISABLE_WARNINGS   -DTMB_LIB_INIT=R_init_model  -DCPPAD_FRAMEWORK      -fpic  -O2  -c POPULATIONS/POPULATION_0013/INDIVIDUAL_LPL1OEI8/model.cpp -o POPULATIONS/POPULATION_0013/INDIVIDUAL_LPL1OEI8/model.o\ng++ -std=gnu++17 -shared -L/usr/lib/R/lib -Wl,-Bsymbolic-functions -flto=auto -ffat-lto-objects -Wl,-z,relro -o POPULATIONS/POPULATION_0013/INDIVIDUAL_LPL1OEI8/model.so POPULATIONS/POPULATION_0013/INDIVIDUAL_LPL1OEI8/model.o -L/usr/lib/R/lib -lR\nStarting model phases\nNumber of phases: 3 \nPhase 1 \nInitial parameter values for phase 1 :\n           log_r_cots logit_thresh_outbreak        log_sigma_cots \n                   NA                    NA                    NA \n       log_sigma_fast        log_sigma_slow \n                   NA                    NA \nError in model phases: NA/NaN gradient evaluation",
      "stderr": "Loading required package: TMB\nLoading required package: jsonlite\nhere() starts at /home/spi085/Documents/_Projects/SCCP-QuantModelling\nusing C++ compiler: \u2018g++ (Ubuntu 13.3.0-6ubuntu2~24.04) 13.3.0\u2019\nError in value[[3L]](cond) : \n  Error in model phases: NA/NaN gradient evaluation\nCalls: tryCatch -> tryCatchList -> tryCatchOne -> <Anonymous>\nIn addition: Warning message:\nIn nlminb(model$par, model$fn, model$gr) : NA/NaN function evaluation\nExecution halted"
    },
    "2": {
      "status": "ERROR",
      "message": "R script failed with return code 1",
      "stdout": "g++ -std=gnu++17 -I\"/usr/share/R/include\" -DNDEBUG -I\"/home/spi085/R/x86_64-pc-linux-gnu-library/4.4/TMB/include\" -I\"/home/spi085/R/x86_64-pc-linux-gnu-library/4.4/RcppEigen/include\"   -DTMB_EIGEN_DISABLE_WARNINGS   -DTMB_LIB_INIT=R_init_model  -DCPPAD_FRAMEWORK      -fpic  -O2  -c POPULATIONS/POPULATION_0013/INDIVIDUAL_LPL1OEI8/model.cpp -o POPULATIONS/POPULATION_0013/INDIVIDUAL_LPL1OEI8/model.o\ng++ -std=gnu++17 -shared -L/usr/lib/R/lib -Wl,-Bsymbolic-functions -flto=auto -ffat-lto-objects -Wl,-z,relro -o POPULATIONS/POPULATION_0013/INDIVIDUAL_LPL1OEI8/model.so POPULATIONS/POPULATION_0013/INDIVIDUAL_LPL1OEI8/model.o -L/usr/lib/R/lib -lR\nStarting model phases\nNumber of phases: 3 \nPhase 1 \nInitial parameter values for phase 1 :\n           log_r_cots logit_thresh_outbreak        log_sigma_cots \n                   NA                    NA                    NA \n       log_sigma_fast        log_sigma_slow \n                   NA                    NA \nError in model phases: NA/NaN gradient evaluation",
      "stderr": "Loading required package: TMB\nLoading required package: jsonlite\nhere() starts at /home/spi085/Documents/_Projects/SCCP-QuantModelling\nusing C++ compiler: \u2018g++ (Ubuntu 13.3.0-6ubuntu2~24.04) 13.3.0\u2019\nError in value[[3L]](cond) : \n  Error in model phases: NA/NaN gradient evaluation\nCalls: tryCatch -> tryCatchList -> tryCatchOne -> <Anonymous>\nIn addition: Warning message:\nIn nlminb(model$par, model$fn, model$gr) : NA/NaN function evaluation\nExecution halted"
    },
    "3": {
      "status": "ERROR",
      "message": "R script failed with return code 1",
      "stdout": "g++ -std=gnu++17 -I\"/usr/share/R/include\" -DNDEBUG -I\"/home/spi085/R/x86_64-pc-linux-gnu-library/4.4/TMB/include\" -I\"/home/spi085/R/x86_64-pc-linux-gnu-library/4.4/RcppEigen/include\"   -DTMB_EIGEN_DISABLE_WARNINGS   -DTMB_LIB_INIT=R_init_model  -DCPPAD_FRAMEWORK      -fpic  -O2  -c POPULATIONS/POPULATION_0013/INDIVIDUAL_LPL1OEI8/model.cpp -o POPULATIONS/POPULATION_0013/INDIVIDUAL_LPL1OEI8/model.o\ng++ -std=gnu++17 -shared -L/usr/lib/R/lib -Wl,-Bsymbolic-functions -flto=auto -ffat-lto-objects -Wl,-z,relro -o POPULATIONS/POPULATION_0013/INDIVIDUAL_LPL1OEI8/model.so POPULATIONS/POPULATION_0013/INDIVIDUAL_LPL1OEI8/model.o -L/usr/lib/R/lib -lR\nStarting model phases\nNumber of phases: 3 \nPhase 1 \nInitial parameter values for phase 1 :\n           log_r_cots logit_thresh_outbreak        log_sigma_cots \n                   NA                    NA                    NA \n       log_sigma_fast        log_sigma_slow \n                   NA                    NA \nError in model phases: NA/NaN gradient evaluation",
      "stderr": "Loading required package: TMB\nLoading required package: jsonlite\nhere() starts at /home/spi085/Documents/_Projects/SCCP-QuantModelling\nusing C++ compiler: \u2018g++ (Ubuntu 13.3.0-6ubuntu2~24.04) 13.3.0\u2019\nError in value[[3L]](cond) : \n  Error in model phases: NA/NaN gradient evaluation\nCalls: tryCatch -> tryCatchList -> tryCatchOne -> <Anonymous>\nIn addition: Warning message:\nIn nlminb(model$par, model$fn, model$gr) : NA/NaN function evaluation\nExecution halted"
    },
    "4": {
      "status": "ERROR",
      "message": "R script failed with return code 1",
      "stdout": "g++ -std=gnu++17 -I\"/usr/share/R/include\" -DNDEBUG -I\"/home/spi085/R/x86_64-pc-linux-gnu-library/4.4/TMB/include\" -I\"/home/spi085/R/x86_64-pc-linux-gnu-library/4.4/RcppEigen/include\"   -DTMB_EIGEN_DISABLE_WARNINGS   -DTMB_LIB_INIT=R_init_model  -DCPPAD_FRAMEWORK      -fpic  -O2  -c POPULATIONS/POPULATION_0013/INDIVIDUAL_LPL1OEI8/model.cpp -o POPULATIONS/POPULATION_0013/INDIVIDUAL_LPL1OEI8/model.o\ng++ -std=gnu++17 -shared -L/usr/lib/R/lib -Wl,-Bsymbolic-functions -flto=auto -ffat-lto-objects -Wl,-z,relro -o POPULATIONS/POPULATION_0013/INDIVIDUAL_LPL1OEI8/model.so POPULATIONS/POPULATION_0013/INDIVIDUAL_LPL1OEI8/model.o -L/usr/lib/R/lib -lR\nStarting model phases\nNumber of phases: 3 \nPhase 1 \nInitial parameter values for phase 1 :\n           log_r_cots logit_thresh_outbreak        log_sigma_cots \n                   NA                    NA                    NA \n       log_sigma_fast        log_sigma_slow \n                   NA                    NA \nError in model phases: NA/NaN gradient evaluation",
      "stderr": "Loading required package: TMB\nLoading required package: jsonlite\nhere() starts at /home/spi085/Documents/_Projects/SCCP-QuantModelling\nusing C++ compiler: \u2018g++ (Ubuntu 13.3.0-6ubuntu2~24.04) 13.3.0\u2019\nError in value[[3L]](cond) : \n  Error in model phases: NA/NaN gradient evaluation\nCalls: tryCatch -> tryCatchList -> tryCatchOne -> <Anonymous>\nIn addition: Warning message:\nIn nlminb(model$par, model$fn, model$gr) : NA/NaN function evaluation\nExecution halted"
    },
    "5": {
      "status": "ERROR",
      "message": "R script failed with return code 1",
      "stdout": "g++ -std=gnu++17 -I\"/usr/share/R/include\" -DNDEBUG -I\"/home/spi085/R/x86_64-pc-linux-gnu-library/4.4/TMB/include\" -I\"/home/spi085/R/x86_64-pc-linux-gnu-library/4.4/RcppEigen/include\"   -DTMB_EIGEN_DISABLE_WARNINGS   -DTMB_LIB_INIT=R_init_model  -DCPPAD_FRAMEWORK      -fpic  -O2  -c POPULATIONS/POPULATION_0013/INDIVIDUAL_LPL1OEI8/model.cpp -o POPULATIONS/POPULATION_0013/INDIVIDUAL_LPL1OEI8/model.o\ng++ -std=gnu++17 -shared -L/usr/lib/R/lib -Wl,-Bsymbolic-functions -flto=auto -ffat-lto-objects -Wl,-z,relro -o POPULATIONS/POPULATION_0013/INDIVIDUAL_LPL1OEI8/model.so POPULATIONS/POPULATION_0013/INDIVIDUAL_LPL1OEI8/model.o -L/usr/lib/R/lib -lR\nStarting model phases\nNumber of phases: 3 \nPhase 1 \nInitial parameter values for phase 1 :\n           log_r_cots logit_thresh_outbreak        log_sigma_cots \n                   NA                    NA                    NA \n       log_sigma_fast        log_sigma_slow \n                   NA                    NA \nError in model phases: NA/NaN gradient evaluation",
      "stderr": "Loading required package: TMB\nLoading required package: jsonlite\nhere() starts at /home/spi085/Documents/_Projects/SCCP-QuantModelling\nusing C++ compiler: \u2018g++ (Ubuntu 13.3.0-6ubuntu2~24.04) 13.3.0\u2019\nError in value[[3L]](cond) : \n  Error in model phases: NA/NaN gradient evaluation\nCalls: tryCatch -> tryCatchList -> tryCatchOne -> <Anonymous>\nIn addition: Warning message:\nIn nlminb(model$par, model$fn, model$gr) : NA/NaN function evaluation\nExecution halted"
    },
    "6": {
      "status": "ERROR",
      "message": "Model failed to compile.",
      "stdout": "g++ -std=gnu++17 -I\"/usr/share/R/include\" -DNDEBUG -I\"/home/spi085/R/x86_64-pc-linux-gnu-library/4.4/TMB/include\" -I\"/home/spi085/R/x86_64-pc-linux-gnu-library/4.4/RcppEigen/include\"   -DTMB_EIGEN_DISABLE_WARNINGS   -DTMB_LIB_INIT=R_init_model  -DCPPAD_FRAMEWORK      -fpic  -O2  -c POPULATIONS/POPULATION_0013/INDIVIDUAL_LPL1OEI8/model.cpp -o POPULATIONS/POPULATION_0013/INDIVIDUAL_LPL1OEI8/model.o",
      "stderr": "Loading required package: TMB\nLoading required package: jsonlite\nhere() starts at /home/spi085/Documents/_Projects/SCCP-QuantModelling\nusing C++ compiler: \u2018g++ (Ubuntu 13.3.0-6ubuntu2~24.04) 13.3.0\u2019\nPOPULATIONS/POPULATION_0013/INDIVIDUAL_LPL1OEI8/model.cpp: In instantiation of \u2018Type objective_function<Type>::operator()() [with Type = double]\u2019:\n/home/spi085/R/x86_64-pc-linux-gnu-library/4.4/TMB/include/tmb_core.hpp:2035:7:   required from here\nPOPULATIONS/POPULATION_0013/INDIVIDUAL_LPL1OEI8/model.cpp:98:21: error: no matching function for call to \u2018Value(double&)\u2019\n   98 |     if (CppAD::Value(rel_cots_density) < 0.0) rel_cots_density = Type(0.0);\n      |         ~~~~~~~~~~~~^~~~~~~~~~~~~~~~~~\nIn file included from /home/spi085/R/x86_64-pc-linux-gnu-library/4.4/TMB/include/cppad/local/convert.hpp:45,\n                 from /home/spi085/R/x86_64-pc-linux-gnu-library/4.4/TMB/include/cppad/local/user_ad.hpp:68,\n                 from /home/spi085/R/x86_64-pc-linux-gnu-library/4.4/TMB/include/cppad/cppad.hpp:82,\n                 from /home/spi085/R/x86_64-pc-linux-gnu-library/4.4/TMB/include/TMB.hpp:125,\n                 from POPULATIONS/POPULATION_0013/INDIVIDUAL_LPL1OEI8/model.cpp:1:\n/home/spi085/R/x86_64-pc-linux-gnu-library/4.4/TMB/include/cppad/local/value.hpp:83:6: note: candidate: \u2018template<class Base> Base CppAD::Value(const AD<Base>&)\u2019\n   83 | Base Value(const AD<Base> &x)\n      |      ^~~~~\n/home/spi085/R/x86_64-pc-linux-gnu-library/4.4/TMB/include/cppad/local/value.hpp:83:6: note:   template argument deduction/substitution failed:\nPOPULATIONS/POPULATION_0013/INDIVIDUAL_LPL1OEI8/model.cpp:98:21: note:   mismatched types \u2018const CppAD::AD<Base>\u2019 and \u2018double\u2019\n   98 |     if (CppAD::Value(rel_cots_density) < 0.0) rel_cots_density = Type(0.0);\n      |         ~~~~~~~~~~~~^~~~~~~~~~~~~~~~~~\nPOPULATIONS/POPULATION_0013/INDIVIDUAL_LPL1OEI8/model.cpp:99:21: error: no matching function for call to \u2018Value(double&)\u2019\n   99 |     if (CppAD::Value(rel_cots_density) > 10.0) rel_cots_density = Type(10.0);\n      |         ~~~~~~~~~~~~^~~~~~~~~~~~~~~~~~\n/home/spi085/R/x86_64-pc-linux-gnu-library/4.4/TMB/include/cppad/local/value.hpp:83:6: note: candidate: \u2018template<class Base> Base CppAD::Value(const AD<Base>&)\u2019\n   83 | Base Value(const AD<Base> &x)\n      |      ^~~~~\n/home/spi085/R/x86_64-pc-linux-gnu-library/4.4/TMB/include/cppad/local/value.hpp:83:6: note:   template argument deduction/substitution failed:\nPOPULATIONS/POPULATION_0013/INDIVIDUAL_LPL1OEI8/model.cpp:99:21: note:   mismatched types \u2018const CppAD::AD<Base>\u2019 and \u2018double\u2019\n   99 |     if (CppAD::Value(rel_cots_density) > 10.0) rel_cots_density = Type(10.0);\n      |         ~~~~~~~~~~~~^~~~~~~~~~~~~~~~~~\nPOPULATIONS/POPULATION_0013/INDIVIDUAL_LPL1OEI8/model.cpp:102:64: error: no matching function for call to \u2018Value(double&)\u2019\n  102 |     if (!(CppAD::Variable(variable_effic_pred)) || CppAD::Value(variable_effic_pred) <= 0.0 || CppAD::isnan(CppAD::Value(variable_effic_pred))) {\n      |                                                    ~~~~~~~~~~~~^~~~~~~~~~~~~~~~~~~~~\n/home/spi085/R/x86_64-pc-linux-gnu-library/4.4/TMB/include/cppad/local/value.hpp:83:6: note: candidate: \u2018template<class Base> Base CppAD::Value(const AD<Base>&)\u2019\n   83 | Base Value(const AD<Base> &x)\n      |      ^~~~~\n/home/spi085/R/x86_64-pc-linux-gnu-library/4.4/TMB/include/cppad/local/value.hpp:83:6: note:   template argument deduction/substitution failed:\nPOPULATIONS/POPULATION_0013/INDIVIDUAL_LPL1OEI8/model.cpp:102:64: note:   mismatched types \u2018const CppAD::AD<Base>\u2019 and \u2018double\u2019\n  102 |     if (!(CppAD::Variable(variable_effic_pred)) || CppAD::Value(variable_effic_pred) <= 0.0 || CppAD::isnan(CppAD::Value(variable_effic_pred))) {\n      |                                                    ~~~~~~~~~~~~^~~~~~~~~~~~~~~~~~~~~\nPOPULATIONS/POPULATION_0013/INDIVIDUAL_LPL1OEI8/model.cpp:102:121: error: no matching function for call to \u2018Value(double&)\u2019\n  102 |     if (!(CppAD::Variable(variable_effic_pred)) || CppAD::Value(variable_effic_pred) <= 0.0 || CppAD::isnan(CppAD::Value(variable_effic_pred))) {\n      |                                                                                                             ~~~~~~~~~~~~^~~~~~~~~~~~~~~~~~~~~\n/home/spi085/R/x86_64-pc-linux-gnu-library/4.4/TMB/include/cppad/local/value.hpp:83:6: note: candidate: \u2018template<class Base> Base CppAD::Value(const AD<Base>&)\u2019\n   83 | Base Value(const AD<Base> &x)\n      |      ^~~~~\n/home/spi085/R/x86_64-pc-linux-gnu-library/4.4/TMB/include/cppad/local/value.hpp:83:6: note:   template argument deduction/substitution failed:\nPOPULATIONS/POPULATION_0013/INDIVIDUAL_LPL1OEI8/model.cpp:102:121: note:   mismatched types \u2018const CppAD::AD<Base>\u2019 and \u2018double\u2019\n  102 |     if (!(CppAD::Variable(variable_effic_pred)) || CppAD::Value(variable_effic_pred) <= 0.0 || CppAD::isnan(CppAD::Value(variable_effic_pred))) {\n      |                                                                                                             ~~~~~~~~~~~~^~~~~~~~~~~~~~~~~~~~~\nmake: *** [/usr/lib/R/etc/Makeconf:204: POPULATIONS/POPULATION_0013/INDIVIDUAL_LPL1OEI8/model.o] Error 1\nError in TMB::compile(file.path(individual_dir, model_file), flags = flags,  : \n  Compilation failed\nError: Compilation failed\nExecution halted"
    },
    "7": {
      "status": "BROKEN"
    }
  }
}