Parent PNG files: ['POPULATIONS\\POPULATION_0010\\INDIVIDUAL_EVDWQUNB\\cots_pred_comparison.png', 'POPULATIONS\\POPULATION_0010\\INDIVIDUAL_EVDWQUNB\\fast_pred_comparison.png', 'POPULATIONS\\POPULATION_0010\\INDIVIDUAL_EVDWQUNB\\slow_pred_comparison.png']
[?12l[?25hSkipping 
POPULATIONS\POPULATION_0010\INDIVIDUAL_UYAF72DZ\m
odel.cpp that matches gitignore spec.
Skipping 
POPULATIONS\POPULATION_0010\INDIVIDUAL_UYAF72DZ\p
arameters.json that matches gitignore spec.
Skipping 
POPULATIONS\POPULATION_0010\INDIVIDUAL_UYAF72DZ\i
ntention.tex that matches gitignore spec.
Creating empty file 
POPULATIONS\POPULATION_0010\INDIVIDUAL_UYAF72DZ\i
ntention.tex
Added C:\Users\spi085\OneDrive - 
CSIRO\Documents\_Projects\SCCP-QuantModelling\POP
ULATIONS\POPULATION_0010\INDIVIDUAL_EVDWQUNB\cots
_pred_comparison.png to read-only files.
Added C:\Users\spi085\OneDrive - 
CSIRO\Documents\_Projects\SCCP-QuantModelling\POP
ULATIONS\POPULATION_0010\INDIVIDUAL_EVDWQUNB\fast
_pred_comparison.png to read-only files.
Added C:\Users\spi085\OneDrive - 
CSIRO\Documents\_Projects\SCCP-QuantModelling\POP
ULATIONS\POPULATION_0010\INDIVIDUAL_EVDWQUNB\slow
_pred_comparison.png to read-only files.
Looking at the prediction plots, I notice the    
model significantly underestimates the           
variability in both coral populations and COTS.  
One key ecological mechanism that could improve  
this is coral vulnerability to COTS predation    
varying with environmental conditions. In nature,
stressed corals are often more susceptible to    
predation.                                       

I'll add temperature-dependent predation rates to
better capture this interaction. This creates an 
important feedback where environmental stress    
both directly affects coral growth AND increases 
their vulnerability to predation.                

Here are the changes:                            

POPULATIONS\POPULATION_0010\INDIVIDUAL_UYAF72DZ\i
ntention.tex                                     

                                                 
 <<<<<<< SEARCH                                  
 =======                                         
 \section{Model Description}                     
                                                 
 This model incorporates temperature-dependent   
 predation vulnerability of corals to            
 crown-of-thorns starfish (COTS). The key        
 ecological reasoning is that environmental stre 
 makes corals more susceptible to predation      
 through:                                        
                                                 
 1. Reduced energy available for defense         
 mechanisms                                      
 2. Compromised tissue integrity                 
 3. Weakened chemical deterrents                 
                                                 
 The attack rates ($\alpha$) are modified by     
 temperature stress according to:                
                                                 
 $\alpha_{effective} = \alpha_{base} * (1 + \bet 
 * |T - T_{opt}|)$                               
                                                 
 where $\beta$ represents the increase in        
 predation vulnerability per degree of thermal   
 stress. This creates an important feedback      
 mechanism where environmental stress both       
 directly reduces coral growth AND increases the 
 vulnerability to predation.                     
                                                 
 Fast-growing corals are assumed to be more      
 vulnerable to this effect ($\beta_{fast} >      
 \beta_{slow}$) due to their reduced investment  
 defensive structures.                           
 >>>>>>> REPLACE                                 
                                                 

POPULATIONS\POPULATION_0010\INDIVIDUAL_UYAF72DZ\m
odel.cpp                                         

                                                 
 <<<<<<< SEARCH                                  
     // Temperature stress effects - different f 
 each coral type                                 
     Type temp_stress_fast = exp(-2.0 *          
 pow((sst_dat(t) - T_opt) / sigma_T, 2));        
     Type temp_stress_slow = exp(-0.5 *          
 pow((sst_dat(t) - T_opt) / sigma_T, 2));        
                                                 
     // Total coral cover with                   
 temperature-modified competition                
     Type total_cover = slow_pred(t-1) +         
 fast_pred(t-1);                                 
                                                 
     // Holling Type II functional responses     
     Type f_slow = (alpha_slow * slow_pred(t-1)) 
                  (1 + alpha_slow * h_slow *     
 slow_pred(t-1) +                                
                   alpha_fast * h_fast *         
 fast_pred(t-1));                                
     Type f_fast = (alpha_fast * fast_pred(t-1)) 
                  (1 + alpha_slow * h_slow *     
 slow_pred(t-1) +                                
                   alpha_fast * h_fast *         
 fast_pred(t-1));                                
 =======                                         
     // Temperature stress effects - different f 
 each coral type                                 
     Type temp_stress_fast = exp(-2.0 *          
 pow((sst_dat(t) - T_opt) / sigma_T, 2));        
     Type temp_stress_slow = exp(-0.5 *          
 pow((sst_dat(t) - T_opt) / sigma_T, 2));        
                                                 
     // Temperature-dependent predation          
 vulnerability                                   
     Type temp_deviation = abs(sst_dat(t) -      
 T_opt);                                         
     Type alpha_slow_effective = alpha_slow * (1 
 beta_slow * temp_deviation);                    
     Type alpha_fast_effective = alpha_fast * (1 
 beta_fast * temp_deviation);                    
                                                 
     // Total coral cover with                   
 temperature-modified competition                
     Type total_cover = slow_pred(t-1) +         
 fast_pred(t-1);                                 
                                                 
     // Holling Type II functional responses wit 
 temperature-modified attack rates               
     Type f_slow = (alpha_slow_effective *       
 slow_pred(t-1)) /                               
                  (1 + alpha_slow_effective *    
 h_slow * slow_pred(t-1) +                       
                   alpha_fast_effective * h_fast 
 fast_pred(t-1));                                
     Type f_fast = (alpha_fast_effective *       
 fast_pred(t-1)) /                               
                  (1 + alpha_slow_effective *    
 h_slow * slow_pred(t-1) +                       
                   alpha_fast_effective * h_fast 
 fast_pred(t-1));                                
 >>>>>>> REPLACE                                 
                                                 

POPULATIONS\POPULATION_0010\INDIVIDUAL_UYAF72DZ\m
odel.cpp                                         

                                                 
 <<<<<<< SEARCH                                  
   PARAMETER(log_alpha_slow);   // Log of COTS   
 attack rate on slow coral                       
   PARAMETER(log_alpha_fast);   // Log of COTS   
 attack rate on fast coral                       
   PARAMETER(log_h_slow);       // Log of handli 
 time for slow coral                             
 =======                                         
   PARAMETER(log_alpha_slow);   // Log of COTS   
 base attack rate on slow coral                  
   PARAMETER(log_alpha_fast);   // Log of COTS   
 base attack rate on fast coral                  
   PARAMETER(log_beta_slow);    // Log of slow   
 coral vulnerability temperature sensitivity     
   PARAMETER(log_beta_fast);    // Log of fast   
 coral vulnerability temperature sensitivity     
   PARAMETER(log_h_slow);       // Log of handli 
 time for slow coral                             
 >>>>>>> REPLACE                                 
                                                 

POPULATIONS\POPULATION_0010\INDIVIDUAL_UYAF72DZ\m
odel.cpp                                         

                                                 
 <<<<<<< SEARCH                                  
   Type alpha_slow = exp(log_alpha_slow);        
   Type alpha_fast = exp(log_alpha_fast);        
   Type h_slow = exp(log_h_slow);                
 =======                                         
   Type alpha_slow = exp(log_alpha_slow);        
   Type alpha_fast = exp(log_alpha_fast);        
   Type beta_slow = exp(log_beta_slow);          
   Type beta_fast = exp(log_beta_fast);          
   Type h_slow = exp(log_h_slow);                
 >>>>>>> REPLACE                                 
                                                 

POPULATIONS\POPULATION_0010\INDIVIDUAL_UYAF72DZ\p
arameters.json                                   

                                                 
 <<<<<<< SEARCH                                  
         {                                       
             "parameter": "log_h_slow",          
             "value": -2.3026,                   
             "description": "Log of handling tim 
 for slow coral (year)",                         
             "source": "expert opinion",         
             "import_type": "PARAMETER",         
             "priority": 3,                      
             "enhanced_semantic_description":    
 "Feeding consumption time for predation on      
 slow-growing coral species",                    
             "processed": true                   
         },                                      
 =======                                         
         {                                       
             "parameter": "log_beta_slow",       
             "value": -2.3026,                   
             "description": "Log of slow coral   
 vulnerability temperature sensitivity (1/Â°C)",  
             "source": "expert opinion",         
             "import_type": "PARAMETER",         
             "priority": 1,                      
             "enhanced_semantic_description":    
 "Rate at which thermal stress increases         
 slow-growing coral vulnerability to predation", 
             "citations": [                      
                 "https://doi.org/10.1007/s00338 
 19-01775-y",                                    
                 "https://doi.org/10.3389/fmars. 
 20.00728"                                       
             ],                                  
             "processed": true                   
         },                                      
         {                                       
             "parameter": "log_beta_fast",       
             "value": -1.6094,                   
             "description": "Log of fast coral   
 vulnerability temperature sensitivity (1/Â°C)",  
             "source": "expert opinion",         
             "import_type": "PARAMETER",         
             "priority": 1,                      
             "enhanced_semantic_description":    
 "Rate at which thermal stress increases         
 fast-growing coral vulnerability to predation", 
             "citations": [                      
                 "https://doi.org/10.1007/s00338 
 19-01775-y",                                    
                 "https://doi.org/10.3389/fmars. 
 20.00728"                                       
             ],                                  
             "processed": true                   
         },                                      
         {                                       
             "parameter": "log_h_slow",          
             "value": -2.3026,                   
             "description": "Log of handling tim 
 for slow coral (year)",                         
             "source": "expert opinion",         
             "import_type": "PARAMETER",         
             "priority": 3,                      
             "enhanced_semantic_description":    
 "Feeding consumption time for predation on      
 slow-growing coral species",                    
             "processed": true                   
         },                                      
 >>>>>>> REPLACE                                 
                                                 

Tokens: 8.6k sent, 1.7k received. Cost: $0.05 
message, $0.05 session.
Committing 
POPULATIONS\POPULATION_0010\INDIVIDUAL_UYAF72DZ\i
ntention.tex before applying edits.
Committing 
POPULATIONS\POPULATION_0010\INDIVIDUAL_UYAF72DZ\m
odel.cpp before applying edits.
Committing 
POPULATIONS\POPULATION_0010\INDIVIDUAL_UYAF72DZ\p
arameters.json before applying edits.
Unable to add C:\Users\spi085\OneDrive - 
CSIRO\Documents\_Projects\SCCP-QuantModelling\POP
ULATIONS\POPULATION_0010\INDIVIDUAL_UYAF72DZ\mode
l.cpp: Cmd('git') failed due to: exit code(1)
  cmdline: git add C:\Users\spi085\OneDrive - 
CSIRO\Documents\_Projects\SCCP-QuantModelling\POP
ULATIONS\POPULATION_0010\INDIVIDUAL_UYAF72DZ\mode
l.cpp
  stderr: 'The following paths are ignored by one
of your .gitignore files:
POPULATIONS
hint: Use -f if you really want to add them.
hint: Turn this message off by running
hint: "git config advice.addIgnoredFile false"'
Unable to add C:\Users\spi085\OneDrive - 
CSIRO\Documents\_Projects\SCCP-QuantModelling\POP
ULATIONS\POPULATION_0010\INDIVIDUAL_UYAF72DZ\inte
ntion.tex: Cmd('git') failed due to: exit code(1)
  cmdline: git add C:\Users\spi085\OneDrive - 
CSIRO\Documents\_Projects\SCCP-QuantModelling\POP
ULATIONS\POPULATION_0010\INDIVIDUAL_UYAF72DZ\inte
ntion.tex
  stderr: 'The following paths are ignored by one
of your .gitignore files:
POPULATIONS
hint: Use -f if you really want to add them.
hint: Turn this message off by running
hint: "git config advice.addIgnoredFile false"'
Unable to add C:\Users\spi085\OneDrive - 
CSIRO\Documents\_Projects\SCCP-QuantModelling\POP
ULATIONS\POPULATION_0010\INDIVIDUAL_UYAF72DZ\para
meters.json: Cmd('git') failed due to: exit 
code(1)
  cmdline: git add C:\Users\spi085\OneDrive - 
CSIRO\Documents\_Projects\SCCP-QuantModelling\POP
ULATIONS\POPULATION_0010\INDIVIDUAL_UYAF72DZ\para
meters.json
  stderr: 'The following paths are ignored by one
of your .gitignore files:
POPULATIONS
hint: Use -f if you really want to add them.
hint: Turn this message off by running
hint: "git config advice.addIgnoredFile false"'
Unable to commit: Cmd('git') failed due to: exit 
code(1)
  cmdline: git commit -m feat: Add new individual
UYAF72DZ with model, intention, and parameters 
--no-verify -- C:\Users\spi085\OneDrive - 
CSIRO\Documents\_Projects\SCCP-QuantModelling\POP
ULATIONS\POPULATION_0010\INDIVIDUAL_UYAF72DZ\mode
l.cpp C:\Users\spi085\OneDrive - 
CSIRO\Documents\_Projects\SCCP-QuantModelling\POP
ULATIONS\POPULATION_0010\INDIVIDUAL_UYAF72DZ\inte
ntion.tex C:\Users\spi085\OneDrive - 
CSIRO\Documents\_Projects\SCCP-QuantModelling\POP
ULATIONS\POPULATION_0010\INDIVIDUAL_UYAF72DZ\para
meters.json
  stderr: 'error: pathspec 
'C:\Users\spi085\OneDrive - 
CSIRO\Documents\_Projects\SCCP-QuantModelling\POP
ULATIONS\POPULATION_0010\INDIVIDUAL_UYAF72DZ\mode
l.cpp' did not match any file(s) known to git
error: pathspec 'C:\Users\spi085\OneDrive - 
CSIRO\Documents\_Projects\SCCP-QuantModelling\POP
ULATIONS\POPULATION_0010\INDIVIDUAL_UYAF72DZ\inte
ntion.tex' did not match any file(s) known to git
error: pathspec 'C:\Users\spi085\OneDrive - 
CSIRO\Documents\_Projects\SCCP-QuantModelling\POP
ULATIONS\POPULATION_0010\INDIVIDUAL_UYAF72DZ\para
meters.json' did not match any file(s) known to 
git'
Applied edit to 
POPULATIONS\POPULATION_0010\INDIVIDUAL_UYAF72DZ\m
odel.cpp
Applied edit to 
POPULATIONS\POPULATION_0010\INDIVIDUAL_UYAF72DZ\i
ntention.tex
Applied edit to 
POPULATIONS\POPULATION_0010\INDIVIDUAL_UYAF72DZ\p
arameters.json
Improved existing model in individual: POPULATIONS\POPULATION_0010\INDIVIDUAL_UYAF72DZ
Validating model for data leakage...
Opening file: POPULATIONS\POPULATION_0010\INDIVIDUAL_UYAF72DZ\model.cpp
File read successfully
Extracting vectors...
Found data vectors: {'fast_dat', 'cotsimm_dat', 'cots_dat', 'slow_dat', 'Year', 'sst_dat'}
Found prediction vectors: {'slow_pred', 'fast_pred', 'cotsimm_pred', 'cots_pred'}
Found reported vectors: {'slow_pred', 'fast_pred', 'cotsimm_pred', 'cots_pred'}
Finding initial conditions...
Found 4 initial conditions
Finding time-stepping loop...
Found loop from line 64 to 106
Found response variables: {'slow_dat', 'cots_dat', 'cotsimm_dat'}
[93mRunning model for individual...[0m
[0mIndividual directory: POPULATIONS\POPULATION_0010\INDIVIDUAL_UYAF72DZ[0m
[93mR script stdout:[0m
[0mg++ -std=gnu++17  -I"C:/Users/spi085/AppData/Local/Programs/R/R-4.4.1/include" -DNDEBUG -I"C:/Users/spi085/AppData/Local/Programs/R/R-44~1.1/library/TMB/include" -I"C:/Users/spi085/AppData/Local/Programs/R/R-44~1.1/library/RCPPEI~1/include"   -DTMB_EIGEN_DISABLE_WARNINGS   -DTMB_LIB_INIT=R_init_model  -DCPPAD_FRAMEWORK    -I"C:/rtools44/x86_64-w64-mingw32.static.posix/include"     -O2 -Wa,-mbig-obj -c POPULATIONS//POPULATION_0010//INDIVIDUAL_UYAF72DZ/model.cpp -o POPULATIONS//POPULATION_0010//INDIVIDUAL_UYAF72DZ/model.o[0m
[93mR script stderr:[0m
[0mLoading required package: TMB
Loading required package: jsonlite
here() starts at C:/Users/spi085/OneDrive - CSIRO/Documents/_Projects/SCCP-QuantModelling
using C++ compiler: 'G__~1.EXE (GCC) 13.2.0'
POPULATIONS//POPULATION_0010//INDIVIDUAL_UYAF72DZ/model.cpp: In instantiation of 'Type objective_function<Type>::operator()() [with Type = double]':
C:/Users/spi085/AppData/Local/Programs/R/R-4.4.1/library/TMB/include/tmb_core.hpp:2031:7:   required from here
POPULATIONS//POPULATION_0010//INDIVIDUAL_UYAF72DZ/model.cpp:70:30: error: call of overloaded 'abs(Eigen::DenseCoeffsBase<Eigen::Array<double, -1, 1>, 1>::Scalar)' is ambiguous
   70 |     Type temp_deviation = abs(sst_dat(t) - T_opt);
      |                           ~~~^~~~~~~~~~~~~~~~~~~~
In file included from C:/rtools44/x86_64-w64-mingw32.static.posix/lib/gcc/x86_64-w64-mingw32.static.posix/13.2.0/include/c++/cstdlib:79,
                 from C:/rtools44/x86_64-w64-mingw32.static.posix/lib/gcc/x86_64-w64-mingw32.static.posix/13.2.0/include/c++/ext/string_conversions.h:43,
                 from C:/rtools44/x86_64-w64-mingw32.static.posix/lib/gcc/x86_64-w64-mingw32.static.posix/13.2.0/include/c++/bits/basic_string.h:4097,
                 from C:/rtools44/x86_64-w64-mingw32.static.posix/lib/gcc/x86_64-w64-mingw32.static.posix/13.2.0/include/c++/string:54,
                 from C:/rtools44/x86_64-w64-mingw32.static.posix/lib/gcc/x86_64-w64-mingw32.static.posix/13.2.0/include/c++/bits/locale_classes.h:40,
                 from C:/rtools44/x86_64-w64-mingw32.static.posix/lib/gcc/x86_64-w64-mingw32.static.posix/13.2.0/include/c++/bits/ios_base.h:41,
                 from C:/rtools44/x86_64-w64-mingw32.static.posix/lib/gcc/x86_64-w64-mingw32.static.posix/13.2.0/include/c++/ios:44,
                 from C:/rtools44/x86_64-w64-mingw32.static.posix/lib/gcc/x86_64-w64-mingw32.static.posix/13.2.0/include/c++/ostream:40,
                 from C:/rtools44/x86_64-w64-mingw32.static.posix/lib/gcc/x86_64-w64-mingw32.static.posix/13.2.0/include/c++/iostream:41,
                 from C:/Users/spi085/AppData/Local/Programs/R/R-4.4.1/library/TMB/include/Rstream.hpp:10,
                 from C:/Users/spi085/AppData/Local/Programs/R/R-4.4.1/library/TMB/include/TMB.hpp:46,
                 from POPULATIONS//POPULATION_0010//INDIVIDUAL_UYAF72DZ/model.cpp:1:
C:/rtools44/x86_64-w64-mingw32.static.posix/include/stdlib.h:414:15: note: candidate: 'int abs(int)'
  414 |   int __cdecl abs(int _X);
      |               ^~~
In file included from C:/rtools44/x86_64-w64-mingw32.static.posix/lib/gcc/x86_64-w64-mingw32.static.posix/13.2.0/include/c++/cstdlib:81:
C:/rtools44/x86_64-w64-mingw32.static.posix/lib/gcc/x86_64-w64-mingw32.static.posix/13.2.0/include/c++/bits/std_abs.h:137:3: note: candidate: 'constexpr __float128 std::abs(__float128)'
  137 |   abs(__float128 __x)
      |   ^~~
C:/rtools44/x86_64-w64-mingw32.static.posix/lib/gcc/x86_64-w64-mingw32.static.posix/13.2.0/include/c++/bits/std_abs.h:85:3: note: candidate: 'constexpr __int128 std::abs(__int128)'
   85 |   abs(__GLIBCXX_TYPE_INT_N_0 __x) { return __x >= 0 ? __x : -__x; }
      |   ^~~
C:/rtools44/x86_64-w64-mingw32.static.posix/lib/gcc/x86_64-w64-mingw32.static.posix/13.2.0/include/c++/bits/std_abs.h:79:3: note: candidate: 'constexpr long double std::abs(long double)'
   79 |   abs(long double __x)
      |   ^~~
C:/rtools44/x86_64-w64-mingw32.static.posix/lib/gcc/x86_64-w64-mingw32.static.posix/13.2.0/include/c++/bits/std_abs.h:75:3: note: candidate: 'constexpr float std::abs(float)'
   75 |   abs(float __x)
      |   ^~~
C:/rtools44/x86_64-w64-mingw32.static.posix/lib/gcc/x86_64-w64-mingw32.static.posix/13.2.0/include/c++/bits/std_abs.h:71:3: note: candidate: 'constexpr double std::abs(double)'
   71 |   abs(double __x)
      |   ^~~
C:/rtools44/x86_64-w64-mingw32.static.posix/lib/gcc/x86_64-w64-mingw32.static.posix/13.2.0/include/c++/bits/std_abs.h:61:3: note: candidate: 'long long int std::abs(long long int)'
   61 |   abs(long long __x) { return __builtin_llabs (__x); }
      |   ^~~
C:/rtools44/x86_64-w64-mingw32.static.posix/lib/gcc/x86_64-w64-mingw32.static.posix/13.2.0/include/c++/bits/std_abs.h:56:3: note: candidate: 'long int std::abs(long int)'
   56 |   abs(long __i) { return __builtin_labs(__i); }
      |   ^~~
In file included from C:/Users/spi085/AppData/Local/Programs/R/R-4.4.1/library/TMB/include/cppad/base_require.hpp:161,
                 from C:/Users/spi085/AppData/Local/Programs/R/R-4.4.1/library/TMB/include/cppad/cppad.hpp:22,
                 from C:/Users/spi085/AppData/Local/Programs/R/R-4.4.1/library/TMB/include/TMB.hpp:121:
C:/Users/spi085/AppData/Local/Programs/R/R-4.4.1/library/TMB/include/cppad/local/base_complex.hpp:373:30: note: candidate: 'std::complex<float> CppAD::abs(const std::complex<float>&)'
  373 |         CPPAD_USER_MACRO_TWO(abs)
      |                              ^~~
C:/Users/spi085/AppData/Local/Programs/R/R-4.4.1/library/TMB/include/cppad/local/base_complex.hpp:307:28: note: in definition of macro 'CPPAD_USER_MACRO_TWO'
  307 | inline std::complex<float> Fun(const std::complex<float>& x)       \
      |                            ^~~
C:/Users/spi085/AppData/Local/Programs/R/R-4.4.1/library/TMB/include/cppad/local/base_complex.hpp:241:26: note: candidate: 'std::complex<double> CppAD::abs(const std::complex<double>&)'
  241 |         CPPAD_USER_MACRO(abs)
      |                          ^~~
C:/Users/spi085/AppData/Local/Programs/R/R-4.4.1/library/TMB/include/cppad/local/base_complex.hpp:232:29: note: in definition of macro 'CPPAD_USER_MACRO'
  232 | inline std::complex<double> Fun(const std::complex<double>& x)     \
      |                             ^~~
In file included from C:/Users/spi085/AppData/Local/Programs/R/R-4.4.1/library/TMB/include/cppad/base_require.hpp:160:
C:/Users/spi085/AppData/Local/Programs/R/R-4.4.1/library/TMB/include/cppad/local/base_double.hpp:157:23: note: candidate: 'double CppAD::abs(const double&)'
  157 |         inline double abs(const double& x)
      |                       ^~~
In file included from C:/Users/spi085/AppData/Local/Programs/R/R-4.4.1/library/TMB/include/cppad/base_require.hpp:159:
C:/Users/spi085/AppData/Local/Programs/R/R-4.4.1/library/TMB/include/cppad/local/base_float.hpp:158:22: note: candidate: 'float CppAD::abs(const float&)'
  158 |         inline float abs(const float& x)
      |                      ^~~
make: *** [C:/Users/spi085/AppData/Local/Programs/R/R-4.4.1/etc/x64/Makeconf:296: POPULATIONS//POPULATION_0010//INDIVIDUAL_UYAF72DZ/model.o] Error 1
Error in TMB::compile(file.path(individual_dir, model_file), flags = flags,  : 
  Compilation failed
Error: Compilation failed
Execution halted[0m
[91mModel failed to compile.[0m
MODEL RUN FINISHED
Error: Objective value is None
Initial run failed. Attempting to fix...
Fixing broken model iteration: 0
The compilation error is due to ambiguous abs()  
function calls. Let's fix this by using fabs()   
instead for our floating point calculations.     
Here's the change:                               

POPULATIONS\POPULATION_0010\INDIVIDUAL_UYAF72DZ\m
odel.cpp                                         

                                                 
 <<<<<<< SEARCH                                  
     // Temperature-dependent predation          
 vulnerability                                   
     Type temp_deviation = abs(sst_dat(t) -      
 T_opt);                                         
     Type alpha_slow_effective = alpha_slow * (1 
 beta_slow * temp_deviation);                    
     Type alpha_fast_effective = alpha_fast * (1 
 beta_fast * temp_deviation);                    
 =======                                         
     // Temperature-dependent predation          
 vulnerability                                   
     Type temp_deviation = fabs(sst_dat(t) -     
 T_opt);                                         
     Type alpha_slow_effective = alpha_slow * (1 
 beta_slow * temp_deviation);                    
     Type alpha_fast_effective = alpha_fast * (1 
 beta_fast * temp_deviation);                    
 >>>>>>> REPLACE                                 
                                                 

This change replaces the ambiguous abs() with    
fabs() which is specifically for floating point  
numbers. The rest of the logic remains the same. 

Tokens: 13k sent, 226 received. Cost: $0.04 
message, $0.09 session.
Committing 
POPULATIONS\POPULATION_0010\INDIVIDUAL_UYAF72DZ\m
odel.cpp before applying edits.
Unable to add C:\Users\spi085\OneDrive - 
CSIRO\Documents\_Projects\SCCP-QuantModelling\POP
ULATIONS\POPULATION_0010\INDIVIDUAL_UYAF72DZ\mode
l.cpp: Cmd('git') failed due to: exit code(1)
  cmdline: git add C:\Users\spi085\OneDrive - 
CSIRO\Documents\_Projects\SCCP-QuantModelling\POP
ULATIONS\POPULATION_0010\INDIVIDUAL_UYAF72DZ\mode
l.cpp
  stderr: 'The following paths are ignored by one
of your .gitignore files:
POPULATIONS
hint: Use -f if you really want to add them.
hint: Turn this message off by running
hint: "git config advice.addIgnoredFile false"'
Unable to commit: Cmd('git') failed due to: exit 
code(1)
  cmdline: git commit -m feat: Add model.cpp for 
individual UYAF72DZ in population 0010 
--no-verify -- C:\Users\spi085\OneDrive - 
CSIRO\Documents\_Projects\SCCP-QuantModelling\POP
ULATIONS\POPULATION_0010\INDIVIDUAL_UYAF72DZ\mode
l.cpp
  stderr: 'error: pathspec 
'C:\Users\spi085\OneDrive - 
CSIRO\Documents\_Projects\SCCP-QuantModelling\POP
ULATIONS\POPULATION_0010\INDIVIDUAL_UYAF72DZ\mode
l.cpp' did not match any file(s) known to git'
Applied edit to 
POPULATIONS\POPULATION_0010\INDIVIDUAL_UYAF72DZ\m
odel.cpp
Validating fixed model for data leakage...
Opening file: POPULATIONS\POPULATION_0010\INDIVIDUAL_UYAF72DZ\model.cpp
File read successfully
Extracting vectors...
Found data vectors: {'fast_dat', 'cotsimm_dat', 'cots_dat', 'slow_dat', 'Year', 'sst_dat'}
Found prediction vectors: {'slow_pred', 'fast_pred', 'cotsimm_pred', 'cots_pred'}
Found reported vectors: {'slow_pred', 'fast_pred', 'cotsimm_pred', 'cots_pred'}
Finding initial conditions...
Found 4 initial conditions
Finding time-stepping loop...
Found loop from line 64 to 106
Found response variables: {'slow_dat', 'cots_dat', 'cotsimm_dat'}
[93mRunning model for individual...[0m
[0mIndividual directory: POPULATIONS\POPULATION_0010\INDIVIDUAL_UYAF72DZ[0m
[93mR script stdout:[0m
[0mg++ -std=gnu++17  -I"C:/Users/spi085/AppData/Local/Programs/R/R-4.4.1/include" -DNDEBUG -I"C:/Users/spi085/AppData/Local/Programs/R/R-44~1.1/library/TMB/include" -I"C:/Users/spi085/AppData/Local/Programs/R/R-44~1.1/library/RCPPEI~1/include"   -DTMB_EIGEN_DISABLE_WARNINGS   -DTMB_LIB_INIT=R_init_model  -DCPPAD_FRAMEWORK    -I"C:/rtools44/x86_64-w64-mingw32.static.posix/include"     -O2 -Wa,-mbig-obj -c POPULATIONS//POPULATION_0010//INDIVIDUAL_UYAF72DZ/model.cpp -o POPULATIONS//POPULATION_0010//INDIVIDUAL_UYAF72DZ/model.o
g++ -std=gnu++17 -shared -s -static-libgcc -o POPULATIONS//POPULATION_0010//INDIVIDUAL_UYAF72DZ/model.dll tmp.def POPULATIONS//POPULATION_0010//INDIVIDUAL_UYAF72DZ/model.o -LC:/rtools44/x86_64-w64-mingw32.static.posix/lib/x64 -LC:/rtools44/x86_64-w64-mingw32.static.posix/lib -LC:/Users/spi085/AppData/Local/Programs/R/R-4.4.1/bin/x64 -lR
Starting model phases
Number of phases: 3 
Phase 1 
Initial parameter values for phase 1 :
    log_r_slow     log_r_fast log_alpha_slow log_alpha_fast  log_beta_slow 
       -1.6094        -0.9163        -1.6094        -0.6931        -2.3026 
 log_beta_fast 
       -1.6094 
Final parameter values for phase 1 :
    log_r_slow     log_r_fast log_alpha_slow log_alpha_fast  log_beta_slow 
      1.204144       1.863824     -19.568640       1.559907      19.868525 
 log_beta_fast 
    -19.593846 
Convergence message: relative convergence (4) 
Number of iterations: 99 
Objective function value: 141949.1 
Gradient at solution for phase 1 :
            [,1]       [,2]        [,3]        [,4]        [,5]         [,6]
[1,] -0.05091529 -0.7595818 0.002826873 -0.00249695 0.002824505 1.846219e-05
Phase 2 
Initial parameter values for phase 2 :
log_K_slow log_K_fast      log_m  log_T_opt log_obs_sd 
    3.9120     3.4012    -0.6931     3.2581    -1.6094 
Final parameter values for phase 2 :
log_K_slow log_K_fast      log_m  log_T_opt log_obs_sd 
 3.3856050  3.3255373  0.6089658  3.2516485 -0.8407283 
Convergence message: function evaluation limit reached without convergence (9) 
Number of iterations: 116 
Objective function value: 30993.25 
Gradient at solution for phase 2 :
          [,1]     [,2]     [,3]      [,4]      [,5]
[1,] -175.1189 103.3479 -63.0769 -95891.22 -61896.29
Phase 3 
Initial parameter values for phase 3 :
 log_h_slow  log_h_fast log_sigma_T 
    -2.3026     -2.9957      0.6931 
Final parameter values for phase 3 :
 log_h_slow  log_h_fast log_sigma_T 
 -1.3356149 -20.3264994   0.7048299 
Convergence message: relative convergence (4) 
Number of iterations: 39 
Objective function value: 29400.26 
Gradient at solution for phase 3 :
             [,1]         [,2]       [,3]
[1,] 0.0002236576 3.324339e-06 0.02215774
Final Phase
Initial parameter values for final phase:
    log_r_slow     log_r_fast     log_K_slow     log_K_fast log_alpha_slow 
     1.2041444      1.8638245      3.3856050      3.3255373    -19.5686404 
log_alpha_fast  log_beta_slow  log_beta_fast     log_h_slow     log_h_fast 
     1.5599067     19.8685251    -19.5938456     -1.3356149    -20.3264994 
         log_m      log_T_opt    log_sigma_T     log_obs_sd 
     0.6089658      3.2516485      0.7048299     -0.8407283 
Final parameter values for final phase:
    log_r_slow     log_r_fast     log_K_slow     log_K_fast log_alpha_slow 
     1.0446409      1.5577087      3.1773086      3.3158327    -19.6877441 
log_alpha_fast  log_beta_slow  log_beta_fast     log_h_slow     log_h_fast 
     1.7529115     19.7494214    -19.5938456     -0.9687122    -20.3264994 
         log_m      log_T_opt    log_sigma_T     log_obs_sd 
     0.8874490      3.2718664      0.9702505      0.2190407 
Convergence message: function evaluation limit reached without convergence (9) 
Number of iterations: 89 
Objective function value: 3598.432 
Gradient at solution for final phase:
          [,1]     [,2]      [,3]      [,4]      [,5]     [,6]      [,7]
[1,] -560.2723 -554.741 -3442.016 -169.8256 -3331.857 3676.186 -3331.857
             [,8]      [,9]         [,10]     [,11]    [,12]    [,13]     [,14]
[1,] 2.792274e-05 -3870.286 -4.700012e-05 -200.3677 51197.73 437.1462 -6941.338
All phases completed

Running model validation...
No test data available (train_test_split >= 1.0)
NULL

DEBUG: Report contents:
List of 4
 $ cotsimm_pred: num [1:26] 0 0 0 0 0 0 0 0 0 0 ...
 $ cots_pred   : num [1:26] 0.262 2.355 0.496 0.736 0.941 ...
 $ fast_pred   : num [1:26] 12.7726 14.4162 0.0606 0.1423 0.2786 ...
 $ slow_pred   : num [1:26] 10.07 10.53 4.13 11.5 24.31 ...
NULL

DEBUG: Available variables in report:
[1] "cotsimm_pred" "cots_pred"    "fast_pred"    "slow_pred"   

Checking predictions and calculating objective function...

DEBUG: Processing cots_pred 
DEBUG: First few predictions: 0.2615042 2.355217 0.4959017 0.736277 0.9413781 0.4895345 
DEBUG: Summary statistics:
     Min.   1st Qu.    Median      Mean   3rd Qu.      Max. 
0.0000000 0.0000035 0.0025483 0.3445795 0.5695014 2.3552170 
DEBUG: All zeros? FALSE 
DEBUG: Any infinities? FALSE 

DEBUG: Processing slow_pred 
DEBUG: First few predictions: 10.06939 10.52882 4.125248 11.50365 24.31006 20.71887 
DEBUG: Summary statistics:
   Min. 1st Qu.  Median    Mean 3rd Qu.    Max. 
  4.125  13.625  23.621  20.230  24.716  29.774 
DEBUG: All zeros? FALSE 
DEBUG: Any infinities? FALSE 

DEBUG: Processing fast_pred 
DEBUG: First few predictions: 12.77261 14.41616 0.06059134 0.1422641 0.2785925 0.246339 
DEBUG: Summary statistics:
    Min.  1st Qu.   Median     Mean  3rd Qu.     Max. 
 0.00000  0.00000  0.00000  1.08822  0.04544 14.41616 
DEBUG: All zeros? FALSE 
DEBUG: Any infinities? FALSE 

DEBUG: Using the following variables for objective function:
cots_dat -> cots_pred
slow_dat -> slow_pred
fast_dat -> fast_pred

DEBUG: Calculating MSE for prediction variables only:

DEBUG: cots_pred 
Observed: 0.2615042 0.5498196 0.7268086 0.5522907 0.828121 0.5470078 ...
Predicted: 0.2615042 2.355217 0.4959017 0.736277 0.9413781 0.4895345 ...
MSE (normalized): 3.054144 

DEBUG: slow_pred 
Observed: 10.06939 17.72357 23.82758 19.41812 15.63542 32.45961 ...
Predicted: 10.06939 10.52882 4.125248 11.50365 24.31006 20.71887 ...
MSE (normalized): 1.841374 

DEBUG: fast_pred 
Observed: 12.77261 16.41474 12.77729 12.27975 15.11516 12.81941 ...
Predicted: 12.77261 14.41616 0.06059134 0.1422641 0.2785925 0.246339 ...
MSE (normalized): 4.129158 

DEBUG: MSE values:
cots_dat slow_dat fast_dat 
3.054144 1.841374 4.129158 

DEBUG: Final objective value (mean of MSEs): 3.008225 

Final objective function value: 3.008225 

JSON_REPORT_START
{
  "status": "SUCCESS",
  "objective_value": 3.0082,
  "model_summary": ["            Length Class  Mode     ", "par         14     -none- numeric  ", "objective    1     -none- numeric  ", "convergence  1     -none- numeric  ", "iterations   1     -none- numeric  ", "evaluations  2     -none- numeric  ", "message      1     -none- character"],
  "model_report": {
    "cotsimm_pred": [0, 0, 0, 0, 0, 0, 0, 0, 0, 0, 0, 0, 0, 0, 0, 0, 0, 0, 0, 0, 0, 0, 0, 0, 0, 0],
    "cots_pred": [0.2615, 2.3552, 0.4959, 0.7363, 0.9414, 0.4895, 1.065, 0.9182, 0.594, 1.0599, 1e-08, 3.1836e-08, 9.2868e-08, 3.0116e-07, 6.5969e-07, 1.6967e-06, 3.2098e-06, 4.547e-06, 0, 0, 0.0001, 0.0004, 0.0012, 0.0039, 0.0122, 0.0242],
    "fast_pred": [12.7726, 14.4162, 0.0606, 0.1423, 0.2786, 0.2463, 0.3771, 1e-08, 1.6285e-08, 1e-08, 1e-08, 1e-08, 3.2622e-08, 2.1173e-08, 2.4848e-08, 3.1375e-08, 3.1495e-08, 3.1508e-08, 4.6675e-08, 7.1065e-08, 8.8228e-08, 1.3735e-07, 2.2827e-07, 2.8661e-07, 4.3957e-07, 5.4962e-07],
    "slow_pred": [10.0694, 10.5288, 4.1252, 11.5036, 24.3101, 20.7189, 26.9182, 14.672, 28.891, 12.1744, 28.5676, 13.2766, 29.7738, 9.792, 17.8293, 26.0113, 23.8411, 23.9054, 24.1088, 23.758, 24.2501, 23.4834, 24.8514, 22.6419, 25.8412, 20.1365]
  },
  "plot_data": {
    "cots_pred": {
      "Year": [1980, 1981, 1982, 1983, 1984, 1985, 1986, 1987, 1988, 1989, 1990, 1991, 1992, 1993, 1994, 1995, 1996, 1997, 1998, 1999, 2000, 2001, 2002, 2003, 2004, 2005],
      "Modeled": [0.2615, 2.3552, 0.4959, 0.7363, 0.9414, 0.4895, 1.065, 0.9182, 0.594, 1.0599, 1e-08, 3.1836e-08, 9.2868e-08, 3.0116e-07, 6.5969e-07, 1.6967e-06, 3.2098e-06, 4.547e-06, 0, 0, 0.0001, 0.0004, 0.0012, 0.0039, 0.0122, 0.0242],
      "Observed": [0.2615, 0.5498, 0.7268, 0.5523, 0.8281, 0.547, 0.758, 0.6288, 0.4762, 0.6466, 0.9107, 2.152, 0.6446, 1.6723, 0.4766, 0.8075, 0.3635, 0.3728, 0.6173, 0.3107, 0.256, 0.2984, 0.3362, 0.2878, 0.3221, 0.4308]
    },
    "slow_pred": {
      "Year": [1980, 1981, 1982, 1983, 1984, 1985, 1986, 1987, 1988, 1989, 1990, 1991, 1992, 1993, 1994, 1995, 1996, 1997, 1998, 1999, 2000, 2001, 2002, 2003, 2004, 2005],
      "Modeled": [10.0694, 10.5288, 4.1252, 11.5036, 24.3101, 20.7189, 26.9182, 14.672, 28.891, 12.1744, 28.5676, 13.2766, 29.7738, 9.792, 17.8293, 26.0113, 23.8411, 23.9054, 24.1088, 23.758, 24.2501, 23.4834, 24.8514, 22.6419, 25.8412, 20.1365],
      "Observed": [10.0694, 17.7236, 23.8276, 19.4181, 15.6354, 32.4596, 21.5567, 34.1938, 18.8708, 27.3176, 44.3301, 13.3275, 11.3741, 8.3362, 15.207, 12.443, 11.0666, 10.6442, 2.3628, 2.76, 3.7236, 7.0355, 10.2239, 8.4754, 9.0819, 13.7314]
    },
    "fast_pred": {
      "Year": [1980, 1981, 1982, 1983, 1984, 1985, 1986, 1987, 1988, 1989, 1990, 1991, 1992, 1993, 1994, 1995, 1996, 1997, 1998, 1999, 2000, 2001, 2002, 2003, 2004, 2005],
      "Modeled": [12.7726, 14.4162, 0.0606, 0.1423, 0.2786, 0.2463, 0.3771, 1e-08, 1.6285e-08, 1e-08, 1e-08, 1e-08, 3.2622e-08, 2.1173e-08, 2.4848e-08, 3.1375e-08, 3.1495e-08, 3.1508e-08, 4.6675e-08, 7.1065e-08, 8.8228e-08, 1.3735e-07, 2.2827e-07, 2.8661e-07, 4.3957e-07, 5.4962e-07],
      "Observed": [12.7726, 16.4147, 12.7773, 12.2798, 15.1152, 12.8194, 10.4631, 9.7251, 13.2014, 16.4512, 11.1393, 18.0832, 11.5223, 8.51, 9.1622, 5.3353, 8.6044, 7.2781, 2.629, 4.6951, 1.5948, 5.2172, 2.6041, 3.3618, 7.3289, 4.4014]
    }
  }
}
JSON_REPORT_END[0m
[93mR script stderr:[0m
[0mLoading required package: TMB
Loading required package: jsonlite
here() starts at C:/Users/spi085/OneDrive - CSIRO/Documents/_Projects/SCCP-QuantModelling
using C++ compiler: 'G__~1.EXE (GCC) 13.2.0'
There were 50 or more warnings (use warnings() to see the first 50)
Warning message:
`aes_string()` was deprecated in ggplot2 3.0.0.
â„¹ Please use tidy evaluation idioms with `aes()`.
â„¹ See also `vignette("ggplot2-in-packages")` for more information.[0m
[0mObjective value: 3.0082[0m
[94mObjective Value: 3.0082[0m
[92mSuccessful model run[0m
[0m--------------------------------------[0m
Model run successful. Objective value: 3.0082
Model ran successful and returned meaningful objective value... enhancing parameter descriptions.
Enhancing parameter descriptions...
Parameter processing completed.
