{
  "iterations": {
    "1": {
      "status": "ERROR",
      "message": "Model failed to compile.",
      "stdout": "g++ -std=gnu++17 -I\"/usr/share/R/include\" -DNDEBUG -I\"/home/spi085/R/x86_64-pc-linux-gnu-library/4.4/TMB/include\" -I\"/home/spi085/R/x86_64-pc-linux-gnu-library/4.4/RcppEigen/include\"   -DTMB_EIGEN_DISABLE_WARNINGS   -DTMB_LIB_INIT=R_init_model  -DCPPAD_FRAMEWORK      -fpic  -O2  -c POPULATIONS/POPULATION_0002/INDIVIDUAL_J5M1Z4GI/model.cpp -o POPULATIONS/POPULATION_0002/INDIVIDUAL_J5M1Z4GI/model.o",
      "stderr": "Loading required package: TMB\nLoading required package: jsonlite\nhere() starts at /home/spi085/Documents/_Projects/SCCP-QuantModelling\nusing C++ compiler: \u2018g++ (Ubuntu 13.3.0-6ubuntu2~24.04) 13.3.0\u2019\nPOPULATIONS/POPULATION_0002/INDIVIDUAL_J5M1Z4GI/model.cpp: In member function \u2018Type objective_function<Type>::operator()()\u2019:\nPOPULATIONS/POPULATION_0002/INDIVIDUAL_J5M1Z4GI/model.cpp:69:71: error: \u2018T_width\u2019 was not declared in this scope; did you mean \u2018wcwidth\u2019?\n   69 |     Type temp_effect = exp(-pow(sst_dat(t-1) - T_opt, 2.0)/(2.0 * pow(T_width, 2.0)));\n      |                                                                       ^~~~~~~\n      |                                                                       wcwidth\nPOPULATIONS/POPULATION_0002/INDIVIDUAL_J5M1Z4GI/model.cpp:72:58: error: \u2018A_thresh\u2019 was not declared in this scope\n   72 |     Type allee_effect = cots_pred(t-1)/(cots_pred(t-1) + A_thresh);\n      |                                                          ^~~~~~~~\nmake: *** [/usr/lib/R/etc/Makeconf:204: POPULATIONS/POPULATION_0002/INDIVIDUAL_J5M1Z4GI/model.o] Error 1\nError in TMB::compile(file.path(individual_dir, model_file), flags = flags,  : \n  Compilation failed\nError: Compilation failed\nExecution halted"
    },
    "2": {
      "status": "ERROR",
      "message": "R script failed with return code 1",
      "stdout": "g++ -std=gnu++17 -I\"/usr/share/R/include\" -DNDEBUG -I\"/home/spi085/R/x86_64-pc-linux-gnu-library/4.4/TMB/include\" -I\"/home/spi085/R/x86_64-pc-linux-gnu-library/4.4/RcppEigen/include\"   -DTMB_EIGEN_DISABLE_WARNINGS   -DTMB_LIB_INIT=R_init_model  -DCPPAD_FRAMEWORK      -fpic  -O2  -c POPULATIONS/POPULATION_0002/INDIVIDUAL_J5M1Z4GI/model.cpp -o POPULATIONS/POPULATION_0002/INDIVIDUAL_J5M1Z4GI/model.o\ng++ -std=gnu++17 -shared -L/usr/lib/R/lib -Wl,-Bsymbolic-functions -flto=auto -ffat-lto-objects -Wl,-z,relro -o POPULATIONS/POPULATION_0002/INDIVIDUAL_J5M1Z4GI/model.so POPULATIONS/POPULATION_0002/INDIVIDUAL_J5M1Z4GI/model.o -L/usr/lib/R/lib -lR\nStarting model phases\nNumber of phases: 3 \nPhase 1 \nInitial parameter values for phase 1 :\n  r_cots   r_fast   r_slow   a_fast   a_slow    T_opt A_thresh \n      NA       NA       NA       NA       NA       28       NA \nError in model phases: NA/NaN gradient evaluation",
      "stderr": "Loading required package: TMB\nLoading required package: jsonlite\nhere() starts at /home/spi085/Documents/_Projects/SCCP-QuantModelling\nusing C++ compiler: \u2018g++ (Ubuntu 13.3.0-6ubuntu2~24.04) 13.3.0\u2019\nError in value[[3L]](cond) : \n  Error in model phases: NA/NaN gradient evaluation\nCalls: tryCatch -> tryCatchList -> tryCatchOne -> <Anonymous>\nIn addition: Warning message:\nIn nlminb(model$par, model$fn, model$gr) : NA/NaN function evaluation\nExecution halted"
    },
    "3": {
      "status": "ERROR",
      "message": "R script failed with return code 1",
      "stdout": "g++ -std=gnu++17 -I\"/usr/share/R/include\" -DNDEBUG -I\"/home/spi085/R/x86_64-pc-linux-gnu-library/4.4/TMB/include\" -I\"/home/spi085/R/x86_64-pc-linux-gnu-library/4.4/RcppEigen/include\"   -DTMB_EIGEN_DISABLE_WARNINGS   -DTMB_LIB_INIT=R_init_model  -DCPPAD_FRAMEWORK      -fpic  -O2  -c POPULATIONS/POPULATION_0002/INDIVIDUAL_J5M1Z4GI/model.cpp -o POPULATIONS/POPULATION_0002/INDIVIDUAL_J5M1Z4GI/model.o\ng++ -std=gnu++17 -shared -L/usr/lib/R/lib -Wl,-Bsymbolic-functions -flto=auto -ffat-lto-objects -Wl,-z,relro -o POPULATIONS/POPULATION_0002/INDIVIDUAL_J5M1Z4GI/model.so POPULATIONS/POPULATION_0002/INDIVIDUAL_J5M1Z4GI/model.o -L/usr/lib/R/lib -lR\nStarting model phases\nNumber of phases: 3 \nPhase 1 \nError in model phases: Error when reading the variable: 'log_r_cots'. Please check data and parameters.",
      "stderr": "Loading required package: TMB\nLoading required package: jsonlite\nhere() starts at /home/spi085/Documents/_Projects/SCCP-QuantModelling\nusing C++ compiler: \u2018g++ (Ubuntu 13.3.0-6ubuntu2~24.04) 13.3.0\u2019\nError in value[[3L]](cond) : \n  Error in model phases: Error when reading the variable: 'log_r_cots'. Please check data and parameters.\nCalls: tryCatch -> tryCatchList -> tryCatchOne -> <Anonymous>\nIn addition: Warning messages:\n1: In getParameterOrder(data, parameters, new.env(), DLL = DLL) :\n  Expected scalar. Got length=0\n2: In getParameterOrder(data, parameters, new.env(), DLL = DLL) :\n  Expected object. Got NULL.\nExecution halted"
    },
    "4": {
      "status": "ERROR",
      "message": "R script failed with return code 1",
      "stdout": "g++ -std=gnu++17 -I\"/usr/share/R/include\" -DNDEBUG -I\"/home/spi085/R/x86_64-pc-linux-gnu-library/4.4/TMB/include\" -I\"/home/spi085/R/x86_64-pc-linux-gnu-library/4.4/RcppEigen/include\"   -DTMB_EIGEN_DISABLE_WARNINGS   -DTMB_LIB_INIT=R_init_model  -DCPPAD_FRAMEWORK      -fpic  -O2  -c POPULATIONS/POPULATION_0002/INDIVIDUAL_J5M1Z4GI/model.cpp -o POPULATIONS/POPULATION_0002/INDIVIDUAL_J5M1Z4GI/model.o\ng++ -std=gnu++17 -shared -L/usr/lib/R/lib -Wl,-Bsymbolic-functions -flto=auto -ffat-lto-objects -Wl,-z,relro -o POPULATIONS/POPULATION_0002/INDIVIDUAL_J5M1Z4GI/model.so POPULATIONS/POPULATION_0002/INDIVIDUAL_J5M1Z4GI/model.o -L/usr/lib/R/lib -lR\nStarting model phases\nNumber of phases: 3 \nPhase 1 \nInitial parameter values for phase 1 :\n  r_cots   r_fast   r_slow   a_fast   a_slow    T_opt A_thresh \n      NA       NA       NA       NA       NA       28       NA \nError in model phases: NA/NaN gradient evaluation",
      "stderr": "Loading required package: TMB\nLoading required package: jsonlite\nhere() starts at /home/spi085/Documents/_Projects/SCCP-QuantModelling\nusing C++ compiler: \u2018g++ (Ubuntu 13.3.0-6ubuntu2~24.04) 13.3.0\u2019\nError in value[[3L]](cond) : \n  Error in model phases: NA/NaN gradient evaluation\nCalls: tryCatch -> tryCatchList -> tryCatchOne -> <Anonymous>\nIn addition: Warning message:\nIn nlminb(model$par, model$fn, model$gr) : NA/NaN function evaluation\nExecution halted"
    },
    "5": {
      "status": "ERROR",
      "message": "Model failed to compile.",
      "stdout": "g++ -std=gnu++17 -I\"/usr/share/R/include\" -DNDEBUG -I\"/home/spi085/R/x86_64-pc-linux-gnu-library/4.4/TMB/include\" -I\"/home/spi085/R/x86_64-pc-linux-gnu-library/4.4/RcppEigen/include\"   -DTMB_EIGEN_DISABLE_WARNINGS   -DTMB_LIB_INIT=R_init_model  -DCPPAD_FRAMEWORK      -fpic  -O2  -c POPULATIONS/POPULATION_0002/INDIVIDUAL_J5M1Z4GI/model.cpp -o POPULATIONS/POPULATION_0002/INDIVIDUAL_J5M1Z4GI/model.o",
      "stderr": "Loading required package: TMB\nLoading required package: jsonlite\nhere() starts at /home/spi085/Documents/_Projects/SCCP-QuantModelling\nusing C++ compiler: \u2018g++ (Ubuntu 13.3.0-6ubuntu2~24.04) 13.3.0\u2019\nPOPULATIONS/POPULATION_0002/INDIVIDUAL_J5M1Z4GI/model.cpp: In instantiation of \u2018Type objective_function<Type>::operator()() [with Type = CppAD::AD<double>]\u2019:\n/home/spi085/R/x86_64-pc-linux-gnu-library/4.4/TMB/include/tmb_core.hpp:1312:6:   required from here\nPOPULATIONS/POPULATION_0002/INDIVIDUAL_J5M1Z4GI/model.cpp:106:27: error: \u2018posfun\u2019 was not declared in this scope\n  106 |     Type obs_cots = posfun(cots_dat(t), eps, nll);\n      |                     ~~~~~~^~~~~~~~~~~~~~~~~~~~~~~\nPOPULATIONS/POPULATION_0002/INDIVIDUAL_J5M1Z4GI/model.cpp:107:28: error: \u2018posfun\u2019 was not declared in this scope, and no declarations were found by argument-dependent lookup at the point of instantiation\n  107 |     Type pred_cots = posfun(cots_pred(t), eps, nll);\n      |                      ~~~~~~^~~~~~~~~~~~~~~~~~~~~~~~\nPOPULATIONS/POPULATION_0002/INDIVIDUAL_J5M1Z4GI/model.cpp:106:27: note: \u2018posfun\u2019 declared here, later in the translation unit\n  106 |     Type obs_cots = posfun(cots_dat(t), eps, nll);\n      |                     ~~~~~~^~~~~~~~~~~~~~~~~~~~~~~\nPOPULATIONS/POPULATION_0002/INDIVIDUAL_J5M1Z4GI/model.cpp:108:27: error: \u2018posfun\u2019 was not declared in this scope, and no declarations were found by argument-dependent lookup at the point of instantiation\n  108 |     Type obs_fast = posfun(fast_dat(t), eps, nll);\n      |                     ~~~~~~^~~~~~~~~~~~~~~~~~~~~~~\nPOPULATIONS/POPULATION_0002/INDIVIDUAL_J5M1Z4GI/model.cpp:106:27: note: \u2018posfun\u2019 declared here, later in the translation unit\n  106 |     Type obs_cots = posfun(cots_dat(t), eps, nll);\n      |                     ~~~~~~^~~~~~~~~~~~~~~~~~~~~~~\nPOPULATIONS/POPULATION_0002/INDIVIDUAL_J5M1Z4GI/model.cpp:109:28: error: \u2018posfun\u2019 was not declared in this scope, and no declarations were found by argument-dependent lookup at the point of instantiation\n  109 |     Type pred_fast = posfun(fast_pred(t), eps, nll);\n      |                      ~~~~~~^~~~~~~~~~~~~~~~~~~~~~~~\nPOPULATIONS/POPULATION_0002/INDIVIDUAL_J5M1Z4GI/model.cpp:106:27: note: \u2018posfun\u2019 declared here, later in the translation unit\n  106 |     Type obs_cots = posfun(cots_dat(t), eps, nll);\n      |                     ~~~~~~^~~~~~~~~~~~~~~~~~~~~~~\nPOPULATIONS/POPULATION_0002/INDIVIDUAL_J5M1Z4GI/model.cpp:110:27: error: \u2018posfun\u2019 was not declared in this scope, and no declarations were found by argument-dependent lookup at the point of instantiation\n  110 |     Type obs_slow = posfun(slow_dat(t), eps, nll);\n      |                     ~~~~~~^~~~~~~~~~~~~~~~~~~~~~~\nPOPULATIONS/POPULATION_0002/INDIVIDUAL_J5M1Z4GI/model.cpp:106:27: note: \u2018posfun\u2019 declared here, later in the translation unit\n  106 |     Type obs_cots = posfun(cots_dat(t), eps, nll);\n      |                     ~~~~~~^~~~~~~~~~~~~~~~~~~~~~~\nPOPULATIONS/POPULATION_0002/INDIVIDUAL_J5M1Z4GI/model.cpp:111:28: error: \u2018posfun\u2019 was not declared in this scope, and no declarations were found by argument-dependent lookup at the point of instantiation\n  111 |     Type pred_slow = posfun(slow_pred(t), eps, nll);\n      |                      ~~~~~~^~~~~~~~~~~~~~~~~~~~~~~~\nPOPULATIONS/POPULATION_0002/INDIVIDUAL_J5M1Z4GI/model.cpp:106:27: note: \u2018posfun\u2019 declared here, later in the translation unit\n  106 |     Type obs_cots = posfun(cots_dat(t), eps, nll);\n      |                     ~~~~~~^~~~~~~~~~~~~~~~~~~~~~~\nPOPULATIONS/POPULATION_0002/INDIVIDUAL_J5M1Z4GI/model.cpp: In instantiation of \u2018Type objective_function<Type>::operator()() [with Type = double]\u2019:\n/home/spi085/R/x86_64-pc-linux-gnu-library/4.4/TMB/include/tmb_core.hpp:2035:7:   required from here\nPOPULATIONS/POPULATION_0002/INDIVIDUAL_J5M1Z4GI/model.cpp:106:27: error: \u2018posfun\u2019 was not declared in this scope\nPOPULATIONS/POPULATION_0002/INDIVIDUAL_J5M1Z4GI/model.cpp:107:28: error: \u2018posfun\u2019 was not declared in this scope, and no declarations were found by argument-dependent lookup at the point of instantiation\n  107 |     Type pred_cots = posfun(cots_pred(t), eps, nll);\n      |                      ~~~~~~^~~~~~~~~~~~~~~~~~~~~~~~\nPOPULATIONS/POPULATION_0002/INDIVIDUAL_J5M1Z4GI/model.cpp:106:27: note: \u2018posfun\u2019 declared here, later in the translation unit\n  106 |     Type obs_cots = posfun(cots_dat(t), eps, nll);\n      |                     ~~~~~~^~~~~~~~~~~~~~~~~~~~~~~\nPOPULATIONS/POPULATION_0002/INDIVIDUAL_J5M1Z4GI/model.cpp:108:27: error: \u2018posfun\u2019 was not declared in this scope, and no declarations were found by argument-dependent lookup at the point of instantiation\n  108 |     Type obs_fast = posfun(fast_dat(t), eps, nll);\n      |                     ~~~~~~^~~~~~~~~~~~~~~~~~~~~~~\nPOPULATIONS/POPULATION_0002/INDIVIDUAL_J5M1Z4GI/model.cpp:106:27: note: \u2018posfun\u2019 declared here, later in the translation unit\n  106 |     Type obs_cots = posfun(cots_dat(t), eps, nll);\n      |                     ~~~~~~^~~~~~~~~~~~~~~~~~~~~~~\nPOPULATIONS/POPULATION_0002/INDIVIDUAL_J5M1Z4GI/model.cpp:109:28: error: \u2018posfun\u2019 was not declared in this scope, and no declarations were found by argument-dependent lookup at the point of instantiation\n  109 |     Type pred_fast = posfun(fast_pred(t), eps, nll);\n      |                      ~~~~~~^~~~~~~~~~~~~~~~~~~~~~~~\nPOPULATIONS/POPULATION_0002/INDIVIDUAL_J5M1Z4GI/model.cpp:106:27: note: \u2018posfun\u2019 declared here, later in the translation unit\n  106 |     Type obs_cots = posfun(cots_dat(t), eps, nll);\n      |                     ~~~~~~^~~~~~~~~~~~~~~~~~~~~~~\nPOPULATIONS/POPULATION_0002/INDIVIDUAL_J5M1Z4GI/model.cpp:110:27: error: \u2018posfun\u2019 was not declared in this scope, and no declarations were found by argument-dependent lookup at the point of instantiation\n  110 |     Type obs_slow = posfun(slow_dat(t), eps, nll);\n      |                     ~~~~~~^~~~~~~~~~~~~~~~~~~~~~~\nPOPULATIONS/POPULATION_0002/INDIVIDUAL_J5M1Z4GI/model.cpp:106:27: note: \u2018posfun\u2019 declared here, later in the translation unit\n  106 |     Type obs_cots = posfun(cots_dat(t), eps, nll);\n      |                     ~~~~~~^~~~~~~~~~~~~~~~~~~~~~~\nPOPULATIONS/POPULATION_0002/INDIVIDUAL_J5M1Z4GI/model.cpp:111:28: error: \u2018posfun\u2019 was not declared in this scope, and no declarations were found by argument-dependent lookup at the point of instantiation\n  111 |     Type pred_slow = posfun(slow_pred(t), eps, nll);\n      |                      ~~~~~~^~~~~~~~~~~~~~~~~~~~~~~~\nPOPULATIONS/POPULATION_0002/INDIVIDUAL_J5M1Z4GI/model.cpp:106:27: note: \u2018posfun\u2019 declared here, later in the translation unit\n  106 |     Type obs_cots = posfun(cots_dat(t), eps, nll);\n      |                     ~~~~~~^~~~~~~~~~~~~~~~~~~~~~~\nPOPULATIONS/POPULATION_0002/INDIVIDUAL_J5M1Z4GI/model.cpp: In instantiation of \u2018Type objective_function<Type>::operator()() [with Type = CppAD::AD<CppAD::AD<double> >]\u2019:\n/home/spi085/R/x86_64-pc-linux-gnu-library/4.4/TMB/include/tmb_core.hpp:917:29:   required from \u2018Type objective_function<Type>::evalUserTemplate() [with Type = CppAD::AD<CppAD::AD<double> >]\u2019\n/home/spi085/R/x86_64-pc-linux-gnu-library/4.4/TMB/include/tmb_core.hpp:2116:26:   required from here\nPOPULATIONS/POPULATION_0002/INDIVIDUAL_J5M1Z4GI/model.cpp:106:27: error: \u2018posfun\u2019 was not declared in this scope\nPOPULATIONS/POPULATION_0002/INDIVIDUAL_J5M1Z4GI/model.cpp:107:28: error: \u2018posfun\u2019 was not declared in this scope, and no declarations were found by argument-dependent lookup at the point of instantiation\n  107 |     Type pred_cots = posfun(cots_pred(t), eps, nll);\n      |                      ~~~~~~^~~~~~~~~~~~~~~~~~~~~~~~\nPOPULATIONS/POPULATION_0002/INDIVIDUAL_J5M1Z4GI/model.cpp:106:27: note: \u2018posfun\u2019 declared here, later in the translation unit\n  106 |     Type obs_cots = posfun(cots_dat(t), eps, nll);\n      |                     ~~~~~~^~~~~~~~~~~~~~~~~~~~~~~\nPOPULATIONS/POPULATION_0002/INDIVIDUAL_J5M1Z4GI/model.cpp:108:27: error: \u2018posfun\u2019 was not declared in this scope, and no declarations were found by argument-dependent lookup at the point of instantiation\n  108 |     Type obs_fast = posfun(fast_dat(t), eps, nll);\n      |                     ~~~~~~^~~~~~~~~~~~~~~~~~~~~~~\nPOPULATIONS/POPULATION_0002/INDIVIDUAL_J5M1Z4GI/model.cpp:106:27: note: \u2018posfun\u2019 declared here, later in the translation unit\n  106 |     Type obs_cots = posfun(cots_dat(t), eps, nll);\n      |                     ~~~~~~^~~~~~~~~~~~~~~~~~~~~~~\nPOPULATIONS/POPULATION_0002/INDIVIDUAL_J5M1Z4GI/model.cpp:109:28: error: \u2018posfun\u2019 was not declared in this scope, and no declarations were found by argument-dependent lookup at the point of instantiation\n  109 |     Type pred_fast = posfun(fast_pred(t), eps, nll);\n      |                      ~~~~~~^~~~~~~~~~~~~~~~~~~~~~~~\nPOPULATIONS/POPULATION_0002/INDIVIDUAL_J5M1Z4GI/model.cpp:106:27: note: \u2018posfun\u2019 declared here, later in the translation unit\n  106 |     Type obs_cots = posfun(cots_dat(t), eps, nll);\n      |                     ~~~~~~^~~~~~~~~~~~~~~~~~~~~~~\nPOPULATIONS/POPULATION_0002/INDIVIDUAL_J5M1Z4GI/model.cpp:110:27: error: \u2018posfun\u2019 was not declared in this scope, and no declarations were found by argument-dependent lookup at the point of instantiation\n  110 |     Type obs_slow = posfun(slow_dat(t), eps, nll);\n      |                     ~~~~~~^~~~~~~~~~~~~~~~~~~~~~~\nPOPULATIONS/POPULATION_0002/INDIVIDUAL_J5M1Z4GI/model.cpp:106:27: note: \u2018posfun\u2019 declared here, later in the translation unit\n  106 |     Type obs_cots = posfun(cots_dat(t), eps, nll);\n      |                     ~~~~~~^~~~~~~~~~~~~~~~~~~~~~~\nPOPULATIONS/POPULATION_0002/INDIVIDUAL_J5M1Z4GI/model.cpp:111:28: error: \u2018posfun\u2019 was not declared in this scope, and no declarations were found by argument-dependent lookup at the point of instantiation\n  111 |     Type pred_slow = posfun(slow_pred(t), eps, nll);\n      |                      ~~~~~~^~~~~~~~~~~~~~~~~~~~~~~~\nPOPULATIONS/POPULATION_0002/INDIVIDUAL_J5M1Z4GI/model.cpp:106:27: note: \u2018posfun\u2019 declared here, later in the translation unit\n  106 |     Type obs_cots = posfun(cots_dat(t), eps, nll);\n      |                     ~~~~~~^~~~~~~~~~~~~~~~~~~~~~~\nPOPULATIONS/POPULATION_0002/INDIVIDUAL_J5M1Z4GI/model.cpp: In instantiation of \u2018Type objective_function<Type>::operator()() [with Type = CppAD::AD<CppAD::AD<CppAD::AD<double> > >]\u2019:\n/home/spi085/R/x86_64-pc-linux-gnu-library/4.4/TMB/include/tmb_core.hpp:917:29:   required from \u2018Type objective_function<Type>::evalUserTemplate() [with Type = CppAD::AD<CppAD::AD<CppAD::AD<double> > >]\u2019\n/home/spi085/R/x86_64-pc-linux-gnu-library/4.4/TMB/include/tmb_core.hpp:2365:28:   required from here\nPOPULATIONS/POPULATION_0002/INDIVIDUAL_J5M1Z4GI/model.cpp:106:27: error: \u2018posfun\u2019 was not declared in this scope\nPOPULATIONS/POPULATION_0002/INDIVIDUAL_J5M1Z4GI/model.cpp:107:28: error: \u2018posfun\u2019 was not declared in this scope, and no declarations were found by argument-dependent lookup at the point of instantiation\n  107 |     Type pred_cots = posfun(cots_pred(t), eps, nll);\n      |                      ~~~~~~^~~~~~~~~~~~~~~~~~~~~~~~\nPOPULATIONS/POPULATION_0002/INDIVIDUAL_J5M1Z4GI/model.cpp:106:27: note: \u2018posfun\u2019 declared here, later in the translation unit\n  106 |     Type obs_cots = posfun(cots_dat(t), eps, nll);\n      |                     ~~~~~~^~~~~~~~~~~~~~~~~~~~~~~\nPOPULATIONS/POPULATION_0002/INDIVIDUAL_J5M1Z4GI/model.cpp:108:27: error: \u2018posfun\u2019 was not declared in this scope, and no declarations were found by argument-dependent lookup at the point of instantiation\n  108 |     Type obs_fast = posfun(fast_dat(t), eps, nll);\n      |                     ~~~~~~^~~~~~~~~~~~~~~~~~~~~~~\nPOPULATIONS/POPULATION_0002/INDIVIDUAL_J5M1Z4GI/model.cpp:106:27: note: \u2018posfun\u2019 declared here, later in the translation unit\n  106 |     Type obs_cots = posfun(cots_dat(t), eps, nll);\n      |                     ~~~~~~^~~~~~~~~~~~~~~~~~~~~~~\nPOPULATIONS/POPULATION_0002/INDIVIDUAL_J5M1Z4GI/model.cpp:109:28: error: \u2018posfun\u2019 was not declared in this scope, and no declarations were found by argument-dependent lookup at the point of instantiation\n  109 |     Type pred_fast = posfun(fast_pred(t), eps, nll);\n      |                      ~~~~~~^~~~~~~~~~~~~~~~~~~~~~~~\nPOPULATIONS/POPULATION_0002/INDIVIDUAL_J5M1Z4GI/model.cpp:106:27: note: \u2018posfun\u2019 declared here, later in the translation unit\n  106 |     Type obs_cots = posfun(cots_dat(t), eps, nll);\n      |                     ~~~~~~^~~~~~~~~~~~~~~~~~~~~~~\nPOPULATIONS/POPULATION_0002/INDIVIDUAL_J5M1Z4GI/model.cpp:110:27: error: \u2018posfun\u2019 was not declared in this scope, and no declarations were found by argument-dependent lookup at the point of instantiation\n  110 |     Type obs_slow = posfun(slow_dat(t), eps, nll);\n      |                     ~~~~~~^~~~~~~~~~~~~~~~~~~~~~~\nPOPULATIONS/POPULATION_0002/INDIVIDUAL_J5M1Z4GI/model.cpp:106:27: note: \u2018posfun\u2019 declared here, later in the translation unit\n  106 |     Type obs_cots = posfun(cots_dat(t), eps, nll);\n      |                     ~~~~~~^~~~~~~~~~~~~~~~~~~~~~~\nPOPULATIONS/POPULATION_0002/INDIVIDUAL_J5M1Z4GI/model.cpp:111:28: error: \u2018posfun\u2019 was not declared in this scope, and no declarations were found by argument-dependent lookup at the point of instantiation\n  111 |     Type pred_slow = posfun(slow_pred(t), eps, nll);\n      |                      ~~~~~~^~~~~~~~~~~~~~~~~~~~~~~~\nPOPULATIONS/POPULATION_0002/INDIVIDUAL_J5M1Z4GI/model.cpp:106:27: note: \u2018posfun\u2019 declared here, later in the translation unit\n  106 |     Type obs_cots = posfun(cots_dat(t), eps, nll);\n      |                     ~~~~~~^~~~~~~~~~~~~~~~~~~~~~~\nmake: *** [/usr/lib/R/etc/Makeconf:204: POPULATIONS/POPULATION_0002/INDIVIDUAL_J5M1Z4GI/model.o] Error 1\nError in TMB::compile(file.path(individual_dir, model_file), flags = flags,  : \n  Compilation failed\nError: Compilation failed\nExecution halted"
    },
    "6": {
      "status": "ERROR",
      "message": "Model failed to compile.",
      "stdout": "g++ -std=gnu++17 -I\"/usr/share/R/include\" -DNDEBUG -I\"/home/spi085/R/x86_64-pc-linux-gnu-library/4.4/TMB/include\" -I\"/home/spi085/R/x86_64-pc-linux-gnu-library/4.4/RcppEigen/include\"   -DTMB_EIGEN_DISABLE_WARNINGS   -DTMB_LIB_INIT=R_init_model  -DCPPAD_FRAMEWORK      -fpic  -O2  -c POPULATIONS/POPULATION_0002/INDIVIDUAL_J5M1Z4GI/model.cpp -o POPULATIONS/POPULATION_0002/INDIVIDUAL_J5M1Z4GI/model.o",
      "stderr": "Loading required package: TMB\nLoading required package: jsonlite\nhere() starts at /home/spi085/Documents/_Projects/SCCP-QuantModelling\nusing C++ compiler: \u2018g++ (Ubuntu 13.3.0-6ubuntu2~24.04) 13.3.0\u2019\nPOPULATIONS/POPULATION_0002/INDIVIDUAL_J5M1Z4GI/model.cpp: In instantiation of \u2018Type objective_function<Type>::operator()() [with Type = CppAD::AD<double>]\u2019:\n/home/spi085/R/x86_64-pc-linux-gnu-library/4.4/TMB/include/tmb_core.hpp:1312:6:   required from here\nPOPULATIONS/POPULATION_0002/INDIVIDUAL_J5M1Z4GI/model.cpp:106:24: error: no matching function for call to \u2018max(Eigen::DenseCoeffsBase<Eigen::Array<CppAD::AD<double>, -1, 1, 0, -1, 1>, 1>::Scalar&, const CppAD::AD<double>&)\u2019\n  106 |     Type obs_cots = max(cots_dat(t), eps);\n      |                     ~~~^~~~~~~~~~~~~~~~~~\nIn file included from /home/spi085/R/x86_64-pc-linux-gnu-library/4.4/TMB/include/TMB.hpp:231,\n                 from POPULATIONS/POPULATION_0002/INDIVIDUAL_J5M1Z4GI/model.cpp:1:\n/home/spi085/R/x86_64-pc-linux-gnu-library/4.4/TMB/include/convenience.hpp:145:6: note: candidate: \u2018template<class Type> Type max(const tmbutils::vector<Type>&)\u2019\n  145 | Type max(const vector<Type> &x)\n      |      ^~~\n/home/spi085/R/x86_64-pc-linux-gnu-library/4.4/TMB/include/convenience.hpp:145:6: note:   template argument deduction/substitution failed:\nPOPULATIONS/POPULATION_0002/INDIVIDUAL_J5M1Z4GI/model.cpp:106:24: note:   \u2018Eigen::DenseCoeffsBase<Eigen::Array<CppAD::AD<double>, -1, 1, 0, -1, 1>, 1>::Scalar\u2019 {aka \u2018CppAD::AD<double>\u2019} is not derived from \u2018const tmbutils::vector<Type>\u2019\n  106 |     Type obs_cots = max(cots_dat(t), eps);\n      |                     ~~~^~~~~~~~~~~~~~~~~~\nPOPULATIONS/POPULATION_0002/INDIVIDUAL_J5M1Z4GI/model.cpp:107:25: error: no matching function for call to \u2018max(Eigen::DenseCoeffsBase<Eigen::Array<CppAD::AD<double>, -1, 1, 0, -1, 1>, 1>::Scalar&, const CppAD::AD<double>&)\u2019\n  107 |     Type pred_cots = max(cots_pred(t), eps);\n      |                      ~~~^~~~~~~~~~~~~~~~~~~\n/home/spi085/R/x86_64-pc-linux-gnu-library/4.4/TMB/include/convenience.hpp:145:6: note: candidate: \u2018template<class Type> Type max(const tmbutils::vector<Type>&)\u2019\n  145 | Type max(const vector<Type> &x)\n      |      ^~~\n/home/spi085/R/x86_64-pc-linux-gnu-library/4.4/TMB/include/convenience.hpp:145:6: note:   template argument deduction/substitution failed:\nPOPULATIONS/POPULATION_0002/INDIVIDUAL_J5M1Z4GI/model.cpp:107:25: note:   \u2018Eigen::DenseCoeffsBase<Eigen::Array<CppAD::AD<double>, -1, 1, 0, -1, 1>, 1>::Scalar\u2019 {aka \u2018CppAD::AD<double>\u2019} is not derived from \u2018const tmbutils::vector<Type>\u2019\n  107 |     Type pred_cots = max(cots_pred(t), eps);\n      |                      ~~~^~~~~~~~~~~~~~~~~~~\nPOPULATIONS/POPULATION_0002/INDIVIDUAL_J5M1Z4GI/model.cpp:108:24: error: no matching function for call to \u2018max(Eigen::DenseCoeffsBase<Eigen::Array<CppAD::AD<double>, -1, 1, 0, -1, 1>, 1>::Scalar&, const CppAD::AD<double>&)\u2019\n  108 |     Type obs_fast = max(fast_dat(t), eps);\n      |                     ~~~^~~~~~~~~~~~~~~~~~\n/home/spi085/R/x86_64-pc-linux-gnu-library/4.4/TMB/include/convenience.hpp:145:6: note: candidate: \u2018template<class Type> Type max(const tmbutils::vector<Type>&)\u2019\n  145 | Type max(const vector<Type> &x)\n      |      ^~~\n/home/spi085/R/x86_64-pc-linux-gnu-library/4.4/TMB/include/convenience.hpp:145:6: note:   template argument deduction/substitution failed:\nPOPULATIONS/POPULATION_0002/INDIVIDUAL_J5M1Z4GI/model.cpp:108:24: note:   \u2018Eigen::DenseCoeffsBase<Eigen::Array<CppAD::AD<double>, -1, 1, 0, -1, 1>, 1>::Scalar\u2019 {aka \u2018CppAD::AD<double>\u2019} is not derived from \u2018const tmbutils::vector<Type>\u2019\n  108 |     Type obs_fast = max(fast_dat(t), eps);\n      |                     ~~~^~~~~~~~~~~~~~~~~~\nPOPULATIONS/POPULATION_0002/INDIVIDUAL_J5M1Z4GI/model.cpp:109:25: error: no matching function for call to \u2018max(Eigen::DenseCoeffsBase<Eigen::Array<CppAD::AD<double>, -1, 1, 0, -1, 1>, 1>::Scalar&, const CppAD::AD<double>&)\u2019\n  109 |     Type pred_fast = max(fast_pred(t), eps);\n      |                      ~~~^~~~~~~~~~~~~~~~~~~\n/home/spi085/R/x86_64-pc-linux-gnu-library/4.4/TMB/include/convenience.hpp:145:6: note: candidate: \u2018template<class Type> Type max(const tmbutils::vector<Type>&)\u2019\n  145 | Type max(const vector<Type> &x)\n      |      ^~~\n/home/spi085/R/x86_64-pc-linux-gnu-library/4.4/TMB/include/convenience.hpp:145:6: note:   template argument deduction/substitution failed:\nPOPULATIONS/POPULATION_0002/INDIVIDUAL_J5M1Z4GI/model.cpp:109:25: note:   \u2018Eigen::DenseCoeffsBase<Eigen::Array<CppAD::AD<double>, -1, 1, 0, -1, 1>, 1>::Scalar\u2019 {aka \u2018CppAD::AD<double>\u2019} is not derived from \u2018const tmbutils::vector<Type>\u2019\n  109 |     Type pred_fast = max(fast_pred(t), eps);\n      |                      ~~~^~~~~~~~~~~~~~~~~~~\nPOPULATIONS/POPULATION_0002/INDIVIDUAL_J5M1Z4GI/model.cpp:110:24: error: no matching function for call to \u2018max(Eigen::DenseCoeffsBase<Eigen::Array<CppAD::AD<double>, -1, 1, 0, -1, 1>, 1>::Scalar&, const CppAD::AD<double>&)\u2019\n  110 |     Type obs_slow = max(slow_dat(t), eps);\n      |                     ~~~^~~~~~~~~~~~~~~~~~\n/home/spi085/R/x86_64-pc-linux-gnu-library/4.4/TMB/include/convenience.hpp:145:6: note: candidate: \u2018template<class Type> Type max(const tmbutils::vector<Type>&)\u2019\n  145 | Type max(const vector<Type> &x)\n      |      ^~~\n/home/spi085/R/x86_64-pc-linux-gnu-library/4.4/TMB/include/convenience.hpp:145:6: note:   template argument deduction/substitution failed:\nPOPULATIONS/POPULATION_0002/INDIVIDUAL_J5M1Z4GI/model.cpp:110:24: note:   \u2018Eigen::DenseCoeffsBase<Eigen::Array<CppAD::AD<double>, -1, 1, 0, -1, 1>, 1>::Scalar\u2019 {aka \u2018CppAD::AD<double>\u2019} is not derived from \u2018const tmbutils::vector<Type>\u2019\n  110 |     Type obs_slow = max(slow_dat(t), eps);\n      |                     ~~~^~~~~~~~~~~~~~~~~~\nPOPULATIONS/POPULATION_0002/INDIVIDUAL_J5M1Z4GI/model.cpp:111:25: error: no matching function for call to \u2018max(Eigen::DenseCoeffsBase<Eigen::Array<CppAD::AD<double>, -1, 1, 0, -1, 1>, 1>::Scalar&, const CppAD::AD<double>&)\u2019\n  111 |     Type pred_slow = max(slow_pred(t), eps);\n      |                      ~~~^~~~~~~~~~~~~~~~~~~\n/home/spi085/R/x86_64-pc-linux-gnu-library/4.4/TMB/include/convenience.hpp:145:6: note: candidate: \u2018template<class Type> Type max(const tmbutils::vector<Type>&)\u2019\n  145 | Type max(const vector<Type> &x)\n      |      ^~~\n/home/spi085/R/x86_64-pc-linux-gnu-library/4.4/TMB/include/convenience.hpp:145:6: note:   template argument deduction/substitution failed:\nPOPULATIONS/POPULATION_0002/INDIVIDUAL_J5M1Z4GI/model.cpp:111:25: note:   \u2018Eigen::DenseCoeffsBase<Eigen::Array<CppAD::AD<double>, -1, 1, 0, -1, 1>, 1>::Scalar\u2019 {aka \u2018CppAD::AD<double>\u2019} is not derived from \u2018const tmbutils::vector<Type>\u2019\n  111 |     Type pred_slow = max(slow_pred(t), eps);\n      |                      ~~~^~~~~~~~~~~~~~~~~~~\nPOPULATIONS/POPULATION_0002/INDIVIDUAL_J5M1Z4GI/model.cpp: In instantiation of \u2018Type objective_function<Type>::operator()() [with Type = double]\u2019:\n/home/spi085/R/x86_64-pc-linux-gnu-library/4.4/TMB/include/tmb_core.hpp:2035:7:   required from here\nPOPULATIONS/POPULATION_0002/INDIVIDUAL_J5M1Z4GI/model.cpp:106:24: error: no matching function for call to \u2018max(Eigen::DenseCoeffsBase<Eigen::Array<double, -1, 1>, 1>::Scalar&, const double&)\u2019\n  106 |     Type obs_cots = max(cots_dat(t), eps);\n      |                     ~~~^~~~~~~~~~~~~~~~~~\n/home/spi085/R/x86_64-pc-linux-gnu-library/4.4/TMB/include/convenience.hpp:145:6: note: candidate: \u2018template<class Type> Type max(const tmbutils::vector<Type>&)\u2019\n  145 | Type max(const vector<Type> &x)\n      |      ^~~\n/home/spi085/R/x86_64-pc-linux-gnu-library/4.4/TMB/include/convenience.hpp:145:6: note:   template argument deduction/substitution failed:\nPOPULATIONS/POPULATION_0002/INDIVIDUAL_J5M1Z4GI/model.cpp:106:24: note:   mismatched types \u2018const tmbutils::vector<Type>\u2019 and \u2018Eigen::DenseCoeffsBase<Eigen::Array<double, -1, 1>, 1>::Scalar\u2019 {aka \u2018double\u2019}\n  106 |     Type obs_cots = max(cots_dat(t), eps);\n      |                     ~~~^~~~~~~~~~~~~~~~~~\nPOPULATIONS/POPULATION_0002/INDIVIDUAL_J5M1Z4GI/model.cpp:107:25: error: no matching function for call to \u2018max(Eigen::DenseCoeffsBase<Eigen::Array<double, -1, 1>, 1>::Scalar&, const double&)\u2019\n  107 |     Type pred_cots = max(cots_pred(t), eps);\n      |                      ~~~^~~~~~~~~~~~~~~~~~~\n/home/spi085/R/x86_64-pc-linux-gnu-library/4.4/TMB/include/convenience.hpp:145:6: note: candidate: \u2018template<class Type> Type max(const tmbutils::vector<Type>&)\u2019\n  145 | Type max(const vector<Type> &x)\n      |      ^~~\n/home/spi085/R/x86_64-pc-linux-gnu-library/4.4/TMB/include/convenience.hpp:145:6: note:   template argument deduction/substitution failed:\nPOPULATIONS/POPULATION_0002/INDIVIDUAL_J5M1Z4GI/model.cpp:107:25: note:   mismatched types \u2018const tmbutils::vector<Type>\u2019 and \u2018Eigen::DenseCoeffsBase<Eigen::Array<double, -1, 1>, 1>::Scalar\u2019 {aka \u2018double\u2019}\n  107 |     Type pred_cots = max(cots_pred(t), eps);\n      |                      ~~~^~~~~~~~~~~~~~~~~~~\nPOPULATIONS/POPULATION_0002/INDIVIDUAL_J5M1Z4GI/model.cpp:108:24: error: no matching function for call to \u2018max(Eigen::DenseCoeffsBase<Eigen::Array<double, -1, 1>, 1>::Scalar&, const double&)\u2019\n  108 |     Type obs_fast = max(fast_dat(t), eps);\n      |                     ~~~^~~~~~~~~~~~~~~~~~\n/home/spi085/R/x86_64-pc-linux-gnu-library/4.4/TMB/include/convenience.hpp:145:6: note: candidate: \u2018template<class Type> Type max(const tmbutils::vector<Type>&)\u2019\n  145 | Type max(const vector<Type> &x)\n      |      ^~~\n/home/spi085/R/x86_64-pc-linux-gnu-library/4.4/TMB/include/convenience.hpp:145:6: note:   template argument deduction/substitution failed:\nPOPULATIONS/POPULATION_0002/INDIVIDUAL_J5M1Z4GI/model.cpp:108:24: note:   mismatched types \u2018const tmbutils::vector<Type>\u2019 and \u2018Eigen::DenseCoeffsBase<Eigen::Array<double, -1, 1>, 1>::Scalar\u2019 {aka \u2018double\u2019}\n  108 |     Type obs_fast = max(fast_dat(t), eps);\n      |                     ~~~^~~~~~~~~~~~~~~~~~\nPOPULATIONS/POPULATION_0002/INDIVIDUAL_J5M1Z4GI/model.cpp:109:25: error: no matching function for call to \u2018max(Eigen::DenseCoeffsBase<Eigen::Array<double, -1, 1>, 1>::Scalar&, const double&)\u2019\n  109 |     Type pred_fast = max(fast_pred(t), eps);\n      |                      ~~~^~~~~~~~~~~~~~~~~~~\n/home/spi085/R/x86_64-pc-linux-gnu-library/4.4/TMB/include/convenience.hpp:145:6: note: candidate: \u2018template<class Type> Type max(const tmbutils::vector<Type>&)\u2019\n  145 | Type max(const vector<Type> &x)\n      |      ^~~\n/home/spi085/R/x86_64-pc-linux-gnu-library/4.4/TMB/include/convenience.hpp:145:6: note:   template argument deduction/substitution failed:\nPOPULATIONS/POPULATION_0002/INDIVIDUAL_J5M1Z4GI/model.cpp:109:25: note:   mismatched types \u2018const tmbutils::vector<Type>\u2019 and \u2018Eigen::DenseCoeffsBase<Eigen::Array<double, -1, 1>, 1>::Scalar\u2019 {aka \u2018double\u2019}\n  109 |     Type pred_fast = max(fast_pred(t), eps);\n      |                      ~~~^~~~~~~~~~~~~~~~~~~\nPOPULATIONS/POPULATION_0002/INDIVIDUAL_J5M1Z4GI/model.cpp:110:24: error: no matching function for call to \u2018max(Eigen::DenseCoeffsBase<Eigen::Array<double, -1, 1>, 1>::Scalar&, const double&)\u2019\n  110 |     Type obs_slow = max(slow_dat(t), eps);\n      |                     ~~~^~~~~~~~~~~~~~~~~~\n/home/spi085/R/x86_64-pc-linux-gnu-library/4.4/TMB/include/convenience.hpp:145:6: note: candidate: \u2018template<class Type> Type max(const tmbutils::vector<Type>&)\u2019\n  145 | Type max(const vector<Type> &x)\n      |      ^~~\n/home/spi085/R/x86_64-pc-linux-gnu-library/4.4/TMB/include/convenience.hpp:145:6: note:   template argument deduction/substitution failed:\nPOPULATIONS/POPULATION_0002/INDIVIDUAL_J5M1Z4GI/model.cpp:110:24: note:   mismatched types \u2018const tmbutils::vector<Type>\u2019 and \u2018Eigen::DenseCoeffsBase<Eigen::Array<double, -1, 1>, 1>::Scalar\u2019 {aka \u2018double\u2019}\n  110 |     Type obs_slow = max(slow_dat(t), eps);\n      |                     ~~~^~~~~~~~~~~~~~~~~~\nPOPULATIONS/POPULATION_0002/INDIVIDUAL_J5M1Z4GI/model.cpp:111:25: error: no matching function for call to \u2018max(Eigen::DenseCoeffsBase<Eigen::Array<double, -1, 1>, 1>::Scalar&, const double&)\u2019\n  111 |     Type pred_slow = max(slow_pred(t), eps);\n      |                      ~~~^~~~~~~~~~~~~~~~~~~\n/home/spi085/R/x86_64-pc-linux-gnu-library/4.4/TMB/include/convenience.hpp:145:6: note: candidate: \u2018template<class Type> Type max(const tmbutils::vector<Type>&)\u2019\n  145 | Type max(const vector<Type> &x)\n      |      ^~~\n/home/spi085/R/x86_64-pc-linux-gnu-library/4.4/TMB/include/convenience.hpp:145:6: note:   template argument deduction/substitution failed:\nPOPULATIONS/POPULATION_0002/INDIVIDUAL_J5M1Z4GI/model.cpp:111:25: note:   mismatched types \u2018const tmbutils::vector<Type>\u2019 and \u2018Eigen::DenseCoeffsBase<Eigen::Array<double, -1, 1>, 1>::Scalar\u2019 {aka \u2018double\u2019}\n  111 |     Type pred_slow = max(slow_pred(t), eps);\n      |                      ~~~^~~~~~~~~~~~~~~~~~~\nPOPULATIONS/POPULATION_0002/INDIVIDUAL_J5M1Z4GI/model.cpp: In instantiation of \u2018Type objective_function<Type>::operator()() [with Type = CppAD::AD<CppAD::AD<double> >]\u2019:\n/home/spi085/R/x86_64-pc-linux-gnu-library/4.4/TMB/include/tmb_core.hpp:917:29:   required from \u2018Type objective_function<Type>::evalUserTemplate() [with Type = CppAD::AD<CppAD::AD<double> >]\u2019\n/home/spi085/R/x86_64-pc-linux-gnu-library/4.4/TMB/include/tmb_core.hpp:2116:26:   required from here\nPOPULATIONS/POPULATION_0002/INDIVIDUAL_J5M1Z4GI/model.cpp:106:24: error: no matching function for call to \u2018max(Eigen::DenseCoeffsBase<Eigen::Array<CppAD::AD<CppAD::AD<double> >, -1, 1, 0, -1, 1>, 1>::Scalar&, const CppAD::AD<CppAD::AD<double> >&)\u2019\n  106 |     Type obs_cots = max(cots_dat(t), eps);\n      |                     ~~~^~~~~~~~~~~~~~~~~~\n/home/spi085/R/x86_64-pc-linux-gnu-library/4.4/TMB/include/convenience.hpp:145:6: note: candidate: \u2018template<class Type> Type max(const tmbutils::vector<Type>&)\u2019\n  145 | Type max(const vector<Type> &x)\n      |      ^~~\n/home/spi085/R/x86_64-pc-linux-gnu-library/4.4/TMB/include/convenience.hpp:145:6: note:   template argument deduction/substitution failed:\nPOPULATIONS/POPULATION_0002/INDIVIDUAL_J5M1Z4GI/model.cpp:106:24: note:   \u2018Eigen::DenseCoeffsBase<Eigen::Array<CppAD::AD<CppAD::AD<double> >, -1, 1, 0, -1, 1>, 1>::Scalar\u2019 {aka \u2018CppAD::AD<CppAD::AD<double> >\u2019} is not derived from \u2018const tmbutils::vector<Type>\u2019\n  106 |     Type obs_cots = max(cots_dat(t), eps);\n      |                     ~~~^~~~~~~~~~~~~~~~~~\nPOPULATIONS/POPULATION_0002/INDIVIDUAL_J5M1Z4GI/model.cpp:107:25: error: no matching function for call to \u2018max(Eigen::DenseCoeffsBase<Eigen::Array<CppAD::AD<CppAD::AD<double> >, -1, 1, 0, -1, 1>, 1>::Scalar&, const CppAD::AD<CppAD::AD<double> >&)\u2019\n  107 |     Type pred_cots = max(cots_pred(t), eps);\n      |                      ~~~^~~~~~~~~~~~~~~~~~~\n/home/spi085/R/x86_64-pc-linux-gnu-library/4.4/TMB/include/convenience.hpp:145:6: note: candidate: \u2018template<class Type> Type max(const tmbutils::vector<Type>&)\u2019\n  145 | Type max(const vector<Type> &x)\n      |      ^~~\n/home/spi085/R/x86_64-pc-linux-gnu-library/4.4/TMB/include/convenience.hpp:145:6: note:   template argument deduction/substitution failed:\nPOPULATIONS/POPULATION_0002/INDIVIDUAL_J5M1Z4GI/model.cpp:107:25: note:   \u2018Eigen::DenseCoeffsBase<Eigen::Array<CppAD::AD<CppAD::AD<double> >, -1, 1, 0, -1, 1>, 1>::Scalar\u2019 {aka \u2018CppAD::AD<CppAD::AD<double> >\u2019} is not derived from \u2018const tmbutils::vector<Type>\u2019\n  107 |     Type pred_cots = max(cots_pred(t), eps);\n      |                      ~~~^~~~~~~~~~~~~~~~~~~\nPOPULATIONS/POPULATION_0002/INDIVIDUAL_J5M1Z4GI/model.cpp:108:24: error: no matching function for call to \u2018max(Eigen::DenseCoeffsBase<Eigen::Array<CppAD::AD<CppAD::AD<double> >, -1, 1, 0, -1, 1>, 1>::Scalar&, const CppAD::AD<CppAD::AD<double> >&)\u2019\n  108 |     Type obs_fast = max(fast_dat(t), eps);\n      |                     ~~~^~~~~~~~~~~~~~~~~~\n/home/spi085/R/x86_64-pc-linux-gnu-library/4.4/TMB/include/convenience.hpp:145:6: note: candidate: \u2018template<class Type> Type max(const tmbutils::vector<Type>&)\u2019\n  145 | Type max(const vector<Type> &x)\n      |      ^~~\n/home/spi085/R/x86_64-pc-linux-gnu-library/4.4/TMB/include/convenience.hpp:145:6: note:   template argument deduction/substitution failed:\nPOPULATIONS/POPULATION_0002/INDIVIDUAL_J5M1Z4GI/model.cpp:108:24: note:   \u2018Eigen::DenseCoeffsBase<Eigen::Array<CppAD::AD<CppAD::AD<double> >, -1, 1, 0, -1, 1>, 1>::Scalar\u2019 {aka \u2018CppAD::AD<CppAD::AD<double> >\u2019} is not derived from \u2018const tmbutils::vector<Type>\u2019\n  108 |     Type obs_fast = max(fast_dat(t), eps);\n      |                     ~~~^~~~~~~~~~~~~~~~~~\nPOPULATIONS/POPULATION_0002/INDIVIDUAL_J5M1Z4GI/model.cpp:109:25: error: no matching function for call to \u2018max(Eigen::DenseCoeffsBase<Eigen::Array<CppAD::AD<CppAD::AD<double> >, -1, 1, 0, -1, 1>, 1>::Scalar&, const CppAD::AD<CppAD::AD<double> >&)\u2019\n  109 |     Type pred_fast = max(fast_pred(t), eps);\n      |                      ~~~^~~~~~~~~~~~~~~~~~~\n/home/spi085/R/x86_64-pc-linux-gnu-library/4.4/TMB/include/convenience.hpp:145:6: note: candidate: \u2018template<class Type> Type max(const tmbutils::vector<Type>&)\u2019\n  145 | Type max(const vector<Type> &x)\n      |      ^~~\n/home/spi085/R/x86_64-pc-linux-gnu-library/4.4/TMB/include/convenience.hpp:145:6: note:   template argument deduction/substitution failed:\nPOPULATIONS/POPULATION_0002/INDIVIDUAL_J5M1Z4GI/model.cpp:109:25: note:   \u2018Eigen::DenseCoeffsBase<Eigen::Array<CppAD::AD<CppAD::AD<double> >, -1, 1, 0, -1, 1>, 1>::Scalar\u2019 {aka \u2018CppAD::AD<CppAD::AD<double> >\u2019} is not derived from \u2018const tmbutils::vector<Type>\u2019\n  109 |     Type pred_fast = max(fast_pred(t), eps);\n      |                      ~~~^~~~~~~~~~~~~~~~~~~\nPOPULATIONS/POPULATION_0002/INDIVIDUAL_J5M1Z4GI/model.cpp:110:24: error: no matching function for call to \u2018max(Eigen::DenseCoeffsBase<Eigen::Array<CppAD::AD<CppAD::AD<double> >, -1, 1, 0, -1, 1>, 1>::Scalar&, const CppAD::AD<CppAD::AD<double> >&)\u2019\n  110 |     Type obs_slow = max(slow_dat(t), eps);\n      |                     ~~~^~~~~~~~~~~~~~~~~~\n/home/spi085/R/x86_64-pc-linux-gnu-library/4.4/TMB/include/convenience.hpp:145:6: note: candidate: \u2018template<class Type> Type max(const tmbutils::vector<Type>&)\u2019\n  145 | Type max(const vector<Type> &x)\n      |      ^~~\n/home/spi085/R/x86_64-pc-linux-gnu-library/4.4/TMB/include/convenience.hpp:145:6: note:   template argument deduction/substitution failed:\nPOPULATIONS/POPULATION_0002/INDIVIDUAL_J5M1Z4GI/model.cpp:110:24: note:   \u2018Eigen::DenseCoeffsBase<Eigen::Array<CppAD::AD<CppAD::AD<double> >, -1, 1, 0, -1, 1>, 1>::Scalar\u2019 {aka \u2018CppAD::AD<CppAD::AD<double> >\u2019} is not derived from \u2018const tmbutils::vector<Type>\u2019\n  110 |     Type obs_slow = max(slow_dat(t), eps);\n      |                     ~~~^~~~~~~~~~~~~~~~~~\nPOPULATIONS/POPULATION_0002/INDIVIDUAL_J5M1Z4GI/model.cpp:111:25: error: no matching function for call to \u2018max(Eigen::DenseCoeffsBase<Eigen::Array<CppAD::AD<CppAD::AD<double> >, -1, 1, 0, -1, 1>, 1>::Scalar&, const CppAD::AD<CppAD::AD<double> >&)\u2019\n  111 |     Type pred_slow = max(slow_pred(t), eps);\n      |                      ~~~^~~~~~~~~~~~~~~~~~~\n/home/spi085/R/x86_64-pc-linux-gnu-library/4.4/TMB/include/convenience.hpp:145:6: note: candidate: \u2018template<class Type> Type max(const tmbutils::vector<Type>&)\u2019\n  145 | Type max(const vector<Type> &x)\n      |      ^~~\n/home/spi085/R/x86_64-pc-linux-gnu-library/4.4/TMB/include/convenience.hpp:145:6: note:   template argument deduction/substitution failed:\nPOPULATIONS/POPULATION_0002/INDIVIDUAL_J5M1Z4GI/model.cpp:111:25: note:   \u2018Eigen::DenseCoeffsBase<Eigen::Array<CppAD::AD<CppAD::AD<double> >, -1, 1, 0, -1, 1>, 1>::Scalar\u2019 {aka \u2018CppAD::AD<CppAD::AD<double> >\u2019} is not derived from \u2018const tmbutils::vector<Type>\u2019\n  111 |     Type pred_slow = max(slow_pred(t), eps);\n      |                      ~~~^~~~~~~~~~~~~~~~~~~\nPOPULATIONS/POPULATION_0002/INDIVIDUAL_J5M1Z4GI/model.cpp: In instantiation of \u2018Type objective_function<Type>::operator()() [with Type = CppAD::AD<CppAD::AD<CppAD::AD<double> > >]\u2019:\n/home/spi085/R/x86_64-pc-linux-gnu-library/4.4/TMB/include/tmb_core.hpp:917:29:   required from \u2018Type objective_function<Type>::evalUserTemplate() [with Type = CppAD::AD<CppAD::AD<CppAD::AD<double> > >]\u2019\n/home/spi085/R/x86_64-pc-linux-gnu-library/4.4/TMB/include/tmb_core.hpp:2365:28:   required from here\nPOPULATIONS/POPULATION_0002/INDIVIDUAL_J5M1Z4GI/model.cpp:106:24: error: no matching function for call to \u2018max(Eigen::DenseCoeffsBase<Eigen::Array<CppAD::AD<CppAD::AD<CppAD::AD<double> > >, -1, 1, 0, -1, 1>, 1>::Scalar&, const CppAD::AD<CppAD::AD<CppAD::AD<double> > >&)\u2019\n  106 |     Type obs_cots = max(cots_dat(t), eps);\n      |                     ~~~^~~~~~~~~~~~~~~~~~\n/home/spi085/R/x86_64-pc-linux-gnu-library/4.4/TMB/include/convenience.hpp:145:6: note: candidate: \u2018template<class Type> Type max(const tmbutils::vector<Type>&)\u2019\n  145 | Type max(const vector<Type> &x)\n      |      ^~~\n/home/spi085/R/x86_64-pc-linux-gnu-library/4.4/TMB/include/convenience.hpp:145:6: note:   template argument deduction/substitution failed:\nPOPULATIONS/POPULATION_0002/INDIVIDUAL_J5M1Z4GI/model.cpp:106:24: note:   \u2018Eigen::DenseCoeffsBase<Eigen::Array<CppAD::AD<CppAD::AD<CppAD::AD<double> > >, -1, 1, 0, -1, 1>, 1>::Scalar\u2019 {aka \u2018CppAD::AD<CppAD::AD<CppAD::AD<double> > >\u2019} is not derived from \u2018const tmbutils::vector<Type>\u2019\n  106 |     Type obs_cots = max(cots_dat(t), eps);\n      |                     ~~~^~~~~~~~~~~~~~~~~~\nPOPULATIONS/POPULATION_0002/INDIVIDUAL_J5M1Z4GI/model.cpp:107:25: error: no matching function for call to \u2018max(Eigen::DenseCoeffsBase<Eigen::Array<CppAD::AD<CppAD::AD<CppAD::AD<double> > >, -1, 1, 0, -1, 1>, 1>::Scalar&, const CppAD::AD<CppAD::AD<CppAD::AD<double> > >&)\u2019\n  107 |     Type pred_cots = max(cots_pred(t), eps);\n      |                      ~~~^~~~~~~~~~~~~~~~~~~\n/home/spi085/R/x86_64-pc-linux-gnu-library/4.4/TMB/include/convenience.hpp:145:6: note: candidate: \u2018template<class Type> Type max(const tmbutils::vector<Type>&)\u2019\n  145 | Type max(const vector<Type> &x)\n      |      ^~~\n/home/spi085/R/x86_64-pc-linux-gnu-library/4.4/TMB/include/convenience.hpp:145:6: note:   template argument deduction/substitution failed:\nPOPULATIONS/POPULATION_0002/INDIVIDUAL_J5M1Z4GI/model.cpp:107:25: note:   \u2018Eigen::DenseCoeffsBase<Eigen::Array<CppAD::AD<CppAD::AD<CppAD::AD<double> > >, -1, 1, 0, -1, 1>, 1>::Scalar\u2019 {aka \u2018CppAD::AD<CppAD::AD<CppAD::AD<double> > >\u2019} is not derived from \u2018const tmbutils::vector<Type>\u2019\n  107 |     Type pred_cots = max(cots_pred(t), eps);\n      |                      ~~~^~~~~~~~~~~~~~~~~~~\nPOPULATIONS/POPULATION_0002/INDIVIDUAL_J5M1Z4GI/model.cpp:108:24: error: no matching function for call to \u2018max(Eigen::DenseCoeffsBase<Eigen::Array<CppAD::AD<CppAD::AD<CppAD::AD<double> > >, -1, 1, 0, -1, 1>, 1>::Scalar&, const CppAD::AD<CppAD::AD<CppAD::AD<double> > >&)\u2019\n  108 |     Type obs_fast = max(fast_dat(t), eps);\n      |                     ~~~^~~~~~~~~~~~~~~~~~\n/home/spi085/R/x86_64-pc-linux-gnu-library/4.4/TMB/include/convenience.hpp:145:6: note: candidate: \u2018template<class Type> Type max(const tmbutils::vector<Type>&)\u2019\n  145 | Type max(const vector<Type> &x)\n      |      ^~~\n/home/spi085/R/x86_64-pc-linux-gnu-library/4.4/TMB/include/convenience.hpp:145:6: note:   template argument deduction/substitution failed:\nPOPULATIONS/POPULATION_0002/INDIVIDUAL_J5M1Z4GI/model.cpp:108:24: note:   \u2018Eigen::DenseCoeffsBase<Eigen::Array<CppAD::AD<CppAD::AD<CppAD::AD<double> > >, -1, 1, 0, -1, 1>, 1>::Scalar\u2019 {aka \u2018CppAD::AD<CppAD::AD<CppAD::AD<double> > >\u2019} is not derived from \u2018const tmbutils::vector<Type>\u2019\n  108 |     Type obs_fast = max(fast_dat(t), eps);\n      |                     ~~~^~~~~~~~~~~~~~~~~~\nPOPULATIONS/POPULATION_0002/INDIVIDUAL_J5M1Z4GI/model.cpp:109:25: error: no matching function for call to \u2018max(Eigen::DenseCoeffsBase<Eigen::Array<CppAD::AD<CppAD::AD<CppAD::AD<double> > >, -1, 1, 0, -1, 1>, 1>::Scalar&, const CppAD::AD<CppAD::AD<CppAD::AD<double> > >&)\u2019\n  109 |     Type pred_fast = max(fast_pred(t), eps);\n      |                      ~~~^~~~~~~~~~~~~~~~~~~\n/home/spi085/R/x86_64-pc-linux-gnu-library/4.4/TMB/include/convenience.hpp:145:6: note: candidate: \u2018template<class Type> Type max(const tmbutils::vector<Type>&)\u2019\n  145 | Type max(const vector<Type> &x)\n      |      ^~~\n/home/spi085/R/x86_64-pc-linux-gnu-library/4.4/TMB/include/convenience.hpp:145:6: note:   template argument deduction/substitution failed:\nPOPULATIONS/POPULATION_0002/INDIVIDUAL_J5M1Z4GI/model.cpp:109:25: note:   \u2018Eigen::DenseCoeffsBase<Eigen::Array<CppAD::AD<CppAD::AD<CppAD::AD<double> > >, -1, 1, 0, -1, 1>, 1>::Scalar\u2019 {aka \u2018CppAD::AD<CppAD::AD<CppAD::AD<double> > >\u2019} is not derived from \u2018const tmbutils::vector<Type>\u2019\n  109 |     Type pred_fast = max(fast_pred(t), eps);\n      |                      ~~~^~~~~~~~~~~~~~~~~~~\nPOPULATIONS/POPULATION_0002/INDIVIDUAL_J5M1Z4GI/model.cpp:110:24: error: no matching function for call to \u2018max(Eigen::DenseCoeffsBase<Eigen::Array<CppAD::AD<CppAD::AD<CppAD::AD<double> > >, -1, 1, 0, -1, 1>, 1>::Scalar&, const CppAD::AD<CppAD::AD<CppAD::AD<double> > >&)\u2019\n  110 |     Type obs_slow = max(slow_dat(t), eps);\n      |                     ~~~^~~~~~~~~~~~~~~~~~\n/home/spi085/R/x86_64-pc-linux-gnu-library/4.4/TMB/include/convenience.hpp:145:6: note: candidate: \u2018template<class Type> Type max(const tmbutils::vector<Type>&)\u2019\n  145 | Type max(const vector<Type> &x)\n      |      ^~~\n/home/spi085/R/x86_64-pc-linux-gnu-library/4.4/TMB/include/convenience.hpp:145:6: note:   template argument deduction/substitution failed:\nPOPULATIONS/POPULATION_0002/INDIVIDUAL_J5M1Z4GI/model.cpp:110:24: note:   \u2018Eigen::DenseCoeffsBase<Eigen::Array<CppAD::AD<CppAD::AD<CppAD::AD<double> > >, -1, 1, 0, -1, 1>, 1>::Scalar\u2019 {aka \u2018CppAD::AD<CppAD::AD<CppAD::AD<double> > >\u2019} is not derived from \u2018const tmbutils::vector<Type>\u2019\n  110 |     Type obs_slow = max(slow_dat(t), eps);\n      |                     ~~~^~~~~~~~~~~~~~~~~~\nPOPULATIONS/POPULATION_0002/INDIVIDUAL_J5M1Z4GI/model.cpp:111:25: error: no matching function for call to \u2018max(Eigen::DenseCoeffsBase<Eigen::Array<CppAD::AD<CppAD::AD<CppAD::AD<double> > >, -1, 1, 0, -1, 1>, 1>::Scalar&, const CppAD::AD<CppAD::AD<CppAD::AD<double> > >&)\u2019\n  111 |     Type pred_slow = max(slow_pred(t), eps);\n      |                      ~~~^~~~~~~~~~~~~~~~~~~\n/home/spi085/R/x86_64-pc-linux-gnu-library/4.4/TMB/include/convenience.hpp:145:6: note: candidate: \u2018template<class Type> Type max(const tmbutils::vector<Type>&)\u2019\n  145 | Type max(const vector<Type> &x)\n      |      ^~~\n/home/spi085/R/x86_64-pc-linux-gnu-library/4.4/TMB/include/convenience.hpp:145:6: note:   template argument deduction/substitution failed:\nPOPULATIONS/POPULATION_0002/INDIVIDUAL_J5M1Z4GI/model.cpp:111:25: note:   \u2018Eigen::DenseCoeffsBase<Eigen::Array<CppAD::AD<CppAD::AD<CppAD::AD<double> > >, -1, 1, 0, -1, 1>, 1>::Scalar\u2019 {aka \u2018CppAD::AD<CppAD::AD<CppAD::AD<double> > >\u2019} is not derived from \u2018const tmbutils::vector<Type>\u2019\n  111 |     Type pred_slow = max(slow_pred(t), eps);\n      |                      ~~~^~~~~~~~~~~~~~~~~~~\nmake: *** [/usr/lib/R/etc/Makeconf:204: POPULATIONS/POPULATION_0002/INDIVIDUAL_J5M1Z4GI/model.o] Error 1\nError in TMB::compile(file.path(individual_dir, model_file), flags = flags,  : \n  Compilation failed\nError: Compilation failed\nExecution halted"
    },
    "7": {
      "status": "BROKEN"
    }
  }
}