Warning: Input is not a terminal (fd=12).
Skipping POPULATIONS/POPULATION_0013/INDIVIDUAL_Y86BRKZF/model.cpp that matches gitignore spec.
Skipping POPULATIONS/POPULATION_0013/INDIVIDUAL_Y86BRKZF/parameters.json that matches gitignore spec.
Skipping POPULATIONS/POPULATION_0013/INDIVIDUAL_Y86BRKZF/intention.txt that matches gitignore spec.
Creating empty file POPULATIONS/POPULATION_0013/INDIVIDUAL_Y86BRKZF/intention.txt
POPULATIONS/POPULATION_0013/INDIVIDUAL_Y86BRKZF/intention.txt                                                                                                                                                          

                                                                                                                                                                                                                       
 <<<<<<< SEARCH                                                                                                                                                                                                        
 =======                                                                                                                                                                                                               
 Assessment of Current Model:                                                                                                                                                                                          
 1. Model Fit: Without the residuals file, a quantitative assessment is not possible, but the model structure suggests it should capture broad COTS and coral trends. However, the use of simple logistic growth and   
 Holling Type II predation may not fully capture the sharp outbreak peaks and rapid collapses observed in COTS populations.                                                                                            
 2. Project Context: The model includes key processes (logistic COTS growth, coral predation, SST effects, immigration, and resource thresholds), but the outbreak dynamics may be oversimplified. Outbreaks are often 
 triggered by non-linear feedbacks, such as strong Allee effects or density-dependent recruitment, which are not explicitly modeled here.                                                                              
 3. Missing/Oversimplified Processes: The current model lacks an explicit Allee effect (positive density dependence at low COTS abundance), which is ecologically important for episodic outbreaks. Allee effects can  
 delay population growth at low densities, then allow rapid increases once a threshold is crossed, matching observed boom-bust cycles.                                                                                 
                                                                                                                                                                                                                       
 Chosen Improvement:                                                                                                                                                                                                   
 Add an Allee effect to COTS recruitment by introducing a parameterized non-linear term in the recruitment function. This will allow the model to better capture the sudden onset of outbreaks and the persistence of  
 low-density phases, in line with ecological theory and observed COTS dynamics.                                                                                                                                        
                                                                                                                                                                                                                       
 Implementation:                                                                                                                                                                                                       
 - Add a new parameter `log_A_cots` (log Allee threshold for COTS, ind/m^2) to parameters.json.                                                                                                                        
 - Modify the COTS recruitment term in model.cpp to include a factor: (cots_pred(t-1) / (A_cots + cots_pred(t-1))). This saturating function suppresses recruitment at low COTS densities and approaches 1 at high     
 densities.                                                                                                                                                                                                            
 - This change is justified ecologically, as COTS require a minimum density for successful reproduction and outbreak initiation, and it is supported by literature on Allee effects in marine invertebrates.           
                                                                                                                                                                                                                       
 >>>>>>> REPLACE                                                                                                                                                                                                       
                                                                                                                                                                                                                       

POPULATIONS/POPULATION_0013/INDIVIDUAL_Y86BRKZF/parameters.json                                                                                                                                                        

                                                                                                                                                                                                                       
 <<<<<<< SEARCH                                                                                                                                                                                                        
         {                                                                                                                                                                                                             
             "parameter": "log_gamma_slow",                                                                                                                                                                            
             "value": -1.0,                                                                                                                                                                                            
             "description": "Log predation handling time for slow coral (year)",                                                                                                                                       
             "source": "expert opinion",                                                                                                                                                                               
             "import_type": "PARAMETER",                                                                                                                                                                               
             "priority": 3,                                                                                                                                                                                            
             "enhanced_semantic_description": "Handling time for COTS predation on slow-growing corals",                                                                                                               
             "processed": true                                                                                                                                                                                         
         }                                                                                                                                                                                                             
     ]                                                                                                                                                                                                                 
 }=======                                                                                                                                                                                                              
         {                                                                                                                                                                                                             
             "parameter": "log_gamma_slow",                                                                                                                                                                            
             "value": -1.0,                                                                                                                                                                                            
             "description": "Log predation handling time for slow coral (year)",                                                                                                                                       
             "source": "expert opinion",                                                                                                                                                                               
             "import_type": "PARAMETER",                                                                                                                                                                               
             "priority": 3,                                                                                                                                                                                            
             "enhanced_semantic_description": "Handling time for COTS predation on slow-growing corals",                                                                                                               
             "processed": true                                                                                                                                                                                         
         },                                                                                                                                                                                                            
         {                                                                                                                                                                                                             
             "parameter": "log_A_cots",                                                                                                                                                                                
             "value": -2.0,                                                                                                                                                                                            
             "description": "Log Allee threshold for COTS (ind/m^2)",                                                                                                                                                  
             "source": "theoretical/empirical",                                                                                                                                                                        
             "import_type": "PARAMETER",                                                                                                                                                                               
             "priority": 2,                                                                                                                                                                                            
             "enhanced_semantic_description": "Density threshold for positive feedback in COTS recruitment (Allee effect)",                                                                                            
             "citations": [                                                                                                                                                                                            
                 "https://www.sciencedirect.com/science/article/pii/S0304380023001746",                                                                                                                                
                 "https://www.sciencedirect.com/science/article/pii/S0022098118303522"                                                                                                                                 
             ],                                                                                                                                                                                                        
             "processed": false                                                                                                                                                                                        
         }                                                                                                                                                                                                             
     ]                                                                                                                                                                                                                 
 }>>>>>>> REPLACE                                                                                                                                                                                                      
                                                                                                                                                                                                                       

POPULATIONS/POPULATION_0013/INDIVIDUAL_Y86BRKZF/model.cpp                                                                                                                                                              

                                                                                                                                                                                                                       
 <<<<<<< SEARCH                                                                                                                                                                                                        
   PARAMETER(log_gamma_fast); // log predation handling time for fast coral (year)                                                                                                                                     
   PARAMETER(log_gamma_slow); // log predation handling time for slow coral (year)                                                                                                                                     
 =======                                                                                                                                                                                                               
   PARAMETER(log_gamma_fast); // log predation handling time for fast coral (year)                                                                                                                                     
   PARAMETER(log_gamma_slow); // log predation handling time for slow coral (year)                                                                                                                                     
   PARAMETER(log_A_cots); // log Allee threshold for COTS (ind/m^2)                                                                                                                                                    
 >>>>>>> REPLACE                                                                                                                                                                                                       
                                                                                                                                                                                                                       

POPULATIONS/POPULATION_0013/INDIVIDUAL_Y86BRKZF/model.cpp                                                                                                                                                              

                                                                                                                                                                                                                       
 <<<<<<< SEARCH                                                                                                                                                                                                        
   Type gamma_fast = exp(log_gamma_fast); // Handling time fast coral                                                                                                                                                  
   Type gamma_slow = exp(log_gamma_slow); // Handling time slow coral                                                                                                                                                  
 =======                                                                                                                                                                                                               
   Type gamma_fast = exp(log_gamma_fast); // Handling time fast coral                                                                                                                                                  
   Type gamma_slow = exp(log_gamma_slow); // Handling time slow coral                                                                                                                                                  
   Type A_cots = exp(log_A_cots); // Allee threshold for COTS                                                                                                                                                          
 >>>>>>> REPLACE                                                                                                                                                                                                       
                                                                                                                                                                                                                       

POPULATIONS/POPULATION_0013/INDIVIDUAL_Y86BRKZF/model.cpp                                                                                                                                                              

                                                                                                                                                                                                                       
 <<<<<<< SEARCH                                                                                                                                                                                                        
     Type recruit = r_cots * cots_pred(t-1) * (Type(1.0) - cots_pred(t-1)/K_cots) * fast_thresh * slow_thresh * growth_mod;                                                                                            
     // COTS recruitment, limited by coral cover and SST                                                                                                                                                               
 =======                                                                                                                                                                                                               
     // Allee effect: recruitment suppressed at low COTS density                                                                                                                                                       
     Type allee_factor = cots_pred(t-1) / (A_cots + cots_pred(t-1) + Type(1e-8));                                                                                                                                      
     Type recruit = r_cots * cots_pred(t-1) * (Type(1.0) - cots_pred(t-1)/K_cots) * allee_factor * fast_thresh * slow_thresh * growth_mod;                                                                             
     // COTS recruitment, limited by coral cover, SST, and Allee effect                                                                                                                                                
 >>>>>>> REPLACE                                                                                                                                                                                                       
                                                                                                                                                                                                                       

Tokens: 7.8k sent, 1.3k received. Cost: $0.03 message, $0.03 session.
Committing POPULATIONS/POPULATION_0013/INDIVIDUAL_Y86BRKZF/intention.txt before applying edits.
Committing POPULATIONS/POPULATION_0013/INDIVIDUAL_Y86BRKZF/parameters.json before applying edits.
Committing POPULATIONS/POPULATION_0013/INDIVIDUAL_Y86BRKZF/model.cpp before applying edits.
Unable to add /home/spi085/Documents/_Projects/SCCP-QuantModelling/POPULATIONS/POPULATION_0013/INDIVIDUAL_Y86BRKZF/intention.txt: Cmd('git') failed due to: exit code(1)
  cmdline: git add /home/spi085/Documents/_Projects/SCCP-QuantModelling/POPULATIONS/POPULATION_0013/INDIVIDUAL_Y86BRKZF/intention.txt
  stderr: 'The following paths are ignored by one of your .gitignore files:
POPULATIONS
hint: Use -f if you really want to add them.
hint: Turn this message off by running
hint: "git config advice.addIgnoredFile false"'
Unable to add /home/spi085/Documents/_Projects/SCCP-QuantModelling/POPULATIONS/POPULATION_0013/INDIVIDUAL_Y86BRKZF/model.cpp: Cmd('git') failed due to: exit code(1)
  cmdline: git add /home/spi085/Documents/_Projects/SCCP-QuantModelling/POPULATIONS/POPULATION_0013/INDIVIDUAL_Y86BRKZF/model.cpp
  stderr: 'The following paths are ignored by one of your .gitignore files:
POPULATIONS
hint: Use -f if you really want to add them.
hint: Turn this message off by running
hint: "git config advice.addIgnoredFile false"'
Unable to add /home/spi085/Documents/_Projects/SCCP-QuantModelling/POPULATIONS/POPULATION_0013/INDIVIDUAL_Y86BRKZF/parameters.json: Cmd('git') failed due to: exit code(1)
  cmdline: git add /home/spi085/Documents/_Projects/SCCP-QuantModelling/POPULATIONS/POPULATION_0013/INDIVIDUAL_Y86BRKZF/parameters.json
  stderr: 'The following paths are ignored by one of your .gitignore files:
POPULATIONS
hint: Use -f if you really want to add them.
hint: Turn this message off by running
hint: "git config advice.addIgnoredFile false"'
Unable to commit: Cmd('git') failed due to: exit code(1)
  cmdline: git commit -m feat: add INDIVIDUAL_Y86BRKZF with model, parameters, and intention files --no-verify -- 
/home/spi085/Documents/_Projects/SCCP-QuantModelling/POPULATIONS/POPULATION_0013/INDIVIDUAL_Y86BRKZF/intention.txt 
/home/spi085/Documents/_Projects/SCCP-QuantModelling/POPULATIONS/POPULATION_0013/INDIVIDUAL_Y86BRKZF/model.cpp 
/home/spi085/Documents/_Projects/SCCP-QuantModelling/POPULATIONS/POPULATION_0013/INDIVIDUAL_Y86BRKZF/parameters.json
  stderr: 'error: pathspec '/home/spi085/Documents/_Projects/SCCP-QuantModelling/POPULATIONS/POPULATION_0013/INDIVIDUAL_Y86BRKZF/intention.txt' did not match any file(s) known to git
error: pathspec '/home/spi085/Documents/_Projects/SCCP-QuantModelling/POPULATIONS/POPULATION_0013/INDIVIDUAL_Y86BRKZF/model.cpp' did not match any file(s) known to git
error: pathspec '/home/spi085/Documents/_Projects/SCCP-QuantModelling/POPULATIONS/POPULATION_0013/INDIVIDUAL_Y86BRKZF/parameters.json' did not match any file(s) known to git'
The LLM did not conform to the edit format.
https://aider.chat/docs/troubleshooting/edit-errors.html

# 1 SEARCH/REPLACE block failed to match!

## SearchReplaceNoExactMatch: This SEARCH block failed to exactly match lines in POPULATIONS/POPULATION_0013/INDIVIDUAL_Y86BRKZF/parameters.json
<<<<<<< SEARCH
        {
            "parameter": "log_gamma_slow",
            "value": -1.0,
            "description": "Log predation handling time for slow coral (year)",
            "source": "expert opinion",
            "import_type": "PARAMETER",
            "priority": 3,
            "enhanced_semantic_description": "Handling time for COTS predation on slow-growing corals",
            "processed": true
        }
    ]
}=======
        {
            "parameter": "log_gamma_slow",
            "value": -1.0,
            "description": "Log predation handling time for slow coral (year)",
            "source": "expert opinion",
            "import_type": "PARAMETER",
            "priority": 3,
            "enhanced_semantic_description": "Handling time for COTS predation on slow-growing corals",
            "processed": true
        },
        {
            "parameter": "log_A_cots",
            "value": -2.0,
            "description": "Log Allee threshold for COTS (ind/m^2)",
            "source": "theoretical/empirical",
            "import_type": "PARAMETER",
            "priority": 2,
            "enhanced_semantic_description": "Density threshold for positive feedback in COTS recruitment (Allee effect)",
            "citations": [
                "https://www.sciencedirect.com/science/article/pii/S0304380023001746",
                "https://www.sciencedirect.com/science/article/pii/S0022098118303522"
            ],
            "processed": false
        }
    ]
}>>>>>>> REPLACE
```

POPULATIONS/POPULATION_0013/INDIVIDUAL_Y86BRKZF/model.cpp
```cpp
<<<<<<< SEARCH
  PARAMETER(log_gamma_fast); // log predation handling time for fast coral (year)
  PARAMETER(log_gamma_slow); // log predation handling time for slow coral (year)
=======
  PARAMETER(log_gamma_fast); // log predation handling time for fast coral (year)
  PARAMETER(log_gamma_slow); // log predation handling time for slow coral (year)
  PARAMETER(log_A_cots); // log Allee threshold for COTS (ind/m^2)
>>>>>>> REPLACE

The SEARCH section must exactly match an existing block of lines including all white space, comments, indentation, docstrings, etc

# The other 3 SEARCH/REPLACE blocks were applied successfully.
Don't re-send them.
Just reply with fixed versions of the block above that failed to match.

POPULATIONS/POPULATION_0013/INDIVIDUAL_Y86BRKZF/parameters.json                                                                                                                                                        

                                                                                                                                                                                                                       
 <<<<<<< SEARCH                                                                                                                                                                                                        
         {                                                                                                                                                                                                             
             "parameter": "log_gamma_slow",                                                                                                                                                                            
             "value": -1.0,                                                                                                                                                                                            
             "description": "Log predation handling time for slow coral (year)",                                                                                                                                       
             "source": "expert opinion",                                                                                                                                                                               
             "import_type": "PARAMETER",                                                                                                                                                                               
             "priority": 3,                                                                                                                                                                                            
             "enhanced_semantic_description": "Handling time for COTS predation on slow-growing corals",                                                                                                               
             "processed": true                                                                                                                                                                                         
         }                                                                                                                                                                                                             
     ]                                                                                                                                                                                                                 
 }                                                                                                                                                                                                                     
 =======                                                                                                                                                                                                               
         {                                                                                                                                                                                                             
             "parameter": "log_gamma_slow",                                                                                                                                                                            
             "value": -1.0,                                                                                                                                                                                            
             "description": "Log predation handling time for slow coral (year)",                                                                                                                                       
             "source": "expert opinion",                                                                                                                                                                               
             "import_type": "PARAMETER",                                                                                                                                                                               
             "priority": 3,                                                                                                                                                                                            
             "enhanced_semantic_description": "Handling time for COTS predation on slow-growing corals",                                                                                                               
             "processed": true                                                                                                                                                                                         
         },                                                                                                                                                                                                            
         {                                                                                                                                                                                                             
             "parameter": "log_A_cots",                                                                                                                                                                                
             "value": -2.0,                                                                                                                                                                                            
             "description": "Log Allee threshold for COTS (ind/m^2)",                                                                                                                                                  
             "source": "theoretical/empirical",                                                                                                                                                                        
             "import_type": "PARAMETER",                                                                                                                                                                               
             "priority": 2,                                                                                                                                                                                            
             "enhanced_semantic_description": "Density threshold for positive feedback in COTS recruitment (Allee effect)",                                                                                            
             "citations": [                                                                                                                                                                                            
                 "https://www.sciencedirect.com/science/article/pii/S0304380023001746",                                                                                                                                
                 "https://www.sciencedirect.com/science/article/pii/S0022098118303522"                                                                                                                                 
             ],                                                                                                                                                                                                        
             "processed": false                                                                                                                                                                                        
         }                                                                                                                                                                                                             
     ]                                                                                                                                                                                                                 
 }                                                                                                                                                                                                                     
 >>>>>>> REPLACE                                                                                                                                                                                                       
                                                                                                                                                                                                                       

Tokens: 10k sent, 371 received. Cost: $0.02 message, $0.05 session.
Committing POPULATIONS/POPULATION_0013/INDIVIDUAL_Y86BRKZF/parameters.json before applying edits.
Unable to add /home/spi085/Documents/_Projects/SCCP-QuantModelling/POPULATIONS/POPULATION_0013/INDIVIDUAL_Y86BRKZF/parameters.json: Cmd('git') failed due to: exit code(1)
  cmdline: git add /home/spi085/Documents/_Projects/SCCP-QuantModelling/POPULATIONS/POPULATION_0013/INDIVIDUAL_Y86BRKZF/parameters.json
  stderr: 'The following paths are ignored by one of your .gitignore files:
POPULATIONS
hint: Use -f if you really want to add them.
hint: Turn this message off by running
hint: "git config advice.addIgnoredFile false"'
Unable to commit: Cmd('git') failed due to: exit code(1)
  cmdline: git commit -m feat: add parameters.json for INDIVIDUAL_Y86BRKZF in POPULATION_0013 --no-verify -- 
/home/spi085/Documents/_Projects/SCCP-QuantModelling/POPULATIONS/POPULATION_0013/INDIVIDUAL_Y86BRKZF/parameters.json
  stderr: 'error: pathspec '/home/spi085/Documents/_Projects/SCCP-QuantModelling/POPULATIONS/POPULATION_0013/INDIVIDUAL_Y86BRKZF/parameters.json' did not match any file(s) known to git'
Applied edit to POPULATIONS/POPULATION_0013/INDIVIDUAL_Y86BRKZF/parameters.json
Improved existing model in individual: POPULATIONS/POPULATION_0013/INDIVIDUAL_Y86BRKZF
Validating model for data leakage...
Opening file: POPULATIONS/POPULATION_0013/INDIVIDUAL_Y86BRKZF/model.cpp
File read successfully
TMB convention check: {'uses_tmb_header': True, 'uses_data_macros': True, 'uses_vector_type': True, 'uses_standard_report': True, 'uses_objective_function': True, 'uses_std_vector': False, 'uses_string_report': False}
Extracting vectors...
Found data vectors: {'sst_dat', 'slow_dat', 'Year', 'cotsimm_dat', 'cots_dat', 'fast_dat'}
Found prediction vectors: {'fast_pred', 'cots_pred', 'slow_pred'}
Found reported vectors: {'fast_pred', 'cots_pred', 'slow_pred'}
Finding initial conditions...
Found 3 initial conditions
Finding time-stepping loop...
Found loop from line 78 to 118
Found response variables from Data/timeseries_data_COTS_response.csv: {'cots_dat', 'fast_dat', 'slow_dat'}
[93mRunning model for individual...[0m
[0mIndividual directory: POPULATIONS/POPULATION_0013/INDIVIDUAL_Y86BRKZF[0m
[93mR script stdout:[0m
[0mg++ -std=gnu++17 -I"/usr/share/R/include" -DNDEBUG -I"/home/spi085/R/x86_64-pc-linux-gnu-library/4.4/TMB/include" -I"/home/spi085/R/x86_64-pc-linux-gnu-library/4.4/RcppEigen/include"   -DTMB_EIGEN_DISABLE_WARNINGS   -DTMB_LIB_INIT=R_init_model  -DCPPAD_FRAMEWORK      -fpic  -O2  -c POPULATIONS/POPULATION_0013/INDIVIDUAL_Y86BRKZF/model.cpp -o POPULATIONS/POPULATION_0013/INDIVIDUAL_Y86BRKZF/model.o[0m
[93mR script stderr:[0m
[0mLoading required package: TMB
Loading required package: jsonlite
here() starts at /home/spi085/Documents/_Projects/SCCP-QuantModelling
using C++ compiler: â€˜g++ (Ubuntu 13.3.0-6ubuntu2~24.04) 13.3.0â€™
POPULATIONS/POPULATION_0013/INDIVIDUAL_Y86BRKZF/model.cpp: In member function â€˜Type objective_function<Type>::operator()()â€™:
POPULATIONS/POPULATION_0013/INDIVIDUAL_Y86BRKZF/model.cpp:66:21: error: â€˜log_A_cotsâ€™ was not declared in this scope; did you mean â€˜log_m_cotsâ€™?
   66 |   Type A_cots = exp(log_A_cots); // Allee threshold for COTS
      |                     ^~~~~~~~~~
      |                     log_m_cots
make: *** [/usr/lib/R/etc/Makeconf:204: POPULATIONS/POPULATION_0013/INDIVIDUAL_Y86BRKZF/model.o] Error 1
Error in TMB::compile(file.path(individual_dir, model_file), flags = flags,  : 
  Compilation failed
Error: Compilation failed
Execution halted[0m
[91mModel failed to compile.[0m
MODEL RUN FINISHED
Error: Objective value is None
Initial run failed. Attempting to fix...
Fixing broken model iteration: 0
POPULATIONS/POPULATION_0013/INDIVIDUAL_Y86BRKZF/model.cpp                                                                                                                                                              

                                                                                                                                                                                                                       
 <<<<<<< SEARCH                                                                                                                                                                                                        
   PARAMETER(log_gamma_fast); // log predation handling time for fast coral (year)                                                                                                                                     
   PARAMETER(log_gamma_slow); // log predation handling time for slow coral (year)                                                                                                                                     
 =======                                                                                                                                                                                                               
   PARAMETER(log_gamma_fast); // log predation handling time for fast coral (year)                                                                                                                                     
   PARAMETER(log_gamma_slow); // log predation handling time for slow coral (year)                                                                                                                                     
   PARAMETER(log_A_cots); // log Allee threshold for COTS (ind/m^2)                                                                                                                                                    
 >>>>>>> REPLACE                                                                                                                                                                                                       
                                                                                                                                                                                                                       

Tokens: 11k sent, 131 received. Cost: $0.02 message, $0.07 session.
Committing POPULATIONS/POPULATION_0013/INDIVIDUAL_Y86BRKZF/model.cpp before applying edits.
Unable to add /home/spi085/Documents/_Projects/SCCP-QuantModelling/POPULATIONS/POPULATION_0013/INDIVIDUAL_Y86BRKZF/model.cpp: Cmd('git') failed due to: exit code(1)
  cmdline: git add /home/spi085/Documents/_Projects/SCCP-QuantModelling/POPULATIONS/POPULATION_0013/INDIVIDUAL_Y86BRKZF/model.cpp
  stderr: 'The following paths are ignored by one of your .gitignore files:
POPULATIONS
hint: Use -f if you really want to add them.
hint: Turn this message off by running
hint: "git config advice.addIgnoredFile false"'
Unable to commit: Cmd('git') failed due to: exit code(1)
  cmdline: git commit -m feat: add model.cpp for INDIVIDUAL_Y86BRKZF in POPULATION_0013 --no-verify -- /home/spi085/Documents/_Projects/SCCP-QuantModelling/POPULATIONS/POPULATION_0013/INDIVIDUAL_Y86BRKZF/model.cpp
  stderr: 'error: pathspec '/home/spi085/Documents/_Projects/SCCP-QuantModelling/POPULATIONS/POPULATION_0013/INDIVIDUAL_Y86BRKZF/model.cpp' did not match any file(s) known to git'
Applied edit to POPULATIONS/POPULATION_0013/INDIVIDUAL_Y86BRKZF/model.cpp
Validating fixed model for data leakage...
Opening file: POPULATIONS/POPULATION_0013/INDIVIDUAL_Y86BRKZF/model.cpp
File read successfully
TMB convention check: {'uses_tmb_header': True, 'uses_data_macros': True, 'uses_vector_type': True, 'uses_standard_report': True, 'uses_objective_function': True, 'uses_std_vector': False, 'uses_string_report': False}
Extracting vectors...
Found data vectors: {'sst_dat', 'slow_dat', 'Year', 'cotsimm_dat', 'cots_dat', 'fast_dat'}
Found prediction vectors: {'fast_pred', 'cots_pred', 'slow_pred'}
Found reported vectors: {'fast_pred', 'cots_pred', 'slow_pred'}
Finding initial conditions...
Found 3 initial conditions
Finding time-stepping loop...
Found loop from line 79 to 119
Found response variables from Data/timeseries_data_COTS_response.csv: {'cots_dat', 'fast_dat', 'slow_dat'}
[93mRunning model for individual...[0m
[0mIndividual directory: POPULATIONS/POPULATION_0013/INDIVIDUAL_Y86BRKZF[0m
[93mR script stdout:[0m
[0mg++ -std=gnu++17 -I"/usr/share/R/include" -DNDEBUG -I"/home/spi085/R/x86_64-pc-linux-gnu-library/4.4/TMB/include" -I"/home/spi085/R/x86_64-pc-linux-gnu-library/4.4/RcppEigen/include"   -DTMB_EIGEN_DISABLE_WARNINGS   -DTMB_LIB_INIT=R_init_model  -DCPPAD_FRAMEWORK      -fpic  -O2  -c POPULATIONS/POPULATION_0013/INDIVIDUAL_Y86BRKZF/model.cpp -o POPULATIONS/POPULATION_0013/INDIVIDUAL_Y86BRKZF/model.o
g++ -std=gnu++17 -shared -L/usr/lib/R/lib -Wl,-Bsymbolic-functions -flto=auto -ffat-lto-objects -Wl,-z,relro -o POPULATIONS/POPULATION_0013/INDIVIDUAL_Y86BRKZF/model.so POPULATIONS/POPULATION_0013/INDIVIDUAL_Y86BRKZF/model.o -L/usr/lib/R/lib -lR
Starting model phases
Number of phases: 4 
Phase 1 
Initial parameter values for phase 1 :
log_r_cots log_K_cots log_m_cots 
        NA     0.1722     2.2500 
Error in model phases: NA/NaN gradient evaluation[0m
[93mR script stderr:[0m
[0mLoading required package: TMB
Loading required package: jsonlite
here() starts at /home/spi085/Documents/_Projects/SCCP-QuantModelling
using C++ compiler: â€˜g++ (Ubuntu 13.3.0-6ubuntu2~24.04) 13.3.0â€™
Error in value[[3L]](cond) : 
  Error in model phases: NA/NaN gradient evaluation
Calls: tryCatch -> tryCatchList -> tryCatchOne -> <Anonymous>
In addition: Warning message:
In nlminb(model$par, model$fn, model$gr) : NA/NaN function evaluation
Execution halted[0m
[91mR script failed with return code 1[0m
Fixing broken model iteration: 1
POPULATIONS/POPULATION_0013/INDIVIDUAL_Y86BRKZF/model.cpp                                                                                                                                                              

                                                                                                                                                                                                                       
 <<<<<<< SEARCH                                                                                                                                                                                                        
     cots_pred(t) = cots_pred(t-1)                                                                                                                                                                                     
       + recruit // recruitment                                                                                                                                                                                        
       + e_fast * pred_fast // biomass from fast coral predation                                                                                                                                                       
       + e_slow * pred_slow // biomass from slow coral predation                                                                                                                                                       
       - m_cots * cots_pred(t-1) // mortality                                                                                                                                                                          
       + cotsimm_dat(t-1); // larval immigration                                                                                                                                                                       
                                                                                                                                                                                                                       
     // Bound COTS abundance to non-negative values using softplus                                                                                                                                                     
     cots_pred(t) = log(Type(1.0) + exp(cots_pred(t))) + Type(1e-8);                                                                                                                                                   
 =======                                                                                                                                                                                                               
     cots_pred(t) = cots_pred(t-1)                                                                                                                                                                                     
       + recruit // recruitment                                                                                                                                                                                        
       + e_fast * pred_fast // biomass from fast coral predation                                                                                                                                                       
       + e_slow * pred_slow // biomass from slow coral predation                                                                                                                                                       
       - m_cots * cots_pred(t-1) // mortality                                                                                                                                                                          
       + cotsimm_dat(t-1); // larval immigration                                                                                                                                                                       
                                                                                                                                                                                                                       
     // Bound COTS abundance to non-negative values using softplus                                                                                                                                                     
     cots_pred(t) = CppAD::CondExpGt(cots_pred(t), Type(0.0), cots_pred(t), Type(1e-8));                                                                                                                               
 >>>>>>> REPLACE                                                                                                                                                                                                       
                                                                                                                                                                                                                       

Tokens: 12k sent, 290 received. Cost: $0.03 message, $0.10 session.
Committing POPULATIONS/POPULATION_0013/INDIVIDUAL_Y86BRKZF/model.cpp before applying edits.
Unable to add /home/spi085/Documents/_Projects/SCCP-QuantModelling/POPULATIONS/POPULATION_0013/INDIVIDUAL_Y86BRKZF/model.cpp: Cmd('git') failed due to: exit code(1)
  cmdline: git add /home/spi085/Documents/_Projects/SCCP-QuantModelling/POPULATIONS/POPULATION_0013/INDIVIDUAL_Y86BRKZF/model.cpp
  stderr: 'The following paths are ignored by one of your .gitignore files:
POPULATIONS
hint: Use -f if you really want to add them.
hint: Turn this message off by running
hint: "git config advice.addIgnoredFile false"'
Unable to commit: Cmd('git') failed due to: exit code(1)
  cmdline: git commit -m feat: add model.cpp for INDIVIDUAL_Y86BRKZF in POPULATION_0013 --no-verify -- /home/spi085/Documents/_Projects/SCCP-QuantModelling/POPULATIONS/POPULATION_0013/INDIVIDUAL_Y86BRKZF/model.cpp
  stderr: 'error: pathspec '/home/spi085/Documents/_Projects/SCCP-QuantModelling/POPULATIONS/POPULATION_0013/INDIVIDUAL_Y86BRKZF/model.cpp' did not match any file(s) known to git'
Applied edit to POPULATIONS/POPULATION_0013/INDIVIDUAL_Y86BRKZF/model.cpp
Validating fixed model for data leakage...
Opening file: POPULATIONS/POPULATION_0013/INDIVIDUAL_Y86BRKZF/model.cpp
File read successfully
TMB convention check: {'uses_tmb_header': True, 'uses_data_macros': True, 'uses_vector_type': True, 'uses_standard_report': True, 'uses_objective_function': True, 'uses_std_vector': False, 'uses_string_report': False}
Extracting vectors...
Found data vectors: {'sst_dat', 'slow_dat', 'Year', 'cotsimm_dat', 'cots_dat', 'fast_dat'}
Found prediction vectors: {'fast_pred', 'cots_pred', 'slow_pred'}
Found reported vectors: {'fast_pred', 'cots_pred', 'slow_pred'}
Finding initial conditions...
Found 3 initial conditions
Finding time-stepping loop...
Found loop from line 79 to 119
Found response variables from Data/timeseries_data_COTS_response.csv: {'cots_dat', 'fast_dat', 'slow_dat'}
[93mRunning model for individual...[0m
[0mIndividual directory: POPULATIONS/POPULATION_0013/INDIVIDUAL_Y86BRKZF[0m
[93mRemoved old compilation: model.o[0m
[93mR script stdout:[0m
[0mg++ -std=gnu++17 -I"/usr/share/R/include" -DNDEBUG -I"/home/spi085/R/x86_64-pc-linux-gnu-library/4.4/TMB/include" -I"/home/spi085/R/x86_64-pc-linux-gnu-library/4.4/RcppEigen/include"   -DTMB_EIGEN_DISABLE_WARNINGS   -DTMB_LIB_INIT=R_init_model  -DCPPAD_FRAMEWORK      -fpic  -O2  -c POPULATIONS/POPULATION_0013/INDIVIDUAL_Y86BRKZF/model.cpp -o POPULATIONS/POPULATION_0013/INDIVIDUAL_Y86BRKZF/model.o
g++ -std=gnu++17 -shared -L/usr/lib/R/lib -Wl,-Bsymbolic-functions -flto=auto -ffat-lto-objects -Wl,-z,relro -o POPULATIONS/POPULATION_0013/INDIVIDUAL_Y86BRKZF/model.so POPULATIONS/POPULATION_0013/INDIVIDUAL_Y86BRKZF/model.o -L/usr/lib/R/lib -lR
Starting model phases
Number of phases: 4 
Phase 1 
Initial parameter values for phase 1 :
log_r_cots log_K_cots log_m_cots 
        NA     0.1722     2.2500 
Error in model phases: NA/NaN gradient evaluation[0m
[93mR script stderr:[0m
[0mLoading required package: TMB
Loading required package: jsonlite
here() starts at /home/spi085/Documents/_Projects/SCCP-QuantModelling
using C++ compiler: â€˜g++ (Ubuntu 13.3.0-6ubuntu2~24.04) 13.3.0â€™
Error in value[[3L]](cond) : 
  Error in model phases: NA/NaN gradient evaluation
Calls: tryCatch -> tryCatchList -> tryCatchOne -> <Anonymous>
In addition: Warning message:
In nlminb(model$par, model$fn, model$gr) : NA/NaN function evaluation
Execution halted[0m
[91mR script failed with return code 1[0m
Fixing broken model iteration: 2
POPULATIONS/POPULATION_0013/INDIVIDUAL_Y86BRKZF/model.cpp                                                                                                                                                              

                                                                                                                                                                                                                       
 <<<<<<< SEARCH                                                                                                                                                                                                        
   cots_pred(0) = cots_dat(0); // Initial COTS abundance (ind/m^2)                                                                                                                                                     
   fast_pred(0) = fast_dat(0); // Initial fast coral cover (%)                                                                                                                                                         
   slow_pred(0) = slow_dat(0); // Initial slow coral cover (%)                                                                                                                                                         
 =======                                                                                                                                                                                                               
   // Use positive initial values to avoid log(0) or log(NA) in likelihood                                                                                                                                             
   cots_pred(0) = CppAD::CondExpGt(cots_dat(0), Type(0.0), cots_dat(0), Type(1e-8)); // Initial COTS abundance (ind/m^2)                                                                                               
   fast_pred(0) = CppAD::CondExpGt(fast_dat(0), Type(0.0), fast_dat(0), Type(1e-8)); // Initial fast coral cover (%)                                                                                                   
   slow_pred(0) = CppAD::CondExpGt(slow_dat(0), Type(0.0), slow_dat(0), Type(1e-8)); // Initial slow coral cover (%)                                                                                                   
 >>>>>>> REPLACE                                                                                                                                                                                                       
                                                                                                                                                                                                                       

Tokens: 13k sent, 260 received. Cost: $0.03 message, $0.13 session.
Committing POPULATIONS/POPULATION_0013/INDIVIDUAL_Y86BRKZF/model.cpp before applying edits.
Unable to add /home/spi085/Documents/_Projects/SCCP-QuantModelling/POPULATIONS/POPULATION_0013/INDIVIDUAL_Y86BRKZF/model.cpp: Cmd('git') failed due to: exit code(1)
  cmdline: git add /home/spi085/Documents/_Projects/SCCP-QuantModelling/POPULATIONS/POPULATION_0013/INDIVIDUAL_Y86BRKZF/model.cpp
  stderr: 'The following paths are ignored by one of your .gitignore files:
POPULATIONS
hint: Use -f if you really want to add them.
hint: Turn this message off by running
hint: "git config advice.addIgnoredFile false"'
Unable to commit: Cmd('git') failed due to: exit code(1)
  cmdline: git commit -m feat: add model.cpp for INDIVIDUAL_Y86BRKZF in POPULATION_0013 --no-verify -- /home/spi085/Documents/_Projects/SCCP-QuantModelling/POPULATIONS/POPULATION_0013/INDIVIDUAL_Y86BRKZF/model.cpp
  stderr: 'error: pathspec '/home/spi085/Documents/_Projects/SCCP-QuantModelling/POPULATIONS/POPULATION_0013/INDIVIDUAL_Y86BRKZF/model.cpp' did not match any file(s) known to git'
Applied edit to POPULATIONS/POPULATION_0013/INDIVIDUAL_Y86BRKZF/model.cpp
Validating fixed model for data leakage...
Opening file: POPULATIONS/POPULATION_0013/INDIVIDUAL_Y86BRKZF/model.cpp
File read successfully
TMB convention check: {'uses_tmb_header': True, 'uses_data_macros': True, 'uses_vector_type': True, 'uses_standard_report': True, 'uses_objective_function': True, 'uses_std_vector': False, 'uses_string_report': False}
Extracting vectors...
Found data vectors: {'sst_dat', 'slow_dat', 'Year', 'cotsimm_dat', 'cots_dat', 'fast_dat'}
Found prediction vectors: {'fast_pred', 'cots_pred', 'slow_pred'}
Found reported vectors: {'fast_pred', 'cots_pred', 'slow_pred'}
Finding initial conditions...
Found 3 initial conditions
Finding time-stepping loop...
Found loop from line 80 to 120
Found response variables from Data/timeseries_data_COTS_response.csv: {'cots_dat', 'fast_dat', 'slow_dat'}
[93mRunning model for individual...[0m
[0mIndividual directory: POPULATIONS/POPULATION_0013/INDIVIDUAL_Y86BRKZF[0m
[93mRemoved old compilation: model.o[0m
[93mR script stdout:[0m
[0mg++ -std=gnu++17 -I"/usr/share/R/include" -DNDEBUG -I"/home/spi085/R/x86_64-pc-linux-gnu-library/4.4/TMB/include" -I"/home/spi085/R/x86_64-pc-linux-gnu-library/4.4/RcppEigen/include"   -DTMB_EIGEN_DISABLE_WARNINGS   -DTMB_LIB_INIT=R_init_model  -DCPPAD_FRAMEWORK      -fpic  -O2  -c POPULATIONS/POPULATION_0013/INDIVIDUAL_Y86BRKZF/model.cpp -o POPULATIONS/POPULATION_0013/INDIVIDUAL_Y86BRKZF/model.o
g++ -std=gnu++17 -shared -L/usr/lib/R/lib -Wl,-Bsymbolic-functions -flto=auto -ffat-lto-objects -Wl,-z,relro -o POPULATIONS/POPULATION_0013/INDIVIDUAL_Y86BRKZF/model.so POPULATIONS/POPULATION_0013/INDIVIDUAL_Y86BRKZF/model.o -L/usr/lib/R/lib -lR
Starting model phases
Number of phases: 4 
Phase 1 
Initial parameter values for phase 1 :
log_r_cots log_K_cots log_m_cots 
        NA     0.1722     2.2500 
Error in model phases: NA/NaN gradient evaluation[0m
[93mR script stderr:[0m
[0mLoading required package: TMB
Loading required package: jsonlite
here() starts at /home/spi085/Documents/_Projects/SCCP-QuantModelling
using C++ compiler: â€˜g++ (Ubuntu 13.3.0-6ubuntu2~24.04) 13.3.0â€™
Error in value[[3L]](cond) : 
  Error in model phases: NA/NaN gradient evaluation
Calls: tryCatch -> tryCatchList -> tryCatchOne -> <Anonymous>
In addition: Warning message:
In nlminb(model$par, model$fn, model$gr) : NA/NaN function evaluation
Execution halted[0m
[91mR script failed with return code 1[0m
Fixing broken model iteration: 3
POPULATIONS/POPULATION_0013/INDIVIDUAL_Y86BRKZF/model.cpp                                                                                                                                                              

                                                                                                                                                                                                                       
 <<<<<<< SEARCH                                                                                                                                                                                                        
   // Use positive initial values to avoid log(0) or log(NA) in likelihood                                                                                                                                             
   cots_pred(0) = CppAD::CondExpGt(cots_dat(0), Type(0.0), cots_dat(0), Type(1e-8)); // Initial COTS abundance (ind/m^2)                                                                                               
   fast_pred(0) = CppAD::CondExpGt(fast_dat(0), Type(0.0), fast_dat(0), Type(1e-8)); // Initial fast coral cover (%)                                                                                                   
   slow_pred(0) = CppAD::CondExpGt(slow_dat(0), Type(0.0), slow_dat(0), Type(1e-8)); // Initial slow coral cover (%)                                                                                                   
 =======                                                                                                                                                                                                               
   // Use positive initial values to avoid log(0) or log(NA) in likelihood                                                                                                                                             
   cots_pred(0) = CppAD::CondExpGt(CppAD::isnan(cots_dat(0)), Type(0.0),                                                                                                                                               
                                   CppAD::CondExpGt(cots_dat(0), Type(0.0), cots_dat(0), Type(1e-8)), Type(1e-8)); // Initial COTS abundance (ind/m^2)                                                                 
   fast_pred(0) = CppAD::CondExpGt(CppAD::isnan(fast_dat(0)), Type(0.0),                                                                                                                                               
                                   CppAD::CondExpGt(fast_dat(0), Type(0.0), fast_dat(0), Type(1e-8)), Type(1e-8)); // Initial fast coral cover (%)                                                                     
   slow_pred(0) = CppAD::CondExpGt(CppAD::isnan(slow_dat(0)), Type(0.0),                                                                                                                                               
                                   CppAD::CondExpGt(slow_dat(0), Type(0.0), slow_dat(0), Type(1e-8)), Type(1e-8)); // Initial slow coral cover (%)                                                                     
 >>>>>>> REPLACE                                                                                                                                                                                                       
                                                                                                                                                                                                                       

Tokens: 13k sent, 464 received. Cost: $0.03 message, $0.16 session.
Committing POPULATIONS/POPULATION_0013/INDIVIDUAL_Y86BRKZF/model.cpp before applying edits.
Unable to add /home/spi085/Documents/_Projects/SCCP-QuantModelling/POPULATIONS/POPULATION_0013/INDIVIDUAL_Y86BRKZF/model.cpp: Cmd('git') failed due to: exit code(1)
  cmdline: git add /home/spi085/Documents/_Projects/SCCP-QuantModelling/POPULATIONS/POPULATION_0013/INDIVIDUAL_Y86BRKZF/model.cpp
  stderr: 'The following paths are ignored by one of your .gitignore files:
POPULATIONS
hint: Use -f if you really want to add them.
hint: Turn this message off by running
hint: "git config advice.addIgnoredFile false"'
Unable to commit: Cmd('git') failed due to: exit code(1)
  cmdline: git commit -m feat: add model.cpp for INDIVIDUAL_Y86BRKZF in POPULATION_0013 --no-verify -- /home/spi085/Documents/_Projects/SCCP-QuantModelling/POPULATIONS/POPULATION_0013/INDIVIDUAL_Y86BRKZF/model.cpp
  stderr: 'error: pathspec '/home/spi085/Documents/_Projects/SCCP-QuantModelling/POPULATIONS/POPULATION_0013/INDIVIDUAL_Y86BRKZF/model.cpp' did not match any file(s) known to git'
Applied edit to POPULATIONS/POPULATION_0013/INDIVIDUAL_Y86BRKZF/model.cpp
Validating fixed model for data leakage...
Opening file: POPULATIONS/POPULATION_0013/INDIVIDUAL_Y86BRKZF/model.cpp
File read successfully
TMB convention check: {'uses_tmb_header': True, 'uses_data_macros': True, 'uses_vector_type': True, 'uses_standard_report': True, 'uses_objective_function': True, 'uses_std_vector': False, 'uses_string_report': False}
Extracting vectors...
Found data vectors: {'sst_dat', 'slow_dat', 'Year', 'cotsimm_dat', 'cots_dat', 'fast_dat'}
Found prediction vectors: {'fast_pred', 'cots_pred', 'slow_pred'}
Found reported vectors: {'fast_pred', 'cots_pred', 'slow_pred'}
Finding initial conditions...
Found 3 initial conditions
Finding time-stepping loop...
Found loop from line 83 to 123
Found response variables from Data/timeseries_data_COTS_response.csv: {'cots_dat', 'fast_dat', 'slow_dat'}
[93mRunning model for individual...[0m
[0mIndividual directory: POPULATIONS/POPULATION_0013/INDIVIDUAL_Y86BRKZF[0m
[93mRemoved old compilation: model.o[0m
[93mR script stdout:[0m
[0mg++ -std=gnu++17 -I"/usr/share/R/include" -DNDEBUG -I"/home/spi085/R/x86_64-pc-linux-gnu-library/4.4/TMB/include" -I"/home/spi085/R/x86_64-pc-linux-gnu-library/4.4/RcppEigen/include"   -DTMB_EIGEN_DISABLE_WARNINGS   -DTMB_LIB_INIT=R_init_model  -DCPPAD_FRAMEWORK      -fpic  -O2  -c POPULATIONS/POPULATION_0013/INDIVIDUAL_Y86BRKZF/model.cpp -o POPULATIONS/POPULATION_0013/INDIVIDUAL_Y86BRKZF/model.o[0m
[93mR script stderr:[0m
[0mLoading required package: TMB
Loading required package: jsonlite
here() starts at /home/spi085/Documents/_Projects/SCCP-QuantModelling
using C++ compiler: â€˜g++ (Ubuntu 13.3.0-6ubuntu2~24.04) 13.3.0â€™
POPULATIONS/POPULATION_0013/INDIVIDUAL_Y86BRKZF/model.cpp: In instantiation of â€˜Type objective_function<Type>::operator()() [with Type = CppAD::AD<double>]â€™:
/home/spi085/R/x86_64-pc-linux-gnu-library/4.4/TMB/include/tmb_core.hpp:1312:6:   required from here
POPULATIONS/POPULATION_0013/INDIVIDUAL_Y86BRKZF/model.cpp:75:34: error: no matching function for call to â€˜CondExpGt(bool, CppAD::AD<double>, CppAD::AD<double>, CppAD::AD<double>)â€™
   75 |   cots_pred(0) = CppAD::CondExpGt(CppAD::isnan(cots_dat(0)), Type(0.0),
      |                  ~~~~~~~~~~~~~~~~^~~~~~~~~~~~~~~~~~~~~~~~~~~~~~~~~~~~~~
   76 |                                   CppAD::CondExpGt(cots_dat(0), Type(0.0), cots_dat(0), Type(1e-8)), Type(1e-8)); // Initial COTS abundance (ind/m^2)
      |                                   ~~~~~~~~~~~~~~~~~~~~~~~~~~~~~~~~~~~~~~~~~~~~~~~~~~~~~~~~~~~~~~~~~~~~~~~~~~~~~~
In file included from /home/spi085/R/x86_64-pc-linux-gnu-library/4.4/TMB/include/cppad/local/ad_valued.hpp:44,
                 from /home/spi085/R/x86_64-pc-linux-gnu-library/4.4/TMB/include/cppad/local/user_ad.hpp:70,
                 from /home/spi085/R/x86_64-pc-linux-gnu-library/4.4/TMB/include/cppad/cppad.hpp:82,
                 from /home/spi085/R/x86_64-pc-linux-gnu-library/4.4/TMB/include/TMB.hpp:125,
                 from POPULATIONS/POPULATION_0013/INDIVIDUAL_Y86BRKZF/model.cpp:1:
/home/spi085/R/x86_64-pc-linux-gnu-library/4.4/TMB/include/cppad/local/cond_exp.hpp:330:18: note: candidate: â€˜template<class Base> CppAD::AD<Base> CppAD::CondExpGt(const AD<Base>&, const AD<Base>&, const AD<Base>&, const AD<Base>&)â€™
  330 |         AD<Base> CondExp##Name(                                         \
      |                  ^~~~~~~
/home/spi085/R/x86_64-pc-linux-gnu-library/4.4/TMB/include/cppad/local/cond_exp.hpp:345:1: note: in expansion of macro â€˜CPPAD_COND_EXPâ€™
  345 | CPPAD_COND_EXP(Gt)
      | ^~~~~~~~~~~~~~
/home/spi085/R/x86_64-pc-linux-gnu-library/4.4/TMB/include/cppad/local/cond_exp.hpp:330:18: note:   template argument deduction/substitution failed:
  330 |         AD<Base> CondExp##Name(                                         \
      |                  ^~~~~~~
/home/spi085/R/x86_64-pc-linux-gnu-library/4.4/TMB/include/cppad/local/cond_exp.hpp:345:1: note: in expansion of macro â€˜CPPAD_COND_EXPâ€™
  345 | CPPAD_COND_EXP(Gt)
      | ^~~~~~~~~~~~~~
POPULATIONS/POPULATION_0013/INDIVIDUAL_Y86BRKZF/model.cpp:75:34: note:   mismatched types â€˜const CppAD::AD<Base>â€™ and â€˜boolâ€™
   75 |   cots_pred(0) = CppAD::CondExpGt(CppAD::isnan(cots_dat(0)), Type(0.0),
      |                  ~~~~~~~~~~~~~~~~^~~~~~~~~~~~~~~~~~~~~~~~~~~~~~~~~~~~~~
   76 |                                   CppAD::CondExpGt(cots_dat(0), Type(0.0), cots_dat(0), Type(1e-8)), Type(1e-8)); // Initial COTS abundance (ind/m^2)
      |                                   ~~~~~~~~~~~~~~~~~~~~~~~~~~~~~~~~~~~~~~~~~~~~~~~~~~~~~~~~~~~~~~~~~~~~~~~~~~~~~~
In file included from /home/spi085/R/x86_64-pc-linux-gnu-library/4.4/TMB/include/cppad/base_require.hpp:151,
                 from /home/spi085/R/x86_64-pc-linux-gnu-library/4.4/TMB/include/cppad/cppad.hpp:22:
/home/spi085/R/x86_64-pc-linux-gnu-library/4.4/TMB/include/cppad/local/base_cond_exp.hpp:174:21: note: candidate: â€˜float CppAD::CondExpGt(const float&, const float&, const float&, const float&)â€™
  174 |         inline Type CondExp##Rel(                        \
      |                     ^~~~~~~
/home/spi085/R/x86_64-pc-linux-gnu-library/4.4/TMB/include/cppad/local/base_cond_exp.hpp:199:9: note: in expansion of macro â€˜CPPAD_COND_EXP_BASE_RELâ€™
  199 |         CPPAD_COND_EXP_BASE_REL(Type, Gt, CompareGt)
      |         ^~~~~~~~~~~~~~~~~~~~~~~
/home/spi085/R/x86_64-pc-linux-gnu-library/4.4/TMB/include/cppad/local/base_float.hpp:72:9: note: in expansion of macro â€˜CPPAD_COND_EXP_RELâ€™
   72 |         CPPAD_COND_EXP_REL(float)
      |         ^~~~~~~~~~~~~~~~~~
/home/spi085/R/x86_64-pc-linux-gnu-library/4.4/TMB/include/cppad/local/base_cond_exp.hpp:176:29: note:   no known conversion for argument 2 from â€˜CppAD::AD<double>â€™ to â€˜const float&â€™
  176 |                 const Type& right     ,                     \
      |                 ~~~~~~~~~~~~^~~~~
/home/spi085/R/x86_64-pc-linux-gnu-library/4.4/TMB/include/cppad/local/base_cond_exp.hpp:199:9: note: in expansion of macro â€˜CPPAD_COND_EXP_BASE_RELâ€™
  199 |         CPPAD_COND_EXP_BASE_REL(Type, Gt, CompareGt)
      |         ^~~~~~~~~~~~~~~~~~~~~~~
/home/spi085/R/x86_64-pc-linux-gnu-library/4.4/TMB/include/cppad/local/base_float.hpp:72:9: note: in expansion of macro â€˜CPPAD_COND_EXP_RELâ€™
   72 |         CPPAD_COND_EXP_REL(float)
      |         ^~~~~~~~~~~~~~~~~~
/home/spi085/R/x86_64-pc-linux-gnu-library/4.4/TMB/include/cppad/local/base_cond_exp.hpp:174:21: note: candidate: â€˜double CppAD::CondExpGt(const double&, const double&, const double&, const double&)â€™
  174 |         inline Type CondExp##Rel(                        \
      |                     ^~~~~~~
/home/spi085/R/x86_64-pc-linux-gnu-library/4.4/TMB/include/cppad/local/base_cond_exp.hpp:199:9: note: in expansion of macro â€˜CPPAD_COND_EXP_BASE_RELâ€™
  199 |         CPPAD_COND_EXP_BASE_REL(Type, Gt, CompareGt)
      |         ^~~~~~~~~~~~~~~~~~~~~~~
/home/spi085/R/x86_64-pc-linux-gnu-library/4.4/TMB/include/cppad/local/base_double.hpp:72:9: note: in expansion of macro â€˜CPPAD_COND_EXP_RELâ€™
   72 |         CPPAD_COND_EXP_REL(double)
      |         ^~~~~~~~~~~~~~~~~~
/home/spi085/R/x86_64-pc-linux-gnu-library/4.4/TMB/include/cppad/local/base_cond_exp.hpp:176:29: note:   no known conversion for argument 2 from â€˜CppAD::AD<double>â€™ to â€˜const double&â€™
  176 |                 const Type& right     ,                     \
      |                 ~~~~~~~~~~~~^~~~~
/home/spi085/R/x86_64-pc-linux-gnu-library/4.4/TMB/include/cppad/local/base_cond_exp.hpp:199:9: note: in expansion of macro â€˜CPPAD_COND_EXP_BASE_RELâ€™
  199 |         CPPAD_COND_EXP_BASE_REL(Type, Gt, CompareGt)
      |         ^~~~~~~~~~~~~~~~~~~~~~~
/home/spi085/R/x86_64-pc-linux-gnu-library/4.4/TMB/include/cppad/local/base_double.hpp:72:9: note: in expansion of macro â€˜CPPAD_COND_EXP_RELâ€™
   72 |         CPPAD_COND_EXP_REL(double)
      |         ^~~~~~~~~~~~~~~~~~
/home/spi085/R/x86_64-pc-linux-gnu-library/4.4/TMB/include/cppad/local/base_cond_exp.hpp:174:21: note: candidate: â€˜std::complex<double> CppAD::CondExpGt(const std::complex<double>&, const std::complex<double>&, const std::complex<double>&, const std::complex<double>&)â€™
  174 |         inline Type CondExp##Rel(                        \
      |                     ^~~~~~~
/home/spi085/R/x86_64-pc-linux-gnu-library/4.4/TMB/include/cppad/local/base_cond_exp.hpp:199:9: note: in expansion of macro â€˜CPPAD_COND_EXP_BASE_RELâ€™
  199 |         CPPAD_COND_EXP_BASE_REL(Type, Gt, CompareGt)
      |         ^~~~~~~~~~~~~~~~~~~~~~~
/home/spi085/R/x86_64-pc-linux-gnu-library/4.4/TMB/include/cppad/local/base_complex.hpp:105:9: note: in expansion of macro â€˜CPPAD_COND_EXP_RELâ€™
  105 |         CPPAD_COND_EXP_REL( std::complex<double> )
      |         ^~~~~~~~~~~~~~~~~~
/home/spi085/R/x86_64-pc-linux-gnu-library/4.4/TMB/include/cppad/local/base_cond_exp.hpp:176:29: note:   no known conversion for argument 2 from â€˜CppAD::AD<double>â€™ to â€˜const std::complex<double>&â€™
  176 |                 const Type& right     ,                     \
      |                 ~~~~~~~~~~~~^~~~~
/home/spi085/R/x86_64-pc-linux-gnu-library/4.4/TMB/include/cppad/local/base_cond_exp.hpp:199:9: note: in expansion of macro â€˜CPPAD_COND_EXP_BASE_RELâ€™
  199 |         CPPAD_COND_EXP_BASE_REL(Type, Gt, CompareGt)
      |         ^~~~~~~~~~~~~~~~~~~~~~~
/home/spi085/R/x86_64-pc-linux-gnu-library/4.4/TMB/include/cppad/local/base_complex.hpp:105:9: note: in expansion of macro â€˜CPPAD_COND_EXP_RELâ€™
  105 |         CPPAD_COND_EXP_REL( std::complex<double> )
      |         ^~~~~~~~~~~~~~~~~~
/home/spi085/R/x86_64-pc-linux-gnu-library/4.4/TMB/include/cppad/local/base_cond_exp.hpp:174:21: note: candidate: â€˜std::complex<float> CppAD::CondExpGt(const std::complex<float>&, const std::complex<float>&, const std::complex<float>&, const std::complex<float>&)â€™
  174 |         inline Type CondExp##Rel(                        \
      |                     ^~~~~~~
/home/spi085/R/x86_64-pc-linux-gnu-library/4.4/TMB/include/cppad/local/base_cond_exp.hpp:199:9: note: in expansion of macro â€˜CPPAD_COND_EXP_BASE_RELâ€™
  199 |         CPPAD_COND_EXP_BASE_REL(Type, Gt, CompareGt)
      |         ^~~~~~~~~~~~~~~~~~~~~~~
/home/spi085/R/x86_64-pc-linux-gnu-library/4.4/TMB/include/cppad/local/base_complex.hpp:331:9: note: in expansion of macro â€˜CPPAD_COND_EXP_RELâ€™
  331 |         CPPAD_COND_EXP_REL( std::complex<float> )
      |         ^~~~~~~~~~~~~~~~~~
/home/spi085/R/x86_64-pc-linux-gnu-library/4.4/TMB/include/cppad/local/base_cond_exp.hpp:176:29: note:   no known conversion for argument 2 from â€˜CppAD::AD<double>â€™ to â€˜const std::complex<float>&â€™
  176 |                 const Type& right     ,                     \
      |                 ~~~~~~~~~~~~^~~~~
/home/spi085/R/x86_64-pc-linux-gnu-library/4.4/TMB/include/cppad/local/base_cond_exp.hpp:199:9: note: in expansion of macro â€˜CPPAD_COND_EXP_BASE_RELâ€™
  199 |         CPPAD_COND_EXP_BASE_REL(Type, Gt, CompareGt)
      |         ^~~~~~~~~~~~~~~~~~~~~~~
/home/spi085/R/x86_64-pc-linux-gnu-library/4.4/TMB/include/cppad/local/base_complex.hpp:331:9: note: in expansion of macro â€˜CPPAD_COND_EXP_RELâ€™
  331 |         CPPAD_COND_EXP_REL( std::complex<float> )
      |         ^~~~~~~~~~~~~~~~~~
POPULATIONS/POPULATION_0013/INDIVIDUAL_Y86BRKZF/model.cpp:77:34: error: no matching function for call to â€˜CondExpGt(bool, CppAD::AD<double>, CppAD::AD<double>, CppAD::AD<double>)â€™
   77 |   fast_pred(0) = CppAD::CondExpGt(CppAD::isnan(fast_dat(0)), Type(0.0),
      |                  ~~~~~~~~~~~~~~~~^~~~~~~~~~~~~~~~~~~~~~~~~~~~~~~~~~~~~~
   78 |                                   CppAD::CondExpGt(fast_dat(0), Type(0.0), fast_dat(0), Type(1e-8)), Type(1e-8)); // Initial fast coral cover (%)
      |                                   ~~~~~~~~~~~~~~~~~~~~~~~~~~~~~~~~~~~~~~~~~~~~~~~~~~~~~~~~~~~~~~~~~~~~~~~~~~~~~~
/home/spi085/R/x86_64-pc-linux-gnu-library/4.4/TMB/include/cppad/local/cond_exp.hpp:330:18: note: candidate: â€˜template<class Base> CppAD::AD<Base> CppAD::CondExpGt(const AD<Base>&, const AD<Base>&, const AD<Base>&, const AD<Base>&)â€™
  330 |         AD<Base> CondExp##Name(                                         \
      |                  ^~~~~~~
/home/spi085/R/x86_64-pc-linux-gnu-library/4.4/TMB/include/cppad/local/cond_exp.hpp:345:1: note: in expansion of macro â€˜CPPAD_COND_EXPâ€™
  345 | CPPAD_COND_EXP(Gt)
      | ^~~~~~~~~~~~~~
/home/spi085/R/x86_64-pc-linux-gnu-library/4.4/TMB/include/cppad/local/cond_exp.hpp:330:18: note:   template argument deduction/substitution failed:
  330 |         AD<Base> CondExp##Name(                                         \
      |                  ^~~~~~~
/home/spi085/R/x86_64-pc-linux-gnu-library/4.4/TMB/include/cppad/local/cond_exp.hpp:345:1: note: in expansion of macro â€˜CPPAD_COND_EXPâ€™
  345 | CPPAD_COND_EXP(Gt)
      | ^~~~~~~~~~~~~~
POPULATIONS/POPULATION_0013/INDIVIDUAL_Y86BRKZF/model.cpp:77:34: note:   mismatched types â€˜const CppAD::AD<Base>â€™ and â€˜boolâ€™
   77 |   fast_pred(0) = CppAD::CondExpGt(CppAD::isnan(fast_dat(0)), Type(0.0),
      |                  ~~~~~~~~~~~~~~~~^~~~~~~~~~~~~~~~~~~~~~~~~~~~~~~~~~~~~~
   78 |                                   CppAD::CondExpGt(fast_dat(0), Type(0.0), fast_dat(0), Type(1e-8)), Type(1e-8)); // Initial fast coral cover (%)
      |                                   ~~~~~~~~~~~~~~~~~~~~~~~~~~~~~~~~~~~~~~~~~~~~~~~~~~~~~~~~~~~~~~~~~~~~~~~~~~~~~~
/home/spi085/R/x86_64-pc-linux-gnu-library/4.4/TMB/include/cppad/local/base_cond_exp.hpp:174:21: note: candidate: â€˜float CppAD::CondExpGt(const float&, const float&, const float&, const float&)â€™
  174 |         inline Type CondExp##Rel(                        \
      |                     ^~~~~~~
/home/spi085/R/x86_64-pc-linux-gnu-library/4.4/TMB/include/cppad/local/base_cond_exp.hpp:199:9: note: in expansion of macro â€˜CPPAD_COND_EXP_BASE_RELâ€™
  199 |         CPPAD_COND_EXP_BASE_REL(Type, Gt, CompareGt)
      |         ^~~~~~~~~~~~~~~~~~~~~~~
/home/spi085/R/x86_64-pc-linux-gnu-library/4.4/TMB/include/cppad/local/base_float.hpp:72:9: note: in expansion of macro â€˜CPPAD_COND_EXP_RELâ€™
   72 |         CPPAD_COND_EXP_REL(float)
      |         ^~~~~~~~~~~~~~~~~~
/home/spi085/R/x86_64-pc-linux-gnu-library/4.4/TMB/include/cppad/local/base_cond_exp.hpp:176:29: note:   no known conversion for argument 2 from â€˜CppAD::AD<double>â€™ to â€˜const float&â€™
  176 |                 const Type& right     ,                     \
      |                 ~~~~~~~~~~~~^~~~~
/home/spi085/R/x86_64-pc-linux-gnu-library/4.4/TMB/include/cppad/local/base_cond_exp.hpp:199:9: note: in expansion of macro â€˜CPPAD_COND_EXP_BASE_RELâ€™
  199 |         CPPAD_COND_EXP_BASE_REL(Type, Gt, CompareGt)
      |         ^~~~~~~~~~~~~~~~~~~~~~~
/home/spi085/R/x86_64-pc-linux-gnu-library/4.4/TMB/include/cppad/local/base_float.hpp:72:9: note: in expansion of macro â€˜CPPAD_COND_EXP_RELâ€™
   72 |         CPPAD_COND_EXP_REL(float)
      |         ^~~~~~~~~~~~~~~~~~
/home/spi085/R/x86_64-pc-linux-gnu-library/4.4/TMB/include/cppad/local/base_cond_exp.hpp:174:21: note: candidate: â€˜double CppAD::CondExpGt(const double&, const double&, const double&, const double&)â€™
  174 |         inline Type CondExp##Rel(                        \
      |                     ^~~~~~~
/home/spi085/R/x86_64-pc-linux-gnu-library/4.4/TMB/include/cppad/local/base_cond_exp.hpp:199:9: note: in expansion of macro â€˜CPPAD_COND_EXP_BASE_RELâ€™
  199 |         CPPAD_COND_EXP_BASE_REL(Type, Gt, CompareGt)
      |         ^~~~~~~~~~~~~~~~~~~~~~~
/home/spi085/R/x86_64-pc-linux-gnu-library/4.4/TMB/include/cppad/local/base_double.hpp:72:9: note: in expansion of macro â€˜CPPAD_COND_EXP_RELâ€™
   72 |         CPPAD_COND_EXP_REL(double)
      |         ^~~~~~~~~~~~~~~~~~
/home/spi085/R/x86_64-pc-linux-gnu-library/4.4/TMB/include/cppad/local/base_cond_exp.hpp:176:29: note:   no known conversion for argument 2 from â€˜CppAD::AD<double>â€™ to â€˜const double&â€™
  176 |                 const Type& right     ,                     \
      |                 ~~~~~~~~~~~~^~~~~
/home/spi085/R/x86_64-pc-linux-gnu-library/4.4/TMB/include/cppad/local/base_cond_exp.hpp:199:9: note: in expansion of macro â€˜CPPAD_COND_EXP_BASE_RELâ€™
  199 |         CPPAD_COND_EXP_BASE_REL(Type, Gt, CompareGt)
      |         ^~~~~~~~~~~~~~~~~~~~~~~
/home/spi085/R/x86_64-pc-linux-gnu-library/4.4/TMB/include/cppad/local/base_double.hpp:72:9: note: in expansion of macro â€˜CPPAD_COND_EXP_RELâ€™
   72 |         CPPAD_COND_EXP_REL(double)
      |         ^~~~~~~~~~~~~~~~~~
/home/spi085/R/x86_64-pc-linux-gnu-library/4.4/TMB/include/cppad/local/base_cond_exp.hpp:174:21: note: candidate: â€˜std::complex<double> CppAD::CondExpGt(const std::complex<double>&, const std::complex<double>&, const std::complex<double>&, const std::complex<double>&)â€™
  174 |         inline Type CondExp##Rel(                        \
      |                     ^~~~~~~
/home/spi085/R/x86_64-pc-linux-gnu-library/4.4/TMB/include/cppad/local/base_cond_exp.hpp:199:9: note: in expansion of macro â€˜CPPAD_COND_EXP_BASE_RELâ€™
  199 |         CPPAD_COND_EXP_BASE_REL(Type, Gt, CompareGt)
      |         ^~~~~~~~~~~~~~~~~~~~~~~
/home/spi085/R/x86_64-pc-linux-gnu-library/4.4/TMB/include/cppad/local/base_complex.hpp:105:9: note: in expansion of macro â€˜CPPAD_COND_EXP_RELâ€™
  105 |         CPPAD_COND_EXP_REL( std::complex<double> )
      |         ^~~~~~~~~~~~~~~~~~
/home/spi085/R/x86_64-pc-linux-gnu-library/4.4/TMB/include/cppad/local/base_cond_exp.hpp:176:29: note:   no known conversion for argument 2 from â€˜CppAD::AD<double>â€™ to â€˜const std::complex<double>&â€™
  176 |                 const Type& right     ,                     \
      |                 ~~~~~~~~~~~~^~~~~
/home/spi085/R/x86_64-pc-linux-gnu-library/4.4/TMB/include/cppad/local/base_cond_exp.hpp:199:9: note: in expansion of macro â€˜CPPAD_COND_EXP_BASE_RELâ€™
  199 |         CPPAD_COND_EXP_BASE_REL(Type, Gt, CompareGt)
      |         ^~~~~~~~~~~~~~~~~~~~~~~
/home/spi085/R/x86_64-pc-linux-gnu-library/4.4/TMB/include/cppad/local/base_complex.hpp:105:9: note: in expansion of macro â€˜CPPAD_COND_EXP_RELâ€™
  105 |         CPPAD_COND_EXP_REL( std::complex<double> )
      |         ^~~~~~~~~~~~~~~~~~
/home/spi085/R/x86_64-pc-linux-gnu-library/4.4/TMB/include/cppad/local/base_cond_exp.hpp:174:21: note: candidate: â€˜std::complex<float> CppAD::CondExpGt(const std::complex<float>&, const std::complex<float>&, const std::complex<float>&, const std::complex<float>&)â€™
  174 |         inline Type CondExp##Rel(                        \
      |                     ^~~~~~~
/home/spi085/R/x86_64-pc-linux-gnu-library/4.4/TMB/include/cppad/local/base_cond_exp.hpp:199:9: note: in expansion of macro â€˜CPPAD_COND_EXP_BASE_RELâ€™
  199 |         CPPAD_COND_EXP_BASE_REL(Type, Gt, CompareGt)
      |         ^~~~~~~~~~~~~~~~~~~~~~~
/home/spi085/R/x86_64-pc-linux-gnu-library/4.4/TMB/include/cppad/local/base_complex.hpp:331:9: note: in expansion of macro â€˜CPPAD_COND_EXP_RELâ€™
  331 |         CPPAD_COND_EXP_REL( std::complex<float> )
      |         ^~~~~~~~~~~~~~~~~~
/home/spi085/R/x86_64-pc-linux-gnu-library/4.4/TMB/include/cppad/local/base_cond_exp.hpp:176:29: note:   no known conversion for argument 2 from â€˜CppAD::AD<double>â€™ to â€˜const std::complex<float>&â€™
  176 |                 const Type& right     ,                     \
      |                 ~~~~~~~~~~~~^~~~~
/home/spi085/R/x86_64-pc-linux-gnu-library/4.4/TMB/include/cppad/local/base_cond_exp.hpp:199:9: note: in expansion of macro â€˜CPPAD_COND_EXP_BASE_RELâ€™
  199 |         CPPAD_COND_EXP_BASE_REL(Type, Gt, CompareGt)
      |         ^~~~~~~~~~~~~~~~~~~~~~~
/home/spi085/R/x86_64-pc-linux-gnu-library/4.4/TMB/include/cppad/local/base_complex.hpp:331:9: note: in expansion of macro â€˜CPPAD_COND_EXP_RELâ€™
  331 |         CPPAD_COND_EXP_REL( std::complex<float> )
      |         ^~~~~~~~~~~~~~~~~~
POPULATIONS/POPULATION_0013/INDIVIDUAL_Y86BRKZF/model.cpp:79:34: error: no matching function for call to â€˜CondExpGt(bool, CppAD::AD<double>, CppAD::AD<double>, CppAD::AD<double>)â€™
   79 |   slow_pred(0) = CppAD::CondExpGt(CppAD::isnan(slow_dat(0)), Type(0.0),
      |                  ~~~~~~~~~~~~~~~~^~~~~~~~~~~~~~~~~~~~~~~~~~~~~~~~~~~~~~
   80 |                                   CppAD::CondExpGt(slow_dat(0), Type(0.0), slow_dat(0), Type(1e-8)), Type(1e-8)); // Initial slow coral cover (%)
      |                                   ~~~~~~~~~~~~~~~~~~~~~~~~~~~~~~~~~~~~~~~~~~~~~~~~~~~~~~~~~~~~~~~~~~~~~~~~~~~~~~
/home/spi085/R/x86_64-pc-linux-gnu-library/4.4/TMB/include/cppad/local/cond_exp.hpp:330:18: note: candidate: â€˜template<class Base> CppAD::AD<Base> CppAD::CondExpGt(const AD<Base>&, const AD<Base>&, const AD<Base>&, const AD<Base>&)â€™
  330 |         AD<Base> CondExp##Name(                                         \
      |                  ^~~~~~~
/home/spi085/R/x86_64-pc-linux-gnu-library/4.4/TMB/include/cppad/local/cond_exp.hpp:345:1: note: in expansion of macro â€˜CPPAD_COND_EXPâ€™
  345 | CPPAD_COND_EXP(Gt)
      | ^~~~~~~~~~~~~~
/home/spi085/R/x86_64-pc-linux-gnu-library/4.4/TMB/include/cppad/local/cond_exp.hpp:330:18: note:   template argument deduction/substitution failed:
  330 |         AD<Base> CondExp##Name(                                         \
      |                  ^~~~~~~
/home/spi085/R/x86_64-pc-linux-gnu-library/4.4/TMB/include/cppad/local/cond_exp.hpp:345:1: note: in expansion of macro â€˜CPPAD_COND_EXPâ€™
  345 | CPPAD_COND_EXP(Gt)
      | ^~~~~~~~~~~~~~
POPULATIONS/POPULATION_0013/INDIVIDUAL_Y86BRKZF/model.cpp:79:34: note:   mismatched types â€˜const CppAD::AD<Base>â€™ and â€˜boolâ€™
   79 |   slow_pred(0) = CppAD::CondExpGt(CppAD::isnan(slow_dat(0)), Type(0.0),
      |                  ~~~~~~~~~~~~~~~~^~~~~~~~~~~~~~~~~~~~~~~~~~~~~~~~~~~~~~
   80 |                                   CppAD::CondExpGt(slow_dat(0), Type(0.0), slow_dat(0), Type(1e-8)), Type(1e-8)); // Initial slow coral cover (%)
      |                                   ~~~~~~~~~~~~~~~~~~~~~~~~~~~~~~~~~~~~~~~~~~~~~~~~~~~~~~~~~~~~~~~~~~~~~~~~~~~~~~
/home/spi085/R/x86_64-pc-linux-gnu-library/4.4/TMB/include/cppad/local/base_cond_exp.hpp:174:21: note: candidate: â€˜float CppAD::CondExpGt(const float&, const float&, const float&, const float&)â€™
  174 |         inline Type CondExp##Rel(                        \
      |                     ^~~~~~~
/home/spi085/R/x86_64-pc-linux-gnu-library/4.4/TMB/include/cppad/local/base_cond_exp.hpp:199:9: note: in expansion of macro â€˜CPPAD_COND_EXP_BASE_RELâ€™
  199 |         CPPAD_COND_EXP_BASE_REL(Type, Gt, CompareGt)
      |         ^~~~~~~~~~~~~~~~~~~~~~~
/home/spi085/R/x86_64-pc-linux-gnu-library/4.4/TMB/include/cppad/local/base_float.hpp:72:9: note: in expansion of macro â€˜CPPAD_COND_EXP_RELâ€™
   72 |         CPPAD_COND_EXP_REL(float)
      |         ^~~~~~~~~~~~~~~~~~
/home/spi085/R/x86_64-pc-linux-gnu-library/4.4/TMB/include/cppad/local/base_cond_exp.hpp:176:29: note:   no known conversion for argument 2 from â€˜CppAD::AD<double>â€™ to â€˜const float&â€™
  176 |                 const Type& right     ,                     \
      |                 ~~~~~~~~~~~~^~~~~
/home/spi085/R/x86_64-pc-linux-gnu-library/4.4/TMB/include/cppad/local/base_cond_exp.hpp:199:9: note: in expansion of macro â€˜CPPAD_COND_EXP_BASE_RELâ€™
  199 |         CPPAD_COND_EXP_BASE_REL(Type, Gt, CompareGt)
      |         ^~~~~~~~~~~~~~~~~~~~~~~
/home/spi085/R/x86_64-pc-linux-gnu-library/4.4/TMB/include/cppad/local/base_float.hpp:72:9: note: in expansion of macro â€˜CPPAD_COND_EXP_RELâ€™
   72 |         CPPAD_COND_EXP_REL(float)
      |         ^~~~~~~~~~~~~~~~~~
/home/spi085/R/x86_64-pc-linux-gnu-library/4.4/TMB/include/cppad/local/base_cond_exp.hpp:174:21: note: candidate: â€˜double CppAD::CondExpGt(const double&, const double&, const double&, const double&)â€™
  174 |         inline Type CondExp##Rel(                        \
      |                     ^~~~~~~
/home/spi085/R/x86_64-pc-linux-gnu-library/4.4/TMB/include/cppad/local/base_cond_exp.hpp:199:9: note: in expansion of macro â€˜CPPAD_COND_EXP_BASE_RELâ€™
  199 |         CPPAD_COND_EXP_BASE_REL(Type, Gt, CompareGt)
      |         ^~~~~~~~~~~~~~~~~~~~~~~
/home/spi085/R/x86_64-pc-linux-gnu-library/4.4/TMB/include/cppad/local/base_double.hpp:72:9: note: in expansion of macro â€˜CPPAD_COND_EXP_RELâ€™
   72 |         CPPAD_COND_EXP_REL(double)
      |         ^~~~~~~~~~~~~~~~~~
/home/spi085/R/x86_64-pc-linux-gnu-library/4.4/TMB/include/cppad/local/base_cond_exp.hpp:176:29: note:   no known conversion for argument 2 from â€˜CppAD::AD<double>â€™ to â€˜const double&â€™
  176 |                 const Type& right     ,                     \
      |                 ~~~~~~~~~~~~^~~~~
/home/spi085/R/x86_64-pc-linux-gnu-library/4.4/TMB/include/cppad/local/base_cond_exp.hpp:199:9: note: in expansion of macro â€˜CPPAD_COND_EXP_BASE_RELâ€™
  199 |         CPPAD_COND_EXP_BASE_REL(Type, Gt, CompareGt)
      |         ^~~~~~~~~~~~~~~~~~~~~~~
/home/spi085/R/x86_64-pc-linux-gnu-library/4.4/TMB/include/cppad/local/base_double.hpp:72:9: note: in expansion of macro â€˜CPPAD_COND_EXP_RELâ€™
   72 |         CPPAD_COND_EXP_REL(double)
      |         ^~~~~~~~~~~~~~~~~~
/home/spi085/R/x86_64-pc-linux-gnu-library/4.4/TMB/include/cppad/local/base_cond_exp.hpp:174:21: note: candidate: â€˜std::complex<double> CppAD::CondExpGt(const std::complex<double>&, const std::complex<double>&, const std::complex<double>&, const std::complex<double>&)â€™
  174 |         inline Type CondExp##Rel(                        \
      |                     ^~~~~~~
/home/spi085/R/x86_64-pc-linux-gnu-library/4.4/TMB/include/cppad/local/base_cond_exp.hpp:199:9: note: in expansion of macro â€˜CPPAD_COND_EXP_BASE_RELâ€™
  199 |         CPPAD_COND_EXP_BASE_REL(Type, Gt, CompareGt)
      |         ^~~~~~~~~~~~~~~~~~~~~~~
/home/spi085/R/x86_64-pc-linux-gnu-library/4.4/TMB/include/cppad/local/base_complex.hpp:105:9: note: in expansion of macro â€˜CPPAD_COND_EXP_RELâ€™
  105 |         CPPAD_COND_EXP_REL( std::complex<double> )
      |         ^~~~~~~~~~~~~~~~~~
/home/spi085/R/x86_64-pc-linux-gnu-library/4.4/TMB/include/cppad/local/base_cond_exp.hpp:176:29: note:   no known conversion for argument 2 from â€˜CppAD::AD<double>â€™ to â€˜const std::complex<double>&â€™
  176 |                 const Type& right     ,                     \
      |                 ~~~~~~~~~~~~^~~~~
/home/spi085/R/x86_64-pc-linux-gnu-library/4.4/TMB/include/cppad/local/base_cond_exp.hpp:199:9: note: in expansion of macro â€˜CPPAD_COND_EXP_BASE_RELâ€™
  199 |         CPPAD_COND_EXP_BASE_REL(Type, Gt, CompareGt)
      |         ^~~~~~~~~~~~~~~~~~~~~~~
/home/spi085/R/x86_64-pc-linux-gnu-library/4.4/TMB/include/cppad/local/base_complex.hpp:105:9: note: in expansion of macro â€˜CPPAD_COND_EXP_RELâ€™
  105 |         CPPAD_COND_EXP_REL( std::complex<double> )
      |         ^~~~~~~~~~~~~~~~~~
/home/spi085/R/x86_64-pc-linux-gnu-library/4.4/TMB/include/cppad/local/base_cond_exp.hpp:174:21: note: candidate: â€˜std::complex<float> CppAD::CondExpGt(const std::complex<float>&, const std::complex<float>&, const std::complex<float>&, const std::complex<float>&)â€™
  174 |         inline Type CondExp##Rel(                        \
      |                     ^~~~~~~
/home/spi085/R/x86_64-pc-linux-gnu-library/4.4/TMB/include/cppad/local/base_cond_exp.hpp:199:9: note: in expansion of macro â€˜CPPAD_COND_EXP_BASE_RELâ€™
  199 |         CPPAD_COND_EXP_BASE_REL(Type, Gt, CompareGt)
      |         ^~~~~~~~~~~~~~~~~~~~~~~
/home/spi085/R/x86_64-pc-linux-gnu-library/4.4/TMB/include/cppad/local/base_complex.hpp:331:9: note: in expansion of macro â€˜CPPAD_COND_EXP_RELâ€™
  331 |         CPPAD_COND_EXP_REL( std::complex<float> )
      |         ^~~~~~~~~~~~~~~~~~
/home/spi085/R/x86_64-pc-linux-gnu-library/4.4/TMB/include/cppad/local/base_cond_exp.hpp:176:29: note:   no known conversion for argument 2 from â€˜CppAD::AD<double>â€™ to â€˜const std::complex<float>&â€™
  176 |                 const Type& right     ,                     \
      |                 ~~~~~~~~~~~~^~~~~
/home/spi085/R/x86_64-pc-linux-gnu-library/4.4/TMB/include/cppad/local/base_cond_exp.hpp:199:9: note: in expansion of macro â€˜CPPAD_COND_EXP_BASE_RELâ€™
  199 |         CPPAD_COND_EXP_BASE_REL(Type, Gt, CompareGt)
      |         ^~~~~~~~~~~~~~~~~~~~~~~
/home/spi085/R/x86_64-pc-linux-gnu-library/4.4/TMB/include/cppad/local/base_complex.hpp:331:9: note: in expansion of macro â€˜CPPAD_COND_EXP_RELâ€™
  331 |         CPPAD_COND_EXP_REL( std::complex<float> )
      |         ^~~~~~~~~~~~~~~~~~
POPULATIONS/POPULATION_0013/INDIVIDUAL_Y86BRKZF/model.cpp: In instantiation of â€˜Type objective_function<Type>::operator()() [with Type = CppAD::AD<CppAD::AD<double> >]â€™:
/home/spi085/R/x86_64-pc-linux-gnu-library/4.4/TMB/include/tmb_core.hpp:917:29:   required from â€˜Type objective_function<Type>::evalUserTemplate() [with Type = CppAD::AD<CppAD::AD<double> >]â€™
/home/spi085/R/x86_64-pc-linux-gnu-library/4.4/TMB/include/tmb_core.hpp:2116:26:   required from here
POPULATIONS/POPULATION_0013/INDIVIDUAL_Y86BRKZF/model.cpp:75:34: error: no matching function for call to â€˜CondExpGt(bool, CppAD::AD<CppAD::AD<double> >, CppAD::AD<CppAD::AD<double> >, CppAD::AD<CppAD::AD<double> >)â€™
   75 |   cots_pred(0) = CppAD::CondExpGt(CppAD::isnan(cots_dat(0)), Type(0.0),
      |                  ~~~~~~~~~~~~~~~~^~~~~~~~~~~~~~~~~~~~~~~~~~~~~~~~~~~~~~
   76 |                                   CppAD::CondExpGt(cots_dat(0), Type(0.0), cots_dat(0), Type(1e-8)), Type(1e-8)); // Initial COTS abundance (ind/m^2)
      |                                   ~~~~~~~~~~~~~~~~~~~~~~~~~~~~~~~~~~~~~~~~~~~~~~~~~~~~~~~~~~~~~~~~~~~~~~~~~~~~~~
/home/spi085/R/x86_64-pc-linux-gnu-library/4.4/TMB/include/cppad/local/cond_exp.hpp:330:18: note: candidate: â€˜template<class Base> CppAD::AD<Base> CppAD::CondExpGt(const AD<Base>&, const AD<Base>&, const AD<Base>&, const AD<Base>&)â€™
  330 |         AD<Base> CondExp##Name(                                         \
      |                  ^~~~~~~
/home/spi085/R/x86_64-pc-linux-gnu-library/4.4/TMB/include/cppad/local/cond_exp.hpp:345:1: note: in expansion of macro â€˜CPPAD_COND_EXPâ€™
  345 | CPPAD_COND_EXP(Gt)
      | ^~~~~~~~~~~~~~
/home/spi085/R/x86_64-pc-linux-gnu-library/4.4/TMB/include/cppad/local/cond_exp.hpp:330:18: note:   template argument deduction/substitution failed:
  330 |         AD<Base> CondExp##Name(                                         \
      |                  ^~~~~~~
/home/spi085/R/x86_64-pc-linux-gnu-library/4.4/TMB/include/cppad/local/cond_exp.hpp:345:1: note: in expansion of macro â€˜CPPAD_COND_EXPâ€™
  345 | CPPAD_COND_EXP(Gt)
      | ^~~~~~~~~~~~~~
POPULATIONS/POPULATION_0013/INDIVIDUAL_Y86BRKZF/model.cpp:75:34: note:   mismatched types â€˜const CppAD::AD<Base>â€™ and â€˜boolâ€™
   75 |   cots_pred(0) = CppAD::CondExpGt(CppAD::isnan(cots_dat(0)), Type(0.0),
      |                  ~~~~~~~~~~~~~~~~^~~~~~~~~~~~~~~~~~~~~~~~~~~~~~~~~~~~~~
   76 |                                   CppAD::CondExpGt(cots_dat(0), Type(0.0), cots_dat(0), Type(1e-8)), Type(1e-8)); // Initial COTS abundance (ind/m^2)
      |                                   ~~~~~~~~~~~~~~~~~~~~~~~~~~~~~~~~~~~~~~~~~~~~~~~~~~~~~~~~~~~~~~~~~~~~~~~~~~~~~~
/home/spi085/R/x86_64-pc-linux-gnu-library/4.4/TMB/include/cppad/local/base_cond_exp.hpp:174:21: note: candidate: â€˜float CppAD::CondExpGt(const float&, const float&, const float&, const float&)â€™
  174 |         inline Type CondExp##Rel(                        \
      |                     ^~~~~~~
/home/spi085/R/x86_64-pc-linux-gnu-library/4.4/TMB/include/cppad/local/base_cond_exp.hpp:199:9: note: in expansion of macro â€˜CPPAD_COND_EXP_BASE_RELâ€™
  199 |         CPPAD_COND_EXP_BASE_REL(Type, Gt, CompareGt)
      |         ^~~~~~~~~~~~~~~~~~~~~~~
/home/spi085/R/x86_64-pc-linux-gnu-library/4.4/TMB/include/cppad/local/base_float.hpp:72:9: note: in expansion of macro â€˜CPPAD_COND_EXP_RELâ€™
   72 |         CPPAD_COND_EXP_REL(float)
      |         ^~~~~~~~~~~~~~~~~~
/home/spi085/R/x86_64-pc-linux-gnu-library/4.4/TMB/include/cppad/local/base_cond_exp.hpp:176:29: note:   no known conversion for argument 2 from â€˜CppAD::AD<CppAD::AD<double> >â€™ to â€˜const float&â€™
  176 |                 const Type& right     ,                     \
      |                 ~~~~~~~~~~~~^~~~~
/home/spi085/R/x86_64-pc-linux-gnu-library/4.4/TMB/include/cppad/local/base_cond_exp.hpp:199:9: note: in expansion of macro â€˜CPPAD_COND_EXP_BASE_RELâ€™
  199 |         CPPAD_COND_EXP_BASE_REL(Type, Gt, CompareGt)
      |         ^~~~~~~~~~~~~~~~~~~~~~~
/home/spi085/R/x86_64-pc-linux-gnu-library/4.4/TMB/include/cppad/local/base_float.hpp:72:9: note: in expansion of macro â€˜CPPAD_COND_EXP_RELâ€™
   72 |         CPPAD_COND_EXP_REL(float)
      |         ^~~~~~~~~~~~~~~~~~
/home/spi085/R/x86_64-pc-linux-gnu-library/4.4/TMB/include/cppad/local/base_cond_exp.hpp:174:21: note: candidate: â€˜double CppAD::CondExpGt(const double&, const double&, const double&, const double&)â€™
  174 |         inline Type CondExp##Rel(                        \
      |                     ^~~~~~~
/home/spi085/R/x86_64-pc-linux-gnu-library/4.4/TMB/include/cppad/local/base_cond_exp.hpp:199:9: note: in expansion of macro â€˜CPPAD_COND_EXP_BASE_RELâ€™
  199 |         CPPAD_COND_EXP_BASE_REL(Type, Gt, CompareGt)
      |         ^~~~~~~~~~~~~~~~~~~~~~~
/home/spi085/R/x86_64-pc-linux-gnu-library/4.4/TMB/include/cppad/local/base_double.hpp:72:9: note: in expansion of macro â€˜CPPAD_COND_EXP_RELâ€™
   72 |         CPPAD_COND_EXP_REL(double)
      |         ^~~~~~~~~~~~~~~~~~
/home/spi085/R/x86_64-pc-linux-gnu-library/4.4/TMB/include/cppad/local/base_cond_exp.hpp:176:29: note:   no known conversion for argument 2 from â€˜CppAD::AD<CppAD::AD<double> >â€™ to â€˜const double&â€™
  176 |                 const Type& right     ,                     \
      |                 ~~~~~~~~~~~~^~~~~
/home/spi085/R/x86_64-pc-linux-gnu-library/4.4/TMB/include/cppad/local/base_cond_exp.hpp:199:9: note: in expansion of macro â€˜CPPAD_COND_EXP_BASE_RELâ€™
  199 |         CPPAD_COND_EXP_BASE_REL(Type, Gt, CompareGt)
      |         ^~~~~~~~~~~~~~~~~~~~~~~
/home/spi085/R/x86_64-pc-linux-gnu-library/4.4/TMB/include/cppad/local/base_double.hpp:72:9: note: in expansion of macro â€˜CPPAD_COND_EXP_RELâ€™
   72 |         CPPAD_COND_EXP_REL(double)
      |         ^~~~~~~~~~~~~~~~~~
/home/spi085/R/x86_64-pc-linux-gnu-library/4.4/TMB/include/cppad/local/base_cond_exp.hpp:174:21: note: candidate: â€˜std::complex<double> CppAD::CondExpGt(const std::complex<double>&, const std::complex<double>&, const std::complex<double>&, const std::complex<double>&)â€™
  174 |         inline Type CondExp##Rel(                        \
      |                     ^~~~~~~
/home/spi085/R/x86_64-pc-linux-gnu-library/4.4/TMB/include/cppad/local/base_cond_exp.hpp:199:9: note: in expansion of macro â€˜CPPAD_COND_EXP_BASE_RELâ€™
  199 |         CPPAD_COND_EXP_BASE_REL(Type, Gt, CompareGt)
      |         ^~~~~~~~~~~~~~~~~~~~~~~
/home/spi085/R/x86_64-pc-linux-gnu-library/4.4/TMB/include/cppad/local/base_complex.hpp:105:9: note: in expansion of macro â€˜CPPAD_COND_EXP_RELâ€™
  105 |         CPPAD_COND_EXP_REL( std::complex<double> )
      |         ^~~~~~~~~~~~~~~~~~
/home/spi085/R/x86_64-pc-linux-gnu-library/4.4/TMB/include/cppad/local/base_cond_exp.hpp:176:29: note:   no known conversion for argument 2 from â€˜CppAD::AD<CppAD::AD<double> >â€™ to â€˜const std::complex<double>&â€™
  176 |                 const Type& right     ,                     \
      |                 ~~~~~~~~~~~~^~~~~
/home/spi085/R/x86_64-pc-linux-gnu-library/4.4/TMB/include/cppad/local/base_cond_exp.hpp:199:9: note: in expansion of macro â€˜CPPAD_COND_EXP_BASE_RELâ€™
  199 |         CPPAD_COND_EXP_BASE_REL(Type, Gt, CompareGt)
      |         ^~~~~~~~~~~~~~~~~~~~~~~
/home/spi085/R/x86_64-pc-linux-gnu-library/4.4/TMB/include/cppad/local/base_complex.hpp:105:9: note: in expansion of macro â€˜CPPAD_COND_EXP_RELâ€™
  105 |         CPPAD_COND_EXP_REL( std::complex<double> )
      |         ^~~~~~~~~~~~~~~~~~
/home/spi085/R/x86_64-pc-linux-gnu-library/4.4/TMB/include/cppad/local/base_cond_exp.hpp:174:21: note: candidate: â€˜std::complex<float> CppAD::CondExpGt(const std::complex<float>&, const std::complex<float>&, const std::complex<float>&, const std::complex<float>&)â€™
  174 |         inline Type CondExp##Rel(                        \
      |                     ^~~~~~~
/home/spi085/R/x86_64-pc-linux-gnu-library/4.4/TMB/include/cppad/local/base_cond_exp.hpp:199:9: note: in expansion of macro â€˜CPPAD_COND_EXP_BASE_RELâ€™
  199 |         CPPAD_COND_EXP_BASE_REL(Type, Gt, CompareGt)
      |         ^~~~~~~~~~~~~~~~~~~~~~~
/home/spi085/R/x86_64-pc-linux-gnu-library/4.4/TMB/include/cppad/local/base_complex.hpp:331:9: note: in expansion of macro â€˜CPPAD_COND_EXP_RELâ€™
  331 |         CPPAD_COND_EXP_REL( std::complex<float> )
      |         ^~~~~~~~~~~~~~~~~~
/home/spi085/R/x86_64-pc-linux-gnu-library/4.4/TMB/include/cppad/local/base_cond_exp.hpp:176:29: note:   no known conversion for argument 2 from â€˜CppAD::AD<CppAD::AD<double> >â€™ to â€˜const std::complex<float>&â€™
  176 |                 const Type& right     ,                     \
      |                 ~~~~~~~~~~~~^~~~~
/home/spi085/R/x86_64-pc-linux-gnu-library/4.4/TMB/include/cppad/local/base_cond_exp.hpp:199:9: note: in expansion of macro â€˜CPPAD_COND_EXP_BASE_RELâ€™
  199 |         CPPAD_COND_EXP_BASE_REL(Type, Gt, CompareGt)
      |         ^~~~~~~~~~~~~~~~~~~~~~~
/home/spi085/R/x86_64-pc-linux-gnu-library/4.4/TMB/include/cppad/local/base_complex.hpp:331:9: note: in expansion of macro â€˜CPPAD_COND_EXP_RELâ€™
  331 |         CPPAD_COND_EXP_REL( std::complex<float> )
      |         ^~~~~~~~~~~~~~~~~~
POPULATIONS/POPULATION_0013/INDIVIDUAL_Y86BRKZF/model.cpp:77:34: error: no matching function for call to â€˜CondExpGt(bool, CppAD::AD<CppAD::AD<double> >, CppAD::AD<CppAD::AD<double> >, CppAD::AD<CppAD::AD<double> >)â€™
   77 |   fast_pred(0) = CppAD::CondExpGt(CppAD::isnan(fast_dat(0)), Type(0.0),
      |                  ~~~~~~~~~~~~~~~~^~~~~~~~~~~~~~~~~~~~~~~~~~~~~~~~~~~~~~
   78 |                                   CppAD::CondExpGt(fast_dat(0), Type(0.0), fast_dat(0), Type(1e-8)), Type(1e-8)); // Initial fast coral cover (%)
      |                                   ~~~~~~~~~~~~~~~~~~~~~~~~~~~~~~~~~~~~~~~~~~~~~~~~~~~~~~~~~~~~~~~~~~~~~~~~~~~~~~
/home/spi085/R/x86_64-pc-linux-gnu-library/4.4/TMB/include/cppad/local/cond_exp.hpp:330:18: note: candidate: â€˜template<class Base> CppAD::AD<Base> CppAD::CondExpGt(const AD<Base>&, const AD<Base>&, const AD<Base>&, const AD<Base>&)â€™
  330 |         AD<Base> CondExp##Name(                                         \
      |                  ^~~~~~~
/home/spi085/R/x86_64-pc-linux-gnu-library/4.4/TMB/include/cppad/local/cond_exp.hpp:345:1: note: in expansion of macro â€˜CPPAD_COND_EXPâ€™
  345 | CPPAD_COND_EXP(Gt)
      | ^~~~~~~~~~~~~~
/home/spi085/R/x86_64-pc-linux-gnu-library/4.4/TMB/include/cppad/local/cond_exp.hpp:330:18: note:   template argument deduction/substitution failed:
  330 |         AD<Base> CondExp##Name(                                         \
      |                  ^~~~~~~
/home/spi085/R/x86_64-pc-linux-gnu-library/4.4/TMB/include/cppad/local/cond_exp.hpp:345:1: note: in expansion of macro â€˜CPPAD_COND_EXPâ€™
  345 | CPPAD_COND_EXP(Gt)
      | ^~~~~~~~~~~~~~
POPULATIONS/POPULATION_0013/INDIVIDUAL_Y86BRKZF/model.cpp:77:34: note:   mismatched types â€˜const CppAD::AD<Base>â€™ and â€˜boolâ€™
   77 |   fast_pred(0) = CppAD::CondExpGt(CppAD::isnan(fast_dat(0)), Type(0.0),
      |                  ~~~~~~~~~~~~~~~~^~~~~~~~~~~~~~~~~~~~~~~~~~~~~~~~~~~~~~
   78 |                                   CppAD::CondExpGt(fast_dat(0), Type(0.0), fast_dat(0), Type(1e-8)), Type(1e-8)); // Initial fast coral cover (%)
      |                                   ~~~~~~~~~~~~~~~~~~~~~~~~~~~~~~~~~~~~~~~~~~~~~~~~~~~~~~~~~~~~~~~~~~~~~~~~~~~~~~
/home/spi085/R/x86_64-pc-linux-gnu-library/4.4/TMB/include/cppad/local/base_cond_exp.hpp:174:21: note: candidate: â€˜float CppAD::CondExpGt(const float&, const float&, const float&, const float&)â€™
  174 |         inline Type CondExp##Rel(                        \
      |                     ^~~~~~~
/home/spi085/R/x86_64-pc-linux-gnu-library/4.4/TMB/include/cppad/local/base_cond_exp.hpp:199:9: note: in expansion of macro â€˜CPPAD_COND_EXP_BASE_RELâ€™
  199 |         CPPAD_COND_EXP_BASE_REL(Type, Gt, CompareGt)
      |         ^~~~~~~~~~~~~~~~~~~~~~~
/home/spi085/R/x86_64-pc-linux-gnu-library/4.4/TMB/include/cppad/local/base_float.hpp:72:9: note: in expansion of macro â€˜CPPAD_COND_EXP_RELâ€™
   72 |         CPPAD_COND_EXP_REL(float)
      |         ^~~~~~~~~~~~~~~~~~
/home/spi085/R/x86_64-pc-linux-gnu-library/4.4/TMB/include/cppad/local/base_cond_exp.hpp:176:29: note:   no known conversion for argument 2 from â€˜CppAD::AD<CppAD::AD<double> >â€™ to â€˜const float&â€™
  176 |                 const Type& right     ,                     \
      |                 ~~~~~~~~~~~~^~~~~
/home/spi085/R/x86_64-pc-linux-gnu-library/4.4/TMB/include/cppad/local/base_cond_exp.hpp:199:9: note: in expansion of macro â€˜CPPAD_COND_EXP_BASE_RELâ€™
  199 |         CPPAD_COND_EXP_BASE_REL(Type, Gt, CompareGt)
      |         ^~~~~~~~~~~~~~~~~~~~~~~
/home/spi085/R/x86_64-pc-linux-gnu-library/4.4/TMB/include/cppad/local/base_float.hpp:72:9: note: in expansion of macro â€˜CPPAD_COND_EXP_RELâ€™
   72 |         CPPAD_COND_EXP_REL(float)
      |         ^~~~~~~~~~~~~~~~~~
/home/spi085/R/x86_64-pc-linux-gnu-library/4.4/TMB/include/cppad/local/base_cond_exp.hpp:174:21: note: candidate: â€˜double CppAD::CondExpGt(const double&, const double&, const double&, const double&)â€™
  174 |         inline Type CondExp##Rel(                        \
      |                     ^~~~~~~
/home/spi085/R/x86_64-pc-linux-gnu-library/4.4/TMB/include/cppad/local/base_cond_exp.hpp:199:9: note: in expansion of macro â€˜CPPAD_COND_EXP_BASE_RELâ€™
  199 |         CPPAD_COND_EXP_BASE_REL(Type, Gt, CompareGt)
      |         ^~~~~~~~~~~~~~~~~~~~~~~
/home/spi085/R/x86_64-pc-linux-gnu-library/4.4/TMB/include/cppad/local/base_double.hpp:72:9: note: in expansion of macro â€˜CPPAD_COND_EXP_RELâ€™
   72 |         CPPAD_COND_EXP_REL(double)
      |         ^~~~~~~~~~~~~~~~~~
/home/spi085/R/x86_64-pc-linux-gnu-library/4.4/TMB/include/cppad/local/base_cond_exp.hpp:176:29: note:   no known conversion for argument 2 from â€˜CppAD::AD<CppAD::AD<double> >â€™ to â€˜const double&â€™
  176 |                 const Type& right     ,                     \
      |                 ~~~~~~~~~~~~^~~~~
/home/spi085/R/x86_64-pc-linux-gnu-library/4.4/TMB/include/cppad/local/base_cond_exp.hpp:199:9: note: in expansion of macro â€˜CPPAD_COND_EXP_BASE_RELâ€™
  199 |         CPPAD_COND_EXP_BASE_REL(Type, Gt, CompareGt)
      |         ^~~~~~~~~~~~~~~~~~~~~~~
/home/spi085/R/x86_64-pc-linux-gnu-library/4.4/TMB/include/cppad/local/base_double.hpp:72:9: note: in expansion of macro â€˜CPPAD_COND_EXP_RELâ€™
   72 |         CPPAD_COND_EXP_REL(double)
      |         ^~~~~~~~~~~~~~~~~~
/home/spi085/R/x86_64-pc-linux-gnu-library/4.4/TMB/include/cppad/local/base_cond_exp.hpp:174:21: note: candidate: â€˜std::complex<double> CppAD::CondExpGt(const std::complex<double>&, const std::complex<double>&, const std::complex<double>&, const std::complex<double>&)â€™
  174 |         inline Type CondExp##Rel(                        \
      |                     ^~~~~~~
/home/spi085/R/x86_64-pc-linux-gnu-library/4.4/TMB/include/cppad/local/base_cond_exp.hpp:199:9: note: in expansion of macro â€˜CPPAD_COND_EXP_BASE_RELâ€™
  199 |         CPPAD_COND_EXP_BASE_REL(Type, Gt, CompareGt)
      |         ^~~~~~~~~~~~~~~~~~~~~~~
/home/spi085/R/x86_64-pc-linux-gnu-library/4.4/TMB/include/cppad/local/base_complex.hpp:105:9: note: in expansion of macro â€˜CPPAD_COND_EXP_RELâ€™
  105 |         CPPAD_COND_EXP_REL( std::complex<double> )
      |         ^~~~~~~~~~~~~~~~~~
/home/spi085/R/x86_64-pc-linux-gnu-library/4.4/TMB/include/cppad/local/base_cond_exp.hpp:176:29: note:   no known conversion for argument 2 from â€˜CppAD::AD<CppAD::AD<double> >â€™ to â€˜const std::complex<double>&â€™
  176 |                 const Type& right     ,                     \
      |                 ~~~~~~~~~~~~^~~~~
/home/spi085/R/x86_64-pc-linux-gnu-library/4.4/TMB/include/cppad/local/base_cond_exp.hpp:199:9: note: in expansion of macro â€˜CPPAD_COND_EXP_BASE_RELâ€™
  199 |         CPPAD_COND_EXP_BASE_REL(Type, Gt, CompareGt)
      |         ^~~~~~~~~~~~~~~~~~~~~~~
/home/spi085/R/x86_64-pc-linux-gnu-library/4.4/TMB/include/cppad/local/base_complex.hpp:105:9: note: in expansion of macro â€˜CPPAD_COND_EXP_RELâ€™
  105 |         CPPAD_COND_EXP_REL( std::complex<double> )
      |         ^~~~~~~~~~~~~~~~~~
/home/spi085/R/x86_64-pc-linux-gnu-library/4.4/TMB/include/cppad/local/base_cond_exp.hpp:174:21: note: candidate: â€˜std::complex<float> CppAD::CondExpGt(const std::complex<float>&, const std::complex<float>&, const std::complex<float>&, const std::complex<float>&)â€™
  174 |         inline Type CondExp##Rel(                        \
      |                     ^~~~~~~
/home/spi085/R/x86_64-pc-linux-gnu-library/4.4/TMB/include/cppad/local/base_cond_exp.hpp:199:9: note: in expansion of macro â€˜CPPAD_COND_EXP_BASE_RELâ€™
  199 |         CPPAD_COND_EXP_BASE_REL(Type, Gt, CompareGt)
      |         ^~~~~~~~~~~~~~~~~~~~~~~
/home/spi085/R/x86_64-pc-linux-gnu-library/4.4/TMB/include/cppad/local/base_complex.hpp:331:9: note: in expansion of macro â€˜CPPAD_COND_EXP_RELâ€™
  331 |         CPPAD_COND_EXP_REL( std::complex<float> )
      |         ^~~~~~~~~~~~~~~~~~
/home/spi085/R/x86_64-pc-linux-gnu-library/4.4/TMB/include/cppad/local/base_cond_exp.hpp:176:29: note:   no known conversion for argument 2 from â€˜CppAD::AD<CppAD::AD<double> >â€™ to â€˜const std::complex<float>&â€™
  176 |                 const Type& right     ,                     \
      |                 ~~~~~~~~~~~~^~~~~
/home/spi085/R/x86_64-pc-linux-gnu-library/4.4/TMB/include/cppad/local/base_cond_exp.hpp:199:9: note: in expansion of macro â€˜CPPAD_COND_EXP_BASE_RELâ€™
  199 |         CPPAD_COND_EXP_BASE_REL(Type, Gt, CompareGt)
      |         ^~~~~~~~~~~~~~~~~~~~~~~
/home/spi085/R/x86_64-pc-linux-gnu-library/4.4/TMB/include/cppad/local/base_complex.hpp:331:9: note: in expansion of macro â€˜CPPAD_COND_EXP_RELâ€™
  331 |         CPPAD_COND_EXP_REL( std::complex<float> )
      |         ^~~~~~~~~~~~~~~~~~
POPULATIONS/POPULATION_0013/INDIVIDUAL_Y86BRKZF/model.cpp:79:34: error: no matching function for call to â€˜CondExpGt(bool, CppAD::AD<CppAD::AD<double> >, CppAD::AD<CppAD::AD<double> >, CppAD::AD<CppAD::AD<double> >)â€™
   79 |   slow_pred(0) = CppAD::CondExpGt(CppAD::isnan(slow_dat(0)), Type(0.0),
      |                  ~~~~~~~~~~~~~~~~^~~~~~~~~~~~~~~~~~~~~~~~~~~~~~~~~~~~~~
   80 |                                   CppAD::CondExpGt(slow_dat(0), Type(0.0), slow_dat(0), Type(1e-8)), Type(1e-8)); // Initial slow coral cover (%)
      |                                   ~~~~~~~~~~~~~~~~~~~~~~~~~~~~~~~~~~~~~~~~~~~~~~~~~~~~~~~~~~~~~~~~~~~~~~~~~~~~~~
/home/spi085/R/x86_64-pc-linux-gnu-library/4.4/TMB/include/cppad/local/cond_exp.hpp:330:18: note: candidate: â€˜template<class Base> CppAD::AD<Base> CppAD::CondExpGt(const AD<Base>&, const AD<Base>&, const AD<Base>&, const AD<Base>&)â€™
  330 |         AD<Base> CondExp##Name(                                         \
      |                  ^~~~~~~
/home/spi085/R/x86_64-pc-linux-gnu-library/4.4/TMB/include/cppad/local/cond_exp.hpp:345:1: note: in expansion of macro â€˜CPPAD_COND_EXPâ€™
  345 | CPPAD_COND_EXP(Gt)
      | ^~~~~~~~~~~~~~
/home/spi085/R/x86_64-pc-linux-gnu-library/4.4/TMB/include/cppad/local/cond_exp.hpp:330:18: note:   template argument deduction/substitution failed:
  330 |         AD<Base> CondExp##Name(                                         \
      |                  ^~~~~~~
/home/spi085/R/x86_64-pc-linux-gnu-library/4.4/TMB/include/cppad/local/cond_exp.hpp:345:1: note: in expansion of macro â€˜CPPAD_COND_EXPâ€™
  345 | CPPAD_COND_EXP(Gt)
      | ^~~~~~~~~~~~~~
POPULATIONS/POPULATION_0013/INDIVIDUAL_Y86BRKZF/model.cpp:79:34: note:   mismatched types â€˜const CppAD::AD<Base>â€™ and â€˜boolâ€™
   79 |   slow_pred(0) = CppAD::CondExpGt(CppAD::isnan(slow_dat(0)), Type(0.0),
      |                  ~~~~~~~~~~~~~~~~^~~~~~~~~~~~~~~~~~~~~~~~~~~~~~~~~~~~~~
   80 |                                   CppAD::CondExpGt(slow_dat(0), Type(0.0), slow_dat(0), Type(1e-8)), Type(1e-8)); // Initial slow coral cover (%)
      |                                   ~~~~~~~~~~~~~~~~~~~~~~~~~~~~~~~~~~~~~~~~~~~~~~~~~~~~~~~~~~~~~~~~~~~~~~~~~~~~~~
/home/spi085/R/x86_64-pc-linux-gnu-library/4.4/TMB/include/cppad/local/base_cond_exp.hpp:174:21: note: candidate: â€˜float CppAD::CondExpGt(const float&, const float&, const float&, const float&)â€™
  174 |         inline Type CondExp##Rel(                        \
      |                     ^~~~~~~
/home/spi085/R/x86_64-pc-linux-gnu-library/4.4/TMB/include/cppad/local/base_cond_exp.hpp:199:9: note: in expansion of macro â€˜CPPAD_COND_EXP_BASE_RELâ€™
  199 |         CPPAD_COND_EXP_BASE_REL(Type, Gt, CompareGt)
      |         ^~~~~~~~~~~~~~~~~~~~~~~
/home/spi085/R/x86_64-pc-linux-gnu-library/4.4/TMB/include/cppad/local/base_float.hpp:72:9: note: in expansion of macro â€˜CPPAD_COND_EXP_RELâ€™
   72 |         CPPAD_COND_EXP_REL(float)
      |         ^~~~~~~~~~~~~~~~~~
/home/spi085/R/x86_64-pc-linux-gnu-library/4.4/TMB/include/cppad/local/base_cond_exp.hpp:176:29: note:   no known conversion for argument 2 from â€˜CppAD::AD<CppAD::AD<double> >â€™ to â€˜const float&â€™
  176 |                 const Type& right     ,                     \
      |                 ~~~~~~~~~~~~^~~~~
/home/spi085/R/x86_64-pc-linux-gnu-library/4.4/TMB/include/cppad/local/base_cond_exp.hpp:199:9: note: in expansion of macro â€˜CPPAD_COND_EXP_BASE_RELâ€™
  199 |         CPPAD_COND_EXP_BASE_REL(Type, Gt, CompareGt)
      |         ^~~~~~~~~~~~~~~~~~~~~~~
/home/spi085/R/x86_64-pc-linux-gnu-library/4.4/TMB/include/cppad/local/base_float.hpp:72:9: note: in expansion of macro â€˜CPPAD_COND_EXP_RELâ€™
   72 |         CPPAD_COND_EXP_REL(float)
      |         ^~~~~~~~~~~~~~~~~~
/home/spi085/R/x86_64-pc-linux-gnu-library/4.4/TMB/include/cppad/local/base_cond_exp.hpp:174:21: note: candidate: â€˜double CppAD::CondExpGt(const double&, const double&, const double&, const double&)â€™
  174 |         inline Type CondExp##Rel(                        \
      |                     ^~~~~~~
/home/spi085/R/x86_64-pc-linux-gnu-library/4.4/TMB/include/cppad/local/base_cond_exp.hpp:199:9: note: in expansion of macro â€˜CPPAD_COND_EXP_BASE_RELâ€™
  199 |         CPPAD_COND_EXP_BASE_REL(Type, Gt, CompareGt)
      |         ^~~~~~~~~~~~~~~~~~~~~~~
/home/spi085/R/x86_64-pc-linux-gnu-library/4.4/TMB/include/cppad/local/base_double.hpp:72:9: note: in expansion of macro â€˜CPPAD_COND_EXP_RELâ€™
   72 |         CPPAD_COND_EXP_REL(double)
      |         ^~~~~~~~~~~~~~~~~~
/home/spi085/R/x86_64-pc-linux-gnu-library/4.4/TMB/include/cppad/local/base_cond_exp.hpp:176:29: note:   no known conversion for argument 2 from â€˜CppAD::AD<CppAD::AD<double> >â€™ to â€˜const double&â€™
  176 |                 const Type& right     ,                     \
      |                 ~~~~~~~~~~~~^~~~~
/home/spi085/R/x86_64-pc-linux-gnu-library/4.4/TMB/include/cppad/local/base_cond_exp.hpp:199:9: note: in expansion of macro â€˜CPPAD_COND_EXP_BASE_RELâ€™
  199 |         CPPAD_COND_EXP_BASE_REL(Type, Gt, CompareGt)
      |         ^~~~~~~~~~~~~~~~~~~~~~~
/home/spi085/R/x86_64-pc-linux-gnu-library/4.4/TMB/include/cppad/local/base_double.hpp:72:9: note: in expansion of macro â€˜CPPAD_COND_EXP_RELâ€™
   72 |         CPPAD_COND_EXP_REL(double)
      |         ^~~~~~~~~~~~~~~~~~
/home/spi085/R/x86_64-pc-linux-gnu-library/4.4/TMB/include/cppad/local/base_cond_exp.hpp:174:21: note: candidate: â€˜std::complex<double> CppAD::CondExpGt(const std::complex<double>&, const std::complex<double>&, const std::complex<double>&, const std::complex<double>&)â€™
  174 |         inline Type CondExp##Rel(                        \
      |                     ^~~~~~~
/home/spi085/R/x86_64-pc-linux-gnu-library/4.4/TMB/include/cppad/local/base_cond_exp.hpp:199:9: note: in expansion of macro â€˜CPPAD_COND_EXP_BASE_RELâ€™
  199 |         CPPAD_COND_EXP_BASE_REL(Type, Gt, CompareGt)
      |         ^~~~~~~~~~~~~~~~~~~~~~~
/home/spi085/R/x86_64-pc-linux-gnu-library/4.4/TMB/include/cppad/local/base_complex.hpp:105:9: note: in expansion of macro â€˜CPPAD_COND_EXP_RELâ€™
  105 |         CPPAD_COND_EXP_REL( std::complex<double> )
      |         ^~~~~~~~~~~~~~~~~~
/home/spi085/R/x86_64-pc-linux-gnu-library/4.4/TMB/include/cppad/local/base_cond_exp.hpp:176:29: note:   no known conversion for argument 2 from â€˜CppAD::AD<CppAD::AD<double> >â€™ to â€˜const std::complex<double>&â€™
  176 |                 const Type& right     ,                     \
      |                 ~~~~~~~~~~~~^~~~~
/home/spi085/R/x86_64-pc-linux-gnu-library/4.4/TMB/include/cppad/local/base_cond_exp.hpp:199:9: note: in expansion of macro â€˜CPPAD_COND_EXP_BASE_RELâ€™
  199 |         CPPAD_COND_EXP_BASE_REL(Type, Gt, CompareGt)
      |         ^~~~~~~~~~~~~~~~~~~~~~~
/home/spi085/R/x86_64-pc-linux-gnu-library/4.4/TMB/include/cppad/local/base_complex.hpp:105:9: note: in expansion of macro â€˜CPPAD_COND_EXP_RELâ€™
  105 |         CPPAD_COND_EXP_REL( std::complex<double> )
      |         ^~~~~~~~~~~~~~~~~~
/home/spi085/R/x86_64-pc-linux-gnu-library/4.4/TMB/include/cppad/local/base_cond_exp.hpp:174:21: note: candidate: â€˜std::complex<float> CppAD::CondExpGt(const std::complex<float>&, const std::complex<float>&, const std::complex<float>&, const std::complex<float>&)â€™
  174 |         inline Type CondExp##Rel(                        \
      |                     ^~~~~~~
/home/spi085/R/x86_64-pc-linux-gnu-library/4.4/TMB/include/cppad/local/base_cond_exp.hpp:199:9: note: in expansion of macro â€˜CPPAD_COND_EXP_BASE_RELâ€™
  199 |         CPPAD_COND_EXP_BASE_REL(Type, Gt, CompareGt)
      |         ^~~~~~~~~~~~~~~~~~~~~~~
/home/spi085/R/x86_64-pc-linux-gnu-library/4.4/TMB/include/cppad/local/base_complex.hpp:331:9: note: in expansion of macro â€˜CPPAD_COND_EXP_RELâ€™
  331 |         CPPAD_COND_EXP_REL( std::complex<float> )
      |         ^~~~~~~~~~~~~~~~~~
/home/spi085/R/x86_64-pc-linux-gnu-library/4.4/TMB/include/cppad/local/base_cond_exp.hpp:176:29: note:   no known conversion for argument 2 from â€˜CppAD::AD<CppAD::AD<double> >â€™ to â€˜const std::complex<float>&â€™
  176 |                 const Type& right     ,                     \
      |                 ~~~~~~~~~~~~^~~~~
/home/spi085/R/x86_64-pc-linux-gnu-library/4.4/TMB/include/cppad/local/base_cond_exp.hpp:199:9: note: in expansion of macro â€˜CPPAD_COND_EXP_BASE_RELâ€™
  199 |         CPPAD_COND_EXP_BASE_REL(Type, Gt, CompareGt)
      |         ^~~~~~~~~~~~~~~~~~~~~~~
/home/spi085/R/x86_64-pc-linux-gnu-library/4.4/TMB/include/cppad/local/base_complex.hpp:331:9: note: in expansion of macro â€˜CPPAD_COND_EXP_RELâ€™
  331 |         CPPAD_COND_EXP_REL( std::complex<float> )
      |         ^~~~~~~~~~~~~~~~~~
POPULATIONS/POPULATION_0013/INDIVIDUAL_Y86BRKZF/model.cpp: In instantiation of â€˜Type objective_function<Type>::operator()() [with Type = CppAD::AD<CppAD::AD<CppAD::AD<double> > >]â€™:
/home/spi085/R/x86_64-pc-linux-gnu-library/4.4/TMB/include/tmb_core.hpp:917:29:   required from â€˜Type objective_function<Type>::evalUserTemplate() [with Type = CppAD::AD<CppAD::AD<CppAD::AD<double> > >]â€™
/home/spi085/R/x86_64-pc-linux-gnu-library/4.4/TMB/include/tmb_core.hpp:2365:28:   required from here
POPULATIONS/POPULATION_0013/INDIVIDUAL_Y86BRKZF/model.cpp:75:34: error: no matching function for call to â€˜CondExpGt(bool, CppAD::AD<CppAD::AD<CppAD::AD<double> > >, CppAD::AD<CppAD::AD<CppAD::AD<double> > >, CppAD::AD<CppAD::AD<CppAD::AD<double> > >)â€™
   75 |   cots_pred(0) = CppAD::CondExpGt(CppAD::isnan(cots_dat(0)), Type(0.0),
      |                  ~~~~~~~~~~~~~~~~^~~~~~~~~~~~~~~~~~~~~~~~~~~~~~~~~~~~~~
   76 |                                   CppAD::CondExpGt(cots_dat(0), Type(0.0), cots_dat(0), Type(1e-8)), Type(1e-8)); // Initial COTS abundance (ind/m^2)
      |                                   ~~~~~~~~~~~~~~~~~~~~~~~~~~~~~~~~~~~~~~~~~~~~~~~~~~~~~~~~~~~~~~~~~~~~~~~~~~~~~~
/home/spi085/R/x86_64-pc-linux-gnu-library/4.4/TMB/include/cppad/local/cond_exp.hpp:330:18: note: candidate: â€˜template<class Base> CppAD::AD<Base> CppAD::CondExpGt(const AD<Base>&, const AD<Base>&, const AD<Base>&, const AD<Base>&)â€™
  330 |         AD<Base> CondExp##Name(                                         \
      |                  ^~~~~~~
/home/spi085/R/x86_64-pc-linux-gnu-library/4.4/TMB/include/cppad/local/cond_exp.hpp:345:1: note: in expansion of macro â€˜CPPAD_COND_EXPâ€™
  345 | CPPAD_COND_EXP(Gt)
      | ^~~~~~~~~~~~~~
/home/spi085/R/x86_64-pc-linux-gnu-library/4.4/TMB/include/cppad/local/cond_exp.hpp:330:18: note:   template argument deduction/substitution failed:
  330 |         AD<Base> CondExp##Name(                                         \
      |                  ^~~~~~~
/home/spi085/R/x86_64-pc-linux-gnu-library/4.4/TMB/include/cppad/local/cond_exp.hpp:345:1: note: in expansion of macro â€˜CPPAD_COND_EXPâ€™
  345 | CPPAD_COND_EXP(Gt)
      | ^~~~~~~~~~~~~~
POPULATIONS/POPULATION_0013/INDIVIDUAL_Y86BRKZF/model.cpp:75:34: note:   mismatched types â€˜const CppAD::AD<Base>â€™ and â€˜boolâ€™
   75 |   cots_pred(0) = CppAD::CondExpGt(CppAD::isnan(cots_dat(0)), Type(0.0),
      |                  ~~~~~~~~~~~~~~~~^~~~~~~~~~~~~~~~~~~~~~~~~~~~~~~~~~~~~~
   76 |                                   CppAD::CondExpGt(cots_dat(0), Type(0.0), cots_dat(0), Type(1e-8)), Type(1e-8)); // Initial COTS abundance (ind/m^2)
      |                                   ~~~~~~~~~~~~~~~~~~~~~~~~~~~~~~~~~~~~~~~~~~~~~~~~~~~~~~~~~~~~~~~~~~~~~~~~~~~~~~
/home/spi085/R/x86_64-pc-linux-gnu-library/4.4/TMB/include/cppad/local/base_cond_exp.hpp:174:21: note: candidate: â€˜float CppAD::CondExpGt(const float&, const float&, const float&, const float&)â€™
  174 |         inline Type CondExp##Rel(                        \
      |                     ^~~~~~~
/home/spi085/R/x86_64-pc-linux-gnu-library/4.4/TMB/include/cppad/local/base_cond_exp.hpp:199:9: note: in expansion of macro â€˜CPPAD_COND_EXP_BASE_RELâ€™
  199 |         CPPAD_COND_EXP_BASE_REL(Type, Gt, CompareGt)
      |         ^~~~~~~~~~~~~~~~~~~~~~~
/home/spi085/R/x86_64-pc-linux-gnu-library/4.4/TMB/include/cppad/local/base_float.hpp:72:9: note: in expansion of macro â€˜CPPAD_COND_EXP_RELâ€™
   72 |         CPPAD_COND_EXP_REL(float)
      |         ^~~~~~~~~~~~~~~~~~
/home/spi085/R/x86_64-pc-linux-gnu-library/4.4/TMB/include/cppad/local/base_cond_exp.hpp:176:29: note:   no known conversion for argument 2 from â€˜CppAD::AD<CppAD::AD<CppAD::AD<double> > >â€™ to â€˜const float&â€™
  176 |                 const Type& right     ,                     \
      |                 ~~~~~~~~~~~~^~~~~
/home/spi085/R/x86_64-pc-linux-gnu-library/4.4/TMB/include/cppad/local/base_cond_exp.hpp:199:9: note: in expansion of macro â€˜CPPAD_COND_EXP_BASE_RELâ€™
  199 |         CPPAD_COND_EXP_BASE_REL(Type, Gt, CompareGt)
      |         ^~~~~~~~~~~~~~~~~~~~~~~
/home/spi085/R/x86_64-pc-linux-gnu-library/4.4/TMB/include/cppad/local/base_float.hpp:72:9: note: in expansion of macro â€˜CPPAD_COND_EXP_RELâ€™
   72 |         CPPAD_COND_EXP_REL(float)
      |         ^~~~~~~~~~~~~~~~~~
/home/spi085/R/x86_64-pc-linux-gnu-library/4.4/TMB/include/cppad/local/base_cond_exp.hpp:174:21: note: candidate: â€˜double CppAD::CondExpGt(const double&, const double&, const double&, const double&)â€™
  174 |         inline Type CondExp##Rel(                        \
      |                     ^~~~~~~
/home/spi085/R/x86_64-pc-linux-gnu-library/4.4/TMB/include/cppad/local/base_cond_exp.hpp:199:9: note: in expansion of macro â€˜CPPAD_COND_EXP_BASE_RELâ€™
  199 |         CPPAD_COND_EXP_BASE_REL(Type, Gt, CompareGt)
      |         ^~~~~~~~~~~~~~~~~~~~~~~
/home/spi085/R/x86_64-pc-linux-gnu-library/4.4/TMB/include/cppad/local/base_double.hpp:72:9: note: in expansion of macro â€˜CPPAD_COND_EXP_RELâ€™
   72 |         CPPAD_COND_EXP_REL(double)
      |         ^~~~~~~~~~~~~~~~~~
/home/spi085/R/x86_64-pc-linux-gnu-library/4.4/TMB/include/cppad/local/base_cond_exp.hpp:176:29: note:   no known conversion for argument 2 from â€˜CppAD::AD<CppAD::AD<CppAD::AD<double> > >â€™ to â€˜const double&â€™
  176 |                 const Type& right     ,                     \
      |                 ~~~~~~~~~~~~^~~~~
/home/spi085/R/x86_64-pc-linux-gnu-library/4.4/TMB/include/cppad/local/base_cond_exp.hpp:199:9: note: in expansion of macro â€˜CPPAD_COND_EXP_BASE_RELâ€™
  199 |         CPPAD_COND_EXP_BASE_REL(Type, Gt, CompareGt)
      |         ^~~~~~~~~~~~~~~~~~~~~~~
/home/spi085/R/x86_64-pc-linux-gnu-library/4.4/TMB/include/cppad/local/base_double.hpp:72:9: note: in expansion of macro â€˜CPPAD_COND_EXP_RELâ€™
   72 |         CPPAD_COND_EXP_REL(double)
      |         ^~~~~~~~~~~~~~~~~~
/home/spi085/R/x86_64-pc-linux-gnu-library/4.4/TMB/include/cppad/local/base_cond_exp.hpp:174:21: note: candidate: â€˜std::complex<double> CppAD::CondExpGt(const std::complex<double>&, const std::complex<double>&, const std::complex<double>&, const std::complex<double>&)â€™
  174 |         inline Type CondExp##Rel(                        \
      |                     ^~~~~~~
/home/spi085/R/x86_64-pc-linux-gnu-library/4.4/TMB/include/cppad/local/base_cond_exp.hpp:199:9: note: in expansion of macro â€˜CPPAD_COND_EXP_BASE_RELâ€™
  199 |         CPPAD_COND_EXP_BASE_REL(Type, Gt, CompareGt)
      |         ^~~~~~~~~~~~~~~~~~~~~~~
/home/spi085/R/x86_64-pc-linux-gnu-library/4.4/TMB/include/cppad/local/base_complex.hpp:105:9: note: in expansion of macro â€˜CPPAD_COND_EXP_RELâ€™
  105 |         CPPAD_COND_EXP_REL( std::complex<double> )
      |         ^~~~~~~~~~~~~~~~~~
/home/spi085/R/x86_64-pc-linux-gnu-library/4.4/TMB/include/cppad/local/base_cond_exp.hpp:176:29: note:   no known conversion for argument 2 from â€˜CppAD::AD<CppAD::AD<CppAD::AD<double> > >â€™ to â€˜const std::complex<double>&â€™
  176 |                 const Type& right     ,                     \
      |                 ~~~~~~~~~~~~^~~~~
/home/spi085/R/x86_64-pc-linux-gnu-library/4.4/TMB/include/cppad/local/base_cond_exp.hpp:199:9: note: in expansion of macro â€˜CPPAD_COND_EXP_BASE_RELâ€™
  199 |         CPPAD_COND_EXP_BASE_REL(Type, Gt, CompareGt)
      |         ^~~~~~~~~~~~~~~~~~~~~~~
/home/spi085/R/x86_64-pc-linux-gnu-library/4.4/TMB/include/cppad/local/base_complex.hpp:105:9: note: in expansion of macro â€˜CPPAD_COND_EXP_RELâ€™
  105 |         CPPAD_COND_EXP_REL( std::complex<double> )
      |         ^~~~~~~~~~~~~~~~~~
/home/spi085/R/x86_64-pc-linux-gnu-library/4.4/TMB/include/cppad/local/base_cond_exp.hpp:174:21: note: candidate: â€˜std::complex<float> CppAD::CondExpGt(const std::complex<float>&, const std::complex<float>&, const std::complex<float>&, const std::complex<float>&)â€™
  174 |         inline Type CondExp##Rel(                        \
      |                     ^~~~~~~
/home/spi085/R/x86_64-pc-linux-gnu-library/4.4/TMB/include/cppad/local/base_cond_exp.hpp:199:9: note: in expansion of macro â€˜CPPAD_COND_EXP_BASE_RELâ€™
  199 |         CPPAD_COND_EXP_BASE_REL(Type, Gt, CompareGt)
      |         ^~~~~~~~~~~~~~~~~~~~~~~
/home/spi085/R/x86_64-pc-linux-gnu-library/4.4/TMB/include/cppad/local/base_complex.hpp:331:9: note: in expansion of macro â€˜CPPAD_COND_EXP_RELâ€™
  331 |         CPPAD_COND_EXP_REL( std::complex<float> )
      |         ^~~~~~~~~~~~~~~~~~
/home/spi085/R/x86_64-pc-linux-gnu-library/4.4/TMB/include/cppad/local/base_cond_exp.hpp:176:29: note:   no known conversion for argument 2 from â€˜CppAD::AD<CppAD::AD<CppAD::AD<double> > >â€™ to â€˜const std::complex<float>&â€™
  176 |                 const Type& right     ,                     \
      |                 ~~~~~~~~~~~~^~~~~
/home/spi085/R/x86_64-pc-linux-gnu-library/4.4/TMB/include/cppad/local/base_cond_exp.hpp:199:9: note: in expansion of macro â€˜CPPAD_COND_EXP_BASE_RELâ€™
  199 |         CPPAD_COND_EXP_BASE_REL(Type, Gt, CompareGt)
      |         ^~~~~~~~~~~~~~~~~~~~~~~
/home/spi085/R/x86_64-pc-linux-gnu-library/4.4/TMB/include/cppad/local/base_complex.hpp:331:9: note: in expansion of macro â€˜CPPAD_COND_EXP_RELâ€™
  331 |         CPPAD_COND_EXP_REL( std::complex<float> )
      |         ^~~~~~~~~~~~~~~~~~
POPULATIONS/POPULATION_0013/INDIVIDUAL_Y86BRKZF/model.cpp:77:34: error: no matching function for call to â€˜CondExpGt(bool, CppAD::AD<CppAD::AD<CppAD::AD<double> > >, CppAD::AD<CppAD::AD<CppAD::AD<double> > >, CppAD::AD<CppAD::AD<CppAD::AD<double> > >)â€™
   77 |   fast_pred(0) = CppAD::CondExpGt(CppAD::isnan(fast_dat(0)), Type(0.0),
      |                  ~~~~~~~~~~~~~~~~^~~~~~~~~~~~~~~~~~~~~~~~~~~~~~~~~~~~~~
   78 |                                   CppAD::CondExpGt(fast_dat(0), Type(0.0), fast_dat(0), Type(1e-8)), Type(1e-8)); // Initial fast coral cover (%)
      |                                   ~~~~~~~~~~~~~~~~~~~~~~~~~~~~~~~~~~~~~~~~~~~~~~~~~~~~~~~~~~~~~~~~~~~~~~~~~~~~~~
/home/spi085/R/x86_64-pc-linux-gnu-library/4.4/TMB/include/cppad/local/cond_exp.hpp:330:18: note: candidate: â€˜template<class Base> CppAD::AD<Base> CppAD::CondExpGt(const AD<Base>&, const AD<Base>&, const AD<Base>&, const AD<Base>&)â€™
  330 |         AD<Base> CondExp##Name(                                         \
      |                  ^~~~~~~
/home/spi085/R/x86_64-pc-linux-gnu-library/4.4/TMB/include/cppad/local/cond_exp.hpp:345:1: note: in expansion of macro â€˜CPPAD_COND_EXPâ€™
  345 | CPPAD_COND_EXP(Gt)
      | ^~~~~~~~~~~~~~
/home/spi085/R/x86_64-pc-linux-gnu-library/4.4/TMB/include/cppad/local/cond_exp.hpp:330:18: note:   template argument deduction/substitution failed:
  330 |         AD<Base> CondExp##Name(                                         \
      |                  ^~~~~~~
/home/spi085/R/x86_64-pc-linux-gnu-library/4.4/TMB/include/cppad/local/cond_exp.hpp:345:1: note: in expansion of macro â€˜CPPAD_COND_EXPâ€™
  345 | CPPAD_COND_EXP(Gt)
      | ^~~~~~~~~~~~~~
POPULATIONS/POPULATION_0013/INDIVIDUAL_Y86BRKZF/model.cpp:77:34: note:   mismatched types â€˜const CppAD::AD<Base>â€™ and â€˜boolâ€™
   77 |   fast_pred(0) = CppAD::CondExpGt(CppAD::isnan(fast_dat(0)), Type(0.0),
      |                  ~~~~~~~~~~~~~~~~^~~~~~~~~~~~~~~~~~~~~~~~~~~~~~~~~~~~~~
   78 |                                   CppAD::CondExpGt(fast_dat(0), Type(0.0), fast_dat(0), Type(1e-8)), Type(1e-8)); // Initial fast coral cover (%)
      |                                   ~~~~~~~~~~~~~~~~~~~~~~~~~~~~~~~~~~~~~~~~~~~~~~~~~~~~~~~~~~~~~~~~~~~~~~~~~~~~~~
/home/spi085/R/x86_64-pc-linux-gnu-library/4.4/TMB/include/cppad/local/base_cond_exp.hpp:174:21: note: candidate: â€˜float CppAD::CondExpGt(const float&, const float&, const float&, const float&)â€™
  174 |         inline Type CondExp##Rel(                        \
      |                     ^~~~~~~
/home/spi085/R/x86_64-pc-linux-gnu-library/4.4/TMB/include/cppad/local/base_cond_exp.hpp:199:9: note: in expansion of macro â€˜CPPAD_COND_EXP_BASE_RELâ€™
  199 |         CPPAD_COND_EXP_BASE_REL(Type, Gt, CompareGt)
      |         ^~~~~~~~~~~~~~~~~~~~~~~
/home/spi085/R/x86_64-pc-linux-gnu-library/4.4/TMB/include/cppad/local/base_float.hpp:72:9: note: in expansion of macro â€˜CPPAD_COND_EXP_RELâ€™
   72 |         CPPAD_COND_EXP_REL(float)
      |         ^~~~~~~~~~~~~~~~~~
/home/spi085/R/x86_64-pc-linux-gnu-library/4.4/TMB/include/cppad/local/base_cond_exp.hpp:176:29: note:   no known conversion for argument 2 from â€˜CppAD::AD<CppAD::AD<CppAD::AD<double> > >â€™ to â€˜const float&â€™
  176 |                 const Type& right     ,                     \
      |                 ~~~~~~~~~~~~^~~~~
/home/spi085/R/x86_64-pc-linux-gnu-library/4.4/TMB/include/cppad/local/base_cond_exp.hpp:199:9: note: in expansion of macro â€˜CPPAD_COND_EXP_BASE_RELâ€™
  199 |         CPPAD_COND_EXP_BASE_REL(Type, Gt, CompareGt)
      |         ^~~~~~~~~~~~~~~~~~~~~~~
/home/spi085/R/x86_64-pc-linux-gnu-library/4.4/TMB/include/cppad/local/base_float.hpp:72:9: note: in expansion of macro â€˜CPPAD_COND_EXP_RELâ€™
   72 |         CPPAD_COND_EXP_REL(float)
      |         ^~~~~~~~~~~~~~~~~~
/home/spi085/R/x86_64-pc-linux-gnu-library/4.4/TMB/include/cppad/local/base_cond_exp.hpp:174:21: note: candidate: â€˜double CppAD::CondExpGt(const double&, const double&, const double&, const double&)â€™
  174 |         inline Type CondExp##Rel(                        \
      |                     ^~~~~~~
/home/spi085/R/x86_64-pc-linux-gnu-library/4.4/TMB/include/cppad/local/base_cond_exp.hpp:199:9: note: in expansion of macro â€˜CPPAD_COND_EXP_BASE_RELâ€™
  199 |         CPPAD_COND_EXP_BASE_REL(Type, Gt, CompareGt)
      |         ^~~~~~~~~~~~~~~~~~~~~~~
/home/spi085/R/x86_64-pc-linux-gnu-library/4.4/TMB/include/cppad/local/base_double.hpp:72:9: note: in expansion of macro â€˜CPPAD_COND_EXP_RELâ€™
   72 |         CPPAD_COND_EXP_REL(double)
      |         ^~~~~~~~~~~~~~~~~~
/home/spi085/R/x86_64-pc-linux-gnu-library/4.4/TMB/include/cppad/local/base_cond_exp.hpp:176:29: note:   no known conversion for argument 2 from â€˜CppAD::AD<CppAD::AD<CppAD::AD<double> > >â€™ to â€˜const double&â€™
  176 |                 const Type& right     ,                     \
      |                 ~~~~~~~~~~~~^~~~~
/home/spi085/R/x86_64-pc-linux-gnu-library/4.4/TMB/include/cppad/local/base_cond_exp.hpp:199:9: note: in expansion of macro â€˜CPPAD_COND_EXP_BASE_RELâ€™
  199 |         CPPAD_COND_EXP_BASE_REL(Type, Gt, CompareGt)
      |         ^~~~~~~~~~~~~~~~~~~~~~~
/home/spi085/R/x86_64-pc-linux-gnu-library/4.4/TMB/include/cppad/local/base_double.hpp:72:9: note: in expansion of macro â€˜CPPAD_COND_EXP_RELâ€™
   72 |         CPPAD_COND_EXP_REL(double)
      |         ^~~~~~~~~~~~~~~~~~
/home/spi085/R/x86_64-pc-linux-gnu-library/4.4/TMB/include/cppad/local/base_cond_exp.hpp:174:21: note: candidate: â€˜std::complex<double> CppAD::CondExpGt(const std::complex<double>&, const std::complex<double>&, const std::complex<double>&, const std::complex<double>&)â€™
  174 |         inline Type CondExp##Rel(                        \
      |                     ^~~~~~~
/home/spi085/R/x86_64-pc-linux-gnu-library/4.4/TMB/include/cppad/local/base_cond_exp.hpp:199:9: note: in expansion of macro â€˜CPPAD_COND_EXP_BASE_RELâ€™
  199 |         CPPAD_COND_EXP_BASE_REL(Type, Gt, CompareGt)
      |         ^~~~~~~~~~~~~~~~~~~~~~~
/home/spi085/R/x86_64-pc-linux-gnu-library/4.4/TMB/include/cppad/local/base_complex.hpp:105:9: note: in expansion of macro â€˜CPPAD_COND_EXP_RELâ€™
  105 |         CPPAD_COND_EXP_REL( std::complex<double> )
      |         ^~~~~~~~~~~~~~~~~~
/home/spi085/R/x86_64-pc-linux-gnu-library/4.4/TMB/include/cppad/local/base_cond_exp.hpp:176:29: note:   no known conversion for argument 2 from â€˜CppAD::AD<CppAD::AD<CppAD::AD<double> > >â€™ to â€˜const std::complex<double>&â€™
  176 |                 const Type& right     ,                     \
      |                 ~~~~~~~~~~~~^~~~~
/home/spi085/R/x86_64-pc-linux-gnu-library/4.4/TMB/include/cppad/local/base_cond_exp.hpp:199:9: note: in expansion of macro â€˜CPPAD_COND_EXP_BASE_RELâ€™
  199 |         CPPAD_COND_EXP_BASE_REL(Type, Gt, CompareGt)
      |         ^~~~~~~~~~~~~~~~~~~~~~~
/home/spi085/R/x86_64-pc-linux-gnu-library/4.4/TMB/include/cppad/local/base_complex.hpp:105:9: note: in expansion of macro â€˜CPPAD_COND_EXP_RELâ€™
  105 |         CPPAD_COND_EXP_REL( std::complex<double> )
      |         ^~~~~~~~~~~~~~~~~~
/home/spi085/R/x86_64-pc-linux-gnu-library/4.4/TMB/include/cppad/local/base_cond_exp.hpp:174:21: note: candidate: â€˜std::complex<float> CppAD::CondExpGt(const std::complex<float>&, const std::complex<float>&, const std::complex<float>&, const std::complex<float>&)â€™
  174 |         inline Type CondExp##Rel(                        \
      |                     ^~~~~~~
/home/spi085/R/x86_64-pc-linux-gnu-library/4.4/TMB/include/cppad/local/base_cond_exp.hpp:199:9: note: in expansion of macro â€˜CPPAD_COND_EXP_BASE_RELâ€™
  199 |         CPPAD_COND_EXP_BASE_REL(Type, Gt, CompareGt)
      |         ^~~~~~~~~~~~~~~~~~~~~~~
/home/spi085/R/x86_64-pc-linux-gnu-library/4.4/TMB/include/cppad/local/base_complex.hpp:331:9: note: in expansion of macro â€˜CPPAD_COND_EXP_RELâ€™
  331 |         CPPAD_COND_EXP_REL( std::complex<float> )
      |         ^~~~~~~~~~~~~~~~~~
/home/spi085/R/x86_64-pc-linux-gnu-library/4.4/TMB/include/cppad/local/base_cond_exp.hpp:176:29: note:   no known conversion for argument 2 from â€˜CppAD::AD<CppAD::AD<CppAD::AD<double> > >â€™ to â€˜const std::complex<float>&â€™
  176 |                 const Type& right     ,                     \
      |                 ~~~~~~~~~~~~^~~~~
/home/spi085/R/x86_64-pc-linux-gnu-library/4.4/TMB/include/cppad/local/base_cond_exp.hpp:199:9: note: in expansion of macro â€˜CPPAD_COND_EXP_BASE_RELâ€™
  199 |         CPPAD_COND_EXP_BASE_REL(Type, Gt, CompareGt)
      |         ^~~~~~~~~~~~~~~~~~~~~~~
/home/spi085/R/x86_64-pc-linux-gnu-library/4.4/TMB/include/cppad/local/base_complex.hpp:331:9: note: in expansion of macro â€˜CPPAD_COND_EXP_RELâ€™
  331 |         CPPAD_COND_EXP_REL( std::complex<float> )
      |         ^~~~~~~~~~~~~~~~~~
POPULATIONS/POPULATION_0013/INDIVIDUAL_Y86BRKZF/model.cpp:79:34: error: no matching function for call to â€˜CondExpGt(bool, CppAD::AD<CppAD::AD<CppAD::AD<double> > >, CppAD::AD<CppAD::AD<CppAD::AD<double> > >, CppAD::AD<CppAD::AD<CppAD::AD<double> > >)â€™
   79 |   slow_pred(0) = CppAD::CondExpGt(CppAD::isnan(slow_dat(0)), Type(0.0),
      |                  ~~~~~~~~~~~~~~~~^~~~~~~~~~~~~~~~~~~~~~~~~~~~~~~~~~~~~~
   80 |                                   CppAD::CondExpGt(slow_dat(0), Type(0.0), slow_dat(0), Type(1e-8)), Type(1e-8)); // Initial slow coral cover (%)
      |                                   ~~~~~~~~~~~~~~~~~~~~~~~~~~~~~~~~~~~~~~~~~~~~~~~~~~~~~~~~~~~~~~~~~~~~~~~~~~~~~~
/home/spi085/R/x86_64-pc-linux-gnu-library/4.4/TMB/include/cppad/local/cond_exp.hpp:330:18: note: candidate: â€˜template<class Base> CppAD::AD<Base> CppAD::CondExpGt(const AD<Base>&, const AD<Base>&, const AD<Base>&, const AD<Base>&)â€™
  330 |         AD<Base> CondExp##Name(                                         \
      |                  ^~~~~~~
/home/spi085/R/x86_64-pc-linux-gnu-library/4.4/TMB/include/cppad/local/cond_exp.hpp:345:1: note: in expansion of macro â€˜CPPAD_COND_EXPâ€™
  345 | CPPAD_COND_EXP(Gt)
      | ^~~~~~~~~~~~~~
/home/spi085/R/x86_64-pc-linux-gnu-library/4.4/TMB/include/cppad/local/cond_exp.hpp:330:18: note:   template argument deduction/substitution failed:
  330 |         AD<Base> CondExp##Name(                                         \
      |                  ^~~~~~~
/home/spi085/R/x86_64-pc-linux-gnu-library/4.4/TMB/include/cppad/local/cond_exp.hpp:345:1: note: in expansion of macro â€˜CPPAD_COND_EXPâ€™
  345 | CPPAD_COND_EXP(Gt)
      | ^~~~~~~~~~~~~~
POPULATIONS/POPULATION_0013/INDIVIDUAL_Y86BRKZF/model.cpp:79:34: note:   mismatched types â€˜const CppAD::AD<Base>â€™ and â€˜boolâ€™
   79 |   slow_pred(0) = CppAD::CondExpGt(CppAD::isnan(slow_dat(0)), Type(0.0),
      |                  ~~~~~~~~~~~~~~~~^~~~~~~~~~~~~~~~~~~~~~~~~~~~~~~~~~~~~~
   80 |                                   CppAD::CondExpGt(slow_dat(0), Type(0.0), slow_dat(0), Type(1e-8)), Type(1e-8)); // Initial slow coral cover (%)
      |                                   ~~~~~~~~~~~~~~~~~~~~~~~~~~~~~~~~~~~~~~~~~~~~~~~~~~~~~~~~~~~~~~~~~~~~~~~~~~~~~~
/home/spi085/R/x86_64-pc-linux-gnu-library/4.4/TMB/include/cppad/local/base_cond_exp.hpp:174:21: note: candidate: â€˜float CppAD::CondExpGt(const float&, const float&, const float&, const float&)â€™
  174 |         inline Type CondExp##Rel(                        \
      |                     ^~~~~~~
/home/spi085/R/x86_64-pc-linux-gnu-library/4.4/TMB/include/cppad/local/base_cond_exp.hpp:199:9: note: in expansion of macro â€˜CPPAD_COND_EXP_BASE_RELâ€™
  199 |         CPPAD_COND_EXP_BASE_REL(Type, Gt, CompareGt)
      |         ^~~~~~~~~~~~~~~~~~~~~~~
/home/spi085/R/x86_64-pc-linux-gnu-library/4.4/TMB/include/cppad/local/base_float.hpp:72:9: note: in expansion of macro â€˜CPPAD_COND_EXP_RELâ€™
   72 |         CPPAD_COND_EXP_REL(float)
      |         ^~~~~~~~~~~~~~~~~~
/home/spi085/R/x86_64-pc-linux-gnu-library/4.4/TMB/include/cppad/local/base_cond_exp.hpp:176:29: note:   no known conversion for argument 2 from â€˜CppAD::AD<CppAD::AD<CppAD::AD<double> > >â€™ to â€˜const float&â€™
  176 |                 const Type& right     ,                     \
      |                 ~~~~~~~~~~~~^~~~~
/home/spi085/R/x86_64-pc-linux-gnu-library/4.4/TMB/include/cppad/local/base_cond_exp.hpp:199:9: note: in expansion of macro â€˜CPPAD_COND_EXP_BASE_RELâ€™
  199 |         CPPAD_COND_EXP_BASE_REL(Type, Gt, CompareGt)
      |         ^~~~~~~~~~~~~~~~~~~~~~~
/home/spi085/R/x86_64-pc-linux-gnu-library/4.4/TMB/include/cppad/local/base_float.hpp:72:9: note: in expansion of macro â€˜CPPAD_COND_EXP_RELâ€™
   72 |         CPPAD_COND_EXP_REL(float)
      |         ^~~~~~~~~~~~~~~~~~
/home/spi085/R/x86_64-pc-linux-gnu-library/4.4/TMB/include/cppad/local/base_cond_exp.hpp:174:21: note: candidate: â€˜double CppAD::CondExpGt(const double&, const double&, const double&, const double&)â€™
  174 |         inline Type CondExp##Rel(                        \
      |                     ^~~~~~~
/home/spi085/R/x86_64-pc-linux-gnu-library/4.4/TMB/include/cppad/local/base_cond_exp.hpp:199:9: note: in expansion of macro â€˜CPPAD_COND_EXP_BASE_RELâ€™
  199 |         CPPAD_COND_EXP_BASE_REL(Type, Gt, CompareGt)
      |         ^~~~~~~~~~~~~~~~~~~~~~~
/home/spi085/R/x86_64-pc-linux-gnu-library/4.4/TMB/include/cppad/local/base_double.hpp:72:9: note: in expansion of macro â€˜CPPAD_COND_EXP_RELâ€™
   72 |         CPPAD_COND_EXP_REL(double)
      |         ^~~~~~~~~~~~~~~~~~
/home/spi085/R/x86_64-pc-linux-gnu-library/4.4/TMB/include/cppad/local/base_cond_exp.hpp:176:29: note:   no known conversion for argument 2 from â€˜CppAD::AD<CppAD::AD<CppAD::AD<double> > >â€™ to â€˜const double&â€™
  176 |                 const Type& right     ,                     \
      |                 ~~~~~~~~~~~~^~~~~
/home/spi085/R/x86_64-pc-linux-gnu-library/4.4/TMB/include/cppad/local/base_cond_exp.hpp:199:9: note: in expansion of macro â€˜CPPAD_COND_EXP_BASE_RELâ€™
  199 |         CPPAD_COND_EXP_BASE_REL(Type, Gt, CompareGt)
      |         ^~~~~~~~~~~~~~~~~~~~~~~
/home/spi085/R/x86_64-pc-linux-gnu-library/4.4/TMB/include/cppad/local/base_double.hpp:72:9: note: in expansion of macro â€˜CPPAD_COND_EXP_RELâ€™
   72 |         CPPAD_COND_EXP_REL(double)
      |         ^~~~~~~~~~~~~~~~~~
/home/spi085/R/x86_64-pc-linux-gnu-library/4.4/TMB/include/cppad/local/base_cond_exp.hpp:174:21: note: candidate: â€˜std::complex<double> CppAD::CondExpGt(const std::complex<double>&, const std::complex<double>&, const std::complex<double>&, const std::complex<double>&)â€™
  174 |         inline Type CondExp##Rel(                        \
      |                     ^~~~~~~
/home/spi085/R/x86_64-pc-linux-gnu-library/4.4/TMB/include/cppad/local/base_cond_exp.hpp:199:9: note: in expansion of macro â€˜CPPAD_COND_EXP_BASE_RELâ€™
  199 |         CPPAD_COND_EXP_BASE_REL(Type, Gt, CompareGt)
      |         ^~~~~~~~~~~~~~~~~~~~~~~
/home/spi085/R/x86_64-pc-linux-gnu-library/4.4/TMB/include/cppad/local/base_complex.hpp:105:9: note: in expansion of macro â€˜CPPAD_COND_EXP_RELâ€™
  105 |         CPPAD_COND_EXP_REL( std::complex<double> )
      |         ^~~~~~~~~~~~~~~~~~
/home/spi085/R/x86_64-pc-linux-gnu-library/4.4/TMB/include/cppad/local/base_cond_exp.hpp:176:29: note:   no known conversion for argument 2 from â€˜CppAD::AD<CppAD::AD<CppAD::AD<double> > >â€™ to â€˜const std::complex<double>&â€™
  176 |                 const Type& right     ,                     \
      |                 ~~~~~~~~~~~~^~~~~
/home/spi085/R/x86_64-pc-linux-gnu-library/4.4/TMB/include/cppad/local/base_cond_exp.hpp:199:9: note: in expansion of macro â€˜CPPAD_COND_EXP_BASE_RELâ€™
  199 |         CPPAD_COND_EXP_BASE_REL(Type, Gt, CompareGt)
      |         ^~~~~~~~~~~~~~~~~~~~~~~
/home/spi085/R/x86_64-pc-linux-gnu-library/4.4/TMB/include/cppad/local/base_complex.hpp:105:9: note: in expansion of macro â€˜CPPAD_COND_EXP_RELâ€™
  105 |         CPPAD_COND_EXP_REL( std::complex<double> )
      |         ^~~~~~~~~~~~~~~~~~
/home/spi085/R/x86_64-pc-linux-gnu-library/4.4/TMB/include/cppad/local/base_cond_exp.hpp:174:21: note: candidate: â€˜std::complex<float> CppAD::CondExpGt(const std::complex<float>&, const std::complex<float>&, const std::complex<float>&, const std::complex<float>&)â€™
  174 |         inline Type CondExp##Rel(                        \
      |                     ^~~~~~~
/home/spi085/R/x86_64-pc-linux-gnu-library/4.4/TMB/include/cppad/local/base_cond_exp.hpp:199:9: note: in expansion of macro â€˜CPPAD_COND_EXP_BASE_RELâ€™
  199 |         CPPAD_COND_EXP_BASE_REL(Type, Gt, CompareGt)
      |         ^~~~~~~~~~~~~~~~~~~~~~~
/home/spi085/R/x86_64-pc-linux-gnu-library/4.4/TMB/include/cppad/local/base_complex.hpp:331:9: note: in expansion of macro â€˜CPPAD_COND_EXP_RELâ€™
  331 |         CPPAD_COND_EXP_REL( std::complex<float> )
      |         ^~~~~~~~~~~~~~~~~~
/home/spi085/R/x86_64-pc-linux-gnu-library/4.4/TMB/include/cppad/local/base_cond_exp.hpp:176:29: note:   no known conversion for argument 2 from â€˜CppAD::AD<CppAD::AD<CppAD::AD<double> > >â€™ to â€˜const std::complex<float>&â€™
  176 |                 const Type& right     ,                     \
      |                 ~~~~~~~~~~~~^~~~~
/home/spi085/R/x86_64-pc-linux-gnu-library/4.4/TMB/include/cppad/local/base_cond_exp.hpp:199:9: note: in expansion of macro â€˜CPPAD_COND_EXP_BASE_RELâ€™
  199 |         CPPAD_COND_EXP_BASE_REL(Type, Gt, CompareGt)
      |         ^~~~~~~~~~~~~~~~~~~~~~~
/home/spi085/R/x86_64-pc-linux-gnu-library/4.4/TMB/include/cppad/local/base_complex.hpp:331:9: note: in expansion of macro â€˜CPPAD_COND_EXP_RELâ€™
  331 |         CPPAD_COND_EXP_REL( std::complex<float> )
      |         ^~~~~~~~~~~~~~~~~~
make: *** [/usr/lib/R/etc/Makeconf:204: POPULATIONS/POPULATION_0013/INDIVIDUAL_Y86BRKZF/model.o] Error 1
Error in TMB::compile(file.path(individual_dir, model_file), flags = flags,  : 
  Compilation failed
Error: Compilation failed
Execution halted[0m
[91mModel failed to compile.[0m
Fixing broken model iteration: 4
POPULATIONS/POPULATION_0013/INDIVIDUAL_Y86BRKZF/model.cpp                                                                                                                                                              

                                                                                                                                                                                                                       
 <<<<<<< SEARCH                                                                                                                                                                                                        
   // Use positive initial values to avoid log(0) or log(NA) in likelihood                                                                                                                                             
   cots_pred(0) = CppAD::CondExpGt(CppAD::isnan(cots_dat(0)), Type(0.0),                                                                                                                                               
                                   CppAD::CondExpGt(cots_dat(0), Type(0.0), cots_dat(0), Type(1e-8)), Type(1e-8)); // Initial COTS abundance (ind/m^2)                                                                 
   fast_pred(0) = CppAD::CondExpGt(CppAD::isnan(fast_dat(0)), Type(0.0),                                                                                                                                               
                                   CppAD::CondExpGt(fast_dat(0), Type(0.0), fast_dat(0), Type(1e-8)), Type(1e-8)); // Initial fast coral cover (%)                                                                     
   slow_pred(0) = CppAD::CondExpGt(CppAD::isnan(slow_dat(0)), Type(0.0),                                                                                                                                               
                                   CppAD::CondExpGt(slow_dat(0), Type(0.0), slow_dat(0), Type(1e-8)), Type(1e-8)); // Initial slow coral cover (%)                                                                     
 =======                                                                                                                                                                                                               
   // Use positive initial values to avoid log(0) or log(NA) in likelihood                                                                                                                                             
   cots_pred(0) = CppAD::CondExpGt(cots_dat(0), Type(0.0), cots_dat(0), Type(1e-8)); // Initial COTS abundance (ind/m^2)                                                                                               
   fast_pred(0) = CppAD::CondExpGt(fast_dat(0), Type(0.0), fast_dat(0), Type(1e-8)); // Initial fast coral cover (%)                                                                                                   
   slow_pred(0) = CppAD::CondExpGt(slow_dat(0), Type(0.0), slow_dat(0), Type(1e-8)); // Initial slow coral cover (%)                                                                                                   
 >>>>>>> REPLACE                                                                                                                                                                                                       
                                                                                                                                                                                                                       

Tokens: 39k sent, 463 received. Cost: $0.08 message, $0.24 session.
Committing POPULATIONS/POPULATION_0013/INDIVIDUAL_Y86BRKZF/model.cpp before applying edits.
Unable to add /home/spi085/Documents/_Projects/SCCP-QuantModelling/POPULATIONS/POPULATION_0013/INDIVIDUAL_Y86BRKZF/model.cpp: Cmd('git') failed due to: exit code(1)
  cmdline: git add /home/spi085/Documents/_Projects/SCCP-QuantModelling/POPULATIONS/POPULATION_0013/INDIVIDUAL_Y86BRKZF/model.cpp
  stderr: 'The following paths are ignored by one of your .gitignore files:
POPULATIONS
hint: Use -f if you really want to add them.
hint: Turn this message off by running
hint: "git config advice.addIgnoredFile false"'
Unable to commit: Cmd('git') failed due to: exit code(1)
  cmdline: git commit -m feat: add model.cpp for INDIVIDUAL_Y86BRKZF in POPULATION_0013 --no-verify -- /home/spi085/Documents/_Projects/SCCP-QuantModelling/POPULATIONS/POPULATION_0013/INDIVIDUAL_Y86BRKZF/model.cpp
  stderr: 'error: pathspec '/home/spi085/Documents/_Projects/SCCP-QuantModelling/POPULATIONS/POPULATION_0013/INDIVIDUAL_Y86BRKZF/model.cpp' did not match any file(s) known to git'
Applied edit to POPULATIONS/POPULATION_0013/INDIVIDUAL_Y86BRKZF/model.cpp
Validating fixed model for data leakage...
Opening file: POPULATIONS/POPULATION_0013/INDIVIDUAL_Y86BRKZF/model.cpp
File read successfully
TMB convention check: {'uses_tmb_header': True, 'uses_data_macros': True, 'uses_vector_type': True, 'uses_standard_report': True, 'uses_objective_function': True, 'uses_std_vector': False, 'uses_string_report': False}
Extracting vectors...
Found data vectors: {'sst_dat', 'slow_dat', 'Year', 'cotsimm_dat', 'cots_dat', 'fast_dat'}
Found prediction vectors: {'fast_pred', 'cots_pred', 'slow_pred'}
Found reported vectors: {'fast_pred', 'cots_pred', 'slow_pred'}
Finding initial conditions...
Found 3 initial conditions
Finding time-stepping loop...
Found loop from line 80 to 120
Found response variables from Data/timeseries_data_COTS_response.csv: {'cots_dat', 'fast_dat', 'slow_dat'}
[93mRunning model for individual...[0m
[0mIndividual directory: POPULATIONS/POPULATION_0013/INDIVIDUAL_Y86BRKZF[0m
[93mR script stdout:[0m
[0mg++ -std=gnu++17 -I"/usr/share/R/include" -DNDEBUG -I"/home/spi085/R/x86_64-pc-linux-gnu-library/4.4/TMB/include" -I"/home/spi085/R/x86_64-pc-linux-gnu-library/4.4/RcppEigen/include"   -DTMB_EIGEN_DISABLE_WARNINGS   -DTMB_LIB_INIT=R_init_model  -DCPPAD_FRAMEWORK      -fpic  -O2  -c POPULATIONS/POPULATION_0013/INDIVIDUAL_Y86BRKZF/model.cpp -o POPULATIONS/POPULATION_0013/INDIVIDUAL_Y86BRKZF/model.o
g++ -std=gnu++17 -shared -L/usr/lib/R/lib -Wl,-Bsymbolic-functions -flto=auto -ffat-lto-objects -Wl,-z,relro -o POPULATIONS/POPULATION_0013/INDIVIDUAL_Y86BRKZF/model.so POPULATIONS/POPULATION_0013/INDIVIDUAL_Y86BRKZF/model.o -L/usr/lib/R/lib -lR
Starting model phases
Number of phases: 4 
Phase 1 
Initial parameter values for phase 1 :
log_r_cots log_K_cots log_m_cots 
        NA     0.1722     2.2500 
Error in model phases: NA/NaN gradient evaluation[0m
[93mR script stderr:[0m
[0mLoading required package: TMB
Loading required package: jsonlite
here() starts at /home/spi085/Documents/_Projects/SCCP-QuantModelling
using C++ compiler: â€˜g++ (Ubuntu 13.3.0-6ubuntu2~24.04) 13.3.0â€™
Error in value[[3L]](cond) : 
  Error in model phases: NA/NaN gradient evaluation
Calls: tryCatch -> tryCatchList -> tryCatchOne -> <Anonymous>
In addition: Warning message:
In nlminb(model$par, model$fn, model$gr) : NA/NaN function evaluation
Execution halted[0m
[91mR script failed with return code 1[0m
Maximum sub-iterations reached for POPULATIONS/POPULATION_0013/INDIVIDUAL_Y86BRKZF. The model could not be successfully run after 5 attempts.
