{
  "iterations": {
    "1": {
      "status": "ERROR",
      "message": "Model failed to compile.",
      "stdout": "g++ -std=gnu++17  -I\"C:/Users/spi085/AppData/Local/Programs/R/R-4.4.1/include\" -DNDEBUG -I\"C:/Users/spi085/AppData/Local/Programs/R/R-44~1.1/library/TMB/include\" -I\"C:/Users/spi085/AppData/Local/Programs/R/R-44~1.1/library/RCPPEI~1/include\"   -DTMB_EIGEN_DISABLE_WARNINGS   -DTMB_LIB_INIT=R_init_model  -DCPPAD_FRAMEWORK    -I\"C:/rtools44/x86_64-w64-mingw32.static.posix/include\"     -O2 -Wa,-mbig-obj -c POPULATIONS//POPULATION_0008//INDIVIDUAL_Y1GU1JB0/model.cpp -o POPULATIONS//POPULATION_0008//INDIVIDUAL_Y1GU1JB0/model.o",
      "stderr": "Loading required package: TMB\nLoading required package: jsonlite\nhere() starts at C:/Users/spi085/OneDrive - CSIRO/Documents/_Projects/SCCP-QuantModelling\nusing C++ compiler: 'G__~1.EXE (GCC) 13.2.0'\nPOPULATIONS//POPULATION_0008//INDIVIDUAL_Y1GU1JB0/model.cpp: In member function 'Type objective_function<Type>::operator()()':\nPOPULATIONS//POPULATION_0008//INDIVIDUAL_Y1GU1JB0/model.cpp:54:40: error: 'refuge_effect' was not declared in this scope; did you mean 'temp_effect'?\n   54 |     Type refuge_survival = Type(1.0) + refuge_effect * total_coral / (total_coral + Type(10.0));\n      |                                        ^~~~~~~~~~~~~\n      |                                        temp_effect\nmake: *** [C:/Users/spi085/AppData/Local/Programs/R/R-4.4.1/etc/x64/Makeconf:296: POPULATIONS//POPULATION_0008//INDIVIDUAL_Y1GU1JB0/model.o] Error 1\nError in TMB::compile(file.path(individual_dir, model_file), flags = flags,  : \n  Compilation failed\nError: Compilation failed\nExecution halted"
    },
    "2": {
      "status": "ERROR",
      "message": "R script failed with return code 1",
      "stdout": "g++ -std=gnu++17  -I\"C:/Users/spi085/AppData/Local/Programs/R/R-4.4.1/include\" -DNDEBUG -I\"C:/Users/spi085/AppData/Local/Programs/R/R-44~1.1/library/TMB/include\" -I\"C:/Users/spi085/AppData/Local/Programs/R/R-44~1.1/library/RCPPEI~1/include\"   -DTMB_EIGEN_DISABLE_WARNINGS   -DTMB_LIB_INIT=R_init_model  -DCPPAD_FRAMEWORK    -I\"C:/rtools44/x86_64-w64-mingw32.static.posix/include\"     -O2 -Wa,-mbig-obj -c POPULATIONS//POPULATION_0008//INDIVIDUAL_Y1GU1JB0/model.cpp -o POPULATIONS//POPULATION_0008//INDIVIDUAL_Y1GU1JB0/model.o\ng++ -std=gnu++17 -shared -s -static-libgcc -o POPULATIONS//POPULATION_0008//INDIVIDUAL_Y1GU1JB0/model.dll tmp.def POPULATIONS//POPULATION_0008//INDIVIDUAL_Y1GU1JB0/model.o -LC:/rtools44/x86_64-w64-mingw32.static.posix/lib/x64 -LC:/rtools44/x86_64-w64-mingw32.static.posix/lib -LC:/Users/spi085/AppData/Local/Programs/R/R-4.4.1/bin/x64 -lR\nStarting model phases\nNumber of phases: 4 \nPhase 1 \nInitial parameter values for phase 1 :\nalpha_slow alpha_fast      gamma \n        NA         10         NA \nFinal parameter values for phase 1 :\nalpha_slow alpha_fast      gamma \n        NA         10         NA \nConvergence message: both X-convergence and relative convergence (5) \nNumber of iterations: 1 \nObjective function value: Inf \nGradient at solution for phase 1 :\n     [,1] [,2] [,3]\n[1,]    0    0    0\nPhase 2 \nInitial parameter values for phase 2 :\n       r_slow        r_fast          beta         T_opt refuge_effect \n           NA            NA            NA          26.3            NA \nError in model phases: NA/NaN gradient evaluation",
      "stderr": "Loading required package: TMB\nLoading required package: jsonlite\nhere() starts at C:/Users/spi085/OneDrive - CSIRO/Documents/_Projects/SCCP-QuantModelling\nusing C++ compiler: 'G__~1.EXE (GCC) 13.2.0'\nError in value[[3L]](cond) : \n  Error in model phases: NA/NaN gradient evaluation\nCalls: tryCatch -> tryCatchList -> tryCatchOne -> <Anonymous>\nIn addition: Warning messages:\n1: In nlminb(model$par, model$fn, model$gr) : NA/NaN function evaluation\n2: In nlminb(model$par, model$fn, model$gr) : NA/NaN function evaluation\n3: In nlminb(model$par, model$fn, model$gr) : NA/NaN function evaluation\nExecution halted"
    },
    "3": {
      "status": "ERROR",
      "message": "R script failed with return code 1",
      "stdout": "g++ -std=gnu++17  -I\"C:/Users/spi085/AppData/Local/Programs/R/R-4.4.1/include\" -DNDEBUG -I\"C:/Users/spi085/AppData/Local/Programs/R/R-44~1.1/library/TMB/include\" -I\"C:/Users/spi085/AppData/Local/Programs/R/R-44~1.1/library/RCPPEI~1/include\"   -DTMB_EIGEN_DISABLE_WARNINGS   -DTMB_LIB_INIT=R_init_model  -DCPPAD_FRAMEWORK    -I\"C:/rtools44/x86_64-w64-mingw32.static.posix/include\"     -O2 -Wa,-mbig-obj -c POPULATIONS//POPULATION_0008//INDIVIDUAL_Y1GU1JB0/model.cpp -o POPULATIONS//POPULATION_0008//INDIVIDUAL_Y1GU1JB0/model.o\ng++ -std=gnu++17 -shared -s -static-libgcc -o POPULATIONS//POPULATION_0008//INDIVIDUAL_Y1GU1JB0/model.dll tmp.def POPULATIONS//POPULATION_0008//INDIVIDUAL_Y1GU1JB0/model.o -LC:/rtools44/x86_64-w64-mingw32.static.posix/lib/x64 -LC:/rtools44/x86_64-w64-mingw32.static.posix/lib -LC:/Users/spi085/AppData/Local/Programs/R/R-4.4.1/bin/x64 -lR\nStarting model phases\nNumber of phases: 4 \nPhase 1 \nInitial parameter values for phase 1 :\nalpha_slow alpha_fast      gamma \n        NA         10         NA \nFinal parameter values for phase 1 :\nalpha_slow alpha_fast      gamma \n        NA         10         NA \nConvergence message: both X-convergence and relative convergence (5) \nNumber of iterations: 1 \nObjective function value: Inf \nGradient at solution for phase 1 :\n     [,1] [,2] [,3]\n[1,]    0    0    0\nPhase 2 \nInitial parameter values for phase 2 :\n       r_slow        r_fast          beta         T_opt refuge_effect \n           NA            NA            NA          26.3            NA \nError in model phases: NA/NaN gradient evaluation",
      "stderr": "Loading required package: TMB\nLoading required package: jsonlite\nhere() starts at C:/Users/spi085/OneDrive - CSIRO/Documents/_Projects/SCCP-QuantModelling\nusing C++ compiler: 'G__~1.EXE (GCC) 13.2.0'\nError in value[[3L]](cond) : \n  Error in model phases: NA/NaN gradient evaluation\nCalls: tryCatch -> tryCatchList -> tryCatchOne -> <Anonymous>\nIn addition: Warning messages:\n1: In nlminb(model$par, model$fn, model$gr) : NA/NaN function evaluation\n2: In nlminb(model$par, model$fn, model$gr) : NA/NaN function evaluation\n3: In nlminb(model$par, model$fn, model$gr) : NA/NaN function evaluation\nExecution halted"
    },
    "4": {
      "status": "ERROR",
      "message": "R script failed with return code 1",
      "stdout": "g++ -std=gnu++17  -I\"C:/Users/spi085/AppData/Local/Programs/R/R-4.4.1/include\" -DNDEBUG -I\"C:/Users/spi085/AppData/Local/Programs/R/R-44~1.1/library/TMB/include\" -I\"C:/Users/spi085/AppData/Local/Programs/R/R-44~1.1/library/RCPPEI~1/include\"   -DTMB_EIGEN_DISABLE_WARNINGS   -DTMB_LIB_INIT=R_init_model  -DCPPAD_FRAMEWORK    -I\"C:/rtools44/x86_64-w64-mingw32.static.posix/include\"     -O2 -Wa,-mbig-obj -c POPULATIONS//POPULATION_0008//INDIVIDUAL_Y1GU1JB0/model.cpp -o POPULATIONS//POPULATION_0008//INDIVIDUAL_Y1GU1JB0/model.o\ng++ -std=gnu++17 -shared -s -static-libgcc -o POPULATIONS//POPULATION_0008//INDIVIDUAL_Y1GU1JB0/model.dll tmp.def POPULATIONS//POPULATION_0008//INDIVIDUAL_Y1GU1JB0/model.o -LC:/rtools44/x86_64-w64-mingw32.static.posix/lib/x64 -LC:/rtools44/x86_64-w64-mingw32.static.posix/lib -LC:/Users/spi085/AppData/Local/Programs/R/R-4.4.1/bin/x64 -lR\nStarting model phases\nNumber of phases: 4 \nPhase 1 \nInitial parameter values for phase 1 :\nalpha_slow alpha_fast      gamma \n        NA         10         NA \nFinal parameter values for phase 1 :\nalpha_slow alpha_fast      gamma \n        NA         10         NA \nConvergence message: both X-convergence and relative convergence (5) \nNumber of iterations: 1 \nObjective function value: Inf \nGradient at solution for phase 1 :\n     [,1] [,2] [,3]\n[1,]    0    0    0\nPhase 2 \nInitial parameter values for phase 2 :\n       r_slow        r_fast          beta         T_opt refuge_effect \n           NA            NA            NA          26.3            NA \nError in model phases: NA/NaN gradient evaluation",
      "stderr": "Loading required package: TMB\nLoading required package: jsonlite\nhere() starts at C:/Users/spi085/OneDrive - CSIRO/Documents/_Projects/SCCP-QuantModelling\nusing C++ compiler: 'G__~1.EXE (GCC) 13.2.0'\nError in value[[3L]](cond) : \n  Error in model phases: NA/NaN gradient evaluation\nCalls: tryCatch -> tryCatchList -> tryCatchOne -> <Anonymous>\nIn addition: Warning messages:\n1: In nlminb(model$par, model$fn, model$gr) : NA/NaN function evaluation\n2: In nlminb(model$par, model$fn, model$gr) : NA/NaN function evaluation\n3: In nlminb(model$par, model$fn, model$gr) : NA/NaN function evaluation\nExecution halted"
    },
    "5": {
      "status": "ERROR",
      "message": "R script failed with return code 1",
      "stdout": "g++ -std=gnu++17  -I\"C:/Users/spi085/AppData/Local/Programs/R/R-4.4.1/include\" -DNDEBUG -I\"C:/Users/spi085/AppData/Local/Programs/R/R-44~1.1/library/TMB/include\" -I\"C:/Users/spi085/AppData/Local/Programs/R/R-44~1.1/library/RCPPEI~1/include\"   -DTMB_EIGEN_DISABLE_WARNINGS   -DTMB_LIB_INIT=R_init_model  -DCPPAD_FRAMEWORK    -I\"C:/rtools44/x86_64-w64-mingw32.static.posix/include\"     -O2 -Wa,-mbig-obj -c POPULATIONS//POPULATION_0008//INDIVIDUAL_Y1GU1JB0/model.cpp -o POPULATIONS//POPULATION_0008//INDIVIDUAL_Y1GU1JB0/model.o\ng++ -std=gnu++17 -shared -s -static-libgcc -o POPULATIONS//POPULATION_0008//INDIVIDUAL_Y1GU1JB0/model.dll tmp.def POPULATIONS//POPULATION_0008//INDIVIDUAL_Y1GU1JB0/model.o -LC:/rtools44/x86_64-w64-mingw32.static.posix/lib/x64 -LC:/rtools44/x86_64-w64-mingw32.static.posix/lib -LC:/Users/spi085/AppData/Local/Programs/R/R-4.4.1/bin/x64 -lR\nStarting model phases\nNumber of phases: 4 \nPhase 1 \nInitial parameter values for phase 1 :\nalpha_slow alpha_fast      gamma \n        NA         10         NA \nFinal parameter values for phase 1 :\nalpha_slow alpha_fast      gamma \n        NA         10         NA \nConvergence message: both X-convergence and relative convergence (5) \nNumber of iterations: 1 \nObjective function value: Inf \nGradient at solution for phase 1 :\n     [,1] [,2] [,3]\n[1,]    0    0    0\nPhase 2 \nInitial parameter values for phase 2 :\n       r_slow        r_fast          beta         T_opt refuge_effect \n           NA            NA            NA          26.3            NA \nError in model phases: NA/NaN gradient evaluation",
      "stderr": "Loading required package: TMB\nLoading required package: jsonlite\nhere() starts at C:/Users/spi085/OneDrive - CSIRO/Documents/_Projects/SCCP-QuantModelling\nusing C++ compiler: 'G__~1.EXE (GCC) 13.2.0'\nError in value[[3L]](cond) : \n  Error in model phases: NA/NaN gradient evaluation\nCalls: tryCatch -> tryCatchList -> tryCatchOne -> <Anonymous>\nIn addition: Warning messages:\n1: In nlminb(model$par, model$fn, model$gr) : NA/NaN function evaluation\n2: In nlminb(model$par, model$fn, model$gr) : NA/NaN function evaluation\n3: In nlminb(model$par, model$fn, model$gr) : NA/NaN function evaluation\nExecution halted"
    },
    "6": {
      "status": "ERROR",
      "message": "R script failed with return code 1",
      "stdout": "g++ -std=gnu++17  -I\"C:/Users/spi085/AppData/Local/Programs/R/R-4.4.1/include\" -DNDEBUG -I\"C:/Users/spi085/AppData/Local/Programs/R/R-44~1.1/library/TMB/include\" -I\"C:/Users/spi085/AppData/Local/Programs/R/R-44~1.1/library/RCPPEI~1/include\"   -DTMB_EIGEN_DISABLE_WARNINGS   -DTMB_LIB_INIT=R_init_model  -DCPPAD_FRAMEWORK    -I\"C:/rtools44/x86_64-w64-mingw32.static.posix/include\"     -O2 -Wa,-mbig-obj -c POPULATIONS//POPULATION_0008//INDIVIDUAL_Y1GU1JB0/model.cpp -o POPULATIONS//POPULATION_0008//INDIVIDUAL_Y1GU1JB0/model.o\ng++ -std=gnu++17 -shared -s -static-libgcc -o POPULATIONS//POPULATION_0008//INDIVIDUAL_Y1GU1JB0/model.dll tmp.def POPULATIONS//POPULATION_0008//INDIVIDUAL_Y1GU1JB0/model.o -LC:/rtools44/x86_64-w64-mingw32.static.posix/lib/x64 -LC:/rtools44/x86_64-w64-mingw32.static.posix/lib -LC:/Users/spi085/AppData/Local/Programs/R/R-4.4.1/bin/x64 -lR\nStarting model phases\nNumber of phases: 4 \nPhase 1 \nInitial parameter values for phase 1 :\nalpha_slow alpha_fast      gamma \n        NA         10         NA \nFinal parameter values for phase 1 :\nalpha_slow alpha_fast      gamma \n        NA         10         NA \nConvergence message: both X-convergence and relative convergence (5) \nNumber of iterations: 1 \nObjective function value: Inf \nGradient at solution for phase 1 :\n     [,1] [,2] [,3]\n[1,]    0    0    0\nPhase 2 \nInitial parameter values for phase 2 :\n       r_slow        r_fast          beta         T_opt refuge_effect \n           NA            NA            NA          26.3            NA \nError in model phases: NA/NaN gradient evaluation",
      "stderr": "Loading required package: TMB\nLoading required package: jsonlite\nhere() starts at C:/Users/spi085/OneDrive - CSIRO/Documents/_Projects/SCCP-QuantModelling\nusing C++ compiler: 'G__~1.EXE (GCC) 13.2.0'\nError in value[[3L]](cond) : \n  Error in model phases: NA/NaN gradient evaluation\nCalls: tryCatch -> tryCatchList -> tryCatchOne -> <Anonymous>\nIn addition: Warning messages:\n1: In nlminb(model$par, model$fn, model$gr) : NA/NaN function evaluation\n2: In nlminb(model$par, model$fn, model$gr) : NA/NaN function evaluation\n3: In nlminb(model$par, model$fn, model$gr) : NA/NaN function evaluation\nExecution halted"
    },
    "7": {
      "status": "BROKEN"
    }
  }
}