{
  "iterations": {
    "1": {
      "status": "ERROR",
      "message": "Model failed to compile.",
      "stdout": "g++ -std=gnu++17  -I\"C:/Users/spi085/AppData/Local/Programs/R/R-4.4.1/include\" -DNDEBUG -I\"C:/Users/spi085/AppData/Local/Programs/R/R-44~1.1/library/TMB/include\" -I\"C:/Users/spi085/AppData/Local/Programs/R/R-44~1.1/library/RCPPEI~1/include\"   -DTMB_EIGEN_DISABLE_WARNINGS   -DTMB_LIB_INIT=R_init_model  -DCPPAD_FRAMEWORK    -I\"C:/rtools44/x86_64-w64-mingw32.static.posix/include\"     -O2 -Wa,-mbig-obj -c POPULATIONS//POPULATION_0003//INDIVIDUAL_L776HDCL/model.cpp -o POPULATIONS//POPULATION_0003//INDIVIDUAL_L776HDCL/model.o",
      "stderr": "Loading required package: TMB\nLoading required package: jsonlite\nhere() starts at C:/Users/spi085/OneDrive - CSIRO/Documents/_Projects/SCCP-QuantModelling\nusing C++ compiler: 'G__~1.EXE (GCC) 13.2.0'\nPOPULATIONS//POPULATION_0003//INDIVIDUAL_L776HDCL/model.cpp: In instantiation of 'Type objective_function<Type>::operator()() [with Type = CppAD::AD<double>]':\nC:/Users/spi085/AppData/Local/Programs/R/R-4.4.1/library/TMB/include/tmb_core.hpp:1308:6:   required from here\nPOPULATIONS//POPULATION_0003//INDIVIDUAL_L776HDCL/model.cpp:67:51: error: no matching function for call to 'square(CppAD::AD<double>)'\n   67 |   if(slow_base < 0) nll += penalty_weight * square(0 - slow_base);\n      |                                             ~~~~~~^~~~~~~~~~~~~~~\nIn file included from C:/Users/spi085/AppData/Local/Programs/R/R-44~1.1/library/RCPPEI~1/include/Eigen/Core:380,\n                 from C:/Users/spi085/AppData/Local/Programs/R/R-44~1.1/library/RCPPEI~1/include/Eigen/Dense:1,\n                 from C:/Users/spi085/AppData/Local/Programs/R/R-4.4.1/library/TMB/include/TMB.hpp:92,\n                 from POPULATIONS//POPULATION_0003//INDIVIDUAL_L776HDCL/model.cpp:1:\nC:/Users/spi085/AppData/Local/Programs/R/R-44~1.1/library/RCPPEI~1/include/Eigen/src/Core/GlobalFunctions.h:91:36: note: candidate: 'template<class Derived> const Eigen::CwiseUnaryOp<Eigen::internal::scalar_square_op<typename Derived::Scalar>, const Derived> Eigen::square(const ArrayBase<Derived>&)'\n   91 |   EIGEN_ARRAY_DECLARE_GLOBAL_UNARY(square,scalar_square_op,square (power 2),\\sa Eigen::abs2 DOXCOMMA Eigen::pow DOXCOMMA ArrayBase::square)\n      |                                    ^~~~~~\nC:/Users/spi085/AppData/Local/Programs/R/R-44~1.1/library/RCPPEI~1/include/Eigen/src/Core/GlobalFunctions.h:32:4: note: in definition of macro 'EIGEN_ARRAY_DECLARE_GLOBAL_UNARY'\n   32 |   (NAME)(const Eigen::ArrayBase<Derived>& x) { \\\n      |    ^~~~\nC:/Users/spi085/AppData/Local/Programs/R/R-44~1.1/library/RCPPEI~1/include/Eigen/src/Core/GlobalFunctions.h:91:36: note:   template argument deduction/substitution failed:\n   91 |   EIGEN_ARRAY_DECLARE_GLOBAL_UNARY(square,scalar_square_op,square (power 2),\\sa Eigen::abs2 DOXCOMMA Eigen::pow DOXCOMMA ArrayBase::square)\n      |                                    ^~~~~~\nC:/Users/spi085/AppData/Local/Programs/R/R-44~1.1/library/RCPPEI~1/include/Eigen/src/Core/GlobalFunctions.h:32:4: note: in definition of macro 'EIGEN_ARRAY_DECLARE_GLOBAL_UNARY'\n   32 |   (NAME)(const Eigen::ArrayBase<Derived>& x) { \\\n      |    ^~~~\nPOPULATIONS//POPULATION_0003//INDIVIDUAL_L776HDCL/model.cpp:67:51: note:   'CppAD::AD<double>' is not derived from 'const Eigen::ArrayBase<Derived>'\n   67 |   if(slow_base < 0) nll += penalty_weight * square(0 - slow_base);\n      |                                             ~~~~~~^~~~~~~~~~~~~~~\nPOPULATIONS//POPULATION_0003//INDIVIDUAL_L776HDCL/model.cpp:68:53: error: no matching function for call to 'square(CppAD::AD<double>)'\n   68 |   if(slow_base > 100) nll += penalty_weight * square(slow_base - 100);\n      |                                               ~~~~~~^~~~~~~~~~~~~~~~~\nC:/Users/spi085/AppData/Local/Programs/R/R-44~1.1/library/RCPPEI~1/include/Eigen/src/Core/GlobalFunctions.h:91:36: note: candidate: 'template<class Derived> const Eigen::CwiseUnaryOp<Eigen::internal::scalar_square_op<typename Derived::Scalar>, const Derived> Eigen::square(const ArrayBase<Derived>&)'\n   91 |   EIGEN_ARRAY_DECLARE_GLOBAL_UNARY(square,scalar_square_op,square (power 2),\\sa Eigen::abs2 DOXCOMMA Eigen::pow DOXCOMMA ArrayBase::square)\n      |                                    ^~~~~~\nC:/Users/spi085/AppData/Local/Programs/R/R-44~1.1/library/RCPPEI~1/include/Eigen/src/Core/GlobalFunctions.h:32:4: note: in definition of macro 'EIGEN_ARRAY_DECLARE_GLOBAL_UNARY'\n   32 |   (NAME)(const Eigen::ArrayBase<Derived>& x) { \\\n      |    ^~~~\nC:/Users/spi085/AppData/Local/Programs/R/R-44~1.1/library/RCPPEI~1/include/Eigen/src/Core/GlobalFunctions.h:91:36: note:   template argument deduction/substitution failed:\n   91 |   EIGEN_ARRAY_DECLARE_GLOBAL_UNARY(square,scalar_square_op,square (power 2),\\sa Eigen::abs2 DOXCOMMA Eigen::pow DOXCOMMA ArrayBase::square)\n      |                                    ^~~~~~\nC:/Users/spi085/AppData/Local/Programs/R/R-44~1.1/library/RCPPEI~1/include/Eigen/src/Core/GlobalFunctions.h:32:4: note: in definition of macro 'EIGEN_ARRAY_DECLARE_GLOBAL_UNARY'\n   32 |   (NAME)(const Eigen::ArrayBase<Derived>& x) { \\\n      |    ^~~~\nPOPULATIONS//POPULATION_0003//INDIVIDUAL_L776HDCL/model.cpp:68:53: note:   'CppAD::AD<double>' is not derived from 'const Eigen::ArrayBase<Derived>'\n   68 |   if(slow_base > 100) nll += penalty_weight * square(slow_base - 100);\n      |                                               ~~~~~~^~~~~~~~~~~~~~~~~\nPOPULATIONS//POPULATION_0003//INDIVIDUAL_L776HDCL/model.cpp:69:51: error: no matching function for call to 'square(CppAD::AD<double>)'\n   69 |   if(fast_base < 0) nll += penalty_weight * square(0 - fast_base);\n      |                                             ~~~~~~^~~~~~~~~~~~~~~\nC:/Users/spi085/AppData/Local/Programs/R/R-44~1.1/library/RCPPEI~1/include/Eigen/src/Core/GlobalFunctions.h:91:36: note: candidate: 'template<class Derived> const Eigen::CwiseUnaryOp<Eigen::internal::scalar_square_op<typename Derived::Scalar>, const Derived> Eigen::square(const ArrayBase<Derived>&)'\n   91 |   EIGEN_ARRAY_DECLARE_GLOBAL_UNARY(square,scalar_square_op,square (power 2),\\sa Eigen::abs2 DOXCOMMA Eigen::pow DOXCOMMA ArrayBase::square)\n      |                                    ^~~~~~\nC:/Users/spi085/AppData/Local/Programs/R/R-44~1.1/library/RCPPEI~1/include/Eigen/src/Core/GlobalFunctions.h:32:4: note: in definition of macro 'EIGEN_ARRAY_DECLARE_GLOBAL_UNARY'\n   32 |   (NAME)(const Eigen::ArrayBase<Derived>& x) { \\\n      |    ^~~~\nC:/Users/spi085/AppData/Local/Programs/R/R-44~1.1/library/RCPPEI~1/include/Eigen/src/Core/GlobalFunctions.h:91:36: note:   template argument deduction/substitution failed:\n   91 |   EIGEN_ARRAY_DECLARE_GLOBAL_UNARY(square,scalar_square_op,square (power 2),\\sa Eigen::abs2 DOXCOMMA Eigen::pow DOXCOMMA ArrayBase::square)\n      |                                    ^~~~~~\nC:/Users/spi085/AppData/Local/Programs/R/R-44~1.1/library/RCPPEI~1/include/Eigen/src/Core/GlobalFunctions.h:32:4: note: in definition of macro 'EIGEN_ARRAY_DECLARE_GLOBAL_UNARY'\n   32 |   (NAME)(const Eigen::ArrayBase<Derived>& x) { \\\n      |    ^~~~\nPOPULATIONS//POPULATION_0003//INDIVIDUAL_L776HDCL/model.cpp:69:51: note:   'CppAD::AD<double>' is not derived from 'const Eigen::ArrayBase<Derived>'\n   69 |   if(fast_base < 0) nll += penalty_weight * square(0 - fast_base);\n      |                                             ~~~~~~^~~~~~~~~~~~~~~\nPOPULATIONS//POPULATION_0003//INDIVIDUAL_L776HDCL/model.cpp:70:53: error: no matching function for call to 'square(CppAD::AD<double>)'\n   70 |   if(fast_base > 100) nll += penalty_weight * square(fast_base - 100);\n      |                                               ~~~~~~^~~~~~~~~~~~~~~~~\nC:/Users/spi085/AppData/Local/Programs/R/R-44~1.1/library/RCPPEI~1/include/Eigen/src/Core/GlobalFunctions.h:91:36: note: candidate: 'template<class Derived> const Eigen::CwiseUnaryOp<Eigen::internal::scalar_square_op<typename Derived::Scalar>, const Derived> Eigen::square(const ArrayBase<Derived>&)'\n   91 |   EIGEN_ARRAY_DECLARE_GLOBAL_UNARY(square,scalar_square_op,square (power 2),\\sa Eigen::abs2 DOXCOMMA Eigen::pow DOXCOMMA ArrayBase::square)\n      |                                    ^~~~~~\nC:/Users/spi085/AppData/Local/Programs/R/R-44~1.1/library/RCPPEI~1/include/Eigen/src/Core/GlobalFunctions.h:32:4: note: in definition of macro 'EIGEN_ARRAY_DECLARE_GLOBAL_UNARY'\n   32 |   (NAME)(const Eigen::ArrayBase<Derived>& x) { \\\n      |    ^~~~\nC:/Users/spi085/AppData/Local/Programs/R/R-44~1.1/library/RCPPEI~1/include/Eigen/src/Core/GlobalFunctions.h:91:36: note:   template argument deduction/substitution failed:\n   91 |   EIGEN_ARRAY_DECLARE_GLOBAL_UNARY(square,scalar_square_op,square (power 2),\\sa Eigen::abs2 DOXCOMMA Eigen::pow DOXCOMMA ArrayBase::square)\n      |                                    ^~~~~~\nC:/Users/spi085/AppData/Local/Programs/R/R-44~1.1/library/RCPPEI~1/include/Eigen/src/Core/GlobalFunctions.h:32:4: note: in definition of macro 'EIGEN_ARRAY_DECLARE_GLOBAL_UNARY'\n   32 |   (NAME)(const Eigen::ArrayBase<Derived>& x) { \\\n      |    ^~~~\nPOPULATIONS//POPULATION_0003//INDIVIDUAL_L776HDCL/model.cpp:70:53: note:   'CppAD::AD<double>' is not derived from 'const Eigen::ArrayBase<Derived>'\n   70 |   if(fast_base > 100) nll += penalty_weight * square(fast_base - 100);\n      |                                               ~~~~~~^~~~~~~~~~~~~~~~~\nPOPULATIONS//POPULATION_0003//INDIVIDUAL_L776HDCL/model.cpp: In instantiation of 'Type objective_function<Type>::operator()() [with Type = double]':\nC:/Users/spi085/AppData/Local/Programs/R/R-4.4.1/library/TMB/include/tmb_core.hpp:2031:7:   required from here\nPOPULATIONS//POPULATION_0003//INDIVIDUAL_L776HDCL/model.cpp:67:51: error: no matching function for call to 'square(double)'\n   67 |   if(slow_base < 0) nll += penalty_weight * square(0 - slow_base);\n      |                                             ~~~~~~^~~~~~~~~~~~~~~\nC:/Users/spi085/AppData/Local/Programs/R/R-44~1.1/library/RCPPEI~1/include/Eigen/src/Core/GlobalFunctions.h:91:36: note: candidate: 'template<class Derived> const Eigen::CwiseUnaryOp<Eigen::internal::scalar_square_op<typename Derived::Scalar>, const Derived> Eigen::square(const ArrayBase<Derived>&)'\n   91 |   EIGEN_ARRAY_DECLARE_GLOBAL_UNARY(square,scalar_square_op,square (power 2),\\sa Eigen::abs2 DOXCOMMA Eigen::pow DOXCOMMA ArrayBase::square)\n      |                                    ^~~~~~\nC:/Users/spi085/AppData/Local/Programs/R/R-44~1.1/library/RCPPEI~1/include/Eigen/src/Core/GlobalFunctions.h:32:4: note: in definition of macro 'EIGEN_ARRAY_DECLARE_GLOBAL_UNARY'\n   32 |   (NAME)(const Eigen::ArrayBase<Derived>& x) { \\\n      |    ^~~~\nC:/Users/spi085/AppData/Local/Programs/R/R-44~1.1/library/RCPPEI~1/include/Eigen/src/Core/GlobalFunctions.h:91:36: note:   template argument deduction/substitution failed:\n   91 |   EIGEN_ARRAY_DECLARE_GLOBAL_UNARY(square,scalar_square_op,square (power 2),\\sa Eigen::abs2 DOXCOMMA Eigen::pow DOXCOMMA ArrayBase::square)\n      |                                    ^~~~~~\nC:/Users/spi085/AppData/Local/Programs/R/R-44~1.1/library/RCPPEI~1/include/Eigen/src/Core/GlobalFunctions.h:32:4: note: in definition of macro 'EIGEN_ARRAY_DECLARE_GLOBAL_UNARY'\n   32 |   (NAME)(const Eigen::ArrayBase<Derived>& x) { \\\n      |    ^~~~\nPOPULATIONS//POPULATION_0003//INDIVIDUAL_L776HDCL/model.cpp:67:51: note:   mismatched types 'const Eigen::ArrayBase<Derived>' and 'double'\n   67 |   if(slow_base < 0) nll += penalty_weight * square(0 - slow_base);\n      |                                             ~~~~~~^~~~~~~~~~~~~~~\nPOPULATIONS//POPULATION_0003//INDIVIDUAL_L776HDCL/model.cpp:68:53: error: no matching function for call to 'square(double)'\n   68 |   if(slow_base > 100) nll += penalty_weight * square(slow_base - 100);\n      |                                               ~~~~~~^~~~~~~~~~~~~~~~~\nC:/Users/spi085/AppData/Local/Programs/R/R-44~1.1/library/RCPPEI~1/include/Eigen/src/Core/GlobalFunctions.h:91:36: note: candidate: 'template<class Derived> const Eigen::CwiseUnaryOp<Eigen::internal::scalar_square_op<typename Derived::Scalar>, const Derived> Eigen::square(const ArrayBase<Derived>&)'\n   91 |   EIGEN_ARRAY_DECLARE_GLOBAL_UNARY(square,scalar_square_op,square (power 2),\\sa Eigen::abs2 DOXCOMMA Eigen::pow DOXCOMMA ArrayBase::square)\n      |                                    ^~~~~~\nC:/Users/spi085/AppData/Local/Programs/R/R-44~1.1/library/RCPPEI~1/include/Eigen/src/Core/GlobalFunctions.h:32:4: note: in definition of macro 'EIGEN_ARRAY_DECLARE_GLOBAL_UNARY'\n   32 |   (NAME)(const Eigen::ArrayBase<Derived>& x) { \\\n      |    ^~~~\nC:/Users/spi085/AppData/Local/Programs/R/R-44~1.1/library/RCPPEI~1/include/Eigen/src/Core/GlobalFunctions.h:91:36: note:   template argument deduction/substitution failed:\n   91 |   EIGEN_ARRAY_DECLARE_GLOBAL_UNARY(square,scalar_square_op,square (power 2),\\sa Eigen::abs2 DOXCOMMA Eigen::pow DOXCOMMA ArrayBase::square)\n      |                                    ^~~~~~\nC:/Users/spi085/AppData/Local/Programs/R/R-44~1.1/library/RCPPEI~1/include/Eigen/src/Core/GlobalFunctions.h:32:4: note: in definition of macro 'EIGEN_ARRAY_DECLARE_GLOBAL_UNARY'\n   32 |   (NAME)(const Eigen::ArrayBase<Derived>& x) { \\\n      |    ^~~~\nPOPULATIONS//POPULATION_0003//INDIVIDUAL_L776HDCL/model.cpp:68:53: note:   mismatched types 'const Eigen::ArrayBase<Derived>' and 'double'\n   68 |   if(slow_base > 100) nll += penalty_weight * square(slow_base - 100);\n      |                                               ~~~~~~^~~~~~~~~~~~~~~~~\nPOPULATIONS//POPULATION_0003//INDIVIDUAL_L776HDCL/model.cpp:69:51: error: no matching function for call to 'square(double)'\n   69 |   if(fast_base < 0) nll += penalty_weight * square(0 - fast_base);\n      |                                             ~~~~~~^~~~~~~~~~~~~~~\nC:/Users/spi085/AppData/Local/Programs/R/R-44~1.1/library/RCPPEI~1/include/Eigen/src/Core/GlobalFunctions.h:91:36: note: candidate: 'template<class Derived> const Eigen::CwiseUnaryOp<Eigen::internal::scalar_square_op<typename Derived::Scalar>, const Derived> Eigen::square(const ArrayBase<Derived>&)'\n   91 |   EIGEN_ARRAY_DECLARE_GLOBAL_UNARY(square,scalar_square_op,square (power 2),\\sa Eigen::abs2 DOXCOMMA Eigen::pow DOXCOMMA ArrayBase::square)\n      |                                    ^~~~~~\nC:/Users/spi085/AppData/Local/Programs/R/R-44~1.1/library/RCPPEI~1/include/Eigen/src/Core/GlobalFunctions.h:32:4: note: in definition of macro 'EIGEN_ARRAY_DECLARE_GLOBAL_UNARY'\n   32 |   (NAME)(const Eigen::ArrayBase<Derived>& x) { \\\n      |    ^~~~\nC:/Users/spi085/AppData/Local/Programs/R/R-44~1.1/library/RCPPEI~1/include/Eigen/src/Core/GlobalFunctions.h:91:36: note:   template argument deduction/substitution failed:\n   91 |   EIGEN_ARRAY_DECLARE_GLOBAL_UNARY(square,scalar_square_op,square (power 2),\\sa Eigen::abs2 DOXCOMMA Eigen::pow DOXCOMMA ArrayBase::square)\n      |                                    ^~~~~~\nC:/Users/spi085/AppData/Local/Programs/R/R-44~1.1/library/RCPPEI~1/include/Eigen/src/Core/GlobalFunctions.h:32:4: note: in definition of macro 'EIGEN_ARRAY_DECLARE_GLOBAL_UNARY'\n   32 |   (NAME)(const Eigen::ArrayBase<Derived>& x) { \\\n      |    ^~~~\nPOPULATIONS//POPULATION_0003//INDIVIDUAL_L776HDCL/model.cpp:69:51: note:   mismatched types 'const Eigen::ArrayBase<Derived>' and 'double'\n   69 |   if(fast_base < 0) nll += penalty_weight * square(0 - fast_base);\n      |                                             ~~~~~~^~~~~~~~~~~~~~~\nPOPULATIONS//POPULATION_0003//INDIVIDUAL_L776HDCL/model.cpp:70:53: error: no matching function for call to 'square(double)'\n   70 |   if(fast_base > 100) nll += penalty_weight * square(fast_base - 100);\n      |                                               ~~~~~~^~~~~~~~~~~~~~~~~\nC:/Users/spi085/AppData/Local/Programs/R/R-44~1.1/library/RCPPEI~1/include/Eigen/src/Core/GlobalFunctions.h:91:36: note: candidate: 'template<class Derived> const Eigen::CwiseUnaryOp<Eigen::internal::scalar_square_op<typename Derived::Scalar>, const Derived> Eigen::square(const ArrayBase<Derived>&)'\n   91 |   EIGEN_ARRAY_DECLARE_GLOBAL_UNARY(square,scalar_square_op,square (power 2),\\sa Eigen::abs2 DOXCOMMA Eigen::pow DOXCOMMA ArrayBase::square)\n      |                                    ^~~~~~\nC:/Users/spi085/AppData/Local/Programs/R/R-44~1.1/library/RCPPEI~1/include/Eigen/src/Core/GlobalFunctions.h:32:4: note: in definition of macro 'EIGEN_ARRAY_DECLARE_GLOBAL_UNARY'\n   32 |   (NAME)(const Eigen::ArrayBase<Derived>& x) { \\\n      |    ^~~~\nC:/Users/spi085/AppData/Local/Programs/R/R-44~1.1/library/RCPPEI~1/include/Eigen/src/Core/GlobalFunctions.h:91:36: note:   template argument deduction/substitution failed:\n   91 |   EIGEN_ARRAY_DECLARE_GLOBAL_UNARY(square,scalar_square_op,square (power 2),\\sa Eigen::abs2 DOXCOMMA Eigen::pow DOXCOMMA ArrayBase::square)\n      |                                    ^~~~~~\nC:/Users/spi085/AppData/Local/Programs/R/R-44~1.1/library/RCPPEI~1/include/Eigen/src/Core/GlobalFunctions.h:32:4: note: in definition of macro 'EIGEN_ARRAY_DECLARE_GLOBAL_UNARY'\n   32 |   (NAME)(const Eigen::ArrayBase<Derived>& x) { \\\n      |    ^~~~\nPOPULATIONS//POPULATION_0003//INDIVIDUAL_L776HDCL/model.cpp:70:53: note:   mismatched types 'const Eigen::ArrayBase<Derived>' and 'double'\n   70 |   if(fast_base > 100) nll += penalty_weight * square(fast_base - 100);\n      |                                               ~~~~~~^~~~~~~~~~~~~~~~~\nPOPULATIONS//POPULATION_0003//INDIVIDUAL_L776HDCL/model.cpp: In instantiation of 'Type objective_function<Type>::operator()() [with Type = CppAD::AD<CppAD::AD<double> >]':\nC:/Users/spi085/AppData/Local/Programs/R/R-4.4.1/library/TMB/include/tmb_core.hpp:913:29:   required from 'Type objective_function<Type>::evalUserTemplate() [with Type = CppAD::AD<CppAD::AD<double> >]'\nC:/Users/spi085/AppData/Local/Programs/R/R-4.4.1/library/TMB/include/tmb_core.hpp:2112:26:   required from here\nPOPULATIONS//POPULATION_0003//INDIVIDUAL_L776HDCL/model.cpp:67:51: error: no matching function for call to 'square(CppAD::AD<CppAD::AD<double> >)'\n   67 |   if(slow_base < 0) nll += penalty_weight * square(0 - slow_base);\n      |                                             ~~~~~~^~~~~~~~~~~~~~~\nC:/Users/spi085/AppData/Local/Programs/R/R-44~1.1/library/RCPPEI~1/include/Eigen/src/Core/GlobalFunctions.h:91:36: note: candidate: 'template<class Derived> const Eigen::CwiseUnaryOp<Eigen::internal::scalar_square_op<typename Derived::Scalar>, const Derived> Eigen::square(const ArrayBase<Derived>&)'\n   91 |   EIGEN_ARRAY_DECLARE_GLOBAL_UNARY(square,scalar_square_op,square (power 2),\\sa Eigen::abs2 DOXCOMMA Eigen::pow DOXCOMMA ArrayBase::square)\n      |                                    ^~~~~~\nC:/Users/spi085/AppData/Local/Programs/R/R-44~1.1/library/RCPPEI~1/include/Eigen/src/Core/GlobalFunctions.h:32:4: note: in definition of macro 'EIGEN_ARRAY_DECLARE_GLOBAL_UNARY'\n   32 |   (NAME)(const Eigen::ArrayBase<Derived>& x) { \\\n      |    ^~~~\nC:/Users/spi085/AppData/Local/Programs/R/R-44~1.1/library/RCPPEI~1/include/Eigen/src/Core/GlobalFunctions.h:91:36: note:   template argument deduction/substitution failed:\n   91 |   EIGEN_ARRAY_DECLARE_GLOBAL_UNARY(square,scalar_square_op,square (power 2),\\sa Eigen::abs2 DOXCOMMA Eigen::pow DOXCOMMA ArrayBase::square)\n      |                                    ^~~~~~\nC:/Users/spi085/AppData/Local/Programs/R/R-44~1.1/library/RCPPEI~1/include/Eigen/src/Core/GlobalFunctions.h:32:4: note: in definition of macro 'EIGEN_ARRAY_DECLARE_GLOBAL_UNARY'\n   32 |   (NAME)(const Eigen::ArrayBase<Derived>& x) { \\\n      |    ^~~~\nPOPULATIONS//POPULATION_0003//INDIVIDUAL_L776HDCL/model.cpp:67:51: note:   'CppAD::AD<CppAD::AD<double> >' is not derived from 'const Eigen::ArrayBase<Derived>'\n   67 |   if(slow_base < 0) nll += penalty_weight * square(0 - slow_base);\n      |                                             ~~~~~~^~~~~~~~~~~~~~~\nPOPULATIONS//POPULATION_0003//INDIVIDUAL_L776HDCL/model.cpp:68:53: error: no matching function for call to 'square(CppAD::AD<CppAD::AD<double> >)'\n   68 |   if(slow_base > 100) nll += penalty_weight * square(slow_base - 100);\n      |                                               ~~~~~~^~~~~~~~~~~~~~~~~\nC:/Users/spi085/AppData/Local/Programs/R/R-44~1.1/library/RCPPEI~1/include/Eigen/src/Core/GlobalFunctions.h:91:36: note: candidate: 'template<class Derived> const Eigen::CwiseUnaryOp<Eigen::internal::scalar_square_op<typename Derived::Scalar>, const Derived> Eigen::square(const ArrayBase<Derived>&)'\n   91 |   EIGEN_ARRAY_DECLARE_GLOBAL_UNARY(square,scalar_square_op,square (power 2),\\sa Eigen::abs2 DOXCOMMA Eigen::pow DOXCOMMA ArrayBase::square)\n      |                                    ^~~~~~\nC:/Users/spi085/AppData/Local/Programs/R/R-44~1.1/library/RCPPEI~1/include/Eigen/src/Core/GlobalFunctions.h:32:4: note: in definition of macro 'EIGEN_ARRAY_DECLARE_GLOBAL_UNARY'\n   32 |   (NAME)(const Eigen::ArrayBase<Derived>& x) { \\\n      |    ^~~~\nC:/Users/spi085/AppData/Local/Programs/R/R-44~1.1/library/RCPPEI~1/include/Eigen/src/Core/GlobalFunctions.h:91:36: note:   template argument deduction/substitution failed:\n   91 |   EIGEN_ARRAY_DECLARE_GLOBAL_UNARY(square,scalar_square_op,square (power 2),\\sa Eigen::abs2 DOXCOMMA Eigen::pow DOXCOMMA ArrayBase::square)\n      |                                    ^~~~~~\nC:/Users/spi085/AppData/Local/Programs/R/R-44~1.1/library/RCPPEI~1/include/Eigen/src/Core/GlobalFunctions.h:32:4: note: in definition of macro 'EIGEN_ARRAY_DECLARE_GLOBAL_UNARY'\n   32 |   (NAME)(const Eigen::ArrayBase<Derived>& x) { \\\n      |    ^~~~\nPOPULATIONS//POPULATION_0003//INDIVIDUAL_L776HDCL/model.cpp:68:53: note:   'CppAD::AD<CppAD::AD<double> >' is not derived from 'const Eigen::ArrayBase<Derived>'\n   68 |   if(slow_base > 100) nll += penalty_weight * square(slow_base - 100);\n      |                                               ~~~~~~^~~~~~~~~~~~~~~~~\nPOPULATIONS//POPULATION_0003//INDIVIDUAL_L776HDCL/model.cpp:69:51: error: no matching function for call to 'square(CppAD::AD<CppAD::AD<double> >)'\n   69 |   if(fast_base < 0) nll += penalty_weight * square(0 - fast_base);\n      |                                             ~~~~~~^~~~~~~~~~~~~~~\nC:/Users/spi085/AppData/Local/Programs/R/R-44~1.1/library/RCPPEI~1/include/Eigen/src/Core/GlobalFunctions.h:91:36: note: candidate: 'template<class Derived> const Eigen::CwiseUnaryOp<Eigen::internal::scalar_square_op<typename Derived::Scalar>, const Derived> Eigen::square(const ArrayBase<Derived>&)'\n   91 |   EIGEN_ARRAY_DECLARE_GLOBAL_UNARY(square,scalar_square_op,square (power 2),\\sa Eigen::abs2 DOXCOMMA Eigen::pow DOXCOMMA ArrayBase::square)\n      |                                    ^~~~~~\nC:/Users/spi085/AppData/Local/Programs/R/R-44~1.1/library/RCPPEI~1/include/Eigen/src/Core/GlobalFunctions.h:32:4: note: in definition of macro 'EIGEN_ARRAY_DECLARE_GLOBAL_UNARY'\n   32 |   (NAME)(const Eigen::ArrayBase<Derived>& x) { \\\n      |    ^~~~\nC:/Users/spi085/AppData/Local/Programs/R/R-44~1.1/library/RCPPEI~1/include/Eigen/src/Core/GlobalFunctions.h:91:36: note:   template argument deduction/substitution failed:\n   91 |   EIGEN_ARRAY_DECLARE_GLOBAL_UNARY(square,scalar_square_op,square (power 2),\\sa Eigen::abs2 DOXCOMMA Eigen::pow DOXCOMMA ArrayBase::square)\n      |                                    ^~~~~~\nC:/Users/spi085/AppData/Local/Programs/R/R-44~1.1/library/RCPPEI~1/include/Eigen/src/Core/GlobalFunctions.h:32:4: note: in definition of macro 'EIGEN_ARRAY_DECLARE_GLOBAL_UNARY'\n   32 |   (NAME)(const Eigen::ArrayBase<Derived>& x) { \\\n      |    ^~~~\nPOPULATIONS//POPULATION_0003//INDIVIDUAL_L776HDCL/model.cpp:69:51: note:   'CppAD::AD<CppAD::AD<double> >' is not derived from 'const Eigen::ArrayBase<Derived>'\n   69 |   if(fast_base < 0) nll += penalty_weight * square(0 - fast_base);\n      |                                             ~~~~~~^~~~~~~~~~~~~~~\nPOPULATIONS//POPULATION_0003//INDIVIDUAL_L776HDCL/model.cpp:70:53: error: no matching function for call to 'square(CppAD::AD<CppAD::AD<double> >)'\n   70 |   if(fast_base > 100) nll += penalty_weight * square(fast_base - 100);\n      |                                               ~~~~~~^~~~~~~~~~~~~~~~~\nC:/Users/spi085/AppData/Local/Programs/R/R-44~1.1/library/RCPPEI~1/include/Eigen/src/Core/GlobalFunctions.h:91:36: note: candidate: 'template<class Derived> const Eigen::CwiseUnaryOp<Eigen::internal::scalar_square_op<typename Derived::Scalar>, const Derived> Eigen::square(const ArrayBase<Derived>&)'\n   91 |   EIGEN_ARRAY_DECLARE_GLOBAL_UNARY(square,scalar_square_op,square (power 2),\\sa Eigen::abs2 DOXCOMMA Eigen::pow DOXCOMMA ArrayBase::square)\n      |                                    ^~~~~~\nC:/Users/spi085/AppData/Local/Programs/R/R-44~1.1/library/RCPPEI~1/include/Eigen/src/Core/GlobalFunctions.h:32:4: note: in definition of macro 'EIGEN_ARRAY_DECLARE_GLOBAL_UNARY'\n   32 |   (NAME)(const Eigen::ArrayBase<Derived>& x) { \\\n      |    ^~~~\nC:/Users/spi085/AppData/Local/Programs/R/R-44~1.1/library/RCPPEI~1/include/Eigen/src/Core/GlobalFunctions.h:91:36: note:   template argument deduction/substitution failed:\n   91 |   EIGEN_ARRAY_DECLARE_GLOBAL_UNARY(square,scalar_square_op,square (power 2),\\sa Eigen::abs2 DOXCOMMA Eigen::pow DOXCOMMA ArrayBase::square)\n      |                                    ^~~~~~\nC:/Users/spi085/AppData/Local/Programs/R/R-44~1.1/library/RCPPEI~1/include/Eigen/src/Core/GlobalFunctions.h:32:4: note: in definition of macro 'EIGEN_ARRAY_DECLARE_GLOBAL_UNARY'\n   32 |   (NAME)(const Eigen::ArrayBase<Derived>& x) { \\\n      |    ^~~~\nPOPULATIONS//POPULATION_0003//INDIVIDUAL_L776HDCL/model.cpp:70:53: note:   'CppAD::AD<CppAD::AD<double> >' is not derived from 'const Eigen::ArrayBase<Derived>'\n   70 |   if(fast_base > 100) nll += penalty_weight * square(fast_base - 100);\n      |                                               ~~~~~~^~~~~~~~~~~~~~~~~\nPOPULATIONS//POPULATION_0003//INDIVIDUAL_L776HDCL/model.cpp: In instantiation of 'Type objective_function<Type>::operator()() [with Type = CppAD::AD<CppAD::AD<CppAD::AD<double> > >]':\nC:/Users/spi085/AppData/Local/Programs/R/R-4.4.1/library/TMB/include/tmb_core.hpp:913:29:   required from 'Type objective_function<Type>::evalUserTemplate() [with Type = CppAD::AD<CppAD::AD<CppAD::AD<double> > >]'\nC:/Users/spi085/AppData/Local/Programs/R/R-4.4.1/library/TMB/include/tmb_core.hpp:2361:28:   required from here\nPOPULATIONS//POPULATION_0003//INDIVIDUAL_L776HDCL/model.cpp:67:51: error: no matching function for call to 'square(CppAD::AD<CppAD::AD<CppAD::AD<double> > >)'\n   67 |   if(slow_base < 0) nll += penalty_weight * square(0 - slow_base);\n      |                                             ~~~~~~^~~~~~~~~~~~~~~\nC:/Users/spi085/AppData/Local/Programs/R/R-44~1.1/library/RCPPEI~1/include/Eigen/src/Core/GlobalFunctions.h:91:36: note: candidate: 'template<class Derived> const Eigen::CwiseUnaryOp<Eigen::internal::scalar_square_op<typename Derived::Scalar>, const Derived> Eigen::square(const ArrayBase<Derived>&)'\n   91 |   EIGEN_ARRAY_DECLARE_GLOBAL_UNARY(square,scalar_square_op,square (power 2),\\sa Eigen::abs2 DOXCOMMA Eigen::pow DOXCOMMA ArrayBase::square)\n      |                                    ^~~~~~\nC:/Users/spi085/AppData/Local/Programs/R/R-44~1.1/library/RCPPEI~1/include/Eigen/src/Core/GlobalFunctions.h:32:4: note: in definition of macro 'EIGEN_ARRAY_DECLARE_GLOBAL_UNARY'\n   32 |   (NAME)(const Eigen::ArrayBase<Derived>& x) { \\\n      |    ^~~~\nC:/Users/spi085/AppData/Local/Programs/R/R-44~1.1/library/RCPPEI~1/include/Eigen/src/Core/GlobalFunctions.h:91:36: note:   template argument deduction/substitution failed:\n   91 |   EIGEN_ARRAY_DECLARE_GLOBAL_UNARY(square,scalar_square_op,square (power 2),\\sa Eigen::abs2 DOXCOMMA Eigen::pow DOXCOMMA ArrayBase::square)\n      |                                    ^~~~~~\nC:/Users/spi085/AppData/Local/Programs/R/R-44~1.1/library/RCPPEI~1/include/Eigen/src/Core/GlobalFunctions.h:32:4: note: in definition of macro 'EIGEN_ARRAY_DECLARE_GLOBAL_UNARY'\n   32 |   (NAME)(const Eigen::ArrayBase<Derived>& x) { \\\n      |    ^~~~\nPOPULATIONS//POPULATION_0003//INDIVIDUAL_L776HDCL/model.cpp:67:51: note:   'CppAD::AD<CppAD::AD<CppAD::AD<double> > >' is not derived from 'const Eigen::ArrayBase<Derived>'\n   67 |   if(slow_base < 0) nll += penalty_weight * square(0 - slow_base);\n      |                                             ~~~~~~^~~~~~~~~~~~~~~\nPOPULATIONS//POPULATION_0003//INDIVIDUAL_L776HDCL/model.cpp:68:53: error: no matching function for call to 'square(CppAD::AD<CppAD::AD<CppAD::AD<double> > >)'\n   68 |   if(slow_base > 100) nll += penalty_weight * square(slow_base - 100);\n      |                                               ~~~~~~^~~~~~~~~~~~~~~~~\nC:/Users/spi085/AppData/Local/Programs/R/R-44~1.1/library/RCPPEI~1/include/Eigen/src/Core/GlobalFunctions.h:91:36: note: candidate: 'template<class Derived> const Eigen::CwiseUnaryOp<Eigen::internal::scalar_square_op<typename Derived::Scalar>, const Derived> Eigen::square(const ArrayBase<Derived>&)'\n   91 |   EIGEN_ARRAY_DECLARE_GLOBAL_UNARY(square,scalar_square_op,square (power 2),\\sa Eigen::abs2 DOXCOMMA Eigen::pow DOXCOMMA ArrayBase::square)\n      |                                    ^~~~~~\nC:/Users/spi085/AppData/Local/Programs/R/R-44~1.1/library/RCPPEI~1/include/Eigen/src/Core/GlobalFunctions.h:32:4: note: in definition of macro 'EIGEN_ARRAY_DECLARE_GLOBAL_UNARY'\n   32 |   (NAME)(const Eigen::ArrayBase<Derived>& x) { \\\n      |    ^~~~\nC:/Users/spi085/AppData/Local/Programs/R/R-44~1.1/library/RCPPEI~1/include/Eigen/src/Core/GlobalFunctions.h:91:36: note:   template argument deduction/substitution failed:\n   91 |   EIGEN_ARRAY_DECLARE_GLOBAL_UNARY(square,scalar_square_op,square (power 2),\\sa Eigen::abs2 DOXCOMMA Eigen::pow DOXCOMMA ArrayBase::square)\n      |                                    ^~~~~~\nC:/Users/spi085/AppData/Local/Programs/R/R-44~1.1/library/RCPPEI~1/include/Eigen/src/Core/GlobalFunctions.h:32:4: note: in definition of macro 'EIGEN_ARRAY_DECLARE_GLOBAL_UNARY'\n   32 |   (NAME)(const Eigen::ArrayBase<Derived>& x) { \\\n      |    ^~~~\nPOPULATIONS//POPULATION_0003//INDIVIDUAL_L776HDCL/model.cpp:68:53: note:   'CppAD::AD<CppAD::AD<CppAD::AD<double> > >' is not derived from 'const Eigen::ArrayBase<Derived>'\n   68 |   if(slow_base > 100) nll += penalty_weight * square(slow_base - 100);\n      |                                               ~~~~~~^~~~~~~~~~~~~~~~~\nPOPULATIONS//POPULATION_0003//INDIVIDUAL_L776HDCL/model.cpp:69:51: error: no matching function for call to 'square(CppAD::AD<CppAD::AD<CppAD::AD<double> > >)'\n   69 |   if(fast_base < 0) nll += penalty_weight * square(0 - fast_base);\n      |                                             ~~~~~~^~~~~~~~~~~~~~~\nC:/Users/spi085/AppData/Local/Programs/R/R-44~1.1/library/RCPPEI~1/include/Eigen/src/Core/GlobalFunctions.h:91:36: note: candidate: 'template<class Derived> const Eigen::CwiseUnaryOp<Eigen::internal::scalar_square_op<typename Derived::Scalar>, const Derived> Eigen::square(const ArrayBase<Derived>&)'\n   91 |   EIGEN_ARRAY_DECLARE_GLOBAL_UNARY(square,scalar_square_op,square (power 2),\\sa Eigen::abs2 DOXCOMMA Eigen::pow DOXCOMMA ArrayBase::square)\n      |                                    ^~~~~~\nC:/Users/spi085/AppData/Local/Programs/R/R-44~1.1/library/RCPPEI~1/include/Eigen/src/Core/GlobalFunctions.h:32:4: note: in definition of macro 'EIGEN_ARRAY_DECLARE_GLOBAL_UNARY'\n   32 |   (NAME)(const Eigen::ArrayBase<Derived>& x) { \\\n      |    ^~~~\nC:/Users/spi085/AppData/Local/Programs/R/R-44~1.1/library/RCPPEI~1/include/Eigen/src/Core/GlobalFunctions.h:91:36: note:   template argument deduction/substitution failed:\n   91 |   EIGEN_ARRAY_DECLARE_GLOBAL_UNARY(square,scalar_square_op,square (power 2),\\sa Eigen::abs2 DOXCOMMA Eigen::pow DOXCOMMA ArrayBase::square)\n      |                                    ^~~~~~\nC:/Users/spi085/AppData/Local/Programs/R/R-44~1.1/library/RCPPEI~1/include/Eigen/src/Core/GlobalFunctions.h:32:4: note: in definition of macro 'EIGEN_ARRAY_DECLARE_GLOBAL_UNARY'\n   32 |   (NAME)(const Eigen::ArrayBase<Derived>& x) { \\\n      |    ^~~~\nPOPULATIONS//POPULATION_0003//INDIVIDUAL_L776HDCL/model.cpp:69:51: note:   'CppAD::AD<CppAD::AD<CppAD::AD<double> > >' is not derived from 'const Eigen::ArrayBase<Derived>'\n   69 |   if(fast_base < 0) nll += penalty_weight * square(0 - fast_base);\n      |                                             ~~~~~~^~~~~~~~~~~~~~~\nPOPULATIONS//POPULATION_0003//INDIVIDUAL_L776HDCL/model.cpp:70:53: error: no matching function for call to 'square(CppAD::AD<CppAD::AD<CppAD::AD<double> > >)'\n   70 |   if(fast_base > 100) nll += penalty_weight * square(fast_base - 100);\n      |                                               ~~~~~~^~~~~~~~~~~~~~~~~\nC:/Users/spi085/AppData/Local/Programs/R/R-44~1.1/library/RCPPEI~1/include/Eigen/src/Core/GlobalFunctions.h:91:36: note: candidate: 'template<class Derived> const Eigen::CwiseUnaryOp<Eigen::internal::scalar_square_op<typename Derived::Scalar>, const Derived> Eigen::square(const ArrayBase<Derived>&)'\n   91 |   EIGEN_ARRAY_DECLARE_GLOBAL_UNARY(square,scalar_square_op,square (power 2),\\sa Eigen::abs2 DOXCOMMA Eigen::pow DOXCOMMA ArrayBase::square)\n      |                                    ^~~~~~\nC:/Users/spi085/AppData/Local/Programs/R/R-44~1.1/library/RCPPEI~1/include/Eigen/src/Core/GlobalFunctions.h:32:4: note: in definition of macro 'EIGEN_ARRAY_DECLARE_GLOBAL_UNARY'\n   32 |   (NAME)(const Eigen::ArrayBase<Derived>& x) { \\\n      |    ^~~~\nC:/Users/spi085/AppData/Local/Programs/R/R-44~1.1/library/RCPPEI~1/include/Eigen/src/Core/GlobalFunctions.h:91:36: note:   template argument deduction/substitution failed:\n   91 |   EIGEN_ARRAY_DECLARE_GLOBAL_UNARY(square,scalar_square_op,square (power 2),\\sa Eigen::abs2 DOXCOMMA Eigen::pow DOXCOMMA ArrayBase::square)\n      |                                    ^~~~~~\nC:/Users/spi085/AppData/Local/Programs/R/R-44~1.1/library/RCPPEI~1/include/Eigen/src/Core/GlobalFunctions.h:32:4: note: in definition of macro 'EIGEN_ARRAY_DECLARE_GLOBAL_UNARY'\n   32 |   (NAME)(const Eigen::ArrayBase<Derived>& x) { \\\n      |    ^~~~\nPOPULATIONS//POPULATION_0003//INDIVIDUAL_L776HDCL/model.cpp:70:53: note:   'CppAD::AD<CppAD::AD<CppAD::AD<double> > >' is not derived from 'const Eigen::ArrayBase<Derived>'\n   70 |   if(fast_base > 100) nll += penalty_weight * square(fast_base - 100);\n      |                                               ~~~~~~^~~~~~~~~~~~~~~~~\nmake: *** [C:/Users/spi085/AppData/Local/Programs/R/R-4.4.1/etc/x64/Makeconf:296: POPULATIONS//POPULATION_0003//INDIVIDUAL_L776HDCL/model.o] Error 1\nError in TMB::compile(file.path(individual_dir, model_file), flags = flags,  : \n  Compilation failed\nError: Compilation failed\nExecution halted"
    },
    "2": {
      "status": "SUCCESS",
      "objective_value": 0.9437,
      "model_summary": [
        "            Length Class  Mode     ",
        "par         10     -none- numeric  ",
        "objective    1     -none- numeric  ",
        "convergence  1     -none- numeric  ",
        "iterations   1     -none- numeric  ",
        "evaluations  2     -none- numeric  ",
        "message      1     -none- character"
      ],
      "model_report": {
        "growth_fast": 1,
        "cots_pred": [
          0.5053,
          0.5071,
          0.5251,
          0.4478,
          0.5,
          0.5143,
          0.4838,
          0.4766,
          0.482,
          1.9532,
          0.473,
          2.0658,
          1.1838,
          0.464,
          0.4172,
          0.5197,
          0.5431,
          0.5647,
          0.4568,
          0.4622,
          0.4406,
          0.4694,
          0.482,
          0.5,
          0.4514,
          0.473
        ],
        "growth_slow": 1,
        "fast_pred": [
          6.3398,
          7.5797,
          8.4582,
          7.5913,
          9.0061,
          7.5665,
          8.6234,
          7.9597,
          7.2416,
          8.048,
          9.4789,
          20.453,
          8.0382,
          15.1949,
          7.2435,
          8.8918,
          6.7532,
          6.7922,
          7.9031,
          6.5358,
          6.3182,
          6.4862,
          6.6403,
          6.444,
          6.5822,
          7.041
        ],
        "cots_rate": 0.018,
        "slow_pred": [
          11.1036,
          12.2381,
          12.9913,
          12.2483,
          13.4431,
          12.2265,
          13.1289,
          12.5685,
          11.9377,
          12.6443,
          13.823,
          21.0142,
          12.6359,
          17.874,
          11.9394,
          13.3499,
          11.4923,
          11.5284,
          12.5198,
          11.2893,
          11.083,
          11.2425,
          11.3872,
          11.2026,
          11.3329,
          11.7564
        ]
      },
      "plot_data": {
        "cots_pred": {
          "Year": [
            1980,
            1981,
            1982,
            1983,
            1984,
            1985,
            1986,
            1987,
            1988,
            1989,
            1990,
            1991,
            1992,
            1993,
            1994,
            1995,
            1996,
            1997,
            1998,
            1999,
            2000,
            2001,
            2002,
            2003,
            2004,
            2005
          ],
          "Modeled": [
            0.5053,
            0.5071,
            0.5251,
            0.4478,
            0.5,
            0.5143,
            0.4838,
            0.4766,
            0.482,
            1.9532,
            0.473,
            2.0658,
            1.1838,
            0.464,
            0.4172,
            0.5197,
            0.5431,
            0.5647,
            0.4568,
            0.4622,
            0.4406,
            0.4694,
            0.482,
            0.5,
            0.4514,
            0.473
          ],
          "Observed": [
            0.2615,
            0.5498,
            0.7268,
            0.5523,
            0.8281,
            0.547,
            0.758,
            0.6288,
            0.4762,
            0.6466,
            0.9107,
            2.152,
            0.6446,
            1.6723,
            0.4766,
            0.8075,
            0.3635,
            0.3728,
            0.6173,
            0.3107,
            0.256,
            0.2984,
            0.3362,
            0.2878,
            0.3221,
            0.4308
          ]
        },
        "slow_pred": {
          "Year": [
            1980,
            1981,
            1982,
            1983,
            1984,
            1985,
            1986,
            1987,
            1988,
            1989,
            1990,
            1991,
            1992,
            1993,
            1994,
            1995,
            1996,
            1997,
            1998,
            1999,
            2000,
            2001,
            2002,
            2003,
            2004,
            2005
          ],
          "Modeled": [
            11.1036,
            12.2381,
            12.9913,
            12.2483,
            13.4431,
            12.2265,
            13.1289,
            12.5685,
            11.9377,
            12.6443,
            13.823,
            21.0142,
            12.6359,
            17.874,
            11.9394,
            13.3499,
            11.4923,
            11.5284,
            12.5198,
            11.2893,
            11.083,
            11.2425,
            11.3872,
            11.2026,
            11.3329,
            11.7564
          ],
          "Observed": [
            10.0694,
            17.7236,
            23.8276,
            19.4181,
            15.6354,
            32.4596,
            21.5567,
            34.1938,
            18.8708,
            27.3176,
            44.3301,
            13.3275,
            11.3741,
            8.3362,
            15.207,
            12.443,
            11.0666,
            10.6442,
            2.3628,
            2.76,
            3.7236,
            7.0355,
            10.2239,
            8.4754,
            9.0819,
            13.7314
          ]
        },
        "fast_pred": {
          "Year": [
            1980,
            1981,
            1982,
            1983,
            1984,
            1985,
            1986,
            1987,
            1988,
            1989,
            1990,
            1991,
            1992,
            1993,
            1994,
            1995,
            1996,
            1997,
            1998,
            1999,
            2000,
            2001,
            2002,
            2003,
            2004,
            2005
          ],
          "Modeled": [
            6.3398,
            7.5797,
            8.4582,
            7.5913,
            9.0061,
            7.5665,
            8.6234,
            7.9597,
            7.2416,
            8.048,
            9.4789,
            20.453,
            8.0382,
            15.1949,
            7.2435,
            8.8918,
            6.7532,
            6.7922,
            7.9031,
            6.5358,
            6.3182,
            6.4862,
            6.6403,
            6.444,
            6.5822,
            7.041
          ],
          "Observed": [
            12.7726,
            16.4147,
            12.7773,
            12.2798,
            15.1152,
            12.8194,
            10.4631,
            9.7251,
            13.2014,
            16.4512,
            11.1393,
            18.0832,
            11.5223,
            8.51,
            9.1622,
            5.3353,
            8.6044,
            7.2781,
            2.629,
            4.6951,
            1.5948,
            5.2172,
            2.6041,
            3.3618,
            7.3289,
            4.4014
          ]
        }
      },
      "stdout": "g++ -std=gnu++17  -I\"C:/Users/spi085/AppData/Local/Programs/R/R-4.4.1/include\" -DNDEBUG -I\"C:/Users/spi085/AppData/Local/Programs/R/R-44~1.1/library/TMB/include\" -I\"C:/Users/spi085/AppData/Local/Programs/R/R-44~1.1/library/RCPPEI~1/include\"   -DTMB_EIGEN_DISABLE_WARNINGS   -DTMB_LIB_INIT=R_init_model  -DCPPAD_FRAMEWORK    -I\"C:/rtools44/x86_64-w64-mingw32.static.posix/include\"     -O2 -Wa,-mbig-obj -c POPULATIONS//POPULATION_0003//INDIVIDUAL_L776HDCL/model.cpp -o POPULATIONS//POPULATION_0003//INDIVIDUAL_L776HDCL/model.o\ng++ -std=gnu++17 -shared -s -static-libgcc -o POPULATIONS//POPULATION_0003//INDIVIDUAL_L776HDCL/model.dll tmp.def POPULATIONS//POPULATION_0003//INDIVIDUAL_L776HDCL/model.o -LC:/rtools44/x86_64-w64-mingw32.static.posix/lib/x64 -LC:/rtools44/x86_64-w64-mingw32.static.posix/lib -LC:/Users/spi085/AppData/Local/Programs/R/R-4.4.1/bin/x64 -lR\nStarting model phases\nNumber of phases: 1 \nPhase 1 \nInitial parameter values for phase 1 :\nlog_growth_slow log_growth_fast       beta_slow       beta_fast       slow_base \n            0.0             0.0             0.1             0.1            80.0 \n      fast_base   log_cots_rate      sigma_slow      sigma_fast      sigma_cots \n           60.0             0.0             0.1             0.1             0.1 \nFinal parameter values for phase 1 :\nlog_growth_slow log_growth_fast       beta_slow       beta_fast       slow_base \n      0.0000000       0.0000000      -0.3374427      -0.6195673      10.1657482 \n      fast_base   log_cots_rate      sigma_slow      sigma_fast      sigma_cots \n      5.3915157      -4.0182797       0.6883626       0.5773466       0.5055511 \nConvergence message: relative convergence (4) \nNumber of iterations: 66 \nObjective function value: 68.95088 \nGradient at solution for phase 1 :\n     [,1] [,2]         [,3]         [,4]         [,5]          [,6]\n[1,]    0    0 -1.02575e-05 1.690307e-05 5.066419e-07 -2.922403e-06\n             [,7]         [,8]          [,9]        [,10]\n[1,] 1.781817e-05 3.057175e-05 -7.994476e-06 1.319939e-05\nFinal Phase\nInitial parameter values for final phase:\nlog_growth_slow log_growth_fast       beta_slow       beta_fast       slow_base \n      0.0000000       0.0000000      -0.3374427      -0.6195673      10.1657482 \n      fast_base   log_cots_rate      sigma_slow      sigma_fast      sigma_cots \n      5.3915157      -4.0182797       0.6883626       0.5773466       0.5055511 \nFinal parameter values for final phase:\nlog_growth_slow log_growth_fast       beta_slow       beta_fast       slow_base \n      0.0000000       0.0000000      -0.3374427      -0.6195673      10.1657482 \n      fast_base   log_cots_rate      sigma_slow      sigma_fast      sigma_cots \n      5.3915157      -4.0182797       0.6883626       0.5773466       0.5055511 \nConvergence message: relative convergence (4) \nNumber of iterations: 1 \nObjective function value: 68.95088 \nGradient at solution for final phase:\n     [,1] [,2]         [,3]         [,4]         [,5]          [,6]\n[1,]    0    0 -1.02575e-05 1.690307e-05 5.066419e-07 -2.922403e-06\n             [,7]         [,8]          [,9]        [,10]\n[1,] 1.781817e-05 3.057175e-05 -7.994476e-06 1.319939e-05\nAll phases completed\n\nDEBUG: Report contents:\nList of 6\n $ growth_fast: num 1\n $ cots_pred  : num [1:26] 0.505 0.507 0.525 0.448 0.5 ...\n $ growth_slow: num 1\n $ fast_pred  : num [1:26] 6.34 7.58 8.46 7.59 9.01 ...\n $ cots_rate  : num 0.018\n $ slow_pred  : num [1:26] 11.1 12.2 13 12.2 13.4 ...\nNULL\n\nDEBUG: Available variables in report:\n[1] \"growth_fast\" \"cots_pred\"   \"growth_slow\" \"fast_pred\"   \"cots_rate\"  \n[6] \"slow_pred\"  \n\nChecking predictions and calculating objective function...\n\nDEBUG: Processing cots_pred \nDEBUG: First few predictions: 0.5053469 0.5071453 0.5251292 0.4477985 0.4999518 0.5143389 \nDEBUG: Summary statistics:\n   Min. 1st Qu.  Median    Mean 3rd Qu.    Max. \n 0.4172  0.4653  0.4829  0.6293  0.5184  2.0658 \nDEBUG: All zeros? FALSE \nDEBUG: Any infinities? FALSE \n\nDEBUG: Processing slow_pred \nDEBUG: First few predictions: 11.10357 12.23813 12.99131 12.24834 13.44312 12.22653 \nDEBUG: Summary statistics:\n   Min. 1st Qu.  Median    Mean 3rd Qu.    Max. \n  11.08   11.41   12.23   12.69   12.90   21.01 \nDEBUG: All zeros? FALSE \nDEBUG: Any infinities? FALSE \n\nDEBUG: Processing fast_pred \nDEBUG: First few predictions: 6.339792 7.579724 8.458175 7.591338 9.00611 7.566531 \nDEBUG: Summary statistics:\n   Min. 1st Qu.  Median    Mean 3rd Qu.    Max. \n  6.318   6.669   7.573   8.277   8.356  20.453 \nDEBUG: All zeros? FALSE \nDEBUG: Any infinities? FALSE \n\nDEBUG: Processing sst_pred \nDEBUG: sst_pred not found in report\nDEBUG: Available variables: growth_fast, cots_pred, growth_slow, fast_pred, cots_rate, slow_pred \n\nDEBUG: Calculating MSE for each variable:\n\nDEBUG: cots_pred \nObserved: 0.2615042 0.5498196 0.7268086 0.5522907 0.828121 0.5470078 ...\nPredicted: 0.5053469 0.5071453 0.5251292 0.4477985 0.4999518 0.5143389 ...\nMSE (normalized): 0.9035234 \n\nDEBUG: slow_pred \nObserved: 10.06939 17.72357 23.82758 19.41812 15.63542 32.45961 ...\nPredicted: 11.10357 12.23813 12.99131 12.24834 13.44312 12.22653 ...\nMSE (normalized): 1.039875 \n\nDEBUG: fast_pred \nObserved: 12.77261 16.41474 12.77729 12.27975 15.11516 12.81941 ...\nPredicted: 6.339792 7.579724 8.458175 7.591338 9.00611 7.566531 ...\nMSE (normalized): 0.8877331 \n\nDEBUG: MSE values:\n   cots_dat    slow_dat    fast_dat     sst_dat cotsimm_dat \n  0.9035234   1.0398746   0.8877331          NA          NA \n\nDEBUG: Final objective value (mean of MSEs): 0.9437104 \n\nFinal objective function value: 0.9437104 \n\nJSON_REPORT_START\n{\n  \"status\": \"SUCCESS\",\n  \"objective_value\": 0.9437,\n  \"model_summary\": [\"            Length Class  Mode     \", \"par         10     -none- numeric  \", \"objective    1     -none- numeric  \", \"convergence  1     -none- numeric  \", \"iterations   1     -none- numeric  \", \"evaluations  2     -none- numeric  \", \"message      1     -none- character\"],\n  \"model_report\": {\n    \"growth_fast\": 1,\n    \"cots_pred\": [0.5053, 0.5071, 0.5251, 0.4478, 0.5, 0.5143, 0.4838, 0.4766, 0.482, 1.9532, 0.473, 2.0658, 1.1838, 0.464, 0.4172, 0.5197, 0.5431, 0.5647, 0.4568, 0.4622, 0.4406, 0.4694, 0.482, 0.5, 0.4514, 0.473],\n    \"growth_slow\": 1,\n    \"fast_pred\": [6.3398, 7.5797, 8.4582, 7.5913, 9.0061, 7.5665, 8.6234, 7.9597, 7.2416, 8.048, 9.4789, 20.453, 8.0382, 15.1949, 7.2435, 8.8918, 6.7532, 6.7922, 7.9031, 6.5358, 6.3182, 6.4862, 6.6403, 6.444, 6.5822, 7.041],\n    \"cots_rate\": 0.018,\n    \"slow_pred\": [11.1036, 12.2381, 12.9913, 12.2483, 13.4431, 12.2265, 13.1289, 12.5685, 11.9377, 12.6443, 13.823, 21.0142, 12.6359, 17.874, 11.9394, 13.3499, 11.4923, 11.5284, 12.5198, 11.2893, 11.083, 11.2425, 11.3872, 11.2026, 11.3329, 11.7564]\n  },\n  \"plot_data\": {\n    \"cots_pred\": {\n      \"Year\": [1980, 1981, 1982, 1983, 1984, 1985, 1986, 1987, 1988, 1989, 1990, 1991, 1992, 1993, 1994, 1995, 1996, 1997, 1998, 1999, 2000, 2001, 2002, 2003, 2004, 2005],\n      \"Modeled\": [0.5053, 0.5071, 0.5251, 0.4478, 0.5, 0.5143, 0.4838, 0.4766, 0.482, 1.9532, 0.473, 2.0658, 1.1838, 0.464, 0.4172, 0.5197, 0.5431, 0.5647, 0.4568, 0.4622, 0.4406, 0.4694, 0.482, 0.5, 0.4514, 0.473],\n      \"Observed\": [0.2615, 0.5498, 0.7268, 0.5523, 0.8281, 0.547, 0.758, 0.6288, 0.4762, 0.6466, 0.9107, 2.152, 0.6446, 1.6723, 0.4766, 0.8075, 0.3635, 0.3728, 0.6173, 0.3107, 0.256, 0.2984, 0.3362, 0.2878, 0.3221, 0.4308]\n    },\n    \"slow_pred\": {\n      \"Year\": [1980, 1981, 1982, 1983, 1984, 1985, 1986, 1987, 1988, 1989, 1990, 1991, 1992, 1993, 1994, 1995, 1996, 1997, 1998, 1999, 2000, 2001, 2002, 2003, 2004, 2005],\n      \"Modeled\": [11.1036, 12.2381, 12.9913, 12.2483, 13.4431, 12.2265, 13.1289, 12.5685, 11.9377, 12.6443, 13.823, 21.0142, 12.6359, 17.874, 11.9394, 13.3499, 11.4923, 11.5284, 12.5198, 11.2893, 11.083, 11.2425, 11.3872, 11.2026, 11.3329, 11.7564],\n      \"Observed\": [10.0694, 17.7236, 23.8276, 19.4181, 15.6354, 32.4596, 21.5567, 34.1938, 18.8708, 27.3176, 44.3301, 13.3275, 11.3741, 8.3362, 15.207, 12.443, 11.0666, 10.6442, 2.3628, 2.76, 3.7236, 7.0355, 10.2239, 8.4754, 9.0819, 13.7314]\n    },\n    \"fast_pred\": {\n      \"Year\": [1980, 1981, 1982, 1983, 1984, 1985, 1986, 1987, 1988, 1989, 1990, 1991, 1992, 1993, 1994, 1995, 1996, 1997, 1998, 1999, 2000, 2001, 2002, 2003, 2004, 2005],\n      \"Modeled\": [6.3398, 7.5797, 8.4582, 7.5913, 9.0061, 7.5665, 8.6234, 7.9597, 7.2416, 8.048, 9.4789, 20.453, 8.0382, 15.1949, 7.2435, 8.8918, 6.7532, 6.7922, 7.9031, 6.5358, 6.3182, 6.4862, 6.6403, 6.444, 6.5822, 7.041],\n      \"Observed\": [12.7726, 16.4147, 12.7773, 12.2798, 15.1152, 12.8194, 10.4631, 9.7251, 13.2014, 16.4512, 11.1393, 18.0832, 11.5223, 8.51, 9.1622, 5.3353, 8.6044, 7.2781, 2.629, 4.6951, 1.5948, 5.2172, 2.6041, 3.3618, 7.3289, 4.4014]\n    }\n  }\n}\nJSON_REPORT_END",
      "stderr": "Loading required package: TMB\nLoading required package: jsonlite\nhere() starts at C:/Users/spi085/OneDrive - CSIRO/Documents/_Projects/SCCP-QuantModelling\nusing C++ compiler: 'G__~1.EXE (GCC) 13.2.0'\nWarning messages:\n1: In nlminb(model$par, model$fn, model$gr) : NA/NaN function evaluation\n2: In nlminb(model$par, model$fn, model$gr) : NA/NaN function evaluation\n3: In nlminb(model$par, model$fn, model$gr) : NA/NaN function evaluation\n4: In nlminb(model$par, model$fn, model$gr) : NA/NaN function evaluation\n5: In nlminb(model$par, model$fn, model$gr) : NA/NaN function evaluation"
    },
    "3": {
      "status": "SUCCESS",
      "objective_value": 0.9437
    }
  }
}