{
  "iterations": {
    "1": {
      "status": "LEAKAGE",
      "message": "Data leakage detected in model equations:\n  Line 93: Missing prediction equation: slow_dat has no corresponding prediction calculation.\n    Expected to find equation for: slow_pred\n  Line 93: Missing prediction equation: cots_dat has no corresponding prediction calculation.\n    Expected to find equation for: cots_pred\n  Line 93: Missing prediction equation: fast_dat has no corresponding prediction calculation.\n    Expected to find equation for: fast_pred",
      "objective_value": "NA"
    },
    "2": {
      "status": "LEAKAGE",
      "message": "Data leakage detected in model equations:\n  Line 101: Missing prediction equation: slow_dat has no corresponding prediction calculation.\n    Expected to find equation for: slow_pred\n  Line 101: Missing prediction equation: cots_dat has no corresponding prediction calculation.\n    Expected to find equation for: cots_pred\n  Line 101: Missing prediction equation: fast_dat has no corresponding prediction calculation.\n    Expected to find equation for: fast_pred",
      "objective_value": "NA"
    },
    "3": {
      "status": "ERROR",
      "message": "Model failed to compile.",
      "stdout": "g++ -std=gnu++17  -I\"C:/Users/spi085/AppData/Local/Programs/R/R-4.4.1/include\" -DNDEBUG -I\"C:/Users/spi085/AppData/Local/Programs/R/R-44~1.1/library/TMB/include\" -I\"C:/Users/spi085/AppData/Local/Programs/R/R-44~1.1/library/RCPPEI~1/include\"   -DTMB_EIGEN_DISABLE_WARNINGS   -DTMB_LIB_INIT=R_init_model  -DCPPAD_FRAMEWORK    -I\"C:/rtools44/x86_64-w64-mingw32.static.posix/include\"     -O2 -Wa,-mbig-obj -c POPULATIONS//POPULATION_0015//INDIVIDUAL_ADFGM6UW/model.cpp -o POPULATIONS//POPULATION_0015//INDIVIDUAL_ADFGM6UW/model.o",
      "stderr": "Loading required package: TMB\nLoading required package: jsonlite\nhere() starts at C:/Users/spi085/OneDrive - CSIRO/Documents/_Projects/SCCP-QuantModelling\nusing C++ compiler: 'G__~1.EXE (GCC) 13.2.0'\nPOPULATIONS//POPULATION_0015//INDIVIDUAL_ADFGM6UW/model.cpp: In instantiation of 'Type objective_function<Type>::operator()() [with Type = CppAD::AD<double>]':\nC:/Users/spi085/AppData/Local/Programs/R/R-4.4.1/library/TMB/include/tmb_core.hpp:1308:6:   required from here\nPOPULATIONS//POPULATION_0015//INDIVIDUAL_ADFGM6UW/model.cpp:66:16: error: 'dlnorm' was not declared in this scope; did you mean 'dnorm'?\n   66 |   nll += dlnorm(cots_dat(0), log(cots0 + eps), sigma_cots, true);\n      |          ~~~~~~^~~~~~~~~~~~~~~~~~~~~~~~~~~~~~~~~~~~~~~~~~~~~~~~~\n      |          dnorm\nPOPULATIONS//POPULATION_0015//INDIVIDUAL_ADFGM6UW/model.cpp:67:16: error: 'dlnorm' was not declared in this scope, and no declarations were found by argument-dependent lookup at the point of instantiation\n   67 |   nll += dlnorm(slow_dat(0), log(slow0 + eps), sigma_slow, true);\n      |          ~~~~~~^~~~~~~~~~~~~~~~~~~~~~~~~~~~~~~~~~~~~~~~~~~~~~~~~\nPOPULATIONS//POPULATION_0015//INDIVIDUAL_ADFGM6UW/model.cpp:66:16: note: 'dlnorm' declared here, later in the translation unit\n   66 |   nll += dlnorm(cots_dat(0), log(cots0 + eps), sigma_cots, true);\n      |          ~~~~~~^~~~~~~~~~~~~~~~~~~~~~~~~~~~~~~~~~~~~~~~~~~~~~~~~\nPOPULATIONS//POPULATION_0015//INDIVIDUAL_ADFGM6UW/model.cpp:68:16: error: 'dlnorm' was not declared in this scope, and no declarations were found by argument-dependent lookup at the point of instantiation\n   68 |   nll += dlnorm(fast_dat(0), log(fast0 + eps), sigma_fast, true);\n      |          ~~~~~~^~~~~~~~~~~~~~~~~~~~~~~~~~~~~~~~~~~~~~~~~~~~~~~~~\nPOPULATIONS//POPULATION_0015//INDIVIDUAL_ADFGM6UW/model.cpp:66:16: note: 'dlnorm' declared here, later in the translation unit\n   66 |   nll += dlnorm(cots_dat(0), log(cots0 + eps), sigma_cots, true);\n      |          ~~~~~~^~~~~~~~~~~~~~~~~~~~~~~~~~~~~~~~~~~~~~~~~~~~~~~~~\nPOPULATIONS//POPULATION_0015//INDIVIDUAL_ADFGM6UW/model.cpp:98:18: error: 'dlnorm' was not declared in this scope, and no declarations were found by argument-dependent lookup at the point of instantiation\n   98 |     nll += dlnorm(cots_dat(t), log(cots_pred(t) + eps), sigma_cots, true);\n      |            ~~~~~~^~~~~~~~~~~~~~~~~~~~~~~~~~~~~~~~~~~~~~~~~~~~~~~~~~~~~~~~\nPOPULATIONS//POPULATION_0015//INDIVIDUAL_ADFGM6UW/model.cpp:66:16: note: 'dlnorm' declared here, later in the translation unit\n   66 |   nll += dlnorm(cots_dat(0), log(cots0 + eps), sigma_cots, true);\n      |          ~~~~~~^~~~~~~~~~~~~~~~~~~~~~~~~~~~~~~~~~~~~~~~~~~~~~~~~\nPOPULATIONS//POPULATION_0015//INDIVIDUAL_ADFGM6UW/model.cpp:99:18: error: 'dlnorm' was not declared in this scope, and no declarations were found by argument-dependent lookup at the point of instantiation\n   99 |     nll += dlnorm(slow_dat(t), log(slow_pred(t) + eps), sigma_slow, true);\n      |            ~~~~~~^~~~~~~~~~~~~~~~~~~~~~~~~~~~~~~~~~~~~~~~~~~~~~~~~~~~~~~~\nPOPULATIONS//POPULATION_0015//INDIVIDUAL_ADFGM6UW/model.cpp:66:16: note: 'dlnorm' declared here, later in the translation unit\n   66 |   nll += dlnorm(cots_dat(0), log(cots0 + eps), sigma_cots, true);\n      |          ~~~~~~^~~~~~~~~~~~~~~~~~~~~~~~~~~~~~~~~~~~~~~~~~~~~~~~~\nPOPULATIONS//POPULATION_0015//INDIVIDUAL_ADFGM6UW/model.cpp:100:18: error: 'dlnorm' was not declared in this scope, and no declarations were found by argument-dependent lookup at the point of instantiation\n  100 |     nll += dlnorm(fast_dat(t), log(fast_pred(t) + eps), sigma_fast, true);\n      |            ~~~~~~^~~~~~~~~~~~~~~~~~~~~~~~~~~~~~~~~~~~~~~~~~~~~~~~~~~~~~~~\nPOPULATIONS//POPULATION_0015//INDIVIDUAL_ADFGM6UW/model.cpp:66:16: note: 'dlnorm' declared here, later in the translation unit\n   66 |   nll += dlnorm(cots_dat(0), log(cots0 + eps), sigma_cots, true);\n      |          ~~~~~~^~~~~~~~~~~~~~~~~~~~~~~~~~~~~~~~~~~~~~~~~~~~~~~~~\nPOPULATIONS//POPULATION_0015//INDIVIDUAL_ADFGM6UW/model.cpp: In instantiation of 'Type objective_function<Type>::operator()() [with Type = double]':\nC:/Users/spi085/AppData/Local/Programs/R/R-4.4.1/library/TMB/include/tmb_core.hpp:2031:7:   required from here\nPOPULATIONS//POPULATION_0015//INDIVIDUAL_ADFGM6UW/model.cpp:66:16: error: 'dlnorm' was not declared in this scope; did you mean 'dnorm'?\n   66 |   nll += dlnorm(cots_dat(0), log(cots0 + eps), sigma_cots, true);\n      |          ~~~~~~^~~~~~~~~~~~~~~~~~~~~~~~~~~~~~~~~~~~~~~~~~~~~~~~~\n      |          dnorm\nPOPULATIONS//POPULATION_0015//INDIVIDUAL_ADFGM6UW/model.cpp:67:16: error: 'dlnorm' was not declared in this scope, and no declarations were found by argument-dependent lookup at the point of instantiation\n   67 |   nll += dlnorm(slow_dat(0), log(slow0 + eps), sigma_slow, true);\n      |          ~~~~~~^~~~~~~~~~~~~~~~~~~~~~~~~~~~~~~~~~~~~~~~~~~~~~~~~\nPOPULATIONS//POPULATION_0015//INDIVIDUAL_ADFGM6UW/model.cpp:66:16: note: 'dlnorm' declared here, later in the translation unit\n   66 |   nll += dlnorm(cots_dat(0), log(cots0 + eps), sigma_cots, true);\n      |          ~~~~~~^~~~~~~~~~~~~~~~~~~~~~~~~~~~~~~~~~~~~~~~~~~~~~~~~\nPOPULATIONS//POPULATION_0015//INDIVIDUAL_ADFGM6UW/model.cpp:68:16: error: 'dlnorm' was not declared in this scope, and no declarations were found by argument-dependent lookup at the point of instantiation\n   68 |   nll += dlnorm(fast_dat(0), log(fast0 + eps), sigma_fast, true);\n      |          ~~~~~~^~~~~~~~~~~~~~~~~~~~~~~~~~~~~~~~~~~~~~~~~~~~~~~~~\nPOPULATIONS//POPULATION_0015//INDIVIDUAL_ADFGM6UW/model.cpp:66:16: note: 'dlnorm' declared here, later in the translation unit\n   66 |   nll += dlnorm(cots_dat(0), log(cots0 + eps), sigma_cots, true);\n      |          ~~~~~~^~~~~~~~~~~~~~~~~~~~~~~~~~~~~~~~~~~~~~~~~~~~~~~~~\nPOPULATIONS//POPULATION_0015//INDIVIDUAL_ADFGM6UW/model.cpp:98:18: error: 'dlnorm' was not declared in this scope, and no declarations were found by argument-dependent lookup at the point of instantiation\n   98 |     nll += dlnorm(cots_dat(t), log(cots_pred(t) + eps), sigma_cots, true);\n      |            ~~~~~~^~~~~~~~~~~~~~~~~~~~~~~~~~~~~~~~~~~~~~~~~~~~~~~~~~~~~~~~\nPOPULATIONS//POPULATION_0015//INDIVIDUAL_ADFGM6UW/model.cpp:66:16: note: 'dlnorm' declared here, later in the translation unit\n   66 |   nll += dlnorm(cots_dat(0), log(cots0 + eps), sigma_cots, true);\n      |          ~~~~~~^~~~~~~~~~~~~~~~~~~~~~~~~~~~~~~~~~~~~~~~~~~~~~~~~\nPOPULATIONS//POPULATION_0015//INDIVIDUAL_ADFGM6UW/model.cpp:99:18: error: 'dlnorm' was not declared in this scope, and no declarations were found by argument-dependent lookup at the point of instantiation\n   99 |     nll += dlnorm(slow_dat(t), log(slow_pred(t) + eps), sigma_slow, true);\n      |            ~~~~~~^~~~~~~~~~~~~~~~~~~~~~~~~~~~~~~~~~~~~~~~~~~~~~~~~~~~~~~~\nPOPULATIONS//POPULATION_0015//INDIVIDUAL_ADFGM6UW/model.cpp:66:16: note: 'dlnorm' declared here, later in the translation unit\n   66 |   nll += dlnorm(cots_dat(0), log(cots0 + eps), sigma_cots, true);\n      |          ~~~~~~^~~~~~~~~~~~~~~~~~~~~~~~~~~~~~~~~~~~~~~~~~~~~~~~~\nPOPULATIONS//POPULATION_0015//INDIVIDUAL_ADFGM6UW/model.cpp:100:18: error: 'dlnorm' was not declared in this scope, and no declarations were found by argument-dependent lookup at the point of instantiation\n  100 |     nll += dlnorm(fast_dat(t), log(fast_pred(t) + eps), sigma_fast, true);\n      |            ~~~~~~^~~~~~~~~~~~~~~~~~~~~~~~~~~~~~~~~~~~~~~~~~~~~~~~~~~~~~~~\nPOPULATIONS//POPULATION_0015//INDIVIDUAL_ADFGM6UW/model.cpp:66:16: note: 'dlnorm' declared here, later in the translation unit\n   66 |   nll += dlnorm(cots_dat(0), log(cots0 + eps), sigma_cots, true);\n      |          ~~~~~~^~~~~~~~~~~~~~~~~~~~~~~~~~~~~~~~~~~~~~~~~~~~~~~~~\nPOPULATIONS//POPULATION_0015//INDIVIDUAL_ADFGM6UW/model.cpp: In instantiation of 'Type objective_function<Type>::operator()() [with Type = CppAD::AD<CppAD::AD<double> >]':\nC:/Users/spi085/AppData/Local/Programs/R/R-4.4.1/library/TMB/include/tmb_core.hpp:913:29:   required from 'Type objective_function<Type>::evalUserTemplate() [with Type = CppAD::AD<CppAD::AD<double> >]'\nC:/Users/spi085/AppData/Local/Programs/R/R-4.4.1/library/TMB/include/tmb_core.hpp:2112:26:   required from here\nPOPULATIONS//POPULATION_0015//INDIVIDUAL_ADFGM6UW/model.cpp:66:16: error: 'dlnorm' was not declared in this scope; did you mean 'dnorm'?\n   66 |   nll += dlnorm(cots_dat(0), log(cots0 + eps), sigma_cots, true);\n      |          ~~~~~~^~~~~~~~~~~~~~~~~~~~~~~~~~~~~~~~~~~~~~~~~~~~~~~~~\n      |          dnorm\nPOPULATIONS//POPULATION_0015//INDIVIDUAL_ADFGM6UW/model.cpp:67:16: error: 'dlnorm' was not declared in this scope, and no declarations were found by argument-dependent lookup at the point of instantiation\n   67 |   nll += dlnorm(slow_dat(0), log(slow0 + eps), sigma_slow, true);\n      |          ~~~~~~^~~~~~~~~~~~~~~~~~~~~~~~~~~~~~~~~~~~~~~~~~~~~~~~~\nPOPULATIONS//POPULATION_0015//INDIVIDUAL_ADFGM6UW/model.cpp:66:16: note: 'dlnorm' declared here, later in the translation unit\n   66 |   nll += dlnorm(cots_dat(0), log(cots0 + eps), sigma_cots, true);\n      |          ~~~~~~^~~~~~~~~~~~~~~~~~~~~~~~~~~~~~~~~~~~~~~~~~~~~~~~~\nPOPULATIONS//POPULATION_0015//INDIVIDUAL_ADFGM6UW/model.cpp:68:16: error: 'dlnorm' was not declared in this scope, and no declarations were found by argument-dependent lookup at the point of instantiation\n   68 |   nll += dlnorm(fast_dat(0), log(fast0 + eps), sigma_fast, true);\n      |          ~~~~~~^~~~~~~~~~~~~~~~~~~~~~~~~~~~~~~~~~~~~~~~~~~~~~~~~\nPOPULATIONS//POPULATION_0015//INDIVIDUAL_ADFGM6UW/model.cpp:66:16: note: 'dlnorm' declared here, later in the translation unit\n   66 |   nll += dlnorm(cots_dat(0), log(cots0 + eps), sigma_cots, true);\n      |          ~~~~~~^~~~~~~~~~~~~~~~~~~~~~~~~~~~~~~~~~~~~~~~~~~~~~~~~\nPOPULATIONS//POPULATION_0015//INDIVIDUAL_ADFGM6UW/model.cpp:98:18: error: 'dlnorm' was not declared in this scope, and no declarations were found by argument-dependent lookup at the point of instantiation\n   98 |     nll += dlnorm(cots_dat(t), log(cots_pred(t) + eps), sigma_cots, true);\n      |            ~~~~~~^~~~~~~~~~~~~~~~~~~~~~~~~~~~~~~~~~~~~~~~~~~~~~~~~~~~~~~~\nPOPULATIONS//POPULATION_0015//INDIVIDUAL_ADFGM6UW/model.cpp:66:16: note: 'dlnorm' declared here, later in the translation unit\n   66 |   nll += dlnorm(cots_dat(0), log(cots0 + eps), sigma_cots, true);\n      |          ~~~~~~^~~~~~~~~~~~~~~~~~~~~~~~~~~~~~~~~~~~~~~~~~~~~~~~~\nPOPULATIONS//POPULATION_0015//INDIVIDUAL_ADFGM6UW/model.cpp:99:18: error: 'dlnorm' was not declared in this scope, and no declarations were found by argument-dependent lookup at the point of instantiation\n   99 |     nll += dlnorm(slow_dat(t), log(slow_pred(t) + eps), sigma_slow, true);\n      |            ~~~~~~^~~~~~~~~~~~~~~~~~~~~~~~~~~~~~~~~~~~~~~~~~~~~~~~~~~~~~~~\nPOPULATIONS//POPULATION_0015//INDIVIDUAL_ADFGM6UW/model.cpp:66:16: note: 'dlnorm' declared here, later in the translation unit\n   66 |   nll += dlnorm(cots_dat(0), log(cots0 + eps), sigma_cots, true);\n      |          ~~~~~~^~~~~~~~~~~~~~~~~~~~~~~~~~~~~~~~~~~~~~~~~~~~~~~~~\nPOPULATIONS//POPULATION_0015//INDIVIDUAL_ADFGM6UW/model.cpp:100:18: error: 'dlnorm' was not declared in this scope, and no declarations were found by argument-dependent lookup at the point of instantiation\n  100 |     nll += dlnorm(fast_dat(t), log(fast_pred(t) + eps), sigma_fast, true);\n      |            ~~~~~~^~~~~~~~~~~~~~~~~~~~~~~~~~~~~~~~~~~~~~~~~~~~~~~~~~~~~~~~\nPOPULATIONS//POPULATION_0015//INDIVIDUAL_ADFGM6UW/model.cpp:66:16: note: 'dlnorm' declared here, later in the translation unit\n   66 |   nll += dlnorm(cots_dat(0), log(cots0 + eps), sigma_cots, true);\n      |          ~~~~~~^~~~~~~~~~~~~~~~~~~~~~~~~~~~~~~~~~~~~~~~~~~~~~~~~\nPOPULATIONS//POPULATION_0015//INDIVIDUAL_ADFGM6UW/model.cpp: In instantiation of 'Type objective_function<Type>::operator()() [with Type = CppAD::AD<CppAD::AD<CppAD::AD<double> > >]':\nC:/Users/spi085/AppData/Local/Programs/R/R-4.4.1/library/TMB/include/tmb_core.hpp:913:29:   required from 'Type objective_function<Type>::evalUserTemplate() [with Type = CppAD::AD<CppAD::AD<CppAD::AD<double> > >]'\nC:/Users/spi085/AppData/Local/Programs/R/R-4.4.1/library/TMB/include/tmb_core.hpp:2361:28:   required from here\nPOPULATIONS//POPULATION_0015//INDIVIDUAL_ADFGM6UW/model.cpp:66:16: error: 'dlnorm' was not declared in this scope; did you mean 'dnorm'?\n   66 |   nll += dlnorm(cots_dat(0), log(cots0 + eps), sigma_cots, true);\n      |          ~~~~~~^~~~~~~~~~~~~~~~~~~~~~~~~~~~~~~~~~~~~~~~~~~~~~~~~\n      |          dnorm\nPOPULATIONS//POPULATION_0015//INDIVIDUAL_ADFGM6UW/model.cpp:67:16: error: 'dlnorm' was not declared in this scope, and no declarations were found by argument-dependent lookup at the point of instantiation\n   67 |   nll += dlnorm(slow_dat(0), log(slow0 + eps), sigma_slow, true);\n      |          ~~~~~~^~~~~~~~~~~~~~~~~~~~~~~~~~~~~~~~~~~~~~~~~~~~~~~~~\nPOPULATIONS//POPULATION_0015//INDIVIDUAL_ADFGM6UW/model.cpp:66:16: note: 'dlnorm' declared here, later in the translation unit\n   66 |   nll += dlnorm(cots_dat(0), log(cots0 + eps), sigma_cots, true);\n      |          ~~~~~~^~~~~~~~~~~~~~~~~~~~~~~~~~~~~~~~~~~~~~~~~~~~~~~~~\nPOPULATIONS//POPULATION_0015//INDIVIDUAL_ADFGM6UW/model.cpp:68:16: error: 'dlnorm' was not declared in this scope, and no declarations were found by argument-dependent lookup at the point of instantiation\n   68 |   nll += dlnorm(fast_dat(0), log(fast0 + eps), sigma_fast, true);\n      |          ~~~~~~^~~~~~~~~~~~~~~~~~~~~~~~~~~~~~~~~~~~~~~~~~~~~~~~~\nPOPULATIONS//POPULATION_0015//INDIVIDUAL_ADFGM6UW/model.cpp:66:16: note: 'dlnorm' declared here, later in the translation unit\n   66 |   nll += dlnorm(cots_dat(0), log(cots0 + eps), sigma_cots, true);\n      |          ~~~~~~^~~~~~~~~~~~~~~~~~~~~~~~~~~~~~~~~~~~~~~~~~~~~~~~~\nPOPULATIONS//POPULATION_0015//INDIVIDUAL_ADFGM6UW/model.cpp:98:18: error: 'dlnorm' was not declared in this scope, and no declarations were found by argument-dependent lookup at the point of instantiation\n   98 |     nll += dlnorm(cots_dat(t), log(cots_pred(t) + eps), sigma_cots, true);\n      |            ~~~~~~^~~~~~~~~~~~~~~~~~~~~~~~~~~~~~~~~~~~~~~~~~~~~~~~~~~~~~~~\nPOPULATIONS//POPULATION_0015//INDIVIDUAL_ADFGM6UW/model.cpp:66:16: note: 'dlnorm' declared here, later in the translation unit\n   66 |   nll += dlnorm(cots_dat(0), log(cots0 + eps), sigma_cots, true);\n      |          ~~~~~~^~~~~~~~~~~~~~~~~~~~~~~~~~~~~~~~~~~~~~~~~~~~~~~~~\nPOPULATIONS//POPULATION_0015//INDIVIDUAL_ADFGM6UW/model.cpp:99:18: error: 'dlnorm' was not declared in this scope, and no declarations were found by argument-dependent lookup at the point of instantiation\n   99 |     nll += dlnorm(slow_dat(t), log(slow_pred(t) + eps), sigma_slow, true);\n      |            ~~~~~~^~~~~~~~~~~~~~~~~~~~~~~~~~~~~~~~~~~~~~~~~~~~~~~~~~~~~~~~\nPOPULATIONS//POPULATION_0015//INDIVIDUAL_ADFGM6UW/model.cpp:66:16: note: 'dlnorm' declared here, later in the translation unit\n   66 |   nll += dlnorm(cots_dat(0), log(cots0 + eps), sigma_cots, true);\n      |          ~~~~~~^~~~~~~~~~~~~~~~~~~~~~~~~~~~~~~~~~~~~~~~~~~~~~~~~\nPOPULATIONS//POPULATION_0015//INDIVIDUAL_ADFGM6UW/model.cpp:100:18: error: 'dlnorm' was not declared in this scope, and no declarations were found by argument-dependent lookup at the point of instantiation\n  100 |     nll += dlnorm(fast_dat(t), log(fast_pred(t) + eps), sigma_fast, true);\n      |            ~~~~~~^~~~~~~~~~~~~~~~~~~~~~~~~~~~~~~~~~~~~~~~~~~~~~~~~~~~~~~~\nPOPULATIONS//POPULATION_0015//INDIVIDUAL_ADFGM6UW/model.cpp:66:16: note: 'dlnorm' declared here, later in the translation unit\n   66 |   nll += dlnorm(cots_dat(0), log(cots0 + eps), sigma_cots, true);\n      |          ~~~~~~^~~~~~~~~~~~~~~~~~~~~~~~~~~~~~~~~~~~~~~~~~~~~~~~~\nmake: *** [C:/Users/spi085/AppData/Local/Programs/R/R-4.4.1/etc/x64/Makeconf:296: POPULATIONS//POPULATION_0015//INDIVIDUAL_ADFGM6UW/model.o] Error 1\nError in TMB::compile(file.path(individual_dir, model_file), flags = flags,  : \n  Compilation failed\nError: Compilation failed\nExecution halted"
    },
    "4": {
      "status": "ERROR",
      "message": "R script failed with return code 1",
      "stdout": "g++ -std=gnu++17  -I\"C:/Users/spi085/AppData/Local/Programs/R/R-4.4.1/include\" -DNDEBUG -I\"C:/Users/spi085/AppData/Local/Programs/R/R-44~1.1/library/TMB/include\" -I\"C:/Users/spi085/AppData/Local/Programs/R/R-44~1.1/library/RCPPEI~1/include\"   -DTMB_EIGEN_DISABLE_WARNINGS   -DTMB_LIB_INIT=R_init_model  -DCPPAD_FRAMEWORK    -I\"C:/rtools44/x86_64-w64-mingw32.static.posix/include\"     -O2 -Wa,-mbig-obj -c POPULATIONS//POPULATION_0015//INDIVIDUAL_ADFGM6UW/model.cpp -o POPULATIONS//POPULATION_0015//INDIVIDUAL_ADFGM6UW/model.o\ng++ -std=gnu++17 -shared -s -static-libgcc -o POPULATIONS//POPULATION_0015//INDIVIDUAL_ADFGM6UW/model.dll tmp.def POPULATIONS//POPULATION_0015//INDIVIDUAL_ADFGM6UW/model.o -LC:/rtools44/x86_64-w64-mingw32.static.posix/lib/x64 -LC:/rtools44/x86_64-w64-mingw32.static.posix/lib -LC:/Users/spi085/AppData/Local/Programs/R/R-4.4.1/bin/x64 -lR\nStarting model phases\nNumber of phases: 1 \nPhase 1 \nError in model phases: Error when reading the variable: 'cots0'. Please check data and parameters.",
      "stderr": "Loading required package: TMB\nLoading required package: jsonlite\nhere() starts at C:/Users/spi085/OneDrive - CSIRO/Documents/_Projects/SCCP-QuantModelling\nusing C++ compiler: 'G__~1.EXE (GCC) 13.2.0'\nError in value[[3L]](cond) : \n  Error in model phases: Error when reading the variable: 'cots0'. Please check data and parameters.\nCalls: tryCatch -> tryCatchList -> tryCatchOne -> <Anonymous>\nIn addition: Warning messages:\n1: In getParameterOrder(data, parameters, new.env(), DLL = DLL) :\n  Expected scalar. Got length=0\n2: In getParameterOrder(data, parameters, new.env(), DLL = DLL) :\n  Expected object. Got NULL.\nExecution halted"
    },
    "5": {
      "status": "SUCCESS",
      "objective_value": 1.2666,
      "model_summary": [
        "            Length Class  Mode     ",
        "par         15     -none- numeric  ",
        "objective    1     -none- numeric  ",
        "convergence  1     -none- numeric  ",
        "iterations   1     -none- numeric  ",
        "evaluations  2     -none- numeric  ",
        "message      1     -none- character"
      ],
      "model_report": {
        "cots_pred": [
          0.3409,
          0.4296,
          0.5514,
          0.8359,
          0.4318,
          0.5141,
          0.7076,
          0.6944,
          0.617,
          0.5911,
          1.8466,
          1.5547,
          2.7644,
          3.413,
          2.4769,
          0.3009,
          0.4352,
          0.7608,
          1.5423,
          0.9759,
          0.6856,
          0.2904,
          0.231,
          0.2213,
          0.2635,
          0.1484
        ],
        "fast_pred": [
          12.0642,
          12.4778,
          12.8145,
          13.0329,
          12.9473,
          13.3031,
          13.5841,
          13.6621,
          13.7578,
          13.944,
          14.1669,
          12.9883,
          12.1092,
          9.9011,
          7.0608,
          5.2729,
          5.3957,
          5.4136,
          5.1634,
          4.2779,
          3.8571,
          3.6486,
          3.7094,
          3.8137,
          3.9294,
          4.0208
        ],
        "slow_pred": [
          16.5336,
          17.8013,
          18.9098,
          19.7317,
          19.7648,
          20.9512,
          21.9378,
          22.3492,
          22.8038,
          23.509,
          24.3077,
          20.8757,
          18.752,
          13.5226,
          8.2608,
          6.1358,
          6.7121,
          7.1919,
          7.3236,
          6.5314,
          6.4233,
          6.6215,
          7.2514,
          8.0061,
          8.8448,
          9.703
        ]
      },
      "plot_data": {
        "cots_pred": {
          "Year": [
            1980,
            1981,
            1982,
            1983,
            1984,
            1985,
            1986,
            1987,
            1988,
            1989,
            1990,
            1991,
            1992,
            1993,
            1994,
            1995,
            1996,
            1997,
            1998,
            1999,
            2000,
            2001,
            2002,
            2003,
            2004,
            2005
          ],
          "Modeled": [
            0.3409,
            0.4296,
            0.5514,
            0.8359,
            0.4318,
            0.5141,
            0.7076,
            0.6944,
            0.617,
            0.5911,
            1.8466,
            1.5547,
            2.7644,
            3.413,
            2.4769,
            0.3009,
            0.4352,
            0.7608,
            1.5423,
            0.9759,
            0.6856,
            0.2904,
            0.231,
            0.2213,
            0.2635,
            0.1484
          ],
          "Observed": [
            0.2615,
            0.5498,
            0.7268,
            0.5523,
            0.8281,
            0.547,
            0.758,
            0.6288,
            0.4762,
            0.6466,
            0.9107,
            2.152,
            0.6446,
            1.6723,
            0.4766,
            0.8075,
            0.3635,
            0.3728,
            0.6173,
            0.3107,
            0.256,
            0.2984,
            0.3362,
            0.2878,
            0.3221,
            0.4308
          ]
        },
        "slow_pred": {
          "Year": [
            1980,
            1981,
            1982,
            1983,
            1984,
            1985,
            1986,
            1987,
            1988,
            1989,
            1990,
            1991,
            1992,
            1993,
            1994,
            1995,
            1996,
            1997,
            1998,
            1999,
            2000,
            2001,
            2002,
            2003,
            2004,
            2005
          ],
          "Modeled": [
            16.5336,
            17.8013,
            18.9098,
            19.7317,
            19.7648,
            20.9512,
            21.9378,
            22.3492,
            22.8038,
            23.509,
            24.3077,
            20.8757,
            18.752,
            13.5226,
            8.2608,
            6.1358,
            6.7121,
            7.1919,
            7.3236,
            6.5314,
            6.4233,
            6.6215,
            7.2514,
            8.0061,
            8.8448,
            9.703
          ],
          "Observed": [
            10.0694,
            17.7236,
            23.8276,
            19.4181,
            15.6354,
            32.4596,
            21.5567,
            34.1938,
            18.8708,
            27.3176,
            44.3301,
            13.3275,
            11.3741,
            8.3362,
            15.207,
            12.443,
            11.0666,
            10.6442,
            2.3628,
            2.76,
            3.7236,
            7.0355,
            10.2239,
            8.4754,
            9.0819,
            13.7314
          ]
        },
        "fast_pred": {
          "Year": [
            1980,
            1981,
            1982,
            1983,
            1984,
            1985,
            1986,
            1987,
            1988,
            1989,
            1990,
            1991,
            1992,
            1993,
            1994,
            1995,
            1996,
            1997,
            1998,
            1999,
            2000,
            2001,
            2002,
            2003,
            2004,
            2005
          ],
          "Modeled": [
            12.0642,
            12.4778,
            12.8145,
            13.0329,
            12.9473,
            13.3031,
            13.5841,
            13.6621,
            13.7578,
            13.944,
            14.1669,
            12.9883,
            12.1092,
            9.9011,
            7.0608,
            5.2729,
            5.3957,
            5.4136,
            5.1634,
            4.2779,
            3.8571,
            3.6486,
            3.7094,
            3.8137,
            3.9294,
            4.0208
          ],
          "Observed": [
            12.7726,
            16.4147,
            12.7773,
            12.2798,
            15.1152,
            12.8194,
            10.4631,
            9.7251,
            13.2014,
            16.4512,
            11.1393,
            18.0832,
            11.5223,
            8.51,
            9.1622,
            5.3353,
            8.6044,
            7.2781,
            2.629,
            4.6951,
            1.5948,
            5.2172,
            2.6041,
            3.3618,
            7.3289,
            4.4014
          ]
        }
      },
      "stdout": "g++ -std=gnu++17  -I\"C:/Users/spi085/AppData/Local/Programs/R/R-4.4.1/include\" -DNDEBUG -I\"C:/Users/spi085/AppData/Local/Programs/R/R-44~1.1/library/TMB/include\" -I\"C:/Users/spi085/AppData/Local/Programs/R/R-44~1.1/library/RCPPEI~1/include\"   -DTMB_EIGEN_DISABLE_WARNINGS   -DTMB_LIB_INIT=R_init_model  -DCPPAD_FRAMEWORK    -I\"C:/rtools44/x86_64-w64-mingw32.static.posix/include\"     -O2 -Wa,-mbig-obj -c POPULATIONS//POPULATION_0015//INDIVIDUAL_ADFGM6UW/model.cpp -o POPULATIONS//POPULATION_0015//INDIVIDUAL_ADFGM6UW/model.o\ng++ -std=gnu++17 -shared -s -static-libgcc -o POPULATIONS//POPULATION_0015//INDIVIDUAL_ADFGM6UW/model.dll tmp.def POPULATIONS//POPULATION_0015//INDIVIDUAL_ADFGM6UW/model.o -LC:/rtools44/x86_64-w64-mingw32.static.posix/lib/x64 -LC:/rtools44/x86_64-w64-mingw32.static.posix/lib -LC:/Users/spi085/AppData/Local/Programs/R/R-4.4.1/bin/x64 -lR\nStarting model phases\nNumber of phases: 1 \nPhase 1 \nInitial parameter values for phase 1 :\n        log_growth_rate                   log_K                beta_sst \n              -1.203973                4.605170                0.020000 \n       recruitment_slow        recruitment_fast log_predation_rate_slow \n               0.050000                0.100000               -2.995732 \nlog_predation_rate_fast          threshold_slow          threshold_fast \n              -2.302585               10.000000               15.000000 \n         log_sigma_cots          log_sigma_slow          log_sigma_fast \n              -2.302585               -2.995732               -2.995732 \n                  cots0                   slow0                   fast0 \n               0.500000               20.000000               30.000000 \nFinal parameter values for phase 1 :\n        log_growth_rate                   log_K                beta_sst \n            -3.07737402              8.61345994              5.42813146 \n       recruitment_slow        recruitment_fast log_predation_rate_slow \n             0.14070759              0.07449354              2.43373921 \nlog_predation_rate_fast          threshold_slow          threshold_fast \n             0.39164419             67.94998213              4.76339265 \n         log_sigma_cots          log_sigma_slow          log_sigma_fast \n            -0.32485824             -0.75679586             -1.10389494 \n                  cots0                   slow0                   fast0 \n             0.27636211             16.35699715             11.93391545 \nConvergence message: iteration limit reached without convergence (10) \nNumber of iterations: 150 \nObjective function value: 157.3418 \nGradient at solution for phase 1 :\n          [,1]        [,2]      [,3]      [,4]      [,5]     [,6]     [,7]\n[1,] -39.32955 -0.02469951 -8.722998 -31.86487 -156.9426 6.215101 17.73205\n           [,8]      [,9]       [,10]       [,11]      [,12]    [,13]\n[1,] -0.0754042 -1.179148 -0.08924584 -0.08239078 -0.1390512 30.71055\n          [,14]     [,15]\n[1,] -0.1022852 -1.095573\nFinal Phase\nInitial parameter values for final phase:\n        log_growth_rate                   log_K                beta_sst \n            -3.07737402              8.61345994              5.42813146 \n       recruitment_slow        recruitment_fast log_predation_rate_slow \n             0.14070759              0.07449354              2.43373921 \nlog_predation_rate_fast          threshold_slow          threshold_fast \n             0.39164419             67.94998213              4.76339265 \n         log_sigma_cots          log_sigma_slow          log_sigma_fast \n            -0.32485824             -0.75679586             -1.10389494 \n                  cots0                   slow0                   fast0 \n             0.27636211             16.35699715             11.93391545 \nFinal parameter values for final phase:\n        log_growth_rate                   log_K                beta_sst \n            -5.37654795             57.55110060             50.26358870 \n       recruitment_slow        recruitment_fast log_predation_rate_slow \n             0.15254865              0.07373911              2.81783539 \nlog_predation_rate_fast          threshold_slow          threshold_fast \n             0.37018170             96.13487677              4.08648264 \n         log_sigma_cots          log_sigma_slow          log_sigma_fast \n            -0.35092020             -0.76090906             -1.11533802 \n                  cots0                   slow0                   fast0 \n             0.34088821             16.53355330             12.06421188 \nConvergence message: function evaluation limit reached without convergence (9) \nNumber of iterations: 149 \nObjective function value: 156.0906 \nGradient at solution for final phase:\n         [,1]          [,2]      [,3]     [,4]     [,5]      [,6]      [,7]\n[1,] 6.107392 -1.145749e-25 0.1213539 4.562423 21.38855 -0.946449 -2.345274\n            [,8]      [,9]      [,10]      [,11]       [,12]     [,13]\n[1,] 0.008291871 0.1681143 0.03675474 0.01256112 -0.02182148 -3.219569\n          [,14]   [,15]\n[1,] 0.01287257 0.14646\nAll phases completed\n\nRunning model validation...\nNo test data available (train_test_split >= 1.0)\nNULL\n\nDEBUG: Report contents:\nList of 3\n $ cots_pred: num [1:26] 0.341 0.43 0.551 0.836 0.432 ...\n $ fast_pred: num [1:26] 12.1 12.5 12.8 13 12.9 ...\n $ slow_pred: num [1:26] 16.5 17.8 18.9 19.7 19.8 ...\nNULL\n\nDEBUG: Available variables in report:\n[1] \"cots_pred\" \"fast_pred\" \"slow_pred\"\n\nChecking predictions and calculating objective function...\n\nDEBUG: Processing cots_pred \nDEBUG: First few predictions: 0.3408882 0.4296115 0.5514114 0.8358945 0.431798 0.5140767 \nDEBUG: Summary statistics:\n   Min. 1st Qu.  Median    Mean 3rd Qu.    Max. \n 0.1484  0.3631  0.6040  0.9086  0.9409  3.4130 \nDEBUG: All zeros? FALSE \nDEBUG: Any infinities? FALSE \n\nDEBUG: Processing slow_pred \nDEBUG: First few predictions: 16.53355 17.80129 18.90979 19.73169 19.76477 20.95123 \nDEBUG: Summary statistics:\n   Min. 1st Qu.  Median    Mean 3rd Qu.    Max. \n  6.136   7.269  15.028  14.260  20.598  24.308 \nDEBUG: All zeros? FALSE \nDEBUG: Any infinities? FALSE \n\nDEBUG: Processing fast_pred \nDEBUG: First few predictions: 12.06421 12.47778 12.81447 13.03292 12.94725 13.30312 \nDEBUG: Summary statistics:\n   Min. 1st Qu.  Median    Mean 3rd Qu.    Max. \n  3.649   4.499  10.983   9.089  13.022  14.167 \nDEBUG: All zeros? FALSE \nDEBUG: Any infinities? FALSE \n\nDEBUG: Using the following variables for objective function:\ncots_dat -> cots_pred\nslow_dat -> slow_pred\nfast_dat -> fast_pred\n\nDEBUG: Calculating MSE for prediction variables only:\n\nDEBUG: cots_pred \nObserved: 0.2615042 0.5498196 0.7268086 0.5522907 0.828121 0.5470078 ...\nPredicted: 0.3408882 0.4296115 0.5514114 0.8358945 0.431798 0.5140767 ...\nMSE (normalized): 3.145259 \n\nDEBUG: slow_pred \nObserved: 10.06939 17.72357 23.82758 19.41812 15.63542 32.45961 ...\nPredicted: 16.53355 17.80129 18.90979 19.73169 19.76477 20.95123 ...\nMSE (normalized): 0.417864 \n\nDEBUG: fast_pred \nObserved: 12.77261 16.41474 12.77729 12.27975 15.11516 12.81941 ...\nPredicted: 12.06421 12.47778 12.81447 13.03292 12.94725 13.30312 ...\nMSE (normalized): 0.2365627 \n\nDEBUG: MSE values:\n cots_dat  slow_dat  fast_dat \n3.1452591 0.4178640 0.2365627 \n\nDEBUG: Final objective value (mean of MSEs): 1.266562 \n\nFinal objective function value: 1.266562 \n\nJSON_REPORT_START\n{\n  \"status\": \"SUCCESS\",\n  \"objective_value\": 1.2666,\n  \"model_summary\": [\"            Length Class  Mode     \", \"par         15     -none- numeric  \", \"objective    1     -none- numeric  \", \"convergence  1     -none- numeric  \", \"iterations   1     -none- numeric  \", \"evaluations  2     -none- numeric  \", \"message      1     -none- character\"],\n  \"model_report\": {\n    \"cots_pred\": [0.3409, 0.4296, 0.5514, 0.8359, 0.4318, 0.5141, 0.7076, 0.6944, 0.617, 0.5911, 1.8466, 1.5547, 2.7644, 3.413, 2.4769, 0.3009, 0.4352, 0.7608, 1.5423, 0.9759, 0.6856, 0.2904, 0.231, 0.2213, 0.2635, 0.1484],\n    \"fast_pred\": [12.0642, 12.4778, 12.8145, 13.0329, 12.9473, 13.3031, 13.5841, 13.6621, 13.7578, 13.944, 14.1669, 12.9883, 12.1092, 9.9011, 7.0608, 5.2729, 5.3957, 5.4136, 5.1634, 4.2779, 3.8571, 3.6486, 3.7094, 3.8137, 3.9294, 4.0208],\n    \"slow_pred\": [16.5336, 17.8013, 18.9098, 19.7317, 19.7648, 20.9512, 21.9378, 22.3492, 22.8038, 23.509, 24.3077, 20.8757, 18.752, 13.5226, 8.2608, 6.1358, 6.7121, 7.1919, 7.3236, 6.5314, 6.4233, 6.6215, 7.2514, 8.0061, 8.8448, 9.703]\n  },\n  \"plot_data\": {\n    \"cots_pred\": {\n      \"Year\": [1980, 1981, 1982, 1983, 1984, 1985, 1986, 1987, 1988, 1989, 1990, 1991, 1992, 1993, 1994, 1995, 1996, 1997, 1998, 1999, 2000, 2001, 2002, 2003, 2004, 2005],\n      \"Modeled\": [0.3409, 0.4296, 0.5514, 0.8359, 0.4318, 0.5141, 0.7076, 0.6944, 0.617, 0.5911, 1.8466, 1.5547, 2.7644, 3.413, 2.4769, 0.3009, 0.4352, 0.7608, 1.5423, 0.9759, 0.6856, 0.2904, 0.231, 0.2213, 0.2635, 0.1484],\n      \"Observed\": [0.2615, 0.5498, 0.7268, 0.5523, 0.8281, 0.547, 0.758, 0.6288, 0.4762, 0.6466, 0.9107, 2.152, 0.6446, 1.6723, 0.4766, 0.8075, 0.3635, 0.3728, 0.6173, 0.3107, 0.256, 0.2984, 0.3362, 0.2878, 0.3221, 0.4308]\n    },\n    \"slow_pred\": {\n      \"Year\": [1980, 1981, 1982, 1983, 1984, 1985, 1986, 1987, 1988, 1989, 1990, 1991, 1992, 1993, 1994, 1995, 1996, 1997, 1998, 1999, 2000, 2001, 2002, 2003, 2004, 2005],\n      \"Modeled\": [16.5336, 17.8013, 18.9098, 19.7317, 19.7648, 20.9512, 21.9378, 22.3492, 22.8038, 23.509, 24.3077, 20.8757, 18.752, 13.5226, 8.2608, 6.1358, 6.7121, 7.1919, 7.3236, 6.5314, 6.4233, 6.6215, 7.2514, 8.0061, 8.8448, 9.703],\n      \"Observed\": [10.0694, 17.7236, 23.8276, 19.4181, 15.6354, 32.4596, 21.5567, 34.1938, 18.8708, 27.3176, 44.3301, 13.3275, 11.3741, 8.3362, 15.207, 12.443, 11.0666, 10.6442, 2.3628, 2.76, 3.7236, 7.0355, 10.2239, 8.4754, 9.0819, 13.7314]\n    },\n    \"fast_pred\": {\n      \"Year\": [1980, 1981, 1982, 1983, 1984, 1985, 1986, 1987, 1988, 1989, 1990, 1991, 1992, 1993, 1994, 1995, 1996, 1997, 1998, 1999, 2000, 2001, 2002, 2003, 2004, 2005],\n      \"Modeled\": [12.0642, 12.4778, 12.8145, 13.0329, 12.9473, 13.3031, 13.5841, 13.6621, 13.7578, 13.944, 14.1669, 12.9883, 12.1092, 9.9011, 7.0608, 5.2729, 5.3957, 5.4136, 5.1634, 4.2779, 3.8571, 3.6486, 3.7094, 3.8137, 3.9294, 4.0208],\n      \"Observed\": [12.7726, 16.4147, 12.7773, 12.2798, 15.1152, 12.8194, 10.4631, 9.7251, 13.2014, 16.4512, 11.1393, 18.0832, 11.5223, 8.51, 9.1622, 5.3353, 8.6044, 7.2781, 2.629, 4.6951, 1.5948, 5.2172, 2.6041, 3.3618, 7.3289, 4.4014]\n    }\n  }\n}\nJSON_REPORT_END",
      "stderr": "Loading required package: TMB\nLoading required package: jsonlite\nhere() starts at C:/Users/spi085/OneDrive - CSIRO/Documents/_Projects/SCCP-QuantModelling\nusing C++ compiler: 'G__~1.EXE (GCC) 13.2.0'\nWarning messages:\n1: In nlminb(model$par, model$fn, model$gr) : NA/NaN function evaluation\n2: In nlminb(model$par, model$fn, model$gr) : NA/NaN function evaluation\n3: In nlminb(model$par, model$fn, model$gr) : NA/NaN function evaluation\n4: In nlminb(model$par, model$fn, model$gr) : NA/NaN function evaluation\nWarning message:\n`aes_string()` was deprecated in ggplot2 3.0.0.\n\u2139 Please use tidy evaluation idioms with `aes()`.\n\u2139 See also `vignette(\"ggplot2-in-packages\")` for more information."
    },
    "6": {
      "status": "SUCCESS",
      "objective_value": 1.2666
    }
  }
}