{
  "iterations": {
    "1": {
      "status": "LEAKAGE",
      "message": "Data leakage detected in model equations.",
      "objective_value": "NA"
    },
    "2": {
      "status": "ERROR",
      "message": "Model failed to compile.",
      "stdout": "g++ -std=gnu++17  -I\"C:/Users/spi085/AppData/Local/Programs/R/R-4.4.1/include\" -DNDEBUG -I\"C:/Users/spi085/AppData/Local/Programs/R/R-44~1.1/library/TMB/include\" -I\"C:/Users/spi085/AppData/Local/Programs/R/R-44~1.1/library/RCPPEI~1/include\"   -DTMB_EIGEN_DISABLE_WARNINGS   -DTMB_LIB_INIT=R_init_model  -DCPPAD_FRAMEWORK    -I\"C:/rtools44/x86_64-w64-mingw32.static.posix/include\"     -O2 -Wa,-mbig-obj -c POPULATIONS//POPULATION_0007//INDIVIDUAL_QWSNOS05/model.cpp -o POPULATIONS//POPULATION_0007//INDIVIDUAL_QWSNOS05/model.o",
      "stderr": "Loading required package: TMB\nLoading required package: jsonlite\nhere() starts at C:/Users/spi085/OneDrive - CSIRO/Documents/_Projects/SCCP-QuantModelling\nusing C++ compiler: 'G__~1.EXE (GCC) 13.2.0'\nPOPULATIONS//POPULATION_0007//INDIVIDUAL_QWSNOS05/model.cpp: In instantiation of 'Type objective_function<Type>::operator()() [with Type = CppAD::AD<double>]':\nC:/Users/spi085/AppData/Local/Programs/R/R-4.4.1/library/TMB/include/tmb_core.hpp:1308:6:   required from here\nPOPULATIONS//POPULATION_0007//INDIVIDUAL_QWSNOS05/model.cpp:78:18: error: 'dlnorm' was not declared in this scope; did you mean 'dnorm'?\n   78 |     nll += dlnorm(cots_dat[t], log(cots_pred[t] + Type(1e-8)), Type(0.1), true);\n      |            ~~~~~~^~~~~~~~~~~~~~~~~~~~~~~~~~~~~~~~~~~~~~~~~~~~~~~~~~~~~~~~~~~~~~\n      |            dnorm\nPOPULATIONS//POPULATION_0007//INDIVIDUAL_QWSNOS05/model.cpp:79:18: error: 'dlnorm' was not declared in this scope, and no declarations were found by argument-dependent lookup at the point of instantiation\n   79 |     nll += dlnorm(slow_dat[t], log(slow_pred[t] + Type(1e-8)), Type(0.1), true);\n      |            ~~~~~~^~~~~~~~~~~~~~~~~~~~~~~~~~~~~~~~~~~~~~~~~~~~~~~~~~~~~~~~~~~~~~\nPOPULATIONS//POPULATION_0007//INDIVIDUAL_QWSNOS05/model.cpp:78:18: note: 'dlnorm' declared here, later in the translation unit\n   78 |     nll += dlnorm(cots_dat[t], log(cots_pred[t] + Type(1e-8)), Type(0.1), true);\n      |            ~~~~~~^~~~~~~~~~~~~~~~~~~~~~~~~~~~~~~~~~~~~~~~~~~~~~~~~~~~~~~~~~~~~~\nPOPULATIONS//POPULATION_0007//INDIVIDUAL_QWSNOS05/model.cpp:80:18: error: 'dlnorm' was not declared in this scope, and no declarations were found by argument-dependent lookup at the point of instantiation\n   80 |     nll += dlnorm(fast_dat[t], log(fast_pred[t] + Type(1e-8)), Type(0.1), true);\n      |            ~~~~~~^~~~~~~~~~~~~~~~~~~~~~~~~~~~~~~~~~~~~~~~~~~~~~~~~~~~~~~~~~~~~~\nPOPULATIONS//POPULATION_0007//INDIVIDUAL_QWSNOS05/model.cpp:78:18: note: 'dlnorm' declared here, later in the translation unit\n   78 |     nll += dlnorm(cots_dat[t], log(cots_pred[t] + Type(1e-8)), Type(0.1), true);\n      |            ~~~~~~^~~~~~~~~~~~~~~~~~~~~~~~~~~~~~~~~~~~~~~~~~~~~~~~~~~~~~~~~~~~~~\nPOPULATIONS//POPULATION_0007//INDIVIDUAL_QWSNOS05/model.cpp: In instantiation of 'Type objective_function<Type>::operator()() [with Type = double]':\nC:/Users/spi085/AppData/Local/Programs/R/R-4.4.1/library/TMB/include/tmb_core.hpp:2031:7:   required from here\nPOPULATIONS//POPULATION_0007//INDIVIDUAL_QWSNOS05/model.cpp:78:18: error: 'dlnorm' was not declared in this scope; did you mean 'dnorm'?\n   78 |     nll += dlnorm(cots_dat[t], log(cots_pred[t] + Type(1e-8)), Type(0.1), true);\n      |            ~~~~~~^~~~~~~~~~~~~~~~~~~~~~~~~~~~~~~~~~~~~~~~~~~~~~~~~~~~~~~~~~~~~~\n      |            dnorm\nPOPULATIONS//POPULATION_0007//INDIVIDUAL_QWSNOS05/model.cpp:79:18: error: 'dlnorm' was not declared in this scope, and no declarations were found by argument-dependent lookup at the point of instantiation\n   79 |     nll += dlnorm(slow_dat[t], log(slow_pred[t] + Type(1e-8)), Type(0.1), true);\n      |            ~~~~~~^~~~~~~~~~~~~~~~~~~~~~~~~~~~~~~~~~~~~~~~~~~~~~~~~~~~~~~~~~~~~~\nPOPULATIONS//POPULATION_0007//INDIVIDUAL_QWSNOS05/model.cpp:78:18: note: 'dlnorm' declared here, later in the translation unit\n   78 |     nll += dlnorm(cots_dat[t], log(cots_pred[t] + Type(1e-8)), Type(0.1), true);\n      |            ~~~~~~^~~~~~~~~~~~~~~~~~~~~~~~~~~~~~~~~~~~~~~~~~~~~~~~~~~~~~~~~~~~~~\nPOPULATIONS//POPULATION_0007//INDIVIDUAL_QWSNOS05/model.cpp:80:18: error: 'dlnorm' was not declared in this scope, and no declarations were found by argument-dependent lookup at the point of instantiation\n   80 |     nll += dlnorm(fast_dat[t], log(fast_pred[t] + Type(1e-8)), Type(0.1), true);\n      |            ~~~~~~^~~~~~~~~~~~~~~~~~~~~~~~~~~~~~~~~~~~~~~~~~~~~~~~~~~~~~~~~~~~~~\nPOPULATIONS//POPULATION_0007//INDIVIDUAL_QWSNOS05/model.cpp:78:18: note: 'dlnorm' declared here, later in the translation unit\n   78 |     nll += dlnorm(cots_dat[t], log(cots_pred[t] + Type(1e-8)), Type(0.1), true);\n      |            ~~~~~~^~~~~~~~~~~~~~~~~~~~~~~~~~~~~~~~~~~~~~~~~~~~~~~~~~~~~~~~~~~~~~\nPOPULATIONS//POPULATION_0007//INDIVIDUAL_QWSNOS05/model.cpp: In instantiation of 'Type objective_function<Type>::operator()() [with Type = CppAD::AD<CppAD::AD<double> >]':\nC:/Users/spi085/AppData/Local/Programs/R/R-4.4.1/library/TMB/include/tmb_core.hpp:913:29:   required from 'Type objective_function<Type>::evalUserTemplate() [with Type = CppAD::AD<CppAD::AD<double> >]'\nC:/Users/spi085/AppData/Local/Programs/R/R-4.4.1/library/TMB/include/tmb_core.hpp:2112:26:   required from here\nPOPULATIONS//POPULATION_0007//INDIVIDUAL_QWSNOS05/model.cpp:78:18: error: 'dlnorm' was not declared in this scope; did you mean 'dnorm'?\n   78 |     nll += dlnorm(cots_dat[t], log(cots_pred[t] + Type(1e-8)), Type(0.1), true);\n      |            ~~~~~~^~~~~~~~~~~~~~~~~~~~~~~~~~~~~~~~~~~~~~~~~~~~~~~~~~~~~~~~~~~~~~\n      |            dnorm\nPOPULATIONS//POPULATION_0007//INDIVIDUAL_QWSNOS05/model.cpp:79:18: error: 'dlnorm' was not declared in this scope, and no declarations were found by argument-dependent lookup at the point of instantiation\n   79 |     nll += dlnorm(slow_dat[t], log(slow_pred[t] + Type(1e-8)), Type(0.1), true);\n      |            ~~~~~~^~~~~~~~~~~~~~~~~~~~~~~~~~~~~~~~~~~~~~~~~~~~~~~~~~~~~~~~~~~~~~\nPOPULATIONS//POPULATION_0007//INDIVIDUAL_QWSNOS05/model.cpp:78:18: note: 'dlnorm' declared here, later in the translation unit\n   78 |     nll += dlnorm(cots_dat[t], log(cots_pred[t] + Type(1e-8)), Type(0.1), true);\n      |            ~~~~~~^~~~~~~~~~~~~~~~~~~~~~~~~~~~~~~~~~~~~~~~~~~~~~~~~~~~~~~~~~~~~~\nPOPULATIONS//POPULATION_0007//INDIVIDUAL_QWSNOS05/model.cpp:80:18: error: 'dlnorm' was not declared in this scope, and no declarations were found by argument-dependent lookup at the point of instantiation\n   80 |     nll += dlnorm(fast_dat[t], log(fast_pred[t] + Type(1e-8)), Type(0.1), true);\n      |            ~~~~~~^~~~~~~~~~~~~~~~~~~~~~~~~~~~~~~~~~~~~~~~~~~~~~~~~~~~~~~~~~~~~~\nPOPULATIONS//POPULATION_0007//INDIVIDUAL_QWSNOS05/model.cpp:78:18: note: 'dlnorm' declared here, later in the translation unit\n   78 |     nll += dlnorm(cots_dat[t], log(cots_pred[t] + Type(1e-8)), Type(0.1), true);\n      |            ~~~~~~^~~~~~~~~~~~~~~~~~~~~~~~~~~~~~~~~~~~~~~~~~~~~~~~~~~~~~~~~~~~~~\nPOPULATIONS//POPULATION_0007//INDIVIDUAL_QWSNOS05/model.cpp: In instantiation of 'Type objective_function<Type>::operator()() [with Type = CppAD::AD<CppAD::AD<CppAD::AD<double> > >]':\nC:/Users/spi085/AppData/Local/Programs/R/R-4.4.1/library/TMB/include/tmb_core.hpp:913:29:   required from 'Type objective_function<Type>::evalUserTemplate() [with Type = CppAD::AD<CppAD::AD<CppAD::AD<double> > >]'\nC:/Users/spi085/AppData/Local/Programs/R/R-4.4.1/library/TMB/include/tmb_core.hpp:2361:28:   required from here\nPOPULATIONS//POPULATION_0007//INDIVIDUAL_QWSNOS05/model.cpp:78:18: error: 'dlnorm' was not declared in this scope; did you mean 'dnorm'?\n   78 |     nll += dlnorm(cots_dat[t], log(cots_pred[t] + Type(1e-8)), Type(0.1), true);\n      |            ~~~~~~^~~~~~~~~~~~~~~~~~~~~~~~~~~~~~~~~~~~~~~~~~~~~~~~~~~~~~~~~~~~~~\n      |            dnorm\nPOPULATIONS//POPULATION_0007//INDIVIDUAL_QWSNOS05/model.cpp:79:18: error: 'dlnorm' was not declared in this scope, and no declarations were found by argument-dependent lookup at the point of instantiation\n   79 |     nll += dlnorm(slow_dat[t], log(slow_pred[t] + Type(1e-8)), Type(0.1), true);\n      |            ~~~~~~^~~~~~~~~~~~~~~~~~~~~~~~~~~~~~~~~~~~~~~~~~~~~~~~~~~~~~~~~~~~~~\nPOPULATIONS//POPULATION_0007//INDIVIDUAL_QWSNOS05/model.cpp:78:18: note: 'dlnorm' declared here, later in the translation unit\n   78 |     nll += dlnorm(cots_dat[t], log(cots_pred[t] + Type(1e-8)), Type(0.1), true);\n      |            ~~~~~~^~~~~~~~~~~~~~~~~~~~~~~~~~~~~~~~~~~~~~~~~~~~~~~~~~~~~~~~~~~~~~\nPOPULATIONS//POPULATION_0007//INDIVIDUAL_QWSNOS05/model.cpp:80:18: error: 'dlnorm' was not declared in this scope, and no declarations were found by argument-dependent lookup at the point of instantiation\n   80 |     nll += dlnorm(fast_dat[t], log(fast_pred[t] + Type(1e-8)), Type(0.1), true);\n      |            ~~~~~~^~~~~~~~~~~~~~~~~~~~~~~~~~~~~~~~~~~~~~~~~~~~~~~~~~~~~~~~~~~~~~\nPOPULATIONS//POPULATION_0007//INDIVIDUAL_QWSNOS05/model.cpp:78:18: note: 'dlnorm' declared here, later in the translation unit\n   78 |     nll += dlnorm(cots_dat[t], log(cots_pred[t] + Type(1e-8)), Type(0.1), true);\n      |            ~~~~~~^~~~~~~~~~~~~~~~~~~~~~~~~~~~~~~~~~~~~~~~~~~~~~~~~~~~~~~~~~~~~~\nmake: *** [C:/Users/spi085/AppData/Local/Programs/R/R-4.4.1/etc/x64/Makeconf:296: POPULATIONS//POPULATION_0007//INDIVIDUAL_QWSNOS05/model.o] Error 1\nError in TMB::compile(file.path(individual_dir, model_file), flags = flags,  : \n  Compilation failed\nError: Compilation failed\nExecution halted"
    },
    "3": {
      "status": "ERROR",
      "message": "R script failed with return code 1",
      "stdout": "g++ -std=gnu++17  -I\"C:/Users/spi085/AppData/Local/Programs/R/R-4.4.1/include\" -DNDEBUG -I\"C:/Users/spi085/AppData/Local/Programs/R/R-44~1.1/library/TMB/include\" -I\"C:/Users/spi085/AppData/Local/Programs/R/R-44~1.1/library/RCPPEI~1/include\"   -DTMB_EIGEN_DISABLE_WARNINGS   -DTMB_LIB_INIT=R_init_model  -DCPPAD_FRAMEWORK    -I\"C:/rtools44/x86_64-w64-mingw32.static.posix/include\"     -O2 -Wa,-mbig-obj -c POPULATIONS//POPULATION_0007//INDIVIDUAL_QWSNOS05/model.cpp -o POPULATIONS//POPULATION_0007//INDIVIDUAL_QWSNOS05/model.o\ng++ -std=gnu++17 -shared -s -static-libgcc -o POPULATIONS//POPULATION_0007//INDIVIDUAL_QWSNOS05/model.dll tmp.def POPULATIONS//POPULATION_0007//INDIVIDUAL_QWSNOS05/model.o -LC:/rtools44/x86_64-w64-mingw32.static.posix/lib/x64 -LC:/rtools44/x86_64-w64-mingw32.static.posix/lib -LC:/Users/spi085/AppData/Local/Programs/R/R-4.4.1/bin/x64 -lR\nStarting model phases\nNumber of phases: 1 \nPhase 1 \nError in model phases: Error when reading the variable: 'year'. Please check data and parameters.",
      "stderr": "Loading required package: TMB\nLoading required package: jsonlite\nhere() starts at C:/Users/spi085/OneDrive - CSIRO/Documents/_Projects/SCCP-QuantModelling\nusing C++ compiler: 'G__~1.EXE (GCC) 13.2.0'\nError in value[[3L]](cond) : \n  Error in model phases: Error when reading the variable: 'year'. Please check data and parameters.\nCalls: tryCatch -> tryCatchList -> tryCatchOne -> <Anonymous>\nIn addition: Warning message:\nIn getParameterOrder(data, parameters, new.env(), DLL = DLL) :\n  Expected object. Got NULL.\nExecution halted"
    },
    "4": {
      "status": "ERROR",
      "message": "R script failed with return code 1",
      "stdout": "g++ -std=gnu++17  -I\"C:/Users/spi085/AppData/Local/Programs/R/R-4.4.1/include\" -DNDEBUG -I\"C:/Users/spi085/AppData/Local/Programs/R/R-44~1.1/library/TMB/include\" -I\"C:/Users/spi085/AppData/Local/Programs/R/R-44~1.1/library/RCPPEI~1/include\"   -DTMB_EIGEN_DISABLE_WARNINGS   -DTMB_LIB_INIT=R_init_model  -DCPPAD_FRAMEWORK    -I\"C:/rtools44/x86_64-w64-mingw32.static.posix/include\"     -O2 -Wa,-mbig-obj -c POPULATIONS//POPULATION_0007//INDIVIDUAL_QWSNOS05/model.cpp -o POPULATIONS//POPULATION_0007//INDIVIDUAL_QWSNOS05/model.o\ng++ -std=gnu++17 -shared -s -static-libgcc -o POPULATIONS//POPULATION_0007//INDIVIDUAL_QWSNOS05/model.dll tmp.def POPULATIONS//POPULATION_0007//INDIVIDUAL_QWSNOS05/model.o -LC:/rtools44/x86_64-w64-mingw32.static.posix/lib/x64 -LC:/rtools44/x86_64-w64-mingw32.static.posix/lib -LC:/Users/spi085/AppData/Local/Programs/R/R-4.4.1/bin/x64 -lR\nStarting model phases\nNumber of phases: 1 \nPhase 1 \nError in model phases: Error when reading the variable: 'log_impact_rate_slow'. Please check data and parameters.",
      "stderr": "Loading required package: TMB\nLoading required package: jsonlite\nhere() starts at C:/Users/spi085/OneDrive - CSIRO/Documents/_Projects/SCCP-QuantModelling\nusing C++ compiler: 'G__~1.EXE (GCC) 13.2.0'\nError in value[[3L]](cond) : \n  Error in model phases: Error when reading the variable: 'log_impact_rate_slow'. Please check data and parameters.\nCalls: tryCatch -> tryCatchList -> tryCatchOne -> <Anonymous>\nIn addition: Warning messages:\n1: In getParameterOrder(data, parameters, new.env(), DLL = DLL) :\n  Expected scalar. Got length=0\n2: In getParameterOrder(data, parameters, new.env(), DLL = DLL) :\n  Expected object. Got NULL.\nExecution halted"
    },
    "5": {
      "status": "SUCCESS",
      "objective_value": "NaN",
      "model_summary": [
        "            Length Class  Mode     ",
        "par         5      -none- numeric  ",
        "objective   1      -none- numeric  ",
        "convergence 1      -none- numeric  ",
        "iterations  1      -none- numeric  ",
        "evaluations 2      -none- numeric  ",
        "message     1      -none- character"
      ],
      "model_report": [],
      "plot_data": [],
      "stdout": "g++ -std=gnu++17  -I\"C:/Users/spi085/AppData/Local/Programs/R/R-4.4.1/include\" -DNDEBUG -I\"C:/Users/spi085/AppData/Local/Programs/R/R-44~1.1/library/TMB/include\" -I\"C:/Users/spi085/AppData/Local/Programs/R/R-44~1.1/library/RCPPEI~1/include\"   -DTMB_EIGEN_DISABLE_WARNINGS   -DTMB_LIB_INIT=R_init_model  -DCPPAD_FRAMEWORK    -I\"C:/rtools44/x86_64-w64-mingw32.static.posix/include\"     -O2 -Wa,-mbig-obj -c POPULATIONS//POPULATION_0007//INDIVIDUAL_QWSNOS05/model.cpp -o POPULATIONS//POPULATION_0007//INDIVIDUAL_QWSNOS05/model.o\ng++ -std=gnu++17 -shared -s -static-libgcc -o POPULATIONS//POPULATION_0007//INDIVIDUAL_QWSNOS05/model.dll tmp.def POPULATIONS//POPULATION_0007//INDIVIDUAL_QWSNOS05/model.o -LC:/rtools44/x86_64-w64-mingw32.static.posix/lib/x64 -LC:/rtools44/x86_64-w64-mingw32.static.posix/lib -LC:/Users/spi085/AppData/Local/Programs/R/R-4.4.1/bin/x64 -lR\nStarting model phases\nNumber of phases: 1 \nPhase 1 \nInitial parameter values for phase 1 :\n     log_growth_rate     log_feeding_rate        log_cots_base \n              -0.693               -2.303                0.000 \nlog_impact_rate_slow log_impact_rate_fast \n              -1.000               -1.000 \nFinal parameter values for phase 1 :\n     log_growth_rate     log_feeding_rate        log_cots_base \n          -1.7052879           -4.8348522            0.2534925 \nlog_impact_rate_slow log_impact_rate_fast \n          -1.9059427           -1.7007757 \nConvergence message: relative convergence (4) \nNumber of iterations: 41 \nObjective function value: 1536.086 \nGradient at solution for phase 1 :\n            [,1]        [,2]          [,3]          [,4]         [,5]\n[1,] 0.002898411 0.002725707 -0.0006321512 -0.0004128316 -0.003696806\nFinal Phase\nInitial parameter values for final phase:\n     log_growth_rate     log_feeding_rate        log_cots_base \n          -1.7052879           -4.8348522            0.2534925 \nlog_impact_rate_slow log_impact_rate_fast \n          -1.9059427           -1.7007757 \nFinal parameter values for final phase:\n     log_growth_rate     log_feeding_rate        log_cots_base \n          -1.7052879           -4.8348523            0.2534924 \nlog_impact_rate_slow log_impact_rate_fast \n          -1.9059427           -1.7007756 \nConvergence message: relative convergence (4) \nNumber of iterations: 3 \nObjective function value: 1536.086 \nGradient at solution for final phase:\n             [,1]         [,2]         [,3]        [,4]        [,5]\n[1,] -0.001228802 -0.001069189 0.0006071532 0.000443599 0.001135519\nAll phases completed\n\nDEBUG: Report contents:\n list()\nNULL\n\nDEBUG: Available variables in report:\nNULL\n\nChecking predictions and calculating objective function...\n\nDEBUG: Processing cots_pred \nDEBUG: cots_pred not found in report\nDEBUG: Available variables:  \n\nDEBUG: Using the following variables for objective function:\ncots_dat -> cots_pred\nslow_dat -> slow_pred\nfast_dat -> fast_pred\n\nDEBUG: Calculating MSE for prediction variables only:\n\nDEBUG: MSE values:\ncots_dat slow_dat fast_dat \n      NA       NA       NA \n\nDEBUG: Final objective value (mean of MSEs): NaN \n\nFinal objective function value: NaN \n\nJSON_REPORT_START\n{\n  \"status\": \"SUCCESS\",\n  \"objective_value\": \"NaN\",\n  \"model_summary\": [\"            Length Class  Mode     \", \"par         5      -none- numeric  \", \"objective   1      -none- numeric  \", \"convergence 1      -none- numeric  \", \"iterations  1      -none- numeric  \", \"evaluations 2      -none- numeric  \", \"message     1      -none- character\"],\n  \"model_report\": [],\n  \"plot_data\": []\n}\nJSON_REPORT_END",
      "stderr": "Loading required package: TMB\nLoading required package: jsonlite\nhere() starts at C:/Users/spi085/OneDrive - CSIRO/Documents/_Projects/SCCP-QuantModelling\nusing C++ compiler: 'G__~1.EXE (GCC) 13.2.0'\nWarning messages:\n1: In nlminb(model$par, model$fn, model$gr) : NA/NaN function evaluation\n2: In nlminb(model$par, model$fn, model$gr) : NA/NaN function evaluation"
    },
    "6": {
      "status": "LEAKAGE",
      "message": "Data leakage detected in model equations.",
      "objective_value": "NA"
    },
    "7": {
      "status": "BROKEN"
    }
  }
}