{
  "iterations": {
    "1": {
      "status": "ERROR",
      "message": "R script failed with return code 1",
      "stdout": "g++ -std=gnu++17 -I\"/usr/share/R/include\" -DNDEBUG -I\"/home/spi085/R/x86_64-pc-linux-gnu-library/4.4/TMB/include\" -I\"/home/spi085/R/x86_64-pc-linux-gnu-library/4.4/RcppEigen/include\"   -DTMB_EIGEN_DISABLE_WARNINGS   -DTMB_LIB_INIT=R_init_model  -DCPPAD_FRAMEWORK      -fpic  -O2  -c POPULATIONS/POPULATION_0002/INDIVIDUAL_6AYE41N4/model.cpp -o POPULATIONS/POPULATION_0002/INDIVIDUAL_6AYE41N4/model.o\ng++ -std=gnu++17 -shared -L/usr/lib/R/lib -Wl,-Bsymbolic-functions -flto=auto -ffat-lto-objects -Wl,-z,relro -o POPULATIONS/POPULATION_0002/INDIVIDUAL_6AYE41N4/model.so POPULATIONS/POPULATION_0002/INDIVIDUAL_6AYE41N4/model.o -L/usr/lib/R/lib -lR\nStarting model phases\nNumber of phases: 3 \nPhase 1 \nInitial parameter values for phase 1 :\nr_cots r_fast r_slow a_fast a_slow \n   0.8    0.3    0.1    0.5    0.2 \nError in model phases: NA/NaN gradient evaluation",
      "stderr": "Loading required package: TMB\nLoading required package: jsonlite\nhere() starts at /home/spi085/Documents/_Projects/SCCP-QuantModelling\nusing C++ compiler: \u2018g++ (Ubuntu 13.3.0-6ubuntu2~24.04) 13.3.0\u2019\nError in value[[3L]](cond) : \n  Error in model phases: NA/NaN gradient evaluation\nCalls: tryCatch -> tryCatchList -> tryCatchOne -> <Anonymous>\nIn addition: Warning message:\nIn nlminb(model$par, model$fn, model$gr) : NA/NaN function evaluation\nExecution halted"
    },
    "2": {
      "status": "ERROR",
      "message": "Model failed to compile.",
      "stdout": "g++ -std=gnu++17 -I\"/usr/share/R/include\" -DNDEBUG -I\"/home/spi085/R/x86_64-pc-linux-gnu-library/4.4/TMB/include\" -I\"/home/spi085/R/x86_64-pc-linux-gnu-library/4.4/RcppEigen/include\"   -DTMB_EIGEN_DISABLE_WARNINGS   -DTMB_LIB_INIT=R_init_model  -DCPPAD_FRAMEWORK      -fpic  -O2  -c POPULATIONS/POPULATION_0002/INDIVIDUAL_6AYE41N4/model.cpp -o POPULATIONS/POPULATION_0002/INDIVIDUAL_6AYE41N4/model.o",
      "stderr": "Loading required package: TMB\nLoading required package: jsonlite\nhere() starts at /home/spi085/Documents/_Projects/SCCP-QuantModelling\nusing C++ compiler: \u2018g++ (Ubuntu 13.3.0-6ubuntu2~24.04) 13.3.0\u2019\nPOPULATIONS/POPULATION_0002/INDIVIDUAL_6AYE41N4/model.cpp: In instantiation of \u2018Type objective_function<Type>::operator()() [with Type = CppAD::AD<double>]\u2019:\n/home/spi085/R/x86_64-pc-linux-gnu-library/4.4/TMB/include/tmb_core.hpp:1312:6:   required from here\nPOPULATIONS/POPULATION_0002/INDIVIDUAL_6AYE41N4/model.cpp:67:23: error: no matching function for call to \u2018max(CppAD::AD<double>, CppAD::AD<double>)\u2019\n   67 |     Type dd_term = max(Type(0.0), Type(1.0) - cots_pred(t-1)/K_cots);\n      |                    ~~~^~~~~~~~~~~~~~~~~~~~~~~~~~~~~~~~~~~~~~~~~~~~~~\nIn file included from /home/spi085/R/x86_64-pc-linux-gnu-library/4.4/TMB/include/TMB.hpp:231,\n                 from POPULATIONS/POPULATION_0002/INDIVIDUAL_6AYE41N4/model.cpp:1:\n/home/spi085/R/x86_64-pc-linux-gnu-library/4.4/TMB/include/convenience.hpp:145:6: note: candidate: \u2018template<class Type> Type max(const tmbutils::vector<Type>&)\u2019\n  145 | Type max(const vector<Type> &x)\n      |      ^~~\n/home/spi085/R/x86_64-pc-linux-gnu-library/4.4/TMB/include/convenience.hpp:145:6: note:   template argument deduction/substitution failed:\nPOPULATIONS/POPULATION_0002/INDIVIDUAL_6AYE41N4/model.cpp:67:23: note:   \u2018CppAD::AD<double>\u2019 is not derived from \u2018const tmbutils::vector<Type>\u2019\n   67 |     Type dd_term = max(Type(0.0), Type(1.0) - cots_pred(t-1)/K_cots);\n      |                    ~~~^~~~~~~~~~~~~~~~~~~~~~~~~~~~~~~~~~~~~~~~~~~~~~\nPOPULATIONS/POPULATION_0002/INDIVIDUAL_6AYE41N4/model.cpp:70:32: error: no matching function for call to \u2018min(Eigen::DenseCoeffsBase<Eigen::Array<CppAD::AD<double>, -1, 1, 0, -1, 1>, 1>::Scalar&, const CppAD::AD<double>&)\u2019\n   70 |     cots_pred(t) = max(eps, min(cots_pred(t), max_val));\n      |                             ~~~^~~~~~~~~~~~~~~~~~~~~~~\n/home/spi085/R/x86_64-pc-linux-gnu-library/4.4/TMB/include/convenience.hpp:156:6: note: candidate: \u2018template<class Type> Type min(const tmbutils::vector<Type>&)\u2019\n  156 | Type min(const vector<Type> &x)\n      |      ^~~\n/home/spi085/R/x86_64-pc-linux-gnu-library/4.4/TMB/include/convenience.hpp:156:6: note:   template argument deduction/substitution failed:\nPOPULATIONS/POPULATION_0002/INDIVIDUAL_6AYE41N4/model.cpp:70:32: note:   \u2018Eigen::DenseCoeffsBase<Eigen::Array<CppAD::AD<double>, -1, 1, 0, -1, 1>, 1>::Scalar\u2019 {aka \u2018CppAD::AD<double>\u2019} is not derived from \u2018const tmbutils::vector<Type>\u2019\n   70 |     cots_pred(t) = max(eps, min(cots_pred(t), max_val));\n      |                             ~~~^~~~~~~~~~~~~~~~~~~~~~~\nPOPULATIONS/POPULATION_0002/INDIVIDUAL_6AYE41N4/model.cpp:73:23: error: no matching function for call to \u2018max(CppAD::AD<double>, CppAD::AD<double>)\u2019\n   73 |     Type fast_dd = max(Type(0.0), Type(1.0) - fast_pred(t-1)/K_fast);\n      |                    ~~~^~~~~~~~~~~~~~~~~~~~~~~~~~~~~~~~~~~~~~~~~~~~~~\n/home/spi085/R/x86_64-pc-linux-gnu-library/4.4/TMB/include/convenience.hpp:145:6: note: candidate: \u2018template<class Type> Type max(const tmbutils::vector<Type>&)\u2019\n  145 | Type max(const vector<Type> &x)\n      |      ^~~\n/home/spi085/R/x86_64-pc-linux-gnu-library/4.4/TMB/include/convenience.hpp:145:6: note:   template argument deduction/substitution failed:\nPOPULATIONS/POPULATION_0002/INDIVIDUAL_6AYE41N4/model.cpp:73:23: note:   \u2018CppAD::AD<double>\u2019 is not derived from \u2018const tmbutils::vector<Type>\u2019\n   73 |     Type fast_dd = max(Type(0.0), Type(1.0) - fast_pred(t-1)/K_fast);\n      |                    ~~~^~~~~~~~~~~~~~~~~~~~~~~~~~~~~~~~~~~~~~~~~~~~~~\nPOPULATIONS/POPULATION_0002/INDIVIDUAL_6AYE41N4/model.cpp:74:23: error: no matching function for call to \u2018max(CppAD::AD<double>, CppAD::AD<double>)\u2019\n   74 |     Type slow_dd = max(Type(0.0), Type(1.0) - slow_pred(t-1)/K_slow);\n      |                    ~~~^~~~~~~~~~~~~~~~~~~~~~~~~~~~~~~~~~~~~~~~~~~~~~\n/home/spi085/R/x86_64-pc-linux-gnu-library/4.4/TMB/include/convenience.hpp:145:6: note: candidate: \u2018template<class Type> Type max(const tmbutils::vector<Type>&)\u2019\n  145 | Type max(const vector<Type> &x)\n      |      ^~~\n/home/spi085/R/x86_64-pc-linux-gnu-library/4.4/TMB/include/convenience.hpp:145:6: note:   template argument deduction/substitution failed:\nPOPULATIONS/POPULATION_0002/INDIVIDUAL_6AYE41N4/model.cpp:74:23: note:   \u2018CppAD::AD<double>\u2019 is not derived from \u2018const tmbutils::vector<Type>\u2019\n   74 |     Type slow_dd = max(Type(0.0), Type(1.0) - slow_pred(t-1)/K_slow);\n      |                    ~~~^~~~~~~~~~~~~~~~~~~~~~~~~~~~~~~~~~~~~~~~~~~~~~\nPOPULATIONS/POPULATION_0002/INDIVIDUAL_6AYE41N4/model.cpp:83:32: error: no matching function for call to \u2018min(Eigen::DenseCoeffsBase<Eigen::Array<CppAD::AD<double>, -1, 1, 0, -1, 1>, 1>::Scalar&, CppAD::AD<double>&)\u2019\n   83 |     fast_pred(t) = max(eps, min(fast_pred(t), K_fast));\n      |                             ~~~^~~~~~~~~~~~~~~~~~~~~~\n/home/spi085/R/x86_64-pc-linux-gnu-library/4.4/TMB/include/convenience.hpp:156:6: note: candidate: \u2018template<class Type> Type min(const tmbutils::vector<Type>&)\u2019\n  156 | Type min(const vector<Type> &x)\n      |      ^~~\n/home/spi085/R/x86_64-pc-linux-gnu-library/4.4/TMB/include/convenience.hpp:156:6: note:   template argument deduction/substitution failed:\nPOPULATIONS/POPULATION_0002/INDIVIDUAL_6AYE41N4/model.cpp:83:32: note:   \u2018Eigen::DenseCoeffsBase<Eigen::Array<CppAD::AD<double>, -1, 1, 0, -1, 1>, 1>::Scalar\u2019 {aka \u2018CppAD::AD<double>\u2019} is not derived from \u2018const tmbutils::vector<Type>\u2019\n   83 |     fast_pred(t) = max(eps, min(fast_pred(t), K_fast));\n      |                             ~~~^~~~~~~~~~~~~~~~~~~~~~\nPOPULATIONS/POPULATION_0002/INDIVIDUAL_6AYE41N4/model.cpp:84:32: error: no matching function for call to \u2018min(Eigen::DenseCoeffsBase<Eigen::Array<CppAD::AD<double>, -1, 1, 0, -1, 1>, 1>::Scalar&, CppAD::AD<double>&)\u2019\n   84 |     slow_pred(t) = max(eps, min(slow_pred(t), K_slow));\n      |                             ~~~^~~~~~~~~~~~~~~~~~~~~~\n/home/spi085/R/x86_64-pc-linux-gnu-library/4.4/TMB/include/convenience.hpp:156:6: note: candidate: \u2018template<class Type> Type min(const tmbutils::vector<Type>&)\u2019\n  156 | Type min(const vector<Type> &x)\n      |      ^~~\n/home/spi085/R/x86_64-pc-linux-gnu-library/4.4/TMB/include/convenience.hpp:156:6: note:   template argument deduction/substitution failed:\nPOPULATIONS/POPULATION_0002/INDIVIDUAL_6AYE41N4/model.cpp:84:32: note:   \u2018Eigen::DenseCoeffsBase<Eigen::Array<CppAD::AD<double>, -1, 1, 0, -1, 1>, 1>::Scalar\u2019 {aka \u2018CppAD::AD<double>\u2019} is not derived from \u2018const tmbutils::vector<Type>\u2019\n   84 |     slow_pred(t) = max(eps, min(slow_pred(t), K_slow));\n      |                             ~~~^~~~~~~~~~~~~~~~~~~~~~\nPOPULATIONS/POPULATION_0002/INDIVIDUAL_6AYE41N4/model.cpp:89:24: error: no matching function for call to \u2018max(const CppAD::AD<double>&, Eigen::DenseCoeffsBase<Eigen::Array<CppAD::AD<double>, -1, 1, 0, -1, 1>, 1>::Scalar&)\u2019\n   89 |     Type obs_cots = max(eps, cots_dat(t));\n      |                     ~~~^~~~~~~~~~~~~~~~~~\n/home/spi085/R/x86_64-pc-linux-gnu-library/4.4/TMB/include/convenience.hpp:145:6: note: candidate: \u2018template<class Type> Type max(const tmbutils::vector<Type>&)\u2019\n  145 | Type max(const vector<Type> &x)\n      |      ^~~\n/home/spi085/R/x86_64-pc-linux-gnu-library/4.4/TMB/include/convenience.hpp:145:6: note:   template argument deduction/substitution failed:\nPOPULATIONS/POPULATION_0002/INDIVIDUAL_6AYE41N4/model.cpp:89:24: note:   \u2018const CppAD::AD<double>\u2019 is not derived from \u2018const tmbutils::vector<Type>\u2019\n   89 |     Type obs_cots = max(eps, cots_dat(t));\n      |                     ~~~^~~~~~~~~~~~~~~~~~\nPOPULATIONS/POPULATION_0002/INDIVIDUAL_6AYE41N4/model.cpp:90:24: error: no matching function for call to \u2018max(const CppAD::AD<double>&, Eigen::DenseCoeffsBase<Eigen::Array<CppAD::AD<double>, -1, 1, 0, -1, 1>, 1>::Scalar&)\u2019\n   90 |     Type obs_fast = max(eps, fast_dat(t));\n      |                     ~~~^~~~~~~~~~~~~~~~~~\n/home/spi085/R/x86_64-pc-linux-gnu-library/4.4/TMB/include/convenience.hpp:145:6: note: candidate: \u2018template<class Type> Type max(const tmbutils::vector<Type>&)\u2019\n  145 | Type max(const vector<Type> &x)\n      |      ^~~\n/home/spi085/R/x86_64-pc-linux-gnu-library/4.4/TMB/include/convenience.hpp:145:6: note:   template argument deduction/substitution failed:\nPOPULATIONS/POPULATION_0002/INDIVIDUAL_6AYE41N4/model.cpp:90:24: note:   \u2018const CppAD::AD<double>\u2019 is not derived from \u2018const tmbutils::vector<Type>\u2019\n   90 |     Type obs_fast = max(eps, fast_dat(t));\n      |                     ~~~^~~~~~~~~~~~~~~~~~\nPOPULATIONS/POPULATION_0002/INDIVIDUAL_6AYE41N4/model.cpp:91:24: error: no matching function for call to \u2018max(const CppAD::AD<double>&, Eigen::DenseCoeffsBase<Eigen::Array<CppAD::AD<double>, -1, 1, 0, -1, 1>, 1>::Scalar&)\u2019\n   91 |     Type obs_slow = max(eps, slow_dat(t));\n      |                     ~~~^~~~~~~~~~~~~~~~~~\n/home/spi085/R/x86_64-pc-linux-gnu-library/4.4/TMB/include/convenience.hpp:145:6: note: candidate: \u2018template<class Type> Type max(const tmbutils::vector<Type>&)\u2019\n  145 | Type max(const vector<Type> &x)\n      |      ^~~\n/home/spi085/R/x86_64-pc-linux-gnu-library/4.4/TMB/include/convenience.hpp:145:6: note:   template argument deduction/substitution failed:\nPOPULATIONS/POPULATION_0002/INDIVIDUAL_6AYE41N4/model.cpp:91:24: note:   \u2018const CppAD::AD<double>\u2019 is not derived from \u2018const tmbutils::vector<Type>\u2019\n   91 |     Type obs_slow = max(eps, slow_dat(t));\n      |                     ~~~^~~~~~~~~~~~~~~~~~\nPOPULATIONS/POPULATION_0002/INDIVIDUAL_6AYE41N4/model.cpp:94:34: error: no matching function for call to \u2018min(Eigen::DenseCoeffsBase<Eigen::Array<CppAD::AD<double>, -1, 1, 0, -1, 1>, 1>::Scalar&, const CppAD::AD<double>&)\u2019\n   94 |     Type pred_cots = max(eps, min(cots_pred(t), max_val));\n      |                               ~~~^~~~~~~~~~~~~~~~~~~~~~~\n/home/spi085/R/x86_64-pc-linux-gnu-library/4.4/TMB/include/convenience.hpp:156:6: note: candidate: \u2018template<class Type> Type min(const tmbutils::vector<Type>&)\u2019\n  156 | Type min(const vector<Type> &x)\n      |      ^~~\n/home/spi085/R/x86_64-pc-linux-gnu-library/4.4/TMB/include/convenience.hpp:156:6: note:   template argument deduction/substitution failed:\nPOPULATIONS/POPULATION_0002/INDIVIDUAL_6AYE41N4/model.cpp:94:34: note:   \u2018Eigen::DenseCoeffsBase<Eigen::Array<CppAD::AD<double>, -1, 1, 0, -1, 1>, 1>::Scalar\u2019 {aka \u2018CppAD::AD<double>\u2019} is not derived from \u2018const tmbutils::vector<Type>\u2019\n   94 |     Type pred_cots = max(eps, min(cots_pred(t), max_val));\n      |                               ~~~^~~~~~~~~~~~~~~~~~~~~~~\nPOPULATIONS/POPULATION_0002/INDIVIDUAL_6AYE41N4/model.cpp:95:34: error: no matching function for call to \u2018min(Eigen::DenseCoeffsBase<Eigen::Array<CppAD::AD<double>, -1, 1, 0, -1, 1>, 1>::Scalar&, const CppAD::AD<double>&)\u2019\n   95 |     Type pred_fast = max(eps, min(fast_pred(t), max_val));\n      |                               ~~~^~~~~~~~~~~~~~~~~~~~~~~\n/home/spi085/R/x86_64-pc-linux-gnu-library/4.4/TMB/include/convenience.hpp:156:6: note: candidate: \u2018template<class Type> Type min(const tmbutils::vector<Type>&)\u2019\n  156 | Type min(const vector<Type> &x)\n      |      ^~~\n/home/spi085/R/x86_64-pc-linux-gnu-library/4.4/TMB/include/convenience.hpp:156:6: note:   template argument deduction/substitution failed:\nPOPULATIONS/POPULATION_0002/INDIVIDUAL_6AYE41N4/model.cpp:95:34: note:   \u2018Eigen::DenseCoeffsBase<Eigen::Array<CppAD::AD<double>, -1, 1, 0, -1, 1>, 1>::Scalar\u2019 {aka \u2018CppAD::AD<double>\u2019} is not derived from \u2018const tmbutils::vector<Type>\u2019\n   95 |     Type pred_fast = max(eps, min(fast_pred(t), max_val));\n      |                               ~~~^~~~~~~~~~~~~~~~~~~~~~~\nPOPULATIONS/POPULATION_0002/INDIVIDUAL_6AYE41N4/model.cpp:96:34: error: no matching function for call to \u2018min(Eigen::DenseCoeffsBase<Eigen::Array<CppAD::AD<double>, -1, 1, 0, -1, 1>, 1>::Scalar&, const CppAD::AD<double>&)\u2019\n   96 |     Type pred_slow = max(eps, min(slow_pred(t), max_val));\n      |                               ~~~^~~~~~~~~~~~~~~~~~~~~~~\n/home/spi085/R/x86_64-pc-linux-gnu-library/4.4/TMB/include/convenience.hpp:156:6: note: candidate: \u2018template<class Type> Type min(const tmbutils::vector<Type>&)\u2019\n  156 | Type min(const vector<Type> &x)\n      |      ^~~\n/home/spi085/R/x86_64-pc-linux-gnu-library/4.4/TMB/include/convenience.hpp:156:6: note:   template argument deduction/substitution failed:\nPOPULATIONS/POPULATION_0002/INDIVIDUAL_6AYE41N4/model.cpp:96:34: note:   \u2018Eigen::DenseCoeffsBase<Eigen::Array<CppAD::AD<double>, -1, 1, 0, -1, 1>, 1>::Scalar\u2019 {aka \u2018CppAD::AD<double>\u2019} is not derived from \u2018const tmbutils::vector<Type>\u2019\n   96 |     Type pred_slow = max(eps, min(slow_pred(t), max_val));\n      |                               ~~~^~~~~~~~~~~~~~~~~~~~~~~\nPOPULATIONS/POPULATION_0002/INDIVIDUAL_6AYE41N4/model.cpp: In instantiation of \u2018Type objective_function<Type>::operator()() [with Type = double]\u2019:\n/home/spi085/R/x86_64-pc-linux-gnu-library/4.4/TMB/include/tmb_core.hpp:2035:7:   required from here\nPOPULATIONS/POPULATION_0002/INDIVIDUAL_6AYE41N4/model.cpp:67:23: error: no matching function for call to \u2018max(double, double)\u2019\n   67 |     Type dd_term = max(Type(0.0), Type(1.0) - cots_pred(t-1)/K_cots);\n      |                    ~~~^~~~~~~~~~~~~~~~~~~~~~~~~~~~~~~~~~~~~~~~~~~~~~\n/home/spi085/R/x86_64-pc-linux-gnu-library/4.4/TMB/include/convenience.hpp:145:6: note: candidate: \u2018template<class Type> Type max(const tmbutils::vector<Type>&)\u2019\n  145 | Type max(const vector<Type> &x)\n      |      ^~~\n/home/spi085/R/x86_64-pc-linux-gnu-library/4.4/TMB/include/convenience.hpp:145:6: note:   template argument deduction/substitution failed:\nPOPULATIONS/POPULATION_0002/INDIVIDUAL_6AYE41N4/model.cpp:67:23: note:   mismatched types \u2018const tmbutils::vector<Type>\u2019 and \u2018double\u2019\n   67 |     Type dd_term = max(Type(0.0), Type(1.0) - cots_pred(t-1)/K_cots);\n      |                    ~~~^~~~~~~~~~~~~~~~~~~~~~~~~~~~~~~~~~~~~~~~~~~~~~\nPOPULATIONS/POPULATION_0002/INDIVIDUAL_6AYE41N4/model.cpp:70:32: error: no matching function for call to \u2018min(Eigen::DenseCoeffsBase<Eigen::Array<double, -1, 1>, 1>::Scalar&, const double&)\u2019\n   70 |     cots_pred(t) = max(eps, min(cots_pred(t), max_val));\n      |                             ~~~^~~~~~~~~~~~~~~~~~~~~~~\n/home/spi085/R/x86_64-pc-linux-gnu-library/4.4/TMB/include/convenience.hpp:156:6: note: candidate: \u2018template<class Type> Type min(const tmbutils::vector<Type>&)\u2019\n  156 | Type min(const vector<Type> &x)\n      |      ^~~\n/home/spi085/R/x86_64-pc-linux-gnu-library/4.4/TMB/include/convenience.hpp:156:6: note:   template argument deduction/substitution failed:\nPOPULATIONS/POPULATION_0002/INDIVIDUAL_6AYE41N4/model.cpp:70:32: note:   mismatched types \u2018const tmbutils::vector<Type>\u2019 and \u2018Eigen::DenseCoeffsBase<Eigen::Array<double, -1, 1>, 1>::Scalar\u2019 {aka \u2018double\u2019}\n   70 |     cots_pred(t) = max(eps, min(cots_pred(t), max_val));\n      |                             ~~~^~~~~~~~~~~~~~~~~~~~~~~\nPOPULATIONS/POPULATION_0002/INDIVIDUAL_6AYE41N4/model.cpp:73:23: error: no matching function for call to \u2018max(double, double)\u2019\n   73 |     Type fast_dd = max(Type(0.0), Type(1.0) - fast_pred(t-1)/K_fast);\n      |                    ~~~^~~~~~~~~~~~~~~~~~~~~~~~~~~~~~~~~~~~~~~~~~~~~~\n/home/spi085/R/x86_64-pc-linux-gnu-library/4.4/TMB/include/convenience.hpp:145:6: note: candidate: \u2018template<class Type> Type max(const tmbutils::vector<Type>&)\u2019\n  145 | Type max(const vector<Type> &x)\n      |      ^~~\n/home/spi085/R/x86_64-pc-linux-gnu-library/4.4/TMB/include/convenience.hpp:145:6: note:   template argument deduction/substitution failed:\nPOPULATIONS/POPULATION_0002/INDIVIDUAL_6AYE41N4/model.cpp:73:23: note:   mismatched types \u2018const tmbutils::vector<Type>\u2019 and \u2018double\u2019\n   73 |     Type fast_dd = max(Type(0.0), Type(1.0) - fast_pred(t-1)/K_fast);\n      |                    ~~~^~~~~~~~~~~~~~~~~~~~~~~~~~~~~~~~~~~~~~~~~~~~~~\nPOPULATIONS/POPULATION_0002/INDIVIDUAL_6AYE41N4/model.cpp:74:23: error: no matching function for call to \u2018max(double, double)\u2019\n   74 |     Type slow_dd = max(Type(0.0), Type(1.0) - slow_pred(t-1)/K_slow);\n      |                    ~~~^~~~~~~~~~~~~~~~~~~~~~~~~~~~~~~~~~~~~~~~~~~~~~\n/home/spi085/R/x86_64-pc-linux-gnu-library/4.4/TMB/include/convenience.hpp:145:6: note: candidate: \u2018template<class Type> Type max(const tmbutils::vector<Type>&)\u2019\n  145 | Type max(const vector<Type> &x)\n      |      ^~~\n/home/spi085/R/x86_64-pc-linux-gnu-library/4.4/TMB/include/convenience.hpp:145:6: note:   template argument deduction/substitution failed:\nPOPULATIONS/POPULATION_0002/INDIVIDUAL_6AYE41N4/model.cpp:74:23: note:   mismatched types \u2018const tmbutils::vector<Type>\u2019 and \u2018double\u2019\n   74 |     Type slow_dd = max(Type(0.0), Type(1.0) - slow_pred(t-1)/K_slow);\n      |                    ~~~^~~~~~~~~~~~~~~~~~~~~~~~~~~~~~~~~~~~~~~~~~~~~~\nPOPULATIONS/POPULATION_0002/INDIVIDUAL_6AYE41N4/model.cpp:83:32: error: no matching function for call to \u2018min(Eigen::DenseCoeffsBase<Eigen::Array<double, -1, 1>, 1>::Scalar&, double&)\u2019\n   83 |     fast_pred(t) = max(eps, min(fast_pred(t), K_fast));\n      |                             ~~~^~~~~~~~~~~~~~~~~~~~~~\n/home/spi085/R/x86_64-pc-linux-gnu-library/4.4/TMB/include/convenience.hpp:156:6: note: candidate: \u2018template<class Type> Type min(const tmbutils::vector<Type>&)\u2019\n  156 | Type min(const vector<Type> &x)\n      |      ^~~\n/home/spi085/R/x86_64-pc-linux-gnu-library/4.4/TMB/include/convenience.hpp:156:6: note:   template argument deduction/substitution failed:\nPOPULATIONS/POPULATION_0002/INDIVIDUAL_6AYE41N4/model.cpp:83:32: note:   mismatched types \u2018const tmbutils::vector<Type>\u2019 and \u2018Eigen::DenseCoeffsBase<Eigen::Array<double, -1, 1>, 1>::Scalar\u2019 {aka \u2018double\u2019}\n   83 |     fast_pred(t) = max(eps, min(fast_pred(t), K_fast));\n      |                             ~~~^~~~~~~~~~~~~~~~~~~~~~\nPOPULATIONS/POPULATION_0002/INDIVIDUAL_6AYE41N4/model.cpp:84:32: error: no matching function for call to \u2018min(Eigen::DenseCoeffsBase<Eigen::Array<double, -1, 1>, 1>::Scalar&, double&)\u2019\n   84 |     slow_pred(t) = max(eps, min(slow_pred(t), K_slow));\n      |                             ~~~^~~~~~~~~~~~~~~~~~~~~~\n/home/spi085/R/x86_64-pc-linux-gnu-library/4.4/TMB/include/convenience.hpp:156:6: note: candidate: \u2018template<class Type> Type min(const tmbutils::vector<Type>&)\u2019\n  156 | Type min(const vector<Type> &x)\n      |      ^~~\n/home/spi085/R/x86_64-pc-linux-gnu-library/4.4/TMB/include/convenience.hpp:156:6: note:   template argument deduction/substitution failed:\nPOPULATIONS/POPULATION_0002/INDIVIDUAL_6AYE41N4/model.cpp:84:32: note:   mismatched types \u2018const tmbutils::vector<Type>\u2019 and \u2018Eigen::DenseCoeffsBase<Eigen::Array<double, -1, 1>, 1>::Scalar\u2019 {aka \u2018double\u2019}\n   84 |     slow_pred(t) = max(eps, min(slow_pred(t), K_slow));\n      |                             ~~~^~~~~~~~~~~~~~~~~~~~~~\nPOPULATIONS/POPULATION_0002/INDIVIDUAL_6AYE41N4/model.cpp:89:24: error: no matching function for call to \u2018max(const double&, Eigen::DenseCoeffsBase<Eigen::Array<double, -1, 1>, 1>::Scalar&)\u2019\n   89 |     Type obs_cots = max(eps, cots_dat(t));\n      |                     ~~~^~~~~~~~~~~~~~~~~~\n/home/spi085/R/x86_64-pc-linux-gnu-library/4.4/TMB/include/convenience.hpp:145:6: note: candidate: \u2018template<class Type> Type max(const tmbutils::vector<Type>&)\u2019\n  145 | Type max(const vector<Type> &x)\n      |      ^~~\n/home/spi085/R/x86_64-pc-linux-gnu-library/4.4/TMB/include/convenience.hpp:145:6: note:   template argument deduction/substitution failed:\nPOPULATIONS/POPULATION_0002/INDIVIDUAL_6AYE41N4/model.cpp:89:24: note:   mismatched types \u2018const tmbutils::vector<Type>\u2019 and \u2018const double\u2019\n   89 |     Type obs_cots = max(eps, cots_dat(t));\n      |                     ~~~^~~~~~~~~~~~~~~~~~\nPOPULATIONS/POPULATION_0002/INDIVIDUAL_6AYE41N4/model.cpp:90:24: error: no matching function for call to \u2018max(const double&, Eigen::DenseCoeffsBase<Eigen::Array<double, -1, 1>, 1>::Scalar&)\u2019\n   90 |     Type obs_fast = max(eps, fast_dat(t));\n      |                     ~~~^~~~~~~~~~~~~~~~~~\n/home/spi085/R/x86_64-pc-linux-gnu-library/4.4/TMB/include/convenience.hpp:145:6: note: candidate: \u2018template<class Type> Type max(const tmbutils::vector<Type>&)\u2019\n  145 | Type max(const vector<Type> &x)\n      |      ^~~\n/home/spi085/R/x86_64-pc-linux-gnu-library/4.4/TMB/include/convenience.hpp:145:6: note:   template argument deduction/substitution failed:\nPOPULATIONS/POPULATION_0002/INDIVIDUAL_6AYE41N4/model.cpp:90:24: note:   mismatched types \u2018const tmbutils::vector<Type>\u2019 and \u2018const double\u2019\n   90 |     Type obs_fast = max(eps, fast_dat(t));\n      |                     ~~~^~~~~~~~~~~~~~~~~~\nPOPULATIONS/POPULATION_0002/INDIVIDUAL_6AYE41N4/model.cpp:91:24: error: no matching function for call to \u2018max(const double&, Eigen::DenseCoeffsBase<Eigen::Array<double, -1, 1>, 1>::Scalar&)\u2019\n   91 |     Type obs_slow = max(eps, slow_dat(t));\n      |                     ~~~^~~~~~~~~~~~~~~~~~\n/home/spi085/R/x86_64-pc-linux-gnu-library/4.4/TMB/include/convenience.hpp:145:6: note: candidate: \u2018template<class Type> Type max(const tmbutils::vector<Type>&)\u2019\n  145 | Type max(const vector<Type> &x)\n      |      ^~~\n/home/spi085/R/x86_64-pc-linux-gnu-library/4.4/TMB/include/convenience.hpp:145:6: note:   template argument deduction/substitution failed:\nPOPULATIONS/POPULATION_0002/INDIVIDUAL_6AYE41N4/model.cpp:91:24: note:   mismatched types \u2018const tmbutils::vector<Type>\u2019 and \u2018const double\u2019\n   91 |     Type obs_slow = max(eps, slow_dat(t));\n      |                     ~~~^~~~~~~~~~~~~~~~~~\nPOPULATIONS/POPULATION_0002/INDIVIDUAL_6AYE41N4/model.cpp:94:34: error: no matching function for call to \u2018min(Eigen::DenseCoeffsBase<Eigen::Array<double, -1, 1>, 1>::Scalar&, const double&)\u2019\n   94 |     Type pred_cots = max(eps, min(cots_pred(t), max_val));\n      |                               ~~~^~~~~~~~~~~~~~~~~~~~~~~\n/home/spi085/R/x86_64-pc-linux-gnu-library/4.4/TMB/include/convenience.hpp:156:6: note: candidate: \u2018template<class Type> Type min(const tmbutils::vector<Type>&)\u2019\n  156 | Type min(const vector<Type> &x)\n      |      ^~~\n/home/spi085/R/x86_64-pc-linux-gnu-library/4.4/TMB/include/convenience.hpp:156:6: note:   template argument deduction/substitution failed:\nPOPULATIONS/POPULATION_0002/INDIVIDUAL_6AYE41N4/model.cpp:94:34: note:   mismatched types \u2018const tmbutils::vector<Type>\u2019 and \u2018Eigen::DenseCoeffsBase<Eigen::Array<double, -1, 1>, 1>::Scalar\u2019 {aka \u2018double\u2019}\n   94 |     Type pred_cots = max(eps, min(cots_pred(t), max_val));\n      |                               ~~~^~~~~~~~~~~~~~~~~~~~~~~\nPOPULATIONS/POPULATION_0002/INDIVIDUAL_6AYE41N4/model.cpp:95:34: error: no matching function for call to \u2018min(Eigen::DenseCoeffsBase<Eigen::Array<double, -1, 1>, 1>::Scalar&, const double&)\u2019\n   95 |     Type pred_fast = max(eps, min(fast_pred(t), max_val));\n      |                               ~~~^~~~~~~~~~~~~~~~~~~~~~~\n/home/spi085/R/x86_64-pc-linux-gnu-library/4.4/TMB/include/convenience.hpp:156:6: note: candidate: \u2018template<class Type> Type min(const tmbutils::vector<Type>&)\u2019\n  156 | Type min(const vector<Type> &x)\n      |      ^~~\n/home/spi085/R/x86_64-pc-linux-gnu-library/4.4/TMB/include/convenience.hpp:156:6: note:   template argument deduction/substitution failed:\nPOPULATIONS/POPULATION_0002/INDIVIDUAL_6AYE41N4/model.cpp:95:34: note:   mismatched types \u2018const tmbutils::vector<Type>\u2019 and \u2018Eigen::DenseCoeffsBase<Eigen::Array<double, -1, 1>, 1>::Scalar\u2019 {aka \u2018double\u2019}\n   95 |     Type pred_fast = max(eps, min(fast_pred(t), max_val));\n      |                               ~~~^~~~~~~~~~~~~~~~~~~~~~~\nPOPULATIONS/POPULATION_0002/INDIVIDUAL_6AYE41N4/model.cpp:96:34: error: no matching function for call to \u2018min(Eigen::DenseCoeffsBase<Eigen::Array<double, -1, 1>, 1>::Scalar&, const double&)\u2019\n   96 |     Type pred_slow = max(eps, min(slow_pred(t), max_val));\n      |                               ~~~^~~~~~~~~~~~~~~~~~~~~~~\n/home/spi085/R/x86_64-pc-linux-gnu-library/4.4/TMB/include/convenience.hpp:156:6: note: candidate: \u2018template<class Type> Type min(const tmbutils::vector<Type>&)\u2019\n  156 | Type min(const vector<Type> &x)\n      |      ^~~\n/home/spi085/R/x86_64-pc-linux-gnu-library/4.4/TMB/include/convenience.hpp:156:6: note:   template argument deduction/substitution failed:\nPOPULATIONS/POPULATION_0002/INDIVIDUAL_6AYE41N4/model.cpp:96:34: note:   mismatched types \u2018const tmbutils::vector<Type>\u2019 and \u2018Eigen::DenseCoeffsBase<Eigen::Array<double, -1, 1>, 1>::Scalar\u2019 {aka \u2018double\u2019}\n   96 |     Type pred_slow = max(eps, min(slow_pred(t), max_val));\n      |                               ~~~^~~~~~~~~~~~~~~~~~~~~~~\nPOPULATIONS/POPULATION_0002/INDIVIDUAL_6AYE41N4/model.cpp: In instantiation of \u2018Type objective_function<Type>::operator()() [with Type = CppAD::AD<CppAD::AD<double> >]\u2019:\n/home/spi085/R/x86_64-pc-linux-gnu-library/4.4/TMB/include/tmb_core.hpp:917:29:   required from \u2018Type objective_function<Type>::evalUserTemplate() [with Type = CppAD::AD<CppAD::AD<double> >]\u2019\n/home/spi085/R/x86_64-pc-linux-gnu-library/4.4/TMB/include/tmb_core.hpp:2116:26:   required from here\nPOPULATIONS/POPULATION_0002/INDIVIDUAL_6AYE41N4/model.cpp:67:23: error: no matching function for call to \u2018max(CppAD::AD<CppAD::AD<double> >, CppAD::AD<CppAD::AD<double> >)\u2019\n   67 |     Type dd_term = max(Type(0.0), Type(1.0) - cots_pred(t-1)/K_cots);\n      |                    ~~~^~~~~~~~~~~~~~~~~~~~~~~~~~~~~~~~~~~~~~~~~~~~~~\n/home/spi085/R/x86_64-pc-linux-gnu-library/4.4/TMB/include/convenience.hpp:145:6: note: candidate: \u2018template<class Type> Type max(const tmbutils::vector<Type>&)\u2019\n  145 | Type max(const vector<Type> &x)\n      |      ^~~\n/home/spi085/R/x86_64-pc-linux-gnu-library/4.4/TMB/include/convenience.hpp:145:6: note:   template argument deduction/substitution failed:\nPOPULATIONS/POPULATION_0002/INDIVIDUAL_6AYE41N4/model.cpp:67:23: note:   \u2018CppAD::AD<CppAD::AD<double> >\u2019 is not derived from \u2018const tmbutils::vector<Type>\u2019\n   67 |     Type dd_term = max(Type(0.0), Type(1.0) - cots_pred(t-1)/K_cots);\n      |                    ~~~^~~~~~~~~~~~~~~~~~~~~~~~~~~~~~~~~~~~~~~~~~~~~~\nPOPULATIONS/POPULATION_0002/INDIVIDUAL_6AYE41N4/model.cpp:70:32: error: no matching function for call to \u2018min(Eigen::DenseCoeffsBase<Eigen::Array<CppAD::AD<CppAD::AD<double> >, -1, 1, 0, -1, 1>, 1>::Scalar&, const CppAD::AD<CppAD::AD<double> >&)\u2019\n   70 |     cots_pred(t) = max(eps, min(cots_pred(t), max_val));\n      |                             ~~~^~~~~~~~~~~~~~~~~~~~~~~\n/home/spi085/R/x86_64-pc-linux-gnu-library/4.4/TMB/include/convenience.hpp:156:6: note: candidate: \u2018template<class Type> Type min(const tmbutils::vector<Type>&)\u2019\n  156 | Type min(const vector<Type> &x)\n      |      ^~~\n/home/spi085/R/x86_64-pc-linux-gnu-library/4.4/TMB/include/convenience.hpp:156:6: note:   template argument deduction/substitution failed:\nPOPULATIONS/POPULATION_0002/INDIVIDUAL_6AYE41N4/model.cpp:70:32: note:   \u2018Eigen::DenseCoeffsBase<Eigen::Array<CppAD::AD<CppAD::AD<double> >, -1, 1, 0, -1, 1>, 1>::Scalar\u2019 {aka \u2018CppAD::AD<CppAD::AD<double> >\u2019} is not derived from \u2018const tmbutils::vector<Type>\u2019\n   70 |     cots_pred(t) = max(eps, min(cots_pred(t), max_val));\n      |                             ~~~^~~~~~~~~~~~~~~~~~~~~~~\nPOPULATIONS/POPULATION_0002/INDIVIDUAL_6AYE41N4/model.cpp:73:23: error: no matching function for call to \u2018max(CppAD::AD<CppAD::AD<double> >, CppAD::AD<CppAD::AD<double> >)\u2019\n   73 |     Type fast_dd = max(Type(0.0), Type(1.0) - fast_pred(t-1)/K_fast);\n      |                    ~~~^~~~~~~~~~~~~~~~~~~~~~~~~~~~~~~~~~~~~~~~~~~~~~\n/home/spi085/R/x86_64-pc-linux-gnu-library/4.4/TMB/include/convenience.hpp:145:6: note: candidate: \u2018template<class Type> Type max(const tmbutils::vector<Type>&)\u2019\n  145 | Type max(const vector<Type> &x)\n      |      ^~~\n/home/spi085/R/x86_64-pc-linux-gnu-library/4.4/TMB/include/convenience.hpp:145:6: note:   template argument deduction/substitution failed:\nPOPULATIONS/POPULATION_0002/INDIVIDUAL_6AYE41N4/model.cpp:73:23: note:   \u2018CppAD::AD<CppAD::AD<double> >\u2019 is not derived from \u2018const tmbutils::vector<Type>\u2019\n   73 |     Type fast_dd = max(Type(0.0), Type(1.0) - fast_pred(t-1)/K_fast);\n      |                    ~~~^~~~~~~~~~~~~~~~~~~~~~~~~~~~~~~~~~~~~~~~~~~~~~\nPOPULATIONS/POPULATION_0002/INDIVIDUAL_6AYE41N4/model.cpp:74:23: error: no matching function for call to \u2018max(CppAD::AD<CppAD::AD<double> >, CppAD::AD<CppAD::AD<double> >)\u2019\n   74 |     Type slow_dd = max(Type(0.0), Type(1.0) - slow_pred(t-1)/K_slow);\n      |                    ~~~^~~~~~~~~~~~~~~~~~~~~~~~~~~~~~~~~~~~~~~~~~~~~~\n/home/spi085/R/x86_64-pc-linux-gnu-library/4.4/TMB/include/convenience.hpp:145:6: note: candidate: \u2018template<class Type> Type max(const tmbutils::vector<Type>&)\u2019\n  145 | Type max(const vector<Type> &x)\n      |      ^~~\n/home/spi085/R/x86_64-pc-linux-gnu-library/4.4/TMB/include/convenience.hpp:145:6: note:   template argument deduction/substitution failed:\nPOPULATIONS/POPULATION_0002/INDIVIDUAL_6AYE41N4/model.cpp:74:23: note:   \u2018CppAD::AD<CppAD::AD<double> >\u2019 is not derived from \u2018const tmbutils::vector<Type>\u2019\n   74 |     Type slow_dd = max(Type(0.0), Type(1.0) - slow_pred(t-1)/K_slow);\n      |                    ~~~^~~~~~~~~~~~~~~~~~~~~~~~~~~~~~~~~~~~~~~~~~~~~~\nPOPULATIONS/POPULATION_0002/INDIVIDUAL_6AYE41N4/model.cpp:83:32: error: no matching function for call to \u2018min(Eigen::DenseCoeffsBase<Eigen::Array<CppAD::AD<CppAD::AD<double> >, -1, 1, 0, -1, 1>, 1>::Scalar&, CppAD::AD<CppAD::AD<double> >&)\u2019\n   83 |     fast_pred(t) = max(eps, min(fast_pred(t), K_fast));\n      |                             ~~~^~~~~~~~~~~~~~~~~~~~~~\n/home/spi085/R/x86_64-pc-linux-gnu-library/4.4/TMB/include/convenience.hpp:156:6: note: candidate: \u2018template<class Type> Type min(const tmbutils::vector<Type>&)\u2019\n  156 | Type min(const vector<Type> &x)\n      |      ^~~\n/home/spi085/R/x86_64-pc-linux-gnu-library/4.4/TMB/include/convenience.hpp:156:6: note:   template argument deduction/substitution failed:\nPOPULATIONS/POPULATION_0002/INDIVIDUAL_6AYE41N4/model.cpp:83:32: note:   \u2018Eigen::DenseCoeffsBase<Eigen::Array<CppAD::AD<CppAD::AD<double> >, -1, 1, 0, -1, 1>, 1>::Scalar\u2019 {aka \u2018CppAD::AD<CppAD::AD<double> >\u2019} is not derived from \u2018const tmbutils::vector<Type>\u2019\n   83 |     fast_pred(t) = max(eps, min(fast_pred(t), K_fast));\n      |                             ~~~^~~~~~~~~~~~~~~~~~~~~~\nPOPULATIONS/POPULATION_0002/INDIVIDUAL_6AYE41N4/model.cpp:84:32: error: no matching function for call to \u2018min(Eigen::DenseCoeffsBase<Eigen::Array<CppAD::AD<CppAD::AD<double> >, -1, 1, 0, -1, 1>, 1>::Scalar&, CppAD::AD<CppAD::AD<double> >&)\u2019\n   84 |     slow_pred(t) = max(eps, min(slow_pred(t), K_slow));\n      |                             ~~~^~~~~~~~~~~~~~~~~~~~~~\n/home/spi085/R/x86_64-pc-linux-gnu-library/4.4/TMB/include/convenience.hpp:156:6: note: candidate: \u2018template<class Type> Type min(const tmbutils::vector<Type>&)\u2019\n  156 | Type min(const vector<Type> &x)\n      |      ^~~\n/home/spi085/R/x86_64-pc-linux-gnu-library/4.4/TMB/include/convenience.hpp:156:6: note:   template argument deduction/substitution failed:\nPOPULATIONS/POPULATION_0002/INDIVIDUAL_6AYE41N4/model.cpp:84:32: note:   \u2018Eigen::DenseCoeffsBase<Eigen::Array<CppAD::AD<CppAD::AD<double> >, -1, 1, 0, -1, 1>, 1>::Scalar\u2019 {aka \u2018CppAD::AD<CppAD::AD<double> >\u2019} is not derived from \u2018const tmbutils::vector<Type>\u2019\n   84 |     slow_pred(t) = max(eps, min(slow_pred(t), K_slow));\n      |                             ~~~^~~~~~~~~~~~~~~~~~~~~~\nPOPULATIONS/POPULATION_0002/INDIVIDUAL_6AYE41N4/model.cpp:89:24: error: no matching function for call to \u2018max(const CppAD::AD<CppAD::AD<double> >&, Eigen::DenseCoeffsBase<Eigen::Array<CppAD::AD<CppAD::AD<double> >, -1, 1, 0, -1, 1>, 1>::Scalar&)\u2019\n   89 |     Type obs_cots = max(eps, cots_dat(t));\n      |                     ~~~^~~~~~~~~~~~~~~~~~\n/home/spi085/R/x86_64-pc-linux-gnu-library/4.4/TMB/include/convenience.hpp:145:6: note: candidate: \u2018template<class Type> Type max(const tmbutils::vector<Type>&)\u2019\n  145 | Type max(const vector<Type> &x)\n      |      ^~~\n/home/spi085/R/x86_64-pc-linux-gnu-library/4.4/TMB/include/convenience.hpp:145:6: note:   template argument deduction/substitution failed:\nPOPULATIONS/POPULATION_0002/INDIVIDUAL_6AYE41N4/model.cpp:89:24: note:   \u2018const CppAD::AD<CppAD::AD<double> >\u2019 is not derived from \u2018const tmbutils::vector<Type>\u2019\n   89 |     Type obs_cots = max(eps, cots_dat(t));\n      |                     ~~~^~~~~~~~~~~~~~~~~~\nPOPULATIONS/POPULATION_0002/INDIVIDUAL_6AYE41N4/model.cpp:90:24: error: no matching function for call to \u2018max(const CppAD::AD<CppAD::AD<double> >&, Eigen::DenseCoeffsBase<Eigen::Array<CppAD::AD<CppAD::AD<double> >, -1, 1, 0, -1, 1>, 1>::Scalar&)\u2019\n   90 |     Type obs_fast = max(eps, fast_dat(t));\n      |                     ~~~^~~~~~~~~~~~~~~~~~\n/home/spi085/R/x86_64-pc-linux-gnu-library/4.4/TMB/include/convenience.hpp:145:6: note: candidate: \u2018template<class Type> Type max(const tmbutils::vector<Type>&)\u2019\n  145 | Type max(const vector<Type> &x)\n      |      ^~~\n/home/spi085/R/x86_64-pc-linux-gnu-library/4.4/TMB/include/convenience.hpp:145:6: note:   template argument deduction/substitution failed:\nPOPULATIONS/POPULATION_0002/INDIVIDUAL_6AYE41N4/model.cpp:90:24: note:   \u2018const CppAD::AD<CppAD::AD<double> >\u2019 is not derived from \u2018const tmbutils::vector<Type>\u2019\n   90 |     Type obs_fast = max(eps, fast_dat(t));\n      |                     ~~~^~~~~~~~~~~~~~~~~~\nPOPULATIONS/POPULATION_0002/INDIVIDUAL_6AYE41N4/model.cpp:91:24: error: no matching function for call to \u2018max(const CppAD::AD<CppAD::AD<double> >&, Eigen::DenseCoeffsBase<Eigen::Array<CppAD::AD<CppAD::AD<double> >, -1, 1, 0, -1, 1>, 1>::Scalar&)\u2019\n   91 |     Type obs_slow = max(eps, slow_dat(t));\n      |                     ~~~^~~~~~~~~~~~~~~~~~\n/home/spi085/R/x86_64-pc-linux-gnu-library/4.4/TMB/include/convenience.hpp:145:6: note: candidate: \u2018template<class Type> Type max(const tmbutils::vector<Type>&)\u2019\n  145 | Type max(const vector<Type> &x)\n      |      ^~~\n/home/spi085/R/x86_64-pc-linux-gnu-library/4.4/TMB/include/convenience.hpp:145:6: note:   template argument deduction/substitution failed:\nPOPULATIONS/POPULATION_0002/INDIVIDUAL_6AYE41N4/model.cpp:91:24: note:   \u2018const CppAD::AD<CppAD::AD<double> >\u2019 is not derived from \u2018const tmbutils::vector<Type>\u2019\n   91 |     Type obs_slow = max(eps, slow_dat(t));\n      |                     ~~~^~~~~~~~~~~~~~~~~~\nPOPULATIONS/POPULATION_0002/INDIVIDUAL_6AYE41N4/model.cpp:94:34: error: no matching function for call to \u2018min(Eigen::DenseCoeffsBase<Eigen::Array<CppAD::AD<CppAD::AD<double> >, -1, 1, 0, -1, 1>, 1>::Scalar&, const CppAD::AD<CppAD::AD<double> >&)\u2019\n   94 |     Type pred_cots = max(eps, min(cots_pred(t), max_val));\n      |                               ~~~^~~~~~~~~~~~~~~~~~~~~~~\n/home/spi085/R/x86_64-pc-linux-gnu-library/4.4/TMB/include/convenience.hpp:156:6: note: candidate: \u2018template<class Type> Type min(const tmbutils::vector<Type>&)\u2019\n  156 | Type min(const vector<Type> &x)\n      |      ^~~\n/home/spi085/R/x86_64-pc-linux-gnu-library/4.4/TMB/include/convenience.hpp:156:6: note:   template argument deduction/substitution failed:\nPOPULATIONS/POPULATION_0002/INDIVIDUAL_6AYE41N4/model.cpp:94:34: note:   \u2018Eigen::DenseCoeffsBase<Eigen::Array<CppAD::AD<CppAD::AD<double> >, -1, 1, 0, -1, 1>, 1>::Scalar\u2019 {aka \u2018CppAD::AD<CppAD::AD<double> >\u2019} is not derived from \u2018const tmbutils::vector<Type>\u2019\n   94 |     Type pred_cots = max(eps, min(cots_pred(t), max_val));\n      |                               ~~~^~~~~~~~~~~~~~~~~~~~~~~\nPOPULATIONS/POPULATION_0002/INDIVIDUAL_6AYE41N4/model.cpp:95:34: error: no matching function for call to \u2018min(Eigen::DenseCoeffsBase<Eigen::Array<CppAD::AD<CppAD::AD<double> >, -1, 1, 0, -1, 1>, 1>::Scalar&, const CppAD::AD<CppAD::AD<double> >&)\u2019\n   95 |     Type pred_fast = max(eps, min(fast_pred(t), max_val));\n      |                               ~~~^~~~~~~~~~~~~~~~~~~~~~~\n/home/spi085/R/x86_64-pc-linux-gnu-library/4.4/TMB/include/convenience.hpp:156:6: note: candidate: \u2018template<class Type> Type min(const tmbutils::vector<Type>&)\u2019\n  156 | Type min(const vector<Type> &x)\n      |      ^~~\n/home/spi085/R/x86_64-pc-linux-gnu-library/4.4/TMB/include/convenience.hpp:156:6: note:   template argument deduction/substitution failed:\nPOPULATIONS/POPULATION_0002/INDIVIDUAL_6AYE41N4/model.cpp:95:34: note:   \u2018Eigen::DenseCoeffsBase<Eigen::Array<CppAD::AD<CppAD::AD<double> >, -1, 1, 0, -1, 1>, 1>::Scalar\u2019 {aka \u2018CppAD::AD<CppAD::AD<double> >\u2019} is not derived from \u2018const tmbutils::vector<Type>\u2019\n   95 |     Type pred_fast = max(eps, min(fast_pred(t), max_val));\n      |                               ~~~^~~~~~~~~~~~~~~~~~~~~~~\nPOPULATIONS/POPULATION_0002/INDIVIDUAL_6AYE41N4/model.cpp:96:34: error: no matching function for call to \u2018min(Eigen::DenseCoeffsBase<Eigen::Array<CppAD::AD<CppAD::AD<double> >, -1, 1, 0, -1, 1>, 1>::Scalar&, const CppAD::AD<CppAD::AD<double> >&)\u2019\n   96 |     Type pred_slow = max(eps, min(slow_pred(t), max_val));\n      |                               ~~~^~~~~~~~~~~~~~~~~~~~~~~\n/home/spi085/R/x86_64-pc-linux-gnu-library/4.4/TMB/include/convenience.hpp:156:6: note: candidate: \u2018template<class Type> Type min(const tmbutils::vector<Type>&)\u2019\n  156 | Type min(const vector<Type> &x)\n      |      ^~~\n/home/spi085/R/x86_64-pc-linux-gnu-library/4.4/TMB/include/convenience.hpp:156:6: note:   template argument deduction/substitution failed:\nPOPULATIONS/POPULATION_0002/INDIVIDUAL_6AYE41N4/model.cpp:96:34: note:   \u2018Eigen::DenseCoeffsBase<Eigen::Array<CppAD::AD<CppAD::AD<double> >, -1, 1, 0, -1, 1>, 1>::Scalar\u2019 {aka \u2018CppAD::AD<CppAD::AD<double> >\u2019} is not derived from \u2018const tmbutils::vector<Type>\u2019\n   96 |     Type pred_slow = max(eps, min(slow_pred(t), max_val));\n      |                               ~~~^~~~~~~~~~~~~~~~~~~~~~~\nPOPULATIONS/POPULATION_0002/INDIVIDUAL_6AYE41N4/model.cpp: In instantiation of \u2018Type objective_function<Type>::operator()() [with Type = CppAD::AD<CppAD::AD<CppAD::AD<double> > >]\u2019:\n/home/spi085/R/x86_64-pc-linux-gnu-library/4.4/TMB/include/tmb_core.hpp:917:29:   required from \u2018Type objective_function<Type>::evalUserTemplate() [with Type = CppAD::AD<CppAD::AD<CppAD::AD<double> > >]\u2019\n/home/spi085/R/x86_64-pc-linux-gnu-library/4.4/TMB/include/tmb_core.hpp:2365:28:   required from here\nPOPULATIONS/POPULATION_0002/INDIVIDUAL_6AYE41N4/model.cpp:67:23: error: no matching function for call to \u2018max(CppAD::AD<CppAD::AD<CppAD::AD<double> > >, CppAD::AD<CppAD::AD<CppAD::AD<double> > >)\u2019\n   67 |     Type dd_term = max(Type(0.0), Type(1.0) - cots_pred(t-1)/K_cots);\n      |                    ~~~^~~~~~~~~~~~~~~~~~~~~~~~~~~~~~~~~~~~~~~~~~~~~~\n/home/spi085/R/x86_64-pc-linux-gnu-library/4.4/TMB/include/convenience.hpp:145:6: note: candidate: \u2018template<class Type> Type max(const tmbutils::vector<Type>&)\u2019\n  145 | Type max(const vector<Type> &x)\n      |      ^~~\n/home/spi085/R/x86_64-pc-linux-gnu-library/4.4/TMB/include/convenience.hpp:145:6: note:   template argument deduction/substitution failed:\nPOPULATIONS/POPULATION_0002/INDIVIDUAL_6AYE41N4/model.cpp:67:23: note:   \u2018CppAD::AD<CppAD::AD<CppAD::AD<double> > >\u2019 is not derived from \u2018const tmbutils::vector<Type>\u2019\n   67 |     Type dd_term = max(Type(0.0), Type(1.0) - cots_pred(t-1)/K_cots);\n      |                    ~~~^~~~~~~~~~~~~~~~~~~~~~~~~~~~~~~~~~~~~~~~~~~~~~\nPOPULATIONS/POPULATION_0002/INDIVIDUAL_6AYE41N4/model.cpp:70:32: error: no matching function for call to \u2018min(Eigen::DenseCoeffsBase<Eigen::Array<CppAD::AD<CppAD::AD<CppAD::AD<double> > >, -1, 1, 0, -1, 1>, 1>::Scalar&, const CppAD::AD<CppAD::AD<CppAD::AD<double> > >&)\u2019\n   70 |     cots_pred(t) = max(eps, min(cots_pred(t), max_val));\n      |                             ~~~^~~~~~~~~~~~~~~~~~~~~~~\n/home/spi085/R/x86_64-pc-linux-gnu-library/4.4/TMB/include/convenience.hpp:156:6: note: candidate: \u2018template<class Type> Type min(const tmbutils::vector<Type>&)\u2019\n  156 | Type min(const vector<Type> &x)\n      |      ^~~\n/home/spi085/R/x86_64-pc-linux-gnu-library/4.4/TMB/include/convenience.hpp:156:6: note:   template argument deduction/substitution failed:\nPOPULATIONS/POPULATION_0002/INDIVIDUAL_6AYE41N4/model.cpp:70:32: note:   \u2018Eigen::DenseCoeffsBase<Eigen::Array<CppAD::AD<CppAD::AD<CppAD::AD<double> > >, -1, 1, 0, -1, 1>, 1>::Scalar\u2019 {aka \u2018CppAD::AD<CppAD::AD<CppAD::AD<double> > >\u2019} is not derived from \u2018const tmbutils::vector<Type>\u2019\n   70 |     cots_pred(t) = max(eps, min(cots_pred(t), max_val));\n      |                             ~~~^~~~~~~~~~~~~~~~~~~~~~~\nPOPULATIONS/POPULATION_0002/INDIVIDUAL_6AYE41N4/model.cpp:73:23: error: no matching function for call to \u2018max(CppAD::AD<CppAD::AD<CppAD::AD<double> > >, CppAD::AD<CppAD::AD<CppAD::AD<double> > >)\u2019\n   73 |     Type fast_dd = max(Type(0.0), Type(1.0) - fast_pred(t-1)/K_fast);\n      |                    ~~~^~~~~~~~~~~~~~~~~~~~~~~~~~~~~~~~~~~~~~~~~~~~~~\n/home/spi085/R/x86_64-pc-linux-gnu-library/4.4/TMB/include/convenience.hpp:145:6: note: candidate: \u2018template<class Type> Type max(const tmbutils::vector<Type>&)\u2019\n  145 | Type max(const vector<Type> &x)\n      |      ^~~\n/home/spi085/R/x86_64-pc-linux-gnu-library/4.4/TMB/include/convenience.hpp:145:6: note:   template argument deduction/substitution failed:\nPOPULATIONS/POPULATION_0002/INDIVIDUAL_6AYE41N4/model.cpp:73:23: note:   \u2018CppAD::AD<CppAD::AD<CppAD::AD<double> > >\u2019 is not derived from \u2018const tmbutils::vector<Type>\u2019\n   73 |     Type fast_dd = max(Type(0.0), Type(1.0) - fast_pred(t-1)/K_fast);\n      |                    ~~~^~~~~~~~~~~~~~~~~~~~~~~~~~~~~~~~~~~~~~~~~~~~~~\nPOPULATIONS/POPULATION_0002/INDIVIDUAL_6AYE41N4/model.cpp:74:23: error: no matching function for call to \u2018max(CppAD::AD<CppAD::AD<CppAD::AD<double> > >, CppAD::AD<CppAD::AD<CppAD::AD<double> > >)\u2019\n   74 |     Type slow_dd = max(Type(0.0), Type(1.0) - slow_pred(t-1)/K_slow);\n      |                    ~~~^~~~~~~~~~~~~~~~~~~~~~~~~~~~~~~~~~~~~~~~~~~~~~\n/home/spi085/R/x86_64-pc-linux-gnu-library/4.4/TMB/include/convenience.hpp:145:6: note: candidate: \u2018template<class Type> Type max(const tmbutils::vector<Type>&)\u2019\n  145 | Type max(const vector<Type> &x)\n      |      ^~~\n/home/spi085/R/x86_64-pc-linux-gnu-library/4.4/TMB/include/convenience.hpp:145:6: note:   template argument deduction/substitution failed:\nPOPULATIONS/POPULATION_0002/INDIVIDUAL_6AYE41N4/model.cpp:74:23: note:   \u2018CppAD::AD<CppAD::AD<CppAD::AD<double> > >\u2019 is not derived from \u2018const tmbutils::vector<Type>\u2019\n   74 |     Type slow_dd = max(Type(0.0), Type(1.0) - slow_pred(t-1)/K_slow);\n      |                    ~~~^~~~~~~~~~~~~~~~~~~~~~~~~~~~~~~~~~~~~~~~~~~~~~\nPOPULATIONS/POPULATION_0002/INDIVIDUAL_6AYE41N4/model.cpp:83:32: error: no matching function for call to \u2018min(Eigen::DenseCoeffsBase<Eigen::Array<CppAD::AD<CppAD::AD<CppAD::AD<double> > >, -1, 1, 0, -1, 1>, 1>::Scalar&, CppAD::AD<CppAD::AD<CppAD::AD<double> > >&)\u2019\n   83 |     fast_pred(t) = max(eps, min(fast_pred(t), K_fast));\n      |                             ~~~^~~~~~~~~~~~~~~~~~~~~~\n/home/spi085/R/x86_64-pc-linux-gnu-library/4.4/TMB/include/convenience.hpp:156:6: note: candidate: \u2018template<class Type> Type min(const tmbutils::vector<Type>&)\u2019\n  156 | Type min(const vector<Type> &x)\n      |      ^~~\n/home/spi085/R/x86_64-pc-linux-gnu-library/4.4/TMB/include/convenience.hpp:156:6: note:   template argument deduction/substitution failed:\nPOPULATIONS/POPULATION_0002/INDIVIDUAL_6AYE41N4/model.cpp:83:32: note:   \u2018Eigen::DenseCoeffsBase<Eigen::Array<CppAD::AD<CppAD::AD<CppAD::AD<double> > >, -1, 1, 0, -1, 1>, 1>::Scalar\u2019 {aka \u2018CppAD::AD<CppAD::AD<CppAD::AD<double> > >\u2019} is not derived from \u2018const tmbutils::vector<Type>\u2019\n   83 |     fast_pred(t) = max(eps, min(fast_pred(t), K_fast));\n      |                             ~~~^~~~~~~~~~~~~~~~~~~~~~\nPOPULATIONS/POPULATION_0002/INDIVIDUAL_6AYE41N4/model.cpp:84:32: error: no matching function for call to \u2018min(Eigen::DenseCoeffsBase<Eigen::Array<CppAD::AD<CppAD::AD<CppAD::AD<double> > >, -1, 1, 0, -1, 1>, 1>::Scalar&, CppAD::AD<CppAD::AD<CppAD::AD<double> > >&)\u2019\n   84 |     slow_pred(t) = max(eps, min(slow_pred(t), K_slow));\n      |                             ~~~^~~~~~~~~~~~~~~~~~~~~~\n/home/spi085/R/x86_64-pc-linux-gnu-library/4.4/TMB/include/convenience.hpp:156:6: note: candidate: \u2018template<class Type> Type min(const tmbutils::vector<Type>&)\u2019\n  156 | Type min(const vector<Type> &x)\n      |      ^~~\n/home/spi085/R/x86_64-pc-linux-gnu-library/4.4/TMB/include/convenience.hpp:156:6: note:   template argument deduction/substitution failed:\nPOPULATIONS/POPULATION_0002/INDIVIDUAL_6AYE41N4/model.cpp:84:32: note:   \u2018Eigen::DenseCoeffsBase<Eigen::Array<CppAD::AD<CppAD::AD<CppAD::AD<double> > >, -1, 1, 0, -1, 1>, 1>::Scalar\u2019 {aka \u2018CppAD::AD<CppAD::AD<CppAD::AD<double> > >\u2019} is not derived from \u2018const tmbutils::vector<Type>\u2019\n   84 |     slow_pred(t) = max(eps, min(slow_pred(t), K_slow));\n      |                             ~~~^~~~~~~~~~~~~~~~~~~~~~\nPOPULATIONS/POPULATION_0002/INDIVIDUAL_6AYE41N4/model.cpp:89:24: error: no matching function for call to \u2018max(const CppAD::AD<CppAD::AD<CppAD::AD<double> > >&, Eigen::DenseCoeffsBase<Eigen::Array<CppAD::AD<CppAD::AD<CppAD::AD<double> > >, -1, 1, 0, -1, 1>, 1>::Scalar&)\u2019\n   89 |     Type obs_cots = max(eps, cots_dat(t));\n      |                     ~~~^~~~~~~~~~~~~~~~~~\n/home/spi085/R/x86_64-pc-linux-gnu-library/4.4/TMB/include/convenience.hpp:145:6: note: candidate: \u2018template<class Type> Type max(const tmbutils::vector<Type>&)\u2019\n  145 | Type max(const vector<Type> &x)\n      |      ^~~\n/home/spi085/R/x86_64-pc-linux-gnu-library/4.4/TMB/include/convenience.hpp:145:6: note:   template argument deduction/substitution failed:\nPOPULATIONS/POPULATION_0002/INDIVIDUAL_6AYE41N4/model.cpp:89:24: note:   \u2018const CppAD::AD<CppAD::AD<CppAD::AD<double> > >\u2019 is not derived from \u2018const tmbutils::vector<Type>\u2019\n   89 |     Type obs_cots = max(eps, cots_dat(t));\n      |                     ~~~^~~~~~~~~~~~~~~~~~\nPOPULATIONS/POPULATION_0002/INDIVIDUAL_6AYE41N4/model.cpp:90:24: error: no matching function for call to \u2018max(const CppAD::AD<CppAD::AD<CppAD::AD<double> > >&, Eigen::DenseCoeffsBase<Eigen::Array<CppAD::AD<CppAD::AD<CppAD::AD<double> > >, -1, 1, 0, -1, 1>, 1>::Scalar&)\u2019\n   90 |     Type obs_fast = max(eps, fast_dat(t));\n      |                     ~~~^~~~~~~~~~~~~~~~~~\n/home/spi085/R/x86_64-pc-linux-gnu-library/4.4/TMB/include/convenience.hpp:145:6: note: candidate: \u2018template<class Type> Type max(const tmbutils::vector<Type>&)\u2019\n  145 | Type max(const vector<Type> &x)\n      |      ^~~\n/home/spi085/R/x86_64-pc-linux-gnu-library/4.4/TMB/include/convenience.hpp:145:6: note:   template argument deduction/substitution failed:\nPOPULATIONS/POPULATION_0002/INDIVIDUAL_6AYE41N4/model.cpp:90:24: note:   \u2018const CppAD::AD<CppAD::AD<CppAD::AD<double> > >\u2019 is not derived from \u2018const tmbutils::vector<Type>\u2019\n   90 |     Type obs_fast = max(eps, fast_dat(t));\n      |                     ~~~^~~~~~~~~~~~~~~~~~\nPOPULATIONS/POPULATION_0002/INDIVIDUAL_6AYE41N4/model.cpp:91:24: error: no matching function for call to \u2018max(const CppAD::AD<CppAD::AD<CppAD::AD<double> > >&, Eigen::DenseCoeffsBase<Eigen::Array<CppAD::AD<CppAD::AD<CppAD::AD<double> > >, -1, 1, 0, -1, 1>, 1>::Scalar&)\u2019\n   91 |     Type obs_slow = max(eps, slow_dat(t));\n      |                     ~~~^~~~~~~~~~~~~~~~~~\n/home/spi085/R/x86_64-pc-linux-gnu-library/4.4/TMB/include/convenience.hpp:145:6: note: candidate: \u2018template<class Type> Type max(const tmbutils::vector<Type>&)\u2019\n  145 | Type max(const vector<Type> &x)\n      |      ^~~\n/home/spi085/R/x86_64-pc-linux-gnu-library/4.4/TMB/include/convenience.hpp:145:6: note:   template argument deduction/substitution failed:\nPOPULATIONS/POPULATION_0002/INDIVIDUAL_6AYE41N4/model.cpp:91:24: note:   \u2018const CppAD::AD<CppAD::AD<CppAD::AD<double> > >\u2019 is not derived from \u2018const tmbutils::vector<Type>\u2019\n   91 |     Type obs_slow = max(eps, slow_dat(t));\n      |                     ~~~^~~~~~~~~~~~~~~~~~\nPOPULATIONS/POPULATION_0002/INDIVIDUAL_6AYE41N4/model.cpp:94:34: error: no matching function for call to \u2018min(Eigen::DenseCoeffsBase<Eigen::Array<CppAD::AD<CppAD::AD<CppAD::AD<double> > >, -1, 1, 0, -1, 1>, 1>::Scalar&, const CppAD::AD<CppAD::AD<CppAD::AD<double> > >&)\u2019\n   94 |     Type pred_cots = max(eps, min(cots_pred(t), max_val));\n      |                               ~~~^~~~~~~~~~~~~~~~~~~~~~~\n/home/spi085/R/x86_64-pc-linux-gnu-library/4.4/TMB/include/convenience.hpp:156:6: note: candidate: \u2018template<class Type> Type min(const tmbutils::vector<Type>&)\u2019\n  156 | Type min(const vector<Type> &x)\n      |      ^~~\n/home/spi085/R/x86_64-pc-linux-gnu-library/4.4/TMB/include/convenience.hpp:156:6: note:   template argument deduction/substitution failed:\nPOPULATIONS/POPULATION_0002/INDIVIDUAL_6AYE41N4/model.cpp:94:34: note:   \u2018Eigen::DenseCoeffsBase<Eigen::Array<CppAD::AD<CppAD::AD<CppAD::AD<double> > >, -1, 1, 0, -1, 1>, 1>::Scalar\u2019 {aka \u2018CppAD::AD<CppAD::AD<CppAD::AD<double> > >\u2019} is not derived from \u2018const tmbutils::vector<Type>\u2019\n   94 |     Type pred_cots = max(eps, min(cots_pred(t), max_val));\n      |                               ~~~^~~~~~~~~~~~~~~~~~~~~~~\nPOPULATIONS/POPULATION_0002/INDIVIDUAL_6AYE41N4/model.cpp:95:34: error: no matching function for call to \u2018min(Eigen::DenseCoeffsBase<Eigen::Array<CppAD::AD<CppAD::AD<CppAD::AD<double> > >, -1, 1, 0, -1, 1>, 1>::Scalar&, const CppAD::AD<CppAD::AD<CppAD::AD<double> > >&)\u2019\n   95 |     Type pred_fast = max(eps, min(fast_pred(t), max_val));\n      |                               ~~~^~~~~~~~~~~~~~~~~~~~~~~\n/home/spi085/R/x86_64-pc-linux-gnu-library/4.4/TMB/include/convenience.hpp:156:6: note: candidate: \u2018template<class Type> Type min(const tmbutils::vector<Type>&)\u2019\n  156 | Type min(const vector<Type> &x)\n      |      ^~~\n/home/spi085/R/x86_64-pc-linux-gnu-library/4.4/TMB/include/convenience.hpp:156:6: note:   template argument deduction/substitution failed:\nPOPULATIONS/POPULATION_0002/INDIVIDUAL_6AYE41N4/model.cpp:95:34: note:   \u2018Eigen::DenseCoeffsBase<Eigen::Array<CppAD::AD<CppAD::AD<CppAD::AD<double> > >, -1, 1, 0, -1, 1>, 1>::Scalar\u2019 {aka \u2018CppAD::AD<CppAD::AD<CppAD::AD<double> > >\u2019} is not derived from \u2018const tmbutils::vector<Type>\u2019\n   95 |     Type pred_fast = max(eps, min(fast_pred(t), max_val));\n      |                               ~~~^~~~~~~~~~~~~~~~~~~~~~~\nPOPULATIONS/POPULATION_0002/INDIVIDUAL_6AYE41N4/model.cpp:96:34: error: no matching function for call to \u2018min(Eigen::DenseCoeffsBase<Eigen::Array<CppAD::AD<CppAD::AD<CppAD::AD<double> > >, -1, 1, 0, -1, 1>, 1>::Scalar&, const CppAD::AD<CppAD::AD<CppAD::AD<double> > >&)\u2019\n   96 |     Type pred_slow = max(eps, min(slow_pred(t), max_val));\n      |                               ~~~^~~~~~~~~~~~~~~~~~~~~~~\n/home/spi085/R/x86_64-pc-linux-gnu-library/4.4/TMB/include/convenience.hpp:156:6: note: candidate: \u2018template<class Type> Type min(const tmbutils::vector<Type>&)\u2019\n  156 | Type min(const vector<Type> &x)\n      |      ^~~\n/home/spi085/R/x86_64-pc-linux-gnu-library/4.4/TMB/include/convenience.hpp:156:6: note:   template argument deduction/substitution failed:\nPOPULATIONS/POPULATION_0002/INDIVIDUAL_6AYE41N4/model.cpp:96:34: note:   \u2018Eigen::DenseCoeffsBase<Eigen::Array<CppAD::AD<CppAD::AD<CppAD::AD<double> > >, -1, 1, 0, -1, 1>, 1>::Scalar\u2019 {aka \u2018CppAD::AD<CppAD::AD<CppAD::AD<double> > >\u2019} is not derived from \u2018const tmbutils::vector<Type>\u2019\n   96 |     Type pred_slow = max(eps, min(slow_pred(t), max_val));\n      |                               ~~~^~~~~~~~~~~~~~~~~~~~~~~\nmake: *** [/usr/lib/R/etc/Makeconf:204: POPULATIONS/POPULATION_0002/INDIVIDUAL_6AYE41N4/model.o] Error 1\nError in TMB::compile(file.path(individual_dir, model_file), flags = flags,  : \n  Compilation failed\nError: Compilation failed\nExecution halted"
    },
    "3": {
      "status": "SUCCESS",
      "objective_value": "NaN",
      "model_summary": [
        "            Length Class  Mode     ",
        "par         14     -none- numeric  ",
        "objective    1     -none- numeric  ",
        "convergence  1     -none- numeric  ",
        "iterations   1     -none- numeric  ",
        "evaluations  2     -none- numeric  ",
        "message      1     -none- character"
      ],
      "model_report": [],
      "plot_data": [],
      "stdout": "g++ -std=gnu++17 -I\"/usr/share/R/include\" -DNDEBUG -I\"/home/spi085/R/x86_64-pc-linux-gnu-library/4.4/TMB/include\" -I\"/home/spi085/R/x86_64-pc-linux-gnu-library/4.4/RcppEigen/include\"   -DTMB_EIGEN_DISABLE_WARNINGS   -DTMB_LIB_INIT=R_init_model  -DCPPAD_FRAMEWORK      -fpic  -O2  -c POPULATIONS/POPULATION_0002/INDIVIDUAL_6AYE41N4/model.cpp -o POPULATIONS/POPULATION_0002/INDIVIDUAL_6AYE41N4/model.o\ng++ -std=gnu++17 -shared -L/usr/lib/R/lib -Wl,-Bsymbolic-functions -flto=auto -ffat-lto-objects -Wl,-z,relro -o POPULATIONS/POPULATION_0002/INDIVIDUAL_6AYE41N4/model.so POPULATIONS/POPULATION_0002/INDIVIDUAL_6AYE41N4/model.o -L/usr/lib/R/lib -lR\nStarting model phases\nNumber of phases: 3 \nPhase 1 \nInitial parameter values for phase 1 :\nr_cots r_fast r_slow a_fast a_slow \n   0.8    0.3    0.1    0.5    0.2 \nFinal parameter values for phase 1 :\n     r_cots      r_fast      r_slow      a_fast      a_slow \n 0.07158754  0.11220334 -0.01625199  0.04859933  0.02063805 \nConvergence message: relative convergence (4) \nNumber of iterations: 50 \nObjective function value: 1102.265 \nGradient at solution for phase 1 :\n            [,1]        [,2]        [,3]       [,4]       [,5]\n[1,] 0.003160144 -0.01626558 -0.01632533 0.03502552 0.04872468\nPhase 2 \nInitial parameter values for phase 2 :\nK_cots K_fast K_slow h_fast h_slow  T_opt \n   2.5   50.0   30.0    0.1    0.2   28.0 \nFinal parameter values for phase 2 :\nK_cots K_fast K_slow h_fast h_slow  T_opt \n   2.5   50.0   30.0    0.1    0.2   28.0 \nConvergence message: both X-convergence and relative convergence (5) \nNumber of iterations: 1 \nObjective function value: 1000 \nGradient at solution for phase 2 :\n     [,1] [,2] [,3] [,4] [,5] [,6]\n[1,]    0    0    0    0    0    0\nPhase 3 \nInitial parameter values for phase 3 :\nsigma_cots sigma_fast sigma_slow \n       0.2        0.2        0.2 \nFinal parameter values for phase 3 :\nsigma_cots sigma_fast sigma_slow \n       0.2        0.2        0.2 \nConvergence message: both X-convergence and relative convergence (5) \nNumber of iterations: 1 \nObjective function value: 1000 \nGradient at solution for phase 3 :\n     [,1] [,2] [,3]\n[1,]    0    0    0\nFinal Phase\nInitial parameter values for final phase:\n     r_cots      K_cots      r_fast      r_slow      K_fast      K_slow \n 0.07158754  2.50000000  0.11220334 -0.01625199 50.00000000 30.00000000 \n     a_fast      a_slow      h_fast      h_slow       T_opt  sigma_cots \n 0.04859933  0.02063805  0.10000000  0.20000000 28.00000000  0.20000000 \n sigma_fast  sigma_slow \n 0.20000000  0.20000000 \nFinal parameter values for final phase:\n     r_cots      K_cots      r_fast      r_slow      K_fast      K_slow \n 0.07158754  2.50000000  0.11220334 -0.01625199 50.00000000 30.00000000 \n     a_fast      a_slow      h_fast      h_slow       T_opt  sigma_cots \n 0.04859933  0.02063805  0.10000000  0.20000000 28.00000000  0.20000000 \n sigma_fast  sigma_slow \n 0.20000000  0.20000000 \nConvergence message: both X-convergence and relative convergence (5) \nNumber of iterations: 1 \nObjective function value: 1000 \nGradient at solution for final phase:\n     [,1] [,2] [,3] [,4] [,5] [,6] [,7] [,8] [,9] [,10] [,11] [,12] [,13] [,14]\n[1,]    0    0    0    0    0    0    0    0    0     0     0     0     0     0\nAll phases completed\n\nRunning model validation...\nNo test data available (train_test_split >= 1.0)\nNULL\n\nDEBUG: Report contents:\n list()\nNULL\n\nDEBUG: Available variables in report:\nNULL\n\nChecking predictions and calculating objective function...\n\nDEBUG: Processing cots_pred \nDEBUG: cots_pred not found in report\nDEBUG: Available variables:  \n\nDEBUG: Using the following variables for objective function:\ncots_dat -> cots_pred\nfast_dat -> fast_pred\nslow_dat -> slow_pred\n\nDEBUG: Calculating MSE for prediction variables only:\n\nDEBUG: MSE values:\ncots_dat fast_dat slow_dat \n      NA       NA       NA \n\nDEBUG: Final objective value (mean of MSEs): NaN \n\nFinal objective function value: NaN \n\nJSON_REPORT_START\n{\n  \"status\": \"SUCCESS\",\n  \"objective_value\": \"NaN\",\n  \"model_summary\": [\"            Length Class  Mode     \", \"par         14     -none- numeric  \", \"objective    1     -none- numeric  \", \"convergence  1     -none- numeric  \", \"iterations   1     -none- numeric  \", \"evaluations  2     -none- numeric  \", \"message      1     -none- character\"],\n  \"model_report\": [],\n  \"plot_data\": []\n}\nJSON_REPORT_END",
      "stderr": "Loading required package: TMB\nLoading required package: jsonlite\nhere() starts at /home/spi085/Documents/_Projects/SCCP-QuantModelling\nusing C++ compiler: \u2018g++ (Ubuntu 13.3.0-6ubuntu2~24.04) 13.3.0\u2019"
    },
    "4": {
      "status": "SUCCESS",
      "objective_value": 47.1012,
      "model_summary": [
        "            Length Class  Mode     ",
        "par         14     -none- numeric  ",
        "objective    1     -none- numeric  ",
        "convergence  1     -none- numeric  ",
        "iterations   1     -none- numeric  ",
        "evaluations  2     -none- numeric  ",
        "message      1     -none- character"
      ],
      "model_report": {
        "cots_pred": [
          0.2615,
          0.4734,
          0.5163,
          0.5248,
          0.5264,
          0.5267,
          0.5268,
          0.5268,
          0.5268,
          0.5268,
          0.74,
          0.567,
          0.7514,
          0.6785,
          0.5557,
          0.5324,
          0.5279,
          0.527,
          0.5268,
          0.5268,
          0.5268,
          0.5268,
          0.5268,
          0.5268,
          0.5268,
          0.5268
        ],
        "fast_pred": [
          10.0694,
          100,
          100,
          100,
          100,
          100,
          100,
          100,
          100,
          100,
          100,
          100,
          100,
          100,
          100,
          100,
          100,
          100,
          100,
          100,
          100,
          100,
          100,
          100,
          100,
          100
        ],
        "slow_pred": [
          12.7726,
          50,
          50,
          50,
          50,
          50,
          50,
          50,
          50,
          50,
          50,
          50,
          50,
          50,
          50,
          50,
          50,
          50,
          50,
          50,
          50,
          50,
          50,
          50,
          50,
          50
        ]
      },
      "plot_data": {
        "cots_pred": {
          "Year": [
            1980,
            1981,
            1982,
            1983,
            1984,
            1985,
            1986,
            1987,
            1988,
            1989,
            1990,
            1991,
            1992,
            1993,
            1994,
            1995,
            1996,
            1997,
            1998,
            1999,
            2000,
            2001,
            2002,
            2003,
            2004,
            2005
          ],
          "Modeled": [
            0.2615,
            0.4734,
            0.5163,
            0.5248,
            0.5264,
            0.5267,
            0.5268,
            0.5268,
            0.5268,
            0.5268,
            0.74,
            0.567,
            0.7514,
            0.6785,
            0.5557,
            0.5324,
            0.5279,
            0.527,
            0.5268,
            0.5268,
            0.5268,
            0.5268,
            0.5268,
            0.5268,
            0.5268,
            0.5268
          ],
          "Observed": [
            0.2615,
            0.5498,
            0.7268,
            0.5523,
            0.8281,
            0.547,
            0.758,
            0.6288,
            0.4762,
            0.6466,
            0.9107,
            2.152,
            0.6446,
            1.6723,
            0.4766,
            0.8075,
            0.3635,
            0.3728,
            0.6173,
            0.3107,
            0.256,
            0.2984,
            0.3362,
            0.2878,
            0.3221,
            0.4308
          ]
        },
        "fast_pred": {
          "Year": [
            1980,
            1981,
            1982,
            1983,
            1984,
            1985,
            1986,
            1987,
            1988,
            1989,
            1990,
            1991,
            1992,
            1993,
            1994,
            1995,
            1996,
            1997,
            1998,
            1999,
            2000,
            2001,
            2002,
            2003,
            2004,
            2005
          ],
          "Modeled": [
            10.0694,
            100,
            100,
            100,
            100,
            100,
            100,
            100,
            100,
            100,
            100,
            100,
            100,
            100,
            100,
            100,
            100,
            100,
            100,
            100,
            100,
            100,
            100,
            100,
            100,
            100
          ],
          "Observed": [
            10.0694,
            17.7236,
            23.8276,
            19.4181,
            15.6354,
            32.4596,
            21.5567,
            34.1938,
            18.8708,
            27.3176,
            44.3301,
            13.3275,
            11.3741,
            8.3362,
            15.207,
            12.443,
            11.0666,
            10.6442,
            2.3628,
            2.76,
            3.7236,
            7.0355,
            10.2239,
            8.4754,
            9.0819,
            13.7314
          ]
        },
        "slow_pred": {
          "Year": [
            1980,
            1981,
            1982,
            1983,
            1984,
            1985,
            1986,
            1987,
            1988,
            1989,
            1990,
            1991,
            1992,
            1993,
            1994,
            1995,
            1996,
            1997,
            1998,
            1999,
            2000,
            2001,
            2002,
            2003,
            2004,
            2005
          ],
          "Modeled": [
            12.7726,
            50,
            50,
            50,
            50,
            50,
            50,
            50,
            50,
            50,
            50,
            50,
            50,
            50,
            50,
            50,
            50,
            50,
            50,
            50,
            50,
            50,
            50,
            50,
            50,
            50
          ],
          "Observed": [
            12.7726,
            16.4147,
            12.7773,
            12.2798,
            15.1152,
            12.8194,
            10.4631,
            9.7251,
            13.2014,
            16.4512,
            11.1393,
            18.0832,
            11.5223,
            8.51,
            9.1622,
            5.3353,
            8.6044,
            7.2781,
            2.629,
            4.6951,
            1.5948,
            5.2172,
            2.6041,
            3.3618,
            7.3289,
            4.4014
          ]
        }
      },
      "stdout": "g++ -std=gnu++17 -I\"/usr/share/R/include\" -DNDEBUG -I\"/home/spi085/R/x86_64-pc-linux-gnu-library/4.4/TMB/include\" -I\"/home/spi085/R/x86_64-pc-linux-gnu-library/4.4/RcppEigen/include\"   -DTMB_EIGEN_DISABLE_WARNINGS   -DTMB_LIB_INIT=R_init_model  -DCPPAD_FRAMEWORK      -fpic  -O2  -c POPULATIONS/POPULATION_0002/INDIVIDUAL_6AYE41N4/model.cpp -o POPULATIONS/POPULATION_0002/INDIVIDUAL_6AYE41N4/model.o\ng++ -std=gnu++17 -shared -L/usr/lib/R/lib -Wl,-Bsymbolic-functions -flto=auto -ffat-lto-objects -Wl,-z,relro -o POPULATIONS/POPULATION_0002/INDIVIDUAL_6AYE41N4/model.so POPULATIONS/POPULATION_0002/INDIVIDUAL_6AYE41N4/model.o -L/usr/lib/R/lib -lR\nStarting model phases\nNumber of phases: 3 \nPhase 1 \nInitial parameter values for phase 1 :\nr_cots r_fast r_slow a_fast a_slow \n   0.8    0.3    0.1    0.5    0.2 \nFinal parameter values for phase 1 :\n      r_cots       r_fast       r_slow       a_fast       a_slow \n-17.60060307   0.25858380   0.08621999   0.50114953   0.20075986 \nConvergence message: relative convergence (4) \nNumber of iterations: 21 \nObjective function value: 567.4602 \nGradient at solution for phase 1 :\n             [,1]        [,2]         [,3]         [,4]          [,5]\n[1,] 5.556724e-08 3.59382e-06 1.106432e-06 -9.91691e-08 -6.096891e-08\nPhase 2 \nInitial parameter values for phase 2 :\nK_cots K_fast K_slow h_fast h_slow  T_opt \n   2.5   50.0   30.0    0.1    0.2   28.0 \nFinal parameter values for phase 2 :\n   K_cots    K_fast    K_slow    h_fast    h_slow     T_opt \n-1.730989 50.000000 30.000000  0.100000  0.200000 28.000000 \nConvergence message: both X-convergence and relative convergence (5) \nNumber of iterations: 5 \nObjective function value: 386.6845 \nGradient at solution for phase 2 :\n              [,1]         [,2]         [,3] [,4] [,5] [,6]\n[1,] -3.920855e-11 3.210482e-20 1.387238e-11    0    0    0\nPhase 3 \nInitial parameter values for phase 3 :\nsigma_cots sigma_fast sigma_slow \n       0.2        0.2        0.2 \nFinal parameter values for phase 3 :\nsigma_cots sigma_fast sigma_slow \n -0.152555  24.043890  22.557238 \nConvergence message: relative convergence (4) \nNumber of iterations: 36 \nObjective function value: 172.9977 \nGradient at solution for phase 3 :\n             [,1]          [,2]          [,3]\n[1,] 2.063653e-07 -3.346868e-09 -1.117239e-08\nFinal Phase\nInitial parameter values for final phase:\n      r_cots       K_cots       r_fast       r_slow       K_fast       K_slow \n-17.60060307  -1.73098915   0.25858380   0.08621999  50.00000000  30.00000000 \n      a_fast       a_slow       h_fast       h_slow        T_opt   sigma_cots \n  0.50114953   0.20075986   0.10000000   0.20000000  28.00000000  -0.15255505 \n  sigma_fast   sigma_slow \n 24.04389048  22.55723782 \nFinal parameter values for final phase:\n      r_cots       K_cots       r_fast       r_slow       K_fast       K_slow \n-17.60060310  -1.73098915   0.25858269   0.08621965  50.00000000  30.00000000 \n      a_fast       a_slow       h_fast       h_slow        T_opt   sigma_cots \n  0.50114956   0.20075988   0.10000000   0.20000000  28.00000000  -0.15255525 \n  sigma_fast   sigma_slow \n 24.04389048  22.55723784 \nConvergence message: both X-convergence and relative convergence (5) \nNumber of iterations: 1 \nObjective function value: 172.9977 \nGradient at solution for final phase:\n             [,1]         [,2]         [,3]         [,4]         [,5]\n[1,] 2.681742e-08 5.232812e-09 1.104341e-06 3.399933e-07 9.865426e-21\n             [,6]          [,7]          [,8] [,9] [,10] [,11]         [,12]\n[1,] 4.262815e-12 -3.047355e-08 -1.873502e-08    0     0     0 -2.768867e-06\n             [,13]         [,14]\n[1,] -3.346868e-09 -1.117239e-08\nAll phases completed\n\nRunning model validation...\nNo test data available (train_test_split >= 1.0)\nNULL\n\nDEBUG: Report contents:\nList of 3\n $ cots_pred: num [1:26] 0.262 0.473 0.516 0.525 0.526 ...\n $ fast_pred: num [1:26] 10.1 100 100 100 100 ...\n $ slow_pred: num [1:26] 12.8 50 50 50 50 ...\nNULL\n\nDEBUG: Available variables in report:\n[1] \"cots_pred\" \"fast_pred\" \"slow_pred\"\n\nChecking predictions and calculating objective function...\n\nDEBUG: Processing cots_pred \nDEBUG: First few predictions: 0.2615042 0.4734266 0.5163219 0.5247527 0.5263982 0.5267189 \nDEBUG: Summary statistics:\n   Min. 1st Qu.  Median    Mean 3rd Qu.    Max. \n 0.2615  0.5268  0.5268  0.5396  0.5277  0.7514 \nDEBUG: All zeros? FALSE \nDEBUG: Any infinities? FALSE \n\nDEBUG: Processing fast_pred \nDEBUG: First few predictions: 10.06939 99.99997 100 100 100 100 \nDEBUG: Summary statistics:\n   Min. 1st Qu.  Median    Mean 3rd Qu.    Max. \n  10.07  100.00  100.00   96.54  100.00  100.00 \nDEBUG: All zeros? FALSE \nDEBUG: Any infinities? FALSE \n\nDEBUG: Processing slow_pred \nDEBUG: First few predictions: 12.77261 49.99999 50 50 50 50 \nDEBUG: Summary statistics:\n   Min. 1st Qu.  Median    Mean 3rd Qu.    Max. \n  12.77   50.00   50.00   48.57   50.00   50.00 \nDEBUG: All zeros? FALSE \nDEBUG: Any infinities? FALSE \n\nDEBUG: Using the following variables for objective function:\ncots_dat -> cots_pred\nfast_dat -> fast_pred\nslow_dat -> slow_pred\n\nDEBUG: Calculating MSE for prediction variables only:\n\nDEBUG: cots_pred \nObserved: 0.2615042 0.5498196 0.7268086 0.5522907 0.828121 0.5470078 ...\nPredicted: 0.2615042 0.4734266 0.5163219 0.5247527 0.5263982 0.5267189 ...\nMSE (normalized): 0.8810124 \n\nDEBUG: fast_pred \nObserved: 10.06939 17.72357 23.82758 19.41812 15.63542 32.45961 ...\nPredicted: 10.06939 99.99997 100 100 100 100 ...\nMSE (normalized): 67.32199 \n\nDEBUG: slow_pred \nObserved: 12.77261 16.41474 12.77729 12.27975 15.11516 12.81941 ...\nPredicted: 12.77261 49.99999 50 50 50 50 ...\nMSE (normalized): 73.1005 \n\nDEBUG: MSE values:\n  cots_dat   fast_dat   slow_dat \n 0.8810124 67.3219902 73.1004996 \n\nDEBUG: Final objective value (mean of MSEs): 47.10117 \n\nFinal objective function value: 47.10117 \n\nJSON_REPORT_START\n{\n  \"status\": \"SUCCESS\",\n  \"objective_value\": 47.1012,\n  \"model_summary\": [\"            Length Class  Mode     \", \"par         14     -none- numeric  \", \"objective    1     -none- numeric  \", \"convergence  1     -none- numeric  \", \"iterations   1     -none- numeric  \", \"evaluations  2     -none- numeric  \", \"message      1     -none- character\"],\n  \"model_report\": {\n    \"cots_pred\": [0.2615, 0.4734, 0.5163, 0.5248, 0.5264, 0.5267, 0.5268, 0.5268, 0.5268, 0.5268, 0.74, 0.567, 0.7514, 0.6785, 0.5557, 0.5324, 0.5279, 0.527, 0.5268, 0.5268, 0.5268, 0.5268, 0.5268, 0.5268, 0.5268, 0.5268],\n    \"fast_pred\": [10.0694, 100, 100, 100, 100, 100, 100, 100, 100, 100, 100, 100, 100, 100, 100, 100, 100, 100, 100, 100, 100, 100, 100, 100, 100, 100],\n    \"slow_pred\": [12.7726, 50, 50, 50, 50, 50, 50, 50, 50, 50, 50, 50, 50, 50, 50, 50, 50, 50, 50, 50, 50, 50, 50, 50, 50, 50]\n  },\n  \"plot_data\": {\n    \"cots_pred\": {\n      \"Year\": [1980, 1981, 1982, 1983, 1984, 1985, 1986, 1987, 1988, 1989, 1990, 1991, 1992, 1993, 1994, 1995, 1996, 1997, 1998, 1999, 2000, 2001, 2002, 2003, 2004, 2005],\n      \"Modeled\": [0.2615, 0.4734, 0.5163, 0.5248, 0.5264, 0.5267, 0.5268, 0.5268, 0.5268, 0.5268, 0.74, 0.567, 0.7514, 0.6785, 0.5557, 0.5324, 0.5279, 0.527, 0.5268, 0.5268, 0.5268, 0.5268, 0.5268, 0.5268, 0.5268, 0.5268],\n      \"Observed\": [0.2615, 0.5498, 0.7268, 0.5523, 0.8281, 0.547, 0.758, 0.6288, 0.4762, 0.6466, 0.9107, 2.152, 0.6446, 1.6723, 0.4766, 0.8075, 0.3635, 0.3728, 0.6173, 0.3107, 0.256, 0.2984, 0.3362, 0.2878, 0.3221, 0.4308]\n    },\n    \"fast_pred\": {\n      \"Year\": [1980, 1981, 1982, 1983, 1984, 1985, 1986, 1987, 1988, 1989, 1990, 1991, 1992, 1993, 1994, 1995, 1996, 1997, 1998, 1999, 2000, 2001, 2002, 2003, 2004, 2005],\n      \"Modeled\": [10.0694, 100, 100, 100, 100, 100, 100, 100, 100, 100, 100, 100, 100, 100, 100, 100, 100, 100, 100, 100, 100, 100, 100, 100, 100, 100],\n      \"Observed\": [10.0694, 17.7236, 23.8276, 19.4181, 15.6354, 32.4596, 21.5567, 34.1938, 18.8708, 27.3176, 44.3301, 13.3275, 11.3741, 8.3362, 15.207, 12.443, 11.0666, 10.6442, 2.3628, 2.76, 3.7236, 7.0355, 10.2239, 8.4754, 9.0819, 13.7314]\n    },\n    \"slow_pred\": {\n      \"Year\": [1980, 1981, 1982, 1983, 1984, 1985, 1986, 1987, 1988, 1989, 1990, 1991, 1992, 1993, 1994, 1995, 1996, 1997, 1998, 1999, 2000, 2001, 2002, 2003, 2004, 2005],\n      \"Modeled\": [12.7726, 50, 50, 50, 50, 50, 50, 50, 50, 50, 50, 50, 50, 50, 50, 50, 50, 50, 50, 50, 50, 50, 50, 50, 50, 50],\n      \"Observed\": [12.7726, 16.4147, 12.7773, 12.2798, 15.1152, 12.8194, 10.4631, 9.7251, 13.2014, 16.4512, 11.1393, 18.0832, 11.5223, 8.51, 9.1622, 5.3353, 8.6044, 7.2781, 2.629, 4.6951, 1.5948, 5.2172, 2.6041, 3.3618, 7.3289, 4.4014]\n    }\n  }\n}\nJSON_REPORT_END",
      "stderr": "Loading required package: TMB\nLoading required package: jsonlite\nhere() starts at /home/spi085/Documents/_Projects/SCCP-QuantModelling\nusing C++ compiler: \u2018g++ (Ubuntu 13.3.0-6ubuntu2~24.04) 13.3.0\u2019\nWarning message:\n`aes_string()` was deprecated in ggplot2 3.0.0.\n\u2139 Please use tidy evaluation idioms with `aes()`.\n\u2139 See also `vignette(\"ggplot2-in-packages\")` for more information."
    },
    "5": {
      "status": "SUCCESS",
      "objective_value": 47.1012
    }
  }
}