{
  "iterations": {
    "1": {
      "status": "ERROR",
      "message": "R script failed with return code 1",
      "stdout": "g++ -std=gnu++17  -I\"C:/Users/spi085/AppData/Local/Programs/R/R-4.4.1/include\" -DNDEBUG -I\"C:/Users/spi085/AppData/Local/Programs/R/R-44~1.1/library/TMB/include\" -I\"C:/Users/spi085/AppData/Local/Programs/R/R-44~1.1/library/RCPPEI~1/include\"   -DTMB_EIGEN_DISABLE_WARNINGS   -DTMB_LIB_INIT=R_init_model  -DCPPAD_FRAMEWORK    -I\"C:/rtools44/x86_64-w64-mingw32.static.posix/include\"     -O2 -Wa,-mbig-obj -c POPULATIONS//POPULATION_0012//INDIVIDUAL_LJLJIDUR/model.cpp -o POPULATIONS//POPULATION_0012//INDIVIDUAL_LJLJIDUR/model.o\ng++ -std=gnu++17 -shared -s -static-libgcc -o POPULATIONS//POPULATION_0012//INDIVIDUAL_LJLJIDUR/model.dll tmp.def POPULATIONS//POPULATION_0012//INDIVIDUAL_LJLJIDUR/model.o -LC:/rtools44/x86_64-w64-mingw32.static.posix/lib/x64 -LC:/rtools44/x86_64-w64-mingw32.static.posix/lib -LC:/Users/spi085/AppData/Local/Programs/R/R-4.4.1/bin/x64 -lR\nStarting model phases\nNumber of phases: 3 \nPhase 1 \nInitial parameter values for phase 1 :\n               r_cots              temp_opt            alpha_slow \n                   NA                    30                    NA \n           alpha_fast temp_stress_threshold \n                   NA                    NA \nError in model phases: NA/NaN gradient evaluation",
      "stderr": "Loading required package: TMB\nLoading required package: jsonlite\nhere() starts at C:/Users/spi085/OneDrive - CSIRO/Documents/_Projects/SCCP-QuantModelling\nusing C++ compiler: 'G__~1.EXE (GCC) 13.2.0'\nError in value[[3L]](cond) : \n  Error in model phases: NA/NaN gradient evaluation\nCalls: tryCatch -> tryCatchList -> tryCatchOne -> <Anonymous>\nIn addition: Warning message:\nIn nlminb(model$par, model$fn, model$gr) : NA/NaN function evaluation\nExecution halted"
    },
    "2": {
      "status": "ERROR",
      "message": "Model failed to compile.",
      "stdout": "g++ -std=gnu++17  -I\"C:/Users/spi085/AppData/Local/Programs/R/R-4.4.1/include\" -DNDEBUG -I\"C:/Users/spi085/AppData/Local/Programs/R/R-44~1.1/library/TMB/include\" -I\"C:/Users/spi085/AppData/Local/Programs/R/R-44~1.1/library/RCPPEI~1/include\"   -DTMB_EIGEN_DISABLE_WARNINGS   -DTMB_LIB_INIT=R_init_model  -DCPPAD_FRAMEWORK    -I\"C:/rtools44/x86_64-w64-mingw32.static.posix/include\"     -O2 -Wa,-mbig-obj -c POPULATIONS//POPULATION_0012//INDIVIDUAL_LJLJIDUR/model.cpp -o POPULATIONS//POPULATION_0012//INDIVIDUAL_LJLJIDUR/model.o",
      "stderr": "Loading required package: TMB\nLoading required package: jsonlite\nhere() starts at C:/Users/spi085/OneDrive - CSIRO/Documents/_Projects/SCCP-QuantModelling\nusing C++ compiler: 'G__~1.EXE (GCC) 13.2.0'\nPOPULATIONS//POPULATION_0012//INDIVIDUAL_LJLJIDUR/model.cpp: In instantiation of 'Type objective_function<Type>::operator()() [with Type = CppAD::AD<double>]':\nC:/Users/spi085/AppData/Local/Programs/R/R-4.4.1/library/TMB/include/tmb_core.hpp:1308:6:   required from here\nPOPULATIONS//POPULATION_0012//INDIVIDUAL_LJLJIDUR/model.cpp:56:26: error: 'posfun' was not declared in this scope\n   56 |     cots_pred(t) = posfun(cots_pred(t), eps, 0); // Ensure positive values using TMB's posfun\n      |                    ~~~~~~^~~~~~~~~~~~~~~~~~~~~~\nPOPULATIONS//POPULATION_0012//INDIVIDUAL_LJLJIDUR/model.cpp:76:26: error: 'posfun' was not declared in this scope, and no declarations were found by argument-dependent lookup at the point of instantiation\n   76 |     slow_pred(t) = posfun(slow_pred(t), eps, 0);\n      |                    ~~~~~~^~~~~~~~~~~~~~~~~~~~~~\nPOPULATIONS//POPULATION_0012//INDIVIDUAL_LJLJIDUR/model.cpp:56:26: note: 'posfun' declared here, later in the translation unit\n   56 |     cots_pred(t) = posfun(cots_pred(t), eps, 0); // Ensure positive values using TMB's posfun\n      |                    ~~~~~~^~~~~~~~~~~~~~~~~~~~~~\nPOPULATIONS//POPULATION_0012//INDIVIDUAL_LJLJIDUR/model.cpp:77:26: error: 'posfun' was not declared in this scope, and no declarations were found by argument-dependent lookup at the point of instantiation\n   77 |     fast_pred(t) = posfun(fast_pred(t), eps, 0);\n      |                    ~~~~~~^~~~~~~~~~~~~~~~~~~~~~\nPOPULATIONS//POPULATION_0012//INDIVIDUAL_LJLJIDUR/model.cpp:56:26: note: 'posfun' declared here, later in the translation unit\n   56 |     cots_pred(t) = posfun(cots_pred(t), eps, 0); // Ensure positive values using TMB's posfun\n      |                    ~~~~~~^~~~~~~~~~~~~~~~~~~~~~\nPOPULATIONS//POPULATION_0012//INDIVIDUAL_LJLJIDUR/model.cpp: In instantiation of 'Type objective_function<Type>::operator()() [with Type = double]':\nC:/Users/spi085/AppData/Local/Programs/R/R-4.4.1/library/TMB/include/tmb_core.hpp:2031:7:   required from here\nPOPULATIONS//POPULATION_0012//INDIVIDUAL_LJLJIDUR/model.cpp:56:26: error: 'posfun' was not declared in this scope\nPOPULATIONS//POPULATION_0012//INDIVIDUAL_LJLJIDUR/model.cpp:76:26: error: 'posfun' was not declared in this scope, and no declarations were found by argument-dependent lookup at the point of instantiation\n   76 |     slow_pred(t) = posfun(slow_pred(t), eps, 0);\n      |                    ~~~~~~^~~~~~~~~~~~~~~~~~~~~~\nPOPULATIONS//POPULATION_0012//INDIVIDUAL_LJLJIDUR/model.cpp:56:26: note: 'posfun' declared here, later in the translation unit\n   56 |     cots_pred(t) = posfun(cots_pred(t), eps, 0); // Ensure positive values using TMB's posfun\n      |                    ~~~~~~^~~~~~~~~~~~~~~~~~~~~~\nPOPULATIONS//POPULATION_0012//INDIVIDUAL_LJLJIDUR/model.cpp:77:26: error: 'posfun' was not declared in this scope, and no declarations were found by argument-dependent lookup at the point of instantiation\n   77 |     fast_pred(t) = posfun(fast_pred(t), eps, 0);\n      |                    ~~~~~~^~~~~~~~~~~~~~~~~~~~~~\nPOPULATIONS//POPULATION_0012//INDIVIDUAL_LJLJIDUR/model.cpp:56:26: note: 'posfun' declared here, later in the translation unit\n   56 |     cots_pred(t) = posfun(cots_pred(t), eps, 0); // Ensure positive values using TMB's posfun\n      |                    ~~~~~~^~~~~~~~~~~~~~~~~~~~~~\nPOPULATIONS//POPULATION_0012//INDIVIDUAL_LJLJIDUR/model.cpp: In instantiation of 'Type objective_function<Type>::operator()() [with Type = CppAD::AD<CppAD::AD<double> >]':\nC:/Users/spi085/AppData/Local/Programs/R/R-4.4.1/library/TMB/include/tmb_core.hpp:913:29:   required from 'Type objective_function<Type>::evalUserTemplate() [with Type = CppAD::AD<CppAD::AD<double> >]'\nC:/Users/spi085/AppData/Local/Programs/R/R-4.4.1/library/TMB/include/tmb_core.hpp:2112:26:   required from here\nPOPULATIONS//POPULATION_0012//INDIVIDUAL_LJLJIDUR/model.cpp:56:26: error: 'posfun' was not declared in this scope\nPOPULATIONS//POPULATION_0012//INDIVIDUAL_LJLJIDUR/model.cpp:76:26: error: 'posfun' was not declared in this scope, and no declarations were found by argument-dependent lookup at the point of instantiation\n   76 |     slow_pred(t) = posfun(slow_pred(t), eps, 0);\n      |                    ~~~~~~^~~~~~~~~~~~~~~~~~~~~~\nPOPULATIONS//POPULATION_0012//INDIVIDUAL_LJLJIDUR/model.cpp:56:26: note: 'posfun' declared here, later in the translation unit\n   56 |     cots_pred(t) = posfun(cots_pred(t), eps, 0); // Ensure positive values using TMB's posfun\n      |                    ~~~~~~^~~~~~~~~~~~~~~~~~~~~~\nPOPULATIONS//POPULATION_0012//INDIVIDUAL_LJLJIDUR/model.cpp:77:26: error: 'posfun' was not declared in this scope, and no declarations were found by argument-dependent lookup at the point of instantiation\n   77 |     fast_pred(t) = posfun(fast_pred(t), eps, 0);\n      |                    ~~~~~~^~~~~~~~~~~~~~~~~~~~~~\nPOPULATIONS//POPULATION_0012//INDIVIDUAL_LJLJIDUR/model.cpp:56:26: note: 'posfun' declared here, later in the translation unit\n   56 |     cots_pred(t) = posfun(cots_pred(t), eps, 0); // Ensure positive values using TMB's posfun\n      |                    ~~~~~~^~~~~~~~~~~~~~~~~~~~~~\nPOPULATIONS//POPULATION_0012//INDIVIDUAL_LJLJIDUR/model.cpp: In instantiation of 'Type objective_function<Type>::operator()() [with Type = CppAD::AD<CppAD::AD<CppAD::AD<double> > >]':\nC:/Users/spi085/AppData/Local/Programs/R/R-4.4.1/library/TMB/include/tmb_core.hpp:913:29:   required from 'Type objective_function<Type>::evalUserTemplate() [with Type = CppAD::AD<CppAD::AD<CppAD::AD<double> > >]'\nC:/Users/spi085/AppData/Local/Programs/R/R-4.4.1/library/TMB/include/tmb_core.hpp:2361:28:   required from here\nPOPULATIONS//POPULATION_0012//INDIVIDUAL_LJLJIDUR/model.cpp:56:26: error: 'posfun' was not declared in this scope\nPOPULATIONS//POPULATION_0012//INDIVIDUAL_LJLJIDUR/model.cpp:76:26: error: 'posfun' was not declared in this scope, and no declarations were found by argument-dependent lookup at the point of instantiation\n   76 |     slow_pred(t) = posfun(slow_pred(t), eps, 0);\n      |                    ~~~~~~^~~~~~~~~~~~~~~~~~~~~~\nPOPULATIONS//POPULATION_0012//INDIVIDUAL_LJLJIDUR/model.cpp:56:26: note: 'posfun' declared here, later in the translation unit\n   56 |     cots_pred(t) = posfun(cots_pred(t), eps, 0); // Ensure positive values using TMB's posfun\n      |                    ~~~~~~^~~~~~~~~~~~~~~~~~~~~~\nPOPULATIONS//POPULATION_0012//INDIVIDUAL_LJLJIDUR/model.cpp:77:26: error: 'posfun' was not declared in this scope, and no declarations were found by argument-dependent lookup at the point of instantiation\n   77 |     fast_pred(t) = posfun(fast_pred(t), eps, 0);\n      |                    ~~~~~~^~~~~~~~~~~~~~~~~~~~~~\nPOPULATIONS//POPULATION_0012//INDIVIDUAL_LJLJIDUR/model.cpp:56:26: note: 'posfun' declared here, later in the translation unit\n   56 |     cots_pred(t) = posfun(cots_pred(t), eps, 0); // Ensure positive values using TMB's posfun\n      |                    ~~~~~~^~~~~~~~~~~~~~~~~~~~~~\nmake: *** [C:/Users/spi085/AppData/Local/Programs/R/R-4.4.1/etc/x64/Makeconf:296: POPULATIONS//POPULATION_0012//INDIVIDUAL_LJLJIDUR/model.o] Error 1\nError in TMB::compile(file.path(individual_dir, model_file), flags = flags,  : \n  Compilation failed\nError: Compilation failed\nExecution halted"
    },
    "3": {
      "status": "ERROR",
      "message": "R script failed with return code 1",
      "stdout": "g++ -std=gnu++17  -I\"C:/Users/spi085/AppData/Local/Programs/R/R-4.4.1/include\" -DNDEBUG -I\"C:/Users/spi085/AppData/Local/Programs/R/R-44~1.1/library/TMB/include\" -I\"C:/Users/spi085/AppData/Local/Programs/R/R-44~1.1/library/RCPPEI~1/include\"   -DTMB_EIGEN_DISABLE_WARNINGS   -DTMB_LIB_INIT=R_init_model  -DCPPAD_FRAMEWORK    -I\"C:/rtools44/x86_64-w64-mingw32.static.posix/include\"     -O2 -Wa,-mbig-obj -c POPULATIONS//POPULATION_0012//INDIVIDUAL_LJLJIDUR/model.cpp -o POPULATIONS//POPULATION_0012//INDIVIDUAL_LJLJIDUR/model.o\ng++ -std=gnu++17 -shared -s -static-libgcc -o POPULATIONS//POPULATION_0012//INDIVIDUAL_LJLJIDUR/model.dll tmp.def POPULATIONS//POPULATION_0012//INDIVIDUAL_LJLJIDUR/model.o -LC:/rtools44/x86_64-w64-mingw32.static.posix/lib/x64 -LC:/rtools44/x86_64-w64-mingw32.static.posix/lib -LC:/Users/spi085/AppData/Local/Programs/R/R-4.4.1/bin/x64 -lR\nStarting model phases\nNumber of phases: 3 \nPhase 1 \nInitial parameter values for phase 1 :\n               r_cots              temp_opt            alpha_slow \n                   NA                    30                    NA \n           alpha_fast temp_stress_threshold \n                   NA                    NA \nError in model phases: NA/NaN gradient evaluation",
      "stderr": "Loading required package: TMB\nLoading required package: jsonlite\nhere() starts at C:/Users/spi085/OneDrive - CSIRO/Documents/_Projects/SCCP-QuantModelling\nusing C++ compiler: 'G__~1.EXE (GCC) 13.2.0'\nError in value[[3L]](cond) : \n  Error in model phases: NA/NaN gradient evaluation\nCalls: tryCatch -> tryCatchList -> tryCatchOne -> <Anonymous>\nIn addition: Warning message:\nIn nlminb(model$par, model$fn, model$gr) : NA/NaN function evaluation\nExecution halted"
    },
    "4": {
      "status": "ERROR",
      "message": "R script failed with return code 1",
      "stdout": "g++ -std=gnu++17  -I\"C:/Users/spi085/AppData/Local/Programs/R/R-4.4.1/include\" -DNDEBUG -I\"C:/Users/spi085/AppData/Local/Programs/R/R-44~1.1/library/TMB/include\" -I\"C:/Users/spi085/AppData/Local/Programs/R/R-44~1.1/library/RCPPEI~1/include\"   -DTMB_EIGEN_DISABLE_WARNINGS   -DTMB_LIB_INIT=R_init_model  -DCPPAD_FRAMEWORK    -I\"C:/rtools44/x86_64-w64-mingw32.static.posix/include\"     -O2 -Wa,-mbig-obj -c POPULATIONS//POPULATION_0012//INDIVIDUAL_LJLJIDUR/model.cpp -o POPULATIONS//POPULATION_0012//INDIVIDUAL_LJLJIDUR/model.o\ng++ -std=gnu++17 -shared -s -static-libgcc -o POPULATIONS//POPULATION_0012//INDIVIDUAL_LJLJIDUR/model.dll tmp.def POPULATIONS//POPULATION_0012//INDIVIDUAL_LJLJIDUR/model.o -LC:/rtools44/x86_64-w64-mingw32.static.posix/lib/x64 -LC:/rtools44/x86_64-w64-mingw32.static.posix/lib -LC:/Users/spi085/AppData/Local/Programs/R/R-4.4.1/bin/x64 -lR\nStarting model phases\nNumber of phases: 3 \nPhase 1 \nInitial parameter values for phase 1 :\n               r_cots              temp_opt            alpha_slow \n                   NA                    30                    NA \n           alpha_fast temp_stress_threshold \n                   NA                    NA \nError in model phases: NA/NaN gradient evaluation",
      "stderr": "Loading required package: TMB\nLoading required package: jsonlite\nhere() starts at C:/Users/spi085/OneDrive - CSIRO/Documents/_Projects/SCCP-QuantModelling\nusing C++ compiler: 'G__~1.EXE (GCC) 13.2.0'\nError in value[[3L]](cond) : \n  Error in model phases: NA/NaN gradient evaluation\nCalls: tryCatch -> tryCatchList -> tryCatchOne -> <Anonymous>\nIn addition: Warning message:\nIn nlminb(model$par, model$fn, model$gr) : NA/NaN function evaluation\nExecution halted"
    },
    "5": {
      "status": "ERROR",
      "message": "R script failed with return code 1",
      "stdout": "g++ -std=gnu++17  -I\"C:/Users/spi085/AppData/Local/Programs/R/R-4.4.1/include\" -DNDEBUG -I\"C:/Users/spi085/AppData/Local/Programs/R/R-44~1.1/library/TMB/include\" -I\"C:/Users/spi085/AppData/Local/Programs/R/R-44~1.1/library/RCPPEI~1/include\"   -DTMB_EIGEN_DISABLE_WARNINGS   -DTMB_LIB_INIT=R_init_model  -DCPPAD_FRAMEWORK    -I\"C:/rtools44/x86_64-w64-mingw32.static.posix/include\"     -O2 -Wa,-mbig-obj -c POPULATIONS//POPULATION_0012//INDIVIDUAL_LJLJIDUR/model.cpp -o POPULATIONS//POPULATION_0012//INDIVIDUAL_LJLJIDUR/model.o\ng++ -std=gnu++17 -shared -s -static-libgcc -o POPULATIONS//POPULATION_0012//INDIVIDUAL_LJLJIDUR/model.dll tmp.def POPULATIONS//POPULATION_0012//INDIVIDUAL_LJLJIDUR/model.o -LC:/rtools44/x86_64-w64-mingw32.static.posix/lib/x64 -LC:/rtools44/x86_64-w64-mingw32.static.posix/lib -LC:/Users/spi085/AppData/Local/Programs/R/R-4.4.1/bin/x64 -lR\nStarting model phases\nNumber of phases: 3 \nPhase 1 \nInitial parameter values for phase 1 :\n               r_cots              temp_opt            alpha_slow \n                   NA                    30                    NA \n           alpha_fast temp_stress_threshold \n                   NA                    NA \nError in model phases: NA/NaN gradient evaluation",
      "stderr": "Loading required package: TMB\nLoading required package: jsonlite\nhere() starts at C:/Users/spi085/OneDrive - CSIRO/Documents/_Projects/SCCP-QuantModelling\nusing C++ compiler: 'G__~1.EXE (GCC) 13.2.0'\nError in value[[3L]](cond) : \n  Error in model phases: NA/NaN gradient evaluation\nCalls: tryCatch -> tryCatchList -> tryCatchOne -> <Anonymous>\nIn addition: Warning message:\nIn nlminb(model$par, model$fn, model$gr) : NA/NaN function evaluation\nExecution halted"
    },
    "6": {
      "status": "ERROR",
      "message": "R script failed with return code 1",
      "stdout": "g++ -std=gnu++17  -I\"C:/Users/spi085/AppData/Local/Programs/R/R-4.4.1/include\" -DNDEBUG -I\"C:/Users/spi085/AppData/Local/Programs/R/R-44~1.1/library/TMB/include\" -I\"C:/Users/spi085/AppData/Local/Programs/R/R-44~1.1/library/RCPPEI~1/include\"   -DTMB_EIGEN_DISABLE_WARNINGS   -DTMB_LIB_INIT=R_init_model  -DCPPAD_FRAMEWORK    -I\"C:/rtools44/x86_64-w64-mingw32.static.posix/include\"     -O2 -Wa,-mbig-obj -c POPULATIONS//POPULATION_0012//INDIVIDUAL_LJLJIDUR/model.cpp -o POPULATIONS//POPULATION_0012//INDIVIDUAL_LJLJIDUR/model.o\ng++ -std=gnu++17 -shared -s -static-libgcc -o POPULATIONS//POPULATION_0012//INDIVIDUAL_LJLJIDUR/model.dll tmp.def POPULATIONS//POPULATION_0012//INDIVIDUAL_LJLJIDUR/model.o -LC:/rtools44/x86_64-w64-mingw32.static.posix/lib/x64 -LC:/rtools44/x86_64-w64-mingw32.static.posix/lib -LC:/Users/spi085/AppData/Local/Programs/R/R-4.4.1/bin/x64 -lR\nStarting model phases\nNumber of phases: 3 \nPhase 1 \nInitial parameter values for phase 1 :\n               r_cots              temp_opt            alpha_slow \n                   NA                    30                    NA \n           alpha_fast temp_stress_threshold \n                   NA                    NA \nError in model phases: NA/NaN gradient evaluation",
      "stderr": "Loading required package: TMB\nLoading required package: jsonlite\nhere() starts at C:/Users/spi085/OneDrive - CSIRO/Documents/_Projects/SCCP-QuantModelling\nusing C++ compiler: 'G__~1.EXE (GCC) 13.2.0'\nError in value[[3L]](cond) : \n  Error in model phases: NA/NaN gradient evaluation\nCalls: tryCatch -> tryCatchList -> tryCatchOne -> <Anonymous>\nIn addition: Warning message:\nIn nlminb(model$par, model$fn, model$gr) : NA/NaN function evaluation\nExecution halted"
    },
    "7": {
      "status": "BROKEN"
    }
  }
}