{
  "iterations": {
    "1": {
      "status": "ERROR",
      "message": "R script failed with return code 1",
      "stdout": "g++ -std=gnu++17  -I\"C:/Users/spi085/AppData/Local/Programs/R/R-4.4.1/include\" -DNDEBUG -I\"C:/Users/spi085/AppData/Local/Programs/R/R-44~1.1/library/TMB/include\" -I\"C:/Users/spi085/AppData/Local/Programs/R/R-44~1.1/library/RCPPEI~1/include\"   -DTMB_EIGEN_DISABLE_WARNINGS   -DTMB_LIB_INIT=R_init_model  -DCPPAD_FRAMEWORK    -I\"C:/rtools44/x86_64-w64-mingw32.static.posix/include\"     -O2 -Wa,-mbig-obj -c POPULATIONS//POPULATION_0023//INDIVIDUAL_J051NVWO/model.cpp -o POPULATIONS//POPULATION_0023//INDIVIDUAL_J051NVWO/model.o\ng++ -std=gnu++17 -shared -s -static-libgcc -o POPULATIONS//POPULATION_0023//INDIVIDUAL_J051NVWO/model.dll tmp.def POPULATIONS//POPULATION_0023//INDIVIDUAL_J051NVWO/model.o -LC:/rtools44/x86_64-w64-mingw32.static.posix/lib/x64 -LC:/rtools44/x86_64-w64-mingw32.static.posix/lib -LC:/Users/spi085/AppData/Local/Programs/R/R-4.4.1/bin/x64 -lR",
      "stderr": "Loading required package: TMB\nLoading required package: jsonlite\nhere() starts at C:/Users/spi085/OneDrive - CSIRO/Documents/_Projects/SCCP-QuantModelling\nusing C++ compiler: 'G__~1.EXE (GCC) 13.2.0'\nC:\\rtools44\\x86_64-w64-mingw32.static.posix\\bin/ld.exe: cannot export _ZN5CppAD3powINS_2ADINS1_INS1_IdEEEEEEEET_RKS5_RKi: symbol not defined\nC:\\rtools44\\x86_64-w64-mingw32.static.posix\\bin/ld.exe: cannot export _ZN5CppAD3powINS_2ADINS1_IdEEEEEET_RKS4_RKi: symbol not defined\nC:\\rtools44\\x86_64-w64-mingw32.static.posix\\bin/ld.exe: cannot export _ZN5CppAD3powINS_2ADIdEEEET_RKS3_RKi: symbol not defined\nC:\\rtools44\\x86_64-w64-mingw32.static.posix\\bin/ld.exe: cannot export _ZN5CppAD6ADTapeINS_2ADINS1_IdEEEEE13RecordCondExpENS_9CompareOpERNS1_IS3_EERKS6_S9_S9_S9_: symbol not defined\nC:\\rtools44\\x86_64-w64-mingw32.static.posix\\bin/ld.exe: cannot export _ZN5CppAD9CondExpOpINS_2ADINS1_IdEEEEEENS1_IT_EENS_9CompareOpERKS5_S8_S8_S8_: symbol not defined\nC:\\rtools44\\x86_64-w64-mingw32.static.posix\\bin/ld.exe: cannot export _ZN5CppADgeINS_2ADIdEEEEbRKNS1_IT_EES6_: symbol not defined\nC:\\rtools44\\x86_64-w64-mingw32.static.posix\\bin/ld.exe: cannot export _ZN5CppADleINS_2ADIdEEEEbRKNS1_IT_EES6_: symbol not defined\nC:\\rtools44\\x86_64-w64-mingw32.static.posix\\bin/ld.exe: cannot export _ZN5CppADltINS_2ADIdEEEEbRKNS1_IT_EES6_: symbol not defined\nC:\\rtools44\\x86_64-w64-mingw32.static.posix\\bin/ld.exe: cannot export _ZNK5CppAD2ADINS0_INS0_IdEEEEE3logEv: symbol not defined\ncollect2.exe: error: ld returned 1 exit status\nError in inDL(x, as.logical(local), as.logical(now), ...) : \n  unable to load shared object 'C:/Users/spi085/OneDrive - CSIRO/Documents/_Projects/SCCP-QuantModelling/POPULATIONS//POPULATION_0023//INDIVIDUAL_J051NVWO/model.dll':\n  LoadLibrary failure:  The specified module could not be found.\nCalls: dyn.load -> inDL\nExecution halted"
    },
    "2": {
      "status": "ERROR",
      "message": "Model failed to compile.",
      "stdout": "g++ -std=gnu++17  -I\"C:/Users/spi085/AppData/Local/Programs/R/R-4.4.1/include\" -DNDEBUG -I\"C:/Users/spi085/AppData/Local/Programs/R/R-44~1.1/library/TMB/include\" -I\"C:/Users/spi085/AppData/Local/Programs/R/R-44~1.1/library/RCPPEI~1/include\"   -DTMB_EIGEN_DISABLE_WARNINGS   -DTMB_LIB_INIT=R_init_model  -DCPPAD_FRAMEWORK    -I\"C:/rtools44/x86_64-w64-mingw32.static.posix/include\"     -O2 -Wa,-mbig-obj -c POPULATIONS//POPULATION_0023//INDIVIDUAL_J051NVWO/model.cpp -o POPULATIONS//POPULATION_0023//INDIVIDUAL_J051NVWO/model.o",
      "stderr": "Loading required package: TMB\nLoading required package: jsonlite\nhere() starts at C:/Users/spi085/OneDrive - CSIRO/Documents/_Projects/SCCP-QuantModelling\nusing C++ compiler: 'G__~1.EXE (GCC) 13.2.0'\nPOPULATIONS//POPULATION_0023//INDIVIDUAL_J051NVWO/model.cpp: In member function 'Type objective_function<Type>::operator()()':\nPOPULATIONS//POPULATION_0023//INDIVIDUAL_J051NVWO/model.cpp:77:28: error: 'TMB' has not been declared\n   77 |     Type sst_effect = exp(-TMB::pow(sst_dat(t) - sst_opt, 2.0) / (2.0 * TMB::pow(sigma_sst, 2.0))); // Quadratic effect of SST\n      |                            ^~~\nPOPULATIONS//POPULATION_0023//INDIVIDUAL_J051NVWO/model.cpp:77:73: error: 'TMB' has not been declared\n   77 |     Type sst_effect = exp(-TMB::pow(sst_dat(t) - sst_opt, 2.0) / (2.0 * TMB::pow(sigma_sst, 2.0))); // Quadratic effect of SST\n      |                                                                         ^~~\nPOPULATIONS//POPULATION_0023//INDIVIDUAL_J051NVWO/model.cpp:104:18: error: 'TMB' has not been declared\n  104 |     nll -= dnorm(TMB::log(cots_dat(t)), TMB::log(cots_pred(t)), sigma_cots, true);\n      |                  ^~~\nPOPULATIONS//POPULATION_0023//INDIVIDUAL_J051NVWO/model.cpp:104:41: error: 'TMB' has not been declared\n  104 |     nll -= dnorm(TMB::log(cots_dat(t)), TMB::log(cots_pred(t)), sigma_cots, true);\n      |                                         ^~~\nPOPULATIONS//POPULATION_0023//INDIVIDUAL_J051NVWO/model.cpp:107:18: error: 'TMB' has not been declared\n  107 |     nll -= dnorm(TMB::log(slow_dat(t)), TMB::log(slow_pred(t)), sigma_slow, true);\n      |                  ^~~\nPOPULATIONS//POPULATION_0023//INDIVIDUAL_J051NVWO/model.cpp:107:41: error: 'TMB' has not been declared\n  107 |     nll -= dnorm(TMB::log(slow_dat(t)), TMB::log(slow_pred(t)), sigma_slow, true);\n      |                                         ^~~\nPOPULATIONS//POPULATION_0023//INDIVIDUAL_J051NVWO/model.cpp:110:18: error: 'TMB' has not been declared\n  110 |     nll -= dnorm(TMB::log(fast_dat(t)), TMB::log(fast_pred(t)), sigma_fast, true);\n      |                  ^~~\nPOPULATIONS//POPULATION_0023//INDIVIDUAL_J051NVWO/model.cpp:110:41: error: 'TMB' has not been declared\n  110 |     nll -= dnorm(TMB::log(fast_dat(t)), TMB::log(fast_pred(t)), sigma_fast, true);\n      |                                         ^~~\nmake: *** [C:/Users/spi085/AppData/Local/Programs/R/R-4.4.1/etc/x64/Makeconf:296: POPULATIONS//POPULATION_0023//INDIVIDUAL_J051NVWO/model.o] Error 1\nError in TMB::compile(file.path(individual_dir, model_file), flags = flags,  : \n  Compilation failed\nError: Compilation failed\nExecution halted"
    },
    "3": {
      "status": "ERROR",
      "message": "Model failed to compile.",
      "stdout": "g++ -std=gnu++17  -I\"C:/Users/spi085/AppData/Local/Programs/R/R-4.4.1/include\" -DNDEBUG -I\"C:/Users/spi085/AppData/Local/Programs/R/R-44~1.1/library/TMB/include\" -I\"C:/Users/spi085/AppData/Local/Programs/R/R-44~1.1/library/RCPPEI~1/include\"   -DTMB_EIGEN_DISABLE_WARNINGS   -DTMB_LIB_INIT=R_init_model  -DCPPAD_FRAMEWORK    -I\"C:/rtools44/x86_64-w64-mingw32.static.posix/include\"     -O2 -Wa,-mbig-obj -c POPULATIONS//POPULATION_0023//INDIVIDUAL_J051NVWO/model.cpp -o POPULATIONS//POPULATION_0023//INDIVIDUAL_J051NVWO/model.o",
      "stderr": "Loading required package: TMB\nLoading required package: jsonlite\nhere() starts at C:/Users/spi085/OneDrive - CSIRO/Documents/_Projects/SCCP-QuantModelling\nusing C++ compiler: 'G__~1.EXE (GCC) 13.2.0'\nPOPULATIONS//POPULATION_0023//INDIVIDUAL_J051NVWO/model.cpp:2:17: error: 'TMB' is not a namespace-name\n    2 | using namespace TMB;\n      |                 ^~~\nPOPULATIONS//POPULATION_0023//INDIVIDUAL_J051NVWO/model.cpp: In member function 'Type objective_function<Type>::operator()()':\nPOPULATIONS//POPULATION_0023//INDIVIDUAL_J051NVWO/model.cpp:78:28: error: 'TMB' has not been declared\n   78 |     Type sst_effect = exp(-TMB::pow(sst_dat(t) - sst_opt, 2.0) / (2.0 * TMB::pow(sigma_sst, 2.0))); // Quadratic effect of SST\n      |                            ^~~\nPOPULATIONS//POPULATION_0023//INDIVIDUAL_J051NVWO/model.cpp:78:73: error: 'TMB' has not been declared\n   78 |     Type sst_effect = exp(-TMB::pow(sst_dat(t) - sst_opt, 2.0) / (2.0 * TMB::pow(sigma_sst, 2.0))); // Quadratic effect of SST\n      |                                                                         ^~~\nPOPULATIONS//POPULATION_0023//INDIVIDUAL_J051NVWO/model.cpp:105:18: error: 'TMB' has not been declared\n  105 |     nll -= dnorm(TMB::log(cots_dat(t)), TMB::log(cots_pred(t)), sigma_cots, true);\n      |                  ^~~\nPOPULATIONS//POPULATION_0023//INDIVIDUAL_J051NVWO/model.cpp:105:41: error: 'TMB' has not been declared\n  105 |     nll -= dnorm(TMB::log(cots_dat(t)), TMB::log(cots_pred(t)), sigma_cots, true);\n      |                                         ^~~\nPOPULATIONS//POPULATION_0023//INDIVIDUAL_J051NVWO/model.cpp:108:18: error: 'TMB' has not been declared\n  108 |     nll -= dnorm(TMB::log(slow_dat(t)), TMB::log(slow_pred(t)), sigma_slow, true);\n      |                  ^~~\nPOPULATIONS//POPULATION_0023//INDIVIDUAL_J051NVWO/model.cpp:108:41: error: 'TMB' has not been declared\n  108 |     nll -= dnorm(TMB::log(slow_dat(t)), TMB::log(slow_pred(t)), sigma_slow, true);\n      |                                         ^~~\nPOPULATIONS//POPULATION_0023//INDIVIDUAL_J051NVWO/model.cpp:111:18: error: 'TMB' has not been declared\n  111 |     nll -= dnorm(TMB::log(fast_dat(t)), TMB::log(fast_pred(t)), sigma_fast, true);\n      |                  ^~~\nPOPULATIONS//POPULATION_0023//INDIVIDUAL_J051NVWO/model.cpp:111:41: error: 'TMB' has not been declared\n  111 |     nll -= dnorm(TMB::log(fast_dat(t)), TMB::log(fast_pred(t)), sigma_fast, true);\n      |                                         ^~~\nmake: *** [C:/Users/spi085/AppData/Local/Programs/R/R-4.4.1/etc/x64/Makeconf:296: POPULATIONS//POPULATION_0023//INDIVIDUAL_J051NVWO/model.o] Error 1\nError in TMB::compile(file.path(individual_dir, model_file), flags = flags,  : \n  Compilation failed\nError: Compilation failed\nExecution halted"
    },
    "4": {
      "status": "ERROR",
      "message": "Model failed to compile.",
      "stdout": "g++ -std=gnu++17  -I\"C:/Users/spi085/AppData/Local/Programs/R/R-4.4.1/include\" -DNDEBUG -I\"C:/Users/spi085/AppData/Local/Programs/R/R-44~1.1/library/TMB/include\" -I\"C:/Users/spi085/AppData/Local/Programs/R/R-44~1.1/library/RCPPEI~1/include\"   -DTMB_EIGEN_DISABLE_WARNINGS   -DTMB_LIB_INIT=R_init_model  -DCPPAD_FRAMEWORK    -I\"C:/rtools44/x86_64-w64-mingw32.static.posix/include\"     -O2 -Wa,-mbig-obj -c POPULATIONS//POPULATION_0023//INDIVIDUAL_J051NVWO/model.cpp -o POPULATIONS//POPULATION_0023//INDIVIDUAL_J051NVWO/model.o",
      "stderr": "Loading required package: TMB\nLoading required package: jsonlite\nhere() starts at C:/Users/spi085/OneDrive - CSIRO/Documents/_Projects/SCCP-QuantModelling\nusing C++ compiler: 'G__~1.EXE (GCC) 13.2.0'\nPOPULATIONS//POPULATION_0023//INDIVIDUAL_J051NVWO/model.cpp:2:17: error: 'TMB' is not a namespace-name\n    2 | using namespace TMB;\n      |                 ^~~\nPOPULATIONS//POPULATION_0023//INDIVIDUAL_J051NVWO/model.cpp: In member function 'Type objective_function<Type>::operator()()':\nPOPULATIONS//POPULATION_0023//INDIVIDUAL_J051NVWO/model.cpp:80:28: error: 'TMB' has not been declared\n   80 |     Type sst_effect = exp(-TMB::pow(sst_dat(t) - sst_opt, 2.0) / (2.0 * TMB::pow(sigma_sst, 2.0))); // Quadratic effect of SST\n      |                            ^~~\nPOPULATIONS//POPULATION_0023//INDIVIDUAL_J051NVWO/model.cpp:80:73: error: 'TMB' has not been declared\n   80 |     Type sst_effect = exp(-TMB::pow(sst_dat(t) - sst_opt, 2.0) / (2.0 * TMB::pow(sigma_sst, 2.0))); // Quadratic effect of SST\n      |                                                                         ^~~\nPOPULATIONS//POPULATION_0023//INDIVIDUAL_J051NVWO/model.cpp:84:44: error: 'TMB' has not been declared\n   84 |     Type cots_density_mortality = d_cots * TMB::pow(cots_pred(t-1), 2.0); // Density-dependent mortality\n      |                                            ^~~\nPOPULATIONS//POPULATION_0023//INDIVIDUAL_J051NVWO/model.cpp:108:18: error: 'TMB' has not been declared\n  108 |     nll -= dnorm(TMB::log(cots_dat(t)), TMB::log(cots_pred(t)), sigma_cots, true);\n      |                  ^~~\nPOPULATIONS//POPULATION_0023//INDIVIDUAL_J051NVWO/model.cpp:108:41: error: 'TMB' has not been declared\n  108 |     nll -= dnorm(TMB::log(cots_dat(t)), TMB::log(cots_pred(t)), sigma_cots, true);\n      |                                         ^~~\nPOPULATIONS//POPULATION_0023//INDIVIDUAL_J051NVWO/model.cpp:111:18: error: 'TMB' has not been declared\n  111 |     nll -= dnorm(TMB::log(slow_dat(t)), TMB::log(slow_pred(t)), sigma_slow, true);\n      |                  ^~~\nPOPULATIONS//POPULATION_0023//INDIVIDUAL_J051NVWO/model.cpp:111:41: error: 'TMB' has not been declared\n  111 |     nll -= dnorm(TMB::log(slow_dat(t)), TMB::log(slow_pred(t)), sigma_slow, true);\n      |                                         ^~~\nPOPULATIONS//POPULATION_0023//INDIVIDUAL_J051NVWO/model.cpp:114:18: error: 'TMB' has not been declared\n  114 |     nll -= dnorm(TMB::log(fast_dat(t)), TMB::log(fast_pred(t)), sigma_fast, true);\n      |                  ^~~\nPOPULATIONS//POPULATION_0023//INDIVIDUAL_J051NVWO/model.cpp:114:41: error: 'TMB' has not been declared\n  114 |     nll -= dnorm(TMB::log(fast_dat(t)), TMB::log(fast_pred(t)), sigma_fast, true);\n      |                                         ^~~\nmake: *** [C:/Users/spi085/AppData/Local/Programs/R/R-4.4.1/etc/x64/Makeconf:296: POPULATIONS//POPULATION_0023//INDIVIDUAL_J051NVWO/model.o] Error 1\nError in TMB::compile(file.path(individual_dir, model_file), flags = flags,  : \n  Compilation failed\nError: Compilation failed\nExecution halted"
    },
    "5": {
      "status": "ERROR",
      "message": "Model failed to compile.",
      "stdout": "g++ -std=gnu++17  -I\"C:/Users/spi085/AppData/Local/Programs/R/R-4.4.1/include\" -DNDEBUG -I\"C:/Users/spi085/AppData/Local/Programs/R/R-44~1.1/library/TMB/include\" -I\"C:/Users/spi085/AppData/Local/Programs/R/R-44~1.1/library/RCPPEI~1/include\"   -DTMB_EIGEN_DISABLE_WARNINGS   -DTMB_LIB_INIT=R_init_model  -DCPPAD_FRAMEWORK    -I\"C:/rtools44/x86_64-w64-mingw32.static.posix/include\"     -O2 -Wa,-mbig-obj -c POPULATIONS//POPULATION_0023//INDIVIDUAL_J051NVWO/model.cpp -o POPULATIONS//POPULATION_0023//INDIVIDUAL_J051NVWO/model.o",
      "stderr": "Loading required package: TMB\nLoading required package: jsonlite\nhere() starts at C:/Users/spi085/OneDrive - CSIRO/Documents/_Projects/SCCP-QuantModelling\nusing C++ compiler: 'G__~1.EXE (GCC) 13.2.0'\nPOPULATIONS//POPULATION_0023//INDIVIDUAL_J051NVWO/model.cpp: In member function 'Type objective_function<Type>::operator()()':\nPOPULATIONS//POPULATION_0023//INDIVIDUAL_J051NVWO/model.cpp:79:28: error: 'TMB' has not been declared\n   79 |     Type sst_effect = exp(-TMB::pow(sst_dat(t) - sst_opt, 2.0) / (2.0 * TMB::pow(sigma_sst, 2.0))); // Quadratic effect of SST\n      |                            ^~~\nPOPULATIONS//POPULATION_0023//INDIVIDUAL_J051NVWO/model.cpp:79:73: error: 'TMB' has not been declared\n   79 |     Type sst_effect = exp(-TMB::pow(sst_dat(t) - sst_opt, 2.0) / (2.0 * TMB::pow(sigma_sst, 2.0))); // Quadratic effect of SST\n      |                                                                         ^~~\nPOPULATIONS//POPULATION_0023//INDIVIDUAL_J051NVWO/model.cpp:83:44: error: 'TMB' has not been declared\n   83 |     Type cots_density_mortality = d_cots * TMB::pow(cots_pred(t-1), 2.0); // Density-dependent mortality\n      |                                            ^~~\nPOPULATIONS//POPULATION_0023//INDIVIDUAL_J051NVWO/model.cpp:107:12: error: 'TMB' has not been declared\n  107 |     nll -= TMB::dnorm(TMB::log(cots_dat(t)), TMB::log(cots_pred(t)), sigma_cots, true);\n      |            ^~~\nPOPULATIONS//POPULATION_0023//INDIVIDUAL_J051NVWO/model.cpp:107:23: error: 'TMB' has not been declared\n  107 |     nll -= TMB::dnorm(TMB::log(cots_dat(t)), TMB::log(cots_pred(t)), sigma_cots, true);\n      |                       ^~~\nPOPULATIONS//POPULATION_0023//INDIVIDUAL_J051NVWO/model.cpp:107:46: error: 'TMB' has not been declared\n  107 |     nll -= TMB::dnorm(TMB::log(cots_dat(t)), TMB::log(cots_pred(t)), sigma_cots, true);\n      |                                              ^~~\nPOPULATIONS//POPULATION_0023//INDIVIDUAL_J051NVWO/model.cpp:110:12: error: 'TMB' has not been declared\n  110 |     nll -= TMB::dnorm(TMB::log(slow_dat(t)), TMB::log(slow_pred(t)), sigma_slow, true);\n      |            ^~~\nPOPULATIONS//POPULATION_0023//INDIVIDUAL_J051NVWO/model.cpp:110:23: error: 'TMB' has not been declared\n  110 |     nll -= TMB::dnorm(TMB::log(slow_dat(t)), TMB::log(slow_pred(t)), sigma_slow, true);\n      |                       ^~~\nPOPULATIONS//POPULATION_0023//INDIVIDUAL_J051NVWO/model.cpp:110:46: error: 'TMB' has not been declared\n  110 |     nll -= TMB::dnorm(TMB::log(slow_dat(t)), TMB::log(slow_pred(t)), sigma_slow, true);\n      |                                              ^~~\nPOPULATIONS//POPULATION_0023//INDIVIDUAL_J051NVWO/model.cpp:113:12: error: 'TMB' has not been declared\n  113 |     nll -= TMB::dnorm(TMB::log(fast_dat(t)), TMB::log(fast_pred(t)), sigma_fast, true);\n      |            ^~~\nPOPULATIONS//POPULATION_0023//INDIVIDUAL_J051NVWO/model.cpp:113:23: error: 'TMB' has not been declared\n  113 |     nll -= TMB::dnorm(TMB::log(fast_dat(t)), TMB::log(fast_pred(t)), sigma_fast, true);\n      |                       ^~~\nPOPULATIONS//POPULATION_0023//INDIVIDUAL_J051NVWO/model.cpp:113:46: error: 'TMB' has not been declared\n  113 |     nll -= TMB::dnorm(TMB::log(fast_dat(t)), TMB::log(fast_pred(t)), sigma_fast, true);\n      |                                              ^~~\nmake: *** [C:/Users/spi085/AppData/Local/Programs/R/R-4.4.1/etc/x64/Makeconf:296: POPULATIONS//POPULATION_0023//INDIVIDUAL_J051NVWO/model.o] Error 1\nError in TMB::compile(file.path(individual_dir, model_file), flags = flags,  : \n  Compilation failed\nError: Compilation failed\nExecution halted"
    },
    "6": {
      "status": "ERROR",
      "message": "Model failed to compile.",
      "stdout": "g++ -std=gnu++17  -I\"C:/Users/spi085/AppData/Local/Programs/R/R-4.4.1/include\" -DNDEBUG -I\"C:/Users/spi085/AppData/Local/Programs/R/R-44~1.1/library/TMB/include\" -I\"C:/Users/spi085/AppData/Local/Programs/R/R-44~1.1/library/RCPPEI~1/include\"   -DTMB_EIGEN_DISABLE_WARNINGS   -DTMB_LIB_INIT=R_init_model  -DCPPAD_FRAMEWORK    -I\"C:/rtools44/x86_64-w64-mingw32.static.posix/include\"     -O2 -Wa,-mbig-obj -c POPULATIONS//POPULATION_0023//INDIVIDUAL_J051NVWO/model.cpp -o POPULATIONS//POPULATION_0023//INDIVIDUAL_J051NVWO/model.o",
      "stderr": "Loading required package: TMB\nLoading required package: jsonlite\nhere() starts at C:/Users/spi085/OneDrive - CSIRO/Documents/_Projects/SCCP-QuantModelling\nusing C++ compiler: 'G__~1.EXE (GCC) 13.2.0'\nPOPULATIONS//POPULATION_0023//INDIVIDUAL_J051NVWO/model.cpp: In member function 'Type objective_function<Type>::operator()()':\nPOPULATIONS//POPULATION_0023//INDIVIDUAL_J051NVWO/model.cpp:79:28: error: 'TMB' has not been declared\n   79 |     Type sst_effect = exp(-TMB::pow(sst_dat(t) - sst_opt, 2.0) / (2.0 * TMB::pow(sigma_sst, 2.0))); // Quadratic effect of SST\n      |                            ^~~\nPOPULATIONS//POPULATION_0023//INDIVIDUAL_J051NVWO/model.cpp:79:73: error: 'TMB' has not been declared\n   79 |     Type sst_effect = exp(-TMB::pow(sst_dat(t) - sst_opt, 2.0) / (2.0 * TMB::pow(sigma_sst, 2.0))); // Quadratic effect of SST\n      |                                                                         ^~~\nPOPULATIONS//POPULATION_0023//INDIVIDUAL_J051NVWO/model.cpp:83:44: error: 'TMB' has not been declared\n   83 |     Type cots_density_mortality = d_cots * TMB::pow(cots_pred(t-1), 2.0); // Density-dependent mortality\n      |                                            ^~~\nPOPULATIONS//POPULATION_0023//INDIVIDUAL_J051NVWO/model.cpp:107:12: error: 'TMB' has not been declared\n  107 |     nll -= TMB::dnorm(TMB::log(cots_dat(t)), TMB::log(cots_pred(t)), sigma_cots, true);\n      |            ^~~\nPOPULATIONS//POPULATION_0023//INDIVIDUAL_J051NVWO/model.cpp:107:23: error: 'TMB' has not been declared\n  107 |     nll -= TMB::dnorm(TMB::log(cots_dat(t)), TMB::log(cots_pred(t)), sigma_cots, true);\n      |                       ^~~\nPOPULATIONS//POPULATION_0023//INDIVIDUAL_J051NVWO/model.cpp:107:46: error: 'TMB' has not been declared\n  107 |     nll -= TMB::dnorm(TMB::log(cots_dat(t)), TMB::log(cots_pred(t)), sigma_cots, true);\n      |                                              ^~~\nPOPULATIONS//POPULATION_0023//INDIVIDUAL_J051NVWO/model.cpp:110:12: error: 'TMB' has not been declared\n  110 |     nll -= TMB::dnorm(TMB::log(slow_dat(t)), TMB::log(slow_pred(t)), sigma_slow, true);\n      |            ^~~\nPOPULATIONS//POPULATION_0023//INDIVIDUAL_J051NVWO/model.cpp:110:23: error: 'TMB' has not been declared\n  110 |     nll -= TMB::dnorm(TMB::log(slow_dat(t)), TMB::log(slow_pred(t)), sigma_slow, true);\n      |                       ^~~\nPOPULATIONS//POPULATION_0023//INDIVIDUAL_J051NVWO/model.cpp:110:46: error: 'TMB' has not been declared\n  110 |     nll -= TMB::dnorm(TMB::log(slow_dat(t)), TMB::log(slow_pred(t)), sigma_slow, true);\n      |                                              ^~~\nPOPULATIONS//POPULATION_0023//INDIVIDUAL_J051NVWO/model.cpp:113:12: error: 'TMB' has not been declared\n  113 |     nll -= TMB::dnorm(TMB::log(fast_dat(t)), TMB::log(fast_pred(t)), sigma_fast, true);\n      |            ^~~\nPOPULATIONS//POPULATION_0023//INDIVIDUAL_J051NVWO/model.cpp:113:23: error: 'TMB' has not been declared\n  113 |     nll -= TMB::dnorm(TMB::log(fast_dat(t)), TMB::log(fast_pred(t)), sigma_fast, true);\n      |                       ^~~\nPOPULATIONS//POPULATION_0023//INDIVIDUAL_J051NVWO/model.cpp:113:46: error: 'TMB' has not been declared\n  113 |     nll -= TMB::dnorm(TMB::log(fast_dat(t)), TMB::log(fast_pred(t)), sigma_fast, true);\n      |                                              ^~~\nmake: *** [C:/Users/spi085/AppData/Local/Programs/R/R-4.4.1/etc/x64/Makeconf:296: POPULATIONS//POPULATION_0023//INDIVIDUAL_J051NVWO/model.o] Error 1\nError in TMB::compile(file.path(individual_dir, model_file), flags = flags,  : \n  Compilation failed\nError: Compilation failed\nExecution halted"
    },
    "7": {
      "status": "BROKEN"
    }
  }
}