{
  "iterations": {
    "1": {
      "status": "ERROR",
      "message": "Model failed to compile.",
      "stdout": "g++ -std=gnu++17 -I\"/usr/share/R/include\" -DNDEBUG -I\"/home/spi085/R/x86_64-pc-linux-gnu-library/4.4/TMB/include\" -I\"/home/spi085/R/x86_64-pc-linux-gnu-library/4.4/RcppEigen/include\"   -DTMB_EIGEN_DISABLE_WARNINGS   -DTMB_LIB_INIT=R_init_model  -DCPPAD_FRAMEWORK      -fpic  -O2  -c POPULATIONS/POPULATION_0008/INDIVIDUAL_V9UP5HIR/model.cpp -o POPULATIONS/POPULATION_0008/INDIVIDUAL_V9UP5HIR/model.o",
      "stderr": "Loading required package: TMB\nLoading required package: jsonlite\nhere() starts at /home/spi085/Documents/_Projects/SCCP-QuantModelling\nusing C++ compiler: \u2018g++ (Ubuntu 13.3.0-6ubuntu2~24.04) 13.3.0\u2019\nIn file included from /home/spi085/R/x86_64-pc-linux-gnu-library/4.4/TMB/include/TMB.hpp:228,\n                 from POPULATIONS/POPULATION_0008/INDIVIDUAL_V9UP5HIR/model.cpp:1:\n/home/spi085/R/x86_64-pc-linux-gnu-library/4.4/TMB/include/tmb_core.hpp:237:8: error: \u2018Type\u2019 was not declared in this scope; did you mean \u2018Eigen::Architecture::Type\u2019?\n  237 | vector<Type> name;                                                      \\\n      |        ^~~~\nPOPULATIONS/POPULATION_0008/INDIVIDUAL_V9UP5HIR/model.cpp:9:1: note: in expansion of macro \u2018DATA_VECTOR\u2019\n    9 | DATA_VECTOR(cots_dat);\n      | ^~~~~~~~~~~\nIn file included from /home/spi085/R/x86_64-pc-linux-gnu-library/4.4/RcppEigen/include/Eigen/Core:161,\n                 from /home/spi085/R/x86_64-pc-linux-gnu-library/4.4/RcppEigen/include/Eigen/Dense:1,\n                 from /home/spi085/R/x86_64-pc-linux-gnu-library/4.4/TMB/include/TMB.hpp:92:\n/home/spi085/R/x86_64-pc-linux-gnu-library/4.4/RcppEigen/include/Eigen/src/Core/util/Constants.h:471:8: note: \u2018Eigen::Architecture::Type\u2019 declared here\n  471 |   enum Type {\n      |        ^~~~\n/home/spi085/R/x86_64-pc-linux-gnu-library/4.4/TMB/include/tmb_core.hpp:237:12: error: template argument 1 is invalid\n  237 | vector<Type> name;                                                      \\\n      |            ^\nPOPULATIONS/POPULATION_0008/INDIVIDUAL_V9UP5HIR/model.cpp:9:1: note: in expansion of macro \u2018DATA_VECTOR\u2019\n    9 | DATA_VECTOR(cots_dat);\n      | ^~~~~~~~~~~\n/home/spi085/R/x86_64-pc-linux-gnu-library/4.4/TMB/include/tmb_core.hpp:238:1: error: expected unqualified-id before \u2018if\u2019\n  238 | if (!Rf_isNull(getListElement(TMB_OBJECTIVE_PTR -> parameters,#name))){ \\\n      | ^~\nPOPULATIONS/POPULATION_0008/INDIVIDUAL_V9UP5HIR/model.cpp:9:1: note: in expansion of macro \u2018DATA_VECTOR\u2019\n    9 | DATA_VECTOR(cots_dat);\n      | ^~~~~~~~~~~\n/home/spi085/R/x86_64-pc-linux-gnu-library/4.4/TMB/include/tmb_core.hpp:241:3: error: expected unqualified-id before \u2018else\u2019\n  241 | } else {                                                                \\\n      |   ^~~~\nPOPULATIONS/POPULATION_0008/INDIVIDUAL_V9UP5HIR/model.cpp:9:1: note: in expansion of macro \u2018DATA_VECTOR\u2019\n    9 | DATA_VECTOR(cots_dat);\n      | ^~~~~~~~~~~\n/home/spi085/R/x86_64-pc-linux-gnu-library/4.4/TMB/include/tmb_core.hpp:237:8: error: \u2018Type\u2019 was not declared in this scope; did you mean \u2018Eigen::Architecture::Type\u2019?\n  237 | vector<Type> name;                                                      \\\n      |        ^~~~\nPOPULATIONS/POPULATION_0008/INDIVIDUAL_V9UP5HIR/model.cpp:10:1: note: in expansion of macro \u2018DATA_VECTOR\u2019\n   10 | DATA_VECTOR(fast_dat);\n      | ^~~~~~~~~~~\n/home/spi085/R/x86_64-pc-linux-gnu-library/4.4/RcppEigen/include/Eigen/src/Core/util/Constants.h:471:8: note: \u2018Eigen::Architecture::Type\u2019 declared here\n  471 |   enum Type {\n      |        ^~~~\n/home/spi085/R/x86_64-pc-linux-gnu-library/4.4/TMB/include/tmb_core.hpp:237:12: error: template argument 1 is invalid\n  237 | vector<Type> name;                                                      \\\n      |            ^\nPOPULATIONS/POPULATION_0008/INDIVIDUAL_V9UP5HIR/model.cpp:10:1: note: in expansion of macro \u2018DATA_VECTOR\u2019\n   10 | DATA_VECTOR(fast_dat);\n      | ^~~~~~~~~~~\n/home/spi085/R/x86_64-pc-linux-gnu-library/4.4/TMB/include/tmb_core.hpp:238:1: error: expected unqualified-id before \u2018if\u2019\n  238 | if (!Rf_isNull(getListElement(TMB_OBJECTIVE_PTR -> parameters,#name))){ \\\n      | ^~\nPOPULATIONS/POPULATION_0008/INDIVIDUAL_V9UP5HIR/model.cpp:10:1: note: in expansion of macro \u2018DATA_VECTOR\u2019\n   10 | DATA_VECTOR(fast_dat);\n      | ^~~~~~~~~~~\n/home/spi085/R/x86_64-pc-linux-gnu-library/4.4/TMB/include/tmb_core.hpp:241:3: error: expected unqualified-id before \u2018else\u2019\n  241 | } else {                                                                \\\n      |   ^~~~\nPOPULATIONS/POPULATION_0008/INDIVIDUAL_V9UP5HIR/model.cpp:10:1: note: in expansion of macro \u2018DATA_VECTOR\u2019\n   10 | DATA_VECTOR(fast_dat);\n      | ^~~~~~~~~~~\n/home/spi085/R/x86_64-pc-linux-gnu-library/4.4/TMB/include/tmb_core.hpp:237:8: error: \u2018Type\u2019 was not declared in this scope; did you mean \u2018Eigen::Architecture::Type\u2019?\n  237 | vector<Type> name;                                                      \\\n      |        ^~~~\nPOPULATIONS/POPULATION_0008/INDIVIDUAL_V9UP5HIR/model.cpp:11:1: note: in expansion of macro \u2018DATA_VECTOR\u2019\n   11 | DATA_VECTOR(slow_dat);\n      | ^~~~~~~~~~~\n/home/spi085/R/x86_64-pc-linux-gnu-library/4.4/RcppEigen/include/Eigen/src/Core/util/Constants.h:471:8: note: \u2018Eigen::Architecture::Type\u2019 declared here\n  471 |   enum Type {\n      |        ^~~~\n/home/spi085/R/x86_64-pc-linux-gnu-library/4.4/TMB/include/tmb_core.hpp:237:12: error: template argument 1 is invalid\n  237 | vector<Type> name;                                                      \\\n      |            ^\nPOPULATIONS/POPULATION_0008/INDIVIDUAL_V9UP5HIR/model.cpp:11:1: note: in expansion of macro \u2018DATA_VECTOR\u2019\n   11 | DATA_VECTOR(slow_dat);\n      | ^~~~~~~~~~~\n/home/spi085/R/x86_64-pc-linux-gnu-library/4.4/TMB/include/tmb_core.hpp:238:1: error: expected unqualified-id before \u2018if\u2019\n  238 | if (!Rf_isNull(getListElement(TMB_OBJECTIVE_PTR -> parameters,#name))){ \\\n      | ^~\nPOPULATIONS/POPULATION_0008/INDIVIDUAL_V9UP5HIR/model.cpp:11:1: note: in expansion of macro \u2018DATA_VECTOR\u2019\n   11 | DATA_VECTOR(slow_dat);\n      | ^~~~~~~~~~~\n/home/spi085/R/x86_64-pc-linux-gnu-library/4.4/TMB/include/tmb_core.hpp:241:3: error: expected unqualified-id before \u2018else\u2019\n  241 | } else {                                                                \\\n      |   ^~~~\nPOPULATIONS/POPULATION_0008/INDIVIDUAL_V9UP5HIR/model.cpp:11:1: note: in expansion of macro \u2018DATA_VECTOR\u2019\n   11 | DATA_VECTOR(slow_dat);\n      | ^~~~~~~~~~~\n/home/spi085/R/x86_64-pc-linux-gnu-library/4.4/TMB/include/tmb_core.hpp:237:8: error: \u2018Type\u2019 was not declared in this scope; did you mean \u2018Eigen::Architecture::Type\u2019?\n  237 | vector<Type> name;                                                      \\\n      |        ^~~~\nPOPULATIONS/POPULATION_0008/INDIVIDUAL_V9UP5HIR/model.cpp:12:1: note: in expansion of macro \u2018DATA_VECTOR\u2019\n   12 | DATA_VECTOR(sst_dat);\n      | ^~~~~~~~~~~\n/home/spi085/R/x86_64-pc-linux-gnu-library/4.4/RcppEigen/include/Eigen/src/Core/util/Constants.h:471:8: note: \u2018Eigen::Architecture::Type\u2019 declared here\n  471 |   enum Type {\n      |        ^~~~\n/home/spi085/R/x86_64-pc-linux-gnu-library/4.4/TMB/include/tmb_core.hpp:237:12: error: template argument 1 is invalid\n  237 | vector<Type> name;                                                      \\\n      |            ^\nPOPULATIONS/POPULATION_0008/INDIVIDUAL_V9UP5HIR/model.cpp:12:1: note: in expansion of macro \u2018DATA_VECTOR\u2019\n   12 | DATA_VECTOR(sst_dat);\n      | ^~~~~~~~~~~\n/home/spi085/R/x86_64-pc-linux-gnu-library/4.4/TMB/include/tmb_core.hpp:238:1: error: expected unqualified-id before \u2018if\u2019\n  238 | if (!Rf_isNull(getListElement(TMB_OBJECTIVE_PTR -> parameters,#name))){ \\\n      | ^~\nPOPULATIONS/POPULATION_0008/INDIVIDUAL_V9UP5HIR/model.cpp:12:1: note: in expansion of macro \u2018DATA_VECTOR\u2019\n   12 | DATA_VECTOR(sst_dat);\n      | ^~~~~~~~~~~\n/home/spi085/R/x86_64-pc-linux-gnu-library/4.4/TMB/include/tmb_core.hpp:241:3: error: expected unqualified-id before \u2018else\u2019\n  241 | } else {                                                                \\\n      |   ^~~~\nPOPULATIONS/POPULATION_0008/INDIVIDUAL_V9UP5HIR/model.cpp:12:1: note: in expansion of macro \u2018DATA_VECTOR\u2019\n   12 | DATA_VECTOR(sst_dat);\n      | ^~~~~~~~~~~\n/home/spi085/R/x86_64-pc-linux-gnu-library/4.4/TMB/include/tmb_core.hpp:237:8: error: \u2018Type\u2019 was not declared in this scope; did you mean \u2018Eigen::Architecture::Type\u2019?\n  237 | vector<Type> name;                                                      \\\n      |        ^~~~\nPOPULATIONS/POPULATION_0008/INDIVIDUAL_V9UP5HIR/model.cpp:13:1: note: in expansion of macro \u2018DATA_VECTOR\u2019\n   13 | DATA_VECTOR(cotsimm_dat);\n      | ^~~~~~~~~~~\n/home/spi085/R/x86_64-pc-linux-gnu-library/4.4/RcppEigen/include/Eigen/src/Core/util/Constants.h:471:8: note: \u2018Eigen::Architecture::Type\u2019 declared here\n  471 |   enum Type {\n      |        ^~~~\n/home/spi085/R/x86_64-pc-linux-gnu-library/4.4/TMB/include/tmb_core.hpp:237:12: error: template argument 1 is invalid\n  237 | vector<Type> name;                                                      \\\n      |            ^\nPOPULATIONS/POPULATION_0008/INDIVIDUAL_V9UP5HIR/model.cpp:13:1: note: in expansion of macro \u2018DATA_VECTOR\u2019\n   13 | DATA_VECTOR(cotsimm_dat);\n      | ^~~~~~~~~~~\n/home/spi085/R/x86_64-pc-linux-gnu-library/4.4/TMB/include/tmb_core.hpp:238:1: error: expected unqualified-id before \u2018if\u2019\n  238 | if (!Rf_isNull(getListElement(TMB_OBJECTIVE_PTR -> parameters,#name))){ \\\n      | ^~\nPOPULATIONS/POPULATION_0008/INDIVIDUAL_V9UP5HIR/model.cpp:13:1: note: in expansion of macro \u2018DATA_VECTOR\u2019\n   13 | DATA_VECTOR(cotsimm_dat);\n      | ^~~~~~~~~~~\n/home/spi085/R/x86_64-pc-linux-gnu-library/4.4/TMB/include/tmb_core.hpp:241:3: error: expected unqualified-id before \u2018else\u2019\n  241 | } else {                                                                \\\n      |   ^~~~\nPOPULATIONS/POPULATION_0008/INDIVIDUAL_V9UP5HIR/model.cpp:13:1: note: in expansion of macro \u2018DATA_VECTOR\u2019\n   13 | DATA_VECTOR(cotsimm_dat);\n      | ^~~~~~~~~~~\n/home/spi085/R/x86_64-pc-linux-gnu-library/4.4/TMB/include/tmb_core.hpp:228:1: error: \u2018Type\u2019 does not name a type; did you mean \u2018typeof\u2019?\n  228 | Type name(TMB_OBJECTIVE_PTR -> fillShape(                               \\\n      | ^~~~\nPOPULATIONS/POPULATION_0008/INDIVIDUAL_V9UP5HIR/model.cpp:25:1: note: in expansion of macro \u2018PARAMETER\u2019\n   25 | PARAMETER(r_cots);\n      | ^~~~~~~~~\n/home/spi085/R/x86_64-pc-linux-gnu-library/4.4/TMB/include/tmb_core.hpp:228:1: error: \u2018Type\u2019 does not name a type; did you mean \u2018typeof\u2019?\n  228 | Type name(TMB_OBJECTIVE_PTR -> fillShape(                               \\\n      | ^~~~\nPOPULATIONS/POPULATION_0008/INDIVIDUAL_V9UP5HIR/model.cpp:26:1: note: in expansion of macro \u2018PARAMETER\u2019\n   26 | PARAMETER(K_cots);\n      | ^~~~~~~~~\n/home/spi085/R/x86_64-pc-linux-gnu-library/4.4/TMB/include/tmb_core.hpp:228:1: error: \u2018Type\u2019 does not name a type; did you mean \u2018typeof\u2019?\n  228 | Type name(TMB_OBJECTIVE_PTR -> fillShape(                               \\\n      | ^~~~\nPOPULATIONS/POPULATION_0008/INDIVIDUAL_V9UP5HIR/model.cpp:27:1: note: in expansion of macro \u2018PARAMETER\u2019\n   27 | PARAMETER(alpha_fast);\n      | ^~~~~~~~~\n/home/spi085/R/x86_64-pc-linux-gnu-library/4.4/TMB/include/tmb_core.hpp:228:1: error: \u2018Type\u2019 does not name a type; did you mean \u2018typeof\u2019?\n  228 | Type name(TMB_OBJECTIVE_PTR -> fillShape(                               \\\n      | ^~~~\nPOPULATIONS/POPULATION_0008/INDIVIDUAL_V9UP5HIR/model.cpp:28:1: note: in expansion of macro \u2018PARAMETER\u2019\n   28 | PARAMETER(alpha_slow);\n      | ^~~~~~~~~\n/home/spi085/R/x86_64-pc-linux-gnu-library/4.4/TMB/include/tmb_core.hpp:228:1: error: \u2018Type\u2019 does not name a type; did you mean \u2018typeof\u2019?\n  228 | Type name(TMB_OBJECTIVE_PTR -> fillShape(                               \\\n      | ^~~~\nPOPULATIONS/POPULATION_0008/INDIVIDUAL_V9UP5HIR/model.cpp:29:1: note: in expansion of macro \u2018PARAMETER\u2019\n   29 | PARAMETER(r_fast);\n      | ^~~~~~~~~\n/home/spi085/R/x86_64-pc-linux-gnu-library/4.4/TMB/include/tmb_core.hpp:228:1: error: \u2018Type\u2019 does not name a type; did you mean \u2018typeof\u2019?\n  228 | Type name(TMB_OBJECTIVE_PTR -> fillShape(                               \\\n      | ^~~~\nPOPULATIONS/POPULATION_0008/INDIVIDUAL_V9UP5HIR/model.cpp:30:1: note: in expansion of macro \u2018PARAMETER\u2019\n   30 | PARAMETER(r_slow);\n      | ^~~~~~~~~\n/home/spi085/R/x86_64-pc-linux-gnu-library/4.4/TMB/include/tmb_core.hpp:228:1: error: \u2018Type\u2019 does not name a type; did you mean \u2018typeof\u2019?\n  228 | Type name(TMB_OBJECTIVE_PTR -> fillShape(                               \\\n      | ^~~~\nPOPULATIONS/POPULATION_0008/INDIVIDUAL_V9UP5HIR/model.cpp:31:1: note: in expansion of macro \u2018PARAMETER\u2019\n   31 | PARAMETER(sigma_cots);\n      | ^~~~~~~~~\n/home/spi085/R/x86_64-pc-linux-gnu-library/4.4/TMB/include/tmb_core.hpp:228:1: error: \u2018Type\u2019 does not name a type; did you mean \u2018typeof\u2019?\n  228 | Type name(TMB_OBJECTIVE_PTR -> fillShape(                               \\\n      | ^~~~\nPOPULATIONS/POPULATION_0008/INDIVIDUAL_V9UP5HIR/model.cpp:32:1: note: in expansion of macro \u2018PARAMETER\u2019\n   32 | PARAMETER(sigma_fast);\n      | ^~~~~~~~~\n/home/spi085/R/x86_64-pc-linux-gnu-library/4.4/TMB/include/tmb_core.hpp:228:1: error: \u2018Type\u2019 does not name a type; did you mean \u2018typeof\u2019?\n  228 | Type name(TMB_OBJECTIVE_PTR -> fillShape(                               \\\n      | ^~~~\nPOPULATIONS/POPULATION_0008/INDIVIDUAL_V9UP5HIR/model.cpp:33:1: note: in expansion of macro \u2018PARAMETER\u2019\n   33 | PARAMETER(sigma_slow);\n      | ^~~~~~~~~\nPOPULATIONS/POPULATION_0008/INDIVIDUAL_V9UP5HIR/model.cpp:36:18: error: request for member \u2018size\u2019 in \u2018cots_dat\u2019, which is of non-class type \u2018int\u2019\n   36 | int n = cots_dat.size();\n      |                  ^~~~\nPOPULATIONS/POPULATION_0008/INDIVIDUAL_V9UP5HIR/model.cpp:39:8: error: \u2018Type\u2019 was not declared in this scope; did you mean \u2018Eigen::Architecture::Type\u2019?\n   39 | vector<Type> cots_pred(n);   // Predicted COTS abundance\n      |        ^~~~\n      |        Eigen::Architecture::Type\n/home/spi085/R/x86_64-pc-linux-gnu-library/4.4/RcppEigen/include/Eigen/src/Core/util/Constants.h:471:8: note: \u2018Eigen::Architecture::Type\u2019 declared here\n  471 |   enum Type {\n      |        ^~~~\nPOPULATIONS/POPULATION_0008/INDIVIDUAL_V9UP5HIR/model.cpp:39:12: error: template argument 1 is invalid\n   39 | vector<Type> cots_pred(n);   // Predicted COTS abundance\n      |            ^\nPOPULATIONS/POPULATION_0008/INDIVIDUAL_V9UP5HIR/model.cpp:40:8: error: \u2018Type\u2019 was not declared in this scope; did you mean \u2018Eigen::Architecture::Type\u2019?\n   40 | vector<Type> fast_pred(n);   // Predicted fast-growing coral cover\n      |        ^~~~\n      |        Eigen::Architecture::Type\n/home/spi085/R/x86_64-pc-linux-gnu-library/4.4/RcppEigen/include/Eigen/src/Core/util/Constants.h:471:8: note: \u2018Eigen::Architecture::Type\u2019 declared here\n  471 |   enum Type {\n      |        ^~~~\nPOPULATIONS/POPULATION_0008/INDIVIDUAL_V9UP5HIR/model.cpp:40:12: error: template argument 1 is invalid\n   40 | vector<Type> fast_pred(n);   // Predicted fast-growing coral cover\n      |            ^\nPOPULATIONS/POPULATION_0008/INDIVIDUAL_V9UP5HIR/model.cpp:41:8: error: \u2018Type\u2019 was not declared in this scope; did you mean \u2018Eigen::Architecture::Type\u2019?\n   41 | vector<Type> slow_pred(n);   // Predicted slow-growing coral cover\n      |        ^~~~\n      |        Eigen::Architecture::Type\n/home/spi085/R/x86_64-pc-linux-gnu-library/4.4/RcppEigen/include/Eigen/src/Core/util/Constants.h:471:8: note: \u2018Eigen::Architecture::Type\u2019 declared here\n  471 |   enum Type {\n      |        ^~~~\nPOPULATIONS/POPULATION_0008/INDIVIDUAL_V9UP5HIR/model.cpp:41:12: error: template argument 1 is invalid\n   41 | vector<Type> slow_pred(n);   // Predicted slow-growing coral cover\n      |            ^\nPOPULATIONS/POPULATION_0008/INDIVIDUAL_V9UP5HIR/model.cpp:44:1: error: \u2018Type\u2019 does not name a type; did you mean \u2018typeof\u2019?\n   44 | Type nll = 0.0;\n      | ^~~~\n      | typeof\nPOPULATIONS/POPULATION_0008/INDIVIDUAL_V9UP5HIR/model.cpp:47:10: error: expected constructor, destructor, or type conversion before \u2018(\u2019 token\n   47 | cots_pred(0) = cots_dat(0) + Type(1e-8);\n      |          ^\nPOPULATIONS/POPULATION_0008/INDIVIDUAL_V9UP5HIR/model.cpp:48:10: error: expected constructor, destructor, or type conversion before \u2018(\u2019 token\n   48 | fast_pred(0) = fast_dat(0) + Type(1e-8);\n      |          ^\nPOPULATIONS/POPULATION_0008/INDIVIDUAL_V9UP5HIR/model.cpp:49:10: error: expected constructor, destructor, or type conversion before \u2018(\u2019 token\n   49 | slow_pred(0) = slow_dat(0) + Type(1e-8);\n      |          ^\nPOPULATIONS/POPULATION_0008/INDIVIDUAL_V9UP5HIR/model.cpp:61:1: error: expected unqualified-id before \u2018for\u2019\n   61 | for(int t = 1; t < n; t++){\n      | ^~~\nPOPULATIONS/POPULATION_0008/INDIVIDUAL_V9UP5HIR/model.cpp:61:16: error: \u2018t\u2019 does not name a type; did you mean \u2018tm\u2019?\n   61 | for(int t = 1; t < n; t++){\n      |                ^\n      |                tm\nPOPULATIONS/POPULATION_0008/INDIVIDUAL_V9UP5HIR/model.cpp:61:23: error: \u2018t\u2019 does not name a type; did you mean \u2018tm\u2019?\n   61 | for(int t = 1; t < n; t++){\n      |                       ^\n      |                       tm\n/home/spi085/R/x86_64-pc-linux-gnu-library/4.4/TMB/include/tmb_core.hpp:316:1: error: expected unqualified-id before \u2018if\u2019\n  316 | if( isDouble<Type>::value &&                                            \\\n      | ^~\nPOPULATIONS/POPULATION_0008/INDIVIDUAL_V9UP5HIR/model.cpp:88:1: note: in expansion of macro \u2018REPORT\u2019\n   88 | REPORT(cots_pred);\n      | ^~~~~~\n/home/spi085/R/x86_64-pc-linux-gnu-library/4.4/TMB/include/tmb_core.hpp:316:1: error: expected unqualified-id before \u2018if\u2019\n  316 | if( isDouble<Type>::value &&                                            \\\n      | ^~\nPOPULATIONS/POPULATION_0008/INDIVIDUAL_V9UP5HIR/model.cpp:89:1: note: in expansion of macro \u2018REPORT\u2019\n   89 | REPORT(fast_pred);\n      | ^~~~~~\n/home/spi085/R/x86_64-pc-linux-gnu-library/4.4/TMB/include/tmb_core.hpp:316:1: error: expected unqualified-id before \u2018if\u2019\n  316 | if( isDouble<Type>::value &&                                            \\\n      | ^~\nPOPULATIONS/POPULATION_0008/INDIVIDUAL_V9UP5HIR/model.cpp:90:1: note: in expansion of macro \u2018REPORT\u2019\n   90 | REPORT(slow_pred);\n      | ^~~~~~\nPOPULATIONS/POPULATION_0008/INDIVIDUAL_V9UP5HIR/model.cpp:92:1: error: expected unqualified-id before \u2018return\u2019\n   92 | return nll;\n      | ^~~~~~\nmake: *** [/usr/lib/R/etc/Makeconf:204: POPULATIONS/POPULATION_0008/INDIVIDUAL_V9UP5HIR/model.o] Error 1\nError in TMB::compile(file.path(individual_dir, model_file), flags = flags,  : \n  Compilation failed\nError: Compilation failed\nExecution halted"
    },
    "2": {
      "status": "ERROR",
      "message": "Model failed to compile.",
      "stdout": "g++ -std=gnu++17 -I\"/usr/share/R/include\" -DNDEBUG -I\"/home/spi085/R/x86_64-pc-linux-gnu-library/4.4/TMB/include\" -I\"/home/spi085/R/x86_64-pc-linux-gnu-library/4.4/RcppEigen/include\"   -DTMB_EIGEN_DISABLE_WARNINGS   -DTMB_LIB_INIT=R_init_model  -DCPPAD_FRAMEWORK      -fpic  -O2  -c POPULATIONS/POPULATION_0008/INDIVIDUAL_V9UP5HIR/model.cpp -o POPULATIONS/POPULATION_0008/INDIVIDUAL_V9UP5HIR/model.o",
      "stderr": "Loading required package: TMB\nLoading required package: jsonlite\nhere() starts at /home/spi085/Documents/_Projects/SCCP-QuantModelling\nusing C++ compiler: \u2018g++ (Ubuntu 13.3.0-6ubuntu2~24.04) 13.3.0\u2019\nPOPULATIONS/POPULATION_0008/INDIVIDUAL_V9UP5HIR/model.cpp: In instantiation of \u2018Type objective_function<Type>::operator()() [with Type = CppAD::AD<double>]\u2019:\n/home/spi085/R/x86_64-pc-linux-gnu-library/4.4/TMB/include/tmb_core.hpp:1312:6:   required from here\nPOPULATIONS/POPULATION_0008/INDIVIDUAL_V9UP5HIR/model.cpp:84:18: error: \u2018dlnorm\u2019 was not declared in this scope; did you mean \u2018dnorm\u2019?\n   84 |     nll -= dlnorm(cots_dat(t), log(cots_pred(t) + Type(1e-8)), sigma_cots, true);\n      |            ~~~~~~^~~~~~~~~~~~~~~~~~~~~~~~~~~~~~~~~~~~~~~~~~~~~~~~~~~~~~~~~~~~~~~\n      |            dnorm\nPOPULATIONS/POPULATION_0008/INDIVIDUAL_V9UP5HIR/model.cpp:85:18: error: \u2018dlnorm\u2019 was not declared in this scope, and no declarations were found by argument-dependent lookup at the point of instantiation\n   85 |     nll -= dlnorm(fast_dat(t), log(fast_pred(t) + Type(1e-8)), sigma_fast, true);\n      |            ~~~~~~^~~~~~~~~~~~~~~~~~~~~~~~~~~~~~~~~~~~~~~~~~~~~~~~~~~~~~~~~~~~~~~\nPOPULATIONS/POPULATION_0008/INDIVIDUAL_V9UP5HIR/model.cpp:84:18: note: \u2018dlnorm\u2019 declared here, later in the translation unit\n   84 |     nll -= dlnorm(cots_dat(t), log(cots_pred(t) + Type(1e-8)), sigma_cots, true);\n      |            ~~~~~~^~~~~~~~~~~~~~~~~~~~~~~~~~~~~~~~~~~~~~~~~~~~~~~~~~~~~~~~~~~~~~~\nPOPULATIONS/POPULATION_0008/INDIVIDUAL_V9UP5HIR/model.cpp:86:18: error: \u2018dlnorm\u2019 was not declared in this scope, and no declarations were found by argument-dependent lookup at the point of instantiation\n   86 |     nll -= dlnorm(slow_dat(t), log(slow_pred(t) + Type(1e-8)), sigma_slow, true);\n      |            ~~~~~~^~~~~~~~~~~~~~~~~~~~~~~~~~~~~~~~~~~~~~~~~~~~~~~~~~~~~~~~~~~~~~~\nPOPULATIONS/POPULATION_0008/INDIVIDUAL_V9UP5HIR/model.cpp:84:18: note: \u2018dlnorm\u2019 declared here, later in the translation unit\n   84 |     nll -= dlnorm(cots_dat(t), log(cots_pred(t) + Type(1e-8)), sigma_cots, true);\n      |            ~~~~~~^~~~~~~~~~~~~~~~~~~~~~~~~~~~~~~~~~~~~~~~~~~~~~~~~~~~~~~~~~~~~~~\nPOPULATIONS/POPULATION_0008/INDIVIDUAL_V9UP5HIR/model.cpp: In instantiation of \u2018Type objective_function<Type>::operator()() [with Type = double]\u2019:\n/home/spi085/R/x86_64-pc-linux-gnu-library/4.4/TMB/include/tmb_core.hpp:2035:7:   required from here\nPOPULATIONS/POPULATION_0008/INDIVIDUAL_V9UP5HIR/model.cpp:84:18: error: \u2018dlnorm\u2019 was not declared in this scope; did you mean \u2018dnorm\u2019?\n   84 |     nll -= dlnorm(cots_dat(t), log(cots_pred(t) + Type(1e-8)), sigma_cots, true);\n      |            ~~~~~~^~~~~~~~~~~~~~~~~~~~~~~~~~~~~~~~~~~~~~~~~~~~~~~~~~~~~~~~~~~~~~~\n      |            dnorm\nPOPULATIONS/POPULATION_0008/INDIVIDUAL_V9UP5HIR/model.cpp:85:18: error: \u2018dlnorm\u2019 was not declared in this scope, and no declarations were found by argument-dependent lookup at the point of instantiation\n   85 |     nll -= dlnorm(fast_dat(t), log(fast_pred(t) + Type(1e-8)), sigma_fast, true);\n      |            ~~~~~~^~~~~~~~~~~~~~~~~~~~~~~~~~~~~~~~~~~~~~~~~~~~~~~~~~~~~~~~~~~~~~~\nPOPULATIONS/POPULATION_0008/INDIVIDUAL_V9UP5HIR/model.cpp:84:18: note: \u2018dlnorm\u2019 declared here, later in the translation unit\n   84 |     nll -= dlnorm(cots_dat(t), log(cots_pred(t) + Type(1e-8)), sigma_cots, true);\n      |            ~~~~~~^~~~~~~~~~~~~~~~~~~~~~~~~~~~~~~~~~~~~~~~~~~~~~~~~~~~~~~~~~~~~~~\nPOPULATIONS/POPULATION_0008/INDIVIDUAL_V9UP5HIR/model.cpp:86:18: error: \u2018dlnorm\u2019 was not declared in this scope, and no declarations were found by argument-dependent lookup at the point of instantiation\n   86 |     nll -= dlnorm(slow_dat(t), log(slow_pred(t) + Type(1e-8)), sigma_slow, true);\n      |            ~~~~~~^~~~~~~~~~~~~~~~~~~~~~~~~~~~~~~~~~~~~~~~~~~~~~~~~~~~~~~~~~~~~~~\nPOPULATIONS/POPULATION_0008/INDIVIDUAL_V9UP5HIR/model.cpp:84:18: note: \u2018dlnorm\u2019 declared here, later in the translation unit\n   84 |     nll -= dlnorm(cots_dat(t), log(cots_pred(t) + Type(1e-8)), sigma_cots, true);\n      |            ~~~~~~^~~~~~~~~~~~~~~~~~~~~~~~~~~~~~~~~~~~~~~~~~~~~~~~~~~~~~~~~~~~~~~\nPOPULATIONS/POPULATION_0008/INDIVIDUAL_V9UP5HIR/model.cpp: In instantiation of \u2018Type objective_function<Type>::operator()() [with Type = CppAD::AD<CppAD::AD<double> >]\u2019:\n/home/spi085/R/x86_64-pc-linux-gnu-library/4.4/TMB/include/tmb_core.hpp:917:29:   required from \u2018Type objective_function<Type>::evalUserTemplate() [with Type = CppAD::AD<CppAD::AD<double> >]\u2019\n/home/spi085/R/x86_64-pc-linux-gnu-library/4.4/TMB/include/tmb_core.hpp:2116:26:   required from here\nPOPULATIONS/POPULATION_0008/INDIVIDUAL_V9UP5HIR/model.cpp:84:18: error: \u2018dlnorm\u2019 was not declared in this scope; did you mean \u2018dnorm\u2019?\n   84 |     nll -= dlnorm(cots_dat(t), log(cots_pred(t) + Type(1e-8)), sigma_cots, true);\n      |            ~~~~~~^~~~~~~~~~~~~~~~~~~~~~~~~~~~~~~~~~~~~~~~~~~~~~~~~~~~~~~~~~~~~~~\n      |            dnorm\nPOPULATIONS/POPULATION_0008/INDIVIDUAL_V9UP5HIR/model.cpp:85:18: error: \u2018dlnorm\u2019 was not declared in this scope, and no declarations were found by argument-dependent lookup at the point of instantiation\n   85 |     nll -= dlnorm(fast_dat(t), log(fast_pred(t) + Type(1e-8)), sigma_fast, true);\n      |            ~~~~~~^~~~~~~~~~~~~~~~~~~~~~~~~~~~~~~~~~~~~~~~~~~~~~~~~~~~~~~~~~~~~~~\nPOPULATIONS/POPULATION_0008/INDIVIDUAL_V9UP5HIR/model.cpp:84:18: note: \u2018dlnorm\u2019 declared here, later in the translation unit\n   84 |     nll -= dlnorm(cots_dat(t), log(cots_pred(t) + Type(1e-8)), sigma_cots, true);\n      |            ~~~~~~^~~~~~~~~~~~~~~~~~~~~~~~~~~~~~~~~~~~~~~~~~~~~~~~~~~~~~~~~~~~~~~\nPOPULATIONS/POPULATION_0008/INDIVIDUAL_V9UP5HIR/model.cpp:86:18: error: \u2018dlnorm\u2019 was not declared in this scope, and no declarations were found by argument-dependent lookup at the point of instantiation\n   86 |     nll -= dlnorm(slow_dat(t), log(slow_pred(t) + Type(1e-8)), sigma_slow, true);\n      |            ~~~~~~^~~~~~~~~~~~~~~~~~~~~~~~~~~~~~~~~~~~~~~~~~~~~~~~~~~~~~~~~~~~~~~\nPOPULATIONS/POPULATION_0008/INDIVIDUAL_V9UP5HIR/model.cpp:84:18: note: \u2018dlnorm\u2019 declared here, later in the translation unit\n   84 |     nll -= dlnorm(cots_dat(t), log(cots_pred(t) + Type(1e-8)), sigma_cots, true);\n      |            ~~~~~~^~~~~~~~~~~~~~~~~~~~~~~~~~~~~~~~~~~~~~~~~~~~~~~~~~~~~~~~~~~~~~~\nPOPULATIONS/POPULATION_0008/INDIVIDUAL_V9UP5HIR/model.cpp: In instantiation of \u2018Type objective_function<Type>::operator()() [with Type = CppAD::AD<CppAD::AD<CppAD::AD<double> > >]\u2019:\n/home/spi085/R/x86_64-pc-linux-gnu-library/4.4/TMB/include/tmb_core.hpp:917:29:   required from \u2018Type objective_function<Type>::evalUserTemplate() [with Type = CppAD::AD<CppAD::AD<CppAD::AD<double> > >]\u2019\n/home/spi085/R/x86_64-pc-linux-gnu-library/4.4/TMB/include/tmb_core.hpp:2365:28:   required from here\nPOPULATIONS/POPULATION_0008/INDIVIDUAL_V9UP5HIR/model.cpp:84:18: error: \u2018dlnorm\u2019 was not declared in this scope; did you mean \u2018dnorm\u2019?\n   84 |     nll -= dlnorm(cots_dat(t), log(cots_pred(t) + Type(1e-8)), sigma_cots, true);\n      |            ~~~~~~^~~~~~~~~~~~~~~~~~~~~~~~~~~~~~~~~~~~~~~~~~~~~~~~~~~~~~~~~~~~~~~\n      |            dnorm\nPOPULATIONS/POPULATION_0008/INDIVIDUAL_V9UP5HIR/model.cpp:85:18: error: \u2018dlnorm\u2019 was not declared in this scope, and no declarations were found by argument-dependent lookup at the point of instantiation\n   85 |     nll -= dlnorm(fast_dat(t), log(fast_pred(t) + Type(1e-8)), sigma_fast, true);\n      |            ~~~~~~^~~~~~~~~~~~~~~~~~~~~~~~~~~~~~~~~~~~~~~~~~~~~~~~~~~~~~~~~~~~~~~\nPOPULATIONS/POPULATION_0008/INDIVIDUAL_V9UP5HIR/model.cpp:84:18: note: \u2018dlnorm\u2019 declared here, later in the translation unit\n   84 |     nll -= dlnorm(cots_dat(t), log(cots_pred(t) + Type(1e-8)), sigma_cots, true);\n      |            ~~~~~~^~~~~~~~~~~~~~~~~~~~~~~~~~~~~~~~~~~~~~~~~~~~~~~~~~~~~~~~~~~~~~~\nPOPULATIONS/POPULATION_0008/INDIVIDUAL_V9UP5HIR/model.cpp:86:18: error: \u2018dlnorm\u2019 was not declared in this scope, and no declarations were found by argument-dependent lookup at the point of instantiation\n   86 |     nll -= dlnorm(slow_dat(t), log(slow_pred(t) + Type(1e-8)), sigma_slow, true);\n      |            ~~~~~~^~~~~~~~~~~~~~~~~~~~~~~~~~~~~~~~~~~~~~~~~~~~~~~~~~~~~~~~~~~~~~~\nPOPULATIONS/POPULATION_0008/INDIVIDUAL_V9UP5HIR/model.cpp:84:18: note: \u2018dlnorm\u2019 declared here, later in the translation unit\n   84 |     nll -= dlnorm(cots_dat(t), log(cots_pred(t) + Type(1e-8)), sigma_cots, true);\n      |            ~~~~~~^~~~~~~~~~~~~~~~~~~~~~~~~~~~~~~~~~~~~~~~~~~~~~~~~~~~~~~~~~~~~~~\nmake: *** [/usr/lib/R/etc/Makeconf:204: POPULATIONS/POPULATION_0008/INDIVIDUAL_V9UP5HIR/model.o] Error 1\nError in TMB::compile(file.path(individual_dir, model_file), flags = flags,  : \n  Compilation failed\nError: Compilation failed\nExecution halted"
    },
    "3": {
      "status": "SUCCESS",
      "objective_value": 10270.9907,
      "model_summary": [
        "            Length Class  Mode     ",
        "par         9      -none- numeric  ",
        "objective   1      -none- numeric  ",
        "convergence 1      -none- numeric  ",
        "iterations  1      -none- numeric  ",
        "evaluations 2      -none- numeric  ",
        "message     1      -none- character"
      ],
      "model_report": {
        "cots_pred": [
          0.2615,
          1.8327,
          8.3191,
          34.2107,
          113.8937,
          10.1605,
          37.2676,
          23.0026,
          0.0019,
          0.4579,
          3.3018,
          0.1998,
          2.6559,
          10.3517,
          26.9255,
          39.0524,
          52.8855,
          65.659,
          81.8569,
          92.0601,
          114.2633,
          113.1678,
          154.7966,
          109.3408,
          211.1579,
          33.3258
        ],
        "fast_pred": [
          10.0694,
          25.4596,
          38.1999,
          48.6947,
          57.1342,
          63.3323,
          69.5069,
          74.3535,
          78.5133,
          82.191,
          85.2347,
          87.729,
          89.8273,
          91.542,
          92.8861,
          93.8345,
          94.4993,
          94.912,
          95.1263,
          95.1419,
          95.0528,
          94.757,
          94.5227,
          93.9123,
          93.8609,
          92.8001
        ],
        "slow_pred": [
          12.7726,
          15.2588,
          17.6662,
          19.9725,
          22.0836,
          23.7361,
          25.8602,
          27.7881,
          29.7323,
          31.7362,
          33.6806,
          35.5553,
          37.3921,
          39.1642,
          40.8473,
          42.3996,
          43.8469,
          45.1838,
          46.4187,
          47.5374,
          48.5732,
          49.4684,
          50.3436,
          50.9857,
          51.8367,
          52.1544
        ]
      },
      "plot_data": {
        "cots_pred": {
          "Year": [
            1980,
            1981,
            1982,
            1983,
            1984,
            1985,
            1986,
            1987,
            1988,
            1989,
            1990,
            1991,
            1992,
            1993,
            1994,
            1995,
            1996,
            1997,
            1998,
            1999,
            2000,
            2001,
            2002,
            2003,
            2004,
            2005
          ],
          "Modeled": [
            0.2615,
            1.8327,
            8.3191,
            34.2107,
            113.8937,
            10.1605,
            37.2676,
            23.0026,
            0.0019,
            0.4579,
            3.3018,
            0.1998,
            2.6559,
            10.3517,
            26.9255,
            39.0524,
            52.8855,
            65.659,
            81.8569,
            92.0601,
            114.2633,
            113.1678,
            154.7966,
            109.3408,
            211.1579,
            33.3258
          ],
          "Observed": [
            0.2615,
            0.5498,
            0.7268,
            0.5523,
            0.8281,
            0.547,
            0.758,
            0.6288,
            0.4762,
            0.6466,
            0.9107,
            2.152,
            0.6446,
            1.6723,
            0.4766,
            0.8075,
            0.3635,
            0.3728,
            0.6173,
            0.3107,
            0.256,
            0.2984,
            0.3362,
            0.2878,
            0.3221,
            0.4308
          ]
        },
        "fast_pred": {
          "Year": [
            1980,
            1981,
            1982,
            1983,
            1984,
            1985,
            1986,
            1987,
            1988,
            1989,
            1990,
            1991,
            1992,
            1993,
            1994,
            1995,
            1996,
            1997,
            1998,
            1999,
            2000,
            2001,
            2002,
            2003,
            2004,
            2005
          ],
          "Modeled": [
            10.0694,
            25.4596,
            38.1999,
            48.6947,
            57.1342,
            63.3323,
            69.5069,
            74.3535,
            78.5133,
            82.191,
            85.2347,
            87.729,
            89.8273,
            91.542,
            92.8861,
            93.8345,
            94.4993,
            94.912,
            95.1263,
            95.1419,
            95.0528,
            94.757,
            94.5227,
            93.9123,
            93.8609,
            92.8001
          ],
          "Observed": [
            10.0694,
            17.7236,
            23.8276,
            19.4181,
            15.6354,
            32.4596,
            21.5567,
            34.1938,
            18.8708,
            27.3176,
            44.3301,
            13.3275,
            11.3741,
            8.3362,
            15.207,
            12.443,
            11.0666,
            10.6442,
            2.3628,
            2.76,
            3.7236,
            7.0355,
            10.2239,
            8.4754,
            9.0819,
            13.7314
          ]
        },
        "slow_pred": {
          "Year": [
            1980,
            1981,
            1982,
            1983,
            1984,
            1985,
            1986,
            1987,
            1988,
            1989,
            1990,
            1991,
            1992,
            1993,
            1994,
            1995,
            1996,
            1997,
            1998,
            1999,
            2000,
            2001,
            2002,
            2003,
            2004,
            2005
          ],
          "Modeled": [
            12.7726,
            15.2588,
            17.6662,
            19.9725,
            22.0836,
            23.7361,
            25.8602,
            27.7881,
            29.7323,
            31.7362,
            33.6806,
            35.5553,
            37.3921,
            39.1642,
            40.8473,
            42.3996,
            43.8469,
            45.1838,
            46.4187,
            47.5374,
            48.5732,
            49.4684,
            50.3436,
            50.9857,
            51.8367,
            52.1544
          ],
          "Observed": [
            12.7726,
            16.4147,
            12.7773,
            12.2798,
            15.1152,
            12.8194,
            10.4631,
            9.7251,
            13.2014,
            16.4512,
            11.1393,
            18.0832,
            11.5223,
            8.51,
            9.1622,
            5.3353,
            8.6044,
            7.2781,
            2.629,
            4.6951,
            1.5948,
            5.2172,
            2.6041,
            3.3618,
            7.3289,
            4.4014
          ]
        }
      },
      "stdout": "g++ -std=gnu++17 -I\"/usr/share/R/include\" -DNDEBUG -I\"/home/spi085/R/x86_64-pc-linux-gnu-library/4.4/TMB/include\" -I\"/home/spi085/R/x86_64-pc-linux-gnu-library/4.4/RcppEigen/include\"   -DTMB_EIGEN_DISABLE_WARNINGS   -DTMB_LIB_INIT=R_init_model  -DCPPAD_FRAMEWORK      -fpic  -O2  -c POPULATIONS/POPULATION_0008/INDIVIDUAL_V9UP5HIR/model.cpp -o POPULATIONS/POPULATION_0008/INDIVIDUAL_V9UP5HIR/model.o\ng++ -std=gnu++17 -shared -L/usr/lib/R/lib -Wl,-Bsymbolic-functions -flto=auto -ffat-lto-objects -Wl,-z,relro -o POPULATIONS/POPULATION_0008/INDIVIDUAL_V9UP5HIR/model.so POPULATIONS/POPULATION_0008/INDIVIDUAL_V9UP5HIR/model.o -L/usr/lib/R/lib -lR\nStarting model phases\nNumber of phases: 3 \nPhase 1 \nInitial parameter values for phase 1 :\n    r_cots     K_cots sigma_cots \n       0.5      100.0        0.1 \nFinal parameter values for phase 1 :\n    r_cots     K_cots sigma_cots \n  2.899363 281.876057  35.835284 \nConvergence message: function evaluation limit reached without convergence (9) \nNumber of iterations: 101 \nObjective function value: 51120.06 \nGradient at solution for phase 1 :\n         [,1]      [,2]      [,3]\n[1,] 307371.8 -740.4745 0.6787802\nPhase 2 \nInitial parameter values for phase 2 :\nalpha_fast alpha_slow sigma_fast sigma_slow \n      0.10       0.20       0.05       0.05 \nFinal parameter values for phase 2 :\nalpha_fast alpha_slow sigma_fast sigma_slow \n -9.369532  12.905061   1.960045   2.408872 \nConvergence message: function evaluation limit reached without convergence (9) \nNumber of iterations: 139 \nObjective function value: 322.4573 \nGradient at solution for phase 2 :\n         [,1]     [,2]        [,3]       [,4]\n[1,] 64.10106 54.52864 -0.09967515 0.04864886\nPhase 3 \nInitial parameter values for phase 3 :\nr_fast r_slow \n   0.3    0.2 \nFinal parameter values for phase 3 :\n    r_fast     r_slow \n0.31905965 0.09643701 \nConvergence message: relative convergence (4) \nNumber of iterations: 53 \nObjective function value: 321.6779 \nGradient at solution for phase 3 :\n             [,1]       [,2]\n[1,] -0.007393967 0.02292704\nFinal Phase\nInitial parameter values for final phase:\n      r_cots       K_cots   alpha_fast   alpha_slow       r_fast       r_slow \n  2.89936327 281.87605682  -9.36953181  12.90506144   0.31905965   0.09643701 \n  sigma_cots   sigma_fast   sigma_slow \n 35.83528383   1.96004453   2.40887208 \nFinal parameter values for final phase:\n     r_cots      K_cots  alpha_fast  alpha_slow      r_fast      r_slow \n  3.1415292 281.8723454  -8.4301415  13.0386307   0.1711639   0.0285172 \n sigma_cots  sigma_fast  sigma_slow \n 34.8758741   2.1472351   1.7338464 \nConvergence message: function evaluation limit reached without convergence (9) \nNumber of iterations: 65 \nObjective function value: 314.7258 \nGradient at solution for final phase:\n          [,1]     [,2]     [,3]     [,4]      [,5]     [,6]     [,7]     [,8]\n[1,] -3796.033 47.99713 2801.333 1071.951 -84744.46 205830.9 0.705646 1.283123\n           [,9]\n[1,] -0.5906127\nAll phases completed\n\nRunning model validation...\nNo test data available (train_test_split >= 1.0)\nNULL\n\nDEBUG: Report contents:\nList of 3\n $ cots_pred: num [1:26] 0.262 1.833 8.319 34.211 113.894 ...\n $ fast_pred: num [1:26] 10.1 25.5 38.2 48.7 57.1 ...\n $ slow_pred: num [1:26] 12.8 15.3 17.7 20 22.1 ...\nNULL\n\nDEBUG: Available variables in report:\n[1] \"cots_pred\" \"fast_pred\" \"slow_pred\"\n\nChecking predictions and calculating objective function...\n\nDEBUG: Processing cots_pred \nDEBUG: First few predictions: 0.2615042 1.832696 8.319052 34.21067 113.8937 10.1605 \nDEBUG: Summary statistics:\n     Min.   1st Qu.    Median      Mean   3rd Qu.      Max. \n  0.00186   4.55608  33.76823  51.55418  89.50932 211.15789 \nDEBUG: All zeros? FALSE \nDEBUG: Any infinities? FALSE \n\nDEBUG: Processing fast_pred \nDEBUG: First few predictions: 10.06939 25.45964 38.19993 48.69468 57.13419 63.33233 \nDEBUG: Summary statistics:\n   Min. 1st Qu.  Median    Mean 3rd Qu.    Max. \n  10.07   70.72   90.68   78.20   94.35   95.14 \nDEBUG: All zeros? FALSE \nDEBUG: Any infinities? FALSE \n\nDEBUG: Processing slow_pred \nDEBUG: First few predictions: 12.77261 15.25878 17.6662 19.97253 22.08364 23.73613 \nDEBUG: Summary statistics:\n   Min. 1st Qu.  Median    Mean 3rd Qu.    Max. \n  12.77   26.34   38.28   36.23   47.26   52.15 \nDEBUG: All zeros? FALSE \nDEBUG: Any infinities? FALSE \n\nDEBUG: Using the following variables for objective function:\ncots_dat -> cots_pred\nfast_dat -> fast_pred\nslow_dat -> slow_pred\n\nDEBUG: Calculating MSE for prediction variables only:\n\nDEBUG: cots_pred \nObserved: 0.2615042 0.5498196 0.7268086 0.5522907 0.828121 0.5470078 ...\nPredicted: 0.2615042 1.832696 8.319052 34.21067 113.8937 10.1605 ...\nMSE (normalized): 30722.84 \n\nDEBUG: fast_pred \nObserved: 10.06939 17.72357 23.82758 19.41812 15.63542 32.45961 ...\nPredicted: 10.06939 25.45964 38.19993 48.69468 57.13419 63.33233 ...\nMSE (normalized): 45.80653 \n\nDEBUG: slow_pred \nObserved: 12.77261 16.41474 12.77729 12.27975 15.11516 12.81941 ...\nPredicted: 12.77261 15.25878 17.6662 19.97253 22.08364 23.73613 ...\nMSE (normalized): 44.32597 \n\nDEBUG: MSE values:\n   cots_dat    fast_dat    slow_dat \n30722.83961    45.80653    44.32597 \n\nDEBUG: Final objective value (mean of MSEs): 10270.99 \n\nFinal objective function value: 10270.99 \n\nJSON_REPORT_START\n{\n  \"status\": \"SUCCESS\",\n  \"objective_value\": 10270.9907,\n  \"model_summary\": [\"            Length Class  Mode     \", \"par         9      -none- numeric  \", \"objective   1      -none- numeric  \", \"convergence 1      -none- numeric  \", \"iterations  1      -none- numeric  \", \"evaluations 2      -none- numeric  \", \"message     1      -none- character\"],\n  \"model_report\": {\n    \"cots_pred\": [0.2615, 1.8327, 8.3191, 34.2107, 113.8937, 10.1605, 37.2676, 23.0026, 0.0019, 0.4579, 3.3018, 0.1998, 2.6559, 10.3517, 26.9255, 39.0524, 52.8855, 65.659, 81.8569, 92.0601, 114.2633, 113.1678, 154.7966, 109.3408, 211.1579, 33.3258],\n    \"fast_pred\": [10.0694, 25.4596, 38.1999, 48.6947, 57.1342, 63.3323, 69.5069, 74.3535, 78.5133, 82.191, 85.2347, 87.729, 89.8273, 91.542, 92.8861, 93.8345, 94.4993, 94.912, 95.1263, 95.1419, 95.0528, 94.757, 94.5227, 93.9123, 93.8609, 92.8001],\n    \"slow_pred\": [12.7726, 15.2588, 17.6662, 19.9725, 22.0836, 23.7361, 25.8602, 27.7881, 29.7323, 31.7362, 33.6806, 35.5553, 37.3921, 39.1642, 40.8473, 42.3996, 43.8469, 45.1838, 46.4187, 47.5374, 48.5732, 49.4684, 50.3436, 50.9857, 51.8367, 52.1544]\n  },\n  \"plot_data\": {\n    \"cots_pred\": {\n      \"Year\": [1980, 1981, 1982, 1983, 1984, 1985, 1986, 1987, 1988, 1989, 1990, 1991, 1992, 1993, 1994, 1995, 1996, 1997, 1998, 1999, 2000, 2001, 2002, 2003, 2004, 2005],\n      \"Modeled\": [0.2615, 1.8327, 8.3191, 34.2107, 113.8937, 10.1605, 37.2676, 23.0026, 0.0019, 0.4579, 3.3018, 0.1998, 2.6559, 10.3517, 26.9255, 39.0524, 52.8855, 65.659, 81.8569, 92.0601, 114.2633, 113.1678, 154.7966, 109.3408, 211.1579, 33.3258],\n      \"Observed\": [0.2615, 0.5498, 0.7268, 0.5523, 0.8281, 0.547, 0.758, 0.6288, 0.4762, 0.6466, 0.9107, 2.152, 0.6446, 1.6723, 0.4766, 0.8075, 0.3635, 0.3728, 0.6173, 0.3107, 0.256, 0.2984, 0.3362, 0.2878, 0.3221, 0.4308]\n    },\n    \"fast_pred\": {\n      \"Year\": [1980, 1981, 1982, 1983, 1984, 1985, 1986, 1987, 1988, 1989, 1990, 1991, 1992, 1993, 1994, 1995, 1996, 1997, 1998, 1999, 2000, 2001, 2002, 2003, 2004, 2005],\n      \"Modeled\": [10.0694, 25.4596, 38.1999, 48.6947, 57.1342, 63.3323, 69.5069, 74.3535, 78.5133, 82.191, 85.2347, 87.729, 89.8273, 91.542, 92.8861, 93.8345, 94.4993, 94.912, 95.1263, 95.1419, 95.0528, 94.757, 94.5227, 93.9123, 93.8609, 92.8001],\n      \"Observed\": [10.0694, 17.7236, 23.8276, 19.4181, 15.6354, 32.4596, 21.5567, 34.1938, 18.8708, 27.3176, 44.3301, 13.3275, 11.3741, 8.3362, 15.207, 12.443, 11.0666, 10.6442, 2.3628, 2.76, 3.7236, 7.0355, 10.2239, 8.4754, 9.0819, 13.7314]\n    },\n    \"slow_pred\": {\n      \"Year\": [1980, 1981, 1982, 1983, 1984, 1985, 1986, 1987, 1988, 1989, 1990, 1991, 1992, 1993, 1994, 1995, 1996, 1997, 1998, 1999, 2000, 2001, 2002, 2003, 2004, 2005],\n      \"Modeled\": [12.7726, 15.2588, 17.6662, 19.9725, 22.0836, 23.7361, 25.8602, 27.7881, 29.7323, 31.7362, 33.6806, 35.5553, 37.3921, 39.1642, 40.8473, 42.3996, 43.8469, 45.1838, 46.4187, 47.5374, 48.5732, 49.4684, 50.3436, 50.9857, 51.8367, 52.1544],\n      \"Observed\": [12.7726, 16.4147, 12.7773, 12.2798, 15.1152, 12.8194, 10.4631, 9.7251, 13.2014, 16.4512, 11.1393, 18.0832, 11.5223, 8.51, 9.1622, 5.3353, 8.6044, 7.2781, 2.629, 4.6951, 1.5948, 5.2172, 2.6041, 3.3618, 7.3289, 4.4014]\n    }\n  }\n}\nJSON_REPORT_END",
      "stderr": "Loading required package: TMB\nLoading required package: jsonlite\nhere() starts at /home/spi085/Documents/_Projects/SCCP-QuantModelling\nusing C++ compiler: \u2018g++ (Ubuntu 13.3.0-6ubuntu2~24.04) 13.3.0\u2019\nThere were 40 warnings (use warnings() to see them)\nWarning message:\n`aes_string()` was deprecated in ggplot2 3.0.0.\n\u2139 Please use tidy evaluation idioms with `aes()`.\n\u2139 See also `vignette(\"ggplot2-in-packages\")` for more information."
    },
    "4": {
      "status": "SUCCESS",
      "objective_value": 10270.9907
    }
  }
}