{
  "iterations": {
    "1": {
      "status": "ERROR",
      "message": "Model failed to compile.",
      "stdout": "g++ -std=gnu++17  -I\"C:/Users/spi085/AppData/Local/Programs/R/R-4.4.1/include\" -DNDEBUG -I\"C:/Users/spi085/AppData/Local/Programs/R/R-44~1.1/library/TMB/include\" -I\"C:/Users/spi085/AppData/Local/Programs/R/R-44~1.1/library/RCPPEI~1/include\"   -DTMB_EIGEN_DISABLE_WARNINGS   -DTMB_LIB_INIT=R_init_model  -DCPPAD_FRAMEWORK    -I\"C:/rtools44/x86_64-w64-mingw32.static.posix/include\"     -O2 -Wa,-mbig-obj -c POPULATIONS//POPULATION_0014//INDIVIDUAL_S6LEOA5A/model.cpp -o POPULATIONS//POPULATION_0014//INDIVIDUAL_S6LEOA5A/model.o",
      "stderr": "Loading required package: TMB\nLoading required package: jsonlite\nhere() starts at C:/Users/spi085/OneDrive - CSIRO/Documents/_Projects/SCCP-QuantModelling\nusing C++ compiler: 'G__~1.EXE (GCC) 13.2.0'\nPOPULATIONS//POPULATION_0014//INDIVIDUAL_S6LEOA5A/model.cpp: In instantiation of 'Type objective_function<Type>::operator()() [with Type = CppAD::AD<double>]':\nC:/Users/spi085/AppData/Local/Programs/R/R-4.4.1/library/TMB/include/tmb_core.hpp:1308:6:   required from here\nPOPULATIONS//POPULATION_0014//INDIVIDUAL_S6LEOA5A/model.cpp:122:18: error: 'dlnorm' was not declared in this scope; did you mean 'dnorm'?\n  122 |     nll -= dlnorm(cots_dat(t), log(cots_pred_pos), sigma_cots, true);\n      |            ~~~~~~^~~~~~~~~~~~~~~~~~~~~~~~~~~~~~~~~~~~~~~~~~~~~~~~~~~\n      |            dnorm\nPOPULATIONS//POPULATION_0014//INDIVIDUAL_S6LEOA5A/model.cpp:123:18: error: 'dlnorm' was not declared in this scope, and no declarations were found by argument-dependent lookup at the point of instantiation\n  123 |     nll -= dlnorm(slow_dat(t), log(slow_pred_pos), sigma_slow, true);\n      |            ~~~~~~^~~~~~~~~~~~~~~~~~~~~~~~~~~~~~~~~~~~~~~~~~~~~~~~~~~\nPOPULATIONS//POPULATION_0014//INDIVIDUAL_S6LEOA5A/model.cpp:122:18: note: 'dlnorm' declared here, later in the translation unit\n  122 |     nll -= dlnorm(cots_dat(t), log(cots_pred_pos), sigma_cots, true);\n      |            ~~~~~~^~~~~~~~~~~~~~~~~~~~~~~~~~~~~~~~~~~~~~~~~~~~~~~~~~~\nPOPULATIONS//POPULATION_0014//INDIVIDUAL_S6LEOA5A/model.cpp:124:18: error: 'dlnorm' was not declared in this scope, and no declarations were found by argument-dependent lookup at the point of instantiation\n  124 |     nll -= dlnorm(fast_dat(t), log(fast_pred_pos), sigma_fast, true);\n      |            ~~~~~~^~~~~~~~~~~~~~~~~~~~~~~~~~~~~~~~~~~~~~~~~~~~~~~~~~~\nPOPULATIONS//POPULATION_0014//INDIVIDUAL_S6LEOA5A/model.cpp:122:18: note: 'dlnorm' declared here, later in the translation unit\n  122 |     nll -= dlnorm(cots_dat(t), log(cots_pred_pos), sigma_cots, true);\n      |            ~~~~~~^~~~~~~~~~~~~~~~~~~~~~~~~~~~~~~~~~~~~~~~~~~~~~~~~~~\nPOPULATIONS//POPULATION_0014//INDIVIDUAL_S6LEOA5A/model.cpp: In instantiation of 'Type objective_function<Type>::operator()() [with Type = double]':\nC:/Users/spi085/AppData/Local/Programs/R/R-4.4.1/library/TMB/include/tmb_core.hpp:2031:7:   required from here\nPOPULATIONS//POPULATION_0014//INDIVIDUAL_S6LEOA5A/model.cpp:122:18: error: 'dlnorm' was not declared in this scope; did you mean 'dnorm'?\n  122 |     nll -= dlnorm(cots_dat(t), log(cots_pred_pos), sigma_cots, true);\n      |            ~~~~~~^~~~~~~~~~~~~~~~~~~~~~~~~~~~~~~~~~~~~~~~~~~~~~~~~~~\n      |            dnorm\nPOPULATIONS//POPULATION_0014//INDIVIDUAL_S6LEOA5A/model.cpp:123:18: error: 'dlnorm' was not declared in this scope, and no declarations were found by argument-dependent lookup at the point of instantiation\n  123 |     nll -= dlnorm(slow_dat(t), log(slow_pred_pos), sigma_slow, true);\n      |            ~~~~~~^~~~~~~~~~~~~~~~~~~~~~~~~~~~~~~~~~~~~~~~~~~~~~~~~~~\nPOPULATIONS//POPULATION_0014//INDIVIDUAL_S6LEOA5A/model.cpp:122:18: note: 'dlnorm' declared here, later in the translation unit\n  122 |     nll -= dlnorm(cots_dat(t), log(cots_pred_pos), sigma_cots, true);\n      |            ~~~~~~^~~~~~~~~~~~~~~~~~~~~~~~~~~~~~~~~~~~~~~~~~~~~~~~~~~\nPOPULATIONS//POPULATION_0014//INDIVIDUAL_S6LEOA5A/model.cpp:124:18: error: 'dlnorm' was not declared in this scope, and no declarations were found by argument-dependent lookup at the point of instantiation\n  124 |     nll -= dlnorm(fast_dat(t), log(fast_pred_pos), sigma_fast, true);\n      |            ~~~~~~^~~~~~~~~~~~~~~~~~~~~~~~~~~~~~~~~~~~~~~~~~~~~~~~~~~\nPOPULATIONS//POPULATION_0014//INDIVIDUAL_S6LEOA5A/model.cpp:122:18: note: 'dlnorm' declared here, later in the translation unit\n  122 |     nll -= dlnorm(cots_dat(t), log(cots_pred_pos), sigma_cots, true);\n      |            ~~~~~~^~~~~~~~~~~~~~~~~~~~~~~~~~~~~~~~~~~~~~~~~~~~~~~~~~~\nPOPULATIONS//POPULATION_0014//INDIVIDUAL_S6LEOA5A/model.cpp: In instantiation of 'Type objective_function<Type>::operator()() [with Type = CppAD::AD<CppAD::AD<double> >]':\nC:/Users/spi085/AppData/Local/Programs/R/R-4.4.1/library/TMB/include/tmb_core.hpp:913:29:   required from 'Type objective_function<Type>::evalUserTemplate() [with Type = CppAD::AD<CppAD::AD<double> >]'\nC:/Users/spi085/AppData/Local/Programs/R/R-4.4.1/library/TMB/include/tmb_core.hpp:2112:26:   required from here\nPOPULATIONS//POPULATION_0014//INDIVIDUAL_S6LEOA5A/model.cpp:122:18: error: 'dlnorm' was not declared in this scope; did you mean 'dnorm'?\n  122 |     nll -= dlnorm(cots_dat(t), log(cots_pred_pos), sigma_cots, true);\n      |            ~~~~~~^~~~~~~~~~~~~~~~~~~~~~~~~~~~~~~~~~~~~~~~~~~~~~~~~~~\n      |            dnorm\nPOPULATIONS//POPULATION_0014//INDIVIDUAL_S6LEOA5A/model.cpp:123:18: error: 'dlnorm' was not declared in this scope, and no declarations were found by argument-dependent lookup at the point of instantiation\n  123 |     nll -= dlnorm(slow_dat(t), log(slow_pred_pos), sigma_slow, true);\n      |            ~~~~~~^~~~~~~~~~~~~~~~~~~~~~~~~~~~~~~~~~~~~~~~~~~~~~~~~~~\nPOPULATIONS//POPULATION_0014//INDIVIDUAL_S6LEOA5A/model.cpp:122:18: note: 'dlnorm' declared here, later in the translation unit\n  122 |     nll -= dlnorm(cots_dat(t), log(cots_pred_pos), sigma_cots, true);\n      |            ~~~~~~^~~~~~~~~~~~~~~~~~~~~~~~~~~~~~~~~~~~~~~~~~~~~~~~~~~\nPOPULATIONS//POPULATION_0014//INDIVIDUAL_S6LEOA5A/model.cpp:124:18: error: 'dlnorm' was not declared in this scope, and no declarations were found by argument-dependent lookup at the point of instantiation\n  124 |     nll -= dlnorm(fast_dat(t), log(fast_pred_pos), sigma_fast, true);\n      |            ~~~~~~^~~~~~~~~~~~~~~~~~~~~~~~~~~~~~~~~~~~~~~~~~~~~~~~~~~\nPOPULATIONS//POPULATION_0014//INDIVIDUAL_S6LEOA5A/model.cpp:122:18: note: 'dlnorm' declared here, later in the translation unit\n  122 |     nll -= dlnorm(cots_dat(t), log(cots_pred_pos), sigma_cots, true);\n      |            ~~~~~~^~~~~~~~~~~~~~~~~~~~~~~~~~~~~~~~~~~~~~~~~~~~~~~~~~~\nPOPULATIONS//POPULATION_0014//INDIVIDUAL_S6LEOA5A/model.cpp: In instantiation of 'Type objective_function<Type>::operator()() [with Type = CppAD::AD<CppAD::AD<CppAD::AD<double> > >]':\nC:/Users/spi085/AppData/Local/Programs/R/R-4.4.1/library/TMB/include/tmb_core.hpp:913:29:   required from 'Type objective_function<Type>::evalUserTemplate() [with Type = CppAD::AD<CppAD::AD<CppAD::AD<double> > >]'\nC:/Users/spi085/AppData/Local/Programs/R/R-4.4.1/library/TMB/include/tmb_core.hpp:2361:28:   required from here\nPOPULATIONS//POPULATION_0014//INDIVIDUAL_S6LEOA5A/model.cpp:122:18: error: 'dlnorm' was not declared in this scope; did you mean 'dnorm'?\n  122 |     nll -= dlnorm(cots_dat(t), log(cots_pred_pos), sigma_cots, true);\n      |            ~~~~~~^~~~~~~~~~~~~~~~~~~~~~~~~~~~~~~~~~~~~~~~~~~~~~~~~~~\n      |            dnorm\nPOPULATIONS//POPULATION_0014//INDIVIDUAL_S6LEOA5A/model.cpp:123:18: error: 'dlnorm' was not declared in this scope, and no declarations were found by argument-dependent lookup at the point of instantiation\n  123 |     nll -= dlnorm(slow_dat(t), log(slow_pred_pos), sigma_slow, true);\n      |            ~~~~~~^~~~~~~~~~~~~~~~~~~~~~~~~~~~~~~~~~~~~~~~~~~~~~~~~~~\nPOPULATIONS//POPULATION_0014//INDIVIDUAL_S6LEOA5A/model.cpp:122:18: note: 'dlnorm' declared here, later in the translation unit\n  122 |     nll -= dlnorm(cots_dat(t), log(cots_pred_pos), sigma_cots, true);\n      |            ~~~~~~^~~~~~~~~~~~~~~~~~~~~~~~~~~~~~~~~~~~~~~~~~~~~~~~~~~\nPOPULATIONS//POPULATION_0014//INDIVIDUAL_S6LEOA5A/model.cpp:124:18: error: 'dlnorm' was not declared in this scope, and no declarations were found by argument-dependent lookup at the point of instantiation\n  124 |     nll -= dlnorm(fast_dat(t), log(fast_pred_pos), sigma_fast, true);\n      |            ~~~~~~^~~~~~~~~~~~~~~~~~~~~~~~~~~~~~~~~~~~~~~~~~~~~~~~~~~\nPOPULATIONS//POPULATION_0014//INDIVIDUAL_S6LEOA5A/model.cpp:122:18: note: 'dlnorm' declared here, later in the translation unit\n  122 |     nll -= dlnorm(cots_dat(t), log(cots_pred_pos), sigma_cots, true);\n      |            ~~~~~~^~~~~~~~~~~~~~~~~~~~~~~~~~~~~~~~~~~~~~~~~~~~~~~~~~~\nmake: *** [C:/Users/spi085/AppData/Local/Programs/R/R-4.4.1/etc/x64/Makeconf:296: POPULATIONS//POPULATION_0014//INDIVIDUAL_S6LEOA5A/model.o] Error 1\nError in TMB::compile(file.path(individual_dir, model_file), flags = flags,  : \n  Compilation failed\nError: Compilation failed\nExecution halted"
    },
    "2": {
      "status": "ERROR",
      "message": "R script failed with return code 1",
      "stdout": "g++ -std=gnu++17  -I\"C:/Users/spi085/AppData/Local/Programs/R/R-4.4.1/include\" -DNDEBUG -I\"C:/Users/spi085/AppData/Local/Programs/R/R-44~1.1/library/TMB/include\" -I\"C:/Users/spi085/AppData/Local/Programs/R/R-44~1.1/library/RCPPEI~1/include\"   -DTMB_EIGEN_DISABLE_WARNINGS   -DTMB_LIB_INIT=R_init_model  -DCPPAD_FRAMEWORK    -I\"C:/rtools44/x86_64-w64-mingw32.static.posix/include\"     -O2 -Wa,-mbig-obj -c POPULATIONS//POPULATION_0014//INDIVIDUAL_S6LEOA5A/model.cpp -o POPULATIONS//POPULATION_0014//INDIVIDUAL_S6LEOA5A/model.o\ng++ -std=gnu++17 -shared -s -static-libgcc -o POPULATIONS//POPULATION_0014//INDIVIDUAL_S6LEOA5A/model.dll tmp.def POPULATIONS//POPULATION_0014//INDIVIDUAL_S6LEOA5A/model.o -LC:/rtools44/x86_64-w64-mingw32.static.posix/lib/x64 -LC:/rtools44/x86_64-w64-mingw32.static.posix/lib -LC:/Users/spi085/AppData/Local/Programs/R/R-4.4.1/bin/x64 -lR\nStarting model phases\nNumber of phases: 4 \nPhase 1 \nInitial parameter values for phase 1 :\nlog_r_cots log_r_slow log_r_fast \n    -0.693     -2.303     -0.693 \nFinal parameter values for phase 1 :\nlog_r_cots log_r_slow log_r_fast \n    -0.693     -2.303     -0.693 \nConvergence message: both X-convergence and relative convergence (5) \nNumber of iterations: 1 \nObjective function value: Inf \nGradient at solution for phase 1 :\n     [,1] [,2] [,3]\n[1,]    0    0    0\nPhase 2 \nInitial parameter values for phase 2 :\n              log_K_cots           log_alpha_slow           log_alpha_fast \n                   0.693                   -2.303                   -1.609 \n            log_temp_opt log_temp_coral_threshold \n                   3.332                    3.401 \nFinal parameter values for phase 2 :\n              log_K_cots           log_alpha_slow           log_alpha_fast \n                   0.693                   -2.303                   -1.609 \n            log_temp_opt log_temp_coral_threshold \n                   3.332                    3.401 \nConvergence message: both X-convergence and relative convergence (5) \nNumber of iterations: 1 \nObjective function value: Inf \nGradient at solution for phase 2 :\n     [,1] [,2] [,3] [,4] [,5]\n[1,]    0    0    0    0    0\nPhase 3 \nInitial parameter values for phase 3 :\n       log_pref_fast           log_K_slow           log_K_fast \n               0.693                3.912                3.401 \n      log_temp_width log_temp_coral_slope   log_cots_min_coral \n               0.693               -0.693                1.609 \nFinal parameter values for phase 3 :\n       log_pref_fast           log_K_slow           log_K_fast \n               0.693                3.912                3.401 \n      log_temp_width log_temp_coral_slope   log_cots_min_coral \n               0.693               -0.693                1.609 \nConvergence message: both X-convergence and relative convergence (5) \nNumber of iterations: 1 \nObjective function value: Inf \nGradient at solution for phase 3 :\n     [,1] [,2] [,3] [,4] [,5] [,6]\n[1,]    0    0    0    0    0    0\nPhase 4 \nInitial parameter values for phase 4 :\nlog_sigma_cots log_sigma_slow log_sigma_fast \n        -1.609         -1.204         -1.204 \nError in model phases: NA/NaN gradient evaluation",
      "stderr": "Loading required package: TMB\nLoading required package: jsonlite\nhere() starts at C:/Users/spi085/OneDrive - CSIRO/Documents/_Projects/SCCP-QuantModelling\nusing C++ compiler: 'G__~1.EXE (GCC) 13.2.0'\nError in value[[3L]](cond) : \n  Error in model phases: NA/NaN gradient evaluation\nCalls: tryCatch -> tryCatchList -> tryCatchOne -> <Anonymous>\nIn addition: Warning messages:\n1: In nlminb(model$par, model$fn, model$gr) : NA/NaN function evaluation\n2: In nlminb(model$par, model$fn, model$gr) : NA/NaN function evaluation\n3: In nlminb(model$par, model$fn, model$gr) : NA/NaN function evaluation\n4: In nlminb(model$par, model$fn, model$gr) : NA/NaN function evaluation\n5: In nlminb(model$par, model$fn, model$gr) : NA/NaN function evaluation\n6: In nlminb(model$par, model$fn, model$gr) : NA/NaN function evaluation\n7: In nlminb(model$par, model$fn, model$gr) : NA/NaN function evaluation\nExecution halted"
    },
    "3": {
      "status": "ERROR",
      "message": "R script failed with return code 1",
      "stdout": "g++ -std=gnu++17  -I\"C:/Users/spi085/AppData/Local/Programs/R/R-4.4.1/include\" -DNDEBUG -I\"C:/Users/spi085/AppData/Local/Programs/R/R-44~1.1/library/TMB/include\" -I\"C:/Users/spi085/AppData/Local/Programs/R/R-44~1.1/library/RCPPEI~1/include\"   -DTMB_EIGEN_DISABLE_WARNINGS   -DTMB_LIB_INIT=R_init_model  -DCPPAD_FRAMEWORK    -I\"C:/rtools44/x86_64-w64-mingw32.static.posix/include\"     -O2 -Wa,-mbig-obj -c POPULATIONS//POPULATION_0014//INDIVIDUAL_S6LEOA5A/model.cpp -o POPULATIONS//POPULATION_0014//INDIVIDUAL_S6LEOA5A/model.o\ng++ -std=gnu++17 -shared -s -static-libgcc -o POPULATIONS//POPULATION_0014//INDIVIDUAL_S6LEOA5A/model.dll tmp.def POPULATIONS//POPULATION_0014//INDIVIDUAL_S6LEOA5A/model.o -LC:/rtools44/x86_64-w64-mingw32.static.posix/lib/x64 -LC:/rtools44/x86_64-w64-mingw32.static.posix/lib -LC:/Users/spi085/AppData/Local/Programs/R/R-4.4.1/bin/x64 -lR\nStarting model phases\nNumber of phases: 4 \nPhase 1 \nInitial parameter values for phase 1 :\nlog_r_cots log_r_slow log_r_fast \n    -0.693     -2.303     -0.693 \nFinal parameter values for phase 1 :\nlog_r_cots log_r_slow log_r_fast \n    -0.693     -2.303     -0.693 \nConvergence message: both X-convergence and relative convergence (5) \nNumber of iterations: 1 \nObjective function value: Inf \nGradient at solution for phase 1 :\n     [,1] [,2] [,3]\n[1,]    0    0    0\nPhase 2 \nInitial parameter values for phase 2 :\n              log_K_cots           log_alpha_slow           log_alpha_fast \n                   0.693                   -2.303                   -1.609 \n            log_temp_opt log_temp_coral_threshold \n                   3.332                    3.401 \nFinal parameter values for phase 2 :\n              log_K_cots           log_alpha_slow           log_alpha_fast \n                   0.693                   -2.303                   -1.609 \n            log_temp_opt log_temp_coral_threshold \n                   3.332                    3.401 \nConvergence message: both X-convergence and relative convergence (5) \nNumber of iterations: 1 \nObjective function value: Inf \nGradient at solution for phase 2 :\n     [,1] [,2] [,3] [,4] [,5]\n[1,]    0    0    0    0    0\nPhase 3 \nInitial parameter values for phase 3 :\n       log_pref_fast           log_K_slow           log_K_fast \n               0.693                3.912                3.401 \n      log_temp_width log_temp_coral_slope   log_cots_min_coral \n               0.693               -0.693                1.609 \nFinal parameter values for phase 3 :\n       log_pref_fast           log_K_slow           log_K_fast \n               0.693                3.912                3.401 \n      log_temp_width log_temp_coral_slope   log_cots_min_coral \n               0.693               -0.693                1.609 \nConvergence message: both X-convergence and relative convergence (5) \nNumber of iterations: 1 \nObjective function value: Inf \nGradient at solution for phase 3 :\n     [,1] [,2] [,3] [,4] [,5] [,6]\n[1,]    0    0    0    0    0    0\nPhase 4 \nInitial parameter values for phase 4 :\nlog_sigma_cots log_sigma_slow log_sigma_fast \n        -1.609         -1.204         -1.204 \nError in model phases: NA/NaN gradient evaluation",
      "stderr": "Loading required package: TMB\nLoading required package: jsonlite\nhere() starts at C:/Users/spi085/OneDrive - CSIRO/Documents/_Projects/SCCP-QuantModelling\nusing C++ compiler: 'G__~1.EXE (GCC) 13.2.0'\nError in value[[3L]](cond) : \n  Error in model phases: NA/NaN gradient evaluation\nCalls: tryCatch -> tryCatchList -> tryCatchOne -> <Anonymous>\nIn addition: Warning messages:\n1: In nlminb(model$par, model$fn, model$gr) : NA/NaN function evaluation\n2: In nlminb(model$par, model$fn, model$gr) : NA/NaN function evaluation\n3: In nlminb(model$par, model$fn, model$gr) : NA/NaN function evaluation\n4: In nlminb(model$par, model$fn, model$gr) : NA/NaN function evaluation\n5: In nlminb(model$par, model$fn, model$gr) : NA/NaN function evaluation\n6: In nlminb(model$par, model$fn, model$gr) : NA/NaN function evaluation\n7: In nlminb(model$par, model$fn, model$gr) : NA/NaN function evaluation\nExecution halted"
    },
    "4": {
      "status": "ERROR",
      "message": "R script failed with return code 1",
      "stdout": "g++ -std=gnu++17  -I\"C:/Users/spi085/AppData/Local/Programs/R/R-4.4.1/include\" -DNDEBUG -I\"C:/Users/spi085/AppData/Local/Programs/R/R-44~1.1/library/TMB/include\" -I\"C:/Users/spi085/AppData/Local/Programs/R/R-44~1.1/library/RCPPEI~1/include\"   -DTMB_EIGEN_DISABLE_WARNINGS   -DTMB_LIB_INIT=R_init_model  -DCPPAD_FRAMEWORK    -I\"C:/rtools44/x86_64-w64-mingw32.static.posix/include\"     -O2 -Wa,-mbig-obj -c POPULATIONS//POPULATION_0014//INDIVIDUAL_S6LEOA5A/model.cpp -o POPULATIONS//POPULATION_0014//INDIVIDUAL_S6LEOA5A/model.o\ng++ -std=gnu++17 -shared -s -static-libgcc -o POPULATIONS//POPULATION_0014//INDIVIDUAL_S6LEOA5A/model.dll tmp.def POPULATIONS//POPULATION_0014//INDIVIDUAL_S6LEOA5A/model.o -LC:/rtools44/x86_64-w64-mingw32.static.posix/lib/x64 -LC:/rtools44/x86_64-w64-mingw32.static.posix/lib -LC:/Users/spi085/AppData/Local/Programs/R/R-4.4.1/bin/x64 -lR\nStarting model phases\nNumber of phases: 4 \nPhase 1 \nInitial parameter values for phase 1 :\nlog_r_cots log_r_slow log_r_fast \n    -0.693     -2.303     -0.693 \nFinal parameter values for phase 1 :\nlog_r_cots log_r_slow log_r_fast \n    -0.693     -2.303     -0.693 \nConvergence message: both X-convergence and relative convergence (5) \nNumber of iterations: 1 \nObjective function value: Inf \nGradient at solution for phase 1 :\n     [,1] [,2] [,3]\n[1,]    0    0    0\nPhase 2 \nInitial parameter values for phase 2 :\n              log_K_cots           log_alpha_slow           log_alpha_fast \n                   0.693                   -2.303                   -1.609 \n            log_temp_opt log_temp_coral_threshold \n                   3.332                    3.401 \nFinal parameter values for phase 2 :\n              log_K_cots           log_alpha_slow           log_alpha_fast \n                   0.693                   -2.303                   -1.609 \n            log_temp_opt log_temp_coral_threshold \n                   3.332                    3.401 \nConvergence message: both X-convergence and relative convergence (5) \nNumber of iterations: 1 \nObjective function value: Inf \nGradient at solution for phase 2 :\n     [,1] [,2] [,3] [,4] [,5]\n[1,]    0    0    0    0    0\nPhase 3 \nInitial parameter values for phase 3 :\n       log_pref_fast           log_K_slow           log_K_fast \n               0.693                3.912                3.401 \n      log_temp_width log_temp_coral_slope   log_cots_min_coral \n               0.693               -0.693                1.609 \nFinal parameter values for phase 3 :\n       log_pref_fast           log_K_slow           log_K_fast \n               0.693                3.912                3.401 \n      log_temp_width log_temp_coral_slope   log_cots_min_coral \n               0.693               -0.693                1.609 \nConvergence message: both X-convergence and relative convergence (5) \nNumber of iterations: 1 \nObjective function value: Inf \nGradient at solution for phase 3 :\n     [,1] [,2] [,3] [,4] [,5] [,6]\n[1,]    0    0    0    0    0    0\nPhase 4 \nInitial parameter values for phase 4 :\nlog_sigma_cots log_sigma_slow log_sigma_fast \n        -1.609         -1.204         -1.204 \nError in model phases: NA/NaN gradient evaluation",
      "stderr": "Loading required package: TMB\nLoading required package: jsonlite\nhere() starts at C:/Users/spi085/OneDrive - CSIRO/Documents/_Projects/SCCP-QuantModelling\nusing C++ compiler: 'G__~1.EXE (GCC) 13.2.0'\nError in value[[3L]](cond) : \n  Error in model phases: NA/NaN gradient evaluation\nCalls: tryCatch -> tryCatchList -> tryCatchOne -> <Anonymous>\nIn addition: Warning messages:\n1: In nlminb(model$par, model$fn, model$gr) : NA/NaN function evaluation\n2: In nlminb(model$par, model$fn, model$gr) : NA/NaN function evaluation\n3: In nlminb(model$par, model$fn, model$gr) : NA/NaN function evaluation\n4: In nlminb(model$par, model$fn, model$gr) : NA/NaN function evaluation\n5: In nlminb(model$par, model$fn, model$gr) : NA/NaN function evaluation\n6: In nlminb(model$par, model$fn, model$gr) : NA/NaN function evaluation\n7: In nlminb(model$par, model$fn, model$gr) : NA/NaN function evaluation\nExecution halted"
    },
    "5": {
      "status": "ERROR",
      "message": "R script failed with return code 1",
      "stdout": "g++ -std=gnu++17  -I\"C:/Users/spi085/AppData/Local/Programs/R/R-4.4.1/include\" -DNDEBUG -I\"C:/Users/spi085/AppData/Local/Programs/R/R-44~1.1/library/TMB/include\" -I\"C:/Users/spi085/AppData/Local/Programs/R/R-44~1.1/library/RCPPEI~1/include\"   -DTMB_EIGEN_DISABLE_WARNINGS   -DTMB_LIB_INIT=R_init_model  -DCPPAD_FRAMEWORK    -I\"C:/rtools44/x86_64-w64-mingw32.static.posix/include\"     -O2 -Wa,-mbig-obj -c POPULATIONS//POPULATION_0014//INDIVIDUAL_S6LEOA5A/model.cpp -o POPULATIONS//POPULATION_0014//INDIVIDUAL_S6LEOA5A/model.o\ng++ -std=gnu++17 -shared -s -static-libgcc -o POPULATIONS//POPULATION_0014//INDIVIDUAL_S6LEOA5A/model.dll tmp.def POPULATIONS//POPULATION_0014//INDIVIDUAL_S6LEOA5A/model.o -LC:/rtools44/x86_64-w64-mingw32.static.posix/lib/x64 -LC:/rtools44/x86_64-w64-mingw32.static.posix/lib -LC:/Users/spi085/AppData/Local/Programs/R/R-4.4.1/bin/x64 -lR\nStarting model phases\nNumber of phases: 4 \nPhase 1 \nInitial parameter values for phase 1 :\nlog_r_cots log_r_slow log_r_fast \n    -0.693     -2.303     -0.693 \nFinal parameter values for phase 1 :\nlog_r_cots log_r_slow log_r_fast \n    -0.693     -2.303     -0.693 \nConvergence message: both X-convergence and relative convergence (5) \nNumber of iterations: 1 \nObjective function value: Inf \nGradient at solution for phase 1 :\n     [,1] [,2] [,3]\n[1,]    0    0    0\nPhase 2 \nInitial parameter values for phase 2 :\n              log_K_cots           log_alpha_slow           log_alpha_fast \n                   0.693                   -2.303                   -1.609 \n            log_temp_opt log_temp_coral_threshold \n                   3.332                    3.401 \nFinal parameter values for phase 2 :\n              log_K_cots           log_alpha_slow           log_alpha_fast \n                   0.693                   -2.303                   -1.609 \n            log_temp_opt log_temp_coral_threshold \n                   3.332                    3.401 \nConvergence message: both X-convergence and relative convergence (5) \nNumber of iterations: 1 \nObjective function value: Inf \nGradient at solution for phase 2 :\n     [,1] [,2] [,3] [,4] [,5]\n[1,]    0    0    0    0    0\nPhase 3 \nInitial parameter values for phase 3 :\n       log_pref_fast           log_K_slow           log_K_fast \n               0.693                3.912                3.401 \n      log_temp_width log_temp_coral_slope   log_cots_min_coral \n               0.693               -0.693                1.609 \nFinal parameter values for phase 3 :\n       log_pref_fast           log_K_slow           log_K_fast \n               0.693                3.912                3.401 \n      log_temp_width log_temp_coral_slope   log_cots_min_coral \n               0.693               -0.693                1.609 \nConvergence message: both X-convergence and relative convergence (5) \nNumber of iterations: 1 \nObjective function value: Inf \nGradient at solution for phase 3 :\n     [,1] [,2] [,3] [,4] [,5] [,6]\n[1,]    0    0    0    0    0    0\nPhase 4 \nInitial parameter values for phase 4 :\nlog_sigma_cots log_sigma_slow log_sigma_fast \n        -1.609         -1.204         -1.204 \nError in model phases: NA/NaN gradient evaluation",
      "stderr": "Loading required package: TMB\nLoading required package: jsonlite\nhere() starts at C:/Users/spi085/OneDrive - CSIRO/Documents/_Projects/SCCP-QuantModelling\nusing C++ compiler: 'G__~1.EXE (GCC) 13.2.0'\nError in value[[3L]](cond) : \n  Error in model phases: NA/NaN gradient evaluation\nCalls: tryCatch -> tryCatchList -> tryCatchOne -> <Anonymous>\nIn addition: Warning messages:\n1: In nlminb(model$par, model$fn, model$gr) : NA/NaN function evaluation\n2: In nlminb(model$par, model$fn, model$gr) : NA/NaN function evaluation\n3: In nlminb(model$par, model$fn, model$gr) : NA/NaN function evaluation\n4: In nlminb(model$par, model$fn, model$gr) : NA/NaN function evaluation\n5: In nlminb(model$par, model$fn, model$gr) : NA/NaN function evaluation\n6: In nlminb(model$par, model$fn, model$gr) : NA/NaN function evaluation\n7: In nlminb(model$par, model$fn, model$gr) : NA/NaN function evaluation\nExecution halted"
    },
    "6": {
      "status": "ERROR",
      "message": "R script failed with return code 1",
      "stdout": "g++ -std=gnu++17  -I\"C:/Users/spi085/AppData/Local/Programs/R/R-4.4.1/include\" -DNDEBUG -I\"C:/Users/spi085/AppData/Local/Programs/R/R-44~1.1/library/TMB/include\" -I\"C:/Users/spi085/AppData/Local/Programs/R/R-44~1.1/library/RCPPEI~1/include\"   -DTMB_EIGEN_DISABLE_WARNINGS   -DTMB_LIB_INIT=R_init_model  -DCPPAD_FRAMEWORK    -I\"C:/rtools44/x86_64-w64-mingw32.static.posix/include\"     -O2 -Wa,-mbig-obj -c POPULATIONS//POPULATION_0014//INDIVIDUAL_S6LEOA5A/model.cpp -o POPULATIONS//POPULATION_0014//INDIVIDUAL_S6LEOA5A/model.o\ng++ -std=gnu++17 -shared -s -static-libgcc -o POPULATIONS//POPULATION_0014//INDIVIDUAL_S6LEOA5A/model.dll tmp.def POPULATIONS//POPULATION_0014//INDIVIDUAL_S6LEOA5A/model.o -LC:/rtools44/x86_64-w64-mingw32.static.posix/lib/x64 -LC:/rtools44/x86_64-w64-mingw32.static.posix/lib -LC:/Users/spi085/AppData/Local/Programs/R/R-4.4.1/bin/x64 -lR\nStarting model phases\nNumber of phases: 4 \nPhase 1 \nInitial parameter values for phase 1 :\nlog_r_cots log_r_slow log_r_fast \n    -0.693     -2.303     -0.693 \nFinal parameter values for phase 1 :\nlog_r_cots log_r_slow log_r_fast \n    -0.693     -2.303     -0.693 \nConvergence message: both X-convergence and relative convergence (5) \nNumber of iterations: 1 \nObjective function value: Inf \nGradient at solution for phase 1 :\n     [,1] [,2] [,3]\n[1,]    0    0    0\nPhase 2 \nInitial parameter values for phase 2 :\n              log_K_cots           log_alpha_slow           log_alpha_fast \n                   0.693                   -2.303                   -1.609 \n            log_temp_opt log_temp_coral_threshold \n                   3.332                    3.401 \nFinal parameter values for phase 2 :\n              log_K_cots           log_alpha_slow           log_alpha_fast \n                   0.693                   -2.303                   -1.609 \n            log_temp_opt log_temp_coral_threshold \n                   3.332                    3.401 \nConvergence message: both X-convergence and relative convergence (5) \nNumber of iterations: 1 \nObjective function value: Inf \nGradient at solution for phase 2 :\n     [,1] [,2] [,3] [,4] [,5]\n[1,]    0    0    0    0    0\nPhase 3 \nInitial parameter values for phase 3 :\n       log_pref_fast           log_K_slow           log_K_fast \n               0.693                3.912                3.401 \n      log_temp_width log_temp_coral_slope   log_cots_min_coral \n               0.693               -0.693                1.609 \nFinal parameter values for phase 3 :\n       log_pref_fast           log_K_slow           log_K_fast \n               0.693                3.912                3.401 \n      log_temp_width log_temp_coral_slope   log_cots_min_coral \n               0.693               -0.693                1.609 \nConvergence message: both X-convergence and relative convergence (5) \nNumber of iterations: 1 \nObjective function value: Inf \nGradient at solution for phase 3 :\n     [,1] [,2] [,3] [,4] [,5] [,6]\n[1,]    0    0    0    0    0    0\nPhase 4 \nInitial parameter values for phase 4 :\nlog_sigma_cots log_sigma_slow log_sigma_fast \n        -1.609         -1.204         -1.204 \nError in model phases: NA/NaN gradient evaluation",
      "stderr": "Loading required package: TMB\nLoading required package: jsonlite\nhere() starts at C:/Users/spi085/OneDrive - CSIRO/Documents/_Projects/SCCP-QuantModelling\nusing C++ compiler: 'G__~1.EXE (GCC) 13.2.0'\nError in value[[3L]](cond) : \n  Error in model phases: NA/NaN gradient evaluation\nCalls: tryCatch -> tryCatchList -> tryCatchOne -> <Anonymous>\nIn addition: Warning messages:\n1: In nlminb(model$par, model$fn, model$gr) : NA/NaN function evaluation\n2: In nlminb(model$par, model$fn, model$gr) : NA/NaN function evaluation\n3: In nlminb(model$par, model$fn, model$gr) : NA/NaN function evaluation\n4: In nlminb(model$par, model$fn, model$gr) : NA/NaN function evaluation\n5: In nlminb(model$par, model$fn, model$gr) : NA/NaN function evaluation\n6: In nlminb(model$par, model$fn, model$gr) : NA/NaN function evaluation\n7: In nlminb(model$par, model$fn, model$gr) : NA/NaN function evaluation\nExecution halted"
    },
    "7": {
      "status": "BROKEN"
    }
  }
}