{
  "iterations": {
    "1": {
      "status": "ERROR",
      "message": "R script failed with return code 1",
      "stdout": "g++ -std=gnu++17  -I\"C:/Users/spi085/AppData/Local/Programs/R/R-4.4.1/include\" -DNDEBUG -I\"C:/Users/spi085/AppData/Local/Programs/R/R-44~1.1/library/TMB/include\" -I\"C:/Users/spi085/AppData/Local/Programs/R/R-44~1.1/library/RCPPEI~1/include\"   -DTMB_EIGEN_DISABLE_WARNINGS   -DTMB_LIB_INIT=R_init_model  -DCPPAD_FRAMEWORK    -I\"C:/rtools44/x86_64-w64-mingw32.static.posix/include\"     -O2 -Wa,-mbig-obj -c POPULATIONS//POPULATION_0013//INDIVIDUAL_O9TD7RIY/model.cpp -o POPULATIONS//POPULATION_0013//INDIVIDUAL_O9TD7RIY/model.o\ng++ -std=gnu++17 -shared -s -static-libgcc -o POPULATIONS//POPULATION_0013//INDIVIDUAL_O9TD7RIY/model.dll tmp.def POPULATIONS//POPULATION_0013//INDIVIDUAL_O9TD7RIY/model.o -LC:/rtools44/x86_64-w64-mingw32.static.posix/lib/x64 -LC:/rtools44/x86_64-w64-mingw32.static.posix/lib -LC:/Users/spi085/AppData/Local/Programs/R/R-4.4.1/bin/x64 -lR\nStarting model phases\nNumber of phases: 3 \nPhase 1 \nInitial parameter values for phase 1 :\n         r_cots        temp_opt coral_temp_sens          a_slow          a_fast \n             NA              27              NA              NA              NA \n         r_slow          r_fast \n             NA              NA \nError in model phases: NA/NaN gradient evaluation",
      "stderr": "Loading required package: TMB\nLoading required package: jsonlite\nhere() starts at C:/Users/spi085/OneDrive - CSIRO/Documents/_Projects/SCCP-QuantModelling\nusing C++ compiler: 'G__~1.EXE (GCC) 13.2.0'\nError in value[[3L]](cond) : \n  Error in model phases: NA/NaN gradient evaluation\nCalls: tryCatch -> tryCatchList -> tryCatchOne -> <Anonymous>\nIn addition: Warning message:\nIn nlminb(model$par, model$fn, model$gr) : NA/NaN function evaluation\nExecution halted"
    },
    "2": {
      "status": "ERROR",
      "message": "R script failed with return code 1",
      "stdout": "g++ -std=gnu++17  -I\"C:/Users/spi085/AppData/Local/Programs/R/R-4.4.1/include\" -DNDEBUG -I\"C:/Users/spi085/AppData/Local/Programs/R/R-44~1.1/library/TMB/include\" -I\"C:/Users/spi085/AppData/Local/Programs/R/R-44~1.1/library/RCPPEI~1/include\"   -DTMB_EIGEN_DISABLE_WARNINGS   -DTMB_LIB_INIT=R_init_model  -DCPPAD_FRAMEWORK    -I\"C:/rtools44/x86_64-w64-mingw32.static.posix/include\"     -O2 -Wa,-mbig-obj -c POPULATIONS//POPULATION_0013//INDIVIDUAL_O9TD7RIY/model.cpp -o POPULATIONS//POPULATION_0013//INDIVIDUAL_O9TD7RIY/model.o\ng++ -std=gnu++17 -shared -s -static-libgcc -o POPULATIONS//POPULATION_0013//INDIVIDUAL_O9TD7RIY/model.dll tmp.def POPULATIONS//POPULATION_0013//INDIVIDUAL_O9TD7RIY/model.o -LC:/rtools44/x86_64-w64-mingw32.static.posix/lib/x64 -LC:/rtools44/x86_64-w64-mingw32.static.posix/lib -LC:/Users/spi085/AppData/Local/Programs/R/R-4.4.1/bin/x64 -lR\nStarting model phases\nNumber of phases: 3 \nPhase 1 \nInitial parameter values for phase 1 :\n         r_cots        temp_opt coral_temp_sens          a_slow          a_fast \n             NA              27              NA              NA              NA \n         r_slow          r_fast \n             NA              NA \nError in model phases: NA/NaN gradient evaluation",
      "stderr": "Loading required package: TMB\nLoading required package: jsonlite\nhere() starts at C:/Users/spi085/OneDrive - CSIRO/Documents/_Projects/SCCP-QuantModelling\nusing C++ compiler: 'G__~1.EXE (GCC) 13.2.0'\nError in value[[3L]](cond) : \n  Error in model phases: NA/NaN gradient evaluation\nCalls: tryCatch -> tryCatchList -> tryCatchOne -> <Anonymous>\nIn addition: Warning message:\nIn nlminb(model$par, model$fn, model$gr) : NA/NaN function evaluation\nExecution halted"
    },
    "3": {
      "status": "ERROR",
      "message": "Model failed to compile.",
      "stdout": "g++ -std=gnu++17  -I\"C:/Users/spi085/AppData/Local/Programs/R/R-4.4.1/include\" -DNDEBUG -I\"C:/Users/spi085/AppData/Local/Programs/R/R-44~1.1/library/TMB/include\" -I\"C:/Users/spi085/AppData/Local/Programs/R/R-44~1.1/library/RCPPEI~1/include\"   -DTMB_EIGEN_DISABLE_WARNINGS   -DTMB_LIB_INIT=R_init_model  -DCPPAD_FRAMEWORK    -I\"C:/rtools44/x86_64-w64-mingw32.static.posix/include\"     -O2 -Wa,-mbig-obj -c POPULATIONS//POPULATION_0013//INDIVIDUAL_O9TD7RIY/model.cpp -o POPULATIONS//POPULATION_0013//INDIVIDUAL_O9TD7RIY/model.o",
      "stderr": "Loading required package: TMB\nLoading required package: jsonlite\nhere() starts at C:/Users/spi085/OneDrive - CSIRO/Documents/_Projects/SCCP-QuantModelling\nusing C++ compiler: 'G__~1.EXE (GCC) 13.2.0'\nPOPULATIONS//POPULATION_0013//INDIVIDUAL_O9TD7RIY/model.cpp: In instantiation of 'Type objective_function<Type>::operator()() [with Type = CppAD::AD<double>]':\nC:/Users/spi085/AppData/Local/Programs/R/R-4.4.1/library/TMB/include/tmb_core.hpp:1308:6:   required from here\nPOPULATIONS//POPULATION_0013//INDIVIDUAL_O9TD7RIY/model.cpp:63:28: error: no matching function for call to 'max(CppAD::AD<double>, CppAD::AD<double>&)'\n   63 |     coral_temp_effect = max(Type(1.0), coral_temp_effect); // Only increase vulnerability, don't decrease\n      |                         ~~~^~~~~~~~~~~~~~~~~~~~~~~~~~~~~~\nIn file included from C:/Users/spi085/AppData/Local/Programs/R/R-4.4.1/library/TMB/include/TMB.hpp:215,\n                 from POPULATIONS//POPULATION_0013//INDIVIDUAL_O9TD7RIY/model.cpp:1:\nC:/Users/spi085/AppData/Local/Programs/R/R-4.4.1/library/TMB/include/convenience.hpp:145:6: note: candidate: 'template<class Type> Type max(const tmbutils::vector<Type>&)'\n  145 | Type max(const vector<Type> &x)\n      |      ^~~\nC:/Users/spi085/AppData/Local/Programs/R/R-4.4.1/library/TMB/include/convenience.hpp:145:6: note:   template argument deduction/substitution failed:\nPOPULATIONS//POPULATION_0013//INDIVIDUAL_O9TD7RIY/model.cpp:63:28: note:   'CppAD::AD<double>' is not derived from 'const tmbutils::vector<Type>'\n   63 |     coral_temp_effect = max(Type(1.0), coral_temp_effect); // Only increase vulnerability, don't decrease\n      |                         ~~~^~~~~~~~~~~~~~~~~~~~~~~~~~~~~~\nPOPULATIONS//POPULATION_0013//INDIVIDUAL_O9TD7RIY/model.cpp: In instantiation of 'Type objective_function<Type>::operator()() [with Type = double]':\nC:/Users/spi085/AppData/Local/Programs/R/R-4.4.1/library/TMB/include/tmb_core.hpp:2031:7:   required from here\nPOPULATIONS//POPULATION_0013//INDIVIDUAL_O9TD7RIY/model.cpp:63:28: error: no matching function for call to 'max(double, double&)'\nC:/Users/spi085/AppData/Local/Programs/R/R-4.4.1/library/TMB/include/convenience.hpp:145:6: note: candidate: 'template<class Type> Type max(const tmbutils::vector<Type>&)'\n  145 | Type max(const vector<Type> &x)\n      |      ^~~\nC:/Users/spi085/AppData/Local/Programs/R/R-4.4.1/library/TMB/include/convenience.hpp:145:6: note:   template argument deduction/substitution failed:\nPOPULATIONS//POPULATION_0013//INDIVIDUAL_O9TD7RIY/model.cpp:63:28: note:   mismatched types 'const tmbutils::vector<Type>' and 'double'\n   63 |     coral_temp_effect = max(Type(1.0), coral_temp_effect); // Only increase vulnerability, don't decrease\n      |                         ~~~^~~~~~~~~~~~~~~~~~~~~~~~~~~~~~\nPOPULATIONS//POPULATION_0013//INDIVIDUAL_O9TD7RIY/model.cpp: In instantiation of 'Type objective_function<Type>::operator()() [with Type = CppAD::AD<CppAD::AD<double> >]':\nC:/Users/spi085/AppData/Local/Programs/R/R-4.4.1/library/TMB/include/tmb_core.hpp:913:29:   required from 'Type objective_function<Type>::evalUserTemplate() [with Type = CppAD::AD<CppAD::AD<double> >]'\nC:/Users/spi085/AppData/Local/Programs/R/R-4.4.1/library/TMB/include/tmb_core.hpp:2112:26:   required from here\nPOPULATIONS//POPULATION_0013//INDIVIDUAL_O9TD7RIY/model.cpp:63:28: error: no matching function for call to 'max(CppAD::AD<CppAD::AD<double> >, CppAD::AD<CppAD::AD<double> >&)'\nC:/Users/spi085/AppData/Local/Programs/R/R-4.4.1/library/TMB/include/convenience.hpp:145:6: note: candidate: 'template<class Type> Type max(const tmbutils::vector<Type>&)'\n  145 | Type max(const vector<Type> &x)\n      |      ^~~\nC:/Users/spi085/AppData/Local/Programs/R/R-4.4.1/library/TMB/include/convenience.hpp:145:6: note:   template argument deduction/substitution failed:\nPOPULATIONS//POPULATION_0013//INDIVIDUAL_O9TD7RIY/model.cpp:63:28: note:   'CppAD::AD<CppAD::AD<double> >' is not derived from 'const tmbutils::vector<Type>'\n   63 |     coral_temp_effect = max(Type(1.0), coral_temp_effect); // Only increase vulnerability, don't decrease\n      |                         ~~~^~~~~~~~~~~~~~~~~~~~~~~~~~~~~~\nPOPULATIONS//POPULATION_0013//INDIVIDUAL_O9TD7RIY/model.cpp: In instantiation of 'Type objective_function<Type>::operator()() [with Type = CppAD::AD<CppAD::AD<CppAD::AD<double> > >]':\nC:/Users/spi085/AppData/Local/Programs/R/R-4.4.1/library/TMB/include/tmb_core.hpp:913:29:   required from 'Type objective_function<Type>::evalUserTemplate() [with Type = CppAD::AD<CppAD::AD<CppAD::AD<double> > >]'\nC:/Users/spi085/AppData/Local/Programs/R/R-4.4.1/library/TMB/include/tmb_core.hpp:2361:28:   required from here\nPOPULATIONS//POPULATION_0013//INDIVIDUAL_O9TD7RIY/model.cpp:63:28: error: no matching function for call to 'max(CppAD::AD<CppAD::AD<CppAD::AD<double> > >, CppAD::AD<CppAD::AD<CppAD::AD<double> > >&)'\nC:/Users/spi085/AppData/Local/Programs/R/R-4.4.1/library/TMB/include/convenience.hpp:145:6: note: candidate: 'template<class Type> Type max(const tmbutils::vector<Type>&)'\n  145 | Type max(const vector<Type> &x)\n      |      ^~~\nC:/Users/spi085/AppData/Local/Programs/R/R-4.4.1/library/TMB/include/convenience.hpp:145:6: note:   template argument deduction/substitution failed:\nPOPULATIONS//POPULATION_0013//INDIVIDUAL_O9TD7RIY/model.cpp:63:28: note:   'CppAD::AD<CppAD::AD<CppAD::AD<double> > >' is not derived from 'const tmbutils::vector<Type>'\n   63 |     coral_temp_effect = max(Type(1.0), coral_temp_effect); // Only increase vulnerability, don't decrease\n      |                         ~~~^~~~~~~~~~~~~~~~~~~~~~~~~~~~~~\nmake: *** [C:/Users/spi085/AppData/Local/Programs/R/R-4.4.1/etc/x64/Makeconf:296: POPULATIONS//POPULATION_0013//INDIVIDUAL_O9TD7RIY/model.o] Error 1\nError in TMB::compile(file.path(individual_dir, model_file), flags = flags,  : \n  Compilation failed\nError: Compilation failed\nExecution halted"
    },
    "4": {
      "status": "ERROR",
      "message": "R script failed with return code 1",
      "stdout": "g++ -std=gnu++17  -I\"C:/Users/spi085/AppData/Local/Programs/R/R-4.4.1/include\" -DNDEBUG -I\"C:/Users/spi085/AppData/Local/Programs/R/R-44~1.1/library/TMB/include\" -I\"C:/Users/spi085/AppData/Local/Programs/R/R-44~1.1/library/RCPPEI~1/include\"   -DTMB_EIGEN_DISABLE_WARNINGS   -DTMB_LIB_INIT=R_init_model  -DCPPAD_FRAMEWORK    -I\"C:/rtools44/x86_64-w64-mingw32.static.posix/include\"     -O2 -Wa,-mbig-obj -c POPULATIONS//POPULATION_0013//INDIVIDUAL_O9TD7RIY/model.cpp -o POPULATIONS//POPULATION_0013//INDIVIDUAL_O9TD7RIY/model.o\ng++ -std=gnu++17 -shared -s -static-libgcc -o POPULATIONS//POPULATION_0013//INDIVIDUAL_O9TD7RIY/model.dll tmp.def POPULATIONS//POPULATION_0013//INDIVIDUAL_O9TD7RIY/model.o -LC:/rtools44/x86_64-w64-mingw32.static.posix/lib/x64 -LC:/rtools44/x86_64-w64-mingw32.static.posix/lib -LC:/Users/spi085/AppData/Local/Programs/R/R-4.4.1/bin/x64 -lR\nStarting model phases\nNumber of phases: 3 \nPhase 1 \nInitial parameter values for phase 1 :\n         r_cots        temp_opt coral_temp_sens          a_slow          a_fast \n             NA              27              NA              NA              NA \n         r_slow          r_fast \n             NA              NA \nError in model phases: NA/NaN gradient evaluation",
      "stderr": "Loading required package: TMB\nLoading required package: jsonlite\nhere() starts at C:/Users/spi085/OneDrive - CSIRO/Documents/_Projects/SCCP-QuantModelling\nusing C++ compiler: 'G__~1.EXE (GCC) 13.2.0'\nError in value[[3L]](cond) : \n  Error in model phases: NA/NaN gradient evaluation\nCalls: tryCatch -> tryCatchList -> tryCatchOne -> <Anonymous>\nIn addition: Warning message:\nIn nlminb(model$par, model$fn, model$gr) : NA/NaN function evaluation\nExecution halted"
    },
    "5": {
      "status": "ERROR",
      "message": "Model failed to compile.",
      "stdout": "g++ -std=gnu++17  -I\"C:/Users/spi085/AppData/Local/Programs/R/R-4.4.1/include\" -DNDEBUG -I\"C:/Users/spi085/AppData/Local/Programs/R/R-44~1.1/library/TMB/include\" -I\"C:/Users/spi085/AppData/Local/Programs/R/R-44~1.1/library/RCPPEI~1/include\"   -DTMB_EIGEN_DISABLE_WARNINGS   -DTMB_LIB_INIT=R_init_model  -DCPPAD_FRAMEWORK    -I\"C:/rtools44/x86_64-w64-mingw32.static.posix/include\"     -O2 -Wa,-mbig-obj -c POPULATIONS//POPULATION_0013//INDIVIDUAL_O9TD7RIY/model.cpp -o POPULATIONS//POPULATION_0013//INDIVIDUAL_O9TD7RIY/model.o",
      "stderr": "Loading required package: TMB\nLoading required package: jsonlite\nhere() starts at C:/Users/spi085/OneDrive - CSIRO/Documents/_Projects/SCCP-QuantModelling\nusing C++ compiler: 'G__~1.EXE (GCC) 13.2.0'\nPOPULATIONS//POPULATION_0013//INDIVIDUAL_O9TD7RIY/model.cpp: In instantiation of 'Type objective_function<Type>::operator()() [with Type = double]':\nC:/Users/spi085/AppData/Local/Programs/R/R-4.4.1/library/TMB/include/tmb_core.hpp:2031:7:   required from here\nPOPULATIONS//POPULATION_0013//INDIVIDUAL_O9TD7RIY/model.cpp:95:16: error: 'isfinite' was not declared in this scope\n   95 |     if(isfinite(obs_cots) && isfinite(pred_cots))\n      |        ~~~~~~~~^~~~~~~~~~\nPOPULATIONS//POPULATION_0013//INDIVIDUAL_O9TD7RIY/model.cpp:95:16: note: suggested alternatives:\nIn file included from C:/Users/spi085/AppData/Local/Programs/R/R-44~1.1/library/RCPPEI~1/include/Eigen/src/Core/util/Macros.h:679,\n                 from C:/Users/spi085/AppData/Local/Programs/R/R-44~1.1/library/RCPPEI~1/include/Eigen/Core:19,\n                 from C:/Users/spi085/AppData/Local/Programs/R/R-44~1.1/library/RCPPEI~1/include/Eigen/Dense:1,\n                 from C:/Users/spi085/AppData/Local/Programs/R/R-4.4.1/library/TMB/include/TMB.hpp:92,\n                 from POPULATIONS//POPULATION_0013//INDIVIDUAL_O9TD7RIY/model.cpp:1:\nC:/rtools44/x86_64-w64-mingw32.static.posix/lib/gcc/x86_64-w64-mingw32.static.posix/13.2.0/include/c++/cmath:1138:5: note:   'std::isfinite'\n 1138 |     isfinite(_Tp __x)\n      |     ^~~~~~~~\nIn file included from C:/Users/spi085/AppData/Local/Programs/R/R-44~1.1/library/RCPPEI~1/include/Eigen/Core:380:\nC:/Users/spi085/AppData/Local/Programs/R/R-44~1.1/library/RCPPEI~1/include/Eigen/src/Core/GlobalFunctions.h:99:36: note:   'Eigen::isfinite'\n   99 |   EIGEN_ARRAY_DECLARE_GLOBAL_UNARY(isfinite,scalar_isfinite_op,finite value test,\\sa Eigen::isinf DOXCOMMA Eigen::isnan DOXCOMMA ArrayBase::isfinite)\n      |                                    ^~~~~~~~\nC:/Users/spi085/AppData/Local/Programs/R/R-44~1.1/library/RCPPEI~1/include/Eigen/src/Core/GlobalFunctions.h:32:4: note: in definition of macro 'EIGEN_ARRAY_DECLARE_GLOBAL_UNARY'\n   32 |   (NAME)(const Eigen::ArrayBase<Derived>& x) { \\\n      |    ^~~~\nC:/Users/spi085/AppData/Local/Programs/R/R-4.4.1/library/TMB/include/TMB.hpp:189:8: note:   'CppAD::isfinite'\n  189 |   bool isfinite(const AD<T> &x)CSKIP({ return isfinite(Value(x)); })\n      |        ^~~~~~~~\nC:/rtools44/x86_64-w64-mingw32.static.posix/lib/gcc/x86_64-w64-mingw32.static.posix/13.2.0/include/c++/cmath:1122:3: note:   'std::isfinite'\n 1122 |   isfinite(float __x)\n      |   ^~~~~~~~\nIn file included from C:/Users/spi085/AppData/Local/Programs/R/R-44~1.1/library/RCPPEI~1/include/Eigen/Core:171:\nC:/Users/spi085/AppData/Local/Programs/R/R-44~1.1/library/RCPPEI~1/include/Eigen/src/Core/MathFunctions.h:1372:46: note:   'Eigen::numext::isfinite'\n 1372 | template<typename T> EIGEN_DEVICE_FUNC bool (isfinite)(const T &x) { return internal::isfinite_impl(x); }\n      |                                              ^~~~~~~~\nIn file included from C:/Users/spi085/AppData/Local/Programs/R/R-44~1.1/library/RCPPEI~1/include/Eigen/Core:176:\nC:/Users/spi085/AppData/Local/Programs/R/R-44~1.1/library/RCPPEI~1/include/Eigen/src/Core/arch/Default/Half.h:642:45: note:   'Eigen::half_impl::isfinite'\n  642 | EIGEN_STRONG_INLINE EIGEN_DEVICE_FUNC bool (isfinite)(const half& a) {\n      |                                             ^~~~~~~~\nIn file included from C:/Users/spi085/AppData/Local/Programs/R/R-44~1.1/library/RCPPEI~1/include/Eigen/Core:177:\nC:/Users/spi085/AppData/Local/Programs/R/R-44~1.1/library/RCPPEI~1/include/Eigen/src/Core/arch/Default/BFloat16.h:484:45: note:   'Eigen::bfloat16_impl::isfinite'\n  484 | EIGEN_STRONG_INLINE EIGEN_DEVICE_FUNC bool (isfinite)(const bfloat16& a) {\n      |                                             ^~~~~~~~\nIn file included from C:/Users/spi085/AppData/Local/Programs/R/R-4.4.1/library/TMB/include/tiny_ad/atomic.hpp:15,\n                 from C:/Users/spi085/AppData/Local/Programs/R/R-4.4.1/library/TMB/include/TMB.hpp:203:\nC:/Users/spi085/AppData/Local/Programs/R/R-4.4.1/library/TMB/include/tiny_ad/tiny_ad/tiny_ad.hpp:148:8: note:   'atomic::tiny_ad::isfinite'\n  148 |   bool isfinite(const ad<T, V> &x){return isfinite(x.value);}\n      |        ^~~~~~~~\nPOPULATIONS//POPULATION_0013//INDIVIDUAL_O9TD7RIY/model.cpp:95:38: error: 'isfinite' was not declared in this scope, and no declarations were found by argument-dependent lookup at the point of instantiation\n   95 |     if(isfinite(obs_cots) && isfinite(pred_cots))\n      |                              ~~~~~~~~^~~~~~~~~~~\nPOPULATIONS//POPULATION_0013//INDIVIDUAL_O9TD7RIY/model.cpp:95:16: note: 'isfinite' declared here, later in the translation unit\n   95 |     if(isfinite(obs_cots) && isfinite(pred_cots))\n      |        ~~~~~~~~^~~~~~~~~~\nPOPULATIONS//POPULATION_0013//INDIVIDUAL_O9TD7RIY/model.cpp:97:16: error: 'isfinite' was not declared in this scope\n   97 |     if(isfinite(obs_slow) && isfinite(pred_slow))\n      |        ~~~~~~~~^~~~~~~~~~\nPOPULATIONS//POPULATION_0013//INDIVIDUAL_O9TD7RIY/model.cpp:97:16: note: suggested alternatives:\nC:/rtools44/x86_64-w64-mingw32.static.posix/lib/gcc/x86_64-w64-mingw32.static.posix/13.2.0/include/c++/cmath:1138:5: note:   'std::isfinite'\n 1138 |     isfinite(_Tp __x)\n      |     ^~~~~~~~\nC:/Users/spi085/AppData/Local/Programs/R/R-44~1.1/library/RCPPEI~1/include/Eigen/src/Core/GlobalFunctions.h:99:36: note:   'Eigen::isfinite'\n   99 |   EIGEN_ARRAY_DECLARE_GLOBAL_UNARY(isfinite,scalar_isfinite_op,finite value test,\\sa Eigen::isinf DOXCOMMA Eigen::isnan DOXCOMMA ArrayBase::isfinite)\n      |                                    ^~~~~~~~\nC:/Users/spi085/AppData/Local/Programs/R/R-44~1.1/library/RCPPEI~1/include/Eigen/src/Core/GlobalFunctions.h:32:4: note: in definition of macro 'EIGEN_ARRAY_DECLARE_GLOBAL_UNARY'\n   32 |   (NAME)(const Eigen::ArrayBase<Derived>& x) { \\\n      |    ^~~~\nC:/Users/spi085/AppData/Local/Programs/R/R-4.4.1/library/TMB/include/TMB.hpp:189:8: note:   'CppAD::isfinite'\n  189 |   bool isfinite(const AD<T> &x)CSKIP({ return isfinite(Value(x)); })\n      |        ^~~~~~~~\nC:/rtools44/x86_64-w64-mingw32.static.posix/lib/gcc/x86_64-w64-mingw32.static.posix/13.2.0/include/c++/cmath:1122:3: note:   'std::isfinite'\n 1122 |   isfinite(float __x)\n      |   ^~~~~~~~\nC:/Users/spi085/AppData/Local/Programs/R/R-44~1.1/library/RCPPEI~1/include/Eigen/src/Core/MathFunctions.h:1372:46: note:   'Eigen::numext::isfinite'\n 1372 | template<typename T> EIGEN_DEVICE_FUNC bool (isfinite)(const T &x) { return internal::isfinite_impl(x); }\n      |                                              ^~~~~~~~\nC:/Users/spi085/AppData/Local/Programs/R/R-44~1.1/library/RCPPEI~1/include/Eigen/src/Core/arch/Default/Half.h:642:45: note:   'Eigen::half_impl::isfinite'\n  642 | EIGEN_STRONG_INLINE EIGEN_DEVICE_FUNC bool (isfinite)(const half& a) {\n      |                                             ^~~~~~~~\nC:/Users/spi085/AppData/Local/Programs/R/R-44~1.1/library/RCPPEI~1/include/Eigen/src/Core/arch/Default/BFloat16.h:484:45: note:   'Eigen::bfloat16_impl::isfinite'\n  484 | EIGEN_STRONG_INLINE EIGEN_DEVICE_FUNC bool (isfinite)(const bfloat16& a) {\n      |                                             ^~~~~~~~\nC:/Users/spi085/AppData/Local/Programs/R/R-4.4.1/library/TMB/include/tiny_ad/tiny_ad/tiny_ad.hpp:148:8: note:   'atomic::tiny_ad::isfinite'\n  148 |   bool isfinite(const ad<T, V> &x){return isfinite(x.value);}\n      |        ^~~~~~~~\nPOPULATIONS//POPULATION_0013//INDIVIDUAL_O9TD7RIY/model.cpp:97:38: error: 'isfinite' was not declared in this scope, and no declarations were found by argument-dependent lookup at the point of instantiation\n   97 |     if(isfinite(obs_slow) && isfinite(pred_slow))\n      |                              ~~~~~~~~^~~~~~~~~~~\nPOPULATIONS//POPULATION_0013//INDIVIDUAL_O9TD7RIY/model.cpp:97:16: note: 'isfinite' declared here, later in the translation unit\n   97 |     if(isfinite(obs_slow) && isfinite(pred_slow))\n      |        ~~~~~~~~^~~~~~~~~~\nPOPULATIONS//POPULATION_0013//INDIVIDUAL_O9TD7RIY/model.cpp:99:16: error: 'isfinite' was not declared in this scope\n   99 |     if(isfinite(obs_fast) && isfinite(pred_fast))\n      |        ~~~~~~~~^~~~~~~~~~\nPOPULATIONS//POPULATION_0013//INDIVIDUAL_O9TD7RIY/model.cpp:99:16: note: suggested alternatives:\nC:/rtools44/x86_64-w64-mingw32.static.posix/lib/gcc/x86_64-w64-mingw32.static.posix/13.2.0/include/c++/cmath:1138:5: note:   'std::isfinite'\n 1138 |     isfinite(_Tp __x)\n      |     ^~~~~~~~\nC:/Users/spi085/AppData/Local/Programs/R/R-44~1.1/library/RCPPEI~1/include/Eigen/src/Core/GlobalFunctions.h:99:36: note:   'Eigen::isfinite'\n   99 |   EIGEN_ARRAY_DECLARE_GLOBAL_UNARY(isfinite,scalar_isfinite_op,finite value test,\\sa Eigen::isinf DOXCOMMA Eigen::isnan DOXCOMMA ArrayBase::isfinite)\n      |                                    ^~~~~~~~\nC:/Users/spi085/AppData/Local/Programs/R/R-44~1.1/library/RCPPEI~1/include/Eigen/src/Core/GlobalFunctions.h:32:4: note: in definition of macro 'EIGEN_ARRAY_DECLARE_GLOBAL_UNARY'\n   32 |   (NAME)(const Eigen::ArrayBase<Derived>& x) { \\\n      |    ^~~~\nC:/Users/spi085/AppData/Local/Programs/R/R-4.4.1/library/TMB/include/TMB.hpp:189:8: note:   'CppAD::isfinite'\n  189 |   bool isfinite(const AD<T> &x)CSKIP({ return isfinite(Value(x)); })\n      |        ^~~~~~~~\nC:/rtools44/x86_64-w64-mingw32.static.posix/lib/gcc/x86_64-w64-mingw32.static.posix/13.2.0/include/c++/cmath:1122:3: note:   'std::isfinite'\n 1122 |   isfinite(float __x)\n      |   ^~~~~~~~\nC:/Users/spi085/AppData/Local/Programs/R/R-44~1.1/library/RCPPEI~1/include/Eigen/src/Core/MathFunctions.h:1372:46: note:   'Eigen::numext::isfinite'\n 1372 | template<typename T> EIGEN_DEVICE_FUNC bool (isfinite)(const T &x) { return internal::isfinite_impl(x); }\n      |                                              ^~~~~~~~\nC:/Users/spi085/AppData/Local/Programs/R/R-44~1.1/library/RCPPEI~1/include/Eigen/src/Core/arch/Default/Half.h:642:45: note:   'Eigen::half_impl::isfinite'\n  642 | EIGEN_STRONG_INLINE EIGEN_DEVICE_FUNC bool (isfinite)(const half& a) {\n      |                                             ^~~~~~~~\nC:/Users/spi085/AppData/Local/Programs/R/R-44~1.1/library/RCPPEI~1/include/Eigen/src/Core/arch/Default/BFloat16.h:484:45: note:   'Eigen::bfloat16_impl::isfinite'\n  484 | EIGEN_STRONG_INLINE EIGEN_DEVICE_FUNC bool (isfinite)(const bfloat16& a) {\n      |                                             ^~~~~~~~\nC:/Users/spi085/AppData/Local/Programs/R/R-4.4.1/library/TMB/include/tiny_ad/tiny_ad/tiny_ad.hpp:148:8: note:   'atomic::tiny_ad::isfinite'\n  148 |   bool isfinite(const ad<T, V> &x){return isfinite(x.value);}\n      |        ^~~~~~~~\nPOPULATIONS//POPULATION_0013//INDIVIDUAL_O9TD7RIY/model.cpp:99:38: error: 'isfinite' was not declared in this scope, and no declarations were found by argument-dependent lookup at the point of instantiation\n   99 |     if(isfinite(obs_fast) && isfinite(pred_fast))\n      |                              ~~~~~~~~^~~~~~~~~~~\nPOPULATIONS//POPULATION_0013//INDIVIDUAL_O9TD7RIY/model.cpp:99:16: note: 'isfinite' declared here, later in the translation unit\n   99 |     if(isfinite(obs_fast) && isfinite(pred_fast))\n      |        ~~~~~~~~^~~~~~~~~~\nmake: *** [C:/Users/spi085/AppData/Local/Programs/R/R-4.4.1/etc/x64/Makeconf:296: POPULATIONS//POPULATION_0013//INDIVIDUAL_O9TD7RIY/model.o] Error 1\nError in TMB::compile(file.path(individual_dir, model_file), flags = flags,  : \n  Compilation failed\nError: Compilation failed\nExecution halted"
    },
    "6": {
      "status": "ERROR",
      "message": "R script failed with return code 1",
      "stdout": "g++ -std=gnu++17  -I\"C:/Users/spi085/AppData/Local/Programs/R/R-4.4.1/include\" -DNDEBUG -I\"C:/Users/spi085/AppData/Local/Programs/R/R-44~1.1/library/TMB/include\" -I\"C:/Users/spi085/AppData/Local/Programs/R/R-44~1.1/library/RCPPEI~1/include\"   -DTMB_EIGEN_DISABLE_WARNINGS   -DTMB_LIB_INIT=R_init_model  -DCPPAD_FRAMEWORK    -I\"C:/rtools44/x86_64-w64-mingw32.static.posix/include\"     -O2 -Wa,-mbig-obj -c POPULATIONS//POPULATION_0013//INDIVIDUAL_O9TD7RIY/model.cpp -o POPULATIONS//POPULATION_0013//INDIVIDUAL_O9TD7RIY/model.o\ng++ -std=gnu++17 -shared -s -static-libgcc -o POPULATIONS//POPULATION_0013//INDIVIDUAL_O9TD7RIY/model.dll tmp.def POPULATIONS//POPULATION_0013//INDIVIDUAL_O9TD7RIY/model.o -LC:/rtools44/x86_64-w64-mingw32.static.posix/lib/x64 -LC:/rtools44/x86_64-w64-mingw32.static.posix/lib -LC:/Users/spi085/AppData/Local/Programs/R/R-4.4.1/bin/x64 -lR\nStarting model phases\nNumber of phases: 3 \nPhase 1 \nInitial parameter values for phase 1 :\n         r_cots        temp_opt coral_temp_sens          a_slow          a_fast \n             NA              27              NA              NA              NA \n         r_slow          r_fast \n             NA              NA \nError in model phases: NA/NaN gradient evaluation",
      "stderr": "Loading required package: TMB\nLoading required package: jsonlite\nhere() starts at C:/Users/spi085/OneDrive - CSIRO/Documents/_Projects/SCCP-QuantModelling\nusing C++ compiler: 'G__~1.EXE (GCC) 13.2.0'\nError in value[[3L]](cond) : \n  Error in model phases: NA/NaN gradient evaluation\nCalls: tryCatch -> tryCatchList -> tryCatchOne -> <Anonymous>\nIn addition: Warning message:\nIn nlminb(model$par, model$fn, model$gr) : NA/NaN function evaluation\nExecution halted"
    },
    "7": {
      "status": "BROKEN"
    }
  }
}