{
  "iterations": {
    "1": {
      "status": "ERROR",
      "message": "Model failed to compile.",
      "stdout": "g++ -std=gnu++17 -I\"/usr/share/R/include\" -DNDEBUG -I\"/home/spi085/R/x86_64-pc-linux-gnu-library/4.4/TMB/include\" -I\"/home/spi085/R/x86_64-pc-linux-gnu-library/4.4/RcppEigen/include\"   -DTMB_EIGEN_DISABLE_WARNINGS   -DTMB_LIB_INIT=R_init_model  -DCPPAD_FRAMEWORK      -fpic  -O2  -c POPULATIONS/POPULATION_0007/INDIVIDUAL_PQFYXN60/model.cpp -o POPULATIONS/POPULATION_0007/INDIVIDUAL_PQFYXN60/model.o",
      "stderr": "Loading required package: TMB\nLoading required package: jsonlite\nhere() starts at /home/spi085/Documents/_Projects/SCCP-QuantModelling\nusing C++ compiler: \u2018g++ (Ubuntu 13.3.0-6ubuntu2~24.04) 13.3.0\u2019\nPOPULATIONS/POPULATION_0007/INDIVIDUAL_PQFYXN60/model.cpp: In instantiation of \u2018Type objective_function<Type>::operator()() [with Type = CppAD::AD<double>]\u2019:\n/home/spi085/R/x86_64-pc-linux-gnu-library/4.4/TMB/include/tmb_core.hpp:1312:6:   required from here\nPOPULATIONS/POPULATION_0007/INDIVIDUAL_PQFYXN60/model.cpp:78:18: error: \u2018dlnorm\u2019 was not declared in this scope; did you mean \u2018dnorm\u2019?\n   78 |     nll -= dlnorm(cots_dat[t] + Type(1e-8), log(cots_pred[t] + Type(1e-8)), log_sd_cots, true);\n      |            ~~~~~~^~~~~~~~~~~~~~~~~~~~~~~~~~~~~~~~~~~~~~~~~~~~~~~~~~~~~~~~~~~~~~~~~~~~~~~~~~~~~\n      |            dnorm\nPOPULATIONS/POPULATION_0007/INDIVIDUAL_PQFYXN60/model.cpp:79:18: error: \u2018dlnorm\u2019 was not declared in this scope, and no declarations were found by argument-dependent lookup at the point of instantiation\n   79 |     nll -= dlnorm(fast_dat[t] + Type(1e-8), log(fast_pred[t] + Type(1e-8)), log_sd_fast, true);\n      |            ~~~~~~^~~~~~~~~~~~~~~~~~~~~~~~~~~~~~~~~~~~~~~~~~~~~~~~~~~~~~~~~~~~~~~~~~~~~~~~~~~~~\nPOPULATIONS/POPULATION_0007/INDIVIDUAL_PQFYXN60/model.cpp:78:18: note: \u2018dlnorm\u2019 declared here, later in the translation unit\n   78 |     nll -= dlnorm(cots_dat[t] + Type(1e-8), log(cots_pred[t] + Type(1e-8)), log_sd_cots, true);\n      |            ~~~~~~^~~~~~~~~~~~~~~~~~~~~~~~~~~~~~~~~~~~~~~~~~~~~~~~~~~~~~~~~~~~~~~~~~~~~~~~~~~~~\nPOPULATIONS/POPULATION_0007/INDIVIDUAL_PQFYXN60/model.cpp:80:18: error: \u2018dlnorm\u2019 was not declared in this scope, and no declarations were found by argument-dependent lookup at the point of instantiation\n   80 |     nll -= dlnorm(slow_dat[t] + Type(1e-8), log(slow_pred[t] + Type(1e-8)), log_sd_slow, true);\n      |            ~~~~~~^~~~~~~~~~~~~~~~~~~~~~~~~~~~~~~~~~~~~~~~~~~~~~~~~~~~~~~~~~~~~~~~~~~~~~~~~~~~~\nPOPULATIONS/POPULATION_0007/INDIVIDUAL_PQFYXN60/model.cpp:78:18: note: \u2018dlnorm\u2019 declared here, later in the translation unit\n   78 |     nll -= dlnorm(cots_dat[t] + Type(1e-8), log(cots_pred[t] + Type(1e-8)), log_sd_cots, true);\n      |            ~~~~~~^~~~~~~~~~~~~~~~~~~~~~~~~~~~~~~~~~~~~~~~~~~~~~~~~~~~~~~~~~~~~~~~~~~~~~~~~~~~~\nPOPULATIONS/POPULATION_0007/INDIVIDUAL_PQFYXN60/model.cpp: In instantiation of \u2018Type objective_function<Type>::operator()() [with Type = double]\u2019:\n/home/spi085/R/x86_64-pc-linux-gnu-library/4.4/TMB/include/tmb_core.hpp:2035:7:   required from here\nPOPULATIONS/POPULATION_0007/INDIVIDUAL_PQFYXN60/model.cpp:78:18: error: \u2018dlnorm\u2019 was not declared in this scope; did you mean \u2018dnorm\u2019?\n   78 |     nll -= dlnorm(cots_dat[t] + Type(1e-8), log(cots_pred[t] + Type(1e-8)), log_sd_cots, true);\n      |            ~~~~~~^~~~~~~~~~~~~~~~~~~~~~~~~~~~~~~~~~~~~~~~~~~~~~~~~~~~~~~~~~~~~~~~~~~~~~~~~~~~~\n      |            dnorm\nPOPULATIONS/POPULATION_0007/INDIVIDUAL_PQFYXN60/model.cpp:79:18: error: \u2018dlnorm\u2019 was not declared in this scope, and no declarations were found by argument-dependent lookup at the point of instantiation\n   79 |     nll -= dlnorm(fast_dat[t] + Type(1e-8), log(fast_pred[t] + Type(1e-8)), log_sd_fast, true);\n      |            ~~~~~~^~~~~~~~~~~~~~~~~~~~~~~~~~~~~~~~~~~~~~~~~~~~~~~~~~~~~~~~~~~~~~~~~~~~~~~~~~~~~\nPOPULATIONS/POPULATION_0007/INDIVIDUAL_PQFYXN60/model.cpp:78:18: note: \u2018dlnorm\u2019 declared here, later in the translation unit\n   78 |     nll -= dlnorm(cots_dat[t] + Type(1e-8), log(cots_pred[t] + Type(1e-8)), log_sd_cots, true);\n      |            ~~~~~~^~~~~~~~~~~~~~~~~~~~~~~~~~~~~~~~~~~~~~~~~~~~~~~~~~~~~~~~~~~~~~~~~~~~~~~~~~~~~\nPOPULATIONS/POPULATION_0007/INDIVIDUAL_PQFYXN60/model.cpp:80:18: error: \u2018dlnorm\u2019 was not declared in this scope, and no declarations were found by argument-dependent lookup at the point of instantiation\n   80 |     nll -= dlnorm(slow_dat[t] + Type(1e-8), log(slow_pred[t] + Type(1e-8)), log_sd_slow, true);\n      |            ~~~~~~^~~~~~~~~~~~~~~~~~~~~~~~~~~~~~~~~~~~~~~~~~~~~~~~~~~~~~~~~~~~~~~~~~~~~~~~~~~~~\nPOPULATIONS/POPULATION_0007/INDIVIDUAL_PQFYXN60/model.cpp:78:18: note: \u2018dlnorm\u2019 declared here, later in the translation unit\n   78 |     nll -= dlnorm(cots_dat[t] + Type(1e-8), log(cots_pred[t] + Type(1e-8)), log_sd_cots, true);\n      |            ~~~~~~^~~~~~~~~~~~~~~~~~~~~~~~~~~~~~~~~~~~~~~~~~~~~~~~~~~~~~~~~~~~~~~~~~~~~~~~~~~~~\nPOPULATIONS/POPULATION_0007/INDIVIDUAL_PQFYXN60/model.cpp: In instantiation of \u2018Type objective_function<Type>::operator()() [with Type = CppAD::AD<CppAD::AD<double> >]\u2019:\n/home/spi085/R/x86_64-pc-linux-gnu-library/4.4/TMB/include/tmb_core.hpp:917:29:   required from \u2018Type objective_function<Type>::evalUserTemplate() [with Type = CppAD::AD<CppAD::AD<double> >]\u2019\n/home/spi085/R/x86_64-pc-linux-gnu-library/4.4/TMB/include/tmb_core.hpp:2116:26:   required from here\nPOPULATIONS/POPULATION_0007/INDIVIDUAL_PQFYXN60/model.cpp:78:18: error: \u2018dlnorm\u2019 was not declared in this scope; did you mean \u2018dnorm\u2019?\n   78 |     nll -= dlnorm(cots_dat[t] + Type(1e-8), log(cots_pred[t] + Type(1e-8)), log_sd_cots, true);\n      |            ~~~~~~^~~~~~~~~~~~~~~~~~~~~~~~~~~~~~~~~~~~~~~~~~~~~~~~~~~~~~~~~~~~~~~~~~~~~~~~~~~~~\n      |            dnorm\nPOPULATIONS/POPULATION_0007/INDIVIDUAL_PQFYXN60/model.cpp:79:18: error: \u2018dlnorm\u2019 was not declared in this scope, and no declarations were found by argument-dependent lookup at the point of instantiation\n   79 |     nll -= dlnorm(fast_dat[t] + Type(1e-8), log(fast_pred[t] + Type(1e-8)), log_sd_fast, true);\n      |            ~~~~~~^~~~~~~~~~~~~~~~~~~~~~~~~~~~~~~~~~~~~~~~~~~~~~~~~~~~~~~~~~~~~~~~~~~~~~~~~~~~~\nPOPULATIONS/POPULATION_0007/INDIVIDUAL_PQFYXN60/model.cpp:78:18: note: \u2018dlnorm\u2019 declared here, later in the translation unit\n   78 |     nll -= dlnorm(cots_dat[t] + Type(1e-8), log(cots_pred[t] + Type(1e-8)), log_sd_cots, true);\n      |            ~~~~~~^~~~~~~~~~~~~~~~~~~~~~~~~~~~~~~~~~~~~~~~~~~~~~~~~~~~~~~~~~~~~~~~~~~~~~~~~~~~~\nPOPULATIONS/POPULATION_0007/INDIVIDUAL_PQFYXN60/model.cpp:80:18: error: \u2018dlnorm\u2019 was not declared in this scope, and no declarations were found by argument-dependent lookup at the point of instantiation\n   80 |     nll -= dlnorm(slow_dat[t] + Type(1e-8), log(slow_pred[t] + Type(1e-8)), log_sd_slow, true);\n      |            ~~~~~~^~~~~~~~~~~~~~~~~~~~~~~~~~~~~~~~~~~~~~~~~~~~~~~~~~~~~~~~~~~~~~~~~~~~~~~~~~~~~\nPOPULATIONS/POPULATION_0007/INDIVIDUAL_PQFYXN60/model.cpp:78:18: note: \u2018dlnorm\u2019 declared here, later in the translation unit\n   78 |     nll -= dlnorm(cots_dat[t] + Type(1e-8), log(cots_pred[t] + Type(1e-8)), log_sd_cots, true);\n      |            ~~~~~~^~~~~~~~~~~~~~~~~~~~~~~~~~~~~~~~~~~~~~~~~~~~~~~~~~~~~~~~~~~~~~~~~~~~~~~~~~~~~\nPOPULATIONS/POPULATION_0007/INDIVIDUAL_PQFYXN60/model.cpp: In instantiation of \u2018Type objective_function<Type>::operator()() [with Type = CppAD::AD<CppAD::AD<CppAD::AD<double> > >]\u2019:\n/home/spi085/R/x86_64-pc-linux-gnu-library/4.4/TMB/include/tmb_core.hpp:917:29:   required from \u2018Type objective_function<Type>::evalUserTemplate() [with Type = CppAD::AD<CppAD::AD<CppAD::AD<double> > >]\u2019\n/home/spi085/R/x86_64-pc-linux-gnu-library/4.4/TMB/include/tmb_core.hpp:2365:28:   required from here\nPOPULATIONS/POPULATION_0007/INDIVIDUAL_PQFYXN60/model.cpp:78:18: error: \u2018dlnorm\u2019 was not declared in this scope; did you mean \u2018dnorm\u2019?\n   78 |     nll -= dlnorm(cots_dat[t] + Type(1e-8), log(cots_pred[t] + Type(1e-8)), log_sd_cots, true);\n      |            ~~~~~~^~~~~~~~~~~~~~~~~~~~~~~~~~~~~~~~~~~~~~~~~~~~~~~~~~~~~~~~~~~~~~~~~~~~~~~~~~~~~\n      |            dnorm\nPOPULATIONS/POPULATION_0007/INDIVIDUAL_PQFYXN60/model.cpp:79:18: error: \u2018dlnorm\u2019 was not declared in this scope, and no declarations were found by argument-dependent lookup at the point of instantiation\n   79 |     nll -= dlnorm(fast_dat[t] + Type(1e-8), log(fast_pred[t] + Type(1e-8)), log_sd_fast, true);\n      |            ~~~~~~^~~~~~~~~~~~~~~~~~~~~~~~~~~~~~~~~~~~~~~~~~~~~~~~~~~~~~~~~~~~~~~~~~~~~~~~~~~~~\nPOPULATIONS/POPULATION_0007/INDIVIDUAL_PQFYXN60/model.cpp:78:18: note: \u2018dlnorm\u2019 declared here, later in the translation unit\n   78 |     nll -= dlnorm(cots_dat[t] + Type(1e-8), log(cots_pred[t] + Type(1e-8)), log_sd_cots, true);\n      |            ~~~~~~^~~~~~~~~~~~~~~~~~~~~~~~~~~~~~~~~~~~~~~~~~~~~~~~~~~~~~~~~~~~~~~~~~~~~~~~~~~~~\nPOPULATIONS/POPULATION_0007/INDIVIDUAL_PQFYXN60/model.cpp:80:18: error: \u2018dlnorm\u2019 was not declared in this scope, and no declarations were found by argument-dependent lookup at the point of instantiation\n   80 |     nll -= dlnorm(slow_dat[t] + Type(1e-8), log(slow_pred[t] + Type(1e-8)), log_sd_slow, true);\n      |            ~~~~~~^~~~~~~~~~~~~~~~~~~~~~~~~~~~~~~~~~~~~~~~~~~~~~~~~~~~~~~~~~~~~~~~~~~~~~~~~~~~~\nPOPULATIONS/POPULATION_0007/INDIVIDUAL_PQFYXN60/model.cpp:78:18: note: \u2018dlnorm\u2019 declared here, later in the translation unit\n   78 |     nll -= dlnorm(cots_dat[t] + Type(1e-8), log(cots_pred[t] + Type(1e-8)), log_sd_cots, true);\n      |            ~~~~~~^~~~~~~~~~~~~~~~~~~~~~~~~~~~~~~~~~~~~~~~~~~~~~~~~~~~~~~~~~~~~~~~~~~~~~~~~~~~~\nmake: *** [/usr/lib/R/etc/Makeconf:204: POPULATIONS/POPULATION_0007/INDIVIDUAL_PQFYXN60/model.o] Error 1\nError in TMB::compile(file.path(individual_dir, model_file), flags = flags,  : \n  Compilation failed\nError: Compilation failed\nExecution halted"
    },
    "2": {
      "status": "ERROR",
      "message": "R script failed with return code 1",
      "stdout": "g++ -std=gnu++17 -I\"/usr/share/R/include\" -DNDEBUG -I\"/home/spi085/R/x86_64-pc-linux-gnu-library/4.4/TMB/include\" -I\"/home/spi085/R/x86_64-pc-linux-gnu-library/4.4/RcppEigen/include\"   -DTMB_EIGEN_DISABLE_WARNINGS   -DTMB_LIB_INIT=R_init_model  -DCPPAD_FRAMEWORK      -fpic  -O2  -c POPULATIONS/POPULATION_0007/INDIVIDUAL_PQFYXN60/model.cpp -o POPULATIONS/POPULATION_0007/INDIVIDUAL_PQFYXN60/model.o\ng++ -std=gnu++17 -shared -L/usr/lib/R/lib -Wl,-Bsymbolic-functions -flto=auto -ffat-lto-objects -Wl,-z,relro -o POPULATIONS/POPULATION_0007/INDIVIDUAL_PQFYXN60/model.so POPULATIONS/POPULATION_0007/INDIVIDUAL_PQFYXN60/model.o -L/usr/lib/R/lib -lR\nStarting model phases\nNumber of phases: 3 \nPhase 1 \nInitial parameter values for phase 1 :\n       r_cots        K_cots     threshold outbreak_mult   log_sd_cots \n          0.5         100.0          50.0           0.5           0.1 \n  log_sd_fast   log_sd_slow \n          0.1           0.1 \nError in model phases: NA/NaN gradient evaluation",
      "stderr": "Loading required package: TMB\nLoading required package: jsonlite\nhere() starts at /home/spi085/Documents/_Projects/SCCP-QuantModelling\nusing C++ compiler: \u2018g++ (Ubuntu 13.3.0-6ubuntu2~24.04) 13.3.0\u2019\nError in value[[3L]](cond) : \n  Error in model phases: NA/NaN gradient evaluation\nCalls: tryCatch -> tryCatchList -> tryCatchOne -> <Anonymous>\nIn addition: Warning message:\nIn nlminb(model$par, model$fn, model$gr) : NA/NaN function evaluation\nExecution halted"
    },
    "3": {
      "status": "ERROR",
      "message": "R script failed with return code 1",
      "stdout": "g++ -std=gnu++17 -I\"/usr/share/R/include\" -DNDEBUG -I\"/home/spi085/R/x86_64-pc-linux-gnu-library/4.4/TMB/include\" -I\"/home/spi085/R/x86_64-pc-linux-gnu-library/4.4/RcppEigen/include\"   -DTMB_EIGEN_DISABLE_WARNINGS   -DTMB_LIB_INIT=R_init_model  -DCPPAD_FRAMEWORK      -fpic  -O2  -c POPULATIONS/POPULATION_0007/INDIVIDUAL_PQFYXN60/model.cpp -o POPULATIONS/POPULATION_0007/INDIVIDUAL_PQFYXN60/model.o\ng++ -std=gnu++17 -shared -L/usr/lib/R/lib -Wl,-Bsymbolic-functions -flto=auto -ffat-lto-objects -Wl,-z,relro -o POPULATIONS/POPULATION_0007/INDIVIDUAL_PQFYXN60/model.so POPULATIONS/POPULATION_0007/INDIVIDUAL_PQFYXN60/model.o -L/usr/lib/R/lib -lR\nStarting model phases\nNumber of phases: 3 \nPhase 1 \nInitial parameter values for phase 1 :\n       r_cots        K_cots     threshold outbreak_mult   log_sd_cots \n          0.5         100.0          50.0           0.5           0.1 \n  log_sd_fast   log_sd_slow \n          0.1           0.1 \nError in model phases: NA/NaN gradient evaluation",
      "stderr": "Loading required package: TMB\nLoading required package: jsonlite\nhere() starts at /home/spi085/Documents/_Projects/SCCP-QuantModelling\nusing C++ compiler: \u2018g++ (Ubuntu 13.3.0-6ubuntu2~24.04) 13.3.0\u2019\nError in value[[3L]](cond) : \n  Error in model phases: NA/NaN gradient evaluation\nCalls: tryCatch -> tryCatchList -> tryCatchOne -> <Anonymous>\nIn addition: Warning message:\nIn nlminb(model$par, model$fn, model$gr) : NA/NaN function evaluation\nExecution halted"
    },
    "4": {
      "status": "SUCCESS",
      "objective_value": 1.1484,
      "model_summary": [
        "            Length Class  Mode     ",
        "par         13     -none- numeric  ",
        "objective    1     -none- numeric  ",
        "convergence  1     -none- numeric  ",
        "iterations   1     -none- numeric  ",
        "evaluations  2     -none- numeric  ",
        "message      1     -none- character"
      ],
      "model_report": {
        "cots_pred": [
          0.2615,
          0.2538,
          0.2489,
          0.2701,
          0.1723,
          0.1618,
          0.1655,
          0.14,
          0.1126,
          0.094,
          1.5629,
          1.2245,
          2.5084,
          2.8216,
          2.064,
          0.9521,
          1.0032,
          1.1925,
          1.5663,
          1.0806,
          0.7792,
          0.4647,
          0.3544,
          0.2961,
          0.2781,
          0.1832
        ],
        "fast_pred": [
          10.0694,
          13.0372,
          16.1891,
          19.0534,
          21.1562,
          22.7886,
          23.7071,
          24.1376,
          24.4079,
          24.6076,
          24.7477,
          20.3344,
          19.0904,
          14.3689,
          9.637,
          7.0593,
          7.3212,
          7.4978,
          7.1436,
          5.5588,
          4.9623,
          5.0668,
          6.1678,
          7.9845,
          10.4759,
          13.4407
        ],
        "slow_pred": [
          12.7726,
          12.9519,
          13.0977,
          13.2136,
          13.2747,
          13.439,
          13.5733,
          13.6674,
          13.767,
          13.8725,
          13.9709,
          12.2564,
          11.381,
          9.1152,
          6.7559,
          5.3821,
          5.2873,
          5.1225,
          4.7129,
          3.8073,
          3.374,
          3.2383,
          3.4615,
          3.8565,
          4.384,
          5.0051
        ]
      },
      "plot_data": {
        "cots_pred": {
          "Year": [
            1980,
            1981,
            1982,
            1983,
            1984,
            1985,
            1986,
            1987,
            1988,
            1989,
            1990,
            1991,
            1992,
            1993,
            1994,
            1995,
            1996,
            1997,
            1998,
            1999,
            2000,
            2001,
            2002,
            2003,
            2004,
            2005
          ],
          "Modeled": [
            0.2615,
            0.2538,
            0.2489,
            0.2701,
            0.1723,
            0.1618,
            0.1655,
            0.14,
            0.1126,
            0.094,
            1.5629,
            1.2245,
            2.5084,
            2.8216,
            2.064,
            0.9521,
            1.0032,
            1.1925,
            1.5663,
            1.0806,
            0.7792,
            0.4647,
            0.3544,
            0.2961,
            0.2781,
            0.1832
          ],
          "Observed": [
            0.2615,
            0.5498,
            0.7268,
            0.5523,
            0.8281,
            0.547,
            0.758,
            0.6288,
            0.4762,
            0.6466,
            0.9107,
            2.152,
            0.6446,
            1.6723,
            0.4766,
            0.8075,
            0.3635,
            0.3728,
            0.6173,
            0.3107,
            0.256,
            0.2984,
            0.3362,
            0.2878,
            0.3221,
            0.4308
          ]
        },
        "fast_pred": {
          "Year": [
            1980,
            1981,
            1982,
            1983,
            1984,
            1985,
            1986,
            1987,
            1988,
            1989,
            1990,
            1991,
            1992,
            1993,
            1994,
            1995,
            1996,
            1997,
            1998,
            1999,
            2000,
            2001,
            2002,
            2003,
            2004,
            2005
          ],
          "Modeled": [
            10.0694,
            13.0372,
            16.1891,
            19.0534,
            21.1562,
            22.7886,
            23.7071,
            24.1376,
            24.4079,
            24.6076,
            24.7477,
            20.3344,
            19.0904,
            14.3689,
            9.637,
            7.0593,
            7.3212,
            7.4978,
            7.1436,
            5.5588,
            4.9623,
            5.0668,
            6.1678,
            7.9845,
            10.4759,
            13.4407
          ],
          "Observed": [
            10.0694,
            17.7236,
            23.8276,
            19.4181,
            15.6354,
            32.4596,
            21.5567,
            34.1938,
            18.8708,
            27.3176,
            44.3301,
            13.3275,
            11.3741,
            8.3362,
            15.207,
            12.443,
            11.0666,
            10.6442,
            2.3628,
            2.76,
            3.7236,
            7.0355,
            10.2239,
            8.4754,
            9.0819,
            13.7314
          ]
        },
        "slow_pred": {
          "Year": [
            1980,
            1981,
            1982,
            1983,
            1984,
            1985,
            1986,
            1987,
            1988,
            1989,
            1990,
            1991,
            1992,
            1993,
            1994,
            1995,
            1996,
            1997,
            1998,
            1999,
            2000,
            2001,
            2002,
            2003,
            2004,
            2005
          ],
          "Modeled": [
            12.7726,
            12.9519,
            13.0977,
            13.2136,
            13.2747,
            13.439,
            13.5733,
            13.6674,
            13.767,
            13.8725,
            13.9709,
            12.2564,
            11.381,
            9.1152,
            6.7559,
            5.3821,
            5.2873,
            5.1225,
            4.7129,
            3.8073,
            3.374,
            3.2383,
            3.4615,
            3.8565,
            4.384,
            5.0051
          ],
          "Observed": [
            12.7726,
            16.4147,
            12.7773,
            12.2798,
            15.1152,
            12.8194,
            10.4631,
            9.7251,
            13.2014,
            16.4512,
            11.1393,
            18.0832,
            11.5223,
            8.51,
            9.1622,
            5.3353,
            8.6044,
            7.2781,
            2.629,
            4.6951,
            1.5948,
            5.2172,
            2.6041,
            3.3618,
            7.3289,
            4.4014
          ]
        }
      },
      "stdout": "g++ -std=gnu++17 -I\"/usr/share/R/include\" -DNDEBUG -I\"/home/spi085/R/x86_64-pc-linux-gnu-library/4.4/TMB/include\" -I\"/home/spi085/R/x86_64-pc-linux-gnu-library/4.4/RcppEigen/include\"   -DTMB_EIGEN_DISABLE_WARNINGS   -DTMB_LIB_INIT=R_init_model  -DCPPAD_FRAMEWORK      -fpic  -O2  -c POPULATIONS/POPULATION_0007/INDIVIDUAL_PQFYXN60/model.cpp -o POPULATIONS/POPULATION_0007/INDIVIDUAL_PQFYXN60/model.o\ng++ -std=gnu++17 -shared -L/usr/lib/R/lib -Wl,-Bsymbolic-functions -flto=auto -ffat-lto-objects -Wl,-z,relro -o POPULATIONS/POPULATION_0007/INDIVIDUAL_PQFYXN60/model.so POPULATIONS/POPULATION_0007/INDIVIDUAL_PQFYXN60/model.o -L/usr/lib/R/lib -lR\nStarting model phases\nNumber of phases: 3 \nPhase 1 \nInitial parameter values for phase 1 :\n       r_cots        K_cots     threshold outbreak_mult   log_sd_cots \n          0.5         100.0          50.0           0.5           0.1 \n  log_sd_fast   log_sd_slow \n          0.1           0.1 \nFinal parameter values for phase 1 :\n       r_cots        K_cots     threshold outbreak_mult   log_sd_cots \n   -0.1545350 48595.6187592    52.5750761  -198.6060904     1.3808441 \n  log_sd_fast   log_sd_slow \n    0.8299989     0.8736065 \nConvergence message: singular convergence (7) \nNumber of iterations: 48 \nObjective function value: 206.2625 \nGradient at solution for phase 1 :\n            [,1]          [,2]         [,3]         [,4]          [,5]\n[1,] -0.01013075 -6.257857e-09 1.309466e-18 6.593283e-21 -0.0002288752\n            [,6]       [,7]\n[1,] 0.004070226 0.01237282\nPhase 2 \nInitial parameter values for phase 2 :\npred_eff_fast pred_eff_slow   temp_effect \n         0.01          0.01          0.10 \nFinal parameter values for phase 2 :\npred_eff_fast pred_eff_slow   temp_effect \n    0.4606255     0.5801271    -0.2398133 \nConvergence message: relative convergence (4) \nNumber of iterations: 18 \nObjective function value: 189.8353 \nGradient at solution for phase 2 :\n             [,1]         [,2]         [,3]\n[1,] 5.479306e-06 5.188467e-06 3.465272e-06\nPhase 3 \nInitial parameter values for phase 3 :\ngrowth_fast growth_slow  mort_coral \n       0.05        0.03        0.02 \nFinal parameter values for phase 3 :\ngrowth_fast growth_slow  mort_coral \n  0.5000835   0.4754683   0.4176566 \nConvergence message: relative convergence (4) \nNumber of iterations: 19 \nObjective function value: 189.5982 \nGradient at solution for phase 3 :\n             [,1]         [,2]         [,3]\n[1,] 2.686739e-05 -9.23635e-05 7.323294e-05\nFinal Phase\nInitial parameter values for final phase:\n       r_cots        K_cots pred_eff_fast pred_eff_slow   growth_fast \n   -0.1545350 48595.6187592     0.4606255     0.5801271     0.5000835 \n  growth_slow    mort_coral   temp_effect     threshold outbreak_mult \n    0.4754683     0.4176566    -0.2398133    52.5750761  -198.6060904 \n  log_sd_cots   log_sd_fast   log_sd_slow \n    1.3808441     0.8299989     0.8736065 \nFinal parameter values for final phase:\n       r_cots        K_cots pred_eff_fast pred_eff_slow   growth_fast \n-3.988134e-02  4.859562e+04  3.043618e+00  1.215208e+00  2.451863e+00 \n  growth_slow    mort_coral   temp_effect     threshold outbreak_mult \n 2.143949e+00  1.831197e+00 -2.605963e+00  5.257508e+01 -1.986061e+02 \n  log_sd_cots   log_sd_fast   log_sd_slow \n 1.068100e+00  4.370323e-01  3.167424e-01 \nConvergence message: function evaluation limit reached without convergence (9) \nNumber of iterations: 133 \nObjective function value: 158.399 \nGradient at solution for final phase:\n         [,1]          [,2]     [,3]     [,4]      [,5]      [,6]    [,7]\n[1,] 689.4407 -2.937082e-08 12.04468 1.844725 -79.30313 -12.84699 108.919\n         [,8]         [,9]        [,10]      [,11]     [,12]      [,13]\n[1,] 9.039656 2.222636e-17 1.119118e-19 0.03552763 0.2012701 -0.0745998\nAll phases completed\n\nRunning model validation...\nNo test data available (train_test_split >= 1.0)\nNULL\n\nDEBUG: Report contents:\nList of 3\n $ cots_pred: num [1:26] 0.262 0.254 0.249 0.27 0.172 ...\n $ fast_pred: num [1:26] 10.1 13 16.2 19.1 21.2 ...\n $ slow_pred: num [1:26] 12.8 13 13.1 13.2 13.3 ...\nNULL\n\nDEBUG: Available variables in report:\n[1] \"cots_pred\" \"fast_pred\" \"slow_pred\"\n\nChecking predictions and calculating objective function...\n\nDEBUG: Processing cots_pred \nDEBUG: First few predictions: 0.2615042 0.2537929 0.2489466 0.2700656 0.1722856 0.1618336 \nDEBUG: Summary statistics:\n   Min. 1st Qu.  Median    Mean 3rd Qu.    Max. \n0.09403 0.19964 0.32525 0.77739 1.16454 2.82161 \nDEBUG: All zeros? FALSE \nDEBUG: Any infinities? FALSE \n\nDEBUG: Processing fast_pred \nDEBUG: First few predictions: 10.06939 13.03719 16.1891 19.05342 21.15619 22.7886 \nDEBUG: Summary statistics:\n   Min. 1st Qu.  Median    Mean 3rd Qu.    Max. \n  4.962   7.365  13.239  14.231  20.951  24.748 \nDEBUG: All zeros? FALSE \nDEBUG: Any infinities? FALSE \n\nDEBUG: Processing slow_pred \nDEBUG: First few predictions: 12.77261 12.95186 13.09769 13.21357 13.27467 13.43899 \nDEBUG: Summary statistics:\n   Min. 1st Qu.  Median    Mean 3rd Qu.    Max. \n  3.238   4.786  10.248   9.028  13.259  13.971 \nDEBUG: All zeros? FALSE \nDEBUG: Any infinities? FALSE \n\nDEBUG: Using the following variables for objective function:\ncots_dat -> cots_pred\nfast_dat -> fast_pred\nslow_dat -> slow_pred\n\nDEBUG: Calculating MSE for prediction variables only:\n\nDEBUG: cots_pred \nObserved: 0.2615042 0.5498196 0.7268086 0.5522907 0.828121 0.5470078 ...\nPredicted: 0.2615042 0.2537929 0.2489466 0.2700656 0.1722856 0.1618336 ...\nMSE (normalized): 2.830425 \n\nDEBUG: fast_pred \nObserved: 10.06939 17.72357 23.82758 19.41812 15.63542 32.45961 ...\nPredicted: 10.06939 13.03719 16.1891 19.05342 21.15619 22.7886 ...\nMSE (normalized): 0.3803119 \n\nDEBUG: slow_pred \nObserved: 12.77261 16.41474 12.77729 12.27975 15.11516 12.81941 ...\nPredicted: 12.77261 12.95186 13.09769 13.21357 13.27467 13.43899 ...\nMSE (normalized): 0.2343244 \n\nDEBUG: MSE values:\n cots_dat  fast_dat  slow_dat \n2.8304246 0.3803119 0.2343244 \n\nDEBUG: Final objective value (mean of MSEs): 1.148354 \n\nFinal objective function value: 1.148354 \n\nJSON_REPORT_START\n{\n  \"status\": \"SUCCESS\",\n  \"objective_value\": 1.1484,\n  \"model_summary\": [\"            Length Class  Mode     \", \"par         13     -none- numeric  \", \"objective    1     -none- numeric  \", \"convergence  1     -none- numeric  \", \"iterations   1     -none- numeric  \", \"evaluations  2     -none- numeric  \", \"message      1     -none- character\"],\n  \"model_report\": {\n    \"cots_pred\": [0.2615, 0.2538, 0.2489, 0.2701, 0.1723, 0.1618, 0.1655, 0.14, 0.1126, 0.094, 1.5629, 1.2245, 2.5084, 2.8216, 2.064, 0.9521, 1.0032, 1.1925, 1.5663, 1.0806, 0.7792, 0.4647, 0.3544, 0.2961, 0.2781, 0.1832],\n    \"fast_pred\": [10.0694, 13.0372, 16.1891, 19.0534, 21.1562, 22.7886, 23.7071, 24.1376, 24.4079, 24.6076, 24.7477, 20.3344, 19.0904, 14.3689, 9.637, 7.0593, 7.3212, 7.4978, 7.1436, 5.5588, 4.9623, 5.0668, 6.1678, 7.9845, 10.4759, 13.4407],\n    \"slow_pred\": [12.7726, 12.9519, 13.0977, 13.2136, 13.2747, 13.439, 13.5733, 13.6674, 13.767, 13.8725, 13.9709, 12.2564, 11.381, 9.1152, 6.7559, 5.3821, 5.2873, 5.1225, 4.7129, 3.8073, 3.374, 3.2383, 3.4615, 3.8565, 4.384, 5.0051]\n  },\n  \"plot_data\": {\n    \"cots_pred\": {\n      \"Year\": [1980, 1981, 1982, 1983, 1984, 1985, 1986, 1987, 1988, 1989, 1990, 1991, 1992, 1993, 1994, 1995, 1996, 1997, 1998, 1999, 2000, 2001, 2002, 2003, 2004, 2005],\n      \"Modeled\": [0.2615, 0.2538, 0.2489, 0.2701, 0.1723, 0.1618, 0.1655, 0.14, 0.1126, 0.094, 1.5629, 1.2245, 2.5084, 2.8216, 2.064, 0.9521, 1.0032, 1.1925, 1.5663, 1.0806, 0.7792, 0.4647, 0.3544, 0.2961, 0.2781, 0.1832],\n      \"Observed\": [0.2615, 0.5498, 0.7268, 0.5523, 0.8281, 0.547, 0.758, 0.6288, 0.4762, 0.6466, 0.9107, 2.152, 0.6446, 1.6723, 0.4766, 0.8075, 0.3635, 0.3728, 0.6173, 0.3107, 0.256, 0.2984, 0.3362, 0.2878, 0.3221, 0.4308]\n    },\n    \"fast_pred\": {\n      \"Year\": [1980, 1981, 1982, 1983, 1984, 1985, 1986, 1987, 1988, 1989, 1990, 1991, 1992, 1993, 1994, 1995, 1996, 1997, 1998, 1999, 2000, 2001, 2002, 2003, 2004, 2005],\n      \"Modeled\": [10.0694, 13.0372, 16.1891, 19.0534, 21.1562, 22.7886, 23.7071, 24.1376, 24.4079, 24.6076, 24.7477, 20.3344, 19.0904, 14.3689, 9.637, 7.0593, 7.3212, 7.4978, 7.1436, 5.5588, 4.9623, 5.0668, 6.1678, 7.9845, 10.4759, 13.4407],\n      \"Observed\": [10.0694, 17.7236, 23.8276, 19.4181, 15.6354, 32.4596, 21.5567, 34.1938, 18.8708, 27.3176, 44.3301, 13.3275, 11.3741, 8.3362, 15.207, 12.443, 11.0666, 10.6442, 2.3628, 2.76, 3.7236, 7.0355, 10.2239, 8.4754, 9.0819, 13.7314]\n    },\n    \"slow_pred\": {\n      \"Year\": [1980, 1981, 1982, 1983, 1984, 1985, 1986, 1987, 1988, 1989, 1990, 1991, 1992, 1993, 1994, 1995, 1996, 1997, 1998, 1999, 2000, 2001, 2002, 2003, 2004, 2005],\n      \"Modeled\": [12.7726, 12.9519, 13.0977, 13.2136, 13.2747, 13.439, 13.5733, 13.6674, 13.767, 13.8725, 13.9709, 12.2564, 11.381, 9.1152, 6.7559, 5.3821, 5.2873, 5.1225, 4.7129, 3.8073, 3.374, 3.2383, 3.4615, 3.8565, 4.384, 5.0051],\n      \"Observed\": [12.7726, 16.4147, 12.7773, 12.2798, 15.1152, 12.8194, 10.4631, 9.7251, 13.2014, 16.4512, 11.1393, 18.0832, 11.5223, 8.51, 9.1622, 5.3353, 8.6044, 7.2781, 2.629, 4.6951, 1.5948, 5.2172, 2.6041, 3.3618, 7.3289, 4.4014]\n    }\n  }\n}\nJSON_REPORT_END",
      "stderr": "Loading required package: TMB\nLoading required package: jsonlite\nhere() starts at /home/spi085/Documents/_Projects/SCCP-QuantModelling\nusing C++ compiler: \u2018g++ (Ubuntu 13.3.0-6ubuntu2~24.04) 13.3.0\u2019\nWarning message:\nIn nlminb(model$par, model$fn, model$gr) : NA/NaN function evaluation\nWarning message:\n`aes_string()` was deprecated in ggplot2 3.0.0.\n\u2139 Please use tidy evaluation idioms with `aes()`.\n\u2139 See also `vignette(\"ggplot2-in-packages\")` for more information."
    },
    "5": {
      "status": "SUCCESS",
      "objective_value": 1.1484
    }
  }
}