{
  "iterations": {
    "1": {
      "status": "ERROR",
      "message": "R script failed with return code 1",
      "stdout": "g++ -std=gnu++17 -I\"/usr/share/R/include\" -DNDEBUG -I\"/home/spi085/R/x86_64-pc-linux-gnu-library/4.4/TMB/include\" -I\"/home/spi085/R/x86_64-pc-linux-gnu-library/4.4/RcppEigen/include\"   -DTMB_EIGEN_DISABLE_WARNINGS   -DTMB_LIB_INIT=R_init_model  -DCPPAD_FRAMEWORK      -fpic  -O2  -c POPULATIONS/POPULATION_0006/INDIVIDUAL_WS26E5F1/model.cpp -o POPULATIONS/POPULATION_0006/INDIVIDUAL_WS26E5F1/model.o\ng++ -std=gnu++17 -shared -L/usr/lib/R/lib -Wl,-Bsymbolic-functions -flto=auto -ffat-lto-objects -Wl,-z,relro -o POPULATIONS/POPULATION_0006/INDIVIDUAL_WS26E5F1/model.so POPULATIONS/POPULATION_0006/INDIVIDUAL_WS26E5F1/model.o -L/usr/lib/R/lib -lR\nStarting model phases\nNumber of phases: 3 \nPhase 1 \nInitial parameter values for phase 1 :\n        log_r_cots    log_temp_effect log_temp_threshold     log_imm_effect \n                 2                 NA                 27                 NA \n        log_a_fast         log_a_slow      log_pred_rate      log_pred_half \n                NA                 NA                 NA                 NA \nError in model phases: NA/NaN gradient evaluation",
      "stderr": "Loading required package: TMB\nLoading required package: jsonlite\nhere() starts at /home/spi085/Documents/_Projects/SCCP-QuantModelling\nusing C++ compiler: \u2018g++ (Ubuntu 13.3.0-6ubuntu2~24.04) 13.3.0\u2019\nError in value[[3L]](cond) : \n  Error in model phases: NA/NaN gradient evaluation\nCalls: tryCatch -> tryCatchList -> tryCatchOne -> <Anonymous>\nIn addition: Warning message:\nIn nlminb(model$par, model$fn, model$gr) : NA/NaN function evaluation\nExecution halted"
    },
    "2": {
      "status": "ERROR",
      "message": "R script failed with return code 1",
      "stdout": "g++ -std=gnu++17 -I\"/usr/share/R/include\" -DNDEBUG -I\"/home/spi085/R/x86_64-pc-linux-gnu-library/4.4/TMB/include\" -I\"/home/spi085/R/x86_64-pc-linux-gnu-library/4.4/RcppEigen/include\"   -DTMB_EIGEN_DISABLE_WARNINGS   -DTMB_LIB_INIT=R_init_model  -DCPPAD_FRAMEWORK      -fpic  -O2  -c POPULATIONS/POPULATION_0006/INDIVIDUAL_WS26E5F1/model.cpp -o POPULATIONS/POPULATION_0006/INDIVIDUAL_WS26E5F1/model.o\ng++ -std=gnu++17 -shared -L/usr/lib/R/lib -Wl,-Bsymbolic-functions -flto=auto -ffat-lto-objects -Wl,-z,relro -o POPULATIONS/POPULATION_0006/INDIVIDUAL_WS26E5F1/model.so POPULATIONS/POPULATION_0006/INDIVIDUAL_WS26E5F1/model.o -L/usr/lib/R/lib -lR\nStarting model phases\nNumber of phases: 3 \nPhase 1 \nInitial parameter values for phase 1 :\n        log_r_cots    log_temp_effect log_temp_threshold     log_imm_effect \n                 2                 NA                 27                 NA \n        log_a_fast         log_a_slow      log_pred_rate      log_pred_half \n                NA                 NA                 NA                 NA \nError in model phases: NA/NaN gradient evaluation",
      "stderr": "Loading required package: TMB\nLoading required package: jsonlite\nhere() starts at /home/spi085/Documents/_Projects/SCCP-QuantModelling\nusing C++ compiler: \u2018g++ (Ubuntu 13.3.0-6ubuntu2~24.04) 13.3.0\u2019\nError in value[[3L]](cond) : \n  Error in model phases: NA/NaN gradient evaluation\nCalls: tryCatch -> tryCatchList -> tryCatchOne -> <Anonymous>\nIn addition: Warning message:\nIn nlminb(model$par, model$fn, model$gr) : NA/NaN function evaluation\nExecution halted"
    },
    "3": {
      "status": "ERROR",
      "message": "Model failed to compile.",
      "stdout": "g++ -std=gnu++17 -I\"/usr/share/R/include\" -DNDEBUG -I\"/home/spi085/R/x86_64-pc-linux-gnu-library/4.4/TMB/include\" -I\"/home/spi085/R/x86_64-pc-linux-gnu-library/4.4/RcppEigen/include\"   -DTMB_EIGEN_DISABLE_WARNINGS   -DTMB_LIB_INIT=R_init_model  -DCPPAD_FRAMEWORK      -fpic  -O2  -c POPULATIONS/POPULATION_0006/INDIVIDUAL_WS26E5F1/model.cpp -o POPULATIONS/POPULATION_0006/INDIVIDUAL_WS26E5F1/model.o",
      "stderr": "Loading required package: TMB\nLoading required package: jsonlite\nhere() starts at /home/spi085/Documents/_Projects/SCCP-QuantModelling\nusing C++ compiler: \u2018g++ (Ubuntu 13.3.0-6ubuntu2~24.04) 13.3.0\u2019\nPOPULATIONS/POPULATION_0006/INDIVIDUAL_WS26E5F1/model.cpp: In instantiation of \u2018Type objective_function<Type>::operator()() [with Type = CppAD::AD<double>]\u2019:\n/home/spi085/R/x86_64-pc-linux-gnu-library/4.4/TMB/include/tmb_core.hpp:1312:6:   required from here\nPOPULATIONS/POPULATION_0006/INDIVIDUAL_WS26E5F1/model.cpp:128:45: error: no matching function for call to \u2018min(CppAD::AD<double>, CppAD::AD<double>)\u2019\n  128 |     Type density_factor = max(Type(0.0), min(Type(1.0), Type(1.0) - cots_pred(t-1) / K_cots));\n      |                                          ~~~^~~~~~~~~~~~~~~~~~~~~~~~~~~~~~~~~~~~~~~~~~~~~~~~\nIn file included from /home/spi085/R/x86_64-pc-linux-gnu-library/4.4/TMB/include/TMB.hpp:231,\n                 from POPULATIONS/POPULATION_0006/INDIVIDUAL_WS26E5F1/model.cpp:1:\n/home/spi085/R/x86_64-pc-linux-gnu-library/4.4/TMB/include/convenience.hpp:156:6: note: candidate: \u2018template<class Type> Type min(const tmbutils::vector<Type>&)\u2019\n  156 | Type min(const vector<Type> &x)\n      |      ^~~\n/home/spi085/R/x86_64-pc-linux-gnu-library/4.4/TMB/include/convenience.hpp:156:6: note:   template argument deduction/substitution failed:\nPOPULATIONS/POPULATION_0006/INDIVIDUAL_WS26E5F1/model.cpp:128:45: note:   \u2018CppAD::AD<double>\u2019 is not derived from \u2018const tmbutils::vector<Type>\u2019\n  128 |     Type density_factor = max(Type(0.0), min(Type(1.0), Type(1.0) - cots_pred(t-1) / K_cots));\n      |                                          ~~~^~~~~~~~~~~~~~~~~~~~~~~~~~~~~~~~~~~~~~~~~~~~~~~~\nPOPULATIONS/POPULATION_0006/INDIVIDUAL_WS26E5F1/model.cpp:133:23: error: no matching function for call to \u2018max(CppAD::AD<double>, CppAD::AD<double>)\u2019\n  133 |     cots_pred(t) = max(Type(0.0), cots_pred(t-1) + cots_growth + immigration - predation_term * cots_pred(t-1));\n      |                    ~~~^~~~~~~~~~~~~~~~~~~~~~~~~~~~~~~~~~~~~~~~~~~~~~~~~~~~~~~~~~~~~~~~~~~~~~~~~~~~~~~~~~~~~~~~~\n/home/spi085/R/x86_64-pc-linux-gnu-library/4.4/TMB/include/convenience.hpp:145:6: note: candidate: \u2018template<class Type> Type max(const tmbutils::vector<Type>&)\u2019\n  145 | Type max(const vector<Type> &x)\n      |      ^~~\n/home/spi085/R/x86_64-pc-linux-gnu-library/4.4/TMB/include/convenience.hpp:145:6: note:   template argument deduction/substitution failed:\nPOPULATIONS/POPULATION_0006/INDIVIDUAL_WS26E5F1/model.cpp:133:23: note:   \u2018CppAD::AD<double>\u2019 is not derived from \u2018const tmbutils::vector<Type>\u2019\n  133 |     cots_pred(t) = max(Type(0.0), cots_pred(t-1) + cots_growth + immigration - predation_term * cots_pred(t-1));\n      |                    ~~~^~~~~~~~~~~~~~~~~~~~~~~~~~~~~~~~~~~~~~~~~~~~~~~~~~~~~~~~~~~~~~~~~~~~~~~~~~~~~~~~~~~~~~~~~\nPOPULATIONS/POPULATION_0006/INDIVIDUAL_WS26E5F1/model.cpp:144:23: error: no matching function for call to \u2018max(CppAD::AD<double>, CppAD::AD<double>)\u2019\n  144 |     fast_pred(t) = max(Type(0.0), fast_pred(t-1) + fast_growth - consumption_fast);\n      |                    ~~~^~~~~~~~~~~~~~~~~~~~~~~~~~~~~~~~~~~~~~~~~~~~~~~~~~~~~~~~~~~~\n/home/spi085/R/x86_64-pc-linux-gnu-library/4.4/TMB/include/convenience.hpp:145:6: note: candidate: \u2018template<class Type> Type max(const tmbutils::vector<Type>&)\u2019\n  145 | Type max(const vector<Type> &x)\n      |      ^~~\n/home/spi085/R/x86_64-pc-linux-gnu-library/4.4/TMB/include/convenience.hpp:145:6: note:   template argument deduction/substitution failed:\nPOPULATIONS/POPULATION_0006/INDIVIDUAL_WS26E5F1/model.cpp:144:23: note:   \u2018CppAD::AD<double>\u2019 is not derived from \u2018const tmbutils::vector<Type>\u2019\n  144 |     fast_pred(t) = max(Type(0.0), fast_pred(t-1) + fast_growth - consumption_fast);\n      |                    ~~~^~~~~~~~~~~~~~~~~~~~~~~~~~~~~~~~~~~~~~~~~~~~~~~~~~~~~~~~~~~~\nPOPULATIONS/POPULATION_0006/INDIVIDUAL_WS26E5F1/model.cpp:145:23: error: no matching function for call to \u2018max(CppAD::AD<double>, CppAD::AD<double>)\u2019\n  145 |     slow_pred(t) = max(Type(0.0), slow_pred(t-1) + slow_growth - consumption_slow);\n      |                    ~~~^~~~~~~~~~~~~~~~~~~~~~~~~~~~~~~~~~~~~~~~~~~~~~~~~~~~~~~~~~~~\n/home/spi085/R/x86_64-pc-linux-gnu-library/4.4/TMB/include/convenience.hpp:145:6: note: candidate: \u2018template<class Type> Type max(const tmbutils::vector<Type>&)\u2019\n  145 | Type max(const vector<Type> &x)\n      |      ^~~\n/home/spi085/R/x86_64-pc-linux-gnu-library/4.4/TMB/include/convenience.hpp:145:6: note:   template argument deduction/substitution failed:\nPOPULATIONS/POPULATION_0006/INDIVIDUAL_WS26E5F1/model.cpp:145:23: note:   \u2018CppAD::AD<double>\u2019 is not derived from \u2018const tmbutils::vector<Type>\u2019\n  145 |     slow_pred(t) = max(Type(0.0), slow_pred(t-1) + slow_growth - consumption_slow);\n      |                    ~~~^~~~~~~~~~~~~~~~~~~~~~~~~~~~~~~~~~~~~~~~~~~~~~~~~~~~~~~~~~~~\nPOPULATIONS/POPULATION_0006/INDIVIDUAL_WS26E5F1/model.cpp:151:23: error: no matching function for call to \u2018min(Eigen::DenseCoeffsBase<Eigen::Array<CppAD::AD<double>, -1, 1, 0, -1, 1>, 1>::Scalar&, CppAD::AD<double>&)\u2019\n  151 |     cots_pred(t) = min(cots_pred(t), max_cots);\n      |                    ~~~^~~~~~~~~~~~~~~~~~~~~~~~\n/home/spi085/R/x86_64-pc-linux-gnu-library/4.4/TMB/include/convenience.hpp:156:6: note: candidate: \u2018template<class Type> Type min(const tmbutils::vector<Type>&)\u2019\n  156 | Type min(const vector<Type> &x)\n      |      ^~~\n/home/spi085/R/x86_64-pc-linux-gnu-library/4.4/TMB/include/convenience.hpp:156:6: note:   template argument deduction/substitution failed:\nPOPULATIONS/POPULATION_0006/INDIVIDUAL_WS26E5F1/model.cpp:151:23: note:   \u2018Eigen::DenseCoeffsBase<Eigen::Array<CppAD::AD<double>, -1, 1, 0, -1, 1>, 1>::Scalar\u2019 {aka \u2018CppAD::AD<double>\u2019} is not derived from \u2018const tmbutils::vector<Type>\u2019\n  151 |     cots_pred(t) = min(cots_pred(t), max_cots);\n      |                    ~~~^~~~~~~~~~~~~~~~~~~~~~~~\nPOPULATIONS/POPULATION_0006/INDIVIDUAL_WS26E5F1/model.cpp:152:23: error: no matching function for call to \u2018min(Eigen::DenseCoeffsBase<Eigen::Array<CppAD::AD<double>, -1, 1, 0, -1, 1>, 1>::Scalar&, CppAD::AD<double>&)\u2019\n  152 |     fast_pred(t) = min(fast_pred(t), max_coral);\n      |                    ~~~^~~~~~~~~~~~~~~~~~~~~~~~~\n/home/spi085/R/x86_64-pc-linux-gnu-library/4.4/TMB/include/convenience.hpp:156:6: note: candidate: \u2018template<class Type> Type min(const tmbutils::vector<Type>&)\u2019\n  156 | Type min(const vector<Type> &x)\n      |      ^~~\n/home/spi085/R/x86_64-pc-linux-gnu-library/4.4/TMB/include/convenience.hpp:156:6: note:   template argument deduction/substitution failed:\nPOPULATIONS/POPULATION_0006/INDIVIDUAL_WS26E5F1/model.cpp:152:23: note:   \u2018Eigen::DenseCoeffsBase<Eigen::Array<CppAD::AD<double>, -1, 1, 0, -1, 1>, 1>::Scalar\u2019 {aka \u2018CppAD::AD<double>\u2019} is not derived from \u2018const tmbutils::vector<Type>\u2019\n  152 |     fast_pred(t) = min(fast_pred(t), max_coral);\n      |                    ~~~^~~~~~~~~~~~~~~~~~~~~~~~~\nPOPULATIONS/POPULATION_0006/INDIVIDUAL_WS26E5F1/model.cpp:153:23: error: no matching function for call to \u2018min(Eigen::DenseCoeffsBase<Eigen::Array<CppAD::AD<double>, -1, 1, 0, -1, 1>, 1>::Scalar&, CppAD::AD<double>&)\u2019\n  153 |     slow_pred(t) = min(slow_pred(t), max_coral);\n      |                    ~~~^~~~~~~~~~~~~~~~~~~~~~~~~\n/home/spi085/R/x86_64-pc-linux-gnu-library/4.4/TMB/include/convenience.hpp:156:6: note: candidate: \u2018template<class Type> Type min(const tmbutils::vector<Type>&)\u2019\n  156 | Type min(const vector<Type> &x)\n      |      ^~~\n/home/spi085/R/x86_64-pc-linux-gnu-library/4.4/TMB/include/convenience.hpp:156:6: note:   template argument deduction/substitution failed:\nPOPULATIONS/POPULATION_0006/INDIVIDUAL_WS26E5F1/model.cpp:153:23: note:   \u2018Eigen::DenseCoeffsBase<Eigen::Array<CppAD::AD<double>, -1, 1, 0, -1, 1>, 1>::Scalar\u2019 {aka \u2018CppAD::AD<double>\u2019} is not derived from \u2018const tmbutils::vector<Type>\u2019\n  153 |     slow_pred(t) = min(slow_pred(t), max_coral);\n      |                    ~~~^~~~~~~~~~~~~~~~~~~~~~~~~\nPOPULATIONS/POPULATION_0006/INDIVIDUAL_WS26E5F1/model.cpp: In instantiation of \u2018Type objective_function<Type>::operator()() [with Type = double]\u2019:\n/home/spi085/R/x86_64-pc-linux-gnu-library/4.4/TMB/include/tmb_core.hpp:2035:7:   required from here\nPOPULATIONS/POPULATION_0006/INDIVIDUAL_WS26E5F1/model.cpp:128:45: error: no matching function for call to \u2018min(double, double)\u2019\n  128 |     Type density_factor = max(Type(0.0), min(Type(1.0), Type(1.0) - cots_pred(t-1) / K_cots));\n      |                                          ~~~^~~~~~~~~~~~~~~~~~~~~~~~~~~~~~~~~~~~~~~~~~~~~~~~\n/home/spi085/R/x86_64-pc-linux-gnu-library/4.4/TMB/include/convenience.hpp:156:6: note: candidate: \u2018template<class Type> Type min(const tmbutils::vector<Type>&)\u2019\n  156 | Type min(const vector<Type> &x)\n      |      ^~~\n/home/spi085/R/x86_64-pc-linux-gnu-library/4.4/TMB/include/convenience.hpp:156:6: note:   template argument deduction/substitution failed:\nPOPULATIONS/POPULATION_0006/INDIVIDUAL_WS26E5F1/model.cpp:128:45: note:   mismatched types \u2018const tmbutils::vector<Type>\u2019 and \u2018double\u2019\n  128 |     Type density_factor = max(Type(0.0), min(Type(1.0), Type(1.0) - cots_pred(t-1) / K_cots));\n      |                                          ~~~^~~~~~~~~~~~~~~~~~~~~~~~~~~~~~~~~~~~~~~~~~~~~~~~\nPOPULATIONS/POPULATION_0006/INDIVIDUAL_WS26E5F1/model.cpp:133:23: error: no matching function for call to \u2018max(double, Eigen::DenseCoeffsBase<Eigen::Array<double, -1, 1>, 1>::Scalar)\u2019\n  133 |     cots_pred(t) = max(Type(0.0), cots_pred(t-1) + cots_growth + immigration - predation_term * cots_pred(t-1));\n      |                    ~~~^~~~~~~~~~~~~~~~~~~~~~~~~~~~~~~~~~~~~~~~~~~~~~~~~~~~~~~~~~~~~~~~~~~~~~~~~~~~~~~~~~~~~~~~~\n/home/spi085/R/x86_64-pc-linux-gnu-library/4.4/TMB/include/convenience.hpp:145:6: note: candidate: \u2018template<class Type> Type max(const tmbutils::vector<Type>&)\u2019\n  145 | Type max(const vector<Type> &x)\n      |      ^~~\n/home/spi085/R/x86_64-pc-linux-gnu-library/4.4/TMB/include/convenience.hpp:145:6: note:   template argument deduction/substitution failed:\nPOPULATIONS/POPULATION_0006/INDIVIDUAL_WS26E5F1/model.cpp:133:23: note:   mismatched types \u2018const tmbutils::vector<Type>\u2019 and \u2018double\u2019\n  133 |     cots_pred(t) = max(Type(0.0), cots_pred(t-1) + cots_growth + immigration - predation_term * cots_pred(t-1));\n      |                    ~~~^~~~~~~~~~~~~~~~~~~~~~~~~~~~~~~~~~~~~~~~~~~~~~~~~~~~~~~~~~~~~~~~~~~~~~~~~~~~~~~~~~~~~~~~~\nPOPULATIONS/POPULATION_0006/INDIVIDUAL_WS26E5F1/model.cpp:144:23: error: no matching function for call to \u2018max(double, Eigen::DenseCoeffsBase<Eigen::Array<double, -1, 1>, 1>::Scalar)\u2019\n  144 |     fast_pred(t) = max(Type(0.0), fast_pred(t-1) + fast_growth - consumption_fast);\n      |                    ~~~^~~~~~~~~~~~~~~~~~~~~~~~~~~~~~~~~~~~~~~~~~~~~~~~~~~~~~~~~~~~\n/home/spi085/R/x86_64-pc-linux-gnu-library/4.4/TMB/include/convenience.hpp:145:6: note: candidate: \u2018template<class Type> Type max(const tmbutils::vector<Type>&)\u2019\n  145 | Type max(const vector<Type> &x)\n      |      ^~~\n/home/spi085/R/x86_64-pc-linux-gnu-library/4.4/TMB/include/convenience.hpp:145:6: note:   template argument deduction/substitution failed:\nPOPULATIONS/POPULATION_0006/INDIVIDUAL_WS26E5F1/model.cpp:144:23: note:   mismatched types \u2018const tmbutils::vector<Type>\u2019 and \u2018double\u2019\n  144 |     fast_pred(t) = max(Type(0.0), fast_pred(t-1) + fast_growth - consumption_fast);\n      |                    ~~~^~~~~~~~~~~~~~~~~~~~~~~~~~~~~~~~~~~~~~~~~~~~~~~~~~~~~~~~~~~~\nPOPULATIONS/POPULATION_0006/INDIVIDUAL_WS26E5F1/model.cpp:145:23: error: no matching function for call to \u2018max(double, Eigen::DenseCoeffsBase<Eigen::Array<double, -1, 1>, 1>::Scalar)\u2019\n  145 |     slow_pred(t) = max(Type(0.0), slow_pred(t-1) + slow_growth - consumption_slow);\n      |                    ~~~^~~~~~~~~~~~~~~~~~~~~~~~~~~~~~~~~~~~~~~~~~~~~~~~~~~~~~~~~~~~\n/home/spi085/R/x86_64-pc-linux-gnu-library/4.4/TMB/include/convenience.hpp:145:6: note: candidate: \u2018template<class Type> Type max(const tmbutils::vector<Type>&)\u2019\n  145 | Type max(const vector<Type> &x)\n      |      ^~~\n/home/spi085/R/x86_64-pc-linux-gnu-library/4.4/TMB/include/convenience.hpp:145:6: note:   template argument deduction/substitution failed:\nPOPULATIONS/POPULATION_0006/INDIVIDUAL_WS26E5F1/model.cpp:145:23: note:   mismatched types \u2018const tmbutils::vector<Type>\u2019 and \u2018double\u2019\n  145 |     slow_pred(t) = max(Type(0.0), slow_pred(t-1) + slow_growth - consumption_slow);\n      |                    ~~~^~~~~~~~~~~~~~~~~~~~~~~~~~~~~~~~~~~~~~~~~~~~~~~~~~~~~~~~~~~~\nPOPULATIONS/POPULATION_0006/INDIVIDUAL_WS26E5F1/model.cpp:151:23: error: no matching function for call to \u2018min(Eigen::DenseCoeffsBase<Eigen::Array<double, -1, 1>, 1>::Scalar&, double&)\u2019\n  151 |     cots_pred(t) = min(cots_pred(t), max_cots);\n      |                    ~~~^~~~~~~~~~~~~~~~~~~~~~~~\n/home/spi085/R/x86_64-pc-linux-gnu-library/4.4/TMB/include/convenience.hpp:156:6: note: candidate: \u2018template<class Type> Type min(const tmbutils::vector<Type>&)\u2019\n  156 | Type min(const vector<Type> &x)\n      |      ^~~\n/home/spi085/R/x86_64-pc-linux-gnu-library/4.4/TMB/include/convenience.hpp:156:6: note:   template argument deduction/substitution failed:\nPOPULATIONS/POPULATION_0006/INDIVIDUAL_WS26E5F1/model.cpp:151:23: note:   mismatched types \u2018const tmbutils::vector<Type>\u2019 and \u2018Eigen::DenseCoeffsBase<Eigen::Array<double, -1, 1>, 1>::Scalar\u2019 {aka \u2018double\u2019}\n  151 |     cots_pred(t) = min(cots_pred(t), max_cots);\n      |                    ~~~^~~~~~~~~~~~~~~~~~~~~~~~\nPOPULATIONS/POPULATION_0006/INDIVIDUAL_WS26E5F1/model.cpp:152:23: error: no matching function for call to \u2018min(Eigen::DenseCoeffsBase<Eigen::Array<double, -1, 1>, 1>::Scalar&, double&)\u2019\n  152 |     fast_pred(t) = min(fast_pred(t), max_coral);\n      |                    ~~~^~~~~~~~~~~~~~~~~~~~~~~~~\n/home/spi085/R/x86_64-pc-linux-gnu-library/4.4/TMB/include/convenience.hpp:156:6: note: candidate: \u2018template<class Type> Type min(const tmbutils::vector<Type>&)\u2019\n  156 | Type min(const vector<Type> &x)\n      |      ^~~\n/home/spi085/R/x86_64-pc-linux-gnu-library/4.4/TMB/include/convenience.hpp:156:6: note:   template argument deduction/substitution failed:\nPOPULATIONS/POPULATION_0006/INDIVIDUAL_WS26E5F1/model.cpp:152:23: note:   mismatched types \u2018const tmbutils::vector<Type>\u2019 and \u2018Eigen::DenseCoeffsBase<Eigen::Array<double, -1, 1>, 1>::Scalar\u2019 {aka \u2018double\u2019}\n  152 |     fast_pred(t) = min(fast_pred(t), max_coral);\n      |                    ~~~^~~~~~~~~~~~~~~~~~~~~~~~~\nPOPULATIONS/POPULATION_0006/INDIVIDUAL_WS26E5F1/model.cpp:153:23: error: no matching function for call to \u2018min(Eigen::DenseCoeffsBase<Eigen::Array<double, -1, 1>, 1>::Scalar&, double&)\u2019\n  153 |     slow_pred(t) = min(slow_pred(t), max_coral);\n      |                    ~~~^~~~~~~~~~~~~~~~~~~~~~~~~\n/home/spi085/R/x86_64-pc-linux-gnu-library/4.4/TMB/include/convenience.hpp:156:6: note: candidate: \u2018template<class Type> Type min(const tmbutils::vector<Type>&)\u2019\n  156 | Type min(const vector<Type> &x)\n      |      ^~~\n/home/spi085/R/x86_64-pc-linux-gnu-library/4.4/TMB/include/convenience.hpp:156:6: note:   template argument deduction/substitution failed:\nPOPULATIONS/POPULATION_0006/INDIVIDUAL_WS26E5F1/model.cpp:153:23: note:   mismatched types \u2018const tmbutils::vector<Type>\u2019 and \u2018Eigen::DenseCoeffsBase<Eigen::Array<double, -1, 1>, 1>::Scalar\u2019 {aka \u2018double\u2019}\n  153 |     slow_pred(t) = min(slow_pred(t), max_coral);\n      |                    ~~~^~~~~~~~~~~~~~~~~~~~~~~~~\nPOPULATIONS/POPULATION_0006/INDIVIDUAL_WS26E5F1/model.cpp: In instantiation of \u2018Type objective_function<Type>::operator()() [with Type = CppAD::AD<CppAD::AD<double> >]\u2019:\n/home/spi085/R/x86_64-pc-linux-gnu-library/4.4/TMB/include/tmb_core.hpp:917:29:   required from \u2018Type objective_function<Type>::evalUserTemplate() [with Type = CppAD::AD<CppAD::AD<double> >]\u2019\n/home/spi085/R/x86_64-pc-linux-gnu-library/4.4/TMB/include/tmb_core.hpp:2116:26:   required from here\nPOPULATIONS/POPULATION_0006/INDIVIDUAL_WS26E5F1/model.cpp:128:45: error: no matching function for call to \u2018min(CppAD::AD<CppAD::AD<double> >, CppAD::AD<CppAD::AD<double> >)\u2019\n  128 |     Type density_factor = max(Type(0.0), min(Type(1.0), Type(1.0) - cots_pred(t-1) / K_cots));\n      |                                          ~~~^~~~~~~~~~~~~~~~~~~~~~~~~~~~~~~~~~~~~~~~~~~~~~~~\n/home/spi085/R/x86_64-pc-linux-gnu-library/4.4/TMB/include/convenience.hpp:156:6: note: candidate: \u2018template<class Type> Type min(const tmbutils::vector<Type>&)\u2019\n  156 | Type min(const vector<Type> &x)\n      |      ^~~\n/home/spi085/R/x86_64-pc-linux-gnu-library/4.4/TMB/include/convenience.hpp:156:6: note:   template argument deduction/substitution failed:\nPOPULATIONS/POPULATION_0006/INDIVIDUAL_WS26E5F1/model.cpp:128:45: note:   \u2018CppAD::AD<CppAD::AD<double> >\u2019 is not derived from \u2018const tmbutils::vector<Type>\u2019\n  128 |     Type density_factor = max(Type(0.0), min(Type(1.0), Type(1.0) - cots_pred(t-1) / K_cots));\n      |                                          ~~~^~~~~~~~~~~~~~~~~~~~~~~~~~~~~~~~~~~~~~~~~~~~~~~~\nPOPULATIONS/POPULATION_0006/INDIVIDUAL_WS26E5F1/model.cpp:133:23: error: no matching function for call to \u2018max(CppAD::AD<CppAD::AD<double> >, CppAD::AD<CppAD::AD<double> >)\u2019\n  133 |     cots_pred(t) = max(Type(0.0), cots_pred(t-1) + cots_growth + immigration - predation_term * cots_pred(t-1));\n      |                    ~~~^~~~~~~~~~~~~~~~~~~~~~~~~~~~~~~~~~~~~~~~~~~~~~~~~~~~~~~~~~~~~~~~~~~~~~~~~~~~~~~~~~~~~~~~~\n/home/spi085/R/x86_64-pc-linux-gnu-library/4.4/TMB/include/convenience.hpp:145:6: note: candidate: \u2018template<class Type> Type max(const tmbutils::vector<Type>&)\u2019\n  145 | Type max(const vector<Type> &x)\n      |      ^~~\n/home/spi085/R/x86_64-pc-linux-gnu-library/4.4/TMB/include/convenience.hpp:145:6: note:   template argument deduction/substitution failed:\nPOPULATIONS/POPULATION_0006/INDIVIDUAL_WS26E5F1/model.cpp:133:23: note:   \u2018CppAD::AD<CppAD::AD<double> >\u2019 is not derived from \u2018const tmbutils::vector<Type>\u2019\n  133 |     cots_pred(t) = max(Type(0.0), cots_pred(t-1) + cots_growth + immigration - predation_term * cots_pred(t-1));\n      |                    ~~~^~~~~~~~~~~~~~~~~~~~~~~~~~~~~~~~~~~~~~~~~~~~~~~~~~~~~~~~~~~~~~~~~~~~~~~~~~~~~~~~~~~~~~~~~\nPOPULATIONS/POPULATION_0006/INDIVIDUAL_WS26E5F1/model.cpp:144:23: error: no matching function for call to \u2018max(CppAD::AD<CppAD::AD<double> >, CppAD::AD<CppAD::AD<double> >)\u2019\n  144 |     fast_pred(t) = max(Type(0.0), fast_pred(t-1) + fast_growth - consumption_fast);\n      |                    ~~~^~~~~~~~~~~~~~~~~~~~~~~~~~~~~~~~~~~~~~~~~~~~~~~~~~~~~~~~~~~~\n/home/spi085/R/x86_64-pc-linux-gnu-library/4.4/TMB/include/convenience.hpp:145:6: note: candidate: \u2018template<class Type> Type max(const tmbutils::vector<Type>&)\u2019\n  145 | Type max(const vector<Type> &x)\n      |      ^~~\n/home/spi085/R/x86_64-pc-linux-gnu-library/4.4/TMB/include/convenience.hpp:145:6: note:   template argument deduction/substitution failed:\nPOPULATIONS/POPULATION_0006/INDIVIDUAL_WS26E5F1/model.cpp:144:23: note:   \u2018CppAD::AD<CppAD::AD<double> >\u2019 is not derived from \u2018const tmbutils::vector<Type>\u2019\n  144 |     fast_pred(t) = max(Type(0.0), fast_pred(t-1) + fast_growth - consumption_fast);\n      |                    ~~~^~~~~~~~~~~~~~~~~~~~~~~~~~~~~~~~~~~~~~~~~~~~~~~~~~~~~~~~~~~~\nPOPULATIONS/POPULATION_0006/INDIVIDUAL_WS26E5F1/model.cpp:145:23: error: no matching function for call to \u2018max(CppAD::AD<CppAD::AD<double> >, CppAD::AD<CppAD::AD<double> >)\u2019\n  145 |     slow_pred(t) = max(Type(0.0), slow_pred(t-1) + slow_growth - consumption_slow);\n      |                    ~~~^~~~~~~~~~~~~~~~~~~~~~~~~~~~~~~~~~~~~~~~~~~~~~~~~~~~~~~~~~~~\n/home/spi085/R/x86_64-pc-linux-gnu-library/4.4/TMB/include/convenience.hpp:145:6: note: candidate: \u2018template<class Type> Type max(const tmbutils::vector<Type>&)\u2019\n  145 | Type max(const vector<Type> &x)\n      |      ^~~\n/home/spi085/R/x86_64-pc-linux-gnu-library/4.4/TMB/include/convenience.hpp:145:6: note:   template argument deduction/substitution failed:\nPOPULATIONS/POPULATION_0006/INDIVIDUAL_WS26E5F1/model.cpp:145:23: note:   \u2018CppAD::AD<CppAD::AD<double> >\u2019 is not derived from \u2018const tmbutils::vector<Type>\u2019\n  145 |     slow_pred(t) = max(Type(0.0), slow_pred(t-1) + slow_growth - consumption_slow);\n      |                    ~~~^~~~~~~~~~~~~~~~~~~~~~~~~~~~~~~~~~~~~~~~~~~~~~~~~~~~~~~~~~~~\nPOPULATIONS/POPULATION_0006/INDIVIDUAL_WS26E5F1/model.cpp:151:23: error: no matching function for call to \u2018min(Eigen::DenseCoeffsBase<Eigen::Array<CppAD::AD<CppAD::AD<double> >, -1, 1, 0, -1, 1>, 1>::Scalar&, CppAD::AD<CppAD::AD<double> >&)\u2019\n  151 |     cots_pred(t) = min(cots_pred(t), max_cots);\n      |                    ~~~^~~~~~~~~~~~~~~~~~~~~~~~\n/home/spi085/R/x86_64-pc-linux-gnu-library/4.4/TMB/include/convenience.hpp:156:6: note: candidate: \u2018template<class Type> Type min(const tmbutils::vector<Type>&)\u2019\n  156 | Type min(const vector<Type> &x)\n      |      ^~~\n/home/spi085/R/x86_64-pc-linux-gnu-library/4.4/TMB/include/convenience.hpp:156:6: note:   template argument deduction/substitution failed:\nPOPULATIONS/POPULATION_0006/INDIVIDUAL_WS26E5F1/model.cpp:151:23: note:   \u2018Eigen::DenseCoeffsBase<Eigen::Array<CppAD::AD<CppAD::AD<double> >, -1, 1, 0, -1, 1>, 1>::Scalar\u2019 {aka \u2018CppAD::AD<CppAD::AD<double> >\u2019} is not derived from \u2018const tmbutils::vector<Type>\u2019\n  151 |     cots_pred(t) = min(cots_pred(t), max_cots);\n      |                    ~~~^~~~~~~~~~~~~~~~~~~~~~~~\nPOPULATIONS/POPULATION_0006/INDIVIDUAL_WS26E5F1/model.cpp:152:23: error: no matching function for call to \u2018min(Eigen::DenseCoeffsBase<Eigen::Array<CppAD::AD<CppAD::AD<double> >, -1, 1, 0, -1, 1>, 1>::Scalar&, CppAD::AD<CppAD::AD<double> >&)\u2019\n  152 |     fast_pred(t) = min(fast_pred(t), max_coral);\n      |                    ~~~^~~~~~~~~~~~~~~~~~~~~~~~~\n/home/spi085/R/x86_64-pc-linux-gnu-library/4.4/TMB/include/convenience.hpp:156:6: note: candidate: \u2018template<class Type> Type min(const tmbutils::vector<Type>&)\u2019\n  156 | Type min(const vector<Type> &x)\n      |      ^~~\n/home/spi085/R/x86_64-pc-linux-gnu-library/4.4/TMB/include/convenience.hpp:156:6: note:   template argument deduction/substitution failed:\nPOPULATIONS/POPULATION_0006/INDIVIDUAL_WS26E5F1/model.cpp:152:23: note:   \u2018Eigen::DenseCoeffsBase<Eigen::Array<CppAD::AD<CppAD::AD<double> >, -1, 1, 0, -1, 1>, 1>::Scalar\u2019 {aka \u2018CppAD::AD<CppAD::AD<double> >\u2019} is not derived from \u2018const tmbutils::vector<Type>\u2019\n  152 |     fast_pred(t) = min(fast_pred(t), max_coral);\n      |                    ~~~^~~~~~~~~~~~~~~~~~~~~~~~~\nPOPULATIONS/POPULATION_0006/INDIVIDUAL_WS26E5F1/model.cpp:153:23: error: no matching function for call to \u2018min(Eigen::DenseCoeffsBase<Eigen::Array<CppAD::AD<CppAD::AD<double> >, -1, 1, 0, -1, 1>, 1>::Scalar&, CppAD::AD<CppAD::AD<double> >&)\u2019\n  153 |     slow_pred(t) = min(slow_pred(t), max_coral);\n      |                    ~~~^~~~~~~~~~~~~~~~~~~~~~~~~\n/home/spi085/R/x86_64-pc-linux-gnu-library/4.4/TMB/include/convenience.hpp:156:6: note: candidate: \u2018template<class Type> Type min(const tmbutils::vector<Type>&)\u2019\n  156 | Type min(const vector<Type> &x)\n      |      ^~~\n/home/spi085/R/x86_64-pc-linux-gnu-library/4.4/TMB/include/convenience.hpp:156:6: note:   template argument deduction/substitution failed:\nPOPULATIONS/POPULATION_0006/INDIVIDUAL_WS26E5F1/model.cpp:153:23: note:   \u2018Eigen::DenseCoeffsBase<Eigen::Array<CppAD::AD<CppAD::AD<double> >, -1, 1, 0, -1, 1>, 1>::Scalar\u2019 {aka \u2018CppAD::AD<CppAD::AD<double> >\u2019} is not derived from \u2018const tmbutils::vector<Type>\u2019\n  153 |     slow_pred(t) = min(slow_pred(t), max_coral);\n      |                    ~~~^~~~~~~~~~~~~~~~~~~~~~~~~\nPOPULATIONS/POPULATION_0006/INDIVIDUAL_WS26E5F1/model.cpp: In instantiation of \u2018Type objective_function<Type>::operator()() [with Type = CppAD::AD<CppAD::AD<CppAD::AD<double> > >]\u2019:\n/home/spi085/R/x86_64-pc-linux-gnu-library/4.4/TMB/include/tmb_core.hpp:917:29:   required from \u2018Type objective_function<Type>::evalUserTemplate() [with Type = CppAD::AD<CppAD::AD<CppAD::AD<double> > >]\u2019\n/home/spi085/R/x86_64-pc-linux-gnu-library/4.4/TMB/include/tmb_core.hpp:2365:28:   required from here\nPOPULATIONS/POPULATION_0006/INDIVIDUAL_WS26E5F1/model.cpp:128:45: error: no matching function for call to \u2018min(CppAD::AD<CppAD::AD<CppAD::AD<double> > >, CppAD::AD<CppAD::AD<CppAD::AD<double> > >)\u2019\n  128 |     Type density_factor = max(Type(0.0), min(Type(1.0), Type(1.0) - cots_pred(t-1) / K_cots));\n      |                                          ~~~^~~~~~~~~~~~~~~~~~~~~~~~~~~~~~~~~~~~~~~~~~~~~~~~\n/home/spi085/R/x86_64-pc-linux-gnu-library/4.4/TMB/include/convenience.hpp:156:6: note: candidate: \u2018template<class Type> Type min(const tmbutils::vector<Type>&)\u2019\n  156 | Type min(const vector<Type> &x)\n      |      ^~~\n/home/spi085/R/x86_64-pc-linux-gnu-library/4.4/TMB/include/convenience.hpp:156:6: note:   template argument deduction/substitution failed:\nPOPULATIONS/POPULATION_0006/INDIVIDUAL_WS26E5F1/model.cpp:128:45: note:   \u2018CppAD::AD<CppAD::AD<CppAD::AD<double> > >\u2019 is not derived from \u2018const tmbutils::vector<Type>\u2019\n  128 |     Type density_factor = max(Type(0.0), min(Type(1.0), Type(1.0) - cots_pred(t-1) / K_cots));\n      |                                          ~~~^~~~~~~~~~~~~~~~~~~~~~~~~~~~~~~~~~~~~~~~~~~~~~~~\nPOPULATIONS/POPULATION_0006/INDIVIDUAL_WS26E5F1/model.cpp:133:23: error: no matching function for call to \u2018max(CppAD::AD<CppAD::AD<CppAD::AD<double> > >, CppAD::AD<CppAD::AD<CppAD::AD<double> > >)\u2019\n  133 |     cots_pred(t) = max(Type(0.0), cots_pred(t-1) + cots_growth + immigration - predation_term * cots_pred(t-1));\n      |                    ~~~^~~~~~~~~~~~~~~~~~~~~~~~~~~~~~~~~~~~~~~~~~~~~~~~~~~~~~~~~~~~~~~~~~~~~~~~~~~~~~~~~~~~~~~~~\n/home/spi085/R/x86_64-pc-linux-gnu-library/4.4/TMB/include/convenience.hpp:145:6: note: candidate: \u2018template<class Type> Type max(const tmbutils::vector<Type>&)\u2019\n  145 | Type max(const vector<Type> &x)\n      |      ^~~\n/home/spi085/R/x86_64-pc-linux-gnu-library/4.4/TMB/include/convenience.hpp:145:6: note:   template argument deduction/substitution failed:\nPOPULATIONS/POPULATION_0006/INDIVIDUAL_WS26E5F1/model.cpp:133:23: note:   \u2018CppAD::AD<CppAD::AD<CppAD::AD<double> > >\u2019 is not derived from \u2018const tmbutils::vector<Type>\u2019\n  133 |     cots_pred(t) = max(Type(0.0), cots_pred(t-1) + cots_growth + immigration - predation_term * cots_pred(t-1));\n      |                    ~~~^~~~~~~~~~~~~~~~~~~~~~~~~~~~~~~~~~~~~~~~~~~~~~~~~~~~~~~~~~~~~~~~~~~~~~~~~~~~~~~~~~~~~~~~~\nPOPULATIONS/POPULATION_0006/INDIVIDUAL_WS26E5F1/model.cpp:144:23: error: no matching function for call to \u2018max(CppAD::AD<CppAD::AD<CppAD::AD<double> > >, CppAD::AD<CppAD::AD<CppAD::AD<double> > >)\u2019\n  144 |     fast_pred(t) = max(Type(0.0), fast_pred(t-1) + fast_growth - consumption_fast);\n      |                    ~~~^~~~~~~~~~~~~~~~~~~~~~~~~~~~~~~~~~~~~~~~~~~~~~~~~~~~~~~~~~~~\n/home/spi085/R/x86_64-pc-linux-gnu-library/4.4/TMB/include/convenience.hpp:145:6: note: candidate: \u2018template<class Type> Type max(const tmbutils::vector<Type>&)\u2019\n  145 | Type max(const vector<Type> &x)\n      |      ^~~\n/home/spi085/R/x86_64-pc-linux-gnu-library/4.4/TMB/include/convenience.hpp:145:6: note:   template argument deduction/substitution failed:\nPOPULATIONS/POPULATION_0006/INDIVIDUAL_WS26E5F1/model.cpp:144:23: note:   \u2018CppAD::AD<CppAD::AD<CppAD::AD<double> > >\u2019 is not derived from \u2018const tmbutils::vector<Type>\u2019\n  144 |     fast_pred(t) = max(Type(0.0), fast_pred(t-1) + fast_growth - consumption_fast);\n      |                    ~~~^~~~~~~~~~~~~~~~~~~~~~~~~~~~~~~~~~~~~~~~~~~~~~~~~~~~~~~~~~~~\nPOPULATIONS/POPULATION_0006/INDIVIDUAL_WS26E5F1/model.cpp:145:23: error: no matching function for call to \u2018max(CppAD::AD<CppAD::AD<CppAD::AD<double> > >, CppAD::AD<CppAD::AD<CppAD::AD<double> > >)\u2019\n  145 |     slow_pred(t) = max(Type(0.0), slow_pred(t-1) + slow_growth - consumption_slow);\n      |                    ~~~^~~~~~~~~~~~~~~~~~~~~~~~~~~~~~~~~~~~~~~~~~~~~~~~~~~~~~~~~~~~\n/home/spi085/R/x86_64-pc-linux-gnu-library/4.4/TMB/include/convenience.hpp:145:6: note: candidate: \u2018template<class Type> Type max(const tmbutils::vector<Type>&)\u2019\n  145 | Type max(const vector<Type> &x)\n      |      ^~~\n/home/spi085/R/x86_64-pc-linux-gnu-library/4.4/TMB/include/convenience.hpp:145:6: note:   template argument deduction/substitution failed:\nPOPULATIONS/POPULATION_0006/INDIVIDUAL_WS26E5F1/model.cpp:145:23: note:   \u2018CppAD::AD<CppAD::AD<CppAD::AD<double> > >\u2019 is not derived from \u2018const tmbutils::vector<Type>\u2019\n  145 |     slow_pred(t) = max(Type(0.0), slow_pred(t-1) + slow_growth - consumption_slow);\n      |                    ~~~^~~~~~~~~~~~~~~~~~~~~~~~~~~~~~~~~~~~~~~~~~~~~~~~~~~~~~~~~~~~\nPOPULATIONS/POPULATION_0006/INDIVIDUAL_WS26E5F1/model.cpp:151:23: error: no matching function for call to \u2018min(Eigen::DenseCoeffsBase<Eigen::Array<CppAD::AD<CppAD::AD<CppAD::AD<double> > >, -1, 1, 0, -1, 1>, 1>::Scalar&, CppAD::AD<CppAD::AD<CppAD::AD<double> > >&)\u2019\n  151 |     cots_pred(t) = min(cots_pred(t), max_cots);\n      |                    ~~~^~~~~~~~~~~~~~~~~~~~~~~~\n/home/spi085/R/x86_64-pc-linux-gnu-library/4.4/TMB/include/convenience.hpp:156:6: note: candidate: \u2018template<class Type> Type min(const tmbutils::vector<Type>&)\u2019\n  156 | Type min(const vector<Type> &x)\n      |      ^~~\n/home/spi085/R/x86_64-pc-linux-gnu-library/4.4/TMB/include/convenience.hpp:156:6: note:   template argument deduction/substitution failed:\nPOPULATIONS/POPULATION_0006/INDIVIDUAL_WS26E5F1/model.cpp:151:23: note:   \u2018Eigen::DenseCoeffsBase<Eigen::Array<CppAD::AD<CppAD::AD<CppAD::AD<double> > >, -1, 1, 0, -1, 1>, 1>::Scalar\u2019 {aka \u2018CppAD::AD<CppAD::AD<CppAD::AD<double> > >\u2019} is not derived from \u2018const tmbutils::vector<Type>\u2019\n  151 |     cots_pred(t) = min(cots_pred(t), max_cots);\n      |                    ~~~^~~~~~~~~~~~~~~~~~~~~~~~\nPOPULATIONS/POPULATION_0006/INDIVIDUAL_WS26E5F1/model.cpp:152:23: error: no matching function for call to \u2018min(Eigen::DenseCoeffsBase<Eigen::Array<CppAD::AD<CppAD::AD<CppAD::AD<double> > >, -1, 1, 0, -1, 1>, 1>::Scalar&, CppAD::AD<CppAD::AD<CppAD::AD<double> > >&)\u2019\n  152 |     fast_pred(t) = min(fast_pred(t), max_coral);\n      |                    ~~~^~~~~~~~~~~~~~~~~~~~~~~~~\n/home/spi085/R/x86_64-pc-linux-gnu-library/4.4/TMB/include/convenience.hpp:156:6: note: candidate: \u2018template<class Type> Type min(const tmbutils::vector<Type>&)\u2019\n  156 | Type min(const vector<Type> &x)\n      |      ^~~\n/home/spi085/R/x86_64-pc-linux-gnu-library/4.4/TMB/include/convenience.hpp:156:6: note:   template argument deduction/substitution failed:\nPOPULATIONS/POPULATION_0006/INDIVIDUAL_WS26E5F1/model.cpp:152:23: note:   \u2018Eigen::DenseCoeffsBase<Eigen::Array<CppAD::AD<CppAD::AD<CppAD::AD<double> > >, -1, 1, 0, -1, 1>, 1>::Scalar\u2019 {aka \u2018CppAD::AD<CppAD::AD<CppAD::AD<double> > >\u2019} is not derived from \u2018const tmbutils::vector<Type>\u2019\n  152 |     fast_pred(t) = min(fast_pred(t), max_coral);\n      |                    ~~~^~~~~~~~~~~~~~~~~~~~~~~~~\nPOPULATIONS/POPULATION_0006/INDIVIDUAL_WS26E5F1/model.cpp:153:23: error: no matching function for call to \u2018min(Eigen::DenseCoeffsBase<Eigen::Array<CppAD::AD<CppAD::AD<CppAD::AD<double> > >, -1, 1, 0, -1, 1>, 1>::Scalar&, CppAD::AD<CppAD::AD<CppAD::AD<double> > >&)\u2019\n  153 |     slow_pred(t) = min(slow_pred(t), max_coral);\n      |                    ~~~^~~~~~~~~~~~~~~~~~~~~~~~~\n/home/spi085/R/x86_64-pc-linux-gnu-library/4.4/TMB/include/convenience.hpp:156:6: note: candidate: \u2018template<class Type> Type min(const tmbutils::vector<Type>&)\u2019\n  156 | Type min(const vector<Type> &x)\n      |      ^~~\n/home/spi085/R/x86_64-pc-linux-gnu-library/4.4/TMB/include/convenience.hpp:156:6: note:   template argument deduction/substitution failed:\nPOPULATIONS/POPULATION_0006/INDIVIDUAL_WS26E5F1/model.cpp:153:23: note:   \u2018Eigen::DenseCoeffsBase<Eigen::Array<CppAD::AD<CppAD::AD<CppAD::AD<double> > >, -1, 1, 0, -1, 1>, 1>::Scalar\u2019 {aka \u2018CppAD::AD<CppAD::AD<CppAD::AD<double> > >\u2019} is not derived from \u2018const tmbutils::vector<Type>\u2019\n  153 |     slow_pred(t) = min(slow_pred(t), max_coral);\n      |                    ~~~^~~~~~~~~~~~~~~~~~~~~~~~~\nmake: *** [/usr/lib/R/etc/Makeconf:204: POPULATIONS/POPULATION_0006/INDIVIDUAL_WS26E5F1/model.o] Error 1\nError in TMB::compile(file.path(individual_dir, model_file), flags = flags,  : \n  Compilation failed\nError: Compilation failed\nExecution halted"
    },
    "4": {
      "status": "ERROR",
      "message": "R script failed with return code 1",
      "stdout": "g++ -std=gnu++17 -I\"/usr/share/R/include\" -DNDEBUG -I\"/home/spi085/R/x86_64-pc-linux-gnu-library/4.4/TMB/include\" -I\"/home/spi085/R/x86_64-pc-linux-gnu-library/4.4/RcppEigen/include\"   -DTMB_EIGEN_DISABLE_WARNINGS   -DTMB_LIB_INIT=R_init_model  -DCPPAD_FRAMEWORK      -fpic  -O2  -c POPULATIONS/POPULATION_0006/INDIVIDUAL_WS26E5F1/model.cpp -o POPULATIONS/POPULATION_0006/INDIVIDUAL_WS26E5F1/model.o\ng++ -std=gnu++17 -shared -L/usr/lib/R/lib -Wl,-Bsymbolic-functions -flto=auto -ffat-lto-objects -Wl,-z,relro -o POPULATIONS/POPULATION_0006/INDIVIDUAL_WS26E5F1/model.so POPULATIONS/POPULATION_0006/INDIVIDUAL_WS26E5F1/model.o -L/usr/lib/R/lib -lR\nStarting model phases\nNumber of phases: 3 \nPhase 1 \nInitial parameter values for phase 1 :\n        log_r_cots    log_temp_effect log_temp_threshold     log_imm_effect \n                 2                 NA                 27                 NA \n        log_a_fast         log_a_slow      log_pred_rate      log_pred_half \n                NA                 NA                 NA                 NA \nError in model phases: NA/NaN gradient evaluation",
      "stderr": "Loading required package: TMB\nLoading required package: jsonlite\nhere() starts at /home/spi085/Documents/_Projects/SCCP-QuantModelling\nusing C++ compiler: \u2018g++ (Ubuntu 13.3.0-6ubuntu2~24.04) 13.3.0\u2019\nError in value[[3L]](cond) : \n  Error in model phases: NA/NaN gradient evaluation\nCalls: tryCatch -> tryCatchList -> tryCatchOne -> <Anonymous>\nIn addition: Warning message:\nIn nlminb(model$par, model$fn, model$gr) : NA/NaN function evaluation\nExecution halted"
    },
    "5": {
      "status": "ERROR",
      "message": "R script failed with return code 1",
      "stdout": "g++ -std=gnu++17 -I\"/usr/share/R/include\" -DNDEBUG -I\"/home/spi085/R/x86_64-pc-linux-gnu-library/4.4/TMB/include\" -I\"/home/spi085/R/x86_64-pc-linux-gnu-library/4.4/RcppEigen/include\"   -DTMB_EIGEN_DISABLE_WARNINGS   -DTMB_LIB_INIT=R_init_model  -DCPPAD_FRAMEWORK      -fpic  -O2  -c POPULATIONS/POPULATION_0006/INDIVIDUAL_WS26E5F1/model.cpp -o POPULATIONS/POPULATION_0006/INDIVIDUAL_WS26E5F1/model.o\ng++ -std=gnu++17 -shared -L/usr/lib/R/lib -Wl,-Bsymbolic-functions -flto=auto -ffat-lto-objects -Wl,-z,relro -o POPULATIONS/POPULATION_0006/INDIVIDUAL_WS26E5F1/model.so POPULATIONS/POPULATION_0006/INDIVIDUAL_WS26E5F1/model.o -L/usr/lib/R/lib -lR\nStarting model phases\nNumber of phases: 3 \nPhase 1 \nInitial parameter values for phase 1 :\n        log_r_cots    log_temp_effect log_temp_threshold     log_imm_effect \n                 2                 NA                 27                 NA \n        log_a_fast         log_a_slow      log_pred_rate      log_pred_half \n                NA                 NA                 NA                 NA \nError in model phases: NA/NaN gradient evaluation",
      "stderr": "Loading required package: TMB\nLoading required package: jsonlite\nhere() starts at /home/spi085/Documents/_Projects/SCCP-QuantModelling\nusing C++ compiler: \u2018g++ (Ubuntu 13.3.0-6ubuntu2~24.04) 13.3.0\u2019\nError in value[[3L]](cond) : \n  Error in model phases: NA/NaN gradient evaluation\nCalls: tryCatch -> tryCatchList -> tryCatchOne -> <Anonymous>\nIn addition: Warning message:\nIn nlminb(model$par, model$fn, model$gr) : NA/NaN function evaluation\nExecution halted"
    },
    "6": {
      "status": "ERROR",
      "message": "R script failed with return code 1",
      "stdout": "g++ -std=gnu++17 -I\"/usr/share/R/include\" -DNDEBUG -I\"/home/spi085/R/x86_64-pc-linux-gnu-library/4.4/TMB/include\" -I\"/home/spi085/R/x86_64-pc-linux-gnu-library/4.4/RcppEigen/include\"   -DTMB_EIGEN_DISABLE_WARNINGS   -DTMB_LIB_INIT=R_init_model  -DCPPAD_FRAMEWORK      -fpic  -O2  -c POPULATIONS/POPULATION_0006/INDIVIDUAL_WS26E5F1/model.cpp -o POPULATIONS/POPULATION_0006/INDIVIDUAL_WS26E5F1/model.o\ng++ -std=gnu++17 -shared -L/usr/lib/R/lib -Wl,-Bsymbolic-functions -flto=auto -ffat-lto-objects -Wl,-z,relro -o POPULATIONS/POPULATION_0006/INDIVIDUAL_WS26E5F1/model.so POPULATIONS/POPULATION_0006/INDIVIDUAL_WS26E5F1/model.o -L/usr/lib/R/lib -lR\nStarting model phases\nNumber of phases: 3 \nPhase 1 \nInitial parameter values for phase 1 :\n        log_r_cots    log_temp_effect log_temp_threshold     log_imm_effect \n                 2                 NA                 27                 NA \n        log_a_fast         log_a_slow      log_pred_rate      log_pred_half \n                NA                 NA                 NA                 NA \nError in model phases: NA/NaN gradient evaluation",
      "stderr": "Loading required package: TMB\nLoading required package: jsonlite\nhere() starts at /home/spi085/Documents/_Projects/SCCP-QuantModelling\nusing C++ compiler: \u2018g++ (Ubuntu 13.3.0-6ubuntu2~24.04) 13.3.0\u2019\nError in value[[3L]](cond) : \n  Error in model phases: NA/NaN gradient evaluation\nCalls: tryCatch -> tryCatchList -> tryCatchOne -> <Anonymous>\nIn addition: Warning message:\nIn nlminb(model$par, model$fn, model$gr) : NA/NaN function evaluation\nExecution halted"
    },
    "7": {
      "status": "BROKEN"
    }
  }
}