{
  "iterations": {
    "1": {
      "status": "ERROR",
      "message": "R script failed with return code 1",
      "stdout": "g++ -std=gnu++17  -I\"C:/Users/spi085/AppData/Local/Programs/R/R-4.4.1/include\" -DNDEBUG -I\"C:/Users/spi085/AppData/Local/Programs/R/R-44~1.1/library/TMB/include\" -I\"C:/Users/spi085/AppData/Local/Programs/R/R-44~1.1/library/RCPPEI~1/include\"   -DTMB_EIGEN_DISABLE_WARNINGS   -DTMB_LIB_INIT=R_init_model  -DCPPAD_FRAMEWORK    -I\"C:/rtools44/x86_64-w64-mingw32.static.posix/include\"     -O2 -Wa,-mbig-obj -c POPULATIONS//POPULATION_0014//INDIVIDUAL_6GGHGZ43/model.cpp -o POPULATIONS//POPULATION_0014//INDIVIDUAL_6GGHGZ43/model.o\ng++ -std=gnu++17 -shared -s -static-libgcc -o POPULATIONS//POPULATION_0014//INDIVIDUAL_6GGHGZ43/model.dll tmp.def POPULATIONS//POPULATION_0014//INDIVIDUAL_6GGHGZ43/model.o -LC:/rtools44/x86_64-w64-mingw32.static.posix/lib/x64 -LC:/rtools44/x86_64-w64-mingw32.static.posix/lib -LC:/Users/spi085/AppData/Local/Programs/R/R-4.4.1/bin/x64 -lR\nStarting model phases\nNumber of phases: 4 \nPhase 1 \nInitial parameter values for phase 1 :\n    r_cots alpha_slow alpha_fast     r_slow     r_fast \n        NA         NA         NA         NA         NA \nError in model phases: NA/NaN gradient evaluation",
      "stderr": "Loading required package: TMB\nLoading required package: jsonlite\nhere() starts at C:/Users/spi085/OneDrive - CSIRO/Documents/_Projects/SCCP-QuantModelling\nusing C++ compiler: 'G__~1.EXE (GCC) 13.2.0'\nError in value[[3L]](cond) : \n  Error in model phases: NA/NaN gradient evaluation\nCalls: tryCatch -> tryCatchList -> tryCatchOne -> <Anonymous>\nIn addition: Warning message:\nIn nlminb(model$par, model$fn, model$gr) : NA/NaN function evaluation\nExecution halted"
    },
    "2": {
      "status": "ERROR",
      "message": "Model failed to compile.",
      "stdout": "g++ -std=gnu++17  -I\"C:/Users/spi085/AppData/Local/Programs/R/R-4.4.1/include\" -DNDEBUG -I\"C:/Users/spi085/AppData/Local/Programs/R/R-44~1.1/library/TMB/include\" -I\"C:/Users/spi085/AppData/Local/Programs/R/R-44~1.1/library/RCPPEI~1/include\"   -DTMB_EIGEN_DISABLE_WARNINGS   -DTMB_LIB_INIT=R_init_model  -DCPPAD_FRAMEWORK    -I\"C:/rtools44/x86_64-w64-mingw32.static.posix/include\"     -O2 -Wa,-mbig-obj -c POPULATIONS//POPULATION_0014//INDIVIDUAL_6GGHGZ43/model.cpp -o POPULATIONS//POPULATION_0014//INDIVIDUAL_6GGHGZ43/model.o",
      "stderr": "Loading required package: TMB\nLoading required package: jsonlite\nhere() starts at C:/Users/spi085/OneDrive - CSIRO/Documents/_Projects/SCCP-QuantModelling\nusing C++ compiler: 'G__~1.EXE (GCC) 13.2.0'\nPOPULATIONS//POPULATION_0014//INDIVIDUAL_6GGHGZ43/model.cpp: In instantiation of 'Type objective_function<Type>::operator()() [with Type = CppAD::AD<double>]':\nC:/Users/spi085/AppData/Local/Programs/R/R-4.4.1/library/TMB/include/tmb_core.hpp:1308:6:   required from here\nPOPULATIONS//POPULATION_0014//INDIVIDUAL_6GGHGZ43/model.cpp:97:28: error: cannot convert 'CppAD::AD<double>' to 'double'\n   97 |     Type h_slow_pos = fmax(h_slow, Type(0.1));\n      |                            ^~~~~~\n      |                            |\n      |                            CppAD::AD<double>\nIn file included from C:/rtools44/x86_64-w64-mingw32.static.posix/lib/gcc/x86_64-w64-mingw32.static.posix/13.2.0/include/c++/cmath:47,\n                 from C:/Users/spi085/AppData/Local/Programs/R/R-44~1.1/library/RCPPEI~1/include/Eigen/src/Core/util/Macros.h:679,\n                 from C:/Users/spi085/AppData/Local/Programs/R/R-44~1.1/library/RCPPEI~1/include/Eigen/Core:19,\n                 from C:/Users/spi085/AppData/Local/Programs/R/R-44~1.1/library/RCPPEI~1/include/Eigen/Dense:1,\n                 from C:/Users/spi085/AppData/Local/Programs/R/R-4.4.1/library/TMB/include/TMB.hpp:92,\n                 from POPULATIONS//POPULATION_0014//INDIVIDUAL_6GGHGZ43/model.cpp:1:\nC:/rtools44/x86_64-w64-mingw32.static.posix/include/math.h:1118:32: note:   initializing argument 1 of 'double fmax(double, double)'\n 1118 |   extern double __cdecl fmax  (double, double);\n      |                                ^~~~~~\nPOPULATIONS//POPULATION_0014//INDIVIDUAL_6GGHGZ43/model.cpp:98:28: error: cannot convert 'CppAD::AD<double>' to 'double'\n   98 |     Type h_fast_pos = fmax(h_fast, Type(0.1));\n      |                            ^~~~~~\n      |                            |\n      |                            CppAD::AD<double>\nC:/rtools44/x86_64-w64-mingw32.static.posix/include/math.h:1118:32: note:   initializing argument 1 of 'double fmax(double, double)'\n 1118 |   extern double __cdecl fmax  (double, double);\n      |                                ^~~~~~\nPOPULATIONS//POPULATION_0014//INDIVIDUAL_6GGHGZ43/model.cpp:108:28: error: cannot convert 'CppAD::AD<double>' to 'double'\n  108 |     Type K_cots_pos = fmax(K_cots, Type(0.1));\n      |                            ^~~~~~\n      |                            |\n      |                            CppAD::AD<double>\nC:/rtools44/x86_64-w64-mingw32.static.posix/include/math.h:1118:32: note:   initializing argument 1 of 'double fmax(double, double)'\n 1118 |   extern double __cdecl fmax  (double, double);\n      |                                ^~~~~~\nPOPULATIONS//POPULATION_0014//INDIVIDUAL_6GGHGZ43/model.cpp:113:22: error: cannot convert 'CppAD::AD<double>' to 'double'\n  113 |     cots_next = fmax(cots_next, Type(1e-8));\n      |                      ^~~~~~~~~\n      |                      |\n      |                      CppAD::AD<double>\nC:/rtools44/x86_64-w64-mingw32.static.posix/include/math.h:1118:32: note:   initializing argument 1 of 'double fmax(double, double)'\n 1118 |   extern double __cdecl fmax  (double, double);\n      |                                ^~~~~~\nPOPULATIONS//POPULATION_0014//INDIVIDUAL_6GGHGZ43/model.cpp:117:44: error: cannot convert 'CppAD::AD<double>' to 'double'\n  117 |     Type cots_inhibit_threshold_pos = fmax(cots_inhibit_threshold, Type(0.1));\n      |                                            ^~~~~~~~~~~~~~~~~~~~~~\n      |                                            |\n      |                                            CppAD::AD<double>\nC:/rtools44/x86_64-w64-mingw32.static.posix/include/math.h:1118:32: note:   initializing argument 1 of 'double fmax(double, double)'\n 1118 |   extern double __cdecl fmax  (double, double);\n      |                                ^~~~~~\nPOPULATIONS//POPULATION_0014//INDIVIDUAL_6GGHGZ43/model.cpp:130:28: error: cannot convert 'CppAD::AD<double>' to 'double'\n  130 |     Type K_slow_pos = fmax(K_slow, Type(0.1));\n      |                            ^~~~~~\n      |                            |\n      |                            CppAD::AD<double>\nC:/rtools44/x86_64-w64-mingw32.static.posix/include/math.h:1118:32: note:   initializing argument 1 of 'double fmax(double, double)'\n 1118 |   extern double __cdecl fmax  (double, double);\n      |                                ^~~~~~\nPOPULATIONS//POPULATION_0014//INDIVIDUAL_6GGHGZ43/model.cpp:131:28: error: cannot convert 'CppAD::AD<double>' to 'double'\n  131 |     Type K_fast_pos = fmax(K_fast, Type(0.1));\n      |                            ^~~~~~\n      |                            |\n      |                            CppAD::AD<double>\nC:/rtools44/x86_64-w64-mingw32.static.posix/include/math.h:1118:32: note:   initializing argument 1 of 'double fmax(double, double)'\n 1118 |   extern double __cdecl fmax  (double, double);\n      |                                ^~~~~~\nPOPULATIONS//POPULATION_0014//INDIVIDUAL_6GGHGZ43/model.cpp:136:22: error: cannot convert 'CppAD::AD<double>' to 'double'\n  136 |     slow_next = fmax(slow_next, Type(1e-8));\n      |                      ^~~~~~~~~\n      |                      |\n      |                      CppAD::AD<double>\nC:/rtools44/x86_64-w64-mingw32.static.posix/include/math.h:1118:32: note:   initializing argument 1 of 'double fmax(double, double)'\n 1118 |   extern double __cdecl fmax  (double, double);\n      |                                ^~~~~~\nPOPULATIONS//POPULATION_0014//INDIVIDUAL_6GGHGZ43/model.cpp:140:22: error: cannot convert 'CppAD::AD<double>' to 'double'\n  140 |     fast_next = fmax(fast_next, Type(1e-8));\n      |                      ^~~~~~~~~\n      |                      |\n      |                      CppAD::AD<double>\nC:/rtools44/x86_64-w64-mingw32.static.posix/include/math.h:1118:32: note:   initializing argument 1 of 'double fmax(double, double)'\n 1118 |   extern double __cdecl fmax  (double, double);\n      |                                ^~~~~~\nPOPULATIONS//POPULATION_0014//INDIVIDUAL_6GGHGZ43/model.cpp:149:36: error: cannot convert 'CppAD::AD<double>' to 'double'\n  149 |     Type sigma_obs_cots_pos = fmax(sigma_obs_cots, min_sd);\n      |                                    ^~~~~~~~~~~~~~\n      |                                    |\n      |                                    CppAD::AD<double>\nC:/rtools44/x86_64-w64-mingw32.static.posix/include/math.h:1118:32: note:   initializing argument 1 of 'double fmax(double, double)'\n 1118 |   extern double __cdecl fmax  (double, double);\n      |                                ^~~~~~\nPOPULATIONS//POPULATION_0014//INDIVIDUAL_6GGHGZ43/model.cpp:150:36: error: cannot convert 'CppAD::AD<double>' to 'double'\n  150 |     Type sigma_obs_slow_pos = fmax(sigma_obs_slow, min_sd);\n      |                                    ^~~~~~~~~~~~~~\n      |                                    |\n      |                                    CppAD::AD<double>\nC:/rtools44/x86_64-w64-mingw32.static.posix/include/math.h:1118:32: note:   initializing argument 1 of 'double fmax(double, double)'\n 1118 |   extern double __cdecl fmax  (double, double);\n      |                                ^~~~~~\nPOPULATIONS//POPULATION_0014//INDIVIDUAL_6GGHGZ43/model.cpp:151:36: error: cannot convert 'CppAD::AD<double>' to 'double'\n  151 |     Type sigma_obs_fast_pos = fmax(sigma_obs_fast, min_sd);\n      |                                    ^~~~~~~~~~~~~~\n      |                                    |\n      |                                    CppAD::AD<double>\nC:/rtools44/x86_64-w64-mingw32.static.posix/include/math.h:1118:32: note:   initializing argument 1 of 'double fmax(double, double)'\n 1118 |   extern double __cdecl fmax  (double, double);\n      |                                ^~~~~~\nPOPULATIONS//POPULATION_0014//INDIVIDUAL_6GGHGZ43/model.cpp: In instantiation of 'Type objective_function<Type>::operator()() [with Type = CppAD::AD<CppAD::AD<double> >]':\nC:/Users/spi085/AppData/Local/Programs/R/R-4.4.1/library/TMB/include/tmb_core.hpp:913:29:   required from 'Type objective_function<Type>::evalUserTemplate() [with Type = CppAD::AD<CppAD::AD<double> >]'\nC:/Users/spi085/AppData/Local/Programs/R/R-4.4.1/library/TMB/include/tmb_core.hpp:2112:26:   required from here\nPOPULATIONS//POPULATION_0014//INDIVIDUAL_6GGHGZ43/model.cpp:97:28: error: cannot convert 'CppAD::AD<CppAD::AD<double> >' to 'double'\n   97 |     Type h_slow_pos = fmax(h_slow, Type(0.1));\n      |                            ^~~~~~\n      |                            |\n      |                            CppAD::AD<CppAD::AD<double> >\nC:/rtools44/x86_64-w64-mingw32.static.posix/include/math.h:1118:32: note:   initializing argument 1 of 'double fmax(double, double)'\n 1118 |   extern double __cdecl fmax  (double, double);\n      |                                ^~~~~~\nPOPULATIONS//POPULATION_0014//INDIVIDUAL_6GGHGZ43/model.cpp:98:28: error: cannot convert 'CppAD::AD<CppAD::AD<double> >' to 'double'\n   98 |     Type h_fast_pos = fmax(h_fast, Type(0.1));\n      |                            ^~~~~~\n      |                            |\n      |                            CppAD::AD<CppAD::AD<double> >\nC:/rtools44/x86_64-w64-mingw32.static.posix/include/math.h:1118:32: note:   initializing argument 1 of 'double fmax(double, double)'\n 1118 |   extern double __cdecl fmax  (double, double);\n      |                                ^~~~~~\nPOPULATIONS//POPULATION_0014//INDIVIDUAL_6GGHGZ43/model.cpp:108:28: error: cannot convert 'CppAD::AD<CppAD::AD<double> >' to 'double'\n  108 |     Type K_cots_pos = fmax(K_cots, Type(0.1));\n      |                            ^~~~~~\n      |                            |\n      |                            CppAD::AD<CppAD::AD<double> >\nC:/rtools44/x86_64-w64-mingw32.static.posix/include/math.h:1118:32: note:   initializing argument 1 of 'double fmax(double, double)'\n 1118 |   extern double __cdecl fmax  (double, double);\n      |                                ^~~~~~\nPOPULATIONS//POPULATION_0014//INDIVIDUAL_6GGHGZ43/model.cpp:113:22: error: cannot convert 'CppAD::AD<CppAD::AD<double> >' to 'double'\n  113 |     cots_next = fmax(cots_next, Type(1e-8));\n      |                      ^~~~~~~~~\n      |                      |\n      |                      CppAD::AD<CppAD::AD<double> >\nC:/rtools44/x86_64-w64-mingw32.static.posix/include/math.h:1118:32: note:   initializing argument 1 of 'double fmax(double, double)'\n 1118 |   extern double __cdecl fmax  (double, double);\n      |                                ^~~~~~\nPOPULATIONS//POPULATION_0014//INDIVIDUAL_6GGHGZ43/model.cpp:117:44: error: cannot convert 'CppAD::AD<CppAD::AD<double> >' to 'double'\n  117 |     Type cots_inhibit_threshold_pos = fmax(cots_inhibit_threshold, Type(0.1));\n      |                                            ^~~~~~~~~~~~~~~~~~~~~~\n      |                                            |\n      |                                            CppAD::AD<CppAD::AD<double> >\nC:/rtools44/x86_64-w64-mingw32.static.posix/include/math.h:1118:32: note:   initializing argument 1 of 'double fmax(double, double)'\n 1118 |   extern double __cdecl fmax  (double, double);\n      |                                ^~~~~~\nPOPULATIONS//POPULATION_0014//INDIVIDUAL_6GGHGZ43/model.cpp:130:28: error: cannot convert 'CppAD::AD<CppAD::AD<double> >' to 'double'\n  130 |     Type K_slow_pos = fmax(K_slow, Type(0.1));\n      |                            ^~~~~~\n      |                            |\n      |                            CppAD::AD<CppAD::AD<double> >\nC:/rtools44/x86_64-w64-mingw32.static.posix/include/math.h:1118:32: note:   initializing argument 1 of 'double fmax(double, double)'\n 1118 |   extern double __cdecl fmax  (double, double);\n      |                                ^~~~~~\nPOPULATIONS//POPULATION_0014//INDIVIDUAL_6GGHGZ43/model.cpp:131:28: error: cannot convert 'CppAD::AD<CppAD::AD<double> >' to 'double'\n  131 |     Type K_fast_pos = fmax(K_fast, Type(0.1));\n      |                            ^~~~~~\n      |                            |\n      |                            CppAD::AD<CppAD::AD<double> >\nC:/rtools44/x86_64-w64-mingw32.static.posix/include/math.h:1118:32: note:   initializing argument 1 of 'double fmax(double, double)'\n 1118 |   extern double __cdecl fmax  (double, double);\n      |                                ^~~~~~\nPOPULATIONS//POPULATION_0014//INDIVIDUAL_6GGHGZ43/model.cpp:136:22: error: cannot convert 'CppAD::AD<CppAD::AD<double> >' to 'double'\n  136 |     slow_next = fmax(slow_next, Type(1e-8));\n      |                      ^~~~~~~~~\n      |                      |\n      |                      CppAD::AD<CppAD::AD<double> >\nC:/rtools44/x86_64-w64-mingw32.static.posix/include/math.h:1118:32: note:   initializing argument 1 of 'double fmax(double, double)'\n 1118 |   extern double __cdecl fmax  (double, double);\n      |                                ^~~~~~\nPOPULATIONS//POPULATION_0014//INDIVIDUAL_6GGHGZ43/model.cpp:140:22: error: cannot convert 'CppAD::AD<CppAD::AD<double> >' to 'double'\n  140 |     fast_next = fmax(fast_next, Type(1e-8));\n      |                      ^~~~~~~~~\n      |                      |\n      |                      CppAD::AD<CppAD::AD<double> >\nC:/rtools44/x86_64-w64-mingw32.static.posix/include/math.h:1118:32: note:   initializing argument 1 of 'double fmax(double, double)'\n 1118 |   extern double __cdecl fmax  (double, double);\n      |                                ^~~~~~\nPOPULATIONS//POPULATION_0014//INDIVIDUAL_6GGHGZ43/model.cpp:149:36: error: cannot convert 'CppAD::AD<CppAD::AD<double> >' to 'double'\n  149 |     Type sigma_obs_cots_pos = fmax(sigma_obs_cots, min_sd);\n      |                                    ^~~~~~~~~~~~~~\n      |                                    |\n      |                                    CppAD::AD<CppAD::AD<double> >\nC:/rtools44/x86_64-w64-mingw32.static.posix/include/math.h:1118:32: note:   initializing argument 1 of 'double fmax(double, double)'\n 1118 |   extern double __cdecl fmax  (double, double);\n      |                                ^~~~~~\nPOPULATIONS//POPULATION_0014//INDIVIDUAL_6GGHGZ43/model.cpp:150:36: error: cannot convert 'CppAD::AD<CppAD::AD<double> >' to 'double'\n  150 |     Type sigma_obs_slow_pos = fmax(sigma_obs_slow, min_sd);\n      |                                    ^~~~~~~~~~~~~~\n      |                                    |\n      |                                    CppAD::AD<CppAD::AD<double> >\nC:/rtools44/x86_64-w64-mingw32.static.posix/include/math.h:1118:32: note:   initializing argument 1 of 'double fmax(double, double)'\n 1118 |   extern double __cdecl fmax  (double, double);\n      |                                ^~~~~~\nPOPULATIONS//POPULATION_0014//INDIVIDUAL_6GGHGZ43/model.cpp:151:36: error: cannot convert 'CppAD::AD<CppAD::AD<double> >' to 'double'\n  151 |     Type sigma_obs_fast_pos = fmax(sigma_obs_fast, min_sd);\n      |                                    ^~~~~~~~~~~~~~\n      |                                    |\n      |                                    CppAD::AD<CppAD::AD<double> >\nC:/rtools44/x86_64-w64-mingw32.static.posix/include/math.h:1118:32: note:   initializing argument 1 of 'double fmax(double, double)'\n 1118 |   extern double __cdecl fmax  (double, double);\n      |                                ^~~~~~\nPOPULATIONS//POPULATION_0014//INDIVIDUAL_6GGHGZ43/model.cpp: In instantiation of 'Type objective_function<Type>::operator()() [with Type = CppAD::AD<CppAD::AD<CppAD::AD<double> > >]':\nC:/Users/spi085/AppData/Local/Programs/R/R-4.4.1/library/TMB/include/tmb_core.hpp:913:29:   required from 'Type objective_function<Type>::evalUserTemplate() [with Type = CppAD::AD<CppAD::AD<CppAD::AD<double> > >]'\nC:/Users/spi085/AppData/Local/Programs/R/R-4.4.1/library/TMB/include/tmb_core.hpp:2361:28:   required from here\nPOPULATIONS//POPULATION_0014//INDIVIDUAL_6GGHGZ43/model.cpp:97:28: error: cannot convert 'CppAD::AD<CppAD::AD<CppAD::AD<double> > >' to 'double'\n   97 |     Type h_slow_pos = fmax(h_slow, Type(0.1));\n      |                            ^~~~~~\n      |                            |\n      |                            CppAD::AD<CppAD::AD<CppAD::AD<double> > >\nC:/rtools44/x86_64-w64-mingw32.static.posix/include/math.h:1118:32: note:   initializing argument 1 of 'double fmax(double, double)'\n 1118 |   extern double __cdecl fmax  (double, double);\n      |                                ^~~~~~\nPOPULATIONS//POPULATION_0014//INDIVIDUAL_6GGHGZ43/model.cpp:98:28: error: cannot convert 'CppAD::AD<CppAD::AD<CppAD::AD<double> > >' to 'double'\n   98 |     Type h_fast_pos = fmax(h_fast, Type(0.1));\n      |                            ^~~~~~\n      |                            |\n      |                            CppAD::AD<CppAD::AD<CppAD::AD<double> > >\nC:/rtools44/x86_64-w64-mingw32.static.posix/include/math.h:1118:32: note:   initializing argument 1 of 'double fmax(double, double)'\n 1118 |   extern double __cdecl fmax  (double, double);\n      |                                ^~~~~~\nPOPULATIONS//POPULATION_0014//INDIVIDUAL_6GGHGZ43/model.cpp:108:28: error: cannot convert 'CppAD::AD<CppAD::AD<CppAD::AD<double> > >' to 'double'\n  108 |     Type K_cots_pos = fmax(K_cots, Type(0.1));\n      |                            ^~~~~~\n      |                            |\n      |                            CppAD::AD<CppAD::AD<CppAD::AD<double> > >\nC:/rtools44/x86_64-w64-mingw32.static.posix/include/math.h:1118:32: note:   initializing argument 1 of 'double fmax(double, double)'\n 1118 |   extern double __cdecl fmax  (double, double);\n      |                                ^~~~~~\nPOPULATIONS//POPULATION_0014//INDIVIDUAL_6GGHGZ43/model.cpp:113:22: error: cannot convert 'CppAD::AD<CppAD::AD<CppAD::AD<double> > >' to 'double'\n  113 |     cots_next = fmax(cots_next, Type(1e-8));\n      |                      ^~~~~~~~~\n      |                      |\n      |                      CppAD::AD<CppAD::AD<CppAD::AD<double> > >\nC:/rtools44/x86_64-w64-mingw32.static.posix/include/math.h:1118:32: note:   initializing argument 1 of 'double fmax(double, double)'\n 1118 |   extern double __cdecl fmax  (double, double);\n      |                                ^~~~~~\nPOPULATIONS//POPULATION_0014//INDIVIDUAL_6GGHGZ43/model.cpp:117:44: error: cannot convert 'CppAD::AD<CppAD::AD<CppAD::AD<double> > >' to 'double'\n  117 |     Type cots_inhibit_threshold_pos = fmax(cots_inhibit_threshold, Type(0.1));\n      |                                            ^~~~~~~~~~~~~~~~~~~~~~\n      |                                            |\n      |                                            CppAD::AD<CppAD::AD<CppAD::AD<double> > >\nC:/rtools44/x86_64-w64-mingw32.static.posix/include/math.h:1118:32: note:   initializing argument 1 of 'double fmax(double, double)'\n 1118 |   extern double __cdecl fmax  (double, double);\n      |                                ^~~~~~\nPOPULATIONS//POPULATION_0014//INDIVIDUAL_6GGHGZ43/model.cpp:130:28: error: cannot convert 'CppAD::AD<CppAD::AD<CppAD::AD<double> > >' to 'double'\n  130 |     Type K_slow_pos = fmax(K_slow, Type(0.1));\n      |                            ^~~~~~\n      |                            |\n      |                            CppAD::AD<CppAD::AD<CppAD::AD<double> > >\nC:/rtools44/x86_64-w64-mingw32.static.posix/include/math.h:1118:32: note:   initializing argument 1 of 'double fmax(double, double)'\n 1118 |   extern double __cdecl fmax  (double, double);\n      |                                ^~~~~~\nPOPULATIONS//POPULATION_0014//INDIVIDUAL_6GGHGZ43/model.cpp:131:28: error: cannot convert 'CppAD::AD<CppAD::AD<CppAD::AD<double> > >' to 'double'\n  131 |     Type K_fast_pos = fmax(K_fast, Type(0.1));\n      |                            ^~~~~~\n      |                            |\n      |                            CppAD::AD<CppAD::AD<CppAD::AD<double> > >\nC:/rtools44/x86_64-w64-mingw32.static.posix/include/math.h:1118:32: note:   initializing argument 1 of 'double fmax(double, double)'\n 1118 |   extern double __cdecl fmax  (double, double);\n      |                                ^~~~~~\nPOPULATIONS//POPULATION_0014//INDIVIDUAL_6GGHGZ43/model.cpp:136:22: error: cannot convert 'CppAD::AD<CppAD::AD<CppAD::AD<double> > >' to 'double'\n  136 |     slow_next = fmax(slow_next, Type(1e-8));\n      |                      ^~~~~~~~~\n      |                      |\n      |                      CppAD::AD<CppAD::AD<CppAD::AD<double> > >\nC:/rtools44/x86_64-w64-mingw32.static.posix/include/math.h:1118:32: note:   initializing argument 1 of 'double fmax(double, double)'\n 1118 |   extern double __cdecl fmax  (double, double);\n      |                                ^~~~~~\nPOPULATIONS//POPULATION_0014//INDIVIDUAL_6GGHGZ43/model.cpp:140:22: error: cannot convert 'CppAD::AD<CppAD::AD<CppAD::AD<double> > >' to 'double'\n  140 |     fast_next = fmax(fast_next, Type(1e-8));\n      |                      ^~~~~~~~~\n      |                      |\n      |                      CppAD::AD<CppAD::AD<CppAD::AD<double> > >\nC:/rtools44/x86_64-w64-mingw32.static.posix/include/math.h:1118:32: note:   initializing argument 1 of 'double fmax(double, double)'\n 1118 |   extern double __cdecl fmax  (double, double);\n      |                                ^~~~~~\nPOPULATIONS//POPULATION_0014//INDIVIDUAL_6GGHGZ43/model.cpp:149:36: error: cannot convert 'CppAD::AD<CppAD::AD<CppAD::AD<double> > >' to 'double'\n  149 |     Type sigma_obs_cots_pos = fmax(sigma_obs_cots, min_sd);\n      |                                    ^~~~~~~~~~~~~~\n      |                                    |\n      |                                    CppAD::AD<CppAD::AD<CppAD::AD<double> > >\nC:/rtools44/x86_64-w64-mingw32.static.posix/include/math.h:1118:32: note:   initializing argument 1 of 'double fmax(double, double)'\n 1118 |   extern double __cdecl fmax  (double, double);\n      |                                ^~~~~~\nPOPULATIONS//POPULATION_0014//INDIVIDUAL_6GGHGZ43/model.cpp:150:36: error: cannot convert 'CppAD::AD<CppAD::AD<CppAD::AD<double> > >' to 'double'\n  150 |     Type sigma_obs_slow_pos = fmax(sigma_obs_slow, min_sd);\n      |                                    ^~~~~~~~~~~~~~\n      |                                    |\n      |                                    CppAD::AD<CppAD::AD<CppAD::AD<double> > >\nC:/rtools44/x86_64-w64-mingw32.static.posix/include/math.h:1118:32: note:   initializing argument 1 of 'double fmax(double, double)'\n 1118 |   extern double __cdecl fmax  (double, double);\n      |                                ^~~~~~\nPOPULATIONS//POPULATION_0014//INDIVIDUAL_6GGHGZ43/model.cpp:151:36: error: cannot convert 'CppAD::AD<CppAD::AD<CppAD::AD<double> > >' to 'double'\n  151 |     Type sigma_obs_fast_pos = fmax(sigma_obs_fast, min_sd);\n      |                                    ^~~~~~~~~~~~~~\n      |                                    |\n      |                                    CppAD::AD<CppAD::AD<CppAD::AD<double> > >\nC:/rtools44/x86_64-w64-mingw32.static.posix/include/math.h:1118:32: note:   initializing argument 1 of 'double fmax(double, double)'\n 1118 |   extern double __cdecl fmax  (double, double);\n      |                                ^~~~~~\nmake: *** [C:/Users/spi085/AppData/Local/Programs/R/R-4.4.1/etc/x64/Makeconf:296: POPULATIONS//POPULATION_0014//INDIVIDUAL_6GGHGZ43/model.o] Error 1\nError in TMB::compile(file.path(individual_dir, model_file), flags = flags,  : \n  Compilation failed\nError: Compilation failed\nExecution halted"
    },
    "3": {
      "status": "ERROR",
      "message": "R script failed with return code 1",
      "stdout": "g++ -std=gnu++17  -I\"C:/Users/spi085/AppData/Local/Programs/R/R-4.4.1/include\" -DNDEBUG -I\"C:/Users/spi085/AppData/Local/Programs/R/R-44~1.1/library/TMB/include\" -I\"C:/Users/spi085/AppData/Local/Programs/R/R-44~1.1/library/RCPPEI~1/include\"   -DTMB_EIGEN_DISABLE_WARNINGS   -DTMB_LIB_INIT=R_init_model  -DCPPAD_FRAMEWORK    -I\"C:/rtools44/x86_64-w64-mingw32.static.posix/include\"     -O2 -Wa,-mbig-obj -c POPULATIONS//POPULATION_0014//INDIVIDUAL_6GGHGZ43/model.cpp -o POPULATIONS//POPULATION_0014//INDIVIDUAL_6GGHGZ43/model.o\ng++ -std=gnu++17 -shared -s -static-libgcc -o POPULATIONS//POPULATION_0014//INDIVIDUAL_6GGHGZ43/model.dll tmp.def POPULATIONS//POPULATION_0014//INDIVIDUAL_6GGHGZ43/model.o -LC:/rtools44/x86_64-w64-mingw32.static.posix/lib/x64 -LC:/rtools44/x86_64-w64-mingw32.static.posix/lib -LC:/Users/spi085/AppData/Local/Programs/R/R-4.4.1/bin/x64 -lR\nStarting model phases\nNumber of phases: 4 \nPhase 1 \nInitial parameter values for phase 1 :\n    r_cots alpha_slow alpha_fast     r_slow     r_fast \n        NA         NA         NA         NA         NA \nError in model phases: NA/NaN gradient evaluation",
      "stderr": "Loading required package: TMB\nLoading required package: jsonlite\nhere() starts at C:/Users/spi085/OneDrive - CSIRO/Documents/_Projects/SCCP-QuantModelling\nusing C++ compiler: 'G__~1.EXE (GCC) 13.2.0'\nError in value[[3L]](cond) : \n  Error in model phases: NA/NaN gradient evaluation\nCalls: tryCatch -> tryCatchList -> tryCatchOne -> <Anonymous>\nIn addition: Warning message:\nIn nlminb(model$par, model$fn, model$gr) : NA/NaN function evaluation\nExecution halted"
    },
    "4": {
      "status": "ERROR",
      "message": "R script failed with return code 1",
      "stdout": "g++ -std=gnu++17  -I\"C:/Users/spi085/AppData/Local/Programs/R/R-4.4.1/include\" -DNDEBUG -I\"C:/Users/spi085/AppData/Local/Programs/R/R-44~1.1/library/TMB/include\" -I\"C:/Users/spi085/AppData/Local/Programs/R/R-44~1.1/library/RCPPEI~1/include\"   -DTMB_EIGEN_DISABLE_WARNINGS   -DTMB_LIB_INIT=R_init_model  -DCPPAD_FRAMEWORK    -I\"C:/rtools44/x86_64-w64-mingw32.static.posix/include\"     -O2 -Wa,-mbig-obj -c POPULATIONS//POPULATION_0014//INDIVIDUAL_6GGHGZ43/model.cpp -o POPULATIONS//POPULATION_0014//INDIVIDUAL_6GGHGZ43/model.o\ng++ -std=gnu++17 -shared -s -static-libgcc -o POPULATIONS//POPULATION_0014//INDIVIDUAL_6GGHGZ43/model.dll tmp.def POPULATIONS//POPULATION_0014//INDIVIDUAL_6GGHGZ43/model.o -LC:/rtools44/x86_64-w64-mingw32.static.posix/lib/x64 -LC:/rtools44/x86_64-w64-mingw32.static.posix/lib -LC:/Users/spi085/AppData/Local/Programs/R/R-4.4.1/bin/x64 -lR\nStarting model phases\nNumber of phases: 4 \nPhase 1 \nInitial parameter values for phase 1 :\n    r_cots alpha_slow alpha_fast     r_slow     r_fast \n        NA         NA         NA         NA         NA \nError in model phases: NA/NaN gradient evaluation",
      "stderr": "Loading required package: TMB\nLoading required package: jsonlite\nhere() starts at C:/Users/spi085/OneDrive - CSIRO/Documents/_Projects/SCCP-QuantModelling\nusing C++ compiler: 'G__~1.EXE (GCC) 13.2.0'\nError in value[[3L]](cond) : \n  Error in model phases: NA/NaN gradient evaluation\nCalls: tryCatch -> tryCatchList -> tryCatchOne -> <Anonymous>\nIn addition: Warning message:\nIn nlminb(model$par, model$fn, model$gr) : NA/NaN function evaluation\nExecution halted"
    },
    "5": {
      "status": "ERROR",
      "message": "R script failed with return code 1",
      "stdout": "g++ -std=gnu++17  -I\"C:/Users/spi085/AppData/Local/Programs/R/R-4.4.1/include\" -DNDEBUG -I\"C:/Users/spi085/AppData/Local/Programs/R/R-44~1.1/library/TMB/include\" -I\"C:/Users/spi085/AppData/Local/Programs/R/R-44~1.1/library/RCPPEI~1/include\"   -DTMB_EIGEN_DISABLE_WARNINGS   -DTMB_LIB_INIT=R_init_model  -DCPPAD_FRAMEWORK    -I\"C:/rtools44/x86_64-w64-mingw32.static.posix/include\"     -O2 -Wa,-mbig-obj -c POPULATIONS//POPULATION_0014//INDIVIDUAL_6GGHGZ43/model.cpp -o POPULATIONS//POPULATION_0014//INDIVIDUAL_6GGHGZ43/model.o\ng++ -std=gnu++17 -shared -s -static-libgcc -o POPULATIONS//POPULATION_0014//INDIVIDUAL_6GGHGZ43/model.dll tmp.def POPULATIONS//POPULATION_0014//INDIVIDUAL_6GGHGZ43/model.o -LC:/rtools44/x86_64-w64-mingw32.static.posix/lib/x64 -LC:/rtools44/x86_64-w64-mingw32.static.posix/lib -LC:/Users/spi085/AppData/Local/Programs/R/R-4.4.1/bin/x64 -lR\nStarting model phases\nNumber of phases: 4 \nPhase 1 \nInitial parameter values for phase 1 :\n    r_cots alpha_slow alpha_fast     r_slow     r_fast \n        NA         NA         NA         NA         NA \nError in model phases: NA/NaN gradient evaluation",
      "stderr": "Loading required package: TMB\nLoading required package: jsonlite\nhere() starts at C:/Users/spi085/OneDrive - CSIRO/Documents/_Projects/SCCP-QuantModelling\nusing C++ compiler: 'G__~1.EXE (GCC) 13.2.0'\nError in value[[3L]](cond) : \n  Error in model phases: NA/NaN gradient evaluation\nCalls: tryCatch -> tryCatchList -> tryCatchOne -> <Anonymous>\nIn addition: Warning message:\nIn nlminb(model$par, model$fn, model$gr) : NA/NaN function evaluation\nExecution halted"
    },
    "6": {
      "status": "ERROR",
      "message": "R script failed with return code 1",
      "stdout": "g++ -std=gnu++17  -I\"C:/Users/spi085/AppData/Local/Programs/R/R-4.4.1/include\" -DNDEBUG -I\"C:/Users/spi085/AppData/Local/Programs/R/R-44~1.1/library/TMB/include\" -I\"C:/Users/spi085/AppData/Local/Programs/R/R-44~1.1/library/RCPPEI~1/include\"   -DTMB_EIGEN_DISABLE_WARNINGS   -DTMB_LIB_INIT=R_init_model  -DCPPAD_FRAMEWORK    -I\"C:/rtools44/x86_64-w64-mingw32.static.posix/include\"     -O2 -Wa,-mbig-obj -c POPULATIONS//POPULATION_0014//INDIVIDUAL_6GGHGZ43/model.cpp -o POPULATIONS//POPULATION_0014//INDIVIDUAL_6GGHGZ43/model.o\ng++ -std=gnu++17 -shared -s -static-libgcc -o POPULATIONS//POPULATION_0014//INDIVIDUAL_6GGHGZ43/model.dll tmp.def POPULATIONS//POPULATION_0014//INDIVIDUAL_6GGHGZ43/model.o -LC:/rtools44/x86_64-w64-mingw32.static.posix/lib/x64 -LC:/rtools44/x86_64-w64-mingw32.static.posix/lib -LC:/Users/spi085/AppData/Local/Programs/R/R-4.4.1/bin/x64 -lR\nStarting model phases\nNumber of phases: 4 \nPhase 1 \nError in model phases: Names in map must correspond to parameter names",
      "stderr": "Loading required package: TMB\nLoading required package: jsonlite\nhere() starts at C:/Users/spi085/OneDrive - CSIRO/Documents/_Projects/SCCP-QuantModelling\nusing C++ compiler: 'G__~1.EXE (GCC) 13.2.0'\nError in value[[3L]](cond) : \n  Error in model phases: Names in map must correspond to parameter names\nCalls: tryCatch -> tryCatchList -> tryCatchOne -> <Anonymous>\nExecution halted"
    },
    "7": {
      "status": "BROKEN"
    }
  }
}