{
  "iterations": {
    "1": {
      "status": "ERROR",
      "message": "R script failed with return code 139",
      "stdout": "g++ -std=gnu++17 -I\"/usr/share/R/include\" -DNDEBUG -I\"/home/spi085/R/x86_64-pc-linux-gnu-library/4.4/TMB/include\" -I\"/home/spi085/R/x86_64-pc-linux-gnu-library/4.4/RcppEigen/include\"   -DTMB_EIGEN_DISABLE_WARNINGS   -DTMB_LIB_INIT=R_init_model  -DCPPAD_FRAMEWORK      -fpic  -O2  -c POPULATIONS/POPULATION_0016/INDIVIDUAL_6J4NBKS0/model.cpp -o POPULATIONS/POPULATION_0016/INDIVIDUAL_6J4NBKS0/model.o\ng++ -std=gnu++17 -shared -L/usr/lib/R/lib -Wl,-Bsymbolic-functions -flto=auto -ffat-lto-objects -Wl,-z,relro -o POPULATIONS/POPULATION_0016/INDIVIDUAL_6J4NBKS0/model.so POPULATIONS/POPULATION_0016/INDIVIDUAL_6J4NBKS0/model.o -L/usr/lib/R/lib -lR\nStarting model phases\nNumber of phases: 3 \nPhase 1",
      "stderr": "Loading required package: TMB\nLoading required package: jsonlite\nhere() starts at /home/spi085/Documents/_Projects/SCCP-QuantModelling\nusing C++ compiler: \u2018g++ (Ubuntu 13.3.0-6ubuntu2~24.04) 13.3.0\u2019\n\n *** caught segfault ***\naddress (nil), cause 'memory not mapped'\n\nTraceback:\n 1: getParameterOrder(data, parameters, new.env(), DLL = DLL)\n 2: MakeADFun(data_in, parameters, DLL = \"model\", silent = TRUE,     map = map)\n 3: doTryCatch(return(expr), name, parentenv, handler)\n 4: tryCatchOne(expr, names, parentenv, handlers[[1L]])\n 5: tryCatchList(expr, classes, parentenv, handlers)\n 6: tryCatch({    for (m in seq(1, n_phases)) {        cat(\"Phase\", m, \"\\n\")        to_fit <- params[params$priority == m & !is.na(params$priority) &             params$import_type == \"PARAMETER\", ]$parameter        map <- generate_map(to_fit)        if (exists(\"model\")) {            parameters <- model$env$parList(fit$par)        }        model <- MakeADFun(data_in, parameters, DLL = \"model\",             silent = TRUE, map = map)        if (is.null(model)) {            stop(\"Failed to create model\")        }        cat(\"Initial parameter values for phase\", m, \":\\n\")        print(model$par)        fit <- nlminb(model$par, model$fn, model$gr)        if (is.null(fit)) {            stop(\"Failed to fit model\")        }        cat(\"Final parameter values for phase\", m, \":\\n\")        print(fit$par)        cat(\"Convergence message:\", fit$message, \"\\n\")        cat(\"Number of iterations:\", fit$iterations, \"\\n\")        cat(\"Objective function value:\", fit$objective, \"\\n\")        if (any(is.nan(fit$par)) || any(is.infinite(fit$par))) {            cat(\"WARNING: NaN or Inf values detected in parameters at phase\",                 m, \"\\n\")        }        cat(\"Gradient at solution for phase\", m, \":\\n\")        grad <- model$gr(fit$par)        print(grad)        if (any(is.nan(grad)) || any(is.infinite(grad))) {            cat(\"WARNING: NaN or Inf values detected in gradient at phase\",                 m, \"\\n\")        }        best <- model$env$last.par.best        model$report()    }    cat(\"Final Phase\\n\")    to_fit <- params[!is.na(params$priority) & params$import_type ==         \"PARAMETER\", ]$parameter    map <- generate_map(to_fit)    parameters <- model$env$parList(fit$par)    model <- MakeADFun(data_in, parameters, DLL = \"model\", silent = TRUE,         map = map)    cat(\"Initial parameter values for final phase:\\n\")    print(model$par)    fit <- nlminb(model$par, model$fn, model$gr)    cat(\"Final parameter values for final phase:\\n\")    print(fit$par)    cat(\"Convergence message:\", fit$message, \"\\n\")    cat(\"Number of iterations:\", fit$iterations, \"\\n\")    cat(\"Objective function value:\", fit$objective, \"\\n\")    if (any(is.nan(fit$par)) || any(is.infinite(fit$par))) {        cat(\"WARNING: NaN or Inf values detected in parameters at final phase\\n\")    }    cat(\"Gradient at solution for final phase:\\n\")    grad <- model$gr(fit$par)    print(grad)    if (any(is.nan(grad)) || any(is.infinite(grad))) {        cat(\"WARNING: NaN or Inf values detected in gradient at final phase\\n\")    }    best <- model$env$last.par.best}, error = function(e) {    error_message <- paste(\"Error in model phases:\", conditionMessage(e))    cat(error_message, \"\\n\")    stop(error_message)})\nAn irrecoverable exception occurred. R is aborting now ...\nSegmentation fault (core dumped)"
    },
    "2": {
      "status": "ERROR",
      "message": "Model failed to compile.",
      "stdout": "g++ -std=gnu++17 -I\"/usr/share/R/include\" -DNDEBUG -I\"/home/spi085/R/x86_64-pc-linux-gnu-library/4.4/TMB/include\" -I\"/home/spi085/R/x86_64-pc-linux-gnu-library/4.4/RcppEigen/include\"   -DTMB_EIGEN_DISABLE_WARNINGS   -DTMB_LIB_INIT=R_init_model  -DCPPAD_FRAMEWORK      -fpic  -O2  -c POPULATIONS/POPULATION_0016/INDIVIDUAL_6J4NBKS0/model.cpp -o POPULATIONS/POPULATION_0016/INDIVIDUAL_6J4NBKS0/model.o",
      "stderr": "Loading required package: TMB\nLoading required package: jsonlite\nhere() starts at /home/spi085/Documents/_Projects/SCCP-QuantModelling\nusing C++ compiler: \u2018g++ (Ubuntu 13.3.0-6ubuntu2~24.04) 13.3.0\u2019\nPOPULATIONS/POPULATION_0016/INDIVIDUAL_6J4NBKS0/model.cpp: In instantiation of \u2018Type objective_function<Type>::operator()() [with Type = double]\u2019:\n/home/spi085/R/x86_64-pc-linux-gnu-library/4.4/TMB/include/tmb_core.hpp:2035:7:   required from here\nPOPULATIONS/POPULATION_0016/INDIVIDUAL_6J4NBKS0/model.cpp:56:34: error: no matching function for call to \u2018Value(Eigen::DenseCoeffsBase<Eigen::Array<double, -1, 1>, 1>::Scalar&)\u2019\n   56 |   Type cots_pred_t = CppAD::Value(cots_dat(0)); // Initial COTS abundance (indiv/m2)\n      |                      ~~~~~~~~~~~~^~~~~~~~~~~~~\nIn file included from /home/spi085/R/x86_64-pc-linux-gnu-library/4.4/TMB/include/cppad/local/convert.hpp:45,\n                 from /home/spi085/R/x86_64-pc-linux-gnu-library/4.4/TMB/include/cppad/local/user_ad.hpp:68,\n                 from /home/spi085/R/x86_64-pc-linux-gnu-library/4.4/TMB/include/cppad/cppad.hpp:82,\n                 from /home/spi085/R/x86_64-pc-linux-gnu-library/4.4/TMB/include/TMB.hpp:125,\n                 from POPULATIONS/POPULATION_0016/INDIVIDUAL_6J4NBKS0/model.cpp:1:\n/home/spi085/R/x86_64-pc-linux-gnu-library/4.4/TMB/include/cppad/local/value.hpp:83:6: note: candidate: \u2018template<class Base> Base CppAD::Value(const AD<Base>&)\u2019\n   83 | Base Value(const AD<Base> &x)\n      |      ^~~~~\n/home/spi085/R/x86_64-pc-linux-gnu-library/4.4/TMB/include/cppad/local/value.hpp:83:6: note:   template argument deduction/substitution failed:\nPOPULATIONS/POPULATION_0016/INDIVIDUAL_6J4NBKS0/model.cpp:56:34: note:   mismatched types \u2018const CppAD::AD<Base>\u2019 and \u2018Eigen::DenseCoeffsBase<Eigen::Array<double, -1, 1>, 1>::Scalar\u2019 {aka \u2018double\u2019}\n   56 |   Type cots_pred_t = CppAD::Value(cots_dat(0)); // Initial COTS abundance (indiv/m2)\n      |                      ~~~~~~~~~~~~^~~~~~~~~~~~~\nPOPULATIONS/POPULATION_0016/INDIVIDUAL_6J4NBKS0/model.cpp:57:34: error: no matching function for call to \u2018Value(Eigen::DenseCoeffsBase<Eigen::Array<double, -1, 1>, 1>::Scalar&)\u2019\n   57 |   Type fast_pred_t = CppAD::Value(fast_dat(0)); // Initial fast coral cover (%)\n      |                      ~~~~~~~~~~~~^~~~~~~~~~~~~\n/home/spi085/R/x86_64-pc-linux-gnu-library/4.4/TMB/include/cppad/local/value.hpp:83:6: note: candidate: \u2018template<class Base> Base CppAD::Value(const AD<Base>&)\u2019\n   83 | Base Value(const AD<Base> &x)\n      |      ^~~~~\n/home/spi085/R/x86_64-pc-linux-gnu-library/4.4/TMB/include/cppad/local/value.hpp:83:6: note:   template argument deduction/substitution failed:\nPOPULATIONS/POPULATION_0016/INDIVIDUAL_6J4NBKS0/model.cpp:57:34: note:   mismatched types \u2018const CppAD::AD<Base>\u2019 and \u2018Eigen::DenseCoeffsBase<Eigen::Array<double, -1, 1>, 1>::Scalar\u2019 {aka \u2018double\u2019}\n   57 |   Type fast_pred_t = CppAD::Value(fast_dat(0)); // Initial fast coral cover (%)\n      |                      ~~~~~~~~~~~~^~~~~~~~~~~~~\nPOPULATIONS/POPULATION_0016/INDIVIDUAL_6J4NBKS0/model.cpp:58:34: error: no matching function for call to \u2018Value(Eigen::DenseCoeffsBase<Eigen::Array<double, -1, 1>, 1>::Scalar&)\u2019\n   58 |   Type slow_pred_t = CppAD::Value(slow_dat(0)); // Initial slow coral cover (%)\n      |                      ~~~~~~~~~~~~^~~~~~~~~~~~~\n/home/spi085/R/x86_64-pc-linux-gnu-library/4.4/TMB/include/cppad/local/value.hpp:83:6: note: candidate: \u2018template<class Base> Base CppAD::Value(const AD<Base>&)\u2019\n   83 | Base Value(const AD<Base> &x)\n      |      ^~~~~\n/home/spi085/R/x86_64-pc-linux-gnu-library/4.4/TMB/include/cppad/local/value.hpp:83:6: note:   template argument deduction/substitution failed:\nPOPULATIONS/POPULATION_0016/INDIVIDUAL_6J4NBKS0/model.cpp:58:34: note:   mismatched types \u2018const CppAD::AD<Base>\u2019 and \u2018Eigen::DenseCoeffsBase<Eigen::Array<double, -1, 1>, 1>::Scalar\u2019 {aka \u2018double\u2019}\n   58 |   Type slow_pred_t = CppAD::Value(slow_dat(0)); // Initial slow coral cover (%)\n      |                      ~~~~~~~~~~~~^~~~~~~~~~~~~\nPOPULATIONS/POPULATION_0016/INDIVIDUAL_6J4NBKS0/model.cpp:76:34: error: no matching function for call to \u2018Value(Eigen::DenseCoeffsBase<Eigen::Array<double, -1, 1>, 1>::Scalar&)\u2019\n   76 |     nll -= dnorm(log(CppAD::Value(cots_dat(t)) + Type(1e-8)), log(cots_pred_t + Type(1e-8)), sigma_cots, true);\n      |                      ~~~~~~~~~~~~^~~~~~~~~~~~~\n/home/spi085/R/x86_64-pc-linux-gnu-library/4.4/TMB/include/cppad/local/value.hpp:83:6: note: candidate: \u2018template<class Base> Base CppAD::Value(const AD<Base>&)\u2019\n   83 | Base Value(const AD<Base> &x)\n      |      ^~~~~\n/home/spi085/R/x86_64-pc-linux-gnu-library/4.4/TMB/include/cppad/local/value.hpp:83:6: note:   template argument deduction/substitution failed:\nPOPULATIONS/POPULATION_0016/INDIVIDUAL_6J4NBKS0/model.cpp:76:34: note:   mismatched types \u2018const CppAD::AD<Base>\u2019 and \u2018Eigen::DenseCoeffsBase<Eigen::Array<double, -1, 1>, 1>::Scalar\u2019 {aka \u2018double\u2019}\n   76 |     nll -= dnorm(log(CppAD::Value(cots_dat(t)) + Type(1e-8)), log(cots_pred_t + Type(1e-8)), sigma_cots, true);\n      |                      ~~~~~~~~~~~~^~~~~~~~~~~~~\nPOPULATIONS/POPULATION_0016/INDIVIDUAL_6J4NBKS0/model.cpp:77:34: error: no matching function for call to \u2018Value(Eigen::DenseCoeffsBase<Eigen::Array<double, -1, 1>, 1>::Scalar&)\u2019\n   77 |     nll -= dnorm(log(CppAD::Value(fast_dat(t)) + Type(1e-8)), log(fast_pred_t + Type(1e-8)), sigma_fast, true);\n      |                      ~~~~~~~~~~~~^~~~~~~~~~~~~\n/home/spi085/R/x86_64-pc-linux-gnu-library/4.4/TMB/include/cppad/local/value.hpp:83:6: note: candidate: \u2018template<class Base> Base CppAD::Value(const AD<Base>&)\u2019\n   83 | Base Value(const AD<Base> &x)\n      |      ^~~~~\n/home/spi085/R/x86_64-pc-linux-gnu-library/4.4/TMB/include/cppad/local/value.hpp:83:6: note:   template argument deduction/substitution failed:\nPOPULATIONS/POPULATION_0016/INDIVIDUAL_6J4NBKS0/model.cpp:77:34: note:   mismatched types \u2018const CppAD::AD<Base>\u2019 and \u2018Eigen::DenseCoeffsBase<Eigen::Array<double, -1, 1>, 1>::Scalar\u2019 {aka \u2018double\u2019}\n   77 |     nll -= dnorm(log(CppAD::Value(fast_dat(t)) + Type(1e-8)), log(fast_pred_t + Type(1e-8)), sigma_fast, true);\n      |                      ~~~~~~~~~~~~^~~~~~~~~~~~~\nPOPULATIONS/POPULATION_0016/INDIVIDUAL_6J4NBKS0/model.cpp:78:34: error: no matching function for call to \u2018Value(Eigen::DenseCoeffsBase<Eigen::Array<double, -1, 1>, 1>::Scalar&)\u2019\n   78 |     nll -= dnorm(log(CppAD::Value(slow_dat(t)) + Type(1e-8)), log(slow_pred_t + Type(1e-8)), sigma_slow, true);\n      |                      ~~~~~~~~~~~~^~~~~~~~~~~~~\n/home/spi085/R/x86_64-pc-linux-gnu-library/4.4/TMB/include/cppad/local/value.hpp:83:6: note: candidate: \u2018template<class Base> Base CppAD::Value(const AD<Base>&)\u2019\n   83 | Base Value(const AD<Base> &x)\n      |      ^~~~~\n/home/spi085/R/x86_64-pc-linux-gnu-library/4.4/TMB/include/cppad/local/value.hpp:83:6: note:   template argument deduction/substitution failed:\nPOPULATIONS/POPULATION_0016/INDIVIDUAL_6J4NBKS0/model.cpp:78:34: note:   mismatched types \u2018const CppAD::AD<Base>\u2019 and \u2018Eigen::DenseCoeffsBase<Eigen::Array<double, -1, 1>, 1>::Scalar\u2019 {aka \u2018double\u2019}\n   78 |     nll -= dnorm(log(CppAD::Value(slow_dat(t)) + Type(1e-8)), log(slow_pred_t + Type(1e-8)), sigma_slow, true);\n      |                      ~~~~~~~~~~~~^~~~~~~~~~~~~\nPOPULATIONS/POPULATION_0016/INDIVIDUAL_6J4NBKS0/model.cpp: In instantiation of \u2018Type objective_function<Type>::operator()() [with Type = CppAD::AD<CppAD::AD<double> >]\u2019:\n/home/spi085/R/x86_64-pc-linux-gnu-library/4.4/TMB/include/tmb_core.hpp:917:29:   required from \u2018Type objective_function<Type>::evalUserTemplate() [with Type = CppAD::AD<CppAD::AD<double> >]\u2019\n/home/spi085/R/x86_64-pc-linux-gnu-library/4.4/TMB/include/tmb_core.hpp:2116:26:   required from here\nPOPULATIONS/POPULATION_0016/INDIVIDUAL_6J4NBKS0/model.cpp:56:8: error: conversion from \u2018AD<double>\u2019 to non-scalar type \u2018AD<CppAD::AD<double>>\u2019 requested\n   56 |   Type cots_pred_t = CppAD::Value(cots_dat(0)); // Initial COTS abundance (indiv/m2)\n      |        ^~~~~~~~~~~\nPOPULATIONS/POPULATION_0016/INDIVIDUAL_6J4NBKS0/model.cpp:57:8: error: conversion from \u2018AD<double>\u2019 to non-scalar type \u2018AD<CppAD::AD<double>>\u2019 requested\n   57 |   Type fast_pred_t = CppAD::Value(fast_dat(0)); // Initial fast coral cover (%)\n      |        ^~~~~~~~~~~\nPOPULATIONS/POPULATION_0016/INDIVIDUAL_6J4NBKS0/model.cpp:58:8: error: conversion from \u2018AD<double>\u2019 to non-scalar type \u2018AD<CppAD::AD<double>>\u2019 requested\n   58 |   Type slow_pred_t = CppAD::Value(slow_dat(0)); // Initial slow coral cover (%)\n      |        ^~~~~~~~~~~\nPOPULATIONS/POPULATION_0016/INDIVIDUAL_6J4NBKS0/model.cpp: In instantiation of \u2018Type objective_function<Type>::operator()() [with Type = CppAD::AD<CppAD::AD<CppAD::AD<double> > >]\u2019:\n/home/spi085/R/x86_64-pc-linux-gnu-library/4.4/TMB/include/tmb_core.hpp:917:29:   required from \u2018Type objective_function<Type>::evalUserTemplate() [with Type = CppAD::AD<CppAD::AD<CppAD::AD<double> > >]\u2019\n/home/spi085/R/x86_64-pc-linux-gnu-library/4.4/TMB/include/tmb_core.hpp:2365:28:   required from here\nPOPULATIONS/POPULATION_0016/INDIVIDUAL_6J4NBKS0/model.cpp:56:8: error: conversion from \u2018AD<AD<double>>\u2019 to non-scalar type \u2018AD<AD<CppAD::AD<double>>>\u2019 requested\n   56 |   Type cots_pred_t = CppAD::Value(cots_dat(0)); // Initial COTS abundance (indiv/m2)\n      |        ^~~~~~~~~~~\nPOPULATIONS/POPULATION_0016/INDIVIDUAL_6J4NBKS0/model.cpp:57:8: error: conversion from \u2018AD<AD<double>>\u2019 to non-scalar type \u2018AD<AD<CppAD::AD<double>>>\u2019 requested\n   57 |   Type fast_pred_t = CppAD::Value(fast_dat(0)); // Initial fast coral cover (%)\n      |        ^~~~~~~~~~~\nPOPULATIONS/POPULATION_0016/INDIVIDUAL_6J4NBKS0/model.cpp:58:8: error: conversion from \u2018AD<AD<double>>\u2019 to non-scalar type \u2018AD<AD<CppAD::AD<double>>>\u2019 requested\n   58 |   Type slow_pred_t = CppAD::Value(slow_dat(0)); // Initial slow coral cover (%)\n      |        ^~~~~~~~~~~\nmake: *** [/usr/lib/R/etc/Makeconf:204: POPULATIONS/POPULATION_0016/INDIVIDUAL_6J4NBKS0/model.o] Error 1\nError in TMB::compile(file.path(individual_dir, model_file), flags = flags,  : \n  Compilation failed\nError: Compilation failed\nExecution halted"
    },
    "3": {
      "status": "ERROR",
      "message": "R script failed with return code 139",
      "stdout": "g++ -std=gnu++17 -I\"/usr/share/R/include\" -DNDEBUG -I\"/home/spi085/R/x86_64-pc-linux-gnu-library/4.4/TMB/include\" -I\"/home/spi085/R/x86_64-pc-linux-gnu-library/4.4/RcppEigen/include\"   -DTMB_EIGEN_DISABLE_WARNINGS   -DTMB_LIB_INIT=R_init_model  -DCPPAD_FRAMEWORK      -fpic  -O2  -c POPULATIONS/POPULATION_0016/INDIVIDUAL_6J4NBKS0/model.cpp -o POPULATIONS/POPULATION_0016/INDIVIDUAL_6J4NBKS0/model.o\ng++ -std=gnu++17 -shared -L/usr/lib/R/lib -Wl,-Bsymbolic-functions -flto=auto -ffat-lto-objects -Wl,-z,relro -o POPULATIONS/POPULATION_0016/INDIVIDUAL_6J4NBKS0/model.so POPULATIONS/POPULATION_0016/INDIVIDUAL_6J4NBKS0/model.o -L/usr/lib/R/lib -lR\nStarting model phases\nNumber of phases: 3 \nPhase 1",
      "stderr": "Loading required package: TMB\nLoading required package: jsonlite\nhere() starts at /home/spi085/Documents/_Projects/SCCP-QuantModelling\nusing C++ compiler: \u2018g++ (Ubuntu 13.3.0-6ubuntu2~24.04) 13.3.0\u2019\n\n *** caught segfault ***\naddress (nil), cause 'memory not mapped'\n\nTraceback:\n 1: getParameterOrder(data, parameters, new.env(), DLL = DLL)\n 2: MakeADFun(data_in, parameters, DLL = \"model\", silent = TRUE,     map = map)\n 3: doTryCatch(return(expr), name, parentenv, handler)\n 4: tryCatchOne(expr, names, parentenv, handlers[[1L]])\n 5: tryCatchList(expr, classes, parentenv, handlers)\n 6: tryCatch({    for (m in seq(1, n_phases)) {        cat(\"Phase\", m, \"\\n\")        to_fit <- params[params$priority == m & !is.na(params$priority) &             params$import_type == \"PARAMETER\", ]$parameter        map <- generate_map(to_fit)        if (exists(\"model\")) {            parameters <- model$env$parList(fit$par)        }        model <- MakeADFun(data_in, parameters, DLL = \"model\",             silent = TRUE, map = map)        if (is.null(model)) {            stop(\"Failed to create model\")        }        cat(\"Initial parameter values for phase\", m, \":\\n\")        print(model$par)        fit <- nlminb(model$par, model$fn, model$gr)        if (is.null(fit)) {            stop(\"Failed to fit model\")        }        cat(\"Final parameter values for phase\", m, \":\\n\")        print(fit$par)        cat(\"Convergence message:\", fit$message, \"\\n\")        cat(\"Number of iterations:\", fit$iterations, \"\\n\")        cat(\"Objective function value:\", fit$objective, \"\\n\")        if (any(is.nan(fit$par)) || any(is.infinite(fit$par))) {            cat(\"WARNING: NaN or Inf values detected in parameters at phase\",                 m, \"\\n\")        }        cat(\"Gradient at solution for phase\", m, \":\\n\")        grad <- model$gr(fit$par)        print(grad)        if (any(is.nan(grad)) || any(is.infinite(grad))) {            cat(\"WARNING: NaN or Inf values detected in gradient at phase\",                 m, \"\\n\")        }        best <- model$env$last.par.best        model$report()    }    cat(\"Final Phase\\n\")    to_fit <- params[!is.na(params$priority) & params$import_type ==         \"PARAMETER\", ]$parameter    map <- generate_map(to_fit)    parameters <- model$env$parList(fit$par)    model <- MakeADFun(data_in, parameters, DLL = \"model\", silent = TRUE,         map = map)    cat(\"Initial parameter values for final phase:\\n\")    print(model$par)    fit <- nlminb(model$par, model$fn, model$gr)    cat(\"Final parameter values for final phase:\\n\")    print(fit$par)    cat(\"Convergence message:\", fit$message, \"\\n\")    cat(\"Number of iterations:\", fit$iterations, \"\\n\")    cat(\"Objective function value:\", fit$objective, \"\\n\")    if (any(is.nan(fit$par)) || any(is.infinite(fit$par))) {        cat(\"WARNING: NaN or Inf values detected in parameters at final phase\\n\")    }    cat(\"Gradient at solution for final phase:\\n\")    grad <- model$gr(fit$par)    print(grad)    if (any(is.nan(grad)) || any(is.infinite(grad))) {        cat(\"WARNING: NaN or Inf values detected in gradient at final phase\\n\")    }    best <- model$env$last.par.best}, error = function(e) {    error_message <- paste(\"Error in model phases:\", conditionMessage(e))    cat(error_message, \"\\n\")    stop(error_message)})\nAn irrecoverable exception occurred. R is aborting now ...\nSegmentation fault (core dumped)"
    },
    "4": {
      "status": "ERROR",
      "message": "Model failed to compile.",
      "stdout": "g++ -std=gnu++17 -I\"/usr/share/R/include\" -DNDEBUG -I\"/home/spi085/R/x86_64-pc-linux-gnu-library/4.4/TMB/include\" -I\"/home/spi085/R/x86_64-pc-linux-gnu-library/4.4/RcppEigen/include\"   -DTMB_EIGEN_DISABLE_WARNINGS   -DTMB_LIB_INIT=R_init_model  -DCPPAD_FRAMEWORK      -fpic  -O2  -c POPULATIONS/POPULATION_0016/INDIVIDUAL_6J4NBKS0/model.cpp -o POPULATIONS/POPULATION_0016/INDIVIDUAL_6J4NBKS0/model.o",
      "stderr": "Loading required package: TMB\nLoading required package: jsonlite\nhere() starts at /home/spi085/Documents/_Projects/SCCP-QuantModelling\nusing C++ compiler: \u2018g++ (Ubuntu 13.3.0-6ubuntu2~24.04) 13.3.0\u2019\nPOPULATIONS/POPULATION_0016/INDIVIDUAL_6J4NBKS0/model.cpp: In instantiation of \u2018Type objective_function<Type>::operator()() [with Type = double]\u2019:\n/home/spi085/R/x86_64-pc-linux-gnu-library/4.4/TMB/include/tmb_core.hpp:2035:7:   required from here\nPOPULATIONS/POPULATION_0016/INDIVIDUAL_6J4NBKS0/model.cpp:56:36: error: no matching function for call to \u2018Var2Par(Eigen::DenseCoeffsBase<Eigen::Array<double, -1, 1>, 1>::Scalar&)\u2019\n   56 |   Type cots_pred_t = CppAD::Var2Par(cots_dat(0)); // Initial COTS abundance (indiv/m2)\n      |                      ~~~~~~~~~~~~~~^~~~~~~~~~~~~\nIn file included from /home/spi085/R/x86_64-pc-linux-gnu-library/4.4/TMB/include/cppad/local/convert.hpp:49,\n                 from /home/spi085/R/x86_64-pc-linux-gnu-library/4.4/TMB/include/cppad/local/user_ad.hpp:68,\n                 from /home/spi085/R/x86_64-pc-linux-gnu-library/4.4/TMB/include/cppad/cppad.hpp:82,\n                 from /home/spi085/R/x86_64-pc-linux-gnu-library/4.4/TMB/include/TMB.hpp:125,\n                 from POPULATIONS/POPULATION_0016/INDIVIDUAL_6J4NBKS0/model.cpp:1:\n/home/spi085/R/x86_64-pc-linux-gnu-library/4.4/TMB/include/cppad/local/var2par.hpp:76:10: note: candidate: \u2018template<class Base> CppAD::AD<Base> CppAD::Var2Par(const AD<Base>&)\u2019\n   76 | AD<Base> Var2Par(const AD<Base> &x)\n      |          ^~~~~~~\n/home/spi085/R/x86_64-pc-linux-gnu-library/4.4/TMB/include/cppad/local/var2par.hpp:76:10: note:   template argument deduction/substitution failed:\nPOPULATIONS/POPULATION_0016/INDIVIDUAL_6J4NBKS0/model.cpp:56:36: note:   mismatched types \u2018const CppAD::AD<Base>\u2019 and \u2018Eigen::DenseCoeffsBase<Eigen::Array<double, -1, 1>, 1>::Scalar\u2019 {aka \u2018double\u2019}\n   56 |   Type cots_pred_t = CppAD::Var2Par(cots_dat(0)); // Initial COTS abundance (indiv/m2)\n      |                      ~~~~~~~~~~~~~~^~~~~~~~~~~~~\n/home/spi085/R/x86_64-pc-linux-gnu-library/4.4/TMB/include/cppad/local/var2par.hpp:84:10: note: candidate: \u2018template<class Base> CppAD::AD<Base> CppAD::Var2Par(const VecAD_reference<Base>&)\u2019\n   84 | AD<Base> Var2Par(const VecAD_reference<Base> &x)\n      |          ^~~~~~~\n/home/spi085/R/x86_64-pc-linux-gnu-library/4.4/TMB/include/cppad/local/var2par.hpp:84:10: note:   template argument deduction/substitution failed:\nPOPULATIONS/POPULATION_0016/INDIVIDUAL_6J4NBKS0/model.cpp:56:36: note:   mismatched types \u2018const CppAD::VecAD_reference<Base>\u2019 and \u2018Eigen::DenseCoeffsBase<Eigen::Array<double, -1, 1>, 1>::Scalar\u2019 {aka \u2018double\u2019}\n   56 |   Type cots_pred_t = CppAD::Var2Par(cots_dat(0)); // Initial COTS abundance (indiv/m2)\n      |                      ~~~~~~~~~~~~~~^~~~~~~~~~~~~\nPOPULATIONS/POPULATION_0016/INDIVIDUAL_6J4NBKS0/model.cpp:57:36: error: no matching function for call to \u2018Var2Par(Eigen::DenseCoeffsBase<Eigen::Array<double, -1, 1>, 1>::Scalar&)\u2019\n   57 |   Type fast_pred_t = CppAD::Var2Par(fast_dat(0)); // Initial fast coral cover (%)\n      |                      ~~~~~~~~~~~~~~^~~~~~~~~~~~~\n/home/spi085/R/x86_64-pc-linux-gnu-library/4.4/TMB/include/cppad/local/var2par.hpp:76:10: note: candidate: \u2018template<class Base> CppAD::AD<Base> CppAD::Var2Par(const AD<Base>&)\u2019\n   76 | AD<Base> Var2Par(const AD<Base> &x)\n      |          ^~~~~~~\n/home/spi085/R/x86_64-pc-linux-gnu-library/4.4/TMB/include/cppad/local/var2par.hpp:76:10: note:   template argument deduction/substitution failed:\nPOPULATIONS/POPULATION_0016/INDIVIDUAL_6J4NBKS0/model.cpp:57:36: note:   mismatched types \u2018const CppAD::AD<Base>\u2019 and \u2018Eigen::DenseCoeffsBase<Eigen::Array<double, -1, 1>, 1>::Scalar\u2019 {aka \u2018double\u2019}\n   57 |   Type fast_pred_t = CppAD::Var2Par(fast_dat(0)); // Initial fast coral cover (%)\n      |                      ~~~~~~~~~~~~~~^~~~~~~~~~~~~\n/home/spi085/R/x86_64-pc-linux-gnu-library/4.4/TMB/include/cppad/local/var2par.hpp:84:10: note: candidate: \u2018template<class Base> CppAD::AD<Base> CppAD::Var2Par(const VecAD_reference<Base>&)\u2019\n   84 | AD<Base> Var2Par(const VecAD_reference<Base> &x)\n      |          ^~~~~~~\n/home/spi085/R/x86_64-pc-linux-gnu-library/4.4/TMB/include/cppad/local/var2par.hpp:84:10: note:   template argument deduction/substitution failed:\nPOPULATIONS/POPULATION_0016/INDIVIDUAL_6J4NBKS0/model.cpp:57:36: note:   mismatched types \u2018const CppAD::VecAD_reference<Base>\u2019 and \u2018Eigen::DenseCoeffsBase<Eigen::Array<double, -1, 1>, 1>::Scalar\u2019 {aka \u2018double\u2019}\n   57 |   Type fast_pred_t = CppAD::Var2Par(fast_dat(0)); // Initial fast coral cover (%)\n      |                      ~~~~~~~~~~~~~~^~~~~~~~~~~~~\nPOPULATIONS/POPULATION_0016/INDIVIDUAL_6J4NBKS0/model.cpp:58:36: error: no matching function for call to \u2018Var2Par(Eigen::DenseCoeffsBase<Eigen::Array<double, -1, 1>, 1>::Scalar&)\u2019\n   58 |   Type slow_pred_t = CppAD::Var2Par(slow_dat(0)); // Initial slow coral cover (%)\n      |                      ~~~~~~~~~~~~~~^~~~~~~~~~~~~\n/home/spi085/R/x86_64-pc-linux-gnu-library/4.4/TMB/include/cppad/local/var2par.hpp:76:10: note: candidate: \u2018template<class Base> CppAD::AD<Base> CppAD::Var2Par(const AD<Base>&)\u2019\n   76 | AD<Base> Var2Par(const AD<Base> &x)\n      |          ^~~~~~~\n/home/spi085/R/x86_64-pc-linux-gnu-library/4.4/TMB/include/cppad/local/var2par.hpp:76:10: note:   template argument deduction/substitution failed:\nPOPULATIONS/POPULATION_0016/INDIVIDUAL_6J4NBKS0/model.cpp:58:36: note:   mismatched types \u2018const CppAD::AD<Base>\u2019 and \u2018Eigen::DenseCoeffsBase<Eigen::Array<double, -1, 1>, 1>::Scalar\u2019 {aka \u2018double\u2019}\n   58 |   Type slow_pred_t = CppAD::Var2Par(slow_dat(0)); // Initial slow coral cover (%)\n      |                      ~~~~~~~~~~~~~~^~~~~~~~~~~~~\n/home/spi085/R/x86_64-pc-linux-gnu-library/4.4/TMB/include/cppad/local/var2par.hpp:84:10: note: candidate: \u2018template<class Base> CppAD::AD<Base> CppAD::Var2Par(const VecAD_reference<Base>&)\u2019\n   84 | AD<Base> Var2Par(const VecAD_reference<Base> &x)\n      |          ^~~~~~~\n/home/spi085/R/x86_64-pc-linux-gnu-library/4.4/TMB/include/cppad/local/var2par.hpp:84:10: note:   template argument deduction/substitution failed:\nPOPULATIONS/POPULATION_0016/INDIVIDUAL_6J4NBKS0/model.cpp:58:36: note:   mismatched types \u2018const CppAD::VecAD_reference<Base>\u2019 and \u2018Eigen::DenseCoeffsBase<Eigen::Array<double, -1, 1>, 1>::Scalar\u2019 {aka \u2018double\u2019}\n   58 |   Type slow_pred_t = CppAD::Var2Par(slow_dat(0)); // Initial slow coral cover (%)\n      |                      ~~~~~~~~~~~~~~^~~~~~~~~~~~~\nmake: *** [/usr/lib/R/etc/Makeconf:204: POPULATIONS/POPULATION_0016/INDIVIDUAL_6J4NBKS0/model.o] Error 1\nError in TMB::compile(file.path(individual_dir, model_file), flags = flags,  : \n  Compilation failed\nError: Compilation failed\nExecution halted"
    },
    "5": {
      "status": "ERROR",
      "message": "R script failed with return code 139",
      "stdout": "g++ -std=gnu++17 -I\"/usr/share/R/include\" -DNDEBUG -I\"/home/spi085/R/x86_64-pc-linux-gnu-library/4.4/TMB/include\" -I\"/home/spi085/R/x86_64-pc-linux-gnu-library/4.4/RcppEigen/include\"   -DTMB_EIGEN_DISABLE_WARNINGS   -DTMB_LIB_INIT=R_init_model  -DCPPAD_FRAMEWORK      -fpic  -O2  -c POPULATIONS/POPULATION_0016/INDIVIDUAL_6J4NBKS0/model.cpp -o POPULATIONS/POPULATION_0016/INDIVIDUAL_6J4NBKS0/model.o\ng++ -std=gnu++17 -shared -L/usr/lib/R/lib -Wl,-Bsymbolic-functions -flto=auto -ffat-lto-objects -Wl,-z,relro -o POPULATIONS/POPULATION_0016/INDIVIDUAL_6J4NBKS0/model.so POPULATIONS/POPULATION_0016/INDIVIDUAL_6J4NBKS0/model.o -L/usr/lib/R/lib -lR\nStarting model phases\nNumber of phases: 3 \nPhase 1",
      "stderr": "Loading required package: TMB\nLoading required package: jsonlite\nhere() starts at /home/spi085/Documents/_Projects/SCCP-QuantModelling\nusing C++ compiler: \u2018g++ (Ubuntu 13.3.0-6ubuntu2~24.04) 13.3.0\u2019\n\n *** caught segfault ***\naddress (nil), cause 'memory not mapped'\n\nTraceback:\n 1: getParameterOrder(data, parameters, new.env(), DLL = DLL)\n 2: MakeADFun(data_in, parameters, DLL = \"model\", silent = TRUE,     map = map)\n 3: doTryCatch(return(expr), name, parentenv, handler)\n 4: tryCatchOne(expr, names, parentenv, handlers[[1L]])\n 5: tryCatchList(expr, classes, parentenv, handlers)\n 6: tryCatch({    for (m in seq(1, n_phases)) {        cat(\"Phase\", m, \"\\n\")        to_fit <- params[params$priority == m & !is.na(params$priority) &             params$import_type == \"PARAMETER\", ]$parameter        map <- generate_map(to_fit)        if (exists(\"model\")) {            parameters <- model$env$parList(fit$par)        }        model <- MakeADFun(data_in, parameters, DLL = \"model\",             silent = TRUE, map = map)        if (is.null(model)) {            stop(\"Failed to create model\")        }        cat(\"Initial parameter values for phase\", m, \":\\n\")        print(model$par)        fit <- nlminb(model$par, model$fn, model$gr)        if (is.null(fit)) {            stop(\"Failed to fit model\")        }        cat(\"Final parameter values for phase\", m, \":\\n\")        print(fit$par)        cat(\"Convergence message:\", fit$message, \"\\n\")        cat(\"Number of iterations:\", fit$iterations, \"\\n\")        cat(\"Objective function value:\", fit$objective, \"\\n\")        if (any(is.nan(fit$par)) || any(is.infinite(fit$par))) {            cat(\"WARNING: NaN or Inf values detected in parameters at phase\",                 m, \"\\n\")        }        cat(\"Gradient at solution for phase\", m, \":\\n\")        grad <- model$gr(fit$par)        print(grad)        if (any(is.nan(grad)) || any(is.infinite(grad))) {            cat(\"WARNING: NaN or Inf values detected in gradient at phase\",                 m, \"\\n\")        }        best <- model$env$last.par.best        model$report()    }    cat(\"Final Phase\\n\")    to_fit <- params[!is.na(params$priority) & params$import_type ==         \"PARAMETER\", ]$parameter    map <- generate_map(to_fit)    parameters <- model$env$parList(fit$par)    model <- MakeADFun(data_in, parameters, DLL = \"model\", silent = TRUE,         map = map)    cat(\"Initial parameter values for final phase:\\n\")    print(model$par)    fit <- nlminb(model$par, model$fn, model$gr)    cat(\"Final parameter values for final phase:\\n\")    print(fit$par)    cat(\"Convergence message:\", fit$message, \"\\n\")    cat(\"Number of iterations:\", fit$iterations, \"\\n\")    cat(\"Objective function value:\", fit$objective, \"\\n\")    if (any(is.nan(fit$par)) || any(is.infinite(fit$par))) {        cat(\"WARNING: NaN or Inf values detected in parameters at final phase\\n\")    }    cat(\"Gradient at solution for final phase:\\n\")    grad <- model$gr(fit$par)    print(grad)    if (any(is.nan(grad)) || any(is.infinite(grad))) {        cat(\"WARNING: NaN or Inf values detected in gradient at final phase\\n\")    }    best <- model$env$last.par.best}, error = function(e) {    error_message <- paste(\"Error in model phases:\", conditionMessage(e))    cat(error_message, \"\\n\")    stop(error_message)})\nAn irrecoverable exception occurred. R is aborting now ...\nSegmentation fault (core dumped)"
    },
    "6": {
      "status": "ERROR",
      "message": "R script failed with return code 1",
      "stdout": "g++ -std=gnu++17 -I\"/usr/share/R/include\" -DNDEBUG -I\"/home/spi085/R/x86_64-pc-linux-gnu-library/4.4/TMB/include\" -I\"/home/spi085/R/x86_64-pc-linux-gnu-library/4.4/RcppEigen/include\"   -DTMB_EIGEN_DISABLE_WARNINGS   -DTMB_LIB_INIT=R_init_model  -DCPPAD_FRAMEWORK      -fpic  -O2  -c POPULATIONS/POPULATION_0016/INDIVIDUAL_6J4NBKS0/model.cpp -o POPULATIONS/POPULATION_0016/INDIVIDUAL_6J4NBKS0/model.o\ng++ -std=gnu++17 -shared -L/usr/lib/R/lib -Wl,-Bsymbolic-functions -flto=auto -ffat-lto-objects -Wl,-z,relro -o POPULATIONS/POPULATION_0016/INDIVIDUAL_6J4NBKS0/model.so POPULATIONS/POPULATION_0016/INDIVIDUAL_6J4NBKS0/model.o -L/usr/lib/R/lib -lR\nStarting model phases\nNumber of phases: 3 \nPhase 1 \nInitial parameter values for phase 1 :\n    log_r_cots log_sigma_cots log_sigma_fast log_sigma_slow \n          -0.7           -1.0           -1.0           -1.0 \nFinal parameter values for phase 1 :\n    log_r_cots log_sigma_cots log_sigma_fast log_sigma_slow \n          -0.7           -1.0           -1.0           -1.0 \nConvergence message: both X-convergence and relative convergence (5) \nNumber of iterations: 1 \nObjective function value: 0 \nGradient at solution for phase 1 :\n     [,1] [,2] [,3] [,4]\n[1,]    0    0    0    0\nPhase 2 \nInitial parameter values for phase 2 :\n    log_K_cots log_alpha_fast log_alpha_slow     log_m_cots       beta_sst \n          -0.5           -2.0           -2.5           -1.5            0.1 \n    log_r_fast     log_r_slow \n          -0.5           -1.0 \nFinal parameter values for phase 2 :\n    log_K_cots log_alpha_fast log_alpha_slow     log_m_cots       beta_sst \n          -0.5           -2.0           -2.5           -1.5            0.1 \n    log_r_fast     log_r_slow \n          -0.5           -1.0 \nConvergence message: both X-convergence and relative convergence (5) \nNumber of iterations: 1 \nObjective function value: 0 \nGradient at solution for phase 2 :\n     [,1] [,2] [,3] [,4] [,5] [,6] [,7]\n[1,]    0    0    0    0    0    0    0\nPhase 3 \nInitial parameter values for phase 3 :\nlog_h_fast log_h_slow log_e_fast log_e_slow log_K_fast log_K_slow \n       2.0        2.0       -1.0       -1.0        3.5        3.5 \nFinal parameter values for phase 3 :\nlog_h_fast log_h_slow log_e_fast log_e_slow log_K_fast log_K_slow \n       2.0        2.0       -1.0       -1.0        3.5        3.5 \nConvergence message: both X-convergence and relative convergence (5) \nNumber of iterations: 1 \nObjective function value: 0 \nGradient at solution for phase 3 :\n     [,1] [,2] [,3] [,4] [,5] [,6]\n[1,]    0    0    0    0    0    0\nFinal Phase\nInitial parameter values for final phase:\n    log_r_cots     log_K_cots log_alpha_fast log_alpha_slow     log_h_fast \n          -0.7           -0.5           -2.0           -2.5            2.0 \n    log_h_slow     log_e_fast     log_e_slow     log_m_cots       beta_sst \n           2.0           -1.0           -1.0           -1.5            0.1 \n    log_r_fast     log_r_slow     log_K_fast     log_K_slow log_sigma_cots \n          -0.5           -1.0            3.5            3.5           -1.0 \nlog_sigma_fast log_sigma_slow \n          -1.0           -1.0 \nFinal parameter values for final phase:\n    log_r_cots     log_K_cots log_alpha_fast log_alpha_slow     log_h_fast \n          -0.7           -0.5           -2.0           -2.5            2.0 \n    log_h_slow     log_e_fast     log_e_slow     log_m_cots       beta_sst \n           2.0           -1.0           -1.0           -1.5            0.1 \n    log_r_fast     log_r_slow     log_K_fast     log_K_slow log_sigma_cots \n          -0.5           -1.0            3.5            3.5           -1.0 \nlog_sigma_fast log_sigma_slow \n          -1.0           -1.0 \nConvergence message: both X-convergence and relative convergence (5) \nNumber of iterations: 1 \nObjective function value: 0 \nGradient at solution for final phase:\n     [,1] [,2] [,3] [,4] [,5] [,6] [,7] [,8] [,9] [,10] [,11] [,12] [,13] [,14]\n[1,]    0    0    0    0    0    0    0    0    0     0     0     0     0     0\n     [,15] [,16] [,17]\n[1,]     0     0     0\nAll phases completed\n[1] \"Train test split:\"\n[1] 0.7\n\nRunning model validation...\n[1] \"look here\"\n   Year\n1  1980\n2  1981\n3  1982\n4  1983\n5  1984\n6  1985\n7  1986\n8  1987\n9  1988\n10 1989\n11 1990\n12 1991\n13 1992\n14 1993\n15 1994\n16 1995\n17 1996\n18 1997\n19 1998\n20 1999\n21 2000\n22 2001\n23 2002\n24 2003\n25 2004\n26 2005\n   cots_dat..Adult.Class.Crown.of.thorns.starfish.abundance.in.individuals.m2.\n1                                                                    0.2615042\n2                                                                    0.5498196\n3                                                                    0.7268086\n4                                                                    0.5522907\n5                                                                    0.8281210\n6                                                                    0.5470078\n7                                                                    0.7580244\n8                                                                    0.6287678\n9                                                                    0.4761596\n10                                                                   0.6465779\n11                                                                   0.9107070\n12                                                                   2.1519930\n13                                                                   0.6446117\n14                                                                   1.6723480\n15                                                                   0.4765907\n16                                                                   0.8075009\n17                                                                   0.3634731\n18                                                                   0.3727647\n19                                                                   0.6172546\n20                                                                   0.3106559\n21                                                                   0.2560048\n22                                                                   0.2983628\n23                                                                   0.3362447\n24                                                                   0.2878112\n25                                                                   0.3220782\n26                                                                   0.4308113\n   fast_dat..Fast.growing.coral..Acropora.spp...cover.in...\n1                                                 10.069386\n2                                                 17.723573\n3                                                 23.827578\n4                                                 19.418118\n5                                                 15.635417\n6                                                 32.459609\n7                                                 21.556739\n8                                                 34.193850\n9                                                 18.870792\n10                                                27.317593\n11                                                44.330127\n12                                                13.327491\n13                                                11.374120\n14                                                 8.336190\n15                                                15.206950\n16                                                12.443031\n17                                                11.066606\n18                                                10.644162\n19                                                 2.362755\n20                                                 2.760007\n21                                                 3.723647\n22                                                 7.035517\n23                                                10.223949\n24                                                 8.475412\n25                                                 9.081878\n26                                                13.731449\n   slow_dat..Slow.growing.coral..Faviidae.spp..and.Porities.spp...cover.in...\n1                                                                   12.772605\n2                                                                   16.414745\n3                                                                   12.777292\n4                                                                   12.279754\n5                                                                   15.115161\n6                                                                   12.819409\n7                                                                   10.463078\n8                                                                    9.725137\n9                                                                   13.201352\n10                                                                  16.451200\n11                                                                  11.139259\n12                                                                  18.083162\n13                                                                  11.522349\n14                                                                   8.509987\n15                                                                   9.162216\n16                                                                   5.335342\n17                                                                   8.604409\n18                                                                   7.278116\n19                                                                   2.629035\n20                                                                   4.695132\n21                                                                   1.594753\n22                                                                   5.217158\n23                                                                   2.604070\n24                                                                   3.361801\n25                                                                   7.328911\n26                                                                   4.401384\n[1] \"time col\"\n[1] \"Year\"\n[1] \"look here\"\n   Year  cots_dat  fast_dat  slow_dat sst_dat cotsimm_dat\n1  1980 0.2615042 10.069386 12.772605    28.1         0.0\n2  1981 0.5498196 17.723573 16.414745    28.2         0.0\n3  1982 0.7268086 23.827578 12.777292    29.2         0.0\n4  1983 0.5522907 19.418118 12.279754    24.9         0.0\n5  1984 0.8281210 15.635417 15.115161    27.8         0.0\n6  1985 0.5470078 32.459609 12.819409    28.6         0.0\n7  1986 0.7580244 21.556739 10.463078    26.9         0.0\n8  1987 0.6287678 34.193850  9.725137    26.5         0.0\n9  1988 0.4761596 18.870792 13.201352    26.8         0.0\n10 1989 0.6465779 27.317593 16.451200    25.2         1.5\n11 1990 0.9107070 44.330127 11.139259    26.3         0.0\n12 1991 2.1519930 13.327491 18.083162    25.9         1.6\n13 1992 0.6446117 11.374120 11.522349    26.9         0.7\n14 1993 1.6723480  8.336190  8.509987    25.8         0.0\n15 1994 0.4765907 15.206950  9.162216    23.2         0.0\n16 1995 0.8075009 12.443031  5.335342    28.9         0.0\n17 1996 0.3634731 11.066606  8.604409    30.2         0.0\n18 1997 0.3727647 10.644162  7.278116    31.4         0.0\n19 1998 0.6172546  2.362755  2.629035    25.4         0.0\n20 1999 0.3106559  2.760007  4.695132    25.7         0.0\n21 2000 0.2560048  3.723647  1.594753    24.5         0.0\n22 2001 0.2983628  7.035517  5.217158    26.1         0.0\n23 2002 0.3362447 10.223949  2.604070    26.8         0.0\n24 2003 0.2878112  8.475412  3.361801    27.8         0.0\n25 2004 0.3220782  9.081878  7.328911    25.1         0.0\n26 2005 0.4308113 13.731449  4.401384    26.3         0.0\n\nValidation Results Summary:\n\n cots :\n  RMSE: 0.115 \n  MAE: 0.108 \n  R\u00b2: 0.43 \n\n fast :\n  RMSE: 26.13 \n  MAE: 25.861 \n  R\u00b2: 0.814 \n\n slow :\n  RMSE: 29.093 \n  MAE: 29.043 \n  R\u00b2: 0.156",
      "stderr": "Loading required package: TMB\nLoading required package: jsonlite\nhere() starts at /home/spi085/Documents/_Projects/SCCP-QuantModelling\nusing C++ compiler: \u2018g++ (Ubuntu 13.3.0-6ubuntu2~24.04) 13.3.0\u2019\nError in data.frame(time_series_data[time_col], Modeled = report[[output_var]],  : \n  arguments imply differing number of rows: 26, 0\nExecution halted"
    },
    "7": {
      "status": "BROKEN"
    }
  }
}