{
  "iterations": {
    "1": {
      "status": "ERROR",
      "message": "Model failed to compile.",
      "stdout": "g++ -std=gnu++17 -I\"/usr/share/R/include\" -DNDEBUG -I\"/home/spi085/R/x86_64-pc-linux-gnu-library/4.4/TMB/include\" -I\"/home/spi085/R/x86_64-pc-linux-gnu-library/4.4/RcppEigen/include\"   -DTMB_EIGEN_DISABLE_WARNINGS   -DTMB_LIB_INIT=R_init_model  -DCPPAD_FRAMEWORK      -fpic  -O2  -c POPULATIONS/POPULATION_0006/INDIVIDUAL_CBLB871K/model.cpp -o POPULATIONS/POPULATION_0006/INDIVIDUAL_CBLB871K/model.o",
      "stderr": "Loading required package: TMB\nLoading required package: jsonlite\nhere() starts at /home/spi085/Documents/_Projects/SCCP-QuantModelling\nusing C++ compiler: \u2018g++ (Ubuntu 13.3.0-6ubuntu2~24.04) 13.3.0\u2019\nPOPULATIONS/POPULATION_0006/INDIVIDUAL_CBLB871K/model.cpp: In instantiation of \u2018Type objective_function<Type>::operator()() [with Type = CppAD::AD<double>]\u2019:\n/home/spi085/R/x86_64-pc-linux-gnu-library/4.4/TMB/include/tmb_core.hpp:1312:6:   required from here\nPOPULATIONS/POPULATION_0006/INDIVIDUAL_CBLB871K/model.cpp:81:12: error: conversion from \u2018Eigen::internal::enable_if<true, Eigen::IndexedView<Eigen::Array<CppAD::AD<double>, -1, 1, 0, -1, 1>, CppAD::AD<double>, Eigen::internal::SingleRange> >::type\u2019 {aka \u2018Eigen::IndexedView<Eigen::Array<CppAD::AD<double>, -1, 1, 0, -1, 1>, CppAD::AD<double>, Eigen::internal::SingleRange>\u2019} to non-scalar type \u2018CppAD::AD<double>\u2019 requested\n   81 |       Type historical_cots = cots_pred(t - recruitment_lag);\n      |            ^~~~~~~~~~~~~~~\nPOPULATIONS/POPULATION_0006/INDIVIDUAL_CBLB871K/model.cpp: In instantiation of \u2018Type objective_function<Type>::operator()() [with Type = double]\u2019:\n/home/spi085/R/x86_64-pc-linux-gnu-library/4.4/TMB/include/tmb_core.hpp:2035:7:   required from here\nPOPULATIONS/POPULATION_0006/INDIVIDUAL_CBLB871K/model.cpp:81:39: error: cannot convert \u2018Eigen::internal::enable_if<true, Eigen::IndexedView<Eigen::Array<double, -1, 1>, double, Eigen::internal::SingleRange> >::type\u2019 {aka \u2018Eigen::IndexedView<Eigen::Array<double, -1, 1>, double, Eigen::internal::SingleRange>\u2019} to \u2018double\u2019 in initialization\n   81 |       Type historical_cots = cots_pred(t - recruitment_lag);\n      |                              ~~~~~~~~~^~~~~~~~~~~~~~~~~~~~~\n      |                                       |\n      |                                       Eigen::internal::enable_if<true, Eigen::IndexedView<Eigen::Array<double, -1, 1>, double, Eigen::internal::SingleRange> >::type {aka Eigen::IndexedView<Eigen::Array<double, -1, 1>, double, Eigen::internal::SingleRange>}\nPOPULATIONS/POPULATION_0006/INDIVIDUAL_CBLB871K/model.cpp: In instantiation of \u2018Type objective_function<Type>::operator()() [with Type = CppAD::AD<CppAD::AD<double> >]\u2019:\n/home/spi085/R/x86_64-pc-linux-gnu-library/4.4/TMB/include/tmb_core.hpp:917:29:   required from \u2018Type objective_function<Type>::evalUserTemplate() [with Type = CppAD::AD<CppAD::AD<double> >]\u2019\n/home/spi085/R/x86_64-pc-linux-gnu-library/4.4/TMB/include/tmb_core.hpp:2116:26:   required from here\nPOPULATIONS/POPULATION_0006/INDIVIDUAL_CBLB871K/model.cpp:81:12: error: conversion from \u2018Eigen::internal::enable_if<true, Eigen::IndexedView<Eigen::Array<CppAD::AD<CppAD::AD<double> >, -1, 1, 0, -1, 1>, CppAD::AD<CppAD::AD<double> >, Eigen::internal::SingleRange> >::type\u2019 {aka \u2018Eigen::IndexedView<Eigen::Array<CppAD::AD<CppAD::AD<double> >, -1, 1, 0, -1, 1>, CppAD::AD<CppAD::AD<double> >, Eigen::internal::SingleRange>\u2019} to non-scalar type \u2018CppAD::AD<CppAD::AD<double> >\u2019 requested\n   81 |       Type historical_cots = cots_pred(t - recruitment_lag);\n      |            ^~~~~~~~~~~~~~~\nPOPULATIONS/POPULATION_0006/INDIVIDUAL_CBLB871K/model.cpp: In instantiation of \u2018Type objective_function<Type>::operator()() [with Type = CppAD::AD<CppAD::AD<CppAD::AD<double> > >]\u2019:\n/home/spi085/R/x86_64-pc-linux-gnu-library/4.4/TMB/include/tmb_core.hpp:917:29:   required from \u2018Type objective_function<Type>::evalUserTemplate() [with Type = CppAD::AD<CppAD::AD<CppAD::AD<double> > >]\u2019\n/home/spi085/R/x86_64-pc-linux-gnu-library/4.4/TMB/include/tmb_core.hpp:2365:28:   required from here\nPOPULATIONS/POPULATION_0006/INDIVIDUAL_CBLB871K/model.cpp:81:12: error: conversion from \u2018Eigen::internal::enable_if<true, Eigen::IndexedView<Eigen::Array<CppAD::AD<CppAD::AD<CppAD::AD<double> > >, -1, 1, 0, -1, 1>, CppAD::AD<CppAD::AD<CppAD::AD<double> > >, Eigen::internal::SingleRange> >::type\u2019 {aka \u2018Eigen::IndexedView<Eigen::Array<CppAD::AD<CppAD::AD<CppAD::AD<double> > >, -1, 1, 0, -1, 1>, CppAD::AD<CppAD::AD<CppAD::AD<double> > >, Eigen::internal::SingleRange>\u2019} to non-scalar type \u2018CppAD::AD<CppAD::AD<CppAD::AD<double> > >\u2019 requested\nmake: *** [/usr/lib/R/etc/Makeconf:204: POPULATIONS/POPULATION_0006/INDIVIDUAL_CBLB871K/model.o] Error 1\nError in TMB::compile(file.path(individual_dir, model_file), flags = flags,  : \n  Compilation failed\nError: Compilation failed\nExecution halted"
    },
    "2": {
      "status": "ERROR",
      "message": "R script failed with return code 1",
      "stdout": "g++ -std=gnu++17 -I\"/usr/share/R/include\" -DNDEBUG -I\"/home/spi085/R/x86_64-pc-linux-gnu-library/4.4/TMB/include\" -I\"/home/spi085/R/x86_64-pc-linux-gnu-library/4.4/RcppEigen/include\"   -DTMB_EIGEN_DISABLE_WARNINGS   -DTMB_LIB_INIT=R_init_model  -DCPPAD_FRAMEWORK      -fpic  -O2  -c POPULATIONS/POPULATION_0006/INDIVIDUAL_CBLB871K/model.cpp -o POPULATIONS/POPULATION_0006/INDIVIDUAL_CBLB871K/model.o\ng++ -std=gnu++17 -shared -L/usr/lib/R/lib -Wl,-Bsymbolic-functions -flto=auto -ffat-lto-objects -Wl,-z,relro -o POPULATIONS/POPULATION_0006/INDIVIDUAL_CBLB871K/model.so POPULATIONS/POPULATION_0006/INDIVIDUAL_CBLB871K/model.o -L/usr/lib/R/lib -lR\nStarting model phases\nNumber of phases: 3 \nPhase 1 \nInitial parameter values for phase 1 :\n            r_cots         alpha_fast           beta_sst         imm_effect \n                NA                 NA                 NA                 NA \n   recruitment_lag nutrient_threshold \n                NA                 NA \nError in model phases: NA/NaN gradient evaluation",
      "stderr": "Loading required package: TMB\nLoading required package: jsonlite\nhere() starts at /home/spi085/Documents/_Projects/SCCP-QuantModelling\nusing C++ compiler: \u2018g++ (Ubuntu 13.3.0-6ubuntu2~24.04) 13.3.0\u2019\nError in value[[3L]](cond) : \n  Error in model phases: NA/NaN gradient evaluation\nCalls: tryCatch -> tryCatchList -> tryCatchOne -> <Anonymous>\nIn addition: Warning message:\nIn nlminb(model$par, model$fn, model$gr) : NA/NaN function evaluation\nExecution halted"
    },
    "3": {
      "status": "ERROR",
      "message": "R script failed with return code 1",
      "stdout": "g++ -std=gnu++17 -I\"/usr/share/R/include\" -DNDEBUG -I\"/home/spi085/R/x86_64-pc-linux-gnu-library/4.4/TMB/include\" -I\"/home/spi085/R/x86_64-pc-linux-gnu-library/4.4/RcppEigen/include\"   -DTMB_EIGEN_DISABLE_WARNINGS   -DTMB_LIB_INIT=R_init_model  -DCPPAD_FRAMEWORK      -fpic  -O2  -c POPULATIONS/POPULATION_0006/INDIVIDUAL_CBLB871K/model.cpp -o POPULATIONS/POPULATION_0006/INDIVIDUAL_CBLB871K/model.o\ng++ -std=gnu++17 -shared -L/usr/lib/R/lib -Wl,-Bsymbolic-functions -flto=auto -ffat-lto-objects -Wl,-z,relro -o POPULATIONS/POPULATION_0006/INDIVIDUAL_CBLB871K/model.so POPULATIONS/POPULATION_0006/INDIVIDUAL_CBLB871K/model.o -L/usr/lib/R/lib -lR\nStarting model phases\nNumber of phases: 3 \nPhase 1 \nInitial parameter values for phase 1 :\n            r_cots         alpha_fast           beta_sst         imm_effect \n                NA                 NA                 NA                 NA \n   recruitment_lag nutrient_threshold \n                NA                 NA \nError in model phases: NA/NaN gradient evaluation",
      "stderr": "Loading required package: TMB\nLoading required package: jsonlite\nhere() starts at /home/spi085/Documents/_Projects/SCCP-QuantModelling\nusing C++ compiler: \u2018g++ (Ubuntu 13.3.0-6ubuntu2~24.04) 13.3.0\u2019\nError in value[[3L]](cond) : \n  Error in model phases: NA/NaN gradient evaluation\nCalls: tryCatch -> tryCatchList -> tryCatchOne -> <Anonymous>\nIn addition: Warning message:\nIn nlminb(model$par, model$fn, model$gr) : NA/NaN function evaluation\nExecution halted"
    },
    "4": {
      "status": "ERROR",
      "message": "R script failed with return code 1",
      "stdout": "g++ -std=gnu++17 -I\"/usr/share/R/include\" -DNDEBUG -I\"/home/spi085/R/x86_64-pc-linux-gnu-library/4.4/TMB/include\" -I\"/home/spi085/R/x86_64-pc-linux-gnu-library/4.4/RcppEigen/include\"   -DTMB_EIGEN_DISABLE_WARNINGS   -DTMB_LIB_INIT=R_init_model  -DCPPAD_FRAMEWORK      -fpic  -O2  -c POPULATIONS/POPULATION_0006/INDIVIDUAL_CBLB871K/model.cpp -o POPULATIONS/POPULATION_0006/INDIVIDUAL_CBLB871K/model.o\ng++ -std=gnu++17 -shared -L/usr/lib/R/lib -Wl,-Bsymbolic-functions -flto=auto -ffat-lto-objects -Wl,-z,relro -o POPULATIONS/POPULATION_0006/INDIVIDUAL_CBLB871K/model.so POPULATIONS/POPULATION_0006/INDIVIDUAL_CBLB871K/model.o -L/usr/lib/R/lib -lR\nStarting model phases\nNumber of phases: 3 \nPhase 1 \nInitial parameter values for phase 1 :\n            r_cots         alpha_fast           beta_sst         imm_effect \n                NA                 NA                 NA                 NA \n   recruitment_lag nutrient_threshold \n                NA                 NA \nError in model phases: NA/NaN gradient evaluation",
      "stderr": "Loading required package: TMB\nLoading required package: jsonlite\nhere() starts at /home/spi085/Documents/_Projects/SCCP-QuantModelling\nusing C++ compiler: \u2018g++ (Ubuntu 13.3.0-6ubuntu2~24.04) 13.3.0\u2019\nError in value[[3L]](cond) : \n  Error in model phases: NA/NaN gradient evaluation\nCalls: tryCatch -> tryCatchList -> tryCatchOne -> <Anonymous>\nIn addition: Warning message:\nIn nlminb(model$par, model$fn, model$gr) : NA/NaN function evaluation\nExecution halted"
    },
    "5": {
      "status": "ERROR",
      "message": "R script failed with return code 1",
      "stdout": "g++ -std=gnu++17 -I\"/usr/share/R/include\" -DNDEBUG -I\"/home/spi085/R/x86_64-pc-linux-gnu-library/4.4/TMB/include\" -I\"/home/spi085/R/x86_64-pc-linux-gnu-library/4.4/RcppEigen/include\"   -DTMB_EIGEN_DISABLE_WARNINGS   -DTMB_LIB_INIT=R_init_model  -DCPPAD_FRAMEWORK      -fpic  -O2  -c POPULATIONS/POPULATION_0006/INDIVIDUAL_CBLB871K/model.cpp -o POPULATIONS/POPULATION_0006/INDIVIDUAL_CBLB871K/model.o\ng++ -std=gnu++17 -shared -L/usr/lib/R/lib -Wl,-Bsymbolic-functions -flto=auto -ffat-lto-objects -Wl,-z,relro -o POPULATIONS/POPULATION_0006/INDIVIDUAL_CBLB871K/model.so POPULATIONS/POPULATION_0006/INDIVIDUAL_CBLB871K/model.o -L/usr/lib/R/lib -lR\nStarting model phases\nNumber of phases: 3 \nPhase 1 \nInitial parameter values for phase 1 :\n            r_cots         alpha_fast           beta_sst         imm_effect \n                NA                 NA                 NA                 NA \n   recruitment_lag nutrient_threshold \n                NA                 NA \nError in model phases: NA/NaN gradient evaluation",
      "stderr": "Loading required package: TMB\nLoading required package: jsonlite\nhere() starts at /home/spi085/Documents/_Projects/SCCP-QuantModelling\nusing C++ compiler: \u2018g++ (Ubuntu 13.3.0-6ubuntu2~24.04) 13.3.0\u2019\nError in value[[3L]](cond) : \n  Error in model phases: NA/NaN gradient evaluation\nCalls: tryCatch -> tryCatchList -> tryCatchOne -> <Anonymous>\nIn addition: Warning message:\nIn nlminb(model$par, model$fn, model$gr) : NA/NaN function evaluation\nExecution halted"
    },
    "6": {
      "status": "ERROR",
      "message": "R script failed with return code 1",
      "stdout": "g++ -std=gnu++17 -I\"/usr/share/R/include\" -DNDEBUG -I\"/home/spi085/R/x86_64-pc-linux-gnu-library/4.4/TMB/include\" -I\"/home/spi085/R/x86_64-pc-linux-gnu-library/4.4/RcppEigen/include\"   -DTMB_EIGEN_DISABLE_WARNINGS   -DTMB_LIB_INIT=R_init_model  -DCPPAD_FRAMEWORK      -fpic  -O2  -c POPULATIONS/POPULATION_0006/INDIVIDUAL_CBLB871K/model.cpp -o POPULATIONS/POPULATION_0006/INDIVIDUAL_CBLB871K/model.o\ng++ -std=gnu++17 -shared -L/usr/lib/R/lib -Wl,-Bsymbolic-functions -flto=auto -ffat-lto-objects -Wl,-z,relro -o POPULATIONS/POPULATION_0006/INDIVIDUAL_CBLB871K/model.so POPULATIONS/POPULATION_0006/INDIVIDUAL_CBLB871K/model.o -L/usr/lib/R/lib -lR\nStarting model phases\nNumber of phases: 3 \nPhase 1 \nInitial parameter values for phase 1 :\n            r_cots         alpha_fast           beta_sst         imm_effect \n                NA                 NA                 NA                 NA \n   recruitment_lag nutrient_threshold \n                NA                 NA \nError in model phases: NA/NaN gradient evaluation",
      "stderr": "Loading required package: TMB\nLoading required package: jsonlite\nhere() starts at /home/spi085/Documents/_Projects/SCCP-QuantModelling\nusing C++ compiler: \u2018g++ (Ubuntu 13.3.0-6ubuntu2~24.04) 13.3.0\u2019\nError in value[[3L]](cond) : \n  Error in model phases: NA/NaN gradient evaluation\nCalls: tryCatch -> tryCatchList -> tryCatchOne -> <Anonymous>\nIn addition: Warning message:\nIn nlminb(model$par, model$fn, model$gr) : NA/NaN function evaluation\nExecution halted"
    },
    "7": {
      "status": "BROKEN"
    }
  }
}