{
  "iterations": {
    "1": {
      "status": "ERROR",
      "message": "Model failed to compile.",
      "stdout": "g++ -std=gnu++17 -I\"/usr/share/R/include\" -DNDEBUG -I\"/home/spi085/R/x86_64-pc-linux-gnu-library/4.4/TMB/include\" -I\"/home/spi085/R/x86_64-pc-linux-gnu-library/4.4/RcppEigen/include\"   -DTMB_EIGEN_DISABLE_WARNINGS   -DTMB_LIB_INIT=R_init_model  -DCPPAD_FRAMEWORK      -fpic  -O2  -c POPULATIONS/POPULATION_0013/INDIVIDUAL_D5M2LJ26/model.cpp -o POPULATIONS/POPULATION_0013/INDIVIDUAL_D5M2LJ26/model.o",
      "stderr": "Loading required package: TMB\nLoading required package: jsonlite\nhere() starts at /home/spi085/Documents/_Projects/SCCP-QuantModelling\nusing C++ compiler: \u2018g++ (Ubuntu 13.3.0-6ubuntu2~24.04) 13.3.0\u2019\nPOPULATIONS/POPULATION_0013/INDIVIDUAL_D5M2LJ26/model.cpp: In member function \u2018Type objective_function<Type>::operator()()\u2019:\nPOPULATIONS/POPULATION_0013/INDIVIDUAL_D5M2LJ26/model.cpp:67:22: error: \u2018log_h_coral\u2019 was not declared in this scope; did you mean \u2018h_coral\u2019?\n   67 |   Type h_coral = exp(log_h_coral); // Half-saturation for coral-dependent COTS recruitment\n      |                      ^~~~~~~~~~~\n      |                      h_coral\nmake: *** [/usr/lib/R/etc/Makeconf:204: POPULATIONS/POPULATION_0013/INDIVIDUAL_D5M2LJ26/model.o] Error 1\nError in TMB::compile(file.path(individual_dir, model_file), flags = flags,  : \n  Compilation failed\nError: Compilation failed\nExecution halted"
    },
    "2": {
      "status": "ERROR",
      "message": "R script failed with return code 1",
      "stdout": "g++ -std=gnu++17 -I\"/usr/share/R/include\" -DNDEBUG -I\"/home/spi085/R/x86_64-pc-linux-gnu-library/4.4/TMB/include\" -I\"/home/spi085/R/x86_64-pc-linux-gnu-library/4.4/RcppEigen/include\"   -DTMB_EIGEN_DISABLE_WARNINGS   -DTMB_LIB_INIT=R_init_model  -DCPPAD_FRAMEWORK      -fpic  -O2  -c POPULATIONS/POPULATION_0013/INDIVIDUAL_D5M2LJ26/model.cpp -o POPULATIONS/POPULATION_0013/INDIVIDUAL_D5M2LJ26/model.o\ng++ -std=gnu++17 -shared -L/usr/lib/R/lib -Wl,-Bsymbolic-functions -flto=auto -ffat-lto-objects -Wl,-z,relro -o POPULATIONS/POPULATION_0013/INDIVIDUAL_D5M2LJ26/model.so POPULATIONS/POPULATION_0013/INDIVIDUAL_D5M2LJ26/model.o -L/usr/lib/R/lib -lR\nStarting model phases\nNumber of phases: 3 \nPhase 1 \nInitial parameter values for phase 1 :\n           log_r_cots logit_thresh_outbreak        log_sigma_cots \n                   NA                    NA                    NA \n       log_sigma_fast        log_sigma_slow \n                   NA                    NA \nError in model phases: NA/NaN gradient evaluation",
      "stderr": "Loading required package: TMB\nLoading required package: jsonlite\nhere() starts at /home/spi085/Documents/_Projects/SCCP-QuantModelling\nusing C++ compiler: \u2018g++ (Ubuntu 13.3.0-6ubuntu2~24.04) 13.3.0\u2019\nError in value[[3L]](cond) : \n  Error in model phases: NA/NaN gradient evaluation\nCalls: tryCatch -> tryCatchList -> tryCatchOne -> <Anonymous>\nIn addition: Warning message:\nIn nlminb(model$par, model$fn, model$gr) : NA/NaN function evaluation\nExecution halted"
    },
    "3": {
      "status": "ERROR",
      "message": "R script failed with return code 1",
      "stdout": "g++ -std=gnu++17 -I\"/usr/share/R/include\" -DNDEBUG -I\"/home/spi085/R/x86_64-pc-linux-gnu-library/4.4/TMB/include\" -I\"/home/spi085/R/x86_64-pc-linux-gnu-library/4.4/RcppEigen/include\"   -DTMB_EIGEN_DISABLE_WARNINGS   -DTMB_LIB_INIT=R_init_model  -DCPPAD_FRAMEWORK      -fpic  -O2  -c POPULATIONS/POPULATION_0013/INDIVIDUAL_D5M2LJ26/model.cpp -o POPULATIONS/POPULATION_0013/INDIVIDUAL_D5M2LJ26/model.o\ng++ -std=gnu++17 -shared -L/usr/lib/R/lib -Wl,-Bsymbolic-functions -flto=auto -ffat-lto-objects -Wl,-z,relro -o POPULATIONS/POPULATION_0013/INDIVIDUAL_D5M2LJ26/model.so POPULATIONS/POPULATION_0013/INDIVIDUAL_D5M2LJ26/model.o -L/usr/lib/R/lib -lR\nStarting model phases\nNumber of phases: 3 \nPhase 1 \nInitial parameter values for phase 1 :\n           log_r_cots logit_thresh_outbreak        log_sigma_cots \n                   NA                    NA                    NA \n       log_sigma_fast        log_sigma_slow \n                   NA                    NA \nError in model phases: NA/NaN gradient evaluation",
      "stderr": "Loading required package: TMB\nLoading required package: jsonlite\nhere() starts at /home/spi085/Documents/_Projects/SCCP-QuantModelling\nusing C++ compiler: \u2018g++ (Ubuntu 13.3.0-6ubuntu2~24.04) 13.3.0\u2019\nError in value[[3L]](cond) : \n  Error in model phases: NA/NaN gradient evaluation\nCalls: tryCatch -> tryCatchList -> tryCatchOne -> <Anonymous>\nIn addition: Warning message:\nIn nlminb(model$par, model$fn, model$gr) : NA/NaN function evaluation\nExecution halted"
    },
    "4": {
      "status": "ERROR",
      "message": "Model failed to compile.",
      "stdout": "g++ -std=gnu++17 -I\"/usr/share/R/include\" -DNDEBUG -I\"/home/spi085/R/x86_64-pc-linux-gnu-library/4.4/TMB/include\" -I\"/home/spi085/R/x86_64-pc-linux-gnu-library/4.4/RcppEigen/include\"   -DTMB_EIGEN_DISABLE_WARNINGS   -DTMB_LIB_INIT=R_init_model  -DCPPAD_FRAMEWORK      -fpic  -O2  -c POPULATIONS/POPULATION_0013/INDIVIDUAL_D5M2LJ26/model.cpp -o POPULATIONS/POPULATION_0013/INDIVIDUAL_D5M2LJ26/model.o",
      "stderr": "Loading required package: TMB\nLoading required package: jsonlite\nhere() starts at /home/spi085/Documents/_Projects/SCCP-QuantModelling\nusing C++ compiler: \u2018g++ (Ubuntu 13.3.0-6ubuntu2~24.04) 13.3.0\u2019\nIn file included from /usr/share/R/include/R.h:69,\n                 from /home/spi085/R/x86_64-pc-linux-gnu-library/4.4/TMB/include/TMB.hpp:182,\n                 from POPULATIONS/POPULATION_0013/INDIVIDUAL_D5M2LJ26/model.cpp:1:\nPOPULATIONS/POPULATION_0013/INDIVIDUAL_D5M2LJ26/model.cpp: In instantiation of \u2018Type objective_function<Type>::operator()() [with Type = CppAD::AD<double>]\u2019:\n/home/spi085/R/x86_64-pc-linux-gnu-library/4.4/TMB/include/tmb_core.hpp:1312:6:   required from here\n/usr/share/R/include/R_ext/Arith.h:84:33: error: cannot convert \u2018Eigen::DenseCoeffsBase<Eigen::Array<CppAD::AD<double>, -1, 1, 0, -1, 1>, 1>::Scalar\u2019 {aka \u2018CppAD::AD<double>\u2019} to \u2018double\u2019\n   84 | # define R_FINITE(x)    R_finite(x)\n      |                         ~~~~~~~~^~~\n      |                                 |\n      |                                 Eigen::DenseCoeffsBase<Eigen::Array<CppAD::AD<double>, -1, 1, 0, -1, 1>, 1>::Scalar {aka CppAD::AD<double>}\nPOPULATIONS/POPULATION_0013/INDIVIDUAL_D5M2LJ26/model.cpp:80:7: note: in expansion of macro \u2018R_FINITE\u2019\n   80 |   if(!R_FINITE(cots_pred(0))) cots_pred(0) = Type(1e-8);\n      |       ^~~~~~~~\n/usr/share/R/include/R_ext/Arith.h:63:14: note:   initializing argument 1 of \u2018int R_finite(double)\u2019\n   63 | int R_finite(double);           /* True if none of NA, NaN, +/-Inf */\n      |              ^~~~~~\n/usr/share/R/include/R_ext/Arith.h:84:33: error: cannot convert \u2018Eigen::DenseCoeffsBase<Eigen::Array<CppAD::AD<double>, -1, 1, 0, -1, 1>, 1>::Scalar\u2019 {aka \u2018CppAD::AD<double>\u2019} to \u2018double\u2019\n   84 | # define R_FINITE(x)    R_finite(x)\n      |                         ~~~~~~~~^~~\n      |                                 |\n      |                                 Eigen::DenseCoeffsBase<Eigen::Array<CppAD::AD<double>, -1, 1, 0, -1, 1>, 1>::Scalar {aka CppAD::AD<double>}\nPOPULATIONS/POPULATION_0013/INDIVIDUAL_D5M2LJ26/model.cpp:81:7: note: in expansion of macro \u2018R_FINITE\u2019\n   81 |   if(!R_FINITE(fast_pred(0))) fast_pred(0) = Type(1e-8);\n      |       ^~~~~~~~\n/usr/share/R/include/R_ext/Arith.h:63:14: note:   initializing argument 1 of \u2018int R_finite(double)\u2019\n   63 | int R_finite(double);           /* True if none of NA, NaN, +/-Inf */\n      |              ^~~~~~\n/usr/share/R/include/R_ext/Arith.h:84:33: error: cannot convert \u2018Eigen::DenseCoeffsBase<Eigen::Array<CppAD::AD<double>, -1, 1, 0, -1, 1>, 1>::Scalar\u2019 {aka \u2018CppAD::AD<double>\u2019} to \u2018double\u2019\n   84 | # define R_FINITE(x)    R_finite(x)\n      |                         ~~~~~~~~^~~\n      |                                 |\n      |                                 Eigen::DenseCoeffsBase<Eigen::Array<CppAD::AD<double>, -1, 1, 0, -1, 1>, 1>::Scalar {aka CppAD::AD<double>}\nPOPULATIONS/POPULATION_0013/INDIVIDUAL_D5M2LJ26/model.cpp:82:7: note: in expansion of macro \u2018R_FINITE\u2019\n   82 |   if(!R_FINITE(slow_pred(0))) slow_pred(0) = Type(1e-8);\n      |       ^~~~~~~~\n/usr/share/R/include/R_ext/Arith.h:63:14: note:   initializing argument 1 of \u2018int R_finite(double)\u2019\n   63 | int R_finite(double);           /* True if none of NA, NaN, +/-Inf */\n      |              ^~~~~~\nPOPULATIONS/POPULATION_0013/INDIVIDUAL_D5M2LJ26/model.cpp:104:18: error: cannot convert \u2018CppAD::AD<double>\u2019 to \u2018double\u2019\n  104 |     if(!R_FINITE(cots_next) || cots_next != cots_next) cots_next = Type(1e-8); // Defensive: handle NaN/Inf\n      |                  ^~~~~~~~~\n      |                  |\n      |                  CppAD::AD<double>\n/usr/share/R/include/R_ext/Arith.h:84:34: note: in definition of macro \u2018R_FINITE\u2019\n   84 | # define R_FINITE(x)    R_finite(x)\n      |                                  ^\n/usr/share/R/include/R_ext/Arith.h:63:14: note:   initializing argument 1 of \u2018int R_finite(double)\u2019\n   63 | int R_finite(double);           /* True if none of NA, NaN, +/-Inf */\n      |              ^~~~~~\nPOPULATIONS/POPULATION_0013/INDIVIDUAL_D5M2LJ26/model.cpp:111:18: error: cannot convert \u2018CppAD::AD<double>\u2019 to \u2018double\u2019\n  111 |     if(!R_FINITE(fast_next) || fast_next != fast_next) fast_next = Type(1e-8);\n      |                  ^~~~~~~~~\n      |                  |\n      |                  CppAD::AD<double>\n/usr/share/R/include/R_ext/Arith.h:84:34: note: in definition of macro \u2018R_FINITE\u2019\n   84 | # define R_FINITE(x)    R_finite(x)\n      |                                  ^\n/usr/share/R/include/R_ext/Arith.h:63:14: note:   initializing argument 1 of \u2018int R_finite(double)\u2019\n   63 | int R_finite(double);           /* True if none of NA, NaN, +/-Inf */\n      |              ^~~~~~\nPOPULATIONS/POPULATION_0013/INDIVIDUAL_D5M2LJ26/model.cpp:118:18: error: cannot convert \u2018CppAD::AD<double>\u2019 to \u2018double\u2019\n  118 |     if(!R_FINITE(slow_next) || slow_next != slow_next) slow_next = Type(1e-8);\n      |                  ^~~~~~~~~\n      |                  |\n      |                  CppAD::AD<double>\n/usr/share/R/include/R_ext/Arith.h:84:34: note: in definition of macro \u2018R_FINITE\u2019\n   84 | # define R_FINITE(x)    R_finite(x)\n      |                                  ^\n/usr/share/R/include/R_ext/Arith.h:63:14: note:   initializing argument 1 of \u2018int R_finite(double)\u2019\n   63 | int R_finite(double);           /* True if none of NA, NaN, +/-Inf */\n      |              ^~~~~~\nPOPULATIONS/POPULATION_0013/INDIVIDUAL_D5M2LJ26/model.cpp: In instantiation of \u2018Type objective_function<Type>::operator()() [with Type = CppAD::AD<CppAD::AD<double> >]\u2019:\n/home/spi085/R/x86_64-pc-linux-gnu-library/4.4/TMB/include/tmb_core.hpp:917:29:   required from \u2018Type objective_function<Type>::evalUserTemplate() [with Type = CppAD::AD<CppAD::AD<double> >]\u2019\n/home/spi085/R/x86_64-pc-linux-gnu-library/4.4/TMB/include/tmb_core.hpp:2116:26:   required from here\n/usr/share/R/include/R_ext/Arith.h:84:33: error: cannot convert \u2018Eigen::DenseCoeffsBase<Eigen::Array<CppAD::AD<CppAD::AD<double> >, -1, 1, 0, -1, 1>, 1>::Scalar\u2019 {aka \u2018CppAD::AD<CppAD::AD<double> >\u2019} to \u2018double\u2019\n   84 | # define R_FINITE(x)    R_finite(x)\n      |                         ~~~~~~~~^~~\n      |                                 |\n      |                                 Eigen::DenseCoeffsBase<Eigen::Array<CppAD::AD<CppAD::AD<double> >, -1, 1, 0, -1, 1>, 1>::Scalar {aka CppAD::AD<CppAD::AD<double> >}\nPOPULATIONS/POPULATION_0013/INDIVIDUAL_D5M2LJ26/model.cpp:80:7: note: in expansion of macro \u2018R_FINITE\u2019\n   80 |   if(!R_FINITE(cots_pred(0))) cots_pred(0) = Type(1e-8);\n      |       ^~~~~~~~\n/usr/share/R/include/R_ext/Arith.h:63:14: note:   initializing argument 1 of \u2018int R_finite(double)\u2019\n   63 | int R_finite(double);           /* True if none of NA, NaN, +/-Inf */\n      |              ^~~~~~\n/usr/share/R/include/R_ext/Arith.h:84:33: error: cannot convert \u2018Eigen::DenseCoeffsBase<Eigen::Array<CppAD::AD<CppAD::AD<double> >, -1, 1, 0, -1, 1>, 1>::Scalar\u2019 {aka \u2018CppAD::AD<CppAD::AD<double> >\u2019} to \u2018double\u2019\n   84 | # define R_FINITE(x)    R_finite(x)\n      |                         ~~~~~~~~^~~\n      |                                 |\n      |                                 Eigen::DenseCoeffsBase<Eigen::Array<CppAD::AD<CppAD::AD<double> >, -1, 1, 0, -1, 1>, 1>::Scalar {aka CppAD::AD<CppAD::AD<double> >}\nPOPULATIONS/POPULATION_0013/INDIVIDUAL_D5M2LJ26/model.cpp:81:7: note: in expansion of macro \u2018R_FINITE\u2019\n   81 |   if(!R_FINITE(fast_pred(0))) fast_pred(0) = Type(1e-8);\n      |       ^~~~~~~~\n/usr/share/R/include/R_ext/Arith.h:63:14: note:   initializing argument 1 of \u2018int R_finite(double)\u2019\n   63 | int R_finite(double);           /* True if none of NA, NaN, +/-Inf */\n      |              ^~~~~~\n/usr/share/R/include/R_ext/Arith.h:84:33: error: cannot convert \u2018Eigen::DenseCoeffsBase<Eigen::Array<CppAD::AD<CppAD::AD<double> >, -1, 1, 0, -1, 1>, 1>::Scalar\u2019 {aka \u2018CppAD::AD<CppAD::AD<double> >\u2019} to \u2018double\u2019\n   84 | # define R_FINITE(x)    R_finite(x)\n      |                         ~~~~~~~~^~~\n      |                                 |\n      |                                 Eigen::DenseCoeffsBase<Eigen::Array<CppAD::AD<CppAD::AD<double> >, -1, 1, 0, -1, 1>, 1>::Scalar {aka CppAD::AD<CppAD::AD<double> >}\nPOPULATIONS/POPULATION_0013/INDIVIDUAL_D5M2LJ26/model.cpp:82:7: note: in expansion of macro \u2018R_FINITE\u2019\n   82 |   if(!R_FINITE(slow_pred(0))) slow_pred(0) = Type(1e-8);\n      |       ^~~~~~~~\n/usr/share/R/include/R_ext/Arith.h:63:14: note:   initializing argument 1 of \u2018int R_finite(double)\u2019\n   63 | int R_finite(double);           /* True if none of NA, NaN, +/-Inf */\n      |              ^~~~~~\nPOPULATIONS/POPULATION_0013/INDIVIDUAL_D5M2LJ26/model.cpp:104:18: error: cannot convert \u2018CppAD::AD<CppAD::AD<double> >\u2019 to \u2018double\u2019\n  104 |     if(!R_FINITE(cots_next) || cots_next != cots_next) cots_next = Type(1e-8); // Defensive: handle NaN/Inf\n      |                  ^~~~~~~~~\n      |                  |\n      |                  CppAD::AD<CppAD::AD<double> >\n/usr/share/R/include/R_ext/Arith.h:84:34: note: in definition of macro \u2018R_FINITE\u2019\n   84 | # define R_FINITE(x)    R_finite(x)\n      |                                  ^\n/usr/share/R/include/R_ext/Arith.h:63:14: note:   initializing argument 1 of \u2018int R_finite(double)\u2019\n   63 | int R_finite(double);           /* True if none of NA, NaN, +/-Inf */\n      |              ^~~~~~\nPOPULATIONS/POPULATION_0013/INDIVIDUAL_D5M2LJ26/model.cpp:111:18: error: cannot convert \u2018CppAD::AD<CppAD::AD<double> >\u2019 to \u2018double\u2019\n  111 |     if(!R_FINITE(fast_next) || fast_next != fast_next) fast_next = Type(1e-8);\n      |                  ^~~~~~~~~\n      |                  |\n      |                  CppAD::AD<CppAD::AD<double> >\n/usr/share/R/include/R_ext/Arith.h:84:34: note: in definition of macro \u2018R_FINITE\u2019\n   84 | # define R_FINITE(x)    R_finite(x)\n      |                                  ^\n/usr/share/R/include/R_ext/Arith.h:63:14: note:   initializing argument 1 of \u2018int R_finite(double)\u2019\n   63 | int R_finite(double);           /* True if none of NA, NaN, +/-Inf */\n      |              ^~~~~~\nPOPULATIONS/POPULATION_0013/INDIVIDUAL_D5M2LJ26/model.cpp:118:18: error: cannot convert \u2018CppAD::AD<CppAD::AD<double> >\u2019 to \u2018double\u2019\n  118 |     if(!R_FINITE(slow_next) || slow_next != slow_next) slow_next = Type(1e-8);\n      |                  ^~~~~~~~~\n      |                  |\n      |                  CppAD::AD<CppAD::AD<double> >\n/usr/share/R/include/R_ext/Arith.h:84:34: note: in definition of macro \u2018R_FINITE\u2019\n   84 | # define R_FINITE(x)    R_finite(x)\n      |                                  ^\n/usr/share/R/include/R_ext/Arith.h:63:14: note:   initializing argument 1 of \u2018int R_finite(double)\u2019\n   63 | int R_finite(double);           /* True if none of NA, NaN, +/-Inf */\n      |              ^~~~~~\nPOPULATIONS/POPULATION_0013/INDIVIDUAL_D5M2LJ26/model.cpp: In instantiation of \u2018Type objective_function<Type>::operator()() [with Type = CppAD::AD<CppAD::AD<CppAD::AD<double> > >]\u2019:\n/home/spi085/R/x86_64-pc-linux-gnu-library/4.4/TMB/include/tmb_core.hpp:917:29:   required from \u2018Type objective_function<Type>::evalUserTemplate() [with Type = CppAD::AD<CppAD::AD<CppAD::AD<double> > >]\u2019\n/home/spi085/R/x86_64-pc-linux-gnu-library/4.4/TMB/include/tmb_core.hpp:2365:28:   required from here\n/usr/share/R/include/R_ext/Arith.h:84:33: error: cannot convert \u2018Eigen::DenseCoeffsBase<Eigen::Array<CppAD::AD<CppAD::AD<CppAD::AD<double> > >, -1, 1, 0, -1, 1>, 1>::Scalar\u2019 {aka \u2018CppAD::AD<CppAD::AD<CppAD::AD<double> > >\u2019} to \u2018double\u2019\n   84 | # define R_FINITE(x)    R_finite(x)\n      |                         ~~~~~~~~^~~\n      |                                 |\n      |                                 Eigen::DenseCoeffsBase<Eigen::Array<CppAD::AD<CppAD::AD<CppAD::AD<double> > >, -1, 1, 0, -1, 1>, 1>::Scalar {aka CppAD::AD<CppAD::AD<CppAD::AD<double> > >}\nPOPULATIONS/POPULATION_0013/INDIVIDUAL_D5M2LJ26/model.cpp:80:7: note: in expansion of macro \u2018R_FINITE\u2019\n   80 |   if(!R_FINITE(cots_pred(0))) cots_pred(0) = Type(1e-8);\n      |       ^~~~~~~~\n/usr/share/R/include/R_ext/Arith.h:63:14: note:   initializing argument 1 of \u2018int R_finite(double)\u2019\n   63 | int R_finite(double);           /* True if none of NA, NaN, +/-Inf */\n      |              ^~~~~~\n/usr/share/R/include/R_ext/Arith.h:84:33: error: cannot convert \u2018Eigen::DenseCoeffsBase<Eigen::Array<CppAD::AD<CppAD::AD<CppAD::AD<double> > >, -1, 1, 0, -1, 1>, 1>::Scalar\u2019 {aka \u2018CppAD::AD<CppAD::AD<CppAD::AD<double> > >\u2019} to \u2018double\u2019\n   84 | # define R_FINITE(x)    R_finite(x)\n      |                         ~~~~~~~~^~~\n      |                                 |\n      |                                 Eigen::DenseCoeffsBase<Eigen::Array<CppAD::AD<CppAD::AD<CppAD::AD<double> > >, -1, 1, 0, -1, 1>, 1>::Scalar {aka CppAD::AD<CppAD::AD<CppAD::AD<double> > >}\nPOPULATIONS/POPULATION_0013/INDIVIDUAL_D5M2LJ26/model.cpp:81:7: note: in expansion of macro \u2018R_FINITE\u2019\n   81 |   if(!R_FINITE(fast_pred(0))) fast_pred(0) = Type(1e-8);\n      |       ^~~~~~~~\n/usr/share/R/include/R_ext/Arith.h:63:14: note:   initializing argument 1 of \u2018int R_finite(double)\u2019\n   63 | int R_finite(double);           /* True if none of NA, NaN, +/-Inf */\n      |              ^~~~~~\n/usr/share/R/include/R_ext/Arith.h:84:33: error: cannot convert \u2018Eigen::DenseCoeffsBase<Eigen::Array<CppAD::AD<CppAD::AD<CppAD::AD<double> > >, -1, 1, 0, -1, 1>, 1>::Scalar\u2019 {aka \u2018CppAD::AD<CppAD::AD<CppAD::AD<double> > >\u2019} to \u2018double\u2019\n   84 | # define R_FINITE(x)    R_finite(x)\n      |                         ~~~~~~~~^~~\n      |                                 |\n      |                                 Eigen::DenseCoeffsBase<Eigen::Array<CppAD::AD<CppAD::AD<CppAD::AD<double> > >, -1, 1, 0, -1, 1>, 1>::Scalar {aka CppAD::AD<CppAD::AD<CppAD::AD<double> > >}\nPOPULATIONS/POPULATION_0013/INDIVIDUAL_D5M2LJ26/model.cpp:82:7: note: in expansion of macro \u2018R_FINITE\u2019\n   82 |   if(!R_FINITE(slow_pred(0))) slow_pred(0) = Type(1e-8);\n      |       ^~~~~~~~\n/usr/share/R/include/R_ext/Arith.h:63:14: note:   initializing argument 1 of \u2018int R_finite(double)\u2019\n   63 | int R_finite(double);           /* True if none of NA, NaN, +/-Inf */\n      |              ^~~~~~\nPOPULATIONS/POPULATION_0013/INDIVIDUAL_D5M2LJ26/model.cpp:104:18: error: cannot convert \u2018CppAD::AD<CppAD::AD<CppAD::AD<double> > >\u2019 to \u2018double\u2019\n  104 |     if(!R_FINITE(cots_next) || cots_next != cots_next) cots_next = Type(1e-8); // Defensive: handle NaN/Inf\n      |                  ^~~~~~~~~\n      |                  |\n      |                  CppAD::AD<CppAD::AD<CppAD::AD<double> > >\n/usr/share/R/include/R_ext/Arith.h:84:34: note: in definition of macro \u2018R_FINITE\u2019\n   84 | # define R_FINITE(x)    R_finite(x)\n      |                                  ^\n/usr/share/R/include/R_ext/Arith.h:63:14: note:   initializing argument 1 of \u2018int R_finite(double)\u2019\n   63 | int R_finite(double);           /* True if none of NA, NaN, +/-Inf */\n      |              ^~~~~~\nPOPULATIONS/POPULATION_0013/INDIVIDUAL_D5M2LJ26/model.cpp:111:18: error: cannot convert \u2018CppAD::AD<CppAD::AD<CppAD::AD<double> > >\u2019 to \u2018double\u2019\n  111 |     if(!R_FINITE(fast_next) || fast_next != fast_next) fast_next = Type(1e-8);\n      |                  ^~~~~~~~~\n      |                  |\n      |                  CppAD::AD<CppAD::AD<CppAD::AD<double> > >\n/usr/share/R/include/R_ext/Arith.h:84:34: note: in definition of macro \u2018R_FINITE\u2019\n   84 | # define R_FINITE(x)    R_finite(x)\n      |                                  ^\n/usr/share/R/include/R_ext/Arith.h:63:14: note:   initializing argument 1 of \u2018int R_finite(double)\u2019\n   63 | int R_finite(double);           /* True if none of NA, NaN, +/-Inf */\n      |              ^~~~~~\nPOPULATIONS/POPULATION_0013/INDIVIDUAL_D5M2LJ26/model.cpp:118:18: error: cannot convert \u2018CppAD::AD<CppAD::AD<CppAD::AD<double> > >\u2019 to \u2018double\u2019\n  118 |     if(!R_FINITE(slow_next) || slow_next != slow_next) slow_next = Type(1e-8);\n      |                  ^~~~~~~~~\n      |                  |\n      |                  CppAD::AD<CppAD::AD<CppAD::AD<double> > >\n/usr/share/R/include/R_ext/Arith.h:84:34: note: in definition of macro \u2018R_FINITE\u2019\n   84 | # define R_FINITE(x)    R_finite(x)\n      |                                  ^\n/usr/share/R/include/R_ext/Arith.h:63:14: note:   initializing argument 1 of \u2018int R_finite(double)\u2019\n   63 | int R_finite(double);           /* True if none of NA, NaN, +/-Inf */\n      |              ^~~~~~\nmake: *** [/usr/lib/R/etc/Makeconf:204: POPULATIONS/POPULATION_0013/INDIVIDUAL_D5M2LJ26/model.o] Error 1\nError in TMB::compile(file.path(individual_dir, model_file), flags = flags,  : \n  Compilation failed\nError: Compilation failed\nExecution halted"
    },
    "5": {
      "status": "ERROR",
      "message": "R script failed with return code 1",
      "stdout": "g++ -std=gnu++17 -I\"/usr/share/R/include\" -DNDEBUG -I\"/home/spi085/R/x86_64-pc-linux-gnu-library/4.4/TMB/include\" -I\"/home/spi085/R/x86_64-pc-linux-gnu-library/4.4/RcppEigen/include\"   -DTMB_EIGEN_DISABLE_WARNINGS   -DTMB_LIB_INIT=R_init_model  -DCPPAD_FRAMEWORK      -fpic  -O2  -c POPULATIONS/POPULATION_0013/INDIVIDUAL_D5M2LJ26/model.cpp -o POPULATIONS/POPULATION_0013/INDIVIDUAL_D5M2LJ26/model.o\ng++ -std=gnu++17 -shared -L/usr/lib/R/lib -Wl,-Bsymbolic-functions -flto=auto -ffat-lto-objects -Wl,-z,relro -o POPULATIONS/POPULATION_0013/INDIVIDUAL_D5M2LJ26/model.so POPULATIONS/POPULATION_0013/INDIVIDUAL_D5M2LJ26/model.o -L/usr/lib/R/lib -lR\nStarting model phases\nNumber of phases: 3 \nPhase 1 \nInitial parameter values for phase 1 :\n           log_r_cots logit_thresh_outbreak        log_sigma_cots \n                   NA                    NA                    NA \n       log_sigma_fast        log_sigma_slow \n                   NA                    NA \nError in model phases: NA/NaN gradient evaluation",
      "stderr": "Loading required package: TMB\nLoading required package: jsonlite\nhere() starts at /home/spi085/Documents/_Projects/SCCP-QuantModelling\nusing C++ compiler: \u2018g++ (Ubuntu 13.3.0-6ubuntu2~24.04) 13.3.0\u2019\nError in value[[3L]](cond) : \n  Error in model phases: NA/NaN gradient evaluation\nCalls: tryCatch -> tryCatchList -> tryCatchOne -> <Anonymous>\nIn addition: Warning message:\nIn nlminb(model$par, model$fn, model$gr) : NA/NaN function evaluation\nExecution halted"
    },
    "6": {
      "status": "ERROR",
      "message": "R script failed with return code 1",
      "stdout": "g++ -std=gnu++17 -I\"/usr/share/R/include\" -DNDEBUG -I\"/home/spi085/R/x86_64-pc-linux-gnu-library/4.4/TMB/include\" -I\"/home/spi085/R/x86_64-pc-linux-gnu-library/4.4/RcppEigen/include\"   -DTMB_EIGEN_DISABLE_WARNINGS   -DTMB_LIB_INIT=R_init_model  -DCPPAD_FRAMEWORK      -fpic  -O2  -c POPULATIONS/POPULATION_0013/INDIVIDUAL_D5M2LJ26/model.cpp -o POPULATIONS/POPULATION_0013/INDIVIDUAL_D5M2LJ26/model.o\ng++ -std=gnu++17 -shared -L/usr/lib/R/lib -Wl,-Bsymbolic-functions -flto=auto -ffat-lto-objects -Wl,-z,relro -o POPULATIONS/POPULATION_0013/INDIVIDUAL_D5M2LJ26/model.so POPULATIONS/POPULATION_0013/INDIVIDUAL_D5M2LJ26/model.o -L/usr/lib/R/lib -lR\nStarting model phases\nNumber of phases: 3 \nPhase 1 \nInitial parameter values for phase 1 :\n           log_r_cots logit_thresh_outbreak        log_sigma_cots \n                   NA                    NA                    NA \n       log_sigma_fast        log_sigma_slow \n                   NA                    NA \nError in model phases: NA/NaN gradient evaluation",
      "stderr": "Loading required package: TMB\nLoading required package: jsonlite\nhere() starts at /home/spi085/Documents/_Projects/SCCP-QuantModelling\nusing C++ compiler: \u2018g++ (Ubuntu 13.3.0-6ubuntu2~24.04) 13.3.0\u2019\nError in value[[3L]](cond) : \n  Error in model phases: NA/NaN gradient evaluation\nCalls: tryCatch -> tryCatchList -> tryCatchOne -> <Anonymous>\nIn addition: Warning message:\nIn nlminb(model$par, model$fn, model$gr) : NA/NaN function evaluation\nExecution halted"
    },
    "7": {
      "status": "BROKEN"
    }
  }
}