{
  "iterations": {
    "1": {
      "status": "ERROR",
      "message": "R script failed with return code 1",
      "stdout": "g++ -std=gnu++17 -I\"/usr/share/R/include\" -DNDEBUG -I\"/home/spi085/R/x86_64-pc-linux-gnu-library/4.4/TMB/include\" -I\"/home/spi085/R/x86_64-pc-linux-gnu-library/4.4/RcppEigen/include\"   -DTMB_EIGEN_DISABLE_WARNINGS   -DTMB_LIB_INIT=R_init_model  -DCPPAD_FRAMEWORK      -fpic  -O2  -c POPULATIONS/POPULATION_0010/INDIVIDUAL_AAE7Y2CS/model.cpp -o POPULATIONS/POPULATION_0010/INDIVIDUAL_AAE7Y2CS/model.o\ng++ -std=gnu++17 -shared -L/usr/lib/R/lib -Wl,-Bsymbolic-functions -flto=auto -ffat-lto-objects -Wl,-z,relro -o POPULATIONS/POPULATION_0010/INDIVIDUAL_AAE7Y2CS/model.so POPULATIONS/POPULATION_0010/INDIVIDUAL_AAE7Y2CS/model.o -L/usr/lib/R/lib -lR\nStarting model phases\nNumber of phases: 3 \nPhase 1 \nInitial parameter values for phase 1 :\n    log_r_cots    log_eps_imm log_sigma_cots log_sigma_fast log_sigma_slow \n          -0.5           -2.0           -1.0           -1.0           -1.0 \n log_init_cots  log_init_fast  log_init_slow \n          -1.0            2.0            2.5 \nFinal parameter values for phase 1 :\n    log_r_cots    log_eps_imm log_sigma_cots log_sigma_fast log_sigma_slow \n          -0.5           -2.0           -1.0           -1.0           -1.0 \n log_init_cots  log_init_fast  log_init_slow \n          -1.0            2.0            2.5 \nConvergence message: both X-convergence and relative convergence (5) \nNumber of iterations: 1 \nObjective function value: 0 \nGradient at solution for phase 1 :\n     [,1] [,2] [,3] [,4] [,5] [,6] [,7] [,8]\n[1,]    0    0    0    0    0    0    0    0\nPhase 2 \nInitial parameter values for phase 2 :\n    log_K_cots log_alpha_fast log_alpha_slow     log_r_fast     log_r_slow \n          0.00          -2.00          -3.00           0.50           0.10 \n    log_m_cots       beta_sst \n         -1.00           0.05 \nFinal parameter values for phase 2 :\n    log_K_cots log_alpha_fast log_alpha_slow     log_r_fast     log_r_slow \n          0.00          -2.00          -3.00           0.50           0.10 \n    log_m_cots       beta_sst \n         -1.00           0.05 \nConvergence message: both X-convergence and relative convergence (5) \nNumber of iterations: 1 \nObjective function value: 0 \nGradient at solution for phase 2 :\n     [,1] [,2] [,3] [,4] [,5] [,6] [,7]\n[1,]    0    0    0    0    0    0    0\nPhase 3 \nInitial parameter values for phase 3 :\nlog_h_fast log_h_slow log_K_fast log_K_slow \n       2.0        2.0        3.5        3.5 \nFinal parameter values for phase 3 :\nlog_h_fast log_h_slow log_K_fast log_K_slow \n       2.0        2.0        3.5        3.5 \nConvergence message: both X-convergence and relative convergence (5) \nNumber of iterations: 1 \nObjective function value: 0 \nGradient at solution for phase 3 :\n     [,1] [,2] [,3] [,4]\n[1,]    0    0    0    0\nFinal Phase\nInitial parameter values for final phase:\n    log_r_cots     log_K_cots log_alpha_fast log_alpha_slow     log_h_fast \n         -0.50           0.00          -2.00          -3.00           2.00 \n    log_h_slow     log_r_fast     log_r_slow     log_K_fast     log_K_slow \n          2.00           0.50           0.10           3.50           3.50 \n    log_m_cots    log_eps_imm       beta_sst log_sigma_cots log_sigma_fast \n         -1.00          -2.00           0.05          -1.00          -1.00 \nlog_sigma_slow  log_init_cots  log_init_fast  log_init_slow \n         -1.00          -1.00           2.00           2.50 \nFinal parameter values for final phase:\n    log_r_cots     log_K_cots log_alpha_fast log_alpha_slow     log_h_fast \n         -0.50           0.00          -2.00          -3.00           2.00 \n    log_h_slow     log_r_fast     log_r_slow     log_K_fast     log_K_slow \n          2.00           0.50           0.10           3.50           3.50 \n    log_m_cots    log_eps_imm       beta_sst log_sigma_cots log_sigma_fast \n         -1.00          -2.00           0.05          -1.00          -1.00 \nlog_sigma_slow  log_init_cots  log_init_fast  log_init_slow \n         -1.00          -1.00           2.00           2.50 \nConvergence message: both X-convergence and relative convergence (5) \nNumber of iterations: 1 \nObjective function value: 0 \nGradient at solution for final phase:\n     [,1] [,2] [,3] [,4] [,5] [,6] [,7] [,8] [,9] [,10] [,11] [,12] [,13] [,14]\n[1,]    0    0    0    0    0    0    0    0    0     0     0     0     0     0\n     [,15] [,16] [,17] [,18] [,19]\n[1,]     0     0     0     0     0\nAll phases completed\n\nRunning model validation...\nNo test data available (train_test_split >= 1.0)\nNULL",
      "stderr": "Loading required package: TMB\nLoading required package: jsonlite\nhere() starts at /home/spi085/Documents/_Projects/SCCP-QuantModelling\nusing C++ compiler: \u2018g++ (Ubuntu 13.3.0-6ubuntu2~24.04) 13.3.0\u2019\nError in data.frame(time_series_data[time_col], Modeled = report[[output_var]],  : \n  arguments imply differing number of rows: 26, 0\nExecution halted"
    },
    "2": {
      "status": "ERROR",
      "message": "R script failed with return code 139",
      "stdout": "g++ -std=gnu++17 -I\"/usr/share/R/include\" -DNDEBUG -I\"/home/spi085/R/x86_64-pc-linux-gnu-library/4.4/TMB/include\" -I\"/home/spi085/R/x86_64-pc-linux-gnu-library/4.4/RcppEigen/include\"   -DTMB_EIGEN_DISABLE_WARNINGS   -DTMB_LIB_INIT=R_init_model  -DCPPAD_FRAMEWORK      -fpic  -O2  -c POPULATIONS/POPULATION_0010/INDIVIDUAL_AAE7Y2CS/model.cpp -o POPULATIONS/POPULATION_0010/INDIVIDUAL_AAE7Y2CS/model.o\ng++ -std=gnu++17 -shared -L/usr/lib/R/lib -Wl,-Bsymbolic-functions -flto=auto -ffat-lto-objects -Wl,-z,relro -o POPULATIONS/POPULATION_0010/INDIVIDUAL_AAE7Y2CS/model.so POPULATIONS/POPULATION_0010/INDIVIDUAL_AAE7Y2CS/model.o -L/usr/lib/R/lib -lR\nStarting model phases\nNumber of phases: 3 \nPhase 1",
      "stderr": "Loading required package: TMB\nLoading required package: jsonlite\nhere() starts at /home/spi085/Documents/_Projects/SCCP-QuantModelling\nusing C++ compiler: \u2018g++ (Ubuntu 13.3.0-6ubuntu2~24.04) 13.3.0\u2019\n\n *** caught segfault ***\naddress (nil), cause 'memory not mapped'\n\nTraceback:\n 1: getParameterOrder(data, parameters, new.env(), DLL = DLL)\n 2: MakeADFun(data_in, parameters, DLL = \"model\", silent = TRUE,     map = map)\n 3: doTryCatch(return(expr), name, parentenv, handler)\n 4: tryCatchOne(expr, names, parentenv, handlers[[1L]])\n 5: tryCatchList(expr, classes, parentenv, handlers)\n 6: tryCatch({    for (m in seq(1, n_phases)) {        cat(\"Phase\", m, \"\\n\")        to_fit <- params[params$priority == m & !is.na(params$priority) &             params$import_type == \"PARAMETER\", ]$parameter        map <- generate_map(to_fit)        if (exists(\"model\")) {            parameters <- model$env$parList(fit$par)        }        model <- MakeADFun(data_in, parameters, DLL = \"model\",             silent = TRUE, map = map)        if (is.null(model)) {            stop(\"Failed to create model\")        }        cat(\"Initial parameter values for phase\", m, \":\\n\")        print(model$par)        fit <- nlminb(model$par, model$fn, model$gr)        if (is.null(fit)) {            stop(\"Failed to fit model\")        }        cat(\"Final parameter values for phase\", m, \":\\n\")        print(fit$par)        cat(\"Convergence message:\", fit$message, \"\\n\")        cat(\"Number of iterations:\", fit$iterations, \"\\n\")        cat(\"Objective function value:\", fit$objective, \"\\n\")        if (any(is.nan(fit$par)) || any(is.infinite(fit$par))) {            cat(\"WARNING: NaN or Inf values detected in parameters at phase\",                 m, \"\\n\")        }        cat(\"Gradient at solution for phase\", m, \":\\n\")        grad <- model$gr(fit$par)        print(grad)        if (any(is.nan(grad)) || any(is.infinite(grad))) {            cat(\"WARNING: NaN or Inf values detected in gradient at phase\",                 m, \"\\n\")        }        best <- model$env$last.par.best        model$report()    }    cat(\"Final Phase\\n\")    to_fit <- params[!is.na(params$priority) & params$import_type ==         \"PARAMETER\", ]$parameter    map <- generate_map(to_fit)    parameters <- model$env$parList(fit$par)    model <- MakeADFun(data_in, parameters, DLL = \"model\", silent = TRUE,         map = map)    cat(\"Initial parameter values for final phase:\\n\")    print(model$par)    fit <- nlminb(model$par, model$fn, model$gr)    cat(\"Final parameter values for final phase:\\n\")    print(fit$par)    cat(\"Convergence message:\", fit$message, \"\\n\")    cat(\"Number of iterations:\", fit$iterations, \"\\n\")    cat(\"Objective function value:\", fit$objective, \"\\n\")    if (any(is.nan(fit$par)) || any(is.infinite(fit$par))) {        cat(\"WARNING: NaN or Inf values detected in parameters at final phase\\n\")    }    cat(\"Gradient at solution for final phase:\\n\")    grad <- model$gr(fit$par)    print(grad)    if (any(is.nan(grad)) || any(is.infinite(grad))) {        cat(\"WARNING: NaN or Inf values detected in gradient at final phase\\n\")    }    best <- model$env$last.par.best}, error = function(e) {    error_message <- paste(\"Error in model phases:\", conditionMessage(e))    cat(error_message, \"\\n\")    stop(error_message)})\nAn irrecoverable exception occurred. R is aborting now ...\nSegmentation fault (core dumped)"
    },
    "3": {
      "status": "ERROR",
      "message": "Model failed to compile.",
      "stdout": "g++ -std=gnu++17 -I\"/usr/share/R/include\" -DNDEBUG -I\"/home/spi085/R/x86_64-pc-linux-gnu-library/4.4/TMB/include\" -I\"/home/spi085/R/x86_64-pc-linux-gnu-library/4.4/RcppEigen/include\"   -DTMB_EIGEN_DISABLE_WARNINGS   -DTMB_LIB_INIT=R_init_model  -DCPPAD_FRAMEWORK      -fpic  -O2  -c POPULATIONS/POPULATION_0010/INDIVIDUAL_AAE7Y2CS/model.cpp -o POPULATIONS/POPULATION_0010/INDIVIDUAL_AAE7Y2CS/model.o",
      "stderr": "Loading required package: TMB\nLoading required package: jsonlite\nhere() starts at /home/spi085/Documents/_Projects/SCCP-QuantModelling\nusing C++ compiler: \u2018g++ (Ubuntu 13.3.0-6ubuntu2~24.04) 13.3.0\u2019\nPOPULATIONS/POPULATION_0010/INDIVIDUAL_AAE7Y2CS/model.cpp: In instantiation of \u2018Type objective_function<Type>::operator()() [with Type = CppAD::AD<double>]\u2019:\n/home/spi085/R/x86_64-pc-linux-gnu-library/4.4/TMB/include/tmb_core.hpp:1312:6:   required from here\nPOPULATIONS/POPULATION_0010/INDIVIDUAL_AAE7Y2CS/model.cpp:78:58: error: \u2018quiet_NaN\u2019 is not a member of \u2018CppAD::numeric_limits<CppAD::AD<double> >\u2019\n   78 |     cots_pred(t) = CppAD::numeric_limits<Type>::quiet_NaN();\n      |                    ~~~~~~~~~~~~~~~~~~~~~~~~~~~~~~~~~~~~~~^~\nPOPULATIONS/POPULATION_0010/INDIVIDUAL_AAE7Y2CS/model.cpp:79:58: error: \u2018quiet_NaN\u2019 is not a member of \u2018CppAD::numeric_limits<CppAD::AD<double> >\u2019\n   79 |     fast_pred(t) = CppAD::numeric_limits<Type>::quiet_NaN();\n      |                    ~~~~~~~~~~~~~~~~~~~~~~~~~~~~~~~~~~~~~~^~\nPOPULATIONS/POPULATION_0010/INDIVIDUAL_AAE7Y2CS/model.cpp:80:58: error: \u2018quiet_NaN\u2019 is not a member of \u2018CppAD::numeric_limits<CppAD::AD<double> >\u2019\n   80 |     slow_pred(t) = CppAD::numeric_limits<Type>::quiet_NaN();\n      |                    ~~~~~~~~~~~~~~~~~~~~~~~~~~~~~~~~~~~~~~^~\nPOPULATIONS/POPULATION_0010/INDIVIDUAL_AAE7Y2CS/model.cpp: In instantiation of \u2018Type objective_function<Type>::operator()() [with Type = double]\u2019:\n/home/spi085/R/x86_64-pc-linux-gnu-library/4.4/TMB/include/tmb_core.hpp:2035:7:   required from here\nPOPULATIONS/POPULATION_0010/INDIVIDUAL_AAE7Y2CS/model.cpp:78:58: error: \u2018quiet_NaN\u2019 is not a member of \u2018CppAD::numeric_limits<double>\u2019\n   78 |     cots_pred(t) = CppAD::numeric_limits<Type>::quiet_NaN();\n      |                    ~~~~~~~~~~~~~~~~~~~~~~~~~~~~~~~~~~~~~~^~\nPOPULATIONS/POPULATION_0010/INDIVIDUAL_AAE7Y2CS/model.cpp:79:58: error: \u2018quiet_NaN\u2019 is not a member of \u2018CppAD::numeric_limits<double>\u2019\n   79 |     fast_pred(t) = CppAD::numeric_limits<Type>::quiet_NaN();\n      |                    ~~~~~~~~~~~~~~~~~~~~~~~~~~~~~~~~~~~~~~^~\nPOPULATIONS/POPULATION_0010/INDIVIDUAL_AAE7Y2CS/model.cpp:80:58: error: \u2018quiet_NaN\u2019 is not a member of \u2018CppAD::numeric_limits<double>\u2019\n   80 |     slow_pred(t) = CppAD::numeric_limits<Type>::quiet_NaN();\n      |                    ~~~~~~~~~~~~~~~~~~~~~~~~~~~~~~~~~~~~~~^~\nPOPULATIONS/POPULATION_0010/INDIVIDUAL_AAE7Y2CS/model.cpp: In instantiation of \u2018Type objective_function<Type>::operator()() [with Type = CppAD::AD<CppAD::AD<double> >]\u2019:\n/home/spi085/R/x86_64-pc-linux-gnu-library/4.4/TMB/include/tmb_core.hpp:917:29:   required from \u2018Type objective_function<Type>::evalUserTemplate() [with Type = CppAD::AD<CppAD::AD<double> >]\u2019\n/home/spi085/R/x86_64-pc-linux-gnu-library/4.4/TMB/include/tmb_core.hpp:2116:26:   required from here\nPOPULATIONS/POPULATION_0010/INDIVIDUAL_AAE7Y2CS/model.cpp:78:58: error: \u2018quiet_NaN\u2019 is not a member of \u2018CppAD::numeric_limits<CppAD::AD<CppAD::AD<double> > >\u2019\n   78 |     cots_pred(t) = CppAD::numeric_limits<Type>::quiet_NaN();\n      |                    ~~~~~~~~~~~~~~~~~~~~~~~~~~~~~~~~~~~~~~^~\nPOPULATIONS/POPULATION_0010/INDIVIDUAL_AAE7Y2CS/model.cpp:79:58: error: \u2018quiet_NaN\u2019 is not a member of \u2018CppAD::numeric_limits<CppAD::AD<CppAD::AD<double> > >\u2019\n   79 |     fast_pred(t) = CppAD::numeric_limits<Type>::quiet_NaN();\n      |                    ~~~~~~~~~~~~~~~~~~~~~~~~~~~~~~~~~~~~~~^~\nPOPULATIONS/POPULATION_0010/INDIVIDUAL_AAE7Y2CS/model.cpp:80:58: error: \u2018quiet_NaN\u2019 is not a member of \u2018CppAD::numeric_limits<CppAD::AD<CppAD::AD<double> > >\u2019\n   80 |     slow_pred(t) = CppAD::numeric_limits<Type>::quiet_NaN();\n      |                    ~~~~~~~~~~~~~~~~~~~~~~~~~~~~~~~~~~~~~~^~\nPOPULATIONS/POPULATION_0010/INDIVIDUAL_AAE7Y2CS/model.cpp: In instantiation of \u2018Type objective_function<Type>::operator()() [with Type = CppAD::AD<CppAD::AD<CppAD::AD<double> > >]\u2019:\n/home/spi085/R/x86_64-pc-linux-gnu-library/4.4/TMB/include/tmb_core.hpp:917:29:   required from \u2018Type objective_function<Type>::evalUserTemplate() [with Type = CppAD::AD<CppAD::AD<CppAD::AD<double> > >]\u2019\n/home/spi085/R/x86_64-pc-linux-gnu-library/4.4/TMB/include/tmb_core.hpp:2365:28:   required from here\nPOPULATIONS/POPULATION_0010/INDIVIDUAL_AAE7Y2CS/model.cpp:78:58: error: \u2018quiet_NaN\u2019 is not a member of \u2018CppAD::numeric_limits<CppAD::AD<CppAD::AD<CppAD::AD<double> > > >\u2019\n   78 |     cots_pred(t) = CppAD::numeric_limits<Type>::quiet_NaN();\n      |                    ~~~~~~~~~~~~~~~~~~~~~~~~~~~~~~~~~~~~~~^~\nPOPULATIONS/POPULATION_0010/INDIVIDUAL_AAE7Y2CS/model.cpp:79:58: error: \u2018quiet_NaN\u2019 is not a member of \u2018CppAD::numeric_limits<CppAD::AD<CppAD::AD<CppAD::AD<double> > > >\u2019\n   79 |     fast_pred(t) = CppAD::numeric_limits<Type>::quiet_NaN();\n      |                    ~~~~~~~~~~~~~~~~~~~~~~~~~~~~~~~~~~~~~~^~\nPOPULATIONS/POPULATION_0010/INDIVIDUAL_AAE7Y2CS/model.cpp:80:58: error: \u2018quiet_NaN\u2019 is not a member of \u2018CppAD::numeric_limits<CppAD::AD<CppAD::AD<CppAD::AD<double> > > >\u2019\n   80 |     slow_pred(t) = CppAD::numeric_limits<Type>::quiet_NaN();\n      |                    ~~~~~~~~~~~~~~~~~~~~~~~~~~~~~~~~~~~~~~^~\nmake: *** [/usr/lib/R/etc/Makeconf:204: POPULATIONS/POPULATION_0010/INDIVIDUAL_AAE7Y2CS/model.o] Error 1\nError in TMB::compile(file.path(individual_dir, model_file), flags = flags,  : \n  Compilation failed\nError: Compilation failed\nExecution halted"
    },
    "4": {
      "status": "ERROR",
      "message": "R script failed with return code 139",
      "stdout": "g++ -std=gnu++17 -I\"/usr/share/R/include\" -DNDEBUG -I\"/home/spi085/R/x86_64-pc-linux-gnu-library/4.4/TMB/include\" -I\"/home/spi085/R/x86_64-pc-linux-gnu-library/4.4/RcppEigen/include\"   -DTMB_EIGEN_DISABLE_WARNINGS   -DTMB_LIB_INIT=R_init_model  -DCPPAD_FRAMEWORK      -fpic  -O2  -c POPULATIONS/POPULATION_0010/INDIVIDUAL_AAE7Y2CS/model.cpp -o POPULATIONS/POPULATION_0010/INDIVIDUAL_AAE7Y2CS/model.o\ng++ -std=gnu++17 -shared -L/usr/lib/R/lib -Wl,-Bsymbolic-functions -flto=auto -ffat-lto-objects -Wl,-z,relro -o POPULATIONS/POPULATION_0010/INDIVIDUAL_AAE7Y2CS/model.so POPULATIONS/POPULATION_0010/INDIVIDUAL_AAE7Y2CS/model.o -L/usr/lib/R/lib -lR\nStarting model phases\nNumber of phases: 3 \nPhase 1",
      "stderr": "Loading required package: TMB\nLoading required package: jsonlite\nhere() starts at /home/spi085/Documents/_Projects/SCCP-QuantModelling\nusing C++ compiler: \u2018g++ (Ubuntu 13.3.0-6ubuntu2~24.04) 13.3.0\u2019\n\n *** caught segfault ***\naddress (nil), cause 'memory not mapped'\n\nTraceback:\n 1: getParameterOrder(data, parameters, new.env(), DLL = DLL)\n 2: MakeADFun(data_in, parameters, DLL = \"model\", silent = TRUE,     map = map)\n 3: doTryCatch(return(expr), name, parentenv, handler)\n 4: tryCatchOne(expr, names, parentenv, handlers[[1L]])\n 5: tryCatchList(expr, classes, parentenv, handlers)\n 6: tryCatch({    for (m in seq(1, n_phases)) {        cat(\"Phase\", m, \"\\n\")        to_fit <- params[params$priority == m & !is.na(params$priority) &             params$import_type == \"PARAMETER\", ]$parameter        map <- generate_map(to_fit)        if (exists(\"model\")) {            parameters <- model$env$parList(fit$par)        }        model <- MakeADFun(data_in, parameters, DLL = \"model\",             silent = TRUE, map = map)        if (is.null(model)) {            stop(\"Failed to create model\")        }        cat(\"Initial parameter values for phase\", m, \":\\n\")        print(model$par)        fit <- nlminb(model$par, model$fn, model$gr)        if (is.null(fit)) {            stop(\"Failed to fit model\")        }        cat(\"Final parameter values for phase\", m, \":\\n\")        print(fit$par)        cat(\"Convergence message:\", fit$message, \"\\n\")        cat(\"Number of iterations:\", fit$iterations, \"\\n\")        cat(\"Objective function value:\", fit$objective, \"\\n\")        if (any(is.nan(fit$par)) || any(is.infinite(fit$par))) {            cat(\"WARNING: NaN or Inf values detected in parameters at phase\",                 m, \"\\n\")        }        cat(\"Gradient at solution for phase\", m, \":\\n\")        grad <- model$gr(fit$par)        print(grad)        if (any(is.nan(grad)) || any(is.infinite(grad))) {            cat(\"WARNING: NaN or Inf values detected in gradient at phase\",                 m, \"\\n\")        }        best <- model$env$last.par.best        model$report()    }    cat(\"Final Phase\\n\")    to_fit <- params[!is.na(params$priority) & params$import_type ==         \"PARAMETER\", ]$parameter    map <- generate_map(to_fit)    parameters <- model$env$parList(fit$par)    model <- MakeADFun(data_in, parameters, DLL = \"model\", silent = TRUE,         map = map)    cat(\"Initial parameter values for final phase:\\n\")    print(model$par)    fit <- nlminb(model$par, model$fn, model$gr)    cat(\"Final parameter values for final phase:\\n\")    print(fit$par)    cat(\"Convergence message:\", fit$message, \"\\n\")    cat(\"Number of iterations:\", fit$iterations, \"\\n\")    cat(\"Objective function value:\", fit$objective, \"\\n\")    if (any(is.nan(fit$par)) || any(is.infinite(fit$par))) {        cat(\"WARNING: NaN or Inf values detected in parameters at final phase\\n\")    }    cat(\"Gradient at solution for final phase:\\n\")    grad <- model$gr(fit$par)    print(grad)    if (any(is.nan(grad)) || any(is.infinite(grad))) {        cat(\"WARNING: NaN or Inf values detected in gradient at final phase\\n\")    }    best <- model$env$last.par.best}, error = function(e) {    error_message <- paste(\"Error in model phases:\", conditionMessage(e))    cat(error_message, \"\\n\")    stop(error_message)})\nAn irrecoverable exception occurred. R is aborting now ...\nSegmentation fault (core dumped)"
    },
    "5": {
      "status": "ERROR",
      "message": "R script failed with return code 139",
      "stdout": "g++ -std=gnu++17 -I\"/usr/share/R/include\" -DNDEBUG -I\"/home/spi085/R/x86_64-pc-linux-gnu-library/4.4/TMB/include\" -I\"/home/spi085/R/x86_64-pc-linux-gnu-library/4.4/RcppEigen/include\"   -DTMB_EIGEN_DISABLE_WARNINGS   -DTMB_LIB_INIT=R_init_model  -DCPPAD_FRAMEWORK      -fpic  -O2  -c POPULATIONS/POPULATION_0010/INDIVIDUAL_AAE7Y2CS/model.cpp -o POPULATIONS/POPULATION_0010/INDIVIDUAL_AAE7Y2CS/model.o\ng++ -std=gnu++17 -shared -L/usr/lib/R/lib -Wl,-Bsymbolic-functions -flto=auto -ffat-lto-objects -Wl,-z,relro -o POPULATIONS/POPULATION_0010/INDIVIDUAL_AAE7Y2CS/model.so POPULATIONS/POPULATION_0010/INDIVIDUAL_AAE7Y2CS/model.o -L/usr/lib/R/lib -lR\nStarting model phases\nNumber of phases: 3 \nPhase 1",
      "stderr": "Loading required package: TMB\nLoading required package: jsonlite\nhere() starts at /home/spi085/Documents/_Projects/SCCP-QuantModelling\nusing C++ compiler: \u2018g++ (Ubuntu 13.3.0-6ubuntu2~24.04) 13.3.0\u2019\n\n *** caught segfault ***\naddress (nil), cause 'memory not mapped'\n\nTraceback:\n 1: getParameterOrder(data, parameters, new.env(), DLL = DLL)\n 2: MakeADFun(data_in, parameters, DLL = \"model\", silent = TRUE,     map = map)\n 3: doTryCatch(return(expr), name, parentenv, handler)\n 4: tryCatchOne(expr, names, parentenv, handlers[[1L]])\n 5: tryCatchList(expr, classes, parentenv, handlers)\n 6: tryCatch({    for (m in seq(1, n_phases)) {        cat(\"Phase\", m, \"\\n\")        to_fit <- params[params$priority == m & !is.na(params$priority) &             params$import_type == \"PARAMETER\", ]$parameter        map <- generate_map(to_fit)        if (exists(\"model\")) {            parameters <- model$env$parList(fit$par)        }        model <- MakeADFun(data_in, parameters, DLL = \"model\",             silent = TRUE, map = map)        if (is.null(model)) {            stop(\"Failed to create model\")        }        cat(\"Initial parameter values for phase\", m, \":\\n\")        print(model$par)        fit <- nlminb(model$par, model$fn, model$gr)        if (is.null(fit)) {            stop(\"Failed to fit model\")        }        cat(\"Final parameter values for phase\", m, \":\\n\")        print(fit$par)        cat(\"Convergence message:\", fit$message, \"\\n\")        cat(\"Number of iterations:\", fit$iterations, \"\\n\")        cat(\"Objective function value:\", fit$objective, \"\\n\")        if (any(is.nan(fit$par)) || any(is.infinite(fit$par))) {            cat(\"WARNING: NaN or Inf values detected in parameters at phase\",                 m, \"\\n\")        }        cat(\"Gradient at solution for phase\", m, \":\\n\")        grad <- model$gr(fit$par)        print(grad)        if (any(is.nan(grad)) || any(is.infinite(grad))) {            cat(\"WARNING: NaN or Inf values detected in gradient at phase\",                 m, \"\\n\")        }        best <- model$env$last.par.best        model$report()    }    cat(\"Final Phase\\n\")    to_fit <- params[!is.na(params$priority) & params$import_type ==         \"PARAMETER\", ]$parameter    map <- generate_map(to_fit)    parameters <- model$env$parList(fit$par)    model <- MakeADFun(data_in, parameters, DLL = \"model\", silent = TRUE,         map = map)    cat(\"Initial parameter values for final phase:\\n\")    print(model$par)    fit <- nlminb(model$par, model$fn, model$gr)    cat(\"Final parameter values for final phase:\\n\")    print(fit$par)    cat(\"Convergence message:\", fit$message, \"\\n\")    cat(\"Number of iterations:\", fit$iterations, \"\\n\")    cat(\"Objective function value:\", fit$objective, \"\\n\")    if (any(is.nan(fit$par)) || any(is.infinite(fit$par))) {        cat(\"WARNING: NaN or Inf values detected in parameters at final phase\\n\")    }    cat(\"Gradient at solution for final phase:\\n\")    grad <- model$gr(fit$par)    print(grad)    if (any(is.nan(grad)) || any(is.infinite(grad))) {        cat(\"WARNING: NaN or Inf values detected in gradient at final phase\\n\")    }    best <- model$env$last.par.best}, error = function(e) {    error_message <- paste(\"Error in model phases:\", conditionMessage(e))    cat(error_message, \"\\n\")    stop(error_message)})\nAn irrecoverable exception occurred. R is aborting now ...\nSegmentation fault (core dumped)"
    },
    "6": {
      "status": "ERROR",
      "message": "Model failed to compile.",
      "stdout": "g++ -std=gnu++17 -I\"/usr/share/R/include\" -DNDEBUG -I\"/home/spi085/R/x86_64-pc-linux-gnu-library/4.4/TMB/include\" -I\"/home/spi085/R/x86_64-pc-linux-gnu-library/4.4/RcppEigen/include\"   -DTMB_EIGEN_DISABLE_WARNINGS   -DTMB_LIB_INIT=R_init_model  -DCPPAD_FRAMEWORK      -fpic  -O2  -c POPULATIONS/POPULATION_0010/INDIVIDUAL_AAE7Y2CS/model.cpp -o POPULATIONS/POPULATION_0010/INDIVIDUAL_AAE7Y2CS/model.o",
      "stderr": "Loading required package: TMB\nLoading required package: jsonlite\nhere() starts at /home/spi085/Documents/_Projects/SCCP-QuantModelling\nusing C++ compiler: \u2018g++ (Ubuntu 13.3.0-6ubuntu2~24.04) 13.3.0\u2019\nPOPULATIONS/POPULATION_0010/INDIVIDUAL_AAE7Y2CS/model.cpp: In instantiation of \u2018Type objective_function<Type>::operator()() [with Type = double]\u2019:\n/home/spi085/R/x86_64-pc-linux-gnu-library/4.4/TMB/include/tmb_core.hpp:2035:7:   required from here\nPOPULATIONS/POPULATION_0010/INDIVIDUAL_AAE7Y2CS/model.cpp:89:21: error: no matching function for call to \u2018Value(double&)\u2019\n   89 |     if (CppAD::Value(cots_next) <= eps) cots_next = eps; // prevent negative/zero\n      |         ~~~~~~~~~~~~^~~~~~~~~~~\nIn file included from /home/spi085/R/x86_64-pc-linux-gnu-library/4.4/TMB/include/cppad/local/convert.hpp:45,\n                 from /home/spi085/R/x86_64-pc-linux-gnu-library/4.4/TMB/include/cppad/local/user_ad.hpp:68,\n                 from /home/spi085/R/x86_64-pc-linux-gnu-library/4.4/TMB/include/cppad/cppad.hpp:82,\n                 from /home/spi085/R/x86_64-pc-linux-gnu-library/4.4/TMB/include/TMB.hpp:125,\n                 from POPULATIONS/POPULATION_0010/INDIVIDUAL_AAE7Y2CS/model.cpp:1:\n/home/spi085/R/x86_64-pc-linux-gnu-library/4.4/TMB/include/cppad/local/value.hpp:83:6: note: candidate: \u2018template<class Base> Base CppAD::Value(const AD<Base>&)\u2019\n   83 | Base Value(const AD<Base> &x)\n      |      ^~~~~\n/home/spi085/R/x86_64-pc-linux-gnu-library/4.4/TMB/include/cppad/local/value.hpp:83:6: note:   template argument deduction/substitution failed:\nPOPULATIONS/POPULATION_0010/INDIVIDUAL_AAE7Y2CS/model.cpp:89:21: note:   mismatched types \u2018const CppAD::AD<Base>\u2019 and \u2018double\u2019\n   89 |     if (CppAD::Value(cots_next) <= eps) cots_next = eps; // prevent negative/zero\n      |         ~~~~~~~~~~~~^~~~~~~~~~~\nPOPULATIONS/POPULATION_0010/INDIVIDUAL_AAE7Y2CS/model.cpp:99:21: error: no matching function for call to \u2018Value(double&)\u2019\n   99 |     if (CppAD::Value(fast_next) <= eps) fast_next = eps; // prevent negative/zero\n      |         ~~~~~~~~~~~~^~~~~~~~~~~\n/home/spi085/R/x86_64-pc-linux-gnu-library/4.4/TMB/include/cppad/local/value.hpp:83:6: note: candidate: \u2018template<class Base> Base CppAD::Value(const AD<Base>&)\u2019\n   83 | Base Value(const AD<Base> &x)\n      |      ^~~~~\n/home/spi085/R/x86_64-pc-linux-gnu-library/4.4/TMB/include/cppad/local/value.hpp:83:6: note:   template argument deduction/substitution failed:\nPOPULATIONS/POPULATION_0010/INDIVIDUAL_AAE7Y2CS/model.cpp:99:21: note:   mismatched types \u2018const CppAD::AD<Base>\u2019 and \u2018double\u2019\n   99 |     if (CppAD::Value(fast_next) <= eps) fast_next = eps; // prevent negative/zero\n      |         ~~~~~~~~~~~~^~~~~~~~~~~\nPOPULATIONS/POPULATION_0010/INDIVIDUAL_AAE7Y2CS/model.cpp:100:21: error: no matching function for call to \u2018Value(double&)\u2019\n  100 |     if (CppAD::Value(slow_next) <= eps) slow_next = eps; // prevent negative/zero\n      |         ~~~~~~~~~~~~^~~~~~~~~~~\n/home/spi085/R/x86_64-pc-linux-gnu-library/4.4/TMB/include/cppad/local/value.hpp:83:6: note: candidate: \u2018template<class Base> Base CppAD::Value(const AD<Base>&)\u2019\n   83 | Base Value(const AD<Base> &x)\n      |      ^~~~~\n/home/spi085/R/x86_64-pc-linux-gnu-library/4.4/TMB/include/cppad/local/value.hpp:83:6: note:   template argument deduction/substitution failed:\nPOPULATIONS/POPULATION_0010/INDIVIDUAL_AAE7Y2CS/model.cpp:100:21: note:   mismatched types \u2018const CppAD::AD<Base>\u2019 and \u2018double\u2019\n  100 |     if (CppAD::Value(slow_next) <= eps) slow_next = eps; // prevent negative/zero\n      |         ~~~~~~~~~~~~^~~~~~~~~~~\nmake: *** [/usr/lib/R/etc/Makeconf:204: POPULATIONS/POPULATION_0010/INDIVIDUAL_AAE7Y2CS/model.o] Error 1\nError in TMB::compile(file.path(individual_dir, model_file), flags = flags,  : \n  Compilation failed\nError: Compilation failed\nExecution halted"
    },
    "7": {
      "status": "BROKEN"
    }
  }
}