{
  "iterations": {
    "1": {
      "status": "ERROR",
      "message": "Model failed to compile.",
      "stdout": "g++ -std=gnu++17  -I\"C:/Users/spi085/AppData/Local/Programs/R/R-4.4.1/include\" -DNDEBUG -I\"C:/Users/spi085/AppData/Local/Programs/R/R-44~1.1/library/TMB/include\" -I\"C:/Users/spi085/AppData/Local/Programs/R/R-44~1.1/library/RCPPEI~1/include\"   -DTMB_EIGEN_DISABLE_WARNINGS   -DTMB_LIB_INIT=R_init_model  -DCPPAD_FRAMEWORK    -I\"C:/rtools44/x86_64-w64-mingw32.static.posix/include\"     -O2 -Wa,-mbig-obj -c POPULATIONS//POPULATION_0010//INDIVIDUAL_LQ1FR90F/model.cpp -o POPULATIONS//POPULATION_0010//INDIVIDUAL_LQ1FR90F/model.o",
      "stderr": "Loading required package: TMB\nLoading required package: jsonlite\nhere() starts at C:/Users/spi085/OneDrive - CSIRO/Documents/_Projects/SCCP-QuantModelling\nusing C++ compiler: 'G__~1.EXE (GCC) 13.2.0'\nPOPULATIONS//POPULATION_0010//INDIVIDUAL_LQ1FR90F/model.cpp: In member function 'Type objective_function<Type>::operator()()':\nPOPULATIONS//POPULATION_0010//INDIVIDUAL_LQ1FR90F/model.cpp:67:42: error: 'temp_effect' was not declared in this scope\n   67 |     cotsimm_pred(t) = base_immigration * temp_effect;\n      |                                          ^~~~~~~~~~~\nPOPULATIONS//POPULATION_0010//INDIVIDUAL_LQ1FR90F/model.cpp: In instantiation of 'Type objective_function<Type>::operator()() [with Type = CppAD::AD<double>]':\nC:/Users/spi085/AppData/Local/Programs/R/R-4.4.1/library/TMB/include/tmb_core.hpp:1308:6:   required from here\nPOPULATIONS//POPULATION_0010//INDIVIDUAL_LQ1FR90F/model.cpp:57:51: error: no matching function for call to 'max(CppAD::AD<double>, CppAD::AD<double>)'\n   57 |     Type temp_acute = exp(temp_mortality * pow(max(Type(0), sst_dat(t) - T_crit), 2));\n      |                                                ~~~^~~~~~~~~~~~~~~~~~~~~~~~~~~~~~\nIn file included from C:/Users/spi085/AppData/Local/Programs/R/R-4.4.1/library/TMB/include/TMB.hpp:215,\n                 from POPULATIONS//POPULATION_0010//INDIVIDUAL_LQ1FR90F/model.cpp:1:\nC:/Users/spi085/AppData/Local/Programs/R/R-4.4.1/library/TMB/include/convenience.hpp:145:6: note: candidate: 'template<class Type> Type max(const tmbutils::vector<Type>&)'\n  145 | Type max(const vector<Type> &x)\n      |      ^~~\nC:/Users/spi085/AppData/Local/Programs/R/R-4.4.1/library/TMB/include/convenience.hpp:145:6: note:   template argument deduction/substitution failed:\nPOPULATIONS//POPULATION_0010//INDIVIDUAL_LQ1FR90F/model.cpp:57:51: note:   'CppAD::AD<double>' is not derived from 'const tmbutils::vector<Type>'\n   57 |     Type temp_acute = exp(temp_mortality * pow(max(Type(0), sst_dat(t) - T_crit), 2));\n      |                                                ~~~^~~~~~~~~~~~~~~~~~~~~~~~~~~~~~\nPOPULATIONS//POPULATION_0010//INDIVIDUAL_LQ1FR90F/model.cpp: In instantiation of 'Type objective_function<Type>::operator()() [with Type = double]':\nC:/Users/spi085/AppData/Local/Programs/R/R-4.4.1/library/TMB/include/tmb_core.hpp:2031:7:   required from here\nPOPULATIONS//POPULATION_0010//INDIVIDUAL_LQ1FR90F/model.cpp:57:51: error: no matching function for call to 'max(double, Eigen::DenseCoeffsBase<Eigen::Array<double, -1, 1>, 1>::Scalar)'\nC:/Users/spi085/AppData/Local/Programs/R/R-4.4.1/library/TMB/include/convenience.hpp:145:6: note: candidate: 'template<class Type> Type max(const tmbutils::vector<Type>&)'\n  145 | Type max(const vector<Type> &x)\n      |      ^~~\nC:/Users/spi085/AppData/Local/Programs/R/R-4.4.1/library/TMB/include/convenience.hpp:145:6: note:   template argument deduction/substitution failed:\nPOPULATIONS//POPULATION_0010//INDIVIDUAL_LQ1FR90F/model.cpp:57:51: note:   mismatched types 'const tmbutils::vector<Type>' and 'double'\n   57 |     Type temp_acute = exp(temp_mortality * pow(max(Type(0), sst_dat(t) - T_crit), 2));\n      |                                                ~~~^~~~~~~~~~~~~~~~~~~~~~~~~~~~~~\nPOPULATIONS//POPULATION_0010//INDIVIDUAL_LQ1FR90F/model.cpp: In instantiation of 'Type objective_function<Type>::operator()() [with Type = CppAD::AD<CppAD::AD<double> >]':\nC:/Users/spi085/AppData/Local/Programs/R/R-4.4.1/library/TMB/include/tmb_core.hpp:913:29:   required from 'Type objective_function<Type>::evalUserTemplate() [with Type = CppAD::AD<CppAD::AD<double> >]'\nC:/Users/spi085/AppData/Local/Programs/R/R-4.4.1/library/TMB/include/tmb_core.hpp:2112:26:   required from here\nPOPULATIONS//POPULATION_0010//INDIVIDUAL_LQ1FR90F/model.cpp:57:51: error: no matching function for call to 'max(CppAD::AD<CppAD::AD<double> >, CppAD::AD<CppAD::AD<double> >)'\nC:/Users/spi085/AppData/Local/Programs/R/R-4.4.1/library/TMB/include/convenience.hpp:145:6: note: candidate: 'template<class Type> Type max(const tmbutils::vector<Type>&)'\n  145 | Type max(const vector<Type> &x)\n      |      ^~~\nC:/Users/spi085/AppData/Local/Programs/R/R-4.4.1/library/TMB/include/convenience.hpp:145:6: note:   template argument deduction/substitution failed:\nPOPULATIONS//POPULATION_0010//INDIVIDUAL_LQ1FR90F/model.cpp:57:51: note:   'CppAD::AD<CppAD::AD<double> >' is not derived from 'const tmbutils::vector<Type>'\n   57 |     Type temp_acute = exp(temp_mortality * pow(max(Type(0), sst_dat(t) - T_crit), 2));\n      |                                                ~~~^~~~~~~~~~~~~~~~~~~~~~~~~~~~~~\nPOPULATIONS//POPULATION_0010//INDIVIDUAL_LQ1FR90F/model.cpp: In instantiation of 'Type objective_function<Type>::operator()() [with Type = CppAD::AD<CppAD::AD<CppAD::AD<double> > >]':\nC:/Users/spi085/AppData/Local/Programs/R/R-4.4.1/library/TMB/include/tmb_core.hpp:913:29:   required from 'Type objective_function<Type>::evalUserTemplate() [with Type = CppAD::AD<CppAD::AD<CppAD::AD<double> > >]'\nC:/Users/spi085/AppData/Local/Programs/R/R-4.4.1/library/TMB/include/tmb_core.hpp:2361:28:   required from here\nPOPULATIONS//POPULATION_0010//INDIVIDUAL_LQ1FR90F/model.cpp:57:51: error: no matching function for call to 'max(CppAD::AD<CppAD::AD<CppAD::AD<double> > >, CppAD::AD<CppAD::AD<CppAD::AD<double> > >)'\nC:/Users/spi085/AppData/Local/Programs/R/R-4.4.1/library/TMB/include/convenience.hpp:145:6: note: candidate: 'template<class Type> Type max(const tmbutils::vector<Type>&)'\n  145 | Type max(const vector<Type> &x)\n      |      ^~~\nC:/Users/spi085/AppData/Local/Programs/R/R-4.4.1/library/TMB/include/convenience.hpp:145:6: note:   template argument deduction/substitution failed:\nPOPULATIONS//POPULATION_0010//INDIVIDUAL_LQ1FR90F/model.cpp:57:51: note:   'CppAD::AD<CppAD::AD<CppAD::AD<double> > >' is not derived from 'const tmbutils::vector<Type>'\n   57 |     Type temp_acute = exp(temp_mortality * pow(max(Type(0), sst_dat(t) - T_crit), 2));\n      |                                                ~~~^~~~~~~~~~~~~~~~~~~~~~~~~~~~~~\nmake: *** [C:/Users/spi085/AppData/Local/Programs/R/R-4.4.1/etc/x64/Makeconf:296: POPULATIONS//POPULATION_0010//INDIVIDUAL_LQ1FR90F/model.o] Error 1\nError in TMB::compile(file.path(individual_dir, model_file), flags = flags,  : \n  Compilation failed\nError: Compilation failed\nExecution halted"
    },
    "2": {
      "status": "ERROR",
      "message": "Model failed to compile.",
      "stdout": "g++ -std=gnu++17  -I\"C:/Users/spi085/AppData/Local/Programs/R/R-4.4.1/include\" -DNDEBUG -I\"C:/Users/spi085/AppData/Local/Programs/R/R-44~1.1/library/TMB/include\" -I\"C:/Users/spi085/AppData/Local/Programs/R/R-44~1.1/library/RCPPEI~1/include\"   -DTMB_EIGEN_DISABLE_WARNINGS   -DTMB_LIB_INIT=R_init_model  -DCPPAD_FRAMEWORK    -I\"C:/rtools44/x86_64-w64-mingw32.static.posix/include\"     -O2 -Wa,-mbig-obj -c POPULATIONS//POPULATION_0010//INDIVIDUAL_LQ1FR90F/model.cpp -o POPULATIONS//POPULATION_0010//INDIVIDUAL_LQ1FR90F/model.o",
      "stderr": "Loading required package: TMB\nLoading required package: jsonlite\nhere() starts at C:/Users/spi085/OneDrive - CSIRO/Documents/_Projects/SCCP-QuantModelling\nusing C++ compiler: 'G__~1.EXE (GCC) 13.2.0'\nPOPULATIONS//POPULATION_0010//INDIVIDUAL_LQ1FR90F/model.cpp: In member function 'Type objective_function<Type>::operator()()':\nPOPULATIONS//POPULATION_0010//INDIVIDUAL_LQ1FR90F/model.cpp:72:20: error: 'temp_effect' was not declared in this scope\n   72 |                    temp_effect * r_cots * cots_pred(t-1) * (1 - cots_pred(t-1)/K_cots) +\n      |                    ^~~~~~~~~~~\nmake: *** [C:/Users/spi085/AppData/Local/Programs/R/R-4.4.1/etc/x64/Makeconf:296: POPULATIONS//POPULATION_0010//INDIVIDUAL_LQ1FR90F/model.o] Error 1\nError in TMB::compile(file.path(individual_dir, model_file), flags = flags,  : \n  Compilation failed\nError: Compilation failed\nExecution halted"
    },
    "3": {
      "status": "ERROR",
      "message": "R script failed with return code 1",
      "stdout": "g++ -std=gnu++17  -I\"C:/Users/spi085/AppData/Local/Programs/R/R-4.4.1/include\" -DNDEBUG -I\"C:/Users/spi085/AppData/Local/Programs/R/R-44~1.1/library/TMB/include\" -I\"C:/Users/spi085/AppData/Local/Programs/R/R-44~1.1/library/RCPPEI~1/include\"   -DTMB_EIGEN_DISABLE_WARNINGS   -DTMB_LIB_INIT=R_init_model  -DCPPAD_FRAMEWORK    -I\"C:/rtools44/x86_64-w64-mingw32.static.posix/include\"     -O2 -Wa,-mbig-obj -c POPULATIONS//POPULATION_0010//INDIVIDUAL_LQ1FR90F/model.cpp -o POPULATIONS//POPULATION_0010//INDIVIDUAL_LQ1FR90F/model.o\ng++ -std=gnu++17 -shared -s -static-libgcc -o POPULATIONS//POPULATION_0010//INDIVIDUAL_LQ1FR90F/model.dll tmp.def POPULATIONS//POPULATION_0010//INDIVIDUAL_LQ1FR90F/model.o -LC:/rtools44/x86_64-w64-mingw32.static.posix/lib/x64 -LC:/rtools44/x86_64-w64-mingw32.static.posix/lib -LC:/Users/spi085/AppData/Local/Programs/R/R-4.4.1/bin/x64 -lR\nStarting model phases\nNumber of phases: 3 \nPhase 1 \nInitial parameter values for phase 1 :\n        r_cots         r_slow         r_fast         a_slow         a_fast \n            NA             NA             NA             NA       0.000657 \n        T_crit temp_mortality \n            NA             NA \nError in model phases: NA/NaN gradient evaluation",
      "stderr": "Loading required package: TMB\nLoading required package: jsonlite\nhere() starts at C:/Users/spi085/OneDrive - CSIRO/Documents/_Projects/SCCP-QuantModelling\nusing C++ compiler: 'G__~1.EXE (GCC) 13.2.0'\nError in value[[3L]](cond) : \n  Error in model phases: NA/NaN gradient evaluation\nCalls: tryCatch -> tryCatchList -> tryCatchOne -> <Anonymous>\nIn addition: Warning message:\nIn nlminb(model$par, model$fn, model$gr) : NA/NaN function evaluation\nExecution halted"
    },
    "4": {
      "status": "ERROR",
      "message": "Model failed to compile.",
      "stdout": "g++ -std=gnu++17  -I\"C:/Users/spi085/AppData/Local/Programs/R/R-4.4.1/include\" -DNDEBUG -I\"C:/Users/spi085/AppData/Local/Programs/R/R-44~1.1/library/TMB/include\" -I\"C:/Users/spi085/AppData/Local/Programs/R/R-44~1.1/library/RCPPEI~1/include\"   -DTMB_EIGEN_DISABLE_WARNINGS   -DTMB_LIB_INIT=R_init_model  -DCPPAD_FRAMEWORK    -I\"C:/rtools44/x86_64-w64-mingw32.static.posix/include\"     -O2 -Wa,-mbig-obj -c POPULATIONS//POPULATION_0010//INDIVIDUAL_LQ1FR90F/model.cpp -o POPULATIONS//POPULATION_0010//INDIVIDUAL_LQ1FR90F/model.o",
      "stderr": "Loading required package: TMB\nLoading required package: jsonlite\nhere() starts at C:/Users/spi085/OneDrive - CSIRO/Documents/_Projects/SCCP-QuantModelling\nusing C++ compiler: 'G__~1.EXE (GCC) 13.2.0'\nPOPULATIONS//POPULATION_0010//INDIVIDUAL_LQ1FR90F/model.cpp: In instantiation of 'Type objective_function<Type>::operator()() [with Type = CppAD::AD<double>]':\nC:/Users/spi085/AppData/Local/Programs/R/R-4.4.1/library/TMB/include/tmb_core.hpp:1308:6:   required from here\nPOPULATIONS//POPULATION_0010//INDIVIDUAL_LQ1FR90F/model.cpp:57:33: error: no matching function for call to 'min(CppAD::AD<double>, CppAD::AD<double>&)'\n   57 |     Type temp_chronic = exp(-min(Type(50), temp_sq));  // Prevent underflow\n      |                              ~~~^~~~~~~~~~~~~~~~~~~\nIn file included from C:/Users/spi085/AppData/Local/Programs/R/R-4.4.1/library/TMB/include/TMB.hpp:215,\n                 from POPULATIONS//POPULATION_0010//INDIVIDUAL_LQ1FR90F/model.cpp:1:\nC:/Users/spi085/AppData/Local/Programs/R/R-4.4.1/library/TMB/include/convenience.hpp:156:6: note: candidate: 'template<class Type> Type min(const tmbutils::vector<Type>&)'\n  156 | Type min(const vector<Type> &x)\n      |      ^~~\nC:/Users/spi085/AppData/Local/Programs/R/R-4.4.1/library/TMB/include/convenience.hpp:156:6: note:   template argument deduction/substitution failed:\nPOPULATIONS//POPULATION_0010//INDIVIDUAL_LQ1FR90F/model.cpp:57:33: note:   'CppAD::AD<double>' is not derived from 'const tmbutils::vector<Type>'\n   57 |     Type temp_chronic = exp(-min(Type(50), temp_sq));  // Prevent underflow\n      |                              ~~~^~~~~~~~~~~~~~~~~~~\nPOPULATIONS//POPULATION_0010//INDIVIDUAL_LQ1FR90F/model.cpp:60:27: error: no matching function for call to 'max(CppAD::AD<double>, CppAD::AD<double>)'\n   60 |     Type temp_excess = max(Type(0), sst_dat(t) - T_crit);\n      |                        ~~~^~~~~~~~~~~~~~~~~~~~~~~~~~~~~~\nC:/Users/spi085/AppData/Local/Programs/R/R-4.4.1/library/TMB/include/convenience.hpp:145:6: note: candidate: 'template<class Type> Type max(const tmbutils::vector<Type>&)'\n  145 | Type max(const vector<Type> &x)\n      |      ^~~\nC:/Users/spi085/AppData/Local/Programs/R/R-4.4.1/library/TMB/include/convenience.hpp:145:6: note:   template argument deduction/substitution failed:\nPOPULATIONS//POPULATION_0010//INDIVIDUAL_LQ1FR90F/model.cpp:60:27: note:   'CppAD::AD<double>' is not derived from 'const tmbutils::vector<Type>'\n   60 |     Type temp_excess = max(Type(0), sst_dat(t) - T_crit);\n      |                        ~~~^~~~~~~~~~~~~~~~~~~~~~~~~~~~~~\nPOPULATIONS//POPULATION_0010//INDIVIDUAL_LQ1FR90F/model.cpp:61:26: error: no matching function for call to 'min(CppAD::AD<double>, CppAD::AD<double>)'\n   61 |     Type temp_acute = min(Type(1), temp_mortality * temp_excess);  // Cap mortality rate\n      |                       ~~~^~~~~~~~~~~~~~~~~~~~~~~~~~~~~~~~~~~~~~~\nC:/Users/spi085/AppData/Local/Programs/R/R-4.4.1/library/TMB/include/convenience.hpp:156:6: note: candidate: 'template<class Type> Type min(const tmbutils::vector<Type>&)'\n  156 | Type min(const vector<Type> &x)\n      |      ^~~\nC:/Users/spi085/AppData/Local/Programs/R/R-4.4.1/library/TMB/include/convenience.hpp:156:6: note:   template argument deduction/substitution failed:\nPOPULATIONS//POPULATION_0010//INDIVIDUAL_LQ1FR90F/model.cpp:61:26: note:   'CppAD::AD<double>' is not derived from 'const tmbutils::vector<Type>'\n   61 |     Type temp_acute = min(Type(1), temp_mortality * temp_excess);  // Cap mortality rate\n      |                       ~~~^~~~~~~~~~~~~~~~~~~~~~~~~~~~~~~~~~~~~~~\nPOPULATIONS//POPULATION_0010//INDIVIDUAL_LQ1FR90F/model.cpp:77:23: error: no matching function for call to 'max(const CppAD::AD<double>&, Eigen::DenseCoeffsBase<Eigen::Array<CppAD::AD<double>, -1, 1, 0, -1, 1>, 1>::Scalar&)'\n   77 |     cots_pred(t) = max(eps, cots_pred(t));  // Ensure positivity\n      |                    ~~~^~~~~~~~~~~~~~~~~~~\nC:/Users/spi085/AppData/Local/Programs/R/R-4.4.1/library/TMB/include/convenience.hpp:145:6: note: candidate: 'template<class Type> Type max(const tmbutils::vector<Type>&)'\n  145 | Type max(const vector<Type> &x)\n      |      ^~~\nC:/Users/spi085/AppData/Local/Programs/R/R-4.4.1/library/TMB/include/convenience.hpp:145:6: note:   template argument deduction/substitution failed:\nPOPULATIONS//POPULATION_0010//INDIVIDUAL_LQ1FR90F/model.cpp:77:23: note:   'const CppAD::AD<double>' is not derived from 'const tmbutils::vector<Type>'\n   77 |     cots_pred(t) = max(eps, cots_pred(t));  // Ensure positivity\n      |                    ~~~^~~~~~~~~~~~~~~~~~~\nPOPULATIONS//POPULATION_0010//INDIVIDUAL_LQ1FR90F/model.cpp:84:23: error: no matching function for call to 'max(const CppAD::AD<double>&, Eigen::DenseCoeffsBase<Eigen::Array<CppAD::AD<double>, -1, 1, 0, -1, 1>, 1>::Scalar&)'\n   84 |     slow_pred(t) = max(eps, slow_pred(t));\n      |                    ~~~^~~~~~~~~~~~~~~~~~~\nC:/Users/spi085/AppData/Local/Programs/R/R-4.4.1/library/TMB/include/convenience.hpp:145:6: note: candidate: 'template<class Type> Type max(const tmbutils::vector<Type>&)'\n  145 | Type max(const vector<Type> &x)\n      |      ^~~\nC:/Users/spi085/AppData/Local/Programs/R/R-4.4.1/library/TMB/include/convenience.hpp:145:6: note:   template argument deduction/substitution failed:\nPOPULATIONS//POPULATION_0010//INDIVIDUAL_LQ1FR90F/model.cpp:84:23: note:   'const CppAD::AD<double>' is not derived from 'const tmbutils::vector<Type>'\n   84 |     slow_pred(t) = max(eps, slow_pred(t));\n      |                    ~~~^~~~~~~~~~~~~~~~~~~\nPOPULATIONS//POPULATION_0010//INDIVIDUAL_LQ1FR90F/model.cpp:90:23: error: no matching function for call to 'max(const CppAD::AD<double>&, Eigen::DenseCoeffsBase<Eigen::Array<CppAD::AD<double>, -1, 1, 0, -1, 1>, 1>::Scalar&)'\n   90 |     fast_pred(t) = max(eps, fast_pred(t));\n      |                    ~~~^~~~~~~~~~~~~~~~~~~\nC:/Users/spi085/AppData/Local/Programs/R/R-4.4.1/library/TMB/include/convenience.hpp:145:6: note: candidate: 'template<class Type> Type max(const tmbutils::vector<Type>&)'\n  145 | Type max(const vector<Type> &x)\n      |      ^~~\nC:/Users/spi085/AppData/Local/Programs/R/R-4.4.1/library/TMB/include/convenience.hpp:145:6: note:   template argument deduction/substitution failed:\nPOPULATIONS//POPULATION_0010//INDIVIDUAL_LQ1FR90F/model.cpp:90:23: note:   'const CppAD::AD<double>' is not derived from 'const tmbutils::vector<Type>'\n   90 |     fast_pred(t) = max(eps, fast_pred(t));\n      |                    ~~~^~~~~~~~~~~~~~~~~~~\nPOPULATIONS//POPULATION_0010//INDIVIDUAL_LQ1FR90F/model.cpp: In instantiation of 'Type objective_function<Type>::operator()() [with Type = double]':\nC:/Users/spi085/AppData/Local/Programs/R/R-4.4.1/library/TMB/include/tmb_core.hpp:2031:7:   required from here\nPOPULATIONS//POPULATION_0010//INDIVIDUAL_LQ1FR90F/model.cpp:57:33: error: no matching function for call to 'min(double, double&)'\n   57 |     Type temp_chronic = exp(-min(Type(50), temp_sq));  // Prevent underflow\n      |                              ~~~^~~~~~~~~~~~~~~~~~~\nC:/Users/spi085/AppData/Local/Programs/R/R-4.4.1/library/TMB/include/convenience.hpp:156:6: note: candidate: 'template<class Type> Type min(const tmbutils::vector<Type>&)'\n  156 | Type min(const vector<Type> &x)\n      |      ^~~\nC:/Users/spi085/AppData/Local/Programs/R/R-4.4.1/library/TMB/include/convenience.hpp:156:6: note:   template argument deduction/substitution failed:\nPOPULATIONS//POPULATION_0010//INDIVIDUAL_LQ1FR90F/model.cpp:57:33: note:   mismatched types 'const tmbutils::vector<Type>' and 'double'\n   57 |     Type temp_chronic = exp(-min(Type(50), temp_sq));  // Prevent underflow\n      |                              ~~~^~~~~~~~~~~~~~~~~~~\nPOPULATIONS//POPULATION_0010//INDIVIDUAL_LQ1FR90F/model.cpp:60:27: error: no matching function for call to 'max(double, Eigen::DenseCoeffsBase<Eigen::Array<double, -1, 1>, 1>::Scalar)'\n   60 |     Type temp_excess = max(Type(0), sst_dat(t) - T_crit);\n      |                        ~~~^~~~~~~~~~~~~~~~~~~~~~~~~~~~~~\nC:/Users/spi085/AppData/Local/Programs/R/R-4.4.1/library/TMB/include/convenience.hpp:145:6: note: candidate: 'template<class Type> Type max(const tmbutils::vector<Type>&)'\n  145 | Type max(const vector<Type> &x)\n      |      ^~~\nC:/Users/spi085/AppData/Local/Programs/R/R-4.4.1/library/TMB/include/convenience.hpp:145:6: note:   template argument deduction/substitution failed:\nPOPULATIONS//POPULATION_0010//INDIVIDUAL_LQ1FR90F/model.cpp:60:27: note:   mismatched types 'const tmbutils::vector<Type>' and 'double'\n   60 |     Type temp_excess = max(Type(0), sst_dat(t) - T_crit);\n      |                        ~~~^~~~~~~~~~~~~~~~~~~~~~~~~~~~~~\nPOPULATIONS//POPULATION_0010//INDIVIDUAL_LQ1FR90F/model.cpp:61:26: error: no matching function for call to 'min(double, double)'\n   61 |     Type temp_acute = min(Type(1), temp_mortality * temp_excess);  // Cap mortality rate\n      |                       ~~~^~~~~~~~~~~~~~~~~~~~~~~~~~~~~~~~~~~~~~~\nC:/Users/spi085/AppData/Local/Programs/R/R-4.4.1/library/TMB/include/convenience.hpp:156:6: note: candidate: 'template<class Type> Type min(const tmbutils::vector<Type>&)'\n  156 | Type min(const vector<Type> &x)\n      |      ^~~\nC:/Users/spi085/AppData/Local/Programs/R/R-4.4.1/library/TMB/include/convenience.hpp:156:6: note:   template argument deduction/substitution failed:\nPOPULATIONS//POPULATION_0010//INDIVIDUAL_LQ1FR90F/model.cpp:61:26: note:   mismatched types 'const tmbutils::vector<Type>' and 'double'\n   61 |     Type temp_acute = min(Type(1), temp_mortality * temp_excess);  // Cap mortality rate\n      |                       ~~~^~~~~~~~~~~~~~~~~~~~~~~~~~~~~~~~~~~~~~~\nPOPULATIONS//POPULATION_0010//INDIVIDUAL_LQ1FR90F/model.cpp:77:23: error: no matching function for call to 'max(const double&, Eigen::DenseCoeffsBase<Eigen::Array<double, -1, 1>, 1>::Scalar&)'\n   77 |     cots_pred(t) = max(eps, cots_pred(t));  // Ensure positivity\n      |                    ~~~^~~~~~~~~~~~~~~~~~~\nC:/Users/spi085/AppData/Local/Programs/R/R-4.4.1/library/TMB/include/convenience.hpp:145:6: note: candidate: 'template<class Type> Type max(const tmbutils::vector<Type>&)'\n  145 | Type max(const vector<Type> &x)\n      |      ^~~\nC:/Users/spi085/AppData/Local/Programs/R/R-4.4.1/library/TMB/include/convenience.hpp:145:6: note:   template argument deduction/substitution failed:\nPOPULATIONS//POPULATION_0010//INDIVIDUAL_LQ1FR90F/model.cpp:77:23: note:   mismatched types 'const tmbutils::vector<Type>' and 'const double'\n   77 |     cots_pred(t) = max(eps, cots_pred(t));  // Ensure positivity\n      |                    ~~~^~~~~~~~~~~~~~~~~~~\nPOPULATIONS//POPULATION_0010//INDIVIDUAL_LQ1FR90F/model.cpp:84:23: error: no matching function for call to 'max(const double&, Eigen::DenseCoeffsBase<Eigen::Array<double, -1, 1>, 1>::Scalar&)'\n   84 |     slow_pred(t) = max(eps, slow_pred(t));\n      |                    ~~~^~~~~~~~~~~~~~~~~~~\nC:/Users/spi085/AppData/Local/Programs/R/R-4.4.1/library/TMB/include/convenience.hpp:145:6: note: candidate: 'template<class Type> Type max(const tmbutils::vector<Type>&)'\n  145 | Type max(const vector<Type> &x)\n      |      ^~~\nC:/Users/spi085/AppData/Local/Programs/R/R-4.4.1/library/TMB/include/convenience.hpp:145:6: note:   template argument deduction/substitution failed:\nPOPULATIONS//POPULATION_0010//INDIVIDUAL_LQ1FR90F/model.cpp:84:23: note:   mismatched types 'const tmbutils::vector<Type>' and 'const double'\n   84 |     slow_pred(t) = max(eps, slow_pred(t));\n      |                    ~~~^~~~~~~~~~~~~~~~~~~\nPOPULATIONS//POPULATION_0010//INDIVIDUAL_LQ1FR90F/model.cpp:90:23: error: no matching function for call to 'max(const double&, Eigen::DenseCoeffsBase<Eigen::Array<double, -1, 1>, 1>::Scalar&)'\n   90 |     fast_pred(t) = max(eps, fast_pred(t));\n      |                    ~~~^~~~~~~~~~~~~~~~~~~\nC:/Users/spi085/AppData/Local/Programs/R/R-4.4.1/library/TMB/include/convenience.hpp:145:6: note: candidate: 'template<class Type> Type max(const tmbutils::vector<Type>&)'\n  145 | Type max(const vector<Type> &x)\n      |      ^~~\nC:/Users/spi085/AppData/Local/Programs/R/R-4.4.1/library/TMB/include/convenience.hpp:145:6: note:   template argument deduction/substitution failed:\nPOPULATIONS//POPULATION_0010//INDIVIDUAL_LQ1FR90F/model.cpp:90:23: note:   mismatched types 'const tmbutils::vector<Type>' and 'const double'\n   90 |     fast_pred(t) = max(eps, fast_pred(t));\n      |                    ~~~^~~~~~~~~~~~~~~~~~~\nPOPULATIONS//POPULATION_0010//INDIVIDUAL_LQ1FR90F/model.cpp: In instantiation of 'Type objective_function<Type>::operator()() [with Type = CppAD::AD<CppAD::AD<double> >]':\nC:/Users/spi085/AppData/Local/Programs/R/R-4.4.1/library/TMB/include/tmb_core.hpp:913:29:   required from 'Type objective_function<Type>::evalUserTemplate() [with Type = CppAD::AD<CppAD::AD<double> >]'\nC:/Users/spi085/AppData/Local/Programs/R/R-4.4.1/library/TMB/include/tmb_core.hpp:2112:26:   required from here\nPOPULATIONS//POPULATION_0010//INDIVIDUAL_LQ1FR90F/model.cpp:57:33: error: no matching function for call to 'min(CppAD::AD<CppAD::AD<double> >, CppAD::AD<CppAD::AD<double> >&)'\n   57 |     Type temp_chronic = exp(-min(Type(50), temp_sq));  // Prevent underflow\n      |                              ~~~^~~~~~~~~~~~~~~~~~~\nC:/Users/spi085/AppData/Local/Programs/R/R-4.4.1/library/TMB/include/convenience.hpp:156:6: note: candidate: 'template<class Type> Type min(const tmbutils::vector<Type>&)'\n  156 | Type min(const vector<Type> &x)\n      |      ^~~\nC:/Users/spi085/AppData/Local/Programs/R/R-4.4.1/library/TMB/include/convenience.hpp:156:6: note:   template argument deduction/substitution failed:\nPOPULATIONS//POPULATION_0010//INDIVIDUAL_LQ1FR90F/model.cpp:57:33: note:   'CppAD::AD<CppAD::AD<double> >' is not derived from 'const tmbutils::vector<Type>'\n   57 |     Type temp_chronic = exp(-min(Type(50), temp_sq));  // Prevent underflow\n      |                              ~~~^~~~~~~~~~~~~~~~~~~\nPOPULATIONS//POPULATION_0010//INDIVIDUAL_LQ1FR90F/model.cpp:60:27: error: no matching function for call to 'max(CppAD::AD<CppAD::AD<double> >, CppAD::AD<CppAD::AD<double> >)'\n   60 |     Type temp_excess = max(Type(0), sst_dat(t) - T_crit);\n      |                        ~~~^~~~~~~~~~~~~~~~~~~~~~~~~~~~~~\nC:/Users/spi085/AppData/Local/Programs/R/R-4.4.1/library/TMB/include/convenience.hpp:145:6: note: candidate: 'template<class Type> Type max(const tmbutils::vector<Type>&)'\n  145 | Type max(const vector<Type> &x)\n      |      ^~~\nC:/Users/spi085/AppData/Local/Programs/R/R-4.4.1/library/TMB/include/convenience.hpp:145:6: note:   template argument deduction/substitution failed:\nPOPULATIONS//POPULATION_0010//INDIVIDUAL_LQ1FR90F/model.cpp:60:27: note:   'CppAD::AD<CppAD::AD<double> >' is not derived from 'const tmbutils::vector<Type>'\n   60 |     Type temp_excess = max(Type(0), sst_dat(t) - T_crit);\n      |                        ~~~^~~~~~~~~~~~~~~~~~~~~~~~~~~~~~\nPOPULATIONS//POPULATION_0010//INDIVIDUAL_LQ1FR90F/model.cpp:61:26: error: no matching function for call to 'min(CppAD::AD<CppAD::AD<double> >, CppAD::AD<CppAD::AD<double> >)'\n   61 |     Type temp_acute = min(Type(1), temp_mortality * temp_excess);  // Cap mortality rate\n      |                       ~~~^~~~~~~~~~~~~~~~~~~~~~~~~~~~~~~~~~~~~~~\nC:/Users/spi085/AppData/Local/Programs/R/R-4.4.1/library/TMB/include/convenience.hpp:156:6: note: candidate: 'template<class Type> Type min(const tmbutils::vector<Type>&)'\n  156 | Type min(const vector<Type> &x)\n      |      ^~~\nC:/Users/spi085/AppData/Local/Programs/R/R-4.4.1/library/TMB/include/convenience.hpp:156:6: note:   template argument deduction/substitution failed:\nPOPULATIONS//POPULATION_0010//INDIVIDUAL_LQ1FR90F/model.cpp:61:26: note:   'CppAD::AD<CppAD::AD<double> >' is not derived from 'const tmbutils::vector<Type>'\n   61 |     Type temp_acute = min(Type(1), temp_mortality * temp_excess);  // Cap mortality rate\n      |                       ~~~^~~~~~~~~~~~~~~~~~~~~~~~~~~~~~~~~~~~~~~\nPOPULATIONS//POPULATION_0010//INDIVIDUAL_LQ1FR90F/model.cpp:77:23: error: no matching function for call to 'max(const CppAD::AD<CppAD::AD<double> >&, Eigen::DenseCoeffsBase<Eigen::Array<CppAD::AD<CppAD::AD<double> >, -1, 1, 0, -1, 1>, 1>::Scalar&)'\n   77 |     cots_pred(t) = max(eps, cots_pred(t));  // Ensure positivity\n      |                    ~~~^~~~~~~~~~~~~~~~~~~\nC:/Users/spi085/AppData/Local/Programs/R/R-4.4.1/library/TMB/include/convenience.hpp:145:6: note: candidate: 'template<class Type> Type max(const tmbutils::vector<Type>&)'\n  145 | Type max(const vector<Type> &x)\n      |      ^~~\nC:/Users/spi085/AppData/Local/Programs/R/R-4.4.1/library/TMB/include/convenience.hpp:145:6: note:   template argument deduction/substitution failed:\nPOPULATIONS//POPULATION_0010//INDIVIDUAL_LQ1FR90F/model.cpp:77:23: note:   'const CppAD::AD<CppAD::AD<double> >' is not derived from 'const tmbutils::vector<Type>'\n   77 |     cots_pred(t) = max(eps, cots_pred(t));  // Ensure positivity\n      |                    ~~~^~~~~~~~~~~~~~~~~~~\nPOPULATIONS//POPULATION_0010//INDIVIDUAL_LQ1FR90F/model.cpp:84:23: error: no matching function for call to 'max(const CppAD::AD<CppAD::AD<double> >&, Eigen::DenseCoeffsBase<Eigen::Array<CppAD::AD<CppAD::AD<double> >, -1, 1, 0, -1, 1>, 1>::Scalar&)'\n   84 |     slow_pred(t) = max(eps, slow_pred(t));\n      |                    ~~~^~~~~~~~~~~~~~~~~~~\nC:/Users/spi085/AppData/Local/Programs/R/R-4.4.1/library/TMB/include/convenience.hpp:145:6: note: candidate: 'template<class Type> Type max(const tmbutils::vector<Type>&)'\n  145 | Type max(const vector<Type> &x)\n      |      ^~~\nC:/Users/spi085/AppData/Local/Programs/R/R-4.4.1/library/TMB/include/convenience.hpp:145:6: note:   template argument deduction/substitution failed:\nPOPULATIONS//POPULATION_0010//INDIVIDUAL_LQ1FR90F/model.cpp:84:23: note:   'const CppAD::AD<CppAD::AD<double> >' is not derived from 'const tmbutils::vector<Type>'\n   84 |     slow_pred(t) = max(eps, slow_pred(t));\n      |                    ~~~^~~~~~~~~~~~~~~~~~~\nPOPULATIONS//POPULATION_0010//INDIVIDUAL_LQ1FR90F/model.cpp:90:23: error: no matching function for call to 'max(const CppAD::AD<CppAD::AD<double> >&, Eigen::DenseCoeffsBase<Eigen::Array<CppAD::AD<CppAD::AD<double> >, -1, 1, 0, -1, 1>, 1>::Scalar&)'\n   90 |     fast_pred(t) = max(eps, fast_pred(t));\n      |                    ~~~^~~~~~~~~~~~~~~~~~~\nC:/Users/spi085/AppData/Local/Programs/R/R-4.4.1/library/TMB/include/convenience.hpp:145:6: note: candidate: 'template<class Type> Type max(const tmbutils::vector<Type>&)'\n  145 | Type max(const vector<Type> &x)\n      |      ^~~\nC:/Users/spi085/AppData/Local/Programs/R/R-4.4.1/library/TMB/include/convenience.hpp:145:6: note:   template argument deduction/substitution failed:\nPOPULATIONS//POPULATION_0010//INDIVIDUAL_LQ1FR90F/model.cpp:90:23: note:   'const CppAD::AD<CppAD::AD<double> >' is not derived from 'const tmbutils::vector<Type>'\n   90 |     fast_pred(t) = max(eps, fast_pred(t));\n      |                    ~~~^~~~~~~~~~~~~~~~~~~\nPOPULATIONS//POPULATION_0010//INDIVIDUAL_LQ1FR90F/model.cpp: In instantiation of 'Type objective_function<Type>::operator()() [with Type = CppAD::AD<CppAD::AD<CppAD::AD<double> > >]':\nC:/Users/spi085/AppData/Local/Programs/R/R-4.4.1/library/TMB/include/tmb_core.hpp:913:29:   required from 'Type objective_function<Type>::evalUserTemplate() [with Type = CppAD::AD<CppAD::AD<CppAD::AD<double> > >]'\nC:/Users/spi085/AppData/Local/Programs/R/R-4.4.1/library/TMB/include/tmb_core.hpp:2361:28:   required from here\nPOPULATIONS//POPULATION_0010//INDIVIDUAL_LQ1FR90F/model.cpp:57:33: error: no matching function for call to 'min(CppAD::AD<CppAD::AD<CppAD::AD<double> > >, CppAD::AD<CppAD::AD<CppAD::AD<double> > >&)'\n   57 |     Type temp_chronic = exp(-min(Type(50), temp_sq));  // Prevent underflow\n      |                              ~~~^~~~~~~~~~~~~~~~~~~\nC:/Users/spi085/AppData/Local/Programs/R/R-4.4.1/library/TMB/include/convenience.hpp:156:6: note: candidate: 'template<class Type> Type min(const tmbutils::vector<Type>&)'\n  156 | Type min(const vector<Type> &x)\n      |      ^~~\nC:/Users/spi085/AppData/Local/Programs/R/R-4.4.1/library/TMB/include/convenience.hpp:156:6: note:   template argument deduction/substitution failed:\nPOPULATIONS//POPULATION_0010//INDIVIDUAL_LQ1FR90F/model.cpp:57:33: note:   'CppAD::AD<CppAD::AD<CppAD::AD<double> > >' is not derived from 'const tmbutils::vector<Type>'\n   57 |     Type temp_chronic = exp(-min(Type(50), temp_sq));  // Prevent underflow\n      |                              ~~~^~~~~~~~~~~~~~~~~~~\nPOPULATIONS//POPULATION_0010//INDIVIDUAL_LQ1FR90F/model.cpp:60:27: error: no matching function for call to 'max(CppAD::AD<CppAD::AD<CppAD::AD<double> > >, CppAD::AD<CppAD::AD<CppAD::AD<double> > >)'\n   60 |     Type temp_excess = max(Type(0), sst_dat(t) - T_crit);\n      |                        ~~~^~~~~~~~~~~~~~~~~~~~~~~~~~~~~~\nC:/Users/spi085/AppData/Local/Programs/R/R-4.4.1/library/TMB/include/convenience.hpp:145:6: note: candidate: 'template<class Type> Type max(const tmbutils::vector<Type>&)'\n  145 | Type max(const vector<Type> &x)\n      |      ^~~\nC:/Users/spi085/AppData/Local/Programs/R/R-4.4.1/library/TMB/include/convenience.hpp:145:6: note:   template argument deduction/substitution failed:\nPOPULATIONS//POPULATION_0010//INDIVIDUAL_LQ1FR90F/model.cpp:60:27: note:   'CppAD::AD<CppAD::AD<CppAD::AD<double> > >' is not derived from 'const tmbutils::vector<Type>'\n   60 |     Type temp_excess = max(Type(0), sst_dat(t) - T_crit);\n      |                        ~~~^~~~~~~~~~~~~~~~~~~~~~~~~~~~~~\nPOPULATIONS//POPULATION_0010//INDIVIDUAL_LQ1FR90F/model.cpp:61:26: error: no matching function for call to 'min(CppAD::AD<CppAD::AD<CppAD::AD<double> > >, CppAD::AD<CppAD::AD<CppAD::AD<double> > >)'\n   61 |     Type temp_acute = min(Type(1), temp_mortality * temp_excess);  // Cap mortality rate\n      |                       ~~~^~~~~~~~~~~~~~~~~~~~~~~~~~~~~~~~~~~~~~~\nC:/Users/spi085/AppData/Local/Programs/R/R-4.4.1/library/TMB/include/convenience.hpp:156:6: note: candidate: 'template<class Type> Type min(const tmbutils::vector<Type>&)'\n  156 | Type min(const vector<Type> &x)\n      |      ^~~\nC:/Users/spi085/AppData/Local/Programs/R/R-4.4.1/library/TMB/include/convenience.hpp:156:6: note:   template argument deduction/substitution failed:\nPOPULATIONS//POPULATION_0010//INDIVIDUAL_LQ1FR90F/model.cpp:61:26: note:   'CppAD::AD<CppAD::AD<CppAD::AD<double> > >' is not derived from 'const tmbutils::vector<Type>'\n   61 |     Type temp_acute = min(Type(1), temp_mortality * temp_excess);  // Cap mortality rate\n      |                       ~~~^~~~~~~~~~~~~~~~~~~~~~~~~~~~~~~~~~~~~~~\nPOPULATIONS//POPULATION_0010//INDIVIDUAL_LQ1FR90F/model.cpp:77:23: error: no matching function for call to 'max(const CppAD::AD<CppAD::AD<CppAD::AD<double> > >&, Eigen::DenseCoeffsBase<Eigen::Array<CppAD::AD<CppAD::AD<CppAD::AD<double> > >, -1, 1, 0, -1, 1>, 1>::Scalar&)'\n   77 |     cots_pred(t) = max(eps, cots_pred(t));  // Ensure positivity\n      |                    ~~~^~~~~~~~~~~~~~~~~~~\nC:/Users/spi085/AppData/Local/Programs/R/R-4.4.1/library/TMB/include/convenience.hpp:145:6: note: candidate: 'template<class Type> Type max(const tmbutils::vector<Type>&)'\n  145 | Type max(const vector<Type> &x)\n      |      ^~~\nC:/Users/spi085/AppData/Local/Programs/R/R-4.4.1/library/TMB/include/convenience.hpp:145:6: note:   template argument deduction/substitution failed:\nPOPULATIONS//POPULATION_0010//INDIVIDUAL_LQ1FR90F/model.cpp:77:23: note:   'const CppAD::AD<CppAD::AD<CppAD::AD<double> > >' is not derived from 'const tmbutils::vector<Type>'\n   77 |     cots_pred(t) = max(eps, cots_pred(t));  // Ensure positivity\n      |                    ~~~^~~~~~~~~~~~~~~~~~~\nPOPULATIONS//POPULATION_0010//INDIVIDUAL_LQ1FR90F/model.cpp:84:23: error: no matching function for call to 'max(const CppAD::AD<CppAD::AD<CppAD::AD<double> > >&, Eigen::DenseCoeffsBase<Eigen::Array<CppAD::AD<CppAD::AD<CppAD::AD<double> > >, -1, 1, 0, -1, 1>, 1>::Scalar&)'\n   84 |     slow_pred(t) = max(eps, slow_pred(t));\n      |                    ~~~^~~~~~~~~~~~~~~~~~~\nC:/Users/spi085/AppData/Local/Programs/R/R-4.4.1/library/TMB/include/convenience.hpp:145:6: note: candidate: 'template<class Type> Type max(const tmbutils::vector<Type>&)'\n  145 | Type max(const vector<Type> &x)\n      |      ^~~\nC:/Users/spi085/AppData/Local/Programs/R/R-4.4.1/library/TMB/include/convenience.hpp:145:6: note:   template argument deduction/substitution failed:\nPOPULATIONS//POPULATION_0010//INDIVIDUAL_LQ1FR90F/model.cpp:84:23: note:   'const CppAD::AD<CppAD::AD<CppAD::AD<double> > >' is not derived from 'const tmbutils::vector<Type>'\n   84 |     slow_pred(t) = max(eps, slow_pred(t));\n      |                    ~~~^~~~~~~~~~~~~~~~~~~\nPOPULATIONS//POPULATION_0010//INDIVIDUAL_LQ1FR90F/model.cpp:90:23: error: no matching function for call to 'max(const CppAD::AD<CppAD::AD<CppAD::AD<double> > >&, Eigen::DenseCoeffsBase<Eigen::Array<CppAD::AD<CppAD::AD<CppAD::AD<double> > >, -1, 1, 0, -1, 1>, 1>::Scalar&)'\n   90 |     fast_pred(t) = max(eps, fast_pred(t));\n      |                    ~~~^~~~~~~~~~~~~~~~~~~\nC:/Users/spi085/AppData/Local/Programs/R/R-4.4.1/library/TMB/include/convenience.hpp:145:6: note: candidate: 'template<class Type> Type max(const tmbutils::vector<Type>&)'\n  145 | Type max(const vector<Type> &x)\n      |      ^~~\nC:/Users/spi085/AppData/Local/Programs/R/R-4.4.1/library/TMB/include/convenience.hpp:145:6: note:   template argument deduction/substitution failed:\nPOPULATIONS//POPULATION_0010//INDIVIDUAL_LQ1FR90F/model.cpp:90:23: note:   'const CppAD::AD<CppAD::AD<CppAD::AD<double> > >' is not derived from 'const tmbutils::vector<Type>'\n   90 |     fast_pred(t) = max(eps, fast_pred(t));\n      |                    ~~~^~~~~~~~~~~~~~~~~~~\nmake: *** [C:/Users/spi085/AppData/Local/Programs/R/R-4.4.1/etc/x64/Makeconf:296: POPULATIONS//POPULATION_0010//INDIVIDUAL_LQ1FR90F/model.o] Error 1\nError in TMB::compile(file.path(individual_dir, model_file), flags = flags,  : \n  Compilation failed\nError: Compilation failed\nExecution halted"
    },
    "5": {
      "status": "ERROR",
      "message": "R script failed with return code 1",
      "stdout": "g++ -std=gnu++17  -I\"C:/Users/spi085/AppData/Local/Programs/R/R-4.4.1/include\" -DNDEBUG -I\"C:/Users/spi085/AppData/Local/Programs/R/R-44~1.1/library/TMB/include\" -I\"C:/Users/spi085/AppData/Local/Programs/R/R-44~1.1/library/RCPPEI~1/include\"   -DTMB_EIGEN_DISABLE_WARNINGS   -DTMB_LIB_INIT=R_init_model  -DCPPAD_FRAMEWORK    -I\"C:/rtools44/x86_64-w64-mingw32.static.posix/include\"     -O2 -Wa,-mbig-obj -c POPULATIONS//POPULATION_0010//INDIVIDUAL_LQ1FR90F/model.cpp -o POPULATIONS//POPULATION_0010//INDIVIDUAL_LQ1FR90F/model.o\ng++ -std=gnu++17 -shared -s -static-libgcc -o POPULATIONS//POPULATION_0010//INDIVIDUAL_LQ1FR90F/model.dll tmp.def POPULATIONS//POPULATION_0010//INDIVIDUAL_LQ1FR90F/model.o -LC:/rtools44/x86_64-w64-mingw32.static.posix/lib/x64 -LC:/rtools44/x86_64-w64-mingw32.static.posix/lib -LC:/Users/spi085/AppData/Local/Programs/R/R-4.4.1/bin/x64 -lR\nStarting model phases\nNumber of phases: 3 \nPhase 1 \nInitial parameter values for phase 1 :\n        r_cots         r_slow         r_fast         a_slow         a_fast \n            NA             NA             NA             NA       0.000657 \n        T_crit temp_mortality \n            NA             NA \nError in model phases: NA/NaN gradient evaluation",
      "stderr": "Loading required package: TMB\nLoading required package: jsonlite\nhere() starts at C:/Users/spi085/OneDrive - CSIRO/Documents/_Projects/SCCP-QuantModelling\nusing C++ compiler: 'G__~1.EXE (GCC) 13.2.0'\nError in value[[3L]](cond) : \n  Error in model phases: NA/NaN gradient evaluation\nCalls: tryCatch -> tryCatchList -> tryCatchOne -> <Anonymous>\nIn addition: Warning message:\nIn nlminb(model$par, model$fn, model$gr) : NA/NaN function evaluation\nExecution halted"
    },
    "6": {
      "status": "ERROR",
      "message": "R script failed with return code 1",
      "stdout": "g++ -std=gnu++17  -I\"C:/Users/spi085/AppData/Local/Programs/R/R-4.4.1/include\" -DNDEBUG -I\"C:/Users/spi085/AppData/Local/Programs/R/R-44~1.1/library/TMB/include\" -I\"C:/Users/spi085/AppData/Local/Programs/R/R-44~1.1/library/RCPPEI~1/include\"   -DTMB_EIGEN_DISABLE_WARNINGS   -DTMB_LIB_INIT=R_init_model  -DCPPAD_FRAMEWORK    -I\"C:/rtools44/x86_64-w64-mingw32.static.posix/include\"     -O2 -Wa,-mbig-obj -c POPULATIONS//POPULATION_0010//INDIVIDUAL_LQ1FR90F/model.cpp -o POPULATIONS//POPULATION_0010//INDIVIDUAL_LQ1FR90F/model.o\ng++ -std=gnu++17 -shared -s -static-libgcc -o POPULATIONS//POPULATION_0010//INDIVIDUAL_LQ1FR90F/model.dll tmp.def POPULATIONS//POPULATION_0010//INDIVIDUAL_LQ1FR90F/model.o -LC:/rtools44/x86_64-w64-mingw32.static.posix/lib/x64 -LC:/rtools44/x86_64-w64-mingw32.static.posix/lib -LC:/Users/spi085/AppData/Local/Programs/R/R-4.4.1/bin/x64 -lR\nStarting model phases\nNumber of phases: 3 \nPhase 1 \nInitial parameter values for phase 1 :\n        r_cots         r_slow         r_fast         a_slow         a_fast \n            NA             NA             NA             NA       0.000657 \n        T_crit temp_mortality \n            NA             NA \nError in model phases: NA/NaN gradient evaluation",
      "stderr": "Loading required package: TMB\nLoading required package: jsonlite\nhere() starts at C:/Users/spi085/OneDrive - CSIRO/Documents/_Projects/SCCP-QuantModelling\nusing C++ compiler: 'G__~1.EXE (GCC) 13.2.0'\nError in value[[3L]](cond) : \n  Error in model phases: NA/NaN gradient evaluation\nCalls: tryCatch -> tryCatchList -> tryCatchOne -> <Anonymous>\nIn addition: Warning message:\nIn nlminb(model$par, model$fn, model$gr) : NA/NaN function evaluation\nExecution halted"
    },
    "7": {
      "status": "BROKEN"
    }
  }
}