{
  "iterations": {
    "1": {
      "status": "ERROR",
      "message": "Model failed to compile.",
      "stdout": "g++ -std=gnu++17 -I\"/usr/share/R/include\" -DNDEBUG -I\"/home/spi085/R/x86_64-pc-linux-gnu-library/4.4/TMB/include\" -I\"/home/spi085/R/x86_64-pc-linux-gnu-library/4.4/RcppEigen/include\"   -DTMB_EIGEN_DISABLE_WARNINGS   -DTMB_LIB_INIT=R_init_model  -DCPPAD_FRAMEWORK      -fpic  -O2  -c POPULATIONS/POPULATION_0013/INDIVIDUAL_P3778HNZ/model.cpp -o POPULATIONS/POPULATION_0013/INDIVIDUAL_P3778HNZ/model.o",
      "stderr": "Loading required package: TMB\nLoading required package: jsonlite\nhere() starts at /home/spi085/Documents/_Projects/SCCP-QuantModelling\nusing C++ compiler: \u2018g++ (Ubuntu 13.3.0-6ubuntu2~24.04) 13.3.0\u2019\nPOPULATIONS/POPULATION_0013/INDIVIDUAL_P3778HNZ/model.cpp: In member function \u2018Type objective_function<Type>::operator()()\u2019:\nPOPULATIONS/POPULATION_0013/INDIVIDUAL_P3778HNZ/model.cpp:67:31: error: \u2018log_coral_half_sat\u2019 was not declared in this scope; did you mean \u2018coral_half_sat\u2019?\n   67 |     Type coral_half_sat = exp(log_coral_half_sat); // Half-saturation coral cover for COTS recruitment limitation (%)\n      |                               ^~~~~~~~~~~~~~~~~~\n      |                               coral_half_sat\nmake: *** [/usr/lib/R/etc/Makeconf:204: POPULATIONS/POPULATION_0013/INDIVIDUAL_P3778HNZ/model.o] Error 1\nError in TMB::compile(file.path(individual_dir, model_file), flags = flags,  : \n  Compilation failed\nError: Compilation failed\nExecution halted"
    },
    "2": {
      "status": "ERROR",
      "message": "R script failed with return code 1",
      "stdout": "g++ -std=gnu++17 -I\"/usr/share/R/include\" -DNDEBUG -I\"/home/spi085/R/x86_64-pc-linux-gnu-library/4.4/TMB/include\" -I\"/home/spi085/R/x86_64-pc-linux-gnu-library/4.4/RcppEigen/include\"   -DTMB_EIGEN_DISABLE_WARNINGS   -DTMB_LIB_INIT=R_init_model  -DCPPAD_FRAMEWORK      -fpic  -O2  -c POPULATIONS/POPULATION_0013/INDIVIDUAL_P3778HNZ/model.cpp -o POPULATIONS/POPULATION_0013/INDIVIDUAL_P3778HNZ/model.o\ng++ -std=gnu++17 -shared -L/usr/lib/R/lib -Wl,-Bsymbolic-functions -flto=auto -ffat-lto-objects -Wl,-z,relro -o POPULATIONS/POPULATION_0013/INDIVIDUAL_P3778HNZ/model.so POPULATIONS/POPULATION_0013/INDIVIDUAL_P3778HNZ/model.o -L/usr/lib/R/lib -lR\nStarting model phases\nNumber of phases: 3 \nPhase 1 \nInitial parameter values for phase 1 :\n log_r_cots  log_K_cots  log_r_fast  log_r_slow log_K_coral \n         NA          NA      -0.880      -3.108       1.810 \nError in model phases: NA/NaN gradient evaluation",
      "stderr": "Loading required package: TMB\nLoading required package: jsonlite\nhere() starts at /home/spi085/Documents/_Projects/SCCP-QuantModelling\nusing C++ compiler: \u2018g++ (Ubuntu 13.3.0-6ubuntu2~24.04) 13.3.0\u2019\nError in value[[3L]](cond) : \n  Error in model phases: NA/NaN gradient evaluation\nCalls: tryCatch -> tryCatchList -> tryCatchOne -> <Anonymous>\nIn addition: Warning message:\nIn nlminb(model$par, model$fn, model$gr) : NA/NaN function evaluation\nExecution halted"
    },
    "3": {
      "status": "ERROR",
      "message": "R script failed with return code 1",
      "stdout": "g++ -std=gnu++17 -I\"/usr/share/R/include\" -DNDEBUG -I\"/home/spi085/R/x86_64-pc-linux-gnu-library/4.4/TMB/include\" -I\"/home/spi085/R/x86_64-pc-linux-gnu-library/4.4/RcppEigen/include\"   -DTMB_EIGEN_DISABLE_WARNINGS   -DTMB_LIB_INIT=R_init_model  -DCPPAD_FRAMEWORK      -fpic  -O2  -c POPULATIONS/POPULATION_0013/INDIVIDUAL_P3778HNZ/model.cpp -o POPULATIONS/POPULATION_0013/INDIVIDUAL_P3778HNZ/model.o\ng++ -std=gnu++17 -shared -L/usr/lib/R/lib -Wl,-Bsymbolic-functions -flto=auto -ffat-lto-objects -Wl,-z,relro -o POPULATIONS/POPULATION_0013/INDIVIDUAL_P3778HNZ/model.so POPULATIONS/POPULATION_0013/INDIVIDUAL_P3778HNZ/model.o -L/usr/lib/R/lib -lR\nStarting model phases\nNumber of phases: 3 \nPhase 1 \nInitial parameter values for phase 1 :\n log_r_cots  log_K_cots  log_r_fast  log_r_slow log_K_coral \n         NA          NA      -0.880      -3.108       1.810 \nError in model phases: NA/NaN gradient evaluation",
      "stderr": "Loading required package: TMB\nLoading required package: jsonlite\nhere() starts at /home/spi085/Documents/_Projects/SCCP-QuantModelling\nusing C++ compiler: \u2018g++ (Ubuntu 13.3.0-6ubuntu2~24.04) 13.3.0\u2019\nError in value[[3L]](cond) : \n  Error in model phases: NA/NaN gradient evaluation\nCalls: tryCatch -> tryCatchList -> tryCatchOne -> <Anonymous>\nIn addition: Warning message:\nIn nlminb(model$par, model$fn, model$gr) : NA/NaN function evaluation\nExecution halted"
    },
    "4": {
      "status": "ERROR",
      "message": "Model failed to compile.",
      "stdout": "g++ -std=gnu++17 -I\"/usr/share/R/include\" -DNDEBUG -I\"/home/spi085/R/x86_64-pc-linux-gnu-library/4.4/TMB/include\" -I\"/home/spi085/R/x86_64-pc-linux-gnu-library/4.4/RcppEigen/include\"   -DTMB_EIGEN_DISABLE_WARNINGS   -DTMB_LIB_INIT=R_init_model  -DCPPAD_FRAMEWORK      -fpic  -O2  -c POPULATIONS/POPULATION_0013/INDIVIDUAL_P3778HNZ/model.cpp -o POPULATIONS/POPULATION_0013/INDIVIDUAL_P3778HNZ/model.o",
      "stderr": "Loading required package: TMB\nLoading required package: jsonlite\nhere() starts at /home/spi085/Documents/_Projects/SCCP-QuantModelling\nusing C++ compiler: \u2018g++ (Ubuntu 13.3.0-6ubuntu2~24.04) 13.3.0\u2019\nPOPULATIONS/POPULATION_0013/INDIVIDUAL_P3778HNZ/model.cpp: In member function \u2018Type objective_function<Type>::operator()()\u2019:\nPOPULATIONS/POPULATION_0013/INDIVIDUAL_P3778HNZ/model.cpp:70:38: error: \u2018CondExpNaN\u2019 is not a member of \u2018CppAD\u2019; did you mean \u2018CondExpOp\u2019?\n   70 |     Type coral_half_sat = exp(CppAD::CondExpNaN(log_coral_half_sat, Type(0.0), log_coral_half_sat, Type(0.0))); // Half-saturation coral cover for COTS recruitment limitation (%)\n      |                                      ^~~~~~~~~~\n      |                                      CondExpOp\nPOPULATIONS/POPULATION_0013/INDIVIDUAL_P3778HNZ/model.cpp:97:27: error: \u2018CondExpNaN\u2019 is not a member of \u2018CppAD\u2019; did you mean \u2018CondExpOp\u2019?\n   97 |     cots_pred(0) = CppAD::CondExpNaN(cots_dat(0), Type(1e-8), CppAD::CondExpGt(cots_dat(0), Type(1e-8), cots_dat(0), Type(1e-8)), Type(1e-8));\n      |                           ^~~~~~~~~~\n      |                           CondExpOp\nPOPULATIONS/POPULATION_0013/INDIVIDUAL_P3778HNZ/model.cpp:98:27: error: \u2018CondExpNaN\u2019 is not a member of \u2018CppAD\u2019; did you mean \u2018CondExpOp\u2019?\n   98 |     fast_pred(0) = CppAD::CondExpNaN(fast_dat(0), Type(1e-8), CppAD::CondExpGt(fast_dat(0), Type(1e-8), fast_dat(0), Type(1e-8)), Type(1e-8));\n      |                           ^~~~~~~~~~\n      |                           CondExpOp\nPOPULATIONS/POPULATION_0013/INDIVIDUAL_P3778HNZ/model.cpp:99:27: error: \u2018CondExpNaN\u2019 is not a member of \u2018CppAD\u2019; did you mean \u2018CondExpOp\u2019?\n   99 |     slow_pred(0) = CppAD::CondExpNaN(slow_dat(0), Type(1e-8), CppAD::CondExpGt(slow_dat(0), Type(1e-8), slow_dat(0), Type(1e-8)), Type(1e-8));\n      |                           ^~~~~~~~~~\n      |                           CondExpOp\nmake: *** [/usr/lib/R/etc/Makeconf:204: POPULATIONS/POPULATION_0013/INDIVIDUAL_P3778HNZ/model.o] Error 1\nError in TMB::compile(file.path(individual_dir, model_file), flags = flags,  : \n  Compilation failed\nError: Compilation failed\nExecution halted"
    },
    "5": {
      "status": "ERROR",
      "message": "R script failed with return code 1",
      "stdout": "g++ -std=gnu++17 -I\"/usr/share/R/include\" -DNDEBUG -I\"/home/spi085/R/x86_64-pc-linux-gnu-library/4.4/TMB/include\" -I\"/home/spi085/R/x86_64-pc-linux-gnu-library/4.4/RcppEigen/include\"   -DTMB_EIGEN_DISABLE_WARNINGS   -DTMB_LIB_INIT=R_init_model  -DCPPAD_FRAMEWORK      -fpic  -O2  -c POPULATIONS/POPULATION_0013/INDIVIDUAL_P3778HNZ/model.cpp -o POPULATIONS/POPULATION_0013/INDIVIDUAL_P3778HNZ/model.o\ng++ -std=gnu++17 -shared -L/usr/lib/R/lib -Wl,-Bsymbolic-functions -flto=auto -ffat-lto-objects -Wl,-z,relro -o POPULATIONS/POPULATION_0013/INDIVIDUAL_P3778HNZ/model.so POPULATIONS/POPULATION_0013/INDIVIDUAL_P3778HNZ/model.o -L/usr/lib/R/lib -lR\nStarting model phases\nNumber of phases: 3 \nPhase 1 \nInitial parameter values for phase 1 :\n log_r_cots  log_K_cots  log_r_fast  log_r_slow log_K_coral \n         NA          NA      -0.880      -3.108       1.810 \nError in model phases: NA/NaN gradient evaluation",
      "stderr": "Loading required package: TMB\nLoading required package: jsonlite\nhere() starts at /home/spi085/Documents/_Projects/SCCP-QuantModelling\nusing C++ compiler: \u2018g++ (Ubuntu 13.3.0-6ubuntu2~24.04) 13.3.0\u2019\nError in value[[3L]](cond) : \n  Error in model phases: NA/NaN gradient evaluation\nCalls: tryCatch -> tryCatchList -> tryCatchOne -> <Anonymous>\nIn addition: Warning message:\nIn nlminb(model$par, model$fn, model$gr) : NA/NaN function evaluation\nExecution halted"
    },
    "6": {
      "status": "ERROR",
      "message": "Model failed to compile.",
      "stdout": "g++ -std=gnu++17 -I\"/usr/share/R/include\" -DNDEBUG -I\"/home/spi085/R/x86_64-pc-linux-gnu-library/4.4/TMB/include\" -I\"/home/spi085/R/x86_64-pc-linux-gnu-library/4.4/RcppEigen/include\"   -DTMB_EIGEN_DISABLE_WARNINGS   -DTMB_LIB_INIT=R_init_model  -DCPPAD_FRAMEWORK      -fpic  -O2  -c POPULATIONS/POPULATION_0013/INDIVIDUAL_P3778HNZ/model.cpp -o POPULATIONS/POPULATION_0013/INDIVIDUAL_P3778HNZ/model.o",
      "stderr": "Loading required package: TMB\nLoading required package: jsonlite\nhere() starts at /home/spi085/Documents/_Projects/SCCP-QuantModelling\nusing C++ compiler: \u2018g++ (Ubuntu 13.3.0-6ubuntu2~24.04) 13.3.0\u2019\nPOPULATIONS/POPULATION_0013/INDIVIDUAL_P3778HNZ/model.cpp: In member function \u2018Type objective_function<Type>::operator()()\u2019:\nPOPULATIONS/POPULATION_0013/INDIVIDUAL_P3778HNZ/model.cpp:70:39: error: \u2018CondExpNeq\u2019 is not a member of \u2018CppAD\u2019; did you mean \u2018CondExpEq\u2019?\n   70 |     Type coral_half_sat = exp( CppAD::CondExpNeq( CppAD::CondExpEq(log_coral_half_sat, log_coral_half_sat, log_coral_half_sat, Type(0.0)), CppAD::CondExpEq(log_coral_half_sat, log_coral_half_sat, log_coral_half_sat, Type(0.0)), log_coral_half_sat, Type(0.0) ) );\n      |                                       ^~~~~~~~~~\n      |                                       CondExpEq\nmake: *** [/usr/lib/R/etc/Makeconf:204: POPULATIONS/POPULATION_0013/INDIVIDUAL_P3778HNZ/model.o] Error 1\nError in TMB::compile(file.path(individual_dir, model_file), flags = flags,  : \n  Compilation failed\nError: Compilation failed\nExecution halted"
    },
    "7": {
      "status": "BROKEN"
    }
  }
}