{
  "iterations": {
    "1": {
      "status": "ERROR",
      "message": "Model failed to compile.",
      "stdout": "g++ -std=gnu++17 -I\"/usr/share/R/include\" -DNDEBUG -I\"/home/spi085/R/x86_64-pc-linux-gnu-library/4.4/TMB/include\" -I\"/home/spi085/R/x86_64-pc-linux-gnu-library/4.4/RcppEigen/include\"   -DTMB_EIGEN_DISABLE_WARNINGS   -DTMB_LIB_INIT=R_init_model  -DCPPAD_FRAMEWORK      -fpic  -O2  -c POPULATIONS/POPULATION_0007/INDIVIDUAL_Z3TPUTXP/model.cpp -o POPULATIONS/POPULATION_0007/INDIVIDUAL_Z3TPUTXP/model.o",
      "stderr": "Loading required package: TMB\nLoading required package: jsonlite\nhere() starts at /home/spi085/Documents/_Projects/SCCP-QuantModelling\nusing C++ compiler: \u2018g++ (Ubuntu 13.3.0-6ubuntu2~24.04) 13.3.0\u2019\nPOPULATIONS/POPULATION_0007/INDIVIDUAL_Z3TPUTXP/model.cpp: In instantiation of \u2018Type objective_function<Type>::operator()() [with Type = CppAD::AD<double>]\u2019:\n/home/spi085/R/x86_64-pc-linux-gnu-library/4.4/TMB/include/tmb_core.hpp:1312:6:   required from here\nPOPULATIONS/POPULATION_0007/INDIVIDUAL_Z3TPUTXP/model.cpp:70:28: error: cannot convert \u2018Eigen::DenseCoeffsBase<Eigen::Array<CppAD::AD<double>, -1, 1, 0, -1, 1>, 1>::Scalar\u2019 {aka \u2018CppAD::AD<double>\u2019} to \u2018double\u2019\n   70 |         cots_pred[t] = fmax(cots_pred[t], Type(0));\n      |                        ~~~~^~~~~~~~~~~~~~~~~~~~~~~\n      |                            |\n      |                            Eigen::DenseCoeffsBase<Eigen::Array<CppAD::AD<double>, -1, 1, 0, -1, 1>, 1>::Scalar {aka CppAD::AD<double>}\nIn file included from /usr/include/c++/13/cmath:47,\n                 from /home/spi085/R/x86_64-pc-linux-gnu-library/4.4/RcppEigen/include/Eigen/src/Core/util/Macros.h:679,\n                 from /home/spi085/R/x86_64-pc-linux-gnu-library/4.4/RcppEigen/include/Eigen/Core:19,\n                 from /home/spi085/R/x86_64-pc-linux-gnu-library/4.4/RcppEigen/include/Eigen/Dense:1,\n                 from /home/spi085/R/x86_64-pc-linux-gnu-library/4.4/TMB/include/TMB.hpp:92,\n                 from POPULATIONS/POPULATION_0007/INDIVIDUAL_Z3TPUTXP/model.cpp:1:\n/usr/include/x86_64-linux-gnu/bits/mathcalls.h:333:1: note:   initializing argument 1 of \u2018double fmax(double, double)\u2019\n  333 | __MATHCALLX (fmax,, (_Mdouble_ __x, _Mdouble_ __y), (__const__));\n      | ^\nPOPULATIONS/POPULATION_0007/INDIVIDUAL_Z3TPUTXP/model.cpp:71:28: error: cannot convert \u2018Eigen::DenseCoeffsBase<Eigen::Array<CppAD::AD<double>, -1, 1, 0, -1, 1>, 1>::Scalar\u2019 {aka \u2018CppAD::AD<double>\u2019} to \u2018double\u2019\n   71 |         fast_pred[t] = fmax(fast_pred[t], Type(0));\n      |                        ~~~~^~~~~~~~~~~~~~~~~~~~~~~\n      |                            |\n      |                            Eigen::DenseCoeffsBase<Eigen::Array<CppAD::AD<double>, -1, 1, 0, -1, 1>, 1>::Scalar {aka CppAD::AD<double>}\n/usr/include/x86_64-linux-gnu/bits/mathcalls.h:333:1: note:   initializing argument 1 of \u2018double fmax(double, double)\u2019\n  333 | __MATHCALLX (fmax,, (_Mdouble_ __x, _Mdouble_ __y), (__const__));\n      | ^\nPOPULATIONS/POPULATION_0007/INDIVIDUAL_Z3TPUTXP/model.cpp:72:28: error: cannot convert \u2018Eigen::DenseCoeffsBase<Eigen::Array<CppAD::AD<double>, -1, 1, 0, -1, 1>, 1>::Scalar\u2019 {aka \u2018CppAD::AD<double>\u2019} to \u2018double\u2019\n   72 |         slow_pred[t] = fmax(slow_pred[t], Type(0));\n      |                        ~~~~^~~~~~~~~~~~~~~~~~~~~~~\n      |                            |\n      |                            Eigen::DenseCoeffsBase<Eigen::Array<CppAD::AD<double>, -1, 1, 0, -1, 1>, 1>::Scalar {aka CppAD::AD<double>}\n/usr/include/x86_64-linux-gnu/bits/mathcalls.h:333:1: note:   initializing argument 1 of \u2018double fmax(double, double)\u2019\n  333 | __MATHCALLX (fmax,, (_Mdouble_ __x, _Mdouble_ __y), (__const__));\n      | ^\nPOPULATIONS/POPULATION_0007/INDIVIDUAL_Z3TPUTXP/model.cpp:76:21: error: no matching function for call to \u2018dnorm(CppAD::AD<double>, CppAD::AD<double>, double, bool)\u2019\n   76 |         nll -= dnorm(log(cots_dat[t] + Type(1e-8)), log(cots_pred[t] + Type(1e-8)), 0.1, true);\n      |                ~~~~~^~~~~~~~~~~~~~~~~~~~~~~~~~~~~~~~~~~~~~~~~~~~~~~~~~~~~~~~~~~~~~~~~~~~~~~~~~\nIn file included from /home/spi085/R/x86_64-pc-linux-gnu-library/4.4/TMB/include/TMB.hpp:223:\n/home/spi085/R/x86_64-pc-linux-gnu-library/4.4/TMB/include/dnorm.hpp:17:6: note: candidate: \u2018template<class Type> Type dnorm(Type, Type, Type, int)\u2019\n   17 | Type dnorm(Type x, Type mean, Type sd, int give_log=0)\n      |      ^~~~~\n/home/spi085/R/x86_64-pc-linux-gnu-library/4.4/TMB/include/dnorm.hpp:17:6: note:   template argument deduction/substitution failed:\nPOPULATIONS/POPULATION_0007/INDIVIDUAL_Z3TPUTXP/model.cpp:76:21: note:   deduced conflicting types for parameter \u2018Type\u2019 (\u2018CppAD::AD<double>\u2019 and \u2018double\u2019)\n   76 |         nll -= dnorm(log(cots_dat[t] + Type(1e-8)), log(cots_pred[t] + Type(1e-8)), 0.1, true);\n      |                ~~~~~^~~~~~~~~~~~~~~~~~~~~~~~~~~~~~~~~~~~~~~~~~~~~~~~~~~~~~~~~~~~~~~~~~~~~~~~~~\nIn file included from /home/spi085/R/x86_64-pc-linux-gnu-library/4.4/TMB/include/TMB.hpp:222:\n/home/spi085/R/x86_64-pc-linux-gnu-library/4.4/TMB/include/dnorm.hpp:23:17: note: candidate: \u2018template<class Type> tmbutils::vector<Type> dnorm(const tmbutils::vector<Type>&, Type, Type, int)\u2019\n   23 | VECTORIZE4_ttti(dnorm)\n      |                 ^~~~~\n/home/spi085/R/x86_64-pc-linux-gnu-library/4.4/TMB/include/Vectorize.hpp:38:14: note: in definition of macro \u2018GVECTORIZE\u2019\n   38 | vector<Type> FUN( declare##Type1(arg1) comma##Type2                     \\\n      |              ^~~\n/home/spi085/R/x86_64-pc-linux-gnu-library/4.4/TMB/include/dnorm.hpp:23:1: note: in expansion of macro \u2018VECTORIZE4_ttti\u2019\n   23 | VECTORIZE4_ttti(dnorm)\n      | ^~~~~~~~~~~~~~~\n/home/spi085/R/x86_64-pc-linux-gnu-library/4.4/TMB/include/dnorm.hpp:23:17: note:   template argument deduction/substitution failed:\n   23 | VECTORIZE4_ttti(dnorm)\n      |                 ^~~~~\n/home/spi085/R/x86_64-pc-linux-gnu-library/4.4/TMB/include/Vectorize.hpp:38:14: note: in definition of macro \u2018GVECTORIZE\u2019\n   38 | vector<Type> FUN( declare##Type1(arg1) comma##Type2                     \\\n      |              ^~~\n/home/spi085/R/x86_64-pc-linux-gnu-library/4.4/TMB/include/dnorm.hpp:23:1: note: in expansion of macro \u2018VECTORIZE4_ttti\u2019\n   23 | VECTORIZE4_ttti(dnorm)\n      | ^~~~~~~~~~~~~~~\nPOPULATIONS/POPULATION_0007/INDIVIDUAL_Z3TPUTXP/model.cpp:76:21: note:   \u2018CppAD::AD<double>\u2019 is not derived from \u2018const tmbutils::vector<Type>\u2019\n   76 |         nll -= dnorm(log(cots_dat[t] + Type(1e-8)), log(cots_pred[t] + Type(1e-8)), 0.1, true);\n      |                ~~~~~^~~~~~~~~~~~~~~~~~~~~~~~~~~~~~~~~~~~~~~~~~~~~~~~~~~~~~~~~~~~~~~~~~~~~~~~~~\n/home/spi085/R/x86_64-pc-linux-gnu-library/4.4/TMB/include/dnorm.hpp:23:17: note: candidate: \u2018template<class Type> tmbutils::vector<Type> dnorm(Type, const tmbutils::vector<Type>&, Type, int)\u2019\n   23 | VECTORIZE4_ttti(dnorm)\n      |                 ^~~~~\n/home/spi085/R/x86_64-pc-linux-gnu-library/4.4/TMB/include/Vectorize.hpp:38:14: note: in definition of macro \u2018GVECTORIZE\u2019\n   38 | vector<Type> FUN( declare##Type1(arg1) comma##Type2                     \\\n      |              ^~~\n/home/spi085/R/x86_64-pc-linux-gnu-library/4.4/TMB/include/dnorm.hpp:23:1: note: in expansion of macro \u2018VECTORIZE4_ttti\u2019\n   23 | VECTORIZE4_ttti(dnorm)\n      | ^~~~~~~~~~~~~~~\n/home/spi085/R/x86_64-pc-linux-gnu-library/4.4/TMB/include/dnorm.hpp:23:17: note:   template argument deduction/substitution failed:\n   23 | VECTORIZE4_ttti(dnorm)\n      |                 ^~~~~\n/home/spi085/R/x86_64-pc-linux-gnu-library/4.4/TMB/include/Vectorize.hpp:38:14: note: in definition of macro \u2018GVECTORIZE\u2019\n   38 | vector<Type> FUN( declare##Type1(arg1) comma##Type2                     \\\n      |              ^~~\n/home/spi085/R/x86_64-pc-linux-gnu-library/4.4/TMB/include/dnorm.hpp:23:1: note: in expansion of macro \u2018VECTORIZE4_ttti\u2019\n   23 | VECTORIZE4_ttti(dnorm)\n      | ^~~~~~~~~~~~~~~\nPOPULATIONS/POPULATION_0007/INDIVIDUAL_Z3TPUTXP/model.cpp:76:21: note:   \u2018CppAD::AD<double>\u2019 is not derived from \u2018const tmbutils::vector<Type>\u2019\n   76 |         nll -= dnorm(log(cots_dat[t] + Type(1e-8)), log(cots_pred[t] + Type(1e-8)), 0.1, true);\n      |                ~~~~~^~~~~~~~~~~~~~~~~~~~~~~~~~~~~~~~~~~~~~~~~~~~~~~~~~~~~~~~~~~~~~~~~~~~~~~~~~\n/home/spi085/R/x86_64-pc-linux-gnu-library/4.4/TMB/include/dnorm.hpp:23:17: note: candidate: \u2018template<class Type> tmbutils::vector<Type> dnorm(Type, Type, const tmbutils::vector<Type>&, int)\u2019\n   23 | VECTORIZE4_ttti(dnorm)\n      |                 ^~~~~\n/home/spi085/R/x86_64-pc-linux-gnu-library/4.4/TMB/include/Vectorize.hpp:38:14: note: in definition of macro \u2018GVECTORIZE\u2019\n   38 | vector<Type> FUN( declare##Type1(arg1) comma##Type2                     \\\n      |              ^~~\n/home/spi085/R/x86_64-pc-linux-gnu-library/4.4/TMB/include/dnorm.hpp:23:1: note: in expansion of macro \u2018VECTORIZE4_ttti\u2019\n   23 | VECTORIZE4_ttti(dnorm)\n      | ^~~~~~~~~~~~~~~\n/home/spi085/R/x86_64-pc-linux-gnu-library/4.4/TMB/include/dnorm.hpp:23:17: note:   template argument deduction/substitution failed:\n   23 | VECTORIZE4_ttti(dnorm)\n      |                 ^~~~~\n/home/spi085/R/x86_64-pc-linux-gnu-library/4.4/TMB/include/Vectorize.hpp:38:14: note: in definition of macro \u2018GVECTORIZE\u2019\n   38 | vector<Type> FUN( declare##Type1(arg1) comma##Type2                     \\\n      |              ^~~\n/home/spi085/R/x86_64-pc-linux-gnu-library/4.4/TMB/include/dnorm.hpp:23:1: note: in expansion of macro \u2018VECTORIZE4_ttti\u2019\n   23 | VECTORIZE4_ttti(dnorm)\n      | ^~~~~~~~~~~~~~~\nPOPULATIONS/POPULATION_0007/INDIVIDUAL_Z3TPUTXP/model.cpp:76:21: note:   mismatched types \u2018const tmbutils::vector<Type>\u2019 and \u2018double\u2019\n   76 |         nll -= dnorm(log(cots_dat[t] + Type(1e-8)), log(cots_pred[t] + Type(1e-8)), 0.1, true);\n      |                ~~~~~^~~~~~~~~~~~~~~~~~~~~~~~~~~~~~~~~~~~~~~~~~~~~~~~~~~~~~~~~~~~~~~~~~~~~~~~~~\n/home/spi085/R/x86_64-pc-linux-gnu-library/4.4/TMB/include/dnorm.hpp:23:17: note: candidate: \u2018template<class Type> tmbutils::vector<Type> dnorm(const tmbutils::vector<Type>&, const tmbutils::vector<Type>&, Type, int)\u2019\n   23 | VECTORIZE4_ttti(dnorm)\n      |                 ^~~~~\n/home/spi085/R/x86_64-pc-linux-gnu-library/4.4/TMB/include/Vectorize.hpp:38:14: note: in definition of macro \u2018GVECTORIZE\u2019\n   38 | vector<Type> FUN( declare##Type1(arg1) comma##Type2                     \\\n      |              ^~~\n/home/spi085/R/x86_64-pc-linux-gnu-library/4.4/TMB/include/dnorm.hpp:23:1: note: in expansion of macro \u2018VECTORIZE4_ttti\u2019\n   23 | VECTORIZE4_ttti(dnorm)\n      | ^~~~~~~~~~~~~~~\n/home/spi085/R/x86_64-pc-linux-gnu-library/4.4/TMB/include/dnorm.hpp:23:17: note:   template argument deduction/substitution failed:\n   23 | VECTORIZE4_ttti(dnorm)\n      |                 ^~~~~\n/home/spi085/R/x86_64-pc-linux-gnu-library/4.4/TMB/include/Vectorize.hpp:38:14: note: in definition of macro \u2018GVECTORIZE\u2019\n   38 | vector<Type> FUN( declare##Type1(arg1) comma##Type2                     \\\n      |              ^~~\n/home/spi085/R/x86_64-pc-linux-gnu-library/4.4/TMB/include/dnorm.hpp:23:1: note: in expansion of macro \u2018VECTORIZE4_ttti\u2019\n   23 | VECTORIZE4_ttti(dnorm)\n      | ^~~~~~~~~~~~~~~\nPOPULATIONS/POPULATION_0007/INDIVIDUAL_Z3TPUTXP/model.cpp:76:21: note:   \u2018CppAD::AD<double>\u2019 is not derived from \u2018const tmbutils::vector<Type>\u2019\n   76 |         nll -= dnorm(log(cots_dat[t] + Type(1e-8)), log(cots_pred[t] + Type(1e-8)), 0.1, true);\n      |                ~~~~~^~~~~~~~~~~~~~~~~~~~~~~~~~~~~~~~~~~~~~~~~~~~~~~~~~~~~~~~~~~~~~~~~~~~~~~~~~\n/home/spi085/R/x86_64-pc-linux-gnu-library/4.4/TMB/include/dnorm.hpp:23:17: note: candidate: \u2018template<class Type> tmbutils::vector<Type> dnorm(Type, const tmbutils::vector<Type>&, const tmbutils::vector<Type>&, int)\u2019\n   23 | VECTORIZE4_ttti(dnorm)\n      |                 ^~~~~\n/home/spi085/R/x86_64-pc-linux-gnu-library/4.4/TMB/include/Vectorize.hpp:38:14: note: in definition of macro \u2018GVECTORIZE\u2019\n   38 | vector<Type> FUN( declare##Type1(arg1) comma##Type2                     \\\n      |              ^~~\n/home/spi085/R/x86_64-pc-linux-gnu-library/4.4/TMB/include/dnorm.hpp:23:1: note: in expansion of macro \u2018VECTORIZE4_ttti\u2019\n   23 | VECTORIZE4_ttti(dnorm)\n      | ^~~~~~~~~~~~~~~\n/home/spi085/R/x86_64-pc-linux-gnu-library/4.4/TMB/include/dnorm.hpp:23:17: note:   template argument deduction/substitution failed:\n   23 | VECTORIZE4_ttti(dnorm)\n      |                 ^~~~~\n/home/spi085/R/x86_64-pc-linux-gnu-library/4.4/TMB/include/Vectorize.hpp:38:14: note: in definition of macro \u2018GVECTORIZE\u2019\n   38 | vector<Type> FUN( declare##Type1(arg1) comma##Type2                     \\\n      |              ^~~\n/home/spi085/R/x86_64-pc-linux-gnu-library/4.4/TMB/include/dnorm.hpp:23:1: note: in expansion of macro \u2018VECTORIZE4_ttti\u2019\n   23 | VECTORIZE4_ttti(dnorm)\n      | ^~~~~~~~~~~~~~~\nPOPULATIONS/POPULATION_0007/INDIVIDUAL_Z3TPUTXP/model.cpp:76:21: note:   \u2018CppAD::AD<double>\u2019 is not derived from \u2018const tmbutils::vector<Type>\u2019\n   76 |         nll -= dnorm(log(cots_dat[t] + Type(1e-8)), log(cots_pred[t] + Type(1e-8)), 0.1, true);\n      |                ~~~~~^~~~~~~~~~~~~~~~~~~~~~~~~~~~~~~~~~~~~~~~~~~~~~~~~~~~~~~~~~~~~~~~~~~~~~~~~~\n/home/spi085/R/x86_64-pc-linux-gnu-library/4.4/TMB/include/dnorm.hpp:23:17: note: candidate: \u2018template<class Type> tmbutils::vector<Type> dnorm(const tmbutils::vector<Type>&, Type, const tmbutils::vector<Type>&, int)\u2019\n   23 | VECTORIZE4_ttti(dnorm)\n      |                 ^~~~~\n/home/spi085/R/x86_64-pc-linux-gnu-library/4.4/TMB/include/Vectorize.hpp:38:14: note: in definition of macro \u2018GVECTORIZE\u2019\n   38 | vector<Type> FUN( declare##Type1(arg1) comma##Type2                     \\\n      |              ^~~\n/home/spi085/R/x86_64-pc-linux-gnu-library/4.4/TMB/include/dnorm.hpp:23:1: note: in expansion of macro \u2018VECTORIZE4_ttti\u2019\n   23 | VECTORIZE4_ttti(dnorm)\n      | ^~~~~~~~~~~~~~~\n/home/spi085/R/x86_64-pc-linux-gnu-library/4.4/TMB/include/dnorm.hpp:23:17: note:   template argument deduction/substitution failed:\n   23 | VECTORIZE4_ttti(dnorm)\n      |                 ^~~~~\n/home/spi085/R/x86_64-pc-linux-gnu-library/4.4/TMB/include/Vectorize.hpp:38:14: note: in definition of macro \u2018GVECTORIZE\u2019\n   38 | vector<Type> FUN( declare##Type1(arg1) comma##Type2                     \\\n      |              ^~~\n/home/spi085/R/x86_64-pc-linux-gnu-library/4.4/TMB/include/dnorm.hpp:23:1: note: in expansion of macro \u2018VECTORIZE4_ttti\u2019\n   23 | VECTORIZE4_ttti(dnorm)\n      | ^~~~~~~~~~~~~~~\nPOPULATIONS/POPULATION_0007/INDIVIDUAL_Z3TPUTXP/model.cpp:76:21: note:   \u2018CppAD::AD<double>\u2019 is not derived from \u2018const tmbutils::vector<Type>\u2019\n   76 |         nll -= dnorm(log(cots_dat[t] + Type(1e-8)), log(cots_pred[t] + Type(1e-8)), 0.1, true);\n      |                ~~~~~^~~~~~~~~~~~~~~~~~~~~~~~~~~~~~~~~~~~~~~~~~~~~~~~~~~~~~~~~~~~~~~~~~~~~~~~~~\n/home/spi085/R/x86_64-pc-linux-gnu-library/4.4/TMB/include/dnorm.hpp:23:17: note: candidate: \u2018template<class Type> tmbutils::vector<Type> dnorm(const tmbutils::vector<Type>&, const tmbutils::vector<Type>&, const tmbutils::vector<Type>&, int)\u2019\n   23 | VECTORIZE4_ttti(dnorm)\n      |                 ^~~~~\n/home/spi085/R/x86_64-pc-linux-gnu-library/4.4/TMB/include/Vectorize.hpp:38:14: note: in definition of macro \u2018GVECTORIZE\u2019\n   38 | vector<Type> FUN( declare##Type1(arg1) comma##Type2                     \\\n      |              ^~~\n/home/spi085/R/x86_64-pc-linux-gnu-library/4.4/TMB/include/dnorm.hpp:23:1: note: in expansion of macro \u2018VECTORIZE4_ttti\u2019\n   23 | VECTORIZE4_ttti(dnorm)\n      | ^~~~~~~~~~~~~~~\n/home/spi085/R/x86_64-pc-linux-gnu-library/4.4/TMB/include/dnorm.hpp:23:17: note:   template argument deduction/substitution failed:\n   23 | VECTORIZE4_ttti(dnorm)\n      |                 ^~~~~\n/home/spi085/R/x86_64-pc-linux-gnu-library/4.4/TMB/include/Vectorize.hpp:38:14: note: in definition of macro \u2018GVECTORIZE\u2019\n   38 | vector<Type> FUN( declare##Type1(arg1) comma##Type2                     \\\n      |              ^~~\n/home/spi085/R/x86_64-pc-linux-gnu-library/4.4/TMB/include/dnorm.hpp:23:1: note: in expansion of macro \u2018VECTORIZE4_ttti\u2019\n   23 | VECTORIZE4_ttti(dnorm)\n      | ^~~~~~~~~~~~~~~\nPOPULATIONS/POPULATION_0007/INDIVIDUAL_Z3TPUTXP/model.cpp:76:21: note:   \u2018CppAD::AD<double>\u2019 is not derived from \u2018const tmbutils::vector<Type>\u2019\n   76 |         nll -= dnorm(log(cots_dat[t] + Type(1e-8)), log(cots_pred[t] + Type(1e-8)), 0.1, true);\n      |                ~~~~~^~~~~~~~~~~~~~~~~~~~~~~~~~~~~~~~~~~~~~~~~~~~~~~~~~~~~~~~~~~~~~~~~~~~~~~~~~\nPOPULATIONS/POPULATION_0007/INDIVIDUAL_Z3TPUTXP/model.cpp:77:21: error: no matching function for call to \u2018dnorm(CppAD::AD<double>, CppAD::AD<double>, double, bool)\u2019\n   77 |         nll -= dnorm(log(fast_dat[t] + Type(1e-8)), log(fast_pred[t] + Type(1e-8)), 0.1, true);\n      |                ~~~~~^~~~~~~~~~~~~~~~~~~~~~~~~~~~~~~~~~~~~~~~~~~~~~~~~~~~~~~~~~~~~~~~~~~~~~~~~~\n/home/spi085/R/x86_64-pc-linux-gnu-library/4.4/TMB/include/dnorm.hpp:17:6: note: candidate: \u2018template<class Type> Type dnorm(Type, Type, Type, int)\u2019\n   17 | Type dnorm(Type x, Type mean, Type sd, int give_log=0)\n      |      ^~~~~\n/home/spi085/R/x86_64-pc-linux-gnu-library/4.4/TMB/include/dnorm.hpp:17:6: note:   template argument deduction/substitution failed:\nPOPULATIONS/POPULATION_0007/INDIVIDUAL_Z3TPUTXP/model.cpp:77:21: note:   deduced conflicting types for parameter \u2018Type\u2019 (\u2018CppAD::AD<double>\u2019 and \u2018double\u2019)\n   77 |         nll -= dnorm(log(fast_dat[t] + Type(1e-8)), log(fast_pred[t] + Type(1e-8)), 0.1, true);\n      |                ~~~~~^~~~~~~~~~~~~~~~~~~~~~~~~~~~~~~~~~~~~~~~~~~~~~~~~~~~~~~~~~~~~~~~~~~~~~~~~~\n/home/spi085/R/x86_64-pc-linux-gnu-library/4.4/TMB/include/dnorm.hpp:23:17: note: candidate: \u2018template<class Type> tmbutils::vector<Type> dnorm(const tmbutils::vector<Type>&, Type, Type, int)\u2019\n   23 | VECTORIZE4_ttti(dnorm)\n      |                 ^~~~~\n/home/spi085/R/x86_64-pc-linux-gnu-library/4.4/TMB/include/Vectorize.hpp:38:14: note: in definition of macro \u2018GVECTORIZE\u2019\n   38 | vector<Type> FUN( declare##Type1(arg1) comma##Type2                     \\\n      |              ^~~\n/home/spi085/R/x86_64-pc-linux-gnu-library/4.4/TMB/include/dnorm.hpp:23:1: note: in expansion of macro \u2018VECTORIZE4_ttti\u2019\n   23 | VECTORIZE4_ttti(dnorm)\n      | ^~~~~~~~~~~~~~~\n/home/spi085/R/x86_64-pc-linux-gnu-library/4.4/TMB/include/dnorm.hpp:23:17: note:   template argument deduction/substitution failed:\n   23 | VECTORIZE4_ttti(dnorm)\n      |                 ^~~~~\n/home/spi085/R/x86_64-pc-linux-gnu-library/4.4/TMB/include/Vectorize.hpp:38:14: note: in definition of macro \u2018GVECTORIZE\u2019\n   38 | vector<Type> FUN( declare##Type1(arg1) comma##Type2                     \\\n      |              ^~~\n/home/spi085/R/x86_64-pc-linux-gnu-library/4.4/TMB/include/dnorm.hpp:23:1: note: in expansion of macro \u2018VECTORIZE4_ttti\u2019\n   23 | VECTORIZE4_ttti(dnorm)\n      | ^~~~~~~~~~~~~~~\nPOPULATIONS/POPULATION_0007/INDIVIDUAL_Z3TPUTXP/model.cpp:77:21: note:   \u2018CppAD::AD<double>\u2019 is not derived from \u2018const tmbutils::vector<Type>\u2019\n   77 |         nll -= dnorm(log(fast_dat[t] + Type(1e-8)), log(fast_pred[t] + Type(1e-8)), 0.1, true);\n      |                ~~~~~^~~~~~~~~~~~~~~~~~~~~~~~~~~~~~~~~~~~~~~~~~~~~~~~~~~~~~~~~~~~~~~~~~~~~~~~~~\n/home/spi085/R/x86_64-pc-linux-gnu-library/4.4/TMB/include/dnorm.hpp:23:17: note: candidate: \u2018template<class Type> tmbutils::vector<Type> dnorm(Type, const tmbutils::vector<Type>&, Type, int)\u2019\n   23 | VECTORIZE4_ttti(dnorm)\n      |                 ^~~~~\n/home/spi085/R/x86_64-pc-linux-gnu-library/4.4/TMB/include/Vectorize.hpp:38:14: note: in definition of macro \u2018GVECTORIZE\u2019\n   38 | vector<Type> FUN( declare##Type1(arg1) comma##Type2                     \\\n      |              ^~~\n/home/spi085/R/x86_64-pc-linux-gnu-library/4.4/TMB/include/dnorm.hpp:23:1: note: in expansion of macro \u2018VECTORIZE4_ttti\u2019\n   23 | VECTORIZE4_ttti(dnorm)\n      | ^~~~~~~~~~~~~~~\n/home/spi085/R/x86_64-pc-linux-gnu-library/4.4/TMB/include/dnorm.hpp:23:17: note:   template argument deduction/substitution failed:\n   23 | VECTORIZE4_ttti(dnorm)\n      |                 ^~~~~\n/home/spi085/R/x86_64-pc-linux-gnu-library/4.4/TMB/include/Vectorize.hpp:38:14: note: in definition of macro \u2018GVECTORIZE\u2019\n   38 | vector<Type> FUN( declare##Type1(arg1) comma##Type2                     \\\n      |              ^~~\n/home/spi085/R/x86_64-pc-linux-gnu-library/4.4/TMB/include/dnorm.hpp:23:1: note: in expansion of macro \u2018VECTORIZE4_ttti\u2019\n   23 | VECTORIZE4_ttti(dnorm)\n      | ^~~~~~~~~~~~~~~\nPOPULATIONS/POPULATION_0007/INDIVIDUAL_Z3TPUTXP/model.cpp:77:21: note:   \u2018CppAD::AD<double>\u2019 is not derived from \u2018const tmbutils::vector<Type>\u2019\n   77 |         nll -= dnorm(log(fast_dat[t] + Type(1e-8)), log(fast_pred[t] + Type(1e-8)), 0.1, true);\n      |                ~~~~~^~~~~~~~~~~~~~~~~~~~~~~~~~~~~~~~~~~~~~~~~~~~~~~~~~~~~~~~~~~~~~~~~~~~~~~~~~\n/home/spi085/R/x86_64-pc-linux-gnu-library/4.4/TMB/include/dnorm.hpp:23:17: note: candidate: \u2018template<class Type> tmbutils::vector<Type> dnorm(Type, Type, const tmbutils::vector<Type>&, int)\u2019\n   23 | VECTORIZE4_ttti(dnorm)\n      |                 ^~~~~\n/home/spi085/R/x86_64-pc-linux-gnu-library/4.4/TMB/include/Vectorize.hpp:38:14: note: in definition of macro \u2018GVECTORIZE\u2019\n   38 | vector<Type> FUN( declare##Type1(arg1) comma##Type2                     \\\n      |              ^~~\n/home/spi085/R/x86_64-pc-linux-gnu-library/4.4/TMB/include/dnorm.hpp:23:1: note: in expansion of macro \u2018VECTORIZE4_ttti\u2019\n   23 | VECTORIZE4_ttti(dnorm)\n      | ^~~~~~~~~~~~~~~\n/home/spi085/R/x86_64-pc-linux-gnu-library/4.4/TMB/include/dnorm.hpp:23:17: note:   template argument deduction/substitution failed:\n   23 | VECTORIZE4_ttti(dnorm)\n      |                 ^~~~~\n/home/spi085/R/x86_64-pc-linux-gnu-library/4.4/TMB/include/Vectorize.hpp:38:14: note: in definition of macro \u2018GVECTORIZE\u2019\n   38 | vector<Type> FUN( declare##Type1(arg1) comma##Type2                     \\\n      |              ^~~\n/home/spi085/R/x86_64-pc-linux-gnu-library/4.4/TMB/include/dnorm.hpp:23:1: note: in expansion of macro \u2018VECTORIZE4_ttti\u2019\n   23 | VECTORIZE4_ttti(dnorm)\n      | ^~~~~~~~~~~~~~~\nPOPULATIONS/POPULATION_0007/INDIVIDUAL_Z3TPUTXP/model.cpp:77:21: note:   mismatched types \u2018const tmbutils::vector<Type>\u2019 and \u2018double\u2019\n   77 |         nll -= dnorm(log(fast_dat[t] + Type(1e-8)), log(fast_pred[t] + Type(1e-8)), 0.1, true);\n      |                ~~~~~^~~~~~~~~~~~~~~~~~~~~~~~~~~~~~~~~~~~~~~~~~~~~~~~~~~~~~~~~~~~~~~~~~~~~~~~~~\n/home/spi085/R/x86_64-pc-linux-gnu-library/4.4/TMB/include/dnorm.hpp:23:17: note: candidate: \u2018template<class Type> tmbutils::vector<Type> dnorm(const tmbutils::vector<Type>&, const tmbutils::vector<Type>&, Type, int)\u2019\n   23 | VECTORIZE4_ttti(dnorm)\n      |                 ^~~~~\n/home/spi085/R/x86_64-pc-linux-gnu-library/4.4/TMB/include/Vectorize.hpp:38:14: note: in definition of macro \u2018GVECTORIZE\u2019\n   38 | vector<Type> FUN( declare##Type1(arg1) comma##Type2                     \\\n      |              ^~~\n/home/spi085/R/x86_64-pc-linux-gnu-library/4.4/TMB/include/dnorm.hpp:23:1: note: in expansion of macro \u2018VECTORIZE4_ttti\u2019\n   23 | VECTORIZE4_ttti(dnorm)\n      | ^~~~~~~~~~~~~~~\n/home/spi085/R/x86_64-pc-linux-gnu-library/4.4/TMB/include/dnorm.hpp:23:17: note:   template argument deduction/substitution failed:\n   23 | VECTORIZE4_ttti(dnorm)\n      |                 ^~~~~\n/home/spi085/R/x86_64-pc-linux-gnu-library/4.4/TMB/include/Vectorize.hpp:38:14: note: in definition of macro \u2018GVECTORIZE\u2019\n   38 | vector<Type> FUN( declare##Type1(arg1) comma##Type2                     \\\n      |              ^~~\n/home/spi085/R/x86_64-pc-linux-gnu-library/4.4/TMB/include/dnorm.hpp:23:1: note: in expansion of macro \u2018VECTORIZE4_ttti\u2019\n   23 | VECTORIZE4_ttti(dnorm)\n      | ^~~~~~~~~~~~~~~\nPOPULATIONS/POPULATION_0007/INDIVIDUAL_Z3TPUTXP/model.cpp:77:21: note:   \u2018CppAD::AD<double>\u2019 is not derived from \u2018const tmbutils::vector<Type>\u2019\n   77 |         nll -= dnorm(log(fast_dat[t] + Type(1e-8)), log(fast_pred[t] + Type(1e-8)), 0.1, true);\n      |                ~~~~~^~~~~~~~~~~~~~~~~~~~~~~~~~~~~~~~~~~~~~~~~~~~~~~~~~~~~~~~~~~~~~~~~~~~~~~~~~\n/home/spi085/R/x86_64-pc-linux-gnu-library/4.4/TMB/include/dnorm.hpp:23:17: note: candidate: \u2018template<class Type> tmbutils::vector<Type> dnorm(Type, const tmbutils::vector<Type>&, const tmbutils::vector<Type>&, int)\u2019\n   23 | VECTORIZE4_ttti(dnorm)\n      |                 ^~~~~\n/home/spi085/R/x86_64-pc-linux-gnu-library/4.4/TMB/include/Vectorize.hpp:38:14: note: in definition of macro \u2018GVECTORIZE\u2019\n   38 | vector<Type> FUN( declare##Type1(arg1) comma##Type2                     \\\n      |              ^~~\n/home/spi085/R/x86_64-pc-linux-gnu-library/4.4/TMB/include/dnorm.hpp:23:1: note: in expansion of macro \u2018VECTORIZE4_ttti\u2019\n   23 | VECTORIZE4_ttti(dnorm)\n      | ^~~~~~~~~~~~~~~\n/home/spi085/R/x86_64-pc-linux-gnu-library/4.4/TMB/include/dnorm.hpp:23:17: note:   template argument deduction/substitution failed:\n   23 | VECTORIZE4_ttti(dnorm)\n      |                 ^~~~~\n/home/spi085/R/x86_64-pc-linux-gnu-library/4.4/TMB/include/Vectorize.hpp:38:14: note: in definition of macro \u2018GVECTORIZE\u2019\n   38 | vector<Type> FUN( declare##Type1(arg1) comma##Type2                     \\\n      |              ^~~\n/home/spi085/R/x86_64-pc-linux-gnu-library/4.4/TMB/include/dnorm.hpp:23:1: note: in expansion of macro \u2018VECTORIZE4_ttti\u2019\n   23 | VECTORIZE4_ttti(dnorm)\n      | ^~~~~~~~~~~~~~~\nPOPULATIONS/POPULATION_0007/INDIVIDUAL_Z3TPUTXP/model.cpp:77:21: note:   \u2018CppAD::AD<double>\u2019 is not derived from \u2018const tmbutils::vector<Type>\u2019\n   77 |         nll -= dnorm(log(fast_dat[t] + Type(1e-8)), log(fast_pred[t] + Type(1e-8)), 0.1, true);\n      |                ~~~~~^~~~~~~~~~~~~~~~~~~~~~~~~~~~~~~~~~~~~~~~~~~~~~~~~~~~~~~~~~~~~~~~~~~~~~~~~~\n/home/spi085/R/x86_64-pc-linux-gnu-library/4.4/TMB/include/dnorm.hpp:23:17: note: candidate: \u2018template<class Type> tmbutils::vector<Type> dnorm(const tmbutils::vector<Type>&, Type, const tmbutils::vector<Type>&, int)\u2019\n   23 | VECTORIZE4_ttti(dnorm)\n      |                 ^~~~~\n/home/spi085/R/x86_64-pc-linux-gnu-library/4.4/TMB/include/Vectorize.hpp:38:14: note: in definition of macro \u2018GVECTORIZE\u2019\n   38 | vector<Type> FUN( declare##Type1(arg1) comma##Type2                     \\\n      |              ^~~\n/home/spi085/R/x86_64-pc-linux-gnu-library/4.4/TMB/include/dnorm.hpp:23:1: note: in expansion of macro \u2018VECTORIZE4_ttti\u2019\n   23 | VECTORIZE4_ttti(dnorm)\n      | ^~~~~~~~~~~~~~~\n/home/spi085/R/x86_64-pc-linux-gnu-library/4.4/TMB/include/dnorm.hpp:23:17: note:   template argument deduction/substitution failed:\n   23 | VECTORIZE4_ttti(dnorm)\n      |                 ^~~~~\n/home/spi085/R/x86_64-pc-linux-gnu-library/4.4/TMB/include/Vectorize.hpp:38:14: note: in definition of macro \u2018GVECTORIZE\u2019\n   38 | vector<Type> FUN( declare##Type1(arg1) comma##Type2                     \\\n      |              ^~~\n/home/spi085/R/x86_64-pc-linux-gnu-library/4.4/TMB/include/dnorm.hpp:23:1: note: in expansion of macro \u2018VECTORIZE4_ttti\u2019\n   23 | VECTORIZE4_ttti(dnorm)\n      | ^~~~~~~~~~~~~~~\nPOPULATIONS/POPULATION_0007/INDIVIDUAL_Z3TPUTXP/model.cpp:77:21: note:   \u2018CppAD::AD<double>\u2019 is not derived from \u2018const tmbutils::vector<Type>\u2019\n   77 |         nll -= dnorm(log(fast_dat[t] + Type(1e-8)), log(fast_pred[t] + Type(1e-8)), 0.1, true);\n      |                ~~~~~^~~~~~~~~~~~~~~~~~~~~~~~~~~~~~~~~~~~~~~~~~~~~~~~~~~~~~~~~~~~~~~~~~~~~~~~~~\n/home/spi085/R/x86_64-pc-linux-gnu-library/4.4/TMB/include/dnorm.hpp:23:17: note: candidate: \u2018template<class Type> tmbutils::vector<Type> dnorm(const tmbutils::vector<Type>&, const tmbutils::vector<Type>&, const tmbutils::vector<Type>&, int)\u2019\n   23 | VECTORIZE4_ttti(dnorm)\n      |                 ^~~~~\n/home/spi085/R/x86_64-pc-linux-gnu-library/4.4/TMB/include/Vectorize.hpp:38:14: note: in definition of macro \u2018GVECTORIZE\u2019\n   38 | vector<Type> FUN( declare##Type1(arg1) comma##Type2                     \\\n      |              ^~~\n/home/spi085/R/x86_64-pc-linux-gnu-library/4.4/TMB/include/dnorm.hpp:23:1: note: in expansion of macro \u2018VECTORIZE4_ttti\u2019\n   23 | VECTORIZE4_ttti(dnorm)\n      | ^~~~~~~~~~~~~~~\n/home/spi085/R/x86_64-pc-linux-gnu-library/4.4/TMB/include/dnorm.hpp:23:17: note:   template argument deduction/substitution failed:\n   23 | VECTORIZE4_ttti(dnorm)\n      |                 ^~~~~\n/home/spi085/R/x86_64-pc-linux-gnu-library/4.4/TMB/include/Vectorize.hpp:38:14: note: in definition of macro \u2018GVECTORIZE\u2019\n   38 | vector<Type> FUN( declare##Type1(arg1) comma##Type2                     \\\n      |              ^~~\n/home/spi085/R/x86_64-pc-linux-gnu-library/4.4/TMB/include/dnorm.hpp:23:1: note: in expansion of macro \u2018VECTORIZE4_ttti\u2019\n   23 | VECTORIZE4_ttti(dnorm)\n      | ^~~~~~~~~~~~~~~\nPOPULATIONS/POPULATION_0007/INDIVIDUAL_Z3TPUTXP/model.cpp:77:21: note:   \u2018CppAD::AD<double>\u2019 is not derived from \u2018const tmbutils::vector<Type>\u2019\n   77 |         nll -= dnorm(log(fast_dat[t] + Type(1e-8)), log(fast_pred[t] + Type(1e-8)), 0.1, true);\n      |                ~~~~~^~~~~~~~~~~~~~~~~~~~~~~~~~~~~~~~~~~~~~~~~~~~~~~~~~~~~~~~~~~~~~~~~~~~~~~~~~\nPOPULATIONS/POPULATION_0007/INDIVIDUAL_Z3TPUTXP/model.cpp:78:21: error: no matching function for call to \u2018dnorm(CppAD::AD<double>, CppAD::AD<double>, double, bool)\u2019\n   78 |         nll -= dnorm(log(slow_dat[t] + Type(1e-8)), log(slow_pred[t] + Type(1e-8)), 0.1, true);\n      |                ~~~~~^~~~~~~~~~~~~~~~~~~~~~~~~~~~~~~~~~~~~~~~~~~~~~~~~~~~~~~~~~~~~~~~~~~~~~~~~~\n/home/spi085/R/x86_64-pc-linux-gnu-library/4.4/TMB/include/dnorm.hpp:17:6: note: candidate: \u2018template<class Type> Type dnorm(Type, Type, Type, int)\u2019\n   17 | Type dnorm(Type x, Type mean, Type sd, int give_log=0)\n      |      ^~~~~\n/home/spi085/R/x86_64-pc-linux-gnu-library/4.4/TMB/include/dnorm.hpp:17:6: note:   template argument deduction/substitution failed:\nPOPULATIONS/POPULATION_0007/INDIVIDUAL_Z3TPUTXP/model.cpp:78:21: note:   deduced conflicting types for parameter \u2018Type\u2019 (\u2018CppAD::AD<double>\u2019 and \u2018double\u2019)\n   78 |         nll -= dnorm(log(slow_dat[t] + Type(1e-8)), log(slow_pred[t] + Type(1e-8)), 0.1, true);\n      |                ~~~~~^~~~~~~~~~~~~~~~~~~~~~~~~~~~~~~~~~~~~~~~~~~~~~~~~~~~~~~~~~~~~~~~~~~~~~~~~~\n/home/spi085/R/x86_64-pc-linux-gnu-library/4.4/TMB/include/dnorm.hpp:23:17: note: candidate: \u2018template<class Type> tmbutils::vector<Type> dnorm(const tmbutils::vector<Type>&, Type, Type, int)\u2019\n   23 | VECTORIZE4_ttti(dnorm)\n      |                 ^~~~~\n/home/spi085/R/x86_64-pc-linux-gnu-library/4.4/TMB/include/Vectorize.hpp:38:14: note: in definition of macro \u2018GVECTORIZE\u2019\n   38 | vector<Type> FUN( declare##Type1(arg1) comma##Type2                     \\\n      |              ^~~\n/home/spi085/R/x86_64-pc-linux-gnu-library/4.4/TMB/include/dnorm.hpp:23:1: note: in expansion of macro \u2018VECTORIZE4_ttti\u2019\n   23 | VECTORIZE4_ttti(dnorm)\n      | ^~~~~~~~~~~~~~~\n/home/spi085/R/x86_64-pc-linux-gnu-library/4.4/TMB/include/dnorm.hpp:23:17: note:   template argument deduction/substitution failed:\n   23 | VECTORIZE4_ttti(dnorm)\n      |                 ^~~~~\n/home/spi085/R/x86_64-pc-linux-gnu-library/4.4/TMB/include/Vectorize.hpp:38:14: note: in definition of macro \u2018GVECTORIZE\u2019\n   38 | vector<Type> FUN( declare##Type1(arg1) comma##Type2                     \\\n      |              ^~~\n/home/spi085/R/x86_64-pc-linux-gnu-library/4.4/TMB/include/dnorm.hpp:23:1: note: in expansion of macro \u2018VECTORIZE4_ttti\u2019\n   23 | VECTORIZE4_ttti(dnorm)\n      | ^~~~~~~~~~~~~~~\nPOPULATIONS/POPULATION_0007/INDIVIDUAL_Z3TPUTXP/model.cpp:78:21: note:   \u2018CppAD::AD<double>\u2019 is not derived from \u2018const tmbutils::vector<Type>\u2019\n   78 |         nll -= dnorm(log(slow_dat[t] + Type(1e-8)), log(slow_pred[t] + Type(1e-8)), 0.1, true);\n      |                ~~~~~^~~~~~~~~~~~~~~~~~~~~~~~~~~~~~~~~~~~~~~~~~~~~~~~~~~~~~~~~~~~~~~~~~~~~~~~~~\n/home/spi085/R/x86_64-pc-linux-gnu-library/4.4/TMB/include/dnorm.hpp:23:17: note: candidate: \u2018template<class Type> tmbutils::vector<Type> dnorm(Type, const tmbutils::vector<Type>&, Type, int)\u2019\n   23 | VECTORIZE4_ttti(dnorm)\n      |                 ^~~~~\n/home/spi085/R/x86_64-pc-linux-gnu-library/4.4/TMB/include/Vectorize.hpp:38:14: note: in definition of macro \u2018GVECTORIZE\u2019\n   38 | vector<Type> FUN( declare##Type1(arg1) comma##Type2                     \\\n      |              ^~~\n/home/spi085/R/x86_64-pc-linux-gnu-library/4.4/TMB/include/dnorm.hpp:23:1: note: in expansion of macro \u2018VECTORIZE4_ttti\u2019\n   23 | VECTORIZE4_ttti(dnorm)\n      | ^~~~~~~~~~~~~~~\n/home/spi085/R/x86_64-pc-linux-gnu-library/4.4/TMB/include/dnorm.hpp:23:17: note:   template argument deduction/substitution failed:\n   23 | VECTORIZE4_ttti(dnorm)\n      |                 ^~~~~\n/home/spi085/R/x86_64-pc-linux-gnu-library/4.4/TMB/include/Vectorize.hpp:38:14: note: in definition of macro \u2018GVECTORIZE\u2019\n   38 | vector<Type> FUN( declare##Type1(arg1) comma##Type2                     \\\n      |              ^~~\n/home/spi085/R/x86_64-pc-linux-gnu-library/4.4/TMB/include/dnorm.hpp:23:1: note: in expansion of macro \u2018VECTORIZE4_ttti\u2019\n   23 | VECTORIZE4_ttti(dnorm)\n      | ^~~~~~~~~~~~~~~\nPOPULATIONS/POPULATION_0007/INDIVIDUAL_Z3TPUTXP/model.cpp:78:21: note:   \u2018CppAD::AD<double>\u2019 is not derived from \u2018const tmbutils::vector<Type>\u2019\n   78 |         nll -= dnorm(log(slow_dat[t] + Type(1e-8)), log(slow_pred[t] + Type(1e-8)), 0.1, true);\n      |                ~~~~~^~~~~~~~~~~~~~~~~~~~~~~~~~~~~~~~~~~~~~~~~~~~~~~~~~~~~~~~~~~~~~~~~~~~~~~~~~\n/home/spi085/R/x86_64-pc-linux-gnu-library/4.4/TMB/include/dnorm.hpp:23:17: note: candidate: \u2018template<class Type> tmbutils::vector<Type> dnorm(Type, Type, const tmbutils::vector<Type>&, int)\u2019\n   23 | VECTORIZE4_ttti(dnorm)\n      |                 ^~~~~\n/home/spi085/R/x86_64-pc-linux-gnu-library/4.4/TMB/include/Vectorize.hpp:38:14: note: in definition of macro \u2018GVECTORIZE\u2019\n   38 | vector<Type> FUN( declare##Type1(arg1) comma##Type2                     \\\n      |              ^~~\n/home/spi085/R/x86_64-pc-linux-gnu-library/4.4/TMB/include/dnorm.hpp:23:1: note: in expansion of macro \u2018VECTORIZE4_ttti\u2019\n   23 | VECTORIZE4_ttti(dnorm)\n      | ^~~~~~~~~~~~~~~\n/home/spi085/R/x86_64-pc-linux-gnu-library/4.4/TMB/include/dnorm.hpp:23:17: note:   template argument deduction/substitution failed:\n   23 | VECTORIZE4_ttti(dnorm)\n      |                 ^~~~~\n/home/spi085/R/x86_64-pc-linux-gnu-library/4.4/TMB/include/Vectorize.hpp:38:14: note: in definition of macro \u2018GVECTORIZE\u2019\n   38 | vector<Type> FUN( declare##Type1(arg1) comma##Type2                     \\\n      |              ^~~\n/home/spi085/R/x86_64-pc-linux-gnu-library/4.4/TMB/include/dnorm.hpp:23:1: note: in expansion of macro \u2018VECTORIZE4_ttti\u2019\n   23 | VECTORIZE4_ttti(dnorm)\n      | ^~~~~~~~~~~~~~~\nPOPULATIONS/POPULATION_0007/INDIVIDUAL_Z3TPUTXP/model.cpp:78:21: note:   mismatched types \u2018const tmbutils::vector<Type>\u2019 and \u2018double\u2019\n   78 |         nll -= dnorm(log(slow_dat[t] + Type(1e-8)), log(slow_pred[t] + Type(1e-8)), 0.1, true);\n      |                ~~~~~^~~~~~~~~~~~~~~~~~~~~~~~~~~~~~~~~~~~~~~~~~~~~~~~~~~~~~~~~~~~~~~~~~~~~~~~~~\n/home/spi085/R/x86_64-pc-linux-gnu-library/4.4/TMB/include/dnorm.hpp:23:17: note: candidate: \u2018template<class Type> tmbutils::vector<Type> dnorm(const tmbutils::vector<Type>&, const tmbutils::vector<Type>&, Type, int)\u2019\n   23 | VECTORIZE4_ttti(dnorm)\n      |                 ^~~~~\n/home/spi085/R/x86_64-pc-linux-gnu-library/4.4/TMB/include/Vectorize.hpp:38:14: note: in definition of macro \u2018GVECTORIZE\u2019\n   38 | vector<Type> FUN( declare##Type1(arg1) comma##Type2                     \\\n      |              ^~~\n/home/spi085/R/x86_64-pc-linux-gnu-library/4.4/TMB/include/dnorm.hpp:23:1: note: in expansion of macro \u2018VECTORIZE4_ttti\u2019\n   23 | VECTORIZE4_ttti(dnorm)\n      | ^~~~~~~~~~~~~~~\n/home/spi085/R/x86_64-pc-linux-gnu-library/4.4/TMB/include/dnorm.hpp:23:17: note:   template argument deduction/substitution failed:\n   23 | VECTORIZE4_ttti(dnorm)\n      |                 ^~~~~\n/home/spi085/R/x86_64-pc-linux-gnu-library/4.4/TMB/include/Vectorize.hpp:38:14: note: in definition of macro \u2018GVECTORIZE\u2019\n   38 | vector<Type> FUN( declare##Type1(arg1) comma##Type2                     \\\n      |              ^~~\n/home/spi085/R/x86_64-pc-linux-gnu-library/4.4/TMB/include/dnorm.hpp:23:1: note: in expansion of macro \u2018VECTORIZE4_ttti\u2019\n   23 | VECTORIZE4_ttti(dnorm)\n      | ^~~~~~~~~~~~~~~\nPOPULATIONS/POPULATION_0007/INDIVIDUAL_Z3TPUTXP/model.cpp:78:21: note:   \u2018CppAD::AD<double>\u2019 is not derived from \u2018const tmbutils::vector<Type>\u2019\n   78 |         nll -= dnorm(log(slow_dat[t] + Type(1e-8)), log(slow_pred[t] + Type(1e-8)), 0.1, true);\n      |                ~~~~~^~~~~~~~~~~~~~~~~~~~~~~~~~~~~~~~~~~~~~~~~~~~~~~~~~~~~~~~~~~~~~~~~~~~~~~~~~\n/home/spi085/R/x86_64-pc-linux-gnu-library/4.4/TMB/include/dnorm.hpp:23:17: note: candidate: \u2018template<class Type> tmbutils::vector<Type> dnorm(Type, const tmbutils::vector<Type>&, const tmbutils::vector<Type>&, int)\u2019\n   23 | VECTORIZE4_ttti(dnorm)\n      |                 ^~~~~\n/home/spi085/R/x86_64-pc-linux-gnu-library/4.4/TMB/include/Vectorize.hpp:38:14: note: in definition of macro \u2018GVECTORIZE\u2019\n   38 | vector<Type> FUN( declare##Type1(arg1) comma##Type2                     \\\n      |              ^~~\n/home/spi085/R/x86_64-pc-linux-gnu-library/4.4/TMB/include/dnorm.hpp:23:1: note: in expansion of macro \u2018VECTORIZE4_ttti\u2019\n   23 | VECTORIZE4_ttti(dnorm)\n      | ^~~~~~~~~~~~~~~\n/home/spi085/R/x86_64-pc-linux-gnu-library/4.4/TMB/include/dnorm.hpp:23:17: note:   template argument deduction/substitution failed:\n   23 | VECTORIZE4_ttti(dnorm)\n      |                 ^~~~~\n/home/spi085/R/x86_64-pc-linux-gnu-library/4.4/TMB/include/Vectorize.hpp:38:14: note: in definition of macro \u2018GVECTORIZE\u2019\n   38 | vector<Type> FUN( declare##Type1(arg1) comma##Type2                     \\\n      |              ^~~\n/home/spi085/R/x86_64-pc-linux-gnu-library/4.4/TMB/include/dnorm.hpp:23:1: note: in expansion of macro \u2018VECTORIZE4_ttti\u2019\n   23 | VECTORIZE4_ttti(dnorm)\n      | ^~~~~~~~~~~~~~~\nPOPULATIONS/POPULATION_0007/INDIVIDUAL_Z3TPUTXP/model.cpp:78:21: note:   \u2018CppAD::AD<double>\u2019 is not derived from \u2018const tmbutils::vector<Type>\u2019\n   78 |         nll -= dnorm(log(slow_dat[t] + Type(1e-8)), log(slow_pred[t] + Type(1e-8)), 0.1, true);\n      |                ~~~~~^~~~~~~~~~~~~~~~~~~~~~~~~~~~~~~~~~~~~~~~~~~~~~~~~~~~~~~~~~~~~~~~~~~~~~~~~~\n/home/spi085/R/x86_64-pc-linux-gnu-library/4.4/TMB/include/dnorm.hpp:23:17: note: candidate: \u2018template<class Type> tmbutils::vector<Type> dnorm(const tmbutils::vector<Type>&, Type, const tmbutils::vector<Type>&, int)\u2019\n   23 | VECTORIZE4_ttti(dnorm)\n      |                 ^~~~~\n/home/spi085/R/x86_64-pc-linux-gnu-library/4.4/TMB/include/Vectorize.hpp:38:14: note: in definition of macro \u2018GVECTORIZE\u2019\n   38 | vector<Type> FUN( declare##Type1(arg1) comma##Type2                     \\\n      |              ^~~\n/home/spi085/R/x86_64-pc-linux-gnu-library/4.4/TMB/include/dnorm.hpp:23:1: note: in expansion of macro \u2018VECTORIZE4_ttti\u2019\n   23 | VECTORIZE4_ttti(dnorm)\n      | ^~~~~~~~~~~~~~~\n/home/spi085/R/x86_64-pc-linux-gnu-library/4.4/TMB/include/dnorm.hpp:23:17: note:   template argument deduction/substitution failed:\n   23 | VECTORIZE4_ttti(dnorm)\n      |                 ^~~~~\n/home/spi085/R/x86_64-pc-linux-gnu-library/4.4/TMB/include/Vectorize.hpp:38:14: note: in definition of macro \u2018GVECTORIZE\u2019\n   38 | vector<Type> FUN( declare##Type1(arg1) comma##Type2                     \\\n      |              ^~~\n/home/spi085/R/x86_64-pc-linux-gnu-library/4.4/TMB/include/dnorm.hpp:23:1: note: in expansion of macro \u2018VECTORIZE4_ttti\u2019\n   23 | VECTORIZE4_ttti(dnorm)\n      | ^~~~~~~~~~~~~~~\nPOPULATIONS/POPULATION_0007/INDIVIDUAL_Z3TPUTXP/model.cpp:78:21: note:   \u2018CppAD::AD<double>\u2019 is not derived from \u2018const tmbutils::vector<Type>\u2019\n   78 |         nll -= dnorm(log(slow_dat[t] + Type(1e-8)), log(slow_pred[t] + Type(1e-8)), 0.1, true);\n      |                ~~~~~^~~~~~~~~~~~~~~~~~~~~~~~~~~~~~~~~~~~~~~~~~~~~~~~~~~~~~~~~~~~~~~~~~~~~~~~~~\n/home/spi085/R/x86_64-pc-linux-gnu-library/4.4/TMB/include/dnorm.hpp:23:17: note: candidate: \u2018template<class Type> tmbutils::vector<Type> dnorm(const tmbutils::vector<Type>&, const tmbutils::vector<Type>&, const tmbutils::vector<Type>&, int)\u2019\n   23 | VECTORIZE4_ttti(dnorm)\n      |                 ^~~~~\n/home/spi085/R/x86_64-pc-linux-gnu-library/4.4/TMB/include/Vectorize.hpp:38:14: note: in definition of macro \u2018GVECTORIZE\u2019\n   38 | vector<Type> FUN( declare##Type1(arg1) comma##Type2                     \\\n      |              ^~~\n/home/spi085/R/x86_64-pc-linux-gnu-library/4.4/TMB/include/dnorm.hpp:23:1: note: in expansion of macro \u2018VECTORIZE4_ttti\u2019\n   23 | VECTORIZE4_ttti(dnorm)\n      | ^~~~~~~~~~~~~~~\n/home/spi085/R/x86_64-pc-linux-gnu-library/4.4/TMB/include/dnorm.hpp:23:17: note:   template argument deduction/substitution failed:\n   23 | VECTORIZE4_ttti(dnorm)\n      |                 ^~~~~\n/home/spi085/R/x86_64-pc-linux-gnu-library/4.4/TMB/include/Vectorize.hpp:38:14: note: in definition of macro \u2018GVECTORIZE\u2019\n   38 | vector<Type> FUN( declare##Type1(arg1) comma##Type2                     \\\n      |              ^~~\n/home/spi085/R/x86_64-pc-linux-gnu-library/4.4/TMB/include/dnorm.hpp:23:1: note: in expansion of macro \u2018VECTORIZE4_ttti\u2019\n   23 | VECTORIZE4_ttti(dnorm)\n      | ^~~~~~~~~~~~~~~\nPOPULATIONS/POPULATION_0007/INDIVIDUAL_Z3TPUTXP/model.cpp:78:21: note:   \u2018CppAD::AD<double>\u2019 is not derived from \u2018const tmbutils::vector<Type>\u2019\n   78 |         nll -= dnorm(log(slow_dat[t] + Type(1e-8)), log(slow_pred[t] + Type(1e-8)), 0.1, true);\n      |                ~~~~~^~~~~~~~~~~~~~~~~~~~~~~~~~~~~~~~~~~~~~~~~~~~~~~~~~~~~~~~~~~~~~~~~~~~~~~~~~\nPOPULATIONS/POPULATION_0007/INDIVIDUAL_Z3TPUTXP/model.cpp: In instantiation of \u2018Type objective_function<Type>::operator()() [with Type = CppAD::AD<CppAD::AD<double> >]\u2019:\n/home/spi085/R/x86_64-pc-linux-gnu-library/4.4/TMB/include/tmb_core.hpp:917:29:   required from \u2018Type objective_function<Type>::evalUserTemplate() [with Type = CppAD::AD<CppAD::AD<double> >]\u2019\n/home/spi085/R/x86_64-pc-linux-gnu-library/4.4/TMB/include/tmb_core.hpp:2116:26:   required from here\nPOPULATIONS/POPULATION_0007/INDIVIDUAL_Z3TPUTXP/model.cpp:70:28: error: cannot convert \u2018Eigen::DenseCoeffsBase<Eigen::Array<CppAD::AD<CppAD::AD<double> >, -1, 1, 0, -1, 1>, 1>::Scalar\u2019 {aka \u2018CppAD::AD<CppAD::AD<double> >\u2019} to \u2018double\u2019\n   70 |         cots_pred[t] = fmax(cots_pred[t], Type(0));\n      |                        ~~~~^~~~~~~~~~~~~~~~~~~~~~~\n      |                            |\n      |                            Eigen::DenseCoeffsBase<Eigen::Array<CppAD::AD<CppAD::AD<double> >, -1, 1, 0, -1, 1>, 1>::Scalar {aka CppAD::AD<CppAD::AD<double> >}\n/usr/include/x86_64-linux-gnu/bits/mathcalls.h:333:1: note:   initializing argument 1 of \u2018double fmax(double, double)\u2019\n  333 | __MATHCALLX (fmax,, (_Mdouble_ __x, _Mdouble_ __y), (__const__));\n      | ^\nPOPULATIONS/POPULATION_0007/INDIVIDUAL_Z3TPUTXP/model.cpp:71:28: error: cannot convert \u2018Eigen::DenseCoeffsBase<Eigen::Array<CppAD::AD<CppAD::AD<double> >, -1, 1, 0, -1, 1>, 1>::Scalar\u2019 {aka \u2018CppAD::AD<CppAD::AD<double> >\u2019} to \u2018double\u2019\n   71 |         fast_pred[t] = fmax(fast_pred[t], Type(0));\n      |                        ~~~~^~~~~~~~~~~~~~~~~~~~~~~\n      |                            |\n      |                            Eigen::DenseCoeffsBase<Eigen::Array<CppAD::AD<CppAD::AD<double> >, -1, 1, 0, -1, 1>, 1>::Scalar {aka CppAD::AD<CppAD::AD<double> >}\n/usr/include/x86_64-linux-gnu/bits/mathcalls.h:333:1: note:   initializing argument 1 of \u2018double fmax(double, double)\u2019\n  333 | __MATHCALLX (fmax,, (_Mdouble_ __x, _Mdouble_ __y), (__const__));\n      | ^\nPOPULATIONS/POPULATION_0007/INDIVIDUAL_Z3TPUTXP/model.cpp:72:28: error: cannot convert \u2018Eigen::DenseCoeffsBase<Eigen::Array<CppAD::AD<CppAD::AD<double> >, -1, 1, 0, -1, 1>, 1>::Scalar\u2019 {aka \u2018CppAD::AD<CppAD::AD<double> >\u2019} to \u2018double\u2019\n   72 |         slow_pred[t] = fmax(slow_pred[t], Type(0));\n      |                        ~~~~^~~~~~~~~~~~~~~~~~~~~~~\n      |                            |\n      |                            Eigen::DenseCoeffsBase<Eigen::Array<CppAD::AD<CppAD::AD<double> >, -1, 1, 0, -1, 1>, 1>::Scalar {aka CppAD::AD<CppAD::AD<double> >}\n/usr/include/x86_64-linux-gnu/bits/mathcalls.h:333:1: note:   initializing argument 1 of \u2018double fmax(double, double)\u2019\n  333 | __MATHCALLX (fmax,, (_Mdouble_ __x, _Mdouble_ __y), (__const__));\n      | ^\nPOPULATIONS/POPULATION_0007/INDIVIDUAL_Z3TPUTXP/model.cpp:76:21: error: no matching function for call to \u2018dnorm(CppAD::AD<CppAD::AD<double> >, CppAD::AD<CppAD::AD<double> >, double, bool)\u2019\n   76 |         nll -= dnorm(log(cots_dat[t] + Type(1e-8)), log(cots_pred[t] + Type(1e-8)), 0.1, true);\n      |                ~~~~~^~~~~~~~~~~~~~~~~~~~~~~~~~~~~~~~~~~~~~~~~~~~~~~~~~~~~~~~~~~~~~~~~~~~~~~~~~\n/home/spi085/R/x86_64-pc-linux-gnu-library/4.4/TMB/include/dnorm.hpp:17:6: note: candidate: \u2018template<class Type> Type dnorm(Type, Type, Type, int)\u2019\n   17 | Type dnorm(Type x, Type mean, Type sd, int give_log=0)\n      |      ^~~~~\n/home/spi085/R/x86_64-pc-linux-gnu-library/4.4/TMB/include/dnorm.hpp:17:6: note:   template argument deduction/substitution failed:\nPOPULATIONS/POPULATION_0007/INDIVIDUAL_Z3TPUTXP/model.cpp:76:21: note:   deduced conflicting types for parameter \u2018Type\u2019 (\u2018CppAD::AD<CppAD::AD<double> >\u2019 and \u2018double\u2019)\n   76 |         nll -= dnorm(log(cots_dat[t] + Type(1e-8)), log(cots_pred[t] + Type(1e-8)), 0.1, true);\n      |                ~~~~~^~~~~~~~~~~~~~~~~~~~~~~~~~~~~~~~~~~~~~~~~~~~~~~~~~~~~~~~~~~~~~~~~~~~~~~~~~\n/home/spi085/R/x86_64-pc-linux-gnu-library/4.4/TMB/include/dnorm.hpp:23:17: note: candidate: \u2018template<class Type> tmbutils::vector<Type> dnorm(const tmbutils::vector<Type>&, Type, Type, int)\u2019\n   23 | VECTORIZE4_ttti(dnorm)\n      |                 ^~~~~\n/home/spi085/R/x86_64-pc-linux-gnu-library/4.4/TMB/include/Vectorize.hpp:38:14: note: in definition of macro \u2018GVECTORIZE\u2019\n   38 | vector<Type> FUN( declare##Type1(arg1) comma##Type2                     \\\n      |              ^~~\n/home/spi085/R/x86_64-pc-linux-gnu-library/4.4/TMB/include/dnorm.hpp:23:1: note: in expansion of macro \u2018VECTORIZE4_ttti\u2019\n   23 | VECTORIZE4_ttti(dnorm)\n      | ^~~~~~~~~~~~~~~\n/home/spi085/R/x86_64-pc-linux-gnu-library/4.4/TMB/include/dnorm.hpp:23:17: note:   template argument deduction/substitution failed:\n   23 | VECTORIZE4_ttti(dnorm)\n      |                 ^~~~~\n/home/spi085/R/x86_64-pc-linux-gnu-library/4.4/TMB/include/Vectorize.hpp:38:14: note: in definition of macro \u2018GVECTORIZE\u2019\n   38 | vector<Type> FUN( declare##Type1(arg1) comma##Type2                     \\\n      |              ^~~\n/home/spi085/R/x86_64-pc-linux-gnu-library/4.4/TMB/include/dnorm.hpp:23:1: note: in expansion of macro \u2018VECTORIZE4_ttti\u2019\n   23 | VECTORIZE4_ttti(dnorm)\n      | ^~~~~~~~~~~~~~~\nPOPULATIONS/POPULATION_0007/INDIVIDUAL_Z3TPUTXP/model.cpp:76:21: note:   \u2018CppAD::AD<CppAD::AD<double> >\u2019 is not derived from \u2018const tmbutils::vector<Type>\u2019\n   76 |         nll -= dnorm(log(cots_dat[t] + Type(1e-8)), log(cots_pred[t] + Type(1e-8)), 0.1, true);\n      |                ~~~~~^~~~~~~~~~~~~~~~~~~~~~~~~~~~~~~~~~~~~~~~~~~~~~~~~~~~~~~~~~~~~~~~~~~~~~~~~~\n/home/spi085/R/x86_64-pc-linux-gnu-library/4.4/TMB/include/dnorm.hpp:23:17: note: candidate: \u2018template<class Type> tmbutils::vector<Type> dnorm(Type, const tmbutils::vector<Type>&, Type, int)\u2019\n   23 | VECTORIZE4_ttti(dnorm)\n      |                 ^~~~~\n/home/spi085/R/x86_64-pc-linux-gnu-library/4.4/TMB/include/Vectorize.hpp:38:14: note: in definition of macro \u2018GVECTORIZE\u2019\n   38 | vector<Type> FUN( declare##Type1(arg1) comma##Type2                     \\\n      |              ^~~\n/home/spi085/R/x86_64-pc-linux-gnu-library/4.4/TMB/include/dnorm.hpp:23:1: note: in expansion of macro \u2018VECTORIZE4_ttti\u2019\n   23 | VECTORIZE4_ttti(dnorm)\n      | ^~~~~~~~~~~~~~~\n/home/spi085/R/x86_64-pc-linux-gnu-library/4.4/TMB/include/dnorm.hpp:23:17: note:   template argument deduction/substitution failed:\n   23 | VECTORIZE4_ttti(dnorm)\n      |                 ^~~~~\n/home/spi085/R/x86_64-pc-linux-gnu-library/4.4/TMB/include/Vectorize.hpp:38:14: note: in definition of macro \u2018GVECTORIZE\u2019\n   38 | vector<Type> FUN( declare##Type1(arg1) comma##Type2                     \\\n      |              ^~~\n/home/spi085/R/x86_64-pc-linux-gnu-library/4.4/TMB/include/dnorm.hpp:23:1: note: in expansion of macro \u2018VECTORIZE4_ttti\u2019\n   23 | VECTORIZE4_ttti(dnorm)\n      | ^~~~~~~~~~~~~~~\nPOPULATIONS/POPULATION_0007/INDIVIDUAL_Z3TPUTXP/model.cpp:76:21: note:   \u2018CppAD::AD<CppAD::AD<double> >\u2019 is not derived from \u2018const tmbutils::vector<Type>\u2019\n   76 |         nll -= dnorm(log(cots_dat[t] + Type(1e-8)), log(cots_pred[t] + Type(1e-8)), 0.1, true);\n      |                ~~~~~^~~~~~~~~~~~~~~~~~~~~~~~~~~~~~~~~~~~~~~~~~~~~~~~~~~~~~~~~~~~~~~~~~~~~~~~~~\n/home/spi085/R/x86_64-pc-linux-gnu-library/4.4/TMB/include/dnorm.hpp:23:17: note: candidate: \u2018template<class Type> tmbutils::vector<Type> dnorm(Type, Type, const tmbutils::vector<Type>&, int)\u2019\n   23 | VECTORIZE4_ttti(dnorm)\n      |                 ^~~~~\n/home/spi085/R/x86_64-pc-linux-gnu-library/4.4/TMB/include/Vectorize.hpp:38:14: note: in definition of macro \u2018GVECTORIZE\u2019\n   38 | vector<Type> FUN( declare##Type1(arg1) comma##Type2                     \\\n      |              ^~~\n/home/spi085/R/x86_64-pc-linux-gnu-library/4.4/TMB/include/dnorm.hpp:23:1: note: in expansion of macro \u2018VECTORIZE4_ttti\u2019\n   23 | VECTORIZE4_ttti(dnorm)\n      | ^~~~~~~~~~~~~~~\n/home/spi085/R/x86_64-pc-linux-gnu-library/4.4/TMB/include/dnorm.hpp:23:17: note:   template argument deduction/substitution failed:\n   23 | VECTORIZE4_ttti(dnorm)\n      |                 ^~~~~\n/home/spi085/R/x86_64-pc-linux-gnu-library/4.4/TMB/include/Vectorize.hpp:38:14: note: in definition of macro \u2018GVECTORIZE\u2019\n   38 | vector<Type> FUN( declare##Type1(arg1) comma##Type2                     \\\n      |              ^~~\n/home/spi085/R/x86_64-pc-linux-gnu-library/4.4/TMB/include/dnorm.hpp:23:1: note: in expansion of macro \u2018VECTORIZE4_ttti\u2019\n   23 | VECTORIZE4_ttti(dnorm)\n      | ^~~~~~~~~~~~~~~\nPOPULATIONS/POPULATION_0007/INDIVIDUAL_Z3TPUTXP/model.cpp:76:21: note:   mismatched types \u2018const tmbutils::vector<Type>\u2019 and \u2018double\u2019\n   76 |         nll -= dnorm(log(cots_dat[t] + Type(1e-8)), log(cots_pred[t] + Type(1e-8)), 0.1, true);\n      |                ~~~~~^~~~~~~~~~~~~~~~~~~~~~~~~~~~~~~~~~~~~~~~~~~~~~~~~~~~~~~~~~~~~~~~~~~~~~~~~~\n/home/spi085/R/x86_64-pc-linux-gnu-library/4.4/TMB/include/dnorm.hpp:23:17: note: candidate: \u2018template<class Type> tmbutils::vector<Type> dnorm(const tmbutils::vector<Type>&, const tmbutils::vector<Type>&, Type, int)\u2019\n   23 | VECTORIZE4_ttti(dnorm)\n      |                 ^~~~~\n/home/spi085/R/x86_64-pc-linux-gnu-library/4.4/TMB/include/Vectorize.hpp:38:14: note: in definition of macro \u2018GVECTORIZE\u2019\n   38 | vector<Type> FUN( declare##Type1(arg1) comma##Type2                     \\\n      |              ^~~\n/home/spi085/R/x86_64-pc-linux-gnu-library/4.4/TMB/include/dnorm.hpp:23:1: note: in expansion of macro \u2018VECTORIZE4_ttti\u2019\n   23 | VECTORIZE4_ttti(dnorm)\n      | ^~~~~~~~~~~~~~~\n/home/spi085/R/x86_64-pc-linux-gnu-library/4.4/TMB/include/dnorm.hpp:23:17: note:   template argument deduction/substitution failed:\n   23 | VECTORIZE4_ttti(dnorm)\n      |                 ^~~~~\n/home/spi085/R/x86_64-pc-linux-gnu-library/4.4/TMB/include/Vectorize.hpp:38:14: note: in definition of macro \u2018GVECTORIZE\u2019\n   38 | vector<Type> FUN( declare##Type1(arg1) comma##Type2                     \\\n      |              ^~~\n/home/spi085/R/x86_64-pc-linux-gnu-library/4.4/TMB/include/dnorm.hpp:23:1: note: in expansion of macro \u2018VECTORIZE4_ttti\u2019\n   23 | VECTORIZE4_ttti(dnorm)\n      | ^~~~~~~~~~~~~~~\nPOPULATIONS/POPULATION_0007/INDIVIDUAL_Z3TPUTXP/model.cpp:76:21: note:   \u2018CppAD::AD<CppAD::AD<double> >\u2019 is not derived from \u2018const tmbutils::vector<Type>\u2019\n   76 |         nll -= dnorm(log(cots_dat[t] + Type(1e-8)), log(cots_pred[t] + Type(1e-8)), 0.1, true);\n      |                ~~~~~^~~~~~~~~~~~~~~~~~~~~~~~~~~~~~~~~~~~~~~~~~~~~~~~~~~~~~~~~~~~~~~~~~~~~~~~~~\n/home/spi085/R/x86_64-pc-linux-gnu-library/4.4/TMB/include/dnorm.hpp:23:17: note: candidate: \u2018template<class Type> tmbutils::vector<Type> dnorm(Type, const tmbutils::vector<Type>&, const tmbutils::vector<Type>&, int)\u2019\n   23 | VECTORIZE4_ttti(dnorm)\n      |                 ^~~~~\n/home/spi085/R/x86_64-pc-linux-gnu-library/4.4/TMB/include/Vectorize.hpp:38:14: note: in definition of macro \u2018GVECTORIZE\u2019\n   38 | vector<Type> FUN( declare##Type1(arg1) comma##Type2                     \\\n      |              ^~~\n/home/spi085/R/x86_64-pc-linux-gnu-library/4.4/TMB/include/dnorm.hpp:23:1: note: in expansion of macro \u2018VECTORIZE4_ttti\u2019\n   23 | VECTORIZE4_ttti(dnorm)\n      | ^~~~~~~~~~~~~~~\n/home/spi085/R/x86_64-pc-linux-gnu-library/4.4/TMB/include/dnorm.hpp:23:17: note:   template argument deduction/substitution failed:\n   23 | VECTORIZE4_ttti(dnorm)\n      |                 ^~~~~\n/home/spi085/R/x86_64-pc-linux-gnu-library/4.4/TMB/include/Vectorize.hpp:38:14: note: in definition of macro \u2018GVECTORIZE\u2019\n   38 | vector<Type> FUN( declare##Type1(arg1) comma##Type2                     \\\n      |              ^~~\n/home/spi085/R/x86_64-pc-linux-gnu-library/4.4/TMB/include/dnorm.hpp:23:1: note: in expansion of macro \u2018VECTORIZE4_ttti\u2019\n   23 | VECTORIZE4_ttti(dnorm)\n      | ^~~~~~~~~~~~~~~\nPOPULATIONS/POPULATION_0007/INDIVIDUAL_Z3TPUTXP/model.cpp:76:21: note:   \u2018CppAD::AD<CppAD::AD<double> >\u2019 is not derived from \u2018const tmbutils::vector<Type>\u2019\n   76 |         nll -= dnorm(log(cots_dat[t] + Type(1e-8)), log(cots_pred[t] + Type(1e-8)), 0.1, true);\n      |                ~~~~~^~~~~~~~~~~~~~~~~~~~~~~~~~~~~~~~~~~~~~~~~~~~~~~~~~~~~~~~~~~~~~~~~~~~~~~~~~\n/home/spi085/R/x86_64-pc-linux-gnu-library/4.4/TMB/include/dnorm.hpp:23:17: note: candidate: \u2018template<class Type> tmbutils::vector<Type> dnorm(const tmbutils::vector<Type>&, Type, const tmbutils::vector<Type>&, int)\u2019\n   23 | VECTORIZE4_ttti(dnorm)\n      |                 ^~~~~\n/home/spi085/R/x86_64-pc-linux-gnu-library/4.4/TMB/include/Vectorize.hpp:38:14: note: in definition of macro \u2018GVECTORIZE\u2019\n   38 | vector<Type> FUN( declare##Type1(arg1) comma##Type2                     \\\n      |              ^~~\n/home/spi085/R/x86_64-pc-linux-gnu-library/4.4/TMB/include/dnorm.hpp:23:1: note: in expansion of macro \u2018VECTORIZE4_ttti\u2019\n   23 | VECTORIZE4_ttti(dnorm)\n      | ^~~~~~~~~~~~~~~\n/home/spi085/R/x86_64-pc-linux-gnu-library/4.4/TMB/include/dnorm.hpp:23:17: note:   template argument deduction/substitution failed:\n   23 | VECTORIZE4_ttti(dnorm)\n      |                 ^~~~~\n/home/spi085/R/x86_64-pc-linux-gnu-library/4.4/TMB/include/Vectorize.hpp:38:14: note: in definition of macro \u2018GVECTORIZE\u2019\n   38 | vector<Type> FUN( declare##Type1(arg1) comma##Type2                     \\\n      |              ^~~\n/home/spi085/R/x86_64-pc-linux-gnu-library/4.4/TMB/include/dnorm.hpp:23:1: note: in expansion of macro \u2018VECTORIZE4_ttti\u2019\n   23 | VECTORIZE4_ttti(dnorm)\n      | ^~~~~~~~~~~~~~~\nPOPULATIONS/POPULATION_0007/INDIVIDUAL_Z3TPUTXP/model.cpp:76:21: note:   \u2018CppAD::AD<CppAD::AD<double> >\u2019 is not derived from \u2018const tmbutils::vector<Type>\u2019\n   76 |         nll -= dnorm(log(cots_dat[t] + Type(1e-8)), log(cots_pred[t] + Type(1e-8)), 0.1, true);\n      |                ~~~~~^~~~~~~~~~~~~~~~~~~~~~~~~~~~~~~~~~~~~~~~~~~~~~~~~~~~~~~~~~~~~~~~~~~~~~~~~~\n/home/spi085/R/x86_64-pc-linux-gnu-library/4.4/TMB/include/dnorm.hpp:23:17: note: candidate: \u2018template<class Type> tmbutils::vector<Type> dnorm(const tmbutils::vector<Type>&, const tmbutils::vector<Type>&, const tmbutils::vector<Type>&, int)\u2019\n   23 | VECTORIZE4_ttti(dnorm)\n      |                 ^~~~~\n/home/spi085/R/x86_64-pc-linux-gnu-library/4.4/TMB/include/Vectorize.hpp:38:14: note: in definition of macro \u2018GVECTORIZE\u2019\n   38 | vector<Type> FUN( declare##Type1(arg1) comma##Type2                     \\\n      |              ^~~\n/home/spi085/R/x86_64-pc-linux-gnu-library/4.4/TMB/include/dnorm.hpp:23:1: note: in expansion of macro \u2018VECTORIZE4_ttti\u2019\n   23 | VECTORIZE4_ttti(dnorm)\n      | ^~~~~~~~~~~~~~~\n/home/spi085/R/x86_64-pc-linux-gnu-library/4.4/TMB/include/dnorm.hpp:23:17: note:   template argument deduction/substitution failed:\n   23 | VECTORIZE4_ttti(dnorm)\n      |                 ^~~~~\n/home/spi085/R/x86_64-pc-linux-gnu-library/4.4/TMB/include/Vectorize.hpp:38:14: note: in definition of macro \u2018GVECTORIZE\u2019\n   38 | vector<Type> FUN( declare##Type1(arg1) comma##Type2                     \\\n      |              ^~~\n/home/spi085/R/x86_64-pc-linux-gnu-library/4.4/TMB/include/dnorm.hpp:23:1: note: in expansion of macro \u2018VECTORIZE4_ttti\u2019\n   23 | VECTORIZE4_ttti(dnorm)\n      | ^~~~~~~~~~~~~~~\nPOPULATIONS/POPULATION_0007/INDIVIDUAL_Z3TPUTXP/model.cpp:76:21: note:   \u2018CppAD::AD<CppAD::AD<double> >\u2019 is not derived from \u2018const tmbutils::vector<Type>\u2019\n   76 |         nll -= dnorm(log(cots_dat[t] + Type(1e-8)), log(cots_pred[t] + Type(1e-8)), 0.1, true);\n      |                ~~~~~^~~~~~~~~~~~~~~~~~~~~~~~~~~~~~~~~~~~~~~~~~~~~~~~~~~~~~~~~~~~~~~~~~~~~~~~~~\nPOPULATIONS/POPULATION_0007/INDIVIDUAL_Z3TPUTXP/model.cpp:77:21: error: no matching function for call to \u2018dnorm(CppAD::AD<CppAD::AD<double> >, CppAD::AD<CppAD::AD<double> >, double, bool)\u2019\n   77 |         nll -= dnorm(log(fast_dat[t] + Type(1e-8)), log(fast_pred[t] + Type(1e-8)), 0.1, true);\n      |                ~~~~~^~~~~~~~~~~~~~~~~~~~~~~~~~~~~~~~~~~~~~~~~~~~~~~~~~~~~~~~~~~~~~~~~~~~~~~~~~\n/home/spi085/R/x86_64-pc-linux-gnu-library/4.4/TMB/include/dnorm.hpp:17:6: note: candidate: \u2018template<class Type> Type dnorm(Type, Type, Type, int)\u2019\n   17 | Type dnorm(Type x, Type mean, Type sd, int give_log=0)\n      |      ^~~~~\n/home/spi085/R/x86_64-pc-linux-gnu-library/4.4/TMB/include/dnorm.hpp:17:6: note:   template argument deduction/substitution failed:\nPOPULATIONS/POPULATION_0007/INDIVIDUAL_Z3TPUTXP/model.cpp:77:21: note:   deduced conflicting types for parameter \u2018Type\u2019 (\u2018CppAD::AD<CppAD::AD<double> >\u2019 and \u2018double\u2019)\n   77 |         nll -= dnorm(log(fast_dat[t] + Type(1e-8)), log(fast_pred[t] + Type(1e-8)), 0.1, true);\n      |                ~~~~~^~~~~~~~~~~~~~~~~~~~~~~~~~~~~~~~~~~~~~~~~~~~~~~~~~~~~~~~~~~~~~~~~~~~~~~~~~\n/home/spi085/R/x86_64-pc-linux-gnu-library/4.4/TMB/include/dnorm.hpp:23:17: note: candidate: \u2018template<class Type> tmbutils::vector<Type> dnorm(const tmbutils::vector<Type>&, Type, Type, int)\u2019\n   23 | VECTORIZE4_ttti(dnorm)\n      |                 ^~~~~\n/home/spi085/R/x86_64-pc-linux-gnu-library/4.4/TMB/include/Vectorize.hpp:38:14: note: in definition of macro \u2018GVECTORIZE\u2019\n   38 | vector<Type> FUN( declare##Type1(arg1) comma##Type2                     \\\n      |              ^~~\n/home/spi085/R/x86_64-pc-linux-gnu-library/4.4/TMB/include/dnorm.hpp:23:1: note: in expansion of macro \u2018VECTORIZE4_ttti\u2019\n   23 | VECTORIZE4_ttti(dnorm)\n      | ^~~~~~~~~~~~~~~\n/home/spi085/R/x86_64-pc-linux-gnu-library/4.4/TMB/include/dnorm.hpp:23:17: note:   template argument deduction/substitution failed:\n   23 | VECTORIZE4_ttti(dnorm)\n      |                 ^~~~~\n/home/spi085/R/x86_64-pc-linux-gnu-library/4.4/TMB/include/Vectorize.hpp:38:14: note: in definition of macro \u2018GVECTORIZE\u2019\n   38 | vector<Type> FUN( declare##Type1(arg1) comma##Type2                     \\\n      |              ^~~\n/home/spi085/R/x86_64-pc-linux-gnu-library/4.4/TMB/include/dnorm.hpp:23:1: note: in expansion of macro \u2018VECTORIZE4_ttti\u2019\n   23 | VECTORIZE4_ttti(dnorm)\n      | ^~~~~~~~~~~~~~~\nPOPULATIONS/POPULATION_0007/INDIVIDUAL_Z3TPUTXP/model.cpp:77:21: note:   \u2018CppAD::AD<CppAD::AD<double> >\u2019 is not derived from \u2018const tmbutils::vector<Type>\u2019\n   77 |         nll -= dnorm(log(fast_dat[t] + Type(1e-8)), log(fast_pred[t] + Type(1e-8)), 0.1, true);\n      |                ~~~~~^~~~~~~~~~~~~~~~~~~~~~~~~~~~~~~~~~~~~~~~~~~~~~~~~~~~~~~~~~~~~~~~~~~~~~~~~~\n/home/spi085/R/x86_64-pc-linux-gnu-library/4.4/TMB/include/dnorm.hpp:23:17: note: candidate: \u2018template<class Type> tmbutils::vector<Type> dnorm(Type, const tmbutils::vector<Type>&, Type, int)\u2019\n   23 | VECTORIZE4_ttti(dnorm)\n      |                 ^~~~~\n/home/spi085/R/x86_64-pc-linux-gnu-library/4.4/TMB/include/Vectorize.hpp:38:14: note: in definition of macro \u2018GVECTORIZE\u2019\n   38 | vector<Type> FUN( declare##Type1(arg1) comma##Type2                     \\\n      |              ^~~\n/home/spi085/R/x86_64-pc-linux-gnu-library/4.4/TMB/include/dnorm.hpp:23:1: note: in expansion of macro \u2018VECTORIZE4_ttti\u2019\n   23 | VECTORIZE4_ttti(dnorm)\n      | ^~~~~~~~~~~~~~~\n/home/spi085/R/x86_64-pc-linux-gnu-library/4.4/TMB/include/dnorm.hpp:23:17: note:   template argument deduction/substitution failed:\n   23 | VECTORIZE4_ttti(dnorm)\n      |                 ^~~~~\n/home/spi085/R/x86_64-pc-linux-gnu-library/4.4/TMB/include/Vectorize.hpp:38:14: note: in definition of macro \u2018GVECTORIZE\u2019\n   38 | vector<Type> FUN( declare##Type1(arg1) comma##Type2                     \\\n      |              ^~~\n/home/spi085/R/x86_64-pc-linux-gnu-library/4.4/TMB/include/dnorm.hpp:23:1: note: in expansion of macro \u2018VECTORIZE4_ttti\u2019\n   23 | VECTORIZE4_ttti(dnorm)\n      | ^~~~~~~~~~~~~~~\nPOPULATIONS/POPULATION_0007/INDIVIDUAL_Z3TPUTXP/model.cpp:77:21: note:   \u2018CppAD::AD<CppAD::AD<double> >\u2019 is not derived from \u2018const tmbutils::vector<Type>\u2019\n   77 |         nll -= dnorm(log(fast_dat[t] + Type(1e-8)), log(fast_pred[t] + Type(1e-8)), 0.1, true);\n      |                ~~~~~^~~~~~~~~~~~~~~~~~~~~~~~~~~~~~~~~~~~~~~~~~~~~~~~~~~~~~~~~~~~~~~~~~~~~~~~~~\n/home/spi085/R/x86_64-pc-linux-gnu-library/4.4/TMB/include/dnorm.hpp:23:17: note: candidate: \u2018template<class Type> tmbutils::vector<Type> dnorm(Type, Type, const tmbutils::vector<Type>&, int)\u2019\n   23 | VECTORIZE4_ttti(dnorm)\n      |                 ^~~~~\n/home/spi085/R/x86_64-pc-linux-gnu-library/4.4/TMB/include/Vectorize.hpp:38:14: note: in definition of macro \u2018GVECTORIZE\u2019\n   38 | vector<Type> FUN( declare##Type1(arg1) comma##Type2                     \\\n      |              ^~~\n/home/spi085/R/x86_64-pc-linux-gnu-library/4.4/TMB/include/dnorm.hpp:23:1: note: in expansion of macro \u2018VECTORIZE4_ttti\u2019\n   23 | VECTORIZE4_ttti(dnorm)\n      | ^~~~~~~~~~~~~~~\n/home/spi085/R/x86_64-pc-linux-gnu-library/4.4/TMB/include/dnorm.hpp:23:17: note:   template argument deduction/substitution failed:\n   23 | VECTORIZE4_ttti(dnorm)\n      |                 ^~~~~\n/home/spi085/R/x86_64-pc-linux-gnu-library/4.4/TMB/include/Vectorize.hpp:38:14: note: in definition of macro \u2018GVECTORIZE\u2019\n   38 | vector<Type> FUN( declare##Type1(arg1) comma##Type2                     \\\n      |              ^~~\n/home/spi085/R/x86_64-pc-linux-gnu-library/4.4/TMB/include/dnorm.hpp:23:1: note: in expansion of macro \u2018VECTORIZE4_ttti\u2019\n   23 | VECTORIZE4_ttti(dnorm)\n      | ^~~~~~~~~~~~~~~\nPOPULATIONS/POPULATION_0007/INDIVIDUAL_Z3TPUTXP/model.cpp:77:21: note:   mismatched types \u2018const tmbutils::vector<Type>\u2019 and \u2018double\u2019\n   77 |         nll -= dnorm(log(fast_dat[t] + Type(1e-8)), log(fast_pred[t] + Type(1e-8)), 0.1, true);\n      |                ~~~~~^~~~~~~~~~~~~~~~~~~~~~~~~~~~~~~~~~~~~~~~~~~~~~~~~~~~~~~~~~~~~~~~~~~~~~~~~~\n/home/spi085/R/x86_64-pc-linux-gnu-library/4.4/TMB/include/dnorm.hpp:23:17: note: candidate: \u2018template<class Type> tmbutils::vector<Type> dnorm(const tmbutils::vector<Type>&, const tmbutils::vector<Type>&, Type, int)\u2019\n   23 | VECTORIZE4_ttti(dnorm)\n      |                 ^~~~~\n/home/spi085/R/x86_64-pc-linux-gnu-library/4.4/TMB/include/Vectorize.hpp:38:14: note: in definition of macro \u2018GVECTORIZE\u2019\n   38 | vector<Type> FUN( declare##Type1(arg1) comma##Type2                     \\\n      |              ^~~\n/home/spi085/R/x86_64-pc-linux-gnu-library/4.4/TMB/include/dnorm.hpp:23:1: note: in expansion of macro \u2018VECTORIZE4_ttti\u2019\n   23 | VECTORIZE4_ttti(dnorm)\n      | ^~~~~~~~~~~~~~~\n/home/spi085/R/x86_64-pc-linux-gnu-library/4.4/TMB/include/dnorm.hpp:23:17: note:   template argument deduction/substitution failed:\n   23 | VECTORIZE4_ttti(dnorm)\n      |                 ^~~~~\n/home/spi085/R/x86_64-pc-linux-gnu-library/4.4/TMB/include/Vectorize.hpp:38:14: note: in definition of macro \u2018GVECTORIZE\u2019\n   38 | vector<Type> FUN( declare##Type1(arg1) comma##Type2                     \\\n      |              ^~~\n/home/spi085/R/x86_64-pc-linux-gnu-library/4.4/TMB/include/dnorm.hpp:23:1: note: in expansion of macro \u2018VECTORIZE4_ttti\u2019\n   23 | VECTORIZE4_ttti(dnorm)\n      | ^~~~~~~~~~~~~~~\nPOPULATIONS/POPULATION_0007/INDIVIDUAL_Z3TPUTXP/model.cpp:77:21: note:   \u2018CppAD::AD<CppAD::AD<double> >\u2019 is not derived from \u2018const tmbutils::vector<Type>\u2019\n   77 |         nll -= dnorm(log(fast_dat[t] + Type(1e-8)), log(fast_pred[t] + Type(1e-8)), 0.1, true);\n      |                ~~~~~^~~~~~~~~~~~~~~~~~~~~~~~~~~~~~~~~~~~~~~~~~~~~~~~~~~~~~~~~~~~~~~~~~~~~~~~~~\n/home/spi085/R/x86_64-pc-linux-gnu-library/4.4/TMB/include/dnorm.hpp:23:17: note: candidate: \u2018template<class Type> tmbutils::vector<Type> dnorm(Type, const tmbutils::vector<Type>&, const tmbutils::vector<Type>&, int)\u2019\n   23 | VECTORIZE4_ttti(dnorm)\n      |                 ^~~~~\n/home/spi085/R/x86_64-pc-linux-gnu-library/4.4/TMB/include/Vectorize.hpp:38:14: note: in definition of macro \u2018GVECTORIZE\u2019\n   38 | vector<Type> FUN( declare##Type1(arg1) comma##Type2                     \\\n      |              ^~~\n/home/spi085/R/x86_64-pc-linux-gnu-library/4.4/TMB/include/dnorm.hpp:23:1: note: in expansion of macro \u2018VECTORIZE4_ttti\u2019\n   23 | VECTORIZE4_ttti(dnorm)\n      | ^~~~~~~~~~~~~~~\n/home/spi085/R/x86_64-pc-linux-gnu-library/4.4/TMB/include/dnorm.hpp:23:17: note:   template argument deduction/substitution failed:\n   23 | VECTORIZE4_ttti(dnorm)\n      |                 ^~~~~\n/home/spi085/R/x86_64-pc-linux-gnu-library/4.4/TMB/include/Vectorize.hpp:38:14: note: in definition of macro \u2018GVECTORIZE\u2019\n   38 | vector<Type> FUN( declare##Type1(arg1) comma##Type2                     \\\n      |              ^~~\n/home/spi085/R/x86_64-pc-linux-gnu-library/4.4/TMB/include/dnorm.hpp:23:1: note: in expansion of macro \u2018VECTORIZE4_ttti\u2019\n   23 | VECTORIZE4_ttti(dnorm)\n      | ^~~~~~~~~~~~~~~\nPOPULATIONS/POPULATION_0007/INDIVIDUAL_Z3TPUTXP/model.cpp:77:21: note:   \u2018CppAD::AD<CppAD::AD<double> >\u2019 is not derived from \u2018const tmbutils::vector<Type>\u2019\n   77 |         nll -= dnorm(log(fast_dat[t] + Type(1e-8)), log(fast_pred[t] + Type(1e-8)), 0.1, true);\n      |                ~~~~~^~~~~~~~~~~~~~~~~~~~~~~~~~~~~~~~~~~~~~~~~~~~~~~~~~~~~~~~~~~~~~~~~~~~~~~~~~\n/home/spi085/R/x86_64-pc-linux-gnu-library/4.4/TMB/include/dnorm.hpp:23:17: note: candidate: \u2018template<class Type> tmbutils::vector<Type> dnorm(const tmbutils::vector<Type>&, Type, const tmbutils::vector<Type>&, int)\u2019\n   23 | VECTORIZE4_ttti(dnorm)\n      |                 ^~~~~\n/home/spi085/R/x86_64-pc-linux-gnu-library/4.4/TMB/include/Vectorize.hpp:38:14: note: in definition of macro \u2018GVECTORIZE\u2019\n   38 | vector<Type> FUN( declare##Type1(arg1) comma##Type2                     \\\n      |              ^~~\n/home/spi085/R/x86_64-pc-linux-gnu-library/4.4/TMB/include/dnorm.hpp:23:1: note: in expansion of macro \u2018VECTORIZE4_ttti\u2019\n   23 | VECTORIZE4_ttti(dnorm)\n      | ^~~~~~~~~~~~~~~\n/home/spi085/R/x86_64-pc-linux-gnu-library/4.4/TMB/include/dnorm.hpp:23:17: note:   template argument deduction/substitution failed:\n   23 | VECTORIZE4_ttti(dnorm)\n      |                 ^~~~~\n/home/spi085/R/x86_64-pc-linux-gnu-library/4.4/TMB/include/Vectorize.hpp:38:14: note: in definition of macro \u2018GVECTORIZE\u2019\n   38 | vector<Type> FUN( declare##Type1(arg1) comma##Type2                     \\\n      |              ^~~\n/home/spi085/R/x86_64-pc-linux-gnu-library/4.4/TMB/include/dnorm.hpp:23:1: note: in expansion of macro \u2018VECTORIZE4_ttti\u2019\n   23 | VECTORIZE4_ttti(dnorm)\n      | ^~~~~~~~~~~~~~~\nPOPULATIONS/POPULATION_0007/INDIVIDUAL_Z3TPUTXP/model.cpp:77:21: note:   \u2018CppAD::AD<CppAD::AD<double> >\u2019 is not derived from \u2018const tmbutils::vector<Type>\u2019\n   77 |         nll -= dnorm(log(fast_dat[t] + Type(1e-8)), log(fast_pred[t] + Type(1e-8)), 0.1, true);\n      |                ~~~~~^~~~~~~~~~~~~~~~~~~~~~~~~~~~~~~~~~~~~~~~~~~~~~~~~~~~~~~~~~~~~~~~~~~~~~~~~~\n/home/spi085/R/x86_64-pc-linux-gnu-library/4.4/TMB/include/dnorm.hpp:23:17: note: candidate: \u2018template<class Type> tmbutils::vector<Type> dnorm(const tmbutils::vector<Type>&, const tmbutils::vector<Type>&, const tmbutils::vector<Type>&, int)\u2019\n   23 | VECTORIZE4_ttti(dnorm)\n      |                 ^~~~~\n/home/spi085/R/x86_64-pc-linux-gnu-library/4.4/TMB/include/Vectorize.hpp:38:14: note: in definition of macro \u2018GVECTORIZE\u2019\n   38 | vector<Type> FUN( declare##Type1(arg1) comma##Type2                     \\\n      |              ^~~\n/home/spi085/R/x86_64-pc-linux-gnu-library/4.4/TMB/include/dnorm.hpp:23:1: note: in expansion of macro \u2018VECTORIZE4_ttti\u2019\n   23 | VECTORIZE4_ttti(dnorm)\n      | ^~~~~~~~~~~~~~~\n/home/spi085/R/x86_64-pc-linux-gnu-library/4.4/TMB/include/dnorm.hpp:23:17: note:   template argument deduction/substitution failed:\n   23 | VECTORIZE4_ttti(dnorm)\n      |                 ^~~~~\n/home/spi085/R/x86_64-pc-linux-gnu-library/4.4/TMB/include/Vectorize.hpp:38:14: note: in definition of macro \u2018GVECTORIZE\u2019\n   38 | vector<Type> FUN( declare##Type1(arg1) comma##Type2                     \\\n      |              ^~~\n/home/spi085/R/x86_64-pc-linux-gnu-library/4.4/TMB/include/dnorm.hpp:23:1: note: in expansion of macro \u2018VECTORIZE4_ttti\u2019\n   23 | VECTORIZE4_ttti(dnorm)\n      | ^~~~~~~~~~~~~~~\nPOPULATIONS/POPULATION_0007/INDIVIDUAL_Z3TPUTXP/model.cpp:77:21: note:   \u2018CppAD::AD<CppAD::AD<double> >\u2019 is not derived from \u2018const tmbutils::vector<Type>\u2019\n   77 |         nll -= dnorm(log(fast_dat[t] + Type(1e-8)), log(fast_pred[t] + Type(1e-8)), 0.1, true);\n      |                ~~~~~^~~~~~~~~~~~~~~~~~~~~~~~~~~~~~~~~~~~~~~~~~~~~~~~~~~~~~~~~~~~~~~~~~~~~~~~~~\nPOPULATIONS/POPULATION_0007/INDIVIDUAL_Z3TPUTXP/model.cpp:78:21: error: no matching function for call to \u2018dnorm(CppAD::AD<CppAD::AD<double> >, CppAD::AD<CppAD::AD<double> >, double, bool)\u2019\n   78 |         nll -= dnorm(log(slow_dat[t] + Type(1e-8)), log(slow_pred[t] + Type(1e-8)), 0.1, true);\n      |                ~~~~~^~~~~~~~~~~~~~~~~~~~~~~~~~~~~~~~~~~~~~~~~~~~~~~~~~~~~~~~~~~~~~~~~~~~~~~~~~\n/home/spi085/R/x86_64-pc-linux-gnu-library/4.4/TMB/include/dnorm.hpp:17:6: note: candidate: \u2018template<class Type> Type dnorm(Type, Type, Type, int)\u2019\n   17 | Type dnorm(Type x, Type mean, Type sd, int give_log=0)\n      |      ^~~~~\n/home/spi085/R/x86_64-pc-linux-gnu-library/4.4/TMB/include/dnorm.hpp:17:6: note:   template argument deduction/substitution failed:\nPOPULATIONS/POPULATION_0007/INDIVIDUAL_Z3TPUTXP/model.cpp:78:21: note:   deduced conflicting types for parameter \u2018Type\u2019 (\u2018CppAD::AD<CppAD::AD<double> >\u2019 and \u2018double\u2019)\n   78 |         nll -= dnorm(log(slow_dat[t] + Type(1e-8)), log(slow_pred[t] + Type(1e-8)), 0.1, true);\n      |                ~~~~~^~~~~~~~~~~~~~~~~~~~~~~~~~~~~~~~~~~~~~~~~~~~~~~~~~~~~~~~~~~~~~~~~~~~~~~~~~\n/home/spi085/R/x86_64-pc-linux-gnu-library/4.4/TMB/include/dnorm.hpp:23:17: note: candidate: \u2018template<class Type> tmbutils::vector<Type> dnorm(const tmbutils::vector<Type>&, Type, Type, int)\u2019\n   23 | VECTORIZE4_ttti(dnorm)\n      |                 ^~~~~\n/home/spi085/R/x86_64-pc-linux-gnu-library/4.4/TMB/include/Vectorize.hpp:38:14: note: in definition of macro \u2018GVECTORIZE\u2019\n   38 | vector<Type> FUN( declare##Type1(arg1) comma##Type2                     \\\n      |              ^~~\n/home/spi085/R/x86_64-pc-linux-gnu-library/4.4/TMB/include/dnorm.hpp:23:1: note: in expansion of macro \u2018VECTORIZE4_ttti\u2019\n   23 | VECTORIZE4_ttti(dnorm)\n      | ^~~~~~~~~~~~~~~\n/home/spi085/R/x86_64-pc-linux-gnu-library/4.4/TMB/include/dnorm.hpp:23:17: note:   template argument deduction/substitution failed:\n   23 | VECTORIZE4_ttti(dnorm)\n      |                 ^~~~~\n/home/spi085/R/x86_64-pc-linux-gnu-library/4.4/TMB/include/Vectorize.hpp:38:14: note: in definition of macro \u2018GVECTORIZE\u2019\n   38 | vector<Type> FUN( declare##Type1(arg1) comma##Type2                     \\\n      |              ^~~\n/home/spi085/R/x86_64-pc-linux-gnu-library/4.4/TMB/include/dnorm.hpp:23:1: note: in expansion of macro \u2018VECTORIZE4_ttti\u2019\n   23 | VECTORIZE4_ttti(dnorm)\n      | ^~~~~~~~~~~~~~~\nPOPULATIONS/POPULATION_0007/INDIVIDUAL_Z3TPUTXP/model.cpp:78:21: note:   \u2018CppAD::AD<CppAD::AD<double> >\u2019 is not derived from \u2018const tmbutils::vector<Type>\u2019\n   78 |         nll -= dnorm(log(slow_dat[t] + Type(1e-8)), log(slow_pred[t] + Type(1e-8)), 0.1, true);\n      |                ~~~~~^~~~~~~~~~~~~~~~~~~~~~~~~~~~~~~~~~~~~~~~~~~~~~~~~~~~~~~~~~~~~~~~~~~~~~~~~~\n/home/spi085/R/x86_64-pc-linux-gnu-library/4.4/TMB/include/dnorm.hpp:23:17: note: candidate: \u2018template<class Type> tmbutils::vector<Type> dnorm(Type, const tmbutils::vector<Type>&, Type, int)\u2019\n   23 | VECTORIZE4_ttti(dnorm)\n      |                 ^~~~~\n/home/spi085/R/x86_64-pc-linux-gnu-library/4.4/TMB/include/Vectorize.hpp:38:14: note: in definition of macro \u2018GVECTORIZE\u2019\n   38 | vector<Type> FUN( declare##Type1(arg1) comma##Type2                     \\\n      |              ^~~\n/home/spi085/R/x86_64-pc-linux-gnu-library/4.4/TMB/include/dnorm.hpp:23:1: note: in expansion of macro \u2018VECTORIZE4_ttti\u2019\n   23 | VECTORIZE4_ttti(dnorm)\n      | ^~~~~~~~~~~~~~~\n/home/spi085/R/x86_64-pc-linux-gnu-library/4.4/TMB/include/dnorm.hpp:23:17: note:   template argument deduction/substitution failed:\n   23 | VECTORIZE4_ttti(dnorm)\n      |                 ^~~~~\n/home/spi085/R/x86_64-pc-linux-gnu-library/4.4/TMB/include/Vectorize.hpp:38:14: note: in definition of macro \u2018GVECTORIZE\u2019\n   38 | vector<Type> FUN( declare##Type1(arg1) comma##Type2                     \\\n      |              ^~~\n/home/spi085/R/x86_64-pc-linux-gnu-library/4.4/TMB/include/dnorm.hpp:23:1: note: in expansion of macro \u2018VECTORIZE4_ttti\u2019\n   23 | VECTORIZE4_ttti(dnorm)\n      | ^~~~~~~~~~~~~~~\nPOPULATIONS/POPULATION_0007/INDIVIDUAL_Z3TPUTXP/model.cpp:78:21: note:   \u2018CppAD::AD<CppAD::AD<double> >\u2019 is not derived from \u2018const tmbutils::vector<Type>\u2019\n   78 |         nll -= dnorm(log(slow_dat[t] + Type(1e-8)), log(slow_pred[t] + Type(1e-8)), 0.1, true);\n      |                ~~~~~^~~~~~~~~~~~~~~~~~~~~~~~~~~~~~~~~~~~~~~~~~~~~~~~~~~~~~~~~~~~~~~~~~~~~~~~~~\n/home/spi085/R/x86_64-pc-linux-gnu-library/4.4/TMB/include/dnorm.hpp:23:17: note: candidate: \u2018template<class Type> tmbutils::vector<Type> dnorm(Type, Type, const tmbutils::vector<Type>&, int)\u2019\n   23 | VECTORIZE4_ttti(dnorm)\n      |                 ^~~~~\n/home/spi085/R/x86_64-pc-linux-gnu-library/4.4/TMB/include/Vectorize.hpp:38:14: note: in definition of macro \u2018GVECTORIZE\u2019\n   38 | vector<Type> FUN( declare##Type1(arg1) comma##Type2                     \\\n      |              ^~~\n/home/spi085/R/x86_64-pc-linux-gnu-library/4.4/TMB/include/dnorm.hpp:23:1: note: in expansion of macro \u2018VECTORIZE4_ttti\u2019\n   23 | VECTORIZE4_ttti(dnorm)\n      | ^~~~~~~~~~~~~~~\n/home/spi085/R/x86_64-pc-linux-gnu-library/4.4/TMB/include/dnorm.hpp:23:17: note:   template argument deduction/substitution failed:\n   23 | VECTORIZE4_ttti(dnorm)\n      |                 ^~~~~\n/home/spi085/R/x86_64-pc-linux-gnu-library/4.4/TMB/include/Vectorize.hpp:38:14: note: in definition of macro \u2018GVECTORIZE\u2019\n   38 | vector<Type> FUN( declare##Type1(arg1) comma##Type2                     \\\n      |              ^~~\n/home/spi085/R/x86_64-pc-linux-gnu-library/4.4/TMB/include/dnorm.hpp:23:1: note: in expansion of macro \u2018VECTORIZE4_ttti\u2019\n   23 | VECTORIZE4_ttti(dnorm)\n      | ^~~~~~~~~~~~~~~\nPOPULATIONS/POPULATION_0007/INDIVIDUAL_Z3TPUTXP/model.cpp:78:21: note:   mismatched types \u2018const tmbutils::vector<Type>\u2019 and \u2018double\u2019\n   78 |         nll -= dnorm(log(slow_dat[t] + Type(1e-8)), log(slow_pred[t] + Type(1e-8)), 0.1, true);\n      |                ~~~~~^~~~~~~~~~~~~~~~~~~~~~~~~~~~~~~~~~~~~~~~~~~~~~~~~~~~~~~~~~~~~~~~~~~~~~~~~~\n/home/spi085/R/x86_64-pc-linux-gnu-library/4.4/TMB/include/dnorm.hpp:23:17: note: candidate: \u2018template<class Type> tmbutils::vector<Type> dnorm(const tmbutils::vector<Type>&, const tmbutils::vector<Type>&, Type, int)\u2019\n   23 | VECTORIZE4_ttti(dnorm)\n      |                 ^~~~~\n/home/spi085/R/x86_64-pc-linux-gnu-library/4.4/TMB/include/Vectorize.hpp:38:14: note: in definition of macro \u2018GVECTORIZE\u2019\n   38 | vector<Type> FUN( declare##Type1(arg1) comma##Type2                     \\\n      |              ^~~\n/home/spi085/R/x86_64-pc-linux-gnu-library/4.4/TMB/include/dnorm.hpp:23:1: note: in expansion of macro \u2018VECTORIZE4_ttti\u2019\n   23 | VECTORIZE4_ttti(dnorm)\n      | ^~~~~~~~~~~~~~~\n/home/spi085/R/x86_64-pc-linux-gnu-library/4.4/TMB/include/dnorm.hpp:23:17: note:   template argument deduction/substitution failed:\n   23 | VECTORIZE4_ttti(dnorm)\n      |                 ^~~~~\n/home/spi085/R/x86_64-pc-linux-gnu-library/4.4/TMB/include/Vectorize.hpp:38:14: note: in definition of macro \u2018GVECTORIZE\u2019\n   38 | vector<Type> FUN( declare##Type1(arg1) comma##Type2                     \\\n      |              ^~~\n/home/spi085/R/x86_64-pc-linux-gnu-library/4.4/TMB/include/dnorm.hpp:23:1: note: in expansion of macro \u2018VECTORIZE4_ttti\u2019\n   23 | VECTORIZE4_ttti(dnorm)\n      | ^~~~~~~~~~~~~~~\nPOPULATIONS/POPULATION_0007/INDIVIDUAL_Z3TPUTXP/model.cpp:78:21: note:   \u2018CppAD::AD<CppAD::AD<double> >\u2019 is not derived from \u2018const tmbutils::vector<Type>\u2019\n   78 |         nll -= dnorm(log(slow_dat[t] + Type(1e-8)), log(slow_pred[t] + Type(1e-8)), 0.1, true);\n      |                ~~~~~^~~~~~~~~~~~~~~~~~~~~~~~~~~~~~~~~~~~~~~~~~~~~~~~~~~~~~~~~~~~~~~~~~~~~~~~~~\n/home/spi085/R/x86_64-pc-linux-gnu-library/4.4/TMB/include/dnorm.hpp:23:17: note: candidate: \u2018template<class Type> tmbutils::vector<Type> dnorm(Type, const tmbutils::vector<Type>&, const tmbutils::vector<Type>&, int)\u2019\n   23 | VECTORIZE4_ttti(dnorm)\n      |                 ^~~~~\n/home/spi085/R/x86_64-pc-linux-gnu-library/4.4/TMB/include/Vectorize.hpp:38:14: note: in definition of macro \u2018GVECTORIZE\u2019\n   38 | vector<Type> FUN( declare##Type1(arg1) comma##Type2                     \\\n      |              ^~~\n/home/spi085/R/x86_64-pc-linux-gnu-library/4.4/TMB/include/dnorm.hpp:23:1: note: in expansion of macro \u2018VECTORIZE4_ttti\u2019\n   23 | VECTORIZE4_ttti(dnorm)\n      | ^~~~~~~~~~~~~~~\n/home/spi085/R/x86_64-pc-linux-gnu-library/4.4/TMB/include/dnorm.hpp:23:17: note:   template argument deduction/substitution failed:\n   23 | VECTORIZE4_ttti(dnorm)\n      |                 ^~~~~\n/home/spi085/R/x86_64-pc-linux-gnu-library/4.4/TMB/include/Vectorize.hpp:38:14: note: in definition of macro \u2018GVECTORIZE\u2019\n   38 | vector<Type> FUN( declare##Type1(arg1) comma##Type2                     \\\n      |              ^~~\n/home/spi085/R/x86_64-pc-linux-gnu-library/4.4/TMB/include/dnorm.hpp:23:1: note: in expansion of macro \u2018VECTORIZE4_ttti\u2019\n   23 | VECTORIZE4_ttti(dnorm)\n      | ^~~~~~~~~~~~~~~\nPOPULATIONS/POPULATION_0007/INDIVIDUAL_Z3TPUTXP/model.cpp:78:21: note:   \u2018CppAD::AD<CppAD::AD<double> >\u2019 is not derived from \u2018const tmbutils::vector<Type>\u2019\n   78 |         nll -= dnorm(log(slow_dat[t] + Type(1e-8)), log(slow_pred[t] + Type(1e-8)), 0.1, true);\n      |                ~~~~~^~~~~~~~~~~~~~~~~~~~~~~~~~~~~~~~~~~~~~~~~~~~~~~~~~~~~~~~~~~~~~~~~~~~~~~~~~\n/home/spi085/R/x86_64-pc-linux-gnu-library/4.4/TMB/include/dnorm.hpp:23:17: note: candidate: \u2018template<class Type> tmbutils::vector<Type> dnorm(const tmbutils::vector<Type>&, Type, const tmbutils::vector<Type>&, int)\u2019\n   23 | VECTORIZE4_ttti(dnorm)\n      |                 ^~~~~\n/home/spi085/R/x86_64-pc-linux-gnu-library/4.4/TMB/include/Vectorize.hpp:38:14: note: in definition of macro \u2018GVECTORIZE\u2019\n   38 | vector<Type> FUN( declare##Type1(arg1) comma##Type2                     \\\n      |              ^~~\n/home/spi085/R/x86_64-pc-linux-gnu-library/4.4/TMB/include/dnorm.hpp:23:1: note: in expansion of macro \u2018VECTORIZE4_ttti\u2019\n   23 | VECTORIZE4_ttti(dnorm)\n      | ^~~~~~~~~~~~~~~\n/home/spi085/R/x86_64-pc-linux-gnu-library/4.4/TMB/include/dnorm.hpp:23:17: note:   template argument deduction/substitution failed:\n   23 | VECTORIZE4_ttti(dnorm)\n      |                 ^~~~~\n/home/spi085/R/x86_64-pc-linux-gnu-library/4.4/TMB/include/Vectorize.hpp:38:14: note: in definition of macro \u2018GVECTORIZE\u2019\n   38 | vector<Type> FUN( declare##Type1(arg1) comma##Type2                     \\\n      |              ^~~\n/home/spi085/R/x86_64-pc-linux-gnu-library/4.4/TMB/include/dnorm.hpp:23:1: note: in expansion of macro \u2018VECTORIZE4_ttti\u2019\n   23 | VECTORIZE4_ttti(dnorm)\n      | ^~~~~~~~~~~~~~~\nPOPULATIONS/POPULATION_0007/INDIVIDUAL_Z3TPUTXP/model.cpp:78:21: note:   \u2018CppAD::AD<CppAD::AD<double> >\u2019 is not derived from \u2018const tmbutils::vector<Type>\u2019\n   78 |         nll -= dnorm(log(slow_dat[t] + Type(1e-8)), log(slow_pred[t] + Type(1e-8)), 0.1, true);\n      |                ~~~~~^~~~~~~~~~~~~~~~~~~~~~~~~~~~~~~~~~~~~~~~~~~~~~~~~~~~~~~~~~~~~~~~~~~~~~~~~~\n/home/spi085/R/x86_64-pc-linux-gnu-library/4.4/TMB/include/dnorm.hpp:23:17: note: candidate: \u2018template<class Type> tmbutils::vector<Type> dnorm(const tmbutils::vector<Type>&, const tmbutils::vector<Type>&, const tmbutils::vector<Type>&, int)\u2019\n   23 | VECTORIZE4_ttti(dnorm)\n      |                 ^~~~~\n/home/spi085/R/x86_64-pc-linux-gnu-library/4.4/TMB/include/Vectorize.hpp:38:14: note: in definition of macro \u2018GVECTORIZE\u2019\n   38 | vector<Type> FUN( declare##Type1(arg1) comma##Type2                     \\\n      |              ^~~\n/home/spi085/R/x86_64-pc-linux-gnu-library/4.4/TMB/include/dnorm.hpp:23:1: note: in expansion of macro \u2018VECTORIZE4_ttti\u2019\n   23 | VECTORIZE4_ttti(dnorm)\n      | ^~~~~~~~~~~~~~~\n/home/spi085/R/x86_64-pc-linux-gnu-library/4.4/TMB/include/dnorm.hpp:23:17: note:   template argument deduction/substitution failed:\n   23 | VECTORIZE4_ttti(dnorm)\n      |                 ^~~~~\n/home/spi085/R/x86_64-pc-linux-gnu-library/4.4/TMB/include/Vectorize.hpp:38:14: note: in definition of macro \u2018GVECTORIZE\u2019\n   38 | vector<Type> FUN( declare##Type1(arg1) comma##Type2                     \\\n      |              ^~~\n/home/spi085/R/x86_64-pc-linux-gnu-library/4.4/TMB/include/dnorm.hpp:23:1: note: in expansion of macro \u2018VECTORIZE4_ttti\u2019\n   23 | VECTORIZE4_ttti(dnorm)\n      | ^~~~~~~~~~~~~~~\nPOPULATIONS/POPULATION_0007/INDIVIDUAL_Z3TPUTXP/model.cpp:78:21: note:   \u2018CppAD::AD<CppAD::AD<double> >\u2019 is not derived from \u2018const tmbutils::vector<Type>\u2019\n   78 |         nll -= dnorm(log(slow_dat[t] + Type(1e-8)), log(slow_pred[t] + Type(1e-8)), 0.1, true);\n      |                ~~~~~^~~~~~~~~~~~~~~~~~~~~~~~~~~~~~~~~~~~~~~~~~~~~~~~~~~~~~~~~~~~~~~~~~~~~~~~~~\nPOPULATIONS/POPULATION_0007/INDIVIDUAL_Z3TPUTXP/model.cpp: In instantiation of \u2018Type objective_function<Type>::operator()() [with Type = CppAD::AD<CppAD::AD<CppAD::AD<double> > >]\u2019:\n/home/spi085/R/x86_64-pc-linux-gnu-library/4.4/TMB/include/tmb_core.hpp:917:29:   required from \u2018Type objective_function<Type>::evalUserTemplate() [with Type = CppAD::AD<CppAD::AD<CppAD::AD<double> > >]\u2019\n/home/spi085/R/x86_64-pc-linux-gnu-library/4.4/TMB/include/tmb_core.hpp:2365:28:   required from here\nPOPULATIONS/POPULATION_0007/INDIVIDUAL_Z3TPUTXP/model.cpp:70:28: error: cannot convert \u2018Eigen::DenseCoeffsBase<Eigen::Array<CppAD::AD<CppAD::AD<CppAD::AD<double> > >, -1, 1, 0, -1, 1>, 1>::Scalar\u2019 {aka \u2018CppAD::AD<CppAD::AD<CppAD::AD<double> > >\u2019} to \u2018double\u2019\n   70 |         cots_pred[t] = fmax(cots_pred[t], Type(0));\n      |                        ~~~~^~~~~~~~~~~~~~~~~~~~~~~\n      |                            |\n      |                            Eigen::DenseCoeffsBase<Eigen::Array<CppAD::AD<CppAD::AD<CppAD::AD<double> > >, -1, 1, 0, -1, 1>, 1>::Scalar {aka CppAD::AD<CppAD::AD<CppAD::AD<double> > >}\n/usr/include/x86_64-linux-gnu/bits/mathcalls.h:333:1: note:   initializing argument 1 of \u2018double fmax(double, double)\u2019\n  333 | __MATHCALLX (fmax,, (_Mdouble_ __x, _Mdouble_ __y), (__const__));\n      | ^\nPOPULATIONS/POPULATION_0007/INDIVIDUAL_Z3TPUTXP/model.cpp:71:28: error: cannot convert \u2018Eigen::DenseCoeffsBase<Eigen::Array<CppAD::AD<CppAD::AD<CppAD::AD<double> > >, -1, 1, 0, -1, 1>, 1>::Scalar\u2019 {aka \u2018CppAD::AD<CppAD::AD<CppAD::AD<double> > >\u2019} to \u2018double\u2019\n   71 |         fast_pred[t] = fmax(fast_pred[t], Type(0));\n      |                        ~~~~^~~~~~~~~~~~~~~~~~~~~~~\n      |                            |\n      |                            Eigen::DenseCoeffsBase<Eigen::Array<CppAD::AD<CppAD::AD<CppAD::AD<double> > >, -1, 1, 0, -1, 1>, 1>::Scalar {aka CppAD::AD<CppAD::AD<CppAD::AD<double> > >}\n/usr/include/x86_64-linux-gnu/bits/mathcalls.h:333:1: note:   initializing argument 1 of \u2018double fmax(double, double)\u2019\n  333 | __MATHCALLX (fmax,, (_Mdouble_ __x, _Mdouble_ __y), (__const__));\n      | ^\nPOPULATIONS/POPULATION_0007/INDIVIDUAL_Z3TPUTXP/model.cpp:72:28: error: cannot convert \u2018Eigen::DenseCoeffsBase<Eigen::Array<CppAD::AD<CppAD::AD<CppAD::AD<double> > >, -1, 1, 0, -1, 1>, 1>::Scalar\u2019 {aka \u2018CppAD::AD<CppAD::AD<CppAD::AD<double> > >\u2019} to \u2018double\u2019\n   72 |         slow_pred[t] = fmax(slow_pred[t], Type(0));\n      |                        ~~~~^~~~~~~~~~~~~~~~~~~~~~~\n      |                            |\n      |                            Eigen::DenseCoeffsBase<Eigen::Array<CppAD::AD<CppAD::AD<CppAD::AD<double> > >, -1, 1, 0, -1, 1>, 1>::Scalar {aka CppAD::AD<CppAD::AD<CppAD::AD<double> > >}\n/usr/include/x86_64-linux-gnu/bits/mathcalls.h:333:1: note:   initializing argument 1 of \u2018double fmax(double, double)\u2019\n  333 | __MATHCALLX (fmax,, (_Mdouble_ __x, _Mdouble_ __y), (__const__));\n      | ^\nPOPULATIONS/POPULATION_0007/INDIVIDUAL_Z3TPUTXP/model.cpp:76:21: error: no matching function for call to \u2018dnorm(CppAD::AD<CppAD::AD<CppAD::AD<double> > >, CppAD::AD<CppAD::AD<CppAD::AD<double> > >, double, bool)\u2019\n   76 |         nll -= dnorm(log(cots_dat[t] + Type(1e-8)), log(cots_pred[t] + Type(1e-8)), 0.1, true);\n      |                ~~~~~^~~~~~~~~~~~~~~~~~~~~~~~~~~~~~~~~~~~~~~~~~~~~~~~~~~~~~~~~~~~~~~~~~~~~~~~~~\n/home/spi085/R/x86_64-pc-linux-gnu-library/4.4/TMB/include/dnorm.hpp:17:6: note: candidate: \u2018template<class Type> Type dnorm(Type, Type, Type, int)\u2019\n   17 | Type dnorm(Type x, Type mean, Type sd, int give_log=0)\n      |      ^~~~~\n/home/spi085/R/x86_64-pc-linux-gnu-library/4.4/TMB/include/dnorm.hpp:17:6: note:   template argument deduction/substitution failed:\nPOPULATIONS/POPULATION_0007/INDIVIDUAL_Z3TPUTXP/model.cpp:76:21: note:   deduced conflicting types for parameter \u2018Type\u2019 (\u2018CppAD::AD<CppAD::AD<CppAD::AD<double> > >\u2019 and \u2018double\u2019)\n   76 |         nll -= dnorm(log(cots_dat[t] + Type(1e-8)), log(cots_pred[t] + Type(1e-8)), 0.1, true);\n      |                ~~~~~^~~~~~~~~~~~~~~~~~~~~~~~~~~~~~~~~~~~~~~~~~~~~~~~~~~~~~~~~~~~~~~~~~~~~~~~~~\n/home/spi085/R/x86_64-pc-linux-gnu-library/4.4/TMB/include/dnorm.hpp:23:17: note: candidate: \u2018template<class Type> tmbutils::vector<Type> dnorm(const tmbutils::vector<Type>&, Type, Type, int)\u2019\n   23 | VECTORIZE4_ttti(dnorm)\n      |                 ^~~~~\n/home/spi085/R/x86_64-pc-linux-gnu-library/4.4/TMB/include/Vectorize.hpp:38:14: note: in definition of macro \u2018GVECTORIZE\u2019\n   38 | vector<Type> FUN( declare##Type1(arg1) comma##Type2                     \\\n      |              ^~~\n/home/spi085/R/x86_64-pc-linux-gnu-library/4.4/TMB/include/dnorm.hpp:23:1: note: in expansion of macro \u2018VECTORIZE4_ttti\u2019\n   23 | VECTORIZE4_ttti(dnorm)\n      | ^~~~~~~~~~~~~~~\n/home/spi085/R/x86_64-pc-linux-gnu-library/4.4/TMB/include/dnorm.hpp:23:17: note:   template argument deduction/substitution failed:\n   23 | VECTORIZE4_ttti(dnorm)\n      |                 ^~~~~\n/home/spi085/R/x86_64-pc-linux-gnu-library/4.4/TMB/include/Vectorize.hpp:38:14: note: in definition of macro \u2018GVECTORIZE\u2019\n   38 | vector<Type> FUN( declare##Type1(arg1) comma##Type2                     \\\n      |              ^~~\n/home/spi085/R/x86_64-pc-linux-gnu-library/4.4/TMB/include/dnorm.hpp:23:1: note: in expansion of macro \u2018VECTORIZE4_ttti\u2019\n   23 | VECTORIZE4_ttti(dnorm)\n      | ^~~~~~~~~~~~~~~\nPOPULATIONS/POPULATION_0007/INDIVIDUAL_Z3TPUTXP/model.cpp:76:21: note:   \u2018CppAD::AD<CppAD::AD<CppAD::AD<double> > >\u2019 is not derived from \u2018const tmbutils::vector<Type>\u2019\n   76 |         nll -= dnorm(log(cots_dat[t] + Type(1e-8)), log(cots_pred[t] + Type(1e-8)), 0.1, true);\n      |                ~~~~~^~~~~~~~~~~~~~~~~~~~~~~~~~~~~~~~~~~~~~~~~~~~~~~~~~~~~~~~~~~~~~~~~~~~~~~~~~\n/home/spi085/R/x86_64-pc-linux-gnu-library/4.4/TMB/include/dnorm.hpp:23:17: note: candidate: \u2018template<class Type> tmbutils::vector<Type> dnorm(Type, const tmbutils::vector<Type>&, Type, int)\u2019\n   23 | VECTORIZE4_ttti(dnorm)\n      |                 ^~~~~\n/home/spi085/R/x86_64-pc-linux-gnu-library/4.4/TMB/include/Vectorize.hpp:38:14: note: in definition of macro \u2018GVECTORIZE\u2019\n   38 | vector<Type> FUN( declare##Type1(arg1) comma##Type2                     \\\n      |              ^~~\n/home/spi085/R/x86_64-pc-linux-gnu-library/4.4/TMB/include/dnorm.hpp:23:1: note: in expansion of macro \u2018VECTORIZE4_ttti\u2019\n   23 | VECTORIZE4_ttti(dnorm)\n      | ^~~~~~~~~~~~~~~\n/home/spi085/R/x86_64-pc-linux-gnu-library/4.4/TMB/include/dnorm.hpp:23:17: note:   template argument deduction/substitution failed:\n   23 | VECTORIZE4_ttti(dnorm)\n      |                 ^~~~~\n/home/spi085/R/x86_64-pc-linux-gnu-library/4.4/TMB/include/Vectorize.hpp:38:14: note: in definition of macro \u2018GVECTORIZE\u2019\n   38 | vector<Type> FUN( declare##Type1(arg1) comma##Type2                     \\\n      |              ^~~\n/home/spi085/R/x86_64-pc-linux-gnu-library/4.4/TMB/include/dnorm.hpp:23:1: note: in expansion of macro \u2018VECTORIZE4_ttti\u2019\n   23 | VECTORIZE4_ttti(dnorm)\n      | ^~~~~~~~~~~~~~~\nPOPULATIONS/POPULATION_0007/INDIVIDUAL_Z3TPUTXP/model.cpp:76:21: note:   \u2018CppAD::AD<CppAD::AD<CppAD::AD<double> > >\u2019 is not derived from \u2018const tmbutils::vector<Type>\u2019\n   76 |         nll -= dnorm(log(cots_dat[t] + Type(1e-8)), log(cots_pred[t] + Type(1e-8)), 0.1, true);\n      |                ~~~~~^~~~~~~~~~~~~~~~~~~~~~~~~~~~~~~~~~~~~~~~~~~~~~~~~~~~~~~~~~~~~~~~~~~~~~~~~~\n/home/spi085/R/x86_64-pc-linux-gnu-library/4.4/TMB/include/dnorm.hpp:23:17: note: candidate: \u2018template<class Type> tmbutils::vector<Type> dnorm(Type, Type, const tmbutils::vector<Type>&, int)\u2019\n   23 | VECTORIZE4_ttti(dnorm)\n      |                 ^~~~~\n/home/spi085/R/x86_64-pc-linux-gnu-library/4.4/TMB/include/Vectorize.hpp:38:14: note: in definition of macro \u2018GVECTORIZE\u2019\n   38 | vector<Type> FUN( declare##Type1(arg1) comma##Type2                     \\\n      |              ^~~\n/home/spi085/R/x86_64-pc-linux-gnu-library/4.4/TMB/include/dnorm.hpp:23:1: note: in expansion of macro \u2018VECTORIZE4_ttti\u2019\n   23 | VECTORIZE4_ttti(dnorm)\n      | ^~~~~~~~~~~~~~~\n/home/spi085/R/x86_64-pc-linux-gnu-library/4.4/TMB/include/dnorm.hpp:23:17: note:   template argument deduction/substitution failed:\n   23 | VECTORIZE4_ttti(dnorm)\n      |                 ^~~~~\n/home/spi085/R/x86_64-pc-linux-gnu-library/4.4/TMB/include/Vectorize.hpp:38:14: note: in definition of macro \u2018GVECTORIZE\u2019\n   38 | vector<Type> FUN( declare##Type1(arg1) comma##Type2                     \\\n      |              ^~~\n/home/spi085/R/x86_64-pc-linux-gnu-library/4.4/TMB/include/dnorm.hpp:23:1: note: in expansion of macro \u2018VECTORIZE4_ttti\u2019\n   23 | VECTORIZE4_ttti(dnorm)\n      | ^~~~~~~~~~~~~~~\nPOPULATIONS/POPULATION_0007/INDIVIDUAL_Z3TPUTXP/model.cpp:76:21: note:   mismatched types \u2018const tmbutils::vector<Type>\u2019 and \u2018double\u2019\n   76 |         nll -= dnorm(log(cots_dat[t] + Type(1e-8)), log(cots_pred[t] + Type(1e-8)), 0.1, true);\n      |                ~~~~~^~~~~~~~~~~~~~~~~~~~~~~~~~~~~~~~~~~~~~~~~~~~~~~~~~~~~~~~~~~~~~~~~~~~~~~~~~\n/home/spi085/R/x86_64-pc-linux-gnu-library/4.4/TMB/include/dnorm.hpp:23:17: note: candidate: \u2018template<class Type> tmbutils::vector<Type> dnorm(const tmbutils::vector<Type>&, const tmbutils::vector<Type>&, Type, int)\u2019\n   23 | VECTORIZE4_ttti(dnorm)\n      |                 ^~~~~\n/home/spi085/R/x86_64-pc-linux-gnu-library/4.4/TMB/include/Vectorize.hpp:38:14: note: in definition of macro \u2018GVECTORIZE\u2019\n   38 | vector<Type> FUN( declare##Type1(arg1) comma##Type2                     \\\n      |              ^~~\n/home/spi085/R/x86_64-pc-linux-gnu-library/4.4/TMB/include/dnorm.hpp:23:1: note: in expansion of macro \u2018VECTORIZE4_ttti\u2019\n   23 | VECTORIZE4_ttti(dnorm)\n      | ^~~~~~~~~~~~~~~\n/home/spi085/R/x86_64-pc-linux-gnu-library/4.4/TMB/include/dnorm.hpp:23:17: note:   template argument deduction/substitution failed:\n   23 | VECTORIZE4_ttti(dnorm)\n      |                 ^~~~~\n/home/spi085/R/x86_64-pc-linux-gnu-library/4.4/TMB/include/Vectorize.hpp:38:14: note: in definition of macro \u2018GVECTORIZE\u2019\n   38 | vector<Type> FUN( declare##Type1(arg1) comma##Type2                     \\\n      |              ^~~\n/home/spi085/R/x86_64-pc-linux-gnu-library/4.4/TMB/include/dnorm.hpp:23:1: note: in expansion of macro \u2018VECTORIZE4_ttti\u2019\n   23 | VECTORIZE4_ttti(dnorm)\n      | ^~~~~~~~~~~~~~~\nPOPULATIONS/POPULATION_0007/INDIVIDUAL_Z3TPUTXP/model.cpp:76:21: note:   \u2018CppAD::AD<CppAD::AD<CppAD::AD<double> > >\u2019 is not derived from \u2018const tmbutils::vector<Type>\u2019\n   76 |         nll -= dnorm(log(cots_dat[t] + Type(1e-8)), log(cots_pred[t] + Type(1e-8)), 0.1, true);\n      |                ~~~~~^~~~~~~~~~~~~~~~~~~~~~~~~~~~~~~~~~~~~~~~~~~~~~~~~~~~~~~~~~~~~~~~~~~~~~~~~~\n/home/spi085/R/x86_64-pc-linux-gnu-library/4.4/TMB/include/dnorm.hpp:23:17: note: candidate: \u2018template<class Type> tmbutils::vector<Type> dnorm(Type, const tmbutils::vector<Type>&, const tmbutils::vector<Type>&, int)\u2019\n   23 | VECTORIZE4_ttti(dnorm)\n      |                 ^~~~~\n/home/spi085/R/x86_64-pc-linux-gnu-library/4.4/TMB/include/Vectorize.hpp:38:14: note: in definition of macro \u2018GVECTORIZE\u2019\n   38 | vector<Type> FUN( declare##Type1(arg1) comma##Type2                     \\\n      |              ^~~\n/home/spi085/R/x86_64-pc-linux-gnu-library/4.4/TMB/include/dnorm.hpp:23:1: note: in expansion of macro \u2018VECTORIZE4_ttti\u2019\n   23 | VECTORIZE4_ttti(dnorm)\n      | ^~~~~~~~~~~~~~~\n/home/spi085/R/x86_64-pc-linux-gnu-library/4.4/TMB/include/dnorm.hpp:23:17: note:   template argument deduction/substitution failed:\n   23 | VECTORIZE4_ttti(dnorm)\n      |                 ^~~~~\n/home/spi085/R/x86_64-pc-linux-gnu-library/4.4/TMB/include/Vectorize.hpp:38:14: note: in definition of macro \u2018GVECTORIZE\u2019\n   38 | vector<Type> FUN( declare##Type1(arg1) comma##Type2                     \\\n      |              ^~~\n/home/spi085/R/x86_64-pc-linux-gnu-library/4.4/TMB/include/dnorm.hpp:23:1: note: in expansion of macro \u2018VECTORIZE4_ttti\u2019\n   23 | VECTORIZE4_ttti(dnorm)\n      | ^~~~~~~~~~~~~~~\nPOPULATIONS/POPULATION_0007/INDIVIDUAL_Z3TPUTXP/model.cpp:76:21: note:   \u2018CppAD::AD<CppAD::AD<CppAD::AD<double> > >\u2019 is not derived from \u2018const tmbutils::vector<Type>\u2019\n   76 |         nll -= dnorm(log(cots_dat[t] + Type(1e-8)), log(cots_pred[t] + Type(1e-8)), 0.1, true);\n      |                ~~~~~^~~~~~~~~~~~~~~~~~~~~~~~~~~~~~~~~~~~~~~~~~~~~~~~~~~~~~~~~~~~~~~~~~~~~~~~~~\n/home/spi085/R/x86_64-pc-linux-gnu-library/4.4/TMB/include/dnorm.hpp:23:17: note: candidate: \u2018template<class Type> tmbutils::vector<Type> dnorm(const tmbutils::vector<Type>&, Type, const tmbutils::vector<Type>&, int)\u2019\n   23 | VECTORIZE4_ttti(dnorm)\n      |                 ^~~~~\n/home/spi085/R/x86_64-pc-linux-gnu-library/4.4/TMB/include/Vectorize.hpp:38:14: note: in definition of macro \u2018GVECTORIZE\u2019\n   38 | vector<Type> FUN( declare##Type1(arg1) comma##Type2                     \\\n      |              ^~~\n/home/spi085/R/x86_64-pc-linux-gnu-library/4.4/TMB/include/dnorm.hpp:23:1: note: in expansion of macro \u2018VECTORIZE4_ttti\u2019\n   23 | VECTORIZE4_ttti(dnorm)\n      | ^~~~~~~~~~~~~~~\n/home/spi085/R/x86_64-pc-linux-gnu-library/4.4/TMB/include/dnorm.hpp:23:17: note:   template argument deduction/substitution failed:\n   23 | VECTORIZE4_ttti(dnorm)\n      |                 ^~~~~\n/home/spi085/R/x86_64-pc-linux-gnu-library/4.4/TMB/include/Vectorize.hpp:38:14: note: in definition of macro \u2018GVECTORIZE\u2019\n   38 | vector<Type> FUN( declare##Type1(arg1) comma##Type2                     \\\n      |              ^~~\n/home/spi085/R/x86_64-pc-linux-gnu-library/4.4/TMB/include/dnorm.hpp:23:1: note: in expansion of macro \u2018VECTORIZE4_ttti\u2019\n   23 | VECTORIZE4_ttti(dnorm)\n      | ^~~~~~~~~~~~~~~\nPOPULATIONS/POPULATION_0007/INDIVIDUAL_Z3TPUTXP/model.cpp:76:21: note:   \u2018CppAD::AD<CppAD::AD<CppAD::AD<double> > >\u2019 is not derived from \u2018const tmbutils::vector<Type>\u2019\n   76 |         nll -= dnorm(log(cots_dat[t] + Type(1e-8)), log(cots_pred[t] + Type(1e-8)), 0.1, true);\n      |                ~~~~~^~~~~~~~~~~~~~~~~~~~~~~~~~~~~~~~~~~~~~~~~~~~~~~~~~~~~~~~~~~~~~~~~~~~~~~~~~\n/home/spi085/R/x86_64-pc-linux-gnu-library/4.4/TMB/include/dnorm.hpp:23:17: note: candidate: \u2018template<class Type> tmbutils::vector<Type> dnorm(const tmbutils::vector<Type>&, const tmbutils::vector<Type>&, const tmbutils::vector<Type>&, int)\u2019\n   23 | VECTORIZE4_ttti(dnorm)\n      |                 ^~~~~\n/home/spi085/R/x86_64-pc-linux-gnu-library/4.4/TMB/include/Vectorize.hpp:38:14: note: in definition of macro \u2018GVECTORIZE\u2019\n   38 | vector<Type> FUN( declare##Type1(arg1) comma##Type2                     \\\n      |              ^~~\n/home/spi085/R/x86_64-pc-linux-gnu-library/4.4/TMB/include/dnorm.hpp:23:1: note: in expansion of macro \u2018VECTORIZE4_ttti\u2019\n   23 | VECTORIZE4_ttti(dnorm)\n      | ^~~~~~~~~~~~~~~\n/home/spi085/R/x86_64-pc-linux-gnu-library/4.4/TMB/include/dnorm.hpp:23:17: note:   template argument deduction/substitution failed:\n   23 | VECTORIZE4_ttti(dnorm)\n      |                 ^~~~~\n/home/spi085/R/x86_64-pc-linux-gnu-library/4.4/TMB/include/Vectorize.hpp:38:14: note: in definition of macro \u2018GVECTORIZE\u2019\n   38 | vector<Type> FUN( declare##Type1(arg1) comma##Type2                     \\\n      |              ^~~\n/home/spi085/R/x86_64-pc-linux-gnu-library/4.4/TMB/include/dnorm.hpp:23:1: note: in expansion of macro \u2018VECTORIZE4_ttti\u2019\n   23 | VECTORIZE4_ttti(dnorm)\n      | ^~~~~~~~~~~~~~~\nPOPULATIONS/POPULATION_0007/INDIVIDUAL_Z3TPUTXP/model.cpp:76:21: note:   \u2018CppAD::AD<CppAD::AD<CppAD::AD<double> > >\u2019 is not derived from \u2018const tmbutils::vector<Type>\u2019\n   76 |         nll -= dnorm(log(cots_dat[t] + Type(1e-8)), log(cots_pred[t] + Type(1e-8)), 0.1, true);\n      |                ~~~~~^~~~~~~~~~~~~~~~~~~~~~~~~~~~~~~~~~~~~~~~~~~~~~~~~~~~~~~~~~~~~~~~~~~~~~~~~~\nPOPULATIONS/POPULATION_0007/INDIVIDUAL_Z3TPUTXP/model.cpp:77:21: error: no matching function for call to \u2018dnorm(CppAD::AD<CppAD::AD<CppAD::AD<double> > >, CppAD::AD<CppAD::AD<CppAD::AD<double> > >, double, bool)\u2019\n   77 |         nll -= dnorm(log(fast_dat[t] + Type(1e-8)), log(fast_pred[t] + Type(1e-8)), 0.1, true);\n      |                ~~~~~^~~~~~~~~~~~~~~~~~~~~~~~~~~~~~~~~~~~~~~~~~~~~~~~~~~~~~~~~~~~~~~~~~~~~~~~~~\n/home/spi085/R/x86_64-pc-linux-gnu-library/4.4/TMB/include/dnorm.hpp:17:6: note: candidate: \u2018template<class Type> Type dnorm(Type, Type, Type, int)\u2019\n   17 | Type dnorm(Type x, Type mean, Type sd, int give_log=0)\n      |      ^~~~~\n/home/spi085/R/x86_64-pc-linux-gnu-library/4.4/TMB/include/dnorm.hpp:17:6: note:   template argument deduction/substitution failed:\nPOPULATIONS/POPULATION_0007/INDIVIDUAL_Z3TPUTXP/model.cpp:77:21: note:   deduced conflicting types for parameter \u2018Type\u2019 (\u2018CppAD::AD<CppAD::AD<CppAD::AD<double> > >\u2019 and \u2018double\u2019)\n   77 |         nll -= dnorm(log(fast_dat[t] + Type(1e-8)), log(fast_pred[t] + Type(1e-8)), 0.1, true);\n      |                ~~~~~^~~~~~~~~~~~~~~~~~~~~~~~~~~~~~~~~~~~~~~~~~~~~~~~~~~~~~~~~~~~~~~~~~~~~~~~~~\n/home/spi085/R/x86_64-pc-linux-gnu-library/4.4/TMB/include/dnorm.hpp:23:17: note: candidate: \u2018template<class Type> tmbutils::vector<Type> dnorm(const tmbutils::vector<Type>&, Type, Type, int)\u2019\n   23 | VECTORIZE4_ttti(dnorm)\n      |                 ^~~~~\n/home/spi085/R/x86_64-pc-linux-gnu-library/4.4/TMB/include/Vectorize.hpp:38:14: note: in definition of macro \u2018GVECTORIZE\u2019\n   38 | vector<Type> FUN( declare##Type1(arg1) comma##Type2                     \\\n      |              ^~~\n/home/spi085/R/x86_64-pc-linux-gnu-library/4.4/TMB/include/dnorm.hpp:23:1: note: in expansion of macro \u2018VECTORIZE4_ttti\u2019\n   23 | VECTORIZE4_ttti(dnorm)\n      | ^~~~~~~~~~~~~~~\n/home/spi085/R/x86_64-pc-linux-gnu-library/4.4/TMB/include/dnorm.hpp:23:17: note:   template argument deduction/substitution failed:\n   23 | VECTORIZE4_ttti(dnorm)\n      |                 ^~~~~\n/home/spi085/R/x86_64-pc-linux-gnu-library/4.4/TMB/include/Vectorize.hpp:38:14: note: in definition of macro \u2018GVECTORIZE\u2019\n   38 | vector<Type> FUN( declare##Type1(arg1) comma##Type2                     \\\n      |              ^~~\n/home/spi085/R/x86_64-pc-linux-gnu-library/4.4/TMB/include/dnorm.hpp:23:1: note: in expansion of macro \u2018VECTORIZE4_ttti\u2019\n   23 | VECTORIZE4_ttti(dnorm)\n      | ^~~~~~~~~~~~~~~\nPOPULATIONS/POPULATION_0007/INDIVIDUAL_Z3TPUTXP/model.cpp:77:21: note:   \u2018CppAD::AD<CppAD::AD<CppAD::AD<double> > >\u2019 is not derived from \u2018const tmbutils::vector<Type>\u2019\n   77 |         nll -= dnorm(log(fast_dat[t] + Type(1e-8)), log(fast_pred[t] + Type(1e-8)), 0.1, true);\n      |                ~~~~~^~~~~~~~~~~~~~~~~~~~~~~~~~~~~~~~~~~~~~~~~~~~~~~~~~~~~~~~~~~~~~~~~~~~~~~~~~\n/home/spi085/R/x86_64-pc-linux-gnu-library/4.4/TMB/include/dnorm.hpp:23:17: note: candidate: \u2018template<class Type> tmbutils::vector<Type> dnorm(Type, const tmbutils::vector<Type>&, Type, int)\u2019\n   23 | VECTORIZE4_ttti(dnorm)\n      |                 ^~~~~\n/home/spi085/R/x86_64-pc-linux-gnu-library/4.4/TMB/include/Vectorize.hpp:38:14: note: in definition of macro \u2018GVECTORIZE\u2019\n   38 | vector<Type> FUN( declare##Type1(arg1) comma##Type2                     \\\n      |              ^~~\n/home/spi085/R/x86_64-pc-linux-gnu-library/4.4/TMB/include/dnorm.hpp:23:1: note: in expansion of macro \u2018VECTORIZE4_ttti\u2019\n   23 | VECTORIZE4_ttti(dnorm)\n      | ^~~~~~~~~~~~~~~\n/home/spi085/R/x86_64-pc-linux-gnu-library/4.4/TMB/include/dnorm.hpp:23:17: note:   template argument deduction/substitution failed:\n   23 | VECTORIZE4_ttti(dnorm)\n      |                 ^~~~~\n/home/spi085/R/x86_64-pc-linux-gnu-library/4.4/TMB/include/Vectorize.hpp:38:14: note: in definition of macro \u2018GVECTORIZE\u2019\n   38 | vector<Type> FUN( declare##Type1(arg1) comma##Type2                     \\\n      |              ^~~\n/home/spi085/R/x86_64-pc-linux-gnu-library/4.4/TMB/include/dnorm.hpp:23:1: note: in expansion of macro \u2018VECTORIZE4_ttti\u2019\n   23 | VECTORIZE4_ttti(dnorm)\n      | ^~~~~~~~~~~~~~~\nPOPULATIONS/POPULATION_0007/INDIVIDUAL_Z3TPUTXP/model.cpp:77:21: note:   \u2018CppAD::AD<CppAD::AD<CppAD::AD<double> > >\u2019 is not derived from \u2018const tmbutils::vector<Type>\u2019\n   77 |         nll -= dnorm(log(fast_dat[t] + Type(1e-8)), log(fast_pred[t] + Type(1e-8)), 0.1, true);\n      |                ~~~~~^~~~~~~~~~~~~~~~~~~~~~~~~~~~~~~~~~~~~~~~~~~~~~~~~~~~~~~~~~~~~~~~~~~~~~~~~~\n/home/spi085/R/x86_64-pc-linux-gnu-library/4.4/TMB/include/dnorm.hpp:23:17: note: candidate: \u2018template<class Type> tmbutils::vector<Type> dnorm(Type, Type, const tmbutils::vector<Type>&, int)\u2019\n   23 | VECTORIZE4_ttti(dnorm)\n      |                 ^~~~~\n/home/spi085/R/x86_64-pc-linux-gnu-library/4.4/TMB/include/Vectorize.hpp:38:14: note: in definition of macro \u2018GVECTORIZE\u2019\n   38 | vector<Type> FUN( declare##Type1(arg1) comma##Type2                     \\\n      |              ^~~\n/home/spi085/R/x86_64-pc-linux-gnu-library/4.4/TMB/include/dnorm.hpp:23:1: note: in expansion of macro \u2018VECTORIZE4_ttti\u2019\n   23 | VECTORIZE4_ttti(dnorm)\n      | ^~~~~~~~~~~~~~~\n/home/spi085/R/x86_64-pc-linux-gnu-library/4.4/TMB/include/dnorm.hpp:23:17: note:   template argument deduction/substitution failed:\n   23 | VECTORIZE4_ttti(dnorm)\n      |                 ^~~~~\n/home/spi085/R/x86_64-pc-linux-gnu-library/4.4/TMB/include/Vectorize.hpp:38:14: note: in definition of macro \u2018GVECTORIZE\u2019\n   38 | vector<Type> FUN( declare##Type1(arg1) comma##Type2                     \\\n      |              ^~~\n/home/spi085/R/x86_64-pc-linux-gnu-library/4.4/TMB/include/dnorm.hpp:23:1: note: in expansion of macro \u2018VECTORIZE4_ttti\u2019\n   23 | VECTORIZE4_ttti(dnorm)\n      | ^~~~~~~~~~~~~~~\nPOPULATIONS/POPULATION_0007/INDIVIDUAL_Z3TPUTXP/model.cpp:77:21: note:   mismatched types \u2018const tmbutils::vector<Type>\u2019 and \u2018double\u2019\n   77 |         nll -= dnorm(log(fast_dat[t] + Type(1e-8)), log(fast_pred[t] + Type(1e-8)), 0.1, true);\n      |                ~~~~~^~~~~~~~~~~~~~~~~~~~~~~~~~~~~~~~~~~~~~~~~~~~~~~~~~~~~~~~~~~~~~~~~~~~~~~~~~\n/home/spi085/R/x86_64-pc-linux-gnu-library/4.4/TMB/include/dnorm.hpp:23:17: note: candidate: \u2018template<class Type> tmbutils::vector<Type> dnorm(const tmbutils::vector<Type>&, const tmbutils::vector<Type>&, Type, int)\u2019\n   23 | VECTORIZE4_ttti(dnorm)\n      |                 ^~~~~\n/home/spi085/R/x86_64-pc-linux-gnu-library/4.4/TMB/include/Vectorize.hpp:38:14: note: in definition of macro \u2018GVECTORIZE\u2019\n   38 | vector<Type> FUN( declare##Type1(arg1) comma##Type2                     \\\n      |              ^~~\n/home/spi085/R/x86_64-pc-linux-gnu-library/4.4/TMB/include/dnorm.hpp:23:1: note: in expansion of macro \u2018VECTORIZE4_ttti\u2019\n   23 | VECTORIZE4_ttti(dnorm)\n      | ^~~~~~~~~~~~~~~\n/home/spi085/R/x86_64-pc-linux-gnu-library/4.4/TMB/include/dnorm.hpp:23:17: note:   template argument deduction/substitution failed:\n   23 | VECTORIZE4_ttti(dnorm)\n      |                 ^~~~~\n/home/spi085/R/x86_64-pc-linux-gnu-library/4.4/TMB/include/Vectorize.hpp:38:14: note: in definition of macro \u2018GVECTORIZE\u2019\n   38 | vector<Type> FUN( declare##Type1(arg1) comma##Type2                     \\\n      |              ^~~\n/home/spi085/R/x86_64-pc-linux-gnu-library/4.4/TMB/include/dnorm.hpp:23:1: note: in expansion of macro \u2018VECTORIZE4_ttti\u2019\n   23 | VECTORIZE4_ttti(dnorm)\n      | ^~~~~~~~~~~~~~~\nPOPULATIONS/POPULATION_0007/INDIVIDUAL_Z3TPUTXP/model.cpp:77:21: note:   \u2018CppAD::AD<CppAD::AD<CppAD::AD<double> > >\u2019 is not derived from \u2018const tmbutils::vector<Type>\u2019\n   77 |         nll -= dnorm(log(fast_dat[t] + Type(1e-8)), log(fast_pred[t] + Type(1e-8)), 0.1, true);\n      |                ~~~~~^~~~~~~~~~~~~~~~~~~~~~~~~~~~~~~~~~~~~~~~~~~~~~~~~~~~~~~~~~~~~~~~~~~~~~~~~~\n/home/spi085/R/x86_64-pc-linux-gnu-library/4.4/TMB/include/dnorm.hpp:23:17: note: candidate: \u2018template<class Type> tmbutils::vector<Type> dnorm(Type, const tmbutils::vector<Type>&, const tmbutils::vector<Type>&, int)\u2019\n   23 | VECTORIZE4_ttti(dnorm)\n      |                 ^~~~~\n/home/spi085/R/x86_64-pc-linux-gnu-library/4.4/TMB/include/Vectorize.hpp:38:14: note: in definition of macro \u2018GVECTORIZE\u2019\n   38 | vector<Type> FUN( declare##Type1(arg1) comma##Type2                     \\\n      |              ^~~\n/home/spi085/R/x86_64-pc-linux-gnu-library/4.4/TMB/include/dnorm.hpp:23:1: note: in expansion of macro \u2018VECTORIZE4_ttti\u2019\n   23 | VECTORIZE4_ttti(dnorm)\n      | ^~~~~~~~~~~~~~~\n/home/spi085/R/x86_64-pc-linux-gnu-library/4.4/TMB/include/dnorm.hpp:23:17: note:   template argument deduction/substitution failed:\n   23 | VECTORIZE4_ttti(dnorm)\n      |                 ^~~~~\n/home/spi085/R/x86_64-pc-linux-gnu-library/4.4/TMB/include/Vectorize.hpp:38:14: note: in definition of macro \u2018GVECTORIZE\u2019\n   38 | vector<Type> FUN( declare##Type1(arg1) comma##Type2                     \\\n      |              ^~~\n/home/spi085/R/x86_64-pc-linux-gnu-library/4.4/TMB/include/dnorm.hpp:23:1: note: in expansion of macro \u2018VECTORIZE4_ttti\u2019\n   23 | VECTORIZE4_ttti(dnorm)\n      | ^~~~~~~~~~~~~~~\nPOPULATIONS/POPULATION_0007/INDIVIDUAL_Z3TPUTXP/model.cpp:77:21: note:   \u2018CppAD::AD<CppAD::AD<CppAD::AD<double> > >\u2019 is not derived from \u2018const tmbutils::vector<Type>\u2019\n   77 |         nll -= dnorm(log(fast_dat[t] + Type(1e-8)), log(fast_pred[t] + Type(1e-8)), 0.1, true);\n      |                ~~~~~^~~~~~~~~~~~~~~~~~~~~~~~~~~~~~~~~~~~~~~~~~~~~~~~~~~~~~~~~~~~~~~~~~~~~~~~~~\n/home/spi085/R/x86_64-pc-linux-gnu-library/4.4/TMB/include/dnorm.hpp:23:17: note: candidate: \u2018template<class Type> tmbutils::vector<Type> dnorm(const tmbutils::vector<Type>&, Type, const tmbutils::vector<Type>&, int)\u2019\n   23 | VECTORIZE4_ttti(dnorm)\n      |                 ^~~~~\n/home/spi085/R/x86_64-pc-linux-gnu-library/4.4/TMB/include/Vectorize.hpp:38:14: note: in definition of macro \u2018GVECTORIZE\u2019\n   38 | vector<Type> FUN( declare##Type1(arg1) comma##Type2                     \\\n      |              ^~~\n/home/spi085/R/x86_64-pc-linux-gnu-library/4.4/TMB/include/dnorm.hpp:23:1: note: in expansion of macro \u2018VECTORIZE4_ttti\u2019\n   23 | VECTORIZE4_ttti(dnorm)\n      | ^~~~~~~~~~~~~~~\n/home/spi085/R/x86_64-pc-linux-gnu-library/4.4/TMB/include/dnorm.hpp:23:17: note:   template argument deduction/substitution failed:\n   23 | VECTORIZE4_ttti(dnorm)\n      |                 ^~~~~\n/home/spi085/R/x86_64-pc-linux-gnu-library/4.4/TMB/include/Vectorize.hpp:38:14: note: in definition of macro \u2018GVECTORIZE\u2019\n   38 | vector<Type> FUN( declare##Type1(arg1) comma##Type2                     \\\n      |              ^~~\n/home/spi085/R/x86_64-pc-linux-gnu-library/4.4/TMB/include/dnorm.hpp:23:1: note: in expansion of macro \u2018VECTORIZE4_ttti\u2019\n   23 | VECTORIZE4_ttti(dnorm)\n      | ^~~~~~~~~~~~~~~\nPOPULATIONS/POPULATION_0007/INDIVIDUAL_Z3TPUTXP/model.cpp:77:21: note:   \u2018CppAD::AD<CppAD::AD<CppAD::AD<double> > >\u2019 is not derived from \u2018const tmbutils::vector<Type>\u2019\n   77 |         nll -= dnorm(log(fast_dat[t] + Type(1e-8)), log(fast_pred[t] + Type(1e-8)), 0.1, true);\n      |                ~~~~~^~~~~~~~~~~~~~~~~~~~~~~~~~~~~~~~~~~~~~~~~~~~~~~~~~~~~~~~~~~~~~~~~~~~~~~~~~\n/home/spi085/R/x86_64-pc-linux-gnu-library/4.4/TMB/include/dnorm.hpp:23:17: note: candidate: \u2018template<class Type> tmbutils::vector<Type> dnorm(const tmbutils::vector<Type>&, const tmbutils::vector<Type>&, const tmbutils::vector<Type>&, int)\u2019\n   23 | VECTORIZE4_ttti(dnorm)\n      |                 ^~~~~\n/home/spi085/R/x86_64-pc-linux-gnu-library/4.4/TMB/include/Vectorize.hpp:38:14: note: in definition of macro \u2018GVECTORIZE\u2019\n   38 | vector<Type> FUN( declare##Type1(arg1) comma##Type2                     \\\n      |              ^~~\n/home/spi085/R/x86_64-pc-linux-gnu-library/4.4/TMB/include/dnorm.hpp:23:1: note: in expansion of macro \u2018VECTORIZE4_ttti\u2019\n   23 | VECTORIZE4_ttti(dnorm)\n      | ^~~~~~~~~~~~~~~\n/home/spi085/R/x86_64-pc-linux-gnu-library/4.4/TMB/include/dnorm.hpp:23:17: note:   template argument deduction/substitution failed:\n   23 | VECTORIZE4_ttti(dnorm)\n      |                 ^~~~~\n/home/spi085/R/x86_64-pc-linux-gnu-library/4.4/TMB/include/Vectorize.hpp:38:14: note: in definition of macro \u2018GVECTORIZE\u2019\n   38 | vector<Type> FUN( declare##Type1(arg1) comma##Type2                     \\\n      |              ^~~\n/home/spi085/R/x86_64-pc-linux-gnu-library/4.4/TMB/include/dnorm.hpp:23:1: note: in expansion of macro \u2018VECTORIZE4_ttti\u2019\n   23 | VECTORIZE4_ttti(dnorm)\n      | ^~~~~~~~~~~~~~~\nPOPULATIONS/POPULATION_0007/INDIVIDUAL_Z3TPUTXP/model.cpp:77:21: note:   \u2018CppAD::AD<CppAD::AD<CppAD::AD<double> > >\u2019 is not derived from \u2018const tmbutils::vector<Type>\u2019\n   77 |         nll -= dnorm(log(fast_dat[t] + Type(1e-8)), log(fast_pred[t] + Type(1e-8)), 0.1, true);\n      |                ~~~~~^~~~~~~~~~~~~~~~~~~~~~~~~~~~~~~~~~~~~~~~~~~~~~~~~~~~~~~~~~~~~~~~~~~~~~~~~~\nPOPULATIONS/POPULATION_0007/INDIVIDUAL_Z3TPUTXP/model.cpp:78:21: error: no matching function for call to \u2018dnorm(CppAD::AD<CppAD::AD<CppAD::AD<double> > >, CppAD::AD<CppAD::AD<CppAD::AD<double> > >, double, bool)\u2019\n   78 |         nll -= dnorm(log(slow_dat[t] + Type(1e-8)), log(slow_pred[t] + Type(1e-8)), 0.1, true);\n      |                ~~~~~^~~~~~~~~~~~~~~~~~~~~~~~~~~~~~~~~~~~~~~~~~~~~~~~~~~~~~~~~~~~~~~~~~~~~~~~~~\n/home/spi085/R/x86_64-pc-linux-gnu-library/4.4/TMB/include/dnorm.hpp:17:6: note: candidate: \u2018template<class Type> Type dnorm(Type, Type, Type, int)\u2019\n   17 | Type dnorm(Type x, Type mean, Type sd, int give_log=0)\n      |      ^~~~~\n/home/spi085/R/x86_64-pc-linux-gnu-library/4.4/TMB/include/dnorm.hpp:17:6: note:   template argument deduction/substitution failed:\nPOPULATIONS/POPULATION_0007/INDIVIDUAL_Z3TPUTXP/model.cpp:78:21: note:   deduced conflicting types for parameter \u2018Type\u2019 (\u2018CppAD::AD<CppAD::AD<CppAD::AD<double> > >\u2019 and \u2018double\u2019)\n   78 |         nll -= dnorm(log(slow_dat[t] + Type(1e-8)), log(slow_pred[t] + Type(1e-8)), 0.1, true);\n      |                ~~~~~^~~~~~~~~~~~~~~~~~~~~~~~~~~~~~~~~~~~~~~~~~~~~~~~~~~~~~~~~~~~~~~~~~~~~~~~~~\n/home/spi085/R/x86_64-pc-linux-gnu-library/4.4/TMB/include/dnorm.hpp:23:17: note: candidate: \u2018template<class Type> tmbutils::vector<Type> dnorm(const tmbutils::vector<Type>&, Type, Type, int)\u2019\n   23 | VECTORIZE4_ttti(dnorm)\n      |                 ^~~~~\n/home/spi085/R/x86_64-pc-linux-gnu-library/4.4/TMB/include/Vectorize.hpp:38:14: note: in definition of macro \u2018GVECTORIZE\u2019\n   38 | vector<Type> FUN( declare##Type1(arg1) comma##Type2                     \\\n      |              ^~~\n/home/spi085/R/x86_64-pc-linux-gnu-library/4.4/TMB/include/dnorm.hpp:23:1: note: in expansion of macro \u2018VECTORIZE4_ttti\u2019\n   23 | VECTORIZE4_ttti(dnorm)\n      | ^~~~~~~~~~~~~~~\n/home/spi085/R/x86_64-pc-linux-gnu-library/4.4/TMB/include/dnorm.hpp:23:17: note:   template argument deduction/substitution failed:\n   23 | VECTORIZE4_ttti(dnorm)\n      |                 ^~~~~\n/home/spi085/R/x86_64-pc-linux-gnu-library/4.4/TMB/include/Vectorize.hpp:38:14: note: in definition of macro \u2018GVECTORIZE\u2019\n   38 | vector<Type> FUN( declare##Type1(arg1) comma##Type2                     \\\n      |              ^~~\n/home/spi085/R/x86_64-pc-linux-gnu-library/4.4/TMB/include/dnorm.hpp:23:1: note: in expansion of macro \u2018VECTORIZE4_ttti\u2019\n   23 | VECTORIZE4_ttti(dnorm)\n      | ^~~~~~~~~~~~~~~\nPOPULATIONS/POPULATION_0007/INDIVIDUAL_Z3TPUTXP/model.cpp:78:21: note:   \u2018CppAD::AD<CppAD::AD<CppAD::AD<double> > >\u2019 is not derived from \u2018const tmbutils::vector<Type>\u2019\n   78 |         nll -= dnorm(log(slow_dat[t] + Type(1e-8)), log(slow_pred[t] + Type(1e-8)), 0.1, true);\n      |                ~~~~~^~~~~~~~~~~~~~~~~~~~~~~~~~~~~~~~~~~~~~~~~~~~~~~~~~~~~~~~~~~~~~~~~~~~~~~~~~\n/home/spi085/R/x86_64-pc-linux-gnu-library/4.4/TMB/include/dnorm.hpp:23:17: note: candidate: \u2018template<class Type> tmbutils::vector<Type> dnorm(Type, const tmbutils::vector<Type>&, Type, int)\u2019\n   23 | VECTORIZE4_ttti(dnorm)\n      |                 ^~~~~\n/home/spi085/R/x86_64-pc-linux-gnu-library/4.4/TMB/include/Vectorize.hpp:38:14: note: in definition of macro \u2018GVECTORIZE\u2019\n   38 | vector<Type> FUN( declare##Type1(arg1) comma##Type2                     \\\n      |              ^~~\n/home/spi085/R/x86_64-pc-linux-gnu-library/4.4/TMB/include/dnorm.hpp:23:1: note: in expansion of macro \u2018VECTORIZE4_ttti\u2019\n   23 | VECTORIZE4_ttti(dnorm)\n      | ^~~~~~~~~~~~~~~\n/home/spi085/R/x86_64-pc-linux-gnu-library/4.4/TMB/include/dnorm.hpp:23:17: note:   template argument deduction/substitution failed:\n   23 | VECTORIZE4_ttti(dnorm)\n      |                 ^~~~~\n/home/spi085/R/x86_64-pc-linux-gnu-library/4.4/TMB/include/Vectorize.hpp:38:14: note: in definition of macro \u2018GVECTORIZE\u2019\n   38 | vector<Type> FUN( declare##Type1(arg1) comma##Type2                     \\\n      |              ^~~\n/home/spi085/R/x86_64-pc-linux-gnu-library/4.4/TMB/include/dnorm.hpp:23:1: note: in expansion of macro \u2018VECTORIZE4_ttti\u2019\n   23 | VECTORIZE4_ttti(dnorm)\n      | ^~~~~~~~~~~~~~~\nPOPULATIONS/POPULATION_0007/INDIVIDUAL_Z3TPUTXP/model.cpp:78:21: note:   \u2018CppAD::AD<CppAD::AD<CppAD::AD<double> > >\u2019 is not derived from \u2018const tmbutils::vector<Type>\u2019\n   78 |         nll -= dnorm(log(slow_dat[t] + Type(1e-8)), log(slow_pred[t] + Type(1e-8)), 0.1, true);\n      |                ~~~~~^~~~~~~~~~~~~~~~~~~~~~~~~~~~~~~~~~~~~~~~~~~~~~~~~~~~~~~~~~~~~~~~~~~~~~~~~~\n/home/spi085/R/x86_64-pc-linux-gnu-library/4.4/TMB/include/dnorm.hpp:23:17: note: candidate: \u2018template<class Type> tmbutils::vector<Type> dnorm(Type, Type, const tmbutils::vector<Type>&, int)\u2019\n   23 | VECTORIZE4_ttti(dnorm)\n      |                 ^~~~~\n/home/spi085/R/x86_64-pc-linux-gnu-library/4.4/TMB/include/Vectorize.hpp:38:14: note: in definition of macro \u2018GVECTORIZE\u2019\n   38 | vector<Type> FUN( declare##Type1(arg1) comma##Type2                     \\\n      |              ^~~\n/home/spi085/R/x86_64-pc-linux-gnu-library/4.4/TMB/include/dnorm.hpp:23:1: note: in expansion of macro \u2018VECTORIZE4_ttti\u2019\n   23 | VECTORIZE4_ttti(dnorm)\n      | ^~~~~~~~~~~~~~~\n/home/spi085/R/x86_64-pc-linux-gnu-library/4.4/TMB/include/dnorm.hpp:23:17: note:   template argument deduction/substitution failed:\n   23 | VECTORIZE4_ttti(dnorm)\n      |                 ^~~~~\n/home/spi085/R/x86_64-pc-linux-gnu-library/4.4/TMB/include/Vectorize.hpp:38:14: note: in definition of macro \u2018GVECTORIZE\u2019\n   38 | vector<Type> FUN( declare##Type1(arg1) comma##Type2                     \\\n      |              ^~~\n/home/spi085/R/x86_64-pc-linux-gnu-library/4.4/TMB/include/dnorm.hpp:23:1: note: in expansion of macro \u2018VECTORIZE4_ttti\u2019\n   23 | VECTORIZE4_ttti(dnorm)\n      | ^~~~~~~~~~~~~~~\nPOPULATIONS/POPULATION_0007/INDIVIDUAL_Z3TPUTXP/model.cpp:78:21: note:   mismatched types \u2018const tmbutils::vector<Type>\u2019 and \u2018double\u2019\n   78 |         nll -= dnorm(log(slow_dat[t] + Type(1e-8)), log(slow_pred[t] + Type(1e-8)), 0.1, true);\n      |                ~~~~~^~~~~~~~~~~~~~~~~~~~~~~~~~~~~~~~~~~~~~~~~~~~~~~~~~~~~~~~~~~~~~~~~~~~~~~~~~\n/home/spi085/R/x86_64-pc-linux-gnu-library/4.4/TMB/include/dnorm.hpp:23:17: note: candidate: \u2018template<class Type> tmbutils::vector<Type> dnorm(const tmbutils::vector<Type>&, const tmbutils::vector<Type>&, Type, int)\u2019\n   23 | VECTORIZE4_ttti(dnorm)\n      |                 ^~~~~\n/home/spi085/R/x86_64-pc-linux-gnu-library/4.4/TMB/include/Vectorize.hpp:38:14: note: in definition of macro \u2018GVECTORIZE\u2019\n   38 | vector<Type> FUN( declare##Type1(arg1) comma##Type2                     \\\n      |              ^~~\n/home/spi085/R/x86_64-pc-linux-gnu-library/4.4/TMB/include/dnorm.hpp:23:1: note: in expansion of macro \u2018VECTORIZE4_ttti\u2019\n   23 | VECTORIZE4_ttti(dnorm)\n      | ^~~~~~~~~~~~~~~\n/home/spi085/R/x86_64-pc-linux-gnu-library/4.4/TMB/include/dnorm.hpp:23:17: note:   template argument deduction/substitution failed:\n   23 | VECTORIZE4_ttti(dnorm)\n      |                 ^~~~~\n/home/spi085/R/x86_64-pc-linux-gnu-library/4.4/TMB/include/Vectorize.hpp:38:14: note: in definition of macro \u2018GVECTORIZE\u2019\n   38 | vector<Type> FUN( declare##Type1(arg1) comma##Type2                     \\\n      |              ^~~\n/home/spi085/R/x86_64-pc-linux-gnu-library/4.4/TMB/include/dnorm.hpp:23:1: note: in expansion of macro \u2018VECTORIZE4_ttti\u2019\n   23 | VECTORIZE4_ttti(dnorm)\n      | ^~~~~~~~~~~~~~~\nPOPULATIONS/POPULATION_0007/INDIVIDUAL_Z3TPUTXP/model.cpp:78:21: note:   \u2018CppAD::AD<CppAD::AD<CppAD::AD<double> > >\u2019 is not derived from \u2018const tmbutils::vector<Type>\u2019\n   78 |         nll -= dnorm(log(slow_dat[t] + Type(1e-8)), log(slow_pred[t] + Type(1e-8)), 0.1, true);\n      |                ~~~~~^~~~~~~~~~~~~~~~~~~~~~~~~~~~~~~~~~~~~~~~~~~~~~~~~~~~~~~~~~~~~~~~~~~~~~~~~~\n/home/spi085/R/x86_64-pc-linux-gnu-library/4.4/TMB/include/dnorm.hpp:23:17: note: candidate: \u2018template<class Type> tmbutils::vector<Type> dnorm(Type, const tmbutils::vector<Type>&, const tmbutils::vector<Type>&, int)\u2019\n   23 | VECTORIZE4_ttti(dnorm)\n      |                 ^~~~~\n/home/spi085/R/x86_64-pc-linux-gnu-library/4.4/TMB/include/Vectorize.hpp:38:14: note: in definition of macro \u2018GVECTORIZE\u2019\n   38 | vector<Type> FUN( declare##Type1(arg1) comma##Type2                     \\\n      |              ^~~\n/home/spi085/R/x86_64-pc-linux-gnu-library/4.4/TMB/include/dnorm.hpp:23:1: note: in expansion of macro \u2018VECTORIZE4_ttti\u2019\n   23 | VECTORIZE4_ttti(dnorm)\n      | ^~~~~~~~~~~~~~~\n/home/spi085/R/x86_64-pc-linux-gnu-library/4.4/TMB/include/dnorm.hpp:23:17: note:   template argument deduction/substitution failed:\n   23 | VECTORIZE4_ttti(dnorm)\n      |                 ^~~~~\n/home/spi085/R/x86_64-pc-linux-gnu-library/4.4/TMB/include/Vectorize.hpp:38:14: note: in definition of macro \u2018GVECTORIZE\u2019\n   38 | vector<Type> FUN( declare##Type1(arg1) comma##Type2                     \\\n      |              ^~~\n/home/spi085/R/x86_64-pc-linux-gnu-library/4.4/TMB/include/dnorm.hpp:23:1: note: in expansion of macro \u2018VECTORIZE4_ttti\u2019\n   23 | VECTORIZE4_ttti(dnorm)\n      | ^~~~~~~~~~~~~~~\nPOPULATIONS/POPULATION_0007/INDIVIDUAL_Z3TPUTXP/model.cpp:78:21: note:   \u2018CppAD::AD<CppAD::AD<CppAD::AD<double> > >\u2019 is not derived from \u2018const tmbutils::vector<Type>\u2019\n   78 |         nll -= dnorm(log(slow_dat[t] + Type(1e-8)), log(slow_pred[t] + Type(1e-8)), 0.1, true);\n      |                ~~~~~^~~~~~~~~~~~~~~~~~~~~~~~~~~~~~~~~~~~~~~~~~~~~~~~~~~~~~~~~~~~~~~~~~~~~~~~~~\n/home/spi085/R/x86_64-pc-linux-gnu-library/4.4/TMB/include/dnorm.hpp:23:17: note: candidate: \u2018template<class Type> tmbutils::vector<Type> dnorm(const tmbutils::vector<Type>&, Type, const tmbutils::vector<Type>&, int)\u2019\n   23 | VECTORIZE4_ttti(dnorm)\n      |                 ^~~~~\n/home/spi085/R/x86_64-pc-linux-gnu-library/4.4/TMB/include/Vectorize.hpp:38:14: note: in definition of macro \u2018GVECTORIZE\u2019\n   38 | vector<Type> FUN( declare##Type1(arg1) comma##Type2                     \\\n      |              ^~~\n/home/spi085/R/x86_64-pc-linux-gnu-library/4.4/TMB/include/dnorm.hpp:23:1: note: in expansion of macro \u2018VECTORIZE4_ttti\u2019\n   23 | VECTORIZE4_ttti(dnorm)\n      | ^~~~~~~~~~~~~~~\n/home/spi085/R/x86_64-pc-linux-gnu-library/4.4/TMB/include/dnorm.hpp:23:17: note:   template argument deduction/substitution failed:\n   23 | VECTORIZE4_ttti(dnorm)\n      |                 ^~~~~\n/home/spi085/R/x86_64-pc-linux-gnu-library/4.4/TMB/include/Vectorize.hpp:38:14: note: in definition of macro \u2018GVECTORIZE\u2019\n   38 | vector<Type> FUN( declare##Type1(arg1) comma##Type2                     \\\n      |              ^~~\n/home/spi085/R/x86_64-pc-linux-gnu-library/4.4/TMB/include/dnorm.hpp:23:1: note: in expansion of macro \u2018VECTORIZE4_ttti\u2019\n   23 | VECTORIZE4_ttti(dnorm)\n      | ^~~~~~~~~~~~~~~\nPOPULATIONS/POPULATION_0007/INDIVIDUAL_Z3TPUTXP/model.cpp:78:21: note:   \u2018CppAD::AD<CppAD::AD<CppAD::AD<double> > >\u2019 is not derived from \u2018const tmbutils::vector<Type>\u2019\n   78 |         nll -= dnorm(log(slow_dat[t] + Type(1e-8)), log(slow_pred[t] + Type(1e-8)), 0.1, true);\n      |                ~~~~~^~~~~~~~~~~~~~~~~~~~~~~~~~~~~~~~~~~~~~~~~~~~~~~~~~~~~~~~~~~~~~~~~~~~~~~~~~\n/home/spi085/R/x86_64-pc-linux-gnu-library/4.4/TMB/include/dnorm.hpp:23:17: note: candidate: \u2018template<class Type> tmbutils::vector<Type> dnorm(const tmbutils::vector<Type>&, const tmbutils::vector<Type>&, const tmbutils::vector<Type>&, int)\u2019\n   23 | VECTORIZE4_ttti(dnorm)\n      |                 ^~~~~\n/home/spi085/R/x86_64-pc-linux-gnu-library/4.4/TMB/include/Vectorize.hpp:38:14: note: in definition of macro \u2018GVECTORIZE\u2019\n   38 | vector<Type> FUN( declare##Type1(arg1) comma##Type2                     \\\n      |              ^~~\n/home/spi085/R/x86_64-pc-linux-gnu-library/4.4/TMB/include/dnorm.hpp:23:1: note: in expansion of macro \u2018VECTORIZE4_ttti\u2019\n   23 | VECTORIZE4_ttti(dnorm)\n      | ^~~~~~~~~~~~~~~\n/home/spi085/R/x86_64-pc-linux-gnu-library/4.4/TMB/include/dnorm.hpp:23:17: note:   template argument deduction/substitution failed:\n   23 | VECTORIZE4_ttti(dnorm)\n      |                 ^~~~~\n/home/spi085/R/x86_64-pc-linux-gnu-library/4.4/TMB/include/Vectorize.hpp:38:14: note: in definition of macro \u2018GVECTORIZE\u2019\n   38 | vector<Type> FUN( declare##Type1(arg1) comma##Type2                     \\\n      |              ^~~\n/home/spi085/R/x86_64-pc-linux-gnu-library/4.4/TMB/include/dnorm.hpp:23:1: note: in expansion of macro \u2018VECTORIZE4_ttti\u2019\n   23 | VECTORIZE4_ttti(dnorm)\n      | ^~~~~~~~~~~~~~~\nPOPULATIONS/POPULATION_0007/INDIVIDUAL_Z3TPUTXP/model.cpp:78:21: note:   \u2018CppAD::AD<CppAD::AD<CppAD::AD<double> > >\u2019 is not derived from \u2018const tmbutils::vector<Type>\u2019\n   78 |         nll -= dnorm(log(slow_dat[t] + Type(1e-8)), log(slow_pred[t] + Type(1e-8)), 0.1, true);\n      |                ~~~~~^~~~~~~~~~~~~~~~~~~~~~~~~~~~~~~~~~~~~~~~~~~~~~~~~~~~~~~~~~~~~~~~~~~~~~~~~~\nmake: *** [/usr/lib/R/etc/Makeconf:204: POPULATIONS/POPULATION_0007/INDIVIDUAL_Z3TPUTXP/model.o] Error 1\nError in TMB::compile(file.path(individual_dir, model_file), flags = flags,  : \n  Compilation failed\nError: Compilation failed\nExecution halted"
    },
    "2": {
      "status": "ERROR",
      "message": "R script failed with return code 1",
      "stdout": "g++ -std=gnu++17 -I\"/usr/share/R/include\" -DNDEBUG -I\"/home/spi085/R/x86_64-pc-linux-gnu-library/4.4/TMB/include\" -I\"/home/spi085/R/x86_64-pc-linux-gnu-library/4.4/RcppEigen/include\"   -DTMB_EIGEN_DISABLE_WARNINGS   -DTMB_LIB_INIT=R_init_model  -DCPPAD_FRAMEWORK      -fpic  -O2  -c POPULATIONS/POPULATION_0007/INDIVIDUAL_Z3TPUTXP/model.cpp -o POPULATIONS/POPULATION_0007/INDIVIDUAL_Z3TPUTXP/model.o\ng++ -std=gnu++17 -shared -L/usr/lib/R/lib -Wl,-Bsymbolic-functions -flto=auto -ffat-lto-objects -Wl,-z,relro -o POPULATIONS/POPULATION_0007/INDIVIDUAL_Z3TPUTXP/model.so POPULATIONS/POPULATION_0007/INDIVIDUAL_Z3TPUTXP/model.o -L/usr/lib/R/lib -lR\nStarting model phases\nNumber of phases: 2 \nPhase 1 \nError in model phases: Error when reading the variable: 'year_dat'. Please check data and parameters.",
      "stderr": "Loading required package: TMB\nLoading required package: jsonlite\nhere() starts at /home/spi085/Documents/_Projects/SCCP-QuantModelling\nusing C++ compiler: \u2018g++ (Ubuntu 13.3.0-6ubuntu2~24.04) 13.3.0\u2019\nError in value[[3L]](cond) : \n  Error in model phases: Error when reading the variable: 'year_dat'. Please check data and parameters.\nCalls: tryCatch -> tryCatchList -> tryCatchOne -> <Anonymous>\nIn addition: Warning message:\nIn getParameterOrder(data, parameters, new.env(), DLL = DLL) :\n  Expected object. Got NULL.\nExecution halted"
    },
    "3": {
      "status": "ERROR",
      "message": "R script failed with return code 1",
      "stdout": "g++ -std=gnu++17 -I\"/usr/share/R/include\" -DNDEBUG -I\"/home/spi085/R/x86_64-pc-linux-gnu-library/4.4/TMB/include\" -I\"/home/spi085/R/x86_64-pc-linux-gnu-library/4.4/RcppEigen/include\"   -DTMB_EIGEN_DISABLE_WARNINGS   -DTMB_LIB_INIT=R_init_model  -DCPPAD_FRAMEWORK      -fpic  -O2  -c POPULATIONS/POPULATION_0007/INDIVIDUAL_Z3TPUTXP/model.cpp -o POPULATIONS/POPULATION_0007/INDIVIDUAL_Z3TPUTXP/model.o\ng++ -std=gnu++17 -shared -L/usr/lib/R/lib -Wl,-Bsymbolic-functions -flto=auto -ffat-lto-objects -Wl,-z,relro -o POPULATIONS/POPULATION_0007/INDIVIDUAL_Z3TPUTXP/model.so POPULATIONS/POPULATION_0007/INDIVIDUAL_Z3TPUTXP/model.o -L/usr/lib/R/lib -lR\nStarting model phases\nNumber of phases: 2 \nPhase 1 \nError in model phases: Error when reading the variable: 'year_dat'. Please check data and parameters.",
      "stderr": "Loading required package: TMB\nLoading required package: jsonlite\nhere() starts at /home/spi085/Documents/_Projects/SCCP-QuantModelling\nusing C++ compiler: \u2018g++ (Ubuntu 13.3.0-6ubuntu2~24.04) 13.3.0\u2019\nError in value[[3L]](cond) : \n  Error in model phases: Error when reading the variable: 'year_dat'. Please check data and parameters.\nCalls: tryCatch -> tryCatchList -> tryCatchOne -> <Anonymous>\nIn addition: Warning message:\nIn getParameterOrder(data, parameters, new.env(), DLL = DLL) :\n  Expected object. Got NULL.\nExecution halted"
    },
    "4": {
      "status": "SUCCESS",
      "objective_value": 0.7706,
      "model_summary": [
        "            Length Class  Mode     ",
        "par         6      -none- numeric  ",
        "objective   1      -none- numeric  ",
        "convergence 1      -none- numeric  ",
        "iterations  1      -none- numeric  ",
        "evaluations 2      -none- numeric  ",
        "message     1      -none- character"
      ],
      "model_report": {
        "cots_pred": [
          0.2615,
          0.3125,
          0.3763,
          0.4557,
          0.5544,
          0.676,
          0.8245,
          1.0019,
          1.2036,
          1.4062,
          1.555,
          1.5731,
          1.4147,
          1.1244,
          0.8213,
          0.6052,
          0.4929,
          0.4461,
          0.4256,
          0.4112,
          0.396,
          0.3784,
          0.3578,
          0.3339,
          0.3064,
          0.2753
        ],
        "fast_pred": [
          10.0694,
          10.2932,
          10.4929,
          10.6629,
          10.796,
          10.8832,
          10.9133,
          10.8726,
          10.7445,
          10.5124,
          10.1666,
          9.7211,
          9.2308,
          8.7874,
          8.4792,
          8.3359,
          8.321,
          8.3766,
          8.4634,
          8.5656,
          8.6793,
          8.8051,
          8.9444,
          9.0988,
          9.2699,
          9.4596
        ],
        "slow_pred": [
          12.7726,
          12.5164,
          12.2529,
          11.9801,
          11.6957,
          11.3967,
          11.0791,
          10.7382,
          10.3683,
          9.9636,
          9.5205,
          9.0433,
          8.549,
          8.066,
          7.6206,
          7.2211,
          6.8563,
          6.5082,
          6.1643,
          5.8187,
          5.4698,
          5.1174,
          4.7618,
          4.4035,
          4.0433,
          3.6821
        ]
      },
      "plot_data": {
        "cots_pred": {
          "Year": [
            1980,
            1981,
            1982,
            1983,
            1984,
            1985,
            1986,
            1987,
            1988,
            1989,
            1990,
            1991,
            1992,
            1993,
            1994,
            1995,
            1996,
            1997,
            1998,
            1999,
            2000,
            2001,
            2002,
            2003,
            2004,
            2005
          ],
          "Modeled": [
            0.2615,
            0.3125,
            0.3763,
            0.4557,
            0.5544,
            0.676,
            0.8245,
            1.0019,
            1.2036,
            1.4062,
            1.555,
            1.5731,
            1.4147,
            1.1244,
            0.8213,
            0.6052,
            0.4929,
            0.4461,
            0.4256,
            0.4112,
            0.396,
            0.3784,
            0.3578,
            0.3339,
            0.3064,
            0.2753
          ],
          "Observed": [
            0.2615,
            0.5498,
            0.7268,
            0.5523,
            0.8281,
            0.547,
            0.758,
            0.6288,
            0.4762,
            0.6466,
            0.9107,
            2.152,
            0.6446,
            1.6723,
            0.4766,
            0.8075,
            0.3635,
            0.3728,
            0.6173,
            0.3107,
            0.256,
            0.2984,
            0.3362,
            0.2878,
            0.3221,
            0.4308
          ]
        },
        "fast_pred": {
          "Year": [
            1980,
            1981,
            1982,
            1983,
            1984,
            1985,
            1986,
            1987,
            1988,
            1989,
            1990,
            1991,
            1992,
            1993,
            1994,
            1995,
            1996,
            1997,
            1998,
            1999,
            2000,
            2001,
            2002,
            2003,
            2004,
            2005
          ],
          "Modeled": [
            10.0694,
            10.2932,
            10.4929,
            10.6629,
            10.796,
            10.8832,
            10.9133,
            10.8726,
            10.7445,
            10.5124,
            10.1666,
            9.7211,
            9.2308,
            8.7874,
            8.4792,
            8.3359,
            8.321,
            8.3766,
            8.4634,
            8.5656,
            8.6793,
            8.8051,
            8.9444,
            9.0988,
            9.2699,
            9.4596
          ],
          "Observed": [
            10.0694,
            17.7236,
            23.8276,
            19.4181,
            15.6354,
            32.4596,
            21.5567,
            34.1938,
            18.8708,
            27.3176,
            44.3301,
            13.3275,
            11.3741,
            8.3362,
            15.207,
            12.443,
            11.0666,
            10.6442,
            2.3628,
            2.76,
            3.7236,
            7.0355,
            10.2239,
            8.4754,
            9.0819,
            13.7314
          ]
        },
        "slow_pred": {
          "Year": [
            1980,
            1981,
            1982,
            1983,
            1984,
            1985,
            1986,
            1987,
            1988,
            1989,
            1990,
            1991,
            1992,
            1993,
            1994,
            1995,
            1996,
            1997,
            1998,
            1999,
            2000,
            2001,
            2002,
            2003,
            2004,
            2005
          ],
          "Modeled": [
            12.7726,
            12.5164,
            12.2529,
            11.9801,
            11.6957,
            11.3967,
            11.0791,
            10.7382,
            10.3683,
            9.9636,
            9.5205,
            9.0433,
            8.549,
            8.066,
            7.6206,
            7.2211,
            6.8563,
            6.5082,
            6.1643,
            5.8187,
            5.4698,
            5.1174,
            4.7618,
            4.4035,
            4.0433,
            3.6821
          ],
          "Observed": [
            12.7726,
            16.4147,
            12.7773,
            12.2798,
            15.1152,
            12.8194,
            10.4631,
            9.7251,
            13.2014,
            16.4512,
            11.1393,
            18.0832,
            11.5223,
            8.51,
            9.1622,
            5.3353,
            8.6044,
            7.2781,
            2.629,
            4.6951,
            1.5948,
            5.2172,
            2.6041,
            3.3618,
            7.3289,
            4.4014
          ]
        }
      },
      "stdout": "g++ -std=gnu++17 -I\"/usr/share/R/include\" -DNDEBUG -I\"/home/spi085/R/x86_64-pc-linux-gnu-library/4.4/TMB/include\" -I\"/home/spi085/R/x86_64-pc-linux-gnu-library/4.4/RcppEigen/include\"   -DTMB_EIGEN_DISABLE_WARNINGS   -DTMB_LIB_INIT=R_init_model  -DCPPAD_FRAMEWORK      -fpic  -O2  -c POPULATIONS/POPULATION_0007/INDIVIDUAL_Z3TPUTXP/model.cpp -o POPULATIONS/POPULATION_0007/INDIVIDUAL_Z3TPUTXP/model.o\ng++ -std=gnu++17 -shared -L/usr/lib/R/lib -Wl,-Bsymbolic-functions -flto=auto -ffat-lto-objects -Wl,-z,relro -o POPULATIONS/POPULATION_0007/INDIVIDUAL_Z3TPUTXP/model.so POPULATIONS/POPULATION_0007/INDIVIDUAL_Z3TPUTXP/model.o -L/usr/lib/R/lib -lR\nStarting model phases\nNumber of phases: 2 \nPhase 1 \nInitial parameter values for phase 1 :\n           cots_growth_rate cots_predation_eff_faviidae \n                        0.5                         0.3 \ncots_predation_eff_acropora \n                        0.4 \nFinal parameter values for phase 1 :\n           cots_growth_rate cots_predation_eff_faviidae \n                 -0.4621328                  26.0539604 \ncots_predation_eff_acropora \n                -51.0431160 \nConvergence message: relative convergence (4) \nNumber of iterations: 20 \nObjective function value: 12632.75 \nGradient at solution for phase 1 :\n              [,1]          [,2]          [,3]\n[1,] -0.0005601748 -9.313168e-05 -5.267377e-05\nPhase 2 \nInitial parameter values for phase 2 :\ncoral_regen_rate_slow coral_regen_rate_fast       environment_mod \n                 0.10                  0.15                  1.00 \nFinal parameter values for phase 2 :\ncoral_regen_rate_slow coral_regen_rate_fast       environment_mod \n           0.04827258            0.04211200            0.71820871 \nConvergence message: relative convergence (4) \nNumber of iterations: 27 \nObjective function value: 9668.81 \nGradient at solution for phase 2 :\n           [,1]        [,2]          [,3]\n[1,] 0.01532413 -0.02338337 -0.0002856487\nFinal Phase\nInitial parameter values for final phase:\n           cots_growth_rate cots_predation_eff_faviidae \n                -0.46213276                 26.05396038 \ncots_predation_eff_acropora       coral_regen_rate_slow \n               -51.04311604                  0.04827258 \n      coral_regen_rate_fast             environment_mod \n                 0.04211200                  0.71820871 \nFinal parameter values for final phase:\n           cots_growth_rate cots_predation_eff_faviidae \n                0.834666701                 1.488564921 \ncots_predation_eff_acropora       coral_regen_rate_slow \n                5.267219181                -0.002587657 \n      coral_regen_rate_fast             environment_mod \n                0.004009428                -0.417510505 \nConvergence message: function evaluation limit reached without convergence (9) \nNumber of iterations: 109 \nObjective function value: 990.0969 \nGradient at solution for final phase:\n        [,1]      [,2]      [,3]     [,4]     [,5]     [,6]\n[1,] 612.919 -116.2265 -136.1803 48022.68 62448.68 219.6134\nAll phases completed\n\nRunning model validation...\nNo test data available (train_test_split >= 1.0)\nNULL\n\nDEBUG: Report contents:\nList of 3\n $ cots_pred: num [1:26] 0.262 0.313 0.376 0.456 0.554 ...\n $ fast_pred: num [1:26] 10.1 10.3 10.5 10.7 10.8 ...\n $ slow_pred: num [1:26] 12.8 12.5 12.3 12 11.7 ...\nNULL\n\nDEBUG: Available variables in report:\n[1] \"cots_pred\" \"fast_pred\" \"slow_pred\"\n\nChecking predictions and calculating objective function...\n\nDEBUG: Processing cots_pred \nDEBUG: First few predictions: 0.2615042 0.3125056 0.3762622 0.4557291 0.5543637 0.6760174 \nDEBUG: Summary statistics:\n   Min. 1st Qu.  Median    Mean 3rd Qu.    Max. \n 0.2615  0.3768  0.4743  0.6919  0.9576  1.5731 \nDEBUG: All zeros? FALSE \nDEBUG: Any infinities? FALSE \n\nDEBUG: Processing fast_pred \nDEBUG: First few predictions: 10.06939 10.29317 10.49292 10.66292 10.79599 10.88318 \nDEBUG: Summary statistics:\n   Min. 1st Qu.  Median    Mean 3rd Qu.    Max. \n  8.321   8.706   9.365   9.575  10.508  10.913 \nDEBUG: All zeros? FALSE \nDEBUG: Any infinities? FALSE \n\nDEBUG: Processing slow_pred \nDEBUG: First few predictions: 12.77261 12.51641 12.25287 11.9801 11.69571 11.39665 \nDEBUG: Summary statistics:\n   Min. 1st Qu.  Median    Mean 3rd Qu.    Max. \n  3.682   5.905   8.307   8.370  10.994  12.773 \nDEBUG: All zeros? FALSE \nDEBUG: Any infinities? FALSE \n\nDEBUG: Using the following variables for objective function:\ncots_dat -> cots_pred\nfast_dat -> fast_pred\nslow_dat -> slow_pred\n\nDEBUG: Calculating MSE for prediction variables only:\n\nDEBUG: cots_pred \nObserved: 0.2615042 0.5498196 0.7268086 0.5522907 0.828121 0.5470078 ...\nPredicted: 0.2615042 0.3125056 0.3762622 0.4557291 0.5543637 0.6760174 ...\nMSE (normalized): 0.7210955 \n\nDEBUG: fast_pred \nObserved: 10.06939 17.72357 23.82758 19.41812 15.63542 32.45961 ...\nPredicted: 10.06939 10.29317 10.49292 10.66292 10.79599 10.88318 ...\nMSE (normalized): 1.192075 \n\nDEBUG: slow_pred \nObserved: 12.77261 16.41474 12.77729 12.27975 15.11516 12.81941 ...\nPredicted: 12.77261 12.51641 12.25287 11.9801 11.69571 11.39665 ...\nMSE (normalized): 0.3986702 \n\nDEBUG: MSE values:\n cots_dat  fast_dat  slow_dat \n0.7210955 1.1920754 0.3986702 \n\nDEBUG: Final objective value (mean of MSEs): 0.7706137 \n\nFinal objective function value: 0.7706137 \n\nJSON_REPORT_START\n{\n  \"status\": \"SUCCESS\",\n  \"objective_value\": 0.7706,\n  \"model_summary\": [\"            Length Class  Mode     \", \"par         6      -none- numeric  \", \"objective   1      -none- numeric  \", \"convergence 1      -none- numeric  \", \"iterations  1      -none- numeric  \", \"evaluations 2      -none- numeric  \", \"message     1      -none- character\"],\n  \"model_report\": {\n    \"cots_pred\": [0.2615, 0.3125, 0.3763, 0.4557, 0.5544, 0.676, 0.8245, 1.0019, 1.2036, 1.4062, 1.555, 1.5731, 1.4147, 1.1244, 0.8213, 0.6052, 0.4929, 0.4461, 0.4256, 0.4112, 0.396, 0.3784, 0.3578, 0.3339, 0.3064, 0.2753],\n    \"fast_pred\": [10.0694, 10.2932, 10.4929, 10.6629, 10.796, 10.8832, 10.9133, 10.8726, 10.7445, 10.5124, 10.1666, 9.7211, 9.2308, 8.7874, 8.4792, 8.3359, 8.321, 8.3766, 8.4634, 8.5656, 8.6793, 8.8051, 8.9444, 9.0988, 9.2699, 9.4596],\n    \"slow_pred\": [12.7726, 12.5164, 12.2529, 11.9801, 11.6957, 11.3967, 11.0791, 10.7382, 10.3683, 9.9636, 9.5205, 9.0433, 8.549, 8.066, 7.6206, 7.2211, 6.8563, 6.5082, 6.1643, 5.8187, 5.4698, 5.1174, 4.7618, 4.4035, 4.0433, 3.6821]\n  },\n  \"plot_data\": {\n    \"cots_pred\": {\n      \"Year\": [1980, 1981, 1982, 1983, 1984, 1985, 1986, 1987, 1988, 1989, 1990, 1991, 1992, 1993, 1994, 1995, 1996, 1997, 1998, 1999, 2000, 2001, 2002, 2003, 2004, 2005],\n      \"Modeled\": [0.2615, 0.3125, 0.3763, 0.4557, 0.5544, 0.676, 0.8245, 1.0019, 1.2036, 1.4062, 1.555, 1.5731, 1.4147, 1.1244, 0.8213, 0.6052, 0.4929, 0.4461, 0.4256, 0.4112, 0.396, 0.3784, 0.3578, 0.3339, 0.3064, 0.2753],\n      \"Observed\": [0.2615, 0.5498, 0.7268, 0.5523, 0.8281, 0.547, 0.758, 0.6288, 0.4762, 0.6466, 0.9107, 2.152, 0.6446, 1.6723, 0.4766, 0.8075, 0.3635, 0.3728, 0.6173, 0.3107, 0.256, 0.2984, 0.3362, 0.2878, 0.3221, 0.4308]\n    },\n    \"fast_pred\": {\n      \"Year\": [1980, 1981, 1982, 1983, 1984, 1985, 1986, 1987, 1988, 1989, 1990, 1991, 1992, 1993, 1994, 1995, 1996, 1997, 1998, 1999, 2000, 2001, 2002, 2003, 2004, 2005],\n      \"Modeled\": [10.0694, 10.2932, 10.4929, 10.6629, 10.796, 10.8832, 10.9133, 10.8726, 10.7445, 10.5124, 10.1666, 9.7211, 9.2308, 8.7874, 8.4792, 8.3359, 8.321, 8.3766, 8.4634, 8.5656, 8.6793, 8.8051, 8.9444, 9.0988, 9.2699, 9.4596],\n      \"Observed\": [10.0694, 17.7236, 23.8276, 19.4181, 15.6354, 32.4596, 21.5567, 34.1938, 18.8708, 27.3176, 44.3301, 13.3275, 11.3741, 8.3362, 15.207, 12.443, 11.0666, 10.6442, 2.3628, 2.76, 3.7236, 7.0355, 10.2239, 8.4754, 9.0819, 13.7314]\n    },\n    \"slow_pred\": {\n      \"Year\": [1980, 1981, 1982, 1983, 1984, 1985, 1986, 1987, 1988, 1989, 1990, 1991, 1992, 1993, 1994, 1995, 1996, 1997, 1998, 1999, 2000, 2001, 2002, 2003, 2004, 2005],\n      \"Modeled\": [12.7726, 12.5164, 12.2529, 11.9801, 11.6957, 11.3967, 11.0791, 10.7382, 10.3683, 9.9636, 9.5205, 9.0433, 8.549, 8.066, 7.6206, 7.2211, 6.8563, 6.5082, 6.1643, 5.8187, 5.4698, 5.1174, 4.7618, 4.4035, 4.0433, 3.6821],\n      \"Observed\": [12.7726, 16.4147, 12.7773, 12.2798, 15.1152, 12.8194, 10.4631, 9.7251, 13.2014, 16.4512, 11.1393, 18.0832, 11.5223, 8.51, 9.1622, 5.3353, 8.6044, 7.2781, 2.629, 4.6951, 1.5948, 5.2172, 2.6041, 3.3618, 7.3289, 4.4014]\n    }\n  }\n}\nJSON_REPORT_END",
      "stderr": "Loading required package: TMB\nLoading required package: jsonlite\nhere() starts at /home/spi085/Documents/_Projects/SCCP-QuantModelling\nusing C++ compiler: \u2018g++ (Ubuntu 13.3.0-6ubuntu2~24.04) 13.3.0\u2019\nThere were 15 warnings (use warnings() to see them)\nWarning message:\n`aes_string()` was deprecated in ggplot2 3.0.0.\n\u2139 Please use tidy evaluation idioms with `aes()`.\n\u2139 See also `vignette(\"ggplot2-in-packages\")` for more information."
    },
    "5": {
      "status": "SUCCESS",
      "objective_value": 0.7706
    }
  }
}