{
  "iterations": {
    "1": {
      "status": "ERROR",
      "message": "R script failed with return code 1",
      "stdout": "g++ -std=gnu++17  -I\"C:/Users/spi085/AppData/Local/Programs/R/R-4.4.1/include\" -DNDEBUG -I\"C:/Users/spi085/AppData/Local/Programs/R/R-44~1.1/library/TMB/include\" -I\"C:/Users/spi085/AppData/Local/Programs/R/R-44~1.1/library/RCPPEI~1/include\"   -DTMB_EIGEN_DISABLE_WARNINGS   -DTMB_LIB_INIT=R_init_model  -DCPPAD_FRAMEWORK    -I\"C:/rtools44/x86_64-w64-mingw32.static.posix/include\"     -O2 -Wa,-mbig-obj -c POPULATIONS//POPULATION_0014//INDIVIDUAL_7TDKWC2J/model.cpp -o POPULATIONS//POPULATION_0014//INDIVIDUAL_7TDKWC2J/model.o\ng++ -std=gnu++17 -shared -s -static-libgcc -o POPULATIONS//POPULATION_0014//INDIVIDUAL_7TDKWC2J/model.dll tmp.def POPULATIONS//POPULATION_0014//INDIVIDUAL_7TDKWC2J/model.o -LC:/rtools44/x86_64-w64-mingw32.static.posix/lib/x64 -LC:/rtools44/x86_64-w64-mingw32.static.posix/lib -LC:/Users/spi085/AppData/Local/Programs/R/R-4.4.1/bin/x64 -lR\nStarting model phases\nNumber of phases: 4 \nPhase 1 \nInitial parameter values for phase 1 :\n    r_cots     a_fast     r_fast     r_slow imm_effect \n        NA      10.00         NA       0.03         NA \nError in model phases: NA/NaN gradient evaluation",
      "stderr": "Loading required package: TMB\nLoading required package: jsonlite\nhere() starts at C:/Users/spi085/OneDrive - CSIRO/Documents/_Projects/SCCP-QuantModelling\nusing C++ compiler: 'G__~1.EXE (GCC) 13.2.0'\nError in value[[3L]](cond) : \n  Error in model phases: NA/NaN gradient evaluation\nCalls: tryCatch -> tryCatchList -> tryCatchOne -> <Anonymous>\nIn addition: Warning message:\nIn nlminb(model$par, model$fn, model$gr) : NA/NaN function evaluation\nExecution halted"
    },
    "2": {
      "status": "ERROR",
      "message": "R script failed with return code 1",
      "stdout": "g++ -std=gnu++17  -I\"C:/Users/spi085/AppData/Local/Programs/R/R-4.4.1/include\" -DNDEBUG -I\"C:/Users/spi085/AppData/Local/Programs/R/R-44~1.1/library/TMB/include\" -I\"C:/Users/spi085/AppData/Local/Programs/R/R-44~1.1/library/RCPPEI~1/include\"   -DTMB_EIGEN_DISABLE_WARNINGS   -DTMB_LIB_INIT=R_init_model  -DCPPAD_FRAMEWORK    -I\"C:/rtools44/x86_64-w64-mingw32.static.posix/include\"     -O2 -Wa,-mbig-obj -c POPULATIONS//POPULATION_0014//INDIVIDUAL_7TDKWC2J/model.cpp -o POPULATIONS//POPULATION_0014//INDIVIDUAL_7TDKWC2J/model.o\ng++ -std=gnu++17 -shared -s -static-libgcc -o POPULATIONS//POPULATION_0014//INDIVIDUAL_7TDKWC2J/model.dll tmp.def POPULATIONS//POPULATION_0014//INDIVIDUAL_7TDKWC2J/model.o -LC:/rtools44/x86_64-w64-mingw32.static.posix/lib/x64 -LC:/rtools44/x86_64-w64-mingw32.static.posix/lib -LC:/Users/spi085/AppData/Local/Programs/R/R-4.4.1/bin/x64 -lR\nStarting model phases\nNumber of phases: 4 \nPhase 1 \nInitial parameter values for phase 1 :\n    r_cots     a_fast     r_fast     r_slow imm_effect \n        NA      10.00         NA       0.03         NA \nError in model phases: NA/NaN gradient evaluation",
      "stderr": "Loading required package: TMB\nLoading required package: jsonlite\nhere() starts at C:/Users/spi085/OneDrive - CSIRO/Documents/_Projects/SCCP-QuantModelling\nusing C++ compiler: 'G__~1.EXE (GCC) 13.2.0'\nError in value[[3L]](cond) : \n  Error in model phases: NA/NaN gradient evaluation\nCalls: tryCatch -> tryCatchList -> tryCatchOne -> <Anonymous>\nIn addition: Warning message:\nIn nlminb(model$par, model$fn, model$gr) : NA/NaN function evaluation\nExecution halted"
    },
    "3": {
      "status": "ERROR",
      "message": "R script failed with return code 1",
      "stdout": "g++ -std=gnu++17  -I\"C:/Users/spi085/AppData/Local/Programs/R/R-4.4.1/include\" -DNDEBUG -I\"C:/Users/spi085/AppData/Local/Programs/R/R-44~1.1/library/TMB/include\" -I\"C:/Users/spi085/AppData/Local/Programs/R/R-44~1.1/library/RCPPEI~1/include\"   -DTMB_EIGEN_DISABLE_WARNINGS   -DTMB_LIB_INIT=R_init_model  -DCPPAD_FRAMEWORK    -I\"C:/rtools44/x86_64-w64-mingw32.static.posix/include\"     -O2 -Wa,-mbig-obj -c POPULATIONS//POPULATION_0014//INDIVIDUAL_7TDKWC2J/model.cpp -o POPULATIONS//POPULATION_0014//INDIVIDUAL_7TDKWC2J/model.o\ng++ -std=gnu++17 -shared -s -static-libgcc -o POPULATIONS//POPULATION_0014//INDIVIDUAL_7TDKWC2J/model.dll tmp.def POPULATIONS//POPULATION_0014//INDIVIDUAL_7TDKWC2J/model.o -LC:/rtools44/x86_64-w64-mingw32.static.posix/lib/x64 -LC:/rtools44/x86_64-w64-mingw32.static.posix/lib -LC:/Users/spi085/AppData/Local/Programs/R/R-4.4.1/bin/x64 -lR\nStarting model phases\nNumber of phases: 4 \nPhase 1 \nInitial parameter values for phase 1 :\n    r_cots     a_fast     r_fast     r_slow imm_effect \n        NA      10.00         NA       0.03         NA \nError in model phases: NA/NaN gradient evaluation",
      "stderr": "Loading required package: TMB\nLoading required package: jsonlite\nhere() starts at C:/Users/spi085/OneDrive - CSIRO/Documents/_Projects/SCCP-QuantModelling\nusing C++ compiler: 'G__~1.EXE (GCC) 13.2.0'\nError in value[[3L]](cond) : \n  Error in model phases: NA/NaN gradient evaluation\nCalls: tryCatch -> tryCatchList -> tryCatchOne -> <Anonymous>\nIn addition: Warning message:\nIn nlminb(model$par, model$fn, model$gr) : NA/NaN function evaluation\nExecution halted"
    },
    "4": {
      "status": "ERROR",
      "message": "Model failed to compile.",
      "stdout": "g++ -std=gnu++17  -I\"C:/Users/spi085/AppData/Local/Programs/R/R-4.4.1/include\" -DNDEBUG -I\"C:/Users/spi085/AppData/Local/Programs/R/R-44~1.1/library/TMB/include\" -I\"C:/Users/spi085/AppData/Local/Programs/R/R-44~1.1/library/RCPPEI~1/include\"   -DTMB_EIGEN_DISABLE_WARNINGS   -DTMB_LIB_INIT=R_init_model  -DCPPAD_FRAMEWORK    -I\"C:/rtools44/x86_64-w64-mingw32.static.posix/include\"     -O2 -Wa,-mbig-obj -c POPULATIONS//POPULATION_0014//INDIVIDUAL_7TDKWC2J/model.cpp -o POPULATIONS//POPULATION_0014//INDIVIDUAL_7TDKWC2J/model.o",
      "stderr": "Loading required package: TMB\nLoading required package: jsonlite\nhere() starts at C:/Users/spi085/OneDrive - CSIRO/Documents/_Projects/SCCP-QuantModelling\nusing C++ compiler: 'G__~1.EXE (GCC) 13.2.0'\nPOPULATIONS//POPULATION_0014//INDIVIDUAL_7TDKWC2J/model.cpp: In instantiation of 'Type objective_function<Type>::operator()() [with Type = CppAD::AD<double>]':\nC:/Users/spi085/AppData/Local/Programs/R/R-4.4.1/library/TMB/include/tmb_core.hpp:1308:6:   required from here\nPOPULATIONS//POPULATION_0014//INDIVIDUAL_7TDKWC2J/model.cpp:81:23: error: no matching function for call to 'max(CppAD::AD<double>, Eigen::DenseCoeffsBase<Eigen::Array<CppAD::AD<double>, -1, 1, 0, -1, 1>, 1>::Scalar&)'\n   81 |     cots_pred(t) = max(Type(eps), cots_pred(t)); // Ensure positive values\n      |                    ~~~^~~~~~~~~~~~~~~~~~~~~~~~~\nIn file included from C:/Users/spi085/AppData/Local/Programs/R/R-4.4.1/library/TMB/include/TMB.hpp:215,\n                 from POPULATIONS//POPULATION_0014//INDIVIDUAL_7TDKWC2J/model.cpp:1:\nC:/Users/spi085/AppData/Local/Programs/R/R-4.4.1/library/TMB/include/convenience.hpp:145:6: note: candidate: 'template<class Type> Type max(const tmbutils::vector<Type>&)'\n  145 | Type max(const vector<Type> &x)\n      |      ^~~\nC:/Users/spi085/AppData/Local/Programs/R/R-4.4.1/library/TMB/include/convenience.hpp:145:6: note:   template argument deduction/substitution failed:\nPOPULATIONS//POPULATION_0014//INDIVIDUAL_7TDKWC2J/model.cpp:81:23: note:   'CppAD::AD<double>' is not derived from 'const tmbutils::vector<Type>'\n   81 |     cots_pred(t) = max(Type(eps), cots_pred(t)); // Ensure positive values\n      |                    ~~~^~~~~~~~~~~~~~~~~~~~~~~~~\nPOPULATIONS//POPULATION_0014//INDIVIDUAL_7TDKWC2J/model.cpp:84:37: error: no matching function for call to 'min(CppAD::AD<double>, CppAD::AD<double>&)'\n   84 |     Type memory = max(Type(0.0), min(Type(1.0), inhibition_memory)); // Ensure between 0 and 1\n      |                                  ~~~^~~~~~~~~~~~~~~~~~~~~~~~~~~~~~\nC:/Users/spi085/AppData/Local/Programs/R/R-4.4.1/library/TMB/include/convenience.hpp:156:6: note: candidate: 'template<class Type> Type min(const tmbutils::vector<Type>&)'\n  156 | Type min(const vector<Type> &x)\n      |      ^~~\nC:/Users/spi085/AppData/Local/Programs/R/R-4.4.1/library/TMB/include/convenience.hpp:156:6: note:   template argument deduction/substitution failed:\nPOPULATIONS//POPULATION_0014//INDIVIDUAL_7TDKWC2J/model.cpp:84:37: note:   'CppAD::AD<double>' is not derived from 'const tmbutils::vector<Type>'\n   84 |     Type memory = max(Type(0.0), min(Type(1.0), inhibition_memory)); // Ensure between 0 and 1\n      |                                  ~~~^~~~~~~~~~~~~~~~~~~~~~~~~~~~~~\nPOPULATIONS//POPULATION_0014//INDIVIDUAL_7TDKWC2J/model.cpp:88:26: error: no matching function for call to 'max(CppAD::AD<double>, CppAD::AD<double>&)'\n   88 |     Type inhibition = max(Type(0.0), cots_inhibition); // Ensure non-negative\n      |                       ~~~^~~~~~~~~~~~~~~~~~~~~~~~~~~~\nC:/Users/spi085/AppData/Local/Programs/R/R-4.4.1/library/TMB/include/convenience.hpp:145:6: note: candidate: 'template<class Type> Type max(const tmbutils::vector<Type>&)'\n  145 | Type max(const vector<Type> &x)\n      |      ^~~\nC:/Users/spi085/AppData/Local/Programs/R/R-4.4.1/library/TMB/include/convenience.hpp:145:6: note:   template argument deduction/substitution failed:\nPOPULATIONS//POPULATION_0014//INDIVIDUAL_7TDKWC2J/model.cpp:88:26: note:   'CppAD::AD<double>' is not derived from 'const tmbutils::vector<Type>'\n   88 |     Type inhibition = max(Type(0.0), cots_inhibition); // Ensure non-negative\n      |                       ~~~^~~~~~~~~~~~~~~~~~~~~~~~~~~~\nPOPULATIONS//POPULATION_0014//INDIVIDUAL_7TDKWC2J/model.cpp:90:30: error: no matching function for call to 'max(CppAD::AD<double>, CppAD::AD<double>&)'\n   90 |     recovery_inhibition = max(Type(0.1), recovery_inhibition); // Minimum 10% recovery\n      |                           ~~~^~~~~~~~~~~~~~~~~~~~~~~~~~~~~~~~\nC:/Users/spi085/AppData/Local/Programs/R/R-4.4.1/library/TMB/include/convenience.hpp:145:6: note: candidate: 'template<class Type> Type max(const tmbutils::vector<Type>&)'\n  145 | Type max(const vector<Type> &x)\n      |      ^~~\nC:/Users/spi085/AppData/Local/Programs/R/R-4.4.1/library/TMB/include/convenience.hpp:145:6: note:   template argument deduction/substitution failed:\nPOPULATIONS//POPULATION_0014//INDIVIDUAL_7TDKWC2J/model.cpp:90:30: note:   'CppAD::AD<double>' is not derived from 'const tmbutils::vector<Type>'\n   90 |     recovery_inhibition = max(Type(0.1), recovery_inhibition); // Minimum 10% recovery\n      |                           ~~~^~~~~~~~~~~~~~~~~~~~~~~~~~~~~~~~\nPOPULATIONS//POPULATION_0014//INDIVIDUAL_7TDKWC2J/model.cpp:94:32: error: no matching function for call to 'max(CppAD::AD<double>, CppAD::AD<double>)'\n   94 |     Type fast_competition = max(Type(0.0), 1.0 - (fast_pred(t-1) + alpha_fs * slow_pred(t-1)) / K_fast);\n      |                             ~~~^~~~~~~~~~~~~~~~~~~~~~~~~~~~~~~~~~~~~~~~~~~~~~~~~~~~~~~~~~~~~~~~~~~~~~~~\nC:/Users/spi085/AppData/Local/Programs/R/R-4.4.1/library/TMB/include/convenience.hpp:145:6: note: candidate: 'template<class Type> Type max(const tmbutils::vector<Type>&)'\n  145 | Type max(const vector<Type> &x)\n      |      ^~~\nC:/Users/spi085/AppData/Local/Programs/R/R-4.4.1/library/TMB/include/convenience.hpp:145:6: note:   template argument deduction/substitution failed:\nPOPULATIONS//POPULATION_0014//INDIVIDUAL_7TDKWC2J/model.cpp:94:32: note:   'CppAD::AD<double>' is not derived from 'const tmbutils::vector<Type>'\n   94 |     Type fast_competition = max(Type(0.0), 1.0 - (fast_pred(t-1) + alpha_fs * slow_pred(t-1)) / K_fast);\n      |                             ~~~^~~~~~~~~~~~~~~~~~~~~~~~~~~~~~~~~~~~~~~~~~~~~~~~~~~~~~~~~~~~~~~~~~~~~~~~\nPOPULATIONS//POPULATION_0014//INDIVIDUAL_7TDKWC2J/model.cpp:96:30: error: no matching function for call to 'min(CppAD::AD<double>, CppAD::AD<double>)'\n   96 |     Type fast_predation = min(F_fast * cots_pred(t-1), 0.9 * fast_pred(t-1)); // Limit predation\n      |                           ~~~^~~~~~~~~~~~~~~~~~~~~~~~~~~~~~~~~~~~~~~~~~~~~~~\nC:/Users/spi085/AppData/Local/Programs/R/R-4.4.1/library/TMB/include/convenience.hpp:156:6: note: candidate: 'template<class Type> Type min(const tmbutils::vector<Type>&)'\n  156 | Type min(const vector<Type> &x)\n      |      ^~~\nC:/Users/spi085/AppData/Local/Programs/R/R-4.4.1/library/TMB/include/convenience.hpp:156:6: note:   template argument deduction/substitution failed:\nPOPULATIONS//POPULATION_0014//INDIVIDUAL_7TDKWC2J/model.cpp:96:30: note:   'CppAD::AD<double>' is not derived from 'const tmbutils::vector<Type>'\n   96 |     Type fast_predation = min(F_fast * cots_pred(t-1), 0.9 * fast_pred(t-1)); // Limit predation\n      |                           ~~~^~~~~~~~~~~~~~~~~~~~~~~~~~~~~~~~~~~~~~~~~~~~~~~\nPOPULATIONS//POPULATION_0014//INDIVIDUAL_7TDKWC2J/model.cpp:99:23: error: no matching function for call to 'max(CppAD::AD<double>, Eigen::DenseCoeffsBase<Eigen::Array<CppAD::AD<double>, -1, 1, 0, -1, 1>, 1>::Scalar&)'\n   99 |     fast_pred(t) = max(Type(eps), fast_pred(t)); // Ensure positive values\n      |                    ~~~^~~~~~~~~~~~~~~~~~~~~~~~~\nC:/Users/spi085/AppData/Local/Programs/R/R-4.4.1/library/TMB/include/convenience.hpp:145:6: note: candidate: 'template<class Type> Type max(const tmbutils::vector<Type>&)'\n  145 | Type max(const vector<Type> &x)\n      |      ^~~\nC:/Users/spi085/AppData/Local/Programs/R/R-4.4.1/library/TMB/include/convenience.hpp:145:6: note:   template argument deduction/substitution failed:\nPOPULATIONS//POPULATION_0014//INDIVIDUAL_7TDKWC2J/model.cpp:99:23: note:   'CppAD::AD<double>' is not derived from 'const tmbutils::vector<Type>'\n   99 |     fast_pred(t) = max(Type(eps), fast_pred(t)); // Ensure positive values\n      |                    ~~~^~~~~~~~~~~~~~~~~~~~~~~~~\nPOPULATIONS//POPULATION_0014//INDIVIDUAL_7TDKWC2J/model.cpp:102:32: error: no matching function for call to 'max(CppAD::AD<double>, CppAD::AD<double>)'\n  102 |     Type slow_competition = max(Type(0.0), 1.0 - (slow_pred(t-1) + alpha_sf * fast_pred(t-1)) / K_slow);\n      |                             ~~~^~~~~~~~~~~~~~~~~~~~~~~~~~~~~~~~~~~~~~~~~~~~~~~~~~~~~~~~~~~~~~~~~~~~~~~~\nC:/Users/spi085/AppData/Local/Programs/R/R-4.4.1/library/TMB/include/convenience.hpp:145:6: note: candidate: 'template<class Type> Type max(const tmbutils::vector<Type>&)'\n  145 | Type max(const vector<Type> &x)\n      |      ^~~\nC:/Users/spi085/AppData/Local/Programs/R/R-4.4.1/library/TMB/include/convenience.hpp:145:6: note:   template argument deduction/substitution failed:\nPOPULATIONS//POPULATION_0014//INDIVIDUAL_7TDKWC2J/model.cpp:102:32: note:   'CppAD::AD<double>' is not derived from 'const tmbutils::vector<Type>'\n  102 |     Type slow_competition = max(Type(0.0), 1.0 - (slow_pred(t-1) + alpha_sf * fast_pred(t-1)) / K_slow);\n      |                             ~~~^~~~~~~~~~~~~~~~~~~~~~~~~~~~~~~~~~~~~~~~~~~~~~~~~~~~~~~~~~~~~~~~~~~~~~~~\nPOPULATIONS//POPULATION_0014//INDIVIDUAL_7TDKWC2J/model.cpp:104:30: error: no matching function for call to 'min(CppAD::AD<double>, CppAD::AD<double>)'\n  104 |     Type slow_predation = min(F_slow * cots_pred(t-1), 0.9 * slow_pred(t-1)); // Limit predation\n      |                           ~~~^~~~~~~~~~~~~~~~~~~~~~~~~~~~~~~~~~~~~~~~~~~~~~~\nC:/Users/spi085/AppData/Local/Programs/R/R-4.4.1/library/TMB/include/convenience.hpp:156:6: note: candidate: 'template<class Type> Type min(const tmbutils::vector<Type>&)'\n  156 | Type min(const vector<Type> &x)\n      |      ^~~\nC:/Users/spi085/AppData/Local/Programs/R/R-4.4.1/library/TMB/include/convenience.hpp:156:6: note:   template argument deduction/substitution failed:\nPOPULATIONS//POPULATION_0014//INDIVIDUAL_7TDKWC2J/model.cpp:104:30: note:   'CppAD::AD<double>' is not derived from 'const tmbutils::vector<Type>'\n  104 |     Type slow_predation = min(F_slow * cots_pred(t-1), 0.9 * slow_pred(t-1)); // Limit predation\n      |                           ~~~^~~~~~~~~~~~~~~~~~~~~~~~~~~~~~~~~~~~~~~~~~~~~~~\nPOPULATIONS//POPULATION_0014//INDIVIDUAL_7TDKWC2J/model.cpp:107:23: error: no matching function for call to 'max(CppAD::AD<double>, Eigen::DenseCoeffsBase<Eigen::Array<CppAD::AD<double>, -1, 1, 0, -1, 1>, 1>::Scalar&)'\n  107 |     slow_pred(t) = max(Type(eps), slow_pred(t)); // Ensure positive values\n      |                    ~~~^~~~~~~~~~~~~~~~~~~~~~~~~\nC:/Users/spi085/AppData/Local/Programs/R/R-4.4.1/library/TMB/include/convenience.hpp:145:6: note: candidate: 'template<class Type> Type max(const tmbutils::vector<Type>&)'\n  145 | Type max(const vector<Type> &x)\n      |      ^~~\nC:/Users/spi085/AppData/Local/Programs/R/R-4.4.1/library/TMB/include/convenience.hpp:145:6: note:   template argument deduction/substitution failed:\nPOPULATIONS//POPULATION_0014//INDIVIDUAL_7TDKWC2J/model.cpp:107:23: note:   'CppAD::AD<double>' is not derived from 'const tmbutils::vector<Type>'\n  107 |     slow_pred(t) = max(Type(eps), slow_pred(t)); // Ensure positive values\n      |                    ~~~^~~~~~~~~~~~~~~~~~~~~~~~~\nPOPULATIONS//POPULATION_0014//INDIVIDUAL_7TDKWC2J/model.cpp:115:28: error: no matching function for call to 'max(CppAD::AD<double>&, CppAD::AD<double>&)'\n  115 |     Type sigma_cots_t = max(min_sigma, sigma_cots);\n      |                         ~~~^~~~~~~~~~~~~~~~~~~~~~~\nC:/Users/spi085/AppData/Local/Programs/R/R-4.4.1/library/TMB/include/convenience.hpp:145:6: note: candidate: 'template<class Type> Type max(const tmbutils::vector<Type>&)'\n  145 | Type max(const vector<Type> &x)\n      |      ^~~\nC:/Users/spi085/AppData/Local/Programs/R/R-4.4.1/library/TMB/include/convenience.hpp:145:6: note:   template argument deduction/substitution failed:\nPOPULATIONS//POPULATION_0014//INDIVIDUAL_7TDKWC2J/model.cpp:115:28: note:   'CppAD::AD<double>' is not derived from 'const tmbutils::vector<Type>'\n  115 |     Type sigma_cots_t = max(min_sigma, sigma_cots);\n      |                         ~~~^~~~~~~~~~~~~~~~~~~~~~~\nPOPULATIONS//POPULATION_0014//INDIVIDUAL_7TDKWC2J/model.cpp:116:28: error: no matching function for call to 'max(CppAD::AD<double>&, CppAD::AD<double>&)'\n  116 |     Type sigma_slow_t = max(min_sigma, sigma_slow);\n      |                         ~~~^~~~~~~~~~~~~~~~~~~~~~~\nC:/Users/spi085/AppData/Local/Programs/R/R-4.4.1/library/TMB/include/convenience.hpp:145:6: note: candidate: 'template<class Type> Type max(const tmbutils::vector<Type>&)'\n  145 | Type max(const vector<Type> &x)\n      |      ^~~\nC:/Users/spi085/AppData/Local/Programs/R/R-4.4.1/library/TMB/include/convenience.hpp:145:6: note:   template argument deduction/substitution failed:\nPOPULATIONS//POPULATION_0014//INDIVIDUAL_7TDKWC2J/model.cpp:116:28: note:   'CppAD::AD<double>' is not derived from 'const tmbutils::vector<Type>'\n  116 |     Type sigma_slow_t = max(min_sigma, sigma_slow);\n      |                         ~~~^~~~~~~~~~~~~~~~~~~~~~~\nPOPULATIONS//POPULATION_0014//INDIVIDUAL_7TDKWC2J/model.cpp:117:28: error: no matching function for call to 'max(CppAD::AD<double>&, CppAD::AD<double>&)'\n  117 |     Type sigma_fast_t = max(min_sigma, sigma_fast);\n      |                         ~~~^~~~~~~~~~~~~~~~~~~~~~~\nC:/Users/spi085/AppData/Local/Programs/R/R-4.4.1/library/TMB/include/convenience.hpp:145:6: note: candidate: 'template<class Type> Type max(const tmbutils::vector<Type>&)'\n  145 | Type max(const vector<Type> &x)\n      |      ^~~\nC:/Users/spi085/AppData/Local/Programs/R/R-4.4.1/library/TMB/include/convenience.hpp:145:6: note:   template argument deduction/substitution failed:\nPOPULATIONS//POPULATION_0014//INDIVIDUAL_7TDKWC2J/model.cpp:117:28: note:   'CppAD::AD<double>' is not derived from 'const tmbutils::vector<Type>'\n  117 |     Type sigma_fast_t = max(min_sigma, sigma_fast);\n      |                         ~~~^~~~~~~~~~~~~~~~~~~~~~~\nPOPULATIONS//POPULATION_0014//INDIVIDUAL_7TDKWC2J/model.cpp: In instantiation of 'Type objective_function<Type>::operator()() [with Type = double]':\nC:/Users/spi085/AppData/Local/Programs/R/R-4.4.1/library/TMB/include/tmb_core.hpp:2031:7:   required from here\nPOPULATIONS//POPULATION_0014//INDIVIDUAL_7TDKWC2J/model.cpp:81:23: error: no matching function for call to 'max(double, Eigen::DenseCoeffsBase<Eigen::Array<double, -1, 1>, 1>::Scalar&)'\n   81 |     cots_pred(t) = max(Type(eps), cots_pred(t)); // Ensure positive values\n      |                    ~~~^~~~~~~~~~~~~~~~~~~~~~~~~\nC:/Users/spi085/AppData/Local/Programs/R/R-4.4.1/library/TMB/include/convenience.hpp:145:6: note: candidate: 'template<class Type> Type max(const tmbutils::vector<Type>&)'\n  145 | Type max(const vector<Type> &x)\n      |      ^~~\nC:/Users/spi085/AppData/Local/Programs/R/R-4.4.1/library/TMB/include/convenience.hpp:145:6: note:   template argument deduction/substitution failed:\nPOPULATIONS//POPULATION_0014//INDIVIDUAL_7TDKWC2J/model.cpp:81:23: note:   mismatched types 'const tmbutils::vector<Type>' and 'double'\n   81 |     cots_pred(t) = max(Type(eps), cots_pred(t)); // Ensure positive values\n      |                    ~~~^~~~~~~~~~~~~~~~~~~~~~~~~\nPOPULATIONS//POPULATION_0014//INDIVIDUAL_7TDKWC2J/model.cpp:84:37: error: no matching function for call to 'min(double, double&)'\n   84 |     Type memory = max(Type(0.0), min(Type(1.0), inhibition_memory)); // Ensure between 0 and 1\n      |                                  ~~~^~~~~~~~~~~~~~~~~~~~~~~~~~~~~~\nC:/Users/spi085/AppData/Local/Programs/R/R-4.4.1/library/TMB/include/convenience.hpp:156:6: note: candidate: 'template<class Type> Type min(const tmbutils::vector<Type>&)'\n  156 | Type min(const vector<Type> &x)\n      |      ^~~\nC:/Users/spi085/AppData/Local/Programs/R/R-4.4.1/library/TMB/include/convenience.hpp:156:6: note:   template argument deduction/substitution failed:\nPOPULATIONS//POPULATION_0014//INDIVIDUAL_7TDKWC2J/model.cpp:84:37: note:   mismatched types 'const tmbutils::vector<Type>' and 'double'\n   84 |     Type memory = max(Type(0.0), min(Type(1.0), inhibition_memory)); // Ensure between 0 and 1\n      |                                  ~~~^~~~~~~~~~~~~~~~~~~~~~~~~~~~~~\nPOPULATIONS//POPULATION_0014//INDIVIDUAL_7TDKWC2J/model.cpp:88:26: error: no matching function for call to 'max(double, double&)'\n   88 |     Type inhibition = max(Type(0.0), cots_inhibition); // Ensure non-negative\n      |                       ~~~^~~~~~~~~~~~~~~~~~~~~~~~~~~~\nC:/Users/spi085/AppData/Local/Programs/R/R-4.4.1/library/TMB/include/convenience.hpp:145:6: note: candidate: 'template<class Type> Type max(const tmbutils::vector<Type>&)'\n  145 | Type max(const vector<Type> &x)\n      |      ^~~\nC:/Users/spi085/AppData/Local/Programs/R/R-4.4.1/library/TMB/include/convenience.hpp:145:6: note:   template argument deduction/substitution failed:\nPOPULATIONS//POPULATION_0014//INDIVIDUAL_7TDKWC2J/model.cpp:88:26: note:   mismatched types 'const tmbutils::vector<Type>' and 'double'\n   88 |     Type inhibition = max(Type(0.0), cots_inhibition); // Ensure non-negative\n      |                       ~~~^~~~~~~~~~~~~~~~~~~~~~~~~~~~\nPOPULATIONS//POPULATION_0014//INDIVIDUAL_7TDKWC2J/model.cpp:90:30: error: no matching function for call to 'max(double, double&)'\n   90 |     recovery_inhibition = max(Type(0.1), recovery_inhibition); // Minimum 10% recovery\n      |                           ~~~^~~~~~~~~~~~~~~~~~~~~~~~~~~~~~~~\nC:/Users/spi085/AppData/Local/Programs/R/R-4.4.1/library/TMB/include/convenience.hpp:145:6: note: candidate: 'template<class Type> Type max(const tmbutils::vector<Type>&)'\n  145 | Type max(const vector<Type> &x)\n      |      ^~~\nC:/Users/spi085/AppData/Local/Programs/R/R-4.4.1/library/TMB/include/convenience.hpp:145:6: note:   template argument deduction/substitution failed:\nPOPULATIONS//POPULATION_0014//INDIVIDUAL_7TDKWC2J/model.cpp:90:30: note:   mismatched types 'const tmbutils::vector<Type>' and 'double'\n   90 |     recovery_inhibition = max(Type(0.1), recovery_inhibition); // Minimum 10% recovery\n      |                           ~~~^~~~~~~~~~~~~~~~~~~~~~~~~~~~~~~~\nPOPULATIONS//POPULATION_0014//INDIVIDUAL_7TDKWC2J/model.cpp:94:32: error: no matching function for call to 'max(double, double)'\n   94 |     Type fast_competition = max(Type(0.0), 1.0 - (fast_pred(t-1) + alpha_fs * slow_pred(t-1)) / K_fast);\n      |                             ~~~^~~~~~~~~~~~~~~~~~~~~~~~~~~~~~~~~~~~~~~~~~~~~~~~~~~~~~~~~~~~~~~~~~~~~~~~\nC:/Users/spi085/AppData/Local/Programs/R/R-4.4.1/library/TMB/include/convenience.hpp:145:6: note: candidate: 'template<class Type> Type max(const tmbutils::vector<Type>&)'\n  145 | Type max(const vector<Type> &x)\n      |      ^~~\nC:/Users/spi085/AppData/Local/Programs/R/R-4.4.1/library/TMB/include/convenience.hpp:145:6: note:   template argument deduction/substitution failed:\nPOPULATIONS//POPULATION_0014//INDIVIDUAL_7TDKWC2J/model.cpp:94:32: note:   mismatched types 'const tmbutils::vector<Type>' and 'double'\n   94 |     Type fast_competition = max(Type(0.0), 1.0 - (fast_pred(t-1) + alpha_fs * slow_pred(t-1)) / K_fast);\n      |                             ~~~^~~~~~~~~~~~~~~~~~~~~~~~~~~~~~~~~~~~~~~~~~~~~~~~~~~~~~~~~~~~~~~~~~~~~~~~\nPOPULATIONS//POPULATION_0014//INDIVIDUAL_7TDKWC2J/model.cpp:96:30: error: no matching function for call to 'min(double, double)'\n   96 |     Type fast_predation = min(F_fast * cots_pred(t-1), 0.9 * fast_pred(t-1)); // Limit predation\n      |                           ~~~^~~~~~~~~~~~~~~~~~~~~~~~~~~~~~~~~~~~~~~~~~~~~~~\nC:/Users/spi085/AppData/Local/Programs/R/R-4.4.1/library/TMB/include/convenience.hpp:156:6: note: candidate: 'template<class Type> Type min(const tmbutils::vector<Type>&)'\n  156 | Type min(const vector<Type> &x)\n      |      ^~~\nC:/Users/spi085/AppData/Local/Programs/R/R-4.4.1/library/TMB/include/convenience.hpp:156:6: note:   template argument deduction/substitution failed:\nPOPULATIONS//POPULATION_0014//INDIVIDUAL_7TDKWC2J/model.cpp:96:30: note:   mismatched types 'const tmbutils::vector<Type>' and 'double'\n   96 |     Type fast_predation = min(F_fast * cots_pred(t-1), 0.9 * fast_pred(t-1)); // Limit predation\n      |                           ~~~^~~~~~~~~~~~~~~~~~~~~~~~~~~~~~~~~~~~~~~~~~~~~~~\nPOPULATIONS//POPULATION_0014//INDIVIDUAL_7TDKWC2J/model.cpp:99:23: error: no matching function for call to 'max(double, Eigen::DenseCoeffsBase<Eigen::Array<double, -1, 1>, 1>::Scalar&)'\n   99 |     fast_pred(t) = max(Type(eps), fast_pred(t)); // Ensure positive values\n      |                    ~~~^~~~~~~~~~~~~~~~~~~~~~~~~\nC:/Users/spi085/AppData/Local/Programs/R/R-4.4.1/library/TMB/include/convenience.hpp:145:6: note: candidate: 'template<class Type> Type max(const tmbutils::vector<Type>&)'\n  145 | Type max(const vector<Type> &x)\n      |      ^~~\nC:/Users/spi085/AppData/Local/Programs/R/R-4.4.1/library/TMB/include/convenience.hpp:145:6: note:   template argument deduction/substitution failed:\nPOPULATIONS//POPULATION_0014//INDIVIDUAL_7TDKWC2J/model.cpp:99:23: note:   mismatched types 'const tmbutils::vector<Type>' and 'double'\n   99 |     fast_pred(t) = max(Type(eps), fast_pred(t)); // Ensure positive values\n      |                    ~~~^~~~~~~~~~~~~~~~~~~~~~~~~\nPOPULATIONS//POPULATION_0014//INDIVIDUAL_7TDKWC2J/model.cpp:102:32: error: no matching function for call to 'max(double, double)'\n  102 |     Type slow_competition = max(Type(0.0), 1.0 - (slow_pred(t-1) + alpha_sf * fast_pred(t-1)) / K_slow);\n      |                             ~~~^~~~~~~~~~~~~~~~~~~~~~~~~~~~~~~~~~~~~~~~~~~~~~~~~~~~~~~~~~~~~~~~~~~~~~~~\nC:/Users/spi085/AppData/Local/Programs/R/R-4.4.1/library/TMB/include/convenience.hpp:145:6: note: candidate: 'template<class Type> Type max(const tmbutils::vector<Type>&)'\n  145 | Type max(const vector<Type> &x)\n      |      ^~~\nC:/Users/spi085/AppData/Local/Programs/R/R-4.4.1/library/TMB/include/convenience.hpp:145:6: note:   template argument deduction/substitution failed:\nPOPULATIONS//POPULATION_0014//INDIVIDUAL_7TDKWC2J/model.cpp:102:32: note:   mismatched types 'const tmbutils::vector<Type>' and 'double'\n  102 |     Type slow_competition = max(Type(0.0), 1.0 - (slow_pred(t-1) + alpha_sf * fast_pred(t-1)) / K_slow);\n      |                             ~~~^~~~~~~~~~~~~~~~~~~~~~~~~~~~~~~~~~~~~~~~~~~~~~~~~~~~~~~~~~~~~~~~~~~~~~~~\nPOPULATIONS//POPULATION_0014//INDIVIDUAL_7TDKWC2J/model.cpp:104:30: error: no matching function for call to 'min(double, double)'\n  104 |     Type slow_predation = min(F_slow * cots_pred(t-1), 0.9 * slow_pred(t-1)); // Limit predation\n      |                           ~~~^~~~~~~~~~~~~~~~~~~~~~~~~~~~~~~~~~~~~~~~~~~~~~~\nC:/Users/spi085/AppData/Local/Programs/R/R-4.4.1/library/TMB/include/convenience.hpp:156:6: note: candidate: 'template<class Type> Type min(const tmbutils::vector<Type>&)'\n  156 | Type min(const vector<Type> &x)\n      |      ^~~\nC:/Users/spi085/AppData/Local/Programs/R/R-4.4.1/library/TMB/include/convenience.hpp:156:6: note:   template argument deduction/substitution failed:\nPOPULATIONS//POPULATION_0014//INDIVIDUAL_7TDKWC2J/model.cpp:104:30: note:   mismatched types 'const tmbutils::vector<Type>' and 'double'\n  104 |     Type slow_predation = min(F_slow * cots_pred(t-1), 0.9 * slow_pred(t-1)); // Limit predation\n      |                           ~~~^~~~~~~~~~~~~~~~~~~~~~~~~~~~~~~~~~~~~~~~~~~~~~~\nPOPULATIONS//POPULATION_0014//INDIVIDUAL_7TDKWC2J/model.cpp:107:23: error: no matching function for call to 'max(double, Eigen::DenseCoeffsBase<Eigen::Array<double, -1, 1>, 1>::Scalar&)'\n  107 |     slow_pred(t) = max(Type(eps), slow_pred(t)); // Ensure positive values\n      |                    ~~~^~~~~~~~~~~~~~~~~~~~~~~~~\nC:/Users/spi085/AppData/Local/Programs/R/R-4.4.1/library/TMB/include/convenience.hpp:145:6: note: candidate: 'template<class Type> Type max(const tmbutils::vector<Type>&)'\n  145 | Type max(const vector<Type> &x)\n      |      ^~~\nC:/Users/spi085/AppData/Local/Programs/R/R-4.4.1/library/TMB/include/convenience.hpp:145:6: note:   template argument deduction/substitution failed:\nPOPULATIONS//POPULATION_0014//INDIVIDUAL_7TDKWC2J/model.cpp:107:23: note:   mismatched types 'const tmbutils::vector<Type>' and 'double'\n  107 |     slow_pred(t) = max(Type(eps), slow_pred(t)); // Ensure positive values\n      |                    ~~~^~~~~~~~~~~~~~~~~~~~~~~~~\nPOPULATIONS//POPULATION_0014//INDIVIDUAL_7TDKWC2J/model.cpp:115:28: error: no matching function for call to 'max(double&, double&)'\n  115 |     Type sigma_cots_t = max(min_sigma, sigma_cots);\n      |                         ~~~^~~~~~~~~~~~~~~~~~~~~~~\nC:/Users/spi085/AppData/Local/Programs/R/R-4.4.1/library/TMB/include/convenience.hpp:145:6: note: candidate: 'template<class Type> Type max(const tmbutils::vector<Type>&)'\n  145 | Type max(const vector<Type> &x)\n      |      ^~~\nC:/Users/spi085/AppData/Local/Programs/R/R-4.4.1/library/TMB/include/convenience.hpp:145:6: note:   template argument deduction/substitution failed:\nPOPULATIONS//POPULATION_0014//INDIVIDUAL_7TDKWC2J/model.cpp:115:28: note:   mismatched types 'const tmbutils::vector<Type>' and 'double'\n  115 |     Type sigma_cots_t = max(min_sigma, sigma_cots);\n      |                         ~~~^~~~~~~~~~~~~~~~~~~~~~~\nPOPULATIONS//POPULATION_0014//INDIVIDUAL_7TDKWC2J/model.cpp:116:28: error: no matching function for call to 'max(double&, double&)'\n  116 |     Type sigma_slow_t = max(min_sigma, sigma_slow);\n      |                         ~~~^~~~~~~~~~~~~~~~~~~~~~~\nC:/Users/spi085/AppData/Local/Programs/R/R-4.4.1/library/TMB/include/convenience.hpp:145:6: note: candidate: 'template<class Type> Type max(const tmbutils::vector<Type>&)'\n  145 | Type max(const vector<Type> &x)\n      |      ^~~\nC:/Users/spi085/AppData/Local/Programs/R/R-4.4.1/library/TMB/include/convenience.hpp:145:6: note:   template argument deduction/substitution failed:\nPOPULATIONS//POPULATION_0014//INDIVIDUAL_7TDKWC2J/model.cpp:116:28: note:   mismatched types 'const tmbutils::vector<Type>' and 'double'\n  116 |     Type sigma_slow_t = max(min_sigma, sigma_slow);\n      |                         ~~~^~~~~~~~~~~~~~~~~~~~~~~\nPOPULATIONS//POPULATION_0014//INDIVIDUAL_7TDKWC2J/model.cpp:117:28: error: no matching function for call to 'max(double&, double&)'\n  117 |     Type sigma_fast_t = max(min_sigma, sigma_fast);\n      |                         ~~~^~~~~~~~~~~~~~~~~~~~~~~\nC:/Users/spi085/AppData/Local/Programs/R/R-4.4.1/library/TMB/include/convenience.hpp:145:6: note: candidate: 'template<class Type> Type max(const tmbutils::vector<Type>&)'\n  145 | Type max(const vector<Type> &x)\n      |      ^~~\nC:/Users/spi085/AppData/Local/Programs/R/R-4.4.1/library/TMB/include/convenience.hpp:145:6: note:   template argument deduction/substitution failed:\nPOPULATIONS//POPULATION_0014//INDIVIDUAL_7TDKWC2J/model.cpp:117:28: note:   mismatched types 'const tmbutils::vector<Type>' and 'double'\n  117 |     Type sigma_fast_t = max(min_sigma, sigma_fast);\n      |                         ~~~^~~~~~~~~~~~~~~~~~~~~~~\nPOPULATIONS//POPULATION_0014//INDIVIDUAL_7TDKWC2J/model.cpp: In instantiation of 'Type objective_function<Type>::operator()() [with Type = CppAD::AD<CppAD::AD<double> >]':\nC:/Users/spi085/AppData/Local/Programs/R/R-4.4.1/library/TMB/include/tmb_core.hpp:913:29:   required from 'Type objective_function<Type>::evalUserTemplate() [with Type = CppAD::AD<CppAD::AD<double> >]'\nC:/Users/spi085/AppData/Local/Programs/R/R-4.4.1/library/TMB/include/tmb_core.hpp:2112:26:   required from here\nPOPULATIONS//POPULATION_0014//INDIVIDUAL_7TDKWC2J/model.cpp:81:23: error: no matching function for call to 'max(CppAD::AD<CppAD::AD<double> >, Eigen::DenseCoeffsBase<Eigen::Array<CppAD::AD<CppAD::AD<double> >, -1, 1, 0, -1, 1>, 1>::Scalar&)'\n   81 |     cots_pred(t) = max(Type(eps), cots_pred(t)); // Ensure positive values\n      |                    ~~~^~~~~~~~~~~~~~~~~~~~~~~~~\nC:/Users/spi085/AppData/Local/Programs/R/R-4.4.1/library/TMB/include/convenience.hpp:145:6: note: candidate: 'template<class Type> Type max(const tmbutils::vector<Type>&)'\n  145 | Type max(const vector<Type> &x)\n      |      ^~~\nC:/Users/spi085/AppData/Local/Programs/R/R-4.4.1/library/TMB/include/convenience.hpp:145:6: note:   template argument deduction/substitution failed:\nPOPULATIONS//POPULATION_0014//INDIVIDUAL_7TDKWC2J/model.cpp:81:23: note:   'CppAD::AD<CppAD::AD<double> >' is not derived from 'const tmbutils::vector<Type>'\n   81 |     cots_pred(t) = max(Type(eps), cots_pred(t)); // Ensure positive values\n      |                    ~~~^~~~~~~~~~~~~~~~~~~~~~~~~\nPOPULATIONS//POPULATION_0014//INDIVIDUAL_7TDKWC2J/model.cpp:84:37: error: no matching function for call to 'min(CppAD::AD<CppAD::AD<double> >, CppAD::AD<CppAD::AD<double> >&)'\n   84 |     Type memory = max(Type(0.0), min(Type(1.0), inhibition_memory)); // Ensure between 0 and 1\n      |                                  ~~~^~~~~~~~~~~~~~~~~~~~~~~~~~~~~~\nC:/Users/spi085/AppData/Local/Programs/R/R-4.4.1/library/TMB/include/convenience.hpp:156:6: note: candidate: 'template<class Type> Type min(const tmbutils::vector<Type>&)'\n  156 | Type min(const vector<Type> &x)\n      |      ^~~\nC:/Users/spi085/AppData/Local/Programs/R/R-4.4.1/library/TMB/include/convenience.hpp:156:6: note:   template argument deduction/substitution failed:\nPOPULATIONS//POPULATION_0014//INDIVIDUAL_7TDKWC2J/model.cpp:84:37: note:   'CppAD::AD<CppAD::AD<double> >' is not derived from 'const tmbutils::vector<Type>'\n   84 |     Type memory = max(Type(0.0), min(Type(1.0), inhibition_memory)); // Ensure between 0 and 1\n      |                                  ~~~^~~~~~~~~~~~~~~~~~~~~~~~~~~~~~\nPOPULATIONS//POPULATION_0014//INDIVIDUAL_7TDKWC2J/model.cpp:88:26: error: no matching function for call to 'max(CppAD::AD<CppAD::AD<double> >, CppAD::AD<CppAD::AD<double> >&)'\n   88 |     Type inhibition = max(Type(0.0), cots_inhibition); // Ensure non-negative\n      |                       ~~~^~~~~~~~~~~~~~~~~~~~~~~~~~~~\nC:/Users/spi085/AppData/Local/Programs/R/R-4.4.1/library/TMB/include/convenience.hpp:145:6: note: candidate: 'template<class Type> Type max(const tmbutils::vector<Type>&)'\n  145 | Type max(const vector<Type> &x)\n      |      ^~~\nC:/Users/spi085/AppData/Local/Programs/R/R-4.4.1/library/TMB/include/convenience.hpp:145:6: note:   template argument deduction/substitution failed:\nPOPULATIONS//POPULATION_0014//INDIVIDUAL_7TDKWC2J/model.cpp:88:26: note:   'CppAD::AD<CppAD::AD<double> >' is not derived from 'const tmbutils::vector<Type>'\n   88 |     Type inhibition = max(Type(0.0), cots_inhibition); // Ensure non-negative\n      |                       ~~~^~~~~~~~~~~~~~~~~~~~~~~~~~~~\nPOPULATIONS//POPULATION_0014//INDIVIDUAL_7TDKWC2J/model.cpp:90:30: error: no matching function for call to 'max(CppAD::AD<CppAD::AD<double> >, CppAD::AD<CppAD::AD<double> >&)'\n   90 |     recovery_inhibition = max(Type(0.1), recovery_inhibition); // Minimum 10% recovery\n      |                           ~~~^~~~~~~~~~~~~~~~~~~~~~~~~~~~~~~~\nC:/Users/spi085/AppData/Local/Programs/R/R-4.4.1/library/TMB/include/convenience.hpp:145:6: note: candidate: 'template<class Type> Type max(const tmbutils::vector<Type>&)'\n  145 | Type max(const vector<Type> &x)\n      |      ^~~\nC:/Users/spi085/AppData/Local/Programs/R/R-4.4.1/library/TMB/include/convenience.hpp:145:6: note:   template argument deduction/substitution failed:\nPOPULATIONS//POPULATION_0014//INDIVIDUAL_7TDKWC2J/model.cpp:90:30: note:   'CppAD::AD<CppAD::AD<double> >' is not derived from 'const tmbutils::vector<Type>'\n   90 |     recovery_inhibition = max(Type(0.1), recovery_inhibition); // Minimum 10% recovery\n      |                           ~~~^~~~~~~~~~~~~~~~~~~~~~~~~~~~~~~~\nPOPULATIONS//POPULATION_0014//INDIVIDUAL_7TDKWC2J/model.cpp:94:32: error: no matching function for call to 'max(CppAD::AD<CppAD::AD<double> >, CppAD::AD<CppAD::AD<double> >)'\n   94 |     Type fast_competition = max(Type(0.0), 1.0 - (fast_pred(t-1) + alpha_fs * slow_pred(t-1)) / K_fast);\n      |                             ~~~^~~~~~~~~~~~~~~~~~~~~~~~~~~~~~~~~~~~~~~~~~~~~~~~~~~~~~~~~~~~~~~~~~~~~~~~\nC:/Users/spi085/AppData/Local/Programs/R/R-4.4.1/library/TMB/include/convenience.hpp:145:6: note: candidate: 'template<class Type> Type max(const tmbutils::vector<Type>&)'\n  145 | Type max(const vector<Type> &x)\n      |      ^~~\nC:/Users/spi085/AppData/Local/Programs/R/R-4.4.1/library/TMB/include/convenience.hpp:145:6: note:   template argument deduction/substitution failed:\nPOPULATIONS//POPULATION_0014//INDIVIDUAL_7TDKWC2J/model.cpp:94:32: note:   'CppAD::AD<CppAD::AD<double> >' is not derived from 'const tmbutils::vector<Type>'\n   94 |     Type fast_competition = max(Type(0.0), 1.0 - (fast_pred(t-1) + alpha_fs * slow_pred(t-1)) / K_fast);\n      |                             ~~~^~~~~~~~~~~~~~~~~~~~~~~~~~~~~~~~~~~~~~~~~~~~~~~~~~~~~~~~~~~~~~~~~~~~~~~~\nPOPULATIONS//POPULATION_0014//INDIVIDUAL_7TDKWC2J/model.cpp:96:30: error: no matching function for call to 'min(CppAD::AD<CppAD::AD<double> >, CppAD::AD<CppAD::AD<double> >)'\n   96 |     Type fast_predation = min(F_fast * cots_pred(t-1), 0.9 * fast_pred(t-1)); // Limit predation\n      |                           ~~~^~~~~~~~~~~~~~~~~~~~~~~~~~~~~~~~~~~~~~~~~~~~~~~\nC:/Users/spi085/AppData/Local/Programs/R/R-4.4.1/library/TMB/include/convenience.hpp:156:6: note: candidate: 'template<class Type> Type min(const tmbutils::vector<Type>&)'\n  156 | Type min(const vector<Type> &x)\n      |      ^~~\nC:/Users/spi085/AppData/Local/Programs/R/R-4.4.1/library/TMB/include/convenience.hpp:156:6: note:   template argument deduction/substitution failed:\nPOPULATIONS//POPULATION_0014//INDIVIDUAL_7TDKWC2J/model.cpp:96:30: note:   'CppAD::AD<CppAD::AD<double> >' is not derived from 'const tmbutils::vector<Type>'\n   96 |     Type fast_predation = min(F_fast * cots_pred(t-1), 0.9 * fast_pred(t-1)); // Limit predation\n      |                           ~~~^~~~~~~~~~~~~~~~~~~~~~~~~~~~~~~~~~~~~~~~~~~~~~~\nPOPULATIONS//POPULATION_0014//INDIVIDUAL_7TDKWC2J/model.cpp:99:23: error: no matching function for call to 'max(CppAD::AD<CppAD::AD<double> >, Eigen::DenseCoeffsBase<Eigen::Array<CppAD::AD<CppAD::AD<double> >, -1, 1, 0, -1, 1>, 1>::Scalar&)'\n   99 |     fast_pred(t) = max(Type(eps), fast_pred(t)); // Ensure positive values\n      |                    ~~~^~~~~~~~~~~~~~~~~~~~~~~~~\nC:/Users/spi085/AppData/Local/Programs/R/R-4.4.1/library/TMB/include/convenience.hpp:145:6: note: candidate: 'template<class Type> Type max(const tmbutils::vector<Type>&)'\n  145 | Type max(const vector<Type> &x)\n      |      ^~~\nC:/Users/spi085/AppData/Local/Programs/R/R-4.4.1/library/TMB/include/convenience.hpp:145:6: note:   template argument deduction/substitution failed:\nPOPULATIONS//POPULATION_0014//INDIVIDUAL_7TDKWC2J/model.cpp:99:23: note:   'CppAD::AD<CppAD::AD<double> >' is not derived from 'const tmbutils::vector<Type>'\n   99 |     fast_pred(t) = max(Type(eps), fast_pred(t)); // Ensure positive values\n      |                    ~~~^~~~~~~~~~~~~~~~~~~~~~~~~\nPOPULATIONS//POPULATION_0014//INDIVIDUAL_7TDKWC2J/model.cpp:102:32: error: no matching function for call to 'max(CppAD::AD<CppAD::AD<double> >, CppAD::AD<CppAD::AD<double> >)'\n  102 |     Type slow_competition = max(Type(0.0), 1.0 - (slow_pred(t-1) + alpha_sf * fast_pred(t-1)) / K_slow);\n      |                             ~~~^~~~~~~~~~~~~~~~~~~~~~~~~~~~~~~~~~~~~~~~~~~~~~~~~~~~~~~~~~~~~~~~~~~~~~~~\nC:/Users/spi085/AppData/Local/Programs/R/R-4.4.1/library/TMB/include/convenience.hpp:145:6: note: candidate: 'template<class Type> Type max(const tmbutils::vector<Type>&)'\n  145 | Type max(const vector<Type> &x)\n      |      ^~~\nC:/Users/spi085/AppData/Local/Programs/R/R-4.4.1/library/TMB/include/convenience.hpp:145:6: note:   template argument deduction/substitution failed:\nPOPULATIONS//POPULATION_0014//INDIVIDUAL_7TDKWC2J/model.cpp:102:32: note:   'CppAD::AD<CppAD::AD<double> >' is not derived from 'const tmbutils::vector<Type>'\n  102 |     Type slow_competition = max(Type(0.0), 1.0 - (slow_pred(t-1) + alpha_sf * fast_pred(t-1)) / K_slow);\n      |                             ~~~^~~~~~~~~~~~~~~~~~~~~~~~~~~~~~~~~~~~~~~~~~~~~~~~~~~~~~~~~~~~~~~~~~~~~~~~\nPOPULATIONS//POPULATION_0014//INDIVIDUAL_7TDKWC2J/model.cpp:104:30: error: no matching function for call to 'min(CppAD::AD<CppAD::AD<double> >, CppAD::AD<CppAD::AD<double> >)'\n  104 |     Type slow_predation = min(F_slow * cots_pred(t-1), 0.9 * slow_pred(t-1)); // Limit predation\n      |                           ~~~^~~~~~~~~~~~~~~~~~~~~~~~~~~~~~~~~~~~~~~~~~~~~~~\nC:/Users/spi085/AppData/Local/Programs/R/R-4.4.1/library/TMB/include/convenience.hpp:156:6: note: candidate: 'template<class Type> Type min(const tmbutils::vector<Type>&)'\n  156 | Type min(const vector<Type> &x)\n      |      ^~~\nC:/Users/spi085/AppData/Local/Programs/R/R-4.4.1/library/TMB/include/convenience.hpp:156:6: note:   template argument deduction/substitution failed:\nPOPULATIONS//POPULATION_0014//INDIVIDUAL_7TDKWC2J/model.cpp:104:30: note:   'CppAD::AD<CppAD::AD<double> >' is not derived from 'const tmbutils::vector<Type>'\n  104 |     Type slow_predation = min(F_slow * cots_pred(t-1), 0.9 * slow_pred(t-1)); // Limit predation\n      |                           ~~~^~~~~~~~~~~~~~~~~~~~~~~~~~~~~~~~~~~~~~~~~~~~~~~\nPOPULATIONS//POPULATION_0014//INDIVIDUAL_7TDKWC2J/model.cpp:107:23: error: no matching function for call to 'max(CppAD::AD<CppAD::AD<double> >, Eigen::DenseCoeffsBase<Eigen::Array<CppAD::AD<CppAD::AD<double> >, -1, 1, 0, -1, 1>, 1>::Scalar&)'\n  107 |     slow_pred(t) = max(Type(eps), slow_pred(t)); // Ensure positive values\n      |                    ~~~^~~~~~~~~~~~~~~~~~~~~~~~~\nC:/Users/spi085/AppData/Local/Programs/R/R-4.4.1/library/TMB/include/convenience.hpp:145:6: note: candidate: 'template<class Type> Type max(const tmbutils::vector<Type>&)'\n  145 | Type max(const vector<Type> &x)\n      |      ^~~\nC:/Users/spi085/AppData/Local/Programs/R/R-4.4.1/library/TMB/include/convenience.hpp:145:6: note:   template argument deduction/substitution failed:\nPOPULATIONS//POPULATION_0014//INDIVIDUAL_7TDKWC2J/model.cpp:107:23: note:   'CppAD::AD<CppAD::AD<double> >' is not derived from 'const tmbutils::vector<Type>'\n  107 |     slow_pred(t) = max(Type(eps), slow_pred(t)); // Ensure positive values\n      |                    ~~~^~~~~~~~~~~~~~~~~~~~~~~~~\nPOPULATIONS//POPULATION_0014//INDIVIDUAL_7TDKWC2J/model.cpp:115:28: error: no matching function for call to 'max(CppAD::AD<CppAD::AD<double> >&, CppAD::AD<CppAD::AD<double> >&)'\n  115 |     Type sigma_cots_t = max(min_sigma, sigma_cots);\n      |                         ~~~^~~~~~~~~~~~~~~~~~~~~~~\nC:/Users/spi085/AppData/Local/Programs/R/R-4.4.1/library/TMB/include/convenience.hpp:145:6: note: candidate: 'template<class Type> Type max(const tmbutils::vector<Type>&)'\n  145 | Type max(const vector<Type> &x)\n      |      ^~~\nC:/Users/spi085/AppData/Local/Programs/R/R-4.4.1/library/TMB/include/convenience.hpp:145:6: note:   template argument deduction/substitution failed:\nPOPULATIONS//POPULATION_0014//INDIVIDUAL_7TDKWC2J/model.cpp:115:28: note:   'CppAD::AD<CppAD::AD<double> >' is not derived from 'const tmbutils::vector<Type>'\n  115 |     Type sigma_cots_t = max(min_sigma, sigma_cots);\n      |                         ~~~^~~~~~~~~~~~~~~~~~~~~~~\nPOPULATIONS//POPULATION_0014//INDIVIDUAL_7TDKWC2J/model.cpp:116:28: error: no matching function for call to 'max(CppAD::AD<CppAD::AD<double> >&, CppAD::AD<CppAD::AD<double> >&)'\n  116 |     Type sigma_slow_t = max(min_sigma, sigma_slow);\n      |                         ~~~^~~~~~~~~~~~~~~~~~~~~~~\nC:/Users/spi085/AppData/Local/Programs/R/R-4.4.1/library/TMB/include/convenience.hpp:145:6: note: candidate: 'template<class Type> Type max(const tmbutils::vector<Type>&)'\n  145 | Type max(const vector<Type> &x)\n      |      ^~~\nC:/Users/spi085/AppData/Local/Programs/R/R-4.4.1/library/TMB/include/convenience.hpp:145:6: note:   template argument deduction/substitution failed:\nPOPULATIONS//POPULATION_0014//INDIVIDUAL_7TDKWC2J/model.cpp:116:28: note:   'CppAD::AD<CppAD::AD<double> >' is not derived from 'const tmbutils::vector<Type>'\n  116 |     Type sigma_slow_t = max(min_sigma, sigma_slow);\n      |                         ~~~^~~~~~~~~~~~~~~~~~~~~~~\nPOPULATIONS//POPULATION_0014//INDIVIDUAL_7TDKWC2J/model.cpp:117:28: error: no matching function for call to 'max(CppAD::AD<CppAD::AD<double> >&, CppAD::AD<CppAD::AD<double> >&)'\n  117 |     Type sigma_fast_t = max(min_sigma, sigma_fast);\n      |                         ~~~^~~~~~~~~~~~~~~~~~~~~~~\nC:/Users/spi085/AppData/Local/Programs/R/R-4.4.1/library/TMB/include/convenience.hpp:145:6: note: candidate: 'template<class Type> Type max(const tmbutils::vector<Type>&)'\n  145 | Type max(const vector<Type> &x)\n      |      ^~~\nC:/Users/spi085/AppData/Local/Programs/R/R-4.4.1/library/TMB/include/convenience.hpp:145:6: note:   template argument deduction/substitution failed:\nPOPULATIONS//POPULATION_0014//INDIVIDUAL_7TDKWC2J/model.cpp:117:28: note:   'CppAD::AD<CppAD::AD<double> >' is not derived from 'const tmbutils::vector<Type>'\n  117 |     Type sigma_fast_t = max(min_sigma, sigma_fast);\n      |                         ~~~^~~~~~~~~~~~~~~~~~~~~~~\nPOPULATIONS//POPULATION_0014//INDIVIDUAL_7TDKWC2J/model.cpp: In instantiation of 'Type objective_function<Type>::operator()() [with Type = CppAD::AD<CppAD::AD<CppAD::AD<double> > >]':\nC:/Users/spi085/AppData/Local/Programs/R/R-4.4.1/library/TMB/include/tmb_core.hpp:913:29:   required from 'Type objective_function<Type>::evalUserTemplate() [with Type = CppAD::AD<CppAD::AD<CppAD::AD<double> > >]'\nC:/Users/spi085/AppData/Local/Programs/R/R-4.4.1/library/TMB/include/tmb_core.hpp:2361:28:   required from here\nPOPULATIONS//POPULATION_0014//INDIVIDUAL_7TDKWC2J/model.cpp:81:23: error: no matching function for call to 'max(CppAD::AD<CppAD::AD<CppAD::AD<double> > >, Eigen::DenseCoeffsBase<Eigen::Array<CppAD::AD<CppAD::AD<CppAD::AD<double> > >, -1, 1, 0, -1, 1>, 1>::Scalar&)'\n   81 |     cots_pred(t) = max(Type(eps), cots_pred(t)); // Ensure positive values\n      |                    ~~~^~~~~~~~~~~~~~~~~~~~~~~~~\nC:/Users/spi085/AppData/Local/Programs/R/R-4.4.1/library/TMB/include/convenience.hpp:145:6: note: candidate: 'template<class Type> Type max(const tmbutils::vector<Type>&)'\n  145 | Type max(const vector<Type> &x)\n      |      ^~~\nC:/Users/spi085/AppData/Local/Programs/R/R-4.4.1/library/TMB/include/convenience.hpp:145:6: note:   template argument deduction/substitution failed:\nPOPULATIONS//POPULATION_0014//INDIVIDUAL_7TDKWC2J/model.cpp:81:23: note:   'CppAD::AD<CppAD::AD<CppAD::AD<double> > >' is not derived from 'const tmbutils::vector<Type>'\n   81 |     cots_pred(t) = max(Type(eps), cots_pred(t)); // Ensure positive values\n      |                    ~~~^~~~~~~~~~~~~~~~~~~~~~~~~\nPOPULATIONS//POPULATION_0014//INDIVIDUAL_7TDKWC2J/model.cpp:84:37: error: no matching function for call to 'min(CppAD::AD<CppAD::AD<CppAD::AD<double> > >, CppAD::AD<CppAD::AD<CppAD::AD<double> > >&)'\n   84 |     Type memory = max(Type(0.0), min(Type(1.0), inhibition_memory)); // Ensure between 0 and 1\n      |                                  ~~~^~~~~~~~~~~~~~~~~~~~~~~~~~~~~~\nC:/Users/spi085/AppData/Local/Programs/R/R-4.4.1/library/TMB/include/convenience.hpp:156:6: note: candidate: 'template<class Type> Type min(const tmbutils::vector<Type>&)'\n  156 | Type min(const vector<Type> &x)\n      |      ^~~\nC:/Users/spi085/AppData/Local/Programs/R/R-4.4.1/library/TMB/include/convenience.hpp:156:6: note:   template argument deduction/substitution failed:\nPOPULATIONS//POPULATION_0014//INDIVIDUAL_7TDKWC2J/model.cpp:84:37: note:   'CppAD::AD<CppAD::AD<CppAD::AD<double> > >' is not derived from 'const tmbutils::vector<Type>'\n   84 |     Type memory = max(Type(0.0), min(Type(1.0), inhibition_memory)); // Ensure between 0 and 1\n      |                                  ~~~^~~~~~~~~~~~~~~~~~~~~~~~~~~~~~\nPOPULATIONS//POPULATION_0014//INDIVIDUAL_7TDKWC2J/model.cpp:88:26: error: no matching function for call to 'max(CppAD::AD<CppAD::AD<CppAD::AD<double> > >, CppAD::AD<CppAD::AD<CppAD::AD<double> > >&)'\n   88 |     Type inhibition = max(Type(0.0), cots_inhibition); // Ensure non-negative\n      |                       ~~~^~~~~~~~~~~~~~~~~~~~~~~~~~~~\nC:/Users/spi085/AppData/Local/Programs/R/R-4.4.1/library/TMB/include/convenience.hpp:145:6: note: candidate: 'template<class Type> Type max(const tmbutils::vector<Type>&)'\n  145 | Type max(const vector<Type> &x)\n      |      ^~~\nC:/Users/spi085/AppData/Local/Programs/R/R-4.4.1/library/TMB/include/convenience.hpp:145:6: note:   template argument deduction/substitution failed:\nPOPULATIONS//POPULATION_0014//INDIVIDUAL_7TDKWC2J/model.cpp:88:26: note:   'CppAD::AD<CppAD::AD<CppAD::AD<double> > >' is not derived from 'const tmbutils::vector<Type>'\n   88 |     Type inhibition = max(Type(0.0), cots_inhibition); // Ensure non-negative\n      |                       ~~~^~~~~~~~~~~~~~~~~~~~~~~~~~~~\nPOPULATIONS//POPULATION_0014//INDIVIDUAL_7TDKWC2J/model.cpp:90:30: error: no matching function for call to 'max(CppAD::AD<CppAD::AD<CppAD::AD<double> > >, CppAD::AD<CppAD::AD<CppAD::AD<double> > >&)'\n   90 |     recovery_inhibition = max(Type(0.1), recovery_inhibition); // Minimum 10% recovery\n      |                           ~~~^~~~~~~~~~~~~~~~~~~~~~~~~~~~~~~~\nC:/Users/spi085/AppData/Local/Programs/R/R-4.4.1/library/TMB/include/convenience.hpp:145:6: note: candidate: 'template<class Type> Type max(const tmbutils::vector<Type>&)'\n  145 | Type max(const vector<Type> &x)\n      |      ^~~\nC:/Users/spi085/AppData/Local/Programs/R/R-4.4.1/library/TMB/include/convenience.hpp:145:6: note:   template argument deduction/substitution failed:\nPOPULATIONS//POPULATION_0014//INDIVIDUAL_7TDKWC2J/model.cpp:90:30: note:   'CppAD::AD<CppAD::AD<CppAD::AD<double> > >' is not derived from 'const tmbutils::vector<Type>'\n   90 |     recovery_inhibition = max(Type(0.1), recovery_inhibition); // Minimum 10% recovery\n      |                           ~~~^~~~~~~~~~~~~~~~~~~~~~~~~~~~~~~~\nPOPULATIONS//POPULATION_0014//INDIVIDUAL_7TDKWC2J/model.cpp:94:32: error: no matching function for call to 'max(CppAD::AD<CppAD::AD<CppAD::AD<double> > >, CppAD::AD<CppAD::AD<CppAD::AD<double> > >)'\n   94 |     Type fast_competition = max(Type(0.0), 1.0 - (fast_pred(t-1) + alpha_fs * slow_pred(t-1)) / K_fast);\n      |                             ~~~^~~~~~~~~~~~~~~~~~~~~~~~~~~~~~~~~~~~~~~~~~~~~~~~~~~~~~~~~~~~~~~~~~~~~~~~\nC:/Users/spi085/AppData/Local/Programs/R/R-4.4.1/library/TMB/include/convenience.hpp:145:6: note: candidate: 'template<class Type> Type max(const tmbutils::vector<Type>&)'\n  145 | Type max(const vector<Type> &x)\n      |      ^~~\nC:/Users/spi085/AppData/Local/Programs/R/R-4.4.1/library/TMB/include/convenience.hpp:145:6: note:   template argument deduction/substitution failed:\nPOPULATIONS//POPULATION_0014//INDIVIDUAL_7TDKWC2J/model.cpp:94:32: note:   'CppAD::AD<CppAD::AD<CppAD::AD<double> > >' is not derived from 'const tmbutils::vector<Type>'\n   94 |     Type fast_competition = max(Type(0.0), 1.0 - (fast_pred(t-1) + alpha_fs * slow_pred(t-1)) / K_fast);\n      |                             ~~~^~~~~~~~~~~~~~~~~~~~~~~~~~~~~~~~~~~~~~~~~~~~~~~~~~~~~~~~~~~~~~~~~~~~~~~~\nPOPULATIONS//POPULATION_0014//INDIVIDUAL_7TDKWC2J/model.cpp:96:30: error: no matching function for call to 'min(CppAD::AD<CppAD::AD<CppAD::AD<double> > >, CppAD::AD<CppAD::AD<CppAD::AD<double> > >)'\n   96 |     Type fast_predation = min(F_fast * cots_pred(t-1), 0.9 * fast_pred(t-1)); // Limit predation\n      |                           ~~~^~~~~~~~~~~~~~~~~~~~~~~~~~~~~~~~~~~~~~~~~~~~~~~\nC:/Users/spi085/AppData/Local/Programs/R/R-4.4.1/library/TMB/include/convenience.hpp:156:6: note: candidate: 'template<class Type> Type min(const tmbutils::vector<Type>&)'\n  156 | Type min(const vector<Type> &x)\n      |      ^~~\nC:/Users/spi085/AppData/Local/Programs/R/R-4.4.1/library/TMB/include/convenience.hpp:156:6: note:   template argument deduction/substitution failed:\nPOPULATIONS//POPULATION_0014//INDIVIDUAL_7TDKWC2J/model.cpp:96:30: note:   'CppAD::AD<CppAD::AD<CppAD::AD<double> > >' is not derived from 'const tmbutils::vector<Type>'\n   96 |     Type fast_predation = min(F_fast * cots_pred(t-1), 0.9 * fast_pred(t-1)); // Limit predation\n      |                           ~~~^~~~~~~~~~~~~~~~~~~~~~~~~~~~~~~~~~~~~~~~~~~~~~~\nPOPULATIONS//POPULATION_0014//INDIVIDUAL_7TDKWC2J/model.cpp:99:23: error: no matching function for call to 'max(CppAD::AD<CppAD::AD<CppAD::AD<double> > >, Eigen::DenseCoeffsBase<Eigen::Array<CppAD::AD<CppAD::AD<CppAD::AD<double> > >, -1, 1, 0, -1, 1>, 1>::Scalar&)'\n   99 |     fast_pred(t) = max(Type(eps), fast_pred(t)); // Ensure positive values\n      |                    ~~~^~~~~~~~~~~~~~~~~~~~~~~~~\nC:/Users/spi085/AppData/Local/Programs/R/R-4.4.1/library/TMB/include/convenience.hpp:145:6: note: candidate: 'template<class Type> Type max(const tmbutils::vector<Type>&)'\n  145 | Type max(const vector<Type> &x)\n      |      ^~~\nC:/Users/spi085/AppData/Local/Programs/R/R-4.4.1/library/TMB/include/convenience.hpp:145:6: note:   template argument deduction/substitution failed:\nPOPULATIONS//POPULATION_0014//INDIVIDUAL_7TDKWC2J/model.cpp:99:23: note:   'CppAD::AD<CppAD::AD<CppAD::AD<double> > >' is not derived from 'const tmbutils::vector<Type>'\n   99 |     fast_pred(t) = max(Type(eps), fast_pred(t)); // Ensure positive values\n      |                    ~~~^~~~~~~~~~~~~~~~~~~~~~~~~\nPOPULATIONS//POPULATION_0014//INDIVIDUAL_7TDKWC2J/model.cpp:102:32: error: no matching function for call to 'max(CppAD::AD<CppAD::AD<CppAD::AD<double> > >, CppAD::AD<CppAD::AD<CppAD::AD<double> > >)'\n  102 |     Type slow_competition = max(Type(0.0), 1.0 - (slow_pred(t-1) + alpha_sf * fast_pred(t-1)) / K_slow);\n      |                             ~~~^~~~~~~~~~~~~~~~~~~~~~~~~~~~~~~~~~~~~~~~~~~~~~~~~~~~~~~~~~~~~~~~~~~~~~~~\nC:/Users/spi085/AppData/Local/Programs/R/R-4.4.1/library/TMB/include/convenience.hpp:145:6: note: candidate: 'template<class Type> Type max(const tmbutils::vector<Type>&)'\n  145 | Type max(const vector<Type> &x)\n      |      ^~~\nC:/Users/spi085/AppData/Local/Programs/R/R-4.4.1/library/TMB/include/convenience.hpp:145:6: note:   template argument deduction/substitution failed:\nPOPULATIONS//POPULATION_0014//INDIVIDUAL_7TDKWC2J/model.cpp:102:32: note:   'CppAD::AD<CppAD::AD<CppAD::AD<double> > >' is not derived from 'const tmbutils::vector<Type>'\n  102 |     Type slow_competition = max(Type(0.0), 1.0 - (slow_pred(t-1) + alpha_sf * fast_pred(t-1)) / K_slow);\n      |                             ~~~^~~~~~~~~~~~~~~~~~~~~~~~~~~~~~~~~~~~~~~~~~~~~~~~~~~~~~~~~~~~~~~~~~~~~~~~\nPOPULATIONS//POPULATION_0014//INDIVIDUAL_7TDKWC2J/model.cpp:104:30: error: no matching function for call to 'min(CppAD::AD<CppAD::AD<CppAD::AD<double> > >, CppAD::AD<CppAD::AD<CppAD::AD<double> > >)'\n  104 |     Type slow_predation = min(F_slow * cots_pred(t-1), 0.9 * slow_pred(t-1)); // Limit predation\n      |                           ~~~^~~~~~~~~~~~~~~~~~~~~~~~~~~~~~~~~~~~~~~~~~~~~~~\nC:/Users/spi085/AppData/Local/Programs/R/R-4.4.1/library/TMB/include/convenience.hpp:156:6: note: candidate: 'template<class Type> Type min(const tmbutils::vector<Type>&)'\n  156 | Type min(const vector<Type> &x)\n      |      ^~~\nC:/Users/spi085/AppData/Local/Programs/R/R-4.4.1/library/TMB/include/convenience.hpp:156:6: note:   template argument deduction/substitution failed:\nPOPULATIONS//POPULATION_0014//INDIVIDUAL_7TDKWC2J/model.cpp:104:30: note:   'CppAD::AD<CppAD::AD<CppAD::AD<double> > >' is not derived from 'const tmbutils::vector<Type>'\n  104 |     Type slow_predation = min(F_slow * cots_pred(t-1), 0.9 * slow_pred(t-1)); // Limit predation\n      |                           ~~~^~~~~~~~~~~~~~~~~~~~~~~~~~~~~~~~~~~~~~~~~~~~~~~\nPOPULATIONS//POPULATION_0014//INDIVIDUAL_7TDKWC2J/model.cpp:107:23: error: no matching function for call to 'max(CppAD::AD<CppAD::AD<CppAD::AD<double> > >, Eigen::DenseCoeffsBase<Eigen::Array<CppAD::AD<CppAD::AD<CppAD::AD<double> > >, -1, 1, 0, -1, 1>, 1>::Scalar&)'\n  107 |     slow_pred(t) = max(Type(eps), slow_pred(t)); // Ensure positive values\n      |                    ~~~^~~~~~~~~~~~~~~~~~~~~~~~~\nC:/Users/spi085/AppData/Local/Programs/R/R-4.4.1/library/TMB/include/convenience.hpp:145:6: note: candidate: 'template<class Type> Type max(const tmbutils::vector<Type>&)'\n  145 | Type max(const vector<Type> &x)\n      |      ^~~\nC:/Users/spi085/AppData/Local/Programs/R/R-4.4.1/library/TMB/include/convenience.hpp:145:6: note:   template argument deduction/substitution failed:\nPOPULATIONS//POPULATION_0014//INDIVIDUAL_7TDKWC2J/model.cpp:107:23: note:   'CppAD::AD<CppAD::AD<CppAD::AD<double> > >' is not derived from 'const tmbutils::vector<Type>'\n  107 |     slow_pred(t) = max(Type(eps), slow_pred(t)); // Ensure positive values\n      |                    ~~~^~~~~~~~~~~~~~~~~~~~~~~~~\nPOPULATIONS//POPULATION_0014//INDIVIDUAL_7TDKWC2J/model.cpp:115:28: error: no matching function for call to 'max(CppAD::AD<CppAD::AD<CppAD::AD<double> > >&, CppAD::AD<CppAD::AD<CppAD::AD<double> > >&)'\n  115 |     Type sigma_cots_t = max(min_sigma, sigma_cots);\n      |                         ~~~^~~~~~~~~~~~~~~~~~~~~~~\nC:/Users/spi085/AppData/Local/Programs/R/R-4.4.1/library/TMB/include/convenience.hpp:145:6: note: candidate: 'template<class Type> Type max(const tmbutils::vector<Type>&)'\n  145 | Type max(const vector<Type> &x)\n      |      ^~~\nC:/Users/spi085/AppData/Local/Programs/R/R-4.4.1/library/TMB/include/convenience.hpp:145:6: note:   template argument deduction/substitution failed:\nPOPULATIONS//POPULATION_0014//INDIVIDUAL_7TDKWC2J/model.cpp:115:28: note:   'CppAD::AD<CppAD::AD<CppAD::AD<double> > >' is not derived from 'const tmbutils::vector<Type>'\n  115 |     Type sigma_cots_t = max(min_sigma, sigma_cots);\n      |                         ~~~^~~~~~~~~~~~~~~~~~~~~~~\nPOPULATIONS//POPULATION_0014//INDIVIDUAL_7TDKWC2J/model.cpp:116:28: error: no matching function for call to 'max(CppAD::AD<CppAD::AD<CppAD::AD<double> > >&, CppAD::AD<CppAD::AD<CppAD::AD<double> > >&)'\n  116 |     Type sigma_slow_t = max(min_sigma, sigma_slow);\n      |                         ~~~^~~~~~~~~~~~~~~~~~~~~~~\nC:/Users/spi085/AppData/Local/Programs/R/R-4.4.1/library/TMB/include/convenience.hpp:145:6: note: candidate: 'template<class Type> Type max(const tmbutils::vector<Type>&)'\n  145 | Type max(const vector<Type> &x)\n      |      ^~~\nC:/Users/spi085/AppData/Local/Programs/R/R-4.4.1/library/TMB/include/convenience.hpp:145:6: note:   template argument deduction/substitution failed:\nPOPULATIONS//POPULATION_0014//INDIVIDUAL_7TDKWC2J/model.cpp:116:28: note:   'CppAD::AD<CppAD::AD<CppAD::AD<double> > >' is not derived from 'const tmbutils::vector<Type>'\n  116 |     Type sigma_slow_t = max(min_sigma, sigma_slow);\n      |                         ~~~^~~~~~~~~~~~~~~~~~~~~~~\nPOPULATIONS//POPULATION_0014//INDIVIDUAL_7TDKWC2J/model.cpp:117:28: error: no matching function for call to 'max(CppAD::AD<CppAD::AD<CppAD::AD<double> > >&, CppAD::AD<CppAD::AD<CppAD::AD<double> > >&)'\n  117 |     Type sigma_fast_t = max(min_sigma, sigma_fast);\n      |                         ~~~^~~~~~~~~~~~~~~~~~~~~~~\nC:/Users/spi085/AppData/Local/Programs/R/R-4.4.1/library/TMB/include/convenience.hpp:145:6: note: candidate: 'template<class Type> Type max(const tmbutils::vector<Type>&)'\n  145 | Type max(const vector<Type> &x)\n      |      ^~~\nC:/Users/spi085/AppData/Local/Programs/R/R-4.4.1/library/TMB/include/convenience.hpp:145:6: note:   template argument deduction/substitution failed:\nPOPULATIONS//POPULATION_0014//INDIVIDUAL_7TDKWC2J/model.cpp:117:28: note:   'CppAD::AD<CppAD::AD<CppAD::AD<double> > >' is not derived from 'const tmbutils::vector<Type>'\n  117 |     Type sigma_fast_t = max(min_sigma, sigma_fast);\n      |                         ~~~^~~~~~~~~~~~~~~~~~~~~~~\nmake: *** [C:/Users/spi085/AppData/Local/Programs/R/R-4.4.1/etc/x64/Makeconf:296: POPULATIONS//POPULATION_0014//INDIVIDUAL_7TDKWC2J/model.o] Error 1\nError in TMB::compile(file.path(individual_dir, model_file), flags = flags,  : \n  Compilation failed\nError: Compilation failed\nExecution halted"
    },
    "5": {
      "status": "ERROR",
      "message": "R script failed with return code 1",
      "stdout": "g++ -std=gnu++17  -I\"C:/Users/spi085/AppData/Local/Programs/R/R-4.4.1/include\" -DNDEBUG -I\"C:/Users/spi085/AppData/Local/Programs/R/R-44~1.1/library/TMB/include\" -I\"C:/Users/spi085/AppData/Local/Programs/R/R-44~1.1/library/RCPPEI~1/include\"   -DTMB_EIGEN_DISABLE_WARNINGS   -DTMB_LIB_INIT=R_init_model  -DCPPAD_FRAMEWORK    -I\"C:/rtools44/x86_64-w64-mingw32.static.posix/include\"     -O2 -Wa,-mbig-obj -c POPULATIONS//POPULATION_0014//INDIVIDUAL_7TDKWC2J/model.cpp -o POPULATIONS//POPULATION_0014//INDIVIDUAL_7TDKWC2J/model.o\ng++ -std=gnu++17 -shared -s -static-libgcc -o POPULATIONS//POPULATION_0014//INDIVIDUAL_7TDKWC2J/model.dll tmp.def POPULATIONS//POPULATION_0014//INDIVIDUAL_7TDKWC2J/model.o -LC:/rtools44/x86_64-w64-mingw32.static.posix/lib/x64 -LC:/rtools44/x86_64-w64-mingw32.static.posix/lib -LC:/Users/spi085/AppData/Local/Programs/R/R-4.4.1/bin/x64 -lR\nStarting model phases\nNumber of phases: 4 \nPhase 1 \nInitial parameter values for phase 1 :\n    r_cots     a_fast     r_fast     r_slow imm_effect \n        NA      10.00         NA       0.03         NA \nError in model phases: NA/NaN gradient evaluation",
      "stderr": "Loading required package: TMB\nLoading required package: jsonlite\nhere() starts at C:/Users/spi085/OneDrive - CSIRO/Documents/_Projects/SCCP-QuantModelling\nusing C++ compiler: 'G__~1.EXE (GCC) 13.2.0'\nError in value[[3L]](cond) : \n  Error in model phases: NA/NaN gradient evaluation\nCalls: tryCatch -> tryCatchList -> tryCatchOne -> <Anonymous>\nIn addition: Warning message:\nIn nlminb(model$par, model$fn, model$gr) : NA/NaN function evaluation\nExecution halted"
    },
    "6": {
      "status": "ERROR",
      "message": "R script failed with return code 1",
      "stdout": "g++ -std=gnu++17  -I\"C:/Users/spi085/AppData/Local/Programs/R/R-4.4.1/include\" -DNDEBUG -I\"C:/Users/spi085/AppData/Local/Programs/R/R-44~1.1/library/TMB/include\" -I\"C:/Users/spi085/AppData/Local/Programs/R/R-44~1.1/library/RCPPEI~1/include\"   -DTMB_EIGEN_DISABLE_WARNINGS   -DTMB_LIB_INIT=R_init_model  -DCPPAD_FRAMEWORK    -I\"C:/rtools44/x86_64-w64-mingw32.static.posix/include\"     -O2 -Wa,-mbig-obj -c POPULATIONS//POPULATION_0014//INDIVIDUAL_7TDKWC2J/model.cpp -o POPULATIONS//POPULATION_0014//INDIVIDUAL_7TDKWC2J/model.o\ng++ -std=gnu++17 -shared -s -static-libgcc -o POPULATIONS//POPULATION_0014//INDIVIDUAL_7TDKWC2J/model.dll tmp.def POPULATIONS//POPULATION_0014//INDIVIDUAL_7TDKWC2J/model.o -LC:/rtools44/x86_64-w64-mingw32.static.posix/lib/x64 -LC:/rtools44/x86_64-w64-mingw32.static.posix/lib -LC:/Users/spi085/AppData/Local/Programs/R/R-4.4.1/bin/x64 -lR\nStarting model phases\nNumber of phases: 4 \nPhase 1 \nInitial parameter values for phase 1 :\n    r_cots     a_fast     r_fast     r_slow imm_effect \n        NA      10.00         NA       0.03         NA \nError in model phases: NA/NaN gradient evaluation",
      "stderr": "Loading required package: TMB\nLoading required package: jsonlite\nhere() starts at C:/Users/spi085/OneDrive - CSIRO/Documents/_Projects/SCCP-QuantModelling\nusing C++ compiler: 'G__~1.EXE (GCC) 13.2.0'\nError in value[[3L]](cond) : \n  Error in model phases: NA/NaN gradient evaluation\nCalls: tryCatch -> tryCatchList -> tryCatchOne -> <Anonymous>\nIn addition: Warning message:\nIn nlminb(model$par, model$fn, model$gr) : NA/NaN function evaluation\nExecution halted"
    },
    "7": {
      "status": "BROKEN"
    }
  }
}