{
  "iterations": {
    "1": {
      "status": "ERROR",
      "message": "R script failed with return code 1",
      "stdout": "g++ -std=gnu++17 -I\"/usr/share/R/include\" -DNDEBUG -I\"/home/spi085/R/x86_64-pc-linux-gnu-library/4.4/TMB/include\" -I\"/home/spi085/R/x86_64-pc-linux-gnu-library/4.4/RcppEigen/include\"   -DTMB_EIGEN_DISABLE_WARNINGS   -DTMB_LIB_INIT=R_init_model  -DCPPAD_FRAMEWORK      -fpic  -O2  -c POPULATIONS/POPULATION_0002/INDIVIDUAL_C2SAYAB8/model.cpp -o POPULATIONS/POPULATION_0002/INDIVIDUAL_C2SAYAB8/model.o\ng++ -std=gnu++17 -shared -L/usr/lib/R/lib -Wl,-Bsymbolic-functions -flto=auto -ffat-lto-objects -Wl,-z,relro -o POPULATIONS/POPULATION_0002/INDIVIDUAL_C2SAYAB8/model.so POPULATIONS/POPULATION_0002/INDIVIDUAL_C2SAYAB8/model.o -L/usr/lib/R/lib -lR\nStarting model phases\nNumber of phases: 3 \nPhase 1 \nInitial parameter values for phase 1 :\nr_cots r_fast r_slow a_fast a_slow  T_opt \n    NA     NA     NA     NA     NA     28 \nError in model phases: NA/NaN gradient evaluation",
      "stderr": "Loading required package: TMB\nLoading required package: jsonlite\nhere() starts at /home/spi085/Documents/_Projects/SCCP-QuantModelling\nusing C++ compiler: \u2018g++ (Ubuntu 13.3.0-6ubuntu2~24.04) 13.3.0\u2019\nError in value[[3L]](cond) : \n  Error in model phases: NA/NaN gradient evaluation\nCalls: tryCatch -> tryCatchList -> tryCatchOne -> <Anonymous>\nIn addition: Warning message:\nIn nlminb(model$par, model$fn, model$gr) : NA/NaN function evaluation\nExecution halted"
    },
    "2": {
      "status": "ERROR",
      "message": "R script failed with return code 1",
      "stdout": "g++ -std=gnu++17 -I\"/usr/share/R/include\" -DNDEBUG -I\"/home/spi085/R/x86_64-pc-linux-gnu-library/4.4/TMB/include\" -I\"/home/spi085/R/x86_64-pc-linux-gnu-library/4.4/RcppEigen/include\"   -DTMB_EIGEN_DISABLE_WARNINGS   -DTMB_LIB_INIT=R_init_model  -DCPPAD_FRAMEWORK      -fpic  -O2  -c POPULATIONS/POPULATION_0002/INDIVIDUAL_C2SAYAB8/model.cpp -o POPULATIONS/POPULATION_0002/INDIVIDUAL_C2SAYAB8/model.o\ng++ -std=gnu++17 -shared -L/usr/lib/R/lib -Wl,-Bsymbolic-functions -flto=auto -ffat-lto-objects -Wl,-z,relro -o POPULATIONS/POPULATION_0002/INDIVIDUAL_C2SAYAB8/model.so POPULATIONS/POPULATION_0002/INDIVIDUAL_C2SAYAB8/model.o -L/usr/lib/R/lib -lR\nStarting model phases\nNumber of phases: 3 \nPhase 1 \nInitial parameter values for phase 1 :\nr_cots r_fast r_slow a_fast a_slow  T_opt \n    NA     NA     NA     NA     NA     28 \nError in model phases: NA/NaN gradient evaluation",
      "stderr": "Loading required package: TMB\nLoading required package: jsonlite\nhere() starts at /home/spi085/Documents/_Projects/SCCP-QuantModelling\nusing C++ compiler: \u2018g++ (Ubuntu 13.3.0-6ubuntu2~24.04) 13.3.0\u2019\nError in value[[3L]](cond) : \n  Error in model phases: NA/NaN gradient evaluation\nCalls: tryCatch -> tryCatchList -> tryCatchOne -> <Anonymous>\nIn addition: Warning message:\nIn nlminb(model$par, model$fn, model$gr) : NA/NaN function evaluation\nExecution halted"
    },
    "3": {
      "status": "ERROR",
      "message": "Model failed to compile.",
      "stdout": "g++ -std=gnu++17 -I\"/usr/share/R/include\" -DNDEBUG -I\"/home/spi085/R/x86_64-pc-linux-gnu-library/4.4/TMB/include\" -I\"/home/spi085/R/x86_64-pc-linux-gnu-library/4.4/RcppEigen/include\"   -DTMB_EIGEN_DISABLE_WARNINGS   -DTMB_LIB_INIT=R_init_model  -DCPPAD_FRAMEWORK      -fpic  -O2  -c POPULATIONS/POPULATION_0002/INDIVIDUAL_C2SAYAB8/model.cpp -o POPULATIONS/POPULATION_0002/INDIVIDUAL_C2SAYAB8/model.o",
      "stderr": "Loading required package: TMB\nLoading required package: jsonlite\nhere() starts at /home/spi085/Documents/_Projects/SCCP-QuantModelling\nusing C++ compiler: \u2018g++ (Ubuntu 13.3.0-6ubuntu2~24.04) 13.3.0\u2019\nPOPULATIONS/POPULATION_0002/INDIVIDUAL_C2SAYAB8/model.cpp: In instantiation of \u2018Type objective_function<Type>::operator()() [with Type = CppAD::AD<double>]\u2019:\n/home/spi085/R/x86_64-pc-linux-gnu-library/4.4/TMB/include/tmb_core.hpp:1312:6:   required from here\nPOPULATIONS/POPULATION_0002/INDIVIDUAL_C2SAYAB8/model.cpp:73:39: error: no matching function for call to \u2018abs(CppAD::AD<double>)\u2019\n   73 |     Type temp_diff = std::min(std::abs(sst_dat(t-1) - T_opt), Type(10.0));\n      |                               ~~~~~~~~^~~~~~~~~~~~~~~~~~~~~~\nIn file included from /home/spi085/R/x86_64-pc-linux-gnu-library/4.4/RcppEigen/include/Eigen/Core:50,\n                 from /home/spi085/R/x86_64-pc-linux-gnu-library/4.4/RcppEigen/include/Eigen/Dense:1,\n                 from /home/spi085/R/x86_64-pc-linux-gnu-library/4.4/TMB/include/TMB.hpp:92,\n                 from POPULATIONS/POPULATION_0002/INDIVIDUAL_C2SAYAB8/model.cpp:1:\n/usr/include/c++/13/complex:887:5: note: candidate: \u2018template<class _Tp> _Tp std::abs(const complex<_Tp>&)\u2019\n  887 |     abs(const complex<_Tp>& __z) { return __complex_abs(__z.__rep()); }\n      |     ^~~\n/usr/include/c++/13/complex:887:5: note:   template argument deduction/substitution failed:\nPOPULATIONS/POPULATION_0002/INDIVIDUAL_C2SAYAB8/model.cpp:73:39: note:   \u2018CppAD::AD<double>\u2019 is not derived from \u2018const std::complex<_Tp>\u2019\n   73 |     Type temp_diff = std::min(std::abs(sst_dat(t-1) - T_opt), Type(10.0));\n      |                               ~~~~~~~~^~~~~~~~~~~~~~~~~~~~~~\nIn file included from /usr/include/c++/13/cstdlib:79,\n                 from /usr/include/c++/13/ext/string_conversions.h:43,\n                 from /usr/include/c++/13/bits/basic_string.h:4109,\n                 from /usr/include/c++/13/string:54,\n                 from /usr/include/c++/13/bits/locale_classes.h:40,\n                 from /usr/include/c++/13/bits/ios_base.h:41,\n                 from /usr/include/c++/13/ios:44,\n                 from /usr/include/c++/13/ostream:40,\n                 from /usr/include/c++/13/iostream:41,\n                 from /home/spi085/R/x86_64-pc-linux-gnu-library/4.4/TMB/include/Rstream.hpp:10,\n                 from /home/spi085/R/x86_64-pc-linux-gnu-library/4.4/TMB/include/TMB.hpp:46:\n/usr/include/stdlib.h:980:12: note: candidate: \u2018int abs(int)\u2019\n  980 | extern int abs (int __x) __THROW __attribute__ ((__const__)) __wur;\n      |            ^~~\n/usr/include/stdlib.h:980:21: note:   no known conversion for argument 1 from \u2018CppAD::AD<double>\u2019 to \u2018int\u2019\n  980 | extern int abs (int __x) __THROW __attribute__ ((__const__)) __wur;\n      |                 ~~~~^~~\nIn file included from /usr/include/c++/13/cstdlib:81:\n/usr/include/c++/13/bits/std_abs.h:56:3: note: candidate: \u2018long int std::abs(long int)\u2019\n   56 |   abs(long __i) { return __builtin_labs(__i); }\n      |   ^~~\n/usr/include/c++/13/bits/std_abs.h:56:12: note:   no known conversion for argument 1 from \u2018CppAD::AD<double>\u2019 to \u2018long int\u2019\n   56 |   abs(long __i) { return __builtin_labs(__i); }\n      |       ~~~~~^~~\n/usr/include/c++/13/bits/std_abs.h:61:3: note: candidate: \u2018long long int std::abs(long long int)\u2019\n   61 |   abs(long long __x) { return __builtin_llabs (__x); }\n      |   ^~~\n/usr/include/c++/13/bits/std_abs.h:61:17: note:   no known conversion for argument 1 from \u2018CppAD::AD<double>\u2019 to \u2018long long int\u2019\n   61 |   abs(long long __x) { return __builtin_llabs (__x); }\n      |       ~~~~~~~~~~^~~\n/usr/include/c++/13/bits/std_abs.h:71:3: note: candidate: \u2018constexpr double std::abs(double)\u2019\n   71 |   abs(double __x)\n      |   ^~~\n/usr/include/c++/13/bits/std_abs.h:71:14: note:   no known conversion for argument 1 from \u2018CppAD::AD<double>\u2019 to \u2018double\u2019\n   71 |   abs(double __x)\n      |       ~~~~~~~^~~\n/usr/include/c++/13/bits/std_abs.h:75:3: note: candidate: \u2018constexpr float std::abs(float)\u2019\n   75 |   abs(float __x)\n      |   ^~~\n/usr/include/c++/13/bits/std_abs.h:75:13: note:   no known conversion for argument 1 from \u2018CppAD::AD<double>\u2019 to \u2018float\u2019\n   75 |   abs(float __x)\n      |       ~~~~~~^~~\n/usr/include/c++/13/bits/std_abs.h:79:3: note: candidate: \u2018constexpr long double std::abs(long double)\u2019\n   79 |   abs(long double __x)\n      |   ^~~\n/usr/include/c++/13/bits/std_abs.h:79:19: note:   no known conversion for argument 1 from \u2018CppAD::AD<double>\u2019 to \u2018long double\u2019\n   79 |   abs(long double __x)\n      |       ~~~~~~~~~~~~^~~\n/usr/include/c++/13/bits/std_abs.h:85:3: note: candidate: \u2018constexpr __int128 std::abs(__int128)\u2019\n   85 |   abs(__GLIBCXX_TYPE_INT_N_0 __x) { return __x >= 0 ? __x : -__x; }\n      |   ^~~\n/usr/include/c++/13/bits/std_abs.h:85:30: note:   no known conversion for argument 1 from \u2018CppAD::AD<double>\u2019 to \u2018__int128\u2019\n   85 |   abs(__GLIBCXX_TYPE_INT_N_0 __x) { return __x >= 0 ? __x : -__x; }\n      |                              ^\n/usr/include/c++/13/bits/std_abs.h:137:3: note: candidate: \u2018constexpr __float128 std::abs(__float128)\u2019\n  137 |   abs(__float128 __x)\n      |   ^~~\n/usr/include/c++/13/bits/std_abs.h:137:18: note:   no known conversion for argument 1 from \u2018CppAD::AD<double>\u2019 to \u2018__float128\u2019\n  137 |   abs(__float128 __x)\n      |       ~~~~~~~~~~~^~~\nPOPULATIONS/POPULATION_0002/INDIVIDUAL_C2SAYAB8/model.cpp: In instantiation of \u2018Type objective_function<Type>::operator()() [with Type = CppAD::AD<CppAD::AD<double> >]\u2019:\n/home/spi085/R/x86_64-pc-linux-gnu-library/4.4/TMB/include/tmb_core.hpp:917:29:   required from \u2018Type objective_function<Type>::evalUserTemplate() [with Type = CppAD::AD<CppAD::AD<double> >]\u2019\n/home/spi085/R/x86_64-pc-linux-gnu-library/4.4/TMB/include/tmb_core.hpp:2116:26:   required from here\nPOPULATIONS/POPULATION_0002/INDIVIDUAL_C2SAYAB8/model.cpp:73:39: error: no matching function for call to \u2018abs(CppAD::AD<CppAD::AD<double> >)\u2019\n   73 |     Type temp_diff = std::min(std::abs(sst_dat(t-1) - T_opt), Type(10.0));\n      |                               ~~~~~~~~^~~~~~~~~~~~~~~~~~~~~~\n/usr/include/c++/13/complex:887:5: note: candidate: \u2018template<class _Tp> _Tp std::abs(const complex<_Tp>&)\u2019\n  887 |     abs(const complex<_Tp>& __z) { return __complex_abs(__z.__rep()); }\n      |     ^~~\n/usr/include/c++/13/complex:887:5: note:   template argument deduction/substitution failed:\nPOPULATIONS/POPULATION_0002/INDIVIDUAL_C2SAYAB8/model.cpp:73:39: note:   \u2018CppAD::AD<CppAD::AD<double> >\u2019 is not derived from \u2018const std::complex<_Tp>\u2019\n   73 |     Type temp_diff = std::min(std::abs(sst_dat(t-1) - T_opt), Type(10.0));\n      |                               ~~~~~~~~^~~~~~~~~~~~~~~~~~~~~~\n/usr/include/stdlib.h:980:12: note: candidate: \u2018int abs(int)\u2019\n  980 | extern int abs (int __x) __THROW __attribute__ ((__const__)) __wur;\n      |            ^~~\n/usr/include/stdlib.h:980:21: note:   no known conversion for argument 1 from \u2018CppAD::AD<CppAD::AD<double> >\u2019 to \u2018int\u2019\n  980 | extern int abs (int __x) __THROW __attribute__ ((__const__)) __wur;\n      |                 ~~~~^~~\n/usr/include/c++/13/bits/std_abs.h:56:3: note: candidate: \u2018long int std::abs(long int)\u2019\n   56 |   abs(long __i) { return __builtin_labs(__i); }\n      |   ^~~\n/usr/include/c++/13/bits/std_abs.h:56:12: note:   no known conversion for argument 1 from \u2018CppAD::AD<CppAD::AD<double> >\u2019 to \u2018long int\u2019\n   56 |   abs(long __i) { return __builtin_labs(__i); }\n      |       ~~~~~^~~\n/usr/include/c++/13/bits/std_abs.h:61:3: note: candidate: \u2018long long int std::abs(long long int)\u2019\n   61 |   abs(long long __x) { return __builtin_llabs (__x); }\n      |   ^~~\n/usr/include/c++/13/bits/std_abs.h:61:17: note:   no known conversion for argument 1 from \u2018CppAD::AD<CppAD::AD<double> >\u2019 to \u2018long long int\u2019\n   61 |   abs(long long __x) { return __builtin_llabs (__x); }\n      |       ~~~~~~~~~~^~~\n/usr/include/c++/13/bits/std_abs.h:71:3: note: candidate: \u2018constexpr double std::abs(double)\u2019\n   71 |   abs(double __x)\n      |   ^~~\n/usr/include/c++/13/bits/std_abs.h:71:14: note:   no known conversion for argument 1 from \u2018CppAD::AD<CppAD::AD<double> >\u2019 to \u2018double\u2019\n   71 |   abs(double __x)\n      |       ~~~~~~~^~~\n/usr/include/c++/13/bits/std_abs.h:75:3: note: candidate: \u2018constexpr float std::abs(float)\u2019\n   75 |   abs(float __x)\n      |   ^~~\n/usr/include/c++/13/bits/std_abs.h:75:13: note:   no known conversion for argument 1 from \u2018CppAD::AD<CppAD::AD<double> >\u2019 to \u2018float\u2019\n   75 |   abs(float __x)\n      |       ~~~~~~^~~\n/usr/include/c++/13/bits/std_abs.h:79:3: note: candidate: \u2018constexpr long double std::abs(long double)\u2019\n   79 |   abs(long double __x)\n      |   ^~~\n/usr/include/c++/13/bits/std_abs.h:79:19: note:   no known conversion for argument 1 from \u2018CppAD::AD<CppAD::AD<double> >\u2019 to \u2018long double\u2019\n   79 |   abs(long double __x)\n      |       ~~~~~~~~~~~~^~~\n/usr/include/c++/13/bits/std_abs.h:85:3: note: candidate: \u2018constexpr __int128 std::abs(__int128)\u2019\n   85 |   abs(__GLIBCXX_TYPE_INT_N_0 __x) { return __x >= 0 ? __x : -__x; }\n      |   ^~~\n/usr/include/c++/13/bits/std_abs.h:85:30: note:   no known conversion for argument 1 from \u2018CppAD::AD<CppAD::AD<double> >\u2019 to \u2018__int128\u2019\n   85 |   abs(__GLIBCXX_TYPE_INT_N_0 __x) { return __x >= 0 ? __x : -__x; }\n      |                              ^\n/usr/include/c++/13/bits/std_abs.h:137:3: note: candidate: \u2018constexpr __float128 std::abs(__float128)\u2019\n  137 |   abs(__float128 __x)\n      |   ^~~\n/usr/include/c++/13/bits/std_abs.h:137:18: note:   no known conversion for argument 1 from \u2018CppAD::AD<CppAD::AD<double> >\u2019 to \u2018__float128\u2019\n  137 |   abs(__float128 __x)\n      |       ~~~~~~~~~~~^~~\nPOPULATIONS/POPULATION_0002/INDIVIDUAL_C2SAYAB8/model.cpp: In instantiation of \u2018Type objective_function<Type>::operator()() [with Type = CppAD::AD<CppAD::AD<CppAD::AD<double> > >]\u2019:\n/home/spi085/R/x86_64-pc-linux-gnu-library/4.4/TMB/include/tmb_core.hpp:917:29:   required from \u2018Type objective_function<Type>::evalUserTemplate() [with Type = CppAD::AD<CppAD::AD<CppAD::AD<double> > >]\u2019\n/home/spi085/R/x86_64-pc-linux-gnu-library/4.4/TMB/include/tmb_core.hpp:2365:28:   required from here\nPOPULATIONS/POPULATION_0002/INDIVIDUAL_C2SAYAB8/model.cpp:73:39: error: no matching function for call to \u2018abs(CppAD::AD<CppAD::AD<CppAD::AD<double> > >)\u2019\n   73 |     Type temp_diff = std::min(std::abs(sst_dat(t-1) - T_opt), Type(10.0));\n      |                               ~~~~~~~~^~~~~~~~~~~~~~~~~~~~~~\n/usr/include/c++/13/complex:887:5: note: candidate: \u2018template<class _Tp> _Tp std::abs(const complex<_Tp>&)\u2019\n  887 |     abs(const complex<_Tp>& __z) { return __complex_abs(__z.__rep()); }\n      |     ^~~\n/usr/include/c++/13/complex:887:5: note:   template argument deduction/substitution failed:\nPOPULATIONS/POPULATION_0002/INDIVIDUAL_C2SAYAB8/model.cpp:73:39: note:   \u2018CppAD::AD<CppAD::AD<CppAD::AD<double> > >\u2019 is not derived from \u2018const std::complex<_Tp>\u2019\n   73 |     Type temp_diff = std::min(std::abs(sst_dat(t-1) - T_opt), Type(10.0));\n      |                               ~~~~~~~~^~~~~~~~~~~~~~~~~~~~~~\n/usr/include/stdlib.h:980:12: note: candidate: \u2018int abs(int)\u2019\n  980 | extern int abs (int __x) __THROW __attribute__ ((__const__)) __wur;\n      |            ^~~\n/usr/include/stdlib.h:980:21: note:   no known conversion for argument 1 from \u2018CppAD::AD<CppAD::AD<CppAD::AD<double> > >\u2019 to \u2018int\u2019\n  980 | extern int abs (int __x) __THROW __attribute__ ((__const__)) __wur;\n      |                 ~~~~^~~\n/usr/include/c++/13/bits/std_abs.h:56:3: note: candidate: \u2018long int std::abs(long int)\u2019\n   56 |   abs(long __i) { return __builtin_labs(__i); }\n      |   ^~~\n/usr/include/c++/13/bits/std_abs.h:56:12: note:   no known conversion for argument 1 from \u2018CppAD::AD<CppAD::AD<CppAD::AD<double> > >\u2019 to \u2018long int\u2019\n   56 |   abs(long __i) { return __builtin_labs(__i); }\n      |       ~~~~~^~~\n/usr/include/c++/13/bits/std_abs.h:61:3: note: candidate: \u2018long long int std::abs(long long int)\u2019\n   61 |   abs(long long __x) { return __builtin_llabs (__x); }\n      |   ^~~\n/usr/include/c++/13/bits/std_abs.h:61:17: note:   no known conversion for argument 1 from \u2018CppAD::AD<CppAD::AD<CppAD::AD<double> > >\u2019 to \u2018long long int\u2019\n   61 |   abs(long long __x) { return __builtin_llabs (__x); }\n      |       ~~~~~~~~~~^~~\n/usr/include/c++/13/bits/std_abs.h:71:3: note: candidate: \u2018constexpr double std::abs(double)\u2019\n   71 |   abs(double __x)\n      |   ^~~\n/usr/include/c++/13/bits/std_abs.h:71:14: note:   no known conversion for argument 1 from \u2018CppAD::AD<CppAD::AD<CppAD::AD<double> > >\u2019 to \u2018double\u2019\n   71 |   abs(double __x)\n      |       ~~~~~~~^~~\n/usr/include/c++/13/bits/std_abs.h:75:3: note: candidate: \u2018constexpr float std::abs(float)\u2019\n   75 |   abs(float __x)\n      |   ^~~\n/usr/include/c++/13/bits/std_abs.h:75:13: note:   no known conversion for argument 1 from \u2018CppAD::AD<CppAD::AD<CppAD::AD<double> > >\u2019 to \u2018float\u2019\n   75 |   abs(float __x)\n      |       ~~~~~~^~~\n/usr/include/c++/13/bits/std_abs.h:79:3: note: candidate: \u2018constexpr long double std::abs(long double)\u2019\n   79 |   abs(long double __x)\n      |   ^~~\n/usr/include/c++/13/bits/std_abs.h:79:19: note:   no known conversion for argument 1 from \u2018CppAD::AD<CppAD::AD<CppAD::AD<double> > >\u2019 to \u2018long double\u2019\n   79 |   abs(long double __x)\n      |       ~~~~~~~~~~~~^~~\n/usr/include/c++/13/bits/std_abs.h:85:3: note: candidate: \u2018constexpr __int128 std::abs(__int128)\u2019\n   85 |   abs(__GLIBCXX_TYPE_INT_N_0 __x) { return __x >= 0 ? __x : -__x; }\n      |   ^~~\n/usr/include/c++/13/bits/std_abs.h:85:30: note:   no known conversion for argument 1 from \u2018CppAD::AD<CppAD::AD<CppAD::AD<double> > >\u2019 to \u2018__int128\u2019\n   85 |   abs(__GLIBCXX_TYPE_INT_N_0 __x) { return __x >= 0 ? __x : -__x; }\n      |                              ^\n/usr/include/c++/13/bits/std_abs.h:137:3: note: candidate: \u2018constexpr __float128 std::abs(__float128)\u2019\n  137 |   abs(__float128 __x)\n      |   ^~~\n/usr/include/c++/13/bits/std_abs.h:137:18: note:   no known conversion for argument 1 from \u2018CppAD::AD<CppAD::AD<CppAD::AD<double> > >\u2019 to \u2018__float128\u2019\n  137 |   abs(__float128 __x)\n      |       ~~~~~~~~~~~^~~\nmake: *** [/usr/lib/R/etc/Makeconf:204: POPULATIONS/POPULATION_0002/INDIVIDUAL_C2SAYAB8/model.o] Error 1\nError in TMB::compile(file.path(individual_dir, model_file), flags = flags,  : \n  Compilation failed\nError: Compilation failed\nExecution halted"
    },
    "4": {
      "status": "ERROR",
      "message": "R script failed with return code 1",
      "stdout": "g++ -std=gnu++17 -I\"/usr/share/R/include\" -DNDEBUG -I\"/home/spi085/R/x86_64-pc-linux-gnu-library/4.4/TMB/include\" -I\"/home/spi085/R/x86_64-pc-linux-gnu-library/4.4/RcppEigen/include\"   -DTMB_EIGEN_DISABLE_WARNINGS   -DTMB_LIB_INIT=R_init_model  -DCPPAD_FRAMEWORK      -fpic  -O2  -c POPULATIONS/POPULATION_0002/INDIVIDUAL_C2SAYAB8/model.cpp -o POPULATIONS/POPULATION_0002/INDIVIDUAL_C2SAYAB8/model.o\ng++ -std=gnu++17 -shared -L/usr/lib/R/lib -Wl,-Bsymbolic-functions -flto=auto -ffat-lto-objects -Wl,-z,relro -o POPULATIONS/POPULATION_0002/INDIVIDUAL_C2SAYAB8/model.so POPULATIONS/POPULATION_0002/INDIVIDUAL_C2SAYAB8/model.o -L/usr/lib/R/lib -lR\nStarting model phases\nNumber of phases: 3 \nPhase 1 \nInitial parameter values for phase 1 :\nr_cots r_fast r_slow a_fast a_slow  T_opt \n    NA     NA     NA     NA     NA     28 \nError in model phases: NA/NaN gradient evaluation",
      "stderr": "Loading required package: TMB\nLoading required package: jsonlite\nhere() starts at /home/spi085/Documents/_Projects/SCCP-QuantModelling\nusing C++ compiler: \u2018g++ (Ubuntu 13.3.0-6ubuntu2~24.04) 13.3.0\u2019\nError in value[[3L]](cond) : \n  Error in model phases: NA/NaN gradient evaluation\nCalls: tryCatch -> tryCatchList -> tryCatchOne -> <Anonymous>\nIn addition: Warning message:\nIn nlminb(model$par, model$fn, model$gr) : NA/NaN function evaluation\nExecution halted"
    },
    "5": {
      "status": "ERROR",
      "message": "R script failed with return code 1",
      "stdout": "g++ -std=gnu++17 -I\"/usr/share/R/include\" -DNDEBUG -I\"/home/spi085/R/x86_64-pc-linux-gnu-library/4.4/TMB/include\" -I\"/home/spi085/R/x86_64-pc-linux-gnu-library/4.4/RcppEigen/include\"   -DTMB_EIGEN_DISABLE_WARNINGS   -DTMB_LIB_INIT=R_init_model  -DCPPAD_FRAMEWORK      -fpic  -O2  -c POPULATIONS/POPULATION_0002/INDIVIDUAL_C2SAYAB8/model.cpp -o POPULATIONS/POPULATION_0002/INDIVIDUAL_C2SAYAB8/model.o\ng++ -std=gnu++17 -shared -L/usr/lib/R/lib -Wl,-Bsymbolic-functions -flto=auto -ffat-lto-objects -Wl,-z,relro -o POPULATIONS/POPULATION_0002/INDIVIDUAL_C2SAYAB8/model.so POPULATIONS/POPULATION_0002/INDIVIDUAL_C2SAYAB8/model.o -L/usr/lib/R/lib -lR\nStarting model phases\nNumber of phases: 3 \nPhase 1 \nInitial parameter values for phase 1 :\nr_cots r_fast r_slow a_fast a_slow  T_opt \n    NA     NA     NA     NA     NA     28 \nError in model phases: NA/NaN gradient evaluation",
      "stderr": "Loading required package: TMB\nLoading required package: jsonlite\nhere() starts at /home/spi085/Documents/_Projects/SCCP-QuantModelling\nusing C++ compiler: \u2018g++ (Ubuntu 13.3.0-6ubuntu2~24.04) 13.3.0\u2019\nError in value[[3L]](cond) : \n  Error in model phases: NA/NaN gradient evaluation\nCalls: tryCatch -> tryCatchList -> tryCatchOne -> <Anonymous>\nIn addition: Warning message:\nIn nlminb(model$par, model$fn, model$gr) : NA/NaN function evaluation\nExecution halted"
    },
    "6": {
      "status": "ERROR",
      "message": "R script failed with return code 1",
      "stdout": "g++ -std=gnu++17 -I\"/usr/share/R/include\" -DNDEBUG -I\"/home/spi085/R/x86_64-pc-linux-gnu-library/4.4/TMB/include\" -I\"/home/spi085/R/x86_64-pc-linux-gnu-library/4.4/RcppEigen/include\"   -DTMB_EIGEN_DISABLE_WARNINGS   -DTMB_LIB_INIT=R_init_model  -DCPPAD_FRAMEWORK      -fpic  -O2  -c POPULATIONS/POPULATION_0002/INDIVIDUAL_C2SAYAB8/model.cpp -o POPULATIONS/POPULATION_0002/INDIVIDUAL_C2SAYAB8/model.o\ng++ -std=gnu++17 -shared -L/usr/lib/R/lib -Wl,-Bsymbolic-functions -flto=auto -ffat-lto-objects -Wl,-z,relro -o POPULATIONS/POPULATION_0002/INDIVIDUAL_C2SAYAB8/model.so POPULATIONS/POPULATION_0002/INDIVIDUAL_C2SAYAB8/model.o -L/usr/lib/R/lib -lR\nStarting model phases\nNumber of phases: 3 \nPhase 1 \nInitial parameter values for phase 1 :\nr_cots r_fast r_slow a_fast a_slow  T_opt \n    NA     NA     NA     NA     NA     28 \nError in model phases: NA/NaN gradient evaluation",
      "stderr": "Loading required package: TMB\nLoading required package: jsonlite\nhere() starts at /home/spi085/Documents/_Projects/SCCP-QuantModelling\nusing C++ compiler: \u2018g++ (Ubuntu 13.3.0-6ubuntu2~24.04) 13.3.0\u2019\nError in value[[3L]](cond) : \n  Error in model phases: NA/NaN gradient evaluation\nCalls: tryCatch -> tryCatchList -> tryCatchOne -> <Anonymous>\nIn addition: Warning message:\nIn nlminb(model$par, model$fn, model$gr) : NA/NaN function evaluation\nExecution halted"
    },
    "7": {
      "status": "BROKEN"
    }
  }
}