{
  "iterations": {
    "1": {
      "status": "ERROR",
      "message": "R script failed with return code 1",
      "stdout": "g++ -std=gnu++17  -I\"C:/Users/spi085/AppData/Local/Programs/R/R-4.4.1/include\" -DNDEBUG -I\"C:/Users/spi085/AppData/Local/Programs/R/R-44~1.1/library/TMB/include\" -I\"C:/Users/spi085/AppData/Local/Programs/R/R-44~1.1/library/RCPPEI~1/include\"   -DTMB_EIGEN_DISABLE_WARNINGS   -DTMB_LIB_INIT=R_init_model  -DCPPAD_FRAMEWORK    -I\"C:/rtools44/x86_64-w64-mingw32.static.posix/include\"     -O2 -Wa,-mbig-obj -c POPULATIONS//POPULATION_0008//INDIVIDUAL_1D7E0QQE/model.cpp -o POPULATIONS//POPULATION_0008//INDIVIDUAL_1D7E0QQE/model.o\ng++ -std=gnu++17 -shared -s -static-libgcc -o POPULATIONS//POPULATION_0008//INDIVIDUAL_1D7E0QQE/model.dll tmp.def POPULATIONS//POPULATION_0008//INDIVIDUAL_1D7E0QQE/model.o -LC:/rtools44/x86_64-w64-mingw32.static.posix/lib/x64 -LC:/rtools44/x86_64-w64-mingw32.static.posix/lib -LC:/Users/spi085/AppData/Local/Programs/R/R-4.4.1/bin/x64 -lR\nStarting model phases\nNumber of phases: 3 \nPhase 1 \nInitial parameter values for phase 1 :\n    r_cots     m_cots     r_slow     r_fast alpha_slow alpha_fast \n       0.8        0.3        0.2        0.4        0.5        1.0 \nError in model phases: NA/NaN gradient evaluation",
      "stderr": "Loading required package: TMB\nLoading required package: jsonlite\nhere() starts at C:/Users/spi085/OneDrive - CSIRO/Documents/_Projects/SCCP-QuantModelling\nusing C++ compiler: 'G__~1.EXE (GCC) 13.2.0'\nError in value[[3L]](cond) : \n  Error in model phases: NA/NaN gradient evaluation\nCalls: tryCatch -> tryCatchList -> tryCatchOne -> <Anonymous>\nIn addition: Warning message:\nIn nlminb(model$par, model$fn, model$gr) : NA/NaN function evaluation\nExecution halted"
    },
    "2": {
      "status": "ERROR",
      "message": "R script failed with return code 1",
      "stdout": "g++ -std=gnu++17  -I\"C:/Users/spi085/AppData/Local/Programs/R/R-4.4.1/include\" -DNDEBUG -I\"C:/Users/spi085/AppData/Local/Programs/R/R-44~1.1/library/TMB/include\" -I\"C:/Users/spi085/AppData/Local/Programs/R/R-44~1.1/library/RCPPEI~1/include\"   -DTMB_EIGEN_DISABLE_WARNINGS   -DTMB_LIB_INIT=R_init_model  -DCPPAD_FRAMEWORK    -I\"C:/rtools44/x86_64-w64-mingw32.static.posix/include\"     -O2 -Wa,-mbig-obj -c POPULATIONS//POPULATION_0008//INDIVIDUAL_1D7E0QQE/model.cpp -o POPULATIONS//POPULATION_0008//INDIVIDUAL_1D7E0QQE/model.o\ng++ -std=gnu++17 -shared -s -static-libgcc -o POPULATIONS//POPULATION_0008//INDIVIDUAL_1D7E0QQE/model.dll tmp.def POPULATIONS//POPULATION_0008//INDIVIDUAL_1D7E0QQE/model.o -LC:/rtools44/x86_64-w64-mingw32.static.posix/lib/x64 -LC:/rtools44/x86_64-w64-mingw32.static.posix/lib -LC:/Users/spi085/AppData/Local/Programs/R/R-4.4.1/bin/x64 -lR\nStarting model phases\nNumber of phases: 3 \nPhase 1 \nInitial parameter values for phase 1 :\n    log_r_cots     log_m_cots     log_r_slow     log_r_fast log_alpha_slow \n        -0.223         -1.204         -1.609         -0.916         -0.693 \nlog_alpha_fast \n         0.000 \nError in model phases: NA/NaN gradient evaluation",
      "stderr": "Loading required package: TMB\nLoading required package: jsonlite\nhere() starts at C:/Users/spi085/OneDrive - CSIRO/Documents/_Projects/SCCP-QuantModelling\nusing C++ compiler: 'G__~1.EXE (GCC) 13.2.0'\nError in value[[3L]](cond) : \n  Error in model phases: NA/NaN gradient evaluation\nCalls: tryCatch -> tryCatchList -> tryCatchOne -> <Anonymous>\nIn addition: Warning message:\nIn nlminb(model$par, model$fn, model$gr) : NA/NaN function evaluation\nExecution halted"
    },
    "3": {
      "status": "ERROR",
      "message": "Model failed to compile.",
      "stdout": "g++ -std=gnu++17  -I\"C:/Users/spi085/AppData/Local/Programs/R/R-4.4.1/include\" -DNDEBUG -I\"C:/Users/spi085/AppData/Local/Programs/R/R-44~1.1/library/TMB/include\" -I\"C:/Users/spi085/AppData/Local/Programs/R/R-44~1.1/library/RCPPEI~1/include\"   -DTMB_EIGEN_DISABLE_WARNINGS   -DTMB_LIB_INIT=R_init_model  -DCPPAD_FRAMEWORK    -I\"C:/rtools44/x86_64-w64-mingw32.static.posix/include\"     -O2 -Wa,-mbig-obj -c POPULATIONS//POPULATION_0008//INDIVIDUAL_1D7E0QQE/model.cpp -o POPULATIONS//POPULATION_0008//INDIVIDUAL_1D7E0QQE/model.o",
      "stderr": "Loading required package: TMB\nLoading required package: jsonlite\nhere() starts at C:/Users/spi085/OneDrive - CSIRO/Documents/_Projects/SCCP-QuantModelling\nusing C++ compiler: 'G__~1.EXE (GCC) 13.2.0'\nPOPULATIONS//POPULATION_0008//INDIVIDUAL_1D7E0QQE/model.cpp: In instantiation of 'Type objective_function<Type>::operator()() [with Type = CppAD::AD<double>]':\nC:/Users/spi085/AppData/Local/Programs/R/R-4.4.1/library/TMB/include/tmb_core.hpp:1308:6:   required from here\nPOPULATIONS//POPULATION_0008//INDIVIDUAL_1D7E0QQE/model.cpp:63:23: error: no matching function for call to 'max(CppAD::AD<double>, Eigen::DenseCoeffsBase<Eigen::Array<CppAD::AD<double>, -1, 1, 0, -1, 1>, 1>::Scalar&)'\n   63 |     cots_pred(t) = max(Type(eps), cots_pred(t)); // Ensure strict positivity\n      |                    ~~~^~~~~~~~~~~~~~~~~~~~~~~~~\nIn file included from C:/Users/spi085/AppData/Local/Programs/R/R-4.4.1/library/TMB/include/TMB.hpp:215,\n                 from POPULATIONS//POPULATION_0008//INDIVIDUAL_1D7E0QQE/model.cpp:1:\nC:/Users/spi085/AppData/Local/Programs/R/R-4.4.1/library/TMB/include/convenience.hpp:145:6: note: candidate: 'template<class Type> Type max(const tmbutils::vector<Type>&)'\n  145 | Type max(const vector<Type> &x)\n      |      ^~~\nC:/Users/spi085/AppData/Local/Programs/R/R-4.4.1/library/TMB/include/convenience.hpp:145:6: note:   template argument deduction/substitution failed:\nPOPULATIONS//POPULATION_0008//INDIVIDUAL_1D7E0QQE/model.cpp:63:23: note:   'CppAD::AD<double>' is not derived from 'const tmbutils::vector<Type>'\n   63 |     cots_pred(t) = max(Type(eps), cots_pred(t)); // Ensure strict positivity\n      |                    ~~~^~~~~~~~~~~~~~~~~~~~~~~~~\nPOPULATIONS//POPULATION_0008//INDIVIDUAL_1D7E0QQE/model.cpp:66:27: error: no matching function for call to 'max(CppAD::AD<double>, CppAD::AD<double>)'\n   66 |     Type total_coral = max(slow_pred(t-1) + fast_pred(t-1), Type(eps));\n      |                        ~~~^~~~~~~~~~~~~~~~~~~~~~~~~~~~~~~~~~~~~~~~~~~~\nC:/Users/spi085/AppData/Local/Programs/R/R-4.4.1/library/TMB/include/convenience.hpp:145:6: note: candidate: 'template<class Type> Type max(const tmbutils::vector<Type>&)'\n  145 | Type max(const vector<Type> &x)\n      |      ^~~\nC:/Users/spi085/AppData/Local/Programs/R/R-4.4.1/library/TMB/include/convenience.hpp:145:6: note:   template argument deduction/substitution failed:\nPOPULATIONS//POPULATION_0008//INDIVIDUAL_1D7E0QQE/model.cpp:66:27: note:   'CppAD::AD<double>' is not derived from 'const tmbutils::vector<Type>'\n   66 |     Type total_coral = max(slow_pred(t-1) + fast_pred(t-1), Type(eps));\n      |                        ~~~^~~~~~~~~~~~~~~~~~~~~~~~~~~~~~~~~~~~~~~~~~~~\nPOPULATIONS//POPULATION_0008//INDIVIDUAL_1D7E0QQE/model.cpp:79:38: error: no matching function for call to 'min(CppAD::AD<double>, CppAD::AD<double>)'\n   79 |     slow_pred(t) = max(Type(eps), min(Type(100.0),\n      |                                   ~~~^~~~~~~~~~~~~\n   80 |                        slow_pred(t-1) + slow_growth - slow_pred_loss));\n      |                        ~~~~~~~~~~~~~~~~~~~~~~~~~~~~~~~~~~~~~~~~~~~~~~\nC:/Users/spi085/AppData/Local/Programs/R/R-4.4.1/library/TMB/include/convenience.hpp:156:6: note: candidate: 'template<class Type> Type min(const tmbutils::vector<Type>&)'\n  156 | Type min(const vector<Type> &x)\n      |      ^~~\nC:/Users/spi085/AppData/Local/Programs/R/R-4.4.1/library/TMB/include/convenience.hpp:156:6: note:   template argument deduction/substitution failed:\nPOPULATIONS//POPULATION_0008//INDIVIDUAL_1D7E0QQE/model.cpp:79:38: note:   'CppAD::AD<double>' is not derived from 'const tmbutils::vector<Type>'\n   79 |     slow_pred(t) = max(Type(eps), min(Type(100.0),\n      |                                   ~~~^~~~~~~~~~~~~\n   80 |                        slow_pred(t-1) + slow_growth - slow_pred_loss));\n      |                        ~~~~~~~~~~~~~~~~~~~~~~~~~~~~~~~~~~~~~~~~~~~~~~\nPOPULATIONS//POPULATION_0008//INDIVIDUAL_1D7E0QQE/model.cpp:81:38: error: no matching function for call to 'min(CppAD::AD<double>, CppAD::AD<double>)'\n   81 |     fast_pred(t) = max(Type(eps), min(Type(100.0),\n      |                                   ~~~^~~~~~~~~~~~~\n   82 |                        fast_pred(t-1) + fast_growth - fast_pred_loss));\n      |                        ~~~~~~~~~~~~~~~~~~~~~~~~~~~~~~~~~~~~~~~~~~~~~~\nC:/Users/spi085/AppData/Local/Programs/R/R-4.4.1/library/TMB/include/convenience.hpp:156:6: note: candidate: 'template<class Type> Type min(const tmbutils::vector<Type>&)'\n  156 | Type min(const vector<Type> &x)\n      |      ^~~\nC:/Users/spi085/AppData/Local/Programs/R/R-4.4.1/library/TMB/include/convenience.hpp:156:6: note:   template argument deduction/substitution failed:\nPOPULATIONS//POPULATION_0008//INDIVIDUAL_1D7E0QQE/model.cpp:81:38: note:   'CppAD::AD<double>' is not derived from 'const tmbutils::vector<Type>'\n   81 |     fast_pred(t) = max(Type(eps), min(Type(100.0),\n      |                                   ~~~^~~~~~~~~~~~~\n   82 |                        fast_pred(t-1) + fast_growth - fast_pred_loss));\n      |                        ~~~~~~~~~~~~~~~~~~~~~~~~~~~~~~~~~~~~~~~~~~~~~~\nPOPULATIONS//POPULATION_0008//INDIVIDUAL_1D7E0QQE/model.cpp: In instantiation of 'Type objective_function<Type>::operator()() [with Type = double]':\nC:/Users/spi085/AppData/Local/Programs/R/R-4.4.1/library/TMB/include/tmb_core.hpp:2031:7:   required from here\nPOPULATIONS//POPULATION_0008//INDIVIDUAL_1D7E0QQE/model.cpp:63:23: error: no matching function for call to 'max(double, Eigen::DenseCoeffsBase<Eigen::Array<double, -1, 1>, 1>::Scalar&)'\n   63 |     cots_pred(t) = max(Type(eps), cots_pred(t)); // Ensure strict positivity\n      |                    ~~~^~~~~~~~~~~~~~~~~~~~~~~~~\nC:/Users/spi085/AppData/Local/Programs/R/R-4.4.1/library/TMB/include/convenience.hpp:145:6: note: candidate: 'template<class Type> Type max(const tmbutils::vector<Type>&)'\n  145 | Type max(const vector<Type> &x)\n      |      ^~~\nC:/Users/spi085/AppData/Local/Programs/R/R-4.4.1/library/TMB/include/convenience.hpp:145:6: note:   template argument deduction/substitution failed:\nPOPULATIONS//POPULATION_0008//INDIVIDUAL_1D7E0QQE/model.cpp:63:23: note:   mismatched types 'const tmbutils::vector<Type>' and 'double'\n   63 |     cots_pred(t) = max(Type(eps), cots_pred(t)); // Ensure strict positivity\n      |                    ~~~^~~~~~~~~~~~~~~~~~~~~~~~~\nPOPULATIONS//POPULATION_0008//INDIVIDUAL_1D7E0QQE/model.cpp:66:27: error: no matching function for call to 'max(Eigen::DenseCoeffsBase<Eigen::Array<double, -1, 1>, 1>::Scalar, double)'\n   66 |     Type total_coral = max(slow_pred(t-1) + fast_pred(t-1), Type(eps));\n      |                        ~~~^~~~~~~~~~~~~~~~~~~~~~~~~~~~~~~~~~~~~~~~~~~~\nC:/Users/spi085/AppData/Local/Programs/R/R-4.4.1/library/TMB/include/convenience.hpp:145:6: note: candidate: 'template<class Type> Type max(const tmbutils::vector<Type>&)'\n  145 | Type max(const vector<Type> &x)\n      |      ^~~\nC:/Users/spi085/AppData/Local/Programs/R/R-4.4.1/library/TMB/include/convenience.hpp:145:6: note:   template argument deduction/substitution failed:\nPOPULATIONS//POPULATION_0008//INDIVIDUAL_1D7E0QQE/model.cpp:66:27: note:   mismatched types 'const tmbutils::vector<Type>' and 'Eigen::DenseCoeffsBase<Eigen::Array<double, -1, 1>, 1>::Scalar' {aka 'double'}\n   66 |     Type total_coral = max(slow_pred(t-1) + fast_pred(t-1), Type(eps));\n      |                        ~~~^~~~~~~~~~~~~~~~~~~~~~~~~~~~~~~~~~~~~~~~~~~~\nPOPULATIONS//POPULATION_0008//INDIVIDUAL_1D7E0QQE/model.cpp:79:38: error: no matching function for call to 'min(double, Eigen::DenseCoeffsBase<Eigen::Array<double, -1, 1>, 1>::Scalar)'\n   79 |     slow_pred(t) = max(Type(eps), min(Type(100.0),\n      |                                   ~~~^~~~~~~~~~~~~\n   80 |                        slow_pred(t-1) + slow_growth - slow_pred_loss));\n      |                        ~~~~~~~~~~~~~~~~~~~~~~~~~~~~~~~~~~~~~~~~~~~~~~\nC:/Users/spi085/AppData/Local/Programs/R/R-4.4.1/library/TMB/include/convenience.hpp:156:6: note: candidate: 'template<class Type> Type min(const tmbutils::vector<Type>&)'\n  156 | Type min(const vector<Type> &x)\n      |      ^~~\nC:/Users/spi085/AppData/Local/Programs/R/R-4.4.1/library/TMB/include/convenience.hpp:156:6: note:   template argument deduction/substitution failed:\nPOPULATIONS//POPULATION_0008//INDIVIDUAL_1D7E0QQE/model.cpp:79:38: note:   mismatched types 'const tmbutils::vector<Type>' and 'double'\n   79 |     slow_pred(t) = max(Type(eps), min(Type(100.0),\n      |                                   ~~~^~~~~~~~~~~~~\n   80 |                        slow_pred(t-1) + slow_growth - slow_pred_loss));\n      |                        ~~~~~~~~~~~~~~~~~~~~~~~~~~~~~~~~~~~~~~~~~~~~~~\nPOPULATIONS//POPULATION_0008//INDIVIDUAL_1D7E0QQE/model.cpp:81:38: error: no matching function for call to 'min(double, Eigen::DenseCoeffsBase<Eigen::Array<double, -1, 1>, 1>::Scalar)'\n   81 |     fast_pred(t) = max(Type(eps), min(Type(100.0),\n      |                                   ~~~^~~~~~~~~~~~~\n   82 |                        fast_pred(t-1) + fast_growth - fast_pred_loss));\n      |                        ~~~~~~~~~~~~~~~~~~~~~~~~~~~~~~~~~~~~~~~~~~~~~~\nC:/Users/spi085/AppData/Local/Programs/R/R-4.4.1/library/TMB/include/convenience.hpp:156:6: note: candidate: 'template<class Type> Type min(const tmbutils::vector<Type>&)'\n  156 | Type min(const vector<Type> &x)\n      |      ^~~\nC:/Users/spi085/AppData/Local/Programs/R/R-4.4.1/library/TMB/include/convenience.hpp:156:6: note:   template argument deduction/substitution failed:\nPOPULATIONS//POPULATION_0008//INDIVIDUAL_1D7E0QQE/model.cpp:81:38: note:   mismatched types 'const tmbutils::vector<Type>' and 'double'\n   81 |     fast_pred(t) = max(Type(eps), min(Type(100.0),\n      |                                   ~~~^~~~~~~~~~~~~\n   82 |                        fast_pred(t-1) + fast_growth - fast_pred_loss));\n      |                        ~~~~~~~~~~~~~~~~~~~~~~~~~~~~~~~~~~~~~~~~~~~~~~\nPOPULATIONS//POPULATION_0008//INDIVIDUAL_1D7E0QQE/model.cpp: In instantiation of 'Type objective_function<Type>::operator()() [with Type = CppAD::AD<CppAD::AD<double> >]':\nC:/Users/spi085/AppData/Local/Programs/R/R-4.4.1/library/TMB/include/tmb_core.hpp:913:29:   required from 'Type objective_function<Type>::evalUserTemplate() [with Type = CppAD::AD<CppAD::AD<double> >]'\nC:/Users/spi085/AppData/Local/Programs/R/R-4.4.1/library/TMB/include/tmb_core.hpp:2112:26:   required from here\nPOPULATIONS//POPULATION_0008//INDIVIDUAL_1D7E0QQE/model.cpp:63:23: error: no matching function for call to 'max(CppAD::AD<CppAD::AD<double> >, Eigen::DenseCoeffsBase<Eigen::Array<CppAD::AD<CppAD::AD<double> >, -1, 1, 0, -1, 1>, 1>::Scalar&)'\n   63 |     cots_pred(t) = max(Type(eps), cots_pred(t)); // Ensure strict positivity\n      |                    ~~~^~~~~~~~~~~~~~~~~~~~~~~~~\nC:/Users/spi085/AppData/Local/Programs/R/R-4.4.1/library/TMB/include/convenience.hpp:145:6: note: candidate: 'template<class Type> Type max(const tmbutils::vector<Type>&)'\n  145 | Type max(const vector<Type> &x)\n      |      ^~~\nC:/Users/spi085/AppData/Local/Programs/R/R-4.4.1/library/TMB/include/convenience.hpp:145:6: note:   template argument deduction/substitution failed:\nPOPULATIONS//POPULATION_0008//INDIVIDUAL_1D7E0QQE/model.cpp:63:23: note:   'CppAD::AD<CppAD::AD<double> >' is not derived from 'const tmbutils::vector<Type>'\n   63 |     cots_pred(t) = max(Type(eps), cots_pred(t)); // Ensure strict positivity\n      |                    ~~~^~~~~~~~~~~~~~~~~~~~~~~~~\nPOPULATIONS//POPULATION_0008//INDIVIDUAL_1D7E0QQE/model.cpp:66:27: error: no matching function for call to 'max(CppAD::AD<CppAD::AD<double> >, CppAD::AD<CppAD::AD<double> >)'\n   66 |     Type total_coral = max(slow_pred(t-1) + fast_pred(t-1), Type(eps));\n      |                        ~~~^~~~~~~~~~~~~~~~~~~~~~~~~~~~~~~~~~~~~~~~~~~~\nC:/Users/spi085/AppData/Local/Programs/R/R-4.4.1/library/TMB/include/convenience.hpp:145:6: note: candidate: 'template<class Type> Type max(const tmbutils::vector<Type>&)'\n  145 | Type max(const vector<Type> &x)\n      |      ^~~\nC:/Users/spi085/AppData/Local/Programs/R/R-4.4.1/library/TMB/include/convenience.hpp:145:6: note:   template argument deduction/substitution failed:\nPOPULATIONS//POPULATION_0008//INDIVIDUAL_1D7E0QQE/model.cpp:66:27: note:   'CppAD::AD<CppAD::AD<double> >' is not derived from 'const tmbutils::vector<Type>'\n   66 |     Type total_coral = max(slow_pred(t-1) + fast_pred(t-1), Type(eps));\n      |                        ~~~^~~~~~~~~~~~~~~~~~~~~~~~~~~~~~~~~~~~~~~~~~~~\nPOPULATIONS//POPULATION_0008//INDIVIDUAL_1D7E0QQE/model.cpp:79:38: error: no matching function for call to 'min(CppAD::AD<CppAD::AD<double> >, CppAD::AD<CppAD::AD<double> >)'\n   79 |     slow_pred(t) = max(Type(eps), min(Type(100.0),\n      |                                   ~~~^~~~~~~~~~~~~\n   80 |                        slow_pred(t-1) + slow_growth - slow_pred_loss));\n      |                        ~~~~~~~~~~~~~~~~~~~~~~~~~~~~~~~~~~~~~~~~~~~~~~\nC:/Users/spi085/AppData/Local/Programs/R/R-4.4.1/library/TMB/include/convenience.hpp:156:6: note: candidate: 'template<class Type> Type min(const tmbutils::vector<Type>&)'\n  156 | Type min(const vector<Type> &x)\n      |      ^~~\nC:/Users/spi085/AppData/Local/Programs/R/R-4.4.1/library/TMB/include/convenience.hpp:156:6: note:   template argument deduction/substitution failed:\nPOPULATIONS//POPULATION_0008//INDIVIDUAL_1D7E0QQE/model.cpp:79:38: note:   'CppAD::AD<CppAD::AD<double> >' is not derived from 'const tmbutils::vector<Type>'\n   79 |     slow_pred(t) = max(Type(eps), min(Type(100.0),\n      |                                   ~~~^~~~~~~~~~~~~\n   80 |                        slow_pred(t-1) + slow_growth - slow_pred_loss));\n      |                        ~~~~~~~~~~~~~~~~~~~~~~~~~~~~~~~~~~~~~~~~~~~~~~\nPOPULATIONS//POPULATION_0008//INDIVIDUAL_1D7E0QQE/model.cpp:81:38: error: no matching function for call to 'min(CppAD::AD<CppAD::AD<double> >, CppAD::AD<CppAD::AD<double> >)'\n   81 |     fast_pred(t) = max(Type(eps), min(Type(100.0),\n      |                                   ~~~^~~~~~~~~~~~~\n   82 |                        fast_pred(t-1) + fast_growth - fast_pred_loss));\n      |                        ~~~~~~~~~~~~~~~~~~~~~~~~~~~~~~~~~~~~~~~~~~~~~~\nC:/Users/spi085/AppData/Local/Programs/R/R-4.4.1/library/TMB/include/convenience.hpp:156:6: note: candidate: 'template<class Type> Type min(const tmbutils::vector<Type>&)'\n  156 | Type min(const vector<Type> &x)\n      |      ^~~\nC:/Users/spi085/AppData/Local/Programs/R/R-4.4.1/library/TMB/include/convenience.hpp:156:6: note:   template argument deduction/substitution failed:\nPOPULATIONS//POPULATION_0008//INDIVIDUAL_1D7E0QQE/model.cpp:81:38: note:   'CppAD::AD<CppAD::AD<double> >' is not derived from 'const tmbutils::vector<Type>'\n   81 |     fast_pred(t) = max(Type(eps), min(Type(100.0),\n      |                                   ~~~^~~~~~~~~~~~~\n   82 |                        fast_pred(t-1) + fast_growth - fast_pred_loss));\n      |                        ~~~~~~~~~~~~~~~~~~~~~~~~~~~~~~~~~~~~~~~~~~~~~~\nPOPULATIONS//POPULATION_0008//INDIVIDUAL_1D7E0QQE/model.cpp: In instantiation of 'Type objective_function<Type>::operator()() [with Type = CppAD::AD<CppAD::AD<CppAD::AD<double> > >]':\nC:/Users/spi085/AppData/Local/Programs/R/R-4.4.1/library/TMB/include/tmb_core.hpp:913:29:   required from 'Type objective_function<Type>::evalUserTemplate() [with Type = CppAD::AD<CppAD::AD<CppAD::AD<double> > >]'\nC:/Users/spi085/AppData/Local/Programs/R/R-4.4.1/library/TMB/include/tmb_core.hpp:2361:28:   required from here\nPOPULATIONS//POPULATION_0008//INDIVIDUAL_1D7E0QQE/model.cpp:63:23: error: no matching function for call to 'max(CppAD::AD<CppAD::AD<CppAD::AD<double> > >, Eigen::DenseCoeffsBase<Eigen::Array<CppAD::AD<CppAD::AD<CppAD::AD<double> > >, -1, 1, 0, -1, 1>, 1>::Scalar&)'\n   63 |     cots_pred(t) = max(Type(eps), cots_pred(t)); // Ensure strict positivity\n      |                    ~~~^~~~~~~~~~~~~~~~~~~~~~~~~\nC:/Users/spi085/AppData/Local/Programs/R/R-4.4.1/library/TMB/include/convenience.hpp:145:6: note: candidate: 'template<class Type> Type max(const tmbutils::vector<Type>&)'\n  145 | Type max(const vector<Type> &x)\n      |      ^~~\nC:/Users/spi085/AppData/Local/Programs/R/R-4.4.1/library/TMB/include/convenience.hpp:145:6: note:   template argument deduction/substitution failed:\nPOPULATIONS//POPULATION_0008//INDIVIDUAL_1D7E0QQE/model.cpp:63:23: note:   'CppAD::AD<CppAD::AD<CppAD::AD<double> > >' is not derived from 'const tmbutils::vector<Type>'\n   63 |     cots_pred(t) = max(Type(eps), cots_pred(t)); // Ensure strict positivity\n      |                    ~~~^~~~~~~~~~~~~~~~~~~~~~~~~\nPOPULATIONS//POPULATION_0008//INDIVIDUAL_1D7E0QQE/model.cpp:66:27: error: no matching function for call to 'max(CppAD::AD<CppAD::AD<CppAD::AD<double> > >, CppAD::AD<CppAD::AD<CppAD::AD<double> > >)'\n   66 |     Type total_coral = max(slow_pred(t-1) + fast_pred(t-1), Type(eps));\n      |                        ~~~^~~~~~~~~~~~~~~~~~~~~~~~~~~~~~~~~~~~~~~~~~~~\nC:/Users/spi085/AppData/Local/Programs/R/R-4.4.1/library/TMB/include/convenience.hpp:145:6: note: candidate: 'template<class Type> Type max(const tmbutils::vector<Type>&)'\n  145 | Type max(const vector<Type> &x)\n      |      ^~~\nC:/Users/spi085/AppData/Local/Programs/R/R-4.4.1/library/TMB/include/convenience.hpp:145:6: note:   template argument deduction/substitution failed:\nPOPULATIONS//POPULATION_0008//INDIVIDUAL_1D7E0QQE/model.cpp:66:27: note:   'CppAD::AD<CppAD::AD<CppAD::AD<double> > >' is not derived from 'const tmbutils::vector<Type>'\n   66 |     Type total_coral = max(slow_pred(t-1) + fast_pred(t-1), Type(eps));\n      |                        ~~~^~~~~~~~~~~~~~~~~~~~~~~~~~~~~~~~~~~~~~~~~~~~\nPOPULATIONS//POPULATION_0008//INDIVIDUAL_1D7E0QQE/model.cpp:79:38: error: no matching function for call to 'min(CppAD::AD<CppAD::AD<CppAD::AD<double> > >, CppAD::AD<CppAD::AD<CppAD::AD<double> > >)'\n   79 |     slow_pred(t) = max(Type(eps), min(Type(100.0),\n      |                                   ~~~^~~~~~~~~~~~~\n   80 |                        slow_pred(t-1) + slow_growth - slow_pred_loss));\n      |                        ~~~~~~~~~~~~~~~~~~~~~~~~~~~~~~~~~~~~~~~~~~~~~~\nC:/Users/spi085/AppData/Local/Programs/R/R-4.4.1/library/TMB/include/convenience.hpp:156:6: note: candidate: 'template<class Type> Type min(const tmbutils::vector<Type>&)'\n  156 | Type min(const vector<Type> &x)\n      |      ^~~\nC:/Users/spi085/AppData/Local/Programs/R/R-4.4.1/library/TMB/include/convenience.hpp:156:6: note:   template argument deduction/substitution failed:\nPOPULATIONS//POPULATION_0008//INDIVIDUAL_1D7E0QQE/model.cpp:79:38: note:   'CppAD::AD<CppAD::AD<CppAD::AD<double> > >' is not derived from 'const tmbutils::vector<Type>'\n   79 |     slow_pred(t) = max(Type(eps), min(Type(100.0),\n      |                                   ~~~^~~~~~~~~~~~~\n   80 |                        slow_pred(t-1) + slow_growth - slow_pred_loss));\n      |                        ~~~~~~~~~~~~~~~~~~~~~~~~~~~~~~~~~~~~~~~~~~~~~~\nPOPULATIONS//POPULATION_0008//INDIVIDUAL_1D7E0QQE/model.cpp:81:38: error: no matching function for call to 'min(CppAD::AD<CppAD::AD<CppAD::AD<double> > >, CppAD::AD<CppAD::AD<CppAD::AD<double> > >)'\n   81 |     fast_pred(t) = max(Type(eps), min(Type(100.0),\n      |                                   ~~~^~~~~~~~~~~~~\n   82 |                        fast_pred(t-1) + fast_growth - fast_pred_loss));\n      |                        ~~~~~~~~~~~~~~~~~~~~~~~~~~~~~~~~~~~~~~~~~~~~~~\nC:/Users/spi085/AppData/Local/Programs/R/R-4.4.1/library/TMB/include/convenience.hpp:156:6: note: candidate: 'template<class Type> Type min(const tmbutils::vector<Type>&)'\n  156 | Type min(const vector<Type> &x)\n      |      ^~~\nC:/Users/spi085/AppData/Local/Programs/R/R-4.4.1/library/TMB/include/convenience.hpp:156:6: note:   template argument deduction/substitution failed:\nPOPULATIONS//POPULATION_0008//INDIVIDUAL_1D7E0QQE/model.cpp:81:38: note:   'CppAD::AD<CppAD::AD<CppAD::AD<double> > >' is not derived from 'const tmbutils::vector<Type>'\n   81 |     fast_pred(t) = max(Type(eps), min(Type(100.0),\n      |                                   ~~~^~~~~~~~~~~~~\n   82 |                        fast_pred(t-1) + fast_growth - fast_pred_loss));\n      |                        ~~~~~~~~~~~~~~~~~~~~~~~~~~~~~~~~~~~~~~~~~~~~~~\nmake: *** [C:/Users/spi085/AppData/Local/Programs/R/R-4.4.1/etc/x64/Makeconf:296: POPULATIONS//POPULATION_0008//INDIVIDUAL_1D7E0QQE/model.o] Error 1\nError in TMB::compile(file.path(individual_dir, model_file), flags = flags,  : \n  Compilation failed\nError: Compilation failed\nExecution halted"
    },
    "4": {
      "status": "ERROR",
      "message": "R script failed with return code 1",
      "stdout": "g++ -std=gnu++17  -I\"C:/Users/spi085/AppData/Local/Programs/R/R-4.4.1/include\" -DNDEBUG -I\"C:/Users/spi085/AppData/Local/Programs/R/R-44~1.1/library/TMB/include\" -I\"C:/Users/spi085/AppData/Local/Programs/R/R-44~1.1/library/RCPPEI~1/include\"   -DTMB_EIGEN_DISABLE_WARNINGS   -DTMB_LIB_INIT=R_init_model  -DCPPAD_FRAMEWORK    -I\"C:/rtools44/x86_64-w64-mingw32.static.posix/include\"     -O2 -Wa,-mbig-obj -c POPULATIONS//POPULATION_0008//INDIVIDUAL_1D7E0QQE/model.cpp -o POPULATIONS//POPULATION_0008//INDIVIDUAL_1D7E0QQE/model.o\ng++ -std=gnu++17 -shared -s -static-libgcc -o POPULATIONS//POPULATION_0008//INDIVIDUAL_1D7E0QQE/model.dll tmp.def POPULATIONS//POPULATION_0008//INDIVIDUAL_1D7E0QQE/model.o -LC:/rtools44/x86_64-w64-mingw32.static.posix/lib/x64 -LC:/rtools44/x86_64-w64-mingw32.static.posix/lib -LC:/Users/spi085/AppData/Local/Programs/R/R-4.4.1/bin/x64 -lR\nStarting model phases\nNumber of phases: 3 \nPhase 1 \nInitial parameter values for phase 1 :\n    log_r_cots     log_m_cots     log_r_slow     log_r_fast log_alpha_slow \n        -0.223         -1.204         -1.609         -0.916         -0.693 \nlog_alpha_fast \n         0.000 \nError in model phases: NA/NaN gradient evaluation",
      "stderr": "Loading required package: TMB\nLoading required package: jsonlite\nhere() starts at C:/Users/spi085/OneDrive - CSIRO/Documents/_Projects/SCCP-QuantModelling\nusing C++ compiler: 'G__~1.EXE (GCC) 13.2.0'\nError in value[[3L]](cond) : \n  Error in model phases: NA/NaN gradient evaluation\nCalls: tryCatch -> tryCatchList -> tryCatchOne -> <Anonymous>\nIn addition: Warning message:\nIn nlminb(model$par, model$fn, model$gr) : NA/NaN function evaluation\nExecution halted"
    },
    "5": {
      "status": "ERROR",
      "message": "R script failed with return code 1",
      "stdout": "g++ -std=gnu++17  -I\"C:/Users/spi085/AppData/Local/Programs/R/R-4.4.1/include\" -DNDEBUG -I\"C:/Users/spi085/AppData/Local/Programs/R/R-44~1.1/library/TMB/include\" -I\"C:/Users/spi085/AppData/Local/Programs/R/R-44~1.1/library/RCPPEI~1/include\"   -DTMB_EIGEN_DISABLE_WARNINGS   -DTMB_LIB_INIT=R_init_model  -DCPPAD_FRAMEWORK    -I\"C:/rtools44/x86_64-w64-mingw32.static.posix/include\"     -O2 -Wa,-mbig-obj -c POPULATIONS//POPULATION_0008//INDIVIDUAL_1D7E0QQE/model.cpp -o POPULATIONS//POPULATION_0008//INDIVIDUAL_1D7E0QQE/model.o\ng++ -std=gnu++17 -shared -s -static-libgcc -o POPULATIONS//POPULATION_0008//INDIVIDUAL_1D7E0QQE/model.dll tmp.def POPULATIONS//POPULATION_0008//INDIVIDUAL_1D7E0QQE/model.o -LC:/rtools44/x86_64-w64-mingw32.static.posix/lib/x64 -LC:/rtools44/x86_64-w64-mingw32.static.posix/lib -LC:/Users/spi085/AppData/Local/Programs/R/R-4.4.1/bin/x64 -lR\nStarting model phases\nNumber of phases: 3 \nPhase 1 \nInitial parameter values for phase 1 :\n    log_r_cots     log_m_cots     log_r_slow     log_r_fast log_alpha_slow \n        -0.223         -1.204         -1.609         -0.916         -0.693 \nlog_alpha_fast \n         0.000 \nError in model phases: NA/NaN gradient evaluation",
      "stderr": "Loading required package: TMB\nLoading required package: jsonlite\nhere() starts at C:/Users/spi085/OneDrive - CSIRO/Documents/_Projects/SCCP-QuantModelling\nusing C++ compiler: 'G__~1.EXE (GCC) 13.2.0'\nError in value[[3L]](cond) : \n  Error in model phases: NA/NaN gradient evaluation\nCalls: tryCatch -> tryCatchList -> tryCatchOne -> <Anonymous>\nIn addition: Warning message:\nIn nlminb(model$par, model$fn, model$gr) : NA/NaN function evaluation\nExecution halted"
    },
    "6": {
      "status": "ERROR",
      "message": "Model failed to compile.",
      "stdout": "g++ -std=gnu++17  -I\"C:/Users/spi085/AppData/Local/Programs/R/R-4.4.1/include\" -DNDEBUG -I\"C:/Users/spi085/AppData/Local/Programs/R/R-44~1.1/library/TMB/include\" -I\"C:/Users/spi085/AppData/Local/Programs/R/R-44~1.1/library/RCPPEI~1/include\"   -DTMB_EIGEN_DISABLE_WARNINGS   -DTMB_LIB_INIT=R_init_model  -DCPPAD_FRAMEWORK    -I\"C:/rtools44/x86_64-w64-mingw32.static.posix/include\"     -O2 -Wa,-mbig-obj -c POPULATIONS//POPULATION_0008//INDIVIDUAL_1D7E0QQE/model.cpp -o POPULATIONS//POPULATION_0008//INDIVIDUAL_1D7E0QQE/model.o",
      "stderr": "Loading required package: TMB\nLoading required package: jsonlite\nhere() starts at C:/Users/spi085/OneDrive - CSIRO/Documents/_Projects/SCCP-QuantModelling\nusing C++ compiler: 'G__~1.EXE (GCC) 13.2.0'\nPOPULATIONS//POPULATION_0008//INDIVIDUAL_1D7E0QQE/model.cpp: In instantiation of 'Type objective_function<Type>::operator()() [with Type = CppAD::AD<double>]':\nC:/Users/spi085/AppData/Local/Programs/R/R-4.4.1/library/TMB/include/tmb_core.hpp:1308:6:   required from here\nPOPULATIONS//POPULATION_0008//INDIVIDUAL_1D7E0QQE/model.cpp:63:26: error: 'posfun' was not declared in this scope\n   63 |     cots_pred(t) = posfun(cots_pred(t), eps, nll);\n      |                    ~~~~~~^~~~~~~~~~~~~~~~~~~~~~~~\nPOPULATIONS//POPULATION_0008//INDIVIDUAL_1D7E0QQE/model.cpp:77:26: error: 'posfun' was not declared in this scope, and no declarations were found by argument-dependent lookup at the point of instantiation\n   77 |     slow_pred(t) = posfun(slow_pred(t), eps, nll);\n      |                    ~~~~~~^~~~~~~~~~~~~~~~~~~~~~~~\nPOPULATIONS//POPULATION_0008//INDIVIDUAL_1D7E0QQE/model.cpp:63:26: note: 'posfun' declared here, later in the translation unit\n   63 |     cots_pred(t) = posfun(cots_pred(t), eps, nll);\n      |                    ~~~~~~^~~~~~~~~~~~~~~~~~~~~~~~\nPOPULATIONS//POPULATION_0008//INDIVIDUAL_1D7E0QQE/model.cpp:78:26: error: 'posfun' was not declared in this scope, and no declarations were found by argument-dependent lookup at the point of instantiation\n   78 |     fast_pred(t) = posfun(fast_pred(t), eps, nll);\n      |                    ~~~~~~^~~~~~~~~~~~~~~~~~~~~~~~\nPOPULATIONS//POPULATION_0008//INDIVIDUAL_1D7E0QQE/model.cpp:63:26: note: 'posfun' declared here, later in the translation unit\n   63 |     cots_pred(t) = posfun(cots_pred(t), eps, nll);\n      |                    ~~~~~~^~~~~~~~~~~~~~~~~~~~~~~~\nPOPULATIONS//POPULATION_0008//INDIVIDUAL_1D7E0QQE/model.cpp: In instantiation of 'Type objective_function<Type>::operator()() [with Type = double]':\nC:/Users/spi085/AppData/Local/Programs/R/R-4.4.1/library/TMB/include/tmb_core.hpp:2031:7:   required from here\nPOPULATIONS//POPULATION_0008//INDIVIDUAL_1D7E0QQE/model.cpp:63:26: error: 'posfun' was not declared in this scope\nPOPULATIONS//POPULATION_0008//INDIVIDUAL_1D7E0QQE/model.cpp:77:26: error: 'posfun' was not declared in this scope, and no declarations were found by argument-dependent lookup at the point of instantiation\n   77 |     slow_pred(t) = posfun(slow_pred(t), eps, nll);\n      |                    ~~~~~~^~~~~~~~~~~~~~~~~~~~~~~~\nPOPULATIONS//POPULATION_0008//INDIVIDUAL_1D7E0QQE/model.cpp:63:26: note: 'posfun' declared here, later in the translation unit\n   63 |     cots_pred(t) = posfun(cots_pred(t), eps, nll);\n      |                    ~~~~~~^~~~~~~~~~~~~~~~~~~~~~~~\nPOPULATIONS//POPULATION_0008//INDIVIDUAL_1D7E0QQE/model.cpp:78:26: error: 'posfun' was not declared in this scope, and no declarations were found by argument-dependent lookup at the point of instantiation\n   78 |     fast_pred(t) = posfun(fast_pred(t), eps, nll);\n      |                    ~~~~~~^~~~~~~~~~~~~~~~~~~~~~~~\nPOPULATIONS//POPULATION_0008//INDIVIDUAL_1D7E0QQE/model.cpp:63:26: note: 'posfun' declared here, later in the translation unit\n   63 |     cots_pred(t) = posfun(cots_pred(t), eps, nll);\n      |                    ~~~~~~^~~~~~~~~~~~~~~~~~~~~~~~\nPOPULATIONS//POPULATION_0008//INDIVIDUAL_1D7E0QQE/model.cpp: In instantiation of 'Type objective_function<Type>::operator()() [with Type = CppAD::AD<CppAD::AD<double> >]':\nC:/Users/spi085/AppData/Local/Programs/R/R-4.4.1/library/TMB/include/tmb_core.hpp:913:29:   required from 'Type objective_function<Type>::evalUserTemplate() [with Type = CppAD::AD<CppAD::AD<double> >]'\nC:/Users/spi085/AppData/Local/Programs/R/R-4.4.1/library/TMB/include/tmb_core.hpp:2112:26:   required from here\nPOPULATIONS//POPULATION_0008//INDIVIDUAL_1D7E0QQE/model.cpp:63:26: error: 'posfun' was not declared in this scope\nPOPULATIONS//POPULATION_0008//INDIVIDUAL_1D7E0QQE/model.cpp:77:26: error: 'posfun' was not declared in this scope, and no declarations were found by argument-dependent lookup at the point of instantiation\n   77 |     slow_pred(t) = posfun(slow_pred(t), eps, nll);\n      |                    ~~~~~~^~~~~~~~~~~~~~~~~~~~~~~~\nPOPULATIONS//POPULATION_0008//INDIVIDUAL_1D7E0QQE/model.cpp:63:26: note: 'posfun' declared here, later in the translation unit\n   63 |     cots_pred(t) = posfun(cots_pred(t), eps, nll);\n      |                    ~~~~~~^~~~~~~~~~~~~~~~~~~~~~~~\nPOPULATIONS//POPULATION_0008//INDIVIDUAL_1D7E0QQE/model.cpp:78:26: error: 'posfun' was not declared in this scope, and no declarations were found by argument-dependent lookup at the point of instantiation\n   78 |     fast_pred(t) = posfun(fast_pred(t), eps, nll);\n      |                    ~~~~~~^~~~~~~~~~~~~~~~~~~~~~~~\nPOPULATIONS//POPULATION_0008//INDIVIDUAL_1D7E0QQE/model.cpp:63:26: note: 'posfun' declared here, later in the translation unit\n   63 |     cots_pred(t) = posfun(cots_pred(t), eps, nll);\n      |                    ~~~~~~^~~~~~~~~~~~~~~~~~~~~~~~\nPOPULATIONS//POPULATION_0008//INDIVIDUAL_1D7E0QQE/model.cpp: In instantiation of 'Type objective_function<Type>::operator()() [with Type = CppAD::AD<CppAD::AD<CppAD::AD<double> > >]':\nC:/Users/spi085/AppData/Local/Programs/R/R-4.4.1/library/TMB/include/tmb_core.hpp:913:29:   required from 'Type objective_function<Type>::evalUserTemplate() [with Type = CppAD::AD<CppAD::AD<CppAD::AD<double> > >]'\nC:/Users/spi085/AppData/Local/Programs/R/R-4.4.1/library/TMB/include/tmb_core.hpp:2361:28:   required from here\nPOPULATIONS//POPULATION_0008//INDIVIDUAL_1D7E0QQE/model.cpp:63:26: error: 'posfun' was not declared in this scope\nPOPULATIONS//POPULATION_0008//INDIVIDUAL_1D7E0QQE/model.cpp:77:26: error: 'posfun' was not declared in this scope, and no declarations were found by argument-dependent lookup at the point of instantiation\n   77 |     slow_pred(t) = posfun(slow_pred(t), eps, nll);\n      |                    ~~~~~~^~~~~~~~~~~~~~~~~~~~~~~~\nPOPULATIONS//POPULATION_0008//INDIVIDUAL_1D7E0QQE/model.cpp:63:26: note: 'posfun' declared here, later in the translation unit\n   63 |     cots_pred(t) = posfun(cots_pred(t), eps, nll);\n      |                    ~~~~~~^~~~~~~~~~~~~~~~~~~~~~~~\nPOPULATIONS//POPULATION_0008//INDIVIDUAL_1D7E0QQE/model.cpp:78:26: error: 'posfun' was not declared in this scope, and no declarations were found by argument-dependent lookup at the point of instantiation\n   78 |     fast_pred(t) = posfun(fast_pred(t), eps, nll);\n      |                    ~~~~~~^~~~~~~~~~~~~~~~~~~~~~~~\nPOPULATIONS//POPULATION_0008//INDIVIDUAL_1D7E0QQE/model.cpp:63:26: note: 'posfun' declared here, later in the translation unit\n   63 |     cots_pred(t) = posfun(cots_pred(t), eps, nll);\n      |                    ~~~~~~^~~~~~~~~~~~~~~~~~~~~~~~\nmake: *** [C:/Users/spi085/AppData/Local/Programs/R/R-4.4.1/etc/x64/Makeconf:296: POPULATIONS//POPULATION_0008//INDIVIDUAL_1D7E0QQE/model.o] Error 1\nError in TMB::compile(file.path(individual_dir, model_file), flags = flags,  : \n  Compilation failed\nError: Compilation failed\nExecution halted"
    },
    "7": {
      "status": "BROKEN"
    }
  }
}