{
  "iterations": {
    "1": {
      "status": "ERROR",
      "message": "R script failed with return code 1",
      "stdout": "g++ -std=gnu++17 -I\"/usr/share/R/include\" -DNDEBUG -I\"/home/spi085/R/x86_64-pc-linux-gnu-library/4.4/TMB/include\" -I\"/home/spi085/R/x86_64-pc-linux-gnu-library/4.4/RcppEigen/include\"   -DTMB_EIGEN_DISABLE_WARNINGS   -DTMB_LIB_INIT=R_init_model  -DCPPAD_FRAMEWORK      -fpic  -O2  -c POPULATIONS/POPULATION_0013/INDIVIDUAL_F8KFDZ54/model.cpp -o POPULATIONS/POPULATION_0013/INDIVIDUAL_F8KFDZ54/model.o\ng++ -std=gnu++17 -shared -L/usr/lib/R/lib -Wl,-Bsymbolic-functions -flto=auto -ffat-lto-objects -Wl,-z,relro -o POPULATIONS/POPULATION_0013/INDIVIDUAL_F8KFDZ54/model.so POPULATIONS/POPULATION_0013/INDIVIDUAL_F8KFDZ54/model.o -L/usr/lib/R/lib -lR\nStarting model phases\nNumber of phases: 4 \nPhase 1 \nInitial parameter values for phase 1 :\nlog_r_cots log_K_cots log_m_cots \n        NA     0.1722     2.2500 \nError in model phases: NA/NaN gradient evaluation",
      "stderr": "Loading required package: TMB\nLoading required package: jsonlite\nhere() starts at /home/spi085/Documents/_Projects/SCCP-QuantModelling\nusing C++ compiler: \u2018g++ (Ubuntu 13.3.0-6ubuntu2~24.04) 13.3.0\u2019\nError in value[[3L]](cond) : \n  Error in model phases: NA/NaN gradient evaluation\nCalls: tryCatch -> tryCatchList -> tryCatchOne -> <Anonymous>\nIn addition: Warning message:\nIn nlminb(model$par, model$fn, model$gr) : NA/NaN function evaluation\nExecution halted"
    },
    "2": {
      "status": "ERROR",
      "message": "R script failed with return code 1",
      "stdout": "g++ -std=gnu++17 -I\"/usr/share/R/include\" -DNDEBUG -I\"/home/spi085/R/x86_64-pc-linux-gnu-library/4.4/TMB/include\" -I\"/home/spi085/R/x86_64-pc-linux-gnu-library/4.4/RcppEigen/include\"   -DTMB_EIGEN_DISABLE_WARNINGS   -DTMB_LIB_INIT=R_init_model  -DCPPAD_FRAMEWORK      -fpic  -O2  -c POPULATIONS/POPULATION_0013/INDIVIDUAL_F8KFDZ54/model.cpp -o POPULATIONS/POPULATION_0013/INDIVIDUAL_F8KFDZ54/model.o\ng++ -std=gnu++17 -shared -L/usr/lib/R/lib -Wl,-Bsymbolic-functions -flto=auto -ffat-lto-objects -Wl,-z,relro -o POPULATIONS/POPULATION_0013/INDIVIDUAL_F8KFDZ54/model.so POPULATIONS/POPULATION_0013/INDIVIDUAL_F8KFDZ54/model.o -L/usr/lib/R/lib -lR\nStarting model phases\nNumber of phases: 4 \nPhase 1 \nInitial parameter values for phase 1 :\nlog_r_cots log_K_cots log_m_cots \n        NA     0.1722     2.2500 \nError in model phases: NA/NaN gradient evaluation",
      "stderr": "Loading required package: TMB\nLoading required package: jsonlite\nhere() starts at /home/spi085/Documents/_Projects/SCCP-QuantModelling\nusing C++ compiler: \u2018g++ (Ubuntu 13.3.0-6ubuntu2~24.04) 13.3.0\u2019\nError in value[[3L]](cond) : \n  Error in model phases: NA/NaN gradient evaluation\nCalls: tryCatch -> tryCatchList -> tryCatchOne -> <Anonymous>\nIn addition: Warning message:\nIn nlminb(model$par, model$fn, model$gr) : NA/NaN function evaluation\nExecution halted"
    },
    "3": {
      "status": "SUCCESS",
      "objective_value": "NaN",
      "model_summary": [
        "            Length Class  Mode     ",
        "par         19     -none- numeric  ",
        "objective    1     -none- numeric  ",
        "convergence  1     -none- numeric  ",
        "iterations   1     -none- numeric  ",
        "evaluations  2     -none- numeric  ",
        "message      1     -none- character"
      ],
      "model_report": [],
      "plot_data": [],
      "stdout": "g++ -std=gnu++17 -I\"/usr/share/R/include\" -DNDEBUG -I\"/home/spi085/R/x86_64-pc-linux-gnu-library/4.4/TMB/include\" -I\"/home/spi085/R/x86_64-pc-linux-gnu-library/4.4/RcppEigen/include\"   -DTMB_EIGEN_DISABLE_WARNINGS   -DTMB_LIB_INIT=R_init_model  -DCPPAD_FRAMEWORK      -fpic  -O2  -c POPULATIONS/POPULATION_0013/INDIVIDUAL_F8KFDZ54/model.cpp -o POPULATIONS/POPULATION_0013/INDIVIDUAL_F8KFDZ54/model.o\ng++ -std=gnu++17 -shared -L/usr/lib/R/lib -Wl,-Bsymbolic-functions -flto=auto -ffat-lto-objects -Wl,-z,relro -o POPULATIONS/POPULATION_0013/INDIVIDUAL_F8KFDZ54/model.so POPULATIONS/POPULATION_0013/INDIVIDUAL_F8KFDZ54/model.o -L/usr/lib/R/lib -lR\nStarting model phases\nNumber of phases: 4 \nPhase 1 \nInitial parameter values for phase 1 :\nlog_r_cots log_K_cots log_m_cots \n        NA     0.1722     2.2500 \nFinal parameter values for phase 1 :\nlog_r_cots log_K_cots log_m_cots \n        NA     0.1722     2.2500 \nConvergence message: both X-convergence and relative convergence (5) \nNumber of iterations: 1 \nObjective function value: 1e+10 \nGradient at solution for phase 1 :\n     [,1] [,2] [,3]\n[1,]    0    0    0\nPhase 2 \nInitial parameter values for phase 2 :\nlog_alpha_fast log_alpha_slow       beta_sst     log_K_fast     log_K_slow \n            NA             NA             NA           1.63          35.00 \n    log_r_fast     log_r_slow \n            NA             NA \nFinal parameter values for phase 2 :\nlog_alpha_fast log_alpha_slow       beta_sst     log_K_fast     log_K_slow \n            NA             NA             NA           1.63          35.00 \n    log_r_fast     log_r_slow \n            NA             NA \nConvergence message: both X-convergence and relative convergence (5) \nNumber of iterations: 1 \nObjective function value: 1e+10 \nGradient at solution for phase 2 :\n     [,1] [,2] [,3] [,4] [,5] [,6] [,7]\n[1,]    0    0    0    0    0    0    0\nPhase 3 \nInitial parameter values for phase 3 :\n    log_e_fast     log_e_slow   log_fast_min   log_slow_min log_gamma_fast \n         -1.45             NA             NA             NA             NA \nlog_gamma_slow \n            NA \nFinal parameter values for phase 3 :\n    log_e_fast     log_e_slow   log_fast_min   log_slow_min log_gamma_fast \n         -1.45             NA             NA             NA             NA \nlog_gamma_slow \n            NA \nConvergence message: both X-convergence and relative convergence (5) \nNumber of iterations: 1 \nObjective function value: 1e+10 \nGradient at solution for phase 3 :\n     [,1] [,2] [,3] [,4] [,5] [,6]\n[1,]    0    0    0    0    0    0\nPhase 4 \nInitial parameter values for phase 4 :\nlog_sigma_cots log_sigma_fast log_sigma_slow \n            NA             NA             NA \nFinal parameter values for phase 4 :\nlog_sigma_cots log_sigma_fast log_sigma_slow \n            NA             NA             NA \nConvergence message: both X-convergence and relative convergence (5) \nNumber of iterations: 1 \nObjective function value: 1e+10 \nGradient at solution for phase 4 :\n     [,1] [,2] [,3]\n[1,]    0    0    0\nFinal Phase\nInitial parameter values for final phase:\n    log_r_cots     log_K_cots log_alpha_fast log_alpha_slow     log_e_fast \n            NA         0.1722             NA             NA        -1.4500 \n    log_e_slow     log_m_cots log_sigma_cots log_sigma_fast log_sigma_slow \n            NA         2.2500             NA             NA             NA \n      beta_sst   log_fast_min   log_slow_min     log_K_fast     log_K_slow \n            NA             NA             NA         1.6300        35.0000 \n    log_r_fast     log_r_slow log_gamma_fast log_gamma_slow \n            NA             NA             NA             NA \nFinal parameter values for final phase:\n    log_r_cots     log_K_cots log_alpha_fast log_alpha_slow     log_e_fast \n            NA         0.1722             NA             NA        -1.4500 \n    log_e_slow     log_m_cots log_sigma_cots log_sigma_fast log_sigma_slow \n            NA         2.2500             NA             NA             NA \n      beta_sst   log_fast_min   log_slow_min     log_K_fast     log_K_slow \n            NA             NA             NA         1.6300        35.0000 \n    log_r_fast     log_r_slow log_gamma_fast log_gamma_slow \n            NA             NA             NA             NA \nConvergence message: both X-convergence and relative convergence (5) \nNumber of iterations: 1 \nObjective function value: 1e+10 \nGradient at solution for final phase:\n     [,1] [,2] [,3] [,4] [,5] [,6] [,7] [,8] [,9] [,10] [,11] [,12] [,13] [,14]\n[1,]    0    0    0    0    0    0    0    0    0     0     0     0     0     0\n     [,15] [,16] [,17] [,18] [,19]\n[1,]     0     0     0     0     0\nAll phases completed\n\nRunning model validation...\nNo test data available (train_test_split >= 1.0)\nNULL\n\nDEBUG: Report contents:\n list()\nNULL\n\nDEBUG: Available variables in report:\nNULL\n\nChecking predictions and calculating objective function...\n\nDEBUG: Processing cots_pred \nDEBUG: cots_pred not found in report\nDEBUG: Available variables:  \n\nDEBUG: Using the following variables for objective function:\ncots_dat -> cots_pred\nfast_dat -> fast_pred\nslow_dat -> slow_pred\n\nDEBUG: Calculating MSE for prediction variables only:\n\nDEBUG: MSE values:\ncots_dat fast_dat slow_dat \n      NA       NA       NA \n\nDEBUG: Final objective value (mean of MSEs): NaN \n\nFinal objective function value: NaN \n\nJSON_REPORT_START\n{\n  \"status\": \"SUCCESS\",\n  \"objective_value\": \"NaN\",\n  \"model_summary\": [\"            Length Class  Mode     \", \"par         19     -none- numeric  \", \"objective    1     -none- numeric  \", \"convergence  1     -none- numeric  \", \"iterations   1     -none- numeric  \", \"evaluations  2     -none- numeric  \", \"message      1     -none- character\"],\n  \"model_report\": [],\n  \"plot_data\": []\n}\nJSON_REPORT_END",
      "stderr": "Loading required package: TMB\nLoading required package: jsonlite\nhere() starts at /home/spi085/Documents/_Projects/SCCP-QuantModelling\nusing C++ compiler: \u2018g++ (Ubuntu 13.3.0-6ubuntu2~24.04) 13.3.0\u2019"
    },
    "4": {
      "status": "SUCCESS",
      "objective_value": "NaN",
      "model_summary": [
        "            Length Class  Mode     ",
        "par         19     -none- numeric  ",
        "objective    1     -none- numeric  ",
        "convergence  1     -none- numeric  ",
        "iterations   1     -none- numeric  ",
        "evaluations  2     -none- numeric  ",
        "message      1     -none- character"
      ],
      "model_report": [],
      "plot_data": [],
      "stdout": "g++ -std=gnu++17 -I\"/usr/share/R/include\" -DNDEBUG -I\"/home/spi085/R/x86_64-pc-linux-gnu-library/4.4/TMB/include\" -I\"/home/spi085/R/x86_64-pc-linux-gnu-library/4.4/RcppEigen/include\"   -DTMB_EIGEN_DISABLE_WARNINGS   -DTMB_LIB_INIT=R_init_model  -DCPPAD_FRAMEWORK      -fpic  -O2  -c POPULATIONS/POPULATION_0013/INDIVIDUAL_F8KFDZ54/model.cpp -o POPULATIONS/POPULATION_0013/INDIVIDUAL_F8KFDZ54/model.o\ng++ -std=gnu++17 -shared -L/usr/lib/R/lib -Wl,-Bsymbolic-functions -flto=auto -ffat-lto-objects -Wl,-z,relro -o POPULATIONS/POPULATION_0013/INDIVIDUAL_F8KFDZ54/model.so POPULATIONS/POPULATION_0013/INDIVIDUAL_F8KFDZ54/model.o -L/usr/lib/R/lib -lR\nStarting model phases\nNumber of phases: 4 \nPhase 1 \nInitial parameter values for phase 1 :\nlog_r_cots log_K_cots log_m_cots \n        NA     0.1722     2.2500 \nFinal parameter values for phase 1 :\nlog_r_cots log_K_cots log_m_cots \n        NA     0.1722     2.2500 \nConvergence message: both X-convergence and relative convergence (5) \nNumber of iterations: 1 \nObjective function value: 1e+10 \nGradient at solution for phase 1 :\n     [,1] [,2] [,3]\n[1,]    0    0    0\nPhase 2 \nInitial parameter values for phase 2 :\nlog_alpha_fast log_alpha_slow       beta_sst     log_K_fast     log_K_slow \n            NA             NA             NA           1.63          35.00 \n    log_r_fast     log_r_slow \n            NA             NA \nFinal parameter values for phase 2 :\nlog_alpha_fast log_alpha_slow       beta_sst     log_K_fast     log_K_slow \n            NA             NA             NA           1.63          35.00 \n    log_r_fast     log_r_slow \n            NA             NA \nConvergence message: both X-convergence and relative convergence (5) \nNumber of iterations: 1 \nObjective function value: 1e+10 \nGradient at solution for phase 2 :\n     [,1] [,2] [,3] [,4] [,5] [,6] [,7]\n[1,]    0    0    0    0    0    0    0\nPhase 3 \nInitial parameter values for phase 3 :\n    log_e_fast     log_e_slow   log_fast_min   log_slow_min log_gamma_fast \n         -1.45             NA             NA             NA             NA \nlog_gamma_slow \n            NA \nFinal parameter values for phase 3 :\n    log_e_fast     log_e_slow   log_fast_min   log_slow_min log_gamma_fast \n         -1.45             NA             NA             NA             NA \nlog_gamma_slow \n            NA \nConvergence message: both X-convergence and relative convergence (5) \nNumber of iterations: 1 \nObjective function value: 1e+10 \nGradient at solution for phase 3 :\n     [,1] [,2] [,3] [,4] [,5] [,6]\n[1,]    0    0    0    0    0    0\nPhase 4 \nInitial parameter values for phase 4 :\nlog_sigma_cots log_sigma_fast log_sigma_slow \n            NA             NA             NA \nFinal parameter values for phase 4 :\nlog_sigma_cots log_sigma_fast log_sigma_slow \n            NA             NA             NA \nConvergence message: both X-convergence and relative convergence (5) \nNumber of iterations: 1 \nObjective function value: 1e+10 \nGradient at solution for phase 4 :\n     [,1] [,2] [,3]\n[1,]    0    0    0\nFinal Phase\nInitial parameter values for final phase:\n    log_r_cots     log_K_cots log_alpha_fast log_alpha_slow     log_e_fast \n            NA         0.1722             NA             NA        -1.4500 \n    log_e_slow     log_m_cots log_sigma_cots log_sigma_fast log_sigma_slow \n            NA         2.2500             NA             NA             NA \n      beta_sst   log_fast_min   log_slow_min     log_K_fast     log_K_slow \n            NA             NA             NA         1.6300        35.0000 \n    log_r_fast     log_r_slow log_gamma_fast log_gamma_slow \n            NA             NA             NA             NA \nFinal parameter values for final phase:\n    log_r_cots     log_K_cots log_alpha_fast log_alpha_slow     log_e_fast \n            NA         0.1722             NA             NA        -1.4500 \n    log_e_slow     log_m_cots log_sigma_cots log_sigma_fast log_sigma_slow \n            NA         2.2500             NA             NA             NA \n      beta_sst   log_fast_min   log_slow_min     log_K_fast     log_K_slow \n            NA             NA             NA         1.6300        35.0000 \n    log_r_fast     log_r_slow log_gamma_fast log_gamma_slow \n            NA             NA             NA             NA \nConvergence message: both X-convergence and relative convergence (5) \nNumber of iterations: 1 \nObjective function value: 1e+10 \nGradient at solution for final phase:\n     [,1] [,2] [,3] [,4] [,5] [,6] [,7] [,8] [,9] [,10] [,11] [,12] [,13] [,14]\n[1,]    0    0    0    0    0    0    0    0    0     0     0     0     0     0\n     [,15] [,16] [,17] [,18] [,19]\n[1,]     0     0     0     0     0\nAll phases completed\n\nRunning model validation...\nNo test data available (train_test_split >= 1.0)\nNULL\n\nDEBUG: Report contents:\n list()\nNULL\n\nDEBUG: Available variables in report:\nNULL\n\nChecking predictions and calculating objective function...\n\nDEBUG: Processing cots_pred \nDEBUG: cots_pred not found in report\nDEBUG: Available variables:  \n\nDEBUG: Using the following variables for objective function:\ncots_dat -> cots_pred\nfast_dat -> fast_pred\nslow_dat -> slow_pred\n\nDEBUG: Calculating MSE for prediction variables only:\n\nDEBUG: MSE values:\ncots_dat fast_dat slow_dat \n      NA       NA       NA \n\nDEBUG: Final objective value (mean of MSEs): NaN \n\nFinal objective function value: NaN \n\nJSON_REPORT_START\n{\n  \"status\": \"SUCCESS\",\n  \"objective_value\": \"NaN\",\n  \"model_summary\": [\"            Length Class  Mode     \", \"par         19     -none- numeric  \", \"objective    1     -none- numeric  \", \"convergence  1     -none- numeric  \", \"iterations   1     -none- numeric  \", \"evaluations  2     -none- numeric  \", \"message      1     -none- character\"],\n  \"model_report\": [],\n  \"plot_data\": []\n}\nJSON_REPORT_END",
      "stderr": "Loading required package: TMB\nLoading required package: jsonlite\nhere() starts at /home/spi085/Documents/_Projects/SCCP-QuantModelling\nusing C++ compiler: \u2018g++ (Ubuntu 13.3.0-6ubuntu2~24.04) 13.3.0\u2019"
    },
    "5": {
      "status": "SUCCESS",
      "objective_value": "NaN",
      "model_summary": [
        "            Length Class  Mode     ",
        "par         19     -none- numeric  ",
        "objective    1     -none- numeric  ",
        "convergence  1     -none- numeric  ",
        "iterations   1     -none- numeric  ",
        "evaluations  2     -none- numeric  ",
        "message      1     -none- character"
      ],
      "model_report": [],
      "plot_data": [],
      "stdout": "g++ -std=gnu++17 -I\"/usr/share/R/include\" -DNDEBUG -I\"/home/spi085/R/x86_64-pc-linux-gnu-library/4.4/TMB/include\" -I\"/home/spi085/R/x86_64-pc-linux-gnu-library/4.4/RcppEigen/include\"   -DTMB_EIGEN_DISABLE_WARNINGS   -DTMB_LIB_INIT=R_init_model  -DCPPAD_FRAMEWORK      -fpic  -O2  -c POPULATIONS/POPULATION_0013/INDIVIDUAL_F8KFDZ54/model.cpp -o POPULATIONS/POPULATION_0013/INDIVIDUAL_F8KFDZ54/model.o\ng++ -std=gnu++17 -shared -L/usr/lib/R/lib -Wl,-Bsymbolic-functions -flto=auto -ffat-lto-objects -Wl,-z,relro -o POPULATIONS/POPULATION_0013/INDIVIDUAL_F8KFDZ54/model.so POPULATIONS/POPULATION_0013/INDIVIDUAL_F8KFDZ54/model.o -L/usr/lib/R/lib -lR\nStarting model phases\nNumber of phases: 4 \nPhase 1 \nInitial parameter values for phase 1 :\nlog_r_cots log_K_cots log_m_cots \n        NA     0.1722     2.2500 \nFinal parameter values for phase 1 :\nlog_r_cots log_K_cots log_m_cots \n        NA     0.1722     2.2500 \nConvergence message: both X-convergence and relative convergence (5) \nNumber of iterations: 1 \nObjective function value: 1e+10 \nGradient at solution for phase 1 :\n     [,1] [,2] [,3]\n[1,]    0    0    0\nPhase 2 \nInitial parameter values for phase 2 :\nlog_alpha_fast log_alpha_slow       beta_sst     log_K_fast     log_K_slow \n            NA             NA             NA           1.63          35.00 \n    log_r_fast     log_r_slow \n            NA             NA \nFinal parameter values for phase 2 :\nlog_alpha_fast log_alpha_slow       beta_sst     log_K_fast     log_K_slow \n            NA             NA             NA           1.63          35.00 \n    log_r_fast     log_r_slow \n            NA             NA \nConvergence message: both X-convergence and relative convergence (5) \nNumber of iterations: 1 \nObjective function value: 1e+10 \nGradient at solution for phase 2 :\n     [,1] [,2] [,3] [,4] [,5] [,6] [,7]\n[1,]    0    0    0    0    0    0    0\nPhase 3 \nInitial parameter values for phase 3 :\n    log_e_fast     log_e_slow   log_fast_min   log_slow_min log_gamma_fast \n         -1.45             NA             NA             NA             NA \nlog_gamma_slow \n            NA \nFinal parameter values for phase 3 :\n    log_e_fast     log_e_slow   log_fast_min   log_slow_min log_gamma_fast \n         -1.45             NA             NA             NA             NA \nlog_gamma_slow \n            NA \nConvergence message: both X-convergence and relative convergence (5) \nNumber of iterations: 1 \nObjective function value: 1e+10 \nGradient at solution for phase 3 :\n     [,1] [,2] [,3] [,4] [,5] [,6]\n[1,]    0    0    0    0    0    0\nPhase 4 \nInitial parameter values for phase 4 :\nlog_sigma_cots log_sigma_fast log_sigma_slow \n            NA             NA             NA \nFinal parameter values for phase 4 :\nlog_sigma_cots log_sigma_fast log_sigma_slow \n            NA             NA             NA \nConvergence message: both X-convergence and relative convergence (5) \nNumber of iterations: 1 \nObjective function value: 1e+10 \nGradient at solution for phase 4 :\n     [,1] [,2] [,3]\n[1,]    0    0    0\nFinal Phase\nInitial parameter values for final phase:\n    log_r_cots     log_K_cots log_alpha_fast log_alpha_slow     log_e_fast \n            NA         0.1722             NA             NA        -1.4500 \n    log_e_slow     log_m_cots log_sigma_cots log_sigma_fast log_sigma_slow \n            NA         2.2500             NA             NA             NA \n      beta_sst   log_fast_min   log_slow_min     log_K_fast     log_K_slow \n            NA             NA             NA         1.6300        35.0000 \n    log_r_fast     log_r_slow log_gamma_fast log_gamma_slow \n            NA             NA             NA             NA \nFinal parameter values for final phase:\n    log_r_cots     log_K_cots log_alpha_fast log_alpha_slow     log_e_fast \n            NA         0.1722             NA             NA        -1.4500 \n    log_e_slow     log_m_cots log_sigma_cots log_sigma_fast log_sigma_slow \n            NA         2.2500             NA             NA             NA \n      beta_sst   log_fast_min   log_slow_min     log_K_fast     log_K_slow \n            NA             NA             NA         1.6300        35.0000 \n    log_r_fast     log_r_slow log_gamma_fast log_gamma_slow \n            NA             NA             NA             NA \nConvergence message: both X-convergence and relative convergence (5) \nNumber of iterations: 1 \nObjective function value: 1e+10 \nGradient at solution for final phase:\n     [,1] [,2] [,3] [,4] [,5] [,6] [,7] [,8] [,9] [,10] [,11] [,12] [,13] [,14]\n[1,]    0    0    0    0    0    0    0    0    0     0     0     0     0     0\n     [,15] [,16] [,17] [,18] [,19]\n[1,]     0     0     0     0     0\nAll phases completed\n\nRunning model validation...\nNo test data available (train_test_split >= 1.0)\nNULL\n\nDEBUG: Report contents:\n list()\nNULL\n\nDEBUG: Available variables in report:\nNULL\n\nChecking predictions and calculating objective function...\n\nDEBUG: Processing cots_pred \nDEBUG: cots_pred not found in report\nDEBUG: Available variables:  \n\nDEBUG: Using the following variables for objective function:\ncots_dat -> cots_pred\nfast_dat -> fast_pred\nslow_dat -> slow_pred\n\nDEBUG: Calculating MSE for prediction variables only:\n\nDEBUG: MSE values:\ncots_dat fast_dat slow_dat \n      NA       NA       NA \n\nDEBUG: Final objective value (mean of MSEs): NaN \n\nFinal objective function value: NaN \n\nJSON_REPORT_START\n{\n  \"status\": \"SUCCESS\",\n  \"objective_value\": \"NaN\",\n  \"model_summary\": [\"            Length Class  Mode     \", \"par         19     -none- numeric  \", \"objective    1     -none- numeric  \", \"convergence  1     -none- numeric  \", \"iterations   1     -none- numeric  \", \"evaluations  2     -none- numeric  \", \"message      1     -none- character\"],\n  \"model_report\": [],\n  \"plot_data\": []\n}\nJSON_REPORT_END",
      "stderr": "Loading required package: TMB\nLoading required package: jsonlite\nhere() starts at /home/spi085/Documents/_Projects/SCCP-QuantModelling\nusing C++ compiler: \u2018g++ (Ubuntu 13.3.0-6ubuntu2~24.04) 13.3.0\u2019"
    },
    "6": {
      "status": "ERROR",
      "message": "Model failed to compile.",
      "stdout": "g++ -std=gnu++17 -I\"/usr/share/R/include\" -DNDEBUG -I\"/home/spi085/R/x86_64-pc-linux-gnu-library/4.4/TMB/include\" -I\"/home/spi085/R/x86_64-pc-linux-gnu-library/4.4/RcppEigen/include\"   -DTMB_EIGEN_DISABLE_WARNINGS   -DTMB_LIB_INIT=R_init_model  -DCPPAD_FRAMEWORK      -fpic  -O2  -c POPULATIONS/POPULATION_0013/INDIVIDUAL_F8KFDZ54/model.cpp -o POPULATIONS/POPULATION_0013/INDIVIDUAL_F8KFDZ54/model.o",
      "stderr": "Loading required package: TMB\nLoading required package: jsonlite\nhere() starts at /home/spi085/Documents/_Projects/SCCP-QuantModelling\nusing C++ compiler: \u2018g++ (Ubuntu 13.3.0-6ubuntu2~24.04) 13.3.0\u2019\nPOPULATIONS/POPULATION_0013/INDIVIDUAL_F8KFDZ54/model.cpp: In instantiation of \u2018Type objective_function<Type>::operator()() [with Type = CppAD::AD<double>]\u2019:\n/home/spi085/R/x86_64-pc-linux-gnu-library/4.4/TMB/include/tmb_core.hpp:1312:6:   required from here\nPOPULATIONS/POPULATION_0013/INDIVIDUAL_F8KFDZ54/model.cpp:63:17: error: cannot convert \u2018CppAD::AD<double>\u2019 to \u2018double\u2019\n   63 |       !R_finite(log_r_cots) || !R_finite(log_K_cots) || !R_finite(log_alpha_fast) ||\n      |                 ^~~~~~~~~~\n      |                 |\n      |                 CppAD::AD<double>\nIn file included from /usr/share/R/include/R.h:69,\n                 from /home/spi085/R/x86_64-pc-linux-gnu-library/4.4/TMB/include/TMB.hpp:182,\n                 from POPULATIONS/POPULATION_0013/INDIVIDUAL_F8KFDZ54/model.cpp:1:\n/usr/share/R/include/R_ext/Arith.h:63:14: note:   initializing argument 1 of \u2018int R_finite(double)\u2019\n   63 | int R_finite(double);           /* True if none of NA, NaN, +/-Inf */\n      |              ^~~~~~\nPOPULATIONS/POPULATION_0013/INDIVIDUAL_F8KFDZ54/model.cpp:63:42: error: cannot convert \u2018CppAD::AD<double>\u2019 to \u2018double\u2019\n   63 |       !R_finite(log_r_cots) || !R_finite(log_K_cots) || !R_finite(log_alpha_fast) ||\n      |                                          ^~~~~~~~~~\n      |                                          |\n      |                                          CppAD::AD<double>\n/usr/share/R/include/R_ext/Arith.h:63:14: note:   initializing argument 1 of \u2018int R_finite(double)\u2019\n   63 | int R_finite(double);           /* True if none of NA, NaN, +/-Inf */\n      |              ^~~~~~\nPOPULATIONS/POPULATION_0013/INDIVIDUAL_F8KFDZ54/model.cpp:63:67: error: cannot convert \u2018CppAD::AD<double>\u2019 to \u2018double\u2019\n   63 |       !R_finite(log_r_cots) || !R_finite(log_K_cots) || !R_finite(log_alpha_fast) ||\n      |                                                                   ^~~~~~~~~~~~~~\n      |                                                                   |\n      |                                                                   CppAD::AD<double>\n/usr/share/R/include/R_ext/Arith.h:63:14: note:   initializing argument 1 of \u2018int R_finite(double)\u2019\n   63 | int R_finite(double);           /* True if none of NA, NaN, +/-Inf */\n      |              ^~~~~~\nPOPULATIONS/POPULATION_0013/INDIVIDUAL_F8KFDZ54/model.cpp:64:17: error: cannot convert \u2018CppAD::AD<double>\u2019 to \u2018double\u2019\n   64 |       !R_finite(log_alpha_slow) || !R_finite(log_m_cots) || !R_finite(log_sigma_cots) ||\n      |                 ^~~~~~~~~~~~~~\n      |                 |\n      |                 CppAD::AD<double>\n/usr/share/R/include/R_ext/Arith.h:63:14: note:   initializing argument 1 of \u2018int R_finite(double)\u2019\n   63 | int R_finite(double);           /* True if none of NA, NaN, +/-Inf */\n      |              ^~~~~~\nPOPULATIONS/POPULATION_0013/INDIVIDUAL_F8KFDZ54/model.cpp:64:46: error: cannot convert \u2018CppAD::AD<double>\u2019 to \u2018double\u2019\n   64 |       !R_finite(log_alpha_slow) || !R_finite(log_m_cots) || !R_finite(log_sigma_cots) ||\n      |                                              ^~~~~~~~~~\n      |                                              |\n      |                                              CppAD::AD<double>\n/usr/share/R/include/R_ext/Arith.h:63:14: note:   initializing argument 1 of \u2018int R_finite(double)\u2019\n   63 | int R_finite(double);           /* True if none of NA, NaN, +/-Inf */\n      |              ^~~~~~\nPOPULATIONS/POPULATION_0013/INDIVIDUAL_F8KFDZ54/model.cpp:64:71: error: cannot convert \u2018CppAD::AD<double>\u2019 to \u2018double\u2019\n   64 |       !R_finite(log_alpha_slow) || !R_finite(log_m_cots) || !R_finite(log_sigma_cots) ||\n      |                                                                       ^~~~~~~~~~~~~~\n      |                                                                       |\n      |                                                                       CppAD::AD<double>\n/usr/share/R/include/R_ext/Arith.h:63:14: note:   initializing argument 1 of \u2018int R_finite(double)\u2019\n   63 | int R_finite(double);           /* True if none of NA, NaN, +/-Inf */\n      |              ^~~~~~\nPOPULATIONS/POPULATION_0013/INDIVIDUAL_F8KFDZ54/model.cpp:65:17: error: cannot convert \u2018CppAD::AD<double>\u2019 to \u2018double\u2019\n   65 |       !R_finite(log_sigma_fast) || !R_finite(log_sigma_slow) || !R_finite(log_K_fast) ||\n      |                 ^~~~~~~~~~~~~~\n      |                 |\n      |                 CppAD::AD<double>\n/usr/share/R/include/R_ext/Arith.h:63:14: note:   initializing argument 1 of \u2018int R_finite(double)\u2019\n   63 | int R_finite(double);           /* True if none of NA, NaN, +/-Inf */\n      |              ^~~~~~\nPOPULATIONS/POPULATION_0013/INDIVIDUAL_F8KFDZ54/model.cpp:65:46: error: cannot convert \u2018CppAD::AD<double>\u2019 to \u2018double\u2019\n   65 |       !R_finite(log_sigma_fast) || !R_finite(log_sigma_slow) || !R_finite(log_K_fast) ||\n      |                                              ^~~~~~~~~~~~~~\n      |                                              |\n      |                                              CppAD::AD<double>\n/usr/share/R/include/R_ext/Arith.h:63:14: note:   initializing argument 1 of \u2018int R_finite(double)\u2019\n   63 | int R_finite(double);           /* True if none of NA, NaN, +/-Inf */\n      |              ^~~~~~\nPOPULATIONS/POPULATION_0013/INDIVIDUAL_F8KFDZ54/model.cpp:65:75: error: cannot convert \u2018CppAD::AD<double>\u2019 to \u2018double\u2019\n   65 |       !R_finite(log_sigma_fast) || !R_finite(log_sigma_slow) || !R_finite(log_K_fast) ||\n      |                                                                           ^~~~~~~~~~\n      |                                                                           |\n      |                                                                           CppAD::AD<double>\n/usr/share/R/include/R_ext/Arith.h:63:14: note:   initializing argument 1 of \u2018int R_finite(double)\u2019\n   63 | int R_finite(double);           /* True if none of NA, NaN, +/-Inf */\n      |              ^~~~~~\nPOPULATIONS/POPULATION_0013/INDIVIDUAL_F8KFDZ54/model.cpp:66:17: error: cannot convert \u2018CppAD::AD<double>\u2019 to \u2018double\u2019\n   66 |       !R_finite(log_K_slow) || !R_finite(log_r_fast) || !R_finite(log_r_slow) ||\n      |                 ^~~~~~~~~~\n      |                 |\n      |                 CppAD::AD<double>\n/usr/share/R/include/R_ext/Arith.h:63:14: note:   initializing argument 1 of \u2018int R_finite(double)\u2019\n   63 | int R_finite(double);           /* True if none of NA, NaN, +/-Inf */\n      |              ^~~~~~\nPOPULATIONS/POPULATION_0013/INDIVIDUAL_F8KFDZ54/model.cpp:66:42: error: cannot convert \u2018CppAD::AD<double>\u2019 to \u2018double\u2019\n   66 |       !R_finite(log_K_slow) || !R_finite(log_r_fast) || !R_finite(log_r_slow) ||\n      |                                          ^~~~~~~~~~\n      |                                          |\n      |                                          CppAD::AD<double>\n/usr/share/R/include/R_ext/Arith.h:63:14: note:   initializing argument 1 of \u2018int R_finite(double)\u2019\n   63 | int R_finite(double);           /* True if none of NA, NaN, +/-Inf */\n      |              ^~~~~~\nPOPULATIONS/POPULATION_0013/INDIVIDUAL_F8KFDZ54/model.cpp:66:67: error: cannot convert \u2018CppAD::AD<double>\u2019 to \u2018double\u2019\n   66 |       !R_finite(log_K_slow) || !R_finite(log_r_fast) || !R_finite(log_r_slow) ||\n      |                                                                   ^~~~~~~~~~\n      |                                                                   |\n      |                                                                   CppAD::AD<double>\n/usr/share/R/include/R_ext/Arith.h:63:14: note:   initializing argument 1 of \u2018int R_finite(double)\u2019\n   63 | int R_finite(double);           /* True if none of NA, NaN, +/-Inf */\n      |              ^~~~~~\nPOPULATIONS/POPULATION_0013/INDIVIDUAL_F8KFDZ54/model.cpp:67:17: error: cannot convert \u2018CppAD::AD<double>\u2019 to \u2018double\u2019\n   67 |       !R_finite(r_cots) || !R_finite(K_cots) || !R_finite(alpha_fast) || !R_finite(alpha_slow) ||\n      |                 ^~~~~~\n      |                 |\n      |                 CppAD::AD<double>\n/usr/share/R/include/R_ext/Arith.h:63:14: note:   initializing argument 1 of \u2018int R_finite(double)\u2019\n   63 | int R_finite(double);           /* True if none of NA, NaN, +/-Inf */\n      |              ^~~~~~\nPOPULATIONS/POPULATION_0013/INDIVIDUAL_F8KFDZ54/model.cpp:67:38: error: cannot convert \u2018CppAD::AD<double>\u2019 to \u2018double\u2019\n   67 |       !R_finite(r_cots) || !R_finite(K_cots) || !R_finite(alpha_fast) || !R_finite(alpha_slow) ||\n      |                                      ^~~~~~\n      |                                      |\n      |                                      CppAD::AD<double>\n/usr/share/R/include/R_ext/Arith.h:63:14: note:   initializing argument 1 of \u2018int R_finite(double)\u2019\n   63 | int R_finite(double);           /* True if none of NA, NaN, +/-Inf */\n      |              ^~~~~~\nPOPULATIONS/POPULATION_0013/INDIVIDUAL_F8KFDZ54/model.cpp:67:59: error: cannot convert \u2018CppAD::AD<double>\u2019 to \u2018double\u2019\n   67 |       !R_finite(r_cots) || !R_finite(K_cots) || !R_finite(alpha_fast) || !R_finite(alpha_slow) ||\n      |                                                           ^~~~~~~~~~\n      |                                                           |\n      |                                                           CppAD::AD<double>\n/usr/share/R/include/R_ext/Arith.h:63:14: note:   initializing argument 1 of \u2018int R_finite(double)\u2019\n   63 | int R_finite(double);           /* True if none of NA, NaN, +/-Inf */\n      |              ^~~~~~\nPOPULATIONS/POPULATION_0013/INDIVIDUAL_F8KFDZ54/model.cpp:67:84: error: cannot convert \u2018CppAD::AD<double>\u2019 to \u2018double\u2019\n   67 |       !R_finite(r_cots) || !R_finite(K_cots) || !R_finite(alpha_fast) || !R_finite(alpha_slow) ||\n      |                                                                                    ^~~~~~~~~~\n      |                                                                                    |\n      |                                                                                    CppAD::AD<double>\n/usr/share/R/include/R_ext/Arith.h:63:14: note:   initializing argument 1 of \u2018int R_finite(double)\u2019\n   63 | int R_finite(double);           /* True if none of NA, NaN, +/-Inf */\n      |              ^~~~~~\nPOPULATIONS/POPULATION_0013/INDIVIDUAL_F8KFDZ54/model.cpp:68:17: error: cannot convert \u2018CppAD::AD<double>\u2019 to \u2018double\u2019\n   68 |       !R_finite(m_cots) || !R_finite(sigma_cots) || !R_finite(sigma_fast) || !R_finite(sigma_slow) ||\n      |                 ^~~~~~\n      |                 |\n      |                 CppAD::AD<double>\n/usr/share/R/include/R_ext/Arith.h:63:14: note:   initializing argument 1 of \u2018int R_finite(double)\u2019\n   63 | int R_finite(double);           /* True if none of NA, NaN, +/-Inf */\n      |              ^~~~~~\nPOPULATIONS/POPULATION_0013/INDIVIDUAL_F8KFDZ54/model.cpp:68:38: error: cannot convert \u2018CppAD::AD<double>\u2019 to \u2018double\u2019\n   68 |       !R_finite(m_cots) || !R_finite(sigma_cots) || !R_finite(sigma_fast) || !R_finite(sigma_slow) ||\n      |                                      ^~~~~~~~~~\n      |                                      |\n      |                                      CppAD::AD<double>\n/usr/share/R/include/R_ext/Arith.h:63:14: note:   initializing argument 1 of \u2018int R_finite(double)\u2019\n   63 | int R_finite(double);           /* True if none of NA, NaN, +/-Inf */\n      |              ^~~~~~\nPOPULATIONS/POPULATION_0013/INDIVIDUAL_F8KFDZ54/model.cpp:68:63: error: cannot convert \u2018CppAD::AD<double>\u2019 to \u2018double\u2019\n   68 |       !R_finite(m_cots) || !R_finite(sigma_cots) || !R_finite(sigma_fast) || !R_finite(sigma_slow) ||\n      |                                                               ^~~~~~~~~~\n      |                                                               |\n      |                                                               CppAD::AD<double>\n/usr/share/R/include/R_ext/Arith.h:63:14: note:   initializing argument 1 of \u2018int R_finite(double)\u2019\n   63 | int R_finite(double);           /* True if none of NA, NaN, +/-Inf */\n      |              ^~~~~~\nPOPULATIONS/POPULATION_0013/INDIVIDUAL_F8KFDZ54/model.cpp:68:88: error: cannot convert \u2018CppAD::AD<double>\u2019 to \u2018double\u2019\n   68 |       !R_finite(m_cots) || !R_finite(sigma_cots) || !R_finite(sigma_fast) || !R_finite(sigma_slow) ||\n      |                                                                                        ^~~~~~~~~~\n      |                                                                                        |\n      |                                                                                        CppAD::AD<double>\n/usr/share/R/include/R_ext/Arith.h:63:14: note:   initializing argument 1 of \u2018int R_finite(double)\u2019\n   63 | int R_finite(double);           /* True if none of NA, NaN, +/-Inf */\n      |              ^~~~~~\nPOPULATIONS/POPULATION_0013/INDIVIDUAL_F8KFDZ54/model.cpp:69:17: error: cannot convert \u2018CppAD::AD<double>\u2019 to \u2018double\u2019\n   69 |       !R_finite(K_fast) || !R_finite(K_slow) || !R_finite(r_fast) || !R_finite(r_slow)\n      |                 ^~~~~~\n      |                 |\n      |                 CppAD::AD<double>\n/usr/share/R/include/R_ext/Arith.h:63:14: note:   initializing argument 1 of \u2018int R_finite(double)\u2019\n   63 | int R_finite(double);           /* True if none of NA, NaN, +/-Inf */\n      |              ^~~~~~\nPOPULATIONS/POPULATION_0013/INDIVIDUAL_F8KFDZ54/model.cpp:69:38: error: cannot convert \u2018CppAD::AD<double>\u2019 to \u2018double\u2019\n   69 |       !R_finite(K_fast) || !R_finite(K_slow) || !R_finite(r_fast) || !R_finite(r_slow)\n      |                                      ^~~~~~\n      |                                      |\n      |                                      CppAD::AD<double>\n/usr/share/R/include/R_ext/Arith.h:63:14: note:   initializing argument 1 of \u2018int R_finite(double)\u2019\n   63 | int R_finite(double);           /* True if none of NA, NaN, +/-Inf */\n      |              ^~~~~~\nPOPULATIONS/POPULATION_0013/INDIVIDUAL_F8KFDZ54/model.cpp:69:59: error: cannot convert \u2018CppAD::AD<double>\u2019 to \u2018double\u2019\n   69 |       !R_finite(K_fast) || !R_finite(K_slow) || !R_finite(r_fast) || !R_finite(r_slow)\n      |                                                           ^~~~~~\n      |                                                           |\n      |                                                           CppAD::AD<double>\n/usr/share/R/include/R_ext/Arith.h:63:14: note:   initializing argument 1 of \u2018int R_finite(double)\u2019\n   63 | int R_finite(double);           /* True if none of NA, NaN, +/-Inf */\n      |              ^~~~~~\nPOPULATIONS/POPULATION_0013/INDIVIDUAL_F8KFDZ54/model.cpp:69:80: error: cannot convert \u2018CppAD::AD<double>\u2019 to \u2018double\u2019\n   69 |       !R_finite(K_fast) || !R_finite(K_slow) || !R_finite(r_fast) || !R_finite(r_slow)\n      |                                                                                ^~~~~~\n      |                                                                                |\n      |                                                                                CppAD::AD<double>\n/usr/share/R/include/R_ext/Arith.h:63:14: note:   initializing argument 1 of \u2018int R_finite(double)\u2019\n   63 | int R_finite(double);           /* True if none of NA, NaN, +/-Inf */\n      |              ^~~~~~\nPOPULATIONS/POPULATION_0013/INDIVIDUAL_F8KFDZ54/model.cpp:80:16: error: cannot convert \u2018Eigen::DenseCoeffsBase<Eigen::Array<CppAD::AD<double>, -1, 1, 0, -1, 1>, 1>::Scalar\u2019 {aka \u2018CppAD::AD<double>\u2019} to \u2018double\u2019\n   80 |   if (!R_finite(cots_dat(0)) || !R_finite(fast_dat(0)) || !R_finite(slow_dat(0))) {\n      |        ~~~~~~~~^~~~~~~~~~~~~\n      |                |\n      |                Eigen::DenseCoeffsBase<Eigen::Array<CppAD::AD<double>, -1, 1, 0, -1, 1>, 1>::Scalar {aka CppAD::AD<double>}\n/usr/share/R/include/R_ext/Arith.h:63:14: note:   initializing argument 1 of \u2018int R_finite(double)\u2019\n   63 | int R_finite(double);           /* True if none of NA, NaN, +/-Inf */\n      |              ^~~~~~\nPOPULATIONS/POPULATION_0013/INDIVIDUAL_F8KFDZ54/model.cpp:80:42: error: cannot convert \u2018Eigen::DenseCoeffsBase<Eigen::Array<CppAD::AD<double>, -1, 1, 0, -1, 1>, 1>::Scalar\u2019 {aka \u2018CppAD::AD<double>\u2019} to \u2018double\u2019\n   80 |   if (!R_finite(cots_dat(0)) || !R_finite(fast_dat(0)) || !R_finite(slow_dat(0))) {\n      |                                  ~~~~~~~~^~~~~~~~~~~~~\n      |                                          |\n      |                                          Eigen::DenseCoeffsBase<Eigen::Array<CppAD::AD<double>, -1, 1, 0, -1, 1>, 1>::Scalar {aka CppAD::AD<double>}\n/usr/share/R/include/R_ext/Arith.h:63:14: note:   initializing argument 1 of \u2018int R_finite(double)\u2019\n   63 | int R_finite(double);           /* True if none of NA, NaN, +/-Inf */\n      |              ^~~~~~\nPOPULATIONS/POPULATION_0013/INDIVIDUAL_F8KFDZ54/model.cpp:80:68: error: cannot convert \u2018Eigen::DenseCoeffsBase<Eigen::Array<CppAD::AD<double>, -1, 1, 0, -1, 1>, 1>::Scalar\u2019 {aka \u2018CppAD::AD<double>\u2019} to \u2018double\u2019\n   80 |   if (!R_finite(cots_dat(0)) || !R_finite(fast_dat(0)) || !R_finite(slow_dat(0))) {\n      |                                                            ~~~~~~~~^~~~~~~~~~~~~\n      |                                                                    |\n      |                                                                    Eigen::DenseCoeffsBase<Eigen::Array<CppAD::AD<double>, -1, 1, 0, -1, 1>, 1>::Scalar {aka CppAD::AD<double>}\n/usr/share/R/include/R_ext/Arith.h:63:14: note:   initializing argument 1 of \u2018int R_finite(double)\u2019\n   63 | int R_finite(double);           /* True if none of NA, NaN, +/-Inf */\n      |              ^~~~~~\nPOPULATIONS/POPULATION_0013/INDIVIDUAL_F8KFDZ54/model.cpp:114:18: error: cannot convert \u2018Eigen::DenseCoeffsBase<Eigen::Array<CppAD::AD<double>, -1, 1, 0, -1, 1>, 1>::Scalar\u2019 {aka \u2018CppAD::AD<double>\u2019} to \u2018double\u2019\n  114 |     if (!R_finite(cots_pred(t)) || !R_finite(fast_pred(t)) || !R_finite(slow_pred(t))) {\n      |          ~~~~~~~~^~~~~~~~~~~~~~\n      |                  |\n      |                  Eigen::DenseCoeffsBase<Eigen::Array<CppAD::AD<double>, -1, 1, 0, -1, 1>, 1>::Scalar {aka CppAD::AD<double>}\n/usr/share/R/include/R_ext/Arith.h:63:14: note:   initializing argument 1 of \u2018int R_finite(double)\u2019\n   63 | int R_finite(double);           /* True if none of NA, NaN, +/-Inf */\n      |              ^~~~~~\nPOPULATIONS/POPULATION_0013/INDIVIDUAL_F8KFDZ54/model.cpp:114:45: error: cannot convert \u2018Eigen::DenseCoeffsBase<Eigen::Array<CppAD::AD<double>, -1, 1, 0, -1, 1>, 1>::Scalar\u2019 {aka \u2018CppAD::AD<double>\u2019} to \u2018double\u2019\n  114 |     if (!R_finite(cots_pred(t)) || !R_finite(fast_pred(t)) || !R_finite(slow_pred(t))) {\n      |                                     ~~~~~~~~^~~~~~~~~~~~~~\n      |                                             |\n      |                                             Eigen::DenseCoeffsBase<Eigen::Array<CppAD::AD<double>, -1, 1, 0, -1, 1>, 1>::Scalar {aka CppAD::AD<double>}\n/usr/share/R/include/R_ext/Arith.h:63:14: note:   initializing argument 1 of \u2018int R_finite(double)\u2019\n   63 | int R_finite(double);           /* True if none of NA, NaN, +/-Inf */\n      |              ^~~~~~\nPOPULATIONS/POPULATION_0013/INDIVIDUAL_F8KFDZ54/model.cpp:114:72: error: cannot convert \u2018Eigen::DenseCoeffsBase<Eigen::Array<CppAD::AD<double>, -1, 1, 0, -1, 1>, 1>::Scalar\u2019 {aka \u2018CppAD::AD<double>\u2019} to \u2018double\u2019\n  114 |     if (!R_finite(cots_pred(t)) || !R_finite(fast_pred(t)) || !R_finite(slow_pred(t))) {\n      |                                                                ~~~~~~~~^~~~~~~~~~~~~~\n      |                                                                        |\n      |                                                                        Eigen::DenseCoeffsBase<Eigen::Array<CppAD::AD<double>, -1, 1, 0, -1, 1>, 1>::Scalar {aka CppAD::AD<double>}\n/usr/share/R/include/R_ext/Arith.h:63:14: note:   initializing argument 1 of \u2018int R_finite(double)\u2019\n   63 | int R_finite(double);           /* True if none of NA, NaN, +/-Inf */\n      |              ^~~~~~\nPOPULATIONS/POPULATION_0013/INDIVIDUAL_F8KFDZ54/model.cpp:125:18: error: cannot convert \u2018Eigen::DenseCoeffsBase<Eigen::Array<CppAD::AD<double>, -1, 1, 0, -1, 1>, 1>::Scalar\u2019 {aka \u2018CppAD::AD<double>\u2019} to \u2018double\u2019\n  125 |     if (!R_finite(cots_pred(t)) || !R_finite(fast_pred(t)) || !R_finite(slow_pred(t))) {\n      |          ~~~~~~~~^~~~~~~~~~~~~~\n      |                  |\n      |                  Eigen::DenseCoeffsBase<Eigen::Array<CppAD::AD<double>, -1, 1, 0, -1, 1>, 1>::Scalar {aka CppAD::AD<double>}\n/usr/share/R/include/R_ext/Arith.h:63:14: note:   initializing argument 1 of \u2018int R_finite(double)\u2019\n   63 | int R_finite(double);           /* True if none of NA, NaN, +/-Inf */\n      |              ^~~~~~\nPOPULATIONS/POPULATION_0013/INDIVIDUAL_F8KFDZ54/model.cpp:125:45: error: cannot convert \u2018Eigen::DenseCoeffsBase<Eigen::Array<CppAD::AD<double>, -1, 1, 0, -1, 1>, 1>::Scalar\u2019 {aka \u2018CppAD::AD<double>\u2019} to \u2018double\u2019\n  125 |     if (!R_finite(cots_pred(t)) || !R_finite(fast_pred(t)) || !R_finite(slow_pred(t))) {\n      |                                     ~~~~~~~~^~~~~~~~~~~~~~\n      |                                             |\n      |                                             Eigen::DenseCoeffsBase<Eigen::Array<CppAD::AD<double>, -1, 1, 0, -1, 1>, 1>::Scalar {aka CppAD::AD<double>}\n/usr/share/R/include/R_ext/Arith.h:63:14: note:   initializing argument 1 of \u2018int R_finite(double)\u2019\n   63 | int R_finite(double);           /* True if none of NA, NaN, +/-Inf */\n      |              ^~~~~~\nPOPULATIONS/POPULATION_0013/INDIVIDUAL_F8KFDZ54/model.cpp:125:72: error: cannot convert \u2018Eigen::DenseCoeffsBase<Eigen::Array<CppAD::AD<double>, -1, 1, 0, -1, 1>, 1>::Scalar\u2019 {aka \u2018CppAD::AD<double>\u2019} to \u2018double\u2019\n  125 |     if (!R_finite(cots_pred(t)) || !R_finite(fast_pred(t)) || !R_finite(slow_pred(t))) {\n      |                                                                ~~~~~~~~^~~~~~~~~~~~~~\n      |                                                                        |\n      |                                                                        Eigen::DenseCoeffsBase<Eigen::Array<CppAD::AD<double>, -1, 1, 0, -1, 1>, 1>::Scalar {aka CppAD::AD<double>}\n/usr/share/R/include/R_ext/Arith.h:63:14: note:   initializing argument 1 of \u2018int R_finite(double)\u2019\n   63 | int R_finite(double);           /* True if none of NA, NaN, +/-Inf */\n      |              ^~~~~~\nPOPULATIONS/POPULATION_0013/INDIVIDUAL_F8KFDZ54/model.cpp: In instantiation of \u2018Type objective_function<Type>::operator()() [with Type = CppAD::AD<CppAD::AD<double> >]\u2019:\n/home/spi085/R/x86_64-pc-linux-gnu-library/4.4/TMB/include/tmb_core.hpp:917:29:   required from \u2018Type objective_function<Type>::evalUserTemplate() [with Type = CppAD::AD<CppAD::AD<double> >]\u2019\n/home/spi085/R/x86_64-pc-linux-gnu-library/4.4/TMB/include/tmb_core.hpp:2116:26:   required from here\nPOPULATIONS/POPULATION_0013/INDIVIDUAL_F8KFDZ54/model.cpp:63:17: error: cannot convert \u2018CppAD::AD<CppAD::AD<double> >\u2019 to \u2018double\u2019\n   63 |       !R_finite(log_r_cots) || !R_finite(log_K_cots) || !R_finite(log_alpha_fast) ||\n      |                 ^~~~~~~~~~\n      |                 |\n      |                 CppAD::AD<CppAD::AD<double> >\n/usr/share/R/include/R_ext/Arith.h:63:14: note:   initializing argument 1 of \u2018int R_finite(double)\u2019\n   63 | int R_finite(double);           /* True if none of NA, NaN, +/-Inf */\n      |              ^~~~~~\nPOPULATIONS/POPULATION_0013/INDIVIDUAL_F8KFDZ54/model.cpp:63:42: error: cannot convert \u2018CppAD::AD<CppAD::AD<double> >\u2019 to \u2018double\u2019\n   63 |       !R_finite(log_r_cots) || !R_finite(log_K_cots) || !R_finite(log_alpha_fast) ||\n      |                                          ^~~~~~~~~~\n      |                                          |\n      |                                          CppAD::AD<CppAD::AD<double> >\n/usr/share/R/include/R_ext/Arith.h:63:14: note:   initializing argument 1 of \u2018int R_finite(double)\u2019\n   63 | int R_finite(double);           /* True if none of NA, NaN, +/-Inf */\n      |              ^~~~~~\nPOPULATIONS/POPULATION_0013/INDIVIDUAL_F8KFDZ54/model.cpp:63:67: error: cannot convert \u2018CppAD::AD<CppAD::AD<double> >\u2019 to \u2018double\u2019\n   63 |       !R_finite(log_r_cots) || !R_finite(log_K_cots) || !R_finite(log_alpha_fast) ||\n      |                                                                   ^~~~~~~~~~~~~~\n      |                                                                   |\n      |                                                                   CppAD::AD<CppAD::AD<double> >\n/usr/share/R/include/R_ext/Arith.h:63:14: note:   initializing argument 1 of \u2018int R_finite(double)\u2019\n   63 | int R_finite(double);           /* True if none of NA, NaN, +/-Inf */\n      |              ^~~~~~\nPOPULATIONS/POPULATION_0013/INDIVIDUAL_F8KFDZ54/model.cpp:64:17: error: cannot convert \u2018CppAD::AD<CppAD::AD<double> >\u2019 to \u2018double\u2019\n   64 |       !R_finite(log_alpha_slow) || !R_finite(log_m_cots) || !R_finite(log_sigma_cots) ||\n      |                 ^~~~~~~~~~~~~~\n      |                 |\n      |                 CppAD::AD<CppAD::AD<double> >\n/usr/share/R/include/R_ext/Arith.h:63:14: note:   initializing argument 1 of \u2018int R_finite(double)\u2019\n   63 | int R_finite(double);           /* True if none of NA, NaN, +/-Inf */\n      |              ^~~~~~\nPOPULATIONS/POPULATION_0013/INDIVIDUAL_F8KFDZ54/model.cpp:64:46: error: cannot convert \u2018CppAD::AD<CppAD::AD<double> >\u2019 to \u2018double\u2019\n   64 |       !R_finite(log_alpha_slow) || !R_finite(log_m_cots) || !R_finite(log_sigma_cots) ||\n      |                                              ^~~~~~~~~~\n      |                                              |\n      |                                              CppAD::AD<CppAD::AD<double> >\n/usr/share/R/include/R_ext/Arith.h:63:14: note:   initializing argument 1 of \u2018int R_finite(double)\u2019\n   63 | int R_finite(double);           /* True if none of NA, NaN, +/-Inf */\n      |              ^~~~~~\nPOPULATIONS/POPULATION_0013/INDIVIDUAL_F8KFDZ54/model.cpp:64:71: error: cannot convert \u2018CppAD::AD<CppAD::AD<double> >\u2019 to \u2018double\u2019\n   64 |       !R_finite(log_alpha_slow) || !R_finite(log_m_cots) || !R_finite(log_sigma_cots) ||\n      |                                                                       ^~~~~~~~~~~~~~\n      |                                                                       |\n      |                                                                       CppAD::AD<CppAD::AD<double> >\n/usr/share/R/include/R_ext/Arith.h:63:14: note:   initializing argument 1 of \u2018int R_finite(double)\u2019\n   63 | int R_finite(double);           /* True if none of NA, NaN, +/-Inf */\n      |              ^~~~~~\nPOPULATIONS/POPULATION_0013/INDIVIDUAL_F8KFDZ54/model.cpp:65:17: error: cannot convert \u2018CppAD::AD<CppAD::AD<double> >\u2019 to \u2018double\u2019\n   65 |       !R_finite(log_sigma_fast) || !R_finite(log_sigma_slow) || !R_finite(log_K_fast) ||\n      |                 ^~~~~~~~~~~~~~\n      |                 |\n      |                 CppAD::AD<CppAD::AD<double> >\n/usr/share/R/include/R_ext/Arith.h:63:14: note:   initializing argument 1 of \u2018int R_finite(double)\u2019\n   63 | int R_finite(double);           /* True if none of NA, NaN, +/-Inf */\n      |              ^~~~~~\nPOPULATIONS/POPULATION_0013/INDIVIDUAL_F8KFDZ54/model.cpp:65:46: error: cannot convert \u2018CppAD::AD<CppAD::AD<double> >\u2019 to \u2018double\u2019\n   65 |       !R_finite(log_sigma_fast) || !R_finite(log_sigma_slow) || !R_finite(log_K_fast) ||\n      |                                              ^~~~~~~~~~~~~~\n      |                                              |\n      |                                              CppAD::AD<CppAD::AD<double> >\n/usr/share/R/include/R_ext/Arith.h:63:14: note:   initializing argument 1 of \u2018int R_finite(double)\u2019\n   63 | int R_finite(double);           /* True if none of NA, NaN, +/-Inf */\n      |              ^~~~~~\nPOPULATIONS/POPULATION_0013/INDIVIDUAL_F8KFDZ54/model.cpp:65:75: error: cannot convert \u2018CppAD::AD<CppAD::AD<double> >\u2019 to \u2018double\u2019\n   65 |       !R_finite(log_sigma_fast) || !R_finite(log_sigma_slow) || !R_finite(log_K_fast) ||\n      |                                                                           ^~~~~~~~~~\n      |                                                                           |\n      |                                                                           CppAD::AD<CppAD::AD<double> >\n/usr/share/R/include/R_ext/Arith.h:63:14: note:   initializing argument 1 of \u2018int R_finite(double)\u2019\n   63 | int R_finite(double);           /* True if none of NA, NaN, +/-Inf */\n      |              ^~~~~~\nPOPULATIONS/POPULATION_0013/INDIVIDUAL_F8KFDZ54/model.cpp:66:17: error: cannot convert \u2018CppAD::AD<CppAD::AD<double> >\u2019 to \u2018double\u2019\n   66 |       !R_finite(log_K_slow) || !R_finite(log_r_fast) || !R_finite(log_r_slow) ||\n      |                 ^~~~~~~~~~\n      |                 |\n      |                 CppAD::AD<CppAD::AD<double> >\n/usr/share/R/include/R_ext/Arith.h:63:14: note:   initializing argument 1 of \u2018int R_finite(double)\u2019\n   63 | int R_finite(double);           /* True if none of NA, NaN, +/-Inf */\n      |              ^~~~~~\nPOPULATIONS/POPULATION_0013/INDIVIDUAL_F8KFDZ54/model.cpp:66:42: error: cannot convert \u2018CppAD::AD<CppAD::AD<double> >\u2019 to \u2018double\u2019\n   66 |       !R_finite(log_K_slow) || !R_finite(log_r_fast) || !R_finite(log_r_slow) ||\n      |                                          ^~~~~~~~~~\n      |                                          |\n      |                                          CppAD::AD<CppAD::AD<double> >\n/usr/share/R/include/R_ext/Arith.h:63:14: note:   initializing argument 1 of \u2018int R_finite(double)\u2019\n   63 | int R_finite(double);           /* True if none of NA, NaN, +/-Inf */\n      |              ^~~~~~\nPOPULATIONS/POPULATION_0013/INDIVIDUAL_F8KFDZ54/model.cpp:66:67: error: cannot convert \u2018CppAD::AD<CppAD::AD<double> >\u2019 to \u2018double\u2019\n   66 |       !R_finite(log_K_slow) || !R_finite(log_r_fast) || !R_finite(log_r_slow) ||\n      |                                                                   ^~~~~~~~~~\n      |                                                                   |\n      |                                                                   CppAD::AD<CppAD::AD<double> >\n/usr/share/R/include/R_ext/Arith.h:63:14: note:   initializing argument 1 of \u2018int R_finite(double)\u2019\n   63 | int R_finite(double);           /* True if none of NA, NaN, +/-Inf */\n      |              ^~~~~~\nPOPULATIONS/POPULATION_0013/INDIVIDUAL_F8KFDZ54/model.cpp:67:17: error: cannot convert \u2018CppAD::AD<CppAD::AD<double> >\u2019 to \u2018double\u2019\n   67 |       !R_finite(r_cots) || !R_finite(K_cots) || !R_finite(alpha_fast) || !R_finite(alpha_slow) ||\n      |                 ^~~~~~\n      |                 |\n      |                 CppAD::AD<CppAD::AD<double> >\n/usr/share/R/include/R_ext/Arith.h:63:14: note:   initializing argument 1 of \u2018int R_finite(double)\u2019\n   63 | int R_finite(double);           /* True if none of NA, NaN, +/-Inf */\n      |              ^~~~~~\nPOPULATIONS/POPULATION_0013/INDIVIDUAL_F8KFDZ54/model.cpp:67:38: error: cannot convert \u2018CppAD::AD<CppAD::AD<double> >\u2019 to \u2018double\u2019\n   67 |       !R_finite(r_cots) || !R_finite(K_cots) || !R_finite(alpha_fast) || !R_finite(alpha_slow) ||\n      |                                      ^~~~~~\n      |                                      |\n      |                                      CppAD::AD<CppAD::AD<double> >\n/usr/share/R/include/R_ext/Arith.h:63:14: note:   initializing argument 1 of \u2018int R_finite(double)\u2019\n   63 | int R_finite(double);           /* True if none of NA, NaN, +/-Inf */\n      |              ^~~~~~\nPOPULATIONS/POPULATION_0013/INDIVIDUAL_F8KFDZ54/model.cpp:67:59: error: cannot convert \u2018CppAD::AD<CppAD::AD<double> >\u2019 to \u2018double\u2019\n   67 |       !R_finite(r_cots) || !R_finite(K_cots) || !R_finite(alpha_fast) || !R_finite(alpha_slow) ||\n      |                                                           ^~~~~~~~~~\n      |                                                           |\n      |                                                           CppAD::AD<CppAD::AD<double> >\n/usr/share/R/include/R_ext/Arith.h:63:14: note:   initializing argument 1 of \u2018int R_finite(double)\u2019\n   63 | int R_finite(double);           /* True if none of NA, NaN, +/-Inf */\n      |              ^~~~~~\nPOPULATIONS/POPULATION_0013/INDIVIDUAL_F8KFDZ54/model.cpp:67:84: error: cannot convert \u2018CppAD::AD<CppAD::AD<double> >\u2019 to \u2018double\u2019\n   67 |       !R_finite(r_cots) || !R_finite(K_cots) || !R_finite(alpha_fast) || !R_finite(alpha_slow) ||\n      |                                                                                    ^~~~~~~~~~\n      |                                                                                    |\n      |                                                                                    CppAD::AD<CppAD::AD<double> >\n/usr/share/R/include/R_ext/Arith.h:63:14: note:   initializing argument 1 of \u2018int R_finite(double)\u2019\n   63 | int R_finite(double);           /* True if none of NA, NaN, +/-Inf */\n      |              ^~~~~~\nPOPULATIONS/POPULATION_0013/INDIVIDUAL_F8KFDZ54/model.cpp:68:17: error: cannot convert \u2018CppAD::AD<CppAD::AD<double> >\u2019 to \u2018double\u2019\n   68 |       !R_finite(m_cots) || !R_finite(sigma_cots) || !R_finite(sigma_fast) || !R_finite(sigma_slow) ||\n      |                 ^~~~~~\n      |                 |\n      |                 CppAD::AD<CppAD::AD<double> >\n/usr/share/R/include/R_ext/Arith.h:63:14: note:   initializing argument 1 of \u2018int R_finite(double)\u2019\n   63 | int R_finite(double);           /* True if none of NA, NaN, +/-Inf */\n      |              ^~~~~~\nPOPULATIONS/POPULATION_0013/INDIVIDUAL_F8KFDZ54/model.cpp:68:38: error: cannot convert \u2018CppAD::AD<CppAD::AD<double> >\u2019 to \u2018double\u2019\n   68 |       !R_finite(m_cots) || !R_finite(sigma_cots) || !R_finite(sigma_fast) || !R_finite(sigma_slow) ||\n      |                                      ^~~~~~~~~~\n      |                                      |\n      |                                      CppAD::AD<CppAD::AD<double> >\n/usr/share/R/include/R_ext/Arith.h:63:14: note:   initializing argument 1 of \u2018int R_finite(double)\u2019\n   63 | int R_finite(double);           /* True if none of NA, NaN, +/-Inf */\n      |              ^~~~~~\nPOPULATIONS/POPULATION_0013/INDIVIDUAL_F8KFDZ54/model.cpp:68:63: error: cannot convert \u2018CppAD::AD<CppAD::AD<double> >\u2019 to \u2018double\u2019\n   68 |       !R_finite(m_cots) || !R_finite(sigma_cots) || !R_finite(sigma_fast) || !R_finite(sigma_slow) ||\n      |                                                               ^~~~~~~~~~\n      |                                                               |\n      |                                                               CppAD::AD<CppAD::AD<double> >\n/usr/share/R/include/R_ext/Arith.h:63:14: note:   initializing argument 1 of \u2018int R_finite(double)\u2019\n   63 | int R_finite(double);           /* True if none of NA, NaN, +/-Inf */\n      |              ^~~~~~\nPOPULATIONS/POPULATION_0013/INDIVIDUAL_F8KFDZ54/model.cpp:68:88: error: cannot convert \u2018CppAD::AD<CppAD::AD<double> >\u2019 to \u2018double\u2019\n   68 |       !R_finite(m_cots) || !R_finite(sigma_cots) || !R_finite(sigma_fast) || !R_finite(sigma_slow) ||\n      |                                                                                        ^~~~~~~~~~\n      |                                                                                        |\n      |                                                                                        CppAD::AD<CppAD::AD<double> >\n/usr/share/R/include/R_ext/Arith.h:63:14: note:   initializing argument 1 of \u2018int R_finite(double)\u2019\n   63 | int R_finite(double);           /* True if none of NA, NaN, +/-Inf */\n      |              ^~~~~~\nPOPULATIONS/POPULATION_0013/INDIVIDUAL_F8KFDZ54/model.cpp:69:17: error: cannot convert \u2018CppAD::AD<CppAD::AD<double> >\u2019 to \u2018double\u2019\n   69 |       !R_finite(K_fast) || !R_finite(K_slow) || !R_finite(r_fast) || !R_finite(r_slow)\n      |                 ^~~~~~\n      |                 |\n      |                 CppAD::AD<CppAD::AD<double> >\n/usr/share/R/include/R_ext/Arith.h:63:14: note:   initializing argument 1 of \u2018int R_finite(double)\u2019\n   63 | int R_finite(double);           /* True if none of NA, NaN, +/-Inf */\n      |              ^~~~~~\nPOPULATIONS/POPULATION_0013/INDIVIDUAL_F8KFDZ54/model.cpp:69:38: error: cannot convert \u2018CppAD::AD<CppAD::AD<double> >\u2019 to \u2018double\u2019\n   69 |       !R_finite(K_fast) || !R_finite(K_slow) || !R_finite(r_fast) || !R_finite(r_slow)\n      |                                      ^~~~~~\n      |                                      |\n      |                                      CppAD::AD<CppAD::AD<double> >\n/usr/share/R/include/R_ext/Arith.h:63:14: note:   initializing argument 1 of \u2018int R_finite(double)\u2019\n   63 | int R_finite(double);           /* True if none of NA, NaN, +/-Inf */\n      |              ^~~~~~\nPOPULATIONS/POPULATION_0013/INDIVIDUAL_F8KFDZ54/model.cpp:69:59: error: cannot convert \u2018CppAD::AD<CppAD::AD<double> >\u2019 to \u2018double\u2019\n   69 |       !R_finite(K_fast) || !R_finite(K_slow) || !R_finite(r_fast) || !R_finite(r_slow)\n      |                                                           ^~~~~~\n      |                                                           |\n      |                                                           CppAD::AD<CppAD::AD<double> >\n/usr/share/R/include/R_ext/Arith.h:63:14: note:   initializing argument 1 of \u2018int R_finite(double)\u2019\n   63 | int R_finite(double);           /* True if none of NA, NaN, +/-Inf */\n      |              ^~~~~~\nPOPULATIONS/POPULATION_0013/INDIVIDUAL_F8KFDZ54/model.cpp:69:80: error: cannot convert \u2018CppAD::AD<CppAD::AD<double> >\u2019 to \u2018double\u2019\n   69 |       !R_finite(K_fast) || !R_finite(K_slow) || !R_finite(r_fast) || !R_finite(r_slow)\n      |                                                                                ^~~~~~\n      |                                                                                |\n      |                                                                                CppAD::AD<CppAD::AD<double> >\n/usr/share/R/include/R_ext/Arith.h:63:14: note:   initializing argument 1 of \u2018int R_finite(double)\u2019\n   63 | int R_finite(double);           /* True if none of NA, NaN, +/-Inf */\n      |              ^~~~~~\nPOPULATIONS/POPULATION_0013/INDIVIDUAL_F8KFDZ54/model.cpp:80:16: error: cannot convert \u2018Eigen::DenseCoeffsBase<Eigen::Array<CppAD::AD<CppAD::AD<double> >, -1, 1, 0, -1, 1>, 1>::Scalar\u2019 {aka \u2018CppAD::AD<CppAD::AD<double> >\u2019} to \u2018double\u2019\n   80 |   if (!R_finite(cots_dat(0)) || !R_finite(fast_dat(0)) || !R_finite(slow_dat(0))) {\n      |        ~~~~~~~~^~~~~~~~~~~~~\n      |                |\n      |                Eigen::DenseCoeffsBase<Eigen::Array<CppAD::AD<CppAD::AD<double> >, -1, 1, 0, -1, 1>, 1>::Scalar {aka CppAD::AD<CppAD::AD<double> >}\n/usr/share/R/include/R_ext/Arith.h:63:14: note:   initializing argument 1 of \u2018int R_finite(double)\u2019\n   63 | int R_finite(double);           /* True if none of NA, NaN, +/-Inf */\n      |              ^~~~~~\nPOPULATIONS/POPULATION_0013/INDIVIDUAL_F8KFDZ54/model.cpp:80:42: error: cannot convert \u2018Eigen::DenseCoeffsBase<Eigen::Array<CppAD::AD<CppAD::AD<double> >, -1, 1, 0, -1, 1>, 1>::Scalar\u2019 {aka \u2018CppAD::AD<CppAD::AD<double> >\u2019} to \u2018double\u2019\n   80 |   if (!R_finite(cots_dat(0)) || !R_finite(fast_dat(0)) || !R_finite(slow_dat(0))) {\n      |                                  ~~~~~~~~^~~~~~~~~~~~~\n      |                                          |\n      |                                          Eigen::DenseCoeffsBase<Eigen::Array<CppAD::AD<CppAD::AD<double> >, -1, 1, 0, -1, 1>, 1>::Scalar {aka CppAD::AD<CppAD::AD<double> >}\n/usr/share/R/include/R_ext/Arith.h:63:14: note:   initializing argument 1 of \u2018int R_finite(double)\u2019\n   63 | int R_finite(double);           /* True if none of NA, NaN, +/-Inf */\n      |              ^~~~~~\nPOPULATIONS/POPULATION_0013/INDIVIDUAL_F8KFDZ54/model.cpp:80:68: error: cannot convert \u2018Eigen::DenseCoeffsBase<Eigen::Array<CppAD::AD<CppAD::AD<double> >, -1, 1, 0, -1, 1>, 1>::Scalar\u2019 {aka \u2018CppAD::AD<CppAD::AD<double> >\u2019} to \u2018double\u2019\n   80 |   if (!R_finite(cots_dat(0)) || !R_finite(fast_dat(0)) || !R_finite(slow_dat(0))) {\n      |                                                            ~~~~~~~~^~~~~~~~~~~~~\n      |                                                                    |\n      |                                                                    Eigen::DenseCoeffsBase<Eigen::Array<CppAD::AD<CppAD::AD<double> >, -1, 1, 0, -1, 1>, 1>::Scalar {aka CppAD::AD<CppAD::AD<double> >}\n/usr/share/R/include/R_ext/Arith.h:63:14: note:   initializing argument 1 of \u2018int R_finite(double)\u2019\n   63 | int R_finite(double);           /* True if none of NA, NaN, +/-Inf */\n      |              ^~~~~~\nPOPULATIONS/POPULATION_0013/INDIVIDUAL_F8KFDZ54/model.cpp:114:18: error: cannot convert \u2018Eigen::DenseCoeffsBase<Eigen::Array<CppAD::AD<CppAD::AD<double> >, -1, 1, 0, -1, 1>, 1>::Scalar\u2019 {aka \u2018CppAD::AD<CppAD::AD<double> >\u2019} to \u2018double\u2019\n  114 |     if (!R_finite(cots_pred(t)) || !R_finite(fast_pred(t)) || !R_finite(slow_pred(t))) {\n      |          ~~~~~~~~^~~~~~~~~~~~~~\n      |                  |\n      |                  Eigen::DenseCoeffsBase<Eigen::Array<CppAD::AD<CppAD::AD<double> >, -1, 1, 0, -1, 1>, 1>::Scalar {aka CppAD::AD<CppAD::AD<double> >}\n/usr/share/R/include/R_ext/Arith.h:63:14: note:   initializing argument 1 of \u2018int R_finite(double)\u2019\n   63 | int R_finite(double);           /* True if none of NA, NaN, +/-Inf */\n      |              ^~~~~~\nPOPULATIONS/POPULATION_0013/INDIVIDUAL_F8KFDZ54/model.cpp:114:45: error: cannot convert \u2018Eigen::DenseCoeffsBase<Eigen::Array<CppAD::AD<CppAD::AD<double> >, -1, 1, 0, -1, 1>, 1>::Scalar\u2019 {aka \u2018CppAD::AD<CppAD::AD<double> >\u2019} to \u2018double\u2019\n  114 |     if (!R_finite(cots_pred(t)) || !R_finite(fast_pred(t)) || !R_finite(slow_pred(t))) {\n      |                                     ~~~~~~~~^~~~~~~~~~~~~~\n      |                                             |\n      |                                             Eigen::DenseCoeffsBase<Eigen::Array<CppAD::AD<CppAD::AD<double> >, -1, 1, 0, -1, 1>, 1>::Scalar {aka CppAD::AD<CppAD::AD<double> >}\n/usr/share/R/include/R_ext/Arith.h:63:14: note:   initializing argument 1 of \u2018int R_finite(double)\u2019\n   63 | int R_finite(double);           /* True if none of NA, NaN, +/-Inf */\n      |              ^~~~~~\nPOPULATIONS/POPULATION_0013/INDIVIDUAL_F8KFDZ54/model.cpp:114:72: error: cannot convert \u2018Eigen::DenseCoeffsBase<Eigen::Array<CppAD::AD<CppAD::AD<double> >, -1, 1, 0, -1, 1>, 1>::Scalar\u2019 {aka \u2018CppAD::AD<CppAD::AD<double> >\u2019} to \u2018double\u2019\n  114 |     if (!R_finite(cots_pred(t)) || !R_finite(fast_pred(t)) || !R_finite(slow_pred(t))) {\n      |                                                                ~~~~~~~~^~~~~~~~~~~~~~\n      |                                                                        |\n      |                                                                        Eigen::DenseCoeffsBase<Eigen::Array<CppAD::AD<CppAD::AD<double> >, -1, 1, 0, -1, 1>, 1>::Scalar {aka CppAD::AD<CppAD::AD<double> >}\n/usr/share/R/include/R_ext/Arith.h:63:14: note:   initializing argument 1 of \u2018int R_finite(double)\u2019\n   63 | int R_finite(double);           /* True if none of NA, NaN, +/-Inf */\n      |              ^~~~~~\nPOPULATIONS/POPULATION_0013/INDIVIDUAL_F8KFDZ54/model.cpp:125:18: error: cannot convert \u2018Eigen::DenseCoeffsBase<Eigen::Array<CppAD::AD<CppAD::AD<double> >, -1, 1, 0, -1, 1>, 1>::Scalar\u2019 {aka \u2018CppAD::AD<CppAD::AD<double> >\u2019} to \u2018double\u2019\n  125 |     if (!R_finite(cots_pred(t)) || !R_finite(fast_pred(t)) || !R_finite(slow_pred(t))) {\n      |          ~~~~~~~~^~~~~~~~~~~~~~\n      |                  |\n      |                  Eigen::DenseCoeffsBase<Eigen::Array<CppAD::AD<CppAD::AD<double> >, -1, 1, 0, -1, 1>, 1>::Scalar {aka CppAD::AD<CppAD::AD<double> >}\n/usr/share/R/include/R_ext/Arith.h:63:14: note:   initializing argument 1 of \u2018int R_finite(double)\u2019\n   63 | int R_finite(double);           /* True if none of NA, NaN, +/-Inf */\n      |              ^~~~~~\nPOPULATIONS/POPULATION_0013/INDIVIDUAL_F8KFDZ54/model.cpp:125:45: error: cannot convert \u2018Eigen::DenseCoeffsBase<Eigen::Array<CppAD::AD<CppAD::AD<double> >, -1, 1, 0, -1, 1>, 1>::Scalar\u2019 {aka \u2018CppAD::AD<CppAD::AD<double> >\u2019} to \u2018double\u2019\n  125 |     if (!R_finite(cots_pred(t)) || !R_finite(fast_pred(t)) || !R_finite(slow_pred(t))) {\n      |                                     ~~~~~~~~^~~~~~~~~~~~~~\n      |                                             |\n      |                                             Eigen::DenseCoeffsBase<Eigen::Array<CppAD::AD<CppAD::AD<double> >, -1, 1, 0, -1, 1>, 1>::Scalar {aka CppAD::AD<CppAD::AD<double> >}\n/usr/share/R/include/R_ext/Arith.h:63:14: note:   initializing argument 1 of \u2018int R_finite(double)\u2019\n   63 | int R_finite(double);           /* True if none of NA, NaN, +/-Inf */\n      |              ^~~~~~\nPOPULATIONS/POPULATION_0013/INDIVIDUAL_F8KFDZ54/model.cpp:125:72: error: cannot convert \u2018Eigen::DenseCoeffsBase<Eigen::Array<CppAD::AD<CppAD::AD<double> >, -1, 1, 0, -1, 1>, 1>::Scalar\u2019 {aka \u2018CppAD::AD<CppAD::AD<double> >\u2019} to \u2018double\u2019\n  125 |     if (!R_finite(cots_pred(t)) || !R_finite(fast_pred(t)) || !R_finite(slow_pred(t))) {\n      |                                                                ~~~~~~~~^~~~~~~~~~~~~~\n      |                                                                        |\n      |                                                                        Eigen::DenseCoeffsBase<Eigen::Array<CppAD::AD<CppAD::AD<double> >, -1, 1, 0, -1, 1>, 1>::Scalar {aka CppAD::AD<CppAD::AD<double> >}\n/usr/share/R/include/R_ext/Arith.h:63:14: note:   initializing argument 1 of \u2018int R_finite(double)\u2019\n   63 | int R_finite(double);           /* True if none of NA, NaN, +/-Inf */\n      |              ^~~~~~\nPOPULATIONS/POPULATION_0013/INDIVIDUAL_F8KFDZ54/model.cpp: In instantiation of \u2018Type objective_function<Type>::operator()() [with Type = CppAD::AD<CppAD::AD<CppAD::AD<double> > >]\u2019:\n/home/spi085/R/x86_64-pc-linux-gnu-library/4.4/TMB/include/tmb_core.hpp:917:29:   required from \u2018Type objective_function<Type>::evalUserTemplate() [with Type = CppAD::AD<CppAD::AD<CppAD::AD<double> > >]\u2019\n/home/spi085/R/x86_64-pc-linux-gnu-library/4.4/TMB/include/tmb_core.hpp:2365:28:   required from here\nPOPULATIONS/POPULATION_0013/INDIVIDUAL_F8KFDZ54/model.cpp:63:17: error: cannot convert \u2018CppAD::AD<CppAD::AD<CppAD::AD<double> > >\u2019 to \u2018double\u2019\n   63 |       !R_finite(log_r_cots) || !R_finite(log_K_cots) || !R_finite(log_alpha_fast) ||\n      |                 ^~~~~~~~~~\n      |                 |\n      |                 CppAD::AD<CppAD::AD<CppAD::AD<double> > >\n/usr/share/R/include/R_ext/Arith.h:63:14: note:   initializing argument 1 of \u2018int R_finite(double)\u2019\n   63 | int R_finite(double);           /* True if none of NA, NaN, +/-Inf */\n      |              ^~~~~~\nPOPULATIONS/POPULATION_0013/INDIVIDUAL_F8KFDZ54/model.cpp:63:42: error: cannot convert \u2018CppAD::AD<CppAD::AD<CppAD::AD<double> > >\u2019 to \u2018double\u2019\n   63 |       !R_finite(log_r_cots) || !R_finite(log_K_cots) || !R_finite(log_alpha_fast) ||\n      |                                          ^~~~~~~~~~\n      |                                          |\n      |                                          CppAD::AD<CppAD::AD<CppAD::AD<double> > >\n/usr/share/R/include/R_ext/Arith.h:63:14: note:   initializing argument 1 of \u2018int R_finite(double)\u2019\n   63 | int R_finite(double);           /* True if none of NA, NaN, +/-Inf */\n      |              ^~~~~~\nPOPULATIONS/POPULATION_0013/INDIVIDUAL_F8KFDZ54/model.cpp:63:67: error: cannot convert \u2018CppAD::AD<CppAD::AD<CppAD::AD<double> > >\u2019 to \u2018double\u2019\n   63 |       !R_finite(log_r_cots) || !R_finite(log_K_cots) || !R_finite(log_alpha_fast) ||\n      |                                                                   ^~~~~~~~~~~~~~\n      |                                                                   |\n      |                                                                   CppAD::AD<CppAD::AD<CppAD::AD<double> > >\n/usr/share/R/include/R_ext/Arith.h:63:14: note:   initializing argument 1 of \u2018int R_finite(double)\u2019\n   63 | int R_finite(double);           /* True if none of NA, NaN, +/-Inf */\n      |              ^~~~~~\nPOPULATIONS/POPULATION_0013/INDIVIDUAL_F8KFDZ54/model.cpp:64:17: error: cannot convert \u2018CppAD::AD<CppAD::AD<CppAD::AD<double> > >\u2019 to \u2018double\u2019\n   64 |       !R_finite(log_alpha_slow) || !R_finite(log_m_cots) || !R_finite(log_sigma_cots) ||\n      |                 ^~~~~~~~~~~~~~\n      |                 |\n      |                 CppAD::AD<CppAD::AD<CppAD::AD<double> > >\n/usr/share/R/include/R_ext/Arith.h:63:14: note:   initializing argument 1 of \u2018int R_finite(double)\u2019\n   63 | int R_finite(double);           /* True if none of NA, NaN, +/-Inf */\n      |              ^~~~~~\nPOPULATIONS/POPULATION_0013/INDIVIDUAL_F8KFDZ54/model.cpp:64:46: error: cannot convert \u2018CppAD::AD<CppAD::AD<CppAD::AD<double> > >\u2019 to \u2018double\u2019\n   64 |       !R_finite(log_alpha_slow) || !R_finite(log_m_cots) || !R_finite(log_sigma_cots) ||\n      |                                              ^~~~~~~~~~\n      |                                              |\n      |                                              CppAD::AD<CppAD::AD<CppAD::AD<double> > >\n/usr/share/R/include/R_ext/Arith.h:63:14: note:   initializing argument 1 of \u2018int R_finite(double)\u2019\n   63 | int R_finite(double);           /* True if none of NA, NaN, +/-Inf */\n      |              ^~~~~~\nPOPULATIONS/POPULATION_0013/INDIVIDUAL_F8KFDZ54/model.cpp:64:71: error: cannot convert \u2018CppAD::AD<CppAD::AD<CppAD::AD<double> > >\u2019 to \u2018double\u2019\n   64 |       !R_finite(log_alpha_slow) || !R_finite(log_m_cots) || !R_finite(log_sigma_cots) ||\n      |                                                                       ^~~~~~~~~~~~~~\n      |                                                                       |\n      |                                                                       CppAD::AD<CppAD::AD<CppAD::AD<double> > >\n/usr/share/R/include/R_ext/Arith.h:63:14: note:   initializing argument 1 of \u2018int R_finite(double)\u2019\n   63 | int R_finite(double);           /* True if none of NA, NaN, +/-Inf */\n      |              ^~~~~~\nPOPULATIONS/POPULATION_0013/INDIVIDUAL_F8KFDZ54/model.cpp:65:17: error: cannot convert \u2018CppAD::AD<CppAD::AD<CppAD::AD<double> > >\u2019 to \u2018double\u2019\n   65 |       !R_finite(log_sigma_fast) || !R_finite(log_sigma_slow) || !R_finite(log_K_fast) ||\n      |                 ^~~~~~~~~~~~~~\n      |                 |\n      |                 CppAD::AD<CppAD::AD<CppAD::AD<double> > >\n/usr/share/R/include/R_ext/Arith.h:63:14: note:   initializing argument 1 of \u2018int R_finite(double)\u2019\n   63 | int R_finite(double);           /* True if none of NA, NaN, +/-Inf */\n      |              ^~~~~~\nPOPULATIONS/POPULATION_0013/INDIVIDUAL_F8KFDZ54/model.cpp:65:46: error: cannot convert \u2018CppAD::AD<CppAD::AD<CppAD::AD<double> > >\u2019 to \u2018double\u2019\n   65 |       !R_finite(log_sigma_fast) || !R_finite(log_sigma_slow) || !R_finite(log_K_fast) ||\n      |                                              ^~~~~~~~~~~~~~\n      |                                              |\n      |                                              CppAD::AD<CppAD::AD<CppAD::AD<double> > >\n/usr/share/R/include/R_ext/Arith.h:63:14: note:   initializing argument 1 of \u2018int R_finite(double)\u2019\n   63 | int R_finite(double);           /* True if none of NA, NaN, +/-Inf */\n      |              ^~~~~~\nPOPULATIONS/POPULATION_0013/INDIVIDUAL_F8KFDZ54/model.cpp:65:75: error: cannot convert \u2018CppAD::AD<CppAD::AD<CppAD::AD<double> > >\u2019 to \u2018double\u2019\n   65 |       !R_finite(log_sigma_fast) || !R_finite(log_sigma_slow) || !R_finite(log_K_fast) ||\n      |                                                                           ^~~~~~~~~~\n      |                                                                           |\n      |                                                                           CppAD::AD<CppAD::AD<CppAD::AD<double> > >\n/usr/share/R/include/R_ext/Arith.h:63:14: note:   initializing argument 1 of \u2018int R_finite(double)\u2019\n   63 | int R_finite(double);           /* True if none of NA, NaN, +/-Inf */\n      |              ^~~~~~\nPOPULATIONS/POPULATION_0013/INDIVIDUAL_F8KFDZ54/model.cpp:66:17: error: cannot convert \u2018CppAD::AD<CppAD::AD<CppAD::AD<double> > >\u2019 to \u2018double\u2019\n   66 |       !R_finite(log_K_slow) || !R_finite(log_r_fast) || !R_finite(log_r_slow) ||\n      |                 ^~~~~~~~~~\n      |                 |\n      |                 CppAD::AD<CppAD::AD<CppAD::AD<double> > >\n/usr/share/R/include/R_ext/Arith.h:63:14: note:   initializing argument 1 of \u2018int R_finite(double)\u2019\n   63 | int R_finite(double);           /* True if none of NA, NaN, +/-Inf */\n      |              ^~~~~~\nPOPULATIONS/POPULATION_0013/INDIVIDUAL_F8KFDZ54/model.cpp:66:42: error: cannot convert \u2018CppAD::AD<CppAD::AD<CppAD::AD<double> > >\u2019 to \u2018double\u2019\n   66 |       !R_finite(log_K_slow) || !R_finite(log_r_fast) || !R_finite(log_r_slow) ||\n      |                                          ^~~~~~~~~~\n      |                                          |\n      |                                          CppAD::AD<CppAD::AD<CppAD::AD<double> > >\n/usr/share/R/include/R_ext/Arith.h:63:14: note:   initializing argument 1 of \u2018int R_finite(double)\u2019\n   63 | int R_finite(double);           /* True if none of NA, NaN, +/-Inf */\n      |              ^~~~~~\nPOPULATIONS/POPULATION_0013/INDIVIDUAL_F8KFDZ54/model.cpp:66:67: error: cannot convert \u2018CppAD::AD<CppAD::AD<CppAD::AD<double> > >\u2019 to \u2018double\u2019\n   66 |       !R_finite(log_K_slow) || !R_finite(log_r_fast) || !R_finite(log_r_slow) ||\n      |                                                                   ^~~~~~~~~~\n      |                                                                   |\n      |                                                                   CppAD::AD<CppAD::AD<CppAD::AD<double> > >\n/usr/share/R/include/R_ext/Arith.h:63:14: note:   initializing argument 1 of \u2018int R_finite(double)\u2019\n   63 | int R_finite(double);           /* True if none of NA, NaN, +/-Inf */\n      |              ^~~~~~\nPOPULATIONS/POPULATION_0013/INDIVIDUAL_F8KFDZ54/model.cpp:67:17: error: cannot convert \u2018CppAD::AD<CppAD::AD<CppAD::AD<double> > >\u2019 to \u2018double\u2019\n   67 |       !R_finite(r_cots) || !R_finite(K_cots) || !R_finite(alpha_fast) || !R_finite(alpha_slow) ||\n      |                 ^~~~~~\n      |                 |\n      |                 CppAD::AD<CppAD::AD<CppAD::AD<double> > >\n/usr/share/R/include/R_ext/Arith.h:63:14: note:   initializing argument 1 of \u2018int R_finite(double)\u2019\n   63 | int R_finite(double);           /* True if none of NA, NaN, +/-Inf */\n      |              ^~~~~~\nPOPULATIONS/POPULATION_0013/INDIVIDUAL_F8KFDZ54/model.cpp:67:38: error: cannot convert \u2018CppAD::AD<CppAD::AD<CppAD::AD<double> > >\u2019 to \u2018double\u2019\n   67 |       !R_finite(r_cots) || !R_finite(K_cots) || !R_finite(alpha_fast) || !R_finite(alpha_slow) ||\n      |                                      ^~~~~~\n      |                                      |\n      |                                      CppAD::AD<CppAD::AD<CppAD::AD<double> > >\n/usr/share/R/include/R_ext/Arith.h:63:14: note:   initializing argument 1 of \u2018int R_finite(double)\u2019\n   63 | int R_finite(double);           /* True if none of NA, NaN, +/-Inf */\n      |              ^~~~~~\nPOPULATIONS/POPULATION_0013/INDIVIDUAL_F8KFDZ54/model.cpp:67:59: error: cannot convert \u2018CppAD::AD<CppAD::AD<CppAD::AD<double> > >\u2019 to \u2018double\u2019\n   67 |       !R_finite(r_cots) || !R_finite(K_cots) || !R_finite(alpha_fast) || !R_finite(alpha_slow) ||\n      |                                                           ^~~~~~~~~~\n      |                                                           |\n      |                                                           CppAD::AD<CppAD::AD<CppAD::AD<double> > >\n/usr/share/R/include/R_ext/Arith.h:63:14: note:   initializing argument 1 of \u2018int R_finite(double)\u2019\n   63 | int R_finite(double);           /* True if none of NA, NaN, +/-Inf */\n      |              ^~~~~~\nPOPULATIONS/POPULATION_0013/INDIVIDUAL_F8KFDZ54/model.cpp:67:84: error: cannot convert \u2018CppAD::AD<CppAD::AD<CppAD::AD<double> > >\u2019 to \u2018double\u2019\n   67 |       !R_finite(r_cots) || !R_finite(K_cots) || !R_finite(alpha_fast) || !R_finite(alpha_slow) ||\n      |                                                                                    ^~~~~~~~~~\n      |                                                                                    |\n      |                                                                                    CppAD::AD<CppAD::AD<CppAD::AD<double> > >\n/usr/share/R/include/R_ext/Arith.h:63:14: note:   initializing argument 1 of \u2018int R_finite(double)\u2019\n   63 | int R_finite(double);           /* True if none of NA, NaN, +/-Inf */\n      |              ^~~~~~\nPOPULATIONS/POPULATION_0013/INDIVIDUAL_F8KFDZ54/model.cpp:68:17: error: cannot convert \u2018CppAD::AD<CppAD::AD<CppAD::AD<double> > >\u2019 to \u2018double\u2019\n   68 |       !R_finite(m_cots) || !R_finite(sigma_cots) || !R_finite(sigma_fast) || !R_finite(sigma_slow) ||\n      |                 ^~~~~~\n      |                 |\n      |                 CppAD::AD<CppAD::AD<CppAD::AD<double> > >\n/usr/share/R/include/R_ext/Arith.h:63:14: note:   initializing argument 1 of \u2018int R_finite(double)\u2019\n   63 | int R_finite(double);           /* True if none of NA, NaN, +/-Inf */\n      |              ^~~~~~\nPOPULATIONS/POPULATION_0013/INDIVIDUAL_F8KFDZ54/model.cpp:68:38: error: cannot convert \u2018CppAD::AD<CppAD::AD<CppAD::AD<double> > >\u2019 to \u2018double\u2019\n   68 |       !R_finite(m_cots) || !R_finite(sigma_cots) || !R_finite(sigma_fast) || !R_finite(sigma_slow) ||\n      |                                      ^~~~~~~~~~\n      |                                      |\n      |                                      CppAD::AD<CppAD::AD<CppAD::AD<double> > >\n/usr/share/R/include/R_ext/Arith.h:63:14: note:   initializing argument 1 of \u2018int R_finite(double)\u2019\n   63 | int R_finite(double);           /* True if none of NA, NaN, +/-Inf */\n      |              ^~~~~~\nPOPULATIONS/POPULATION_0013/INDIVIDUAL_F8KFDZ54/model.cpp:68:63: error: cannot convert \u2018CppAD::AD<CppAD::AD<CppAD::AD<double> > >\u2019 to \u2018double\u2019\n   68 |       !R_finite(m_cots) || !R_finite(sigma_cots) || !R_finite(sigma_fast) || !R_finite(sigma_slow) ||\n      |                                                               ^~~~~~~~~~\n      |                                                               |\n      |                                                               CppAD::AD<CppAD::AD<CppAD::AD<double> > >\n/usr/share/R/include/R_ext/Arith.h:63:14: note:   initializing argument 1 of \u2018int R_finite(double)\u2019\n   63 | int R_finite(double);           /* True if none of NA, NaN, +/-Inf */\n      |              ^~~~~~\nPOPULATIONS/POPULATION_0013/INDIVIDUAL_F8KFDZ54/model.cpp:68:88: error: cannot convert \u2018CppAD::AD<CppAD::AD<CppAD::AD<double> > >\u2019 to \u2018double\u2019\n   68 |       !R_finite(m_cots) || !R_finite(sigma_cots) || !R_finite(sigma_fast) || !R_finite(sigma_slow) ||\n      |                                                                                        ^~~~~~~~~~\n      |                                                                                        |\n      |                                                                                        CppAD::AD<CppAD::AD<CppAD::AD<double> > >\n/usr/share/R/include/R_ext/Arith.h:63:14: note:   initializing argument 1 of \u2018int R_finite(double)\u2019\n   63 | int R_finite(double);           /* True if none of NA, NaN, +/-Inf */\n      |              ^~~~~~\nPOPULATIONS/POPULATION_0013/INDIVIDUAL_F8KFDZ54/model.cpp:69:17: error: cannot convert \u2018CppAD::AD<CppAD::AD<CppAD::AD<double> > >\u2019 to \u2018double\u2019\n   69 |       !R_finite(K_fast) || !R_finite(K_slow) || !R_finite(r_fast) || !R_finite(r_slow)\n      |                 ^~~~~~\n      |                 |\n      |                 CppAD::AD<CppAD::AD<CppAD::AD<double> > >\n/usr/share/R/include/R_ext/Arith.h:63:14: note:   initializing argument 1 of \u2018int R_finite(double)\u2019\n   63 | int R_finite(double);           /* True if none of NA, NaN, +/-Inf */\n      |              ^~~~~~\nPOPULATIONS/POPULATION_0013/INDIVIDUAL_F8KFDZ54/model.cpp:69:38: error: cannot convert \u2018CppAD::AD<CppAD::AD<CppAD::AD<double> > >\u2019 to \u2018double\u2019\n   69 |       !R_finite(K_fast) || !R_finite(K_slow) || !R_finite(r_fast) || !R_finite(r_slow)\n      |                                      ^~~~~~\n      |                                      |\n      |                                      CppAD::AD<CppAD::AD<CppAD::AD<double> > >\n/usr/share/R/include/R_ext/Arith.h:63:14: note:   initializing argument 1 of \u2018int R_finite(double)\u2019\n   63 | int R_finite(double);           /* True if none of NA, NaN, +/-Inf */\n      |              ^~~~~~\nPOPULATIONS/POPULATION_0013/INDIVIDUAL_F8KFDZ54/model.cpp:69:59: error: cannot convert \u2018CppAD::AD<CppAD::AD<CppAD::AD<double> > >\u2019 to \u2018double\u2019\n   69 |       !R_finite(K_fast) || !R_finite(K_slow) || !R_finite(r_fast) || !R_finite(r_slow)\n      |                                                           ^~~~~~\n      |                                                           |\n      |                                                           CppAD::AD<CppAD::AD<CppAD::AD<double> > >\n/usr/share/R/include/R_ext/Arith.h:63:14: note:   initializing argument 1 of \u2018int R_finite(double)\u2019\n   63 | int R_finite(double);           /* True if none of NA, NaN, +/-Inf */\n      |              ^~~~~~\nPOPULATIONS/POPULATION_0013/INDIVIDUAL_F8KFDZ54/model.cpp:69:80: error: cannot convert \u2018CppAD::AD<CppAD::AD<CppAD::AD<double> > >\u2019 to \u2018double\u2019\n   69 |       !R_finite(K_fast) || !R_finite(K_slow) || !R_finite(r_fast) || !R_finite(r_slow)\n      |                                                                                ^~~~~~\n      |                                                                                |\n      |                                                                                CppAD::AD<CppAD::AD<CppAD::AD<double> > >\n/usr/share/R/include/R_ext/Arith.h:63:14: note:   initializing argument 1 of \u2018int R_finite(double)\u2019\n   63 | int R_finite(double);           /* True if none of NA, NaN, +/-Inf */\n      |              ^~~~~~\nPOPULATIONS/POPULATION_0013/INDIVIDUAL_F8KFDZ54/model.cpp:80:16: error: cannot convert \u2018Eigen::DenseCoeffsBase<Eigen::Array<CppAD::AD<CppAD::AD<CppAD::AD<double> > >, -1, 1, 0, -1, 1>, 1>::Scalar\u2019 {aka \u2018CppAD::AD<CppAD::AD<CppAD::AD<double> > >\u2019} to \u2018double\u2019\n   80 |   if (!R_finite(cots_dat(0)) || !R_finite(fast_dat(0)) || !R_finite(slow_dat(0))) {\n      |        ~~~~~~~~^~~~~~~~~~~~~\n      |                |\n      |                Eigen::DenseCoeffsBase<Eigen::Array<CppAD::AD<CppAD::AD<CppAD::AD<double> > >, -1, 1, 0, -1, 1>, 1>::Scalar {aka CppAD::AD<CppAD::AD<CppAD::AD<double> > >}\n/usr/share/R/include/R_ext/Arith.h:63:14: note:   initializing argument 1 of \u2018int R_finite(double)\u2019\n   63 | int R_finite(double);           /* True if none of NA, NaN, +/-Inf */\n      |              ^~~~~~\nPOPULATIONS/POPULATION_0013/INDIVIDUAL_F8KFDZ54/model.cpp:80:42: error: cannot convert \u2018Eigen::DenseCoeffsBase<Eigen::Array<CppAD::AD<CppAD::AD<CppAD::AD<double> > >, -1, 1, 0, -1, 1>, 1>::Scalar\u2019 {aka \u2018CppAD::AD<CppAD::AD<CppAD::AD<double> > >\u2019} to \u2018double\u2019\n   80 |   if (!R_finite(cots_dat(0)) || !R_finite(fast_dat(0)) || !R_finite(slow_dat(0))) {\n      |                                  ~~~~~~~~^~~~~~~~~~~~~\n      |                                          |\n      |                                          Eigen::DenseCoeffsBase<Eigen::Array<CppAD::AD<CppAD::AD<CppAD::AD<double> > >, -1, 1, 0, -1, 1>, 1>::Scalar {aka CppAD::AD<CppAD::AD<CppAD::AD<double> > >}\n/usr/share/R/include/R_ext/Arith.h:63:14: note:   initializing argument 1 of \u2018int R_finite(double)\u2019\n   63 | int R_finite(double);           /* True if none of NA, NaN, +/-Inf */\n      |              ^~~~~~\nPOPULATIONS/POPULATION_0013/INDIVIDUAL_F8KFDZ54/model.cpp:80:68: error: cannot convert \u2018Eigen::DenseCoeffsBase<Eigen::Array<CppAD::AD<CppAD::AD<CppAD::AD<double> > >, -1, 1, 0, -1, 1>, 1>::Scalar\u2019 {aka \u2018CppAD::AD<CppAD::AD<CppAD::AD<double> > >\u2019} to \u2018double\u2019\n   80 |   if (!R_finite(cots_dat(0)) || !R_finite(fast_dat(0)) || !R_finite(slow_dat(0))) {\n      |                                                            ~~~~~~~~^~~~~~~~~~~~~\n      |                                                                    |\n      |                                                                    Eigen::DenseCoeffsBase<Eigen::Array<CppAD::AD<CppAD::AD<CppAD::AD<double> > >, -1, 1, 0, -1, 1>, 1>::Scalar {aka CppAD::AD<CppAD::AD<CppAD::AD<double> > >}\n/usr/share/R/include/R_ext/Arith.h:63:14: note:   initializing argument 1 of \u2018int R_finite(double)\u2019\n   63 | int R_finite(double);           /* True if none of NA, NaN, +/-Inf */\n      |              ^~~~~~\nPOPULATIONS/POPULATION_0013/INDIVIDUAL_F8KFDZ54/model.cpp:114:18: error: cannot convert \u2018Eigen::DenseCoeffsBase<Eigen::Array<CppAD::AD<CppAD::AD<CppAD::AD<double> > >, -1, 1, 0, -1, 1>, 1>::Scalar\u2019 {aka \u2018CppAD::AD<CppAD::AD<CppAD::AD<double> > >\u2019} to \u2018double\u2019\n  114 |     if (!R_finite(cots_pred(t)) || !R_finite(fast_pred(t)) || !R_finite(slow_pred(t))) {\n      |          ~~~~~~~~^~~~~~~~~~~~~~\n      |                  |\n      |                  Eigen::DenseCoeffsBase<Eigen::Array<CppAD::AD<CppAD::AD<CppAD::AD<double> > >, -1, 1, 0, -1, 1>, 1>::Scalar {aka CppAD::AD<CppAD::AD<CppAD::AD<double> > >}\n/usr/share/R/include/R_ext/Arith.h:63:14: note:   initializing argument 1 of \u2018int R_finite(double)\u2019\n   63 | int R_finite(double);           /* True if none of NA, NaN, +/-Inf */\n      |              ^~~~~~\nPOPULATIONS/POPULATION_0013/INDIVIDUAL_F8KFDZ54/model.cpp:114:45: error: cannot convert \u2018Eigen::DenseCoeffsBase<Eigen::Array<CppAD::AD<CppAD::AD<CppAD::AD<double> > >, -1, 1, 0, -1, 1>, 1>::Scalar\u2019 {aka \u2018CppAD::AD<CppAD::AD<CppAD::AD<double> > >\u2019} to \u2018double\u2019\n  114 |     if (!R_finite(cots_pred(t)) || !R_finite(fast_pred(t)) || !R_finite(slow_pred(t))) {\n      |                                     ~~~~~~~~^~~~~~~~~~~~~~\n      |                                             |\n      |                                             Eigen::DenseCoeffsBase<Eigen::Array<CppAD::AD<CppAD::AD<CppAD::AD<double> > >, -1, 1, 0, -1, 1>, 1>::Scalar {aka CppAD::AD<CppAD::AD<CppAD::AD<double> > >}\n/usr/share/R/include/R_ext/Arith.h:63:14: note:   initializing argument 1 of \u2018int R_finite(double)\u2019\n   63 | int R_finite(double);           /* True if none of NA, NaN, +/-Inf */\n      |              ^~~~~~\nPOPULATIONS/POPULATION_0013/INDIVIDUAL_F8KFDZ54/model.cpp:114:72: error: cannot convert \u2018Eigen::DenseCoeffsBase<Eigen::Array<CppAD::AD<CppAD::AD<CppAD::AD<double> > >, -1, 1, 0, -1, 1>, 1>::Scalar\u2019 {aka \u2018CppAD::AD<CppAD::AD<CppAD::AD<double> > >\u2019} to \u2018double\u2019\n  114 |     if (!R_finite(cots_pred(t)) || !R_finite(fast_pred(t)) || !R_finite(slow_pred(t))) {\n      |                                                                ~~~~~~~~^~~~~~~~~~~~~~\n      |                                                                        |\n      |                                                                        Eigen::DenseCoeffsBase<Eigen::Array<CppAD::AD<CppAD::AD<CppAD::AD<double> > >, -1, 1, 0, -1, 1>, 1>::Scalar {aka CppAD::AD<CppAD::AD<CppAD::AD<double> > >}\n/usr/share/R/include/R_ext/Arith.h:63:14: note:   initializing argument 1 of \u2018int R_finite(double)\u2019\n   63 | int R_finite(double);           /* True if none of NA, NaN, +/-Inf */\n      |              ^~~~~~\nPOPULATIONS/POPULATION_0013/INDIVIDUAL_F8KFDZ54/model.cpp:125:18: error: cannot convert \u2018Eigen::DenseCoeffsBase<Eigen::Array<CppAD::AD<CppAD::AD<CppAD::AD<double> > >, -1, 1, 0, -1, 1>, 1>::Scalar\u2019 {aka \u2018CppAD::AD<CppAD::AD<CppAD::AD<double> > >\u2019} to \u2018double\u2019\n  125 |     if (!R_finite(cots_pred(t)) || !R_finite(fast_pred(t)) || !R_finite(slow_pred(t))) {\n      |          ~~~~~~~~^~~~~~~~~~~~~~\n      |                  |\n      |                  Eigen::DenseCoeffsBase<Eigen::Array<CppAD::AD<CppAD::AD<CppAD::AD<double> > >, -1, 1, 0, -1, 1>, 1>::Scalar {aka CppAD::AD<CppAD::AD<CppAD::AD<double> > >}\n/usr/share/R/include/R_ext/Arith.h:63:14: note:   initializing argument 1 of \u2018int R_finite(double)\u2019\n   63 | int R_finite(double);           /* True if none of NA, NaN, +/-Inf */\n      |              ^~~~~~\nPOPULATIONS/POPULATION_0013/INDIVIDUAL_F8KFDZ54/model.cpp:125:45: error: cannot convert \u2018Eigen::DenseCoeffsBase<Eigen::Array<CppAD::AD<CppAD::AD<CppAD::AD<double> > >, -1, 1, 0, -1, 1>, 1>::Scalar\u2019 {aka \u2018CppAD::AD<CppAD::AD<CppAD::AD<double> > >\u2019} to \u2018double\u2019\n  125 |     if (!R_finite(cots_pred(t)) || !R_finite(fast_pred(t)) || !R_finite(slow_pred(t))) {\n      |                                     ~~~~~~~~^~~~~~~~~~~~~~\n      |                                             |\n      |                                             Eigen::DenseCoeffsBase<Eigen::Array<CppAD::AD<CppAD::AD<CppAD::AD<double> > >, -1, 1, 0, -1, 1>, 1>::Scalar {aka CppAD::AD<CppAD::AD<CppAD::AD<double> > >}\n/usr/share/R/include/R_ext/Arith.h:63:14: note:   initializing argument 1 of \u2018int R_finite(double)\u2019\n   63 | int R_finite(double);           /* True if none of NA, NaN, +/-Inf */\n      |              ^~~~~~\nPOPULATIONS/POPULATION_0013/INDIVIDUAL_F8KFDZ54/model.cpp:125:72: error: cannot convert \u2018Eigen::DenseCoeffsBase<Eigen::Array<CppAD::AD<CppAD::AD<CppAD::AD<double> > >, -1, 1, 0, -1, 1>, 1>::Scalar\u2019 {aka \u2018CppAD::AD<CppAD::AD<CppAD::AD<double> > >\u2019} to \u2018double\u2019\n  125 |     if (!R_finite(cots_pred(t)) || !R_finite(fast_pred(t)) || !R_finite(slow_pred(t))) {\n      |                                                                ~~~~~~~~^~~~~~~~~~~~~~\n      |                                                                        |\n      |                                                                        Eigen::DenseCoeffsBase<Eigen::Array<CppAD::AD<CppAD::AD<CppAD::AD<double> > >, -1, 1, 0, -1, 1>, 1>::Scalar {aka CppAD::AD<CppAD::AD<CppAD::AD<double> > >}\n/usr/share/R/include/R_ext/Arith.h:63:14: note:   initializing argument 1 of \u2018int R_finite(double)\u2019\n   63 | int R_finite(double);           /* True if none of NA, NaN, +/-Inf */\n      |              ^~~~~~\nmake: *** [/usr/lib/R/etc/Makeconf:204: POPULATIONS/POPULATION_0013/INDIVIDUAL_F8KFDZ54/model.o] Error 1\nError in TMB::compile(file.path(individual_dir, model_file), flags = flags,  : \n  Compilation failed\nError: Compilation failed\nExecution halted"
    },
    "7": {
      "status": "BROKEN"
    }
  }
}