{
  "iterations": {
    "1": {
      "status": "LEAKAGE",
      "message": "Data leakage detected in model equations.",
      "objective_value": "NA"
    },
    "2": {
      "status": "LEAKAGE",
      "message": "Data leakage detected in model equations.",
      "objective_value": "NA"
    },
    "3": {
      "status": "ERROR",
      "message": "Model failed to compile.",
      "stdout": "g++ -std=gnu++17  -I\"C:/Users/spi085/AppData/Local/Programs/R/R-4.4.1/include\" -DNDEBUG -I\"C:/Users/spi085/AppData/Local/Programs/R/R-44~1.1/library/TMB/include\" -I\"C:/Users/spi085/AppData/Local/Programs/R/R-44~1.1/library/RCPPEI~1/include\"   -DTMB_EIGEN_DISABLE_WARNINGS   -DTMB_LIB_INIT=R_init_model  -DCPPAD_FRAMEWORK    -I\"C:/rtools44/x86_64-w64-mingw32.static.posix/include\"     -O2 -Wa,-mbig-obj -c POPULATIONS//POPULATION_0003//INDIVIDUAL_72OS42RV/model.cpp -o POPULATIONS//POPULATION_0003//INDIVIDUAL_72OS42RV/model.o",
      "stderr": "Loading required package: TMB\nLoading required package: jsonlite\nhere() starts at C:/Users/spi085/OneDrive - CSIRO/Documents/_Projects/SCCP-QuantModelling\nusing C++ compiler: 'G__~1.EXE (GCC) 13.2.0'\nPOPULATIONS//POPULATION_0003//INDIVIDUAL_72OS42RV/model.cpp: In member function 'Type objective_function<Type>::operator()()':\nPOPULATIONS//POPULATION_0003//INDIVIDUAL_72OS42RV/model.cpp:71:18: error: 'cots_abundance' was not declared in this scope\n   71 |   cots_pred(0) = cots_abundance;\n      |                  ^~~~~~~~~~~~~~\nPOPULATIONS//POPULATION_0003//INDIVIDUAL_72OS42RV/model.cpp: In instantiation of 'Type objective_function<Type>::operator()() [with Type = CppAD::AD<double>]':\nC:/Users/spi085/AppData/Local/Programs/R/R-4.4.1/library/TMB/include/tmb_core.hpp:1308:6:   required from here\nPOPULATIONS//POPULATION_0003//INDIVIDUAL_72OS42RV/model.cpp:87:20: error: 'dlnorm' was not declared in this scope; did you mean 'dnorm'?\n   87 |       nll -= dlnorm(slow_dat[i] + Type(1e-8), log(slow_pred), sigma_slow, true);\n      |              ~~~~~~^~~~~~~~~~~~~~~~~~~~~~~~~~~~~~~~~~~~~~~~~~~~~~~~~~~~~~~~~~~~\n      |              dnorm\nPOPULATIONS//POPULATION_0003//INDIVIDUAL_72OS42RV/model.cpp:92:20: error: 'dlnorm' was not declared in this scope; did you mean 'dnorm'?\n   92 |       nll -= dlnorm(fast_dat[i] + Type(1e-8), log(fast_pred), sigma_fast, true);\n      |              ~~~~~~^~~~~~~~~~~~~~~~~~~~~~~~~~~~~~~~~~~~~~~~~~~~~~~~~~~~~~~~~~~~\n      |              dnorm\nPOPULATIONS//POPULATION_0003//INDIVIDUAL_72OS42RV/model.cpp: In instantiation of 'Type objective_function<Type>::operator()() [with Type = double]':\nC:/Users/spi085/AppData/Local/Programs/R/R-4.4.1/library/TMB/include/tmb_core.hpp:2031:7:   required from here\nPOPULATIONS//POPULATION_0003//INDIVIDUAL_72OS42RV/model.cpp:87:20: error: 'dlnorm' was not declared in this scope; did you mean 'dnorm'?\n   87 |       nll -= dlnorm(slow_dat[i] + Type(1e-8), log(slow_pred), sigma_slow, true);\n      |              ~~~~~~^~~~~~~~~~~~~~~~~~~~~~~~~~~~~~~~~~~~~~~~~~~~~~~~~~~~~~~~~~~~\n      |              dnorm\nPOPULATIONS//POPULATION_0003//INDIVIDUAL_72OS42RV/model.cpp:92:20: error: 'dlnorm' was not declared in this scope; did you mean 'dnorm'?\n   92 |       nll -= dlnorm(fast_dat[i] + Type(1e-8), log(fast_pred), sigma_fast, true);\n      |              ~~~~~~^~~~~~~~~~~~~~~~~~~~~~~~~~~~~~~~~~~~~~~~~~~~~~~~~~~~~~~~~~~~\n      |              dnorm\nPOPULATIONS//POPULATION_0003//INDIVIDUAL_72OS42RV/model.cpp: In instantiation of 'Type objective_function<Type>::operator()() [with Type = CppAD::AD<CppAD::AD<double> >]':\nC:/Users/spi085/AppData/Local/Programs/R/R-4.4.1/library/TMB/include/tmb_core.hpp:913:29:   required from 'Type objective_function<Type>::evalUserTemplate() [with Type = CppAD::AD<CppAD::AD<double> >]'\nC:/Users/spi085/AppData/Local/Programs/R/R-4.4.1/library/TMB/include/tmb_core.hpp:2112:26:   required from here\nPOPULATIONS//POPULATION_0003//INDIVIDUAL_72OS42RV/model.cpp:87:20: error: 'dlnorm' was not declared in this scope; did you mean 'dnorm'?\n   87 |       nll -= dlnorm(slow_dat[i] + Type(1e-8), log(slow_pred), sigma_slow, true);\n      |              ~~~~~~^~~~~~~~~~~~~~~~~~~~~~~~~~~~~~~~~~~~~~~~~~~~~~~~~~~~~~~~~~~~\n      |              dnorm\nPOPULATIONS//POPULATION_0003//INDIVIDUAL_72OS42RV/model.cpp:92:20: error: 'dlnorm' was not declared in this scope; did you mean 'dnorm'?\n   92 |       nll -= dlnorm(fast_dat[i] + Type(1e-8), log(fast_pred), sigma_fast, true);\n      |              ~~~~~~^~~~~~~~~~~~~~~~~~~~~~~~~~~~~~~~~~~~~~~~~~~~~~~~~~~~~~~~~~~~\n      |              dnorm\nPOPULATIONS//POPULATION_0003//INDIVIDUAL_72OS42RV/model.cpp: In instantiation of 'Type objective_function<Type>::operator()() [with Type = CppAD::AD<CppAD::AD<CppAD::AD<double> > >]':\nC:/Users/spi085/AppData/Local/Programs/R/R-4.4.1/library/TMB/include/tmb_core.hpp:913:29:   required from 'Type objective_function<Type>::evalUserTemplate() [with Type = CppAD::AD<CppAD::AD<CppAD::AD<double> > >]'\nC:/Users/spi085/AppData/Local/Programs/R/R-4.4.1/library/TMB/include/tmb_core.hpp:2361:28:   required from here\nPOPULATIONS//POPULATION_0003//INDIVIDUAL_72OS42RV/model.cpp:87:20: error: 'dlnorm' was not declared in this scope; did you mean 'dnorm'?\n   87 |       nll -= dlnorm(slow_dat[i] + Type(1e-8), log(slow_pred), sigma_slow, true);\n      |              ~~~~~~^~~~~~~~~~~~~~~~~~~~~~~~~~~~~~~~~~~~~~~~~~~~~~~~~~~~~~~~~~~~\n      |              dnorm\nPOPULATIONS//POPULATION_0003//INDIVIDUAL_72OS42RV/model.cpp:92:20: error: 'dlnorm' was not declared in this scope; did you mean 'dnorm'?\n   92 |       nll -= dlnorm(fast_dat[i] + Type(1e-8), log(fast_pred), sigma_fast, true);\n      |              ~~~~~~^~~~~~~~~~~~~~~~~~~~~~~~~~~~~~~~~~~~~~~~~~~~~~~~~~~~~~~~~~~~\n      |              dnorm\nmake: *** [C:/Users/spi085/AppData/Local/Programs/R/R-4.4.1/etc/x64/Makeconf:296: POPULATIONS//POPULATION_0003//INDIVIDUAL_72OS42RV/model.o] Error 1\nError in TMB::compile(file.path(individual_dir, model_file), flags = flags,  : \n  Compilation failed\nError: Compilation failed\nExecution halted"
    },
    "4": {
      "status": "ERROR",
      "message": "R script failed with return code 3221225477",
      "stdout": "g++ -std=gnu++17  -I\"C:/Users/spi085/AppData/Local/Programs/R/R-4.4.1/include\" -DNDEBUG -I\"C:/Users/spi085/AppData/Local/Programs/R/R-44~1.1/library/TMB/include\" -I\"C:/Users/spi085/AppData/Local/Programs/R/R-44~1.1/library/RCPPEI~1/include\"   -DTMB_EIGEN_DISABLE_WARNINGS   -DTMB_LIB_INIT=R_init_model  -DCPPAD_FRAMEWORK    -I\"C:/rtools44/x86_64-w64-mingw32.static.posix/include\"     -O2 -Wa,-mbig-obj -c POPULATIONS//POPULATION_0003//INDIVIDUAL_72OS42RV/model.cpp -o POPULATIONS//POPULATION_0003//INDIVIDUAL_72OS42RV/model.o\ng++ -std=gnu++17 -shared -s -static-libgcc -o POPULATIONS//POPULATION_0003//INDIVIDUAL_72OS42RV/model.dll tmp.def POPULATIONS//POPULATION_0003//INDIVIDUAL_72OS42RV/model.o -LC:/rtools44/x86_64-w64-mingw32.static.posix/lib/x64 -LC:/rtools44/x86_64-w64-mingw32.static.posix/lib -LC:/Users/spi085/AppData/Local/Programs/R/R-4.4.1/bin/x64 -lR\nStarting model phases\nNumber of phases: 2 \nPhase 1",
      "stderr": "Loading required package: TMB\nLoading required package: jsonlite\nhere() starts at C:/Users/spi085/OneDrive - CSIRO/Documents/_Projects/SCCP-QuantModelling\nusing C++ compiler: 'G__~1.EXE (GCC) 13.2.0'"
    },
    "5": {
      "status": "ERROR",
      "message": "Model failed to compile.",
      "stdout": "g++ -std=gnu++17  -I\"C:/Users/spi085/AppData/Local/Programs/R/R-4.4.1/include\" -DNDEBUG -I\"C:/Users/spi085/AppData/Local/Programs/R/R-44~1.1/library/TMB/include\" -I\"C:/Users/spi085/AppData/Local/Programs/R/R-44~1.1/library/RCPPEI~1/include\"   -DTMB_EIGEN_DISABLE_WARNINGS   -DTMB_LIB_INIT=R_init_model  -DCPPAD_FRAMEWORK    -I\"C:/rtools44/x86_64-w64-mingw32.static.posix/include\"     -O2 -Wa,-mbig-obj -c POPULATIONS//POPULATION_0003//INDIVIDUAL_72OS42RV/model.cpp -o POPULATIONS//POPULATION_0003//INDIVIDUAL_72OS42RV/model.o",
      "stderr": "Loading required package: TMB\nLoading required package: jsonlite\nhere() starts at C:/Users/spi085/OneDrive - CSIRO/Documents/_Projects/SCCP-QuantModelling\nusing C++ compiler: 'G__~1.EXE (GCC) 13.2.0'\nPOPULATIONS//POPULATION_0003//INDIVIDUAL_72OS42RV/model.cpp: In instantiation of 'Type objective_function<Type>::operator()() [with Type = CppAD::AD<double>]':\nC:/Users/spi085/AppData/Local/Programs/R/R-4.4.1/library/TMB/include/tmb_core.hpp:1308:6:   required from here\nPOPULATIONS//POPULATION_0003//INDIVIDUAL_72OS42RV/model.cpp:89:29: error: no matching function for call to 'dnorm(CppAD::AD<double>, CppAD::AD<double>, CppAD::AD<double>&, bool)'\n   89 |       nll -= (density::dnorm(log(slow_dat[i] + Type(1e-8)), log(slow_pred(i)), sigma_slow, true) - log(slow_dat[i] + Type(1e-8)));\n      |               ~~~~~~~~~~~~~~^~~~~~~~~~~~~~~~~~~~~~~~~~~~~~~~~~~~~~~~~~~~~~~~~~~~~~~~~~~~~~~~~~~~\nIn file included from C:/Users/spi085/AppData/Local/Programs/R/R-4.4.1/library/TMB/include/TMB.hpp:216,\n                 from POPULATIONS//POPULATION_0003//INDIVIDUAL_72OS42RV/model.cpp:1:\nC:/Users/spi085/AppData/Local/Programs/R/R-4.4.1/library/TMB/include/tmbutils/tmbutils_extra.hpp:7:14: note: candidate: 'template<class Type, class T1, class T2> tmbutils::vector<Type> tmbutils::dnorm(vector<Type>, T1, T2, int)'\n    7 | vector<Type> dnorm(vector<Type> x, T1 mean, T2 sd, int give_log=0)\n      |              ^~~~~\nC:/Users/spi085/AppData/Local/Programs/R/R-4.4.1/library/TMB/include/tmbutils/tmbutils_extra.hpp:7:14: note:   template argument deduction/substitution failed:\nPOPULATIONS//POPULATION_0003//INDIVIDUAL_72OS42RV/model.cpp:89:29: note:   'CppAD::AD<double>' is not derived from 'tmbutils::vector<Type>'\n   89 |       nll -= (density::dnorm(log(slow_dat[i] + Type(1e-8)), log(slow_pred(i)), sigma_slow, true) - log(slow_dat[i] + Type(1e-8)));\n      |               ~~~~~~~~~~~~~~^~~~~~~~~~~~~~~~~~~~~~~~~~~~~~~~~~~~~~~~~~~~~~~~~~~~~~~~~~~~~~~~~~~~\nPOPULATIONS//POPULATION_0003//INDIVIDUAL_72OS42RV/model.cpp:94:29: error: no matching function for call to 'dnorm(CppAD::AD<double>, CppAD::AD<double>, CppAD::AD<double>&, bool)'\n   94 |       nll -= (density::dnorm(log(fast_dat[i] + Type(1e-8)), log(fast_pred(i)), sigma_fast, true) - log(fast_dat[i] + Type(1e-8)));\n      |               ~~~~~~~~~~~~~~^~~~~~~~~~~~~~~~~~~~~~~~~~~~~~~~~~~~~~~~~~~~~~~~~~~~~~~~~~~~~~~~~~~~\nC:/Users/spi085/AppData/Local/Programs/R/R-4.4.1/library/TMB/include/tmbutils/tmbutils_extra.hpp:7:14: note: candidate: 'template<class Type, class T1, class T2> tmbutils::vector<Type> tmbutils::dnorm(vector<Type>, T1, T2, int)'\n    7 | vector<Type> dnorm(vector<Type> x, T1 mean, T2 sd, int give_log=0)\n      |              ^~~~~\nC:/Users/spi085/AppData/Local/Programs/R/R-4.4.1/library/TMB/include/tmbutils/tmbutils_extra.hpp:7:14: note:   template argument deduction/substitution failed:\nPOPULATIONS//POPULATION_0003//INDIVIDUAL_72OS42RV/model.cpp:94:29: note:   'CppAD::AD<double>' is not derived from 'tmbutils::vector<Type>'\n   94 |       nll -= (density::dnorm(log(fast_dat[i] + Type(1e-8)), log(fast_pred(i)), sigma_fast, true) - log(fast_dat[i] + Type(1e-8)));\n      |               ~~~~~~~~~~~~~~^~~~~~~~~~~~~~~~~~~~~~~~~~~~~~~~~~~~~~~~~~~~~~~~~~~~~~~~~~~~~~~~~~~~\nPOPULATIONS//POPULATION_0003//INDIVIDUAL_72OS42RV/model.cpp: In instantiation of 'Type objective_function<Type>::operator()() [with Type = double]':\nC:/Users/spi085/AppData/Local/Programs/R/R-4.4.1/library/TMB/include/tmb_core.hpp:2031:7:   required from here\nPOPULATIONS//POPULATION_0003//INDIVIDUAL_72OS42RV/model.cpp:89:29: error: no matching function for call to 'dnorm(double, double, double&, bool)'\n   89 |       nll -= (density::dnorm(log(slow_dat[i] + Type(1e-8)), log(slow_pred(i)), sigma_slow, true) - log(slow_dat[i] + Type(1e-8)));\n      |               ~~~~~~~~~~~~~~^~~~~~~~~~~~~~~~~~~~~~~~~~~~~~~~~~~~~~~~~~~~~~~~~~~~~~~~~~~~~~~~~~~~\nC:/Users/spi085/AppData/Local/Programs/R/R-4.4.1/library/TMB/include/tmbutils/tmbutils_extra.hpp:7:14: note: candidate: 'template<class Type, class T1, class T2> tmbutils::vector<Type> tmbutils::dnorm(vector<Type>, T1, T2, int)'\n    7 | vector<Type> dnorm(vector<Type> x, T1 mean, T2 sd, int give_log=0)\n      |              ^~~~~\nC:/Users/spi085/AppData/Local/Programs/R/R-4.4.1/library/TMB/include/tmbutils/tmbutils_extra.hpp:7:14: note:   template argument deduction/substitution failed:\nPOPULATIONS//POPULATION_0003//INDIVIDUAL_72OS42RV/model.cpp:89:29: note:   mismatched types 'tmbutils::vector<Type>' and 'double'\n   89 |       nll -= (density::dnorm(log(slow_dat[i] + Type(1e-8)), log(slow_pred(i)), sigma_slow, true) - log(slow_dat[i] + Type(1e-8)));\n      |               ~~~~~~~~~~~~~~^~~~~~~~~~~~~~~~~~~~~~~~~~~~~~~~~~~~~~~~~~~~~~~~~~~~~~~~~~~~~~~~~~~~\nPOPULATIONS//POPULATION_0003//INDIVIDUAL_72OS42RV/model.cpp:94:29: error: no matching function for call to 'dnorm(double, double, double&, bool)'\n   94 |       nll -= (density::dnorm(log(fast_dat[i] + Type(1e-8)), log(fast_pred(i)), sigma_fast, true) - log(fast_dat[i] + Type(1e-8)));\n      |               ~~~~~~~~~~~~~~^~~~~~~~~~~~~~~~~~~~~~~~~~~~~~~~~~~~~~~~~~~~~~~~~~~~~~~~~~~~~~~~~~~~\nC:/Users/spi085/AppData/Local/Programs/R/R-4.4.1/library/TMB/include/tmbutils/tmbutils_extra.hpp:7:14: note: candidate: 'template<class Type, class T1, class T2> tmbutils::vector<Type> tmbutils::dnorm(vector<Type>, T1, T2, int)'\n    7 | vector<Type> dnorm(vector<Type> x, T1 mean, T2 sd, int give_log=0)\n      |              ^~~~~\nC:/Users/spi085/AppData/Local/Programs/R/R-4.4.1/library/TMB/include/tmbutils/tmbutils_extra.hpp:7:14: note:   template argument deduction/substitution failed:\nPOPULATIONS//POPULATION_0003//INDIVIDUAL_72OS42RV/model.cpp:94:29: note:   mismatched types 'tmbutils::vector<Type>' and 'double'\n   94 |       nll -= (density::dnorm(log(fast_dat[i] + Type(1e-8)), log(fast_pred(i)), sigma_fast, true) - log(fast_dat[i] + Type(1e-8)));\n      |               ~~~~~~~~~~~~~~^~~~~~~~~~~~~~~~~~~~~~~~~~~~~~~~~~~~~~~~~~~~~~~~~~~~~~~~~~~~~~~~~~~~\nPOPULATIONS//POPULATION_0003//INDIVIDUAL_72OS42RV/model.cpp: In instantiation of 'Type objective_function<Type>::operator()() [with Type = CppAD::AD<CppAD::AD<double> >]':\nC:/Users/spi085/AppData/Local/Programs/R/R-4.4.1/library/TMB/include/tmb_core.hpp:913:29:   required from 'Type objective_function<Type>::evalUserTemplate() [with Type = CppAD::AD<CppAD::AD<double> >]'\nC:/Users/spi085/AppData/Local/Programs/R/R-4.4.1/library/TMB/include/tmb_core.hpp:2112:26:   required from here\nPOPULATIONS//POPULATION_0003//INDIVIDUAL_72OS42RV/model.cpp:89:29: error: no matching function for call to 'dnorm(CppAD::AD<CppAD::AD<double> >, CppAD::AD<CppAD::AD<double> >, CppAD::AD<CppAD::AD<double> >&, bool)'\n   89 |       nll -= (density::dnorm(log(slow_dat[i] + Type(1e-8)), log(slow_pred(i)), sigma_slow, true) - log(slow_dat[i] + Type(1e-8)));\n      |               ~~~~~~~~~~~~~~^~~~~~~~~~~~~~~~~~~~~~~~~~~~~~~~~~~~~~~~~~~~~~~~~~~~~~~~~~~~~~~~~~~~\nC:/Users/spi085/AppData/Local/Programs/R/R-4.4.1/library/TMB/include/tmbutils/tmbutils_extra.hpp:7:14: note: candidate: 'template<class Type, class T1, class T2> tmbutils::vector<Type> tmbutils::dnorm(vector<Type>, T1, T2, int)'\n    7 | vector<Type> dnorm(vector<Type> x, T1 mean, T2 sd, int give_log=0)\n      |              ^~~~~\nC:/Users/spi085/AppData/Local/Programs/R/R-4.4.1/library/TMB/include/tmbutils/tmbutils_extra.hpp:7:14: note:   template argument deduction/substitution failed:\nPOPULATIONS//POPULATION_0003//INDIVIDUAL_72OS42RV/model.cpp:89:29: note:   'CppAD::AD<CppAD::AD<double> >' is not derived from 'tmbutils::vector<Type>'\n   89 |       nll -= (density::dnorm(log(slow_dat[i] + Type(1e-8)), log(slow_pred(i)), sigma_slow, true) - log(slow_dat[i] + Type(1e-8)));\n      |               ~~~~~~~~~~~~~~^~~~~~~~~~~~~~~~~~~~~~~~~~~~~~~~~~~~~~~~~~~~~~~~~~~~~~~~~~~~~~~~~~~~\nPOPULATIONS//POPULATION_0003//INDIVIDUAL_72OS42RV/model.cpp:94:29: error: no matching function for call to 'dnorm(CppAD::AD<CppAD::AD<double> >, CppAD::AD<CppAD::AD<double> >, CppAD::AD<CppAD::AD<double> >&, bool)'\n   94 |       nll -= (density::dnorm(log(fast_dat[i] + Type(1e-8)), log(fast_pred(i)), sigma_fast, true) - log(fast_dat[i] + Type(1e-8)));\n      |               ~~~~~~~~~~~~~~^~~~~~~~~~~~~~~~~~~~~~~~~~~~~~~~~~~~~~~~~~~~~~~~~~~~~~~~~~~~~~~~~~~~\nC:/Users/spi085/AppData/Local/Programs/R/R-4.4.1/library/TMB/include/tmbutils/tmbutils_extra.hpp:7:14: note: candidate: 'template<class Type, class T1, class T2> tmbutils::vector<Type> tmbutils::dnorm(vector<Type>, T1, T2, int)'\n    7 | vector<Type> dnorm(vector<Type> x, T1 mean, T2 sd, int give_log=0)\n      |              ^~~~~\nC:/Users/spi085/AppData/Local/Programs/R/R-4.4.1/library/TMB/include/tmbutils/tmbutils_extra.hpp:7:14: note:   template argument deduction/substitution failed:\nPOPULATIONS//POPULATION_0003//INDIVIDUAL_72OS42RV/model.cpp:94:29: note:   'CppAD::AD<CppAD::AD<double> >' is not derived from 'tmbutils::vector<Type>'\n   94 |       nll -= (density::dnorm(log(fast_dat[i] + Type(1e-8)), log(fast_pred(i)), sigma_fast, true) - log(fast_dat[i] + Type(1e-8)));\n      |               ~~~~~~~~~~~~~~^~~~~~~~~~~~~~~~~~~~~~~~~~~~~~~~~~~~~~~~~~~~~~~~~~~~~~~~~~~~~~~~~~~~\nPOPULATIONS//POPULATION_0003//INDIVIDUAL_72OS42RV/model.cpp: In instantiation of 'Type objective_function<Type>::operator()() [with Type = CppAD::AD<CppAD::AD<CppAD::AD<double> > >]':\nC:/Users/spi085/AppData/Local/Programs/R/R-4.4.1/library/TMB/include/tmb_core.hpp:913:29:   required from 'Type objective_function<Type>::evalUserTemplate() [with Type = CppAD::AD<CppAD::AD<CppAD::AD<double> > >]'\nC:/Users/spi085/AppData/Local/Programs/R/R-4.4.1/library/TMB/include/tmb_core.hpp:2361:28:   required from here\nPOPULATIONS//POPULATION_0003//INDIVIDUAL_72OS42RV/model.cpp:89:29: error: no matching function for call to 'dnorm(CppAD::AD<CppAD::AD<CppAD::AD<double> > >, CppAD::AD<CppAD::AD<CppAD::AD<double> > >, CppAD::AD<CppAD::AD<CppAD::AD<double> > >&, bool)'\n   89 |       nll -= (density::dnorm(log(slow_dat[i] + Type(1e-8)), log(slow_pred(i)), sigma_slow, true) - log(slow_dat[i] + Type(1e-8)));\n      |               ~~~~~~~~~~~~~~^~~~~~~~~~~~~~~~~~~~~~~~~~~~~~~~~~~~~~~~~~~~~~~~~~~~~~~~~~~~~~~~~~~~\nC:/Users/spi085/AppData/Local/Programs/R/R-4.4.1/library/TMB/include/tmbutils/tmbutils_extra.hpp:7:14: note: candidate: 'template<class Type, class T1, class T2> tmbutils::vector<Type> tmbutils::dnorm(vector<Type>, T1, T2, int)'\n    7 | vector<Type> dnorm(vector<Type> x, T1 mean, T2 sd, int give_log=0)\n      |              ^~~~~\nC:/Users/spi085/AppData/Local/Programs/R/R-4.4.1/library/TMB/include/tmbutils/tmbutils_extra.hpp:7:14: note:   template argument deduction/substitution failed:\nPOPULATIONS//POPULATION_0003//INDIVIDUAL_72OS42RV/model.cpp:89:29: note:   'CppAD::AD<CppAD::AD<CppAD::AD<double> > >' is not derived from 'tmbutils::vector<Type>'\n   89 |       nll -= (density::dnorm(log(slow_dat[i] + Type(1e-8)), log(slow_pred(i)), sigma_slow, true) - log(slow_dat[i] + Type(1e-8)));\n      |               ~~~~~~~~~~~~~~^~~~~~~~~~~~~~~~~~~~~~~~~~~~~~~~~~~~~~~~~~~~~~~~~~~~~~~~~~~~~~~~~~~~\nPOPULATIONS//POPULATION_0003//INDIVIDUAL_72OS42RV/model.cpp:94:29: error: no matching function for call to 'dnorm(CppAD::AD<CppAD::AD<CppAD::AD<double> > >, CppAD::AD<CppAD::AD<CppAD::AD<double> > >, CppAD::AD<CppAD::AD<CppAD::AD<double> > >&, bool)'\n   94 |       nll -= (density::dnorm(log(fast_dat[i] + Type(1e-8)), log(fast_pred(i)), sigma_fast, true) - log(fast_dat[i] + Type(1e-8)));\n      |               ~~~~~~~~~~~~~~^~~~~~~~~~~~~~~~~~~~~~~~~~~~~~~~~~~~~~~~~~~~~~~~~~~~~~~~~~~~~~~~~~~~\nC:/Users/spi085/AppData/Local/Programs/R/R-4.4.1/library/TMB/include/tmbutils/tmbutils_extra.hpp:7:14: note: candidate: 'template<class Type, class T1, class T2> tmbutils::vector<Type> tmbutils::dnorm(vector<Type>, T1, T2, int)'\n    7 | vector<Type> dnorm(vector<Type> x, T1 mean, T2 sd, int give_log=0)\n      |              ^~~~~\nC:/Users/spi085/AppData/Local/Programs/R/R-4.4.1/library/TMB/include/tmbutils/tmbutils_extra.hpp:7:14: note:   template argument deduction/substitution failed:\nPOPULATIONS//POPULATION_0003//INDIVIDUAL_72OS42RV/model.cpp:94:29: note:   'CppAD::AD<CppAD::AD<CppAD::AD<double> > >' is not derived from 'tmbutils::vector<Type>'\n   94 |       nll -= (density::dnorm(log(fast_dat[i] + Type(1e-8)), log(fast_pred(i)), sigma_fast, true) - log(fast_dat[i] + Type(1e-8)));\n      |               ~~~~~~~~~~~~~~^~~~~~~~~~~~~~~~~~~~~~~~~~~~~~~~~~~~~~~~~~~~~~~~~~~~~~~~~~~~~~~~~~~~\nmake: *** [C:/Users/spi085/AppData/Local/Programs/R/R-4.4.1/etc/x64/Makeconf:296: POPULATIONS//POPULATION_0003//INDIVIDUAL_72OS42RV/model.o] Error 1\nError in TMB::compile(file.path(individual_dir, model_file), flags = flags,  : \n  Compilation failed\nError: Compilation failed\nExecution halted"
    },
    "6": {
      "status": "ERROR",
      "message": "R script failed with return code 3221225477",
      "stdout": "g++ -std=gnu++17  -I\"C:/Users/spi085/AppData/Local/Programs/R/R-4.4.1/include\" -DNDEBUG -I\"C:/Users/spi085/AppData/Local/Programs/R/R-44~1.1/library/TMB/include\" -I\"C:/Users/spi085/AppData/Local/Programs/R/R-44~1.1/library/RCPPEI~1/include\"   -DTMB_EIGEN_DISABLE_WARNINGS   -DTMB_LIB_INIT=R_init_model  -DCPPAD_FRAMEWORK    -I\"C:/rtools44/x86_64-w64-mingw32.static.posix/include\"     -O2 -Wa,-mbig-obj -c POPULATIONS//POPULATION_0003//INDIVIDUAL_72OS42RV/model.cpp -o POPULATIONS//POPULATION_0003//INDIVIDUAL_72OS42RV/model.o\ng++ -std=gnu++17 -shared -s -static-libgcc -o POPULATIONS//POPULATION_0003//INDIVIDUAL_72OS42RV/model.dll tmp.def POPULATIONS//POPULATION_0003//INDIVIDUAL_72OS42RV/model.o -LC:/rtools44/x86_64-w64-mingw32.static.posix/lib/x64 -LC:/rtools44/x86_64-w64-mingw32.static.posix/lib -LC:/Users/spi085/AppData/Local/Programs/R/R-4.4.1/bin/x64 -lR\nStarting model phases\nNumber of phases: 2 \nPhase 1",
      "stderr": "Loading required package: TMB\nLoading required package: jsonlite\nhere() starts at C:/Users/spi085/OneDrive - CSIRO/Documents/_Projects/SCCP-QuantModelling\nusing C++ compiler: 'G__~1.EXE (GCC) 13.2.0'"
    },
    "7": {
      "status": "BROKEN"
    }
  }
}