{
  "iterations": {
    "1": {
      "status": "ERROR",
      "message": "R script failed with return code 1",
      "stdout": "g++ -std=gnu++17 -I\"/usr/share/R/include\" -DNDEBUG -I\"/home/spi085/R/x86_64-pc-linux-gnu-library/4.4/TMB/include\" -I\"/home/spi085/R/x86_64-pc-linux-gnu-library/4.4/RcppEigen/include\"   -DTMB_EIGEN_DISABLE_WARNINGS   -DTMB_LIB_INIT=R_init_model  -DCPPAD_FRAMEWORK      -fpic  -O2  -c POPULATIONS/POPULATION_0002/INDIVIDUAL_WDUZPMKS/model.cpp -o POPULATIONS/POPULATION_0002/INDIVIDUAL_WDUZPMKS/model.o\ng++ -std=gnu++17 -shared -L/usr/lib/R/lib -Wl,-Bsymbolic-functions -flto=auto -ffat-lto-objects -Wl,-z,relro -o POPULATIONS/POPULATION_0002/INDIVIDUAL_WDUZPMKS/model.so POPULATIONS/POPULATION_0002/INDIVIDUAL_WDUZPMKS/model.o -L/usr/lib/R/lib -lR\nStarting model phases\nNumber of phases: 3 \nPhase 1 \nInitial parameter values for phase 1 :\nr_cots r_fast r_slow a_fast a_slow  T_opt \n    NA     NA     NA     NA     NA     28 \nError in model phases: NA/NaN gradient evaluation",
      "stderr": "Loading required package: TMB\nLoading required package: jsonlite\nhere() starts at /home/spi085/Documents/_Projects/SCCP-QuantModelling\nusing C++ compiler: \u2018g++ (Ubuntu 13.3.0-6ubuntu2~24.04) 13.3.0\u2019\nError in value[[3L]](cond) : \n  Error in model phases: NA/NaN gradient evaluation\nCalls: tryCatch -> tryCatchList -> tryCatchOne -> <Anonymous>\nIn addition: Warning message:\nIn nlminb(model$par, model$fn, model$gr) : NA/NaN function evaluation\nExecution halted"
    },
    "2": {
      "status": "ERROR",
      "message": "Model failed to compile.",
      "stdout": "g++ -std=gnu++17 -I\"/usr/share/R/include\" -DNDEBUG -I\"/home/spi085/R/x86_64-pc-linux-gnu-library/4.4/TMB/include\" -I\"/home/spi085/R/x86_64-pc-linux-gnu-library/4.4/RcppEigen/include\"   -DTMB_EIGEN_DISABLE_WARNINGS   -DTMB_LIB_INIT=R_init_model  -DCPPAD_FRAMEWORK      -fpic  -O2  -c POPULATIONS/POPULATION_0002/INDIVIDUAL_WDUZPMKS/model.cpp -o POPULATIONS/POPULATION_0002/INDIVIDUAL_WDUZPMKS/model.o",
      "stderr": "Loading required package: TMB\nLoading required package: jsonlite\nhere() starts at /home/spi085/Documents/_Projects/SCCP-QuantModelling\nusing C++ compiler: \u2018g++ (Ubuntu 13.3.0-6ubuntu2~24.04) 13.3.0\u2019\nPOPULATIONS/POPULATION_0002/INDIVIDUAL_WDUZPMKS/model.cpp: In member function \u2018Type objective_function<Type>::operator()()\u2019:\nPOPULATIONS/POPULATION_0002/INDIVIDUAL_WDUZPMKS/model.cpp:86:19: error: \u2018a_fast_bounded\u2019 was not declared in this scope\n   86 |     Type F_fast = a_fast_bounded * cots_pred(t-1);\n      |                   ^~~~~~~~~~~~~~\nPOPULATIONS/POPULATION_0002/INDIVIDUAL_WDUZPMKS/model.cpp:87:19: error: \u2018a_slow_bounded\u2019 was not declared in this scope\n   87 |     Type F_slow = a_slow_bounded * cots_pred(t-1);\n      |                   ^~~~~~~~~~~~~~\nPOPULATIONS/POPULATION_0002/INDIVIDUAL_WDUZPMKS/model.cpp:90:24: error: \u2018r_fast_bounded\u2019 was not declared in this scope\n   90 |     Type fast_growth = r_fast_bounded * fast_pred(t-1) * (Type(1.0) - fast_pred(t-1)/K_fast_bounded);\n      |                        ^~~~~~~~~~~~~~\nPOPULATIONS/POPULATION_0002/INDIVIDUAL_WDUZPMKS/model.cpp:90:86: error: \u2018K_fast_bounded\u2019 was not declared in this scope\n   90 |     Type fast_growth = r_fast_bounded * fast_pred(t-1) * (Type(1.0) - fast_pred(t-1)/K_fast_bounded);\n      |                                                                                      ^~~~~~~~~~~~~~\nPOPULATIONS/POPULATION_0002/INDIVIDUAL_WDUZPMKS/model.cpp:91:24: error: \u2018r_slow_bounded\u2019 was not declared in this scope\n   91 |     Type slow_growth = r_slow_bounded * slow_pred(t-1) * (Type(1.0) - slow_pred(t-1)/K_slow_bounded);\n      |                        ^~~~~~~~~~~~~~\nPOPULATIONS/POPULATION_0002/INDIVIDUAL_WDUZPMKS/model.cpp:91:86: error: \u2018K_slow_bounded\u2019 was not declared in this scope\n   91 |     Type slow_growth = r_slow_bounded * slow_pred(t-1) * (Type(1.0) - slow_pred(t-1)/K_slow_bounded);\n      |                                                                                      ^~~~~~~~~~~~~~\nPOPULATIONS/POPULATION_0002/INDIVIDUAL_WDUZPMKS/model.cpp:103:67: error: \u2018sigma_cots_bounded\u2019 was not declared in this scope\n  103 |     nll -= dnorm(log(cots_dat(t) + eps), log(cots_pred(t) + eps), sigma_cots_bounded, true);\n      |                                                                   ^~~~~~~~~~~~~~~~~~\nPOPULATIONS/POPULATION_0002/INDIVIDUAL_WDUZPMKS/model.cpp:104:67: error: \u2018sigma_fast_bounded\u2019 was not declared in this scope\n  104 |     nll -= dnorm(log(fast_dat(t) + eps), log(fast_pred(t) + eps), sigma_fast_bounded, true);\n      |                                                                   ^~~~~~~~~~~~~~~~~~\nPOPULATIONS/POPULATION_0002/INDIVIDUAL_WDUZPMKS/model.cpp:105:67: error: \u2018sigma_slow_bounded\u2019 was not declared in this scope\n  105 |     nll -= dnorm(log(slow_dat(t) + eps), log(slow_pred(t) + eps), sigma_slow_bounded, true);\n      |                                                                   ^~~~~~~~~~~~~~~~~~\nmake: *** [/usr/lib/R/etc/Makeconf:204: POPULATIONS/POPULATION_0002/INDIVIDUAL_WDUZPMKS/model.o] Error 1\nError in TMB::compile(file.path(individual_dir, model_file), flags = flags,  : \n  Compilation failed\nError: Compilation failed\nExecution halted"
    },
    "3": {
      "status": "ERROR",
      "message": "R script failed with return code 1",
      "stdout": "g++ -std=gnu++17 -I\"/usr/share/R/include\" -DNDEBUG -I\"/home/spi085/R/x86_64-pc-linux-gnu-library/4.4/TMB/include\" -I\"/home/spi085/R/x86_64-pc-linux-gnu-library/4.4/RcppEigen/include\"   -DTMB_EIGEN_DISABLE_WARNINGS   -DTMB_LIB_INIT=R_init_model  -DCPPAD_FRAMEWORK      -fpic  -O2  -c POPULATIONS/POPULATION_0002/INDIVIDUAL_WDUZPMKS/model.cpp -o POPULATIONS/POPULATION_0002/INDIVIDUAL_WDUZPMKS/model.o\ng++ -std=gnu++17 -shared -L/usr/lib/R/lib -Wl,-Bsymbolic-functions -flto=auto -ffat-lto-objects -Wl,-z,relro -o POPULATIONS/POPULATION_0002/INDIVIDUAL_WDUZPMKS/model.so POPULATIONS/POPULATION_0002/INDIVIDUAL_WDUZPMKS/model.o -L/usr/lib/R/lib -lR\nStarting model phases\nNumber of phases: 3 \nPhase 1 \nError in model phases: Error when reading the variable: 'log_params'. Please check data and parameters.",
      "stderr": "Loading required package: TMB\nLoading required package: jsonlite\nhere() starts at /home/spi085/Documents/_Projects/SCCP-QuantModelling\nusing C++ compiler: \u2018g++ (Ubuntu 13.3.0-6ubuntu2~24.04) 13.3.0\u2019\nError in value[[3L]](cond) : \n  Error in model phases: Error when reading the variable: 'log_params'. Please check data and parameters.\nCalls: tryCatch -> tryCatchList -> tryCatchOne -> <Anonymous>\nIn addition: Warning message:\nIn getParameterOrder(data, parameters, new.env(), DLL = DLL) :\n  Expected object. Got NULL.\nExecution halted"
    },
    "4": {
      "status": "ERROR",
      "message": "R script failed with return code 1",
      "stdout": "g++ -std=gnu++17 -I\"/usr/share/R/include\" -DNDEBUG -I\"/home/spi085/R/x86_64-pc-linux-gnu-library/4.4/TMB/include\" -I\"/home/spi085/R/x86_64-pc-linux-gnu-library/4.4/RcppEigen/include\"   -DTMB_EIGEN_DISABLE_WARNINGS   -DTMB_LIB_INIT=R_init_model  -DCPPAD_FRAMEWORK      -fpic  -O2  -c POPULATIONS/POPULATION_0002/INDIVIDUAL_WDUZPMKS/model.cpp -o POPULATIONS/POPULATION_0002/INDIVIDUAL_WDUZPMKS/model.o\ng++ -std=gnu++17 -shared -L/usr/lib/R/lib -Wl,-Bsymbolic-functions -flto=auto -ffat-lto-objects -Wl,-z,relro -o POPULATIONS/POPULATION_0002/INDIVIDUAL_WDUZPMKS/model.so POPULATIONS/POPULATION_0002/INDIVIDUAL_WDUZPMKS/model.o -L/usr/lib/R/lib -lR\nStarting model phases\nNumber of phases: 3 \nPhase 1 \nInitial parameter values for phase 1 :\nr_cots r_fast r_slow a_fast a_slow  T_opt \n    NA     NA     NA     NA     NA     28 \nError in model phases: NA/NaN gradient evaluation",
      "stderr": "Loading required package: TMB\nLoading required package: jsonlite\nhere() starts at /home/spi085/Documents/_Projects/SCCP-QuantModelling\nusing C++ compiler: \u2018g++ (Ubuntu 13.3.0-6ubuntu2~24.04) 13.3.0\u2019\nError in value[[3L]](cond) : \n  Error in model phases: NA/NaN gradient evaluation\nCalls: tryCatch -> tryCatchList -> tryCatchOne -> <Anonymous>\nIn addition: Warning message:\nIn nlminb(model$par, model$fn, model$gr) : NA/NaN function evaluation\nExecution halted"
    },
    "5": {
      "status": "ERROR",
      "message": "R script failed with return code 1",
      "stdout": "g++ -std=gnu++17 -I\"/usr/share/R/include\" -DNDEBUG -I\"/home/spi085/R/x86_64-pc-linux-gnu-library/4.4/TMB/include\" -I\"/home/spi085/R/x86_64-pc-linux-gnu-library/4.4/RcppEigen/include\"   -DTMB_EIGEN_DISABLE_WARNINGS   -DTMB_LIB_INIT=R_init_model  -DCPPAD_FRAMEWORK      -fpic  -O2  -c POPULATIONS/POPULATION_0002/INDIVIDUAL_WDUZPMKS/model.cpp -o POPULATIONS/POPULATION_0002/INDIVIDUAL_WDUZPMKS/model.o\ng++ -std=gnu++17 -shared -L/usr/lib/R/lib -Wl,-Bsymbolic-functions -flto=auto -ffat-lto-objects -Wl,-z,relro -o POPULATIONS/POPULATION_0002/INDIVIDUAL_WDUZPMKS/model.so POPULATIONS/POPULATION_0002/INDIVIDUAL_WDUZPMKS/model.o -L/usr/lib/R/lib -lR\nStarting model phases\nNumber of phases: 3 \nPhase 1 \nInitial parameter values for phase 1 :\nr_cots r_fast r_slow a_fast a_slow  T_opt \n    NA     NA     NA     NA     NA     28 \nError in model phases: NA/NaN gradient evaluation",
      "stderr": "Loading required package: TMB\nLoading required package: jsonlite\nhere() starts at /home/spi085/Documents/_Projects/SCCP-QuantModelling\nusing C++ compiler: \u2018g++ (Ubuntu 13.3.0-6ubuntu2~24.04) 13.3.0\u2019\nError in value[[3L]](cond) : \n  Error in model phases: NA/NaN gradient evaluation\nCalls: tryCatch -> tryCatchList -> tryCatchOne -> <Anonymous>\nIn addition: Warning message:\nIn nlminb(model$par, model$fn, model$gr) : NA/NaN function evaluation\nExecution halted"
    },
    "6": {
      "status": "ERROR",
      "message": "R script failed with return code 1",
      "stdout": "g++ -std=gnu++17 -I\"/usr/share/R/include\" -DNDEBUG -I\"/home/spi085/R/x86_64-pc-linux-gnu-library/4.4/TMB/include\" -I\"/home/spi085/R/x86_64-pc-linux-gnu-library/4.4/RcppEigen/include\"   -DTMB_EIGEN_DISABLE_WARNINGS   -DTMB_LIB_INIT=R_init_model  -DCPPAD_FRAMEWORK      -fpic  -O2  -c POPULATIONS/POPULATION_0002/INDIVIDUAL_WDUZPMKS/model.cpp -o POPULATIONS/POPULATION_0002/INDIVIDUAL_WDUZPMKS/model.o\ng++ -std=gnu++17 -shared -L/usr/lib/R/lib -Wl,-Bsymbolic-functions -flto=auto -ffat-lto-objects -Wl,-z,relro -o POPULATIONS/POPULATION_0002/INDIVIDUAL_WDUZPMKS/model.so POPULATIONS/POPULATION_0002/INDIVIDUAL_WDUZPMKS/model.o -L/usr/lib/R/lib -lR\nStarting model phases\nNumber of phases: 3 \nPhase 1 \nInitial parameter values for phase 1 :\nr_cots r_fast r_slow a_fast a_slow  T_opt \n    NA     NA     NA     NA     NA     28 \nError in model phases: NA/NaN gradient evaluation",
      "stderr": "Loading required package: TMB\nLoading required package: jsonlite\nhere() starts at /home/spi085/Documents/_Projects/SCCP-QuantModelling\nusing C++ compiler: \u2018g++ (Ubuntu 13.3.0-6ubuntu2~24.04) 13.3.0\u2019\nError in value[[3L]](cond) : \n  Error in model phases: NA/NaN gradient evaluation\nCalls: tryCatch -> tryCatchList -> tryCatchOne -> <Anonymous>\nIn addition: Warning message:\nIn nlminb(model$par, model$fn, model$gr) : NA/NaN function evaluation\nExecution halted"
    },
    "7": {
      "status": "BROKEN"
    }
  }
}