{
  "iterations": {
    "1": {
      "status": "ERROR",
      "message": "R script failed with return code 1",
      "stdout": "g++ -std=gnu++17  -I\"C:/Users/spi085/AppData/Local/Programs/R/R-4.4.1/include\" -DNDEBUG -I\"C:/Users/spi085/AppData/Local/Programs/R/R-44~1.1/library/TMB/include\" -I\"C:/Users/spi085/AppData/Local/Programs/R/R-44~1.1/library/RCPPEI~1/include\"   -DTMB_EIGEN_DISABLE_WARNINGS   -DTMB_LIB_INIT=R_init_model  -DCPPAD_FRAMEWORK    -I\"C:/rtools44/x86_64-w64-mingw32.static.posix/include\"     -O2 -Wa,-mbig-obj -c POPULATIONS//POPULATION_0013//INDIVIDUAL_B878MRIC/model.cpp -o POPULATIONS//POPULATION_0013//INDIVIDUAL_B878MRIC/model.o\ng++ -std=gnu++17 -shared -s -static-libgcc -o POPULATIONS//POPULATION_0013//INDIVIDUAL_B878MRIC/model.dll tmp.def POPULATIONS//POPULATION_0013//INDIVIDUAL_B878MRIC/model.o -LC:/rtools44/x86_64-w64-mingw32.static.posix/lib/x64 -LC:/rtools44/x86_64-w64-mingw32.static.posix/lib -LC:/Users/spi085/AppData/Local/Programs/R/R-4.4.1/bin/x64 -lR\nStarting model phases\nNumber of phases: 3 \nPhase 1 \nInitial parameter values for phase 1 :\n  r_cots temp_opt   a_slow   a_fast   q_slow   q_fast   r_slow   r_fast \n      NA       27       NA       NA       NA       NA       NA       NA \nError in model phases: NA/NaN gradient evaluation",
      "stderr": "Loading required package: TMB\nLoading required package: jsonlite\nhere() starts at C:/Users/spi085/OneDrive - CSIRO/Documents/_Projects/SCCP-QuantModelling\nusing C++ compiler: 'G__~1.EXE (GCC) 13.2.0'\nError in value[[3L]](cond) : \n  Error in model phases: NA/NaN gradient evaluation\nCalls: tryCatch -> tryCatchList -> tryCatchOne -> <Anonymous>\nIn addition: Warning message:\nIn nlminb(model$par, model$fn, model$gr) : NA/NaN function evaluation\nExecution halted"
    },
    "2": {
      "status": "ERROR",
      "message": "R script failed with return code 1",
      "stdout": "g++ -std=gnu++17  -I\"C:/Users/spi085/AppData/Local/Programs/R/R-4.4.1/include\" -DNDEBUG -I\"C:/Users/spi085/AppData/Local/Programs/R/R-44~1.1/library/TMB/include\" -I\"C:/Users/spi085/AppData/Local/Programs/R/R-44~1.1/library/RCPPEI~1/include\"   -DTMB_EIGEN_DISABLE_WARNINGS   -DTMB_LIB_INIT=R_init_model  -DCPPAD_FRAMEWORK    -I\"C:/rtools44/x86_64-w64-mingw32.static.posix/include\"     -O2 -Wa,-mbig-obj -c POPULATIONS//POPULATION_0013//INDIVIDUAL_B878MRIC/model.cpp -o POPULATIONS//POPULATION_0013//INDIVIDUAL_B878MRIC/model.o\ng++ -std=gnu++17 -shared -s -static-libgcc -o POPULATIONS//POPULATION_0013//INDIVIDUAL_B878MRIC/model.dll tmp.def POPULATIONS//POPULATION_0013//INDIVIDUAL_B878MRIC/model.o -LC:/rtools44/x86_64-w64-mingw32.static.posix/lib/x64 -LC:/rtools44/x86_64-w64-mingw32.static.posix/lib -LC:/Users/spi085/AppData/Local/Programs/R/R-4.4.1/bin/x64 -lR\nStarting model phases\nNumber of phases: 3 \nPhase 1 \nInitial parameter values for phase 1 :\n  r_cots temp_opt   a_slow   a_fast   q_slow   q_fast   r_slow   r_fast \n      NA       27       NA       NA       NA       NA       NA       NA \nError in model phases: NA/NaN gradient evaluation",
      "stderr": "Loading required package: TMB\nLoading required package: jsonlite\nhere() starts at C:/Users/spi085/OneDrive - CSIRO/Documents/_Projects/SCCP-QuantModelling\nusing C++ compiler: 'G__~1.EXE (GCC) 13.2.0'\nError in value[[3L]](cond) : \n  Error in model phases: NA/NaN gradient evaluation\nCalls: tryCatch -> tryCatchList -> tryCatchOne -> <Anonymous>\nIn addition: Warning message:\nIn nlminb(model$par, model$fn, model$gr) : NA/NaN function evaluation\nExecution halted"
    },
    "3": {
      "status": "ERROR",
      "message": "Model failed to compile.",
      "stdout": "g++ -std=gnu++17  -I\"C:/Users/spi085/AppData/Local/Programs/R/R-4.4.1/include\" -DNDEBUG -I\"C:/Users/spi085/AppData/Local/Programs/R/R-44~1.1/library/TMB/include\" -I\"C:/Users/spi085/AppData/Local/Programs/R/R-44~1.1/library/RCPPEI~1/include\"   -DTMB_EIGEN_DISABLE_WARNINGS   -DTMB_LIB_INIT=R_init_model  -DCPPAD_FRAMEWORK    -I\"C:/rtools44/x86_64-w64-mingw32.static.posix/include\"     -O2 -Wa,-mbig-obj -c POPULATIONS//POPULATION_0013//INDIVIDUAL_B878MRIC/model.cpp -o POPULATIONS//POPULATION_0013//INDIVIDUAL_B878MRIC/model.o",
      "stderr": "Loading required package: TMB\nLoading required package: jsonlite\nhere() starts at C:/Users/spi085/OneDrive - CSIRO/Documents/_Projects/SCCP-QuantModelling\nusing C++ compiler: 'G__~1.EXE (GCC) 13.2.0'\nPOPULATIONS//POPULATION_0013//INDIVIDUAL_B878MRIC/model.cpp: In instantiation of 'Type objective_function<Type>::operator()() [with Type = CppAD::AD<double>]':\nC:/Users/spi085/AppData/Local/Programs/R/R-4.4.1/library/TMB/include/tmb_core.hpp:1308:6:   required from here\nPOPULATIONS//POPULATION_0013//INDIVIDUAL_B878MRIC/model.cpp:89:44: error: no matching function for call to 'min(CppAD::AD<double>, Eigen::DenseCoeffsBase<Eigen::Array<CppAD::AD<double>, -1, 1, 0, -1, 1>, 1>::Scalar&)'\n   89 |     Type pred_cots = log(max(Type(eps), min(Type(10.0), cots_pred(t))));\n      |                                         ~~~^~~~~~~~~~~~~~~~~~~~~~~~~~\nIn file included from C:/Users/spi085/AppData/Local/Programs/R/R-4.4.1/library/TMB/include/TMB.hpp:215,\n                 from POPULATIONS//POPULATION_0013//INDIVIDUAL_B878MRIC/model.cpp:1:\nC:/Users/spi085/AppData/Local/Programs/R/R-4.4.1/library/TMB/include/convenience.hpp:156:6: note: candidate: 'template<class Type> Type min(const tmbutils::vector<Type>&)'\n  156 | Type min(const vector<Type> &x)\n      |      ^~~\nC:/Users/spi085/AppData/Local/Programs/R/R-4.4.1/library/TMB/include/convenience.hpp:156:6: note:   template argument deduction/substitution failed:\nPOPULATIONS//POPULATION_0013//INDIVIDUAL_B878MRIC/model.cpp:89:44: note:   'CppAD::AD<double>' is not derived from 'const tmbutils::vector<Type>'\n   89 |     Type pred_cots = log(max(Type(eps), min(Type(10.0), cots_pred(t))));\n      |                                         ~~~^~~~~~~~~~~~~~~~~~~~~~~~~~\nPOPULATIONS//POPULATION_0013//INDIVIDUAL_B878MRIC/model.cpp:90:44: error: no matching function for call to 'min(CppAD::AD<double>, Eigen::DenseCoeffsBase<Eigen::Array<CppAD::AD<double>, -1, 1, 0, -1, 1>, 1>::Scalar&)'\n   90 |     Type pred_slow = log(max(Type(eps), min(Type(100.0), slow_pred(t))));\n      |                                         ~~~^~~~~~~~~~~~~~~~~~~~~~~~~~~\nC:/Users/spi085/AppData/Local/Programs/R/R-4.4.1/library/TMB/include/convenience.hpp:156:6: note: candidate: 'template<class Type> Type min(const tmbutils::vector<Type>&)'\n  156 | Type min(const vector<Type> &x)\n      |      ^~~\nC:/Users/spi085/AppData/Local/Programs/R/R-4.4.1/library/TMB/include/convenience.hpp:156:6: note:   template argument deduction/substitution failed:\nPOPULATIONS//POPULATION_0013//INDIVIDUAL_B878MRIC/model.cpp:90:44: note:   'CppAD::AD<double>' is not derived from 'const tmbutils::vector<Type>'\n   90 |     Type pred_slow = log(max(Type(eps), min(Type(100.0), slow_pred(t))));\n      |                                         ~~~^~~~~~~~~~~~~~~~~~~~~~~~~~~\nPOPULATIONS//POPULATION_0013//INDIVIDUAL_B878MRIC/model.cpp:91:44: error: no matching function for call to 'min(CppAD::AD<double>, Eigen::DenseCoeffsBase<Eigen::Array<CppAD::AD<double>, -1, 1, 0, -1, 1>, 1>::Scalar&)'\n   91 |     Type pred_fast = log(max(Type(eps), min(Type(100.0), fast_pred(t))));\n      |                                         ~~~^~~~~~~~~~~~~~~~~~~~~~~~~~~\nC:/Users/spi085/AppData/Local/Programs/R/R-4.4.1/library/TMB/include/convenience.hpp:156:6: note: candidate: 'template<class Type> Type min(const tmbutils::vector<Type>&)'\n  156 | Type min(const vector<Type> &x)\n      |      ^~~\nC:/Users/spi085/AppData/Local/Programs/R/R-4.4.1/library/TMB/include/convenience.hpp:156:6: note:   template argument deduction/substitution failed:\nPOPULATIONS//POPULATION_0013//INDIVIDUAL_B878MRIC/model.cpp:91:44: note:   'CppAD::AD<double>' is not derived from 'const tmbutils::vector<Type>'\n   91 |     Type pred_fast = log(max(Type(eps), min(Type(100.0), fast_pred(t))));\n      |                                         ~~~^~~~~~~~~~~~~~~~~~~~~~~~~~~\nPOPULATIONS//POPULATION_0013//INDIVIDUAL_B878MRIC/model.cpp: In instantiation of 'Type objective_function<Type>::operator()() [with Type = double]':\nC:/Users/spi085/AppData/Local/Programs/R/R-4.4.1/library/TMB/include/tmb_core.hpp:2031:7:   required from here\nPOPULATIONS//POPULATION_0013//INDIVIDUAL_B878MRIC/model.cpp:89:44: error: no matching function for call to 'min(double, Eigen::DenseCoeffsBase<Eigen::Array<double, -1, 1>, 1>::Scalar&)'\n   89 |     Type pred_cots = log(max(Type(eps), min(Type(10.0), cots_pred(t))));\n      |                                         ~~~^~~~~~~~~~~~~~~~~~~~~~~~~~\nC:/Users/spi085/AppData/Local/Programs/R/R-4.4.1/library/TMB/include/convenience.hpp:156:6: note: candidate: 'template<class Type> Type min(const tmbutils::vector<Type>&)'\n  156 | Type min(const vector<Type> &x)\n      |      ^~~\nC:/Users/spi085/AppData/Local/Programs/R/R-4.4.1/library/TMB/include/convenience.hpp:156:6: note:   template argument deduction/substitution failed:\nPOPULATIONS//POPULATION_0013//INDIVIDUAL_B878MRIC/model.cpp:89:44: note:   mismatched types 'const tmbutils::vector<Type>' and 'double'\n   89 |     Type pred_cots = log(max(Type(eps), min(Type(10.0), cots_pred(t))));\n      |                                         ~~~^~~~~~~~~~~~~~~~~~~~~~~~~~\nPOPULATIONS//POPULATION_0013//INDIVIDUAL_B878MRIC/model.cpp:90:44: error: no matching function for call to 'min(double, Eigen::DenseCoeffsBase<Eigen::Array<double, -1, 1>, 1>::Scalar&)'\n   90 |     Type pred_slow = log(max(Type(eps), min(Type(100.0), slow_pred(t))));\n      |                                         ~~~^~~~~~~~~~~~~~~~~~~~~~~~~~~\nC:/Users/spi085/AppData/Local/Programs/R/R-4.4.1/library/TMB/include/convenience.hpp:156:6: note: candidate: 'template<class Type> Type min(const tmbutils::vector<Type>&)'\n  156 | Type min(const vector<Type> &x)\n      |      ^~~\nC:/Users/spi085/AppData/Local/Programs/R/R-4.4.1/library/TMB/include/convenience.hpp:156:6: note:   template argument deduction/substitution failed:\nPOPULATIONS//POPULATION_0013//INDIVIDUAL_B878MRIC/model.cpp:90:44: note:   mismatched types 'const tmbutils::vector<Type>' and 'double'\n   90 |     Type pred_slow = log(max(Type(eps), min(Type(100.0), slow_pred(t))));\n      |                                         ~~~^~~~~~~~~~~~~~~~~~~~~~~~~~~\nPOPULATIONS//POPULATION_0013//INDIVIDUAL_B878MRIC/model.cpp:91:44: error: no matching function for call to 'min(double, Eigen::DenseCoeffsBase<Eigen::Array<double, -1, 1>, 1>::Scalar&)'\n   91 |     Type pred_fast = log(max(Type(eps), min(Type(100.0), fast_pred(t))));\n      |                                         ~~~^~~~~~~~~~~~~~~~~~~~~~~~~~~\nC:/Users/spi085/AppData/Local/Programs/R/R-4.4.1/library/TMB/include/convenience.hpp:156:6: note: candidate: 'template<class Type> Type min(const tmbutils::vector<Type>&)'\n  156 | Type min(const vector<Type> &x)\n      |      ^~~\nC:/Users/spi085/AppData/Local/Programs/R/R-4.4.1/library/TMB/include/convenience.hpp:156:6: note:   template argument deduction/substitution failed:\nPOPULATIONS//POPULATION_0013//INDIVIDUAL_B878MRIC/model.cpp:91:44: note:   mismatched types 'const tmbutils::vector<Type>' and 'double'\n   91 |     Type pred_fast = log(max(Type(eps), min(Type(100.0), fast_pred(t))));\n      |                                         ~~~^~~~~~~~~~~~~~~~~~~~~~~~~~~\nPOPULATIONS//POPULATION_0013//INDIVIDUAL_B878MRIC/model.cpp: In instantiation of 'Type objective_function<Type>::operator()() [with Type = CppAD::AD<CppAD::AD<double> >]':\nC:/Users/spi085/AppData/Local/Programs/R/R-4.4.1/library/TMB/include/tmb_core.hpp:913:29:   required from 'Type objective_function<Type>::evalUserTemplate() [with Type = CppAD::AD<CppAD::AD<double> >]'\nC:/Users/spi085/AppData/Local/Programs/R/R-4.4.1/library/TMB/include/tmb_core.hpp:2112:26:   required from here\nPOPULATIONS//POPULATION_0013//INDIVIDUAL_B878MRIC/model.cpp:89:44: error: no matching function for call to 'min(CppAD::AD<CppAD::AD<double> >, Eigen::DenseCoeffsBase<Eigen::Array<CppAD::AD<CppAD::AD<double> >, -1, 1, 0, -1, 1>, 1>::Scalar&)'\n   89 |     Type pred_cots = log(max(Type(eps), min(Type(10.0), cots_pred(t))));\n      |                                         ~~~^~~~~~~~~~~~~~~~~~~~~~~~~~\nC:/Users/spi085/AppData/Local/Programs/R/R-4.4.1/library/TMB/include/convenience.hpp:156:6: note: candidate: 'template<class Type> Type min(const tmbutils::vector<Type>&)'\n  156 | Type min(const vector<Type> &x)\n      |      ^~~\nC:/Users/spi085/AppData/Local/Programs/R/R-4.4.1/library/TMB/include/convenience.hpp:156:6: note:   template argument deduction/substitution failed:\nPOPULATIONS//POPULATION_0013//INDIVIDUAL_B878MRIC/model.cpp:89:44: note:   'CppAD::AD<CppAD::AD<double> >' is not derived from 'const tmbutils::vector<Type>'\n   89 |     Type pred_cots = log(max(Type(eps), min(Type(10.0), cots_pred(t))));\n      |                                         ~~~^~~~~~~~~~~~~~~~~~~~~~~~~~\nPOPULATIONS//POPULATION_0013//INDIVIDUAL_B878MRIC/model.cpp:90:44: error: no matching function for call to 'min(CppAD::AD<CppAD::AD<double> >, Eigen::DenseCoeffsBase<Eigen::Array<CppAD::AD<CppAD::AD<double> >, -1, 1, 0, -1, 1>, 1>::Scalar&)'\n   90 |     Type pred_slow = log(max(Type(eps), min(Type(100.0), slow_pred(t))));\n      |                                         ~~~^~~~~~~~~~~~~~~~~~~~~~~~~~~\nC:/Users/spi085/AppData/Local/Programs/R/R-4.4.1/library/TMB/include/convenience.hpp:156:6: note: candidate: 'template<class Type> Type min(const tmbutils::vector<Type>&)'\n  156 | Type min(const vector<Type> &x)\n      |      ^~~\nC:/Users/spi085/AppData/Local/Programs/R/R-4.4.1/library/TMB/include/convenience.hpp:156:6: note:   template argument deduction/substitution failed:\nPOPULATIONS//POPULATION_0013//INDIVIDUAL_B878MRIC/model.cpp:90:44: note:   'CppAD::AD<CppAD::AD<double> >' is not derived from 'const tmbutils::vector<Type>'\n   90 |     Type pred_slow = log(max(Type(eps), min(Type(100.0), slow_pred(t))));\n      |                                         ~~~^~~~~~~~~~~~~~~~~~~~~~~~~~~\nPOPULATIONS//POPULATION_0013//INDIVIDUAL_B878MRIC/model.cpp:91:44: error: no matching function for call to 'min(CppAD::AD<CppAD::AD<double> >, Eigen::DenseCoeffsBase<Eigen::Array<CppAD::AD<CppAD::AD<double> >, -1, 1, 0, -1, 1>, 1>::Scalar&)'\n   91 |     Type pred_fast = log(max(Type(eps), min(Type(100.0), fast_pred(t))));\n      |                                         ~~~^~~~~~~~~~~~~~~~~~~~~~~~~~~\nC:/Users/spi085/AppData/Local/Programs/R/R-4.4.1/library/TMB/include/convenience.hpp:156:6: note: candidate: 'template<class Type> Type min(const tmbutils::vector<Type>&)'\n  156 | Type min(const vector<Type> &x)\n      |      ^~~\nC:/Users/spi085/AppData/Local/Programs/R/R-4.4.1/library/TMB/include/convenience.hpp:156:6: note:   template argument deduction/substitution failed:\nPOPULATIONS//POPULATION_0013//INDIVIDUAL_B878MRIC/model.cpp:91:44: note:   'CppAD::AD<CppAD::AD<double> >' is not derived from 'const tmbutils::vector<Type>'\n   91 |     Type pred_fast = log(max(Type(eps), min(Type(100.0), fast_pred(t))));\n      |                                         ~~~^~~~~~~~~~~~~~~~~~~~~~~~~~~\nPOPULATIONS//POPULATION_0013//INDIVIDUAL_B878MRIC/model.cpp: In instantiation of 'Type objective_function<Type>::operator()() [with Type = CppAD::AD<CppAD::AD<CppAD::AD<double> > >]':\nC:/Users/spi085/AppData/Local/Programs/R/R-4.4.1/library/TMB/include/tmb_core.hpp:913:29:   required from 'Type objective_function<Type>::evalUserTemplate() [with Type = CppAD::AD<CppAD::AD<CppAD::AD<double> > >]'\nC:/Users/spi085/AppData/Local/Programs/R/R-4.4.1/library/TMB/include/tmb_core.hpp:2361:28:   required from here\nPOPULATIONS//POPULATION_0013//INDIVIDUAL_B878MRIC/model.cpp:89:44: error: no matching function for call to 'min(CppAD::AD<CppAD::AD<CppAD::AD<double> > >, Eigen::DenseCoeffsBase<Eigen::Array<CppAD::AD<CppAD::AD<CppAD::AD<double> > >, -1, 1, 0, -1, 1>, 1>::Scalar&)'\n   89 |     Type pred_cots = log(max(Type(eps), min(Type(10.0), cots_pred(t))));\n      |                                         ~~~^~~~~~~~~~~~~~~~~~~~~~~~~~\nC:/Users/spi085/AppData/Local/Programs/R/R-4.4.1/library/TMB/include/convenience.hpp:156:6: note: candidate: 'template<class Type> Type min(const tmbutils::vector<Type>&)'\n  156 | Type min(const vector<Type> &x)\n      |      ^~~\nC:/Users/spi085/AppData/Local/Programs/R/R-4.4.1/library/TMB/include/convenience.hpp:156:6: note:   template argument deduction/substitution failed:\nPOPULATIONS//POPULATION_0013//INDIVIDUAL_B878MRIC/model.cpp:89:44: note:   'CppAD::AD<CppAD::AD<CppAD::AD<double> > >' is not derived from 'const tmbutils::vector<Type>'\n   89 |     Type pred_cots = log(max(Type(eps), min(Type(10.0), cots_pred(t))));\n      |                                         ~~~^~~~~~~~~~~~~~~~~~~~~~~~~~\nPOPULATIONS//POPULATION_0013//INDIVIDUAL_B878MRIC/model.cpp:90:44: error: no matching function for call to 'min(CppAD::AD<CppAD::AD<CppAD::AD<double> > >, Eigen::DenseCoeffsBase<Eigen::Array<CppAD::AD<CppAD::AD<CppAD::AD<double> > >, -1, 1, 0, -1, 1>, 1>::Scalar&)'\n   90 |     Type pred_slow = log(max(Type(eps), min(Type(100.0), slow_pred(t))));\n      |                                         ~~~^~~~~~~~~~~~~~~~~~~~~~~~~~~\nC:/Users/spi085/AppData/Local/Programs/R/R-4.4.1/library/TMB/include/convenience.hpp:156:6: note: candidate: 'template<class Type> Type min(const tmbutils::vector<Type>&)'\n  156 | Type min(const vector<Type> &x)\n      |      ^~~\nC:/Users/spi085/AppData/Local/Programs/R/R-4.4.1/library/TMB/include/convenience.hpp:156:6: note:   template argument deduction/substitution failed:\nPOPULATIONS//POPULATION_0013//INDIVIDUAL_B878MRIC/model.cpp:90:44: note:   'CppAD::AD<CppAD::AD<CppAD::AD<double> > >' is not derived from 'const tmbutils::vector<Type>'\n   90 |     Type pred_slow = log(max(Type(eps), min(Type(100.0), slow_pred(t))));\n      |                                         ~~~^~~~~~~~~~~~~~~~~~~~~~~~~~~\nPOPULATIONS//POPULATION_0013//INDIVIDUAL_B878MRIC/model.cpp:91:44: error: no matching function for call to 'min(CppAD::AD<CppAD::AD<CppAD::AD<double> > >, Eigen::DenseCoeffsBase<Eigen::Array<CppAD::AD<CppAD::AD<CppAD::AD<double> > >, -1, 1, 0, -1, 1>, 1>::Scalar&)'\n   91 |     Type pred_fast = log(max(Type(eps), min(Type(100.0), fast_pred(t))));\n      |                                         ~~~^~~~~~~~~~~~~~~~~~~~~~~~~~~\nC:/Users/spi085/AppData/Local/Programs/R/R-4.4.1/library/TMB/include/convenience.hpp:156:6: note: candidate: 'template<class Type> Type min(const tmbutils::vector<Type>&)'\n  156 | Type min(const vector<Type> &x)\n      |      ^~~\nC:/Users/spi085/AppData/Local/Programs/R/R-4.4.1/library/TMB/include/convenience.hpp:156:6: note:   template argument deduction/substitution failed:\nPOPULATIONS//POPULATION_0013//INDIVIDUAL_B878MRIC/model.cpp:91:44: note:   'CppAD::AD<CppAD::AD<CppAD::AD<double> > >' is not derived from 'const tmbutils::vector<Type>'\n   91 |     Type pred_fast = log(max(Type(eps), min(Type(100.0), fast_pred(t))));\n      |                                         ~~~^~~~~~~~~~~~~~~~~~~~~~~~~~~\nmake: *** [C:/Users/spi085/AppData/Local/Programs/R/R-4.4.1/etc/x64/Makeconf:296: POPULATIONS//POPULATION_0013//INDIVIDUAL_B878MRIC/model.o] Error 1\nError in TMB::compile(file.path(individual_dir, model_file), flags = flags,  : \n  Compilation failed\nError: Compilation failed\nExecution halted"
    },
    "4": {
      "status": "ERROR",
      "message": "R script failed with return code 1",
      "stdout": "g++ -std=gnu++17  -I\"C:/Users/spi085/AppData/Local/Programs/R/R-4.4.1/include\" -DNDEBUG -I\"C:/Users/spi085/AppData/Local/Programs/R/R-44~1.1/library/TMB/include\" -I\"C:/Users/spi085/AppData/Local/Programs/R/R-44~1.1/library/RCPPEI~1/include\"   -DTMB_EIGEN_DISABLE_WARNINGS   -DTMB_LIB_INIT=R_init_model  -DCPPAD_FRAMEWORK    -I\"C:/rtools44/x86_64-w64-mingw32.static.posix/include\"     -O2 -Wa,-mbig-obj -c POPULATIONS//POPULATION_0013//INDIVIDUAL_B878MRIC/model.cpp -o POPULATIONS//POPULATION_0013//INDIVIDUAL_B878MRIC/model.o\ng++ -std=gnu++17 -shared -s -static-libgcc -o POPULATIONS//POPULATION_0013//INDIVIDUAL_B878MRIC/model.dll tmp.def POPULATIONS//POPULATION_0013//INDIVIDUAL_B878MRIC/model.o -LC:/rtools44/x86_64-w64-mingw32.static.posix/lib/x64 -LC:/rtools44/x86_64-w64-mingw32.static.posix/lib -LC:/Users/spi085/AppData/Local/Programs/R/R-4.4.1/bin/x64 -lR\nStarting model phases\nNumber of phases: 3 \nPhase 1 \nInitial parameter values for phase 1 :\n  r_cots temp_opt   a_slow   a_fast   q_slow   q_fast   r_slow   r_fast \n      NA       27       NA       NA       NA       NA       NA       NA \nError in model phases: NA/NaN gradient evaluation",
      "stderr": "Loading required package: TMB\nLoading required package: jsonlite\nhere() starts at C:/Users/spi085/OneDrive - CSIRO/Documents/_Projects/SCCP-QuantModelling\nusing C++ compiler: 'G__~1.EXE (GCC) 13.2.0'\nError in value[[3L]](cond) : \n  Error in model phases: NA/NaN gradient evaluation\nCalls: tryCatch -> tryCatchList -> tryCatchOne -> <Anonymous>\nIn addition: Warning message:\nIn nlminb(model$par, model$fn, model$gr) : NA/NaN function evaluation\nExecution halted"
    },
    "5": {
      "status": "ERROR",
      "message": "R script failed with return code 1",
      "stdout": "g++ -std=gnu++17  -I\"C:/Users/spi085/AppData/Local/Programs/R/R-4.4.1/include\" -DNDEBUG -I\"C:/Users/spi085/AppData/Local/Programs/R/R-44~1.1/library/TMB/include\" -I\"C:/Users/spi085/AppData/Local/Programs/R/R-44~1.1/library/RCPPEI~1/include\"   -DTMB_EIGEN_DISABLE_WARNINGS   -DTMB_LIB_INIT=R_init_model  -DCPPAD_FRAMEWORK    -I\"C:/rtools44/x86_64-w64-mingw32.static.posix/include\"     -O2 -Wa,-mbig-obj -c POPULATIONS//POPULATION_0013//INDIVIDUAL_B878MRIC/model.cpp -o POPULATIONS//POPULATION_0013//INDIVIDUAL_B878MRIC/model.o\ng++ -std=gnu++17 -shared -s -static-libgcc -o POPULATIONS//POPULATION_0013//INDIVIDUAL_B878MRIC/model.dll tmp.def POPULATIONS//POPULATION_0013//INDIVIDUAL_B878MRIC/model.o -LC:/rtools44/x86_64-w64-mingw32.static.posix/lib/x64 -LC:/rtools44/x86_64-w64-mingw32.static.posix/lib -LC:/Users/spi085/AppData/Local/Programs/R/R-4.4.1/bin/x64 -lR",
      "stderr": "Loading required package: TMB\nLoading required package: jsonlite\nhere() starts at C:/Users/spi085/OneDrive - CSIRO/Documents/_Projects/SCCP-QuantModelling\nusing C++ compiler: 'G__~1.EXE (GCC) 13.2.0'\nC:\\rtools44\\x86_64-w64-mingw32.static.posix\\bin/ld.exe: cannot export _ZN5CppADltINS_2ADINS1_IdEEEEEEbRKNS1_IT_EES7_: symbol not defined\nC:\\rtools44\\x86_64-w64-mingw32.static.posix\\bin/ld.exe: cannot export _ZN5CppADltINS_2ADIdEEEEbRKNS1_IT_EES6_: symbol not defined\ncollect2.exe: error: ld returned 1 exit status\nError in inDL(x, as.logical(local), as.logical(now), ...) : \n  unable to load shared object 'C:/Users/spi085/OneDrive - CSIRO/Documents/_Projects/SCCP-QuantModelling/POPULATIONS//POPULATION_0013//INDIVIDUAL_B878MRIC/model.dll':\n  LoadLibrary failure:  The specified module could not be found.\nCalls: dyn.load -> inDL\nExecution halted"
    },
    "6": {
      "status": "ERROR",
      "message": "R script failed with return code 1",
      "stdout": "g++ -std=gnu++17  -I\"C:/Users/spi085/AppData/Local/Programs/R/R-4.4.1/include\" -DNDEBUG -I\"C:/Users/spi085/AppData/Local/Programs/R/R-44~1.1/library/TMB/include\" -I\"C:/Users/spi085/AppData/Local/Programs/R/R-44~1.1/library/RCPPEI~1/include\"   -DTMB_EIGEN_DISABLE_WARNINGS   -DTMB_LIB_INIT=R_init_model  -DCPPAD_FRAMEWORK    -I\"C:/rtools44/x86_64-w64-mingw32.static.posix/include\"     -O2 -Wa,-mbig-obj -c POPULATIONS//POPULATION_0013//INDIVIDUAL_B878MRIC/model.cpp -o POPULATIONS//POPULATION_0013//INDIVIDUAL_B878MRIC/model.o\ng++ -std=gnu++17 -shared -s -static-libgcc -o POPULATIONS//POPULATION_0013//INDIVIDUAL_B878MRIC/model.dll tmp.def POPULATIONS//POPULATION_0013//INDIVIDUAL_B878MRIC/model.o -LC:/rtools44/x86_64-w64-mingw32.static.posix/lib/x64 -LC:/rtools44/x86_64-w64-mingw32.static.posix/lib -LC:/Users/spi085/AppData/Local/Programs/R/R-4.4.1/bin/x64 -lR\nStarting model phases\nNumber of phases: 3 \nPhase 1 \nInitial parameter values for phase 1 :\n  r_cots temp_opt   a_slow   a_fast   q_slow   q_fast   r_slow   r_fast \n      NA       27       NA       NA       NA       NA       NA       NA \nError in model phases: NA/NaN gradient evaluation",
      "stderr": "Loading required package: TMB\nLoading required package: jsonlite\nhere() starts at C:/Users/spi085/OneDrive - CSIRO/Documents/_Projects/SCCP-QuantModelling\nusing C++ compiler: 'G__~1.EXE (GCC) 13.2.0'\nError in value[[3L]](cond) : \n  Error in model phases: NA/NaN gradient evaluation\nCalls: tryCatch -> tryCatchList -> tryCatchOne -> <Anonymous>\nIn addition: Warning message:\nIn nlminb(model$par, model$fn, model$gr) : NA/NaN function evaluation\nExecution halted"
    },
    "7": {
      "status": "BROKEN"
    }
  }
}