{
  "iterations": {
    "1": {
      "status": "ERROR",
      "message": "R script failed with return code 1",
      "stdout": "g++ -std=gnu++17 -I\"/usr/share/R/include\" -DNDEBUG -I\"/home/spi085/R/x86_64-pc-linux-gnu-library/4.4/TMB/include\" -I\"/home/spi085/R/x86_64-pc-linux-gnu-library/4.4/RcppEigen/include\"   -DTMB_EIGEN_DISABLE_WARNINGS   -DTMB_LIB_INIT=R_init_model  -DCPPAD_FRAMEWORK      -fpic  -O2  -c POPULATIONS/POPULATION_0006/INDIVIDUAL_7OSFWJAI/model.cpp -o POPULATIONS/POPULATION_0006/INDIVIDUAL_7OSFWJAI/model.o\ng++ -std=gnu++17 -shared -L/usr/lib/R/lib -Wl,-Bsymbolic-functions -flto=auto -ffat-lto-objects -Wl,-z,relro -o POPULATIONS/POPULATION_0006/INDIVIDUAL_7OSFWJAI/model.so POPULATIONS/POPULATION_0006/INDIVIDUAL_7OSFWJAI/model.o -L/usr/lib/R/lib -lR\nStarting model phases\nNumber of phases: 3 \nPhase 1 \nInitial parameter values for phase 1 :\n             r_cots        m_cots_adult          m_cots_juv     maturation_rate \n               9.00                1.25                  NA                  NA \n             a_fast              a_slow              r_fast              r_slow \n                 NA                  NA                  NA                  NA \n         imm_effect recovery_delay_fast recovery_delay_slow \n                 NA                  NA                  NA \nError in model phases: NA/NaN gradient evaluation",
      "stderr": "Loading required package: TMB\nLoading required package: jsonlite\nhere() starts at /home/spi085/Documents/_Projects/SCCP-QuantModelling\nusing C++ compiler: \u2018g++ (Ubuntu 13.3.0-6ubuntu2~24.04) 13.3.0\u2019\nError in value[[3L]](cond) : \n  Error in model phases: NA/NaN gradient evaluation\nCalls: tryCatch -> tryCatchList -> tryCatchOne -> <Anonymous>\nIn addition: Warning message:\nIn nlminb(model$par, model$fn, model$gr) : NA/NaN function evaluation\nExecution halted"
    },
    "2": {
      "status": "ERROR",
      "message": "R script failed with return code 1",
      "stdout": "g++ -std=gnu++17 -I\"/usr/share/R/include\" -DNDEBUG -I\"/home/spi085/R/x86_64-pc-linux-gnu-library/4.4/TMB/include\" -I\"/home/spi085/R/x86_64-pc-linux-gnu-library/4.4/RcppEigen/include\"   -DTMB_EIGEN_DISABLE_WARNINGS   -DTMB_LIB_INIT=R_init_model  -DCPPAD_FRAMEWORK      -fpic  -O2  -c POPULATIONS/POPULATION_0006/INDIVIDUAL_7OSFWJAI/model.cpp -o POPULATIONS/POPULATION_0006/INDIVIDUAL_7OSFWJAI/model.o\ng++ -std=gnu++17 -shared -L/usr/lib/R/lib -Wl,-Bsymbolic-functions -flto=auto -ffat-lto-objects -Wl,-z,relro -o POPULATIONS/POPULATION_0006/INDIVIDUAL_7OSFWJAI/model.so POPULATIONS/POPULATION_0006/INDIVIDUAL_7OSFWJAI/model.o -L/usr/lib/R/lib -lR\nStarting model phases\nNumber of phases: 3 \nPhase 1 \nInitial parameter values for phase 1 :\n             r_cots        m_cots_adult          m_cots_juv     maturation_rate \n               9.00                1.25                  NA                  NA \n             a_fast              a_slow              r_fast              r_slow \n                 NA                  NA                  NA                  NA \n         imm_effect recovery_delay_fast recovery_delay_slow \n                 NA                  NA                  NA \nError in model phases: NA/NaN gradient evaluation",
      "stderr": "Loading required package: TMB\nLoading required package: jsonlite\nhere() starts at /home/spi085/Documents/_Projects/SCCP-QuantModelling\nusing C++ compiler: \u2018g++ (Ubuntu 13.3.0-6ubuntu2~24.04) 13.3.0\u2019\nError in value[[3L]](cond) : \n  Error in model phases: NA/NaN gradient evaluation\nCalls: tryCatch -> tryCatchList -> tryCatchOne -> <Anonymous>\nIn addition: Warning message:\nIn nlminb(model$par, model$fn, model$gr) : NA/NaN function evaluation\nExecution halted"
    },
    "3": {
      "status": "ERROR",
      "message": "R script failed with return code 1",
      "stdout": "g++ -std=gnu++17 -I\"/usr/share/R/include\" -DNDEBUG -I\"/home/spi085/R/x86_64-pc-linux-gnu-library/4.4/TMB/include\" -I\"/home/spi085/R/x86_64-pc-linux-gnu-library/4.4/RcppEigen/include\"   -DTMB_EIGEN_DISABLE_WARNINGS   -DTMB_LIB_INIT=R_init_model  -DCPPAD_FRAMEWORK      -fpic  -O2  -c POPULATIONS/POPULATION_0006/INDIVIDUAL_7OSFWJAI/model.cpp -o POPULATIONS/POPULATION_0006/INDIVIDUAL_7OSFWJAI/model.o\ng++ -std=gnu++17 -shared -L/usr/lib/R/lib -Wl,-Bsymbolic-functions -flto=auto -ffat-lto-objects -Wl,-z,relro -o POPULATIONS/POPULATION_0006/INDIVIDUAL_7OSFWJAI/model.so POPULATIONS/POPULATION_0006/INDIVIDUAL_7OSFWJAI/model.o -L/usr/lib/R/lib -lR\nStarting model phases\nNumber of phases: 3 \nPhase 1 \nInitial parameter values for phase 1 :\n             r_cots        m_cots_adult          m_cots_juv     maturation_rate \n               9.00                1.25                  NA                  NA \n             a_fast              a_slow              r_fast              r_slow \n                 NA                  NA                  NA                  NA \n         imm_effect recovery_delay_fast recovery_delay_slow \n                 NA                  NA                  NA \nError in model phases: NA/NaN gradient evaluation",
      "stderr": "Loading required package: TMB\nLoading required package: jsonlite\nhere() starts at /home/spi085/Documents/_Projects/SCCP-QuantModelling\nusing C++ compiler: \u2018g++ (Ubuntu 13.3.0-6ubuntu2~24.04) 13.3.0\u2019\nError in value[[3L]](cond) : \n  Error in model phases: NA/NaN gradient evaluation\nCalls: tryCatch -> tryCatchList -> tryCatchOne -> <Anonymous>\nIn addition: Warning message:\nIn nlminb(model$par, model$fn, model$gr) : NA/NaN function evaluation\nExecution halted"
    },
    "4": {
      "status": "ERROR",
      "message": "Model failed to compile.",
      "stdout": "g++ -std=gnu++17 -I\"/usr/share/R/include\" -DNDEBUG -I\"/home/spi085/R/x86_64-pc-linux-gnu-library/4.4/TMB/include\" -I\"/home/spi085/R/x86_64-pc-linux-gnu-library/4.4/RcppEigen/include\"   -DTMB_EIGEN_DISABLE_WARNINGS   -DTMB_LIB_INIT=R_init_model  -DCPPAD_FRAMEWORK      -fpic  -O2  -c POPULATIONS/POPULATION_0006/INDIVIDUAL_7OSFWJAI/model.cpp -o POPULATIONS/POPULATION_0006/INDIVIDUAL_7OSFWJAI/model.o",
      "stderr": "Loading required package: TMB\nLoading required package: jsonlite\nhere() starts at /home/spi085/Documents/_Projects/SCCP-QuantModelling\nusing C++ compiler: \u2018g++ (Ubuntu 13.3.0-6ubuntu2~24.04) 13.3.0\u2019\nPOPULATIONS/POPULATION_0006/INDIVIDUAL_7OSFWJAI/model.cpp: In member function \u2018Type objective_function<Type>::operator()()\u2019:\nPOPULATIONS/POPULATION_0006/INDIVIDUAL_7OSFWJAI/model.cpp:117:32: error: no matching function for call to \u2018min(int&, int)\u2019\n  117 |     int fast_delay = max(1, min(t, static_cast<int>(recovery_delay_fast_pos)));\n      |                             ~~~^~~~~~~~~~~~~~~~~~~~~~~~~~~~~~~~~~~~~~~~~~~~~~\nIn file included from /home/spi085/R/x86_64-pc-linux-gnu-library/4.4/TMB/include/TMB.hpp:231,\n                 from POPULATIONS/POPULATION_0006/INDIVIDUAL_7OSFWJAI/model.cpp:1:\n/home/spi085/R/x86_64-pc-linux-gnu-library/4.4/TMB/include/convenience.hpp:156:6: note: candidate: \u2018template<class Type> Type min(const tmbutils::vector<Type>&)\u2019\n  156 | Type min(const vector<Type> &x)\n      |      ^~~\n/home/spi085/R/x86_64-pc-linux-gnu-library/4.4/TMB/include/convenience.hpp:156:6: note:   template argument deduction/substitution failed:\nPOPULATIONS/POPULATION_0006/INDIVIDUAL_7OSFWJAI/model.cpp:117:32: note:   mismatched types \u2018const tmbutils::vector<Type>\u2019 and \u2018int\u2019\n  117 |     int fast_delay = max(1, min(t, static_cast<int>(recovery_delay_fast_pos)));\n      |                             ~~~^~~~~~~~~~~~~~~~~~~~~~~~~~~~~~~~~~~~~~~~~~~~~~\nPOPULATIONS/POPULATION_0006/INDIVIDUAL_7OSFWJAI/model.cpp:118:32: error: no matching function for call to \u2018min(int&, int)\u2019\n  118 |     int slow_delay = max(1, min(t, static_cast<int>(recovery_delay_slow_pos)));\n      |                             ~~~^~~~~~~~~~~~~~~~~~~~~~~~~~~~~~~~~~~~~~~~~~~~~~\n/home/spi085/R/x86_64-pc-linux-gnu-library/4.4/TMB/include/convenience.hpp:156:6: note: candidate: \u2018template<class Type> Type min(const tmbutils::vector<Type>&)\u2019\n  156 | Type min(const vector<Type> &x)\n      |      ^~~\n/home/spi085/R/x86_64-pc-linux-gnu-library/4.4/TMB/include/convenience.hpp:156:6: note:   template argument deduction/substitution failed:\nPOPULATIONS/POPULATION_0006/INDIVIDUAL_7OSFWJAI/model.cpp:118:32: note:   mismatched types \u2018const tmbutils::vector<Type>\u2019 and \u2018int\u2019\n  118 |     int slow_delay = max(1, min(t, static_cast<int>(recovery_delay_slow_pos)));\n      |                             ~~~^~~~~~~~~~~~~~~~~~~~~~~~~~~~~~~~~~~~~~~~~~~~~~\nPOPULATIONS/POPULATION_0006/INDIVIDUAL_7OSFWJAI/model.cpp:240:34: error: no matching function for call to \u2018min(int&, int)\u2019\n  240 |       int fast_delay = max(1, min(t, static_cast<int>(recovery_delay_fast_pos)));\n      |                               ~~~^~~~~~~~~~~~~~~~~~~~~~~~~~~~~~~~~~~~~~~~~~~~~~\n/home/spi085/R/x86_64-pc-linux-gnu-library/4.4/TMB/include/convenience.hpp:156:6: note: candidate: \u2018template<class Type> Type min(const tmbutils::vector<Type>&)\u2019\n  156 | Type min(const vector<Type> &x)\n      |      ^~~\n/home/spi085/R/x86_64-pc-linux-gnu-library/4.4/TMB/include/convenience.hpp:156:6: note:   template argument deduction/substitution failed:\nPOPULATIONS/POPULATION_0006/INDIVIDUAL_7OSFWJAI/model.cpp:240:34: note:   mismatched types \u2018const tmbutils::vector<Type>\u2019 and \u2018int\u2019\n  240 |       int fast_delay = max(1, min(t, static_cast<int>(recovery_delay_fast_pos)));\n      |                               ~~~^~~~~~~~~~~~~~~~~~~~~~~~~~~~~~~~~~~~~~~~~~~~~~\nPOPULATIONS/POPULATION_0006/INDIVIDUAL_7OSFWJAI/model.cpp:241:34: error: no matching function for call to \u2018min(int&, int)\u2019\n  241 |       int slow_delay = max(1, min(t, static_cast<int>(recovery_delay_slow_pos)));\n      |                               ~~~^~~~~~~~~~~~~~~~~~~~~~~~~~~~~~~~~~~~~~~~~~~~~~\n/home/spi085/R/x86_64-pc-linux-gnu-library/4.4/TMB/include/convenience.hpp:156:6: note: candidate: \u2018template<class Type> Type min(const tmbutils::vector<Type>&)\u2019\n  156 | Type min(const vector<Type> &x)\n      |      ^~~\n/home/spi085/R/x86_64-pc-linux-gnu-library/4.4/TMB/include/convenience.hpp:156:6: note:   template argument deduction/substitution failed:\nPOPULATIONS/POPULATION_0006/INDIVIDUAL_7OSFWJAI/model.cpp:241:34: note:   mismatched types \u2018const tmbutils::vector<Type>\u2019 and \u2018int\u2019\n  241 |       int slow_delay = max(1, min(t, static_cast<int>(recovery_delay_slow_pos)));\n      |                               ~~~^~~~~~~~~~~~~~~~~~~~~~~~~~~~~~~~~~~~~~~~~~~~~~\nPOPULATIONS/POPULATION_0006/INDIVIDUAL_7OSFWJAI/model.cpp: In instantiation of \u2018Type objective_function<Type>::operator()() [with Type = CppAD::AD<double>]\u2019:\n/home/spi085/R/x86_64-pc-linux-gnu-library/4.4/TMB/include/tmb_core.hpp:1312:6:   required from here\nPOPULATIONS/POPULATION_0006/INDIVIDUAL_7OSFWJAI/model.cpp:105:27: error: no matching function for call to \u2018min(CppAD::AD<double>&, Eigen::DenseCoeffsBase<Eigen::Array<CppAD::AD<double>, -1, 1, 0, -1, 1>, 1>::Scalar&)\u2019\n  105 |     consumption_fast = min(consumption_fast, fast_pred(t-1));\n      |                        ~~~^~~~~~~~~~~~~~~~~~~~~~~~~~~~~~~~~~\n/home/spi085/R/x86_64-pc-linux-gnu-library/4.4/TMB/include/convenience.hpp:156:6: note: candidate: \u2018template<class Type> Type min(const tmbutils::vector<Type>&)\u2019\n  156 | Type min(const vector<Type> &x)\n      |      ^~~\n/home/spi085/R/x86_64-pc-linux-gnu-library/4.4/TMB/include/convenience.hpp:156:6: note:   template argument deduction/substitution failed:\nPOPULATIONS/POPULATION_0006/INDIVIDUAL_7OSFWJAI/model.cpp:105:27: note:   \u2018CppAD::AD<double>\u2019 is not derived from \u2018const tmbutils::vector<Type>\u2019\n  105 |     consumption_fast = min(consumption_fast, fast_pred(t-1));\n      |                        ~~~^~~~~~~~~~~~~~~~~~~~~~~~~~~~~~~~~~\nPOPULATIONS/POPULATION_0006/INDIVIDUAL_7OSFWJAI/model.cpp:106:27: error: no matching function for call to \u2018min(CppAD::AD<double>&, Eigen::DenseCoeffsBase<Eigen::Array<CppAD::AD<double>, -1, 1, 0, -1, 1>, 1>::Scalar&)\u2019\n  106 |     consumption_slow = min(consumption_slow, slow_pred(t-1));\n      |                        ~~~^~~~~~~~~~~~~~~~~~~~~~~~~~~~~~~~~~\n/home/spi085/R/x86_64-pc-linux-gnu-library/4.4/TMB/include/convenience.hpp:156:6: note: candidate: \u2018template<class Type> Type min(const tmbutils::vector<Type>&)\u2019\n  156 | Type min(const vector<Type> &x)\n      |      ^~~\n/home/spi085/R/x86_64-pc-linux-gnu-library/4.4/TMB/include/convenience.hpp:156:6: note:   template argument deduction/substitution failed:\nPOPULATIONS/POPULATION_0006/INDIVIDUAL_7OSFWJAI/model.cpp:106:27: note:   \u2018CppAD::AD<double>\u2019 is not derived from \u2018const tmbutils::vector<Type>\u2019\n  106 |     consumption_slow = min(consumption_slow, slow_pred(t-1));\n      |                        ~~~^~~~~~~~~~~~~~~~~~~~~~~~~~~~~~~~~~\nPOPULATIONS/POPULATION_0006/INDIVIDUAL_7OSFWJAI/model.cpp:136:30: error: no matching function for call to \u2018max(CppAD::AD<double>, CppAD::AD<double>)\u2019\n  136 |     Type density_factor = max(Type(0.0), Type(1.0) - (cots_adult_pred(t-1) + cots_juv_pred(t-1)) / K_cots_pos);\n      |                           ~~~^~~~~~~~~~~~~~~~~~~~~~~~~~~~~~~~~~~~~~~~~~~~~~~~~~~~~~~~~~~~~~~~~~~~~~~~~~~~~~~~~\n/home/spi085/R/x86_64-pc-linux-gnu-library/4.4/TMB/include/convenience.hpp:145:6: note: candidate: \u2018template<class Type> Type max(const tmbutils::vector<Type>&)\u2019\n  145 | Type max(const vector<Type> &x)\n      |      ^~~\n/home/spi085/R/x86_64-pc-linux-gnu-library/4.4/TMB/include/convenience.hpp:145:6: note:   template argument deduction/substitution failed:\nPOPULATIONS/POPULATION_0006/INDIVIDUAL_7OSFWJAI/model.cpp:136:30: note:   \u2018CppAD::AD<double>\u2019 is not derived from \u2018const tmbutils::vector<Type>\u2019\n  136 |     Type density_factor = max(Type(0.0), Type(1.0) - (cots_adult_pred(t-1) + cots_juv_pred(t-1)) / K_cots_pos);\n      |                           ~~~^~~~~~~~~~~~~~~~~~~~~~~~~~~~~~~~~~~~~~~~~~~~~~~~~~~~~~~~~~~~~~~~~~~~~~~~~~~~~~~~~\nPOPULATIONS/POPULATION_0006/INDIVIDUAL_7OSFWJAI/model.cpp:151:27: error: no matching function for call to \u2018max(CppAD::AD<double>, CppAD::AD<double>)\u2019\n  151 |     cots_juv_pred(t) = max(Type(0.0), cots_juv_pred(t-1) + cots_reproduction - juv_maturation - juv_mortality + cots_immigration);\n      |                        ~~~^~~~~~~~~~~~~~~~~~~~~~~~~~~~~~~~~~~~~~~~~~~~~~~~~~~~~~~~~~~~~~~~~~~~~~~~~~~~~~~~~~~~~~~~~~~~~~~~~~~~~~~\n/home/spi085/R/x86_64-pc-linux-gnu-library/4.4/TMB/include/convenience.hpp:145:6: note: candidate: \u2018template<class Type> Type max(const tmbutils::vector<Type>&)\u2019\n  145 | Type max(const vector<Type> &x)\n      |      ^~~\n/home/spi085/R/x86_64-pc-linux-gnu-library/4.4/TMB/include/convenience.hpp:145:6: note:   template argument deduction/substitution failed:\nPOPULATIONS/POPULATION_0006/INDIVIDUAL_7OSFWJAI/model.cpp:151:27: note:   \u2018CppAD::AD<double>\u2019 is not derived from \u2018const tmbutils::vector<Type>\u2019\n  151 |     cots_juv_pred(t) = max(Type(0.0), cots_juv_pred(t-1) + cots_reproduction - juv_maturation - juv_mortality + cots_immigration);\n      |                        ~~~^~~~~~~~~~~~~~~~~~~~~~~~~~~~~~~~~~~~~~~~~~~~~~~~~~~~~~~~~~~~~~~~~~~~~~~~~~~~~~~~~~~~~~~~~~~~~~~~~~~~~~~\nPOPULATIONS/POPULATION_0006/INDIVIDUAL_7OSFWJAI/model.cpp:154:29: error: no matching function for call to \u2018max(CppAD::AD<double>, CppAD::AD<double>)\u2019\n  154 |     cots_adult_pred(t) = max(Type(0.0), cots_adult_pred(t-1) + juv_maturation - adult_mortality);\n      |                          ~~~^~~~~~~~~~~~~~~~~~~~~~~~~~~~~~~~~~~~~~~~~~~~~~~~~~~~~~~~~~~~~~~~~~~~\n/home/spi085/R/x86_64-pc-linux-gnu-library/4.4/TMB/include/convenience.hpp:145:6: note: candidate: \u2018template<class Type> Type max(const tmbutils::vector<Type>&)\u2019\n  145 | Type max(const vector<Type> &x)\n      |      ^~~\n/home/spi085/R/x86_64-pc-linux-gnu-library/4.4/TMB/include/convenience.hpp:145:6: note:   template argument deduction/substitution failed:\nPOPULATIONS/POPULATION_0006/INDIVIDUAL_7OSFWJAI/model.cpp:154:29: note:   \u2018CppAD::AD<double>\u2019 is not derived from \u2018const tmbutils::vector<Type>\u2019\n  154 |     cots_adult_pred(t) = max(Type(0.0), cots_adult_pred(t-1) + juv_maturation - adult_mortality);\n      |                          ~~~^~~~~~~~~~~~~~~~~~~~~~~~~~~~~~~~~~~~~~~~~~~~~~~~~~~~~~~~~~~~~~~~~~~~\nPOPULATIONS/POPULATION_0006/INDIVIDUAL_7OSFWJAI/model.cpp:160:32: error: no matching function for call to \u2018max(CppAD::AD<double>, CppAD::AD<double>)\u2019\n  160 |     Type competition_fast = max(Type(0.0), Type(1.0) - (fast_pred(t-1) + alpha_fs * slow_pred(t-1)) / K_fast_pos);\n      |                             ~~~^~~~~~~~~~~~~~~~~~~~~~~~~~~~~~~~~~~~~~~~~~~~~~~~~~~~~~~~~~~~~~~~~~~~~~~~~~~~~~~~~~\n/home/spi085/R/x86_64-pc-linux-gnu-library/4.4/TMB/include/convenience.hpp:145:6: note: candidate: \u2018template<class Type> Type max(const tmbutils::vector<Type>&)\u2019\n  145 | Type max(const vector<Type> &x)\n      |      ^~~\n/home/spi085/R/x86_64-pc-linux-gnu-library/4.4/TMB/include/convenience.hpp:145:6: note:   template argument deduction/substitution failed:\nPOPULATIONS/POPULATION_0006/INDIVIDUAL_7OSFWJAI/model.cpp:160:32: note:   \u2018CppAD::AD<double>\u2019 is not derived from \u2018const tmbutils::vector<Type>\u2019\n  160 |     Type competition_fast = max(Type(0.0), Type(1.0) - (fast_pred(t-1) + alpha_fs * slow_pred(t-1)) / K_fast_pos);\n      |                             ~~~^~~~~~~~~~~~~~~~~~~~~~~~~~~~~~~~~~~~~~~~~~~~~~~~~~~~~~~~~~~~~~~~~~~~~~~~~~~~~~~~~~\nPOPULATIONS/POPULATION_0006/INDIVIDUAL_7OSFWJAI/model.cpp:168:38: error: no matching function for call to \u2018min(CppAD::AD<double>&, CppAD::AD<double>)\u2019\n  168 |     fast_pred(t) = max(Type(0.0), min(K_fast_pos, fast_pred(t-1) + fast_growth - consumption_fast));\n      |                                   ~~~^~~~~~~~~~~~~~~~~~~~~~~~~~~~~~~~~~~~~~~~~~~~~~~~~~~~~~~~~~~~~\n/home/spi085/R/x86_64-pc-linux-gnu-library/4.4/TMB/include/convenience.hpp:156:6: note: candidate: \u2018template<class Type> Type min(const tmbutils::vector<Type>&)\u2019\n  156 | Type min(const vector<Type> &x)\n      |      ^~~\n/home/spi085/R/x86_64-pc-linux-gnu-library/4.4/TMB/include/convenience.hpp:156:6: note:   template argument deduction/substitution failed:\nPOPULATIONS/POPULATION_0006/INDIVIDUAL_7OSFWJAI/model.cpp:168:38: note:   \u2018CppAD::AD<double>\u2019 is not derived from \u2018const tmbutils::vector<Type>\u2019\n  168 |     fast_pred(t) = max(Type(0.0), min(K_fast_pos, fast_pred(t-1) + fast_growth - consumption_fast));\n      |                                   ~~~^~~~~~~~~~~~~~~~~~~~~~~~~~~~~~~~~~~~~~~~~~~~~~~~~~~~~~~~~~~~~\nPOPULATIONS/POPULATION_0006/INDIVIDUAL_7OSFWJAI/model.cpp:171:32: error: no matching function for call to \u2018max(CppAD::AD<double>, CppAD::AD<double>)\u2019\n  171 |     Type competition_slow = max(Type(0.0), Type(1.0) - (slow_pred(t-1) + alpha_sf * fast_pred(t-1)) / K_slow_pos);\n      |                             ~~~^~~~~~~~~~~~~~~~~~~~~~~~~~~~~~~~~~~~~~~~~~~~~~~~~~~~~~~~~~~~~~~~~~~~~~~~~~~~~~~~~~\n/home/spi085/R/x86_64-pc-linux-gnu-library/4.4/TMB/include/convenience.hpp:145:6: note: candidate: \u2018template<class Type> Type max(const tmbutils::vector<Type>&)\u2019\n  145 | Type max(const vector<Type> &x)\n      |      ^~~\n/home/spi085/R/x86_64-pc-linux-gnu-library/4.4/TMB/include/convenience.hpp:145:6: note:   template argument deduction/substitution failed:\nPOPULATIONS/POPULATION_0006/INDIVIDUAL_7OSFWJAI/model.cpp:171:32: note:   \u2018CppAD::AD<double>\u2019 is not derived from \u2018const tmbutils::vector<Type>\u2019\n  171 |     Type competition_slow = max(Type(0.0), Type(1.0) - (slow_pred(t-1) + alpha_sf * fast_pred(t-1)) / K_slow_pos);\n      |                             ~~~^~~~~~~~~~~~~~~~~~~~~~~~~~~~~~~~~~~~~~~~~~~~~~~~~~~~~~~~~~~~~~~~~~~~~~~~~~~~~~~~~~\nPOPULATIONS/POPULATION_0006/INDIVIDUAL_7OSFWJAI/model.cpp:179:38: error: no matching function for call to \u2018min(CppAD::AD<double>&, CppAD::AD<double>)\u2019\n  179 |     slow_pred(t) = max(Type(0.0), min(K_slow_pos, slow_pred(t-1) + slow_growth - consumption_slow));\n      |                                   ~~~^~~~~~~~~~~~~~~~~~~~~~~~~~~~~~~~~~~~~~~~~~~~~~~~~~~~~~~~~~~~~\n/home/spi085/R/x86_64-pc-linux-gnu-library/4.4/TMB/include/convenience.hpp:156:6: note: candidate: \u2018template<class Type> Type min(const tmbutils::vector<Type>&)\u2019\n  156 | Type min(const vector<Type> &x)\n      |      ^~~\n/home/spi085/R/x86_64-pc-linux-gnu-library/4.4/TMB/include/convenience.hpp:156:6: note:   template argument deduction/substitution failed:\nPOPULATIONS/POPULATION_0006/INDIVIDUAL_7OSFWJAI/model.cpp:179:38: note:   \u2018CppAD::AD<double>\u2019 is not derived from \u2018const tmbutils::vector<Type>\u2019\n  179 |     slow_pred(t) = max(Type(0.0), min(K_slow_pos, slow_pred(t-1) + slow_growth - consumption_slow));\n      |                                   ~~~^~~~~~~~~~~~~~~~~~~~~~~~~~~~~~~~~~~~~~~~~~~~~~~~~~~~~~~~~~~~~\nPOPULATIONS/POPULATION_0006/INDIVIDUAL_7OSFWJAI/model.cpp:233:32: error: no matching function for call to \u2018min(Eigen::DenseCoeffsBase<Eigen::Array<CppAD::AD<double>, -1, 1, 0, -1, 1>, 1>::Scalar&, Eigen::DenseCoeffsBase<Eigen::Array<CppAD::AD<double>, -1, 1, 0, -1, 1>, 1>::Scalar&)\u2019\n  233 |       consumption_fast(t) = min(consumption_fast(t), fast_pred(t-1));\n      |                             ~~~^~~~~~~~~~~~~~~~~~~~~~~~~~~~~~~~~~~~~\n/home/spi085/R/x86_64-pc-linux-gnu-library/4.4/TMB/include/convenience.hpp:156:6: note: candidate: \u2018template<class Type> Type min(const tmbutils::vector<Type>&)\u2019\n  156 | Type min(const vector<Type> &x)\n      |      ^~~\n/home/spi085/R/x86_64-pc-linux-gnu-library/4.4/TMB/include/convenience.hpp:156:6: note:   template argument deduction/substitution failed:\nPOPULATIONS/POPULATION_0006/INDIVIDUAL_7OSFWJAI/model.cpp:233:32: note:   \u2018Eigen::DenseCoeffsBase<Eigen::Array<CppAD::AD<double>, -1, 1, 0, -1, 1>, 1>::Scalar\u2019 {aka \u2018CppAD::AD<double>\u2019} is not derived from \u2018const tmbutils::vector<Type>\u2019\n  233 |       consumption_fast(t) = min(consumption_fast(t), fast_pred(t-1));\n      |                             ~~~^~~~~~~~~~~~~~~~~~~~~~~~~~~~~~~~~~~~~\nPOPULATIONS/POPULATION_0006/INDIVIDUAL_7OSFWJAI/model.cpp:234:32: error: no matching function for call to \u2018min(Eigen::DenseCoeffsBase<Eigen::Array<CppAD::AD<double>, -1, 1, 0, -1, 1>, 1>::Scalar&, Eigen::DenseCoeffsBase<Eigen::Array<CppAD::AD<double>, -1, 1, 0, -1, 1>, 1>::Scalar&)\u2019\n  234 |       consumption_slow(t) = min(consumption_slow(t), slow_pred(t-1));\n      |                             ~~~^~~~~~~~~~~~~~~~~~~~~~~~~~~~~~~~~~~~~\n/home/spi085/R/x86_64-pc-linux-gnu-library/4.4/TMB/include/convenience.hpp:156:6: note: candidate: \u2018template<class Type> Type min(const tmbutils::vector<Type>&)\u2019\n  156 | Type min(const vector<Type> &x)\n      |      ^~~\n/home/spi085/R/x86_64-pc-linux-gnu-library/4.4/TMB/include/convenience.hpp:156:6: note:   template argument deduction/substitution failed:\nPOPULATIONS/POPULATION_0006/INDIVIDUAL_7OSFWJAI/model.cpp:234:32: note:   \u2018Eigen::DenseCoeffsBase<Eigen::Array<CppAD::AD<double>, -1, 1, 0, -1, 1>, 1>::Scalar\u2019 {aka \u2018CppAD::AD<double>\u2019} is not derived from \u2018const tmbutils::vector<Type>\u2019\n  234 |       consumption_slow(t) = min(consumption_slow(t), slow_pred(t-1));\n      |                             ~~~^~~~~~~~~~~~~~~~~~~~~~~~~~~~~~~~~~~~~\nPOPULATIONS/POPULATION_0006/INDIVIDUAL_7OSFWJAI/model.cpp: In instantiation of \u2018Type objective_function<Type>::operator()() [with Type = double]\u2019:\n/home/spi085/R/x86_64-pc-linux-gnu-library/4.4/TMB/include/tmb_core.hpp:2035:7:   required from here\nPOPULATIONS/POPULATION_0006/INDIVIDUAL_7OSFWJAI/model.cpp:105:27: error: no matching function for call to \u2018min(double&, Eigen::DenseCoeffsBase<Eigen::Array<double, -1, 1>, 1>::Scalar&)\u2019\n  105 |     consumption_fast = min(consumption_fast, fast_pred(t-1));\n      |                        ~~~^~~~~~~~~~~~~~~~~~~~~~~~~~~~~~~~~~\n/home/spi085/R/x86_64-pc-linux-gnu-library/4.4/TMB/include/convenience.hpp:156:6: note: candidate: \u2018template<class Type> Type min(const tmbutils::vector<Type>&)\u2019\n  156 | Type min(const vector<Type> &x)\n      |      ^~~\n/home/spi085/R/x86_64-pc-linux-gnu-library/4.4/TMB/include/convenience.hpp:156:6: note:   template argument deduction/substitution failed:\nPOPULATIONS/POPULATION_0006/INDIVIDUAL_7OSFWJAI/model.cpp:105:27: note:   mismatched types \u2018const tmbutils::vector<Type>\u2019 and \u2018double\u2019\n  105 |     consumption_fast = min(consumption_fast, fast_pred(t-1));\n      |                        ~~~^~~~~~~~~~~~~~~~~~~~~~~~~~~~~~~~~~\nPOPULATIONS/POPULATION_0006/INDIVIDUAL_7OSFWJAI/model.cpp:106:27: error: no matching function for call to \u2018min(double&, Eigen::DenseCoeffsBase<Eigen::Array<double, -1, 1>, 1>::Scalar&)\u2019\n  106 |     consumption_slow = min(consumption_slow, slow_pred(t-1));\n      |                        ~~~^~~~~~~~~~~~~~~~~~~~~~~~~~~~~~~~~~\n/home/spi085/R/x86_64-pc-linux-gnu-library/4.4/TMB/include/convenience.hpp:156:6: note: candidate: \u2018template<class Type> Type min(const tmbutils::vector<Type>&)\u2019\n  156 | Type min(const vector<Type> &x)\n      |      ^~~\n/home/spi085/R/x86_64-pc-linux-gnu-library/4.4/TMB/include/convenience.hpp:156:6: note:   template argument deduction/substitution failed:\nPOPULATIONS/POPULATION_0006/INDIVIDUAL_7OSFWJAI/model.cpp:106:27: note:   mismatched types \u2018const tmbutils::vector<Type>\u2019 and \u2018double\u2019\n  106 |     consumption_slow = min(consumption_slow, slow_pred(t-1));\n      |                        ~~~^~~~~~~~~~~~~~~~~~~~~~~~~~~~~~~~~~\nPOPULATIONS/POPULATION_0006/INDIVIDUAL_7OSFWJAI/model.cpp:136:30: error: no matching function for call to \u2018max(double, double)\u2019\n  136 |     Type density_factor = max(Type(0.0), Type(1.0) - (cots_adult_pred(t-1) + cots_juv_pred(t-1)) / K_cots_pos);\n      |                           ~~~^~~~~~~~~~~~~~~~~~~~~~~~~~~~~~~~~~~~~~~~~~~~~~~~~~~~~~~~~~~~~~~~~~~~~~~~~~~~~~~~~\n/home/spi085/R/x86_64-pc-linux-gnu-library/4.4/TMB/include/convenience.hpp:145:6: note: candidate: \u2018template<class Type> Type max(const tmbutils::vector<Type>&)\u2019\n  145 | Type max(const vector<Type> &x)\n      |      ^~~\n/home/spi085/R/x86_64-pc-linux-gnu-library/4.4/TMB/include/convenience.hpp:145:6: note:   template argument deduction/substitution failed:\nPOPULATIONS/POPULATION_0006/INDIVIDUAL_7OSFWJAI/model.cpp:136:30: note:   mismatched types \u2018const tmbutils::vector<Type>\u2019 and \u2018double\u2019\n  136 |     Type density_factor = max(Type(0.0), Type(1.0) - (cots_adult_pred(t-1) + cots_juv_pred(t-1)) / K_cots_pos);\n      |                           ~~~^~~~~~~~~~~~~~~~~~~~~~~~~~~~~~~~~~~~~~~~~~~~~~~~~~~~~~~~~~~~~~~~~~~~~~~~~~~~~~~~~\nPOPULATIONS/POPULATION_0006/INDIVIDUAL_7OSFWJAI/model.cpp:151:27: error: no matching function for call to \u2018max(double, Eigen::DenseCoeffsBase<Eigen::Array<double, -1, 1>, 1>::Scalar)\u2019\n  151 |     cots_juv_pred(t) = max(Type(0.0), cots_juv_pred(t-1) + cots_reproduction - juv_maturation - juv_mortality + cots_immigration);\n      |                        ~~~^~~~~~~~~~~~~~~~~~~~~~~~~~~~~~~~~~~~~~~~~~~~~~~~~~~~~~~~~~~~~~~~~~~~~~~~~~~~~~~~~~~~~~~~~~~~~~~~~~~~~~~\n/home/spi085/R/x86_64-pc-linux-gnu-library/4.4/TMB/include/convenience.hpp:145:6: note: candidate: \u2018template<class Type> Type max(const tmbutils::vector<Type>&)\u2019\n  145 | Type max(const vector<Type> &x)\n      |      ^~~\n/home/spi085/R/x86_64-pc-linux-gnu-library/4.4/TMB/include/convenience.hpp:145:6: note:   template argument deduction/substitution failed:\nPOPULATIONS/POPULATION_0006/INDIVIDUAL_7OSFWJAI/model.cpp:151:27: note:   mismatched types \u2018const tmbutils::vector<Type>\u2019 and \u2018double\u2019\n  151 |     cots_juv_pred(t) = max(Type(0.0), cots_juv_pred(t-1) + cots_reproduction - juv_maturation - juv_mortality + cots_immigration);\n      |                        ~~~^~~~~~~~~~~~~~~~~~~~~~~~~~~~~~~~~~~~~~~~~~~~~~~~~~~~~~~~~~~~~~~~~~~~~~~~~~~~~~~~~~~~~~~~~~~~~~~~~~~~~~~\nPOPULATIONS/POPULATION_0006/INDIVIDUAL_7OSFWJAI/model.cpp:154:29: error: no matching function for call to \u2018max(double, Eigen::DenseCoeffsBase<Eigen::Array<double, -1, 1>, 1>::Scalar)\u2019\n  154 |     cots_adult_pred(t) = max(Type(0.0), cots_adult_pred(t-1) + juv_maturation - adult_mortality);\n      |                          ~~~^~~~~~~~~~~~~~~~~~~~~~~~~~~~~~~~~~~~~~~~~~~~~~~~~~~~~~~~~~~~~~~~~~~~\n/home/spi085/R/x86_64-pc-linux-gnu-library/4.4/TMB/include/convenience.hpp:145:6: note: candidate: \u2018template<class Type> Type max(const tmbutils::vector<Type>&)\u2019\n  145 | Type max(const vector<Type> &x)\n      |      ^~~\n/home/spi085/R/x86_64-pc-linux-gnu-library/4.4/TMB/include/convenience.hpp:145:6: note:   template argument deduction/substitution failed:\nPOPULATIONS/POPULATION_0006/INDIVIDUAL_7OSFWJAI/model.cpp:154:29: note:   mismatched types \u2018const tmbutils::vector<Type>\u2019 and \u2018double\u2019\n  154 |     cots_adult_pred(t) = max(Type(0.0), cots_adult_pred(t-1) + juv_maturation - adult_mortality);\n      |                          ~~~^~~~~~~~~~~~~~~~~~~~~~~~~~~~~~~~~~~~~~~~~~~~~~~~~~~~~~~~~~~~~~~~~~~~\nPOPULATIONS/POPULATION_0006/INDIVIDUAL_7OSFWJAI/model.cpp:160:32: error: no matching function for call to \u2018max(double, double)\u2019\n  160 |     Type competition_fast = max(Type(0.0), Type(1.0) - (fast_pred(t-1) + alpha_fs * slow_pred(t-1)) / K_fast_pos);\n      |                             ~~~^~~~~~~~~~~~~~~~~~~~~~~~~~~~~~~~~~~~~~~~~~~~~~~~~~~~~~~~~~~~~~~~~~~~~~~~~~~~~~~~~~\n/home/spi085/R/x86_64-pc-linux-gnu-library/4.4/TMB/include/convenience.hpp:145:6: note: candidate: \u2018template<class Type> Type max(const tmbutils::vector<Type>&)\u2019\n  145 | Type max(const vector<Type> &x)\n      |      ^~~\n/home/spi085/R/x86_64-pc-linux-gnu-library/4.4/TMB/include/convenience.hpp:145:6: note:   template argument deduction/substitution failed:\nPOPULATIONS/POPULATION_0006/INDIVIDUAL_7OSFWJAI/model.cpp:160:32: note:   mismatched types \u2018const tmbutils::vector<Type>\u2019 and \u2018double\u2019\n  160 |     Type competition_fast = max(Type(0.0), Type(1.0) - (fast_pred(t-1) + alpha_fs * slow_pred(t-1)) / K_fast_pos);\n      |                             ~~~^~~~~~~~~~~~~~~~~~~~~~~~~~~~~~~~~~~~~~~~~~~~~~~~~~~~~~~~~~~~~~~~~~~~~~~~~~~~~~~~~~\nPOPULATIONS/POPULATION_0006/INDIVIDUAL_7OSFWJAI/model.cpp:168:38: error: no matching function for call to \u2018min(double&, Eigen::DenseCoeffsBase<Eigen::Array<double, -1, 1>, 1>::Scalar)\u2019\n  168 |     fast_pred(t) = max(Type(0.0), min(K_fast_pos, fast_pred(t-1) + fast_growth - consumption_fast));\n      |                                   ~~~^~~~~~~~~~~~~~~~~~~~~~~~~~~~~~~~~~~~~~~~~~~~~~~~~~~~~~~~~~~~~\n/home/spi085/R/x86_64-pc-linux-gnu-library/4.4/TMB/include/convenience.hpp:156:6: note: candidate: \u2018template<class Type> Type min(const tmbutils::vector<Type>&)\u2019\n  156 | Type min(const vector<Type> &x)\n      |      ^~~\n/home/spi085/R/x86_64-pc-linux-gnu-library/4.4/TMB/include/convenience.hpp:156:6: note:   template argument deduction/substitution failed:\nPOPULATIONS/POPULATION_0006/INDIVIDUAL_7OSFWJAI/model.cpp:168:38: note:   mismatched types \u2018const tmbutils::vector<Type>\u2019 and \u2018double\u2019\n  168 |     fast_pred(t) = max(Type(0.0), min(K_fast_pos, fast_pred(t-1) + fast_growth - consumption_fast));\n      |                                   ~~~^~~~~~~~~~~~~~~~~~~~~~~~~~~~~~~~~~~~~~~~~~~~~~~~~~~~~~~~~~~~~\nPOPULATIONS/POPULATION_0006/INDIVIDUAL_7OSFWJAI/model.cpp:171:32: error: no matching function for call to \u2018max(double, double)\u2019\n  171 |     Type competition_slow = max(Type(0.0), Type(1.0) - (slow_pred(t-1) + alpha_sf * fast_pred(t-1)) / K_slow_pos);\n      |                             ~~~^~~~~~~~~~~~~~~~~~~~~~~~~~~~~~~~~~~~~~~~~~~~~~~~~~~~~~~~~~~~~~~~~~~~~~~~~~~~~~~~~~\n/home/spi085/R/x86_64-pc-linux-gnu-library/4.4/TMB/include/convenience.hpp:145:6: note: candidate: \u2018template<class Type> Type max(const tmbutils::vector<Type>&)\u2019\n  145 | Type max(const vector<Type> &x)\n      |      ^~~\n/home/spi085/R/x86_64-pc-linux-gnu-library/4.4/TMB/include/convenience.hpp:145:6: note:   template argument deduction/substitution failed:\nPOPULATIONS/POPULATION_0006/INDIVIDUAL_7OSFWJAI/model.cpp:171:32: note:   mismatched types \u2018const tmbutils::vector<Type>\u2019 and \u2018double\u2019\n  171 |     Type competition_slow = max(Type(0.0), Type(1.0) - (slow_pred(t-1) + alpha_sf * fast_pred(t-1)) / K_slow_pos);\n      |                             ~~~^~~~~~~~~~~~~~~~~~~~~~~~~~~~~~~~~~~~~~~~~~~~~~~~~~~~~~~~~~~~~~~~~~~~~~~~~~~~~~~~~~\nPOPULATIONS/POPULATION_0006/INDIVIDUAL_7OSFWJAI/model.cpp:179:38: error: no matching function for call to \u2018min(double&, Eigen::DenseCoeffsBase<Eigen::Array<double, -1, 1>, 1>::Scalar)\u2019\n  179 |     slow_pred(t) = max(Type(0.0), min(K_slow_pos, slow_pred(t-1) + slow_growth - consumption_slow));\n      |                                   ~~~^~~~~~~~~~~~~~~~~~~~~~~~~~~~~~~~~~~~~~~~~~~~~~~~~~~~~~~~~~~~~\n/home/spi085/R/x86_64-pc-linux-gnu-library/4.4/TMB/include/convenience.hpp:156:6: note: candidate: \u2018template<class Type> Type min(const tmbutils::vector<Type>&)\u2019\n  156 | Type min(const vector<Type> &x)\n      |      ^~~\n/home/spi085/R/x86_64-pc-linux-gnu-library/4.4/TMB/include/convenience.hpp:156:6: note:   template argument deduction/substitution failed:\nPOPULATIONS/POPULATION_0006/INDIVIDUAL_7OSFWJAI/model.cpp:179:38: note:   mismatched types \u2018const tmbutils::vector<Type>\u2019 and \u2018double\u2019\n  179 |     slow_pred(t) = max(Type(0.0), min(K_slow_pos, slow_pred(t-1) + slow_growth - consumption_slow));\n      |                                   ~~~^~~~~~~~~~~~~~~~~~~~~~~~~~~~~~~~~~~~~~~~~~~~~~~~~~~~~~~~~~~~~\nPOPULATIONS/POPULATION_0006/INDIVIDUAL_7OSFWJAI/model.cpp:233:32: error: no matching function for call to \u2018min(Eigen::DenseCoeffsBase<Eigen::Array<double, -1, 1>, 1>::Scalar&, Eigen::DenseCoeffsBase<Eigen::Array<double, -1, 1>, 1>::Scalar&)\u2019\n  233 |       consumption_fast(t) = min(consumption_fast(t), fast_pred(t-1));\n      |                             ~~~^~~~~~~~~~~~~~~~~~~~~~~~~~~~~~~~~~~~~\n/home/spi085/R/x86_64-pc-linux-gnu-library/4.4/TMB/include/convenience.hpp:156:6: note: candidate: \u2018template<class Type> Type min(const tmbutils::vector<Type>&)\u2019\n  156 | Type min(const vector<Type> &x)\n      |      ^~~\n/home/spi085/R/x86_64-pc-linux-gnu-library/4.4/TMB/include/convenience.hpp:156:6: note:   template argument deduction/substitution failed:\nPOPULATIONS/POPULATION_0006/INDIVIDUAL_7OSFWJAI/model.cpp:233:32: note:   mismatched types \u2018const tmbutils::vector<Type>\u2019 and \u2018Eigen::DenseCoeffsBase<Eigen::Array<double, -1, 1>, 1>::Scalar\u2019 {aka \u2018double\u2019}\n  233 |       consumption_fast(t) = min(consumption_fast(t), fast_pred(t-1));\n      |                             ~~~^~~~~~~~~~~~~~~~~~~~~~~~~~~~~~~~~~~~~\nPOPULATIONS/POPULATION_0006/INDIVIDUAL_7OSFWJAI/model.cpp:234:32: error: no matching function for call to \u2018min(Eigen::DenseCoeffsBase<Eigen::Array<double, -1, 1>, 1>::Scalar&, Eigen::DenseCoeffsBase<Eigen::Array<double, -1, 1>, 1>::Scalar&)\u2019\n  234 |       consumption_slow(t) = min(consumption_slow(t), slow_pred(t-1));\n      |                             ~~~^~~~~~~~~~~~~~~~~~~~~~~~~~~~~~~~~~~~~\n/home/spi085/R/x86_64-pc-linux-gnu-library/4.4/TMB/include/convenience.hpp:156:6: note: candidate: \u2018template<class Type> Type min(const tmbutils::vector<Type>&)\u2019\n  156 | Type min(const vector<Type> &x)\n      |      ^~~\n/home/spi085/R/x86_64-pc-linux-gnu-library/4.4/TMB/include/convenience.hpp:156:6: note:   template argument deduction/substitution failed:\nPOPULATIONS/POPULATION_0006/INDIVIDUAL_7OSFWJAI/model.cpp:234:32: note:   mismatched types \u2018const tmbutils::vector<Type>\u2019 and \u2018Eigen::DenseCoeffsBase<Eigen::Array<double, -1, 1>, 1>::Scalar\u2019 {aka \u2018double\u2019}\n  234 |       consumption_slow(t) = min(consumption_slow(t), slow_pred(t-1));\n      |                             ~~~^~~~~~~~~~~~~~~~~~~~~~~~~~~~~~~~~~~~~\nPOPULATIONS/POPULATION_0006/INDIVIDUAL_7OSFWJAI/model.cpp: In instantiation of \u2018Type objective_function<Type>::operator()() [with Type = CppAD::AD<CppAD::AD<double> >]\u2019:\n/home/spi085/R/x86_64-pc-linux-gnu-library/4.4/TMB/include/tmb_core.hpp:917:29:   required from \u2018Type objective_function<Type>::evalUserTemplate() [with Type = CppAD::AD<CppAD::AD<double> >]\u2019\n/home/spi085/R/x86_64-pc-linux-gnu-library/4.4/TMB/include/tmb_core.hpp:2116:26:   required from here\nPOPULATIONS/POPULATION_0006/INDIVIDUAL_7OSFWJAI/model.cpp:105:27: error: no matching function for call to \u2018min(CppAD::AD<CppAD::AD<double> >&, Eigen::DenseCoeffsBase<Eigen::Array<CppAD::AD<CppAD::AD<double> >, -1, 1, 0, -1, 1>, 1>::Scalar&)\u2019\n  105 |     consumption_fast = min(consumption_fast, fast_pred(t-1));\n      |                        ~~~^~~~~~~~~~~~~~~~~~~~~~~~~~~~~~~~~~\n/home/spi085/R/x86_64-pc-linux-gnu-library/4.4/TMB/include/convenience.hpp:156:6: note: candidate: \u2018template<class Type> Type min(const tmbutils::vector<Type>&)\u2019\n  156 | Type min(const vector<Type> &x)\n      |      ^~~\n/home/spi085/R/x86_64-pc-linux-gnu-library/4.4/TMB/include/convenience.hpp:156:6: note:   template argument deduction/substitution failed:\nPOPULATIONS/POPULATION_0006/INDIVIDUAL_7OSFWJAI/model.cpp:105:27: note:   \u2018CppAD::AD<CppAD::AD<double> >\u2019 is not derived from \u2018const tmbutils::vector<Type>\u2019\n  105 |     consumption_fast = min(consumption_fast, fast_pred(t-1));\n      |                        ~~~^~~~~~~~~~~~~~~~~~~~~~~~~~~~~~~~~~\nPOPULATIONS/POPULATION_0006/INDIVIDUAL_7OSFWJAI/model.cpp:106:27: error: no matching function for call to \u2018min(CppAD::AD<CppAD::AD<double> >&, Eigen::DenseCoeffsBase<Eigen::Array<CppAD::AD<CppAD::AD<double> >, -1, 1, 0, -1, 1>, 1>::Scalar&)\u2019\n  106 |     consumption_slow = min(consumption_slow, slow_pred(t-1));\n      |                        ~~~^~~~~~~~~~~~~~~~~~~~~~~~~~~~~~~~~~\n/home/spi085/R/x86_64-pc-linux-gnu-library/4.4/TMB/include/convenience.hpp:156:6: note: candidate: \u2018template<class Type> Type min(const tmbutils::vector<Type>&)\u2019\n  156 | Type min(const vector<Type> &x)\n      |      ^~~\n/home/spi085/R/x86_64-pc-linux-gnu-library/4.4/TMB/include/convenience.hpp:156:6: note:   template argument deduction/substitution failed:\nPOPULATIONS/POPULATION_0006/INDIVIDUAL_7OSFWJAI/model.cpp:106:27: note:   \u2018CppAD::AD<CppAD::AD<double> >\u2019 is not derived from \u2018const tmbutils::vector<Type>\u2019\n  106 |     consumption_slow = min(consumption_slow, slow_pred(t-1));\n      |                        ~~~^~~~~~~~~~~~~~~~~~~~~~~~~~~~~~~~~~\nPOPULATIONS/POPULATION_0006/INDIVIDUAL_7OSFWJAI/model.cpp:136:30: error: no matching function for call to \u2018max(CppAD::AD<CppAD::AD<double> >, CppAD::AD<CppAD::AD<double> >)\u2019\n  136 |     Type density_factor = max(Type(0.0), Type(1.0) - (cots_adult_pred(t-1) + cots_juv_pred(t-1)) / K_cots_pos);\n      |                           ~~~^~~~~~~~~~~~~~~~~~~~~~~~~~~~~~~~~~~~~~~~~~~~~~~~~~~~~~~~~~~~~~~~~~~~~~~~~~~~~~~~~\n/home/spi085/R/x86_64-pc-linux-gnu-library/4.4/TMB/include/convenience.hpp:145:6: note: candidate: \u2018template<class Type> Type max(const tmbutils::vector<Type>&)\u2019\n  145 | Type max(const vector<Type> &x)\n      |      ^~~\n/home/spi085/R/x86_64-pc-linux-gnu-library/4.4/TMB/include/convenience.hpp:145:6: note:   template argument deduction/substitution failed:\nPOPULATIONS/POPULATION_0006/INDIVIDUAL_7OSFWJAI/model.cpp:136:30: note:   \u2018CppAD::AD<CppAD::AD<double> >\u2019 is not derived from \u2018const tmbutils::vector<Type>\u2019\n  136 |     Type density_factor = max(Type(0.0), Type(1.0) - (cots_adult_pred(t-1) + cots_juv_pred(t-1)) / K_cots_pos);\n      |                           ~~~^~~~~~~~~~~~~~~~~~~~~~~~~~~~~~~~~~~~~~~~~~~~~~~~~~~~~~~~~~~~~~~~~~~~~~~~~~~~~~~~~\nPOPULATIONS/POPULATION_0006/INDIVIDUAL_7OSFWJAI/model.cpp:151:27: error: no matching function for call to \u2018max(CppAD::AD<CppAD::AD<double> >, CppAD::AD<CppAD::AD<double> >)\u2019\n  151 |     cots_juv_pred(t) = max(Type(0.0), cots_juv_pred(t-1) + cots_reproduction - juv_maturation - juv_mortality + cots_immigration);\n      |                        ~~~^~~~~~~~~~~~~~~~~~~~~~~~~~~~~~~~~~~~~~~~~~~~~~~~~~~~~~~~~~~~~~~~~~~~~~~~~~~~~~~~~~~~~~~~~~~~~~~~~~~~~~~\n/home/spi085/R/x86_64-pc-linux-gnu-library/4.4/TMB/include/convenience.hpp:145:6: note: candidate: \u2018template<class Type> Type max(const tmbutils::vector<Type>&)\u2019\n  145 | Type max(const vector<Type> &x)\n      |      ^~~\n/home/spi085/R/x86_64-pc-linux-gnu-library/4.4/TMB/include/convenience.hpp:145:6: note:   template argument deduction/substitution failed:\nPOPULATIONS/POPULATION_0006/INDIVIDUAL_7OSFWJAI/model.cpp:151:27: note:   \u2018CppAD::AD<CppAD::AD<double> >\u2019 is not derived from \u2018const tmbutils::vector<Type>\u2019\n  151 |     cots_juv_pred(t) = max(Type(0.0), cots_juv_pred(t-1) + cots_reproduction - juv_maturation - juv_mortality + cots_immigration);\n      |                        ~~~^~~~~~~~~~~~~~~~~~~~~~~~~~~~~~~~~~~~~~~~~~~~~~~~~~~~~~~~~~~~~~~~~~~~~~~~~~~~~~~~~~~~~~~~~~~~~~~~~~~~~~~\nPOPULATIONS/POPULATION_0006/INDIVIDUAL_7OSFWJAI/model.cpp:154:29: error: no matching function for call to \u2018max(CppAD::AD<CppAD::AD<double> >, CppAD::AD<CppAD::AD<double> >)\u2019\n  154 |     cots_adult_pred(t) = max(Type(0.0), cots_adult_pred(t-1) + juv_maturation - adult_mortality);\n      |                          ~~~^~~~~~~~~~~~~~~~~~~~~~~~~~~~~~~~~~~~~~~~~~~~~~~~~~~~~~~~~~~~~~~~~~~~\n/home/spi085/R/x86_64-pc-linux-gnu-library/4.4/TMB/include/convenience.hpp:145:6: note: candidate: \u2018template<class Type> Type max(const tmbutils::vector<Type>&)\u2019\n  145 | Type max(const vector<Type> &x)\n      |      ^~~\n/home/spi085/R/x86_64-pc-linux-gnu-library/4.4/TMB/include/convenience.hpp:145:6: note:   template argument deduction/substitution failed:\nPOPULATIONS/POPULATION_0006/INDIVIDUAL_7OSFWJAI/model.cpp:154:29: note:   \u2018CppAD::AD<CppAD::AD<double> >\u2019 is not derived from \u2018const tmbutils::vector<Type>\u2019\n  154 |     cots_adult_pred(t) = max(Type(0.0), cots_adult_pred(t-1) + juv_maturation - adult_mortality);\n      |                          ~~~^~~~~~~~~~~~~~~~~~~~~~~~~~~~~~~~~~~~~~~~~~~~~~~~~~~~~~~~~~~~~~~~~~~~\nPOPULATIONS/POPULATION_0006/INDIVIDUAL_7OSFWJAI/model.cpp:160:32: error: no matching function for call to \u2018max(CppAD::AD<CppAD::AD<double> >, CppAD::AD<CppAD::AD<double> >)\u2019\n  160 |     Type competition_fast = max(Type(0.0), Type(1.0) - (fast_pred(t-1) + alpha_fs * slow_pred(t-1)) / K_fast_pos);\n      |                             ~~~^~~~~~~~~~~~~~~~~~~~~~~~~~~~~~~~~~~~~~~~~~~~~~~~~~~~~~~~~~~~~~~~~~~~~~~~~~~~~~~~~~\n/home/spi085/R/x86_64-pc-linux-gnu-library/4.4/TMB/include/convenience.hpp:145:6: note: candidate: \u2018template<class Type> Type max(const tmbutils::vector<Type>&)\u2019\n  145 | Type max(const vector<Type> &x)\n      |      ^~~\n/home/spi085/R/x86_64-pc-linux-gnu-library/4.4/TMB/include/convenience.hpp:145:6: note:   template argument deduction/substitution failed:\nPOPULATIONS/POPULATION_0006/INDIVIDUAL_7OSFWJAI/model.cpp:160:32: note:   \u2018CppAD::AD<CppAD::AD<double> >\u2019 is not derived from \u2018const tmbutils::vector<Type>\u2019\n  160 |     Type competition_fast = max(Type(0.0), Type(1.0) - (fast_pred(t-1) + alpha_fs * slow_pred(t-1)) / K_fast_pos);\n      |                             ~~~^~~~~~~~~~~~~~~~~~~~~~~~~~~~~~~~~~~~~~~~~~~~~~~~~~~~~~~~~~~~~~~~~~~~~~~~~~~~~~~~~~\nPOPULATIONS/POPULATION_0006/INDIVIDUAL_7OSFWJAI/model.cpp:168:38: error: no matching function for call to \u2018min(CppAD::AD<CppAD::AD<double> >&, CppAD::AD<CppAD::AD<double> >)\u2019\n  168 |     fast_pred(t) = max(Type(0.0), min(K_fast_pos, fast_pred(t-1) + fast_growth - consumption_fast));\n      |                                   ~~~^~~~~~~~~~~~~~~~~~~~~~~~~~~~~~~~~~~~~~~~~~~~~~~~~~~~~~~~~~~~~\n/home/spi085/R/x86_64-pc-linux-gnu-library/4.4/TMB/include/convenience.hpp:156:6: note: candidate: \u2018template<class Type> Type min(const tmbutils::vector<Type>&)\u2019\n  156 | Type min(const vector<Type> &x)\n      |      ^~~\n/home/spi085/R/x86_64-pc-linux-gnu-library/4.4/TMB/include/convenience.hpp:156:6: note:   template argument deduction/substitution failed:\nPOPULATIONS/POPULATION_0006/INDIVIDUAL_7OSFWJAI/model.cpp:168:38: note:   \u2018CppAD::AD<CppAD::AD<double> >\u2019 is not derived from \u2018const tmbutils::vector<Type>\u2019\n  168 |     fast_pred(t) = max(Type(0.0), min(K_fast_pos, fast_pred(t-1) + fast_growth - consumption_fast));\n      |                                   ~~~^~~~~~~~~~~~~~~~~~~~~~~~~~~~~~~~~~~~~~~~~~~~~~~~~~~~~~~~~~~~~\nPOPULATIONS/POPULATION_0006/INDIVIDUAL_7OSFWJAI/model.cpp:171:32: error: no matching function for call to \u2018max(CppAD::AD<CppAD::AD<double> >, CppAD::AD<CppAD::AD<double> >)\u2019\n  171 |     Type competition_slow = max(Type(0.0), Type(1.0) - (slow_pred(t-1) + alpha_sf * fast_pred(t-1)) / K_slow_pos);\n      |                             ~~~^~~~~~~~~~~~~~~~~~~~~~~~~~~~~~~~~~~~~~~~~~~~~~~~~~~~~~~~~~~~~~~~~~~~~~~~~~~~~~~~~~\n/home/spi085/R/x86_64-pc-linux-gnu-library/4.4/TMB/include/convenience.hpp:145:6: note: candidate: \u2018template<class Type> Type max(const tmbutils::vector<Type>&)\u2019\n  145 | Type max(const vector<Type> &x)\n      |      ^~~\n/home/spi085/R/x86_64-pc-linux-gnu-library/4.4/TMB/include/convenience.hpp:145:6: note:   template argument deduction/substitution failed:\nPOPULATIONS/POPULATION_0006/INDIVIDUAL_7OSFWJAI/model.cpp:171:32: note:   \u2018CppAD::AD<CppAD::AD<double> >\u2019 is not derived from \u2018const tmbutils::vector<Type>\u2019\n  171 |     Type competition_slow = max(Type(0.0), Type(1.0) - (slow_pred(t-1) + alpha_sf * fast_pred(t-1)) / K_slow_pos);\n      |                             ~~~^~~~~~~~~~~~~~~~~~~~~~~~~~~~~~~~~~~~~~~~~~~~~~~~~~~~~~~~~~~~~~~~~~~~~~~~~~~~~~~~~~\nPOPULATIONS/POPULATION_0006/INDIVIDUAL_7OSFWJAI/model.cpp:179:38: error: no matching function for call to \u2018min(CppAD::AD<CppAD::AD<double> >&, CppAD::AD<CppAD::AD<double> >)\u2019\n  179 |     slow_pred(t) = max(Type(0.0), min(K_slow_pos, slow_pred(t-1) + slow_growth - consumption_slow));\n      |                                   ~~~^~~~~~~~~~~~~~~~~~~~~~~~~~~~~~~~~~~~~~~~~~~~~~~~~~~~~~~~~~~~~\n/home/spi085/R/x86_64-pc-linux-gnu-library/4.4/TMB/include/convenience.hpp:156:6: note: candidate: \u2018template<class Type> Type min(const tmbutils::vector<Type>&)\u2019\n  156 | Type min(const vector<Type> &x)\n      |      ^~~\n/home/spi085/R/x86_64-pc-linux-gnu-library/4.4/TMB/include/convenience.hpp:156:6: note:   template argument deduction/substitution failed:\nPOPULATIONS/POPULATION_0006/INDIVIDUAL_7OSFWJAI/model.cpp:179:38: note:   \u2018CppAD::AD<CppAD::AD<double> >\u2019 is not derived from \u2018const tmbutils::vector<Type>\u2019\n  179 |     slow_pred(t) = max(Type(0.0), min(K_slow_pos, slow_pred(t-1) + slow_growth - consumption_slow));\n      |                                   ~~~^~~~~~~~~~~~~~~~~~~~~~~~~~~~~~~~~~~~~~~~~~~~~~~~~~~~~~~~~~~~~\nPOPULATIONS/POPULATION_0006/INDIVIDUAL_7OSFWJAI/model.cpp:233:32: error: no matching function for call to \u2018min(Eigen::DenseCoeffsBase<Eigen::Array<CppAD::AD<CppAD::AD<double> >, -1, 1, 0, -1, 1>, 1>::Scalar&, Eigen::DenseCoeffsBase<Eigen::Array<CppAD::AD<CppAD::AD<double> >, -1, 1, 0, -1, 1>, 1>::Scalar&)\u2019\n  233 |       consumption_fast(t) = min(consumption_fast(t), fast_pred(t-1));\n      |                             ~~~^~~~~~~~~~~~~~~~~~~~~~~~~~~~~~~~~~~~~\n/home/spi085/R/x86_64-pc-linux-gnu-library/4.4/TMB/include/convenience.hpp:156:6: note: candidate: \u2018template<class Type> Type min(const tmbutils::vector<Type>&)\u2019\n  156 | Type min(const vector<Type> &x)\n      |      ^~~\n/home/spi085/R/x86_64-pc-linux-gnu-library/4.4/TMB/include/convenience.hpp:156:6: note:   template argument deduction/substitution failed:\nPOPULATIONS/POPULATION_0006/INDIVIDUAL_7OSFWJAI/model.cpp:233:32: note:   \u2018Eigen::DenseCoeffsBase<Eigen::Array<CppAD::AD<CppAD::AD<double> >, -1, 1, 0, -1, 1>, 1>::Scalar\u2019 {aka \u2018CppAD::AD<CppAD::AD<double> >\u2019} is not derived from \u2018const tmbutils::vector<Type>\u2019\n  233 |       consumption_fast(t) = min(consumption_fast(t), fast_pred(t-1));\n      |                             ~~~^~~~~~~~~~~~~~~~~~~~~~~~~~~~~~~~~~~~~\nPOPULATIONS/POPULATION_0006/INDIVIDUAL_7OSFWJAI/model.cpp:234:32: error: no matching function for call to \u2018min(Eigen::DenseCoeffsBase<Eigen::Array<CppAD::AD<CppAD::AD<double> >, -1, 1, 0, -1, 1>, 1>::Scalar&, Eigen::DenseCoeffsBase<Eigen::Array<CppAD::AD<CppAD::AD<double> >, -1, 1, 0, -1, 1>, 1>::Scalar&)\u2019\n  234 |       consumption_slow(t) = min(consumption_slow(t), slow_pred(t-1));\n      |                             ~~~^~~~~~~~~~~~~~~~~~~~~~~~~~~~~~~~~~~~~\n/home/spi085/R/x86_64-pc-linux-gnu-library/4.4/TMB/include/convenience.hpp:156:6: note: candidate: \u2018template<class Type> Type min(const tmbutils::vector<Type>&)\u2019\n  156 | Type min(const vector<Type> &x)\n      |      ^~~\n/home/spi085/R/x86_64-pc-linux-gnu-library/4.4/TMB/include/convenience.hpp:156:6: note:   template argument deduction/substitution failed:\nPOPULATIONS/POPULATION_0006/INDIVIDUAL_7OSFWJAI/model.cpp:234:32: note:   \u2018Eigen::DenseCoeffsBase<Eigen::Array<CppAD::AD<CppAD::AD<double> >, -1, 1, 0, -1, 1>, 1>::Scalar\u2019 {aka \u2018CppAD::AD<CppAD::AD<double> >\u2019} is not derived from \u2018const tmbutils::vector<Type>\u2019\n  234 |       consumption_slow(t) = min(consumption_slow(t), slow_pred(t-1));\n      |                             ~~~^~~~~~~~~~~~~~~~~~~~~~~~~~~~~~~~~~~~~\nPOPULATIONS/POPULATION_0006/INDIVIDUAL_7OSFWJAI/model.cpp: In instantiation of \u2018Type objective_function<Type>::operator()() [with Type = CppAD::AD<CppAD::AD<CppAD::AD<double> > >]\u2019:\n/home/spi085/R/x86_64-pc-linux-gnu-library/4.4/TMB/include/tmb_core.hpp:917:29:   required from \u2018Type objective_function<Type>::evalUserTemplate() [with Type = CppAD::AD<CppAD::AD<CppAD::AD<double> > >]\u2019\n/home/spi085/R/x86_64-pc-linux-gnu-library/4.4/TMB/include/tmb_core.hpp:2365:28:   required from here\nPOPULATIONS/POPULATION_0006/INDIVIDUAL_7OSFWJAI/model.cpp:105:27: error: no matching function for call to \u2018min(CppAD::AD<CppAD::AD<CppAD::AD<double> > >&, Eigen::DenseCoeffsBase<Eigen::Array<CppAD::AD<CppAD::AD<CppAD::AD<double> > >, -1, 1, 0, -1, 1>, 1>::Scalar&)\u2019\n  105 |     consumption_fast = min(consumption_fast, fast_pred(t-1));\n      |                        ~~~^~~~~~~~~~~~~~~~~~~~~~~~~~~~~~~~~~\n/home/spi085/R/x86_64-pc-linux-gnu-library/4.4/TMB/include/convenience.hpp:156:6: note: candidate: \u2018template<class Type> Type min(const tmbutils::vector<Type>&)\u2019\n  156 | Type min(const vector<Type> &x)\n      |      ^~~\n/home/spi085/R/x86_64-pc-linux-gnu-library/4.4/TMB/include/convenience.hpp:156:6: note:   template argument deduction/substitution failed:\nPOPULATIONS/POPULATION_0006/INDIVIDUAL_7OSFWJAI/model.cpp:105:27: note:   \u2018CppAD::AD<CppAD::AD<CppAD::AD<double> > >\u2019 is not derived from \u2018const tmbutils::vector<Type>\u2019\n  105 |     consumption_fast = min(consumption_fast, fast_pred(t-1));\n      |                        ~~~^~~~~~~~~~~~~~~~~~~~~~~~~~~~~~~~~~\nPOPULATIONS/POPULATION_0006/INDIVIDUAL_7OSFWJAI/model.cpp:106:27: error: no matching function for call to \u2018min(CppAD::AD<CppAD::AD<CppAD::AD<double> > >&, Eigen::DenseCoeffsBase<Eigen::Array<CppAD::AD<CppAD::AD<CppAD::AD<double> > >, -1, 1, 0, -1, 1>, 1>::Scalar&)\u2019\n  106 |     consumption_slow = min(consumption_slow, slow_pred(t-1));\n      |                        ~~~^~~~~~~~~~~~~~~~~~~~~~~~~~~~~~~~~~\n/home/spi085/R/x86_64-pc-linux-gnu-library/4.4/TMB/include/convenience.hpp:156:6: note: candidate: \u2018template<class Type> Type min(const tmbutils::vector<Type>&)\u2019\n  156 | Type min(const vector<Type> &x)\n      |      ^~~\n/home/spi085/R/x86_64-pc-linux-gnu-library/4.4/TMB/include/convenience.hpp:156:6: note:   template argument deduction/substitution failed:\nPOPULATIONS/POPULATION_0006/INDIVIDUAL_7OSFWJAI/model.cpp:106:27: note:   \u2018CppAD::AD<CppAD::AD<CppAD::AD<double> > >\u2019 is not derived from \u2018const tmbutils::vector<Type>\u2019\n  106 |     consumption_slow = min(consumption_slow, slow_pred(t-1));\n      |                        ~~~^~~~~~~~~~~~~~~~~~~~~~~~~~~~~~~~~~\nPOPULATIONS/POPULATION_0006/INDIVIDUAL_7OSFWJAI/model.cpp:136:30: error: no matching function for call to \u2018max(CppAD::AD<CppAD::AD<CppAD::AD<double> > >, CppAD::AD<CppAD::AD<CppAD::AD<double> > >)\u2019\n  136 |     Type density_factor = max(Type(0.0), Type(1.0) - (cots_adult_pred(t-1) + cots_juv_pred(t-1)) / K_cots_pos);\n      |                           ~~~^~~~~~~~~~~~~~~~~~~~~~~~~~~~~~~~~~~~~~~~~~~~~~~~~~~~~~~~~~~~~~~~~~~~~~~~~~~~~~~~~\n/home/spi085/R/x86_64-pc-linux-gnu-library/4.4/TMB/include/convenience.hpp:145:6: note: candidate: \u2018template<class Type> Type max(const tmbutils::vector<Type>&)\u2019\n  145 | Type max(const vector<Type> &x)\n      |      ^~~\n/home/spi085/R/x86_64-pc-linux-gnu-library/4.4/TMB/include/convenience.hpp:145:6: note:   template argument deduction/substitution failed:\nPOPULATIONS/POPULATION_0006/INDIVIDUAL_7OSFWJAI/model.cpp:136:30: note:   \u2018CppAD::AD<CppAD::AD<CppAD::AD<double> > >\u2019 is not derived from \u2018const tmbutils::vector<Type>\u2019\n  136 |     Type density_factor = max(Type(0.0), Type(1.0) - (cots_adult_pred(t-1) + cots_juv_pred(t-1)) / K_cots_pos);\n      |                           ~~~^~~~~~~~~~~~~~~~~~~~~~~~~~~~~~~~~~~~~~~~~~~~~~~~~~~~~~~~~~~~~~~~~~~~~~~~~~~~~~~~~\nPOPULATIONS/POPULATION_0006/INDIVIDUAL_7OSFWJAI/model.cpp:151:27: error: no matching function for call to \u2018max(CppAD::AD<CppAD::AD<CppAD::AD<double> > >, CppAD::AD<CppAD::AD<CppAD::AD<double> > >)\u2019\n  151 |     cots_juv_pred(t) = max(Type(0.0), cots_juv_pred(t-1) + cots_reproduction - juv_maturation - juv_mortality + cots_immigration);\n      |                        ~~~^~~~~~~~~~~~~~~~~~~~~~~~~~~~~~~~~~~~~~~~~~~~~~~~~~~~~~~~~~~~~~~~~~~~~~~~~~~~~~~~~~~~~~~~~~~~~~~~~~~~~~~\n/home/spi085/R/x86_64-pc-linux-gnu-library/4.4/TMB/include/convenience.hpp:145:6: note: candidate: \u2018template<class Type> Type max(const tmbutils::vector<Type>&)\u2019\n  145 | Type max(const vector<Type> &x)\n      |      ^~~\n/home/spi085/R/x86_64-pc-linux-gnu-library/4.4/TMB/include/convenience.hpp:145:6: note:   template argument deduction/substitution failed:\nPOPULATIONS/POPULATION_0006/INDIVIDUAL_7OSFWJAI/model.cpp:151:27: note:   \u2018CppAD::AD<CppAD::AD<CppAD::AD<double> > >\u2019 is not derived from \u2018const tmbutils::vector<Type>\u2019\n  151 |     cots_juv_pred(t) = max(Type(0.0), cots_juv_pred(t-1) + cots_reproduction - juv_maturation - juv_mortality + cots_immigration);\n      |                        ~~~^~~~~~~~~~~~~~~~~~~~~~~~~~~~~~~~~~~~~~~~~~~~~~~~~~~~~~~~~~~~~~~~~~~~~~~~~~~~~~~~~~~~~~~~~~~~~~~~~~~~~~~\nPOPULATIONS/POPULATION_0006/INDIVIDUAL_7OSFWJAI/model.cpp:154:29: error: no matching function for call to \u2018max(CppAD::AD<CppAD::AD<CppAD::AD<double> > >, CppAD::AD<CppAD::AD<CppAD::AD<double> > >)\u2019\n  154 |     cots_adult_pred(t) = max(Type(0.0), cots_adult_pred(t-1) + juv_maturation - adult_mortality);\n      |                          ~~~^~~~~~~~~~~~~~~~~~~~~~~~~~~~~~~~~~~~~~~~~~~~~~~~~~~~~~~~~~~~~~~~~~~~\n/home/spi085/R/x86_64-pc-linux-gnu-library/4.4/TMB/include/convenience.hpp:145:6: note: candidate: \u2018template<class Type> Type max(const tmbutils::vector<Type>&)\u2019\n  145 | Type max(const vector<Type> &x)\n      |      ^~~\n/home/spi085/R/x86_64-pc-linux-gnu-library/4.4/TMB/include/convenience.hpp:145:6: note:   template argument deduction/substitution failed:\nPOPULATIONS/POPULATION_0006/INDIVIDUAL_7OSFWJAI/model.cpp:154:29: note:   \u2018CppAD::AD<CppAD::AD<CppAD::AD<double> > >\u2019 is not derived from \u2018const tmbutils::vector<Type>\u2019\n  154 |     cots_adult_pred(t) = max(Type(0.0), cots_adult_pred(t-1) + juv_maturation - adult_mortality);\n      |                          ~~~^~~~~~~~~~~~~~~~~~~~~~~~~~~~~~~~~~~~~~~~~~~~~~~~~~~~~~~~~~~~~~~~~~~~\nPOPULATIONS/POPULATION_0006/INDIVIDUAL_7OSFWJAI/model.cpp:160:32: error: no matching function for call to \u2018max(CppAD::AD<CppAD::AD<CppAD::AD<double> > >, CppAD::AD<CppAD::AD<CppAD::AD<double> > >)\u2019\n  160 |     Type competition_fast = max(Type(0.0), Type(1.0) - (fast_pred(t-1) + alpha_fs * slow_pred(t-1)) / K_fast_pos);\n      |                             ~~~^~~~~~~~~~~~~~~~~~~~~~~~~~~~~~~~~~~~~~~~~~~~~~~~~~~~~~~~~~~~~~~~~~~~~~~~~~~~~~~~~~\n/home/spi085/R/x86_64-pc-linux-gnu-library/4.4/TMB/include/convenience.hpp:145:6: note: candidate: \u2018template<class Type> Type max(const tmbutils::vector<Type>&)\u2019\n  145 | Type max(const vector<Type> &x)\n      |      ^~~\n/home/spi085/R/x86_64-pc-linux-gnu-library/4.4/TMB/include/convenience.hpp:145:6: note:   template argument deduction/substitution failed:\nPOPULATIONS/POPULATION_0006/INDIVIDUAL_7OSFWJAI/model.cpp:160:32: note:   \u2018CppAD::AD<CppAD::AD<CppAD::AD<double> > >\u2019 is not derived from \u2018const tmbutils::vector<Type>\u2019\n  160 |     Type competition_fast = max(Type(0.0), Type(1.0) - (fast_pred(t-1) + alpha_fs * slow_pred(t-1)) / K_fast_pos);\n      |                             ~~~^~~~~~~~~~~~~~~~~~~~~~~~~~~~~~~~~~~~~~~~~~~~~~~~~~~~~~~~~~~~~~~~~~~~~~~~~~~~~~~~~~\nPOPULATIONS/POPULATION_0006/INDIVIDUAL_7OSFWJAI/model.cpp:168:38: error: no matching function for call to \u2018min(CppAD::AD<CppAD::AD<CppAD::AD<double> > >&, CppAD::AD<CppAD::AD<CppAD::AD<double> > >)\u2019\n  168 |     fast_pred(t) = max(Type(0.0), min(K_fast_pos, fast_pred(t-1) + fast_growth - consumption_fast));\n      |                                   ~~~^~~~~~~~~~~~~~~~~~~~~~~~~~~~~~~~~~~~~~~~~~~~~~~~~~~~~~~~~~~~~\n/home/spi085/R/x86_64-pc-linux-gnu-library/4.4/TMB/include/convenience.hpp:156:6: note: candidate: \u2018template<class Type> Type min(const tmbutils::vector<Type>&)\u2019\n  156 | Type min(const vector<Type> &x)\n      |      ^~~\n/home/spi085/R/x86_64-pc-linux-gnu-library/4.4/TMB/include/convenience.hpp:156:6: note:   template argument deduction/substitution failed:\nPOPULATIONS/POPULATION_0006/INDIVIDUAL_7OSFWJAI/model.cpp:168:38: note:   \u2018CppAD::AD<CppAD::AD<CppAD::AD<double> > >\u2019 is not derived from \u2018const tmbutils::vector<Type>\u2019\n  168 |     fast_pred(t) = max(Type(0.0), min(K_fast_pos, fast_pred(t-1) + fast_growth - consumption_fast));\n      |                                   ~~~^~~~~~~~~~~~~~~~~~~~~~~~~~~~~~~~~~~~~~~~~~~~~~~~~~~~~~~~~~~~~\nPOPULATIONS/POPULATION_0006/INDIVIDUAL_7OSFWJAI/model.cpp:171:32: error: no matching function for call to \u2018max(CppAD::AD<CppAD::AD<CppAD::AD<double> > >, CppAD::AD<CppAD::AD<CppAD::AD<double> > >)\u2019\n  171 |     Type competition_slow = max(Type(0.0), Type(1.0) - (slow_pred(t-1) + alpha_sf * fast_pred(t-1)) / K_slow_pos);\n      |                             ~~~^~~~~~~~~~~~~~~~~~~~~~~~~~~~~~~~~~~~~~~~~~~~~~~~~~~~~~~~~~~~~~~~~~~~~~~~~~~~~~~~~~\n/home/spi085/R/x86_64-pc-linux-gnu-library/4.4/TMB/include/convenience.hpp:145:6: note: candidate: \u2018template<class Type> Type max(const tmbutils::vector<Type>&)\u2019\n  145 | Type max(const vector<Type> &x)\n      |      ^~~\n/home/spi085/R/x86_64-pc-linux-gnu-library/4.4/TMB/include/convenience.hpp:145:6: note:   template argument deduction/substitution failed:\nPOPULATIONS/POPULATION_0006/INDIVIDUAL_7OSFWJAI/model.cpp:171:32: note:   \u2018CppAD::AD<CppAD::AD<CppAD::AD<double> > >\u2019 is not derived from \u2018const tmbutils::vector<Type>\u2019\n  171 |     Type competition_slow = max(Type(0.0), Type(1.0) - (slow_pred(t-1) + alpha_sf * fast_pred(t-1)) / K_slow_pos);\n      |                             ~~~^~~~~~~~~~~~~~~~~~~~~~~~~~~~~~~~~~~~~~~~~~~~~~~~~~~~~~~~~~~~~~~~~~~~~~~~~~~~~~~~~~\nPOPULATIONS/POPULATION_0006/INDIVIDUAL_7OSFWJAI/model.cpp:179:38: error: no matching function for call to \u2018min(CppAD::AD<CppAD::AD<CppAD::AD<double> > >&, CppAD::AD<CppAD::AD<CppAD::AD<double> > >)\u2019\n  179 |     slow_pred(t) = max(Type(0.0), min(K_slow_pos, slow_pred(t-1) + slow_growth - consumption_slow));\n      |                                   ~~~^~~~~~~~~~~~~~~~~~~~~~~~~~~~~~~~~~~~~~~~~~~~~~~~~~~~~~~~~~~~~\n/home/spi085/R/x86_64-pc-linux-gnu-library/4.4/TMB/include/convenience.hpp:156:6: note: candidate: \u2018template<class Type> Type min(const tmbutils::vector<Type>&)\u2019\n  156 | Type min(const vector<Type> &x)\n      |      ^~~\n/home/spi085/R/x86_64-pc-linux-gnu-library/4.4/TMB/include/convenience.hpp:156:6: note:   template argument deduction/substitution failed:\nPOPULATIONS/POPULATION_0006/INDIVIDUAL_7OSFWJAI/model.cpp:179:38: note:   \u2018CppAD::AD<CppAD::AD<CppAD::AD<double> > >\u2019 is not derived from \u2018const tmbutils::vector<Type>\u2019\n  179 |     slow_pred(t) = max(Type(0.0), min(K_slow_pos, slow_pred(t-1) + slow_growth - consumption_slow));\n      |                                   ~~~^~~~~~~~~~~~~~~~~~~~~~~~~~~~~~~~~~~~~~~~~~~~~~~~~~~~~~~~~~~~~\nPOPULATIONS/POPULATION_0006/INDIVIDUAL_7OSFWJAI/model.cpp:233:32: error: no matching function for call to \u2018min(Eigen::DenseCoeffsBase<Eigen::Array<CppAD::AD<CppAD::AD<CppAD::AD<double> > >, -1, 1, 0, -1, 1>, 1>::Scalar&, Eigen::DenseCoeffsBase<Eigen::Array<CppAD::AD<CppAD::AD<CppAD::AD<double> > >, -1, 1, 0, -1, 1>, 1>::Scalar&)\u2019\n  233 |       consumption_fast(t) = min(consumption_fast(t), fast_pred(t-1));\n      |                             ~~~^~~~~~~~~~~~~~~~~~~~~~~~~~~~~~~~~~~~~\n/home/spi085/R/x86_64-pc-linux-gnu-library/4.4/TMB/include/convenience.hpp:156:6: note: candidate: \u2018template<class Type> Type min(const tmbutils::vector<Type>&)\u2019\n  156 | Type min(const vector<Type> &x)\n      |      ^~~\n/home/spi085/R/x86_64-pc-linux-gnu-library/4.4/TMB/include/convenience.hpp:156:6: note:   template argument deduction/substitution failed:\nPOPULATIONS/POPULATION_0006/INDIVIDUAL_7OSFWJAI/model.cpp:233:32: note:   \u2018Eigen::DenseCoeffsBase<Eigen::Array<CppAD::AD<CppAD::AD<CppAD::AD<double> > >, -1, 1, 0, -1, 1>, 1>::Scalar\u2019 {aka \u2018CppAD::AD<CppAD::AD<CppAD::AD<double> > >\u2019} is not derived from \u2018const tmbutils::vector<Type>\u2019\n  233 |       consumption_fast(t) = min(consumption_fast(t), fast_pred(t-1));\n      |                             ~~~^~~~~~~~~~~~~~~~~~~~~~~~~~~~~~~~~~~~~\nPOPULATIONS/POPULATION_0006/INDIVIDUAL_7OSFWJAI/model.cpp:234:32: error: no matching function for call to \u2018min(Eigen::DenseCoeffsBase<Eigen::Array<CppAD::AD<CppAD::AD<CppAD::AD<double> > >, -1, 1, 0, -1, 1>, 1>::Scalar&, Eigen::DenseCoeffsBase<Eigen::Array<CppAD::AD<CppAD::AD<CppAD::AD<double> > >, -1, 1, 0, -1, 1>, 1>::Scalar&)\u2019\n  234 |       consumption_slow(t) = min(consumption_slow(t), slow_pred(t-1));\n      |                             ~~~^~~~~~~~~~~~~~~~~~~~~~~~~~~~~~~~~~~~~\n/home/spi085/R/x86_64-pc-linux-gnu-library/4.4/TMB/include/convenience.hpp:156:6: note: candidate: \u2018template<class Type> Type min(const tmbutils::vector<Type>&)\u2019\n  156 | Type min(const vector<Type> &x)\n      |      ^~~\n/home/spi085/R/x86_64-pc-linux-gnu-library/4.4/TMB/include/convenience.hpp:156:6: note:   template argument deduction/substitution failed:\nPOPULATIONS/POPULATION_0006/INDIVIDUAL_7OSFWJAI/model.cpp:234:32: note:   \u2018Eigen::DenseCoeffsBase<Eigen::Array<CppAD::AD<CppAD::AD<CppAD::AD<double> > >, -1, 1, 0, -1, 1>, 1>::Scalar\u2019 {aka \u2018CppAD::AD<CppAD::AD<CppAD::AD<double> > >\u2019} is not derived from \u2018const tmbutils::vector<Type>\u2019\n  234 |       consumption_slow(t) = min(consumption_slow(t), slow_pred(t-1));\n      |                             ~~~^~~~~~~~~~~~~~~~~~~~~~~~~~~~~~~~~~~~~\nmake: *** [/usr/lib/R/etc/Makeconf:204: POPULATIONS/POPULATION_0006/INDIVIDUAL_7OSFWJAI/model.o] Error 1\nError in TMB::compile(file.path(individual_dir, model_file), flags = flags,  : \n  Compilation failed\nError: Compilation failed\nExecution halted"
    },
    "5": {
      "status": "ERROR",
      "message": "Model failed to compile.",
      "stdout": "g++ -std=gnu++17 -I\"/usr/share/R/include\" -DNDEBUG -I\"/home/spi085/R/x86_64-pc-linux-gnu-library/4.4/TMB/include\" -I\"/home/spi085/R/x86_64-pc-linux-gnu-library/4.4/RcppEigen/include\"   -DTMB_EIGEN_DISABLE_WARNINGS   -DTMB_LIB_INIT=R_init_model  -DCPPAD_FRAMEWORK      -fpic  -O2  -c POPULATIONS/POPULATION_0006/INDIVIDUAL_7OSFWJAI/model.cpp -o POPULATIONS/POPULATION_0006/INDIVIDUAL_7OSFWJAI/model.o",
      "stderr": "Loading required package: TMB\nLoading required package: jsonlite\nhere() starts at /home/spi085/Documents/_Projects/SCCP-QuantModelling\nusing C++ compiler: \u2018g++ (Ubuntu 13.3.0-6ubuntu2~24.04) 13.3.0\u2019\nPOPULATIONS/POPULATION_0006/INDIVIDUAL_7OSFWJAI/model.cpp: In instantiation of \u2018Type objective_function<Type>::operator()() [with Type = CppAD::AD<double>]\u2019:\n/home/spi085/R/x86_64-pc-linux-gnu-library/4.4/TMB/include/tmb_core.hpp:1312:6:   required from here\nPOPULATIONS/POPULATION_0006/INDIVIDUAL_7OSFWJAI/model.cpp:118:16: error: cannot convert \u2018CppAD::AD<double>\u2019 to \u2018int\u2019 in assignment\n  118 |     fast_delay = CppAD::CondExpGt(Type(fast_delay), Type(t), Type(t), Type(fast_delay));\n      |     ~~~~~~~~~~~^~~~~~~~~~~~~~~~~~~~~~~~~~~~~~~~~~~~~~~~~~~~~~~~~~~~~~~~~~~~~~~~~~~~~~~~\nPOPULATIONS/POPULATION_0006/INDIVIDUAL_7OSFWJAI/model.cpp:119:16: error: cannot convert \u2018CppAD::AD<double>\u2019 to \u2018int\u2019 in assignment\n  119 |     fast_delay = CppAD::CondExpLt(Type(fast_delay), Type(1), Type(1), Type(fast_delay));\n      |     ~~~~~~~~~~~^~~~~~~~~~~~~~~~~~~~~~~~~~~~~~~~~~~~~~~~~~~~~~~~~~~~~~~~~~~~~~~~~~~~~~~~\nPOPULATIONS/POPULATION_0006/INDIVIDUAL_7OSFWJAI/model.cpp:122:16: error: cannot convert \u2018CppAD::AD<double>\u2019 to \u2018int\u2019 in assignment\n  122 |     slow_delay = CppAD::CondExpGt(Type(slow_delay), Type(t), Type(t), Type(slow_delay));\n      |     ~~~~~~~~~~~^~~~~~~~~~~~~~~~~~~~~~~~~~~~~~~~~~~~~~~~~~~~~~~~~~~~~~~~~~~~~~~~~~~~~~~~\nPOPULATIONS/POPULATION_0006/INDIVIDUAL_7OSFWJAI/model.cpp:123:16: error: cannot convert \u2018CppAD::AD<double>\u2019 to \u2018int\u2019 in assignment\n  123 |     slow_delay = CppAD::CondExpLt(Type(slow_delay), Type(1), Type(1), Type(slow_delay));\n      |     ~~~~~~~~~~~^~~~~~~~~~~~~~~~~~~~~~~~~~~~~~~~~~~~~~~~~~~~~~~~~~~~~~~~~~~~~~~~~~~~~~~~\nPOPULATIONS/POPULATION_0006/INDIVIDUAL_7OSFWJAI/model.cpp:255:18: error: cannot convert \u2018CppAD::AD<double>\u2019 to \u2018int\u2019 in assignment\n  255 |       fast_delay = CppAD::CondExpGt(Type(fast_delay), Type(t), Type(t), Type(fast_delay));\n      |       ~~~~~~~~~~~^~~~~~~~~~~~~~~~~~~~~~~~~~~~~~~~~~~~~~~~~~~~~~~~~~~~~~~~~~~~~~~~~~~~~~~~\nPOPULATIONS/POPULATION_0006/INDIVIDUAL_7OSFWJAI/model.cpp:256:18: error: cannot convert \u2018CppAD::AD<double>\u2019 to \u2018int\u2019 in assignment\n  256 |       fast_delay = CppAD::CondExpLt(Type(fast_delay), Type(1), Type(1), Type(fast_delay));\n      |       ~~~~~~~~~~~^~~~~~~~~~~~~~~~~~~~~~~~~~~~~~~~~~~~~~~~~~~~~~~~~~~~~~~~~~~~~~~~~~~~~~~~\nPOPULATIONS/POPULATION_0006/INDIVIDUAL_7OSFWJAI/model.cpp:259:18: error: cannot convert \u2018CppAD::AD<double>\u2019 to \u2018int\u2019 in assignment\n  259 |       slow_delay = CppAD::CondExpGt(Type(slow_delay), Type(t), Type(t), Type(slow_delay));\n      |       ~~~~~~~~~~~^~~~~~~~~~~~~~~~~~~~~~~~~~~~~~~~~~~~~~~~~~~~~~~~~~~~~~~~~~~~~~~~~~~~~~~~\nPOPULATIONS/POPULATION_0006/INDIVIDUAL_7OSFWJAI/model.cpp:260:18: error: cannot convert \u2018CppAD::AD<double>\u2019 to \u2018int\u2019 in assignment\n  260 |       slow_delay = CppAD::CondExpLt(Type(slow_delay), Type(1), Type(1), Type(slow_delay));\n      |       ~~~~~~~~~~~^~~~~~~~~~~~~~~~~~~~~~~~~~~~~~~~~~~~~~~~~~~~~~~~~~~~~~~~~~~~~~~~~~~~~~~~\nPOPULATIONS/POPULATION_0006/INDIVIDUAL_7OSFWJAI/model.cpp: In instantiation of \u2018Type objective_function<Type>::operator()() [with Type = CppAD::AD<CppAD::AD<double> >]\u2019:\n/home/spi085/R/x86_64-pc-linux-gnu-library/4.4/TMB/include/tmb_core.hpp:917:29:   required from \u2018Type objective_function<Type>::evalUserTemplate() [with Type = CppAD::AD<CppAD::AD<double> >]\u2019\n/home/spi085/R/x86_64-pc-linux-gnu-library/4.4/TMB/include/tmb_core.hpp:2116:26:   required from here\nPOPULATIONS/POPULATION_0006/INDIVIDUAL_7OSFWJAI/model.cpp:118:16: error: cannot convert \u2018CppAD::AD<CppAD::AD<double> >\u2019 to \u2018int\u2019 in assignment\n  118 |     fast_delay = CppAD::CondExpGt(Type(fast_delay), Type(t), Type(t), Type(fast_delay));\n      |     ~~~~~~~~~~~^~~~~~~~~~~~~~~~~~~~~~~~~~~~~~~~~~~~~~~~~~~~~~~~~~~~~~~~~~~~~~~~~~~~~~~~\nPOPULATIONS/POPULATION_0006/INDIVIDUAL_7OSFWJAI/model.cpp:119:16: error: cannot convert \u2018CppAD::AD<CppAD::AD<double> >\u2019 to \u2018int\u2019 in assignment\n  119 |     fast_delay = CppAD::CondExpLt(Type(fast_delay), Type(1), Type(1), Type(fast_delay));\n      |     ~~~~~~~~~~~^~~~~~~~~~~~~~~~~~~~~~~~~~~~~~~~~~~~~~~~~~~~~~~~~~~~~~~~~~~~~~~~~~~~~~~~\nPOPULATIONS/POPULATION_0006/INDIVIDUAL_7OSFWJAI/model.cpp:122:16: error: cannot convert \u2018CppAD::AD<CppAD::AD<double> >\u2019 to \u2018int\u2019 in assignment\n  122 |     slow_delay = CppAD::CondExpGt(Type(slow_delay), Type(t), Type(t), Type(slow_delay));\n      |     ~~~~~~~~~~~^~~~~~~~~~~~~~~~~~~~~~~~~~~~~~~~~~~~~~~~~~~~~~~~~~~~~~~~~~~~~~~~~~~~~~~~\nPOPULATIONS/POPULATION_0006/INDIVIDUAL_7OSFWJAI/model.cpp:123:16: error: cannot convert \u2018CppAD::AD<CppAD::AD<double> >\u2019 to \u2018int\u2019 in assignment\n  123 |     slow_delay = CppAD::CondExpLt(Type(slow_delay), Type(1), Type(1), Type(slow_delay));\n      |     ~~~~~~~~~~~^~~~~~~~~~~~~~~~~~~~~~~~~~~~~~~~~~~~~~~~~~~~~~~~~~~~~~~~~~~~~~~~~~~~~~~~\nPOPULATIONS/POPULATION_0006/INDIVIDUAL_7OSFWJAI/model.cpp:255:18: error: cannot convert \u2018CppAD::AD<CppAD::AD<double> >\u2019 to \u2018int\u2019 in assignment\n  255 |       fast_delay = CppAD::CondExpGt(Type(fast_delay), Type(t), Type(t), Type(fast_delay));\n      |       ~~~~~~~~~~~^~~~~~~~~~~~~~~~~~~~~~~~~~~~~~~~~~~~~~~~~~~~~~~~~~~~~~~~~~~~~~~~~~~~~~~~\nPOPULATIONS/POPULATION_0006/INDIVIDUAL_7OSFWJAI/model.cpp:256:18: error: cannot convert \u2018CppAD::AD<CppAD::AD<double> >\u2019 to \u2018int\u2019 in assignment\n  256 |       fast_delay = CppAD::CondExpLt(Type(fast_delay), Type(1), Type(1), Type(fast_delay));\n      |       ~~~~~~~~~~~^~~~~~~~~~~~~~~~~~~~~~~~~~~~~~~~~~~~~~~~~~~~~~~~~~~~~~~~~~~~~~~~~~~~~~~~\nPOPULATIONS/POPULATION_0006/INDIVIDUAL_7OSFWJAI/model.cpp:259:18: error: cannot convert \u2018CppAD::AD<CppAD::AD<double> >\u2019 to \u2018int\u2019 in assignment\n  259 |       slow_delay = CppAD::CondExpGt(Type(slow_delay), Type(t), Type(t), Type(slow_delay));\n      |       ~~~~~~~~~~~^~~~~~~~~~~~~~~~~~~~~~~~~~~~~~~~~~~~~~~~~~~~~~~~~~~~~~~~~~~~~~~~~~~~~~~~\nPOPULATIONS/POPULATION_0006/INDIVIDUAL_7OSFWJAI/model.cpp:260:18: error: cannot convert \u2018CppAD::AD<CppAD::AD<double> >\u2019 to \u2018int\u2019 in assignment\n  260 |       slow_delay = CppAD::CondExpLt(Type(slow_delay), Type(1), Type(1), Type(slow_delay));\n      |       ~~~~~~~~~~~^~~~~~~~~~~~~~~~~~~~~~~~~~~~~~~~~~~~~~~~~~~~~~~~~~~~~~~~~~~~~~~~~~~~~~~~\nPOPULATIONS/POPULATION_0006/INDIVIDUAL_7OSFWJAI/model.cpp: In instantiation of \u2018Type objective_function<Type>::operator()() [with Type = CppAD::AD<CppAD::AD<CppAD::AD<double> > >]\u2019:\n/home/spi085/R/x86_64-pc-linux-gnu-library/4.4/TMB/include/tmb_core.hpp:917:29:   required from \u2018Type objective_function<Type>::evalUserTemplate() [with Type = CppAD::AD<CppAD::AD<CppAD::AD<double> > >]\u2019\n/home/spi085/R/x86_64-pc-linux-gnu-library/4.4/TMB/include/tmb_core.hpp:2365:28:   required from here\nPOPULATIONS/POPULATION_0006/INDIVIDUAL_7OSFWJAI/model.cpp:118:16: error: cannot convert \u2018CppAD::AD<CppAD::AD<CppAD::AD<double> > >\u2019 to \u2018int\u2019 in assignment\n  118 |     fast_delay = CppAD::CondExpGt(Type(fast_delay), Type(t), Type(t), Type(fast_delay));\n      |     ~~~~~~~~~~~^~~~~~~~~~~~~~~~~~~~~~~~~~~~~~~~~~~~~~~~~~~~~~~~~~~~~~~~~~~~~~~~~~~~~~~~\nPOPULATIONS/POPULATION_0006/INDIVIDUAL_7OSFWJAI/model.cpp:119:16: error: cannot convert \u2018CppAD::AD<CppAD::AD<CppAD::AD<double> > >\u2019 to \u2018int\u2019 in assignment\n  119 |     fast_delay = CppAD::CondExpLt(Type(fast_delay), Type(1), Type(1), Type(fast_delay));\n      |     ~~~~~~~~~~~^~~~~~~~~~~~~~~~~~~~~~~~~~~~~~~~~~~~~~~~~~~~~~~~~~~~~~~~~~~~~~~~~~~~~~~~\nPOPULATIONS/POPULATION_0006/INDIVIDUAL_7OSFWJAI/model.cpp:122:16: error: cannot convert \u2018CppAD::AD<CppAD::AD<CppAD::AD<double> > >\u2019 to \u2018int\u2019 in assignment\n  122 |     slow_delay = CppAD::CondExpGt(Type(slow_delay), Type(t), Type(t), Type(slow_delay));\n      |     ~~~~~~~~~~~^~~~~~~~~~~~~~~~~~~~~~~~~~~~~~~~~~~~~~~~~~~~~~~~~~~~~~~~~~~~~~~~~~~~~~~~\nPOPULATIONS/POPULATION_0006/INDIVIDUAL_7OSFWJAI/model.cpp:123:16: error: cannot convert \u2018CppAD::AD<CppAD::AD<CppAD::AD<double> > >\u2019 to \u2018int\u2019 in assignment\n  123 |     slow_delay = CppAD::CondExpLt(Type(slow_delay), Type(1), Type(1), Type(slow_delay));\n      |     ~~~~~~~~~~~^~~~~~~~~~~~~~~~~~~~~~~~~~~~~~~~~~~~~~~~~~~~~~~~~~~~~~~~~~~~~~~~~~~~~~~~\nPOPULATIONS/POPULATION_0006/INDIVIDUAL_7OSFWJAI/model.cpp:255:18: error: cannot convert \u2018CppAD::AD<CppAD::AD<CppAD::AD<double> > >\u2019 to \u2018int\u2019 in assignment\n  255 |       fast_delay = CppAD::CondExpGt(Type(fast_delay), Type(t), Type(t), Type(fast_delay));\n      |       ~~~~~~~~~~~^~~~~~~~~~~~~~~~~~~~~~~~~~~~~~~~~~~~~~~~~~~~~~~~~~~~~~~~~~~~~~~~~~~~~~~~\nPOPULATIONS/POPULATION_0006/INDIVIDUAL_7OSFWJAI/model.cpp:256:18: error: cannot convert \u2018CppAD::AD<CppAD::AD<CppAD::AD<double> > >\u2019 to \u2018int\u2019 in assignment\n  256 |       fast_delay = CppAD::CondExpLt(Type(fast_delay), Type(1), Type(1), Type(fast_delay));\n      |       ~~~~~~~~~~~^~~~~~~~~~~~~~~~~~~~~~~~~~~~~~~~~~~~~~~~~~~~~~~~~~~~~~~~~~~~~~~~~~~~~~~~\nPOPULATIONS/POPULATION_0006/INDIVIDUAL_7OSFWJAI/model.cpp:259:18: error: cannot convert \u2018CppAD::AD<CppAD::AD<CppAD::AD<double> > >\u2019 to \u2018int\u2019 in assignment\n  259 |       slow_delay = CppAD::CondExpGt(Type(slow_delay), Type(t), Type(t), Type(slow_delay));\n      |       ~~~~~~~~~~~^~~~~~~~~~~~~~~~~~~~~~~~~~~~~~~~~~~~~~~~~~~~~~~~~~~~~~~~~~~~~~~~~~~~~~~~\nPOPULATIONS/POPULATION_0006/INDIVIDUAL_7OSFWJAI/model.cpp:260:18: error: cannot convert \u2018CppAD::AD<CppAD::AD<CppAD::AD<double> > >\u2019 to \u2018int\u2019 in assignment\n  260 |       slow_delay = CppAD::CondExpLt(Type(slow_delay), Type(1), Type(1), Type(slow_delay));\n      |       ~~~~~~~~~~~^~~~~~~~~~~~~~~~~~~~~~~~~~~~~~~~~~~~~~~~~~~~~~~~~~~~~~~~~~~~~~~~~~~~~~~~\nmake: *** [/usr/lib/R/etc/Makeconf:204: POPULATIONS/POPULATION_0006/INDIVIDUAL_7OSFWJAI/model.o] Error 1\nError in TMB::compile(file.path(individual_dir, model_file), flags = flags,  : \n  Compilation failed\nError: Compilation failed\nExecution halted"
    },
    "6": {
      "status": "ERROR",
      "message": "R script failed with return code 1",
      "stdout": "g++ -std=gnu++17 -I\"/usr/share/R/include\" -DNDEBUG -I\"/home/spi085/R/x86_64-pc-linux-gnu-library/4.4/TMB/include\" -I\"/home/spi085/R/x86_64-pc-linux-gnu-library/4.4/RcppEigen/include\"   -DTMB_EIGEN_DISABLE_WARNINGS   -DTMB_LIB_INIT=R_init_model  -DCPPAD_FRAMEWORK      -fpic  -O2  -c POPULATIONS/POPULATION_0006/INDIVIDUAL_7OSFWJAI/model.cpp -o POPULATIONS/POPULATION_0006/INDIVIDUAL_7OSFWJAI/model.o\ng++ -std=gnu++17 -shared -L/usr/lib/R/lib -Wl,-Bsymbolic-functions -flto=auto -ffat-lto-objects -Wl,-z,relro -o POPULATIONS/POPULATION_0006/INDIVIDUAL_7OSFWJAI/model.so POPULATIONS/POPULATION_0006/INDIVIDUAL_7OSFWJAI/model.o -L/usr/lib/R/lib -lR\nStarting model phases\nNumber of phases: 3 \nPhase 1 \nInitial parameter values for phase 1 :\n             r_cots        m_cots_adult          m_cots_juv     maturation_rate \n               9.00                1.25                  NA                  NA \n             a_fast              a_slow              r_fast              r_slow \n                 NA                  NA                  NA                  NA \n         imm_effect recovery_delay_fast recovery_delay_slow \n                 NA                  NA                  NA \nError in model phases: NA/NaN gradient evaluation",
      "stderr": "Loading required package: TMB\nLoading required package: jsonlite\nhere() starts at /home/spi085/Documents/_Projects/SCCP-QuantModelling\nusing C++ compiler: \u2018g++ (Ubuntu 13.3.0-6ubuntu2~24.04) 13.3.0\u2019\nError in value[[3L]](cond) : \n  Error in model phases: NA/NaN gradient evaluation\nCalls: tryCatch -> tryCatchList -> tryCatchOne -> <Anonymous>\nIn addition: Warning message:\nIn nlminb(model$par, model$fn, model$gr) : NA/NaN function evaluation\nExecution halted"
    },
    "7": {
      "status": "BROKEN"
    }
  }
}