{
  "iterations": {
    "1": {
      "status": "LEAKAGE",
      "message": "Data leakage detected in model equations:\n  Line 44: Missing prediction vector: cots_pred not found in model.\n    Required for response variable: cots_dat\n  Line 52: Missing prediction vector: cots_pred not found in model.\n    Required for response variable: cots_dat",
      "objective_value": "NA"
    },
    "2": {
      "status": "LEAKAGE",
      "message": "Data leakage detected in model equations:\n  Line 0: Missing REPORT statement: cots_pred is not reported.\n    Add 'REPORT(cots_pred);' before the return statement.\n  Line 47: Data leakage detected: using cots_dat in prediction calculation\n    in equation: cots_pred(t) = cots_dat(t-1);\n  Line 51: Data leakage detected: using cots_dat in prediction calculation\n    in equation: star_pred(t) = star_pred(t-1) + growth_rate_star * star_pred(t-1) * resource_limitation + cots_dat(t-1);",
      "objective_value": "NA"
    },
    "3": {
      "status": "ERROR",
      "message": "Model failed to compile.",
      "stdout": "g++ -std=gnu++17  -I\"C:/Users/spi085/AppData/Local/Programs/R/R-4.4.1/include\" -DNDEBUG -I\"C:/Users/spi085/AppData/Local/Programs/R/R-44~1.1/library/TMB/include\" -I\"C:/Users/spi085/AppData/Local/Programs/R/R-44~1.1/library/RCPPEI~1/include\"   -DTMB_EIGEN_DISABLE_WARNINGS   -DTMB_LIB_INIT=R_init_model  -DCPPAD_FRAMEWORK    -I\"C:/rtools44/x86_64-w64-mingw32.static.posix/include\"     -O2 -Wa,-mbig-obj -c POPULATIONS//POPULATION_0015//INDIVIDUAL_12BWKO6D/model.cpp -o POPULATIONS//POPULATION_0015//INDIVIDUAL_12BWKO6D/model.o",
      "stderr": "Loading required package: TMB\nLoading required package: jsonlite\nhere() starts at C:/Users/spi085/OneDrive - CSIRO/Documents/_Projects/SCCP-QuantModelling\nusing C++ compiler: 'G__~1.EXE (GCC) 13.2.0'\nPOPULATIONS//POPULATION_0015//INDIVIDUAL_12BWKO6D/model.cpp: In instantiation of 'Type objective_function<Type>::operator()() [with Type = CppAD::AD<double>]':\nC:/Users/spi085/AppData/Local/Programs/R/R-4.4.1/library/TMB/include/tmb_core.hpp:1308:6:   required from here\nPOPULATIONS//POPULATION_0015//INDIVIDUAL_12BWKO6D/model.cpp:60:18: error: 'dlnorm' was not declared in this scope; did you mean 'dnorm'?\n   60 |     nll -= dlnorm(star_dat(t), log(star_pred(t) + Type(1e-8)), obs_sd, true);\n      |            ~~~~~~^~~~~~~~~~~~~~~~~~~~~~~~~~~~~~~~~~~~~~~~~~~~~~~~~~~~~~~~~~~\n      |            dnorm\nPOPULATIONS//POPULATION_0015//INDIVIDUAL_12BWKO6D/model.cpp:61:18: error: 'dlnorm' was not declared in this scope, and no declarations were found by argument-dependent lookup at the point of instantiation\n   61 |     nll -= dlnorm(slow_dat(t), log(slow_pred(t) + Type(1e-8)), obs_sd, true);\n      |            ~~~~~~^~~~~~~~~~~~~~~~~~~~~~~~~~~~~~~~~~~~~~~~~~~~~~~~~~~~~~~~~~~\nPOPULATIONS//POPULATION_0015//INDIVIDUAL_12BWKO6D/model.cpp:60:18: note: 'dlnorm' declared here, later in the translation unit\n   60 |     nll -= dlnorm(star_dat(t), log(star_pred(t) + Type(1e-8)), obs_sd, true);\n      |            ~~~~~~^~~~~~~~~~~~~~~~~~~~~~~~~~~~~~~~~~~~~~~~~~~~~~~~~~~~~~~~~~~\nPOPULATIONS//POPULATION_0015//INDIVIDUAL_12BWKO6D/model.cpp:62:18: error: 'dlnorm' was not declared in this scope, and no declarations were found by argument-dependent lookup at the point of instantiation\n   62 |     nll -= dlnorm(fast_dat(t), log(fast_pred(t) + Type(1e-8)), obs_sd, true);\n      |            ~~~~~~^~~~~~~~~~~~~~~~~~~~~~~~~~~~~~~~~~~~~~~~~~~~~~~~~~~~~~~~~~~\nPOPULATIONS//POPULATION_0015//INDIVIDUAL_12BWKO6D/model.cpp:60:18: note: 'dlnorm' declared here, later in the translation unit\n   60 |     nll -= dlnorm(star_dat(t), log(star_pred(t) + Type(1e-8)), obs_sd, true);\n      |            ~~~~~~^~~~~~~~~~~~~~~~~~~~~~~~~~~~~~~~~~~~~~~~~~~~~~~~~~~~~~~~~~~\nPOPULATIONS//POPULATION_0015//INDIVIDUAL_12BWKO6D/model.cpp:63:18: error: 'dlnorm' was not declared in this scope, and no declarations were found by argument-dependent lookup at the point of instantiation\n   63 |     nll -= dlnorm(cots_dat(t), log(cots_pred(t) + Type(1e-8)), obs_sd, true);\n      |            ~~~~~~^~~~~~~~~~~~~~~~~~~~~~~~~~~~~~~~~~~~~~~~~~~~~~~~~~~~~~~~~~~\nPOPULATIONS//POPULATION_0015//INDIVIDUAL_12BWKO6D/model.cpp:60:18: note: 'dlnorm' declared here, later in the translation unit\n   60 |     nll -= dlnorm(star_dat(t), log(star_pred(t) + Type(1e-8)), obs_sd, true);\n      |            ~~~~~~^~~~~~~~~~~~~~~~~~~~~~~~~~~~~~~~~~~~~~~~~~~~~~~~~~~~~~~~~~~\nPOPULATIONS//POPULATION_0015//INDIVIDUAL_12BWKO6D/model.cpp: In instantiation of 'Type objective_function<Type>::operator()() [with Type = double]':\nC:/Users/spi085/AppData/Local/Programs/R/R-4.4.1/library/TMB/include/tmb_core.hpp:2031:7:   required from here\nPOPULATIONS//POPULATION_0015//INDIVIDUAL_12BWKO6D/model.cpp:60:18: error: 'dlnorm' was not declared in this scope; did you mean 'dnorm'?\n   60 |     nll -= dlnorm(star_dat(t), log(star_pred(t) + Type(1e-8)), obs_sd, true);\n      |            ~~~~~~^~~~~~~~~~~~~~~~~~~~~~~~~~~~~~~~~~~~~~~~~~~~~~~~~~~~~~~~~~~\n      |            dnorm\nPOPULATIONS//POPULATION_0015//INDIVIDUAL_12BWKO6D/model.cpp:61:18: error: 'dlnorm' was not declared in this scope, and no declarations were found by argument-dependent lookup at the point of instantiation\n   61 |     nll -= dlnorm(slow_dat(t), log(slow_pred(t) + Type(1e-8)), obs_sd, true);\n      |            ~~~~~~^~~~~~~~~~~~~~~~~~~~~~~~~~~~~~~~~~~~~~~~~~~~~~~~~~~~~~~~~~~\nPOPULATIONS//POPULATION_0015//INDIVIDUAL_12BWKO6D/model.cpp:60:18: note: 'dlnorm' declared here, later in the translation unit\n   60 |     nll -= dlnorm(star_dat(t), log(star_pred(t) + Type(1e-8)), obs_sd, true);\n      |            ~~~~~~^~~~~~~~~~~~~~~~~~~~~~~~~~~~~~~~~~~~~~~~~~~~~~~~~~~~~~~~~~~\nPOPULATIONS//POPULATION_0015//INDIVIDUAL_12BWKO6D/model.cpp:62:18: error: 'dlnorm' was not declared in this scope, and no declarations were found by argument-dependent lookup at the point of instantiation\n   62 |     nll -= dlnorm(fast_dat(t), log(fast_pred(t) + Type(1e-8)), obs_sd, true);\n      |            ~~~~~~^~~~~~~~~~~~~~~~~~~~~~~~~~~~~~~~~~~~~~~~~~~~~~~~~~~~~~~~~~~\nPOPULATIONS//POPULATION_0015//INDIVIDUAL_12BWKO6D/model.cpp:60:18: note: 'dlnorm' declared here, later in the translation unit\n   60 |     nll -= dlnorm(star_dat(t), log(star_pred(t) + Type(1e-8)), obs_sd, true);\n      |            ~~~~~~^~~~~~~~~~~~~~~~~~~~~~~~~~~~~~~~~~~~~~~~~~~~~~~~~~~~~~~~~~~\nPOPULATIONS//POPULATION_0015//INDIVIDUAL_12BWKO6D/model.cpp:63:18: error: 'dlnorm' was not declared in this scope, and no declarations were found by argument-dependent lookup at the point of instantiation\n   63 |     nll -= dlnorm(cots_dat(t), log(cots_pred(t) + Type(1e-8)), obs_sd, true);\n      |            ~~~~~~^~~~~~~~~~~~~~~~~~~~~~~~~~~~~~~~~~~~~~~~~~~~~~~~~~~~~~~~~~~\nPOPULATIONS//POPULATION_0015//INDIVIDUAL_12BWKO6D/model.cpp:60:18: note: 'dlnorm' declared here, later in the translation unit\n   60 |     nll -= dlnorm(star_dat(t), log(star_pred(t) + Type(1e-8)), obs_sd, true);\n      |            ~~~~~~^~~~~~~~~~~~~~~~~~~~~~~~~~~~~~~~~~~~~~~~~~~~~~~~~~~~~~~~~~~\nPOPULATIONS//POPULATION_0015//INDIVIDUAL_12BWKO6D/model.cpp: In instantiation of 'Type objective_function<Type>::operator()() [with Type = CppAD::AD<CppAD::AD<double> >]':\nC:/Users/spi085/AppData/Local/Programs/R/R-4.4.1/library/TMB/include/tmb_core.hpp:913:29:   required from 'Type objective_function<Type>::evalUserTemplate() [with Type = CppAD::AD<CppAD::AD<double> >]'\nC:/Users/spi085/AppData/Local/Programs/R/R-4.4.1/library/TMB/include/tmb_core.hpp:2112:26:   required from here\nPOPULATIONS//POPULATION_0015//INDIVIDUAL_12BWKO6D/model.cpp:60:18: error: 'dlnorm' was not declared in this scope; did you mean 'dnorm'?\n   60 |     nll -= dlnorm(star_dat(t), log(star_pred(t) + Type(1e-8)), obs_sd, true);\n      |            ~~~~~~^~~~~~~~~~~~~~~~~~~~~~~~~~~~~~~~~~~~~~~~~~~~~~~~~~~~~~~~~~~\n      |            dnorm\nPOPULATIONS//POPULATION_0015//INDIVIDUAL_12BWKO6D/model.cpp:61:18: error: 'dlnorm' was not declared in this scope, and no declarations were found by argument-dependent lookup at the point of instantiation\n   61 |     nll -= dlnorm(slow_dat(t), log(slow_pred(t) + Type(1e-8)), obs_sd, true);\n      |            ~~~~~~^~~~~~~~~~~~~~~~~~~~~~~~~~~~~~~~~~~~~~~~~~~~~~~~~~~~~~~~~~~\nPOPULATIONS//POPULATION_0015//INDIVIDUAL_12BWKO6D/model.cpp:60:18: note: 'dlnorm' declared here, later in the translation unit\n   60 |     nll -= dlnorm(star_dat(t), log(star_pred(t) + Type(1e-8)), obs_sd, true);\n      |            ~~~~~~^~~~~~~~~~~~~~~~~~~~~~~~~~~~~~~~~~~~~~~~~~~~~~~~~~~~~~~~~~~\nPOPULATIONS//POPULATION_0015//INDIVIDUAL_12BWKO6D/model.cpp:62:18: error: 'dlnorm' was not declared in this scope, and no declarations were found by argument-dependent lookup at the point of instantiation\n   62 |     nll -= dlnorm(fast_dat(t), log(fast_pred(t) + Type(1e-8)), obs_sd, true);\n      |            ~~~~~~^~~~~~~~~~~~~~~~~~~~~~~~~~~~~~~~~~~~~~~~~~~~~~~~~~~~~~~~~~~\nPOPULATIONS//POPULATION_0015//INDIVIDUAL_12BWKO6D/model.cpp:60:18: note: 'dlnorm' declared here, later in the translation unit\n   60 |     nll -= dlnorm(star_dat(t), log(star_pred(t) + Type(1e-8)), obs_sd, true);\n      |            ~~~~~~^~~~~~~~~~~~~~~~~~~~~~~~~~~~~~~~~~~~~~~~~~~~~~~~~~~~~~~~~~~\nPOPULATIONS//POPULATION_0015//INDIVIDUAL_12BWKO6D/model.cpp:63:18: error: 'dlnorm' was not declared in this scope, and no declarations were found by argument-dependent lookup at the point of instantiation\n   63 |     nll -= dlnorm(cots_dat(t), log(cots_pred(t) + Type(1e-8)), obs_sd, true);\n      |            ~~~~~~^~~~~~~~~~~~~~~~~~~~~~~~~~~~~~~~~~~~~~~~~~~~~~~~~~~~~~~~~~~\nPOPULATIONS//POPULATION_0015//INDIVIDUAL_12BWKO6D/model.cpp:60:18: note: 'dlnorm' declared here, later in the translation unit\n   60 |     nll -= dlnorm(star_dat(t), log(star_pred(t) + Type(1e-8)), obs_sd, true);\n      |            ~~~~~~^~~~~~~~~~~~~~~~~~~~~~~~~~~~~~~~~~~~~~~~~~~~~~~~~~~~~~~~~~~\nPOPULATIONS//POPULATION_0015//INDIVIDUAL_12BWKO6D/model.cpp: In instantiation of 'Type objective_function<Type>::operator()() [with Type = CppAD::AD<CppAD::AD<CppAD::AD<double> > >]':\nC:/Users/spi085/AppData/Local/Programs/R/R-4.4.1/library/TMB/include/tmb_core.hpp:913:29:   required from 'Type objective_function<Type>::evalUserTemplate() [with Type = CppAD::AD<CppAD::AD<CppAD::AD<double> > >]'\nC:/Users/spi085/AppData/Local/Programs/R/R-4.4.1/library/TMB/include/tmb_core.hpp:2361:28:   required from here\nPOPULATIONS//POPULATION_0015//INDIVIDUAL_12BWKO6D/model.cpp:60:18: error: 'dlnorm' was not declared in this scope; did you mean 'dnorm'?\n   60 |     nll -= dlnorm(star_dat(t), log(star_pred(t) + Type(1e-8)), obs_sd, true);\n      |            ~~~~~~^~~~~~~~~~~~~~~~~~~~~~~~~~~~~~~~~~~~~~~~~~~~~~~~~~~~~~~~~~~\n      |            dnorm\nPOPULATIONS//POPULATION_0015//INDIVIDUAL_12BWKO6D/model.cpp:61:18: error: 'dlnorm' was not declared in this scope, and no declarations were found by argument-dependent lookup at the point of instantiation\n   61 |     nll -= dlnorm(slow_dat(t), log(slow_pred(t) + Type(1e-8)), obs_sd, true);\n      |            ~~~~~~^~~~~~~~~~~~~~~~~~~~~~~~~~~~~~~~~~~~~~~~~~~~~~~~~~~~~~~~~~~\nPOPULATIONS//POPULATION_0015//INDIVIDUAL_12BWKO6D/model.cpp:60:18: note: 'dlnorm' declared here, later in the translation unit\n   60 |     nll -= dlnorm(star_dat(t), log(star_pred(t) + Type(1e-8)), obs_sd, true);\n      |            ~~~~~~^~~~~~~~~~~~~~~~~~~~~~~~~~~~~~~~~~~~~~~~~~~~~~~~~~~~~~~~~~~\nPOPULATIONS//POPULATION_0015//INDIVIDUAL_12BWKO6D/model.cpp:62:18: error: 'dlnorm' was not declared in this scope, and no declarations were found by argument-dependent lookup at the point of instantiation\n   62 |     nll -= dlnorm(fast_dat(t), log(fast_pred(t) + Type(1e-8)), obs_sd, true);\n      |            ~~~~~~^~~~~~~~~~~~~~~~~~~~~~~~~~~~~~~~~~~~~~~~~~~~~~~~~~~~~~~~~~~\nPOPULATIONS//POPULATION_0015//INDIVIDUAL_12BWKO6D/model.cpp:60:18: note: 'dlnorm' declared here, later in the translation unit\n   60 |     nll -= dlnorm(star_dat(t), log(star_pred(t) + Type(1e-8)), obs_sd, true);\n      |            ~~~~~~^~~~~~~~~~~~~~~~~~~~~~~~~~~~~~~~~~~~~~~~~~~~~~~~~~~~~~~~~~~\nPOPULATIONS//POPULATION_0015//INDIVIDUAL_12BWKO6D/model.cpp:63:18: error: 'dlnorm' was not declared in this scope, and no declarations were found by argument-dependent lookup at the point of instantiation\n   63 |     nll -= dlnorm(cots_dat(t), log(cots_pred(t) + Type(1e-8)), obs_sd, true);\n      |            ~~~~~~^~~~~~~~~~~~~~~~~~~~~~~~~~~~~~~~~~~~~~~~~~~~~~~~~~~~~~~~~~~\nPOPULATIONS//POPULATION_0015//INDIVIDUAL_12BWKO6D/model.cpp:60:18: note: 'dlnorm' declared here, later in the translation unit\n   60 |     nll -= dlnorm(star_dat(t), log(star_pred(t) + Type(1e-8)), obs_sd, true);\n      |            ~~~~~~^~~~~~~~~~~~~~~~~~~~~~~~~~~~~~~~~~~~~~~~~~~~~~~~~~~~~~~~~~~\nmake: *** [C:/Users/spi085/AppData/Local/Programs/R/R-4.4.1/etc/x64/Makeconf:296: POPULATIONS//POPULATION_0015//INDIVIDUAL_12BWKO6D/model.o] Error 1\nError in TMB::compile(file.path(individual_dir, model_file), flags = flags,  : \n  Compilation failed\nError: Compilation failed\nExecution halted"
    },
    "4": {
      "status": "ERROR",
      "message": "R script failed with return code 1",
      "stdout": "g++ -std=gnu++17  -I\"C:/Users/spi085/AppData/Local/Programs/R/R-4.4.1/include\" -DNDEBUG -I\"C:/Users/spi085/AppData/Local/Programs/R/R-44~1.1/library/TMB/include\" -I\"C:/Users/spi085/AppData/Local/Programs/R/R-44~1.1/library/RCPPEI~1/include\"   -DTMB_EIGEN_DISABLE_WARNINGS   -DTMB_LIB_INIT=R_init_model  -DCPPAD_FRAMEWORK    -I\"C:/rtools44/x86_64-w64-mingw32.static.posix/include\"     -O2 -Wa,-mbig-obj -c POPULATIONS//POPULATION_0015//INDIVIDUAL_12BWKO6D/model.cpp -o POPULATIONS//POPULATION_0015//INDIVIDUAL_12BWKO6D/model.o\ng++ -std=gnu++17 -shared -s -static-libgcc -o POPULATIONS//POPULATION_0015//INDIVIDUAL_12BWKO6D/model.dll tmp.def POPULATIONS//POPULATION_0015//INDIVIDUAL_12BWKO6D/model.o -LC:/rtools44/x86_64-w64-mingw32.static.posix/lib/x64 -LC:/rtools44/x86_64-w64-mingw32.static.posix/lib -LC:/Users/spi085/AppData/Local/Programs/R/R-4.4.1/bin/x64 -lR\nStarting model phases\nNumber of phases: 3 \nPhase 1 \nError in model phases: Error when reading the variable: 'star_dat'. Please check data and parameters.",
      "stderr": "Loading required package: TMB\nLoading required package: jsonlite\nhere() starts at C:/Users/spi085/OneDrive - CSIRO/Documents/_Projects/SCCP-QuantModelling\nusing C++ compiler: 'G__~1.EXE (GCC) 13.2.0'\nError in value[[3L]](cond) : \n  Error in model phases: Error when reading the variable: 'star_dat'. Please check data and parameters.\nCalls: tryCatch -> tryCatchList -> tryCatchOne -> <Anonymous>\nIn addition: Warning message:\nIn getParameterOrder(data, parameters, new.env(), DLL = DLL) :\n  Expected object. Got NULL.\nExecution halted"
    },
    "5": {
      "status": "ERROR",
      "message": "Model failed to compile.",
      "stdout": "g++ -std=gnu++17  -I\"C:/Users/spi085/AppData/Local/Programs/R/R-4.4.1/include\" -DNDEBUG -I\"C:/Users/spi085/AppData/Local/Programs/R/R-44~1.1/library/TMB/include\" -I\"C:/Users/spi085/AppData/Local/Programs/R/R-44~1.1/library/RCPPEI~1/include\"   -DTMB_EIGEN_DISABLE_WARNINGS   -DTMB_LIB_INIT=R_init_model  -DCPPAD_FRAMEWORK    -I\"C:/rtools44/x86_64-w64-mingw32.static.posix/include\"     -O2 -Wa,-mbig-obj -c POPULATIONS//POPULATION_0015//INDIVIDUAL_12BWKO6D/model.cpp -o POPULATIONS//POPULATION_0015//INDIVIDUAL_12BWKO6D/model.o",
      "stderr": "Loading required package: TMB\nLoading required package: jsonlite\nhere() starts at C:/Users/spi085/OneDrive - CSIRO/Documents/_Projects/SCCP-QuantModelling\nusing C++ compiler: 'G__~1.EXE (GCC) 13.2.0'\nPOPULATIONS//POPULATION_0015//INDIVIDUAL_12BWKO6D/model.cpp: In member function 'Type objective_function<Type>::operator()()':\nPOPULATIONS//POPULATION_0015//INDIVIDUAL_12BWKO6D/model.cpp:10:39: error: 'slow_dat' was not declared in this scope\n   10 |   if(star_dat.size() == 0) star_dat = slow_dat; // Fallback if star_dat is missing\n      |                                       ^~~~~~~~\nmake: *** [C:/Users/spi085/AppData/Local/Programs/R/R-4.4.1/etc/x64/Makeconf:296: POPULATIONS//POPULATION_0015//INDIVIDUAL_12BWKO6D/model.o] Error 1\nError in TMB::compile(file.path(individual_dir, model_file), flags = flags,  : \n  Compilation failed\nError: Compilation failed\nExecution halted"
    },
    "6": {
      "status": "ERROR",
      "message": "R script failed with return code 1",
      "stdout": "g++ -std=gnu++17  -I\"C:/Users/spi085/AppData/Local/Programs/R/R-4.4.1/include\" -DNDEBUG -I\"C:/Users/spi085/AppData/Local/Programs/R/R-44~1.1/library/TMB/include\" -I\"C:/Users/spi085/AppData/Local/Programs/R/R-44~1.1/library/RCPPEI~1/include\"   -DTMB_EIGEN_DISABLE_WARNINGS   -DTMB_LIB_INIT=R_init_model  -DCPPAD_FRAMEWORK    -I\"C:/rtools44/x86_64-w64-mingw32.static.posix/include\"     -O2 -Wa,-mbig-obj -c POPULATIONS//POPULATION_0015//INDIVIDUAL_12BWKO6D/model.cpp -o POPULATIONS//POPULATION_0015//INDIVIDUAL_12BWKO6D/model.o\ng++ -std=gnu++17 -shared -s -static-libgcc -o POPULATIONS//POPULATION_0015//INDIVIDUAL_12BWKO6D/model.dll tmp.def POPULATIONS//POPULATION_0015//INDIVIDUAL_12BWKO6D/model.o -LC:/rtools44/x86_64-w64-mingw32.static.posix/lib/x64 -LC:/rtools44/x86_64-w64-mingw32.static.posix/lib -LC:/Users/spi085/AppData/Local/Programs/R/R-4.4.1/bin/x64 -lR\nStarting model phases\nNumber of phases: 3 \nPhase 1 \nError in model phases: Error when reading the variable: 'star_dat'. Please check data and parameters.",
      "stderr": "Loading required package: TMB\nLoading required package: jsonlite\nhere() starts at C:/Users/spi085/OneDrive - CSIRO/Documents/_Projects/SCCP-QuantModelling\nusing C++ compiler: 'G__~1.EXE (GCC) 13.2.0'\nError in value[[3L]](cond) : \n  Error in model phases: Error when reading the variable: 'star_dat'. Please check data and parameters.\nCalls: tryCatch -> tryCatchList -> tryCatchOne -> <Anonymous>\nIn addition: Warning message:\nIn getParameterOrder(data, parameters, new.env(), DLL = DLL) :\n  Expected object. Got NULL.\nExecution halted"
    },
    "7": {
      "status": "BROKEN"
    }
  }
}