{
  "iterations": {
    "1": {
      "status": "ERROR",
      "message": "Model failed to compile.",
      "stdout": "g++ -std=gnu++17 -I\"/usr/share/R/include\" -DNDEBUG -I\"/home/spi085/R/x86_64-pc-linux-gnu-library/4.4/TMB/include\" -I\"/home/spi085/R/x86_64-pc-linux-gnu-library/4.4/RcppEigen/include\"   -DTMB_EIGEN_DISABLE_WARNINGS   -DTMB_LIB_INIT=R_init_model  -DCPPAD_FRAMEWORK      -fpic  -O2  -c POPULATIONS/POPULATION_0006/INDIVIDUAL_29ZN4G7N/model.cpp -o POPULATIONS/POPULATION_0006/INDIVIDUAL_29ZN4G7N/model.o",
      "stderr": "Loading required package: TMB\nLoading required package: jsonlite\nhere() starts at /home/spi085/Documents/_Projects/SCCP-QuantModelling\nusing C++ compiler: \u2018g++ (Ubuntu 13.3.0-6ubuntu2~24.04) 13.3.0\u2019\nPOPULATIONS/POPULATION_0006/INDIVIDUAL_29ZN4G7N/model.cpp: In instantiation of \u2018Type objective_function<Type>::operator()() [with Type = CppAD::AD<double>]\u2019:\n/home/spi085/R/x86_64-pc-linux-gnu-library/4.4/TMB/include/tmb_core.hpp:1312:6:   required from here\nPOPULATIONS/POPULATION_0006/INDIVIDUAL_29ZN4G7N/model.cpp:126:18: error: \u2018dlnorm\u2019 was not declared in this scope; did you mean \u2018dnorm\u2019?\n  126 |     nll -= dlnorm(cots_dat(t), log(cots_pred(t) + Type(1e-8)), sigma_cots + Type(1e-8), true);\n      |            ~~~~~~^~~~~~~~~~~~~~~~~~~~~~~~~~~~~~~~~~~~~~~~~~~~~~~~~~~~~~~~~~~~~~~~~~~~~~~~~~~~\n      |            dnorm\nPOPULATIONS/POPULATION_0006/INDIVIDUAL_29ZN4G7N/model.cpp:127:18: error: \u2018dlnorm\u2019 was not declared in this scope, and no declarations were found by argument-dependent lookup at the point of instantiation\n  127 |     nll -= dlnorm(fast_dat(t), log(fast_pred(t) + Type(1e-8)), sigma_fast + Type(1e-8), true);\n      |            ~~~~~~^~~~~~~~~~~~~~~~~~~~~~~~~~~~~~~~~~~~~~~~~~~~~~~~~~~~~~~~~~~~~~~~~~~~~~~~~~~~\nPOPULATIONS/POPULATION_0006/INDIVIDUAL_29ZN4G7N/model.cpp:126:18: note: \u2018dlnorm\u2019 declared here, later in the translation unit\n  126 |     nll -= dlnorm(cots_dat(t), log(cots_pred(t) + Type(1e-8)), sigma_cots + Type(1e-8), true);\n      |            ~~~~~~^~~~~~~~~~~~~~~~~~~~~~~~~~~~~~~~~~~~~~~~~~~~~~~~~~~~~~~~~~~~~~~~~~~~~~~~~~~~\nPOPULATIONS/POPULATION_0006/INDIVIDUAL_29ZN4G7N/model.cpp:128:18: error: \u2018dlnorm\u2019 was not declared in this scope, and no declarations were found by argument-dependent lookup at the point of instantiation\n  128 |     nll -= dlnorm(slow_dat(t), log(slow_pred(t) + Type(1e-8)), sigma_slow + Type(1e-8), true);\n      |            ~~~~~~^~~~~~~~~~~~~~~~~~~~~~~~~~~~~~~~~~~~~~~~~~~~~~~~~~~~~~~~~~~~~~~~~~~~~~~~~~~~\nPOPULATIONS/POPULATION_0006/INDIVIDUAL_29ZN4G7N/model.cpp:126:18: note: \u2018dlnorm\u2019 declared here, later in the translation unit\n  126 |     nll -= dlnorm(cots_dat(t), log(cots_pred(t) + Type(1e-8)), sigma_cots + Type(1e-8), true);\n      |            ~~~~~~^~~~~~~~~~~~~~~~~~~~~~~~~~~~~~~~~~~~~~~~~~~~~~~~~~~~~~~~~~~~~~~~~~~~~~~~~~~~\nPOPULATIONS/POPULATION_0006/INDIVIDUAL_29ZN4G7N/model.cpp: In instantiation of \u2018Type objective_function<Type>::operator()() [with Type = double]\u2019:\n/home/spi085/R/x86_64-pc-linux-gnu-library/4.4/TMB/include/tmb_core.hpp:2035:7:   required from here\nPOPULATIONS/POPULATION_0006/INDIVIDUAL_29ZN4G7N/model.cpp:126:18: error: \u2018dlnorm\u2019 was not declared in this scope; did you mean \u2018dnorm\u2019?\n  126 |     nll -= dlnorm(cots_dat(t), log(cots_pred(t) + Type(1e-8)), sigma_cots + Type(1e-8), true);\n      |            ~~~~~~^~~~~~~~~~~~~~~~~~~~~~~~~~~~~~~~~~~~~~~~~~~~~~~~~~~~~~~~~~~~~~~~~~~~~~~~~~~~\n      |            dnorm\nPOPULATIONS/POPULATION_0006/INDIVIDUAL_29ZN4G7N/model.cpp:127:18: error: \u2018dlnorm\u2019 was not declared in this scope, and no declarations were found by argument-dependent lookup at the point of instantiation\n  127 |     nll -= dlnorm(fast_dat(t), log(fast_pred(t) + Type(1e-8)), sigma_fast + Type(1e-8), true);\n      |            ~~~~~~^~~~~~~~~~~~~~~~~~~~~~~~~~~~~~~~~~~~~~~~~~~~~~~~~~~~~~~~~~~~~~~~~~~~~~~~~~~~\nPOPULATIONS/POPULATION_0006/INDIVIDUAL_29ZN4G7N/model.cpp:126:18: note: \u2018dlnorm\u2019 declared here, later in the translation unit\n  126 |     nll -= dlnorm(cots_dat(t), log(cots_pred(t) + Type(1e-8)), sigma_cots + Type(1e-8), true);\n      |            ~~~~~~^~~~~~~~~~~~~~~~~~~~~~~~~~~~~~~~~~~~~~~~~~~~~~~~~~~~~~~~~~~~~~~~~~~~~~~~~~~~\nPOPULATIONS/POPULATION_0006/INDIVIDUAL_29ZN4G7N/model.cpp:128:18: error: \u2018dlnorm\u2019 was not declared in this scope, and no declarations were found by argument-dependent lookup at the point of instantiation\n  128 |     nll -= dlnorm(slow_dat(t), log(slow_pred(t) + Type(1e-8)), sigma_slow + Type(1e-8), true);\n      |            ~~~~~~^~~~~~~~~~~~~~~~~~~~~~~~~~~~~~~~~~~~~~~~~~~~~~~~~~~~~~~~~~~~~~~~~~~~~~~~~~~~\nPOPULATIONS/POPULATION_0006/INDIVIDUAL_29ZN4G7N/model.cpp:126:18: note: \u2018dlnorm\u2019 declared here, later in the translation unit\n  126 |     nll -= dlnorm(cots_dat(t), log(cots_pred(t) + Type(1e-8)), sigma_cots + Type(1e-8), true);\n      |            ~~~~~~^~~~~~~~~~~~~~~~~~~~~~~~~~~~~~~~~~~~~~~~~~~~~~~~~~~~~~~~~~~~~~~~~~~~~~~~~~~~\nPOPULATIONS/POPULATION_0006/INDIVIDUAL_29ZN4G7N/model.cpp: In instantiation of \u2018Type objective_function<Type>::operator()() [with Type = CppAD::AD<CppAD::AD<double> >]\u2019:\n/home/spi085/R/x86_64-pc-linux-gnu-library/4.4/TMB/include/tmb_core.hpp:917:29:   required from \u2018Type objective_function<Type>::evalUserTemplate() [with Type = CppAD::AD<CppAD::AD<double> >]\u2019\n/home/spi085/R/x86_64-pc-linux-gnu-library/4.4/TMB/include/tmb_core.hpp:2116:26:   required from here\nPOPULATIONS/POPULATION_0006/INDIVIDUAL_29ZN4G7N/model.cpp:126:18: error: \u2018dlnorm\u2019 was not declared in this scope; did you mean \u2018dnorm\u2019?\n  126 |     nll -= dlnorm(cots_dat(t), log(cots_pred(t) + Type(1e-8)), sigma_cots + Type(1e-8), true);\n      |            ~~~~~~^~~~~~~~~~~~~~~~~~~~~~~~~~~~~~~~~~~~~~~~~~~~~~~~~~~~~~~~~~~~~~~~~~~~~~~~~~~~\n      |            dnorm\nPOPULATIONS/POPULATION_0006/INDIVIDUAL_29ZN4G7N/model.cpp:127:18: error: \u2018dlnorm\u2019 was not declared in this scope, and no declarations were found by argument-dependent lookup at the point of instantiation\n  127 |     nll -= dlnorm(fast_dat(t), log(fast_pred(t) + Type(1e-8)), sigma_fast + Type(1e-8), true);\n      |            ~~~~~~^~~~~~~~~~~~~~~~~~~~~~~~~~~~~~~~~~~~~~~~~~~~~~~~~~~~~~~~~~~~~~~~~~~~~~~~~~~~\nPOPULATIONS/POPULATION_0006/INDIVIDUAL_29ZN4G7N/model.cpp:126:18: note: \u2018dlnorm\u2019 declared here, later in the translation unit\n  126 |     nll -= dlnorm(cots_dat(t), log(cots_pred(t) + Type(1e-8)), sigma_cots + Type(1e-8), true);\n      |            ~~~~~~^~~~~~~~~~~~~~~~~~~~~~~~~~~~~~~~~~~~~~~~~~~~~~~~~~~~~~~~~~~~~~~~~~~~~~~~~~~~\nPOPULATIONS/POPULATION_0006/INDIVIDUAL_29ZN4G7N/model.cpp:128:18: error: \u2018dlnorm\u2019 was not declared in this scope, and no declarations were found by argument-dependent lookup at the point of instantiation\n  128 |     nll -= dlnorm(slow_dat(t), log(slow_pred(t) + Type(1e-8)), sigma_slow + Type(1e-8), true);\n      |            ~~~~~~^~~~~~~~~~~~~~~~~~~~~~~~~~~~~~~~~~~~~~~~~~~~~~~~~~~~~~~~~~~~~~~~~~~~~~~~~~~~\nPOPULATIONS/POPULATION_0006/INDIVIDUAL_29ZN4G7N/model.cpp:126:18: note: \u2018dlnorm\u2019 declared here, later in the translation unit\n  126 |     nll -= dlnorm(cots_dat(t), log(cots_pred(t) + Type(1e-8)), sigma_cots + Type(1e-8), true);\n      |            ~~~~~~^~~~~~~~~~~~~~~~~~~~~~~~~~~~~~~~~~~~~~~~~~~~~~~~~~~~~~~~~~~~~~~~~~~~~~~~~~~~\nPOPULATIONS/POPULATION_0006/INDIVIDUAL_29ZN4G7N/model.cpp: In instantiation of \u2018Type objective_function<Type>::operator()() [with Type = CppAD::AD<CppAD::AD<CppAD::AD<double> > >]\u2019:\n/home/spi085/R/x86_64-pc-linux-gnu-library/4.4/TMB/include/tmb_core.hpp:917:29:   required from \u2018Type objective_function<Type>::evalUserTemplate() [with Type = CppAD::AD<CppAD::AD<CppAD::AD<double> > >]\u2019\n/home/spi085/R/x86_64-pc-linux-gnu-library/4.4/TMB/include/tmb_core.hpp:2365:28:   required from here\nPOPULATIONS/POPULATION_0006/INDIVIDUAL_29ZN4G7N/model.cpp:126:18: error: \u2018dlnorm\u2019 was not declared in this scope; did you mean \u2018dnorm\u2019?\n  126 |     nll -= dlnorm(cots_dat(t), log(cots_pred(t) + Type(1e-8)), sigma_cots + Type(1e-8), true);\n      |            ~~~~~~^~~~~~~~~~~~~~~~~~~~~~~~~~~~~~~~~~~~~~~~~~~~~~~~~~~~~~~~~~~~~~~~~~~~~~~~~~~~\n      |            dnorm\nPOPULATIONS/POPULATION_0006/INDIVIDUAL_29ZN4G7N/model.cpp:127:18: error: \u2018dlnorm\u2019 was not declared in this scope, and no declarations were found by argument-dependent lookup at the point of instantiation\n  127 |     nll -= dlnorm(fast_dat(t), log(fast_pred(t) + Type(1e-8)), sigma_fast + Type(1e-8), true);\n      |            ~~~~~~^~~~~~~~~~~~~~~~~~~~~~~~~~~~~~~~~~~~~~~~~~~~~~~~~~~~~~~~~~~~~~~~~~~~~~~~~~~~\nPOPULATIONS/POPULATION_0006/INDIVIDUAL_29ZN4G7N/model.cpp:126:18: note: \u2018dlnorm\u2019 declared here, later in the translation unit\n  126 |     nll -= dlnorm(cots_dat(t), log(cots_pred(t) + Type(1e-8)), sigma_cots + Type(1e-8), true);\n      |            ~~~~~~^~~~~~~~~~~~~~~~~~~~~~~~~~~~~~~~~~~~~~~~~~~~~~~~~~~~~~~~~~~~~~~~~~~~~~~~~~~~\nPOPULATIONS/POPULATION_0006/INDIVIDUAL_29ZN4G7N/model.cpp:128:18: error: \u2018dlnorm\u2019 was not declared in this scope, and no declarations were found by argument-dependent lookup at the point of instantiation\n  128 |     nll -= dlnorm(slow_dat(t), log(slow_pred(t) + Type(1e-8)), sigma_slow + Type(1e-8), true);\n      |            ~~~~~~^~~~~~~~~~~~~~~~~~~~~~~~~~~~~~~~~~~~~~~~~~~~~~~~~~~~~~~~~~~~~~~~~~~~~~~~~~~~\nPOPULATIONS/POPULATION_0006/INDIVIDUAL_29ZN4G7N/model.cpp:126:18: note: \u2018dlnorm\u2019 declared here, later in the translation unit\n  126 |     nll -= dlnorm(cots_dat(t), log(cots_pred(t) + Type(1e-8)), sigma_cots + Type(1e-8), true);\n      |            ~~~~~~^~~~~~~~~~~~~~~~~~~~~~~~~~~~~~~~~~~~~~~~~~~~~~~~~~~~~~~~~~~~~~~~~~~~~~~~~~~~\nmake: *** [/usr/lib/R/etc/Makeconf:204: POPULATIONS/POPULATION_0006/INDIVIDUAL_29ZN4G7N/model.o] Error 1\nError in TMB::compile(file.path(individual_dir, model_file), flags = flags,  : \n  Compilation failed\nError: Compilation failed\nExecution halted"
    },
    "2": {
      "status": "ERROR",
      "message": "R script failed with return code 1",
      "stdout": "g++ -std=gnu++17 -I\"/usr/share/R/include\" -DNDEBUG -I\"/home/spi085/R/x86_64-pc-linux-gnu-library/4.4/TMB/include\" -I\"/home/spi085/R/x86_64-pc-linux-gnu-library/4.4/RcppEigen/include\"   -DTMB_EIGEN_DISABLE_WARNINGS   -DTMB_LIB_INIT=R_init_model  -DCPPAD_FRAMEWORK      -fpic  -O2  -c POPULATIONS/POPULATION_0006/INDIVIDUAL_29ZN4G7N/model.cpp -o POPULATIONS/POPULATION_0006/INDIVIDUAL_29ZN4G7N/model.o\ng++ -std=gnu++17 -shared -L/usr/lib/R/lib -Wl,-Bsymbolic-functions -flto=auto -ffat-lto-objects -Wl,-z,relro -o POPULATIONS/POPULATION_0006/INDIVIDUAL_29ZN4G7N/model.so POPULATIONS/POPULATION_0006/INDIVIDUAL_29ZN4G7N/model.o -L/usr/lib/R/lib -lR\nStarting model phases\nNumber of phases: 4 \nPhase 1 \nInitial parameter values for phase 1 :\nr_cots m_cots r_fast r_slow a_fast a_slow \n  1.20   0.50   0.40   0.15   0.80   0.30 \nFinal parameter values for phase 1 :\nr_cots m_cots r_fast r_slow a_fast a_slow \n  1.20   0.50   0.40   0.15   0.80   0.30 \nConvergence message: both X-convergence and relative convergence (5) \nNumber of iterations: 1 \nObjective function value: Inf \nGradient at solution for phase 1 :\n     [,1] [,2] [,3] [,4] [,5] [,6]\n[1,]    0    0    0    0    0    0\nPhase 2 \nInitial parameter values for phase 2 :\n        K_cots  beta_sst_cots   sst_opt_cots         K_fast         K_slow \n          3.00           0.20          28.50          50.00          30.00 \nbeta_sst_coral  sst_opt_coral         h_fast         h_slow      pref_fast \n          0.15          26.00           0.05           0.10           0.70 \nFinal parameter values for phase 2 :\n        K_cots  beta_sst_cots   sst_opt_cots         K_fast         K_slow \n          3.00           0.20          28.50          50.00          30.00 \nbeta_sst_coral  sst_opt_coral         h_fast         h_slow      pref_fast \n          0.15          26.00           0.05           0.10           0.70 \nConvergence message: both X-convergence and relative convergence (5) \nNumber of iterations: 1 \nObjective function value: Inf \nGradient at solution for phase 2 :\n     [,1] [,2] [,3] [,4] [,5] [,6] [,7] [,8] [,9] [,10]\n[1,]    0    0    0    0    0    0    0    0    0     0\nPhase 3 \nInitial parameter values for phase 3 :\n         alpha_cots        sst_tol_cots       sst_tol_coral    min_coral_thresh \n                0.3                 2.0                 3.0                 5.0 \nlog_sigma_proc_cots log_sigma_proc_fast log_sigma_proc_slow \n               -2.3                -2.3                -2.3 \nFinal parameter values for phase 3 :\n         alpha_cots        sst_tol_cots       sst_tol_coral    min_coral_thresh \n                0.3                 2.0                 3.0                 5.0 \nlog_sigma_proc_cots log_sigma_proc_fast log_sigma_proc_slow \n               -2.3                -2.3                -2.3 \nConvergence message: both X-convergence and relative convergence (5) \nNumber of iterations: 1 \nObjective function value: Inf \nGradient at solution for phase 3 :\n     [,1] [,2] [,3] [,4] [,5] [,6] [,7]\n[1,]    0    0    0    0    0    0    0\nPhase 4 \nInitial parameter values for phase 4 :\nlog_sigma_cots log_sigma_fast log_sigma_slow \n          -1.6           -1.2           -1.2 \nError in model phases: NA/NaN gradient evaluation",
      "stderr": "Loading required package: TMB\nLoading required package: jsonlite\nhere() starts at /home/spi085/Documents/_Projects/SCCP-QuantModelling\nusing C++ compiler: \u2018g++ (Ubuntu 13.3.0-6ubuntu2~24.04) 13.3.0\u2019\nError in value[[3L]](cond) : \n  Error in model phases: NA/NaN gradient evaluation\nCalls: tryCatch -> tryCatchList -> tryCatchOne -> <Anonymous>\nIn addition: Warning messages:\n1: In nlminb(model$par, model$fn, model$gr) : NA/NaN function evaluation\n2: In nlminb(model$par, model$fn, model$gr) : NA/NaN function evaluation\n3: In nlminb(model$par, model$fn, model$gr) : NA/NaN function evaluation\n4: In nlminb(model$par, model$fn, model$gr) : NA/NaN function evaluation\n5: In nlminb(model$par, model$fn, model$gr) : NA/NaN function evaluation\n6: In nlminb(model$par, model$fn, model$gr) : NA/NaN function evaluation\n7: In nlminb(model$par, model$fn, model$gr) : NA/NaN function evaluation\nExecution halted"
    },
    "3": {
      "status": "ERROR",
      "message": "R script failed with return code 1",
      "stdout": "g++ -std=gnu++17 -I\"/usr/share/R/include\" -DNDEBUG -I\"/home/spi085/R/x86_64-pc-linux-gnu-library/4.4/TMB/include\" -I\"/home/spi085/R/x86_64-pc-linux-gnu-library/4.4/RcppEigen/include\"   -DTMB_EIGEN_DISABLE_WARNINGS   -DTMB_LIB_INIT=R_init_model  -DCPPAD_FRAMEWORK      -fpic  -O2  -c POPULATIONS/POPULATION_0006/INDIVIDUAL_29ZN4G7N/model.cpp -o POPULATIONS/POPULATION_0006/INDIVIDUAL_29ZN4G7N/model.o\ng++ -std=gnu++17 -shared -L/usr/lib/R/lib -Wl,-Bsymbolic-functions -flto=auto -ffat-lto-objects -Wl,-z,relro -o POPULATIONS/POPULATION_0006/INDIVIDUAL_29ZN4G7N/model.so POPULATIONS/POPULATION_0006/INDIVIDUAL_29ZN4G7N/model.o -L/usr/lib/R/lib -lR\nStarting model phases\nNumber of phases: 4 \nPhase 1 \nInitial parameter values for phase 1 :\nr_cots m_cots r_fast r_slow a_fast a_slow \n  1.20   0.50   0.40   0.15   0.80   0.30 \nFinal parameter values for phase 1 :\nr_cots m_cots r_fast r_slow a_fast a_slow \n  1.20   0.50   0.40   0.15   0.80   0.30 \nConvergence message: both X-convergence and relative convergence (5) \nNumber of iterations: 1 \nObjective function value: Inf \nGradient at solution for phase 1 :\n     [,1] [,2] [,3] [,4] [,5] [,6]\n[1,]    0    0    0    0    0    0\nPhase 2 \nInitial parameter values for phase 2 :\n        K_cots  beta_sst_cots   sst_opt_cots         K_fast         K_slow \n          3.00           0.20          28.50          50.00          30.00 \nbeta_sst_coral  sst_opt_coral         h_fast         h_slow      pref_fast \n          0.15          26.00           0.05           0.10           0.70 \nFinal parameter values for phase 2 :\n        K_cots  beta_sst_cots   sst_opt_cots         K_fast         K_slow \n          3.00           0.20          28.50          50.00          30.00 \nbeta_sst_coral  sst_opt_coral         h_fast         h_slow      pref_fast \n          0.15          26.00           0.05           0.10           0.70 \nConvergence message: both X-convergence and relative convergence (5) \nNumber of iterations: 1 \nObjective function value: Inf \nGradient at solution for phase 2 :\n     [,1] [,2] [,3] [,4] [,5] [,6] [,7] [,8] [,9] [,10]\n[1,]    0    0    0    0    0    0    0    0    0     0\nPhase 3 \nInitial parameter values for phase 3 :\n         alpha_cots        sst_tol_cots       sst_tol_coral    min_coral_thresh \n                0.3                 2.0                 3.0                 5.0 \nlog_sigma_proc_cots log_sigma_proc_fast log_sigma_proc_slow \n               -2.3                -2.3                -2.3 \nFinal parameter values for phase 3 :\n         alpha_cots        sst_tol_cots       sst_tol_coral    min_coral_thresh \n                0.3                 2.0                 3.0                 5.0 \nlog_sigma_proc_cots log_sigma_proc_fast log_sigma_proc_slow \n               -2.3                -2.3                -2.3 \nConvergence message: both X-convergence and relative convergence (5) \nNumber of iterations: 1 \nObjective function value: Inf \nGradient at solution for phase 3 :\n     [,1] [,2] [,3] [,4] [,5] [,6] [,7]\n[1,]    0    0    0    0    0    0    0\nPhase 4 \nInitial parameter values for phase 4 :\nlog_sigma_cots log_sigma_fast log_sigma_slow \n          -1.6           -1.2           -1.2 \nError in model phases: NA/NaN gradient evaluation",
      "stderr": "Loading required package: TMB\nLoading required package: jsonlite\nhere() starts at /home/spi085/Documents/_Projects/SCCP-QuantModelling\nusing C++ compiler: \u2018g++ (Ubuntu 13.3.0-6ubuntu2~24.04) 13.3.0\u2019\nError in value[[3L]](cond) : \n  Error in model phases: NA/NaN gradient evaluation\nCalls: tryCatch -> tryCatchList -> tryCatchOne -> <Anonymous>\nIn addition: Warning messages:\n1: In nlminb(model$par, model$fn, model$gr) : NA/NaN function evaluation\n2: In nlminb(model$par, model$fn, model$gr) : NA/NaN function evaluation\n3: In nlminb(model$par, model$fn, model$gr) : NA/NaN function evaluation\n4: In nlminb(model$par, model$fn, model$gr) : NA/NaN function evaluation\n5: In nlminb(model$par, model$fn, model$gr) : NA/NaN function evaluation\n6: In nlminb(model$par, model$fn, model$gr) : NA/NaN function evaluation\n7: In nlminb(model$par, model$fn, model$gr) : NA/NaN function evaluation\nExecution halted"
    },
    "4": {
      "status": "ERROR",
      "message": "R script failed with return code 1",
      "stdout": "g++ -std=gnu++17 -I\"/usr/share/R/include\" -DNDEBUG -I\"/home/spi085/R/x86_64-pc-linux-gnu-library/4.4/TMB/include\" -I\"/home/spi085/R/x86_64-pc-linux-gnu-library/4.4/RcppEigen/include\"   -DTMB_EIGEN_DISABLE_WARNINGS   -DTMB_LIB_INIT=R_init_model  -DCPPAD_FRAMEWORK      -fpic  -O2  -c POPULATIONS/POPULATION_0006/INDIVIDUAL_29ZN4G7N/model.cpp -o POPULATIONS/POPULATION_0006/INDIVIDUAL_29ZN4G7N/model.o\ng++ -std=gnu++17 -shared -L/usr/lib/R/lib -Wl,-Bsymbolic-functions -flto=auto -ffat-lto-objects -Wl,-z,relro -o POPULATIONS/POPULATION_0006/INDIVIDUAL_29ZN4G7N/model.so POPULATIONS/POPULATION_0006/INDIVIDUAL_29ZN4G7N/model.o -L/usr/lib/R/lib -lR\nStarting model phases\nNumber of phases: 4 \nPhase 1 \nInitial parameter values for phase 1 :\nr_cots m_cots r_fast r_slow a_fast a_slow \n  1.20   0.50   0.40   0.15   0.80   0.30 \nFinal parameter values for phase 1 :\nr_cots m_cots r_fast r_slow a_fast a_slow \n  1.20   0.50   0.40   0.15   0.80   0.30 \nConvergence message: both X-convergence and relative convergence (5) \nNumber of iterations: 1 \nObjective function value: Inf \nGradient at solution for phase 1 :\n     [,1] [,2] [,3] [,4] [,5] [,6]\n[1,]    0    0    0    0    0    0\nPhase 2 \nInitial parameter values for phase 2 :\n        K_cots  beta_sst_cots   sst_opt_cots         K_fast         K_slow \n          3.00           0.20          28.50          50.00          30.00 \nbeta_sst_coral  sst_opt_coral         h_fast         h_slow      pref_fast \n          0.15          26.00           0.05           0.10           0.70 \nFinal parameter values for phase 2 :\n        K_cots  beta_sst_cots   sst_opt_cots         K_fast         K_slow \n          3.00           0.20          28.50          50.00          30.00 \nbeta_sst_coral  sst_opt_coral         h_fast         h_slow      pref_fast \n          0.15          26.00           0.05           0.10           0.70 \nConvergence message: both X-convergence and relative convergence (5) \nNumber of iterations: 1 \nObjective function value: Inf \nGradient at solution for phase 2 :\n     [,1] [,2] [,3] [,4] [,5] [,6] [,7] [,8] [,9] [,10]\n[1,]    0    0    0    0    0    0    0    0    0     0\nPhase 3 \nInitial parameter values for phase 3 :\n         alpha_cots        sst_tol_cots       sst_tol_coral    min_coral_thresh \n                0.3                 2.0                 3.0                 5.0 \nlog_sigma_proc_cots log_sigma_proc_fast log_sigma_proc_slow \n               -2.3                -2.3                -2.3 \nFinal parameter values for phase 3 :\n         alpha_cots        sst_tol_cots       sst_tol_coral    min_coral_thresh \n                0.3                 2.0                 3.0                 5.0 \nlog_sigma_proc_cots log_sigma_proc_fast log_sigma_proc_slow \n               -2.3                -2.3                -2.3 \nConvergence message: both X-convergence and relative convergence (5) \nNumber of iterations: 1 \nObjective function value: Inf \nGradient at solution for phase 3 :\n     [,1] [,2] [,3] [,4] [,5] [,6] [,7]\n[1,]    0    0    0    0    0    0    0\nPhase 4 \nInitial parameter values for phase 4 :\nlog_sigma_cots log_sigma_fast log_sigma_slow \n          -1.6           -1.2           -1.2 \nError in model phases: NA/NaN gradient evaluation",
      "stderr": "Loading required package: TMB\nLoading required package: jsonlite\nhere() starts at /home/spi085/Documents/_Projects/SCCP-QuantModelling\nusing C++ compiler: \u2018g++ (Ubuntu 13.3.0-6ubuntu2~24.04) 13.3.0\u2019\nError in value[[3L]](cond) : \n  Error in model phases: NA/NaN gradient evaluation\nCalls: tryCatch -> tryCatchList -> tryCatchOne -> <Anonymous>\nIn addition: Warning messages:\n1: In nlminb(model$par, model$fn, model$gr) : NA/NaN function evaluation\n2: In nlminb(model$par, model$fn, model$gr) : NA/NaN function evaluation\n3: In nlminb(model$par, model$fn, model$gr) : NA/NaN function evaluation\n4: In nlminb(model$par, model$fn, model$gr) : NA/NaN function evaluation\n5: In nlminb(model$par, model$fn, model$gr) : NA/NaN function evaluation\n6: In nlminb(model$par, model$fn, model$gr) : NA/NaN function evaluation\n7: In nlminb(model$par, model$fn, model$gr) : NA/NaN function evaluation\nExecution halted"
    },
    "5": {
      "status": "ERROR",
      "message": "R script failed with return code 1",
      "stdout": "g++ -std=gnu++17 -I\"/usr/share/R/include\" -DNDEBUG -I\"/home/spi085/R/x86_64-pc-linux-gnu-library/4.4/TMB/include\" -I\"/home/spi085/R/x86_64-pc-linux-gnu-library/4.4/RcppEigen/include\"   -DTMB_EIGEN_DISABLE_WARNINGS   -DTMB_LIB_INIT=R_init_model  -DCPPAD_FRAMEWORK      -fpic  -O2  -c POPULATIONS/POPULATION_0006/INDIVIDUAL_29ZN4G7N/model.cpp -o POPULATIONS/POPULATION_0006/INDIVIDUAL_29ZN4G7N/model.o\ng++ -std=gnu++17 -shared -L/usr/lib/R/lib -Wl,-Bsymbolic-functions -flto=auto -ffat-lto-objects -Wl,-z,relro -o POPULATIONS/POPULATION_0006/INDIVIDUAL_29ZN4G7N/model.so POPULATIONS/POPULATION_0006/INDIVIDUAL_29ZN4G7N/model.o -L/usr/lib/R/lib -lR\nStarting model phases\nNumber of phases: 4 \nPhase 1 \nInitial parameter values for phase 1 :\nr_cots m_cots r_fast r_slow a_fast a_slow \n  1.20   0.50   0.40   0.15   0.80   0.30 \nFinal parameter values for phase 1 :\nr_cots m_cots r_fast r_slow a_fast a_slow \n  1.20   0.50   0.40   0.15   0.80   0.30 \nConvergence message: both X-convergence and relative convergence (5) \nNumber of iterations: 1 \nObjective function value: Inf \nGradient at solution for phase 1 :\n     [,1] [,2] [,3] [,4] [,5] [,6]\n[1,]    0    0    0    0    0    0\nPhase 2 \nInitial parameter values for phase 2 :\n        K_cots  beta_sst_cots   sst_opt_cots         K_fast         K_slow \n          3.00           0.20          28.50          50.00          30.00 \nbeta_sst_coral  sst_opt_coral         h_fast         h_slow      pref_fast \n          0.15          26.00           0.05           0.10           0.70 \nFinal parameter values for phase 2 :\n        K_cots  beta_sst_cots   sst_opt_cots         K_fast         K_slow \n          3.00           0.20          28.50          50.00          30.00 \nbeta_sst_coral  sst_opt_coral         h_fast         h_slow      pref_fast \n          0.15          26.00           0.05           0.10           0.70 \nConvergence message: both X-convergence and relative convergence (5) \nNumber of iterations: 1 \nObjective function value: Inf \nGradient at solution for phase 2 :\n     [,1] [,2] [,3] [,4] [,5] [,6] [,7] [,8] [,9] [,10]\n[1,]    0    0    0    0    0    0    0    0    0     0\nPhase 3 \nInitial parameter values for phase 3 :\n         alpha_cots        sst_tol_cots       sst_tol_coral    min_coral_thresh \n                0.3                 2.0                 3.0                 5.0 \nlog_sigma_proc_cots log_sigma_proc_fast log_sigma_proc_slow \n               -2.3                -2.3                -2.3 \nFinal parameter values for phase 3 :\n         alpha_cots        sst_tol_cots       sst_tol_coral    min_coral_thresh \n                0.3                 2.0                 3.0                 5.0 \nlog_sigma_proc_cots log_sigma_proc_fast log_sigma_proc_slow \n               -2.3                -2.3                -2.3 \nConvergence message: both X-convergence and relative convergence (5) \nNumber of iterations: 1 \nObjective function value: Inf \nGradient at solution for phase 3 :\n     [,1] [,2] [,3] [,4] [,5] [,6] [,7]\n[1,]    0    0    0    0    0    0    0\nPhase 4 \nInitial parameter values for phase 4 :\nlog_sigma_cots log_sigma_fast log_sigma_slow \n          -1.6           -1.2           -1.2 \nError in model phases: NA/NaN gradient evaluation",
      "stderr": "Loading required package: TMB\nLoading required package: jsonlite\nhere() starts at /home/spi085/Documents/_Projects/SCCP-QuantModelling\nusing C++ compiler: \u2018g++ (Ubuntu 13.3.0-6ubuntu2~24.04) 13.3.0\u2019\nError in value[[3L]](cond) : \n  Error in model phases: NA/NaN gradient evaluation\nCalls: tryCatch -> tryCatchList -> tryCatchOne -> <Anonymous>\nIn addition: Warning messages:\n1: In nlminb(model$par, model$fn, model$gr) : NA/NaN function evaluation\n2: In nlminb(model$par, model$fn, model$gr) : NA/NaN function evaluation\n3: In nlminb(model$par, model$fn, model$gr) : NA/NaN function evaluation\n4: In nlminb(model$par, model$fn, model$gr) : NA/NaN function evaluation\n5: In nlminb(model$par, model$fn, model$gr) : NA/NaN function evaluation\n6: In nlminb(model$par, model$fn, model$gr) : NA/NaN function evaluation\n7: In nlminb(model$par, model$fn, model$gr) : NA/NaN function evaluation\nExecution halted"
    },
    "6": {
      "status": "ERROR",
      "message": "R script failed with return code 1",
      "stdout": "g++ -std=gnu++17 -I\"/usr/share/R/include\" -DNDEBUG -I\"/home/spi085/R/x86_64-pc-linux-gnu-library/4.4/TMB/include\" -I\"/home/spi085/R/x86_64-pc-linux-gnu-library/4.4/RcppEigen/include\"   -DTMB_EIGEN_DISABLE_WARNINGS   -DTMB_LIB_INIT=R_init_model  -DCPPAD_FRAMEWORK      -fpic  -O2  -c POPULATIONS/POPULATION_0006/INDIVIDUAL_29ZN4G7N/model.cpp -o POPULATIONS/POPULATION_0006/INDIVIDUAL_29ZN4G7N/model.o\ng++ -std=gnu++17 -shared -L/usr/lib/R/lib -Wl,-Bsymbolic-functions -flto=auto -ffat-lto-objects -Wl,-z,relro -o POPULATIONS/POPULATION_0006/INDIVIDUAL_29ZN4G7N/model.so POPULATIONS/POPULATION_0006/INDIVIDUAL_29ZN4G7N/model.o -L/usr/lib/R/lib -lR\nStarting model phases\nNumber of phases: 4 \nPhase 1 \nInitial parameter values for phase 1 :\nr_cots m_cots r_fast r_slow a_fast a_slow \n  1.20   0.50   0.40   0.15   0.80   0.30 \nFinal parameter values for phase 1 :\nr_cots m_cots r_fast r_slow a_fast a_slow \n  1.20   0.50   0.40   0.15   0.80   0.30 \nConvergence message: both X-convergence and relative convergence (5) \nNumber of iterations: 1 \nObjective function value: Inf \nGradient at solution for phase 1 :\n     [,1] [,2] [,3] [,4] [,5] [,6]\n[1,]    0    0    0    0    0    0\nPhase 2 \nInitial parameter values for phase 2 :\n        K_cots  beta_sst_cots   sst_opt_cots         K_fast         K_slow \n          3.00           0.20          28.50          50.00          30.00 \nbeta_sst_coral  sst_opt_coral         h_fast         h_slow      pref_fast \n          0.15          26.00           0.05           0.10           0.70 \nFinal parameter values for phase 2 :\n        K_cots  beta_sst_cots   sst_opt_cots         K_fast         K_slow \n          3.00           0.20          28.50          50.00          30.00 \nbeta_sst_coral  sst_opt_coral         h_fast         h_slow      pref_fast \n          0.15          26.00           0.05           0.10           0.70 \nConvergence message: both X-convergence and relative convergence (5) \nNumber of iterations: 1 \nObjective function value: Inf \nGradient at solution for phase 2 :\n     [,1] [,2] [,3] [,4] [,5] [,6] [,7] [,8] [,9] [,10]\n[1,]    0    0    0    0    0    0    0    0    0     0\nPhase 3 \nInitial parameter values for phase 3 :\n         alpha_cots        sst_tol_cots       sst_tol_coral    min_coral_thresh \n                0.3                 2.0                 3.0                 5.0 \nlog_sigma_proc_cots log_sigma_proc_fast log_sigma_proc_slow \n               -2.3                -2.3                -2.3 \nFinal parameter values for phase 3 :\n         alpha_cots        sst_tol_cots       sst_tol_coral    min_coral_thresh \n                0.3                 2.0                 3.0                 5.0 \nlog_sigma_proc_cots log_sigma_proc_fast log_sigma_proc_slow \n               -2.3                -2.3                -2.3 \nConvergence message: both X-convergence and relative convergence (5) \nNumber of iterations: 1 \nObjective function value: Inf \nGradient at solution for phase 3 :\n     [,1] [,2] [,3] [,4] [,5] [,6] [,7]\n[1,]    0    0    0    0    0    0    0\nPhase 4 \nInitial parameter values for phase 4 :\nlog_sigma_cots log_sigma_fast log_sigma_slow \n          -1.6           -1.2           -1.2 \nError in model phases: NA/NaN gradient evaluation",
      "stderr": "Loading required package: TMB\nLoading required package: jsonlite\nhere() starts at /home/spi085/Documents/_Projects/SCCP-QuantModelling\nusing C++ compiler: \u2018g++ (Ubuntu 13.3.0-6ubuntu2~24.04) 13.3.0\u2019\nError in value[[3L]](cond) : \n  Error in model phases: NA/NaN gradient evaluation\nCalls: tryCatch -> tryCatchList -> tryCatchOne -> <Anonymous>\nIn addition: Warning messages:\n1: In nlminb(model$par, model$fn, model$gr) : NA/NaN function evaluation\n2: In nlminb(model$par, model$fn, model$gr) : NA/NaN function evaluation\n3: In nlminb(model$par, model$fn, model$gr) : NA/NaN function evaluation\n4: In nlminb(model$par, model$fn, model$gr) : NA/NaN function evaluation\n5: In nlminb(model$par, model$fn, model$gr) : NA/NaN function evaluation\n6: In nlminb(model$par, model$fn, model$gr) : NA/NaN function evaluation\n7: In nlminb(model$par, model$fn, model$gr) : NA/NaN function evaluation\nExecution halted"
    },
    "7": {
      "status": "BROKEN"
    }
  }
}