{
  "iterations": {
    "1": {
      "status": "ERROR",
      "message": "R script failed with return code 1",
      "stdout": "g++ -std=gnu++17  -I\"C:/Users/spi085/AppData/Local/Programs/R/R-4.4.1/include\" -DNDEBUG -I\"C:/Users/spi085/AppData/Local/Programs/R/R-44~1.1/library/TMB/include\" -I\"C:/Users/spi085/AppData/Local/Programs/R/R-44~1.1/library/RCPPEI~1/include\"   -DTMB_EIGEN_DISABLE_WARNINGS   -DTMB_LIB_INIT=R_init_model  -DCPPAD_FRAMEWORK    -I\"C:/rtools44/x86_64-w64-mingw32.static.posix/include\"     -O2 -Wa,-mbig-obj -c POPULATIONS//POPULATION_0023//INDIVIDUAL_98LUQLSG/model.cpp -o POPULATIONS//POPULATION_0023//INDIVIDUAL_98LUQLSG/model.o\ng++ -std=gnu++17 -shared -s -static-libgcc -o POPULATIONS//POPULATION_0023//INDIVIDUAL_98LUQLSG/model.dll tmp.def POPULATIONS//POPULATION_0023//INDIVIDUAL_98LUQLSG/model.o -LC:/rtools44/x86_64-w64-mingw32.static.posix/lib/x64 -LC:/rtools44/x86_64-w64-mingw32.static.posix/lib -LC:/Users/spi085/AppData/Local/Programs/R/R-4.4.1/bin/x64 -lR\nStarting model phases\nNumber of phases: 1 \nPhase 1 \nInitial parameter values for phase 1 :\n               log_r_cots                log_K_cots                log_m_cots \n                       NA                        NA                    -2.355 \n               log_p_cots               log_K1_cots                log_a_fast \n                       NA                        NA                        NA \n               log_a_slow                log_K_fast                log_K_slow \n                       NA                        NA                        NA \n               log_r_fast                log_r_slow                log_m_fast \n                       NA                        NA                    -1.200 \n               log_m_slow log_temp_sensitivity_fast log_temp_sensitivity_slow \n                   -1.000                        NA                        NA \n           log_sigma_cots            log_sigma_slow            log_sigma_fast \n                       NA                        NA                        NA \n               log_h_cots                log_c_cots \n                       NA                        NA \nError in model phases: NA/NaN gradient evaluation",
      "stderr": "Loading required package: TMB\nLoading required package: jsonlite\nhere() starts at C:/Users/spi085/OneDrive - CSIRO/Documents/_Projects/SCCP-QuantModelling\nusing C++ compiler: 'G__~1.EXE (GCC) 13.2.0'\nError in value[[3L]](cond) : \n  Error in model phases: NA/NaN gradient evaluation\nCalls: tryCatch -> tryCatchList -> tryCatchOne -> <Anonymous>\nIn addition: Warning message:\nIn nlminb(model$par, model$fn, model$gr) : NA/NaN function evaluation\nExecution halted"
    },
    "2": {
      "status": "ERROR",
      "message": "R script failed with return code 1",
      "stdout": "g++ -std=gnu++17  -I\"C:/Users/spi085/AppData/Local/Programs/R/R-4.4.1/include\" -DNDEBUG -I\"C:/Users/spi085/AppData/Local/Programs/R/R-44~1.1/library/TMB/include\" -I\"C:/Users/spi085/AppData/Local/Programs/R/R-44~1.1/library/RCPPEI~1/include\"   -DTMB_EIGEN_DISABLE_WARNINGS   -DTMB_LIB_INIT=R_init_model  -DCPPAD_FRAMEWORK    -I\"C:/rtools44/x86_64-w64-mingw32.static.posix/include\"     -O2 -Wa,-mbig-obj -c POPULATIONS//POPULATION_0023//INDIVIDUAL_98LUQLSG/model.cpp -o POPULATIONS//POPULATION_0023//INDIVIDUAL_98LUQLSG/model.o\ng++ -std=gnu++17 -shared -s -static-libgcc -o POPULATIONS//POPULATION_0023//INDIVIDUAL_98LUQLSG/model.dll tmp.def POPULATIONS//POPULATION_0023//INDIVIDUAL_98LUQLSG/model.o -LC:/rtools44/x86_64-w64-mingw32.static.posix/lib/x64 -LC:/rtools44/x86_64-w64-mingw32.static.posix/lib -LC:/Users/spi085/AppData/Local/Programs/R/R-4.4.1/bin/x64 -lR\nStarting model phases\nNumber of phases: 1 \nPhase 1 \nInitial parameter values for phase 1 :\n               log_r_cots                log_K_cots                log_m_cots \n                       NA                        NA                    -2.355 \n               log_p_cots               log_K1_cots                log_a_fast \n                       NA                        NA                        NA \n               log_a_slow                log_K_fast                log_K_slow \n                       NA                        NA                        NA \n               log_r_fast                log_r_slow                log_m_fast \n                       NA                        NA                    -1.200 \n               log_m_slow log_temp_sensitivity_fast log_temp_sensitivity_slow \n                   -1.000                        NA                        NA \n           log_sigma_cots            log_sigma_slow            log_sigma_fast \n                       NA                        NA                        NA \n               log_h_cots                log_c_cots \n                       NA                        NA \nError in model phases: NA/NaN gradient evaluation",
      "stderr": "Loading required package: TMB\nLoading required package: jsonlite\nhere() starts at C:/Users/spi085/OneDrive - CSIRO/Documents/_Projects/SCCP-QuantModelling\nusing C++ compiler: 'G__~1.EXE (GCC) 13.2.0'\nError in value[[3L]](cond) : \n  Error in model phases: NA/NaN gradient evaluation\nCalls: tryCatch -> tryCatchList -> tryCatchOne -> <Anonymous>\nIn addition: Warning message:\nIn nlminb(model$par, model$fn, model$gr) : NA/NaN function evaluation\nExecution halted"
    },
    "3": {
      "status": "ERROR",
      "message": "R script failed with return code 1",
      "stdout": "g++ -std=gnu++17  -I\"C:/Users/spi085/AppData/Local/Programs/R/R-4.4.1/include\" -DNDEBUG -I\"C:/Users/spi085/AppData/Local/Programs/R/R-44~1.1/library/TMB/include\" -I\"C:/Users/spi085/AppData/Local/Programs/R/R-44~1.1/library/RCPPEI~1/include\"   -DTMB_EIGEN_DISABLE_WARNINGS   -DTMB_LIB_INIT=R_init_model  -DCPPAD_FRAMEWORK    -I\"C:/rtools44/x86_64-w64-mingw32.static.posix/include\"     -O2 -Wa,-mbig-obj -c POPULATIONS//POPULATION_0023//INDIVIDUAL_98LUQLSG/model.cpp -o POPULATIONS//POPULATION_0023//INDIVIDUAL_98LUQLSG/model.o\ng++ -std=gnu++17 -shared -s -static-libgcc -o POPULATIONS//POPULATION_0023//INDIVIDUAL_98LUQLSG/model.dll tmp.def POPULATIONS//POPULATION_0023//INDIVIDUAL_98LUQLSG/model.o -LC:/rtools44/x86_64-w64-mingw32.static.posix/lib/x64 -LC:/rtools44/x86_64-w64-mingw32.static.posix/lib -LC:/Users/spi085/AppData/Local/Programs/R/R-4.4.1/bin/x64 -lR\nStarting model phases\nNumber of phases: 1 \nPhase 1 \nInitial parameter values for phase 1 :\n               log_r_cots                log_K_cots                log_m_cots \n                       NA                        NA                    -2.355 \n               log_p_cots               log_K1_cots                log_a_fast \n                       NA                        NA                        NA \n               log_a_slow                log_K_fast                log_K_slow \n                       NA                        NA                        NA \n               log_r_fast                log_r_slow                log_m_fast \n                       NA                        NA                    -1.200 \n               log_m_slow log_temp_sensitivity_fast log_temp_sensitivity_slow \n                   -1.000                        NA                        NA \n           log_sigma_cots            log_sigma_slow            log_sigma_fast \n                       NA                        NA                        NA \n               log_h_cots                log_c_cots \n                       NA                        NA \nError in model phases: NA/NaN gradient evaluation",
      "stderr": "Loading required package: TMB\nLoading required package: jsonlite\nhere() starts at C:/Users/spi085/OneDrive - CSIRO/Documents/_Projects/SCCP-QuantModelling\nusing C++ compiler: 'G__~1.EXE (GCC) 13.2.0'\nError in value[[3L]](cond) : \n  Error in model phases: NA/NaN gradient evaluation\nCalls: tryCatch -> tryCatchList -> tryCatchOne -> <Anonymous>\nIn addition: Warning message:\nIn nlminb(model$par, model$fn, model$gr) : NA/NaN function evaluation\nExecution halted"
    },
    "4": {
      "status": "ERROR",
      "message": "Model failed to compile.",
      "stdout": "g++ -std=gnu++17  -I\"C:/Users/spi085/AppData/Local/Programs/R/R-4.4.1/include\" -DNDEBUG -I\"C:/Users/spi085/AppData/Local/Programs/R/R-44~1.1/library/TMB/include\" -I\"C:/Users/spi085/AppData/Local/Programs/R/R-44~1.1/library/RCPPEI~1/include\"   -DTMB_EIGEN_DISABLE_WARNINGS   -DTMB_LIB_INIT=R_init_model  -DCPPAD_FRAMEWORK    -I\"C:/rtools44/x86_64-w64-mingw32.static.posix/include\"     -O2 -Wa,-mbig-obj -c POPULATIONS//POPULATION_0023//INDIVIDUAL_98LUQLSG/model.cpp -o POPULATIONS//POPULATION_0023//INDIVIDUAL_98LUQLSG/model.o",
      "stderr": "Loading required package: TMB\nLoading required package: jsonlite\nhere() starts at C:/Users/spi085/OneDrive - CSIRO/Documents/_Projects/SCCP-QuantModelling\nusing C++ compiler: 'G__~1.EXE (GCC) 13.2.0'\nPOPULATIONS//POPULATION_0023//INDIVIDUAL_98LUQLSG/model.cpp: In member function 'Type objective_function<Type>::operator()()':\nPOPULATIONS//POPULATION_0023//INDIVIDUAL_98LUQLSG/model.cpp:41:3: error: 'nll' was not declared in this scope\n   41 |   nll -= dnorm(log_r_cots, Type(0.5), Type(1.0), true);\n      |   ^~~\nPOPULATIONS//POPULATION_0023//INDIVIDUAL_98LUQLSG/model.cpp: In instantiation of 'Type objective_function<Type>::operator()() [with Type = CppAD::AD<double>]':\nC:/Users/spi085/AppData/Local/Programs/R/R-4.4.1/library/TMB/include/tmb_core.hpp:1308:6:   required from here\nPOPULATIONS//POPULATION_0023//INDIVIDUAL_98LUQLSG/model.cpp:151:1: warning: no return statement in function returning non-void [-Wreturn-type]\n  151 | }\n      | ^\nPOPULATIONS//POPULATION_0023//INDIVIDUAL_98LUQLSG/model.cpp: In instantiation of 'Type objective_function<Type>::operator()() [with Type = double]':\nC:/Users/spi085/AppData/Local/Programs/R/R-4.4.1/library/TMB/include/tmb_core.hpp:2031:7:   required from here\nPOPULATIONS//POPULATION_0023//INDIVIDUAL_98LUQLSG/model.cpp:151:1: warning: no return statement in function returning non-void [-Wreturn-type]\nPOPULATIONS//POPULATION_0023//INDIVIDUAL_98LUQLSG/model.cpp: In instantiation of 'Type objective_function<Type>::operator()() [with Type = CppAD::AD<CppAD::AD<double> >]':\nC:/Users/spi085/AppData/Local/Programs/R/R-4.4.1/library/TMB/include/tmb_core.hpp:913:29:   required from 'Type objective_function<Type>::evalUserTemplate() [with Type = CppAD::AD<CppAD::AD<double> >]'\nC:/Users/spi085/AppData/Local/Programs/R/R-4.4.1/library/TMB/include/tmb_core.hpp:2112:26:   required from here\nPOPULATIONS//POPULATION_0023//INDIVIDUAL_98LUQLSG/model.cpp:151:1: warning: no return statement in function returning non-void [-Wreturn-type]\nPOPULATIONS//POPULATION_0023//INDIVIDUAL_98LUQLSG/model.cpp: In instantiation of 'Type objective_function<Type>::operator()() [with Type = CppAD::AD<CppAD::AD<CppAD::AD<double> > >]':\nC:/Users/spi085/AppData/Local/Programs/R/R-4.4.1/library/TMB/include/tmb_core.hpp:913:29:   required from 'Type objective_function<Type>::evalUserTemplate() [with Type = CppAD::AD<CppAD::AD<CppAD::AD<double> > >]'\nC:/Users/spi085/AppData/Local/Programs/R/R-4.4.1/library/TMB/include/tmb_core.hpp:2361:28:   required from here\nPOPULATIONS//POPULATION_0023//INDIVIDUAL_98LUQLSG/model.cpp:151:1: warning: no return statement in function returning non-void [-Wreturn-type]\nmake: *** [C:/Users/spi085/AppData/Local/Programs/R/R-4.4.1/etc/x64/Makeconf:296: POPULATIONS//POPULATION_0023//INDIVIDUAL_98LUQLSG/model.o] Error 1\nError in TMB::compile(file.path(individual_dir, model_file), flags = flags,  : \n  Compilation failed\nError: Compilation failed\nExecution halted"
    },
    "5": {
      "status": "ERROR",
      "message": "R script failed with return code 1",
      "stdout": "g++ -std=gnu++17  -I\"C:/Users/spi085/AppData/Local/Programs/R/R-4.4.1/include\" -DNDEBUG -I\"C:/Users/spi085/AppData/Local/Programs/R/R-44~1.1/library/TMB/include\" -I\"C:/Users/spi085/AppData/Local/Programs/R/R-44~1.1/library/RCPPEI~1/include\"   -DTMB_EIGEN_DISABLE_WARNINGS   -DTMB_LIB_INIT=R_init_model  -DCPPAD_FRAMEWORK    -I\"C:/rtools44/x86_64-w64-mingw32.static.posix/include\"     -O2 -Wa,-mbig-obj -c POPULATIONS//POPULATION_0023//INDIVIDUAL_98LUQLSG/model.cpp -o POPULATIONS//POPULATION_0023//INDIVIDUAL_98LUQLSG/model.o\ng++ -std=gnu++17 -shared -s -static-libgcc -o POPULATIONS//POPULATION_0023//INDIVIDUAL_98LUQLSG/model.dll tmp.def POPULATIONS//POPULATION_0023//INDIVIDUAL_98LUQLSG/model.o -LC:/rtools44/x86_64-w64-mingw32.static.posix/lib/x64 -LC:/rtools44/x86_64-w64-mingw32.static.posix/lib -LC:/Users/spi085/AppData/Local/Programs/R/R-4.4.1/bin/x64 -lR\nStarting model phases\nNumber of phases: 1 \nPhase 1 \nInitial parameter values for phase 1 :\n               log_r_cots                log_K_cots                log_m_cots \n                       NA                        NA                    -2.355 \n               log_p_cots               log_K1_cots                log_a_fast \n                       NA                        NA                        NA \n               log_a_slow                log_K_fast                log_K_slow \n                       NA                        NA                        NA \n               log_r_fast                log_r_slow                log_m_fast \n                       NA                        NA                    -1.200 \n               log_m_slow log_temp_sensitivity_fast log_temp_sensitivity_slow \n                   -1.000                        NA                        NA \n           log_sigma_cots            log_sigma_slow            log_sigma_fast \n                       NA                        NA                        NA \n               log_h_cots                log_c_cots \n                       NA                        NA \nError in model phases: NA/NaN gradient evaluation",
      "stderr": "Loading required package: TMB\nLoading required package: jsonlite\nhere() starts at C:/Users/spi085/OneDrive - CSIRO/Documents/_Projects/SCCP-QuantModelling\nusing C++ compiler: 'G__~1.EXE (GCC) 13.2.0'\nError in value[[3L]](cond) : \n  Error in model phases: NA/NaN gradient evaluation\nCalls: tryCatch -> tryCatchList -> tryCatchOne -> <Anonymous>\nIn addition: Warning message:\nIn nlminb(model$par, model$fn, model$gr) : NA/NaN function evaluation\nExecution halted"
    },
    "6": {
      "status": "ERROR",
      "message": "R script failed with return code 1",
      "stdout": "g++ -std=gnu++17  -I\"C:/Users/spi085/AppData/Local/Programs/R/R-4.4.1/include\" -DNDEBUG -I\"C:/Users/spi085/AppData/Local/Programs/R/R-44~1.1/library/TMB/include\" -I\"C:/Users/spi085/AppData/Local/Programs/R/R-44~1.1/library/RCPPEI~1/include\"   -DTMB_EIGEN_DISABLE_WARNINGS   -DTMB_LIB_INIT=R_init_model  -DCPPAD_FRAMEWORK    -I\"C:/rtools44/x86_64-w64-mingw32.static.posix/include\"     -O2 -Wa,-mbig-obj -c POPULATIONS//POPULATION_0023//INDIVIDUAL_98LUQLSG/model.cpp -o POPULATIONS//POPULATION_0023//INDIVIDUAL_98LUQLSG/model.o\ng++ -std=gnu++17 -shared -s -static-libgcc -o POPULATIONS//POPULATION_0023//INDIVIDUAL_98LUQLSG/model.dll tmp.def POPULATIONS//POPULATION_0023//INDIVIDUAL_98LUQLSG/model.o -LC:/rtools44/x86_64-w64-mingw32.static.posix/lib/x64 -LC:/rtools44/x86_64-w64-mingw32.static.posix/lib -LC:/Users/spi085/AppData/Local/Programs/R/R-4.4.1/bin/x64 -lR\nStarting model phases\nNumber of phases: 1 \nPhase 1 \nInitial parameter values for phase 1 :\n               log_r_cots                log_K_cots                log_m_cots \n                       NA                        NA                    -2.355 \n               log_p_cots               log_K1_cots                log_a_fast \n                       NA                        NA                        NA \n               log_a_slow                log_K_fast                log_K_slow \n                       NA                        NA                        NA \n               log_r_fast                log_r_slow                log_m_fast \n                       NA                        NA                    -1.200 \n               log_m_slow log_temp_sensitivity_fast log_temp_sensitivity_slow \n                   -1.000                        NA                        NA \n           log_sigma_cots            log_sigma_slow            log_sigma_fast \n                       NA                        NA                        NA \n               log_h_cots                log_c_cots \n                       NA                        NA \nError in model phases: NA/NaN gradient evaluation",
      "stderr": "Loading required package: TMB\nLoading required package: jsonlite\nhere() starts at C:/Users/spi085/OneDrive - CSIRO/Documents/_Projects/SCCP-QuantModelling\nusing C++ compiler: 'G__~1.EXE (GCC) 13.2.0'\nError in value[[3L]](cond) : \n  Error in model phases: NA/NaN gradient evaluation\nCalls: tryCatch -> tryCatchList -> tryCatchOne -> <Anonymous>\nIn addition: Warning message:\nIn nlminb(model$par, model$fn, model$gr) : NA/NaN function evaluation\nExecution halted"
    },
    "7": {
      "status": "BROKEN"
    }
  }
}