{
  "iterations": {
    "1": {
      "status": "ERROR",
      "message": "R script failed with return code 1",
      "stdout": "g++ -std=gnu++17 -I\"/usr/share/R/include\" -DNDEBUG -I\"/home/spi085/R/x86_64-pc-linux-gnu-library/4.4/TMB/include\" -I\"/home/spi085/R/x86_64-pc-linux-gnu-library/4.4/RcppEigen/include\"   -DTMB_EIGEN_DISABLE_WARNINGS   -DTMB_LIB_INIT=R_init_model  -DCPPAD_FRAMEWORK      -fpic  -O2  -c POPULATIONS/POPULATION_0012/INDIVIDUAL_W5DW0ED3/model.cpp -o POPULATIONS/POPULATION_0012/INDIVIDUAL_W5DW0ED3/model.o\ng++ -std=gnu++17 -shared -L/usr/lib/R/lib -Wl,-Bsymbolic-functions -flto=auto -ffat-lto-objects -Wl,-z,relro -o POPULATIONS/POPULATION_0012/INDIVIDUAL_W5DW0ED3/model.so POPULATIONS/POPULATION_0012/INDIVIDUAL_W5DW0ED3/model.o -L/usr/lib/R/lib -lR\nStarting model phases\nNumber of phases: 3 \nPhase 1 \nInitial parameter values for phase 1 :\n growth_rate_cots   decay_rate_cots carrying_capacity       observed_sd \n              0.5               0.3              50.0               0.1 \nFinal parameter values for phase 1 :\n growth_rate_cots   decay_rate_cots carrying_capacity       observed_sd \n        2.2064516         0.8146532         3.0549975         1.4639199 \nConvergence message: relative convergence (4) \nNumber of iterations: 111 \nObjective function value: 140.4045 \nGradient at solution for phase 1 :\n          [,1]     [,2]      [,3]          [,4]\n[1,] -2.370159 2.331691 0.2172308 -0.0001506757\nPhase 2 \nInitial parameter values for phase 2 :\ncoral_predation_efficiency         outbreak_sharpness \n                     5e-02                      1e+02 \n             handling_time         outbreak_threshold \n                     1e-02                      5e-01 \n outbreak_decline_exponent      outbreak_nonlinearity \n                     1e+00                      2e+00 \n    environmental_modifier           predation_scaler \n                     1e+00                      5e-01 \n   coral_recovery_modifier  coral_recovery_inhibition \n                     1e+00                      2e-01 \nError in model phases: NA/NaN gradient evaluation",
      "stderr": "Loading required package: TMB\nLoading required package: jsonlite\nhere() starts at /home/spi085/Documents/_Projects/SCCP-QuantModelling\nusing C++ compiler: \u2018g++ (Ubuntu 13.3.0-6ubuntu2~24.04) 13.3.0\u2019\nError in value[[3L]](cond) : \n  Error in model phases: NA/NaN gradient evaluation\nCalls: tryCatch -> tryCatchList -> tryCatchOne -> <Anonymous>\nIn addition: Warning messages:\n1: In nlminb(model$par, model$fn, model$gr) : NA/NaN function evaluation\n2: In nlminb(model$par, model$fn, model$gr) : NA/NaN function evaluation\n3: In nlminb(model$par, model$fn, model$gr) : NA/NaN function evaluation\nExecution halted"
    },
    "2": {
      "status": "ERROR",
      "message": "R script failed with return code 1",
      "stdout": "g++ -std=gnu++17 -I\"/usr/share/R/include\" -DNDEBUG -I\"/home/spi085/R/x86_64-pc-linux-gnu-library/4.4/TMB/include\" -I\"/home/spi085/R/x86_64-pc-linux-gnu-library/4.4/RcppEigen/include\"   -DTMB_EIGEN_DISABLE_WARNINGS   -DTMB_LIB_INIT=R_init_model  -DCPPAD_FRAMEWORK      -fpic  -O2  -c POPULATIONS/POPULATION_0012/INDIVIDUAL_W5DW0ED3/model.cpp -o POPULATIONS/POPULATION_0012/INDIVIDUAL_W5DW0ED3/model.o\ng++ -std=gnu++17 -shared -L/usr/lib/R/lib -Wl,-Bsymbolic-functions -flto=auto -ffat-lto-objects -Wl,-z,relro -o POPULATIONS/POPULATION_0012/INDIVIDUAL_W5DW0ED3/model.so POPULATIONS/POPULATION_0012/INDIVIDUAL_W5DW0ED3/model.o -L/usr/lib/R/lib -lR\nStarting model phases\nNumber of phases: 3 \nPhase 1 \nInitial parameter values for phase 1 :\n growth_rate_cots   decay_rate_cots carrying_capacity       observed_sd \n              0.5               0.3              50.0               0.1 \nFinal parameter values for phase 1 :\n growth_rate_cots   decay_rate_cots carrying_capacity       observed_sd \n        0.4700259        -2.6668407         0.1144638         0.5898183 \nConvergence message: relative convergence (4) \nNumber of iterations: 111 \nObjective function value: 69.49783 \nGradient at solution for phase 1 :\n            [,1]         [,2]        [,3]          [,4]\n[1,] 0.002405736 0.0004418692 0.000464597 -5.432971e-06\nPhase 2 \nInitial parameter values for phase 2 :\ncoral_predation_efficiency         outbreak_sharpness \n                     5e-02                      1e+02 \n             handling_time         outbreak_threshold \n                     1e-02                      5e-01 \n outbreak_decline_exponent      outbreak_nonlinearity \n                     1e+00                      2e+00 \n    environmental_modifier           predation_scaler \n                     1e+00                      5e-01 \n   coral_recovery_modifier  coral_recovery_inhibition \n                     1e+00                      2e-01 \nError in model phases: NA/NaN gradient evaluation",
      "stderr": "Loading required package: TMB\nLoading required package: jsonlite\nhere() starts at /home/spi085/Documents/_Projects/SCCP-QuantModelling\nusing C++ compiler: \u2018g++ (Ubuntu 13.3.0-6ubuntu2~24.04) 13.3.0\u2019\nError in value[[3L]](cond) : \n  Error in model phases: NA/NaN gradient evaluation\nCalls: tryCatch -> tryCatchList -> tryCatchOne -> <Anonymous>\nIn addition: There were 20 warnings (use warnings() to see them)\nExecution halted"
    },
    "3": {
      "status": "ERROR",
      "message": "Model failed to compile.",
      "stdout": "g++ -std=gnu++17 -I\"/usr/share/R/include\" -DNDEBUG -I\"/home/spi085/R/x86_64-pc-linux-gnu-library/4.4/TMB/include\" -I\"/home/spi085/R/x86_64-pc-linux-gnu-library/4.4/RcppEigen/include\"   -DTMB_EIGEN_DISABLE_WARNINGS   -DTMB_LIB_INIT=R_init_model  -DCPPAD_FRAMEWORK      -fpic  -O2  -c POPULATIONS/POPULATION_0012/INDIVIDUAL_W5DW0ED3/model.cpp -o POPULATIONS/POPULATION_0012/INDIVIDUAL_W5DW0ED3/model.o",
      "stderr": "Loading required package: TMB\nLoading required package: jsonlite\nhere() starts at /home/spi085/Documents/_Projects/SCCP-QuantModelling\nusing C++ compiler: \u2018g++ (Ubuntu 13.3.0-6ubuntu2~24.04) 13.3.0\u2019\nPOPULATIONS/POPULATION_0012/INDIVIDUAL_W5DW0ED3/model.cpp: In instantiation of \u2018Type objective_function<Type>::operator()() [with Type = CppAD::AD<double>]\u2019:\n/home/spi085/R/x86_64-pc-linux-gnu-library/4.4/TMB/include/tmb_core.hpp:1312:6:   required from here\nPOPULATIONS/POPULATION_0012/INDIVIDUAL_W5DW0ED3/model.cpp:63:39: error: cannot convert \u2018CppAD::AD<double>\u2019 to \u2018double\u2019\n   63 |         Type outbreak_diff_pos = fmax(outbreak_diff, Type(0));\n      |                                       ^~~~~~~~~~~~~\n      |                                       |\n      |                                       CppAD::AD<double>\nIn file included from /usr/include/c++/13/cmath:47,\n                 from /home/spi085/R/x86_64-pc-linux-gnu-library/4.4/RcppEigen/include/Eigen/src/Core/util/Macros.h:679,\n                 from /home/spi085/R/x86_64-pc-linux-gnu-library/4.4/RcppEigen/include/Eigen/Core:19,\n                 from /home/spi085/R/x86_64-pc-linux-gnu-library/4.4/RcppEigen/include/Eigen/Dense:1,\n                 from /home/spi085/R/x86_64-pc-linux-gnu-library/4.4/TMB/include/TMB.hpp:92,\n                 from POPULATIONS/POPULATION_0012/INDIVIDUAL_W5DW0ED3/model.cpp:1:\n/usr/include/x86_64-linux-gnu/bits/mathcalls.h:333:1: note:   initializing argument 1 of \u2018double fmax(double, double)\u2019\n  333 | __MATHCALLX (fmax,, (_Mdouble_ __x, _Mdouble_ __y), (__const__));\n      | ^\nPOPULATIONS/POPULATION_0012/INDIVIDUAL_W5DW0ED3/model.cpp: In instantiation of \u2018Type objective_function<Type>::operator()() [with Type = CppAD::AD<CppAD::AD<double> >]\u2019:\n/home/spi085/R/x86_64-pc-linux-gnu-library/4.4/TMB/include/tmb_core.hpp:917:29:   required from \u2018Type objective_function<Type>::evalUserTemplate() [with Type = CppAD::AD<CppAD::AD<double> >]\u2019\n/home/spi085/R/x86_64-pc-linux-gnu-library/4.4/TMB/include/tmb_core.hpp:2116:26:   required from here\nPOPULATIONS/POPULATION_0012/INDIVIDUAL_W5DW0ED3/model.cpp:63:39: error: cannot convert \u2018CppAD::AD<CppAD::AD<double> >\u2019 to \u2018double\u2019\n   63 |         Type outbreak_diff_pos = fmax(outbreak_diff, Type(0));\n      |                                       ^~~~~~~~~~~~~\n      |                                       |\n      |                                       CppAD::AD<CppAD::AD<double> >\n/usr/include/x86_64-linux-gnu/bits/mathcalls.h:333:1: note:   initializing argument 1 of \u2018double fmax(double, double)\u2019\n  333 | __MATHCALLX (fmax,, (_Mdouble_ __x, _Mdouble_ __y), (__const__));\n      | ^\nPOPULATIONS/POPULATION_0012/INDIVIDUAL_W5DW0ED3/model.cpp: In instantiation of \u2018Type objective_function<Type>::operator()() [with Type = CppAD::AD<CppAD::AD<CppAD::AD<double> > >]\u2019:\n/home/spi085/R/x86_64-pc-linux-gnu-library/4.4/TMB/include/tmb_core.hpp:917:29:   required from \u2018Type objective_function<Type>::evalUserTemplate() [with Type = CppAD::AD<CppAD::AD<CppAD::AD<double> > >]\u2019\n/home/spi085/R/x86_64-pc-linux-gnu-library/4.4/TMB/include/tmb_core.hpp:2365:28:   required from here\nPOPULATIONS/POPULATION_0012/INDIVIDUAL_W5DW0ED3/model.cpp:63:39: error: cannot convert \u2018CppAD::AD<CppAD::AD<CppAD::AD<double> > >\u2019 to \u2018double\u2019\n   63 |         Type outbreak_diff_pos = fmax(outbreak_diff, Type(0));\n      |                                       ^~~~~~~~~~~~~\n      |                                       |\n      |                                       CppAD::AD<CppAD::AD<CppAD::AD<double> > >\n/usr/include/x86_64-linux-gnu/bits/mathcalls.h:333:1: note:   initializing argument 1 of \u2018double fmax(double, double)\u2019\n  333 | __MATHCALLX (fmax,, (_Mdouble_ __x, _Mdouble_ __y), (__const__));\n      | ^\nmake: *** [/usr/lib/R/etc/Makeconf:204: POPULATIONS/POPULATION_0012/INDIVIDUAL_W5DW0ED3/model.o] Error 1\nError in TMB::compile(file.path(individual_dir, model_file), flags = flags,  : \n  Compilation failed\nError: Compilation failed\nExecution halted"
    },
    "4": {
      "status": "ERROR",
      "message": "R script failed with return code 1",
      "stdout": "g++ -std=gnu++17 -I\"/usr/share/R/include\" -DNDEBUG -I\"/home/spi085/R/x86_64-pc-linux-gnu-library/4.4/TMB/include\" -I\"/home/spi085/R/x86_64-pc-linux-gnu-library/4.4/RcppEigen/include\"   -DTMB_EIGEN_DISABLE_WARNINGS   -DTMB_LIB_INIT=R_init_model  -DCPPAD_FRAMEWORK      -fpic  -O2  -c POPULATIONS/POPULATION_0012/INDIVIDUAL_W5DW0ED3/model.cpp -o POPULATIONS/POPULATION_0012/INDIVIDUAL_W5DW0ED3/model.o\ng++ -std=gnu++17 -shared -L/usr/lib/R/lib -Wl,-Bsymbolic-functions -flto=auto -ffat-lto-objects -Wl,-z,relro -o POPULATIONS/POPULATION_0012/INDIVIDUAL_W5DW0ED3/model.so POPULATIONS/POPULATION_0012/INDIVIDUAL_W5DW0ED3/model.o -L/usr/lib/R/lib -lR\nStarting model phases\nNumber of phases: 3 \nPhase 1 \nInitial parameter values for phase 1 :\n growth_rate_cots   decay_rate_cots carrying_capacity       observed_sd \n              0.5               0.3              50.0               0.1 \nFinal parameter values for phase 1 :\n growth_rate_cots   decay_rate_cots carrying_capacity       observed_sd \n        0.4700259        -2.6668407         0.1144638         0.5898183 \nConvergence message: relative convergence (4) \nNumber of iterations: 111 \nObjective function value: 69.49783 \nGradient at solution for phase 1 :\n            [,1]         [,2]        [,3]          [,4]\n[1,] 0.002405736 0.0004418692 0.000464597 -5.432971e-06\nPhase 2 \nInitial parameter values for phase 2 :\ncoral_predation_efficiency         outbreak_sharpness \n                     5e-02                      1e+02 \n             handling_time         outbreak_threshold \n                     1e-02                      5e-01 \n outbreak_decline_exponent      outbreak_nonlinearity \n                     1e+00                      2e+00 \n    environmental_modifier           predation_scaler \n                     1e+00                      5e-01 \n   coral_recovery_modifier  coral_recovery_inhibition \n                     1e+00                      2e-01 \nError in model phases: NA/NaN gradient evaluation",
      "stderr": "Loading required package: TMB\nLoading required package: jsonlite\nhere() starts at /home/spi085/Documents/_Projects/SCCP-QuantModelling\nusing C++ compiler: \u2018g++ (Ubuntu 13.3.0-6ubuntu2~24.04) 13.3.0\u2019\nError in value[[3L]](cond) : \n  Error in model phases: NA/NaN gradient evaluation\nCalls: tryCatch -> tryCatchList -> tryCatchOne -> <Anonymous>\nIn addition: There were 20 warnings (use warnings() to see them)\nExecution halted"
    },
    "5": {
      "status": "ERROR",
      "message": "R script failed with return code 1",
      "stdout": "g++ -std=gnu++17 -I\"/usr/share/R/include\" -DNDEBUG -I\"/home/spi085/R/x86_64-pc-linux-gnu-library/4.4/TMB/include\" -I\"/home/spi085/R/x86_64-pc-linux-gnu-library/4.4/RcppEigen/include\"   -DTMB_EIGEN_DISABLE_WARNINGS   -DTMB_LIB_INIT=R_init_model  -DCPPAD_FRAMEWORK      -fpic  -O2  -c POPULATIONS/POPULATION_0012/INDIVIDUAL_W5DW0ED3/model.cpp -o POPULATIONS/POPULATION_0012/INDIVIDUAL_W5DW0ED3/model.o\ng++ -std=gnu++17 -shared -L/usr/lib/R/lib -Wl,-Bsymbolic-functions -flto=auto -ffat-lto-objects -Wl,-z,relro -o POPULATIONS/POPULATION_0012/INDIVIDUAL_W5DW0ED3/model.so POPULATIONS/POPULATION_0012/INDIVIDUAL_W5DW0ED3/model.o -L/usr/lib/R/lib -lR\nStarting model phases\nNumber of phases: 3 \nPhase 1 \nInitial parameter values for phase 1 :\n growth_rate_cots   decay_rate_cots carrying_capacity       observed_sd \n              0.5               0.3              50.0               0.1 \nFinal parameter values for phase 1 :\n growth_rate_cots   decay_rate_cots carrying_capacity       observed_sd \n        0.4700259        -2.6668407         0.1144638         0.5898183 \nConvergence message: relative convergence (4) \nNumber of iterations: 111 \nObjective function value: 69.49783 \nGradient at solution for phase 1 :\n            [,1]         [,2]        [,3]          [,4]\n[1,] 0.002405736 0.0004418692 0.000464597 -5.432971e-06\nPhase 2 \nInitial parameter values for phase 2 :\ncoral_predation_efficiency         outbreak_sharpness \n                     5e-02                      1e+02 \n             handling_time         outbreak_threshold \n                     1e-02                      5e-01 \n outbreak_decline_exponent      outbreak_nonlinearity \n                     1e+00                      2e+00 \n    environmental_modifier           predation_scaler \n                     1e+00                      5e-01 \n   coral_recovery_modifier  coral_recovery_inhibition \n                     1e+00                      2e-01 \nError in model phases: NA/NaN gradient evaluation",
      "stderr": "Loading required package: TMB\nLoading required package: jsonlite\nhere() starts at /home/spi085/Documents/_Projects/SCCP-QuantModelling\nusing C++ compiler: \u2018g++ (Ubuntu 13.3.0-6ubuntu2~24.04) 13.3.0\u2019\nError in value[[3L]](cond) : \n  Error in model phases: NA/NaN gradient evaluation\nCalls: tryCatch -> tryCatchList -> tryCatchOne -> <Anonymous>\nIn addition: There were 20 warnings (use warnings() to see them)\nExecution halted"
    },
    "6": {
      "status": "ERROR",
      "message": "R script failed with return code 1",
      "stdout": "g++ -std=gnu++17 -I\"/usr/share/R/include\" -DNDEBUG -I\"/home/spi085/R/x86_64-pc-linux-gnu-library/4.4/TMB/include\" -I\"/home/spi085/R/x86_64-pc-linux-gnu-library/4.4/RcppEigen/include\"   -DTMB_EIGEN_DISABLE_WARNINGS   -DTMB_LIB_INIT=R_init_model  -DCPPAD_FRAMEWORK      -fpic  -O2  -c POPULATIONS/POPULATION_0012/INDIVIDUAL_W5DW0ED3/model.cpp -o POPULATIONS/POPULATION_0012/INDIVIDUAL_W5DW0ED3/model.o\ng++ -std=gnu++17 -shared -L/usr/lib/R/lib -Wl,-Bsymbolic-functions -flto=auto -ffat-lto-objects -Wl,-z,relro -o POPULATIONS/POPULATION_0012/INDIVIDUAL_W5DW0ED3/model.so POPULATIONS/POPULATION_0012/INDIVIDUAL_W5DW0ED3/model.o -L/usr/lib/R/lib -lR\nStarting model phases\nNumber of phases: 3 \nPhase 1 \nInitial parameter values for phase 1 :\n growth_rate_cots   decay_rate_cots carrying_capacity       observed_sd \n              0.5               0.3              50.0               0.1 \nFinal parameter values for phase 1 :\n growth_rate_cots   decay_rate_cots carrying_capacity       observed_sd \n        0.7946505        -4.1339074         0.6535820         1.0159540 \nConvergence message: function evaluation limit reached without convergence (9) \nNumber of iterations: 121 \nObjective function value: 111.9314 \nGradient at solution for phase 1 :\n          [,1]      [,2]     [,3]        [,4]\n[1,] -91.08973 -10.36701 155.3542 -0.03864194\nPhase 2 \nInitial parameter values for phase 2 :\ncoral_predation_efficiency         outbreak_sharpness \n                     5e-02                      1e+02 \n             handling_time         outbreak_threshold \n                     1e-02                      5e-01 \n outbreak_decline_exponent      outbreak_nonlinearity \n                     1e+00                      2e+00 \n    environmental_modifier           predation_scaler \n                     1e+00                      5e-01 \n   coral_recovery_modifier  coral_recovery_inhibition \n                     1e+00                      2e-01 \nFinal parameter values for phase 2 :\ncoral_predation_efficiency         outbreak_sharpness \n               0.001143429               99.999837299 \n             handling_time         outbreak_threshold \n              -0.029559050                0.301365793 \n outbreak_decline_exponent      outbreak_nonlinearity \n               0.813293749                1.994553682 \n    environmental_modifier           predation_scaler \n               0.984101646               -0.054319918 \n   coral_recovery_modifier  coral_recovery_inhibition \n               0.528787015                0.436738555 \nConvergence message: function evaluation limit reached without convergence (9) \nNumber of iterations: 93 \nObjective function value: 742.4923 \nGradient at solution for phase 2 :\n         [,1]         [,2]     [,3]          [,4]      [,5]          [,6]\n[1,] 1180.389 3.177411e-10 1968.695 -8.730932e-08 -2174.336 -2.369309e-08\n             [,7]        [,8]     [,9]    [,10]\n[1,] 3.228738e-08 -0.05799392 27.40557 105.0349\nPhase 3 \nInitial parameter values for phase 3 :\nresource_limitation_strength \n                           1 \nError in model phases: NA/NaN gradient evaluation",
      "stderr": "Loading required package: TMB\nLoading required package: jsonlite\nhere() starts at /home/spi085/Documents/_Projects/SCCP-QuantModelling\nusing C++ compiler: \u2018g++ (Ubuntu 13.3.0-6ubuntu2~24.04) 13.3.0\u2019\nError in value[[3L]](cond) : \n  Error in model phases: NA/NaN gradient evaluation\nCalls: tryCatch -> tryCatchList -> tryCatchOne -> <Anonymous>\nIn addition: There were 47 warnings (use warnings() to see them)\nExecution halted"
    },
    "7": {
      "status": "BROKEN"
    }
  }
}