{
  "iterations": {
    "1": {
      "status": "ERROR",
      "message": "Model failed to compile.",
      "stdout": "g++ -std=gnu++17 -I\"/usr/share/R/include\" -DNDEBUG -I\"/home/spi085/R/x86_64-pc-linux-gnu-library/4.4/TMB/include\" -I\"/home/spi085/R/x86_64-pc-linux-gnu-library/4.4/RcppEigen/include\"   -DTMB_EIGEN_DISABLE_WARNINGS   -DTMB_LIB_INIT=R_init_model  -DCPPAD_FRAMEWORK      -fpic  -O2  -c POPULATIONS/POPULATION_0014/INDIVIDUAL_W3YWBHAW/model.cpp -o POPULATIONS/POPULATION_0014/INDIVIDUAL_W3YWBHAW/model.o",
      "stderr": "Loading required package: TMB\nLoading required package: jsonlite\nhere() starts at /home/spi085/Documents/_Projects/SCCP-QuantModelling\nusing C++ compiler: \u2018g++ (Ubuntu 13.3.0-6ubuntu2~24.04) 13.3.0\u2019\nIn file included from /home/spi085/R/x86_64-pc-linux-gnu-library/4.4/TMB/include/TMB.hpp:228,\n                 from POPULATIONS/POPULATION_0014/INDIVIDUAL_W3YWBHAW/model.cpp:1:\n/home/spi085/R/x86_64-pc-linux-gnu-library/4.4/TMB/include/tmb_core.hpp:237:8: error: \u2018Type\u2019 was not declared in this scope; did you mean \u2018Eigen::Architecture::Type\u2019?\n  237 | vector<Type> name;                                                      \\\n      |        ^~~~\nPOPULATIONS/POPULATION_0014/INDIVIDUAL_W3YWBHAW/model.cpp:8:1: note: in expansion of macro \u2018DATA_VECTOR\u2019\n    8 | DATA_VECTOR(time);\n      | ^~~~~~~~~~~\nIn file included from /home/spi085/R/x86_64-pc-linux-gnu-library/4.4/RcppEigen/include/Eigen/Core:161,\n                 from /home/spi085/R/x86_64-pc-linux-gnu-library/4.4/RcppEigen/include/Eigen/Dense:1,\n                 from /home/spi085/R/x86_64-pc-linux-gnu-library/4.4/TMB/include/TMB.hpp:92:\n/home/spi085/R/x86_64-pc-linux-gnu-library/4.4/RcppEigen/include/Eigen/src/Core/util/Constants.h:471:8: note: \u2018Eigen::Architecture::Type\u2019 declared here\n  471 |   enum Type {\n      |        ^~~~\n/home/spi085/R/x86_64-pc-linux-gnu-library/4.4/TMB/include/tmb_core.hpp:237:12: error: template argument 1 is invalid\n  237 | vector<Type> name;                                                      \\\n      |            ^\nPOPULATIONS/POPULATION_0014/INDIVIDUAL_W3YWBHAW/model.cpp:8:1: note: in expansion of macro \u2018DATA_VECTOR\u2019\n    8 | DATA_VECTOR(time);\n      | ^~~~~~~~~~~\nPOPULATIONS/POPULATION_0014/INDIVIDUAL_W3YWBHAW/model.cpp:8:13: error: \u2018int time\u2019 redeclared as different kind of entity\n    8 | DATA_VECTOR(time);\n      |             ^~~~\n/home/spi085/R/x86_64-pc-linux-gnu-library/4.4/TMB/include/tmb_core.hpp:237:14: note: in definition of macro \u2018DATA_VECTOR\u2019\n  237 | vector<Type> name;                                                      \\\n      |              ^~~~\nIn file included from /usr/include/pthread.h:23,\n                 from /usr/include/x86_64-linux-gnu/c++/13/bits/gthr-default.h:35,\n                 from /usr/include/x86_64-linux-gnu/c++/13/bits/gthr.h:148,\n                 from /usr/include/c++/13/ext/atomicity.h:35,\n                 from /usr/include/c++/13/bits/ios_base.h:39,\n                 from /usr/include/c++/13/ios:44,\n                 from /usr/include/c++/13/ostream:40,\n                 from /usr/include/c++/13/iostream:41,\n                 from /home/spi085/R/x86_64-pc-linux-gnu-library/4.4/TMB/include/Rstream.hpp:10,\n                 from /home/spi085/R/x86_64-pc-linux-gnu-library/4.4/TMB/include/TMB.hpp:46:\n/usr/include/time.h:76:15: note: previous declaration \u2018time_t time(time_t*)\u2019\n   76 | extern time_t time (time_t *__timer) __THROW;\n      |               ^~~~\n/home/spi085/R/x86_64-pc-linux-gnu-library/4.4/TMB/include/tmb_core.hpp:238:1: error: expected unqualified-id before \u2018if\u2019\n  238 | if (!Rf_isNull(getListElement(TMB_OBJECTIVE_PTR -> parameters,#name))){ \\\n      | ^~\nPOPULATIONS/POPULATION_0014/INDIVIDUAL_W3YWBHAW/model.cpp:8:1: note: in expansion of macro \u2018DATA_VECTOR\u2019\n    8 | DATA_VECTOR(time);\n      | ^~~~~~~~~~~\n/home/spi085/R/x86_64-pc-linux-gnu-library/4.4/TMB/include/tmb_core.hpp:241:3: error: expected unqualified-id before \u2018else\u2019\n  241 | } else {                                                                \\\n      |   ^~~~\nPOPULATIONS/POPULATION_0014/INDIVIDUAL_W3YWBHAW/model.cpp:8:1: note: in expansion of macro \u2018DATA_VECTOR\u2019\n    8 | DATA_VECTOR(time);\n      | ^~~~~~~~~~~\n/home/spi085/R/x86_64-pc-linux-gnu-library/4.4/TMB/include/tmb_core.hpp:237:8: error: \u2018Type\u2019 was not declared in this scope; did you mean \u2018Eigen::Architecture::Type\u2019?\n  237 | vector<Type> name;                                                      \\\n      |        ^~~~\nPOPULATIONS/POPULATION_0014/INDIVIDUAL_W3YWBHAW/model.cpp:9:1: note: in expansion of macro \u2018DATA_VECTOR\u2019\n    9 | DATA_VECTOR(cots_dat);\n      | ^~~~~~~~~~~\n/home/spi085/R/x86_64-pc-linux-gnu-library/4.4/RcppEigen/include/Eigen/src/Core/util/Constants.h:471:8: note: \u2018Eigen::Architecture::Type\u2019 declared here\n  471 |   enum Type {\n      |        ^~~~\n/home/spi085/R/x86_64-pc-linux-gnu-library/4.4/TMB/include/tmb_core.hpp:237:12: error: template argument 1 is invalid\n  237 | vector<Type> name;                                                      \\\n      |            ^\nPOPULATIONS/POPULATION_0014/INDIVIDUAL_W3YWBHAW/model.cpp:9:1: note: in expansion of macro \u2018DATA_VECTOR\u2019\n    9 | DATA_VECTOR(cots_dat);\n      | ^~~~~~~~~~~\n/home/spi085/R/x86_64-pc-linux-gnu-library/4.4/TMB/include/tmb_core.hpp:238:1: error: expected unqualified-id before \u2018if\u2019\n  238 | if (!Rf_isNull(getListElement(TMB_OBJECTIVE_PTR -> parameters,#name))){ \\\n      | ^~\nPOPULATIONS/POPULATION_0014/INDIVIDUAL_W3YWBHAW/model.cpp:9:1: note: in expansion of macro \u2018DATA_VECTOR\u2019\n    9 | DATA_VECTOR(cots_dat);\n      | ^~~~~~~~~~~\n/home/spi085/R/x86_64-pc-linux-gnu-library/4.4/TMB/include/tmb_core.hpp:241:3: error: expected unqualified-id before \u2018else\u2019\n  241 | } else {                                                                \\\n      |   ^~~~\nPOPULATIONS/POPULATION_0014/INDIVIDUAL_W3YWBHAW/model.cpp:9:1: note: in expansion of macro \u2018DATA_VECTOR\u2019\n    9 | DATA_VECTOR(cots_dat);\n      | ^~~~~~~~~~~\n/home/spi085/R/x86_64-pc-linux-gnu-library/4.4/TMB/include/tmb_core.hpp:237:8: error: \u2018Type\u2019 was not declared in this scope; did you mean \u2018Eigen::Architecture::Type\u2019?\n  237 | vector<Type> name;                                                      \\\n      |        ^~~~\nPOPULATIONS/POPULATION_0014/INDIVIDUAL_W3YWBHAW/model.cpp:10:1: note: in expansion of macro \u2018DATA_VECTOR\u2019\n   10 | DATA_VECTOR(fast_dat);\n      | ^~~~~~~~~~~\n/home/spi085/R/x86_64-pc-linux-gnu-library/4.4/RcppEigen/include/Eigen/src/Core/util/Constants.h:471:8: note: \u2018Eigen::Architecture::Type\u2019 declared here\n  471 |   enum Type {\n      |        ^~~~\n/home/spi085/R/x86_64-pc-linux-gnu-library/4.4/TMB/include/tmb_core.hpp:237:12: error: template argument 1 is invalid\n  237 | vector<Type> name;                                                      \\\n      |            ^\nPOPULATIONS/POPULATION_0014/INDIVIDUAL_W3YWBHAW/model.cpp:10:1: note: in expansion of macro \u2018DATA_VECTOR\u2019\n   10 | DATA_VECTOR(fast_dat);\n      | ^~~~~~~~~~~\n/home/spi085/R/x86_64-pc-linux-gnu-library/4.4/TMB/include/tmb_core.hpp:238:1: error: expected unqualified-id before \u2018if\u2019\n  238 | if (!Rf_isNull(getListElement(TMB_OBJECTIVE_PTR -> parameters,#name))){ \\\n      | ^~\nPOPULATIONS/POPULATION_0014/INDIVIDUAL_W3YWBHAW/model.cpp:10:1: note: in expansion of macro \u2018DATA_VECTOR\u2019\n   10 | DATA_VECTOR(fast_dat);\n      | ^~~~~~~~~~~\n/home/spi085/R/x86_64-pc-linux-gnu-library/4.4/TMB/include/tmb_core.hpp:241:3: error: expected unqualified-id before \u2018else\u2019\n  241 | } else {                                                                \\\n      |   ^~~~\nPOPULATIONS/POPULATION_0014/INDIVIDUAL_W3YWBHAW/model.cpp:10:1: note: in expansion of macro \u2018DATA_VECTOR\u2019\n   10 | DATA_VECTOR(fast_dat);\n      | ^~~~~~~~~~~\n/home/spi085/R/x86_64-pc-linux-gnu-library/4.4/TMB/include/tmb_core.hpp:237:8: error: \u2018Type\u2019 was not declared in this scope; did you mean \u2018Eigen::Architecture::Type\u2019?\n  237 | vector<Type> name;                                                      \\\n      |        ^~~~\nPOPULATIONS/POPULATION_0014/INDIVIDUAL_W3YWBHAW/model.cpp:11:1: note: in expansion of macro \u2018DATA_VECTOR\u2019\n   11 | DATA_VECTOR(slow_dat);\n      | ^~~~~~~~~~~\n/home/spi085/R/x86_64-pc-linux-gnu-library/4.4/RcppEigen/include/Eigen/src/Core/util/Constants.h:471:8: note: \u2018Eigen::Architecture::Type\u2019 declared here\n  471 |   enum Type {\n      |        ^~~~\n/home/spi085/R/x86_64-pc-linux-gnu-library/4.4/TMB/include/tmb_core.hpp:237:12: error: template argument 1 is invalid\n  237 | vector<Type> name;                                                      \\\n      |            ^\nPOPULATIONS/POPULATION_0014/INDIVIDUAL_W3YWBHAW/model.cpp:11:1: note: in expansion of macro \u2018DATA_VECTOR\u2019\n   11 | DATA_VECTOR(slow_dat);\n      | ^~~~~~~~~~~\n/home/spi085/R/x86_64-pc-linux-gnu-library/4.4/TMB/include/tmb_core.hpp:238:1: error: expected unqualified-id before \u2018if\u2019\n  238 | if (!Rf_isNull(getListElement(TMB_OBJECTIVE_PTR -> parameters,#name))){ \\\n      | ^~\nPOPULATIONS/POPULATION_0014/INDIVIDUAL_W3YWBHAW/model.cpp:11:1: note: in expansion of macro \u2018DATA_VECTOR\u2019\n   11 | DATA_VECTOR(slow_dat);\n      | ^~~~~~~~~~~\n/home/spi085/R/x86_64-pc-linux-gnu-library/4.4/TMB/include/tmb_core.hpp:241:3: error: expected unqualified-id before \u2018else\u2019\n  241 | } else {                                                                \\\n      |   ^~~~\nPOPULATIONS/POPULATION_0014/INDIVIDUAL_W3YWBHAW/model.cpp:11:1: note: in expansion of macro \u2018DATA_VECTOR\u2019\n   11 | DATA_VECTOR(slow_dat);\n      | ^~~~~~~~~~~\n/home/spi085/R/x86_64-pc-linux-gnu-library/4.4/TMB/include/tmb_core.hpp:228:1: error: \u2018Type\u2019 does not name a type; did you mean \u2018typeof\u2019?\n  228 | Type name(TMB_OBJECTIVE_PTR -> fillShape(                               \\\n      | ^~~~\nPOPULATIONS/POPULATION_0014/INDIVIDUAL_W3YWBHAW/model.cpp:22:1: note: in expansion of macro \u2018PARAMETER\u2019\n   22 | PARAMETER(growth_rate);               // year^-1 (from literature)\n      | ^~~~~~~~~\n/home/spi085/R/x86_64-pc-linux-gnu-library/4.4/TMB/include/tmb_core.hpp:228:1: error: \u2018Type\u2019 does not name a type; did you mean \u2018typeof\u2019?\n  228 | Type name(TMB_OBJECTIVE_PTR -> fillShape(                               \\\n      | ^~~~\nPOPULATIONS/POPULATION_0014/INDIVIDUAL_W3YWBHAW/model.cpp:23:1: note: in expansion of macro \u2018PARAMETER\u2019\n   23 | PARAMETER(outbreak_trigger);          // ind/m^2 (expert opinion)\n      | ^~~~~~~~~\n/home/spi085/R/x86_64-pc-linux-gnu-library/4.4/TMB/include/tmb_core.hpp:228:1: error: \u2018Type\u2019 does not name a type; did you mean \u2018typeof\u2019?\n  228 | Type name(TMB_OBJECTIVE_PTR -> fillShape(                               \\\n      | ^~~~\nPOPULATIONS/POPULATION_0014/INDIVIDUAL_W3YWBHAW/model.cpp:24:1: note: in expansion of macro \u2018PARAMETER\u2019\n   24 | PARAMETER(outbreak_efficiency);       // dimensionless (expert opinion)\n      | ^~~~~~~~~\n/home/spi085/R/x86_64-pc-linux-gnu-library/4.4/TMB/include/tmb_core.hpp:228:1: error: \u2018Type\u2019 does not name a type; did you mean \u2018typeof\u2019?\n  228 | Type name(TMB_OBJECTIVE_PTR -> fillShape(                               \\\n      | ^~~~\nPOPULATIONS/POPULATION_0014/INDIVIDUAL_W3YWBHAW/model.cpp:25:1: note: in expansion of macro \u2018PARAMETER\u2019\n   25 | PARAMETER(coral_predation_rate_fast); // per unit COTS (literature)\n      | ^~~~~~~~~\n/home/spi085/R/x86_64-pc-linux-gnu-library/4.4/TMB/include/tmb_core.hpp:228:1: error: \u2018Type\u2019 does not name a type; did you mean \u2018typeof\u2019?\n  228 | Type name(TMB_OBJECTIVE_PTR -> fillShape(                               \\\n      | ^~~~\nPOPULATIONS/POPULATION_0014/INDIVIDUAL_W3YWBHAW/model.cpp:26:1: note: in expansion of macro \u2018PARAMETER\u2019\n   26 | PARAMETER(coral_predation_rate_slow); // per unit COTS (literature)\n      | ^~~~~~~~~\n/home/spi085/R/x86_64-pc-linux-gnu-library/4.4/TMB/include/tmb_core.hpp:228:1: error: \u2018Type\u2019 does not name a type; did you mean \u2018typeof\u2019?\n  228 | Type name(TMB_OBJECTIVE_PTR -> fillShape(                               \\\n      | ^~~~\nPOPULATIONS/POPULATION_0014/INDIVIDUAL_W3YWBHAW/model.cpp:27:1: note: in expansion of macro \u2018PARAMETER\u2019\n   27 | PARAMETER(coral_regen_fast);          // % per year (literature)\n      | ^~~~~~~~~\n/home/spi085/R/x86_64-pc-linux-gnu-library/4.4/TMB/include/tmb_core.hpp:228:1: error: \u2018Type\u2019 does not name a type; did you mean \u2018typeof\u2019?\n  228 | Type name(TMB_OBJECTIVE_PTR -> fillShape(                               \\\n      | ^~~~\nPOPULATIONS/POPULATION_0014/INDIVIDUAL_W3YWBHAW/model.cpp:28:1: note: in expansion of macro \u2018PARAMETER\u2019\n   28 | PARAMETER(coral_regen_slow);          // % per year (literature)\n      | ^~~~~~~~~\n/home/spi085/R/x86_64-pc-linux-gnu-library/4.4/TMB/include/tmb_core.hpp:228:1: error: \u2018Type\u2019 does not name a type; did you mean \u2018typeof\u2019?\n  228 | Type name(TMB_OBJECTIVE_PTR -> fillShape(                               \\\n      | ^~~~\nPOPULATIONS/POPULATION_0014/INDIVIDUAL_W3YWBHAW/model.cpp:29:1: note: in expansion of macro \u2018PARAMETER\u2019\n   29 | PARAMETER(log_sd);                    // log-scale standard deviation (initial estimate)\n      | ^~~~~~~~~\nPOPULATIONS/POPULATION_0014/INDIVIDUAL_W3YWBHAW/model.cpp: In member function \u2018Type objective_function<Type>::operator()()\u2019:\nPOPULATIONS/POPULATION_0014/INDIVIDUAL_W3YWBHAW/model.cpp:35:16: error: request for member \u2018size\u2019 in \u2018time\u2019, which is of non-class type \u2018time_t(time_t*) noexcept\u2019 {aka \u2018long int(long int*) noexcept\u2019}\n   35 |   int n = time.size();\n      |                ^~~~\nPOPULATIONS/POPULATION_0014/INDIVIDUAL_W3YWBHAW/model.cpp:41:26: error: invalid types \u2018int[int]\u2019 for array subscript\n   41 |   cots_pred[0] = cots_dat[0];\n      |                          ^\nPOPULATIONS/POPULATION_0014/INDIVIDUAL_W3YWBHAW/model.cpp:42:26: error: invalid types \u2018int[int]\u2019 for array subscript\n   42 |   fast_pred[0] = fast_dat[0];\n      |                          ^\nPOPULATIONS/POPULATION_0014/INDIVIDUAL_W3YWBHAW/model.cpp:43:26: error: invalid types \u2018int[int]\u2019 for array subscript\n   43 |   slow_pred[0] = slow_dat[0];\n      |                          ^\nPOPULATIONS/POPULATION_0014/INDIVIDUAL_W3YWBHAW/model.cpp:59:39: error: \u2018outbreak_trigger\u2019 was not declared in this scope\n   59 |     Type outbreak = (cots_pred[t-1] > outbreak_trigger ? outbreak_efficiency : Type(1.0));\n      |                                       ^~~~~~~~~~~~~~~~\nPOPULATIONS/POPULATION_0014/INDIVIDUAL_W3YWBHAW/model.cpp:59:58: error: \u2018outbreak_efficiency\u2019 was not declared in this scope\n   59 |     Type outbreak = (cots_pred[t-1] > outbreak_trigger ? outbreak_efficiency : Type(1.0));\n      |                                                          ^~~~~~~~~~~~~~~~~~~\nPOPULATIONS/POPULATION_0014/INDIVIDUAL_W3YWBHAW/model.cpp:62:37: error: \u2018growth_rate\u2019 was not declared in this scope\n   62 |     cots_pred[t] = cots_pred[t-1] + growth_rate * cots_pred[t-1] * outbreak * (Type(1.0) - cots_pred[t-1]/(outbreak_trigger + eps));\n      |                                     ^~~~~~~~~~~\nPOPULATIONS/POPULATION_0014/INDIVIDUAL_W3YWBHAW/model.cpp:65:37: error: \u2018coral_predation_rate_fast\u2019 was not declared in this scope\n   65 |     fast_pred[t] = fast_pred[t-1] - coral_predation_rate_fast * cots_pred[t-1] * fast_pred[t-1]\n      |                                     ^~~~~~~~~~~~~~~~~~~~~~~~~\nPOPULATIONS/POPULATION_0014/INDIVIDUAL_W3YWBHAW/model.cpp:66:22: error: \u2018coral_regen_fast\u2019 was not declared in this scope\n   66 |                    + coral_regen_fast * (Type(100.0) - fast_pred[t-1]);\n      |                      ^~~~~~~~~~~~~~~~\nPOPULATIONS/POPULATION_0014/INDIVIDUAL_W3YWBHAW/model.cpp:69:37: error: \u2018coral_predation_rate_slow\u2019 was not declared in this scope\n   69 |     slow_pred[t] = slow_pred[t-1] - coral_predation_rate_slow * cots_pred[t-1] * slow_pred[t-1]\n      |                                     ^~~~~~~~~~~~~~~~~~~~~~~~~\nPOPULATIONS/POPULATION_0014/INDIVIDUAL_W3YWBHAW/model.cpp:70:22: error: \u2018coral_regen_slow\u2019 was not declared in this scope\n   70 |                    + coral_regen_slow * (Type(100.0) - slow_pred[t-1]);\n      |                      ^~~~~~~~~~~~~~~~\nPOPULATIONS/POPULATION_0014/INDIVIDUAL_W3YWBHAW/model.cpp:73:30: error: invalid types \u2018int[int]\u2019 for array subscript\n   73 |     nll -= dnorm(log(cots_dat[t] + eps), log(cots_pred[t] + eps), exp(log_sd), true);\n      |                              ^\nPOPULATIONS/POPULATION_0014/INDIVIDUAL_W3YWBHAW/model.cpp:73:71: error: \u2018log_sd\u2019 was not declared in this scope\n   73 |     nll -= dnorm(log(cots_dat[t] + eps), log(cots_pred[t] + eps), exp(log_sd), true);\n      |                                                                       ^~~~~~\nPOPULATIONS/POPULATION_0014/INDIVIDUAL_W3YWBHAW/model.cpp:74:30: error: invalid types \u2018int[int]\u2019 for array subscript\n   74 |     nll -= dnorm(log(fast_dat[t] + eps), log(fast_pred[t] + eps), exp(log_sd), true);\n      |                              ^\nPOPULATIONS/POPULATION_0014/INDIVIDUAL_W3YWBHAW/model.cpp:75:30: error: invalid types \u2018int[int]\u2019 for array subscript\n   75 |     nll -= dnorm(log(slow_dat[t] + eps), log(slow_pred[t] + eps), exp(log_sd), true);\n      |                              ^\nmake: *** [/usr/lib/R/etc/Makeconf:204: POPULATIONS/POPULATION_0014/INDIVIDUAL_W3YWBHAW/model.o] Error 1\nError in TMB::compile(file.path(individual_dir, model_file), flags = flags,  : \n  Compilation failed\nError: Compilation failed\nExecution halted"
    },
    "2": {
      "status": "ERROR",
      "message": "Model failed to compile.",
      "stdout": "g++ -std=gnu++17 -I\"/usr/share/R/include\" -DNDEBUG -I\"/home/spi085/R/x86_64-pc-linux-gnu-library/4.4/TMB/include\" -I\"/home/spi085/R/x86_64-pc-linux-gnu-library/4.4/RcppEigen/include\"   -DTMB_EIGEN_DISABLE_WARNINGS   -DTMB_LIB_INIT=R_init_model  -DCPPAD_FRAMEWORK      -fpic  -O2  -c POPULATIONS/POPULATION_0014/INDIVIDUAL_W3YWBHAW/model.cpp -o POPULATIONS/POPULATION_0014/INDIVIDUAL_W3YWBHAW/model.o",
      "stderr": "Loading required package: TMB\nLoading required package: jsonlite\nhere() starts at /home/spi085/Documents/_Projects/SCCP-QuantModelling\nusing C++ compiler: \u2018g++ (Ubuntu 13.3.0-6ubuntu2~24.04) 13.3.0\u2019\nIn file included from /home/spi085/R/x86_64-pc-linux-gnu-library/4.4/TMB/include/TMB.hpp:228,\n                 from POPULATIONS/POPULATION_0014/INDIVIDUAL_W3YWBHAW/model.cpp:1:\n/home/spi085/R/x86_64-pc-linux-gnu-library/4.4/TMB/include/tmb_core.hpp:237:8: error: \u2018Type\u2019 was not declared in this scope; did you mean \u2018Eigen::Architecture::Type\u2019?\n  237 | vector<Type> name;                                                      \\\n      |        ^~~~\nPOPULATIONS/POPULATION_0014/INDIVIDUAL_W3YWBHAW/model.cpp:8:1: note: in expansion of macro \u2018DATA_VECTOR\u2019\n    8 | DATA_VECTOR(years);\n      | ^~~~~~~~~~~\nIn file included from /home/spi085/R/x86_64-pc-linux-gnu-library/4.4/RcppEigen/include/Eigen/Core:161,\n                 from /home/spi085/R/x86_64-pc-linux-gnu-library/4.4/RcppEigen/include/Eigen/Dense:1,\n                 from /home/spi085/R/x86_64-pc-linux-gnu-library/4.4/TMB/include/TMB.hpp:92:\n/home/spi085/R/x86_64-pc-linux-gnu-library/4.4/RcppEigen/include/Eigen/src/Core/util/Constants.h:471:8: note: \u2018Eigen::Architecture::Type\u2019 declared here\n  471 |   enum Type {\n      |        ^~~~\n/home/spi085/R/x86_64-pc-linux-gnu-library/4.4/TMB/include/tmb_core.hpp:237:12: error: template argument 1 is invalid\n  237 | vector<Type> name;                                                      \\\n      |            ^\nPOPULATIONS/POPULATION_0014/INDIVIDUAL_W3YWBHAW/model.cpp:8:1: note: in expansion of macro \u2018DATA_VECTOR\u2019\n    8 | DATA_VECTOR(years);\n      | ^~~~~~~~~~~\n/home/spi085/R/x86_64-pc-linux-gnu-library/4.4/TMB/include/tmb_core.hpp:238:1: error: expected unqualified-id before \u2018if\u2019\n  238 | if (!Rf_isNull(getListElement(TMB_OBJECTIVE_PTR -> parameters,#name))){ \\\n      | ^~\nPOPULATIONS/POPULATION_0014/INDIVIDUAL_W3YWBHAW/model.cpp:8:1: note: in expansion of macro \u2018DATA_VECTOR\u2019\n    8 | DATA_VECTOR(years);\n      | ^~~~~~~~~~~\n/home/spi085/R/x86_64-pc-linux-gnu-library/4.4/TMB/include/tmb_core.hpp:241:3: error: expected unqualified-id before \u2018else\u2019\n  241 | } else {                                                                \\\n      |   ^~~~\nPOPULATIONS/POPULATION_0014/INDIVIDUAL_W3YWBHAW/model.cpp:8:1: note: in expansion of macro \u2018DATA_VECTOR\u2019\n    8 | DATA_VECTOR(years);\n      | ^~~~~~~~~~~\n/home/spi085/R/x86_64-pc-linux-gnu-library/4.4/TMB/include/tmb_core.hpp:237:8: error: \u2018Type\u2019 was not declared in this scope; did you mean \u2018Eigen::Architecture::Type\u2019?\n  237 | vector<Type> name;                                                      \\\n      |        ^~~~\nPOPULATIONS/POPULATION_0014/INDIVIDUAL_W3YWBHAW/model.cpp:9:1: note: in expansion of macro \u2018DATA_VECTOR\u2019\n    9 | DATA_VECTOR(cots_dat);\n      | ^~~~~~~~~~~\n/home/spi085/R/x86_64-pc-linux-gnu-library/4.4/RcppEigen/include/Eigen/src/Core/util/Constants.h:471:8: note: \u2018Eigen::Architecture::Type\u2019 declared here\n  471 |   enum Type {\n      |        ^~~~\n/home/spi085/R/x86_64-pc-linux-gnu-library/4.4/TMB/include/tmb_core.hpp:237:12: error: template argument 1 is invalid\n  237 | vector<Type> name;                                                      \\\n      |            ^\nPOPULATIONS/POPULATION_0014/INDIVIDUAL_W3YWBHAW/model.cpp:9:1: note: in expansion of macro \u2018DATA_VECTOR\u2019\n    9 | DATA_VECTOR(cots_dat);\n      | ^~~~~~~~~~~\n/home/spi085/R/x86_64-pc-linux-gnu-library/4.4/TMB/include/tmb_core.hpp:238:1: error: expected unqualified-id before \u2018if\u2019\n  238 | if (!Rf_isNull(getListElement(TMB_OBJECTIVE_PTR -> parameters,#name))){ \\\n      | ^~\nPOPULATIONS/POPULATION_0014/INDIVIDUAL_W3YWBHAW/model.cpp:9:1: note: in expansion of macro \u2018DATA_VECTOR\u2019\n    9 | DATA_VECTOR(cots_dat);\n      | ^~~~~~~~~~~\n/home/spi085/R/x86_64-pc-linux-gnu-library/4.4/TMB/include/tmb_core.hpp:241:3: error: expected unqualified-id before \u2018else\u2019\n  241 | } else {                                                                \\\n      |   ^~~~\nPOPULATIONS/POPULATION_0014/INDIVIDUAL_W3YWBHAW/model.cpp:9:1: note: in expansion of macro \u2018DATA_VECTOR\u2019\n    9 | DATA_VECTOR(cots_dat);\n      | ^~~~~~~~~~~\n/home/spi085/R/x86_64-pc-linux-gnu-library/4.4/TMB/include/tmb_core.hpp:237:8: error: \u2018Type\u2019 was not declared in this scope; did you mean \u2018Eigen::Architecture::Type\u2019?\n  237 | vector<Type> name;                                                      \\\n      |        ^~~~\nPOPULATIONS/POPULATION_0014/INDIVIDUAL_W3YWBHAW/model.cpp:10:1: note: in expansion of macro \u2018DATA_VECTOR\u2019\n   10 | DATA_VECTOR(fast_dat);\n      | ^~~~~~~~~~~\n/home/spi085/R/x86_64-pc-linux-gnu-library/4.4/RcppEigen/include/Eigen/src/Core/util/Constants.h:471:8: note: \u2018Eigen::Architecture::Type\u2019 declared here\n  471 |   enum Type {\n      |        ^~~~\n/home/spi085/R/x86_64-pc-linux-gnu-library/4.4/TMB/include/tmb_core.hpp:237:12: error: template argument 1 is invalid\n  237 | vector<Type> name;                                                      \\\n      |            ^\nPOPULATIONS/POPULATION_0014/INDIVIDUAL_W3YWBHAW/model.cpp:10:1: note: in expansion of macro \u2018DATA_VECTOR\u2019\n   10 | DATA_VECTOR(fast_dat);\n      | ^~~~~~~~~~~\n/home/spi085/R/x86_64-pc-linux-gnu-library/4.4/TMB/include/tmb_core.hpp:238:1: error: expected unqualified-id before \u2018if\u2019\n  238 | if (!Rf_isNull(getListElement(TMB_OBJECTIVE_PTR -> parameters,#name))){ \\\n      | ^~\nPOPULATIONS/POPULATION_0014/INDIVIDUAL_W3YWBHAW/model.cpp:10:1: note: in expansion of macro \u2018DATA_VECTOR\u2019\n   10 | DATA_VECTOR(fast_dat);\n      | ^~~~~~~~~~~\n/home/spi085/R/x86_64-pc-linux-gnu-library/4.4/TMB/include/tmb_core.hpp:241:3: error: expected unqualified-id before \u2018else\u2019\n  241 | } else {                                                                \\\n      |   ^~~~\nPOPULATIONS/POPULATION_0014/INDIVIDUAL_W3YWBHAW/model.cpp:10:1: note: in expansion of macro \u2018DATA_VECTOR\u2019\n   10 | DATA_VECTOR(fast_dat);\n      | ^~~~~~~~~~~\n/home/spi085/R/x86_64-pc-linux-gnu-library/4.4/TMB/include/tmb_core.hpp:237:8: error: \u2018Type\u2019 was not declared in this scope; did you mean \u2018Eigen::Architecture::Type\u2019?\n  237 | vector<Type> name;                                                      \\\n      |        ^~~~\nPOPULATIONS/POPULATION_0014/INDIVIDUAL_W3YWBHAW/model.cpp:11:1: note: in expansion of macro \u2018DATA_VECTOR\u2019\n   11 | DATA_VECTOR(slow_dat);\n      | ^~~~~~~~~~~\n/home/spi085/R/x86_64-pc-linux-gnu-library/4.4/RcppEigen/include/Eigen/src/Core/util/Constants.h:471:8: note: \u2018Eigen::Architecture::Type\u2019 declared here\n  471 |   enum Type {\n      |        ^~~~\n/home/spi085/R/x86_64-pc-linux-gnu-library/4.4/TMB/include/tmb_core.hpp:237:12: error: template argument 1 is invalid\n  237 | vector<Type> name;                                                      \\\n      |            ^\nPOPULATIONS/POPULATION_0014/INDIVIDUAL_W3YWBHAW/model.cpp:11:1: note: in expansion of macro \u2018DATA_VECTOR\u2019\n   11 | DATA_VECTOR(slow_dat);\n      | ^~~~~~~~~~~\n/home/spi085/R/x86_64-pc-linux-gnu-library/4.4/TMB/include/tmb_core.hpp:238:1: error: expected unqualified-id before \u2018if\u2019\n  238 | if (!Rf_isNull(getListElement(TMB_OBJECTIVE_PTR -> parameters,#name))){ \\\n      | ^~\nPOPULATIONS/POPULATION_0014/INDIVIDUAL_W3YWBHAW/model.cpp:11:1: note: in expansion of macro \u2018DATA_VECTOR\u2019\n   11 | DATA_VECTOR(slow_dat);\n      | ^~~~~~~~~~~\n/home/spi085/R/x86_64-pc-linux-gnu-library/4.4/TMB/include/tmb_core.hpp:241:3: error: expected unqualified-id before \u2018else\u2019\n  241 | } else {                                                                \\\n      |   ^~~~\nPOPULATIONS/POPULATION_0014/INDIVIDUAL_W3YWBHAW/model.cpp:11:1: note: in expansion of macro \u2018DATA_VECTOR\u2019\n   11 | DATA_VECTOR(slow_dat);\n      | ^~~~~~~~~~~\n/home/spi085/R/x86_64-pc-linux-gnu-library/4.4/TMB/include/tmb_core.hpp:228:1: error: \u2018Type\u2019 does not name a type; did you mean \u2018typeof\u2019?\n  228 | Type name(TMB_OBJECTIVE_PTR -> fillShape(                               \\\n      | ^~~~\nPOPULATIONS/POPULATION_0014/INDIVIDUAL_W3YWBHAW/model.cpp:22:1: note: in expansion of macro \u2018PARAMETER\u2019\n   22 | PARAMETER(growth_rate);               // year^-1 (from literature)\n      | ^~~~~~~~~\n/home/spi085/R/x86_64-pc-linux-gnu-library/4.4/TMB/include/tmb_core.hpp:228:1: error: \u2018Type\u2019 does not name a type; did you mean \u2018typeof\u2019?\n  228 | Type name(TMB_OBJECTIVE_PTR -> fillShape(                               \\\n      | ^~~~\nPOPULATIONS/POPULATION_0014/INDIVIDUAL_W3YWBHAW/model.cpp:23:1: note: in expansion of macro \u2018PARAMETER\u2019\n   23 | PARAMETER(outbreak_trigger);          // ind/m^2 (expert opinion)\n      | ^~~~~~~~~\n/home/spi085/R/x86_64-pc-linux-gnu-library/4.4/TMB/include/tmb_core.hpp:228:1: error: \u2018Type\u2019 does not name a type; did you mean \u2018typeof\u2019?\n  228 | Type name(TMB_OBJECTIVE_PTR -> fillShape(                               \\\n      | ^~~~\nPOPULATIONS/POPULATION_0014/INDIVIDUAL_W3YWBHAW/model.cpp:24:1: note: in expansion of macro \u2018PARAMETER\u2019\n   24 | PARAMETER(outbreak_efficiency);       // dimensionless (expert opinion)\n      | ^~~~~~~~~\n/home/spi085/R/x86_64-pc-linux-gnu-library/4.4/TMB/include/tmb_core.hpp:228:1: error: \u2018Type\u2019 does not name a type; did you mean \u2018typeof\u2019?\n  228 | Type name(TMB_OBJECTIVE_PTR -> fillShape(                               \\\n      | ^~~~\nPOPULATIONS/POPULATION_0014/INDIVIDUAL_W3YWBHAW/model.cpp:25:1: note: in expansion of macro \u2018PARAMETER\u2019\n   25 | PARAMETER(coral_predation_rate_fast); // per unit COTS (literature)\n      | ^~~~~~~~~\n/home/spi085/R/x86_64-pc-linux-gnu-library/4.4/TMB/include/tmb_core.hpp:228:1: error: \u2018Type\u2019 does not name a type; did you mean \u2018typeof\u2019?\n  228 | Type name(TMB_OBJECTIVE_PTR -> fillShape(                               \\\n      | ^~~~\nPOPULATIONS/POPULATION_0014/INDIVIDUAL_W3YWBHAW/model.cpp:26:1: note: in expansion of macro \u2018PARAMETER\u2019\n   26 | PARAMETER(coral_predation_rate_slow); // per unit COTS (literature)\n      | ^~~~~~~~~\n/home/spi085/R/x86_64-pc-linux-gnu-library/4.4/TMB/include/tmb_core.hpp:228:1: error: \u2018Type\u2019 does not name a type; did you mean \u2018typeof\u2019?\n  228 | Type name(TMB_OBJECTIVE_PTR -> fillShape(                               \\\n      | ^~~~\nPOPULATIONS/POPULATION_0014/INDIVIDUAL_W3YWBHAW/model.cpp:27:1: note: in expansion of macro \u2018PARAMETER\u2019\n   27 | PARAMETER(coral_regen_fast);          // % per year (literature)\n      | ^~~~~~~~~\n/home/spi085/R/x86_64-pc-linux-gnu-library/4.4/TMB/include/tmb_core.hpp:228:1: error: \u2018Type\u2019 does not name a type; did you mean \u2018typeof\u2019?\n  228 | Type name(TMB_OBJECTIVE_PTR -> fillShape(                               \\\n      | ^~~~\nPOPULATIONS/POPULATION_0014/INDIVIDUAL_W3YWBHAW/model.cpp:28:1: note: in expansion of macro \u2018PARAMETER\u2019\n   28 | PARAMETER(coral_regen_slow);          // % per year (literature)\n      | ^~~~~~~~~\n/home/spi085/R/x86_64-pc-linux-gnu-library/4.4/TMB/include/tmb_core.hpp:228:1: error: \u2018Type\u2019 does not name a type; did you mean \u2018typeof\u2019?\n  228 | Type name(TMB_OBJECTIVE_PTR -> fillShape(                               \\\n      | ^~~~\nPOPULATIONS/POPULATION_0014/INDIVIDUAL_W3YWBHAW/model.cpp:29:1: note: in expansion of macro \u2018PARAMETER\u2019\n   29 | PARAMETER(log_sd);                    // log-scale standard deviation (initial estimate)\n      | ^~~~~~~~~\nPOPULATIONS/POPULATION_0014/INDIVIDUAL_W3YWBHAW/model.cpp: In member function \u2018Type objective_function<Type>::operator()()\u2019:\nPOPULATIONS/POPULATION_0014/INDIVIDUAL_W3YWBHAW/model.cpp:35:17: error: request for member \u2018size\u2019 in \u2018years\u2019, which is of non-class type \u2018int\u2019\n   35 |   int n = years.size();\n      |                 ^~~~\nPOPULATIONS/POPULATION_0014/INDIVIDUAL_W3YWBHAW/model.cpp:41:26: error: invalid types \u2018int[int]\u2019 for array subscript\n   41 |   cots_pred[0] = cots_dat[0];\n      |                          ^\nPOPULATIONS/POPULATION_0014/INDIVIDUAL_W3YWBHAW/model.cpp:42:26: error: invalid types \u2018int[int]\u2019 for array subscript\n   42 |   fast_pred[0] = fast_dat[0];\n      |                          ^\nPOPULATIONS/POPULATION_0014/INDIVIDUAL_W3YWBHAW/model.cpp:43:26: error: invalid types \u2018int[int]\u2019 for array subscript\n   43 |   slow_pred[0] = slow_dat[0];\n      |                          ^\nPOPULATIONS/POPULATION_0014/INDIVIDUAL_W3YWBHAW/model.cpp:59:39: error: \u2018outbreak_trigger\u2019 was not declared in this scope\n   59 |     Type outbreak = (cots_pred[t-1] > outbreak_trigger ? outbreak_efficiency : Type(1.0));\n      |                                       ^~~~~~~~~~~~~~~~\nPOPULATIONS/POPULATION_0014/INDIVIDUAL_W3YWBHAW/model.cpp:59:58: error: \u2018outbreak_efficiency\u2019 was not declared in this scope\n   59 |     Type outbreak = (cots_pred[t-1] > outbreak_trigger ? outbreak_efficiency : Type(1.0));\n      |                                                          ^~~~~~~~~~~~~~~~~~~\nPOPULATIONS/POPULATION_0014/INDIVIDUAL_W3YWBHAW/model.cpp:62:37: error: \u2018growth_rate\u2019 was not declared in this scope\n   62 |     cots_pred[t] = cots_pred[t-1] + growth_rate * cots_pred[t-1] * outbreak * (Type(1.0) - cots_pred[t-1]/(outbreak_trigger + eps));\n      |                                     ^~~~~~~~~~~\nPOPULATIONS/POPULATION_0014/INDIVIDUAL_W3YWBHAW/model.cpp:65:37: error: \u2018coral_predation_rate_fast\u2019 was not declared in this scope\n   65 |     fast_pred[t] = fast_pred[t-1] - coral_predation_rate_fast * cots_pred[t-1] * fast_pred[t-1]\n      |                                     ^~~~~~~~~~~~~~~~~~~~~~~~~\nPOPULATIONS/POPULATION_0014/INDIVIDUAL_W3YWBHAW/model.cpp:66:22: error: \u2018coral_regen_fast\u2019 was not declared in this scope\n   66 |                    + coral_regen_fast * (Type(100.0) - fast_pred[t-1]);\n      |                      ^~~~~~~~~~~~~~~~\nPOPULATIONS/POPULATION_0014/INDIVIDUAL_W3YWBHAW/model.cpp:69:37: error: \u2018coral_predation_rate_slow\u2019 was not declared in this scope\n   69 |     slow_pred[t] = slow_pred[t-1] - coral_predation_rate_slow * cots_pred[t-1] * slow_pred[t-1]\n      |                                     ^~~~~~~~~~~~~~~~~~~~~~~~~\nPOPULATIONS/POPULATION_0014/INDIVIDUAL_W3YWBHAW/model.cpp:70:22: error: \u2018coral_regen_slow\u2019 was not declared in this scope\n   70 |                    + coral_regen_slow * (Type(100.0) - slow_pred[t-1]);\n      |                      ^~~~~~~~~~~~~~~~\nPOPULATIONS/POPULATION_0014/INDIVIDUAL_W3YWBHAW/model.cpp:73:30: error: invalid types \u2018int[int]\u2019 for array subscript\n   73 |     nll -= dnorm(log(cots_dat[t] + eps), log(cots_pred[t] + eps), exp(log_sd), true);\n      |                              ^\nPOPULATIONS/POPULATION_0014/INDIVIDUAL_W3YWBHAW/model.cpp:73:71: error: \u2018log_sd\u2019 was not declared in this scope\n   73 |     nll -= dnorm(log(cots_dat[t] + eps), log(cots_pred[t] + eps), exp(log_sd), true);\n      |                                                                       ^~~~~~\nPOPULATIONS/POPULATION_0014/INDIVIDUAL_W3YWBHAW/model.cpp:74:30: error: invalid types \u2018int[int]\u2019 for array subscript\n   74 |     nll -= dnorm(log(fast_dat[t] + eps), log(fast_pred[t] + eps), exp(log_sd), true);\n      |                              ^\nPOPULATIONS/POPULATION_0014/INDIVIDUAL_W3YWBHAW/model.cpp:75:30: error: invalid types \u2018int[int]\u2019 for array subscript\n   75 |     nll -= dnorm(log(slow_dat[t] + eps), log(slow_pred[t] + eps), exp(log_sd), true);\n      |                              ^\nmake: *** [/usr/lib/R/etc/Makeconf:204: POPULATIONS/POPULATION_0014/INDIVIDUAL_W3YWBHAW/model.o] Error 1\nError in TMB::compile(file.path(individual_dir, model_file), flags = flags,  : \n  Compilation failed\nError: Compilation failed\nExecution halted"
    },
    "3": {
      "status": "ERROR",
      "message": "R script failed with return code 1",
      "stdout": "g++ -std=gnu++17 -I\"/usr/share/R/include\" -DNDEBUG -I\"/home/spi085/R/x86_64-pc-linux-gnu-library/4.4/TMB/include\" -I\"/home/spi085/R/x86_64-pc-linux-gnu-library/4.4/RcppEigen/include\"   -DTMB_EIGEN_DISABLE_WARNINGS   -DTMB_LIB_INIT=R_init_model  -DCPPAD_FRAMEWORK      -fpic  -O2  -c POPULATIONS/POPULATION_0014/INDIVIDUAL_W3YWBHAW/model.cpp -o POPULATIONS/POPULATION_0014/INDIVIDUAL_W3YWBHAW/model.o\ng++ -std=gnu++17 -shared -L/usr/lib/R/lib -Wl,-Bsymbolic-functions -flto=auto -ffat-lto-objects -Wl,-z,relro -o POPULATIONS/POPULATION_0014/INDIVIDUAL_W3YWBHAW/model.so POPULATIONS/POPULATION_0014/INDIVIDUAL_W3YWBHAW/model.o -L/usr/lib/R/lib -lR\nStarting model phases\nNumber of phases: 3 \nPhase 1 \nError in model phases: Error when reading the variable: 'years'. Please check data and parameters.",
      "stderr": "Loading required package: TMB\nLoading required package: jsonlite\nhere() starts at /home/spi085/Documents/_Projects/SCCP-QuantModelling\nusing C++ compiler: \u2018g++ (Ubuntu 13.3.0-6ubuntu2~24.04) 13.3.0\u2019\nError in value[[3L]](cond) : \n  Error in model phases: Error when reading the variable: 'years'. Please check data and parameters.\nCalls: tryCatch -> tryCatchList -> tryCatchOne -> <Anonymous>\nIn addition: Warning message:\nIn getParameterOrder(data, parameters, new.env(), DLL = DLL) :\n  Expected object. Got NULL.\nExecution halted"
    },
    "4": {
      "status": "ERROR",
      "message": "Model failed to compile.",
      "stdout": "g++ -std=gnu++17 -I\"/usr/share/R/include\" -DNDEBUG -I\"/home/spi085/R/x86_64-pc-linux-gnu-library/4.4/TMB/include\" -I\"/home/spi085/R/x86_64-pc-linux-gnu-library/4.4/RcppEigen/include\"   -DTMB_EIGEN_DISABLE_WARNINGS   -DTMB_LIB_INIT=R_init_model  -DCPPAD_FRAMEWORK      -fpic  -O2  -c POPULATIONS/POPULATION_0014/INDIVIDUAL_W3YWBHAW/model.cpp -o POPULATIONS/POPULATION_0014/INDIVIDUAL_W3YWBHAW/model.o",
      "stderr": "Loading required package: TMB\nLoading required package: jsonlite\nhere() starts at /home/spi085/Documents/_Projects/SCCP-QuantModelling\nusing C++ compiler: \u2018g++ (Ubuntu 13.3.0-6ubuntu2~24.04) 13.3.0\u2019\nPOPULATIONS/POPULATION_0014/INDIVIDUAL_W3YWBHAW/model.cpp: In member function \u2018Type objective_function<Type>::operator()()\u2019:\nPOPULATIONS/POPULATION_0014/INDIVIDUAL_W3YWBHAW/model.cpp:35:11: error: \u2018Year\u2019 was not declared in this scope\n   35 |   int n = Year.size();\n      |           ^~~~\nmake: *** [/usr/lib/R/etc/Makeconf:204: POPULATIONS/POPULATION_0014/INDIVIDUAL_W3YWBHAW/model.o] Error 1\nError in TMB::compile(file.path(individual_dir, model_file), flags = flags,  : \n  Compilation failed\nError: Compilation failed\nExecution halted"
    },
    "5": {
      "status": "ERROR",
      "message": "R script failed with return code 1",
      "stdout": "g++ -std=gnu++17 -I\"/usr/share/R/include\" -DNDEBUG -I\"/home/spi085/R/x86_64-pc-linux-gnu-library/4.4/TMB/include\" -I\"/home/spi085/R/x86_64-pc-linux-gnu-library/4.4/RcppEigen/include\"   -DTMB_EIGEN_DISABLE_WARNINGS   -DTMB_LIB_INIT=R_init_model  -DCPPAD_FRAMEWORK      -fpic  -O2  -c POPULATIONS/POPULATION_0014/INDIVIDUAL_W3YWBHAW/model.cpp -o POPULATIONS/POPULATION_0014/INDIVIDUAL_W3YWBHAW/model.o\ng++ -std=gnu++17 -shared -L/usr/lib/R/lib -Wl,-Bsymbolic-functions -flto=auto -ffat-lto-objects -Wl,-z,relro -o POPULATIONS/POPULATION_0014/INDIVIDUAL_W3YWBHAW/model.so POPULATIONS/POPULATION_0014/INDIVIDUAL_W3YWBHAW/model.o -L/usr/lib/R/lib -lR\nStarting model phases\nNumber of phases: 3 \nPhase 1 \nError in model phases: Error when reading the variable: 'years'. Please check data and parameters.",
      "stderr": "Loading required package: TMB\nLoading required package: jsonlite\nhere() starts at /home/spi085/Documents/_Projects/SCCP-QuantModelling\nusing C++ compiler: \u2018g++ (Ubuntu 13.3.0-6ubuntu2~24.04) 13.3.0\u2019\nError in value[[3L]](cond) : \n  Error in model phases: Error when reading the variable: 'years'. Please check data and parameters.\nCalls: tryCatch -> tryCatchList -> tryCatchOne -> <Anonymous>\nIn addition: Warning message:\nIn getParameterOrder(data, parameters, new.env(), DLL = DLL) :\n  Expected object. Got NULL.\nExecution halted"
    },
    "6": {
      "status": "SUCCESS",
      "objective_value": 0.7962,
      "model_summary": [
        "            Length Class  Mode     ",
        "par         8      -none- numeric  ",
        "objective   1      -none- numeric  ",
        "convergence 1      -none- numeric  ",
        "iterations  1      -none- numeric  ",
        "evaluations 2      -none- numeric  ",
        "message     1      -none- character"
      ],
      "model_report": {
        "cots_pred": [
          0.2615,
          0.3053,
          0.3501,
          0.394,
          0.4353,
          0.4723,
          0.5042,
          0.5306,
          0.5517,
          0.5682,
          0.5807,
          0.59,
          0.5969,
          0.6019,
          0.6055,
          0.6081,
          0.6099,
          0.6113,
          0.6122,
          0.6129,
          0.6134,
          0.6137,
          0.6139,
          0.6141,
          0.6142,
          0.6143
        ],
        "fast_pred": [
          10.0694,
          13.3896,
          15.3575,
          16.1859,
          16.1713,
          15.6339,
          14.8555,
          14.04,
          13.3055,
          12.7012,
          12.2319,
          11.8809,
          11.6246,
          11.4403,
          11.3089,
          11.2156,
          11.1496,
          11.1029,
          11.07,
          11.0466,
          11.0301,
          11.0185,
          11.0102,
          11.0044,
          11.0003,
          10.9973
        ],
        "slow_pred": [
          12.7726,
          12.4548,
          12.1081,
          11.734,
          11.3358,
          10.918,
          10.486,
          10.0454,
          9.6015,
          9.1592,
          8.7219,
          8.2927,
          7.8736,
          7.4658,
          7.0701,
          6.687,
          6.3167,
          5.959,
          5.6138,
          5.2808,
          4.9597,
          4.6501,
          4.3518,
          4.0643,
          3.7872,
          3.5202
        ]
      },
      "plot_data": {
        "cots_pred": {
          "Year": [
            1980,
            1981,
            1982,
            1983,
            1984,
            1985,
            1986,
            1987,
            1988,
            1989,
            1990,
            1991,
            1992,
            1993,
            1994,
            1995,
            1996,
            1997,
            1998,
            1999,
            2000,
            2001,
            2002,
            2003,
            2004,
            2005
          ],
          "Modeled": [
            0.2615,
            0.3053,
            0.3501,
            0.394,
            0.4353,
            0.4723,
            0.5042,
            0.5306,
            0.5517,
            0.5682,
            0.5807,
            0.59,
            0.5969,
            0.6019,
            0.6055,
            0.6081,
            0.6099,
            0.6113,
            0.6122,
            0.6129,
            0.6134,
            0.6137,
            0.6139,
            0.6141,
            0.6142,
            0.6143
          ],
          "Observed": [
            0.2615,
            0.5498,
            0.7268,
            0.5523,
            0.8281,
            0.547,
            0.758,
            0.6288,
            0.4762,
            0.6466,
            0.9107,
            2.152,
            0.6446,
            1.6723,
            0.4766,
            0.8075,
            0.3635,
            0.3728,
            0.6173,
            0.3107,
            0.256,
            0.2984,
            0.3362,
            0.2878,
            0.3221,
            0.4308
          ]
        },
        "fast_pred": {
          "Year": [
            1980,
            1981,
            1982,
            1983,
            1984,
            1985,
            1986,
            1987,
            1988,
            1989,
            1990,
            1991,
            1992,
            1993,
            1994,
            1995,
            1996,
            1997,
            1998,
            1999,
            2000,
            2001,
            2002,
            2003,
            2004,
            2005
          ],
          "Modeled": [
            10.0694,
            13.3896,
            15.3575,
            16.1859,
            16.1713,
            15.6339,
            14.8555,
            14.04,
            13.3055,
            12.7012,
            12.2319,
            11.8809,
            11.6246,
            11.4403,
            11.3089,
            11.2156,
            11.1496,
            11.1029,
            11.07,
            11.0466,
            11.0301,
            11.0185,
            11.0102,
            11.0044,
            11.0003,
            10.9973
          ],
          "Observed": [
            10.0694,
            17.7236,
            23.8276,
            19.4181,
            15.6354,
            32.4596,
            21.5567,
            34.1938,
            18.8708,
            27.3176,
            44.3301,
            13.3275,
            11.3741,
            8.3362,
            15.207,
            12.443,
            11.0666,
            10.6442,
            2.3628,
            2.76,
            3.7236,
            7.0355,
            10.2239,
            8.4754,
            9.0819,
            13.7314
          ]
        },
        "slow_pred": {
          "Year": [
            1980,
            1981,
            1982,
            1983,
            1984,
            1985,
            1986,
            1987,
            1988,
            1989,
            1990,
            1991,
            1992,
            1993,
            1994,
            1995,
            1996,
            1997,
            1998,
            1999,
            2000,
            2001,
            2002,
            2003,
            2004,
            2005
          ],
          "Modeled": [
            12.7726,
            12.4548,
            12.1081,
            11.734,
            11.3358,
            10.918,
            10.486,
            10.0454,
            9.6015,
            9.1592,
            8.7219,
            8.2927,
            7.8736,
            7.4658,
            7.0701,
            6.687,
            6.3167,
            5.959,
            5.6138,
            5.2808,
            4.9597,
            4.6501,
            4.3518,
            4.0643,
            3.7872,
            3.5202
          ],
          "Observed": [
            12.7726,
            16.4147,
            12.7773,
            12.2798,
            15.1152,
            12.8194,
            10.4631,
            9.7251,
            13.2014,
            16.4512,
            11.1393,
            18.0832,
            11.5223,
            8.51,
            9.1622,
            5.3353,
            8.6044,
            7.2781,
            2.629,
            4.6951,
            1.5948,
            5.2172,
            2.6041,
            3.3618,
            7.3289,
            4.4014
          ]
        }
      },
      "stdout": "g++ -std=gnu++17 -I\"/usr/share/R/include\" -DNDEBUG -I\"/home/spi085/R/x86_64-pc-linux-gnu-library/4.4/TMB/include\" -I\"/home/spi085/R/x86_64-pc-linux-gnu-library/4.4/RcppEigen/include\"   -DTMB_EIGEN_DISABLE_WARNINGS   -DTMB_LIB_INIT=R_init_model  -DCPPAD_FRAMEWORK      -fpic  -O2  -c POPULATIONS/POPULATION_0014/INDIVIDUAL_W3YWBHAW/model.cpp -o POPULATIONS/POPULATION_0014/INDIVIDUAL_W3YWBHAW/model.o\ng++ -std=gnu++17 -shared -L/usr/lib/R/lib -Wl,-Bsymbolic-functions -flto=auto -ffat-lto-objects -Wl,-z,relro -o POPULATIONS/POPULATION_0014/INDIVIDUAL_W3YWBHAW/model.so POPULATIONS/POPULATION_0014/INDIVIDUAL_W3YWBHAW/model.o -L/usr/lib/R/lib -lR\nStarting model phases\nNumber of phases: 3 \nPhase 1 \nInitial parameter values for phase 1 :\n        growth_rate    outbreak_trigger outbreak_efficiency              log_sd \n                0.5                50.0                 2.0                -1.0 \nFinal parameter values for phase 1 :\n        growth_rate    outbreak_trigger outbreak_efficiency              log_sd \n         0.04044056         50.01459278          2.00000000          0.51216949 \nConvergence message: relative convergence (4) \nNumber of iterations: 11 \nObjective function value: 144.8331 \nGradient at solution for phase 1 :\n             [,1]         [,2] [,3]         [,4]\n[1,] 0.0001272061 4.990354e-05    0 1.361129e-05\nPhase 2 \nInitial parameter values for phase 2 :\ncoral_predation_rate_fast coral_predation_rate_slow \n                    0.010                     0.005 \nFinal parameter values for phase 2 :\ncoral_predation_rate_fast coral_predation_rate_slow \n                 1.657740                  1.460525 \nConvergence message: relative convergence (4) \nNumber of iterations: 12 \nObjective function value: 112.281 \nGradient at solution for phase 2 :\n             [,1]          [,2]\n[1,] 5.003262e-06 -2.631666e-06\nPhase 3 \nInitial parameter values for phase 3 :\ncoral_regen_fast coral_regen_slow \n            0.10             0.05 \nFinal parameter values for phase 3 :\ncoral_regen_fast coral_regen_slow \n      0.10089877       0.04975772 \nConvergence message: relative convergence (4) \nNumber of iterations: 8 \nObjective function value: 112.2807 \nGradient at solution for phase 3 :\n             [,1]          [,2]\n[1,] 0.0001303753 -0.0002087715\nFinal Phase\nInitial parameter values for final phase:\n              growth_rate          outbreak_trigger       outbreak_efficiency \n               0.04044056               50.01459278                2.00000000 \ncoral_predation_rate_fast coral_predation_rate_slow          coral_regen_fast \n               1.65774041                1.46052498                0.10089877 \n         coral_regen_slow                    log_sd \n               0.04975772                0.51216949 \nFinal parameter values for final phase:\n              growth_rate          outbreak_trigger       outbreak_efficiency \n              0.291621214               0.614523590               2.000000000 \ncoral_predation_rate_fast coral_predation_rate_slow          coral_regen_fast \n              0.792332013               0.061560469               0.060119462 \n         coral_regen_slow                    log_sd \n             -0.001286449              -0.589715127 \nConvergence message: relative convergence (4) \nNumber of iterations: 106 \nObjective function value: 62.19176 \nGradient at solution for final phase:\n              [,1]          [,2] [,3]          [,4]          [,5]         [,6]\n[1,] -2.215836e-05 -1.966044e-05    0 -5.623463e-06 -4.598323e-05 5.662939e-05\n             [,7]         [,8]\n[1,] 0.0009488158 -4.59521e-06\nAll phases completed\n\nRunning model validation...\n[1] \"look here\"\n   Year\n1  1980\n2  1981\n3  1982\n4  1983\n5  1984\n6  1985\n7  1986\n8  1987\n9  1988\n10 1989\n11 1990\n12 1991\n13 1992\n14 1993\n15 1994\n16 1995\n17 1996\n18 1997\n19 1998\n20 1999\n21 2000\n22 2001\n23 2002\n24 2003\n25 2004\n26 2005\n   cots_dat..Adult.Class.Crown.of.thorns.starfish.abundance.in.individuals.m2.\n1                                                                    0.2615042\n2                                                                    0.5498196\n3                                                                    0.7268086\n4                                                                    0.5522907\n5                                                                    0.8281210\n6                                                                    0.5470078\n7                                                                    0.7580244\n8                                                                    0.6287678\n9                                                                    0.4761596\n10                                                                   0.6465779\n11                                                                   0.9107070\n12                                                                   2.1519930\n13                                                                   0.6446117\n14                                                                   1.6723480\n15                                                                   0.4765907\n16                                                                   0.8075009\n17                                                                   0.3634731\n18                                                                   0.3727647\n19                                                                   0.6172546\n20                                                                   0.3106559\n21                                                                   0.2560048\n22                                                                   0.2983628\n23                                                                   0.3362447\n24                                                                   0.2878112\n25                                                                   0.3220782\n26                                                                   0.4308113\n   fast_dat..Fast.growing.coral..Acropora.spp...cover.in...\n1                                                 10.069386\n2                                                 17.723573\n3                                                 23.827578\n4                                                 19.418118\n5                                                 15.635417\n6                                                 32.459609\n7                                                 21.556739\n8                                                 34.193850\n9                                                 18.870792\n10                                                27.317593\n11                                                44.330127\n12                                                13.327491\n13                                                11.374120\n14                                                 8.336190\n15                                                15.206950\n16                                                12.443031\n17                                                11.066606\n18                                                10.644162\n19                                                 2.362755\n20                                                 2.760007\n21                                                 3.723647\n22                                                 7.035517\n23                                                10.223949\n24                                                 8.475412\n25                                                 9.081878\n26                                                13.731449\n   slow_dat..Slow.growing.coral..Faviidae.spp..and.Porities.spp...cover.in...\n1                                                                   12.772605\n2                                                                   16.414745\n3                                                                   12.777292\n4                                                                   12.279754\n5                                                                   15.115161\n6                                                                   12.819409\n7                                                                   10.463078\n8                                                                    9.725137\n9                                                                   13.201352\n10                                                                  16.451200\n11                                                                  11.139259\n12                                                                  18.083162\n13                                                                  11.522349\n14                                                                   8.509987\n15                                                                   9.162216\n16                                                                   5.335342\n17                                                                   8.604409\n18                                                                   7.278116\n19                                                                   2.629035\n20                                                                   4.695132\n21                                                                   1.594753\n22                                                                   5.217158\n23                                                                   2.604070\n24                                                                   3.361801\n25                                                                   7.328911\n26                                                                   4.401384\n[1] \"look here\"\n   Year  cots_dat  fast_dat  slow_dat sst_dat cotsimm_dat\n1  1980 0.2615042 10.069386 12.772605    28.1         0.0\n2  1981 0.5498196 17.723573 16.414745    28.2         0.0\n3  1982 0.7268086 23.827578 12.777292    29.2         0.0\n4  1983 0.5522907 19.418118 12.279754    24.9         0.0\n5  1984 0.8281210 15.635417 15.115161    27.8         0.0\n6  1985 0.5470078 32.459609 12.819409    28.6         0.0\n7  1986 0.7580244 21.556739 10.463078    26.9         0.0\n8  1987 0.6287678 34.193850  9.725137    26.5         0.0\n9  1988 0.4761596 18.870792 13.201352    26.8         0.0\n10 1989 0.6465779 27.317593 16.451200    25.2         1.5\n11 1990 0.9107070 44.330127 11.139259    26.3         0.0\n12 1991 2.1519930 13.327491 18.083162    25.9         1.6\n13 1992 0.6446117 11.374120 11.522349    26.9         0.7\n14 1993 1.6723480  8.336190  8.509987    25.8         0.0\n15 1994 0.4765907 15.206950  9.162216    23.2         0.0\n16 1995 0.8075009 12.443031  5.335342    28.9         0.0\n17 1996 0.3634731 11.066606  8.604409    30.2         0.0\n18 1997 0.3727647 10.644162  7.278116    31.4         0.0\n19 1998 0.6172546  2.362755  2.629035    25.4         0.0\n20 1999 0.3106559  2.760007  4.695132    25.7         0.0\n21 2000 0.2560048  3.723647  1.594753    24.5         0.0\n22 2001 0.2983628  7.035517  5.217158    26.1         0.0\n23 2002 0.3362447 10.223949  2.604070    26.8         0.0\n24 2003 0.2878112  8.475412  3.361801    27.8         0.0\n25 2004 0.3220782  9.081878  7.328911    25.1         0.0\n26 2005 0.4308113 13.731449  4.401384    26.3         0.0\n\nValidation Results Summary:\n\n cots :\n  RMSE: 0.279 \n  MAE: 0.257 \n  R\u00b2: 0.285 \n\n fast :\n  RMSE: 5.384 \n  MAE: 4.531 \n  R\u00b2: 0.781 \n\n slow :\n  RMSE: 2.173 \n  MAE: 1.797 \n  R\u00b2: 0.201 \n\nDEBUG: Report contents:\nList of 3\n $ cots_pred: num [1:26] 0.262 0.305 0.35 0.394 0.435 ...\n $ fast_pred: num [1:26] 10.1 13.4 15.4 16.2 16.2 ...\n $ slow_pred: num [1:26] 12.8 12.5 12.1 11.7 11.3 ...\nNULL\n\nDEBUG: Available variables in report:\n[1] \"cots_pred\" \"fast_pred\" \"slow_pred\"\n\nChecking predictions and calculating objective function...\n\nDEBUG: Processing cots_pred \nDEBUG: First few predictions: 0.2615042 0.3053126 0.3501129 0.3940435 0.4352717 0.4722975 \nDEBUG: Summary statistics:\n   Min. 1st Qu.  Median    Mean 3rd Qu.    Max. \n 0.2615  0.5108  0.5994  0.5418  0.6127  0.6143 \nDEBUG: All zeros? FALSE \nDEBUG: Any infinities? FALSE \n\nDEBUG: Processing fast_pred \nDEBUG: First few predictions: 10.06939 13.38961 15.35751 16.18591 16.17131 15.63389 \nDEBUG: Summary statistics:\n   Min. 1st Qu.  Median    Mean 3rd Qu.    Max. \n  10.07   11.03   11.37   12.38   13.37   16.19 \nDEBUG: All zeros? FALSE \nDEBUG: Any infinities? FALSE \n\nDEBUG: Processing slow_pred \nDEBUG: First few predictions: 12.77261 12.45477 12.10806 11.73403 11.33584 10.91803 \nDEBUG: Summary statistics:\n   Min. 1st Qu.  Median    Mean 3rd Qu.    Max. \n  3.520   5.364   7.670   7.893  10.376  12.773 \nDEBUG: All zeros? FALSE \nDEBUG: Any infinities? FALSE \n\nDEBUG: Using the following variables for objective function:\ncots_dat -> cots_pred\nfast_dat -> fast_pred\nslow_dat -> slow_pred\n\nDEBUG: Calculating MSE for prediction variables only:\n\nDEBUG: cots_pred \nObserved: 0.2615042 0.5498196 0.7268086 0.5522907 0.828121 0.5470078 ...\nPredicted: 0.2615042 0.3053126 0.3501129 0.3940435 0.4352717 0.4722975 ...\nMSE (normalized): 1.036113 \n\nDEBUG: fast_pred \nObserved: 10.06939 17.72357 23.82758 19.41812 15.63542 32.45961 ...\nPredicted: 10.06939 13.38961 15.35751 16.18591 16.17131 15.63389 ...\nMSE (normalized): 0.8879768 \n\nDEBUG: slow_pred \nObserved: 12.77261 16.41474 12.77729 12.27975 15.11516 12.81941 ...\nPredicted: 12.77261 12.45477 12.10806 11.73403 11.33584 10.91803 ...\nMSE (normalized): 0.4646593 \n\nDEBUG: MSE values:\n cots_dat  fast_dat  slow_dat \n1.0361130 0.8879768 0.4646593 \n\nDEBUG: Final objective value (mean of MSEs): 0.7962497 \n\nFinal objective function value: 0.7962497 \n\nJSON_REPORT_START\n{\n  \"status\": \"SUCCESS\",\n  \"objective_value\": 0.7962,\n  \"model_summary\": [\"            Length Class  Mode     \", \"par         8      -none- numeric  \", \"objective   1      -none- numeric  \", \"convergence 1      -none- numeric  \", \"iterations  1      -none- numeric  \", \"evaluations 2      -none- numeric  \", \"message     1      -none- character\"],\n  \"model_report\": {\n    \"cots_pred\": [0.2615, 0.3053, 0.3501, 0.394, 0.4353, 0.4723, 0.5042, 0.5306, 0.5517, 0.5682, 0.5807, 0.59, 0.5969, 0.6019, 0.6055, 0.6081, 0.6099, 0.6113, 0.6122, 0.6129, 0.6134, 0.6137, 0.6139, 0.6141, 0.6142, 0.6143],\n    \"fast_pred\": [10.0694, 13.3896, 15.3575, 16.1859, 16.1713, 15.6339, 14.8555, 14.04, 13.3055, 12.7012, 12.2319, 11.8809, 11.6246, 11.4403, 11.3089, 11.2156, 11.1496, 11.1029, 11.07, 11.0466, 11.0301, 11.0185, 11.0102, 11.0044, 11.0003, 10.9973],\n    \"slow_pred\": [12.7726, 12.4548, 12.1081, 11.734, 11.3358, 10.918, 10.486, 10.0454, 9.6015, 9.1592, 8.7219, 8.2927, 7.8736, 7.4658, 7.0701, 6.687, 6.3167, 5.959, 5.6138, 5.2808, 4.9597, 4.6501, 4.3518, 4.0643, 3.7872, 3.5202]\n  },\n  \"plot_data\": {\n    \"cots_pred\": {\n      \"Year\": [1980, 1981, 1982, 1983, 1984, 1985, 1986, 1987, 1988, 1989, 1990, 1991, 1992, 1993, 1994, 1995, 1996, 1997, 1998, 1999, 2000, 2001, 2002, 2003, 2004, 2005],\n      \"Modeled\": [0.2615, 0.3053, 0.3501, 0.394, 0.4353, 0.4723, 0.5042, 0.5306, 0.5517, 0.5682, 0.5807, 0.59, 0.5969, 0.6019, 0.6055, 0.6081, 0.6099, 0.6113, 0.6122, 0.6129, 0.6134, 0.6137, 0.6139, 0.6141, 0.6142, 0.6143],\n      \"Observed\": [0.2615, 0.5498, 0.7268, 0.5523, 0.8281, 0.547, 0.758, 0.6288, 0.4762, 0.6466, 0.9107, 2.152, 0.6446, 1.6723, 0.4766, 0.8075, 0.3635, 0.3728, 0.6173, 0.3107, 0.256, 0.2984, 0.3362, 0.2878, 0.3221, 0.4308]\n    },\n    \"fast_pred\": {\n      \"Year\": [1980, 1981, 1982, 1983, 1984, 1985, 1986, 1987, 1988, 1989, 1990, 1991, 1992, 1993, 1994, 1995, 1996, 1997, 1998, 1999, 2000, 2001, 2002, 2003, 2004, 2005],\n      \"Modeled\": [10.0694, 13.3896, 15.3575, 16.1859, 16.1713, 15.6339, 14.8555, 14.04, 13.3055, 12.7012, 12.2319, 11.8809, 11.6246, 11.4403, 11.3089, 11.2156, 11.1496, 11.1029, 11.07, 11.0466, 11.0301, 11.0185, 11.0102, 11.0044, 11.0003, 10.9973],\n      \"Observed\": [10.0694, 17.7236, 23.8276, 19.4181, 15.6354, 32.4596, 21.5567, 34.1938, 18.8708, 27.3176, 44.3301, 13.3275, 11.3741, 8.3362, 15.207, 12.443, 11.0666, 10.6442, 2.3628, 2.76, 3.7236, 7.0355, 10.2239, 8.4754, 9.0819, 13.7314]\n    },\n    \"slow_pred\": {\n      \"Year\": [1980, 1981, 1982, 1983, 1984, 1985, 1986, 1987, 1988, 1989, 1990, 1991, 1992, 1993, 1994, 1995, 1996, 1997, 1998, 1999, 2000, 2001, 2002, 2003, 2004, 2005],\n      \"Modeled\": [12.7726, 12.4548, 12.1081, 11.734, 11.3358, 10.918, 10.486, 10.0454, 9.6015, 9.1592, 8.7219, 8.2927, 7.8736, 7.4658, 7.0701, 6.687, 6.3167, 5.959, 5.6138, 5.2808, 4.9597, 4.6501, 4.3518, 4.0643, 3.7872, 3.5202],\n      \"Observed\": [12.7726, 16.4147, 12.7773, 12.2798, 15.1152, 12.8194, 10.4631, 9.7251, 13.2014, 16.4512, 11.1393, 18.0832, 11.5223, 8.51, 9.1622, 5.3353, 8.6044, 7.2781, 2.629, 4.6951, 1.5948, 5.2172, 2.6041, 3.3618, 7.3289, 4.4014]\n    }\n  }\n}\nJSON_REPORT_END",
      "stderr": "Loading required package: TMB\nLoading required package: jsonlite\nhere() starts at /home/spi085/Documents/_Projects/SCCP-QuantModelling\nusing C++ compiler: \u2018g++ (Ubuntu 13.3.0-6ubuntu2~24.04) 13.3.0\u2019\nWarning messages:\n1: In nlminb(model$par, model$fn, model$gr) : NA/NaN function evaluation\n2: In nlminb(model$par, model$fn, model$gr) : NA/NaN function evaluation\n3: In nlminb(model$par, model$fn, model$gr) : NA/NaN function evaluation\n4: In nlminb(model$par, model$fn, model$gr) : NA/NaN function evaluation\n5: In nlminb(model$par, model$fn, model$gr) : NA/NaN function evaluation\n6: In nlminb(model$par, model$fn, model$gr) : NA/NaN function evaluation\n7: In nlminb(model$par, model$fn, model$gr) : NA/NaN function evaluation\nWarning message:\n`aes_string()` was deprecated in ggplot2 3.0.0.\n\u2139 Please use tidy evaluation idioms with `aes()`.\n\u2139 See also `vignette(\"ggplot2-in-packages\")` for more information."
    },
    "7": {
      "status": "SUCCESS",
      "objective_value": 0.7962
    }
  }
}