Parent PNG files: ['POPULATIONS/POPULATION_0002/INDIVIDUAL_OL9FGBFC/cots_pred_comparison.png', 'POPULATIONS/POPULATION_0002/INDIVIDUAL_OL9FGBFC/fast_pred_comparison.png', 'POPULATIONS/POPULATION_0002/INDIVIDUAL_OL9FGBFC/slow_pred_comparison.png']
Warning: Input is not a terminal (fd=11).
Skipping 
POPULATIONS/POPULATION_0002/INDIVIDUAL_3YLK55
UK/model.cpp that matches gitignore spec.
Skipping 
POPULATIONS/POPULATION_0002/INDIVIDUAL_3YLK55
UK/parameters.json that matches gitignore 
spec.
Skipping 
POPULATIONS/POPULATION_0002/INDIVIDUAL_3YLK55
UK/intention.txt that matches gitignore spec.
Creating empty file 
POPULATIONS/POPULATION_0002/INDIVIDUAL_3YLK55
UK/intention.txt
Added 
/home/spi085/Documents/_Projects/SCCP-QuantMo
delling/POPULATIONS/POPULATION_0002/INDIVIDUA
L_OL9FGBFC/cots_pred_comparison.png to 
read-only files.
Added 
/home/spi085/Documents/_Projects/SCCP-QuantMo
delling/POPULATIONS/POPULATION_0002/INDIVIDUA
L_OL9FGBFC/fast_pred_comparison.png to 
read-only files.
Added 
/home/spi085/Documents/_Projects/SCCP-QuantMo
delling/POPULATIONS/POPULATION_0002/INDIVIDUA
L_OL9FGBFC/slow_pred_comparison.png to 
read-only files.
Based on the comparison plots and project    
context, here's my assessment:               

 1 Model Fit Assessment:                     

 â€¢ The model underpredicts the magnitude of  
   COTS outbreaks (fast_pred plot shows      
   significant underestimation of peaks)     
 â€¢ It captures general trends but misses the 
   explosive nature of outbreaks             
 â€¢ The coral predictions (slow_pred and      
   fast_pred) show overly smooth responses   

 2 Key Missing Elements:                     

 â€¢ Allee effects in COTS population dynamics 
   (important for outbreak triggers)         
 â€¢ Density-dependent predation rates         
 â€¢ Non-linear coral recovery responses       

Proposed Improvement: I'll add an Allee      
effect to better capture the outbreak        
dynamics. This creates a population threshold
below which growth is suppressed and above   
which rapid population growth occurs -       
characteristic of COTS outbreaks.            

Here are the necessary changes:              

POPULATIONS/POPULATION_0002/INDIVIDUAL_3YLK55
UK/intention.txt                             

                                             
 <<<<<<< SEARCH                              
 =======                                     
 Model Assessment and Improvements:          
                                             
 1. Current model limitations:               
 - Underpredicts COTS outbreak magnitudes    
 - Misses explosive nature of population     
 growth                                      
 - Oversimplified population growth dynamics 
                                             
 2. Added Allee effect mechanism:            
 - Introduces critical population threshold  
 for outbreak initiation                     
 - Better represents collective reproductive 
 success at higher densities                 
 - Maintains suppression at low densities    
 matching ecological observations            
 - More realistically captures boom-bust     
 dynamics characteristic of COTS             
                                             
 3. Implementation:                          
 - Modified COTS growth equation to include  
 Allee term                                  
 - Added Allee threshold parameter (A_cots)  
 - Maintains temperature and resource        
 dependencies                                
 >>>>>>> REPLACE                             
                                             

POPULATIONS/POPULATION_0002/INDIVIDUAL_3YLK55
UK/parameters.json                           

                                             
 <<<<<<< SEARCH                              
             "parameter": "sigma_slow",      
             "description": "Standard        
 deviation for slow coral observations",     
             "source": "initial estimate",   
             "import_type": "PARAMETER",     
             "priority": 4,                  
             "enhanced_semantic_description" 
 "Variability in slow-growing coral cover    
 measurement uncertainty",                   
             "processed": true               
         }                                   
     ]                                       
 }                                           
 =======                                     
             "parameter": "sigma_slow",      
             "description": "Standard        
 deviation for slow coral observations",     
             "source": "initial estimate",   
             "import_type": "PARAMETER",     
             "priority": 4,                  
             "enhanced_semantic_description" 
 "Variability in slow-growing coral cover    
 measurement uncertainty",                   
             "processed": true               
         },                                  
         {                                   
             "parameter": "A_cots",          
             "value": 0.3,                   
             "description": "Allee effect    
 threshold for COTS (individuals/m^2)",      
             "source": "literature",         
             "import_type": "PARAMETER",     
             "priority": 1,                  
             "enhanced_semantic_description" 
 "Critical density threshold for successful  
 COTS reproduction and outbreak initiation", 
             "citations": [                  
                 "https://www.nature.com/art 
 les/s41598-017-14272-5",                    
                 "https://www.sciencedirect. 
 m/science/article/abs/pii/S0022098199000288 
             ],                              
             "processed": true               
         }                                   
     ]                                       
 }                                           
 >>>>>>> REPLACE                             
                                             

POPULATIONS/POPULATION_0002/INDIVIDUAL_3YLK55
UK/model.cpp                                 

                                             
 <<<<<<< SEARCH                              
   PARAMETER(sigma_slow);             // SD  
 for slow coral observations                 
                                             
   // Initialize negative log-likelihood     
 =======                                     
   PARAMETER(sigma_slow);             // SD  
 for slow coral observations                 
   PARAMETER(A_cots);                 // All 
 effect threshold                            
                                             
   // Initialize negative log-likelihood     
 >>>>>>> REPLACE                             
                                             

                                             
 <<<<<<< SEARCH                              
     // 3. COTS population dynamics          
     cots_pred(t) = cots_pred(t-1) * (1 +    
 r_cots * temp_effect * resource_effect *    
                    (1 -                     
 cots_pred(t-1)/K_cots)) + cotsimm_dat(t-1); 
 =======                                     
     // 3. COTS population dynamics with All 
 effect                                      
     Type allee_effect = (cots_pred(t-1) *   
 cots_pred(t-1)) / (A_cots * A_cots +        
 cots_pred(t-1) * cots_pred(t-1));           
     cots_pred(t) = cots_pred(t-1) * (1 +    
 r_cots * temp_effect * resource_effect *    
 allee_effect *                              
                    (1 -                     
 cots_pred(t-1)/K_cots)) + cotsimm_dat(t-1); 
 >>>>>>> REPLACE                             
                                             

This improvement:                            

 1 Adds an Allee effect term that creates a  
   sigmoidal response in population growth   
 2 Introduces a threshold density (A_cots)   
   below which population growth is          
   suppressed                                
 3 Maintains the temperature and resource    
   dependencies while adding non-linear      
   population dynamics                       
 4 Better captures the explosive nature of   
   COTS outbreaks once critical density is   
   reached                                   

The Allee effect term approaches 0 at low    
densities and 1 at high densities, creating  
the characteristic rapid transition to       
outbreak conditions once the population      
crosses the threshold.                       

Tokens: 8.7k sent, 1.0k received. Cost: $0.04
message, $0.04 session.
Committing 
POPULATIONS/POPULATION_0002/INDIVIDUAL_3YLK55
UK/intention.txt before applying edits.
Committing 
POPULATIONS/POPULATION_0002/INDIVIDUAL_3YLK55
UK/parameters.json before applying edits.
Committing 
POPULATIONS/POPULATION_0002/INDIVIDUAL_3YLK55
UK/model.cpp before applying edits.
Unable to add 
/home/spi085/Documents/_Projects/SCCP-QuantMo
delling/POPULATIONS/POPULATION_0002/INDIVIDUA
L_3YLK55UK/parameters.json: Cmd('git') failed
due to: exit code(1)
  cmdline: git add 
/home/spi085/Documents/_Projects/SCCP-QuantMo
delling/POPULATIONS/POPULATION_0002/INDIVIDUA
L_3YLK55UK/parameters.json
  stderr: 'The following paths are ignored by
one of your .gitignore files:
POPULATIONS
hint: Use -f if you really want to add them.
hint: Turn this message off by running
hint: "git config advice.addIgnoredFile 
false"'
Unable to add 
/home/spi085/Documents/_Projects/SCCP-QuantMo
delling/POPULATIONS/POPULATION_0002/INDIVIDUA
L_3YLK55UK/intention.txt: Cmd('git') failed 
due to: exit code(1)
  cmdline: git add 
/home/spi085/Documents/_Projects/SCCP-QuantMo
delling/POPULATIONS/POPULATION_0002/INDIVIDUA
L_3YLK55UK/intention.txt
  stderr: 'The following paths are ignored by
one of your .gitignore files:
POPULATIONS
hint: Use -f if you really want to add them.
hint: Turn this message off by running
hint: "git config advice.addIgnoredFile 
false"'
Unable to add 
/home/spi085/Documents/_Projects/SCCP-QuantMo
delling/POPULATIONS/POPULATION_0002/INDIVIDUA
L_3YLK55UK/model.cpp: Cmd('git') failed due 
to: exit code(1)
  cmdline: git add 
/home/spi085/Documents/_Projects/SCCP-QuantMo
delling/POPULATIONS/POPULATION_0002/INDIVIDUA
L_3YLK55UK/model.cpp
  stderr: 'The following paths are ignored by
one of your .gitignore files:
POPULATIONS
hint: Use -f if you really want to add them.
hint: Turn this message off by running
hint: "git config advice.addIgnoredFile 
false"'
Unable to commit: Cmd('git') failed due to: 
exit code(1)
  cmdline: git commit -m feat: Add new 
individual configuration and model files for 
population 0002 --no-verify -- 
/home/spi085/Documents/_Projects/SCCP-QuantMo
delling/POPULATIONS/POPULATION_0002/INDIVIDUA
L_3YLK55UK/parameters.json 
/home/spi085/Documents/_Projects/SCCP-QuantMo
delling/POPULATIONS/POPULATION_0002/INDIVIDUA
L_3YLK55UK/intention.txt 
/home/spi085/Documents/_Projects/SCCP-QuantMo
delling/POPULATIONS/POPULATION_0002/INDIVIDUA
L_3YLK55UK/model.cpp
  stderr: 'error: pathspec 
'/home/spi085/Documents/_Projects/SCCP-QuantM
odelling/POPULATIONS/POPULATION_0002/INDIVIDU
AL_3YLK55UK/parameters.json' did not match 
any file(s) known to git
error: pathspec 
'/home/spi085/Documents/_Projects/SCCP-QuantM
odelling/POPULATIONS/POPULATION_0002/INDIVIDU
AL_3YLK55UK/intention.txt' did not match any 
file(s) known to git
error: pathspec 
'/home/spi085/Documents/_Projects/SCCP-QuantM
odelling/POPULATIONS/POPULATION_0002/INDIVIDU
AL_3YLK55UK/model.cpp' did not match any 
file(s) known to git'
The LLM did not conform to the edit format.
https://aider.chat/docs/troubleshooting/edit-
errors.html

# 1 SEARCH/REPLACE block failed to match!

## SearchReplaceNoExactMatch: This SEARCH 
block failed to exactly match lines in 
POPULATIONS/POPULATION_0002/INDIVIDUAL_3YLK55
UK/parameters.json
<<<<<<< SEARCH
            "parameter": "sigma_slow",
            "description": "Standard 
deviation for slow coral observations",
            "source": "initial estimate",
            "import_type": "PARAMETER",
            "priority": 4,
            "enhanced_semantic_description": 
"Variability in slow-growing coral cover 
measurement uncertainty",
            "processed": true
        }
    ]
}
=======
            "parameter": "sigma_slow",
            "description": "Standard 
deviation for slow coral observations",
            "source": "initial estimate",
            "import_type": "PARAMETER",
            "priority": 4,
            "enhanced_semantic_description": 
"Variability in slow-growing coral cover 
measurement uncertainty",
            "processed": true
        },
        {
            "parameter": "A_cots",
            "value": 0.3,
            "description": "Allee effect 
threshold for COTS (individuals/m^2)",
            "source": "literature",
            "import_type": "PARAMETER",
            "priority": 1,
            "enhanced_semantic_description": 
"Critical density threshold for successful 
COTS reproduction and outbreak initiation",
            "citations": [
                "https://www.nature.com/artic
les/s41598-017-14272-5",
                "https://www.sciencedirect.co
m/science/article/abs/pii/S0022098199000288"
            ],
            "processed": true
        }
    ]
}
>>>>>>> REPLACE

Did you mean to match some of these actual 
lines from 
POPULATIONS/POPULATION_0002/INDIVIDUAL_3YLK55
UK/parameters.json?

```
            "priority": 4,
            "enhanced_semantic_description": 
"Variability in fast-growing coral cover 
measurement precision",
            "processed": true
        },
        {
            "parameter": "sigma_slow",
            "value": 0.2,
            "description": "Standard 
deviation for slow coral observations",
            "source": "initial estimate",
            "import_type": "PARAMETER",
            "priority": 4,
            "enhanced_semantic_description": 
"Variability in slow-growing coral cover 
measurement uncertainty",
            "processed": true
        }
    ]
}
```

The SEARCH section must exactly match an 
existing block of lines including all white 
space, comments, indentation, docstrings, etc

# The other 3 SEARCH/REPLACE blocks were 
applied successfully.
Don't re-send them.
Just reply with fixed versions of the block 
above that failed to match.

Let me fix that SEARCH/REPLACE block with the
exact content match:                         

POPULATIONS/POPULATION_0002/INDIVIDUAL_3YLK55
UK/parameters.json                           

                                             
 <<<<<<< SEARCH                              
             "parameter": "sigma_slow",      
             "value": 0.2,                   
             "description": "Standard        
 deviation for slow coral observations",     
             "source": "initial estimate",   
             "import_type": "PARAMETER",     
             "priority": 4,                  
             "enhanced_semantic_description" 
 "Variability in slow-growing coral cover    
 measurement uncertainty",                   
             "processed": true               
         }                                   
     ]                                       
 }                                           
 =======                                     
             "parameter": "sigma_slow",      
             "value": 0.2,                   
             "description": "Standard        
 deviation for slow coral observations",     
             "source": "initial estimate",   
             "import_type": "PARAMETER",     
             "priority": 4,                  
             "enhanced_semantic_description" 
 "Variability in slow-growing coral cover    
 measurement uncertainty",                   
             "processed": true               
         },                                  
         {                                   
             "parameter": "A_cots",          
             "value": 0.3,                   
             "description": "Allee effect    
 threshold for COTS (individuals/m^2)",      
             "source": "literature",         
             "import_type": "PARAMETER",     
             "priority": 1,                  
             "enhanced_semantic_description" 
 "Critical density threshold for successful  
 COTS reproduction and outbreak initiation", 
             "citations": [                  
                 "https://www.nature.com/art 
 les/s41598-017-14272-5",                    
                 "https://www.sciencedirect. 
 m/science/article/abs/pii/S0022098199000288 
             ],                              
             "processed": true               
         }                                   
     ]                                       
 }                                           
 >>>>>>> REPLACE                             
                                             

Tokens: 10k sent, 361 received. Cost: $0.04 
message, $0.08 session.
Committing 
POPULATIONS/POPULATION_0002/INDIVIDUAL_3YLK55
UK/parameters.json before applying edits.
Unable to add 
/home/spi085/Documents/_Projects/SCCP-QuantMo
delling/POPULATIONS/POPULATION_0002/INDIVIDUA
L_3YLK55UK/parameters.json: Cmd('git') failed
due to: exit code(1)
  cmdline: git add 
/home/spi085/Documents/_Projects/SCCP-QuantMo
delling/POPULATIONS/POPULATION_0002/INDIVIDUA
L_3YLK55UK/parameters.json
  stderr: 'The following paths are ignored by
one of your .gitignore files:
POPULATIONS
hint: Use -f if you really want to add them.
hint: Turn this message off by running
hint: "git config advice.addIgnoredFile 
false"'
Unable to commit: Cmd('git') failed due to: 
exit code(1)
  cmdline: git commit -m feat: Add parameters
file for new individual in population 
--no-verify -- 
/home/spi085/Documents/_Projects/SCCP-QuantMo
delling/POPULATIONS/POPULATION_0002/INDIVIDUA
L_3YLK55UK/parameters.json
  stderr: 'error: pathspec 
'/home/spi085/Documents/_Projects/SCCP-QuantM
odelling/POPULATIONS/POPULATION_0002/INDIVIDU
AL_3YLK55UK/parameters.json' did not match 
any file(s) known to git'
Applied edit to 
POPULATIONS/POPULATION_0002/INDIVIDUAL_3YLK55
UK/parameters.json
Improved existing model in individual: POPULATIONS/POPULATION_0002/INDIVIDUAL_3YLK55UK
Validating model for data leakage...
Opening file: POPULATIONS/POPULATION_0002/INDIVIDUAL_3YLK55UK/model.cpp
File read successfully
TMB convention check: {'uses_tmb_header': True, 'uses_data_macros': True, 'uses_vector_type': True, 'uses_standard_report': True, 'uses_objective_function': True, 'uses_std_vector': False, 'uses_string_report': False}
Extracting vectors...
Found data vectors: {'cots_dat', 'sst_dat', 'fast_dat', 'slow_dat', 'Year', 'cotsimm_dat'}
Found prediction vectors: {'cots_pred', 'slow_pred', 'fast_pred'}
Found reported vectors: {'cots_pred', 'slow_pred', 'fast_pred'}
Finding initial conditions...
Found 3 initial conditions
Finding time-stepping loop...
Found loop from line 45 to 74
Found response variables from Data/timeseries_data_COTS_response.csv: {'slow_dat', 'cots_dat', 'fast_dat'}
[93mRunning model for individual...[0m
[0mIndividual directory: POPULATIONS/POPULATION_0002/INDIVIDUAL_3YLK55UK[0m
[93mR script stdout:[0m
[0mg++ -std=gnu++17 -I"/usr/share/R/include" -DNDEBUG -I"/home/spi085/R/x86_64-pc-linux-gnu-library/4.4/TMB/include" -I"/home/spi085/R/x86_64-pc-linux-gnu-library/4.4/RcppEigen/include"   -DTMB_EIGEN_DISABLE_WARNINGS   -DTMB_LIB_INIT=R_init_model  -DCPPAD_FRAMEWORK      -fpic  -O2  -c POPULATIONS/POPULATION_0002/INDIVIDUAL_3YLK55UK/model.cpp -o POPULATIONS/POPULATION_0002/INDIVIDUAL_3YLK55UK/model.o
g++ -std=gnu++17 -shared -L/usr/lib/R/lib -Wl,-Bsymbolic-functions -flto=auto -ffat-lto-objects -Wl,-z,relro -o POPULATIONS/POPULATION_0002/INDIVIDUAL_3YLK55UK/model.so POPULATIONS/POPULATION_0002/INDIVIDUAL_3YLK55UK/model.o -L/usr/lib/R/lib -lR
Starting model phases
Number of phases: 4 
Phase 1 
Initial parameter values for phase 1 :
    r_cots alpha_fast alpha_slow     A_cots 
        NA         NA         NA         NA 
Error in model phases: NA/NaN gradient evaluation[0m
[93mR script stderr:[0m
[0mLoading required package: TMB
Loading required package: jsonlite
here() starts at /home/spi085/Documents/_Projects/SCCP-QuantModelling
using C++ compiler: â€˜g++ (Ubuntu 13.3.0-6ubuntu2~24.04) 13.3.0â€™
Error in value[[3L]](cond) : 
  Error in model phases: NA/NaN gradient evaluation
Calls: tryCatch -> tryCatchList -> tryCatchOne -> <Anonymous>
In addition: Warning message:
In nlminb(model$par, model$fn, model$gr) : NA/NaN function evaluation
Execution halted[0m
[91mR script failed with return code 1[0m
MODEL RUN FINISHED
Error: Objective value is None
Initial run failed. Attempting to fix...
Fixing broken model iteration: 0
The error suggests issues with parameter     
initialization and gradient evaluation. Let  
me fix the model implementation to ensure    
proper initialization and prevent NA/NaN     
values:                                      

POPULATIONS/POPULATION_0002/INDIVIDUAL_3YLK55
UK/model.cpp                                 

                                             
 <<<<<<< SEARCH                              
     // 3. COTS population dynamics with All 
 effect                                      
     Type allee_effect = (cots_pred(t-1) *   
 cots_pred(t-1)) / (A_cots * A_cots +        
 cots_pred(t-1) * cots_pred(t-1));           
     cots_pred(t) = cots_pred(t-1) * (1 +    
 r_cots * temp_effect * resource_effect *    
 allee_effect *                              
                    (1 -                     
 cots_pred(t-1)/K_cots)) + cotsimm_dat(t-1); 
 =======                                     
     // 3. COTS population dynamics with All 
 effect                                      
     Type allee_effect = (cots_pred(t-1) +   
 eps) / (A_cots + cots_pred(t-1) + eps);     
     cots_pred(t) = cots_pred(t-1) * (1 +    
 r_cots * temp_effect * resource_effect *    
 allee_effect *                              
                    (1 -                     
 cots_pred(t-1)/K_cots)) + cotsimm_dat(t-1); 
 >>>>>>> REPLACE                             
                                             

I simplified the Allee effect formula to a   
more numerically stable form while           
maintaining the same qualitative behavior:   

 â€¢ Removed squared terms that could lead to  
   overflow                                  
 â€¢ Added eps terms to prevent division by    
   zero                                      
 â€¢ Maintains suppression at low densities and
   saturation at high densities              
 â€¢ Less prone to numerical instabilities     
   during optimization                       

The new form is mathematically equivalent in 
terms of the key ecological properties we    
want to capture (density-dependent growth    
with threshold effects) but should be more   
stable during parameter estimation.          

Tokens: 12k sent, 383 received. Cost: $0.04 
message, $0.12 session.
Committing 
POPULATIONS/POPULATION_0002/INDIVIDUAL_3YLK55
UK/model.cpp before applying edits.
Unable to add 
/home/spi085/Documents/_Projects/SCCP-QuantMo
delling/POPULATIONS/POPULATION_0002/INDIVIDUA
L_3YLK55UK/model.cpp: Cmd('git') failed due 
to: exit code(1)
  cmdline: git add 
/home/spi085/Documents/_Projects/SCCP-QuantMo
delling/POPULATIONS/POPULATION_0002/INDIVIDUA
L_3YLK55UK/model.cpp
  stderr: 'The following paths are ignored by
one of your .gitignore files:
POPULATIONS
hint: Use -f if you really want to add them.
hint: Turn this message off by running
hint: "git config advice.addIgnoredFile 
false"'
Unable to commit: Cmd('git') failed due to: 
exit code(1)
  cmdline: git commit -m feat: Add model.cpp 
for INDIVIDUAL_3YLK55UK in POPULATION_0002 
--no-verify -- 
/home/spi085/Documents/_Projects/SCCP-QuantMo
delling/POPULATIONS/POPULATION_0002/INDIVIDUA
L_3YLK55UK/model.cpp
  stderr: 'error: pathspec 
'/home/spi085/Documents/_Projects/SCCP-QuantM
odelling/POPULATIONS/POPULATION_0002/INDIVIDU
AL_3YLK55UK/model.cpp' did not match any 
file(s) known to git'
Applied edit to 
POPULATIONS/POPULATION_0002/INDIVIDUAL_3YLK55
UK/model.cpp
Validating fixed model for data leakage...
Opening file: POPULATIONS/POPULATION_0002/INDIVIDUAL_3YLK55UK/model.cpp
File read successfully
TMB convention check: {'uses_tmb_header': True, 'uses_data_macros': True, 'uses_vector_type': True, 'uses_standard_report': True, 'uses_objective_function': True, 'uses_std_vector': False, 'uses_string_report': False}
Extracting vectors...
Found data vectors: {'cots_dat', 'sst_dat', 'fast_dat', 'slow_dat', 'Year', 'cotsimm_dat'}
Found prediction vectors: {'cots_pred', 'slow_pred', 'fast_pred'}
Found reported vectors: {'cots_pred', 'slow_pred', 'fast_pred'}
Finding initial conditions...
Found 3 initial conditions
Finding time-stepping loop...
Found loop from line 45 to 74
Found response variables from Data/timeseries_data_COTS_response.csv: {'slow_dat', 'cots_dat', 'fast_dat'}
[93mRunning model for individual...[0m
[0mIndividual directory: POPULATIONS/POPULATION_0002/INDIVIDUAL_3YLK55UK[0m
[93mRemoved old compilation: model.o[0m
[93mR script stdout:[0m
[0mg++ -std=gnu++17 -I"/usr/share/R/include" -DNDEBUG -I"/home/spi085/R/x86_64-pc-linux-gnu-library/4.4/TMB/include" -I"/home/spi085/R/x86_64-pc-linux-gnu-library/4.4/RcppEigen/include"   -DTMB_EIGEN_DISABLE_WARNINGS   -DTMB_LIB_INIT=R_init_model  -DCPPAD_FRAMEWORK      -fpic  -O2  -c POPULATIONS/POPULATION_0002/INDIVIDUAL_3YLK55UK/model.cpp -o POPULATIONS/POPULATION_0002/INDIVIDUAL_3YLK55UK/model.o
g++ -std=gnu++17 -shared -L/usr/lib/R/lib -Wl,-Bsymbolic-functions -flto=auto -ffat-lto-objects -Wl,-z,relro -o POPULATIONS/POPULATION_0002/INDIVIDUAL_3YLK55UK/model.so POPULATIONS/POPULATION_0002/INDIVIDUAL_3YLK55UK/model.o -L/usr/lib/R/lib -lR
Starting model phases
Number of phases: 4 
Phase 1 
Initial parameter values for phase 1 :
    r_cots alpha_fast alpha_slow     A_cots 
        NA         NA         NA         NA 
Error in model phases: NA/NaN gradient evaluation[0m
[93mR script stderr:[0m
[0mLoading required package: TMB
Loading required package: jsonlite
here() starts at /home/spi085/Documents/_Projects/SCCP-QuantModelling
using C++ compiler: â€˜g++ (Ubuntu 13.3.0-6ubuntu2~24.04) 13.3.0â€™
Error in value[[3L]](cond) : 
  Error in model phases: NA/NaN gradient evaluation
Calls: tryCatch -> tryCatchList -> tryCatchOne -> <Anonymous>
In addition: Warning message:
In nlminb(model$par, model$fn, model$gr) : NA/NaN function evaluation
Execution halted[0m
[91mR script failed with return code 1[0m
Fixing broken model iteration: 1
Let me modify the model to improve numerical 
stability. I'll make several changes:        

 1 Add bounds checking for predictions       
 2 Modify the Allee effect implementation    
 3 Adjust the observation model              

POPULATIONS/POPULATION_0002/INDIVIDUAL_3YLK55
UK/model.cpp                                 

                                             
 <<<<<<< SEARCH                              
     // 3. COTS population dynamics with All 
 effect                                      
     Type allee_effect = (cots_pred(t-1) +   
 eps) / (A_cots + cots_pred(t-1) + eps);     
     cots_pred(t) = cots_pred(t-1) * (1 +    
 r_cots * temp_effect * resource_effect *    
 allee_effect *                              
                    (1 -                     
 cots_pred(t-1)/K_cots)) + cotsimm_dat(t-1); 
                                             
     // 4. Coral predation rates (Type II    
 functional response)                        
 =======                                     
     // 3. COTS population dynamics with All 
 effect                                      
     Type allee_effect = pow(cots_pred(t-1), 
 2.0) / (pow(A_cots, 2.0) +                  
 pow(cots_pred(t-1), 2.0));                  
                                             
     // Calculate growth increment           
     Type growth = r_cots * temp_effect *    
 resource_effect * allee_effect * (1 -       
 cots_pred(t-1)/K_cots);                     
                                             
     // Bound growth to prevent extreme valu 
     growth = CppAD::CondExpGe(growth,       
 Type(-0.99), growth, Type(-0.99));          
     growth = CppAD::CondExpLe(growth,       
 Type(2.0), growth, Type(2.0));              
                                             
     cots_pred(t) = cots_pred(t-1) * (1 +    
 growth) + cotsimm_dat(t-1);                 
                                             
     // Ensure prediction stays within       
 reasonable bounds                           
     cots_pred(t) =                          
 CppAD::CondExpLe(cots_pred(t), Type(10.0),  
 cots_pred(t), Type(10.0));                  
                                             
     // 4. Coral predation rates (Type II    
 functional response)                        
 >>>>>>> REPLACE                             
                                             

                                             
 <<<<<<< SEARCH                              
     // 6. Ensure predictions stay positive  
     cots_pred(t) = exp(log(cots_pred(t) +   
 eps));                                      
     fast_pred(t) = exp(log(fast_pred(t) +   
 eps));                                      
     slow_pred(t) = exp(log(slow_pred(t) +   
 eps));                                      
   }                                         
                                             
   // Observation model using log-normal     
 distribution                                
 =======                                     
     // 6. Ensure predictions stay within    
 bounds                                      
     fast_pred(t) =                          
 CppAD::CondExpGe(fast_pred(t), eps,         
 fast_pred(t), eps);                         
     fast_pred(t) =                          
 CppAD::CondExpLe(fast_pred(t), Type(100.0), 
 fast_pred(t), Type(100.0));                 
                                             
     slow_pred(t) =                          
 CppAD::CondExpGe(slow_pred(t), eps,         
 slow_pred(t), eps);                         
     slow_pred(t) =                          
 CppAD::CondExpLe(slow_pred(t), Type(100.0), 
 slow_pred(t), Type(100.0));                 
   }                                         
                                             
   // Observation model using normal         
 distribution on log scale with bounds       
 checking                                    
 >>>>>>> REPLACE                             
                                             

                                             
 <<<<<<< SEARCH                              
   // Add small constant to prevent taking l 
 of zero                                     
     nll -= dnorm(log(cots_dat(t) + eps),    
 log(cots_pred(t) + eps), sigma_cots, true); 
     nll -= dnorm(log(fast_dat(t) + eps),    
 log(fast_pred(t) + eps), sigma_fast, true); 
     nll -= dnorm(log(slow_dat(t) + eps),    
 log(slow_pred(t) + eps), sigma_slow, true); 
 =======                                     
     // Bound predictions for stability      
     Type log_cots_pred =                    
 CppAD::CondExpGe(cots_pred(t), eps,         
 log(cots_pred(t)), log(eps));               
     Type log_fast_pred =                    
 CppAD::CondExpGe(fast_pred(t), eps,         
 log(fast_pred(t)), log(eps));               
     Type log_slow_pred =                    
 CppAD::CondExpGe(slow_pred(t), eps,         
 log(slow_pred(t)), log(eps));               
                                             
     // Calculate likelihood using bounded   
 predictions                                 
     nll -= dnorm(log(cots_dat(t) + eps),    
 log_cots_pred, sigma_cots, true);           
     nll -= dnorm(log(fast_dat(t) + eps),    
 log_fast_pred, sigma_fast, true);           
     nll -= dnorm(log(slow_dat(t) + eps),    
 log_slow_pred, sigma_slow, true);           
 >>>>>>> REPLACE                             
                                             

These changes:                               

 1 Use CppAD::CondExpGe/Le for proper bounds 
   checking                                  
 2 Separate growth calculation with bounded  
   values                                    
 3 Implement a more stable Allee effect      
   formula                                   
 4 Improve numerical stability in the        
   observation model                         
 5 Add explicit bounds for coral cover       
   (0-100%)                                  
 6 Better handling of log transformations    

The changes should prevent NA/NaN values     
while maintaining the ecological meaning of  
the model.                                   

Tokens: 12k sent, 1.1k received. Cost: $0.05 
message, $0.17 session.
Committing 
POPULATIONS/POPULATION_0002/INDIVIDUAL_3YLK55
UK/model.cpp before applying edits.
Unable to add 
/home/spi085/Documents/_Projects/SCCP-QuantMo
delling/POPULATIONS/POPULATION_0002/INDIVIDUA
L_3YLK55UK/model.cpp: Cmd('git') failed due 
to: exit code(1)
  cmdline: git add 
/home/spi085/Documents/_Projects/SCCP-QuantMo
delling/POPULATIONS/POPULATION_0002/INDIVIDUA
L_3YLK55UK/model.cpp
  stderr: 'The following paths are ignored by
one of your .gitignore files:
POPULATIONS
hint: Use -f if you really want to add them.
hint: Turn this message off by running
hint: "git config advice.addIgnoredFile 
false"'
Unable to commit: Cmd('git') failed due to: 
exit code(1)
  cmdline: git commit -m feat: Add model.cpp 
for INDIVIDUAL_3YLK55UK in POPULATION_0002 
--no-verify -- 
/home/spi085/Documents/_Projects/SCCP-QuantMo
delling/POPULATIONS/POPULATION_0002/INDIVIDUA
L_3YLK55UK/model.cpp
  stderr: 'error: pathspec 
'/home/spi085/Documents/_Projects/SCCP-QuantM
odelling/POPULATIONS/POPULATION_0002/INDIVIDU
AL_3YLK55UK/model.cpp' did not match any 
file(s) known to git'
The LLM did not conform to the edit format.
https://aider.chat/docs/troubleshooting/edit-
errors.html

# 1 SEARCH/REPLACE block failed to match!

## SearchReplaceNoExactMatch: This SEARCH 
block failed to exactly match lines in 
POPULATIONS/POPULATION_0002/INDIVIDUAL_3YLK55
UK/model.cpp
<<<<<<< SEARCH
  // Add small constant to prevent taking log
of zero
    nll -= dnorm(log(cots_dat(t) + eps), 
log(cots_pred(t) + eps), sigma_cots, true);
    nll -= dnorm(log(fast_dat(t) + eps), 
log(fast_pred(t) + eps), sigma_fast, true);
    nll -= dnorm(log(slow_dat(t) + eps), 
log(slow_pred(t) + eps), sigma_slow, true);
=======
    // Bound predictions for stability
    Type log_cots_pred = 
CppAD::CondExpGe(cots_pred(t), eps, 
log(cots_pred(t)), log(eps));
    Type log_fast_pred = 
CppAD::CondExpGe(fast_pred(t), eps, 
log(fast_pred(t)), log(eps));
    Type log_slow_pred = 
CppAD::CondExpGe(slow_pred(t), eps, 
log(slow_pred(t)), log(eps));
    
    // Calculate likelihood using bounded 
predictions
    nll -= dnorm(log(cots_dat(t) + eps), 
log_cots_pred, sigma_cots, true);
    nll -= dnorm(log(fast_dat(t) + eps), 
log_fast_pred, sigma_fast, true);
    nll -= dnorm(log(slow_dat(t) + eps), 
log_slow_pred, sigma_slow, true);
>>>>>>> REPLACE

Did you mean to match some of these actual 
lines from 
POPULATIONS/POPULATION_0002/INDIVIDUAL_3YLK55
UK/model.cpp?

```
    slow_pred(t) = 
CppAD::CondExpLe(slow_pred(t), Type(100.0), 
slow_pred(t), Type(100.0));
  }

  // Observation model using normal 
distribution on log scale with bounds 
checking
  for(int t = 0; t < Year.size(); t++) {
    // Add small constant to prevent taking 
log of zero
    nll -= dnorm(log(cots_dat(t) + eps), 
log(cots_pred(t) + eps), sigma_cots, true);
    nll -= dnorm(log(fast_dat(t) + eps), 
log(fast_pred(t) + eps), sigma_fast, true);
    nll -= dnorm(log(slow_dat(t) + eps), 
log(slow_pred(t) + eps), sigma_slow, true);
  }

  // Report predictions
  REPORT(cots_pred);
  REPORT(fast_pred);
```

The SEARCH section must exactly match an 
existing block of lines including all white 
space, comments, indentation, docstrings, etc

# The other 2 SEARCH/REPLACE blocks were 
applied successfully.
Don't re-send them.
Just reply with fixed versions of the block 
above that failed to match.

Let me fix that SEARCH/REPLACE block with the
exact content match:                         

POPULATIONS/POPULATION_0002/INDIVIDUAL_3YLK55
UK/model.cpp                                 

                                             
 <<<<<<< SEARCH                              
     // Add small constant to prevent taking 
 log of zero                                 
     nll -= dnorm(log(cots_dat(t) + eps),    
 log(cots_pred(t) + eps), sigma_cots, true); 
     nll -= dnorm(log(fast_dat(t) + eps),    
 log(fast_pred(t) + eps), sigma_fast, true); 
     nll -= dnorm(log(slow_dat(t) + eps),    
 log(slow_pred(t) + eps), sigma_slow, true); 
 =======                                     
     // Bound predictions for stability      
     Type log_cots_pred =                    
 CppAD::CondExpGe(cots_pred(t), eps,         
 log(cots_pred(t)), log(eps));               
     Type log_fast_pred =                    
 CppAD::CondExpGe(fast_pred(t), eps,         
 log(fast_pred(t)), log(eps));               
     Type log_slow_pred =                    
 CppAD::CondExpGe(slow_pred(t), eps,         
 log(slow_pred(t)), log(eps));               
                                             
     // Calculate likelihood using bounded   
 predictions                                 
     nll -= dnorm(log(cots_dat(t) + eps),    
 log_cots_pred, sigma_cots, true);           
     nll -= dnorm(log(fast_dat(t) + eps),    
 log_fast_pred, sigma_fast, true);           
     nll -= dnorm(log(slow_dat(t) + eps),    
 log_slow_pred, sigma_slow, true);           
 >>>>>>> REPLACE                             
                                             

Tokens: 14k sent, 330 received. Cost: $0.05 
message, $0.22 session.
Committing 
POPULATIONS/POPULATION_0002/INDIVIDUAL_3YLK55
UK/model.cpp before applying edits.
Unable to add 
/home/spi085/Documents/_Projects/SCCP-QuantMo
delling/POPULATIONS/POPULATION_0002/INDIVIDUA
L_3YLK55UK/model.cpp: Cmd('git') failed due 
to: exit code(1)
  cmdline: git add 
/home/spi085/Documents/_Projects/SCCP-QuantMo
delling/POPULATIONS/POPULATION_0002/INDIVIDUA
L_3YLK55UK/model.cpp
  stderr: 'The following paths are ignored by
one of your .gitignore files:
POPULATIONS
hint: Use -f if you really want to add them.
hint: Turn this message off by running
hint: "git config advice.addIgnoredFile 
false"'
Unable to commit: Cmd('git') failed due to: 
exit code(1)
  cmdline: git commit -m feat: Add model.cpp 
for INDIVIDUAL_3YLK55UK in POPULATION_0002 
--no-verify -- 
/home/spi085/Documents/_Projects/SCCP-QuantMo
delling/POPULATIONS/POPULATION_0002/INDIVIDUA
L_3YLK55UK/model.cpp
  stderr: 'error: pathspec 
'/home/spi085/Documents/_Projects/SCCP-QuantM
odelling/POPULATIONS/POPULATION_0002/INDIVIDU
AL_3YLK55UK/model.cpp' did not match any 
file(s) known to git'
Applied edit to 
POPULATIONS/POPULATION_0002/INDIVIDUAL_3YLK55
UK/model.cpp
Validating fixed model for data leakage...
Opening file: POPULATIONS/POPULATION_0002/INDIVIDUAL_3YLK55UK/model.cpp
File read successfully
TMB convention check: {'uses_tmb_header': True, 'uses_data_macros': True, 'uses_vector_type': True, 'uses_standard_report': True, 'uses_objective_function': True, 'uses_std_vector': False, 'uses_string_report': False}
Extracting vectors...
Found data vectors: {'cots_dat', 'sst_dat', 'fast_dat', 'slow_dat', 'Year', 'cotsimm_dat'}
Found prediction vectors: {'cots_pred', 'slow_pred', 'fast_pred'}
Found reported vectors: {'cots_pred', 'slow_pred', 'fast_pred'}
Finding initial conditions...
Found 3 initial conditions
Finding time-stepping loop...
Found loop from line 45 to 86
Found response variables from Data/timeseries_data_COTS_response.csv: {'slow_dat', 'cots_dat', 'fast_dat'}
[93mRunning model for individual...[0m
[0mIndividual directory: POPULATIONS/POPULATION_0002/INDIVIDUAL_3YLK55UK[0m
[93mRemoved old compilation: model.o[0m
[93mR script stdout:[0m
[0mg++ -std=gnu++17 -I"/usr/share/R/include" -DNDEBUG -I"/home/spi085/R/x86_64-pc-linux-gnu-library/4.4/TMB/include" -I"/home/spi085/R/x86_64-pc-linux-gnu-library/4.4/RcppEigen/include"   -DTMB_EIGEN_DISABLE_WARNINGS   -DTMB_LIB_INIT=R_init_model  -DCPPAD_FRAMEWORK      -fpic  -O2  -c POPULATIONS/POPULATION_0002/INDIVIDUAL_3YLK55UK/model.cpp -o POPULATIONS/POPULATION_0002/INDIVIDUAL_3YLK55UK/model.o
g++ -std=gnu++17 -shared -L/usr/lib/R/lib -Wl,-Bsymbolic-functions -flto=auto -ffat-lto-objects -Wl,-z,relro -o POPULATIONS/POPULATION_0002/INDIVIDUAL_3YLK55UK/model.so POPULATIONS/POPULATION_0002/INDIVIDUAL_3YLK55UK/model.o -L/usr/lib/R/lib -lR
Starting model phases
Number of phases: 4 
Phase 1 
Initial parameter values for phase 1 :
    r_cots alpha_fast alpha_slow     A_cots 
        NA         NA         NA         NA 
Error in model phases: NA/NaN gradient evaluation[0m
[93mR script stderr:[0m
[0mLoading required package: TMB
Loading required package: jsonlite
here() starts at /home/spi085/Documents/_Projects/SCCP-QuantModelling
using C++ compiler: â€˜g++ (Ubuntu 13.3.0-6ubuntu2~24.04) 13.3.0â€™
Error in value[[3L]](cond) : 
  Error in model phases: NA/NaN gradient evaluation
Calls: tryCatch -> tryCatchList -> tryCatchOne -> <Anonymous>
In addition: Warning message:
In nlminb(model$par, model$fn, model$gr) : NA/NaN function evaluation
Execution halted[0m
[91mR script failed with return code 1[0m
Fixing broken model iteration: 2
Let me modify the model to improve numerical 
stability by adjusting the Allee effect      
implementation and growth bounds. Here are   
the changes:                                 

POPULATIONS/POPULATION_0002/INDIVIDUAL_3YLK55
UK/model.cpp                                 

                                             
 <<<<<<< SEARCH                              
     // 3. COTS population dynamics with All 
 effect                                      
     Type allee_effect = pow(cots_pred(t-1), 
 2.0) / (pow(A_cots, 2.0) +                  
 pow(cots_pred(t-1), 2.0));                  
                                             
     // Calculate growth increment           
     Type growth = r_cots * temp_effect *    
 resource_effect * allee_effect * (1 -       
 cots_pred(t-1)/K_cots);                     
                                             
     // Bound growth to prevent extreme valu 
     growth = CppAD::CondExpGe(growth,       
 Type(-0.99), growth, Type(-0.99));          
     growth = CppAD::CondExpLe(growth,       
 Type(2.0), growth, Type(2.0));              
                                             
     cots_pred(t) = cots_pred(t-1) * (1 +    
 growth) + cotsimm_dat(t-1);                 
                                             
     // Ensure prediction stays within       
 reasonable bounds                           
     cots_pred(t) =                          
 CppAD::CondExpLe(cots_pred(t), Type(10.0),  
 cots_pred(t), Type(10.0));                  
 =======                                     
     // 3. COTS population dynamics with All 
 effect                                      
     Type density_ratio = cots_pred(t-1) /   
 A_cots;                                     
     Type allee_effect = density_ratio /     
 (Type(1.0) + density_ratio);                
                                             
     // Calculate growth increment with      
 bounded terms                               
     Type carrying_capacity_effect =         
 CppAD::CondExpGe(Type(1.0) -                
 cots_pred(t-1)/K_cots,                      
                                             
        Type(-1.0),                          
                                             
        Type(1.0) - cots_pred(t-1)/K_cots,   
                                             
        Type(-1.0));                         
                                             
     Type growth = r_cots * temp_effect *    
 resource_effect * allee_effect *            
 carrying_capacity_effect;                   
                                             
     // Apply bounded exponential growth     
     cots_pred(t) = cots_pred(t-1) *         
 exp(growth) + cotsimm_dat(t-1);             
                                             
     // Ensure prediction stays within       
 reasonable bounds                           
     cots_pred(t) =                          
 CppAD::CondExpGe(cots_pred(t), eps,         
 cots_pred(t), eps);                         
     cots_pred(t) =                          
 CppAD::CondExpLe(cots_pred(t), Type(10.0),  
 cots_pred(t), Type(10.0));                  
 >>>>>>> REPLACE                             
                                             

The key changes:                             

 1 Simplified Allee effect formula to avoid  
   squared terms                             
 2 Used ratio form for density dependence    
 3 Added explicit bounds on carrying capacity
   effect                                    
 4 Changed to exponential growth formulation 
 5 Added lower bound check on COTS           
   predictions                               

These changes should provide better numerical
stability while maintaining the same         
ecological behavior.                         

Tokens: 15k sent, 628 received. Cost: $0.06 
message, $0.28 session.
Committing 
POPULATIONS/POPULATION_0002/INDIVIDUAL_3YLK55
UK/model.cpp before applying edits.
Unable to add 
/home/spi085/Documents/_Projects/SCCP-QuantMo
delling/POPULATIONS/POPULATION_0002/INDIVIDUA
L_3YLK55UK/model.cpp: Cmd('git') failed due 
to: exit code(1)
  cmdline: git add 
/home/spi085/Documents/_Projects/SCCP-QuantMo
delling/POPULATIONS/POPULATION_0002/INDIVIDUA
L_3YLK55UK/model.cpp
  stderr: 'The following paths are ignored by
one of your .gitignore files:
POPULATIONS
hint: Use -f if you really want to add them.
hint: Turn this message off by running
hint: "git config advice.addIgnoredFile 
false"'
Unable to commit: Cmd('git') failed due to: 
exit code(1)
  cmdline: git commit -m feat: Add model.cpp 
for INDIVIDUAL_3YLK55UK in POPULATION_0002 
--no-verify -- 
/home/spi085/Documents/_Projects/SCCP-QuantMo
delling/POPULATIONS/POPULATION_0002/INDIVIDUA
L_3YLK55UK/model.cpp
  stderr: 'error: pathspec 
'/home/spi085/Documents/_Projects/SCCP-QuantM
odelling/POPULATIONS/POPULATION_0002/INDIVIDU
AL_3YLK55UK/model.cpp' did not match any 
file(s) known to git'
Applied edit to 
POPULATIONS/POPULATION_0002/INDIVIDUAL_3YLK55
UK/model.cpp
Validating fixed model for data leakage...
Opening file: POPULATIONS/POPULATION_0002/INDIVIDUAL_3YLK55UK/model.cpp
File read successfully
TMB convention check: {'uses_tmb_header': True, 'uses_data_macros': True, 'uses_vector_type': True, 'uses_standard_report': True, 'uses_objective_function': True, 'uses_std_vector': False, 'uses_string_report': False}
Extracting vectors...
Found data vectors: {'cots_dat', 'sst_dat', 'fast_dat', 'slow_dat', 'Year', 'cotsimm_dat'}
Found prediction vectors: {'cots_pred', 'slow_pred', 'fast_pred'}
Found reported vectors: {'cots_pred', 'slow_pred', 'fast_pred'}
Finding initial conditions...
Found 3 initial conditions
Finding time-stepping loop...
Found loop from line 45 to 90
Found response variables from Data/timeseries_data_COTS_response.csv: {'slow_dat', 'cots_dat', 'fast_dat'}
[93mRunning model for individual...[0m
[0mIndividual directory: POPULATIONS/POPULATION_0002/INDIVIDUAL_3YLK55UK[0m
[93mRemoved old compilation: model.o[0m
[93mR script stdout:[0m
[0mg++ -std=gnu++17 -I"/usr/share/R/include" -DNDEBUG -I"/home/spi085/R/x86_64-pc-linux-gnu-library/4.4/TMB/include" -I"/home/spi085/R/x86_64-pc-linux-gnu-library/4.4/RcppEigen/include"   -DTMB_EIGEN_DISABLE_WARNINGS   -DTMB_LIB_INIT=R_init_model  -DCPPAD_FRAMEWORK      -fpic  -O2  -c POPULATIONS/POPULATION_0002/INDIVIDUAL_3YLK55UK/model.cpp -o POPULATIONS/POPULATION_0002/INDIVIDUAL_3YLK55UK/model.o
g++ -std=gnu++17 -shared -L/usr/lib/R/lib -Wl,-Bsymbolic-functions -flto=auto -ffat-lto-objects -Wl,-z,relro -o POPULATIONS/POPULATION_0002/INDIVIDUAL_3YLK55UK/model.so POPULATIONS/POPULATION_0002/INDIVIDUAL_3YLK55UK/model.o -L/usr/lib/R/lib -lR
Starting model phases
Number of phases: 4 
Phase 1 
Initial parameter values for phase 1 :
    r_cots alpha_fast alpha_slow     A_cots 
        NA         NA         NA         NA 
Error in model phases: NA/NaN gradient evaluation[0m
[93mR script stderr:[0m
[0mLoading required package: TMB
Loading required package: jsonlite
here() starts at /home/spi085/Documents/_Projects/SCCP-QuantModelling
using C++ compiler: â€˜g++ (Ubuntu 13.3.0-6ubuntu2~24.04) 13.3.0â€™
Error in value[[3L]](cond) : 
  Error in model phases: NA/NaN gradient evaluation
Calls: tryCatch -> tryCatchList -> tryCatchOne -> <Anonymous>
In addition: Warning message:
In nlminb(model$par, model$fn, model$gr) : NA/NaN function evaluation
Execution halted[0m
[91mR script failed with return code 1[0m
Fixing broken model iteration: 3
Let me simplify the model implementation to  
address the numerical stability issues. I'll 
make the following changes:                  

 1 Simplify the Allee effect formula         
 2 Add parameter bounds                      
 3 Modify the growth calculations to be more 
   stable                                    

POPULATIONS/POPULATION_0002/INDIVIDUAL_3YLK55
UK/model.cpp                                 

                                             
 <<<<<<< SEARCH                              
     // 3. COTS population dynamics with All 
 effect                                      
     Type density_ratio = cots_pred(t-1) /   
 A_cots;                                     
     Type allee_effect = density_ratio /     
 (Type(1.0) + density_ratio);                
                                             
     // Calculate growth increment with      
 bounded terms                               
     Type carrying_capacity_effect =         
 CppAD::CondExpGe(Type(1.0) -                
 cots_pred(t-1)/K_cots,                      
                                             
        Type(-1.0),                          
                                             
        Type(1.0) - cots_pred(t-1)/K_cots,   
                                             
        Type(-1.0));                         
                                             
     Type growth = r_cots * temp_effect *    
 resource_effect * allee_effect *            
 carrying_capacity_effect;                   
                                             
     // Apply bounded exponential growth     
     cots_pred(t) = cots_pred(t-1) *         
 exp(growth) + cotsimm_dat(t-1);             
 =======                                     
     // 3. COTS population dynamics with All 
 effect                                      
     Type allee_effect = cots_pred(t-1) /    
 (A_cots + cots_pred(t-1));                  
     Type density_effect = max(Type(0.0),    
 Type(1.0) - cots_pred(t-1)/K_cots);         
                                             
     // Calculate bounded growth rate        
     Type growth_rate = r_cots * temp_effect 
 resource_effect * allee_effect *            
 density_effect;                             
     growth_rate = max(Type(-0.5),           
 min(Type(1.0), growth_rate));               
                                             
     // Update COTS population               
     cots_pred(t) = cots_pred(t-1) *         
 (Type(1.0) + growth_rate) + cotsimm_dat(t-1 
 >>>>>>> REPLACE                             
                                             

                                             
 <<<<<<< SEARCH                              
     // Ensure prediction stays within       
 reasonable bounds                           
     cots_pred(t) =                          
 CppAD::CondExpGe(cots_pred(t), eps,         
 cots_pred(t), eps);                         
     cots_pred(t) =                          
 CppAD::CondExpLe(cots_pred(t), Type(10.0),  
 cots_pred(t), Type(10.0));                  
 =======                                     
     // Ensure prediction stays within       
 reasonable bounds                           
     cots_pred(t) = max(eps, min(Type(10.0), 
 cots_pred(t)));                             
 >>>>>>> REPLACE                             
                                             

These changes:                               

 1 Simplified the Allee effect to a more     
   stable form                               
 2 Replaced CppAD::CondExpGe/Le with simpler 
   max/min operations                        
 3 Bounded growth rate directly instead of   
   using exponential growth                  
 4 Removed nested conditional expressions    
   that could cause gradient issues          
 5 Maintained the same ecological meaning but
   with more numerical stability             

The model should now be more stable while    
still capturing the key COTS outbreak        
dynamics.                                    

Tokens: 16k sent, 642 received. Cost: $0.06 
message, $0.33 session.
Committing 
POPULATIONS/POPULATION_0002/INDIVIDUAL_3YLK55
UK/model.cpp before applying edits.
Unable to add 
/home/spi085/Documents/_Projects/SCCP-QuantMo
delling/POPULATIONS/POPULATION_0002/INDIVIDUA
L_3YLK55UK/model.cpp: Cmd('git') failed due 
to: exit code(1)
  cmdline: git add 
/home/spi085/Documents/_Projects/SCCP-QuantMo
delling/POPULATIONS/POPULATION_0002/INDIVIDUA
L_3YLK55UK/model.cpp
  stderr: 'The following paths are ignored by
one of your .gitignore files:
POPULATIONS
hint: Use -f if you really want to add them.
hint: Turn this message off by running
hint: "git config advice.addIgnoredFile 
false"'
Unable to commit: Cmd('git') failed due to: 
exit code(1)
  cmdline: git commit -m feat: Add model.cpp 
for INDIVIDUAL_3YLK55UK in POPULATION_0002 
--no-verify -- 
/home/spi085/Documents/_Projects/SCCP-QuantMo
delling/POPULATIONS/POPULATION_0002/INDIVIDUA
L_3YLK55UK/model.cpp
  stderr: 'error: pathspec 
'/home/spi085/Documents/_Projects/SCCP-QuantM
odelling/POPULATIONS/POPULATION_0002/INDIVIDU
AL_3YLK55UK/model.cpp' did not match any 
file(s) known to git'
Applied edit to 
POPULATIONS/POPULATION_0002/INDIVIDUAL_3YLK55
UK/model.cpp
Validating fixed model for data leakage...
Opening file: POPULATIONS/POPULATION_0002/INDIVIDUAL_3YLK55UK/model.cpp
File read successfully
TMB convention check: {'uses_tmb_header': True, 'uses_data_macros': True, 'uses_vector_type': True, 'uses_standard_report': True, 'uses_objective_function': True, 'uses_std_vector': False, 'uses_string_report': False}
Extracting vectors...
Found data vectors: {'cots_dat', 'sst_dat', 'fast_dat', 'slow_dat', 'Year', 'cotsimm_dat'}
Found prediction vectors: {'cots_pred', 'slow_pred', 'fast_pred'}
Found reported vectors: {'cots_pred', 'slow_pred', 'fast_pred'}
Finding initial conditions...
Found 3 initial conditions
Finding time-stepping loop...
Found loop from line 45 to 85
Found response variables from Data/timeseries_data_COTS_response.csv: {'slow_dat', 'cots_dat', 'fast_dat'}
[93mRunning model for individual...[0m
[0mIndividual directory: POPULATIONS/POPULATION_0002/INDIVIDUAL_3YLK55UK[0m
[93mRemoved old compilation: model.o[0m
[93mR script stdout:[0m
[0mg++ -std=gnu++17 -I"/usr/share/R/include" -DNDEBUG -I"/home/spi085/R/x86_64-pc-linux-gnu-library/4.4/TMB/include" -I"/home/spi085/R/x86_64-pc-linux-gnu-library/4.4/RcppEigen/include"   -DTMB_EIGEN_DISABLE_WARNINGS   -DTMB_LIB_INIT=R_init_model  -DCPPAD_FRAMEWORK      -fpic  -O2  -c POPULATIONS/POPULATION_0002/INDIVIDUAL_3YLK55UK/model.cpp -o POPULATIONS/POPULATION_0002/INDIVIDUAL_3YLK55UK/model.o[0m
[93mR script stderr:[0m
[0mLoading required package: TMB
Loading required package: jsonlite
here() starts at /home/spi085/Documents/_Projects/SCCP-QuantModelling
using C++ compiler: â€˜g++ (Ubuntu 13.3.0-6ubuntu2~24.04) 13.3.0â€™
POPULATIONS/POPULATION_0002/INDIVIDUAL_3YLK55UK/model.cpp: In instantiation of â€˜Type objective_function<Type>::operator()() [with Type = CppAD::AD<double>]â€™:
/home/spi085/R/x86_64-pc-linux-gnu-library/4.4/TMB/include/tmb_core.hpp:1312:6:   required from here
POPULATIONS/POPULATION_0002/INDIVIDUAL_3YLK55UK/model.cpp:55:30: error: no matching function for call to â€˜max(CppAD::AD<double>, CppAD::AD<double>)â€™
   55 |     Type density_effect = max(Type(0.0), Type(1.0) - cots_pred(t-1)/K_cots);
      |                           ~~~^~~~~~~~~~~~~~~~~~~~~~~~~~~~~~~~~~~~~~~~~~~~~~
In file included from /home/spi085/R/x86_64-pc-linux-gnu-library/4.4/TMB/include/TMB.hpp:231,
                 from POPULATIONS/POPULATION_0002/INDIVIDUAL_3YLK55UK/model.cpp:1:
/home/spi085/R/x86_64-pc-linux-gnu-library/4.4/TMB/include/convenience.hpp:145:6: note: candidate: â€˜template<class Type> Type max(const tmbutils::vector<Type>&)â€™
  145 | Type max(const vector<Type> &x)
      |      ^~~
/home/spi085/R/x86_64-pc-linux-gnu-library/4.4/TMB/include/convenience.hpp:145:6: note:   template argument deduction/substitution failed:
POPULATIONS/POPULATION_0002/INDIVIDUAL_3YLK55UK/model.cpp:55:30: note:   â€˜CppAD::AD<double>â€™ is not derived from â€˜const tmbutils::vector<Type>â€™
   55 |     Type density_effect = max(Type(0.0), Type(1.0) - cots_pred(t-1)/K_cots);
      |                           ~~~^~~~~~~~~~~~~~~~~~~~~~~~~~~~~~~~~~~~~~~~~~~~~~
POPULATIONS/POPULATION_0002/INDIVIDUAL_3YLK55UK/model.cpp:59:38: error: no matching function for call to â€˜min(CppAD::AD<double>, CppAD::AD<double>&)â€™
   59 |     growth_rate = max(Type(-0.5), min(Type(1.0), growth_rate));
      |                                   ~~~^~~~~~~~~~~~~~~~~~~~~~~~
/home/spi085/R/x86_64-pc-linux-gnu-library/4.4/TMB/include/convenience.hpp:156:6: note: candidate: â€˜template<class Type> Type min(const tmbutils::vector<Type>&)â€™
  156 | Type min(const vector<Type> &x)
      |      ^~~
/home/spi085/R/x86_64-pc-linux-gnu-library/4.4/TMB/include/convenience.hpp:156:6: note:   template argument deduction/substitution failed:
POPULATIONS/POPULATION_0002/INDIVIDUAL_3YLK55UK/model.cpp:59:38: note:   â€˜CppAD::AD<double>â€™ is not derived from â€˜const tmbutils::vector<Type>â€™
   59 |     growth_rate = max(Type(-0.5), min(Type(1.0), growth_rate));
      |                                   ~~~^~~~~~~~~~~~~~~~~~~~~~~~
POPULATIONS/POPULATION_0002/INDIVIDUAL_3YLK55UK/model.cpp:65:32: error: no matching function for call to â€˜min(CppAD::AD<double>, Eigen::DenseCoeffsBase<Eigen::Array<CppAD::AD<double>, -1, 1, 0, -1, 1>, 1>::Scalar&)â€™
   65 |     cots_pred(t) = max(eps, min(Type(10.0), cots_pred(t)));
      |                             ~~~^~~~~~~~~~~~~~~~~~~~~~~~~~
/home/spi085/R/x86_64-pc-linux-gnu-library/4.4/TMB/include/convenience.hpp:156:6: note: candidate: â€˜template<class Type> Type min(const tmbutils::vector<Type>&)â€™
  156 | Type min(const vector<Type> &x)
      |      ^~~
/home/spi085/R/x86_64-pc-linux-gnu-library/4.4/TMB/include/convenience.hpp:156:6: note:   template argument deduction/substitution failed:
POPULATIONS/POPULATION_0002/INDIVIDUAL_3YLK55UK/model.cpp:65:32: note:   â€˜CppAD::AD<double>â€™ is not derived from â€˜const tmbutils::vector<Type>â€™
   65 |     cots_pred(t) = max(eps, min(Type(10.0), cots_pred(t)));
      |                             ~~~^~~~~~~~~~~~~~~~~~~~~~~~~~
POPULATIONS/POPULATION_0002/INDIVIDUAL_3YLK55UK/model.cpp: In instantiation of â€˜Type objective_function<Type>::operator()() [with Type = double]â€™:
/home/spi085/R/x86_64-pc-linux-gnu-library/4.4/TMB/include/tmb_core.hpp:2035:7:   required from here
POPULATIONS/POPULATION_0002/INDIVIDUAL_3YLK55UK/model.cpp:55:30: error: no matching function for call to â€˜max(double, double)â€™
   55 |     Type density_effect = max(Type(0.0), Type(1.0) - cots_pred(t-1)/K_cots);
      |                           ~~~^~~~~~~~~~~~~~~~~~~~~~~~~~~~~~~~~~~~~~~~~~~~~~
/home/spi085/R/x86_64-pc-linux-gnu-library/4.4/TMB/include/convenience.hpp:145:6: note: candidate: â€˜template<class Type> Type max(const tmbutils::vector<Type>&)â€™
  145 | Type max(const vector<Type> &x)
      |      ^~~
/home/spi085/R/x86_64-pc-linux-gnu-library/4.4/TMB/include/convenience.hpp:145:6: note:   template argument deduction/substitution failed:
POPULATIONS/POPULATION_0002/INDIVIDUAL_3YLK55UK/model.cpp:55:30: note:   mismatched types â€˜const tmbutils::vector<Type>â€™ and â€˜doubleâ€™
   55 |     Type density_effect = max(Type(0.0), Type(1.0) - cots_pred(t-1)/K_cots);
      |                           ~~~^~~~~~~~~~~~~~~~~~~~~~~~~~~~~~~~~~~~~~~~~~~~~~
POPULATIONS/POPULATION_0002/INDIVIDUAL_3YLK55UK/model.cpp:59:38: error: no matching function for call to â€˜min(double, double&)â€™
   59 |     growth_rate = max(Type(-0.5), min(Type(1.0), growth_rate));
      |                                   ~~~^~~~~~~~~~~~~~~~~~~~~~~~
/home/spi085/R/x86_64-pc-linux-gnu-library/4.4/TMB/include/convenience.hpp:156:6: note: candidate: â€˜template<class Type> Type min(const tmbutils::vector<Type>&)â€™
  156 | Type min(const vector<Type> &x)
      |      ^~~
/home/spi085/R/x86_64-pc-linux-gnu-library/4.4/TMB/include/convenience.hpp:156:6: note:   template argument deduction/substitution failed:
POPULATIONS/POPULATION_0002/INDIVIDUAL_3YLK55UK/model.cpp:59:38: note:   mismatched types â€˜const tmbutils::vector<Type>â€™ and â€˜doubleâ€™
   59 |     growth_rate = max(Type(-0.5), min(Type(1.0), growth_rate));
      |                                   ~~~^~~~~~~~~~~~~~~~~~~~~~~~
POPULATIONS/POPULATION_0002/INDIVIDUAL_3YLK55UK/model.cpp:65:32: error: no matching function for call to â€˜min(double, Eigen::DenseCoeffsBase<Eigen::Array<double, -1, 1>, 1>::Scalar&)â€™
   65 |     cots_pred(t) = max(eps, min(Type(10.0), cots_pred(t)));
      |                             ~~~^~~~~~~~~~~~~~~~~~~~~~~~~~
/home/spi085/R/x86_64-pc-linux-gnu-library/4.4/TMB/include/convenience.hpp:156:6: note: candidate: â€˜template<class Type> Type min(const tmbutils::vector<Type>&)â€™
  156 | Type min(const vector<Type> &x)
      |      ^~~
/home/spi085/R/x86_64-pc-linux-gnu-library/4.4/TMB/include/convenience.hpp:156:6: note:   template argument deduction/substitution failed:
POPULATIONS/POPULATION_0002/INDIVIDUAL_3YLK55UK/model.cpp:65:32: note:   mismatched types â€˜const tmbutils::vector<Type>â€™ and â€˜doubleâ€™
   65 |     cots_pred(t) = max(eps, min(Type(10.0), cots_pred(t)));
      |                             ~~~^~~~~~~~~~~~~~~~~~~~~~~~~~
POPULATIONS/POPULATION_0002/INDIVIDUAL_3YLK55UK/model.cpp: In instantiation of â€˜Type objective_function<Type>::operator()() [with Type = CppAD::AD<CppAD::AD<double> >]â€™:
/home/spi085/R/x86_64-pc-linux-gnu-library/4.4/TMB/include/tmb_core.hpp:917:29:   required from â€˜Type objective_function<Type>::evalUserTemplate() [with Type = CppAD::AD<CppAD::AD<double> >]â€™
/home/spi085/R/x86_64-pc-linux-gnu-library/4.4/TMB/include/tmb_core.hpp:2116:26:   required from here
POPULATIONS/POPULATION_0002/INDIVIDUAL_3YLK55UK/model.cpp:55:30: error: no matching function for call to â€˜max(CppAD::AD<CppAD::AD<double> >, CppAD::AD<CppAD::AD<double> >)â€™
   55 |     Type density_effect = max(Type(0.0), Type(1.0) - cots_pred(t-1)/K_cots);
      |                           ~~~^~~~~~~~~~~~~~~~~~~~~~~~~~~~~~~~~~~~~~~~~~~~~~
/home/spi085/R/x86_64-pc-linux-gnu-library/4.4/TMB/include/convenience.hpp:145:6: note: candidate: â€˜template<class Type> Type max(const tmbutils::vector<Type>&)â€™
  145 | Type max(const vector<Type> &x)
      |      ^~~
/home/spi085/R/x86_64-pc-linux-gnu-library/4.4/TMB/include/convenience.hpp:145:6: note:   template argument deduction/substitution failed:
POPULATIONS/POPULATION_0002/INDIVIDUAL_3YLK55UK/model.cpp:55:30: note:   â€˜CppAD::AD<CppAD::AD<double> >â€™ is not derived from â€˜const tmbutils::vector<Type>â€™
   55 |     Type density_effect = max(Type(0.0), Type(1.0) - cots_pred(t-1)/K_cots);
      |                           ~~~^~~~~~~~~~~~~~~~~~~~~~~~~~~~~~~~~~~~~~~~~~~~~~
POPULATIONS/POPULATION_0002/INDIVIDUAL_3YLK55UK/model.cpp:59:38: error: no matching function for call to â€˜min(CppAD::AD<CppAD::AD<double> >, CppAD::AD<CppAD::AD<double> >&)â€™
   59 |     growth_rate = max(Type(-0.5), min(Type(1.0), growth_rate));
      |                                   ~~~^~~~~~~~~~~~~~~~~~~~~~~~
/home/spi085/R/x86_64-pc-linux-gnu-library/4.4/TMB/include/convenience.hpp:156:6: note: candidate: â€˜template<class Type> Type min(const tmbutils::vector<Type>&)â€™
  156 | Type min(const vector<Type> &x)
      |      ^~~
/home/spi085/R/x86_64-pc-linux-gnu-library/4.4/TMB/include/convenience.hpp:156:6: note:   template argument deduction/substitution failed:
POPULATIONS/POPULATION_0002/INDIVIDUAL_3YLK55UK/model.cpp:59:38: note:   â€˜CppAD::AD<CppAD::AD<double> >â€™ is not derived from â€˜const tmbutils::vector<Type>â€™
   59 |     growth_rate = max(Type(-0.5), min(Type(1.0), growth_rate));
      |                                   ~~~^~~~~~~~~~~~~~~~~~~~~~~~
POPULATIONS/POPULATION_0002/INDIVIDUAL_3YLK55UK/model.cpp:65:32: error: no matching function for call to â€˜min(CppAD::AD<CppAD::AD<double> >, Eigen::DenseCoeffsBase<Eigen::Array<CppAD::AD<CppAD::AD<double> >, -1, 1, 0, -1, 1>, 1>::Scalar&)â€™
   65 |     cots_pred(t) = max(eps, min(Type(10.0), cots_pred(t)));
      |                             ~~~^~~~~~~~~~~~~~~~~~~~~~~~~~
/home/spi085/R/x86_64-pc-linux-gnu-library/4.4/TMB/include/convenience.hpp:156:6: note: candidate: â€˜template<class Type> Type min(const tmbutils::vector<Type>&)â€™
  156 | Type min(const vector<Type> &x)
      |      ^~~
/home/spi085/R/x86_64-pc-linux-gnu-library/4.4/TMB/include/convenience.hpp:156:6: note:   template argument deduction/substitution failed:
POPULATIONS/POPULATION_0002/INDIVIDUAL_3YLK55UK/model.cpp:65:32: note:   â€˜CppAD::AD<CppAD::AD<double> >â€™ is not derived from â€˜const tmbutils::vector<Type>â€™
   65 |     cots_pred(t) = max(eps, min(Type(10.0), cots_pred(t)));
      |                             ~~~^~~~~~~~~~~~~~~~~~~~~~~~~~
POPULATIONS/POPULATION_0002/INDIVIDUAL_3YLK55UK/model.cpp: In instantiation of â€˜Type objective_function<Type>::operator()() [with Type = CppAD::AD<CppAD::AD<CppAD::AD<double> > >]â€™:
/home/spi085/R/x86_64-pc-linux-gnu-library/4.4/TMB/include/tmb_core.hpp:917:29:   required from â€˜Type objective_function<Type>::evalUserTemplate() [with Type = CppAD::AD<CppAD::AD<CppAD::AD<double> > >]â€™
/home/spi085/R/x86_64-pc-linux-gnu-library/4.4/TMB/include/tmb_core.hpp:2365:28:   required from here
POPULATIONS/POPULATION_0002/INDIVIDUAL_3YLK55UK/model.cpp:55:30: error: no matching function for call to â€˜max(CppAD::AD<CppAD::AD<CppAD::AD<double> > >, CppAD::AD<CppAD::AD<CppAD::AD<double> > >)â€™
   55 |     Type density_effect = max(Type(0.0), Type(1.0) - cots_pred(t-1)/K_cots);
      |                           ~~~^~~~~~~~~~~~~~~~~~~~~~~~~~~~~~~~~~~~~~~~~~~~~~
/home/spi085/R/x86_64-pc-linux-gnu-library/4.4/TMB/include/convenience.hpp:145:6: note: candidate: â€˜template<class Type> Type max(const tmbutils::vector<Type>&)â€™
  145 | Type max(const vector<Type> &x)
      |      ^~~
/home/spi085/R/x86_64-pc-linux-gnu-library/4.4/TMB/include/convenience.hpp:145:6: note:   template argument deduction/substitution failed:
POPULATIONS/POPULATION_0002/INDIVIDUAL_3YLK55UK/model.cpp:55:30: note:   â€˜CppAD::AD<CppAD::AD<CppAD::AD<double> > >â€™ is not derived from â€˜const tmbutils::vector<Type>â€™
   55 |     Type density_effect = max(Type(0.0), Type(1.0) - cots_pred(t-1)/K_cots);
      |                           ~~~^~~~~~~~~~~~~~~~~~~~~~~~~~~~~~~~~~~~~~~~~~~~~~
POPULATIONS/POPULATION_0002/INDIVIDUAL_3YLK55UK/model.cpp:59:38: error: no matching function for call to â€˜min(CppAD::AD<CppAD::AD<CppAD::AD<double> > >, CppAD::AD<CppAD::AD<CppAD::AD<double> > >&)â€™
   59 |     growth_rate = max(Type(-0.5), min(Type(1.0), growth_rate));
      |                                   ~~~^~~~~~~~~~~~~~~~~~~~~~~~
/home/spi085/R/x86_64-pc-linux-gnu-library/4.4/TMB/include/convenience.hpp:156:6: note: candidate: â€˜template<class Type> Type min(const tmbutils::vector<Type>&)â€™
  156 | Type min(const vector<Type> &x)
      |      ^~~
/home/spi085/R/x86_64-pc-linux-gnu-library/4.4/TMB/include/convenience.hpp:156:6: note:   template argument deduction/substitution failed:
POPULATIONS/POPULATION_0002/INDIVIDUAL_3YLK55UK/model.cpp:59:38: note:   â€˜CppAD::AD<CppAD::AD<CppAD::AD<double> > >â€™ is not derived from â€˜const tmbutils::vector<Type>â€™
   59 |     growth_rate = max(Type(-0.5), min(Type(1.0), growth_rate));
      |                                   ~~~^~~~~~~~~~~~~~~~~~~~~~~~
POPULATIONS/POPULATION_0002/INDIVIDUAL_3YLK55UK/model.cpp:65:32: error: no matching function for call to â€˜min(CppAD::AD<CppAD::AD<CppAD::AD<double> > >, Eigen::DenseCoeffsBase<Eigen::Array<CppAD::AD<CppAD::AD<CppAD::AD<double> > >, -1, 1, 0, -1, 1>, 1>::Scalar&)â€™
   65 |     cots_pred(t) = max(eps, min(Type(10.0), cots_pred(t)));
      |                             ~~~^~~~~~~~~~~~~~~~~~~~~~~~~~
/home/spi085/R/x86_64-pc-linux-gnu-library/4.4/TMB/include/convenience.hpp:156:6: note: candidate: â€˜template<class Type> Type min(const tmbutils::vector<Type>&)â€™
  156 | Type min(const vector<Type> &x)
      |      ^~~
/home/spi085/R/x86_64-pc-linux-gnu-library/4.4/TMB/include/convenience.hpp:156:6: note:   template argument deduction/substitution failed:
POPULATIONS/POPULATION_0002/INDIVIDUAL_3YLK55UK/model.cpp:65:32: note:   â€˜CppAD::AD<CppAD::AD<CppAD::AD<double> > >â€™ is not derived from â€˜const tmbutils::vector<Type>â€™
   65 |     cots_pred(t) = max(eps, min(Type(10.0), cots_pred(t)));
      |                             ~~~^~~~~~~~~~~~~~~~~~~~~~~~~~
make: *** [/usr/lib/R/etc/Makeconf:204: POPULATIONS/POPULATION_0002/INDIVIDUAL_3YLK55UK/model.o] Error 1
Error in TMB::compile(file.path(individual_dir, model_file), flags = flags,  : 
  Compilation failed
Error: Compilation failed
Execution halted[0m
[91mModel failed to compile.[0m
Fixing broken model iteration: 4
The error is due to incorrect usage of       
max/min functions. Let me fix that by using  
CppAD::CondExpGe/Le consistently throughout  
the code:                                    

POPULATIONS/POPULATION_0002/INDIVIDUAL_3YLK55
UK/model.cpp                                 

                                             
 <<<<<<< SEARCH                              
     // 3. COTS population dynamics with All 
 effect                                      
     Type allee_effect = cots_pred(t-1) /    
 (A_cots + cots_pred(t-1));                  
     Type density_effect = max(Type(0.0),    
 Type(1.0) - cots_pred(t-1)/K_cots);         
                                             
     // Calculate bounded growth rate        
     Type growth_rate = r_cots * temp_effect 
 resource_effect * allee_effect *            
 density_effect;                             
     growth_rate = max(Type(-0.5),           
 min(Type(1.0), growth_rate));               
                                             
     // Update COTS population               
     cots_pred(t) = cots_pred(t-1) *         
 (Type(1.0) + growth_rate) + cotsimm_dat(t-1 
                                             
     // Ensure prediction stays within       
 reasonable bounds                           
     cots_pred(t) = max(eps, min(Type(10.0), 
 cots_pred(t)));                             
 =======                                     
     // 3. COTS population dynamics with All 
 effect                                      
     Type allee_effect = cots_pred(t-1) /    
 (A_cots + cots_pred(t-1));                  
     Type density_effect =                   
 CppAD::CondExpGe(Type(1.0) -                
 cots_pred(t-1)/K_cots,                      
                                           T 
 e(0.0),                                     
                                           T 
 e(1.0) - cots_pred(t-1)/K_cots,             
                                           T 
 e(0.0));                                    
                                             
     // Calculate bounded growth rate        
     Type growth_rate = r_cots * temp_effect 
 resource_effect * allee_effect *            
 density_effect;                             
     growth_rate =                           
 CppAD::CondExpGe(growth_rate, Type(-0.5),   
 growth_rate, Type(-0.5));                   
     growth_rate =                           
 CppAD::CondExpLe(growth_rate, Type(1.0),    
 growth_rate, Type(1.0));                    
                                             
     // Update COTS population               
     cots_pred(t) = cots_pred(t-1) *         
 (Type(1.0) + growth_rate) + cotsimm_dat(t-1 
                                             
     // Ensure prediction stays within       
 reasonable bounds                           
     cots_pred(t) =                          
 CppAD::CondExpGe(cots_pred(t), eps,         
 cots_pred(t), eps);                         
     cots_pred(t) =                          
 CppAD::CondExpLe(cots_pred(t), Type(10.0),  
 cots_pred(t), Type(10.0));                  
 >>>>>>> REPLACE                             
                                             

This change replaces all max/min operations  
with CppAD::CondExpGe/Le functions which are 
properly supported by the TMB framework. The 
logic remains the same but uses the correct  
function calls for automatic differentiation.

Tokens: 22k sent, 618 received. Cost: $0.07 
message, $0.41 session.
Committing 
POPULATIONS/POPULATION_0002/INDIVIDUAL_3YLK55
UK/model.cpp before applying edits.
Unable to add 
/home/spi085/Documents/_Projects/SCCP-QuantMo
delling/POPULATIONS/POPULATION_0002/INDIVIDUA
L_3YLK55UK/model.cpp: Cmd('git') failed due 
to: exit code(1)
  cmdline: git add 
/home/spi085/Documents/_Projects/SCCP-QuantMo
delling/POPULATIONS/POPULATION_0002/INDIVIDUA
L_3YLK55UK/model.cpp
  stderr: 'The following paths are ignored by
one of your .gitignore files:
POPULATIONS
hint: Use -f if you really want to add them.
hint: Turn this message off by running
hint: "git config advice.addIgnoredFile 
false"'
Unable to commit: Cmd('git') failed due to: 
exit code(1)
  cmdline: git commit -m feat: Add model.cpp 
for INDIVIDUAL_3YLK55UK in POPULATION_0002 
--no-verify -- 
/home/spi085/Documents/_Projects/SCCP-QuantMo
delling/POPULATIONS/POPULATION_0002/INDIVIDUA
L_3YLK55UK/model.cpp
  stderr: 'error: pathspec 
'/home/spi085/Documents/_Projects/SCCP-QuantM
odelling/POPULATIONS/POPULATION_0002/INDIVIDU
AL_3YLK55UK/model.cpp' did not match any 
file(s) known to git'
Applied edit to 
POPULATIONS/POPULATION_0002/INDIVIDUAL_3YLK55
UK/model.cpp
Validating fixed model for data leakage...
Opening file: POPULATIONS/POPULATION_0002/INDIVIDUAL_3YLK55UK/model.cpp
File read successfully
TMB convention check: {'uses_tmb_header': True, 'uses_data_macros': True, 'uses_vector_type': True, 'uses_standard_report': True, 'uses_objective_function': True, 'uses_std_vector': False, 'uses_string_report': False}
Extracting vectors...
Found data vectors: {'cots_dat', 'sst_dat', 'fast_dat', 'slow_dat', 'Year', 'cotsimm_dat'}
Found prediction vectors: {'cots_pred', 'slow_pred', 'fast_pred'}
Found reported vectors: {'cots_pred', 'slow_pred', 'fast_pred'}
Finding initial conditions...
Found 3 initial conditions
Finding time-stepping loop...
Found loop from line 45 to 90
Found response variables from Data/timeseries_data_COTS_response.csv: {'slow_dat', 'cots_dat', 'fast_dat'}
[93mRunning model for individual...[0m
[0mIndividual directory: POPULATIONS/POPULATION_0002/INDIVIDUAL_3YLK55UK[0m
[93mR script stdout:[0m
[0mg++ -std=gnu++17 -I"/usr/share/R/include" -DNDEBUG -I"/home/spi085/R/x86_64-pc-linux-gnu-library/4.4/TMB/include" -I"/home/spi085/R/x86_64-pc-linux-gnu-library/4.4/RcppEigen/include"   -DTMB_EIGEN_DISABLE_WARNINGS   -DTMB_LIB_INIT=R_init_model  -DCPPAD_FRAMEWORK      -fpic  -O2  -c POPULATIONS/POPULATION_0002/INDIVIDUAL_3YLK55UK/model.cpp -o POPULATIONS/POPULATION_0002/INDIVIDUAL_3YLK55UK/model.o
g++ -std=gnu++17 -shared -L/usr/lib/R/lib -Wl,-Bsymbolic-functions -flto=auto -ffat-lto-objects -Wl,-z,relro -o POPULATIONS/POPULATION_0002/INDIVIDUAL_3YLK55UK/model.so POPULATIONS/POPULATION_0002/INDIVIDUAL_3YLK55UK/model.o -L/usr/lib/R/lib -lR
Starting model phases
Number of phases: 4 
Phase 1 
Initial parameter values for phase 1 :
    r_cots alpha_fast alpha_slow     A_cots 
        NA         NA         NA         NA 
Error in model phases: NA/NaN gradient evaluation[0m
[93mR script stderr:[0m
[0mLoading required package: TMB
Loading required package: jsonlite
here() starts at /home/spi085/Documents/_Projects/SCCP-QuantModelling
using C++ compiler: â€˜g++ (Ubuntu 13.3.0-6ubuntu2~24.04) 13.3.0â€™
Error in value[[3L]](cond) : 
  Error in model phases: NA/NaN gradient evaluation
Calls: tryCatch -> tryCatchList -> tryCatchOne -> <Anonymous>
In addition: Warning message:
In nlminb(model$par, model$fn, model$gr) : NA/NaN function evaluation
Execution halted[0m
[91mR script failed with return code 1[0m
Maximum sub-iterations reached for POPULATIONS/POPULATION_0002/INDIVIDUAL_3YLK55UK. The model could not be successfully run after 5 attempts.
