{
  "iterations": {
    "1": {
      "status": "ERROR",
      "message": "Model failed to compile.",
      "stdout": "g++ -std=gnu++17 -I\"/usr/share/R/include\" -DNDEBUG -I\"/home/spi085/R/x86_64-pc-linux-gnu-library/4.4/TMB/include\" -I\"/home/spi085/R/x86_64-pc-linux-gnu-library/4.4/RcppEigen/include\"   -DTMB_EIGEN_DISABLE_WARNINGS   -DTMB_LIB_INIT=R_init_model  -DCPPAD_FRAMEWORK      -fpic  -O2  -c POPULATIONS/POPULATION_0020/INDIVIDUAL_2C3ZTUKV/model.cpp -o POPULATIONS/POPULATION_0020/INDIVIDUAL_2C3ZTUKV/model.o",
      "stderr": "Loading required package: TMB\nLoading required package: jsonlite\nusing C++ compiler: \u2018g++ (Ubuntu 13.3.0-6ubuntu2~24.04) 13.3.0\u2019\nPOPULATIONS/POPULATION_0020/INDIVIDUAL_2C3ZTUKV/model.cpp: In member function \u2018Type objective_function<Type>::operator()()\u2019:\nPOPULATIONS/POPULATION_0020/INDIVIDUAL_2C3ZTUKV/model.cpp:148:45: error: \u2018small_const\u2019 was not declared in this scope\n  148 |     nll -= dlnorm(N_dat(i), log(N_pred(i) + small_const), sigma_N + min_sd, true);\n      |                                             ^~~~~~~~~~~\nPOPULATIONS/POPULATION_0020/INDIVIDUAL_2C3ZTUKV/model.cpp: In instantiation of \u2018Type objective_function<Type>::operator()() [with Type = CppAD::AD<double>]\u2019:\n/home/spi085/R/x86_64-pc-linux-gnu-library/4.4/TMB/include/tmb_core.hpp:1312:6:   required from here\nPOPULATIONS/POPULATION_0020/INDIVIDUAL_2C3ZTUKV/model.cpp:148:18: error: \u2018dlnorm\u2019 was not declared in this scope; did you mean \u2018dnorm\u2019?\n  148 |     nll -= dlnorm(N_dat(i), log(N_pred(i) + small_const), sigma_N + min_sd, true);\n      |            ~~~~~~^~~~~~~~~~~~~~~~~~~~~~~~~~~~~~~~~~~~~~~~~~~~~~~~~~~~~~~~~~~~~~~~\n      |            dnorm\nPOPULATIONS/POPULATION_0020/INDIVIDUAL_2C3ZTUKV/model.cpp:149:18: error: \u2018dlnorm\u2019 was not declared in this scope, and no declarations were found by argument-dependent lookup at the point of instantiation\n  149 |     nll -= dlnorm(P_dat(i), log(P_pred(i) + small_const), sigma_P + min_sd, true);\n      |            ~~~~~~^~~~~~~~~~~~~~~~~~~~~~~~~~~~~~~~~~~~~~~~~~~~~~~~~~~~~~~~~~~~~~~~\nPOPULATIONS/POPULATION_0020/INDIVIDUAL_2C3ZTUKV/model.cpp:148:18: note: \u2018dlnorm\u2019 declared here, later in the translation unit\n  148 |     nll -= dlnorm(N_dat(i), log(N_pred(i) + small_const), sigma_N + min_sd, true);\n      |            ~~~~~~^~~~~~~~~~~~~~~~~~~~~~~~~~~~~~~~~~~~~~~~~~~~~~~~~~~~~~~~~~~~~~~~\nPOPULATIONS/POPULATION_0020/INDIVIDUAL_2C3ZTUKV/model.cpp:150:18: error: \u2018dlnorm\u2019 was not declared in this scope, and no declarations were found by argument-dependent lookup at the point of instantiation\n  150 |     nll -= dlnorm(Z_dat(i), log(Z_pred(i) + small_const), sigma_Z + min_sd, true);\n      |            ~~~~~~^~~~~~~~~~~~~~~~~~~~~~~~~~~~~~~~~~~~~~~~~~~~~~~~~~~~~~~~~~~~~~~~\nPOPULATIONS/POPULATION_0020/INDIVIDUAL_2C3ZTUKV/model.cpp:148:18: note: \u2018dlnorm\u2019 declared here, later in the translation unit\n  148 |     nll -= dlnorm(N_dat(i), log(N_pred(i) + small_const), sigma_N + min_sd, true);\n      |            ~~~~~~^~~~~~~~~~~~~~~~~~~~~~~~~~~~~~~~~~~~~~~~~~~~~~~~~~~~~~~~~~~~~~~~\nPOPULATIONS/POPULATION_0020/INDIVIDUAL_2C3ZTUKV/model.cpp: In instantiation of \u2018Type objective_function<Type>::operator()() [with Type = double]\u2019:\n/home/spi085/R/x86_64-pc-linux-gnu-library/4.4/TMB/include/tmb_core.hpp:2035:7:   required from here\nPOPULATIONS/POPULATION_0020/INDIVIDUAL_2C3ZTUKV/model.cpp:148:18: error: \u2018dlnorm\u2019 was not declared in this scope; did you mean \u2018dnorm\u2019?\n  148 |     nll -= dlnorm(N_dat(i), log(N_pred(i) + small_const), sigma_N + min_sd, true);\n      |            ~~~~~~^~~~~~~~~~~~~~~~~~~~~~~~~~~~~~~~~~~~~~~~~~~~~~~~~~~~~~~~~~~~~~~~\n      |            dnorm\nPOPULATIONS/POPULATION_0020/INDIVIDUAL_2C3ZTUKV/model.cpp:149:18: error: \u2018dlnorm\u2019 was not declared in this scope, and no declarations were found by argument-dependent lookup at the point of instantiation\n  149 |     nll -= dlnorm(P_dat(i), log(P_pred(i) + small_const), sigma_P + min_sd, true);\n      |            ~~~~~~^~~~~~~~~~~~~~~~~~~~~~~~~~~~~~~~~~~~~~~~~~~~~~~~~~~~~~~~~~~~~~~~\nPOPULATIONS/POPULATION_0020/INDIVIDUAL_2C3ZTUKV/model.cpp:148:18: note: \u2018dlnorm\u2019 declared here, later in the translation unit\n  148 |     nll -= dlnorm(N_dat(i), log(N_pred(i) + small_const), sigma_N + min_sd, true);\n      |            ~~~~~~^~~~~~~~~~~~~~~~~~~~~~~~~~~~~~~~~~~~~~~~~~~~~~~~~~~~~~~~~~~~~~~~\nPOPULATIONS/POPULATION_0020/INDIVIDUAL_2C3ZTUKV/model.cpp:150:18: error: \u2018dlnorm\u2019 was not declared in this scope, and no declarations were found by argument-dependent lookup at the point of instantiation\n  150 |     nll -= dlnorm(Z_dat(i), log(Z_pred(i) + small_const), sigma_Z + min_sd, true);\n      |            ~~~~~~^~~~~~~~~~~~~~~~~~~~~~~~~~~~~~~~~~~~~~~~~~~~~~~~~~~~~~~~~~~~~~~~\nPOPULATIONS/POPULATION_0020/INDIVIDUAL_2C3ZTUKV/model.cpp:148:18: note: \u2018dlnorm\u2019 declared here, later in the translation unit\n  148 |     nll -= dlnorm(N_dat(i), log(N_pred(i) + small_const), sigma_N + min_sd, true);\n      |            ~~~~~~^~~~~~~~~~~~~~~~~~~~~~~~~~~~~~~~~~~~~~~~~~~~~~~~~~~~~~~~~~~~~~~~\nPOPULATIONS/POPULATION_0020/INDIVIDUAL_2C3ZTUKV/model.cpp: In instantiation of \u2018Type objective_function<Type>::operator()() [with Type = CppAD::AD<CppAD::AD<double> >]\u2019:\n/home/spi085/R/x86_64-pc-linux-gnu-library/4.4/TMB/include/tmb_core.hpp:917:29:   required from \u2018Type objective_function<Type>::evalUserTemplate() [with Type = CppAD::AD<CppAD::AD<double> >]\u2019\n/home/spi085/R/x86_64-pc-linux-gnu-library/4.4/TMB/include/tmb_core.hpp:2116:26:   required from here\nPOPULATIONS/POPULATION_0020/INDIVIDUAL_2C3ZTUKV/model.cpp:148:18: error: \u2018dlnorm\u2019 was not declared in this scope; did you mean \u2018dnorm\u2019?\n  148 |     nll -= dlnorm(N_dat(i), log(N_pred(i) + small_const), sigma_N + min_sd, true);\n      |            ~~~~~~^~~~~~~~~~~~~~~~~~~~~~~~~~~~~~~~~~~~~~~~~~~~~~~~~~~~~~~~~~~~~~~~\n      |            dnorm\nPOPULATIONS/POPULATION_0020/INDIVIDUAL_2C3ZTUKV/model.cpp:149:18: error: \u2018dlnorm\u2019 was not declared in this scope, and no declarations were found by argument-dependent lookup at the point of instantiation\n  149 |     nll -= dlnorm(P_dat(i), log(P_pred(i) + small_const), sigma_P + min_sd, true);\n      |            ~~~~~~^~~~~~~~~~~~~~~~~~~~~~~~~~~~~~~~~~~~~~~~~~~~~~~~~~~~~~~~~~~~~~~~\nPOPULATIONS/POPULATION_0020/INDIVIDUAL_2C3ZTUKV/model.cpp:148:18: note: \u2018dlnorm\u2019 declared here, later in the translation unit\n  148 |     nll -= dlnorm(N_dat(i), log(N_pred(i) + small_const), sigma_N + min_sd, true);\n      |            ~~~~~~^~~~~~~~~~~~~~~~~~~~~~~~~~~~~~~~~~~~~~~~~~~~~~~~~~~~~~~~~~~~~~~~\nPOPULATIONS/POPULATION_0020/INDIVIDUAL_2C3ZTUKV/model.cpp:150:18: error: \u2018dlnorm\u2019 was not declared in this scope, and no declarations were found by argument-dependent lookup at the point of instantiation\n  150 |     nll -= dlnorm(Z_dat(i), log(Z_pred(i) + small_const), sigma_Z + min_sd, true);\n      |            ~~~~~~^~~~~~~~~~~~~~~~~~~~~~~~~~~~~~~~~~~~~~~~~~~~~~~~~~~~~~~~~~~~~~~~\nPOPULATIONS/POPULATION_0020/INDIVIDUAL_2C3ZTUKV/model.cpp:148:18: note: \u2018dlnorm\u2019 declared here, later in the translation unit\n  148 |     nll -= dlnorm(N_dat(i), log(N_pred(i) + small_const), sigma_N + min_sd, true);\n      |            ~~~~~~^~~~~~~~~~~~~~~~~~~~~~~~~~~~~~~~~~~~~~~~~~~~~~~~~~~~~~~~~~~~~~~~\nPOPULATIONS/POPULATION_0020/INDIVIDUAL_2C3ZTUKV/model.cpp: In instantiation of \u2018Type objective_function<Type>::operator()() [with Type = CppAD::AD<CppAD::AD<CppAD::AD<double> > >]\u2019:\n/home/spi085/R/x86_64-pc-linux-gnu-library/4.4/TMB/include/tmb_core.hpp:917:29:   required from \u2018Type objective_function<Type>::evalUserTemplate() [with Type = CppAD::AD<CppAD::AD<CppAD::AD<double> > >]\u2019\n/home/spi085/R/x86_64-pc-linux-gnu-library/4.4/TMB/include/tmb_core.hpp:2365:28:   required from here\nPOPULATIONS/POPULATION_0020/INDIVIDUAL_2C3ZTUKV/model.cpp:148:18: error: \u2018dlnorm\u2019 was not declared in this scope; did you mean \u2018dnorm\u2019?\n  148 |     nll -= dlnorm(N_dat(i), log(N_pred(i) + small_const), sigma_N + min_sd, true);\n      |            ~~~~~~^~~~~~~~~~~~~~~~~~~~~~~~~~~~~~~~~~~~~~~~~~~~~~~~~~~~~~~~~~~~~~~~\n      |            dnorm\nPOPULATIONS/POPULATION_0020/INDIVIDUAL_2C3ZTUKV/model.cpp:149:18: error: \u2018dlnorm\u2019 was not declared in this scope, and no declarations were found by argument-dependent lookup at the point of instantiation\n  149 |     nll -= dlnorm(P_dat(i), log(P_pred(i) + small_const), sigma_P + min_sd, true);\n      |            ~~~~~~^~~~~~~~~~~~~~~~~~~~~~~~~~~~~~~~~~~~~~~~~~~~~~~~~~~~~~~~~~~~~~~~\nPOPULATIONS/POPULATION_0020/INDIVIDUAL_2C3ZTUKV/model.cpp:148:18: note: \u2018dlnorm\u2019 declared here, later in the translation unit\n  148 |     nll -= dlnorm(N_dat(i), log(N_pred(i) + small_const), sigma_N + min_sd, true);\n      |            ~~~~~~^~~~~~~~~~~~~~~~~~~~~~~~~~~~~~~~~~~~~~~~~~~~~~~~~~~~~~~~~~~~~~~~\nPOPULATIONS/POPULATION_0020/INDIVIDUAL_2C3ZTUKV/model.cpp:150:18: error: \u2018dlnorm\u2019 was not declared in this scope, and no declarations were found by argument-dependent lookup at the point of instantiation\n  150 |     nll -= dlnorm(Z_dat(i), log(Z_pred(i) + small_const), sigma_Z + min_sd, true);\n      |            ~~~~~~^~~~~~~~~~~~~~~~~~~~~~~~~~~~~~~~~~~~~~~~~~~~~~~~~~~~~~~~~~~~~~~~\nPOPULATIONS/POPULATION_0020/INDIVIDUAL_2C3ZTUKV/model.cpp:148:18: note: \u2018dlnorm\u2019 declared here, later in the translation unit\n  148 |     nll -= dlnorm(N_dat(i), log(N_pred(i) + small_const), sigma_N + min_sd, true);\n      |            ~~~~~~^~~~~~~~~~~~~~~~~~~~~~~~~~~~~~~~~~~~~~~~~~~~~~~~~~~~~~~~~~~~~~~~\nmake: *** [/usr/lib/R/etc/Makeconf:204: POPULATIONS/POPULATION_0020/INDIVIDUAL_2C3ZTUKV/model.o] Error 1\nError in TMB::compile(file.path(individual_dir, model_file), flags = flags,  : \n  Compilation failed\nError: Compilation failed\nExecution halted"
    },
    "2": {
      "status": "ERROR",
      "message": "Model failed to compile.",
      "stdout": "g++ -std=gnu++17 -I\"/usr/share/R/include\" -DNDEBUG -I\"/home/spi085/R/x86_64-pc-linux-gnu-library/4.4/TMB/include\" -I\"/home/spi085/R/x86_64-pc-linux-gnu-library/4.4/RcppEigen/include\"   -DTMB_EIGEN_DISABLE_WARNINGS   -DTMB_LIB_INIT=R_init_model  -DCPPAD_FRAMEWORK      -fpic  -O2  -c POPULATIONS/POPULATION_0020/INDIVIDUAL_2C3ZTUKV/model.cpp -o POPULATIONS/POPULATION_0020/INDIVIDUAL_2C3ZTUKV/model.o",
      "stderr": "Loading required package: TMB\nLoading required package: jsonlite\nusing C++ compiler: \u2018g++ (Ubuntu 13.3.0-6ubuntu2~24.04) 13.3.0\u2019\nPOPULATIONS/POPULATION_0020/INDIVIDUAL_2C3ZTUKV/model.cpp: In member function \u2018Type objective_function<Type>::operator()()\u2019:\nPOPULATIONS/POPULATION_0020/INDIVIDUAL_2C3ZTUKV/model.cpp:148:45: error: \u2018small_const\u2019 was not declared in this scope\n  148 |     nll -= dlnorm(N_dat(i), log(N_pred(i) + small_const), sigma_N + min_sd, true);\n      |                                             ^~~~~~~~~~~\nPOPULATIONS/POPULATION_0020/INDIVIDUAL_2C3ZTUKV/model.cpp: In instantiation of \u2018Type objective_function<Type>::operator()() [with Type = CppAD::AD<double>]\u2019:\n/home/spi085/R/x86_64-pc-linux-gnu-library/4.4/TMB/include/tmb_core.hpp:1312:6:   required from here\nPOPULATIONS/POPULATION_0020/INDIVIDUAL_2C3ZTUKV/model.cpp:148:18: error: \u2018dlnorm\u2019 was not declared in this scope; did you mean \u2018dnorm\u2019?\n  148 |     nll -= dlnorm(N_dat(i), log(N_pred(i) + small_const), sigma_N + min_sd, true);\n      |            ~~~~~~^~~~~~~~~~~~~~~~~~~~~~~~~~~~~~~~~~~~~~~~~~~~~~~~~~~~~~~~~~~~~~~~\n      |            dnorm\nPOPULATIONS/POPULATION_0020/INDIVIDUAL_2C3ZTUKV/model.cpp:149:18: error: \u2018dlnorm\u2019 was not declared in this scope, and no declarations were found by argument-dependent lookup at the point of instantiation\n  149 |     nll -= dlnorm(P_dat(i), log(P_pred(i) + small_const), sigma_P + min_sd, true);\n      |            ~~~~~~^~~~~~~~~~~~~~~~~~~~~~~~~~~~~~~~~~~~~~~~~~~~~~~~~~~~~~~~~~~~~~~~\nPOPULATIONS/POPULATION_0020/INDIVIDUAL_2C3ZTUKV/model.cpp:148:18: note: \u2018dlnorm\u2019 declared here, later in the translation unit\n  148 |     nll -= dlnorm(N_dat(i), log(N_pred(i) + small_const), sigma_N + min_sd, true);\n      |            ~~~~~~^~~~~~~~~~~~~~~~~~~~~~~~~~~~~~~~~~~~~~~~~~~~~~~~~~~~~~~~~~~~~~~~\nPOPULATIONS/POPULATION_0020/INDIVIDUAL_2C3ZTUKV/model.cpp:150:18: error: \u2018dlnorm\u2019 was not declared in this scope, and no declarations were found by argument-dependent lookup at the point of instantiation\n  150 |     nll -= dlnorm(Z_dat(i), log(Z_pred(i) + small_const), sigma_Z + min_sd, true);\n      |            ~~~~~~^~~~~~~~~~~~~~~~~~~~~~~~~~~~~~~~~~~~~~~~~~~~~~~~~~~~~~~~~~~~~~~~\nPOPULATIONS/POPULATION_0020/INDIVIDUAL_2C3ZTUKV/model.cpp:148:18: note: \u2018dlnorm\u2019 declared here, later in the translation unit\n  148 |     nll -= dlnorm(N_dat(i), log(N_pred(i) + small_const), sigma_N + min_sd, true);\n      |            ~~~~~~^~~~~~~~~~~~~~~~~~~~~~~~~~~~~~~~~~~~~~~~~~~~~~~~~~~~~~~~~~~~~~~~\nPOPULATIONS/POPULATION_0020/INDIVIDUAL_2C3ZTUKV/model.cpp: In instantiation of \u2018Type objective_function<Type>::operator()() [with Type = double]\u2019:\n/home/spi085/R/x86_64-pc-linux-gnu-library/4.4/TMB/include/tmb_core.hpp:2035:7:   required from here\nPOPULATIONS/POPULATION_0020/INDIVIDUAL_2C3ZTUKV/model.cpp:148:18: error: \u2018dlnorm\u2019 was not declared in this scope; did you mean \u2018dnorm\u2019?\n  148 |     nll -= dlnorm(N_dat(i), log(N_pred(i) + small_const), sigma_N + min_sd, true);\n      |            ~~~~~~^~~~~~~~~~~~~~~~~~~~~~~~~~~~~~~~~~~~~~~~~~~~~~~~~~~~~~~~~~~~~~~~\n      |            dnorm\nPOPULATIONS/POPULATION_0020/INDIVIDUAL_2C3ZTUKV/model.cpp:149:18: error: \u2018dlnorm\u2019 was not declared in this scope, and no declarations were found by argument-dependent lookup at the point of instantiation\n  149 |     nll -= dlnorm(P_dat(i), log(P_pred(i) + small_const), sigma_P + min_sd, true);\n      |            ~~~~~~^~~~~~~~~~~~~~~~~~~~~~~~~~~~~~~~~~~~~~~~~~~~~~~~~~~~~~~~~~~~~~~~\nPOPULATIONS/POPULATION_0020/INDIVIDUAL_2C3ZTUKV/model.cpp:148:18: note: \u2018dlnorm\u2019 declared here, later in the translation unit\n  148 |     nll -= dlnorm(N_dat(i), log(N_pred(i) + small_const), sigma_N + min_sd, true);\n      |            ~~~~~~^~~~~~~~~~~~~~~~~~~~~~~~~~~~~~~~~~~~~~~~~~~~~~~~~~~~~~~~~~~~~~~~\nPOPULATIONS/POPULATION_0020/INDIVIDUAL_2C3ZTUKV/model.cpp:150:18: error: \u2018dlnorm\u2019 was not declared in this scope, and no declarations were found by argument-dependent lookup at the point of instantiation\n  150 |     nll -= dlnorm(Z_dat(i), log(Z_pred(i) + small_const), sigma_Z + min_sd, true);\n      |            ~~~~~~^~~~~~~~~~~~~~~~~~~~~~~~~~~~~~~~~~~~~~~~~~~~~~~~~~~~~~~~~~~~~~~~\nPOPULATIONS/POPULATION_0020/INDIVIDUAL_2C3ZTUKV/model.cpp:148:18: note: \u2018dlnorm\u2019 declared here, later in the translation unit\n  148 |     nll -= dlnorm(N_dat(i), log(N_pred(i) + small_const), sigma_N + min_sd, true);\n      |            ~~~~~~^~~~~~~~~~~~~~~~~~~~~~~~~~~~~~~~~~~~~~~~~~~~~~~~~~~~~~~~~~~~~~~~\nPOPULATIONS/POPULATION_0020/INDIVIDUAL_2C3ZTUKV/model.cpp: In instantiation of \u2018Type objective_function<Type>::operator()() [with Type = CppAD::AD<CppAD::AD<double> >]\u2019:\n/home/spi085/R/x86_64-pc-linux-gnu-library/4.4/TMB/include/tmb_core.hpp:917:29:   required from \u2018Type objective_function<Type>::evalUserTemplate() [with Type = CppAD::AD<CppAD::AD<double> >]\u2019\n/home/spi085/R/x86_64-pc-linux-gnu-library/4.4/TMB/include/tmb_core.hpp:2116:26:   required from here\nPOPULATIONS/POPULATION_0020/INDIVIDUAL_2C3ZTUKV/model.cpp:148:18: error: \u2018dlnorm\u2019 was not declared in this scope; did you mean \u2018dnorm\u2019?\n  148 |     nll -= dlnorm(N_dat(i), log(N_pred(i) + small_const), sigma_N + min_sd, true);\n      |            ~~~~~~^~~~~~~~~~~~~~~~~~~~~~~~~~~~~~~~~~~~~~~~~~~~~~~~~~~~~~~~~~~~~~~~\n      |            dnorm\nPOPULATIONS/POPULATION_0020/INDIVIDUAL_2C3ZTUKV/model.cpp:149:18: error: \u2018dlnorm\u2019 was not declared in this scope, and no declarations were found by argument-dependent lookup at the point of instantiation\n  149 |     nll -= dlnorm(P_dat(i), log(P_pred(i) + small_const), sigma_P + min_sd, true);\n      |            ~~~~~~^~~~~~~~~~~~~~~~~~~~~~~~~~~~~~~~~~~~~~~~~~~~~~~~~~~~~~~~~~~~~~~~\nPOPULATIONS/POPULATION_0020/INDIVIDUAL_2C3ZTUKV/model.cpp:148:18: note: \u2018dlnorm\u2019 declared here, later in the translation unit\n  148 |     nll -= dlnorm(N_dat(i), log(N_pred(i) + small_const), sigma_N + min_sd, true);\n      |            ~~~~~~^~~~~~~~~~~~~~~~~~~~~~~~~~~~~~~~~~~~~~~~~~~~~~~~~~~~~~~~~~~~~~~~\nPOPULATIONS/POPULATION_0020/INDIVIDUAL_2C3ZTUKV/model.cpp:150:18: error: \u2018dlnorm\u2019 was not declared in this scope, and no declarations were found by argument-dependent lookup at the point of instantiation\n  150 |     nll -= dlnorm(Z_dat(i), log(Z_pred(i) + small_const), sigma_Z + min_sd, true);\n      |            ~~~~~~^~~~~~~~~~~~~~~~~~~~~~~~~~~~~~~~~~~~~~~~~~~~~~~~~~~~~~~~~~~~~~~~\nPOPULATIONS/POPULATION_0020/INDIVIDUAL_2C3ZTUKV/model.cpp:148:18: note: \u2018dlnorm\u2019 declared here, later in the translation unit\n  148 |     nll -= dlnorm(N_dat(i), log(N_pred(i) + small_const), sigma_N + min_sd, true);\n      |            ~~~~~~^~~~~~~~~~~~~~~~~~~~~~~~~~~~~~~~~~~~~~~~~~~~~~~~~~~~~~~~~~~~~~~~\nPOPULATIONS/POPULATION_0020/INDIVIDUAL_2C3ZTUKV/model.cpp: In instantiation of \u2018Type objective_function<Type>::operator()() [with Type = CppAD::AD<CppAD::AD<CppAD::AD<double> > >]\u2019:\n/home/spi085/R/x86_64-pc-linux-gnu-library/4.4/TMB/include/tmb_core.hpp:917:29:   required from \u2018Type objective_function<Type>::evalUserTemplate() [with Type = CppAD::AD<CppAD::AD<CppAD::AD<double> > >]\u2019\n/home/spi085/R/x86_64-pc-linux-gnu-library/4.4/TMB/include/tmb_core.hpp:2365:28:   required from here\nPOPULATIONS/POPULATION_0020/INDIVIDUAL_2C3ZTUKV/model.cpp:148:18: error: \u2018dlnorm\u2019 was not declared in this scope; did you mean \u2018dnorm\u2019?\n  148 |     nll -= dlnorm(N_dat(i), log(N_pred(i) + small_const), sigma_N + min_sd, true);\n      |            ~~~~~~^~~~~~~~~~~~~~~~~~~~~~~~~~~~~~~~~~~~~~~~~~~~~~~~~~~~~~~~~~~~~~~~\n      |            dnorm\nPOPULATIONS/POPULATION_0020/INDIVIDUAL_2C3ZTUKV/model.cpp:149:18: error: \u2018dlnorm\u2019 was not declared in this scope, and no declarations were found by argument-dependent lookup at the point of instantiation\n  149 |     nll -= dlnorm(P_dat(i), log(P_pred(i) + small_const), sigma_P + min_sd, true);\n      |            ~~~~~~^~~~~~~~~~~~~~~~~~~~~~~~~~~~~~~~~~~~~~~~~~~~~~~~~~~~~~~~~~~~~~~~\nPOPULATIONS/POPULATION_0020/INDIVIDUAL_2C3ZTUKV/model.cpp:148:18: note: \u2018dlnorm\u2019 declared here, later in the translation unit\n  148 |     nll -= dlnorm(N_dat(i), log(N_pred(i) + small_const), sigma_N + min_sd, true);\n      |            ~~~~~~^~~~~~~~~~~~~~~~~~~~~~~~~~~~~~~~~~~~~~~~~~~~~~~~~~~~~~~~~~~~~~~~\nPOPULATIONS/POPULATION_0020/INDIVIDUAL_2C3ZTUKV/model.cpp:150:18: error: \u2018dlnorm\u2019 was not declared in this scope, and no declarations were found by argument-dependent lookup at the point of instantiation\n  150 |     nll -= dlnorm(Z_dat(i), log(Z_pred(i) + small_const), sigma_Z + min_sd, true);\n      |            ~~~~~~^~~~~~~~~~~~~~~~~~~~~~~~~~~~~~~~~~~~~~~~~~~~~~~~~~~~~~~~~~~~~~~~\nPOPULATIONS/POPULATION_0020/INDIVIDUAL_2C3ZTUKV/model.cpp:148:18: note: \u2018dlnorm\u2019 declared here, later in the translation unit\n  148 |     nll -= dlnorm(N_dat(i), log(N_pred(i) + small_const), sigma_N + min_sd, true);\n      |            ~~~~~~^~~~~~~~~~~~~~~~~~~~~~~~~~~~~~~~~~~~~~~~~~~~~~~~~~~~~~~~~~~~~~~~\nmake: *** [/usr/lib/R/etc/Makeconf:204: POPULATIONS/POPULATION_0020/INDIVIDUAL_2C3ZTUKV/model.o] Error 1\nError in TMB::compile(file.path(individual_dir, model_file), flags = flags,  : \n  Compilation failed\nError: Compilation failed\nExecution halted"
    },
    "3": {
      "status": "ERROR",
      "message": "Model failed to compile.",
      "stdout": "g++ -std=gnu++17 -I\"/usr/share/R/include\" -DNDEBUG -I\"/home/spi085/R/x86_64-pc-linux-gnu-library/4.4/TMB/include\" -I\"/home/spi085/R/x86_64-pc-linux-gnu-library/4.4/RcppEigen/include\"   -DTMB_EIGEN_DISABLE_WARNINGS   -DTMB_LIB_INIT=R_init_model  -DCPPAD_FRAMEWORK      -fpic  -O2  -c POPULATIONS/POPULATION_0020/INDIVIDUAL_2C3ZTUKV/model.cpp -o POPULATIONS/POPULATION_0020/INDIVIDUAL_2C3ZTUKV/model.o",
      "stderr": "Loading required package: TMB\nLoading required package: jsonlite\nusing C++ compiler: \u2018g++ (Ubuntu 13.3.0-6ubuntu2~24.04) 13.3.0\u2019\nPOPULATIONS/POPULATION_0020/INDIVIDUAL_2C3ZTUKV/model.cpp: In member function \u2018Type objective_function<Type>::operator()()\u2019:\nPOPULATIONS/POPULATION_0020/INDIVIDUAL_2C3ZTUKV/model.cpp:148:45: error: \u2018small_const\u2019 was not declared in this scope\n  148 |     nll -= dlnorm(N_dat(i), log(N_pred(i) + small_const), sigma_N + min_sd, true);\n      |                                             ^~~~~~~~~~~\nPOPULATIONS/POPULATION_0020/INDIVIDUAL_2C3ZTUKV/model.cpp: In instantiation of \u2018Type objective_function<Type>::operator()() [with Type = CppAD::AD<double>]\u2019:\n/home/spi085/R/x86_64-pc-linux-gnu-library/4.4/TMB/include/tmb_core.hpp:1312:6:   required from here\nPOPULATIONS/POPULATION_0020/INDIVIDUAL_2C3ZTUKV/model.cpp:148:18: error: \u2018dlnorm\u2019 was not declared in this scope; did you mean \u2018dnorm\u2019?\n  148 |     nll -= dlnorm(N_dat(i), log(N_pred(i) + small_const), sigma_N + min_sd, true);\n      |            ~~~~~~^~~~~~~~~~~~~~~~~~~~~~~~~~~~~~~~~~~~~~~~~~~~~~~~~~~~~~~~~~~~~~~~\n      |            dnorm\nPOPULATIONS/POPULATION_0020/INDIVIDUAL_2C3ZTUKV/model.cpp:149:18: error: \u2018dlnorm\u2019 was not declared in this scope, and no declarations were found by argument-dependent lookup at the point of instantiation\n  149 |     nll -= dlnorm(P_dat(i), log(P_pred(i) + small_const), sigma_P + min_sd, true);\n      |            ~~~~~~^~~~~~~~~~~~~~~~~~~~~~~~~~~~~~~~~~~~~~~~~~~~~~~~~~~~~~~~~~~~~~~~\nPOPULATIONS/POPULATION_0020/INDIVIDUAL_2C3ZTUKV/model.cpp:148:18: note: \u2018dlnorm\u2019 declared here, later in the translation unit\n  148 |     nll -= dlnorm(N_dat(i), log(N_pred(i) + small_const), sigma_N + min_sd, true);\n      |            ~~~~~~^~~~~~~~~~~~~~~~~~~~~~~~~~~~~~~~~~~~~~~~~~~~~~~~~~~~~~~~~~~~~~~~\nPOPULATIONS/POPULATION_0020/INDIVIDUAL_2C3ZTUKV/model.cpp:150:18: error: \u2018dlnorm\u2019 was not declared in this scope, and no declarations were found by argument-dependent lookup at the point of instantiation\n  150 |     nll -= dlnorm(Z_dat(i), log(Z_pred(i) + small_const), sigma_Z + min_sd, true);\n      |            ~~~~~~^~~~~~~~~~~~~~~~~~~~~~~~~~~~~~~~~~~~~~~~~~~~~~~~~~~~~~~~~~~~~~~~\nPOPULATIONS/POPULATION_0020/INDIVIDUAL_2C3ZTUKV/model.cpp:148:18: note: \u2018dlnorm\u2019 declared here, later in the translation unit\n  148 |     nll -= dlnorm(N_dat(i), log(N_pred(i) + small_const), sigma_N + min_sd, true);\n      |            ~~~~~~^~~~~~~~~~~~~~~~~~~~~~~~~~~~~~~~~~~~~~~~~~~~~~~~~~~~~~~~~~~~~~~~\nPOPULATIONS/POPULATION_0020/INDIVIDUAL_2C3ZTUKV/model.cpp: In instantiation of \u2018Type objective_function<Type>::operator()() [with Type = double]\u2019:\n/home/spi085/R/x86_64-pc-linux-gnu-library/4.4/TMB/include/tmb_core.hpp:2035:7:   required from here\nPOPULATIONS/POPULATION_0020/INDIVIDUAL_2C3ZTUKV/model.cpp:148:18: error: \u2018dlnorm\u2019 was not declared in this scope; did you mean \u2018dnorm\u2019?\n  148 |     nll -= dlnorm(N_dat(i), log(N_pred(i) + small_const), sigma_N + min_sd, true);\n      |            ~~~~~~^~~~~~~~~~~~~~~~~~~~~~~~~~~~~~~~~~~~~~~~~~~~~~~~~~~~~~~~~~~~~~~~\n      |            dnorm\nPOPULATIONS/POPULATION_0020/INDIVIDUAL_2C3ZTUKV/model.cpp:149:18: error: \u2018dlnorm\u2019 was not declared in this scope, and no declarations were found by argument-dependent lookup at the point of instantiation\n  149 |     nll -= dlnorm(P_dat(i), log(P_pred(i) + small_const), sigma_P + min_sd, true);\n      |            ~~~~~~^~~~~~~~~~~~~~~~~~~~~~~~~~~~~~~~~~~~~~~~~~~~~~~~~~~~~~~~~~~~~~~~\nPOPULATIONS/POPULATION_0020/INDIVIDUAL_2C3ZTUKV/model.cpp:148:18: note: \u2018dlnorm\u2019 declared here, later in the translation unit\n  148 |     nll -= dlnorm(N_dat(i), log(N_pred(i) + small_const), sigma_N + min_sd, true);\n      |            ~~~~~~^~~~~~~~~~~~~~~~~~~~~~~~~~~~~~~~~~~~~~~~~~~~~~~~~~~~~~~~~~~~~~~~\nPOPULATIONS/POPULATION_0020/INDIVIDUAL_2C3ZTUKV/model.cpp:150:18: error: \u2018dlnorm\u2019 was not declared in this scope, and no declarations were found by argument-dependent lookup at the point of instantiation\n  150 |     nll -= dlnorm(Z_dat(i), log(Z_pred(i) + small_const), sigma_Z + min_sd, true);\n      |            ~~~~~~^~~~~~~~~~~~~~~~~~~~~~~~~~~~~~~~~~~~~~~~~~~~~~~~~~~~~~~~~~~~~~~~\nPOPULATIONS/POPULATION_0020/INDIVIDUAL_2C3ZTUKV/model.cpp:148:18: note: \u2018dlnorm\u2019 declared here, later in the translation unit\n  148 |     nll -= dlnorm(N_dat(i), log(N_pred(i) + small_const), sigma_N + min_sd, true);\n      |            ~~~~~~^~~~~~~~~~~~~~~~~~~~~~~~~~~~~~~~~~~~~~~~~~~~~~~~~~~~~~~~~~~~~~~~\nPOPULATIONS/POPULATION_0020/INDIVIDUAL_2C3ZTUKV/model.cpp: In instantiation of \u2018Type objective_function<Type>::operator()() [with Type = CppAD::AD<CppAD::AD<double> >]\u2019:\n/home/spi085/R/x86_64-pc-linux-gnu-library/4.4/TMB/include/tmb_core.hpp:917:29:   required from \u2018Type objective_function<Type>::evalUserTemplate() [with Type = CppAD::AD<CppAD::AD<double> >]\u2019\n/home/spi085/R/x86_64-pc-linux-gnu-library/4.4/TMB/include/tmb_core.hpp:2116:26:   required from here\nPOPULATIONS/POPULATION_0020/INDIVIDUAL_2C3ZTUKV/model.cpp:148:18: error: \u2018dlnorm\u2019 was not declared in this scope; did you mean \u2018dnorm\u2019?\n  148 |     nll -= dlnorm(N_dat(i), log(N_pred(i) + small_const), sigma_N + min_sd, true);\n      |            ~~~~~~^~~~~~~~~~~~~~~~~~~~~~~~~~~~~~~~~~~~~~~~~~~~~~~~~~~~~~~~~~~~~~~~\n      |            dnorm\nPOPULATIONS/POPULATION_0020/INDIVIDUAL_2C3ZTUKV/model.cpp:149:18: error: \u2018dlnorm\u2019 was not declared in this scope, and no declarations were found by argument-dependent lookup at the point of instantiation\n  149 |     nll -= dlnorm(P_dat(i), log(P_pred(i) + small_const), sigma_P + min_sd, true);\n      |            ~~~~~~^~~~~~~~~~~~~~~~~~~~~~~~~~~~~~~~~~~~~~~~~~~~~~~~~~~~~~~~~~~~~~~~\nPOPULATIONS/POPULATION_0020/INDIVIDUAL_2C3ZTUKV/model.cpp:148:18: note: \u2018dlnorm\u2019 declared here, later in the translation unit\n  148 |     nll -= dlnorm(N_dat(i), log(N_pred(i) + small_const), sigma_N + min_sd, true);\n      |            ~~~~~~^~~~~~~~~~~~~~~~~~~~~~~~~~~~~~~~~~~~~~~~~~~~~~~~~~~~~~~~~~~~~~~~\nPOPULATIONS/POPULATION_0020/INDIVIDUAL_2C3ZTUKV/model.cpp:150:18: error: \u2018dlnorm\u2019 was not declared in this scope, and no declarations were found by argument-dependent lookup at the point of instantiation\n  150 |     nll -= dlnorm(Z_dat(i), log(Z_pred(i) + small_const), sigma_Z + min_sd, true);\n      |            ~~~~~~^~~~~~~~~~~~~~~~~~~~~~~~~~~~~~~~~~~~~~~~~~~~~~~~~~~~~~~~~~~~~~~~\nPOPULATIONS/POPULATION_0020/INDIVIDUAL_2C3ZTUKV/model.cpp:148:18: note: \u2018dlnorm\u2019 declared here, later in the translation unit\n  148 |     nll -= dlnorm(N_dat(i), log(N_pred(i) + small_const), sigma_N + min_sd, true);\n      |            ~~~~~~^~~~~~~~~~~~~~~~~~~~~~~~~~~~~~~~~~~~~~~~~~~~~~~~~~~~~~~~~~~~~~~~\nPOPULATIONS/POPULATION_0020/INDIVIDUAL_2C3ZTUKV/model.cpp: In instantiation of \u2018Type objective_function<Type>::operator()() [with Type = CppAD::AD<CppAD::AD<CppAD::AD<double> > >]\u2019:\n/home/spi085/R/x86_64-pc-linux-gnu-library/4.4/TMB/include/tmb_core.hpp:917:29:   required from \u2018Type objective_function<Type>::evalUserTemplate() [with Type = CppAD::AD<CppAD::AD<CppAD::AD<double> > >]\u2019\n/home/spi085/R/x86_64-pc-linux-gnu-library/4.4/TMB/include/tmb_core.hpp:2365:28:   required from here\nPOPULATIONS/POPULATION_0020/INDIVIDUAL_2C3ZTUKV/model.cpp:148:18: error: \u2018dlnorm\u2019 was not declared in this scope; did you mean \u2018dnorm\u2019?\n  148 |     nll -= dlnorm(N_dat(i), log(N_pred(i) + small_const), sigma_N + min_sd, true);\n      |            ~~~~~~^~~~~~~~~~~~~~~~~~~~~~~~~~~~~~~~~~~~~~~~~~~~~~~~~~~~~~~~~~~~~~~~\n      |            dnorm\nPOPULATIONS/POPULATION_0020/INDIVIDUAL_2C3ZTUKV/model.cpp:149:18: error: \u2018dlnorm\u2019 was not declared in this scope, and no declarations were found by argument-dependent lookup at the point of instantiation\n  149 |     nll -= dlnorm(P_dat(i), log(P_pred(i) + small_const), sigma_P + min_sd, true);\n      |            ~~~~~~^~~~~~~~~~~~~~~~~~~~~~~~~~~~~~~~~~~~~~~~~~~~~~~~~~~~~~~~~~~~~~~~\nPOPULATIONS/POPULATION_0020/INDIVIDUAL_2C3ZTUKV/model.cpp:148:18: note: \u2018dlnorm\u2019 declared here, later in the translation unit\n  148 |     nll -= dlnorm(N_dat(i), log(N_pred(i) + small_const), sigma_N + min_sd, true);\n      |            ~~~~~~^~~~~~~~~~~~~~~~~~~~~~~~~~~~~~~~~~~~~~~~~~~~~~~~~~~~~~~~~~~~~~~~\nPOPULATIONS/POPULATION_0020/INDIVIDUAL_2C3ZTUKV/model.cpp:150:18: error: \u2018dlnorm\u2019 was not declared in this scope, and no declarations were found by argument-dependent lookup at the point of instantiation\n  150 |     nll -= dlnorm(Z_dat(i), log(Z_pred(i) + small_const), sigma_Z + min_sd, true);\n      |            ~~~~~~^~~~~~~~~~~~~~~~~~~~~~~~~~~~~~~~~~~~~~~~~~~~~~~~~~~~~~~~~~~~~~~~\nPOPULATIONS/POPULATION_0020/INDIVIDUAL_2C3ZTUKV/model.cpp:148:18: note: \u2018dlnorm\u2019 declared here, later in the translation unit\n  148 |     nll -= dlnorm(N_dat(i), log(N_pred(i) + small_const), sigma_N + min_sd, true);\n      |            ~~~~~~^~~~~~~~~~~~~~~~~~~~~~~~~~~~~~~~~~~~~~~~~~~~~~~~~~~~~~~~~~~~~~~~\nmake: *** [/usr/lib/R/etc/Makeconf:204: POPULATIONS/POPULATION_0020/INDIVIDUAL_2C3ZTUKV/model.o] Error 1\nError in TMB::compile(file.path(individual_dir, model_file), flags = flags,  : \n  Compilation failed\nError: Compilation failed\nExecution halted"
    },
    "4": {
      "status": "ERROR",
      "message": "Model failed to compile.",
      "stdout": "g++ -std=gnu++17 -I\"/usr/share/R/include\" -DNDEBUG -I\"/home/spi085/R/x86_64-pc-linux-gnu-library/4.4/TMB/include\" -I\"/home/spi085/R/x86_64-pc-linux-gnu-library/4.4/RcppEigen/include\"   -DTMB_EIGEN_DISABLE_WARNINGS   -DTMB_LIB_INIT=R_init_model  -DCPPAD_FRAMEWORK      -fpic  -O2  -c POPULATIONS/POPULATION_0020/INDIVIDUAL_2C3ZTUKV/model.cpp -o POPULATIONS/POPULATION_0020/INDIVIDUAL_2C3ZTUKV/model.o",
      "stderr": "Loading required package: TMB\nLoading required package: jsonlite\nusing C++ compiler: \u2018g++ (Ubuntu 13.3.0-6ubuntu2~24.04) 13.3.0\u2019\nPOPULATIONS/POPULATION_0020/INDIVIDUAL_2C3ZTUKV/model.cpp: In member function \u2018Type objective_function<Type>::operator()()\u2019:\nPOPULATIONS/POPULATION_0020/INDIVIDUAL_2C3ZTUKV/model.cpp:148:45: error: \u2018small_const\u2019 was not declared in this scope\n  148 |     nll -= dlnorm(N_dat(i), log(N_pred(i) + small_const), sigma_N + min_sd, true);\n      |                                             ^~~~~~~~~~~\nPOPULATIONS/POPULATION_0020/INDIVIDUAL_2C3ZTUKV/model.cpp: In instantiation of \u2018Type objective_function<Type>::operator()() [with Type = CppAD::AD<double>]\u2019:\n/home/spi085/R/x86_64-pc-linux-gnu-library/4.4/TMB/include/tmb_core.hpp:1312:6:   required from here\nPOPULATIONS/POPULATION_0020/INDIVIDUAL_2C3ZTUKV/model.cpp:148:18: error: \u2018dlnorm\u2019 was not declared in this scope; did you mean \u2018dnorm\u2019?\n  148 |     nll -= dlnorm(N_dat(i), log(N_pred(i) + small_const), sigma_N + min_sd, true);\n      |            ~~~~~~^~~~~~~~~~~~~~~~~~~~~~~~~~~~~~~~~~~~~~~~~~~~~~~~~~~~~~~~~~~~~~~~\n      |            dnorm\nPOPULATIONS/POPULATION_0020/INDIVIDUAL_2C3ZTUKV/model.cpp:149:18: error: \u2018dlnorm\u2019 was not declared in this scope, and no declarations were found by argument-dependent lookup at the point of instantiation\n  149 |     nll -= dlnorm(P_dat(i), log(P_pred(i) + small_const), sigma_P + min_sd, true);\n      |            ~~~~~~^~~~~~~~~~~~~~~~~~~~~~~~~~~~~~~~~~~~~~~~~~~~~~~~~~~~~~~~~~~~~~~~\nPOPULATIONS/POPULATION_0020/INDIVIDUAL_2C3ZTUKV/model.cpp:148:18: note: \u2018dlnorm\u2019 declared here, later in the translation unit\n  148 |     nll -= dlnorm(N_dat(i), log(N_pred(i) + small_const), sigma_N + min_sd, true);\n      |            ~~~~~~^~~~~~~~~~~~~~~~~~~~~~~~~~~~~~~~~~~~~~~~~~~~~~~~~~~~~~~~~~~~~~~~\nPOPULATIONS/POPULATION_0020/INDIVIDUAL_2C3ZTUKV/model.cpp:150:18: error: \u2018dlnorm\u2019 was not declared in this scope, and no declarations were found by argument-dependent lookup at the point of instantiation\n  150 |     nll -= dlnorm(Z_dat(i), log(Z_pred(i) + small_const), sigma_Z + min_sd, true);\n      |            ~~~~~~^~~~~~~~~~~~~~~~~~~~~~~~~~~~~~~~~~~~~~~~~~~~~~~~~~~~~~~~~~~~~~~~\nPOPULATIONS/POPULATION_0020/INDIVIDUAL_2C3ZTUKV/model.cpp:148:18: note: \u2018dlnorm\u2019 declared here, later in the translation unit\n  148 |     nll -= dlnorm(N_dat(i), log(N_pred(i) + small_const), sigma_N + min_sd, true);\n      |            ~~~~~~^~~~~~~~~~~~~~~~~~~~~~~~~~~~~~~~~~~~~~~~~~~~~~~~~~~~~~~~~~~~~~~~\nPOPULATIONS/POPULATION_0020/INDIVIDUAL_2C3ZTUKV/model.cpp: In instantiation of \u2018Type objective_function<Type>::operator()() [with Type = double]\u2019:\n/home/spi085/R/x86_64-pc-linux-gnu-library/4.4/TMB/include/tmb_core.hpp:2035:7:   required from here\nPOPULATIONS/POPULATION_0020/INDIVIDUAL_2C3ZTUKV/model.cpp:148:18: error: \u2018dlnorm\u2019 was not declared in this scope; did you mean \u2018dnorm\u2019?\n  148 |     nll -= dlnorm(N_dat(i), log(N_pred(i) + small_const), sigma_N + min_sd, true);\n      |            ~~~~~~^~~~~~~~~~~~~~~~~~~~~~~~~~~~~~~~~~~~~~~~~~~~~~~~~~~~~~~~~~~~~~~~\n      |            dnorm\nPOPULATIONS/POPULATION_0020/INDIVIDUAL_2C3ZTUKV/model.cpp:149:18: error: \u2018dlnorm\u2019 was not declared in this scope, and no declarations were found by argument-dependent lookup at the point of instantiation\n  149 |     nll -= dlnorm(P_dat(i), log(P_pred(i) + small_const), sigma_P + min_sd, true);\n      |            ~~~~~~^~~~~~~~~~~~~~~~~~~~~~~~~~~~~~~~~~~~~~~~~~~~~~~~~~~~~~~~~~~~~~~~\nPOPULATIONS/POPULATION_0020/INDIVIDUAL_2C3ZTUKV/model.cpp:148:18: note: \u2018dlnorm\u2019 declared here, later in the translation unit\n  148 |     nll -= dlnorm(N_dat(i), log(N_pred(i) + small_const), sigma_N + min_sd, true);\n      |            ~~~~~~^~~~~~~~~~~~~~~~~~~~~~~~~~~~~~~~~~~~~~~~~~~~~~~~~~~~~~~~~~~~~~~~\nPOPULATIONS/POPULATION_0020/INDIVIDUAL_2C3ZTUKV/model.cpp:150:18: error: \u2018dlnorm\u2019 was not declared in this scope, and no declarations were found by argument-dependent lookup at the point of instantiation\n  150 |     nll -= dlnorm(Z_dat(i), log(Z_pred(i) + small_const), sigma_Z + min_sd, true);\n      |            ~~~~~~^~~~~~~~~~~~~~~~~~~~~~~~~~~~~~~~~~~~~~~~~~~~~~~~~~~~~~~~~~~~~~~~\nPOPULATIONS/POPULATION_0020/INDIVIDUAL_2C3ZTUKV/model.cpp:148:18: note: \u2018dlnorm\u2019 declared here, later in the translation unit\n  148 |     nll -= dlnorm(N_dat(i), log(N_pred(i) + small_const), sigma_N + min_sd, true);\n      |            ~~~~~~^~~~~~~~~~~~~~~~~~~~~~~~~~~~~~~~~~~~~~~~~~~~~~~~~~~~~~~~~~~~~~~~\nPOPULATIONS/POPULATION_0020/INDIVIDUAL_2C3ZTUKV/model.cpp: In instantiation of \u2018Type objective_function<Type>::operator()() [with Type = CppAD::AD<CppAD::AD<double> >]\u2019:\n/home/spi085/R/x86_64-pc-linux-gnu-library/4.4/TMB/include/tmb_core.hpp:917:29:   required from \u2018Type objective_function<Type>::evalUserTemplate() [with Type = CppAD::AD<CppAD::AD<double> >]\u2019\n/home/spi085/R/x86_64-pc-linux-gnu-library/4.4/TMB/include/tmb_core.hpp:2116:26:   required from here\nPOPULATIONS/POPULATION_0020/INDIVIDUAL_2C3ZTUKV/model.cpp:148:18: error: \u2018dlnorm\u2019 was not declared in this scope; did you mean \u2018dnorm\u2019?\n  148 |     nll -= dlnorm(N_dat(i), log(N_pred(i) + small_const), sigma_N + min_sd, true);\n      |            ~~~~~~^~~~~~~~~~~~~~~~~~~~~~~~~~~~~~~~~~~~~~~~~~~~~~~~~~~~~~~~~~~~~~~~\n      |            dnorm\nPOPULATIONS/POPULATION_0020/INDIVIDUAL_2C3ZTUKV/model.cpp:149:18: error: \u2018dlnorm\u2019 was not declared in this scope, and no declarations were found by argument-dependent lookup at the point of instantiation\n  149 |     nll -= dlnorm(P_dat(i), log(P_pred(i) + small_const), sigma_P + min_sd, true);\n      |            ~~~~~~^~~~~~~~~~~~~~~~~~~~~~~~~~~~~~~~~~~~~~~~~~~~~~~~~~~~~~~~~~~~~~~~\nPOPULATIONS/POPULATION_0020/INDIVIDUAL_2C3ZTUKV/model.cpp:148:18: note: \u2018dlnorm\u2019 declared here, later in the translation unit\n  148 |     nll -= dlnorm(N_dat(i), log(N_pred(i) + small_const), sigma_N + min_sd, true);\n      |            ~~~~~~^~~~~~~~~~~~~~~~~~~~~~~~~~~~~~~~~~~~~~~~~~~~~~~~~~~~~~~~~~~~~~~~\nPOPULATIONS/POPULATION_0020/INDIVIDUAL_2C3ZTUKV/model.cpp:150:18: error: \u2018dlnorm\u2019 was not declared in this scope, and no declarations were found by argument-dependent lookup at the point of instantiation\n  150 |     nll -= dlnorm(Z_dat(i), log(Z_pred(i) + small_const), sigma_Z + min_sd, true);\n      |            ~~~~~~^~~~~~~~~~~~~~~~~~~~~~~~~~~~~~~~~~~~~~~~~~~~~~~~~~~~~~~~~~~~~~~~\nPOPULATIONS/POPULATION_0020/INDIVIDUAL_2C3ZTUKV/model.cpp:148:18: note: \u2018dlnorm\u2019 declared here, later in the translation unit\n  148 |     nll -= dlnorm(N_dat(i), log(N_pred(i) + small_const), sigma_N + min_sd, true);\n      |            ~~~~~~^~~~~~~~~~~~~~~~~~~~~~~~~~~~~~~~~~~~~~~~~~~~~~~~~~~~~~~~~~~~~~~~\nPOPULATIONS/POPULATION_0020/INDIVIDUAL_2C3ZTUKV/model.cpp: In instantiation of \u2018Type objective_function<Type>::operator()() [with Type = CppAD::AD<CppAD::AD<CppAD::AD<double> > >]\u2019:\n/home/spi085/R/x86_64-pc-linux-gnu-library/4.4/TMB/include/tmb_core.hpp:917:29:   required from \u2018Type objective_function<Type>::evalUserTemplate() [with Type = CppAD::AD<CppAD::AD<CppAD::AD<double> > >]\u2019\n/home/spi085/R/x86_64-pc-linux-gnu-library/4.4/TMB/include/tmb_core.hpp:2365:28:   required from here\nPOPULATIONS/POPULATION_0020/INDIVIDUAL_2C3ZTUKV/model.cpp:148:18: error: \u2018dlnorm\u2019 was not declared in this scope; did you mean \u2018dnorm\u2019?\n  148 |     nll -= dlnorm(N_dat(i), log(N_pred(i) + small_const), sigma_N + min_sd, true);\n      |            ~~~~~~^~~~~~~~~~~~~~~~~~~~~~~~~~~~~~~~~~~~~~~~~~~~~~~~~~~~~~~~~~~~~~~~\n      |            dnorm\nPOPULATIONS/POPULATION_0020/INDIVIDUAL_2C3ZTUKV/model.cpp:149:18: error: \u2018dlnorm\u2019 was not declared in this scope, and no declarations were found by argument-dependent lookup at the point of instantiation\n  149 |     nll -= dlnorm(P_dat(i), log(P_pred(i) + small_const), sigma_P + min_sd, true);\n      |            ~~~~~~^~~~~~~~~~~~~~~~~~~~~~~~~~~~~~~~~~~~~~~~~~~~~~~~~~~~~~~~~~~~~~~~\nPOPULATIONS/POPULATION_0020/INDIVIDUAL_2C3ZTUKV/model.cpp:148:18: note: \u2018dlnorm\u2019 declared here, later in the translation unit\n  148 |     nll -= dlnorm(N_dat(i), log(N_pred(i) + small_const), sigma_N + min_sd, true);\n      |            ~~~~~~^~~~~~~~~~~~~~~~~~~~~~~~~~~~~~~~~~~~~~~~~~~~~~~~~~~~~~~~~~~~~~~~\nPOPULATIONS/POPULATION_0020/INDIVIDUAL_2C3ZTUKV/model.cpp:150:18: error: \u2018dlnorm\u2019 was not declared in this scope, and no declarations were found by argument-dependent lookup at the point of instantiation\n  150 |     nll -= dlnorm(Z_dat(i), log(Z_pred(i) + small_const), sigma_Z + min_sd, true);\n      |            ~~~~~~^~~~~~~~~~~~~~~~~~~~~~~~~~~~~~~~~~~~~~~~~~~~~~~~~~~~~~~~~~~~~~~~\nPOPULATIONS/POPULATION_0020/INDIVIDUAL_2C3ZTUKV/model.cpp:148:18: note: \u2018dlnorm\u2019 declared here, later in the translation unit\n  148 |     nll -= dlnorm(N_dat(i), log(N_pred(i) + small_const), sigma_N + min_sd, true);\n      |            ~~~~~~^~~~~~~~~~~~~~~~~~~~~~~~~~~~~~~~~~~~~~~~~~~~~~~~~~~~~~~~~~~~~~~~\nmake: *** [/usr/lib/R/etc/Makeconf:204: POPULATIONS/POPULATION_0020/INDIVIDUAL_2C3ZTUKV/model.o] Error 1\nError in TMB::compile(file.path(individual_dir, model_file), flags = flags,  : \n  Compilation failed\nError: Compilation failed\nExecution halted"
    },
    "5": {
      "status": "ERROR",
      "message": "Model failed to compile.",
      "stdout": "g++ -std=gnu++17 -I\"/usr/share/R/include\" -DNDEBUG -I\"/home/spi085/R/x86_64-pc-linux-gnu-library/4.4/TMB/include\" -I\"/home/spi085/R/x86_64-pc-linux-gnu-library/4.4/RcppEigen/include\"   -DTMB_EIGEN_DISABLE_WARNINGS   -DTMB_LIB_INIT=R_init_model  -DCPPAD_FRAMEWORK      -fpic  -O2  -c POPULATIONS/POPULATION_0020/INDIVIDUAL_2C3ZTUKV/model.cpp -o POPULATIONS/POPULATION_0020/INDIVIDUAL_2C3ZTUKV/model.o",
      "stderr": "Loading required package: TMB\nLoading required package: jsonlite\nusing C++ compiler: \u2018g++ (Ubuntu 13.3.0-6ubuntu2~24.04) 13.3.0\u2019\nPOPULATIONS/POPULATION_0020/INDIVIDUAL_2C3ZTUKV/model.cpp: In member function \u2018Type objective_function<Type>::operator()()\u2019:\nPOPULATIONS/POPULATION_0020/INDIVIDUAL_2C3ZTUKV/model.cpp:148:45: error: \u2018small_const\u2019 was not declared in this scope\n  148 |     nll -= dlnorm(N_dat(i), log(N_pred(i) + small_const), sigma_N + min_sd, true);\n      |                                             ^~~~~~~~~~~\nPOPULATIONS/POPULATION_0020/INDIVIDUAL_2C3ZTUKV/model.cpp: In instantiation of \u2018Type objective_function<Type>::operator()() [with Type = CppAD::AD<double>]\u2019:\n/home/spi085/R/x86_64-pc-linux-gnu-library/4.4/TMB/include/tmb_core.hpp:1312:6:   required from here\nPOPULATIONS/POPULATION_0020/INDIVIDUAL_2C3ZTUKV/model.cpp:148:18: error: \u2018dlnorm\u2019 was not declared in this scope; did you mean \u2018dnorm\u2019?\n  148 |     nll -= dlnorm(N_dat(i), log(N_pred(i) + small_const), sigma_N + min_sd, true);\n      |            ~~~~~~^~~~~~~~~~~~~~~~~~~~~~~~~~~~~~~~~~~~~~~~~~~~~~~~~~~~~~~~~~~~~~~~\n      |            dnorm\nPOPULATIONS/POPULATION_0020/INDIVIDUAL_2C3ZTUKV/model.cpp:149:18: error: \u2018dlnorm\u2019 was not declared in this scope, and no declarations were found by argument-dependent lookup at the point of instantiation\n  149 |     nll -= dlnorm(P_dat(i), log(P_pred(i) + small_const), sigma_P + min_sd, true);\n      |            ~~~~~~^~~~~~~~~~~~~~~~~~~~~~~~~~~~~~~~~~~~~~~~~~~~~~~~~~~~~~~~~~~~~~~~\nPOPULATIONS/POPULATION_0020/INDIVIDUAL_2C3ZTUKV/model.cpp:148:18: note: \u2018dlnorm\u2019 declared here, later in the translation unit\n  148 |     nll -= dlnorm(N_dat(i), log(N_pred(i) + small_const), sigma_N + min_sd, true);\n      |            ~~~~~~^~~~~~~~~~~~~~~~~~~~~~~~~~~~~~~~~~~~~~~~~~~~~~~~~~~~~~~~~~~~~~~~\nPOPULATIONS/POPULATION_0020/INDIVIDUAL_2C3ZTUKV/model.cpp:150:18: error: \u2018dlnorm\u2019 was not declared in this scope, and no declarations were found by argument-dependent lookup at the point of instantiation\n  150 |     nll -= dlnorm(Z_dat(i), log(Z_pred(i) + small_const), sigma_Z + min_sd, true);\n      |            ~~~~~~^~~~~~~~~~~~~~~~~~~~~~~~~~~~~~~~~~~~~~~~~~~~~~~~~~~~~~~~~~~~~~~~\nPOPULATIONS/POPULATION_0020/INDIVIDUAL_2C3ZTUKV/model.cpp:148:18: note: \u2018dlnorm\u2019 declared here, later in the translation unit\n  148 |     nll -= dlnorm(N_dat(i), log(N_pred(i) + small_const), sigma_N + min_sd, true);\n      |            ~~~~~~^~~~~~~~~~~~~~~~~~~~~~~~~~~~~~~~~~~~~~~~~~~~~~~~~~~~~~~~~~~~~~~~\nPOPULATIONS/POPULATION_0020/INDIVIDUAL_2C3ZTUKV/model.cpp: In instantiation of \u2018Type objective_function<Type>::operator()() [with Type = double]\u2019:\n/home/spi085/R/x86_64-pc-linux-gnu-library/4.4/TMB/include/tmb_core.hpp:2035:7:   required from here\nPOPULATIONS/POPULATION_0020/INDIVIDUAL_2C3ZTUKV/model.cpp:148:18: error: \u2018dlnorm\u2019 was not declared in this scope; did you mean \u2018dnorm\u2019?\n  148 |     nll -= dlnorm(N_dat(i), log(N_pred(i) + small_const), sigma_N + min_sd, true);\n      |            ~~~~~~^~~~~~~~~~~~~~~~~~~~~~~~~~~~~~~~~~~~~~~~~~~~~~~~~~~~~~~~~~~~~~~~\n      |            dnorm\nPOPULATIONS/POPULATION_0020/INDIVIDUAL_2C3ZTUKV/model.cpp:149:18: error: \u2018dlnorm\u2019 was not declared in this scope, and no declarations were found by argument-dependent lookup at the point of instantiation\n  149 |     nll -= dlnorm(P_dat(i), log(P_pred(i) + small_const), sigma_P + min_sd, true);\n      |            ~~~~~~^~~~~~~~~~~~~~~~~~~~~~~~~~~~~~~~~~~~~~~~~~~~~~~~~~~~~~~~~~~~~~~~\nPOPULATIONS/POPULATION_0020/INDIVIDUAL_2C3ZTUKV/model.cpp:148:18: note: \u2018dlnorm\u2019 declared here, later in the translation unit\n  148 |     nll -= dlnorm(N_dat(i), log(N_pred(i) + small_const), sigma_N + min_sd, true);\n      |            ~~~~~~^~~~~~~~~~~~~~~~~~~~~~~~~~~~~~~~~~~~~~~~~~~~~~~~~~~~~~~~~~~~~~~~\nPOPULATIONS/POPULATION_0020/INDIVIDUAL_2C3ZTUKV/model.cpp:150:18: error: \u2018dlnorm\u2019 was not declared in this scope, and no declarations were found by argument-dependent lookup at the point of instantiation\n  150 |     nll -= dlnorm(Z_dat(i), log(Z_pred(i) + small_const), sigma_Z + min_sd, true);\n      |            ~~~~~~^~~~~~~~~~~~~~~~~~~~~~~~~~~~~~~~~~~~~~~~~~~~~~~~~~~~~~~~~~~~~~~~\nPOPULATIONS/POPULATION_0020/INDIVIDUAL_2C3ZTUKV/model.cpp:148:18: note: \u2018dlnorm\u2019 declared here, later in the translation unit\n  148 |     nll -= dlnorm(N_dat(i), log(N_pred(i) + small_const), sigma_N + min_sd, true);\n      |            ~~~~~~^~~~~~~~~~~~~~~~~~~~~~~~~~~~~~~~~~~~~~~~~~~~~~~~~~~~~~~~~~~~~~~~\nPOPULATIONS/POPULATION_0020/INDIVIDUAL_2C3ZTUKV/model.cpp: In instantiation of \u2018Type objective_function<Type>::operator()() [with Type = CppAD::AD<CppAD::AD<double> >]\u2019:\n/home/spi085/R/x86_64-pc-linux-gnu-library/4.4/TMB/include/tmb_core.hpp:917:29:   required from \u2018Type objective_function<Type>::evalUserTemplate() [with Type = CppAD::AD<CppAD::AD<double> >]\u2019\n/home/spi085/R/x86_64-pc-linux-gnu-library/4.4/TMB/include/tmb_core.hpp:2116:26:   required from here\nPOPULATIONS/POPULATION_0020/INDIVIDUAL_2C3ZTUKV/model.cpp:148:18: error: \u2018dlnorm\u2019 was not declared in this scope; did you mean \u2018dnorm\u2019?\n  148 |     nll -= dlnorm(N_dat(i), log(N_pred(i) + small_const), sigma_N + min_sd, true);\n      |            ~~~~~~^~~~~~~~~~~~~~~~~~~~~~~~~~~~~~~~~~~~~~~~~~~~~~~~~~~~~~~~~~~~~~~~\n      |            dnorm\nPOPULATIONS/POPULATION_0020/INDIVIDUAL_2C3ZTUKV/model.cpp:149:18: error: \u2018dlnorm\u2019 was not declared in this scope, and no declarations were found by argument-dependent lookup at the point of instantiation\n  149 |     nll -= dlnorm(P_dat(i), log(P_pred(i) + small_const), sigma_P + min_sd, true);\n      |            ~~~~~~^~~~~~~~~~~~~~~~~~~~~~~~~~~~~~~~~~~~~~~~~~~~~~~~~~~~~~~~~~~~~~~~\nPOPULATIONS/POPULATION_0020/INDIVIDUAL_2C3ZTUKV/model.cpp:148:18: note: \u2018dlnorm\u2019 declared here, later in the translation unit\n  148 |     nll -= dlnorm(N_dat(i), log(N_pred(i) + small_const), sigma_N + min_sd, true);\n      |            ~~~~~~^~~~~~~~~~~~~~~~~~~~~~~~~~~~~~~~~~~~~~~~~~~~~~~~~~~~~~~~~~~~~~~~\nPOPULATIONS/POPULATION_0020/INDIVIDUAL_2C3ZTUKV/model.cpp:150:18: error: \u2018dlnorm\u2019 was not declared in this scope, and no declarations were found by argument-dependent lookup at the point of instantiation\n  150 |     nll -= dlnorm(Z_dat(i), log(Z_pred(i) + small_const), sigma_Z + min_sd, true);\n      |            ~~~~~~^~~~~~~~~~~~~~~~~~~~~~~~~~~~~~~~~~~~~~~~~~~~~~~~~~~~~~~~~~~~~~~~\nPOPULATIONS/POPULATION_0020/INDIVIDUAL_2C3ZTUKV/model.cpp:148:18: note: \u2018dlnorm\u2019 declared here, later in the translation unit\n  148 |     nll -= dlnorm(N_dat(i), log(N_pred(i) + small_const), sigma_N + min_sd, true);\n      |            ~~~~~~^~~~~~~~~~~~~~~~~~~~~~~~~~~~~~~~~~~~~~~~~~~~~~~~~~~~~~~~~~~~~~~~\nPOPULATIONS/POPULATION_0020/INDIVIDUAL_2C3ZTUKV/model.cpp: In instantiation of \u2018Type objective_function<Type>::operator()() [with Type = CppAD::AD<CppAD::AD<CppAD::AD<double> > >]\u2019:\n/home/spi085/R/x86_64-pc-linux-gnu-library/4.4/TMB/include/tmb_core.hpp:917:29:   required from \u2018Type objective_function<Type>::evalUserTemplate() [with Type = CppAD::AD<CppAD::AD<CppAD::AD<double> > >]\u2019\n/home/spi085/R/x86_64-pc-linux-gnu-library/4.4/TMB/include/tmb_core.hpp:2365:28:   required from here\nPOPULATIONS/POPULATION_0020/INDIVIDUAL_2C3ZTUKV/model.cpp:148:18: error: \u2018dlnorm\u2019 was not declared in this scope; did you mean \u2018dnorm\u2019?\n  148 |     nll -= dlnorm(N_dat(i), log(N_pred(i) + small_const), sigma_N + min_sd, true);\n      |            ~~~~~~^~~~~~~~~~~~~~~~~~~~~~~~~~~~~~~~~~~~~~~~~~~~~~~~~~~~~~~~~~~~~~~~\n      |            dnorm\nPOPULATIONS/POPULATION_0020/INDIVIDUAL_2C3ZTUKV/model.cpp:149:18: error: \u2018dlnorm\u2019 was not declared in this scope, and no declarations were found by argument-dependent lookup at the point of instantiation\n  149 |     nll -= dlnorm(P_dat(i), log(P_pred(i) + small_const), sigma_P + min_sd, true);\n      |            ~~~~~~^~~~~~~~~~~~~~~~~~~~~~~~~~~~~~~~~~~~~~~~~~~~~~~~~~~~~~~~~~~~~~~~\nPOPULATIONS/POPULATION_0020/INDIVIDUAL_2C3ZTUKV/model.cpp:148:18: note: \u2018dlnorm\u2019 declared here, later in the translation unit\n  148 |     nll -= dlnorm(N_dat(i), log(N_pred(i) + small_const), sigma_N + min_sd, true);\n      |            ~~~~~~^~~~~~~~~~~~~~~~~~~~~~~~~~~~~~~~~~~~~~~~~~~~~~~~~~~~~~~~~~~~~~~~\nPOPULATIONS/POPULATION_0020/INDIVIDUAL_2C3ZTUKV/model.cpp:150:18: error: \u2018dlnorm\u2019 was not declared in this scope, and no declarations were found by argument-dependent lookup at the point of instantiation\n  150 |     nll -= dlnorm(Z_dat(i), log(Z_pred(i) + small_const), sigma_Z + min_sd, true);\n      |            ~~~~~~^~~~~~~~~~~~~~~~~~~~~~~~~~~~~~~~~~~~~~~~~~~~~~~~~~~~~~~~~~~~~~~~\nPOPULATIONS/POPULATION_0020/INDIVIDUAL_2C3ZTUKV/model.cpp:148:18: note: \u2018dlnorm\u2019 declared here, later in the translation unit\n  148 |     nll -= dlnorm(N_dat(i), log(N_pred(i) + small_const), sigma_N + min_sd, true);\n      |            ~~~~~~^~~~~~~~~~~~~~~~~~~~~~~~~~~~~~~~~~~~~~~~~~~~~~~~~~~~~~~~~~~~~~~~\nmake: *** [/usr/lib/R/etc/Makeconf:204: POPULATIONS/POPULATION_0020/INDIVIDUAL_2C3ZTUKV/model.o] Error 1\nError in TMB::compile(file.path(individual_dir, model_file), flags = flags,  : \n  Compilation failed\nError: Compilation failed\nExecution halted"
    },
    "6": {
      "status": "ERROR",
      "message": "Model failed to compile.",
      "stdout": "g++ -std=gnu++17 -I\"/usr/share/R/include\" -DNDEBUG -I\"/home/spi085/R/x86_64-pc-linux-gnu-library/4.4/TMB/include\" -I\"/home/spi085/R/x86_64-pc-linux-gnu-library/4.4/RcppEigen/include\"   -DTMB_EIGEN_DISABLE_WARNINGS   -DTMB_LIB_INIT=R_init_model  -DCPPAD_FRAMEWORK      -fpic  -O2  -c POPULATIONS/POPULATION_0020/INDIVIDUAL_2C3ZTUKV/model.cpp -o POPULATIONS/POPULATION_0020/INDIVIDUAL_2C3ZTUKV/model.o",
      "stderr": "Loading required package: TMB\nLoading required package: jsonlite\nusing C++ compiler: \u2018g++ (Ubuntu 13.3.0-6ubuntu2~24.04) 13.3.0\u2019\nPOPULATIONS/POPULATION_0020/INDIVIDUAL_2C3ZTUKV/model.cpp: In member function \u2018Type objective_function<Type>::operator()()\u2019:\nPOPULATIONS/POPULATION_0020/INDIVIDUAL_2C3ZTUKV/model.cpp:148:45: error: \u2018small_const\u2019 was not declared in this scope\n  148 |     nll -= dlnorm(N_dat(i), log(N_pred(i) + small_const), sigma_N + min_sd, true);\n      |                                             ^~~~~~~~~~~\nPOPULATIONS/POPULATION_0020/INDIVIDUAL_2C3ZTUKV/model.cpp: In instantiation of \u2018Type objective_function<Type>::operator()() [with Type = CppAD::AD<double>]\u2019:\n/home/spi085/R/x86_64-pc-linux-gnu-library/4.4/TMB/include/tmb_core.hpp:1312:6:   required from here\nPOPULATIONS/POPULATION_0020/INDIVIDUAL_2C3ZTUKV/model.cpp:148:18: error: \u2018dlnorm\u2019 was not declared in this scope; did you mean \u2018dnorm\u2019?\n  148 |     nll -= dlnorm(N_dat(i), log(N_pred(i) + small_const), sigma_N + min_sd, true);\n      |            ~~~~~~^~~~~~~~~~~~~~~~~~~~~~~~~~~~~~~~~~~~~~~~~~~~~~~~~~~~~~~~~~~~~~~~\n      |            dnorm\nPOPULATIONS/POPULATION_0020/INDIVIDUAL_2C3ZTUKV/model.cpp:149:18: error: \u2018dlnorm\u2019 was not declared in this scope, and no declarations were found by argument-dependent lookup at the point of instantiation\n  149 |     nll -= dlnorm(P_dat(i), log(P_pred(i) + small_const), sigma_P + min_sd, true);\n      |            ~~~~~~^~~~~~~~~~~~~~~~~~~~~~~~~~~~~~~~~~~~~~~~~~~~~~~~~~~~~~~~~~~~~~~~\nPOPULATIONS/POPULATION_0020/INDIVIDUAL_2C3ZTUKV/model.cpp:148:18: note: \u2018dlnorm\u2019 declared here, later in the translation unit\n  148 |     nll -= dlnorm(N_dat(i), log(N_pred(i) + small_const), sigma_N + min_sd, true);\n      |            ~~~~~~^~~~~~~~~~~~~~~~~~~~~~~~~~~~~~~~~~~~~~~~~~~~~~~~~~~~~~~~~~~~~~~~\nPOPULATIONS/POPULATION_0020/INDIVIDUAL_2C3ZTUKV/model.cpp:150:18: error: \u2018dlnorm\u2019 was not declared in this scope, and no declarations were found by argument-dependent lookup at the point of instantiation\n  150 |     nll -= dlnorm(Z_dat(i), log(Z_pred(i) + small_const), sigma_Z + min_sd, true);\n      |            ~~~~~~^~~~~~~~~~~~~~~~~~~~~~~~~~~~~~~~~~~~~~~~~~~~~~~~~~~~~~~~~~~~~~~~\nPOPULATIONS/POPULATION_0020/INDIVIDUAL_2C3ZTUKV/model.cpp:148:18: note: \u2018dlnorm\u2019 declared here, later in the translation unit\n  148 |     nll -= dlnorm(N_dat(i), log(N_pred(i) + small_const), sigma_N + min_sd, true);\n      |            ~~~~~~^~~~~~~~~~~~~~~~~~~~~~~~~~~~~~~~~~~~~~~~~~~~~~~~~~~~~~~~~~~~~~~~\nPOPULATIONS/POPULATION_0020/INDIVIDUAL_2C3ZTUKV/model.cpp: In instantiation of \u2018Type objective_function<Type>::operator()() [with Type = double]\u2019:\n/home/spi085/R/x86_64-pc-linux-gnu-library/4.4/TMB/include/tmb_core.hpp:2035:7:   required from here\nPOPULATIONS/POPULATION_0020/INDIVIDUAL_2C3ZTUKV/model.cpp:148:18: error: \u2018dlnorm\u2019 was not declared in this scope; did you mean \u2018dnorm\u2019?\n  148 |     nll -= dlnorm(N_dat(i), log(N_pred(i) + small_const), sigma_N + min_sd, true);\n      |            ~~~~~~^~~~~~~~~~~~~~~~~~~~~~~~~~~~~~~~~~~~~~~~~~~~~~~~~~~~~~~~~~~~~~~~\n      |            dnorm\nPOPULATIONS/POPULATION_0020/INDIVIDUAL_2C3ZTUKV/model.cpp:149:18: error: \u2018dlnorm\u2019 was not declared in this scope, and no declarations were found by argument-dependent lookup at the point of instantiation\n  149 |     nll -= dlnorm(P_dat(i), log(P_pred(i) + small_const), sigma_P + min_sd, true);\n      |            ~~~~~~^~~~~~~~~~~~~~~~~~~~~~~~~~~~~~~~~~~~~~~~~~~~~~~~~~~~~~~~~~~~~~~~\nPOPULATIONS/POPULATION_0020/INDIVIDUAL_2C3ZTUKV/model.cpp:148:18: note: \u2018dlnorm\u2019 declared here, later in the translation unit\n  148 |     nll -= dlnorm(N_dat(i), log(N_pred(i) + small_const), sigma_N + min_sd, true);\n      |            ~~~~~~^~~~~~~~~~~~~~~~~~~~~~~~~~~~~~~~~~~~~~~~~~~~~~~~~~~~~~~~~~~~~~~~\nPOPULATIONS/POPULATION_0020/INDIVIDUAL_2C3ZTUKV/model.cpp:150:18: error: \u2018dlnorm\u2019 was not declared in this scope, and no declarations were found by argument-dependent lookup at the point of instantiation\n  150 |     nll -= dlnorm(Z_dat(i), log(Z_pred(i) + small_const), sigma_Z + min_sd, true);\n      |            ~~~~~~^~~~~~~~~~~~~~~~~~~~~~~~~~~~~~~~~~~~~~~~~~~~~~~~~~~~~~~~~~~~~~~~\nPOPULATIONS/POPULATION_0020/INDIVIDUAL_2C3ZTUKV/model.cpp:148:18: note: \u2018dlnorm\u2019 declared here, later in the translation unit\n  148 |     nll -= dlnorm(N_dat(i), log(N_pred(i) + small_const), sigma_N + min_sd, true);\n      |            ~~~~~~^~~~~~~~~~~~~~~~~~~~~~~~~~~~~~~~~~~~~~~~~~~~~~~~~~~~~~~~~~~~~~~~\nPOPULATIONS/POPULATION_0020/INDIVIDUAL_2C3ZTUKV/model.cpp: In instantiation of \u2018Type objective_function<Type>::operator()() [with Type = CppAD::AD<CppAD::AD<double> >]\u2019:\n/home/spi085/R/x86_64-pc-linux-gnu-library/4.4/TMB/include/tmb_core.hpp:917:29:   required from \u2018Type objective_function<Type>::evalUserTemplate() [with Type = CppAD::AD<CppAD::AD<double> >]\u2019\n/home/spi085/R/x86_64-pc-linux-gnu-library/4.4/TMB/include/tmb_core.hpp:2116:26:   required from here\nPOPULATIONS/POPULATION_0020/INDIVIDUAL_2C3ZTUKV/model.cpp:148:18: error: \u2018dlnorm\u2019 was not declared in this scope; did you mean \u2018dnorm\u2019?\n  148 |     nll -= dlnorm(N_dat(i), log(N_pred(i) + small_const), sigma_N + min_sd, true);\n      |            ~~~~~~^~~~~~~~~~~~~~~~~~~~~~~~~~~~~~~~~~~~~~~~~~~~~~~~~~~~~~~~~~~~~~~~\n      |            dnorm\nPOPULATIONS/POPULATION_0020/INDIVIDUAL_2C3ZTUKV/model.cpp:149:18: error: \u2018dlnorm\u2019 was not declared in this scope, and no declarations were found by argument-dependent lookup at the point of instantiation\n  149 |     nll -= dlnorm(P_dat(i), log(P_pred(i) + small_const), sigma_P + min_sd, true);\n      |            ~~~~~~^~~~~~~~~~~~~~~~~~~~~~~~~~~~~~~~~~~~~~~~~~~~~~~~~~~~~~~~~~~~~~~~\nPOPULATIONS/POPULATION_0020/INDIVIDUAL_2C3ZTUKV/model.cpp:148:18: note: \u2018dlnorm\u2019 declared here, later in the translation unit\n  148 |     nll -= dlnorm(N_dat(i), log(N_pred(i) + small_const), sigma_N + min_sd, true);\n      |            ~~~~~~^~~~~~~~~~~~~~~~~~~~~~~~~~~~~~~~~~~~~~~~~~~~~~~~~~~~~~~~~~~~~~~~\nPOPULATIONS/POPULATION_0020/INDIVIDUAL_2C3ZTUKV/model.cpp:150:18: error: \u2018dlnorm\u2019 was not declared in this scope, and no declarations were found by argument-dependent lookup at the point of instantiation\n  150 |     nll -= dlnorm(Z_dat(i), log(Z_pred(i) + small_const), sigma_Z + min_sd, true);\n      |            ~~~~~~^~~~~~~~~~~~~~~~~~~~~~~~~~~~~~~~~~~~~~~~~~~~~~~~~~~~~~~~~~~~~~~~\nPOPULATIONS/POPULATION_0020/INDIVIDUAL_2C3ZTUKV/model.cpp:148:18: note: \u2018dlnorm\u2019 declared here, later in the translation unit\n  148 |     nll -= dlnorm(N_dat(i), log(N_pred(i) + small_const), sigma_N + min_sd, true);\n      |            ~~~~~~^~~~~~~~~~~~~~~~~~~~~~~~~~~~~~~~~~~~~~~~~~~~~~~~~~~~~~~~~~~~~~~~\nPOPULATIONS/POPULATION_0020/INDIVIDUAL_2C3ZTUKV/model.cpp: In instantiation of \u2018Type objective_function<Type>::operator()() [with Type = CppAD::AD<CppAD::AD<CppAD::AD<double> > >]\u2019:\n/home/spi085/R/x86_64-pc-linux-gnu-library/4.4/TMB/include/tmb_core.hpp:917:29:   required from \u2018Type objective_function<Type>::evalUserTemplate() [with Type = CppAD::AD<CppAD::AD<CppAD::AD<double> > >]\u2019\n/home/spi085/R/x86_64-pc-linux-gnu-library/4.4/TMB/include/tmb_core.hpp:2365:28:   required from here\nPOPULATIONS/POPULATION_0020/INDIVIDUAL_2C3ZTUKV/model.cpp:148:18: error: \u2018dlnorm\u2019 was not declared in this scope; did you mean \u2018dnorm\u2019?\n  148 |     nll -= dlnorm(N_dat(i), log(N_pred(i) + small_const), sigma_N + min_sd, true);\n      |            ~~~~~~^~~~~~~~~~~~~~~~~~~~~~~~~~~~~~~~~~~~~~~~~~~~~~~~~~~~~~~~~~~~~~~~\n      |            dnorm\nPOPULATIONS/POPULATION_0020/INDIVIDUAL_2C3ZTUKV/model.cpp:149:18: error: \u2018dlnorm\u2019 was not declared in this scope, and no declarations were found by argument-dependent lookup at the point of instantiation\n  149 |     nll -= dlnorm(P_dat(i), log(P_pred(i) + small_const), sigma_P + min_sd, true);\n      |            ~~~~~~^~~~~~~~~~~~~~~~~~~~~~~~~~~~~~~~~~~~~~~~~~~~~~~~~~~~~~~~~~~~~~~~\nPOPULATIONS/POPULATION_0020/INDIVIDUAL_2C3ZTUKV/model.cpp:148:18: note: \u2018dlnorm\u2019 declared here, later in the translation unit\n  148 |     nll -= dlnorm(N_dat(i), log(N_pred(i) + small_const), sigma_N + min_sd, true);\n      |            ~~~~~~^~~~~~~~~~~~~~~~~~~~~~~~~~~~~~~~~~~~~~~~~~~~~~~~~~~~~~~~~~~~~~~~\nPOPULATIONS/POPULATION_0020/INDIVIDUAL_2C3ZTUKV/model.cpp:150:18: error: \u2018dlnorm\u2019 was not declared in this scope, and no declarations were found by argument-dependent lookup at the point of instantiation\n  150 |     nll -= dlnorm(Z_dat(i), log(Z_pred(i) + small_const), sigma_Z + min_sd, true);\n      |            ~~~~~~^~~~~~~~~~~~~~~~~~~~~~~~~~~~~~~~~~~~~~~~~~~~~~~~~~~~~~~~~~~~~~~~\nPOPULATIONS/POPULATION_0020/INDIVIDUAL_2C3ZTUKV/model.cpp:148:18: note: \u2018dlnorm\u2019 declared here, later in the translation unit\n  148 |     nll -= dlnorm(N_dat(i), log(N_pred(i) + small_const), sigma_N + min_sd, true);\n      |            ~~~~~~^~~~~~~~~~~~~~~~~~~~~~~~~~~~~~~~~~~~~~~~~~~~~~~~~~~~~~~~~~~~~~~~\nmake: *** [/usr/lib/R/etc/Makeconf:204: POPULATIONS/POPULATION_0020/INDIVIDUAL_2C3ZTUKV/model.o] Error 1\nError in TMB::compile(file.path(individual_dir, model_file), flags = flags,  : \n  Compilation failed\nError: Compilation failed\nExecution halted"
    },
    "7": {
      "status": "BROKEN"
    }
  }
}