{
  "iterations": {
    "1": {
      "status": "LEAKAGE",
      "message": "Data leakage detected in model equations.",
      "objective_value": "NA"
    },
    "2": {
      "status": "ERROR",
      "message": "Model failed to compile.",
      "stdout": "g++ -std=gnu++17  -I\"C:/Users/spi085/AppData/Local/Programs/R/R-4.4.1/include\" -DNDEBUG -I\"C:/Users/spi085/AppData/Local/Programs/R/R-44~1.1/library/TMB/include\" -I\"C:/Users/spi085/AppData/Local/Programs/R/R-44~1.1/library/RCPPEI~1/include\"   -DTMB_EIGEN_DISABLE_WARNINGS   -DTMB_LIB_INIT=R_init_model  -DCPPAD_FRAMEWORK    -I\"C:/rtools44/x86_64-w64-mingw32.static.posix/include\"     -O2 -Wa,-mbig-obj -c POPULATIONS//POPULATION_0007//INDIVIDUAL_22MVUIXV/model.cpp -o POPULATIONS//POPULATION_0007//INDIVIDUAL_22MVUIXV/model.o",
      "stderr": "Loading required package: TMB\nLoading required package: jsonlite\nhere() starts at C:/Users/spi085/OneDrive - CSIRO/Documents/_Projects/SCCP-QuantModelling\nusing C++ compiler: 'G__~1.EXE (GCC) 13.2.0'\nIn file included from C:/Users/spi085/AppData/Local/Programs/R/R-4.4.1/library/TMB/include/TMB.hpp:212,\n                 from POPULATIONS//POPULATION_0007//INDIVIDUAL_22MVUIXV/model.cpp:1:\nC:/Users/spi085/AppData/Local/Programs/R/R-4.4.1/library/TMB/include/tmb_core.hpp:237:8: error: 'Type' was not declared in this scope; did you mean 'Eigen::Architecture::Type'?\n  237 | vector<Type> name;                                                      \\\n      |        ^~~~\nPOPULATIONS//POPULATION_0007//INDIVIDUAL_22MVUIXV/model.cpp:7:1: note: in expansion of macro 'DATA_VECTOR'\n    7 | DATA_VECTOR(cots_dat);   // DATA_VECTOR: Crown-of-Thorns abundance data (individuals/m^2)\n      | ^~~~~~~~~~~\nIn file included from C:/Users/spi085/AppData/Local/Programs/R/R-44~1.1/library/RCPPEI~1/include/Eigen/Core:161,\n                 from C:/Users/spi085/AppData/Local/Programs/R/R-44~1.1/library/RCPPEI~1/include/Eigen/Dense:1,\n                 from C:/Users/spi085/AppData/Local/Programs/R/R-4.4.1/library/TMB/include/TMB.hpp:92:\nC:/Users/spi085/AppData/Local/Programs/R/R-44~1.1/library/RCPPEI~1/include/Eigen/src/Core/util/Constants.h:471:8: note: 'Eigen::Architecture::Type' declared here\n  471 |   enum Type {\n      |        ^~~~\nC:/Users/spi085/AppData/Local/Programs/R/R-4.4.1/library/TMB/include/tmb_core.hpp:237:12: error: template argument 1 is invalid\n  237 | vector<Type> name;                                                      \\\n      |            ^\nPOPULATIONS//POPULATION_0007//INDIVIDUAL_22MVUIXV/model.cpp:7:1: note: in expansion of macro 'DATA_VECTOR'\n    7 | DATA_VECTOR(cots_dat);   // DATA_VECTOR: Crown-of-Thorns abundance data (individuals/m^2)\n      | ^~~~~~~~~~~\nC:/Users/spi085/AppData/Local/Programs/R/R-4.4.1/library/TMB/include/tmb_core.hpp:238:1: error: expected unqualified-id before 'if'\n  238 | if (!Rf_isNull(getListElement(TMB_OBJECTIVE_PTR -> parameters,#name))){ \\\n      | ^~\nPOPULATIONS//POPULATION_0007//INDIVIDUAL_22MVUIXV/model.cpp:7:1: note: in expansion of macro 'DATA_VECTOR'\n    7 | DATA_VECTOR(cots_dat);   // DATA_VECTOR: Crown-of-Thorns abundance data (individuals/m^2)\n      | ^~~~~~~~~~~\nC:/Users/spi085/AppData/Local/Programs/R/R-4.4.1/library/TMB/include/tmb_core.hpp:241:3: error: expected unqualified-id before 'else'\n  241 | } else {                                                                \\\n      |   ^~~~\nPOPULATIONS//POPULATION_0007//INDIVIDUAL_22MVUIXV/model.cpp:7:1: note: in expansion of macro 'DATA_VECTOR'\n    7 | DATA_VECTOR(cots_dat);   // DATA_VECTOR: Crown-of-Thorns abundance data (individuals/m^2)\n      | ^~~~~~~~~~~\nC:/Users/spi085/AppData/Local/Programs/R/R-4.4.1/library/TMB/include/tmb_core.hpp:237:8: error: 'Type' was not declared in this scope; did you mean 'Eigen::Architecture::Type'?\n  237 | vector<Type> name;                                                      \\\n      |        ^~~~\nPOPULATIONS//POPULATION_0007//INDIVIDUAL_22MVUIXV/model.cpp:8:1: note: in expansion of macro 'DATA_VECTOR'\n    8 | DATA_VECTOR(slow_dat);   // DATA_VECTOR: slow-growing coral cover (%)\n      | ^~~~~~~~~~~\nC:/Users/spi085/AppData/Local/Programs/R/R-44~1.1/library/RCPPEI~1/include/Eigen/src/Core/util/Constants.h:471:8: note: 'Eigen::Architecture::Type' declared here\n  471 |   enum Type {\n      |        ^~~~\nC:/Users/spi085/AppData/Local/Programs/R/R-4.4.1/library/TMB/include/tmb_core.hpp:237:12: error: template argument 1 is invalid\n  237 | vector<Type> name;                                                      \\\n      |            ^\nPOPULATIONS//POPULATION_0007//INDIVIDUAL_22MVUIXV/model.cpp:8:1: note: in expansion of macro 'DATA_VECTOR'\n    8 | DATA_VECTOR(slow_dat);   // DATA_VECTOR: slow-growing coral cover (%)\n      | ^~~~~~~~~~~\nC:/Users/spi085/AppData/Local/Programs/R/R-4.4.1/library/TMB/include/tmb_core.hpp:238:1: error: expected unqualified-id before 'if'\n  238 | if (!Rf_isNull(getListElement(TMB_OBJECTIVE_PTR -> parameters,#name))){ \\\n      | ^~\nPOPULATIONS//POPULATION_0007//INDIVIDUAL_22MVUIXV/model.cpp:8:1: note: in expansion of macro 'DATA_VECTOR'\n    8 | DATA_VECTOR(slow_dat);   // DATA_VECTOR: slow-growing coral cover (%)\n      | ^~~~~~~~~~~\nC:/Users/spi085/AppData/Local/Programs/R/R-4.4.1/library/TMB/include/tmb_core.hpp:241:3: error: expected unqualified-id before 'else'\n  241 | } else {                                                                \\\n      |   ^~~~\nPOPULATIONS//POPULATION_0007//INDIVIDUAL_22MVUIXV/model.cpp:8:1: note: in expansion of macro 'DATA_VECTOR'\n    8 | DATA_VECTOR(slow_dat);   // DATA_VECTOR: slow-growing coral cover (%)\n      | ^~~~~~~~~~~\nC:/Users/spi085/AppData/Local/Programs/R/R-4.4.1/library/TMB/include/tmb_core.hpp:237:8: error: 'Type' was not declared in this scope; did you mean 'Eigen::Architecture::Type'?\n  237 | vector<Type> name;                                                      \\\n      |        ^~~~\nPOPULATIONS//POPULATION_0007//INDIVIDUAL_22MVUIXV/model.cpp:9:1: note: in expansion of macro 'DATA_VECTOR'\n    9 | DATA_VECTOR(fast_dat);   // DATA_VECTOR: fast-growing coral cover (%)\n      | ^~~~~~~~~~~\nC:/Users/spi085/AppData/Local/Programs/R/R-44~1.1/library/RCPPEI~1/include/Eigen/src/Core/util/Constants.h:471:8: note: 'Eigen::Architecture::Type' declared here\n  471 |   enum Type {\n      |        ^~~~\nC:/Users/spi085/AppData/Local/Programs/R/R-4.4.1/library/TMB/include/tmb_core.hpp:237:12: error: template argument 1 is invalid\n  237 | vector<Type> name;                                                      \\\n      |            ^\nPOPULATIONS//POPULATION_0007//INDIVIDUAL_22MVUIXV/model.cpp:9:1: note: in expansion of macro 'DATA_VECTOR'\n    9 | DATA_VECTOR(fast_dat);   // DATA_VECTOR: fast-growing coral cover (%)\n      | ^~~~~~~~~~~\nC:/Users/spi085/AppData/Local/Programs/R/R-4.4.1/library/TMB/include/tmb_core.hpp:238:1: error: expected unqualified-id before 'if'\n  238 | if (!Rf_isNull(getListElement(TMB_OBJECTIVE_PTR -> parameters,#name))){ \\\n      | ^~\nPOPULATIONS//POPULATION_0007//INDIVIDUAL_22MVUIXV/model.cpp:9:1: note: in expansion of macro 'DATA_VECTOR'\n    9 | DATA_VECTOR(fast_dat);   // DATA_VECTOR: fast-growing coral cover (%)\n      | ^~~~~~~~~~~\nC:/Users/spi085/AppData/Local/Programs/R/R-4.4.1/library/TMB/include/tmb_core.hpp:241:3: error: expected unqualified-id before 'else'\n  241 | } else {                                                                \\\n      |   ^~~~\nPOPULATIONS//POPULATION_0007//INDIVIDUAL_22MVUIXV/model.cpp:9:1: note: in expansion of macro 'DATA_VECTOR'\n    9 | DATA_VECTOR(fast_dat);   // DATA_VECTOR: fast-growing coral cover (%)\n      | ^~~~~~~~~~~\nC:/Users/spi085/AppData/Local/Programs/R/R-4.4.1/library/TMB/include/tmb_core.hpp:237:8: error: 'Type' was not declared in this scope; did you mean 'Eigen::Architecture::Type'?\n  237 | vector<Type> name;                                                      \\\n      |        ^~~~\nPOPULATIONS//POPULATION_0007//INDIVIDUAL_22MVUIXV/model.cpp:10:1: note: in expansion of macro 'DATA_VECTOR'\n   10 | DATA_VECTOR(sst_dat);    // DATA_VECTOR: Sea-surface temperature data (Celsius)\n      | ^~~~~~~~~~~\nC:/Users/spi085/AppData/Local/Programs/R/R-44~1.1/library/RCPPEI~1/include/Eigen/src/Core/util/Constants.h:471:8: note: 'Eigen::Architecture::Type' declared here\n  471 |   enum Type {\n      |        ^~~~\nC:/Users/spi085/AppData/Local/Programs/R/R-4.4.1/library/TMB/include/tmb_core.hpp:237:12: error: template argument 1 is invalid\n  237 | vector<Type> name;                                                      \\\n      |            ^\nPOPULATIONS//POPULATION_0007//INDIVIDUAL_22MVUIXV/model.cpp:10:1: note: in expansion of macro 'DATA_VECTOR'\n   10 | DATA_VECTOR(sst_dat);    // DATA_VECTOR: Sea-surface temperature data (Celsius)\n      | ^~~~~~~~~~~\nC:/Users/spi085/AppData/Local/Programs/R/R-4.4.1/library/TMB/include/tmb_core.hpp:238:1: error: expected unqualified-id before 'if'\n  238 | if (!Rf_isNull(getListElement(TMB_OBJECTIVE_PTR -> parameters,#name))){ \\\n      | ^~\nPOPULATIONS//POPULATION_0007//INDIVIDUAL_22MVUIXV/model.cpp:10:1: note: in expansion of macro 'DATA_VECTOR'\n   10 | DATA_VECTOR(sst_dat);    // DATA_VECTOR: Sea-surface temperature data (Celsius)\n      | ^~~~~~~~~~~\nC:/Users/spi085/AppData/Local/Programs/R/R-4.4.1/library/TMB/include/tmb_core.hpp:241:3: error: expected unqualified-id before 'else'\n  241 | } else {                                                                \\\n      |   ^~~~\nPOPULATIONS//POPULATION_0007//INDIVIDUAL_22MVUIXV/model.cpp:10:1: note: in expansion of macro 'DATA_VECTOR'\n   10 | DATA_VECTOR(sst_dat);    // DATA_VECTOR: Sea-surface temperature data (Celsius)\n      | ^~~~~~~~~~~\nC:/Users/spi085/AppData/Local/Programs/R/R-4.4.1/library/TMB/include/tmb_core.hpp:237:8: error: 'Type' was not declared in this scope; did you mean 'Eigen::Architecture::Type'?\n  237 | vector<Type> name;                                                      \\\n      |        ^~~~\nPOPULATIONS//POPULATION_0007//INDIVIDUAL_22MVUIXV/model.cpp:11:1: note: in expansion of macro 'DATA_VECTOR'\n   11 | DATA_VECTOR(cotsimm_dat); // DATA_VECTOR: Crown-of-Thorns immigration rate (individuals/m^2/year)\n      | ^~~~~~~~~~~\nC:/Users/spi085/AppData/Local/Programs/R/R-44~1.1/library/RCPPEI~1/include/Eigen/src/Core/util/Constants.h:471:8: note: 'Eigen::Architecture::Type' declared here\n  471 |   enum Type {\n      |        ^~~~\nC:/Users/spi085/AppData/Local/Programs/R/R-4.4.1/library/TMB/include/tmb_core.hpp:237:12: error: template argument 1 is invalid\n  237 | vector<Type> name;                                                      \\\n      |            ^\nPOPULATIONS//POPULATION_0007//INDIVIDUAL_22MVUIXV/model.cpp:11:1: note: in expansion of macro 'DATA_VECTOR'\n   11 | DATA_VECTOR(cotsimm_dat); // DATA_VECTOR: Crown-of-Thorns immigration rate (individuals/m^2/year)\n      | ^~~~~~~~~~~\nC:/Users/spi085/AppData/Local/Programs/R/R-4.4.1/library/TMB/include/tmb_core.hpp:238:1: error: expected unqualified-id before 'if'\n  238 | if (!Rf_isNull(getListElement(TMB_OBJECTIVE_PTR -> parameters,#name))){ \\\n      | ^~\nPOPULATIONS//POPULATION_0007//INDIVIDUAL_22MVUIXV/model.cpp:11:1: note: in expansion of macro 'DATA_VECTOR'\n   11 | DATA_VECTOR(cotsimm_dat); // DATA_VECTOR: Crown-of-Thorns immigration rate (individuals/m^2/year)\n      | ^~~~~~~~~~~\nC:/Users/spi085/AppData/Local/Programs/R/R-4.4.1/library/TMB/include/tmb_core.hpp:241:3: error: expected unqualified-id before 'else'\n  241 | } else {                                                                \\\n      |   ^~~~\nPOPULATIONS//POPULATION_0007//INDIVIDUAL_22MVUIXV/model.cpp:11:1: note: in expansion of macro 'DATA_VECTOR'\n   11 | DATA_VECTOR(cotsimm_dat); // DATA_VECTOR: Crown-of-Thorns immigration rate (individuals/m^2/year)\n      | ^~~~~~~~~~~\nC:/Users/spi085/AppData/Local/Programs/R/R-4.4.1/library/TMB/include/tmb_core.hpp:228:1: error: 'Type' does not name a type; did you mean 'typeof'?\n  228 | Type name(TMB_OBJECTIVE_PTR -> fillShape(                               \\\n      | ^~~~\nPOPULATIONS//POPULATION_0007//INDIVIDUAL_22MVUIXV/model.cpp:20:1: note: in expansion of macro 'PARAMETER'\n   20 | PARAMETER(slow_growth);     // (year^-1) estimated from literature or initial estimation [1]\n      | ^~~~~~~~~\nC:/Users/spi085/AppData/Local/Programs/R/R-4.4.1/library/TMB/include/tmb_core.hpp:228:1: error: 'Type' does not name a type; did you mean 'typeof'?\n  228 | Type name(TMB_OBJECTIVE_PTR -> fillShape(                               \\\n      | ^~~~\nPOPULATIONS//POPULATION_0007//INDIVIDUAL_22MVUIXV/model.cpp:21:1: note: in expansion of macro 'PARAMETER'\n   21 | PARAMETER(fast_growth);     // (year^-1) estimated from literature [1]\n      | ^~~~~~~~~\nC:/Users/spi085/AppData/Local/Programs/R/R-4.4.1/library/TMB/include/tmb_core.hpp:228:1: error: 'Type' does not name a type; did you mean 'typeof'?\n  228 | Type name(TMB_OBJECTIVE_PTR -> fillShape(                               \\\n      | ^~~~\nPOPULATIONS//POPULATION_0007//INDIVIDUAL_22MVUIXV/model.cpp:22:1: note: in expansion of macro 'PARAMETER'\n   22 | PARAMETER(predation_slow);  // (m^2/individual/year) estimated via expert opinion [1]\n      | ^~~~~~~~~\nC:/Users/spi085/AppData/Local/Programs/R/R-4.4.1/library/TMB/include/tmb_core.hpp:228:1: error: 'Type' does not name a type; did you mean 'typeof'?\n  228 | Type name(TMB_OBJECTIVE_PTR -> fillShape(                               \\\n      | ^~~~\nPOPULATIONS//POPULATION_0007//INDIVIDUAL_22MVUIXV/model.cpp:23:1: note: in expansion of macro 'PARAMETER'\n   23 | PARAMETER(predation_fast);  // (m^2/individual/year) estimated via expert opinion [1]\n      | ^~~~~~~~~\nC:/Users/spi085/AppData/Local/Programs/R/R-4.4.1/library/TMB/include/tmb_core.hpp:228:1: error: 'Type' does not name a type; did you mean 'typeof'?\n  228 | Type name(TMB_OBJECTIVE_PTR -> fillShape(                               \\\n      | ^~~~\nPOPULATIONS//POPULATION_0007//INDIVIDUAL_22MVUIXV/model.cpp:24:1: note: in expansion of macro 'PARAMETER'\n   24 | PARAMETER(cots_effectiveness); // (unitless) estimate of feeding impact [1]\n      | ^~~~~~~~~\nC:/Users/spi085/AppData/Local/Programs/R/R-4.4.1/library/TMB/include/tmb_core.hpp:228:1: error: 'Type' does not name a type; did you mean 'typeof'?\n  228 | Type name(TMB_OBJECTIVE_PTR -> fillShape(                               \\\n      | ^~~~\nPOPULATIONS//POPULATION_0007//INDIVIDUAL_22MVUIXV/model.cpp:25:1: note: in expansion of macro 'PARAMETER'\n   25 | PARAMETER(log_sd);          // log(sd) for error distribution, ensures sigma > 0\n      | ^~~~~~~~~\nC:/Users/spi085/AppData/Local/Programs/R/R-4.4.1/library/TMB/include/tmb_core.hpp:209:1: error: expected unqualified-id before 'this'\n  209 | this\n      | ^~~~\nC:/Users/spi085/AppData/Local/Programs/R/R-4.4.1/library/TMB/include/tmb_core.hpp:343:1: note: in expansion of macro 'TMB_OBJECTIVE_PTR'\n  343 | TMB_OBJECTIVE_PTR -> reportvector.push(name, #name);\n      | ^~~~~~~~~~~~~~~~~\nPOPULATIONS//POPULATION_0007//INDIVIDUAL_22MVUIXV/model.cpp:28:1: note: in expansion of macro 'ADREPORT'\n   28 | ADREPORT(slow_pred);        // Predicted slow-growing coral cover\n      | ^~~~~~~~\nC:/Users/spi085/AppData/Local/Programs/R/R-4.4.1/library/TMB/include/tmb_core.hpp:209:1: error: expected unqualified-id before 'this'\n  209 | this\n      | ^~~~\nC:/Users/spi085/AppData/Local/Programs/R/R-4.4.1/library/TMB/include/tmb_core.hpp:343:1: note: in expansion of macro 'TMB_OBJECTIVE_PTR'\n  343 | TMB_OBJECTIVE_PTR -> reportvector.push(name, #name);\n      | ^~~~~~~~~~~~~~~~~\nPOPULATIONS//POPULATION_0007//INDIVIDUAL_22MVUIXV/model.cpp:29:1: note: in expansion of macro 'ADREPORT'\n   29 | ADREPORT(fast_pred);        // Predicted fast-growing coral cover\n      | ^~~~~~~~\nC:/Users/spi085/AppData/Local/Programs/R/R-4.4.1/library/TMB/include/tmb_core.hpp:209:1: error: expected unqualified-id before 'this'\n  209 | this\n      | ^~~~\nC:/Users/spi085/AppData/Local/Programs/R/R-4.4.1/library/TMB/include/tmb_core.hpp:343:1: note: in expansion of macro 'TMB_OBJECTIVE_PTR'\n  343 | TMB_OBJECTIVE_PTR -> reportvector.push(name, #name);\n      | ^~~~~~~~~~~~~~~~~\nPOPULATIONS//POPULATION_0007//INDIVIDUAL_22MVUIXV/model.cpp:30:1: note: in expansion of macro 'ADREPORT'\n   30 | ADREPORT(cots_pred);        // Predicted Crown-of-Thorns impact measure\n      | ^~~~~~~~\nPOPULATIONS//POPULATION_0007//INDIVIDUAL_22MVUIXV/model.cpp: In member function 'Type objective_function<Type>::operator()()':\nPOPULATIONS//POPULATION_0007//INDIVIDUAL_22MVUIXV/model.cpp:44:20: error: request for member 'size' in 'cots_dat', which is of non-class type 'int'\n   44 |   int n = cots_dat.size();               // number of observations\n      |                    ^~~~\nPOPULATIONS//POPULATION_0007//INDIVIDUAL_22MVUIXV/model.cpp:54:26: error: invalid types 'int[int]' for array subscript\n   54 |   slow_pred[0] = slow_dat[0];  // initial condition from data\n      |                          ^\nPOPULATIONS//POPULATION_0007//INDIVIDUAL_22MVUIXV/model.cpp:55:26: error: invalid types 'int[int]' for array subscript\n   55 |   fast_pred[0] = fast_dat[0];  // initial condition from data\n      |                          ^\nPOPULATIONS//POPULATION_0007//INDIVIDUAL_22MVUIXV/model.cpp:56:29: error: invalid types 'int[int]' for array subscript\n   56 |   cots_pred[0] = cotsimm_dat[0] * cots_effectiveness;  // initial condition based on immigration data\n      |                             ^\nPOPULATIONS//POPULATION_0007//INDIVIDUAL_22MVUIXV/model.cpp:56:35: error: 'cots_effectiveness' was not declared in this scope\n   56 |   cots_pred[0] = cotsimm_dat[0] * cots_effectiveness;  // initial condition based on immigration data\n      |                                   ^~~~~~~~~~~~~~~~~~\nPOPULATIONS//POPULATION_0007//INDIVIDUAL_22MVUIXV/model.cpp:61:41: error: 'slow_growth' was not declared in this scope\n   61 |     slow_pred[t] = slow_pred[t-1] * exp(slow_growth + Type(0.01) * sst_dat[t-1]) * (1 - predation_slow * cots_pred[t-1]);\n      |                                         ^~~~~~~~~~~\nPOPULATIONS//POPULATION_0007//INDIVIDUAL_22MVUIXV/model.cpp:61:75: error: invalid types 'int[int]' for array subscript\n   61 |     slow_pred[t] = slow_pred[t-1] * exp(slow_growth + Type(0.01) * sst_dat[t-1]) * (1 - predation_slow * cots_pred[t-1]);\n      |                                                                           ^\nPOPULATIONS//POPULATION_0007//INDIVIDUAL_22MVUIXV/model.cpp:61:89: error: 'predation_slow' was not declared in this scope\n   61 |     slow_pred[t] = slow_pred[t-1] * exp(slow_growth + Type(0.01) * sst_dat[t-1]) * (1 - predation_slow * cots_pred[t-1]);\n      |                                                                                         ^~~~~~~~~~~~~~\nPOPULATIONS//POPULATION_0007//INDIVIDUAL_22MVUIXV/model.cpp:65:41: error: 'fast_growth' was not declared in this scope\n   65 |     fast_pred[t] = fast_pred[t-1] * exp(fast_growth + Type(0.015) * sst_dat[t-1]) * (1 - predation_fast * cots_pred[t-1]);\n      |                                         ^~~~~~~~~~~\nPOPULATIONS//POPULATION_0007//INDIVIDUAL_22MVUIXV/model.cpp:65:76: error: invalid types 'int[int]' for array subscript\n   65 |     fast_pred[t] = fast_pred[t-1] * exp(fast_growth + Type(0.015) * sst_dat[t-1]) * (1 - predation_fast * cots_pred[t-1]);\n      |                                                                            ^\nPOPULATIONS//POPULATION_0007//INDIVIDUAL_22MVUIXV/model.cpp:65:90: error: 'predation_fast' was not declared in this scope\n   65 |     fast_pred[t] = fast_pred[t-1] * exp(fast_growth + Type(0.015) * sst_dat[t-1]) * (1 - predation_fast * cots_pred[t-1]);\n      |                                                                                          ^~~~~~~~~~~~~~\nPOPULATIONS//POPULATION_0007//INDIVIDUAL_22MVUIXV/model.cpp:69:31: error: invalid types 'int[int]' for array subscript\n   69 |     cots_pred[t] = cotsimm_dat[t] * cots_effectiveness + Type(0.3) * slow_pred[t-1] + Type(0.2) * fast_pred[t-1];\n      |                               ^\nPOPULATIONS//POPULATION_0007//INDIVIDUAL_22MVUIXV/model.cpp:72:22: error: 'log_sd' was not declared in this scope\n   72 |     Type sigma = exp(log_sd);\n      |                      ^~~~~~\nPOPULATIONS//POPULATION_0007//INDIVIDUAL_22MVUIXV/model.cpp:75:27: error: invalid types 'int[int]' for array subscript\n   75 |     nll -= dlnorm(cots_dat[t] + eps, log(cots_pred[t] + eps), sigma, true);\n      |                           ^\nPOPULATIONS//POPULATION_0007//INDIVIDUAL_22MVUIXV/model.cpp:76:27: error: invalid types 'int[int]' for array subscript\n   76 |     nll -= dlnorm(slow_dat[t] + eps, log(slow_pred[t] + eps), sigma, true);\n      |                           ^\nPOPULATIONS//POPULATION_0007//INDIVIDUAL_22MVUIXV/model.cpp:77:27: error: invalid types 'int[int]' for array subscript\n   77 |     nll -= dlnorm(fast_dat[t] + eps, log(fast_pred[t] + eps), sigma, true);\n      |                           ^\nPOPULATIONS//POPULATION_0007//INDIVIDUAL_22MVUIXV/model.cpp: In instantiation of 'Type objective_function<Type>::operator()() [with Type = CppAD::AD<double>]':\nC:/Users/spi085/AppData/Local/Programs/R/R-4.4.1/library/TMB/include/tmb_core.hpp:1308:6:   required from here\nPOPULATIONS//POPULATION_0007//INDIVIDUAL_22MVUIXV/model.cpp:75:18: error: 'dlnorm' was not declared in this scope; did you mean 'dnorm'?\n   75 |     nll -= dlnorm(cots_dat[t] + eps, log(cots_pred[t] + eps), sigma, true);\n      |            ~~~~~~^~~~~~~~~~~~~~~~~~~~~~~~~~~~~~~~~~~~~~~~~~~~~~~~~~~~~~~~~\n      |            dnorm\nPOPULATIONS//POPULATION_0007//INDIVIDUAL_22MVUIXV/model.cpp:76:18: error: 'dlnorm' was not declared in this scope, and no declarations were found by argument-dependent lookup at the point of instantiation\n   76 |     nll -= dlnorm(slow_dat[t] + eps, log(slow_pred[t] + eps), sigma, true);\n      |            ~~~~~~^~~~~~~~~~~~~~~~~~~~~~~~~~~~~~~~~~~~~~~~~~~~~~~~~~~~~~~~~\nPOPULATIONS//POPULATION_0007//INDIVIDUAL_22MVUIXV/model.cpp:75:18: note: 'dlnorm' declared here, later in the translation unit\n   75 |     nll -= dlnorm(cots_dat[t] + eps, log(cots_pred[t] + eps), sigma, true);\n      |            ~~~~~~^~~~~~~~~~~~~~~~~~~~~~~~~~~~~~~~~~~~~~~~~~~~~~~~~~~~~~~~~\nPOPULATIONS//POPULATION_0007//INDIVIDUAL_22MVUIXV/model.cpp:77:18: error: 'dlnorm' was not declared in this scope, and no declarations were found by argument-dependent lookup at the point of instantiation\n   77 |     nll -= dlnorm(fast_dat[t] + eps, log(fast_pred[t] + eps), sigma, true);\n      |            ~~~~~~^~~~~~~~~~~~~~~~~~~~~~~~~~~~~~~~~~~~~~~~~~~~~~~~~~~~~~~~~\nPOPULATIONS//POPULATION_0007//INDIVIDUAL_22MVUIXV/model.cpp:75:18: note: 'dlnorm' declared here, later in the translation unit\n   75 |     nll -= dlnorm(cots_dat[t] + eps, log(cots_pred[t] + eps), sigma, true);\n      |            ~~~~~~^~~~~~~~~~~~~~~~~~~~~~~~~~~~~~~~~~~~~~~~~~~~~~~~~~~~~~~~~\nPOPULATIONS//POPULATION_0007//INDIVIDUAL_22MVUIXV/model.cpp: In instantiation of 'Type objective_function<Type>::operator()() [with Type = double]':\nC:/Users/spi085/AppData/Local/Programs/R/R-4.4.1/library/TMB/include/tmb_core.hpp:2031:7:   required from here\nPOPULATIONS//POPULATION_0007//INDIVIDUAL_22MVUIXV/model.cpp:75:18: error: 'dlnorm' was not declared in this scope; did you mean 'dnorm'?\n   75 |     nll -= dlnorm(cots_dat[t] + eps, log(cots_pred[t] + eps), sigma, true);\n      |            ~~~~~~^~~~~~~~~~~~~~~~~~~~~~~~~~~~~~~~~~~~~~~~~~~~~~~~~~~~~~~~~\n      |            dnorm\nPOPULATIONS//POPULATION_0007//INDIVIDUAL_22MVUIXV/model.cpp:76:18: error: 'dlnorm' was not declared in this scope, and no declarations were found by argument-dependent lookup at the point of instantiation\n   76 |     nll -= dlnorm(slow_dat[t] + eps, log(slow_pred[t] + eps), sigma, true);\n      |            ~~~~~~^~~~~~~~~~~~~~~~~~~~~~~~~~~~~~~~~~~~~~~~~~~~~~~~~~~~~~~~~\nPOPULATIONS//POPULATION_0007//INDIVIDUAL_22MVUIXV/model.cpp:75:18: note: 'dlnorm' declared here, later in the translation unit\n   75 |     nll -= dlnorm(cots_dat[t] + eps, log(cots_pred[t] + eps), sigma, true);\n      |            ~~~~~~^~~~~~~~~~~~~~~~~~~~~~~~~~~~~~~~~~~~~~~~~~~~~~~~~~~~~~~~~\nPOPULATIONS//POPULATION_0007//INDIVIDUAL_22MVUIXV/model.cpp:77:18: error: 'dlnorm' was not declared in this scope, and no declarations were found by argument-dependent lookup at the point of instantiation\n   77 |     nll -= dlnorm(fast_dat[t] + eps, log(fast_pred[t] + eps), sigma, true);\n      |            ~~~~~~^~~~~~~~~~~~~~~~~~~~~~~~~~~~~~~~~~~~~~~~~~~~~~~~~~~~~~~~~\nPOPULATIONS//POPULATION_0007//INDIVIDUAL_22MVUIXV/model.cpp:75:18: note: 'dlnorm' declared here, later in the translation unit\n   75 |     nll -= dlnorm(cots_dat[t] + eps, log(cots_pred[t] + eps), sigma, true);\n      |            ~~~~~~^~~~~~~~~~~~~~~~~~~~~~~~~~~~~~~~~~~~~~~~~~~~~~~~~~~~~~~~~\nPOPULATIONS//POPULATION_0007//INDIVIDUAL_22MVUIXV/model.cpp: In instantiation of 'Type objective_function<Type>::operator()() [with Type = CppAD::AD<CppAD::AD<double> >]':\nC:/Users/spi085/AppData/Local/Programs/R/R-4.4.1/library/TMB/include/tmb_core.hpp:913:29:   required from 'Type objective_function<Type>::evalUserTemplate() [with Type = CppAD::AD<CppAD::AD<double> >]'\nC:/Users/spi085/AppData/Local/Programs/R/R-4.4.1/library/TMB/include/tmb_core.hpp:2112:26:   required from here\nPOPULATIONS//POPULATION_0007//INDIVIDUAL_22MVUIXV/model.cpp:75:18: error: 'dlnorm' was not declared in this scope; did you mean 'dnorm'?\n   75 |     nll -= dlnorm(cots_dat[t] + eps, log(cots_pred[t] + eps), sigma, true);\n      |            ~~~~~~^~~~~~~~~~~~~~~~~~~~~~~~~~~~~~~~~~~~~~~~~~~~~~~~~~~~~~~~~\n      |            dnorm\nPOPULATIONS//POPULATION_0007//INDIVIDUAL_22MVUIXV/model.cpp:76:18: error: 'dlnorm' was not declared in this scope, and no declarations were found by argument-dependent lookup at the point of instantiation\n   76 |     nll -= dlnorm(slow_dat[t] + eps, log(slow_pred[t] + eps), sigma, true);\n      |            ~~~~~~^~~~~~~~~~~~~~~~~~~~~~~~~~~~~~~~~~~~~~~~~~~~~~~~~~~~~~~~~\nPOPULATIONS//POPULATION_0007//INDIVIDUAL_22MVUIXV/model.cpp:75:18: note: 'dlnorm' declared here, later in the translation unit\n   75 |     nll -= dlnorm(cots_dat[t] + eps, log(cots_pred[t] + eps), sigma, true);\n      |            ~~~~~~^~~~~~~~~~~~~~~~~~~~~~~~~~~~~~~~~~~~~~~~~~~~~~~~~~~~~~~~~\nPOPULATIONS//POPULATION_0007//INDIVIDUAL_22MVUIXV/model.cpp:77:18: error: 'dlnorm' was not declared in this scope, and no declarations were found by argument-dependent lookup at the point of instantiation\n   77 |     nll -= dlnorm(fast_dat[t] + eps, log(fast_pred[t] + eps), sigma, true);\n      |            ~~~~~~^~~~~~~~~~~~~~~~~~~~~~~~~~~~~~~~~~~~~~~~~~~~~~~~~~~~~~~~~\nPOPULATIONS//POPULATION_0007//INDIVIDUAL_22MVUIXV/model.cpp:75:18: note: 'dlnorm' declared here, later in the translation unit\n   75 |     nll -= dlnorm(cots_dat[t] + eps, log(cots_pred[t] + eps), sigma, true);\n      |            ~~~~~~^~~~~~~~~~~~~~~~~~~~~~~~~~~~~~~~~~~~~~~~~~~~~~~~~~~~~~~~~\nPOPULATIONS//POPULATION_0007//INDIVIDUAL_22MVUIXV/model.cpp: In instantiation of 'Type objective_function<Type>::operator()() [with Type = CppAD::AD<CppAD::AD<CppAD::AD<double> > >]':\nC:/Users/spi085/AppData/Local/Programs/R/R-4.4.1/library/TMB/include/tmb_core.hpp:913:29:   required from 'Type objective_function<Type>::evalUserTemplate() [with Type = CppAD::AD<CppAD::AD<CppAD::AD<double> > >]'\nC:/Users/spi085/AppData/Local/Programs/R/R-4.4.1/library/TMB/include/tmb_core.hpp:2361:28:   required from here\nPOPULATIONS//POPULATION_0007//INDIVIDUAL_22MVUIXV/model.cpp:75:18: error: 'dlnorm' was not declared in this scope; did you mean 'dnorm'?\n   75 |     nll -= dlnorm(cots_dat[t] + eps, log(cots_pred[t] + eps), sigma, true);\n      |            ~~~~~~^~~~~~~~~~~~~~~~~~~~~~~~~~~~~~~~~~~~~~~~~~~~~~~~~~~~~~~~~\n      |            dnorm\nPOPULATIONS//POPULATION_0007//INDIVIDUAL_22MVUIXV/model.cpp:76:18: error: 'dlnorm' was not declared in this scope, and no declarations were found by argument-dependent lookup at the point of instantiation\n   76 |     nll -= dlnorm(slow_dat[t] + eps, log(slow_pred[t] + eps), sigma, true);\n      |            ~~~~~~^~~~~~~~~~~~~~~~~~~~~~~~~~~~~~~~~~~~~~~~~~~~~~~~~~~~~~~~~\nPOPULATIONS//POPULATION_0007//INDIVIDUAL_22MVUIXV/model.cpp:75:18: note: 'dlnorm' declared here, later in the translation unit\n   75 |     nll -= dlnorm(cots_dat[t] + eps, log(cots_pred[t] + eps), sigma, true);\n      |            ~~~~~~^~~~~~~~~~~~~~~~~~~~~~~~~~~~~~~~~~~~~~~~~~~~~~~~~~~~~~~~~\nPOPULATIONS//POPULATION_0007//INDIVIDUAL_22MVUIXV/model.cpp:77:18: error: 'dlnorm' was not declared in this scope, and no declarations were found by argument-dependent lookup at the point of instantiation\n   77 |     nll -= dlnorm(fast_dat[t] + eps, log(fast_pred[t] + eps), sigma, true);\n      |            ~~~~~~^~~~~~~~~~~~~~~~~~~~~~~~~~~~~~~~~~~~~~~~~~~~~~~~~~~~~~~~~\nPOPULATIONS//POPULATION_0007//INDIVIDUAL_22MVUIXV/model.cpp:75:18: note: 'dlnorm' declared here, later in the translation unit\n   75 |     nll -= dlnorm(cots_dat[t] + eps, log(cots_pred[t] + eps), sigma, true);\n      |            ~~~~~~^~~~~~~~~~~~~~~~~~~~~~~~~~~~~~~~~~~~~~~~~~~~~~~~~~~~~~~~~\nmake: *** [C:/Users/spi085/AppData/Local/Programs/R/R-4.4.1/etc/x64/Makeconf:296: POPULATIONS//POPULATION_0007//INDIVIDUAL_22MVUIXV/model.o] Error 1\nError in TMB::compile(file.path(individual_dir, model_file), flags = flags,  : \n  Compilation failed\nError: Compilation failed\nExecution halted"
    },
    "3": {
      "status": "ERROR",
      "message": "Model failed to compile.",
      "stdout": "g++ -std=gnu++17  -I\"C:/Users/spi085/AppData/Local/Programs/R/R-4.4.1/include\" -DNDEBUG -I\"C:/Users/spi085/AppData/Local/Programs/R/R-44~1.1/library/TMB/include\" -I\"C:/Users/spi085/AppData/Local/Programs/R/R-44~1.1/library/RCPPEI~1/include\"   -DTMB_EIGEN_DISABLE_WARNINGS   -DTMB_LIB_INIT=R_init_model  -DCPPAD_FRAMEWORK    -I\"C:/rtools44/x86_64-w64-mingw32.static.posix/include\"     -O2 -Wa,-mbig-obj -c POPULATIONS//POPULATION_0007//INDIVIDUAL_22MVUIXV/model.cpp -o POPULATIONS//POPULATION_0007//INDIVIDUAL_22MVUIXV/model.o",
      "stderr": "Loading required package: TMB\nLoading required package: jsonlite\nhere() starts at C:/Users/spi085/OneDrive - CSIRO/Documents/_Projects/SCCP-QuantModelling\nusing C++ compiler: 'G__~1.EXE (GCC) 13.2.0'\nIn file included from C:/Users/spi085/AppData/Local/Programs/R/R-4.4.1/library/TMB/include/TMB.hpp:212,\n                 from POPULATIONS//POPULATION_0007//INDIVIDUAL_22MVUIXV/model.cpp:1:\nPOPULATIONS//POPULATION_0007//INDIVIDUAL_22MVUIXV/model.cpp: In member function 'Type objective_function<Type>::operator()()':\nPOPULATIONS//POPULATION_0007//INDIVIDUAL_22MVUIXV/model.cpp:42:12: error: 'slow_pred' was not declared in this scope\n   42 |   ADREPORT(slow_pred);        // Predicted slow-growing coral cover\n      |            ^~~~~~~~~\nC:/Users/spi085/AppData/Local/Programs/R/R-4.4.1/library/TMB/include/tmb_core.hpp:343:40: note: in definition of macro 'ADREPORT'\n  343 | TMB_OBJECTIVE_PTR -> reportvector.push(name, #name);\n      |                                        ^~~~\nPOPULATIONS//POPULATION_0007//INDIVIDUAL_22MVUIXV/model.cpp:43:12: error: 'fast_pred' was not declared in this scope\n   43 |   ADREPORT(fast_pred);        // Predicted fast-growing coral cover\n      |            ^~~~~~~~~\nC:/Users/spi085/AppData/Local/Programs/R/R-4.4.1/library/TMB/include/tmb_core.hpp:343:40: note: in definition of macro 'ADREPORT'\n  343 | TMB_OBJECTIVE_PTR -> reportvector.push(name, #name);\n      |                                        ^~~~\nPOPULATIONS//POPULATION_0007//INDIVIDUAL_22MVUIXV/model.cpp:44:12: error: 'cots_pred' was not declared in this scope\n   44 |   ADREPORT(cots_pred);        // Predicted Crown-of-Thorns impact measure\n      |            ^~~~~~~~~\nC:/Users/spi085/AppData/Local/Programs/R/R-4.4.1/library/TMB/include/tmb_core.hpp:343:40: note: in definition of macro 'ADREPORT'\n  343 | TMB_OBJECTIVE_PTR -> reportvector.push(name, #name);\n      |                                        ^~~~\nmake: *** [C:/Users/spi085/AppData/Local/Programs/R/R-4.4.1/etc/x64/Makeconf:296: POPULATIONS//POPULATION_0007//INDIVIDUAL_22MVUIXV/model.o] Error 1\nError in TMB::compile(file.path(individual_dir, model_file), flags = flags,  : \n  Compilation failed\nError: Compilation failed\nExecution halted"
    },
    "4": {
      "status": "SUCCESS",
      "objective_value": "NaN",
      "model_summary": [
        "            Length Class  Mode     ",
        "par         6      -none- numeric  ",
        "objective   1      -none- numeric  ",
        "convergence 1      -none- numeric  ",
        "iterations  1      -none- numeric  ",
        "evaluations 2      -none- numeric  ",
        "message     1      -none- character"
      ],
      "model_report": [],
      "plot_data": [],
      "stdout": "g++ -std=gnu++17  -I\"C:/Users/spi085/AppData/Local/Programs/R/R-4.4.1/include\" -DNDEBUG -I\"C:/Users/spi085/AppData/Local/Programs/R/R-44~1.1/library/TMB/include\" -I\"C:/Users/spi085/AppData/Local/Programs/R/R-44~1.1/library/RCPPEI~1/include\"   -DTMB_EIGEN_DISABLE_WARNINGS   -DTMB_LIB_INIT=R_init_model  -DCPPAD_FRAMEWORK    -I\"C:/rtools44/x86_64-w64-mingw32.static.posix/include\"     -O2 -Wa,-mbig-obj -c POPULATIONS//POPULATION_0007//INDIVIDUAL_22MVUIXV/model.cpp -o POPULATIONS//POPULATION_0007//INDIVIDUAL_22MVUIXV/model.o\ng++ -std=gnu++17 -shared -s -static-libgcc -o POPULATIONS//POPULATION_0007//INDIVIDUAL_22MVUIXV/model.dll tmp.def POPULATIONS//POPULATION_0007//INDIVIDUAL_22MVUIXV/model.o -LC:/rtools44/x86_64-w64-mingw32.static.posix/lib/x64 -LC:/rtools44/x86_64-w64-mingw32.static.posix/lib -LC:/Users/spi085/AppData/Local/Programs/R/R-4.4.1/bin/x64 -lR\nStarting model phases\nNumber of phases: 2 \nPhase 1 \nInitial parameter values for phase 1 :\n       slow_growth        fast_growth cots_effectiveness             log_sd \n          0.100000           0.150000           1.000000          -2.302585 \nFinal parameter values for phase 1 :\n       slow_growth        fast_growth cots_effectiveness             log_sd \n        -0.2897454         -0.4157897         -1.1232363          0.1665135 \nConvergence message: relative convergence (4) \nNumber of iterations: 26 \nObjective function value: 218.7269 \nGradient at solution for phase 1 :\n              [,1]          [,2]         [,3]          [,4]\n[1,] -0.0001051412 -6.413617e-05 1.377916e-06 -1.213053e-05\nPhase 2 \nInitial parameter values for phase 2 :\npredation_slow predation_fast \n          0.01           0.02 \nFinal parameter values for phase 2 :\npredation_slow predation_fast \n   0.009501626    0.019531019 \nConvergence message: relative convergence (4) \nNumber of iterations: 7 \nObjective function value: 218.7183 \nGradient at solution for phase 2 :\n           [,1]        [,2]\n[1,] 0.01909042 -0.01782906\nFinal Phase\nInitial parameter values for final phase:\n       slow_growth        fast_growth     predation_slow     predation_fast \n      -0.289745378       -0.415789655        0.009501626        0.019531019 \ncots_effectiveness             log_sd \n      -1.123236320        0.166513461 \nFinal parameter values for final phase:\n       slow_growth        fast_growth     predation_slow     predation_fast \n      -0.363442534       -0.472143859       -0.013627696        0.002126717 \ncots_effectiveness             log_sd \n      -1.448075281        0.161518816 \nConvergence message: relative convergence (4) \nNumber of iterations: 23 \nObjective function value: 218.3523 \nGradient at solution for final phase:\n             [,1]          [,2]         [,3]        [,4]          [,5]\n[1,] 0.0004852379 -0.0003865437 -0.001516976 0.001166411 -3.038737e-06\n             [,6]\n[1,] 3.055677e-06\nAll phases completed\n\nDEBUG: Report contents:\n list()\nNULL\n\nDEBUG: Available variables in report:\nNULL\n\nChecking predictions and calculating objective function...\n\nDEBUG: Processing cots_pred \nDEBUG: cots_pred not found in report\nDEBUG: Available variables:  \n\nDEBUG: Using the following variables for objective function:\ncots_dat -> cots_pred\nslow_dat -> slow_pred\nfast_dat -> fast_pred\n\nDEBUG: Calculating MSE for prediction variables only:\n\nDEBUG: MSE values:\ncots_dat slow_dat fast_dat \n      NA       NA       NA \n\nDEBUG: Final objective value (mean of MSEs): NaN \n\nFinal objective function value: NaN \n\nJSON_REPORT_START\n{\n  \"status\": \"SUCCESS\",\n  \"objective_value\": \"NaN\",\n  \"model_summary\": [\"            Length Class  Mode     \", \"par         6      -none- numeric  \", \"objective   1      -none- numeric  \", \"convergence 1      -none- numeric  \", \"iterations  1      -none- numeric  \", \"evaluations 2      -none- numeric  \", \"message     1      -none- character\"],\n  \"model_report\": [],\n  \"plot_data\": []\n}\nJSON_REPORT_END",
      "stderr": "Loading required package: TMB\nLoading required package: jsonlite\nhere() starts at C:/Users/spi085/OneDrive - CSIRO/Documents/_Projects/SCCP-QuantModelling\nusing C++ compiler: 'G__~1.EXE (GCC) 13.2.0'\nWarning messages:\n1: In nlminb(model$par, model$fn, model$gr) : NA/NaN function evaluation\n2: In nlminb(model$par, model$fn, model$gr) : NA/NaN function evaluation\n3: In nlminb(model$par, model$fn, model$gr) : NA/NaN function evaluation"
    },
    "5": {
      "status": "LEAKAGE",
      "message": "Data leakage detected in model equations.",
      "objective_value": "NA"
    },
    "6": {
      "status": "ERROR",
      "message": "R script failed with return code 1",
      "stdout": "g++ -std=gnu++17  -I\"C:/Users/spi085/AppData/Local/Programs/R/R-4.4.1/include\" -DNDEBUG -I\"C:/Users/spi085/AppData/Local/Programs/R/R-44~1.1/library/TMB/include\" -I\"C:/Users/spi085/AppData/Local/Programs/R/R-44~1.1/library/RCPPEI~1/include\"   -DTMB_EIGEN_DISABLE_WARNINGS   -DTMB_LIB_INIT=R_init_model  -DCPPAD_FRAMEWORK    -I\"C:/rtools44/x86_64-w64-mingw32.static.posix/include\"     -O2 -Wa,-mbig-obj -c POPULATIONS//POPULATION_0007//INDIVIDUAL_22MVUIXV/model.cpp -o POPULATIONS//POPULATION_0007//INDIVIDUAL_22MVUIXV/model.o\ng++ -std=gnu++17 -shared -s -static-libgcc -o POPULATIONS//POPULATION_0007//INDIVIDUAL_22MVUIXV/model.dll tmp.def POPULATIONS//POPULATION_0007//INDIVIDUAL_22MVUIXV/model.o -LC:/rtools44/x86_64-w64-mingw32.static.posix/lib/x64 -LC:/rtools44/x86_64-w64-mingw32.static.posix/lib -LC:/Users/spi085/AppData/Local/Programs/R/R-4.4.1/bin/x64 -lR\nStarting model phases\nNumber of phases: 2 \nPhase 1 \nError in model phases: Error when reading the variable: 'slow_init'. Please check data and parameters.",
      "stderr": "Loading required package: TMB\nLoading required package: jsonlite\nhere() starts at C:/Users/spi085/OneDrive - CSIRO/Documents/_Projects/SCCP-QuantModelling\nusing C++ compiler: 'G__~1.EXE (GCC) 13.2.0'\nError in value[[3L]](cond) : \n  Error in model phases: Error when reading the variable: 'slow_init'. Please check data and parameters.\nCalls: tryCatch -> tryCatchList -> tryCatchOne -> <Anonymous>\nIn addition: Warning messages:\n1: In getParameterOrder(data, parameters, new.env(), DLL = DLL) :\n  Expected scalar. Got length=0\n2: In getParameterOrder(data, parameters, new.env(), DLL = DLL) :\n  Expected object. Got NULL.\nExecution halted"
    },
    "7": {
      "status": "BROKEN"
    }
  }
}