{
  "iterations": {
    "1": {
      "status": "ERROR",
      "message": "R script failed with return code 1",
      "stdout": "g++ -std=gnu++17  -I\"C:/Users/spi085/AppData/Local/Programs/R/R-4.4.1/include\" -DNDEBUG -I\"C:/Users/spi085/AppData/Local/Programs/R/R-44~1.1/library/TMB/include\" -I\"C:/Users/spi085/AppData/Local/Programs/R/R-44~1.1/library/RCPPEI~1/include\"   -DTMB_EIGEN_DISABLE_WARNINGS   -DTMB_LIB_INIT=R_init_model  -DCPPAD_FRAMEWORK    -I\"C:/rtools44/x86_64-w64-mingw32.static.posix/include\"     -O2 -Wa,-mbig-obj -c POPULATIONS//POPULATION_0014//INDIVIDUAL_Y6S7EE72/model.cpp -o POPULATIONS//POPULATION_0014//INDIVIDUAL_Y6S7EE72/model.o\ng++ -std=gnu++17 -shared -s -static-libgcc -o POPULATIONS//POPULATION_0014//INDIVIDUAL_Y6S7EE72/model.dll tmp.def POPULATIONS//POPULATION_0014//INDIVIDUAL_Y6S7EE72/model.o -LC:/rtools44/x86_64-w64-mingw32.static.posix/lib/x64 -LC:/rtools44/x86_64-w64-mingw32.static.posix/lib -LC:/Users/spi085/AppData/Local/Programs/R/R-4.4.1/bin/x64 -lR\nStarting model phases\nNumber of phases: 4 \nPhase 1 \nInitial parameter values for phase 1 :\n    r_cots alpha_slow alpha_fast     r_slow     r_fast \n        NA         NA         NA         NA         NA \nError in model phases: NA/NaN gradient evaluation",
      "stderr": "Loading required package: TMB\nLoading required package: jsonlite\nhere() starts at C:/Users/spi085/OneDrive - CSIRO/Documents/_Projects/SCCP-QuantModelling\nusing C++ compiler: 'G__~1.EXE (GCC) 13.2.0'\nError in value[[3L]](cond) : \n  Error in model phases: NA/NaN gradient evaluation\nCalls: tryCatch -> tryCatchList -> tryCatchOne -> <Anonymous>\nIn addition: Warning message:\nIn nlminb(model$par, model$fn, model$gr) : NA/NaN function evaluation\nExecution halted"
    },
    "2": {
      "status": "ERROR",
      "message": "R script failed with return code 1",
      "stdout": "g++ -std=gnu++17  -I\"C:/Users/spi085/AppData/Local/Programs/R/R-4.4.1/include\" -DNDEBUG -I\"C:/Users/spi085/AppData/Local/Programs/R/R-44~1.1/library/TMB/include\" -I\"C:/Users/spi085/AppData/Local/Programs/R/R-44~1.1/library/RCPPEI~1/include\"   -DTMB_EIGEN_DISABLE_WARNINGS   -DTMB_LIB_INIT=R_init_model  -DCPPAD_FRAMEWORK    -I\"C:/rtools44/x86_64-w64-mingw32.static.posix/include\"     -O2 -Wa,-mbig-obj -c POPULATIONS//POPULATION_0014//INDIVIDUAL_Y6S7EE72/model.cpp -o POPULATIONS//POPULATION_0014//INDIVIDUAL_Y6S7EE72/model.o\ng++ -std=gnu++17 -shared -s -static-libgcc -o POPULATIONS//POPULATION_0014//INDIVIDUAL_Y6S7EE72/model.dll tmp.def POPULATIONS//POPULATION_0014//INDIVIDUAL_Y6S7EE72/model.o -LC:/rtools44/x86_64-w64-mingw32.static.posix/lib/x64 -LC:/rtools44/x86_64-w64-mingw32.static.posix/lib -LC:/Users/spi085/AppData/Local/Programs/R/R-4.4.1/bin/x64 -lR\nStarting model phases\nNumber of phases: 4 \nPhase 1 \nInitial parameter values for phase 1 :\n    r_cots alpha_slow alpha_fast     r_slow     r_fast \n        NA         NA         NA         NA         NA \nError in model phases: NA/NaN gradient evaluation",
      "stderr": "Loading required package: TMB\nLoading required package: jsonlite\nhere() starts at C:/Users/spi085/OneDrive - CSIRO/Documents/_Projects/SCCP-QuantModelling\nusing C++ compiler: 'G__~1.EXE (GCC) 13.2.0'\nError in value[[3L]](cond) : \n  Error in model phases: NA/NaN gradient evaluation\nCalls: tryCatch -> tryCatchList -> tryCatchOne -> <Anonymous>\nIn addition: Warning message:\nIn nlminb(model$par, model$fn, model$gr) : NA/NaN function evaluation\nExecution halted"
    },
    "3": {
      "status": "ERROR",
      "message": "Model failed to compile.",
      "stdout": "g++ -std=gnu++17  -I\"C:/Users/spi085/AppData/Local/Programs/R/R-4.4.1/include\" -DNDEBUG -I\"C:/Users/spi085/AppData/Local/Programs/R/R-44~1.1/library/TMB/include\" -I\"C:/Users/spi085/AppData/Local/Programs/R/R-44~1.1/library/RCPPEI~1/include\"   -DTMB_EIGEN_DISABLE_WARNINGS   -DTMB_LIB_INIT=R_init_model  -DCPPAD_FRAMEWORK    -I\"C:/rtools44/x86_64-w64-mingw32.static.posix/include\"     -O2 -Wa,-mbig-obj -c POPULATIONS//POPULATION_0014//INDIVIDUAL_Y6S7EE72/model.cpp -o POPULATIONS//POPULATION_0014//INDIVIDUAL_Y6S7EE72/model.o",
      "stderr": "Loading required package: TMB\nLoading required package: jsonlite\nhere() starts at C:/Users/spi085/OneDrive - CSIRO/Documents/_Projects/SCCP-QuantModelling\nusing C++ compiler: 'G__~1.EXE (GCC) 13.2.0'\nPOPULATIONS//POPULATION_0014//INDIVIDUAL_Y6S7EE72/model.cpp: In instantiation of 'Type objective_function<Type>::operator()() [with Type = CppAD::AD<double>]':\nC:/Users/spi085/AppData/Local/Programs/R/R-4.4.1/library/TMB/include/tmb_core.hpp:1308:6:   required from here\nPOPULATIONS//POPULATION_0014//INDIVIDUAL_Y6S7EE72/model.cpp:85:18: error: no matching function for call to 'max(CppAD::AD<double>&, CppAD::AD<double>&)'\n   85 |     cots_t1 = max(cots_t1, min_val);\n      |               ~~~^~~~~~~~~~~~~~~~~~\nIn file included from C:/Users/spi085/AppData/Local/Programs/R/R-4.4.1/library/TMB/include/TMB.hpp:215,\n                 from POPULATIONS//POPULATION_0014//INDIVIDUAL_Y6S7EE72/model.cpp:1:\nC:/Users/spi085/AppData/Local/Programs/R/R-4.4.1/library/TMB/include/convenience.hpp:145:6: note: candidate: 'template<class Type> Type max(const tmbutils::vector<Type>&)'\n  145 | Type max(const vector<Type> &x)\n      |      ^~~\nC:/Users/spi085/AppData/Local/Programs/R/R-4.4.1/library/TMB/include/convenience.hpp:145:6: note:   template argument deduction/substitution failed:\nPOPULATIONS//POPULATION_0014//INDIVIDUAL_Y6S7EE72/model.cpp:85:18: note:   'CppAD::AD<double>' is not derived from 'const tmbutils::vector<Type>'\n   85 |     cots_t1 = max(cots_t1, min_val);\n      |               ~~~^~~~~~~~~~~~~~~~~~\nPOPULATIONS//POPULATION_0014//INDIVIDUAL_Y6S7EE72/model.cpp:86:18: error: no matching function for call to 'max(CppAD::AD<double>&, CppAD::AD<double>&)'\n   86 |     slow_t1 = max(slow_t1, min_val);\n      |               ~~~^~~~~~~~~~~~~~~~~~\nC:/Users/spi085/AppData/Local/Programs/R/R-4.4.1/library/TMB/include/convenience.hpp:145:6: note: candidate: 'template<class Type> Type max(const tmbutils::vector<Type>&)'\n  145 | Type max(const vector<Type> &x)\n      |      ^~~\nC:/Users/spi085/AppData/Local/Programs/R/R-4.4.1/library/TMB/include/convenience.hpp:145:6: note:   template argument deduction/substitution failed:\nPOPULATIONS//POPULATION_0014//INDIVIDUAL_Y6S7EE72/model.cpp:86:18: note:   'CppAD::AD<double>' is not derived from 'const tmbutils::vector<Type>'\n   86 |     slow_t1 = max(slow_t1, min_val);\n      |               ~~~^~~~~~~~~~~~~~~~~~\nPOPULATIONS//POPULATION_0014//INDIVIDUAL_Y6S7EE72/model.cpp:87:18: error: no matching function for call to 'max(CppAD::AD<double>&, CppAD::AD<double>&)'\n   87 |     fast_t1 = max(fast_t1, min_val);\n      |               ~~~^~~~~~~~~~~~~~~~~~\nC:/Users/spi085/AppData/Local/Programs/R/R-4.4.1/library/TMB/include/convenience.hpp:145:6: note: candidate: 'template<class Type> Type max(const tmbutils::vector<Type>&)'\n  145 | Type max(const vector<Type> &x)\n      |      ^~~\nC:/Users/spi085/AppData/Local/Programs/R/R-4.4.1/library/TMB/include/convenience.hpp:145:6: note:   template argument deduction/substitution failed:\nPOPULATIONS//POPULATION_0014//INDIVIDUAL_Y6S7EE72/model.cpp:87:18: note:   'CppAD::AD<double>' is not derived from 'const tmbutils::vector<Type>'\n   87 |     fast_t1 = max(fast_t1, min_val);\n      |               ~~~^~~~~~~~~~~~~~~~~~\nPOPULATIONS//POPULATION_0014//INDIVIDUAL_Y6S7EE72/model.cpp:97:32: error: no matching function for call to 'max(CppAD::AD<double>, CppAD::AD<double>)'\n   97 |     Type temp_effect_cots = max(Type(0.2), Type(1.0) - Type(0.05) * temp_diff_cots * temp_diff_cots);\n      |                             ~~~^~~~~~~~~~~~~~~~~~~~~~~~~~~~~~~~~~~~~~~~~~~~~~~~~~~~~~~~~~~~~~~~~~~~~\nC:/Users/spi085/AppData/Local/Programs/R/R-4.4.1/library/TMB/include/convenience.hpp:145:6: note: candidate: 'template<class Type> Type max(const tmbutils::vector<Type>&)'\n  145 | Type max(const vector<Type> &x)\n      |      ^~~\nC:/Users/spi085/AppData/Local/Programs/R/R-4.4.1/library/TMB/include/convenience.hpp:145:6: note:   template argument deduction/substitution failed:\nPOPULATIONS//POPULATION_0014//INDIVIDUAL_Y6S7EE72/model.cpp:97:32: note:   'CppAD::AD<double>' is not derived from 'const tmbutils::vector<Type>'\n   97 |     Type temp_effect_cots = max(Type(0.2), Type(1.0) - Type(0.05) * temp_diff_cots * temp_diff_cots);\n      |                             ~~~^~~~~~~~~~~~~~~~~~~~~~~~~~~~~~~~~~~~~~~~~~~~~~~~~~~~~~~~~~~~~~~~~~~~~\nPOPULATIONS//POPULATION_0014//INDIVIDUAL_Y6S7EE72/model.cpp:98:32: error: no matching function for call to 'max(CppAD::AD<double>, CppAD::AD<double>)'\n   98 |     Type temp_effect_slow = max(Type(0.2), Type(1.0) - Type(0.05) * temp_diff_coral * temp_diff_coral);\n      |                             ~~~^~~~~~~~~~~~~~~~~~~~~~~~~~~~~~~~~~~~~~~~~~~~~~~~~~~~~~~~~~~~~~~~~~~~~~~\nC:/Users/spi085/AppData/Local/Programs/R/R-4.4.1/library/TMB/include/convenience.hpp:145:6: note: candidate: 'template<class Type> Type max(const tmbutils::vector<Type>&)'\n  145 | Type max(const vector<Type> &x)\n      |      ^~~\nC:/Users/spi085/AppData/Local/Programs/R/R-4.4.1/library/TMB/include/convenience.hpp:145:6: note:   template argument deduction/substitution failed:\nPOPULATIONS//POPULATION_0014//INDIVIDUAL_Y6S7EE72/model.cpp:98:32: note:   'CppAD::AD<double>' is not derived from 'const tmbutils::vector<Type>'\n   98 |     Type temp_effect_slow = max(Type(0.2), Type(1.0) - Type(0.05) * temp_diff_coral * temp_diff_coral);\n      |                             ~~~^~~~~~~~~~~~~~~~~~~~~~~~~~~~~~~~~~~~~~~~~~~~~~~~~~~~~~~~~~~~~~~~~~~~~~~\nPOPULATIONS//POPULATION_0014//INDIVIDUAL_Y6S7EE72/model.cpp:99:32: error: no matching function for call to 'max(CppAD::AD<double>, CppAD::AD<double>)'\n   99 |     Type temp_effect_fast = max(Type(0.2), Type(1.0) - Type(0.05) * temp_diff_coral * temp_diff_coral);\n      |                             ~~~^~~~~~~~~~~~~~~~~~~~~~~~~~~~~~~~~~~~~~~~~~~~~~~~~~~~~~~~~~~~~~~~~~~~~~~\nC:/Users/spi085/AppData/Local/Programs/R/R-4.4.1/library/TMB/include/convenience.hpp:145:6: note: candidate: 'template<class Type> Type max(const tmbutils::vector<Type>&)'\n  145 | Type max(const vector<Type> &x)\n      |      ^~~\nC:/Users/spi085/AppData/Local/Programs/R/R-4.4.1/library/TMB/include/convenience.hpp:145:6: note:   template argument deduction/substitution failed:\nPOPULATIONS//POPULATION_0014//INDIVIDUAL_Y6S7EE72/model.cpp:99:32: note:   'CppAD::AD<double>' is not derived from 'const tmbutils::vector<Type>'\n   99 |     Type temp_effect_fast = max(Type(0.2), Type(1.0) - Type(0.05) * temp_diff_coral * temp_diff_coral);\n      |                             ~~~^~~~~~~~~~~~~~~~~~~~~~~~~~~~~~~~~~~~~~~~~~~~~~~~~~~~~~~~~~~~~~~~~~~~~~~\nPOPULATIONS//POPULATION_0014//INDIVIDUAL_Y6S7EE72/model.cpp:102:26: error: no matching function for call to 'max(CppAD::AD<double>&, CppAD::AD<double>)'\n  102 |     Type h_slow_pos = max(h_slow, Type(1.0));\n      |                       ~~~^~~~~~~~~~~~~~~~~~~\nC:/Users/spi085/AppData/Local/Programs/R/R-4.4.1/library/TMB/include/convenience.hpp:145:6: note: candidate: 'template<class Type> Type max(const tmbutils::vector<Type>&)'\n  145 | Type max(const vector<Type> &x)\n      |      ^~~\nC:/Users/spi085/AppData/Local/Programs/R/R-4.4.1/library/TMB/include/convenience.hpp:145:6: note:   template argument deduction/substitution failed:\nPOPULATIONS//POPULATION_0014//INDIVIDUAL_Y6S7EE72/model.cpp:102:26: note:   'CppAD::AD<double>' is not derived from 'const tmbutils::vector<Type>'\n  102 |     Type h_slow_pos = max(h_slow, Type(1.0));\n      |                       ~~~^~~~~~~~~~~~~~~~~~~\nPOPULATIONS//POPULATION_0014//INDIVIDUAL_Y6S7EE72/model.cpp:103:26: error: no matching function for call to 'max(CppAD::AD<double>&, CppAD::AD<double>)'\n  103 |     Type h_fast_pos = max(h_fast, Type(1.0));\n      |                       ~~~^~~~~~~~~~~~~~~~~~~\nC:/Users/spi085/AppData/Local/Programs/R/R-4.4.1/library/TMB/include/convenience.hpp:145:6: note: candidate: 'template<class Type> Type max(const tmbutils::vector<Type>&)'\n  145 | Type max(const vector<Type> &x)\n      |      ^~~\nC:/Users/spi085/AppData/Local/Programs/R/R-4.4.1/library/TMB/include/convenience.hpp:145:6: note:   template argument deduction/substitution failed:\nPOPULATIONS//POPULATION_0014//INDIVIDUAL_Y6S7EE72/model.cpp:103:26: note:   'CppAD::AD<double>' is not derived from 'const tmbutils::vector<Type>'\n  103 |     Type h_fast_pos = max(h_fast, Type(1.0));\n      |                       ~~~^~~~~~~~~~~~~~~~~~~\nPOPULATIONS//POPULATION_0014//INDIVIDUAL_Y6S7EE72/model.cpp:106:41: error: no matching function for call to 'min(CppAD::AD<double>&, CppAD::AD<double>)'\n  106 |     Type pref_bounded = max(Type(0), min(pref_fast, Type(1.0)));\n      |                                      ~~~^~~~~~~~~~~~~~~~~~~~~~\nC:/Users/spi085/AppData/Local/Programs/R/R-4.4.1/library/TMB/include/convenience.hpp:156:6: note: candidate: 'template<class Type> Type min(const tmbutils::vector<Type>&)'\n  156 | Type min(const vector<Type> &x)\n      |      ^~~\nC:/Users/spi085/AppData/Local/Programs/R/R-4.4.1/library/TMB/include/convenience.hpp:156:6: note:   template argument deduction/substitution failed:\nPOPULATIONS//POPULATION_0014//INDIVIDUAL_Y6S7EE72/model.cpp:106:41: note:   'CppAD::AD<double>' is not derived from 'const tmbutils::vector<Type>'\n  106 |     Type pref_bounded = max(Type(0), min(pref_fast, Type(1.0)));\n      |                                      ~~~^~~~~~~~~~~~~~~~~~~~~~\nPOPULATIONS//POPULATION_0014//INDIVIDUAL_Y6S7EE72/model.cpp:113:20: error: no matching function for call to 'min(CppAD::AD<double>&, CppAD::AD<double>)'\n  113 |     pred_slow = min(pred_slow, slow_t1 * Type(0.9));\n      |                 ~~~^~~~~~~~~~~~~~~~~~~~~~~~~~~~~~~~\nC:/Users/spi085/AppData/Local/Programs/R/R-4.4.1/library/TMB/include/convenience.hpp:156:6: note: candidate: 'template<class Type> Type min(const tmbutils::vector<Type>&)'\n  156 | Type min(const vector<Type> &x)\n      |      ^~~\nC:/Users/spi085/AppData/Local/Programs/R/R-4.4.1/library/TMB/include/convenience.hpp:156:6: note:   template argument deduction/substitution failed:\nPOPULATIONS//POPULATION_0014//INDIVIDUAL_Y6S7EE72/model.cpp:113:20: note:   'CppAD::AD<double>' is not derived from 'const tmbutils::vector<Type>'\n  113 |     pred_slow = min(pred_slow, slow_t1 * Type(0.9));\n      |                 ~~~^~~~~~~~~~~~~~~~~~~~~~~~~~~~~~~~\nPOPULATIONS//POPULATION_0014//INDIVIDUAL_Y6S7EE72/model.cpp:114:20: error: no matching function for call to 'min(CppAD::AD<double>&, CppAD::AD<double>)'\n  114 |     pred_fast = min(pred_fast, fast_t1 * Type(0.9));\n      |                 ~~~^~~~~~~~~~~~~~~~~~~~~~~~~~~~~~~~\nC:/Users/spi085/AppData/Local/Programs/R/R-4.4.1/library/TMB/include/convenience.hpp:156:6: note: candidate: 'template<class Type> Type min(const tmbutils::vector<Type>&)'\n  156 | Type min(const vector<Type> &x)\n      |      ^~~\nC:/Users/spi085/AppData/Local/Programs/R/R-4.4.1/library/TMB/include/convenience.hpp:156:6: note:   template argument deduction/substitution failed:\nPOPULATIONS//POPULATION_0014//INDIVIDUAL_Y6S7EE72/model.cpp:114:20: note:   'CppAD::AD<double>' is not derived from 'const tmbutils::vector<Type>'\n  114 |     pred_fast = min(pred_fast, fast_t1 * Type(0.9));\n      |                 ~~~^~~~~~~~~~~~~~~~~~~~~~~~~~~~~~~~\nPOPULATIONS//POPULATION_0014//INDIVIDUAL_Y6S7EE72/model.cpp:121:28: error: no matching function for call to 'max(CppAD::AD<double>, CppAD::AD<double>&)'\n  121 |     Type coral_effect = max(Type(0), coral_recruit_effect);\n      |                         ~~~^~~~~~~~~~~~~~~~~~~~~~~~~~~~~~~\nC:/Users/spi085/AppData/Local/Programs/R/R-4.4.1/library/TMB/include/convenience.hpp:145:6: note: candidate: 'template<class Type> Type max(const tmbutils::vector<Type>&)'\n  145 | Type max(const vector<Type> &x)\n      |      ^~~\nC:/Users/spi085/AppData/Local/Programs/R/R-4.4.1/library/TMB/include/convenience.hpp:145:6: note:   template argument deduction/substitution failed:\nPOPULATIONS//POPULATION_0014//INDIVIDUAL_Y6S7EE72/model.cpp:121:28: note:   'CppAD::AD<double>' is not derived from 'const tmbutils::vector<Type>'\n  121 |     Type coral_effect = max(Type(0), coral_recruit_effect);\n      |                         ~~~^~~~~~~~~~~~~~~~~~~~~~~~~~~~~~~\nPOPULATIONS//POPULATION_0014//INDIVIDUAL_Y6S7EE72/model.cpp:125:26: error: no matching function for call to 'max(CppAD::AD<double>&, CppAD::AD<double>)'\n  125 |     Type r_cots_pos = max(r_cots, Type(0.01));\n      |                       ~~~^~~~~~~~~~~~~~~~~~~~\nC:/Users/spi085/AppData/Local/Programs/R/R-4.4.1/library/TMB/include/convenience.hpp:145:6: note: candidate: 'template<class Type> Type max(const tmbutils::vector<Type>&)'\n  145 | Type max(const vector<Type> &x)\n      |      ^~~\nC:/Users/spi085/AppData/Local/Programs/R/R-4.4.1/library/TMB/include/convenience.hpp:145:6: note:   template argument deduction/substitution failed:\nPOPULATIONS//POPULATION_0014//INDIVIDUAL_Y6S7EE72/model.cpp:125:26: note:   'CppAD::AD<double>' is not derived from 'const tmbutils::vector<Type>'\n  125 |     Type r_cots_pos = max(r_cots, Type(0.01));\n      |                       ~~~^~~~~~~~~~~~~~~~~~~~\nPOPULATIONS//POPULATION_0014//INDIVIDUAL_Y6S7EE72/model.cpp:126:26: error: no matching function for call to 'max(CppAD::AD<double>&, CppAD::AD<double>)'\n  126 |     Type K_cots_pos = max(K_cots, Type(0.1));\n      |                       ~~~^~~~~~~~~~~~~~~~~~~\nC:/Users/spi085/AppData/Local/Programs/R/R-4.4.1/library/TMB/include/convenience.hpp:145:6: note: candidate: 'template<class Type> Type max(const tmbutils::vector<Type>&)'\n  145 | Type max(const vector<Type> &x)\n      |      ^~~\nC:/Users/spi085/AppData/Local/Programs/R/R-4.4.1/library/TMB/include/convenience.hpp:145:6: note:   template argument deduction/substitution failed:\nPOPULATIONS//POPULATION_0014//INDIVIDUAL_Y6S7EE72/model.cpp:126:26: note:   'CppAD::AD<double>' is not derived from 'const tmbutils::vector<Type>'\n  126 |     Type K_cots_pos = max(K_cots, Type(0.1));\n      |                       ~~~^~~~~~~~~~~~~~~~~~~\nPOPULATIONS//POPULATION_0014//INDIVIDUAL_Y6S7EE72/model.cpp:127:26: error: no matching function for call to 'max(CppAD::AD<double>&, CppAD::AD<double>)'\n  127 |     Type m_cots_pos = max(m_cots, Type(0.01));\n      |                       ~~~^~~~~~~~~~~~~~~~~~~~\nC:/Users/spi085/AppData/Local/Programs/R/R-4.4.1/library/TMB/include/convenience.hpp:145:6: note: candidate: 'template<class Type> Type max(const tmbutils::vector<Type>&)'\n  145 | Type max(const vector<Type> &x)\n      |      ^~~\nC:/Users/spi085/AppData/Local/Programs/R/R-4.4.1/library/TMB/include/convenience.hpp:145:6: note:   template argument deduction/substitution failed:\nPOPULATIONS//POPULATION_0014//INDIVIDUAL_Y6S7EE72/model.cpp:127:26: note:   'CppAD::AD<double>' is not derived from 'const tmbutils::vector<Type>'\n  127 |     Type m_cots_pos = max(m_cots, Type(0.01));\n      |                       ~~~^~~~~~~~~~~~~~~~~~~~\nPOPULATIONS//POPULATION_0014//INDIVIDUAL_Y6S7EE72/model.cpp:133:20: error: no matching function for call to 'max(CppAD::AD<double>&, CppAD::AD<double>&)'\n  133 |     cots_next = max(cots_next, min_val);\n      |                 ~~~^~~~~~~~~~~~~~~~~~~~\nC:/Users/spi085/AppData/Local/Programs/R/R-4.4.1/library/TMB/include/convenience.hpp:145:6: note: candidate: 'template<class Type> Type max(const tmbutils::vector<Type>&)'\n  145 | Type max(const vector<Type> &x)\n      |      ^~~\nC:/Users/spi085/AppData/Local/Programs/R/R-4.4.1/library/TMB/include/convenience.hpp:145:6: note:   template argument deduction/substitution failed:\nPOPULATIONS//POPULATION_0014//INDIVIDUAL_Y6S7EE72/model.cpp:133:20: note:   'CppAD::AD<double>' is not derived from 'const tmbutils::vector<Type>'\n  133 |     cots_next = max(cots_next, min_val);\n      |                 ~~~^~~~~~~~~~~~~~~~~~~~\nPOPULATIONS//POPULATION_0014//INDIVIDUAL_Y6S7EE72/model.cpp:136:26: error: no matching function for call to 'max(CppAD::AD<double>&, CppAD::AD<double>)'\n  136 |     Type r_slow_pos = max(r_slow, Type(0.01));\n      |                       ~~~^~~~~~~~~~~~~~~~~~~~\nC:/Users/spi085/AppData/Local/Programs/R/R-4.4.1/library/TMB/include/convenience.hpp:145:6: note: candidate: 'template<class Type> Type max(const tmbutils::vector<Type>&)'\n  145 | Type max(const vector<Type> &x)\n      |      ^~~\nC:/Users/spi085/AppData/Local/Programs/R/R-4.4.1/library/TMB/include/convenience.hpp:145:6: note:   template argument deduction/substitution failed:\nPOPULATIONS//POPULATION_0014//INDIVIDUAL_Y6S7EE72/model.cpp:136:26: note:   'CppAD::AD<double>' is not derived from 'const tmbutils::vector<Type>'\n  136 |     Type r_slow_pos = max(r_slow, Type(0.01));\n      |                       ~~~^~~~~~~~~~~~~~~~~~~~\nPOPULATIONS//POPULATION_0014//INDIVIDUAL_Y6S7EE72/model.cpp:137:26: error: no matching function for call to 'max(CppAD::AD<double>&, CppAD::AD<double>)'\n  137 |     Type r_fast_pos = max(r_fast, Type(0.01));\n      |                       ~~~^~~~~~~~~~~~~~~~~~~~\nC:/Users/spi085/AppData/Local/Programs/R/R-4.4.1/library/TMB/include/convenience.hpp:145:6: note: candidate: 'template<class Type> Type max(const tmbutils::vector<Type>&)'\n  145 | Type max(const vector<Type> &x)\n      |      ^~~\nC:/Users/spi085/AppData/Local/Programs/R/R-4.4.1/library/TMB/include/convenience.hpp:145:6: note:   template argument deduction/substitution failed:\nPOPULATIONS//POPULATION_0014//INDIVIDUAL_Y6S7EE72/model.cpp:137:26: note:   'CppAD::AD<double>' is not derived from 'const tmbutils::vector<Type>'\n  137 |     Type r_fast_pos = max(r_fast, Type(0.01));\n      |                       ~~~^~~~~~~~~~~~~~~~~~~~\nPOPULATIONS//POPULATION_0014//INDIVIDUAL_Y6S7EE72/model.cpp:138:26: error: no matching function for call to 'max(CppAD::AD<double>&, CppAD::AD<double>)'\n  138 |     Type K_slow_pos = max(K_slow, Type(1.0));\n      |                       ~~~^~~~~~~~~~~~~~~~~~~\nC:/Users/spi085/AppData/Local/Programs/R/R-4.4.1/library/TMB/include/convenience.hpp:145:6: note: candidate: 'template<class Type> Type max(const tmbutils::vector<Type>&)'\n  145 | Type max(const vector<Type> &x)\n      |      ^~~\nC:/Users/spi085/AppData/Local/Programs/R/R-4.4.1/library/TMB/include/convenience.hpp:145:6: note:   template argument deduction/substitution failed:\nPOPULATIONS//POPULATION_0014//INDIVIDUAL_Y6S7EE72/model.cpp:138:26: note:   'CppAD::AD<double>' is not derived from 'const tmbutils::vector<Type>'\n  138 |     Type K_slow_pos = max(K_slow, Type(1.0));\n      |                       ~~~^~~~~~~~~~~~~~~~~~~\nPOPULATIONS//POPULATION_0014//INDIVIDUAL_Y6S7EE72/model.cpp:139:26: error: no matching function for call to 'max(CppAD::AD<double>&, CppAD::AD<double>)'\n  139 |     Type K_fast_pos = max(K_fast, Type(1.0));\n      |                       ~~~^~~~~~~~~~~~~~~~~~~\nC:/Users/spi085/AppData/Local/Programs/R/R-4.4.1/library/TMB/include/convenience.hpp:145:6: note: candidate: 'template<class Type> Type max(const tmbutils::vector<Type>&)'\n  145 | Type max(const vector<Type> &x)\n      |      ^~~\nC:/Users/spi085/AppData/Local/Programs/R/R-4.4.1/library/TMB/include/convenience.hpp:145:6: note:   template argument deduction/substitution failed:\nPOPULATIONS//POPULATION_0014//INDIVIDUAL_Y6S7EE72/model.cpp:139:26: note:   'CppAD::AD<double>' is not derived from 'const tmbutils::vector<Type>'\n  139 |     Type K_fast_pos = max(K_fast, Type(1.0));\n      |                       ~~~^~~~~~~~~~~~~~~~~~~\nPOPULATIONS//POPULATION_0014//INDIVIDUAL_Y6S7EE72/model.cpp:144:20: error: no matching function for call to 'max(CppAD::AD<double>&, CppAD::AD<double>&)'\n  144 |     slow_next = max(slow_next, min_val);\n      |                 ~~~^~~~~~~~~~~~~~~~~~~~\nC:/Users/spi085/AppData/Local/Programs/R/R-4.4.1/library/TMB/include/convenience.hpp:145:6: note: candidate: 'template<class Type> Type max(const tmbutils::vector<Type>&)'\n  145 | Type max(const vector<Type> &x)\n      |      ^~~\nC:/Users/spi085/AppData/Local/Programs/R/R-4.4.1/library/TMB/include/convenience.hpp:145:6: note:   template argument deduction/substitution failed:\nPOPULATIONS//POPULATION_0014//INDIVIDUAL_Y6S7EE72/model.cpp:144:20: note:   'CppAD::AD<double>' is not derived from 'const tmbutils::vector<Type>'\n  144 |     slow_next = max(slow_next, min_val);\n      |                 ~~~^~~~~~~~~~~~~~~~~~~~\nPOPULATIONS//POPULATION_0014//INDIVIDUAL_Y6S7EE72/model.cpp:148:20: error: no matching function for call to 'max(CppAD::AD<double>&, CppAD::AD<double>&)'\n  148 |     fast_next = max(fast_next, min_val);\n      |                 ~~~^~~~~~~~~~~~~~~~~~~~\nC:/Users/spi085/AppData/Local/Programs/R/R-4.4.1/library/TMB/include/convenience.hpp:145:6: note: candidate: 'template<class Type> Type max(const tmbutils::vector<Type>&)'\n  145 | Type max(const vector<Type> &x)\n      |      ^~~\nC:/Users/spi085/AppData/Local/Programs/R/R-4.4.1/library/TMB/include/convenience.hpp:145:6: note:   template argument deduction/substitution failed:\nPOPULATIONS//POPULATION_0014//INDIVIDUAL_Y6S7EE72/model.cpp:148:20: note:   'CppAD::AD<double>' is not derived from 'const tmbutils::vector<Type>'\n  148 |     fast_next = max(fast_next, min_val);\n      |                 ~~~^~~~~~~~~~~~~~~~~~~~\nPOPULATIONS//POPULATION_0014//INDIVIDUAL_Y6S7EE72/model.cpp:156:34: error: no matching function for call to 'max(CppAD::AD<double>&, CppAD::AD<double>)'\n  156 |     Type sigma_obs_cots_pos = max(sigma_obs_cots, Type(0.1));\n      |                               ~~~^~~~~~~~~~~~~~~~~~~~~~~~~~~\nC:/Users/spi085/AppData/Local/Programs/R/R-4.4.1/library/TMB/include/convenience.hpp:145:6: note: candidate: 'template<class Type> Type max(const tmbutils::vector<Type>&)'\n  145 | Type max(const vector<Type> &x)\n      |      ^~~\nC:/Users/spi085/AppData/Local/Programs/R/R-4.4.1/library/TMB/include/convenience.hpp:145:6: note:   template argument deduction/substitution failed:\nPOPULATIONS//POPULATION_0014//INDIVIDUAL_Y6S7EE72/model.cpp:156:34: note:   'CppAD::AD<double>' is not derived from 'const tmbutils::vector<Type>'\n  156 |     Type sigma_obs_cots_pos = max(sigma_obs_cots, Type(0.1));\n      |                               ~~~^~~~~~~~~~~~~~~~~~~~~~~~~~~\nPOPULATIONS//POPULATION_0014//INDIVIDUAL_Y6S7EE72/model.cpp:157:34: error: no matching function for call to 'max(CppAD::AD<double>&, CppAD::AD<double>)'\n  157 |     Type sigma_obs_slow_pos = max(sigma_obs_slow, Type(0.1));\n      |                               ~~~^~~~~~~~~~~~~~~~~~~~~~~~~~~\nC:/Users/spi085/AppData/Local/Programs/R/R-4.4.1/library/TMB/include/convenience.hpp:145:6: note: candidate: 'template<class Type> Type max(const tmbutils::vector<Type>&)'\n  145 | Type max(const vector<Type> &x)\n      |      ^~~\nC:/Users/spi085/AppData/Local/Programs/R/R-4.4.1/library/TMB/include/convenience.hpp:145:6: note:   template argument deduction/substitution failed:\nPOPULATIONS//POPULATION_0014//INDIVIDUAL_Y6S7EE72/model.cpp:157:34: note:   'CppAD::AD<double>' is not derived from 'const tmbutils::vector<Type>'\n  157 |     Type sigma_obs_slow_pos = max(sigma_obs_slow, Type(0.1));\n      |                               ~~~^~~~~~~~~~~~~~~~~~~~~~~~~~~\nPOPULATIONS//POPULATION_0014//INDIVIDUAL_Y6S7EE72/model.cpp:158:34: error: no matching function for call to 'max(CppAD::AD<double>&, CppAD::AD<double>)'\n  158 |     Type sigma_obs_fast_pos = max(sigma_obs_fast, Type(0.1));\n      |                               ~~~^~~~~~~~~~~~~~~~~~~~~~~~~~~\nC:/Users/spi085/AppData/Local/Programs/R/R-4.4.1/library/TMB/include/convenience.hpp:145:6: note: candidate: 'template<class Type> Type max(const tmbutils::vector<Type>&)'\n  145 | Type max(const vector<Type> &x)\n      |      ^~~\nC:/Users/spi085/AppData/Local/Programs/R/R-4.4.1/library/TMB/include/convenience.hpp:145:6: note:   template argument deduction/substitution failed:\nPOPULATIONS//POPULATION_0014//INDIVIDUAL_Y6S7EE72/model.cpp:158:34: note:   'CppAD::AD<double>' is not derived from 'const tmbutils::vector<Type>'\n  158 |     Type sigma_obs_fast_pos = max(sigma_obs_fast, Type(0.1));\n      |                               ~~~^~~~~~~~~~~~~~~~~~~~~~~~~~~\nPOPULATIONS//POPULATION_0014//INDIVIDUAL_Y6S7EE72/model.cpp: In instantiation of 'Type objective_function<Type>::operator()() [with Type = double]':\nC:/Users/spi085/AppData/Local/Programs/R/R-4.4.1/library/TMB/include/tmb_core.hpp:2031:7:   required from here\nPOPULATIONS//POPULATION_0014//INDIVIDUAL_Y6S7EE72/model.cpp:85:18: error: no matching function for call to 'max(double&, double&)'\n   85 |     cots_t1 = max(cots_t1, min_val);\n      |               ~~~^~~~~~~~~~~~~~~~~~\nC:/Users/spi085/AppData/Local/Programs/R/R-4.4.1/library/TMB/include/convenience.hpp:145:6: note: candidate: 'template<class Type> Type max(const tmbutils::vector<Type>&)'\n  145 | Type max(const vector<Type> &x)\n      |      ^~~\nC:/Users/spi085/AppData/Local/Programs/R/R-4.4.1/library/TMB/include/convenience.hpp:145:6: note:   template argument deduction/substitution failed:\nPOPULATIONS//POPULATION_0014//INDIVIDUAL_Y6S7EE72/model.cpp:85:18: note:   mismatched types 'const tmbutils::vector<Type>' and 'double'\n   85 |     cots_t1 = max(cots_t1, min_val);\n      |               ~~~^~~~~~~~~~~~~~~~~~\nPOPULATIONS//POPULATION_0014//INDIVIDUAL_Y6S7EE72/model.cpp:86:18: error: no matching function for call to 'max(double&, double&)'\n   86 |     slow_t1 = max(slow_t1, min_val);\n      |               ~~~^~~~~~~~~~~~~~~~~~\nC:/Users/spi085/AppData/Local/Programs/R/R-4.4.1/library/TMB/include/convenience.hpp:145:6: note: candidate: 'template<class Type> Type max(const tmbutils::vector<Type>&)'\n  145 | Type max(const vector<Type> &x)\n      |      ^~~\nC:/Users/spi085/AppData/Local/Programs/R/R-4.4.1/library/TMB/include/convenience.hpp:145:6: note:   template argument deduction/substitution failed:\nPOPULATIONS//POPULATION_0014//INDIVIDUAL_Y6S7EE72/model.cpp:86:18: note:   mismatched types 'const tmbutils::vector<Type>' and 'double'\n   86 |     slow_t1 = max(slow_t1, min_val);\n      |               ~~~^~~~~~~~~~~~~~~~~~\nPOPULATIONS//POPULATION_0014//INDIVIDUAL_Y6S7EE72/model.cpp:87:18: error: no matching function for call to 'max(double&, double&)'\n   87 |     fast_t1 = max(fast_t1, min_val);\n      |               ~~~^~~~~~~~~~~~~~~~~~\nC:/Users/spi085/AppData/Local/Programs/R/R-4.4.1/library/TMB/include/convenience.hpp:145:6: note: candidate: 'template<class Type> Type max(const tmbutils::vector<Type>&)'\n  145 | Type max(const vector<Type> &x)\n      |      ^~~\nC:/Users/spi085/AppData/Local/Programs/R/R-4.4.1/library/TMB/include/convenience.hpp:145:6: note:   template argument deduction/substitution failed:\nPOPULATIONS//POPULATION_0014//INDIVIDUAL_Y6S7EE72/model.cpp:87:18: note:   mismatched types 'const tmbutils::vector<Type>' and 'double'\n   87 |     fast_t1 = max(fast_t1, min_val);\n      |               ~~~^~~~~~~~~~~~~~~~~~\nPOPULATIONS//POPULATION_0014//INDIVIDUAL_Y6S7EE72/model.cpp:97:32: error: no matching function for call to 'max(double, double)'\n   97 |     Type temp_effect_cots = max(Type(0.2), Type(1.0) - Type(0.05) * temp_diff_cots * temp_diff_cots);\n      |                             ~~~^~~~~~~~~~~~~~~~~~~~~~~~~~~~~~~~~~~~~~~~~~~~~~~~~~~~~~~~~~~~~~~~~~~~~\nC:/Users/spi085/AppData/Local/Programs/R/R-4.4.1/library/TMB/include/convenience.hpp:145:6: note: candidate: 'template<class Type> Type max(const tmbutils::vector<Type>&)'\n  145 | Type max(const vector<Type> &x)\n      |      ^~~\nC:/Users/spi085/AppData/Local/Programs/R/R-4.4.1/library/TMB/include/convenience.hpp:145:6: note:   template argument deduction/substitution failed:\nPOPULATIONS//POPULATION_0014//INDIVIDUAL_Y6S7EE72/model.cpp:97:32: note:   mismatched types 'const tmbutils::vector<Type>' and 'double'\n   97 |     Type temp_effect_cots = max(Type(0.2), Type(1.0) - Type(0.05) * temp_diff_cots * temp_diff_cots);\n      |                             ~~~^~~~~~~~~~~~~~~~~~~~~~~~~~~~~~~~~~~~~~~~~~~~~~~~~~~~~~~~~~~~~~~~~~~~~\nPOPULATIONS//POPULATION_0014//INDIVIDUAL_Y6S7EE72/model.cpp:98:32: error: no matching function for call to 'max(double, double)'\n   98 |     Type temp_effect_slow = max(Type(0.2), Type(1.0) - Type(0.05) * temp_diff_coral * temp_diff_coral);\n      |                             ~~~^~~~~~~~~~~~~~~~~~~~~~~~~~~~~~~~~~~~~~~~~~~~~~~~~~~~~~~~~~~~~~~~~~~~~~~\nC:/Users/spi085/AppData/Local/Programs/R/R-4.4.1/library/TMB/include/convenience.hpp:145:6: note: candidate: 'template<class Type> Type max(const tmbutils::vector<Type>&)'\n  145 | Type max(const vector<Type> &x)\n      |      ^~~\nC:/Users/spi085/AppData/Local/Programs/R/R-4.4.1/library/TMB/include/convenience.hpp:145:6: note:   template argument deduction/substitution failed:\nPOPULATIONS//POPULATION_0014//INDIVIDUAL_Y6S7EE72/model.cpp:98:32: note:   mismatched types 'const tmbutils::vector<Type>' and 'double'\n   98 |     Type temp_effect_slow = max(Type(0.2), Type(1.0) - Type(0.05) * temp_diff_coral * temp_diff_coral);\n      |                             ~~~^~~~~~~~~~~~~~~~~~~~~~~~~~~~~~~~~~~~~~~~~~~~~~~~~~~~~~~~~~~~~~~~~~~~~~~\nPOPULATIONS//POPULATION_0014//INDIVIDUAL_Y6S7EE72/model.cpp:99:32: error: no matching function for call to 'max(double, double)'\n   99 |     Type temp_effect_fast = max(Type(0.2), Type(1.0) - Type(0.05) * temp_diff_coral * temp_diff_coral);\n      |                             ~~~^~~~~~~~~~~~~~~~~~~~~~~~~~~~~~~~~~~~~~~~~~~~~~~~~~~~~~~~~~~~~~~~~~~~~~~\nC:/Users/spi085/AppData/Local/Programs/R/R-4.4.1/library/TMB/include/convenience.hpp:145:6: note: candidate: 'template<class Type> Type max(const tmbutils::vector<Type>&)'\n  145 | Type max(const vector<Type> &x)\n      |      ^~~\nC:/Users/spi085/AppData/Local/Programs/R/R-4.4.1/library/TMB/include/convenience.hpp:145:6: note:   template argument deduction/substitution failed:\nPOPULATIONS//POPULATION_0014//INDIVIDUAL_Y6S7EE72/model.cpp:99:32: note:   mismatched types 'const tmbutils::vector<Type>' and 'double'\n   99 |     Type temp_effect_fast = max(Type(0.2), Type(1.0) - Type(0.05) * temp_diff_coral * temp_diff_coral);\n      |                             ~~~^~~~~~~~~~~~~~~~~~~~~~~~~~~~~~~~~~~~~~~~~~~~~~~~~~~~~~~~~~~~~~~~~~~~~~~\nPOPULATIONS//POPULATION_0014//INDIVIDUAL_Y6S7EE72/model.cpp:102:26: error: no matching function for call to 'max(double&, double)'\n  102 |     Type h_slow_pos = max(h_slow, Type(1.0));\n      |                       ~~~^~~~~~~~~~~~~~~~~~~\nC:/Users/spi085/AppData/Local/Programs/R/R-4.4.1/library/TMB/include/convenience.hpp:145:6: note: candidate: 'template<class Type> Type max(const tmbutils::vector<Type>&)'\n  145 | Type max(const vector<Type> &x)\n      |      ^~~\nC:/Users/spi085/AppData/Local/Programs/R/R-4.4.1/library/TMB/include/convenience.hpp:145:6: note:   template argument deduction/substitution failed:\nPOPULATIONS//POPULATION_0014//INDIVIDUAL_Y6S7EE72/model.cpp:102:26: note:   mismatched types 'const tmbutils::vector<Type>' and 'double'\n  102 |     Type h_slow_pos = max(h_slow, Type(1.0));\n      |                       ~~~^~~~~~~~~~~~~~~~~~~\nPOPULATIONS//POPULATION_0014//INDIVIDUAL_Y6S7EE72/model.cpp:103:26: error: no matching function for call to 'max(double&, double)'\n  103 |     Type h_fast_pos = max(h_fast, Type(1.0));\n      |                       ~~~^~~~~~~~~~~~~~~~~~~\nC:/Users/spi085/AppData/Local/Programs/R/R-4.4.1/library/TMB/include/convenience.hpp:145:6: note: candidate: 'template<class Type> Type max(const tmbutils::vector<Type>&)'\n  145 | Type max(const vector<Type> &x)\n      |      ^~~\nC:/Users/spi085/AppData/Local/Programs/R/R-4.4.1/library/TMB/include/convenience.hpp:145:6: note:   template argument deduction/substitution failed:\nPOPULATIONS//POPULATION_0014//INDIVIDUAL_Y6S7EE72/model.cpp:103:26: note:   mismatched types 'const tmbutils::vector<Type>' and 'double'\n  103 |     Type h_fast_pos = max(h_fast, Type(1.0));\n      |                       ~~~^~~~~~~~~~~~~~~~~~~\nPOPULATIONS//POPULATION_0014//INDIVIDUAL_Y6S7EE72/model.cpp:106:41: error: no matching function for call to 'min(double&, double)'\n  106 |     Type pref_bounded = max(Type(0), min(pref_fast, Type(1.0)));\n      |                                      ~~~^~~~~~~~~~~~~~~~~~~~~~\nC:/Users/spi085/AppData/Local/Programs/R/R-4.4.1/library/TMB/include/convenience.hpp:156:6: note: candidate: 'template<class Type> Type min(const tmbutils::vector<Type>&)'\n  156 | Type min(const vector<Type> &x)\n      |      ^~~\nC:/Users/spi085/AppData/Local/Programs/R/R-4.4.1/library/TMB/include/convenience.hpp:156:6: note:   template argument deduction/substitution failed:\nPOPULATIONS//POPULATION_0014//INDIVIDUAL_Y6S7EE72/model.cpp:106:41: note:   mismatched types 'const tmbutils::vector<Type>' and 'double'\n  106 |     Type pref_bounded = max(Type(0), min(pref_fast, Type(1.0)));\n      |                                      ~~~^~~~~~~~~~~~~~~~~~~~~~\nPOPULATIONS//POPULATION_0014//INDIVIDUAL_Y6S7EE72/model.cpp:113:20: error: no matching function for call to 'min(double&, double)'\n  113 |     pred_slow = min(pred_slow, slow_t1 * Type(0.9));\n      |                 ~~~^~~~~~~~~~~~~~~~~~~~~~~~~~~~~~~~\nC:/Users/spi085/AppData/Local/Programs/R/R-4.4.1/library/TMB/include/convenience.hpp:156:6: note: candidate: 'template<class Type> Type min(const tmbutils::vector<Type>&)'\n  156 | Type min(const vector<Type> &x)\n      |      ^~~\nC:/Users/spi085/AppData/Local/Programs/R/R-4.4.1/library/TMB/include/convenience.hpp:156:6: note:   template argument deduction/substitution failed:\nPOPULATIONS//POPULATION_0014//INDIVIDUAL_Y6S7EE72/model.cpp:113:20: note:   mismatched types 'const tmbutils::vector<Type>' and 'double'\n  113 |     pred_slow = min(pred_slow, slow_t1 * Type(0.9));\n      |                 ~~~^~~~~~~~~~~~~~~~~~~~~~~~~~~~~~~~\nPOPULATIONS//POPULATION_0014//INDIVIDUAL_Y6S7EE72/model.cpp:114:20: error: no matching function for call to 'min(double&, double)'\n  114 |     pred_fast = min(pred_fast, fast_t1 * Type(0.9));\n      |                 ~~~^~~~~~~~~~~~~~~~~~~~~~~~~~~~~~~~\nC:/Users/spi085/AppData/Local/Programs/R/R-4.4.1/library/TMB/include/convenience.hpp:156:6: note: candidate: 'template<class Type> Type min(const tmbutils::vector<Type>&)'\n  156 | Type min(const vector<Type> &x)\n      |      ^~~\nC:/Users/spi085/AppData/Local/Programs/R/R-4.4.1/library/TMB/include/convenience.hpp:156:6: note:   template argument deduction/substitution failed:\nPOPULATIONS//POPULATION_0014//INDIVIDUAL_Y6S7EE72/model.cpp:114:20: note:   mismatched types 'const tmbutils::vector<Type>' and 'double'\n  114 |     pred_fast = min(pred_fast, fast_t1 * Type(0.9));\n      |                 ~~~^~~~~~~~~~~~~~~~~~~~~~~~~~~~~~~~\nPOPULATIONS//POPULATION_0014//INDIVIDUAL_Y6S7EE72/model.cpp:121:28: error: no matching function for call to 'max(double, double&)'\n  121 |     Type coral_effect = max(Type(0), coral_recruit_effect);\n      |                         ~~~^~~~~~~~~~~~~~~~~~~~~~~~~~~~~~~\nC:/Users/spi085/AppData/Local/Programs/R/R-4.4.1/library/TMB/include/convenience.hpp:145:6: note: candidate: 'template<class Type> Type max(const tmbutils::vector<Type>&)'\n  145 | Type max(const vector<Type> &x)\n      |      ^~~\nC:/Users/spi085/AppData/Local/Programs/R/R-4.4.1/library/TMB/include/convenience.hpp:145:6: note:   template argument deduction/substitution failed:\nPOPULATIONS//POPULATION_0014//INDIVIDUAL_Y6S7EE72/model.cpp:121:28: note:   mismatched types 'const tmbutils::vector<Type>' and 'double'\n  121 |     Type coral_effect = max(Type(0), coral_recruit_effect);\n      |                         ~~~^~~~~~~~~~~~~~~~~~~~~~~~~~~~~~~\nPOPULATIONS//POPULATION_0014//INDIVIDUAL_Y6S7EE72/model.cpp:125:26: error: no matching function for call to 'max(double&, double)'\n  125 |     Type r_cots_pos = max(r_cots, Type(0.01));\n      |                       ~~~^~~~~~~~~~~~~~~~~~~~\nC:/Users/spi085/AppData/Local/Programs/R/R-4.4.1/library/TMB/include/convenience.hpp:145:6: note: candidate: 'template<class Type> Type max(const tmbutils::vector<Type>&)'\n  145 | Type max(const vector<Type> &x)\n      |      ^~~\nC:/Users/spi085/AppData/Local/Programs/R/R-4.4.1/library/TMB/include/convenience.hpp:145:6: note:   template argument deduction/substitution failed:\nPOPULATIONS//POPULATION_0014//INDIVIDUAL_Y6S7EE72/model.cpp:125:26: note:   mismatched types 'const tmbutils::vector<Type>' and 'double'\n  125 |     Type r_cots_pos = max(r_cots, Type(0.01));\n      |                       ~~~^~~~~~~~~~~~~~~~~~~~\nPOPULATIONS//POPULATION_0014//INDIVIDUAL_Y6S7EE72/model.cpp:126:26: error: no matching function for call to 'max(double&, double)'\n  126 |     Type K_cots_pos = max(K_cots, Type(0.1));\n      |                       ~~~^~~~~~~~~~~~~~~~~~~\nC:/Users/spi085/AppData/Local/Programs/R/R-4.4.1/library/TMB/include/convenience.hpp:145:6: note: candidate: 'template<class Type> Type max(const tmbutils::vector<Type>&)'\n  145 | Type max(const vector<Type> &x)\n      |      ^~~\nC:/Users/spi085/AppData/Local/Programs/R/R-4.4.1/library/TMB/include/convenience.hpp:145:6: note:   template argument deduction/substitution failed:\nPOPULATIONS//POPULATION_0014//INDIVIDUAL_Y6S7EE72/model.cpp:126:26: note:   mismatched types 'const tmbutils::vector<Type>' and 'double'\n  126 |     Type K_cots_pos = max(K_cots, Type(0.1));\n      |                       ~~~^~~~~~~~~~~~~~~~~~~\nPOPULATIONS//POPULATION_0014//INDIVIDUAL_Y6S7EE72/model.cpp:127:26: error: no matching function for call to 'max(double&, double)'\n  127 |     Type m_cots_pos = max(m_cots, Type(0.01));\n      |                       ~~~^~~~~~~~~~~~~~~~~~~~\nC:/Users/spi085/AppData/Local/Programs/R/R-4.4.1/library/TMB/include/convenience.hpp:145:6: note: candidate: 'template<class Type> Type max(const tmbutils::vector<Type>&)'\n  145 | Type max(const vector<Type> &x)\n      |      ^~~\nC:/Users/spi085/AppData/Local/Programs/R/R-4.4.1/library/TMB/include/convenience.hpp:145:6: note:   template argument deduction/substitution failed:\nPOPULATIONS//POPULATION_0014//INDIVIDUAL_Y6S7EE72/model.cpp:127:26: note:   mismatched types 'const tmbutils::vector<Type>' and 'double'\n  127 |     Type m_cots_pos = max(m_cots, Type(0.01));\n      |                       ~~~^~~~~~~~~~~~~~~~~~~~\nPOPULATIONS//POPULATION_0014//INDIVIDUAL_Y6S7EE72/model.cpp:133:20: error: no matching function for call to 'max(double&, double&)'\n  133 |     cots_next = max(cots_next, min_val);\n      |                 ~~~^~~~~~~~~~~~~~~~~~~~\nC:/Users/spi085/AppData/Local/Programs/R/R-4.4.1/library/TMB/include/convenience.hpp:145:6: note: candidate: 'template<class Type> Type max(const tmbutils::vector<Type>&)'\n  145 | Type max(const vector<Type> &x)\n      |      ^~~\nC:/Users/spi085/AppData/Local/Programs/R/R-4.4.1/library/TMB/include/convenience.hpp:145:6: note:   template argument deduction/substitution failed:\nPOPULATIONS//POPULATION_0014//INDIVIDUAL_Y6S7EE72/model.cpp:133:20: note:   mismatched types 'const tmbutils::vector<Type>' and 'double'\n  133 |     cots_next = max(cots_next, min_val);\n      |                 ~~~^~~~~~~~~~~~~~~~~~~~\nPOPULATIONS//POPULATION_0014//INDIVIDUAL_Y6S7EE72/model.cpp:136:26: error: no matching function for call to 'max(double&, double)'\n  136 |     Type r_slow_pos = max(r_slow, Type(0.01));\n      |                       ~~~^~~~~~~~~~~~~~~~~~~~\nC:/Users/spi085/AppData/Local/Programs/R/R-4.4.1/library/TMB/include/convenience.hpp:145:6: note: candidate: 'template<class Type> Type max(const tmbutils::vector<Type>&)'\n  145 | Type max(const vector<Type> &x)\n      |      ^~~\nC:/Users/spi085/AppData/Local/Programs/R/R-4.4.1/library/TMB/include/convenience.hpp:145:6: note:   template argument deduction/substitution failed:\nPOPULATIONS//POPULATION_0014//INDIVIDUAL_Y6S7EE72/model.cpp:136:26: note:   mismatched types 'const tmbutils::vector<Type>' and 'double'\n  136 |     Type r_slow_pos = max(r_slow, Type(0.01));\n      |                       ~~~^~~~~~~~~~~~~~~~~~~~\nPOPULATIONS//POPULATION_0014//INDIVIDUAL_Y6S7EE72/model.cpp:137:26: error: no matching function for call to 'max(double&, double)'\n  137 |     Type r_fast_pos = max(r_fast, Type(0.01));\n      |                       ~~~^~~~~~~~~~~~~~~~~~~~\nC:/Users/spi085/AppData/Local/Programs/R/R-4.4.1/library/TMB/include/convenience.hpp:145:6: note: candidate: 'template<class Type> Type max(const tmbutils::vector<Type>&)'\n  145 | Type max(const vector<Type> &x)\n      |      ^~~\nC:/Users/spi085/AppData/Local/Programs/R/R-4.4.1/library/TMB/include/convenience.hpp:145:6: note:   template argument deduction/substitution failed:\nPOPULATIONS//POPULATION_0014//INDIVIDUAL_Y6S7EE72/model.cpp:137:26: note:   mismatched types 'const tmbutils::vector<Type>' and 'double'\n  137 |     Type r_fast_pos = max(r_fast, Type(0.01));\n      |                       ~~~^~~~~~~~~~~~~~~~~~~~\nPOPULATIONS//POPULATION_0014//INDIVIDUAL_Y6S7EE72/model.cpp:138:26: error: no matching function for call to 'max(double&, double)'\n  138 |     Type K_slow_pos = max(K_slow, Type(1.0));\n      |                       ~~~^~~~~~~~~~~~~~~~~~~\nC:/Users/spi085/AppData/Local/Programs/R/R-4.4.1/library/TMB/include/convenience.hpp:145:6: note: candidate: 'template<class Type> Type max(const tmbutils::vector<Type>&)'\n  145 | Type max(const vector<Type> &x)\n      |      ^~~\nC:/Users/spi085/AppData/Local/Programs/R/R-4.4.1/library/TMB/include/convenience.hpp:145:6: note:   template argument deduction/substitution failed:\nPOPULATIONS//POPULATION_0014//INDIVIDUAL_Y6S7EE72/model.cpp:138:26: note:   mismatched types 'const tmbutils::vector<Type>' and 'double'\n  138 |     Type K_slow_pos = max(K_slow, Type(1.0));\n      |                       ~~~^~~~~~~~~~~~~~~~~~~\nPOPULATIONS//POPULATION_0014//INDIVIDUAL_Y6S7EE72/model.cpp:139:26: error: no matching function for call to 'max(double&, double)'\n  139 |     Type K_fast_pos = max(K_fast, Type(1.0));\n      |                       ~~~^~~~~~~~~~~~~~~~~~~\nC:/Users/spi085/AppData/Local/Programs/R/R-4.4.1/library/TMB/include/convenience.hpp:145:6: note: candidate: 'template<class Type> Type max(const tmbutils::vector<Type>&)'\n  145 | Type max(const vector<Type> &x)\n      |      ^~~\nC:/Users/spi085/AppData/Local/Programs/R/R-4.4.1/library/TMB/include/convenience.hpp:145:6: note:   template argument deduction/substitution failed:\nPOPULATIONS//POPULATION_0014//INDIVIDUAL_Y6S7EE72/model.cpp:139:26: note:   mismatched types 'const tmbutils::vector<Type>' and 'double'\n  139 |     Type K_fast_pos = max(K_fast, Type(1.0));\n      |                       ~~~^~~~~~~~~~~~~~~~~~~\nPOPULATIONS//POPULATION_0014//INDIVIDUAL_Y6S7EE72/model.cpp:144:20: error: no matching function for call to 'max(double&, double&)'\n  144 |     slow_next = max(slow_next, min_val);\n      |                 ~~~^~~~~~~~~~~~~~~~~~~~\nC:/Users/spi085/AppData/Local/Programs/R/R-4.4.1/library/TMB/include/convenience.hpp:145:6: note: candidate: 'template<class Type> Type max(const tmbutils::vector<Type>&)'\n  145 | Type max(const vector<Type> &x)\n      |      ^~~\nC:/Users/spi085/AppData/Local/Programs/R/R-4.4.1/library/TMB/include/convenience.hpp:145:6: note:   template argument deduction/substitution failed:\nPOPULATIONS//POPULATION_0014//INDIVIDUAL_Y6S7EE72/model.cpp:144:20: note:   mismatched types 'const tmbutils::vector<Type>' and 'double'\n  144 |     slow_next = max(slow_next, min_val);\n      |                 ~~~^~~~~~~~~~~~~~~~~~~~\nPOPULATIONS//POPULATION_0014//INDIVIDUAL_Y6S7EE72/model.cpp:148:20: error: no matching function for call to 'max(double&, double&)'\n  148 |     fast_next = max(fast_next, min_val);\n      |                 ~~~^~~~~~~~~~~~~~~~~~~~\nC:/Users/spi085/AppData/Local/Programs/R/R-4.4.1/library/TMB/include/convenience.hpp:145:6: note: candidate: 'template<class Type> Type max(const tmbutils::vector<Type>&)'\n  145 | Type max(const vector<Type> &x)\n      |      ^~~\nC:/Users/spi085/AppData/Local/Programs/R/R-4.4.1/library/TMB/include/convenience.hpp:145:6: note:   template argument deduction/substitution failed:\nPOPULATIONS//POPULATION_0014//INDIVIDUAL_Y6S7EE72/model.cpp:148:20: note:   mismatched types 'const tmbutils::vector<Type>' and 'double'\n  148 |     fast_next = max(fast_next, min_val);\n      |                 ~~~^~~~~~~~~~~~~~~~~~~~\nPOPULATIONS//POPULATION_0014//INDIVIDUAL_Y6S7EE72/model.cpp:156:34: error: no matching function for call to 'max(double&, double)'\n  156 |     Type sigma_obs_cots_pos = max(sigma_obs_cots, Type(0.1));\n      |                               ~~~^~~~~~~~~~~~~~~~~~~~~~~~~~~\nC:/Users/spi085/AppData/Local/Programs/R/R-4.4.1/library/TMB/include/convenience.hpp:145:6: note: candidate: 'template<class Type> Type max(const tmbutils::vector<Type>&)'\n  145 | Type max(const vector<Type> &x)\n      |      ^~~\nC:/Users/spi085/AppData/Local/Programs/R/R-4.4.1/library/TMB/include/convenience.hpp:145:6: note:   template argument deduction/substitution failed:\nPOPULATIONS//POPULATION_0014//INDIVIDUAL_Y6S7EE72/model.cpp:156:34: note:   mismatched types 'const tmbutils::vector<Type>' and 'double'\n  156 |     Type sigma_obs_cots_pos = max(sigma_obs_cots, Type(0.1));\n      |                               ~~~^~~~~~~~~~~~~~~~~~~~~~~~~~~\nPOPULATIONS//POPULATION_0014//INDIVIDUAL_Y6S7EE72/model.cpp:157:34: error: no matching function for call to 'max(double&, double)'\n  157 |     Type sigma_obs_slow_pos = max(sigma_obs_slow, Type(0.1));\n      |                               ~~~^~~~~~~~~~~~~~~~~~~~~~~~~~~\nC:/Users/spi085/AppData/Local/Programs/R/R-4.4.1/library/TMB/include/convenience.hpp:145:6: note: candidate: 'template<class Type> Type max(const tmbutils::vector<Type>&)'\n  145 | Type max(const vector<Type> &x)\n      |      ^~~\nC:/Users/spi085/AppData/Local/Programs/R/R-4.4.1/library/TMB/include/convenience.hpp:145:6: note:   template argument deduction/substitution failed:\nPOPULATIONS//POPULATION_0014//INDIVIDUAL_Y6S7EE72/model.cpp:157:34: note:   mismatched types 'const tmbutils::vector<Type>' and 'double'\n  157 |     Type sigma_obs_slow_pos = max(sigma_obs_slow, Type(0.1));\n      |                               ~~~^~~~~~~~~~~~~~~~~~~~~~~~~~~\nPOPULATIONS//POPULATION_0014//INDIVIDUAL_Y6S7EE72/model.cpp:158:34: error: no matching function for call to 'max(double&, double)'\n  158 |     Type sigma_obs_fast_pos = max(sigma_obs_fast, Type(0.1));\n      |                               ~~~^~~~~~~~~~~~~~~~~~~~~~~~~~~\nC:/Users/spi085/AppData/Local/Programs/R/R-4.4.1/library/TMB/include/convenience.hpp:145:6: note: candidate: 'template<class Type> Type max(const tmbutils::vector<Type>&)'\n  145 | Type max(const vector<Type> &x)\n      |      ^~~\nC:/Users/spi085/AppData/Local/Programs/R/R-4.4.1/library/TMB/include/convenience.hpp:145:6: note:   template argument deduction/substitution failed:\nPOPULATIONS//POPULATION_0014//INDIVIDUAL_Y6S7EE72/model.cpp:158:34: note:   mismatched types 'const tmbutils::vector<Type>' and 'double'\n  158 |     Type sigma_obs_fast_pos = max(sigma_obs_fast, Type(0.1));\n      |                               ~~~^~~~~~~~~~~~~~~~~~~~~~~~~~~\nPOPULATIONS//POPULATION_0014//INDIVIDUAL_Y6S7EE72/model.cpp: In instantiation of 'Type objective_function<Type>::operator()() [with Type = CppAD::AD<CppAD::AD<double> >]':\nC:/Users/spi085/AppData/Local/Programs/R/R-4.4.1/library/TMB/include/tmb_core.hpp:913:29:   required from 'Type objective_function<Type>::evalUserTemplate() [with Type = CppAD::AD<CppAD::AD<double> >]'\nC:/Users/spi085/AppData/Local/Programs/R/R-4.4.1/library/TMB/include/tmb_core.hpp:2112:26:   required from here\nPOPULATIONS//POPULATION_0014//INDIVIDUAL_Y6S7EE72/model.cpp:85:18: error: no matching function for call to 'max(CppAD::AD<CppAD::AD<double> >&, CppAD::AD<CppAD::AD<double> >&)'\n   85 |     cots_t1 = max(cots_t1, min_val);\n      |               ~~~^~~~~~~~~~~~~~~~~~\nC:/Users/spi085/AppData/Local/Programs/R/R-4.4.1/library/TMB/include/convenience.hpp:145:6: note: candidate: 'template<class Type> Type max(const tmbutils::vector<Type>&)'\n  145 | Type max(const vector<Type> &x)\n      |      ^~~\nC:/Users/spi085/AppData/Local/Programs/R/R-4.4.1/library/TMB/include/convenience.hpp:145:6: note:   template argument deduction/substitution failed:\nPOPULATIONS//POPULATION_0014//INDIVIDUAL_Y6S7EE72/model.cpp:85:18: note:   'CppAD::AD<CppAD::AD<double> >' is not derived from 'const tmbutils::vector<Type>'\n   85 |     cots_t1 = max(cots_t1, min_val);\n      |               ~~~^~~~~~~~~~~~~~~~~~\nPOPULATIONS//POPULATION_0014//INDIVIDUAL_Y6S7EE72/model.cpp:86:18: error: no matching function for call to 'max(CppAD::AD<CppAD::AD<double> >&, CppAD::AD<CppAD::AD<double> >&)'\n   86 |     slow_t1 = max(slow_t1, min_val);\n      |               ~~~^~~~~~~~~~~~~~~~~~\nC:/Users/spi085/AppData/Local/Programs/R/R-4.4.1/library/TMB/include/convenience.hpp:145:6: note: candidate: 'template<class Type> Type max(const tmbutils::vector<Type>&)'\n  145 | Type max(const vector<Type> &x)\n      |      ^~~\nC:/Users/spi085/AppData/Local/Programs/R/R-4.4.1/library/TMB/include/convenience.hpp:145:6: note:   template argument deduction/substitution failed:\nPOPULATIONS//POPULATION_0014//INDIVIDUAL_Y6S7EE72/model.cpp:86:18: note:   'CppAD::AD<CppAD::AD<double> >' is not derived from 'const tmbutils::vector<Type>'\n   86 |     slow_t1 = max(slow_t1, min_val);\n      |               ~~~^~~~~~~~~~~~~~~~~~\nPOPULATIONS//POPULATION_0014//INDIVIDUAL_Y6S7EE72/model.cpp:87:18: error: no matching function for call to 'max(CppAD::AD<CppAD::AD<double> >&, CppAD::AD<CppAD::AD<double> >&)'\n   87 |     fast_t1 = max(fast_t1, min_val);\n      |               ~~~^~~~~~~~~~~~~~~~~~\nC:/Users/spi085/AppData/Local/Programs/R/R-4.4.1/library/TMB/include/convenience.hpp:145:6: note: candidate: 'template<class Type> Type max(const tmbutils::vector<Type>&)'\n  145 | Type max(const vector<Type> &x)\n      |      ^~~\nC:/Users/spi085/AppData/Local/Programs/R/R-4.4.1/library/TMB/include/convenience.hpp:145:6: note:   template argument deduction/substitution failed:\nPOPULATIONS//POPULATION_0014//INDIVIDUAL_Y6S7EE72/model.cpp:87:18: note:   'CppAD::AD<CppAD::AD<double> >' is not derived from 'const tmbutils::vector<Type>'\n   87 |     fast_t1 = max(fast_t1, min_val);\n      |               ~~~^~~~~~~~~~~~~~~~~~\nPOPULATIONS//POPULATION_0014//INDIVIDUAL_Y6S7EE72/model.cpp:97:32: error: no matching function for call to 'max(CppAD::AD<CppAD::AD<double> >, CppAD::AD<CppAD::AD<double> >)'\n   97 |     Type temp_effect_cots = max(Type(0.2), Type(1.0) - Type(0.05) * temp_diff_cots * temp_diff_cots);\n      |                             ~~~^~~~~~~~~~~~~~~~~~~~~~~~~~~~~~~~~~~~~~~~~~~~~~~~~~~~~~~~~~~~~~~~~~~~~\nC:/Users/spi085/AppData/Local/Programs/R/R-4.4.1/library/TMB/include/convenience.hpp:145:6: note: candidate: 'template<class Type> Type max(const tmbutils::vector<Type>&)'\n  145 | Type max(const vector<Type> &x)\n      |      ^~~\nC:/Users/spi085/AppData/Local/Programs/R/R-4.4.1/library/TMB/include/convenience.hpp:145:6: note:   template argument deduction/substitution failed:\nPOPULATIONS//POPULATION_0014//INDIVIDUAL_Y6S7EE72/model.cpp:97:32: note:   'CppAD::AD<CppAD::AD<double> >' is not derived from 'const tmbutils::vector<Type>'\n   97 |     Type temp_effect_cots = max(Type(0.2), Type(1.0) - Type(0.05) * temp_diff_cots * temp_diff_cots);\n      |                             ~~~^~~~~~~~~~~~~~~~~~~~~~~~~~~~~~~~~~~~~~~~~~~~~~~~~~~~~~~~~~~~~~~~~~~~~\nPOPULATIONS//POPULATION_0014//INDIVIDUAL_Y6S7EE72/model.cpp:98:32: error: no matching function for call to 'max(CppAD::AD<CppAD::AD<double> >, CppAD::AD<CppAD::AD<double> >)'\n   98 |     Type temp_effect_slow = max(Type(0.2), Type(1.0) - Type(0.05) * temp_diff_coral * temp_diff_coral);\n      |                             ~~~^~~~~~~~~~~~~~~~~~~~~~~~~~~~~~~~~~~~~~~~~~~~~~~~~~~~~~~~~~~~~~~~~~~~~~~\nC:/Users/spi085/AppData/Local/Programs/R/R-4.4.1/library/TMB/include/convenience.hpp:145:6: note: candidate: 'template<class Type> Type max(const tmbutils::vector<Type>&)'\n  145 | Type max(const vector<Type> &x)\n      |      ^~~\nC:/Users/spi085/AppData/Local/Programs/R/R-4.4.1/library/TMB/include/convenience.hpp:145:6: note:   template argument deduction/substitution failed:\nPOPULATIONS//POPULATION_0014//INDIVIDUAL_Y6S7EE72/model.cpp:98:32: note:   'CppAD::AD<CppAD::AD<double> >' is not derived from 'const tmbutils::vector<Type>'\n   98 |     Type temp_effect_slow = max(Type(0.2), Type(1.0) - Type(0.05) * temp_diff_coral * temp_diff_coral);\n      |                             ~~~^~~~~~~~~~~~~~~~~~~~~~~~~~~~~~~~~~~~~~~~~~~~~~~~~~~~~~~~~~~~~~~~~~~~~~~\nPOPULATIONS//POPULATION_0014//INDIVIDUAL_Y6S7EE72/model.cpp:99:32: error: no matching function for call to 'max(CppAD::AD<CppAD::AD<double> >, CppAD::AD<CppAD::AD<double> >)'\n   99 |     Type temp_effect_fast = max(Type(0.2), Type(1.0) - Type(0.05) * temp_diff_coral * temp_diff_coral);\n      |                             ~~~^~~~~~~~~~~~~~~~~~~~~~~~~~~~~~~~~~~~~~~~~~~~~~~~~~~~~~~~~~~~~~~~~~~~~~~\nC:/Users/spi085/AppData/Local/Programs/R/R-4.4.1/library/TMB/include/convenience.hpp:145:6: note: candidate: 'template<class Type> Type max(const tmbutils::vector<Type>&)'\n  145 | Type max(const vector<Type> &x)\n      |      ^~~\nC:/Users/spi085/AppData/Local/Programs/R/R-4.4.1/library/TMB/include/convenience.hpp:145:6: note:   template argument deduction/substitution failed:\nPOPULATIONS//POPULATION_0014//INDIVIDUAL_Y6S7EE72/model.cpp:99:32: note:   'CppAD::AD<CppAD::AD<double> >' is not derived from 'const tmbutils::vector<Type>'\n   99 |     Type temp_effect_fast = max(Type(0.2), Type(1.0) - Type(0.05) * temp_diff_coral * temp_diff_coral);\n      |                             ~~~^~~~~~~~~~~~~~~~~~~~~~~~~~~~~~~~~~~~~~~~~~~~~~~~~~~~~~~~~~~~~~~~~~~~~~~\nPOPULATIONS//POPULATION_0014//INDIVIDUAL_Y6S7EE72/model.cpp:102:26: error: no matching function for call to 'max(CppAD::AD<CppAD::AD<double> >&, CppAD::AD<CppAD::AD<double> >)'\n  102 |     Type h_slow_pos = max(h_slow, Type(1.0));\n      |                       ~~~^~~~~~~~~~~~~~~~~~~\nC:/Users/spi085/AppData/Local/Programs/R/R-4.4.1/library/TMB/include/convenience.hpp:145:6: note: candidate: 'template<class Type> Type max(const tmbutils::vector<Type>&)'\n  145 | Type max(const vector<Type> &x)\n      |      ^~~\nC:/Users/spi085/AppData/Local/Programs/R/R-4.4.1/library/TMB/include/convenience.hpp:145:6: note:   template argument deduction/substitution failed:\nPOPULATIONS//POPULATION_0014//INDIVIDUAL_Y6S7EE72/model.cpp:102:26: note:   'CppAD::AD<CppAD::AD<double> >' is not derived from 'const tmbutils::vector<Type>'\n  102 |     Type h_slow_pos = max(h_slow, Type(1.0));\n      |                       ~~~^~~~~~~~~~~~~~~~~~~\nPOPULATIONS//POPULATION_0014//INDIVIDUAL_Y6S7EE72/model.cpp:103:26: error: no matching function for call to 'max(CppAD::AD<CppAD::AD<double> >&, CppAD::AD<CppAD::AD<double> >)'\n  103 |     Type h_fast_pos = max(h_fast, Type(1.0));\n      |                       ~~~^~~~~~~~~~~~~~~~~~~\nC:/Users/spi085/AppData/Local/Programs/R/R-4.4.1/library/TMB/include/convenience.hpp:145:6: note: candidate: 'template<class Type> Type max(const tmbutils::vector<Type>&)'\n  145 | Type max(const vector<Type> &x)\n      |      ^~~\nC:/Users/spi085/AppData/Local/Programs/R/R-4.4.1/library/TMB/include/convenience.hpp:145:6: note:   template argument deduction/substitution failed:\nPOPULATIONS//POPULATION_0014//INDIVIDUAL_Y6S7EE72/model.cpp:103:26: note:   'CppAD::AD<CppAD::AD<double> >' is not derived from 'const tmbutils::vector<Type>'\n  103 |     Type h_fast_pos = max(h_fast, Type(1.0));\n      |                       ~~~^~~~~~~~~~~~~~~~~~~\nPOPULATIONS//POPULATION_0014//INDIVIDUAL_Y6S7EE72/model.cpp:106:41: error: no matching function for call to 'min(CppAD::AD<CppAD::AD<double> >&, CppAD::AD<CppAD::AD<double> >)'\n  106 |     Type pref_bounded = max(Type(0), min(pref_fast, Type(1.0)));\n      |                                      ~~~^~~~~~~~~~~~~~~~~~~~~~\nC:/Users/spi085/AppData/Local/Programs/R/R-4.4.1/library/TMB/include/convenience.hpp:156:6: note: candidate: 'template<class Type> Type min(const tmbutils::vector<Type>&)'\n  156 | Type min(const vector<Type> &x)\n      |      ^~~\nC:/Users/spi085/AppData/Local/Programs/R/R-4.4.1/library/TMB/include/convenience.hpp:156:6: note:   template argument deduction/substitution failed:\nPOPULATIONS//POPULATION_0014//INDIVIDUAL_Y6S7EE72/model.cpp:106:41: note:   'CppAD::AD<CppAD::AD<double> >' is not derived from 'const tmbutils::vector<Type>'\n  106 |     Type pref_bounded = max(Type(0), min(pref_fast, Type(1.0)));\n      |                                      ~~~^~~~~~~~~~~~~~~~~~~~~~\nPOPULATIONS//POPULATION_0014//INDIVIDUAL_Y6S7EE72/model.cpp:113:20: error: no matching function for call to 'min(CppAD::AD<CppAD::AD<double> >&, CppAD::AD<CppAD::AD<double> >)'\n  113 |     pred_slow = min(pred_slow, slow_t1 * Type(0.9));\n      |                 ~~~^~~~~~~~~~~~~~~~~~~~~~~~~~~~~~~~\nC:/Users/spi085/AppData/Local/Programs/R/R-4.4.1/library/TMB/include/convenience.hpp:156:6: note: candidate: 'template<class Type> Type min(const tmbutils::vector<Type>&)'\n  156 | Type min(const vector<Type> &x)\n      |      ^~~\nC:/Users/spi085/AppData/Local/Programs/R/R-4.4.1/library/TMB/include/convenience.hpp:156:6: note:   template argument deduction/substitution failed:\nPOPULATIONS//POPULATION_0014//INDIVIDUAL_Y6S7EE72/model.cpp:113:20: note:   'CppAD::AD<CppAD::AD<double> >' is not derived from 'const tmbutils::vector<Type>'\n  113 |     pred_slow = min(pred_slow, slow_t1 * Type(0.9));\n      |                 ~~~^~~~~~~~~~~~~~~~~~~~~~~~~~~~~~~~\nPOPULATIONS//POPULATION_0014//INDIVIDUAL_Y6S7EE72/model.cpp:114:20: error: no matching function for call to 'min(CppAD::AD<CppAD::AD<double> >&, CppAD::AD<CppAD::AD<double> >)'\n  114 |     pred_fast = min(pred_fast, fast_t1 * Type(0.9));\n      |                 ~~~^~~~~~~~~~~~~~~~~~~~~~~~~~~~~~~~\nC:/Users/spi085/AppData/Local/Programs/R/R-4.4.1/library/TMB/include/convenience.hpp:156:6: note: candidate: 'template<class Type> Type min(const tmbutils::vector<Type>&)'\n  156 | Type min(const vector<Type> &x)\n      |      ^~~\nC:/Users/spi085/AppData/Local/Programs/R/R-4.4.1/library/TMB/include/convenience.hpp:156:6: note:   template argument deduction/substitution failed:\nPOPULATIONS//POPULATION_0014//INDIVIDUAL_Y6S7EE72/model.cpp:114:20: note:   'CppAD::AD<CppAD::AD<double> >' is not derived from 'const tmbutils::vector<Type>'\n  114 |     pred_fast = min(pred_fast, fast_t1 * Type(0.9));\n      |                 ~~~^~~~~~~~~~~~~~~~~~~~~~~~~~~~~~~~\nPOPULATIONS//POPULATION_0014//INDIVIDUAL_Y6S7EE72/model.cpp:121:28: error: no matching function for call to 'max(CppAD::AD<CppAD::AD<double> >, CppAD::AD<CppAD::AD<double> >&)'\n  121 |     Type coral_effect = max(Type(0), coral_recruit_effect);\n      |                         ~~~^~~~~~~~~~~~~~~~~~~~~~~~~~~~~~~\nC:/Users/spi085/AppData/Local/Programs/R/R-4.4.1/library/TMB/include/convenience.hpp:145:6: note: candidate: 'template<class Type> Type max(const tmbutils::vector<Type>&)'\n  145 | Type max(const vector<Type> &x)\n      |      ^~~\nC:/Users/spi085/AppData/Local/Programs/R/R-4.4.1/library/TMB/include/convenience.hpp:145:6: note:   template argument deduction/substitution failed:\nPOPULATIONS//POPULATION_0014//INDIVIDUAL_Y6S7EE72/model.cpp:121:28: note:   'CppAD::AD<CppAD::AD<double> >' is not derived from 'const tmbutils::vector<Type>'\n  121 |     Type coral_effect = max(Type(0), coral_recruit_effect);\n      |                         ~~~^~~~~~~~~~~~~~~~~~~~~~~~~~~~~~~\nPOPULATIONS//POPULATION_0014//INDIVIDUAL_Y6S7EE72/model.cpp:125:26: error: no matching function for call to 'max(CppAD::AD<CppAD::AD<double> >&, CppAD::AD<CppAD::AD<double> >)'\n  125 |     Type r_cots_pos = max(r_cots, Type(0.01));\n      |                       ~~~^~~~~~~~~~~~~~~~~~~~\nC:/Users/spi085/AppData/Local/Programs/R/R-4.4.1/library/TMB/include/convenience.hpp:145:6: note: candidate: 'template<class Type> Type max(const tmbutils::vector<Type>&)'\n  145 | Type max(const vector<Type> &x)\n      |      ^~~\nC:/Users/spi085/AppData/Local/Programs/R/R-4.4.1/library/TMB/include/convenience.hpp:145:6: note:   template argument deduction/substitution failed:\nPOPULATIONS//POPULATION_0014//INDIVIDUAL_Y6S7EE72/model.cpp:125:26: note:   'CppAD::AD<CppAD::AD<double> >' is not derived from 'const tmbutils::vector<Type>'\n  125 |     Type r_cots_pos = max(r_cots, Type(0.01));\n      |                       ~~~^~~~~~~~~~~~~~~~~~~~\nPOPULATIONS//POPULATION_0014//INDIVIDUAL_Y6S7EE72/model.cpp:126:26: error: no matching function for call to 'max(CppAD::AD<CppAD::AD<double> >&, CppAD::AD<CppAD::AD<double> >)'\n  126 |     Type K_cots_pos = max(K_cots, Type(0.1));\n      |                       ~~~^~~~~~~~~~~~~~~~~~~\nC:/Users/spi085/AppData/Local/Programs/R/R-4.4.1/library/TMB/include/convenience.hpp:145:6: note: candidate: 'template<class Type> Type max(const tmbutils::vector<Type>&)'\n  145 | Type max(const vector<Type> &x)\n      |      ^~~\nC:/Users/spi085/AppData/Local/Programs/R/R-4.4.1/library/TMB/include/convenience.hpp:145:6: note:   template argument deduction/substitution failed:\nPOPULATIONS//POPULATION_0014//INDIVIDUAL_Y6S7EE72/model.cpp:126:26: note:   'CppAD::AD<CppAD::AD<double> >' is not derived from 'const tmbutils::vector<Type>'\n  126 |     Type K_cots_pos = max(K_cots, Type(0.1));\n      |                       ~~~^~~~~~~~~~~~~~~~~~~\nPOPULATIONS//POPULATION_0014//INDIVIDUAL_Y6S7EE72/model.cpp:127:26: error: no matching function for call to 'max(CppAD::AD<CppAD::AD<double> >&, CppAD::AD<CppAD::AD<double> >)'\n  127 |     Type m_cots_pos = max(m_cots, Type(0.01));\n      |                       ~~~^~~~~~~~~~~~~~~~~~~~\nC:/Users/spi085/AppData/Local/Programs/R/R-4.4.1/library/TMB/include/convenience.hpp:145:6: note: candidate: 'template<class Type> Type max(const tmbutils::vector<Type>&)'\n  145 | Type max(const vector<Type> &x)\n      |      ^~~\nC:/Users/spi085/AppData/Local/Programs/R/R-4.4.1/library/TMB/include/convenience.hpp:145:6: note:   template argument deduction/substitution failed:\nPOPULATIONS//POPULATION_0014//INDIVIDUAL_Y6S7EE72/model.cpp:127:26: note:   'CppAD::AD<CppAD::AD<double> >' is not derived from 'const tmbutils::vector<Type>'\n  127 |     Type m_cots_pos = max(m_cots, Type(0.01));\n      |                       ~~~^~~~~~~~~~~~~~~~~~~~\nPOPULATIONS//POPULATION_0014//INDIVIDUAL_Y6S7EE72/model.cpp:133:20: error: no matching function for call to 'max(CppAD::AD<CppAD::AD<double> >&, CppAD::AD<CppAD::AD<double> >&)'\n  133 |     cots_next = max(cots_next, min_val);\n      |                 ~~~^~~~~~~~~~~~~~~~~~~~\nC:/Users/spi085/AppData/Local/Programs/R/R-4.4.1/library/TMB/include/convenience.hpp:145:6: note: candidate: 'template<class Type> Type max(const tmbutils::vector<Type>&)'\n  145 | Type max(const vector<Type> &x)\n      |      ^~~\nC:/Users/spi085/AppData/Local/Programs/R/R-4.4.1/library/TMB/include/convenience.hpp:145:6: note:   template argument deduction/substitution failed:\nPOPULATIONS//POPULATION_0014//INDIVIDUAL_Y6S7EE72/model.cpp:133:20: note:   'CppAD::AD<CppAD::AD<double> >' is not derived from 'const tmbutils::vector<Type>'\n  133 |     cots_next = max(cots_next, min_val);\n      |                 ~~~^~~~~~~~~~~~~~~~~~~~\nPOPULATIONS//POPULATION_0014//INDIVIDUAL_Y6S7EE72/model.cpp:136:26: error: no matching function for call to 'max(CppAD::AD<CppAD::AD<double> >&, CppAD::AD<CppAD::AD<double> >)'\n  136 |     Type r_slow_pos = max(r_slow, Type(0.01));\n      |                       ~~~^~~~~~~~~~~~~~~~~~~~\nC:/Users/spi085/AppData/Local/Programs/R/R-4.4.1/library/TMB/include/convenience.hpp:145:6: note: candidate: 'template<class Type> Type max(const tmbutils::vector<Type>&)'\n  145 | Type max(const vector<Type> &x)\n      |      ^~~\nC:/Users/spi085/AppData/Local/Programs/R/R-4.4.1/library/TMB/include/convenience.hpp:145:6: note:   template argument deduction/substitution failed:\nPOPULATIONS//POPULATION_0014//INDIVIDUAL_Y6S7EE72/model.cpp:136:26: note:   'CppAD::AD<CppAD::AD<double> >' is not derived from 'const tmbutils::vector<Type>'\n  136 |     Type r_slow_pos = max(r_slow, Type(0.01));\n      |                       ~~~^~~~~~~~~~~~~~~~~~~~\nPOPULATIONS//POPULATION_0014//INDIVIDUAL_Y6S7EE72/model.cpp:137:26: error: no matching function for call to 'max(CppAD::AD<CppAD::AD<double> >&, CppAD::AD<CppAD::AD<double> >)'\n  137 |     Type r_fast_pos = max(r_fast, Type(0.01));\n      |                       ~~~^~~~~~~~~~~~~~~~~~~~\nC:/Users/spi085/AppData/Local/Programs/R/R-4.4.1/library/TMB/include/convenience.hpp:145:6: note: candidate: 'template<class Type> Type max(const tmbutils::vector<Type>&)'\n  145 | Type max(const vector<Type> &x)\n      |      ^~~\nC:/Users/spi085/AppData/Local/Programs/R/R-4.4.1/library/TMB/include/convenience.hpp:145:6: note:   template argument deduction/substitution failed:\nPOPULATIONS//POPULATION_0014//INDIVIDUAL_Y6S7EE72/model.cpp:137:26: note:   'CppAD::AD<CppAD::AD<double> >' is not derived from 'const tmbutils::vector<Type>'\n  137 |     Type r_fast_pos = max(r_fast, Type(0.01));\n      |                       ~~~^~~~~~~~~~~~~~~~~~~~\nPOPULATIONS//POPULATION_0014//INDIVIDUAL_Y6S7EE72/model.cpp:138:26: error: no matching function for call to 'max(CppAD::AD<CppAD::AD<double> >&, CppAD::AD<CppAD::AD<double> >)'\n  138 |     Type K_slow_pos = max(K_slow, Type(1.0));\n      |                       ~~~^~~~~~~~~~~~~~~~~~~\nC:/Users/spi085/AppData/Local/Programs/R/R-4.4.1/library/TMB/include/convenience.hpp:145:6: note: candidate: 'template<class Type> Type max(const tmbutils::vector<Type>&)'\n  145 | Type max(const vector<Type> &x)\n      |      ^~~\nC:/Users/spi085/AppData/Local/Programs/R/R-4.4.1/library/TMB/include/convenience.hpp:145:6: note:   template argument deduction/substitution failed:\nPOPULATIONS//POPULATION_0014//INDIVIDUAL_Y6S7EE72/model.cpp:138:26: note:   'CppAD::AD<CppAD::AD<double> >' is not derived from 'const tmbutils::vector<Type>'\n  138 |     Type K_slow_pos = max(K_slow, Type(1.0));\n      |                       ~~~^~~~~~~~~~~~~~~~~~~\nPOPULATIONS//POPULATION_0014//INDIVIDUAL_Y6S7EE72/model.cpp:139:26: error: no matching function for call to 'max(CppAD::AD<CppAD::AD<double> >&, CppAD::AD<CppAD::AD<double> >)'\n  139 |     Type K_fast_pos = max(K_fast, Type(1.0));\n      |                       ~~~^~~~~~~~~~~~~~~~~~~\nC:/Users/spi085/AppData/Local/Programs/R/R-4.4.1/library/TMB/include/convenience.hpp:145:6: note: candidate: 'template<class Type> Type max(const tmbutils::vector<Type>&)'\n  145 | Type max(const vector<Type> &x)\n      |      ^~~\nC:/Users/spi085/AppData/Local/Programs/R/R-4.4.1/library/TMB/include/convenience.hpp:145:6: note:   template argument deduction/substitution failed:\nPOPULATIONS//POPULATION_0014//INDIVIDUAL_Y6S7EE72/model.cpp:139:26: note:   'CppAD::AD<CppAD::AD<double> >' is not derived from 'const tmbutils::vector<Type>'\n  139 |     Type K_fast_pos = max(K_fast, Type(1.0));\n      |                       ~~~^~~~~~~~~~~~~~~~~~~\nPOPULATIONS//POPULATION_0014//INDIVIDUAL_Y6S7EE72/model.cpp:144:20: error: no matching function for call to 'max(CppAD::AD<CppAD::AD<double> >&, CppAD::AD<CppAD::AD<double> >&)'\n  144 |     slow_next = max(slow_next, min_val);\n      |                 ~~~^~~~~~~~~~~~~~~~~~~~\nC:/Users/spi085/AppData/Local/Programs/R/R-4.4.1/library/TMB/include/convenience.hpp:145:6: note: candidate: 'template<class Type> Type max(const tmbutils::vector<Type>&)'\n  145 | Type max(const vector<Type> &x)\n      |      ^~~\nC:/Users/spi085/AppData/Local/Programs/R/R-4.4.1/library/TMB/include/convenience.hpp:145:6: note:   template argument deduction/substitution failed:\nPOPULATIONS//POPULATION_0014//INDIVIDUAL_Y6S7EE72/model.cpp:144:20: note:   'CppAD::AD<CppAD::AD<double> >' is not derived from 'const tmbutils::vector<Type>'\n  144 |     slow_next = max(slow_next, min_val);\n      |                 ~~~^~~~~~~~~~~~~~~~~~~~\nPOPULATIONS//POPULATION_0014//INDIVIDUAL_Y6S7EE72/model.cpp:148:20: error: no matching function for call to 'max(CppAD::AD<CppAD::AD<double> >&, CppAD::AD<CppAD::AD<double> >&)'\n  148 |     fast_next = max(fast_next, min_val);\n      |                 ~~~^~~~~~~~~~~~~~~~~~~~\nC:/Users/spi085/AppData/Local/Programs/R/R-4.4.1/library/TMB/include/convenience.hpp:145:6: note: candidate: 'template<class Type> Type max(const tmbutils::vector<Type>&)'\n  145 | Type max(const vector<Type> &x)\n      |      ^~~\nC:/Users/spi085/AppData/Local/Programs/R/R-4.4.1/library/TMB/include/convenience.hpp:145:6: note:   template argument deduction/substitution failed:\nPOPULATIONS//POPULATION_0014//INDIVIDUAL_Y6S7EE72/model.cpp:148:20: note:   'CppAD::AD<CppAD::AD<double> >' is not derived from 'const tmbutils::vector<Type>'\n  148 |     fast_next = max(fast_next, min_val);\n      |                 ~~~^~~~~~~~~~~~~~~~~~~~\nPOPULATIONS//POPULATION_0014//INDIVIDUAL_Y6S7EE72/model.cpp:156:34: error: no matching function for call to 'max(CppAD::AD<CppAD::AD<double> >&, CppAD::AD<CppAD::AD<double> >)'\n  156 |     Type sigma_obs_cots_pos = max(sigma_obs_cots, Type(0.1));\n      |                               ~~~^~~~~~~~~~~~~~~~~~~~~~~~~~~\nC:/Users/spi085/AppData/Local/Programs/R/R-4.4.1/library/TMB/include/convenience.hpp:145:6: note: candidate: 'template<class Type> Type max(const tmbutils::vector<Type>&)'\n  145 | Type max(const vector<Type> &x)\n      |      ^~~\nC:/Users/spi085/AppData/Local/Programs/R/R-4.4.1/library/TMB/include/convenience.hpp:145:6: note:   template argument deduction/substitution failed:\nPOPULATIONS//POPULATION_0014//INDIVIDUAL_Y6S7EE72/model.cpp:156:34: note:   'CppAD::AD<CppAD::AD<double> >' is not derived from 'const tmbutils::vector<Type>'\n  156 |     Type sigma_obs_cots_pos = max(sigma_obs_cots, Type(0.1));\n      |                               ~~~^~~~~~~~~~~~~~~~~~~~~~~~~~~\nPOPULATIONS//POPULATION_0014//INDIVIDUAL_Y6S7EE72/model.cpp:157:34: error: no matching function for call to 'max(CppAD::AD<CppAD::AD<double> >&, CppAD::AD<CppAD::AD<double> >)'\n  157 |     Type sigma_obs_slow_pos = max(sigma_obs_slow, Type(0.1));\n      |                               ~~~^~~~~~~~~~~~~~~~~~~~~~~~~~~\nC:/Users/spi085/AppData/Local/Programs/R/R-4.4.1/library/TMB/include/convenience.hpp:145:6: note: candidate: 'template<class Type> Type max(const tmbutils::vector<Type>&)'\n  145 | Type max(const vector<Type> &x)\n      |      ^~~\nC:/Users/spi085/AppData/Local/Programs/R/R-4.4.1/library/TMB/include/convenience.hpp:145:6: note:   template argument deduction/substitution failed:\nPOPULATIONS//POPULATION_0014//INDIVIDUAL_Y6S7EE72/model.cpp:157:34: note:   'CppAD::AD<CppAD::AD<double> >' is not derived from 'const tmbutils::vector<Type>'\n  157 |     Type sigma_obs_slow_pos = max(sigma_obs_slow, Type(0.1));\n      |                               ~~~^~~~~~~~~~~~~~~~~~~~~~~~~~~\nPOPULATIONS//POPULATION_0014//INDIVIDUAL_Y6S7EE72/model.cpp:158:34: error: no matching function for call to 'max(CppAD::AD<CppAD::AD<double> >&, CppAD::AD<CppAD::AD<double> >)'\n  158 |     Type sigma_obs_fast_pos = max(sigma_obs_fast, Type(0.1));\n      |                               ~~~^~~~~~~~~~~~~~~~~~~~~~~~~~~\nC:/Users/spi085/AppData/Local/Programs/R/R-4.4.1/library/TMB/include/convenience.hpp:145:6: note: candidate: 'template<class Type> Type max(const tmbutils::vector<Type>&)'\n  145 | Type max(const vector<Type> &x)\n      |      ^~~\nC:/Users/spi085/AppData/Local/Programs/R/R-4.4.1/library/TMB/include/convenience.hpp:145:6: note:   template argument deduction/substitution failed:\nPOPULATIONS//POPULATION_0014//INDIVIDUAL_Y6S7EE72/model.cpp:158:34: note:   'CppAD::AD<CppAD::AD<double> >' is not derived from 'const tmbutils::vector<Type>'\n  158 |     Type sigma_obs_fast_pos = max(sigma_obs_fast, Type(0.1));\n      |                               ~~~^~~~~~~~~~~~~~~~~~~~~~~~~~~\nPOPULATIONS//POPULATION_0014//INDIVIDUAL_Y6S7EE72/model.cpp: In instantiation of 'Type objective_function<Type>::operator()() [with Type = CppAD::AD<CppAD::AD<CppAD::AD<double> > >]':\nC:/Users/spi085/AppData/Local/Programs/R/R-4.4.1/library/TMB/include/tmb_core.hpp:913:29:   required from 'Type objective_function<Type>::evalUserTemplate() [with Type = CppAD::AD<CppAD::AD<CppAD::AD<double> > >]'\nC:/Users/spi085/AppData/Local/Programs/R/R-4.4.1/library/TMB/include/tmb_core.hpp:2361:28:   required from here\nPOPULATIONS//POPULATION_0014//INDIVIDUAL_Y6S7EE72/model.cpp:85:18: error: no matching function for call to 'max(CppAD::AD<CppAD::AD<CppAD::AD<double> > >&, CppAD::AD<CppAD::AD<CppAD::AD<double> > >&)'\n   85 |     cots_t1 = max(cots_t1, min_val);\n      |               ~~~^~~~~~~~~~~~~~~~~~\nC:/Users/spi085/AppData/Local/Programs/R/R-4.4.1/library/TMB/include/convenience.hpp:145:6: note: candidate: 'template<class Type> Type max(const tmbutils::vector<Type>&)'\n  145 | Type max(const vector<Type> &x)\n      |      ^~~\nC:/Users/spi085/AppData/Local/Programs/R/R-4.4.1/library/TMB/include/convenience.hpp:145:6: note:   template argument deduction/substitution failed:\nPOPULATIONS//POPULATION_0014//INDIVIDUAL_Y6S7EE72/model.cpp:85:18: note:   'CppAD::AD<CppAD::AD<CppAD::AD<double> > >' is not derived from 'const tmbutils::vector<Type>'\n   85 |     cots_t1 = max(cots_t1, min_val);\n      |               ~~~^~~~~~~~~~~~~~~~~~\nPOPULATIONS//POPULATION_0014//INDIVIDUAL_Y6S7EE72/model.cpp:86:18: error: no matching function for call to 'max(CppAD::AD<CppAD::AD<CppAD::AD<double> > >&, CppAD::AD<CppAD::AD<CppAD::AD<double> > >&)'\n   86 |     slow_t1 = max(slow_t1, min_val);\n      |               ~~~^~~~~~~~~~~~~~~~~~\nC:/Users/spi085/AppData/Local/Programs/R/R-4.4.1/library/TMB/include/convenience.hpp:145:6: note: candidate: 'template<class Type> Type max(const tmbutils::vector<Type>&)'\n  145 | Type max(const vector<Type> &x)\n      |      ^~~\nC:/Users/spi085/AppData/Local/Programs/R/R-4.4.1/library/TMB/include/convenience.hpp:145:6: note:   template argument deduction/substitution failed:\nPOPULATIONS//POPULATION_0014//INDIVIDUAL_Y6S7EE72/model.cpp:86:18: note:   'CppAD::AD<CppAD::AD<CppAD::AD<double> > >' is not derived from 'const tmbutils::vector<Type>'\n   86 |     slow_t1 = max(slow_t1, min_val);\n      |               ~~~^~~~~~~~~~~~~~~~~~\nPOPULATIONS//POPULATION_0014//INDIVIDUAL_Y6S7EE72/model.cpp:87:18: error: no matching function for call to 'max(CppAD::AD<CppAD::AD<CppAD::AD<double> > >&, CppAD::AD<CppAD::AD<CppAD::AD<double> > >&)'\n   87 |     fast_t1 = max(fast_t1, min_val);\n      |               ~~~^~~~~~~~~~~~~~~~~~\nC:/Users/spi085/AppData/Local/Programs/R/R-4.4.1/library/TMB/include/convenience.hpp:145:6: note: candidate: 'template<class Type> Type max(const tmbutils::vector<Type>&)'\n  145 | Type max(const vector<Type> &x)\n      |      ^~~\nC:/Users/spi085/AppData/Local/Programs/R/R-4.4.1/library/TMB/include/convenience.hpp:145:6: note:   template argument deduction/substitution failed:\nPOPULATIONS//POPULATION_0014//INDIVIDUAL_Y6S7EE72/model.cpp:87:18: note:   'CppAD::AD<CppAD::AD<CppAD::AD<double> > >' is not derived from 'const tmbutils::vector<Type>'\n   87 |     fast_t1 = max(fast_t1, min_val);\n      |               ~~~^~~~~~~~~~~~~~~~~~\nPOPULATIONS//POPULATION_0014//INDIVIDUAL_Y6S7EE72/model.cpp:97:32: error: no matching function for call to 'max(CppAD::AD<CppAD::AD<CppAD::AD<double> > >, CppAD::AD<CppAD::AD<CppAD::AD<double> > >)'\n   97 |     Type temp_effect_cots = max(Type(0.2), Type(1.0) - Type(0.05) * temp_diff_cots * temp_diff_cots);\n      |                             ~~~^~~~~~~~~~~~~~~~~~~~~~~~~~~~~~~~~~~~~~~~~~~~~~~~~~~~~~~~~~~~~~~~~~~~~\nC:/Users/spi085/AppData/Local/Programs/R/R-4.4.1/library/TMB/include/convenience.hpp:145:6: note: candidate: 'template<class Type> Type max(const tmbutils::vector<Type>&)'\n  145 | Type max(const vector<Type> &x)\n      |      ^~~\nC:/Users/spi085/AppData/Local/Programs/R/R-4.4.1/library/TMB/include/convenience.hpp:145:6: note:   template argument deduction/substitution failed:\nPOPULATIONS//POPULATION_0014//INDIVIDUAL_Y6S7EE72/model.cpp:97:32: note:   'CppAD::AD<CppAD::AD<CppAD::AD<double> > >' is not derived from 'const tmbutils::vector<Type>'\n   97 |     Type temp_effect_cots = max(Type(0.2), Type(1.0) - Type(0.05) * temp_diff_cots * temp_diff_cots);\n      |                             ~~~^~~~~~~~~~~~~~~~~~~~~~~~~~~~~~~~~~~~~~~~~~~~~~~~~~~~~~~~~~~~~~~~~~~~~\nPOPULATIONS//POPULATION_0014//INDIVIDUAL_Y6S7EE72/model.cpp:98:32: error: no matching function for call to 'max(CppAD::AD<CppAD::AD<CppAD::AD<double> > >, CppAD::AD<CppAD::AD<CppAD::AD<double> > >)'\n   98 |     Type temp_effect_slow = max(Type(0.2), Type(1.0) - Type(0.05) * temp_diff_coral * temp_diff_coral);\n      |                             ~~~^~~~~~~~~~~~~~~~~~~~~~~~~~~~~~~~~~~~~~~~~~~~~~~~~~~~~~~~~~~~~~~~~~~~~~~\nC:/Users/spi085/AppData/Local/Programs/R/R-4.4.1/library/TMB/include/convenience.hpp:145:6: note: candidate: 'template<class Type> Type max(const tmbutils::vector<Type>&)'\n  145 | Type max(const vector<Type> &x)\n      |      ^~~\nC:/Users/spi085/AppData/Local/Programs/R/R-4.4.1/library/TMB/include/convenience.hpp:145:6: note:   template argument deduction/substitution failed:\nPOPULATIONS//POPULATION_0014//INDIVIDUAL_Y6S7EE72/model.cpp:98:32: note:   'CppAD::AD<CppAD::AD<CppAD::AD<double> > >' is not derived from 'const tmbutils::vector<Type>'\n   98 |     Type temp_effect_slow = max(Type(0.2), Type(1.0) - Type(0.05) * temp_diff_coral * temp_diff_coral);\n      |                             ~~~^~~~~~~~~~~~~~~~~~~~~~~~~~~~~~~~~~~~~~~~~~~~~~~~~~~~~~~~~~~~~~~~~~~~~~~\nPOPULATIONS//POPULATION_0014//INDIVIDUAL_Y6S7EE72/model.cpp:99:32: error: no matching function for call to 'max(CppAD::AD<CppAD::AD<CppAD::AD<double> > >, CppAD::AD<CppAD::AD<CppAD::AD<double> > >)'\n   99 |     Type temp_effect_fast = max(Type(0.2), Type(1.0) - Type(0.05) * temp_diff_coral * temp_diff_coral);\n      |                             ~~~^~~~~~~~~~~~~~~~~~~~~~~~~~~~~~~~~~~~~~~~~~~~~~~~~~~~~~~~~~~~~~~~~~~~~~~\nC:/Users/spi085/AppData/Local/Programs/R/R-4.4.1/library/TMB/include/convenience.hpp:145:6: note: candidate: 'template<class Type> Type max(const tmbutils::vector<Type>&)'\n  145 | Type max(const vector<Type> &x)\n      |      ^~~\nC:/Users/spi085/AppData/Local/Programs/R/R-4.4.1/library/TMB/include/convenience.hpp:145:6: note:   template argument deduction/substitution failed:\nPOPULATIONS//POPULATION_0014//INDIVIDUAL_Y6S7EE72/model.cpp:99:32: note:   'CppAD::AD<CppAD::AD<CppAD::AD<double> > >' is not derived from 'const tmbutils::vector<Type>'\n   99 |     Type temp_effect_fast = max(Type(0.2), Type(1.0) - Type(0.05) * temp_diff_coral * temp_diff_coral);\n      |                             ~~~^~~~~~~~~~~~~~~~~~~~~~~~~~~~~~~~~~~~~~~~~~~~~~~~~~~~~~~~~~~~~~~~~~~~~~~\nPOPULATIONS//POPULATION_0014//INDIVIDUAL_Y6S7EE72/model.cpp:102:26: error: no matching function for call to 'max(CppAD::AD<CppAD::AD<CppAD::AD<double> > >&, CppAD::AD<CppAD::AD<CppAD::AD<double> > >)'\n  102 |     Type h_slow_pos = max(h_slow, Type(1.0));\n      |                       ~~~^~~~~~~~~~~~~~~~~~~\nC:/Users/spi085/AppData/Local/Programs/R/R-4.4.1/library/TMB/include/convenience.hpp:145:6: note: candidate: 'template<class Type> Type max(const tmbutils::vector<Type>&)'\n  145 | Type max(const vector<Type> &x)\n      |      ^~~\nC:/Users/spi085/AppData/Local/Programs/R/R-4.4.1/library/TMB/include/convenience.hpp:145:6: note:   template argument deduction/substitution failed:\nPOPULATIONS//POPULATION_0014//INDIVIDUAL_Y6S7EE72/model.cpp:102:26: note:   'CppAD::AD<CppAD::AD<CppAD::AD<double> > >' is not derived from 'const tmbutils::vector<Type>'\n  102 |     Type h_slow_pos = max(h_slow, Type(1.0));\n      |                       ~~~^~~~~~~~~~~~~~~~~~~\nPOPULATIONS//POPULATION_0014//INDIVIDUAL_Y6S7EE72/model.cpp:103:26: error: no matching function for call to 'max(CppAD::AD<CppAD::AD<CppAD::AD<double> > >&, CppAD::AD<CppAD::AD<CppAD::AD<double> > >)'\n  103 |     Type h_fast_pos = max(h_fast, Type(1.0));\n      |                       ~~~^~~~~~~~~~~~~~~~~~~\nC:/Users/spi085/AppData/Local/Programs/R/R-4.4.1/library/TMB/include/convenience.hpp:145:6: note: candidate: 'template<class Type> Type max(const tmbutils::vector<Type>&)'\n  145 | Type max(const vector<Type> &x)\n      |      ^~~\nC:/Users/spi085/AppData/Local/Programs/R/R-4.4.1/library/TMB/include/convenience.hpp:145:6: note:   template argument deduction/substitution failed:\nPOPULATIONS//POPULATION_0014//INDIVIDUAL_Y6S7EE72/model.cpp:103:26: note:   'CppAD::AD<CppAD::AD<CppAD::AD<double> > >' is not derived from 'const tmbutils::vector<Type>'\n  103 |     Type h_fast_pos = max(h_fast, Type(1.0));\n      |                       ~~~^~~~~~~~~~~~~~~~~~~\nPOPULATIONS//POPULATION_0014//INDIVIDUAL_Y6S7EE72/model.cpp:106:41: error: no matching function for call to 'min(CppAD::AD<CppAD::AD<CppAD::AD<double> > >&, CppAD::AD<CppAD::AD<CppAD::AD<double> > >)'\n  106 |     Type pref_bounded = max(Type(0), min(pref_fast, Type(1.0)));\n      |                                      ~~~^~~~~~~~~~~~~~~~~~~~~~\nC:/Users/spi085/AppData/Local/Programs/R/R-4.4.1/library/TMB/include/convenience.hpp:156:6: note: candidate: 'template<class Type> Type min(const tmbutils::vector<Type>&)'\n  156 | Type min(const vector<Type> &x)\n      |      ^~~\nC:/Users/spi085/AppData/Local/Programs/R/R-4.4.1/library/TMB/include/convenience.hpp:156:6: note:   template argument deduction/substitution failed:\nPOPULATIONS//POPULATION_0014//INDIVIDUAL_Y6S7EE72/model.cpp:106:41: note:   'CppAD::AD<CppAD::AD<CppAD::AD<double> > >' is not derived from 'const tmbutils::vector<Type>'\n  106 |     Type pref_bounded = max(Type(0), min(pref_fast, Type(1.0)));\n      |                                      ~~~^~~~~~~~~~~~~~~~~~~~~~\nPOPULATIONS//POPULATION_0014//INDIVIDUAL_Y6S7EE72/model.cpp:113:20: error: no matching function for call to 'min(CppAD::AD<CppAD::AD<CppAD::AD<double> > >&, CppAD::AD<CppAD::AD<CppAD::AD<double> > >)'\n  113 |     pred_slow = min(pred_slow, slow_t1 * Type(0.9));\n      |                 ~~~^~~~~~~~~~~~~~~~~~~~~~~~~~~~~~~~\nC:/Users/spi085/AppData/Local/Programs/R/R-4.4.1/library/TMB/include/convenience.hpp:156:6: note: candidate: 'template<class Type> Type min(const tmbutils::vector<Type>&)'\n  156 | Type min(const vector<Type> &x)\n      |      ^~~\nC:/Users/spi085/AppData/Local/Programs/R/R-4.4.1/library/TMB/include/convenience.hpp:156:6: note:   template argument deduction/substitution failed:\nPOPULATIONS//POPULATION_0014//INDIVIDUAL_Y6S7EE72/model.cpp:113:20: note:   'CppAD::AD<CppAD::AD<CppAD::AD<double> > >' is not derived from 'const tmbutils::vector<Type>'\n  113 |     pred_slow = min(pred_slow, slow_t1 * Type(0.9));\n      |                 ~~~^~~~~~~~~~~~~~~~~~~~~~~~~~~~~~~~\nPOPULATIONS//POPULATION_0014//INDIVIDUAL_Y6S7EE72/model.cpp:114:20: error: no matching function for call to 'min(CppAD::AD<CppAD::AD<CppAD::AD<double> > >&, CppAD::AD<CppAD::AD<CppAD::AD<double> > >)'\n  114 |     pred_fast = min(pred_fast, fast_t1 * Type(0.9));\n      |                 ~~~^~~~~~~~~~~~~~~~~~~~~~~~~~~~~~~~\nC:/Users/spi085/AppData/Local/Programs/R/R-4.4.1/library/TMB/include/convenience.hpp:156:6: note: candidate: 'template<class Type> Type min(const tmbutils::vector<Type>&)'\n  156 | Type min(const vector<Type> &x)\n      |      ^~~\nC:/Users/spi085/AppData/Local/Programs/R/R-4.4.1/library/TMB/include/convenience.hpp:156:6: note:   template argument deduction/substitution failed:\nPOPULATIONS//POPULATION_0014//INDIVIDUAL_Y6S7EE72/model.cpp:114:20: note:   'CppAD::AD<CppAD::AD<CppAD::AD<double> > >' is not derived from 'const tmbutils::vector<Type>'\n  114 |     pred_fast = min(pred_fast, fast_t1 * Type(0.9));\n      |                 ~~~^~~~~~~~~~~~~~~~~~~~~~~~~~~~~~~~\nPOPULATIONS//POPULATION_0014//INDIVIDUAL_Y6S7EE72/model.cpp:121:28: error: no matching function for call to 'max(CppAD::AD<CppAD::AD<CppAD::AD<double> > >, CppAD::AD<CppAD::AD<CppAD::AD<double> > >&)'\n  121 |     Type coral_effect = max(Type(0), coral_recruit_effect);\n      |                         ~~~^~~~~~~~~~~~~~~~~~~~~~~~~~~~~~~\nC:/Users/spi085/AppData/Local/Programs/R/R-4.4.1/library/TMB/include/convenience.hpp:145:6: note: candidate: 'template<class Type> Type max(const tmbutils::vector<Type>&)'\n  145 | Type max(const vector<Type> &x)\n      |      ^~~\nC:/Users/spi085/AppData/Local/Programs/R/R-4.4.1/library/TMB/include/convenience.hpp:145:6: note:   template argument deduction/substitution failed:\nPOPULATIONS//POPULATION_0014//INDIVIDUAL_Y6S7EE72/model.cpp:121:28: note:   'CppAD::AD<CppAD::AD<CppAD::AD<double> > >' is not derived from 'const tmbutils::vector<Type>'\n  121 |     Type coral_effect = max(Type(0), coral_recruit_effect);\n      |                         ~~~^~~~~~~~~~~~~~~~~~~~~~~~~~~~~~~\nPOPULATIONS//POPULATION_0014//INDIVIDUAL_Y6S7EE72/model.cpp:125:26: error: no matching function for call to 'max(CppAD::AD<CppAD::AD<CppAD::AD<double> > >&, CppAD::AD<CppAD::AD<CppAD::AD<double> > >)'\n  125 |     Type r_cots_pos = max(r_cots, Type(0.01));\n      |                       ~~~^~~~~~~~~~~~~~~~~~~~\nC:/Users/spi085/AppData/Local/Programs/R/R-4.4.1/library/TMB/include/convenience.hpp:145:6: note: candidate: 'template<class Type> Type max(const tmbutils::vector<Type>&)'\n  145 | Type max(const vector<Type> &x)\n      |      ^~~\nC:/Users/spi085/AppData/Local/Programs/R/R-4.4.1/library/TMB/include/convenience.hpp:145:6: note:   template argument deduction/substitution failed:\nPOPULATIONS//POPULATION_0014//INDIVIDUAL_Y6S7EE72/model.cpp:125:26: note:   'CppAD::AD<CppAD::AD<CppAD::AD<double> > >' is not derived from 'const tmbutils::vector<Type>'\n  125 |     Type r_cots_pos = max(r_cots, Type(0.01));\n      |                       ~~~^~~~~~~~~~~~~~~~~~~~\nPOPULATIONS//POPULATION_0014//INDIVIDUAL_Y6S7EE72/model.cpp:126:26: error: no matching function for call to 'max(CppAD::AD<CppAD::AD<CppAD::AD<double> > >&, CppAD::AD<CppAD::AD<CppAD::AD<double> > >)'\n  126 |     Type K_cots_pos = max(K_cots, Type(0.1));\n      |                       ~~~^~~~~~~~~~~~~~~~~~~\nC:/Users/spi085/AppData/Local/Programs/R/R-4.4.1/library/TMB/include/convenience.hpp:145:6: note: candidate: 'template<class Type> Type max(const tmbutils::vector<Type>&)'\n  145 | Type max(const vector<Type> &x)\n      |      ^~~\nC:/Users/spi085/AppData/Local/Programs/R/R-4.4.1/library/TMB/include/convenience.hpp:145:6: note:   template argument deduction/substitution failed:\nPOPULATIONS//POPULATION_0014//INDIVIDUAL_Y6S7EE72/model.cpp:126:26: note:   'CppAD::AD<CppAD::AD<CppAD::AD<double> > >' is not derived from 'const tmbutils::vector<Type>'\n  126 |     Type K_cots_pos = max(K_cots, Type(0.1));\n      |                       ~~~^~~~~~~~~~~~~~~~~~~\nPOPULATIONS//POPULATION_0014//INDIVIDUAL_Y6S7EE72/model.cpp:127:26: error: no matching function for call to 'max(CppAD::AD<CppAD::AD<CppAD::AD<double> > >&, CppAD::AD<CppAD::AD<CppAD::AD<double> > >)'\n  127 |     Type m_cots_pos = max(m_cots, Type(0.01));\n      |                       ~~~^~~~~~~~~~~~~~~~~~~~\nC:/Users/spi085/AppData/Local/Programs/R/R-4.4.1/library/TMB/include/convenience.hpp:145:6: note: candidate: 'template<class Type> Type max(const tmbutils::vector<Type>&)'\n  145 | Type max(const vector<Type> &x)\n      |      ^~~\nC:/Users/spi085/AppData/Local/Programs/R/R-4.4.1/library/TMB/include/convenience.hpp:145:6: note:   template argument deduction/substitution failed:\nPOPULATIONS//POPULATION_0014//INDIVIDUAL_Y6S7EE72/model.cpp:127:26: note:   'CppAD::AD<CppAD::AD<CppAD::AD<double> > >' is not derived from 'const tmbutils::vector<Type>'\n  127 |     Type m_cots_pos = max(m_cots, Type(0.01));\n      |                       ~~~^~~~~~~~~~~~~~~~~~~~\nPOPULATIONS//POPULATION_0014//INDIVIDUAL_Y6S7EE72/model.cpp:133:20: error: no matching function for call to 'max(CppAD::AD<CppAD::AD<CppAD::AD<double> > >&, CppAD::AD<CppAD::AD<CppAD::AD<double> > >&)'\n  133 |     cots_next = max(cots_next, min_val);\n      |                 ~~~^~~~~~~~~~~~~~~~~~~~\nC:/Users/spi085/AppData/Local/Programs/R/R-4.4.1/library/TMB/include/convenience.hpp:145:6: note: candidate: 'template<class Type> Type max(const tmbutils::vector<Type>&)'\n  145 | Type max(const vector<Type> &x)\n      |      ^~~\nC:/Users/spi085/AppData/Local/Programs/R/R-4.4.1/library/TMB/include/convenience.hpp:145:6: note:   template argument deduction/substitution failed:\nPOPULATIONS//POPULATION_0014//INDIVIDUAL_Y6S7EE72/model.cpp:133:20: note:   'CppAD::AD<CppAD::AD<CppAD::AD<double> > >' is not derived from 'const tmbutils::vector<Type>'\n  133 |     cots_next = max(cots_next, min_val);\n      |                 ~~~^~~~~~~~~~~~~~~~~~~~\nPOPULATIONS//POPULATION_0014//INDIVIDUAL_Y6S7EE72/model.cpp:136:26: error: no matching function for call to 'max(CppAD::AD<CppAD::AD<CppAD::AD<double> > >&, CppAD::AD<CppAD::AD<CppAD::AD<double> > >)'\n  136 |     Type r_slow_pos = max(r_slow, Type(0.01));\n      |                       ~~~^~~~~~~~~~~~~~~~~~~~\nC:/Users/spi085/AppData/Local/Programs/R/R-4.4.1/library/TMB/include/convenience.hpp:145:6: note: candidate: 'template<class Type> Type max(const tmbutils::vector<Type>&)'\n  145 | Type max(const vector<Type> &x)\n      |      ^~~\nC:/Users/spi085/AppData/Local/Programs/R/R-4.4.1/library/TMB/include/convenience.hpp:145:6: note:   template argument deduction/substitution failed:\nPOPULATIONS//POPULATION_0014//INDIVIDUAL_Y6S7EE72/model.cpp:136:26: note:   'CppAD::AD<CppAD::AD<CppAD::AD<double> > >' is not derived from 'const tmbutils::vector<Type>'\n  136 |     Type r_slow_pos = max(r_slow, Type(0.01));\n      |                       ~~~^~~~~~~~~~~~~~~~~~~~\nPOPULATIONS//POPULATION_0014//INDIVIDUAL_Y6S7EE72/model.cpp:137:26: error: no matching function for call to 'max(CppAD::AD<CppAD::AD<CppAD::AD<double> > >&, CppAD::AD<CppAD::AD<CppAD::AD<double> > >)'\n  137 |     Type r_fast_pos = max(r_fast, Type(0.01));\n      |                       ~~~^~~~~~~~~~~~~~~~~~~~\nC:/Users/spi085/AppData/Local/Programs/R/R-4.4.1/library/TMB/include/convenience.hpp:145:6: note: candidate: 'template<class Type> Type max(const tmbutils::vector<Type>&)'\n  145 | Type max(const vector<Type> &x)\n      |      ^~~\nC:/Users/spi085/AppData/Local/Programs/R/R-4.4.1/library/TMB/include/convenience.hpp:145:6: note:   template argument deduction/substitution failed:\nPOPULATIONS//POPULATION_0014//INDIVIDUAL_Y6S7EE72/model.cpp:137:26: note:   'CppAD::AD<CppAD::AD<CppAD::AD<double> > >' is not derived from 'const tmbutils::vector<Type>'\n  137 |     Type r_fast_pos = max(r_fast, Type(0.01));\n      |                       ~~~^~~~~~~~~~~~~~~~~~~~\nPOPULATIONS//POPULATION_0014//INDIVIDUAL_Y6S7EE72/model.cpp:138:26: error: no matching function for call to 'max(CppAD::AD<CppAD::AD<CppAD::AD<double> > >&, CppAD::AD<CppAD::AD<CppAD::AD<double> > >)'\n  138 |     Type K_slow_pos = max(K_slow, Type(1.0));\n      |                       ~~~^~~~~~~~~~~~~~~~~~~\nC:/Users/spi085/AppData/Local/Programs/R/R-4.4.1/library/TMB/include/convenience.hpp:145:6: note: candidate: 'template<class Type> Type max(const tmbutils::vector<Type>&)'\n  145 | Type max(const vector<Type> &x)\n      |      ^~~\nC:/Users/spi085/AppData/Local/Programs/R/R-4.4.1/library/TMB/include/convenience.hpp:145:6: note:   template argument deduction/substitution failed:\nPOPULATIONS//POPULATION_0014//INDIVIDUAL_Y6S7EE72/model.cpp:138:26: note:   'CppAD::AD<CppAD::AD<CppAD::AD<double> > >' is not derived from 'const tmbutils::vector<Type>'\n  138 |     Type K_slow_pos = max(K_slow, Type(1.0));\n      |                       ~~~^~~~~~~~~~~~~~~~~~~\nPOPULATIONS//POPULATION_0014//INDIVIDUAL_Y6S7EE72/model.cpp:139:26: error: no matching function for call to 'max(CppAD::AD<CppAD::AD<CppAD::AD<double> > >&, CppAD::AD<CppAD::AD<CppAD::AD<double> > >)'\n  139 |     Type K_fast_pos = max(K_fast, Type(1.0));\n      |                       ~~~^~~~~~~~~~~~~~~~~~~\nC:/Users/spi085/AppData/Local/Programs/R/R-4.4.1/library/TMB/include/convenience.hpp:145:6: note: candidate: 'template<class Type> Type max(const tmbutils::vector<Type>&)'\n  145 | Type max(const vector<Type> &x)\n      |      ^~~\nC:/Users/spi085/AppData/Local/Programs/R/R-4.4.1/library/TMB/include/convenience.hpp:145:6: note:   template argument deduction/substitution failed:\nPOPULATIONS//POPULATION_0014//INDIVIDUAL_Y6S7EE72/model.cpp:139:26: note:   'CppAD::AD<CppAD::AD<CppAD::AD<double> > >' is not derived from 'const tmbutils::vector<Type>'\n  139 |     Type K_fast_pos = max(K_fast, Type(1.0));\n      |                       ~~~^~~~~~~~~~~~~~~~~~~\nPOPULATIONS//POPULATION_0014//INDIVIDUAL_Y6S7EE72/model.cpp:144:20: error: no matching function for call to 'max(CppAD::AD<CppAD::AD<CppAD::AD<double> > >&, CppAD::AD<CppAD::AD<CppAD::AD<double> > >&)'\n  144 |     slow_next = max(slow_next, min_val);\n      |                 ~~~^~~~~~~~~~~~~~~~~~~~\nC:/Users/spi085/AppData/Local/Programs/R/R-4.4.1/library/TMB/include/convenience.hpp:145:6: note: candidate: 'template<class Type> Type max(const tmbutils::vector<Type>&)'\n  145 | Type max(const vector<Type> &x)\n      |      ^~~\nC:/Users/spi085/AppData/Local/Programs/R/R-4.4.1/library/TMB/include/convenience.hpp:145:6: note:   template argument deduction/substitution failed:\nPOPULATIONS//POPULATION_0014//INDIVIDUAL_Y6S7EE72/model.cpp:144:20: note:   'CppAD::AD<CppAD::AD<CppAD::AD<double> > >' is not derived from 'const tmbutils::vector<Type>'\n  144 |     slow_next = max(slow_next, min_val);\n      |                 ~~~^~~~~~~~~~~~~~~~~~~~\nPOPULATIONS//POPULATION_0014//INDIVIDUAL_Y6S7EE72/model.cpp:148:20: error: no matching function for call to 'max(CppAD::AD<CppAD::AD<CppAD::AD<double> > >&, CppAD::AD<CppAD::AD<CppAD::AD<double> > >&)'\n  148 |     fast_next = max(fast_next, min_val);\n      |                 ~~~^~~~~~~~~~~~~~~~~~~~\nC:/Users/spi085/AppData/Local/Programs/R/R-4.4.1/library/TMB/include/convenience.hpp:145:6: note: candidate: 'template<class Type> Type max(const tmbutils::vector<Type>&)'\n  145 | Type max(const vector<Type> &x)\n      |      ^~~\nC:/Users/spi085/AppData/Local/Programs/R/R-4.4.1/library/TMB/include/convenience.hpp:145:6: note:   template argument deduction/substitution failed:\nPOPULATIONS//POPULATION_0014//INDIVIDUAL_Y6S7EE72/model.cpp:148:20: note:   'CppAD::AD<CppAD::AD<CppAD::AD<double> > >' is not derived from 'const tmbutils::vector<Type>'\n  148 |     fast_next = max(fast_next, min_val);\n      |                 ~~~^~~~~~~~~~~~~~~~~~~~\nPOPULATIONS//POPULATION_0014//INDIVIDUAL_Y6S7EE72/model.cpp:156:34: error: no matching function for call to 'max(CppAD::AD<CppAD::AD<CppAD::AD<double> > >&, CppAD::AD<CppAD::AD<CppAD::AD<double> > >)'\n  156 |     Type sigma_obs_cots_pos = max(sigma_obs_cots, Type(0.1));\n      |                               ~~~^~~~~~~~~~~~~~~~~~~~~~~~~~~\nC:/Users/spi085/AppData/Local/Programs/R/R-4.4.1/library/TMB/include/convenience.hpp:145:6: note: candidate: 'template<class Type> Type max(const tmbutils::vector<Type>&)'\n  145 | Type max(const vector<Type> &x)\n      |      ^~~\nC:/Users/spi085/AppData/Local/Programs/R/R-4.4.1/library/TMB/include/convenience.hpp:145:6: note:   template argument deduction/substitution failed:\nPOPULATIONS//POPULATION_0014//INDIVIDUAL_Y6S7EE72/model.cpp:156:34: note:   'CppAD::AD<CppAD::AD<CppAD::AD<double> > >' is not derived from 'const tmbutils::vector<Type>'\n  156 |     Type sigma_obs_cots_pos = max(sigma_obs_cots, Type(0.1));\n      |                               ~~~^~~~~~~~~~~~~~~~~~~~~~~~~~~\nPOPULATIONS//POPULATION_0014//INDIVIDUAL_Y6S7EE72/model.cpp:157:34: error: no matching function for call to 'max(CppAD::AD<CppAD::AD<CppAD::AD<double> > >&, CppAD::AD<CppAD::AD<CppAD::AD<double> > >)'\n  157 |     Type sigma_obs_slow_pos = max(sigma_obs_slow, Type(0.1));\n      |                               ~~~^~~~~~~~~~~~~~~~~~~~~~~~~~~\nC:/Users/spi085/AppData/Local/Programs/R/R-4.4.1/library/TMB/include/convenience.hpp:145:6: note: candidate: 'template<class Type> Type max(const tmbutils::vector<Type>&)'\n  145 | Type max(const vector<Type> &x)\n      |      ^~~\nC:/Users/spi085/AppData/Local/Programs/R/R-4.4.1/library/TMB/include/convenience.hpp:145:6: note:   template argument deduction/substitution failed:\nPOPULATIONS//POPULATION_0014//INDIVIDUAL_Y6S7EE72/model.cpp:157:34: note:   'CppAD::AD<CppAD::AD<CppAD::AD<double> > >' is not derived from 'const tmbutils::vector<Type>'\n  157 |     Type sigma_obs_slow_pos = max(sigma_obs_slow, Type(0.1));\n      |                               ~~~^~~~~~~~~~~~~~~~~~~~~~~~~~~\nPOPULATIONS//POPULATION_0014//INDIVIDUAL_Y6S7EE72/model.cpp:158:34: error: no matching function for call to 'max(CppAD::AD<CppAD::AD<CppAD::AD<double> > >&, CppAD::AD<CppAD::AD<CppAD::AD<double> > >)'\n  158 |     Type sigma_obs_fast_pos = max(sigma_obs_fast, Type(0.1));\n      |                               ~~~^~~~~~~~~~~~~~~~~~~~~~~~~~~\nC:/Users/spi085/AppData/Local/Programs/R/R-4.4.1/library/TMB/include/convenience.hpp:145:6: note: candidate: 'template<class Type> Type max(const tmbutils::vector<Type>&)'\n  145 | Type max(const vector<Type> &x)\n      |      ^~~\nC:/Users/spi085/AppData/Local/Programs/R/R-4.4.1/library/TMB/include/convenience.hpp:145:6: note:   template argument deduction/substitution failed:\nPOPULATIONS//POPULATION_0014//INDIVIDUAL_Y6S7EE72/model.cpp:158:34: note:   'CppAD::AD<CppAD::AD<CppAD::AD<double> > >' is not derived from 'const tmbutils::vector<Type>'\n  158 |     Type sigma_obs_fast_pos = max(sigma_obs_fast, Type(0.1));\n      |                               ~~~^~~~~~~~~~~~~~~~~~~~~~~~~~~\nmake: *** [C:/Users/spi085/AppData/Local/Programs/R/R-4.4.1/etc/x64/Makeconf:296: POPULATIONS//POPULATION_0014//INDIVIDUAL_Y6S7EE72/model.o] Error 1\nError in TMB::compile(file.path(individual_dir, model_file), flags = flags,  : \n  Compilation failed\nError: Compilation failed\nExecution halted"
    },
    "4": {
      "status": "ERROR",
      "message": "R script failed with return code 1",
      "stdout": "g++ -std=gnu++17  -I\"C:/Users/spi085/AppData/Local/Programs/R/R-4.4.1/include\" -DNDEBUG -I\"C:/Users/spi085/AppData/Local/Programs/R/R-44~1.1/library/TMB/include\" -I\"C:/Users/spi085/AppData/Local/Programs/R/R-44~1.1/library/RCPPEI~1/include\"   -DTMB_EIGEN_DISABLE_WARNINGS   -DTMB_LIB_INIT=R_init_model  -DCPPAD_FRAMEWORK    -I\"C:/rtools44/x86_64-w64-mingw32.static.posix/include\"     -O2 -Wa,-mbig-obj -c POPULATIONS//POPULATION_0014//INDIVIDUAL_Y6S7EE72/model.cpp -o POPULATIONS//POPULATION_0014//INDIVIDUAL_Y6S7EE72/model.o\ng++ -std=gnu++17 -shared -s -static-libgcc -o POPULATIONS//POPULATION_0014//INDIVIDUAL_Y6S7EE72/model.dll tmp.def POPULATIONS//POPULATION_0014//INDIVIDUAL_Y6S7EE72/model.o -LC:/rtools44/x86_64-w64-mingw32.static.posix/lib/x64 -LC:/rtools44/x86_64-w64-mingw32.static.posix/lib -LC:/Users/spi085/AppData/Local/Programs/R/R-4.4.1/bin/x64 -lR\nStarting model phases\nNumber of phases: 4 \nPhase 1 \nInitial parameter values for phase 1 :\n    r_cots alpha_slow alpha_fast     r_slow     r_fast \n        NA         NA         NA         NA         NA \nError in model phases: NA/NaN gradient evaluation",
      "stderr": "Loading required package: TMB\nLoading required package: jsonlite\nhere() starts at C:/Users/spi085/OneDrive - CSIRO/Documents/_Projects/SCCP-QuantModelling\nusing C++ compiler: 'G__~1.EXE (GCC) 13.2.0'\nError in value[[3L]](cond) : \n  Error in model phases: NA/NaN gradient evaluation\nCalls: tryCatch -> tryCatchList -> tryCatchOne -> <Anonymous>\nIn addition: Warning message:\nIn nlminb(model$par, model$fn, model$gr) : NA/NaN function evaluation\nExecution halted"
    },
    "5": {
      "status": "ERROR",
      "message": "R script failed with return code 1",
      "stdout": "g++ -std=gnu++17  -I\"C:/Users/spi085/AppData/Local/Programs/R/R-4.4.1/include\" -DNDEBUG -I\"C:/Users/spi085/AppData/Local/Programs/R/R-44~1.1/library/TMB/include\" -I\"C:/Users/spi085/AppData/Local/Programs/R/R-44~1.1/library/RCPPEI~1/include\"   -DTMB_EIGEN_DISABLE_WARNINGS   -DTMB_LIB_INIT=R_init_model  -DCPPAD_FRAMEWORK    -I\"C:/rtools44/x86_64-w64-mingw32.static.posix/include\"     -O2 -Wa,-mbig-obj -c POPULATIONS//POPULATION_0014//INDIVIDUAL_Y6S7EE72/model.cpp -o POPULATIONS//POPULATION_0014//INDIVIDUAL_Y6S7EE72/model.o\ng++ -std=gnu++17 -shared -s -static-libgcc -o POPULATIONS//POPULATION_0014//INDIVIDUAL_Y6S7EE72/model.dll tmp.def POPULATIONS//POPULATION_0014//INDIVIDUAL_Y6S7EE72/model.o -LC:/rtools44/x86_64-w64-mingw32.static.posix/lib/x64 -LC:/rtools44/x86_64-w64-mingw32.static.posix/lib -LC:/Users/spi085/AppData/Local/Programs/R/R-4.4.1/bin/x64 -lR\nStarting model phases\nNumber of phases: 4 \nPhase 1 \nInitial parameter values for phase 1 :\n    r_cots alpha_slow alpha_fast     r_slow     r_fast \n        NA         NA         NA         NA         NA \nError in model phases: NA/NaN gradient evaluation",
      "stderr": "Loading required package: TMB\nLoading required package: jsonlite\nhere() starts at C:/Users/spi085/OneDrive - CSIRO/Documents/_Projects/SCCP-QuantModelling\nusing C++ compiler: 'G__~1.EXE (GCC) 13.2.0'\nError in value[[3L]](cond) : \n  Error in model phases: NA/NaN gradient evaluation\nCalls: tryCatch -> tryCatchList -> tryCatchOne -> <Anonymous>\nIn addition: Warning message:\nIn nlminb(model$par, model$fn, model$gr) : NA/NaN function evaluation\nExecution halted"
    },
    "6": {
      "status": "ERROR",
      "message": "R script failed with return code 1",
      "stdout": "g++ -std=gnu++17  -I\"C:/Users/spi085/AppData/Local/Programs/R/R-4.4.1/include\" -DNDEBUG -I\"C:/Users/spi085/AppData/Local/Programs/R/R-44~1.1/library/TMB/include\" -I\"C:/Users/spi085/AppData/Local/Programs/R/R-44~1.1/library/RCPPEI~1/include\"   -DTMB_EIGEN_DISABLE_WARNINGS   -DTMB_LIB_INIT=R_init_model  -DCPPAD_FRAMEWORK    -I\"C:/rtools44/x86_64-w64-mingw32.static.posix/include\"     -O2 -Wa,-mbig-obj -c POPULATIONS//POPULATION_0014//INDIVIDUAL_Y6S7EE72/model.cpp -o POPULATIONS//POPULATION_0014//INDIVIDUAL_Y6S7EE72/model.o\ng++ -std=gnu++17 -shared -s -static-libgcc -o POPULATIONS//POPULATION_0014//INDIVIDUAL_Y6S7EE72/model.dll tmp.def POPULATIONS//POPULATION_0014//INDIVIDUAL_Y6S7EE72/model.o -LC:/rtools44/x86_64-w64-mingw32.static.posix/lib/x64 -LC:/rtools44/x86_64-w64-mingw32.static.posix/lib -LC:/Users/spi085/AppData/Local/Programs/R/R-4.4.1/bin/x64 -lR\nStarting model phases\nNumber of phases: 4 \nPhase 1 \nInitial parameter values for phase 1 :\n    r_cots alpha_slow alpha_fast     r_slow     r_fast \n        NA         NA         NA         NA         NA \nError in model phases: NA/NaN gradient evaluation",
      "stderr": "Loading required package: TMB\nLoading required package: jsonlite\nhere() starts at C:/Users/spi085/OneDrive - CSIRO/Documents/_Projects/SCCP-QuantModelling\nusing C++ compiler: 'G__~1.EXE (GCC) 13.2.0'\nError in value[[3L]](cond) : \n  Error in model phases: NA/NaN gradient evaluation\nCalls: tryCatch -> tryCatchList -> tryCatchOne -> <Anonymous>\nIn addition: Warning message:\nIn nlminb(model$par, model$fn, model$gr) : NA/NaN function evaluation\nExecution halted"
    },
    "7": {
      "status": "BROKEN"
    }
  }
}