{
  "iterations": {
    "1": {
      "status": "ERROR",
      "message": "Model failed to compile.",
      "stdout": "g++ -std=gnu++17 -I\"/usr/share/R/include\" -DNDEBUG -I\"/home/spi085/R/x86_64-pc-linux-gnu-library/4.4/TMB/include\" -I\"/home/spi085/R/x86_64-pc-linux-gnu-library/4.4/RcppEigen/include\"   -DTMB_EIGEN_DISABLE_WARNINGS   -DTMB_LIB_INIT=R_init_model  -DCPPAD_FRAMEWORK      -fpic  -O2  -c POPULATIONS/POPULATION_0010/INDIVIDUAL_9FT3MMCG/model.cpp -o POPULATIONS/POPULATION_0010/INDIVIDUAL_9FT3MMCG/model.o",
      "stderr": "Loading required package: TMB\nLoading required package: jsonlite\nhere() starts at /home/spi085/Documents/_Projects/SCCP-QuantModelling\nusing C++ compiler: \u2018g++ (Ubuntu 13.3.0-6ubuntu2~24.04) 13.3.0\u2019\nPOPULATIONS/POPULATION_0010/INDIVIDUAL_9FT3MMCG/model.cpp: In instantiation of \u2018Type objective_function<Type>::operator()() [with Type = CppAD::AD<double>]\u2019:\n/home/spi085/R/x86_64-pc-linux-gnu-library/4.4/TMB/include/tmb_core.hpp:1312:6:   required from here\nPOPULATIONS/POPULATION_0010/INDIVIDUAL_9FT3MMCG/model.cpp:84:38: error: \u2018mean\u2019 was not declared in this scope\n   84 |     Type sst_anom = sst_dat(t) - mean(sst_dat);\n      |                                  ~~~~^~~~~~~~~\nPOPULATIONS/POPULATION_0010/INDIVIDUAL_9FT3MMCG/model.cpp:131:31: error: \u2018square\u2019 was not declared in this scope; did you mean \u2018Eigen::square\u2019?\n  131 |     Type sd_cots = sqrt(square(sigma_cots) + square(min_sd));\n      |                         ~~~~~~^~~~~~~~~~~~\n      |                         Eigen::square\nIn file included from /home/spi085/R/x86_64-pc-linux-gnu-library/4.4/RcppEigen/include/Eigen/Core:380,\n                 from /home/spi085/R/x86_64-pc-linux-gnu-library/4.4/RcppEigen/include/Eigen/Dense:1,\n                 from /home/spi085/R/x86_64-pc-linux-gnu-library/4.4/TMB/include/TMB.hpp:92,\n                 from POPULATIONS/POPULATION_0010/INDIVIDUAL_9FT3MMCG/model.cpp:1:\n/home/spi085/R/x86_64-pc-linux-gnu-library/4.4/RcppEigen/include/Eigen/src/Core/GlobalFunctions.h:91:36: note: \u2018Eigen::square\u2019 declared here\n   91 |   EIGEN_ARRAY_DECLARE_GLOBAL_UNARY(square,scalar_square_op,square (power 2),\\sa Eigen::abs2 DOXCOMMA Eigen::pow DOXCOMMA ArrayBase::square)\n      |                                    ^~~~~~\n/home/spi085/R/x86_64-pc-linux-gnu-library/4.4/RcppEigen/include/Eigen/src/Core/GlobalFunctions.h:32:4: note: in definition of macro \u2018EIGEN_ARRAY_DECLARE_GLOBAL_UNARY\u2019\n   32 |   (NAME)(const Eigen::ArrayBase<Derived>& x) { \\\n      |    ^~~~\nPOPULATIONS/POPULATION_0010/INDIVIDUAL_9FT3MMCG/model.cpp:131:52: error: \u2018square\u2019 was not declared in this scope, and no declarations were found by argument-dependent lookup at the point of instantiation\n  131 |     Type sd_cots = sqrt(square(sigma_cots) + square(min_sd));\n      |                                              ~~~~~~^~~~~~~~\nPOPULATIONS/POPULATION_0010/INDIVIDUAL_9FT3MMCG/model.cpp:131:31: note: \u2018square\u2019 declared here, later in the translation unit\n  131 |     Type sd_cots = sqrt(square(sigma_cots) + square(min_sd));\n      |                         ~~~~~~^~~~~~~~~~~~\nPOPULATIONS/POPULATION_0010/INDIVIDUAL_9FT3MMCG/model.cpp:132:31: error: \u2018square\u2019 was not declared in this scope, and no declarations were found by argument-dependent lookup at the point of instantiation\n  132 |     Type sd_fast = sqrt(square(sigma_fast) + square(min_sd));\n      |                         ~~~~~~^~~~~~~~~~~~\nPOPULATIONS/POPULATION_0010/INDIVIDUAL_9FT3MMCG/model.cpp:131:31: note: \u2018square\u2019 declared here, later in the translation unit\n  131 |     Type sd_cots = sqrt(square(sigma_cots) + square(min_sd));\n      |                         ~~~~~~^~~~~~~~~~~~\nPOPULATIONS/POPULATION_0010/INDIVIDUAL_9FT3MMCG/model.cpp:132:52: error: \u2018square\u2019 was not declared in this scope, and no declarations were found by argument-dependent lookup at the point of instantiation\n  132 |     Type sd_fast = sqrt(square(sigma_fast) + square(min_sd));\n      |                                              ~~~~~~^~~~~~~~\nPOPULATIONS/POPULATION_0010/INDIVIDUAL_9FT3MMCG/model.cpp:131:31: note: \u2018square\u2019 declared here, later in the translation unit\n  131 |     Type sd_cots = sqrt(square(sigma_cots) + square(min_sd));\n      |                         ~~~~~~^~~~~~~~~~~~\nPOPULATIONS/POPULATION_0010/INDIVIDUAL_9FT3MMCG/model.cpp:133:31: error: \u2018square\u2019 was not declared in this scope, and no declarations were found by argument-dependent lookup at the point of instantiation\n  133 |     Type sd_slow = sqrt(square(sigma_slow) + square(min_sd));\n      |                         ~~~~~~^~~~~~~~~~~~\nPOPULATIONS/POPULATION_0010/INDIVIDUAL_9FT3MMCG/model.cpp:131:31: note: \u2018square\u2019 declared here, later in the translation unit\n  131 |     Type sd_cots = sqrt(square(sigma_cots) + square(min_sd));\n      |                         ~~~~~~^~~~~~~~~~~~\nPOPULATIONS/POPULATION_0010/INDIVIDUAL_9FT3MMCG/model.cpp:133:52: error: \u2018square\u2019 was not declared in this scope, and no declarations were found by argument-dependent lookup at the point of instantiation\n  133 |     Type sd_slow = sqrt(square(sigma_slow) + square(min_sd));\n      |                                              ~~~~~~^~~~~~~~\nPOPULATIONS/POPULATION_0010/INDIVIDUAL_9FT3MMCG/model.cpp:131:31: note: \u2018square\u2019 declared here, later in the translation unit\n  131 |     Type sd_cots = sqrt(square(sigma_cots) + square(min_sd));\n      |                         ~~~~~~^~~~~~~~~~~~\nPOPULATIONS/POPULATION_0010/INDIVIDUAL_9FT3MMCG/model.cpp: In instantiation of \u2018Type objective_function<Type>::operator()() [with Type = double]\u2019:\n/home/spi085/R/x86_64-pc-linux-gnu-library/4.4/TMB/include/tmb_core.hpp:2035:7:   required from here\nPOPULATIONS/POPULATION_0010/INDIVIDUAL_9FT3MMCG/model.cpp:84:38: error: \u2018mean\u2019 was not declared in this scope\n   84 |     Type sst_anom = sst_dat(t) - mean(sst_dat);\n      |                                  ~~~~^~~~~~~~~\nPOPULATIONS/POPULATION_0010/INDIVIDUAL_9FT3MMCG/model.cpp:131:31: error: \u2018square\u2019 was not declared in this scope; did you mean \u2018Eigen::square\u2019?\n  131 |     Type sd_cots = sqrt(square(sigma_cots) + square(min_sd));\n      |                         ~~~~~~^~~~~~~~~~~~\n      |                         Eigen::square\n/home/spi085/R/x86_64-pc-linux-gnu-library/4.4/RcppEigen/include/Eigen/src/Core/GlobalFunctions.h:91:36: note: \u2018Eigen::square\u2019 declared here\n   91 |   EIGEN_ARRAY_DECLARE_GLOBAL_UNARY(square,scalar_square_op,square (power 2),\\sa Eigen::abs2 DOXCOMMA Eigen::pow DOXCOMMA ArrayBase::square)\n      |                                    ^~~~~~\n/home/spi085/R/x86_64-pc-linux-gnu-library/4.4/RcppEigen/include/Eigen/src/Core/GlobalFunctions.h:32:4: note: in definition of macro \u2018EIGEN_ARRAY_DECLARE_GLOBAL_UNARY\u2019\n   32 |   (NAME)(const Eigen::ArrayBase<Derived>& x) { \\\n      |    ^~~~\nPOPULATIONS/POPULATION_0010/INDIVIDUAL_9FT3MMCG/model.cpp:131:52: error: \u2018square\u2019 was not declared in this scope, and no declarations were found by argument-dependent lookup at the point of instantiation\n  131 |     Type sd_cots = sqrt(square(sigma_cots) + square(min_sd));\n      |                                              ~~~~~~^~~~~~~~\nPOPULATIONS/POPULATION_0010/INDIVIDUAL_9FT3MMCG/model.cpp:131:31: note: \u2018square\u2019 declared here, later in the translation unit\n  131 |     Type sd_cots = sqrt(square(sigma_cots) + square(min_sd));\n      |                         ~~~~~~^~~~~~~~~~~~\nPOPULATIONS/POPULATION_0010/INDIVIDUAL_9FT3MMCG/model.cpp:132:31: error: \u2018square\u2019 was not declared in this scope, and no declarations were found by argument-dependent lookup at the point of instantiation\n  132 |     Type sd_fast = sqrt(square(sigma_fast) + square(min_sd));\n      |                         ~~~~~~^~~~~~~~~~~~\nPOPULATIONS/POPULATION_0010/INDIVIDUAL_9FT3MMCG/model.cpp:131:31: note: \u2018square\u2019 declared here, later in the translation unit\n  131 |     Type sd_cots = sqrt(square(sigma_cots) + square(min_sd));\n      |                         ~~~~~~^~~~~~~~~~~~\nPOPULATIONS/POPULATION_0010/INDIVIDUAL_9FT3MMCG/model.cpp:132:52: error: \u2018square\u2019 was not declared in this scope, and no declarations were found by argument-dependent lookup at the point of instantiation\n  132 |     Type sd_fast = sqrt(square(sigma_fast) + square(min_sd));\n      |                                              ~~~~~~^~~~~~~~\nPOPULATIONS/POPULATION_0010/INDIVIDUAL_9FT3MMCG/model.cpp:131:31: note: \u2018square\u2019 declared here, later in the translation unit\n  131 |     Type sd_cots = sqrt(square(sigma_cots) + square(min_sd));\n      |                         ~~~~~~^~~~~~~~~~~~\nPOPULATIONS/POPULATION_0010/INDIVIDUAL_9FT3MMCG/model.cpp:133:31: error: \u2018square\u2019 was not declared in this scope, and no declarations were found by argument-dependent lookup at the point of instantiation\n  133 |     Type sd_slow = sqrt(square(sigma_slow) + square(min_sd));\n      |                         ~~~~~~^~~~~~~~~~~~\nPOPULATIONS/POPULATION_0010/INDIVIDUAL_9FT3MMCG/model.cpp:131:31: note: \u2018square\u2019 declared here, later in the translation unit\n  131 |     Type sd_cots = sqrt(square(sigma_cots) + square(min_sd));\n      |                         ~~~~~~^~~~~~~~~~~~\nPOPULATIONS/POPULATION_0010/INDIVIDUAL_9FT3MMCG/model.cpp:133:52: error: \u2018square\u2019 was not declared in this scope, and no declarations were found by argument-dependent lookup at the point of instantiation\n  133 |     Type sd_slow = sqrt(square(sigma_slow) + square(min_sd));\n      |                                              ~~~~~~^~~~~~~~\nPOPULATIONS/POPULATION_0010/INDIVIDUAL_9FT3MMCG/model.cpp:131:31: note: \u2018square\u2019 declared here, later in the translation unit\n  131 |     Type sd_cots = sqrt(square(sigma_cots) + square(min_sd));\n      |                         ~~~~~~^~~~~~~~~~~~\nPOPULATIONS/POPULATION_0010/INDIVIDUAL_9FT3MMCG/model.cpp: In instantiation of \u2018Type objective_function<Type>::operator()() [with Type = CppAD::AD<CppAD::AD<double> >]\u2019:\n/home/spi085/R/x86_64-pc-linux-gnu-library/4.4/TMB/include/tmb_core.hpp:917:29:   required from \u2018Type objective_function<Type>::evalUserTemplate() [with Type = CppAD::AD<CppAD::AD<double> >]\u2019\n/home/spi085/R/x86_64-pc-linux-gnu-library/4.4/TMB/include/tmb_core.hpp:2116:26:   required from here\nPOPULATIONS/POPULATION_0010/INDIVIDUAL_9FT3MMCG/model.cpp:84:38: error: \u2018mean\u2019 was not declared in this scope\n   84 |     Type sst_anom = sst_dat(t) - mean(sst_dat);\n      |                                  ~~~~^~~~~~~~~\nPOPULATIONS/POPULATION_0010/INDIVIDUAL_9FT3MMCG/model.cpp:131:31: error: \u2018square\u2019 was not declared in this scope; did you mean \u2018Eigen::square\u2019?\n  131 |     Type sd_cots = sqrt(square(sigma_cots) + square(min_sd));\n      |                         ~~~~~~^~~~~~~~~~~~\n      |                         Eigen::square\n/home/spi085/R/x86_64-pc-linux-gnu-library/4.4/RcppEigen/include/Eigen/src/Core/GlobalFunctions.h:91:36: note: \u2018Eigen::square\u2019 declared here\n   91 |   EIGEN_ARRAY_DECLARE_GLOBAL_UNARY(square,scalar_square_op,square (power 2),\\sa Eigen::abs2 DOXCOMMA Eigen::pow DOXCOMMA ArrayBase::square)\n      |                                    ^~~~~~\n/home/spi085/R/x86_64-pc-linux-gnu-library/4.4/RcppEigen/include/Eigen/src/Core/GlobalFunctions.h:32:4: note: in definition of macro \u2018EIGEN_ARRAY_DECLARE_GLOBAL_UNARY\u2019\n   32 |   (NAME)(const Eigen::ArrayBase<Derived>& x) { \\\n      |    ^~~~\nPOPULATIONS/POPULATION_0010/INDIVIDUAL_9FT3MMCG/model.cpp:131:52: error: \u2018square\u2019 was not declared in this scope, and no declarations were found by argument-dependent lookup at the point of instantiation\n  131 |     Type sd_cots = sqrt(square(sigma_cots) + square(min_sd));\n      |                                              ~~~~~~^~~~~~~~\nPOPULATIONS/POPULATION_0010/INDIVIDUAL_9FT3MMCG/model.cpp:131:31: note: \u2018square\u2019 declared here, later in the translation unit\n  131 |     Type sd_cots = sqrt(square(sigma_cots) + square(min_sd));\n      |                         ~~~~~~^~~~~~~~~~~~\nPOPULATIONS/POPULATION_0010/INDIVIDUAL_9FT3MMCG/model.cpp:132:31: error: \u2018square\u2019 was not declared in this scope, and no declarations were found by argument-dependent lookup at the point of instantiation\n  132 |     Type sd_fast = sqrt(square(sigma_fast) + square(min_sd));\n      |                         ~~~~~~^~~~~~~~~~~~\nPOPULATIONS/POPULATION_0010/INDIVIDUAL_9FT3MMCG/model.cpp:131:31: note: \u2018square\u2019 declared here, later in the translation unit\n  131 |     Type sd_cots = sqrt(square(sigma_cots) + square(min_sd));\n      |                         ~~~~~~^~~~~~~~~~~~\nPOPULATIONS/POPULATION_0010/INDIVIDUAL_9FT3MMCG/model.cpp:132:52: error: \u2018square\u2019 was not declared in this scope, and no declarations were found by argument-dependent lookup at the point of instantiation\n  132 |     Type sd_fast = sqrt(square(sigma_fast) + square(min_sd));\n      |                                              ~~~~~~^~~~~~~~\nPOPULATIONS/POPULATION_0010/INDIVIDUAL_9FT3MMCG/model.cpp:131:31: note: \u2018square\u2019 declared here, later in the translation unit\n  131 |     Type sd_cots = sqrt(square(sigma_cots) + square(min_sd));\n      |                         ~~~~~~^~~~~~~~~~~~\nPOPULATIONS/POPULATION_0010/INDIVIDUAL_9FT3MMCG/model.cpp:133:31: error: \u2018square\u2019 was not declared in this scope, and no declarations were found by argument-dependent lookup at the point of instantiation\n  133 |     Type sd_slow = sqrt(square(sigma_slow) + square(min_sd));\n      |                         ~~~~~~^~~~~~~~~~~~\nPOPULATIONS/POPULATION_0010/INDIVIDUAL_9FT3MMCG/model.cpp:131:31: note: \u2018square\u2019 declared here, later in the translation unit\n  131 |     Type sd_cots = sqrt(square(sigma_cots) + square(min_sd));\n      |                         ~~~~~~^~~~~~~~~~~~\nPOPULATIONS/POPULATION_0010/INDIVIDUAL_9FT3MMCG/model.cpp:133:52: error: \u2018square\u2019 was not declared in this scope, and no declarations were found by argument-dependent lookup at the point of instantiation\n  133 |     Type sd_slow = sqrt(square(sigma_slow) + square(min_sd));\n      |                                              ~~~~~~^~~~~~~~\nPOPULATIONS/POPULATION_0010/INDIVIDUAL_9FT3MMCG/model.cpp:131:31: note: \u2018square\u2019 declared here, later in the translation unit\n  131 |     Type sd_cots = sqrt(square(sigma_cots) + square(min_sd));\n      |                         ~~~~~~^~~~~~~~~~~~\nPOPULATIONS/POPULATION_0010/INDIVIDUAL_9FT3MMCG/model.cpp: In instantiation of \u2018Type objective_function<Type>::operator()() [with Type = CppAD::AD<CppAD::AD<CppAD::AD<double> > >]\u2019:\n/home/spi085/R/x86_64-pc-linux-gnu-library/4.4/TMB/include/tmb_core.hpp:917:29:   required from \u2018Type objective_function<Type>::evalUserTemplate() [with Type = CppAD::AD<CppAD::AD<CppAD::AD<double> > >]\u2019\n/home/spi085/R/x86_64-pc-linux-gnu-library/4.4/TMB/include/tmb_core.hpp:2365:28:   required from here\nPOPULATIONS/POPULATION_0010/INDIVIDUAL_9FT3MMCG/model.cpp:84:38: error: \u2018mean\u2019 was not declared in this scope\n   84 |     Type sst_anom = sst_dat(t) - mean(sst_dat);\n      |                                  ~~~~^~~~~~~~~\nPOPULATIONS/POPULATION_0010/INDIVIDUAL_9FT3MMCG/model.cpp:131:31: error: \u2018square\u2019 was not declared in this scope; did you mean \u2018Eigen::square\u2019?\n  131 |     Type sd_cots = sqrt(square(sigma_cots) + square(min_sd));\n      |                         ~~~~~~^~~~~~~~~~~~\n      |                         Eigen::square\n/home/spi085/R/x86_64-pc-linux-gnu-library/4.4/RcppEigen/include/Eigen/src/Core/GlobalFunctions.h:91:36: note: \u2018Eigen::square\u2019 declared here\n   91 |   EIGEN_ARRAY_DECLARE_GLOBAL_UNARY(square,scalar_square_op,square (power 2),\\sa Eigen::abs2 DOXCOMMA Eigen::pow DOXCOMMA ArrayBase::square)\n      |                                    ^~~~~~\n/home/spi085/R/x86_64-pc-linux-gnu-library/4.4/RcppEigen/include/Eigen/src/Core/GlobalFunctions.h:32:4: note: in definition of macro \u2018EIGEN_ARRAY_DECLARE_GLOBAL_UNARY\u2019\n   32 |   (NAME)(const Eigen::ArrayBase<Derived>& x) { \\\n      |    ^~~~\nPOPULATIONS/POPULATION_0010/INDIVIDUAL_9FT3MMCG/model.cpp:131:52: error: \u2018square\u2019 was not declared in this scope, and no declarations were found by argument-dependent lookup at the point of instantiation\n  131 |     Type sd_cots = sqrt(square(sigma_cots) + square(min_sd));\n      |                                              ~~~~~~^~~~~~~~\nPOPULATIONS/POPULATION_0010/INDIVIDUAL_9FT3MMCG/model.cpp:131:31: note: \u2018square\u2019 declared here, later in the translation unit\n  131 |     Type sd_cots = sqrt(square(sigma_cots) + square(min_sd));\n      |                         ~~~~~~^~~~~~~~~~~~\nPOPULATIONS/POPULATION_0010/INDIVIDUAL_9FT3MMCG/model.cpp:132:31: error: \u2018square\u2019 was not declared in this scope, and no declarations were found by argument-dependent lookup at the point of instantiation\n  132 |     Type sd_fast = sqrt(square(sigma_fast) + square(min_sd));\n      |                         ~~~~~~^~~~~~~~~~~~\nPOPULATIONS/POPULATION_0010/INDIVIDUAL_9FT3MMCG/model.cpp:131:31: note: \u2018square\u2019 declared here, later in the translation unit\n  131 |     Type sd_cots = sqrt(square(sigma_cots) + square(min_sd));\n      |                         ~~~~~~^~~~~~~~~~~~\nPOPULATIONS/POPULATION_0010/INDIVIDUAL_9FT3MMCG/model.cpp:132:52: error: \u2018square\u2019 was not declared in this scope, and no declarations were found by argument-dependent lookup at the point of instantiation\n  132 |     Type sd_fast = sqrt(square(sigma_fast) + square(min_sd));\n      |                                              ~~~~~~^~~~~~~~\nPOPULATIONS/POPULATION_0010/INDIVIDUAL_9FT3MMCG/model.cpp:131:31: note: \u2018square\u2019 declared here, later in the translation unit\n  131 |     Type sd_cots = sqrt(square(sigma_cots) + square(min_sd));\n      |                         ~~~~~~^~~~~~~~~~~~\nPOPULATIONS/POPULATION_0010/INDIVIDUAL_9FT3MMCG/model.cpp:133:31: error: \u2018square\u2019 was not declared in this scope, and no declarations were found by argument-dependent lookup at the point of instantiation\n  133 |     Type sd_slow = sqrt(square(sigma_slow) + square(min_sd));\n      |                         ~~~~~~^~~~~~~~~~~~\nPOPULATIONS/POPULATION_0010/INDIVIDUAL_9FT3MMCG/model.cpp:131:31: note: \u2018square\u2019 declared here, later in the translation unit\n  131 |     Type sd_cots = sqrt(square(sigma_cots) + square(min_sd));\n      |                         ~~~~~~^~~~~~~~~~~~\nPOPULATIONS/POPULATION_0010/INDIVIDUAL_9FT3MMCG/model.cpp:133:52: error: \u2018square\u2019 was not declared in this scope, and no declarations were found by argument-dependent lookup at the point of instantiation\n  133 |     Type sd_slow = sqrt(square(sigma_slow) + square(min_sd));\n      |                                              ~~~~~~^~~~~~~~\nPOPULATIONS/POPULATION_0010/INDIVIDUAL_9FT3MMCG/model.cpp:131:31: note: \u2018square\u2019 declared here, later in the translation unit\n  131 |     Type sd_cots = sqrt(square(sigma_cots) + square(min_sd));\n      |                         ~~~~~~^~~~~~~~~~~~\nmake: *** [/usr/lib/R/etc/Makeconf:204: POPULATIONS/POPULATION_0010/INDIVIDUAL_9FT3MMCG/model.o] Error 1\nError in TMB::compile(file.path(individual_dir, model_file), flags = flags,  : \n  Compilation failed\nError: Compilation failed\nExecution halted"
    },
    "2": {
      "status": "LEAKAGE",
      "message": "Data leakage detected in model equations:\n  Line 86: Missing prediction equation: slow_dat has no corresponding prediction calculation.\n    Expected to find equation for: slow_pred\n  Line 86: Missing prediction equation: cots_dat has no corresponding prediction calculation.\n    Expected to find equation for: cots_pred\n  Line 86: Missing prediction equation: fast_dat has no corresponding prediction calculation.\n    Expected to find equation for: fast_pred",
      "objective_value": "NA"
    },
    "3": {
      "status": "LEAKAGE",
      "message": "Data leakage detected in model equations:\n  Line 86: Missing prediction equation: slow_dat has no corresponding prediction calculation.\n    Expected to find equation for: slow_pred\n  Line 86: Missing prediction equation: cots_dat has no corresponding prediction calculation.\n    Expected to find equation for: cots_pred\n  Line 86: Missing prediction equation: fast_dat has no corresponding prediction calculation.\n    Expected to find equation for: fast_pred",
      "objective_value": "NA"
    },
    "4": {
      "status": "LEAKAGE",
      "message": "Data leakage detected in model equations:\n  Line 86: Missing prediction equation: slow_dat has no corresponding prediction calculation.\n    Expected to find equation for: slow_pred\n  Line 86: Missing prediction equation: cots_dat has no corresponding prediction calculation.\n    Expected to find equation for: cots_pred\n  Line 86: Missing prediction equation: fast_dat has no corresponding prediction calculation.\n    Expected to find equation for: fast_pred",
      "objective_value": "NA"
    },
    "5": {
      "status": "LEAKAGE",
      "message": "Data leakage detected in model equations:\n  Line 86: Missing prediction equation: slow_dat has no corresponding prediction calculation.\n    Expected to find equation for: slow_pred\n  Line 86: Missing prediction equation: cots_dat has no corresponding prediction calculation.\n    Expected to find equation for: cots_pred\n  Line 86: Missing prediction equation: fast_dat has no corresponding prediction calculation.\n    Expected to find equation for: fast_pred",
      "objective_value": "NA"
    },
    "6": {
      "status": "LEAKAGE",
      "message": "Data leakage detected in model equations:\n  Line 86: Missing prediction equation: slow_dat has no corresponding prediction calculation.\n    Expected to find equation for: slow_pred\n  Line 86: Missing prediction equation: cots_dat has no corresponding prediction calculation.\n    Expected to find equation for: cots_pred\n  Line 86: Missing prediction equation: fast_dat has no corresponding prediction calculation.\n    Expected to find equation for: fast_pred",
      "objective_value": "NA"
    },
    "7": {
      "status": "BROKEN"
    }
  }
}