{
  "iterations": {
    "1": {
      "status": "ERROR",
      "message": "Model failed to compile.",
      "stdout": "g++ -std=gnu++17 -I\"/usr/share/R/include\" -DNDEBUG -I\"/home/spi085/R/x86_64-pc-linux-gnu-library/4.4/TMB/include\" -I\"/home/spi085/R/x86_64-pc-linux-gnu-library/4.4/RcppEigen/include\"   -DTMB_EIGEN_DISABLE_WARNINGS   -DTMB_LIB_INIT=R_init_model  -DCPPAD_FRAMEWORK      -fpic  -O2  -c POPULATIONS/POPULATION_0002/INDIVIDUAL_HJAN6U56/model.cpp -o POPULATIONS/POPULATION_0002/INDIVIDUAL_HJAN6U56/model.o",
      "stderr": "Loading required package: TMB\nLoading required package: jsonlite\nhere() starts at /home/spi085/Documents/_Projects/SCCP-QuantModelling\nusing C++ compiler: \u2018g++ (Ubuntu 13.3.0-6ubuntu2~24.04) 13.3.0\u2019\nPOPULATIONS/POPULATION_0002/INDIVIDUAL_HJAN6U56/model.cpp: In member function \u2018Type objective_function<Type>::operator()()\u2019:\nPOPULATIONS/POPULATION_0002/INDIVIDUAL_HJAN6U56/model.cpp:53:62: error: \u2018A_cots\u2019 was not declared in this scope; did you mean \u2018K_cots\u2019?\n   53 |     Type allee_effect = (cots_pred(t-1) * cots_pred(t-1)) / (A_cots * A_cots + cots_pred(t-1) * cots_pred(t-1));\n      |                                                              ^~~~~~\n      |                                                              K_cots\nPOPULATIONS/POPULATION_0002/INDIVIDUAL_HJAN6U56/model.cpp:60:39: error: \u2018tau_fast\u2019 was not declared in this scope; did you mean \u2018r_fast\u2019?\n   60 |     int tau_fast_int = CppAD::Integer(tau_fast);\n      |                                       ^~~~~~~~\n      |                                       r_fast\nPOPULATIONS/POPULATION_0002/INDIVIDUAL_HJAN6U56/model.cpp:61:39: error: \u2018tau_slow\u2019 was not declared in this scope; did you mean \u2018r_slow\u2019?\n   61 |     int tau_slow_int = CppAD::Integer(tau_slow);\n      |                                       ^~~~~~~~\n      |                                       r_slow\nmake: *** [/usr/lib/R/etc/Makeconf:204: POPULATIONS/POPULATION_0002/INDIVIDUAL_HJAN6U56/model.o] Error 1\nError in TMB::compile(file.path(individual_dir, model_file), flags = flags,  : \n  Compilation failed\nError: Compilation failed\nExecution halted"
    },
    "2": {
      "status": "ERROR",
      "message": "R script failed with return code 1",
      "stdout": "g++ -std=gnu++17 -I\"/usr/share/R/include\" -DNDEBUG -I\"/home/spi085/R/x86_64-pc-linux-gnu-library/4.4/TMB/include\" -I\"/home/spi085/R/x86_64-pc-linux-gnu-library/4.4/RcppEigen/include\"   -DTMB_EIGEN_DISABLE_WARNINGS   -DTMB_LIB_INIT=R_init_model  -DCPPAD_FRAMEWORK      -fpic  -O2  -c POPULATIONS/POPULATION_0002/INDIVIDUAL_HJAN6U56/model.cpp -o POPULATIONS/POPULATION_0002/INDIVIDUAL_HJAN6U56/model.o\ng++ -std=gnu++17 -shared -L/usr/lib/R/lib -Wl,-Bsymbolic-functions -flto=auto -ffat-lto-objects -Wl,-z,relro -o POPULATIONS/POPULATION_0002/INDIVIDUAL_HJAN6U56/model.so POPULATIONS/POPULATION_0002/INDIVIDUAL_HJAN6U56/model.o -L/usr/lib/R/lib -lR\nStarting model phases\nNumber of phases: 4 \nPhase 1 \nInitial parameter values for phase 1 :\n    r_cots     A_cots alpha_fast alpha_slow \n        NA         NA         NA         NA \nError in model phases: NA/NaN gradient evaluation",
      "stderr": "Loading required package: TMB\nLoading required package: jsonlite\nhere() starts at /home/spi085/Documents/_Projects/SCCP-QuantModelling\nusing C++ compiler: \u2018g++ (Ubuntu 13.3.0-6ubuntu2~24.04) 13.3.0\u2019\nError in value[[3L]](cond) : \n  Error in model phases: NA/NaN gradient evaluation\nCalls: tryCatch -> tryCatchList -> tryCatchOne -> <Anonymous>\nIn addition: Warning message:\nIn nlminb(model$par, model$fn, model$gr) : NA/NaN function evaluation\nExecution halted"
    },
    "3": {
      "status": "ERROR",
      "message": "R script failed with return code 1",
      "stdout": "g++ -std=gnu++17 -I\"/usr/share/R/include\" -DNDEBUG -I\"/home/spi085/R/x86_64-pc-linux-gnu-library/4.4/TMB/include\" -I\"/home/spi085/R/x86_64-pc-linux-gnu-library/4.4/RcppEigen/include\"   -DTMB_EIGEN_DISABLE_WARNINGS   -DTMB_LIB_INIT=R_init_model  -DCPPAD_FRAMEWORK      -fpic  -O2  -c POPULATIONS/POPULATION_0002/INDIVIDUAL_HJAN6U56/model.cpp -o POPULATIONS/POPULATION_0002/INDIVIDUAL_HJAN6U56/model.o\ng++ -std=gnu++17 -shared -L/usr/lib/R/lib -Wl,-Bsymbolic-functions -flto=auto -ffat-lto-objects -Wl,-z,relro -o POPULATIONS/POPULATION_0002/INDIVIDUAL_HJAN6U56/model.so POPULATIONS/POPULATION_0002/INDIVIDUAL_HJAN6U56/model.o -L/usr/lib/R/lib -lR\nStarting model phases\nNumber of phases: 4 \nPhase 1 \nInitial parameter values for phase 1 :\n    r_cots     A_cots alpha_fast alpha_slow \n        NA         NA         NA         NA \nError in model phases: NA/NaN gradient evaluation",
      "stderr": "Loading required package: TMB\nLoading required package: jsonlite\nhere() starts at /home/spi085/Documents/_Projects/SCCP-QuantModelling\nusing C++ compiler: \u2018g++ (Ubuntu 13.3.0-6ubuntu2~24.04) 13.3.0\u2019\nError in value[[3L]](cond) : \n  Error in model phases: NA/NaN gradient evaluation\nCalls: tryCatch -> tryCatchList -> tryCatchOne -> <Anonymous>\nIn addition: Warning message:\nIn nlminb(model$par, model$fn, model$gr) : NA/NaN function evaluation\nExecution halted"
    },
    "4": {
      "status": "ERROR",
      "message": "Model failed to compile.",
      "stdout": "g++ -std=gnu++17 -I\"/usr/share/R/include\" -DNDEBUG -I\"/home/spi085/R/x86_64-pc-linux-gnu-library/4.4/TMB/include\" -I\"/home/spi085/R/x86_64-pc-linux-gnu-library/4.4/RcppEigen/include\"   -DTMB_EIGEN_DISABLE_WARNINGS   -DTMB_LIB_INIT=R_init_model  -DCPPAD_FRAMEWORK      -fpic  -O2  -c POPULATIONS/POPULATION_0002/INDIVIDUAL_HJAN6U56/model.cpp -o POPULATIONS/POPULATION_0002/INDIVIDUAL_HJAN6U56/model.o",
      "stderr": "Loading required package: TMB\nLoading required package: jsonlite\nhere() starts at /home/spi085/Documents/_Projects/SCCP-QuantModelling\nusing C++ compiler: \u2018g++ (Ubuntu 13.3.0-6ubuntu2~24.04) 13.3.0\u2019\nPOPULATIONS/POPULATION_0002/INDIVIDUAL_HJAN6U56/model.cpp: In member function \u2018Type objective_function<Type>::operator()()\u2019:\nPOPULATIONS/POPULATION_0002/INDIVIDUAL_HJAN6U56/model.cpp:63:26: error: \u2018max\u2019 is not a member of \u2018CppAD\u2019\n   63 |     Type k_term = CppAD::max(Type(0.0), Type(1.0) - cots_pred(t-1)/K_cots);\n      |                          ^~~\nPOPULATIONS/POPULATION_0002/INDIVIDUAL_HJAN6U56/model.cpp:63:26: note: suggested alternatives:\nIn file included from /home/spi085/R/x86_64-pc-linux-gnu-library/4.4/TMB/include/TMB.hpp:231,\n                 from POPULATIONS/POPULATION_0002/INDIVIDUAL_HJAN6U56/model.cpp:1:\n/home/spi085/R/x86_64-pc-linux-gnu-library/4.4/TMB/include/convenience.hpp:145:6: note:   \u2018max\u2019\n  145 | Type max(const vector<Type> &x)\n      |      ^~~\nIn file included from /usr/include/c++/13/functional:67,\n                 from /home/spi085/R/x86_64-pc-linux-gnu-library/4.4/RcppEigen/include/Eigen/Core:85,\n                 from /home/spi085/R/x86_64-pc-linux-gnu-library/4.4/RcppEigen/include/Eigen/Dense:1,\n                 from /home/spi085/R/x86_64-pc-linux-gnu-library/4.4/TMB/include/TMB.hpp:92:\n/usr/include/c++/13/bits/stl_algo.h:5805:5: note:   \u2018std::max\u2019\n 5805 |     max(initializer_list<_Tp> __l, _Compare __comp)\n      |     ^~~\nIn file included from /home/spi085/R/x86_64-pc-linux-gnu-library/4.4/RcppEigen/include/Eigen/Core:176:\n/home/spi085/R/x86_64-pc-linux-gnu-library/4.4/RcppEigen/include/Eigen/src/Core/arch/Default/Half.h:749:45: note:   \u2018Eigen::half_impl::max\u2019\n  749 | EIGEN_STRONG_INLINE EIGEN_DEVICE_FUNC half (max)(const half& a, const half& b) {\n      |                                             ^~~\nIn file included from /home/spi085/R/x86_64-pc-linux-gnu-library/4.4/RcppEigen/include/Eigen/Core:177:\n/home/spi085/R/x86_64-pc-linux-gnu-library/4.4/RcppEigen/include/Eigen/src/Core/arch/Default/BFloat16.h:576:49: note:   \u2018Eigen::bfloat16_impl::max\u2019\n  576 | EIGEN_STRONG_INLINE EIGEN_DEVICE_FUNC bfloat16 (max)(const bfloat16& a, const bfloat16& b) {\n      |                                                 ^~~\nPOPULATIONS/POPULATION_0002/INDIVIDUAL_HJAN6U56/model.cpp:69:27: error: \u2018max\u2019 is not a member of \u2018CppAD\u2019\n   69 |     total_growth = CppAD::max(Type(-0.9), CppAD::min(Type(1.0), total_growth));\n      |                           ^~~\nPOPULATIONS/POPULATION_0002/INDIVIDUAL_HJAN6U56/model.cpp:69:27: note: suggested alternatives:\n/home/spi085/R/x86_64-pc-linux-gnu-library/4.4/TMB/include/convenience.hpp:145:6: note:   \u2018max\u2019\n  145 | Type max(const vector<Type> &x)\n      |      ^~~\n/usr/include/c++/13/bits/stl_algo.h:5805:5: note:   \u2018std::max\u2019\n 5805 |     max(initializer_list<_Tp> __l, _Compare __comp)\n      |     ^~~\n/home/spi085/R/x86_64-pc-linux-gnu-library/4.4/RcppEigen/include/Eigen/src/Core/arch/Default/Half.h:749:45: note:   \u2018Eigen::half_impl::max\u2019\n  749 | EIGEN_STRONG_INLINE EIGEN_DEVICE_FUNC half (max)(const half& a, const half& b) {\n      |                                             ^~~\n/home/spi085/R/x86_64-pc-linux-gnu-library/4.4/RcppEigen/include/Eigen/src/Core/arch/Default/BFloat16.h:576:49: note:   \u2018Eigen::bfloat16_impl::max\u2019\n  576 | EIGEN_STRONG_INLINE EIGEN_DEVICE_FUNC bfloat16 (max)(const bfloat16& a, const bfloat16& b) {\n      |                                                 ^~~\nPOPULATIONS/POPULATION_0002/INDIVIDUAL_HJAN6U56/model.cpp:69:50: error: \u2018min\u2019 is not a member of \u2018CppAD\u2019; did you mean \u2018sin\u2019?\n   69 |     total_growth = CppAD::max(Type(-0.9), CppAD::min(Type(1.0), total_growth));\n      |                                                  ^~~\n      |                                                  sin\nmake: *** [/usr/lib/R/etc/Makeconf:204: POPULATIONS/POPULATION_0002/INDIVIDUAL_HJAN6U56/model.o] Error 1\nError in TMB::compile(file.path(individual_dir, model_file), flags = flags,  : \n  Compilation failed\nError: Compilation failed\nExecution halted"
    },
    "5": {
      "status": "ERROR",
      "message": "R script failed with return code 1",
      "stdout": "g++ -std=gnu++17 -I\"/usr/share/R/include\" -DNDEBUG -I\"/home/spi085/R/x86_64-pc-linux-gnu-library/4.4/TMB/include\" -I\"/home/spi085/R/x86_64-pc-linux-gnu-library/4.4/RcppEigen/include\"   -DTMB_EIGEN_DISABLE_WARNINGS   -DTMB_LIB_INIT=R_init_model  -DCPPAD_FRAMEWORK      -fpic  -O2  -c POPULATIONS/POPULATION_0002/INDIVIDUAL_HJAN6U56/model.cpp -o POPULATIONS/POPULATION_0002/INDIVIDUAL_HJAN6U56/model.o\ng++ -std=gnu++17 -shared -L/usr/lib/R/lib -Wl,-Bsymbolic-functions -flto=auto -ffat-lto-objects -Wl,-z,relro -o POPULATIONS/POPULATION_0002/INDIVIDUAL_HJAN6U56/model.so POPULATIONS/POPULATION_0002/INDIVIDUAL_HJAN6U56/model.o -L/usr/lib/R/lib -lR\nStarting model phases\nNumber of phases: 4 \nPhase 1 \nInitial parameter values for phase 1 :\n    r_cots     A_cots alpha_fast alpha_slow \n        NA         NA         NA         NA \nError in model phases: NA/NaN gradient evaluation",
      "stderr": "Loading required package: TMB\nLoading required package: jsonlite\nhere() starts at /home/spi085/Documents/_Projects/SCCP-QuantModelling\nusing C++ compiler: \u2018g++ (Ubuntu 13.3.0-6ubuntu2~24.04) 13.3.0\u2019\nError in value[[3L]](cond) : \n  Error in model phases: NA/NaN gradient evaluation\nCalls: tryCatch -> tryCatchList -> tryCatchOne -> <Anonymous>\nIn addition: Warning message:\nIn nlminb(model$par, model$fn, model$gr) : NA/NaN function evaluation\nExecution halted"
    },
    "6": {
      "status": "ERROR",
      "message": "R script failed with return code 1",
      "stdout": "g++ -std=gnu++17 -I\"/usr/share/R/include\" -DNDEBUG -I\"/home/spi085/R/x86_64-pc-linux-gnu-library/4.4/TMB/include\" -I\"/home/spi085/R/x86_64-pc-linux-gnu-library/4.4/RcppEigen/include\"   -DTMB_EIGEN_DISABLE_WARNINGS   -DTMB_LIB_INIT=R_init_model  -DCPPAD_FRAMEWORK      -fpic  -O2  -c POPULATIONS/POPULATION_0002/INDIVIDUAL_HJAN6U56/model.cpp -o POPULATIONS/POPULATION_0002/INDIVIDUAL_HJAN6U56/model.o\ng++ -std=gnu++17 -shared -L/usr/lib/R/lib -Wl,-Bsymbolic-functions -flto=auto -ffat-lto-objects -Wl,-z,relro -o POPULATIONS/POPULATION_0002/INDIVIDUAL_HJAN6U56/model.so POPULATIONS/POPULATION_0002/INDIVIDUAL_HJAN6U56/model.o -L/usr/lib/R/lib -lR\nStarting model phases\nNumber of phases: 4 \nPhase 1 \nInitial parameter values for phase 1 :\n    r_cots     A_cots alpha_fast alpha_slow \n        NA         NA         NA         NA \nFinal parameter values for phase 1 :\n    r_cots     A_cots alpha_fast alpha_slow \n        NA         NA         NA         NA \nConvergence message: both X-convergence and relative convergence (5) \nNumber of iterations: 1 \nObjective function value: Inf \nGradient at solution for phase 1 :\n     [,1] [,2] [,3] [,4]\n[1,]    0    0    0    0\nPhase 2 \nInitial parameter values for phase 2 :\n  K_cots tau_fast tau_slow   r_fast   r_slow \n 0.00125       NA       NA       NA       NA \nError in model phases: NA/NaN gradient evaluation",
      "stderr": "Loading required package: TMB\nLoading required package: jsonlite\nhere() starts at /home/spi085/Documents/_Projects/SCCP-QuantModelling\nusing C++ compiler: \u2018g++ (Ubuntu 13.3.0-6ubuntu2~24.04) 13.3.0\u2019\nError in value[[3L]](cond) : \n  Error in model phases: NA/NaN gradient evaluation\nCalls: tryCatch -> tryCatchList -> tryCatchOne -> <Anonymous>\nIn addition: Warning messages:\n1: In nlminb(model$par, model$fn, model$gr) : NA/NaN function evaluation\n2: In nlminb(model$par, model$fn, model$gr) : NA/NaN function evaluation\n3: In nlminb(model$par, model$fn, model$gr) : NA/NaN function evaluation\nExecution halted"
    },
    "7": {
      "status": "BROKEN"
    }
  }
}