{
  "iterations": {
    "1": {
      "status": "LEAKAGE",
      "message": "Data leakage detected in model equations.",
      "objective_value": "NA"
    },
    "2": {
      "status": "ERROR",
      "message": "Model failed to compile.",
      "stdout": "g++ -std=gnu++17  -I\"C:/Users/spi085/AppData/Local/Programs/R/R-4.4.1/include\" -DNDEBUG -I\"C:/Users/spi085/AppData/Local/Programs/R/R-44~1.1/library/TMB/include\" -I\"C:/Users/spi085/AppData/Local/Programs/R/R-44~1.1/library/RCPPEI~1/include\"   -DTMB_EIGEN_DISABLE_WARNINGS   -DTMB_LIB_INIT=R_init_model  -DCPPAD_FRAMEWORK    -I\"C:/rtools44/x86_64-w64-mingw32.static.posix/include\"     -O2 -Wa,-mbig-obj -c POPULATIONS//POPULATION_0007//INDIVIDUAL_J1EKUQH4/model.cpp -o POPULATIONS//POPULATION_0007//INDIVIDUAL_J1EKUQH4/model.o",
      "stderr": "Loading required package: TMB\nLoading required package: jsonlite\nhere() starts at C:/Users/spi085/OneDrive - CSIRO/Documents/_Projects/SCCP-QuantModelling\nusing C++ compiler: 'G__~1.EXE (GCC) 13.2.0'\nPOPULATIONS//POPULATION_0007//INDIVIDUAL_J1EKUQH4/model.cpp: In instantiation of 'Type objective_function<Type>::operator()() [with Type = CppAD::AD<double>]':\nC:/Users/spi085/AppData/Local/Programs/R/R-4.4.1/library/TMB/include/tmb_core.hpp:1308:6:   required from here\nPOPULATIONS//POPULATION_0007//INDIVIDUAL_J1EKUQH4/model.cpp:64:18: error: 'dlnorm' was not declared in this scope; did you mean 'dnorm'?\n   64 |     nll -= dlnorm(cots_dat(i), log(cots_pred(i) + Type(1e-8)), sigma_cots, true);\n      |            ~~~~~~^~~~~~~~~~~~~~~~~~~~~~~~~~~~~~~~~~~~~~~~~~~~~~~~~~~~~~~~~~~~~~~\n      |            dnorm\nPOPULATIONS//POPULATION_0007//INDIVIDUAL_J1EKUQH4/model.cpp:65:18: error: 'dlnorm' was not declared in this scope, and no declarations were found by argument-dependent lookup at the point of instantiation\n   65 |     nll -= dlnorm(slow_dat(i), log(slow_pred(i) + Type(1e-8)), sigma_coral, true);\n      |            ~~~~~~^~~~~~~~~~~~~~~~~~~~~~~~~~~~~~~~~~~~~~~~~~~~~~~~~~~~~~~~~~~~~~~~\nPOPULATIONS//POPULATION_0007//INDIVIDUAL_J1EKUQH4/model.cpp:64:18: note: 'dlnorm' declared here, later in the translation unit\n   64 |     nll -= dlnorm(cots_dat(i), log(cots_pred(i) + Type(1e-8)), sigma_cots, true);\n      |            ~~~~~~^~~~~~~~~~~~~~~~~~~~~~~~~~~~~~~~~~~~~~~~~~~~~~~~~~~~~~~~~~~~~~~\nPOPULATIONS//POPULATION_0007//INDIVIDUAL_J1EKUQH4/model.cpp:66:18: error: 'dlnorm' was not declared in this scope, and no declarations were found by argument-dependent lookup at the point of instantiation\n   66 |     nll -= dlnorm(fast_dat(i), log(fast_pred(i) + Type(1e-8)), sigma_coral, true);\n      |            ~~~~~~^~~~~~~~~~~~~~~~~~~~~~~~~~~~~~~~~~~~~~~~~~~~~~~~~~~~~~~~~~~~~~~~\nPOPULATIONS//POPULATION_0007//INDIVIDUAL_J1EKUQH4/model.cpp:64:18: note: 'dlnorm' declared here, later in the translation unit\n   64 |     nll -= dlnorm(cots_dat(i), log(cots_pred(i) + Type(1e-8)), sigma_cots, true);\n      |            ~~~~~~^~~~~~~~~~~~~~~~~~~~~~~~~~~~~~~~~~~~~~~~~~~~~~~~~~~~~~~~~~~~~~~\nPOPULATIONS//POPULATION_0007//INDIVIDUAL_J1EKUQH4/model.cpp: In instantiation of 'Type objective_function<Type>::operator()() [with Type = double]':\nC:/Users/spi085/AppData/Local/Programs/R/R-4.4.1/library/TMB/include/tmb_core.hpp:2031:7:   required from here\nPOPULATIONS//POPULATION_0007//INDIVIDUAL_J1EKUQH4/model.cpp:64:18: error: 'dlnorm' was not declared in this scope; did you mean 'dnorm'?\n   64 |     nll -= dlnorm(cots_dat(i), log(cots_pred(i) + Type(1e-8)), sigma_cots, true);\n      |            ~~~~~~^~~~~~~~~~~~~~~~~~~~~~~~~~~~~~~~~~~~~~~~~~~~~~~~~~~~~~~~~~~~~~~\n      |            dnorm\nPOPULATIONS//POPULATION_0007//INDIVIDUAL_J1EKUQH4/model.cpp:65:18: error: 'dlnorm' was not declared in this scope, and no declarations were found by argument-dependent lookup at the point of instantiation\n   65 |     nll -= dlnorm(slow_dat(i), log(slow_pred(i) + Type(1e-8)), sigma_coral, true);\n      |            ~~~~~~^~~~~~~~~~~~~~~~~~~~~~~~~~~~~~~~~~~~~~~~~~~~~~~~~~~~~~~~~~~~~~~~\nPOPULATIONS//POPULATION_0007//INDIVIDUAL_J1EKUQH4/model.cpp:64:18: note: 'dlnorm' declared here, later in the translation unit\n   64 |     nll -= dlnorm(cots_dat(i), log(cots_pred(i) + Type(1e-8)), sigma_cots, true);\n      |            ~~~~~~^~~~~~~~~~~~~~~~~~~~~~~~~~~~~~~~~~~~~~~~~~~~~~~~~~~~~~~~~~~~~~~\nPOPULATIONS//POPULATION_0007//INDIVIDUAL_J1EKUQH4/model.cpp:66:18: error: 'dlnorm' was not declared in this scope, and no declarations were found by argument-dependent lookup at the point of instantiation\n   66 |     nll -= dlnorm(fast_dat(i), log(fast_pred(i) + Type(1e-8)), sigma_coral, true);\n      |            ~~~~~~^~~~~~~~~~~~~~~~~~~~~~~~~~~~~~~~~~~~~~~~~~~~~~~~~~~~~~~~~~~~~~~~\nPOPULATIONS//POPULATION_0007//INDIVIDUAL_J1EKUQH4/model.cpp:64:18: note: 'dlnorm' declared here, later in the translation unit\n   64 |     nll -= dlnorm(cots_dat(i), log(cots_pred(i) + Type(1e-8)), sigma_cots, true);\n      |            ~~~~~~^~~~~~~~~~~~~~~~~~~~~~~~~~~~~~~~~~~~~~~~~~~~~~~~~~~~~~~~~~~~~~~\nPOPULATIONS//POPULATION_0007//INDIVIDUAL_J1EKUQH4/model.cpp: In instantiation of 'Type objective_function<Type>::operator()() [with Type = CppAD::AD<CppAD::AD<double> >]':\nC:/Users/spi085/AppData/Local/Programs/R/R-4.4.1/library/TMB/include/tmb_core.hpp:913:29:   required from 'Type objective_function<Type>::evalUserTemplate() [with Type = CppAD::AD<CppAD::AD<double> >]'\nC:/Users/spi085/AppData/Local/Programs/R/R-4.4.1/library/TMB/include/tmb_core.hpp:2112:26:   required from here\nPOPULATIONS//POPULATION_0007//INDIVIDUAL_J1EKUQH4/model.cpp:64:18: error: 'dlnorm' was not declared in this scope; did you mean 'dnorm'?\n   64 |     nll -= dlnorm(cots_dat(i), log(cots_pred(i) + Type(1e-8)), sigma_cots, true);\n      |            ~~~~~~^~~~~~~~~~~~~~~~~~~~~~~~~~~~~~~~~~~~~~~~~~~~~~~~~~~~~~~~~~~~~~~\n      |            dnorm\nPOPULATIONS//POPULATION_0007//INDIVIDUAL_J1EKUQH4/model.cpp:65:18: error: 'dlnorm' was not declared in this scope, and no declarations were found by argument-dependent lookup at the point of instantiation\n   65 |     nll -= dlnorm(slow_dat(i), log(slow_pred(i) + Type(1e-8)), sigma_coral, true);\n      |            ~~~~~~^~~~~~~~~~~~~~~~~~~~~~~~~~~~~~~~~~~~~~~~~~~~~~~~~~~~~~~~~~~~~~~~\nPOPULATIONS//POPULATION_0007//INDIVIDUAL_J1EKUQH4/model.cpp:64:18: note: 'dlnorm' declared here, later in the translation unit\n   64 |     nll -= dlnorm(cots_dat(i), log(cots_pred(i) + Type(1e-8)), sigma_cots, true);\n      |            ~~~~~~^~~~~~~~~~~~~~~~~~~~~~~~~~~~~~~~~~~~~~~~~~~~~~~~~~~~~~~~~~~~~~~\nPOPULATIONS//POPULATION_0007//INDIVIDUAL_J1EKUQH4/model.cpp:66:18: error: 'dlnorm' was not declared in this scope, and no declarations were found by argument-dependent lookup at the point of instantiation\n   66 |     nll -= dlnorm(fast_dat(i), log(fast_pred(i) + Type(1e-8)), sigma_coral, true);\n      |            ~~~~~~^~~~~~~~~~~~~~~~~~~~~~~~~~~~~~~~~~~~~~~~~~~~~~~~~~~~~~~~~~~~~~~~\nPOPULATIONS//POPULATION_0007//INDIVIDUAL_J1EKUQH4/model.cpp:64:18: note: 'dlnorm' declared here, later in the translation unit\n   64 |     nll -= dlnorm(cots_dat(i), log(cots_pred(i) + Type(1e-8)), sigma_cots, true);\n      |            ~~~~~~^~~~~~~~~~~~~~~~~~~~~~~~~~~~~~~~~~~~~~~~~~~~~~~~~~~~~~~~~~~~~~~\nPOPULATIONS//POPULATION_0007//INDIVIDUAL_J1EKUQH4/model.cpp: In instantiation of 'Type objective_function<Type>::operator()() [with Type = CppAD::AD<CppAD::AD<CppAD::AD<double> > >]':\nC:/Users/spi085/AppData/Local/Programs/R/R-4.4.1/library/TMB/include/tmb_core.hpp:913:29:   required from 'Type objective_function<Type>::evalUserTemplate() [with Type = CppAD::AD<CppAD::AD<CppAD::AD<double> > >]'\nC:/Users/spi085/AppData/Local/Programs/R/R-4.4.1/library/TMB/include/tmb_core.hpp:2361:28:   required from here\nPOPULATIONS//POPULATION_0007//INDIVIDUAL_J1EKUQH4/model.cpp:64:18: error: 'dlnorm' was not declared in this scope; did you mean 'dnorm'?\n   64 |     nll -= dlnorm(cots_dat(i), log(cots_pred(i) + Type(1e-8)), sigma_cots, true);\n      |            ~~~~~~^~~~~~~~~~~~~~~~~~~~~~~~~~~~~~~~~~~~~~~~~~~~~~~~~~~~~~~~~~~~~~~\n      |            dnorm\nPOPULATIONS//POPULATION_0007//INDIVIDUAL_J1EKUQH4/model.cpp:65:18: error: 'dlnorm' was not declared in this scope, and no declarations were found by argument-dependent lookup at the point of instantiation\n   65 |     nll -= dlnorm(slow_dat(i), log(slow_pred(i) + Type(1e-8)), sigma_coral, true);\n      |            ~~~~~~^~~~~~~~~~~~~~~~~~~~~~~~~~~~~~~~~~~~~~~~~~~~~~~~~~~~~~~~~~~~~~~~\nPOPULATIONS//POPULATION_0007//INDIVIDUAL_J1EKUQH4/model.cpp:64:18: note: 'dlnorm' declared here, later in the translation unit\n   64 |     nll -= dlnorm(cots_dat(i), log(cots_pred(i) + Type(1e-8)), sigma_cots, true);\n      |            ~~~~~~^~~~~~~~~~~~~~~~~~~~~~~~~~~~~~~~~~~~~~~~~~~~~~~~~~~~~~~~~~~~~~~\nPOPULATIONS//POPULATION_0007//INDIVIDUAL_J1EKUQH4/model.cpp:66:18: error: 'dlnorm' was not declared in this scope, and no declarations were found by argument-dependent lookup at the point of instantiation\n   66 |     nll -= dlnorm(fast_dat(i), log(fast_pred(i) + Type(1e-8)), sigma_coral, true);\n      |            ~~~~~~^~~~~~~~~~~~~~~~~~~~~~~~~~~~~~~~~~~~~~~~~~~~~~~~~~~~~~~~~~~~~~~~\nPOPULATIONS//POPULATION_0007//INDIVIDUAL_J1EKUQH4/model.cpp:64:18: note: 'dlnorm' declared here, later in the translation unit\n   64 |     nll -= dlnorm(cots_dat(i), log(cots_pred(i) + Type(1e-8)), sigma_cots, true);\n      |            ~~~~~~^~~~~~~~~~~~~~~~~~~~~~~~~~~~~~~~~~~~~~~~~~~~~~~~~~~~~~~~~~~~~~~\nmake: *** [C:/Users/spi085/AppData/Local/Programs/R/R-4.4.1/etc/x64/Makeconf:296: POPULATIONS//POPULATION_0007//INDIVIDUAL_J1EKUQH4/model.o] Error 1\nError in TMB::compile(file.path(individual_dir, model_file), flags = flags,  : \n  Compilation failed\nError: Compilation failed\nExecution halted"
    },
    "3": {
      "status": "ERROR",
      "message": "R script failed with return code 3221225477",
      "stdout": "g++ -std=gnu++17  -I\"C:/Users/spi085/AppData/Local/Programs/R/R-4.4.1/include\" -DNDEBUG -I\"C:/Users/spi085/AppData/Local/Programs/R/R-44~1.1/library/TMB/include\" -I\"C:/Users/spi085/AppData/Local/Programs/R/R-44~1.1/library/RCPPEI~1/include\"   -DTMB_EIGEN_DISABLE_WARNINGS   -DTMB_LIB_INIT=R_init_model  -DCPPAD_FRAMEWORK    -I\"C:/rtools44/x86_64-w64-mingw32.static.posix/include\"     -O2 -Wa,-mbig-obj -c POPULATIONS//POPULATION_0007//INDIVIDUAL_J1EKUQH4/model.cpp -o POPULATIONS//POPULATION_0007//INDIVIDUAL_J1EKUQH4/model.o\ng++ -std=gnu++17 -shared -s -static-libgcc -o POPULATIONS//POPULATION_0007//INDIVIDUAL_J1EKUQH4/model.dll tmp.def POPULATIONS//POPULATION_0007//INDIVIDUAL_J1EKUQH4/model.o -LC:/rtools44/x86_64-w64-mingw32.static.posix/lib/x64 -LC:/rtools44/x86_64-w64-mingw32.static.posix/lib -LC:/Users/spi085/AppData/Local/Programs/R/R-4.4.1/bin/x64 -lR\nStarting model phases\nNumber of phases: 5 \nPhase 1 \nInitial parameter values for phase 1 :\n      alpha_cots  conversion_rate consumption_slow consumption_fast \n        0.500000         0.010000         0.100000         0.150000 \n  mortality_cots       alpha_slow      growth_slow       alpha_fast \n        0.050000        10.000000         0.050000        15.000000 \n     growth_fast         handling   log_sigma_cots  log_sigma_coral \n        0.070000         0.010000        -2.302585        -2.302585 \nFinal parameter values for phase 1 :\n      alpha_cots  conversion_rate consumption_slow consumption_fast \n        0.500000         0.010000         0.100000         0.150000 \n  mortality_cots       alpha_slow      growth_slow       alpha_fast \n        0.050000        10.000000         0.050000        15.000000 \n     growth_fast         handling   log_sigma_cots  log_sigma_coral \n        0.070000         0.010000        -2.302585        -2.302585 \nConvergence message: both X-convergence and relative convergence (5) \nNumber of iterations: 1 \nObjective function value: 0 \nGradient at solution for phase 1 :\n     [,1] [,2] [,3] [,4] [,5] [,6] [,7] [,8] [,9] [,10] [,11] [,12]\n[1,]    0    0    0    0    0    0    0    0    0     0     0     0\nPhase 2",
      "stderr": "Loading required package: TMB\nLoading required package: jsonlite\nhere() starts at C:/Users/spi085/OneDrive - CSIRO/Documents/_Projects/SCCP-QuantModelling\nusing C++ compiler: 'G__~1.EXE (GCC) 13.2.0'"
    },
    "4": {
      "status": "ERROR",
      "message": "R script failed with return code 3221225477",
      "stdout": "g++ -std=gnu++17  -I\"C:/Users/spi085/AppData/Local/Programs/R/R-4.4.1/include\" -DNDEBUG -I\"C:/Users/spi085/AppData/Local/Programs/R/R-44~1.1/library/TMB/include\" -I\"C:/Users/spi085/AppData/Local/Programs/R/R-44~1.1/library/RCPPEI~1/include\"   -DTMB_EIGEN_DISABLE_WARNINGS   -DTMB_LIB_INIT=R_init_model  -DCPPAD_FRAMEWORK    -I\"C:/rtools44/x86_64-w64-mingw32.static.posix/include\"     -O2 -Wa,-mbig-obj -c POPULATIONS//POPULATION_0007//INDIVIDUAL_J1EKUQH4/model.cpp -o POPULATIONS//POPULATION_0007//INDIVIDUAL_J1EKUQH4/model.o\ng++ -std=gnu++17 -shared -s -static-libgcc -o POPULATIONS//POPULATION_0007//INDIVIDUAL_J1EKUQH4/model.dll tmp.def POPULATIONS//POPULATION_0007//INDIVIDUAL_J1EKUQH4/model.o -LC:/rtools44/x86_64-w64-mingw32.static.posix/lib/x64 -LC:/rtools44/x86_64-w64-mingw32.static.posix/lib -LC:/Users/spi085/AppData/Local/Programs/R/R-4.4.1/bin/x64 -lR\nStarting model phases\nNumber of phases: 5 \nPhase 1 \nInitial parameter values for phase 1 :\n      alpha_cots  conversion_rate consumption_slow consumption_fast \n        0.500000         0.010000         0.100000         0.150000 \n  mortality_cots       alpha_slow      growth_slow       alpha_fast \n        0.050000        10.000000         0.050000        15.000000 \n     growth_fast         handling   log_sigma_cots  log_sigma_coral \n        0.070000         0.010000        -2.302585        -2.302585 \nFinal parameter values for phase 1 :\n      alpha_cots  conversion_rate consumption_slow consumption_fast \n        0.500000         0.010000         0.100000         0.150000 \n  mortality_cots       alpha_slow      growth_slow       alpha_fast \n        0.050000        10.000000         0.050000        15.000000 \n     growth_fast         handling   log_sigma_cots  log_sigma_coral \n        0.070000         0.010000        -2.302585        -2.302585 \nConvergence message: both X-convergence and relative convergence (5) \nNumber of iterations: 1 \nObjective function value: 0 \nGradient at solution for phase 1 :\n     [,1] [,2] [,3] [,4] [,5] [,6] [,7] [,8] [,9] [,10] [,11] [,12]\n[1,]    0    0    0    0    0    0    0    0    0     0     0     0\nPhase 2",
      "stderr": "Loading required package: TMB\nLoading required package: jsonlite\nhere() starts at C:/Users/spi085/OneDrive - CSIRO/Documents/_Projects/SCCP-QuantModelling\nusing C++ compiler: 'G__~1.EXE (GCC) 13.2.0'"
    },
    "5": {
      "status": "ERROR",
      "message": "Model failed to compile.",
      "stdout": "g++ -std=gnu++17  -I\"C:/Users/spi085/AppData/Local/Programs/R/R-4.4.1/include\" -DNDEBUG -I\"C:/Users/spi085/AppData/Local/Programs/R/R-44~1.1/library/TMB/include\" -I\"C:/Users/spi085/AppData/Local/Programs/R/R-44~1.1/library/RCPPEI~1/include\"   -DTMB_EIGEN_DISABLE_WARNINGS   -DTMB_LIB_INIT=R_init_model  -DCPPAD_FRAMEWORK    -I\"C:/rtools44/x86_64-w64-mingw32.static.posix/include\"     -O2 -Wa,-mbig-obj -c POPULATIONS//POPULATION_0007//INDIVIDUAL_J1EKUQH4/model.cpp -o POPULATIONS//POPULATION_0007//INDIVIDUAL_J1EKUQH4/model.o",
      "stderr": "Loading required package: TMB\nLoading required package: jsonlite\nhere() starts at C:/Users/spi085/OneDrive - CSIRO/Documents/_Projects/SCCP-QuantModelling\nusing C++ compiler: 'G__~1.EXE (GCC) 13.2.0'\nPOPULATIONS//POPULATION_0007//INDIVIDUAL_J1EKUQH4/model.cpp: In instantiation of 'Type objective_function<Type>::operator()() [with Type = CppAD::AD<double>]':\nC:/Users/spi085/AppData/Local/Programs/R/R-4.4.1/library/TMB/include/tmb_core.hpp:1308:6:   required from here\nPOPULATIONS//POPULATION_0007//INDIVIDUAL_J1EKUQH4/model.cpp:63:26: error: cannot convert 'CppAD::AD<double>' to 'double'\n   63 |       cots_pred(i) = fmax(alpha_cots + conversion_rate * cotsimm_dat(i), Type(1e-8));  // Initial COTS prediction based on immigration forcing\n      |                      ~~~~^~~~~~~~~~~~~~~~~~~~~~~~~~~~~~~~~~~~~~~~~~~~~~~~~~~~~~~~~~~\n      |                          |\n      |                          CppAD::AD<double>\nIn file included from C:/rtools44/x86_64-w64-mingw32.static.posix/lib/gcc/x86_64-w64-mingw32.static.posix/13.2.0/include/c++/cmath:47,\n                 from C:/Users/spi085/AppData/Local/Programs/R/R-44~1.1/library/RCPPEI~1/include/Eigen/src/Core/util/Macros.h:679,\n                 from C:/Users/spi085/AppData/Local/Programs/R/R-44~1.1/library/RCPPEI~1/include/Eigen/Core:19,\n                 from C:/Users/spi085/AppData/Local/Programs/R/R-44~1.1/library/RCPPEI~1/include/Eigen/Dense:1,\n                 from C:/Users/spi085/AppData/Local/Programs/R/R-4.4.1/library/TMB/include/TMB.hpp:92,\n                 from POPULATIONS//POPULATION_0007//INDIVIDUAL_J1EKUQH4/model.cpp:1:\nC:/rtools44/x86_64-w64-mingw32.static.posix/include/math.h:1118:32: note:   initializing argument 1 of 'double fmax(double, double)'\n 1118 |   extern double __cdecl fmax  (double, double);\n      |                                ^~~~~~\nPOPULATIONS//POPULATION_0007//INDIVIDUAL_J1EKUQH4/model.cpp:64:27: error: cannot convert 'CppAD::AD<double>' to 'double'\n   64 |       slow_pred(i) = fmax(alpha_slow, Type(1e-8));                                     // Baseline slow-growing coral cover\n      |                           ^~~~~~~~~~\n      |                           |\n      |                           CppAD::AD<double>\nC:/rtools44/x86_64-w64-mingw32.static.posix/include/math.h:1118:32: note:   initializing argument 1 of 'double fmax(double, double)'\n 1118 |   extern double __cdecl fmax  (double, double);\n      |                                ^~~~~~\nPOPULATIONS//POPULATION_0007//INDIVIDUAL_J1EKUQH4/model.cpp:65:27: error: cannot convert 'CppAD::AD<double>' to 'double'\n   65 |       fast_pred(i) = fmax(alpha_fast, Type(1e-8));                                     // Baseline fast-growing coral cover\n      |                           ^~~~~~~~~~\n      |                           |\n      |                           CppAD::AD<double>\nC:/rtools44/x86_64-w64-mingw32.static.posix/include/math.h:1118:32: note:   initializing argument 1 of 'double fmax(double, double)'\n 1118 |   extern double __cdecl fmax  (double, double);\n      |                                ^~~~~~\nPOPULATIONS//POPULATION_0007//INDIVIDUAL_J1EKUQH4/model.cpp:67:26: error: cannot convert 'CppAD::AD<double>' to 'double'\n   67 |       cots_pred(i) = fmax(cots_pred(i-1) + conversion_rate * cotsimm_dat(i) - mortality_cots * cots_pred(i-1), Type(1e-8));\n      |                      ~~~~^~~~~~~~~~~~~~~~~~~~~~~~~~~~~~~~~~~~~~~~~~~~~~~~~~~~~~~~~~~~~~~~~~~~~~~~~~~~~~~~~~~~~~~~~~~~~~~~~\n      |                          |\n      |                          CppAD::AD<double>\nC:/rtools44/x86_64-w64-mingw32.static.posix/include/math.h:1118:32: note:   initializing argument 1 of 'double fmax(double, double)'\n 1118 |   extern double __cdecl fmax  (double, double);\n      |                                ^~~~~~\nPOPULATIONS//POPULATION_0007//INDIVIDUAL_J1EKUQH4/model.cpp:68:26: error: cannot convert 'CppAD::AD<double>' to 'double'\n   68 |       slow_pred(i) = fmax(slow_pred(i-1) * growth_slow * (1 - consumption_slow * cots_pred(i-1) + Type(1e-8)), Type(1e-8));\n      |                      ~~~~^~~~~~~~~~~~~~~~~~~~~~~~~~~~~~~~~~~~~~~~~~~~~~~~~~~~~~~~~~~~~~~~~~~~~~~~~~~~~~~~~~~~~~~~~~~~~~~~~\n      |                          |\n      |                          CppAD::AD<double>\nC:/rtools44/x86_64-w64-mingw32.static.posix/include/math.h:1118:32: note:   initializing argument 1 of 'double fmax(double, double)'\n 1118 |   extern double __cdecl fmax  (double, double);\n      |                                ^~~~~~\nPOPULATIONS//POPULATION_0007//INDIVIDUAL_J1EKUQH4/model.cpp:69:26: error: cannot convert 'CppAD::AD<double>' to 'double'\n   69 |       fast_pred(i) = fmax(fast_pred(i-1) * growth_fast * (1 - consumption_fast * cots_pred(i-1) + Type(1e-8)), Type(1e-8));\n      |                      ~~~~^~~~~~~~~~~~~~~~~~~~~~~~~~~~~~~~~~~~~~~~~~~~~~~~~~~~~~~~~~~~~~~~~~~~~~~~~~~~~~~~~~~~~~~~~~~~~~~~~\n      |                          |\n      |                          CppAD::AD<double>\nC:/rtools44/x86_64-w64-mingw32.static.posix/include/math.h:1118:32: note:   initializing argument 1 of 'double fmax(double, double)'\n 1118 |   extern double __cdecl fmax  (double, double);\n      |                                ^~~~~~\nPOPULATIONS//POPULATION_0007//INDIVIDUAL_J1EKUQH4/model.cpp: In instantiation of 'Type objective_function<Type>::operator()() [with Type = CppAD::AD<CppAD::AD<double> >]':\nC:/Users/spi085/AppData/Local/Programs/R/R-4.4.1/library/TMB/include/tmb_core.hpp:913:29:   required from 'Type objective_function<Type>::evalUserTemplate() [with Type = CppAD::AD<CppAD::AD<double> >]'\nC:/Users/spi085/AppData/Local/Programs/R/R-4.4.1/library/TMB/include/tmb_core.hpp:2112:26:   required from here\nPOPULATIONS//POPULATION_0007//INDIVIDUAL_J1EKUQH4/model.cpp:63:26: error: cannot convert 'CppAD::AD<CppAD::AD<double> >' to 'double'\n   63 |       cots_pred(i) = fmax(alpha_cots + conversion_rate * cotsimm_dat(i), Type(1e-8));  // Initial COTS prediction based on immigration forcing\n      |                      ~~~~^~~~~~~~~~~~~~~~~~~~~~~~~~~~~~~~~~~~~~~~~~~~~~~~~~~~~~~~~~~\n      |                          |\n      |                          CppAD::AD<CppAD::AD<double> >\nC:/rtools44/x86_64-w64-mingw32.static.posix/include/math.h:1118:32: note:   initializing argument 1 of 'double fmax(double, double)'\n 1118 |   extern double __cdecl fmax  (double, double);\n      |                                ^~~~~~\nPOPULATIONS//POPULATION_0007//INDIVIDUAL_J1EKUQH4/model.cpp:64:27: error: cannot convert 'CppAD::AD<CppAD::AD<double> >' to 'double'\n   64 |       slow_pred(i) = fmax(alpha_slow, Type(1e-8));                                     // Baseline slow-growing coral cover\n      |                           ^~~~~~~~~~\n      |                           |\n      |                           CppAD::AD<CppAD::AD<double> >\nC:/rtools44/x86_64-w64-mingw32.static.posix/include/math.h:1118:32: note:   initializing argument 1 of 'double fmax(double, double)'\n 1118 |   extern double __cdecl fmax  (double, double);\n      |                                ^~~~~~\nPOPULATIONS//POPULATION_0007//INDIVIDUAL_J1EKUQH4/model.cpp:65:27: error: cannot convert 'CppAD::AD<CppAD::AD<double> >' to 'double'\n   65 |       fast_pred(i) = fmax(alpha_fast, Type(1e-8));                                     // Baseline fast-growing coral cover\n      |                           ^~~~~~~~~~\n      |                           |\n      |                           CppAD::AD<CppAD::AD<double> >\nC:/rtools44/x86_64-w64-mingw32.static.posix/include/math.h:1118:32: note:   initializing argument 1 of 'double fmax(double, double)'\n 1118 |   extern double __cdecl fmax  (double, double);\n      |                                ^~~~~~\nPOPULATIONS//POPULATION_0007//INDIVIDUAL_J1EKUQH4/model.cpp:67:26: error: cannot convert 'CppAD::AD<CppAD::AD<double> >' to 'double'\n   67 |       cots_pred(i) = fmax(cots_pred(i-1) + conversion_rate * cotsimm_dat(i) - mortality_cots * cots_pred(i-1), Type(1e-8));\n      |                      ~~~~^~~~~~~~~~~~~~~~~~~~~~~~~~~~~~~~~~~~~~~~~~~~~~~~~~~~~~~~~~~~~~~~~~~~~~~~~~~~~~~~~~~~~~~~~~~~~~~~~\n      |                          |\n      |                          CppAD::AD<CppAD::AD<double> >\nC:/rtools44/x86_64-w64-mingw32.static.posix/include/math.h:1118:32: note:   initializing argument 1 of 'double fmax(double, double)'\n 1118 |   extern double __cdecl fmax  (double, double);\n      |                                ^~~~~~\nPOPULATIONS//POPULATION_0007//INDIVIDUAL_J1EKUQH4/model.cpp:68:26: error: cannot convert 'CppAD::AD<CppAD::AD<double> >' to 'double'\n   68 |       slow_pred(i) = fmax(slow_pred(i-1) * growth_slow * (1 - consumption_slow * cots_pred(i-1) + Type(1e-8)), Type(1e-8));\n      |                      ~~~~^~~~~~~~~~~~~~~~~~~~~~~~~~~~~~~~~~~~~~~~~~~~~~~~~~~~~~~~~~~~~~~~~~~~~~~~~~~~~~~~~~~~~~~~~~~~~~~~~\n      |                          |\n      |                          CppAD::AD<CppAD::AD<double> >\nC:/rtools44/x86_64-w64-mingw32.static.posix/include/math.h:1118:32: note:   initializing argument 1 of 'double fmax(double, double)'\n 1118 |   extern double __cdecl fmax  (double, double);\n      |                                ^~~~~~\nPOPULATIONS//POPULATION_0007//INDIVIDUAL_J1EKUQH4/model.cpp:69:26: error: cannot convert 'CppAD::AD<CppAD::AD<double> >' to 'double'\n   69 |       fast_pred(i) = fmax(fast_pred(i-1) * growth_fast * (1 - consumption_fast * cots_pred(i-1) + Type(1e-8)), Type(1e-8));\n      |                      ~~~~^~~~~~~~~~~~~~~~~~~~~~~~~~~~~~~~~~~~~~~~~~~~~~~~~~~~~~~~~~~~~~~~~~~~~~~~~~~~~~~~~~~~~~~~~~~~~~~~~\n      |                          |\n      |                          CppAD::AD<CppAD::AD<double> >\nC:/rtools44/x86_64-w64-mingw32.static.posix/include/math.h:1118:32: note:   initializing argument 1 of 'double fmax(double, double)'\n 1118 |   extern double __cdecl fmax  (double, double);\n      |                                ^~~~~~\nPOPULATIONS//POPULATION_0007//INDIVIDUAL_J1EKUQH4/model.cpp: In instantiation of 'Type objective_function<Type>::operator()() [with Type = CppAD::AD<CppAD::AD<CppAD::AD<double> > >]':\nC:/Users/spi085/AppData/Local/Programs/R/R-4.4.1/library/TMB/include/tmb_core.hpp:913:29:   required from 'Type objective_function<Type>::evalUserTemplate() [with Type = CppAD::AD<CppAD::AD<CppAD::AD<double> > >]'\nC:/Users/spi085/AppData/Local/Programs/R/R-4.4.1/library/TMB/include/tmb_core.hpp:2361:28:   required from here\nPOPULATIONS//POPULATION_0007//INDIVIDUAL_J1EKUQH4/model.cpp:63:26: error: cannot convert 'CppAD::AD<CppAD::AD<CppAD::AD<double> > >' to 'double'\n   63 |       cots_pred(i) = fmax(alpha_cots + conversion_rate * cotsimm_dat(i), Type(1e-8));  // Initial COTS prediction based on immigration forcing\n      |                      ~~~~^~~~~~~~~~~~~~~~~~~~~~~~~~~~~~~~~~~~~~~~~~~~~~~~~~~~~~~~~~~\n      |                          |\n      |                          CppAD::AD<CppAD::AD<CppAD::AD<double> > >\nC:/rtools44/x86_64-w64-mingw32.static.posix/include/math.h:1118:32: note:   initializing argument 1 of 'double fmax(double, double)'\n 1118 |   extern double __cdecl fmax  (double, double);\n      |                                ^~~~~~\nPOPULATIONS//POPULATION_0007//INDIVIDUAL_J1EKUQH4/model.cpp:64:27: error: cannot convert 'CppAD::AD<CppAD::AD<CppAD::AD<double> > >' to 'double'\n   64 |       slow_pred(i) = fmax(alpha_slow, Type(1e-8));                                     // Baseline slow-growing coral cover\n      |                           ^~~~~~~~~~\n      |                           |\n      |                           CppAD::AD<CppAD::AD<CppAD::AD<double> > >\nC:/rtools44/x86_64-w64-mingw32.static.posix/include/math.h:1118:32: note:   initializing argument 1 of 'double fmax(double, double)'\n 1118 |   extern double __cdecl fmax  (double, double);\n      |                                ^~~~~~\nPOPULATIONS//POPULATION_0007//INDIVIDUAL_J1EKUQH4/model.cpp:65:27: error: cannot convert 'CppAD::AD<CppAD::AD<CppAD::AD<double> > >' to 'double'\n   65 |       fast_pred(i) = fmax(alpha_fast, Type(1e-8));                                     // Baseline fast-growing coral cover\n      |                           ^~~~~~~~~~\n      |                           |\n      |                           CppAD::AD<CppAD::AD<CppAD::AD<double> > >\nC:/rtools44/x86_64-w64-mingw32.static.posix/include/math.h:1118:32: note:   initializing argument 1 of 'double fmax(double, double)'\n 1118 |   extern double __cdecl fmax  (double, double);\n      |                                ^~~~~~\nPOPULATIONS//POPULATION_0007//INDIVIDUAL_J1EKUQH4/model.cpp:67:26: error: cannot convert 'CppAD::AD<CppAD::AD<CppAD::AD<double> > >' to 'double'\n   67 |       cots_pred(i) = fmax(cots_pred(i-1) + conversion_rate * cotsimm_dat(i) - mortality_cots * cots_pred(i-1), Type(1e-8));\n      |                      ~~~~^~~~~~~~~~~~~~~~~~~~~~~~~~~~~~~~~~~~~~~~~~~~~~~~~~~~~~~~~~~~~~~~~~~~~~~~~~~~~~~~~~~~~~~~~~~~~~~~~\n      |                          |\n      |                          CppAD::AD<CppAD::AD<CppAD::AD<double> > >\nC:/rtools44/x86_64-w64-mingw32.static.posix/include/math.h:1118:32: note:   initializing argument 1 of 'double fmax(double, double)'\n 1118 |   extern double __cdecl fmax  (double, double);\n      |                                ^~~~~~\nPOPULATIONS//POPULATION_0007//INDIVIDUAL_J1EKUQH4/model.cpp:68:26: error: cannot convert 'CppAD::AD<CppAD::AD<CppAD::AD<double> > >' to 'double'\n   68 |       slow_pred(i) = fmax(slow_pred(i-1) * growth_slow * (1 - consumption_slow * cots_pred(i-1) + Type(1e-8)), Type(1e-8));\n      |                      ~~~~^~~~~~~~~~~~~~~~~~~~~~~~~~~~~~~~~~~~~~~~~~~~~~~~~~~~~~~~~~~~~~~~~~~~~~~~~~~~~~~~~~~~~~~~~~~~~~~~~\n      |                          |\n      |                          CppAD::AD<CppAD::AD<CppAD::AD<double> > >\nC:/rtools44/x86_64-w64-mingw32.static.posix/include/math.h:1118:32: note:   initializing argument 1 of 'double fmax(double, double)'\n 1118 |   extern double __cdecl fmax  (double, double);\n      |                                ^~~~~~\nPOPULATIONS//POPULATION_0007//INDIVIDUAL_J1EKUQH4/model.cpp:69:26: error: cannot convert 'CppAD::AD<CppAD::AD<CppAD::AD<double> > >' to 'double'\n   69 |       fast_pred(i) = fmax(fast_pred(i-1) * growth_fast * (1 - consumption_fast * cots_pred(i-1) + Type(1e-8)), Type(1e-8));\n      |                      ~~~~^~~~~~~~~~~~~~~~~~~~~~~~~~~~~~~~~~~~~~~~~~~~~~~~~~~~~~~~~~~~~~~~~~~~~~~~~~~~~~~~~~~~~~~~~~~~~~~~~\n      |                          |\n      |                          CppAD::AD<CppAD::AD<CppAD::AD<double> > >\nC:/rtools44/x86_64-w64-mingw32.static.posix/include/math.h:1118:32: note:   initializing argument 1 of 'double fmax(double, double)'\n 1118 |   extern double __cdecl fmax  (double, double);\n      |                                ^~~~~~\nmake: *** [C:/Users/spi085/AppData/Local/Programs/R/R-4.4.1/etc/x64/Makeconf:296: POPULATIONS//POPULATION_0007//INDIVIDUAL_J1EKUQH4/model.o] Error 1\nError in TMB::compile(file.path(individual_dir, model_file), flags = flags,  : \n  Compilation failed\nError: Compilation failed\nExecution halted"
    },
    "6": {
      "status": "ERROR",
      "message": "R script failed with return code 3221225477",
      "stdout": "g++ -std=gnu++17  -I\"C:/Users/spi085/AppData/Local/Programs/R/R-4.4.1/include\" -DNDEBUG -I\"C:/Users/spi085/AppData/Local/Programs/R/R-44~1.1/library/TMB/include\" -I\"C:/Users/spi085/AppData/Local/Programs/R/R-44~1.1/library/RCPPEI~1/include\"   -DTMB_EIGEN_DISABLE_WARNINGS   -DTMB_LIB_INIT=R_init_model  -DCPPAD_FRAMEWORK    -I\"C:/rtools44/x86_64-w64-mingw32.static.posix/include\"     -O2 -Wa,-mbig-obj -c POPULATIONS//POPULATION_0007//INDIVIDUAL_J1EKUQH4/model.cpp -o POPULATIONS//POPULATION_0007//INDIVIDUAL_J1EKUQH4/model.o\ng++ -std=gnu++17 -shared -s -static-libgcc -o POPULATIONS//POPULATION_0007//INDIVIDUAL_J1EKUQH4/model.dll tmp.def POPULATIONS//POPULATION_0007//INDIVIDUAL_J1EKUQH4/model.o -LC:/rtools44/x86_64-w64-mingw32.static.posix/lib/x64 -LC:/rtools44/x86_64-w64-mingw32.static.posix/lib -LC:/Users/spi085/AppData/Local/Programs/R/R-4.4.1/bin/x64 -lR\nStarting model phases\nNumber of phases: 5 \nPhase 1 \nInitial parameter values for phase 1 :\n      alpha_cots  conversion_rate consumption_slow consumption_fast \n        0.500000         0.010000         0.100000         0.150000 \n  mortality_cots       alpha_slow      growth_slow       alpha_fast \n        0.050000        10.000000         0.050000        15.000000 \n     growth_fast         handling   log_sigma_cots  log_sigma_coral \n        0.070000         0.010000        -2.302585        -2.302585 \nFinal parameter values for phase 1 :\n      alpha_cots  conversion_rate consumption_slow consumption_fast \n        0.500000         0.010000         0.100000         0.150000 \n  mortality_cots       alpha_slow      growth_slow       alpha_fast \n        0.050000        10.000000         0.050000        15.000000 \n     growth_fast         handling   log_sigma_cots  log_sigma_coral \n        0.070000         0.010000        -2.302585        -2.302585 \nConvergence message: both X-convergence and relative convergence (5) \nNumber of iterations: 1 \nObjective function value: 0 \nGradient at solution for phase 1 :\n     [,1] [,2] [,3] [,4] [,5] [,6] [,7] [,8] [,9] [,10] [,11] [,12]\n[1,]    0    0    0    0    0    0    0    0    0     0     0     0\nPhase 2",
      "stderr": "Loading required package: TMB\nLoading required package: jsonlite\nhere() starts at C:/Users/spi085/OneDrive - CSIRO/Documents/_Projects/SCCP-QuantModelling\nusing C++ compiler: 'G__~1.EXE (GCC) 13.2.0'"
    },
    "7": {
      "status": "BROKEN"
    }
  }
}