{
  "iterations": {
    "1": {
      "status": "ERROR",
      "message": "R script failed with return code 1",
      "stdout": "g++ -std=gnu++17 -I\"/usr/share/R/include\" -DNDEBUG -I\"/home/spi085/R/x86_64-pc-linux-gnu-library/4.4/TMB/include\" -I\"/home/spi085/R/x86_64-pc-linux-gnu-library/4.4/RcppEigen/include\"   -DTMB_EIGEN_DISABLE_WARNINGS   -DTMB_LIB_INIT=R_init_model  -DCPPAD_FRAMEWORK      -fpic  -O2  -c POPULATIONS/POPULATION_0001/INDIVIDUAL_TG6FV93J/model.cpp -o POPULATIONS/POPULATION_0001/INDIVIDUAL_TG6FV93J/model.o\ng++ -std=gnu++17 -shared -L/usr/lib/R/lib -Wl,-Bsymbolic-functions -flto=auto -ffat-lto-objects -Wl,-z,relro -o POPULATIONS/POPULATION_0001/INDIVIDUAL_TG6FV93J/model.so POPULATIONS/POPULATION_0001/INDIVIDUAL_TG6FV93J/model.o -L/usr/lib/R/lib -lR\nStarting model phases\nNumber of phases: 2 \nPhase 1 \nInitial parameter values for phase 1 :\n  p0_initial   log_lambda    p1_growth     p3_decay      p4_effc p5_threshold \n          NA           NA           NA         1.25           NA           NA \n  sigma_cots \n          NA \nError in model phases: NA/NaN gradient evaluation",
      "stderr": "Loading required package: TMB\nLoading required package: jsonlite\nhere() starts at /home/spi085/Documents/_Projects/SCCP-QuantModelling\nusing C++ compiler: \u2018g++ (Ubuntu 13.3.0-6ubuntu2~24.04) 13.3.0\u2019\nError in value[[3L]](cond) : \n  Error in model phases: NA/NaN gradient evaluation\nCalls: tryCatch -> tryCatchList -> tryCatchOne -> <Anonymous>\nIn addition: Warning message:\nIn nlminb(model$par, model$fn, model$gr) : NA/NaN function evaluation\nExecution halted"
    },
    "2": {
      "status": "ERROR",
      "message": "R script failed with return code 1",
      "stdout": "g++ -std=gnu++17 -I\"/usr/share/R/include\" -DNDEBUG -I\"/home/spi085/R/x86_64-pc-linux-gnu-library/4.4/TMB/include\" -I\"/home/spi085/R/x86_64-pc-linux-gnu-library/4.4/RcppEigen/include\"   -DTMB_EIGEN_DISABLE_WARNINGS   -DTMB_LIB_INIT=R_init_model  -DCPPAD_FRAMEWORK      -fpic  -O2  -c POPULATIONS/POPULATION_0001/INDIVIDUAL_TG6FV93J/model.cpp -o POPULATIONS/POPULATION_0001/INDIVIDUAL_TG6FV93J/model.o\ng++ -std=gnu++17 -shared -L/usr/lib/R/lib -Wl,-Bsymbolic-functions -flto=auto -ffat-lto-objects -Wl,-z,relro -o POPULATIONS/POPULATION_0001/INDIVIDUAL_TG6FV93J/model.so POPULATIONS/POPULATION_0001/INDIVIDUAL_TG6FV93J/model.o -L/usr/lib/R/lib -lR\nStarting model phases\nNumber of phases: 2 \nPhase 1 \nInitial parameter values for phase 1 :\n  p0_initial   log_lambda    p1_growth     p3_decay      p4_effc p5_threshold \n          NA           NA           NA         1.25           NA           NA \n  sigma_cots \n          NA \nError in model phases: NA/NaN gradient evaluation",
      "stderr": "Loading required package: TMB\nLoading required package: jsonlite\nhere() starts at /home/spi085/Documents/_Projects/SCCP-QuantModelling\nusing C++ compiler: \u2018g++ (Ubuntu 13.3.0-6ubuntu2~24.04) 13.3.0\u2019\nError in value[[3L]](cond) : \n  Error in model phases: NA/NaN gradient evaluation\nCalls: tryCatch -> tryCatchList -> tryCatchOne -> <Anonymous>\nIn addition: Warning message:\nIn nlminb(model$par, model$fn, model$gr) : NA/NaN function evaluation\nExecution halted"
    },
    "3": {
      "status": "ERROR",
      "message": "R script failed with return code 1",
      "stdout": "g++ -std=gnu++17 -I\"/usr/share/R/include\" -DNDEBUG -I\"/home/spi085/R/x86_64-pc-linux-gnu-library/4.4/TMB/include\" -I\"/home/spi085/R/x86_64-pc-linux-gnu-library/4.4/RcppEigen/include\"   -DTMB_EIGEN_DISABLE_WARNINGS   -DTMB_LIB_INIT=R_init_model  -DCPPAD_FRAMEWORK      -fpic  -O2  -c POPULATIONS/POPULATION_0001/INDIVIDUAL_TG6FV93J/model.cpp -o POPULATIONS/POPULATION_0001/INDIVIDUAL_TG6FV93J/model.o\ng++ -std=gnu++17 -shared -L/usr/lib/R/lib -Wl,-Bsymbolic-functions -flto=auto -ffat-lto-objects -Wl,-z,relro -o POPULATIONS/POPULATION_0001/INDIVIDUAL_TG6FV93J/model.so POPULATIONS/POPULATION_0001/INDIVIDUAL_TG6FV93J/model.o -L/usr/lib/R/lib -lR\nStarting model phases\nNumber of phases: 2 \nPhase 1 \nInitial parameter values for phase 1 :\n  p0_initial   log_lambda    p1_growth     p3_decay      p4_effc p5_threshold \n          NA           NA           NA         1.25           NA           NA \n  sigma_cots \n          NA \nError in model phases: NA/NaN gradient evaluation",
      "stderr": "Loading required package: TMB\nLoading required package: jsonlite\nhere() starts at /home/spi085/Documents/_Projects/SCCP-QuantModelling\nusing C++ compiler: \u2018g++ (Ubuntu 13.3.0-6ubuntu2~24.04) 13.3.0\u2019\nError in value[[3L]](cond) : \n  Error in model phases: NA/NaN gradient evaluation\nCalls: tryCatch -> tryCatchList -> tryCatchOne -> <Anonymous>\nIn addition: Warning message:\nIn nlminb(model$par, model$fn, model$gr) : NA/NaN function evaluation\nExecution halted"
    },
    "4": {
      "status": "ERROR",
      "message": "R script failed with return code 1",
      "stdout": "g++ -std=gnu++17 -I\"/usr/share/R/include\" -DNDEBUG -I\"/home/spi085/R/x86_64-pc-linux-gnu-library/4.4/TMB/include\" -I\"/home/spi085/R/x86_64-pc-linux-gnu-library/4.4/RcppEigen/include\"   -DTMB_EIGEN_DISABLE_WARNINGS   -DTMB_LIB_INIT=R_init_model  -DCPPAD_FRAMEWORK      -fpic  -O2  -c POPULATIONS/POPULATION_0001/INDIVIDUAL_TG6FV93J/model.cpp -o POPULATIONS/POPULATION_0001/INDIVIDUAL_TG6FV93J/model.o\ng++ -std=gnu++17 -shared -L/usr/lib/R/lib -Wl,-Bsymbolic-functions -flto=auto -ffat-lto-objects -Wl,-z,relro -o POPULATIONS/POPULATION_0001/INDIVIDUAL_TG6FV93J/model.so POPULATIONS/POPULATION_0001/INDIVIDUAL_TG6FV93J/model.o -L/usr/lib/R/lib -lR\nStarting model phases\nNumber of phases: 2 \nPhase 1 \nInitial parameter values for phase 1 :\n  p0_initial   log_lambda    p1_growth     p3_decay      p4_effc p5_threshold \n          NA           NA           NA         1.25           NA           NA \n  sigma_cots \n          NA \nError in model phases: NA/NaN gradient evaluation",
      "stderr": "Loading required package: TMB\nLoading required package: jsonlite\nhere() starts at /home/spi085/Documents/_Projects/SCCP-QuantModelling\nusing C++ compiler: \u2018g++ (Ubuntu 13.3.0-6ubuntu2~24.04) 13.3.0\u2019\nError in value[[3L]](cond) : \n  Error in model phases: NA/NaN gradient evaluation\nCalls: tryCatch -> tryCatchList -> tryCatchOne -> <Anonymous>\nIn addition: Warning message:\nIn nlminb(model$par, model$fn, model$gr) : NA/NaN function evaluation\nExecution halted"
    },
    "5": {
      "status": "ERROR",
      "message": "Model failed to compile.",
      "stdout": "g++ -std=gnu++17 -I\"/usr/share/R/include\" -DNDEBUG -I\"/home/spi085/R/x86_64-pc-linux-gnu-library/4.4/TMB/include\" -I\"/home/spi085/R/x86_64-pc-linux-gnu-library/4.4/RcppEigen/include\"   -DTMB_EIGEN_DISABLE_WARNINGS   -DTMB_LIB_INIT=R_init_model  -DCPPAD_FRAMEWORK      -fpic  -O2  -c POPULATIONS/POPULATION_0001/INDIVIDUAL_TG6FV93J/model.cpp -o POPULATIONS/POPULATION_0001/INDIVIDUAL_TG6FV93J/model.o",
      "stderr": "Loading required package: TMB\nLoading required package: jsonlite\nhere() starts at /home/spi085/Documents/_Projects/SCCP-QuantModelling\nusing C++ compiler: \u2018g++ (Ubuntu 13.3.0-6ubuntu2~24.04) 13.3.0\u2019\nPOPULATIONS/POPULATION_0001/INDIVIDUAL_TG6FV93J/model.cpp: In instantiation of \u2018Type objective_function<Type>::operator()() [with Type = CppAD::AD<double>]\u2019:\n/home/spi085/R/x86_64-pc-linux-gnu-library/4.4/TMB/include/tmb_core.hpp:1312:6:   required from here\nPOPULATIONS/POPULATION_0001/INDIVIDUAL_TG6FV93J/model.cpp:30:13: error: cannot convert \u2018CppAD::AD<double>\u2019 to \u2018double\u2019\n   30 |   if(R_IsNA(p0_initial))      p0_initial      = Type(10.0);\n      |             ^~~~~~~~~~\n      |             |\n      |             CppAD::AD<double>\nIn file included from /usr/share/R/include/R.h:69,\n                 from /home/spi085/R/x86_64-pc-linux-gnu-library/4.4/TMB/include/TMB.hpp:182,\n                 from POPULATIONS/POPULATION_0001/INDIVIDUAL_TG6FV93J/model.cpp:1:\n/usr/share/R/include/R_ext/Arith.h:61:12: note:   initializing argument 1 of \u2018int R_IsNA(double)\u2019\n   61 | int R_IsNA(double);             /* True for R's NA only */\n      |            ^~~~~~\nPOPULATIONS/POPULATION_0001/INDIVIDUAL_TG6FV93J/model.cpp:31:13: error: cannot convert \u2018CppAD::AD<double>\u2019 to \u2018double\u2019\n   31 |   if(R_IsNA(log_lambda))      log_lambda      = Type(0.0);\n      |             ^~~~~~~~~~\n      |             |\n      |             CppAD::AD<double>\n/usr/share/R/include/R_ext/Arith.h:61:12: note:   initializing argument 1 of \u2018int R_IsNA(double)\u2019\n   61 | int R_IsNA(double);             /* True for R's NA only */\n      |            ^~~~~~\nPOPULATIONS/POPULATION_0001/INDIVIDUAL_TG6FV93J/model.cpp:32:13: error: cannot convert \u2018CppAD::AD<double>\u2019 to \u2018double\u2019\n   32 |   if(R_IsNA(p1_growth))       p1_growth       = Type(0.1);\n      |             ^~~~~~~~~\n      |             |\n      |             CppAD::AD<double>\n/usr/share/R/include/R_ext/Arith.h:61:12: note:   initializing argument 1 of \u2018int R_IsNA(double)\u2019\n   61 | int R_IsNA(double);             /* True for R's NA only */\n      |            ^~~~~~\nPOPULATIONS/POPULATION_0001/INDIVIDUAL_TG6FV93J/model.cpp:33:13: error: cannot convert \u2018CppAD::AD<double>\u2019 to \u2018double\u2019\n   33 |   if(R_IsNA(p3_decay))        p3_decay        = Type(0.05);\n      |             ^~~~~~~~\n      |             |\n      |             CppAD::AD<double>\n/usr/share/R/include/R_ext/Arith.h:61:12: note:   initializing argument 1 of \u2018int R_IsNA(double)\u2019\n   61 | int R_IsNA(double);             /* True for R's NA only */\n      |            ^~~~~~\nPOPULATIONS/POPULATION_0001/INDIVIDUAL_TG6FV93J/model.cpp:34:13: error: cannot convert \u2018CppAD::AD<double>\u2019 to \u2018double\u2019\n   34 |   if(R_IsNA(p4_effc))         p4_effc         = Type(0.001);\n      |             ^~~~~~~\n      |             |\n      |             CppAD::AD<double>\n/usr/share/R/include/R_ext/Arith.h:61:12: note:   initializing argument 1 of \u2018int R_IsNA(double)\u2019\n   61 | int R_IsNA(double);             /* True for R's NA only */\n      |            ^~~~~~\nPOPULATIONS/POPULATION_0001/INDIVIDUAL_TG6FV93J/model.cpp:35:13: error: cannot convert \u2018CppAD::AD<double>\u2019 to \u2018double\u2019\n   35 |   if(R_IsNA(p5_threshold))    p5_threshold    = Type(50.0);\n      |             ^~~~~~~~~~~~\n      |             |\n      |             CppAD::AD<double>\n/usr/share/R/include/R_ext/Arith.h:61:12: note:   initializing argument 1 of \u2018int R_IsNA(double)\u2019\n   61 | int R_IsNA(double);             /* True for R's NA only */\n      |            ^~~~~~\nPOPULATIONS/POPULATION_0001/INDIVIDUAL_TG6FV93J/model.cpp:36:13: error: cannot convert \u2018CppAD::AD<double>\u2019 to \u2018double\u2019\n   36 |   if(R_IsNA(p7_fast_recovery))p7_fast_recovery= Type(0.5);\n      |             ^~~~~~~~~~~~~~~~\n      |             |\n      |             CppAD::AD<double>\n/usr/share/R/include/R_ext/Arith.h:61:12: note:   initializing argument 1 of \u2018int R_IsNA(double)\u2019\n   61 | int R_IsNA(double);             /* True for R's NA only */\n      |            ^~~~~~\nPOPULATIONS/POPULATION_0001/INDIVIDUAL_TG6FV93J/model.cpp:37:13: error: cannot convert \u2018CppAD::AD<double>\u2019 to \u2018double\u2019\n   37 |   if(R_IsNA(p8_slow_recovery))p8_slow_recovery= Type(0.3);\n      |             ^~~~~~~~~~~~~~~~\n      |             |\n      |             CppAD::AD<double>\n/usr/share/R/include/R_ext/Arith.h:61:12: note:   initializing argument 1 of \u2018int R_IsNA(double)\u2019\n   61 | int R_IsNA(double);             /* True for R's NA only */\n      |            ^~~~~~\nPOPULATIONS/POPULATION_0001/INDIVIDUAL_TG6FV93J/model.cpp:38:13: error: cannot convert \u2018CppAD::AD<double>\u2019 to \u2018double\u2019\n   38 |   if(R_IsNA(sigma_cots))      sigma_cots      = Type(0.1);\n      |             ^~~~~~~~~~\n      |             |\n      |             CppAD::AD<double>\n/usr/share/R/include/R_ext/Arith.h:61:12: note:   initializing argument 1 of \u2018int R_IsNA(double)\u2019\n   61 | int R_IsNA(double);             /* True for R's NA only */\n      |            ^~~~~~\nPOPULATIONS/POPULATION_0001/INDIVIDUAL_TG6FV93J/model.cpp:39:13: error: cannot convert \u2018CppAD::AD<double>\u2019 to \u2018double\u2019\n   39 |   if(R_IsNA(sigma_fast))      sigma_fast      = Type(0.1);\n      |             ^~~~~~~~~~\n      |             |\n      |             CppAD::AD<double>\n/usr/share/R/include/R_ext/Arith.h:61:12: note:   initializing argument 1 of \u2018int R_IsNA(double)\u2019\n   61 | int R_IsNA(double);             /* True for R's NA only */\n      |            ^~~~~~\nPOPULATIONS/POPULATION_0001/INDIVIDUAL_TG6FV93J/model.cpp:40:13: error: cannot convert \u2018CppAD::AD<double>\u2019 to \u2018double\u2019\n   40 |   if(R_IsNA(sigma_slow))      sigma_slow      = Type(0.1);\n      |             ^~~~~~~~~~\n      |             |\n      |             CppAD::AD<double>\n/usr/share/R/include/R_ext/Arith.h:61:12: note:   initializing argument 1 of \u2018int R_IsNA(double)\u2019\n   61 | int R_IsNA(double);             /* True for R's NA only */\n      |            ^~~~~~\nPOPULATIONS/POPULATION_0001/INDIVIDUAL_TG6FV93J/model.cpp:41:13: error: cannot convert \u2018CppAD::AD<double>\u2019 to \u2018double\u2019\n   41 |   if(R_IsNA(k_fast))          k_fast          = Type(0.01);\n      |             ^~~~~~\n      |             |\n      |             CppAD::AD<double>\n/usr/share/R/include/R_ext/Arith.h:61:12: note:   initializing argument 1 of \u2018int R_IsNA(double)\u2019\n   61 | int R_IsNA(double);             /* True for R's NA only */\n      |            ^~~~~~\nPOPULATIONS/POPULATION_0001/INDIVIDUAL_TG6FV93J/model.cpp:42:13: error: cannot convert \u2018CppAD::AD<double>\u2019 to \u2018double\u2019\n   42 |   if(R_IsNA(k_slow))          k_slow          = Type(0.01);\n      |             ^~~~~~\n      |             |\n      |             CppAD::AD<double>\n/usr/share/R/include/R_ext/Arith.h:61:12: note:   initializing argument 1 of \u2018int R_IsNA(double)\u2019\n   61 | int R_IsNA(double);             /* True for R's NA only */\n      |            ^~~~~~\nPOPULATIONS/POPULATION_0001/INDIVIDUAL_TG6FV93J/model.cpp: In instantiation of \u2018Type objective_function<Type>::operator()() [with Type = CppAD::AD<CppAD::AD<double> >]\u2019:\n/home/spi085/R/x86_64-pc-linux-gnu-library/4.4/TMB/include/tmb_core.hpp:917:29:   required from \u2018Type objective_function<Type>::evalUserTemplate() [with Type = CppAD::AD<CppAD::AD<double> >]\u2019\n/home/spi085/R/x86_64-pc-linux-gnu-library/4.4/TMB/include/tmb_core.hpp:2116:26:   required from here\nPOPULATIONS/POPULATION_0001/INDIVIDUAL_TG6FV93J/model.cpp:30:13: error: cannot convert \u2018CppAD::AD<CppAD::AD<double> >\u2019 to \u2018double\u2019\n   30 |   if(R_IsNA(p0_initial))      p0_initial      = Type(10.0);\n      |             ^~~~~~~~~~\n      |             |\n      |             CppAD::AD<CppAD::AD<double> >\n/usr/share/R/include/R_ext/Arith.h:61:12: note:   initializing argument 1 of \u2018int R_IsNA(double)\u2019\n   61 | int R_IsNA(double);             /* True for R's NA only */\n      |            ^~~~~~\nPOPULATIONS/POPULATION_0001/INDIVIDUAL_TG6FV93J/model.cpp:31:13: error: cannot convert \u2018CppAD::AD<CppAD::AD<double> >\u2019 to \u2018double\u2019\n   31 |   if(R_IsNA(log_lambda))      log_lambda      = Type(0.0);\n      |             ^~~~~~~~~~\n      |             |\n      |             CppAD::AD<CppAD::AD<double> >\n/usr/share/R/include/R_ext/Arith.h:61:12: note:   initializing argument 1 of \u2018int R_IsNA(double)\u2019\n   61 | int R_IsNA(double);             /* True for R's NA only */\n      |            ^~~~~~\nPOPULATIONS/POPULATION_0001/INDIVIDUAL_TG6FV93J/model.cpp:32:13: error: cannot convert \u2018CppAD::AD<CppAD::AD<double> >\u2019 to \u2018double\u2019\n   32 |   if(R_IsNA(p1_growth))       p1_growth       = Type(0.1);\n      |             ^~~~~~~~~\n      |             |\n      |             CppAD::AD<CppAD::AD<double> >\n/usr/share/R/include/R_ext/Arith.h:61:12: note:   initializing argument 1 of \u2018int R_IsNA(double)\u2019\n   61 | int R_IsNA(double);             /* True for R's NA only */\n      |            ^~~~~~\nPOPULATIONS/POPULATION_0001/INDIVIDUAL_TG6FV93J/model.cpp:33:13: error: cannot convert \u2018CppAD::AD<CppAD::AD<double> >\u2019 to \u2018double\u2019\n   33 |   if(R_IsNA(p3_decay))        p3_decay        = Type(0.05);\n      |             ^~~~~~~~\n      |             |\n      |             CppAD::AD<CppAD::AD<double> >\n/usr/share/R/include/R_ext/Arith.h:61:12: note:   initializing argument 1 of \u2018int R_IsNA(double)\u2019\n   61 | int R_IsNA(double);             /* True for R's NA only */\n      |            ^~~~~~\nPOPULATIONS/POPULATION_0001/INDIVIDUAL_TG6FV93J/model.cpp:34:13: error: cannot convert \u2018CppAD::AD<CppAD::AD<double> >\u2019 to \u2018double\u2019\n   34 |   if(R_IsNA(p4_effc))         p4_effc         = Type(0.001);\n      |             ^~~~~~~\n      |             |\n      |             CppAD::AD<CppAD::AD<double> >\n/usr/share/R/include/R_ext/Arith.h:61:12: note:   initializing argument 1 of \u2018int R_IsNA(double)\u2019\n   61 | int R_IsNA(double);             /* True for R's NA only */\n      |            ^~~~~~\nPOPULATIONS/POPULATION_0001/INDIVIDUAL_TG6FV93J/model.cpp:35:13: error: cannot convert \u2018CppAD::AD<CppAD::AD<double> >\u2019 to \u2018double\u2019\n   35 |   if(R_IsNA(p5_threshold))    p5_threshold    = Type(50.0);\n      |             ^~~~~~~~~~~~\n      |             |\n      |             CppAD::AD<CppAD::AD<double> >\n/usr/share/R/include/R_ext/Arith.h:61:12: note:   initializing argument 1 of \u2018int R_IsNA(double)\u2019\n   61 | int R_IsNA(double);             /* True for R's NA only */\n      |            ^~~~~~\nPOPULATIONS/POPULATION_0001/INDIVIDUAL_TG6FV93J/model.cpp:36:13: error: cannot convert \u2018CppAD::AD<CppAD::AD<double> >\u2019 to \u2018double\u2019\n   36 |   if(R_IsNA(p7_fast_recovery))p7_fast_recovery= Type(0.5);\n      |             ^~~~~~~~~~~~~~~~\n      |             |\n      |             CppAD::AD<CppAD::AD<double> >\n/usr/share/R/include/R_ext/Arith.h:61:12: note:   initializing argument 1 of \u2018int R_IsNA(double)\u2019\n   61 | int R_IsNA(double);             /* True for R's NA only */\n      |            ^~~~~~\nPOPULATIONS/POPULATION_0001/INDIVIDUAL_TG6FV93J/model.cpp:37:13: error: cannot convert \u2018CppAD::AD<CppAD::AD<double> >\u2019 to \u2018double\u2019\n   37 |   if(R_IsNA(p8_slow_recovery))p8_slow_recovery= Type(0.3);\n      |             ^~~~~~~~~~~~~~~~\n      |             |\n      |             CppAD::AD<CppAD::AD<double> >\n/usr/share/R/include/R_ext/Arith.h:61:12: note:   initializing argument 1 of \u2018int R_IsNA(double)\u2019\n   61 | int R_IsNA(double);             /* True for R's NA only */\n      |            ^~~~~~\nPOPULATIONS/POPULATION_0001/INDIVIDUAL_TG6FV93J/model.cpp:38:13: error: cannot convert \u2018CppAD::AD<CppAD::AD<double> >\u2019 to \u2018double\u2019\n   38 |   if(R_IsNA(sigma_cots))      sigma_cots      = Type(0.1);\n      |             ^~~~~~~~~~\n      |             |\n      |             CppAD::AD<CppAD::AD<double> >\n/usr/share/R/include/R_ext/Arith.h:61:12: note:   initializing argument 1 of \u2018int R_IsNA(double)\u2019\n   61 | int R_IsNA(double);             /* True for R's NA only */\n      |            ^~~~~~\nPOPULATIONS/POPULATION_0001/INDIVIDUAL_TG6FV93J/model.cpp:39:13: error: cannot convert \u2018CppAD::AD<CppAD::AD<double> >\u2019 to \u2018double\u2019\n   39 |   if(R_IsNA(sigma_fast))      sigma_fast      = Type(0.1);\n      |             ^~~~~~~~~~\n      |             |\n      |             CppAD::AD<CppAD::AD<double> >\n/usr/share/R/include/R_ext/Arith.h:61:12: note:   initializing argument 1 of \u2018int R_IsNA(double)\u2019\n   61 | int R_IsNA(double);             /* True for R's NA only */\n      |            ^~~~~~\nPOPULATIONS/POPULATION_0001/INDIVIDUAL_TG6FV93J/model.cpp:40:13: error: cannot convert \u2018CppAD::AD<CppAD::AD<double> >\u2019 to \u2018double\u2019\n   40 |   if(R_IsNA(sigma_slow))      sigma_slow      = Type(0.1);\n      |             ^~~~~~~~~~\n      |             |\n      |             CppAD::AD<CppAD::AD<double> >\n/usr/share/R/include/R_ext/Arith.h:61:12: note:   initializing argument 1 of \u2018int R_IsNA(double)\u2019\n   61 | int R_IsNA(double);             /* True for R's NA only */\n      |            ^~~~~~\nPOPULATIONS/POPULATION_0001/INDIVIDUAL_TG6FV93J/model.cpp:41:13: error: cannot convert \u2018CppAD::AD<CppAD::AD<double> >\u2019 to \u2018double\u2019\n   41 |   if(R_IsNA(k_fast))          k_fast          = Type(0.01);\n      |             ^~~~~~\n      |             |\n      |             CppAD::AD<CppAD::AD<double> >\n/usr/share/R/include/R_ext/Arith.h:61:12: note:   initializing argument 1 of \u2018int R_IsNA(double)\u2019\n   61 | int R_IsNA(double);             /* True for R's NA only */\n      |            ^~~~~~\nPOPULATIONS/POPULATION_0001/INDIVIDUAL_TG6FV93J/model.cpp:42:13: error: cannot convert \u2018CppAD::AD<CppAD::AD<double> >\u2019 to \u2018double\u2019\n   42 |   if(R_IsNA(k_slow))          k_slow          = Type(0.01);\n      |             ^~~~~~\n      |             |\n      |             CppAD::AD<CppAD::AD<double> >\n/usr/share/R/include/R_ext/Arith.h:61:12: note:   initializing argument 1 of \u2018int R_IsNA(double)\u2019\n   61 | int R_IsNA(double);             /* True for R's NA only */\n      |            ^~~~~~\nPOPULATIONS/POPULATION_0001/INDIVIDUAL_TG6FV93J/model.cpp: In instantiation of \u2018Type objective_function<Type>::operator()() [with Type = CppAD::AD<CppAD::AD<CppAD::AD<double> > >]\u2019:\n/home/spi085/R/x86_64-pc-linux-gnu-library/4.4/TMB/include/tmb_core.hpp:917:29:   required from \u2018Type objective_function<Type>::evalUserTemplate() [with Type = CppAD::AD<CppAD::AD<CppAD::AD<double> > >]\u2019\n/home/spi085/R/x86_64-pc-linux-gnu-library/4.4/TMB/include/tmb_core.hpp:2365:28:   required from here\nPOPULATIONS/POPULATION_0001/INDIVIDUAL_TG6FV93J/model.cpp:30:13: error: cannot convert \u2018CppAD::AD<CppAD::AD<CppAD::AD<double> > >\u2019 to \u2018double\u2019\n   30 |   if(R_IsNA(p0_initial))      p0_initial      = Type(10.0);\n      |             ^~~~~~~~~~\n      |             |\n      |             CppAD::AD<CppAD::AD<CppAD::AD<double> > >\n/usr/share/R/include/R_ext/Arith.h:61:12: note:   initializing argument 1 of \u2018int R_IsNA(double)\u2019\n   61 | int R_IsNA(double);             /* True for R's NA only */\n      |            ^~~~~~\nPOPULATIONS/POPULATION_0001/INDIVIDUAL_TG6FV93J/model.cpp:31:13: error: cannot convert \u2018CppAD::AD<CppAD::AD<CppAD::AD<double> > >\u2019 to \u2018double\u2019\n   31 |   if(R_IsNA(log_lambda))      log_lambda      = Type(0.0);\n      |             ^~~~~~~~~~\n      |             |\n      |             CppAD::AD<CppAD::AD<CppAD::AD<double> > >\n/usr/share/R/include/R_ext/Arith.h:61:12: note:   initializing argument 1 of \u2018int R_IsNA(double)\u2019\n   61 | int R_IsNA(double);             /* True for R's NA only */\n      |            ^~~~~~\nPOPULATIONS/POPULATION_0001/INDIVIDUAL_TG6FV93J/model.cpp:32:13: error: cannot convert \u2018CppAD::AD<CppAD::AD<CppAD::AD<double> > >\u2019 to \u2018double\u2019\n   32 |   if(R_IsNA(p1_growth))       p1_growth       = Type(0.1);\n      |             ^~~~~~~~~\n      |             |\n      |             CppAD::AD<CppAD::AD<CppAD::AD<double> > >\n/usr/share/R/include/R_ext/Arith.h:61:12: note:   initializing argument 1 of \u2018int R_IsNA(double)\u2019\n   61 | int R_IsNA(double);             /* True for R's NA only */\n      |            ^~~~~~\nPOPULATIONS/POPULATION_0001/INDIVIDUAL_TG6FV93J/model.cpp:33:13: error: cannot convert \u2018CppAD::AD<CppAD::AD<CppAD::AD<double> > >\u2019 to \u2018double\u2019\n   33 |   if(R_IsNA(p3_decay))        p3_decay        = Type(0.05);\n      |             ^~~~~~~~\n      |             |\n      |             CppAD::AD<CppAD::AD<CppAD::AD<double> > >\n/usr/share/R/include/R_ext/Arith.h:61:12: note:   initializing argument 1 of \u2018int R_IsNA(double)\u2019\n   61 | int R_IsNA(double);             /* True for R's NA only */\n      |            ^~~~~~\nPOPULATIONS/POPULATION_0001/INDIVIDUAL_TG6FV93J/model.cpp:34:13: error: cannot convert \u2018CppAD::AD<CppAD::AD<CppAD::AD<double> > >\u2019 to \u2018double\u2019\n   34 |   if(R_IsNA(p4_effc))         p4_effc         = Type(0.001);\n      |             ^~~~~~~\n      |             |\n      |             CppAD::AD<CppAD::AD<CppAD::AD<double> > >\n/usr/share/R/include/R_ext/Arith.h:61:12: note:   initializing argument 1 of \u2018int R_IsNA(double)\u2019\n   61 | int R_IsNA(double);             /* True for R's NA only */\n      |            ^~~~~~\nPOPULATIONS/POPULATION_0001/INDIVIDUAL_TG6FV93J/model.cpp:35:13: error: cannot convert \u2018CppAD::AD<CppAD::AD<CppAD::AD<double> > >\u2019 to \u2018double\u2019\n   35 |   if(R_IsNA(p5_threshold))    p5_threshold    = Type(50.0);\n      |             ^~~~~~~~~~~~\n      |             |\n      |             CppAD::AD<CppAD::AD<CppAD::AD<double> > >\n/usr/share/R/include/R_ext/Arith.h:61:12: note:   initializing argument 1 of \u2018int R_IsNA(double)\u2019\n   61 | int R_IsNA(double);             /* True for R's NA only */\n      |            ^~~~~~\nPOPULATIONS/POPULATION_0001/INDIVIDUAL_TG6FV93J/model.cpp:36:13: error: cannot convert \u2018CppAD::AD<CppAD::AD<CppAD::AD<double> > >\u2019 to \u2018double\u2019\n   36 |   if(R_IsNA(p7_fast_recovery))p7_fast_recovery= Type(0.5);\n      |             ^~~~~~~~~~~~~~~~\n      |             |\n      |             CppAD::AD<CppAD::AD<CppAD::AD<double> > >\n/usr/share/R/include/R_ext/Arith.h:61:12: note:   initializing argument 1 of \u2018int R_IsNA(double)\u2019\n   61 | int R_IsNA(double);             /* True for R's NA only */\n      |            ^~~~~~\nPOPULATIONS/POPULATION_0001/INDIVIDUAL_TG6FV93J/model.cpp:37:13: error: cannot convert \u2018CppAD::AD<CppAD::AD<CppAD::AD<double> > >\u2019 to \u2018double\u2019\n   37 |   if(R_IsNA(p8_slow_recovery))p8_slow_recovery= Type(0.3);\n      |             ^~~~~~~~~~~~~~~~\n      |             |\n      |             CppAD::AD<CppAD::AD<CppAD::AD<double> > >\n/usr/share/R/include/R_ext/Arith.h:61:12: note:   initializing argument 1 of \u2018int R_IsNA(double)\u2019\n   61 | int R_IsNA(double);             /* True for R's NA only */\n      |            ^~~~~~\nPOPULATIONS/POPULATION_0001/INDIVIDUAL_TG6FV93J/model.cpp:38:13: error: cannot convert \u2018CppAD::AD<CppAD::AD<CppAD::AD<double> > >\u2019 to \u2018double\u2019\n   38 |   if(R_IsNA(sigma_cots))      sigma_cots      = Type(0.1);\n      |             ^~~~~~~~~~\n      |             |\n      |             CppAD::AD<CppAD::AD<CppAD::AD<double> > >\n/usr/share/R/include/R_ext/Arith.h:61:12: note:   initializing argument 1 of \u2018int R_IsNA(double)\u2019\n   61 | int R_IsNA(double);             /* True for R's NA only */\n      |            ^~~~~~\nPOPULATIONS/POPULATION_0001/INDIVIDUAL_TG6FV93J/model.cpp:39:13: error: cannot convert \u2018CppAD::AD<CppAD::AD<CppAD::AD<double> > >\u2019 to \u2018double\u2019\n   39 |   if(R_IsNA(sigma_fast))      sigma_fast      = Type(0.1);\n      |             ^~~~~~~~~~\n      |             |\n      |             CppAD::AD<CppAD::AD<CppAD::AD<double> > >\n/usr/share/R/include/R_ext/Arith.h:61:12: note:   initializing argument 1 of \u2018int R_IsNA(double)\u2019\n   61 | int R_IsNA(double);             /* True for R's NA only */\n      |            ^~~~~~\nPOPULATIONS/POPULATION_0001/INDIVIDUAL_TG6FV93J/model.cpp:40:13: error: cannot convert \u2018CppAD::AD<CppAD::AD<CppAD::AD<double> > >\u2019 to \u2018double\u2019\n   40 |   if(R_IsNA(sigma_slow))      sigma_slow      = Type(0.1);\n      |             ^~~~~~~~~~\n      |             |\n      |             CppAD::AD<CppAD::AD<CppAD::AD<double> > >\n/usr/share/R/include/R_ext/Arith.h:61:12: note:   initializing argument 1 of \u2018int R_IsNA(double)\u2019\n   61 | int R_IsNA(double);             /* True for R's NA only */\n      |            ^~~~~~\nPOPULATIONS/POPULATION_0001/INDIVIDUAL_TG6FV93J/model.cpp:41:13: error: cannot convert \u2018CppAD::AD<CppAD::AD<CppAD::AD<double> > >\u2019 to \u2018double\u2019\n   41 |   if(R_IsNA(k_fast))          k_fast          = Type(0.01);\n      |             ^~~~~~\n      |             |\n      |             CppAD::AD<CppAD::AD<CppAD::AD<double> > >\n/usr/share/R/include/R_ext/Arith.h:61:12: note:   initializing argument 1 of \u2018int R_IsNA(double)\u2019\n   61 | int R_IsNA(double);             /* True for R's NA only */\n      |            ^~~~~~\nPOPULATIONS/POPULATION_0001/INDIVIDUAL_TG6FV93J/model.cpp:42:13: error: cannot convert \u2018CppAD::AD<CppAD::AD<CppAD::AD<double> > >\u2019 to \u2018double\u2019\n   42 |   if(R_IsNA(k_slow))          k_slow          = Type(0.01);\n      |             ^~~~~~\n      |             |\n      |             CppAD::AD<CppAD::AD<CppAD::AD<double> > >\n/usr/share/R/include/R_ext/Arith.h:61:12: note:   initializing argument 1 of \u2018int R_IsNA(double)\u2019\n   61 | int R_IsNA(double);             /* True for R's NA only */\n      |            ^~~~~~\nmake: *** [/usr/lib/R/etc/Makeconf:204: POPULATIONS/POPULATION_0001/INDIVIDUAL_TG6FV93J/model.o] Error 1\nError in TMB::compile(file.path(individual_dir, model_file), flags = flags,  : \n  Compilation failed\nError: Compilation failed\nExecution halted"
    },
    "6": {
      "status": "ERROR",
      "message": "R script failed with return code 1",
      "stdout": "g++ -std=gnu++17 -I\"/usr/share/R/include\" -DNDEBUG -I\"/home/spi085/R/x86_64-pc-linux-gnu-library/4.4/TMB/include\" -I\"/home/spi085/R/x86_64-pc-linux-gnu-library/4.4/RcppEigen/include\"   -DTMB_EIGEN_DISABLE_WARNINGS   -DTMB_LIB_INIT=R_init_model  -DCPPAD_FRAMEWORK      -fpic  -O2  -c POPULATIONS/POPULATION_0001/INDIVIDUAL_TG6FV93J/model.cpp -o POPULATIONS/POPULATION_0001/INDIVIDUAL_TG6FV93J/model.o\ng++ -std=gnu++17 -shared -L/usr/lib/R/lib -Wl,-Bsymbolic-functions -flto=auto -ffat-lto-objects -Wl,-z,relro -o POPULATIONS/POPULATION_0001/INDIVIDUAL_TG6FV93J/model.so POPULATIONS/POPULATION_0001/INDIVIDUAL_TG6FV93J/model.o -L/usr/lib/R/lib -lR\nStarting model phases\nNumber of phases: 2 \nPhase 1 \nInitial parameter values for phase 1 :\n  p0_initial   log_lambda    p1_growth     p3_decay      p4_effc p5_threshold \n          NA           NA           NA         1.25           NA           NA \n  sigma_cots \n          NA \nError in model phases: NA/NaN gradient evaluation",
      "stderr": "Loading required package: TMB\nLoading required package: jsonlite\nhere() starts at /home/spi085/Documents/_Projects/SCCP-QuantModelling\nusing C++ compiler: \u2018g++ (Ubuntu 13.3.0-6ubuntu2~24.04) 13.3.0\u2019\nError in value[[3L]](cond) : \n  Error in model phases: NA/NaN gradient evaluation\nCalls: tryCatch -> tryCatchList -> tryCatchOne -> <Anonymous>\nIn addition: Warning message:\nIn nlminb(model$par, model$fn, model$gr) : NA/NaN function evaluation\nExecution halted"
    },
    "7": {
      "status": "BROKEN"
    }
  }
}