{
  "iterations": {
    "1": {
      "status": "LEAKAGE",
      "message": "Data leakage detected in model equations:\n  Line 0: Missing REPORT statement: Q_pred is not reported.\n    Add 'REPORT(Q_pred);' before the return statement.",
      "objective_value": "NA"
    },
    "2": {
      "status": "ERROR",
      "message": "Model failed to compile.",
      "stdout": "g++ -std=gnu++17  -I\"C:/Users/spi085/AppData/Local/Programs/R/R-4.4.1/include\" -DNDEBUG -I\"C:/Users/spi085/AppData/Local/Programs/R/R-44~1.1/library/TMB/include\" -I\"C:/Users/spi085/AppData/Local/Programs/R/R-44~1.1/library/RCPPEI~1/include\"   -DTMB_EIGEN_DISABLE_WARNINGS   -DTMB_LIB_INIT=R_init_model  -DCPPAD_FRAMEWORK    -I\"C:/rtools44/x86_64-w64-mingw32.static.posix/include\"     -O2 -Wa,-mbig-obj -c POPULATIONS//POPULATION_0027//INDIVIDUAL_5JBMBUWE/model.cpp -o POPULATIONS//POPULATION_0027//INDIVIDUAL_5JBMBUWE/model.o",
      "stderr": "Loading required package: TMB\nLoading required package: jsonlite\nhere() starts at C:/Users/spi085/OneDrive - CSIRO/Documents/_Projects/SCCP-QuantModelling\nusing C++ compiler: 'G__~1.EXE (GCC) 13.2.0'\nPOPULATIONS//POPULATION_0027//INDIVIDUAL_5JBMBUWE/model.cpp: In instantiation of 'Type objective_function<Type>::operator()() [with Type = CppAD::AD<double>]':\nC:/Users/spi085/AppData/Local/Programs/R/R-4.4.1/library/TMB/include/tmb_core.hpp:1308:6:   required from here\nPOPULATIONS//POPULATION_0027//INDIVIDUAL_5JBMBUWE/model.cpp:164:35: error: no matching function for call to 'min(CppAD::AD<double>&, Eigen::DenseCoeffsBase<Eigen::Array<CppAD::AD<double>, -1, 1, 0, -1, 1>, 1>::Scalar&)'\n  164 |       Q_pred(t-1) = max(Q_min, min(Q_max, Q_pred(t-1)));\n      |                                ~~~^~~~~~~~~~~~~~~~~~~~\nIn file included from C:/Users/spi085/AppData/Local/Programs/R/R-4.4.1/library/TMB/include/TMB.hpp:215,\n                 from POPULATIONS//POPULATION_0027//INDIVIDUAL_5JBMBUWE/model.cpp:1:\nC:/Users/spi085/AppData/Local/Programs/R/R-4.4.1/library/TMB/include/convenience.hpp:156:6: note: candidate: 'template<class Type> Type min(const tmbutils::vector<Type>&)'\n  156 | Type min(const vector<Type> &x)\n      |      ^~~\nC:/Users/spi085/AppData/Local/Programs/R/R-4.4.1/library/TMB/include/convenience.hpp:156:6: note:   template argument deduction/substitution failed:\nPOPULATIONS//POPULATION_0027//INDIVIDUAL_5JBMBUWE/model.cpp:164:35: note:   'CppAD::AD<double>' is not derived from 'const tmbutils::vector<Type>'\n  164 |       Q_pred(t-1) = max(Q_min, min(Q_max, Q_pred(t-1)));\n      |                                ~~~^~~~~~~~~~~~~~~~~~~~\nPOPULATIONS//POPULATION_0027//INDIVIDUAL_5JBMBUWE/model.cpp: In instantiation of 'Type objective_function<Type>::operator()() [with Type = double]':\nC:/Users/spi085/AppData/Local/Programs/R/R-4.4.1/library/TMB/include/tmb_core.hpp:2031:7:   required from here\nPOPULATIONS//POPULATION_0027//INDIVIDUAL_5JBMBUWE/model.cpp:164:35: error: no matching function for call to 'min(double&, Eigen::DenseCoeffsBase<Eigen::Array<double, -1, 1>, 1>::Scalar&)'\nC:/Users/spi085/AppData/Local/Programs/R/R-4.4.1/library/TMB/include/convenience.hpp:156:6: note: candidate: 'template<class Type> Type min(const tmbutils::vector<Type>&)'\n  156 | Type min(const vector<Type> &x)\n      |      ^~~\nC:/Users/spi085/AppData/Local/Programs/R/R-4.4.1/library/TMB/include/convenience.hpp:156:6: note:   template argument deduction/substitution failed:\nPOPULATIONS//POPULATION_0027//INDIVIDUAL_5JBMBUWE/model.cpp:164:35: note:   mismatched types 'const tmbutils::vector<Type>' and 'double'\n  164 |       Q_pred(t-1) = max(Q_min, min(Q_max, Q_pred(t-1)));\n      |                                ~~~^~~~~~~~~~~~~~~~~~~~\nPOPULATIONS//POPULATION_0027//INDIVIDUAL_5JBMBUWE/model.cpp: In instantiation of 'Type objective_function<Type>::operator()() [with Type = CppAD::AD<CppAD::AD<double> >]':\nC:/Users/spi085/AppData/Local/Programs/R/R-4.4.1/library/TMB/include/tmb_core.hpp:913:29:   required from 'Type objective_function<Type>::evalUserTemplate() [with Type = CppAD::AD<CppAD::AD<double> >]'\nC:/Users/spi085/AppData/Local/Programs/R/R-4.4.1/library/TMB/include/tmb_core.hpp:2112:26:   required from here\nPOPULATIONS//POPULATION_0027//INDIVIDUAL_5JBMBUWE/model.cpp:164:35: error: no matching function for call to 'min(CppAD::AD<CppAD::AD<double> >&, Eigen::DenseCoeffsBase<Eigen::Array<CppAD::AD<CppAD::AD<double> >, -1, 1, 0, -1, 1>, 1>::Scalar&)'\nC:/Users/spi085/AppData/Local/Programs/R/R-4.4.1/library/TMB/include/convenience.hpp:156:6: note: candidate: 'template<class Type> Type min(const tmbutils::vector<Type>&)'\n  156 | Type min(const vector<Type> &x)\n      |      ^~~\nC:/Users/spi085/AppData/Local/Programs/R/R-4.4.1/library/TMB/include/convenience.hpp:156:6: note:   template argument deduction/substitution failed:\nPOPULATIONS//POPULATION_0027//INDIVIDUAL_5JBMBUWE/model.cpp:164:35: note:   'CppAD::AD<CppAD::AD<double> >' is not derived from 'const tmbutils::vector<Type>'\n  164 |       Q_pred(t-1) = max(Q_min, min(Q_max, Q_pred(t-1)));\n      |                                ~~~^~~~~~~~~~~~~~~~~~~~\nPOPULATIONS//POPULATION_0027//INDIVIDUAL_5JBMBUWE/model.cpp: In instantiation of 'Type objective_function<Type>::operator()() [with Type = CppAD::AD<CppAD::AD<CppAD::AD<double> > >]':\nC:/Users/spi085/AppData/Local/Programs/R/R-4.4.1/library/TMB/include/tmb_core.hpp:913:29:   required from 'Type objective_function<Type>::evalUserTemplate() [with Type = CppAD::AD<CppAD::AD<CppAD::AD<double> > >]'\nC:/Users/spi085/AppData/Local/Programs/R/R-4.4.1/library/TMB/include/tmb_core.hpp:2361:28:   required from here\nPOPULATIONS//POPULATION_0027//INDIVIDUAL_5JBMBUWE/model.cpp:164:35: error: no matching function for call to 'min(CppAD::AD<CppAD::AD<CppAD::AD<double> > >&, Eigen::DenseCoeffsBase<Eigen::Array<CppAD::AD<CppAD::AD<CppAD::AD<double> > >, -1, 1, 0, -1, 1>, 1>::Scalar&)'\nC:/Users/spi085/AppData/Local/Programs/R/R-4.4.1/library/TMB/include/convenience.hpp:156:6: note: candidate: 'template<class Type> Type min(const tmbutils::vector<Type>&)'\n  156 | Type min(const vector<Type> &x)\n      |      ^~~\nC:/Users/spi085/AppData/Local/Programs/R/R-4.4.1/library/TMB/include/convenience.hpp:156:6: note:   template argument deduction/substitution failed:\nPOPULATIONS//POPULATION_0027//INDIVIDUAL_5JBMBUWE/model.cpp:164:35: note:   'CppAD::AD<CppAD::AD<CppAD::AD<double> > >' is not derived from 'const tmbutils::vector<Type>'\n  164 |       Q_pred(t-1) = max(Q_min, min(Q_max, Q_pred(t-1)));\n      |                                ~~~^~~~~~~~~~~~~~~~~~~~\nmake: *** [C:/Users/spi085/AppData/Local/Programs/R/R-4.4.1/etc/x64/Makeconf:296: POPULATIONS//POPULATION_0027//INDIVIDUAL_5JBMBUWE/model.o] Error 1\nError in TMB::compile(file.path(individual_dir, model_file), flags = flags,  : \n  Compilation failed\nError: Compilation failed\nExecution halted"
    },
    "3": {
      "status": "ERROR",
      "message": "R script failed with return code 1",
      "stdout": "g++ -std=gnu++17  -I\"C:/Users/spi085/AppData/Local/Programs/R/R-4.4.1/include\" -DNDEBUG -I\"C:/Users/spi085/AppData/Local/Programs/R/R-44~1.1/library/TMB/include\" -I\"C:/Users/spi085/AppData/Local/Programs/R/R-44~1.1/library/RCPPEI~1/include\"   -DTMB_EIGEN_DISABLE_WARNINGS   -DTMB_LIB_INIT=R_init_model  -DCPPAD_FRAMEWORK    -I\"C:/rtools44/x86_64-w64-mingw32.static.posix/include\"     -O2 -Wa,-mbig-obj -c POPULATIONS//POPULATION_0027//INDIVIDUAL_5JBMBUWE/model.cpp -o POPULATIONS//POPULATION_0027//INDIVIDUAL_5JBMBUWE/model.o\ng++ -std=gnu++17 -shared -s -static-libgcc -o POPULATIONS//POPULATION_0027//INDIVIDUAL_5JBMBUWE/model.dll tmp.def POPULATIONS//POPULATION_0027//INDIVIDUAL_5JBMBUWE/model.o -LC:/rtools44/x86_64-w64-mingw32.static.posix/lib/x64 -LC:/rtools44/x86_64-w64-mingw32.static.posix/lib -LC:/Users/spi085/AppData/Local/Programs/R/R-4.4.1/bin/x64 -lR\nStarting model phases\nNumber of phases: 4 \nPhase 1 \nError in model phases: Error when reading the variable: 'Q_min'. Please check data and parameters.",
      "stderr": "Loading required package: TMB\nLoading required package: jsonlite\nhere() starts at C:/Users/spi085/OneDrive - CSIRO/Documents/_Projects/SCCP-QuantModelling\nusing C++ compiler: 'G__~1.EXE (GCC) 13.2.0'\nError in value[[3L]](cond) : \n  Error in model phases: Error when reading the variable: 'Q_min'. Please check data and parameters.\nCalls: tryCatch -> tryCatchList -> tryCatchOne -> <Anonymous>\nIn addition: Warning messages:\n1: In getParameterOrder(data, parameters, new.env(), DLL = DLL) :\n  Expected scalar. Got length=0\n2: In getParameterOrder(data, parameters, new.env(), DLL = DLL) :\n  Expected object. Got NULL.\nExecution halted"
    },
    "4": {
      "status": "ERROR",
      "message": "R script failed with return code 1",
      "stdout": "g++ -std=gnu++17  -I\"C:/Users/spi085/AppData/Local/Programs/R/R-4.4.1/include\" -DNDEBUG -I\"C:/Users/spi085/AppData/Local/Programs/R/R-44~1.1/library/TMB/include\" -I\"C:/Users/spi085/AppData/Local/Programs/R/R-44~1.1/library/RCPPEI~1/include\"   -DTMB_EIGEN_DISABLE_WARNINGS   -DTMB_LIB_INIT=R_init_model  -DCPPAD_FRAMEWORK    -I\"C:/rtools44/x86_64-w64-mingw32.static.posix/include\"     -O2 -Wa,-mbig-obj -c POPULATIONS//POPULATION_0027//INDIVIDUAL_5JBMBUWE/model.cpp -o POPULATIONS//POPULATION_0027//INDIVIDUAL_5JBMBUWE/model.o\ng++ -std=gnu++17 -shared -s -static-libgcc -o POPULATIONS//POPULATION_0027//INDIVIDUAL_5JBMBUWE/model.dll tmp.def POPULATIONS//POPULATION_0027//INDIVIDUAL_5JBMBUWE/model.o -LC:/rtools44/x86_64-w64-mingw32.static.posix/lib/x64 -LC:/rtools44/x86_64-w64-mingw32.static.posix/lib -LC:/Users/spi085/AppData/Local/Programs/R/R-4.4.1/bin/x64 -lR\nStarting model phases\nNumber of phases: 4 \nPhase 1 \nInitial parameter values for phase 1 :\nr_max Q_min Q_max V_max g_max \n 1.00  0.05  0.30  0.50  0.40 \nError in model phases: NA/NaN gradient evaluation",
      "stderr": "Loading required package: TMB\nLoading required package: jsonlite\nhere() starts at C:/Users/spi085/OneDrive - CSIRO/Documents/_Projects/SCCP-QuantModelling\nusing C++ compiler: 'G__~1.EXE (GCC) 13.2.0'\nError in value[[3L]](cond) : \n  Error in model phases: NA/NaN gradient evaluation\nCalls: tryCatch -> tryCatchList -> tryCatchOne -> <Anonymous>\nIn addition: Warning message:\nIn nlminb(model$par, model$fn, model$gr) : NA/NaN function evaluation\nExecution halted"
    },
    "5": {
      "status": "LEAKAGE",
      "message": "Data leakage detected in model equations:\n  Line 82: Missing prediction equation: N_dat has no corresponding prediction calculation.\n    Expected to find equation for: N_pred\n  Line 82: Missing prediction equation: Z_dat has no corresponding prediction calculation.\n    Expected to find equation for: Z_pred\n  Line 82: Missing prediction equation: P_dat has no corresponding prediction calculation.\n    Expected to find equation for: P_pred",
      "objective_value": "NA"
    },
    "6": {
      "status": "LEAKAGE",
      "message": "Data leakage detected in model equations:\n  Line 82: Missing prediction equation: N_dat has no corresponding prediction calculation.\n    Expected to find equation for: N_pred\n  Line 82: Missing prediction equation: Z_dat has no corresponding prediction calculation.\n    Expected to find equation for: Z_pred\n  Line 82: Missing prediction equation: P_dat has no corresponding prediction calculation.\n    Expected to find equation for: P_pred",
      "objective_value": "NA"
    },
    "7": {
      "status": "BROKEN"
    }
  }
}