[?12l[?25hSkipping POPULATIONS\POPULATION_0011\INDIVIDUAL_T6O4MZRV\model.cpp that matches gitignore spec.
Skipping POPULATIONS\POPULATION_0011\INDIVIDUAL_T6O4MZRV\parameters.json that matches gitignore spec.
Skipping POPULATIONS\POPULATION_0011\INDIVIDUAL_T6O4MZRV\intention.txt that matches gitignore spec.
Creating empty file POPULATIONS\POPULATION_0011\INDIVIDUAL_T6O4MZRV\intention.txt
Below are the proposed changes. They add one new ecological mechanism by including interspecific competition between slow- and fast‚Äêgrowing corals. In the logistic growth terms, the effective carrying capacity is reduced by the competitor‚Äôs previous     
state via a new competition coefficient (Œ±‚Ççcomp‚Çé). This reflects resource limitation due to space competition and has strong ecological justification given that corals compete for substrate. The new parameter is added to the model and to parameters.json 
with ecological reasoning. In intention.txt we explain that this change should help address the structure seen in the residuals by better capturing density‚Äêdependent effects.                                                                                

Please review the changes below:                                                                                                                                                                                                                              

POPULATIONS\POPULATION_0011\INDIVIDUAL_T6O4MZRV\model.cpp                                                                                                                                                                                                     

                                                                                                                                                                                                                                                              
 <<<<<<< SEARCH                                                                                                                                                                                                                                               
   PARAMETER(beta_sst);      // Sea surface temperature effect coefficient on predation (¬∞C^-1)                                                                                                                                                               
 =======                                                                                                                                                                                                                                                      
   PARAMETER(beta_sst);      // Sea surface temperature effect coefficient on predation (¬∞C^-1)                                                                                                                                                               
   PARAMETER(alpha_comp);    // Competition coefficient between slow and fast corals (dimensionless)                                                                                                                                                          
 >>>>>>> REPLACE                                                                                                                                                                                                                                              
                                                                                                                                                                                                                                                              

POPULATIONS\POPULATION_0011\INDIVIDUAL_T6O4MZRV\model.cpp                                                                                                                                                                                                     

                                                                                                                                                                                                                                                              
 <<<<<<< SEARCH                                                                                                                                                                                                                                               
     // Equation 2: Slow-growing coral dynamics with saturating predation loss                                                                                                                                                                                
     slow_pred[t] = slow_pred[t-1]                                                                                                                                                                                                                            
                    + r_slow * slow_pred[t-1] * (Type(1.0) - slow_pred[t-1] / (K_slow + epsilon)) // Logistic growth                                                                                                                                          
                    - (eff_pred_slow * cots_pred[t-1] * slow_pred[t-1] / (slow_pred[t-1] + epsilon)) * (Type(1.0) + beta_sst * sst_dat[t-1]); // Predation loss                                                                                               
 =======                                                                                                                                                                                                                                                      
     // Equation 2: Slow-growing coral dynamics with saturating predation loss and interspecific competition                                                                                                                                                  
     slow_pred[t] = slow_pred[t-1]                                                                                                                                                                                                                            
                    + r_slow * slow_pred[t-1] * (Type(1.0) - (slow_pred[t-1] + alpha_comp * fast_pred[t-1]) / (K_slow + epsilon)) // Logistic growth with competition                                                                                         
                    - (eff_pred_slow * cots_pred[t-1] * slow_pred[t-1] / (slow_pred[t-1] + epsilon)) * (Type(1.0) + beta_sst * sst_dat[t-1]); // Predation loss                                                                                               
 >>>>>>> REPLACE                                                                                                                                                                                                                                              
                                                                                                                                                                                                                                                              

POPULATIONS\POPULATION_0011\INDIVIDUAL_T6O4MZRV\model.cpp                                                                                                                                                                                                     

                                                                                                                                                                                                                                                              
 <<<<<<< SEARCH                                                                                                                                                                                                                                               
     // Equation 3: Fast-growing coral dynamics with saturating predation loss                                                                                                                                                                                
     fast_pred[t] = fast_pred[t-1]                                                                                                                                                                                                                            
                    + r_fast * fast_pred[t-1] * (Type(1.0) - fast_pred[t-1] / (K_fast + epsilon)) // Logistic growth                                                                                                                                          
                    - (eff_pred_fast * cots_pred[t-1] * fast_pred[t-1] / (fast_pred[t-1] + epsilon)) * (Type(1.0) + beta_sst * sst_dat[t-1]); // Predation loss                                                                                               
 =======                                                                                                                                                                                                                                                      
     // Equation 3: Fast-growing coral dynamics with saturating predation loss and interspecific competition                                                                                                                                                  
     fast_pred[t] = fast_pred[t-1]                                                                                                                                                                                                                            
                    + r_fast * fast_pred[t-1] * (Type(1.0) - (fast_pred[t-1] + alpha_comp * slow_pred[t-1]) / (K_fast + epsilon)) // Logistic growth with competition                                                                                         
                    - (eff_pred_fast * cots_pred[t-1] * fast_pred[t-1] / (fast_pred[t-1] + epsilon)) * (Type(1.0) + beta_sst * sst_dat[t-1]); // Predation loss                                                                                               
 >>>>>>> REPLACE                                                                                                                                                                                                                                              
                                                                                                                                                                                                                                                              

POPULATIONS\POPULATION_0011\INDIVIDUAL_T6O4MZRV\parameters.json                                                                                                                                                                                               

                                                                                                                                                                                                                                                              
 <<<<<<< SEARCH                                                                                                                                                                                                                                               
         {                                                                                                                                                                                                                                                    
             "parameter": "log_sigma_fast",                                                                                                                                                                                                                   
             "value": -2.30258509299,                                                                                                                                                                                                                         
             "description": "Log standard deviation of the observation error for fast coral (log scale, corresponds to SD=0.1)",                                                                                                                              
             "source": "initial estimate",                                                                                                                                                                                                                    
             "import_type": "PARAMETER",                                                                                                                                                                                                                      
             "priority": 1,                                                                                                                                                                                                                                   
             "enhanced_semantic_description": "Logarithmic variance measure for fast-growing coral coverage observations",                                                                                                                                    
             "processed": true                                                                                                                                                                                                                                
         }                                                                                                                                                                                                                                                    
     ]                                                                                                                                                                                                                                                        
 =======                                                                                                                                                                                                                                                      
         {                                                                                                                                                                                                                                                    
             "parameter": "log_sigma_fast",                                                                                                                                                                                                                   
             "value": -2.30258509299,                                                                                                                                                                                                                         
             "description": "Log standard deviation of the observation error for fast coral (log scale, corresponds to SD=0.1)",                                                                                                                              
             "source": "initial estimate",                                                                                                                                                                                                                    
             "import_type": "PARAMETER",                                                                                                                                                                                                                      
             "priority": 1,                                                                                                                                                                                                                                   
             "enhanced_semantic_description": "Logarithmic variance measure for fast-growing coral coverage observations",                                                                                                                                    
             "processed": true                                                                                                                                                                                                                                
         },                                                                                                                                                                                                                                                   
         {                                                                                                                                                                                                                                                    
             "parameter": "alpha_comp",                                                                                                                                                                                                                       
             "value": 0.05,                                                                                                                                                                                                                                   
             "description": "Competition coefficient between slow and fast coral types, representing the effect of interspecific competition for limited substrate",                                                                                          
             "source": "expert judgment",                                                                                                                                                                                                                     
             "import_type": "PARAMETER",                                                                                                                                                                                                                      
             "priority": 2,                                                                                                                                                                                                                                   
             "enhanced_semantic_description": "Interspecific competition strength modifier between slow and fast-growing coral",                                                                                                                              
             "processed": true                                                                                                                                                                                                                                
         }                                                                                                                                                                                                                                                    
     ]                                                                                                                                                                                                                                                        
 >>>>>>> REPLACE                                                                                                                                                                                                                                              
                                                                                                                                                                                                                                                              

POPULATIONS\POPULATION_0011\INDIVIDUAL_T6O4MZRV\intention.txt                                                                                                                                                                                                 

                                                                                                                                                                                                                                                              
 <<<<<<< SEARCH                                                                                                                                                                                                                                               
 =======                                                                                                                                                                                                                                                      
 Ecological Update:                                                                                                                                                                                                                                           
 Incorporated an interspecific competition term between slow- and fast-growing corals by modifying their logistic growth functions. In each equation, the effective density is now the sum of the focal coral and a fraction (alpha_comp) of its competitor,  
 representing competition for limited substrate. This change (with new parameter alpha_comp, default value 0.05) better captures resource limitation effects observed in the residual analysis, and avoids data leakage by using only previous time step      
 predictions.                                                                                                                                                                                                                                                 
 >>>>>>> REPLACE                                                                                                                                                                                                                                              
                                                                                                                                                                                                                                                              

After you apply these changes, you may want to recompile your model.                                                                                                                                                                                          

Tokens: 5.9k sent, 1.3k received. Cost: $0.01 message, $0.01 session.
Committing POPULATIONS\POPULATION_0011\INDIVIDUAL_T6O4MZRV\model.cpp before applying edits.
Committing POPULATIONS\POPULATION_0011\INDIVIDUAL_T6O4MZRV\parameters.json before applying edits.
Committing POPULATIONS\POPULATION_0011\INDIVIDUAL_T6O4MZRV\intention.txt before applying edits.
Unable to add C:\Users\spi085\OneDrive - CSIRO\Documents\_Projects\SCCP-QuantModelling\POPULATIONS\POPULATION_0011\INDIVIDUAL_T6O4MZRV\parameters.json: Cmd('git') failed due to: exit code(1)
  cmdline: git add C:\Users\spi085\OneDrive - CSIRO\Documents\_Projects\SCCP-QuantModelling\POPULATIONS\POPULATION_0011\INDIVIDUAL_T6O4MZRV\parameters.json
  stderr: 'The following paths are ignored by one of your .gitignore files:
POPULATIONS
hint: Use -f if you really want to add them.
hint: Turn this message off by running
hint: "git config advice.addIgnoredFile false"'
Unable to add C:\Users\spi085\OneDrive - CSIRO\Documents\_Projects\SCCP-QuantModelling\POPULATIONS\POPULATION_0011\INDIVIDUAL_T6O4MZRV\intention.txt: Cmd('git') failed due to: exit code(1)
  cmdline: git add C:\Users\spi085\OneDrive - CSIRO\Documents\_Projects\SCCP-QuantModelling\POPULATIONS\POPULATION_0011\INDIVIDUAL_T6O4MZRV\intention.txt
  stderr: 'The following paths are ignored by one of your .gitignore files:
POPULATIONS
hint: Use -f if you really want to add them.
hint: Turn this message off by running
hint: "git config advice.addIgnoredFile false"'
Unable to add C:\Users\spi085\OneDrive - CSIRO\Documents\_Projects\SCCP-QuantModelling\POPULATIONS\POPULATION_0011\INDIVIDUAL_T6O4MZRV\model.cpp: Cmd('git') failed due to: exit code(1)
  cmdline: git add C:\Users\spi085\OneDrive - CSIRO\Documents\_Projects\SCCP-QuantModelling\POPULATIONS\POPULATION_0011\INDIVIDUAL_T6O4MZRV\model.cpp
  stderr: 'The following paths are ignored by one of your .gitignore files:
POPULATIONS
hint: Use -f if you really want to add them.
hint: Turn this message off by running
hint: "git config advice.addIgnoredFile false"'
Unable to commit: Cmd('git') failed due to: exit code(1)
  cmdline: git commit -m feat: Add new population individual files and model implementation --no-verify -- C:\Users\spi085\OneDrive - CSIRO\Documents\_Projects\SCCP-QuantModelling\POPULATIONS\POPULATION_0011\INDIVIDUAL_T6O4MZRV\parameters.json 
C:\Users\spi085\OneDrive - CSIRO\Documents\_Projects\SCCP-QuantModelling\POPULATIONS\POPULATION_0011\INDIVIDUAL_T6O4MZRV\intention.txt C:\Users\spi085\OneDrive - 
CSIRO\Documents\_Projects\SCCP-QuantModelling\POPULATIONS\POPULATION_0011\INDIVIDUAL_T6O4MZRV\model.cpp
  stderr: 'error: pathspec 'C:\Users\spi085\OneDrive - CSIRO\Documents\_Projects\SCCP-QuantModelling\POPULATIONS\POPULATION_0011\INDIVIDUAL_T6O4MZRV\parameters.json' did not match any file(s) known to git
error: pathspec 'C:\Users\spi085\OneDrive - CSIRO\Documents\_Projects\SCCP-QuantModelling\POPULATIONS\POPULATION_0011\INDIVIDUAL_T6O4MZRV\intention.txt' did not match any file(s) known to git
error: pathspec 'C:\Users\spi085\OneDrive - CSIRO\Documents\_Projects\SCCP-QuantModelling\POPULATIONS\POPULATION_0011\INDIVIDUAL_T6O4MZRV\model.cpp' did not match any file(s) known to git'
Applied edit to POPULATIONS\POPULATION_0011\INDIVIDUAL_T6O4MZRV\parameters.json
Applied edit to POPULATIONS\POPULATION_0011\INDIVIDUAL_T6O4MZRV\intention.txt
Applied edit to POPULATIONS\POPULATION_0011\INDIVIDUAL_T6O4MZRV\model.cpp
Improved existing model in individual: POPULATIONS\POPULATION_0011\INDIVIDUAL_T6O4MZRV
Validating model for data leakage...
Opening file: POPULATIONS\POPULATION_0011\INDIVIDUAL_T6O4MZRV\model.cpp
File read successfully
Extracting vectors...
Found data vectors: {'cots_dat', 'sst_dat', 'slow_dat', 'cotsimm_dat', 'Year', 'fast_dat'}
Found prediction vectors: {'fast_pred', 'cots_pred', 'slow_pred'}
Found reported vectors: {'fast_pred', 'cots_pred', 'slow_pred'}
Finding initial conditions...
Found 3 initial conditions
Finding time-stepping loop...
Found loop from line 74 to 94
Found response variables from Data/timeseries_data_COTS_response.csv: {'cots_dat', 'slow_dat', 'fast_dat'}
[93mRunning model for individual...[0m
[0mIndividual directory: POPULATIONS\POPULATION_0011\INDIVIDUAL_T6O4MZRV[0m
[93mR script stdout:[0m
[0mg++ -std=gnu++17  -I"C:/Users/spi085/AppData/Local/Programs/R/R-4.4.1/include" -DNDEBUG -I"C:/Users/spi085/AppData/Local/Programs/R/R-44~1.1/library/TMB/include" -I"C:/Users/spi085/AppData/Local/Programs/R/R-44~1.1/library/RCPPEI~1/include"   -DTMB_EIGEN_DISABLE_WARNINGS   -DTMB_LIB_INIT=R_init_model  -DCPPAD_FRAMEWORK    -I"C:/rtools44/x86_64-w64-mingw32.static.posix/include"     -O2 -Wa,-mbig-obj -c POPULATIONS//POPULATION_0011//INDIVIDUAL_T6O4MZRV/model.cpp -o POPULATIONS//POPULATION_0011//INDIVIDUAL_T6O4MZRV/model.o
g++ -std=gnu++17 -shared -s -static-libgcc -o POPULATIONS//POPULATION_0011//INDIVIDUAL_T6O4MZRV/model.dll tmp.def POPULATIONS//POPULATION_0011//INDIVIDUAL_T6O4MZRV/model.o -LC:/rtools44/x86_64-w64-mingw32.static.posix/lib/x64 -LC:/rtools44/x86_64-w64-mingw32.static.posix/lib -LC:/Users/spi085/AppData/Local/Programs/R/R-4.4.1/bin/x64 -lR
Starting model phases
Number of phases: 2 
Phase 1 
Initial parameter values for phase 1 :
        r_cots         K_cots  eff_pred_slow  eff_pred_fast         r_slow 
            NA          0.255             NA             NA             NA 
        K_slow         r_fast         K_fast       beta_sst log_sigma_cots 
            NA          1.000             NA             NA             NA 
log_sigma_slow log_sigma_fast 
            NA             NA 
Error in model phases: NA/NaN gradient evaluation[0m
[93mR script stderr:[0m
[0mLoading required package: TMB
Loading required package: jsonlite
here() starts at C:/Users/spi085/OneDrive - CSIRO/Documents/_Projects/SCCP-QuantModelling
using C++ compiler: 'G__~1.EXE (GCC) 13.2.0'
Error in value[[3L]](cond) : 
  Error in model phases: NA/NaN gradient evaluation
Calls: tryCatch -> tryCatchList -> tryCatchOne -> <Anonymous>
In addition: Warning message:
In nlminb(model$par, model$fn, model$gr) : NA/NaN function evaluation
Execution halted[0m
[91mR script failed with return code 1[0m
MODEL RUN FINISHED
Error: Objective value is None
Initial run failed. Attempting to fix...
Fixing broken model iteration: 0
Below are the proposed changes to ensure that predicted state variables remain positive, avoiding potential NA/NaN issues during gradient evaluation. We insert three lines after Equation 3 to clip predictions to a minimum value of epsilon.               

Please review the changes below:                                                                                                                                                                                                                              

POPULATIONS\POPULATION_0011\INDIVIDUAL_T6O4MZRV\model.cpp                                                                                                                                                                                                     

                                                                                                                                                                                                                                                              
 <<<<<<< SEARCH                                                                                                                                                                                                                                               
     fast_pred[t] = fast_pred[t-1]                                                                                                                                                                                                                            
                    + r_fast * fast_pred[t-1] * (Type(1.0) - (fast_pred[t-1] + alpha_comp * slow_pred[t-1]) / (K_fast + epsilon)) // Logistic growth with competition                                                                                         
                    - (eff_pred_fast * cots_pred[t-1] * fast_pred[t-1] / (fast_pred[t-1] + epsilon)) * (Type(1.0) + beta_sst * sst_dat[t-1]); // Predation loss                                                                                               
                                                                                                                                                                                                                                                              
     // Likelihood calculation: using lognormal error for each observed variable at time t                                                                                                                                                                    
 =======                                                                                                                                                                                                                                                      
     fast_pred[t] = fast_pred[t-1]                                                                                                                                                                                                                            
                    + r_fast * fast_pred[t-1] * (Type(1.0) - (fast_pred[t-1] + alpha_comp * slow_pred[t-1]) / (K_fast + epsilon)) // Logistic growth with competition                                                                                         
                    - (eff_pred_fast * cots_pred[t-1] * fast_pred[t-1] / (fast_pred[t-1] + epsilon)) * (Type(1.0) + beta_sst * sst_dat[t-1]); // Predation loss                                                                                               
                                                                                                                                                                                                                                                              
     // Ensure predictions remain positive                                                                                                                                                                                                                    
     cots_pred[t] = (cots_pred[t] < epsilon ? epsilon : cots_pred[t]);                                                                                                                                                                                        
     slow_pred[t] = (slow_pred[t] < epsilon ? epsilon : slow_pred[t]);                                                                                                                                                                                        
     fast_pred[t] = (fast_pred[t] < epsilon ? epsilon : fast_pred[t]);                                                                                                                                                                                        
                                                                                                                                                                                                                                                              
     // Likelihood calculation: using lognormal error for each observed variable at time t                                                                                                                                                                    
 >>>>>>> REPLACE                                                                                                                                                                                                                                              
                                                                                                                                                                                                                                                              

After applying these changes, please re-run the model to assess if the NA/NaN issues are resolved.                                                                                                                                                            

Tokens: 8.1k sent, 448 received. Cost: $0.01 message, $0.02 session.
Committing POPULATIONS\POPULATION_0011\INDIVIDUAL_T6O4MZRV\model.cpp before applying edits.
Unable to add C:\Users\spi085\OneDrive - CSIRO\Documents\_Projects\SCCP-QuantModelling\POPULATIONS\POPULATION_0011\INDIVIDUAL_T6O4MZRV\model.cpp: Cmd('git') failed due to: exit code(1)
  cmdline: git add C:\Users\spi085\OneDrive - CSIRO\Documents\_Projects\SCCP-QuantModelling\POPULATIONS\POPULATION_0011\INDIVIDUAL_T6O4MZRV\model.cpp
  stderr: 'The following paths are ignored by one of your .gitignore files:
POPULATIONS
hint: Use -f if you really want to add them.
hint: Turn this message off by running
hint: "git config advice.addIgnoredFile false"'
Unable to commit: Cmd('git') failed due to: exit code(1)
  cmdline: git commit -m feat: Add model.cpp for population 0011 individual T6O4MZRV --no-verify -- C:\Users\spi085\OneDrive - CSIRO\Documents\_Projects\SCCP-QuantModelling\POPULATIONS\POPULATION_0011\INDIVIDUAL_T6O4MZRV\model.cpp
  stderr: 'error: pathspec 'C:\Users\spi085\OneDrive - CSIRO\Documents\_Projects\SCCP-QuantModelling\POPULATIONS\POPULATION_0011\INDIVIDUAL_T6O4MZRV\model.cpp' did not match any file(s) known to git'
Applied edit to POPULATIONS\POPULATION_0011\INDIVIDUAL_T6O4MZRV\model.cpp
Validating fixed model for data leakage...
Opening file: POPULATIONS\POPULATION_0011\INDIVIDUAL_T6O4MZRV\model.cpp
File read successfully
Extracting vectors...
Found data vectors: {'cots_dat', 'sst_dat', 'slow_dat', 'cotsimm_dat', 'Year', 'fast_dat'}
Found prediction vectors: {'fast_pred', 'cots_pred', 'slow_pred'}
Found reported vectors: {'fast_pred', 'cots_pred', 'slow_pred'}
Finding initial conditions...
Found 3 initial conditions
Finding time-stepping loop...
Found loop from line 74 to 99
Found response variables from Data/timeseries_data_COTS_response.csv: {'cots_dat', 'slow_dat', 'fast_dat'}
[93mRunning model for individual...[0m
[0mIndividual directory: POPULATIONS\POPULATION_0011\INDIVIDUAL_T6O4MZRV[0m
[93mRemoved old compilation: model.dll[0m
[93mRemoved old compilation: model.o[0m
[93mR script stdout:[0m
[0mg++ -std=gnu++17  -I"C:/Users/spi085/AppData/Local/Programs/R/R-4.4.1/include" -DNDEBUG -I"C:/Users/spi085/AppData/Local/Programs/R/R-44~1.1/library/TMB/include" -I"C:/Users/spi085/AppData/Local/Programs/R/R-44~1.1/library/RCPPEI~1/include"   -DTMB_EIGEN_DISABLE_WARNINGS   -DTMB_LIB_INIT=R_init_model  -DCPPAD_FRAMEWORK    -I"C:/rtools44/x86_64-w64-mingw32.static.posix/include"     -O2 -Wa,-mbig-obj -c POPULATIONS//POPULATION_0011//INDIVIDUAL_T6O4MZRV/model.cpp -o POPULATIONS//POPULATION_0011//INDIVIDUAL_T6O4MZRV/model.o
g++ -std=gnu++17 -shared -s -static-libgcc -o POPULATIONS//POPULATION_0011//INDIVIDUAL_T6O4MZRV/model.dll tmp.def POPULATIONS//POPULATION_0011//INDIVIDUAL_T6O4MZRV/model.o -LC:/rtools44/x86_64-w64-mingw32.static.posix/lib/x64 -LC:/rtools44/x86_64-w64-mingw32.static.posix/lib -LC:/Users/spi085/AppData/Local/Programs/R/R-4.4.1/bin/x64 -lR
Starting model phases
Number of phases: 2 
Phase 1 
Initial parameter values for phase 1 :
        r_cots         K_cots  eff_pred_slow  eff_pred_fast         r_slow 
            NA          0.255             NA             NA             NA 
        K_slow         r_fast         K_fast       beta_sst log_sigma_cots 
            NA          1.000             NA             NA             NA 
log_sigma_slow log_sigma_fast 
            NA             NA 
Error in model phases: NA/NaN gradient evaluation[0m
[93mR script stderr:[0m
[0mLoading required package: TMB
Loading required package: jsonlite
here() starts at C:/Users/spi085/OneDrive - CSIRO/Documents/_Projects/SCCP-QuantModelling
using C++ compiler: 'G__~1.EXE (GCC) 13.2.0'
Error in value[[3L]](cond) : 
  Error in model phases: NA/NaN gradient evaluation
Calls: tryCatch -> tryCatchList -> tryCatchOne -> <Anonymous>
In addition: Warning message:
In nlminb(model$par, model$fn, model$gr) : NA/NaN function evaluation
Execution halted[0m
[91mR script failed with return code 1[0m
Fixing broken model iteration: 1
Below is the SEARCH/REPLACE block that changes the clipping lines in POPULATIONS\POPULATION_0011\INDIVIDUAL_T6O4MZRV\model.cpp to use the max() function instead of the ternary operator. This should help resolve the NA/NaN gradient evaluation error.      

POPULATIONS\POPULATION_0011\INDIVIDUAL_T6O4MZRV\model.cpp                                                                                                                                                                                                     

                                                                                                                                                                                                                                                              
 <<<<<<< SEARCH                                                                                                                                                                                                                                               
     // Ensure predictions remain positive                                                                                                                                                                                                                    
     cots_pred[t] = (cots_pred[t] < epsilon ? epsilon : cots_pred[t]);                                                                                                                                                                                        
     slow_pred[t] = (slow_pred[t] < epsilon ? epsilon : slow_pred[t]);                                                                                                                                                                                        
     fast_pred[t] = (fast_pred[t] < epsilon ? epsilon : fast_pred[t]);                                                                                                                                                                                        
 =======                                                                                                                                                                                                                                                      
     // Ensure predictions remain positive using max function                                                                                                                                                                                                 
     cots_pred[t] = max(cots_pred[t], epsilon);                                                                                                                                                                                                               
     slow_pred[t] = max(slow_pred[t], epsilon);                                                                                                                                                                                                               
     fast_pred[t] = max(fast_pred[t], epsilon);                                                                                                                                                                                                               
 >>>>>>> REPLACE                                                                                                                                                                                                                                              
                                                                                                                                                                                                                                                              

After applying this change, please re-run the model to check if the gradient evaluation error is resolved.                                                                                                                                                    

Tokens: 9.3k sent, 244 received. Cost: $0.01 message, $0.03 session.
Committing POPULATIONS\POPULATION_0011\INDIVIDUAL_T6O4MZRV\model.cpp before applying edits.
Unable to add C:\Users\spi085\OneDrive - CSIRO\Documents\_Projects\SCCP-QuantModelling\POPULATIONS\POPULATION_0011\INDIVIDUAL_T6O4MZRV\model.cpp: Cmd('git') failed due to: exit code(1)
  cmdline: git add C:\Users\spi085\OneDrive - CSIRO\Documents\_Projects\SCCP-QuantModelling\POPULATIONS\POPULATION_0011\INDIVIDUAL_T6O4MZRV\model.cpp
  stderr: 'The following paths are ignored by one of your .gitignore files:
POPULATIONS
hint: Use -f if you really want to add them.
hint: Turn this message off by running
hint: "git config advice.addIgnoredFile false"'
Unable to commit: Cmd('git') failed due to: exit code(1)
  cmdline: git commit -m feat: Add model.cpp for population 0011 individual T6O4MZRV --no-verify -- C:\Users\spi085\OneDrive - CSIRO\Documents\_Projects\SCCP-QuantModelling\POPULATIONS\POPULATION_0011\INDIVIDUAL_T6O4MZRV\model.cpp
  stderr: 'error: pathspec 'C:\Users\spi085\OneDrive - CSIRO\Documents\_Projects\SCCP-QuantModelling\POPULATIONS\POPULATION_0011\INDIVIDUAL_T6O4MZRV\model.cpp' did not match any file(s) known to git'
Applied edit to POPULATIONS\POPULATION_0011\INDIVIDUAL_T6O4MZRV\model.cpp
Validating fixed model for data leakage...
Opening file: POPULATIONS\POPULATION_0011\INDIVIDUAL_T6O4MZRV\model.cpp
File read successfully
Extracting vectors...
Found data vectors: {'cots_dat', 'sst_dat', 'slow_dat', 'cotsimm_dat', 'Year', 'fast_dat'}
Found prediction vectors: {'fast_pred', 'cots_pred', 'slow_pred'}
Found reported vectors: {'fast_pred', 'cots_pred', 'slow_pred'}
Finding initial conditions...
Found 3 initial conditions
Finding time-stepping loop...
Found loop from line 74 to 99
Found response variables from Data/timeseries_data_COTS_response.csv: {'cots_dat', 'slow_dat', 'fast_dat'}
[93mRunning model for individual...[0m
[0mIndividual directory: POPULATIONS\POPULATION_0011\INDIVIDUAL_T6O4MZRV[0m
[93mRemoved old compilation: model.dll[0m
[93mRemoved old compilation: model.o[0m
[93mR script stdout:[0m
[0mg++ -std=gnu++17  -I"C:/Users/spi085/AppData/Local/Programs/R/R-4.4.1/include" -DNDEBUG -I"C:/Users/spi085/AppData/Local/Programs/R/R-44~1.1/library/TMB/include" -I"C:/Users/spi085/AppData/Local/Programs/R/R-44~1.1/library/RCPPEI~1/include"   -DTMB_EIGEN_DISABLE_WARNINGS   -DTMB_LIB_INIT=R_init_model  -DCPPAD_FRAMEWORK    -I"C:/rtools44/x86_64-w64-mingw32.static.posix/include"     -O2 -Wa,-mbig-obj -c POPULATIONS//POPULATION_0011//INDIVIDUAL_T6O4MZRV/model.cpp -o POPULATIONS//POPULATION_0011//INDIVIDUAL_T6O4MZRV/model.o[0m
[93mR script stderr:[0m
[0mLoading required package: TMB
Loading required package: jsonlite
here() starts at C:/Users/spi085/OneDrive - CSIRO/Documents/_Projects/SCCP-QuantModelling
using C++ compiler: 'G__~1.EXE (GCC) 13.2.0'
POPULATIONS//POPULATION_0011//INDIVIDUAL_T6O4MZRV/model.cpp: In instantiation of 'Type objective_function<Type>::operator()() [with Type = CppAD::AD<double>]':
C:/Users/spi085/AppData/Local/Programs/R/R-4.4.1/library/TMB/include/tmb_core.hpp:1308:6:   required from here
POPULATIONS//POPULATION_0011//INDIVIDUAL_T6O4MZRV/model.cpp:91:23: error: no matching function for call to 'max(Eigen::DenseCoeffsBase<Eigen::Array<CppAD::AD<double>, -1, 1, 0, -1, 1>, 1>::Scalar&, CppAD::AD<double>&)'
   91 |     cots_pred[t] = max(cots_pred[t], epsilon);
      |                    ~~~^~~~~~~~~~~~~~~~~~~~~~~
In file included from C:/Users/spi085/AppData/Local/Programs/R/R-4.4.1/library/TMB/include/TMB.hpp:215,
                 from POPULATIONS//POPULATION_0011//INDIVIDUAL_T6O4MZRV/model.cpp:1:
C:/Users/spi085/AppData/Local/Programs/R/R-4.4.1/library/TMB/include/convenience.hpp:145:6: note: candidate: 'template<class Type> Type max(const tmbutils::vector<Type>&)'
  145 | Type max(const vector<Type> &x)
      |      ^~~
C:/Users/spi085/AppData/Local/Programs/R/R-4.4.1/library/TMB/include/convenience.hpp:145:6: note:   template argument deduction/substitution failed:
POPULATIONS//POPULATION_0011//INDIVIDUAL_T6O4MZRV/model.cpp:91:23: note:   'Eigen::DenseCoeffsBase<Eigen::Array<CppAD::AD<double>, -1, 1, 0, -1, 1>, 1>::Scalar' {aka 'CppAD::AD<double>'} is not derived from 'const tmbutils::vector<Type>'
   91 |     cots_pred[t] = max(cots_pred[t], epsilon);
      |                    ~~~^~~~~~~~~~~~~~~~~~~~~~~
POPULATIONS//POPULATION_0011//INDIVIDUAL_T6O4MZRV/model.cpp:92:23: error: no matching function for call to 'max(Eigen::DenseCoeffsBase<Eigen::Array<CppAD::AD<double>, -1, 1, 0, -1, 1>, 1>::Scalar&, CppAD::AD<double>&)'
   92 |     slow_pred[t] = max(slow_pred[t], epsilon);
      |                    ~~~^~~~~~~~~~~~~~~~~~~~~~~
C:/Users/spi085/AppData/Local/Programs/R/R-4.4.1/library/TMB/include/convenience.hpp:145:6: note: candidate: 'template<class Type> Type max(const tmbutils::vector<Type>&)'
  145 | Type max(const vector<Type> &x)
      |      ^~~
C:/Users/spi085/AppData/Local/Programs/R/R-4.4.1/library/TMB/include/convenience.hpp:145:6: note:   template argument deduction/substitution failed:
POPULATIONS//POPULATION_0011//INDIVIDUAL_T6O4MZRV/model.cpp:92:23: note:   'Eigen::DenseCoeffsBase<Eigen::Array<CppAD::AD<double>, -1, 1, 0, -1, 1>, 1>::Scalar' {aka 'CppAD::AD<double>'} is not derived from 'const tmbutils::vector<Type>'
   92 |     slow_pred[t] = max(slow_pred[t], epsilon);
      |                    ~~~^~~~~~~~~~~~~~~~~~~~~~~
POPULATIONS//POPULATION_0011//INDIVIDUAL_T6O4MZRV/model.cpp:93:23: error: no matching function for call to 'max(Eigen::DenseCoeffsBase<Eigen::Array<CppAD::AD<double>, -1, 1, 0, -1, 1>, 1>::Scalar&, CppAD::AD<double>&)'
   93 |     fast_pred[t] = max(fast_pred[t], epsilon);
      |                    ~~~^~~~~~~~~~~~~~~~~~~~~~~
C:/Users/spi085/AppData/Local/Programs/R/R-4.4.1/library/TMB/include/convenience.hpp:145:6: note: candidate: 'template<class Type> Type max(const tmbutils::vector<Type>&)'
  145 | Type max(const vector<Type> &x)
      |      ^~~
C:/Users/spi085/AppData/Local/Programs/R/R-4.4.1/library/TMB/include/convenience.hpp:145:6: note:   template argument deduction/substitution failed:
POPULATIONS//POPULATION_0011//INDIVIDUAL_T6O4MZRV/model.cpp:93:23: note:   'Eigen::DenseCoeffsBase<Eigen::Array<CppAD::AD<double>, -1, 1, 0, -1, 1>, 1>::Scalar' {aka 'CppAD::AD<double>'} is not derived from 'const tmbutils::vector<Type>'
   93 |     fast_pred[t] = max(fast_pred[t], epsilon);
      |                    ~~~^~~~~~~~~~~~~~~~~~~~~~~
POPULATIONS//POPULATION_0011//INDIVIDUAL_T6O4MZRV/model.cpp: In instantiation of 'Type objective_function<Type>::operator()() [with Type = double]':
C:/Users/spi085/AppData/Local/Programs/R/R-4.4.1/library/TMB/include/tmb_core.hpp:2031:7:   required from here
POPULATIONS//POPULATION_0011//INDIVIDUAL_T6O4MZRV/model.cpp:91:23: error: no matching function for call to 'max(Eigen::DenseCoeffsBase<Eigen::Array<double, -1, 1>, 1>::Scalar&, double&)'
   91 |     cots_pred[t] = max(cots_pred[t], epsilon);
      |                    ~~~^~~~~~~~~~~~~~~~~~~~~~~
C:/Users/spi085/AppData/Local/Programs/R/R-4.4.1/library/TMB/include/convenience.hpp:145:6: note: candidate: 'template<class Type> Type max(const tmbutils::vector<Type>&)'
  145 | Type max(const vector<Type> &x)
      |      ^~~
C:/Users/spi085/AppData/Local/Programs/R/R-4.4.1/library/TMB/include/convenience.hpp:145:6: note:   template argument deduction/substitution failed:
POPULATIONS//POPULATION_0011//INDIVIDUAL_T6O4MZRV/model.cpp:91:23: note:   mismatched types 'const tmbutils::vector<Type>' and 'Eigen::DenseCoeffsBase<Eigen::Array<double, -1, 1>, 1>::Scalar' {aka 'double'}
   91 |     cots_pred[t] = max(cots_pred[t], epsilon);
      |                    ~~~^~~~~~~~~~~~~~~~~~~~~~~
POPULATIONS//POPULATION_0011//INDIVIDUAL_T6O4MZRV/model.cpp:92:23: error: no matching function for call to 'max(Eigen::DenseCoeffsBase<Eigen::Array<double, -1, 1>, 1>::Scalar&, double&)'
   92 |     slow_pred[t] = max(slow_pred[t], epsilon);
      |                    ~~~^~~~~~~~~~~~~~~~~~~~~~~
C:/Users/spi085/AppData/Local/Programs/R/R-4.4.1/library/TMB/include/convenience.hpp:145:6: note: candidate: 'template<class Type> Type max(const tmbutils::vector<Type>&)'
  145 | Type max(const vector<Type> &x)
      |      ^~~
C:/Users/spi085/AppData/Local/Programs/R/R-4.4.1/library/TMB/include/convenience.hpp:145:6: note:   template argument deduction/substitution failed:
POPULATIONS//POPULATION_0011//INDIVIDUAL_T6O4MZRV/model.cpp:92:23: note:   mismatched types 'const tmbutils::vector<Type>' and 'Eigen::DenseCoeffsBase<Eigen::Array<double, -1, 1>, 1>::Scalar' {aka 'double'}
   92 |     slow_pred[t] = max(slow_pred[t], epsilon);
      |                    ~~~^~~~~~~~~~~~~~~~~~~~~~~
POPULATIONS//POPULATION_0011//INDIVIDUAL_T6O4MZRV/model.cpp:93:23: error: no matching function for call to 'max(Eigen::DenseCoeffsBase<Eigen::Array<double, -1, 1>, 1>::Scalar&, double&)'
   93 |     fast_pred[t] = max(fast_pred[t], epsilon);
      |                    ~~~^~~~~~~~~~~~~~~~~~~~~~~
C:/Users/spi085/AppData/Local/Programs/R/R-4.4.1/library/TMB/include/convenience.hpp:145:6: note: candidate: 'template<class Type> Type max(const tmbutils::vector<Type>&)'
  145 | Type max(const vector<Type> &x)
      |      ^~~
C:/Users/spi085/AppData/Local/Programs/R/R-4.4.1/library/TMB/include/convenience.hpp:145:6: note:   template argument deduction/substitution failed:
POPULATIONS//POPULATION_0011//INDIVIDUAL_T6O4MZRV/model.cpp:93:23: note:   mismatched types 'const tmbutils::vector<Type>' and 'Eigen::DenseCoeffsBase<Eigen::Array<double, -1, 1>, 1>::Scalar' {aka 'double'}
   93 |     fast_pred[t] = max(fast_pred[t], epsilon);
      |                    ~~~^~~~~~~~~~~~~~~~~~~~~~~
POPULATIONS//POPULATION_0011//INDIVIDUAL_T6O4MZRV/model.cpp: In instantiation of 'Type objective_function<Type>::operator()() [with Type = CppAD::AD<CppAD::AD<double> >]':
C:/Users/spi085/AppData/Local/Programs/R/R-4.4.1/library/TMB/include/tmb_core.hpp:913:29:   required from 'Type objective_function<Type>::evalUserTemplate() [with Type = CppAD::AD<CppAD::AD<double> >]'
C:/Users/spi085/AppData/Local/Programs/R/R-4.4.1/library/TMB/include/tmb_core.hpp:2112:26:   required from here
POPULATIONS//POPULATION_0011//INDIVIDUAL_T6O4MZRV/model.cpp:91:23: error: no matching function for call to 'max(Eigen::DenseCoeffsBase<Eigen::Array<CppAD::AD<CppAD::AD<double> >, -1, 1, 0, -1, 1>, 1>::Scalar&, CppAD::AD<CppAD::AD<double> >&)'
   91 |     cots_pred[t] = max(cots_pred[t], epsilon);
      |                    ~~~^~~~~~~~~~~~~~~~~~~~~~~
C:/Users/spi085/AppData/Local/Programs/R/R-4.4.1/library/TMB/include/convenience.hpp:145:6: note: candidate: 'template<class Type> Type max(const tmbutils::vector<Type>&)'
  145 | Type max(const vector<Type> &x)
      |      ^~~
C:/Users/spi085/AppData/Local/Programs/R/R-4.4.1/library/TMB/include/convenience.hpp:145:6: note:   template argument deduction/substitution failed:
POPULATIONS//POPULATION_0011//INDIVIDUAL_T6O4MZRV/model.cpp:91:23: note:   'Eigen::DenseCoeffsBase<Eigen::Array<CppAD::AD<CppAD::AD<double> >, -1, 1, 0, -1, 1>, 1>::Scalar' {aka 'CppAD::AD<CppAD::AD<double> >'} is not derived from 'const tmbutils::vector<Type>'
   91 |     cots_pred[t] = max(cots_pred[t], epsilon);
      |                    ~~~^~~~~~~~~~~~~~~~~~~~~~~
POPULATIONS//POPULATION_0011//INDIVIDUAL_T6O4MZRV/model.cpp:92:23: error: no matching function for call to 'max(Eigen::DenseCoeffsBase<Eigen::Array<CppAD::AD<CppAD::AD<double> >, -1, 1, 0, -1, 1>, 1>::Scalar&, CppAD::AD<CppAD::AD<double> >&)'
   92 |     slow_pred[t] = max(slow_pred[t], epsilon);
      |                    ~~~^~~~~~~~~~~~~~~~~~~~~~~
C:/Users/spi085/AppData/Local/Programs/R/R-4.4.1/library/TMB/include/convenience.hpp:145:6: note: candidate: 'template<class Type> Type max(const tmbutils::vector<Type>&)'
  145 | Type max(const vector<Type> &x)
      |      ^~~
C:/Users/spi085/AppData/Local/Programs/R/R-4.4.1/library/TMB/include/convenience.hpp:145:6: note:   template argument deduction/substitution failed:
POPULATIONS//POPULATION_0011//INDIVIDUAL_T6O4MZRV/model.cpp:92:23: note:   'Eigen::DenseCoeffsBase<Eigen::Array<CppAD::AD<CppAD::AD<double> >, -1, 1, 0, -1, 1>, 1>::Scalar' {aka 'CppAD::AD<CppAD::AD<double> >'} is not derived from 'const tmbutils::vector<Type>'
   92 |     slow_pred[t] = max(slow_pred[t], epsilon);
      |                    ~~~^~~~~~~~~~~~~~~~~~~~~~~
POPULATIONS//POPULATION_0011//INDIVIDUAL_T6O4MZRV/model.cpp:93:23: error: no matching function for call to 'max(Eigen::DenseCoeffsBase<Eigen::Array<CppAD::AD<CppAD::AD<double> >, -1, 1, 0, -1, 1>, 1>::Scalar&, CppAD::AD<CppAD::AD<double> >&)'
   93 |     fast_pred[t] = max(fast_pred[t], epsilon);
      |                    ~~~^~~~~~~~~~~~~~~~~~~~~~~
C:/Users/spi085/AppData/Local/Programs/R/R-4.4.1/library/TMB/include/convenience.hpp:145:6: note: candidate: 'template<class Type> Type max(const tmbutils::vector<Type>&)'
  145 | Type max(const vector<Type> &x)
      |      ^~~
C:/Users/spi085/AppData/Local/Programs/R/R-4.4.1/library/TMB/include/convenience.hpp:145:6: note:   template argument deduction/substitution failed:
POPULATIONS//POPULATION_0011//INDIVIDUAL_T6O4MZRV/model.cpp:93:23: note:   'Eigen::DenseCoeffsBase<Eigen::Array<CppAD::AD<CppAD::AD<double> >, -1, 1, 0, -1, 1>, 1>::Scalar' {aka 'CppAD::AD<CppAD::AD<double> >'} is not derived from 'const tmbutils::vector<Type>'
   93 |     fast_pred[t] = max(fast_pred[t], epsilon);
      |                    ~~~^~~~~~~~~~~~~~~~~~~~~~~
POPULATIONS//POPULATION_0011//INDIVIDUAL_T6O4MZRV/model.cpp: In instantiation of 'Type objective_function<Type>::operator()() [with Type = CppAD::AD<CppAD::AD<CppAD::AD<double> > >]':
C:/Users/spi085/AppData/Local/Programs/R/R-4.4.1/library/TMB/include/tmb_core.hpp:913:29:   required from 'Type objective_function<Type>::evalUserTemplate() [with Type = CppAD::AD<CppAD::AD<CppAD::AD<double> > >]'
C:/Users/spi085/AppData/Local/Programs/R/R-4.4.1/library/TMB/include/tmb_core.hpp:2361:28:   required from here
POPULATIONS//POPULATION_0011//INDIVIDUAL_T6O4MZRV/model.cpp:91:23: error: no matching function for call to 'max(Eigen::DenseCoeffsBase<Eigen::Array<CppAD::AD<CppAD::AD<CppAD::AD<double> > >, -1, 1, 0, -1, 1>, 1>::Scalar&, CppAD::AD<CppAD::AD<CppAD::AD<double> > >&)'
   91 |     cots_pred[t] = max(cots_pred[t], epsilon);
      |                    ~~~^~~~~~~~~~~~~~~~~~~~~~~
C:/Users/spi085/AppData/Local/Programs/R/R-4.4.1/library/TMB/include/convenience.hpp:145:6: note: candidate: 'template<class Type> Type max(const tmbutils::vector<Type>&)'
  145 | Type max(const vector<Type> &x)
      |      ^~~
C:/Users/spi085/AppData/Local/Programs/R/R-4.4.1/library/TMB/include/convenience.hpp:145:6: note:   template argument deduction/substitution failed:
POPULATIONS//POPULATION_0011//INDIVIDUAL_T6O4MZRV/model.cpp:91:23: note:   'Eigen::DenseCoeffsBase<Eigen::Array<CppAD::AD<CppAD::AD<CppAD::AD<double> > >, -1, 1, 0, -1, 1>, 1>::Scalar' {aka 'CppAD::AD<CppAD::AD<CppAD::AD<double> > >'} is not derived from 'const tmbutils::vector<Type>'
   91 |     cots_pred[t] = max(cots_pred[t], epsilon);
      |                    ~~~^~~~~~~~~~~~~~~~~~~~~~~
POPULATIONS//POPULATION_0011//INDIVIDUAL_T6O4MZRV/model.cpp:92:23: error: no matching function for call to 'max(Eigen::DenseCoeffsBase<Eigen::Array<CppAD::AD<CppAD::AD<CppAD::AD<double> > >, -1, 1, 0, -1, 1>, 1>::Scalar&, CppAD::AD<CppAD::AD<CppAD::AD<double> > >&)'
   92 |     slow_pred[t] = max(slow_pred[t], epsilon);
      |                    ~~~^~~~~~~~~~~~~~~~~~~~~~~
C:/Users/spi085/AppData/Local/Programs/R/R-4.4.1/library/TMB/include/convenience.hpp:145:6: note: candidate: 'template<class Type> Type max(const tmbutils::vector<Type>&)'
  145 | Type max(const vector<Type> &x)
      |      ^~~
C:/Users/spi085/AppData/Local/Programs/R/R-4.4.1/library/TMB/include/convenience.hpp:145:6: note:   template argument deduction/substitution failed:
POPULATIONS//POPULATION_0011//INDIVIDUAL_T6O4MZRV/model.cpp:92:23: note:   'Eigen::DenseCoeffsBase<Eigen::Array<CppAD::AD<CppAD::AD<CppAD::AD<double> > >, -1, 1, 0, -1, 1>, 1>::Scalar' {aka 'CppAD::AD<CppAD::AD<CppAD::AD<double> > >'} is not derived from 'const tmbutils::vector<Type>'
   92 |     slow_pred[t] = max(slow_pred[t], epsilon);
      |                    ~~~^~~~~~~~~~~~~~~~~~~~~~~
POPULATIONS//POPULATION_0011//INDIVIDUAL_T6O4MZRV/model.cpp:93:23: error: no matching function for call to 'max(Eigen::DenseCoeffsBase<Eigen::Array<CppAD::AD<CppAD::AD<CppAD::AD<double> > >, -1, 1, 0, -1, 1>, 1>::Scalar&, CppAD::AD<CppAD::AD<CppAD::AD<double> > >&)'
   93 |     fast_pred[t] = max(fast_pred[t], epsilon);
      |                    ~~~^~~~~~~~~~~~~~~~~~~~~~~
C:/Users/spi085/AppData/Local/Programs/R/R-4.4.1/library/TMB/include/convenience.hpp:145:6: note: candidate: 'template<class Type> Type max(const tmbutils::vector<Type>&)'
  145 | Type max(const vector<Type> &x)
      |      ^~~
C:/Users/spi085/AppData/Local/Programs/R/R-4.4.1/library/TMB/include/convenience.hpp:145:6: note:   template argument deduction/substitution failed:
POPULATIONS//POPULATION_0011//INDIVIDUAL_T6O4MZRV/model.cpp:93:23: note:   'Eigen::DenseCoeffsBase<Eigen::Array<CppAD::AD<CppAD::AD<CppAD::AD<double> > >, -1, 1, 0, -1, 1>, 1>::Scalar' {aka 'CppAD::AD<CppAD::AD<CppAD::AD<double> > >'} is not derived from 'const tmbutils::vector<Type>'
   93 |     fast_pred[t] = max(fast_pred[t], epsilon);
      |                    ~~~^~~~~~~~~~~~~~~~~~~~~~~
make: *** [C:/Users/spi085/AppData/Local/Programs/R/R-4.4.1/etc/x64/Makeconf:296: POPULATIONS//POPULATION_0011//INDIVIDUAL_T6O4MZRV/model.o] Error 1
Error in TMB::compile(file.path(individual_dir, model_file), flags = flags,  : 
  Compilation failed
Error: Compilation failed
Execution halted[0m
[91mModel failed to compile.[0m
Fixing broken model iteration: 2
Below is the SEARCH/REPLACE block that replaces calls to max with fully qualified std::max, which resolves the overload issue. Please apply the changes below:                                                                                                

POPULATIONS\POPULATION_0011\INDIVIDUAL_T6O4MZRV\model.cpp                                                                                                                                                                                                     

                                                                                                                                                                                                                                                              
 <<<<<<< SEARCH                                                                                                                                                                                                                                               
     // Ensure predictions remain positive using max function                                                                                                                                                                                                 
     cots_pred[t] = max(cots_pred[t], epsilon);                                                                                                                                                                                                               
     slow_pred[t] = max(slow_pred[t], epsilon);                                                                                                                                                                                                               
     fast_pred[t] = max(fast_pred[t], epsilon);                                                                                                                                                                                                               
 =======                                                                                                                                                                                                                                                      
     // Ensure predictions remain positive using std::max                                                                                                                                                                                                     
     cots_pred[t] = std::max(cots_pred[t], epsilon);                                                                                                                                                                                                          
     slow_pred[t] = std::max(slow_pred[t], epsilon);                                                                                                                                                                                                          
     fast_pred[t] = std::max(fast_pred[t], epsilon);                                                                                                                                                                                                          
 >>>>>>> REPLACE                                                                                                                                                                                                                                              
                                                                                                                                                                                                                                                              

Tokens: 15k sent, 181 received. Cost: $0.02 message, $0.05 session.
Committing POPULATIONS\POPULATION_0011\INDIVIDUAL_T6O4MZRV\model.cpp before applying edits.
Unable to add C:\Users\spi085\OneDrive - CSIRO\Documents\_Projects\SCCP-QuantModelling\POPULATIONS\POPULATION_0011\INDIVIDUAL_T6O4MZRV\model.cpp: Cmd('git') failed due to: exit code(1)
  cmdline: git add C:\Users\spi085\OneDrive - CSIRO\Documents\_Projects\SCCP-QuantModelling\POPULATIONS\POPULATION_0011\INDIVIDUAL_T6O4MZRV\model.cpp
  stderr: 'The following paths are ignored by one of your .gitignore files:
POPULATIONS
hint: Use -f if you really want to add them.
hint: Turn this message off by running
hint: "git config advice.addIgnoredFile false"'
Unable to commit: Cmd('git') failed due to: exit code(1)
  cmdline: git commit -m feat: Add model.cpp for population 0011 individual T6O4MZRV --no-verify -- C:\Users\spi085\OneDrive - CSIRO\Documents\_Projects\SCCP-QuantModelling\POPULATIONS\POPULATION_0011\INDIVIDUAL_T6O4MZRV\model.cpp
  stderr: 'error: pathspec 'C:\Users\spi085\OneDrive - CSIRO\Documents\_Projects\SCCP-QuantModelling\POPULATIONS\POPULATION_0011\INDIVIDUAL_T6O4MZRV\model.cpp' did not match any file(s) known to git'
Applied edit to POPULATIONS\POPULATION_0011\INDIVIDUAL_T6O4MZRV\model.cpp
Validating fixed model for data leakage...
Opening file: POPULATIONS\POPULATION_0011\INDIVIDUAL_T6O4MZRV\model.cpp
File read successfully
Extracting vectors...
Found data vectors: {'cots_dat', 'sst_dat', 'slow_dat', 'cotsimm_dat', 'Year', 'fast_dat'}
Found prediction vectors: {'fast_pred', 'cots_pred', 'slow_pred'}
Found reported vectors: {'fast_pred', 'cots_pred', 'slow_pred'}
Finding initial conditions...
Found 3 initial conditions
Finding time-stepping loop...
Found loop from line 74 to 99
Found response variables from Data/timeseries_data_COTS_response.csv: {'cots_dat', 'slow_dat', 'fast_dat'}
[93mRunning model for individual...[0m
[0mIndividual directory: POPULATIONS\POPULATION_0011\INDIVIDUAL_T6O4MZRV[0m
[93mR script stdout:[0m
[0mg++ -std=gnu++17  -I"C:/Users/spi085/AppData/Local/Programs/R/R-4.4.1/include" -DNDEBUG -I"C:/Users/spi085/AppData/Local/Programs/R/R-44~1.1/library/TMB/include" -I"C:/Users/spi085/AppData/Local/Programs/R/R-44~1.1/library/RCPPEI~1/include"   -DTMB_EIGEN_DISABLE_WARNINGS   -DTMB_LIB_INIT=R_init_model  -DCPPAD_FRAMEWORK    -I"C:/rtools44/x86_64-w64-mingw32.static.posix/include"     -O2 -Wa,-mbig-obj -c POPULATIONS//POPULATION_0011//INDIVIDUAL_T6O4MZRV/model.cpp -o POPULATIONS//POPULATION_0011//INDIVIDUAL_T6O4MZRV/model.o
g++ -std=gnu++17 -shared -s -static-libgcc -o POPULATIONS//POPULATION_0011//INDIVIDUAL_T6O4MZRV/model.dll tmp.def POPULATIONS//POPULATION_0011//INDIVIDUAL_T6O4MZRV/model.o -LC:/rtools44/x86_64-w64-mingw32.static.posix/lib/x64 -LC:/rtools44/x86_64-w64-mingw32.static.posix/lib -LC:/Users/spi085/AppData/Local/Programs/R/R-4.4.1/bin/x64 -lR
Starting model phases
Number of phases: 2 
Phase 1 
Initial parameter values for phase 1 :
        r_cots         K_cots  eff_pred_slow  eff_pred_fast         r_slow 
            NA          0.255             NA             NA             NA 
        K_slow         r_fast         K_fast       beta_sst log_sigma_cots 
            NA          1.000             NA             NA             NA 
log_sigma_slow log_sigma_fast 
            NA             NA 
Error in model phases: NA/NaN gradient evaluation[0m
[93mR script stderr:[0m
[0mLoading required package: TMB
Loading required package: jsonlite
here() starts at C:/Users/spi085/OneDrive - CSIRO/Documents/_Projects/SCCP-QuantModelling
using C++ compiler: 'G__~1.EXE (GCC) 13.2.0'
Error in value[[3L]](cond) : 
  Error in model phases: NA/NaN gradient evaluation
Calls: tryCatch -> tryCatchList -> tryCatchOne -> <Anonymous>
In addition: Warning message:
In nlminb(model$par, model$fn, model$gr) : NA/NaN function evaluation
Execution halted[0m
[91mR script failed with return code 1[0m
Fixing broken model iteration: 3
Below is the SEARCH/REPLACE block that adds a check immediately after defining epsilon to catch any NA/NaN (i.e. non-finite) parameter values and return a large penalty, thereby avoiding NA/NaN gradient evaluations.                                       

POPULATIONS\POPULATION_0011\INDIVIDUAL_T6O4MZRV\model.cpp                                                                                                                                                                                                     

                                                                                                                                                                                                                                                              
 <<<<<<< SEARCH                                                                                                                                                                                                                                               
   // Small constant to ensure numerical stability (avoid division by zero)                                                                                                                                                                                   
   Type epsilon = Type(1e-8);                                                                                                                                                                                                                                 
                                                                                                                                                                                                                                                              
   // Number of time steps                                                                                                                                                                                                                                    
   int n = Year.size();                                                                                                                                                                                                                                       
 =======                                                                                                                                                                                                                                                      
   // Small constant to ensure numerical stability (avoid division by zero)                                                                                                                                                                                   
   Type epsilon = Type(1e-8);                                                                                                                                                                                                                                 
                                                                                                                                                                                                                                                              
   // Prevent NA/NaN gradient evaluation by penalizing non-finite parameter values                                                                                                                                                                            
   if (!std::isfinite(r_cots) || !std::isfinite(K_cots) || !std::isfinite(eff_pred_slow) ||                                                                                                                                                                   
       !std::isfinite(eff_pred_fast) || !std::isfinite(r_slow) || !std::isfinite(K_slow) ||                                                                                                                                                                   
       !std::isfinite(r_fast) || !std::isfinite(K_fast) || !std::isfinite(beta_sst) || !std::isfinite(alpha_comp)) {                                                                                                                                          
     return 1e10;                                                                                                                                                                                                                                             
   }                                                                                                                                                                                                                                                          
                                                                                                                                                                                                                                                              
   // Number of time steps                                                                                                                                                                                                                                    
   int n = Year.size();                                                                                                                                                                                                                                       
 >>>>>>> REPLACE                                                                                                                                                                                                                                              
                                                                                                                                                                                                                                                              

After applying these changes, please re-run the model to check if the NA/NaN gradient evaluation issue is resolved.                                                                                                                                           

Tokens: 16k sent, 314 received. Cost: $0.02 message, $0.07 session.
Committing POPULATIONS\POPULATION_0011\INDIVIDUAL_T6O4MZRV\model.cpp before applying edits.
Unable to add C:\Users\spi085\OneDrive - CSIRO\Documents\_Projects\SCCP-QuantModelling\POPULATIONS\POPULATION_0011\INDIVIDUAL_T6O4MZRV\model.cpp: Cmd('git') failed due to: exit code(1)
  cmdline: git add C:\Users\spi085\OneDrive - CSIRO\Documents\_Projects\SCCP-QuantModelling\POPULATIONS\POPULATION_0011\INDIVIDUAL_T6O4MZRV\model.cpp
  stderr: 'The following paths are ignored by one of your .gitignore files:
POPULATIONS
hint: Use -f if you really want to add them.
hint: Turn this message off by running
hint: "git config advice.addIgnoredFile false"'
Unable to commit: Cmd('git') failed due to: exit code(1)
  cmdline: git commit -m feat: Add model.cpp for population 0011 individual T6O4MZRV --no-verify -- C:\Users\spi085\OneDrive - CSIRO\Documents\_Projects\SCCP-QuantModelling\POPULATIONS\POPULATION_0011\INDIVIDUAL_T6O4MZRV\model.cpp
  stderr: 'error: pathspec 'C:\Users\spi085\OneDrive - CSIRO\Documents\_Projects\SCCP-QuantModelling\POPULATIONS\POPULATION_0011\INDIVIDUAL_T6O4MZRV\model.cpp' did not match any file(s) known to git'
Applied edit to POPULATIONS\POPULATION_0011\INDIVIDUAL_T6O4MZRV\model.cpp
Validating fixed model for data leakage...
Opening file: POPULATIONS\POPULATION_0011\INDIVIDUAL_T6O4MZRV\model.cpp
File read successfully
Extracting vectors...
Found data vectors: {'cots_dat', 'sst_dat', 'slow_dat', 'cotsimm_dat', 'Year', 'fast_dat'}
Found prediction vectors: {'fast_pred', 'cots_pred', 'slow_pred'}
Found reported vectors: {'fast_pred', 'cots_pred', 'slow_pred'}
Finding initial conditions...
Found 3 initial conditions
Finding time-stepping loop...
Found loop from line 81 to 106
Found response variables from Data/timeseries_data_COTS_response.csv: {'cots_dat', 'slow_dat', 'fast_dat'}
[93mRunning model for individual...[0m
[0mIndividual directory: POPULATIONS\POPULATION_0011\INDIVIDUAL_T6O4MZRV[0m
[93mRemoved old compilation: model.dll[0m
[93mRemoved old compilation: model.o[0m
[93mR script stdout:[0m
[0mg++ -std=gnu++17  -I"C:/Users/spi085/AppData/Local/Programs/R/R-4.4.1/include" -DNDEBUG -I"C:/Users/spi085/AppData/Local/Programs/R/R-44~1.1/library/TMB/include" -I"C:/Users/spi085/AppData/Local/Programs/R/R-44~1.1/library/RCPPEI~1/include"   -DTMB_EIGEN_DISABLE_WARNINGS   -DTMB_LIB_INIT=R_init_model  -DCPPAD_FRAMEWORK    -I"C:/rtools44/x86_64-w64-mingw32.static.posix/include"     -O2 -Wa,-mbig-obj -c POPULATIONS//POPULATION_0011//INDIVIDUAL_T6O4MZRV/model.cpp -o POPULATIONS//POPULATION_0011//INDIVIDUAL_T6O4MZRV/model.o[0m
[93mR script stderr:[0m
[0mLoading required package: TMB
Loading required package: jsonlite
here() starts at C:/Users/spi085/OneDrive - CSIRO/Documents/_Projects/SCCP-QuantModelling
using C++ compiler: 'G__~1.EXE (GCC) 13.2.0'
POPULATIONS//POPULATION_0011//INDIVIDUAL_T6O4MZRV/model.cpp: In instantiation of 'Type objective_function<Type>::operator()() [with Type = CppAD::AD<double>]':
C:/Users/spi085/AppData/Local/Programs/R/R-4.4.1/library/TMB/include/tmb_core.hpp:1308:6:   required from here
POPULATIONS//POPULATION_0011//INDIVIDUAL_T6O4MZRV/model.cpp:58:21: error: no matching function for call to 'isfinite(CppAD::AD<double>&)'
   58 |   if (!std::isfinite(r_cots) || !std::isfinite(K_cots) || !std::isfinite(eff_pred_slow) ||
      |        ~~~~~~~~~~~~~^~~~~~~~
In file included from C:/Users/spi085/AppData/Local/Programs/R/R-44~1.1/library/RCPPEI~1/include/Eigen/src/Core/util/Macros.h:679,
                 from C:/Users/spi085/AppData/Local/Programs/R/R-44~1.1/library/RCPPEI~1/include/Eigen/Core:19,
                 from C:/Users/spi085/AppData/Local/Programs/R/R-44~1.1/library/RCPPEI~1/include/Eigen/Dense:1,
                 from C:/Users/spi085/AppData/Local/Programs/R/R-4.4.1/library/TMB/include/TMB.hpp:92,
                 from POPULATIONS//POPULATION_0011//INDIVIDUAL_T6O4MZRV/model.cpp:1:
C:/rtools44/x86_64-w64-mingw32.static.posix/lib/gcc/x86_64-w64-mingw32.static.posix/13.2.0/include/c++/cmath:1138:5: note: candidate: 'template<class _Tp> constexpr typename __gnu_cxx::__enable_if<std::__is_integer<_Tp>::__value, bool>::__type std::isfinite(_Tp)'
 1138 |     isfinite(_Tp __x)
      |     ^~~~~~~~
C:/rtools44/x86_64-w64-mingw32.static.posix/lib/gcc/x86_64-w64-mingw32.static.posix/13.2.0/include/c++/cmath:1138:5: note:   template argument deduction/substitution failed:
C:/rtools44/x86_64-w64-mingw32.static.posix/lib/gcc/x86_64-w64-mingw32.static.posix/13.2.0/include/c++/cmath: In substitution of 'template<class _Tp> constexpr typename __gnu_cxx::__enable_if<std::__is_integer<_Tp>::__value, bool>::__type std::isfinite(_Tp) [with _Tp = CppAD::AD<double>]':
POPULATIONS//POPULATION_0011//INDIVIDUAL_T6O4MZRV/model.cpp:58:21:   required from 'Type objective_function<Type>::operator()() [with Type = CppAD::AD<double>]'
C:/Users/spi085/AppData/Local/Programs/R/R-4.4.1/library/TMB/include/tmb_core.hpp:1308:6:   required from here
C:/rtools44/x86_64-w64-mingw32.static.posix/lib/gcc/x86_64-w64-mingw32.static.posix/13.2.0/include/c++/cmath:1138:5: error: no type named '__type' in 'struct __gnu_cxx::__enable_if<false, bool>'
POPULATIONS//POPULATION_0011//INDIVIDUAL_T6O4MZRV/model.cpp: In instantiation of 'Type objective_function<Type>::operator()() [with Type = CppAD::AD<double>]':
C:/Users/spi085/AppData/Local/Programs/R/R-4.4.1/library/TMB/include/tmb_core.hpp:1308:6:   required from here
C:/rtools44/x86_64-w64-mingw32.static.posix/lib/gcc/x86_64-w64-mingw32.static.posix/13.2.0/include/c++/cmath:1122:3: note: candidate: 'constexpr bool std::isfinite(float)'
 1122 |   isfinite(float __x)
      |   ^~~~~~~~
C:/rtools44/x86_64-w64-mingw32.static.posix/lib/gcc/x86_64-w64-mingw32.static.posix/13.2.0/include/c++/cmath:1122:18: note:   no known conversion for argument 1 from 'CppAD::AD<double>' to 'float'
 1122 |   isfinite(float __x)
      |            ~~~~~~^~~
C:/rtools44/x86_64-w64-mingw32.static.posix/lib/gcc/x86_64-w64-mingw32.static.posix/13.2.0/include/c++/cmath:1126:3: note: candidate: 'constexpr bool std::isfinite(double)'
 1126 |   isfinite(double __x)
      |   ^~~~~~~~
C:/rtools44/x86_64-w64-mingw32.static.posix/lib/gcc/x86_64-w64-mingw32.static.posix/13.2.0/include/c++/cmath:1126:19: note:   no known conversion for argument 1 from 'CppAD::AD<double>' to 'double'
 1126 |   isfinite(double __x)
      |            ~~~~~~~^~~
C:/rtools44/x86_64-w64-mingw32.static.posix/lib/gcc/x86_64-w64-mingw32.static.posix/13.2.0/include/c++/cmath:1130:3: note: candidate: 'constexpr bool std::isfinite(long double)'
 1130 |   isfinite(long double __x)
      |   ^~~~~~~~
C:/rtools44/x86_64-w64-mingw32.static.posix/lib/gcc/x86_64-w64-mingw32.static.posix/13.2.0/include/c++/cmath:1130:24: note:   no known conversion for argument 1 from 'CppAD::AD<double>' to 'long double'
 1130 |   isfinite(long double __x)
      |            ~~~~~~~~~~~~^~~
POPULATIONS//POPULATION_0011//INDIVIDUAL_T6O4MZRV/model.cpp:58:47: error: no matching function for call to 'isfinite(CppAD::AD<double>&)'
   58 |   if (!std::isfinite(r_cots) || !std::isfinite(K_cots) || !std::isfinite(eff_pred_slow) ||
      |                                  ~~~~~~~~~~~~~^~~~~~~~
C:/rtools44/x86_64-w64-mingw32.static.posix/lib/gcc/x86_64-w64-mingw32.static.posix/13.2.0/include/c++/cmath:1138:5: note: candidate: 'template<class _Tp> constexpr typename __gnu_cxx::__enable_if<std::__is_integer<_Tp>::__value, bool>::__type std::isfinite(_Tp)'
 1138 |     isfinite(_Tp __x)
      |     ^~~~~~~~
C:/rtools44/x86_64-w64-mingw32.static.posix/lib/gcc/x86_64-w64-mingw32.static.posix/13.2.0/include/c++/cmath:1138:5: note:   template argument deduction/substitution failed:
C:/rtools44/x86_64-w64-mingw32.static.posix/lib/gcc/x86_64-w64-mingw32.static.posix/13.2.0/include/c++/cmath: In substitution of 'template<class _Tp> constexpr typename __gnu_cxx::__enable_if<std::__is_integer<_Tp>::__value, bool>::__type std::isfinite(_Tp) [with _Tp = CppAD::AD<double>]':
POPULATIONS//POPULATION_0011//INDIVIDUAL_T6O4MZRV/model.cpp:58:47:   required from 'Type objective_function<Type>::operator()() [with Type = CppAD::AD<double>]'
C:/Users/spi085/AppData/Local/Programs/R/R-4.4.1/library/TMB/include/tmb_core.hpp:1308:6:   required from here
C:/rtools44/x86_64-w64-mingw32.static.posix/lib/gcc/x86_64-w64-mingw32.static.posix/13.2.0/include/c++/cmath:1138:5: error: no type named '__type' in 'struct __gnu_cxx::__enable_if<false, bool>'
POPULATIONS//POPULATION_0011//INDIVIDUAL_T6O4MZRV/model.cpp: In instantiation of 'Type objective_function<Type>::operator()() [with Type = CppAD::AD<double>]':
C:/Users/spi085/AppData/Local/Programs/R/R-4.4.1/library/TMB/include/tmb_core.hpp:1308:6:   required from here
C:/rtools44/x86_64-w64-mingw32.static.posix/lib/gcc/x86_64-w64-mingw32.static.posix/13.2.0/include/c++/cmath:1122:3: note: candidate: 'constexpr bool std::isfinite(float)'
 1122 |   isfinite(float __x)
      |   ^~~~~~~~
C:/rtools44/x86_64-w64-mingw32.static.posix/lib/gcc/x86_64-w64-mingw32.static.posix/13.2.0/include/c++/cmath:1122:18: note:   no known conversion for argument 1 from 'CppAD::AD<double>' to 'float'
 1122 |   isfinite(float __x)
      |            ~~~~~~^~~
C:/rtools44/x86_64-w64-mingw32.static.posix/lib/gcc/x86_64-w64-mingw32.static.posix/13.2.0/include/c++/cmath:1126:3: note: candidate: 'constexpr bool std::isfinite(double)'
 1126 |   isfinite(double __x)
      |   ^~~~~~~~
C:/rtools44/x86_64-w64-mingw32.static.posix/lib/gcc/x86_64-w64-mingw32.static.posix/13.2.0/include/c++/cmath:1126:19: note:   no known conversion for argument 1 from 'CppAD::AD<double>' to 'double'
 1126 |   isfinite(double __x)
      |            ~~~~~~~^~~
C:/rtools44/x86_64-w64-mingw32.static.posix/lib/gcc/x86_64-w64-mingw32.static.posix/13.2.0/include/c++/cmath:1130:3: note: candidate: 'constexpr bool std::isfinite(long double)'
 1130 |   isfinite(long double __x)
      |   ^~~~~~~~
C:/rtools44/x86_64-w64-mingw32.static.posix/lib/gcc/x86_64-w64-mingw32.static.posix/13.2.0/include/c++/cmath:1130:24: note:   no known conversion for argument 1 from 'CppAD::AD<double>' to 'long double'
 1130 |   isfinite(long double __x)
      |            ~~~~~~~~~~~~^~~
POPULATIONS//POPULATION_0011//INDIVIDUAL_T6O4MZRV/model.cpp:58:73: error: no matching function for call to 'isfinite(CppAD::AD<double>&)'
   58 |   if (!std::isfinite(r_cots) || !std::isfinite(K_cots) || !std::isfinite(eff_pred_slow) ||
      |                                                            ~~~~~~~~~~~~~^~~~~~~~~~~~~~~
C:/rtools44/x86_64-w64-mingw32.static.posix/lib/gcc/x86_64-w64-mingw32.static.posix/13.2.0/include/c++/cmath:1138:5: note: candidate: 'template<class _Tp> constexpr typename __gnu_cxx::__enable_if<std::__is_integer<_Tp>::__value, bool>::__type std::isfinite(_Tp)'
 1138 |     isfinite(_Tp __x)
      |     ^~~~~~~~
C:/rtools44/x86_64-w64-mingw32.static.posix/lib/gcc/x86_64-w64-mingw32.static.posix/13.2.0/include/c++/cmath:1138:5: note:   template argument deduction/substitution failed:
C:/rtools44/x86_64-w64-mingw32.static.posix/lib/gcc/x86_64-w64-mingw32.static.posix/13.2.0/include/c++/cmath: In substitution of 'template<class _Tp> constexpr typename __gnu_cxx::__enable_if<std::__is_integer<_Tp>::__value, bool>::__type std::isfinite(_Tp) [with _Tp = CppAD::AD<double>]':
POPULATIONS//POPULATION_0011//INDIVIDUAL_T6O4MZRV/model.cpp:58:73:   required from 'Type objective_function<Type>::operator()() [with Type = CppAD::AD<double>]'
C:/Users/spi085/AppData/Local/Programs/R/R-4.4.1/library/TMB/include/tmb_core.hpp:1308:6:   required from here
C:/rtools44/x86_64-w64-mingw32.static.posix/lib/gcc/x86_64-w64-mingw32.static.posix/13.2.0/include/c++/cmath:1138:5: error: no type named '__type' in 'struct __gnu_cxx::__enable_if<false, bool>'
POPULATIONS//POPULATION_0011//INDIVIDUAL_T6O4MZRV/model.cpp: In instantiation of 'Type objective_function<Type>::operator()() [with Type = CppAD::AD<double>]':
C:/Users/spi085/AppData/Local/Programs/R/R-4.4.1/library/TMB/include/tmb_core.hpp:1308:6:   required from here
C:/rtools44/x86_64-w64-mingw32.static.posix/lib/gcc/x86_64-w64-mingw32.static.posix/13.2.0/include/c++/cmath:1122:3: note: candidate: 'constexpr bool std::isfinite(float)'
 1122 |   isfinite(float __x)
      |   ^~~~~~~~
C:/rtools44/x86_64-w64-mingw32.static.posix/lib/gcc/x86_64-w64-mingw32.static.posix/13.2.0/include/c++/cmath:1122:18: note:   no known conversion for argument 1 from 'CppAD::AD<double>' to 'float'
 1122 |   isfinite(float __x)
      |            ~~~~~~^~~
C:/rtools44/x86_64-w64-mingw32.static.posix/lib/gcc/x86_64-w64-mingw32.static.posix/13.2.0/include/c++/cmath:1126:3: note: candidate: 'constexpr bool std::isfinite(double)'
 1126 |   isfinite(double __x)
      |   ^~~~~~~~
C:/rtools44/x86_64-w64-mingw32.static.posix/lib/gcc/x86_64-w64-mingw32.static.posix/13.2.0/include/c++/cmath:1126:19: note:   no known conversion for argument 1 from 'CppAD::AD<double>' to 'double'
 1126 |   isfinite(double __x)
      |            ~~~~~~~^~~
C:/rtools44/x86_64-w64-mingw32.static.posix/lib/gcc/x86_64-w64-mingw32.static.posix/13.2.0/include/c++/cmath:1130:3: note: candidate: 'constexpr bool std::isfinite(long double)'
 1130 |   isfinite(long double __x)
      |   ^~~~~~~~
C:/rtools44/x86_64-w64-mingw32.static.posix/lib/gcc/x86_64-w64-mingw32.static.posix/13.2.0/include/c++/cmath:1130:24: note:   no known conversion for argument 1 from 'CppAD::AD<double>' to 'long double'
 1130 |   isfinite(long double __x)
      |            ~~~~~~~~~~~~^~~
POPULATIONS//POPULATION_0011//INDIVIDUAL_T6O4MZRV/model.cpp:59:21: error: no matching function for call to 'isfinite(CppAD::AD<double>&)'
   59 |       !std::isfinite(eff_pred_fast) || !std::isfinite(r_slow) || !std::isfinite(K_slow) ||
      |        ~~~~~~~~~~~~~^~~~~~~~~~~~~~~
C:/rtools44/x86_64-w64-mingw32.static.posix/lib/gcc/x86_64-w64-mingw32.static.posix/13.2.0/include/c++/cmath:1138:5: note: candidate: 'template<class _Tp> constexpr typename __gnu_cxx::__enable_if<std::__is_integer<_Tp>::__value, bool>::__type std::isfinite(_Tp)'
 1138 |     isfinite(_Tp __x)
      |     ^~~~~~~~
C:/rtools44/x86_64-w64-mingw32.static.posix/lib/gcc/x86_64-w64-mingw32.static.posix/13.2.0/include/c++/cmath:1138:5: note:   template argument deduction/substitution failed:
C:/rtools44/x86_64-w64-mingw32.static.posix/lib/gcc/x86_64-w64-mingw32.static.posix/13.2.0/include/c++/cmath: In substitution of 'template<class _Tp> constexpr typename __gnu_cxx::__enable_if<std::__is_integer<_Tp>::__value, bool>::__type std::isfinite(_Tp) [with _Tp = CppAD::AD<double>]':
POPULATIONS//POPULATION_0011//INDIVIDUAL_T6O4MZRV/model.cpp:59:21:   required from 'Type objective_function<Type>::operator()() [with Type = CppAD::AD<double>]'
C:/Users/spi085/AppData/Local/Programs/R/R-4.4.1/library/TMB/include/tmb_core.hpp:1308:6:   required from here
C:/rtools44/x86_64-w64-mingw32.static.posix/lib/gcc/x86_64-w64-mingw32.static.posix/13.2.0/include/c++/cmath:1138:5: error: no type named '__type' in 'struct __gnu_cxx::__enable_if<false, bool>'
POPULATIONS//POPULATION_0011//INDIVIDUAL_T6O4MZRV/model.cpp: In instantiation of 'Type objective_function<Type>::operator()() [with Type = CppAD::AD<double>]':
C:/Users/spi085/AppData/Local/Programs/R/R-4.4.1/library/TMB/include/tmb_core.hpp:1308:6:   required from here
C:/rtools44/x86_64-w64-mingw32.static.posix/lib/gcc/x86_64-w64-mingw32.static.posix/13.2.0/include/c++/cmath:1122:3: note: candidate: 'constexpr bool std::isfinite(float)'
 1122 |   isfinite(float __x)
      |   ^~~~~~~~
C:/rtools44/x86_64-w64-mingw32.static.posix/lib/gcc/x86_64-w64-mingw32.static.posix/13.2.0/include/c++/cmath:1122:18: note:   no known conversion for argument 1 from 'CppAD::AD<double>' to 'float'
 1122 |   isfinite(float __x)
      |            ~~~~~~^~~
C:/rtools44/x86_64-w64-mingw32.static.posix/lib/gcc/x86_64-w64-mingw32.static.posix/13.2.0/include/c++/cmath:1126:3: note: candidate: 'constexpr bool std::isfinite(double)'
 1126 |   isfinite(double __x)
      |   ^~~~~~~~
C:/rtools44/x86_64-w64-mingw32.static.posix/lib/gcc/x86_64-w64-mingw32.static.posix/13.2.0/include/c++/cmath:1126:19: note:   no known conversion for argument 1 from 'CppAD::AD<double>' to 'double'
 1126 |   isfinite(double __x)
      |            ~~~~~~~^~~
C:/rtools44/x86_64-w64-mingw32.static.posix/lib/gcc/x86_64-w64-mingw32.static.posix/13.2.0/include/c++/cmath:1130:3: note: candidate: 'constexpr bool std::isfinite(long double)'
 1130 |   isfinite(long double __x)
      |   ^~~~~~~~
C:/rtools44/x86_64-w64-mingw32.static.posix/lib/gcc/x86_64-w64-mingw32.static.posix/13.2.0/include/c++/cmath:1130:24: note:   no known conversion for argument 1 from 'CppAD::AD<double>' to 'long double'
 1130 |   isfinite(long double __x)
      |            ~~~~~~~~~~~~^~~
POPULATIONS//POPULATION_0011//INDIVIDUAL_T6O4MZRV/model.cpp:59:54: error: no matching function for call to 'isfinite(CppAD::AD<double>&)'
   59 |       !std::isfinite(eff_pred_fast) || !std::isfinite(r_slow) || !std::isfinite(K_slow) ||
      |                                         ~~~~~~~~~~~~~^~~~~~~~
C:/rtools44/x86_64-w64-mingw32.static.posix/lib/gcc/x86_64-w64-mingw32.static.posix/13.2.0/include/c++/cmath:1138:5: note: candidate: 'template<class _Tp> constexpr typename __gnu_cxx::__enable_if<std::__is_integer<_Tp>::__value, bool>::__type std::isfinite(_Tp)'
 1138 |     isfinite(_Tp __x)
      |     ^~~~~~~~
C:/rtools44/x86_64-w64-mingw32.static.posix/lib/gcc/x86_64-w64-mingw32.static.posix/13.2.0/include/c++/cmath:1138:5: note:   template argument deduction/substitution failed:
C:/rtools44/x86_64-w64-mingw32.static.posix/lib/gcc/x86_64-w64-mingw32.static.posix/13.2.0/include/c++/cmath: In substitution of 'template<class _Tp> constexpr typename __gnu_cxx::__enable_if<std::__is_integer<_Tp>::__value, bool>::__type std::isfinite(_Tp) [with _Tp = CppAD::AD<double>]':
POPULATIONS//POPULATION_0011//INDIVIDUAL_T6O4MZRV/model.cpp:59:54:   required from 'Type objective_function<Type>::operator()() [with Type = CppAD::AD<double>]'
C:/Users/spi085/AppData/Local/Programs/R/R-4.4.1/library/TMB/include/tmb_core.hpp:1308:6:   required from here
C:/rtools44/x86_64-w64-mingw32.static.posix/lib/gcc/x86_64-w64-mingw32.static.posix/13.2.0/include/c++/cmath:1138:5: error: no type named '__type' in 'struct __gnu_cxx::__enable_if<false, bool>'
POPULATIONS//POPULATION_0011//INDIVIDUAL_T6O4MZRV/model.cpp: In instantiation of 'Type objective_function<Type>::operator()() [with Type = CppAD::AD<double>]':
C:/Users/spi085/AppData/Local/Programs/R/R-4.4.1/library/TMB/include/tmb_core.hpp:1308:6:   required from here
C:/rtools44/x86_64-w64-mingw32.static.posix/lib/gcc/x86_64-w64-mingw32.static.posix/13.2.0/include/c++/cmath:1122:3: note: candidate: 'constexpr bool std::isfinite(float)'
 1122 |   isfinite(float __x)
      |   ^~~~~~~~
C:/rtools44/x86_64-w64-mingw32.static.posix/lib/gcc/x86_64-w64-mingw32.static.posix/13.2.0/include/c++/cmath:1122:18: note:   no known conversion for argument 1 from 'CppAD::AD<double>' to 'float'
 1122 |   isfinite(float __x)
      |            ~~~~~~^~~
C:/rtools44/x86_64-w64-mingw32.static.posix/lib/gcc/x86_64-w64-mingw32.static.posix/13.2.0/include/c++/cmath:1126:3: note: candidate: 'constexpr bool std::isfinite(double)'
 1126 |   isfinite(double __x)
      |   ^~~~~~~~
C:/rtools44/x86_64-w64-mingw32.static.posix/lib/gcc/x86_64-w64-mingw32.static.posix/13.2.0/include/c++/cmath:1126:19: note:   no known conversion for argument 1 from 'CppAD::AD<double>' to 'double'
 1126 |   isfinite(double __x)
      |            ~~~~~~~^~~
C:/rtools44/x86_64-w64-mingw32.static.posix/lib/gcc/x86_64-w64-mingw32.static.posix/13.2.0/include/c++/cmath:1130:3: note: candidate: 'constexpr bool std::isfinite(long double)'
 1130 |   isfinite(long double __x)
      |   ^~~~~~~~
C:/rtools44/x86_64-w64-mingw32.static.posix/lib/gcc/x86_64-w64-mingw32.static.posix/13.2.0/include/c++/cmath:1130:24: note:   no known conversion for argument 1 from 'CppAD::AD<double>' to 'long double'
 1130 |   isfinite(long double __x)
      |            ~~~~~~~~~~~~^~~
POPULATIONS//POPULATION_0011//INDIVIDUAL_T6O4MZRV/model.cpp:59:80: error: no matching function for call to 'isfinite(CppAD::AD<double>&)'
   59 |       !std::isfinite(eff_pred_fast) || !std::isfinite(r_slow) || !std::isfinite(K_slow) ||
      |                                                                   ~~~~~~~~~~~~~^~~~~~~~
C:/rtools44/x86_64-w64-mingw32.static.posix/lib/gcc/x86_64-w64-mingw32.static.posix/13.2.0/include/c++/cmath:1138:5: note: candidate: 'template<class _Tp> constexpr typename __gnu_cxx::__enable_if<std::__is_integer<_Tp>::__value, bool>::__type std::isfinite(_Tp)'
 1138 |     isfinite(_Tp __x)
      |     ^~~~~~~~
C:/rtools44/x86_64-w64-mingw32.static.posix/lib/gcc/x86_64-w64-mingw32.static.posix/13.2.0/include/c++/cmath:1138:5: note:   template argument deduction/substitution failed:
C:/rtools44/x86_64-w64-mingw32.static.posix/lib/gcc/x86_64-w64-mingw32.static.posix/13.2.0/include/c++/cmath: In substitution of 'template<class _Tp> constexpr typename __gnu_cxx::__enable_if<std::__is_integer<_Tp>::__value, bool>::__type std::isfinite(_Tp) [with _Tp = CppAD::AD<double>]':
POPULATIONS//POPULATION_0011//INDIVIDUAL_T6O4MZRV/model.cpp:59:80:   required from 'Type objective_function<Type>::operator()() [with Type = CppAD::AD<double>]'
C:/Users/spi085/AppData/Local/Programs/R/R-4.4.1/library/TMB/include/tmb_core.hpp:1308:6:   required from here
C:/rtools44/x86_64-w64-mingw32.static.posix/lib/gcc/x86_64-w64-mingw32.static.posix/13.2.0/include/c++/cmath:1138:5: error: no type named '__type' in 'struct __gnu_cxx::__enable_if<false, bool>'
POPULATIONS//POPULATION_0011//INDIVIDUAL_T6O4MZRV/model.cpp: In instantiation of 'Type objective_function<Type>::operator()() [with Type = CppAD::AD<double>]':
C:/Users/spi085/AppData/Local/Programs/R/R-4.4.1/library/TMB/include/tmb_core.hpp:1308:6:   required from here
C:/rtools44/x86_64-w64-mingw32.static.posix/lib/gcc/x86_64-w64-mingw32.static.posix/13.2.0/include/c++/cmath:1122:3: note: candidate: 'constexpr bool std::isfinite(float)'
 1122 |   isfinite(float __x)
      |   ^~~~~~~~
C:/rtools44/x86_64-w64-mingw32.static.posix/lib/gcc/x86_64-w64-mingw32.static.posix/13.2.0/include/c++/cmath:1122:18: note:   no known conversion for argument 1 from 'CppAD::AD<double>' to 'float'
 1122 |   isfinite(float __x)
      |            ~~~~~~^~~
C:/rtools44/x86_64-w64-mingw32.static.posix/lib/gcc/x86_64-w64-mingw32.static.posix/13.2.0/include/c++/cmath:1126:3: note: candidate: 'constexpr bool std::isfinite(double)'
 1126 |   isfinite(double __x)
      |   ^~~~~~~~
C:/rtools44/x86_64-w64-mingw32.static.posix/lib/gcc/x86_64-w64-mingw32.static.posix/13.2.0/include/c++/cmath:1126:19: note:   no known conversion for argument 1 from 'CppAD::AD<double>' to 'double'
 1126 |   isfinite(double __x)
      |            ~~~~~~~^~~
C:/rtools44/x86_64-w64-mingw32.static.posix/lib/gcc/x86_64-w64-mingw32.static.posix/13.2.0/include/c++/cmath:1130:3: note: candidate: 'constexpr bool std::isfinite(long double)'
 1130 |   isfinite(long double __x)
      |   ^~~~~~~~
C:/rtools44/x86_64-w64-mingw32.static.posix/lib/gcc/x86_64-w64-mingw32.static.posix/13.2.0/include/c++/cmath:1130:24: note:   no known conversion for argument 1 from 'CppAD::AD<double>' to 'long double'
 1130 |   isfinite(long double __x)
      |            ~~~~~~~~~~~~^~~
POPULATIONS//POPULATION_0011//INDIVIDUAL_T6O4MZRV/model.cpp:60:21: error: no matching function for call to 'isfinite(CppAD::AD<double>&)'
   60 |       !std::isfinite(r_fast) || !std::isfinite(K_fast) || !std::isfinite(beta_sst) || !std::isfinite(alpha_comp)) {
      |        ~~~~~~~~~~~~~^~~~~~~~
C:/rtools44/x86_64-w64-mingw32.static.posix/lib/gcc/x86_64-w64-mingw32.static.posix/13.2.0/include/c++/cmath:1138:5: note: candidate: 'template<class _Tp> constexpr typename __gnu_cxx::__enable_if<std::__is_integer<_Tp>::__value, bool>::__type std::isfinite(_Tp)'
 1138 |     isfinite(_Tp __x)
      |     ^~~~~~~~
C:/rtools44/x86_64-w64-mingw32.static.posix/lib/gcc/x86_64-w64-mingw32.static.posix/13.2.0/include/c++/cmath:1138:5: note:   template argument deduction/substitution failed:
C:/rtools44/x86_64-w64-mingw32.static.posix/lib/gcc/x86_64-w64-mingw32.static.posix/13.2.0/include/c++/cmath: In substitution of 'template<class _Tp> constexpr typename __gnu_cxx::__enable_if<std::__is_integer<_Tp>::__value, bool>::__type std::isfinite(_Tp) [with _Tp = CppAD::AD<double>]':
POPULATIONS//POPULATION_0011//INDIVIDUAL_T6O4MZRV/model.cpp:60:21:   required from 'Type objective_function<Type>::operator()() [with Type = CppAD::AD<double>]'
C:/Users/spi085/AppData/Local/Programs/R/R-4.4.1/library/TMB/include/tmb_core.hpp:1308:6:   required from here
C:/rtools44/x86_64-w64-mingw32.static.posix/lib/gcc/x86_64-w64-mingw32.static.posix/13.2.0/include/c++/cmath:1138:5: error: no type named '__type' in 'struct __gnu_cxx::__enable_if<false, bool>'
POPULATIONS//POPULATION_0011//INDIVIDUAL_T6O4MZRV/model.cpp: In instantiation of 'Type objective_function<Type>::operator()() [with Type = CppAD::AD<double>]':
C:/Users/spi085/AppData/Local/Programs/R/R-4.4.1/library/TMB/include/tmb_core.hpp:1308:6:   required from here
C:/rtools44/x86_64-w64-mingw32.static.posix/lib/gcc/x86_64-w64-mingw32.static.posix/13.2.0/include/c++/cmath:1122:3: note: candidate: 'constexpr bool std::isfinite(float)'
 1122 |   isfinite(float __x)
      |   ^~~~~~~~
C:/rtools44/x86_64-w64-mingw32.static.posix/lib/gcc/x86_64-w64-mingw32.static.posix/13.2.0/include/c++/cmath:1122:18: note:   no known conversion for argument 1 from 'CppAD::AD<double>' to 'float'
 1122 |   isfinite(float __x)
      |            ~~~~~~^~~
C:/rtools44/x86_64-w64-mingw32.static.posix/lib/gcc/x86_64-w64-mingw32.static.posix/13.2.0/include/c++/cmath:1126:3: note: candidate: 'constexpr bool std::isfinite(double)'
 1126 |   isfinite(double __x)
      |   ^~~~~~~~
C:/rtools44/x86_64-w64-mingw32.static.posix/lib/gcc/x86_64-w64-mingw32.static.posix/13.2.0/include/c++/cmath:1126:19: note:   no known conversion for argument 1 from 'CppAD::AD<double>' to 'double'
 1126 |   isfinite(double __x)
      |            ~~~~~~~^~~
C:/rtools44/x86_64-w64-mingw32.static.posix/lib/gcc/x86_64-w64-mingw32.static.posix/13.2.0/include/c++/cmath:1130:3: note: candidate: 'constexpr bool std::isfinite(long double)'
 1130 |   isfinite(long double __x)
      |   ^~~~~~~~
C:/rtools44/x86_64-w64-mingw32.static.posix/lib/gcc/x86_64-w64-mingw32.static.posix/13.2.0/include/c++/cmath:1130:24: note:   no known conversion for argument 1 from 'CppAD::AD<double>' to 'long double'
 1130 |   isfinite(long double __x)
      |            ~~~~~~~~~~~~^~~
POPULATIONS//POPULATION_0011//INDIVIDUAL_T6O4MZRV/model.cpp:60:47: error: no matching function for call to 'isfinite(CppAD::AD<double>&)'
   60 |       !std::isfinite(r_fast) || !std::isfinite(K_fast) || !std::isfinite(beta_sst) || !std::isfinite(alpha_comp)) {
      |                                  ~~~~~~~~~~~~~^~~~~~~~
C:/rtools44/x86_64-w64-mingw32.static.posix/lib/gcc/x86_64-w64-mingw32.static.posix/13.2.0/include/c++/cmath:1138:5: note: candidate: 'template<class _Tp> constexpr typename __gnu_cxx::__enable_if<std::__is_integer<_Tp>::__value, bool>::__type std::isfinite(_Tp)'
 1138 |     isfinite(_Tp __x)
      |     ^~~~~~~~
C:/rtools44/x86_64-w64-mingw32.static.posix/lib/gcc/x86_64-w64-mingw32.static.posix/13.2.0/include/c++/cmath:1138:5: note:   template argument deduction/substitution failed:
C:/rtools44/x86_64-w64-mingw32.static.posix/lib/gcc/x86_64-w64-mingw32.static.posix/13.2.0/include/c++/cmath: In substitution of 'template<class _Tp> constexpr typename __gnu_cxx::__enable_if<std::__is_integer<_Tp>::__value, bool>::__type std::isfinite(_Tp) [with _Tp = CppAD::AD<double>]':
POPULATIONS//POPULATION_0011//INDIVIDUAL_T6O4MZRV/model.cpp:60:47:   required from 'Type objective_function<Type>::operator()() [with Type = CppAD::AD<double>]'
C:/Users/spi085/AppData/Local/Programs/R/R-4.4.1/library/TMB/include/tmb_core.hpp:1308:6:   required from here
C:/rtools44/x86_64-w64-mingw32.static.posix/lib/gcc/x86_64-w64-mingw32.static.posix/13.2.0/include/c++/cmath:1138:5: error: no type named '__type' in 'struct __gnu_cxx::__enable_if<false, bool>'
POPULATIONS//POPULATION_0011//INDIVIDUAL_T6O4MZRV/model.cpp: In instantiation of 'Type objective_function<Type>::operator()() [with Type = CppAD::AD<double>]':
C:/Users/spi085/AppData/Local/Programs/R/R-4.4.1/library/TMB/include/tmb_core.hpp:1308:6:   required from here
C:/rtools44/x86_64-w64-mingw32.static.posix/lib/gcc/x86_64-w64-mingw32.static.posix/13.2.0/include/c++/cmath:1122:3: note: candidate: 'constexpr bool std::isfinite(float)'
 1122 |   isfinite(float __x)
      |   ^~~~~~~~
C:/rtools44/x86_64-w64-mingw32.static.posix/lib/gcc/x86_64-w64-mingw32.static.posix/13.2.0/include/c++/cmath:1122:18: note:   no known conversion for argument 1 from 'CppAD::AD<double>' to 'float'
 1122 |   isfinite(float __x)
      |            ~~~~~~^~~
C:/rtools44/x86_64-w64-mingw32.static.posix/lib/gcc/x86_64-w64-mingw32.static.posix/13.2.0/include/c++/cmath:1126:3: note: candidate: 'constexpr bool std::isfinite(double)'
 1126 |   isfinite(double __x)
      |   ^~~~~~~~
C:/rtools44/x86_64-w64-mingw32.static.posix/lib/gcc/x86_64-w64-mingw32.static.posix/13.2.0/include/c++/cmath:1126:19: note:   no known conversion for argument 1 from 'CppAD::AD<double>' to 'double'
 1126 |   isfinite(double __x)
      |            ~~~~~~~^~~
C:/rtools44/x86_64-w64-mingw32.static.posix/lib/gcc/x86_64-w64-mingw32.static.posix/13.2.0/include/c++/cmath:1130:3: note: candidate: 'constexpr bool std::isfinite(long double)'
 1130 |   isfinite(long double __x)
      |   ^~~~~~~~
C:/rtools44/x86_64-w64-mingw32.static.posix/lib/gcc/x86_64-w64-mingw32.static.posix/13.2.0/include/c++/cmath:1130:24: note:   no known conversion for argument 1 from 'CppAD::AD<double>' to 'long double'
 1130 |   isfinite(long double __x)
      |            ~~~~~~~~~~~~^~~
POPULATIONS//POPULATION_0011//INDIVIDUAL_T6O4MZRV/model.cpp:60:73: error: no matching function for call to 'isfinite(CppAD::AD<double>&)'
   60 |       !std::isfinite(r_fast) || !std::isfinite(K_fast) || !std::isfinite(beta_sst) || !std::isfinite(alpha_comp)) {
      |                                                            ~~~~~~~~~~~~~^~~~~~~~~~
C:/rtools44/x86_64-w64-mingw32.static.posix/lib/gcc/x86_64-w64-mingw32.static.posix/13.2.0/include/c++/cmath:1138:5: note: candidate: 'template<class _Tp> constexpr typename __gnu_cxx::__enable_if<std::__is_integer<_Tp>::__value, bool>::__type std::isfinite(_Tp)'
 1138 |     isfinite(_Tp __x)
      |     ^~~~~~~~
C:/rtools44/x86_64-w64-mingw32.static.posix/lib/gcc/x86_64-w64-mingw32.static.posix/13.2.0/include/c++/cmath:1138:5: note:   template argument deduction/substitution failed:
C:/rtools44/x86_64-w64-mingw32.static.posix/lib/gcc/x86_64-w64-mingw32.static.posix/13.2.0/include/c++/cmath: In substitution of 'template<class _Tp> constexpr typename __gnu_cxx::__enable_if<std::__is_integer<_Tp>::__value, bool>::__type std::isfinite(_Tp) [with _Tp = CppAD::AD<double>]':
POPULATIONS//POPULATION_0011//INDIVIDUAL_T6O4MZRV/model.cpp:60:73:   required from 'Type objective_function<Type>::operator()() [with Type = CppAD::AD<double>]'
C:/Users/spi085/AppData/Local/Programs/R/R-4.4.1/library/TMB/include/tmb_core.hpp:1308:6:   required from here
C:/rtools44/x86_64-w64-mingw32.static.posix/lib/gcc/x86_64-w64-mingw32.static.posix/13.2.0/include/c++/cmath:1138:5: error: no type named '__type' in 'struct __gnu_cxx::__enable_if<false, bool>'
POPULATIONS//POPULATION_0011//INDIVIDUAL_T6O4MZRV/model.cpp: In instantiation of 'Type objective_function<Type>::operator()() [with Type = CppAD::AD<double>]':
C:/Users/spi085/AppData/Local/Programs/R/R-4.4.1/library/TMB/include/tmb_core.hpp:1308:6:   required from here
C:/rtools44/x86_64-w64-mingw32.static.posix/lib/gcc/x86_64-w64-mingw32.static.posix/13.2.0/include/c++/cmath:1122:3: note: candidate: 'constexpr bool std::isfinite(float)'
 1122 |   isfinite(float __x)
      |   ^~~~~~~~
C:/rtools44/x86_64-w64-mingw32.static.posix/lib/gcc/x86_64-w64-mingw32.static.posix/13.2.0/include/c++/cmath:1122:18: note:   no known conversion for argument 1 from 'CppAD::AD<double>' to 'float'
 1122 |   isfinite(float __x)
      |            ~~~~~~^~~
C:/rtools44/x86_64-w64-mingw32.static.posix/lib/gcc/x86_64-w64-mingw32.static.posix/13.2.0/include/c++/cmath:1126:3: note: candidate: 'constexpr bool std::isfinite(double)'
 1126 |   isfinite(double __x)
      |   ^~~~~~~~
C:/rtools44/x86_64-w64-mingw32.static.posix/lib/gcc/x86_64-w64-mingw32.static.posix/13.2.0/include/c++/cmath:1126:19: note:   no known conversion for argument 1 from 'CppAD::AD<double>' to 'double'
 1126 |   isfinite(double __x)
      |            ~~~~~~~^~~
C:/rtools44/x86_64-w64-mingw32.static.posix/lib/gcc/x86_64-w64-mingw32.static.posix/13.2.0/include/c++/cmath:1130:3: note: candidate: 'constexpr bool std::isfinite(long double)'
 1130 |   isfinite(long double __x)
      |   ^~~~~~~~
C:/rtools44/x86_64-w64-mingw32.static.posix/lib/gcc/x86_64-w64-mingw32.static.posix/13.2.0/include/c++/cmath:1130:24: note:   no known conversion for argument 1 from 'CppAD::AD<double>' to 'long double'
 1130 |   isfinite(long double __x)
      |            ~~~~~~~~~~~~^~~
POPULATIONS//POPULATION_0011//INDIVIDUAL_T6O4MZRV/model.cpp:60:101: error: no matching function for call to 'isfinite(CppAD::AD<double>&)'
   60 |       !std::isfinite(r_fast) || !std::isfinite(K_fast) || !std::isfinite(beta_sst) || !std::isfinite(alpha_comp)) {
      |                                                                                        ~~~~~~~~~~~~~^~~~~~~~~~~~
C:/rtools44/x86_64-w64-mingw32.static.posix/lib/gcc/x86_64-w64-mingw32.static.posix/13.2.0/include/c++/cmath:1138:5: note: candidate: 'template<class _Tp> constexpr typename __gnu_cxx::__enable_if<std::__is_integer<_Tp>::__value, bool>::__type std::isfinite(_Tp)'
 1138 |     isfinite(_Tp __x)
      |     ^~~~~~~~
C:/rtools44/x86_64-w64-mingw32.static.posix/lib/gcc/x86_64-w64-mingw32.static.posix/13.2.0/include/c++/cmath:1138:5: note:   template argument deduction/substitution failed:
C:/rtools44/x86_64-w64-mingw32.static.posix/lib/gcc/x86_64-w64-mingw32.static.posix/13.2.0/include/c++/cmath: In substitution of 'template<class _Tp> constexpr typename __gnu_cxx::__enable_if<std::__is_integer<_Tp>::__value, bool>::__type std::isfinite(_Tp) [with _Tp = CppAD::AD<double>]':
POPULATIONS//POPULATION_0011//INDIVIDUAL_T6O4MZRV/model.cpp:60:101:   required from 'Type objective_function<Type>::operator()() [with Type = CppAD::AD<double>]'
C:/Users/spi085/AppData/Local/Programs/R/R-4.4.1/library/TMB/include/tmb_core.hpp:1308:6:   required from here
C:/rtools44/x86_64-w64-mingw32.static.posix/lib/gcc/x86_64-w64-mingw32.static.posix/13.2.0/include/c++/cmath:1138:5: error: no type named '__type' in 'struct __gnu_cxx::__enable_if<false, bool>'
POPULATIONS//POPULATION_0011//INDIVIDUAL_T6O4MZRV/model.cpp: In instantiation of 'Type objective_function<Type>::operator()() [with Type = CppAD::AD<double>]':
C:/Users/spi085/AppData/Local/Programs/R/R-4.4.1/library/TMB/include/tmb_core.hpp:1308:6:   required from here
C:/rtools44/x86_64-w64-mingw32.static.posix/lib/gcc/x86_64-w64-mingw32.static.posix/13.2.0/include/c++/cmath:1122:3: note: candidate: 'constexpr bool std::isfinite(float)'
 1122 |   isfinite(float __x)
      |   ^~~~~~~~
C:/rtools44/x86_64-w64-mingw32.static.posix/lib/gcc/x86_64-w64-mingw32.static.posix/13.2.0/include/c++/cmath:1122:18: note:   no known conversion for argument 1 from 'CppAD::AD<double>' to 'float'
 1122 |   isfinite(float __x)
      |            ~~~~~~^~~
C:/rtools44/x86_64-w64-mingw32.static.posix/lib/gcc/x86_64-w64-mingw32.static.posix/13.2.0/include/c++/cmath:1126:3: note: candidate: 'constexpr bool std::isfinite(double)'
 1126 |   isfinite(double __x)
      |   ^~~~~~~~
C:/rtools44/x86_64-w64-mingw32.static.posix/lib/gcc/x86_64-w64-mingw32.static.posix/13.2.0/include/c++/cmath:1126:19: note:   no known conversion for argument 1 from 'CppAD::AD<double>' to 'double'
 1126 |   isfinite(double __x)
      |            ~~~~~~~^~~
C:/rtools44/x86_64-w64-mingw32.static.posix/lib/gcc/x86_64-w64-mingw32.static.posix/13.2.0/include/c++/cmath:1130:3: note: candidate: 'constexpr bool std::isfinite(long double)'
 1130 |   isfinite(long double __x)
      |   ^~~~~~~~
C:/rtools44/x86_64-w64-mingw32.static.posix/lib/gcc/x86_64-w64-mingw32.static.posix/13.2.0/include/c++/cmath:1130:24: note:   no known conversion for argument 1 from 'CppAD::AD<double>' to 'long double'
 1130 |   isfinite(long double __x)
      |            ~~~~~~~~~~~~^~~
POPULATIONS//POPULATION_0011//INDIVIDUAL_T6O4MZRV/model.cpp: In instantiation of 'Type objective_function<Type>::operator()() [with Type = CppAD::AD<CppAD::AD<double> >]':
C:/Users/spi085/AppData/Local/Programs/R/R-4.4.1/library/TMB/include/tmb_core.hpp:913:29:   required from 'Type objective_function<Type>::evalUserTemplate() [with Type = CppAD::AD<CppAD::AD<double> >]'
C:/Users/spi085/AppData/Local/Programs/R/R-4.4.1/library/TMB/include/tmb_core.hpp:2112:26:   required from here
POPULATIONS//POPULATION_0011//INDIVIDUAL_T6O4MZRV/model.cpp:58:21: error: no matching function for call to 'isfinite(CppAD::AD<CppAD::AD<double> >&)'
   58 |   if (!std::isfinite(r_cots) || !std::isfinite(K_cots) || !std::isfinite(eff_pred_slow) ||
      |        ~~~~~~~~~~~~~^~~~~~~~
C:/rtools44/x86_64-w64-mingw32.static.posix/lib/gcc/x86_64-w64-mingw32.static.posix/13.2.0/include/c++/cmath:1138:5: note: candidate: 'template<class _Tp> constexpr typename __gnu_cxx::__enable_if<std::__is_integer<_Tp>::__value, bool>::__type std::isfinite(_Tp)'
 1138 |     isfinite(_Tp __x)
      |     ^~~~~~~~
C:/rtools44/x86_64-w64-mingw32.static.posix/lib/gcc/x86_64-w64-mingw32.static.posix/13.2.0/include/c++/cmath:1138:5: note:   template argument deduction/substitution failed:
C:/rtools44/x86_64-w64-mingw32.static.posix/lib/gcc/x86_64-w64-mingw32.static.posix/13.2.0/include/c++/cmath: In substitution of 'template<class _Tp> constexpr typename __gnu_cxx::__enable_if<std::__is_integer<_Tp>::__value, bool>::__type std::isfinite(_Tp) [with _Tp = CppAD::AD<CppAD::AD<double> >]':
POPULATIONS//POPULATION_0011//INDIVIDUAL_T6O4MZRV/model.cpp:58:21:   required from 'Type objective_function<Type>::operator()() [with Type = CppAD::AD<CppAD::AD<double> >]'
C:/Users/spi085/AppData/Local/Programs/R/R-4.4.1/library/TMB/include/tmb_core.hpp:913:29:   required from 'Type objective_function<Type>::evalUserTemplate() [with Type = CppAD::AD<CppAD::AD<double> >]'
C:/Users/spi085/AppData/Local/Programs/R/R-4.4.1/library/TMB/include/tmb_core.hpp:2112:26:   required from here
C:/rtools44/x86_64-w64-mingw32.static.posix/lib/gcc/x86_64-w64-mingw32.static.posix/13.2.0/include/c++/cmath:1138:5: error: no type named '__type' in 'struct __gnu_cxx::__enable_if<false, bool>'
POPULATIONS//POPULATION_0011//INDIVIDUAL_T6O4MZRV/model.cpp: In instantiation of 'Type objective_function<Type>::operator()() [with Type = CppAD::AD<CppAD::AD<double> >]':
C:/Users/spi085/AppData/Local/Programs/R/R-4.4.1/library/TMB/include/tmb_core.hpp:913:29:   required from 'Type objective_function<Type>::evalUserTemplate() [with Type = CppAD::AD<CppAD::AD<double> >]'
C:/Users/spi085/AppData/Local/Programs/R/R-4.4.1/library/TMB/include/tmb_core.hpp:2112:26:   required from here
C:/rtools44/x86_64-w64-mingw32.static.posix/lib/gcc/x86_64-w64-mingw32.static.posix/13.2.0/include/c++/cmath:1122:3: note: candidate: 'constexpr bool std::isfinite(float)'
 1122 |   isfinite(float __x)
      |   ^~~~~~~~
C:/rtools44/x86_64-w64-mingw32.static.posix/lib/gcc/x86_64-w64-mingw32.static.posix/13.2.0/include/c++/cmath:1122:18: note:   no known conversion for argument 1 from 'CppAD::AD<CppAD::AD<double> >' to 'float'
 1122 |   isfinite(float __x)
      |            ~~~~~~^~~
C:/rtools44/x86_64-w64-mingw32.static.posix/lib/gcc/x86_64-w64-mingw32.static.posix/13.2.0/include/c++/cmath:1126:3: note: candidate: 'constexpr bool std::isfinite(double)'
 1126 |   isfinite(double __x)
      |   ^~~~~~~~
C:/rtools44/x86_64-w64-mingw32.static.posix/lib/gcc/x86_64-w64-mingw32.static.posix/13.2.0/include/c++/cmath:1126:19: note:   no known conversion for argument 1 from 'CppAD::AD<CppAD::AD<double> >' to 'double'
 1126 |   isfinite(double __x)
      |            ~~~~~~~^~~
C:/rtools44/x86_64-w64-mingw32.static.posix/lib/gcc/x86_64-w64-mingw32.static.posix/13.2.0/include/c++/cmath:1130:3: note: candidate: 'constexpr bool std::isfinite(long double)'
 1130 |   isfinite(long double __x)
      |   ^~~~~~~~
C:/rtools44/x86_64-w64-mingw32.static.posix/lib/gcc/x86_64-w64-mingw32.static.posix/13.2.0/include/c++/cmath:1130:24: note:   no known conversion for argument 1 from 'CppAD::AD<CppAD::AD<double> >' to 'long double'
 1130 |   isfinite(long double __x)
      |            ~~~~~~~~~~~~^~~
POPULATIONS//POPULATION_0011//INDIVIDUAL_T6O4MZRV/model.cpp:58:47: error: no matching function for call to 'isfinite(CppAD::AD<CppAD::AD<double> >&)'
   58 |   if (!std::isfinite(r_cots) || !std::isfinite(K_cots) || !std::isfinite(eff_pred_slow) ||
      |                                  ~~~~~~~~~~~~~^~~~~~~~
C:/rtools44/x86_64-w64-mingw32.static.posix/lib/gcc/x86_64-w64-mingw32.static.posix/13.2.0/include/c++/cmath:1138:5: note: candidate: 'template<class _Tp> constexpr typename __gnu_cxx::__enable_if<std::__is_integer<_Tp>::__value, bool>::__type std::isfinite(_Tp)'
 1138 |     isfinite(_Tp __x)
      |     ^~~~~~~~
C:/rtools44/x86_64-w64-mingw32.static.posix/lib/gcc/x86_64-w64-mingw32.static.posix/13.2.0/include/c++/cmath:1138:5: note:   template argument deduction/substitution failed:
C:/rtools44/x86_64-w64-mingw32.static.posix/lib/gcc/x86_64-w64-mingw32.static.posix/13.2.0/include/c++/cmath: In substitution of 'template<class _Tp> constexpr typename __gnu_cxx::__enable_if<std::__is_integer<_Tp>::__value, bool>::__type std::isfinite(_Tp) [with _Tp = CppAD::AD<CppAD::AD<double> >]':
POPULATIONS//POPULATION_0011//INDIVIDUAL_T6O4MZRV/model.cpp:58:47:   required from 'Type objective_function<Type>::operator()() [with Type = CppAD::AD<CppAD::AD<double> >]'
C:/Users/spi085/AppData/Local/Programs/R/R-4.4.1/library/TMB/include/tmb_core.hpp:913:29:   required from 'Type objective_function<Type>::evalUserTemplate() [with Type = CppAD::AD<CppAD::AD<double> >]'
C:/Users/spi085/AppData/Local/Programs/R/R-4.4.1/library/TMB/include/tmb_core.hpp:2112:26:   required from here
C:/rtools44/x86_64-w64-mingw32.static.posix/lib/gcc/x86_64-w64-mingw32.static.posix/13.2.0/include/c++/cmath:1138:5: error: no type named '__type' in 'struct __gnu_cxx::__enable_if<false, bool>'
POPULATIONS//POPULATION_0011//INDIVIDUAL_T6O4MZRV/model.cpp: In instantiation of 'Type objective_function<Type>::operator()() [with Type = CppAD::AD<CppAD::AD<double> >]':
C:/Users/spi085/AppData/Local/Programs/R/R-4.4.1/library/TMB/include/tmb_core.hpp:913:29:   required from 'Type objective_function<Type>::evalUserTemplate() [with Type = CppAD::AD<CppAD::AD<double> >]'
C:/Users/spi085/AppData/Local/Programs/R/R-4.4.1/library/TMB/include/tmb_core.hpp:2112:26:   required from here
C:/rtools44/x86_64-w64-mingw32.static.posix/lib/gcc/x86_64-w64-mingw32.static.posix/13.2.0/include/c++/cmath:1122:3: note: candidate: 'constexpr bool std::isfinite(float)'
 1122 |   isfinite(float __x)
      |   ^~~~~~~~
C:/rtools44/x86_64-w64-mingw32.static.posix/lib/gcc/x86_64-w64-mingw32.static.posix/13.2.0/include/c++/cmath:1122:18: note:   no known conversion for argument 1 from 'CppAD::AD<CppAD::AD<double> >' to 'float'
 1122 |   isfinite(float __x)
      |            ~~~~~~^~~
C:/rtools44/x86_64-w64-mingw32.static.posix/lib/gcc/x86_64-w64-mingw32.static.posix/13.2.0/include/c++/cmath:1126:3: note: candidate: 'constexpr bool std::isfinite(double)'
 1126 |   isfinite(double __x)
      |   ^~~~~~~~
C:/rtools44/x86_64-w64-mingw32.static.posix/lib/gcc/x86_64-w64-mingw32.static.posix/13.2.0/include/c++/cmath:1126:19: note:   no known conversion for argument 1 from 'CppAD::AD<CppAD::AD<double> >' to 'double'
 1126 |   isfinite(double __x)
      |            ~~~~~~~^~~
C:/rtools44/x86_64-w64-mingw32.static.posix/lib/gcc/x86_64-w64-mingw32.static.posix/13.2.0/include/c++/cmath:1130:3: note: candidate: 'constexpr bool std::isfinite(long double)'
 1130 |   isfinite(long double __x)
      |   ^~~~~~~~
C:/rtools44/x86_64-w64-mingw32.static.posix/lib/gcc/x86_64-w64-mingw32.static.posix/13.2.0/include/c++/cmath:1130:24: note:   no known conversion for argument 1 from 'CppAD::AD<CppAD::AD<double> >' to 'long double'
 1130 |   isfinite(long double __x)
      |            ~~~~~~~~~~~~^~~
POPULATIONS//POPULATION_0011//INDIVIDUAL_T6O4MZRV/model.cpp:58:73: error: no matching function for call to 'isfinite(CppAD::AD<CppAD::AD<double> >&)'
   58 |   if (!std::isfinite(r_cots) || !std::isfinite(K_cots) || !std::isfinite(eff_pred_slow) ||
      |                                                            ~~~~~~~~~~~~~^~~~~~~~~~~~~~~
C:/rtools44/x86_64-w64-mingw32.static.posix/lib/gcc/x86_64-w64-mingw32.static.posix/13.2.0/include/c++/cmath:1138:5: note: candidate: 'template<class _Tp> constexpr typename __gnu_cxx::__enable_if<std::__is_integer<_Tp>::__value, bool>::__type std::isfinite(_Tp)'
 1138 |     isfinite(_Tp __x)
      |     ^~~~~~~~
C:/rtools44/x86_64-w64-mingw32.static.posix/lib/gcc/x86_64-w64-mingw32.static.posix/13.2.0/include/c++/cmath:1138:5: note:   template argument deduction/substitution failed:
C:/rtools44/x86_64-w64-mingw32.static.posix/lib/gcc/x86_64-w64-mingw32.static.posix/13.2.0/include/c++/cmath: In substitution of 'template<class _Tp> constexpr typename __gnu_cxx::__enable_if<std::__is_integer<_Tp>::__value, bool>::__type std::isfinite(_Tp) [with _Tp = CppAD::AD<CppAD::AD<double> >]':
POPULATIONS//POPULATION_0011//INDIVIDUAL_T6O4MZRV/model.cpp:58:73:   required from 'Type objective_function<Type>::operator()() [with Type = CppAD::AD<CppAD::AD<double> >]'
C:/Users/spi085/AppData/Local/Programs/R/R-4.4.1/library/TMB/include/tmb_core.hpp:913:29:   required from 'Type objective_function<Type>::evalUserTemplate() [with Type = CppAD::AD<CppAD::AD<double> >]'
C:/Users/spi085/AppData/Local/Programs/R/R-4.4.1/library/TMB/include/tmb_core.hpp:2112:26:   required from here
C:/rtools44/x86_64-w64-mingw32.static.posix/lib/gcc/x86_64-w64-mingw32.static.posix/13.2.0/include/c++/cmath:1138:5: error: no type named '__type' in 'struct __gnu_cxx::__enable_if<false, bool>'
POPULATIONS//POPULATION_0011//INDIVIDUAL_T6O4MZRV/model.cpp: In instantiation of 'Type objective_function<Type>::operator()() [with Type = CppAD::AD<CppAD::AD<double> >]':
C:/Users/spi085/AppData/Local/Programs/R/R-4.4.1/library/TMB/include/tmb_core.hpp:913:29:   required from 'Type objective_function<Type>::evalUserTemplate() [with Type = CppAD::AD<CppAD::AD<double> >]'
C:/Users/spi085/AppData/Local/Programs/R/R-4.4.1/library/TMB/include/tmb_core.hpp:2112:26:   required from here
C:/rtools44/x86_64-w64-mingw32.static.posix/lib/gcc/x86_64-w64-mingw32.static.posix/13.2.0/include/c++/cmath:1122:3: note: candidate: 'constexpr bool std::isfinite(float)'
 1122 |   isfinite(float __x)
      |   ^~~~~~~~
C:/rtools44/x86_64-w64-mingw32.static.posix/lib/gcc/x86_64-w64-mingw32.static.posix/13.2.0/include/c++/cmath:1122:18: note:   no known conversion for argument 1 from 'CppAD::AD<CppAD::AD<double> >' to 'float'
 1122 |   isfinite(float __x)
      |            ~~~~~~^~~
C:/rtools44/x86_64-w64-mingw32.static.posix/lib/gcc/x86_64-w64-mingw32.static.posix/13.2.0/include/c++/cmath:1126:3: note: candidate: 'constexpr bool std::isfinite(double)'
 1126 |   isfinite(double __x)
      |   ^~~~~~~~
C:/rtools44/x86_64-w64-mingw32.static.posix/lib/gcc/x86_64-w64-mingw32.static.posix/13.2.0/include/c++/cmath:1126:19: note:   no known conversion for argument 1 from 'CppAD::AD<CppAD::AD<double> >' to 'double'
 1126 |   isfinite(double __x)
      |            ~~~~~~~^~~
C:/rtools44/x86_64-w64-mingw32.static.posix/lib/gcc/x86_64-w64-mingw32.static.posix/13.2.0/include/c++/cmath:1130:3: note: candidate: 'constexpr bool std::isfinite(long double)'
 1130 |   isfinite(long double __x)
      |   ^~~~~~~~
C:/rtools44/x86_64-w64-mingw32.static.posix/lib/gcc/x86_64-w64-mingw32.static.posix/13.2.0/include/c++/cmath:1130:24: note:   no known conversion for argument 1 from 'CppAD::AD<CppAD::AD<double> >' to 'long double'
 1130 |   isfinite(long double __x)
      |            ~~~~~~~~~~~~^~~
POPULATIONS//POPULATION_0011//INDIVIDUAL_T6O4MZRV/model.cpp:59:21: error: no matching function for call to 'isfinite(CppAD::AD<CppAD::AD<double> >&)'
   59 |       !std::isfinite(eff_pred_fast) || !std::isfinite(r_slow) || !std::isfinite(K_slow) ||
      |        ~~~~~~~~~~~~~^~~~~~~~~~~~~~~
C:/rtools44/x86_64-w64-mingw32.static.posix/lib/gcc/x86_64-w64-mingw32.static.posix/13.2.0/include/c++/cmath:1138:5: note: candidate: 'template<class _Tp> constexpr typename __gnu_cxx::__enable_if<std::__is_integer<_Tp>::__value, bool>::__type std::isfinite(_Tp)'
 1138 |     isfinite(_Tp __x)
      |     ^~~~~~~~
C:/rtools44/x86_64-w64-mingw32.static.posix/lib/gcc/x86_64-w64-mingw32.static.posix/13.2.0/include/c++/cmath:1138:5: note:   template argument deduction/substitution failed:
C:/rtools44/x86_64-w64-mingw32.static.posix/lib/gcc/x86_64-w64-mingw32.static.posix/13.2.0/include/c++/cmath: In substitution of 'template<class _Tp> constexpr typename __gnu_cxx::__enable_if<std::__is_integer<_Tp>::__value, bool>::__type std::isfinite(_Tp) [with _Tp = CppAD::AD<CppAD::AD<double> >]':
POPULATIONS//POPULATION_0011//INDIVIDUAL_T6O4MZRV/model.cpp:59:21:   required from 'Type objective_function<Type>::operator()() [with Type = CppAD::AD<CppAD::AD<double> >]'
C:/Users/spi085/AppData/Local/Programs/R/R-4.4.1/library/TMB/include/tmb_core.hpp:913:29:   required from 'Type objective_function<Type>::evalUserTemplate() [with Type = CppAD::AD<CppAD::AD<double> >]'
C:/Users/spi085/AppData/Local/Programs/R/R-4.4.1/library/TMB/include/tmb_core.hpp:2112:26:   required from here
C:/rtools44/x86_64-w64-mingw32.static.posix/lib/gcc/x86_64-w64-mingw32.static.posix/13.2.0/include/c++/cmath:1138:5: error: no type named '__type' in 'struct __gnu_cxx::__enable_if<false, bool>'
POPULATIONS//POPULATION_0011//INDIVIDUAL_T6O4MZRV/model.cpp: In instantiation of 'Type objective_function<Type>::operator()() [with Type = CppAD::AD<CppAD::AD<double> >]':
C:/Users/spi085/AppData/Local/Programs/R/R-4.4.1/library/TMB/include/tmb_core.hpp:913:29:   required from 'Type objective_function<Type>::evalUserTemplate() [with Type = CppAD::AD<CppAD::AD<double> >]'
C:/Users/spi085/AppData/Local/Programs/R/R-4.4.1/library/TMB/include/tmb_core.hpp:2112:26:   required from here
C:/rtools44/x86_64-w64-mingw32.static.posix/lib/gcc/x86_64-w64-mingw32.static.posix/13.2.0/include/c++/cmath:1122:3: note: candidate: 'constexpr bool std::isfinite(float)'
 1122 |   isfinite(float __x)
      |   ^~~~~~~~
C:/rtools44/x86_64-w64-mingw32.static.posix/lib/gcc/x86_64-w64-mingw32.static.posix/13.2.0/include/c++/cmath:1122:18: note:   no known conversion for argument 1 from 'CppAD::AD<CppAD::AD<double> >' to 'float'
 1122 |   isfinite(float __x)
      |            ~~~~~~^~~
C:/rtools44/x86_64-w64-mingw32.static.posix/lib/gcc/x86_64-w64-mingw32.static.posix/13.2.0/include/c++/cmath:1126:3: note: candidate: 'constexpr bool std::isfinite(double)'
 1126 |   isfinite(double __x)
      |   ^~~~~~~~
C:/rtools44/x86_64-w64-mingw32.static.posix/lib/gcc/x86_64-w64-mingw32.static.posix/13.2.0/include/c++/cmath:1126:19: note:   no known conversion for argument 1 from 'CppAD::AD<CppAD::AD<double> >' to 'double'
 1126 |   isfinite(double __x)
      |            ~~~~~~~^~~
C:/rtools44/x86_64-w64-mingw32.static.posix/lib/gcc/x86_64-w64-mingw32.static.posix/13.2.0/include/c++/cmath:1130:3: note: candidate: 'constexpr bool std::isfinite(long double)'
 1130 |   isfinite(long double __x)
      |   ^~~~~~~~
C:/rtools44/x86_64-w64-mingw32.static.posix/lib/gcc/x86_64-w64-mingw32.static.posix/13.2.0/include/c++/cmath:1130:24: note:   no known conversion for argument 1 from 'CppAD::AD<CppAD::AD<double> >' to 'long double'
 1130 |   isfinite(long double __x)
      |            ~~~~~~~~~~~~^~~
POPULATIONS//POPULATION_0011//INDIVIDUAL_T6O4MZRV/model.cpp:59:54: error: no matching function for call to 'isfinite(CppAD::AD<CppAD::AD<double> >&)'
   59 |       !std::isfinite(eff_pred_fast) || !std::isfinite(r_slow) || !std::isfinite(K_slow) ||
      |                                         ~~~~~~~~~~~~~^~~~~~~~
C:/rtools44/x86_64-w64-mingw32.static.posix/lib/gcc/x86_64-w64-mingw32.static.posix/13.2.0/include/c++/cmath:1138:5: note: candidate: 'template<class _Tp> constexpr typename __gnu_cxx::__enable_if<std::__is_integer<_Tp>::__value, bool>::__type std::isfinite(_Tp)'
 1138 |     isfinite(_Tp __x)
      |     ^~~~~~~~
C:/rtools44/x86_64-w64-mingw32.static.posix/lib/gcc/x86_64-w64-mingw32.static.posix/13.2.0/include/c++/cmath:1138:5: note:   template argument deduction/substitution failed:
C:/rtools44/x86_64-w64-mingw32.static.posix/lib/gcc/x86_64-w64-mingw32.static.posix/13.2.0/include/c++/cmath: In substitution of 'template<class _Tp> constexpr typename __gnu_cxx::__enable_if<std::__is_integer<_Tp>::__value, bool>::__type std::isfinite(_Tp) [with _Tp = CppAD::AD<CppAD::AD<double> >]':
POPULATIONS//POPULATION_0011//INDIVIDUAL_T6O4MZRV/model.cpp:59:54:   required from 'Type objective_function<Type>::operator()() [with Type = CppAD::AD<CppAD::AD<double> >]'
C:/Users/spi085/AppData/Local/Programs/R/R-4.4.1/library/TMB/include/tmb_core.hpp:913:29:   required from 'Type objective_function<Type>::evalUserTemplate() [with Type = CppAD::AD<CppAD::AD<double> >]'
C:/Users/spi085/AppData/Local/Programs/R/R-4.4.1/library/TMB/include/tmb_core.hpp:2112:26:   required from here
C:/rtools44/x86_64-w64-mingw32.static.posix/lib/gcc/x86_64-w64-mingw32.static.posix/13.2.0/include/c++/cmath:1138:5: error: no type named '__type' in 'struct __gnu_cxx::__enable_if<false, bool>'
POPULATIONS//POPULATION_0011//INDIVIDUAL_T6O4MZRV/model.cpp: In instantiation of 'Type objective_function<Type>::operator()() [with Type = CppAD::AD<CppAD::AD<double> >]':
C:/Users/spi085/AppData/Local/Programs/R/R-4.4.1/library/TMB/include/tmb_core.hpp:913:29:   required from 'Type objective_function<Type>::evalUserTemplate() [with Type = CppAD::AD<CppAD::AD<double> >]'
C:/Users/spi085/AppData/Local/Programs/R/R-4.4.1/library/TMB/include/tmb_core.hpp:2112:26:   required from here
C:/rtools44/x86_64-w64-mingw32.static.posix/lib/gcc/x86_64-w64-mingw32.static.posix/13.2.0/include/c++/cmath:1122:3: note: candidate: 'constexpr bool std::isfinite(float)'
 1122 |   isfinite(float __x)
      |   ^~~~~~~~
C:/rtools44/x86_64-w64-mingw32.static.posix/lib/gcc/x86_64-w64-mingw32.static.posix/13.2.0/include/c++/cmath:1122:18: note:   no known conversion for argument 1 from 'CppAD::AD<CppAD::AD<double> >' to 'float'
 1122 |   isfinite(float __x)
      |            ~~~~~~^~~
C:/rtools44/x86_64-w64-mingw32.static.posix/lib/gcc/x86_64-w64-mingw32.static.posix/13.2.0/include/c++/cmath:1126:3: note: candidate: 'constexpr bool std::isfinite(double)'
 1126 |   isfinite(double __x)
      |   ^~~~~~~~
C:/rtools44/x86_64-w64-mingw32.static.posix/lib/gcc/x86_64-w64-mingw32.static.posix/13.2.0/include/c++/cmath:1126:19: note:   no known conversion for argument 1 from 'CppAD::AD<CppAD::AD<double> >' to 'double'
 1126 |   isfinite(double __x)
      |            ~~~~~~~^~~
C:/rtools44/x86_64-w64-mingw32.static.posix/lib/gcc/x86_64-w64-mingw32.static.posix/13.2.0/include/c++/cmath:1130:3: note: candidate: 'constexpr bool std::isfinite(long double)'
 1130 |   isfinite(long double __x)
      |   ^~~~~~~~
C:/rtools44/x86_64-w64-mingw32.static.posix/lib/gcc/x86_64-w64-mingw32.static.posix/13.2.0/include/c++/cmath:1130:24: note:   no known conversion for argument 1 from 'CppAD::AD<CppAD::AD<double> >' to 'long double'
 1130 |   isfinite(long double __x)
      |            ~~~~~~~~~~~~^~~
POPULATIONS//POPULATION_0011//INDIVIDUAL_T6O4MZRV/model.cpp:59:80: error: no matching function for call to 'isfinite(CppAD::AD<CppAD::AD<double> >&)'
   59 |       !std::isfinite(eff_pred_fast) || !std::isfinite(r_slow) || !std::isfinite(K_slow) ||
      |                                                                   ~~~~~~~~~~~~~^~~~~~~~
C:/rtools44/x86_64-w64-mingw32.static.posix/lib/gcc/x86_64-w64-mingw32.static.posix/13.2.0/include/c++/cmath:1138:5: note: candidate: 'template<class _Tp> constexpr typename __gnu_cxx::__enable_if<std::__is_integer<_Tp>::__value, bool>::__type std::isfinite(_Tp)'
 1138 |     isfinite(_Tp __x)
      |     ^~~~~~~~
C:/rtools44/x86_64-w64-mingw32.static.posix/lib/gcc/x86_64-w64-mingw32.static.posix/13.2.0/include/c++/cmath:1138:5: note:   template argument deduction/substitution failed:
C:/rtools44/x86_64-w64-mingw32.static.posix/lib/gcc/x86_64-w64-mingw32.static.posix/13.2.0/include/c++/cmath: In substitution of 'template<class _Tp> constexpr typename __gnu_cxx::__enable_if<std::__is_integer<_Tp>::__value, bool>::__type std::isfinite(_Tp) [with _Tp = CppAD::AD<CppAD::AD<double> >]':
POPULATIONS//POPULATION_0011//INDIVIDUAL_T6O4MZRV/model.cpp:59:80:   required from 'Type objective_function<Type>::operator()() [with Type = CppAD::AD<CppAD::AD<double> >]'
C:/Users/spi085/AppData/Local/Programs/R/R-4.4.1/library/TMB/include/tmb_core.hpp:913:29:   required from 'Type objective_function<Type>::evalUserTemplate() [with Type = CppAD::AD<CppAD::AD<double> >]'
C:/Users/spi085/AppData/Local/Programs/R/R-4.4.1/library/TMB/include/tmb_core.hpp:2112:26:   required from here
C:/rtools44/x86_64-w64-mingw32.static.posix/lib/gcc/x86_64-w64-mingw32.static.posix/13.2.0/include/c++/cmath:1138:5: error: no type named '__type' in 'struct __gnu_cxx::__enable_if<false, bool>'
POPULATIONS//POPULATION_0011//INDIVIDUAL_T6O4MZRV/model.cpp: In instantiation of 'Type objective_function<Type>::operator()() [with Type = CppAD::AD<CppAD::AD<double> >]':
C:/Users/spi085/AppData/Local/Programs/R/R-4.4.1/library/TMB/include/tmb_core.hpp:913:29:   required from 'Type objective_function<Type>::evalUserTemplate() [with Type = CppAD::AD<CppAD::AD<double> >]'
C:/Users/spi085/AppData/Local/Programs/R/R-4.4.1/library/TMB/include/tmb_core.hpp:2112:26:   required from here
C:/rtools44/x86_64-w64-mingw32.static.posix/lib/gcc/x86_64-w64-mingw32.static.posix/13.2.0/include/c++/cmath:1122:3: note: candidate: 'constexpr bool std::isfinite(float)'
 1122 |   isfinite(float __x)
      |   ^~~~~~~~
C:/rtools44/x86_64-w64-mingw32.static.posix/lib/gcc/x86_64-w64-mingw32.static.posix/13.2.0/include/c++/cmath:1122:18: note:   no known conversion for argument 1 from 'CppAD::AD<CppAD::AD<double> >' to 'float'
 1122 |   isfinite(float __x)
      |            ~~~~~~^~~
C:/rtools44/x86_64-w64-mingw32.static.posix/lib/gcc/x86_64-w64-mingw32.static.posix/13.2.0/include/c++/cmath:1126:3: note: candidate: 'constexpr bool std::isfinite(double)'
 1126 |   isfinite(double __x)
      |   ^~~~~~~~
C:/rtools44/x86_64-w64-mingw32.static.posix/lib/gcc/x86_64-w64-mingw32.static.posix/13.2.0/include/c++/cmath:1126:19: note:   no known conversion for argument 1 from 'CppAD::AD<CppAD::AD<double> >' to 'double'
 1126 |   isfinite(double __x)
      |            ~~~~~~~^~~
C:/rtools44/x86_64-w64-mingw32.static.posix/lib/gcc/x86_64-w64-mingw32.static.posix/13.2.0/include/c++/cmath:1130:3: note: candidate: 'constexpr bool std::isfinite(long double)'
 1130 |   isfinite(long double __x)
      |   ^~~~~~~~
C:/rtools44/x86_64-w64-mingw32.static.posix/lib/gcc/x86_64-w64-mingw32.static.posix/13.2.0/include/c++/cmath:1130:24: note:   no known conversion for argument 1 from 'CppAD::AD<CppAD::AD<double> >' to 'long double'
 1130 |   isfinite(long double __x)
      |            ~~~~~~~~~~~~^~~
POPULATIONS//POPULATION_0011//INDIVIDUAL_T6O4MZRV/model.cpp:60:21: error: no matching function for call to 'isfinite(CppAD::AD<CppAD::AD<double> >&)'
   60 |       !std::isfinite(r_fast) || !std::isfinite(K_fast) || !std::isfinite(beta_sst) || !std::isfinite(alpha_comp)) {
      |        ~~~~~~~~~~~~~^~~~~~~~
C:/rtools44/x86_64-w64-mingw32.static.posix/lib/gcc/x86_64-w64-mingw32.static.posix/13.2.0/include/c++/cmath:1138:5: note: candidate: 'template<class _Tp> constexpr typename __gnu_cxx::__enable_if<std::__is_integer<_Tp>::__value, bool>::__type std::isfinite(_Tp)'
 1138 |     isfinite(_Tp __x)
      |     ^~~~~~~~
C:/rtools44/x86_64-w64-mingw32.static.posix/lib/gcc/x86_64-w64-mingw32.static.posix/13.2.0/include/c++/cmath:1138:5: note:   template argument deduction/substitution failed:
C:/rtools44/x86_64-w64-mingw32.static.posix/lib/gcc/x86_64-w64-mingw32.static.posix/13.2.0/include/c++/cmath: In substitution of 'template<class _Tp> constexpr typename __gnu_cxx::__enable_if<std::__is_integer<_Tp>::__value, bool>::__type std::isfinite(_Tp) [with _Tp = CppAD::AD<CppAD::AD<double> >]':
POPULATIONS//POPULATION_0011//INDIVIDUAL_T6O4MZRV/model.cpp:60:21:   required from 'Type objective_function<Type>::operator()() [with Type = CppAD::AD<CppAD::AD<double> >]'
C:/Users/spi085/AppData/Local/Programs/R/R-4.4.1/library/TMB/include/tmb_core.hpp:913:29:   required from 'Type objective_function<Type>::evalUserTemplate() [with Type = CppAD::AD<CppAD::AD<double> >]'
C:/Users/spi085/AppData/Local/Programs/R/R-4.4.1/library/TMB/include/tmb_core.hpp:2112:26:   required from here
C:/rtools44/x86_64-w64-mingw32.static.posix/lib/gcc/x86_64-w64-mingw32.static.posix/13.2.0/include/c++/cmath:1138:5: error: no type named '__type' in 'struct __gnu_cxx::__enable_if<false, bool>'
POPULATIONS//POPULATION_0011//INDIVIDUAL_T6O4MZRV/model.cpp: In instantiation of 'Type objective_function<Type>::operator()() [with Type = CppAD::AD<CppAD::AD<double> >]':
C:/Users/spi085/AppData/Local/Programs/R/R-4.4.1/library/TMB/include/tmb_core.hpp:913:29:   required from 'Type objective_function<Type>::evalUserTemplate() [with Type = CppAD::AD<CppAD::AD<double> >]'
C:/Users/spi085/AppData/Local/Programs/R/R-4.4.1/library/TMB/include/tmb_core.hpp:2112:26:   required from here
C:/rtools44/x86_64-w64-mingw32.static.posix/lib/gcc/x86_64-w64-mingw32.static.posix/13.2.0/include/c++/cmath:1122:3: note: candidate: 'constexpr bool std::isfinite(float)'
 1122 |   isfinite(float __x)
      |   ^~~~~~~~
C:/rtools44/x86_64-w64-mingw32.static.posix/lib/gcc/x86_64-w64-mingw32.static.posix/13.2.0/include/c++/cmath:1122:18: note:   no known conversion for argument 1 from 'CppAD::AD<CppAD::AD<double> >' to 'float'
 1122 |   isfinite(float __x)
      |            ~~~~~~^~~
C:/rtools44/x86_64-w64-mingw32.static.posix/lib/gcc/x86_64-w64-mingw32.static.posix/13.2.0/include/c++/cmath:1126:3: note: candidate: 'constexpr bool std::isfinite(double)'
 1126 |   isfinite(double __x)
      |   ^~~~~~~~
C:/rtools44/x86_64-w64-mingw32.static.posix/lib/gcc/x86_64-w64-mingw32.static.posix/13.2.0/include/c++/cmath:1126:19: note:   no known conversion for argument 1 from 'CppAD::AD<CppAD::AD<double> >' to 'double'
 1126 |   isfinite(double __x)
      |            ~~~~~~~^~~
C:/rtools44/x86_64-w64-mingw32.static.posix/lib/gcc/x86_64-w64-mingw32.static.posix/13.2.0/include/c++/cmath:1130:3: note: candidate: 'constexpr bool std::isfinite(long double)'
 1130 |   isfinite(long double __x)
      |   ^~~~~~~~
C:/rtools44/x86_64-w64-mingw32.static.posix/lib/gcc/x86_64-w64-mingw32.static.posix/13.2.0/include/c++/cmath:1130:24: note:   no known conversion for argument 1 from 'CppAD::AD<CppAD::AD<double> >' to 'long double'
 1130 |   isfinite(long double __x)
      |            ~~~~~~~~~~~~^~~
POPULATIONS//POPULATION_0011//INDIVIDUAL_T6O4MZRV/model.cpp:60:47: error: no matching function for call to 'isfinite(CppAD::AD<CppAD::AD<double> >&)'
   60 |       !std::isfinite(r_fast) || !std::isfinite(K_fast) || !std::isfinite(beta_sst) || !std::isfinite(alpha_comp)) {
      |                                  ~~~~~~~~~~~~~^~~~~~~~
C:/rtools44/x86_64-w64-mingw32.static.posix/lib/gcc/x86_64-w64-mingw32.static.posix/13.2.0/include/c++/cmath:1138:5: note: candidate: 'template<class _Tp> constexpr typename __gnu_cxx::__enable_if<std::__is_integer<_Tp>::__value, bool>::__type std::isfinite(_Tp)'
 1138 |     isfinite(_Tp __x)
      |     ^~~~~~~~
C:/rtools44/x86_64-w64-mingw32.static.posix/lib/gcc/x86_64-w64-mingw32.static.posix/13.2.0/include/c++/cmath:1138:5: note:   template argument deduction/substitution failed:
C:/rtools44/x86_64-w64-mingw32.static.posix/lib/gcc/x86_64-w64-mingw32.static.posix/13.2.0/include/c++/cmath: In substitution of 'template<class _Tp> constexpr typename __gnu_cxx::__enable_if<std::__is_integer<_Tp>::__value, bool>::__type std::isfinite(_Tp) [with _Tp = CppAD::AD<CppAD::AD<double> >]':
POPULATIONS//POPULATION_0011//INDIVIDUAL_T6O4MZRV/model.cpp:60:47:   required from 'Type objective_function<Type>::operator()() [with Type = CppAD::AD<CppAD::AD<double> >]'
C:/Users/spi085/AppData/Local/Programs/R/R-4.4.1/library/TMB/include/tmb_core.hpp:913:29:   required from 'Type objective_function<Type>::evalUserTemplate() [with Type = CppAD::AD<CppAD::AD<double> >]'
C:/Users/spi085/AppData/Local/Programs/R/R-4.4.1/library/TMB/include/tmb_core.hpp:2112:26:   required from here
C:/rtools44/x86_64-w64-mingw32.static.posix/lib/gcc/x86_64-w64-mingw32.static.posix/13.2.0/include/c++/cmath:1138:5: error: no type named '__type' in 'struct __gnu_cxx::__enable_if<false, bool>'
POPULATIONS//POPULATION_0011//INDIVIDUAL_T6O4MZRV/model.cpp: In instantiation of 'Type objective_function<Type>::operator()() [with Type = CppAD::AD<CppAD::AD<double> >]':
C:/Users/spi085/AppData/Local/Programs/R/R-4.4.1/library/TMB/include/tmb_core.hpp:913:29:   required from 'Type objective_function<Type>::evalUserTemplate() [with Type = CppAD::AD<CppAD::AD<double> >]'
C:/Users/spi085/AppData/Local/Programs/R/R-4.4.1/library/TMB/include/tmb_core.hpp:2112:26:   required from here
C:/rtools44/x86_64-w64-mingw32.static.posix/lib/gcc/x86_64-w64-mingw32.static.posix/13.2.0/include/c++/cmath:1122:3: note: candidate: 'constexpr bool std::isfinite(float)'
 1122 |   isfinite(float __x)
      |   ^~~~~~~~
C:/rtools44/x86_64-w64-mingw32.static.posix/lib/gcc/x86_64-w64-mingw32.static.posix/13.2.0/include/c++/cmath:1122:18: note:   no known conversion for argument 1 from 'CppAD::AD<CppAD::AD<double> >' to 'float'
 1122 |   isfinite(float __x)
      |            ~~~~~~^~~
C:/rtools44/x86_64-w64-mingw32.static.posix/lib/gcc/x86_64-w64-mingw32.static.posix/13.2.0/include/c++/cmath:1126:3: note: candidate: 'constexpr bool std::isfinite(double)'
 1126 |   isfinite(double __x)
      |   ^~~~~~~~
C:/rtools44/x86_64-w64-mingw32.static.posix/lib/gcc/x86_64-w64-mingw32.static.posix/13.2.0/include/c++/cmath:1126:19: note:   no known conversion for argument 1 from 'CppAD::AD<CppAD::AD<double> >' to 'double'
 1126 |   isfinite(double __x)
      |            ~~~~~~~^~~
C:/rtools44/x86_64-w64-mingw32.static.posix/lib/gcc/x86_64-w64-mingw32.static.posix/13.2.0/include/c++/cmath:1130:3: note: candidate: 'constexpr bool std::isfinite(long double)'
 1130 |   isfinite(long double __x)
      |   ^~~~~~~~
C:/rtools44/x86_64-w64-mingw32.static.posix/lib/gcc/x86_64-w64-mingw32.static.posix/13.2.0/include/c++/cmath:1130:24: note:   no known conversion for argument 1 from 'CppAD::AD<CppAD::AD<double> >' to 'long double'
 1130 |   isfinite(long double __x)
      |            ~~~~~~~~~~~~^~~
POPULATIONS//POPULATION_0011//INDIVIDUAL_T6O4MZRV/model.cpp:60:73: error: no matching function for call to 'isfinite(CppAD::AD<CppAD::AD<double> >&)'
   60 |       !std::isfinite(r_fast) || !std::isfinite(K_fast) || !std::isfinite(beta_sst) || !std::isfinite(alpha_comp)) {
      |                                                            ~~~~~~~~~~~~~^~~~~~~~~~
C:/rtools44/x86_64-w64-mingw32.static.posix/lib/gcc/x86_64-w64-mingw32.static.posix/13.2.0/include/c++/cmath:1138:5: note: candidate: 'template<class _Tp> constexpr typename __gnu_cxx::__enable_if<std::__is_integer<_Tp>::__value, bool>::__type std::isfinite(_Tp)'
 1138 |     isfinite(_Tp __x)
      |     ^~~~~~~~
C:/rtools44/x86_64-w64-mingw32.static.posix/lib/gcc/x86_64-w64-mingw32.static.posix/13.2.0/include/c++/cmath:1138:5: note:   template argument deduction/substitution failed:
C:/rtools44/x86_64-w64-mingw32.static.posix/lib/gcc/x86_64-w64-mingw32.static.posix/13.2.0/include/c++/cmath: In substitution of 'template<class _Tp> constexpr typename __gnu_cxx::__enable_if<std::__is_integer<_Tp>::__value, bool>::__type std::isfinite(_Tp) [with _Tp = CppAD::AD<CppAD::AD<double> >]':
POPULATIONS//POPULATION_0011//INDIVIDUAL_T6O4MZRV/model.cpp:60:73:   required from 'Type objective_function<Type>::operator()() [with Type = CppAD::AD<CppAD::AD<double> >]'
C:/Users/spi085/AppData/Local/Programs/R/R-4.4.1/library/TMB/include/tmb_core.hpp:913:29:   required from 'Type objective_function<Type>::evalUserTemplate() [with Type = CppAD::AD<CppAD::AD<double> >]'
C:/Users/spi085/AppData/Local/Programs/R/R-4.4.1/library/TMB/include/tmb_core.hpp:2112:26:   required from here
C:/rtools44/x86_64-w64-mingw32.static.posix/lib/gcc/x86_64-w64-mingw32.static.posix/13.2.0/include/c++/cmath:1138:5: error: no type named '__type' in 'struct __gnu_cxx::__enable_if<false, bool>'
POPULATIONS//POPULATION_0011//INDIVIDUAL_T6O4MZRV/model.cpp: In instantiation of 'Type objective_function<Type>::operator()() [with Type = CppAD::AD<CppAD::AD<double> >]':
C:/Users/spi085/AppData/Local/Programs/R/R-4.4.1/library/TMB/include/tmb_core.hpp:913:29:   required from 'Type objective_function<Type>::evalUserTemplate() [with Type = CppAD::AD<CppAD::AD<double> >]'
C:/Users/spi085/AppData/Local/Programs/R/R-4.4.1/library/TMB/include/tmb_core.hpp:2112:26:   required from here
C:/rtools44/x86_64-w64-mingw32.static.posix/lib/gcc/x86_64-w64-mingw32.static.posix/13.2.0/include/c++/cmath:1122:3: note: candidate: 'constexpr bool std::isfinite(float)'
 1122 |   isfinite(float __x)
      |   ^~~~~~~~
C:/rtools44/x86_64-w64-mingw32.static.posix/lib/gcc/x86_64-w64-mingw32.static.posix/13.2.0/include/c++/cmath:1122:18: note:   no known conversion for argument 1 from 'CppAD::AD<CppAD::AD<double> >' to 'float'
 1122 |   isfinite(float __x)
      |            ~~~~~~^~~
C:/rtools44/x86_64-w64-mingw32.static.posix/lib/gcc/x86_64-w64-mingw32.static.posix/13.2.0/include/c++/cmath:1126:3: note: candidate: 'constexpr bool std::isfinite(double)'
 1126 |   isfinite(double __x)
      |   ^~~~~~~~
C:/rtools44/x86_64-w64-mingw32.static.posix/lib/gcc/x86_64-w64-mingw32.static.posix/13.2.0/include/c++/cmath:1126:19: note:   no known conversion for argument 1 from 'CppAD::AD<CppAD::AD<double> >' to 'double'
 1126 |   isfinite(double __x)
      |            ~~~~~~~^~~
C:/rtools44/x86_64-w64-mingw32.static.posix/lib/gcc/x86_64-w64-mingw32.static.posix/13.2.0/include/c++/cmath:1130:3: note: candidate: 'constexpr bool std::isfinite(long double)'
 1130 |   isfinite(long double __x)
      |   ^~~~~~~~
C:/rtools44/x86_64-w64-mingw32.static.posix/lib/gcc/x86_64-w64-mingw32.static.posix/13.2.0/include/c++/cmath:1130:24: note:   no known conversion for argument 1 from 'CppAD::AD<CppAD::AD<double> >' to 'long double'
 1130 |   isfinite(long double __x)
      |            ~~~~~~~~~~~~^~~
POPULATIONS//POPULATION_0011//INDIVIDUAL_T6O4MZRV/model.cpp:60:101: error: no matching function for call to 'isfinite(CppAD::AD<CppAD::AD<double> >&)'
   60 |       !std::isfinite(r_fast) || !std::isfinite(K_fast) || !std::isfinite(beta_sst) || !std::isfinite(alpha_comp)) {
      |                                                                                        ~~~~~~~~~~~~~^~~~~~~~~~~~
C:/rtools44/x86_64-w64-mingw32.static.posix/lib/gcc/x86_64-w64-mingw32.static.posix/13.2.0/include/c++/cmath:1138:5: note: candidate: 'template<class _Tp> constexpr typename __gnu_cxx::__enable_if<std::__is_integer<_Tp>::__value, bool>::__type std::isfinite(_Tp)'
 1138 |     isfinite(_Tp __x)
      |     ^~~~~~~~
C:/rtools44/x86_64-w64-mingw32.static.posix/lib/gcc/x86_64-w64-mingw32.static.posix/13.2.0/include/c++/cmath:1138:5: note:   template argument deduction/substitution failed:
C:/rtools44/x86_64-w64-mingw32.static.posix/lib/gcc/x86_64-w64-mingw32.static.posix/13.2.0/include/c++/cmath: In substitution of 'template<class _Tp> constexpr typename __gnu_cxx::__enable_if<std::__is_integer<_Tp>::__value, bool>::__type std::isfinite(_Tp) [with _Tp = CppAD::AD<CppAD::AD<double> >]':
POPULATIONS//POPULATION_0011//INDIVIDUAL_T6O4MZRV/model.cpp:60:101:   required from 'Type objective_function<Type>::operator()() [with Type = CppAD::AD<CppAD::AD<double> >]'
C:/Users/spi085/AppData/Local/Programs/R/R-4.4.1/library/TMB/include/tmb_core.hpp:913:29:   required from 'Type objective_function<Type>::evalUserTemplate() [with Type = CppAD::AD<CppAD::AD<double> >]'
C:/Users/spi085/AppData/Local/Programs/R/R-4.4.1/library/TMB/include/tmb_core.hpp:2112:26:   required from here
C:/rtools44/x86_64-w64-mingw32.static.posix/lib/gcc/x86_64-w64-mingw32.static.posix/13.2.0/include/c++/cmath:1138:5: error: no type named '__type' in 'struct __gnu_cxx::__enable_if<false, bool>'
POPULATIONS//POPULATION_0011//INDIVIDUAL_T6O4MZRV/model.cpp: In instantiation of 'Type objective_function<Type>::operator()() [with Type = CppAD::AD<CppAD::AD<double> >]':
C:/Users/spi085/AppData/Local/Programs/R/R-4.4.1/library/TMB/include/tmb_core.hpp:913:29:   required from 'Type objective_function<Type>::evalUserTemplate() [with Type = CppAD::AD<CppAD::AD<double> >]'
C:/Users/spi085/AppData/Local/Programs/R/R-4.4.1/library/TMB/include/tmb_core.hpp:2112:26:   required from here
C:/rtools44/x86_64-w64-mingw32.static.posix/lib/gcc/x86_64-w64-mingw32.static.posix/13.2.0/include/c++/cmath:1122:3: note: candidate: 'constexpr bool std::isfinite(float)'
 1122 |   isfinite(float __x)
      |   ^~~~~~~~
C:/rtools44/x86_64-w64-mingw32.static.posix/lib/gcc/x86_64-w64-mingw32.static.posix/13.2.0/include/c++/cmath:1122:18: note:   no known conversion for argument 1 from 'CppAD::AD<CppAD::AD<double> >' to 'float'
 1122 |   isfinite(float __x)
      |            ~~~~~~^~~
C:/rtools44/x86_64-w64-mingw32.static.posix/lib/gcc/x86_64-w64-mingw32.static.posix/13.2.0/include/c++/cmath:1126:3: note: candidate: 'constexpr bool std::isfinite(double)'
 1126 |   isfinite(double __x)
      |   ^~~~~~~~
C:/rtools44/x86_64-w64-mingw32.static.posix/lib/gcc/x86_64-w64-mingw32.static.posix/13.2.0/include/c++/cmath:1126:19: note:   no known conversion for argument 1 from 'CppAD::AD<CppAD::AD<double> >' to 'double'
 1126 |   isfinite(double __x)
      |            ~~~~~~~^~~
C:/rtools44/x86_64-w64-mingw32.static.posix/lib/gcc/x86_64-w64-mingw32.static.posix/13.2.0/include/c++/cmath:1130:3: note: candidate: 'constexpr bool std::isfinite(long double)'
 1130 |   isfinite(long double __x)
      |   ^~~~~~~~
C:/rtools44/x86_64-w64-mingw32.static.posix/lib/gcc/x86_64-w64-mingw32.static.posix/13.2.0/include/c++/cmath:1130:24: note:   no known conversion for argument 1 from 'CppAD::AD<CppAD::AD<double> >' to 'long double'
 1130 |   isfinite(long double __x)
      |            ~~~~~~~~~~~~^~~
POPULATIONS//POPULATION_0011//INDIVIDUAL_T6O4MZRV/model.cpp: In instantiation of 'Type objective_function<Type>::operator()() [with Type = CppAD::AD<CppAD::AD<CppAD::AD<double> > >]':
C:/Users/spi085/AppData/Local/Programs/R/R-4.4.1/library/TMB/include/tmb_core.hpp:913:29:   required from 'Type objective_function<Type>::evalUserTemplate() [with Type = CppAD::AD<CppAD::AD<CppAD::AD<double> > >]'
C:/Users/spi085/AppData/Local/Programs/R/R-4.4.1/library/TMB/include/tmb_core.hpp:2361:28:   required from here
POPULATIONS//POPULATION_0011//INDIVIDUAL_T6O4MZRV/model.cpp:58:21: error: no matching function for call to 'isfinite(CppAD::AD<CppAD::AD<CppAD::AD<double> > >&)'
   58 |   if (!std::isfinite(r_cots) || !std::isfinite(K_cots) || !std::isfinite(eff_pred_slow) ||
      |        ~~~~~~~~~~~~~^~~~~~~~
C:/rtools44/x86_64-w64-mingw32.static.posix/lib/gcc/x86_64-w64-mingw32.static.posix/13.2.0/include/c++/cmath:1138:5: note: candidate: 'template<class _Tp> constexpr typename __gnu_cxx::__enable_if<std::__is_integer<_Tp>::__value, bool>::__type std::isfinite(_Tp)'
 1138 |     isfinite(_Tp __x)
      |     ^~~~~~~~
C:/rtools44/x86_64-w64-mingw32.static.posix/lib/gcc/x86_64-w64-mingw32.static.posix/13.2.0/include/c++/cmath:1138:5: note:   template argument deduction/substitution failed:
C:/rtools44/x86_64-w64-mingw32.static.posix/lib/gcc/x86_64-w64-mingw32.static.posix/13.2.0/include/c++/cmath: In substitution of 'template<class _Tp> constexpr typename __gnu_cxx::__enable_if<std::__is_integer<_Tp>::__value, bool>::__type std::isfinite(_Tp) [with _Tp = CppAD::AD<CppAD::AD<CppAD::AD<double> > >]':
POPULATIONS//POPULATION_0011//INDIVIDUAL_T6O4MZRV/model.cpp:58:21:   required from 'Type objective_function<Type>::operator()() [with Type = CppAD::AD<CppAD::AD<CppAD::AD<double> > >]'
C:/Users/spi085/AppData/Local/Programs/R/R-4.4.1/library/TMB/include/tmb_core.hpp:913:29:   required from 'Type objective_function<Type>::evalUserTemplate() [with Type = CppAD::AD<CppAD::AD<CppAD::AD<double> > >]'
C:/Users/spi085/AppData/Local/Programs/R/R-4.4.1/library/TMB/include/tmb_core.hpp:2361:28:   required from here
C:/rtools44/x86_64-w64-mingw32.static.posix/lib/gcc/x86_64-w64-mingw32.static.posix/13.2.0/include/c++/cmath:1138:5: error: no type named '__type' in 'struct __gnu_cxx::__enable_if<false, bool>'
POPULATIONS//POPULATION_0011//INDIVIDUAL_T6O4MZRV/model.cpp: In instantiation of 'Type objective_function<Type>::operator()() [with Type = CppAD::AD<CppAD::AD<CppAD::AD<double> > >]':
C:/Users/spi085/AppData/Local/Programs/R/R-4.4.1/library/TMB/include/tmb_core.hpp:913:29:   required from 'Type objective_function<Type>::evalUserTemplate() [with Type = CppAD::AD<CppAD::AD<CppAD::AD<double> > >]'
C:/Users/spi085/AppData/Local/Programs/R/R-4.4.1/library/TMB/include/tmb_core.hpp:2361:28:   required from here
C:/rtools44/x86_64-w64-mingw32.static.posix/lib/gcc/x86_64-w64-mingw32.static.posix/13.2.0/include/c++/cmath:1122:3: note: candidate: 'constexpr bool std::isfinite(float)'
 1122 |   isfinite(float __x)
      |   ^~~~~~~~
C:/rtools44/x86_64-w64-mingw32.static.posix/lib/gcc/x86_64-w64-mingw32.static.posix/13.2.0/include/c++/cmath:1122:18: note:   no known conversion for argument 1 from 'CppAD::AD<CppAD::AD<CppAD::AD<double> > >' to 'float'
 1122 |   isfinite(float __x)
      |            ~~~~~~^~~
C:/rtools44/x86_64-w64-mingw32.static.posix/lib/gcc/x86_64-w64-mingw32.static.posix/13.2.0/include/c++/cmath:1126:3: note: candidate: 'constexpr bool std::isfinite(double)'
 1126 |   isfinite(double __x)
      |   ^~~~~~~~
C:/rtools44/x86_64-w64-mingw32.static.posix/lib/gcc/x86_64-w64-mingw32.static.posix/13.2.0/include/c++/cmath:1126:19: note:   no known conversion for argument 1 from 'CppAD::AD<CppAD::AD<CppAD::AD<double> > >' to 'double'
 1126 |   isfinite(double __x)
      |            ~~~~~~~^~~
C:/rtools44/x86_64-w64-mingw32.static.posix/lib/gcc/x86_64-w64-mingw32.static.posix/13.2.0/include/c++/cmath:1130:3: note: candidate: 'constexpr bool std::isfinite(long double)'
 1130 |   isfinite(long double __x)
      |   ^~~~~~~~
C:/rtools44/x86_64-w64-mingw32.static.posix/lib/gcc/x86_64-w64-mingw32.static.posix/13.2.0/include/c++/cmath:1130:24: note:   no known conversion for argument 1 from 'CppAD::AD<CppAD::AD<CppAD::AD<double> > >' to 'long double'
 1130 |   isfinite(long double __x)
      |            ~~~~~~~~~~~~^~~
POPULATIONS//POPULATION_0011//INDIVIDUAL_T6O4MZRV/model.cpp:58:47: error: no matching function for call to 'isfinite(CppAD::AD<CppAD::AD<CppAD::AD<double> > >&)'
   58 |   if (!std::isfinite(r_cots) || !std::isfinite(K_cots) || !std::isfinite(eff_pred_slow) ||
      |                                  ~~~~~~~~~~~~~^~~~~~~~
C:/rtools44/x86_64-w64-mingw32.static.posix/lib/gcc/x86_64-w64-mingw32.static.posix/13.2.0/include/c++/cmath:1138:5: note: candidate: 'template<class _Tp> constexpr typename __gnu_cxx::__enable_if<std::__is_integer<_Tp>::__value, bool>::__type std::isfinite(_Tp)'
 1138 |     isfinite(_Tp __x)
      |     ^~~~~~~~
C:/rtools44/x86_64-w64-mingw32.static.posix/lib/gcc/x86_64-w64-mingw32.static.posix/13.2.0/include/c++/cmath:1138:5: note:   template argument deduction/substitution failed:
C:/rtools44/x86_64-w64-mingw32.static.posix/lib/gcc/x86_64-w64-mingw32.static.posix/13.2.0/include/c++/cmath: In substitution of 'template<class _Tp> constexpr typename __gnu_cxx::__enable_if<std::__is_integer<_Tp>::__value, bool>::__type std::isfinite(_Tp) [with _Tp = CppAD::AD<CppAD::AD<CppAD::AD<double> > >]':
POPULATIONS//POPULATION_0011//INDIVIDUAL_T6O4MZRV/model.cpp:58:47:   required from 'Type objective_function<Type>::operator()() [with Type = CppAD::AD<CppAD::AD<CppAD::AD<double> > >]'
C:/Users/spi085/AppData/Local/Programs/R/R-4.4.1/library/TMB/include/tmb_core.hpp:913:29:   required from 'Type objective_function<Type>::evalUserTemplate() [with Type = CppAD::AD<CppAD::AD<CppAD::AD<double> > >]'
C:/Users/spi085/AppData/Local/Programs/R/R-4.4.1/library/TMB/include/tmb_core.hpp:2361:28:   required from here
C:/rtools44/x86_64-w64-mingw32.static.posix/lib/gcc/x86_64-w64-mingw32.static.posix/13.2.0/include/c++/cmath:1138:5: error: no type named '__type' in 'struct __gnu_cxx::__enable_if<false, bool>'
POPULATIONS//POPULATION_0011//INDIVIDUAL_T6O4MZRV/model.cpp: In instantiation of 'Type objective_function<Type>::operator()() [with Type = CppAD::AD<CppAD::AD<CppAD::AD<double> > >]':
C:/Users/spi085/AppData/Local/Programs/R/R-4.4.1/library/TMB/include/tmb_core.hpp:913:29:   required from 'Type objective_function<Type>::evalUserTemplate() [with Type = CppAD::AD<CppAD::AD<CppAD::AD<double> > >]'
C:/Users/spi085/AppData/Local/Programs/R/R-4.4.1/library/TMB/include/tmb_core.hpp:2361:28:   required from here
C:/rtools44/x86_64-w64-mingw32.static.posix/lib/gcc/x86_64-w64-mingw32.static.posix/13.2.0/include/c++/cmath:1122:3: note: candidate: 'constexpr bool std::isfinite(float)'
 1122 |   isfinite(float __x)
      |   ^~~~~~~~
C:/rtools44/x86_64-w64-mingw32.static.posix/lib/gcc/x86_64-w64-mingw32.static.posix/13.2.0/include/c++/cmath:1122:18: note:   no known conversion for argument 1 from 'CppAD::AD<CppAD::AD<CppAD::AD<double> > >' to 'float'
 1122 |   isfinite(float __x)
      |            ~~~~~~^~~
C:/rtools44/x86_64-w64-mingw32.static.posix/lib/gcc/x86_64-w64-mingw32.static.posix/13.2.0/include/c++/cmath:1126:3: note: candidate: 'constexpr bool std::isfinite(double)'
 1126 |   isfinite(double __x)
      |   ^~~~~~~~
C:/rtools44/x86_64-w64-mingw32.static.posix/lib/gcc/x86_64-w64-mingw32.static.posix/13.2.0/include/c++/cmath:1126:19: note:   no known conversion for argument 1 from 'CppAD::AD<CppAD::AD<CppAD::AD<double> > >' to 'double'
 1126 |   isfinite(double __x)
      |            ~~~~~~~^~~
C:/rtools44/x86_64-w64-mingw32.static.posix/lib/gcc/x86_64-w64-mingw32.static.posix/13.2.0/include/c++/cmath:1130:3: note: candidate: 'constexpr bool std::isfinite(long double)'
 1130 |   isfinite(long double __x)
      |   ^~~~~~~~
C:/rtools44/x86_64-w64-mingw32.static.posix/lib/gcc/x86_64-w64-mingw32.static.posix/13.2.0/include/c++/cmath:1130:24: note:   no known conversion for argument 1 from 'CppAD::AD<CppAD::AD<CppAD::AD<double> > >' to 'long double'
 1130 |   isfinite(long double __x)
      |            ~~~~~~~~~~~~^~~
POPULATIONS//POPULATION_0011//INDIVIDUAL_T6O4MZRV/model.cpp:58:73: error: no matching function for call to 'isfinite(CppAD::AD<CppAD::AD<CppAD::AD<double> > >&)'
   58 |   if (!std::isfinite(r_cots) || !std::isfinite(K_cots) || !std::isfinite(eff_pred_slow) ||
      |                                                            ~~~~~~~~~~~~~^~~~~~~~~~~~~~~
C:/rtools44/x86_64-w64-mingw32.static.posix/lib/gcc/x86_64-w64-mingw32.static.posix/13.2.0/include/c++/cmath:1138:5: note: candidate: 'template<class _Tp> constexpr typename __gnu_cxx::__enable_if<std::__is_integer<_Tp>::__value, bool>::__type std::isfinite(_Tp)'
 1138 |     isfinite(_Tp __x)
      |     ^~~~~~~~
C:/rtools44/x86_64-w64-mingw32.static.posix/lib/gcc/x86_64-w64-mingw32.static.posix/13.2.0/include/c++/cmath:1138:5: note:   template argument deduction/substitution failed:
C:/rtools44/x86_64-w64-mingw32.static.posix/lib/gcc/x86_64-w64-mingw32.static.posix/13.2.0/include/c++/cmath: In substitution of 'template<class _Tp> constexpr typename __gnu_cxx::__enable_if<std::__is_integer<_Tp>::__value, bool>::__type std::isfinite(_Tp) [with _Tp = CppAD::AD<CppAD::AD<CppAD::AD<double> > >]':
POPULATIONS//POPULATION_0011//INDIVIDUAL_T6O4MZRV/model.cpp:58:73:   required from 'Type objective_function<Type>::operator()() [with Type = CppAD::AD<CppAD::AD<CppAD::AD<double> > >]'
C:/Users/spi085/AppData/Local/Programs/R/R-4.4.1/library/TMB/include/tmb_core.hpp:913:29:   required from 'Type objective_function<Type>::evalUserTemplate() [with Type = CppAD::AD<CppAD::AD<CppAD::AD<double> > >]'
C:/Users/spi085/AppData/Local/Programs/R/R-4.4.1/library/TMB/include/tmb_core.hpp:2361:28:   required from here
C:/rtools44/x86_64-w64-mingw32.static.posix/lib/gcc/x86_64-w64-mingw32.static.posix/13.2.0/include/c++/cmath:1138:5: error: no type named '__type' in 'struct __gnu_cxx::__enable_if<false, bool>'
POPULATIONS//POPULATION_0011//INDIVIDUAL_T6O4MZRV/model.cpp: In instantiation of 'Type objective_function<Type>::operator()() [with Type = CppAD::AD<CppAD::AD<CppAD::AD<double> > >]':
C:/Users/spi085/AppData/Local/Programs/R/R-4.4.1/library/TMB/include/tmb_core.hpp:913:29:   required from 'Type objective_function<Type>::evalUserTemplate() [with Type = CppAD::AD<CppAD::AD<CppAD::AD<double> > >]'
C:/Users/spi085/AppData/Local/Programs/R/R-4.4.1/library/TMB/include/tmb_core.hpp:2361:28:   required from here
C:/rtools44/x86_64-w64-mingw32.static.posix/lib/gcc/x86_64-w64-mingw32.static.posix/13.2.0/include/c++/cmath:1122:3: note: candidate: 'constexpr bool std::isfinite(float)'
 1122 |   isfinite(float __x)
      |   ^~~~~~~~
C:/rtools44/x86_64-w64-mingw32.static.posix/lib/gcc/x86_64-w64-mingw32.static.posix/13.2.0/include/c++/cmath:1122:18: note:   no known conversion for argument 1 from 'CppAD::AD<CppAD::AD<CppAD::AD<double> > >' to 'float'
 1122 |   isfinite(float __x)
      |            ~~~~~~^~~
C:/rtools44/x86_64-w64-mingw32.static.posix/lib/gcc/x86_64-w64-mingw32.static.posix/13.2.0/include/c++/cmath:1126:3: note: candidate: 'constexpr bool std::isfinite(double)'
 1126 |   isfinite(double __x)
      |   ^~~~~~~~
C:/rtools44/x86_64-w64-mingw32.static.posix/lib/gcc/x86_64-w64-mingw32.static.posix/13.2.0/include/c++/cmath:1126:19: note:   no known conversion for argument 1 from 'CppAD::AD<CppAD::AD<CppAD::AD<double> > >' to 'double'
 1126 |   isfinite(double __x)
      |            ~~~~~~~^~~
C:/rtools44/x86_64-w64-mingw32.static.posix/lib/gcc/x86_64-w64-mingw32.static.posix/13.2.0/include/c++/cmath:1130:3: note: candidate: 'constexpr bool std::isfinite(long double)'
 1130 |   isfinite(long double __x)
      |   ^~~~~~~~
C:/rtools44/x86_64-w64-mingw32.static.posix/lib/gcc/x86_64-w64-mingw32.static.posix/13.2.0/include/c++/cmath:1130:24: note:   no known conversion for argument 1 from 'CppAD::AD<CppAD::AD<CppAD::AD<double> > >' to 'long double'
 1130 |   isfinite(long double __x)
      |            ~~~~~~~~~~~~^~~
POPULATIONS//POPULATION_0011//INDIVIDUAL_T6O4MZRV/model.cpp:59:21: error: no matching function for call to 'isfinite(CppAD::AD<CppAD::AD<CppAD::AD<double> > >&)'
   59 |       !std::isfinite(eff_pred_fast) || !std::isfinite(r_slow) || !std::isfinite(K_slow) ||
      |        ~~~~~~~~~~~~~^~~~~~~~~~~~~~~
C:/rtools44/x86_64-w64-mingw32.static.posix/lib/gcc/x86_64-w64-mingw32.static.posix/13.2.0/include/c++/cmath:1138:5: note: candidate: 'template<class _Tp> constexpr typename __gnu_cxx::__enable_if<std::__is_integer<_Tp>::__value, bool>::__type std::isfinite(_Tp)'
 1138 |     isfinite(_Tp __x)
      |     ^~~~~~~~
C:/rtools44/x86_64-w64-mingw32.static.posix/lib/gcc/x86_64-w64-mingw32.static.posix/13.2.0/include/c++/cmath:1138:5: note:   template argument deduction/substitution failed:
C:/rtools44/x86_64-w64-mingw32.static.posix/lib/gcc/x86_64-w64-mingw32.static.posix/13.2.0/include/c++/cmath: In substitution of 'template<class _Tp> constexpr typename __gnu_cxx::__enable_if<std::__is_integer<_Tp>::__value, bool>::__type std::isfinite(_Tp) [with _Tp = CppAD::AD<CppAD::AD<CppAD::AD<double> > >]':
POPULATIONS//POPULATION_0011//INDIVIDUAL_T6O4MZRV/model.cpp:59:21:   required from 'Type objective_function<Type>::operator()() [with Type = CppAD::AD<CppAD::AD<CppAD::AD<double> > >]'
C:/Users/spi085/AppData/Local/Programs/R/R-4.4.1/library/TMB/include/tmb_core.hpp:913:29:   required from 'Type objective_function<Type>::evalUserTemplate() [with Type = CppAD::AD<CppAD::AD<CppAD::AD<double> > >]'
C:/Users/spi085/AppData/Local/Programs/R/R-4.4.1/library/TMB/include/tmb_core.hpp:2361:28:   required from here
C:/rtools44/x86_64-w64-mingw32.static.posix/lib/gcc/x86_64-w64-mingw32.static.posix/13.2.0/include/c++/cmath:1138:5: error: no type named '__type' in 'struct __gnu_cxx::__enable_if<false, bool>'
POPULATIONS//POPULATION_0011//INDIVIDUAL_T6O4MZRV/model.cpp: In instantiation of 'Type objective_function<Type>::operator()() [with Type = CppAD::AD<CppAD::AD<CppAD::AD<double> > >]':
C:/Users/spi085/AppData/Local/Programs/R/R-4.4.1/library/TMB/include/tmb_core.hpp:913:29:   required from 'Type objective_function<Type>::evalUserTemplate() [with Type = CppAD::AD<CppAD::AD<CppAD::AD<double> > >]'
C:/Users/spi085/AppData/Local/Programs/R/R-4.4.1/library/TMB/include/tmb_core.hpp:2361:28:   required from here
C:/rtools44/x86_64-w64-mingw32.static.posix/lib/gcc/x86_64-w64-mingw32.static.posix/13.2.0/include/c++/cmath:1122:3: note: candidate: 'constexpr bool std::isfinite(float)'
 1122 |   isfinite(float __x)
      |   ^~~~~~~~
C:/rtools44/x86_64-w64-mingw32.static.posix/lib/gcc/x86_64-w64-mingw32.static.posix/13.2.0/include/c++/cmath:1122:18: note:   no known conversion for argument 1 from 'CppAD::AD<CppAD::AD<CppAD::AD<double> > >' to 'float'
 1122 |   isfinite(float __x)
      |            ~~~~~~^~~
C:/rtools44/x86_64-w64-mingw32.static.posix/lib/gcc/x86_64-w64-mingw32.static.posix/13.2.0/include/c++/cmath:1126:3: note: candidate: 'constexpr bool std::isfinite(double)'
 1126 |   isfinite(double __x)
      |   ^~~~~~~~
C:/rtools44/x86_64-w64-mingw32.static.posix/lib/gcc/x86_64-w64-mingw32.static.posix/13.2.0/include/c++/cmath:1126:19: note:   no known conversion for argument 1 from 'CppAD::AD<CppAD::AD<CppAD::AD<double> > >' to 'double'
 1126 |   isfinite(double __x)
      |            ~~~~~~~^~~
C:/rtools44/x86_64-w64-mingw32.static.posix/lib/gcc/x86_64-w64-mingw32.static.posix/13.2.0/include/c++/cmath:1130:3: note: candidate: 'constexpr bool std::isfinite(long double)'
 1130 |   isfinite(long double __x)
      |   ^~~~~~~~
C:/rtools44/x86_64-w64-mingw32.static.posix/lib/gcc/x86_64-w64-mingw32.static.posix/13.2.0/include/c++/cmath:1130:24: note:   no known conversion for argument 1 from 'CppAD::AD<CppAD::AD<CppAD::AD<double> > >' to 'long double'
 1130 |   isfinite(long double __x)
      |            ~~~~~~~~~~~~^~~
POPULATIONS//POPULATION_0011//INDIVIDUAL_T6O4MZRV/model.cpp:59:54: error: no matching function for call to 'isfinite(CppAD::AD<CppAD::AD<CppAD::AD<double> > >&)'
   59 |       !std::isfinite(eff_pred_fast) || !std::isfinite(r_slow) || !std::isfinite(K_slow) ||
      |                                         ~~~~~~~~~~~~~^~~~~~~~
C:/rtools44/x86_64-w64-mingw32.static.posix/lib/gcc/x86_64-w64-mingw32.static.posix/13.2.0/include/c++/cmath:1138:5: note: candidate: 'template<class _Tp> constexpr typename __gnu_cxx::__enable_if<std::__is_integer<_Tp>::__value, bool>::__type std::isfinite(_Tp)'
 1138 |     isfinite(_Tp __x)
      |     ^~~~~~~~
C:/rtools44/x86_64-w64-mingw32.static.posix/lib/gcc/x86_64-w64-mingw32.static.posix/13.2.0/include/c++/cmath:1138:5: note:   template argument deduction/substitution failed:
C:/rtools44/x86_64-w64-mingw32.static.posix/lib/gcc/x86_64-w64-mingw32.static.posix/13.2.0/include/c++/cmath: In substitution of 'template<class _Tp> constexpr typename __gnu_cxx::__enable_if<std::__is_integer<_Tp>::__value, bool>::__type std::isfinite(_Tp) [with _Tp = CppAD::AD<CppAD::AD<CppAD::AD<double> > >]':
POPULATIONS//POPULATION_0011//INDIVIDUAL_T6O4MZRV/model.cpp:59:54:   required from 'Type objective_function<Type>::operator()() [with Type = CppAD::AD<CppAD::AD<CppAD::AD<double> > >]'
C:/Users/spi085/AppData/Local/Programs/R/R-4.4.1/library/TMB/include/tmb_core.hpp:913:29:   required from 'Type objective_function<Type>::evalUserTemplate() [with Type = CppAD::AD<CppAD::AD<CppAD::AD<double> > >]'
C:/Users/spi085/AppData/Local/Programs/R/R-4.4.1/library/TMB/include/tmb_core.hpp:2361:28:   required from here
C:/rtools44/x86_64-w64-mingw32.static.posix/lib/gcc/x86_64-w64-mingw32.static.posix/13.2.0/include/c++/cmath:1138:5: error: no type named '__type' in 'struct __gnu_cxx::__enable_if<false, bool>'
POPULATIONS//POPULATION_0011//INDIVIDUAL_T6O4MZRV/model.cpp: In instantiation of 'Type objective_function<Type>::operator()() [with Type = CppAD::AD<CppAD::AD<CppAD::AD<double> > >]':
C:/Users/spi085/AppData/Local/Programs/R/R-4.4.1/library/TMB/include/tmb_core.hpp:913:29:   required from 'Type objective_function<Type>::evalUserTemplate() [with Type = CppAD::AD<CppAD::AD<CppAD::AD<double> > >]'
C:/Users/spi085/AppData/Local/Programs/R/R-4.4.1/library/TMB/include/tmb_core.hpp:2361:28:   required from here
C:/rtools44/x86_64-w64-mingw32.static.posix/lib/gcc/x86_64-w64-mingw32.static.posix/13.2.0/include/c++/cmath:1122:3: note: candidate: 'constexpr bool std::isfinite(float)'
 1122 |   isfinite(float __x)
      |   ^~~~~~~~
C:/rtools44/x86_64-w64-mingw32.static.posix/lib/gcc/x86_64-w64-mingw32.static.posix/13.2.0/include/c++/cmath:1122:18: note:   no known conversion for argument 1 from 'CppAD::AD<CppAD::AD<CppAD::AD<double> > >' to 'float'
 1122 |   isfinite(float __x)
      |            ~~~~~~^~~
C:/rtools44/x86_64-w64-mingw32.static.posix/lib/gcc/x86_64-w64-mingw32.static.posix/13.2.0/include/c++/cmath:1126:3: note: candidate: 'constexpr bool std::isfinite(double)'
 1126 |   isfinite(double __x)
      |   ^~~~~~~~
C:/rtools44/x86_64-w64-mingw32.static.posix/lib/gcc/x86_64-w64-mingw32.static.posix/13.2.0/include/c++/cmath:1126:19: note:   no known conversion for argument 1 from 'CppAD::AD<CppAD::AD<CppAD::AD<double> > >' to 'double'
 1126 |   isfinite(double __x)
      |            ~~~~~~~^~~
C:/rtools44/x86_64-w64-mingw32.static.posix/lib/gcc/x86_64-w64-mingw32.static.posix/13.2.0/include/c++/cmath:1130:3: note: candidate: 'constexpr bool std::isfinite(long double)'
 1130 |   isfinite(long double __x)
      |   ^~~~~~~~
C:/rtools44/x86_64-w64-mingw32.static.posix/lib/gcc/x86_64-w64-mingw32.static.posix/13.2.0/include/c++/cmath:1130:24: note:   no known conversion for argument 1 from 'CppAD::AD<CppAD::AD<CppAD::AD<double> > >' to 'long double'
 1130 |   isfinite(long double __x)
      |            ~~~~~~~~~~~~^~~
POPULATIONS//POPULATION_0011//INDIVIDUAL_T6O4MZRV/model.cpp:59:80: error: no matching function for call to 'isfinite(CppAD::AD<CppAD::AD<CppAD::AD<double> > >&)'
   59 |       !std::isfinite(eff_pred_fast) || !std::isfinite(r_slow) || !std::isfinite(K_slow) ||
      |                                                                   ~~~~~~~~~~~~~^~~~~~~~
C:/rtools44/x86_64-w64-mingw32.static.posix/lib/gcc/x86_64-w64-mingw32.static.posix/13.2.0/include/c++/cmath:1138:5: note: candidate: 'template<class _Tp> constexpr typename __gnu_cxx::__enable_if<std::__is_integer<_Tp>::__value, bool>::__type std::isfinite(_Tp)'
 1138 |     isfinite(_Tp __x)
      |     ^~~~~~~~
C:/rtools44/x86_64-w64-mingw32.static.posix/lib/gcc/x86_64-w64-mingw32.static.posix/13.2.0/include/c++/cmath:1138:5: note:   template argument deduction/substitution failed:
C:/rtools44/x86_64-w64-mingw32.static.posix/lib/gcc/x86_64-w64-mingw32.static.posix/13.2.0/include/c++/cmath: In substitution of 'template<class _Tp> constexpr typename __gnu_cxx::__enable_if<std::__is_integer<_Tp>::__value, bool>::__type std::isfinite(_Tp) [with _Tp = CppAD::AD<CppAD::AD<CppAD::AD<double> > >]':
POPULATIONS//POPULATION_0011//INDIVIDUAL_T6O4MZRV/model.cpp:59:80:   required from 'Type objective_function<Type>::operator()() [with Type = CppAD::AD<CppAD::AD<CppAD::AD<double> > >]'
C:/Users/spi085/AppData/Local/Programs/R/R-4.4.1/library/TMB/include/tmb_core.hpp:913:29:   required from 'Type objective_function<Type>::evalUserTemplate() [with Type = CppAD::AD<CppAD::AD<CppAD::AD<double> > >]'
C:/Users/spi085/AppData/Local/Programs/R/R-4.4.1/library/TMB/include/tmb_core.hpp:2361:28:   required from here
C:/rtools44/x86_64-w64-mingw32.static.posix/lib/gcc/x86_64-w64-mingw32.static.posix/13.2.0/include/c++/cmath:1138:5: error: no type named '__type' in 'struct __gnu_cxx::__enable_if<false, bool>'
POPULATIONS//POPULATION_0011//INDIVIDUAL_T6O4MZRV/model.cpp: In instantiation of 'Type objective_function<Type>::operator()() [with Type = CppAD::AD<CppAD::AD<CppAD::AD<double> > >]':
C:/Users/spi085/AppData/Local/Programs/R/R-4.4.1/library/TMB/include/tmb_core.hpp:913:29:   required from 'Type objective_function<Type>::evalUserTemplate() [with Type = CppAD::AD<CppAD::AD<CppAD::AD<double> > >]'
C:/Users/spi085/AppData/Local/Programs/R/R-4.4.1/library/TMB/include/tmb_core.hpp:2361:28:   required from here
C:/rtools44/x86_64-w64-mingw32.static.posix/lib/gcc/x86_64-w64-mingw32.static.posix/13.2.0/include/c++/cmath:1122:3: note: candidate: 'constexpr bool std::isfinite(float)'
 1122 |   isfinite(float __x)
      |   ^~~~~~~~
C:/rtools44/x86_64-w64-mingw32.static.posix/lib/gcc/x86_64-w64-mingw32.static.posix/13.2.0/include/c++/cmath:1122:18: note:   no known conversion for argument 1 from 'CppAD::AD<CppAD::AD<CppAD::AD<double> > >' to 'float'
 1122 |   isfinite(float __x)
      |            ~~~~~~^~~
C:/rtools44/x86_64-w64-mingw32.static.posix/lib/gcc/x86_64-w64-mingw32.static.posix/13.2.0/include/c++/cmath:1126:3: note: candidate: 'constexpr bool std::isfinite(double)'
 1126 |   isfinite(double __x)
      |   ^~~~~~~~
C:/rtools44/x86_64-w64-mingw32.static.posix/lib/gcc/x86_64-w64-mingw32.static.posix/13.2.0/include/c++/cmath:1126:19: note:   no known conversion for argument 1 from 'CppAD::AD<CppAD::AD<CppAD::AD<double> > >' to 'double'
 1126 |   isfinite(double __x)
      |            ~~~~~~~^~~
C:/rtools44/x86_64-w64-mingw32.static.posix/lib/gcc/x86_64-w64-mingw32.static.posix/13.2.0/include/c++/cmath:1130:3: note: candidate: 'constexpr bool std::isfinite(long double)'
 1130 |   isfinite(long double __x)
      |   ^~~~~~~~
C:/rtools44/x86_64-w64-mingw32.static.posix/lib/gcc/x86_64-w64-mingw32.static.posix/13.2.0/include/c++/cmath:1130:24: note:   no known conversion for argument 1 from 'CppAD::AD<CppAD::AD<CppAD::AD<double> > >' to 'long double'
 1130 |   isfinite(long double __x)
      |            ~~~~~~~~~~~~^~~
POPULATIONS//POPULATION_0011//INDIVIDUAL_T6O4MZRV/model.cpp:60:21: error: no matching function for call to 'isfinite(CppAD::AD<CppAD::AD<CppAD::AD<double> > >&)'
   60 |       !std::isfinite(r_fast) || !std::isfinite(K_fast) || !std::isfinite(beta_sst) || !std::isfinite(alpha_comp)) {
      |        ~~~~~~~~~~~~~^~~~~~~~
C:/rtools44/x86_64-w64-mingw32.static.posix/lib/gcc/x86_64-w64-mingw32.static.posix/13.2.0/include/c++/cmath:1138:5: note: candidate: 'template<class _Tp> constexpr typename __gnu_cxx::__enable_if<std::__is_integer<_Tp>::__value, bool>::__type std::isfinite(_Tp)'
 1138 |     isfinite(_Tp __x)
      |     ^~~~~~~~
C:/rtools44/x86_64-w64-mingw32.static.posix/lib/gcc/x86_64-w64-mingw32.static.posix/13.2.0/include/c++/cmath:1138:5: note:   template argument deduction/substitution failed:
C:/rtools44/x86_64-w64-mingw32.static.posix/lib/gcc/x86_64-w64-mingw32.static.posix/13.2.0/include/c++/cmath: In substitution of 'template<class _Tp> constexpr typename __gnu_cxx::__enable_if<std::__is_integer<_Tp>::__value, bool>::__type std::isfinite(_Tp) [with _Tp = CppAD::AD<CppAD::AD<CppAD::AD<double> > >]':
POPULATIONS//POPULATION_0011//INDIVIDUAL_T6O4MZRV/model.cpp:60:21:   required from 'Type objective_function<Type>::operator()() [with Type = CppAD::AD<CppAD::AD<CppAD::AD<double> > >]'
C:/Users/spi085/AppData/Local/Programs/R/R-4.4.1/library/TMB/include/tmb_core.hpp:913:29:   required from 'Type objective_function<Type>::evalUserTemplate() [with Type = CppAD::AD<CppAD::AD<CppAD::AD<double> > >]'
C:/Users/spi085/AppData/Local/Programs/R/R-4.4.1/library/TMB/include/tmb_core.hpp:2361:28:   required from here
C:/rtools44/x86_64-w64-mingw32.static.posix/lib/gcc/x86_64-w64-mingw32.static.posix/13.2.0/include/c++/cmath:1138:5: error: no type named '__type' in 'struct __gnu_cxx::__enable_if<false, bool>'
POPULATIONS//POPULATION_0011//INDIVIDUAL_T6O4MZRV/model.cpp: In instantiation of 'Type objective_function<Type>::operator()() [with Type = CppAD::AD<CppAD::AD<CppAD::AD<double> > >]':
C:/Users/spi085/AppData/Local/Programs/R/R-4.4.1/library/TMB/include/tmb_core.hpp:913:29:   required from 'Type objective_function<Type>::evalUserTemplate() [with Type = CppAD::AD<CppAD::AD<CppAD::AD<double> > >]'
C:/Users/spi085/AppData/Local/Programs/R/R-4.4.1/library/TMB/include/tmb_core.hpp:2361:28:   required from here
C:/rtools44/x86_64-w64-mingw32.static.posix/lib/gcc/x86_64-w64-mingw32.static.posix/13.2.0/include/c++/cmath:1122:3: note: candidate: 'constexpr bool std::isfinite(float)'
 1122 |   isfinite(float __x)
      |   ^~~~~~~~
C:/rtools44/x86_64-w64-mingw32.static.posix/lib/gcc/x86_64-w64-mingw32.static.posix/13.2.0/include/c++/cmath:1122:18: note:   no known conversion for argument 1 from 'CppAD::AD<CppAD::AD<CppAD::AD<double> > >' to 'float'
 1122 |   isfinite(float __x)
      |            ~~~~~~^~~
C:/rtools44/x86_64-w64-mingw32.static.posix/lib/gcc/x86_64-w64-mingw32.static.posix/13.2.0/include/c++/cmath:1126:3: note: candidate: 'constexpr bool std::isfinite(double)'
 1126 |   isfinite(double __x)
      |   ^~~~~~~~
C:/rtools44/x86_64-w64-mingw32.static.posix/lib/gcc/x86_64-w64-mingw32.static.posix/13.2.0/include/c++/cmath:1126:19: note:   no known conversion for argument 1 from 'CppAD::AD<CppAD::AD<CppAD::AD<double> > >' to 'double'
 1126 |   isfinite(double __x)
      |            ~~~~~~~^~~
C:/rtools44/x86_64-w64-mingw32.static.posix/lib/gcc/x86_64-w64-mingw32.static.posix/13.2.0/include/c++/cmath:1130:3: note: candidate: 'constexpr bool std::isfinite(long double)'
 1130 |   isfinite(long double __x)
      |   ^~~~~~~~
C:/rtools44/x86_64-w64-mingw32.static.posix/lib/gcc/x86_64-w64-mingw32.static.posix/13.2.0/include/c++/cmath:1130:24: note:   no known conversion for argument 1 from 'CppAD::AD<CppAD::AD<CppAD::AD<double> > >' to 'long double'
 1130 |   isfinite(long double __x)
      |            ~~~~~~~~~~~~^~~
POPULATIONS//POPULATION_0011//INDIVIDUAL_T6O4MZRV/model.cpp:60:47: error: no matching function for call to 'isfinite(CppAD::AD<CppAD::AD<CppAD::AD<double> > >&)'
   60 |       !std::isfinite(r_fast) || !std::isfinite(K_fast) || !std::isfinite(beta_sst) || !std::isfinite(alpha_comp)) {
      |                                  ~~~~~~~~~~~~~^~~~~~~~
C:/rtools44/x86_64-w64-mingw32.static.posix/lib/gcc/x86_64-w64-mingw32.static.posix/13.2.0/include/c++/cmath:1138:5: note: candidate: 'template<class _Tp> constexpr typename __gnu_cxx::__enable_if<std::__is_integer<_Tp>::__value, bool>::__type std::isfinite(_Tp)'
 1138 |     isfinite(_Tp __x)
      |     ^~~~~~~~
C:/rtools44/x86_64-w64-mingw32.static.posix/lib/gcc/x86_64-w64-mingw32.static.posix/13.2.0/include/c++/cmath:1138:5: note:   template argument deduction/substitution failed:
C:/rtools44/x86_64-w64-mingw32.static.posix/lib/gcc/x86_64-w64-mingw32.static.posix/13.2.0/include/c++/cmath: In substitution of 'template<class _Tp> constexpr typename __gnu_cxx::__enable_if<std::__is_integer<_Tp>::__value, bool>::__type std::isfinite(_Tp) [with _Tp = CppAD::AD<CppAD::AD<CppAD::AD<double> > >]':
POPULATIONS//POPULATION_0011//INDIVIDUAL_T6O4MZRV/model.cpp:60:47:   required from 'Type objective_function<Type>::operator()() [with Type = CppAD::AD<CppAD::AD<CppAD::AD<double> > >]'
C:/Users/spi085/AppData/Local/Programs/R/R-4.4.1/library/TMB/include/tmb_core.hpp:913:29:   required from 'Type objective_function<Type>::evalUserTemplate() [with Type = CppAD::AD<CppAD::AD<CppAD::AD<double> > >]'
C:/Users/spi085/AppData/Local/Programs/R/R-4.4.1/library/TMB/include/tmb_core.hpp:2361:28:   required from here
C:/rtools44/x86_64-w64-mingw32.static.posix/lib/gcc/x86_64-w64-mingw32.static.posix/13.2.0/include/c++/cmath:1138:5: error: no type named '__type' in 'struct __gnu_cxx::__enable_if<false, bool>'
POPULATIONS//POPULATION_0011//INDIVIDUAL_T6O4MZRV/model.cpp: In instantiation of 'Type objective_function<Type>::operator()() [with Type = CppAD::AD<CppAD::AD<CppAD::AD<double> > >]':
C:/Users/spi085/AppData/Local/Programs/R/R-4.4.1/library/TMB/include/tmb_core.hpp:913:29:   required from 'Type objective_function<Type>::evalUserTemplate() [with Type = CppAD::AD<CppAD::AD<CppAD::AD<double> > >]'
C:/Users/spi085/AppData/Local/Programs/R/R-4.4.1/library/TMB/include/tmb_core.hpp:2361:28:   required from here
C:/rtools44/x86_64-w64-mingw32.static.posix/lib/gcc/x86_64-w64-mingw32.static.posix/13.2.0/include/c++/cmath:1122:3: note: candidate: 'constexpr bool std::isfinite(float)'
 1122 |   isfinite(float __x)
      |   ^~~~~~~~
C:/rtools44/x86_64-w64-mingw32.static.posix/lib/gcc/x86_64-w64-mingw32.static.posix/13.2.0/include/c++/cmath:1122:18: note:   no known conversion for argument 1 from 'CppAD::AD<CppAD::AD<CppAD::AD<double> > >' to 'float'
 1122 |   isfinite(float __x)
      |            ~~~~~~^~~
C:/rtools44/x86_64-w64-mingw32.static.posix/lib/gcc/x86_64-w64-mingw32.static.posix/13.2.0/include/c++/cmath:1126:3: note: candidate: 'constexpr bool std::isfinite(double)'
 1126 |   isfinite(double __x)
      |   ^~~~~~~~
C:/rtools44/x86_64-w64-mingw32.static.posix/lib/gcc/x86_64-w64-mingw32.static.posix/13.2.0/include/c++/cmath:1126:19: note:   no known conversion for argument 1 from 'CppAD::AD<CppAD::AD<CppAD::AD<double> > >' to 'double'
 1126 |   isfinite(double __x)
      |            ~~~~~~~^~~
C:/rtools44/x86_64-w64-mingw32.static.posix/lib/gcc/x86_64-w64-mingw32.static.posix/13.2.0/include/c++/cmath:1130:3: note: candidate: 'constexpr bool std::isfinite(long double)'
 1130 |   isfinite(long double __x)
      |   ^~~~~~~~
C:/rtools44/x86_64-w64-mingw32.static.posix/lib/gcc/x86_64-w64-mingw32.static.posix/13.2.0/include/c++/cmath:1130:24: note:   no known conversion for argument 1 from 'CppAD::AD<CppAD::AD<CppAD::AD<double> > >' to 'long double'
 1130 |   isfinite(long double __x)
      |            ~~~~~~~~~~~~^~~
POPULATIONS//POPULATION_0011//INDIVIDUAL_T6O4MZRV/model.cpp:60:73: error: no matching function for call to 'isfinite(CppAD::AD<CppAD::AD<CppAD::AD<double> > >&)'
   60 |       !std::isfinite(r_fast) || !std::isfinite(K_fast) || !std::isfinite(beta_sst) || !std::isfinite(alpha_comp)) {
      |                                                            ~~~~~~~~~~~~~^~~~~~~~~~
C:/rtools44/x86_64-w64-mingw32.static.posix/lib/gcc/x86_64-w64-mingw32.static.posix/13.2.0/include/c++/cmath:1138:5: note: candidate: 'template<class _Tp> constexpr typename __gnu_cxx::__enable_if<std::__is_integer<_Tp>::__value, bool>::__type std::isfinite(_Tp)'
 1138 |     isfinite(_Tp __x)
      |     ^~~~~~~~
C:/rtools44/x86_64-w64-mingw32.static.posix/lib/gcc/x86_64-w64-mingw32.static.posix/13.2.0/include/c++/cmath:1138:5: note:   template argument deduction/substitution failed:
C:/rtools44/x86_64-w64-mingw32.static.posix/lib/gcc/x86_64-w64-mingw32.static.posix/13.2.0/include/c++/cmath: In substitution of 'template<class _Tp> constexpr typename __gnu_cxx::__enable_if<std::__is_integer<_Tp>::__value, bool>::__type std::isfinite(_Tp) [with _Tp = CppAD::AD<CppAD::AD<CppAD::AD<double> > >]':
POPULATIONS//POPULATION_0011//INDIVIDUAL_T6O4MZRV/model.cpp:60:73:   required from 'Type objective_function<Type>::operator()() [with Type = CppAD::AD<CppAD::AD<CppAD::AD<double> > >]'
C:/Users/spi085/AppData/Local/Programs/R/R-4.4.1/library/TMB/include/tmb_core.hpp:913:29:   required from 'Type objective_function<Type>::evalUserTemplate() [with Type = CppAD::AD<CppAD::AD<CppAD::AD<double> > >]'
C:/Users/spi085/AppData/Local/Programs/R/R-4.4.1/library/TMB/include/tmb_core.hpp:2361:28:   required from here
C:/rtools44/x86_64-w64-mingw32.static.posix/lib/gcc/x86_64-w64-mingw32.static.posix/13.2.0/include/c++/cmath:1138:5: error: no type named '__type' in 'struct __gnu_cxx::__enable_if<false, bool>'
POPULATIONS//POPULATION_0011//INDIVIDUAL_T6O4MZRV/model.cpp: In instantiation of 'Type objective_function<Type>::operator()() [with Type = CppAD::AD<CppAD::AD<CppAD::AD<double> > >]':
C:/Users/spi085/AppData/Local/Programs/R/R-4.4.1/library/TMB/include/tmb_core.hpp:913:29:   required from 'Type objective_function<Type>::evalUserTemplate() [with Type = CppAD::AD<CppAD::AD<CppAD::AD<double> > >]'
C:/Users/spi085/AppData/Local/Programs/R/R-4.4.1/library/TMB/include/tmb_core.hpp:2361:28:   required from here
C:/rtools44/x86_64-w64-mingw32.static.posix/lib/gcc/x86_64-w64-mingw32.static.posix/13.2.0/include/c++/cmath:1122:3: note: candidate: 'constexpr bool std::isfinite(float)'
 1122 |   isfinite(float __x)
      |   ^~~~~~~~
C:/rtools44/x86_64-w64-mingw32.static.posix/lib/gcc/x86_64-w64-mingw32.static.posix/13.2.0/include/c++/cmath:1122:18: note:   no known conversion for argument 1 from 'CppAD::AD<CppAD::AD<CppAD::AD<double> > >' to 'float'
 1122 |   isfinite(float __x)
      |            ~~~~~~^~~
C:/rtools44/x86_64-w64-mingw32.static.posix/lib/gcc/x86_64-w64-mingw32.static.posix/13.2.0/include/c++/cmath:1126:3: note: candidate: 'constexpr bool std::isfinite(double)'
 1126 |   isfinite(double __x)
      |   ^~~~~~~~
C:/rtools44/x86_64-w64-mingw32.static.posix/lib/gcc/x86_64-w64-mingw32.static.posix/13.2.0/include/c++/cmath:1126:19: note:   no known conversion for argument 1 from 'CppAD::AD<CppAD::AD<CppAD::AD<double> > >' to 'double'
 1126 |   isfinite(double __x)
      |            ~~~~~~~^~~
C:/rtools44/x86_64-w64-mingw32.static.posix/lib/gcc/x86_64-w64-mingw32.static.posix/13.2.0/include/c++/cmath:1130:3: note: candidate: 'constexpr bool std::isfinite(long double)'
 1130 |   isfinite(long double __x)
      |   ^~~~~~~~
C:/rtools44/x86_64-w64-mingw32.static.posix/lib/gcc/x86_64-w64-mingw32.static.posix/13.2.0/include/c++/cmath:1130:24: note:   no known conversion for argument 1 from 'CppAD::AD<CppAD::AD<CppAD::AD<double> > >' to 'long double'
 1130 |   isfinite(long double __x)
      |            ~~~~~~~~~~~~^~~
POPULATIONS//POPULATION_0011//INDIVIDUAL_T6O4MZRV/model.cpp:60:101: error: no matching function for call to 'isfinite(CppAD::AD<CppAD::AD<CppAD::AD<double> > >&)'
   60 |       !std::isfinite(r_fast) || !std::isfinite(K_fast) || !std::isfinite(beta_sst) || !std::isfinite(alpha_comp)) {
      |                                                                                        ~~~~~~~~~~~~~^~~~~~~~~~~~
C:/rtools44/x86_64-w64-mingw32.static.posix/lib/gcc/x86_64-w64-mingw32.static.posix/13.2.0/include/c++/cmath:1138:5: note: candidate: 'template<class _Tp> constexpr typename __gnu_cxx::__enable_if<std::__is_integer<_Tp>::__value, bool>::__type std::isfinite(_Tp)'
 1138 |     isfinite(_Tp __x)
      |     ^~~~~~~~
C:/rtools44/x86_64-w64-mingw32.static.posix/lib/gcc/x86_64-w64-mingw32.static.posix/13.2.0/include/c++/cmath:1138:5: note:   template argument deduction/substitution failed:
C:/rtools44/x86_64-w64-mingw32.static.posix/lib/gcc/x86_64-w64-mingw32.static.posix/13.2.0/include/c++/cmath: In substitution of 'template<class _Tp> constexpr typename __gnu_cxx::__enable_if<std::__is_integer<_Tp>::__value, bool>::__type std::isfinite(_Tp) [with _Tp = CppAD::AD<CppAD::AD<CppAD::AD<double> > >]':
POPULATIONS//POPULATION_0011//INDIVIDUAL_T6O4MZRV/model.cpp:60:101:   required from 'Type objective_function<Type>::operator()() [with Type = CppAD::AD<CppAD::AD<CppAD::AD<double> > >]'
C:/Users/spi085/AppData/Local/Programs/R/R-4.4.1/library/TMB/include/tmb_core.hpp:913:29:   required from 'Type objective_function<Type>::evalUserTemplate() [with Type = CppAD::AD<CppAD::AD<CppAD::AD<double> > >]'
C:/Users/spi085/AppData/Local/Programs/R/R-4.4.1/library/TMB/include/tmb_core.hpp:2361:28:   required from here
C:/rtools44/x86_64-w64-mingw32.static.posix/lib/gcc/x86_64-w64-mingw32.static.posix/13.2.0/include/c++/cmath:1138:5: error: no type named '__type' in 'struct __gnu_cxx::__enable_if<false, bool>'
POPULATIONS//POPULATION_0011//INDIVIDUAL_T6O4MZRV/model.cpp: In instantiation of 'Type objective_function<Type>::operator()() [with Type = CppAD::AD<CppAD::AD<CppAD::AD<double> > >]':
C:/Users/spi085/AppData/Local/Programs/R/R-4.4.1/library/TMB/include/tmb_core.hpp:913:29:   required from 'Type objective_function<Type>::evalUserTemplate() [with Type = CppAD::AD<CppAD::AD<CppAD::AD<double> > >]'
C:/Users/spi085/AppData/Local/Programs/R/R-4.4.1/library/TMB/include/tmb_core.hpp:2361:28:   required from here
C:/rtools44/x86_64-w64-mingw32.static.posix/lib/gcc/x86_64-w64-mingw32.static.posix/13.2.0/include/c++/cmath:1122:3: note: candidate: 'constexpr bool std::isfinite(float)'
 1122 |   isfinite(float __x)
      |   ^~~~~~~~
C:/rtools44/x86_64-w64-mingw32.static.posix/lib/gcc/x86_64-w64-mingw32.static.posix/13.2.0/include/c++/cmath:1122:18: note:   no known conversion for argument 1 from 'CppAD::AD<CppAD::AD<CppAD::AD<double> > >' to 'float'
 1122 |   isfinite(float __x)
      |            ~~~~~~^~~
C:/rtools44/x86_64-w64-mingw32.static.posix/lib/gcc/x86_64-w64-mingw32.static.posix/13.2.0/include/c++/cmath:1126:3: note: candidate: 'constexpr bool std::isfinite(double)'
 1126 |   isfinite(double __x)
      |   ^~~~~~~~
C:/rtools44/x86_64-w64-mingw32.static.posix/lib/gcc/x86_64-w64-mingw32.static.posix/13.2.0/include/c++/cmath:1126:19: note:   no known conversion for argument 1 from 'CppAD::AD<CppAD::AD<CppAD::AD<double> > >' to 'double'
 1126 |   isfinite(double __x)
      |            ~~~~~~~^~~
C:/rtools44/x86_64-w64-mingw32.static.posix/lib/gcc/x86_64-w64-mingw32.static.posix/13.2.0/include/c++/cmath:1130:3: note: candidate: 'constexpr bool std::isfinite(long double)'
 1130 |   isfinite(long double __x)
      |   ^~~~~~~~
C:/rtools44/x86_64-w64-mingw32.static.posix/lib/gcc/x86_64-w64-mingw32.static.posix/13.2.0/include/c++/cmath:1130:24: note:   no known conversion for argument 1 from 'CppAD::AD<CppAD::AD<CppAD::AD<double> > >' to 'long double'
 1130 |   isfinite(long double __x)
      |            ~~~~~~~~~~~~^~~
make: *** [C:/Users/spi085/AppData/Local/Programs/R/R-4.4.1/etc/x64/Makeconf:296: POPULATIONS//POPULATION_0011//INDIVIDUAL_T6O4MZRV/model.o] Error 1
Error in TMB::compile(file.path(individual_dir, model_file), flags = flags,  : 
  Compilation failed
Error: Compilation failed
Execution halted[0m
[91mModel failed to compile.[0m
Fixing broken model iteration: 4
Below is the SEARCH/REPLACE block that removes the finite-parameter check block using std::isfinite(), which is causing compilation issues with AD types.                                                                                                     

POPULATIONS\POPULATION_0011\INDIVIDUAL_T6O4MZRV\model.cpp                                                                                                                                                                                                     

                                                                                                                                                                                                                                                              
 <<<<<<< SEARCH                                                                                                                                                                                                                                               
   // Prevent NA/NaN gradient evaluation by penalizing non-finite parameter values                                                                                                                                                                            
   if (!std::isfinite(r_cots) || !std::isfinite(K_cots) || !std::isfinite(eff_pred_slow) ||                                                                                                                                                                   
       !std::isfinite(eff_pred_fast) || !std::isfinite(r_slow) || !std::isfinite(K_slow) ||                                                                                                                                                                   
       !std::isfinite(r_fast) || !std::isfinite(K_fast) || !std::isfinite(beta_sst) || !std::isfinite(alpha_comp)) {                                                                                                                                          
     return 1e10;                                                                                                                                                                                                                                             
   }                                                                                                                                                                                                                                                          
 =======                                                                                                                                                                                                                                                      
 >>>>>>> REPLACE                                                                                                                                                                                                                                              
                                                                                                                                                                                                                                                              

Tokens: 57k sent, 195 received. Cost: $0.06 message, $0.13 session.
Committing POPULATIONS\POPULATION_0011\INDIVIDUAL_T6O4MZRV\model.cpp before applying edits.
Unable to add C:\Users\spi085\OneDrive - CSIRO\Documents\_Projects\SCCP-QuantModelling\POPULATIONS\POPULATION_0011\INDIVIDUAL_T6O4MZRV\model.cpp: Cmd('git') failed due to: exit code(1)
  cmdline: git add C:\Users\spi085\OneDrive - CSIRO\Documents\_Projects\SCCP-QuantModelling\POPULATIONS\POPULATION_0011\INDIVIDUAL_T6O4MZRV\model.cpp
  stderr: 'The following paths are ignored by one of your .gitignore files:
POPULATIONS
hint: Use -f if you really want to add them.
hint: Turn this message off by running
hint: "git config advice.addIgnoredFile false"'
Unable to commit: Cmd('git') failed due to: exit code(1)
  cmdline: git commit -m feat: Add model.cpp for population 0011 individual T6O4MZRV --no-verify -- C:\Users\spi085\OneDrive - CSIRO\Documents\_Projects\SCCP-QuantModelling\POPULATIONS\POPULATION_0011\INDIVIDUAL_T6O4MZRV\model.cpp
  stderr: 'error: pathspec 'C:\Users\spi085\OneDrive - CSIRO\Documents\_Projects\SCCP-QuantModelling\POPULATIONS\POPULATION_0011\INDIVIDUAL_T6O4MZRV\model.cpp' did not match any file(s) known to git'
Applied edit to POPULATIONS\POPULATION_0011\INDIVIDUAL_T6O4MZRV\model.cpp
Validating fixed model for data leakage...
Opening file: POPULATIONS\POPULATION_0011\INDIVIDUAL_T6O4MZRV\model.cpp
File read successfully
Extracting vectors...
Found data vectors: {'cots_dat', 'sst_dat', 'slow_dat', 'cotsimm_dat', 'Year', 'fast_dat'}
Found prediction vectors: {'fast_pred', 'cots_pred', 'slow_pred'}
Found reported vectors: {'fast_pred', 'cots_pred', 'slow_pred'}
Finding initial conditions...
Found 3 initial conditions
Finding time-stepping loop...
Found loop from line 75 to 100
Found response variables from Data/timeseries_data_COTS_response.csv: {'cots_dat', 'slow_dat', 'fast_dat'}
[93mRunning model for individual...[0m
[0mIndividual directory: POPULATIONS\POPULATION_0011\INDIVIDUAL_T6O4MZRV[0m
[93mR script stdout:[0m
[0mg++ -std=gnu++17  -I"C:/Users/spi085/AppData/Local/Programs/R/R-4.4.1/include" -DNDEBUG -I"C:/Users/spi085/AppData/Local/Programs/R/R-44~1.1/library/TMB/include" -I"C:/Users/spi085/AppData/Local/Programs/R/R-44~1.1/library/RCPPEI~1/include"   -DTMB_EIGEN_DISABLE_WARNINGS   -DTMB_LIB_INIT=R_init_model  -DCPPAD_FRAMEWORK    -I"C:/rtools44/x86_64-w64-mingw32.static.posix/include"     -O2 -Wa,-mbig-obj -c POPULATIONS//POPULATION_0011//INDIVIDUAL_T6O4MZRV/model.cpp -o POPULATIONS//POPULATION_0011//INDIVIDUAL_T6O4MZRV/model.o
g++ -std=gnu++17 -shared -s -static-libgcc -o POPULATIONS//POPULATION_0011//INDIVIDUAL_T6O4MZRV/model.dll tmp.def POPULATIONS//POPULATION_0011//INDIVIDUAL_T6O4MZRV/model.o -LC:/rtools44/x86_64-w64-mingw32.static.posix/lib/x64 -LC:/rtools44/x86_64-w64-mingw32.static.posix/lib -LC:/Users/spi085/AppData/Local/Programs/R/R-4.4.1/bin/x64 -lR
Starting model phases
Number of phases: 2 
Phase 1 
Initial parameter values for phase 1 :
        r_cots         K_cots  eff_pred_slow  eff_pred_fast         r_slow 
            NA          0.255             NA             NA             NA 
        K_slow         r_fast         K_fast       beta_sst log_sigma_cots 
            NA          1.000             NA             NA             NA 
log_sigma_slow log_sigma_fast 
            NA             NA 
Error in model phases: NA/NaN gradient evaluation[0m
[93mR script stderr:[0m
[0mLoading required package: TMB
Loading required package: jsonlite
here() starts at C:/Users/spi085/OneDrive - CSIRO/Documents/_Projects/SCCP-QuantModelling
using C++ compiler: 'G__~1.EXE (GCC) 13.2.0'
Error in value[[3L]](cond) : 
  Error in model phases: NA/NaN gradient evaluation
Calls: tryCatch -> tryCatchList -> tryCatchOne -> <Anonymous>
In addition: Warning message:
In nlminb(model$par, model$fn, model$gr) : NA/NaN function evaluation
Execution halted[0m
[91mR script failed with return code 1[0m
Maximum sub-iterations reached for POPULATIONS\POPULATION_0011\INDIVIDUAL_T6O4MZRV. The model could not be successfully run after 5 attempts.
