{
  "iterations": {
    "1": {
      "status": "ERROR",
      "message": "R script failed with return code 1",
      "stdout": "g++ -std=gnu++17  -I\"C:/Users/spi085/AppData/Local/Programs/R/R-4.4.1/include\" -DNDEBUG -I\"C:/Users/spi085/AppData/Local/Programs/R/R-44~1.1/library/TMB/include\" -I\"C:/Users/spi085/AppData/Local/Programs/R/R-44~1.1/library/RCPPEI~1/include\"   -DTMB_EIGEN_DISABLE_WARNINGS   -DTMB_LIB_INIT=R_init_model  -DCPPAD_FRAMEWORK    -I\"C:/rtools44/x86_64-w64-mingw32.static.posix/include\"     -O2 -Wa,-mbig-obj -c POPULATIONS//POPULATION_0011//INDIVIDUAL_T6O4MZRV/model.cpp -o POPULATIONS//POPULATION_0011//INDIVIDUAL_T6O4MZRV/model.o\ng++ -std=gnu++17 -shared -s -static-libgcc -o POPULATIONS//POPULATION_0011//INDIVIDUAL_T6O4MZRV/model.dll tmp.def POPULATIONS//POPULATION_0011//INDIVIDUAL_T6O4MZRV/model.o -LC:/rtools44/x86_64-w64-mingw32.static.posix/lib/x64 -LC:/rtools44/x86_64-w64-mingw32.static.posix/lib -LC:/Users/spi085/AppData/Local/Programs/R/R-4.4.1/bin/x64 -lR\nStarting model phases\nNumber of phases: 2 \nPhase 1 \nInitial parameter values for phase 1 :\n        r_cots         K_cots  eff_pred_slow  eff_pred_fast         r_slow \n            NA          0.255             NA             NA             NA \n        K_slow         r_fast         K_fast       beta_sst log_sigma_cots \n            NA          1.000             NA             NA             NA \nlog_sigma_slow log_sigma_fast \n            NA             NA \nError in model phases: NA/NaN gradient evaluation",
      "stderr": "Loading required package: TMB\nLoading required package: jsonlite\nhere() starts at C:/Users/spi085/OneDrive - CSIRO/Documents/_Projects/SCCP-QuantModelling\nusing C++ compiler: 'G__~1.EXE (GCC) 13.2.0'\nError in value[[3L]](cond) : \n  Error in model phases: NA/NaN gradient evaluation\nCalls: tryCatch -> tryCatchList -> tryCatchOne -> <Anonymous>\nIn addition: Warning message:\nIn nlminb(model$par, model$fn, model$gr) : NA/NaN function evaluation\nExecution halted"
    },
    "2": {
      "status": "ERROR",
      "message": "R script failed with return code 1",
      "stdout": "g++ -std=gnu++17  -I\"C:/Users/spi085/AppData/Local/Programs/R/R-4.4.1/include\" -DNDEBUG -I\"C:/Users/spi085/AppData/Local/Programs/R/R-44~1.1/library/TMB/include\" -I\"C:/Users/spi085/AppData/Local/Programs/R/R-44~1.1/library/RCPPEI~1/include\"   -DTMB_EIGEN_DISABLE_WARNINGS   -DTMB_LIB_INIT=R_init_model  -DCPPAD_FRAMEWORK    -I\"C:/rtools44/x86_64-w64-mingw32.static.posix/include\"     -O2 -Wa,-mbig-obj -c POPULATIONS//POPULATION_0011//INDIVIDUAL_T6O4MZRV/model.cpp -o POPULATIONS//POPULATION_0011//INDIVIDUAL_T6O4MZRV/model.o\ng++ -std=gnu++17 -shared -s -static-libgcc -o POPULATIONS//POPULATION_0011//INDIVIDUAL_T6O4MZRV/model.dll tmp.def POPULATIONS//POPULATION_0011//INDIVIDUAL_T6O4MZRV/model.o -LC:/rtools44/x86_64-w64-mingw32.static.posix/lib/x64 -LC:/rtools44/x86_64-w64-mingw32.static.posix/lib -LC:/Users/spi085/AppData/Local/Programs/R/R-4.4.1/bin/x64 -lR\nStarting model phases\nNumber of phases: 2 \nPhase 1 \nInitial parameter values for phase 1 :\n        r_cots         K_cots  eff_pred_slow  eff_pred_fast         r_slow \n            NA          0.255             NA             NA             NA \n        K_slow         r_fast         K_fast       beta_sst log_sigma_cots \n            NA          1.000             NA             NA             NA \nlog_sigma_slow log_sigma_fast \n            NA             NA \nError in model phases: NA/NaN gradient evaluation",
      "stderr": "Loading required package: TMB\nLoading required package: jsonlite\nhere() starts at C:/Users/spi085/OneDrive - CSIRO/Documents/_Projects/SCCP-QuantModelling\nusing C++ compiler: 'G__~1.EXE (GCC) 13.2.0'\nError in value[[3L]](cond) : \n  Error in model phases: NA/NaN gradient evaluation\nCalls: tryCatch -> tryCatchList -> tryCatchOne -> <Anonymous>\nIn addition: Warning message:\nIn nlminb(model$par, model$fn, model$gr) : NA/NaN function evaluation\nExecution halted"
    },
    "3": {
      "status": "ERROR",
      "message": "Model failed to compile.",
      "stdout": "g++ -std=gnu++17  -I\"C:/Users/spi085/AppData/Local/Programs/R/R-4.4.1/include\" -DNDEBUG -I\"C:/Users/spi085/AppData/Local/Programs/R/R-44~1.1/library/TMB/include\" -I\"C:/Users/spi085/AppData/Local/Programs/R/R-44~1.1/library/RCPPEI~1/include\"   -DTMB_EIGEN_DISABLE_WARNINGS   -DTMB_LIB_INIT=R_init_model  -DCPPAD_FRAMEWORK    -I\"C:/rtools44/x86_64-w64-mingw32.static.posix/include\"     -O2 -Wa,-mbig-obj -c POPULATIONS//POPULATION_0011//INDIVIDUAL_T6O4MZRV/model.cpp -o POPULATIONS//POPULATION_0011//INDIVIDUAL_T6O4MZRV/model.o",
      "stderr": "Loading required package: TMB\nLoading required package: jsonlite\nhere() starts at C:/Users/spi085/OneDrive - CSIRO/Documents/_Projects/SCCP-QuantModelling\nusing C++ compiler: 'G__~1.EXE (GCC) 13.2.0'\nPOPULATIONS//POPULATION_0011//INDIVIDUAL_T6O4MZRV/model.cpp: In instantiation of 'Type objective_function<Type>::operator()() [with Type = CppAD::AD<double>]':\nC:/Users/spi085/AppData/Local/Programs/R/R-4.4.1/library/TMB/include/tmb_core.hpp:1308:6:   required from here\nPOPULATIONS//POPULATION_0011//INDIVIDUAL_T6O4MZRV/model.cpp:91:23: error: no matching function for call to 'max(Eigen::DenseCoeffsBase<Eigen::Array<CppAD::AD<double>, -1, 1, 0, -1, 1>, 1>::Scalar&, CppAD::AD<double>&)'\n   91 |     cots_pred[t] = max(cots_pred[t], epsilon);\n      |                    ~~~^~~~~~~~~~~~~~~~~~~~~~~\nIn file included from C:/Users/spi085/AppData/Local/Programs/R/R-4.4.1/library/TMB/include/TMB.hpp:215,\n                 from POPULATIONS//POPULATION_0011//INDIVIDUAL_T6O4MZRV/model.cpp:1:\nC:/Users/spi085/AppData/Local/Programs/R/R-4.4.1/library/TMB/include/convenience.hpp:145:6: note: candidate: 'template<class Type> Type max(const tmbutils::vector<Type>&)'\n  145 | Type max(const vector<Type> &x)\n      |      ^~~\nC:/Users/spi085/AppData/Local/Programs/R/R-4.4.1/library/TMB/include/convenience.hpp:145:6: note:   template argument deduction/substitution failed:\nPOPULATIONS//POPULATION_0011//INDIVIDUAL_T6O4MZRV/model.cpp:91:23: note:   'Eigen::DenseCoeffsBase<Eigen::Array<CppAD::AD<double>, -1, 1, 0, -1, 1>, 1>::Scalar' {aka 'CppAD::AD<double>'} is not derived from 'const tmbutils::vector<Type>'\n   91 |     cots_pred[t] = max(cots_pred[t], epsilon);\n      |                    ~~~^~~~~~~~~~~~~~~~~~~~~~~\nPOPULATIONS//POPULATION_0011//INDIVIDUAL_T6O4MZRV/model.cpp:92:23: error: no matching function for call to 'max(Eigen::DenseCoeffsBase<Eigen::Array<CppAD::AD<double>, -1, 1, 0, -1, 1>, 1>::Scalar&, CppAD::AD<double>&)'\n   92 |     slow_pred[t] = max(slow_pred[t], epsilon);\n      |                    ~~~^~~~~~~~~~~~~~~~~~~~~~~\nC:/Users/spi085/AppData/Local/Programs/R/R-4.4.1/library/TMB/include/convenience.hpp:145:6: note: candidate: 'template<class Type> Type max(const tmbutils::vector<Type>&)'\n  145 | Type max(const vector<Type> &x)\n      |      ^~~\nC:/Users/spi085/AppData/Local/Programs/R/R-4.4.1/library/TMB/include/convenience.hpp:145:6: note:   template argument deduction/substitution failed:\nPOPULATIONS//POPULATION_0011//INDIVIDUAL_T6O4MZRV/model.cpp:92:23: note:   'Eigen::DenseCoeffsBase<Eigen::Array<CppAD::AD<double>, -1, 1, 0, -1, 1>, 1>::Scalar' {aka 'CppAD::AD<double>'} is not derived from 'const tmbutils::vector<Type>'\n   92 |     slow_pred[t] = max(slow_pred[t], epsilon);\n      |                    ~~~^~~~~~~~~~~~~~~~~~~~~~~\nPOPULATIONS//POPULATION_0011//INDIVIDUAL_T6O4MZRV/model.cpp:93:23: error: no matching function for call to 'max(Eigen::DenseCoeffsBase<Eigen::Array<CppAD::AD<double>, -1, 1, 0, -1, 1>, 1>::Scalar&, CppAD::AD<double>&)'\n   93 |     fast_pred[t] = max(fast_pred[t], epsilon);\n      |                    ~~~^~~~~~~~~~~~~~~~~~~~~~~\nC:/Users/spi085/AppData/Local/Programs/R/R-4.4.1/library/TMB/include/convenience.hpp:145:6: note: candidate: 'template<class Type> Type max(const tmbutils::vector<Type>&)'\n  145 | Type max(const vector<Type> &x)\n      |      ^~~\nC:/Users/spi085/AppData/Local/Programs/R/R-4.4.1/library/TMB/include/convenience.hpp:145:6: note:   template argument deduction/substitution failed:\nPOPULATIONS//POPULATION_0011//INDIVIDUAL_T6O4MZRV/model.cpp:93:23: note:   'Eigen::DenseCoeffsBase<Eigen::Array<CppAD::AD<double>, -1, 1, 0, -1, 1>, 1>::Scalar' {aka 'CppAD::AD<double>'} is not derived from 'const tmbutils::vector<Type>'\n   93 |     fast_pred[t] = max(fast_pred[t], epsilon);\n      |                    ~~~^~~~~~~~~~~~~~~~~~~~~~~\nPOPULATIONS//POPULATION_0011//INDIVIDUAL_T6O4MZRV/model.cpp: In instantiation of 'Type objective_function<Type>::operator()() [with Type = double]':\nC:/Users/spi085/AppData/Local/Programs/R/R-4.4.1/library/TMB/include/tmb_core.hpp:2031:7:   required from here\nPOPULATIONS//POPULATION_0011//INDIVIDUAL_T6O4MZRV/model.cpp:91:23: error: no matching function for call to 'max(Eigen::DenseCoeffsBase<Eigen::Array<double, -1, 1>, 1>::Scalar&, double&)'\n   91 |     cots_pred[t] = max(cots_pred[t], epsilon);\n      |                    ~~~^~~~~~~~~~~~~~~~~~~~~~~\nC:/Users/spi085/AppData/Local/Programs/R/R-4.4.1/library/TMB/include/convenience.hpp:145:6: note: candidate: 'template<class Type> Type max(const tmbutils::vector<Type>&)'\n  145 | Type max(const vector<Type> &x)\n      |      ^~~\nC:/Users/spi085/AppData/Local/Programs/R/R-4.4.1/library/TMB/include/convenience.hpp:145:6: note:   template argument deduction/substitution failed:\nPOPULATIONS//POPULATION_0011//INDIVIDUAL_T6O4MZRV/model.cpp:91:23: note:   mismatched types 'const tmbutils::vector<Type>' and 'Eigen::DenseCoeffsBase<Eigen::Array<double, -1, 1>, 1>::Scalar' {aka 'double'}\n   91 |     cots_pred[t] = max(cots_pred[t], epsilon);\n      |                    ~~~^~~~~~~~~~~~~~~~~~~~~~~\nPOPULATIONS//POPULATION_0011//INDIVIDUAL_T6O4MZRV/model.cpp:92:23: error: no matching function for call to 'max(Eigen::DenseCoeffsBase<Eigen::Array<double, -1, 1>, 1>::Scalar&, double&)'\n   92 |     slow_pred[t] = max(slow_pred[t], epsilon);\n      |                    ~~~^~~~~~~~~~~~~~~~~~~~~~~\nC:/Users/spi085/AppData/Local/Programs/R/R-4.4.1/library/TMB/include/convenience.hpp:145:6: note: candidate: 'template<class Type> Type max(const tmbutils::vector<Type>&)'\n  145 | Type max(const vector<Type> &x)\n      |      ^~~\nC:/Users/spi085/AppData/Local/Programs/R/R-4.4.1/library/TMB/include/convenience.hpp:145:6: note:   template argument deduction/substitution failed:\nPOPULATIONS//POPULATION_0011//INDIVIDUAL_T6O4MZRV/model.cpp:92:23: note:   mismatched types 'const tmbutils::vector<Type>' and 'Eigen::DenseCoeffsBase<Eigen::Array<double, -1, 1>, 1>::Scalar' {aka 'double'}\n   92 |     slow_pred[t] = max(slow_pred[t], epsilon);\n      |                    ~~~^~~~~~~~~~~~~~~~~~~~~~~\nPOPULATIONS//POPULATION_0011//INDIVIDUAL_T6O4MZRV/model.cpp:93:23: error: no matching function for call to 'max(Eigen::DenseCoeffsBase<Eigen::Array<double, -1, 1>, 1>::Scalar&, double&)'\n   93 |     fast_pred[t] = max(fast_pred[t], epsilon);\n      |                    ~~~^~~~~~~~~~~~~~~~~~~~~~~\nC:/Users/spi085/AppData/Local/Programs/R/R-4.4.1/library/TMB/include/convenience.hpp:145:6: note: candidate: 'template<class Type> Type max(const tmbutils::vector<Type>&)'\n  145 | Type max(const vector<Type> &x)\n      |      ^~~\nC:/Users/spi085/AppData/Local/Programs/R/R-4.4.1/library/TMB/include/convenience.hpp:145:6: note:   template argument deduction/substitution failed:\nPOPULATIONS//POPULATION_0011//INDIVIDUAL_T6O4MZRV/model.cpp:93:23: note:   mismatched types 'const tmbutils::vector<Type>' and 'Eigen::DenseCoeffsBase<Eigen::Array<double, -1, 1>, 1>::Scalar' {aka 'double'}\n   93 |     fast_pred[t] = max(fast_pred[t], epsilon);\n      |                    ~~~^~~~~~~~~~~~~~~~~~~~~~~\nPOPULATIONS//POPULATION_0011//INDIVIDUAL_T6O4MZRV/model.cpp: In instantiation of 'Type objective_function<Type>::operator()() [with Type = CppAD::AD<CppAD::AD<double> >]':\nC:/Users/spi085/AppData/Local/Programs/R/R-4.4.1/library/TMB/include/tmb_core.hpp:913:29:   required from 'Type objective_function<Type>::evalUserTemplate() [with Type = CppAD::AD<CppAD::AD<double> >]'\nC:/Users/spi085/AppData/Local/Programs/R/R-4.4.1/library/TMB/include/tmb_core.hpp:2112:26:   required from here\nPOPULATIONS//POPULATION_0011//INDIVIDUAL_T6O4MZRV/model.cpp:91:23: error: no matching function for call to 'max(Eigen::DenseCoeffsBase<Eigen::Array<CppAD::AD<CppAD::AD<double> >, -1, 1, 0, -1, 1>, 1>::Scalar&, CppAD::AD<CppAD::AD<double> >&)'\n   91 |     cots_pred[t] = max(cots_pred[t], epsilon);\n      |                    ~~~^~~~~~~~~~~~~~~~~~~~~~~\nC:/Users/spi085/AppData/Local/Programs/R/R-4.4.1/library/TMB/include/convenience.hpp:145:6: note: candidate: 'template<class Type> Type max(const tmbutils::vector<Type>&)'\n  145 | Type max(const vector<Type> &x)\n      |      ^~~\nC:/Users/spi085/AppData/Local/Programs/R/R-4.4.1/library/TMB/include/convenience.hpp:145:6: note:   template argument deduction/substitution failed:\nPOPULATIONS//POPULATION_0011//INDIVIDUAL_T6O4MZRV/model.cpp:91:23: note:   'Eigen::DenseCoeffsBase<Eigen::Array<CppAD::AD<CppAD::AD<double> >, -1, 1, 0, -1, 1>, 1>::Scalar' {aka 'CppAD::AD<CppAD::AD<double> >'} is not derived from 'const tmbutils::vector<Type>'\n   91 |     cots_pred[t] = max(cots_pred[t], epsilon);\n      |                    ~~~^~~~~~~~~~~~~~~~~~~~~~~\nPOPULATIONS//POPULATION_0011//INDIVIDUAL_T6O4MZRV/model.cpp:92:23: error: no matching function for call to 'max(Eigen::DenseCoeffsBase<Eigen::Array<CppAD::AD<CppAD::AD<double> >, -1, 1, 0, -1, 1>, 1>::Scalar&, CppAD::AD<CppAD::AD<double> >&)'\n   92 |     slow_pred[t] = max(slow_pred[t], epsilon);\n      |                    ~~~^~~~~~~~~~~~~~~~~~~~~~~\nC:/Users/spi085/AppData/Local/Programs/R/R-4.4.1/library/TMB/include/convenience.hpp:145:6: note: candidate: 'template<class Type> Type max(const tmbutils::vector<Type>&)'\n  145 | Type max(const vector<Type> &x)\n      |      ^~~\nC:/Users/spi085/AppData/Local/Programs/R/R-4.4.1/library/TMB/include/convenience.hpp:145:6: note:   template argument deduction/substitution failed:\nPOPULATIONS//POPULATION_0011//INDIVIDUAL_T6O4MZRV/model.cpp:92:23: note:   'Eigen::DenseCoeffsBase<Eigen::Array<CppAD::AD<CppAD::AD<double> >, -1, 1, 0, -1, 1>, 1>::Scalar' {aka 'CppAD::AD<CppAD::AD<double> >'} is not derived from 'const tmbutils::vector<Type>'\n   92 |     slow_pred[t] = max(slow_pred[t], epsilon);\n      |                    ~~~^~~~~~~~~~~~~~~~~~~~~~~\nPOPULATIONS//POPULATION_0011//INDIVIDUAL_T6O4MZRV/model.cpp:93:23: error: no matching function for call to 'max(Eigen::DenseCoeffsBase<Eigen::Array<CppAD::AD<CppAD::AD<double> >, -1, 1, 0, -1, 1>, 1>::Scalar&, CppAD::AD<CppAD::AD<double> >&)'\n   93 |     fast_pred[t] = max(fast_pred[t], epsilon);\n      |                    ~~~^~~~~~~~~~~~~~~~~~~~~~~\nC:/Users/spi085/AppData/Local/Programs/R/R-4.4.1/library/TMB/include/convenience.hpp:145:6: note: candidate: 'template<class Type> Type max(const tmbutils::vector<Type>&)'\n  145 | Type max(const vector<Type> &x)\n      |      ^~~\nC:/Users/spi085/AppData/Local/Programs/R/R-4.4.1/library/TMB/include/convenience.hpp:145:6: note:   template argument deduction/substitution failed:\nPOPULATIONS//POPULATION_0011//INDIVIDUAL_T6O4MZRV/model.cpp:93:23: note:   'Eigen::DenseCoeffsBase<Eigen::Array<CppAD::AD<CppAD::AD<double> >, -1, 1, 0, -1, 1>, 1>::Scalar' {aka 'CppAD::AD<CppAD::AD<double> >'} is not derived from 'const tmbutils::vector<Type>'\n   93 |     fast_pred[t] = max(fast_pred[t], epsilon);\n      |                    ~~~^~~~~~~~~~~~~~~~~~~~~~~\nPOPULATIONS//POPULATION_0011//INDIVIDUAL_T6O4MZRV/model.cpp: In instantiation of 'Type objective_function<Type>::operator()() [with Type = CppAD::AD<CppAD::AD<CppAD::AD<double> > >]':\nC:/Users/spi085/AppData/Local/Programs/R/R-4.4.1/library/TMB/include/tmb_core.hpp:913:29:   required from 'Type objective_function<Type>::evalUserTemplate() [with Type = CppAD::AD<CppAD::AD<CppAD::AD<double> > >]'\nC:/Users/spi085/AppData/Local/Programs/R/R-4.4.1/library/TMB/include/tmb_core.hpp:2361:28:   required from here\nPOPULATIONS//POPULATION_0011//INDIVIDUAL_T6O4MZRV/model.cpp:91:23: error: no matching function for call to 'max(Eigen::DenseCoeffsBase<Eigen::Array<CppAD::AD<CppAD::AD<CppAD::AD<double> > >, -1, 1, 0, -1, 1>, 1>::Scalar&, CppAD::AD<CppAD::AD<CppAD::AD<double> > >&)'\n   91 |     cots_pred[t] = max(cots_pred[t], epsilon);\n      |                    ~~~^~~~~~~~~~~~~~~~~~~~~~~\nC:/Users/spi085/AppData/Local/Programs/R/R-4.4.1/library/TMB/include/convenience.hpp:145:6: note: candidate: 'template<class Type> Type max(const tmbutils::vector<Type>&)'\n  145 | Type max(const vector<Type> &x)\n      |      ^~~\nC:/Users/spi085/AppData/Local/Programs/R/R-4.4.1/library/TMB/include/convenience.hpp:145:6: note:   template argument deduction/substitution failed:\nPOPULATIONS//POPULATION_0011//INDIVIDUAL_T6O4MZRV/model.cpp:91:23: note:   'Eigen::DenseCoeffsBase<Eigen::Array<CppAD::AD<CppAD::AD<CppAD::AD<double> > >, -1, 1, 0, -1, 1>, 1>::Scalar' {aka 'CppAD::AD<CppAD::AD<CppAD::AD<double> > >'} is not derived from 'const tmbutils::vector<Type>'\n   91 |     cots_pred[t] = max(cots_pred[t], epsilon);\n      |                    ~~~^~~~~~~~~~~~~~~~~~~~~~~\nPOPULATIONS//POPULATION_0011//INDIVIDUAL_T6O4MZRV/model.cpp:92:23: error: no matching function for call to 'max(Eigen::DenseCoeffsBase<Eigen::Array<CppAD::AD<CppAD::AD<CppAD::AD<double> > >, -1, 1, 0, -1, 1>, 1>::Scalar&, CppAD::AD<CppAD::AD<CppAD::AD<double> > >&)'\n   92 |     slow_pred[t] = max(slow_pred[t], epsilon);\n      |                    ~~~^~~~~~~~~~~~~~~~~~~~~~~\nC:/Users/spi085/AppData/Local/Programs/R/R-4.4.1/library/TMB/include/convenience.hpp:145:6: note: candidate: 'template<class Type> Type max(const tmbutils::vector<Type>&)'\n  145 | Type max(const vector<Type> &x)\n      |      ^~~\nC:/Users/spi085/AppData/Local/Programs/R/R-4.4.1/library/TMB/include/convenience.hpp:145:6: note:   template argument deduction/substitution failed:\nPOPULATIONS//POPULATION_0011//INDIVIDUAL_T6O4MZRV/model.cpp:92:23: note:   'Eigen::DenseCoeffsBase<Eigen::Array<CppAD::AD<CppAD::AD<CppAD::AD<double> > >, -1, 1, 0, -1, 1>, 1>::Scalar' {aka 'CppAD::AD<CppAD::AD<CppAD::AD<double> > >'} is not derived from 'const tmbutils::vector<Type>'\n   92 |     slow_pred[t] = max(slow_pred[t], epsilon);\n      |                    ~~~^~~~~~~~~~~~~~~~~~~~~~~\nPOPULATIONS//POPULATION_0011//INDIVIDUAL_T6O4MZRV/model.cpp:93:23: error: no matching function for call to 'max(Eigen::DenseCoeffsBase<Eigen::Array<CppAD::AD<CppAD::AD<CppAD::AD<double> > >, -1, 1, 0, -1, 1>, 1>::Scalar&, CppAD::AD<CppAD::AD<CppAD::AD<double> > >&)'\n   93 |     fast_pred[t] = max(fast_pred[t], epsilon);\n      |                    ~~~^~~~~~~~~~~~~~~~~~~~~~~\nC:/Users/spi085/AppData/Local/Programs/R/R-4.4.1/library/TMB/include/convenience.hpp:145:6: note: candidate: 'template<class Type> Type max(const tmbutils::vector<Type>&)'\n  145 | Type max(const vector<Type> &x)\n      |      ^~~\nC:/Users/spi085/AppData/Local/Programs/R/R-4.4.1/library/TMB/include/convenience.hpp:145:6: note:   template argument deduction/substitution failed:\nPOPULATIONS//POPULATION_0011//INDIVIDUAL_T6O4MZRV/model.cpp:93:23: note:   'Eigen::DenseCoeffsBase<Eigen::Array<CppAD::AD<CppAD::AD<CppAD::AD<double> > >, -1, 1, 0, -1, 1>, 1>::Scalar' {aka 'CppAD::AD<CppAD::AD<CppAD::AD<double> > >'} is not derived from 'const tmbutils::vector<Type>'\n   93 |     fast_pred[t] = max(fast_pred[t], epsilon);\n      |                    ~~~^~~~~~~~~~~~~~~~~~~~~~~\nmake: *** [C:/Users/spi085/AppData/Local/Programs/R/R-4.4.1/etc/x64/Makeconf:296: POPULATIONS//POPULATION_0011//INDIVIDUAL_T6O4MZRV/model.o] Error 1\nError in TMB::compile(file.path(individual_dir, model_file), flags = flags,  : \n  Compilation failed\nError: Compilation failed\nExecution halted"
    },
    "4": {
      "status": "ERROR",
      "message": "R script failed with return code 1",
      "stdout": "g++ -std=gnu++17  -I\"C:/Users/spi085/AppData/Local/Programs/R/R-4.4.1/include\" -DNDEBUG -I\"C:/Users/spi085/AppData/Local/Programs/R/R-44~1.1/library/TMB/include\" -I\"C:/Users/spi085/AppData/Local/Programs/R/R-44~1.1/library/RCPPEI~1/include\"   -DTMB_EIGEN_DISABLE_WARNINGS   -DTMB_LIB_INIT=R_init_model  -DCPPAD_FRAMEWORK    -I\"C:/rtools44/x86_64-w64-mingw32.static.posix/include\"     -O2 -Wa,-mbig-obj -c POPULATIONS//POPULATION_0011//INDIVIDUAL_T6O4MZRV/model.cpp -o POPULATIONS//POPULATION_0011//INDIVIDUAL_T6O4MZRV/model.o\ng++ -std=gnu++17 -shared -s -static-libgcc -o POPULATIONS//POPULATION_0011//INDIVIDUAL_T6O4MZRV/model.dll tmp.def POPULATIONS//POPULATION_0011//INDIVIDUAL_T6O4MZRV/model.o -LC:/rtools44/x86_64-w64-mingw32.static.posix/lib/x64 -LC:/rtools44/x86_64-w64-mingw32.static.posix/lib -LC:/Users/spi085/AppData/Local/Programs/R/R-4.4.1/bin/x64 -lR\nStarting model phases\nNumber of phases: 2 \nPhase 1 \nInitial parameter values for phase 1 :\n        r_cots         K_cots  eff_pred_slow  eff_pred_fast         r_slow \n            NA          0.255             NA             NA             NA \n        K_slow         r_fast         K_fast       beta_sst log_sigma_cots \n            NA          1.000             NA             NA             NA \nlog_sigma_slow log_sigma_fast \n            NA             NA \nError in model phases: NA/NaN gradient evaluation",
      "stderr": "Loading required package: TMB\nLoading required package: jsonlite\nhere() starts at C:/Users/spi085/OneDrive - CSIRO/Documents/_Projects/SCCP-QuantModelling\nusing C++ compiler: 'G__~1.EXE (GCC) 13.2.0'\nError in value[[3L]](cond) : \n  Error in model phases: NA/NaN gradient evaluation\nCalls: tryCatch -> tryCatchList -> tryCatchOne -> <Anonymous>\nIn addition: Warning message:\nIn nlminb(model$par, model$fn, model$gr) : NA/NaN function evaluation\nExecution halted"
    },
    "5": {
      "status": "ERROR",
      "message": "Model failed to compile.",
      "stdout": "g++ -std=gnu++17  -I\"C:/Users/spi085/AppData/Local/Programs/R/R-4.4.1/include\" -DNDEBUG -I\"C:/Users/spi085/AppData/Local/Programs/R/R-44~1.1/library/TMB/include\" -I\"C:/Users/spi085/AppData/Local/Programs/R/R-44~1.1/library/RCPPEI~1/include\"   -DTMB_EIGEN_DISABLE_WARNINGS   -DTMB_LIB_INIT=R_init_model  -DCPPAD_FRAMEWORK    -I\"C:/rtools44/x86_64-w64-mingw32.static.posix/include\"     -O2 -Wa,-mbig-obj -c POPULATIONS//POPULATION_0011//INDIVIDUAL_T6O4MZRV/model.cpp -o POPULATIONS//POPULATION_0011//INDIVIDUAL_T6O4MZRV/model.o",
      "stderr": "Loading required package: TMB\nLoading required package: jsonlite\nhere() starts at C:/Users/spi085/OneDrive - CSIRO/Documents/_Projects/SCCP-QuantModelling\nusing C++ compiler: 'G__~1.EXE (GCC) 13.2.0'\nPOPULATIONS//POPULATION_0011//INDIVIDUAL_T6O4MZRV/model.cpp: In instantiation of 'Type objective_function<Type>::operator()() [with Type = CppAD::AD<double>]':\nC:/Users/spi085/AppData/Local/Programs/R/R-4.4.1/library/TMB/include/tmb_core.hpp:1308:6:   required from here\nPOPULATIONS//POPULATION_0011//INDIVIDUAL_T6O4MZRV/model.cpp:58:21: error: no matching function for call to 'isfinite(CppAD::AD<double>&)'\n   58 |   if (!std::isfinite(r_cots) || !std::isfinite(K_cots) || !std::isfinite(eff_pred_slow) ||\n      |        ~~~~~~~~~~~~~^~~~~~~~\nIn file included from C:/Users/spi085/AppData/Local/Programs/R/R-44~1.1/library/RCPPEI~1/include/Eigen/src/Core/util/Macros.h:679,\n                 from C:/Users/spi085/AppData/Local/Programs/R/R-44~1.1/library/RCPPEI~1/include/Eigen/Core:19,\n                 from C:/Users/spi085/AppData/Local/Programs/R/R-44~1.1/library/RCPPEI~1/include/Eigen/Dense:1,\n                 from C:/Users/spi085/AppData/Local/Programs/R/R-4.4.1/library/TMB/include/TMB.hpp:92,\n                 from POPULATIONS//POPULATION_0011//INDIVIDUAL_T6O4MZRV/model.cpp:1:\nC:/rtools44/x86_64-w64-mingw32.static.posix/lib/gcc/x86_64-w64-mingw32.static.posix/13.2.0/include/c++/cmath:1138:5: note: candidate: 'template<class _Tp> constexpr typename __gnu_cxx::__enable_if<std::__is_integer<_Tp>::__value, bool>::__type std::isfinite(_Tp)'\n 1138 |     isfinite(_Tp __x)\n      |     ^~~~~~~~\nC:/rtools44/x86_64-w64-mingw32.static.posix/lib/gcc/x86_64-w64-mingw32.static.posix/13.2.0/include/c++/cmath:1138:5: note:   template argument deduction/substitution failed:\nC:/rtools44/x86_64-w64-mingw32.static.posix/lib/gcc/x86_64-w64-mingw32.static.posix/13.2.0/include/c++/cmath: In substitution of 'template<class _Tp> constexpr typename __gnu_cxx::__enable_if<std::__is_integer<_Tp>::__value, bool>::__type std::isfinite(_Tp) [with _Tp = CppAD::AD<double>]':\nPOPULATIONS//POPULATION_0011//INDIVIDUAL_T6O4MZRV/model.cpp:58:21:   required from 'Type objective_function<Type>::operator()() [with Type = CppAD::AD<double>]'\nC:/Users/spi085/AppData/Local/Programs/R/R-4.4.1/library/TMB/include/tmb_core.hpp:1308:6:   required from here\nC:/rtools44/x86_64-w64-mingw32.static.posix/lib/gcc/x86_64-w64-mingw32.static.posix/13.2.0/include/c++/cmath:1138:5: error: no type named '__type' in 'struct __gnu_cxx::__enable_if<false, bool>'\nPOPULATIONS//POPULATION_0011//INDIVIDUAL_T6O4MZRV/model.cpp: In instantiation of 'Type objective_function<Type>::operator()() [with Type = CppAD::AD<double>]':\nC:/Users/spi085/AppData/Local/Programs/R/R-4.4.1/library/TMB/include/tmb_core.hpp:1308:6:   required from here\nC:/rtools44/x86_64-w64-mingw32.static.posix/lib/gcc/x86_64-w64-mingw32.static.posix/13.2.0/include/c++/cmath:1122:3: note: candidate: 'constexpr bool std::isfinite(float)'\n 1122 |   isfinite(float __x)\n      |   ^~~~~~~~\nC:/rtools44/x86_64-w64-mingw32.static.posix/lib/gcc/x86_64-w64-mingw32.static.posix/13.2.0/include/c++/cmath:1122:18: note:   no known conversion for argument 1 from 'CppAD::AD<double>' to 'float'\n 1122 |   isfinite(float __x)\n      |            ~~~~~~^~~\nC:/rtools44/x86_64-w64-mingw32.static.posix/lib/gcc/x86_64-w64-mingw32.static.posix/13.2.0/include/c++/cmath:1126:3: note: candidate: 'constexpr bool std::isfinite(double)'\n 1126 |   isfinite(double __x)\n      |   ^~~~~~~~\nC:/rtools44/x86_64-w64-mingw32.static.posix/lib/gcc/x86_64-w64-mingw32.static.posix/13.2.0/include/c++/cmath:1126:19: note:   no known conversion for argument 1 from 'CppAD::AD<double>' to 'double'\n 1126 |   isfinite(double __x)\n      |            ~~~~~~~^~~\nC:/rtools44/x86_64-w64-mingw32.static.posix/lib/gcc/x86_64-w64-mingw32.static.posix/13.2.0/include/c++/cmath:1130:3: note: candidate: 'constexpr bool std::isfinite(long double)'\n 1130 |   isfinite(long double __x)\n      |   ^~~~~~~~\nC:/rtools44/x86_64-w64-mingw32.static.posix/lib/gcc/x86_64-w64-mingw32.static.posix/13.2.0/include/c++/cmath:1130:24: note:   no known conversion for argument 1 from 'CppAD::AD<double>' to 'long double'\n 1130 |   isfinite(long double __x)\n      |            ~~~~~~~~~~~~^~~\nPOPULATIONS//POPULATION_0011//INDIVIDUAL_T6O4MZRV/model.cpp:58:47: error: no matching function for call to 'isfinite(CppAD::AD<double>&)'\n   58 |   if (!std::isfinite(r_cots) || !std::isfinite(K_cots) || !std::isfinite(eff_pred_slow) ||\n      |                                  ~~~~~~~~~~~~~^~~~~~~~\nC:/rtools44/x86_64-w64-mingw32.static.posix/lib/gcc/x86_64-w64-mingw32.static.posix/13.2.0/include/c++/cmath:1138:5: note: candidate: 'template<class _Tp> constexpr typename __gnu_cxx::__enable_if<std::__is_integer<_Tp>::__value, bool>::__type std::isfinite(_Tp)'\n 1138 |     isfinite(_Tp __x)\n      |     ^~~~~~~~\nC:/rtools44/x86_64-w64-mingw32.static.posix/lib/gcc/x86_64-w64-mingw32.static.posix/13.2.0/include/c++/cmath:1138:5: note:   template argument deduction/substitution failed:\nC:/rtools44/x86_64-w64-mingw32.static.posix/lib/gcc/x86_64-w64-mingw32.static.posix/13.2.0/include/c++/cmath: In substitution of 'template<class _Tp> constexpr typename __gnu_cxx::__enable_if<std::__is_integer<_Tp>::__value, bool>::__type std::isfinite(_Tp) [with _Tp = CppAD::AD<double>]':\nPOPULATIONS//POPULATION_0011//INDIVIDUAL_T6O4MZRV/model.cpp:58:47:   required from 'Type objective_function<Type>::operator()() [with Type = CppAD::AD<double>]'\nC:/Users/spi085/AppData/Local/Programs/R/R-4.4.1/library/TMB/include/tmb_core.hpp:1308:6:   required from here\nC:/rtools44/x86_64-w64-mingw32.static.posix/lib/gcc/x86_64-w64-mingw32.static.posix/13.2.0/include/c++/cmath:1138:5: error: no type named '__type' in 'struct __gnu_cxx::__enable_if<false, bool>'\nPOPULATIONS//POPULATION_0011//INDIVIDUAL_T6O4MZRV/model.cpp: In instantiation of 'Type objective_function<Type>::operator()() [with Type = CppAD::AD<double>]':\nC:/Users/spi085/AppData/Local/Programs/R/R-4.4.1/library/TMB/include/tmb_core.hpp:1308:6:   required from here\nC:/rtools44/x86_64-w64-mingw32.static.posix/lib/gcc/x86_64-w64-mingw32.static.posix/13.2.0/include/c++/cmath:1122:3: note: candidate: 'constexpr bool std::isfinite(float)'\n 1122 |   isfinite(float __x)\n      |   ^~~~~~~~\nC:/rtools44/x86_64-w64-mingw32.static.posix/lib/gcc/x86_64-w64-mingw32.static.posix/13.2.0/include/c++/cmath:1122:18: note:   no known conversion for argument 1 from 'CppAD::AD<double>' to 'float'\n 1122 |   isfinite(float __x)\n      |            ~~~~~~^~~\nC:/rtools44/x86_64-w64-mingw32.static.posix/lib/gcc/x86_64-w64-mingw32.static.posix/13.2.0/include/c++/cmath:1126:3: note: candidate: 'constexpr bool std::isfinite(double)'\n 1126 |   isfinite(double __x)\n      |   ^~~~~~~~\nC:/rtools44/x86_64-w64-mingw32.static.posix/lib/gcc/x86_64-w64-mingw32.static.posix/13.2.0/include/c++/cmath:1126:19: note:   no known conversion for argument 1 from 'CppAD::AD<double>' to 'double'\n 1126 |   isfinite(double __x)\n      |            ~~~~~~~^~~\nC:/rtools44/x86_64-w64-mingw32.static.posix/lib/gcc/x86_64-w64-mingw32.static.posix/13.2.0/include/c++/cmath:1130:3: note: candidate: 'constexpr bool std::isfinite(long double)'\n 1130 |   isfinite(long double __x)\n      |   ^~~~~~~~\nC:/rtools44/x86_64-w64-mingw32.static.posix/lib/gcc/x86_64-w64-mingw32.static.posix/13.2.0/include/c++/cmath:1130:24: note:   no known conversion for argument 1 from 'CppAD::AD<double>' to 'long double'\n 1130 |   isfinite(long double __x)\n      |            ~~~~~~~~~~~~^~~\nPOPULATIONS//POPULATION_0011//INDIVIDUAL_T6O4MZRV/model.cpp:58:73: error: no matching function for call to 'isfinite(CppAD::AD<double>&)'\n   58 |   if (!std::isfinite(r_cots) || !std::isfinite(K_cots) || !std::isfinite(eff_pred_slow) ||\n      |                                                            ~~~~~~~~~~~~~^~~~~~~~~~~~~~~\nC:/rtools44/x86_64-w64-mingw32.static.posix/lib/gcc/x86_64-w64-mingw32.static.posix/13.2.0/include/c++/cmath:1138:5: note: candidate: 'template<class _Tp> constexpr typename __gnu_cxx::__enable_if<std::__is_integer<_Tp>::__value, bool>::__type std::isfinite(_Tp)'\n 1138 |     isfinite(_Tp __x)\n      |     ^~~~~~~~\nC:/rtools44/x86_64-w64-mingw32.static.posix/lib/gcc/x86_64-w64-mingw32.static.posix/13.2.0/include/c++/cmath:1138:5: note:   template argument deduction/substitution failed:\nC:/rtools44/x86_64-w64-mingw32.static.posix/lib/gcc/x86_64-w64-mingw32.static.posix/13.2.0/include/c++/cmath: In substitution of 'template<class _Tp> constexpr typename __gnu_cxx::__enable_if<std::__is_integer<_Tp>::__value, bool>::__type std::isfinite(_Tp) [with _Tp = CppAD::AD<double>]':\nPOPULATIONS//POPULATION_0011//INDIVIDUAL_T6O4MZRV/model.cpp:58:73:   required from 'Type objective_function<Type>::operator()() [with Type = CppAD::AD<double>]'\nC:/Users/spi085/AppData/Local/Programs/R/R-4.4.1/library/TMB/include/tmb_core.hpp:1308:6:   required from here\nC:/rtools44/x86_64-w64-mingw32.static.posix/lib/gcc/x86_64-w64-mingw32.static.posix/13.2.0/include/c++/cmath:1138:5: error: no type named '__type' in 'struct __gnu_cxx::__enable_if<false, bool>'\nPOPULATIONS//POPULATION_0011//INDIVIDUAL_T6O4MZRV/model.cpp: In instantiation of 'Type objective_function<Type>::operator()() [with Type = CppAD::AD<double>]':\nC:/Users/spi085/AppData/Local/Programs/R/R-4.4.1/library/TMB/include/tmb_core.hpp:1308:6:   required from here\nC:/rtools44/x86_64-w64-mingw32.static.posix/lib/gcc/x86_64-w64-mingw32.static.posix/13.2.0/include/c++/cmath:1122:3: note: candidate: 'constexpr bool std::isfinite(float)'\n 1122 |   isfinite(float __x)\n      |   ^~~~~~~~\nC:/rtools44/x86_64-w64-mingw32.static.posix/lib/gcc/x86_64-w64-mingw32.static.posix/13.2.0/include/c++/cmath:1122:18: note:   no known conversion for argument 1 from 'CppAD::AD<double>' to 'float'\n 1122 |   isfinite(float __x)\n      |            ~~~~~~^~~\nC:/rtools44/x86_64-w64-mingw32.static.posix/lib/gcc/x86_64-w64-mingw32.static.posix/13.2.0/include/c++/cmath:1126:3: note: candidate: 'constexpr bool std::isfinite(double)'\n 1126 |   isfinite(double __x)\n      |   ^~~~~~~~\nC:/rtools44/x86_64-w64-mingw32.static.posix/lib/gcc/x86_64-w64-mingw32.static.posix/13.2.0/include/c++/cmath:1126:19: note:   no known conversion for argument 1 from 'CppAD::AD<double>' to 'double'\n 1126 |   isfinite(double __x)\n      |            ~~~~~~~^~~\nC:/rtools44/x86_64-w64-mingw32.static.posix/lib/gcc/x86_64-w64-mingw32.static.posix/13.2.0/include/c++/cmath:1130:3: note: candidate: 'constexpr bool std::isfinite(long double)'\n 1130 |   isfinite(long double __x)\n      |   ^~~~~~~~\nC:/rtools44/x86_64-w64-mingw32.static.posix/lib/gcc/x86_64-w64-mingw32.static.posix/13.2.0/include/c++/cmath:1130:24: note:   no known conversion for argument 1 from 'CppAD::AD<double>' to 'long double'\n 1130 |   isfinite(long double __x)\n      |            ~~~~~~~~~~~~^~~\nPOPULATIONS//POPULATION_0011//INDIVIDUAL_T6O4MZRV/model.cpp:59:21: error: no matching function for call to 'isfinite(CppAD::AD<double>&)'\n   59 |       !std::isfinite(eff_pred_fast) || !std::isfinite(r_slow) || !std::isfinite(K_slow) ||\n      |        ~~~~~~~~~~~~~^~~~~~~~~~~~~~~\nC:/rtools44/x86_64-w64-mingw32.static.posix/lib/gcc/x86_64-w64-mingw32.static.posix/13.2.0/include/c++/cmath:1138:5: note: candidate: 'template<class _Tp> constexpr typename __gnu_cxx::__enable_if<std::__is_integer<_Tp>::__value, bool>::__type std::isfinite(_Tp)'\n 1138 |     isfinite(_Tp __x)\n      |     ^~~~~~~~\nC:/rtools44/x86_64-w64-mingw32.static.posix/lib/gcc/x86_64-w64-mingw32.static.posix/13.2.0/include/c++/cmath:1138:5: note:   template argument deduction/substitution failed:\nC:/rtools44/x86_64-w64-mingw32.static.posix/lib/gcc/x86_64-w64-mingw32.static.posix/13.2.0/include/c++/cmath: In substitution of 'template<class _Tp> constexpr typename __gnu_cxx::__enable_if<std::__is_integer<_Tp>::__value, bool>::__type std::isfinite(_Tp) [with _Tp = CppAD::AD<double>]':\nPOPULATIONS//POPULATION_0011//INDIVIDUAL_T6O4MZRV/model.cpp:59:21:   required from 'Type objective_function<Type>::operator()() [with Type = CppAD::AD<double>]'\nC:/Users/spi085/AppData/Local/Programs/R/R-4.4.1/library/TMB/include/tmb_core.hpp:1308:6:   required from here\nC:/rtools44/x86_64-w64-mingw32.static.posix/lib/gcc/x86_64-w64-mingw32.static.posix/13.2.0/include/c++/cmath:1138:5: error: no type named '__type' in 'struct __gnu_cxx::__enable_if<false, bool>'\nPOPULATIONS//POPULATION_0011//INDIVIDUAL_T6O4MZRV/model.cpp: In instantiation of 'Type objective_function<Type>::operator()() [with Type = CppAD::AD<double>]':\nC:/Users/spi085/AppData/Local/Programs/R/R-4.4.1/library/TMB/include/tmb_core.hpp:1308:6:   required from here\nC:/rtools44/x86_64-w64-mingw32.static.posix/lib/gcc/x86_64-w64-mingw32.static.posix/13.2.0/include/c++/cmath:1122:3: note: candidate: 'constexpr bool std::isfinite(float)'\n 1122 |   isfinite(float __x)\n      |   ^~~~~~~~\nC:/rtools44/x86_64-w64-mingw32.static.posix/lib/gcc/x86_64-w64-mingw32.static.posix/13.2.0/include/c++/cmath:1122:18: note:   no known conversion for argument 1 from 'CppAD::AD<double>' to 'float'\n 1122 |   isfinite(float __x)\n      |            ~~~~~~^~~\nC:/rtools44/x86_64-w64-mingw32.static.posix/lib/gcc/x86_64-w64-mingw32.static.posix/13.2.0/include/c++/cmath:1126:3: note: candidate: 'constexpr bool std::isfinite(double)'\n 1126 |   isfinite(double __x)\n      |   ^~~~~~~~\nC:/rtools44/x86_64-w64-mingw32.static.posix/lib/gcc/x86_64-w64-mingw32.static.posix/13.2.0/include/c++/cmath:1126:19: note:   no known conversion for argument 1 from 'CppAD::AD<double>' to 'double'\n 1126 |   isfinite(double __x)\n      |            ~~~~~~~^~~\nC:/rtools44/x86_64-w64-mingw32.static.posix/lib/gcc/x86_64-w64-mingw32.static.posix/13.2.0/include/c++/cmath:1130:3: note: candidate: 'constexpr bool std::isfinite(long double)'\n 1130 |   isfinite(long double __x)\n      |   ^~~~~~~~\nC:/rtools44/x86_64-w64-mingw32.static.posix/lib/gcc/x86_64-w64-mingw32.static.posix/13.2.0/include/c++/cmath:1130:24: note:   no known conversion for argument 1 from 'CppAD::AD<double>' to 'long double'\n 1130 |   isfinite(long double __x)\n      |            ~~~~~~~~~~~~^~~\nPOPULATIONS//POPULATION_0011//INDIVIDUAL_T6O4MZRV/model.cpp:59:54: error: no matching function for call to 'isfinite(CppAD::AD<double>&)'\n   59 |       !std::isfinite(eff_pred_fast) || !std::isfinite(r_slow) || !std::isfinite(K_slow) ||\n      |                                         ~~~~~~~~~~~~~^~~~~~~~\nC:/rtools44/x86_64-w64-mingw32.static.posix/lib/gcc/x86_64-w64-mingw32.static.posix/13.2.0/include/c++/cmath:1138:5: note: candidate: 'template<class _Tp> constexpr typename __gnu_cxx::__enable_if<std::__is_integer<_Tp>::__value, bool>::__type std::isfinite(_Tp)'\n 1138 |     isfinite(_Tp __x)\n      |     ^~~~~~~~\nC:/rtools44/x86_64-w64-mingw32.static.posix/lib/gcc/x86_64-w64-mingw32.static.posix/13.2.0/include/c++/cmath:1138:5: note:   template argument deduction/substitution failed:\nC:/rtools44/x86_64-w64-mingw32.static.posix/lib/gcc/x86_64-w64-mingw32.static.posix/13.2.0/include/c++/cmath: In substitution of 'template<class _Tp> constexpr typename __gnu_cxx::__enable_if<std::__is_integer<_Tp>::__value, bool>::__type std::isfinite(_Tp) [with _Tp = CppAD::AD<double>]':\nPOPULATIONS//POPULATION_0011//INDIVIDUAL_T6O4MZRV/model.cpp:59:54:   required from 'Type objective_function<Type>::operator()() [with Type = CppAD::AD<double>]'\nC:/Users/spi085/AppData/Local/Programs/R/R-4.4.1/library/TMB/include/tmb_core.hpp:1308:6:   required from here\nC:/rtools44/x86_64-w64-mingw32.static.posix/lib/gcc/x86_64-w64-mingw32.static.posix/13.2.0/include/c++/cmath:1138:5: error: no type named '__type' in 'struct __gnu_cxx::__enable_if<false, bool>'\nPOPULATIONS//POPULATION_0011//INDIVIDUAL_T6O4MZRV/model.cpp: In instantiation of 'Type objective_function<Type>::operator()() [with Type = CppAD::AD<double>]':\nC:/Users/spi085/AppData/Local/Programs/R/R-4.4.1/library/TMB/include/tmb_core.hpp:1308:6:   required from here\nC:/rtools44/x86_64-w64-mingw32.static.posix/lib/gcc/x86_64-w64-mingw32.static.posix/13.2.0/include/c++/cmath:1122:3: note: candidate: 'constexpr bool std::isfinite(float)'\n 1122 |   isfinite(float __x)\n      |   ^~~~~~~~\nC:/rtools44/x86_64-w64-mingw32.static.posix/lib/gcc/x86_64-w64-mingw32.static.posix/13.2.0/include/c++/cmath:1122:18: note:   no known conversion for argument 1 from 'CppAD::AD<double>' to 'float'\n 1122 |   isfinite(float __x)\n      |            ~~~~~~^~~\nC:/rtools44/x86_64-w64-mingw32.static.posix/lib/gcc/x86_64-w64-mingw32.static.posix/13.2.0/include/c++/cmath:1126:3: note: candidate: 'constexpr bool std::isfinite(double)'\n 1126 |   isfinite(double __x)\n      |   ^~~~~~~~\nC:/rtools44/x86_64-w64-mingw32.static.posix/lib/gcc/x86_64-w64-mingw32.static.posix/13.2.0/include/c++/cmath:1126:19: note:   no known conversion for argument 1 from 'CppAD::AD<double>' to 'double'\n 1126 |   isfinite(double __x)\n      |            ~~~~~~~^~~\nC:/rtools44/x86_64-w64-mingw32.static.posix/lib/gcc/x86_64-w64-mingw32.static.posix/13.2.0/include/c++/cmath:1130:3: note: candidate: 'constexpr bool std::isfinite(long double)'\n 1130 |   isfinite(long double __x)\n      |   ^~~~~~~~\nC:/rtools44/x86_64-w64-mingw32.static.posix/lib/gcc/x86_64-w64-mingw32.static.posix/13.2.0/include/c++/cmath:1130:24: note:   no known conversion for argument 1 from 'CppAD::AD<double>' to 'long double'\n 1130 |   isfinite(long double __x)\n      |            ~~~~~~~~~~~~^~~\nPOPULATIONS//POPULATION_0011//INDIVIDUAL_T6O4MZRV/model.cpp:59:80: error: no matching function for call to 'isfinite(CppAD::AD<double>&)'\n   59 |       !std::isfinite(eff_pred_fast) || !std::isfinite(r_slow) || !std::isfinite(K_slow) ||\n      |                                                                   ~~~~~~~~~~~~~^~~~~~~~\nC:/rtools44/x86_64-w64-mingw32.static.posix/lib/gcc/x86_64-w64-mingw32.static.posix/13.2.0/include/c++/cmath:1138:5: note: candidate: 'template<class _Tp> constexpr typename __gnu_cxx::__enable_if<std::__is_integer<_Tp>::__value, bool>::__type std::isfinite(_Tp)'\n 1138 |     isfinite(_Tp __x)\n      |     ^~~~~~~~\nC:/rtools44/x86_64-w64-mingw32.static.posix/lib/gcc/x86_64-w64-mingw32.static.posix/13.2.0/include/c++/cmath:1138:5: note:   template argument deduction/substitution failed:\nC:/rtools44/x86_64-w64-mingw32.static.posix/lib/gcc/x86_64-w64-mingw32.static.posix/13.2.0/include/c++/cmath: In substitution of 'template<class _Tp> constexpr typename __gnu_cxx::__enable_if<std::__is_integer<_Tp>::__value, bool>::__type std::isfinite(_Tp) [with _Tp = CppAD::AD<double>]':\nPOPULATIONS//POPULATION_0011//INDIVIDUAL_T6O4MZRV/model.cpp:59:80:   required from 'Type objective_function<Type>::operator()() [with Type = CppAD::AD<double>]'\nC:/Users/spi085/AppData/Local/Programs/R/R-4.4.1/library/TMB/include/tmb_core.hpp:1308:6:   required from here\nC:/rtools44/x86_64-w64-mingw32.static.posix/lib/gcc/x86_64-w64-mingw32.static.posix/13.2.0/include/c++/cmath:1138:5: error: no type named '__type' in 'struct __gnu_cxx::__enable_if<false, bool>'\nPOPULATIONS//POPULATION_0011//INDIVIDUAL_T6O4MZRV/model.cpp: In instantiation of 'Type objective_function<Type>::operator()() [with Type = CppAD::AD<double>]':\nC:/Users/spi085/AppData/Local/Programs/R/R-4.4.1/library/TMB/include/tmb_core.hpp:1308:6:   required from here\nC:/rtools44/x86_64-w64-mingw32.static.posix/lib/gcc/x86_64-w64-mingw32.static.posix/13.2.0/include/c++/cmath:1122:3: note: candidate: 'constexpr bool std::isfinite(float)'\n 1122 |   isfinite(float __x)\n      |   ^~~~~~~~\nC:/rtools44/x86_64-w64-mingw32.static.posix/lib/gcc/x86_64-w64-mingw32.static.posix/13.2.0/include/c++/cmath:1122:18: note:   no known conversion for argument 1 from 'CppAD::AD<double>' to 'float'\n 1122 |   isfinite(float __x)\n      |            ~~~~~~^~~\nC:/rtools44/x86_64-w64-mingw32.static.posix/lib/gcc/x86_64-w64-mingw32.static.posix/13.2.0/include/c++/cmath:1126:3: note: candidate: 'constexpr bool std::isfinite(double)'\n 1126 |   isfinite(double __x)\n      |   ^~~~~~~~\nC:/rtools44/x86_64-w64-mingw32.static.posix/lib/gcc/x86_64-w64-mingw32.static.posix/13.2.0/include/c++/cmath:1126:19: note:   no known conversion for argument 1 from 'CppAD::AD<double>' to 'double'\n 1126 |   isfinite(double __x)\n      |            ~~~~~~~^~~\nC:/rtools44/x86_64-w64-mingw32.static.posix/lib/gcc/x86_64-w64-mingw32.static.posix/13.2.0/include/c++/cmath:1130:3: note: candidate: 'constexpr bool std::isfinite(long double)'\n 1130 |   isfinite(long double __x)\n      |   ^~~~~~~~\nC:/rtools44/x86_64-w64-mingw32.static.posix/lib/gcc/x86_64-w64-mingw32.static.posix/13.2.0/include/c++/cmath:1130:24: note:   no known conversion for argument 1 from 'CppAD::AD<double>' to 'long double'\n 1130 |   isfinite(long double __x)\n      |            ~~~~~~~~~~~~^~~\nPOPULATIONS//POPULATION_0011//INDIVIDUAL_T6O4MZRV/model.cpp:60:21: error: no matching function for call to 'isfinite(CppAD::AD<double>&)'\n   60 |       !std::isfinite(r_fast) || !std::isfinite(K_fast) || !std::isfinite(beta_sst) || !std::isfinite(alpha_comp)) {\n      |        ~~~~~~~~~~~~~^~~~~~~~\nC:/rtools44/x86_64-w64-mingw32.static.posix/lib/gcc/x86_64-w64-mingw32.static.posix/13.2.0/include/c++/cmath:1138:5: note: candidate: 'template<class _Tp> constexpr typename __gnu_cxx::__enable_if<std::__is_integer<_Tp>::__value, bool>::__type std::isfinite(_Tp)'\n 1138 |     isfinite(_Tp __x)\n      |     ^~~~~~~~\nC:/rtools44/x86_64-w64-mingw32.static.posix/lib/gcc/x86_64-w64-mingw32.static.posix/13.2.0/include/c++/cmath:1138:5: note:   template argument deduction/substitution failed:\nC:/rtools44/x86_64-w64-mingw32.static.posix/lib/gcc/x86_64-w64-mingw32.static.posix/13.2.0/include/c++/cmath: In substitution of 'template<class _Tp> constexpr typename __gnu_cxx::__enable_if<std::__is_integer<_Tp>::__value, bool>::__type std::isfinite(_Tp) [with _Tp = CppAD::AD<double>]':\nPOPULATIONS//POPULATION_0011//INDIVIDUAL_T6O4MZRV/model.cpp:60:21:   required from 'Type objective_function<Type>::operator()() [with Type = CppAD::AD<double>]'\nC:/Users/spi085/AppData/Local/Programs/R/R-4.4.1/library/TMB/include/tmb_core.hpp:1308:6:   required from here\nC:/rtools44/x86_64-w64-mingw32.static.posix/lib/gcc/x86_64-w64-mingw32.static.posix/13.2.0/include/c++/cmath:1138:5: error: no type named '__type' in 'struct __gnu_cxx::__enable_if<false, bool>'\nPOPULATIONS//POPULATION_0011//INDIVIDUAL_T6O4MZRV/model.cpp: In instantiation of 'Type objective_function<Type>::operator()() [with Type = CppAD::AD<double>]':\nC:/Users/spi085/AppData/Local/Programs/R/R-4.4.1/library/TMB/include/tmb_core.hpp:1308:6:   required from here\nC:/rtools44/x86_64-w64-mingw32.static.posix/lib/gcc/x86_64-w64-mingw32.static.posix/13.2.0/include/c++/cmath:1122:3: note: candidate: 'constexpr bool std::isfinite(float)'\n 1122 |   isfinite(float __x)\n      |   ^~~~~~~~\nC:/rtools44/x86_64-w64-mingw32.static.posix/lib/gcc/x86_64-w64-mingw32.static.posix/13.2.0/include/c++/cmath:1122:18: note:   no known conversion for argument 1 from 'CppAD::AD<double>' to 'float'\n 1122 |   isfinite(float __x)\n      |            ~~~~~~^~~\nC:/rtools44/x86_64-w64-mingw32.static.posix/lib/gcc/x86_64-w64-mingw32.static.posix/13.2.0/include/c++/cmath:1126:3: note: candidate: 'constexpr bool std::isfinite(double)'\n 1126 |   isfinite(double __x)\n      |   ^~~~~~~~\nC:/rtools44/x86_64-w64-mingw32.static.posix/lib/gcc/x86_64-w64-mingw32.static.posix/13.2.0/include/c++/cmath:1126:19: note:   no known conversion for argument 1 from 'CppAD::AD<double>' to 'double'\n 1126 |   isfinite(double __x)\n      |            ~~~~~~~^~~\nC:/rtools44/x86_64-w64-mingw32.static.posix/lib/gcc/x86_64-w64-mingw32.static.posix/13.2.0/include/c++/cmath:1130:3: note: candidate: 'constexpr bool std::isfinite(long double)'\n 1130 |   isfinite(long double __x)\n      |   ^~~~~~~~\nC:/rtools44/x86_64-w64-mingw32.static.posix/lib/gcc/x86_64-w64-mingw32.static.posix/13.2.0/include/c++/cmath:1130:24: note:   no known conversion for argument 1 from 'CppAD::AD<double>' to 'long double'\n 1130 |   isfinite(long double __x)\n      |            ~~~~~~~~~~~~^~~\nPOPULATIONS//POPULATION_0011//INDIVIDUAL_T6O4MZRV/model.cpp:60:47: error: no matching function for call to 'isfinite(CppAD::AD<double>&)'\n   60 |       !std::isfinite(r_fast) || !std::isfinite(K_fast) || !std::isfinite(beta_sst) || !std::isfinite(alpha_comp)) {\n      |                                  ~~~~~~~~~~~~~^~~~~~~~\nC:/rtools44/x86_64-w64-mingw32.static.posix/lib/gcc/x86_64-w64-mingw32.static.posix/13.2.0/include/c++/cmath:1138:5: note: candidate: 'template<class _Tp> constexpr typename __gnu_cxx::__enable_if<std::__is_integer<_Tp>::__value, bool>::__type std::isfinite(_Tp)'\n 1138 |     isfinite(_Tp __x)\n      |     ^~~~~~~~\nC:/rtools44/x86_64-w64-mingw32.static.posix/lib/gcc/x86_64-w64-mingw32.static.posix/13.2.0/include/c++/cmath:1138:5: note:   template argument deduction/substitution failed:\nC:/rtools44/x86_64-w64-mingw32.static.posix/lib/gcc/x86_64-w64-mingw32.static.posix/13.2.0/include/c++/cmath: In substitution of 'template<class _Tp> constexpr typename __gnu_cxx::__enable_if<std::__is_integer<_Tp>::__value, bool>::__type std::isfinite(_Tp) [with _Tp = CppAD::AD<double>]':\nPOPULATIONS//POPULATION_0011//INDIVIDUAL_T6O4MZRV/model.cpp:60:47:   required from 'Type objective_function<Type>::operator()() [with Type = CppAD::AD<double>]'\nC:/Users/spi085/AppData/Local/Programs/R/R-4.4.1/library/TMB/include/tmb_core.hpp:1308:6:   required from here\nC:/rtools44/x86_64-w64-mingw32.static.posix/lib/gcc/x86_64-w64-mingw32.static.posix/13.2.0/include/c++/cmath:1138:5: error: no type named '__type' in 'struct __gnu_cxx::__enable_if<false, bool>'\nPOPULATIONS//POPULATION_0011//INDIVIDUAL_T6O4MZRV/model.cpp: In instantiation of 'Type objective_function<Type>::operator()() [with Type = CppAD::AD<double>]':\nC:/Users/spi085/AppData/Local/Programs/R/R-4.4.1/library/TMB/include/tmb_core.hpp:1308:6:   required from here\nC:/rtools44/x86_64-w64-mingw32.static.posix/lib/gcc/x86_64-w64-mingw32.static.posix/13.2.0/include/c++/cmath:1122:3: note: candidate: 'constexpr bool std::isfinite(float)'\n 1122 |   isfinite(float __x)\n      |   ^~~~~~~~\nC:/rtools44/x86_64-w64-mingw32.static.posix/lib/gcc/x86_64-w64-mingw32.static.posix/13.2.0/include/c++/cmath:1122:18: note:   no known conversion for argument 1 from 'CppAD::AD<double>' to 'float'\n 1122 |   isfinite(float __x)\n      |            ~~~~~~^~~\nC:/rtools44/x86_64-w64-mingw32.static.posix/lib/gcc/x86_64-w64-mingw32.static.posix/13.2.0/include/c++/cmath:1126:3: note: candidate: 'constexpr bool std::isfinite(double)'\n 1126 |   isfinite(double __x)\n      |   ^~~~~~~~\nC:/rtools44/x86_64-w64-mingw32.static.posix/lib/gcc/x86_64-w64-mingw32.static.posix/13.2.0/include/c++/cmath:1126:19: note:   no known conversion for argument 1 from 'CppAD::AD<double>' to 'double'\n 1126 |   isfinite(double __x)\n      |            ~~~~~~~^~~\nC:/rtools44/x86_64-w64-mingw32.static.posix/lib/gcc/x86_64-w64-mingw32.static.posix/13.2.0/include/c++/cmath:1130:3: note: candidate: 'constexpr bool std::isfinite(long double)'\n 1130 |   isfinite(long double __x)\n      |   ^~~~~~~~\nC:/rtools44/x86_64-w64-mingw32.static.posix/lib/gcc/x86_64-w64-mingw32.static.posix/13.2.0/include/c++/cmath:1130:24: note:   no known conversion for argument 1 from 'CppAD::AD<double>' to 'long double'\n 1130 |   isfinite(long double __x)\n      |            ~~~~~~~~~~~~^~~\nPOPULATIONS//POPULATION_0011//INDIVIDUAL_T6O4MZRV/model.cpp:60:73: error: no matching function for call to 'isfinite(CppAD::AD<double>&)'\n   60 |       !std::isfinite(r_fast) || !std::isfinite(K_fast) || !std::isfinite(beta_sst) || !std::isfinite(alpha_comp)) {\n      |                                                            ~~~~~~~~~~~~~^~~~~~~~~~\nC:/rtools44/x86_64-w64-mingw32.static.posix/lib/gcc/x86_64-w64-mingw32.static.posix/13.2.0/include/c++/cmath:1138:5: note: candidate: 'template<class _Tp> constexpr typename __gnu_cxx::__enable_if<std::__is_integer<_Tp>::__value, bool>::__type std::isfinite(_Tp)'\n 1138 |     isfinite(_Tp __x)\n      |     ^~~~~~~~\nC:/rtools44/x86_64-w64-mingw32.static.posix/lib/gcc/x86_64-w64-mingw32.static.posix/13.2.0/include/c++/cmath:1138:5: note:   template argument deduction/substitution failed:\nC:/rtools44/x86_64-w64-mingw32.static.posix/lib/gcc/x86_64-w64-mingw32.static.posix/13.2.0/include/c++/cmath: In substitution of 'template<class _Tp> constexpr typename __gnu_cxx::__enable_if<std::__is_integer<_Tp>::__value, bool>::__type std::isfinite(_Tp) [with _Tp = CppAD::AD<double>]':\nPOPULATIONS//POPULATION_0011//INDIVIDUAL_T6O4MZRV/model.cpp:60:73:   required from 'Type objective_function<Type>::operator()() [with Type = CppAD::AD<double>]'\nC:/Users/spi085/AppData/Local/Programs/R/R-4.4.1/library/TMB/include/tmb_core.hpp:1308:6:   required from here\nC:/rtools44/x86_64-w64-mingw32.static.posix/lib/gcc/x86_64-w64-mingw32.static.posix/13.2.0/include/c++/cmath:1138:5: error: no type named '__type' in 'struct __gnu_cxx::__enable_if<false, bool>'\nPOPULATIONS//POPULATION_0011//INDIVIDUAL_T6O4MZRV/model.cpp: In instantiation of 'Type objective_function<Type>::operator()() [with Type = CppAD::AD<double>]':\nC:/Users/spi085/AppData/Local/Programs/R/R-4.4.1/library/TMB/include/tmb_core.hpp:1308:6:   required from here\nC:/rtools44/x86_64-w64-mingw32.static.posix/lib/gcc/x86_64-w64-mingw32.static.posix/13.2.0/include/c++/cmath:1122:3: note: candidate: 'constexpr bool std::isfinite(float)'\n 1122 |   isfinite(float __x)\n      |   ^~~~~~~~\nC:/rtools44/x86_64-w64-mingw32.static.posix/lib/gcc/x86_64-w64-mingw32.static.posix/13.2.0/include/c++/cmath:1122:18: note:   no known conversion for argument 1 from 'CppAD::AD<double>' to 'float'\n 1122 |   isfinite(float __x)\n      |            ~~~~~~^~~\nC:/rtools44/x86_64-w64-mingw32.static.posix/lib/gcc/x86_64-w64-mingw32.static.posix/13.2.0/include/c++/cmath:1126:3: note: candidate: 'constexpr bool std::isfinite(double)'\n 1126 |   isfinite(double __x)\n      |   ^~~~~~~~\nC:/rtools44/x86_64-w64-mingw32.static.posix/lib/gcc/x86_64-w64-mingw32.static.posix/13.2.0/include/c++/cmath:1126:19: note:   no known conversion for argument 1 from 'CppAD::AD<double>' to 'double'\n 1126 |   isfinite(double __x)\n      |            ~~~~~~~^~~\nC:/rtools44/x86_64-w64-mingw32.static.posix/lib/gcc/x86_64-w64-mingw32.static.posix/13.2.0/include/c++/cmath:1130:3: note: candidate: 'constexpr bool std::isfinite(long double)'\n 1130 |   isfinite(long double __x)\n      |   ^~~~~~~~\nC:/rtools44/x86_64-w64-mingw32.static.posix/lib/gcc/x86_64-w64-mingw32.static.posix/13.2.0/include/c++/cmath:1130:24: note:   no known conversion for argument 1 from 'CppAD::AD<double>' to 'long double'\n 1130 |   isfinite(long double __x)\n      |            ~~~~~~~~~~~~^~~\nPOPULATIONS//POPULATION_0011//INDIVIDUAL_T6O4MZRV/model.cpp:60:101: error: no matching function for call to 'isfinite(CppAD::AD<double>&)'\n   60 |       !std::isfinite(r_fast) || !std::isfinite(K_fast) || !std::isfinite(beta_sst) || !std::isfinite(alpha_comp)) {\n      |                                                                                        ~~~~~~~~~~~~~^~~~~~~~~~~~\nC:/rtools44/x86_64-w64-mingw32.static.posix/lib/gcc/x86_64-w64-mingw32.static.posix/13.2.0/include/c++/cmath:1138:5: note: candidate: 'template<class _Tp> constexpr typename __gnu_cxx::__enable_if<std::__is_integer<_Tp>::__value, bool>::__type std::isfinite(_Tp)'\n 1138 |     isfinite(_Tp __x)\n      |     ^~~~~~~~\nC:/rtools44/x86_64-w64-mingw32.static.posix/lib/gcc/x86_64-w64-mingw32.static.posix/13.2.0/include/c++/cmath:1138:5: note:   template argument deduction/substitution failed:\nC:/rtools44/x86_64-w64-mingw32.static.posix/lib/gcc/x86_64-w64-mingw32.static.posix/13.2.0/include/c++/cmath: In substitution of 'template<class _Tp> constexpr typename __gnu_cxx::__enable_if<std::__is_integer<_Tp>::__value, bool>::__type std::isfinite(_Tp) [with _Tp = CppAD::AD<double>]':\nPOPULATIONS//POPULATION_0011//INDIVIDUAL_T6O4MZRV/model.cpp:60:101:   required from 'Type objective_function<Type>::operator()() [with Type = CppAD::AD<double>]'\nC:/Users/spi085/AppData/Local/Programs/R/R-4.4.1/library/TMB/include/tmb_core.hpp:1308:6:   required from here\nC:/rtools44/x86_64-w64-mingw32.static.posix/lib/gcc/x86_64-w64-mingw32.static.posix/13.2.0/include/c++/cmath:1138:5: error: no type named '__type' in 'struct __gnu_cxx::__enable_if<false, bool>'\nPOPULATIONS//POPULATION_0011//INDIVIDUAL_T6O4MZRV/model.cpp: In instantiation of 'Type objective_function<Type>::operator()() [with Type = CppAD::AD<double>]':\nC:/Users/spi085/AppData/Local/Programs/R/R-4.4.1/library/TMB/include/tmb_core.hpp:1308:6:   required from here\nC:/rtools44/x86_64-w64-mingw32.static.posix/lib/gcc/x86_64-w64-mingw32.static.posix/13.2.0/include/c++/cmath:1122:3: note: candidate: 'constexpr bool std::isfinite(float)'\n 1122 |   isfinite(float __x)\n      |   ^~~~~~~~\nC:/rtools44/x86_64-w64-mingw32.static.posix/lib/gcc/x86_64-w64-mingw32.static.posix/13.2.0/include/c++/cmath:1122:18: note:   no known conversion for argument 1 from 'CppAD::AD<double>' to 'float'\n 1122 |   isfinite(float __x)\n      |            ~~~~~~^~~\nC:/rtools44/x86_64-w64-mingw32.static.posix/lib/gcc/x86_64-w64-mingw32.static.posix/13.2.0/include/c++/cmath:1126:3: note: candidate: 'constexpr bool std::isfinite(double)'\n 1126 |   isfinite(double __x)\n      |   ^~~~~~~~\nC:/rtools44/x86_64-w64-mingw32.static.posix/lib/gcc/x86_64-w64-mingw32.static.posix/13.2.0/include/c++/cmath:1126:19: note:   no known conversion for argument 1 from 'CppAD::AD<double>' to 'double'\n 1126 |   isfinite(double __x)\n      |            ~~~~~~~^~~\nC:/rtools44/x86_64-w64-mingw32.static.posix/lib/gcc/x86_64-w64-mingw32.static.posix/13.2.0/include/c++/cmath:1130:3: note: candidate: 'constexpr bool std::isfinite(long double)'\n 1130 |   isfinite(long double __x)\n      |   ^~~~~~~~\nC:/rtools44/x86_64-w64-mingw32.static.posix/lib/gcc/x86_64-w64-mingw32.static.posix/13.2.0/include/c++/cmath:1130:24: note:   no known conversion for argument 1 from 'CppAD::AD<double>' to 'long double'\n 1130 |   isfinite(long double __x)\n      |            ~~~~~~~~~~~~^~~\nPOPULATIONS//POPULATION_0011//INDIVIDUAL_T6O4MZRV/model.cpp: In instantiation of 'Type objective_function<Type>::operator()() [with Type = CppAD::AD<CppAD::AD<double> >]':\nC:/Users/spi085/AppData/Local/Programs/R/R-4.4.1/library/TMB/include/tmb_core.hpp:913:29:   required from 'Type objective_function<Type>::evalUserTemplate() [with Type = CppAD::AD<CppAD::AD<double> >]'\nC:/Users/spi085/AppData/Local/Programs/R/R-4.4.1/library/TMB/include/tmb_core.hpp:2112:26:   required from here\nPOPULATIONS//POPULATION_0011//INDIVIDUAL_T6O4MZRV/model.cpp:58:21: error: no matching function for call to 'isfinite(CppAD::AD<CppAD::AD<double> >&)'\n   58 |   if (!std::isfinite(r_cots) || !std::isfinite(K_cots) || !std::isfinite(eff_pred_slow) ||\n      |        ~~~~~~~~~~~~~^~~~~~~~\nC:/rtools44/x86_64-w64-mingw32.static.posix/lib/gcc/x86_64-w64-mingw32.static.posix/13.2.0/include/c++/cmath:1138:5: note: candidate: 'template<class _Tp> constexpr typename __gnu_cxx::__enable_if<std::__is_integer<_Tp>::__value, bool>::__type std::isfinite(_Tp)'\n 1138 |     isfinite(_Tp __x)\n      |     ^~~~~~~~\nC:/rtools44/x86_64-w64-mingw32.static.posix/lib/gcc/x86_64-w64-mingw32.static.posix/13.2.0/include/c++/cmath:1138:5: note:   template argument deduction/substitution failed:\nC:/rtools44/x86_64-w64-mingw32.static.posix/lib/gcc/x86_64-w64-mingw32.static.posix/13.2.0/include/c++/cmath: In substitution of 'template<class _Tp> constexpr typename __gnu_cxx::__enable_if<std::__is_integer<_Tp>::__value, bool>::__type std::isfinite(_Tp) [with _Tp = CppAD::AD<CppAD::AD<double> >]':\nPOPULATIONS//POPULATION_0011//INDIVIDUAL_T6O4MZRV/model.cpp:58:21:   required from 'Type objective_function<Type>::operator()() [with Type = CppAD::AD<CppAD::AD<double> >]'\nC:/Users/spi085/AppData/Local/Programs/R/R-4.4.1/library/TMB/include/tmb_core.hpp:913:29:   required from 'Type objective_function<Type>::evalUserTemplate() [with Type = CppAD::AD<CppAD::AD<double> >]'\nC:/Users/spi085/AppData/Local/Programs/R/R-4.4.1/library/TMB/include/tmb_core.hpp:2112:26:   required from here\nC:/rtools44/x86_64-w64-mingw32.static.posix/lib/gcc/x86_64-w64-mingw32.static.posix/13.2.0/include/c++/cmath:1138:5: error: no type named '__type' in 'struct __gnu_cxx::__enable_if<false, bool>'\nPOPULATIONS//POPULATION_0011//INDIVIDUAL_T6O4MZRV/model.cpp: In instantiation of 'Type objective_function<Type>::operator()() [with Type = CppAD::AD<CppAD::AD<double> >]':\nC:/Users/spi085/AppData/Local/Programs/R/R-4.4.1/library/TMB/include/tmb_core.hpp:913:29:   required from 'Type objective_function<Type>::evalUserTemplate() [with Type = CppAD::AD<CppAD::AD<double> >]'\nC:/Users/spi085/AppData/Local/Programs/R/R-4.4.1/library/TMB/include/tmb_core.hpp:2112:26:   required from here\nC:/rtools44/x86_64-w64-mingw32.static.posix/lib/gcc/x86_64-w64-mingw32.static.posix/13.2.0/include/c++/cmath:1122:3: note: candidate: 'constexpr bool std::isfinite(float)'\n 1122 |   isfinite(float __x)\n      |   ^~~~~~~~\nC:/rtools44/x86_64-w64-mingw32.static.posix/lib/gcc/x86_64-w64-mingw32.static.posix/13.2.0/include/c++/cmath:1122:18: note:   no known conversion for argument 1 from 'CppAD::AD<CppAD::AD<double> >' to 'float'\n 1122 |   isfinite(float __x)\n      |            ~~~~~~^~~\nC:/rtools44/x86_64-w64-mingw32.static.posix/lib/gcc/x86_64-w64-mingw32.static.posix/13.2.0/include/c++/cmath:1126:3: note: candidate: 'constexpr bool std::isfinite(double)'\n 1126 |   isfinite(double __x)\n      |   ^~~~~~~~\nC:/rtools44/x86_64-w64-mingw32.static.posix/lib/gcc/x86_64-w64-mingw32.static.posix/13.2.0/include/c++/cmath:1126:19: note:   no known conversion for argument 1 from 'CppAD::AD<CppAD::AD<double> >' to 'double'\n 1126 |   isfinite(double __x)\n      |            ~~~~~~~^~~\nC:/rtools44/x86_64-w64-mingw32.static.posix/lib/gcc/x86_64-w64-mingw32.static.posix/13.2.0/include/c++/cmath:1130:3: note: candidate: 'constexpr bool std::isfinite(long double)'\n 1130 |   isfinite(long double __x)\n      |   ^~~~~~~~\nC:/rtools44/x86_64-w64-mingw32.static.posix/lib/gcc/x86_64-w64-mingw32.static.posix/13.2.0/include/c++/cmath:1130:24: note:   no known conversion for argument 1 from 'CppAD::AD<CppAD::AD<double> >' to 'long double'\n 1130 |   isfinite(long double __x)\n      |            ~~~~~~~~~~~~^~~\nPOPULATIONS//POPULATION_0011//INDIVIDUAL_T6O4MZRV/model.cpp:58:47: error: no matching function for call to 'isfinite(CppAD::AD<CppAD::AD<double> >&)'\n   58 |   if (!std::isfinite(r_cots) || !std::isfinite(K_cots) || !std::isfinite(eff_pred_slow) ||\n      |                                  ~~~~~~~~~~~~~^~~~~~~~\nC:/rtools44/x86_64-w64-mingw32.static.posix/lib/gcc/x86_64-w64-mingw32.static.posix/13.2.0/include/c++/cmath:1138:5: note: candidate: 'template<class _Tp> constexpr typename __gnu_cxx::__enable_if<std::__is_integer<_Tp>::__value, bool>::__type std::isfinite(_Tp)'\n 1138 |     isfinite(_Tp __x)\n      |     ^~~~~~~~\nC:/rtools44/x86_64-w64-mingw32.static.posix/lib/gcc/x86_64-w64-mingw32.static.posix/13.2.0/include/c++/cmath:1138:5: note:   template argument deduction/substitution failed:\nC:/rtools44/x86_64-w64-mingw32.static.posix/lib/gcc/x86_64-w64-mingw32.static.posix/13.2.0/include/c++/cmath: In substitution of 'template<class _Tp> constexpr typename __gnu_cxx::__enable_if<std::__is_integer<_Tp>::__value, bool>::__type std::isfinite(_Tp) [with _Tp = CppAD::AD<CppAD::AD<double> >]':\nPOPULATIONS//POPULATION_0011//INDIVIDUAL_T6O4MZRV/model.cpp:58:47:   required from 'Type objective_function<Type>::operator()() [with Type = CppAD::AD<CppAD::AD<double> >]'\nC:/Users/spi085/AppData/Local/Programs/R/R-4.4.1/library/TMB/include/tmb_core.hpp:913:29:   required from 'Type objective_function<Type>::evalUserTemplate() [with Type = CppAD::AD<CppAD::AD<double> >]'\nC:/Users/spi085/AppData/Local/Programs/R/R-4.4.1/library/TMB/include/tmb_core.hpp:2112:26:   required from here\nC:/rtools44/x86_64-w64-mingw32.static.posix/lib/gcc/x86_64-w64-mingw32.static.posix/13.2.0/include/c++/cmath:1138:5: error: no type named '__type' in 'struct __gnu_cxx::__enable_if<false, bool>'\nPOPULATIONS//POPULATION_0011//INDIVIDUAL_T6O4MZRV/model.cpp: In instantiation of 'Type objective_function<Type>::operator()() [with Type = CppAD::AD<CppAD::AD<double> >]':\nC:/Users/spi085/AppData/Local/Programs/R/R-4.4.1/library/TMB/include/tmb_core.hpp:913:29:   required from 'Type objective_function<Type>::evalUserTemplate() [with Type = CppAD::AD<CppAD::AD<double> >]'\nC:/Users/spi085/AppData/Local/Programs/R/R-4.4.1/library/TMB/include/tmb_core.hpp:2112:26:   required from here\nC:/rtools44/x86_64-w64-mingw32.static.posix/lib/gcc/x86_64-w64-mingw32.static.posix/13.2.0/include/c++/cmath:1122:3: note: candidate: 'constexpr bool std::isfinite(float)'\n 1122 |   isfinite(float __x)\n      |   ^~~~~~~~\nC:/rtools44/x86_64-w64-mingw32.static.posix/lib/gcc/x86_64-w64-mingw32.static.posix/13.2.0/include/c++/cmath:1122:18: note:   no known conversion for argument 1 from 'CppAD::AD<CppAD::AD<double> >' to 'float'\n 1122 |   isfinite(float __x)\n      |            ~~~~~~^~~\nC:/rtools44/x86_64-w64-mingw32.static.posix/lib/gcc/x86_64-w64-mingw32.static.posix/13.2.0/include/c++/cmath:1126:3: note: candidate: 'constexpr bool std::isfinite(double)'\n 1126 |   isfinite(double __x)\n      |   ^~~~~~~~\nC:/rtools44/x86_64-w64-mingw32.static.posix/lib/gcc/x86_64-w64-mingw32.static.posix/13.2.0/include/c++/cmath:1126:19: note:   no known conversion for argument 1 from 'CppAD::AD<CppAD::AD<double> >' to 'double'\n 1126 |   isfinite(double __x)\n      |            ~~~~~~~^~~\nC:/rtools44/x86_64-w64-mingw32.static.posix/lib/gcc/x86_64-w64-mingw32.static.posix/13.2.0/include/c++/cmath:1130:3: note: candidate: 'constexpr bool std::isfinite(long double)'\n 1130 |   isfinite(long double __x)\n      |   ^~~~~~~~\nC:/rtools44/x86_64-w64-mingw32.static.posix/lib/gcc/x86_64-w64-mingw32.static.posix/13.2.0/include/c++/cmath:1130:24: note:   no known conversion for argument 1 from 'CppAD::AD<CppAD::AD<double> >' to 'long double'\n 1130 |   isfinite(long double __x)\n      |            ~~~~~~~~~~~~^~~\nPOPULATIONS//POPULATION_0011//INDIVIDUAL_T6O4MZRV/model.cpp:58:73: error: no matching function for call to 'isfinite(CppAD::AD<CppAD::AD<double> >&)'\n   58 |   if (!std::isfinite(r_cots) || !std::isfinite(K_cots) || !std::isfinite(eff_pred_slow) ||\n      |                                                            ~~~~~~~~~~~~~^~~~~~~~~~~~~~~\nC:/rtools44/x86_64-w64-mingw32.static.posix/lib/gcc/x86_64-w64-mingw32.static.posix/13.2.0/include/c++/cmath:1138:5: note: candidate: 'template<class _Tp> constexpr typename __gnu_cxx::__enable_if<std::__is_integer<_Tp>::__value, bool>::__type std::isfinite(_Tp)'\n 1138 |     isfinite(_Tp __x)\n      |     ^~~~~~~~\nC:/rtools44/x86_64-w64-mingw32.static.posix/lib/gcc/x86_64-w64-mingw32.static.posix/13.2.0/include/c++/cmath:1138:5: note:   template argument deduction/substitution failed:\nC:/rtools44/x86_64-w64-mingw32.static.posix/lib/gcc/x86_64-w64-mingw32.static.posix/13.2.0/include/c++/cmath: In substitution of 'template<class _Tp> constexpr typename __gnu_cxx::__enable_if<std::__is_integer<_Tp>::__value, bool>::__type std::isfinite(_Tp) [with _Tp = CppAD::AD<CppAD::AD<double> >]':\nPOPULATIONS//POPULATION_0011//INDIVIDUAL_T6O4MZRV/model.cpp:58:73:   required from 'Type objective_function<Type>::operator()() [with Type = CppAD::AD<CppAD::AD<double> >]'\nC:/Users/spi085/AppData/Local/Programs/R/R-4.4.1/library/TMB/include/tmb_core.hpp:913:29:   required from 'Type objective_function<Type>::evalUserTemplate() [with Type = CppAD::AD<CppAD::AD<double> >]'\nC:/Users/spi085/AppData/Local/Programs/R/R-4.4.1/library/TMB/include/tmb_core.hpp:2112:26:   required from here\nC:/rtools44/x86_64-w64-mingw32.static.posix/lib/gcc/x86_64-w64-mingw32.static.posix/13.2.0/include/c++/cmath:1138:5: error: no type named '__type' in 'struct __gnu_cxx::__enable_if<false, bool>'\nPOPULATIONS//POPULATION_0011//INDIVIDUAL_T6O4MZRV/model.cpp: In instantiation of 'Type objective_function<Type>::operator()() [with Type = CppAD::AD<CppAD::AD<double> >]':\nC:/Users/spi085/AppData/Local/Programs/R/R-4.4.1/library/TMB/include/tmb_core.hpp:913:29:   required from 'Type objective_function<Type>::evalUserTemplate() [with Type = CppAD::AD<CppAD::AD<double> >]'\nC:/Users/spi085/AppData/Local/Programs/R/R-4.4.1/library/TMB/include/tmb_core.hpp:2112:26:   required from here\nC:/rtools44/x86_64-w64-mingw32.static.posix/lib/gcc/x86_64-w64-mingw32.static.posix/13.2.0/include/c++/cmath:1122:3: note: candidate: 'constexpr bool std::isfinite(float)'\n 1122 |   isfinite(float __x)\n      |   ^~~~~~~~\nC:/rtools44/x86_64-w64-mingw32.static.posix/lib/gcc/x86_64-w64-mingw32.static.posix/13.2.0/include/c++/cmath:1122:18: note:   no known conversion for argument 1 from 'CppAD::AD<CppAD::AD<double> >' to 'float'\n 1122 |   isfinite(float __x)\n      |            ~~~~~~^~~\nC:/rtools44/x86_64-w64-mingw32.static.posix/lib/gcc/x86_64-w64-mingw32.static.posix/13.2.0/include/c++/cmath:1126:3: note: candidate: 'constexpr bool std::isfinite(double)'\n 1126 |   isfinite(double __x)\n      |   ^~~~~~~~\nC:/rtools44/x86_64-w64-mingw32.static.posix/lib/gcc/x86_64-w64-mingw32.static.posix/13.2.0/include/c++/cmath:1126:19: note:   no known conversion for argument 1 from 'CppAD::AD<CppAD::AD<double> >' to 'double'\n 1126 |   isfinite(double __x)\n      |            ~~~~~~~^~~\nC:/rtools44/x86_64-w64-mingw32.static.posix/lib/gcc/x86_64-w64-mingw32.static.posix/13.2.0/include/c++/cmath:1130:3: note: candidate: 'constexpr bool std::isfinite(long double)'\n 1130 |   isfinite(long double __x)\n      |   ^~~~~~~~\nC:/rtools44/x86_64-w64-mingw32.static.posix/lib/gcc/x86_64-w64-mingw32.static.posix/13.2.0/include/c++/cmath:1130:24: note:   no known conversion for argument 1 from 'CppAD::AD<CppAD::AD<double> >' to 'long double'\n 1130 |   isfinite(long double __x)\n      |            ~~~~~~~~~~~~^~~\nPOPULATIONS//POPULATION_0011//INDIVIDUAL_T6O4MZRV/model.cpp:59:21: error: no matching function for call to 'isfinite(CppAD::AD<CppAD::AD<double> >&)'\n   59 |       !std::isfinite(eff_pred_fast) || !std::isfinite(r_slow) || !std::isfinite(K_slow) ||\n      |        ~~~~~~~~~~~~~^~~~~~~~~~~~~~~\nC:/rtools44/x86_64-w64-mingw32.static.posix/lib/gcc/x86_64-w64-mingw32.static.posix/13.2.0/include/c++/cmath:1138:5: note: candidate: 'template<class _Tp> constexpr typename __gnu_cxx::__enable_if<std::__is_integer<_Tp>::__value, bool>::__type std::isfinite(_Tp)'\n 1138 |     isfinite(_Tp __x)\n      |     ^~~~~~~~\nC:/rtools44/x86_64-w64-mingw32.static.posix/lib/gcc/x86_64-w64-mingw32.static.posix/13.2.0/include/c++/cmath:1138:5: note:   template argument deduction/substitution failed:\nC:/rtools44/x86_64-w64-mingw32.static.posix/lib/gcc/x86_64-w64-mingw32.static.posix/13.2.0/include/c++/cmath: In substitution of 'template<class _Tp> constexpr typename __gnu_cxx::__enable_if<std::__is_integer<_Tp>::__value, bool>::__type std::isfinite(_Tp) [with _Tp = CppAD::AD<CppAD::AD<double> >]':\nPOPULATIONS//POPULATION_0011//INDIVIDUAL_T6O4MZRV/model.cpp:59:21:   required from 'Type objective_function<Type>::operator()() [with Type = CppAD::AD<CppAD::AD<double> >]'\nC:/Users/spi085/AppData/Local/Programs/R/R-4.4.1/library/TMB/include/tmb_core.hpp:913:29:   required from 'Type objective_function<Type>::evalUserTemplate() [with Type = CppAD::AD<CppAD::AD<double> >]'\nC:/Users/spi085/AppData/Local/Programs/R/R-4.4.1/library/TMB/include/tmb_core.hpp:2112:26:   required from here\nC:/rtools44/x86_64-w64-mingw32.static.posix/lib/gcc/x86_64-w64-mingw32.static.posix/13.2.0/include/c++/cmath:1138:5: error: no type named '__type' in 'struct __gnu_cxx::__enable_if<false, bool>'\nPOPULATIONS//POPULATION_0011//INDIVIDUAL_T6O4MZRV/model.cpp: In instantiation of 'Type objective_function<Type>::operator()() [with Type = CppAD::AD<CppAD::AD<double> >]':\nC:/Users/spi085/AppData/Local/Programs/R/R-4.4.1/library/TMB/include/tmb_core.hpp:913:29:   required from 'Type objective_function<Type>::evalUserTemplate() [with Type = CppAD::AD<CppAD::AD<double> >]'\nC:/Users/spi085/AppData/Local/Programs/R/R-4.4.1/library/TMB/include/tmb_core.hpp:2112:26:   required from here\nC:/rtools44/x86_64-w64-mingw32.static.posix/lib/gcc/x86_64-w64-mingw32.static.posix/13.2.0/include/c++/cmath:1122:3: note: candidate: 'constexpr bool std::isfinite(float)'\n 1122 |   isfinite(float __x)\n      |   ^~~~~~~~\nC:/rtools44/x86_64-w64-mingw32.static.posix/lib/gcc/x86_64-w64-mingw32.static.posix/13.2.0/include/c++/cmath:1122:18: note:   no known conversion for argument 1 from 'CppAD::AD<CppAD::AD<double> >' to 'float'\n 1122 |   isfinite(float __x)\n      |            ~~~~~~^~~\nC:/rtools44/x86_64-w64-mingw32.static.posix/lib/gcc/x86_64-w64-mingw32.static.posix/13.2.0/include/c++/cmath:1126:3: note: candidate: 'constexpr bool std::isfinite(double)'\n 1126 |   isfinite(double __x)\n      |   ^~~~~~~~\nC:/rtools44/x86_64-w64-mingw32.static.posix/lib/gcc/x86_64-w64-mingw32.static.posix/13.2.0/include/c++/cmath:1126:19: note:   no known conversion for argument 1 from 'CppAD::AD<CppAD::AD<double> >' to 'double'\n 1126 |   isfinite(double __x)\n      |            ~~~~~~~^~~\nC:/rtools44/x86_64-w64-mingw32.static.posix/lib/gcc/x86_64-w64-mingw32.static.posix/13.2.0/include/c++/cmath:1130:3: note: candidate: 'constexpr bool std::isfinite(long double)'\n 1130 |   isfinite(long double __x)\n      |   ^~~~~~~~\nC:/rtools44/x86_64-w64-mingw32.static.posix/lib/gcc/x86_64-w64-mingw32.static.posix/13.2.0/include/c++/cmath:1130:24: note:   no known conversion for argument 1 from 'CppAD::AD<CppAD::AD<double> >' to 'long double'\n 1130 |   isfinite(long double __x)\n      |            ~~~~~~~~~~~~^~~\nPOPULATIONS//POPULATION_0011//INDIVIDUAL_T6O4MZRV/model.cpp:59:54: error: no matching function for call to 'isfinite(CppAD::AD<CppAD::AD<double> >&)'\n   59 |       !std::isfinite(eff_pred_fast) || !std::isfinite(r_slow) || !std::isfinite(K_slow) ||\n      |                                         ~~~~~~~~~~~~~^~~~~~~~\nC:/rtools44/x86_64-w64-mingw32.static.posix/lib/gcc/x86_64-w64-mingw32.static.posix/13.2.0/include/c++/cmath:1138:5: note: candidate: 'template<class _Tp> constexpr typename __gnu_cxx::__enable_if<std::__is_integer<_Tp>::__value, bool>::__type std::isfinite(_Tp)'\n 1138 |     isfinite(_Tp __x)\n      |     ^~~~~~~~\nC:/rtools44/x86_64-w64-mingw32.static.posix/lib/gcc/x86_64-w64-mingw32.static.posix/13.2.0/include/c++/cmath:1138:5: note:   template argument deduction/substitution failed:\nC:/rtools44/x86_64-w64-mingw32.static.posix/lib/gcc/x86_64-w64-mingw32.static.posix/13.2.0/include/c++/cmath: In substitution of 'template<class _Tp> constexpr typename __gnu_cxx::__enable_if<std::__is_integer<_Tp>::__value, bool>::__type std::isfinite(_Tp) [with _Tp = CppAD::AD<CppAD::AD<double> >]':\nPOPULATIONS//POPULATION_0011//INDIVIDUAL_T6O4MZRV/model.cpp:59:54:   required from 'Type objective_function<Type>::operator()() [with Type = CppAD::AD<CppAD::AD<double> >]'\nC:/Users/spi085/AppData/Local/Programs/R/R-4.4.1/library/TMB/include/tmb_core.hpp:913:29:   required from 'Type objective_function<Type>::evalUserTemplate() [with Type = CppAD::AD<CppAD::AD<double> >]'\nC:/Users/spi085/AppData/Local/Programs/R/R-4.4.1/library/TMB/include/tmb_core.hpp:2112:26:   required from here\nC:/rtools44/x86_64-w64-mingw32.static.posix/lib/gcc/x86_64-w64-mingw32.static.posix/13.2.0/include/c++/cmath:1138:5: error: no type named '__type' in 'struct __gnu_cxx::__enable_if<false, bool>'\nPOPULATIONS//POPULATION_0011//INDIVIDUAL_T6O4MZRV/model.cpp: In instantiation of 'Type objective_function<Type>::operator()() [with Type = CppAD::AD<CppAD::AD<double> >]':\nC:/Users/spi085/AppData/Local/Programs/R/R-4.4.1/library/TMB/include/tmb_core.hpp:913:29:   required from 'Type objective_function<Type>::evalUserTemplate() [with Type = CppAD::AD<CppAD::AD<double> >]'\nC:/Users/spi085/AppData/Local/Programs/R/R-4.4.1/library/TMB/include/tmb_core.hpp:2112:26:   required from here\nC:/rtools44/x86_64-w64-mingw32.static.posix/lib/gcc/x86_64-w64-mingw32.static.posix/13.2.0/include/c++/cmath:1122:3: note: candidate: 'constexpr bool std::isfinite(float)'\n 1122 |   isfinite(float __x)\n      |   ^~~~~~~~\nC:/rtools44/x86_64-w64-mingw32.static.posix/lib/gcc/x86_64-w64-mingw32.static.posix/13.2.0/include/c++/cmath:1122:18: note:   no known conversion for argument 1 from 'CppAD::AD<CppAD::AD<double> >' to 'float'\n 1122 |   isfinite(float __x)\n      |            ~~~~~~^~~\nC:/rtools44/x86_64-w64-mingw32.static.posix/lib/gcc/x86_64-w64-mingw32.static.posix/13.2.0/include/c++/cmath:1126:3: note: candidate: 'constexpr bool std::isfinite(double)'\n 1126 |   isfinite(double __x)\n      |   ^~~~~~~~\nC:/rtools44/x86_64-w64-mingw32.static.posix/lib/gcc/x86_64-w64-mingw32.static.posix/13.2.0/include/c++/cmath:1126:19: note:   no known conversion for argument 1 from 'CppAD::AD<CppAD::AD<double> >' to 'double'\n 1126 |   isfinite(double __x)\n      |            ~~~~~~~^~~\nC:/rtools44/x86_64-w64-mingw32.static.posix/lib/gcc/x86_64-w64-mingw32.static.posix/13.2.0/include/c++/cmath:1130:3: note: candidate: 'constexpr bool std::isfinite(long double)'\n 1130 |   isfinite(long double __x)\n      |   ^~~~~~~~\nC:/rtools44/x86_64-w64-mingw32.static.posix/lib/gcc/x86_64-w64-mingw32.static.posix/13.2.0/include/c++/cmath:1130:24: note:   no known conversion for argument 1 from 'CppAD::AD<CppAD::AD<double> >' to 'long double'\n 1130 |   isfinite(long double __x)\n      |            ~~~~~~~~~~~~^~~\nPOPULATIONS//POPULATION_0011//INDIVIDUAL_T6O4MZRV/model.cpp:59:80: error: no matching function for call to 'isfinite(CppAD::AD<CppAD::AD<double> >&)'\n   59 |       !std::isfinite(eff_pred_fast) || !std::isfinite(r_slow) || !std::isfinite(K_slow) ||\n      |                                                                   ~~~~~~~~~~~~~^~~~~~~~\nC:/rtools44/x86_64-w64-mingw32.static.posix/lib/gcc/x86_64-w64-mingw32.static.posix/13.2.0/include/c++/cmath:1138:5: note: candidate: 'template<class _Tp> constexpr typename __gnu_cxx::__enable_if<std::__is_integer<_Tp>::__value, bool>::__type std::isfinite(_Tp)'\n 1138 |     isfinite(_Tp __x)\n      |     ^~~~~~~~\nC:/rtools44/x86_64-w64-mingw32.static.posix/lib/gcc/x86_64-w64-mingw32.static.posix/13.2.0/include/c++/cmath:1138:5: note:   template argument deduction/substitution failed:\nC:/rtools44/x86_64-w64-mingw32.static.posix/lib/gcc/x86_64-w64-mingw32.static.posix/13.2.0/include/c++/cmath: In substitution of 'template<class _Tp> constexpr typename __gnu_cxx::__enable_if<std::__is_integer<_Tp>::__value, bool>::__type std::isfinite(_Tp) [with _Tp = CppAD::AD<CppAD::AD<double> >]':\nPOPULATIONS//POPULATION_0011//INDIVIDUAL_T6O4MZRV/model.cpp:59:80:   required from 'Type objective_function<Type>::operator()() [with Type = CppAD::AD<CppAD::AD<double> >]'\nC:/Users/spi085/AppData/Local/Programs/R/R-4.4.1/library/TMB/include/tmb_core.hpp:913:29:   required from 'Type objective_function<Type>::evalUserTemplate() [with Type = CppAD::AD<CppAD::AD<double> >]'\nC:/Users/spi085/AppData/Local/Programs/R/R-4.4.1/library/TMB/include/tmb_core.hpp:2112:26:   required from here\nC:/rtools44/x86_64-w64-mingw32.static.posix/lib/gcc/x86_64-w64-mingw32.static.posix/13.2.0/include/c++/cmath:1138:5: error: no type named '__type' in 'struct __gnu_cxx::__enable_if<false, bool>'\nPOPULATIONS//POPULATION_0011//INDIVIDUAL_T6O4MZRV/model.cpp: In instantiation of 'Type objective_function<Type>::operator()() [with Type = CppAD::AD<CppAD::AD<double> >]':\nC:/Users/spi085/AppData/Local/Programs/R/R-4.4.1/library/TMB/include/tmb_core.hpp:913:29:   required from 'Type objective_function<Type>::evalUserTemplate() [with Type = CppAD::AD<CppAD::AD<double> >]'\nC:/Users/spi085/AppData/Local/Programs/R/R-4.4.1/library/TMB/include/tmb_core.hpp:2112:26:   required from here\nC:/rtools44/x86_64-w64-mingw32.static.posix/lib/gcc/x86_64-w64-mingw32.static.posix/13.2.0/include/c++/cmath:1122:3: note: candidate: 'constexpr bool std::isfinite(float)'\n 1122 |   isfinite(float __x)\n      |   ^~~~~~~~\nC:/rtools44/x86_64-w64-mingw32.static.posix/lib/gcc/x86_64-w64-mingw32.static.posix/13.2.0/include/c++/cmath:1122:18: note:   no known conversion for argument 1 from 'CppAD::AD<CppAD::AD<double> >' to 'float'\n 1122 |   isfinite(float __x)\n      |            ~~~~~~^~~\nC:/rtools44/x86_64-w64-mingw32.static.posix/lib/gcc/x86_64-w64-mingw32.static.posix/13.2.0/include/c++/cmath:1126:3: note: candidate: 'constexpr bool std::isfinite(double)'\n 1126 |   isfinite(double __x)\n      |   ^~~~~~~~\nC:/rtools44/x86_64-w64-mingw32.static.posix/lib/gcc/x86_64-w64-mingw32.static.posix/13.2.0/include/c++/cmath:1126:19: note:   no known conversion for argument 1 from 'CppAD::AD<CppAD::AD<double> >' to 'double'\n 1126 |   isfinite(double __x)\n      |            ~~~~~~~^~~\nC:/rtools44/x86_64-w64-mingw32.static.posix/lib/gcc/x86_64-w64-mingw32.static.posix/13.2.0/include/c++/cmath:1130:3: note: candidate: 'constexpr bool std::isfinite(long double)'\n 1130 |   isfinite(long double __x)\n      |   ^~~~~~~~\nC:/rtools44/x86_64-w64-mingw32.static.posix/lib/gcc/x86_64-w64-mingw32.static.posix/13.2.0/include/c++/cmath:1130:24: note:   no known conversion for argument 1 from 'CppAD::AD<CppAD::AD<double> >' to 'long double'\n 1130 |   isfinite(long double __x)\n      |            ~~~~~~~~~~~~^~~\nPOPULATIONS//POPULATION_0011//INDIVIDUAL_T6O4MZRV/model.cpp:60:21: error: no matching function for call to 'isfinite(CppAD::AD<CppAD::AD<double> >&)'\n   60 |       !std::isfinite(r_fast) || !std::isfinite(K_fast) || !std::isfinite(beta_sst) || !std::isfinite(alpha_comp)) {\n      |        ~~~~~~~~~~~~~^~~~~~~~\nC:/rtools44/x86_64-w64-mingw32.static.posix/lib/gcc/x86_64-w64-mingw32.static.posix/13.2.0/include/c++/cmath:1138:5: note: candidate: 'template<class _Tp> constexpr typename __gnu_cxx::__enable_if<std::__is_integer<_Tp>::__value, bool>::__type std::isfinite(_Tp)'\n 1138 |     isfinite(_Tp __x)\n      |     ^~~~~~~~\nC:/rtools44/x86_64-w64-mingw32.static.posix/lib/gcc/x86_64-w64-mingw32.static.posix/13.2.0/include/c++/cmath:1138:5: note:   template argument deduction/substitution failed:\nC:/rtools44/x86_64-w64-mingw32.static.posix/lib/gcc/x86_64-w64-mingw32.static.posix/13.2.0/include/c++/cmath: In substitution of 'template<class _Tp> constexpr typename __gnu_cxx::__enable_if<std::__is_integer<_Tp>::__value, bool>::__type std::isfinite(_Tp) [with _Tp = CppAD::AD<CppAD::AD<double> >]':\nPOPULATIONS//POPULATION_0011//INDIVIDUAL_T6O4MZRV/model.cpp:60:21:   required from 'Type objective_function<Type>::operator()() [with Type = CppAD::AD<CppAD::AD<double> >]'\nC:/Users/spi085/AppData/Local/Programs/R/R-4.4.1/library/TMB/include/tmb_core.hpp:913:29:   required from 'Type objective_function<Type>::evalUserTemplate() [with Type = CppAD::AD<CppAD::AD<double> >]'\nC:/Users/spi085/AppData/Local/Programs/R/R-4.4.1/library/TMB/include/tmb_core.hpp:2112:26:   required from here\nC:/rtools44/x86_64-w64-mingw32.static.posix/lib/gcc/x86_64-w64-mingw32.static.posix/13.2.0/include/c++/cmath:1138:5: error: no type named '__type' in 'struct __gnu_cxx::__enable_if<false, bool>'\nPOPULATIONS//POPULATION_0011//INDIVIDUAL_T6O4MZRV/model.cpp: In instantiation of 'Type objective_function<Type>::operator()() [with Type = CppAD::AD<CppAD::AD<double> >]':\nC:/Users/spi085/AppData/Local/Programs/R/R-4.4.1/library/TMB/include/tmb_core.hpp:913:29:   required from 'Type objective_function<Type>::evalUserTemplate() [with Type = CppAD::AD<CppAD::AD<double> >]'\nC:/Users/spi085/AppData/Local/Programs/R/R-4.4.1/library/TMB/include/tmb_core.hpp:2112:26:   required from here\nC:/rtools44/x86_64-w64-mingw32.static.posix/lib/gcc/x86_64-w64-mingw32.static.posix/13.2.0/include/c++/cmath:1122:3: note: candidate: 'constexpr bool std::isfinite(float)'\n 1122 |   isfinite(float __x)\n      |   ^~~~~~~~\nC:/rtools44/x86_64-w64-mingw32.static.posix/lib/gcc/x86_64-w64-mingw32.static.posix/13.2.0/include/c++/cmath:1122:18: note:   no known conversion for argument 1 from 'CppAD::AD<CppAD::AD<double> >' to 'float'\n 1122 |   isfinite(float __x)\n      |            ~~~~~~^~~\nC:/rtools44/x86_64-w64-mingw32.static.posix/lib/gcc/x86_64-w64-mingw32.static.posix/13.2.0/include/c++/cmath:1126:3: note: candidate: 'constexpr bool std::isfinite(double)'\n 1126 |   isfinite(double __x)\n      |   ^~~~~~~~\nC:/rtools44/x86_64-w64-mingw32.static.posix/lib/gcc/x86_64-w64-mingw32.static.posix/13.2.0/include/c++/cmath:1126:19: note:   no known conversion for argument 1 from 'CppAD::AD<CppAD::AD<double> >' to 'double'\n 1126 |   isfinite(double __x)\n      |            ~~~~~~~^~~\nC:/rtools44/x86_64-w64-mingw32.static.posix/lib/gcc/x86_64-w64-mingw32.static.posix/13.2.0/include/c++/cmath:1130:3: note: candidate: 'constexpr bool std::isfinite(long double)'\n 1130 |   isfinite(long double __x)\n      |   ^~~~~~~~\nC:/rtools44/x86_64-w64-mingw32.static.posix/lib/gcc/x86_64-w64-mingw32.static.posix/13.2.0/include/c++/cmath:1130:24: note:   no known conversion for argument 1 from 'CppAD::AD<CppAD::AD<double> >' to 'long double'\n 1130 |   isfinite(long double __x)\n      |            ~~~~~~~~~~~~^~~\nPOPULATIONS//POPULATION_0011//INDIVIDUAL_T6O4MZRV/model.cpp:60:47: error: no matching function for call to 'isfinite(CppAD::AD<CppAD::AD<double> >&)'\n   60 |       !std::isfinite(r_fast) || !std::isfinite(K_fast) || !std::isfinite(beta_sst) || !std::isfinite(alpha_comp)) {\n      |                                  ~~~~~~~~~~~~~^~~~~~~~\nC:/rtools44/x86_64-w64-mingw32.static.posix/lib/gcc/x86_64-w64-mingw32.static.posix/13.2.0/include/c++/cmath:1138:5: note: candidate: 'template<class _Tp> constexpr typename __gnu_cxx::__enable_if<std::__is_integer<_Tp>::__value, bool>::__type std::isfinite(_Tp)'\n 1138 |     isfinite(_Tp __x)\n      |     ^~~~~~~~\nC:/rtools44/x86_64-w64-mingw32.static.posix/lib/gcc/x86_64-w64-mingw32.static.posix/13.2.0/include/c++/cmath:1138:5: note:   template argument deduction/substitution failed:\nC:/rtools44/x86_64-w64-mingw32.static.posix/lib/gcc/x86_64-w64-mingw32.static.posix/13.2.0/include/c++/cmath: In substitution of 'template<class _Tp> constexpr typename __gnu_cxx::__enable_if<std::__is_integer<_Tp>::__value, bool>::__type std::isfinite(_Tp) [with _Tp = CppAD::AD<CppAD::AD<double> >]':\nPOPULATIONS//POPULATION_0011//INDIVIDUAL_T6O4MZRV/model.cpp:60:47:   required from 'Type objective_function<Type>::operator()() [with Type = CppAD::AD<CppAD::AD<double> >]'\nC:/Users/spi085/AppData/Local/Programs/R/R-4.4.1/library/TMB/include/tmb_core.hpp:913:29:   required from 'Type objective_function<Type>::evalUserTemplate() [with Type = CppAD::AD<CppAD::AD<double> >]'\nC:/Users/spi085/AppData/Local/Programs/R/R-4.4.1/library/TMB/include/tmb_core.hpp:2112:26:   required from here\nC:/rtools44/x86_64-w64-mingw32.static.posix/lib/gcc/x86_64-w64-mingw32.static.posix/13.2.0/include/c++/cmath:1138:5: error: no type named '__type' in 'struct __gnu_cxx::__enable_if<false, bool>'\nPOPULATIONS//POPULATION_0011//INDIVIDUAL_T6O4MZRV/model.cpp: In instantiation of 'Type objective_function<Type>::operator()() [with Type = CppAD::AD<CppAD::AD<double> >]':\nC:/Users/spi085/AppData/Local/Programs/R/R-4.4.1/library/TMB/include/tmb_core.hpp:913:29:   required from 'Type objective_function<Type>::evalUserTemplate() [with Type = CppAD::AD<CppAD::AD<double> >]'\nC:/Users/spi085/AppData/Local/Programs/R/R-4.4.1/library/TMB/include/tmb_core.hpp:2112:26:   required from here\nC:/rtools44/x86_64-w64-mingw32.static.posix/lib/gcc/x86_64-w64-mingw32.static.posix/13.2.0/include/c++/cmath:1122:3: note: candidate: 'constexpr bool std::isfinite(float)'\n 1122 |   isfinite(float __x)\n      |   ^~~~~~~~\nC:/rtools44/x86_64-w64-mingw32.static.posix/lib/gcc/x86_64-w64-mingw32.static.posix/13.2.0/include/c++/cmath:1122:18: note:   no known conversion for argument 1 from 'CppAD::AD<CppAD::AD<double> >' to 'float'\n 1122 |   isfinite(float __x)\n      |            ~~~~~~^~~\nC:/rtools44/x86_64-w64-mingw32.static.posix/lib/gcc/x86_64-w64-mingw32.static.posix/13.2.0/include/c++/cmath:1126:3: note: candidate: 'constexpr bool std::isfinite(double)'\n 1126 |   isfinite(double __x)\n      |   ^~~~~~~~\nC:/rtools44/x86_64-w64-mingw32.static.posix/lib/gcc/x86_64-w64-mingw32.static.posix/13.2.0/include/c++/cmath:1126:19: note:   no known conversion for argument 1 from 'CppAD::AD<CppAD::AD<double> >' to 'double'\n 1126 |   isfinite(double __x)\n      |            ~~~~~~~^~~\nC:/rtools44/x86_64-w64-mingw32.static.posix/lib/gcc/x86_64-w64-mingw32.static.posix/13.2.0/include/c++/cmath:1130:3: note: candidate: 'constexpr bool std::isfinite(long double)'\n 1130 |   isfinite(long double __x)\n      |   ^~~~~~~~\nC:/rtools44/x86_64-w64-mingw32.static.posix/lib/gcc/x86_64-w64-mingw32.static.posix/13.2.0/include/c++/cmath:1130:24: note:   no known conversion for argument 1 from 'CppAD::AD<CppAD::AD<double> >' to 'long double'\n 1130 |   isfinite(long double __x)\n      |            ~~~~~~~~~~~~^~~\nPOPULATIONS//POPULATION_0011//INDIVIDUAL_T6O4MZRV/model.cpp:60:73: error: no matching function for call to 'isfinite(CppAD::AD<CppAD::AD<double> >&)'\n   60 |       !std::isfinite(r_fast) || !std::isfinite(K_fast) || !std::isfinite(beta_sst) || !std::isfinite(alpha_comp)) {\n      |                                                            ~~~~~~~~~~~~~^~~~~~~~~~\nC:/rtools44/x86_64-w64-mingw32.static.posix/lib/gcc/x86_64-w64-mingw32.static.posix/13.2.0/include/c++/cmath:1138:5: note: candidate: 'template<class _Tp> constexpr typename __gnu_cxx::__enable_if<std::__is_integer<_Tp>::__value, bool>::__type std::isfinite(_Tp)'\n 1138 |     isfinite(_Tp __x)\n      |     ^~~~~~~~\nC:/rtools44/x86_64-w64-mingw32.static.posix/lib/gcc/x86_64-w64-mingw32.static.posix/13.2.0/include/c++/cmath:1138:5: note:   template argument deduction/substitution failed:\nC:/rtools44/x86_64-w64-mingw32.static.posix/lib/gcc/x86_64-w64-mingw32.static.posix/13.2.0/include/c++/cmath: In substitution of 'template<class _Tp> constexpr typename __gnu_cxx::__enable_if<std::__is_integer<_Tp>::__value, bool>::__type std::isfinite(_Tp) [with _Tp = CppAD::AD<CppAD::AD<double> >]':\nPOPULATIONS//POPULATION_0011//INDIVIDUAL_T6O4MZRV/model.cpp:60:73:   required from 'Type objective_function<Type>::operator()() [with Type = CppAD::AD<CppAD::AD<double> >]'\nC:/Users/spi085/AppData/Local/Programs/R/R-4.4.1/library/TMB/include/tmb_core.hpp:913:29:   required from 'Type objective_function<Type>::evalUserTemplate() [with Type = CppAD::AD<CppAD::AD<double> >]'\nC:/Users/spi085/AppData/Local/Programs/R/R-4.4.1/library/TMB/include/tmb_core.hpp:2112:26:   required from here\nC:/rtools44/x86_64-w64-mingw32.static.posix/lib/gcc/x86_64-w64-mingw32.static.posix/13.2.0/include/c++/cmath:1138:5: error: no type named '__type' in 'struct __gnu_cxx::__enable_if<false, bool>'\nPOPULATIONS//POPULATION_0011//INDIVIDUAL_T6O4MZRV/model.cpp: In instantiation of 'Type objective_function<Type>::operator()() [with Type = CppAD::AD<CppAD::AD<double> >]':\nC:/Users/spi085/AppData/Local/Programs/R/R-4.4.1/library/TMB/include/tmb_core.hpp:913:29:   required from 'Type objective_function<Type>::evalUserTemplate() [with Type = CppAD::AD<CppAD::AD<double> >]'\nC:/Users/spi085/AppData/Local/Programs/R/R-4.4.1/library/TMB/include/tmb_core.hpp:2112:26:   required from here\nC:/rtools44/x86_64-w64-mingw32.static.posix/lib/gcc/x86_64-w64-mingw32.static.posix/13.2.0/include/c++/cmath:1122:3: note: candidate: 'constexpr bool std::isfinite(float)'\n 1122 |   isfinite(float __x)\n      |   ^~~~~~~~\nC:/rtools44/x86_64-w64-mingw32.static.posix/lib/gcc/x86_64-w64-mingw32.static.posix/13.2.0/include/c++/cmath:1122:18: note:   no known conversion for argument 1 from 'CppAD::AD<CppAD::AD<double> >' to 'float'\n 1122 |   isfinite(float __x)\n      |            ~~~~~~^~~\nC:/rtools44/x86_64-w64-mingw32.static.posix/lib/gcc/x86_64-w64-mingw32.static.posix/13.2.0/include/c++/cmath:1126:3: note: candidate: 'constexpr bool std::isfinite(double)'\n 1126 |   isfinite(double __x)\n      |   ^~~~~~~~\nC:/rtools44/x86_64-w64-mingw32.static.posix/lib/gcc/x86_64-w64-mingw32.static.posix/13.2.0/include/c++/cmath:1126:19: note:   no known conversion for argument 1 from 'CppAD::AD<CppAD::AD<double> >' to 'double'\n 1126 |   isfinite(double __x)\n      |            ~~~~~~~^~~\nC:/rtools44/x86_64-w64-mingw32.static.posix/lib/gcc/x86_64-w64-mingw32.static.posix/13.2.0/include/c++/cmath:1130:3: note: candidate: 'constexpr bool std::isfinite(long double)'\n 1130 |   isfinite(long double __x)\n      |   ^~~~~~~~\nC:/rtools44/x86_64-w64-mingw32.static.posix/lib/gcc/x86_64-w64-mingw32.static.posix/13.2.0/include/c++/cmath:1130:24: note:   no known conversion for argument 1 from 'CppAD::AD<CppAD::AD<double> >' to 'long double'\n 1130 |   isfinite(long double __x)\n      |            ~~~~~~~~~~~~^~~\nPOPULATIONS//POPULATION_0011//INDIVIDUAL_T6O4MZRV/model.cpp:60:101: error: no matching function for call to 'isfinite(CppAD::AD<CppAD::AD<double> >&)'\n   60 |       !std::isfinite(r_fast) || !std::isfinite(K_fast) || !std::isfinite(beta_sst) || !std::isfinite(alpha_comp)) {\n      |                                                                                        ~~~~~~~~~~~~~^~~~~~~~~~~~\nC:/rtools44/x86_64-w64-mingw32.static.posix/lib/gcc/x86_64-w64-mingw32.static.posix/13.2.0/include/c++/cmath:1138:5: note: candidate: 'template<class _Tp> constexpr typename __gnu_cxx::__enable_if<std::__is_integer<_Tp>::__value, bool>::__type std::isfinite(_Tp)'\n 1138 |     isfinite(_Tp __x)\n      |     ^~~~~~~~\nC:/rtools44/x86_64-w64-mingw32.static.posix/lib/gcc/x86_64-w64-mingw32.static.posix/13.2.0/include/c++/cmath:1138:5: note:   template argument deduction/substitution failed:\nC:/rtools44/x86_64-w64-mingw32.static.posix/lib/gcc/x86_64-w64-mingw32.static.posix/13.2.0/include/c++/cmath: In substitution of 'template<class _Tp> constexpr typename __gnu_cxx::__enable_if<std::__is_integer<_Tp>::__value, bool>::__type std::isfinite(_Tp) [with _Tp = CppAD::AD<CppAD::AD<double> >]':\nPOPULATIONS//POPULATION_0011//INDIVIDUAL_T6O4MZRV/model.cpp:60:101:   required from 'Type objective_function<Type>::operator()() [with Type = CppAD::AD<CppAD::AD<double> >]'\nC:/Users/spi085/AppData/Local/Programs/R/R-4.4.1/library/TMB/include/tmb_core.hpp:913:29:   required from 'Type objective_function<Type>::evalUserTemplate() [with Type = CppAD::AD<CppAD::AD<double> >]'\nC:/Users/spi085/AppData/Local/Programs/R/R-4.4.1/library/TMB/include/tmb_core.hpp:2112:26:   required from here\nC:/rtools44/x86_64-w64-mingw32.static.posix/lib/gcc/x86_64-w64-mingw32.static.posix/13.2.0/include/c++/cmath:1138:5: error: no type named '__type' in 'struct __gnu_cxx::__enable_if<false, bool>'\nPOPULATIONS//POPULATION_0011//INDIVIDUAL_T6O4MZRV/model.cpp: In instantiation of 'Type objective_function<Type>::operator()() [with Type = CppAD::AD<CppAD::AD<double> >]':\nC:/Users/spi085/AppData/Local/Programs/R/R-4.4.1/library/TMB/include/tmb_core.hpp:913:29:   required from 'Type objective_function<Type>::evalUserTemplate() [with Type = CppAD::AD<CppAD::AD<double> >]'\nC:/Users/spi085/AppData/Local/Programs/R/R-4.4.1/library/TMB/include/tmb_core.hpp:2112:26:   required from here\nC:/rtools44/x86_64-w64-mingw32.static.posix/lib/gcc/x86_64-w64-mingw32.static.posix/13.2.0/include/c++/cmath:1122:3: note: candidate: 'constexpr bool std::isfinite(float)'\n 1122 |   isfinite(float __x)\n      |   ^~~~~~~~\nC:/rtools44/x86_64-w64-mingw32.static.posix/lib/gcc/x86_64-w64-mingw32.static.posix/13.2.0/include/c++/cmath:1122:18: note:   no known conversion for argument 1 from 'CppAD::AD<CppAD::AD<double> >' to 'float'\n 1122 |   isfinite(float __x)\n      |            ~~~~~~^~~\nC:/rtools44/x86_64-w64-mingw32.static.posix/lib/gcc/x86_64-w64-mingw32.static.posix/13.2.0/include/c++/cmath:1126:3: note: candidate: 'constexpr bool std::isfinite(double)'\n 1126 |   isfinite(double __x)\n      |   ^~~~~~~~\nC:/rtools44/x86_64-w64-mingw32.static.posix/lib/gcc/x86_64-w64-mingw32.static.posix/13.2.0/include/c++/cmath:1126:19: note:   no known conversion for argument 1 from 'CppAD::AD<CppAD::AD<double> >' to 'double'\n 1126 |   isfinite(double __x)\n      |            ~~~~~~~^~~\nC:/rtools44/x86_64-w64-mingw32.static.posix/lib/gcc/x86_64-w64-mingw32.static.posix/13.2.0/include/c++/cmath:1130:3: note: candidate: 'constexpr bool std::isfinite(long double)'\n 1130 |   isfinite(long double __x)\n      |   ^~~~~~~~\nC:/rtools44/x86_64-w64-mingw32.static.posix/lib/gcc/x86_64-w64-mingw32.static.posix/13.2.0/include/c++/cmath:1130:24: note:   no known conversion for argument 1 from 'CppAD::AD<CppAD::AD<double> >' to 'long double'\n 1130 |   isfinite(long double __x)\n      |            ~~~~~~~~~~~~^~~\nPOPULATIONS//POPULATION_0011//INDIVIDUAL_T6O4MZRV/model.cpp: In instantiation of 'Type objective_function<Type>::operator()() [with Type = CppAD::AD<CppAD::AD<CppAD::AD<double> > >]':\nC:/Users/spi085/AppData/Local/Programs/R/R-4.4.1/library/TMB/include/tmb_core.hpp:913:29:   required from 'Type objective_function<Type>::evalUserTemplate() [with Type = CppAD::AD<CppAD::AD<CppAD::AD<double> > >]'\nC:/Users/spi085/AppData/Local/Programs/R/R-4.4.1/library/TMB/include/tmb_core.hpp:2361:28:   required from here\nPOPULATIONS//POPULATION_0011//INDIVIDUAL_T6O4MZRV/model.cpp:58:21: error: no matching function for call to 'isfinite(CppAD::AD<CppAD::AD<CppAD::AD<double> > >&)'\n   58 |   if (!std::isfinite(r_cots) || !std::isfinite(K_cots) || !std::isfinite(eff_pred_slow) ||\n      |        ~~~~~~~~~~~~~^~~~~~~~\nC:/rtools44/x86_64-w64-mingw32.static.posix/lib/gcc/x86_64-w64-mingw32.static.posix/13.2.0/include/c++/cmath:1138:5: note: candidate: 'template<class _Tp> constexpr typename __gnu_cxx::__enable_if<std::__is_integer<_Tp>::__value, bool>::__type std::isfinite(_Tp)'\n 1138 |     isfinite(_Tp __x)\n      |     ^~~~~~~~\nC:/rtools44/x86_64-w64-mingw32.static.posix/lib/gcc/x86_64-w64-mingw32.static.posix/13.2.0/include/c++/cmath:1138:5: note:   template argument deduction/substitution failed:\nC:/rtools44/x86_64-w64-mingw32.static.posix/lib/gcc/x86_64-w64-mingw32.static.posix/13.2.0/include/c++/cmath: In substitution of 'template<class _Tp> constexpr typename __gnu_cxx::__enable_if<std::__is_integer<_Tp>::__value, bool>::__type std::isfinite(_Tp) [with _Tp = CppAD::AD<CppAD::AD<CppAD::AD<double> > >]':\nPOPULATIONS//POPULATION_0011//INDIVIDUAL_T6O4MZRV/model.cpp:58:21:   required from 'Type objective_function<Type>::operator()() [with Type = CppAD::AD<CppAD::AD<CppAD::AD<double> > >]'\nC:/Users/spi085/AppData/Local/Programs/R/R-4.4.1/library/TMB/include/tmb_core.hpp:913:29:   required from 'Type objective_function<Type>::evalUserTemplate() [with Type = CppAD::AD<CppAD::AD<CppAD::AD<double> > >]'\nC:/Users/spi085/AppData/Local/Programs/R/R-4.4.1/library/TMB/include/tmb_core.hpp:2361:28:   required from here\nC:/rtools44/x86_64-w64-mingw32.static.posix/lib/gcc/x86_64-w64-mingw32.static.posix/13.2.0/include/c++/cmath:1138:5: error: no type named '__type' in 'struct __gnu_cxx::__enable_if<false, bool>'\nPOPULATIONS//POPULATION_0011//INDIVIDUAL_T6O4MZRV/model.cpp: In instantiation of 'Type objective_function<Type>::operator()() [with Type = CppAD::AD<CppAD::AD<CppAD::AD<double> > >]':\nC:/Users/spi085/AppData/Local/Programs/R/R-4.4.1/library/TMB/include/tmb_core.hpp:913:29:   required from 'Type objective_function<Type>::evalUserTemplate() [with Type = CppAD::AD<CppAD::AD<CppAD::AD<double> > >]'\nC:/Users/spi085/AppData/Local/Programs/R/R-4.4.1/library/TMB/include/tmb_core.hpp:2361:28:   required from here\nC:/rtools44/x86_64-w64-mingw32.static.posix/lib/gcc/x86_64-w64-mingw32.static.posix/13.2.0/include/c++/cmath:1122:3: note: candidate: 'constexpr bool std::isfinite(float)'\n 1122 |   isfinite(float __x)\n      |   ^~~~~~~~\nC:/rtools44/x86_64-w64-mingw32.static.posix/lib/gcc/x86_64-w64-mingw32.static.posix/13.2.0/include/c++/cmath:1122:18: note:   no known conversion for argument 1 from 'CppAD::AD<CppAD::AD<CppAD::AD<double> > >' to 'float'\n 1122 |   isfinite(float __x)\n      |            ~~~~~~^~~\nC:/rtools44/x86_64-w64-mingw32.static.posix/lib/gcc/x86_64-w64-mingw32.static.posix/13.2.0/include/c++/cmath:1126:3: note: candidate: 'constexpr bool std::isfinite(double)'\n 1126 |   isfinite(double __x)\n      |   ^~~~~~~~\nC:/rtools44/x86_64-w64-mingw32.static.posix/lib/gcc/x86_64-w64-mingw32.static.posix/13.2.0/include/c++/cmath:1126:19: note:   no known conversion for argument 1 from 'CppAD::AD<CppAD::AD<CppAD::AD<double> > >' to 'double'\n 1126 |   isfinite(double __x)\n      |            ~~~~~~~^~~\nC:/rtools44/x86_64-w64-mingw32.static.posix/lib/gcc/x86_64-w64-mingw32.static.posix/13.2.0/include/c++/cmath:1130:3: note: candidate: 'constexpr bool std::isfinite(long double)'\n 1130 |   isfinite(long double __x)\n      |   ^~~~~~~~\nC:/rtools44/x86_64-w64-mingw32.static.posix/lib/gcc/x86_64-w64-mingw32.static.posix/13.2.0/include/c++/cmath:1130:24: note:   no known conversion for argument 1 from 'CppAD::AD<CppAD::AD<CppAD::AD<double> > >' to 'long double'\n 1130 |   isfinite(long double __x)\n      |            ~~~~~~~~~~~~^~~\nPOPULATIONS//POPULATION_0011//INDIVIDUAL_T6O4MZRV/model.cpp:58:47: error: no matching function for call to 'isfinite(CppAD::AD<CppAD::AD<CppAD::AD<double> > >&)'\n   58 |   if (!std::isfinite(r_cots) || !std::isfinite(K_cots) || !std::isfinite(eff_pred_slow) ||\n      |                                  ~~~~~~~~~~~~~^~~~~~~~\nC:/rtools44/x86_64-w64-mingw32.static.posix/lib/gcc/x86_64-w64-mingw32.static.posix/13.2.0/include/c++/cmath:1138:5: note: candidate: 'template<class _Tp> constexpr typename __gnu_cxx::__enable_if<std::__is_integer<_Tp>::__value, bool>::__type std::isfinite(_Tp)'\n 1138 |     isfinite(_Tp __x)\n      |     ^~~~~~~~\nC:/rtools44/x86_64-w64-mingw32.static.posix/lib/gcc/x86_64-w64-mingw32.static.posix/13.2.0/include/c++/cmath:1138:5: note:   template argument deduction/substitution failed:\nC:/rtools44/x86_64-w64-mingw32.static.posix/lib/gcc/x86_64-w64-mingw32.static.posix/13.2.0/include/c++/cmath: In substitution of 'template<class _Tp> constexpr typename __gnu_cxx::__enable_if<std::__is_integer<_Tp>::__value, bool>::__type std::isfinite(_Tp) [with _Tp = CppAD::AD<CppAD::AD<CppAD::AD<double> > >]':\nPOPULATIONS//POPULATION_0011//INDIVIDUAL_T6O4MZRV/model.cpp:58:47:   required from 'Type objective_function<Type>::operator()() [with Type = CppAD::AD<CppAD::AD<CppAD::AD<double> > >]'\nC:/Users/spi085/AppData/Local/Programs/R/R-4.4.1/library/TMB/include/tmb_core.hpp:913:29:   required from 'Type objective_function<Type>::evalUserTemplate() [with Type = CppAD::AD<CppAD::AD<CppAD::AD<double> > >]'\nC:/Users/spi085/AppData/Local/Programs/R/R-4.4.1/library/TMB/include/tmb_core.hpp:2361:28:   required from here\nC:/rtools44/x86_64-w64-mingw32.static.posix/lib/gcc/x86_64-w64-mingw32.static.posix/13.2.0/include/c++/cmath:1138:5: error: no type named '__type' in 'struct __gnu_cxx::__enable_if<false, bool>'\nPOPULATIONS//POPULATION_0011//INDIVIDUAL_T6O4MZRV/model.cpp: In instantiation of 'Type objective_function<Type>::operator()() [with Type = CppAD::AD<CppAD::AD<CppAD::AD<double> > >]':\nC:/Users/spi085/AppData/Local/Programs/R/R-4.4.1/library/TMB/include/tmb_core.hpp:913:29:   required from 'Type objective_function<Type>::evalUserTemplate() [with Type = CppAD::AD<CppAD::AD<CppAD::AD<double> > >]'\nC:/Users/spi085/AppData/Local/Programs/R/R-4.4.1/library/TMB/include/tmb_core.hpp:2361:28:   required from here\nC:/rtools44/x86_64-w64-mingw32.static.posix/lib/gcc/x86_64-w64-mingw32.static.posix/13.2.0/include/c++/cmath:1122:3: note: candidate: 'constexpr bool std::isfinite(float)'\n 1122 |   isfinite(float __x)\n      |   ^~~~~~~~\nC:/rtools44/x86_64-w64-mingw32.static.posix/lib/gcc/x86_64-w64-mingw32.static.posix/13.2.0/include/c++/cmath:1122:18: note:   no known conversion for argument 1 from 'CppAD::AD<CppAD::AD<CppAD::AD<double> > >' to 'float'\n 1122 |   isfinite(float __x)\n      |            ~~~~~~^~~\nC:/rtools44/x86_64-w64-mingw32.static.posix/lib/gcc/x86_64-w64-mingw32.static.posix/13.2.0/include/c++/cmath:1126:3: note: candidate: 'constexpr bool std::isfinite(double)'\n 1126 |   isfinite(double __x)\n      |   ^~~~~~~~\nC:/rtools44/x86_64-w64-mingw32.static.posix/lib/gcc/x86_64-w64-mingw32.static.posix/13.2.0/include/c++/cmath:1126:19: note:   no known conversion for argument 1 from 'CppAD::AD<CppAD::AD<CppAD::AD<double> > >' to 'double'\n 1126 |   isfinite(double __x)\n      |            ~~~~~~~^~~\nC:/rtools44/x86_64-w64-mingw32.static.posix/lib/gcc/x86_64-w64-mingw32.static.posix/13.2.0/include/c++/cmath:1130:3: note: candidate: 'constexpr bool std::isfinite(long double)'\n 1130 |   isfinite(long double __x)\n      |   ^~~~~~~~\nC:/rtools44/x86_64-w64-mingw32.static.posix/lib/gcc/x86_64-w64-mingw32.static.posix/13.2.0/include/c++/cmath:1130:24: note:   no known conversion for argument 1 from 'CppAD::AD<CppAD::AD<CppAD::AD<double> > >' to 'long double'\n 1130 |   isfinite(long double __x)\n      |            ~~~~~~~~~~~~^~~\nPOPULATIONS//POPULATION_0011//INDIVIDUAL_T6O4MZRV/model.cpp:58:73: error: no matching function for call to 'isfinite(CppAD::AD<CppAD::AD<CppAD::AD<double> > >&)'\n   58 |   if (!std::isfinite(r_cots) || !std::isfinite(K_cots) || !std::isfinite(eff_pred_slow) ||\n      |                                                            ~~~~~~~~~~~~~^~~~~~~~~~~~~~~\nC:/rtools44/x86_64-w64-mingw32.static.posix/lib/gcc/x86_64-w64-mingw32.static.posix/13.2.0/include/c++/cmath:1138:5: note: candidate: 'template<class _Tp> constexpr typename __gnu_cxx::__enable_if<std::__is_integer<_Tp>::__value, bool>::__type std::isfinite(_Tp)'\n 1138 |     isfinite(_Tp __x)\n      |     ^~~~~~~~\nC:/rtools44/x86_64-w64-mingw32.static.posix/lib/gcc/x86_64-w64-mingw32.static.posix/13.2.0/include/c++/cmath:1138:5: note:   template argument deduction/substitution failed:\nC:/rtools44/x86_64-w64-mingw32.static.posix/lib/gcc/x86_64-w64-mingw32.static.posix/13.2.0/include/c++/cmath: In substitution of 'template<class _Tp> constexpr typename __gnu_cxx::__enable_if<std::__is_integer<_Tp>::__value, bool>::__type std::isfinite(_Tp) [with _Tp = CppAD::AD<CppAD::AD<CppAD::AD<double> > >]':\nPOPULATIONS//POPULATION_0011//INDIVIDUAL_T6O4MZRV/model.cpp:58:73:   required from 'Type objective_function<Type>::operator()() [with Type = CppAD::AD<CppAD::AD<CppAD::AD<double> > >]'\nC:/Users/spi085/AppData/Local/Programs/R/R-4.4.1/library/TMB/include/tmb_core.hpp:913:29:   required from 'Type objective_function<Type>::evalUserTemplate() [with Type = CppAD::AD<CppAD::AD<CppAD::AD<double> > >]'\nC:/Users/spi085/AppData/Local/Programs/R/R-4.4.1/library/TMB/include/tmb_core.hpp:2361:28:   required from here\nC:/rtools44/x86_64-w64-mingw32.static.posix/lib/gcc/x86_64-w64-mingw32.static.posix/13.2.0/include/c++/cmath:1138:5: error: no type named '__type' in 'struct __gnu_cxx::__enable_if<false, bool>'\nPOPULATIONS//POPULATION_0011//INDIVIDUAL_T6O4MZRV/model.cpp: In instantiation of 'Type objective_function<Type>::operator()() [with Type = CppAD::AD<CppAD::AD<CppAD::AD<double> > >]':\nC:/Users/spi085/AppData/Local/Programs/R/R-4.4.1/library/TMB/include/tmb_core.hpp:913:29:   required from 'Type objective_function<Type>::evalUserTemplate() [with Type = CppAD::AD<CppAD::AD<CppAD::AD<double> > >]'\nC:/Users/spi085/AppData/Local/Programs/R/R-4.4.1/library/TMB/include/tmb_core.hpp:2361:28:   required from here\nC:/rtools44/x86_64-w64-mingw32.static.posix/lib/gcc/x86_64-w64-mingw32.static.posix/13.2.0/include/c++/cmath:1122:3: note: candidate: 'constexpr bool std::isfinite(float)'\n 1122 |   isfinite(float __x)\n      |   ^~~~~~~~\nC:/rtools44/x86_64-w64-mingw32.static.posix/lib/gcc/x86_64-w64-mingw32.static.posix/13.2.0/include/c++/cmath:1122:18: note:   no known conversion for argument 1 from 'CppAD::AD<CppAD::AD<CppAD::AD<double> > >' to 'float'\n 1122 |   isfinite(float __x)\n      |            ~~~~~~^~~\nC:/rtools44/x86_64-w64-mingw32.static.posix/lib/gcc/x86_64-w64-mingw32.static.posix/13.2.0/include/c++/cmath:1126:3: note: candidate: 'constexpr bool std::isfinite(double)'\n 1126 |   isfinite(double __x)\n      |   ^~~~~~~~\nC:/rtools44/x86_64-w64-mingw32.static.posix/lib/gcc/x86_64-w64-mingw32.static.posix/13.2.0/include/c++/cmath:1126:19: note:   no known conversion for argument 1 from 'CppAD::AD<CppAD::AD<CppAD::AD<double> > >' to 'double'\n 1126 |   isfinite(double __x)\n      |            ~~~~~~~^~~\nC:/rtools44/x86_64-w64-mingw32.static.posix/lib/gcc/x86_64-w64-mingw32.static.posix/13.2.0/include/c++/cmath:1130:3: note: candidate: 'constexpr bool std::isfinite(long double)'\n 1130 |   isfinite(long double __x)\n      |   ^~~~~~~~\nC:/rtools44/x86_64-w64-mingw32.static.posix/lib/gcc/x86_64-w64-mingw32.static.posix/13.2.0/include/c++/cmath:1130:24: note:   no known conversion for argument 1 from 'CppAD::AD<CppAD::AD<CppAD::AD<double> > >' to 'long double'\n 1130 |   isfinite(long double __x)\n      |            ~~~~~~~~~~~~^~~\nPOPULATIONS//POPULATION_0011//INDIVIDUAL_T6O4MZRV/model.cpp:59:21: error: no matching function for call to 'isfinite(CppAD::AD<CppAD::AD<CppAD::AD<double> > >&)'\n   59 |       !std::isfinite(eff_pred_fast) || !std::isfinite(r_slow) || !std::isfinite(K_slow) ||\n      |        ~~~~~~~~~~~~~^~~~~~~~~~~~~~~\nC:/rtools44/x86_64-w64-mingw32.static.posix/lib/gcc/x86_64-w64-mingw32.static.posix/13.2.0/include/c++/cmath:1138:5: note: candidate: 'template<class _Tp> constexpr typename __gnu_cxx::__enable_if<std::__is_integer<_Tp>::__value, bool>::__type std::isfinite(_Tp)'\n 1138 |     isfinite(_Tp __x)\n      |     ^~~~~~~~\nC:/rtools44/x86_64-w64-mingw32.static.posix/lib/gcc/x86_64-w64-mingw32.static.posix/13.2.0/include/c++/cmath:1138:5: note:   template argument deduction/substitution failed:\nC:/rtools44/x86_64-w64-mingw32.static.posix/lib/gcc/x86_64-w64-mingw32.static.posix/13.2.0/include/c++/cmath: In substitution of 'template<class _Tp> constexpr typename __gnu_cxx::__enable_if<std::__is_integer<_Tp>::__value, bool>::__type std::isfinite(_Tp) [with _Tp = CppAD::AD<CppAD::AD<CppAD::AD<double> > >]':\nPOPULATIONS//POPULATION_0011//INDIVIDUAL_T6O4MZRV/model.cpp:59:21:   required from 'Type objective_function<Type>::operator()() [with Type = CppAD::AD<CppAD::AD<CppAD::AD<double> > >]'\nC:/Users/spi085/AppData/Local/Programs/R/R-4.4.1/library/TMB/include/tmb_core.hpp:913:29:   required from 'Type objective_function<Type>::evalUserTemplate() [with Type = CppAD::AD<CppAD::AD<CppAD::AD<double> > >]'\nC:/Users/spi085/AppData/Local/Programs/R/R-4.4.1/library/TMB/include/tmb_core.hpp:2361:28:   required from here\nC:/rtools44/x86_64-w64-mingw32.static.posix/lib/gcc/x86_64-w64-mingw32.static.posix/13.2.0/include/c++/cmath:1138:5: error: no type named '__type' in 'struct __gnu_cxx::__enable_if<false, bool>'\nPOPULATIONS//POPULATION_0011//INDIVIDUAL_T6O4MZRV/model.cpp: In instantiation of 'Type objective_function<Type>::operator()() [with Type = CppAD::AD<CppAD::AD<CppAD::AD<double> > >]':\nC:/Users/spi085/AppData/Local/Programs/R/R-4.4.1/library/TMB/include/tmb_core.hpp:913:29:   required from 'Type objective_function<Type>::evalUserTemplate() [with Type = CppAD::AD<CppAD::AD<CppAD::AD<double> > >]'\nC:/Users/spi085/AppData/Local/Programs/R/R-4.4.1/library/TMB/include/tmb_core.hpp:2361:28:   required from here\nC:/rtools44/x86_64-w64-mingw32.static.posix/lib/gcc/x86_64-w64-mingw32.static.posix/13.2.0/include/c++/cmath:1122:3: note: candidate: 'constexpr bool std::isfinite(float)'\n 1122 |   isfinite(float __x)\n      |   ^~~~~~~~\nC:/rtools44/x86_64-w64-mingw32.static.posix/lib/gcc/x86_64-w64-mingw32.static.posix/13.2.0/include/c++/cmath:1122:18: note:   no known conversion for argument 1 from 'CppAD::AD<CppAD::AD<CppAD::AD<double> > >' to 'float'\n 1122 |   isfinite(float __x)\n      |            ~~~~~~^~~\nC:/rtools44/x86_64-w64-mingw32.static.posix/lib/gcc/x86_64-w64-mingw32.static.posix/13.2.0/include/c++/cmath:1126:3: note: candidate: 'constexpr bool std::isfinite(double)'\n 1126 |   isfinite(double __x)\n      |   ^~~~~~~~\nC:/rtools44/x86_64-w64-mingw32.static.posix/lib/gcc/x86_64-w64-mingw32.static.posix/13.2.0/include/c++/cmath:1126:19: note:   no known conversion for argument 1 from 'CppAD::AD<CppAD::AD<CppAD::AD<double> > >' to 'double'\n 1126 |   isfinite(double __x)\n      |            ~~~~~~~^~~\nC:/rtools44/x86_64-w64-mingw32.static.posix/lib/gcc/x86_64-w64-mingw32.static.posix/13.2.0/include/c++/cmath:1130:3: note: candidate: 'constexpr bool std::isfinite(long double)'\n 1130 |   isfinite(long double __x)\n      |   ^~~~~~~~\nC:/rtools44/x86_64-w64-mingw32.static.posix/lib/gcc/x86_64-w64-mingw32.static.posix/13.2.0/include/c++/cmath:1130:24: note:   no known conversion for argument 1 from 'CppAD::AD<CppAD::AD<CppAD::AD<double> > >' to 'long double'\n 1130 |   isfinite(long double __x)\n      |            ~~~~~~~~~~~~^~~\nPOPULATIONS//POPULATION_0011//INDIVIDUAL_T6O4MZRV/model.cpp:59:54: error: no matching function for call to 'isfinite(CppAD::AD<CppAD::AD<CppAD::AD<double> > >&)'\n   59 |       !std::isfinite(eff_pred_fast) || !std::isfinite(r_slow) || !std::isfinite(K_slow) ||\n      |                                         ~~~~~~~~~~~~~^~~~~~~~\nC:/rtools44/x86_64-w64-mingw32.static.posix/lib/gcc/x86_64-w64-mingw32.static.posix/13.2.0/include/c++/cmath:1138:5: note: candidate: 'template<class _Tp> constexpr typename __gnu_cxx::__enable_if<std::__is_integer<_Tp>::__value, bool>::__type std::isfinite(_Tp)'\n 1138 |     isfinite(_Tp __x)\n      |     ^~~~~~~~\nC:/rtools44/x86_64-w64-mingw32.static.posix/lib/gcc/x86_64-w64-mingw32.static.posix/13.2.0/include/c++/cmath:1138:5: note:   template argument deduction/substitution failed:\nC:/rtools44/x86_64-w64-mingw32.static.posix/lib/gcc/x86_64-w64-mingw32.static.posix/13.2.0/include/c++/cmath: In substitution of 'template<class _Tp> constexpr typename __gnu_cxx::__enable_if<std::__is_integer<_Tp>::__value, bool>::__type std::isfinite(_Tp) [with _Tp = CppAD::AD<CppAD::AD<CppAD::AD<double> > >]':\nPOPULATIONS//POPULATION_0011//INDIVIDUAL_T6O4MZRV/model.cpp:59:54:   required from 'Type objective_function<Type>::operator()() [with Type = CppAD::AD<CppAD::AD<CppAD::AD<double> > >]'\nC:/Users/spi085/AppData/Local/Programs/R/R-4.4.1/library/TMB/include/tmb_core.hpp:913:29:   required from 'Type objective_function<Type>::evalUserTemplate() [with Type = CppAD::AD<CppAD::AD<CppAD::AD<double> > >]'\nC:/Users/spi085/AppData/Local/Programs/R/R-4.4.1/library/TMB/include/tmb_core.hpp:2361:28:   required from here\nC:/rtools44/x86_64-w64-mingw32.static.posix/lib/gcc/x86_64-w64-mingw32.static.posix/13.2.0/include/c++/cmath:1138:5: error: no type named '__type' in 'struct __gnu_cxx::__enable_if<false, bool>'\nPOPULATIONS//POPULATION_0011//INDIVIDUAL_T6O4MZRV/model.cpp: In instantiation of 'Type objective_function<Type>::operator()() [with Type = CppAD::AD<CppAD::AD<CppAD::AD<double> > >]':\nC:/Users/spi085/AppData/Local/Programs/R/R-4.4.1/library/TMB/include/tmb_core.hpp:913:29:   required from 'Type objective_function<Type>::evalUserTemplate() [with Type = CppAD::AD<CppAD::AD<CppAD::AD<double> > >]'\nC:/Users/spi085/AppData/Local/Programs/R/R-4.4.1/library/TMB/include/tmb_core.hpp:2361:28:   required from here\nC:/rtools44/x86_64-w64-mingw32.static.posix/lib/gcc/x86_64-w64-mingw32.static.posix/13.2.0/include/c++/cmath:1122:3: note: candidate: 'constexpr bool std::isfinite(float)'\n 1122 |   isfinite(float __x)\n      |   ^~~~~~~~\nC:/rtools44/x86_64-w64-mingw32.static.posix/lib/gcc/x86_64-w64-mingw32.static.posix/13.2.0/include/c++/cmath:1122:18: note:   no known conversion for argument 1 from 'CppAD::AD<CppAD::AD<CppAD::AD<double> > >' to 'float'\n 1122 |   isfinite(float __x)\n      |            ~~~~~~^~~\nC:/rtools44/x86_64-w64-mingw32.static.posix/lib/gcc/x86_64-w64-mingw32.static.posix/13.2.0/include/c++/cmath:1126:3: note: candidate: 'constexpr bool std::isfinite(double)'\n 1126 |   isfinite(double __x)\n      |   ^~~~~~~~\nC:/rtools44/x86_64-w64-mingw32.static.posix/lib/gcc/x86_64-w64-mingw32.static.posix/13.2.0/include/c++/cmath:1126:19: note:   no known conversion for argument 1 from 'CppAD::AD<CppAD::AD<CppAD::AD<double> > >' to 'double'\n 1126 |   isfinite(double __x)\n      |            ~~~~~~~^~~\nC:/rtools44/x86_64-w64-mingw32.static.posix/lib/gcc/x86_64-w64-mingw32.static.posix/13.2.0/include/c++/cmath:1130:3: note: candidate: 'constexpr bool std::isfinite(long double)'\n 1130 |   isfinite(long double __x)\n      |   ^~~~~~~~\nC:/rtools44/x86_64-w64-mingw32.static.posix/lib/gcc/x86_64-w64-mingw32.static.posix/13.2.0/include/c++/cmath:1130:24: note:   no known conversion for argument 1 from 'CppAD::AD<CppAD::AD<CppAD::AD<double> > >' to 'long double'\n 1130 |   isfinite(long double __x)\n      |            ~~~~~~~~~~~~^~~\nPOPULATIONS//POPULATION_0011//INDIVIDUAL_T6O4MZRV/model.cpp:59:80: error: no matching function for call to 'isfinite(CppAD::AD<CppAD::AD<CppAD::AD<double> > >&)'\n   59 |       !std::isfinite(eff_pred_fast) || !std::isfinite(r_slow) || !std::isfinite(K_slow) ||\n      |                                                                   ~~~~~~~~~~~~~^~~~~~~~\nC:/rtools44/x86_64-w64-mingw32.static.posix/lib/gcc/x86_64-w64-mingw32.static.posix/13.2.0/include/c++/cmath:1138:5: note: candidate: 'template<class _Tp> constexpr typename __gnu_cxx::__enable_if<std::__is_integer<_Tp>::__value, bool>::__type std::isfinite(_Tp)'\n 1138 |     isfinite(_Tp __x)\n      |     ^~~~~~~~\nC:/rtools44/x86_64-w64-mingw32.static.posix/lib/gcc/x86_64-w64-mingw32.static.posix/13.2.0/include/c++/cmath:1138:5: note:   template argument deduction/substitution failed:\nC:/rtools44/x86_64-w64-mingw32.static.posix/lib/gcc/x86_64-w64-mingw32.static.posix/13.2.0/include/c++/cmath: In substitution of 'template<class _Tp> constexpr typename __gnu_cxx::__enable_if<std::__is_integer<_Tp>::__value, bool>::__type std::isfinite(_Tp) [with _Tp = CppAD::AD<CppAD::AD<CppAD::AD<double> > >]':\nPOPULATIONS//POPULATION_0011//INDIVIDUAL_T6O4MZRV/model.cpp:59:80:   required from 'Type objective_function<Type>::operator()() [with Type = CppAD::AD<CppAD::AD<CppAD::AD<double> > >]'\nC:/Users/spi085/AppData/Local/Programs/R/R-4.4.1/library/TMB/include/tmb_core.hpp:913:29:   required from 'Type objective_function<Type>::evalUserTemplate() [with Type = CppAD::AD<CppAD::AD<CppAD::AD<double> > >]'\nC:/Users/spi085/AppData/Local/Programs/R/R-4.4.1/library/TMB/include/tmb_core.hpp:2361:28:   required from here\nC:/rtools44/x86_64-w64-mingw32.static.posix/lib/gcc/x86_64-w64-mingw32.static.posix/13.2.0/include/c++/cmath:1138:5: error: no type named '__type' in 'struct __gnu_cxx::__enable_if<false, bool>'\nPOPULATIONS//POPULATION_0011//INDIVIDUAL_T6O4MZRV/model.cpp: In instantiation of 'Type objective_function<Type>::operator()() [with Type = CppAD::AD<CppAD::AD<CppAD::AD<double> > >]':\nC:/Users/spi085/AppData/Local/Programs/R/R-4.4.1/library/TMB/include/tmb_core.hpp:913:29:   required from 'Type objective_function<Type>::evalUserTemplate() [with Type = CppAD::AD<CppAD::AD<CppAD::AD<double> > >]'\nC:/Users/spi085/AppData/Local/Programs/R/R-4.4.1/library/TMB/include/tmb_core.hpp:2361:28:   required from here\nC:/rtools44/x86_64-w64-mingw32.static.posix/lib/gcc/x86_64-w64-mingw32.static.posix/13.2.0/include/c++/cmath:1122:3: note: candidate: 'constexpr bool std::isfinite(float)'\n 1122 |   isfinite(float __x)\n      |   ^~~~~~~~\nC:/rtools44/x86_64-w64-mingw32.static.posix/lib/gcc/x86_64-w64-mingw32.static.posix/13.2.0/include/c++/cmath:1122:18: note:   no known conversion for argument 1 from 'CppAD::AD<CppAD::AD<CppAD::AD<double> > >' to 'float'\n 1122 |   isfinite(float __x)\n      |            ~~~~~~^~~\nC:/rtools44/x86_64-w64-mingw32.static.posix/lib/gcc/x86_64-w64-mingw32.static.posix/13.2.0/include/c++/cmath:1126:3: note: candidate: 'constexpr bool std::isfinite(double)'\n 1126 |   isfinite(double __x)\n      |   ^~~~~~~~\nC:/rtools44/x86_64-w64-mingw32.static.posix/lib/gcc/x86_64-w64-mingw32.static.posix/13.2.0/include/c++/cmath:1126:19: note:   no known conversion for argument 1 from 'CppAD::AD<CppAD::AD<CppAD::AD<double> > >' to 'double'\n 1126 |   isfinite(double __x)\n      |            ~~~~~~~^~~\nC:/rtools44/x86_64-w64-mingw32.static.posix/lib/gcc/x86_64-w64-mingw32.static.posix/13.2.0/include/c++/cmath:1130:3: note: candidate: 'constexpr bool std::isfinite(long double)'\n 1130 |   isfinite(long double __x)\n      |   ^~~~~~~~\nC:/rtools44/x86_64-w64-mingw32.static.posix/lib/gcc/x86_64-w64-mingw32.static.posix/13.2.0/include/c++/cmath:1130:24: note:   no known conversion for argument 1 from 'CppAD::AD<CppAD::AD<CppAD::AD<double> > >' to 'long double'\n 1130 |   isfinite(long double __x)\n      |            ~~~~~~~~~~~~^~~\nPOPULATIONS//POPULATION_0011//INDIVIDUAL_T6O4MZRV/model.cpp:60:21: error: no matching function for call to 'isfinite(CppAD::AD<CppAD::AD<CppAD::AD<double> > >&)'\n   60 |       !std::isfinite(r_fast) || !std::isfinite(K_fast) || !std::isfinite(beta_sst) || !std::isfinite(alpha_comp)) {\n      |        ~~~~~~~~~~~~~^~~~~~~~\nC:/rtools44/x86_64-w64-mingw32.static.posix/lib/gcc/x86_64-w64-mingw32.static.posix/13.2.0/include/c++/cmath:1138:5: note: candidate: 'template<class _Tp> constexpr typename __gnu_cxx::__enable_if<std::__is_integer<_Tp>::__value, bool>::__type std::isfinite(_Tp)'\n 1138 |     isfinite(_Tp __x)\n      |     ^~~~~~~~\nC:/rtools44/x86_64-w64-mingw32.static.posix/lib/gcc/x86_64-w64-mingw32.static.posix/13.2.0/include/c++/cmath:1138:5: note:   template argument deduction/substitution failed:\nC:/rtools44/x86_64-w64-mingw32.static.posix/lib/gcc/x86_64-w64-mingw32.static.posix/13.2.0/include/c++/cmath: In substitution of 'template<class _Tp> constexpr typename __gnu_cxx::__enable_if<std::__is_integer<_Tp>::__value, bool>::__type std::isfinite(_Tp) [with _Tp = CppAD::AD<CppAD::AD<CppAD::AD<double> > >]':\nPOPULATIONS//POPULATION_0011//INDIVIDUAL_T6O4MZRV/model.cpp:60:21:   required from 'Type objective_function<Type>::operator()() [with Type = CppAD::AD<CppAD::AD<CppAD::AD<double> > >]'\nC:/Users/spi085/AppData/Local/Programs/R/R-4.4.1/library/TMB/include/tmb_core.hpp:913:29:   required from 'Type objective_function<Type>::evalUserTemplate() [with Type = CppAD::AD<CppAD::AD<CppAD::AD<double> > >]'\nC:/Users/spi085/AppData/Local/Programs/R/R-4.4.1/library/TMB/include/tmb_core.hpp:2361:28:   required from here\nC:/rtools44/x86_64-w64-mingw32.static.posix/lib/gcc/x86_64-w64-mingw32.static.posix/13.2.0/include/c++/cmath:1138:5: error: no type named '__type' in 'struct __gnu_cxx::__enable_if<false, bool>'\nPOPULATIONS//POPULATION_0011//INDIVIDUAL_T6O4MZRV/model.cpp: In instantiation of 'Type objective_function<Type>::operator()() [with Type = CppAD::AD<CppAD::AD<CppAD::AD<double> > >]':\nC:/Users/spi085/AppData/Local/Programs/R/R-4.4.1/library/TMB/include/tmb_core.hpp:913:29:   required from 'Type objective_function<Type>::evalUserTemplate() [with Type = CppAD::AD<CppAD::AD<CppAD::AD<double> > >]'\nC:/Users/spi085/AppData/Local/Programs/R/R-4.4.1/library/TMB/include/tmb_core.hpp:2361:28:   required from here\nC:/rtools44/x86_64-w64-mingw32.static.posix/lib/gcc/x86_64-w64-mingw32.static.posix/13.2.0/include/c++/cmath:1122:3: note: candidate: 'constexpr bool std::isfinite(float)'\n 1122 |   isfinite(float __x)\n      |   ^~~~~~~~\nC:/rtools44/x86_64-w64-mingw32.static.posix/lib/gcc/x86_64-w64-mingw32.static.posix/13.2.0/include/c++/cmath:1122:18: note:   no known conversion for argument 1 from 'CppAD::AD<CppAD::AD<CppAD::AD<double> > >' to 'float'\n 1122 |   isfinite(float __x)\n      |            ~~~~~~^~~\nC:/rtools44/x86_64-w64-mingw32.static.posix/lib/gcc/x86_64-w64-mingw32.static.posix/13.2.0/include/c++/cmath:1126:3: note: candidate: 'constexpr bool std::isfinite(double)'\n 1126 |   isfinite(double __x)\n      |   ^~~~~~~~\nC:/rtools44/x86_64-w64-mingw32.static.posix/lib/gcc/x86_64-w64-mingw32.static.posix/13.2.0/include/c++/cmath:1126:19: note:   no known conversion for argument 1 from 'CppAD::AD<CppAD::AD<CppAD::AD<double> > >' to 'double'\n 1126 |   isfinite(double __x)\n      |            ~~~~~~~^~~\nC:/rtools44/x86_64-w64-mingw32.static.posix/lib/gcc/x86_64-w64-mingw32.static.posix/13.2.0/include/c++/cmath:1130:3: note: candidate: 'constexpr bool std::isfinite(long double)'\n 1130 |   isfinite(long double __x)\n      |   ^~~~~~~~\nC:/rtools44/x86_64-w64-mingw32.static.posix/lib/gcc/x86_64-w64-mingw32.static.posix/13.2.0/include/c++/cmath:1130:24: note:   no known conversion for argument 1 from 'CppAD::AD<CppAD::AD<CppAD::AD<double> > >' to 'long double'\n 1130 |   isfinite(long double __x)\n      |            ~~~~~~~~~~~~^~~\nPOPULATIONS//POPULATION_0011//INDIVIDUAL_T6O4MZRV/model.cpp:60:47: error: no matching function for call to 'isfinite(CppAD::AD<CppAD::AD<CppAD::AD<double> > >&)'\n   60 |       !std::isfinite(r_fast) || !std::isfinite(K_fast) || !std::isfinite(beta_sst) || !std::isfinite(alpha_comp)) {\n      |                                  ~~~~~~~~~~~~~^~~~~~~~\nC:/rtools44/x86_64-w64-mingw32.static.posix/lib/gcc/x86_64-w64-mingw32.static.posix/13.2.0/include/c++/cmath:1138:5: note: candidate: 'template<class _Tp> constexpr typename __gnu_cxx::__enable_if<std::__is_integer<_Tp>::__value, bool>::__type std::isfinite(_Tp)'\n 1138 |     isfinite(_Tp __x)\n      |     ^~~~~~~~\nC:/rtools44/x86_64-w64-mingw32.static.posix/lib/gcc/x86_64-w64-mingw32.static.posix/13.2.0/include/c++/cmath:1138:5: note:   template argument deduction/substitution failed:\nC:/rtools44/x86_64-w64-mingw32.static.posix/lib/gcc/x86_64-w64-mingw32.static.posix/13.2.0/include/c++/cmath: In substitution of 'template<class _Tp> constexpr typename __gnu_cxx::__enable_if<std::__is_integer<_Tp>::__value, bool>::__type std::isfinite(_Tp) [with _Tp = CppAD::AD<CppAD::AD<CppAD::AD<double> > >]':\nPOPULATIONS//POPULATION_0011//INDIVIDUAL_T6O4MZRV/model.cpp:60:47:   required from 'Type objective_function<Type>::operator()() [with Type = CppAD::AD<CppAD::AD<CppAD::AD<double> > >]'\nC:/Users/spi085/AppData/Local/Programs/R/R-4.4.1/library/TMB/include/tmb_core.hpp:913:29:   required from 'Type objective_function<Type>::evalUserTemplate() [with Type = CppAD::AD<CppAD::AD<CppAD::AD<double> > >]'\nC:/Users/spi085/AppData/Local/Programs/R/R-4.4.1/library/TMB/include/tmb_core.hpp:2361:28:   required from here\nC:/rtools44/x86_64-w64-mingw32.static.posix/lib/gcc/x86_64-w64-mingw32.static.posix/13.2.0/include/c++/cmath:1138:5: error: no type named '__type' in 'struct __gnu_cxx::__enable_if<false, bool>'\nPOPULATIONS//POPULATION_0011//INDIVIDUAL_T6O4MZRV/model.cpp: In instantiation of 'Type objective_function<Type>::operator()() [with Type = CppAD::AD<CppAD::AD<CppAD::AD<double> > >]':\nC:/Users/spi085/AppData/Local/Programs/R/R-4.4.1/library/TMB/include/tmb_core.hpp:913:29:   required from 'Type objective_function<Type>::evalUserTemplate() [with Type = CppAD::AD<CppAD::AD<CppAD::AD<double> > >]'\nC:/Users/spi085/AppData/Local/Programs/R/R-4.4.1/library/TMB/include/tmb_core.hpp:2361:28:   required from here\nC:/rtools44/x86_64-w64-mingw32.static.posix/lib/gcc/x86_64-w64-mingw32.static.posix/13.2.0/include/c++/cmath:1122:3: note: candidate: 'constexpr bool std::isfinite(float)'\n 1122 |   isfinite(float __x)\n      |   ^~~~~~~~\nC:/rtools44/x86_64-w64-mingw32.static.posix/lib/gcc/x86_64-w64-mingw32.static.posix/13.2.0/include/c++/cmath:1122:18: note:   no known conversion for argument 1 from 'CppAD::AD<CppAD::AD<CppAD::AD<double> > >' to 'float'\n 1122 |   isfinite(float __x)\n      |            ~~~~~~^~~\nC:/rtools44/x86_64-w64-mingw32.static.posix/lib/gcc/x86_64-w64-mingw32.static.posix/13.2.0/include/c++/cmath:1126:3: note: candidate: 'constexpr bool std::isfinite(double)'\n 1126 |   isfinite(double __x)\n      |   ^~~~~~~~\nC:/rtools44/x86_64-w64-mingw32.static.posix/lib/gcc/x86_64-w64-mingw32.static.posix/13.2.0/include/c++/cmath:1126:19: note:   no known conversion for argument 1 from 'CppAD::AD<CppAD::AD<CppAD::AD<double> > >' to 'double'\n 1126 |   isfinite(double __x)\n      |            ~~~~~~~^~~\nC:/rtools44/x86_64-w64-mingw32.static.posix/lib/gcc/x86_64-w64-mingw32.static.posix/13.2.0/include/c++/cmath:1130:3: note: candidate: 'constexpr bool std::isfinite(long double)'\n 1130 |   isfinite(long double __x)\n      |   ^~~~~~~~\nC:/rtools44/x86_64-w64-mingw32.static.posix/lib/gcc/x86_64-w64-mingw32.static.posix/13.2.0/include/c++/cmath:1130:24: note:   no known conversion for argument 1 from 'CppAD::AD<CppAD::AD<CppAD::AD<double> > >' to 'long double'\n 1130 |   isfinite(long double __x)\n      |            ~~~~~~~~~~~~^~~\nPOPULATIONS//POPULATION_0011//INDIVIDUAL_T6O4MZRV/model.cpp:60:73: error: no matching function for call to 'isfinite(CppAD::AD<CppAD::AD<CppAD::AD<double> > >&)'\n   60 |       !std::isfinite(r_fast) || !std::isfinite(K_fast) || !std::isfinite(beta_sst) || !std::isfinite(alpha_comp)) {\n      |                                                            ~~~~~~~~~~~~~^~~~~~~~~~\nC:/rtools44/x86_64-w64-mingw32.static.posix/lib/gcc/x86_64-w64-mingw32.static.posix/13.2.0/include/c++/cmath:1138:5: note: candidate: 'template<class _Tp> constexpr typename __gnu_cxx::__enable_if<std::__is_integer<_Tp>::__value, bool>::__type std::isfinite(_Tp)'\n 1138 |     isfinite(_Tp __x)\n      |     ^~~~~~~~\nC:/rtools44/x86_64-w64-mingw32.static.posix/lib/gcc/x86_64-w64-mingw32.static.posix/13.2.0/include/c++/cmath:1138:5: note:   template argument deduction/substitution failed:\nC:/rtools44/x86_64-w64-mingw32.static.posix/lib/gcc/x86_64-w64-mingw32.static.posix/13.2.0/include/c++/cmath: In substitution of 'template<class _Tp> constexpr typename __gnu_cxx::__enable_if<std::__is_integer<_Tp>::__value, bool>::__type std::isfinite(_Tp) [with _Tp = CppAD::AD<CppAD::AD<CppAD::AD<double> > >]':\nPOPULATIONS//POPULATION_0011//INDIVIDUAL_T6O4MZRV/model.cpp:60:73:   required from 'Type objective_function<Type>::operator()() [with Type = CppAD::AD<CppAD::AD<CppAD::AD<double> > >]'\nC:/Users/spi085/AppData/Local/Programs/R/R-4.4.1/library/TMB/include/tmb_core.hpp:913:29:   required from 'Type objective_function<Type>::evalUserTemplate() [with Type = CppAD::AD<CppAD::AD<CppAD::AD<double> > >]'\nC:/Users/spi085/AppData/Local/Programs/R/R-4.4.1/library/TMB/include/tmb_core.hpp:2361:28:   required from here\nC:/rtools44/x86_64-w64-mingw32.static.posix/lib/gcc/x86_64-w64-mingw32.static.posix/13.2.0/include/c++/cmath:1138:5: error: no type named '__type' in 'struct __gnu_cxx::__enable_if<false, bool>'\nPOPULATIONS//POPULATION_0011//INDIVIDUAL_T6O4MZRV/model.cpp: In instantiation of 'Type objective_function<Type>::operator()() [with Type = CppAD::AD<CppAD::AD<CppAD::AD<double> > >]':\nC:/Users/spi085/AppData/Local/Programs/R/R-4.4.1/library/TMB/include/tmb_core.hpp:913:29:   required from 'Type objective_function<Type>::evalUserTemplate() [with Type = CppAD::AD<CppAD::AD<CppAD::AD<double> > >]'\nC:/Users/spi085/AppData/Local/Programs/R/R-4.4.1/library/TMB/include/tmb_core.hpp:2361:28:   required from here\nC:/rtools44/x86_64-w64-mingw32.static.posix/lib/gcc/x86_64-w64-mingw32.static.posix/13.2.0/include/c++/cmath:1122:3: note: candidate: 'constexpr bool std::isfinite(float)'\n 1122 |   isfinite(float __x)\n      |   ^~~~~~~~\nC:/rtools44/x86_64-w64-mingw32.static.posix/lib/gcc/x86_64-w64-mingw32.static.posix/13.2.0/include/c++/cmath:1122:18: note:   no known conversion for argument 1 from 'CppAD::AD<CppAD::AD<CppAD::AD<double> > >' to 'float'\n 1122 |   isfinite(float __x)\n      |            ~~~~~~^~~\nC:/rtools44/x86_64-w64-mingw32.static.posix/lib/gcc/x86_64-w64-mingw32.static.posix/13.2.0/include/c++/cmath:1126:3: note: candidate: 'constexpr bool std::isfinite(double)'\n 1126 |   isfinite(double __x)\n      |   ^~~~~~~~\nC:/rtools44/x86_64-w64-mingw32.static.posix/lib/gcc/x86_64-w64-mingw32.static.posix/13.2.0/include/c++/cmath:1126:19: note:   no known conversion for argument 1 from 'CppAD::AD<CppAD::AD<CppAD::AD<double> > >' to 'double'\n 1126 |   isfinite(double __x)\n      |            ~~~~~~~^~~\nC:/rtools44/x86_64-w64-mingw32.static.posix/lib/gcc/x86_64-w64-mingw32.static.posix/13.2.0/include/c++/cmath:1130:3: note: candidate: 'constexpr bool std::isfinite(long double)'\n 1130 |   isfinite(long double __x)\n      |   ^~~~~~~~\nC:/rtools44/x86_64-w64-mingw32.static.posix/lib/gcc/x86_64-w64-mingw32.static.posix/13.2.0/include/c++/cmath:1130:24: note:   no known conversion for argument 1 from 'CppAD::AD<CppAD::AD<CppAD::AD<double> > >' to 'long double'\n 1130 |   isfinite(long double __x)\n      |            ~~~~~~~~~~~~^~~\nPOPULATIONS//POPULATION_0011//INDIVIDUAL_T6O4MZRV/model.cpp:60:101: error: no matching function for call to 'isfinite(CppAD::AD<CppAD::AD<CppAD::AD<double> > >&)'\n   60 |       !std::isfinite(r_fast) || !std::isfinite(K_fast) || !std::isfinite(beta_sst) || !std::isfinite(alpha_comp)) {\n      |                                                                                        ~~~~~~~~~~~~~^~~~~~~~~~~~\nC:/rtools44/x86_64-w64-mingw32.static.posix/lib/gcc/x86_64-w64-mingw32.static.posix/13.2.0/include/c++/cmath:1138:5: note: candidate: 'template<class _Tp> constexpr typename __gnu_cxx::__enable_if<std::__is_integer<_Tp>::__value, bool>::__type std::isfinite(_Tp)'\n 1138 |     isfinite(_Tp __x)\n      |     ^~~~~~~~\nC:/rtools44/x86_64-w64-mingw32.static.posix/lib/gcc/x86_64-w64-mingw32.static.posix/13.2.0/include/c++/cmath:1138:5: note:   template argument deduction/substitution failed:\nC:/rtools44/x86_64-w64-mingw32.static.posix/lib/gcc/x86_64-w64-mingw32.static.posix/13.2.0/include/c++/cmath: In substitution of 'template<class _Tp> constexpr typename __gnu_cxx::__enable_if<std::__is_integer<_Tp>::__value, bool>::__type std::isfinite(_Tp) [with _Tp = CppAD::AD<CppAD::AD<CppAD::AD<double> > >]':\nPOPULATIONS//POPULATION_0011//INDIVIDUAL_T6O4MZRV/model.cpp:60:101:   required from 'Type objective_function<Type>::operator()() [with Type = CppAD::AD<CppAD::AD<CppAD::AD<double> > >]'\nC:/Users/spi085/AppData/Local/Programs/R/R-4.4.1/library/TMB/include/tmb_core.hpp:913:29:   required from 'Type objective_function<Type>::evalUserTemplate() [with Type = CppAD::AD<CppAD::AD<CppAD::AD<double> > >]'\nC:/Users/spi085/AppData/Local/Programs/R/R-4.4.1/library/TMB/include/tmb_core.hpp:2361:28:   required from here\nC:/rtools44/x86_64-w64-mingw32.static.posix/lib/gcc/x86_64-w64-mingw32.static.posix/13.2.0/include/c++/cmath:1138:5: error: no type named '__type' in 'struct __gnu_cxx::__enable_if<false, bool>'\nPOPULATIONS//POPULATION_0011//INDIVIDUAL_T6O4MZRV/model.cpp: In instantiation of 'Type objective_function<Type>::operator()() [with Type = CppAD::AD<CppAD::AD<CppAD::AD<double> > >]':\nC:/Users/spi085/AppData/Local/Programs/R/R-4.4.1/library/TMB/include/tmb_core.hpp:913:29:   required from 'Type objective_function<Type>::evalUserTemplate() [with Type = CppAD::AD<CppAD::AD<CppAD::AD<double> > >]'\nC:/Users/spi085/AppData/Local/Programs/R/R-4.4.1/library/TMB/include/tmb_core.hpp:2361:28:   required from here\nC:/rtools44/x86_64-w64-mingw32.static.posix/lib/gcc/x86_64-w64-mingw32.static.posix/13.2.0/include/c++/cmath:1122:3: note: candidate: 'constexpr bool std::isfinite(float)'\n 1122 |   isfinite(float __x)\n      |   ^~~~~~~~\nC:/rtools44/x86_64-w64-mingw32.static.posix/lib/gcc/x86_64-w64-mingw32.static.posix/13.2.0/include/c++/cmath:1122:18: note:   no known conversion for argument 1 from 'CppAD::AD<CppAD::AD<CppAD::AD<double> > >' to 'float'\n 1122 |   isfinite(float __x)\n      |            ~~~~~~^~~\nC:/rtools44/x86_64-w64-mingw32.static.posix/lib/gcc/x86_64-w64-mingw32.static.posix/13.2.0/include/c++/cmath:1126:3: note: candidate: 'constexpr bool std::isfinite(double)'\n 1126 |   isfinite(double __x)\n      |   ^~~~~~~~\nC:/rtools44/x86_64-w64-mingw32.static.posix/lib/gcc/x86_64-w64-mingw32.static.posix/13.2.0/include/c++/cmath:1126:19: note:   no known conversion for argument 1 from 'CppAD::AD<CppAD::AD<CppAD::AD<double> > >' to 'double'\n 1126 |   isfinite(double __x)\n      |            ~~~~~~~^~~\nC:/rtools44/x86_64-w64-mingw32.static.posix/lib/gcc/x86_64-w64-mingw32.static.posix/13.2.0/include/c++/cmath:1130:3: note: candidate: 'constexpr bool std::isfinite(long double)'\n 1130 |   isfinite(long double __x)\n      |   ^~~~~~~~\nC:/rtools44/x86_64-w64-mingw32.static.posix/lib/gcc/x86_64-w64-mingw32.static.posix/13.2.0/include/c++/cmath:1130:24: note:   no known conversion for argument 1 from 'CppAD::AD<CppAD::AD<CppAD::AD<double> > >' to 'long double'\n 1130 |   isfinite(long double __x)\n      |            ~~~~~~~~~~~~^~~\nmake: *** [C:/Users/spi085/AppData/Local/Programs/R/R-4.4.1/etc/x64/Makeconf:296: POPULATIONS//POPULATION_0011//INDIVIDUAL_T6O4MZRV/model.o] Error 1\nError in TMB::compile(file.path(individual_dir, model_file), flags = flags,  : \n  Compilation failed\nError: Compilation failed\nExecution halted"
    },
    "6": {
      "status": "ERROR",
      "message": "R script failed with return code 1",
      "stdout": "g++ -std=gnu++17  -I\"C:/Users/spi085/AppData/Local/Programs/R/R-4.4.1/include\" -DNDEBUG -I\"C:/Users/spi085/AppData/Local/Programs/R/R-44~1.1/library/TMB/include\" -I\"C:/Users/spi085/AppData/Local/Programs/R/R-44~1.1/library/RCPPEI~1/include\"   -DTMB_EIGEN_DISABLE_WARNINGS   -DTMB_LIB_INIT=R_init_model  -DCPPAD_FRAMEWORK    -I\"C:/rtools44/x86_64-w64-mingw32.static.posix/include\"     -O2 -Wa,-mbig-obj -c POPULATIONS//POPULATION_0011//INDIVIDUAL_T6O4MZRV/model.cpp -o POPULATIONS//POPULATION_0011//INDIVIDUAL_T6O4MZRV/model.o\ng++ -std=gnu++17 -shared -s -static-libgcc -o POPULATIONS//POPULATION_0011//INDIVIDUAL_T6O4MZRV/model.dll tmp.def POPULATIONS//POPULATION_0011//INDIVIDUAL_T6O4MZRV/model.o -LC:/rtools44/x86_64-w64-mingw32.static.posix/lib/x64 -LC:/rtools44/x86_64-w64-mingw32.static.posix/lib -LC:/Users/spi085/AppData/Local/Programs/R/R-4.4.1/bin/x64 -lR\nStarting model phases\nNumber of phases: 2 \nPhase 1 \nInitial parameter values for phase 1 :\n        r_cots         K_cots  eff_pred_slow  eff_pred_fast         r_slow \n            NA          0.255             NA             NA             NA \n        K_slow         r_fast         K_fast       beta_sst log_sigma_cots \n            NA          1.000             NA             NA             NA \nlog_sigma_slow log_sigma_fast \n            NA             NA \nError in model phases: NA/NaN gradient evaluation",
      "stderr": "Loading required package: TMB\nLoading required package: jsonlite\nhere() starts at C:/Users/spi085/OneDrive - CSIRO/Documents/_Projects/SCCP-QuantModelling\nusing C++ compiler: 'G__~1.EXE (GCC) 13.2.0'\nError in value[[3L]](cond) : \n  Error in model phases: NA/NaN gradient evaluation\nCalls: tryCatch -> tryCatchList -> tryCatchOne -> <Anonymous>\nIn addition: Warning message:\nIn nlminb(model$par, model$fn, model$gr) : NA/NaN function evaluation\nExecution halted"
    },
    "7": {
      "status": "BROKEN"
    }
  }
}