{
  "iterations": {
    "1": {
      "status": "ERROR",
      "message": "R script failed with return code 1",
      "stdout": "g++ -std=gnu++17  -I\"C:/Users/spi085/AppData/Local/Programs/R/R-4.4.1/include\" -DNDEBUG -I\"C:/Users/spi085/AppData/Local/Programs/R/R-44~1.1/library/TMB/include\" -I\"C:/Users/spi085/AppData/Local/Programs/R/R-44~1.1/library/RCPPEI~1/include\"   -DTMB_EIGEN_DISABLE_WARNINGS   -DTMB_LIB_INIT=R_init_model  -DCPPAD_FRAMEWORK    -I\"C:/rtools44/x86_64-w64-mingw32.static.posix/include\"     -O2 -Wa,-mbig-obj -c POPULATIONS//POPULATION_0015//INDIVIDUAL_GDJB06PY/model.cpp -o POPULATIONS//POPULATION_0015//INDIVIDUAL_GDJB06PY/model.o\ng++ -std=gnu++17 -shared -s -static-libgcc -o POPULATIONS//POPULATION_0015//INDIVIDUAL_GDJB06PY/model.dll tmp.def POPULATIONS//POPULATION_0015//INDIVIDUAL_GDJB06PY/model.o -LC:/rtools44/x86_64-w64-mingw32.static.posix/lib/x64 -LC:/rtools44/x86_64-w64-mingw32.static.posix/lib -LC:/Users/spi085/AppData/Local/Programs/R/R-4.4.1/bin/x64 -lR\nStarting model phases\nNumber of phases: 1 \nPhase 1 \nInitial parameter values for phase 1 :\n        log_growth_rate                   log_K                beta_sst \n                     NA                      NA                      NA \n       recruitment_slow        recruitment_fast log_predation_rate_slow \n                     NA                      NA                   190.5 \nlog_predation_rate_fast          threshold_slow          threshold_fast \n                   12.0                      NA                      NA \n             beta_coral          log_sigma_cots          log_sigma_slow \n                     NA                      NA                      NA \n         log_sigma_fast                   cots0                   slow0 \n                     NA                      NA                      NA \n                  fast0 \n                     NA \nError in model phases: NA/NaN gradient evaluation",
      "stderr": "Loading required package: TMB\nLoading required package: jsonlite\nhere() starts at C:/Users/spi085/OneDrive - CSIRO/Documents/_Projects/SCCP-QuantModelling\nusing C++ compiler: 'G__~1.EXE (GCC) 13.2.0'\nError in value[[3L]](cond) : \n  Error in model phases: NA/NaN gradient evaluation\nCalls: tryCatch -> tryCatchList -> tryCatchOne -> <Anonymous>\nIn addition: Warning message:\nIn nlminb(model$par, model$fn, model$gr) : NA/NaN function evaluation\nExecution halted"
    },
    "2": {
      "status": "ERROR",
      "message": "R script failed with return code 1",
      "stdout": "g++ -std=gnu++17  -I\"C:/Users/spi085/AppData/Local/Programs/R/R-4.4.1/include\" -DNDEBUG -I\"C:/Users/spi085/AppData/Local/Programs/R/R-44~1.1/library/TMB/include\" -I\"C:/Users/spi085/AppData/Local/Programs/R/R-44~1.1/library/RCPPEI~1/include\"   -DTMB_EIGEN_DISABLE_WARNINGS   -DTMB_LIB_INIT=R_init_model  -DCPPAD_FRAMEWORK    -I\"C:/rtools44/x86_64-w64-mingw32.static.posix/include\"     -O2 -Wa,-mbig-obj -c POPULATIONS//POPULATION_0015//INDIVIDUAL_GDJB06PY/model.cpp -o POPULATIONS//POPULATION_0015//INDIVIDUAL_GDJB06PY/model.o\ng++ -std=gnu++17 -shared -s -static-libgcc -o POPULATIONS//POPULATION_0015//INDIVIDUAL_GDJB06PY/model.dll tmp.def POPULATIONS//POPULATION_0015//INDIVIDUAL_GDJB06PY/model.o -LC:/rtools44/x86_64-w64-mingw32.static.posix/lib/x64 -LC:/rtools44/x86_64-w64-mingw32.static.posix/lib -LC:/Users/spi085/AppData/Local/Programs/R/R-4.4.1/bin/x64 -lR\nStarting model phases\nNumber of phases: 1 \nPhase 1 \nInitial parameter values for phase 1 :\n        log_growth_rate                   log_K                beta_sst \n                     NA                      NA                      NA \n       recruitment_slow        recruitment_fast log_predation_rate_slow \n                     NA                      NA                   190.5 \nlog_predation_rate_fast          threshold_slow          threshold_fast \n                   12.0                      NA                      NA \n             beta_coral          log_sigma_cots          log_sigma_slow \n                     NA                      NA                      NA \n         log_sigma_fast                   cots0                   slow0 \n                     NA                      NA                      NA \n                  fast0 \n                     NA \nError in model phases: NA/NaN gradient evaluation",
      "stderr": "Loading required package: TMB\nLoading required package: jsonlite\nhere() starts at C:/Users/spi085/OneDrive - CSIRO/Documents/_Projects/SCCP-QuantModelling\nusing C++ compiler: 'G__~1.EXE (GCC) 13.2.0'\nError in value[[3L]](cond) : \n  Error in model phases: NA/NaN gradient evaluation\nCalls: tryCatch -> tryCatchList -> tryCatchOne -> <Anonymous>\nIn addition: Warning message:\nIn nlminb(model$par, model$fn, model$gr) : NA/NaN function evaluation\nExecution halted"
    },
    "3": {
      "status": "ERROR",
      "message": "R script failed with return code 1",
      "stdout": "g++ -std=gnu++17  -I\"C:/Users/spi085/AppData/Local/Programs/R/R-4.4.1/include\" -DNDEBUG -I\"C:/Users/spi085/AppData/Local/Programs/R/R-44~1.1/library/TMB/include\" -I\"C:/Users/spi085/AppData/Local/Programs/R/R-44~1.1/library/RCPPEI~1/include\"   -DTMB_EIGEN_DISABLE_WARNINGS   -DTMB_LIB_INIT=R_init_model  -DCPPAD_FRAMEWORK    -I\"C:/rtools44/x86_64-w64-mingw32.static.posix/include\"     -O2 -Wa,-mbig-obj -c POPULATIONS//POPULATION_0015//INDIVIDUAL_GDJB06PY/model.cpp -o POPULATIONS//POPULATION_0015//INDIVIDUAL_GDJB06PY/model.o\ng++ -std=gnu++17 -shared -s -static-libgcc -o POPULATIONS//POPULATION_0015//INDIVIDUAL_GDJB06PY/model.dll tmp.def POPULATIONS//POPULATION_0015//INDIVIDUAL_GDJB06PY/model.o -LC:/rtools44/x86_64-w64-mingw32.static.posix/lib/x64 -LC:/rtools44/x86_64-w64-mingw32.static.posix/lib -LC:/Users/spi085/AppData/Local/Programs/R/R-4.4.1/bin/x64 -lR\nStarting model phases\nNumber of phases: 1 \nPhase 1 \nInitial parameter values for phase 1 :\n        log_growth_rate                   log_K                beta_sst \n                     NA                      NA                      NA \n       recruitment_slow        recruitment_fast log_predation_rate_slow \n                     NA                      NA                   190.5 \nlog_predation_rate_fast          threshold_slow          threshold_fast \n                   12.0                      NA                      NA \n             beta_coral          log_sigma_cots          log_sigma_slow \n                     NA                      NA                      NA \n         log_sigma_fast                   cots0                   slow0 \n                     NA                      NA                      NA \n                  fast0 \n                     NA \nError in model phases: NA/NaN gradient evaluation",
      "stderr": "Loading required package: TMB\nLoading required package: jsonlite\nhere() starts at C:/Users/spi085/OneDrive - CSIRO/Documents/_Projects/SCCP-QuantModelling\nusing C++ compiler: 'G__~1.EXE (GCC) 13.2.0'\nError in value[[3L]](cond) : \n  Error in model phases: NA/NaN gradient evaluation\nCalls: tryCatch -> tryCatchList -> tryCatchOne -> <Anonymous>\nIn addition: Warning message:\nIn nlminb(model$par, model$fn, model$gr) : NA/NaN function evaluation\nExecution halted"
    },
    "4": {
      "status": "ERROR",
      "message": "R script failed with return code 1",
      "stdout": "g++ -std=gnu++17  -I\"C:/Users/spi085/AppData/Local/Programs/R/R-4.4.1/include\" -DNDEBUG -I\"C:/Users/spi085/AppData/Local/Programs/R/R-44~1.1/library/TMB/include\" -I\"C:/Users/spi085/AppData/Local/Programs/R/R-44~1.1/library/RCPPEI~1/include\"   -DTMB_EIGEN_DISABLE_WARNINGS   -DTMB_LIB_INIT=R_init_model  -DCPPAD_FRAMEWORK    -I\"C:/rtools44/x86_64-w64-mingw32.static.posix/include\"     -O2 -Wa,-mbig-obj -c POPULATIONS//POPULATION_0015//INDIVIDUAL_GDJB06PY/model.cpp -o POPULATIONS//POPULATION_0015//INDIVIDUAL_GDJB06PY/model.o\ng++ -std=gnu++17 -shared -s -static-libgcc -o POPULATIONS//POPULATION_0015//INDIVIDUAL_GDJB06PY/model.dll tmp.def POPULATIONS//POPULATION_0015//INDIVIDUAL_GDJB06PY/model.o -LC:/rtools44/x86_64-w64-mingw32.static.posix/lib/x64 -LC:/rtools44/x86_64-w64-mingw32.static.posix/lib -LC:/Users/spi085/AppData/Local/Programs/R/R-4.4.1/bin/x64 -lR\nStarting model phases\nNumber of phases: 1 \nPhase 1 \nInitial parameter values for phase 1 :\n        log_growth_rate                   log_K                beta_sst \n                     NA                      NA                      NA \n       recruitment_slow        recruitment_fast log_predation_rate_slow \n                     NA                      NA                   190.5 \nlog_predation_rate_fast          threshold_slow          threshold_fast \n                   12.0                      NA                      NA \n             beta_coral          log_sigma_cots          log_sigma_slow \n                     NA                      NA                      NA \n         log_sigma_fast                   cots0                   slow0 \n                     NA                      NA                      NA \n                  fast0 \n                     NA \nError in model phases: NA/NaN gradient evaluation",
      "stderr": "Loading required package: TMB\nLoading required package: jsonlite\nhere() starts at C:/Users/spi085/OneDrive - CSIRO/Documents/_Projects/SCCP-QuantModelling\nusing C++ compiler: 'G__~1.EXE (GCC) 13.2.0'\nError in value[[3L]](cond) : \n  Error in model phases: NA/NaN gradient evaluation\nCalls: tryCatch -> tryCatchList -> tryCatchOne -> <Anonymous>\nIn addition: Warning message:\nIn nlminb(model$par, model$fn, model$gr) : NA/NaN function evaluation\nExecution halted"
    },
    "5": {
      "status": "ERROR",
      "message": "Model failed to compile.",
      "stdout": "g++ -std=gnu++17  -I\"C:/Users/spi085/AppData/Local/Programs/R/R-4.4.1/include\" -DNDEBUG -I\"C:/Users/spi085/AppData/Local/Programs/R/R-44~1.1/library/TMB/include\" -I\"C:/Users/spi085/AppData/Local/Programs/R/R-44~1.1/library/RCPPEI~1/include\"   -DTMB_EIGEN_DISABLE_WARNINGS   -DTMB_LIB_INIT=R_init_model  -DCPPAD_FRAMEWORK    -I\"C:/rtools44/x86_64-w64-mingw32.static.posix/include\"     -O2 -Wa,-mbig-obj -c POPULATIONS//POPULATION_0015//INDIVIDUAL_GDJB06PY/model.cpp -o POPULATIONS//POPULATION_0015//INDIVIDUAL_GDJB06PY/model.o",
      "stderr": "Loading required package: TMB\nLoading required package: jsonlite\nhere() starts at C:/Users/spi085/OneDrive - CSIRO/Documents/_Projects/SCCP-QuantModelling\nusing C++ compiler: 'G__~1.EXE (GCC) 13.2.0'\nPOPULATIONS//POPULATION_0015//INDIVIDUAL_GDJB06PY/model.cpp: In instantiation of 'Type objective_function<Type>::operator()() [with Type = double]':\nC:/Users/spi085/AppData/Local/Programs/R/R-4.4.1/library/TMB/include/tmb_core.hpp:2031:7:   required from here\nPOPULATIONS//POPULATION_0015//INDIVIDUAL_GDJB06PY/model.cpp:85:124: error: call of overloaded 'abs(Eigen::DenseCoeffsBase<Eigen::Array<double, -1, 1>, 1>::Scalar)' is ambiguous\n   85 |                    + recruitment_slow * slow_pred(t-1) * (1 - slow_pred(t-1) / (Type(100.0) + eps)) * (1 - beta_coral * abs(sst_dat(t-1) - Type(27.0)))\n      |                                                                                                                         ~~~^~~~~~~~~~~~~~~~~~~~~~~~~~~\nIn file included from C:/rtools44/x86_64-w64-mingw32.static.posix/lib/gcc/x86_64-w64-mingw32.static.posix/13.2.0/include/c++/cstdlib:79,\n                 from C:/rtools44/x86_64-w64-mingw32.static.posix/lib/gcc/x86_64-w64-mingw32.static.posix/13.2.0/include/c++/ext/string_conversions.h:43,\n                 from C:/rtools44/x86_64-w64-mingw32.static.posix/lib/gcc/x86_64-w64-mingw32.static.posix/13.2.0/include/c++/bits/basic_string.h:4097,\n                 from C:/rtools44/x86_64-w64-mingw32.static.posix/lib/gcc/x86_64-w64-mingw32.static.posix/13.2.0/include/c++/string:54,\n                 from C:/rtools44/x86_64-w64-mingw32.static.posix/lib/gcc/x86_64-w64-mingw32.static.posix/13.2.0/include/c++/bits/locale_classes.h:40,\n                 from C:/rtools44/x86_64-w64-mingw32.static.posix/lib/gcc/x86_64-w64-mingw32.static.posix/13.2.0/include/c++/bits/ios_base.h:41,\n                 from C:/rtools44/x86_64-w64-mingw32.static.posix/lib/gcc/x86_64-w64-mingw32.static.posix/13.2.0/include/c++/ios:44,\n                 from C:/rtools44/x86_64-w64-mingw32.static.posix/lib/gcc/x86_64-w64-mingw32.static.posix/13.2.0/include/c++/ostream:40,\n                 from C:/rtools44/x86_64-w64-mingw32.static.posix/lib/gcc/x86_64-w64-mingw32.static.posix/13.2.0/include/c++/iostream:41,\n                 from C:/Users/spi085/AppData/Local/Programs/R/R-4.4.1/library/TMB/include/Rstream.hpp:10,\n                 from C:/Users/spi085/AppData/Local/Programs/R/R-4.4.1/library/TMB/include/TMB.hpp:46,\n                 from POPULATIONS//POPULATION_0015//INDIVIDUAL_GDJB06PY/model.cpp:1:\nC:/rtools44/x86_64-w64-mingw32.static.posix/include/stdlib.h:414:15: note: candidate: 'int abs(int)'\n  414 |   int __cdecl abs(int _X);\n      |               ^~~\nIn file included from C:/rtools44/x86_64-w64-mingw32.static.posix/lib/gcc/x86_64-w64-mingw32.static.posix/13.2.0/include/c++/cstdlib:81:\nC:/rtools44/x86_64-w64-mingw32.static.posix/lib/gcc/x86_64-w64-mingw32.static.posix/13.2.0/include/c++/bits/std_abs.h:137:3: note: candidate: 'constexpr __float128 std::abs(__float128)'\n  137 |   abs(__float128 __x)\n      |   ^~~\nC:/rtools44/x86_64-w64-mingw32.static.posix/lib/gcc/x86_64-w64-mingw32.static.posix/13.2.0/include/c++/bits/std_abs.h:85:3: note: candidate: 'constexpr __int128 std::abs(__int128)'\n   85 |   abs(__GLIBCXX_TYPE_INT_N_0 __x) { return __x >= 0 ? __x : -__x; }\n      |   ^~~\nC:/rtools44/x86_64-w64-mingw32.static.posix/lib/gcc/x86_64-w64-mingw32.static.posix/13.2.0/include/c++/bits/std_abs.h:79:3: note: candidate: 'constexpr long double std::abs(long double)'\n   79 |   abs(long double __x)\n      |   ^~~\nC:/rtools44/x86_64-w64-mingw32.static.posix/lib/gcc/x86_64-w64-mingw32.static.posix/13.2.0/include/c++/bits/std_abs.h:75:3: note: candidate: 'constexpr float std::abs(float)'\n   75 |   abs(float __x)\n      |   ^~~\nC:/rtools44/x86_64-w64-mingw32.static.posix/lib/gcc/x86_64-w64-mingw32.static.posix/13.2.0/include/c++/bits/std_abs.h:71:3: note: candidate: 'constexpr double std::abs(double)'\n   71 |   abs(double __x)\n      |   ^~~\nC:/rtools44/x86_64-w64-mingw32.static.posix/lib/gcc/x86_64-w64-mingw32.static.posix/13.2.0/include/c++/bits/std_abs.h:61:3: note: candidate: 'long long int std::abs(long long int)'\n   61 |   abs(long long __x) { return __builtin_llabs (__x); }\n      |   ^~~\nC:/rtools44/x86_64-w64-mingw32.static.posix/lib/gcc/x86_64-w64-mingw32.static.posix/13.2.0/include/c++/bits/std_abs.h:56:3: note: candidate: 'long int std::abs(long int)'\n   56 |   abs(long __i) { return __builtin_labs(__i); }\n      |   ^~~\nIn file included from C:/Users/spi085/AppData/Local/Programs/R/R-4.4.1/library/TMB/include/cppad/base_require.hpp:161,\n                 from C:/Users/spi085/AppData/Local/Programs/R/R-4.4.1/library/TMB/include/cppad/cppad.hpp:22,\n                 from C:/Users/spi085/AppData/Local/Programs/R/R-4.4.1/library/TMB/include/TMB.hpp:121:\nC:/Users/spi085/AppData/Local/Programs/R/R-4.4.1/library/TMB/include/cppad/local/base_complex.hpp:373:30: note: candidate: 'std::complex<float> CppAD::abs(const std::complex<float>&)'\n  373 |         CPPAD_USER_MACRO_TWO(abs)\n      |                              ^~~\nC:/Users/spi085/AppData/Local/Programs/R/R-4.4.1/library/TMB/include/cppad/local/base_complex.hpp:307:28: note: in definition of macro 'CPPAD_USER_MACRO_TWO'\n  307 | inline std::complex<float> Fun(const std::complex<float>& x)       \\\n      |                            ^~~\nC:/Users/spi085/AppData/Local/Programs/R/R-4.4.1/library/TMB/include/cppad/local/base_complex.hpp:241:26: note: candidate: 'std::complex<double> CppAD::abs(const std::complex<double>&)'\n  241 |         CPPAD_USER_MACRO(abs)\n      |                          ^~~\nC:/Users/spi085/AppData/Local/Programs/R/R-4.4.1/library/TMB/include/cppad/local/base_complex.hpp:232:29: note: in definition of macro 'CPPAD_USER_MACRO'\n  232 | inline std::complex<double> Fun(const std::complex<double>& x)     \\\n      |                             ^~~\nIn file included from C:/Users/spi085/AppData/Local/Programs/R/R-4.4.1/library/TMB/include/cppad/base_require.hpp:160:\nC:/Users/spi085/AppData/Local/Programs/R/R-4.4.1/library/TMB/include/cppad/local/base_double.hpp:157:23: note: candidate: 'double CppAD::abs(const double&)'\n  157 |         inline double abs(const double& x)\n      |                       ^~~\nIn file included from C:/Users/spi085/AppData/Local/Programs/R/R-4.4.1/library/TMB/include/cppad/base_require.hpp:159:\nC:/Users/spi085/AppData/Local/Programs/R/R-4.4.1/library/TMB/include/cppad/local/base_float.hpp:158:22: note: candidate: 'float CppAD::abs(const float&)'\n  158 |         inline float abs(const float& x)\n      |                      ^~~\nPOPULATIONS//POPULATION_0015//INDIVIDUAL_GDJB06PY/model.cpp:91:124: error: call of overloaded 'abs(Eigen::DenseCoeffsBase<Eigen::Array<double, -1, 1>, 1>::Scalar)' is ambiguous\n   91 |                    + recruitment_fast * fast_pred(t-1) * (1 - fast_pred(t-1) / (Type(100.0) + eps)) * (1 - beta_coral * abs(sst_dat(t-1) - Type(27.0)))\n      |                                                                                                                         ~~~^~~~~~~~~~~~~~~~~~~~~~~~~~~\nC:/rtools44/x86_64-w64-mingw32.static.posix/include/stdlib.h:414:15: note: candidate: 'int abs(int)'\n  414 |   int __cdecl abs(int _X);\n      |               ^~~\nC:/rtools44/x86_64-w64-mingw32.static.posix/lib/gcc/x86_64-w64-mingw32.static.posix/13.2.0/include/c++/bits/std_abs.h:137:3: note: candidate: 'constexpr __float128 std::abs(__float128)'\n  137 |   abs(__float128 __x)\n      |   ^~~\nC:/rtools44/x86_64-w64-mingw32.static.posix/lib/gcc/x86_64-w64-mingw32.static.posix/13.2.0/include/c++/bits/std_abs.h:85:3: note: candidate: 'constexpr __int128 std::abs(__int128)'\n   85 |   abs(__GLIBCXX_TYPE_INT_N_0 __x) { return __x >= 0 ? __x : -__x; }\n      |   ^~~\nC:/rtools44/x86_64-w64-mingw32.static.posix/lib/gcc/x86_64-w64-mingw32.static.posix/13.2.0/include/c++/bits/std_abs.h:79:3: note: candidate: 'constexpr long double std::abs(long double)'\n   79 |   abs(long double __x)\n      |   ^~~\nC:/rtools44/x86_64-w64-mingw32.static.posix/lib/gcc/x86_64-w64-mingw32.static.posix/13.2.0/include/c++/bits/std_abs.h:75:3: note: candidate: 'constexpr float std::abs(float)'\n   75 |   abs(float __x)\n      |   ^~~\nC:/rtools44/x86_64-w64-mingw32.static.posix/lib/gcc/x86_64-w64-mingw32.static.posix/13.2.0/include/c++/bits/std_abs.h:71:3: note: candidate: 'constexpr double std::abs(double)'\n   71 |   abs(double __x)\n      |   ^~~\nC:/rtools44/x86_64-w64-mingw32.static.posix/lib/gcc/x86_64-w64-mingw32.static.posix/13.2.0/include/c++/bits/std_abs.h:61:3: note: candidate: 'long long int std::abs(long long int)'\n   61 |   abs(long long __x) { return __builtin_llabs (__x); }\n      |   ^~~\nC:/rtools44/x86_64-w64-mingw32.static.posix/lib/gcc/x86_64-w64-mingw32.static.posix/13.2.0/include/c++/bits/std_abs.h:56:3: note: candidate: 'long int std::abs(long int)'\n   56 |   abs(long __i) { return __builtin_labs(__i); }\n      |   ^~~\nC:/Users/spi085/AppData/Local/Programs/R/R-4.4.1/library/TMB/include/cppad/local/base_complex.hpp:373:30: note: candidate: 'std::complex<float> CppAD::abs(const std::complex<float>&)'\n  373 |         CPPAD_USER_MACRO_TWO(abs)\n      |                              ^~~\nC:/Users/spi085/AppData/Local/Programs/R/R-4.4.1/library/TMB/include/cppad/local/base_complex.hpp:307:28: note: in definition of macro 'CPPAD_USER_MACRO_TWO'\n  307 | inline std::complex<float> Fun(const std::complex<float>& x)       \\\n      |                            ^~~\nC:/Users/spi085/AppData/Local/Programs/R/R-4.4.1/library/TMB/include/cppad/local/base_complex.hpp:241:26: note: candidate: 'std::complex<double> CppAD::abs(const std::complex<double>&)'\n  241 |         CPPAD_USER_MACRO(abs)\n      |                          ^~~\nC:/Users/spi085/AppData/Local/Programs/R/R-4.4.1/library/TMB/include/cppad/local/base_complex.hpp:232:29: note: in definition of macro 'CPPAD_USER_MACRO'\n  232 | inline std::complex<double> Fun(const std::complex<double>& x)     \\\n      |                             ^~~\nC:/Users/spi085/AppData/Local/Programs/R/R-4.4.1/library/TMB/include/cppad/local/base_double.hpp:157:23: note: candidate: 'double CppAD::abs(const double&)'\n  157 |         inline double abs(const double& x)\n      |                       ^~~\nC:/Users/spi085/AppData/Local/Programs/R/R-4.4.1/library/TMB/include/cppad/local/base_float.hpp:158:22: note: candidate: 'float CppAD::abs(const float&)'\n  158 |         inline float abs(const float& x)\n      |                      ^~~\nmake: *** [C:/Users/spi085/AppData/Local/Programs/R/R-4.4.1/etc/x64/Makeconf:296: POPULATIONS//POPULATION_0015//INDIVIDUAL_GDJB06PY/model.o] Error 1\nError in TMB::compile(file.path(individual_dir, model_file), flags = flags,  : \n  Compilation failed\nError: Compilation failed\nExecution halted"
    },
    "6": {
      "status": "ERROR",
      "message": "R script failed with return code 1",
      "stdout": "g++ -std=gnu++17  -I\"C:/Users/spi085/AppData/Local/Programs/R/R-4.4.1/include\" -DNDEBUG -I\"C:/Users/spi085/AppData/Local/Programs/R/R-44~1.1/library/TMB/include\" -I\"C:/Users/spi085/AppData/Local/Programs/R/R-44~1.1/library/RCPPEI~1/include\"   -DTMB_EIGEN_DISABLE_WARNINGS   -DTMB_LIB_INIT=R_init_model  -DCPPAD_FRAMEWORK    -I\"C:/rtools44/x86_64-w64-mingw32.static.posix/include\"     -O2 -Wa,-mbig-obj -c POPULATIONS//POPULATION_0015//INDIVIDUAL_GDJB06PY/model.cpp -o POPULATIONS//POPULATION_0015//INDIVIDUAL_GDJB06PY/model.o\ng++ -std=gnu++17 -shared -s -static-libgcc -o POPULATIONS//POPULATION_0015//INDIVIDUAL_GDJB06PY/model.dll tmp.def POPULATIONS//POPULATION_0015//INDIVIDUAL_GDJB06PY/model.o -LC:/rtools44/x86_64-w64-mingw32.static.posix/lib/x64 -LC:/rtools44/x86_64-w64-mingw32.static.posix/lib -LC:/Users/spi085/AppData/Local/Programs/R/R-4.4.1/bin/x64 -lR\nStarting model phases\nNumber of phases: 1 \nPhase 1 \nInitial parameter values for phase 1 :\n        log_growth_rate                   log_K                beta_sst \n                     NA                      NA                      NA \n       recruitment_slow        recruitment_fast log_predation_rate_slow \n                     NA                      NA                   190.5 \nlog_predation_rate_fast          threshold_slow          threshold_fast \n                   12.0                      NA                      NA \n             beta_coral          log_sigma_cots          log_sigma_slow \n                     NA                      NA                      NA \n         log_sigma_fast                   cots0                   slow0 \n                     NA                      NA                      NA \n                  fast0 \n                     NA \nError in model phases: NA/NaN gradient evaluation",
      "stderr": "Loading required package: TMB\nLoading required package: jsonlite\nhere() starts at C:/Users/spi085/OneDrive - CSIRO/Documents/_Projects/SCCP-QuantModelling\nusing C++ compiler: 'G__~1.EXE (GCC) 13.2.0'\nError in value[[3L]](cond) : \n  Error in model phases: NA/NaN gradient evaluation\nCalls: tryCatch -> tryCatchList -> tryCatchOne -> <Anonymous>\nIn addition: Warning message:\nIn nlminb(model$par, model$fn, model$gr) : NA/NaN function evaluation\nExecution halted"
    },
    "7": {
      "status": "BROKEN"
    }
  }
}