Parent PNG files: ['POPULATIONS\\POPULATION_0003\\INDIVIDUAL_L776HDCL\\cots_pred_comparison.png', 'POPULATIONS\\POPULATION_0003\\INDIVIDUAL_L776HDCL\\fast_pred_comparison.png', 'POPULATIONS\\POPULATION_0003\\INDIVIDUAL_L776HDCL\\slow_pred_comparison.png']
[?12l[?25hSkipping 
POPULATIONS\POPULATION_0003\INDIVIDUAL_84FYRE5
C\model.cpp that matches gitignore spec.
Skipping 
POPULATIONS\POPULATION_0003\INDIVIDUAL_84FYRE5
C\parameters.json that matches gitignore spec.
Skipping 
POPULATIONS\POPULATION_0003\INDIVIDUAL_84FYRE5
C\intention.txt that matches gitignore spec.
Creating empty file 
POPULATIONS\POPULATION_0003\INDIVIDUAL_84FYRE5
C\intention.txt
Cannot add image file C:\Users\spi085\OneDrive
- 
CSIRO\Documents\_Projects\SCCP-QuantModelling\
POPULATIONS\POPULATION_0003\INDIVIDUAL_L776HDC
L\cots_pred_comparison.png as the o3-mini does
not support images.
Cannot add image file C:\Users\spi085\OneDrive
- 
CSIRO\Documents\_Projects\SCCP-QuantModelling\
POPULATIONS\POPULATION_0003\INDIVIDUAL_L776HDC
L\fast_pred_comparison.png as the o3-mini does
not support images.
Cannot add image file C:\Users\spi085\OneDrive
- 
CSIRO\Documents\_Projects\SCCP-QuantModelling\
POPULATIONS\POPULATION_0003\INDIVIDUAL_L776HDC
L\slow_pred_comparison.png as the o3-mini does
not support images.
Below are the proposed changes. We add an     
extra term to the coral cover equations so    
that the predicted coral cover is also        
sensitive to sea‚Äêsurface temperature (SST). In
addition, we add two new parameters (Œ≥_slow   
and Œ≥_fast) to control this effect and update 
the ecological intention accordingly.         

Please review the changes below.              

Use these SEARCH/REPLACE blocks:              

POPULATIONS\POPULATION_0003\INDIVIDUAL_84FYRE5
C\model.cpp                                   

                                              
 <<<<<<< SEARCH                               
   for(int i = 0; i < n; i++){                
     slow_pred[i] = slow_base * exp(- beta_sl 
 * cots_dat[i]) + eps; // (1)                 
     fast_pred[i] = fast_base * exp(- beta_fa 
 * cots_dat[i]) + eps;   // (2)               
     cots_pred[i] = cots_rate * sst_dat[i] +  
 cotsimm_dat[i] + eps;       // (3)           
 =======                                      
   for(int i = 0; i < n; i++){                
     slow_pred[i] = slow_base * exp(- beta_sl 
 * cots_dat[i] - gamma_slow * sst_dat[i]) +   
 eps; // (1 updated)                          
     fast_pred[i] = fast_base * exp(- beta_fa 
 * cots_dat[i] - gamma_fast * sst_dat[i]) +   
 eps;   // (2 updated)                        
     cots_pred[i] = cots_rate * sst_dat[i] +  
 cotsimm_dat[i] + eps;       // (3)           
 >>>>>>> REPLACE                              
                                              

POPULATIONS\POPULATION_0003\INDIVIDUAL_84FYRE5
C\parameters.json                             

                                              
 <<<<<<< SEARCH                               
         {                                    
             "parameter": "sigma_cots",       
             "value": 0.1,                    
             "description": "Observation erro 
 standard deviation for COTS abundance (log   
 scale)",                                     
             "source": "initial estimate",    
             "import_type": "PARAMETER",      
             "priority": 1,                   
             "enhanced_semantic_description": 
 "Measurement uncertainty for Crown-of-thorns 
 starfish population abundance",              
             "processed": true                
         }                                    
     ]                                        
 =======                                      
         {                                    
             "parameter": "sigma_cots",       
             "value": 0.1,                    
             "description": "Observation erro 
 standard deviation for COTS abundance (log   
 scale)",                                     
             "source": "initial estimate",    
             "import_type": "PARAMETER",      
             "priority": 1,                   
             "enhanced_semantic_description": 
 "Measurement uncertainty for Crown-of-thorns 
 starfish population abundance",              
             "processed": true                
         },                                   
         {                                    
             "parameter": "gamma_slow",       
             "value": 0.01,                   
             "description": "Temperature      
 sensitivity factor for slow-growing corals", 
             "source": "model calibration",   
             "import_type": "PARAMETER",      
             "priority": 1,                   
             "enhanced_semantic_description": 
 "Sensitivity of slow-growing coral cover to  
 increasing sea-surface temperature",         
             "processed": false               
         },                                   
         {                                    
             "parameter": "gamma_fast",       
             "value": 0.01,                   
             "description": "Temperature      
 sensitivity factor for fast-growing corals", 
             "source": "model calibration",   
             "import_type": "PARAMETER",      
             "priority": 1,                   
             "enhanced_semantic_description": 
 "Sensitivity of fast-growing coral cover to  
 increasing sea-surface temperature",         
             "processed": false               
         }                                    
     ]                                        
 >>>>>>> REPLACE                              
                                              

POPULATIONS\POPULATION_0003\INDIVIDUAL_84FYRE5
C\intention.txt                               

                                              
 <<<<<<< SEARCH                               
 =======                                      
 Added temperature stress factor in the coral 
 cover equations to account for the negative  
 impact of increased sea-surface temperature  
 coral health.                                
 >>>>>>> REPLACE                              
                                              

Tokens: 4.9k sent, 786 received. Cost: $0.0088
message, $0.0088 session.
Committing 
POPULATIONS\POPULATION_0003\INDIVIDUAL_84FYRE5
C\model.cpp before applying edits.
Committing 
POPULATIONS\POPULATION_0003\INDIVIDUAL_84FYRE5
C\parameters.json before applying edits.
Committing 
POPULATIONS\POPULATION_0003\INDIVIDUAL_84FYRE5
C\intention.txt before applying edits.
Unable to add C:\Users\spi085\OneDrive - 
CSIRO\Documents\_Projects\SCCP-QuantModelling\
POPULATIONS\POPULATION_0003\INDIVIDUAL_84FYRE5
C\model.cpp: Cmd('git') failed due to: exit 
code(1)
  cmdline: git add C:\Users\spi085\OneDrive - 
CSIRO\Documents\_Projects\SCCP-QuantModelling\
POPULATIONS\POPULATION_0003\INDIVIDUAL_84FYRE5
C\model.cpp
  stderr: 'The following paths are ignored by 
one of your .gitignore files:
POPULATIONS
hint: Use -f if you really want to add them.
hint: Turn this message off by running
hint: "git config advice.addIgnoredFile 
false"'
Unable to add C:\Users\spi085\OneDrive - 
CSIRO\Documents\_Projects\SCCP-QuantModelling\
POPULATIONS\POPULATION_0003\INDIVIDUAL_84FYRE5
C\parameters.json: Cmd('git') failed due to: 
exit code(1)
  cmdline: git add C:\Users\spi085\OneDrive - 
CSIRO\Documents\_Projects\SCCP-QuantModelling\
POPULATIONS\POPULATION_0003\INDIVIDUAL_84FYRE5
C\parameters.json
  stderr: 'The following paths are ignored by 
one of your .gitignore files:
POPULATIONS
hint: Use -f if you really want to add them.
hint: Turn this message off by running
hint: "git config advice.addIgnoredFile 
false"'
Unable to add C:\Users\spi085\OneDrive - 
CSIRO\Documents\_Projects\SCCP-QuantModelling\
POPULATIONS\POPULATION_0003\INDIVIDUAL_84FYRE5
C\intention.txt: Cmd('git') failed due to: 
exit code(1)
  cmdline: git add C:\Users\spi085\OneDrive - 
CSIRO\Documents\_Projects\SCCP-QuantModelling\
POPULATIONS\POPULATION_0003\INDIVIDUAL_84FYRE5
C\intention.txt
  stderr: 'The following paths are ignored by 
one of your .gitignore files:
POPULATIONS
hint: Use -f if you really want to add them.
hint: Turn this message off by running
hint: "git config advice.addIgnoredFile 
false"'
Unable to commit: Cmd('git') failed due to: 
exit code(1)
  cmdline: git commit -m feat: Add model, 
parameters, and intention files for individual
84FYRE5C --no-verify -- 
C:\Users\spi085\OneDrive - 
CSIRO\Documents\_Projects\SCCP-QuantModelling\
POPULATIONS\POPULATION_0003\INDIVIDUAL_84FYRE5
C\model.cpp C:\Users\spi085\OneDrive - 
CSIRO\Documents\_Projects\SCCP-QuantModelling\
POPULATIONS\POPULATION_0003\INDIVIDUAL_84FYRE5
C\parameters.json C:\Users\spi085\OneDrive - 
CSIRO\Documents\_Projects\SCCP-QuantModelling\
POPULATIONS\POPULATION_0003\INDIVIDUAL_84FYRE5
C\intention.txt
  stderr: 'error: pathspec 
'C:\Users\spi085\OneDrive - 
CSIRO\Documents\_Projects\SCCP-QuantModelling\
POPULATIONS\POPULATION_0003\INDIVIDUAL_84FYRE5
C\model.cpp' did not match any file(s) known 
to git
error: pathspec 'C:\Users\spi085\OneDrive - 
CSIRO\Documents\_Projects\SCCP-QuantModelling\
POPULATIONS\POPULATION_0003\INDIVIDUAL_84FYRE5
C\parameters.json' did not match any file(s) 
known to git
error: pathspec 'C:\Users\spi085\OneDrive - 
CSIRO\Documents\_Projects\SCCP-QuantModelling\
POPULATIONS\POPULATION_0003\INDIVIDUAL_84FYRE5
C\intention.txt' did not match any file(s) 
known to git'
Applied edit to 
POPULATIONS\POPULATION_0003\INDIVIDUAL_84FYRE5
C\model.cpp
Applied edit to 
POPULATIONS\POPULATION_0003\INDIVIDUAL_84FYRE5
C\parameters.json
Applied edit to 
POPULATIONS\POPULATION_0003\INDIVIDUAL_84FYRE5
C\intention.txt
Improved existing model in individual: POPULATIONS\POPULATION_0003\INDIVIDUAL_84FYRE5C
Validating model for data leakage...
Opening file: POPULATIONS\POPULATION_0003\INDIVIDUAL_84FYRE5C\model.cpp
File read successfully
Extracting vectors...
Found data vectors: {'cotsimm_dat', 'slow_dat', 'cots_dat', 'sst_dat', 'fast_dat'}
Found prediction vectors: {'slow_pred', 'cots_pred', 'fast_pred'}
Finding initial conditions...
Found 0 initial conditions
Finding time-stepping loop...
Found loop from line 53 to 62
Found response variables: {'cots_dat', 'slow_dat', 'fast_dat'}
[93mRunning model for individual...[0m
[0mIndividual directory: POPULATIONS\POPULATION_0003\INDIVIDUAL_84FYRE5C[0m
[93mR script stdout:[0m
[0mg++ -std=gnu++17  -I"C:/Users/spi085/AppData/Local/Programs/R/R-4.4.1/include" -DNDEBUG -I"C:/Users/spi085/AppData/Local/Programs/R/R-44~1.1/library/TMB/include" -I"C:/Users/spi085/AppData/Local/Programs/R/R-44~1.1/library/RCPPEI~1/include"   -DTMB_EIGEN_DISABLE_WARNINGS   -DTMB_LIB_INIT=R_init_model  -DCPPAD_FRAMEWORK    -I"C:/rtools44/x86_64-w64-mingw32.static.posix/include"     -O2 -Wa,-mbig-obj -c POPULATIONS//POPULATION_0003//INDIVIDUAL_84FYRE5C/model.cpp -o POPULATIONS//POPULATION_0003//INDIVIDUAL_84FYRE5C/model.o[0m
[93mR script stderr:[0m
[0mLoading required package: TMB
Loading required package: jsonlite
here() starts at C:/Users/spi085/OneDrive - CSIRO/Documents/_Projects/SCCP-QuantModelling
using C++ compiler: 'G__~1.EXE (GCC) 13.2.0'
POPULATIONS//POPULATION_0003//INDIVIDUAL_84FYRE5C/model.cpp: In member function 'Type objective_function<Type>::operator()()':
POPULATIONS//POPULATION_0003//INDIVIDUAL_84FYRE5C/model.cpp:54:64: error: 'gamma_slow' was not declared in this scope; did you mean 'sigma_slow'?
   54 |     slow_pred[i] = slow_base * exp(- beta_slow * cots_dat[i] - gamma_slow * sst_dat[i]) + eps; // (1 updated)
      |                                                                ^~~~~~~~~~
      |                                                                sigma_slow
POPULATIONS//POPULATION_0003//INDIVIDUAL_84FYRE5C/model.cpp:55:64: error: 'gamma_fast' was not declared in this scope; did you mean 'sigma_fast'?
   55 |     fast_pred[i] = fast_base * exp(- beta_fast * cots_dat[i] - gamma_fast * sst_dat[i]) + eps;   // (2 updated)
      |                                                                ^~~~~~~~~~
      |                                                                sigma_fast
make: *** [C:/Users/spi085/AppData/Local/Programs/R/R-4.4.1/etc/x64/Makeconf:296: POPULATIONS//POPULATION_0003//INDIVIDUAL_84FYRE5C/model.o] Error 1
Error in TMB::compile(file.path(individual_dir, model_file), flags = flags,  : 
  Compilation failed
Error: Compilation failed
Execution halted[0m
[91mModel failed to compile.[0m
MODEL RUN FINISHED
Error: Objective value is None
Initial run failed. Attempting to fix...
Fixing broken model iteration: 0
Below is the proposed change. We add          
declarations for the new parameters           
(gamma_slow and gamma_fast) to the parameters 
list in model.cpp. This will fix the          
compilation errors.                           

Please review the following SEARCH/REPLACE    
block:                                        

POPULATIONS\POPULATION_0003\INDIVIDUAL_84FYRE5
C\model.cpp                                   

                                              
 <<<<<<< SEARCH                               
   PARAMETER(sigma_cots);      // Observation 
 error for COTS abundance (log scale)         
 =======                                      
   PARAMETER(sigma_cots);      // Observation 
 error for COTS abundance (log scale)         
   PARAMETER(gamma_slow);      // Temperature 
 sensitivity for slow-growing corals          
   PARAMETER(gamma_fast);      // Temperature 
 sensitivity for fast-growing corals          
 >>>>>>> REPLACE                              
                                              

Tokens: 6.5k sent, 153 received. Cost: $0.0079
message, $0.02 session.
Committing 
POPULATIONS\POPULATION_0003\INDIVIDUAL_84FYRE5
C\model.cpp before applying edits.
Unable to add C:\Users\spi085\OneDrive - 
CSIRO\Documents\_Projects\SCCP-QuantModelling\
POPULATIONS\POPULATION_0003\INDIVIDUAL_84FYRE5
C\model.cpp: Cmd('git') failed due to: exit 
code(1)
  cmdline: git add C:\Users\spi085\OneDrive - 
CSIRO\Documents\_Projects\SCCP-QuantModelling\
POPULATIONS\POPULATION_0003\INDIVIDUAL_84FYRE5
C\model.cpp
  stderr: 'The following paths are ignored by 
one of your .gitignore files:
POPULATIONS
hint: Use -f if you really want to add them.
hint: Turn this message off by running
hint: "git config advice.addIgnoredFile 
false"'
Unable to commit: Cmd('git') failed due to: 
exit code(1)
  cmdline: git commit -m feat: Add model.cpp 
for individual 84FYRE5C in population 0003 
--no-verify -- C:\Users\spi085\OneDrive - 
CSIRO\Documents\_Projects\SCCP-QuantModelling\
POPULATIONS\POPULATION_0003\INDIVIDUAL_84FYRE5
C\model.cpp
  stderr: 'error: pathspec 
'C:\Users\spi085\OneDrive - 
CSIRO\Documents\_Projects\SCCP-QuantModelling\
POPULATIONS\POPULATION_0003\INDIVIDUAL_84FYRE5
C\model.cpp' did not match any file(s) known 
to git'
Applied edit to 
POPULATIONS\POPULATION_0003\INDIVIDUAL_84FYRE5
C\model.cpp
Validating fixed model for data leakage...
Opening file: POPULATIONS\POPULATION_0003\INDIVIDUAL_84FYRE5C\model.cpp
File read successfully
Extracting vectors...
Found data vectors: {'cotsimm_dat', 'slow_dat', 'cots_dat', 'sst_dat', 'fast_dat'}
Found prediction vectors: {'slow_pred', 'cots_pred', 'fast_pred'}
Finding initial conditions...
Found 0 initial conditions
Finding time-stepping loop...
Found loop from line 55 to 64
Found response variables: {'cots_dat', 'slow_dat', 'fast_dat'}
[93mRunning model for individual...[0m
[0mIndividual directory: POPULATIONS\POPULATION_0003\INDIVIDUAL_84FYRE5C[0m
[93mR script stdout:[0m
[0mg++ -std=gnu++17  -I"C:/Users/spi085/AppData/Local/Programs/R/R-4.4.1/include" -DNDEBUG -I"C:/Users/spi085/AppData/Local/Programs/R/R-44~1.1/library/TMB/include" -I"C:/Users/spi085/AppData/Local/Programs/R/R-44~1.1/library/RCPPEI~1/include"   -DTMB_EIGEN_DISABLE_WARNINGS   -DTMB_LIB_INIT=R_init_model  -DCPPAD_FRAMEWORK    -I"C:/rtools44/x86_64-w64-mingw32.static.posix/include"     -O2 -Wa,-mbig-obj -c POPULATIONS//POPULATION_0003//INDIVIDUAL_84FYRE5C/model.cpp -o POPULATIONS//POPULATION_0003//INDIVIDUAL_84FYRE5C/model.o
g++ -std=gnu++17 -shared -s -static-libgcc -o POPULATIONS//POPULATION_0003//INDIVIDUAL_84FYRE5C/model.dll tmp.def POPULATIONS//POPULATION_0003//INDIVIDUAL_84FYRE5C/model.o -LC:/rtools44/x86_64-w64-mingw32.static.posix/lib/x64 -LC:/rtools44/x86_64-w64-mingw32.static.posix/lib -LC:/Users/spi085/AppData/Local/Programs/R/R-4.4.1/bin/x64 -lR
Starting model phases
Number of phases: 1 
Phase 1 
Initial parameter values for phase 1 :
log_growth_slow log_growth_fast       beta_slow       beta_fast       slow_base 
             NA            0.14              NA              NA              NA 
      fast_base   log_cots_rate      sigma_slow      sigma_fast      sigma_cots 
             NA              NA              NA              NA              NA 
     gamma_slow      gamma_fast 
             NA              NA 
Error in model phases: NA/NaN gradient evaluation[0m
[93mR script stderr:[0m
[0mLoading required package: TMB
Loading required package: jsonlite
here() starts at C:/Users/spi085/OneDrive - CSIRO/Documents/_Projects/SCCP-QuantModelling
using C++ compiler: 'G__~1.EXE (GCC) 13.2.0'
Error in value[[3L]](cond) : 
  Error in model phases: NA/NaN gradient evaluation
Calls: tryCatch -> tryCatchList -> tryCatchOne -> <Anonymous>
In addition: Warning message:
In nlminb(model$par, model$fn, model$gr) : NA/NaN function evaluation
Execution halted[0m
[91mR script failed with return code 1[0m
Fixing broken model iteration: 1
Below is the proposed change. We now center   
sea‚Äêsurface temperature by subtracting a      
reference value (26¬∞C) and use only the excess
temperature (if any) to drive coral stress.   
This change should avoid numerical issues     
arising from uncentered sst values and better 
represent the ecological threshold for        
temperature stress.                           

Please review the following SEARCH/REPLACE    
block:                                        

POPULATIONS\POPULATION_0003\INDIVIDUAL_84FYRE5
C\model.cpp                                   

                                              
 <<<<<<< SEARCH                               
   for(int i = 0; i < n; i++){                
     slow_pred[i] = slow_base * exp(- beta_sl 
 * cots_dat[i] - gamma_slow * sst_dat[i]) +   
 eps; // (1 updated)                          
     fast_pred[i] = fast_base * exp(- beta_fa 
 * cots_dat[i] - gamma_fast * sst_dat[i]) +   
 eps;   // (2 updated)                        
     cots_pred[i] = cots_rate * sst_dat[i] +  
 cotsimm_dat[i] + eps;       // (3)           
                                              
     // Likelihood using a lognormal          
 distribution for strictly positive data      
     nll -= dnorm(log(slow_dat[i] + eps),     
 log(slow_pred[i]), sigma_slow, true);        
     nll -= dnorm(log(fast_dat[i] + eps),     
 log(fast_pred[i]), sigma_fast, true);        
     nll -= dnorm(log(cots_dat[i] + eps),     
 log(cots_pred[i]), sigma_cots, true);        
   }                                          
 =======                                      
   for(int i = 0; i < n; i++){                
     Type temp_anomaly = sst_dat[i] -         
 Type(26.0);                                  
     if(temp_anomaly < 0) temp_anomaly = 0;   
     slow_pred[i] = slow_base * exp(- beta_sl 
 * cots_dat[i] - gamma_slow * temp_anomaly) + 
 eps; // (1 updated)                          
     fast_pred[i] = fast_base * exp(- beta_fa 
 * cots_dat[i] - gamma_fast * temp_anomaly) + 
 eps;   // (2 updated)                        
     cots_pred[i] = cots_rate * sst_dat[i] +  
 cotsimm_dat[i] + eps;       // (3)           
                                              
     // Likelihood using a lognormal          
 distribution for strictly positive data      
     nll -= dnorm(log(slow_dat[i] + eps),     
 log(slow_pred[i]), sigma_slow, true);        
     nll -= dnorm(log(fast_dat[i] + eps),     
 log(fast_pred[i]), sigma_fast, true);        
     nll -= dnorm(log(cots_dat[i] + eps),     
 log(cots_pred[i]), sigma_cots, true);        
   }                                          
 >>>>>>> REPLACE                              
                                              

Tokens: 7.4k sent, 568 received. Cost: $0.01 
message, $0.03 session.
Committing 
POPULATIONS\POPULATION_0003\INDIVIDUAL_84FYRE5
C\model.cpp before applying edits.
Unable to add C:\Users\spi085\OneDrive - 
CSIRO\Documents\_Projects\SCCP-QuantModelling\
POPULATIONS\POPULATION_0003\INDIVIDUAL_84FYRE5
C\model.cpp: Cmd('git') failed due to: exit 
code(1)
  cmdline: git add C:\Users\spi085\OneDrive - 
CSIRO\Documents\_Projects\SCCP-QuantModelling\
POPULATIONS\POPULATION_0003\INDIVIDUAL_84FYRE5
C\model.cpp
  stderr: 'The following paths are ignored by 
one of your .gitignore files:
POPULATIONS
hint: Use -f if you really want to add them.
hint: Turn this message off by running
hint: "git config advice.addIgnoredFile 
false"'
Unable to commit: Cmd('git') failed due to: 
exit code(1)
  cmdline: git commit -m feat: Add model.cpp 
for individual 84FYRE5C in population 0003 
--no-verify -- C:\Users\spi085\OneDrive - 
CSIRO\Documents\_Projects\SCCP-QuantModelling\
POPULATIONS\POPULATION_0003\INDIVIDUAL_84FYRE5
C\model.cpp
  stderr: 'error: pathspec 
'C:\Users\spi085\OneDrive - 
CSIRO\Documents\_Projects\SCCP-QuantModelling\
POPULATIONS\POPULATION_0003\INDIVIDUAL_84FYRE5
C\model.cpp' did not match any file(s) known 
to git'
Applied edit to 
POPULATIONS\POPULATION_0003\INDIVIDUAL_84FYRE5
C\model.cpp
Validating fixed model for data leakage...
Opening file: POPULATIONS\POPULATION_0003\INDIVIDUAL_84FYRE5C\model.cpp
File read successfully
Extracting vectors...
Found data vectors: {'cotsimm_dat', 'slow_dat', 'cots_dat', 'sst_dat', 'fast_dat'}
Found prediction vectors: {'slow_pred', 'cots_pred', 'fast_pred'}
Finding initial conditions...
Found 0 initial conditions
Finding time-stepping loop...
Found loop from line 55 to 66
Found response variables: {'cots_dat', 'slow_dat', 'fast_dat'}
[93mRunning model for individual...[0m
[0mIndividual directory: POPULATIONS\POPULATION_0003\INDIVIDUAL_84FYRE5C[0m
[93mRemoved old compilation: model.dll[0m
[93mRemoved old compilation: model.o[0m
[93mR script stdout:[0m
[0mg++ -std=gnu++17  -I"C:/Users/spi085/AppData/Local/Programs/R/R-4.4.1/include" -DNDEBUG -I"C:/Users/spi085/AppData/Local/Programs/R/R-44~1.1/library/TMB/include" -I"C:/Users/spi085/AppData/Local/Programs/R/R-44~1.1/library/RCPPEI~1/include"   -DTMB_EIGEN_DISABLE_WARNINGS   -DTMB_LIB_INIT=R_init_model  -DCPPAD_FRAMEWORK    -I"C:/rtools44/x86_64-w64-mingw32.static.posix/include"     -O2 -Wa,-mbig-obj -c POPULATIONS//POPULATION_0003//INDIVIDUAL_84FYRE5C/model.cpp -o POPULATIONS//POPULATION_0003//INDIVIDUAL_84FYRE5C/model.o
g++ -std=gnu++17 -shared -s -static-libgcc -o POPULATIONS//POPULATION_0003//INDIVIDUAL_84FYRE5C/model.dll tmp.def POPULATIONS//POPULATION_0003//INDIVIDUAL_84FYRE5C/model.o -LC:/rtools44/x86_64-w64-mingw32.static.posix/lib/x64 -LC:/rtools44/x86_64-w64-mingw32.static.posix/lib -LC:/Users/spi085/AppData/Local/Programs/R/R-4.4.1/bin/x64 -lR
Starting model phases
Number of phases: 1 
Phase 1 
Initial parameter values for phase 1 :
log_growth_slow log_growth_fast       beta_slow       beta_fast       slow_base 
             NA            0.14              NA              NA              NA 
      fast_base   log_cots_rate      sigma_slow      sigma_fast      sigma_cots 
             NA              NA              NA              NA              NA 
     gamma_slow      gamma_fast 
             NA              NA 
Error in model phases: NA/NaN gradient evaluation[0m
[93mR script stderr:[0m
[0mLoading required package: TMB
Loading required package: jsonlite
here() starts at C:/Users/spi085/OneDrive - CSIRO/Documents/_Projects/SCCP-QuantModelling
using C++ compiler: 'G__~1.EXE (GCC) 13.2.0'
Error in value[[3L]](cond) : 
  Error in model phases: NA/NaN gradient evaluation
Calls: tryCatch -> tryCatchList -> tryCatchOne -> <Anonymous>
In addition: Warning message:
In nlminb(model$par, model$fn, model$gr) : NA/NaN function evaluation
Execution halted[0m
[91mR script failed with return code 1[0m
Fixing broken model iteration: 2
Below is the proposed change. Instead of using
a discontinuous if‚Äëstatement to set the       
temperature anomaly to zero when below the    
threshold, we use a smooth "softplus" function
(i.e. log(1 + exp(x))) to approximate max(sst¬†
‚Äì¬†26, 0). This should yield smooth derivatives
and potentially improve numerical behavior.   

Please review the following SEARCH/REPLACE    
block:                                        

POPULATIONS\POPULATION_0003\INDIVIDUAL_84FYRE5
C\model.cpp                                   

                                              
 <<<<<<< SEARCH                               
     Type temp_anomaly = sst_dat[i] -         
 Type(26.0);                                  
     if(temp_anomaly < 0) temp_anomaly = 0;   
 =======                                      
     Type temp_anomaly = log(1 + exp(sst_dat[ 
 - Type(26.0)));                              
 >>>>>>> REPLACE                              
                                              

Tokens: 8.7k sent, 174 received. Cost: $0.01 
message, $0.04 session.
Committing 
POPULATIONS\POPULATION_0003\INDIVIDUAL_84FYRE5
C\model.cpp before applying edits.
Unable to add C:\Users\spi085\OneDrive - 
CSIRO\Documents\_Projects\SCCP-QuantModelling\
POPULATIONS\POPULATION_0003\INDIVIDUAL_84FYRE5
C\model.cpp: Cmd('git') failed due to: exit 
code(1)
  cmdline: git add C:\Users\spi085\OneDrive - 
CSIRO\Documents\_Projects\SCCP-QuantModelling\
POPULATIONS\POPULATION_0003\INDIVIDUAL_84FYRE5
C\model.cpp
  stderr: 'The following paths are ignored by 
one of your .gitignore files:
POPULATIONS
hint: Use -f if you really want to add them.
hint: Turn this message off by running
hint: "git config advice.addIgnoredFile 
false"'
Unable to commit: Cmd('git') failed due to: 
exit code(1)
  cmdline: git commit -m feat: Add model.cpp 
for individual 84FYRE5C in population 0003 
--no-verify -- C:\Users\spi085\OneDrive - 
CSIRO\Documents\_Projects\SCCP-QuantModelling\
POPULATIONS\POPULATION_0003\INDIVIDUAL_84FYRE5
C\model.cpp
  stderr: 'error: pathspec 
'C:\Users\spi085\OneDrive - 
CSIRO\Documents\_Projects\SCCP-QuantModelling\
POPULATIONS\POPULATION_0003\INDIVIDUAL_84FYRE5
C\model.cpp' did not match any file(s) known 
to git'
Applied edit to 
POPULATIONS\POPULATION_0003\INDIVIDUAL_84FYRE5
C\model.cpp
Validating fixed model for data leakage...
Opening file: POPULATIONS\POPULATION_0003\INDIVIDUAL_84FYRE5C\model.cpp
File read successfully
Extracting vectors...
Found data vectors: {'cotsimm_dat', 'slow_dat', 'cots_dat', 'sst_dat', 'fast_dat'}
Found prediction vectors: {'slow_pred', 'cots_pred', 'fast_pred'}
Finding initial conditions...
Found 0 initial conditions
Finding time-stepping loop...
Found loop from line 55 to 65
Found response variables: {'cots_dat', 'slow_dat', 'fast_dat'}
[93mRunning model for individual...[0m
[0mIndividual directory: POPULATIONS\POPULATION_0003\INDIVIDUAL_84FYRE5C[0m
[93mRemoved old compilation: model.dll[0m
[93mRemoved old compilation: model.o[0m
[93mR script stdout:[0m
[0mg++ -std=gnu++17  -I"C:/Users/spi085/AppData/Local/Programs/R/R-4.4.1/include" -DNDEBUG -I"C:/Users/spi085/AppData/Local/Programs/R/R-44~1.1/library/TMB/include" -I"C:/Users/spi085/AppData/Local/Programs/R/R-44~1.1/library/RCPPEI~1/include"   -DTMB_EIGEN_DISABLE_WARNINGS   -DTMB_LIB_INIT=R_init_model  -DCPPAD_FRAMEWORK    -I"C:/rtools44/x86_64-w64-mingw32.static.posix/include"     -O2 -Wa,-mbig-obj -c POPULATIONS//POPULATION_0003//INDIVIDUAL_84FYRE5C/model.cpp -o POPULATIONS//POPULATION_0003//INDIVIDUAL_84FYRE5C/model.o
g++ -std=gnu++17 -shared -s -static-libgcc -o POPULATIONS//POPULATION_0003//INDIVIDUAL_84FYRE5C/model.dll tmp.def POPULATIONS//POPULATION_0003//INDIVIDUAL_84FYRE5C/model.o -LC:/rtools44/x86_64-w64-mingw32.static.posix/lib/x64 -LC:/rtools44/x86_64-w64-mingw32.static.posix/lib -LC:/Users/spi085/AppData/Local/Programs/R/R-4.4.1/bin/x64 -lR
Starting model phases
Number of phases: 1 
Phase 1 
Initial parameter values for phase 1 :
log_growth_slow log_growth_fast       beta_slow       beta_fast       slow_base 
             NA            0.14              NA              NA              NA 
      fast_base   log_cots_rate      sigma_slow      sigma_fast      sigma_cots 
             NA              NA              NA              NA              NA 
     gamma_slow      gamma_fast 
             NA              NA 
Error in model phases: NA/NaN gradient evaluation[0m
[93mR script stderr:[0m
[0mLoading required package: TMB
Loading required package: jsonlite
here() starts at C:/Users/spi085/OneDrive - CSIRO/Documents/_Projects/SCCP-QuantModelling
using C++ compiler: 'G__~1.EXE (GCC) 13.2.0'
Error in value[[3L]](cond) : 
  Error in model phases: NA/NaN gradient evaluation
Calls: tryCatch -> tryCatchList -> tryCatchOne -> <Anonymous>
In addition: Warning message:
In nlminb(model$par, model$fn, model$gr) : NA/NaN function evaluation
Execution halted[0m
[91mR script failed with return code 1[0m
Fixing broken model iteration: 3
Below is the proposed change. The error was   
caused because TMB‚Äôs initial parameter values 
for gamma_slow and gamma_fast were undefined  
(NA). We add initial (found) values for these 
parameters in parameters.json so that TMB     
starts with non‚ÄêNA values.                    

Please review the following SEARCH/REPLACE    
blocks.                                       

POPULATIONS\POPULATION_0003\INDIVIDUAL_84FYRE5
C\parameters.json                             

                                              
 <<<<<<< SEARCH                               
         {                                    
             "parameter": "gamma_slow",       
             "value": 0.01,                   
             "description": "Temperature      
 sensitivity factor for slow-growing corals", 
             "source": "model calibration",   
             "import_type": "PARAMETER",      
             "priority": 1,                   
             "enhanced_semantic_description": 
 "Sensitivity of slow-growing coral cover to  
 increasing sea-surface temperature",         
             "processed": false               
         },                                   
 =======                                      
         {                                    
             "parameter": "gamma_slow",       
             "value": 0.01,                   
             "found_value": 0.01,             
             "description": "Temperature      
 sensitivity factor for slow-growing corals", 
             "source": "model calibration",   
             "import_type": "PARAMETER",      
             "priority": 1,                   
             "enhanced_semantic_description": 
 "Sensitivity of slow-growing coral cover to  
 increasing sea-surface temperature",         
             "processed": false               
         },                                   
 >>>>>>> REPLACE                              
                                              

POPULATIONS\POPULATION_0003\INDIVIDUAL_84FYRE5
C\parameters.json                             

                                              
 <<<<<<< SEARCH                               
         {                                    
             "parameter": "gamma_fast",       
             "value": 0.01,                   
             "description": "Temperature      
 sensitivity factor for fast-growing corals", 
             "source": "model calibration",   
             "import_type": "PARAMETER",      
             "priority": 1,                   
             "enhanced_semantic_description": 
 "Sensitivity of fast-growing coral cover to  
 increasing sea-surface temperature",         
             "processed": false               
         }                                    
 =======                                      
         {                                    
             "parameter": "gamma_fast",       
             "value": 0.01,                   
             "found_value": 0.01,             
             "description": "Temperature      
 sensitivity factor for fast-growing corals", 
             "source": "model calibration",   
             "import_type": "PARAMETER",      
             "priority": 1,                   
             "enhanced_semantic_description": 
 "Sensitivity of fast-growing coral cover to  
 increasing sea-surface temperature",         
             "processed": false               
         }                                    
 >>>>>>> REPLACE                              
                                              

Tokens: 9.5k sent, 507 received. Cost: $0.01 
message, $0.05 session.
Committing 
POPULATIONS\POPULATION_0003\INDIVIDUAL_84FYRE5
C\parameters.json before applying edits.
Unable to add C:\Users\spi085\OneDrive - 
CSIRO\Documents\_Projects\SCCP-QuantModelling\
POPULATIONS\POPULATION_0003\INDIVIDUAL_84FYRE5
C\parameters.json: Cmd('git') failed due to: 
exit code(1)
  cmdline: git add C:\Users\spi085\OneDrive - 
CSIRO\Documents\_Projects\SCCP-QuantModelling\
POPULATIONS\POPULATION_0003\INDIVIDUAL_84FYRE5
C\parameters.json
  stderr: 'The following paths are ignored by 
one of your .gitignore files:
POPULATIONS
hint: Use -f if you really want to add them.
hint: Turn this message off by running
hint: "git config advice.addIgnoredFile 
false"'
Unable to commit: Cmd('git') failed due to: 
exit code(1)
  cmdline: git commit -m feat: Add 
parameters.json for individual 84FYRE5C in 
population 0003 --no-verify -- 
C:\Users\spi085\OneDrive - 
CSIRO\Documents\_Projects\SCCP-QuantModelling\
POPULATIONS\POPULATION_0003\INDIVIDUAL_84FYRE5
C\parameters.json
  stderr: 'error: pathspec 
'C:\Users\spi085\OneDrive - 
CSIRO\Documents\_Projects\SCCP-QuantModelling\
POPULATIONS\POPULATION_0003\INDIVIDUAL_84FYRE5
C\parameters.json' did not match any file(s) 
known to git'
Applied edit to 
POPULATIONS\POPULATION_0003\INDIVIDUAL_84FYRE5
C\parameters.json
Validating fixed model for data leakage...
Opening file: POPULATIONS\POPULATION_0003\INDIVIDUAL_84FYRE5C\model.cpp
File read successfully
Extracting vectors...
Found data vectors: {'cotsimm_dat', 'slow_dat', 'cots_dat', 'sst_dat', 'fast_dat'}
Found prediction vectors: {'slow_pred', 'cots_pred', 'fast_pred'}
Finding initial conditions...
Found 0 initial conditions
Finding time-stepping loop...
Found loop from line 55 to 65
Found response variables: {'cots_dat', 'slow_dat', 'fast_dat'}
[93mRunning model for individual...[0m
[0mIndividual directory: POPULATIONS\POPULATION_0003\INDIVIDUAL_84FYRE5C[0m
[93mRemoved old compilation: model.dll[0m
[93mRemoved old compilation: model.o[0m
[93mR script stdout:[0m
[0mg++ -std=gnu++17  -I"C:/Users/spi085/AppData/Local/Programs/R/R-4.4.1/include" -DNDEBUG -I"C:/Users/spi085/AppData/Local/Programs/R/R-44~1.1/library/TMB/include" -I"C:/Users/spi085/AppData/Local/Programs/R/R-44~1.1/library/RCPPEI~1/include"   -DTMB_EIGEN_DISABLE_WARNINGS   -DTMB_LIB_INIT=R_init_model  -DCPPAD_FRAMEWORK    -I"C:/rtools44/x86_64-w64-mingw32.static.posix/include"     -O2 -Wa,-mbig-obj -c POPULATIONS//POPULATION_0003//INDIVIDUAL_84FYRE5C/model.cpp -o POPULATIONS//POPULATION_0003//INDIVIDUAL_84FYRE5C/model.o
g++ -std=gnu++17 -shared -s -static-libgcc -o POPULATIONS//POPULATION_0003//INDIVIDUAL_84FYRE5C/model.dll tmp.def POPULATIONS//POPULATION_0003//INDIVIDUAL_84FYRE5C/model.o -LC:/rtools44/x86_64-w64-mingw32.static.posix/lib/x64 -LC:/rtools44/x86_64-w64-mingw32.static.posix/lib -LC:/Users/spi085/AppData/Local/Programs/R/R-4.4.1/bin/x64 -lR
Starting model phases
Number of phases: 1 
Phase 1 
Initial parameter values for phase 1 :
log_growth_slow log_growth_fast       beta_slow       beta_fast       slow_base 
             NA            0.14              NA              NA              NA 
      fast_base   log_cots_rate      sigma_slow      sigma_fast      sigma_cots 
             NA              NA              NA              NA              NA 
     gamma_slow      gamma_fast 
           0.01            0.01 
Error in model phases: NA/NaN gradient evaluation[0m
[93mR script stderr:[0m
[0mLoading required package: TMB
Loading required package: jsonlite
here() starts at C:/Users/spi085/OneDrive - CSIRO/Documents/_Projects/SCCP-QuantModelling
using C++ compiler: 'G__~1.EXE (GCC) 13.2.0'
Error in value[[3L]](cond) : 
  Error in model phases: NA/NaN gradient evaluation
Calls: tryCatch -> tryCatchList -> tryCatchOne -> <Anonymous>
In addition: Warning message:
In nlminb(model$par, model$fn, model$gr) : NA/NaN function evaluation
Execution halted[0m
[91mR script failed with return code 1[0m
Fixing broken model iteration: 4
Below is the proposed change. We replace the  
current softplus implementation with a        
numerically stable version using log1p. This  
change calculates the temperature anomaly in a
stable manner and should avoid NA/NaN gradient
issues.                                       

Please review the following SEARCH/REPLACE    
block:                                        

POPULATIONS\POPULATION_0003\INDIVIDUAL_84FYRE5
C\model.cpp                                   

                                              
 <<<<<<< SEARCH                               
     Type temp_anomaly = log(1 + exp(sst_dat[ 
 - Type(26.0)));                              
 =======                                      
     Type diff = sst_dat[i] - Type(26.0);     
     Type temp_anomaly = diff +               
 log1p(exp(-diff));                           
 >>>>>>> REPLACE                              
                                              

Tokens: 11k sent, 143 received. Cost: $0.01 
message, $0.06 session.
Committing 
POPULATIONS\POPULATION_0003\INDIVIDUAL_84FYRE5
C\model.cpp before applying edits.
Unable to add C:\Users\spi085\OneDrive - 
CSIRO\Documents\_Projects\SCCP-QuantModelling\
POPULATIONS\POPULATION_0003\INDIVIDUAL_84FYRE5
C\model.cpp: Cmd('git') failed due to: exit 
code(1)
  cmdline: git add C:\Users\spi085\OneDrive - 
CSIRO\Documents\_Projects\SCCP-QuantModelling\
POPULATIONS\POPULATION_0003\INDIVIDUAL_84FYRE5
C\model.cpp
  stderr: 'The following paths are ignored by 
one of your .gitignore files:
POPULATIONS
hint: Use -f if you really want to add them.
hint: Turn this message off by running
hint: "git config advice.addIgnoredFile 
false"'
Unable to commit: Cmd('git') failed due to: 
exit code(1)
  cmdline: git commit -m feat: Add model.cpp 
for individual 84FYRE5C in population 0003 
--no-verify -- C:\Users\spi085\OneDrive - 
CSIRO\Documents\_Projects\SCCP-QuantModelling\
POPULATIONS\POPULATION_0003\INDIVIDUAL_84FYRE5
C\model.cpp
  stderr: 'error: pathspec 
'C:\Users\spi085\OneDrive - 
CSIRO\Documents\_Projects\SCCP-QuantModelling\
POPULATIONS\POPULATION_0003\INDIVIDUAL_84FYRE5
C\model.cpp' did not match any file(s) known 
to git'
Applied edit to 
POPULATIONS\POPULATION_0003\INDIVIDUAL_84FYRE5
C\model.cpp
Validating fixed model for data leakage...
Opening file: POPULATIONS\POPULATION_0003\INDIVIDUAL_84FYRE5C\model.cpp
File read successfully
Extracting vectors...
Found data vectors: {'cotsimm_dat', 'slow_dat', 'cots_dat', 'sst_dat', 'fast_dat'}
Found prediction vectors: {'slow_pred', 'cots_pred', 'fast_pred'}
Finding initial conditions...
Found 0 initial conditions
Finding time-stepping loop...
Found loop from line 55 to 66
Found response variables: {'cots_dat', 'slow_dat', 'fast_dat'}
[93mRunning model for individual...[0m
[0mIndividual directory: POPULATIONS\POPULATION_0003\INDIVIDUAL_84FYRE5C[0m
[93mRemoved old compilation: model.dll[0m
[93mRemoved old compilation: model.o[0m
[93mR script stdout:[0m
[0mg++ -std=gnu++17  -I"C:/Users/spi085/AppData/Local/Programs/R/R-4.4.1/include" -DNDEBUG -I"C:/Users/spi085/AppData/Local/Programs/R/R-44~1.1/library/TMB/include" -I"C:/Users/spi085/AppData/Local/Programs/R/R-44~1.1/library/RCPPEI~1/include"   -DTMB_EIGEN_DISABLE_WARNINGS   -DTMB_LIB_INIT=R_init_model  -DCPPAD_FRAMEWORK    -I"C:/rtools44/x86_64-w64-mingw32.static.posix/include"     -O2 -Wa,-mbig-obj -c POPULATIONS//POPULATION_0003//INDIVIDUAL_84FYRE5C/model.cpp -o POPULATIONS//POPULATION_0003//INDIVIDUAL_84FYRE5C/model.o[0m
[93mR script stderr:[0m
[0mLoading required package: TMB
Loading required package: jsonlite
here() starts at C:/Users/spi085/OneDrive - CSIRO/Documents/_Projects/SCCP-QuantModelling
using C++ compiler: 'G__~1.EXE (GCC) 13.2.0'
POPULATIONS//POPULATION_0003//INDIVIDUAL_84FYRE5C/model.cpp: In instantiation of 'Type objective_function<Type>::operator()() [with Type = CppAD::AD<double>]':
C:/Users/spi085/AppData/Local/Programs/R/R-4.4.1/library/TMB/include/tmb_core.hpp:1308:6:   required from here
POPULATIONS//POPULATION_0003//INDIVIDUAL_84FYRE5C/model.cpp:57:37: error: no matching function for call to 'log1p(CppAD::AD<double>)'
   57 |     Type temp_anomaly = diff + log1p(exp(-diff));
      |                                ~~~~~^~~~~~~~~~~~
In file included from C:/Users/spi085/AppData/Local/Programs/R/R-44~1.1/library/RCPPEI~1/include/Eigen/Core:380,
                 from C:/Users/spi085/AppData/Local/Programs/R/R-44~1.1/library/RCPPEI~1/include/Eigen/Dense:1,
                 from C:/Users/spi085/AppData/Local/Programs/R/R-4.4.1/library/TMB/include/TMB.hpp:92,
                 from POPULATIONS//POPULATION_0003//INDIVIDUAL_84FYRE5C/model.cpp:1:
C:/Users/spi085/AppData/Local/Programs/R/R-44~1.1/library/RCPPEI~1/include/Eigen/src/Core/GlobalFunctions.h:83:36: note: candidate: 'template<class Derived> const Eigen::CwiseUnaryOp<Eigen::internal::scalar_log1p_op<typename Derived::Scalar>, const Derived> Eigen::log1p(const ArrayBase<Derived>&)'
   83 |   EIGEN_ARRAY_DECLARE_GLOBAL_UNARY(log1p,scalar_log1p_op,natural logarithm of 1 plus the value,\sa ArrayBase::log1p)
      |                                    ^~~~~
C:/Users/spi085/AppData/Local/Programs/R/R-44~1.1/library/RCPPEI~1/include/Eigen/src/Core/GlobalFunctions.h:32:4: note: in definition of macro 'EIGEN_ARRAY_DECLARE_GLOBAL_UNARY'
   32 |   (NAME)(const Eigen::ArrayBase<Derived>& x) { \
      |    ^~~~
C:/Users/spi085/AppData/Local/Programs/R/R-44~1.1/library/RCPPEI~1/include/Eigen/src/Core/GlobalFunctions.h:83:36: note:   template argument deduction/substitution failed:
   83 |   EIGEN_ARRAY_DECLARE_GLOBAL_UNARY(log1p,scalar_log1p_op,natural logarithm of 1 plus the value,\sa ArrayBase::log1p)
      |                                    ^~~~~
C:/Users/spi085/AppData/Local/Programs/R/R-44~1.1/library/RCPPEI~1/include/Eigen/src/Core/GlobalFunctions.h:32:4: note: in definition of macro 'EIGEN_ARRAY_DECLARE_GLOBAL_UNARY'
   32 |   (NAME)(const Eigen::ArrayBase<Derived>& x) { \
      |    ^~~~
POPULATIONS//POPULATION_0003//INDIVIDUAL_84FYRE5C/model.cpp:57:37: note:   'CppAD::AD<double>' is not derived from 'const Eigen::ArrayBase<Derived>'
   57 |     Type temp_anomaly = diff + log1p(exp(-diff));
      |                                ~~~~~^~~~~~~~~~~~
In file included from C:/rtools44/x86_64-w64-mingw32.static.posix/lib/gcc/x86_64-w64-mingw32.static.posix/13.2.0/include/c++/cmath:47,
                 from C:/Users/spi085/AppData/Local/Programs/R/R-44~1.1/library/RCPPEI~1/include/Eigen/src/Core/util/Macros.h:679,
                 from C:/Users/spi085/AppData/Local/Programs/R/R-44~1.1/library/RCPPEI~1/include/Eigen/Core:19:
C:/rtools44/x86_64-w64-mingw32.static.posix/include/math.h:763:25: note: candidate: 'double log1p(double)'
  763 |   extern double __cdecl log1p(double);
      |                         ^~~~~
C:/rtools44/x86_64-w64-mingw32.static.posix/include/math.h:763:31: note:   no known conversion for argument 1 from 'CppAD::AD<double>' to 'double'
  763 |   extern double __cdecl log1p(double);
      |                               ^~~~~~
POPULATIONS//POPULATION_0003//INDIVIDUAL_84FYRE5C/model.cpp: In instantiation of 'Type objective_function<Type>::operator()() [with Type = CppAD::AD<CppAD::AD<double> >]':
C:/Users/spi085/AppData/Local/Programs/R/R-4.4.1/library/TMB/include/tmb_core.hpp:913:29:   required from 'Type objective_function<Type>::evalUserTemplate() [with Type = CppAD::AD<CppAD::AD<double> >]'
C:/Users/spi085/AppData/Local/Programs/R/R-4.4.1/library/TMB/include/tmb_core.hpp:2112:26:   required from here
POPULATIONS//POPULATION_0003//INDIVIDUAL_84FYRE5C/model.cpp:57:37: error: no matching function for call to 'log1p(CppAD::AD<CppAD::AD<double> >)'
   57 |     Type temp_anomaly = diff + log1p(exp(-diff));
      |                                ~~~~~^~~~~~~~~~~~
C:/Users/spi085/AppData/Local/Programs/R/R-44~1.1/library/RCPPEI~1/include/Eigen/src/Core/GlobalFunctions.h:83:36: note: candidate: 'template<class Derived> const Eigen::CwiseUnaryOp<Eigen::internal::scalar_log1p_op<typename Derived::Scalar>, const Derived> Eigen::log1p(const ArrayBase<Derived>&)'
   83 |   EIGEN_ARRAY_DECLARE_GLOBAL_UNARY(log1p,scalar_log1p_op,natural logarithm of 1 plus the value,\sa ArrayBase::log1p)
      |                                    ^~~~~
C:/Users/spi085/AppData/Local/Programs/R/R-44~1.1/library/RCPPEI~1/include/Eigen/src/Core/GlobalFunctions.h:32:4: note: in definition of macro 'EIGEN_ARRAY_DECLARE_GLOBAL_UNARY'
   32 |   (NAME)(const Eigen::ArrayBase<Derived>& x) { \
      |    ^~~~
C:/Users/spi085/AppData/Local/Programs/R/R-44~1.1/library/RCPPEI~1/include/Eigen/src/Core/GlobalFunctions.h:83:36: note:   template argument deduction/substitution failed:
   83 |   EIGEN_ARRAY_DECLARE_GLOBAL_UNARY(log1p,scalar_log1p_op,natural logarithm of 1 plus the value,\sa ArrayBase::log1p)
      |                                    ^~~~~
C:/Users/spi085/AppData/Local/Programs/R/R-44~1.1/library/RCPPEI~1/include/Eigen/src/Core/GlobalFunctions.h:32:4: note: in definition of macro 'EIGEN_ARRAY_DECLARE_GLOBAL_UNARY'
   32 |   (NAME)(const Eigen::ArrayBase<Derived>& x) { \
      |    ^~~~
POPULATIONS//POPULATION_0003//INDIVIDUAL_84FYRE5C/model.cpp:57:37: note:   'CppAD::AD<CppAD::AD<double> >' is not derived from 'const Eigen::ArrayBase<Derived>'
   57 |     Type temp_anomaly = diff + log1p(exp(-diff));
      |                                ~~~~~^~~~~~~~~~~~
C:/rtools44/x86_64-w64-mingw32.static.posix/include/math.h:763:25: note: candidate: 'double log1p(double)'
  763 |   extern double __cdecl log1p(double);
      |                         ^~~~~
C:/rtools44/x86_64-w64-mingw32.static.posix/include/math.h:763:31: note:   no known conversion for argument 1 from 'CppAD::AD<CppAD::AD<double> >' to 'double'
  763 |   extern double __cdecl log1p(double);
      |                               ^~~~~~
POPULATIONS//POPULATION_0003//INDIVIDUAL_84FYRE5C/model.cpp: In instantiation of 'Type objective_function<Type>::operator()() [with Type = CppAD::AD<CppAD::AD<CppAD::AD<double> > >]':
C:/Users/spi085/AppData/Local/Programs/R/R-4.4.1/library/TMB/include/tmb_core.hpp:913:29:   required from 'Type objective_function<Type>::evalUserTemplate() [with Type = CppAD::AD<CppAD::AD<CppAD::AD<double> > >]'
C:/Users/spi085/AppData/Local/Programs/R/R-4.4.1/library/TMB/include/tmb_core.hpp:2361:28:   required from here
POPULATIONS//POPULATION_0003//INDIVIDUAL_84FYRE5C/model.cpp:57:37: error: no matching function for call to 'log1p(CppAD::AD<CppAD::AD<CppAD::AD<double> > >)'
   57 |     Type temp_anomaly = diff + log1p(exp(-diff));
      |                                ~~~~~^~~~~~~~~~~~
C:/Users/spi085/AppData/Local/Programs/R/R-44~1.1/library/RCPPEI~1/include/Eigen/src/Core/GlobalFunctions.h:83:36: note: candidate: 'template<class Derived> const Eigen::CwiseUnaryOp<Eigen::internal::scalar_log1p_op<typename Derived::Scalar>, const Derived> Eigen::log1p(const ArrayBase<Derived>&)'
   83 |   EIGEN_ARRAY_DECLARE_GLOBAL_UNARY(log1p,scalar_log1p_op,natural logarithm of 1 plus the value,\sa ArrayBase::log1p)
      |                                    ^~~~~
C:/Users/spi085/AppData/Local/Programs/R/R-44~1.1/library/RCPPEI~1/include/Eigen/src/Core/GlobalFunctions.h:32:4: note: in definition of macro 'EIGEN_ARRAY_DECLARE_GLOBAL_UNARY'
   32 |   (NAME)(const Eigen::ArrayBase<Derived>& x) { \
      |    ^~~~
C:/Users/spi085/AppData/Local/Programs/R/R-44~1.1/library/RCPPEI~1/include/Eigen/src/Core/GlobalFunctions.h:83:36: note:   template argument deduction/substitution failed:
   83 |   EIGEN_ARRAY_DECLARE_GLOBAL_UNARY(log1p,scalar_log1p_op,natural logarithm of 1 plus the value,\sa ArrayBase::log1p)
      |                                    ^~~~~
C:/Users/spi085/AppData/Local/Programs/R/R-44~1.1/library/RCPPEI~1/include/Eigen/src/Core/GlobalFunctions.h:32:4: note: in definition of macro 'EIGEN_ARRAY_DECLARE_GLOBAL_UNARY'
   32 |   (NAME)(const Eigen::ArrayBase<Derived>& x) { \
      |    ^~~~
POPULATIONS//POPULATION_0003//INDIVIDUAL_84FYRE5C/model.cpp:57:37: note:   'CppAD::AD<CppAD::AD<CppAD::AD<double> > >' is not derived from 'const Eigen::ArrayBase<Derived>'
   57 |     Type temp_anomaly = diff + log1p(exp(-diff));
      |                                ~~~~~^~~~~~~~~~~~
C:/rtools44/x86_64-w64-mingw32.static.posix/include/math.h:763:25: note: candidate: 'double log1p(double)'
  763 |   extern double __cdecl log1p(double);
      |                         ^~~~~
C:/rtools44/x86_64-w64-mingw32.static.posix/include/math.h:763:31: note:   no known conversion for argument 1 from 'CppAD::AD<CppAD::AD<CppAD::AD<double> > >' to 'double'
  763 |   extern double __cdecl log1p(double);
      |                               ^~~~~~
make: *** [C:/Users/spi085/AppData/Local/Programs/R/R-4.4.1/etc/x64/Makeconf:296: POPULATIONS//POPULATION_0003//INDIVIDUAL_84FYRE5C/model.o] Error 1
Error in TMB::compile(file.path(individual_dir, model_file), flags = flags,  : 
  Compilation failed
Error: Compilation failed
Execution halted[0m
[91mModel failed to compile.[0m
Maximum sub-iterations reached for POPULATIONS\POPULATION_0003\INDIVIDUAL_84FYRE5C. The model could not be successfully run after 5 attempts.
