{
  "iterations": {
    "1": {
      "status": "ERROR",
      "message": "Model failed to compile.",
      "stdout": "g++ -std=gnu++17  -I\"C:/Users/spi085/AppData/Local/Programs/R/R-4.4.1/include\" -DNDEBUG -I\"C:/Users/spi085/AppData/Local/Programs/R/R-44~1.1/library/TMB/include\" -I\"C:/Users/spi085/AppData/Local/Programs/R/R-44~1.1/library/RCPPEI~1/include\"   -DTMB_EIGEN_DISABLE_WARNINGS   -DTMB_LIB_INIT=R_init_model  -DCPPAD_FRAMEWORK    -I\"C:/rtools44/x86_64-w64-mingw32.static.posix/include\"     -O2 -Wa,-mbig-obj -c POPULATIONS//POPULATION_0003//INDIVIDUAL_84FYRE5C/model.cpp -o POPULATIONS//POPULATION_0003//INDIVIDUAL_84FYRE5C/model.o",
      "stderr": "Loading required package: TMB\nLoading required package: jsonlite\nhere() starts at C:/Users/spi085/OneDrive - CSIRO/Documents/_Projects/SCCP-QuantModelling\nusing C++ compiler: 'G__~1.EXE (GCC) 13.2.0'\nPOPULATIONS//POPULATION_0003//INDIVIDUAL_84FYRE5C/model.cpp: In member function 'Type objective_function<Type>::operator()()':\nPOPULATIONS//POPULATION_0003//INDIVIDUAL_84FYRE5C/model.cpp:54:64: error: 'gamma_slow' was not declared in this scope; did you mean 'sigma_slow'?\n   54 |     slow_pred[i] = slow_base * exp(- beta_slow * cots_dat[i] - gamma_slow * sst_dat[i]) + eps; // (1 updated)\n      |                                                                ^~~~~~~~~~\n      |                                                                sigma_slow\nPOPULATIONS//POPULATION_0003//INDIVIDUAL_84FYRE5C/model.cpp:55:64: error: 'gamma_fast' was not declared in this scope; did you mean 'sigma_fast'?\n   55 |     fast_pred[i] = fast_base * exp(- beta_fast * cots_dat[i] - gamma_fast * sst_dat[i]) + eps;   // (2 updated)\n      |                                                                ^~~~~~~~~~\n      |                                                                sigma_fast\nmake: *** [C:/Users/spi085/AppData/Local/Programs/R/R-4.4.1/etc/x64/Makeconf:296: POPULATIONS//POPULATION_0003//INDIVIDUAL_84FYRE5C/model.o] Error 1\nError in TMB::compile(file.path(individual_dir, model_file), flags = flags,  : \n  Compilation failed\nError: Compilation failed\nExecution halted"
    },
    "2": {
      "status": "ERROR",
      "message": "R script failed with return code 1",
      "stdout": "g++ -std=gnu++17  -I\"C:/Users/spi085/AppData/Local/Programs/R/R-4.4.1/include\" -DNDEBUG -I\"C:/Users/spi085/AppData/Local/Programs/R/R-44~1.1/library/TMB/include\" -I\"C:/Users/spi085/AppData/Local/Programs/R/R-44~1.1/library/RCPPEI~1/include\"   -DTMB_EIGEN_DISABLE_WARNINGS   -DTMB_LIB_INIT=R_init_model  -DCPPAD_FRAMEWORK    -I\"C:/rtools44/x86_64-w64-mingw32.static.posix/include\"     -O2 -Wa,-mbig-obj -c POPULATIONS//POPULATION_0003//INDIVIDUAL_84FYRE5C/model.cpp -o POPULATIONS//POPULATION_0003//INDIVIDUAL_84FYRE5C/model.o\ng++ -std=gnu++17 -shared -s -static-libgcc -o POPULATIONS//POPULATION_0003//INDIVIDUAL_84FYRE5C/model.dll tmp.def POPULATIONS//POPULATION_0003//INDIVIDUAL_84FYRE5C/model.o -LC:/rtools44/x86_64-w64-mingw32.static.posix/lib/x64 -LC:/rtools44/x86_64-w64-mingw32.static.posix/lib -LC:/Users/spi085/AppData/Local/Programs/R/R-4.4.1/bin/x64 -lR\nStarting model phases\nNumber of phases: 1 \nPhase 1 \nInitial parameter values for phase 1 :\nlog_growth_slow log_growth_fast       beta_slow       beta_fast       slow_base \n             NA            0.14              NA              NA              NA \n      fast_base   log_cots_rate      sigma_slow      sigma_fast      sigma_cots \n             NA              NA              NA              NA              NA \n     gamma_slow      gamma_fast \n             NA              NA \nError in model phases: NA/NaN gradient evaluation",
      "stderr": "Loading required package: TMB\nLoading required package: jsonlite\nhere() starts at C:/Users/spi085/OneDrive - CSIRO/Documents/_Projects/SCCP-QuantModelling\nusing C++ compiler: 'G__~1.EXE (GCC) 13.2.0'\nError in value[[3L]](cond) : \n  Error in model phases: NA/NaN gradient evaluation\nCalls: tryCatch -> tryCatchList -> tryCatchOne -> <Anonymous>\nIn addition: Warning message:\nIn nlminb(model$par, model$fn, model$gr) : NA/NaN function evaluation\nExecution halted"
    },
    "3": {
      "status": "ERROR",
      "message": "R script failed with return code 1",
      "stdout": "g++ -std=gnu++17  -I\"C:/Users/spi085/AppData/Local/Programs/R/R-4.4.1/include\" -DNDEBUG -I\"C:/Users/spi085/AppData/Local/Programs/R/R-44~1.1/library/TMB/include\" -I\"C:/Users/spi085/AppData/Local/Programs/R/R-44~1.1/library/RCPPEI~1/include\"   -DTMB_EIGEN_DISABLE_WARNINGS   -DTMB_LIB_INIT=R_init_model  -DCPPAD_FRAMEWORK    -I\"C:/rtools44/x86_64-w64-mingw32.static.posix/include\"     -O2 -Wa,-mbig-obj -c POPULATIONS//POPULATION_0003//INDIVIDUAL_84FYRE5C/model.cpp -o POPULATIONS//POPULATION_0003//INDIVIDUAL_84FYRE5C/model.o\ng++ -std=gnu++17 -shared -s -static-libgcc -o POPULATIONS//POPULATION_0003//INDIVIDUAL_84FYRE5C/model.dll tmp.def POPULATIONS//POPULATION_0003//INDIVIDUAL_84FYRE5C/model.o -LC:/rtools44/x86_64-w64-mingw32.static.posix/lib/x64 -LC:/rtools44/x86_64-w64-mingw32.static.posix/lib -LC:/Users/spi085/AppData/Local/Programs/R/R-4.4.1/bin/x64 -lR\nStarting model phases\nNumber of phases: 1 \nPhase 1 \nInitial parameter values for phase 1 :\nlog_growth_slow log_growth_fast       beta_slow       beta_fast       slow_base \n             NA            0.14              NA              NA              NA \n      fast_base   log_cots_rate      sigma_slow      sigma_fast      sigma_cots \n             NA              NA              NA              NA              NA \n     gamma_slow      gamma_fast \n             NA              NA \nError in model phases: NA/NaN gradient evaluation",
      "stderr": "Loading required package: TMB\nLoading required package: jsonlite\nhere() starts at C:/Users/spi085/OneDrive - CSIRO/Documents/_Projects/SCCP-QuantModelling\nusing C++ compiler: 'G__~1.EXE (GCC) 13.2.0'\nError in value[[3L]](cond) : \n  Error in model phases: NA/NaN gradient evaluation\nCalls: tryCatch -> tryCatchList -> tryCatchOne -> <Anonymous>\nIn addition: Warning message:\nIn nlminb(model$par, model$fn, model$gr) : NA/NaN function evaluation\nExecution halted"
    },
    "4": {
      "status": "ERROR",
      "message": "R script failed with return code 1",
      "stdout": "g++ -std=gnu++17  -I\"C:/Users/spi085/AppData/Local/Programs/R/R-4.4.1/include\" -DNDEBUG -I\"C:/Users/spi085/AppData/Local/Programs/R/R-44~1.1/library/TMB/include\" -I\"C:/Users/spi085/AppData/Local/Programs/R/R-44~1.1/library/RCPPEI~1/include\"   -DTMB_EIGEN_DISABLE_WARNINGS   -DTMB_LIB_INIT=R_init_model  -DCPPAD_FRAMEWORK    -I\"C:/rtools44/x86_64-w64-mingw32.static.posix/include\"     -O2 -Wa,-mbig-obj -c POPULATIONS//POPULATION_0003//INDIVIDUAL_84FYRE5C/model.cpp -o POPULATIONS//POPULATION_0003//INDIVIDUAL_84FYRE5C/model.o\ng++ -std=gnu++17 -shared -s -static-libgcc -o POPULATIONS//POPULATION_0003//INDIVIDUAL_84FYRE5C/model.dll tmp.def POPULATIONS//POPULATION_0003//INDIVIDUAL_84FYRE5C/model.o -LC:/rtools44/x86_64-w64-mingw32.static.posix/lib/x64 -LC:/rtools44/x86_64-w64-mingw32.static.posix/lib -LC:/Users/spi085/AppData/Local/Programs/R/R-4.4.1/bin/x64 -lR\nStarting model phases\nNumber of phases: 1 \nPhase 1 \nInitial parameter values for phase 1 :\nlog_growth_slow log_growth_fast       beta_slow       beta_fast       slow_base \n             NA            0.14              NA              NA              NA \n      fast_base   log_cots_rate      sigma_slow      sigma_fast      sigma_cots \n             NA              NA              NA              NA              NA \n     gamma_slow      gamma_fast \n             NA              NA \nError in model phases: NA/NaN gradient evaluation",
      "stderr": "Loading required package: TMB\nLoading required package: jsonlite\nhere() starts at C:/Users/spi085/OneDrive - CSIRO/Documents/_Projects/SCCP-QuantModelling\nusing C++ compiler: 'G__~1.EXE (GCC) 13.2.0'\nError in value[[3L]](cond) : \n  Error in model phases: NA/NaN gradient evaluation\nCalls: tryCatch -> tryCatchList -> tryCatchOne -> <Anonymous>\nIn addition: Warning message:\nIn nlminb(model$par, model$fn, model$gr) : NA/NaN function evaluation\nExecution halted"
    },
    "5": {
      "status": "ERROR",
      "message": "R script failed with return code 1",
      "stdout": "g++ -std=gnu++17  -I\"C:/Users/spi085/AppData/Local/Programs/R/R-4.4.1/include\" -DNDEBUG -I\"C:/Users/spi085/AppData/Local/Programs/R/R-44~1.1/library/TMB/include\" -I\"C:/Users/spi085/AppData/Local/Programs/R/R-44~1.1/library/RCPPEI~1/include\"   -DTMB_EIGEN_DISABLE_WARNINGS   -DTMB_LIB_INIT=R_init_model  -DCPPAD_FRAMEWORK    -I\"C:/rtools44/x86_64-w64-mingw32.static.posix/include\"     -O2 -Wa,-mbig-obj -c POPULATIONS//POPULATION_0003//INDIVIDUAL_84FYRE5C/model.cpp -o POPULATIONS//POPULATION_0003//INDIVIDUAL_84FYRE5C/model.o\ng++ -std=gnu++17 -shared -s -static-libgcc -o POPULATIONS//POPULATION_0003//INDIVIDUAL_84FYRE5C/model.dll tmp.def POPULATIONS//POPULATION_0003//INDIVIDUAL_84FYRE5C/model.o -LC:/rtools44/x86_64-w64-mingw32.static.posix/lib/x64 -LC:/rtools44/x86_64-w64-mingw32.static.posix/lib -LC:/Users/spi085/AppData/Local/Programs/R/R-4.4.1/bin/x64 -lR\nStarting model phases\nNumber of phases: 1 \nPhase 1 \nInitial parameter values for phase 1 :\nlog_growth_slow log_growth_fast       beta_slow       beta_fast       slow_base \n             NA            0.14              NA              NA              NA \n      fast_base   log_cots_rate      sigma_slow      sigma_fast      sigma_cots \n             NA              NA              NA              NA              NA \n     gamma_slow      gamma_fast \n           0.01            0.01 \nError in model phases: NA/NaN gradient evaluation",
      "stderr": "Loading required package: TMB\nLoading required package: jsonlite\nhere() starts at C:/Users/spi085/OneDrive - CSIRO/Documents/_Projects/SCCP-QuantModelling\nusing C++ compiler: 'G__~1.EXE (GCC) 13.2.0'\nError in value[[3L]](cond) : \n  Error in model phases: NA/NaN gradient evaluation\nCalls: tryCatch -> tryCatchList -> tryCatchOne -> <Anonymous>\nIn addition: Warning message:\nIn nlminb(model$par, model$fn, model$gr) : NA/NaN function evaluation\nExecution halted"
    },
    "6": {
      "status": "ERROR",
      "message": "Model failed to compile.",
      "stdout": "g++ -std=gnu++17  -I\"C:/Users/spi085/AppData/Local/Programs/R/R-4.4.1/include\" -DNDEBUG -I\"C:/Users/spi085/AppData/Local/Programs/R/R-44~1.1/library/TMB/include\" -I\"C:/Users/spi085/AppData/Local/Programs/R/R-44~1.1/library/RCPPEI~1/include\"   -DTMB_EIGEN_DISABLE_WARNINGS   -DTMB_LIB_INIT=R_init_model  -DCPPAD_FRAMEWORK    -I\"C:/rtools44/x86_64-w64-mingw32.static.posix/include\"     -O2 -Wa,-mbig-obj -c POPULATIONS//POPULATION_0003//INDIVIDUAL_84FYRE5C/model.cpp -o POPULATIONS//POPULATION_0003//INDIVIDUAL_84FYRE5C/model.o",
      "stderr": "Loading required package: TMB\nLoading required package: jsonlite\nhere() starts at C:/Users/spi085/OneDrive - CSIRO/Documents/_Projects/SCCP-QuantModelling\nusing C++ compiler: 'G__~1.EXE (GCC) 13.2.0'\nPOPULATIONS//POPULATION_0003//INDIVIDUAL_84FYRE5C/model.cpp: In instantiation of 'Type objective_function<Type>::operator()() [with Type = CppAD::AD<double>]':\nC:/Users/spi085/AppData/Local/Programs/R/R-4.4.1/library/TMB/include/tmb_core.hpp:1308:6:   required from here\nPOPULATIONS//POPULATION_0003//INDIVIDUAL_84FYRE5C/model.cpp:57:37: error: no matching function for call to 'log1p(CppAD::AD<double>)'\n   57 |     Type temp_anomaly = diff + log1p(exp(-diff));\n      |                                ~~~~~^~~~~~~~~~~~\nIn file included from C:/Users/spi085/AppData/Local/Programs/R/R-44~1.1/library/RCPPEI~1/include/Eigen/Core:380,\n                 from C:/Users/spi085/AppData/Local/Programs/R/R-44~1.1/library/RCPPEI~1/include/Eigen/Dense:1,\n                 from C:/Users/spi085/AppData/Local/Programs/R/R-4.4.1/library/TMB/include/TMB.hpp:92,\n                 from POPULATIONS//POPULATION_0003//INDIVIDUAL_84FYRE5C/model.cpp:1:\nC:/Users/spi085/AppData/Local/Programs/R/R-44~1.1/library/RCPPEI~1/include/Eigen/src/Core/GlobalFunctions.h:83:36: note: candidate: 'template<class Derived> const Eigen::CwiseUnaryOp<Eigen::internal::scalar_log1p_op<typename Derived::Scalar>, const Derived> Eigen::log1p(const ArrayBase<Derived>&)'\n   83 |   EIGEN_ARRAY_DECLARE_GLOBAL_UNARY(log1p,scalar_log1p_op,natural logarithm of 1 plus the value,\\sa ArrayBase::log1p)\n      |                                    ^~~~~\nC:/Users/spi085/AppData/Local/Programs/R/R-44~1.1/library/RCPPEI~1/include/Eigen/src/Core/GlobalFunctions.h:32:4: note: in definition of macro 'EIGEN_ARRAY_DECLARE_GLOBAL_UNARY'\n   32 |   (NAME)(const Eigen::ArrayBase<Derived>& x) { \\\n      |    ^~~~\nC:/Users/spi085/AppData/Local/Programs/R/R-44~1.1/library/RCPPEI~1/include/Eigen/src/Core/GlobalFunctions.h:83:36: note:   template argument deduction/substitution failed:\n   83 |   EIGEN_ARRAY_DECLARE_GLOBAL_UNARY(log1p,scalar_log1p_op,natural logarithm of 1 plus the value,\\sa ArrayBase::log1p)\n      |                                    ^~~~~\nC:/Users/spi085/AppData/Local/Programs/R/R-44~1.1/library/RCPPEI~1/include/Eigen/src/Core/GlobalFunctions.h:32:4: note: in definition of macro 'EIGEN_ARRAY_DECLARE_GLOBAL_UNARY'\n   32 |   (NAME)(const Eigen::ArrayBase<Derived>& x) { \\\n      |    ^~~~\nPOPULATIONS//POPULATION_0003//INDIVIDUAL_84FYRE5C/model.cpp:57:37: note:   'CppAD::AD<double>' is not derived from 'const Eigen::ArrayBase<Derived>'\n   57 |     Type temp_anomaly = diff + log1p(exp(-diff));\n      |                                ~~~~~^~~~~~~~~~~~\nIn file included from C:/rtools44/x86_64-w64-mingw32.static.posix/lib/gcc/x86_64-w64-mingw32.static.posix/13.2.0/include/c++/cmath:47,\n                 from C:/Users/spi085/AppData/Local/Programs/R/R-44~1.1/library/RCPPEI~1/include/Eigen/src/Core/util/Macros.h:679,\n                 from C:/Users/spi085/AppData/Local/Programs/R/R-44~1.1/library/RCPPEI~1/include/Eigen/Core:19:\nC:/rtools44/x86_64-w64-mingw32.static.posix/include/math.h:763:25: note: candidate: 'double log1p(double)'\n  763 |   extern double __cdecl log1p(double);\n      |                         ^~~~~\nC:/rtools44/x86_64-w64-mingw32.static.posix/include/math.h:763:31: note:   no known conversion for argument 1 from 'CppAD::AD<double>' to 'double'\n  763 |   extern double __cdecl log1p(double);\n      |                               ^~~~~~\nPOPULATIONS//POPULATION_0003//INDIVIDUAL_84FYRE5C/model.cpp: In instantiation of 'Type objective_function<Type>::operator()() [with Type = CppAD::AD<CppAD::AD<double> >]':\nC:/Users/spi085/AppData/Local/Programs/R/R-4.4.1/library/TMB/include/tmb_core.hpp:913:29:   required from 'Type objective_function<Type>::evalUserTemplate() [with Type = CppAD::AD<CppAD::AD<double> >]'\nC:/Users/spi085/AppData/Local/Programs/R/R-4.4.1/library/TMB/include/tmb_core.hpp:2112:26:   required from here\nPOPULATIONS//POPULATION_0003//INDIVIDUAL_84FYRE5C/model.cpp:57:37: error: no matching function for call to 'log1p(CppAD::AD<CppAD::AD<double> >)'\n   57 |     Type temp_anomaly = diff + log1p(exp(-diff));\n      |                                ~~~~~^~~~~~~~~~~~\nC:/Users/spi085/AppData/Local/Programs/R/R-44~1.1/library/RCPPEI~1/include/Eigen/src/Core/GlobalFunctions.h:83:36: note: candidate: 'template<class Derived> const Eigen::CwiseUnaryOp<Eigen::internal::scalar_log1p_op<typename Derived::Scalar>, const Derived> Eigen::log1p(const ArrayBase<Derived>&)'\n   83 |   EIGEN_ARRAY_DECLARE_GLOBAL_UNARY(log1p,scalar_log1p_op,natural logarithm of 1 plus the value,\\sa ArrayBase::log1p)\n      |                                    ^~~~~\nC:/Users/spi085/AppData/Local/Programs/R/R-44~1.1/library/RCPPEI~1/include/Eigen/src/Core/GlobalFunctions.h:32:4: note: in definition of macro 'EIGEN_ARRAY_DECLARE_GLOBAL_UNARY'\n   32 |   (NAME)(const Eigen::ArrayBase<Derived>& x) { \\\n      |    ^~~~\nC:/Users/spi085/AppData/Local/Programs/R/R-44~1.1/library/RCPPEI~1/include/Eigen/src/Core/GlobalFunctions.h:83:36: note:   template argument deduction/substitution failed:\n   83 |   EIGEN_ARRAY_DECLARE_GLOBAL_UNARY(log1p,scalar_log1p_op,natural logarithm of 1 plus the value,\\sa ArrayBase::log1p)\n      |                                    ^~~~~\nC:/Users/spi085/AppData/Local/Programs/R/R-44~1.1/library/RCPPEI~1/include/Eigen/src/Core/GlobalFunctions.h:32:4: note: in definition of macro 'EIGEN_ARRAY_DECLARE_GLOBAL_UNARY'\n   32 |   (NAME)(const Eigen::ArrayBase<Derived>& x) { \\\n      |    ^~~~\nPOPULATIONS//POPULATION_0003//INDIVIDUAL_84FYRE5C/model.cpp:57:37: note:   'CppAD::AD<CppAD::AD<double> >' is not derived from 'const Eigen::ArrayBase<Derived>'\n   57 |     Type temp_anomaly = diff + log1p(exp(-diff));\n      |                                ~~~~~^~~~~~~~~~~~\nC:/rtools44/x86_64-w64-mingw32.static.posix/include/math.h:763:25: note: candidate: 'double log1p(double)'\n  763 |   extern double __cdecl log1p(double);\n      |                         ^~~~~\nC:/rtools44/x86_64-w64-mingw32.static.posix/include/math.h:763:31: note:   no known conversion for argument 1 from 'CppAD::AD<CppAD::AD<double> >' to 'double'\n  763 |   extern double __cdecl log1p(double);\n      |                               ^~~~~~\nPOPULATIONS//POPULATION_0003//INDIVIDUAL_84FYRE5C/model.cpp: In instantiation of 'Type objective_function<Type>::operator()() [with Type = CppAD::AD<CppAD::AD<CppAD::AD<double> > >]':\nC:/Users/spi085/AppData/Local/Programs/R/R-4.4.1/library/TMB/include/tmb_core.hpp:913:29:   required from 'Type objective_function<Type>::evalUserTemplate() [with Type = CppAD::AD<CppAD::AD<CppAD::AD<double> > >]'\nC:/Users/spi085/AppData/Local/Programs/R/R-4.4.1/library/TMB/include/tmb_core.hpp:2361:28:   required from here\nPOPULATIONS//POPULATION_0003//INDIVIDUAL_84FYRE5C/model.cpp:57:37: error: no matching function for call to 'log1p(CppAD::AD<CppAD::AD<CppAD::AD<double> > >)'\n   57 |     Type temp_anomaly = diff + log1p(exp(-diff));\n      |                                ~~~~~^~~~~~~~~~~~\nC:/Users/spi085/AppData/Local/Programs/R/R-44~1.1/library/RCPPEI~1/include/Eigen/src/Core/GlobalFunctions.h:83:36: note: candidate: 'template<class Derived> const Eigen::CwiseUnaryOp<Eigen::internal::scalar_log1p_op<typename Derived::Scalar>, const Derived> Eigen::log1p(const ArrayBase<Derived>&)'\n   83 |   EIGEN_ARRAY_DECLARE_GLOBAL_UNARY(log1p,scalar_log1p_op,natural logarithm of 1 plus the value,\\sa ArrayBase::log1p)\n      |                                    ^~~~~\nC:/Users/spi085/AppData/Local/Programs/R/R-44~1.1/library/RCPPEI~1/include/Eigen/src/Core/GlobalFunctions.h:32:4: note: in definition of macro 'EIGEN_ARRAY_DECLARE_GLOBAL_UNARY'\n   32 |   (NAME)(const Eigen::ArrayBase<Derived>& x) { \\\n      |    ^~~~\nC:/Users/spi085/AppData/Local/Programs/R/R-44~1.1/library/RCPPEI~1/include/Eigen/src/Core/GlobalFunctions.h:83:36: note:   template argument deduction/substitution failed:\n   83 |   EIGEN_ARRAY_DECLARE_GLOBAL_UNARY(log1p,scalar_log1p_op,natural logarithm of 1 plus the value,\\sa ArrayBase::log1p)\n      |                                    ^~~~~\nC:/Users/spi085/AppData/Local/Programs/R/R-44~1.1/library/RCPPEI~1/include/Eigen/src/Core/GlobalFunctions.h:32:4: note: in definition of macro 'EIGEN_ARRAY_DECLARE_GLOBAL_UNARY'\n   32 |   (NAME)(const Eigen::ArrayBase<Derived>& x) { \\\n      |    ^~~~\nPOPULATIONS//POPULATION_0003//INDIVIDUAL_84FYRE5C/model.cpp:57:37: note:   'CppAD::AD<CppAD::AD<CppAD::AD<double> > >' is not derived from 'const Eigen::ArrayBase<Derived>'\n   57 |     Type temp_anomaly = diff + log1p(exp(-diff));\n      |                                ~~~~~^~~~~~~~~~~~\nC:/rtools44/x86_64-w64-mingw32.static.posix/include/math.h:763:25: note: candidate: 'double log1p(double)'\n  763 |   extern double __cdecl log1p(double);\n      |                         ^~~~~\nC:/rtools44/x86_64-w64-mingw32.static.posix/include/math.h:763:31: note:   no known conversion for argument 1 from 'CppAD::AD<CppAD::AD<CppAD::AD<double> > >' to 'double'\n  763 |   extern double __cdecl log1p(double);\n      |                               ^~~~~~\nmake: *** [C:/Users/spi085/AppData/Local/Programs/R/R-4.4.1/etc/x64/Makeconf:296: POPULATIONS//POPULATION_0003//INDIVIDUAL_84FYRE5C/model.o] Error 1\nError in TMB::compile(file.path(individual_dir, model_file), flags = flags,  : \n  Compilation failed\nError: Compilation failed\nExecution halted"
    },
    "7": {
      "status": "BROKEN"
    }
  }
}