{
  "iterations": {
    "1": {
      "status": "ERROR",
      "message": "Model failed to compile.",
      "stdout": "g++ -std=gnu++17  -I\"C:/Users/spi085/AppData/Local/Programs/R/R-4.4.1/include\" -DNDEBUG -I\"C:/Users/spi085/AppData/Local/Programs/R/R-44~1.1/library/TMB/include\" -I\"C:/Users/spi085/AppData/Local/Programs/R/R-44~1.1/library/RCPPEI~1/include\"   -DTMB_EIGEN_DISABLE_WARNINGS   -DTMB_LIB_INIT=R_init_model  -DCPPAD_FRAMEWORK    -I\"C:/rtools44/x86_64-w64-mingw32.static.posix/include\"     -O2 -Wa,-mbig-obj -c POPULATIONS//POPULATION_0014//INDIVIDUAL_YO2DVEQC/model.cpp -o POPULATIONS//POPULATION_0014//INDIVIDUAL_YO2DVEQC/model.o",
      "stderr": "Loading required package: TMB\nLoading required package: jsonlite\nhere() starts at C:/Users/spi085/OneDrive - CSIRO/Documents/_Projects/SCCP-QuantModelling\nusing C++ compiler: 'G__~1.EXE (GCC) 13.2.0'\nPOPULATIONS//POPULATION_0014//INDIVIDUAL_YO2DVEQC/model.cpp: In instantiation of 'Type objective_function<Type>::operator()() [with Type = CppAD::AD<double>]':\nC:/Users/spi085/AppData/Local/Programs/R/R-4.4.1/library/TMB/include/tmb_core.hpp:1308:6:   required from here\nPOPULATIONS//POPULATION_0014//INDIVIDUAL_YO2DVEQC/model.cpp:98:20: error: no matching function for call to 'max(CppAD::AD<double>&, CppAD::AD<double>)'\n   98 |     cots_next = max(cots_next, Type(1e-8));  // Ensure non-negative population\n      |                 ~~~^~~~~~~~~~~~~~~~~~~~~~~\nIn file included from C:/Users/spi085/AppData/Local/Programs/R/R-4.4.1/library/TMB/include/TMB.hpp:215,\n                 from POPULATIONS//POPULATION_0014//INDIVIDUAL_YO2DVEQC/model.cpp:1:\nC:/Users/spi085/AppData/Local/Programs/R/R-4.4.1/library/TMB/include/convenience.hpp:145:6: note: candidate: 'template<class Type> Type max(const tmbutils::vector<Type>&)'\n  145 | Type max(const vector<Type> &x)\n      |      ^~~\nC:/Users/spi085/AppData/Local/Programs/R/R-4.4.1/library/TMB/include/convenience.hpp:145:6: note:   template argument deduction/substitution failed:\nPOPULATIONS//POPULATION_0014//INDIVIDUAL_YO2DVEQC/model.cpp:98:20: note:   'CppAD::AD<double>' is not derived from 'const tmbutils::vector<Type>'\n   98 |     cots_next = max(cots_next, Type(1e-8));  // Ensure non-negative population\n      |                 ~~~^~~~~~~~~~~~~~~~~~~~~~~\nPOPULATIONS//POPULATION_0014//INDIVIDUAL_YO2DVEQC/model.cpp:103:20: error: no matching function for call to 'max(CppAD::AD<double>&, CppAD::AD<double>)'\n  103 |     slow_next = max(slow_next, Type(1e-8));  // Ensure non-negative cover\n      |                 ~~~^~~~~~~~~~~~~~~~~~~~~~~\nC:/Users/spi085/AppData/Local/Programs/R/R-4.4.1/library/TMB/include/convenience.hpp:145:6: note: candidate: 'template<class Type> Type max(const tmbutils::vector<Type>&)'\n  145 | Type max(const vector<Type> &x)\n      |      ^~~\nC:/Users/spi085/AppData/Local/Programs/R/R-4.4.1/library/TMB/include/convenience.hpp:145:6: note:   template argument deduction/substitution failed:\nPOPULATIONS//POPULATION_0014//INDIVIDUAL_YO2DVEQC/model.cpp:103:20: note:   'CppAD::AD<double>' is not derived from 'const tmbutils::vector<Type>'\n  103 |     slow_next = max(slow_next, Type(1e-8));  // Ensure non-negative cover\n      |                 ~~~^~~~~~~~~~~~~~~~~~~~~~~\nPOPULATIONS//POPULATION_0014//INDIVIDUAL_YO2DVEQC/model.cpp:107:20: error: no matching function for call to 'max(CppAD::AD<double>&, CppAD::AD<double>)'\n  107 |     fast_next = max(fast_next, Type(1e-8));  // Ensure non-negative cover\n      |                 ~~~^~~~~~~~~~~~~~~~~~~~~~~\nC:/Users/spi085/AppData/Local/Programs/R/R-4.4.1/library/TMB/include/convenience.hpp:145:6: note: candidate: 'template<class Type> Type max(const tmbutils::vector<Type>&)'\n  145 | Type max(const vector<Type> &x)\n      |      ^~~\nC:/Users/spi085/AppData/Local/Programs/R/R-4.4.1/library/TMB/include/convenience.hpp:145:6: note:   template argument deduction/substitution failed:\nPOPULATIONS//POPULATION_0014//INDIVIDUAL_YO2DVEQC/model.cpp:107:20: note:   'CppAD::AD<double>' is not derived from 'const tmbutils::vector<Type>'\n  107 |     fast_next = max(fast_next, Type(1e-8));  // Ensure non-negative cover\n      |                 ~~~^~~~~~~~~~~~~~~~~~~~~~~\nPOPULATIONS//POPULATION_0014//INDIVIDUAL_YO2DVEQC/model.cpp: In instantiation of 'Type objective_function<Type>::operator()() [with Type = double]':\nC:/Users/spi085/AppData/Local/Programs/R/R-4.4.1/library/TMB/include/tmb_core.hpp:2031:7:   required from here\nPOPULATIONS//POPULATION_0014//INDIVIDUAL_YO2DVEQC/model.cpp:98:20: error: no matching function for call to 'max(double&, double)'\n   98 |     cots_next = max(cots_next, Type(1e-8));  // Ensure non-negative population\n      |                 ~~~^~~~~~~~~~~~~~~~~~~~~~~\nC:/Users/spi085/AppData/Local/Programs/R/R-4.4.1/library/TMB/include/convenience.hpp:145:6: note: candidate: 'template<class Type> Type max(const tmbutils::vector<Type>&)'\n  145 | Type max(const vector<Type> &x)\n      |      ^~~\nC:/Users/spi085/AppData/Local/Programs/R/R-4.4.1/library/TMB/include/convenience.hpp:145:6: note:   template argument deduction/substitution failed:\nPOPULATIONS//POPULATION_0014//INDIVIDUAL_YO2DVEQC/model.cpp:98:20: note:   mismatched types 'const tmbutils::vector<Type>' and 'double'\n   98 |     cots_next = max(cots_next, Type(1e-8));  // Ensure non-negative population\n      |                 ~~~^~~~~~~~~~~~~~~~~~~~~~~\nPOPULATIONS//POPULATION_0014//INDIVIDUAL_YO2DVEQC/model.cpp:103:20: error: no matching function for call to 'max(double&, double)'\n  103 |     slow_next = max(slow_next, Type(1e-8));  // Ensure non-negative cover\n      |                 ~~~^~~~~~~~~~~~~~~~~~~~~~~\nC:/Users/spi085/AppData/Local/Programs/R/R-4.4.1/library/TMB/include/convenience.hpp:145:6: note: candidate: 'template<class Type> Type max(const tmbutils::vector<Type>&)'\n  145 | Type max(const vector<Type> &x)\n      |      ^~~\nC:/Users/spi085/AppData/Local/Programs/R/R-4.4.1/library/TMB/include/convenience.hpp:145:6: note:   template argument deduction/substitution failed:\nPOPULATIONS//POPULATION_0014//INDIVIDUAL_YO2DVEQC/model.cpp:103:20: note:   mismatched types 'const tmbutils::vector<Type>' and 'double'\n  103 |     slow_next = max(slow_next, Type(1e-8));  // Ensure non-negative cover\n      |                 ~~~^~~~~~~~~~~~~~~~~~~~~~~\nPOPULATIONS//POPULATION_0014//INDIVIDUAL_YO2DVEQC/model.cpp:107:20: error: no matching function for call to 'max(double&, double)'\n  107 |     fast_next = max(fast_next, Type(1e-8));  // Ensure non-negative cover\n      |                 ~~~^~~~~~~~~~~~~~~~~~~~~~~\nC:/Users/spi085/AppData/Local/Programs/R/R-4.4.1/library/TMB/include/convenience.hpp:145:6: note: candidate: 'template<class Type> Type max(const tmbutils::vector<Type>&)'\n  145 | Type max(const vector<Type> &x)\n      |      ^~~\nC:/Users/spi085/AppData/Local/Programs/R/R-4.4.1/library/TMB/include/convenience.hpp:145:6: note:   template argument deduction/substitution failed:\nPOPULATIONS//POPULATION_0014//INDIVIDUAL_YO2DVEQC/model.cpp:107:20: note:   mismatched types 'const tmbutils::vector<Type>' and 'double'\n  107 |     fast_next = max(fast_next, Type(1e-8));  // Ensure non-negative cover\n      |                 ~~~^~~~~~~~~~~~~~~~~~~~~~~\nPOPULATIONS//POPULATION_0014//INDIVIDUAL_YO2DVEQC/model.cpp: In instantiation of 'Type objective_function<Type>::operator()() [with Type = CppAD::AD<CppAD::AD<double> >]':\nC:/Users/spi085/AppData/Local/Programs/R/R-4.4.1/library/TMB/include/tmb_core.hpp:913:29:   required from 'Type objective_function<Type>::evalUserTemplate() [with Type = CppAD::AD<CppAD::AD<double> >]'\nC:/Users/spi085/AppData/Local/Programs/R/R-4.4.1/library/TMB/include/tmb_core.hpp:2112:26:   required from here\nPOPULATIONS//POPULATION_0014//INDIVIDUAL_YO2DVEQC/model.cpp:98:20: error: no matching function for call to 'max(CppAD::AD<CppAD::AD<double> >&, CppAD::AD<CppAD::AD<double> >)'\n   98 |     cots_next = max(cots_next, Type(1e-8));  // Ensure non-negative population\n      |                 ~~~^~~~~~~~~~~~~~~~~~~~~~~\nC:/Users/spi085/AppData/Local/Programs/R/R-4.4.1/library/TMB/include/convenience.hpp:145:6: note: candidate: 'template<class Type> Type max(const tmbutils::vector<Type>&)'\n  145 | Type max(const vector<Type> &x)\n      |      ^~~\nC:/Users/spi085/AppData/Local/Programs/R/R-4.4.1/library/TMB/include/convenience.hpp:145:6: note:   template argument deduction/substitution failed:\nPOPULATIONS//POPULATION_0014//INDIVIDUAL_YO2DVEQC/model.cpp:98:20: note:   'CppAD::AD<CppAD::AD<double> >' is not derived from 'const tmbutils::vector<Type>'\n   98 |     cots_next = max(cots_next, Type(1e-8));  // Ensure non-negative population\n      |                 ~~~^~~~~~~~~~~~~~~~~~~~~~~\nPOPULATIONS//POPULATION_0014//INDIVIDUAL_YO2DVEQC/model.cpp:103:20: error: no matching function for call to 'max(CppAD::AD<CppAD::AD<double> >&, CppAD::AD<CppAD::AD<double> >)'\n  103 |     slow_next = max(slow_next, Type(1e-8));  // Ensure non-negative cover\n      |                 ~~~^~~~~~~~~~~~~~~~~~~~~~~\nC:/Users/spi085/AppData/Local/Programs/R/R-4.4.1/library/TMB/include/convenience.hpp:145:6: note: candidate: 'template<class Type> Type max(const tmbutils::vector<Type>&)'\n  145 | Type max(const vector<Type> &x)\n      |      ^~~\nC:/Users/spi085/AppData/Local/Programs/R/R-4.4.1/library/TMB/include/convenience.hpp:145:6: note:   template argument deduction/substitution failed:\nPOPULATIONS//POPULATION_0014//INDIVIDUAL_YO2DVEQC/model.cpp:103:20: note:   'CppAD::AD<CppAD::AD<double> >' is not derived from 'const tmbutils::vector<Type>'\n  103 |     slow_next = max(slow_next, Type(1e-8));  // Ensure non-negative cover\n      |                 ~~~^~~~~~~~~~~~~~~~~~~~~~~\nPOPULATIONS//POPULATION_0014//INDIVIDUAL_YO2DVEQC/model.cpp:107:20: error: no matching function for call to 'max(CppAD::AD<CppAD::AD<double> >&, CppAD::AD<CppAD::AD<double> >)'\n  107 |     fast_next = max(fast_next, Type(1e-8));  // Ensure non-negative cover\n      |                 ~~~^~~~~~~~~~~~~~~~~~~~~~~\nC:/Users/spi085/AppData/Local/Programs/R/R-4.4.1/library/TMB/include/convenience.hpp:145:6: note: candidate: 'template<class Type> Type max(const tmbutils::vector<Type>&)'\n  145 | Type max(const vector<Type> &x)\n      |      ^~~\nC:/Users/spi085/AppData/Local/Programs/R/R-4.4.1/library/TMB/include/convenience.hpp:145:6: note:   template argument deduction/substitution failed:\nPOPULATIONS//POPULATION_0014//INDIVIDUAL_YO2DVEQC/model.cpp:107:20: note:   'CppAD::AD<CppAD::AD<double> >' is not derived from 'const tmbutils::vector<Type>'\n  107 |     fast_next = max(fast_next, Type(1e-8));  // Ensure non-negative cover\n      |                 ~~~^~~~~~~~~~~~~~~~~~~~~~~\nPOPULATIONS//POPULATION_0014//INDIVIDUAL_YO2DVEQC/model.cpp: In instantiation of 'Type objective_function<Type>::operator()() [with Type = CppAD::AD<CppAD::AD<CppAD::AD<double> > >]':\nC:/Users/spi085/AppData/Local/Programs/R/R-4.4.1/library/TMB/include/tmb_core.hpp:913:29:   required from 'Type objective_function<Type>::evalUserTemplate() [with Type = CppAD::AD<CppAD::AD<CppAD::AD<double> > >]'\nC:/Users/spi085/AppData/Local/Programs/R/R-4.4.1/library/TMB/include/tmb_core.hpp:2361:28:   required from here\nPOPULATIONS//POPULATION_0014//INDIVIDUAL_YO2DVEQC/model.cpp:98:20: error: no matching function for call to 'max(CppAD::AD<CppAD::AD<CppAD::AD<double> > >&, CppAD::AD<CppAD::AD<CppAD::AD<double> > >)'\n   98 |     cots_next = max(cots_next, Type(1e-8));  // Ensure non-negative population\n      |                 ~~~^~~~~~~~~~~~~~~~~~~~~~~\nC:/Users/spi085/AppData/Local/Programs/R/R-4.4.1/library/TMB/include/convenience.hpp:145:6: note: candidate: 'template<class Type> Type max(const tmbutils::vector<Type>&)'\n  145 | Type max(const vector<Type> &x)\n      |      ^~~\nC:/Users/spi085/AppData/Local/Programs/R/R-4.4.1/library/TMB/include/convenience.hpp:145:6: note:   template argument deduction/substitution failed:\nPOPULATIONS//POPULATION_0014//INDIVIDUAL_YO2DVEQC/model.cpp:98:20: note:   'CppAD::AD<CppAD::AD<CppAD::AD<double> > >' is not derived from 'const tmbutils::vector<Type>'\n   98 |     cots_next = max(cots_next, Type(1e-8));  // Ensure non-negative population\n      |                 ~~~^~~~~~~~~~~~~~~~~~~~~~~\nPOPULATIONS//POPULATION_0014//INDIVIDUAL_YO2DVEQC/model.cpp:103:20: error: no matching function for call to 'max(CppAD::AD<CppAD::AD<CppAD::AD<double> > >&, CppAD::AD<CppAD::AD<CppAD::AD<double> > >)'\n  103 |     slow_next = max(slow_next, Type(1e-8));  // Ensure non-negative cover\n      |                 ~~~^~~~~~~~~~~~~~~~~~~~~~~\nC:/Users/spi085/AppData/Local/Programs/R/R-4.4.1/library/TMB/include/convenience.hpp:145:6: note: candidate: 'template<class Type> Type max(const tmbutils::vector<Type>&)'\n  145 | Type max(const vector<Type> &x)\n      |      ^~~\nC:/Users/spi085/AppData/Local/Programs/R/R-4.4.1/library/TMB/include/convenience.hpp:145:6: note:   template argument deduction/substitution failed:\nPOPULATIONS//POPULATION_0014//INDIVIDUAL_YO2DVEQC/model.cpp:103:20: note:   'CppAD::AD<CppAD::AD<CppAD::AD<double> > >' is not derived from 'const tmbutils::vector<Type>'\n  103 |     slow_next = max(slow_next, Type(1e-8));  // Ensure non-negative cover\n      |                 ~~~^~~~~~~~~~~~~~~~~~~~~~~\nPOPULATIONS//POPULATION_0014//INDIVIDUAL_YO2DVEQC/model.cpp:107:20: error: no matching function for call to 'max(CppAD::AD<CppAD::AD<CppAD::AD<double> > >&, CppAD::AD<CppAD::AD<CppAD::AD<double> > >)'\n  107 |     fast_next = max(fast_next, Type(1e-8));  // Ensure non-negative cover\n      |                 ~~~^~~~~~~~~~~~~~~~~~~~~~~\nC:/Users/spi085/AppData/Local/Programs/R/R-4.4.1/library/TMB/include/convenience.hpp:145:6: note: candidate: 'template<class Type> Type max(const tmbutils::vector<Type>&)'\n  145 | Type max(const vector<Type> &x)\n      |      ^~~\nC:/Users/spi085/AppData/Local/Programs/R/R-4.4.1/library/TMB/include/convenience.hpp:145:6: note:   template argument deduction/substitution failed:\nPOPULATIONS//POPULATION_0014//INDIVIDUAL_YO2DVEQC/model.cpp:107:20: note:   'CppAD::AD<CppAD::AD<CppAD::AD<double> > >' is not derived from 'const tmbutils::vector<Type>'\n  107 |     fast_next = max(fast_next, Type(1e-8));  // Ensure non-negative cover\n      |                 ~~~^~~~~~~~~~~~~~~~~~~~~~~\nmake: *** [C:/Users/spi085/AppData/Local/Programs/R/R-4.4.1/etc/x64/Makeconf:296: POPULATIONS//POPULATION_0014//INDIVIDUAL_YO2DVEQC/model.o] Error 1\nError in TMB::compile(file.path(individual_dir, model_file), flags = flags,  : \n  Compilation failed\nError: Compilation failed\nExecution halted"
    },
    "2": {
      "status": "ERROR",
      "message": "R script failed with return code 1",
      "stdout": "g++ -std=gnu++17  -I\"C:/Users/spi085/AppData/Local/Programs/R/R-4.4.1/include\" -DNDEBUG -I\"C:/Users/spi085/AppData/Local/Programs/R/R-44~1.1/library/TMB/include\" -I\"C:/Users/spi085/AppData/Local/Programs/R/R-44~1.1/library/RCPPEI~1/include\"   -DTMB_EIGEN_DISABLE_WARNINGS   -DTMB_LIB_INIT=R_init_model  -DCPPAD_FRAMEWORK    -I\"C:/rtools44/x86_64-w64-mingw32.static.posix/include\"     -O2 -Wa,-mbig-obj -c POPULATIONS//POPULATION_0014//INDIVIDUAL_YO2DVEQC/model.cpp -o POPULATIONS//POPULATION_0014//INDIVIDUAL_YO2DVEQC/model.o\ng++ -std=gnu++17 -shared -s -static-libgcc -o POPULATIONS//POPULATION_0014//INDIVIDUAL_YO2DVEQC/model.dll tmp.def POPULATIONS//POPULATION_0014//INDIVIDUAL_YO2DVEQC/model.o -LC:/rtools44/x86_64-w64-mingw32.static.posix/lib/x64 -LC:/rtools44/x86_64-w64-mingw32.static.posix/lib -LC:/Users/spi085/AppData/Local/Programs/R/R-4.4.1/bin/x64 -lR\nStarting model phases\nNumber of phases: 4 \nPhase 1 \nInitial parameter values for phase 1 :\n    r_cots alpha_slow alpha_fast     r_slow     r_fast \n      0.80       0.05       0.08       0.10       0.30 \nFinal parameter values for phase 1 :\n     r_cots  alpha_slow  alpha_fast      r_slow      r_fast \n 0.54852334 13.70398104  0.66769357  0.33801721 -0.03599335 \nConvergence message: relative convergence (4) \nNumber of iterations: 32 \nObjective function value: 120.04 \nGradient at solution for phase 1 :\n              [,1]         [,2]          [,3]         [,4]         [,5]\n[1,] -0.0001536811 -2.17293e-05 -7.715348e-06 0.0006867987 0.0001563648\nPhase 2 \nInitial parameter values for phase 2 :\n   K_cots    h_slow    h_fast pref_fast    K_slow    K_fast \n      2.5      10.0       8.0       0.6      50.0      40.0 \nFinal parameter values for phase 2 :\n   K_cots    h_slow    h_fast pref_fast    K_slow    K_fast \n 1.498891  2.521951 -3.097331  0.668230 32.031517  3.257971 \nConvergence message: relative convergence (4) \nNumber of iterations: 107 \nObjective function value: 117.6721 \nGradient at solution for phase 2 :\n              [,1]         [,2]          [,3]       [,4]         [,5]\n[1,] -0.0002644716 0.0001263558 -0.0003821509 0.00892092 5.490941e-05\n            [,6]\n[1,] 0.002353064\nPhase 3 \nInitial parameter values for phase 3 :\n        m_cots beta_cots_temp  temp_opt_cots beta_slow_temp beta_fast_temp \n          0.30           0.10          28.00          -0.05          -0.08 \ntemp_opt_coral \n         26.00 \nFinal parameter values for phase 3 :\n        m_cots beta_cots_temp  temp_opt_cots beta_slow_temp beta_fast_temp \n    0.87472906    -0.01739341    28.81623901    -0.18612751     0.01983141 \ntemp_opt_coral \n   27.27306541 \nConvergence message: function evaluation limit reached without convergence (9) \nNumber of iterations: 81 \nObjective function value: 2361.033 \nGradient at solution for phase 3 :\n         [,1]      [,2]     [,3]      [,4]      [,5]      [,6]\n[1,] 696710.3 -12574.04 91.62062 -1978.296 -36078.78 -89.72128\nPhase 4 \nInitial parameter values for phase 4 :\nsigma_proc_cots sigma_proc_slow sigma_proc_fast  sigma_obs_cots  sigma_obs_slow \n           0.20            0.15            0.20            0.30            0.20 \n sigma_obs_fast \n           0.25 \nFinal parameter values for phase 4 :\nsigma_proc_cots sigma_proc_slow sigma_proc_fast  sigma_obs_cots  sigma_obs_slow \n           0.20            0.15            0.20            0.30            0.20 \n sigma_obs_fast \n           0.25 \nConvergence message: relative convergence (4) \nNumber of iterations: 1 \nObjective function value: Inf \nGradient at solution for phase 4 :\n     [,1] [,2] [,3]      [,4]      [,5] [,6]\n[1,]    0    0    0 -9862.231 -3310.432 -Inf\nWARNING: NaN or Inf values detected in gradient at phase 4 \nFinal Phase\nInitial parameter values for final phase:\n         r_cots          K_cots          m_cots      alpha_slow      alpha_fast \n     0.54852334      1.49889107      0.87472906     13.70398104      0.66769357 \n         h_slow          h_fast       pref_fast          r_slow          r_fast \n     2.52195098     -3.09733131      0.66822997      0.33801721     -0.03599335 \n         K_slow          K_fast  beta_cots_temp   temp_opt_cots  beta_slow_temp \n    32.03151746      3.25797107     -0.01739341     28.81623901     -0.18612751 \n beta_fast_temp  temp_opt_coral sigma_proc_cots sigma_proc_slow sigma_proc_fast \n     0.01983141     27.27306541      0.20000000      0.15000000      0.20000000 \n sigma_obs_cots  sigma_obs_slow  sigma_obs_fast \n     0.30000000      0.20000000      0.25000000 \nError in model phases: NA/NaN gradient evaluation",
      "stderr": "Loading required package: TMB\nLoading required package: jsonlite\nhere() starts at C:/Users/spi085/OneDrive - CSIRO/Documents/_Projects/SCCP-QuantModelling\nusing C++ compiler: 'G__~1.EXE (GCC) 13.2.0'\nError in value[[3L]](cond) : \n  Error in model phases: NA/NaN gradient evaluation\nCalls: tryCatch -> tryCatchList -> tryCatchOne -> <Anonymous>\nIn addition: Warning message:\nIn nlminb(model$par, model$fn, model$gr) : NA/NaN function evaluation\nExecution halted"
    },
    "3": {
      "status": "SUCCESS",
      "objective_value": 0.6906,
      "model_summary": [
        "            Length Class  Mode     ",
        "par         23     -none- numeric  ",
        "objective    1     -none- numeric  ",
        "convergence  1     -none- numeric  ",
        "iterations   1     -none- numeric  ",
        "evaluations  2     -none- numeric  ",
        "message      1     -none- character"
      ],
      "model_report": {
        "cots_pred": [
          0.2615,
          0.3402,
          0.4401,
          0.5768,
          0.5238,
          0.6211,
          0.7365,
          0.7447,
          0.7306,
          0.7393,
          2.1559,
          0.7065,
          2.2621,
          1.2857,
          0.889,
          0.6182,
          0.6792,
          0.7349,
          0.7243,
          0.525,
          0.3999,
          0.297,
          0.2558,
          0.257,
          0.3039,
          0.2962
        ],
        "fast_pred": [
          12.7726,
          13.2233,
          13.3516,
          12.4982,
          12.6884,
          12.8756,
          11.9418,
          12.7662,
          13.7796,
          14.5553,
          14.5787,
          11.9122,
          12.9677,
          9.9839,
          9.5718,
          7.5975,
          6.4929,
          4.9485,
          3.3101,
          2.9621,
          3.1044,
          2.8133,
          3.4909,
          4.3879,
          4.7704,
          5.3714
        ],
        "slow_pred": [
          10.0694,
          13.562,
          16.953,
          17.6952,
          20.501,
          22.9617,
          22.7392,
          24.1643,
          25.0239,
          25.3863,
          25.0406,
          16.2463,
          19.6015,
          12.3953,
          11.9858,
          9.594,
          9.5037,
          7.1216,
          3.5749,
          3.2842,
          3.8624,
          4.51,
          6.9224,
          10.805,
          15.008,
          19.976
        ]
      },
      "plot_data": {
        "cots_pred": {
          "Year": [
            1980,
            1981,
            1982,
            1983,
            1984,
            1985,
            1986,
            1987,
            1988,
            1989,
            1990,
            1991,
            1992,
            1993,
            1994,
            1995,
            1996,
            1997,
            1998,
            1999,
            2000,
            2001,
            2002,
            2003,
            2004,
            2005
          ],
          "Modeled": [
            0.2615,
            0.3402,
            0.4401,
            0.5768,
            0.5238,
            0.6211,
            0.7365,
            0.7447,
            0.7306,
            0.7393,
            2.1559,
            0.7065,
            2.2621,
            1.2857,
            0.889,
            0.6182,
            0.6792,
            0.7349,
            0.7243,
            0.525,
            0.3999,
            0.297,
            0.2558,
            0.257,
            0.3039,
            0.2962
          ],
          "Observed": [
            0.2615,
            0.5498,
            0.7268,
            0.5523,
            0.8281,
            0.547,
            0.758,
            0.6288,
            0.4762,
            0.6466,
            0.9107,
            2.152,
            0.6446,
            1.6723,
            0.4766,
            0.8075,
            0.3635,
            0.3728,
            0.6173,
            0.3107,
            0.256,
            0.2984,
            0.3362,
            0.2878,
            0.3221,
            0.4308
          ]
        },
        "slow_pred": {
          "Year": [
            1980,
            1981,
            1982,
            1983,
            1984,
            1985,
            1986,
            1987,
            1988,
            1989,
            1990,
            1991,
            1992,
            1993,
            1994,
            1995,
            1996,
            1997,
            1998,
            1999,
            2000,
            2001,
            2002,
            2003,
            2004,
            2005
          ],
          "Modeled": [
            10.0694,
            13.562,
            16.953,
            17.6952,
            20.501,
            22.9617,
            22.7392,
            24.1643,
            25.0239,
            25.3863,
            25.0406,
            16.2463,
            19.6015,
            12.3953,
            11.9858,
            9.594,
            9.5037,
            7.1216,
            3.5749,
            3.2842,
            3.8624,
            4.51,
            6.9224,
            10.805,
            15.008,
            19.976
          ],
          "Observed": [
            10.0694,
            17.7236,
            23.8276,
            19.4181,
            15.6354,
            32.4596,
            21.5567,
            34.1938,
            18.8708,
            27.3176,
            44.3301,
            13.3275,
            11.3741,
            8.3362,
            15.207,
            12.443,
            11.0666,
            10.6442,
            2.3628,
            2.76,
            3.7236,
            7.0355,
            10.2239,
            8.4754,
            9.0819,
            13.7314
          ]
        },
        "fast_pred": {
          "Year": [
            1980,
            1981,
            1982,
            1983,
            1984,
            1985,
            1986,
            1987,
            1988,
            1989,
            1990,
            1991,
            1992,
            1993,
            1994,
            1995,
            1996,
            1997,
            1998,
            1999,
            2000,
            2001,
            2002,
            2003,
            2004,
            2005
          ],
          "Modeled": [
            12.7726,
            13.2233,
            13.3516,
            12.4982,
            12.6884,
            12.8756,
            11.9418,
            12.7662,
            13.7796,
            14.5553,
            14.5787,
            11.9122,
            12.9677,
            9.9839,
            9.5718,
            7.5975,
            6.4929,
            4.9485,
            3.3101,
            2.9621,
            3.1044,
            2.8133,
            3.4909,
            4.3879,
            4.7704,
            5.3714
          ],
          "Observed": [
            12.7726,
            16.4147,
            12.7773,
            12.2798,
            15.1152,
            12.8194,
            10.4631,
            9.7251,
            13.2014,
            16.4512,
            11.1393,
            18.0832,
            11.5223,
            8.51,
            9.1622,
            5.3353,
            8.6044,
            7.2781,
            2.629,
            4.6951,
            1.5948,
            5.2172,
            2.6041,
            3.3618,
            7.3289,
            4.4014
          ]
        }
      },
      "stdout": "g++ -std=gnu++17  -I\"C:/Users/spi085/AppData/Local/Programs/R/R-4.4.1/include\" -DNDEBUG -I\"C:/Users/spi085/AppData/Local/Programs/R/R-44~1.1/library/TMB/include\" -I\"C:/Users/spi085/AppData/Local/Programs/R/R-44~1.1/library/RCPPEI~1/include\"   -DTMB_EIGEN_DISABLE_WARNINGS   -DTMB_LIB_INIT=R_init_model  -DCPPAD_FRAMEWORK    -I\"C:/rtools44/x86_64-w64-mingw32.static.posix/include\"     -O2 -Wa,-mbig-obj -c POPULATIONS//POPULATION_0014//INDIVIDUAL_YO2DVEQC/model.cpp -o POPULATIONS//POPULATION_0014//INDIVIDUAL_YO2DVEQC/model.o\ng++ -std=gnu++17 -shared -s -static-libgcc -o POPULATIONS//POPULATION_0014//INDIVIDUAL_YO2DVEQC/model.dll tmp.def POPULATIONS//POPULATION_0014//INDIVIDUAL_YO2DVEQC/model.o -LC:/rtools44/x86_64-w64-mingw32.static.posix/lib/x64 -LC:/rtools44/x86_64-w64-mingw32.static.posix/lib -LC:/Users/spi085/AppData/Local/Programs/R/R-4.4.1/bin/x64 -lR\nStarting model phases\nNumber of phases: 4 \nPhase 1 \nInitial parameter values for phase 1 :\n    r_cots alpha_slow alpha_fast     r_slow     r_fast \n      0.80       0.05       0.08       0.10       0.30 \nFinal parameter values for phase 1 :\n    r_cots alpha_slow alpha_fast     r_slow     r_fast \n 0.4948942 17.3496294  5.3751637  0.4399187  0.1840417 \nConvergence message: relative convergence (4) \nNumber of iterations: 50 \nObjective function value: 161.5654 \nGradient at solution for phase 1 :\n            [,1]         [,2]          [,3]         [,4]        [,5]\n[1,] 0.001258506 0.0001027162 -0.0001351176 -0.003030985 0.002753611\nPhase 2 \nInitial parameter values for phase 2 :\n   K_cots    h_slow    h_fast pref_fast    K_slow    K_fast \n      2.5      10.0       8.0       0.6      50.0      40.0 \nFinal parameter values for phase 2 :\n    K_cots     h_slow     h_fast  pref_fast     K_slow     K_fast \n 1.3614227  1.5633214  6.3098436  0.6920247 36.3389859 30.7145822 \nConvergence message: relative convergence (4) \nNumber of iterations: 41 \nObjective function value: 113.0526 \nGradient at solution for phase 2 :\n             [,1]         [,2]          [,3]        [,4]         [,5]\n[1,] -0.001470938 0.0001873912 -8.586774e-06 0.009443911 6.710738e-05\n             [,6]\n[1,] 1.589563e-06\nPhase 3 \nInitial parameter values for phase 3 :\n        m_cots beta_cots_temp  temp_opt_cots beta_slow_temp beta_fast_temp \n          0.30           0.10          28.00          -0.05          -0.08 \ntemp_opt_coral \n         26.00 \nFinal parameter values for phase 3 :\n        m_cots beta_cots_temp  temp_opt_cots beta_slow_temp beta_fast_temp \n  3.235133e-01   6.399721e-07   2.796187e+01  -1.850809e-01  -2.182388e-01 \ntemp_opt_coral \n  2.603136e+01 \nConvergence message: relative convergence (4) \nNumber of iterations: 27 \nObjective function value: 109.7745 \nGradient at solution for phase 3 :\n            [,1]         [,2]         [,3]         [,4]         [,5]\n[1,] 0.000903663 3.441069e-05 1.222062e-11 8.989263e-05 1.241306e-06\n             [,6]\n[1,] 7.937372e-06\nPhase 4 \nInitial parameter values for phase 4 :\nsigma_proc_cots sigma_proc_slow sigma_proc_fast  sigma_obs_cots  sigma_obs_slow \n           0.20            0.15            0.20            0.30            0.20 \n sigma_obs_fast \n           0.25 \nFinal parameter values for phase 4 :\nsigma_proc_cots sigma_proc_slow sigma_proc_fast  sigma_obs_cots  sigma_obs_slow \n      0.2000000       0.1500000       0.2000000       0.5838464       0.4052467 \n sigma_obs_fast \n      0.3497200 \nConvergence message: relative convergence (4) \nNumber of iterations: 15 \nObjective function value: 65.47284 \nGradient at solution for phase 4 :\n     [,1] [,2] [,3]          [,4]         [,5]          [,6]\n[1,]    0    0    0 -0.0004111111 0.0004267787 -0.0001414821\nFinal Phase\nInitial parameter values for final phase:\n         r_cots          K_cots          m_cots      alpha_slow      alpha_fast \n   4.948942e-01    1.361423e+00    3.235133e-01    1.734963e+01    5.375164e+00 \n         h_slow          h_fast       pref_fast          r_slow          r_fast \n   1.563321e+00    6.309844e+00    6.920247e-01    4.399187e-01    1.840417e-01 \n         K_slow          K_fast  beta_cots_temp   temp_opt_cots  beta_slow_temp \n   3.633899e+01    3.071458e+01    6.399721e-07    2.796187e+01   -1.850809e-01 \n beta_fast_temp  temp_opt_coral sigma_proc_cots sigma_proc_slow sigma_proc_fast \n  -2.182388e-01    2.603136e+01    2.000000e-01    1.500000e-01    2.000000e-01 \n sigma_obs_cots  sigma_obs_slow  sigma_obs_fast \n   5.838464e-01    4.052467e-01    3.497200e-01 \nFinal parameter values for final phase:\n         r_cots          K_cots          m_cots      alpha_slow      alpha_fast \n      1.1446614       1.6971792       0.4638838      17.8891098       4.3170951 \n         h_slow          h_fast       pref_fast          r_slow          r_fast \n      2.1079777       0.8540445       0.6058461       0.9966724       0.5243024 \n         K_slow          K_fast  beta_cots_temp   temp_opt_cots  beta_slow_temp \n     31.6744216      22.3614146       0.2003172      30.6282624      -0.4387404 \n beta_fast_temp  temp_opt_coral sigma_proc_cots sigma_proc_slow sigma_proc_fast \n     -0.7740688      26.3033164       0.2000000       0.1500000       0.2000000 \n sigma_obs_cots  sigma_obs_slow  sigma_obs_fast \n      0.5004762       0.3224284       0.2965053 \nConvergence message: function evaluation limit reached without convergence (9) \nNumber of iterations: 136 \nObjective function value: 33.51871 \nGradient at solution for final phase:\n         [,1]     [,2]      [,3]      [,4]     [,5]     [,6]      [,7]     [,8]\n[1,] 8.966708 2.260171 -17.82289 -1.165692 5.868644 1.280473 -2.534101 94.72459\n        [,9]    [,10]     [,11]      [,12]     [,13]     [,14]    [,15]\n[1,] 15.0849 -32.8153 0.5830918 -0.8895211 -21.82368 -1.138876 12.39239\n         [,16]    [,17] [,18] [,19] [,20]      [,21]      [,22]      [,23]\n[1,] -11.78264 0.228417     0     0     0 -0.4375813 -0.2994408 0.07679924\nAll phases completed\n\nRunning model validation...\nNo test data available (train_test_split >= 1.0)\nNULL\n\nDEBUG: Report contents:\nList of 3\n $ cots_pred: num [1:26] 0.262 0.34 0.44 0.577 0.524 ...\n $ fast_pred: num [1:26] 12.8 13.2 13.4 12.5 12.7 ...\n $ slow_pred: num [1:26] 10.1 13.6 17 17.7 20.5 ...\nNULL\n\nDEBUG: Available variables in report:\n[1] \"cots_pred\" \"fast_pred\" \"slow_pred\"\n\nChecking predictions and calculating objective function...\n\nDEBUG: Processing cots_pred \nDEBUG: First few predictions: 0.2615042 0.340244 0.4400582 0.5767735 0.5238384 0.6211383 \nDEBUG: Summary statistics:\n   Min. 1st Qu.  Median    Mean 3rd Qu.    Max. \n 0.2558  0.3552  0.6197  0.6964  0.7361  2.2621 \nDEBUG: All zeros? FALSE \nDEBUG: Any infinities? FALSE \n\nDEBUG: Processing slow_pred \nDEBUG: First few predictions: 10.06939 13.56199 16.95297 17.6952 20.50096 22.96167 \nDEBUG: Summary statistics:\n   Min. 1st Qu.  Median    Mean 3rd Qu.    Max. \n  3.284   9.526  14.285  14.557  20.370  25.386 \nDEBUG: All zeros? FALSE \nDEBUG: Any infinities? FALSE \n\nDEBUG: Processing fast_pred \nDEBUG: First few predictions: 12.77261 13.22325 13.35165 12.49822 12.68838 12.87563 \nDEBUG: Summary statistics:\n   Min. 1st Qu.  Median    Mean 3rd Qu.    Max. \n  2.813   4.815  10.948   9.181  12.850  14.579 \nDEBUG: All zeros? FALSE \nDEBUG: Any infinities? FALSE \n\nDEBUG: Using the following variables for objective function:\ncots_dat -> cots_pred\nslow_dat -> slow_pred\nfast_dat -> fast_pred\n\nDEBUG: Calculating MSE for prediction variables only:\n\nDEBUG: cots_pred \nObserved: 0.2615042 0.5498196 0.7268086 0.5522907 0.828121 0.5470078 ...\nPredicted: 0.2615042 0.340244 0.4400582 0.5767735 0.5238384 0.6211383 ...\nMSE (normalized): 1.514881 \n\nDEBUG: slow_pred \nObserved: 10.06939 17.72357 23.82758 19.41812 15.63542 32.45961 ...\nPredicted: 10.06939 13.56199 16.95297 17.6952 20.50096 22.96167 ...\nMSE (normalized): 0.3451982 \n\nDEBUG: fast_pred \nObserved: 12.77261 16.41474 12.77729 12.27975 15.11516 12.81941 ...\nPredicted: 12.77261 13.22325 13.35165 12.49822 12.68838 12.87563 ...\nMSE (normalized): 0.2118604 \n\nDEBUG: MSE values:\n cots_dat  slow_dat  fast_dat \n1.5148808 0.3451982 0.2118604 \n\nDEBUG: Final objective value (mean of MSEs): 0.6906465 \n\nFinal objective function value: 0.6906465 \n\nJSON_REPORT_START\n{\n  \"status\": \"SUCCESS\",\n  \"objective_value\": 0.6906,\n  \"model_summary\": [\"            Length Class  Mode     \", \"par         23     -none- numeric  \", \"objective    1     -none- numeric  \", \"convergence  1     -none- numeric  \", \"iterations   1     -none- numeric  \", \"evaluations  2     -none- numeric  \", \"message      1     -none- character\"],\n  \"model_report\": {\n    \"cots_pred\": [0.2615, 0.3402, 0.4401, 0.5768, 0.5238, 0.6211, 0.7365, 0.7447, 0.7306, 0.7393, 2.1559, 0.7065, 2.2621, 1.2857, 0.889, 0.6182, 0.6792, 0.7349, 0.7243, 0.525, 0.3999, 0.297, 0.2558, 0.257, 0.3039, 0.2962],\n    \"fast_pred\": [12.7726, 13.2233, 13.3516, 12.4982, 12.6884, 12.8756, 11.9418, 12.7662, 13.7796, 14.5553, 14.5787, 11.9122, 12.9677, 9.9839, 9.5718, 7.5975, 6.4929, 4.9485, 3.3101, 2.9621, 3.1044, 2.8133, 3.4909, 4.3879, 4.7704, 5.3714],\n    \"slow_pred\": [10.0694, 13.562, 16.953, 17.6952, 20.501, 22.9617, 22.7392, 24.1643, 25.0239, 25.3863, 25.0406, 16.2463, 19.6015, 12.3953, 11.9858, 9.594, 9.5037, 7.1216, 3.5749, 3.2842, 3.8624, 4.51, 6.9224, 10.805, 15.008, 19.976]\n  },\n  \"plot_data\": {\n    \"cots_pred\": {\n      \"Year\": [1980, 1981, 1982, 1983, 1984, 1985, 1986, 1987, 1988, 1989, 1990, 1991, 1992, 1993, 1994, 1995, 1996, 1997, 1998, 1999, 2000, 2001, 2002, 2003, 2004, 2005],\n      \"Modeled\": [0.2615, 0.3402, 0.4401, 0.5768, 0.5238, 0.6211, 0.7365, 0.7447, 0.7306, 0.7393, 2.1559, 0.7065, 2.2621, 1.2857, 0.889, 0.6182, 0.6792, 0.7349, 0.7243, 0.525, 0.3999, 0.297, 0.2558, 0.257, 0.3039, 0.2962],\n      \"Observed\": [0.2615, 0.5498, 0.7268, 0.5523, 0.8281, 0.547, 0.758, 0.6288, 0.4762, 0.6466, 0.9107, 2.152, 0.6446, 1.6723, 0.4766, 0.8075, 0.3635, 0.3728, 0.6173, 0.3107, 0.256, 0.2984, 0.3362, 0.2878, 0.3221, 0.4308]\n    },\n    \"slow_pred\": {\n      \"Year\": [1980, 1981, 1982, 1983, 1984, 1985, 1986, 1987, 1988, 1989, 1990, 1991, 1992, 1993, 1994, 1995, 1996, 1997, 1998, 1999, 2000, 2001, 2002, 2003, 2004, 2005],\n      \"Modeled\": [10.0694, 13.562, 16.953, 17.6952, 20.501, 22.9617, 22.7392, 24.1643, 25.0239, 25.3863, 25.0406, 16.2463, 19.6015, 12.3953, 11.9858, 9.594, 9.5037, 7.1216, 3.5749, 3.2842, 3.8624, 4.51, 6.9224, 10.805, 15.008, 19.976],\n      \"Observed\": [10.0694, 17.7236, 23.8276, 19.4181, 15.6354, 32.4596, 21.5567, 34.1938, 18.8708, 27.3176, 44.3301, 13.3275, 11.3741, 8.3362, 15.207, 12.443, 11.0666, 10.6442, 2.3628, 2.76, 3.7236, 7.0355, 10.2239, 8.4754, 9.0819, 13.7314]\n    },\n    \"fast_pred\": {\n      \"Year\": [1980, 1981, 1982, 1983, 1984, 1985, 1986, 1987, 1988, 1989, 1990, 1991, 1992, 1993, 1994, 1995, 1996, 1997, 1998, 1999, 2000, 2001, 2002, 2003, 2004, 2005],\n      \"Modeled\": [12.7726, 13.2233, 13.3516, 12.4982, 12.6884, 12.8756, 11.9418, 12.7662, 13.7796, 14.5553, 14.5787, 11.9122, 12.9677, 9.9839, 9.5718, 7.5975, 6.4929, 4.9485, 3.3101, 2.9621, 3.1044, 2.8133, 3.4909, 4.3879, 4.7704, 5.3714],\n      \"Observed\": [12.7726, 16.4147, 12.7773, 12.2798, 15.1152, 12.8194, 10.4631, 9.7251, 13.2014, 16.4512, 11.1393, 18.0832, 11.5223, 8.51, 9.1622, 5.3353, 8.6044, 7.2781, 2.629, 4.6951, 1.5948, 5.2172, 2.6041, 3.3618, 7.3289, 4.4014]\n    }\n  }\n}\nJSON_REPORT_END",
      "stderr": "Loading required package: TMB\nLoading required package: jsonlite\nhere() starts at C:/Users/spi085/OneDrive - CSIRO/Documents/_Projects/SCCP-QuantModelling\nusing C++ compiler: 'G__~1.EXE (GCC) 13.2.0'\nWarning message:\nIn nlminb(model$par, model$fn, model$gr) : NA/NaN function evaluation\nWarning message:\n`aes_string()` was deprecated in ggplot2 3.0.0.\n\u2139 Please use tidy evaluation idioms with `aes()`.\n\u2139 See also `vignette(\"ggplot2-in-packages\")` for more information."
    },
    "4": {
      "status": "SUCCESS",
      "objective_value": 0.6906
    }
  }
}