{
  "iterations": {
    "1": {
      "status": "ERROR",
      "message": "R script failed with return code 1",
      "stdout": "g++ -std=gnu++17 -I\"/usr/share/R/include\" -DNDEBUG -I\"/home/spi085/R/x86_64-pc-linux-gnu-library/4.4/TMB/include\" -I\"/home/spi085/R/x86_64-pc-linux-gnu-library/4.4/RcppEigen/include\"   -DTMB_EIGEN_DISABLE_WARNINGS   -DTMB_LIB_INIT=R_init_model  -DCPPAD_FRAMEWORK      -fpic  -O2  -c POPULATIONS/POPULATION_0005/INDIVIDUAL_34DTV10S/model.cpp -o POPULATIONS/POPULATION_0005/INDIVIDUAL_34DTV10S/model.o\ng++ -std=gnu++17 -shared -L/usr/lib/R/lib -Wl,-Bsymbolic-functions -flto=auto -ffat-lto-objects -Wl,-z,relro -o POPULATIONS/POPULATION_0005/INDIVIDUAL_34DTV10S/model.so POPULATIONS/POPULATION_0005/INDIVIDUAL_34DTV10S/model.o -L/usr/lib/R/lib -lR\nStarting model phases\nNumber of phases: 3 \nPhase 1 \nInitial parameter values for phase 1 :\n         log_r_cots log_allee_threshold        log_temp_opt     logit_fast_pref \n                 NA                  NA                  NA                  NA \n         log_r_fast          log_r_slow \n                 NA               -1.27 \nError in model phases: NA/NaN gradient evaluation",
      "stderr": "Loading required package: TMB\nLoading required package: jsonlite\nhere() starts at /home/spi085/Documents/_Projects/SCCP-QuantModelling\nusing C++ compiler: \u2018g++ (Ubuntu 13.3.0-6ubuntu2~24.04) 13.3.0\u2019\nError in value[[3L]](cond) : \n  Error in model phases: NA/NaN gradient evaluation\nCalls: tryCatch -> tryCatchList -> tryCatchOne -> <Anonymous>\nIn addition: Warning message:\nIn nlminb(model$par, model$fn, model$gr) : NA/NaN function evaluation\nExecution halted"
    },
    "2": {
      "status": "ERROR",
      "message": "R script failed with return code 1",
      "stdout": "g++ -std=gnu++17 -I\"/usr/share/R/include\" -DNDEBUG -I\"/home/spi085/R/x86_64-pc-linux-gnu-library/4.4/TMB/include\" -I\"/home/spi085/R/x86_64-pc-linux-gnu-library/4.4/RcppEigen/include\"   -DTMB_EIGEN_DISABLE_WARNINGS   -DTMB_LIB_INIT=R_init_model  -DCPPAD_FRAMEWORK      -fpic  -O2  -c POPULATIONS/POPULATION_0005/INDIVIDUAL_34DTV10S/model.cpp -o POPULATIONS/POPULATION_0005/INDIVIDUAL_34DTV10S/model.o\ng++ -std=gnu++17 -shared -L/usr/lib/R/lib -Wl,-Bsymbolic-functions -flto=auto -ffat-lto-objects -Wl,-z,relro -o POPULATIONS/POPULATION_0005/INDIVIDUAL_34DTV10S/model.so POPULATIONS/POPULATION_0005/INDIVIDUAL_34DTV10S/model.o -L/usr/lib/R/lib -lR\nStarting model phases\nNumber of phases: 3 \nPhase 1 \nInitial parameter values for phase 1 :\n         log_r_cots log_allee_threshold        log_temp_opt     logit_fast_pref \n                 NA                  NA                  NA                  NA \n         log_r_fast          log_r_slow \n                 NA               -1.27 \nError in model phases: NA/NaN gradient evaluation",
      "stderr": "Loading required package: TMB\nLoading required package: jsonlite\nhere() starts at /home/spi085/Documents/_Projects/SCCP-QuantModelling\nusing C++ compiler: \u2018g++ (Ubuntu 13.3.0-6ubuntu2~24.04) 13.3.0\u2019\nError in value[[3L]](cond) : \n  Error in model phases: NA/NaN gradient evaluation\nCalls: tryCatch -> tryCatchList -> tryCatchOne -> <Anonymous>\nIn addition: Warning message:\nIn nlminb(model$par, model$fn, model$gr) : NA/NaN function evaluation\nExecution halted"
    },
    "3": {
      "status": "ERROR",
      "message": "R script failed with return code 1",
      "stdout": "g++ -std=gnu++17 -I\"/usr/share/R/include\" -DNDEBUG -I\"/home/spi085/R/x86_64-pc-linux-gnu-library/4.4/TMB/include\" -I\"/home/spi085/R/x86_64-pc-linux-gnu-library/4.4/RcppEigen/include\"   -DTMB_EIGEN_DISABLE_WARNINGS   -DTMB_LIB_INIT=R_init_model  -DCPPAD_FRAMEWORK      -fpic  -O2  -c POPULATIONS/POPULATION_0005/INDIVIDUAL_34DTV10S/model.cpp -o POPULATIONS/POPULATION_0005/INDIVIDUAL_34DTV10S/model.o\ng++ -std=gnu++17 -shared -L/usr/lib/R/lib -Wl,-Bsymbolic-functions -flto=auto -ffat-lto-objects -Wl,-z,relro -o POPULATIONS/POPULATION_0005/INDIVIDUAL_34DTV10S/model.so POPULATIONS/POPULATION_0005/INDIVIDUAL_34DTV10S/model.o -L/usr/lib/R/lib -lR\nStarting model phases\nNumber of phases: 3 \nPhase 1 \nInitial parameter values for phase 1 :\n         log_r_cots log_allee_threshold        log_temp_opt     logit_fast_pref \n                 NA                  NA                  NA                  NA \n         log_r_fast          log_r_slow \n                 NA               -1.27 \nError in model phases: NA/NaN gradient evaluation",
      "stderr": "Loading required package: TMB\nLoading required package: jsonlite\nhere() starts at /home/spi085/Documents/_Projects/SCCP-QuantModelling\nusing C++ compiler: \u2018g++ (Ubuntu 13.3.0-6ubuntu2~24.04) 13.3.0\u2019\nError in value[[3L]](cond) : \n  Error in model phases: NA/NaN gradient evaluation\nCalls: tryCatch -> tryCatchList -> tryCatchOne -> <Anonymous>\nIn addition: Warning message:\nIn nlminb(model$par, model$fn, model$gr) : NA/NaN function evaluation\nExecution halted"
    },
    "4": {
      "status": "ERROR",
      "message": "Model failed to compile.",
      "stdout": "g++ -std=gnu++17 -I\"/usr/share/R/include\" -DNDEBUG -I\"/home/spi085/R/x86_64-pc-linux-gnu-library/4.4/TMB/include\" -I\"/home/spi085/R/x86_64-pc-linux-gnu-library/4.4/RcppEigen/include\"   -DTMB_EIGEN_DISABLE_WARNINGS   -DTMB_LIB_INIT=R_init_model  -DCPPAD_FRAMEWORK      -fpic  -O2  -c POPULATIONS/POPULATION_0005/INDIVIDUAL_34DTV10S/model.cpp -o POPULATIONS/POPULATION_0005/INDIVIDUAL_34DTV10S/model.o",
      "stderr": "Loading required package: TMB\nLoading required package: jsonlite\nhere() starts at /home/spi085/Documents/_Projects/SCCP-QuantModelling\nusing C++ compiler: \u2018g++ (Ubuntu 13.3.0-6ubuntu2~24.04) 13.3.0\u2019\nPOPULATIONS/POPULATION_0005/INDIVIDUAL_34DTV10S/model.cpp: In instantiation of \u2018Type objective_function<Type>::operator()() [with Type = CppAD::AD<double>]\u2019:\n/home/spi085/R/x86_64-pc-linux-gnu-library/4.4/TMB/include/tmb_core.hpp:1312:6:   required from here\nPOPULATIONS/POPULATION_0005/INDIVIDUAL_34DTV10S/model.cpp:73:23: error: no matching function for call to \u2018max(CppAD::AD<double>, CppAD::AD<double>)\u2019\n   73 |     Type dd_term = max(Type(0.0), Type(1.0) - cots_pred(i-1)/K_cots);\n      |                    ~~~^~~~~~~~~~~~~~~~~~~~~~~~~~~~~~~~~~~~~~~~~~~~~~\nIn file included from /home/spi085/R/x86_64-pc-linux-gnu-library/4.4/TMB/include/TMB.hpp:231,\n                 from POPULATIONS/POPULATION_0005/INDIVIDUAL_34DTV10S/model.cpp:1:\n/home/spi085/R/x86_64-pc-linux-gnu-library/4.4/TMB/include/convenience.hpp:145:6: note: candidate: \u2018template<class Type> Type max(const tmbutils::vector<Type>&)\u2019\n  145 | Type max(const vector<Type> &x)\n      |      ^~~\n/home/spi085/R/x86_64-pc-linux-gnu-library/4.4/TMB/include/convenience.hpp:145:6: note:   template argument deduction/substitution failed:\nPOPULATIONS/POPULATION_0005/INDIVIDUAL_34DTV10S/model.cpp:73:23: note:   \u2018CppAD::AD<double>\u2019 is not derived from \u2018const tmbutils::vector<Type>\u2019\n   73 |     Type dd_term = max(Type(0.0), Type(1.0) - cots_pred(i-1)/K_cots);\n      |                    ~~~^~~~~~~~~~~~~~~~~~~~~~~~~~~~~~~~~~~~~~~~~~~~~~\nPOPULATIONS/POPULATION_0005/INDIVIDUAL_34DTV10S/model.cpp:75:23: error: no matching function for call to \u2018max(CppAD::AD<double>&, CppAD::AD<double>)\u2019\n   75 |     cots_pred(i) = max(eps, cots_pred(i-1) + growth * temp_effect * feeding_rate + cotsimm_dat(i));\n      |                    ~~~^~~~~~~~~~~~~~~~~~~~~~~~~~~~~~~~~~~~~~~~~~~~~~~~~~~~~~~~~~~~~~~~~~~~~~~~~~~~\n/home/spi085/R/x86_64-pc-linux-gnu-library/4.4/TMB/include/convenience.hpp:145:6: note: candidate: \u2018template<class Type> Type max(const tmbutils::vector<Type>&)\u2019\n  145 | Type max(const vector<Type> &x)\n      |      ^~~\n/home/spi085/R/x86_64-pc-linux-gnu-library/4.4/TMB/include/convenience.hpp:145:6: note:   template argument deduction/substitution failed:\nPOPULATIONS/POPULATION_0005/INDIVIDUAL_34DTV10S/model.cpp:75:23: note:   \u2018CppAD::AD<double>\u2019 is not derived from \u2018const tmbutils::vector<Type>\u2019\n   75 |     cots_pred(i) = max(eps, cots_pred(i-1) + growth * temp_effect * feeding_rate + cotsimm_dat(i));\n      |                    ~~~^~~~~~~~~~~~~~~~~~~~~~~~~~~~~~~~~~~~~~~~~~~~~~~~~~~~~~~~~~~~~~~~~~~~~~~~~~~~\nPOPULATIONS/POPULATION_0005/INDIVIDUAL_34DTV10S/model.cpp: In instantiation of \u2018Type objective_function<Type>::operator()() [with Type = double]\u2019:\n/home/spi085/R/x86_64-pc-linux-gnu-library/4.4/TMB/include/tmb_core.hpp:2035:7:   required from here\nPOPULATIONS/POPULATION_0005/INDIVIDUAL_34DTV10S/model.cpp:73:23: error: no matching function for call to \u2018max(double, double)\u2019\n   73 |     Type dd_term = max(Type(0.0), Type(1.0) - cots_pred(i-1)/K_cots);\n      |                    ~~~^~~~~~~~~~~~~~~~~~~~~~~~~~~~~~~~~~~~~~~~~~~~~~\n/home/spi085/R/x86_64-pc-linux-gnu-library/4.4/TMB/include/convenience.hpp:145:6: note: candidate: \u2018template<class Type> Type max(const tmbutils::vector<Type>&)\u2019\n  145 | Type max(const vector<Type> &x)\n      |      ^~~\n/home/spi085/R/x86_64-pc-linux-gnu-library/4.4/TMB/include/convenience.hpp:145:6: note:   template argument deduction/substitution failed:\nPOPULATIONS/POPULATION_0005/INDIVIDUAL_34DTV10S/model.cpp:73:23: note:   mismatched types \u2018const tmbutils::vector<Type>\u2019 and \u2018double\u2019\n   73 |     Type dd_term = max(Type(0.0), Type(1.0) - cots_pred(i-1)/K_cots);\n      |                    ~~~^~~~~~~~~~~~~~~~~~~~~~~~~~~~~~~~~~~~~~~~~~~~~~\nPOPULATIONS/POPULATION_0005/INDIVIDUAL_34DTV10S/model.cpp:75:23: error: no matching function for call to \u2018max(double&, Eigen::DenseCoeffsBase<Eigen::Array<double, -1, 1>, 1>::Scalar)\u2019\n   75 |     cots_pred(i) = max(eps, cots_pred(i-1) + growth * temp_effect * feeding_rate + cotsimm_dat(i));\n      |                    ~~~^~~~~~~~~~~~~~~~~~~~~~~~~~~~~~~~~~~~~~~~~~~~~~~~~~~~~~~~~~~~~~~~~~~~~~~~~~~~\n/home/spi085/R/x86_64-pc-linux-gnu-library/4.4/TMB/include/convenience.hpp:145:6: note: candidate: \u2018template<class Type> Type max(const tmbutils::vector<Type>&)\u2019\n  145 | Type max(const vector<Type> &x)\n      |      ^~~\n/home/spi085/R/x86_64-pc-linux-gnu-library/4.4/TMB/include/convenience.hpp:145:6: note:   template argument deduction/substitution failed:\nPOPULATIONS/POPULATION_0005/INDIVIDUAL_34DTV10S/model.cpp:75:23: note:   mismatched types \u2018const tmbutils::vector<Type>\u2019 and \u2018double\u2019\n   75 |     cots_pred(i) = max(eps, cots_pred(i-1) + growth * temp_effect * feeding_rate + cotsimm_dat(i));\n      |                    ~~~^~~~~~~~~~~~~~~~~~~~~~~~~~~~~~~~~~~~~~~~~~~~~~~~~~~~~~~~~~~~~~~~~~~~~~~~~~~~\nPOPULATIONS/POPULATION_0005/INDIVIDUAL_34DTV10S/model.cpp: In instantiation of \u2018Type objective_function<Type>::operator()() [with Type = CppAD::AD<CppAD::AD<double> >]\u2019:\n/home/spi085/R/x86_64-pc-linux-gnu-library/4.4/TMB/include/tmb_core.hpp:917:29:   required from \u2018Type objective_function<Type>::evalUserTemplate() [with Type = CppAD::AD<CppAD::AD<double> >]\u2019\n/home/spi085/R/x86_64-pc-linux-gnu-library/4.4/TMB/include/tmb_core.hpp:2116:26:   required from here\nPOPULATIONS/POPULATION_0005/INDIVIDUAL_34DTV10S/model.cpp:73:23: error: no matching function for call to \u2018max(CppAD::AD<CppAD::AD<double> >, CppAD::AD<CppAD::AD<double> >)\u2019\n   73 |     Type dd_term = max(Type(0.0), Type(1.0) - cots_pred(i-1)/K_cots);\n      |                    ~~~^~~~~~~~~~~~~~~~~~~~~~~~~~~~~~~~~~~~~~~~~~~~~~\n/home/spi085/R/x86_64-pc-linux-gnu-library/4.4/TMB/include/convenience.hpp:145:6: note: candidate: \u2018template<class Type> Type max(const tmbutils::vector<Type>&)\u2019\n  145 | Type max(const vector<Type> &x)\n      |      ^~~\n/home/spi085/R/x86_64-pc-linux-gnu-library/4.4/TMB/include/convenience.hpp:145:6: note:   template argument deduction/substitution failed:\nPOPULATIONS/POPULATION_0005/INDIVIDUAL_34DTV10S/model.cpp:73:23: note:   \u2018CppAD::AD<CppAD::AD<double> >\u2019 is not derived from \u2018const tmbutils::vector<Type>\u2019\n   73 |     Type dd_term = max(Type(0.0), Type(1.0) - cots_pred(i-1)/K_cots);\n      |                    ~~~^~~~~~~~~~~~~~~~~~~~~~~~~~~~~~~~~~~~~~~~~~~~~~\nPOPULATIONS/POPULATION_0005/INDIVIDUAL_34DTV10S/model.cpp:75:23: error: no matching function for call to \u2018max(CppAD::AD<CppAD::AD<double> >&, CppAD::AD<CppAD::AD<double> >)\u2019\n   75 |     cots_pred(i) = max(eps, cots_pred(i-1) + growth * temp_effect * feeding_rate + cotsimm_dat(i));\n      |                    ~~~^~~~~~~~~~~~~~~~~~~~~~~~~~~~~~~~~~~~~~~~~~~~~~~~~~~~~~~~~~~~~~~~~~~~~~~~~~~~\n/home/spi085/R/x86_64-pc-linux-gnu-library/4.4/TMB/include/convenience.hpp:145:6: note: candidate: \u2018template<class Type> Type max(const tmbutils::vector<Type>&)\u2019\n  145 | Type max(const vector<Type> &x)\n      |      ^~~\n/home/spi085/R/x86_64-pc-linux-gnu-library/4.4/TMB/include/convenience.hpp:145:6: note:   template argument deduction/substitution failed:\nPOPULATIONS/POPULATION_0005/INDIVIDUAL_34DTV10S/model.cpp:75:23: note:   \u2018CppAD::AD<CppAD::AD<double> >\u2019 is not derived from \u2018const tmbutils::vector<Type>\u2019\n   75 |     cots_pred(i) = max(eps, cots_pred(i-1) + growth * temp_effect * feeding_rate + cotsimm_dat(i));\n      |                    ~~~^~~~~~~~~~~~~~~~~~~~~~~~~~~~~~~~~~~~~~~~~~~~~~~~~~~~~~~~~~~~~~~~~~~~~~~~~~~~\nPOPULATIONS/POPULATION_0005/INDIVIDUAL_34DTV10S/model.cpp: In instantiation of \u2018Type objective_function<Type>::operator()() [with Type = CppAD::AD<CppAD::AD<CppAD::AD<double> > >]\u2019:\n/home/spi085/R/x86_64-pc-linux-gnu-library/4.4/TMB/include/tmb_core.hpp:917:29:   required from \u2018Type objective_function<Type>::evalUserTemplate() [with Type = CppAD::AD<CppAD::AD<CppAD::AD<double> > >]\u2019\n/home/spi085/R/x86_64-pc-linux-gnu-library/4.4/TMB/include/tmb_core.hpp:2365:28:   required from here\nPOPULATIONS/POPULATION_0005/INDIVIDUAL_34DTV10S/model.cpp:73:23: error: no matching function for call to \u2018max(CppAD::AD<CppAD::AD<CppAD::AD<double> > >, CppAD::AD<CppAD::AD<CppAD::AD<double> > >)\u2019\n   73 |     Type dd_term = max(Type(0.0), Type(1.0) - cots_pred(i-1)/K_cots);\n      |                    ~~~^~~~~~~~~~~~~~~~~~~~~~~~~~~~~~~~~~~~~~~~~~~~~~\n/home/spi085/R/x86_64-pc-linux-gnu-library/4.4/TMB/include/convenience.hpp:145:6: note: candidate: \u2018template<class Type> Type max(const tmbutils::vector<Type>&)\u2019\n  145 | Type max(const vector<Type> &x)\n      |      ^~~\n/home/spi085/R/x86_64-pc-linux-gnu-library/4.4/TMB/include/convenience.hpp:145:6: note:   template argument deduction/substitution failed:\nPOPULATIONS/POPULATION_0005/INDIVIDUAL_34DTV10S/model.cpp:73:23: note:   \u2018CppAD::AD<CppAD::AD<CppAD::AD<double> > >\u2019 is not derived from \u2018const tmbutils::vector<Type>\u2019\n   73 |     Type dd_term = max(Type(0.0), Type(1.0) - cots_pred(i-1)/K_cots);\n      |                    ~~~^~~~~~~~~~~~~~~~~~~~~~~~~~~~~~~~~~~~~~~~~~~~~~\nPOPULATIONS/POPULATION_0005/INDIVIDUAL_34DTV10S/model.cpp:75:23: error: no matching function for call to \u2018max(CppAD::AD<CppAD::AD<CppAD::AD<double> > >&, CppAD::AD<CppAD::AD<CppAD::AD<double> > >)\u2019\n   75 |     cots_pred(i) = max(eps, cots_pred(i-1) + growth * temp_effect * feeding_rate + cotsimm_dat(i));\n      |                    ~~~^~~~~~~~~~~~~~~~~~~~~~~~~~~~~~~~~~~~~~~~~~~~~~~~~~~~~~~~~~~~~~~~~~~~~~~~~~~~\n/home/spi085/R/x86_64-pc-linux-gnu-library/4.4/TMB/include/convenience.hpp:145:6: note: candidate: \u2018template<class Type> Type max(const tmbutils::vector<Type>&)\u2019\n  145 | Type max(const vector<Type> &x)\n      |      ^~~\n/home/spi085/R/x86_64-pc-linux-gnu-library/4.4/TMB/include/convenience.hpp:145:6: note:   template argument deduction/substitution failed:\nPOPULATIONS/POPULATION_0005/INDIVIDUAL_34DTV10S/model.cpp:75:23: note:   \u2018CppAD::AD<CppAD::AD<CppAD::AD<double> > >\u2019 is not derived from \u2018const tmbutils::vector<Type>\u2019\n   75 |     cots_pred(i) = max(eps, cots_pred(i-1) + growth * temp_effect * feeding_rate + cotsimm_dat(i));\n      |                    ~~~^~~~~~~~~~~~~~~~~~~~~~~~~~~~~~~~~~~~~~~~~~~~~~~~~~~~~~~~~~~~~~~~~~~~~~~~~~~~\nmake: *** [/usr/lib/R/etc/Makeconf:204: POPULATIONS/POPULATION_0005/INDIVIDUAL_34DTV10S/model.o] Error 1\nError in TMB::compile(file.path(individual_dir, model_file), flags = flags,  : \n  Compilation failed\nError: Compilation failed\nExecution halted"
    },
    "5": {
      "status": "ERROR",
      "message": "R script failed with return code 1",
      "stdout": "g++ -std=gnu++17 -I\"/usr/share/R/include\" -DNDEBUG -I\"/home/spi085/R/x86_64-pc-linux-gnu-library/4.4/TMB/include\" -I\"/home/spi085/R/x86_64-pc-linux-gnu-library/4.4/RcppEigen/include\"   -DTMB_EIGEN_DISABLE_WARNINGS   -DTMB_LIB_INIT=R_init_model  -DCPPAD_FRAMEWORK      -fpic  -O2  -c POPULATIONS/POPULATION_0005/INDIVIDUAL_34DTV10S/model.cpp -o POPULATIONS/POPULATION_0005/INDIVIDUAL_34DTV10S/model.o\ng++ -std=gnu++17 -shared -L/usr/lib/R/lib -Wl,-Bsymbolic-functions -flto=auto -ffat-lto-objects -Wl,-z,relro -o POPULATIONS/POPULATION_0005/INDIVIDUAL_34DTV10S/model.so POPULATIONS/POPULATION_0005/INDIVIDUAL_34DTV10S/model.o -L/usr/lib/R/lib -lR\nStarting model phases\nNumber of phases: 3 \nPhase 1 \nInitial parameter values for phase 1 :\n         log_r_cots log_allee_threshold        log_temp_opt     logit_fast_pref \n                 NA                  NA                  NA                  NA \n         log_r_fast          log_r_slow \n                 NA               -1.27 \nError in model phases: NA/NaN gradient evaluation",
      "stderr": "Loading required package: TMB\nLoading required package: jsonlite\nhere() starts at /home/spi085/Documents/_Projects/SCCP-QuantModelling\nusing C++ compiler: \u2018g++ (Ubuntu 13.3.0-6ubuntu2~24.04) 13.3.0\u2019\nError in value[[3L]](cond) : \n  Error in model phases: NA/NaN gradient evaluation\nCalls: tryCatch -> tryCatchList -> tryCatchOne -> <Anonymous>\nIn addition: Warning message:\nIn nlminb(model$par, model$fn, model$gr) : NA/NaN function evaluation\nExecution halted"
    },
    "6": {
      "status": "ERROR",
      "message": "Model failed to compile.",
      "stdout": "g++ -std=gnu++17 -I\"/usr/share/R/include\" -DNDEBUG -I\"/home/spi085/R/x86_64-pc-linux-gnu-library/4.4/TMB/include\" -I\"/home/spi085/R/x86_64-pc-linux-gnu-library/4.4/RcppEigen/include\"   -DTMB_EIGEN_DISABLE_WARNINGS   -DTMB_LIB_INIT=R_init_model  -DCPPAD_FRAMEWORK      -fpic  -O2  -c POPULATIONS/POPULATION_0005/INDIVIDUAL_34DTV10S/model.cpp -o POPULATIONS/POPULATION_0005/INDIVIDUAL_34DTV10S/model.o",
      "stderr": "Loading required package: TMB\nLoading required package: jsonlite\nhere() starts at /home/spi085/Documents/_Projects/SCCP-QuantModelling\nusing C++ compiler: \u2018g++ (Ubuntu 13.3.0-6ubuntu2~24.04) 13.3.0\u2019\nPOPULATIONS/POPULATION_0005/INDIVIDUAL_34DTV10S/model.cpp: In instantiation of \u2018Type objective_function<Type>::operator()() [with Type = CppAD::AD<double>]\u2019:\n/home/spi085/R/x86_64-pc-linux-gnu-library/4.4/TMB/include/tmb_core.hpp:1312:6:   required from here\nPOPULATIONS/POPULATION_0005/INDIVIDUAL_34DTV10S/model.cpp:77:26: error: \u2018posfun\u2019 was not declared in this scope\n   77 |     cots_pred(i) = posfun(cots_pred(i), eps, 0);  // Ensure positive values\n      |                    ~~~~~~^~~~~~~~~~~~~~~~~~~~~~\nPOPULATIONS/POPULATION_0005/INDIVIDUAL_34DTV10S/model.cpp: In instantiation of \u2018Type objective_function<Type>::operator()() [with Type = double]\u2019:\n/home/spi085/R/x86_64-pc-linux-gnu-library/4.4/TMB/include/tmb_core.hpp:2035:7:   required from here\nPOPULATIONS/POPULATION_0005/INDIVIDUAL_34DTV10S/model.cpp:77:26: error: \u2018posfun\u2019 was not declared in this scope\nPOPULATIONS/POPULATION_0005/INDIVIDUAL_34DTV10S/model.cpp: In instantiation of \u2018Type objective_function<Type>::operator()() [with Type = CppAD::AD<CppAD::AD<double> >]\u2019:\n/home/spi085/R/x86_64-pc-linux-gnu-library/4.4/TMB/include/tmb_core.hpp:917:29:   required from \u2018Type objective_function<Type>::evalUserTemplate() [with Type = CppAD::AD<CppAD::AD<double> >]\u2019\n/home/spi085/R/x86_64-pc-linux-gnu-library/4.4/TMB/include/tmb_core.hpp:2116:26:   required from here\nPOPULATIONS/POPULATION_0005/INDIVIDUAL_34DTV10S/model.cpp:77:26: error: \u2018posfun\u2019 was not declared in this scope\nPOPULATIONS/POPULATION_0005/INDIVIDUAL_34DTV10S/model.cpp: In instantiation of \u2018Type objective_function<Type>::operator()() [with Type = CppAD::AD<CppAD::AD<CppAD::AD<double> > >]\u2019:\n/home/spi085/R/x86_64-pc-linux-gnu-library/4.4/TMB/include/tmb_core.hpp:917:29:   required from \u2018Type objective_function<Type>::evalUserTemplate() [with Type = CppAD::AD<CppAD::AD<CppAD::AD<double> > >]\u2019\n/home/spi085/R/x86_64-pc-linux-gnu-library/4.4/TMB/include/tmb_core.hpp:2365:28:   required from here\nPOPULATIONS/POPULATION_0005/INDIVIDUAL_34DTV10S/model.cpp:77:26: error: \u2018posfun\u2019 was not declared in this scope\nmake: *** [/usr/lib/R/etc/Makeconf:204: POPULATIONS/POPULATION_0005/INDIVIDUAL_34DTV10S/model.o] Error 1\nError in TMB::compile(file.path(individual_dir, model_file), flags = flags,  : \n  Compilation failed\nError: Compilation failed\nExecution halted"
    },
    "7": {
      "status": "BROKEN"
    }
  }
}