{
  "iterations": {
    "1": {
      "status": "ERROR",
      "message": "R script failed with return code 1",
      "stdout": "g++ -std=gnu++17  -I\"C:/Users/spi085/AppData/Local/Programs/R/R-4.4.1/include\" -DNDEBUG -I\"C:/Users/spi085/AppData/Local/Programs/R/R-44~1.1/library/TMB/include\" -I\"C:/Users/spi085/AppData/Local/Programs/R/R-44~1.1/library/RCPPEI~1/include\"   -DTMB_EIGEN_DISABLE_WARNINGS   -DTMB_LIB_INIT=R_init_model  -DCPPAD_FRAMEWORK    -I\"C:/rtools44/x86_64-w64-mingw32.static.posix/include\"     -O2 -Wa,-mbig-obj -c POPULATIONS//POPULATION_0014//INDIVIDUAL_2FO0QTZT/model.cpp -o POPULATIONS//POPULATION_0014//INDIVIDUAL_2FO0QTZT/model.o\ng++ -std=gnu++17 -shared -s -static-libgcc -o POPULATIONS//POPULATION_0014//INDIVIDUAL_2FO0QTZT/model.dll tmp.def POPULATIONS//POPULATION_0014//INDIVIDUAL_2FO0QTZT/model.o -LC:/rtools44/x86_64-w64-mingw32.static.posix/lib/x64 -LC:/rtools44/x86_64-w64-mingw32.static.posix/lib -LC:/Users/spi085/AppData/Local/Programs/R/R-4.4.1/bin/x64 -lR\nStarting model phases\nNumber of phases: 4 \nPhase 1 \nInitial parameter values for phase 1 :\nr_cots r_slow r_fast a_slow a_fast \n  0.80   0.15   0.35   0.05   0.15 \nFinal parameter values for phase 1 :\nr_cots r_slow r_fast a_slow a_fast \n  0.80   0.15   0.35   0.05   0.15 \nConvergence message: both X-convergence and relative convergence (5) \nNumber of iterations: 1 \nObjective function value: Inf \nGradient at solution for phase 1 :\n     [,1] [,2] [,3] [,4] [,5]\n[1,]    0    0    0    0    0\nPhase 2 \nInitial parameter values for phase 2 :\n   K_cots    m_cots   K_coral    q_cots  temp_opt  temp_tol temp_mort \n     3.00      0.30     80.00      0.01     27.00      2.50      0.05 \nFinal parameter values for phase 2 :\n   K_cots    m_cots   K_coral    q_cots  temp_opt  temp_tol temp_mort \n     3.00      0.30     80.00      0.01     27.00      2.50      0.05 \nConvergence message: both X-convergence and relative convergence (5) \nNumber of iterations: 1 \nObjective function value: Inf \nGradient at solution for phase 2 :\n     [,1] [,2] [,3] [,4] [,5] [,6] [,7]\n[1,]    0    0    0    0    0    0    0\nPhase 3 \nInitial parameter values for phase 3 :\ncomp_coef    h_slow    h_fast \n     0.70      0.02      0.01 \nFinal parameter values for phase 3 :\ncomp_coef    h_slow    h_fast \n     0.70      0.02      0.01 \nConvergence message: both X-convergence and relative convergence (5) \nNumber of iterations: 1 \nObjective function value: Inf \nGradient at solution for phase 3 :\n     [,1] [,2] [,3]\n[1,]    0    0    0\nPhase 4 \nInitial parameter values for phase 4 :\nlog_sigma_cots log_sigma_slow log_sigma_fast \n          -1.6           -0.7           -0.7 \nError in model phases: NA/NaN gradient evaluation",
      "stderr": "Loading required package: TMB\nLoading required package: jsonlite\nhere() starts at C:/Users/spi085/OneDrive - CSIRO/Documents/_Projects/SCCP-QuantModelling\nusing C++ compiler: 'G__~1.EXE (GCC) 13.2.0'\nError in value[[3L]](cond) : \n  Error in model phases: NA/NaN gradient evaluation\nCalls: tryCatch -> tryCatchList -> tryCatchOne -> <Anonymous>\nIn addition: Warning messages:\n1: In nlminb(model$par, model$fn, model$gr) : NA/NaN function evaluation\n2: In nlminb(model$par, model$fn, model$gr) : NA/NaN function evaluation\n3: In nlminb(model$par, model$fn, model$gr) : NA/NaN function evaluation\n4: In nlminb(model$par, model$fn, model$gr) : NA/NaN function evaluation\n5: In nlminb(model$par, model$fn, model$gr) : NA/NaN function evaluation\n6: In nlminb(model$par, model$fn, model$gr) : NA/NaN function evaluation\n7: In nlminb(model$par, model$fn, model$gr) : NA/NaN function evaluation\nExecution halted"
    },
    "2": {
      "status": "ERROR",
      "message": "Model failed to compile.",
      "stdout": "g++ -std=gnu++17  -I\"C:/Users/spi085/AppData/Local/Programs/R/R-4.4.1/include\" -DNDEBUG -I\"C:/Users/spi085/AppData/Local/Programs/R/R-44~1.1/library/TMB/include\" -I\"C:/Users/spi085/AppData/Local/Programs/R/R-44~1.1/library/RCPPEI~1/include\"   -DTMB_EIGEN_DISABLE_WARNINGS   -DTMB_LIB_INIT=R_init_model  -DCPPAD_FRAMEWORK    -I\"C:/rtools44/x86_64-w64-mingw32.static.posix/include\"     -O2 -Wa,-mbig-obj -c POPULATIONS//POPULATION_0014//INDIVIDUAL_2FO0QTZT/model.cpp -o POPULATIONS//POPULATION_0014//INDIVIDUAL_2FO0QTZT/model.o",
      "stderr": "Loading required package: TMB\nLoading required package: jsonlite\nhere() starts at C:/Users/spi085/OneDrive - CSIRO/Documents/_Projects/SCCP-QuantModelling\nusing C++ compiler: 'G__~1.EXE (GCC) 13.2.0'\nPOPULATIONS//POPULATION_0014//INDIVIDUAL_2FO0QTZT/model.cpp: In member function 'Type objective_function<Type>::operator()()':\nPOPULATIONS//POPULATION_0014//INDIVIDUAL_2FO0QTZT/model.cpp:114:34: error: 'min' is not a member of 'CppAD'; did you mean 'sin'?\n  114 |     Type slow_mortality = CppAD::min(temp_mortality * slow_pred(t-1), slow_pred(t-1) * 0.95);\n      |                                  ^~~\n      |                                  sin\nPOPULATIONS//POPULATION_0014//INDIVIDUAL_2FO0QTZT/model.cpp:116:27: error: 'max' is not a member of 'CppAD'\n  116 |     slow_pred(t) = CppAD::max(slow_pred(t), Type(0.01)); // Small minimum to prevent numerical issues\n      |                           ^~~\nPOPULATIONS//POPULATION_0014//INDIVIDUAL_2FO0QTZT/model.cpp:116:27: note: suggested alternatives:\nIn file included from C:/Users/spi085/AppData/Local/Programs/R/R-4.4.1/library/TMB/include/TMB.hpp:215,\n                 from POPULATIONS//POPULATION_0014//INDIVIDUAL_2FO0QTZT/model.cpp:1:\nC:/Users/spi085/AppData/Local/Programs/R/R-4.4.1/library/TMB/include/convenience.hpp:145:6: note:   'max'\n  145 | Type max(const vector<Type> &x)\n      |      ^~~\nIn file included from C:/rtools44/x86_64-w64-mingw32.static.posix/lib/gcc/x86_64-w64-mingw32.static.posix/13.2.0/include/c++/functional:67,\n                 from C:/Users/spi085/AppData/Local/Programs/R/R-44~1.1/library/RCPPEI~1/include/Eigen/Core:85,\n                 from C:/Users/spi085/AppData/Local/Programs/R/R-44~1.1/library/RCPPEI~1/include/Eigen/Dense:1,\n                 from C:/Users/spi085/AppData/Local/Programs/R/R-4.4.1/library/TMB/include/TMB.hpp:92:\nC:/rtools44/x86_64-w64-mingw32.static.posix/lib/gcc/x86_64-w64-mingw32.static.posix/13.2.0/include/c++/bits/stl_algo.h:5805:5: note:   'std::max'\n 5805 |     max(initializer_list<_Tp> __l, _Compare __comp)\n      |     ^~~\nIn file included from C:/Users/spi085/AppData/Local/Programs/R/R-44~1.1/library/RCPPEI~1/include/Eigen/Core:176:\nC:/Users/spi085/AppData/Local/Programs/R/R-44~1.1/library/RCPPEI~1/include/Eigen/src/Core/arch/Default/Half.h:749:45: note:   'Eigen::half_impl::max'\n  749 | EIGEN_STRONG_INLINE EIGEN_DEVICE_FUNC half (max)(const half& a, const half& b) {\n      |                                             ^~~\nIn file included from C:/Users/spi085/AppData/Local/Programs/R/R-44~1.1/library/RCPPEI~1/include/Eigen/Core:177:\nC:/Users/spi085/AppData/Local/Programs/R/R-44~1.1/library/RCPPEI~1/include/Eigen/src/Core/arch/Default/BFloat16.h:576:49: note:   'Eigen::bfloat16_impl::max'\n  576 | EIGEN_STRONG_INLINE EIGEN_DEVICE_FUNC bfloat16 (max)(const bfloat16& a, const bfloat16& b) {\n      |                                                 ^~~\nPOPULATIONS//POPULATION_0014//INDIVIDUAL_2FO0QTZT/model.cpp:119:34: error: 'min' is not a member of 'CppAD'; did you mean 'sin'?\n  119 |     Type fast_mortality = CppAD::min(temp_mortality * fast_pred(t-1) * 1.5, fast_pred(t-1) * 0.95);\n      |                                  ^~~\n      |                                  sin\nPOPULATIONS//POPULATION_0014//INDIVIDUAL_2FO0QTZT/model.cpp:121:27: error: 'max' is not a member of 'CppAD'\n  121 |     fast_pred(t) = CppAD::max(fast_pred(t), Type(0.01)); // Small minimum to prevent numerical issues\n      |                           ^~~\nPOPULATIONS//POPULATION_0014//INDIVIDUAL_2FO0QTZT/model.cpp:121:27: note: suggested alternatives:\nC:/Users/spi085/AppData/Local/Programs/R/R-4.4.1/library/TMB/include/convenience.hpp:145:6: note:   'max'\n  145 | Type max(const vector<Type> &x)\n      |      ^~~\nC:/rtools44/x86_64-w64-mingw32.static.posix/lib/gcc/x86_64-w64-mingw32.static.posix/13.2.0/include/c++/bits/stl_algo.h:5805:5: note:   'std::max'\n 5805 |     max(initializer_list<_Tp> __l, _Compare __comp)\n      |     ^~~\nC:/Users/spi085/AppData/Local/Programs/R/R-44~1.1/library/RCPPEI~1/include/Eigen/src/Core/arch/Default/Half.h:749:45: note:   'Eigen::half_impl::max'\n  749 | EIGEN_STRONG_INLINE EIGEN_DEVICE_FUNC half (max)(const half& a, const half& b) {\n      |                                             ^~~\nC:/Users/spi085/AppData/Local/Programs/R/R-44~1.1/library/RCPPEI~1/include/Eigen/src/Core/arch/Default/BFloat16.h:576:49: note:   'Eigen::bfloat16_impl::max'\n  576 | EIGEN_STRONG_INLINE EIGEN_DEVICE_FUNC bfloat16 (max)(const bfloat16& a, const bfloat16& b) {\n      |                                                 ^~~\nPOPULATIONS//POPULATION_0014//INDIVIDUAL_2FO0QTZT/model.cpp:125:30: error: 'min' is not a member of 'CppAD'; did you mean 'sin'?\n  125 |     food_limitation = CppAD::min(food_limitation, Type(1.0)); // Cap at 1\n      |                              ^~~\n      |                              sin\nPOPULATIONS//POPULATION_0014//INDIVIDUAL_2FO0QTZT/model.cpp:131:27: error: 'max' is not a member of 'CppAD'\n  131 |     cots_pred(t) = CppAD::max(cots_pred(t), Type(0.01)); // Small minimum to prevent numerical issues\n      |                           ^~~\nPOPULATIONS//POPULATION_0014//INDIVIDUAL_2FO0QTZT/model.cpp:131:27: note: suggested alternatives:\nC:/Users/spi085/AppData/Local/Programs/R/R-4.4.1/library/TMB/include/convenience.hpp:145:6: note:   'max'\n  145 | Type max(const vector<Type> &x)\n      |      ^~~\nC:/rtools44/x86_64-w64-mingw32.static.posix/lib/gcc/x86_64-w64-mingw32.static.posix/13.2.0/include/c++/bits/stl_algo.h:5805:5: note:   'std::max'\n 5805 |     max(initializer_list<_Tp> __l, _Compare __comp)\n      |     ^~~\nC:/Users/spi085/AppData/Local/Programs/R/R-44~1.1/library/RCPPEI~1/include/Eigen/src/Core/arch/Default/Half.h:749:45: note:   'Eigen::half_impl::max'\n  749 | EIGEN_STRONG_INLINE EIGEN_DEVICE_FUNC half (max)(const half& a, const half& b) {\n      |                                             ^~~\nC:/Users/spi085/AppData/Local/Programs/R/R-44~1.1/library/RCPPEI~1/include/Eigen/src/Core/arch/Default/BFloat16.h:576:49: note:   'Eigen::bfloat16_impl::max'\n  576 | EIGEN_STRONG_INLINE EIGEN_DEVICE_FUNC bfloat16 (max)(const bfloat16& a, const bfloat16& b) {\n      |                                                 ^~~\nPOPULATIONS//POPULATION_0014//INDIVIDUAL_2FO0QTZT/model.cpp:141:33: error: 'max' is not a member of 'CppAD'\n  141 |     Type cots_pred_pos = CppAD::max(cots_pred(t), Type(0.01)); // Ensure positive prediction\n      |                                 ^~~\nPOPULATIONS//POPULATION_0014//INDIVIDUAL_2FO0QTZT/model.cpp:141:33: note: suggested alternatives:\nC:/Users/spi085/AppData/Local/Programs/R/R-4.4.1/library/TMB/include/convenience.hpp:145:6: note:   'max'\n  145 | Type max(const vector<Type> &x)\n      |      ^~~\nC:/rtools44/x86_64-w64-mingw32.static.posix/lib/gcc/x86_64-w64-mingw32.static.posix/13.2.0/include/c++/bits/stl_algo.h:5805:5: note:   'std::max'\n 5805 |     max(initializer_list<_Tp> __l, _Compare __comp)\n      |     ^~~\nC:/Users/spi085/AppData/Local/Programs/R/R-44~1.1/library/RCPPEI~1/include/Eigen/src/Core/arch/Default/Half.h:749:45: note:   'Eigen::half_impl::max'\n  749 | EIGEN_STRONG_INLINE EIGEN_DEVICE_FUNC half (max)(const half& a, const half& b) {\n      |                                             ^~~\nC:/Users/spi085/AppData/Local/Programs/R/R-44~1.1/library/RCPPEI~1/include/Eigen/src/Core/arch/Default/BFloat16.h:576:49: note:   'Eigen::bfloat16_impl::max'\n  576 | EIGEN_STRONG_INLINE EIGEN_DEVICE_FUNC bfloat16 (max)(const bfloat16& a, const bfloat16& b) {\n      |                                                 ^~~\nPOPULATIONS//POPULATION_0014//INDIVIDUAL_2FO0QTZT/model.cpp:142:32: error: 'max' is not a member of 'CppAD'\n  142 |     Type cots_dat_pos = CppAD::max(cots_dat(t), Type(0.01)); // Ensure positive data\n      |                                ^~~\nPOPULATIONS//POPULATION_0014//INDIVIDUAL_2FO0QTZT/model.cpp:142:32: note: suggested alternatives:\nC:/Users/spi085/AppData/Local/Programs/R/R-4.4.1/library/TMB/include/convenience.hpp:145:6: note:   'max'\n  145 | Type max(const vector<Type> &x)\n      |      ^~~\nC:/rtools44/x86_64-w64-mingw32.static.posix/lib/gcc/x86_64-w64-mingw32.static.posix/13.2.0/include/c++/bits/stl_algo.h:5805:5: note:   'std::max'\n 5805 |     max(initializer_list<_Tp> __l, _Compare __comp)\n      |     ^~~\nC:/Users/spi085/AppData/Local/Programs/R/R-44~1.1/library/RCPPEI~1/include/Eigen/src/Core/arch/Default/Half.h:749:45: note:   'Eigen::half_impl::max'\n  749 | EIGEN_STRONG_INLINE EIGEN_DEVICE_FUNC half (max)(const half& a, const half& b) {\n      |                                             ^~~\nC:/Users/spi085/AppData/Local/Programs/R/R-44~1.1/library/RCPPEI~1/include/Eigen/src/Core/arch/Default/BFloat16.h:576:49: note:   'Eigen::bfloat16_impl::max'\n  576 | EIGEN_STRONG_INLINE EIGEN_DEVICE_FUNC bfloat16 (max)(const bfloat16& a, const bfloat16& b) {\n      |                                                 ^~~\nmake: *** [C:/Users/spi085/AppData/Local/Programs/R/R-4.4.1/etc/x64/Makeconf:296: POPULATIONS//POPULATION_0014//INDIVIDUAL_2FO0QTZT/model.o] Error 1\nError in TMB::compile(file.path(individual_dir, model_file), flags = flags,  : \n  Compilation failed\nError: Compilation failed\nExecution halted"
    },
    "3": {
      "status": "ERROR",
      "message": "R script failed with return code 1",
      "stdout": "g++ -std=gnu++17  -I\"C:/Users/spi085/AppData/Local/Programs/R/R-4.4.1/include\" -DNDEBUG -I\"C:/Users/spi085/AppData/Local/Programs/R/R-44~1.1/library/TMB/include\" -I\"C:/Users/spi085/AppData/Local/Programs/R/R-44~1.1/library/RCPPEI~1/include\"   -DTMB_EIGEN_DISABLE_WARNINGS   -DTMB_LIB_INIT=R_init_model  -DCPPAD_FRAMEWORK    -I\"C:/rtools44/x86_64-w64-mingw32.static.posix/include\"     -O2 -Wa,-mbig-obj -c POPULATIONS//POPULATION_0014//INDIVIDUAL_2FO0QTZT/model.cpp -o POPULATIONS//POPULATION_0014//INDIVIDUAL_2FO0QTZT/model.o\ng++ -std=gnu++17 -shared -s -static-libgcc -o POPULATIONS//POPULATION_0014//INDIVIDUAL_2FO0QTZT/model.dll tmp.def POPULATIONS//POPULATION_0014//INDIVIDUAL_2FO0QTZT/model.o -LC:/rtools44/x86_64-w64-mingw32.static.posix/lib/x64 -LC:/rtools44/x86_64-w64-mingw32.static.posix/lib -LC:/Users/spi085/AppData/Local/Programs/R/R-4.4.1/bin/x64 -lR\nStarting model phases\nNumber of phases: 4 \nPhase 1 \nInitial parameter values for phase 1 :\n r_cots  r_slow  r_fast  a_slow  a_fast \n-0.2231 -1.7346 -0.6190 -3.0000 -1.9000 \nFinal parameter values for phase 1 :\n r_cots  r_slow  r_fast  a_slow  a_fast \n-0.2231 -1.7346 -0.6190 -3.0000 -1.9000 \nConvergence message: both X-convergence and relative convergence (5) \nNumber of iterations: 1 \nObjective function value: Inf \nGradient at solution for phase 1 :\n     [,1] [,2] [,3] [,4] [,5]\n[1,]    0    0    0    0    0\nPhase 2 \nInitial parameter values for phase 2 :\n   K_cots    m_cots   K_coral    q_cots  temp_opt  temp_tol temp_mort \n   1.0986   -0.8473    4.3820   -4.6000   27.0000    0.9163   -3.0000 \nFinal parameter values for phase 2 :\n   K_cots    m_cots   K_coral    q_cots  temp_opt  temp_tol temp_mort \n   1.0986   -0.8473    4.3820   -4.6000   27.0000    0.9163   -3.0000 \nConvergence message: both X-convergence and relative convergence (5) \nNumber of iterations: 1 \nObjective function value: Inf \nGradient at solution for phase 2 :\n     [,1] [,2] [,3] [,4] [,5] [,6] [,7]\n[1,]    0    0    0    0    0    0    0\nPhase 3 \nInitial parameter values for phase 3 :\ncomp_coef    h_slow    h_fast \n   0.8473   -3.9000   -4.6000 \nFinal parameter values for phase 3 :\ncomp_coef    h_slow    h_fast \n   0.8473   -3.9000   -4.6000 \nConvergence message: both X-convergence and relative convergence (5) \nNumber of iterations: 1 \nObjective function value: Inf \nGradient at solution for phase 3 :\n     [,1] [,2] [,3]\n[1,]    0    0    0\nPhase 4 \nInitial parameter values for phase 4 :\nlog_sigma_cots log_sigma_slow log_sigma_fast \n          -1.6           -0.7           -0.7 \nError in model phases: NA/NaN gradient evaluation",
      "stderr": "Loading required package: TMB\nLoading required package: jsonlite\nhere() starts at C:/Users/spi085/OneDrive - CSIRO/Documents/_Projects/SCCP-QuantModelling\nusing C++ compiler: 'G__~1.EXE (GCC) 13.2.0'\nError in value[[3L]](cond) : \n  Error in model phases: NA/NaN gradient evaluation\nCalls: tryCatch -> tryCatchList -> tryCatchOne -> <Anonymous>\nIn addition: Warning messages:\n1: In nlminb(model$par, model$fn, model$gr) : NA/NaN function evaluation\n2: In nlminb(model$par, model$fn, model$gr) : NA/NaN function evaluation\n3: In nlminb(model$par, model$fn, model$gr) : NA/NaN function evaluation\n4: In nlminb(model$par, model$fn, model$gr) : NA/NaN function evaluation\n5: In nlminb(model$par, model$fn, model$gr) : NA/NaN function evaluation\n6: In nlminb(model$par, model$fn, model$gr) : NA/NaN function evaluation\n7: In nlminb(model$par, model$fn, model$gr) : NA/NaN function evaluation\nExecution halted"
    },
    "4": {
      "status": "ERROR",
      "message": "R script failed with return code 1",
      "stdout": "g++ -std=gnu++17  -I\"C:/Users/spi085/AppData/Local/Programs/R/R-4.4.1/include\" -DNDEBUG -I\"C:/Users/spi085/AppData/Local/Programs/R/R-44~1.1/library/TMB/include\" -I\"C:/Users/spi085/AppData/Local/Programs/R/R-44~1.1/library/RCPPEI~1/include\"   -DTMB_EIGEN_DISABLE_WARNINGS   -DTMB_LIB_INIT=R_init_model  -DCPPAD_FRAMEWORK    -I\"C:/rtools44/x86_64-w64-mingw32.static.posix/include\"     -O2 -Wa,-mbig-obj -c POPULATIONS//POPULATION_0014//INDIVIDUAL_2FO0QTZT/model.cpp -o POPULATIONS//POPULATION_0014//INDIVIDUAL_2FO0QTZT/model.o\ng++ -std=gnu++17 -shared -s -static-libgcc -o POPULATIONS//POPULATION_0014//INDIVIDUAL_2FO0QTZT/model.dll tmp.def POPULATIONS//POPULATION_0014//INDIVIDUAL_2FO0QTZT/model.o -LC:/rtools44/x86_64-w64-mingw32.static.posix/lib/x64 -LC:/rtools44/x86_64-w64-mingw32.static.posix/lib -LC:/Users/spi085/AppData/Local/Programs/R/R-4.4.1/bin/x64 -lR\nStarting model phases\nNumber of phases: 4 \nPhase 1 \nInitial parameter values for phase 1 :\nr_cots r_slow r_fast a_slow a_fast \n  -0.5   -1.9   -1.0   -3.0   -1.9 \nFinal parameter values for phase 1 :\nr_cots r_slow r_fast a_slow a_fast \n  -0.5   -1.9   -1.0   -3.0   -1.9 \nConvergence message: both X-convergence and relative convergence (5) \nNumber of iterations: 1 \nObjective function value: Inf \nGradient at solution for phase 1 :\n     [,1] [,2] [,3] [,4] [,5]\n[1,]    0    0    0    0    0\nPhase 2 \nInitial parameter values for phase 2 :\n   K_cots    m_cots   K_coral    q_cots  temp_opt  temp_tol temp_mort \n      1.1      -1.2       4.4      -4.6      27.0       0.9      -3.0 \nFinal parameter values for phase 2 :\n   K_cots    m_cots   K_coral    q_cots  temp_opt  temp_tol temp_mort \n      1.1      -1.2       4.4      -4.6      27.0       0.9      -3.0 \nConvergence message: both X-convergence and relative convergence (5) \nNumber of iterations: 1 \nObjective function value: Inf \nGradient at solution for phase 2 :\n     [,1] [,2] [,3] [,4] [,5] [,6] [,7]\n[1,]    0    0    0    0    0    0    0\nPhase 3 \nInitial parameter values for phase 3 :\ncomp_coef    h_slow    h_fast \n     -0.3      -3.9      -4.6 \nFinal parameter values for phase 3 :\ncomp_coef    h_slow    h_fast \n     -0.3      -3.9      -4.6 \nConvergence message: both X-convergence and relative convergence (5) \nNumber of iterations: 1 \nObjective function value: Inf \nGradient at solution for phase 3 :\n     [,1] [,2] [,3]\n[1,]    0    0    0\nPhase 4 \nInitial parameter values for phase 4 :\nlog_sigma_cots log_sigma_slow log_sigma_fast \n            -1              0              0 \nError in model phases: NA/NaN gradient evaluation",
      "stderr": "Loading required package: TMB\nLoading required package: jsonlite\nhere() starts at C:/Users/spi085/OneDrive - CSIRO/Documents/_Projects/SCCP-QuantModelling\nusing C++ compiler: 'G__~1.EXE (GCC) 13.2.0'\nError in value[[3L]](cond) : \n  Error in model phases: NA/NaN gradient evaluation\nCalls: tryCatch -> tryCatchList -> tryCatchOne -> <Anonymous>\nIn addition: Warning messages:\n1: In nlminb(model$par, model$fn, model$gr) : NA/NaN function evaluation\n2: In nlminb(model$par, model$fn, model$gr) : NA/NaN function evaluation\n3: In nlminb(model$par, model$fn, model$gr) : NA/NaN function evaluation\n4: In nlminb(model$par, model$fn, model$gr) : NA/NaN function evaluation\n5: In nlminb(model$par, model$fn, model$gr) : NA/NaN function evaluation\n6: In nlminb(model$par, model$fn, model$gr) : NA/NaN function evaluation\n7: In nlminb(model$par, model$fn, model$gr) : NA/NaN function evaluation\nExecution halted"
    },
    "5": {
      "status": "ERROR",
      "message": "R script failed with return code 1",
      "stdout": "g++ -std=gnu++17  -I\"C:/Users/spi085/AppData/Local/Programs/R/R-4.4.1/include\" -DNDEBUG -I\"C:/Users/spi085/AppData/Local/Programs/R/R-44~1.1/library/TMB/include\" -I\"C:/Users/spi085/AppData/Local/Programs/R/R-44~1.1/library/RCPPEI~1/include\"   -DTMB_EIGEN_DISABLE_WARNINGS   -DTMB_LIB_INIT=R_init_model  -DCPPAD_FRAMEWORK    -I\"C:/rtools44/x86_64-w64-mingw32.static.posix/include\"     -O2 -Wa,-mbig-obj -c POPULATIONS//POPULATION_0014//INDIVIDUAL_2FO0QTZT/model.cpp -o POPULATIONS//POPULATION_0014//INDIVIDUAL_2FO0QTZT/model.o\ng++ -std=gnu++17 -shared -s -static-libgcc -o POPULATIONS//POPULATION_0014//INDIVIDUAL_2FO0QTZT/model.dll tmp.def POPULATIONS//POPULATION_0014//INDIVIDUAL_2FO0QTZT/model.o -LC:/rtools44/x86_64-w64-mingw32.static.posix/lib/x64 -LC:/rtools44/x86_64-w64-mingw32.static.posix/lib -LC:/Users/spi085/AppData/Local/Programs/R/R-4.4.1/bin/x64 -lR\nStarting model phases\nNumber of phases: 4 \nPhase 1 \nInitial parameter values for phase 1 :\nr_cots r_slow r_fast a_slow a_fast \n  -0.5   -1.9   -1.0   -3.0   -1.9 \nFinal parameter values for phase 1 :\nr_cots r_slow r_fast a_slow a_fast \n  -0.5   -1.9   -1.0   -3.0   -1.9 \nConvergence message: both X-convergence and relative convergence (5) \nNumber of iterations: 1 \nObjective function value: Inf \nGradient at solution for phase 1 :\n     [,1] [,2] [,3] [,4] [,5]\n[1,]    0    0    0    0    0\nPhase 2 \nInitial parameter values for phase 2 :\n   K_cots    m_cots   K_coral    q_cots  temp_opt  temp_tol temp_mort \n      1.1      -1.2       4.4      -4.6      27.0       0.9      -3.0 \nFinal parameter values for phase 2 :\n   K_cots    m_cots   K_coral    q_cots  temp_opt  temp_tol temp_mort \n      1.1      -1.2       4.4      -4.6      27.0       0.9      -3.0 \nConvergence message: both X-convergence and relative convergence (5) \nNumber of iterations: 1 \nObjective function value: Inf \nGradient at solution for phase 2 :\n     [,1] [,2] [,3] [,4] [,5] [,6] [,7]\n[1,]    0    0    0    0    0    0    0\nPhase 3 \nInitial parameter values for phase 3 :\ncomp_coef    h_slow    h_fast \n     -0.3      -3.9      -4.6 \nFinal parameter values for phase 3 :\ncomp_coef    h_slow    h_fast \n     -0.3      -3.9      -4.6 \nConvergence message: both X-convergence and relative convergence (5) \nNumber of iterations: 1 \nObjective function value: Inf \nGradient at solution for phase 3 :\n     [,1] [,2] [,3]\n[1,]    0    0    0\nPhase 4 \nInitial parameter values for phase 4 :\nlog_sigma_cots log_sigma_slow log_sigma_fast \n             0              1              1 \nError in model phases: NA/NaN gradient evaluation",
      "stderr": "Loading required package: TMB\nLoading required package: jsonlite\nhere() starts at C:/Users/spi085/OneDrive - CSIRO/Documents/_Projects/SCCP-QuantModelling\nusing C++ compiler: 'G__~1.EXE (GCC) 13.2.0'\nError in value[[3L]](cond) : \n  Error in model phases: NA/NaN gradient evaluation\nCalls: tryCatch -> tryCatchList -> tryCatchOne -> <Anonymous>\nIn addition: Warning messages:\n1: In nlminb(model$par, model$fn, model$gr) : NA/NaN function evaluation\n2: In nlminb(model$par, model$fn, model$gr) : NA/NaN function evaluation\n3: In nlminb(model$par, model$fn, model$gr) : NA/NaN function evaluation\n4: In nlminb(model$par, model$fn, model$gr) : NA/NaN function evaluation\n5: In nlminb(model$par, model$fn, model$gr) : NA/NaN function evaluation\n6: In nlminb(model$par, model$fn, model$gr) : NA/NaN function evaluation\n7: In nlminb(model$par, model$fn, model$gr) : NA/NaN function evaluation\nExecution halted"
    },
    "6": {
      "status": "ERROR",
      "message": "R script failed with return code 1",
      "stdout": "g++ -std=gnu++17  -I\"C:/Users/spi085/AppData/Local/Programs/R/R-4.4.1/include\" -DNDEBUG -I\"C:/Users/spi085/AppData/Local/Programs/R/R-44~1.1/library/TMB/include\" -I\"C:/Users/spi085/AppData/Local/Programs/R/R-44~1.1/library/RCPPEI~1/include\"   -DTMB_EIGEN_DISABLE_WARNINGS   -DTMB_LIB_INIT=R_init_model  -DCPPAD_FRAMEWORK    -I\"C:/rtools44/x86_64-w64-mingw32.static.posix/include\"     -O2 -Wa,-mbig-obj -c POPULATIONS//POPULATION_0014//INDIVIDUAL_2FO0QTZT/model.cpp -o POPULATIONS//POPULATION_0014//INDIVIDUAL_2FO0QTZT/model.o\ng++ -std=gnu++17 -shared -s -static-libgcc -o POPULATIONS//POPULATION_0014//INDIVIDUAL_2FO0QTZT/model.dll tmp.def POPULATIONS//POPULATION_0014//INDIVIDUAL_2FO0QTZT/model.o -LC:/rtools44/x86_64-w64-mingw32.static.posix/lib/x64 -LC:/rtools44/x86_64-w64-mingw32.static.posix/lib -LC:/Users/spi085/AppData/Local/Programs/R/R-4.4.1/bin/x64 -lR\nStarting model phases\nNumber of phases: 4 \nPhase 1 \nInitial parameter values for phase 1 :\nr_cots r_slow r_fast a_slow a_fast \n  -1.0   -2.3   -1.4   -4.0   -3.0 \nFinal parameter values for phase 1 :\nr_cots r_slow r_fast a_slow a_fast \n  -1.0   -2.3   -1.4   -4.0   -3.0 \nConvergence message: both X-convergence and relative convergence (5) \nNumber of iterations: 1 \nObjective function value: Inf \nGradient at solution for phase 1 :\n     [,1] [,2] [,3] [,4] [,5]\n[1,]    0    0    0    0    0\nPhase 2 \nInitial parameter values for phase 2 :\n   K_cots    m_cots   K_coral    q_cots  temp_opt  temp_tol temp_mort \n      1.1      -1.2       4.4      -5.0      27.0       0.9      -4.0 \nFinal parameter values for phase 2 :\n   K_cots    m_cots   K_coral    q_cots  temp_opt  temp_tol temp_mort \n      1.1      -1.2       4.4      -5.0      27.0       0.9      -4.0 \nConvergence message: both X-convergence and relative convergence (5) \nNumber of iterations: 1 \nObjective function value: Inf \nGradient at solution for phase 2 :\n     [,1] [,2] [,3] [,4] [,5] [,6] [,7]\n[1,]    0    0    0    0    0    0    0\nPhase 3 \nInitial parameter values for phase 3 :\ncomp_coef    h_slow    h_fast \n     -0.7      -3.9      -4.6 \nFinal parameter values for phase 3 :\ncomp_coef    h_slow    h_fast \n     -0.7      -3.9      -4.6 \nConvergence message: both X-convergence and relative convergence (5) \nNumber of iterations: 1 \nObjective function value: Inf \nGradient at solution for phase 3 :\n     [,1] [,2] [,3]\n[1,]    0    0    0\nPhase 4 \nInitial parameter values for phase 4 :\nlog_sigma_cots log_sigma_slow log_sigma_fast \n           0.5            1.5            1.5 \nError in model phases: NA/NaN gradient evaluation",
      "stderr": "Loading required package: TMB\nLoading required package: jsonlite\nhere() starts at C:/Users/spi085/OneDrive - CSIRO/Documents/_Projects/SCCP-QuantModelling\nusing C++ compiler: 'G__~1.EXE (GCC) 13.2.0'\nError in value[[3L]](cond) : \n  Error in model phases: NA/NaN gradient evaluation\nCalls: tryCatch -> tryCatchList -> tryCatchOne -> <Anonymous>\nIn addition: Warning messages:\n1: In nlminb(model$par, model$fn, model$gr) : NA/NaN function evaluation\n2: In nlminb(model$par, model$fn, model$gr) : NA/NaN function evaluation\n3: In nlminb(model$par, model$fn, model$gr) : NA/NaN function evaluation\n4: In nlminb(model$par, model$fn, model$gr) : NA/NaN function evaluation\n5: In nlminb(model$par, model$fn, model$gr) : NA/NaN function evaluation\n6: In nlminb(model$par, model$fn, model$gr) : NA/NaN function evaluation\n7: In nlminb(model$par, model$fn, model$gr) : NA/NaN function evaluation\nExecution halted"
    },
    "7": {
      "status": "BROKEN"
    }
  }
}