{
  "iterations": {
    "1": {
      "status": "ERROR",
      "message": "R script failed with return code 1",
      "stdout": "g++ -std=gnu++17  -I\"C:/Users/spi085/AppData/Local/Programs/R/R-4.4.1/include\" -DNDEBUG -I\"C:/Users/spi085/AppData/Local/Programs/R/R-44~1.1/library/TMB/include\" -I\"C:/Users/spi085/AppData/Local/Programs/R/R-44~1.1/library/RCPPEI~1/include\"   -DTMB_EIGEN_DISABLE_WARNINGS   -DTMB_LIB_INIT=R_init_model  -DCPPAD_FRAMEWORK    -I\"C:/rtools44/x86_64-w64-mingw32.static.posix/include\"     -O2 -Wa,-mbig-obj -c POPULATIONS//POPULATION_0014//INDIVIDUAL_30DSH827/model.cpp -o POPULATIONS//POPULATION_0014//INDIVIDUAL_30DSH827/model.o\ng++ -std=gnu++17 -shared -s -static-libgcc -o POPULATIONS//POPULATION_0014//INDIVIDUAL_30DSH827/model.dll tmp.def POPULATIONS//POPULATION_0014//INDIVIDUAL_30DSH827/model.o -LC:/rtools44/x86_64-w64-mingw32.static.posix/lib/x64 -LC:/rtools44/x86_64-w64-mingw32.static.posix/lib -LC:/Users/spi085/AppData/Local/Programs/R/R-4.4.1/bin/x64 -lR\nStarting model phases\nNumber of phases: 4 \nPhase 1 \nInitial parameter values for phase 1 :\n             r_cots          alpha_slow          alpha_fast cots_density_effect \n                 NA                  NA                  NA                  NA \n             r_slow              r_fast \n                 NA                  NA \nError in model phases: NA/NaN gradient evaluation",
      "stderr": "Loading required package: TMB\nLoading required package: jsonlite\nhere() starts at C:/Users/spi085/OneDrive - CSIRO/Documents/_Projects/SCCP-QuantModelling\nusing C++ compiler: 'G__~1.EXE (GCC) 13.2.0'\nError in value[[3L]](cond) : \n  Error in model phases: NA/NaN gradient evaluation\nCalls: tryCatch -> tryCatchList -> tryCatchOne -> <Anonymous>\nIn addition: Warning message:\nIn nlminb(model$par, model$fn, model$gr) : NA/NaN function evaluation\nExecution halted"
    },
    "2": {
      "status": "ERROR",
      "message": "R script failed with return code 1",
      "stdout": "g++ -std=gnu++17  -I\"C:/Users/spi085/AppData/Local/Programs/R/R-4.4.1/include\" -DNDEBUG -I\"C:/Users/spi085/AppData/Local/Programs/R/R-44~1.1/library/TMB/include\" -I\"C:/Users/spi085/AppData/Local/Programs/R/R-44~1.1/library/RCPPEI~1/include\"   -DTMB_EIGEN_DISABLE_WARNINGS   -DTMB_LIB_INIT=R_init_model  -DCPPAD_FRAMEWORK    -I\"C:/rtools44/x86_64-w64-mingw32.static.posix/include\"     -O2 -Wa,-mbig-obj -c POPULATIONS//POPULATION_0014//INDIVIDUAL_30DSH827/model.cpp -o POPULATIONS//POPULATION_0014//INDIVIDUAL_30DSH827/model.o\ng++ -std=gnu++17 -shared -s -static-libgcc -o POPULATIONS//POPULATION_0014//INDIVIDUAL_30DSH827/model.dll tmp.def POPULATIONS//POPULATION_0014//INDIVIDUAL_30DSH827/model.o -LC:/rtools44/x86_64-w64-mingw32.static.posix/lib/x64 -LC:/rtools44/x86_64-w64-mingw32.static.posix/lib -LC:/Users/spi085/AppData/Local/Programs/R/R-4.4.1/bin/x64 -lR\nStarting model phases\nNumber of phases: 4 \nPhase 1 \nInitial parameter values for phase 1 :\n             r_cots          alpha_slow          alpha_fast cots_density_effect \n                 NA                  NA                  NA                  NA \n             r_slow              r_fast \n                 NA                  NA \nError in model phases: NA/NaN gradient evaluation",
      "stderr": "Loading required package: TMB\nLoading required package: jsonlite\nhere() starts at C:/Users/spi085/OneDrive - CSIRO/Documents/_Projects/SCCP-QuantModelling\nusing C++ compiler: 'G__~1.EXE (GCC) 13.2.0'\nError in value[[3L]](cond) : \n  Error in model phases: NA/NaN gradient evaluation\nCalls: tryCatch -> tryCatchList -> tryCatchOne -> <Anonymous>\nIn addition: Warning message:\nIn nlminb(model$par, model$fn, model$gr) : NA/NaN function evaluation\nExecution halted"
    },
    "3": {
      "status": "ERROR",
      "message": "R script failed with return code 1",
      "stdout": "g++ -std=gnu++17  -I\"C:/Users/spi085/AppData/Local/Programs/R/R-4.4.1/include\" -DNDEBUG -I\"C:/Users/spi085/AppData/Local/Programs/R/R-44~1.1/library/TMB/include\" -I\"C:/Users/spi085/AppData/Local/Programs/R/R-44~1.1/library/RCPPEI~1/include\"   -DTMB_EIGEN_DISABLE_WARNINGS   -DTMB_LIB_INIT=R_init_model  -DCPPAD_FRAMEWORK    -I\"C:/rtools44/x86_64-w64-mingw32.static.posix/include\"     -O2 -Wa,-mbig-obj -c POPULATIONS//POPULATION_0014//INDIVIDUAL_30DSH827/model.cpp -o POPULATIONS//POPULATION_0014//INDIVIDUAL_30DSH827/model.o\ng++ -std=gnu++17 -shared -s -static-libgcc -o POPULATIONS//POPULATION_0014//INDIVIDUAL_30DSH827/model.dll tmp.def POPULATIONS//POPULATION_0014//INDIVIDUAL_30DSH827/model.o -LC:/rtools44/x86_64-w64-mingw32.static.posix/lib/x64 -LC:/rtools44/x86_64-w64-mingw32.static.posix/lib -LC:/Users/spi085/AppData/Local/Programs/R/R-4.4.1/bin/x64 -lR\nStarting model phases\nNumber of phases: 4 \nPhase 1 \nInitial parameter values for phase 1 :\n             r_cots          alpha_slow          alpha_fast cots_density_effect \n                 NA                  NA                  NA                  NA \n             r_slow              r_fast \n                 NA                  NA \nError in model phases: NA/NaN gradient evaluation",
      "stderr": "Loading required package: TMB\nLoading required package: jsonlite\nhere() starts at C:/Users/spi085/OneDrive - CSIRO/Documents/_Projects/SCCP-QuantModelling\nusing C++ compiler: 'G__~1.EXE (GCC) 13.2.0'\nError in value[[3L]](cond) : \n  Error in model phases: NA/NaN gradient evaluation\nCalls: tryCatch -> tryCatchList -> tryCatchOne -> <Anonymous>\nIn addition: Warning message:\nIn nlminb(model$par, model$fn, model$gr) : NA/NaN function evaluation\nExecution halted"
    },
    "4": {
      "status": "ERROR",
      "message": "R script failed with return code 1",
      "stdout": "g++ -std=gnu++17  -I\"C:/Users/spi085/AppData/Local/Programs/R/R-4.4.1/include\" -DNDEBUG -I\"C:/Users/spi085/AppData/Local/Programs/R/R-44~1.1/library/TMB/include\" -I\"C:/Users/spi085/AppData/Local/Programs/R/R-44~1.1/library/RCPPEI~1/include\"   -DTMB_EIGEN_DISABLE_WARNINGS   -DTMB_LIB_INIT=R_init_model  -DCPPAD_FRAMEWORK    -I\"C:/rtools44/x86_64-w64-mingw32.static.posix/include\"     -O2 -Wa,-mbig-obj -c POPULATIONS//POPULATION_0014//INDIVIDUAL_30DSH827/model.cpp -o POPULATIONS//POPULATION_0014//INDIVIDUAL_30DSH827/model.o\ng++ -std=gnu++17 -shared -s -static-libgcc -o POPULATIONS//POPULATION_0014//INDIVIDUAL_30DSH827/model.dll tmp.def POPULATIONS//POPULATION_0014//INDIVIDUAL_30DSH827/model.o -LC:/rtools44/x86_64-w64-mingw32.static.posix/lib/x64 -LC:/rtools44/x86_64-w64-mingw32.static.posix/lib -LC:/Users/spi085/AppData/Local/Programs/R/R-4.4.1/bin/x64 -lR\nStarting model phases\nNumber of phases: 4 \nPhase 1 \nInitial parameter values for phase 1 :\n             r_cots          alpha_slow          alpha_fast cots_density_effect \n                 NA                  NA                  NA                  NA \n             r_slow              r_fast \n                 NA                  NA \nError in model phases: NA/NaN gradient evaluation",
      "stderr": "Loading required package: TMB\nLoading required package: jsonlite\nhere() starts at C:/Users/spi085/OneDrive - CSIRO/Documents/_Projects/SCCP-QuantModelling\nusing C++ compiler: 'G__~1.EXE (GCC) 13.2.0'\nError in value[[3L]](cond) : \n  Error in model phases: NA/NaN gradient evaluation\nCalls: tryCatch -> tryCatchList -> tryCatchOne -> <Anonymous>\nIn addition: Warning message:\nIn nlminb(model$par, model$fn, model$gr) : NA/NaN function evaluation\nExecution halted"
    },
    "5": {
      "status": "ERROR",
      "message": "Model failed to compile.",
      "stdout": "g++ -std=gnu++17  -I\"C:/Users/spi085/AppData/Local/Programs/R/R-4.4.1/include\" -DNDEBUG -I\"C:/Users/spi085/AppData/Local/Programs/R/R-44~1.1/library/TMB/include\" -I\"C:/Users/spi085/AppData/Local/Programs/R/R-44~1.1/library/RCPPEI~1/include\"   -DTMB_EIGEN_DISABLE_WARNINGS   -DTMB_LIB_INIT=R_init_model  -DCPPAD_FRAMEWORK    -I\"C:/rtools44/x86_64-w64-mingw32.static.posix/include\"     -O2 -Wa,-mbig-obj -c POPULATIONS//POPULATION_0014//INDIVIDUAL_30DSH827/model.cpp -o POPULATIONS//POPULATION_0014//INDIVIDUAL_30DSH827/model.o",
      "stderr": "Loading required package: TMB\nLoading required package: jsonlite\nhere() starts at C:/Users/spi085/OneDrive - CSIRO/Documents/_Projects/SCCP-QuantModelling\nusing C++ compiler: 'G__~1.EXE (GCC) 13.2.0'\nPOPULATIONS//POPULATION_0014//INDIVIDUAL_30DSH827/model.cpp: In instantiation of 'Type objective_function<Type>::operator()() [with Type = CppAD::AD<double>]':\nC:/Users/spi085/AppData/Local/Programs/R/R-4.4.1/library/TMB/include/tmb_core.hpp:1308:6:   required from here\nPOPULATIONS//POPULATION_0014//INDIVIDUAL_30DSH827/model.cpp:69:15: error: no matching function for call to 'dnorm(CppAD::AD<double>, CppAD::AD<double>, double, bool)'\n   69 |   nll -= dnorm(log(cots_dat(0) + min_val), log(cots_pred(0) + min_val), 0.3, true);\n      |          ~~~~~^~~~~~~~~~~~~~~~~~~~~~~~~~~~~~~~~~~~~~~~~~~~~~~~~~~~~~~~~~~~~~~~~~~~\nIn file included from C:/Users/spi085/AppData/Local/Programs/R/R-4.4.1/library/TMB/include/TMB.hpp:207,\n                 from POPULATIONS//POPULATION_0014//INDIVIDUAL_30DSH827/model.cpp:1:\nC:/Users/spi085/AppData/Local/Programs/R/R-4.4.1/library/TMB/include/dnorm.hpp:17:6: note: candidate: 'template<class Type> Type dnorm(Type, Type, Type, int)'\n   17 | Type dnorm(Type x, Type mean, Type sd, int give_log=0)\n      |      ^~~~~\nC:/Users/spi085/AppData/Local/Programs/R/R-4.4.1/library/TMB/include/dnorm.hpp:17:6: note:   template argument deduction/substitution failed:\nPOPULATIONS//POPULATION_0014//INDIVIDUAL_30DSH827/model.cpp:69:15: note:   deduced conflicting types for parameter 'Type' ('CppAD::AD<double>' and 'double')\n   69 |   nll -= dnorm(log(cots_dat(0) + min_val), log(cots_pred(0) + min_val), 0.3, true);\n      |          ~~~~~^~~~~~~~~~~~~~~~~~~~~~~~~~~~~~~~~~~~~~~~~~~~~~~~~~~~~~~~~~~~~~~~~~~~\nIn file included from C:/Users/spi085/AppData/Local/Programs/R/R-4.4.1/library/TMB/include/TMB.hpp:206:\nC:/Users/spi085/AppData/Local/Programs/R/R-4.4.1/library/TMB/include/dnorm.hpp:23:17: note: candidate: 'template<class Type> tmbutils::vector<Type> dnorm(const tmbutils::vector<Type>&, Type, Type, int)'\n   23 | VECTORIZE4_ttti(dnorm)\n      |                 ^~~~~\nC:/Users/spi085/AppData/Local/Programs/R/R-4.4.1/library/TMB/include/Vectorize.hpp:38:14: note: in definition of macro 'GVECTORIZE'\n   38 | vector<Type> FUN( declare##Type1(arg1) comma##Type2                     \\\n      |              ^~~\nC:/Users/spi085/AppData/Local/Programs/R/R-4.4.1/library/TMB/include/dnorm.hpp:23:1: note: in expansion of macro 'VECTORIZE4_ttti'\n   23 | VECTORIZE4_ttti(dnorm)\n      | ^~~~~~~~~~~~~~~\nC:/Users/spi085/AppData/Local/Programs/R/R-4.4.1/library/TMB/include/dnorm.hpp:23:17: note:   template argument deduction/substitution failed:\n   23 | VECTORIZE4_ttti(dnorm)\n      |                 ^~~~~\nC:/Users/spi085/AppData/Local/Programs/R/R-4.4.1/library/TMB/include/Vectorize.hpp:38:14: note: in definition of macro 'GVECTORIZE'\n   38 | vector<Type> FUN( declare##Type1(arg1) comma##Type2                     \\\n      |              ^~~\nC:/Users/spi085/AppData/Local/Programs/R/R-4.4.1/library/TMB/include/dnorm.hpp:23:1: note: in expansion of macro 'VECTORIZE4_ttti'\n   23 | VECTORIZE4_ttti(dnorm)\n      | ^~~~~~~~~~~~~~~\nPOPULATIONS//POPULATION_0014//INDIVIDUAL_30DSH827/model.cpp:69:15: note:   'CppAD::AD<double>' is not derived from 'const tmbutils::vector<Type>'\n   69 |   nll -= dnorm(log(cots_dat(0) + min_val), log(cots_pred(0) + min_val), 0.3, true);\n      |          ~~~~~^~~~~~~~~~~~~~~~~~~~~~~~~~~~~~~~~~~~~~~~~~~~~~~~~~~~~~~~~~~~~~~~~~~~\nC:/Users/spi085/AppData/Local/Programs/R/R-4.4.1/library/TMB/include/dnorm.hpp:23:17: note: candidate: 'template<class Type> tmbutils::vector<Type> dnorm(Type, const tmbutils::vector<Type>&, Type, int)'\n   23 | VECTORIZE4_ttti(dnorm)\n      |                 ^~~~~\nC:/Users/spi085/AppData/Local/Programs/R/R-4.4.1/library/TMB/include/Vectorize.hpp:38:14: note: in definition of macro 'GVECTORIZE'\n   38 | vector<Type> FUN( declare##Type1(arg1) comma##Type2                     \\\n      |              ^~~\nC:/Users/spi085/AppData/Local/Programs/R/R-4.4.1/library/TMB/include/dnorm.hpp:23:1: note: in expansion of macro 'VECTORIZE4_ttti'\n   23 | VECTORIZE4_ttti(dnorm)\n      | ^~~~~~~~~~~~~~~\nC:/Users/spi085/AppData/Local/Programs/R/R-4.4.1/library/TMB/include/dnorm.hpp:23:17: note:   template argument deduction/substitution failed:\n   23 | VECTORIZE4_ttti(dnorm)\n      |                 ^~~~~\nC:/Users/spi085/AppData/Local/Programs/R/R-4.4.1/library/TMB/include/Vectorize.hpp:38:14: note: in definition of macro 'GVECTORIZE'\n   38 | vector<Type> FUN( declare##Type1(arg1) comma##Type2                     \\\n      |              ^~~\nC:/Users/spi085/AppData/Local/Programs/R/R-4.4.1/library/TMB/include/dnorm.hpp:23:1: note: in expansion of macro 'VECTORIZE4_ttti'\n   23 | VECTORIZE4_ttti(dnorm)\n      | ^~~~~~~~~~~~~~~\nPOPULATIONS//POPULATION_0014//INDIVIDUAL_30DSH827/model.cpp:69:15: note:   'CppAD::AD<double>' is not derived from 'const tmbutils::vector<Type>'\n   69 |   nll -= dnorm(log(cots_dat(0) + min_val), log(cots_pred(0) + min_val), 0.3, true);\n      |          ~~~~~^~~~~~~~~~~~~~~~~~~~~~~~~~~~~~~~~~~~~~~~~~~~~~~~~~~~~~~~~~~~~~~~~~~~\nC:/Users/spi085/AppData/Local/Programs/R/R-4.4.1/library/TMB/include/dnorm.hpp:23:17: note: candidate: 'template<class Type> tmbutils::vector<Type> dnorm(Type, Type, const tmbutils::vector<Type>&, int)'\n   23 | VECTORIZE4_ttti(dnorm)\n      |                 ^~~~~\nC:/Users/spi085/AppData/Local/Programs/R/R-4.4.1/library/TMB/include/Vectorize.hpp:38:14: note: in definition of macro 'GVECTORIZE'\n   38 | vector<Type> FUN( declare##Type1(arg1) comma##Type2                     \\\n      |              ^~~\nC:/Users/spi085/AppData/Local/Programs/R/R-4.4.1/library/TMB/include/dnorm.hpp:23:1: note: in expansion of macro 'VECTORIZE4_ttti'\n   23 | VECTORIZE4_ttti(dnorm)\n      | ^~~~~~~~~~~~~~~\nC:/Users/spi085/AppData/Local/Programs/R/R-4.4.1/library/TMB/include/dnorm.hpp:23:17: note:   template argument deduction/substitution failed:\n   23 | VECTORIZE4_ttti(dnorm)\n      |                 ^~~~~\nC:/Users/spi085/AppData/Local/Programs/R/R-4.4.1/library/TMB/include/Vectorize.hpp:38:14: note: in definition of macro 'GVECTORIZE'\n   38 | vector<Type> FUN( declare##Type1(arg1) comma##Type2                     \\\n      |              ^~~\nC:/Users/spi085/AppData/Local/Programs/R/R-4.4.1/library/TMB/include/dnorm.hpp:23:1: note: in expansion of macro 'VECTORIZE4_ttti'\n   23 | VECTORIZE4_ttti(dnorm)\n      | ^~~~~~~~~~~~~~~\nPOPULATIONS//POPULATION_0014//INDIVIDUAL_30DSH827/model.cpp:69:15: note:   mismatched types 'const tmbutils::vector<Type>' and 'double'\n   69 |   nll -= dnorm(log(cots_dat(0) + min_val), log(cots_pred(0) + min_val), 0.3, true);\n      |          ~~~~~^~~~~~~~~~~~~~~~~~~~~~~~~~~~~~~~~~~~~~~~~~~~~~~~~~~~~~~~~~~~~~~~~~~~\nC:/Users/spi085/AppData/Local/Programs/R/R-4.4.1/library/TMB/include/dnorm.hpp:23:17: note: candidate: 'template<class Type> tmbutils::vector<Type> dnorm(const tmbutils::vector<Type>&, const tmbutils::vector<Type>&, Type, int)'\n   23 | VECTORIZE4_ttti(dnorm)\n      |                 ^~~~~\nC:/Users/spi085/AppData/Local/Programs/R/R-4.4.1/library/TMB/include/Vectorize.hpp:38:14: note: in definition of macro 'GVECTORIZE'\n   38 | vector<Type> FUN( declare##Type1(arg1) comma##Type2                     \\\n      |              ^~~\nC:/Users/spi085/AppData/Local/Programs/R/R-4.4.1/library/TMB/include/dnorm.hpp:23:1: note: in expansion of macro 'VECTORIZE4_ttti'\n   23 | VECTORIZE4_ttti(dnorm)\n      | ^~~~~~~~~~~~~~~\nC:/Users/spi085/AppData/Local/Programs/R/R-4.4.1/library/TMB/include/dnorm.hpp:23:17: note:   template argument deduction/substitution failed:\n   23 | VECTORIZE4_ttti(dnorm)\n      |                 ^~~~~\nC:/Users/spi085/AppData/Local/Programs/R/R-4.4.1/library/TMB/include/Vectorize.hpp:38:14: note: in definition of macro 'GVECTORIZE'\n   38 | vector<Type> FUN( declare##Type1(arg1) comma##Type2                     \\\n      |              ^~~\nC:/Users/spi085/AppData/Local/Programs/R/R-4.4.1/library/TMB/include/dnorm.hpp:23:1: note: in expansion of macro 'VECTORIZE4_ttti'\n   23 | VECTORIZE4_ttti(dnorm)\n      | ^~~~~~~~~~~~~~~\nPOPULATIONS//POPULATION_0014//INDIVIDUAL_30DSH827/model.cpp:69:15: note:   'CppAD::AD<double>' is not derived from 'const tmbutils::vector<Type>'\n   69 |   nll -= dnorm(log(cots_dat(0) + min_val), log(cots_pred(0) + min_val), 0.3, true);\n      |          ~~~~~^~~~~~~~~~~~~~~~~~~~~~~~~~~~~~~~~~~~~~~~~~~~~~~~~~~~~~~~~~~~~~~~~~~~\nC:/Users/spi085/AppData/Local/Programs/R/R-4.4.1/library/TMB/include/dnorm.hpp:23:17: note: candidate: 'template<class Type> tmbutils::vector<Type> dnorm(Type, const tmbutils::vector<Type>&, const tmbutils::vector<Type>&, int)'\n   23 | VECTORIZE4_ttti(dnorm)\n      |                 ^~~~~\nC:/Users/spi085/AppData/Local/Programs/R/R-4.4.1/library/TMB/include/Vectorize.hpp:38:14: note: in definition of macro 'GVECTORIZE'\n   38 | vector<Type> FUN( declare##Type1(arg1) comma##Type2                     \\\n      |              ^~~\nC:/Users/spi085/AppData/Local/Programs/R/R-4.4.1/library/TMB/include/dnorm.hpp:23:1: note: in expansion of macro 'VECTORIZE4_ttti'\n   23 | VECTORIZE4_ttti(dnorm)\n      | ^~~~~~~~~~~~~~~\nC:/Users/spi085/AppData/Local/Programs/R/R-4.4.1/library/TMB/include/dnorm.hpp:23:17: note:   template argument deduction/substitution failed:\n   23 | VECTORIZE4_ttti(dnorm)\n      |                 ^~~~~\nC:/Users/spi085/AppData/Local/Programs/R/R-4.4.1/library/TMB/include/Vectorize.hpp:38:14: note: in definition of macro 'GVECTORIZE'\n   38 | vector<Type> FUN( declare##Type1(arg1) comma##Type2                     \\\n      |              ^~~\nC:/Users/spi085/AppData/Local/Programs/R/R-4.4.1/library/TMB/include/dnorm.hpp:23:1: note: in expansion of macro 'VECTORIZE4_ttti'\n   23 | VECTORIZE4_ttti(dnorm)\n      | ^~~~~~~~~~~~~~~\nPOPULATIONS//POPULATION_0014//INDIVIDUAL_30DSH827/model.cpp:69:15: note:   'CppAD::AD<double>' is not derived from 'const tmbutils::vector<Type>'\n   69 |   nll -= dnorm(log(cots_dat(0) + min_val), log(cots_pred(0) + min_val), 0.3, true);\n      |          ~~~~~^~~~~~~~~~~~~~~~~~~~~~~~~~~~~~~~~~~~~~~~~~~~~~~~~~~~~~~~~~~~~~~~~~~~\nC:/Users/spi085/AppData/Local/Programs/R/R-4.4.1/library/TMB/include/dnorm.hpp:23:17: note: candidate: 'template<class Type> tmbutils::vector<Type> dnorm(const tmbutils::vector<Type>&, Type, const tmbutils::vector<Type>&, int)'\n   23 | VECTORIZE4_ttti(dnorm)\n      |                 ^~~~~\nC:/Users/spi085/AppData/Local/Programs/R/R-4.4.1/library/TMB/include/Vectorize.hpp:38:14: note: in definition of macro 'GVECTORIZE'\n   38 | vector<Type> FUN( declare##Type1(arg1) comma##Type2                     \\\n      |              ^~~\nC:/Users/spi085/AppData/Local/Programs/R/R-4.4.1/library/TMB/include/dnorm.hpp:23:1: note: in expansion of macro 'VECTORIZE4_ttti'\n   23 | VECTORIZE4_ttti(dnorm)\n      | ^~~~~~~~~~~~~~~\nC:/Users/spi085/AppData/Local/Programs/R/R-4.4.1/library/TMB/include/dnorm.hpp:23:17: note:   template argument deduction/substitution failed:\n   23 | VECTORIZE4_ttti(dnorm)\n      |                 ^~~~~\nC:/Users/spi085/AppData/Local/Programs/R/R-4.4.1/library/TMB/include/Vectorize.hpp:38:14: note: in definition of macro 'GVECTORIZE'\n   38 | vector<Type> FUN( declare##Type1(arg1) comma##Type2                     \\\n      |              ^~~\nC:/Users/spi085/AppData/Local/Programs/R/R-4.4.1/library/TMB/include/dnorm.hpp:23:1: note: in expansion of macro 'VECTORIZE4_ttti'\n   23 | VECTORIZE4_ttti(dnorm)\n      | ^~~~~~~~~~~~~~~\nPOPULATIONS//POPULATION_0014//INDIVIDUAL_30DSH827/model.cpp:69:15: note:   'CppAD::AD<double>' is not derived from 'const tmbutils::vector<Type>'\n   69 |   nll -= dnorm(log(cots_dat(0) + min_val), log(cots_pred(0) + min_val), 0.3, true);\n      |          ~~~~~^~~~~~~~~~~~~~~~~~~~~~~~~~~~~~~~~~~~~~~~~~~~~~~~~~~~~~~~~~~~~~~~~~~~\nC:/Users/spi085/AppData/Local/Programs/R/R-4.4.1/library/TMB/include/dnorm.hpp:23:17: note: candidate: 'template<class Type> tmbutils::vector<Type> dnorm(const tmbutils::vector<Type>&, const tmbutils::vector<Type>&, const tmbutils::vector<Type>&, int)'\n   23 | VECTORIZE4_ttti(dnorm)\n      |                 ^~~~~\nC:/Users/spi085/AppData/Local/Programs/R/R-4.4.1/library/TMB/include/Vectorize.hpp:38:14: note: in definition of macro 'GVECTORIZE'\n   38 | vector<Type> FUN( declare##Type1(arg1) comma##Type2                     \\\n      |              ^~~\nC:/Users/spi085/AppData/Local/Programs/R/R-4.4.1/library/TMB/include/dnorm.hpp:23:1: note: in expansion of macro 'VECTORIZE4_ttti'\n   23 | VECTORIZE4_ttti(dnorm)\n      | ^~~~~~~~~~~~~~~\nC:/Users/spi085/AppData/Local/Programs/R/R-4.4.1/library/TMB/include/dnorm.hpp:23:17: note:   template argument deduction/substitution failed:\n   23 | VECTORIZE4_ttti(dnorm)\n      |                 ^~~~~\nC:/Users/spi085/AppData/Local/Programs/R/R-4.4.1/library/TMB/include/Vectorize.hpp:38:14: note: in definition of macro 'GVECTORIZE'\n   38 | vector<Type> FUN( declare##Type1(arg1) comma##Type2                     \\\n      |              ^~~\nC:/Users/spi085/AppData/Local/Programs/R/R-4.4.1/library/TMB/include/dnorm.hpp:23:1: note: in expansion of macro 'VECTORIZE4_ttti'\n   23 | VECTORIZE4_ttti(dnorm)\n      | ^~~~~~~~~~~~~~~\nPOPULATIONS//POPULATION_0014//INDIVIDUAL_30DSH827/model.cpp:69:15: note:   'CppAD::AD<double>' is not derived from 'const tmbutils::vector<Type>'\n   69 |   nll -= dnorm(log(cots_dat(0) + min_val), log(cots_pred(0) + min_val), 0.3, true);\n      |          ~~~~~^~~~~~~~~~~~~~~~~~~~~~~~~~~~~~~~~~~~~~~~~~~~~~~~~~~~~~~~~~~~~~~~~~~~\nPOPULATIONS//POPULATION_0014//INDIVIDUAL_30DSH827/model.cpp:70:15: error: no matching function for call to 'dnorm(CppAD::AD<double>, CppAD::AD<double>, double, bool)'\n   70 |   nll -= dnorm(log(slow_dat(0) + min_val), log(slow_pred(0) + min_val), 0.2, true);\n      |          ~~~~~^~~~~~~~~~~~~~~~~~~~~~~~~~~~~~~~~~~~~~~~~~~~~~~~~~~~~~~~~~~~~~~~~~~~\nC:/Users/spi085/AppData/Local/Programs/R/R-4.4.1/library/TMB/include/dnorm.hpp:17:6: note: candidate: 'template<class Type> Type dnorm(Type, Type, Type, int)'\n   17 | Type dnorm(Type x, Type mean, Type sd, int give_log=0)\n      |      ^~~~~\nC:/Users/spi085/AppData/Local/Programs/R/R-4.4.1/library/TMB/include/dnorm.hpp:17:6: note:   template argument deduction/substitution failed:\nPOPULATIONS//POPULATION_0014//INDIVIDUAL_30DSH827/model.cpp:70:15: note:   deduced conflicting types for parameter 'Type' ('CppAD::AD<double>' and 'double')\n   70 |   nll -= dnorm(log(slow_dat(0) + min_val), log(slow_pred(0) + min_val), 0.2, true);\n      |          ~~~~~^~~~~~~~~~~~~~~~~~~~~~~~~~~~~~~~~~~~~~~~~~~~~~~~~~~~~~~~~~~~~~~~~~~~\nC:/Users/spi085/AppData/Local/Programs/R/R-4.4.1/library/TMB/include/dnorm.hpp:23:17: note: candidate: 'template<class Type> tmbutils::vector<Type> dnorm(const tmbutils::vector<Type>&, Type, Type, int)'\n   23 | VECTORIZE4_ttti(dnorm)\n      |                 ^~~~~\nC:/Users/spi085/AppData/Local/Programs/R/R-4.4.1/library/TMB/include/Vectorize.hpp:38:14: note: in definition of macro 'GVECTORIZE'\n   38 | vector<Type> FUN( declare##Type1(arg1) comma##Type2                     \\\n      |              ^~~\nC:/Users/spi085/AppData/Local/Programs/R/R-4.4.1/library/TMB/include/dnorm.hpp:23:1: note: in expansion of macro 'VECTORIZE4_ttti'\n   23 | VECTORIZE4_ttti(dnorm)\n      | ^~~~~~~~~~~~~~~\nC:/Users/spi085/AppData/Local/Programs/R/R-4.4.1/library/TMB/include/dnorm.hpp:23:17: note:   template argument deduction/substitution failed:\n   23 | VECTORIZE4_ttti(dnorm)\n      |                 ^~~~~\nC:/Users/spi085/AppData/Local/Programs/R/R-4.4.1/library/TMB/include/Vectorize.hpp:38:14: note: in definition of macro 'GVECTORIZE'\n   38 | vector<Type> FUN( declare##Type1(arg1) comma##Type2                     \\\n      |              ^~~\nC:/Users/spi085/AppData/Local/Programs/R/R-4.4.1/library/TMB/include/dnorm.hpp:23:1: note: in expansion of macro 'VECTORIZE4_ttti'\n   23 | VECTORIZE4_ttti(dnorm)\n      | ^~~~~~~~~~~~~~~\nPOPULATIONS//POPULATION_0014//INDIVIDUAL_30DSH827/model.cpp:70:15: note:   'CppAD::AD<double>' is not derived from 'const tmbutils::vector<Type>'\n   70 |   nll -= dnorm(log(slow_dat(0) + min_val), log(slow_pred(0) + min_val), 0.2, true);\n      |          ~~~~~^~~~~~~~~~~~~~~~~~~~~~~~~~~~~~~~~~~~~~~~~~~~~~~~~~~~~~~~~~~~~~~~~~~~\nC:/Users/spi085/AppData/Local/Programs/R/R-4.4.1/library/TMB/include/dnorm.hpp:23:17: note: candidate: 'template<class Type> tmbutils::vector<Type> dnorm(Type, const tmbutils::vector<Type>&, Type, int)'\n   23 | VECTORIZE4_ttti(dnorm)\n      |                 ^~~~~\nC:/Users/spi085/AppData/Local/Programs/R/R-4.4.1/library/TMB/include/Vectorize.hpp:38:14: note: in definition of macro 'GVECTORIZE'\n   38 | vector<Type> FUN( declare##Type1(arg1) comma##Type2                     \\\n      |              ^~~\nC:/Users/spi085/AppData/Local/Programs/R/R-4.4.1/library/TMB/include/dnorm.hpp:23:1: note: in expansion of macro 'VECTORIZE4_ttti'\n   23 | VECTORIZE4_ttti(dnorm)\n      | ^~~~~~~~~~~~~~~\nC:/Users/spi085/AppData/Local/Programs/R/R-4.4.1/library/TMB/include/dnorm.hpp:23:17: note:   template argument deduction/substitution failed:\n   23 | VECTORIZE4_ttti(dnorm)\n      |                 ^~~~~\nC:/Users/spi085/AppData/Local/Programs/R/R-4.4.1/library/TMB/include/Vectorize.hpp:38:14: note: in definition of macro 'GVECTORIZE'\n   38 | vector<Type> FUN( declare##Type1(arg1) comma##Type2                     \\\n      |              ^~~\nC:/Users/spi085/AppData/Local/Programs/R/R-4.4.1/library/TMB/include/dnorm.hpp:23:1: note: in expansion of macro 'VECTORIZE4_ttti'\n   23 | VECTORIZE4_ttti(dnorm)\n      | ^~~~~~~~~~~~~~~\nPOPULATIONS//POPULATION_0014//INDIVIDUAL_30DSH827/model.cpp:70:15: note:   'CppAD::AD<double>' is not derived from 'const tmbutils::vector<Type>'\n   70 |   nll -= dnorm(log(slow_dat(0) + min_val), log(slow_pred(0) + min_val), 0.2, true);\n      |          ~~~~~^~~~~~~~~~~~~~~~~~~~~~~~~~~~~~~~~~~~~~~~~~~~~~~~~~~~~~~~~~~~~~~~~~~~\nC:/Users/spi085/AppData/Local/Programs/R/R-4.4.1/library/TMB/include/dnorm.hpp:23:17: note: candidate: 'template<class Type> tmbutils::vector<Type> dnorm(Type, Type, const tmbutils::vector<Type>&, int)'\n   23 | VECTORIZE4_ttti(dnorm)\n      |                 ^~~~~\nC:/Users/spi085/AppData/Local/Programs/R/R-4.4.1/library/TMB/include/Vectorize.hpp:38:14: note: in definition of macro 'GVECTORIZE'\n   38 | vector<Type> FUN( declare##Type1(arg1) comma##Type2                     \\\n      |              ^~~\nC:/Users/spi085/AppData/Local/Programs/R/R-4.4.1/library/TMB/include/dnorm.hpp:23:1: note: in expansion of macro 'VECTORIZE4_ttti'\n   23 | VECTORIZE4_ttti(dnorm)\n      | ^~~~~~~~~~~~~~~\nC:/Users/spi085/AppData/Local/Programs/R/R-4.4.1/library/TMB/include/dnorm.hpp:23:17: note:   template argument deduction/substitution failed:\n   23 | VECTORIZE4_ttti(dnorm)\n      |                 ^~~~~\nC:/Users/spi085/AppData/Local/Programs/R/R-4.4.1/library/TMB/include/Vectorize.hpp:38:14: note: in definition of macro 'GVECTORIZE'\n   38 | vector<Type> FUN( declare##Type1(arg1) comma##Type2                     \\\n      |              ^~~\nC:/Users/spi085/AppData/Local/Programs/R/R-4.4.1/library/TMB/include/dnorm.hpp:23:1: note: in expansion of macro 'VECTORIZE4_ttti'\n   23 | VECTORIZE4_ttti(dnorm)\n      | ^~~~~~~~~~~~~~~\nPOPULATIONS//POPULATION_0014//INDIVIDUAL_30DSH827/model.cpp:70:15: note:   mismatched types 'const tmbutils::vector<Type>' and 'double'\n   70 |   nll -= dnorm(log(slow_dat(0) + min_val), log(slow_pred(0) + min_val), 0.2, true);\n      |          ~~~~~^~~~~~~~~~~~~~~~~~~~~~~~~~~~~~~~~~~~~~~~~~~~~~~~~~~~~~~~~~~~~~~~~~~~\nC:/Users/spi085/AppData/Local/Programs/R/R-4.4.1/library/TMB/include/dnorm.hpp:23:17: note: candidate: 'template<class Type> tmbutils::vector<Type> dnorm(const tmbutils::vector<Type>&, const tmbutils::vector<Type>&, Type, int)'\n   23 | VECTORIZE4_ttti(dnorm)\n      |                 ^~~~~\nC:/Users/spi085/AppData/Local/Programs/R/R-4.4.1/library/TMB/include/Vectorize.hpp:38:14: note: in definition of macro 'GVECTORIZE'\n   38 | vector<Type> FUN( declare##Type1(arg1) comma##Type2                     \\\n      |              ^~~\nC:/Users/spi085/AppData/Local/Programs/R/R-4.4.1/library/TMB/include/dnorm.hpp:23:1: note: in expansion of macro 'VECTORIZE4_ttti'\n   23 | VECTORIZE4_ttti(dnorm)\n      | ^~~~~~~~~~~~~~~\nC:/Users/spi085/AppData/Local/Programs/R/R-4.4.1/library/TMB/include/dnorm.hpp:23:17: note:   template argument deduction/substitution failed:\n   23 | VECTORIZE4_ttti(dnorm)\n      |                 ^~~~~\nC:/Users/spi085/AppData/Local/Programs/R/R-4.4.1/library/TMB/include/Vectorize.hpp:38:14: note: in definition of macro 'GVECTORIZE'\n   38 | vector<Type> FUN( declare##Type1(arg1) comma##Type2                     \\\n      |              ^~~\nC:/Users/spi085/AppData/Local/Programs/R/R-4.4.1/library/TMB/include/dnorm.hpp:23:1: note: in expansion of macro 'VECTORIZE4_ttti'\n   23 | VECTORIZE4_ttti(dnorm)\n      | ^~~~~~~~~~~~~~~\nPOPULATIONS//POPULATION_0014//INDIVIDUAL_30DSH827/model.cpp:70:15: note:   'CppAD::AD<double>' is not derived from 'const tmbutils::vector<Type>'\n   70 |   nll -= dnorm(log(slow_dat(0) + min_val), log(slow_pred(0) + min_val), 0.2, true);\n      |          ~~~~~^~~~~~~~~~~~~~~~~~~~~~~~~~~~~~~~~~~~~~~~~~~~~~~~~~~~~~~~~~~~~~~~~~~~\nC:/Users/spi085/AppData/Local/Programs/R/R-4.4.1/library/TMB/include/dnorm.hpp:23:17: note: candidate: 'template<class Type> tmbutils::vector<Type> dnorm(Type, const tmbutils::vector<Type>&, const tmbutils::vector<Type>&, int)'\n   23 | VECTORIZE4_ttti(dnorm)\n      |                 ^~~~~\nC:/Users/spi085/AppData/Local/Programs/R/R-4.4.1/library/TMB/include/Vectorize.hpp:38:14: note: in definition of macro 'GVECTORIZE'\n   38 | vector<Type> FUN( declare##Type1(arg1) comma##Type2                     \\\n      |              ^~~\nC:/Users/spi085/AppData/Local/Programs/R/R-4.4.1/library/TMB/include/dnorm.hpp:23:1: note: in expansion of macro 'VECTORIZE4_ttti'\n   23 | VECTORIZE4_ttti(dnorm)\n      | ^~~~~~~~~~~~~~~\nC:/Users/spi085/AppData/Local/Programs/R/R-4.4.1/library/TMB/include/dnorm.hpp:23:17: note:   template argument deduction/substitution failed:\n   23 | VECTORIZE4_ttti(dnorm)\n      |                 ^~~~~\nC:/Users/spi085/AppData/Local/Programs/R/R-4.4.1/library/TMB/include/Vectorize.hpp:38:14: note: in definition of macro 'GVECTORIZE'\n   38 | vector<Type> FUN( declare##Type1(arg1) comma##Type2                     \\\n      |              ^~~\nC:/Users/spi085/AppData/Local/Programs/R/R-4.4.1/library/TMB/include/dnorm.hpp:23:1: note: in expansion of macro 'VECTORIZE4_ttti'\n   23 | VECTORIZE4_ttti(dnorm)\n      | ^~~~~~~~~~~~~~~\nPOPULATIONS//POPULATION_0014//INDIVIDUAL_30DSH827/model.cpp:70:15: note:   'CppAD::AD<double>' is not derived from 'const tmbutils::vector<Type>'\n   70 |   nll -= dnorm(log(slow_dat(0) + min_val), log(slow_pred(0) + min_val), 0.2, true);\n      |          ~~~~~^~~~~~~~~~~~~~~~~~~~~~~~~~~~~~~~~~~~~~~~~~~~~~~~~~~~~~~~~~~~~~~~~~~~\nC:/Users/spi085/AppData/Local/Programs/R/R-4.4.1/library/TMB/include/dnorm.hpp:23:17: note: candidate: 'template<class Type> tmbutils::vector<Type> dnorm(const tmbutils::vector<Type>&, Type, const tmbutils::vector<Type>&, int)'\n   23 | VECTORIZE4_ttti(dnorm)\n      |                 ^~~~~\nC:/Users/spi085/AppData/Local/Programs/R/R-4.4.1/library/TMB/include/Vectorize.hpp:38:14: note: in definition of macro 'GVECTORIZE'\n   38 | vector<Type> FUN( declare##Type1(arg1) comma##Type2                     \\\n      |              ^~~\nC:/Users/spi085/AppData/Local/Programs/R/R-4.4.1/library/TMB/include/dnorm.hpp:23:1: note: in expansion of macro 'VECTORIZE4_ttti'\n   23 | VECTORIZE4_ttti(dnorm)\n      | ^~~~~~~~~~~~~~~\nC:/Users/spi085/AppData/Local/Programs/R/R-4.4.1/library/TMB/include/dnorm.hpp:23:17: note:   template argument deduction/substitution failed:\n   23 | VECTORIZE4_ttti(dnorm)\n      |                 ^~~~~\nC:/Users/spi085/AppData/Local/Programs/R/R-4.4.1/library/TMB/include/Vectorize.hpp:38:14: note: in definition of macro 'GVECTORIZE'\n   38 | vector<Type> FUN( declare##Type1(arg1) comma##Type2                     \\\n      |              ^~~\nC:/Users/spi085/AppData/Local/Programs/R/R-4.4.1/library/TMB/include/dnorm.hpp:23:1: note: in expansion of macro 'VECTORIZE4_ttti'\n   23 | VECTORIZE4_ttti(dnorm)\n      | ^~~~~~~~~~~~~~~\nPOPULATIONS//POPULATION_0014//INDIVIDUAL_30DSH827/model.cpp:70:15: note:   'CppAD::AD<double>' is not derived from 'const tmbutils::vector<Type>'\n   70 |   nll -= dnorm(log(slow_dat(0) + min_val), log(slow_pred(0) + min_val), 0.2, true);\n      |          ~~~~~^~~~~~~~~~~~~~~~~~~~~~~~~~~~~~~~~~~~~~~~~~~~~~~~~~~~~~~~~~~~~~~~~~~~\nC:/Users/spi085/AppData/Local/Programs/R/R-4.4.1/library/TMB/include/dnorm.hpp:23:17: note: candidate: 'template<class Type> tmbutils::vector<Type> dnorm(const tmbutils::vector<Type>&, const tmbutils::vector<Type>&, const tmbutils::vector<Type>&, int)'\n   23 | VECTORIZE4_ttti(dnorm)\n      |                 ^~~~~\nC:/Users/spi085/AppData/Local/Programs/R/R-4.4.1/library/TMB/include/Vectorize.hpp:38:14: note: in definition of macro 'GVECTORIZE'\n   38 | vector<Type> FUN( declare##Type1(arg1) comma##Type2                     \\\n      |              ^~~\nC:/Users/spi085/AppData/Local/Programs/R/R-4.4.1/library/TMB/include/dnorm.hpp:23:1: note: in expansion of macro 'VECTORIZE4_ttti'\n   23 | VECTORIZE4_ttti(dnorm)\n      | ^~~~~~~~~~~~~~~\nC:/Users/spi085/AppData/Local/Programs/R/R-4.4.1/library/TMB/include/dnorm.hpp:23:17: note:   template argument deduction/substitution failed:\n   23 | VECTORIZE4_ttti(dnorm)\n      |                 ^~~~~\nC:/Users/spi085/AppData/Local/Programs/R/R-4.4.1/library/TMB/include/Vectorize.hpp:38:14: note: in definition of macro 'GVECTORIZE'\n   38 | vector<Type> FUN( declare##Type1(arg1) comma##Type2                     \\\n      |              ^~~\nC:/Users/spi085/AppData/Local/Programs/R/R-4.4.1/library/TMB/include/dnorm.hpp:23:1: note: in expansion of macro 'VECTORIZE4_ttti'\n   23 | VECTORIZE4_ttti(dnorm)\n      | ^~~~~~~~~~~~~~~\nPOPULATIONS//POPULATION_0014//INDIVIDUAL_30DSH827/model.cpp:70:15: note:   'CppAD::AD<double>' is not derived from 'const tmbutils::vector<Type>'\n   70 |   nll -= dnorm(log(slow_dat(0) + min_val), log(slow_pred(0) + min_val), 0.2, true);\n      |          ~~~~~^~~~~~~~~~~~~~~~~~~~~~~~~~~~~~~~~~~~~~~~~~~~~~~~~~~~~~~~~~~~~~~~~~~~\nPOPULATIONS//POPULATION_0014//INDIVIDUAL_30DSH827/model.cpp:71:15: error: no matching function for call to 'dnorm(CppAD::AD<double>, CppAD::AD<double>, double, bool)'\n   71 |   nll -= dnorm(log(fast_dat(0) + min_val), log(fast_pred(0) + min_val), 0.25, true);\n      |          ~~~~~^~~~~~~~~~~~~~~~~~~~~~~~~~~~~~~~~~~~~~~~~~~~~~~~~~~~~~~~~~~~~~~~~~~~~\nC:/Users/spi085/AppData/Local/Programs/R/R-4.4.1/library/TMB/include/dnorm.hpp:17:6: note: candidate: 'template<class Type> Type dnorm(Type, Type, Type, int)'\n   17 | Type dnorm(Type x, Type mean, Type sd, int give_log=0)\n      |      ^~~~~\nC:/Users/spi085/AppData/Local/Programs/R/R-4.4.1/library/TMB/include/dnorm.hpp:17:6: note:   template argument deduction/substitution failed:\nPOPULATIONS//POPULATION_0014//INDIVIDUAL_30DSH827/model.cpp:71:15: note:   deduced conflicting types for parameter 'Type' ('CppAD::AD<double>' and 'double')\n   71 |   nll -= dnorm(log(fast_dat(0) + min_val), log(fast_pred(0) + min_val), 0.25, true);\n      |          ~~~~~^~~~~~~~~~~~~~~~~~~~~~~~~~~~~~~~~~~~~~~~~~~~~~~~~~~~~~~~~~~~~~~~~~~~~\nC:/Users/spi085/AppData/Local/Programs/R/R-4.4.1/library/TMB/include/dnorm.hpp:23:17: note: candidate: 'template<class Type> tmbutils::vector<Type> dnorm(const tmbutils::vector<Type>&, Type, Type, int)'\n   23 | VECTORIZE4_ttti(dnorm)\n      |                 ^~~~~\nC:/Users/spi085/AppData/Local/Programs/R/R-4.4.1/library/TMB/include/Vectorize.hpp:38:14: note: in definition of macro 'GVECTORIZE'\n   38 | vector<Type> FUN( declare##Type1(arg1) comma##Type2                     \\\n      |              ^~~\nC:/Users/spi085/AppData/Local/Programs/R/R-4.4.1/library/TMB/include/dnorm.hpp:23:1: note: in expansion of macro 'VECTORIZE4_ttti'\n   23 | VECTORIZE4_ttti(dnorm)\n      | ^~~~~~~~~~~~~~~\nC:/Users/spi085/AppData/Local/Programs/R/R-4.4.1/library/TMB/include/dnorm.hpp:23:17: note:   template argument deduction/substitution failed:\n   23 | VECTORIZE4_ttti(dnorm)\n      |                 ^~~~~\nC:/Users/spi085/AppData/Local/Programs/R/R-4.4.1/library/TMB/include/Vectorize.hpp:38:14: note: in definition of macro 'GVECTORIZE'\n   38 | vector<Type> FUN( declare##Type1(arg1) comma##Type2                     \\\n      |              ^~~\nC:/Users/spi085/AppData/Local/Programs/R/R-4.4.1/library/TMB/include/dnorm.hpp:23:1: note: in expansion of macro 'VECTORIZE4_ttti'\n   23 | VECTORIZE4_ttti(dnorm)\n      | ^~~~~~~~~~~~~~~\nPOPULATIONS//POPULATION_0014//INDIVIDUAL_30DSH827/model.cpp:71:15: note:   'CppAD::AD<double>' is not derived from 'const tmbutils::vector<Type>'\n   71 |   nll -= dnorm(log(fast_dat(0) + min_val), log(fast_pred(0) + min_val), 0.25, true);\n      |          ~~~~~^~~~~~~~~~~~~~~~~~~~~~~~~~~~~~~~~~~~~~~~~~~~~~~~~~~~~~~~~~~~~~~~~~~~~\nC:/Users/spi085/AppData/Local/Programs/R/R-4.4.1/library/TMB/include/dnorm.hpp:23:17: note: candidate: 'template<class Type> tmbutils::vector<Type> dnorm(Type, const tmbutils::vector<Type>&, Type, int)'\n   23 | VECTORIZE4_ttti(dnorm)\n      |                 ^~~~~\nC:/Users/spi085/AppData/Local/Programs/R/R-4.4.1/library/TMB/include/Vectorize.hpp:38:14: note: in definition of macro 'GVECTORIZE'\n   38 | vector<Type> FUN( declare##Type1(arg1) comma##Type2                     \\\n      |              ^~~\nC:/Users/spi085/AppData/Local/Programs/R/R-4.4.1/library/TMB/include/dnorm.hpp:23:1: note: in expansion of macro 'VECTORIZE4_ttti'\n   23 | VECTORIZE4_ttti(dnorm)\n      | ^~~~~~~~~~~~~~~\nC:/Users/spi085/AppData/Local/Programs/R/R-4.4.1/library/TMB/include/dnorm.hpp:23:17: note:   template argument deduction/substitution failed:\n   23 | VECTORIZE4_ttti(dnorm)\n      |                 ^~~~~\nC:/Users/spi085/AppData/Local/Programs/R/R-4.4.1/library/TMB/include/Vectorize.hpp:38:14: note: in definition of macro 'GVECTORIZE'\n   38 | vector<Type> FUN( declare##Type1(arg1) comma##Type2                     \\\n      |              ^~~\nC:/Users/spi085/AppData/Local/Programs/R/R-4.4.1/library/TMB/include/dnorm.hpp:23:1: note: in expansion of macro 'VECTORIZE4_ttti'\n   23 | VECTORIZE4_ttti(dnorm)\n      | ^~~~~~~~~~~~~~~\nPOPULATIONS//POPULATION_0014//INDIVIDUAL_30DSH827/model.cpp:71:15: note:   'CppAD::AD<double>' is not derived from 'const tmbutils::vector<Type>'\n   71 |   nll -= dnorm(log(fast_dat(0) + min_val), log(fast_pred(0) + min_val), 0.25, true);\n      |          ~~~~~^~~~~~~~~~~~~~~~~~~~~~~~~~~~~~~~~~~~~~~~~~~~~~~~~~~~~~~~~~~~~~~~~~~~~\nC:/Users/spi085/AppData/Local/Programs/R/R-4.4.1/library/TMB/include/dnorm.hpp:23:17: note: candidate: 'template<class Type> tmbutils::vector<Type> dnorm(Type, Type, const tmbutils::vector<Type>&, int)'\n   23 | VECTORIZE4_ttti(dnorm)\n      |                 ^~~~~\nC:/Users/spi085/AppData/Local/Programs/R/R-4.4.1/library/TMB/include/Vectorize.hpp:38:14: note: in definition of macro 'GVECTORIZE'\n   38 | vector<Type> FUN( declare##Type1(arg1) comma##Type2                     \\\n      |              ^~~\nC:/Users/spi085/AppData/Local/Programs/R/R-4.4.1/library/TMB/include/dnorm.hpp:23:1: note: in expansion of macro 'VECTORIZE4_ttti'\n   23 | VECTORIZE4_ttti(dnorm)\n      | ^~~~~~~~~~~~~~~\nC:/Users/spi085/AppData/Local/Programs/R/R-4.4.1/library/TMB/include/dnorm.hpp:23:17: note:   template argument deduction/substitution failed:\n   23 | VECTORIZE4_ttti(dnorm)\n      |                 ^~~~~\nC:/Users/spi085/AppData/Local/Programs/R/R-4.4.1/library/TMB/include/Vectorize.hpp:38:14: note: in definition of macro 'GVECTORIZE'\n   38 | vector<Type> FUN( declare##Type1(arg1) comma##Type2                     \\\n      |              ^~~\nC:/Users/spi085/AppData/Local/Programs/R/R-4.4.1/library/TMB/include/dnorm.hpp:23:1: note: in expansion of macro 'VECTORIZE4_ttti'\n   23 | VECTORIZE4_ttti(dnorm)\n      | ^~~~~~~~~~~~~~~\nPOPULATIONS//POPULATION_0014//INDIVIDUAL_30DSH827/model.cpp:71:15: note:   mismatched types 'const tmbutils::vector<Type>' and 'double'\n   71 |   nll -= dnorm(log(fast_dat(0) + min_val), log(fast_pred(0) + min_val), 0.25, true);\n      |          ~~~~~^~~~~~~~~~~~~~~~~~~~~~~~~~~~~~~~~~~~~~~~~~~~~~~~~~~~~~~~~~~~~~~~~~~~~\nC:/Users/spi085/AppData/Local/Programs/R/R-4.4.1/library/TMB/include/dnorm.hpp:23:17: note: candidate: 'template<class Type> tmbutils::vector<Type> dnorm(const tmbutils::vector<Type>&, const tmbutils::vector<Type>&, Type, int)'\n   23 | VECTORIZE4_ttti(dnorm)\n      |                 ^~~~~\nC:/Users/spi085/AppData/Local/Programs/R/R-4.4.1/library/TMB/include/Vectorize.hpp:38:14: note: in definition of macro 'GVECTORIZE'\n   38 | vector<Type> FUN( declare##Type1(arg1) comma##Type2                     \\\n      |              ^~~\nC:/Users/spi085/AppData/Local/Programs/R/R-4.4.1/library/TMB/include/dnorm.hpp:23:1: note: in expansion of macro 'VECTORIZE4_ttti'\n   23 | VECTORIZE4_ttti(dnorm)\n      | ^~~~~~~~~~~~~~~\nC:/Users/spi085/AppData/Local/Programs/R/R-4.4.1/library/TMB/include/dnorm.hpp:23:17: note:   template argument deduction/substitution failed:\n   23 | VECTORIZE4_ttti(dnorm)\n      |                 ^~~~~\nC:/Users/spi085/AppData/Local/Programs/R/R-4.4.1/library/TMB/include/Vectorize.hpp:38:14: note: in definition of macro 'GVECTORIZE'\n   38 | vector<Type> FUN( declare##Type1(arg1) comma##Type2                     \\\n      |              ^~~\nC:/Users/spi085/AppData/Local/Programs/R/R-4.4.1/library/TMB/include/dnorm.hpp:23:1: note: in expansion of macro 'VECTORIZE4_ttti'\n   23 | VECTORIZE4_ttti(dnorm)\n      | ^~~~~~~~~~~~~~~\nPOPULATIONS//POPULATION_0014//INDIVIDUAL_30DSH827/model.cpp:71:15: note:   'CppAD::AD<double>' is not derived from 'const tmbutils::vector<Type>'\n   71 |   nll -= dnorm(log(fast_dat(0) + min_val), log(fast_pred(0) + min_val), 0.25, true);\n      |          ~~~~~^~~~~~~~~~~~~~~~~~~~~~~~~~~~~~~~~~~~~~~~~~~~~~~~~~~~~~~~~~~~~~~~~~~~~\nC:/Users/spi085/AppData/Local/Programs/R/R-4.4.1/library/TMB/include/dnorm.hpp:23:17: note: candidate: 'template<class Type> tmbutils::vector<Type> dnorm(Type, const tmbutils::vector<Type>&, const tmbutils::vector<Type>&, int)'\n   23 | VECTORIZE4_ttti(dnorm)\n      |                 ^~~~~\nC:/Users/spi085/AppData/Local/Programs/R/R-4.4.1/library/TMB/include/Vectorize.hpp:38:14: note: in definition of macro 'GVECTORIZE'\n   38 | vector<Type> FUN( declare##Type1(arg1) comma##Type2                     \\\n      |              ^~~\nC:/Users/spi085/AppData/Local/Programs/R/R-4.4.1/library/TMB/include/dnorm.hpp:23:1: note: in expansion of macro 'VECTORIZE4_ttti'\n   23 | VECTORIZE4_ttti(dnorm)\n      | ^~~~~~~~~~~~~~~\nC:/Users/spi085/AppData/Local/Programs/R/R-4.4.1/library/TMB/include/dnorm.hpp:23:17: note:   template argument deduction/substitution failed:\n   23 | VECTORIZE4_ttti(dnorm)\n      |                 ^~~~~\nC:/Users/spi085/AppData/Local/Programs/R/R-4.4.1/library/TMB/include/Vectorize.hpp:38:14: note: in definition of macro 'GVECTORIZE'\n   38 | vector<Type> FUN( declare##Type1(arg1) comma##Type2                     \\\n      |              ^~~\nC:/Users/spi085/AppData/Local/Programs/R/R-4.4.1/library/TMB/include/dnorm.hpp:23:1: note: in expansion of macro 'VECTORIZE4_ttti'\n   23 | VECTORIZE4_ttti(dnorm)\n      | ^~~~~~~~~~~~~~~\nPOPULATIONS//POPULATION_0014//INDIVIDUAL_30DSH827/model.cpp:71:15: note:   'CppAD::AD<double>' is not derived from 'const tmbutils::vector<Type>'\n   71 |   nll -= dnorm(log(fast_dat(0) + min_val), log(fast_pred(0) + min_val), 0.25, true);\n      |          ~~~~~^~~~~~~~~~~~~~~~~~~~~~~~~~~~~~~~~~~~~~~~~~~~~~~~~~~~~~~~~~~~~~~~~~~~~\nC:/Users/spi085/AppData/Local/Programs/R/R-4.4.1/library/TMB/include/dnorm.hpp:23:17: note: candidate: 'template<class Type> tmbutils::vector<Type> dnorm(const tmbutils::vector<Type>&, Type, const tmbutils::vector<Type>&, int)'\n   23 | VECTORIZE4_ttti(dnorm)\n      |                 ^~~~~\nC:/Users/spi085/AppData/Local/Programs/R/R-4.4.1/library/TMB/include/Vectorize.hpp:38:14: note: in definition of macro 'GVECTORIZE'\n   38 | vector<Type> FUN( declare##Type1(arg1) comma##Type2                     \\\n      |              ^~~\nC:/Users/spi085/AppData/Local/Programs/R/R-4.4.1/library/TMB/include/dnorm.hpp:23:1: note: in expansion of macro 'VECTORIZE4_ttti'\n   23 | VECTORIZE4_ttti(dnorm)\n      | ^~~~~~~~~~~~~~~\nC:/Users/spi085/AppData/Local/Programs/R/R-4.4.1/library/TMB/include/dnorm.hpp:23:17: note:   template argument deduction/substitution failed:\n   23 | VECTORIZE4_ttti(dnorm)\n      |                 ^~~~~\nC:/Users/spi085/AppData/Local/Programs/R/R-4.4.1/library/TMB/include/Vectorize.hpp:38:14: note: in definition of macro 'GVECTORIZE'\n   38 | vector<Type> FUN( declare##Type1(arg1) comma##Type2                     \\\n      |              ^~~\nC:/Users/spi085/AppData/Local/Programs/R/R-4.4.1/library/TMB/include/dnorm.hpp:23:1: note: in expansion of macro 'VECTORIZE4_ttti'\n   23 | VECTORIZE4_ttti(dnorm)\n      | ^~~~~~~~~~~~~~~\nPOPULATIONS//POPULATION_0014//INDIVIDUAL_30DSH827/model.cpp:71:15: note:   'CppAD::AD<double>' is not derived from 'const tmbutils::vector<Type>'\n   71 |   nll -= dnorm(log(fast_dat(0) + min_val), log(fast_pred(0) + min_val), 0.25, true);\n      |          ~~~~~^~~~~~~~~~~~~~~~~~~~~~~~~~~~~~~~~~~~~~~~~~~~~~~~~~~~~~~~~~~~~~~~~~~~~\nC:/Users/spi085/AppData/Local/Programs/R/R-4.4.1/library/TMB/include/dnorm.hpp:23:17: note: candidate: 'template<class Type> tmbutils::vector<Type> dnorm(const tmbutils::vector<Type>&, const tmbutils::vector<Type>&, const tmbutils::vector<Type>&, int)'\n   23 | VECTORIZE4_ttti(dnorm)\n      |                 ^~~~~\nC:/Users/spi085/AppData/Local/Programs/R/R-4.4.1/library/TMB/include/Vectorize.hpp:38:14: note: in definition of macro 'GVECTORIZE'\n   38 | vector<Type> FUN( declare##Type1(arg1) comma##Type2                     \\\n      |              ^~~\nC:/Users/spi085/AppData/Local/Programs/R/R-4.4.1/library/TMB/include/dnorm.hpp:23:1: note: in expansion of macro 'VECTORIZE4_ttti'\n   23 | VECTORIZE4_ttti(dnorm)\n      | ^~~~~~~~~~~~~~~\nC:/Users/spi085/AppData/Local/Programs/R/R-4.4.1/library/TMB/include/dnorm.hpp:23:17: note:   template argument deduction/substitution failed:\n   23 | VECTORIZE4_ttti(dnorm)\n      |                 ^~~~~\nC:/Users/spi085/AppData/Local/Programs/R/R-4.4.1/library/TMB/include/Vectorize.hpp:38:14: note: in definition of macro 'GVECTORIZE'\n   38 | vector<Type> FUN( declare##Type1(arg1) comma##Type2                     \\\n      |              ^~~\nC:/Users/spi085/AppData/Local/Programs/R/R-4.4.1/library/TMB/include/dnorm.hpp:23:1: note: in expansion of macro 'VECTORIZE4_ttti'\n   23 | VECTORIZE4_ttti(dnorm)\n      | ^~~~~~~~~~~~~~~\nPOPULATIONS//POPULATION_0014//INDIVIDUAL_30DSH827/model.cpp:71:15: note:   'CppAD::AD<double>' is not derived from 'const tmbutils::vector<Type>'\n   71 |   nll -= dnorm(log(fast_dat(0) + min_val), log(fast_pred(0) + min_val), 0.25, true);\n      |          ~~~~~^~~~~~~~~~~~~~~~~~~~~~~~~~~~~~~~~~~~~~~~~~~~~~~~~~~~~~~~~~~~~~~~~~~~~\nPOPULATIONS//POPULATION_0014//INDIVIDUAL_30DSH827/model.cpp:170:17: error: no matching function for call to 'dnorm(CppAD::AD<double>, CppAD::AD<double>, double, bool)'\n  170 |     nll -= dnorm(log(cots_dat(t) + min_val), log(cots_pred(t) + min_val), 0.3, true);\n      |            ~~~~~^~~~~~~~~~~~~~~~~~~~~~~~~~~~~~~~~~~~~~~~~~~~~~~~~~~~~~~~~~~~~~~~~~~~\nC:/Users/spi085/AppData/Local/Programs/R/R-4.4.1/library/TMB/include/dnorm.hpp:17:6: note: candidate: 'template<class Type> Type dnorm(Type, Type, Type, int)'\n   17 | Type dnorm(Type x, Type mean, Type sd, int give_log=0)\n      |      ^~~~~\nC:/Users/spi085/AppData/Local/Programs/R/R-4.4.1/library/TMB/include/dnorm.hpp:17:6: note:   template argument deduction/substitution failed:\nPOPULATIONS//POPULATION_0014//INDIVIDUAL_30DSH827/model.cpp:170:17: note:   deduced conflicting types for parameter 'Type' ('CppAD::AD<double>' and 'double')\n  170 |     nll -= dnorm(log(cots_dat(t) + min_val), log(cots_pred(t) + min_val), 0.3, true);\n      |            ~~~~~^~~~~~~~~~~~~~~~~~~~~~~~~~~~~~~~~~~~~~~~~~~~~~~~~~~~~~~~~~~~~~~~~~~~\nC:/Users/spi085/AppData/Local/Programs/R/R-4.4.1/library/TMB/include/dnorm.hpp:23:17: note: candidate: 'template<class Type> tmbutils::vector<Type> dnorm(const tmbutils::vector<Type>&, Type, Type, int)'\n   23 | VECTORIZE4_ttti(dnorm)\n      |                 ^~~~~\nC:/Users/spi085/AppData/Local/Programs/R/R-4.4.1/library/TMB/include/Vectorize.hpp:38:14: note: in definition of macro 'GVECTORIZE'\n   38 | vector<Type> FUN( declare##Type1(arg1) comma##Type2                     \\\n      |              ^~~\nC:/Users/spi085/AppData/Local/Programs/R/R-4.4.1/library/TMB/include/dnorm.hpp:23:1: note: in expansion of macro 'VECTORIZE4_ttti'\n   23 | VECTORIZE4_ttti(dnorm)\n      | ^~~~~~~~~~~~~~~\nC:/Users/spi085/AppData/Local/Programs/R/R-4.4.1/library/TMB/include/dnorm.hpp:23:17: note:   template argument deduction/substitution failed:\n   23 | VECTORIZE4_ttti(dnorm)\n      |                 ^~~~~\nC:/Users/spi085/AppData/Local/Programs/R/R-4.4.1/library/TMB/include/Vectorize.hpp:38:14: note: in definition of macro 'GVECTORIZE'\n   38 | vector<Type> FUN( declare##Type1(arg1) comma##Type2                     \\\n      |              ^~~\nC:/Users/spi085/AppData/Local/Programs/R/R-4.4.1/library/TMB/include/dnorm.hpp:23:1: note: in expansion of macro 'VECTORIZE4_ttti'\n   23 | VECTORIZE4_ttti(dnorm)\n      | ^~~~~~~~~~~~~~~\nPOPULATIONS//POPULATION_0014//INDIVIDUAL_30DSH827/model.cpp:170:17: note:   'CppAD::AD<double>' is not derived from 'const tmbutils::vector<Type>'\n  170 |     nll -= dnorm(log(cots_dat(t) + min_val), log(cots_pred(t) + min_val), 0.3, true);\n      |            ~~~~~^~~~~~~~~~~~~~~~~~~~~~~~~~~~~~~~~~~~~~~~~~~~~~~~~~~~~~~~~~~~~~~~~~~~\nC:/Users/spi085/AppData/Local/Programs/R/R-4.4.1/library/TMB/include/dnorm.hpp:23:17: note: candidate: 'template<class Type> tmbutils::vector<Type> dnorm(Type, const tmbutils::vector<Type>&, Type, int)'\n   23 | VECTORIZE4_ttti(dnorm)\n      |                 ^~~~~\nC:/Users/spi085/AppData/Local/Programs/R/R-4.4.1/library/TMB/include/Vectorize.hpp:38:14: note: in definition of macro 'GVECTORIZE'\n   38 | vector<Type> FUN( declare##Type1(arg1) comma##Type2                     \\\n      |              ^~~\nC:/Users/spi085/AppData/Local/Programs/R/R-4.4.1/library/TMB/include/dnorm.hpp:23:1: note: in expansion of macro 'VECTORIZE4_ttti'\n   23 | VECTORIZE4_ttti(dnorm)\n      | ^~~~~~~~~~~~~~~\nC:/Users/spi085/AppData/Local/Programs/R/R-4.4.1/library/TMB/include/dnorm.hpp:23:17: note:   template argument deduction/substitution failed:\n   23 | VECTORIZE4_ttti(dnorm)\n      |                 ^~~~~\nC:/Users/spi085/AppData/Local/Programs/R/R-4.4.1/library/TMB/include/Vectorize.hpp:38:14: note: in definition of macro 'GVECTORIZE'\n   38 | vector<Type> FUN( declare##Type1(arg1) comma##Type2                     \\\n      |              ^~~\nC:/Users/spi085/AppData/Local/Programs/R/R-4.4.1/library/TMB/include/dnorm.hpp:23:1: note: in expansion of macro 'VECTORIZE4_ttti'\n   23 | VECTORIZE4_ttti(dnorm)\n      | ^~~~~~~~~~~~~~~\nPOPULATIONS//POPULATION_0014//INDIVIDUAL_30DSH827/model.cpp:170:17: note:   'CppAD::AD<double>' is not derived from 'const tmbutils::vector<Type>'\n  170 |     nll -= dnorm(log(cots_dat(t) + min_val), log(cots_pred(t) + min_val), 0.3, true);\n      |            ~~~~~^~~~~~~~~~~~~~~~~~~~~~~~~~~~~~~~~~~~~~~~~~~~~~~~~~~~~~~~~~~~~~~~~~~~\nC:/Users/spi085/AppData/Local/Programs/R/R-4.4.1/library/TMB/include/dnorm.hpp:23:17: note: candidate: 'template<class Type> tmbutils::vector<Type> dnorm(Type, Type, const tmbutils::vector<Type>&, int)'\n   23 | VECTORIZE4_ttti(dnorm)\n      |                 ^~~~~\nC:/Users/spi085/AppData/Local/Programs/R/R-4.4.1/library/TMB/include/Vectorize.hpp:38:14: note: in definition of macro 'GVECTORIZE'\n   38 | vector<Type> FUN( declare##Type1(arg1) comma##Type2                     \\\n      |              ^~~\nC:/Users/spi085/AppData/Local/Programs/R/R-4.4.1/library/TMB/include/dnorm.hpp:23:1: note: in expansion of macro 'VECTORIZE4_ttti'\n   23 | VECTORIZE4_ttti(dnorm)\n      | ^~~~~~~~~~~~~~~\nC:/Users/spi085/AppData/Local/Programs/R/R-4.4.1/library/TMB/include/dnorm.hpp:23:17: note:   template argument deduction/substitution failed:\n   23 | VECTORIZE4_ttti(dnorm)\n      |                 ^~~~~\nC:/Users/spi085/AppData/Local/Programs/R/R-4.4.1/library/TMB/include/Vectorize.hpp:38:14: note: in definition of macro 'GVECTORIZE'\n   38 | vector<Type> FUN( declare##Type1(arg1) comma##Type2                     \\\n      |              ^~~\nC:/Users/spi085/AppData/Local/Programs/R/R-4.4.1/library/TMB/include/dnorm.hpp:23:1: note: in expansion of macro 'VECTORIZE4_ttti'\n   23 | VECTORIZE4_ttti(dnorm)\n      | ^~~~~~~~~~~~~~~\nPOPULATIONS//POPULATION_0014//INDIVIDUAL_30DSH827/model.cpp:170:17: note:   mismatched types 'const tmbutils::vector<Type>' and 'double'\n  170 |     nll -= dnorm(log(cots_dat(t) + min_val), log(cots_pred(t) + min_val), 0.3, true);\n      |            ~~~~~^~~~~~~~~~~~~~~~~~~~~~~~~~~~~~~~~~~~~~~~~~~~~~~~~~~~~~~~~~~~~~~~~~~~\nC:/Users/spi085/AppData/Local/Programs/R/R-4.4.1/library/TMB/include/dnorm.hpp:23:17: note: candidate: 'template<class Type> tmbutils::vector<Type> dnorm(const tmbutils::vector<Type>&, const tmbutils::vector<Type>&, Type, int)'\n   23 | VECTORIZE4_ttti(dnorm)\n      |                 ^~~~~\nC:/Users/spi085/AppData/Local/Programs/R/R-4.4.1/library/TMB/include/Vectorize.hpp:38:14: note: in definition of macro 'GVECTORIZE'\n   38 | vector<Type> FUN( declare##Type1(arg1) comma##Type2                     \\\n      |              ^~~\nC:/Users/spi085/AppData/Local/Programs/R/R-4.4.1/library/TMB/include/dnorm.hpp:23:1: note: in expansion of macro 'VECTORIZE4_ttti'\n   23 | VECTORIZE4_ttti(dnorm)\n      | ^~~~~~~~~~~~~~~\nC:/Users/spi085/AppData/Local/Programs/R/R-4.4.1/library/TMB/include/dnorm.hpp:23:17: note:   template argument deduction/substitution failed:\n   23 | VECTORIZE4_ttti(dnorm)\n      |                 ^~~~~\nC:/Users/spi085/AppData/Local/Programs/R/R-4.4.1/library/TMB/include/Vectorize.hpp:38:14: note: in definition of macro 'GVECTORIZE'\n   38 | vector<Type> FUN( declare##Type1(arg1) comma##Type2                     \\\n      |              ^~~\nC:/Users/spi085/AppData/Local/Programs/R/R-4.4.1/library/TMB/include/dnorm.hpp:23:1: note: in expansion of macro 'VECTORIZE4_ttti'\n   23 | VECTORIZE4_ttti(dnorm)\n      | ^~~~~~~~~~~~~~~\nPOPULATIONS//POPULATION_0014//INDIVIDUAL_30DSH827/model.cpp:170:17: note:   'CppAD::AD<double>' is not derived from 'const tmbutils::vector<Type>'\n  170 |     nll -= dnorm(log(cots_dat(t) + min_val), log(cots_pred(t) + min_val), 0.3, true);\n      |            ~~~~~^~~~~~~~~~~~~~~~~~~~~~~~~~~~~~~~~~~~~~~~~~~~~~~~~~~~~~~~~~~~~~~~~~~~\nC:/Users/spi085/AppData/Local/Programs/R/R-4.4.1/library/TMB/include/dnorm.hpp:23:17: note: candidate: 'template<class Type> tmbutils::vector<Type> dnorm(Type, const tmbutils::vector<Type>&, const tmbutils::vector<Type>&, int)'\n   23 | VECTORIZE4_ttti(dnorm)\n      |                 ^~~~~\nC:/Users/spi085/AppData/Local/Programs/R/R-4.4.1/library/TMB/include/Vectorize.hpp:38:14: note: in definition of macro 'GVECTORIZE'\n   38 | vector<Type> FUN( declare##Type1(arg1) comma##Type2                     \\\n      |              ^~~\nC:/Users/spi085/AppData/Local/Programs/R/R-4.4.1/library/TMB/include/dnorm.hpp:23:1: note: in expansion of macro 'VECTORIZE4_ttti'\n   23 | VECTORIZE4_ttti(dnorm)\n      | ^~~~~~~~~~~~~~~\nC:/Users/spi085/AppData/Local/Programs/R/R-4.4.1/library/TMB/include/dnorm.hpp:23:17: note:   template argument deduction/substitution failed:\n   23 | VECTORIZE4_ttti(dnorm)\n      |                 ^~~~~\nC:/Users/spi085/AppData/Local/Programs/R/R-4.4.1/library/TMB/include/Vectorize.hpp:38:14: note: in definition of macro 'GVECTORIZE'\n   38 | vector<Type> FUN( declare##Type1(arg1) comma##Type2                     \\\n      |              ^~~\nC:/Users/spi085/AppData/Local/Programs/R/R-4.4.1/library/TMB/include/dnorm.hpp:23:1: note: in expansion of macro 'VECTORIZE4_ttti'\n   23 | VECTORIZE4_ttti(dnorm)\n      | ^~~~~~~~~~~~~~~\nPOPULATIONS//POPULATION_0014//INDIVIDUAL_30DSH827/model.cpp:170:17: note:   'CppAD::AD<double>' is not derived from 'const tmbutils::vector<Type>'\n  170 |     nll -= dnorm(log(cots_dat(t) + min_val), log(cots_pred(t) + min_val), 0.3, true);\n      |            ~~~~~^~~~~~~~~~~~~~~~~~~~~~~~~~~~~~~~~~~~~~~~~~~~~~~~~~~~~~~~~~~~~~~~~~~~\nC:/Users/spi085/AppData/Local/Programs/R/R-4.4.1/library/TMB/include/dnorm.hpp:23:17: note: candidate: 'template<class Type> tmbutils::vector<Type> dnorm(const tmbutils::vector<Type>&, Type, const tmbutils::vector<Type>&, int)'\n   23 | VECTORIZE4_ttti(dnorm)\n      |                 ^~~~~\nC:/Users/spi085/AppData/Local/Programs/R/R-4.4.1/library/TMB/include/Vectorize.hpp:38:14: note: in definition of macro 'GVECTORIZE'\n   38 | vector<Type> FUN( declare##Type1(arg1) comma##Type2                     \\\n      |              ^~~\nC:/Users/spi085/AppData/Local/Programs/R/R-4.4.1/library/TMB/include/dnorm.hpp:23:1: note: in expansion of macro 'VECTORIZE4_ttti'\n   23 | VECTORIZE4_ttti(dnorm)\n      | ^~~~~~~~~~~~~~~\nC:/Users/spi085/AppData/Local/Programs/R/R-4.4.1/library/TMB/include/dnorm.hpp:23:17: note:   template argument deduction/substitution failed:\n   23 | VECTORIZE4_ttti(dnorm)\n      |                 ^~~~~\nC:/Users/spi085/AppData/Local/Programs/R/R-4.4.1/library/TMB/include/Vectorize.hpp:38:14: note: in definition of macro 'GVECTORIZE'\n   38 | vector<Type> FUN( declare##Type1(arg1) comma##Type2                     \\\n      |              ^~~\nC:/Users/spi085/AppData/Local/Programs/R/R-4.4.1/library/TMB/include/dnorm.hpp:23:1: note: in expansion of macro 'VECTORIZE4_ttti'\n   23 | VECTORIZE4_ttti(dnorm)\n      | ^~~~~~~~~~~~~~~\nPOPULATIONS//POPULATION_0014//INDIVIDUAL_30DSH827/model.cpp:170:17: note:   'CppAD::AD<double>' is not derived from 'const tmbutils::vector<Type>'\n  170 |     nll -= dnorm(log(cots_dat(t) + min_val), log(cots_pred(t) + min_val), 0.3, true);\n      |            ~~~~~^~~~~~~~~~~~~~~~~~~~~~~~~~~~~~~~~~~~~~~~~~~~~~~~~~~~~~~~~~~~~~~~~~~~\nC:/Users/spi085/AppData/Local/Programs/R/R-4.4.1/library/TMB/include/dnorm.hpp:23:17: note: candidate: 'template<class Type> tmbutils::vector<Type> dnorm(const tmbutils::vector<Type>&, const tmbutils::vector<Type>&, const tmbutils::vector<Type>&, int)'\n   23 | VECTORIZE4_ttti(dnorm)\n      |                 ^~~~~\nC:/Users/spi085/AppData/Local/Programs/R/R-4.4.1/library/TMB/include/Vectorize.hpp:38:14: note: in definition of macro 'GVECTORIZE'\n   38 | vector<Type> FUN( declare##Type1(arg1) comma##Type2                     \\\n      |              ^~~\nC:/Users/spi085/AppData/Local/Programs/R/R-4.4.1/library/TMB/include/dnorm.hpp:23:1: note: in expansion of macro 'VECTORIZE4_ttti'\n   23 | VECTORIZE4_ttti(dnorm)\n      | ^~~~~~~~~~~~~~~\nC:/Users/spi085/AppData/Local/Programs/R/R-4.4.1/library/TMB/include/dnorm.hpp:23:17: note:   template argument deduction/substitution failed:\n   23 | VECTORIZE4_ttti(dnorm)\n      |                 ^~~~~\nC:/Users/spi085/AppData/Local/Programs/R/R-4.4.1/library/TMB/include/Vectorize.hpp:38:14: note: in definition of macro 'GVECTORIZE'\n   38 | vector<Type> FUN( declare##Type1(arg1) comma##Type2                     \\\n      |              ^~~\nC:/Users/spi085/AppData/Local/Programs/R/R-4.4.1/library/TMB/include/dnorm.hpp:23:1: note: in expansion of macro 'VECTORIZE4_ttti'\n   23 | VECTORIZE4_ttti(dnorm)\n      | ^~~~~~~~~~~~~~~\nPOPULATIONS//POPULATION_0014//INDIVIDUAL_30DSH827/model.cpp:170:17: note:   'CppAD::AD<double>' is not derived from 'const tmbutils::vector<Type>'\n  170 |     nll -= dnorm(log(cots_dat(t) + min_val), log(cots_pred(t) + min_val), 0.3, true);\n      |            ~~~~~^~~~~~~~~~~~~~~~~~~~~~~~~~~~~~~~~~~~~~~~~~~~~~~~~~~~~~~~~~~~~~~~~~~~\nPOPULATIONS//POPULATION_0014//INDIVIDUAL_30DSH827/model.cpp:171:17: error: no matching function for call to 'dnorm(CppAD::AD<double>, CppAD::AD<double>, double, bool)'\n  171 |     nll -= dnorm(log(slow_dat(t) + min_val), log(slow_pred(t) + min_val), 0.2, true);\n      |            ~~~~~^~~~~~~~~~~~~~~~~~~~~~~~~~~~~~~~~~~~~~~~~~~~~~~~~~~~~~~~~~~~~~~~~~~~\nC:/Users/spi085/AppData/Local/Programs/R/R-4.4.1/library/TMB/include/dnorm.hpp:17:6: note: candidate: 'template<class Type> Type dnorm(Type, Type, Type, int)'\n   17 | Type dnorm(Type x, Type mean, Type sd, int give_log=0)\n      |      ^~~~~\nC:/Users/spi085/AppData/Local/Programs/R/R-4.4.1/library/TMB/include/dnorm.hpp:17:6: note:   template argument deduction/substitution failed:\nPOPULATIONS//POPULATION_0014//INDIVIDUAL_30DSH827/model.cpp:171:17: note:   deduced conflicting types for parameter 'Type' ('CppAD::AD<double>' and 'double')\n  171 |     nll -= dnorm(log(slow_dat(t) + min_val), log(slow_pred(t) + min_val), 0.2, true);\n      |            ~~~~~^~~~~~~~~~~~~~~~~~~~~~~~~~~~~~~~~~~~~~~~~~~~~~~~~~~~~~~~~~~~~~~~~~~~\nC:/Users/spi085/AppData/Local/Programs/R/R-4.4.1/library/TMB/include/dnorm.hpp:23:17: note: candidate: 'template<class Type> tmbutils::vector<Type> dnorm(const tmbutils::vector<Type>&, Type, Type, int)'\n   23 | VECTORIZE4_ttti(dnorm)\n      |                 ^~~~~\nC:/Users/spi085/AppData/Local/Programs/R/R-4.4.1/library/TMB/include/Vectorize.hpp:38:14: note: in definition of macro 'GVECTORIZE'\n   38 | vector<Type> FUN( declare##Type1(arg1) comma##Type2                     \\\n      |              ^~~\nC:/Users/spi085/AppData/Local/Programs/R/R-4.4.1/library/TMB/include/dnorm.hpp:23:1: note: in expansion of macro 'VECTORIZE4_ttti'\n   23 | VECTORIZE4_ttti(dnorm)\n      | ^~~~~~~~~~~~~~~\nC:/Users/spi085/AppData/Local/Programs/R/R-4.4.1/library/TMB/include/dnorm.hpp:23:17: note:   template argument deduction/substitution failed:\n   23 | VECTORIZE4_ttti(dnorm)\n      |                 ^~~~~\nC:/Users/spi085/AppData/Local/Programs/R/R-4.4.1/library/TMB/include/Vectorize.hpp:38:14: note: in definition of macro 'GVECTORIZE'\n   38 | vector<Type> FUN( declare##Type1(arg1) comma##Type2                     \\\n      |              ^~~\nC:/Users/spi085/AppData/Local/Programs/R/R-4.4.1/library/TMB/include/dnorm.hpp:23:1: note: in expansion of macro 'VECTORIZE4_ttti'\n   23 | VECTORIZE4_ttti(dnorm)\n      | ^~~~~~~~~~~~~~~\nPOPULATIONS//POPULATION_0014//INDIVIDUAL_30DSH827/model.cpp:171:17: note:   'CppAD::AD<double>' is not derived from 'const tmbutils::vector<Type>'\n  171 |     nll -= dnorm(log(slow_dat(t) + min_val), log(slow_pred(t) + min_val), 0.2, true);\n      |            ~~~~~^~~~~~~~~~~~~~~~~~~~~~~~~~~~~~~~~~~~~~~~~~~~~~~~~~~~~~~~~~~~~~~~~~~~\nC:/Users/spi085/AppData/Local/Programs/R/R-4.4.1/library/TMB/include/dnorm.hpp:23:17: note: candidate: 'template<class Type> tmbutils::vector<Type> dnorm(Type, const tmbutils::vector<Type>&, Type, int)'\n   23 | VECTORIZE4_ttti(dnorm)\n      |                 ^~~~~\nC:/Users/spi085/AppData/Local/Programs/R/R-4.4.1/library/TMB/include/Vectorize.hpp:38:14: note: in definition of macro 'GVECTORIZE'\n   38 | vector<Type> FUN( declare##Type1(arg1) comma##Type2                     \\\n      |              ^~~\nC:/Users/spi085/AppData/Local/Programs/R/R-4.4.1/library/TMB/include/dnorm.hpp:23:1: note: in expansion of macro 'VECTORIZE4_ttti'\n   23 | VECTORIZE4_ttti(dnorm)\n      | ^~~~~~~~~~~~~~~\nC:/Users/spi085/AppData/Local/Programs/R/R-4.4.1/library/TMB/include/dnorm.hpp:23:17: note:   template argument deduction/substitution failed:\n   23 | VECTORIZE4_ttti(dnorm)\n      |                 ^~~~~\nC:/Users/spi085/AppData/Local/Programs/R/R-4.4.1/library/TMB/include/Vectorize.hpp:38:14: note: in definition of macro 'GVECTORIZE'\n   38 | vector<Type> FUN( declare##Type1(arg1) comma##Type2                     \\\n      |              ^~~\nC:/Users/spi085/AppData/Local/Programs/R/R-4.4.1/library/TMB/include/dnorm.hpp:23:1: note: in expansion of macro 'VECTORIZE4_ttti'\n   23 | VECTORIZE4_ttti(dnorm)\n      | ^~~~~~~~~~~~~~~\nPOPULATIONS//POPULATION_0014//INDIVIDUAL_30DSH827/model.cpp:171:17: note:   'CppAD::AD<double>' is not derived from 'const tmbutils::vector<Type>'\n  171 |     nll -= dnorm(log(slow_dat(t) + min_val), log(slow_pred(t) + min_val), 0.2, true);\n      |            ~~~~~^~~~~~~~~~~~~~~~~~~~~~~~~~~~~~~~~~~~~~~~~~~~~~~~~~~~~~~~~~~~~~~~~~~~\nC:/Users/spi085/AppData/Local/Programs/R/R-4.4.1/library/TMB/include/dnorm.hpp:23:17: note: candidate: 'template<class Type> tmbutils::vector<Type> dnorm(Type, Type, const tmbutils::vector<Type>&, int)'\n   23 | VECTORIZE4_ttti(dnorm)\n      |                 ^~~~~\nC:/Users/spi085/AppData/Local/Programs/R/R-4.4.1/library/TMB/include/Vectorize.hpp:38:14: note: in definition of macro 'GVECTORIZE'\n   38 | vector<Type> FUN( declare##Type1(arg1) comma##Type2                     \\\n      |              ^~~\nC:/Users/spi085/AppData/Local/Programs/R/R-4.4.1/library/TMB/include/dnorm.hpp:23:1: note: in expansion of macro 'VECTORIZE4_ttti'\n   23 | VECTORIZE4_ttti(dnorm)\n      | ^~~~~~~~~~~~~~~\nC:/Users/spi085/AppData/Local/Programs/R/R-4.4.1/library/TMB/include/dnorm.hpp:23:17: note:   template argument deduction/substitution failed:\n   23 | VECTORIZE4_ttti(dnorm)\n      |                 ^~~~~\nC:/Users/spi085/AppData/Local/Programs/R/R-4.4.1/library/TMB/include/Vectorize.hpp:38:14: note: in definition of macro 'GVECTORIZE'\n   38 | vector<Type> FUN( declare##Type1(arg1) comma##Type2                     \\\n      |              ^~~\nC:/Users/spi085/AppData/Local/Programs/R/R-4.4.1/library/TMB/include/dnorm.hpp:23:1: note: in expansion of macro 'VECTORIZE4_ttti'\n   23 | VECTORIZE4_ttti(dnorm)\n      | ^~~~~~~~~~~~~~~\nPOPULATIONS//POPULATION_0014//INDIVIDUAL_30DSH827/model.cpp:171:17: note:   mismatched types 'const tmbutils::vector<Type>' and 'double'\n  171 |     nll -= dnorm(log(slow_dat(t) + min_val), log(slow_pred(t) + min_val), 0.2, true);\n      |            ~~~~~^~~~~~~~~~~~~~~~~~~~~~~~~~~~~~~~~~~~~~~~~~~~~~~~~~~~~~~~~~~~~~~~~~~~\nC:/Users/spi085/AppData/Local/Programs/R/R-4.4.1/library/TMB/include/dnorm.hpp:23:17: note: candidate: 'template<class Type> tmbutils::vector<Type> dnorm(const tmbutils::vector<Type>&, const tmbutils::vector<Type>&, Type, int)'\n   23 | VECTORIZE4_ttti(dnorm)\n      |                 ^~~~~\nC:/Users/spi085/AppData/Local/Programs/R/R-4.4.1/library/TMB/include/Vectorize.hpp:38:14: note: in definition of macro 'GVECTORIZE'\n   38 | vector<Type> FUN( declare##Type1(arg1) comma##Type2                     \\\n      |              ^~~\nC:/Users/spi085/AppData/Local/Programs/R/R-4.4.1/library/TMB/include/dnorm.hpp:23:1: note: in expansion of macro 'VECTORIZE4_ttti'\n   23 | VECTORIZE4_ttti(dnorm)\n      | ^~~~~~~~~~~~~~~\nC:/Users/spi085/AppData/Local/Programs/R/R-4.4.1/library/TMB/include/dnorm.hpp:23:17: note:   template argument deduction/substitution failed:\n   23 | VECTORIZE4_ttti(dnorm)\n      |                 ^~~~~\nC:/Users/spi085/AppData/Local/Programs/R/R-4.4.1/library/TMB/include/Vectorize.hpp:38:14: note: in definition of macro 'GVECTORIZE'\n   38 | vector<Type> FUN( declare##Type1(arg1) comma##Type2                     \\\n      |              ^~~\nC:/Users/spi085/AppData/Local/Programs/R/R-4.4.1/library/TMB/include/dnorm.hpp:23:1: note: in expansion of macro 'VECTORIZE4_ttti'\n   23 | VECTORIZE4_ttti(dnorm)\n      | ^~~~~~~~~~~~~~~\nPOPULATIONS//POPULATION_0014//INDIVIDUAL_30DSH827/model.cpp:171:17: note:   'CppAD::AD<double>' is not derived from 'const tmbutils::vector<Type>'\n  171 |     nll -= dnorm(log(slow_dat(t) + min_val), log(slow_pred(t) + min_val), 0.2, true);\n      |            ~~~~~^~~~~~~~~~~~~~~~~~~~~~~~~~~~~~~~~~~~~~~~~~~~~~~~~~~~~~~~~~~~~~~~~~~~\nC:/Users/spi085/AppData/Local/Programs/R/R-4.4.1/library/TMB/include/dnorm.hpp:23:17: note: candidate: 'template<class Type> tmbutils::vector<Type> dnorm(Type, const tmbutils::vector<Type>&, const tmbutils::vector<Type>&, int)'\n   23 | VECTORIZE4_ttti(dnorm)\n      |                 ^~~~~\nC:/Users/spi085/AppData/Local/Programs/R/R-4.4.1/library/TMB/include/Vectorize.hpp:38:14: note: in definition of macro 'GVECTORIZE'\n   38 | vector<Type> FUN( declare##Type1(arg1) comma##Type2                     \\\n      |              ^~~\nC:/Users/spi085/AppData/Local/Programs/R/R-4.4.1/library/TMB/include/dnorm.hpp:23:1: note: in expansion of macro 'VECTORIZE4_ttti'\n   23 | VECTORIZE4_ttti(dnorm)\n      | ^~~~~~~~~~~~~~~\nC:/Users/spi085/AppData/Local/Programs/R/R-4.4.1/library/TMB/include/dnorm.hpp:23:17: note:   template argument deduction/substitution failed:\n   23 | VECTORIZE4_ttti(dnorm)\n      |                 ^~~~~\nC:/Users/spi085/AppData/Local/Programs/R/R-4.4.1/library/TMB/include/Vectorize.hpp:38:14: note: in definition of macro 'GVECTORIZE'\n   38 | vector<Type> FUN( declare##Type1(arg1) comma##Type2                     \\\n      |              ^~~\nC:/Users/spi085/AppData/Local/Programs/R/R-4.4.1/library/TMB/include/dnorm.hpp:23:1: note: in expansion of macro 'VECTORIZE4_ttti'\n   23 | VECTORIZE4_ttti(dnorm)\n      | ^~~~~~~~~~~~~~~\nPOPULATIONS//POPULATION_0014//INDIVIDUAL_30DSH827/model.cpp:171:17: note:   'CppAD::AD<double>' is not derived from 'const tmbutils::vector<Type>'\n  171 |     nll -= dnorm(log(slow_dat(t) + min_val), log(slow_pred(t) + min_val), 0.2, true);\n      |            ~~~~~^~~~~~~~~~~~~~~~~~~~~~~~~~~~~~~~~~~~~~~~~~~~~~~~~~~~~~~~~~~~~~~~~~~~\nC:/Users/spi085/AppData/Local/Programs/R/R-4.4.1/library/TMB/include/dnorm.hpp:23:17: note: candidate: 'template<class Type> tmbutils::vector<Type> dnorm(const tmbutils::vector<Type>&, Type, const tmbutils::vector<Type>&, int)'\n   23 | VECTORIZE4_ttti(dnorm)\n      |                 ^~~~~\nC:/Users/spi085/AppData/Local/Programs/R/R-4.4.1/library/TMB/include/Vectorize.hpp:38:14: note: in definition of macro 'GVECTORIZE'\n   38 | vector<Type> FUN( declare##Type1(arg1) comma##Type2                     \\\n      |              ^~~\nC:/Users/spi085/AppData/Local/Programs/R/R-4.4.1/library/TMB/include/dnorm.hpp:23:1: note: in expansion of macro 'VECTORIZE4_ttti'\n   23 | VECTORIZE4_ttti(dnorm)\n      | ^~~~~~~~~~~~~~~\nC:/Users/spi085/AppData/Local/Programs/R/R-4.4.1/library/TMB/include/dnorm.hpp:23:17: note:   template argument deduction/substitution failed:\n   23 | VECTORIZE4_ttti(dnorm)\n      |                 ^~~~~\nC:/Users/spi085/AppData/Local/Programs/R/R-4.4.1/library/TMB/include/Vectorize.hpp:38:14: note: in definition of macro 'GVECTORIZE'\n   38 | vector<Type> FUN( declare##Type1(arg1) comma##Type2                     \\\n      |              ^~~\nC:/Users/spi085/AppData/Local/Programs/R/R-4.4.1/library/TMB/include/dnorm.hpp:23:1: note: in expansion of macro 'VECTORIZE4_ttti'\n   23 | VECTORIZE4_ttti(dnorm)\n      | ^~~~~~~~~~~~~~~\nPOPULATIONS//POPULATION_0014//INDIVIDUAL_30DSH827/model.cpp:171:17: note:   'CppAD::AD<double>' is not derived from 'const tmbutils::vector<Type>'\n  171 |     nll -= dnorm(log(slow_dat(t) + min_val), log(slow_pred(t) + min_val), 0.2, true);\n      |            ~~~~~^~~~~~~~~~~~~~~~~~~~~~~~~~~~~~~~~~~~~~~~~~~~~~~~~~~~~~~~~~~~~~~~~~~~\nC:/Users/spi085/AppData/Local/Programs/R/R-4.4.1/library/TMB/include/dnorm.hpp:23:17: note: candidate: 'template<class Type> tmbutils::vector<Type> dnorm(const tmbutils::vector<Type>&, const tmbutils::vector<Type>&, const tmbutils::vector<Type>&, int)'\n   23 | VECTORIZE4_ttti(dnorm)\n      |                 ^~~~~\nC:/Users/spi085/AppData/Local/Programs/R/R-4.4.1/library/TMB/include/Vectorize.hpp:38:14: note: in definition of macro 'GVECTORIZE'\n   38 | vector<Type> FUN( declare##Type1(arg1) comma##Type2                     \\\n      |              ^~~\nC:/Users/spi085/AppData/Local/Programs/R/R-4.4.1/library/TMB/include/dnorm.hpp:23:1: note: in expansion of macro 'VECTORIZE4_ttti'\n   23 | VECTORIZE4_ttti(dnorm)\n      | ^~~~~~~~~~~~~~~\nC:/Users/spi085/AppData/Local/Programs/R/R-4.4.1/library/TMB/include/dnorm.hpp:23:17: note:   template argument deduction/substitution failed:\n   23 | VECTORIZE4_ttti(dnorm)\n      |                 ^~~~~\nC:/Users/spi085/AppData/Local/Programs/R/R-4.4.1/library/TMB/include/Vectorize.hpp:38:14: note: in definition of macro 'GVECTORIZE'\n   38 | vector<Type> FUN( declare##Type1(arg1) comma##Type2                     \\\n      |              ^~~\nC:/Users/spi085/AppData/Local/Programs/R/R-4.4.1/library/TMB/include/dnorm.hpp:23:1: note: in expansion of macro 'VECTORIZE4_ttti'\n   23 | VECTORIZE4_ttti(dnorm)\n      | ^~~~~~~~~~~~~~~\nPOPULATIONS//POPULATION_0014//INDIVIDUAL_30DSH827/model.cpp:171:17: note:   'CppAD::AD<double>' is not derived from 'const tmbutils::vector<Type>'\n  171 |     nll -= dnorm(log(slow_dat(t) + min_val), log(slow_pred(t) + min_val), 0.2, true);\n      |            ~~~~~^~~~~~~~~~~~~~~~~~~~~~~~~~~~~~~~~~~~~~~~~~~~~~~~~~~~~~~~~~~~~~~~~~~~\nPOPULATIONS//POPULATION_0014//INDIVIDUAL_30DSH827/model.cpp:172:17: error: no matching function for call to 'dnorm(CppAD::AD<double>, CppAD::AD<double>, double, bool)'\n  172 |     nll -= dnorm(log(fast_dat(t) + min_val), log(fast_pred(t) + min_val), 0.25, true);\n      |            ~~~~~^~~~~~~~~~~~~~~~~~~~~~~~~~~~~~~~~~~~~~~~~~~~~~~~~~~~~~~~~~~~~~~~~~~~~\nC:/Users/spi085/AppData/Local/Programs/R/R-4.4.1/library/TMB/include/dnorm.hpp:17:6: note: candidate: 'template<class Type> Type dnorm(Type, Type, Type, int)'\n   17 | Type dnorm(Type x, Type mean, Type sd, int give_log=0)\n      |      ^~~~~\nC:/Users/spi085/AppData/Local/Programs/R/R-4.4.1/library/TMB/include/dnorm.hpp:17:6: note:   template argument deduction/substitution failed:\nPOPULATIONS//POPULATION_0014//INDIVIDUAL_30DSH827/model.cpp:172:17: note:   deduced conflicting types for parameter 'Type' ('CppAD::AD<double>' and 'double')\n  172 |     nll -= dnorm(log(fast_dat(t) + min_val), log(fast_pred(t) + min_val), 0.25, true);\n      |            ~~~~~^~~~~~~~~~~~~~~~~~~~~~~~~~~~~~~~~~~~~~~~~~~~~~~~~~~~~~~~~~~~~~~~~~~~~\nC:/Users/spi085/AppData/Local/Programs/R/R-4.4.1/library/TMB/include/dnorm.hpp:23:17: note: candidate: 'template<class Type> tmbutils::vector<Type> dnorm(const tmbutils::vector<Type>&, Type, Type, int)'\n   23 | VECTORIZE4_ttti(dnorm)\n      |                 ^~~~~\nC:/Users/spi085/AppData/Local/Programs/R/R-4.4.1/library/TMB/include/Vectorize.hpp:38:14: note: in definition of macro 'GVECTORIZE'\n   38 | vector<Type> FUN( declare##Type1(arg1) comma##Type2                     \\\n      |              ^~~\nC:/Users/spi085/AppData/Local/Programs/R/R-4.4.1/library/TMB/include/dnorm.hpp:23:1: note: in expansion of macro 'VECTORIZE4_ttti'\n   23 | VECTORIZE4_ttti(dnorm)\n      | ^~~~~~~~~~~~~~~\nC:/Users/spi085/AppData/Local/Programs/R/R-4.4.1/library/TMB/include/dnorm.hpp:23:17: note:   template argument deduction/substitution failed:\n   23 | VECTORIZE4_ttti(dnorm)\n      |                 ^~~~~\nC:/Users/spi085/AppData/Local/Programs/R/R-4.4.1/library/TMB/include/Vectorize.hpp:38:14: note: in definition of macro 'GVECTORIZE'\n   38 | vector<Type> FUN( declare##Type1(arg1) comma##Type2                     \\\n      |              ^~~\nC:/Users/spi085/AppData/Local/Programs/R/R-4.4.1/library/TMB/include/dnorm.hpp:23:1: note: in expansion of macro 'VECTORIZE4_ttti'\n   23 | VECTORIZE4_ttti(dnorm)\n      | ^~~~~~~~~~~~~~~\nPOPULATIONS//POPULATION_0014//INDIVIDUAL_30DSH827/model.cpp:172:17: note:   'CppAD::AD<double>' is not derived from 'const tmbutils::vector<Type>'\n  172 |     nll -= dnorm(log(fast_dat(t) + min_val), log(fast_pred(t) + min_val), 0.25, true);\n      |            ~~~~~^~~~~~~~~~~~~~~~~~~~~~~~~~~~~~~~~~~~~~~~~~~~~~~~~~~~~~~~~~~~~~~~~~~~~\nC:/Users/spi085/AppData/Local/Programs/R/R-4.4.1/library/TMB/include/dnorm.hpp:23:17: note: candidate: 'template<class Type> tmbutils::vector<Type> dnorm(Type, const tmbutils::vector<Type>&, Type, int)'\n   23 | VECTORIZE4_ttti(dnorm)\n      |                 ^~~~~\nC:/Users/spi085/AppData/Local/Programs/R/R-4.4.1/library/TMB/include/Vectorize.hpp:38:14: note: in definition of macro 'GVECTORIZE'\n   38 | vector<Type> FUN( declare##Type1(arg1) comma##Type2                     \\\n      |              ^~~\nC:/Users/spi085/AppData/Local/Programs/R/R-4.4.1/library/TMB/include/dnorm.hpp:23:1: note: in expansion of macro 'VECTORIZE4_ttti'\n   23 | VECTORIZE4_ttti(dnorm)\n      | ^~~~~~~~~~~~~~~\nC:/Users/spi085/AppData/Local/Programs/R/R-4.4.1/library/TMB/include/dnorm.hpp:23:17: note:   template argument deduction/substitution failed:\n   23 | VECTORIZE4_ttti(dnorm)\n      |                 ^~~~~\nC:/Users/spi085/AppData/Local/Programs/R/R-4.4.1/library/TMB/include/Vectorize.hpp:38:14: note: in definition of macro 'GVECTORIZE'\n   38 | vector<Type> FUN( declare##Type1(arg1) comma##Type2                     \\\n      |              ^~~\nC:/Users/spi085/AppData/Local/Programs/R/R-4.4.1/library/TMB/include/dnorm.hpp:23:1: note: in expansion of macro 'VECTORIZE4_ttti'\n   23 | VECTORIZE4_ttti(dnorm)\n      | ^~~~~~~~~~~~~~~\nPOPULATIONS//POPULATION_0014//INDIVIDUAL_30DSH827/model.cpp:172:17: note:   'CppAD::AD<double>' is not derived from 'const tmbutils::vector<Type>'\n  172 |     nll -= dnorm(log(fast_dat(t) + min_val), log(fast_pred(t) + min_val), 0.25, true);\n      |            ~~~~~^~~~~~~~~~~~~~~~~~~~~~~~~~~~~~~~~~~~~~~~~~~~~~~~~~~~~~~~~~~~~~~~~~~~~\nC:/Users/spi085/AppData/Local/Programs/R/R-4.4.1/library/TMB/include/dnorm.hpp:23:17: note: candidate: 'template<class Type> tmbutils::vector<Type> dnorm(Type, Type, const tmbutils::vector<Type>&, int)'\n   23 | VECTORIZE4_ttti(dnorm)\n      |                 ^~~~~\nC:/Users/spi085/AppData/Local/Programs/R/R-4.4.1/library/TMB/include/Vectorize.hpp:38:14: note: in definition of macro 'GVECTORIZE'\n   38 | vector<Type> FUN( declare##Type1(arg1) comma##Type2                     \\\n      |              ^~~\nC:/Users/spi085/AppData/Local/Programs/R/R-4.4.1/library/TMB/include/dnorm.hpp:23:1: note: in expansion of macro 'VECTORIZE4_ttti'\n   23 | VECTORIZE4_ttti(dnorm)\n      | ^~~~~~~~~~~~~~~\nC:/Users/spi085/AppData/Local/Programs/R/R-4.4.1/library/TMB/include/dnorm.hpp:23:17: note:   template argument deduction/substitution failed:\n   23 | VECTORIZE4_ttti(dnorm)\n      |                 ^~~~~\nC:/Users/spi085/AppData/Local/Programs/R/R-4.4.1/library/TMB/include/Vectorize.hpp:38:14: note: in definition of macro 'GVECTORIZE'\n   38 | vector<Type> FUN( declare##Type1(arg1) comma##Type2                     \\\n      |              ^~~\nC:/Users/spi085/AppData/Local/Programs/R/R-4.4.1/library/TMB/include/dnorm.hpp:23:1: note: in expansion of macro 'VECTORIZE4_ttti'\n   23 | VECTORIZE4_ttti(dnorm)\n      | ^~~~~~~~~~~~~~~\nPOPULATIONS//POPULATION_0014//INDIVIDUAL_30DSH827/model.cpp:172:17: note:   mismatched types 'const tmbutils::vector<Type>' and 'double'\n  172 |     nll -= dnorm(log(fast_dat(t) + min_val), log(fast_pred(t) + min_val), 0.25, true);\n      |            ~~~~~^~~~~~~~~~~~~~~~~~~~~~~~~~~~~~~~~~~~~~~~~~~~~~~~~~~~~~~~~~~~~~~~~~~~~\nC:/Users/spi085/AppData/Local/Programs/R/R-4.4.1/library/TMB/include/dnorm.hpp:23:17: note: candidate: 'template<class Type> tmbutils::vector<Type> dnorm(const tmbutils::vector<Type>&, const tmbutils::vector<Type>&, Type, int)'\n   23 | VECTORIZE4_ttti(dnorm)\n      |                 ^~~~~\nC:/Users/spi085/AppData/Local/Programs/R/R-4.4.1/library/TMB/include/Vectorize.hpp:38:14: note: in definition of macro 'GVECTORIZE'\n   38 | vector<Type> FUN( declare##Type1(arg1) comma##Type2                     \\\n      |              ^~~\nC:/Users/spi085/AppData/Local/Programs/R/R-4.4.1/library/TMB/include/dnorm.hpp:23:1: note: in expansion of macro 'VECTORIZE4_ttti'\n   23 | VECTORIZE4_ttti(dnorm)\n      | ^~~~~~~~~~~~~~~\nC:/Users/spi085/AppData/Local/Programs/R/R-4.4.1/library/TMB/include/dnorm.hpp:23:17: note:   template argument deduction/substitution failed:\n   23 | VECTORIZE4_ttti(dnorm)\n      |                 ^~~~~\nC:/Users/spi085/AppData/Local/Programs/R/R-4.4.1/library/TMB/include/Vectorize.hpp:38:14: note: in definition of macro 'GVECTORIZE'\n   38 | vector<Type> FUN( declare##Type1(arg1) comma##Type2                     \\\n      |              ^~~\nC:/Users/spi085/AppData/Local/Programs/R/R-4.4.1/library/TMB/include/dnorm.hpp:23:1: note: in expansion of macro 'VECTORIZE4_ttti'\n   23 | VECTORIZE4_ttti(dnorm)\n      | ^~~~~~~~~~~~~~~\nPOPULATIONS//POPULATION_0014//INDIVIDUAL_30DSH827/model.cpp:172:17: note:   'CppAD::AD<double>' is not derived from 'const tmbutils::vector<Type>'\n  172 |     nll -= dnorm(log(fast_dat(t) + min_val), log(fast_pred(t) + min_val), 0.25, true);\n      |            ~~~~~^~~~~~~~~~~~~~~~~~~~~~~~~~~~~~~~~~~~~~~~~~~~~~~~~~~~~~~~~~~~~~~~~~~~~\nC:/Users/spi085/AppData/Local/Programs/R/R-4.4.1/library/TMB/include/dnorm.hpp:23:17: note: candidate: 'template<class Type> tmbutils::vector<Type> dnorm(Type, const tmbutils::vector<Type>&, const tmbutils::vector<Type>&, int)'\n   23 | VECTORIZE4_ttti(dnorm)\n      |                 ^~~~~\nC:/Users/spi085/AppData/Local/Programs/R/R-4.4.1/library/TMB/include/Vectorize.hpp:38:14: note: in definition of macro 'GVECTORIZE'\n   38 | vector<Type> FUN( declare##Type1(arg1) comma##Type2                     \\\n      |              ^~~\nC:/Users/spi085/AppData/Local/Programs/R/R-4.4.1/library/TMB/include/dnorm.hpp:23:1: note: in expansion of macro 'VECTORIZE4_ttti'\n   23 | VECTORIZE4_ttti(dnorm)\n      | ^~~~~~~~~~~~~~~\nC:/Users/spi085/AppData/Local/Programs/R/R-4.4.1/library/TMB/include/dnorm.hpp:23:17: note:   template argument deduction/substitution failed:\n   23 | VECTORIZE4_ttti(dnorm)\n      |                 ^~~~~\nC:/Users/spi085/AppData/Local/Programs/R/R-4.4.1/library/TMB/include/Vectorize.hpp:38:14: note: in definition of macro 'GVECTORIZE'\n   38 | vector<Type> FUN( declare##Type1(arg1) comma##Type2                     \\\n      |              ^~~\nC:/Users/spi085/AppData/Local/Programs/R/R-4.4.1/library/TMB/include/dnorm.hpp:23:1: note: in expansion of macro 'VECTORIZE4_ttti'\n   23 | VECTORIZE4_ttti(dnorm)\n      | ^~~~~~~~~~~~~~~\nPOPULATIONS//POPULATION_0014//INDIVIDUAL_30DSH827/model.cpp:172:17: note:   'CppAD::AD<double>' is not derived from 'const tmbutils::vector<Type>'\n  172 |     nll -= dnorm(log(fast_dat(t) + min_val), log(fast_pred(t) + min_val), 0.25, true);\n      |            ~~~~~^~~~~~~~~~~~~~~~~~~~~~~~~~~~~~~~~~~~~~~~~~~~~~~~~~~~~~~~~~~~~~~~~~~~~\nC:/Users/spi085/AppData/Local/Programs/R/R-4.4.1/library/TMB/include/dnorm.hpp:23:17: note: candidate: 'template<class Type> tmbutils::vector<Type> dnorm(const tmbutils::vector<Type>&, Type, const tmbutils::vector<Type>&, int)'\n   23 | VECTORIZE4_ttti(dnorm)\n      |                 ^~~~~\nC:/Users/spi085/AppData/Local/Programs/R/R-4.4.1/library/TMB/include/Vectorize.hpp:38:14: note: in definition of macro 'GVECTORIZE'\n   38 | vector<Type> FUN( declare##Type1(arg1) comma##Type2                     \\\n      |              ^~~\nC:/Users/spi085/AppData/Local/Programs/R/R-4.4.1/library/TMB/include/dnorm.hpp:23:1: note: in expansion of macro 'VECTORIZE4_ttti'\n   23 | VECTORIZE4_ttti(dnorm)\n      | ^~~~~~~~~~~~~~~\nC:/Users/spi085/AppData/Local/Programs/R/R-4.4.1/library/TMB/include/dnorm.hpp:23:17: note:   template argument deduction/substitution failed:\n   23 | VECTORIZE4_ttti(dnorm)\n      |                 ^~~~~\nC:/Users/spi085/AppData/Local/Programs/R/R-4.4.1/library/TMB/include/Vectorize.hpp:38:14: note: in definition of macro 'GVECTORIZE'\n   38 | vector<Type> FUN( declare##Type1(arg1) comma##Type2                     \\\n      |              ^~~\nC:/Users/spi085/AppData/Local/Programs/R/R-4.4.1/library/TMB/include/dnorm.hpp:23:1: note: in expansion of macro 'VECTORIZE4_ttti'\n   23 | VECTORIZE4_ttti(dnorm)\n      | ^~~~~~~~~~~~~~~\nPOPULATIONS//POPULATION_0014//INDIVIDUAL_30DSH827/model.cpp:172:17: note:   'CppAD::AD<double>' is not derived from 'const tmbutils::vector<Type>'\n  172 |     nll -= dnorm(log(fast_dat(t) + min_val), log(fast_pred(t) + min_val), 0.25, true);\n      |            ~~~~~^~~~~~~~~~~~~~~~~~~~~~~~~~~~~~~~~~~~~~~~~~~~~~~~~~~~~~~~~~~~~~~~~~~~~\nC:/Users/spi085/AppData/Local/Programs/R/R-4.4.1/library/TMB/include/dnorm.hpp:23:17: note: candidate: 'template<class Type> tmbutils::vector<Type> dnorm(const tmbutils::vector<Type>&, const tmbutils::vector<Type>&, const tmbutils::vector<Type>&, int)'\n   23 | VECTORIZE4_ttti(dnorm)\n      |                 ^~~~~\nC:/Users/spi085/AppData/Local/Programs/R/R-4.4.1/library/TMB/include/Vectorize.hpp:38:14: note: in definition of macro 'GVECTORIZE'\n   38 | vector<Type> FUN( declare##Type1(arg1) comma##Type2                     \\\n      |              ^~~\nC:/Users/spi085/AppData/Local/Programs/R/R-4.4.1/library/TMB/include/dnorm.hpp:23:1: note: in expansion of macro 'VECTORIZE4_ttti'\n   23 | VECTORIZE4_ttti(dnorm)\n      | ^~~~~~~~~~~~~~~\nC:/Users/spi085/AppData/Local/Programs/R/R-4.4.1/library/TMB/include/dnorm.hpp:23:17: note:   template argument deduction/substitution failed:\n   23 | VECTORIZE4_ttti(dnorm)\n      |                 ^~~~~\nC:/Users/spi085/AppData/Local/Programs/R/R-4.4.1/library/TMB/include/Vectorize.hpp:38:14: note: in definition of macro 'GVECTORIZE'\n   38 | vector<Type> FUN( declare##Type1(arg1) comma##Type2                     \\\n      |              ^~~\nC:/Users/spi085/AppData/Local/Programs/R/R-4.4.1/library/TMB/include/dnorm.hpp:23:1: note: in expansion of macro 'VECTORIZE4_ttti'\n   23 | VECTORIZE4_ttti(dnorm)\n      | ^~~~~~~~~~~~~~~\nPOPULATIONS//POPULATION_0014//INDIVIDUAL_30DSH827/model.cpp:172:17: note:   'CppAD::AD<double>' is not derived from 'const tmbutils::vector<Type>'\n  172 |     nll -= dnorm(log(fast_dat(t) + min_val), log(fast_pred(t) + min_val), 0.25, true);\n      |            ~~~~~^~~~~~~~~~~~~~~~~~~~~~~~~~~~~~~~~~~~~~~~~~~~~~~~~~~~~~~~~~~~~~~~~~~~~\nPOPULATIONS//POPULATION_0014//INDIVIDUAL_30DSH827/model.cpp: In instantiation of 'Type objective_function<Type>::operator()() [with Type = CppAD::AD<CppAD::AD<double> >]':\nC:/Users/spi085/AppData/Local/Programs/R/R-4.4.1/library/TMB/include/tmb_core.hpp:913:29:   required from 'Type objective_function<Type>::evalUserTemplate() [with Type = CppAD::AD<CppAD::AD<double> >]'\nC:/Users/spi085/AppData/Local/Programs/R/R-4.4.1/library/TMB/include/tmb_core.hpp:2112:26:   required from here\nPOPULATIONS//POPULATION_0014//INDIVIDUAL_30DSH827/model.cpp:69:15: error: no matching function for call to 'dnorm(CppAD::AD<CppAD::AD<double> >, CppAD::AD<CppAD::AD<double> >, double, bool)'\n   69 |   nll -= dnorm(log(cots_dat(0) + min_val), log(cots_pred(0) + min_val), 0.3, true);\n      |          ~~~~~^~~~~~~~~~~~~~~~~~~~~~~~~~~~~~~~~~~~~~~~~~~~~~~~~~~~~~~~~~~~~~~~~~~~\nC:/Users/spi085/AppData/Local/Programs/R/R-4.4.1/library/TMB/include/dnorm.hpp:17:6: note: candidate: 'template<class Type> Type dnorm(Type, Type, Type, int)'\n   17 | Type dnorm(Type x, Type mean, Type sd, int give_log=0)\n      |      ^~~~~\nC:/Users/spi085/AppData/Local/Programs/R/R-4.4.1/library/TMB/include/dnorm.hpp:17:6: note:   template argument deduction/substitution failed:\nPOPULATIONS//POPULATION_0014//INDIVIDUAL_30DSH827/model.cpp:69:15: note:   deduced conflicting types for parameter 'Type' ('CppAD::AD<CppAD::AD<double> >' and 'double')\n   69 |   nll -= dnorm(log(cots_dat(0) + min_val), log(cots_pred(0) + min_val), 0.3, true);\n      |          ~~~~~^~~~~~~~~~~~~~~~~~~~~~~~~~~~~~~~~~~~~~~~~~~~~~~~~~~~~~~~~~~~~~~~~~~~\nC:/Users/spi085/AppData/Local/Programs/R/R-4.4.1/library/TMB/include/dnorm.hpp:23:17: note: candidate: 'template<class Type> tmbutils::vector<Type> dnorm(const tmbutils::vector<Type>&, Type, Type, int)'\n   23 | VECTORIZE4_ttti(dnorm)\n      |                 ^~~~~\nC:/Users/spi085/AppData/Local/Programs/R/R-4.4.1/library/TMB/include/Vectorize.hpp:38:14: note: in definition of macro 'GVECTORIZE'\n   38 | vector<Type> FUN( declare##Type1(arg1) comma##Type2                     \\\n      |              ^~~\nC:/Users/spi085/AppData/Local/Programs/R/R-4.4.1/library/TMB/include/dnorm.hpp:23:1: note: in expansion of macro 'VECTORIZE4_ttti'\n   23 | VECTORIZE4_ttti(dnorm)\n      | ^~~~~~~~~~~~~~~\nC:/Users/spi085/AppData/Local/Programs/R/R-4.4.1/library/TMB/include/dnorm.hpp:23:17: note:   template argument deduction/substitution failed:\n   23 | VECTORIZE4_ttti(dnorm)\n      |                 ^~~~~\nC:/Users/spi085/AppData/Local/Programs/R/R-4.4.1/library/TMB/include/Vectorize.hpp:38:14: note: in definition of macro 'GVECTORIZE'\n   38 | vector<Type> FUN( declare##Type1(arg1) comma##Type2                     \\\n      |              ^~~\nC:/Users/spi085/AppData/Local/Programs/R/R-4.4.1/library/TMB/include/dnorm.hpp:23:1: note: in expansion of macro 'VECTORIZE4_ttti'\n   23 | VECTORIZE4_ttti(dnorm)\n      | ^~~~~~~~~~~~~~~\nPOPULATIONS//POPULATION_0014//INDIVIDUAL_30DSH827/model.cpp:69:15: note:   'CppAD::AD<CppAD::AD<double> >' is not derived from 'const tmbutils::vector<Type>'\n   69 |   nll -= dnorm(log(cots_dat(0) + min_val), log(cots_pred(0) + min_val), 0.3, true);\n      |          ~~~~~^~~~~~~~~~~~~~~~~~~~~~~~~~~~~~~~~~~~~~~~~~~~~~~~~~~~~~~~~~~~~~~~~~~~\nC:/Users/spi085/AppData/Local/Programs/R/R-4.4.1/library/TMB/include/dnorm.hpp:23:17: note: candidate: 'template<class Type> tmbutils::vector<Type> dnorm(Type, const tmbutils::vector<Type>&, Type, int)'\n   23 | VECTORIZE4_ttti(dnorm)\n      |                 ^~~~~\nC:/Users/spi085/AppData/Local/Programs/R/R-4.4.1/library/TMB/include/Vectorize.hpp:38:14: note: in definition of macro 'GVECTORIZE'\n   38 | vector<Type> FUN( declare##Type1(arg1) comma##Type2                     \\\n      |              ^~~\nC:/Users/spi085/AppData/Local/Programs/R/R-4.4.1/library/TMB/include/dnorm.hpp:23:1: note: in expansion of macro 'VECTORIZE4_ttti'\n   23 | VECTORIZE4_ttti(dnorm)\n      | ^~~~~~~~~~~~~~~\nC:/Users/spi085/AppData/Local/Programs/R/R-4.4.1/library/TMB/include/dnorm.hpp:23:17: note:   template argument deduction/substitution failed:\n   23 | VECTORIZE4_ttti(dnorm)\n      |                 ^~~~~\nC:/Users/spi085/AppData/Local/Programs/R/R-4.4.1/library/TMB/include/Vectorize.hpp:38:14: note: in definition of macro 'GVECTORIZE'\n   38 | vector<Type> FUN( declare##Type1(arg1) comma##Type2                     \\\n      |              ^~~\nC:/Users/spi085/AppData/Local/Programs/R/R-4.4.1/library/TMB/include/dnorm.hpp:23:1: note: in expansion of macro 'VECTORIZE4_ttti'\n   23 | VECTORIZE4_ttti(dnorm)\n      | ^~~~~~~~~~~~~~~\nPOPULATIONS//POPULATION_0014//INDIVIDUAL_30DSH827/model.cpp:69:15: note:   'CppAD::AD<CppAD::AD<double> >' is not derived from 'const tmbutils::vector<Type>'\n   69 |   nll -= dnorm(log(cots_dat(0) + min_val), log(cots_pred(0) + min_val), 0.3, true);\n      |          ~~~~~^~~~~~~~~~~~~~~~~~~~~~~~~~~~~~~~~~~~~~~~~~~~~~~~~~~~~~~~~~~~~~~~~~~~\nC:/Users/spi085/AppData/Local/Programs/R/R-4.4.1/library/TMB/include/dnorm.hpp:23:17: note: candidate: 'template<class Type> tmbutils::vector<Type> dnorm(Type, Type, const tmbutils::vector<Type>&, int)'\n   23 | VECTORIZE4_ttti(dnorm)\n      |                 ^~~~~\nC:/Users/spi085/AppData/Local/Programs/R/R-4.4.1/library/TMB/include/Vectorize.hpp:38:14: note: in definition of macro 'GVECTORIZE'\n   38 | vector<Type> FUN( declare##Type1(arg1) comma##Type2                     \\\n      |              ^~~\nC:/Users/spi085/AppData/Local/Programs/R/R-4.4.1/library/TMB/include/dnorm.hpp:23:1: note: in expansion of macro 'VECTORIZE4_ttti'\n   23 | VECTORIZE4_ttti(dnorm)\n      | ^~~~~~~~~~~~~~~\nC:/Users/spi085/AppData/Local/Programs/R/R-4.4.1/library/TMB/include/dnorm.hpp:23:17: note:   template argument deduction/substitution failed:\n   23 | VECTORIZE4_ttti(dnorm)\n      |                 ^~~~~\nC:/Users/spi085/AppData/Local/Programs/R/R-4.4.1/library/TMB/include/Vectorize.hpp:38:14: note: in definition of macro 'GVECTORIZE'\n   38 | vector<Type> FUN( declare##Type1(arg1) comma##Type2                     \\\n      |              ^~~\nC:/Users/spi085/AppData/Local/Programs/R/R-4.4.1/library/TMB/include/dnorm.hpp:23:1: note: in expansion of macro 'VECTORIZE4_ttti'\n   23 | VECTORIZE4_ttti(dnorm)\n      | ^~~~~~~~~~~~~~~\nPOPULATIONS//POPULATION_0014//INDIVIDUAL_30DSH827/model.cpp:69:15: note:   mismatched types 'const tmbutils::vector<Type>' and 'double'\n   69 |   nll -= dnorm(log(cots_dat(0) + min_val), log(cots_pred(0) + min_val), 0.3, true);\n      |          ~~~~~^~~~~~~~~~~~~~~~~~~~~~~~~~~~~~~~~~~~~~~~~~~~~~~~~~~~~~~~~~~~~~~~~~~~\nC:/Users/spi085/AppData/Local/Programs/R/R-4.4.1/library/TMB/include/dnorm.hpp:23:17: note: candidate: 'template<class Type> tmbutils::vector<Type> dnorm(const tmbutils::vector<Type>&, const tmbutils::vector<Type>&, Type, int)'\n   23 | VECTORIZE4_ttti(dnorm)\n      |                 ^~~~~\nC:/Users/spi085/AppData/Local/Programs/R/R-4.4.1/library/TMB/include/Vectorize.hpp:38:14: note: in definition of macro 'GVECTORIZE'\n   38 | vector<Type> FUN( declare##Type1(arg1) comma##Type2                     \\\n      |              ^~~\nC:/Users/spi085/AppData/Local/Programs/R/R-4.4.1/library/TMB/include/dnorm.hpp:23:1: note: in expansion of macro 'VECTORIZE4_ttti'\n   23 | VECTORIZE4_ttti(dnorm)\n      | ^~~~~~~~~~~~~~~\nC:/Users/spi085/AppData/Local/Programs/R/R-4.4.1/library/TMB/include/dnorm.hpp:23:17: note:   template argument deduction/substitution failed:\n   23 | VECTORIZE4_ttti(dnorm)\n      |                 ^~~~~\nC:/Users/spi085/AppData/Local/Programs/R/R-4.4.1/library/TMB/include/Vectorize.hpp:38:14: note: in definition of macro 'GVECTORIZE'\n   38 | vector<Type> FUN( declare##Type1(arg1) comma##Type2                     \\\n      |              ^~~\nC:/Users/spi085/AppData/Local/Programs/R/R-4.4.1/library/TMB/include/dnorm.hpp:23:1: note: in expansion of macro 'VECTORIZE4_ttti'\n   23 | VECTORIZE4_ttti(dnorm)\n      | ^~~~~~~~~~~~~~~\nPOPULATIONS//POPULATION_0014//INDIVIDUAL_30DSH827/model.cpp:69:15: note:   'CppAD::AD<CppAD::AD<double> >' is not derived from 'const tmbutils::vector<Type>'\n   69 |   nll -= dnorm(log(cots_dat(0) + min_val), log(cots_pred(0) + min_val), 0.3, true);\n      |          ~~~~~^~~~~~~~~~~~~~~~~~~~~~~~~~~~~~~~~~~~~~~~~~~~~~~~~~~~~~~~~~~~~~~~~~~~\nC:/Users/spi085/AppData/Local/Programs/R/R-4.4.1/library/TMB/include/dnorm.hpp:23:17: note: candidate: 'template<class Type> tmbutils::vector<Type> dnorm(Type, const tmbutils::vector<Type>&, const tmbutils::vector<Type>&, int)'\n   23 | VECTORIZE4_ttti(dnorm)\n      |                 ^~~~~\nC:/Users/spi085/AppData/Local/Programs/R/R-4.4.1/library/TMB/include/Vectorize.hpp:38:14: note: in definition of macro 'GVECTORIZE'\n   38 | vector<Type> FUN( declare##Type1(arg1) comma##Type2                     \\\n      |              ^~~\nC:/Users/spi085/AppData/Local/Programs/R/R-4.4.1/library/TMB/include/dnorm.hpp:23:1: note: in expansion of macro 'VECTORIZE4_ttti'\n   23 | VECTORIZE4_ttti(dnorm)\n      | ^~~~~~~~~~~~~~~\nC:/Users/spi085/AppData/Local/Programs/R/R-4.4.1/library/TMB/include/dnorm.hpp:23:17: note:   template argument deduction/substitution failed:\n   23 | VECTORIZE4_ttti(dnorm)\n      |                 ^~~~~\nC:/Users/spi085/AppData/Local/Programs/R/R-4.4.1/library/TMB/include/Vectorize.hpp:38:14: note: in definition of macro 'GVECTORIZE'\n   38 | vector<Type> FUN( declare##Type1(arg1) comma##Type2                     \\\n      |              ^~~\nC:/Users/spi085/AppData/Local/Programs/R/R-4.4.1/library/TMB/include/dnorm.hpp:23:1: note: in expansion of macro 'VECTORIZE4_ttti'\n   23 | VECTORIZE4_ttti(dnorm)\n      | ^~~~~~~~~~~~~~~\nPOPULATIONS//POPULATION_0014//INDIVIDUAL_30DSH827/model.cpp:69:15: note:   'CppAD::AD<CppAD::AD<double> >' is not derived from 'const tmbutils::vector<Type>'\n   69 |   nll -= dnorm(log(cots_dat(0) + min_val), log(cots_pred(0) + min_val), 0.3, true);\n      |          ~~~~~^~~~~~~~~~~~~~~~~~~~~~~~~~~~~~~~~~~~~~~~~~~~~~~~~~~~~~~~~~~~~~~~~~~~\nC:/Users/spi085/AppData/Local/Programs/R/R-4.4.1/library/TMB/include/dnorm.hpp:23:17: note: candidate: 'template<class Type> tmbutils::vector<Type> dnorm(const tmbutils::vector<Type>&, Type, const tmbutils::vector<Type>&, int)'\n   23 | VECTORIZE4_ttti(dnorm)\n      |                 ^~~~~\nC:/Users/spi085/AppData/Local/Programs/R/R-4.4.1/library/TMB/include/Vectorize.hpp:38:14: note: in definition of macro 'GVECTORIZE'\n   38 | vector<Type> FUN( declare##Type1(arg1) comma##Type2                     \\\n      |              ^~~\nC:/Users/spi085/AppData/Local/Programs/R/R-4.4.1/library/TMB/include/dnorm.hpp:23:1: note: in expansion of macro 'VECTORIZE4_ttti'\n   23 | VECTORIZE4_ttti(dnorm)\n      | ^~~~~~~~~~~~~~~\nC:/Users/spi085/AppData/Local/Programs/R/R-4.4.1/library/TMB/include/dnorm.hpp:23:17: note:   template argument deduction/substitution failed:\n   23 | VECTORIZE4_ttti(dnorm)\n      |                 ^~~~~\nC:/Users/spi085/AppData/Local/Programs/R/R-4.4.1/library/TMB/include/Vectorize.hpp:38:14: note: in definition of macro 'GVECTORIZE'\n   38 | vector<Type> FUN( declare##Type1(arg1) comma##Type2                     \\\n      |              ^~~\nC:/Users/spi085/AppData/Local/Programs/R/R-4.4.1/library/TMB/include/dnorm.hpp:23:1: note: in expansion of macro 'VECTORIZE4_ttti'\n   23 | VECTORIZE4_ttti(dnorm)\n      | ^~~~~~~~~~~~~~~\nPOPULATIONS//POPULATION_0014//INDIVIDUAL_30DSH827/model.cpp:69:15: note:   'CppAD::AD<CppAD::AD<double> >' is not derived from 'const tmbutils::vector<Type>'\n   69 |   nll -= dnorm(log(cots_dat(0) + min_val), log(cots_pred(0) + min_val), 0.3, true);\n      |          ~~~~~^~~~~~~~~~~~~~~~~~~~~~~~~~~~~~~~~~~~~~~~~~~~~~~~~~~~~~~~~~~~~~~~~~~~\nC:/Users/spi085/AppData/Local/Programs/R/R-4.4.1/library/TMB/include/dnorm.hpp:23:17: note: candidate: 'template<class Type> tmbutils::vector<Type> dnorm(const tmbutils::vector<Type>&, const tmbutils::vector<Type>&, const tmbutils::vector<Type>&, int)'\n   23 | VECTORIZE4_ttti(dnorm)\n      |                 ^~~~~\nC:/Users/spi085/AppData/Local/Programs/R/R-4.4.1/library/TMB/include/Vectorize.hpp:38:14: note: in definition of macro 'GVECTORIZE'\n   38 | vector<Type> FUN( declare##Type1(arg1) comma##Type2                     \\\n      |              ^~~\nC:/Users/spi085/AppData/Local/Programs/R/R-4.4.1/library/TMB/include/dnorm.hpp:23:1: note: in expansion of macro 'VECTORIZE4_ttti'\n   23 | VECTORIZE4_ttti(dnorm)\n      | ^~~~~~~~~~~~~~~\nC:/Users/spi085/AppData/Local/Programs/R/R-4.4.1/library/TMB/include/dnorm.hpp:23:17: note:   template argument deduction/substitution failed:\n   23 | VECTORIZE4_ttti(dnorm)\n      |                 ^~~~~\nC:/Users/spi085/AppData/Local/Programs/R/R-4.4.1/library/TMB/include/Vectorize.hpp:38:14: note: in definition of macro 'GVECTORIZE'\n   38 | vector<Type> FUN( declare##Type1(arg1) comma##Type2                     \\\n      |              ^~~\nC:/Users/spi085/AppData/Local/Programs/R/R-4.4.1/library/TMB/include/dnorm.hpp:23:1: note: in expansion of macro 'VECTORIZE4_ttti'\n   23 | VECTORIZE4_ttti(dnorm)\n      | ^~~~~~~~~~~~~~~\nPOPULATIONS//POPULATION_0014//INDIVIDUAL_30DSH827/model.cpp:69:15: note:   'CppAD::AD<CppAD::AD<double> >' is not derived from 'const tmbutils::vector<Type>'\n   69 |   nll -= dnorm(log(cots_dat(0) + min_val), log(cots_pred(0) + min_val), 0.3, true);\n      |          ~~~~~^~~~~~~~~~~~~~~~~~~~~~~~~~~~~~~~~~~~~~~~~~~~~~~~~~~~~~~~~~~~~~~~~~~~\nPOPULATIONS//POPULATION_0014//INDIVIDUAL_30DSH827/model.cpp:70:15: error: no matching function for call to 'dnorm(CppAD::AD<CppAD::AD<double> >, CppAD::AD<CppAD::AD<double> >, double, bool)'\n   70 |   nll -= dnorm(log(slow_dat(0) + min_val), log(slow_pred(0) + min_val), 0.2, true);\n      |          ~~~~~^~~~~~~~~~~~~~~~~~~~~~~~~~~~~~~~~~~~~~~~~~~~~~~~~~~~~~~~~~~~~~~~~~~~\nC:/Users/spi085/AppData/Local/Programs/R/R-4.4.1/library/TMB/include/dnorm.hpp:17:6: note: candidate: 'template<class Type> Type dnorm(Type, Type, Type, int)'\n   17 | Type dnorm(Type x, Type mean, Type sd, int give_log=0)\n      |      ^~~~~\nC:/Users/spi085/AppData/Local/Programs/R/R-4.4.1/library/TMB/include/dnorm.hpp:17:6: note:   template argument deduction/substitution failed:\nPOPULATIONS//POPULATION_0014//INDIVIDUAL_30DSH827/model.cpp:70:15: note:   deduced conflicting types for parameter 'Type' ('CppAD::AD<CppAD::AD<double> >' and 'double')\n   70 |   nll -= dnorm(log(slow_dat(0) + min_val), log(slow_pred(0) + min_val), 0.2, true);\n      |          ~~~~~^~~~~~~~~~~~~~~~~~~~~~~~~~~~~~~~~~~~~~~~~~~~~~~~~~~~~~~~~~~~~~~~~~~~\nC:/Users/spi085/AppData/Local/Programs/R/R-4.4.1/library/TMB/include/dnorm.hpp:23:17: note: candidate: 'template<class Type> tmbutils::vector<Type> dnorm(const tmbutils::vector<Type>&, Type, Type, int)'\n   23 | VECTORIZE4_ttti(dnorm)\n      |                 ^~~~~\nC:/Users/spi085/AppData/Local/Programs/R/R-4.4.1/library/TMB/include/Vectorize.hpp:38:14: note: in definition of macro 'GVECTORIZE'\n   38 | vector<Type> FUN( declare##Type1(arg1) comma##Type2                     \\\n      |              ^~~\nC:/Users/spi085/AppData/Local/Programs/R/R-4.4.1/library/TMB/include/dnorm.hpp:23:1: note: in expansion of macro 'VECTORIZE4_ttti'\n   23 | VECTORIZE4_ttti(dnorm)\n      | ^~~~~~~~~~~~~~~\nC:/Users/spi085/AppData/Local/Programs/R/R-4.4.1/library/TMB/include/dnorm.hpp:23:17: note:   template argument deduction/substitution failed:\n   23 | VECTORIZE4_ttti(dnorm)\n      |                 ^~~~~\nC:/Users/spi085/AppData/Local/Programs/R/R-4.4.1/library/TMB/include/Vectorize.hpp:38:14: note: in definition of macro 'GVECTORIZE'\n   38 | vector<Type> FUN( declare##Type1(arg1) comma##Type2                     \\\n      |              ^~~\nC:/Users/spi085/AppData/Local/Programs/R/R-4.4.1/library/TMB/include/dnorm.hpp:23:1: note: in expansion of macro 'VECTORIZE4_ttti'\n   23 | VECTORIZE4_ttti(dnorm)\n      | ^~~~~~~~~~~~~~~\nPOPULATIONS//POPULATION_0014//INDIVIDUAL_30DSH827/model.cpp:70:15: note:   'CppAD::AD<CppAD::AD<double> >' is not derived from 'const tmbutils::vector<Type>'\n   70 |   nll -= dnorm(log(slow_dat(0) + min_val), log(slow_pred(0) + min_val), 0.2, true);\n      |          ~~~~~^~~~~~~~~~~~~~~~~~~~~~~~~~~~~~~~~~~~~~~~~~~~~~~~~~~~~~~~~~~~~~~~~~~~\nC:/Users/spi085/AppData/Local/Programs/R/R-4.4.1/library/TMB/include/dnorm.hpp:23:17: note: candidate: 'template<class Type> tmbutils::vector<Type> dnorm(Type, const tmbutils::vector<Type>&, Type, int)'\n   23 | VECTORIZE4_ttti(dnorm)\n      |                 ^~~~~\nC:/Users/spi085/AppData/Local/Programs/R/R-4.4.1/library/TMB/include/Vectorize.hpp:38:14: note: in definition of macro 'GVECTORIZE'\n   38 | vector<Type> FUN( declare##Type1(arg1) comma##Type2                     \\\n      |              ^~~\nC:/Users/spi085/AppData/Local/Programs/R/R-4.4.1/library/TMB/include/dnorm.hpp:23:1: note: in expansion of macro 'VECTORIZE4_ttti'\n   23 | VECTORIZE4_ttti(dnorm)\n      | ^~~~~~~~~~~~~~~\nC:/Users/spi085/AppData/Local/Programs/R/R-4.4.1/library/TMB/include/dnorm.hpp:23:17: note:   template argument deduction/substitution failed:\n   23 | VECTORIZE4_ttti(dnorm)\n      |                 ^~~~~\nC:/Users/spi085/AppData/Local/Programs/R/R-4.4.1/library/TMB/include/Vectorize.hpp:38:14: note: in definition of macro 'GVECTORIZE'\n   38 | vector<Type> FUN( declare##Type1(arg1) comma##Type2                     \\\n      |              ^~~\nC:/Users/spi085/AppData/Local/Programs/R/R-4.4.1/library/TMB/include/dnorm.hpp:23:1: note: in expansion of macro 'VECTORIZE4_ttti'\n   23 | VECTORIZE4_ttti(dnorm)\n      | ^~~~~~~~~~~~~~~\nPOPULATIONS//POPULATION_0014//INDIVIDUAL_30DSH827/model.cpp:70:15: note:   'CppAD::AD<CppAD::AD<double> >' is not derived from 'const tmbutils::vector<Type>'\n   70 |   nll -= dnorm(log(slow_dat(0) + min_val), log(slow_pred(0) + min_val), 0.2, true);\n      |          ~~~~~^~~~~~~~~~~~~~~~~~~~~~~~~~~~~~~~~~~~~~~~~~~~~~~~~~~~~~~~~~~~~~~~~~~~\nC:/Users/spi085/AppData/Local/Programs/R/R-4.4.1/library/TMB/include/dnorm.hpp:23:17: note: candidate: 'template<class Type> tmbutils::vector<Type> dnorm(Type, Type, const tmbutils::vector<Type>&, int)'\n   23 | VECTORIZE4_ttti(dnorm)\n      |                 ^~~~~\nC:/Users/spi085/AppData/Local/Programs/R/R-4.4.1/library/TMB/include/Vectorize.hpp:38:14: note: in definition of macro 'GVECTORIZE'\n   38 | vector<Type> FUN( declare##Type1(arg1) comma##Type2                     \\\n      |              ^~~\nC:/Users/spi085/AppData/Local/Programs/R/R-4.4.1/library/TMB/include/dnorm.hpp:23:1: note: in expansion of macro 'VECTORIZE4_ttti'\n   23 | VECTORIZE4_ttti(dnorm)\n      | ^~~~~~~~~~~~~~~\nC:/Users/spi085/AppData/Local/Programs/R/R-4.4.1/library/TMB/include/dnorm.hpp:23:17: note:   template argument deduction/substitution failed:\n   23 | VECTORIZE4_ttti(dnorm)\n      |                 ^~~~~\nC:/Users/spi085/AppData/Local/Programs/R/R-4.4.1/library/TMB/include/Vectorize.hpp:38:14: note: in definition of macro 'GVECTORIZE'\n   38 | vector<Type> FUN( declare##Type1(arg1) comma##Type2                     \\\n      |              ^~~\nC:/Users/spi085/AppData/Local/Programs/R/R-4.4.1/library/TMB/include/dnorm.hpp:23:1: note: in expansion of macro 'VECTORIZE4_ttti'\n   23 | VECTORIZE4_ttti(dnorm)\n      | ^~~~~~~~~~~~~~~\nPOPULATIONS//POPULATION_0014//INDIVIDUAL_30DSH827/model.cpp:70:15: note:   mismatched types 'const tmbutils::vector<Type>' and 'double'\n   70 |   nll -= dnorm(log(slow_dat(0) + min_val), log(slow_pred(0) + min_val), 0.2, true);\n      |          ~~~~~^~~~~~~~~~~~~~~~~~~~~~~~~~~~~~~~~~~~~~~~~~~~~~~~~~~~~~~~~~~~~~~~~~~~\nC:/Users/spi085/AppData/Local/Programs/R/R-4.4.1/library/TMB/include/dnorm.hpp:23:17: note: candidate: 'template<class Type> tmbutils::vector<Type> dnorm(const tmbutils::vector<Type>&, const tmbutils::vector<Type>&, Type, int)'\n   23 | VECTORIZE4_ttti(dnorm)\n      |                 ^~~~~\nC:/Users/spi085/AppData/Local/Programs/R/R-4.4.1/library/TMB/include/Vectorize.hpp:38:14: note: in definition of macro 'GVECTORIZE'\n   38 | vector<Type> FUN( declare##Type1(arg1) comma##Type2                     \\\n      |              ^~~\nC:/Users/spi085/AppData/Local/Programs/R/R-4.4.1/library/TMB/include/dnorm.hpp:23:1: note: in expansion of macro 'VECTORIZE4_ttti'\n   23 | VECTORIZE4_ttti(dnorm)\n      | ^~~~~~~~~~~~~~~\nC:/Users/spi085/AppData/Local/Programs/R/R-4.4.1/library/TMB/include/dnorm.hpp:23:17: note:   template argument deduction/substitution failed:\n   23 | VECTORIZE4_ttti(dnorm)\n      |                 ^~~~~\nC:/Users/spi085/AppData/Local/Programs/R/R-4.4.1/library/TMB/include/Vectorize.hpp:38:14: note: in definition of macro 'GVECTORIZE'\n   38 | vector<Type> FUN( declare##Type1(arg1) comma##Type2                     \\\n      |              ^~~\nC:/Users/spi085/AppData/Local/Programs/R/R-4.4.1/library/TMB/include/dnorm.hpp:23:1: note: in expansion of macro 'VECTORIZE4_ttti'\n   23 | VECTORIZE4_ttti(dnorm)\n      | ^~~~~~~~~~~~~~~\nPOPULATIONS//POPULATION_0014//INDIVIDUAL_30DSH827/model.cpp:70:15: note:   'CppAD::AD<CppAD::AD<double> >' is not derived from 'const tmbutils::vector<Type>'\n   70 |   nll -= dnorm(log(slow_dat(0) + min_val), log(slow_pred(0) + min_val), 0.2, true);\n      |          ~~~~~^~~~~~~~~~~~~~~~~~~~~~~~~~~~~~~~~~~~~~~~~~~~~~~~~~~~~~~~~~~~~~~~~~~~\nC:/Users/spi085/AppData/Local/Programs/R/R-4.4.1/library/TMB/include/dnorm.hpp:23:17: note: candidate: 'template<class Type> tmbutils::vector<Type> dnorm(Type, const tmbutils::vector<Type>&, const tmbutils::vector<Type>&, int)'\n   23 | VECTORIZE4_ttti(dnorm)\n      |                 ^~~~~\nC:/Users/spi085/AppData/Local/Programs/R/R-4.4.1/library/TMB/include/Vectorize.hpp:38:14: note: in definition of macro 'GVECTORIZE'\n   38 | vector<Type> FUN( declare##Type1(arg1) comma##Type2                     \\\n      |              ^~~\nC:/Users/spi085/AppData/Local/Programs/R/R-4.4.1/library/TMB/include/dnorm.hpp:23:1: note: in expansion of macro 'VECTORIZE4_ttti'\n   23 | VECTORIZE4_ttti(dnorm)\n      | ^~~~~~~~~~~~~~~\nC:/Users/spi085/AppData/Local/Programs/R/R-4.4.1/library/TMB/include/dnorm.hpp:23:17: note:   template argument deduction/substitution failed:\n   23 | VECTORIZE4_ttti(dnorm)\n      |                 ^~~~~\nC:/Users/spi085/AppData/Local/Programs/R/R-4.4.1/library/TMB/include/Vectorize.hpp:38:14: note: in definition of macro 'GVECTORIZE'\n   38 | vector<Type> FUN( declare##Type1(arg1) comma##Type2                     \\\n      |              ^~~\nC:/Users/spi085/AppData/Local/Programs/R/R-4.4.1/library/TMB/include/dnorm.hpp:23:1: note: in expansion of macro 'VECTORIZE4_ttti'\n   23 | VECTORIZE4_ttti(dnorm)\n      | ^~~~~~~~~~~~~~~\nPOPULATIONS//POPULATION_0014//INDIVIDUAL_30DSH827/model.cpp:70:15: note:   'CppAD::AD<CppAD::AD<double> >' is not derived from 'const tmbutils::vector<Type>'\n   70 |   nll -= dnorm(log(slow_dat(0) + min_val), log(slow_pred(0) + min_val), 0.2, true);\n      |          ~~~~~^~~~~~~~~~~~~~~~~~~~~~~~~~~~~~~~~~~~~~~~~~~~~~~~~~~~~~~~~~~~~~~~~~~~\nC:/Users/spi085/AppData/Local/Programs/R/R-4.4.1/library/TMB/include/dnorm.hpp:23:17: note: candidate: 'template<class Type> tmbutils::vector<Type> dnorm(const tmbutils::vector<Type>&, Type, const tmbutils::vector<Type>&, int)'\n   23 | VECTORIZE4_ttti(dnorm)\n      |                 ^~~~~\nC:/Users/spi085/AppData/Local/Programs/R/R-4.4.1/library/TMB/include/Vectorize.hpp:38:14: note: in definition of macro 'GVECTORIZE'\n   38 | vector<Type> FUN( declare##Type1(arg1) comma##Type2                     \\\n      |              ^~~\nC:/Users/spi085/AppData/Local/Programs/R/R-4.4.1/library/TMB/include/dnorm.hpp:23:1: note: in expansion of macro 'VECTORIZE4_ttti'\n   23 | VECTORIZE4_ttti(dnorm)\n      | ^~~~~~~~~~~~~~~\nC:/Users/spi085/AppData/Local/Programs/R/R-4.4.1/library/TMB/include/dnorm.hpp:23:17: note:   template argument deduction/substitution failed:\n   23 | VECTORIZE4_ttti(dnorm)\n      |                 ^~~~~\nC:/Users/spi085/AppData/Local/Programs/R/R-4.4.1/library/TMB/include/Vectorize.hpp:38:14: note: in definition of macro 'GVECTORIZE'\n   38 | vector<Type> FUN( declare##Type1(arg1) comma##Type2                     \\\n      |              ^~~\nC:/Users/spi085/AppData/Local/Programs/R/R-4.4.1/library/TMB/include/dnorm.hpp:23:1: note: in expansion of macro 'VECTORIZE4_ttti'\n   23 | VECTORIZE4_ttti(dnorm)\n      | ^~~~~~~~~~~~~~~\nPOPULATIONS//POPULATION_0014//INDIVIDUAL_30DSH827/model.cpp:70:15: note:   'CppAD::AD<CppAD::AD<double> >' is not derived from 'const tmbutils::vector<Type>'\n   70 |   nll -= dnorm(log(slow_dat(0) + min_val), log(slow_pred(0) + min_val), 0.2, true);\n      |          ~~~~~^~~~~~~~~~~~~~~~~~~~~~~~~~~~~~~~~~~~~~~~~~~~~~~~~~~~~~~~~~~~~~~~~~~~\nC:/Users/spi085/AppData/Local/Programs/R/R-4.4.1/library/TMB/include/dnorm.hpp:23:17: note: candidate: 'template<class Type> tmbutils::vector<Type> dnorm(const tmbutils::vector<Type>&, const tmbutils::vector<Type>&, const tmbutils::vector<Type>&, int)'\n   23 | VECTORIZE4_ttti(dnorm)\n      |                 ^~~~~\nC:/Users/spi085/AppData/Local/Programs/R/R-4.4.1/library/TMB/include/Vectorize.hpp:38:14: note: in definition of macro 'GVECTORIZE'\n   38 | vector<Type> FUN( declare##Type1(arg1) comma##Type2                     \\\n      |              ^~~\nC:/Users/spi085/AppData/Local/Programs/R/R-4.4.1/library/TMB/include/dnorm.hpp:23:1: note: in expansion of macro 'VECTORIZE4_ttti'\n   23 | VECTORIZE4_ttti(dnorm)\n      | ^~~~~~~~~~~~~~~\nC:/Users/spi085/AppData/Local/Programs/R/R-4.4.1/library/TMB/include/dnorm.hpp:23:17: note:   template argument deduction/substitution failed:\n   23 | VECTORIZE4_ttti(dnorm)\n      |                 ^~~~~\nC:/Users/spi085/AppData/Local/Programs/R/R-4.4.1/library/TMB/include/Vectorize.hpp:38:14: note: in definition of macro 'GVECTORIZE'\n   38 | vector<Type> FUN( declare##Type1(arg1) comma##Type2                     \\\n      |              ^~~\nC:/Users/spi085/AppData/Local/Programs/R/R-4.4.1/library/TMB/include/dnorm.hpp:23:1: note: in expansion of macro 'VECTORIZE4_ttti'\n   23 | VECTORIZE4_ttti(dnorm)\n      | ^~~~~~~~~~~~~~~\nPOPULATIONS//POPULATION_0014//INDIVIDUAL_30DSH827/model.cpp:70:15: note:   'CppAD::AD<CppAD::AD<double> >' is not derived from 'const tmbutils::vector<Type>'\n   70 |   nll -= dnorm(log(slow_dat(0) + min_val), log(slow_pred(0) + min_val), 0.2, true);\n      |          ~~~~~^~~~~~~~~~~~~~~~~~~~~~~~~~~~~~~~~~~~~~~~~~~~~~~~~~~~~~~~~~~~~~~~~~~~\nPOPULATIONS//POPULATION_0014//INDIVIDUAL_30DSH827/model.cpp:71:15: error: no matching function for call to 'dnorm(CppAD::AD<CppAD::AD<double> >, CppAD::AD<CppAD::AD<double> >, double, bool)'\n   71 |   nll -= dnorm(log(fast_dat(0) + min_val), log(fast_pred(0) + min_val), 0.25, true);\n      |          ~~~~~^~~~~~~~~~~~~~~~~~~~~~~~~~~~~~~~~~~~~~~~~~~~~~~~~~~~~~~~~~~~~~~~~~~~~\nC:/Users/spi085/AppData/Local/Programs/R/R-4.4.1/library/TMB/include/dnorm.hpp:17:6: note: candidate: 'template<class Type> Type dnorm(Type, Type, Type, int)'\n   17 | Type dnorm(Type x, Type mean, Type sd, int give_log=0)\n      |      ^~~~~\nC:/Users/spi085/AppData/Local/Programs/R/R-4.4.1/library/TMB/include/dnorm.hpp:17:6: note:   template argument deduction/substitution failed:\nPOPULATIONS//POPULATION_0014//INDIVIDUAL_30DSH827/model.cpp:71:15: note:   deduced conflicting types for parameter 'Type' ('CppAD::AD<CppAD::AD<double> >' and 'double')\n   71 |   nll -= dnorm(log(fast_dat(0) + min_val), log(fast_pred(0) + min_val), 0.25, true);\n      |          ~~~~~^~~~~~~~~~~~~~~~~~~~~~~~~~~~~~~~~~~~~~~~~~~~~~~~~~~~~~~~~~~~~~~~~~~~~\nC:/Users/spi085/AppData/Local/Programs/R/R-4.4.1/library/TMB/include/dnorm.hpp:23:17: note: candidate: 'template<class Type> tmbutils::vector<Type> dnorm(const tmbutils::vector<Type>&, Type, Type, int)'\n   23 | VECTORIZE4_ttti(dnorm)\n      |                 ^~~~~\nC:/Users/spi085/AppData/Local/Programs/R/R-4.4.1/library/TMB/include/Vectorize.hpp:38:14: note: in definition of macro 'GVECTORIZE'\n   38 | vector<Type> FUN( declare##Type1(arg1) comma##Type2                     \\\n      |              ^~~\nC:/Users/spi085/AppData/Local/Programs/R/R-4.4.1/library/TMB/include/dnorm.hpp:23:1: note: in expansion of macro 'VECTORIZE4_ttti'\n   23 | VECTORIZE4_ttti(dnorm)\n      | ^~~~~~~~~~~~~~~\nC:/Users/spi085/AppData/Local/Programs/R/R-4.4.1/library/TMB/include/dnorm.hpp:23:17: note:   template argument deduction/substitution failed:\n   23 | VECTORIZE4_ttti(dnorm)\n      |                 ^~~~~\nC:/Users/spi085/AppData/Local/Programs/R/R-4.4.1/library/TMB/include/Vectorize.hpp:38:14: note: in definition of macro 'GVECTORIZE'\n   38 | vector<Type> FUN( declare##Type1(arg1) comma##Type2                     \\\n      |              ^~~\nC:/Users/spi085/AppData/Local/Programs/R/R-4.4.1/library/TMB/include/dnorm.hpp:23:1: note: in expansion of macro 'VECTORIZE4_ttti'\n   23 | VECTORIZE4_ttti(dnorm)\n      | ^~~~~~~~~~~~~~~\nPOPULATIONS//POPULATION_0014//INDIVIDUAL_30DSH827/model.cpp:71:15: note:   'CppAD::AD<CppAD::AD<double> >' is not derived from 'const tmbutils::vector<Type>'\n   71 |   nll -= dnorm(log(fast_dat(0) + min_val), log(fast_pred(0) + min_val), 0.25, true);\n      |          ~~~~~^~~~~~~~~~~~~~~~~~~~~~~~~~~~~~~~~~~~~~~~~~~~~~~~~~~~~~~~~~~~~~~~~~~~~\nC:/Users/spi085/AppData/Local/Programs/R/R-4.4.1/library/TMB/include/dnorm.hpp:23:17: note: candidate: 'template<class Type> tmbutils::vector<Type> dnorm(Type, const tmbutils::vector<Type>&, Type, int)'\n   23 | VECTORIZE4_ttti(dnorm)\n      |                 ^~~~~\nC:/Users/spi085/AppData/Local/Programs/R/R-4.4.1/library/TMB/include/Vectorize.hpp:38:14: note: in definition of macro 'GVECTORIZE'\n   38 | vector<Type> FUN( declare##Type1(arg1) comma##Type2                     \\\n      |              ^~~\nC:/Users/spi085/AppData/Local/Programs/R/R-4.4.1/library/TMB/include/dnorm.hpp:23:1: note: in expansion of macro 'VECTORIZE4_ttti'\n   23 | VECTORIZE4_ttti(dnorm)\n      | ^~~~~~~~~~~~~~~\nC:/Users/spi085/AppData/Local/Programs/R/R-4.4.1/library/TMB/include/dnorm.hpp:23:17: note:   template argument deduction/substitution failed:\n   23 | VECTORIZE4_ttti(dnorm)\n      |                 ^~~~~\nC:/Users/spi085/AppData/Local/Programs/R/R-4.4.1/library/TMB/include/Vectorize.hpp:38:14: note: in definition of macro 'GVECTORIZE'\n   38 | vector<Type> FUN( declare##Type1(arg1) comma##Type2                     \\\n      |              ^~~\nC:/Users/spi085/AppData/Local/Programs/R/R-4.4.1/library/TMB/include/dnorm.hpp:23:1: note: in expansion of macro 'VECTORIZE4_ttti'\n   23 | VECTORIZE4_ttti(dnorm)\n      | ^~~~~~~~~~~~~~~\nPOPULATIONS//POPULATION_0014//INDIVIDUAL_30DSH827/model.cpp:71:15: note:   'CppAD::AD<CppAD::AD<double> >' is not derived from 'const tmbutils::vector<Type>'\n   71 |   nll -= dnorm(log(fast_dat(0) + min_val), log(fast_pred(0) + min_val), 0.25, true);\n      |          ~~~~~^~~~~~~~~~~~~~~~~~~~~~~~~~~~~~~~~~~~~~~~~~~~~~~~~~~~~~~~~~~~~~~~~~~~~\nC:/Users/spi085/AppData/Local/Programs/R/R-4.4.1/library/TMB/include/dnorm.hpp:23:17: note: candidate: 'template<class Type> tmbutils::vector<Type> dnorm(Type, Type, const tmbutils::vector<Type>&, int)'\n   23 | VECTORIZE4_ttti(dnorm)\n      |                 ^~~~~\nC:/Users/spi085/AppData/Local/Programs/R/R-4.4.1/library/TMB/include/Vectorize.hpp:38:14: note: in definition of macro 'GVECTORIZE'\n   38 | vector<Type> FUN( declare##Type1(arg1) comma##Type2                     \\\n      |              ^~~\nC:/Users/spi085/AppData/Local/Programs/R/R-4.4.1/library/TMB/include/dnorm.hpp:23:1: note: in expansion of macro 'VECTORIZE4_ttti'\n   23 | VECTORIZE4_ttti(dnorm)\n      | ^~~~~~~~~~~~~~~\nC:/Users/spi085/AppData/Local/Programs/R/R-4.4.1/library/TMB/include/dnorm.hpp:23:17: note:   template argument deduction/substitution failed:\n   23 | VECTORIZE4_ttti(dnorm)\n      |                 ^~~~~\nC:/Users/spi085/AppData/Local/Programs/R/R-4.4.1/library/TMB/include/Vectorize.hpp:38:14: note: in definition of macro 'GVECTORIZE'\n   38 | vector<Type> FUN( declare##Type1(arg1) comma##Type2                     \\\n      |              ^~~\nC:/Users/spi085/AppData/Local/Programs/R/R-4.4.1/library/TMB/include/dnorm.hpp:23:1: note: in expansion of macro 'VECTORIZE4_ttti'\n   23 | VECTORIZE4_ttti(dnorm)\n      | ^~~~~~~~~~~~~~~\nPOPULATIONS//POPULATION_0014//INDIVIDUAL_30DSH827/model.cpp:71:15: note:   mismatched types 'const tmbutils::vector<Type>' and 'double'\n   71 |   nll -= dnorm(log(fast_dat(0) + min_val), log(fast_pred(0) + min_val), 0.25, true);\n      |          ~~~~~^~~~~~~~~~~~~~~~~~~~~~~~~~~~~~~~~~~~~~~~~~~~~~~~~~~~~~~~~~~~~~~~~~~~~\nC:/Users/spi085/AppData/Local/Programs/R/R-4.4.1/library/TMB/include/dnorm.hpp:23:17: note: candidate: 'template<class Type> tmbutils::vector<Type> dnorm(const tmbutils::vector<Type>&, const tmbutils::vector<Type>&, Type, int)'\n   23 | VECTORIZE4_ttti(dnorm)\n      |                 ^~~~~\nC:/Users/spi085/AppData/Local/Programs/R/R-4.4.1/library/TMB/include/Vectorize.hpp:38:14: note: in definition of macro 'GVECTORIZE'\n   38 | vector<Type> FUN( declare##Type1(arg1) comma##Type2                     \\\n      |              ^~~\nC:/Users/spi085/AppData/Local/Programs/R/R-4.4.1/library/TMB/include/dnorm.hpp:23:1: note: in expansion of macro 'VECTORIZE4_ttti'\n   23 | VECTORIZE4_ttti(dnorm)\n      | ^~~~~~~~~~~~~~~\nC:/Users/spi085/AppData/Local/Programs/R/R-4.4.1/library/TMB/include/dnorm.hpp:23:17: note:   template argument deduction/substitution failed:\n   23 | VECTORIZE4_ttti(dnorm)\n      |                 ^~~~~\nC:/Users/spi085/AppData/Local/Programs/R/R-4.4.1/library/TMB/include/Vectorize.hpp:38:14: note: in definition of macro 'GVECTORIZE'\n   38 | vector<Type> FUN( declare##Type1(arg1) comma##Type2                     \\\n      |              ^~~\nC:/Users/spi085/AppData/Local/Programs/R/R-4.4.1/library/TMB/include/dnorm.hpp:23:1: note: in expansion of macro 'VECTORIZE4_ttti'\n   23 | VECTORIZE4_ttti(dnorm)\n      | ^~~~~~~~~~~~~~~\nPOPULATIONS//POPULATION_0014//INDIVIDUAL_30DSH827/model.cpp:71:15: note:   'CppAD::AD<CppAD::AD<double> >' is not derived from 'const tmbutils::vector<Type>'\n   71 |   nll -= dnorm(log(fast_dat(0) + min_val), log(fast_pred(0) + min_val), 0.25, true);\n      |          ~~~~~^~~~~~~~~~~~~~~~~~~~~~~~~~~~~~~~~~~~~~~~~~~~~~~~~~~~~~~~~~~~~~~~~~~~~\nC:/Users/spi085/AppData/Local/Programs/R/R-4.4.1/library/TMB/include/dnorm.hpp:23:17: note: candidate: 'template<class Type> tmbutils::vector<Type> dnorm(Type, const tmbutils::vector<Type>&, const tmbutils::vector<Type>&, int)'\n   23 | VECTORIZE4_ttti(dnorm)\n      |                 ^~~~~\nC:/Users/spi085/AppData/Local/Programs/R/R-4.4.1/library/TMB/include/Vectorize.hpp:38:14: note: in definition of macro 'GVECTORIZE'\n   38 | vector<Type> FUN( declare##Type1(arg1) comma##Type2                     \\\n      |              ^~~\nC:/Users/spi085/AppData/Local/Programs/R/R-4.4.1/library/TMB/include/dnorm.hpp:23:1: note: in expansion of macro 'VECTORIZE4_ttti'\n   23 | VECTORIZE4_ttti(dnorm)\n      | ^~~~~~~~~~~~~~~\nC:/Users/spi085/AppData/Local/Programs/R/R-4.4.1/library/TMB/include/dnorm.hpp:23:17: note:   template argument deduction/substitution failed:\n   23 | VECTORIZE4_ttti(dnorm)\n      |                 ^~~~~\nC:/Users/spi085/AppData/Local/Programs/R/R-4.4.1/library/TMB/include/Vectorize.hpp:38:14: note: in definition of macro 'GVECTORIZE'\n   38 | vector<Type> FUN( declare##Type1(arg1) comma##Type2                     \\\n      |              ^~~\nC:/Users/spi085/AppData/Local/Programs/R/R-4.4.1/library/TMB/include/dnorm.hpp:23:1: note: in expansion of macro 'VECTORIZE4_ttti'\n   23 | VECTORIZE4_ttti(dnorm)\n      | ^~~~~~~~~~~~~~~\nPOPULATIONS//POPULATION_0014//INDIVIDUAL_30DSH827/model.cpp:71:15: note:   'CppAD::AD<CppAD::AD<double> >' is not derived from 'const tmbutils::vector<Type>'\n   71 |   nll -= dnorm(log(fast_dat(0) + min_val), log(fast_pred(0) + min_val), 0.25, true);\n      |          ~~~~~^~~~~~~~~~~~~~~~~~~~~~~~~~~~~~~~~~~~~~~~~~~~~~~~~~~~~~~~~~~~~~~~~~~~~\nC:/Users/spi085/AppData/Local/Programs/R/R-4.4.1/library/TMB/include/dnorm.hpp:23:17: note: candidate: 'template<class Type> tmbutils::vector<Type> dnorm(const tmbutils::vector<Type>&, Type, const tmbutils::vector<Type>&, int)'\n   23 | VECTORIZE4_ttti(dnorm)\n      |                 ^~~~~\nC:/Users/spi085/AppData/Local/Programs/R/R-4.4.1/library/TMB/include/Vectorize.hpp:38:14: note: in definition of macro 'GVECTORIZE'\n   38 | vector<Type> FUN( declare##Type1(arg1) comma##Type2                     \\\n      |              ^~~\nC:/Users/spi085/AppData/Local/Programs/R/R-4.4.1/library/TMB/include/dnorm.hpp:23:1: note: in expansion of macro 'VECTORIZE4_ttti'\n   23 | VECTORIZE4_ttti(dnorm)\n      | ^~~~~~~~~~~~~~~\nC:/Users/spi085/AppData/Local/Programs/R/R-4.4.1/library/TMB/include/dnorm.hpp:23:17: note:   template argument deduction/substitution failed:\n   23 | VECTORIZE4_ttti(dnorm)\n      |                 ^~~~~\nC:/Users/spi085/AppData/Local/Programs/R/R-4.4.1/library/TMB/include/Vectorize.hpp:38:14: note: in definition of macro 'GVECTORIZE'\n   38 | vector<Type> FUN( declare##Type1(arg1) comma##Type2                     \\\n      |              ^~~\nC:/Users/spi085/AppData/Local/Programs/R/R-4.4.1/library/TMB/include/dnorm.hpp:23:1: note: in expansion of macro 'VECTORIZE4_ttti'\n   23 | VECTORIZE4_ttti(dnorm)\n      | ^~~~~~~~~~~~~~~\nPOPULATIONS//POPULATION_0014//INDIVIDUAL_30DSH827/model.cpp:71:15: note:   'CppAD::AD<CppAD::AD<double> >' is not derived from 'const tmbutils::vector<Type>'\n   71 |   nll -= dnorm(log(fast_dat(0) + min_val), log(fast_pred(0) + min_val), 0.25, true);\n      |          ~~~~~^~~~~~~~~~~~~~~~~~~~~~~~~~~~~~~~~~~~~~~~~~~~~~~~~~~~~~~~~~~~~~~~~~~~~\nC:/Users/spi085/AppData/Local/Programs/R/R-4.4.1/library/TMB/include/dnorm.hpp:23:17: note: candidate: 'template<class Type> tmbutils::vector<Type> dnorm(const tmbutils::vector<Type>&, const tmbutils::vector<Type>&, const tmbutils::vector<Type>&, int)'\n   23 | VECTORIZE4_ttti(dnorm)\n      |                 ^~~~~\nC:/Users/spi085/AppData/Local/Programs/R/R-4.4.1/library/TMB/include/Vectorize.hpp:38:14: note: in definition of macro 'GVECTORIZE'\n   38 | vector<Type> FUN( declare##Type1(arg1) comma##Type2                     \\\n      |              ^~~\nC:/Users/spi085/AppData/Local/Programs/R/R-4.4.1/library/TMB/include/dnorm.hpp:23:1: note: in expansion of macro 'VECTORIZE4_ttti'\n   23 | VECTORIZE4_ttti(dnorm)\n      | ^~~~~~~~~~~~~~~\nC:/Users/spi085/AppData/Local/Programs/R/R-4.4.1/library/TMB/include/dnorm.hpp:23:17: note:   template argument deduction/substitution failed:\n   23 | VECTORIZE4_ttti(dnorm)\n      |                 ^~~~~\nC:/Users/spi085/AppData/Local/Programs/R/R-4.4.1/library/TMB/include/Vectorize.hpp:38:14: note: in definition of macro 'GVECTORIZE'\n   38 | vector<Type> FUN( declare##Type1(arg1) comma##Type2                     \\\n      |              ^~~\nC:/Users/spi085/AppData/Local/Programs/R/R-4.4.1/library/TMB/include/dnorm.hpp:23:1: note: in expansion of macro 'VECTORIZE4_ttti'\n   23 | VECTORIZE4_ttti(dnorm)\n      | ^~~~~~~~~~~~~~~\nPOPULATIONS//POPULATION_0014//INDIVIDUAL_30DSH827/model.cpp:71:15: note:   'CppAD::AD<CppAD::AD<double> >' is not derived from 'const tmbutils::vector<Type>'\n   71 |   nll -= dnorm(log(fast_dat(0) + min_val), log(fast_pred(0) + min_val), 0.25, true);\n      |          ~~~~~^~~~~~~~~~~~~~~~~~~~~~~~~~~~~~~~~~~~~~~~~~~~~~~~~~~~~~~~~~~~~~~~~~~~~\nPOPULATIONS//POPULATION_0014//INDIVIDUAL_30DSH827/model.cpp:170:17: error: no matching function for call to 'dnorm(CppAD::AD<CppAD::AD<double> >, CppAD::AD<CppAD::AD<double> >, double, bool)'\n  170 |     nll -= dnorm(log(cots_dat(t) + min_val), log(cots_pred(t) + min_val), 0.3, true);\n      |            ~~~~~^~~~~~~~~~~~~~~~~~~~~~~~~~~~~~~~~~~~~~~~~~~~~~~~~~~~~~~~~~~~~~~~~~~~\nC:/Users/spi085/AppData/Local/Programs/R/R-4.4.1/library/TMB/include/dnorm.hpp:17:6: note: candidate: 'template<class Type> Type dnorm(Type, Type, Type, int)'\n   17 | Type dnorm(Type x, Type mean, Type sd, int give_log=0)\n      |      ^~~~~\nC:/Users/spi085/AppData/Local/Programs/R/R-4.4.1/library/TMB/include/dnorm.hpp:17:6: note:   template argument deduction/substitution failed:\nPOPULATIONS//POPULATION_0014//INDIVIDUAL_30DSH827/model.cpp:170:17: note:   deduced conflicting types for parameter 'Type' ('CppAD::AD<CppAD::AD<double> >' and 'double')\n  170 |     nll -= dnorm(log(cots_dat(t) + min_val), log(cots_pred(t) + min_val), 0.3, true);\n      |            ~~~~~^~~~~~~~~~~~~~~~~~~~~~~~~~~~~~~~~~~~~~~~~~~~~~~~~~~~~~~~~~~~~~~~~~~~\nC:/Users/spi085/AppData/Local/Programs/R/R-4.4.1/library/TMB/include/dnorm.hpp:23:17: note: candidate: 'template<class Type> tmbutils::vector<Type> dnorm(const tmbutils::vector<Type>&, Type, Type, int)'\n   23 | VECTORIZE4_ttti(dnorm)\n      |                 ^~~~~\nC:/Users/spi085/AppData/Local/Programs/R/R-4.4.1/library/TMB/include/Vectorize.hpp:38:14: note: in definition of macro 'GVECTORIZE'\n   38 | vector<Type> FUN( declare##Type1(arg1) comma##Type2                     \\\n      |              ^~~\nC:/Users/spi085/AppData/Local/Programs/R/R-4.4.1/library/TMB/include/dnorm.hpp:23:1: note: in expansion of macro 'VECTORIZE4_ttti'\n   23 | VECTORIZE4_ttti(dnorm)\n      | ^~~~~~~~~~~~~~~\nC:/Users/spi085/AppData/Local/Programs/R/R-4.4.1/library/TMB/include/dnorm.hpp:23:17: note:   template argument deduction/substitution failed:\n   23 | VECTORIZE4_ttti(dnorm)\n      |                 ^~~~~\nC:/Users/spi085/AppData/Local/Programs/R/R-4.4.1/library/TMB/include/Vectorize.hpp:38:14: note: in definition of macro 'GVECTORIZE'\n   38 | vector<Type> FUN( declare##Type1(arg1) comma##Type2                     \\\n      |              ^~~\nC:/Users/spi085/AppData/Local/Programs/R/R-4.4.1/library/TMB/include/dnorm.hpp:23:1: note: in expansion of macro 'VECTORIZE4_ttti'\n   23 | VECTORIZE4_ttti(dnorm)\n      | ^~~~~~~~~~~~~~~\nPOPULATIONS//POPULATION_0014//INDIVIDUAL_30DSH827/model.cpp:170:17: note:   'CppAD::AD<CppAD::AD<double> >' is not derived from 'const tmbutils::vector<Type>'\n  170 |     nll -= dnorm(log(cots_dat(t) + min_val), log(cots_pred(t) + min_val), 0.3, true);\n      |            ~~~~~^~~~~~~~~~~~~~~~~~~~~~~~~~~~~~~~~~~~~~~~~~~~~~~~~~~~~~~~~~~~~~~~~~~~\nC:/Users/spi085/AppData/Local/Programs/R/R-4.4.1/library/TMB/include/dnorm.hpp:23:17: note: candidate: 'template<class Type> tmbutils::vector<Type> dnorm(Type, const tmbutils::vector<Type>&, Type, int)'\n   23 | VECTORIZE4_ttti(dnorm)\n      |                 ^~~~~\nC:/Users/spi085/AppData/Local/Programs/R/R-4.4.1/library/TMB/include/Vectorize.hpp:38:14: note: in definition of macro 'GVECTORIZE'\n   38 | vector<Type> FUN( declare##Type1(arg1) comma##Type2                     \\\n      |              ^~~\nC:/Users/spi085/AppData/Local/Programs/R/R-4.4.1/library/TMB/include/dnorm.hpp:23:1: note: in expansion of macro 'VECTORIZE4_ttti'\n   23 | VECTORIZE4_ttti(dnorm)\n      | ^~~~~~~~~~~~~~~\nC:/Users/spi085/AppData/Local/Programs/R/R-4.4.1/library/TMB/include/dnorm.hpp:23:17: note:   template argument deduction/substitution failed:\n   23 | VECTORIZE4_ttti(dnorm)\n      |                 ^~~~~\nC:/Users/spi085/AppData/Local/Programs/R/R-4.4.1/library/TMB/include/Vectorize.hpp:38:14: note: in definition of macro 'GVECTORIZE'\n   38 | vector<Type> FUN( declare##Type1(arg1) comma##Type2                     \\\n      |              ^~~\nC:/Users/spi085/AppData/Local/Programs/R/R-4.4.1/library/TMB/include/dnorm.hpp:23:1: note: in expansion of macro 'VECTORIZE4_ttti'\n   23 | VECTORIZE4_ttti(dnorm)\n      | ^~~~~~~~~~~~~~~\nPOPULATIONS//POPULATION_0014//INDIVIDUAL_30DSH827/model.cpp:170:17: note:   'CppAD::AD<CppAD::AD<double> >' is not derived from 'const tmbutils::vector<Type>'\n  170 |     nll -= dnorm(log(cots_dat(t) + min_val), log(cots_pred(t) + min_val), 0.3, true);\n      |            ~~~~~^~~~~~~~~~~~~~~~~~~~~~~~~~~~~~~~~~~~~~~~~~~~~~~~~~~~~~~~~~~~~~~~~~~~\nC:/Users/spi085/AppData/Local/Programs/R/R-4.4.1/library/TMB/include/dnorm.hpp:23:17: note: candidate: 'template<class Type> tmbutils::vector<Type> dnorm(Type, Type, const tmbutils::vector<Type>&, int)'\n   23 | VECTORIZE4_ttti(dnorm)\n      |                 ^~~~~\nC:/Users/spi085/AppData/Local/Programs/R/R-4.4.1/library/TMB/include/Vectorize.hpp:38:14: note: in definition of macro 'GVECTORIZE'\n   38 | vector<Type> FUN( declare##Type1(arg1) comma##Type2                     \\\n      |              ^~~\nC:/Users/spi085/AppData/Local/Programs/R/R-4.4.1/library/TMB/include/dnorm.hpp:23:1: note: in expansion of macro 'VECTORIZE4_ttti'\n   23 | VECTORIZE4_ttti(dnorm)\n      | ^~~~~~~~~~~~~~~\nC:/Users/spi085/AppData/Local/Programs/R/R-4.4.1/library/TMB/include/dnorm.hpp:23:17: note:   template argument deduction/substitution failed:\n   23 | VECTORIZE4_ttti(dnorm)\n      |                 ^~~~~\nC:/Users/spi085/AppData/Local/Programs/R/R-4.4.1/library/TMB/include/Vectorize.hpp:38:14: note: in definition of macro 'GVECTORIZE'\n   38 | vector<Type> FUN( declare##Type1(arg1) comma##Type2                     \\\n      |              ^~~\nC:/Users/spi085/AppData/Local/Programs/R/R-4.4.1/library/TMB/include/dnorm.hpp:23:1: note: in expansion of macro 'VECTORIZE4_ttti'\n   23 | VECTORIZE4_ttti(dnorm)\n      | ^~~~~~~~~~~~~~~\nPOPULATIONS//POPULATION_0014//INDIVIDUAL_30DSH827/model.cpp:170:17: note:   mismatched types 'const tmbutils::vector<Type>' and 'double'\n  170 |     nll -= dnorm(log(cots_dat(t) + min_val), log(cots_pred(t) + min_val), 0.3, true);\n      |            ~~~~~^~~~~~~~~~~~~~~~~~~~~~~~~~~~~~~~~~~~~~~~~~~~~~~~~~~~~~~~~~~~~~~~~~~~\nC:/Users/spi085/AppData/Local/Programs/R/R-4.4.1/library/TMB/include/dnorm.hpp:23:17: note: candidate: 'template<class Type> tmbutils::vector<Type> dnorm(const tmbutils::vector<Type>&, const tmbutils::vector<Type>&, Type, int)'\n   23 | VECTORIZE4_ttti(dnorm)\n      |                 ^~~~~\nC:/Users/spi085/AppData/Local/Programs/R/R-4.4.1/library/TMB/include/Vectorize.hpp:38:14: note: in definition of macro 'GVECTORIZE'\n   38 | vector<Type> FUN( declare##Type1(arg1) comma##Type2                     \\\n      |              ^~~\nC:/Users/spi085/AppData/Local/Programs/R/R-4.4.1/library/TMB/include/dnorm.hpp:23:1: note: in expansion of macro 'VECTORIZE4_ttti'\n   23 | VECTORIZE4_ttti(dnorm)\n      | ^~~~~~~~~~~~~~~\nC:/Users/spi085/AppData/Local/Programs/R/R-4.4.1/library/TMB/include/dnorm.hpp:23:17: note:   template argument deduction/substitution failed:\n   23 | VECTORIZE4_ttti(dnorm)\n      |                 ^~~~~\nC:/Users/spi085/AppData/Local/Programs/R/R-4.4.1/library/TMB/include/Vectorize.hpp:38:14: note: in definition of macro 'GVECTORIZE'\n   38 | vector<Type> FUN( declare##Type1(arg1) comma##Type2                     \\\n      |              ^~~\nC:/Users/spi085/AppData/Local/Programs/R/R-4.4.1/library/TMB/include/dnorm.hpp:23:1: note: in expansion of macro 'VECTORIZE4_ttti'\n   23 | VECTORIZE4_ttti(dnorm)\n      | ^~~~~~~~~~~~~~~\nPOPULATIONS//POPULATION_0014//INDIVIDUAL_30DSH827/model.cpp:170:17: note:   'CppAD::AD<CppAD::AD<double> >' is not derived from 'const tmbutils::vector<Type>'\n  170 |     nll -= dnorm(log(cots_dat(t) + min_val), log(cots_pred(t) + min_val), 0.3, true);\n      |            ~~~~~^~~~~~~~~~~~~~~~~~~~~~~~~~~~~~~~~~~~~~~~~~~~~~~~~~~~~~~~~~~~~~~~~~~~\nC:/Users/spi085/AppData/Local/Programs/R/R-4.4.1/library/TMB/include/dnorm.hpp:23:17: note: candidate: 'template<class Type> tmbutils::vector<Type> dnorm(Type, const tmbutils::vector<Type>&, const tmbutils::vector<Type>&, int)'\n   23 | VECTORIZE4_ttti(dnorm)\n      |                 ^~~~~\nC:/Users/spi085/AppData/Local/Programs/R/R-4.4.1/library/TMB/include/Vectorize.hpp:38:14: note: in definition of macro 'GVECTORIZE'\n   38 | vector<Type> FUN( declare##Type1(arg1) comma##Type2                     \\\n      |              ^~~\nC:/Users/spi085/AppData/Local/Programs/R/R-4.4.1/library/TMB/include/dnorm.hpp:23:1: note: in expansion of macro 'VECTORIZE4_ttti'\n   23 | VECTORIZE4_ttti(dnorm)\n      | ^~~~~~~~~~~~~~~\nC:/Users/spi085/AppData/Local/Programs/R/R-4.4.1/library/TMB/include/dnorm.hpp:23:17: note:   template argument deduction/substitution failed:\n   23 | VECTORIZE4_ttti(dnorm)\n      |                 ^~~~~\nC:/Users/spi085/AppData/Local/Programs/R/R-4.4.1/library/TMB/include/Vectorize.hpp:38:14: note: in definition of macro 'GVECTORIZE'\n   38 | vector<Type> FUN( declare##Type1(arg1) comma##Type2                     \\\n      |              ^~~\nC:/Users/spi085/AppData/Local/Programs/R/R-4.4.1/library/TMB/include/dnorm.hpp:23:1: note: in expansion of macro 'VECTORIZE4_ttti'\n   23 | VECTORIZE4_ttti(dnorm)\n      | ^~~~~~~~~~~~~~~\nPOPULATIONS//POPULATION_0014//INDIVIDUAL_30DSH827/model.cpp:170:17: note:   'CppAD::AD<CppAD::AD<double> >' is not derived from 'const tmbutils::vector<Type>'\n  170 |     nll -= dnorm(log(cots_dat(t) + min_val), log(cots_pred(t) + min_val), 0.3, true);\n      |            ~~~~~^~~~~~~~~~~~~~~~~~~~~~~~~~~~~~~~~~~~~~~~~~~~~~~~~~~~~~~~~~~~~~~~~~~~\nC:/Users/spi085/AppData/Local/Programs/R/R-4.4.1/library/TMB/include/dnorm.hpp:23:17: note: candidate: 'template<class Type> tmbutils::vector<Type> dnorm(const tmbutils::vector<Type>&, Type, const tmbutils::vector<Type>&, int)'\n   23 | VECTORIZE4_ttti(dnorm)\n      |                 ^~~~~\nC:/Users/spi085/AppData/Local/Programs/R/R-4.4.1/library/TMB/include/Vectorize.hpp:38:14: note: in definition of macro 'GVECTORIZE'\n   38 | vector<Type> FUN( declare##Type1(arg1) comma##Type2                     \\\n      |              ^~~\nC:/Users/spi085/AppData/Local/Programs/R/R-4.4.1/library/TMB/include/dnorm.hpp:23:1: note: in expansion of macro 'VECTORIZE4_ttti'\n   23 | VECTORIZE4_ttti(dnorm)\n      | ^~~~~~~~~~~~~~~\nC:/Users/spi085/AppData/Local/Programs/R/R-4.4.1/library/TMB/include/dnorm.hpp:23:17: note:   template argument deduction/substitution failed:\n   23 | VECTORIZE4_ttti(dnorm)\n      |                 ^~~~~\nC:/Users/spi085/AppData/Local/Programs/R/R-4.4.1/library/TMB/include/Vectorize.hpp:38:14: note: in definition of macro 'GVECTORIZE'\n   38 | vector<Type> FUN( declare##Type1(arg1) comma##Type2                     \\\n      |              ^~~\nC:/Users/spi085/AppData/Local/Programs/R/R-4.4.1/library/TMB/include/dnorm.hpp:23:1: note: in expansion of macro 'VECTORIZE4_ttti'\n   23 | VECTORIZE4_ttti(dnorm)\n      | ^~~~~~~~~~~~~~~\nPOPULATIONS//POPULATION_0014//INDIVIDUAL_30DSH827/model.cpp:170:17: note:   'CppAD::AD<CppAD::AD<double> >' is not derived from 'const tmbutils::vector<Type>'\n  170 |     nll -= dnorm(log(cots_dat(t) + min_val), log(cots_pred(t) + min_val), 0.3, true);\n      |            ~~~~~^~~~~~~~~~~~~~~~~~~~~~~~~~~~~~~~~~~~~~~~~~~~~~~~~~~~~~~~~~~~~~~~~~~~\nC:/Users/spi085/AppData/Local/Programs/R/R-4.4.1/library/TMB/include/dnorm.hpp:23:17: note: candidate: 'template<class Type> tmbutils::vector<Type> dnorm(const tmbutils::vector<Type>&, const tmbutils::vector<Type>&, const tmbutils::vector<Type>&, int)'\n   23 | VECTORIZE4_ttti(dnorm)\n      |                 ^~~~~\nC:/Users/spi085/AppData/Local/Programs/R/R-4.4.1/library/TMB/include/Vectorize.hpp:38:14: note: in definition of macro 'GVECTORIZE'\n   38 | vector<Type> FUN( declare##Type1(arg1) comma##Type2                     \\\n      |              ^~~\nC:/Users/spi085/AppData/Local/Programs/R/R-4.4.1/library/TMB/include/dnorm.hpp:23:1: note: in expansion of macro 'VECTORIZE4_ttti'\n   23 | VECTORIZE4_ttti(dnorm)\n      | ^~~~~~~~~~~~~~~\nC:/Users/spi085/AppData/Local/Programs/R/R-4.4.1/library/TMB/include/dnorm.hpp:23:17: note:   template argument deduction/substitution failed:\n   23 | VECTORIZE4_ttti(dnorm)\n      |                 ^~~~~\nC:/Users/spi085/AppData/Local/Programs/R/R-4.4.1/library/TMB/include/Vectorize.hpp:38:14: note: in definition of macro 'GVECTORIZE'\n   38 | vector<Type> FUN( declare##Type1(arg1) comma##Type2                     \\\n      |              ^~~\nC:/Users/spi085/AppData/Local/Programs/R/R-4.4.1/library/TMB/include/dnorm.hpp:23:1: note: in expansion of macro 'VECTORIZE4_ttti'\n   23 | VECTORIZE4_ttti(dnorm)\n      | ^~~~~~~~~~~~~~~\nPOPULATIONS//POPULATION_0014//INDIVIDUAL_30DSH827/model.cpp:170:17: note:   'CppAD::AD<CppAD::AD<double> >' is not derived from 'const tmbutils::vector<Type>'\n  170 |     nll -= dnorm(log(cots_dat(t) + min_val), log(cots_pred(t) + min_val), 0.3, true);\n      |            ~~~~~^~~~~~~~~~~~~~~~~~~~~~~~~~~~~~~~~~~~~~~~~~~~~~~~~~~~~~~~~~~~~~~~~~~~\nPOPULATIONS//POPULATION_0014//INDIVIDUAL_30DSH827/model.cpp:171:17: error: no matching function for call to 'dnorm(CppAD::AD<CppAD::AD<double> >, CppAD::AD<CppAD::AD<double> >, double, bool)'\n  171 |     nll -= dnorm(log(slow_dat(t) + min_val), log(slow_pred(t) + min_val), 0.2, true);\n      |            ~~~~~^~~~~~~~~~~~~~~~~~~~~~~~~~~~~~~~~~~~~~~~~~~~~~~~~~~~~~~~~~~~~~~~~~~~\nC:/Users/spi085/AppData/Local/Programs/R/R-4.4.1/library/TMB/include/dnorm.hpp:17:6: note: candidate: 'template<class Type> Type dnorm(Type, Type, Type, int)'\n   17 | Type dnorm(Type x, Type mean, Type sd, int give_log=0)\n      |      ^~~~~\nC:/Users/spi085/AppData/Local/Programs/R/R-4.4.1/library/TMB/include/dnorm.hpp:17:6: note:   template argument deduction/substitution failed:\nPOPULATIONS//POPULATION_0014//INDIVIDUAL_30DSH827/model.cpp:171:17: note:   deduced conflicting types for parameter 'Type' ('CppAD::AD<CppAD::AD<double> >' and 'double')\n  171 |     nll -= dnorm(log(slow_dat(t) + min_val), log(slow_pred(t) + min_val), 0.2, true);\n      |            ~~~~~^~~~~~~~~~~~~~~~~~~~~~~~~~~~~~~~~~~~~~~~~~~~~~~~~~~~~~~~~~~~~~~~~~~~\nC:/Users/spi085/AppData/Local/Programs/R/R-4.4.1/library/TMB/include/dnorm.hpp:23:17: note: candidate: 'template<class Type> tmbutils::vector<Type> dnorm(const tmbutils::vector<Type>&, Type, Type, int)'\n   23 | VECTORIZE4_ttti(dnorm)\n      |                 ^~~~~\nC:/Users/spi085/AppData/Local/Programs/R/R-4.4.1/library/TMB/include/Vectorize.hpp:38:14: note: in definition of macro 'GVECTORIZE'\n   38 | vector<Type> FUN( declare##Type1(arg1) comma##Type2                     \\\n      |              ^~~\nC:/Users/spi085/AppData/Local/Programs/R/R-4.4.1/library/TMB/include/dnorm.hpp:23:1: note: in expansion of macro 'VECTORIZE4_ttti'\n   23 | VECTORIZE4_ttti(dnorm)\n      | ^~~~~~~~~~~~~~~\nC:/Users/spi085/AppData/Local/Programs/R/R-4.4.1/library/TMB/include/dnorm.hpp:23:17: note:   template argument deduction/substitution failed:\n   23 | VECTORIZE4_ttti(dnorm)\n      |                 ^~~~~\nC:/Users/spi085/AppData/Local/Programs/R/R-4.4.1/library/TMB/include/Vectorize.hpp:38:14: note: in definition of macro 'GVECTORIZE'\n   38 | vector<Type> FUN( declare##Type1(arg1) comma##Type2                     \\\n      |              ^~~\nC:/Users/spi085/AppData/Local/Programs/R/R-4.4.1/library/TMB/include/dnorm.hpp:23:1: note: in expansion of macro 'VECTORIZE4_ttti'\n   23 | VECTORIZE4_ttti(dnorm)\n      | ^~~~~~~~~~~~~~~\nPOPULATIONS//POPULATION_0014//INDIVIDUAL_30DSH827/model.cpp:171:17: note:   'CppAD::AD<CppAD::AD<double> >' is not derived from 'const tmbutils::vector<Type>'\n  171 |     nll -= dnorm(log(slow_dat(t) + min_val), log(slow_pred(t) + min_val), 0.2, true);\n      |            ~~~~~^~~~~~~~~~~~~~~~~~~~~~~~~~~~~~~~~~~~~~~~~~~~~~~~~~~~~~~~~~~~~~~~~~~~\nC:/Users/spi085/AppData/Local/Programs/R/R-4.4.1/library/TMB/include/dnorm.hpp:23:17: note: candidate: 'template<class Type> tmbutils::vector<Type> dnorm(Type, const tmbutils::vector<Type>&, Type, int)'\n   23 | VECTORIZE4_ttti(dnorm)\n      |                 ^~~~~\nC:/Users/spi085/AppData/Local/Programs/R/R-4.4.1/library/TMB/include/Vectorize.hpp:38:14: note: in definition of macro 'GVECTORIZE'\n   38 | vector<Type> FUN( declare##Type1(arg1) comma##Type2                     \\\n      |              ^~~\nC:/Users/spi085/AppData/Local/Programs/R/R-4.4.1/library/TMB/include/dnorm.hpp:23:1: note: in expansion of macro 'VECTORIZE4_ttti'\n   23 | VECTORIZE4_ttti(dnorm)\n      | ^~~~~~~~~~~~~~~\nC:/Users/spi085/AppData/Local/Programs/R/R-4.4.1/library/TMB/include/dnorm.hpp:23:17: note:   template argument deduction/substitution failed:\n   23 | VECTORIZE4_ttti(dnorm)\n      |                 ^~~~~\nC:/Users/spi085/AppData/Local/Programs/R/R-4.4.1/library/TMB/include/Vectorize.hpp:38:14: note: in definition of macro 'GVECTORIZE'\n   38 | vector<Type> FUN( declare##Type1(arg1) comma##Type2                     \\\n      |              ^~~\nC:/Users/spi085/AppData/Local/Programs/R/R-4.4.1/library/TMB/include/dnorm.hpp:23:1: note: in expansion of macro 'VECTORIZE4_ttti'\n   23 | VECTORIZE4_ttti(dnorm)\n      | ^~~~~~~~~~~~~~~\nPOPULATIONS//POPULATION_0014//INDIVIDUAL_30DSH827/model.cpp:171:17: note:   'CppAD::AD<CppAD::AD<double> >' is not derived from 'const tmbutils::vector<Type>'\n  171 |     nll -= dnorm(log(slow_dat(t) + min_val), log(slow_pred(t) + min_val), 0.2, true);\n      |            ~~~~~^~~~~~~~~~~~~~~~~~~~~~~~~~~~~~~~~~~~~~~~~~~~~~~~~~~~~~~~~~~~~~~~~~~~\nC:/Users/spi085/AppData/Local/Programs/R/R-4.4.1/library/TMB/include/dnorm.hpp:23:17: note: candidate: 'template<class Type> tmbutils::vector<Type> dnorm(Type, Type, const tmbutils::vector<Type>&, int)'\n   23 | VECTORIZE4_ttti(dnorm)\n      |                 ^~~~~\nC:/Users/spi085/AppData/Local/Programs/R/R-4.4.1/library/TMB/include/Vectorize.hpp:38:14: note: in definition of macro 'GVECTORIZE'\n   38 | vector<Type> FUN( declare##Type1(arg1) comma##Type2                     \\\n      |              ^~~\nC:/Users/spi085/AppData/Local/Programs/R/R-4.4.1/library/TMB/include/dnorm.hpp:23:1: note: in expansion of macro 'VECTORIZE4_ttti'\n   23 | VECTORIZE4_ttti(dnorm)\n      | ^~~~~~~~~~~~~~~\nC:/Users/spi085/AppData/Local/Programs/R/R-4.4.1/library/TMB/include/dnorm.hpp:23:17: note:   template argument deduction/substitution failed:\n   23 | VECTORIZE4_ttti(dnorm)\n      |                 ^~~~~\nC:/Users/spi085/AppData/Local/Programs/R/R-4.4.1/library/TMB/include/Vectorize.hpp:38:14: note: in definition of macro 'GVECTORIZE'\n   38 | vector<Type> FUN( declare##Type1(arg1) comma##Type2                     \\\n      |              ^~~\nC:/Users/spi085/AppData/Local/Programs/R/R-4.4.1/library/TMB/include/dnorm.hpp:23:1: note: in expansion of macro 'VECTORIZE4_ttti'\n   23 | VECTORIZE4_ttti(dnorm)\n      | ^~~~~~~~~~~~~~~\nPOPULATIONS//POPULATION_0014//INDIVIDUAL_30DSH827/model.cpp:171:17: note:   mismatched types 'const tmbutils::vector<Type>' and 'double'\n  171 |     nll -= dnorm(log(slow_dat(t) + min_val), log(slow_pred(t) + min_val), 0.2, true);\n      |            ~~~~~^~~~~~~~~~~~~~~~~~~~~~~~~~~~~~~~~~~~~~~~~~~~~~~~~~~~~~~~~~~~~~~~~~~~\nC:/Users/spi085/AppData/Local/Programs/R/R-4.4.1/library/TMB/include/dnorm.hpp:23:17: note: candidate: 'template<class Type> tmbutils::vector<Type> dnorm(const tmbutils::vector<Type>&, const tmbutils::vector<Type>&, Type, int)'\n   23 | VECTORIZE4_ttti(dnorm)\n      |                 ^~~~~\nC:/Users/spi085/AppData/Local/Programs/R/R-4.4.1/library/TMB/include/Vectorize.hpp:38:14: note: in definition of macro 'GVECTORIZE'\n   38 | vector<Type> FUN( declare##Type1(arg1) comma##Type2                     \\\n      |              ^~~\nC:/Users/spi085/AppData/Local/Programs/R/R-4.4.1/library/TMB/include/dnorm.hpp:23:1: note: in expansion of macro 'VECTORIZE4_ttti'\n   23 | VECTORIZE4_ttti(dnorm)\n      | ^~~~~~~~~~~~~~~\nC:/Users/spi085/AppData/Local/Programs/R/R-4.4.1/library/TMB/include/dnorm.hpp:23:17: note:   template argument deduction/substitution failed:\n   23 | VECTORIZE4_ttti(dnorm)\n      |                 ^~~~~\nC:/Users/spi085/AppData/Local/Programs/R/R-4.4.1/library/TMB/include/Vectorize.hpp:38:14: note: in definition of macro 'GVECTORIZE'\n   38 | vector<Type> FUN( declare##Type1(arg1) comma##Type2                     \\\n      |              ^~~\nC:/Users/spi085/AppData/Local/Programs/R/R-4.4.1/library/TMB/include/dnorm.hpp:23:1: note: in expansion of macro 'VECTORIZE4_ttti'\n   23 | VECTORIZE4_ttti(dnorm)\n      | ^~~~~~~~~~~~~~~\nPOPULATIONS//POPULATION_0014//INDIVIDUAL_30DSH827/model.cpp:171:17: note:   'CppAD::AD<CppAD::AD<double> >' is not derived from 'const tmbutils::vector<Type>'\n  171 |     nll -= dnorm(log(slow_dat(t) + min_val), log(slow_pred(t) + min_val), 0.2, true);\n      |            ~~~~~^~~~~~~~~~~~~~~~~~~~~~~~~~~~~~~~~~~~~~~~~~~~~~~~~~~~~~~~~~~~~~~~~~~~\nC:/Users/spi085/AppData/Local/Programs/R/R-4.4.1/library/TMB/include/dnorm.hpp:23:17: note: candidate: 'template<class Type> tmbutils::vector<Type> dnorm(Type, const tmbutils::vector<Type>&, const tmbutils::vector<Type>&, int)'\n   23 | VECTORIZE4_ttti(dnorm)\n      |                 ^~~~~\nC:/Users/spi085/AppData/Local/Programs/R/R-4.4.1/library/TMB/include/Vectorize.hpp:38:14: note: in definition of macro 'GVECTORIZE'\n   38 | vector<Type> FUN( declare##Type1(arg1) comma##Type2                     \\\n      |              ^~~\nC:/Users/spi085/AppData/Local/Programs/R/R-4.4.1/library/TMB/include/dnorm.hpp:23:1: note: in expansion of macro 'VECTORIZE4_ttti'\n   23 | VECTORIZE4_ttti(dnorm)\n      | ^~~~~~~~~~~~~~~\nC:/Users/spi085/AppData/Local/Programs/R/R-4.4.1/library/TMB/include/dnorm.hpp:23:17: note:   template argument deduction/substitution failed:\n   23 | VECTORIZE4_ttti(dnorm)\n      |                 ^~~~~\nC:/Users/spi085/AppData/Local/Programs/R/R-4.4.1/library/TMB/include/Vectorize.hpp:38:14: note: in definition of macro 'GVECTORIZE'\n   38 | vector<Type> FUN( declare##Type1(arg1) comma##Type2                     \\\n      |              ^~~\nC:/Users/spi085/AppData/Local/Programs/R/R-4.4.1/library/TMB/include/dnorm.hpp:23:1: note: in expansion of macro 'VECTORIZE4_ttti'\n   23 | VECTORIZE4_ttti(dnorm)\n      | ^~~~~~~~~~~~~~~\nPOPULATIONS//POPULATION_0014//INDIVIDUAL_30DSH827/model.cpp:171:17: note:   'CppAD::AD<CppAD::AD<double> >' is not derived from 'const tmbutils::vector<Type>'\n  171 |     nll -= dnorm(log(slow_dat(t) + min_val), log(slow_pred(t) + min_val), 0.2, true);\n      |            ~~~~~^~~~~~~~~~~~~~~~~~~~~~~~~~~~~~~~~~~~~~~~~~~~~~~~~~~~~~~~~~~~~~~~~~~~\nC:/Users/spi085/AppData/Local/Programs/R/R-4.4.1/library/TMB/include/dnorm.hpp:23:17: note: candidate: 'template<class Type> tmbutils::vector<Type> dnorm(const tmbutils::vector<Type>&, Type, const tmbutils::vector<Type>&, int)'\n   23 | VECTORIZE4_ttti(dnorm)\n      |                 ^~~~~\nC:/Users/spi085/AppData/Local/Programs/R/R-4.4.1/library/TMB/include/Vectorize.hpp:38:14: note: in definition of macro 'GVECTORIZE'\n   38 | vector<Type> FUN( declare##Type1(arg1) comma##Type2                     \\\n      |              ^~~\nC:/Users/spi085/AppData/Local/Programs/R/R-4.4.1/library/TMB/include/dnorm.hpp:23:1: note: in expansion of macro 'VECTORIZE4_ttti'\n   23 | VECTORIZE4_ttti(dnorm)\n      | ^~~~~~~~~~~~~~~\nC:/Users/spi085/AppData/Local/Programs/R/R-4.4.1/library/TMB/include/dnorm.hpp:23:17: note:   template argument deduction/substitution failed:\n   23 | VECTORIZE4_ttti(dnorm)\n      |                 ^~~~~\nC:/Users/spi085/AppData/Local/Programs/R/R-4.4.1/library/TMB/include/Vectorize.hpp:38:14: note: in definition of macro 'GVECTORIZE'\n   38 | vector<Type> FUN( declare##Type1(arg1) comma##Type2                     \\\n      |              ^~~\nC:/Users/spi085/AppData/Local/Programs/R/R-4.4.1/library/TMB/include/dnorm.hpp:23:1: note: in expansion of macro 'VECTORIZE4_ttti'\n   23 | VECTORIZE4_ttti(dnorm)\n      | ^~~~~~~~~~~~~~~\nPOPULATIONS//POPULATION_0014//INDIVIDUAL_30DSH827/model.cpp:171:17: note:   'CppAD::AD<CppAD::AD<double> >' is not derived from 'const tmbutils::vector<Type>'\n  171 |     nll -= dnorm(log(slow_dat(t) + min_val), log(slow_pred(t) + min_val), 0.2, true);\n      |            ~~~~~^~~~~~~~~~~~~~~~~~~~~~~~~~~~~~~~~~~~~~~~~~~~~~~~~~~~~~~~~~~~~~~~~~~~\nC:/Users/spi085/AppData/Local/Programs/R/R-4.4.1/library/TMB/include/dnorm.hpp:23:17: note: candidate: 'template<class Type> tmbutils::vector<Type> dnorm(const tmbutils::vector<Type>&, const tmbutils::vector<Type>&, const tmbutils::vector<Type>&, int)'\n   23 | VECTORIZE4_ttti(dnorm)\n      |                 ^~~~~\nC:/Users/spi085/AppData/Local/Programs/R/R-4.4.1/library/TMB/include/Vectorize.hpp:38:14: note: in definition of macro 'GVECTORIZE'\n   38 | vector<Type> FUN( declare##Type1(arg1) comma##Type2                     \\\n      |              ^~~\nC:/Users/spi085/AppData/Local/Programs/R/R-4.4.1/library/TMB/include/dnorm.hpp:23:1: note: in expansion of macro 'VECTORIZE4_ttti'\n   23 | VECTORIZE4_ttti(dnorm)\n      | ^~~~~~~~~~~~~~~\nC:/Users/spi085/AppData/Local/Programs/R/R-4.4.1/library/TMB/include/dnorm.hpp:23:17: note:   template argument deduction/substitution failed:\n   23 | VECTORIZE4_ttti(dnorm)\n      |                 ^~~~~\nC:/Users/spi085/AppData/Local/Programs/R/R-4.4.1/library/TMB/include/Vectorize.hpp:38:14: note: in definition of macro 'GVECTORIZE'\n   38 | vector<Type> FUN( declare##Type1(arg1) comma##Type2                     \\\n      |              ^~~\nC:/Users/spi085/AppData/Local/Programs/R/R-4.4.1/library/TMB/include/dnorm.hpp:23:1: note: in expansion of macro 'VECTORIZE4_ttti'\n   23 | VECTORIZE4_ttti(dnorm)\n      | ^~~~~~~~~~~~~~~\nPOPULATIONS//POPULATION_0014//INDIVIDUAL_30DSH827/model.cpp:171:17: note:   'CppAD::AD<CppAD::AD<double> >' is not derived from 'const tmbutils::vector<Type>'\n  171 |     nll -= dnorm(log(slow_dat(t) + min_val), log(slow_pred(t) + min_val), 0.2, true);\n      |            ~~~~~^~~~~~~~~~~~~~~~~~~~~~~~~~~~~~~~~~~~~~~~~~~~~~~~~~~~~~~~~~~~~~~~~~~~\nPOPULATIONS//POPULATION_0014//INDIVIDUAL_30DSH827/model.cpp:172:17: error: no matching function for call to 'dnorm(CppAD::AD<CppAD::AD<double> >, CppAD::AD<CppAD::AD<double> >, double, bool)'\n  172 |     nll -= dnorm(log(fast_dat(t) + min_val), log(fast_pred(t) + min_val), 0.25, true);\n      |            ~~~~~^~~~~~~~~~~~~~~~~~~~~~~~~~~~~~~~~~~~~~~~~~~~~~~~~~~~~~~~~~~~~~~~~~~~~\nC:/Users/spi085/AppData/Local/Programs/R/R-4.4.1/library/TMB/include/dnorm.hpp:17:6: note: candidate: 'template<class Type> Type dnorm(Type, Type, Type, int)'\n   17 | Type dnorm(Type x, Type mean, Type sd, int give_log=0)\n      |      ^~~~~\nC:/Users/spi085/AppData/Local/Programs/R/R-4.4.1/library/TMB/include/dnorm.hpp:17:6: note:   template argument deduction/substitution failed:\nPOPULATIONS//POPULATION_0014//INDIVIDUAL_30DSH827/model.cpp:172:17: note:   deduced conflicting types for parameter 'Type' ('CppAD::AD<CppAD::AD<double> >' and 'double')\n  172 |     nll -= dnorm(log(fast_dat(t) + min_val), log(fast_pred(t) + min_val), 0.25, true);\n      |            ~~~~~^~~~~~~~~~~~~~~~~~~~~~~~~~~~~~~~~~~~~~~~~~~~~~~~~~~~~~~~~~~~~~~~~~~~~\nC:/Users/spi085/AppData/Local/Programs/R/R-4.4.1/library/TMB/include/dnorm.hpp:23:17: note: candidate: 'template<class Type> tmbutils::vector<Type> dnorm(const tmbutils::vector<Type>&, Type, Type, int)'\n   23 | VECTORIZE4_ttti(dnorm)\n      |                 ^~~~~\nC:/Users/spi085/AppData/Local/Programs/R/R-4.4.1/library/TMB/include/Vectorize.hpp:38:14: note: in definition of macro 'GVECTORIZE'\n   38 | vector<Type> FUN( declare##Type1(arg1) comma##Type2                     \\\n      |              ^~~\nC:/Users/spi085/AppData/Local/Programs/R/R-4.4.1/library/TMB/include/dnorm.hpp:23:1: note: in expansion of macro 'VECTORIZE4_ttti'\n   23 | VECTORIZE4_ttti(dnorm)\n      | ^~~~~~~~~~~~~~~\nC:/Users/spi085/AppData/Local/Programs/R/R-4.4.1/library/TMB/include/dnorm.hpp:23:17: note:   template argument deduction/substitution failed:\n   23 | VECTORIZE4_ttti(dnorm)\n      |                 ^~~~~\nC:/Users/spi085/AppData/Local/Programs/R/R-4.4.1/library/TMB/include/Vectorize.hpp:38:14: note: in definition of macro 'GVECTORIZE'\n   38 | vector<Type> FUN( declare##Type1(arg1) comma##Type2                     \\\n      |              ^~~\nC:/Users/spi085/AppData/Local/Programs/R/R-4.4.1/library/TMB/include/dnorm.hpp:23:1: note: in expansion of macro 'VECTORIZE4_ttti'\n   23 | VECTORIZE4_ttti(dnorm)\n      | ^~~~~~~~~~~~~~~\nPOPULATIONS//POPULATION_0014//INDIVIDUAL_30DSH827/model.cpp:172:17: note:   'CppAD::AD<CppAD::AD<double> >' is not derived from 'const tmbutils::vector<Type>'\n  172 |     nll -= dnorm(log(fast_dat(t) + min_val), log(fast_pred(t) + min_val), 0.25, true);\n      |            ~~~~~^~~~~~~~~~~~~~~~~~~~~~~~~~~~~~~~~~~~~~~~~~~~~~~~~~~~~~~~~~~~~~~~~~~~~\nC:/Users/spi085/AppData/Local/Programs/R/R-4.4.1/library/TMB/include/dnorm.hpp:23:17: note: candidate: 'template<class Type> tmbutils::vector<Type> dnorm(Type, const tmbutils::vector<Type>&, Type, int)'\n   23 | VECTORIZE4_ttti(dnorm)\n      |                 ^~~~~\nC:/Users/spi085/AppData/Local/Programs/R/R-4.4.1/library/TMB/include/Vectorize.hpp:38:14: note: in definition of macro 'GVECTORIZE'\n   38 | vector<Type> FUN( declare##Type1(arg1) comma##Type2                     \\\n      |              ^~~\nC:/Users/spi085/AppData/Local/Programs/R/R-4.4.1/library/TMB/include/dnorm.hpp:23:1: note: in expansion of macro 'VECTORIZE4_ttti'\n   23 | VECTORIZE4_ttti(dnorm)\n      | ^~~~~~~~~~~~~~~\nC:/Users/spi085/AppData/Local/Programs/R/R-4.4.1/library/TMB/include/dnorm.hpp:23:17: note:   template argument deduction/substitution failed:\n   23 | VECTORIZE4_ttti(dnorm)\n      |                 ^~~~~\nC:/Users/spi085/AppData/Local/Programs/R/R-4.4.1/library/TMB/include/Vectorize.hpp:38:14: note: in definition of macro 'GVECTORIZE'\n   38 | vector<Type> FUN( declare##Type1(arg1) comma##Type2                     \\\n      |              ^~~\nC:/Users/spi085/AppData/Local/Programs/R/R-4.4.1/library/TMB/include/dnorm.hpp:23:1: note: in expansion of macro 'VECTORIZE4_ttti'\n   23 | VECTORIZE4_ttti(dnorm)\n      | ^~~~~~~~~~~~~~~\nPOPULATIONS//POPULATION_0014//INDIVIDUAL_30DSH827/model.cpp:172:17: note:   'CppAD::AD<CppAD::AD<double> >' is not derived from 'const tmbutils::vector<Type>'\n  172 |     nll -= dnorm(log(fast_dat(t) + min_val), log(fast_pred(t) + min_val), 0.25, true);\n      |            ~~~~~^~~~~~~~~~~~~~~~~~~~~~~~~~~~~~~~~~~~~~~~~~~~~~~~~~~~~~~~~~~~~~~~~~~~~\nC:/Users/spi085/AppData/Local/Programs/R/R-4.4.1/library/TMB/include/dnorm.hpp:23:17: note: candidate: 'template<class Type> tmbutils::vector<Type> dnorm(Type, Type, const tmbutils::vector<Type>&, int)'\n   23 | VECTORIZE4_ttti(dnorm)\n      |                 ^~~~~\nC:/Users/spi085/AppData/Local/Programs/R/R-4.4.1/library/TMB/include/Vectorize.hpp:38:14: note: in definition of macro 'GVECTORIZE'\n   38 | vector<Type> FUN( declare##Type1(arg1) comma##Type2                     \\\n      |              ^~~\nC:/Users/spi085/AppData/Local/Programs/R/R-4.4.1/library/TMB/include/dnorm.hpp:23:1: note: in expansion of macro 'VECTORIZE4_ttti'\n   23 | VECTORIZE4_ttti(dnorm)\n      | ^~~~~~~~~~~~~~~\nC:/Users/spi085/AppData/Local/Programs/R/R-4.4.1/library/TMB/include/dnorm.hpp:23:17: note:   template argument deduction/substitution failed:\n   23 | VECTORIZE4_ttti(dnorm)\n      |                 ^~~~~\nC:/Users/spi085/AppData/Local/Programs/R/R-4.4.1/library/TMB/include/Vectorize.hpp:38:14: note: in definition of macro 'GVECTORIZE'\n   38 | vector<Type> FUN( declare##Type1(arg1) comma##Type2                     \\\n      |              ^~~\nC:/Users/spi085/AppData/Local/Programs/R/R-4.4.1/library/TMB/include/dnorm.hpp:23:1: note: in expansion of macro 'VECTORIZE4_ttti'\n   23 | VECTORIZE4_ttti(dnorm)\n      | ^~~~~~~~~~~~~~~\nPOPULATIONS//POPULATION_0014//INDIVIDUAL_30DSH827/model.cpp:172:17: note:   mismatched types 'const tmbutils::vector<Type>' and 'double'\n  172 |     nll -= dnorm(log(fast_dat(t) + min_val), log(fast_pred(t) + min_val), 0.25, true);\n      |            ~~~~~^~~~~~~~~~~~~~~~~~~~~~~~~~~~~~~~~~~~~~~~~~~~~~~~~~~~~~~~~~~~~~~~~~~~~\nC:/Users/spi085/AppData/Local/Programs/R/R-4.4.1/library/TMB/include/dnorm.hpp:23:17: note: candidate: 'template<class Type> tmbutils::vector<Type> dnorm(const tmbutils::vector<Type>&, const tmbutils::vector<Type>&, Type, int)'\n   23 | VECTORIZE4_ttti(dnorm)\n      |                 ^~~~~\nC:/Users/spi085/AppData/Local/Programs/R/R-4.4.1/library/TMB/include/Vectorize.hpp:38:14: note: in definition of macro 'GVECTORIZE'\n   38 | vector<Type> FUN( declare##Type1(arg1) comma##Type2                     \\\n      |              ^~~\nC:/Users/spi085/AppData/Local/Programs/R/R-4.4.1/library/TMB/include/dnorm.hpp:23:1: note: in expansion of macro 'VECTORIZE4_ttti'\n   23 | VECTORIZE4_ttti(dnorm)\n      | ^~~~~~~~~~~~~~~\nC:/Users/spi085/AppData/Local/Programs/R/R-4.4.1/library/TMB/include/dnorm.hpp:23:17: note:   template argument deduction/substitution failed:\n   23 | VECTORIZE4_ttti(dnorm)\n      |                 ^~~~~\nC:/Users/spi085/AppData/Local/Programs/R/R-4.4.1/library/TMB/include/Vectorize.hpp:38:14: note: in definition of macro 'GVECTORIZE'\n   38 | vector<Type> FUN( declare##Type1(arg1) comma##Type2                     \\\n      |              ^~~\nC:/Users/spi085/AppData/Local/Programs/R/R-4.4.1/library/TMB/include/dnorm.hpp:23:1: note: in expansion of macro 'VECTORIZE4_ttti'\n   23 | VECTORIZE4_ttti(dnorm)\n      | ^~~~~~~~~~~~~~~\nPOPULATIONS//POPULATION_0014//INDIVIDUAL_30DSH827/model.cpp:172:17: note:   'CppAD::AD<CppAD::AD<double> >' is not derived from 'const tmbutils::vector<Type>'\n  172 |     nll -= dnorm(log(fast_dat(t) + min_val), log(fast_pred(t) + min_val), 0.25, true);\n      |            ~~~~~^~~~~~~~~~~~~~~~~~~~~~~~~~~~~~~~~~~~~~~~~~~~~~~~~~~~~~~~~~~~~~~~~~~~~\nC:/Users/spi085/AppData/Local/Programs/R/R-4.4.1/library/TMB/include/dnorm.hpp:23:17: note: candidate: 'template<class Type> tmbutils::vector<Type> dnorm(Type, const tmbutils::vector<Type>&, const tmbutils::vector<Type>&, int)'\n   23 | VECTORIZE4_ttti(dnorm)\n      |                 ^~~~~\nC:/Users/spi085/AppData/Local/Programs/R/R-4.4.1/library/TMB/include/Vectorize.hpp:38:14: note: in definition of macro 'GVECTORIZE'\n   38 | vector<Type> FUN( declare##Type1(arg1) comma##Type2                     \\\n      |              ^~~\nC:/Users/spi085/AppData/Local/Programs/R/R-4.4.1/library/TMB/include/dnorm.hpp:23:1: note: in expansion of macro 'VECTORIZE4_ttti'\n   23 | VECTORIZE4_ttti(dnorm)\n      | ^~~~~~~~~~~~~~~\nC:/Users/spi085/AppData/Local/Programs/R/R-4.4.1/library/TMB/include/dnorm.hpp:23:17: note:   template argument deduction/substitution failed:\n   23 | VECTORIZE4_ttti(dnorm)\n      |                 ^~~~~\nC:/Users/spi085/AppData/Local/Programs/R/R-4.4.1/library/TMB/include/Vectorize.hpp:38:14: note: in definition of macro 'GVECTORIZE'\n   38 | vector<Type> FUN( declare##Type1(arg1) comma##Type2                     \\\n      |              ^~~\nC:/Users/spi085/AppData/Local/Programs/R/R-4.4.1/library/TMB/include/dnorm.hpp:23:1: note: in expansion of macro 'VECTORIZE4_ttti'\n   23 | VECTORIZE4_ttti(dnorm)\n      | ^~~~~~~~~~~~~~~\nPOPULATIONS//POPULATION_0014//INDIVIDUAL_30DSH827/model.cpp:172:17: note:   'CppAD::AD<CppAD::AD<double> >' is not derived from 'const tmbutils::vector<Type>'\n  172 |     nll -= dnorm(log(fast_dat(t) + min_val), log(fast_pred(t) + min_val), 0.25, true);\n      |            ~~~~~^~~~~~~~~~~~~~~~~~~~~~~~~~~~~~~~~~~~~~~~~~~~~~~~~~~~~~~~~~~~~~~~~~~~~\nC:/Users/spi085/AppData/Local/Programs/R/R-4.4.1/library/TMB/include/dnorm.hpp:23:17: note: candidate: 'template<class Type> tmbutils::vector<Type> dnorm(const tmbutils::vector<Type>&, Type, const tmbutils::vector<Type>&, int)'\n   23 | VECTORIZE4_ttti(dnorm)\n      |                 ^~~~~\nC:/Users/spi085/AppData/Local/Programs/R/R-4.4.1/library/TMB/include/Vectorize.hpp:38:14: note: in definition of macro 'GVECTORIZE'\n   38 | vector<Type> FUN( declare##Type1(arg1) comma##Type2                     \\\n      |              ^~~\nC:/Users/spi085/AppData/Local/Programs/R/R-4.4.1/library/TMB/include/dnorm.hpp:23:1: note: in expansion of macro 'VECTORIZE4_ttti'\n   23 | VECTORIZE4_ttti(dnorm)\n      | ^~~~~~~~~~~~~~~\nC:/Users/spi085/AppData/Local/Programs/R/R-4.4.1/library/TMB/include/dnorm.hpp:23:17: note:   template argument deduction/substitution failed:\n   23 | VECTORIZE4_ttti(dnorm)\n      |                 ^~~~~\nC:/Users/spi085/AppData/Local/Programs/R/R-4.4.1/library/TMB/include/Vectorize.hpp:38:14: note: in definition of macro 'GVECTORIZE'\n   38 | vector<Type> FUN( declare##Type1(arg1) comma##Type2                     \\\n      |              ^~~\nC:/Users/spi085/AppData/Local/Programs/R/R-4.4.1/library/TMB/include/dnorm.hpp:23:1: note: in expansion of macro 'VECTORIZE4_ttti'\n   23 | VECTORIZE4_ttti(dnorm)\n      | ^~~~~~~~~~~~~~~\nPOPULATIONS//POPULATION_0014//INDIVIDUAL_30DSH827/model.cpp:172:17: note:   'CppAD::AD<CppAD::AD<double> >' is not derived from 'const tmbutils::vector<Type>'\n  172 |     nll -= dnorm(log(fast_dat(t) + min_val), log(fast_pred(t) + min_val), 0.25, true);\n      |            ~~~~~^~~~~~~~~~~~~~~~~~~~~~~~~~~~~~~~~~~~~~~~~~~~~~~~~~~~~~~~~~~~~~~~~~~~~\nC:/Users/spi085/AppData/Local/Programs/R/R-4.4.1/library/TMB/include/dnorm.hpp:23:17: note: candidate: 'template<class Type> tmbutils::vector<Type> dnorm(const tmbutils::vector<Type>&, const tmbutils::vector<Type>&, const tmbutils::vector<Type>&, int)'\n   23 | VECTORIZE4_ttti(dnorm)\n      |                 ^~~~~\nC:/Users/spi085/AppData/Local/Programs/R/R-4.4.1/library/TMB/include/Vectorize.hpp:38:14: note: in definition of macro 'GVECTORIZE'\n   38 | vector<Type> FUN( declare##Type1(arg1) comma##Type2                     \\\n      |              ^~~\nC:/Users/spi085/AppData/Local/Programs/R/R-4.4.1/library/TMB/include/dnorm.hpp:23:1: note: in expansion of macro 'VECTORIZE4_ttti'\n   23 | VECTORIZE4_ttti(dnorm)\n      | ^~~~~~~~~~~~~~~\nC:/Users/spi085/AppData/Local/Programs/R/R-4.4.1/library/TMB/include/dnorm.hpp:23:17: note:   template argument deduction/substitution failed:\n   23 | VECTORIZE4_ttti(dnorm)\n      |                 ^~~~~\nC:/Users/spi085/AppData/Local/Programs/R/R-4.4.1/library/TMB/include/Vectorize.hpp:38:14: note: in definition of macro 'GVECTORIZE'\n   38 | vector<Type> FUN( declare##Type1(arg1) comma##Type2                     \\\n      |              ^~~\nC:/Users/spi085/AppData/Local/Programs/R/R-4.4.1/library/TMB/include/dnorm.hpp:23:1: note: in expansion of macro 'VECTORIZE4_ttti'\n   23 | VECTORIZE4_ttti(dnorm)\n      | ^~~~~~~~~~~~~~~\nPOPULATIONS//POPULATION_0014//INDIVIDUAL_30DSH827/model.cpp:172:17: note:   'CppAD::AD<CppAD::AD<double> >' is not derived from 'const tmbutils::vector<Type>'\n  172 |     nll -= dnorm(log(fast_dat(t) + min_val), log(fast_pred(t) + min_val), 0.25, true);\n      |            ~~~~~^~~~~~~~~~~~~~~~~~~~~~~~~~~~~~~~~~~~~~~~~~~~~~~~~~~~~~~~~~~~~~~~~~~~~\nPOPULATIONS//POPULATION_0014//INDIVIDUAL_30DSH827/model.cpp: In instantiation of 'Type objective_function<Type>::operator()() [with Type = CppAD::AD<CppAD::AD<CppAD::AD<double> > >]':\nC:/Users/spi085/AppData/Local/Programs/R/R-4.4.1/library/TMB/include/tmb_core.hpp:913:29:   required from 'Type objective_function<Type>::evalUserTemplate() [with Type = CppAD::AD<CppAD::AD<CppAD::AD<double> > >]'\nC:/Users/spi085/AppData/Local/Programs/R/R-4.4.1/library/TMB/include/tmb_core.hpp:2361:28:   required from here\nPOPULATIONS//POPULATION_0014//INDIVIDUAL_30DSH827/model.cpp:69:15: error: no matching function for call to 'dnorm(CppAD::AD<CppAD::AD<CppAD::AD<double> > >, CppAD::AD<CppAD::AD<CppAD::AD<double> > >, double, bool)'\n   69 |   nll -= dnorm(log(cots_dat(0) + min_val), log(cots_pred(0) + min_val), 0.3, true);\n      |          ~~~~~^~~~~~~~~~~~~~~~~~~~~~~~~~~~~~~~~~~~~~~~~~~~~~~~~~~~~~~~~~~~~~~~~~~~\nC:/Users/spi085/AppData/Local/Programs/R/R-4.4.1/library/TMB/include/dnorm.hpp:17:6: note: candidate: 'template<class Type> Type dnorm(Type, Type, Type, int)'\n   17 | Type dnorm(Type x, Type mean, Type sd, int give_log=0)\n      |      ^~~~~\nC:/Users/spi085/AppData/Local/Programs/R/R-4.4.1/library/TMB/include/dnorm.hpp:17:6: note:   template argument deduction/substitution failed:\nPOPULATIONS//POPULATION_0014//INDIVIDUAL_30DSH827/model.cpp:69:15: note:   deduced conflicting types for parameter 'Type' ('CppAD::AD<CppAD::AD<CppAD::AD<double> > >' and 'double')\n   69 |   nll -= dnorm(log(cots_dat(0) + min_val), log(cots_pred(0) + min_val), 0.3, true);\n      |          ~~~~~^~~~~~~~~~~~~~~~~~~~~~~~~~~~~~~~~~~~~~~~~~~~~~~~~~~~~~~~~~~~~~~~~~~~\nC:/Users/spi085/AppData/Local/Programs/R/R-4.4.1/library/TMB/include/dnorm.hpp:23:17: note: candidate: 'template<class Type> tmbutils::vector<Type> dnorm(const tmbutils::vector<Type>&, Type, Type, int)'\n   23 | VECTORIZE4_ttti(dnorm)\n      |                 ^~~~~\nC:/Users/spi085/AppData/Local/Programs/R/R-4.4.1/library/TMB/include/Vectorize.hpp:38:14: note: in definition of macro 'GVECTORIZE'\n   38 | vector<Type> FUN( declare##Type1(arg1) comma##Type2                     \\\n      |              ^~~\nC:/Users/spi085/AppData/Local/Programs/R/R-4.4.1/library/TMB/include/dnorm.hpp:23:1: note: in expansion of macro 'VECTORIZE4_ttti'\n   23 | VECTORIZE4_ttti(dnorm)\n      | ^~~~~~~~~~~~~~~\nC:/Users/spi085/AppData/Local/Programs/R/R-4.4.1/library/TMB/include/dnorm.hpp:23:17: note:   template argument deduction/substitution failed:\n   23 | VECTORIZE4_ttti(dnorm)\n      |                 ^~~~~\nC:/Users/spi085/AppData/Local/Programs/R/R-4.4.1/library/TMB/include/Vectorize.hpp:38:14: note: in definition of macro 'GVECTORIZE'\n   38 | vector<Type> FUN( declare##Type1(arg1) comma##Type2                     \\\n      |              ^~~\nC:/Users/spi085/AppData/Local/Programs/R/R-4.4.1/library/TMB/include/dnorm.hpp:23:1: note: in expansion of macro 'VECTORIZE4_ttti'\n   23 | VECTORIZE4_ttti(dnorm)\n      | ^~~~~~~~~~~~~~~\nPOPULATIONS//POPULATION_0014//INDIVIDUAL_30DSH827/model.cpp:69:15: note:   'CppAD::AD<CppAD::AD<CppAD::AD<double> > >' is not derived from 'const tmbutils::vector<Type>'\n   69 |   nll -= dnorm(log(cots_dat(0) + min_val), log(cots_pred(0) + min_val), 0.3, true);\n      |          ~~~~~^~~~~~~~~~~~~~~~~~~~~~~~~~~~~~~~~~~~~~~~~~~~~~~~~~~~~~~~~~~~~~~~~~~~\nC:/Users/spi085/AppData/Local/Programs/R/R-4.4.1/library/TMB/include/dnorm.hpp:23:17: note: candidate: 'template<class Type> tmbutils::vector<Type> dnorm(Type, const tmbutils::vector<Type>&, Type, int)'\n   23 | VECTORIZE4_ttti(dnorm)\n      |                 ^~~~~\nC:/Users/spi085/AppData/Local/Programs/R/R-4.4.1/library/TMB/include/Vectorize.hpp:38:14: note: in definition of macro 'GVECTORIZE'\n   38 | vector<Type> FUN( declare##Type1(arg1) comma##Type2                     \\\n      |              ^~~\nC:/Users/spi085/AppData/Local/Programs/R/R-4.4.1/library/TMB/include/dnorm.hpp:23:1: note: in expansion of macro 'VECTORIZE4_ttti'\n   23 | VECTORIZE4_ttti(dnorm)\n      | ^~~~~~~~~~~~~~~\nC:/Users/spi085/AppData/Local/Programs/R/R-4.4.1/library/TMB/include/dnorm.hpp:23:17: note:   template argument deduction/substitution failed:\n   23 | VECTORIZE4_ttti(dnorm)\n      |                 ^~~~~\nC:/Users/spi085/AppData/Local/Programs/R/R-4.4.1/library/TMB/include/Vectorize.hpp:38:14: note: in definition of macro 'GVECTORIZE'\n   38 | vector<Type> FUN( declare##Type1(arg1) comma##Type2                     \\\n      |              ^~~\nC:/Users/spi085/AppData/Local/Programs/R/R-4.4.1/library/TMB/include/dnorm.hpp:23:1: note: in expansion of macro 'VECTORIZE4_ttti'\n   23 | VECTORIZE4_ttti(dnorm)\n      | ^~~~~~~~~~~~~~~\nPOPULATIONS//POPULATION_0014//INDIVIDUAL_30DSH827/model.cpp:69:15: note:   'CppAD::AD<CppAD::AD<CppAD::AD<double> > >' is not derived from 'const tmbutils::vector<Type>'\n   69 |   nll -= dnorm(log(cots_dat(0) + min_val), log(cots_pred(0) + min_val), 0.3, true);\n      |          ~~~~~^~~~~~~~~~~~~~~~~~~~~~~~~~~~~~~~~~~~~~~~~~~~~~~~~~~~~~~~~~~~~~~~~~~~\nC:/Users/spi085/AppData/Local/Programs/R/R-4.4.1/library/TMB/include/dnorm.hpp:23:17: note: candidate: 'template<class Type> tmbutils::vector<Type> dnorm(Type, Type, const tmbutils::vector<Type>&, int)'\n   23 | VECTORIZE4_ttti(dnorm)\n      |                 ^~~~~\nC:/Users/spi085/AppData/Local/Programs/R/R-4.4.1/library/TMB/include/Vectorize.hpp:38:14: note: in definition of macro 'GVECTORIZE'\n   38 | vector<Type> FUN( declare##Type1(arg1) comma##Type2                     \\\n      |              ^~~\nC:/Users/spi085/AppData/Local/Programs/R/R-4.4.1/library/TMB/include/dnorm.hpp:23:1: note: in expansion of macro 'VECTORIZE4_ttti'\n   23 | VECTORIZE4_ttti(dnorm)\n      | ^~~~~~~~~~~~~~~\nC:/Users/spi085/AppData/Local/Programs/R/R-4.4.1/library/TMB/include/dnorm.hpp:23:17: note:   template argument deduction/substitution failed:\n   23 | VECTORIZE4_ttti(dnorm)\n      |                 ^~~~~\nC:/Users/spi085/AppData/Local/Programs/R/R-4.4.1/library/TMB/include/Vectorize.hpp:38:14: note: in definition of macro 'GVECTORIZE'\n   38 | vector<Type> FUN( declare##Type1(arg1) comma##Type2                     \\\n      |              ^~~\nC:/Users/spi085/AppData/Local/Programs/R/R-4.4.1/library/TMB/include/dnorm.hpp:23:1: note: in expansion of macro 'VECTORIZE4_ttti'\n   23 | VECTORIZE4_ttti(dnorm)\n      | ^~~~~~~~~~~~~~~\nPOPULATIONS//POPULATION_0014//INDIVIDUAL_30DSH827/model.cpp:69:15: note:   mismatched types 'const tmbutils::vector<Type>' and 'double'\n   69 |   nll -= dnorm(log(cots_dat(0) + min_val), log(cots_pred(0) + min_val), 0.3, true);\n      |          ~~~~~^~~~~~~~~~~~~~~~~~~~~~~~~~~~~~~~~~~~~~~~~~~~~~~~~~~~~~~~~~~~~~~~~~~~\nC:/Users/spi085/AppData/Local/Programs/R/R-4.4.1/library/TMB/include/dnorm.hpp:23:17: note: candidate: 'template<class Type> tmbutils::vector<Type> dnorm(const tmbutils::vector<Type>&, const tmbutils::vector<Type>&, Type, int)'\n   23 | VECTORIZE4_ttti(dnorm)\n      |                 ^~~~~\nC:/Users/spi085/AppData/Local/Programs/R/R-4.4.1/library/TMB/include/Vectorize.hpp:38:14: note: in definition of macro 'GVECTORIZE'\n   38 | vector<Type> FUN( declare##Type1(arg1) comma##Type2                     \\\n      |              ^~~\nC:/Users/spi085/AppData/Local/Programs/R/R-4.4.1/library/TMB/include/dnorm.hpp:23:1: note: in expansion of macro 'VECTORIZE4_ttti'\n   23 | VECTORIZE4_ttti(dnorm)\n      | ^~~~~~~~~~~~~~~\nC:/Users/spi085/AppData/Local/Programs/R/R-4.4.1/library/TMB/include/dnorm.hpp:23:17: note:   template argument deduction/substitution failed:\n   23 | VECTORIZE4_ttti(dnorm)\n      |                 ^~~~~\nC:/Users/spi085/AppData/Local/Programs/R/R-4.4.1/library/TMB/include/Vectorize.hpp:38:14: note: in definition of macro 'GVECTORIZE'\n   38 | vector<Type> FUN( declare##Type1(arg1) comma##Type2                     \\\n      |              ^~~\nC:/Users/spi085/AppData/Local/Programs/R/R-4.4.1/library/TMB/include/dnorm.hpp:23:1: note: in expansion of macro 'VECTORIZE4_ttti'\n   23 | VECTORIZE4_ttti(dnorm)\n      | ^~~~~~~~~~~~~~~\nPOPULATIONS//POPULATION_0014//INDIVIDUAL_30DSH827/model.cpp:69:15: note:   'CppAD::AD<CppAD::AD<CppAD::AD<double> > >' is not derived from 'const tmbutils::vector<Type>'\n   69 |   nll -= dnorm(log(cots_dat(0) + min_val), log(cots_pred(0) + min_val), 0.3, true);\n      |          ~~~~~^~~~~~~~~~~~~~~~~~~~~~~~~~~~~~~~~~~~~~~~~~~~~~~~~~~~~~~~~~~~~~~~~~~~\nC:/Users/spi085/AppData/Local/Programs/R/R-4.4.1/library/TMB/include/dnorm.hpp:23:17: note: candidate: 'template<class Type> tmbutils::vector<Type> dnorm(Type, const tmbutils::vector<Type>&, const tmbutils::vector<Type>&, int)'\n   23 | VECTORIZE4_ttti(dnorm)\n      |                 ^~~~~\nC:/Users/spi085/AppData/Local/Programs/R/R-4.4.1/library/TMB/include/Vectorize.hpp:38:14: note: in definition of macro 'GVECTORIZE'\n   38 | vector<Type> FUN( declare##Type1(arg1) comma##Type2                     \\\n      |              ^~~\nC:/Users/spi085/AppData/Local/Programs/R/R-4.4.1/library/TMB/include/dnorm.hpp:23:1: note: in expansion of macro 'VECTORIZE4_ttti'\n   23 | VECTORIZE4_ttti(dnorm)\n      | ^~~~~~~~~~~~~~~\nC:/Users/spi085/AppData/Local/Programs/R/R-4.4.1/library/TMB/include/dnorm.hpp:23:17: note:   template argument deduction/substitution failed:\n   23 | VECTORIZE4_ttti(dnorm)\n      |                 ^~~~~\nC:/Users/spi085/AppData/Local/Programs/R/R-4.4.1/library/TMB/include/Vectorize.hpp:38:14: note: in definition of macro 'GVECTORIZE'\n   38 | vector<Type> FUN( declare##Type1(arg1) comma##Type2                     \\\n      |              ^~~\nC:/Users/spi085/AppData/Local/Programs/R/R-4.4.1/library/TMB/include/dnorm.hpp:23:1: note: in expansion of macro 'VECTORIZE4_ttti'\n   23 | VECTORIZE4_ttti(dnorm)\n      | ^~~~~~~~~~~~~~~\nPOPULATIONS//POPULATION_0014//INDIVIDUAL_30DSH827/model.cpp:69:15: note:   'CppAD::AD<CppAD::AD<CppAD::AD<double> > >' is not derived from 'const tmbutils::vector<Type>'\n   69 |   nll -= dnorm(log(cots_dat(0) + min_val), log(cots_pred(0) + min_val), 0.3, true);\n      |          ~~~~~^~~~~~~~~~~~~~~~~~~~~~~~~~~~~~~~~~~~~~~~~~~~~~~~~~~~~~~~~~~~~~~~~~~~\nC:/Users/spi085/AppData/Local/Programs/R/R-4.4.1/library/TMB/include/dnorm.hpp:23:17: note: candidate: 'template<class Type> tmbutils::vector<Type> dnorm(const tmbutils::vector<Type>&, Type, const tmbutils::vector<Type>&, int)'\n   23 | VECTORIZE4_ttti(dnorm)\n      |                 ^~~~~\nC:/Users/spi085/AppData/Local/Programs/R/R-4.4.1/library/TMB/include/Vectorize.hpp:38:14: note: in definition of macro 'GVECTORIZE'\n   38 | vector<Type> FUN( declare##Type1(arg1) comma##Type2                     \\\n      |              ^~~\nC:/Users/spi085/AppData/Local/Programs/R/R-4.4.1/library/TMB/include/dnorm.hpp:23:1: note: in expansion of macro 'VECTORIZE4_ttti'\n   23 | VECTORIZE4_ttti(dnorm)\n      | ^~~~~~~~~~~~~~~\nC:/Users/spi085/AppData/Local/Programs/R/R-4.4.1/library/TMB/include/dnorm.hpp:23:17: note:   template argument deduction/substitution failed:\n   23 | VECTORIZE4_ttti(dnorm)\n      |                 ^~~~~\nC:/Users/spi085/AppData/Local/Programs/R/R-4.4.1/library/TMB/include/Vectorize.hpp:38:14: note: in definition of macro 'GVECTORIZE'\n   38 | vector<Type> FUN( declare##Type1(arg1) comma##Type2                     \\\n      |              ^~~\nC:/Users/spi085/AppData/Local/Programs/R/R-4.4.1/library/TMB/include/dnorm.hpp:23:1: note: in expansion of macro 'VECTORIZE4_ttti'\n   23 | VECTORIZE4_ttti(dnorm)\n      | ^~~~~~~~~~~~~~~\nPOPULATIONS//POPULATION_0014//INDIVIDUAL_30DSH827/model.cpp:69:15: note:   'CppAD::AD<CppAD::AD<CppAD::AD<double> > >' is not derived from 'const tmbutils::vector<Type>'\n   69 |   nll -= dnorm(log(cots_dat(0) + min_val), log(cots_pred(0) + min_val), 0.3, true);\n      |          ~~~~~^~~~~~~~~~~~~~~~~~~~~~~~~~~~~~~~~~~~~~~~~~~~~~~~~~~~~~~~~~~~~~~~~~~~\nC:/Users/spi085/AppData/Local/Programs/R/R-4.4.1/library/TMB/include/dnorm.hpp:23:17: note: candidate: 'template<class Type> tmbutils::vector<Type> dnorm(const tmbutils::vector<Type>&, const tmbutils::vector<Type>&, const tmbutils::vector<Type>&, int)'\n   23 | VECTORIZE4_ttti(dnorm)\n      |                 ^~~~~\nC:/Users/spi085/AppData/Local/Programs/R/R-4.4.1/library/TMB/include/Vectorize.hpp:38:14: note: in definition of macro 'GVECTORIZE'\n   38 | vector<Type> FUN( declare##Type1(arg1) comma##Type2                     \\\n      |              ^~~\nC:/Users/spi085/AppData/Local/Programs/R/R-4.4.1/library/TMB/include/dnorm.hpp:23:1: note: in expansion of macro 'VECTORIZE4_ttti'\n   23 | VECTORIZE4_ttti(dnorm)\n      | ^~~~~~~~~~~~~~~\nC:/Users/spi085/AppData/Local/Programs/R/R-4.4.1/library/TMB/include/dnorm.hpp:23:17: note:   template argument deduction/substitution failed:\n   23 | VECTORIZE4_ttti(dnorm)\n      |                 ^~~~~\nC:/Users/spi085/AppData/Local/Programs/R/R-4.4.1/library/TMB/include/Vectorize.hpp:38:14: note: in definition of macro 'GVECTORIZE'\n   38 | vector<Type> FUN( declare##Type1(arg1) comma##Type2                     \\\n      |              ^~~\nC:/Users/spi085/AppData/Local/Programs/R/R-4.4.1/library/TMB/include/dnorm.hpp:23:1: note: in expansion of macro 'VECTORIZE4_ttti'\n   23 | VECTORIZE4_ttti(dnorm)\n      | ^~~~~~~~~~~~~~~\nPOPULATIONS//POPULATION_0014//INDIVIDUAL_30DSH827/model.cpp:69:15: note:   'CppAD::AD<CppAD::AD<CppAD::AD<double> > >' is not derived from 'const tmbutils::vector<Type>'\n   69 |   nll -= dnorm(log(cots_dat(0) + min_val), log(cots_pred(0) + min_val), 0.3, true);\n      |          ~~~~~^~~~~~~~~~~~~~~~~~~~~~~~~~~~~~~~~~~~~~~~~~~~~~~~~~~~~~~~~~~~~~~~~~~~\nPOPULATIONS//POPULATION_0014//INDIVIDUAL_30DSH827/model.cpp:70:15: error: no matching function for call to 'dnorm(CppAD::AD<CppAD::AD<CppAD::AD<double> > >, CppAD::AD<CppAD::AD<CppAD::AD<double> > >, double, bool)'\n   70 |   nll -= dnorm(log(slow_dat(0) + min_val), log(slow_pred(0) + min_val), 0.2, true);\n      |          ~~~~~^~~~~~~~~~~~~~~~~~~~~~~~~~~~~~~~~~~~~~~~~~~~~~~~~~~~~~~~~~~~~~~~~~~~\nC:/Users/spi085/AppData/Local/Programs/R/R-4.4.1/library/TMB/include/dnorm.hpp:17:6: note: candidate: 'template<class Type> Type dnorm(Type, Type, Type, int)'\n   17 | Type dnorm(Type x, Type mean, Type sd, int give_log=0)\n      |      ^~~~~\nC:/Users/spi085/AppData/Local/Programs/R/R-4.4.1/library/TMB/include/dnorm.hpp:17:6: note:   template argument deduction/substitution failed:\nPOPULATIONS//POPULATION_0014//INDIVIDUAL_30DSH827/model.cpp:70:15: note:   deduced conflicting types for parameter 'Type' ('CppAD::AD<CppAD::AD<CppAD::AD<double> > >' and 'double')\n   70 |   nll -= dnorm(log(slow_dat(0) + min_val), log(slow_pred(0) + min_val), 0.2, true);\n      |          ~~~~~^~~~~~~~~~~~~~~~~~~~~~~~~~~~~~~~~~~~~~~~~~~~~~~~~~~~~~~~~~~~~~~~~~~~\nC:/Users/spi085/AppData/Local/Programs/R/R-4.4.1/library/TMB/include/dnorm.hpp:23:17: note: candidate: 'template<class Type> tmbutils::vector<Type> dnorm(const tmbutils::vector<Type>&, Type, Type, int)'\n   23 | VECTORIZE4_ttti(dnorm)\n      |                 ^~~~~\nC:/Users/spi085/AppData/Local/Programs/R/R-4.4.1/library/TMB/include/Vectorize.hpp:38:14: note: in definition of macro 'GVECTORIZE'\n   38 | vector<Type> FUN( declare##Type1(arg1) comma##Type2                     \\\n      |              ^~~\nC:/Users/spi085/AppData/Local/Programs/R/R-4.4.1/library/TMB/include/dnorm.hpp:23:1: note: in expansion of macro 'VECTORIZE4_ttti'\n   23 | VECTORIZE4_ttti(dnorm)\n      | ^~~~~~~~~~~~~~~\nC:/Users/spi085/AppData/Local/Programs/R/R-4.4.1/library/TMB/include/dnorm.hpp:23:17: note:   template argument deduction/substitution failed:\n   23 | VECTORIZE4_ttti(dnorm)\n      |                 ^~~~~\nC:/Users/spi085/AppData/Local/Programs/R/R-4.4.1/library/TMB/include/Vectorize.hpp:38:14: note: in definition of macro 'GVECTORIZE'\n   38 | vector<Type> FUN( declare##Type1(arg1) comma##Type2                     \\\n      |              ^~~\nC:/Users/spi085/AppData/Local/Programs/R/R-4.4.1/library/TMB/include/dnorm.hpp:23:1: note: in expansion of macro 'VECTORIZE4_ttti'\n   23 | VECTORIZE4_ttti(dnorm)\n      | ^~~~~~~~~~~~~~~\nPOPULATIONS//POPULATION_0014//INDIVIDUAL_30DSH827/model.cpp:70:15: note:   'CppAD::AD<CppAD::AD<CppAD::AD<double> > >' is not derived from 'const tmbutils::vector<Type>'\n   70 |   nll -= dnorm(log(slow_dat(0) + min_val), log(slow_pred(0) + min_val), 0.2, true);\n      |          ~~~~~^~~~~~~~~~~~~~~~~~~~~~~~~~~~~~~~~~~~~~~~~~~~~~~~~~~~~~~~~~~~~~~~~~~~\nC:/Users/spi085/AppData/Local/Programs/R/R-4.4.1/library/TMB/include/dnorm.hpp:23:17: note: candidate: 'template<class Type> tmbutils::vector<Type> dnorm(Type, const tmbutils::vector<Type>&, Type, int)'\n   23 | VECTORIZE4_ttti(dnorm)\n      |                 ^~~~~\nC:/Users/spi085/AppData/Local/Programs/R/R-4.4.1/library/TMB/include/Vectorize.hpp:38:14: note: in definition of macro 'GVECTORIZE'\n   38 | vector<Type> FUN( declare##Type1(arg1) comma##Type2                     \\\n      |              ^~~\nC:/Users/spi085/AppData/Local/Programs/R/R-4.4.1/library/TMB/include/dnorm.hpp:23:1: note: in expansion of macro 'VECTORIZE4_ttti'\n   23 | VECTORIZE4_ttti(dnorm)\n      | ^~~~~~~~~~~~~~~\nC:/Users/spi085/AppData/Local/Programs/R/R-4.4.1/library/TMB/include/dnorm.hpp:23:17: note:   template argument deduction/substitution failed:\n   23 | VECTORIZE4_ttti(dnorm)\n      |                 ^~~~~\nC:/Users/spi085/AppData/Local/Programs/R/R-4.4.1/library/TMB/include/Vectorize.hpp:38:14: note: in definition of macro 'GVECTORIZE'\n   38 | vector<Type> FUN( declare##Type1(arg1) comma##Type2                     \\\n      |              ^~~\nC:/Users/spi085/AppData/Local/Programs/R/R-4.4.1/library/TMB/include/dnorm.hpp:23:1: note: in expansion of macro 'VECTORIZE4_ttti'\n   23 | VECTORIZE4_ttti(dnorm)\n      | ^~~~~~~~~~~~~~~\nPOPULATIONS//POPULATION_0014//INDIVIDUAL_30DSH827/model.cpp:70:15: note:   'CppAD::AD<CppAD::AD<CppAD::AD<double> > >' is not derived from 'const tmbutils::vector<Type>'\n   70 |   nll -= dnorm(log(slow_dat(0) + min_val), log(slow_pred(0) + min_val), 0.2, true);\n      |          ~~~~~^~~~~~~~~~~~~~~~~~~~~~~~~~~~~~~~~~~~~~~~~~~~~~~~~~~~~~~~~~~~~~~~~~~~\nC:/Users/spi085/AppData/Local/Programs/R/R-4.4.1/library/TMB/include/dnorm.hpp:23:17: note: candidate: 'template<class Type> tmbutils::vector<Type> dnorm(Type, Type, const tmbutils::vector<Type>&, int)'\n   23 | VECTORIZE4_ttti(dnorm)\n      |                 ^~~~~\nC:/Users/spi085/AppData/Local/Programs/R/R-4.4.1/library/TMB/include/Vectorize.hpp:38:14: note: in definition of macro 'GVECTORIZE'\n   38 | vector<Type> FUN( declare##Type1(arg1) comma##Type2                     \\\n      |              ^~~\nC:/Users/spi085/AppData/Local/Programs/R/R-4.4.1/library/TMB/include/dnorm.hpp:23:1: note: in expansion of macro 'VECTORIZE4_ttti'\n   23 | VECTORIZE4_ttti(dnorm)\n      | ^~~~~~~~~~~~~~~\nC:/Users/spi085/AppData/Local/Programs/R/R-4.4.1/library/TMB/include/dnorm.hpp:23:17: note:   template argument deduction/substitution failed:\n   23 | VECTORIZE4_ttti(dnorm)\n      |                 ^~~~~\nC:/Users/spi085/AppData/Local/Programs/R/R-4.4.1/library/TMB/include/Vectorize.hpp:38:14: note: in definition of macro 'GVECTORIZE'\n   38 | vector<Type> FUN( declare##Type1(arg1) comma##Type2                     \\\n      |              ^~~\nC:/Users/spi085/AppData/Local/Programs/R/R-4.4.1/library/TMB/include/dnorm.hpp:23:1: note: in expansion of macro 'VECTORIZE4_ttti'\n   23 | VECTORIZE4_ttti(dnorm)\n      | ^~~~~~~~~~~~~~~\nPOPULATIONS//POPULATION_0014//INDIVIDUAL_30DSH827/model.cpp:70:15: note:   mismatched types 'const tmbutils::vector<Type>' and 'double'\n   70 |   nll -= dnorm(log(slow_dat(0) + min_val), log(slow_pred(0) + min_val), 0.2, true);\n      |          ~~~~~^~~~~~~~~~~~~~~~~~~~~~~~~~~~~~~~~~~~~~~~~~~~~~~~~~~~~~~~~~~~~~~~~~~~\nC:/Users/spi085/AppData/Local/Programs/R/R-4.4.1/library/TMB/include/dnorm.hpp:23:17: note: candidate: 'template<class Type> tmbutils::vector<Type> dnorm(const tmbutils::vector<Type>&, const tmbutils::vector<Type>&, Type, int)'\n   23 | VECTORIZE4_ttti(dnorm)\n      |                 ^~~~~\nC:/Users/spi085/AppData/Local/Programs/R/R-4.4.1/library/TMB/include/Vectorize.hpp:38:14: note: in definition of macro 'GVECTORIZE'\n   38 | vector<Type> FUN( declare##Type1(arg1) comma##Type2                     \\\n      |              ^~~\nC:/Users/spi085/AppData/Local/Programs/R/R-4.4.1/library/TMB/include/dnorm.hpp:23:1: note: in expansion of macro 'VECTORIZE4_ttti'\n   23 | VECTORIZE4_ttti(dnorm)\n      | ^~~~~~~~~~~~~~~\nC:/Users/spi085/AppData/Local/Programs/R/R-4.4.1/library/TMB/include/dnorm.hpp:23:17: note:   template argument deduction/substitution failed:\n   23 | VECTORIZE4_ttti(dnorm)\n      |                 ^~~~~\nC:/Users/spi085/AppData/Local/Programs/R/R-4.4.1/library/TMB/include/Vectorize.hpp:38:14: note: in definition of macro 'GVECTORIZE'\n   38 | vector<Type> FUN( declare##Type1(arg1) comma##Type2                     \\\n      |              ^~~\nC:/Users/spi085/AppData/Local/Programs/R/R-4.4.1/library/TMB/include/dnorm.hpp:23:1: note: in expansion of macro 'VECTORIZE4_ttti'\n   23 | VECTORIZE4_ttti(dnorm)\n      | ^~~~~~~~~~~~~~~\nPOPULATIONS//POPULATION_0014//INDIVIDUAL_30DSH827/model.cpp:70:15: note:   'CppAD::AD<CppAD::AD<CppAD::AD<double> > >' is not derived from 'const tmbutils::vector<Type>'\n   70 |   nll -= dnorm(log(slow_dat(0) + min_val), log(slow_pred(0) + min_val), 0.2, true);\n      |          ~~~~~^~~~~~~~~~~~~~~~~~~~~~~~~~~~~~~~~~~~~~~~~~~~~~~~~~~~~~~~~~~~~~~~~~~~\nC:/Users/spi085/AppData/Local/Programs/R/R-4.4.1/library/TMB/include/dnorm.hpp:23:17: note: candidate: 'template<class Type> tmbutils::vector<Type> dnorm(Type, const tmbutils::vector<Type>&, const tmbutils::vector<Type>&, int)'\n   23 | VECTORIZE4_ttti(dnorm)\n      |                 ^~~~~\nC:/Users/spi085/AppData/Local/Programs/R/R-4.4.1/library/TMB/include/Vectorize.hpp:38:14: note: in definition of macro 'GVECTORIZE'\n   38 | vector<Type> FUN( declare##Type1(arg1) comma##Type2                     \\\n      |              ^~~\nC:/Users/spi085/AppData/Local/Programs/R/R-4.4.1/library/TMB/include/dnorm.hpp:23:1: note: in expansion of macro 'VECTORIZE4_ttti'\n   23 | VECTORIZE4_ttti(dnorm)\n      | ^~~~~~~~~~~~~~~\nC:/Users/spi085/AppData/Local/Programs/R/R-4.4.1/library/TMB/include/dnorm.hpp:23:17: note:   template argument deduction/substitution failed:\n   23 | VECTORIZE4_ttti(dnorm)\n      |                 ^~~~~\nC:/Users/spi085/AppData/Local/Programs/R/R-4.4.1/library/TMB/include/Vectorize.hpp:38:14: note: in definition of macro 'GVECTORIZE'\n   38 | vector<Type> FUN( declare##Type1(arg1) comma##Type2                     \\\n      |              ^~~\nC:/Users/spi085/AppData/Local/Programs/R/R-4.4.1/library/TMB/include/dnorm.hpp:23:1: note: in expansion of macro 'VECTORIZE4_ttti'\n   23 | VECTORIZE4_ttti(dnorm)\n      | ^~~~~~~~~~~~~~~\nPOPULATIONS//POPULATION_0014//INDIVIDUAL_30DSH827/model.cpp:70:15: note:   'CppAD::AD<CppAD::AD<CppAD::AD<double> > >' is not derived from 'const tmbutils::vector<Type>'\n   70 |   nll -= dnorm(log(slow_dat(0) + min_val), log(slow_pred(0) + min_val), 0.2, true);\n      |          ~~~~~^~~~~~~~~~~~~~~~~~~~~~~~~~~~~~~~~~~~~~~~~~~~~~~~~~~~~~~~~~~~~~~~~~~~\nC:/Users/spi085/AppData/Local/Programs/R/R-4.4.1/library/TMB/include/dnorm.hpp:23:17: note: candidate: 'template<class Type> tmbutils::vector<Type> dnorm(const tmbutils::vector<Type>&, Type, const tmbutils::vector<Type>&, int)'\n   23 | VECTORIZE4_ttti(dnorm)\n      |                 ^~~~~\nC:/Users/spi085/AppData/Local/Programs/R/R-4.4.1/library/TMB/include/Vectorize.hpp:38:14: note: in definition of macro 'GVECTORIZE'\n   38 | vector<Type> FUN( declare##Type1(arg1) comma##Type2                     \\\n      |              ^~~\nC:/Users/spi085/AppData/Local/Programs/R/R-4.4.1/library/TMB/include/dnorm.hpp:23:1: note: in expansion of macro 'VECTORIZE4_ttti'\n   23 | VECTORIZE4_ttti(dnorm)\n      | ^~~~~~~~~~~~~~~\nC:/Users/spi085/AppData/Local/Programs/R/R-4.4.1/library/TMB/include/dnorm.hpp:23:17: note:   template argument deduction/substitution failed:\n   23 | VECTORIZE4_ttti(dnorm)\n      |                 ^~~~~\nC:/Users/spi085/AppData/Local/Programs/R/R-4.4.1/library/TMB/include/Vectorize.hpp:38:14: note: in definition of macro 'GVECTORIZE'\n   38 | vector<Type> FUN( declare##Type1(arg1) comma##Type2                     \\\n      |              ^~~\nC:/Users/spi085/AppData/Local/Programs/R/R-4.4.1/library/TMB/include/dnorm.hpp:23:1: note: in expansion of macro 'VECTORIZE4_ttti'\n   23 | VECTORIZE4_ttti(dnorm)\n      | ^~~~~~~~~~~~~~~\nPOPULATIONS//POPULATION_0014//INDIVIDUAL_30DSH827/model.cpp:70:15: note:   'CppAD::AD<CppAD::AD<CppAD::AD<double> > >' is not derived from 'const tmbutils::vector<Type>'\n   70 |   nll -= dnorm(log(slow_dat(0) + min_val), log(slow_pred(0) + min_val), 0.2, true);\n      |          ~~~~~^~~~~~~~~~~~~~~~~~~~~~~~~~~~~~~~~~~~~~~~~~~~~~~~~~~~~~~~~~~~~~~~~~~~\nC:/Users/spi085/AppData/Local/Programs/R/R-4.4.1/library/TMB/include/dnorm.hpp:23:17: note: candidate: 'template<class Type> tmbutils::vector<Type> dnorm(const tmbutils::vector<Type>&, const tmbutils::vector<Type>&, const tmbutils::vector<Type>&, int)'\n   23 | VECTORIZE4_ttti(dnorm)\n      |                 ^~~~~\nC:/Users/spi085/AppData/Local/Programs/R/R-4.4.1/library/TMB/include/Vectorize.hpp:38:14: note: in definition of macro 'GVECTORIZE'\n   38 | vector<Type> FUN( declare##Type1(arg1) comma##Type2                     \\\n      |              ^~~\nC:/Users/spi085/AppData/Local/Programs/R/R-4.4.1/library/TMB/include/dnorm.hpp:23:1: note: in expansion of macro 'VECTORIZE4_ttti'\n   23 | VECTORIZE4_ttti(dnorm)\n      | ^~~~~~~~~~~~~~~\nC:/Users/spi085/AppData/Local/Programs/R/R-4.4.1/library/TMB/include/dnorm.hpp:23:17: note:   template argument deduction/substitution failed:\n   23 | VECTORIZE4_ttti(dnorm)\n      |                 ^~~~~\nC:/Users/spi085/AppData/Local/Programs/R/R-4.4.1/library/TMB/include/Vectorize.hpp:38:14: note: in definition of macro 'GVECTORIZE'\n   38 | vector<Type> FUN( declare##Type1(arg1) comma##Type2                     \\\n      |              ^~~\nC:/Users/spi085/AppData/Local/Programs/R/R-4.4.1/library/TMB/include/dnorm.hpp:23:1: note: in expansion of macro 'VECTORIZE4_ttti'\n   23 | VECTORIZE4_ttti(dnorm)\n      | ^~~~~~~~~~~~~~~\nPOPULATIONS//POPULATION_0014//INDIVIDUAL_30DSH827/model.cpp:70:15: note:   'CppAD::AD<CppAD::AD<CppAD::AD<double> > >' is not derived from 'const tmbutils::vector<Type>'\n   70 |   nll -= dnorm(log(slow_dat(0) + min_val), log(slow_pred(0) + min_val), 0.2, true);\n      |          ~~~~~^~~~~~~~~~~~~~~~~~~~~~~~~~~~~~~~~~~~~~~~~~~~~~~~~~~~~~~~~~~~~~~~~~~~\nPOPULATIONS//POPULATION_0014//INDIVIDUAL_30DSH827/model.cpp:71:15: error: no matching function for call to 'dnorm(CppAD::AD<CppAD::AD<CppAD::AD<double> > >, CppAD::AD<CppAD::AD<CppAD::AD<double> > >, double, bool)'\n   71 |   nll -= dnorm(log(fast_dat(0) + min_val), log(fast_pred(0) + min_val), 0.25, true);\n      |          ~~~~~^~~~~~~~~~~~~~~~~~~~~~~~~~~~~~~~~~~~~~~~~~~~~~~~~~~~~~~~~~~~~~~~~~~~~\nC:/Users/spi085/AppData/Local/Programs/R/R-4.4.1/library/TMB/include/dnorm.hpp:17:6: note: candidate: 'template<class Type> Type dnorm(Type, Type, Type, int)'\n   17 | Type dnorm(Type x, Type mean, Type sd, int give_log=0)\n      |      ^~~~~\nC:/Users/spi085/AppData/Local/Programs/R/R-4.4.1/library/TMB/include/dnorm.hpp:17:6: note:   template argument deduction/substitution failed:\nPOPULATIONS//POPULATION_0014//INDIVIDUAL_30DSH827/model.cpp:71:15: note:   deduced conflicting types for parameter 'Type' ('CppAD::AD<CppAD::AD<CppAD::AD<double> > >' and 'double')\n   71 |   nll -= dnorm(log(fast_dat(0) + min_val), log(fast_pred(0) + min_val), 0.25, true);\n      |          ~~~~~^~~~~~~~~~~~~~~~~~~~~~~~~~~~~~~~~~~~~~~~~~~~~~~~~~~~~~~~~~~~~~~~~~~~~\nC:/Users/spi085/AppData/Local/Programs/R/R-4.4.1/library/TMB/include/dnorm.hpp:23:17: note: candidate: 'template<class Type> tmbutils::vector<Type> dnorm(const tmbutils::vector<Type>&, Type, Type, int)'\n   23 | VECTORIZE4_ttti(dnorm)\n      |                 ^~~~~\nC:/Users/spi085/AppData/Local/Programs/R/R-4.4.1/library/TMB/include/Vectorize.hpp:38:14: note: in definition of macro 'GVECTORIZE'\n   38 | vector<Type> FUN( declare##Type1(arg1) comma##Type2                     \\\n      |              ^~~\nC:/Users/spi085/AppData/Local/Programs/R/R-4.4.1/library/TMB/include/dnorm.hpp:23:1: note: in expansion of macro 'VECTORIZE4_ttti'\n   23 | VECTORIZE4_ttti(dnorm)\n      | ^~~~~~~~~~~~~~~\nC:/Users/spi085/AppData/Local/Programs/R/R-4.4.1/library/TMB/include/dnorm.hpp:23:17: note:   template argument deduction/substitution failed:\n   23 | VECTORIZE4_ttti(dnorm)\n      |                 ^~~~~\nC:/Users/spi085/AppData/Local/Programs/R/R-4.4.1/library/TMB/include/Vectorize.hpp:38:14: note: in definition of macro 'GVECTORIZE'\n   38 | vector<Type> FUN( declare##Type1(arg1) comma##Type2                     \\\n      |              ^~~\nC:/Users/spi085/AppData/Local/Programs/R/R-4.4.1/library/TMB/include/dnorm.hpp:23:1: note: in expansion of macro 'VECTORIZE4_ttti'\n   23 | VECTORIZE4_ttti(dnorm)\n      | ^~~~~~~~~~~~~~~\nPOPULATIONS//POPULATION_0014//INDIVIDUAL_30DSH827/model.cpp:71:15: note:   'CppAD::AD<CppAD::AD<CppAD::AD<double> > >' is not derived from 'const tmbutils::vector<Type>'\n   71 |   nll -= dnorm(log(fast_dat(0) + min_val), log(fast_pred(0) + min_val), 0.25, true);\n      |          ~~~~~^~~~~~~~~~~~~~~~~~~~~~~~~~~~~~~~~~~~~~~~~~~~~~~~~~~~~~~~~~~~~~~~~~~~~\nC:/Users/spi085/AppData/Local/Programs/R/R-4.4.1/library/TMB/include/dnorm.hpp:23:17: note: candidate: 'template<class Type> tmbutils::vector<Type> dnorm(Type, const tmbutils::vector<Type>&, Type, int)'\n   23 | VECTORIZE4_ttti(dnorm)\n      |                 ^~~~~\nC:/Users/spi085/AppData/Local/Programs/R/R-4.4.1/library/TMB/include/Vectorize.hpp:38:14: note: in definition of macro 'GVECTORIZE'\n   38 | vector<Type> FUN( declare##Type1(arg1) comma##Type2                     \\\n      |              ^~~\nC:/Users/spi085/AppData/Local/Programs/R/R-4.4.1/library/TMB/include/dnorm.hpp:23:1: note: in expansion of macro 'VECTORIZE4_ttti'\n   23 | VECTORIZE4_ttti(dnorm)\n      | ^~~~~~~~~~~~~~~\nC:/Users/spi085/AppData/Local/Programs/R/R-4.4.1/library/TMB/include/dnorm.hpp:23:17: note:   template argument deduction/substitution failed:\n   23 | VECTORIZE4_ttti(dnorm)\n      |                 ^~~~~\nC:/Users/spi085/AppData/Local/Programs/R/R-4.4.1/library/TMB/include/Vectorize.hpp:38:14: note: in definition of macro 'GVECTORIZE'\n   38 | vector<Type> FUN( declare##Type1(arg1) comma##Type2                     \\\n      |              ^~~\nC:/Users/spi085/AppData/Local/Programs/R/R-4.4.1/library/TMB/include/dnorm.hpp:23:1: note: in expansion of macro 'VECTORIZE4_ttti'\n   23 | VECTORIZE4_ttti(dnorm)\n      | ^~~~~~~~~~~~~~~\nPOPULATIONS//POPULATION_0014//INDIVIDUAL_30DSH827/model.cpp:71:15: note:   'CppAD::AD<CppAD::AD<CppAD::AD<double> > >' is not derived from 'const tmbutils::vector<Type>'\n   71 |   nll -= dnorm(log(fast_dat(0) + min_val), log(fast_pred(0) + min_val), 0.25, true);\n      |          ~~~~~^~~~~~~~~~~~~~~~~~~~~~~~~~~~~~~~~~~~~~~~~~~~~~~~~~~~~~~~~~~~~~~~~~~~~\nC:/Users/spi085/AppData/Local/Programs/R/R-4.4.1/library/TMB/include/dnorm.hpp:23:17: note: candidate: 'template<class Type> tmbutils::vector<Type> dnorm(Type, Type, const tmbutils::vector<Type>&, int)'\n   23 | VECTORIZE4_ttti(dnorm)\n      |                 ^~~~~\nC:/Users/spi085/AppData/Local/Programs/R/R-4.4.1/library/TMB/include/Vectorize.hpp:38:14: note: in definition of macro 'GVECTORIZE'\n   38 | vector<Type> FUN( declare##Type1(arg1) comma##Type2                     \\\n      |              ^~~\nC:/Users/spi085/AppData/Local/Programs/R/R-4.4.1/library/TMB/include/dnorm.hpp:23:1: note: in expansion of macro 'VECTORIZE4_ttti'\n   23 | VECTORIZE4_ttti(dnorm)\n      | ^~~~~~~~~~~~~~~\nC:/Users/spi085/AppData/Local/Programs/R/R-4.4.1/library/TMB/include/dnorm.hpp:23:17: note:   template argument deduction/substitution failed:\n   23 | VECTORIZE4_ttti(dnorm)\n      |                 ^~~~~\nC:/Users/spi085/AppData/Local/Programs/R/R-4.4.1/library/TMB/include/Vectorize.hpp:38:14: note: in definition of macro 'GVECTORIZE'\n   38 | vector<Type> FUN( declare##Type1(arg1) comma##Type2                     \\\n      |              ^~~\nC:/Users/spi085/AppData/Local/Programs/R/R-4.4.1/library/TMB/include/dnorm.hpp:23:1: note: in expansion of macro 'VECTORIZE4_ttti'\n   23 | VECTORIZE4_ttti(dnorm)\n      | ^~~~~~~~~~~~~~~\nPOPULATIONS//POPULATION_0014//INDIVIDUAL_30DSH827/model.cpp:71:15: note:   mismatched types 'const tmbutils::vector<Type>' and 'double'\n   71 |   nll -= dnorm(log(fast_dat(0) + min_val), log(fast_pred(0) + min_val), 0.25, true);\n      |          ~~~~~^~~~~~~~~~~~~~~~~~~~~~~~~~~~~~~~~~~~~~~~~~~~~~~~~~~~~~~~~~~~~~~~~~~~~\nC:/Users/spi085/AppData/Local/Programs/R/R-4.4.1/library/TMB/include/dnorm.hpp:23:17: note: candidate: 'template<class Type> tmbutils::vector<Type> dnorm(const tmbutils::vector<Type>&, const tmbutils::vector<Type>&, Type, int)'\n   23 | VECTORIZE4_ttti(dnorm)\n      |                 ^~~~~\nC:/Users/spi085/AppData/Local/Programs/R/R-4.4.1/library/TMB/include/Vectorize.hpp:38:14: note: in definition of macro 'GVECTORIZE'\n   38 | vector<Type> FUN( declare##Type1(arg1) comma##Type2                     \\\n      |              ^~~\nC:/Users/spi085/AppData/Local/Programs/R/R-4.4.1/library/TMB/include/dnorm.hpp:23:1: note: in expansion of macro 'VECTORIZE4_ttti'\n   23 | VECTORIZE4_ttti(dnorm)\n      | ^~~~~~~~~~~~~~~\nC:/Users/spi085/AppData/Local/Programs/R/R-4.4.1/library/TMB/include/dnorm.hpp:23:17: note:   template argument deduction/substitution failed:\n   23 | VECTORIZE4_ttti(dnorm)\n      |                 ^~~~~\nC:/Users/spi085/AppData/Local/Programs/R/R-4.4.1/library/TMB/include/Vectorize.hpp:38:14: note: in definition of macro 'GVECTORIZE'\n   38 | vector<Type> FUN( declare##Type1(arg1) comma##Type2                     \\\n      |              ^~~\nC:/Users/spi085/AppData/Local/Programs/R/R-4.4.1/library/TMB/include/dnorm.hpp:23:1: note: in expansion of macro 'VECTORIZE4_ttti'\n   23 | VECTORIZE4_ttti(dnorm)\n      | ^~~~~~~~~~~~~~~\nPOPULATIONS//POPULATION_0014//INDIVIDUAL_30DSH827/model.cpp:71:15: note:   'CppAD::AD<CppAD::AD<CppAD::AD<double> > >' is not derived from 'const tmbutils::vector<Type>'\n   71 |   nll -= dnorm(log(fast_dat(0) + min_val), log(fast_pred(0) + min_val), 0.25, true);\n      |          ~~~~~^~~~~~~~~~~~~~~~~~~~~~~~~~~~~~~~~~~~~~~~~~~~~~~~~~~~~~~~~~~~~~~~~~~~~\nC:/Users/spi085/AppData/Local/Programs/R/R-4.4.1/library/TMB/include/dnorm.hpp:23:17: note: candidate: 'template<class Type> tmbutils::vector<Type> dnorm(Type, const tmbutils::vector<Type>&, const tmbutils::vector<Type>&, int)'\n   23 | VECTORIZE4_ttti(dnorm)\n      |                 ^~~~~\nC:/Users/spi085/AppData/Local/Programs/R/R-4.4.1/library/TMB/include/Vectorize.hpp:38:14: note: in definition of macro 'GVECTORIZE'\n   38 | vector<Type> FUN( declare##Type1(arg1) comma##Type2                     \\\n      |              ^~~\nC:/Users/spi085/AppData/Local/Programs/R/R-4.4.1/library/TMB/include/dnorm.hpp:23:1: note: in expansion of macro 'VECTORIZE4_ttti'\n   23 | VECTORIZE4_ttti(dnorm)\n      | ^~~~~~~~~~~~~~~\nC:/Users/spi085/AppData/Local/Programs/R/R-4.4.1/library/TMB/include/dnorm.hpp:23:17: note:   template argument deduction/substitution failed:\n   23 | VECTORIZE4_ttti(dnorm)\n      |                 ^~~~~\nC:/Users/spi085/AppData/Local/Programs/R/R-4.4.1/library/TMB/include/Vectorize.hpp:38:14: note: in definition of macro 'GVECTORIZE'\n   38 | vector<Type> FUN( declare##Type1(arg1) comma##Type2                     \\\n      |              ^~~\nC:/Users/spi085/AppData/Local/Programs/R/R-4.4.1/library/TMB/include/dnorm.hpp:23:1: note: in expansion of macro 'VECTORIZE4_ttti'\n   23 | VECTORIZE4_ttti(dnorm)\n      | ^~~~~~~~~~~~~~~\nPOPULATIONS//POPULATION_0014//INDIVIDUAL_30DSH827/model.cpp:71:15: note:   'CppAD::AD<CppAD::AD<CppAD::AD<double> > >' is not derived from 'const tmbutils::vector<Type>'\n   71 |   nll -= dnorm(log(fast_dat(0) + min_val), log(fast_pred(0) + min_val), 0.25, true);\n      |          ~~~~~^~~~~~~~~~~~~~~~~~~~~~~~~~~~~~~~~~~~~~~~~~~~~~~~~~~~~~~~~~~~~~~~~~~~~\nC:/Users/spi085/AppData/Local/Programs/R/R-4.4.1/library/TMB/include/dnorm.hpp:23:17: note: candidate: 'template<class Type> tmbutils::vector<Type> dnorm(const tmbutils::vector<Type>&, Type, const tmbutils::vector<Type>&, int)'\n   23 | VECTORIZE4_ttti(dnorm)\n      |                 ^~~~~\nC:/Users/spi085/AppData/Local/Programs/R/R-4.4.1/library/TMB/include/Vectorize.hpp:38:14: note: in definition of macro 'GVECTORIZE'\n   38 | vector<Type> FUN( declare##Type1(arg1) comma##Type2                     \\\n      |              ^~~\nC:/Users/spi085/AppData/Local/Programs/R/R-4.4.1/library/TMB/include/dnorm.hpp:23:1: note: in expansion of macro 'VECTORIZE4_ttti'\n   23 | VECTORIZE4_ttti(dnorm)\n      | ^~~~~~~~~~~~~~~\nC:/Users/spi085/AppData/Local/Programs/R/R-4.4.1/library/TMB/include/dnorm.hpp:23:17: note:   template argument deduction/substitution failed:\n   23 | VECTORIZE4_ttti(dnorm)\n      |                 ^~~~~\nC:/Users/spi085/AppData/Local/Programs/R/R-4.4.1/library/TMB/include/Vectorize.hpp:38:14: note: in definition of macro 'GVECTORIZE'\n   38 | vector<Type> FUN( declare##Type1(arg1) comma##Type2                     \\\n      |              ^~~\nC:/Users/spi085/AppData/Local/Programs/R/R-4.4.1/library/TMB/include/dnorm.hpp:23:1: note: in expansion of macro 'VECTORIZE4_ttti'\n   23 | VECTORIZE4_ttti(dnorm)\n      | ^~~~~~~~~~~~~~~\nPOPULATIONS//POPULATION_0014//INDIVIDUAL_30DSH827/model.cpp:71:15: note:   'CppAD::AD<CppAD::AD<CppAD::AD<double> > >' is not derived from 'const tmbutils::vector<Type>'\n   71 |   nll -= dnorm(log(fast_dat(0) + min_val), log(fast_pred(0) + min_val), 0.25, true);\n      |          ~~~~~^~~~~~~~~~~~~~~~~~~~~~~~~~~~~~~~~~~~~~~~~~~~~~~~~~~~~~~~~~~~~~~~~~~~~\nC:/Users/spi085/AppData/Local/Programs/R/R-4.4.1/library/TMB/include/dnorm.hpp:23:17: note: candidate: 'template<class Type> tmbutils::vector<Type> dnorm(const tmbutils::vector<Type>&, const tmbutils::vector<Type>&, const tmbutils::vector<Type>&, int)'\n   23 | VECTORIZE4_ttti(dnorm)\n      |                 ^~~~~\nC:/Users/spi085/AppData/Local/Programs/R/R-4.4.1/library/TMB/include/Vectorize.hpp:38:14: note: in definition of macro 'GVECTORIZE'\n   38 | vector<Type> FUN( declare##Type1(arg1) comma##Type2                     \\\n      |              ^~~\nC:/Users/spi085/AppData/Local/Programs/R/R-4.4.1/library/TMB/include/dnorm.hpp:23:1: note: in expansion of macro 'VECTORIZE4_ttti'\n   23 | VECTORIZE4_ttti(dnorm)\n      | ^~~~~~~~~~~~~~~\nC:/Users/spi085/AppData/Local/Programs/R/R-4.4.1/library/TMB/include/dnorm.hpp:23:17: note:   template argument deduction/substitution failed:\n   23 | VECTORIZE4_ttti(dnorm)\n      |                 ^~~~~\nC:/Users/spi085/AppData/Local/Programs/R/R-4.4.1/library/TMB/include/Vectorize.hpp:38:14: note: in definition of macro 'GVECTORIZE'\n   38 | vector<Type> FUN( declare##Type1(arg1) comma##Type2                     \\\n      |              ^~~\nC:/Users/spi085/AppData/Local/Programs/R/R-4.4.1/library/TMB/include/dnorm.hpp:23:1: note: in expansion of macro 'VECTORIZE4_ttti'\n   23 | VECTORIZE4_ttti(dnorm)\n      | ^~~~~~~~~~~~~~~\nPOPULATIONS//POPULATION_0014//INDIVIDUAL_30DSH827/model.cpp:71:15: note:   'CppAD::AD<CppAD::AD<CppAD::AD<double> > >' is not derived from 'const tmbutils::vector<Type>'\n   71 |   nll -= dnorm(log(fast_dat(0) + min_val), log(fast_pred(0) + min_val), 0.25, true);\n      |          ~~~~~^~~~~~~~~~~~~~~~~~~~~~~~~~~~~~~~~~~~~~~~~~~~~~~~~~~~~~~~~~~~~~~~~~~~~\nPOPULATIONS//POPULATION_0014//INDIVIDUAL_30DSH827/model.cpp:170:17: error: no matching function for call to 'dnorm(CppAD::AD<CppAD::AD<CppAD::AD<double> > >, CppAD::AD<CppAD::AD<CppAD::AD<double> > >, double, bool)'\n  170 |     nll -= dnorm(log(cots_dat(t) + min_val), log(cots_pred(t) + min_val), 0.3, true);\n      |            ~~~~~^~~~~~~~~~~~~~~~~~~~~~~~~~~~~~~~~~~~~~~~~~~~~~~~~~~~~~~~~~~~~~~~~~~~\nC:/Users/spi085/AppData/Local/Programs/R/R-4.4.1/library/TMB/include/dnorm.hpp:17:6: note: candidate: 'template<class Type> Type dnorm(Type, Type, Type, int)'\n   17 | Type dnorm(Type x, Type mean, Type sd, int give_log=0)\n      |      ^~~~~\nC:/Users/spi085/AppData/Local/Programs/R/R-4.4.1/library/TMB/include/dnorm.hpp:17:6: note:   template argument deduction/substitution failed:\nPOPULATIONS//POPULATION_0014//INDIVIDUAL_30DSH827/model.cpp:170:17: note:   deduced conflicting types for parameter 'Type' ('CppAD::AD<CppAD::AD<CppAD::AD<double> > >' and 'double')\n  170 |     nll -= dnorm(log(cots_dat(t) + min_val), log(cots_pred(t) + min_val), 0.3, true);\n      |            ~~~~~^~~~~~~~~~~~~~~~~~~~~~~~~~~~~~~~~~~~~~~~~~~~~~~~~~~~~~~~~~~~~~~~~~~~\nC:/Users/spi085/AppData/Local/Programs/R/R-4.4.1/library/TMB/include/dnorm.hpp:23:17: note: candidate: 'template<class Type> tmbutils::vector<Type> dnorm(const tmbutils::vector<Type>&, Type, Type, int)'\n   23 | VECTORIZE4_ttti(dnorm)\n      |                 ^~~~~\nC:/Users/spi085/AppData/Local/Programs/R/R-4.4.1/library/TMB/include/Vectorize.hpp:38:14: note: in definition of macro 'GVECTORIZE'\n   38 | vector<Type> FUN( declare##Type1(arg1) comma##Type2                     \\\n      |              ^~~\nC:/Users/spi085/AppData/Local/Programs/R/R-4.4.1/library/TMB/include/dnorm.hpp:23:1: note: in expansion of macro 'VECTORIZE4_ttti'\n   23 | VECTORIZE4_ttti(dnorm)\n      | ^~~~~~~~~~~~~~~\nC:/Users/spi085/AppData/Local/Programs/R/R-4.4.1/library/TMB/include/dnorm.hpp:23:17: note:   template argument deduction/substitution failed:\n   23 | VECTORIZE4_ttti(dnorm)\n      |                 ^~~~~\nC:/Users/spi085/AppData/Local/Programs/R/R-4.4.1/library/TMB/include/Vectorize.hpp:38:14: note: in definition of macro 'GVECTORIZE'\n   38 | vector<Type> FUN( declare##Type1(arg1) comma##Type2                     \\\n      |              ^~~\nC:/Users/spi085/AppData/Local/Programs/R/R-4.4.1/library/TMB/include/dnorm.hpp:23:1: note: in expansion of macro 'VECTORIZE4_ttti'\n   23 | VECTORIZE4_ttti(dnorm)\n      | ^~~~~~~~~~~~~~~\nPOPULATIONS//POPULATION_0014//INDIVIDUAL_30DSH827/model.cpp:170:17: note:   'CppAD::AD<CppAD::AD<CppAD::AD<double> > >' is not derived from 'const tmbutils::vector<Type>'\n  170 |     nll -= dnorm(log(cots_dat(t) + min_val), log(cots_pred(t) + min_val), 0.3, true);\n      |            ~~~~~^~~~~~~~~~~~~~~~~~~~~~~~~~~~~~~~~~~~~~~~~~~~~~~~~~~~~~~~~~~~~~~~~~~~\nC:/Users/spi085/AppData/Local/Programs/R/R-4.4.1/library/TMB/include/dnorm.hpp:23:17: note: candidate: 'template<class Type> tmbutils::vector<Type> dnorm(Type, const tmbutils::vector<Type>&, Type, int)'\n   23 | VECTORIZE4_ttti(dnorm)\n      |                 ^~~~~\nC:/Users/spi085/AppData/Local/Programs/R/R-4.4.1/library/TMB/include/Vectorize.hpp:38:14: note: in definition of macro 'GVECTORIZE'\n   38 | vector<Type> FUN( declare##Type1(arg1) comma##Type2                     \\\n      |              ^~~\nC:/Users/spi085/AppData/Local/Programs/R/R-4.4.1/library/TMB/include/dnorm.hpp:23:1: note: in expansion of macro 'VECTORIZE4_ttti'\n   23 | VECTORIZE4_ttti(dnorm)\n      | ^~~~~~~~~~~~~~~\nC:/Users/spi085/AppData/Local/Programs/R/R-4.4.1/library/TMB/include/dnorm.hpp:23:17: note:   template argument deduction/substitution failed:\n   23 | VECTORIZE4_ttti(dnorm)\n      |                 ^~~~~\nC:/Users/spi085/AppData/Local/Programs/R/R-4.4.1/library/TMB/include/Vectorize.hpp:38:14: note: in definition of macro 'GVECTORIZE'\n   38 | vector<Type> FUN( declare##Type1(arg1) comma##Type2                     \\\n      |              ^~~\nC:/Users/spi085/AppData/Local/Programs/R/R-4.4.1/library/TMB/include/dnorm.hpp:23:1: note: in expansion of macro 'VECTORIZE4_ttti'\n   23 | VECTORIZE4_ttti(dnorm)\n      | ^~~~~~~~~~~~~~~\nPOPULATIONS//POPULATION_0014//INDIVIDUAL_30DSH827/model.cpp:170:17: note:   'CppAD::AD<CppAD::AD<CppAD::AD<double> > >' is not derived from 'const tmbutils::vector<Type>'\n  170 |     nll -= dnorm(log(cots_dat(t) + min_val), log(cots_pred(t) + min_val), 0.3, true);\n      |            ~~~~~^~~~~~~~~~~~~~~~~~~~~~~~~~~~~~~~~~~~~~~~~~~~~~~~~~~~~~~~~~~~~~~~~~~~\nC:/Users/spi085/AppData/Local/Programs/R/R-4.4.1/library/TMB/include/dnorm.hpp:23:17: note: candidate: 'template<class Type> tmbutils::vector<Type> dnorm(Type, Type, const tmbutils::vector<Type>&, int)'\n   23 | VECTORIZE4_ttti(dnorm)\n      |                 ^~~~~\nC:/Users/spi085/AppData/Local/Programs/R/R-4.4.1/library/TMB/include/Vectorize.hpp:38:14: note: in definition of macro 'GVECTORIZE'\n   38 | vector<Type> FUN( declare##Type1(arg1) comma##Type2                     \\\n      |              ^~~\nC:/Users/spi085/AppData/Local/Programs/R/R-4.4.1/library/TMB/include/dnorm.hpp:23:1: note: in expansion of macro 'VECTORIZE4_ttti'\n   23 | VECTORIZE4_ttti(dnorm)\n      | ^~~~~~~~~~~~~~~\nC:/Users/spi085/AppData/Local/Programs/R/R-4.4.1/library/TMB/include/dnorm.hpp:23:17: note:   template argument deduction/substitution failed:\n   23 | VECTORIZE4_ttti(dnorm)\n      |                 ^~~~~\nC:/Users/spi085/AppData/Local/Programs/R/R-4.4.1/library/TMB/include/Vectorize.hpp:38:14: note: in definition of macro 'GVECTORIZE'\n   38 | vector<Type> FUN( declare##Type1(arg1) comma##Type2                     \\\n      |              ^~~\nC:/Users/spi085/AppData/Local/Programs/R/R-4.4.1/library/TMB/include/dnorm.hpp:23:1: note: in expansion of macro 'VECTORIZE4_ttti'\n   23 | VECTORIZE4_ttti(dnorm)\n      | ^~~~~~~~~~~~~~~\nPOPULATIONS//POPULATION_0014//INDIVIDUAL_30DSH827/model.cpp:170:17: note:   mismatched types 'const tmbutils::vector<Type>' and 'double'\n  170 |     nll -= dnorm(log(cots_dat(t) + min_val), log(cots_pred(t) + min_val), 0.3, true);\n      |            ~~~~~^~~~~~~~~~~~~~~~~~~~~~~~~~~~~~~~~~~~~~~~~~~~~~~~~~~~~~~~~~~~~~~~~~~~\nC:/Users/spi085/AppData/Local/Programs/R/R-4.4.1/library/TMB/include/dnorm.hpp:23:17: note: candidate: 'template<class Type> tmbutils::vector<Type> dnorm(const tmbutils::vector<Type>&, const tmbutils::vector<Type>&, Type, int)'\n   23 | VECTORIZE4_ttti(dnorm)\n      |                 ^~~~~\nC:/Users/spi085/AppData/Local/Programs/R/R-4.4.1/library/TMB/include/Vectorize.hpp:38:14: note: in definition of macro 'GVECTORIZE'\n   38 | vector<Type> FUN( declare##Type1(arg1) comma##Type2                     \\\n      |              ^~~\nC:/Users/spi085/AppData/Local/Programs/R/R-4.4.1/library/TMB/include/dnorm.hpp:23:1: note: in expansion of macro 'VECTORIZE4_ttti'\n   23 | VECTORIZE4_ttti(dnorm)\n      | ^~~~~~~~~~~~~~~\nC:/Users/spi085/AppData/Local/Programs/R/R-4.4.1/library/TMB/include/dnorm.hpp:23:17: note:   template argument deduction/substitution failed:\n   23 | VECTORIZE4_ttti(dnorm)\n      |                 ^~~~~\nC:/Users/spi085/AppData/Local/Programs/R/R-4.4.1/library/TMB/include/Vectorize.hpp:38:14: note: in definition of macro 'GVECTORIZE'\n   38 | vector<Type> FUN( declare##Type1(arg1) comma##Type2                     \\\n      |              ^~~\nC:/Users/spi085/AppData/Local/Programs/R/R-4.4.1/library/TMB/include/dnorm.hpp:23:1: note: in expansion of macro 'VECTORIZE4_ttti'\n   23 | VECTORIZE4_ttti(dnorm)\n      | ^~~~~~~~~~~~~~~\nPOPULATIONS//POPULATION_0014//INDIVIDUAL_30DSH827/model.cpp:170:17: note:   'CppAD::AD<CppAD::AD<CppAD::AD<double> > >' is not derived from 'const tmbutils::vector<Type>'\n  170 |     nll -= dnorm(log(cots_dat(t) + min_val), log(cots_pred(t) + min_val), 0.3, true);\n      |            ~~~~~^~~~~~~~~~~~~~~~~~~~~~~~~~~~~~~~~~~~~~~~~~~~~~~~~~~~~~~~~~~~~~~~~~~~\nC:/Users/spi085/AppData/Local/Programs/R/R-4.4.1/library/TMB/include/dnorm.hpp:23:17: note: candidate: 'template<class Type> tmbutils::vector<Type> dnorm(Type, const tmbutils::vector<Type>&, const tmbutils::vector<Type>&, int)'\n   23 | VECTORIZE4_ttti(dnorm)\n      |                 ^~~~~\nC:/Users/spi085/AppData/Local/Programs/R/R-4.4.1/library/TMB/include/Vectorize.hpp:38:14: note: in definition of macro 'GVECTORIZE'\n   38 | vector<Type> FUN( declare##Type1(arg1) comma##Type2                     \\\n      |              ^~~\nC:/Users/spi085/AppData/Local/Programs/R/R-4.4.1/library/TMB/include/dnorm.hpp:23:1: note: in expansion of macro 'VECTORIZE4_ttti'\n   23 | VECTORIZE4_ttti(dnorm)\n      | ^~~~~~~~~~~~~~~\nC:/Users/spi085/AppData/Local/Programs/R/R-4.4.1/library/TMB/include/dnorm.hpp:23:17: note:   template argument deduction/substitution failed:\n   23 | VECTORIZE4_ttti(dnorm)\n      |                 ^~~~~\nC:/Users/spi085/AppData/Local/Programs/R/R-4.4.1/library/TMB/include/Vectorize.hpp:38:14: note: in definition of macro 'GVECTORIZE'\n   38 | vector<Type> FUN( declare##Type1(arg1) comma##Type2                     \\\n      |              ^~~\nC:/Users/spi085/AppData/Local/Programs/R/R-4.4.1/library/TMB/include/dnorm.hpp:23:1: note: in expansion of macro 'VECTORIZE4_ttti'\n   23 | VECTORIZE4_ttti(dnorm)\n      | ^~~~~~~~~~~~~~~\nPOPULATIONS//POPULATION_0014//INDIVIDUAL_30DSH827/model.cpp:170:17: note:   'CppAD::AD<CppAD::AD<CppAD::AD<double> > >' is not derived from 'const tmbutils::vector<Type>'\n  170 |     nll -= dnorm(log(cots_dat(t) + min_val), log(cots_pred(t) + min_val), 0.3, true);\n      |            ~~~~~^~~~~~~~~~~~~~~~~~~~~~~~~~~~~~~~~~~~~~~~~~~~~~~~~~~~~~~~~~~~~~~~~~~~\nC:/Users/spi085/AppData/Local/Programs/R/R-4.4.1/library/TMB/include/dnorm.hpp:23:17: note: candidate: 'template<class Type> tmbutils::vector<Type> dnorm(const tmbutils::vector<Type>&, Type, const tmbutils::vector<Type>&, int)'\n   23 | VECTORIZE4_ttti(dnorm)\n      |                 ^~~~~\nC:/Users/spi085/AppData/Local/Programs/R/R-4.4.1/library/TMB/include/Vectorize.hpp:38:14: note: in definition of macro 'GVECTORIZE'\n   38 | vector<Type> FUN( declare##Type1(arg1) comma##Type2                     \\\n      |              ^~~\nC:/Users/spi085/AppData/Local/Programs/R/R-4.4.1/library/TMB/include/dnorm.hpp:23:1: note: in expansion of macro 'VECTORIZE4_ttti'\n   23 | VECTORIZE4_ttti(dnorm)\n      | ^~~~~~~~~~~~~~~\nC:/Users/spi085/AppData/Local/Programs/R/R-4.4.1/library/TMB/include/dnorm.hpp:23:17: note:   template argument deduction/substitution failed:\n   23 | VECTORIZE4_ttti(dnorm)\n      |                 ^~~~~\nC:/Users/spi085/AppData/Local/Programs/R/R-4.4.1/library/TMB/include/Vectorize.hpp:38:14: note: in definition of macro 'GVECTORIZE'\n   38 | vector<Type> FUN( declare##Type1(arg1) comma##Type2                     \\\n      |              ^~~\nC:/Users/spi085/AppData/Local/Programs/R/R-4.4.1/library/TMB/include/dnorm.hpp:23:1: note: in expansion of macro 'VECTORIZE4_ttti'\n   23 | VECTORIZE4_ttti(dnorm)\n      | ^~~~~~~~~~~~~~~\nPOPULATIONS//POPULATION_0014//INDIVIDUAL_30DSH827/model.cpp:170:17: note:   'CppAD::AD<CppAD::AD<CppAD::AD<double> > >' is not derived from 'const tmbutils::vector<Type>'\n  170 |     nll -= dnorm(log(cots_dat(t) + min_val), log(cots_pred(t) + min_val), 0.3, true);\n      |            ~~~~~^~~~~~~~~~~~~~~~~~~~~~~~~~~~~~~~~~~~~~~~~~~~~~~~~~~~~~~~~~~~~~~~~~~~\nC:/Users/spi085/AppData/Local/Programs/R/R-4.4.1/library/TMB/include/dnorm.hpp:23:17: note: candidate: 'template<class Type> tmbutils::vector<Type> dnorm(const tmbutils::vector<Type>&, const tmbutils::vector<Type>&, const tmbutils::vector<Type>&, int)'\n   23 | VECTORIZE4_ttti(dnorm)\n      |                 ^~~~~\nC:/Users/spi085/AppData/Local/Programs/R/R-4.4.1/library/TMB/include/Vectorize.hpp:38:14: note: in definition of macro 'GVECTORIZE'\n   38 | vector<Type> FUN( declare##Type1(arg1) comma##Type2                     \\\n      |              ^~~\nC:/Users/spi085/AppData/Local/Programs/R/R-4.4.1/library/TMB/include/dnorm.hpp:23:1: note: in expansion of macro 'VECTORIZE4_ttti'\n   23 | VECTORIZE4_ttti(dnorm)\n      | ^~~~~~~~~~~~~~~\nC:/Users/spi085/AppData/Local/Programs/R/R-4.4.1/library/TMB/include/dnorm.hpp:23:17: note:   template argument deduction/substitution failed:\n   23 | VECTORIZE4_ttti(dnorm)\n      |                 ^~~~~\nC:/Users/spi085/AppData/Local/Programs/R/R-4.4.1/library/TMB/include/Vectorize.hpp:38:14: note: in definition of macro 'GVECTORIZE'\n   38 | vector<Type> FUN( declare##Type1(arg1) comma##Type2                     \\\n      |              ^~~\nC:/Users/spi085/AppData/Local/Programs/R/R-4.4.1/library/TMB/include/dnorm.hpp:23:1: note: in expansion of macro 'VECTORIZE4_ttti'\n   23 | VECTORIZE4_ttti(dnorm)\n      | ^~~~~~~~~~~~~~~\nPOPULATIONS//POPULATION_0014//INDIVIDUAL_30DSH827/model.cpp:170:17: note:   'CppAD::AD<CppAD::AD<CppAD::AD<double> > >' is not derived from 'const tmbutils::vector<Type>'\n  170 |     nll -= dnorm(log(cots_dat(t) + min_val), log(cots_pred(t) + min_val), 0.3, true);\n      |            ~~~~~^~~~~~~~~~~~~~~~~~~~~~~~~~~~~~~~~~~~~~~~~~~~~~~~~~~~~~~~~~~~~~~~~~~~\nPOPULATIONS//POPULATION_0014//INDIVIDUAL_30DSH827/model.cpp:171:17: error: no matching function for call to 'dnorm(CppAD::AD<CppAD::AD<CppAD::AD<double> > >, CppAD::AD<CppAD::AD<CppAD::AD<double> > >, double, bool)'\n  171 |     nll -= dnorm(log(slow_dat(t) + min_val), log(slow_pred(t) + min_val), 0.2, true);\n      |            ~~~~~^~~~~~~~~~~~~~~~~~~~~~~~~~~~~~~~~~~~~~~~~~~~~~~~~~~~~~~~~~~~~~~~~~~~\nC:/Users/spi085/AppData/Local/Programs/R/R-4.4.1/library/TMB/include/dnorm.hpp:17:6: note: candidate: 'template<class Type> Type dnorm(Type, Type, Type, int)'\n   17 | Type dnorm(Type x, Type mean, Type sd, int give_log=0)\n      |      ^~~~~\nC:/Users/spi085/AppData/Local/Programs/R/R-4.4.1/library/TMB/include/dnorm.hpp:17:6: note:   template argument deduction/substitution failed:\nPOPULATIONS//POPULATION_0014//INDIVIDUAL_30DSH827/model.cpp:171:17: note:   deduced conflicting types for parameter 'Type' ('CppAD::AD<CppAD::AD<CppAD::AD<double> > >' and 'double')\n  171 |     nll -= dnorm(log(slow_dat(t) + min_val), log(slow_pred(t) + min_val), 0.2, true);\n      |            ~~~~~^~~~~~~~~~~~~~~~~~~~~~~~~~~~~~~~~~~~~~~~~~~~~~~~~~~~~~~~~~~~~~~~~~~~\nC:/Users/spi085/AppData/Local/Programs/R/R-4.4.1/library/TMB/include/dnorm.hpp:23:17: note: candidate: 'template<class Type> tmbutils::vector<Type> dnorm(const tmbutils::vector<Type>&, Type, Type, int)'\n   23 | VECTORIZE4_ttti(dnorm)\n      |                 ^~~~~\nC:/Users/spi085/AppData/Local/Programs/R/R-4.4.1/library/TMB/include/Vectorize.hpp:38:14: note: in definition of macro 'GVECTORIZE'\n   38 | vector<Type> FUN( declare##Type1(arg1) comma##Type2                     \\\n      |              ^~~\nC:/Users/spi085/AppData/Local/Programs/R/R-4.4.1/library/TMB/include/dnorm.hpp:23:1: note: in expansion of macro 'VECTORIZE4_ttti'\n   23 | VECTORIZE4_ttti(dnorm)\n      | ^~~~~~~~~~~~~~~\nC:/Users/spi085/AppData/Local/Programs/R/R-4.4.1/library/TMB/include/dnorm.hpp:23:17: note:   template argument deduction/substitution failed:\n   23 | VECTORIZE4_ttti(dnorm)\n      |                 ^~~~~\nC:/Users/spi085/AppData/Local/Programs/R/R-4.4.1/library/TMB/include/Vectorize.hpp:38:14: note: in definition of macro 'GVECTORIZE'\n   38 | vector<Type> FUN( declare##Type1(arg1) comma##Type2                     \\\n      |              ^~~\nC:/Users/spi085/AppData/Local/Programs/R/R-4.4.1/library/TMB/include/dnorm.hpp:23:1: note: in expansion of macro 'VECTORIZE4_ttti'\n   23 | VECTORIZE4_ttti(dnorm)\n      | ^~~~~~~~~~~~~~~\nPOPULATIONS//POPULATION_0014//INDIVIDUAL_30DSH827/model.cpp:171:17: note:   'CppAD::AD<CppAD::AD<CppAD::AD<double> > >' is not derived from 'const tmbutils::vector<Type>'\n  171 |     nll -= dnorm(log(slow_dat(t) + min_val), log(slow_pred(t) + min_val), 0.2, true);\n      |            ~~~~~^~~~~~~~~~~~~~~~~~~~~~~~~~~~~~~~~~~~~~~~~~~~~~~~~~~~~~~~~~~~~~~~~~~~\nC:/Users/spi085/AppData/Local/Programs/R/R-4.4.1/library/TMB/include/dnorm.hpp:23:17: note: candidate: 'template<class Type> tmbutils::vector<Type> dnorm(Type, const tmbutils::vector<Type>&, Type, int)'\n   23 | VECTORIZE4_ttti(dnorm)\n      |                 ^~~~~\nC:/Users/spi085/AppData/Local/Programs/R/R-4.4.1/library/TMB/include/Vectorize.hpp:38:14: note: in definition of macro 'GVECTORIZE'\n   38 | vector<Type> FUN( declare##Type1(arg1) comma##Type2                     \\\n      |              ^~~\nC:/Users/spi085/AppData/Local/Programs/R/R-4.4.1/library/TMB/include/dnorm.hpp:23:1: note: in expansion of macro 'VECTORIZE4_ttti'\n   23 | VECTORIZE4_ttti(dnorm)\n      | ^~~~~~~~~~~~~~~\nC:/Users/spi085/AppData/Local/Programs/R/R-4.4.1/library/TMB/include/dnorm.hpp:23:17: note:   template argument deduction/substitution failed:\n   23 | VECTORIZE4_ttti(dnorm)\n      |                 ^~~~~\nC:/Users/spi085/AppData/Local/Programs/R/R-4.4.1/library/TMB/include/Vectorize.hpp:38:14: note: in definition of macro 'GVECTORIZE'\n   38 | vector<Type> FUN( declare##Type1(arg1) comma##Type2                     \\\n      |              ^~~\nC:/Users/spi085/AppData/Local/Programs/R/R-4.4.1/library/TMB/include/dnorm.hpp:23:1: note: in expansion of macro 'VECTORIZE4_ttti'\n   23 | VECTORIZE4_ttti(dnorm)\n      | ^~~~~~~~~~~~~~~\nPOPULATIONS//POPULATION_0014//INDIVIDUAL_30DSH827/model.cpp:171:17: note:   'CppAD::AD<CppAD::AD<CppAD::AD<double> > >' is not derived from 'const tmbutils::vector<Type>'\n  171 |     nll -= dnorm(log(slow_dat(t) + min_val), log(slow_pred(t) + min_val), 0.2, true);\n      |            ~~~~~^~~~~~~~~~~~~~~~~~~~~~~~~~~~~~~~~~~~~~~~~~~~~~~~~~~~~~~~~~~~~~~~~~~~\nC:/Users/spi085/AppData/Local/Programs/R/R-4.4.1/library/TMB/include/dnorm.hpp:23:17: note: candidate: 'template<class Type> tmbutils::vector<Type> dnorm(Type, Type, const tmbutils::vector<Type>&, int)'\n   23 | VECTORIZE4_ttti(dnorm)\n      |                 ^~~~~\nC:/Users/spi085/AppData/Local/Programs/R/R-4.4.1/library/TMB/include/Vectorize.hpp:38:14: note: in definition of macro 'GVECTORIZE'\n   38 | vector<Type> FUN( declare##Type1(arg1) comma##Type2                     \\\n      |              ^~~\nC:/Users/spi085/AppData/Local/Programs/R/R-4.4.1/library/TMB/include/dnorm.hpp:23:1: note: in expansion of macro 'VECTORIZE4_ttti'\n   23 | VECTORIZE4_ttti(dnorm)\n      | ^~~~~~~~~~~~~~~\nC:/Users/spi085/AppData/Local/Programs/R/R-4.4.1/library/TMB/include/dnorm.hpp:23:17: note:   template argument deduction/substitution failed:\n   23 | VECTORIZE4_ttti(dnorm)\n      |                 ^~~~~\nC:/Users/spi085/AppData/Local/Programs/R/R-4.4.1/library/TMB/include/Vectorize.hpp:38:14: note: in definition of macro 'GVECTORIZE'\n   38 | vector<Type> FUN( declare##Type1(arg1) comma##Type2                     \\\n      |              ^~~\nC:/Users/spi085/AppData/Local/Programs/R/R-4.4.1/library/TMB/include/dnorm.hpp:23:1: note: in expansion of macro 'VECTORIZE4_ttti'\n   23 | VECTORIZE4_ttti(dnorm)\n      | ^~~~~~~~~~~~~~~\nPOPULATIONS//POPULATION_0014//INDIVIDUAL_30DSH827/model.cpp:171:17: note:   mismatched types 'const tmbutils::vector<Type>' and 'double'\n  171 |     nll -= dnorm(log(slow_dat(t) + min_val), log(slow_pred(t) + min_val), 0.2, true);\n      |            ~~~~~^~~~~~~~~~~~~~~~~~~~~~~~~~~~~~~~~~~~~~~~~~~~~~~~~~~~~~~~~~~~~~~~~~~~\nC:/Users/spi085/AppData/Local/Programs/R/R-4.4.1/library/TMB/include/dnorm.hpp:23:17: note: candidate: 'template<class Type> tmbutils::vector<Type> dnorm(const tmbutils::vector<Type>&, const tmbutils::vector<Type>&, Type, int)'\n   23 | VECTORIZE4_ttti(dnorm)\n      |                 ^~~~~\nC:/Users/spi085/AppData/Local/Programs/R/R-4.4.1/library/TMB/include/Vectorize.hpp:38:14: note: in definition of macro 'GVECTORIZE'\n   38 | vector<Type> FUN( declare##Type1(arg1) comma##Type2                     \\\n      |              ^~~\nC:/Users/spi085/AppData/Local/Programs/R/R-4.4.1/library/TMB/include/dnorm.hpp:23:1: note: in expansion of macro 'VECTORIZE4_ttti'\n   23 | VECTORIZE4_ttti(dnorm)\n      | ^~~~~~~~~~~~~~~\nC:/Users/spi085/AppData/Local/Programs/R/R-4.4.1/library/TMB/include/dnorm.hpp:23:17: note:   template argument deduction/substitution failed:\n   23 | VECTORIZE4_ttti(dnorm)\n      |                 ^~~~~\nC:/Users/spi085/AppData/Local/Programs/R/R-4.4.1/library/TMB/include/Vectorize.hpp:38:14: note: in definition of macro 'GVECTORIZE'\n   38 | vector<Type> FUN( declare##Type1(arg1) comma##Type2                     \\\n      |              ^~~\nC:/Users/spi085/AppData/Local/Programs/R/R-4.4.1/library/TMB/include/dnorm.hpp:23:1: note: in expansion of macro 'VECTORIZE4_ttti'\n   23 | VECTORIZE4_ttti(dnorm)\n      | ^~~~~~~~~~~~~~~\nPOPULATIONS//POPULATION_0014//INDIVIDUAL_30DSH827/model.cpp:171:17: note:   'CppAD::AD<CppAD::AD<CppAD::AD<double> > >' is not derived from 'const tmbutils::vector<Type>'\n  171 |     nll -= dnorm(log(slow_dat(t) + min_val), log(slow_pred(t) + min_val), 0.2, true);\n      |            ~~~~~^~~~~~~~~~~~~~~~~~~~~~~~~~~~~~~~~~~~~~~~~~~~~~~~~~~~~~~~~~~~~~~~~~~~\nC:/Users/spi085/AppData/Local/Programs/R/R-4.4.1/library/TMB/include/dnorm.hpp:23:17: note: candidate: 'template<class Type> tmbutils::vector<Type> dnorm(Type, const tmbutils::vector<Type>&, const tmbutils::vector<Type>&, int)'\n   23 | VECTORIZE4_ttti(dnorm)\n      |                 ^~~~~\nC:/Users/spi085/AppData/Local/Programs/R/R-4.4.1/library/TMB/include/Vectorize.hpp:38:14: note: in definition of macro 'GVECTORIZE'\n   38 | vector<Type> FUN( declare##Type1(arg1) comma##Type2                     \\\n      |              ^~~\nC:/Users/spi085/AppData/Local/Programs/R/R-4.4.1/library/TMB/include/dnorm.hpp:23:1: note: in expansion of macro 'VECTORIZE4_ttti'\n   23 | VECTORIZE4_ttti(dnorm)\n      | ^~~~~~~~~~~~~~~\nC:/Users/spi085/AppData/Local/Programs/R/R-4.4.1/library/TMB/include/dnorm.hpp:23:17: note:   template argument deduction/substitution failed:\n   23 | VECTORIZE4_ttti(dnorm)\n      |                 ^~~~~\nC:/Users/spi085/AppData/Local/Programs/R/R-4.4.1/library/TMB/include/Vectorize.hpp:38:14: note: in definition of macro 'GVECTORIZE'\n   38 | vector<Type> FUN( declare##Type1(arg1) comma##Type2                     \\\n      |              ^~~\nC:/Users/spi085/AppData/Local/Programs/R/R-4.4.1/library/TMB/include/dnorm.hpp:23:1: note: in expansion of macro 'VECTORIZE4_ttti'\n   23 | VECTORIZE4_ttti(dnorm)\n      | ^~~~~~~~~~~~~~~\nPOPULATIONS//POPULATION_0014//INDIVIDUAL_30DSH827/model.cpp:171:17: note:   'CppAD::AD<CppAD::AD<CppAD::AD<double> > >' is not derived from 'const tmbutils::vector<Type>'\n  171 |     nll -= dnorm(log(slow_dat(t) + min_val), log(slow_pred(t) + min_val), 0.2, true);\n      |            ~~~~~^~~~~~~~~~~~~~~~~~~~~~~~~~~~~~~~~~~~~~~~~~~~~~~~~~~~~~~~~~~~~~~~~~~~\nC:/Users/spi085/AppData/Local/Programs/R/R-4.4.1/library/TMB/include/dnorm.hpp:23:17: note: candidate: 'template<class Type> tmbutils::vector<Type> dnorm(const tmbutils::vector<Type>&, Type, const tmbutils::vector<Type>&, int)'\n   23 | VECTORIZE4_ttti(dnorm)\n      |                 ^~~~~\nC:/Users/spi085/AppData/Local/Programs/R/R-4.4.1/library/TMB/include/Vectorize.hpp:38:14: note: in definition of macro 'GVECTORIZE'\n   38 | vector<Type> FUN( declare##Type1(arg1) comma##Type2                     \\\n      |              ^~~\nC:/Users/spi085/AppData/Local/Programs/R/R-4.4.1/library/TMB/include/dnorm.hpp:23:1: note: in expansion of macro 'VECTORIZE4_ttti'\n   23 | VECTORIZE4_ttti(dnorm)\n      | ^~~~~~~~~~~~~~~\nC:/Users/spi085/AppData/Local/Programs/R/R-4.4.1/library/TMB/include/dnorm.hpp:23:17: note:   template argument deduction/substitution failed:\n   23 | VECTORIZE4_ttti(dnorm)\n      |                 ^~~~~\nC:/Users/spi085/AppData/Local/Programs/R/R-4.4.1/library/TMB/include/Vectorize.hpp:38:14: note: in definition of macro 'GVECTORIZE'\n   38 | vector<Type> FUN( declare##Type1(arg1) comma##Type2                     \\\n      |              ^~~\nC:/Users/spi085/AppData/Local/Programs/R/R-4.4.1/library/TMB/include/dnorm.hpp:23:1: note: in expansion of macro 'VECTORIZE4_ttti'\n   23 | VECTORIZE4_ttti(dnorm)\n      | ^~~~~~~~~~~~~~~\nPOPULATIONS//POPULATION_0014//INDIVIDUAL_30DSH827/model.cpp:171:17: note:   'CppAD::AD<CppAD::AD<CppAD::AD<double> > >' is not derived from 'const tmbutils::vector<Type>'\n  171 |     nll -= dnorm(log(slow_dat(t) + min_val), log(slow_pred(t) + min_val), 0.2, true);\n      |            ~~~~~^~~~~~~~~~~~~~~~~~~~~~~~~~~~~~~~~~~~~~~~~~~~~~~~~~~~~~~~~~~~~~~~~~~~\nC:/Users/spi085/AppData/Local/Programs/R/R-4.4.1/library/TMB/include/dnorm.hpp:23:17: note: candidate: 'template<class Type> tmbutils::vector<Type> dnorm(const tmbutils::vector<Type>&, const tmbutils::vector<Type>&, const tmbutils::vector<Type>&, int)'\n   23 | VECTORIZE4_ttti(dnorm)\n      |                 ^~~~~\nC:/Users/spi085/AppData/Local/Programs/R/R-4.4.1/library/TMB/include/Vectorize.hpp:38:14: note: in definition of macro 'GVECTORIZE'\n   38 | vector<Type> FUN( declare##Type1(arg1) comma##Type2                     \\\n      |              ^~~\nC:/Users/spi085/AppData/Local/Programs/R/R-4.4.1/library/TMB/include/dnorm.hpp:23:1: note: in expansion of macro 'VECTORIZE4_ttti'\n   23 | VECTORIZE4_ttti(dnorm)\n      | ^~~~~~~~~~~~~~~\nC:/Users/spi085/AppData/Local/Programs/R/R-4.4.1/library/TMB/include/dnorm.hpp:23:17: note:   template argument deduction/substitution failed:\n   23 | VECTORIZE4_ttti(dnorm)\n      |                 ^~~~~\nC:/Users/spi085/AppData/Local/Programs/R/R-4.4.1/library/TMB/include/Vectorize.hpp:38:14: note: in definition of macro 'GVECTORIZE'\n   38 | vector<Type> FUN( declare##Type1(arg1) comma##Type2                     \\\n      |              ^~~\nC:/Users/spi085/AppData/Local/Programs/R/R-4.4.1/library/TMB/include/dnorm.hpp:23:1: note: in expansion of macro 'VECTORIZE4_ttti'\n   23 | VECTORIZE4_ttti(dnorm)\n      | ^~~~~~~~~~~~~~~\nPOPULATIONS//POPULATION_0014//INDIVIDUAL_30DSH827/model.cpp:171:17: note:   'CppAD::AD<CppAD::AD<CppAD::AD<double> > >' is not derived from 'const tmbutils::vector<Type>'\n  171 |     nll -= dnorm(log(slow_dat(t) + min_val), log(slow_pred(t) + min_val), 0.2, true);\n      |            ~~~~~^~~~~~~~~~~~~~~~~~~~~~~~~~~~~~~~~~~~~~~~~~~~~~~~~~~~~~~~~~~~~~~~~~~~\nPOPULATIONS//POPULATION_0014//INDIVIDUAL_30DSH827/model.cpp:172:17: error: no matching function for call to 'dnorm(CppAD::AD<CppAD::AD<CppAD::AD<double> > >, CppAD::AD<CppAD::AD<CppAD::AD<double> > >, double, bool)'\n  172 |     nll -= dnorm(log(fast_dat(t) + min_val), log(fast_pred(t) + min_val), 0.25, true);\n      |            ~~~~~^~~~~~~~~~~~~~~~~~~~~~~~~~~~~~~~~~~~~~~~~~~~~~~~~~~~~~~~~~~~~~~~~~~~~\nC:/Users/spi085/AppData/Local/Programs/R/R-4.4.1/library/TMB/include/dnorm.hpp:17:6: note: candidate: 'template<class Type> Type dnorm(Type, Type, Type, int)'\n   17 | Type dnorm(Type x, Type mean, Type sd, int give_log=0)\n      |      ^~~~~\nC:/Users/spi085/AppData/Local/Programs/R/R-4.4.1/library/TMB/include/dnorm.hpp:17:6: note:   template argument deduction/substitution failed:\nPOPULATIONS//POPULATION_0014//INDIVIDUAL_30DSH827/model.cpp:172:17: note:   deduced conflicting types for parameter 'Type' ('CppAD::AD<CppAD::AD<CppAD::AD<double> > >' and 'double')\n  172 |     nll -= dnorm(log(fast_dat(t) + min_val), log(fast_pred(t) + min_val), 0.25, true);\n      |            ~~~~~^~~~~~~~~~~~~~~~~~~~~~~~~~~~~~~~~~~~~~~~~~~~~~~~~~~~~~~~~~~~~~~~~~~~~\nC:/Users/spi085/AppData/Local/Programs/R/R-4.4.1/library/TMB/include/dnorm.hpp:23:17: note: candidate: 'template<class Type> tmbutils::vector<Type> dnorm(const tmbutils::vector<Type>&, Type, Type, int)'\n   23 | VECTORIZE4_ttti(dnorm)\n      |                 ^~~~~\nC:/Users/spi085/AppData/Local/Programs/R/R-4.4.1/library/TMB/include/Vectorize.hpp:38:14: note: in definition of macro 'GVECTORIZE'\n   38 | vector<Type> FUN( declare##Type1(arg1) comma##Type2                     \\\n      |              ^~~\nC:/Users/spi085/AppData/Local/Programs/R/R-4.4.1/library/TMB/include/dnorm.hpp:23:1: note: in expansion of macro 'VECTORIZE4_ttti'\n   23 | VECTORIZE4_ttti(dnorm)\n      | ^~~~~~~~~~~~~~~\nC:/Users/spi085/AppData/Local/Programs/R/R-4.4.1/library/TMB/include/dnorm.hpp:23:17: note:   template argument deduction/substitution failed:\n   23 | VECTORIZE4_ttti(dnorm)\n      |                 ^~~~~\nC:/Users/spi085/AppData/Local/Programs/R/R-4.4.1/library/TMB/include/Vectorize.hpp:38:14: note: in definition of macro 'GVECTORIZE'\n   38 | vector<Type> FUN( declare##Type1(arg1) comma##Type2                     \\\n      |              ^~~\nC:/Users/spi085/AppData/Local/Programs/R/R-4.4.1/library/TMB/include/dnorm.hpp:23:1: note: in expansion of macro 'VECTORIZE4_ttti'\n   23 | VECTORIZE4_ttti(dnorm)\n      | ^~~~~~~~~~~~~~~\nPOPULATIONS//POPULATION_0014//INDIVIDUAL_30DSH827/model.cpp:172:17: note:   'CppAD::AD<CppAD::AD<CppAD::AD<double> > >' is not derived from 'const tmbutils::vector<Type>'\n  172 |     nll -= dnorm(log(fast_dat(t) + min_val), log(fast_pred(t) + min_val), 0.25, true);\n      |            ~~~~~^~~~~~~~~~~~~~~~~~~~~~~~~~~~~~~~~~~~~~~~~~~~~~~~~~~~~~~~~~~~~~~~~~~~~\nC:/Users/spi085/AppData/Local/Programs/R/R-4.4.1/library/TMB/include/dnorm.hpp:23:17: note: candidate: 'template<class Type> tmbutils::vector<Type> dnorm(Type, const tmbutils::vector<Type>&, Type, int)'\n   23 | VECTORIZE4_ttti(dnorm)\n      |                 ^~~~~\nC:/Users/spi085/AppData/Local/Programs/R/R-4.4.1/library/TMB/include/Vectorize.hpp:38:14: note: in definition of macro 'GVECTORIZE'\n   38 | vector<Type> FUN( declare##Type1(arg1) comma##Type2                     \\\n      |              ^~~\nC:/Users/spi085/AppData/Local/Programs/R/R-4.4.1/library/TMB/include/dnorm.hpp:23:1: note: in expansion of macro 'VECTORIZE4_ttti'\n   23 | VECTORIZE4_ttti(dnorm)\n      | ^~~~~~~~~~~~~~~\nC:/Users/spi085/AppData/Local/Programs/R/R-4.4.1/library/TMB/include/dnorm.hpp:23:17: note:   template argument deduction/substitution failed:\n   23 | VECTORIZE4_ttti(dnorm)\n      |                 ^~~~~\nC:/Users/spi085/AppData/Local/Programs/R/R-4.4.1/library/TMB/include/Vectorize.hpp:38:14: note: in definition of macro 'GVECTORIZE'\n   38 | vector<Type> FUN( declare##Type1(arg1) comma##Type2                     \\\n      |              ^~~\nC:/Users/spi085/AppData/Local/Programs/R/R-4.4.1/library/TMB/include/dnorm.hpp:23:1: note: in expansion of macro 'VECTORIZE4_ttti'\n   23 | VECTORIZE4_ttti(dnorm)\n      | ^~~~~~~~~~~~~~~\nPOPULATIONS//POPULATION_0014//INDIVIDUAL_30DSH827/model.cpp:172:17: note:   'CppAD::AD<CppAD::AD<CppAD::AD<double> > >' is not derived from 'const tmbutils::vector<Type>'\n  172 |     nll -= dnorm(log(fast_dat(t) + min_val), log(fast_pred(t) + min_val), 0.25, true);\n      |            ~~~~~^~~~~~~~~~~~~~~~~~~~~~~~~~~~~~~~~~~~~~~~~~~~~~~~~~~~~~~~~~~~~~~~~~~~~\nC:/Users/spi085/AppData/Local/Programs/R/R-4.4.1/library/TMB/include/dnorm.hpp:23:17: note: candidate: 'template<class Type> tmbutils::vector<Type> dnorm(Type, Type, const tmbutils::vector<Type>&, int)'\n   23 | VECTORIZE4_ttti(dnorm)\n      |                 ^~~~~\nC:/Users/spi085/AppData/Local/Programs/R/R-4.4.1/library/TMB/include/Vectorize.hpp:38:14: note: in definition of macro 'GVECTORIZE'\n   38 | vector<Type> FUN( declare##Type1(arg1) comma##Type2                     \\\n      |              ^~~\nC:/Users/spi085/AppData/Local/Programs/R/R-4.4.1/library/TMB/include/dnorm.hpp:23:1: note: in expansion of macro 'VECTORIZE4_ttti'\n   23 | VECTORIZE4_ttti(dnorm)\n      | ^~~~~~~~~~~~~~~\nC:/Users/spi085/AppData/Local/Programs/R/R-4.4.1/library/TMB/include/dnorm.hpp:23:17: note:   template argument deduction/substitution failed:\n   23 | VECTORIZE4_ttti(dnorm)\n      |                 ^~~~~\nC:/Users/spi085/AppData/Local/Programs/R/R-4.4.1/library/TMB/include/Vectorize.hpp:38:14: note: in definition of macro 'GVECTORIZE'\n   38 | vector<Type> FUN( declare##Type1(arg1) comma##Type2                     \\\n      |              ^~~\nC:/Users/spi085/AppData/Local/Programs/R/R-4.4.1/library/TMB/include/dnorm.hpp:23:1: note: in expansion of macro 'VECTORIZE4_ttti'\n   23 | VECTORIZE4_ttti(dnorm)\n      | ^~~~~~~~~~~~~~~\nPOPULATIONS//POPULATION_0014//INDIVIDUAL_30DSH827/model.cpp:172:17: note:   mismatched types 'const tmbutils::vector<Type>' and 'double'\n  172 |     nll -= dnorm(log(fast_dat(t) + min_val), log(fast_pred(t) + min_val), 0.25, true);\n      |            ~~~~~^~~~~~~~~~~~~~~~~~~~~~~~~~~~~~~~~~~~~~~~~~~~~~~~~~~~~~~~~~~~~~~~~~~~~\nC:/Users/spi085/AppData/Local/Programs/R/R-4.4.1/library/TMB/include/dnorm.hpp:23:17: note: candidate: 'template<class Type> tmbutils::vector<Type> dnorm(const tmbutils::vector<Type>&, const tmbutils::vector<Type>&, Type, int)'\n   23 | VECTORIZE4_ttti(dnorm)\n      |                 ^~~~~\nC:/Users/spi085/AppData/Local/Programs/R/R-4.4.1/library/TMB/include/Vectorize.hpp:38:14: note: in definition of macro 'GVECTORIZE'\n   38 | vector<Type> FUN( declare##Type1(arg1) comma##Type2                     \\\n      |              ^~~\nC:/Users/spi085/AppData/Local/Programs/R/R-4.4.1/library/TMB/include/dnorm.hpp:23:1: note: in expansion of macro 'VECTORIZE4_ttti'\n   23 | VECTORIZE4_ttti(dnorm)\n      | ^~~~~~~~~~~~~~~\nC:/Users/spi085/AppData/Local/Programs/R/R-4.4.1/library/TMB/include/dnorm.hpp:23:17: note:   template argument deduction/substitution failed:\n   23 | VECTORIZE4_ttti(dnorm)\n      |                 ^~~~~\nC:/Users/spi085/AppData/Local/Programs/R/R-4.4.1/library/TMB/include/Vectorize.hpp:38:14: note: in definition of macro 'GVECTORIZE'\n   38 | vector<Type> FUN( declare##Type1(arg1) comma##Type2                     \\\n      |              ^~~\nC:/Users/spi085/AppData/Local/Programs/R/R-4.4.1/library/TMB/include/dnorm.hpp:23:1: note: in expansion of macro 'VECTORIZE4_ttti'\n   23 | VECTORIZE4_ttti(dnorm)\n      | ^~~~~~~~~~~~~~~\nPOPULATIONS//POPULATION_0014//INDIVIDUAL_30DSH827/model.cpp:172:17: note:   'CppAD::AD<CppAD::AD<CppAD::AD<double> > >' is not derived from 'const tmbutils::vector<Type>'\n  172 |     nll -= dnorm(log(fast_dat(t) + min_val), log(fast_pred(t) + min_val), 0.25, true);\n      |            ~~~~~^~~~~~~~~~~~~~~~~~~~~~~~~~~~~~~~~~~~~~~~~~~~~~~~~~~~~~~~~~~~~~~~~~~~~\nC:/Users/spi085/AppData/Local/Programs/R/R-4.4.1/library/TMB/include/dnorm.hpp:23:17: note: candidate: 'template<class Type> tmbutils::vector<Type> dnorm(Type, const tmbutils::vector<Type>&, const tmbutils::vector<Type>&, int)'\n   23 | VECTORIZE4_ttti(dnorm)\n      |                 ^~~~~\nC:/Users/spi085/AppData/Local/Programs/R/R-4.4.1/library/TMB/include/Vectorize.hpp:38:14: note: in definition of macro 'GVECTORIZE'\n   38 | vector<Type> FUN( declare##Type1(arg1) comma##Type2                     \\\n      |              ^~~\nC:/Users/spi085/AppData/Local/Programs/R/R-4.4.1/library/TMB/include/dnorm.hpp:23:1: note: in expansion of macro 'VECTORIZE4_ttti'\n   23 | VECTORIZE4_ttti(dnorm)\n      | ^~~~~~~~~~~~~~~\nC:/Users/spi085/AppData/Local/Programs/R/R-4.4.1/library/TMB/include/dnorm.hpp:23:17: note:   template argument deduction/substitution failed:\n   23 | VECTORIZE4_ttti(dnorm)\n      |                 ^~~~~\nC:/Users/spi085/AppData/Local/Programs/R/R-4.4.1/library/TMB/include/Vectorize.hpp:38:14: note: in definition of macro 'GVECTORIZE'\n   38 | vector<Type> FUN( declare##Type1(arg1) comma##Type2                     \\\n      |              ^~~\nC:/Users/spi085/AppData/Local/Programs/R/R-4.4.1/library/TMB/include/dnorm.hpp:23:1: note: in expansion of macro 'VECTORIZE4_ttti'\n   23 | VECTORIZE4_ttti(dnorm)\n      | ^~~~~~~~~~~~~~~\nPOPULATIONS//POPULATION_0014//INDIVIDUAL_30DSH827/model.cpp:172:17: note:   'CppAD::AD<CppAD::AD<CppAD::AD<double> > >' is not derived from 'const tmbutils::vector<Type>'\n  172 |     nll -= dnorm(log(fast_dat(t) + min_val), log(fast_pred(t) + min_val), 0.25, true);\n      |            ~~~~~^~~~~~~~~~~~~~~~~~~~~~~~~~~~~~~~~~~~~~~~~~~~~~~~~~~~~~~~~~~~~~~~~~~~~\nC:/Users/spi085/AppData/Local/Programs/R/R-4.4.1/library/TMB/include/dnorm.hpp:23:17: note: candidate: 'template<class Type> tmbutils::vector<Type> dnorm(const tmbutils::vector<Type>&, Type, const tmbutils::vector<Type>&, int)'\n   23 | VECTORIZE4_ttti(dnorm)\n      |                 ^~~~~\nC:/Users/spi085/AppData/Local/Programs/R/R-4.4.1/library/TMB/include/Vectorize.hpp:38:14: note: in definition of macro 'GVECTORIZE'\n   38 | vector<Type> FUN( declare##Type1(arg1) comma##Type2                     \\\n      |              ^~~\nC:/Users/spi085/AppData/Local/Programs/R/R-4.4.1/library/TMB/include/dnorm.hpp:23:1: note: in expansion of macro 'VECTORIZE4_ttti'\n   23 | VECTORIZE4_ttti(dnorm)\n      | ^~~~~~~~~~~~~~~\nC:/Users/spi085/AppData/Local/Programs/R/R-4.4.1/library/TMB/include/dnorm.hpp:23:17: note:   template argument deduction/substitution failed:\n   23 | VECTORIZE4_ttti(dnorm)\n      |                 ^~~~~\nC:/Users/spi085/AppData/Local/Programs/R/R-4.4.1/library/TMB/include/Vectorize.hpp:38:14: note: in definition of macro 'GVECTORIZE'\n   38 | vector<Type> FUN( declare##Type1(arg1) comma##Type2                     \\\n      |              ^~~\nC:/Users/spi085/AppData/Local/Programs/R/R-4.4.1/library/TMB/include/dnorm.hpp:23:1: note: in expansion of macro 'VECTORIZE4_ttti'\n   23 | VECTORIZE4_ttti(dnorm)\n      | ^~~~~~~~~~~~~~~\nPOPULATIONS//POPULATION_0014//INDIVIDUAL_30DSH827/model.cpp:172:17: note:   'CppAD::AD<CppAD::AD<CppAD::AD<double> > >' is not derived from 'const tmbutils::vector<Type>'\n  172 |     nll -= dnorm(log(fast_dat(t) + min_val), log(fast_pred(t) + min_val), 0.25, true);\n      |            ~~~~~^~~~~~~~~~~~~~~~~~~~~~~~~~~~~~~~~~~~~~~~~~~~~~~~~~~~~~~~~~~~~~~~~~~~~\nC:/Users/spi085/AppData/Local/Programs/R/R-4.4.1/library/TMB/include/dnorm.hpp:23:17: note: candidate: 'template<class Type> tmbutils::vector<Type> dnorm(const tmbutils::vector<Type>&, const tmbutils::vector<Type>&, const tmbutils::vector<Type>&, int)'\n   23 | VECTORIZE4_ttti(dnorm)\n      |                 ^~~~~\nC:/Users/spi085/AppData/Local/Programs/R/R-4.4.1/library/TMB/include/Vectorize.hpp:38:14: note: in definition of macro 'GVECTORIZE'\n   38 | vector<Type> FUN( declare##Type1(arg1) comma##Type2                     \\\n      |              ^~~\nC:/Users/spi085/AppData/Local/Programs/R/R-4.4.1/library/TMB/include/dnorm.hpp:23:1: note: in expansion of macro 'VECTORIZE4_ttti'\n   23 | VECTORIZE4_ttti(dnorm)\n      | ^~~~~~~~~~~~~~~\nC:/Users/spi085/AppData/Local/Programs/R/R-4.4.1/library/TMB/include/dnorm.hpp:23:17: note:   template argument deduction/substitution failed:\n   23 | VECTORIZE4_ttti(dnorm)\n      |                 ^~~~~\nC:/Users/spi085/AppData/Local/Programs/R/R-4.4.1/library/TMB/include/Vectorize.hpp:38:14: note: in definition of macro 'GVECTORIZE'\n   38 | vector<Type> FUN( declare##Type1(arg1) comma##Type2                     \\\n      |              ^~~\nC:/Users/spi085/AppData/Local/Programs/R/R-4.4.1/library/TMB/include/dnorm.hpp:23:1: note: in expansion of macro 'VECTORIZE4_ttti'\n   23 | VECTORIZE4_ttti(dnorm)\n      | ^~~~~~~~~~~~~~~\nPOPULATIONS//POPULATION_0014//INDIVIDUAL_30DSH827/model.cpp:172:17: note:   'CppAD::AD<CppAD::AD<CppAD::AD<double> > >' is not derived from 'const tmbutils::vector<Type>'\n  172 |     nll -= dnorm(log(fast_dat(t) + min_val), log(fast_pred(t) + min_val), 0.25, true);\n      |            ~~~~~^~~~~~~~~~~~~~~~~~~~~~~~~~~~~~~~~~~~~~~~~~~~~~~~~~~~~~~~~~~~~~~~~~~~~\nmake: *** [C:/Users/spi085/AppData/Local/Programs/R/R-4.4.1/etc/x64/Makeconf:296: POPULATIONS//POPULATION_0014//INDIVIDUAL_30DSH827/model.o] Error 1\nError in TMB::compile(file.path(individual_dir, model_file), flags = flags,  : \n  Compilation failed\nError: Compilation failed\nExecution halted"
    },
    "6": {
      "status": "ERROR",
      "message": "R script failed with return code 1",
      "stdout": "g++ -std=gnu++17  -I\"C:/Users/spi085/AppData/Local/Programs/R/R-4.4.1/include\" -DNDEBUG -I\"C:/Users/spi085/AppData/Local/Programs/R/R-44~1.1/library/TMB/include\" -I\"C:/Users/spi085/AppData/Local/Programs/R/R-44~1.1/library/RCPPEI~1/include\"   -DTMB_EIGEN_DISABLE_WARNINGS   -DTMB_LIB_INIT=R_init_model  -DCPPAD_FRAMEWORK    -I\"C:/rtools44/x86_64-w64-mingw32.static.posix/include\"     -O2 -Wa,-mbig-obj -c POPULATIONS//POPULATION_0014//INDIVIDUAL_30DSH827/model.cpp -o POPULATIONS//POPULATION_0014//INDIVIDUAL_30DSH827/model.o\ng++ -std=gnu++17 -shared -s -static-libgcc -o POPULATIONS//POPULATION_0014//INDIVIDUAL_30DSH827/model.dll tmp.def POPULATIONS//POPULATION_0014//INDIVIDUAL_30DSH827/model.o -LC:/rtools44/x86_64-w64-mingw32.static.posix/lib/x64 -LC:/rtools44/x86_64-w64-mingw32.static.posix/lib -LC:/Users/spi085/AppData/Local/Programs/R/R-4.4.1/bin/x64 -lR\nStarting model phases\nNumber of phases: 4 \nPhase 1 \nInitial parameter values for phase 1 :\n             r_cots          alpha_slow          alpha_fast cots_density_effect \n                 NA                  NA                  NA                  NA \n             r_slow              r_fast \n                 NA                  NA \nError in model phases: NA/NaN gradient evaluation",
      "stderr": "Loading required package: TMB\nLoading required package: jsonlite\nhere() starts at C:/Users/spi085/OneDrive - CSIRO/Documents/_Projects/SCCP-QuantModelling\nusing C++ compiler: 'G__~1.EXE (GCC) 13.2.0'\nError in value[[3L]](cond) : \n  Error in model phases: NA/NaN gradient evaluation\nCalls: tryCatch -> tryCatchList -> tryCatchOne -> <Anonymous>\nIn addition: Warning message:\nIn nlminb(model$par, model$fn, model$gr) : NA/NaN function evaluation\nExecution halted"
    },
    "7": {
      "status": "BROKEN"
    }
  }
}