{
  "iterations": {
    "1": {
      "status": "ERROR",
      "message": "Model failed to compile.",
      "stdout": "g++ -std=gnu++17  -I\"C:/Users/spi085/AppData/Local/Programs/R/R-4.4.1/include\" -DNDEBUG -I\"C:/Users/spi085/AppData/Local/Programs/R/R-44~1.1/library/TMB/include\" -I\"C:/Users/spi085/AppData/Local/Programs/R/R-44~1.1/library/RCPPEI~1/include\"   -DTMB_EIGEN_DISABLE_WARNINGS   -DTMB_LIB_INIT=R_init_model  -DCPPAD_FRAMEWORK    -I\"C:/rtools44/x86_64-w64-mingw32.static.posix/include\"     -O2 -Wa,-mbig-obj -c POPULATIONS//POPULATION_0027//INDIVIDUAL_A6FGRAAE/model.cpp -o POPULATIONS//POPULATION_0027//INDIVIDUAL_A6FGRAAE/model.o",
      "stderr": "Loading required package: TMB\nLoading required package: jsonlite\nhere() starts at C:/Users/spi085/OneDrive - CSIRO/Documents/_Projects/SCCP-QuantModelling\nusing C++ compiler: 'G__~1.EXE (GCC) 13.2.0'\nPOPULATIONS//POPULATION_0027//INDIVIDUAL_A6FGRAAE/model.cpp: In member function 'Type objective_function<Type>::operator()()':\nPOPULATIONS//POPULATION_0027//INDIVIDUAL_A6FGRAAE/model.cpp:99:25: error: 'eff_base' was not declared in this scope\n   99 |       Type efficiency = eff_base + eff_max * (N / (N + K_eff + eps));\n      |                         ^~~~~~~~\nPOPULATIONS//POPULATION_0027//INDIVIDUAL_A6FGRAAE/model.cpp:99:36: error: 'eff_max' was not declared in this scope; did you mean 'fmax'?\n   99 |       Type efficiency = eff_base + eff_max * (N / (N + K_eff + eps));\n      |                                    ^~~~~~~\n      |                                    fmax\nPOPULATIONS//POPULATION_0027//INDIVIDUAL_A6FGRAAE/model.cpp:99:56: error: 'K_eff' was not declared in this scope\n   99 |       Type efficiency = eff_base + eff_max * (N / (N + K_eff + eps));\n      |                                                        ^~~~~\nmake: *** [C:/Users/spi085/AppData/Local/Programs/R/R-4.4.1/etc/x64/Makeconf:296: POPULATIONS//POPULATION_0027//INDIVIDUAL_A6FGRAAE/model.o] Error 1\nError in TMB::compile(file.path(individual_dir, model_file), flags = flags,  : \n  Compilation failed\nError: Compilation failed\nExecution halted"
    },
    "2": {
      "status": "ERROR",
      "message": "R script failed with return code 1",
      "stdout": "g++ -std=gnu++17  -I\"C:/Users/spi085/AppData/Local/Programs/R/R-4.4.1/include\" -DNDEBUG -I\"C:/Users/spi085/AppData/Local/Programs/R/R-44~1.1/library/TMB/include\" -I\"C:/Users/spi085/AppData/Local/Programs/R/R-44~1.1/library/RCPPEI~1/include\"   -DTMB_EIGEN_DISABLE_WARNINGS   -DTMB_LIB_INIT=R_init_model  -DCPPAD_FRAMEWORK    -I\"C:/rtools44/x86_64-w64-mingw32.static.posix/include\"     -O2 -Wa,-mbig-obj -c POPULATIONS//POPULATION_0027//INDIVIDUAL_A6FGRAAE/model.cpp -o POPULATIONS//POPULATION_0027//INDIVIDUAL_A6FGRAAE/model.o\ng++ -std=gnu++17 -shared -s -static-libgcc -o POPULATIONS//POPULATION_0027//INDIVIDUAL_A6FGRAAE/model.dll tmp.def POPULATIONS//POPULATION_0027//INDIVIDUAL_A6FGRAAE/model.o -LC:/rtools44/x86_64-w64-mingw32.static.posix/lib/x64 -LC:/rtools44/x86_64-w64-mingw32.static.posix/lib -LC:/Users/spi085/AppData/Local/Programs/R/R-4.4.1/bin/x64 -lR\nStarting model phases\nNumber of phases: 4 \nPhase 1 \nInitial parameter values for phase 1 :\nr_max g_max \n  1.0   0.4 \nFinal parameter values for phase 1 :\n    r_max     g_max \n0.3900393 0.4365009 \nConvergence message: both X-convergence and relative convergence (5) \nNumber of iterations: 23 \nObjective function value: 6153.004 \nGradient at solution for phase 1 :\n             [,1]          [,2]\n[1,] 3.113009e-07 -4.721571e-07\nPhase 2 \nInitial parameter values for phase 2 :\n       K_N        K_P alpha_base  alpha_max    K_alpha      m_P_N      m_Z_N \n      0.10       0.20       0.20       0.30       0.10       0.15       0.10 \n       r_D      I_opt       beta   eff_base    eff_max      K_eff \n      0.10     150.00       0.10       0.60       0.30       0.15 \nFinal parameter values for phase 2 :\n          K_N           K_P    alpha_base     alpha_max       K_alpha \n  0.103470353   0.219162919   0.444601056   0.034063307   0.002509405 \n        m_P_N         m_Z_N           r_D         I_opt          beta \n -0.085447426   0.084070586   0.033496205 150.000000000   0.100000000 \n     eff_base       eff_max         K_eff \n  0.762164609   0.095833019  -0.017241772 \nConvergence message: function evaluation limit reached without convergence (9) \nNumber of iterations: 120 \nObjective function value: 24.83568 \nGradient at solution for phase 2 :\n         [,1]      [,2]     [,3]     [,4]     [,5]      [,6]      [,7]     [,8]\n[1,] 447.2163 -895.6717 109.8687 115.4566 -817.818 -167.5453 -986.8328 109.4866\n              [,9] [,10]    [,11]     [,12]    [,13]\n[1,] -1.387779e-17     0 -427.525 -556.9251 2581.151\nPhase 3 \nInitial parameter values for phase 3 :\n m_P  m_Z \n0.10 0.05 \nFinal parameter values for phase 3 :\n       m_P        m_Z \n0.10010658 0.05323902 \nConvergence message: relative convergence (4) \nNumber of iterations: 9 \nObjective function value: 23.79249 \nGradient at solution for phase 3 :\n           [,1]         [,2]\n[1,] -0.0216822 4.523378e-05\nPhase 4 \nInitial parameter values for phase 4 :\nsigma_N sigma_P sigma_Z \n    0.2     0.2     0.2 \nFinal parameter values for phase 4 :\n  sigma_N   sigma_P   sigma_Z \n0.1412465 0.3531748 0.1215987 \nConvergence message: relative convergence (4) \nNumber of iterations: 25 \nObjective function value: -115.9878 \nGradient at solution for phase 4 :\n            [,1]          [,2]        [,3]\n[1,] 0.001460603 -0.0003151584 0.000408634\nFinal Phase\nInitial parameter values for final phase:\n        r_max           K_N         g_max           K_P    alpha_base \n  0.390039305   0.103470353   0.436500878   0.219162919   0.444601056 \n    alpha_max       K_alpha           m_P         m_P_N           m_Z \n  0.034063307   0.002509405   0.100106577  -0.085447426   0.053239020 \n        m_Z_N           r_D       sigma_N       sigma_P       sigma_Z \n  0.084070586   0.033496205   0.141246463   0.353174794   0.121598679 \n        I_opt          beta      eff_base       eff_max         K_eff \n150.000000000   0.100000000   0.762164609   0.095833019  -0.017241772 \nFinal parameter values for final phase:\n        r_max           K_N         g_max           K_P    alpha_base \n  0.390442835   0.102756949   0.435345007   0.217691645   0.440754620 \n    alpha_max       K_alpha           m_P         m_P_N           m_Z \n  0.033871047   0.003792899   0.101000719  -0.086008424   0.056364417 \n        m_Z_N           r_D       sigma_N       sigma_P       sigma_Z \n  0.083131662   0.034476328   0.137748375   0.353530269   0.121971436 \n        I_opt          beta      eff_base       eff_max         K_eff \n150.000000000   0.100000000   0.762676415   0.095567750  -0.017490886 \nConvergence message: function evaluation limit reached without convergence (9) \nNumber of iterations: 63 \nObjective function value: -133.9696 \nGradient at solution for final phase:\n         [,1]    [,2]    [,3]     [,4]     [,5]     [,6]      [,7]    [,8]\n[1,] -4115986 5951799 2144785 -2359330 658725.4 646186.9 -109415.1 7472491\n        [,9]     [,10]    [,11]   [,12]    [,13]     [,14]     [,15] [,16]\n[1,] 2488400 -236939.1 -1472509 7161357 280.8815 -37.00307 -16.96699     0\n     [,17]    [,18]    [,19]    [,20]\n[1,]     0 -1749232 -2856178 21330416\nAll phases completed",
      "stderr": "Loading required package: TMB\nLoading required package: jsonlite\nhere() starts at C:/Users/spi085/OneDrive - CSIRO/Documents/_Projects/SCCP-QuantModelling\nusing C++ compiler: 'G__~1.EXE (GCC) 13.2.0'\nThere were 20 warnings (use warnings() to see them)\nError in `$<-.data.frame`(`*tmp*`, \"found_value\", value = c(NA, NA, NA,  : \n  replacement has 4 rows, data has 21\nCalls: $<- -> $<-.data.frame\nExecution halted"
    },
    "3": {
      "status": "ERROR",
      "message": "R script failed with return code 1",
      "stdout": "g++ -std=gnu++17  -I\"C:/Users/spi085/AppData/Local/Programs/R/R-4.4.1/include\" -DNDEBUG -I\"C:/Users/spi085/AppData/Local/Programs/R/R-44~1.1/library/TMB/include\" -I\"C:/Users/spi085/AppData/Local/Programs/R/R-44~1.1/library/RCPPEI~1/include\"   -DTMB_EIGEN_DISABLE_WARNINGS   -DTMB_LIB_INIT=R_init_model  -DCPPAD_FRAMEWORK    -I\"C:/rtools44/x86_64-w64-mingw32.static.posix/include\"     -O2 -Wa,-mbig-obj -c POPULATIONS//POPULATION_0027//INDIVIDUAL_A6FGRAAE/model.cpp -o POPULATIONS//POPULATION_0027//INDIVIDUAL_A6FGRAAE/model.o\ng++ -std=gnu++17 -shared -s -static-libgcc -o POPULATIONS//POPULATION_0027//INDIVIDUAL_A6FGRAAE/model.dll tmp.def POPULATIONS//POPULATION_0027//INDIVIDUAL_A6FGRAAE/model.o -LC:/rtools44/x86_64-w64-mingw32.static.posix/lib/x64 -LC:/rtools44/x86_64-w64-mingw32.static.posix/lib -LC:/Users/spi085/AppData/Local/Programs/R/R-4.4.1/bin/x64 -lR\nStarting model phases\nNumber of phases: 4 \nPhase 1 \nInitial parameter values for phase 1 :\nr_max g_max \n  1.0   0.4 \nFinal parameter values for phase 1 :\n    r_max     g_max \n0.3900393 0.4365009 \nConvergence message: both X-convergence and relative convergence (5) \nNumber of iterations: 23 \nObjective function value: 6153.004 \nGradient at solution for phase 1 :\n             [,1]          [,2]\n[1,] 3.113009e-07 -4.721571e-07\nPhase 2 \nInitial parameter values for phase 2 :\n       K_N        K_P alpha_base  alpha_max    K_alpha      m_P_N      m_Z_N \n      0.10       0.20       0.20       0.30       0.10       0.15       0.10 \n       r_D      I_opt       beta   eff_base    eff_max      K_eff \n      0.10     150.00       0.10       0.60       0.30       0.15 \nFinal parameter values for phase 2 :\n          K_N           K_P    alpha_base     alpha_max       K_alpha \n  0.103470353   0.219162919   0.444601056   0.034063307   0.002509405 \n        m_P_N         m_Z_N           r_D         I_opt          beta \n -0.085447426   0.084070586   0.033496205 150.000000000   0.100000000 \n     eff_base       eff_max         K_eff \n  0.762164609   0.095833019  -0.017241772 \nConvergence message: function evaluation limit reached without convergence (9) \nNumber of iterations: 120 \nObjective function value: 24.83568 \nGradient at solution for phase 2 :\n         [,1]      [,2]     [,3]     [,4]     [,5]      [,6]      [,7]     [,8]\n[1,] 447.2163 -895.6717 109.8687 115.4566 -817.818 -167.5453 -986.8328 109.4866\n              [,9] [,10]    [,11]     [,12]    [,13]\n[1,] -1.387779e-17     0 -427.525 -556.9251 2581.151\nPhase 3 \nInitial parameter values for phase 3 :\n m_P  m_Z \n0.10 0.05 \nFinal parameter values for phase 3 :\n       m_P        m_Z \n0.10010658 0.05323902 \nConvergence message: relative convergence (4) \nNumber of iterations: 8 \nObjective function value: 2000024 \nGradient at solution for phase 3 :\n            [,1]         [,2]\n[1,] -0.02177293 4.879485e-05\nPhase 4 \nInitial parameter values for phase 4 :\nsigma_N sigma_P sigma_Z \n    0.2     0.2     0.2 \nFinal parameter values for phase 4 :\n  sigma_N   sigma_P   sigma_Z \n0.1412464 0.3530049 0.1215750 \nConvergence message: relative convergence (4) \nNumber of iterations: 16 \nObjective function value: 1999884 \nGradient at solution for phase 4 :\n             [,1]      [,2]       [,3]\n[1,] 0.0001120198 -0.516274 -0.5467156\nFinal Phase\nInitial parameter values for final phase:\n        r_max           K_N         g_max           K_P    alpha_base \n  0.390039305   0.103470353   0.436500878   0.219162919   0.444601056 \n    alpha_max       K_alpha           m_P         m_P_N           m_Z \n  0.034063307   0.002509405   0.100106577  -0.085447426   0.053239020 \n        m_Z_N           r_D       sigma_N       sigma_P       sigma_Z \n  0.084070586   0.033496205   0.141246386   0.353004861   0.121575002 \n        I_opt          beta      eff_base       eff_max         K_eff \n150.000000000   0.100000000   0.762164609   0.095833019  -0.017241772 \nFinal parameter values for final phase:\n        r_max           K_N         g_max           K_P    alpha_base \n  0.390331357   0.103383914   0.436153873   0.218937056   0.443661717 \n    alpha_max       K_alpha           m_P         m_P_N           m_Z \n  0.033698283   0.003244482   0.100797234  -0.086949695   0.053155286 \n        m_Z_N           r_D       sigma_N       sigma_P       sigma_Z \n  0.082864509   0.033567972   0.140585730   0.353031637   0.121684398 \n        I_opt          beta      eff_base       eff_max         K_eff \n150.000000000   0.100000000   0.762298441   0.095940215  -0.017259844 \nConvergence message: false convergence (8) \nNumber of iterations: 102 \nObjective function value: 1999870 \nGradient at solution for final phase:\n         [,1]      [,2]    [,3]     [,4]      [,5]      [,6]      [,7]\n[1,] 8353.981 -12333.68 -4567.3 5012.482 -912.3425 -920.7526 -672.7347\n          [,8]      [,9]     [,10]    [,11]     [,12]    [,13]     [,14]\n[1,] -17094.32 -6326.059 -58.04024 1125.937 -14205.26 308.4523 -37.89585\n         [,15]        [,16] [,17]    [,18]    [,19]     [,20]\n[1,] -55.23948 2.775558e-17     0 3533.395 5923.067 -46951.71\nAll phases completed",
      "stderr": "Loading required package: TMB\nLoading required package: jsonlite\nhere() starts at C:/Users/spi085/OneDrive - CSIRO/Documents/_Projects/SCCP-QuantModelling\nusing C++ compiler: 'G__~1.EXE (GCC) 13.2.0'\nThere were 19 warnings (use warnings() to see them)\nError in `$<-.data.frame`(`*tmp*`, \"found_value\", value = c(NA, NA, NA,  : \n  replacement has 4 rows, data has 21\nCalls: $<- -> $<-.data.frame\nExecution halted"
    },
    "4": {
      "status": "ERROR",
      "message": "R script failed with return code 1",
      "stdout": "g++ -std=gnu++17  -I\"C:/Users/spi085/AppData/Local/Programs/R/R-4.4.1/include\" -DNDEBUG -I\"C:/Users/spi085/AppData/Local/Programs/R/R-44~1.1/library/TMB/include\" -I\"C:/Users/spi085/AppData/Local/Programs/R/R-44~1.1/library/RCPPEI~1/include\"   -DTMB_EIGEN_DISABLE_WARNINGS   -DTMB_LIB_INIT=R_init_model  -DCPPAD_FRAMEWORK    -I\"C:/rtools44/x86_64-w64-mingw32.static.posix/include\"     -O2 -Wa,-mbig-obj -c POPULATIONS//POPULATION_0027//INDIVIDUAL_A6FGRAAE/model.cpp -o POPULATIONS//POPULATION_0027//INDIVIDUAL_A6FGRAAE/model.o\ng++ -std=gnu++17 -shared -s -static-libgcc -o POPULATIONS//POPULATION_0027//INDIVIDUAL_A6FGRAAE/model.dll tmp.def POPULATIONS//POPULATION_0027//INDIVIDUAL_A6FGRAAE/model.o -LC:/rtools44/x86_64-w64-mingw32.static.posix/lib/x64 -LC:/rtools44/x86_64-w64-mingw32.static.posix/lib -LC:/Users/spi085/AppData/Local/Programs/R/R-4.4.1/bin/x64 -lR\nStarting model phases\nNumber of phases: 4 \nPhase 1 \nInitial parameter values for phase 1 :\nr_max g_max \n  1.0   0.4 \nFinal parameter values for phase 1 :\n    r_max     g_max \n0.4123766 0.4480590 \nConvergence message: relative convergence (4) \nNumber of iterations: 19 \nObjective function value: 2906.635 \nGradient at solution for phase 1 :\n            [,1]         [,2]\n[1,] 0.004380728 -0.003125588\nPhase 2 \nInitial parameter values for phase 2 :\n       K_N        K_P alpha_base  alpha_max    K_alpha      m_P_N      m_Z_N \n      0.10       0.20       0.20       0.30       0.10       0.05       0.10 \n       r_D      I_opt       beta   eff_base    eff_max      K_eff \n      0.10     150.00       0.10       0.60       0.30       0.15 \nFinal parameter values for phase 2 :\n          K_N           K_P    alpha_base     alpha_max       K_alpha \n  0.188330231   0.198765366   0.361294657   0.153143879   0.002710063 \n        m_P_N         m_Z_N           r_D         I_opt          beta \n -0.096931222   0.073604745   0.030520607 150.000000000   0.100000000 \n     eff_base       eff_max         K_eff \n  2.279499169  -2.230855124   0.202178324 \nConvergence message: function evaluation limit reached without convergence (9) \nNumber of iterations: 111 \nObjective function value: -63.90575 \nGradient at solution for phase 2 :\n         [,1]      [,2]     [,3]    [,4]     [,5]      [,6]      [,7]     [,8]\n[1,] 57.03208 -3678.988 416.4491 435.741 -97.0786 -8194.099 -14901.13 16799.19\n     [,9] [,10]     [,11]     [,12]     [,13]\n[1,]    0     0 -482.0191 -205.8554 -1601.696\nPhase 3 \nInitial parameter values for phase 3 :\n m_P  m_Z \n0.10 0.05 \nFinal parameter values for phase 3 :\n       m_P        m_Z \n0.10133741 0.05164592 \nConvergence message: relative convergence (4) \nNumber of iterations: 9 \nObjective function value: 2999934 \nGradient at solution for phase 3 :\n            [,1]        [,2]\n[1,] -0.08508504 -0.07364261\nPhase 4 \nInitial parameter values for phase 4 :\nsigma_N sigma_P sigma_Z \n    0.2     0.2     0.2 \nFinal parameter values for phase 4 :\n  sigma_N   sigma_P   sigma_Z \n0.1298601 0.3045470 0.1103368 \nConvergence message: relative convergence (4) \nNumber of iterations: 17 \nObjective function value: 2999821 \nGradient at solution for phase 4 :\n           [,1]      [,2]      [,3]\n[1,] -0.4909821 0.1127303 0.1735338\nFinal Phase\nInitial parameter values for final phase:\n        r_max           K_N         g_max           K_P    alpha_base \n  0.412376594   0.188330231   0.448059000   0.198765366   0.361294657 \n    alpha_max       K_alpha           m_P         m_P_N           m_Z \n  0.153143879   0.002710063   0.101337410  -0.096931222   0.051645922 \n        m_Z_N           r_D       sigma_N       sigma_P       sigma_Z \n  0.073604745   0.030520607   0.129860085   0.304547005   0.110336781 \n        I_opt          beta      eff_base       eff_max         K_eff \n150.000000000   0.100000000   2.279499169  -2.230855124   0.202178324 \nFinal parameter values for final phase:\n        r_max           K_N         g_max           K_P    alpha_base \n  0.475594891   0.251714985   0.452338051   0.182314355   0.343395108 \n    alpha_max       K_alpha           m_P         m_P_N           m_Z \n  0.043557080   0.001978699   0.097888785  -0.073666379   0.028447287 \n        m_Z_N           r_D       sigma_N       sigma_P       sigma_Z \n  0.057987250   0.031220317   0.102142005   0.283563212   0.073995686 \n        I_opt          beta      eff_base       eff_max         K_eff \n150.000000000   0.100000000   2.240223592  -2.615269560   0.313544046 \nConvergence message: function evaluation limit reached without convergence (9) \nNumber of iterations: 100 \nObjective function value: 2999728 \nGradient at solution for final phase:\n         [,1]      [,2]      [,3]     [,4]      [,5]      [,6]      [,7]\n[1,] 942.3231 -413.0646 -606.4262 1912.737 -303.6155 -305.8977 -1308.237\n          [,8]     [,9]    [,10]    [,11]     [,12]   [,13]     [,14]    [,15]\n[1,] -242.6024 3927.947 728.8936 8351.236 -8794.892 -340.41 -122.7206 45.04516\n             [,16] [,17]    [,18]    [,19]    [,20]\n[1,] -2.775558e-17     0 456.5243 219.4073 821.8507\nAll phases completed",
      "stderr": "Loading required package: TMB\nLoading required package: jsonlite\nhere() starts at C:/Users/spi085/OneDrive - CSIRO/Documents/_Projects/SCCP-QuantModelling\nusing C++ compiler: 'G__~1.EXE (GCC) 13.2.0'\nWarning messages:\n1: In nlminb(model$par, model$fn, model$gr) : NA/NaN function evaluation\n2: In nlminb(model$par, model$fn, model$gr) : NA/NaN function evaluation\n3: In nlminb(model$par, model$fn, model$gr) : NA/NaN function evaluation\n4: In nlminb(model$par, model$fn, model$gr) : NA/NaN function evaluation\nError in `$<-.data.frame`(`*tmp*`, \"found_value\", value = c(NA, NA, NA,  : \n  replacement has 4 rows, data has 21\nCalls: $<- -> $<-.data.frame\nExecution halted"
    },
    "5": {
      "status": "ERROR",
      "message": "R script failed with return code 1",
      "stdout": "g++ -std=gnu++17  -I\"C:/Users/spi085/AppData/Local/Programs/R/R-4.4.1/include\" -DNDEBUG -I\"C:/Users/spi085/AppData/Local/Programs/R/R-44~1.1/library/TMB/include\" -I\"C:/Users/spi085/AppData/Local/Programs/R/R-44~1.1/library/RCPPEI~1/include\"   -DTMB_EIGEN_DISABLE_WARNINGS   -DTMB_LIB_INIT=R_init_model  -DCPPAD_FRAMEWORK    -I\"C:/rtools44/x86_64-w64-mingw32.static.posix/include\"     -O2 -Wa,-mbig-obj -c POPULATIONS//POPULATION_0027//INDIVIDUAL_A6FGRAAE/model.cpp -o POPULATIONS//POPULATION_0027//INDIVIDUAL_A6FGRAAE/model.o\ng++ -std=gnu++17 -shared -s -static-libgcc -o POPULATIONS//POPULATION_0027//INDIVIDUAL_A6FGRAAE/model.dll tmp.def POPULATIONS//POPULATION_0027//INDIVIDUAL_A6FGRAAE/model.o -LC:/rtools44/x86_64-w64-mingw32.static.posix/lib/x64 -LC:/rtools44/x86_64-w64-mingw32.static.posix/lib -LC:/Users/spi085/AppData/Local/Programs/R/R-4.4.1/bin/x64 -lR\nStarting model phases\nNumber of phases: 4 \nPhase 1 \nInitial parameter values for phase 1 :\nr_max g_max \n  1.0   0.4 \nFinal parameter values for phase 1 :\n    r_max     g_max \n0.5864256 0.4466041 \nConvergence message: relative convergence (4) \nNumber of iterations: 14 \nObjective function value: 2658.67 \nGradient at solution for phase 1 :\n              [,1]         [,2]\n[1,] -1.686398e-05 2.407713e-05\nPhase 2 \nInitial parameter values for phase 2 :\n       K_N        K_P alpha_base  alpha_max    K_alpha      m_P_N      m_Z_N \n      0.10       0.20       0.20       0.30       0.10       0.05       0.10 \n       r_D      I_opt       beta   eff_base    eff_max      K_eff \n      0.10     150.00       0.10       0.30       0.40       0.15 \nFinal parameter values for phase 2 :\n         K_N          K_P   alpha_base    alpha_max      K_alpha        m_P_N \n  0.27162228   0.18750219   0.11217788   0.36187651   0.00115666  -0.08648755 \n       m_Z_N          r_D        I_opt         beta     eff_base      eff_max \n  0.06170613   0.03008035 150.00000000   0.10000000   2.27282664  -2.59098840 \n       K_eff \n  0.22254855 \nConvergence message: function evaluation limit reached without convergence (9) \nNumber of iterations: 121 \nObjective function value: -91.86351 \nGradient at solution for phase 2 :\n          [,1]     [,2]     [,3]    [,4]      [,5]     [,6]     [,7]      [,8]\n[1,] -1746.548 5997.212 1536.265 1436.53 -33465.44 27125.79 37568.21 -62206.32\n     [,9] [,10]    [,11]    [,12]    [,13]\n[1,]    0     0 2631.567 1489.242 7397.588\nPhase 3 \nInitial parameter values for phase 3 :\n m_P  m_Z \n0.10 0.05 \nFinal parameter values for phase 3 :\n       m_P        m_Z \n0.09905678 0.05018079 \nConvergence message: relative convergence (4) \nNumber of iterations: 14 \nObjective function value: 2999908 \nGradient at solution for phase 3 :\n          [,1]      [,2]\n[1,] -1.680147 -3.674811\nPhase 4 \nInitial parameter values for phase 4 :\nsigma_N sigma_P sigma_Z \n    0.2     0.2     0.2 \nFinal parameter values for phase 4 :\n   sigma_N    sigma_P    sigma_Z \n0.14263148 0.28227646 0.09541701 \nConvergence message: relative convergence (4) \nNumber of iterations: 15 \nObjective function value: 2999800 \nGradient at solution for phase 4 :\n           [,1]       [,2]      [,3]\n[1,] 0.04677462 0.08708471 0.2805097\nFinal Phase\nInitial parameter values for final phase:\n       r_max          K_N        g_max          K_P   alpha_base    alpha_max \n  0.58642559   0.27162228   0.44660409   0.18750219   0.11217788   0.36187651 \n     K_alpha          m_P        m_P_N          m_Z        m_Z_N          r_D \n  0.00115666   0.09905678  -0.08648755   0.05018079   0.06170613   0.03008035 \n     sigma_N      sigma_P      sigma_Z        I_opt         beta     eff_base \n  0.14263148   0.28227646   0.09541701 150.00000000   0.10000000   2.27282664 \n     eff_max        K_eff \n -2.59098840   0.22254855 \nFinal parameter values for final phase:\n        r_max           K_N         g_max           K_P    alpha_base \n  0.602883277   0.316415592   0.445488005   0.182014197   0.086869505 \n    alpha_max       K_alpha           m_P         m_P_N           m_Z \n  0.296182664   0.001298327   0.098002049  -0.066896459   0.037569709 \n        m_Z_N           r_D       sigma_N       sigma_P       sigma_Z \n  0.049069401   0.030147355   0.116205384   0.302066918   0.068688063 \n        I_opt          beta      eff_base       eff_max         K_eff \n150.000000000   0.100000000   2.202203805  -2.761841455   0.304889323 \nConvergence message: function evaluation limit reached without convergence (9) \nNumber of iterations: 85 \nObjective function value: 2999720 \nGradient at solution for final phase:\n          [,1]     [,2]     [,3]      [,4]    [,5]     [,6]      [,7]     [,8]\n[1,] -5470.472 3765.613 5163.026 -13051.92 3664.08 3613.985 -15274.01 734.2711\n          [,9]    [,10]     [,11]    [,12]     [,13]    [,14]    [,15]\n[1,] -21769.37 -5466.79 -55645.95 65747.85 -47.31385 1.389249 4.532378\n             [,16] [,17]     [,18]     [,19]     [,20]\n[1,] -2.775558e-17     0 -3463.456 -1567.681 -7811.223\nAll phases completed",
      "stderr": "Loading required package: TMB\nLoading required package: jsonlite\nhere() starts at C:/Users/spi085/OneDrive - CSIRO/Documents/_Projects/SCCP-QuantModelling\nusing C++ compiler: 'G__~1.EXE (GCC) 13.2.0'\nWarning messages:\n1: In nlminb(model$par, model$fn, model$gr) : NA/NaN function evaluation\n2: In nlminb(model$par, model$fn, model$gr) : NA/NaN function evaluation\n3: In nlminb(model$par, model$fn, model$gr) : NA/NaN function evaluation\n4: In nlminb(model$par, model$fn, model$gr) : NA/NaN function evaluation\n5: In nlminb(model$par, model$fn, model$gr) : NA/NaN function evaluation\n6: In nlminb(model$par, model$fn, model$gr) : NA/NaN function evaluation\n7: In nlminb(model$par, model$fn, model$gr) : NA/NaN function evaluation\n8: In nlminb(model$par, model$fn, model$gr) : NA/NaN function evaluation\n9: In nlminb(model$par, model$fn, model$gr) : NA/NaN function evaluation\nError in `$<-.data.frame`(`*tmp*`, \"found_value\", value = c(NA, NA, NA,  : \n  replacement has 4 rows, data has 21\nCalls: $<- -> $<-.data.frame\nExecution halted"
    },
    "6": {
      "status": "ERROR",
      "message": "Model failed to compile.",
      "stdout": "g++ -std=gnu++17  -I\"C:/Users/spi085/AppData/Local/Programs/R/R-4.4.1/include\" -DNDEBUG -I\"C:/Users/spi085/AppData/Local/Programs/R/R-44~1.1/library/TMB/include\" -I\"C:/Users/spi085/AppData/Local/Programs/R/R-44~1.1/library/RCPPEI~1/include\"   -DTMB_EIGEN_DISABLE_WARNINGS   -DTMB_LIB_INIT=R_init_model  -DCPPAD_FRAMEWORK    -I\"C:/rtools44/x86_64-w64-mingw32.static.posix/include\"     -O2 -Wa,-mbig-obj -c POPULATIONS//POPULATION_0027//INDIVIDUAL_A6FGRAAE/model.cpp -o POPULATIONS//POPULATION_0027//INDIVIDUAL_A6FGRAAE/model.o",
      "stderr": "Loading required package: TMB\nLoading required package: jsonlite\nhere() starts at C:/Users/spi085/OneDrive - CSIRO/Documents/_Projects/SCCP-QuantModelling\nusing C++ compiler: 'G__~1.EXE (GCC) 13.2.0'\nPOPULATIONS//POPULATION_0027//INDIVIDUAL_A6FGRAAE/model.cpp: In instantiation of 'Type objective_function<Type>::operator()() [with Type = CppAD::AD<double>]':\nC:/Users/spi085/AppData/Local/Programs/R/R-4.4.1/library/TMB/include/tmb_core.hpp:1308:6:   required from here\nPOPULATIONS//POPULATION_0027//INDIVIDUAL_A6FGRAAE/model.cpp:112:24: error: no matching function for call to 'min(CppAD::AD<double>, CppAD::AD<double>&)'\n  112 |       Type uptake = min(Type(1.0), efficiency) * r_max * temp_scale * light_limitation * N * P / (K_N + N + eps);\n      |                     ~~~^~~~~~~~~~~~~~~~~~~~~~~\nIn file included from C:/Users/spi085/AppData/Local/Programs/R/R-4.4.1/library/TMB/include/TMB.hpp:215,\n                 from POPULATIONS//POPULATION_0027//INDIVIDUAL_A6FGRAAE/model.cpp:1:\nC:/Users/spi085/AppData/Local/Programs/R/R-4.4.1/library/TMB/include/convenience.hpp:156:6: note: candidate: 'template<class Type> Type min(const tmbutils::vector<Type>&)'\n  156 | Type min(const vector<Type> &x)\n      |      ^~~\nC:/Users/spi085/AppData/Local/Programs/R/R-4.4.1/library/TMB/include/convenience.hpp:156:6: note:   template argument deduction/substitution failed:\nPOPULATIONS//POPULATION_0027//INDIVIDUAL_A6FGRAAE/model.cpp:112:24: note:   'CppAD::AD<double>' is not derived from 'const tmbutils::vector<Type>'\n  112 |       Type uptake = min(Type(1.0), efficiency) * r_max * temp_scale * light_limitation * N * P / (K_N + N + eps);\n      |                     ~~~^~~~~~~~~~~~~~~~~~~~~~~\nPOPULATIONS//POPULATION_0027//INDIVIDUAL_A6FGRAAE/model.cpp: In instantiation of 'Type objective_function<Type>::operator()() [with Type = double]':\nC:/Users/spi085/AppData/Local/Programs/R/R-4.4.1/library/TMB/include/tmb_core.hpp:2031:7:   required from here\nPOPULATIONS//POPULATION_0027//INDIVIDUAL_A6FGRAAE/model.cpp:112:24: error: no matching function for call to 'min(double, double&)'\nC:/Users/spi085/AppData/Local/Programs/R/R-4.4.1/library/TMB/include/convenience.hpp:156:6: note: candidate: 'template<class Type> Type min(const tmbutils::vector<Type>&)'\n  156 | Type min(const vector<Type> &x)\n      |      ^~~\nC:/Users/spi085/AppData/Local/Programs/R/R-4.4.1/library/TMB/include/convenience.hpp:156:6: note:   template argument deduction/substitution failed:\nPOPULATIONS//POPULATION_0027//INDIVIDUAL_A6FGRAAE/model.cpp:112:24: note:   mismatched types 'const tmbutils::vector<Type>' and 'double'\n  112 |       Type uptake = min(Type(1.0), efficiency) * r_max * temp_scale * light_limitation * N * P / (K_N + N + eps);\n      |                     ~~~^~~~~~~~~~~~~~~~~~~~~~~\nPOPULATIONS//POPULATION_0027//INDIVIDUAL_A6FGRAAE/model.cpp: In instantiation of 'Type objective_function<Type>::operator()() [with Type = CppAD::AD<CppAD::AD<double> >]':\nC:/Users/spi085/AppData/Local/Programs/R/R-4.4.1/library/TMB/include/tmb_core.hpp:913:29:   required from 'Type objective_function<Type>::evalUserTemplate() [with Type = CppAD::AD<CppAD::AD<double> >]'\nC:/Users/spi085/AppData/Local/Programs/R/R-4.4.1/library/TMB/include/tmb_core.hpp:2112:26:   required from here\nPOPULATIONS//POPULATION_0027//INDIVIDUAL_A6FGRAAE/model.cpp:112:24: error: no matching function for call to 'min(CppAD::AD<CppAD::AD<double> >, CppAD::AD<CppAD::AD<double> >&)'\nC:/Users/spi085/AppData/Local/Programs/R/R-4.4.1/library/TMB/include/convenience.hpp:156:6: note: candidate: 'template<class Type> Type min(const tmbutils::vector<Type>&)'\n  156 | Type min(const vector<Type> &x)\n      |      ^~~\nC:/Users/spi085/AppData/Local/Programs/R/R-4.4.1/library/TMB/include/convenience.hpp:156:6: note:   template argument deduction/substitution failed:\nPOPULATIONS//POPULATION_0027//INDIVIDUAL_A6FGRAAE/model.cpp:112:24: note:   'CppAD::AD<CppAD::AD<double> >' is not derived from 'const tmbutils::vector<Type>'\n  112 |       Type uptake = min(Type(1.0), efficiency) * r_max * temp_scale * light_limitation * N * P / (K_N + N + eps);\n      |                     ~~~^~~~~~~~~~~~~~~~~~~~~~~\nPOPULATIONS//POPULATION_0027//INDIVIDUAL_A6FGRAAE/model.cpp: In instantiation of 'Type objective_function<Type>::operator()() [with Type = CppAD::AD<CppAD::AD<CppAD::AD<double> > >]':\nC:/Users/spi085/AppData/Local/Programs/R/R-4.4.1/library/TMB/include/tmb_core.hpp:913:29:   required from 'Type objective_function<Type>::evalUserTemplate() [with Type = CppAD::AD<CppAD::AD<CppAD::AD<double> > >]'\nC:/Users/spi085/AppData/Local/Programs/R/R-4.4.1/library/TMB/include/tmb_core.hpp:2361:28:   required from here\nPOPULATIONS//POPULATION_0027//INDIVIDUAL_A6FGRAAE/model.cpp:112:24: error: no matching function for call to 'min(CppAD::AD<CppAD::AD<CppAD::AD<double> > >, CppAD::AD<CppAD::AD<CppAD::AD<double> > >&)'\nC:/Users/spi085/AppData/Local/Programs/R/R-4.4.1/library/TMB/include/convenience.hpp:156:6: note: candidate: 'template<class Type> Type min(const tmbutils::vector<Type>&)'\n  156 | Type min(const vector<Type> &x)\n      |      ^~~\nC:/Users/spi085/AppData/Local/Programs/R/R-4.4.1/library/TMB/include/convenience.hpp:156:6: note:   template argument deduction/substitution failed:\nPOPULATIONS//POPULATION_0027//INDIVIDUAL_A6FGRAAE/model.cpp:112:24: note:   'CppAD::AD<CppAD::AD<CppAD::AD<double> > >' is not derived from 'const tmbutils::vector<Type>'\n  112 |       Type uptake = min(Type(1.0), efficiency) * r_max * temp_scale * light_limitation * N * P / (K_N + N + eps);\n      |                     ~~~^~~~~~~~~~~~~~~~~~~~~~~\nmake: *** [C:/Users/spi085/AppData/Local/Programs/R/R-4.4.1/etc/x64/Makeconf:296: POPULATIONS//POPULATION_0027//INDIVIDUAL_A6FGRAAE/model.o] Error 1\nError in TMB::compile(file.path(individual_dir, model_file), flags = flags,  : \n  Compilation failed\nError: Compilation failed\nExecution halted"
    },
    "7": {
      "status": "BROKEN"
    }
  }
}