{
  "iterations": {
    "1": {
      "status": "ERROR",
      "message": "R script failed with return code 1",
      "stdout": "g++ -std=gnu++17 -I\"/usr/share/R/include\" -DNDEBUG -I\"/home/spi085/R/x86_64-pc-linux-gnu-library/4.4/TMB/include\" -I\"/home/spi085/R/x86_64-pc-linux-gnu-library/4.4/RcppEigen/include\"   -DTMB_EIGEN_DISABLE_WARNINGS   -DTMB_LIB_INIT=R_init_model  -DCPPAD_FRAMEWORK      -fpic  -O2  -c POPULATIONS/POPULATION_0013/INDIVIDUAL_XVCCB1UH/model.cpp -o POPULATIONS/POPULATION_0013/INDIVIDUAL_XVCCB1UH/model.o\ng++ -std=gnu++17 -shared -L/usr/lib/R/lib -Wl,-Bsymbolic-functions -flto=auto -ffat-lto-objects -Wl,-z,relro -o POPULATIONS/POPULATION_0013/INDIVIDUAL_XVCCB1UH/model.so POPULATIONS/POPULATION_0013/INDIVIDUAL_XVCCB1UH/model.o -L/usr/lib/R/lib -lR\nStarting model phases\nNumber of phases: 3 \nPhase 1 \nInitial parameter values for phase 1 :\n log_r_cots  log_K_cots  log_r_fast  log_r_slow log_K_coral \n         NA          NA      -0.880      -3.108       1.810 \nError in model phases: NA/NaN gradient evaluation",
      "stderr": "Loading required package: TMB\nLoading required package: jsonlite\nhere() starts at /home/spi085/Documents/_Projects/SCCP-QuantModelling\nusing C++ compiler: \u2018g++ (Ubuntu 13.3.0-6ubuntu2~24.04) 13.3.0\u2019\nError in value[[3L]](cond) : \n  Error in model phases: NA/NaN gradient evaluation\nCalls: tryCatch -> tryCatchList -> tryCatchOne -> <Anonymous>\nIn addition: Warning message:\nIn nlminb(model$par, model$fn, model$gr) : NA/NaN function evaluation\nExecution halted"
    },
    "2": {
      "status": "ERROR",
      "message": "R script failed with return code 1",
      "stdout": "g++ -std=gnu++17 -I\"/usr/share/R/include\" -DNDEBUG -I\"/home/spi085/R/x86_64-pc-linux-gnu-library/4.4/TMB/include\" -I\"/home/spi085/R/x86_64-pc-linux-gnu-library/4.4/RcppEigen/include\"   -DTMB_EIGEN_DISABLE_WARNINGS   -DTMB_LIB_INIT=R_init_model  -DCPPAD_FRAMEWORK      -fpic  -O2  -c POPULATIONS/POPULATION_0013/INDIVIDUAL_XVCCB1UH/model.cpp -o POPULATIONS/POPULATION_0013/INDIVIDUAL_XVCCB1UH/model.o\ng++ -std=gnu++17 -shared -L/usr/lib/R/lib -Wl,-Bsymbolic-functions -flto=auto -ffat-lto-objects -Wl,-z,relro -o POPULATIONS/POPULATION_0013/INDIVIDUAL_XVCCB1UH/model.so POPULATIONS/POPULATION_0013/INDIVIDUAL_XVCCB1UH/model.o -L/usr/lib/R/lib -lR\nStarting model phases\nNumber of phases: 3 \nPhase 1 \nInitial parameter values for phase 1 :\n log_r_cots  log_K_cots  log_r_fast  log_r_slow log_K_coral \n         NA          NA      -0.880      -3.108       1.810 \nError in model phases: NA/NaN gradient evaluation",
      "stderr": "Loading required package: TMB\nLoading required package: jsonlite\nhere() starts at /home/spi085/Documents/_Projects/SCCP-QuantModelling\nusing C++ compiler: \u2018g++ (Ubuntu 13.3.0-6ubuntu2~24.04) 13.3.0\u2019\nError in value[[3L]](cond) : \n  Error in model phases: NA/NaN gradient evaluation\nCalls: tryCatch -> tryCatchList -> tryCatchOne -> <Anonymous>\nIn addition: Warning message:\nIn nlminb(model$par, model$fn, model$gr) : NA/NaN function evaluation\nExecution halted"
    },
    "3": {
      "status": "ERROR",
      "message": "Model failed to compile.",
      "stdout": "g++ -std=gnu++17 -I\"/usr/share/R/include\" -DNDEBUG -I\"/home/spi085/R/x86_64-pc-linux-gnu-library/4.4/TMB/include\" -I\"/home/spi085/R/x86_64-pc-linux-gnu-library/4.4/RcppEigen/include\"   -DTMB_EIGEN_DISABLE_WARNINGS   -DTMB_LIB_INIT=R_init_model  -DCPPAD_FRAMEWORK      -fpic  -O2  -c POPULATIONS/POPULATION_0013/INDIVIDUAL_XVCCB1UH/model.cpp -o POPULATIONS/POPULATION_0013/INDIVIDUAL_XVCCB1UH/model.o",
      "stderr": "Loading required package: TMB\nLoading required package: jsonlite\nhere() starts at /home/spi085/Documents/_Projects/SCCP-QuantModelling\nusing C++ compiler: \u2018g++ (Ubuntu 13.3.0-6ubuntu2~24.04) 13.3.0\u2019\nPOPULATIONS/POPULATION_0013/INDIVIDUAL_XVCCB1UH/model.cpp: In member function \u2018Type objective_function<Type>::operator()()\u2019:\nPOPULATIONS/POPULATION_0013/INDIVIDUAL_XVCCB1UH/model.cpp:94:44: error: \u2018CondExpNaN\u2019 is not a member of \u2018CppAD\u2019; did you mean \u2018CondExpOp\u2019?\n   94 |     cots_pred(0) = CppAD::CondExpGt(CppAD::CondExpNaN(cots_dat(0), Type(1.0), cots_dat(0)), Type(1e-8), CppAD::CondExpNaN(cots_dat(0), Type(1.0), cots_dat(0)), Type(1e-8));\n      |                                            ^~~~~~~~~~\n      |                                            CondExpOp\nPOPULATIONS/POPULATION_0013/INDIVIDUAL_XVCCB1UH/model.cpp:94:112: error: \u2018CondExpNaN\u2019 is not a member of \u2018CppAD\u2019; did you mean \u2018CondExpOp\u2019?\n   94 |     cots_pred(0) = CppAD::CondExpGt(CppAD::CondExpNaN(cots_dat(0), Type(1.0), cots_dat(0)), Type(1e-8), CppAD::CondExpNaN(cots_dat(0), Type(1.0), cots_dat(0)), Type(1e-8));\n      |                                                                                                                ^~~~~~~~~~\n      |                                                                                                                CondExpOp\nPOPULATIONS/POPULATION_0013/INDIVIDUAL_XVCCB1UH/model.cpp:95:44: error: \u2018CondExpNaN\u2019 is not a member of \u2018CppAD\u2019; did you mean \u2018CondExpOp\u2019?\n   95 |     fast_pred(0) = CppAD::CondExpGt(CppAD::CondExpNaN(fast_dat(0), Type(1.0), fast_dat(0)), Type(1e-8), CppAD::CondExpNaN(fast_dat(0), Type(1.0), fast_dat(0)), Type(1e-8));\n      |                                            ^~~~~~~~~~\n      |                                            CondExpOp\nPOPULATIONS/POPULATION_0013/INDIVIDUAL_XVCCB1UH/model.cpp:95:112: error: \u2018CondExpNaN\u2019 is not a member of \u2018CppAD\u2019; did you mean \u2018CondExpOp\u2019?\n   95 |     fast_pred(0) = CppAD::CondExpGt(CppAD::CondExpNaN(fast_dat(0), Type(1.0), fast_dat(0)), Type(1e-8), CppAD::CondExpNaN(fast_dat(0), Type(1.0), fast_dat(0)), Type(1e-8));\n      |                                                                                                                ^~~~~~~~~~\n      |                                                                                                                CondExpOp\nPOPULATIONS/POPULATION_0013/INDIVIDUAL_XVCCB1UH/model.cpp:96:44: error: \u2018CondExpNaN\u2019 is not a member of \u2018CppAD\u2019; did you mean \u2018CondExpOp\u2019?\n   96 |     slow_pred(0) = CppAD::CondExpGt(CppAD::CondExpNaN(slow_dat(0), Type(1.0), slow_dat(0)), Type(1e-8), CppAD::CondExpNaN(slow_dat(0), Type(1.0), slow_dat(0)), Type(1e-8));\n      |                                            ^~~~~~~~~~\n      |                                            CondExpOp\nPOPULATIONS/POPULATION_0013/INDIVIDUAL_XVCCB1UH/model.cpp:96:112: error: \u2018CondExpNaN\u2019 is not a member of \u2018CppAD\u2019; did you mean \u2018CondExpOp\u2019?\n   96 |     slow_pred(0) = CppAD::CondExpGt(CppAD::CondExpNaN(slow_dat(0), Type(1.0), slow_dat(0)), Type(1e-8), CppAD::CondExpNaN(slow_dat(0), Type(1.0), slow_dat(0)), Type(1e-8));\n      |                                                                                                                ^~~~~~~~~~\n      |                                                                                                                CondExpOp\nmake: *** [/usr/lib/R/etc/Makeconf:204: POPULATIONS/POPULATION_0013/INDIVIDUAL_XVCCB1UH/model.o] Error 1\nError in TMB::compile(file.path(individual_dir, model_file), flags = flags,  : \n  Compilation failed\nError: Compilation failed\nExecution halted"
    },
    "4": {
      "status": "ERROR",
      "message": "R script failed with return code 1",
      "stdout": "g++ -std=gnu++17 -I\"/usr/share/R/include\" -DNDEBUG -I\"/home/spi085/R/x86_64-pc-linux-gnu-library/4.4/TMB/include\" -I\"/home/spi085/R/x86_64-pc-linux-gnu-library/4.4/RcppEigen/include\"   -DTMB_EIGEN_DISABLE_WARNINGS   -DTMB_LIB_INIT=R_init_model  -DCPPAD_FRAMEWORK      -fpic  -O2  -c POPULATIONS/POPULATION_0013/INDIVIDUAL_XVCCB1UH/model.cpp -o POPULATIONS/POPULATION_0013/INDIVIDUAL_XVCCB1UH/model.o\ng++ -std=gnu++17 -shared -L/usr/lib/R/lib -Wl,-Bsymbolic-functions -flto=auto -ffat-lto-objects -Wl,-z,relro -o POPULATIONS/POPULATION_0013/INDIVIDUAL_XVCCB1UH/model.so POPULATIONS/POPULATION_0013/INDIVIDUAL_XVCCB1UH/model.o -L/usr/lib/R/lib -lR\nStarting model phases\nNumber of phases: 3 \nPhase 1 \nInitial parameter values for phase 1 :\n log_r_cots  log_K_cots  log_r_fast  log_r_slow log_K_coral \n         NA          NA      -0.880      -3.108       1.810 \nError in model phases: NA/NaN gradient evaluation",
      "stderr": "Loading required package: TMB\nLoading required package: jsonlite\nhere() starts at /home/spi085/Documents/_Projects/SCCP-QuantModelling\nusing C++ compiler: \u2018g++ (Ubuntu 13.3.0-6ubuntu2~24.04) 13.3.0\u2019\nError in value[[3L]](cond) : \n  Error in model phases: NA/NaN gradient evaluation\nCalls: tryCatch -> tryCatchList -> tryCatchOne -> <Anonymous>\nIn addition: Warning message:\nIn nlminb(model$par, model$fn, model$gr) : NA/NaN function evaluation\nExecution halted"
    },
    "5": {
      "status": "ERROR",
      "message": "R script failed with return code 1",
      "stdout": "g++ -std=gnu++17 -I\"/usr/share/R/include\" -DNDEBUG -I\"/home/spi085/R/x86_64-pc-linux-gnu-library/4.4/TMB/include\" -I\"/home/spi085/R/x86_64-pc-linux-gnu-library/4.4/RcppEigen/include\"   -DTMB_EIGEN_DISABLE_WARNINGS   -DTMB_LIB_INIT=R_init_model  -DCPPAD_FRAMEWORK      -fpic  -O2  -c POPULATIONS/POPULATION_0013/INDIVIDUAL_XVCCB1UH/model.cpp -o POPULATIONS/POPULATION_0013/INDIVIDUAL_XVCCB1UH/model.o\ng++ -std=gnu++17 -shared -L/usr/lib/R/lib -Wl,-Bsymbolic-functions -flto=auto -ffat-lto-objects -Wl,-z,relro -o POPULATIONS/POPULATION_0013/INDIVIDUAL_XVCCB1UH/model.so POPULATIONS/POPULATION_0013/INDIVIDUAL_XVCCB1UH/model.o -L/usr/lib/R/lib -lR\nStarting model phases\nNumber of phases: 3 \nPhase 1 \nInitial parameter values for phase 1 :\n log_r_cots  log_K_cots  log_r_fast  log_r_slow log_K_coral \n         NA          NA      -0.880      -3.108       1.810 \nError in model phases: NA/NaN gradient evaluation",
      "stderr": "Loading required package: TMB\nLoading required package: jsonlite\nhere() starts at /home/spi085/Documents/_Projects/SCCP-QuantModelling\nusing C++ compiler: \u2018g++ (Ubuntu 13.3.0-6ubuntu2~24.04) 13.3.0\u2019\nError in value[[3L]](cond) : \n  Error in model phases: NA/NaN gradient evaluation\nCalls: tryCatch -> tryCatchList -> tryCatchOne -> <Anonymous>\nIn addition: Warning message:\nIn nlminb(model$par, model$fn, model$gr) : NA/NaN function evaluation\nExecution halted"
    },
    "6": {
      "status": "ERROR",
      "message": "Model failed to compile.",
      "stdout": "g++ -std=gnu++17 -I\"/usr/share/R/include\" -DNDEBUG -I\"/home/spi085/R/x86_64-pc-linux-gnu-library/4.4/TMB/include\" -I\"/home/spi085/R/x86_64-pc-linux-gnu-library/4.4/RcppEigen/include\"   -DTMB_EIGEN_DISABLE_WARNINGS   -DTMB_LIB_INIT=R_init_model  -DCPPAD_FRAMEWORK      -fpic  -O2  -c POPULATIONS/POPULATION_0013/INDIVIDUAL_XVCCB1UH/model.cpp -o POPULATIONS/POPULATION_0013/INDIVIDUAL_XVCCB1UH/model.o",
      "stderr": "Loading required package: TMB\nLoading required package: jsonlite\nhere() starts at /home/spi085/Documents/_Projects/SCCP-QuantModelling\nusing C++ compiler: \u2018g++ (Ubuntu 13.3.0-6ubuntu2~24.04) 13.3.0\u2019\nPOPULATIONS/POPULATION_0013/INDIVIDUAL_XVCCB1UH/model.cpp: In instantiation of \u2018Type objective_function<Type>::operator()() [with Type = CppAD::AD<double>]\u2019:\n/home/spi085/R/x86_64-pc-linux-gnu-library/4.4/TMB/include/tmb_core.hpp:1312:6:   required from here\nPOPULATIONS/POPULATION_0013/INDIVIDUAL_XVCCB1UH/model.cpp:96:35: error: call of overloaded \u2018Integer(bool)\u2019 is ambiguous\n   96 |     cots_pred(0) = (CppAD::Integer(cots_dat(0) == cots_dat(0)) && cots_dat(0) > Type(1e-8)) ? cots_dat(0) : Type(1e-8);\n      |                     ~~~~~~~~~~~~~~^~~~~~~~~~~~~~~~~~~~~~~~~~~~\nIn file included from /home/spi085/R/x86_64-pc-linux-gnu-library/4.4/TMB/include/cppad/base_require.hpp:159,\n                 from /home/spi085/R/x86_64-pc-linux-gnu-library/4.4/TMB/include/cppad/cppad.hpp:22,\n                 from /home/spi085/R/x86_64-pc-linux-gnu-library/4.4/TMB/include/TMB.hpp:125,\n                 from POPULATIONS/POPULATION_0013/INDIVIDUAL_XVCCB1UH/model.cpp:1:\n/home/spi085/R/x86_64-pc-linux-gnu-library/4.4/TMB/include/cppad/local/base_float.hpp:107:20: note: candidate: \u2018int CppAD::Integer(const float&)\u2019\n  107 |         inline int Integer(const float& x)\n      |                    ^~~~~~~\nIn file included from /home/spi085/R/x86_64-pc-linux-gnu-library/4.4/TMB/include/cppad/base_require.hpp:160:\n/home/spi085/R/x86_64-pc-linux-gnu-library/4.4/TMB/include/cppad/local/base_double.hpp:107:20: note: candidate: \u2018int CppAD::Integer(const double&)\u2019\n  107 |         inline int Integer(const double& x)\n      |                    ^~~~~~~\nIn file included from /home/spi085/R/x86_64-pc-linux-gnu-library/4.4/TMB/include/cppad/base_require.hpp:161:\n/home/spi085/R/x86_64-pc-linux-gnu-library/4.4/TMB/include/cppad/local/base_complex.hpp:186:20: note: candidate: \u2018int CppAD::Integer(const std::complex<double>&)\u2019\n  186 |         inline int Integer(const std::complex<double> &x)\n      |                    ^~~~~~~\n/home/spi085/R/x86_64-pc-linux-gnu-library/4.4/TMB/include/cppad/local/base_complex.hpp:358:20: note: candidate: \u2018int CppAD::Integer(const std::complex<float>&)\u2019\n  358 |         inline int Integer(const std::complex<float> &x)\n      |                    ^~~~~~~\nPOPULATIONS/POPULATION_0013/INDIVIDUAL_XVCCB1UH/model.cpp:97:35: error: call of overloaded \u2018Integer(bool)\u2019 is ambiguous\n   97 |     fast_pred(0) = (CppAD::Integer(fast_dat(0) == fast_dat(0)) && fast_dat(0) > Type(1e-8)) ? fast_dat(0) : Type(1e-8);\n      |                     ~~~~~~~~~~~~~~^~~~~~~~~~~~~~~~~~~~~~~~~~~~\n/home/spi085/R/x86_64-pc-linux-gnu-library/4.4/TMB/include/cppad/local/base_float.hpp:107:20: note: candidate: \u2018int CppAD::Integer(const float&)\u2019\n  107 |         inline int Integer(const float& x)\n      |                    ^~~~~~~\n/home/spi085/R/x86_64-pc-linux-gnu-library/4.4/TMB/include/cppad/local/base_double.hpp:107:20: note: candidate: \u2018int CppAD::Integer(const double&)\u2019\n  107 |         inline int Integer(const double& x)\n      |                    ^~~~~~~\n/home/spi085/R/x86_64-pc-linux-gnu-library/4.4/TMB/include/cppad/local/base_complex.hpp:186:20: note: candidate: \u2018int CppAD::Integer(const std::complex<double>&)\u2019\n  186 |         inline int Integer(const std::complex<double> &x)\n      |                    ^~~~~~~\n/home/spi085/R/x86_64-pc-linux-gnu-library/4.4/TMB/include/cppad/local/base_complex.hpp:358:20: note: candidate: \u2018int CppAD::Integer(const std::complex<float>&)\u2019\n  358 |         inline int Integer(const std::complex<float> &x)\n      |                    ^~~~~~~\nPOPULATIONS/POPULATION_0013/INDIVIDUAL_XVCCB1UH/model.cpp:98:35: error: call of overloaded \u2018Integer(bool)\u2019 is ambiguous\n   98 |     slow_pred(0) = (CppAD::Integer(slow_dat(0) == slow_dat(0)) && slow_dat(0) > Type(1e-8)) ? slow_dat(0) : Type(1e-8);\n      |                     ~~~~~~~~~~~~~~^~~~~~~~~~~~~~~~~~~~~~~~~~~~\n/home/spi085/R/x86_64-pc-linux-gnu-library/4.4/TMB/include/cppad/local/base_float.hpp:107:20: note: candidate: \u2018int CppAD::Integer(const float&)\u2019\n  107 |         inline int Integer(const float& x)\n      |                    ^~~~~~~\n/home/spi085/R/x86_64-pc-linux-gnu-library/4.4/TMB/include/cppad/local/base_double.hpp:107:20: note: candidate: \u2018int CppAD::Integer(const double&)\u2019\n  107 |         inline int Integer(const double& x)\n      |                    ^~~~~~~\n/home/spi085/R/x86_64-pc-linux-gnu-library/4.4/TMB/include/cppad/local/base_complex.hpp:186:20: note: candidate: \u2018int CppAD::Integer(const std::complex<double>&)\u2019\n  186 |         inline int Integer(const std::complex<double> &x)\n      |                    ^~~~~~~\n/home/spi085/R/x86_64-pc-linux-gnu-library/4.4/TMB/include/cppad/local/base_complex.hpp:358:20: note: candidate: \u2018int CppAD::Integer(const std::complex<float>&)\u2019\n  358 |         inline int Integer(const std::complex<float> &x)\n      |                    ^~~~~~~\nPOPULATIONS/POPULATION_0013/INDIVIDUAL_XVCCB1UH/model.cpp: In instantiation of \u2018Type objective_function<Type>::operator()() [with Type = double]\u2019:\n/home/spi085/R/x86_64-pc-linux-gnu-library/4.4/TMB/include/tmb_core.hpp:2035:7:   required from here\nPOPULATIONS/POPULATION_0013/INDIVIDUAL_XVCCB1UH/model.cpp:96:35: error: call of overloaded \u2018Integer(bool)\u2019 is ambiguous\n   96 |     cots_pred(0) = (CppAD::Integer(cots_dat(0) == cots_dat(0)) && cots_dat(0) > Type(1e-8)) ? cots_dat(0) : Type(1e-8);\n      |                     ~~~~~~~~~~~~~~^~~~~~~~~~~~~~~~~~~~~~~~~~~~\n/home/spi085/R/x86_64-pc-linux-gnu-library/4.4/TMB/include/cppad/local/base_float.hpp:107:20: note: candidate: \u2018int CppAD::Integer(const float&)\u2019\n  107 |         inline int Integer(const float& x)\n      |                    ^~~~~~~\n/home/spi085/R/x86_64-pc-linux-gnu-library/4.4/TMB/include/cppad/local/base_double.hpp:107:20: note: candidate: \u2018int CppAD::Integer(const double&)\u2019\n  107 |         inline int Integer(const double& x)\n      |                    ^~~~~~~\n/home/spi085/R/x86_64-pc-linux-gnu-library/4.4/TMB/include/cppad/local/base_complex.hpp:186:20: note: candidate: \u2018int CppAD::Integer(const std::complex<double>&)\u2019\n  186 |         inline int Integer(const std::complex<double> &x)\n      |                    ^~~~~~~\n/home/spi085/R/x86_64-pc-linux-gnu-library/4.4/TMB/include/cppad/local/base_complex.hpp:358:20: note: candidate: \u2018int CppAD::Integer(const std::complex<float>&)\u2019\n  358 |         inline int Integer(const std::complex<float> &x)\n      |                    ^~~~~~~\nPOPULATIONS/POPULATION_0013/INDIVIDUAL_XVCCB1UH/model.cpp:97:35: error: call of overloaded \u2018Integer(bool)\u2019 is ambiguous\n   97 |     fast_pred(0) = (CppAD::Integer(fast_dat(0) == fast_dat(0)) && fast_dat(0) > Type(1e-8)) ? fast_dat(0) : Type(1e-8);\n      |                     ~~~~~~~~~~~~~~^~~~~~~~~~~~~~~~~~~~~~~~~~~~\n/home/spi085/R/x86_64-pc-linux-gnu-library/4.4/TMB/include/cppad/local/base_float.hpp:107:20: note: candidate: \u2018int CppAD::Integer(const float&)\u2019\n  107 |         inline int Integer(const float& x)\n      |                    ^~~~~~~\n/home/spi085/R/x86_64-pc-linux-gnu-library/4.4/TMB/include/cppad/local/base_double.hpp:107:20: note: candidate: \u2018int CppAD::Integer(const double&)\u2019\n  107 |         inline int Integer(const double& x)\n      |                    ^~~~~~~\n/home/spi085/R/x86_64-pc-linux-gnu-library/4.4/TMB/include/cppad/local/base_complex.hpp:186:20: note: candidate: \u2018int CppAD::Integer(const std::complex<double>&)\u2019\n  186 |         inline int Integer(const std::complex<double> &x)\n      |                    ^~~~~~~\n/home/spi085/R/x86_64-pc-linux-gnu-library/4.4/TMB/include/cppad/local/base_complex.hpp:358:20: note: candidate: \u2018int CppAD::Integer(const std::complex<float>&)\u2019\n  358 |         inline int Integer(const std::complex<float> &x)\n      |                    ^~~~~~~\nPOPULATIONS/POPULATION_0013/INDIVIDUAL_XVCCB1UH/model.cpp:98:35: error: call of overloaded \u2018Integer(bool)\u2019 is ambiguous\n   98 |     slow_pred(0) = (CppAD::Integer(slow_dat(0) == slow_dat(0)) && slow_dat(0) > Type(1e-8)) ? slow_dat(0) : Type(1e-8);\n      |                     ~~~~~~~~~~~~~~^~~~~~~~~~~~~~~~~~~~~~~~~~~~\n/home/spi085/R/x86_64-pc-linux-gnu-library/4.4/TMB/include/cppad/local/base_float.hpp:107:20: note: candidate: \u2018int CppAD::Integer(const float&)\u2019\n  107 |         inline int Integer(const float& x)\n      |                    ^~~~~~~\n/home/spi085/R/x86_64-pc-linux-gnu-library/4.4/TMB/include/cppad/local/base_double.hpp:107:20: note: candidate: \u2018int CppAD::Integer(const double&)\u2019\n  107 |         inline int Integer(const double& x)\n      |                    ^~~~~~~\n/home/spi085/R/x86_64-pc-linux-gnu-library/4.4/TMB/include/cppad/local/base_complex.hpp:186:20: note: candidate: \u2018int CppAD::Integer(const std::complex<double>&)\u2019\n  186 |         inline int Integer(const std::complex<double> &x)\n      |                    ^~~~~~~\n/home/spi085/R/x86_64-pc-linux-gnu-library/4.4/TMB/include/cppad/local/base_complex.hpp:358:20: note: candidate: \u2018int CppAD::Integer(const std::complex<float>&)\u2019\n  358 |         inline int Integer(const std::complex<float> &x)\n      |                    ^~~~~~~\nPOPULATIONS/POPULATION_0013/INDIVIDUAL_XVCCB1UH/model.cpp: In instantiation of \u2018Type objective_function<Type>::operator()() [with Type = CppAD::AD<CppAD::AD<double> >]\u2019:\n/home/spi085/R/x86_64-pc-linux-gnu-library/4.4/TMB/include/tmb_core.hpp:917:29:   required from \u2018Type objective_function<Type>::evalUserTemplate() [with Type = CppAD::AD<CppAD::AD<double> >]\u2019\n/home/spi085/R/x86_64-pc-linux-gnu-library/4.4/TMB/include/tmb_core.hpp:2116:26:   required from here\nPOPULATIONS/POPULATION_0013/INDIVIDUAL_XVCCB1UH/model.cpp:96:35: error: call of overloaded \u2018Integer(bool)\u2019 is ambiguous\n   96 |     cots_pred(0) = (CppAD::Integer(cots_dat(0) == cots_dat(0)) && cots_dat(0) > Type(1e-8)) ? cots_dat(0) : Type(1e-8);\n      |                     ~~~~~~~~~~~~~~^~~~~~~~~~~~~~~~~~~~~~~~~~~~\n/home/spi085/R/x86_64-pc-linux-gnu-library/4.4/TMB/include/cppad/local/base_float.hpp:107:20: note: candidate: \u2018int CppAD::Integer(const float&)\u2019\n  107 |         inline int Integer(const float& x)\n      |                    ^~~~~~~\n/home/spi085/R/x86_64-pc-linux-gnu-library/4.4/TMB/include/cppad/local/base_double.hpp:107:20: note: candidate: \u2018int CppAD::Integer(const double&)\u2019\n  107 |         inline int Integer(const double& x)\n      |                    ^~~~~~~\n/home/spi085/R/x86_64-pc-linux-gnu-library/4.4/TMB/include/cppad/local/base_complex.hpp:186:20: note: candidate: \u2018int CppAD::Integer(const std::complex<double>&)\u2019\n  186 |         inline int Integer(const std::complex<double> &x)\n      |                    ^~~~~~~\n/home/spi085/R/x86_64-pc-linux-gnu-library/4.4/TMB/include/cppad/local/base_complex.hpp:358:20: note: candidate: \u2018int CppAD::Integer(const std::complex<float>&)\u2019\n  358 |         inline int Integer(const std::complex<float> &x)\n      |                    ^~~~~~~\nPOPULATIONS/POPULATION_0013/INDIVIDUAL_XVCCB1UH/model.cpp:97:35: error: call of overloaded \u2018Integer(bool)\u2019 is ambiguous\n   97 |     fast_pred(0) = (CppAD::Integer(fast_dat(0) == fast_dat(0)) && fast_dat(0) > Type(1e-8)) ? fast_dat(0) : Type(1e-8);\n      |                     ~~~~~~~~~~~~~~^~~~~~~~~~~~~~~~~~~~~~~~~~~~\n/home/spi085/R/x86_64-pc-linux-gnu-library/4.4/TMB/include/cppad/local/base_float.hpp:107:20: note: candidate: \u2018int CppAD::Integer(const float&)\u2019\n  107 |         inline int Integer(const float& x)\n      |                    ^~~~~~~\n/home/spi085/R/x86_64-pc-linux-gnu-library/4.4/TMB/include/cppad/local/base_double.hpp:107:20: note: candidate: \u2018int CppAD::Integer(const double&)\u2019\n  107 |         inline int Integer(const double& x)\n      |                    ^~~~~~~\n/home/spi085/R/x86_64-pc-linux-gnu-library/4.4/TMB/include/cppad/local/base_complex.hpp:186:20: note: candidate: \u2018int CppAD::Integer(const std::complex<double>&)\u2019\n  186 |         inline int Integer(const std::complex<double> &x)\n      |                    ^~~~~~~\n/home/spi085/R/x86_64-pc-linux-gnu-library/4.4/TMB/include/cppad/local/base_complex.hpp:358:20: note: candidate: \u2018int CppAD::Integer(const std::complex<float>&)\u2019\n  358 |         inline int Integer(const std::complex<float> &x)\n      |                    ^~~~~~~\nPOPULATIONS/POPULATION_0013/INDIVIDUAL_XVCCB1UH/model.cpp:98:35: error: call of overloaded \u2018Integer(bool)\u2019 is ambiguous\n   98 |     slow_pred(0) = (CppAD::Integer(slow_dat(0) == slow_dat(0)) && slow_dat(0) > Type(1e-8)) ? slow_dat(0) : Type(1e-8);\n      |                     ~~~~~~~~~~~~~~^~~~~~~~~~~~~~~~~~~~~~~~~~~~\n/home/spi085/R/x86_64-pc-linux-gnu-library/4.4/TMB/include/cppad/local/base_float.hpp:107:20: note: candidate: \u2018int CppAD::Integer(const float&)\u2019\n  107 |         inline int Integer(const float& x)\n      |                    ^~~~~~~\n/home/spi085/R/x86_64-pc-linux-gnu-library/4.4/TMB/include/cppad/local/base_double.hpp:107:20: note: candidate: \u2018int CppAD::Integer(const double&)\u2019\n  107 |         inline int Integer(const double& x)\n      |                    ^~~~~~~\n/home/spi085/R/x86_64-pc-linux-gnu-library/4.4/TMB/include/cppad/local/base_complex.hpp:186:20: note: candidate: \u2018int CppAD::Integer(const std::complex<double>&)\u2019\n  186 |         inline int Integer(const std::complex<double> &x)\n      |                    ^~~~~~~\n/home/spi085/R/x86_64-pc-linux-gnu-library/4.4/TMB/include/cppad/local/base_complex.hpp:358:20: note: candidate: \u2018int CppAD::Integer(const std::complex<float>&)\u2019\n  358 |         inline int Integer(const std::complex<float> &x)\n      |                    ^~~~~~~\nPOPULATIONS/POPULATION_0013/INDIVIDUAL_XVCCB1UH/model.cpp: In instantiation of \u2018Type objective_function<Type>::operator()() [with Type = CppAD::AD<CppAD::AD<CppAD::AD<double> > >]\u2019:\n/home/spi085/R/x86_64-pc-linux-gnu-library/4.4/TMB/include/tmb_core.hpp:917:29:   required from \u2018Type objective_function<Type>::evalUserTemplate() [with Type = CppAD::AD<CppAD::AD<CppAD::AD<double> > >]\u2019\n/home/spi085/R/x86_64-pc-linux-gnu-library/4.4/TMB/include/tmb_core.hpp:2365:28:   required from here\nPOPULATIONS/POPULATION_0013/INDIVIDUAL_XVCCB1UH/model.cpp:96:35: error: call of overloaded \u2018Integer(bool)\u2019 is ambiguous\n   96 |     cots_pred(0) = (CppAD::Integer(cots_dat(0) == cots_dat(0)) && cots_dat(0) > Type(1e-8)) ? cots_dat(0) : Type(1e-8);\n      |                     ~~~~~~~~~~~~~~^~~~~~~~~~~~~~~~~~~~~~~~~~~~\n/home/spi085/R/x86_64-pc-linux-gnu-library/4.4/TMB/include/cppad/local/base_float.hpp:107:20: note: candidate: \u2018int CppAD::Integer(const float&)\u2019\n  107 |         inline int Integer(const float& x)\n      |                    ^~~~~~~\n/home/spi085/R/x86_64-pc-linux-gnu-library/4.4/TMB/include/cppad/local/base_double.hpp:107:20: note: candidate: \u2018int CppAD::Integer(const double&)\u2019\n  107 |         inline int Integer(const double& x)\n      |                    ^~~~~~~\n/home/spi085/R/x86_64-pc-linux-gnu-library/4.4/TMB/include/cppad/local/base_complex.hpp:186:20: note: candidate: \u2018int CppAD::Integer(const std::complex<double>&)\u2019\n  186 |         inline int Integer(const std::complex<double> &x)\n      |                    ^~~~~~~\n/home/spi085/R/x86_64-pc-linux-gnu-library/4.4/TMB/include/cppad/local/base_complex.hpp:358:20: note: candidate: \u2018int CppAD::Integer(const std::complex<float>&)\u2019\n  358 |         inline int Integer(const std::complex<float> &x)\n      |                    ^~~~~~~\nPOPULATIONS/POPULATION_0013/INDIVIDUAL_XVCCB1UH/model.cpp:97:35: error: call of overloaded \u2018Integer(bool)\u2019 is ambiguous\n   97 |     fast_pred(0) = (CppAD::Integer(fast_dat(0) == fast_dat(0)) && fast_dat(0) > Type(1e-8)) ? fast_dat(0) : Type(1e-8);\n      |                     ~~~~~~~~~~~~~~^~~~~~~~~~~~~~~~~~~~~~~~~~~~\n/home/spi085/R/x86_64-pc-linux-gnu-library/4.4/TMB/include/cppad/local/base_float.hpp:107:20: note: candidate: \u2018int CppAD::Integer(const float&)\u2019\n  107 |         inline int Integer(const float& x)\n      |                    ^~~~~~~\n/home/spi085/R/x86_64-pc-linux-gnu-library/4.4/TMB/include/cppad/local/base_double.hpp:107:20: note: candidate: \u2018int CppAD::Integer(const double&)\u2019\n  107 |         inline int Integer(const double& x)\n      |                    ^~~~~~~\n/home/spi085/R/x86_64-pc-linux-gnu-library/4.4/TMB/include/cppad/local/base_complex.hpp:186:20: note: candidate: \u2018int CppAD::Integer(const std::complex<double>&)\u2019\n  186 |         inline int Integer(const std::complex<double> &x)\n      |                    ^~~~~~~\n/home/spi085/R/x86_64-pc-linux-gnu-library/4.4/TMB/include/cppad/local/base_complex.hpp:358:20: note: candidate: \u2018int CppAD::Integer(const std::complex<float>&)\u2019\n  358 |         inline int Integer(const std::complex<float> &x)\n      |                    ^~~~~~~\nPOPULATIONS/POPULATION_0013/INDIVIDUAL_XVCCB1UH/model.cpp:98:35: error: call of overloaded \u2018Integer(bool)\u2019 is ambiguous\n   98 |     slow_pred(0) = (CppAD::Integer(slow_dat(0) == slow_dat(0)) && slow_dat(0) > Type(1e-8)) ? slow_dat(0) : Type(1e-8);\n      |                     ~~~~~~~~~~~~~~^~~~~~~~~~~~~~~~~~~~~~~~~~~~\n/home/spi085/R/x86_64-pc-linux-gnu-library/4.4/TMB/include/cppad/local/base_float.hpp:107:20: note: candidate: \u2018int CppAD::Integer(const float&)\u2019\n  107 |         inline int Integer(const float& x)\n      |                    ^~~~~~~\n/home/spi085/R/x86_64-pc-linux-gnu-library/4.4/TMB/include/cppad/local/base_double.hpp:107:20: note: candidate: \u2018int CppAD::Integer(const double&)\u2019\n  107 |         inline int Integer(const double& x)\n      |                    ^~~~~~~\n/home/spi085/R/x86_64-pc-linux-gnu-library/4.4/TMB/include/cppad/local/base_complex.hpp:186:20: note: candidate: \u2018int CppAD::Integer(const std::complex<double>&)\u2019\n  186 |         inline int Integer(const std::complex<double> &x)\n      |                    ^~~~~~~\n/home/spi085/R/x86_64-pc-linux-gnu-library/4.4/TMB/include/cppad/local/base_complex.hpp:358:20: note: candidate: \u2018int CppAD::Integer(const std::complex<float>&)\u2019\n  358 |         inline int Integer(const std::complex<float> &x)\n      |                    ^~~~~~~\nmake: *** [/usr/lib/R/etc/Makeconf:204: POPULATIONS/POPULATION_0013/INDIVIDUAL_XVCCB1UH/model.o] Error 1\nError in TMB::compile(file.path(individual_dir, model_file), flags = flags,  : \n  Compilation failed\nError: Compilation failed\nExecution halted"
    },
    "7": {
      "status": "BROKEN"
    }
  }
}