{
  "iterations": {
    "1": {
      "status": "ERROR",
      "message": "R script failed with return code 1",
      "stdout": "g++ -std=gnu++17  -I\"C:/Users/spi085/AppData/Local/Programs/R/R-4.4.1/include\" -DNDEBUG -I\"C:/Users/spi085/AppData/Local/Programs/R/R-44~1.1/library/TMB/include\" -I\"C:/Users/spi085/AppData/Local/Programs/R/R-44~1.1/library/RCPPEI~1/include\"   -DTMB_EIGEN_DISABLE_WARNINGS   -DTMB_LIB_INIT=R_init_model  -DCPPAD_FRAMEWORK    -I\"C:/rtools44/x86_64-w64-mingw32.static.posix/include\"     -O2 -Wa,-mbig-obj -c POPULATIONS//POPULATION_0014//INDIVIDUAL_YFRDIB75/model.cpp -o POPULATIONS//POPULATION_0014//INDIVIDUAL_YFRDIB75/model.o\ng++ -std=gnu++17 -shared -s -static-libgcc -o POPULATIONS//POPULATION_0014//INDIVIDUAL_YFRDIB75/model.dll tmp.def POPULATIONS//POPULATION_0014//INDIVIDUAL_YFRDIB75/model.o -LC:/rtools44/x86_64-w64-mingw32.static.posix/lib/x64 -LC:/rtools44/x86_64-w64-mingw32.static.posix/lib -LC:/Users/spi085/AppData/Local/Programs/R/R-4.4.1/bin/x64 -lR\nStarting model phases\nNumber of phases: 4 \nPhase 1 \nInitial parameter values for phase 1 :\n    r_cots     a_fast     r_fast     r_slow imm_effect \n        NA      10.00         NA       0.03         NA \nError in model phases: NA/NaN gradient evaluation",
      "stderr": "Loading required package: TMB\nLoading required package: jsonlite\nhere() starts at C:/Users/spi085/OneDrive - CSIRO/Documents/_Projects/SCCP-QuantModelling\nusing C++ compiler: 'G__~1.EXE (GCC) 13.2.0'\nError in value[[3L]](cond) : \n  Error in model phases: NA/NaN gradient evaluation\nCalls: tryCatch -> tryCatchList -> tryCatchOne -> <Anonymous>\nIn addition: Warning message:\nIn nlminb(model$par, model$fn, model$gr) : NA/NaN function evaluation\nExecution halted"
    },
    "2": {
      "status": "ERROR",
      "message": "R script failed with return code 1",
      "stdout": "g++ -std=gnu++17  -I\"C:/Users/spi085/AppData/Local/Programs/R/R-4.4.1/include\" -DNDEBUG -I\"C:/Users/spi085/AppData/Local/Programs/R/R-44~1.1/library/TMB/include\" -I\"C:/Users/spi085/AppData/Local/Programs/R/R-44~1.1/library/RCPPEI~1/include\"   -DTMB_EIGEN_DISABLE_WARNINGS   -DTMB_LIB_INIT=R_init_model  -DCPPAD_FRAMEWORK    -I\"C:/rtools44/x86_64-w64-mingw32.static.posix/include\"     -O2 -Wa,-mbig-obj -c POPULATIONS//POPULATION_0014//INDIVIDUAL_YFRDIB75/model.cpp -o POPULATIONS//POPULATION_0014//INDIVIDUAL_YFRDIB75/model.o\ng++ -std=gnu++17 -shared -s -static-libgcc -o POPULATIONS//POPULATION_0014//INDIVIDUAL_YFRDIB75/model.dll tmp.def POPULATIONS//POPULATION_0014//INDIVIDUAL_YFRDIB75/model.o -LC:/rtools44/x86_64-w64-mingw32.static.posix/lib/x64 -LC:/rtools44/x86_64-w64-mingw32.static.posix/lib -LC:/Users/spi085/AppData/Local/Programs/R/R-4.4.1/bin/x64 -lR\nStarting model phases\nNumber of phases: 4 \nPhase 1 \nInitial parameter values for phase 1 :\n    r_cots     a_fast     r_fast     r_slow imm_effect \n        NA      10.00         NA       0.03         NA \nError in model phases: NA/NaN gradient evaluation",
      "stderr": "Loading required package: TMB\nLoading required package: jsonlite\nhere() starts at C:/Users/spi085/OneDrive - CSIRO/Documents/_Projects/SCCP-QuantModelling\nusing C++ compiler: 'G__~1.EXE (GCC) 13.2.0'\nError in value[[3L]](cond) : \n  Error in model phases: NA/NaN gradient evaluation\nCalls: tryCatch -> tryCatchList -> tryCatchOne -> <Anonymous>\nIn addition: Warning message:\nIn nlminb(model$par, model$fn, model$gr) : NA/NaN function evaluation\nExecution halted"
    },
    "3": {
      "status": "ERROR",
      "message": "Model failed to compile.",
      "stdout": "g++ -std=gnu++17  -I\"C:/Users/spi085/AppData/Local/Programs/R/R-4.4.1/include\" -DNDEBUG -I\"C:/Users/spi085/AppData/Local/Programs/R/R-44~1.1/library/TMB/include\" -I\"C:/Users/spi085/AppData/Local/Programs/R/R-44~1.1/library/RCPPEI~1/include\"   -DTMB_EIGEN_DISABLE_WARNINGS   -DTMB_LIB_INIT=R_init_model  -DCPPAD_FRAMEWORK    -I\"C:/rtools44/x86_64-w64-mingw32.static.posix/include\"     -O2 -Wa,-mbig-obj -c POPULATIONS//POPULATION_0014//INDIVIDUAL_YFRDIB75/model.cpp -o POPULATIONS//POPULATION_0014//INDIVIDUAL_YFRDIB75/model.o",
      "stderr": "Loading required package: TMB\nLoading required package: jsonlite\nhere() starts at C:/Users/spi085/OneDrive - CSIRO/Documents/_Projects/SCCP-QuantModelling\nusing C++ compiler: 'G__~1.EXE (GCC) 13.2.0'\nPOPULATIONS//POPULATION_0014//INDIVIDUAL_YFRDIB75/model.cpp: In instantiation of 'Type objective_function<Type>::operator()() [with Type = CppAD::AD<double>]':\nC:/Users/spi085/AppData/Local/Programs/R/R-4.4.1/library/TMB/include/tmb_core.hpp:1308:6:   required from here\nPOPULATIONS//POPULATION_0014//INDIVIDUAL_YFRDIB75/model.cpp:64:22: error: no matching function for call to 'max(CppAD::AD<double>&, CppAD::AD<double>&)'\n   64 |     total_coral = max(total_coral, eps);\n      |                   ~~~^~~~~~~~~~~~~~~~~~\nIn file included from C:/Users/spi085/AppData/Local/Programs/R/R-4.4.1/library/TMB/include/TMB.hpp:215,\n                 from POPULATIONS//POPULATION_0014//INDIVIDUAL_YFRDIB75/model.cpp:1:\nC:/Users/spi085/AppData/Local/Programs/R/R-4.4.1/library/TMB/include/convenience.hpp:145:6: note: candidate: 'template<class Type> Type max(const tmbutils::vector<Type>&)'\n  145 | Type max(const vector<Type> &x)\n      |      ^~~\nC:/Users/spi085/AppData/Local/Programs/R/R-4.4.1/library/TMB/include/convenience.hpp:145:6: note:   template argument deduction/substitution failed:\nPOPULATIONS//POPULATION_0014//INDIVIDUAL_YFRDIB75/model.cpp:64:22: note:   'CppAD::AD<double>' is not derived from 'const tmbutils::vector<Type>'\n   64 |     total_coral = max(total_coral, eps);\n      |                   ~~~^~~~~~~~~~~~~~~~~~\nPOPULATIONS//POPULATION_0014//INDIVIDUAL_YFRDIB75/model.cpp:68:28: error: no matching function for call to 'max(Eigen::DenseCoeffsBase<Eigen::Array<CppAD::AD<double>, -1, 1, 0, -1, 1>, 1>::Scalar&, CppAD::AD<double>&)'\n   68 |     Type cots_density = max(cots_pred(t-1), eps);\n      |                         ~~~^~~~~~~~~~~~~~~~~~~~~\nC:/Users/spi085/AppData/Local/Programs/R/R-4.4.1/library/TMB/include/convenience.hpp:145:6: note: candidate: 'template<class Type> Type max(const tmbutils::vector<Type>&)'\n  145 | Type max(const vector<Type> &x)\n      |      ^~~\nC:/Users/spi085/AppData/Local/Programs/R/R-4.4.1/library/TMB/include/convenience.hpp:145:6: note:   template argument deduction/substitution failed:\nPOPULATIONS//POPULATION_0014//INDIVIDUAL_YFRDIB75/model.cpp:68:28: note:   'Eigen::DenseCoeffsBase<Eigen::Array<CppAD::AD<double>, -1, 1, 0, -1, 1>, 1>::Scalar' {aka 'CppAD::AD<double>'} is not derived from 'const tmbutils::vector<Type>'\n   68 |     Type cots_density = max(cots_pred(t-1), eps);\n      |                         ~~~^~~~~~~~~~~~~~~~~~~~~\nPOPULATIONS//POPULATION_0014//INDIVIDUAL_YFRDIB75/model.cpp:70:45: error: no matching function for call to 'min(CppAD::AD<double>&, CppAD::AD<double>)'\n   70 |     predator_efficiency = max(Type(0.1), min(predator_efficiency, Type(1.0)));\n      |                                          ~~~^~~~~~~~~~~~~~~~~~~~~~~~~~~~~~~~\nC:/Users/spi085/AppData/Local/Programs/R/R-4.4.1/library/TMB/include/convenience.hpp:156:6: note: candidate: 'template<class Type> Type min(const tmbutils::vector<Type>&)'\n  156 | Type min(const vector<Type> &x)\n      |      ^~~\nC:/Users/spi085/AppData/Local/Programs/R/R-4.4.1/library/TMB/include/convenience.hpp:156:6: note:   template argument deduction/substitution failed:\nPOPULATIONS//POPULATION_0014//INDIVIDUAL_YFRDIB75/model.cpp:70:45: note:   'CppAD::AD<double>' is not derived from 'const tmbutils::vector<Type>'\n   70 |     predator_efficiency = max(Type(0.1), min(predator_efficiency, Type(1.0)));\n      |                                          ~~~^~~~~~~~~~~~~~~~~~~~~~~~~~~~~~~~\nPOPULATIONS//POPULATION_0014//INDIVIDUAL_YFRDIB75/model.cpp:73:26: error: no matching function for call to 'max(Eigen::DenseCoeffsBase<Eigen::Array<CppAD::AD<double>, -1, 1, 0, -1, 1>, 1>::Scalar&, CppAD::AD<double>&)'\n   73 |     Type fast_cover = max(fast_pred(t-1), eps);\n      |                       ~~~^~~~~~~~~~~~~~~~~~~~~\nC:/Users/spi085/AppData/Local/Programs/R/R-4.4.1/library/TMB/include/convenience.hpp:145:6: note: candidate: 'template<class Type> Type max(const tmbutils::vector<Type>&)'\n  145 | Type max(const vector<Type> &x)\n      |      ^~~\nC:/Users/spi085/AppData/Local/Programs/R/R-4.4.1/library/TMB/include/convenience.hpp:145:6: note:   template argument deduction/substitution failed:\nPOPULATIONS//POPULATION_0014//INDIVIDUAL_YFRDIB75/model.cpp:73:26: note:   'Eigen::DenseCoeffsBase<Eigen::Array<CppAD::AD<double>, -1, 1, 0, -1, 1>, 1>::Scalar' {aka 'CppAD::AD<double>'} is not derived from 'const tmbutils::vector<Type>'\n   73 |     Type fast_cover = max(fast_pred(t-1), eps);\n      |                       ~~~^~~~~~~~~~~~~~~~~~~~~\nPOPULATIONS//POPULATION_0014//INDIVIDUAL_YFRDIB75/model.cpp:74:26: error: no matching function for call to 'max(Eigen::DenseCoeffsBase<Eigen::Array<CppAD::AD<double>, -1, 1, 0, -1, 1>, 1>::Scalar&, CppAD::AD<double>&)'\n   74 |     Type slow_cover = max(slow_pred(t-1), eps);\n      |                       ~~~^~~~~~~~~~~~~~~~~~~~~\nC:/Users/spi085/AppData/Local/Programs/R/R-4.4.1/library/TMB/include/convenience.hpp:145:6: note: candidate: 'template<class Type> Type max(const tmbutils::vector<Type>&)'\n  145 | Type max(const vector<Type> &x)\n      |      ^~~\nC:/Users/spi085/AppData/Local/Programs/R/R-4.4.1/library/TMB/include/convenience.hpp:145:6: note:   template argument deduction/substitution failed:\nPOPULATIONS//POPULATION_0014//INDIVIDUAL_YFRDIB75/model.cpp:74:26: note:   'Eigen::DenseCoeffsBase<Eigen::Array<CppAD::AD<double>, -1, 1, 0, -1, 1>, 1>::Scalar' {aka 'CppAD::AD<double>'} is not derived from 'const tmbutils::vector<Type>'\n   74 |     Type slow_cover = max(slow_pred(t-1), eps);\n      |                       ~~~^~~~~~~~~~~~~~~~~~~~~\nPOPULATIONS//POPULATION_0014//INDIVIDUAL_YFRDIB75/model.cpp:78:16: error: no matching function for call to 'max(CppAD::AD<double>&, CppAD::AD<double>)'\n   78 |     denom = max(denom, Type(1.0)); // Ensure denominator is at least 1.0\n      |             ~~~^~~~~~~~~~~~~~~~~~\nC:/Users/spi085/AppData/Local/Programs/R/R-4.4.1/library/TMB/include/convenience.hpp:145:6: note: candidate: 'template<class Type> Type max(const tmbutils::vector<Type>&)'\n  145 | Type max(const vector<Type> &x)\n      |      ^~~\nC:/Users/spi085/AppData/Local/Programs/R/R-4.4.1/library/TMB/include/convenience.hpp:145:6: note:   template argument deduction/substitution failed:\nPOPULATIONS//POPULATION_0014//INDIVIDUAL_YFRDIB75/model.cpp:78:16: note:   'CppAD::AD<double>' is not derived from 'const tmbutils::vector<Type>'\n   78 |     denom = max(denom, Type(1.0)); // Ensure denominator is at least 1.0\n      |             ~~~^~~~~~~~~~~~~~~~~~\nPOPULATIONS//POPULATION_0014//INDIVIDUAL_YFRDIB75/model.cpp:87:41: error: no matching function for call to 'min(CppAD::AD<double>&, CppAD::AD<double>)'\n   87 |     food_limitation = max(Type(0.1), min(food_limitation, Type(1.0)));\n      |                                      ~~~^~~~~~~~~~~~~~~~~~~~~~~~~~~~\nC:/Users/spi085/AppData/Local/Programs/R/R-4.4.1/library/TMB/include/convenience.hpp:156:6: note: candidate: 'template<class Type> Type min(const tmbutils::vector<Type>&)'\n  156 | Type min(const vector<Type> &x)\n      |      ^~~\nC:/Users/spi085/AppData/Local/Programs/R/R-4.4.1/library/TMB/include/convenience.hpp:156:6: note:   template argument deduction/substitution failed:\nPOPULATIONS//POPULATION_0014//INDIVIDUAL_YFRDIB75/model.cpp:87:41: note:   'CppAD::AD<double>' is not derived from 'const tmbutils::vector<Type>'\n   87 |     food_limitation = max(Type(0.1), min(food_limitation, Type(1.0)));\n      |                                      ~~~^~~~~~~~~~~~~~~~~~~~~~~~~~~~\nPOPULATIONS//POPULATION_0014//INDIVIDUAL_YFRDIB75/model.cpp:92:45: error: no matching function for call to 'max(Eigen::DenseCoeffsBase<Eigen::Array<CppAD::AD<double>, -1, 1, 0, -1, 1>, 1>::Scalar&, CppAD::AD<double>&)'\n   92 |     Type cots_immigration = imm_effect * max(cotsimm_dat(t-1), eps);\n      |                                          ~~~^~~~~~~~~~~~~~~~~~~~~~~\nC:/Users/spi085/AppData/Local/Programs/R/R-4.4.1/library/TMB/include/convenience.hpp:145:6: note: candidate: 'template<class Type> Type max(const tmbutils::vector<Type>&)'\n  145 | Type max(const vector<Type> &x)\n      |      ^~~\nC:/Users/spi085/AppData/Local/Programs/R/R-4.4.1/library/TMB/include/convenience.hpp:145:6: note:   template argument deduction/substitution failed:\nPOPULATIONS//POPULATION_0014//INDIVIDUAL_YFRDIB75/model.cpp:92:45: note:   'Eigen::DenseCoeffsBase<Eigen::Array<CppAD::AD<double>, -1, 1, 0, -1, 1>, 1>::Scalar' {aka 'CppAD::AD<double>'} is not derived from 'const tmbutils::vector<Type>'\n   92 |     Type cots_immigration = imm_effect * max(cotsimm_dat(t-1), eps);\n      |                                          ~~~^~~~~~~~~~~~~~~~~~~~~~~\nPOPULATIONS//POPULATION_0014//INDIVIDUAL_YFRDIB75/model.cpp:96:32: error: no matching function for call to 'min(Eigen::DenseCoeffsBase<Eigen::Array<CppAD::AD<double>, -1, 1, 0, -1, 1>, 1>::Scalar&, CppAD::AD<double>)'\n   96 |     cots_pred(t) = max(eps, min(cots_pred(t), Type(5.0))); // Bound COTS population\n      |                             ~~~^~~~~~~~~~~~~~~~~~~~~~~~~\nC:/Users/spi085/AppData/Local/Programs/R/R-4.4.1/library/TMB/include/convenience.hpp:156:6: note: candidate: 'template<class Type> Type min(const tmbutils::vector<Type>&)'\n  156 | Type min(const vector<Type> &x)\n      |      ^~~\nC:/Users/spi085/AppData/Local/Programs/R/R-4.4.1/library/TMB/include/convenience.hpp:156:6: note:   template argument deduction/substitution failed:\nPOPULATIONS//POPULATION_0014//INDIVIDUAL_YFRDIB75/model.cpp:96:32: note:   'Eigen::DenseCoeffsBase<Eigen::Array<CppAD::AD<double>, -1, 1, 0, -1, 1>, 1>::Scalar' {aka 'CppAD::AD<double>'} is not derived from 'const tmbutils::vector<Type>'\n   96 |     cots_pred(t) = max(eps, min(cots_pred(t), Type(5.0))); // Bound COTS population\n      |                             ~~~^~~~~~~~~~~~~~~~~~~~~~~~~\nPOPULATIONS//POPULATION_0014//INDIVIDUAL_YFRDIB75/model.cpp:101:43: error: no matching function for call to 'min(CppAD::AD<double>&, CppAD::AD<double>)'\n  101 |     fast_competition = max(Type(-0.5), min(fast_competition, Type(1.0)));\n      |                                        ~~~^~~~~~~~~~~~~~~~~~~~~~~~~~~~~\nC:/Users/spi085/AppData/Local/Programs/R/R-4.4.1/library/TMB/include/convenience.hpp:156:6: note: candidate: 'template<class Type> Type min(const tmbutils::vector<Type>&)'\n  156 | Type min(const vector<Type> &x)\n      |      ^~~\nC:/Users/spi085/AppData/Local/Programs/R/R-4.4.1/library/TMB/include/convenience.hpp:156:6: note:   template argument deduction/substitution failed:\nPOPULATIONS//POPULATION_0014//INDIVIDUAL_YFRDIB75/model.cpp:101:43: note:   'CppAD::AD<double>' is not derived from 'const tmbutils::vector<Type>'\n  101 |     fast_competition = max(Type(-0.5), min(fast_competition, Type(1.0)));\n      |                                        ~~~^~~~~~~~~~~~~~~~~~~~~~~~~~~~~\nPOPULATIONS//POPULATION_0014//INDIVIDUAL_YFRDIB75/model.cpp:105:32: error: no matching function for call to 'min(Eigen::DenseCoeffsBase<Eigen::Array<CppAD::AD<double>, -1, 1, 0, -1, 1>, 1>::Scalar&, CppAD::AD<double>&)'\n  105 |     fast_pred(t) = max(eps, min(fast_pred(t), K_fast));\n      |                             ~~~^~~~~~~~~~~~~~~~~~~~~~\nC:/Users/spi085/AppData/Local/Programs/R/R-4.4.1/library/TMB/include/convenience.hpp:156:6: note: candidate: 'template<class Type> Type min(const tmbutils::vector<Type>&)'\n  156 | Type min(const vector<Type> &x)\n      |      ^~~\nC:/Users/spi085/AppData/Local/Programs/R/R-4.4.1/library/TMB/include/convenience.hpp:156:6: note:   template argument deduction/substitution failed:\nPOPULATIONS//POPULATION_0014//INDIVIDUAL_YFRDIB75/model.cpp:105:32: note:   'Eigen::DenseCoeffsBase<Eigen::Array<CppAD::AD<double>, -1, 1, 0, -1, 1>, 1>::Scalar' {aka 'CppAD::AD<double>'} is not derived from 'const tmbutils::vector<Type>'\n  105 |     fast_pred(t) = max(eps, min(fast_pred(t), K_fast));\n      |                             ~~~^~~~~~~~~~~~~~~~~~~~~~\nPOPULATIONS//POPULATION_0014//INDIVIDUAL_YFRDIB75/model.cpp:109:43: error: no matching function for call to 'min(CppAD::AD<double>&, CppAD::AD<double>)'\n  109 |     slow_competition = max(Type(-0.5), min(slow_competition, Type(1.0)));\n      |                                        ~~~^~~~~~~~~~~~~~~~~~~~~~~~~~~~~\nC:/Users/spi085/AppData/Local/Programs/R/R-4.4.1/library/TMB/include/convenience.hpp:156:6: note: candidate: 'template<class Type> Type min(const tmbutils::vector<Type>&)'\n  156 | Type min(const vector<Type> &x)\n      |      ^~~\nC:/Users/spi085/AppData/Local/Programs/R/R-4.4.1/library/TMB/include/convenience.hpp:156:6: note:   template argument deduction/substitution failed:\nPOPULATIONS//POPULATION_0014//INDIVIDUAL_YFRDIB75/model.cpp:109:43: note:   'CppAD::AD<double>' is not derived from 'const tmbutils::vector<Type>'\n  109 |     slow_competition = max(Type(-0.5), min(slow_competition, Type(1.0)));\n      |                                        ~~~^~~~~~~~~~~~~~~~~~~~~~~~~~~~~\nPOPULATIONS//POPULATION_0014//INDIVIDUAL_YFRDIB75/model.cpp:113:32: error: no matching function for call to 'min(Eigen::DenseCoeffsBase<Eigen::Array<CppAD::AD<double>, -1, 1, 0, -1, 1>, 1>::Scalar&, CppAD::AD<double>&)'\n  113 |     slow_pred(t) = max(eps, min(slow_pred(t), K_slow));\n      |                             ~~~^~~~~~~~~~~~~~~~~~~~~~\nC:/Users/spi085/AppData/Local/Programs/R/R-4.4.1/library/TMB/include/convenience.hpp:156:6: note: candidate: 'template<class Type> Type min(const tmbutils::vector<Type>&)'\n  156 | Type min(const vector<Type> &x)\n      |      ^~~\nC:/Users/spi085/AppData/Local/Programs/R/R-4.4.1/library/TMB/include/convenience.hpp:156:6: note:   template argument deduction/substitution failed:\nPOPULATIONS//POPULATION_0014//INDIVIDUAL_YFRDIB75/model.cpp:113:32: note:   'Eigen::DenseCoeffsBase<Eigen::Array<CppAD::AD<double>, -1, 1, 0, -1, 1>, 1>::Scalar' {aka 'CppAD::AD<double>'} is not derived from 'const tmbutils::vector<Type>'\n  113 |     slow_pred(t) = max(eps, min(slow_pred(t), K_slow));\n      |                             ~~~^~~~~~~~~~~~~~~~~~~~~~\nPOPULATIONS//POPULATION_0014//INDIVIDUAL_YFRDIB75/model.cpp:121:28: error: no matching function for call to 'max(CppAD::AD<double>&, CppAD::AD<double>&)'\n  121 |     Type sigma_cots_t = max(sigma_cots, min_sigma);\n      |                         ~~~^~~~~~~~~~~~~~~~~~~~~~~\nC:/Users/spi085/AppData/Local/Programs/R/R-4.4.1/library/TMB/include/convenience.hpp:145:6: note: candidate: 'template<class Type> Type max(const tmbutils::vector<Type>&)'\n  145 | Type max(const vector<Type> &x)\n      |      ^~~\nC:/Users/spi085/AppData/Local/Programs/R/R-4.4.1/library/TMB/include/convenience.hpp:145:6: note:   template argument deduction/substitution failed:\nPOPULATIONS//POPULATION_0014//INDIVIDUAL_YFRDIB75/model.cpp:121:28: note:   'CppAD::AD<double>' is not derived from 'const tmbutils::vector<Type>'\n  121 |     Type sigma_cots_t = max(sigma_cots, min_sigma);\n      |                         ~~~^~~~~~~~~~~~~~~~~~~~~~~\nPOPULATIONS//POPULATION_0014//INDIVIDUAL_YFRDIB75/model.cpp:125:28: error: no matching function for call to 'max(CppAD::AD<double>&, CppAD::AD<double>&)'\n  125 |     Type sigma_slow_t = max(sigma_slow, min_sigma);\n      |                         ~~~^~~~~~~~~~~~~~~~~~~~~~~\nC:/Users/spi085/AppData/Local/Programs/R/R-4.4.1/library/TMB/include/convenience.hpp:145:6: note: candidate: 'template<class Type> Type max(const tmbutils::vector<Type>&)'\n  145 | Type max(const vector<Type> &x)\n      |      ^~~\nC:/Users/spi085/AppData/Local/Programs/R/R-4.4.1/library/TMB/include/convenience.hpp:145:6: note:   template argument deduction/substitution failed:\nPOPULATIONS//POPULATION_0014//INDIVIDUAL_YFRDIB75/model.cpp:125:28: note:   'CppAD::AD<double>' is not derived from 'const tmbutils::vector<Type>'\n  125 |     Type sigma_slow_t = max(sigma_slow, min_sigma);\n      |                         ~~~^~~~~~~~~~~~~~~~~~~~~~~\nPOPULATIONS//POPULATION_0014//INDIVIDUAL_YFRDIB75/model.cpp:129:28: error: no matching function for call to 'max(CppAD::AD<double>&, CppAD::AD<double>&)'\n  129 |     Type sigma_fast_t = max(sigma_fast, min_sigma);\n      |                         ~~~^~~~~~~~~~~~~~~~~~~~~~~\nC:/Users/spi085/AppData/Local/Programs/R/R-4.4.1/library/TMB/include/convenience.hpp:145:6: note: candidate: 'template<class Type> Type max(const tmbutils::vector<Type>&)'\n  145 | Type max(const vector<Type> &x)\n      |      ^~~\nC:/Users/spi085/AppData/Local/Programs/R/R-4.4.1/library/TMB/include/convenience.hpp:145:6: note:   template argument deduction/substitution failed:\nPOPULATIONS//POPULATION_0014//INDIVIDUAL_YFRDIB75/model.cpp:129:28: note:   'CppAD::AD<double>' is not derived from 'const tmbutils::vector<Type>'\n  129 |     Type sigma_fast_t = max(sigma_fast, min_sigma);\n      |                         ~~~^~~~~~~~~~~~~~~~~~~~~~~\nPOPULATIONS//POPULATION_0014//INDIVIDUAL_YFRDIB75/model.cpp: In instantiation of 'Type objective_function<Type>::operator()() [with Type = double]':\nC:/Users/spi085/AppData/Local/Programs/R/R-4.4.1/library/TMB/include/tmb_core.hpp:2031:7:   required from here\nPOPULATIONS//POPULATION_0014//INDIVIDUAL_YFRDIB75/model.cpp:64:22: error: no matching function for call to 'max(double&, double&)'\n   64 |     total_coral = max(total_coral, eps);\n      |                   ~~~^~~~~~~~~~~~~~~~~~\nC:/Users/spi085/AppData/Local/Programs/R/R-4.4.1/library/TMB/include/convenience.hpp:145:6: note: candidate: 'template<class Type> Type max(const tmbutils::vector<Type>&)'\n  145 | Type max(const vector<Type> &x)\n      |      ^~~\nC:/Users/spi085/AppData/Local/Programs/R/R-4.4.1/library/TMB/include/convenience.hpp:145:6: note:   template argument deduction/substitution failed:\nPOPULATIONS//POPULATION_0014//INDIVIDUAL_YFRDIB75/model.cpp:64:22: note:   mismatched types 'const tmbutils::vector<Type>' and 'double'\n   64 |     total_coral = max(total_coral, eps);\n      |                   ~~~^~~~~~~~~~~~~~~~~~\nPOPULATIONS//POPULATION_0014//INDIVIDUAL_YFRDIB75/model.cpp:68:28: error: no matching function for call to 'max(Eigen::DenseCoeffsBase<Eigen::Array<double, -1, 1>, 1>::Scalar&, double&)'\n   68 |     Type cots_density = max(cots_pred(t-1), eps);\n      |                         ~~~^~~~~~~~~~~~~~~~~~~~~\nC:/Users/spi085/AppData/Local/Programs/R/R-4.4.1/library/TMB/include/convenience.hpp:145:6: note: candidate: 'template<class Type> Type max(const tmbutils::vector<Type>&)'\n  145 | Type max(const vector<Type> &x)\n      |      ^~~\nC:/Users/spi085/AppData/Local/Programs/R/R-4.4.1/library/TMB/include/convenience.hpp:145:6: note:   template argument deduction/substitution failed:\nPOPULATIONS//POPULATION_0014//INDIVIDUAL_YFRDIB75/model.cpp:68:28: note:   mismatched types 'const tmbutils::vector<Type>' and 'Eigen::DenseCoeffsBase<Eigen::Array<double, -1, 1>, 1>::Scalar' {aka 'double'}\n   68 |     Type cots_density = max(cots_pred(t-1), eps);\n      |                         ~~~^~~~~~~~~~~~~~~~~~~~~\nPOPULATIONS//POPULATION_0014//INDIVIDUAL_YFRDIB75/model.cpp:70:45: error: no matching function for call to 'min(double&, double)'\n   70 |     predator_efficiency = max(Type(0.1), min(predator_efficiency, Type(1.0)));\n      |                                          ~~~^~~~~~~~~~~~~~~~~~~~~~~~~~~~~~~~\nC:/Users/spi085/AppData/Local/Programs/R/R-4.4.1/library/TMB/include/convenience.hpp:156:6: note: candidate: 'template<class Type> Type min(const tmbutils::vector<Type>&)'\n  156 | Type min(const vector<Type> &x)\n      |      ^~~\nC:/Users/spi085/AppData/Local/Programs/R/R-4.4.1/library/TMB/include/convenience.hpp:156:6: note:   template argument deduction/substitution failed:\nPOPULATIONS//POPULATION_0014//INDIVIDUAL_YFRDIB75/model.cpp:70:45: note:   mismatched types 'const tmbutils::vector<Type>' and 'double'\n   70 |     predator_efficiency = max(Type(0.1), min(predator_efficiency, Type(1.0)));\n      |                                          ~~~^~~~~~~~~~~~~~~~~~~~~~~~~~~~~~~~\nPOPULATIONS//POPULATION_0014//INDIVIDUAL_YFRDIB75/model.cpp:73:26: error: no matching function for call to 'max(Eigen::DenseCoeffsBase<Eigen::Array<double, -1, 1>, 1>::Scalar&, double&)'\n   73 |     Type fast_cover = max(fast_pred(t-1), eps);\n      |                       ~~~^~~~~~~~~~~~~~~~~~~~~\nC:/Users/spi085/AppData/Local/Programs/R/R-4.4.1/library/TMB/include/convenience.hpp:145:6: note: candidate: 'template<class Type> Type max(const tmbutils::vector<Type>&)'\n  145 | Type max(const vector<Type> &x)\n      |      ^~~\nC:/Users/spi085/AppData/Local/Programs/R/R-4.4.1/library/TMB/include/convenience.hpp:145:6: note:   template argument deduction/substitution failed:\nPOPULATIONS//POPULATION_0014//INDIVIDUAL_YFRDIB75/model.cpp:73:26: note:   mismatched types 'const tmbutils::vector<Type>' and 'Eigen::DenseCoeffsBase<Eigen::Array<double, -1, 1>, 1>::Scalar' {aka 'double'}\n   73 |     Type fast_cover = max(fast_pred(t-1), eps);\n      |                       ~~~^~~~~~~~~~~~~~~~~~~~~\nPOPULATIONS//POPULATION_0014//INDIVIDUAL_YFRDIB75/model.cpp:74:26: error: no matching function for call to 'max(Eigen::DenseCoeffsBase<Eigen::Array<double, -1, 1>, 1>::Scalar&, double&)'\n   74 |     Type slow_cover = max(slow_pred(t-1), eps);\n      |                       ~~~^~~~~~~~~~~~~~~~~~~~~\nC:/Users/spi085/AppData/Local/Programs/R/R-4.4.1/library/TMB/include/convenience.hpp:145:6: note: candidate: 'template<class Type> Type max(const tmbutils::vector<Type>&)'\n  145 | Type max(const vector<Type> &x)\n      |      ^~~\nC:/Users/spi085/AppData/Local/Programs/R/R-4.4.1/library/TMB/include/convenience.hpp:145:6: note:   template argument deduction/substitution failed:\nPOPULATIONS//POPULATION_0014//INDIVIDUAL_YFRDIB75/model.cpp:74:26: note:   mismatched types 'const tmbutils::vector<Type>' and 'Eigen::DenseCoeffsBase<Eigen::Array<double, -1, 1>, 1>::Scalar' {aka 'double'}\n   74 |     Type slow_cover = max(slow_pred(t-1), eps);\n      |                       ~~~^~~~~~~~~~~~~~~~~~~~~\nPOPULATIONS//POPULATION_0014//INDIVIDUAL_YFRDIB75/model.cpp:78:16: error: no matching function for call to 'max(double&, double)'\n   78 |     denom = max(denom, Type(1.0)); // Ensure denominator is at least 1.0\n      |             ~~~^~~~~~~~~~~~~~~~~~\nC:/Users/spi085/AppData/Local/Programs/R/R-4.4.1/library/TMB/include/convenience.hpp:145:6: note: candidate: 'template<class Type> Type max(const tmbutils::vector<Type>&)'\n  145 | Type max(const vector<Type> &x)\n      |      ^~~\nC:/Users/spi085/AppData/Local/Programs/R/R-4.4.1/library/TMB/include/convenience.hpp:145:6: note:   template argument deduction/substitution failed:\nPOPULATIONS//POPULATION_0014//INDIVIDUAL_YFRDIB75/model.cpp:78:16: note:   mismatched types 'const tmbutils::vector<Type>' and 'double'\n   78 |     denom = max(denom, Type(1.0)); // Ensure denominator is at least 1.0\n      |             ~~~^~~~~~~~~~~~~~~~~~\nPOPULATIONS//POPULATION_0014//INDIVIDUAL_YFRDIB75/model.cpp:87:41: error: no matching function for call to 'min(double&, double)'\n   87 |     food_limitation = max(Type(0.1), min(food_limitation, Type(1.0)));\n      |                                      ~~~^~~~~~~~~~~~~~~~~~~~~~~~~~~~\nC:/Users/spi085/AppData/Local/Programs/R/R-4.4.1/library/TMB/include/convenience.hpp:156:6: note: candidate: 'template<class Type> Type min(const tmbutils::vector<Type>&)'\n  156 | Type min(const vector<Type> &x)\n      |      ^~~\nC:/Users/spi085/AppData/Local/Programs/R/R-4.4.1/library/TMB/include/convenience.hpp:156:6: note:   template argument deduction/substitution failed:\nPOPULATIONS//POPULATION_0014//INDIVIDUAL_YFRDIB75/model.cpp:87:41: note:   mismatched types 'const tmbutils::vector<Type>' and 'double'\n   87 |     food_limitation = max(Type(0.1), min(food_limitation, Type(1.0)));\n      |                                      ~~~^~~~~~~~~~~~~~~~~~~~~~~~~~~~\nPOPULATIONS//POPULATION_0014//INDIVIDUAL_YFRDIB75/model.cpp:92:45: error: no matching function for call to 'max(Eigen::DenseCoeffsBase<Eigen::Array<double, -1, 1>, 1>::Scalar&, double&)'\n   92 |     Type cots_immigration = imm_effect * max(cotsimm_dat(t-1), eps);\n      |                                          ~~~^~~~~~~~~~~~~~~~~~~~~~~\nC:/Users/spi085/AppData/Local/Programs/R/R-4.4.1/library/TMB/include/convenience.hpp:145:6: note: candidate: 'template<class Type> Type max(const tmbutils::vector<Type>&)'\n  145 | Type max(const vector<Type> &x)\n      |      ^~~\nC:/Users/spi085/AppData/Local/Programs/R/R-4.4.1/library/TMB/include/convenience.hpp:145:6: note:   template argument deduction/substitution failed:\nPOPULATIONS//POPULATION_0014//INDIVIDUAL_YFRDIB75/model.cpp:92:45: note:   mismatched types 'const tmbutils::vector<Type>' and 'Eigen::DenseCoeffsBase<Eigen::Array<double, -1, 1>, 1>::Scalar' {aka 'double'}\n   92 |     Type cots_immigration = imm_effect * max(cotsimm_dat(t-1), eps);\n      |                                          ~~~^~~~~~~~~~~~~~~~~~~~~~~\nPOPULATIONS//POPULATION_0014//INDIVIDUAL_YFRDIB75/model.cpp:96:32: error: no matching function for call to 'min(Eigen::DenseCoeffsBase<Eigen::Array<double, -1, 1>, 1>::Scalar&, double)'\n   96 |     cots_pred(t) = max(eps, min(cots_pred(t), Type(5.0))); // Bound COTS population\n      |                             ~~~^~~~~~~~~~~~~~~~~~~~~~~~~\nC:/Users/spi085/AppData/Local/Programs/R/R-4.4.1/library/TMB/include/convenience.hpp:156:6: note: candidate: 'template<class Type> Type min(const tmbutils::vector<Type>&)'\n  156 | Type min(const vector<Type> &x)\n      |      ^~~\nC:/Users/spi085/AppData/Local/Programs/R/R-4.4.1/library/TMB/include/convenience.hpp:156:6: note:   template argument deduction/substitution failed:\nPOPULATIONS//POPULATION_0014//INDIVIDUAL_YFRDIB75/model.cpp:96:32: note:   mismatched types 'const tmbutils::vector<Type>' and 'Eigen::DenseCoeffsBase<Eigen::Array<double, -1, 1>, 1>::Scalar' {aka 'double'}\n   96 |     cots_pred(t) = max(eps, min(cots_pred(t), Type(5.0))); // Bound COTS population\n      |                             ~~~^~~~~~~~~~~~~~~~~~~~~~~~~\nPOPULATIONS//POPULATION_0014//INDIVIDUAL_YFRDIB75/model.cpp:101:43: error: no matching function for call to 'min(double&, double)'\n  101 |     fast_competition = max(Type(-0.5), min(fast_competition, Type(1.0)));\n      |                                        ~~~^~~~~~~~~~~~~~~~~~~~~~~~~~~~~\nC:/Users/spi085/AppData/Local/Programs/R/R-4.4.1/library/TMB/include/convenience.hpp:156:6: note: candidate: 'template<class Type> Type min(const tmbutils::vector<Type>&)'\n  156 | Type min(const vector<Type> &x)\n      |      ^~~\nC:/Users/spi085/AppData/Local/Programs/R/R-4.4.1/library/TMB/include/convenience.hpp:156:6: note:   template argument deduction/substitution failed:\nPOPULATIONS//POPULATION_0014//INDIVIDUAL_YFRDIB75/model.cpp:101:43: note:   mismatched types 'const tmbutils::vector<Type>' and 'double'\n  101 |     fast_competition = max(Type(-0.5), min(fast_competition, Type(1.0)));\n      |                                        ~~~^~~~~~~~~~~~~~~~~~~~~~~~~~~~~\nPOPULATIONS//POPULATION_0014//INDIVIDUAL_YFRDIB75/model.cpp:105:32: error: no matching function for call to 'min(Eigen::DenseCoeffsBase<Eigen::Array<double, -1, 1>, 1>::Scalar&, double&)'\n  105 |     fast_pred(t) = max(eps, min(fast_pred(t), K_fast));\n      |                             ~~~^~~~~~~~~~~~~~~~~~~~~~\nC:/Users/spi085/AppData/Local/Programs/R/R-4.4.1/library/TMB/include/convenience.hpp:156:6: note: candidate: 'template<class Type> Type min(const tmbutils::vector<Type>&)'\n  156 | Type min(const vector<Type> &x)\n      |      ^~~\nC:/Users/spi085/AppData/Local/Programs/R/R-4.4.1/library/TMB/include/convenience.hpp:156:6: note:   template argument deduction/substitution failed:\nPOPULATIONS//POPULATION_0014//INDIVIDUAL_YFRDIB75/model.cpp:105:32: note:   mismatched types 'const tmbutils::vector<Type>' and 'Eigen::DenseCoeffsBase<Eigen::Array<double, -1, 1>, 1>::Scalar' {aka 'double'}\n  105 |     fast_pred(t) = max(eps, min(fast_pred(t), K_fast));\n      |                             ~~~^~~~~~~~~~~~~~~~~~~~~~\nPOPULATIONS//POPULATION_0014//INDIVIDUAL_YFRDIB75/model.cpp:109:43: error: no matching function for call to 'min(double&, double)'\n  109 |     slow_competition = max(Type(-0.5), min(slow_competition, Type(1.0)));\n      |                                        ~~~^~~~~~~~~~~~~~~~~~~~~~~~~~~~~\nC:/Users/spi085/AppData/Local/Programs/R/R-4.4.1/library/TMB/include/convenience.hpp:156:6: note: candidate: 'template<class Type> Type min(const tmbutils::vector<Type>&)'\n  156 | Type min(const vector<Type> &x)\n      |      ^~~\nC:/Users/spi085/AppData/Local/Programs/R/R-4.4.1/library/TMB/include/convenience.hpp:156:6: note:   template argument deduction/substitution failed:\nPOPULATIONS//POPULATION_0014//INDIVIDUAL_YFRDIB75/model.cpp:109:43: note:   mismatched types 'const tmbutils::vector<Type>' and 'double'\n  109 |     slow_competition = max(Type(-0.5), min(slow_competition, Type(1.0)));\n      |                                        ~~~^~~~~~~~~~~~~~~~~~~~~~~~~~~~~\nPOPULATIONS//POPULATION_0014//INDIVIDUAL_YFRDIB75/model.cpp:113:32: error: no matching function for call to 'min(Eigen::DenseCoeffsBase<Eigen::Array<double, -1, 1>, 1>::Scalar&, double&)'\n  113 |     slow_pred(t) = max(eps, min(slow_pred(t), K_slow));\n      |                             ~~~^~~~~~~~~~~~~~~~~~~~~~\nC:/Users/spi085/AppData/Local/Programs/R/R-4.4.1/library/TMB/include/convenience.hpp:156:6: note: candidate: 'template<class Type> Type min(const tmbutils::vector<Type>&)'\n  156 | Type min(const vector<Type> &x)\n      |      ^~~\nC:/Users/spi085/AppData/Local/Programs/R/R-4.4.1/library/TMB/include/convenience.hpp:156:6: note:   template argument deduction/substitution failed:\nPOPULATIONS//POPULATION_0014//INDIVIDUAL_YFRDIB75/model.cpp:113:32: note:   mismatched types 'const tmbutils::vector<Type>' and 'Eigen::DenseCoeffsBase<Eigen::Array<double, -1, 1>, 1>::Scalar' {aka 'double'}\n  113 |     slow_pred(t) = max(eps, min(slow_pred(t), K_slow));\n      |                             ~~~^~~~~~~~~~~~~~~~~~~~~~\nPOPULATIONS//POPULATION_0014//INDIVIDUAL_YFRDIB75/model.cpp:121:28: error: no matching function for call to 'max(double&, double&)'\n  121 |     Type sigma_cots_t = max(sigma_cots, min_sigma);\n      |                         ~~~^~~~~~~~~~~~~~~~~~~~~~~\nC:/Users/spi085/AppData/Local/Programs/R/R-4.4.1/library/TMB/include/convenience.hpp:145:6: note: candidate: 'template<class Type> Type max(const tmbutils::vector<Type>&)'\n  145 | Type max(const vector<Type> &x)\n      |      ^~~\nC:/Users/spi085/AppData/Local/Programs/R/R-4.4.1/library/TMB/include/convenience.hpp:145:6: note:   template argument deduction/substitution failed:\nPOPULATIONS//POPULATION_0014//INDIVIDUAL_YFRDIB75/model.cpp:121:28: note:   mismatched types 'const tmbutils::vector<Type>' and 'double'\n  121 |     Type sigma_cots_t = max(sigma_cots, min_sigma);\n      |                         ~~~^~~~~~~~~~~~~~~~~~~~~~~\nPOPULATIONS//POPULATION_0014//INDIVIDUAL_YFRDIB75/model.cpp:125:28: error: no matching function for call to 'max(double&, double&)'\n  125 |     Type sigma_slow_t = max(sigma_slow, min_sigma);\n      |                         ~~~^~~~~~~~~~~~~~~~~~~~~~~\nC:/Users/spi085/AppData/Local/Programs/R/R-4.4.1/library/TMB/include/convenience.hpp:145:6: note: candidate: 'template<class Type> Type max(const tmbutils::vector<Type>&)'\n  145 | Type max(const vector<Type> &x)\n      |      ^~~\nC:/Users/spi085/AppData/Local/Programs/R/R-4.4.1/library/TMB/include/convenience.hpp:145:6: note:   template argument deduction/substitution failed:\nPOPULATIONS//POPULATION_0014//INDIVIDUAL_YFRDIB75/model.cpp:125:28: note:   mismatched types 'const tmbutils::vector<Type>' and 'double'\n  125 |     Type sigma_slow_t = max(sigma_slow, min_sigma);\n      |                         ~~~^~~~~~~~~~~~~~~~~~~~~~~\nPOPULATIONS//POPULATION_0014//INDIVIDUAL_YFRDIB75/model.cpp:129:28: error: no matching function for call to 'max(double&, double&)'\n  129 |     Type sigma_fast_t = max(sigma_fast, min_sigma);\n      |                         ~~~^~~~~~~~~~~~~~~~~~~~~~~\nC:/Users/spi085/AppData/Local/Programs/R/R-4.4.1/library/TMB/include/convenience.hpp:145:6: note: candidate: 'template<class Type> Type max(const tmbutils::vector<Type>&)'\n  145 | Type max(const vector<Type> &x)\n      |      ^~~\nC:/Users/spi085/AppData/Local/Programs/R/R-4.4.1/library/TMB/include/convenience.hpp:145:6: note:   template argument deduction/substitution failed:\nPOPULATIONS//POPULATION_0014//INDIVIDUAL_YFRDIB75/model.cpp:129:28: note:   mismatched types 'const tmbutils::vector<Type>' and 'double'\n  129 |     Type sigma_fast_t = max(sigma_fast, min_sigma);\n      |                         ~~~^~~~~~~~~~~~~~~~~~~~~~~\nPOPULATIONS//POPULATION_0014//INDIVIDUAL_YFRDIB75/model.cpp: In instantiation of 'Type objective_function<Type>::operator()() [with Type = CppAD::AD<CppAD::AD<double> >]':\nC:/Users/spi085/AppData/Local/Programs/R/R-4.4.1/library/TMB/include/tmb_core.hpp:913:29:   required from 'Type objective_function<Type>::evalUserTemplate() [with Type = CppAD::AD<CppAD::AD<double> >]'\nC:/Users/spi085/AppData/Local/Programs/R/R-4.4.1/library/TMB/include/tmb_core.hpp:2112:26:   required from here\nPOPULATIONS//POPULATION_0014//INDIVIDUAL_YFRDIB75/model.cpp:64:22: error: no matching function for call to 'max(CppAD::AD<CppAD::AD<double> >&, CppAD::AD<CppAD::AD<double> >&)'\n   64 |     total_coral = max(total_coral, eps);\n      |                   ~~~^~~~~~~~~~~~~~~~~~\nC:/Users/spi085/AppData/Local/Programs/R/R-4.4.1/library/TMB/include/convenience.hpp:145:6: note: candidate: 'template<class Type> Type max(const tmbutils::vector<Type>&)'\n  145 | Type max(const vector<Type> &x)\n      |      ^~~\nC:/Users/spi085/AppData/Local/Programs/R/R-4.4.1/library/TMB/include/convenience.hpp:145:6: note:   template argument deduction/substitution failed:\nPOPULATIONS//POPULATION_0014//INDIVIDUAL_YFRDIB75/model.cpp:64:22: note:   'CppAD::AD<CppAD::AD<double> >' is not derived from 'const tmbutils::vector<Type>'\n   64 |     total_coral = max(total_coral, eps);\n      |                   ~~~^~~~~~~~~~~~~~~~~~\nPOPULATIONS//POPULATION_0014//INDIVIDUAL_YFRDIB75/model.cpp:68:28: error: no matching function for call to 'max(Eigen::DenseCoeffsBase<Eigen::Array<CppAD::AD<CppAD::AD<double> >, -1, 1, 0, -1, 1>, 1>::Scalar&, CppAD::AD<CppAD::AD<double> >&)'\n   68 |     Type cots_density = max(cots_pred(t-1), eps);\n      |                         ~~~^~~~~~~~~~~~~~~~~~~~~\nC:/Users/spi085/AppData/Local/Programs/R/R-4.4.1/library/TMB/include/convenience.hpp:145:6: note: candidate: 'template<class Type> Type max(const tmbutils::vector<Type>&)'\n  145 | Type max(const vector<Type> &x)\n      |      ^~~\nC:/Users/spi085/AppData/Local/Programs/R/R-4.4.1/library/TMB/include/convenience.hpp:145:6: note:   template argument deduction/substitution failed:\nPOPULATIONS//POPULATION_0014//INDIVIDUAL_YFRDIB75/model.cpp:68:28: note:   'Eigen::DenseCoeffsBase<Eigen::Array<CppAD::AD<CppAD::AD<double> >, -1, 1, 0, -1, 1>, 1>::Scalar' {aka 'CppAD::AD<CppAD::AD<double> >'} is not derived from 'const tmbutils::vector<Type>'\n   68 |     Type cots_density = max(cots_pred(t-1), eps);\n      |                         ~~~^~~~~~~~~~~~~~~~~~~~~\nPOPULATIONS//POPULATION_0014//INDIVIDUAL_YFRDIB75/model.cpp:70:45: error: no matching function for call to 'min(CppAD::AD<CppAD::AD<double> >&, CppAD::AD<CppAD::AD<double> >)'\n   70 |     predator_efficiency = max(Type(0.1), min(predator_efficiency, Type(1.0)));\n      |                                          ~~~^~~~~~~~~~~~~~~~~~~~~~~~~~~~~~~~\nC:/Users/spi085/AppData/Local/Programs/R/R-4.4.1/library/TMB/include/convenience.hpp:156:6: note: candidate: 'template<class Type> Type min(const tmbutils::vector<Type>&)'\n  156 | Type min(const vector<Type> &x)\n      |      ^~~\nC:/Users/spi085/AppData/Local/Programs/R/R-4.4.1/library/TMB/include/convenience.hpp:156:6: note:   template argument deduction/substitution failed:\nPOPULATIONS//POPULATION_0014//INDIVIDUAL_YFRDIB75/model.cpp:70:45: note:   'CppAD::AD<CppAD::AD<double> >' is not derived from 'const tmbutils::vector<Type>'\n   70 |     predator_efficiency = max(Type(0.1), min(predator_efficiency, Type(1.0)));\n      |                                          ~~~^~~~~~~~~~~~~~~~~~~~~~~~~~~~~~~~\nPOPULATIONS//POPULATION_0014//INDIVIDUAL_YFRDIB75/model.cpp:73:26: error: no matching function for call to 'max(Eigen::DenseCoeffsBase<Eigen::Array<CppAD::AD<CppAD::AD<double> >, -1, 1, 0, -1, 1>, 1>::Scalar&, CppAD::AD<CppAD::AD<double> >&)'\n   73 |     Type fast_cover = max(fast_pred(t-1), eps);\n      |                       ~~~^~~~~~~~~~~~~~~~~~~~~\nC:/Users/spi085/AppData/Local/Programs/R/R-4.4.1/library/TMB/include/convenience.hpp:145:6: note: candidate: 'template<class Type> Type max(const tmbutils::vector<Type>&)'\n  145 | Type max(const vector<Type> &x)\n      |      ^~~\nC:/Users/spi085/AppData/Local/Programs/R/R-4.4.1/library/TMB/include/convenience.hpp:145:6: note:   template argument deduction/substitution failed:\nPOPULATIONS//POPULATION_0014//INDIVIDUAL_YFRDIB75/model.cpp:73:26: note:   'Eigen::DenseCoeffsBase<Eigen::Array<CppAD::AD<CppAD::AD<double> >, -1, 1, 0, -1, 1>, 1>::Scalar' {aka 'CppAD::AD<CppAD::AD<double> >'} is not derived from 'const tmbutils::vector<Type>'\n   73 |     Type fast_cover = max(fast_pred(t-1), eps);\n      |                       ~~~^~~~~~~~~~~~~~~~~~~~~\nPOPULATIONS//POPULATION_0014//INDIVIDUAL_YFRDIB75/model.cpp:74:26: error: no matching function for call to 'max(Eigen::DenseCoeffsBase<Eigen::Array<CppAD::AD<CppAD::AD<double> >, -1, 1, 0, -1, 1>, 1>::Scalar&, CppAD::AD<CppAD::AD<double> >&)'\n   74 |     Type slow_cover = max(slow_pred(t-1), eps);\n      |                       ~~~^~~~~~~~~~~~~~~~~~~~~\nC:/Users/spi085/AppData/Local/Programs/R/R-4.4.1/library/TMB/include/convenience.hpp:145:6: note: candidate: 'template<class Type> Type max(const tmbutils::vector<Type>&)'\n  145 | Type max(const vector<Type> &x)\n      |      ^~~\nC:/Users/spi085/AppData/Local/Programs/R/R-4.4.1/library/TMB/include/convenience.hpp:145:6: note:   template argument deduction/substitution failed:\nPOPULATIONS//POPULATION_0014//INDIVIDUAL_YFRDIB75/model.cpp:74:26: note:   'Eigen::DenseCoeffsBase<Eigen::Array<CppAD::AD<CppAD::AD<double> >, -1, 1, 0, -1, 1>, 1>::Scalar' {aka 'CppAD::AD<CppAD::AD<double> >'} is not derived from 'const tmbutils::vector<Type>'\n   74 |     Type slow_cover = max(slow_pred(t-1), eps);\n      |                       ~~~^~~~~~~~~~~~~~~~~~~~~\nPOPULATIONS//POPULATION_0014//INDIVIDUAL_YFRDIB75/model.cpp:78:16: error: no matching function for call to 'max(CppAD::AD<CppAD::AD<double> >&, CppAD::AD<CppAD::AD<double> >)'\n   78 |     denom = max(denom, Type(1.0)); // Ensure denominator is at least 1.0\n      |             ~~~^~~~~~~~~~~~~~~~~~\nC:/Users/spi085/AppData/Local/Programs/R/R-4.4.1/library/TMB/include/convenience.hpp:145:6: note: candidate: 'template<class Type> Type max(const tmbutils::vector<Type>&)'\n  145 | Type max(const vector<Type> &x)\n      |      ^~~\nC:/Users/spi085/AppData/Local/Programs/R/R-4.4.1/library/TMB/include/convenience.hpp:145:6: note:   template argument deduction/substitution failed:\nPOPULATIONS//POPULATION_0014//INDIVIDUAL_YFRDIB75/model.cpp:78:16: note:   'CppAD::AD<CppAD::AD<double> >' is not derived from 'const tmbutils::vector<Type>'\n   78 |     denom = max(denom, Type(1.0)); // Ensure denominator is at least 1.0\n      |             ~~~^~~~~~~~~~~~~~~~~~\nPOPULATIONS//POPULATION_0014//INDIVIDUAL_YFRDIB75/model.cpp:87:41: error: no matching function for call to 'min(CppAD::AD<CppAD::AD<double> >&, CppAD::AD<CppAD::AD<double> >)'\n   87 |     food_limitation = max(Type(0.1), min(food_limitation, Type(1.0)));\n      |                                      ~~~^~~~~~~~~~~~~~~~~~~~~~~~~~~~\nC:/Users/spi085/AppData/Local/Programs/R/R-4.4.1/library/TMB/include/convenience.hpp:156:6: note: candidate: 'template<class Type> Type min(const tmbutils::vector<Type>&)'\n  156 | Type min(const vector<Type> &x)\n      |      ^~~\nC:/Users/spi085/AppData/Local/Programs/R/R-4.4.1/library/TMB/include/convenience.hpp:156:6: note:   template argument deduction/substitution failed:\nPOPULATIONS//POPULATION_0014//INDIVIDUAL_YFRDIB75/model.cpp:87:41: note:   'CppAD::AD<CppAD::AD<double> >' is not derived from 'const tmbutils::vector<Type>'\n   87 |     food_limitation = max(Type(0.1), min(food_limitation, Type(1.0)));\n      |                                      ~~~^~~~~~~~~~~~~~~~~~~~~~~~~~~~\nPOPULATIONS//POPULATION_0014//INDIVIDUAL_YFRDIB75/model.cpp:92:45: error: no matching function for call to 'max(Eigen::DenseCoeffsBase<Eigen::Array<CppAD::AD<CppAD::AD<double> >, -1, 1, 0, -1, 1>, 1>::Scalar&, CppAD::AD<CppAD::AD<double> >&)'\n   92 |     Type cots_immigration = imm_effect * max(cotsimm_dat(t-1), eps);\n      |                                          ~~~^~~~~~~~~~~~~~~~~~~~~~~\nC:/Users/spi085/AppData/Local/Programs/R/R-4.4.1/library/TMB/include/convenience.hpp:145:6: note: candidate: 'template<class Type> Type max(const tmbutils::vector<Type>&)'\n  145 | Type max(const vector<Type> &x)\n      |      ^~~\nC:/Users/spi085/AppData/Local/Programs/R/R-4.4.1/library/TMB/include/convenience.hpp:145:6: note:   template argument deduction/substitution failed:\nPOPULATIONS//POPULATION_0014//INDIVIDUAL_YFRDIB75/model.cpp:92:45: note:   'Eigen::DenseCoeffsBase<Eigen::Array<CppAD::AD<CppAD::AD<double> >, -1, 1, 0, -1, 1>, 1>::Scalar' {aka 'CppAD::AD<CppAD::AD<double> >'} is not derived from 'const tmbutils::vector<Type>'\n   92 |     Type cots_immigration = imm_effect * max(cotsimm_dat(t-1), eps);\n      |                                          ~~~^~~~~~~~~~~~~~~~~~~~~~~\nPOPULATIONS//POPULATION_0014//INDIVIDUAL_YFRDIB75/model.cpp:96:32: error: no matching function for call to 'min(Eigen::DenseCoeffsBase<Eigen::Array<CppAD::AD<CppAD::AD<double> >, -1, 1, 0, -1, 1>, 1>::Scalar&, CppAD::AD<CppAD::AD<double> >)'\n   96 |     cots_pred(t) = max(eps, min(cots_pred(t), Type(5.0))); // Bound COTS population\n      |                             ~~~^~~~~~~~~~~~~~~~~~~~~~~~~\nC:/Users/spi085/AppData/Local/Programs/R/R-4.4.1/library/TMB/include/convenience.hpp:156:6: note: candidate: 'template<class Type> Type min(const tmbutils::vector<Type>&)'\n  156 | Type min(const vector<Type> &x)\n      |      ^~~\nC:/Users/spi085/AppData/Local/Programs/R/R-4.4.1/library/TMB/include/convenience.hpp:156:6: note:   template argument deduction/substitution failed:\nPOPULATIONS//POPULATION_0014//INDIVIDUAL_YFRDIB75/model.cpp:96:32: note:   'Eigen::DenseCoeffsBase<Eigen::Array<CppAD::AD<CppAD::AD<double> >, -1, 1, 0, -1, 1>, 1>::Scalar' {aka 'CppAD::AD<CppAD::AD<double> >'} is not derived from 'const tmbutils::vector<Type>'\n   96 |     cots_pred(t) = max(eps, min(cots_pred(t), Type(5.0))); // Bound COTS population\n      |                             ~~~^~~~~~~~~~~~~~~~~~~~~~~~~\nPOPULATIONS//POPULATION_0014//INDIVIDUAL_YFRDIB75/model.cpp:101:43: error: no matching function for call to 'min(CppAD::AD<CppAD::AD<double> >&, CppAD::AD<CppAD::AD<double> >)'\n  101 |     fast_competition = max(Type(-0.5), min(fast_competition, Type(1.0)));\n      |                                        ~~~^~~~~~~~~~~~~~~~~~~~~~~~~~~~~\nC:/Users/spi085/AppData/Local/Programs/R/R-4.4.1/library/TMB/include/convenience.hpp:156:6: note: candidate: 'template<class Type> Type min(const tmbutils::vector<Type>&)'\n  156 | Type min(const vector<Type> &x)\n      |      ^~~\nC:/Users/spi085/AppData/Local/Programs/R/R-4.4.1/library/TMB/include/convenience.hpp:156:6: note:   template argument deduction/substitution failed:\nPOPULATIONS//POPULATION_0014//INDIVIDUAL_YFRDIB75/model.cpp:101:43: note:   'CppAD::AD<CppAD::AD<double> >' is not derived from 'const tmbutils::vector<Type>'\n  101 |     fast_competition = max(Type(-0.5), min(fast_competition, Type(1.0)));\n      |                                        ~~~^~~~~~~~~~~~~~~~~~~~~~~~~~~~~\nPOPULATIONS//POPULATION_0014//INDIVIDUAL_YFRDIB75/model.cpp:105:32: error: no matching function for call to 'min(Eigen::DenseCoeffsBase<Eigen::Array<CppAD::AD<CppAD::AD<double> >, -1, 1, 0, -1, 1>, 1>::Scalar&, CppAD::AD<CppAD::AD<double> >&)'\n  105 |     fast_pred(t) = max(eps, min(fast_pred(t), K_fast));\n      |                             ~~~^~~~~~~~~~~~~~~~~~~~~~\nC:/Users/spi085/AppData/Local/Programs/R/R-4.4.1/library/TMB/include/convenience.hpp:156:6: note: candidate: 'template<class Type> Type min(const tmbutils::vector<Type>&)'\n  156 | Type min(const vector<Type> &x)\n      |      ^~~\nC:/Users/spi085/AppData/Local/Programs/R/R-4.4.1/library/TMB/include/convenience.hpp:156:6: note:   template argument deduction/substitution failed:\nPOPULATIONS//POPULATION_0014//INDIVIDUAL_YFRDIB75/model.cpp:105:32: note:   'Eigen::DenseCoeffsBase<Eigen::Array<CppAD::AD<CppAD::AD<double> >, -1, 1, 0, -1, 1>, 1>::Scalar' {aka 'CppAD::AD<CppAD::AD<double> >'} is not derived from 'const tmbutils::vector<Type>'\n  105 |     fast_pred(t) = max(eps, min(fast_pred(t), K_fast));\n      |                             ~~~^~~~~~~~~~~~~~~~~~~~~~\nPOPULATIONS//POPULATION_0014//INDIVIDUAL_YFRDIB75/model.cpp:109:43: error: no matching function for call to 'min(CppAD::AD<CppAD::AD<double> >&, CppAD::AD<CppAD::AD<double> >)'\n  109 |     slow_competition = max(Type(-0.5), min(slow_competition, Type(1.0)));\n      |                                        ~~~^~~~~~~~~~~~~~~~~~~~~~~~~~~~~\nC:/Users/spi085/AppData/Local/Programs/R/R-4.4.1/library/TMB/include/convenience.hpp:156:6: note: candidate: 'template<class Type> Type min(const tmbutils::vector<Type>&)'\n  156 | Type min(const vector<Type> &x)\n      |      ^~~\nC:/Users/spi085/AppData/Local/Programs/R/R-4.4.1/library/TMB/include/convenience.hpp:156:6: note:   template argument deduction/substitution failed:\nPOPULATIONS//POPULATION_0014//INDIVIDUAL_YFRDIB75/model.cpp:109:43: note:   'CppAD::AD<CppAD::AD<double> >' is not derived from 'const tmbutils::vector<Type>'\n  109 |     slow_competition = max(Type(-0.5), min(slow_competition, Type(1.0)));\n      |                                        ~~~^~~~~~~~~~~~~~~~~~~~~~~~~~~~~\nPOPULATIONS//POPULATION_0014//INDIVIDUAL_YFRDIB75/model.cpp:113:32: error: no matching function for call to 'min(Eigen::DenseCoeffsBase<Eigen::Array<CppAD::AD<CppAD::AD<double> >, -1, 1, 0, -1, 1>, 1>::Scalar&, CppAD::AD<CppAD::AD<double> >&)'\n  113 |     slow_pred(t) = max(eps, min(slow_pred(t), K_slow));\n      |                             ~~~^~~~~~~~~~~~~~~~~~~~~~\nC:/Users/spi085/AppData/Local/Programs/R/R-4.4.1/library/TMB/include/convenience.hpp:156:6: note: candidate: 'template<class Type> Type min(const tmbutils::vector<Type>&)'\n  156 | Type min(const vector<Type> &x)\n      |      ^~~\nC:/Users/spi085/AppData/Local/Programs/R/R-4.4.1/library/TMB/include/convenience.hpp:156:6: note:   template argument deduction/substitution failed:\nPOPULATIONS//POPULATION_0014//INDIVIDUAL_YFRDIB75/model.cpp:113:32: note:   'Eigen::DenseCoeffsBase<Eigen::Array<CppAD::AD<CppAD::AD<double> >, -1, 1, 0, -1, 1>, 1>::Scalar' {aka 'CppAD::AD<CppAD::AD<double> >'} is not derived from 'const tmbutils::vector<Type>'\n  113 |     slow_pred(t) = max(eps, min(slow_pred(t), K_slow));\n      |                             ~~~^~~~~~~~~~~~~~~~~~~~~~\nPOPULATIONS//POPULATION_0014//INDIVIDUAL_YFRDIB75/model.cpp:121:28: error: no matching function for call to 'max(CppAD::AD<CppAD::AD<double> >&, CppAD::AD<CppAD::AD<double> >&)'\n  121 |     Type sigma_cots_t = max(sigma_cots, min_sigma);\n      |                         ~~~^~~~~~~~~~~~~~~~~~~~~~~\nC:/Users/spi085/AppData/Local/Programs/R/R-4.4.1/library/TMB/include/convenience.hpp:145:6: note: candidate: 'template<class Type> Type max(const tmbutils::vector<Type>&)'\n  145 | Type max(const vector<Type> &x)\n      |      ^~~\nC:/Users/spi085/AppData/Local/Programs/R/R-4.4.1/library/TMB/include/convenience.hpp:145:6: note:   template argument deduction/substitution failed:\nPOPULATIONS//POPULATION_0014//INDIVIDUAL_YFRDIB75/model.cpp:121:28: note:   'CppAD::AD<CppAD::AD<double> >' is not derived from 'const tmbutils::vector<Type>'\n  121 |     Type sigma_cots_t = max(sigma_cots, min_sigma);\n      |                         ~~~^~~~~~~~~~~~~~~~~~~~~~~\nPOPULATIONS//POPULATION_0014//INDIVIDUAL_YFRDIB75/model.cpp:125:28: error: no matching function for call to 'max(CppAD::AD<CppAD::AD<double> >&, CppAD::AD<CppAD::AD<double> >&)'\n  125 |     Type sigma_slow_t = max(sigma_slow, min_sigma);\n      |                         ~~~^~~~~~~~~~~~~~~~~~~~~~~\nC:/Users/spi085/AppData/Local/Programs/R/R-4.4.1/library/TMB/include/convenience.hpp:145:6: note: candidate: 'template<class Type> Type max(const tmbutils::vector<Type>&)'\n  145 | Type max(const vector<Type> &x)\n      |      ^~~\nC:/Users/spi085/AppData/Local/Programs/R/R-4.4.1/library/TMB/include/convenience.hpp:145:6: note:   template argument deduction/substitution failed:\nPOPULATIONS//POPULATION_0014//INDIVIDUAL_YFRDIB75/model.cpp:125:28: note:   'CppAD::AD<CppAD::AD<double> >' is not derived from 'const tmbutils::vector<Type>'\n  125 |     Type sigma_slow_t = max(sigma_slow, min_sigma);\n      |                         ~~~^~~~~~~~~~~~~~~~~~~~~~~\nPOPULATIONS//POPULATION_0014//INDIVIDUAL_YFRDIB75/model.cpp:129:28: error: no matching function for call to 'max(CppAD::AD<CppAD::AD<double> >&, CppAD::AD<CppAD::AD<double> >&)'\n  129 |     Type sigma_fast_t = max(sigma_fast, min_sigma);\n      |                         ~~~^~~~~~~~~~~~~~~~~~~~~~~\nC:/Users/spi085/AppData/Local/Programs/R/R-4.4.1/library/TMB/include/convenience.hpp:145:6: note: candidate: 'template<class Type> Type max(const tmbutils::vector<Type>&)'\n  145 | Type max(const vector<Type> &x)\n      |      ^~~\nC:/Users/spi085/AppData/Local/Programs/R/R-4.4.1/library/TMB/include/convenience.hpp:145:6: note:   template argument deduction/substitution failed:\nPOPULATIONS//POPULATION_0014//INDIVIDUAL_YFRDIB75/model.cpp:129:28: note:   'CppAD::AD<CppAD::AD<double> >' is not derived from 'const tmbutils::vector<Type>'\n  129 |     Type sigma_fast_t = max(sigma_fast, min_sigma);\n      |                         ~~~^~~~~~~~~~~~~~~~~~~~~~~\nPOPULATIONS//POPULATION_0014//INDIVIDUAL_YFRDIB75/model.cpp: In instantiation of 'Type objective_function<Type>::operator()() [with Type = CppAD::AD<CppAD::AD<CppAD::AD<double> > >]':\nC:/Users/spi085/AppData/Local/Programs/R/R-4.4.1/library/TMB/include/tmb_core.hpp:913:29:   required from 'Type objective_function<Type>::evalUserTemplate() [with Type = CppAD::AD<CppAD::AD<CppAD::AD<double> > >]'\nC:/Users/spi085/AppData/Local/Programs/R/R-4.4.1/library/TMB/include/tmb_core.hpp:2361:28:   required from here\nPOPULATIONS//POPULATION_0014//INDIVIDUAL_YFRDIB75/model.cpp:64:22: error: no matching function for call to 'max(CppAD::AD<CppAD::AD<CppAD::AD<double> > >&, CppAD::AD<CppAD::AD<CppAD::AD<double> > >&)'\n   64 |     total_coral = max(total_coral, eps);\n      |                   ~~~^~~~~~~~~~~~~~~~~~\nC:/Users/spi085/AppData/Local/Programs/R/R-4.4.1/library/TMB/include/convenience.hpp:145:6: note: candidate: 'template<class Type> Type max(const tmbutils::vector<Type>&)'\n  145 | Type max(const vector<Type> &x)\n      |      ^~~\nC:/Users/spi085/AppData/Local/Programs/R/R-4.4.1/library/TMB/include/convenience.hpp:145:6: note:   template argument deduction/substitution failed:\nPOPULATIONS//POPULATION_0014//INDIVIDUAL_YFRDIB75/model.cpp:64:22: note:   'CppAD::AD<CppAD::AD<CppAD::AD<double> > >' is not derived from 'const tmbutils::vector<Type>'\n   64 |     total_coral = max(total_coral, eps);\n      |                   ~~~^~~~~~~~~~~~~~~~~~\nPOPULATIONS//POPULATION_0014//INDIVIDUAL_YFRDIB75/model.cpp:68:28: error: no matching function for call to 'max(Eigen::DenseCoeffsBase<Eigen::Array<CppAD::AD<CppAD::AD<CppAD::AD<double> > >, -1, 1, 0, -1, 1>, 1>::Scalar&, CppAD::AD<CppAD::AD<CppAD::AD<double> > >&)'\n   68 |     Type cots_density = max(cots_pred(t-1), eps);\n      |                         ~~~^~~~~~~~~~~~~~~~~~~~~\nC:/Users/spi085/AppData/Local/Programs/R/R-4.4.1/library/TMB/include/convenience.hpp:145:6: note: candidate: 'template<class Type> Type max(const tmbutils::vector<Type>&)'\n  145 | Type max(const vector<Type> &x)\n      |      ^~~\nC:/Users/spi085/AppData/Local/Programs/R/R-4.4.1/library/TMB/include/convenience.hpp:145:6: note:   template argument deduction/substitution failed:\nPOPULATIONS//POPULATION_0014//INDIVIDUAL_YFRDIB75/model.cpp:68:28: note:   'Eigen::DenseCoeffsBase<Eigen::Array<CppAD::AD<CppAD::AD<CppAD::AD<double> > >, -1, 1, 0, -1, 1>, 1>::Scalar' {aka 'CppAD::AD<CppAD::AD<CppAD::AD<double> > >'} is not derived from 'const tmbutils::vector<Type>'\n   68 |     Type cots_density = max(cots_pred(t-1), eps);\n      |                         ~~~^~~~~~~~~~~~~~~~~~~~~\nPOPULATIONS//POPULATION_0014//INDIVIDUAL_YFRDIB75/model.cpp:70:45: error: no matching function for call to 'min(CppAD::AD<CppAD::AD<CppAD::AD<double> > >&, CppAD::AD<CppAD::AD<CppAD::AD<double> > >)'\n   70 |     predator_efficiency = max(Type(0.1), min(predator_efficiency, Type(1.0)));\n      |                                          ~~~^~~~~~~~~~~~~~~~~~~~~~~~~~~~~~~~\nC:/Users/spi085/AppData/Local/Programs/R/R-4.4.1/library/TMB/include/convenience.hpp:156:6: note: candidate: 'template<class Type> Type min(const tmbutils::vector<Type>&)'\n  156 | Type min(const vector<Type> &x)\n      |      ^~~\nC:/Users/spi085/AppData/Local/Programs/R/R-4.4.1/library/TMB/include/convenience.hpp:156:6: note:   template argument deduction/substitution failed:\nPOPULATIONS//POPULATION_0014//INDIVIDUAL_YFRDIB75/model.cpp:70:45: note:   'CppAD::AD<CppAD::AD<CppAD::AD<double> > >' is not derived from 'const tmbutils::vector<Type>'\n   70 |     predator_efficiency = max(Type(0.1), min(predator_efficiency, Type(1.0)));\n      |                                          ~~~^~~~~~~~~~~~~~~~~~~~~~~~~~~~~~~~\nPOPULATIONS//POPULATION_0014//INDIVIDUAL_YFRDIB75/model.cpp:73:26: error: no matching function for call to 'max(Eigen::DenseCoeffsBase<Eigen::Array<CppAD::AD<CppAD::AD<CppAD::AD<double> > >, -1, 1, 0, -1, 1>, 1>::Scalar&, CppAD::AD<CppAD::AD<CppAD::AD<double> > >&)'\n   73 |     Type fast_cover = max(fast_pred(t-1), eps);\n      |                       ~~~^~~~~~~~~~~~~~~~~~~~~\nC:/Users/spi085/AppData/Local/Programs/R/R-4.4.1/library/TMB/include/convenience.hpp:145:6: note: candidate: 'template<class Type> Type max(const tmbutils::vector<Type>&)'\n  145 | Type max(const vector<Type> &x)\n      |      ^~~\nC:/Users/spi085/AppData/Local/Programs/R/R-4.4.1/library/TMB/include/convenience.hpp:145:6: note:   template argument deduction/substitution failed:\nPOPULATIONS//POPULATION_0014//INDIVIDUAL_YFRDIB75/model.cpp:73:26: note:   'Eigen::DenseCoeffsBase<Eigen::Array<CppAD::AD<CppAD::AD<CppAD::AD<double> > >, -1, 1, 0, -1, 1>, 1>::Scalar' {aka 'CppAD::AD<CppAD::AD<CppAD::AD<double> > >'} is not derived from 'const tmbutils::vector<Type>'\n   73 |     Type fast_cover = max(fast_pred(t-1), eps);\n      |                       ~~~^~~~~~~~~~~~~~~~~~~~~\nPOPULATIONS//POPULATION_0014//INDIVIDUAL_YFRDIB75/model.cpp:74:26: error: no matching function for call to 'max(Eigen::DenseCoeffsBase<Eigen::Array<CppAD::AD<CppAD::AD<CppAD::AD<double> > >, -1, 1, 0, -1, 1>, 1>::Scalar&, CppAD::AD<CppAD::AD<CppAD::AD<double> > >&)'\n   74 |     Type slow_cover = max(slow_pred(t-1), eps);\n      |                       ~~~^~~~~~~~~~~~~~~~~~~~~\nC:/Users/spi085/AppData/Local/Programs/R/R-4.4.1/library/TMB/include/convenience.hpp:145:6: note: candidate: 'template<class Type> Type max(const tmbutils::vector<Type>&)'\n  145 | Type max(const vector<Type> &x)\n      |      ^~~\nC:/Users/spi085/AppData/Local/Programs/R/R-4.4.1/library/TMB/include/convenience.hpp:145:6: note:   template argument deduction/substitution failed:\nPOPULATIONS//POPULATION_0014//INDIVIDUAL_YFRDIB75/model.cpp:74:26: note:   'Eigen::DenseCoeffsBase<Eigen::Array<CppAD::AD<CppAD::AD<CppAD::AD<double> > >, -1, 1, 0, -1, 1>, 1>::Scalar' {aka 'CppAD::AD<CppAD::AD<CppAD::AD<double> > >'} is not derived from 'const tmbutils::vector<Type>'\n   74 |     Type slow_cover = max(slow_pred(t-1), eps);\n      |                       ~~~^~~~~~~~~~~~~~~~~~~~~\nPOPULATIONS//POPULATION_0014//INDIVIDUAL_YFRDIB75/model.cpp:78:16: error: no matching function for call to 'max(CppAD::AD<CppAD::AD<CppAD::AD<double> > >&, CppAD::AD<CppAD::AD<CppAD::AD<double> > >)'\n   78 |     denom = max(denom, Type(1.0)); // Ensure denominator is at least 1.0\n      |             ~~~^~~~~~~~~~~~~~~~~~\nC:/Users/spi085/AppData/Local/Programs/R/R-4.4.1/library/TMB/include/convenience.hpp:145:6: note: candidate: 'template<class Type> Type max(const tmbutils::vector<Type>&)'\n  145 | Type max(const vector<Type> &x)\n      |      ^~~\nC:/Users/spi085/AppData/Local/Programs/R/R-4.4.1/library/TMB/include/convenience.hpp:145:6: note:   template argument deduction/substitution failed:\nPOPULATIONS//POPULATION_0014//INDIVIDUAL_YFRDIB75/model.cpp:78:16: note:   'CppAD::AD<CppAD::AD<CppAD::AD<double> > >' is not derived from 'const tmbutils::vector<Type>'\n   78 |     denom = max(denom, Type(1.0)); // Ensure denominator is at least 1.0\n      |             ~~~^~~~~~~~~~~~~~~~~~\nPOPULATIONS//POPULATION_0014//INDIVIDUAL_YFRDIB75/model.cpp:87:41: error: no matching function for call to 'min(CppAD::AD<CppAD::AD<CppAD::AD<double> > >&, CppAD::AD<CppAD::AD<CppAD::AD<double> > >)'\n   87 |     food_limitation = max(Type(0.1), min(food_limitation, Type(1.0)));\n      |                                      ~~~^~~~~~~~~~~~~~~~~~~~~~~~~~~~\nC:/Users/spi085/AppData/Local/Programs/R/R-4.4.1/library/TMB/include/convenience.hpp:156:6: note: candidate: 'template<class Type> Type min(const tmbutils::vector<Type>&)'\n  156 | Type min(const vector<Type> &x)\n      |      ^~~\nC:/Users/spi085/AppData/Local/Programs/R/R-4.4.1/library/TMB/include/convenience.hpp:156:6: note:   template argument deduction/substitution failed:\nPOPULATIONS//POPULATION_0014//INDIVIDUAL_YFRDIB75/model.cpp:87:41: note:   'CppAD::AD<CppAD::AD<CppAD::AD<double> > >' is not derived from 'const tmbutils::vector<Type>'\n   87 |     food_limitation = max(Type(0.1), min(food_limitation, Type(1.0)));\n      |                                      ~~~^~~~~~~~~~~~~~~~~~~~~~~~~~~~\nPOPULATIONS//POPULATION_0014//INDIVIDUAL_YFRDIB75/model.cpp:92:45: error: no matching function for call to 'max(Eigen::DenseCoeffsBase<Eigen::Array<CppAD::AD<CppAD::AD<CppAD::AD<double> > >, -1, 1, 0, -1, 1>, 1>::Scalar&, CppAD::AD<CppAD::AD<CppAD::AD<double> > >&)'\n   92 |     Type cots_immigration = imm_effect * max(cotsimm_dat(t-1), eps);\n      |                                          ~~~^~~~~~~~~~~~~~~~~~~~~~~\nC:/Users/spi085/AppData/Local/Programs/R/R-4.4.1/library/TMB/include/convenience.hpp:145:6: note: candidate: 'template<class Type> Type max(const tmbutils::vector<Type>&)'\n  145 | Type max(const vector<Type> &x)\n      |      ^~~\nC:/Users/spi085/AppData/Local/Programs/R/R-4.4.1/library/TMB/include/convenience.hpp:145:6: note:   template argument deduction/substitution failed:\nPOPULATIONS//POPULATION_0014//INDIVIDUAL_YFRDIB75/model.cpp:92:45: note:   'Eigen::DenseCoeffsBase<Eigen::Array<CppAD::AD<CppAD::AD<CppAD::AD<double> > >, -1, 1, 0, -1, 1>, 1>::Scalar' {aka 'CppAD::AD<CppAD::AD<CppAD::AD<double> > >'} is not derived from 'const tmbutils::vector<Type>'\n   92 |     Type cots_immigration = imm_effect * max(cotsimm_dat(t-1), eps);\n      |                                          ~~~^~~~~~~~~~~~~~~~~~~~~~~\nPOPULATIONS//POPULATION_0014//INDIVIDUAL_YFRDIB75/model.cpp:96:32: error: no matching function for call to 'min(Eigen::DenseCoeffsBase<Eigen::Array<CppAD::AD<CppAD::AD<CppAD::AD<double> > >, -1, 1, 0, -1, 1>, 1>::Scalar&, CppAD::AD<CppAD::AD<CppAD::AD<double> > >)'\n   96 |     cots_pred(t) = max(eps, min(cots_pred(t), Type(5.0))); // Bound COTS population\n      |                             ~~~^~~~~~~~~~~~~~~~~~~~~~~~~\nC:/Users/spi085/AppData/Local/Programs/R/R-4.4.1/library/TMB/include/convenience.hpp:156:6: note: candidate: 'template<class Type> Type min(const tmbutils::vector<Type>&)'\n  156 | Type min(const vector<Type> &x)\n      |      ^~~\nC:/Users/spi085/AppData/Local/Programs/R/R-4.4.1/library/TMB/include/convenience.hpp:156:6: note:   template argument deduction/substitution failed:\nPOPULATIONS//POPULATION_0014//INDIVIDUAL_YFRDIB75/model.cpp:96:32: note:   'Eigen::DenseCoeffsBase<Eigen::Array<CppAD::AD<CppAD::AD<CppAD::AD<double> > >, -1, 1, 0, -1, 1>, 1>::Scalar' {aka 'CppAD::AD<CppAD::AD<CppAD::AD<double> > >'} is not derived from 'const tmbutils::vector<Type>'\n   96 |     cots_pred(t) = max(eps, min(cots_pred(t), Type(5.0))); // Bound COTS population\n      |                             ~~~^~~~~~~~~~~~~~~~~~~~~~~~~\nPOPULATIONS//POPULATION_0014//INDIVIDUAL_YFRDIB75/model.cpp:101:43: error: no matching function for call to 'min(CppAD::AD<CppAD::AD<CppAD::AD<double> > >&, CppAD::AD<CppAD::AD<CppAD::AD<double> > >)'\n  101 |     fast_competition = max(Type(-0.5), min(fast_competition, Type(1.0)));\n      |                                        ~~~^~~~~~~~~~~~~~~~~~~~~~~~~~~~~\nC:/Users/spi085/AppData/Local/Programs/R/R-4.4.1/library/TMB/include/convenience.hpp:156:6: note: candidate: 'template<class Type> Type min(const tmbutils::vector<Type>&)'\n  156 | Type min(const vector<Type> &x)\n      |      ^~~\nC:/Users/spi085/AppData/Local/Programs/R/R-4.4.1/library/TMB/include/convenience.hpp:156:6: note:   template argument deduction/substitution failed:\nPOPULATIONS//POPULATION_0014//INDIVIDUAL_YFRDIB75/model.cpp:101:43: note:   'CppAD::AD<CppAD::AD<CppAD::AD<double> > >' is not derived from 'const tmbutils::vector<Type>'\n  101 |     fast_competition = max(Type(-0.5), min(fast_competition, Type(1.0)));\n      |                                        ~~~^~~~~~~~~~~~~~~~~~~~~~~~~~~~~\nPOPULATIONS//POPULATION_0014//INDIVIDUAL_YFRDIB75/model.cpp:105:32: error: no matching function for call to 'min(Eigen::DenseCoeffsBase<Eigen::Array<CppAD::AD<CppAD::AD<CppAD::AD<double> > >, -1, 1, 0, -1, 1>, 1>::Scalar&, CppAD::AD<CppAD::AD<CppAD::AD<double> > >&)'\n  105 |     fast_pred(t) = max(eps, min(fast_pred(t), K_fast));\n      |                             ~~~^~~~~~~~~~~~~~~~~~~~~~\nC:/Users/spi085/AppData/Local/Programs/R/R-4.4.1/library/TMB/include/convenience.hpp:156:6: note: candidate: 'template<class Type> Type min(const tmbutils::vector<Type>&)'\n  156 | Type min(const vector<Type> &x)\n      |      ^~~\nC:/Users/spi085/AppData/Local/Programs/R/R-4.4.1/library/TMB/include/convenience.hpp:156:6: note:   template argument deduction/substitution failed:\nPOPULATIONS//POPULATION_0014//INDIVIDUAL_YFRDIB75/model.cpp:105:32: note:   'Eigen::DenseCoeffsBase<Eigen::Array<CppAD::AD<CppAD::AD<CppAD::AD<double> > >, -1, 1, 0, -1, 1>, 1>::Scalar' {aka 'CppAD::AD<CppAD::AD<CppAD::AD<double> > >'} is not derived from 'const tmbutils::vector<Type>'\n  105 |     fast_pred(t) = max(eps, min(fast_pred(t), K_fast));\n      |                             ~~~^~~~~~~~~~~~~~~~~~~~~~\nPOPULATIONS//POPULATION_0014//INDIVIDUAL_YFRDIB75/model.cpp:109:43: error: no matching function for call to 'min(CppAD::AD<CppAD::AD<CppAD::AD<double> > >&, CppAD::AD<CppAD::AD<CppAD::AD<double> > >)'\n  109 |     slow_competition = max(Type(-0.5), min(slow_competition, Type(1.0)));\n      |                                        ~~~^~~~~~~~~~~~~~~~~~~~~~~~~~~~~\nC:/Users/spi085/AppData/Local/Programs/R/R-4.4.1/library/TMB/include/convenience.hpp:156:6: note: candidate: 'template<class Type> Type min(const tmbutils::vector<Type>&)'\n  156 | Type min(const vector<Type> &x)\n      |      ^~~\nC:/Users/spi085/AppData/Local/Programs/R/R-4.4.1/library/TMB/include/convenience.hpp:156:6: note:   template argument deduction/substitution failed:\nPOPULATIONS//POPULATION_0014//INDIVIDUAL_YFRDIB75/model.cpp:109:43: note:   'CppAD::AD<CppAD::AD<CppAD::AD<double> > >' is not derived from 'const tmbutils::vector<Type>'\n  109 |     slow_competition = max(Type(-0.5), min(slow_competition, Type(1.0)));\n      |                                        ~~~^~~~~~~~~~~~~~~~~~~~~~~~~~~~~\nPOPULATIONS//POPULATION_0014//INDIVIDUAL_YFRDIB75/model.cpp:113:32: error: no matching function for call to 'min(Eigen::DenseCoeffsBase<Eigen::Array<CppAD::AD<CppAD::AD<CppAD::AD<double> > >, -1, 1, 0, -1, 1>, 1>::Scalar&, CppAD::AD<CppAD::AD<CppAD::AD<double> > >&)'\n  113 |     slow_pred(t) = max(eps, min(slow_pred(t), K_slow));\n      |                             ~~~^~~~~~~~~~~~~~~~~~~~~~\nC:/Users/spi085/AppData/Local/Programs/R/R-4.4.1/library/TMB/include/convenience.hpp:156:6: note: candidate: 'template<class Type> Type min(const tmbutils::vector<Type>&)'\n  156 | Type min(const vector<Type> &x)\n      |      ^~~\nC:/Users/spi085/AppData/Local/Programs/R/R-4.4.1/library/TMB/include/convenience.hpp:156:6: note:   template argument deduction/substitution failed:\nPOPULATIONS//POPULATION_0014//INDIVIDUAL_YFRDIB75/model.cpp:113:32: note:   'Eigen::DenseCoeffsBase<Eigen::Array<CppAD::AD<CppAD::AD<CppAD::AD<double> > >, -1, 1, 0, -1, 1>, 1>::Scalar' {aka 'CppAD::AD<CppAD::AD<CppAD::AD<double> > >'} is not derived from 'const tmbutils::vector<Type>'\n  113 |     slow_pred(t) = max(eps, min(slow_pred(t), K_slow));\n      |                             ~~~^~~~~~~~~~~~~~~~~~~~~~\nPOPULATIONS//POPULATION_0014//INDIVIDUAL_YFRDIB75/model.cpp:121:28: error: no matching function for call to 'max(CppAD::AD<CppAD::AD<CppAD::AD<double> > >&, CppAD::AD<CppAD::AD<CppAD::AD<double> > >&)'\n  121 |     Type sigma_cots_t = max(sigma_cots, min_sigma);\n      |                         ~~~^~~~~~~~~~~~~~~~~~~~~~~\nC:/Users/spi085/AppData/Local/Programs/R/R-4.4.1/library/TMB/include/convenience.hpp:145:6: note: candidate: 'template<class Type> Type max(const tmbutils::vector<Type>&)'\n  145 | Type max(const vector<Type> &x)\n      |      ^~~\nC:/Users/spi085/AppData/Local/Programs/R/R-4.4.1/library/TMB/include/convenience.hpp:145:6: note:   template argument deduction/substitution failed:\nPOPULATIONS//POPULATION_0014//INDIVIDUAL_YFRDIB75/model.cpp:121:28: note:   'CppAD::AD<CppAD::AD<CppAD::AD<double> > >' is not derived from 'const tmbutils::vector<Type>'\n  121 |     Type sigma_cots_t = max(sigma_cots, min_sigma);\n      |                         ~~~^~~~~~~~~~~~~~~~~~~~~~~\nPOPULATIONS//POPULATION_0014//INDIVIDUAL_YFRDIB75/model.cpp:125:28: error: no matching function for call to 'max(CppAD::AD<CppAD::AD<CppAD::AD<double> > >&, CppAD::AD<CppAD::AD<CppAD::AD<double> > >&)'\n  125 |     Type sigma_slow_t = max(sigma_slow, min_sigma);\n      |                         ~~~^~~~~~~~~~~~~~~~~~~~~~~\nC:/Users/spi085/AppData/Local/Programs/R/R-4.4.1/library/TMB/include/convenience.hpp:145:6: note: candidate: 'template<class Type> Type max(const tmbutils::vector<Type>&)'\n  145 | Type max(const vector<Type> &x)\n      |      ^~~\nC:/Users/spi085/AppData/Local/Programs/R/R-4.4.1/library/TMB/include/convenience.hpp:145:6: note:   template argument deduction/substitution failed:\nPOPULATIONS//POPULATION_0014//INDIVIDUAL_YFRDIB75/model.cpp:125:28: note:   'CppAD::AD<CppAD::AD<CppAD::AD<double> > >' is not derived from 'const tmbutils::vector<Type>'\n  125 |     Type sigma_slow_t = max(sigma_slow, min_sigma);\n      |                         ~~~^~~~~~~~~~~~~~~~~~~~~~~\nPOPULATIONS//POPULATION_0014//INDIVIDUAL_YFRDIB75/model.cpp:129:28: error: no matching function for call to 'max(CppAD::AD<CppAD::AD<CppAD::AD<double> > >&, CppAD::AD<CppAD::AD<CppAD::AD<double> > >&)'\n  129 |     Type sigma_fast_t = max(sigma_fast, min_sigma);\n      |                         ~~~^~~~~~~~~~~~~~~~~~~~~~~\nC:/Users/spi085/AppData/Local/Programs/R/R-4.4.1/library/TMB/include/convenience.hpp:145:6: note: candidate: 'template<class Type> Type max(const tmbutils::vector<Type>&)'\n  145 | Type max(const vector<Type> &x)\n      |      ^~~\nC:/Users/spi085/AppData/Local/Programs/R/R-4.4.1/library/TMB/include/convenience.hpp:145:6: note:   template argument deduction/substitution failed:\nPOPULATIONS//POPULATION_0014//INDIVIDUAL_YFRDIB75/model.cpp:129:28: note:   'CppAD::AD<CppAD::AD<CppAD::AD<double> > >' is not derived from 'const tmbutils::vector<Type>'\n  129 |     Type sigma_fast_t = max(sigma_fast, min_sigma);\n      |                         ~~~^~~~~~~~~~~~~~~~~~~~~~~\nmake: *** [C:/Users/spi085/AppData/Local/Programs/R/R-4.4.1/etc/x64/Makeconf:296: POPULATIONS//POPULATION_0014//INDIVIDUAL_YFRDIB75/model.o] Error 1\nError in TMB::compile(file.path(individual_dir, model_file), flags = flags,  : \n  Compilation failed\nError: Compilation failed\nExecution halted"
    },
    "4": {
      "status": "ERROR",
      "message": "R script failed with return code 1",
      "stdout": "g++ -std=gnu++17  -I\"C:/Users/spi085/AppData/Local/Programs/R/R-4.4.1/include\" -DNDEBUG -I\"C:/Users/spi085/AppData/Local/Programs/R/R-44~1.1/library/TMB/include\" -I\"C:/Users/spi085/AppData/Local/Programs/R/R-44~1.1/library/RCPPEI~1/include\"   -DTMB_EIGEN_DISABLE_WARNINGS   -DTMB_LIB_INIT=R_init_model  -DCPPAD_FRAMEWORK    -I\"C:/rtools44/x86_64-w64-mingw32.static.posix/include\"     -O2 -Wa,-mbig-obj -c POPULATIONS//POPULATION_0014//INDIVIDUAL_YFRDIB75/model.cpp -o POPULATIONS//POPULATION_0014//INDIVIDUAL_YFRDIB75/model.o\ng++ -std=gnu++17 -shared -s -static-libgcc -o POPULATIONS//POPULATION_0014//INDIVIDUAL_YFRDIB75/model.dll tmp.def POPULATIONS//POPULATION_0014//INDIVIDUAL_YFRDIB75/model.o -LC:/rtools44/x86_64-w64-mingw32.static.posix/lib/x64 -LC:/rtools44/x86_64-w64-mingw32.static.posix/lib -LC:/Users/spi085/AppData/Local/Programs/R/R-4.4.1/bin/x64 -lR\nStarting model phases\nNumber of phases: 4 \nPhase 1 \nInitial parameter values for phase 1 :\n    r_cots     a_fast     r_fast     r_slow imm_effect \n        NA      10.00         NA       0.03         NA \nError in model phases: NA/NaN gradient evaluation",
      "stderr": "Loading required package: TMB\nLoading required package: jsonlite\nhere() starts at C:/Users/spi085/OneDrive - CSIRO/Documents/_Projects/SCCP-QuantModelling\nusing C++ compiler: 'G__~1.EXE (GCC) 13.2.0'\nError in value[[3L]](cond) : \n  Error in model phases: NA/NaN gradient evaluation\nCalls: tryCatch -> tryCatchList -> tryCatchOne -> <Anonymous>\nIn addition: Warning message:\nIn nlminb(model$par, model$fn, model$gr) : NA/NaN function evaluation\nExecution halted"
    },
    "5": {
      "status": "ERROR",
      "message": "R script failed with return code 1",
      "stdout": "g++ -std=gnu++17  -I\"C:/Users/spi085/AppData/Local/Programs/R/R-4.4.1/include\" -DNDEBUG -I\"C:/Users/spi085/AppData/Local/Programs/R/R-44~1.1/library/TMB/include\" -I\"C:/Users/spi085/AppData/Local/Programs/R/R-44~1.1/library/RCPPEI~1/include\"   -DTMB_EIGEN_DISABLE_WARNINGS   -DTMB_LIB_INIT=R_init_model  -DCPPAD_FRAMEWORK    -I\"C:/rtools44/x86_64-w64-mingw32.static.posix/include\"     -O2 -Wa,-mbig-obj -c POPULATIONS//POPULATION_0014//INDIVIDUAL_YFRDIB75/model.cpp -o POPULATIONS//POPULATION_0014//INDIVIDUAL_YFRDIB75/model.o\ng++ -std=gnu++17 -shared -s -static-libgcc -o POPULATIONS//POPULATION_0014//INDIVIDUAL_YFRDIB75/model.dll tmp.def POPULATIONS//POPULATION_0014//INDIVIDUAL_YFRDIB75/model.o -LC:/rtools44/x86_64-w64-mingw32.static.posix/lib/x64 -LC:/rtools44/x86_64-w64-mingw32.static.posix/lib -LC:/Users/spi085/AppData/Local/Programs/R/R-4.4.1/bin/x64 -lR\nStarting model phases\nNumber of phases: 4 \nPhase 1 \nInitial parameter values for phase 1 :\n    r_cots     a_fast     r_fast     r_slow imm_effect \n        NA      10.00         NA       0.03         NA \nError in model phases: NA/NaN gradient evaluation",
      "stderr": "Loading required package: TMB\nLoading required package: jsonlite\nhere() starts at C:/Users/spi085/OneDrive - CSIRO/Documents/_Projects/SCCP-QuantModelling\nusing C++ compiler: 'G__~1.EXE (GCC) 13.2.0'\nError in value[[3L]](cond) : \n  Error in model phases: NA/NaN gradient evaluation\nCalls: tryCatch -> tryCatchList -> tryCatchOne -> <Anonymous>\nIn addition: Warning message:\nIn nlminb(model$par, model$fn, model$gr) : NA/NaN function evaluation\nExecution halted"
    },
    "6": {
      "status": "ERROR",
      "message": "R script failed with return code 1",
      "stdout": "g++ -std=gnu++17  -I\"C:/Users/spi085/AppData/Local/Programs/R/R-4.4.1/include\" -DNDEBUG -I\"C:/Users/spi085/AppData/Local/Programs/R/R-44~1.1/library/TMB/include\" -I\"C:/Users/spi085/AppData/Local/Programs/R/R-44~1.1/library/RCPPEI~1/include\"   -DTMB_EIGEN_DISABLE_WARNINGS   -DTMB_LIB_INIT=R_init_model  -DCPPAD_FRAMEWORK    -I\"C:/rtools44/x86_64-w64-mingw32.static.posix/include\"     -O2 -Wa,-mbig-obj -c POPULATIONS//POPULATION_0014//INDIVIDUAL_YFRDIB75/model.cpp -o POPULATIONS//POPULATION_0014//INDIVIDUAL_YFRDIB75/model.o\ng++ -std=gnu++17 -shared -s -static-libgcc -o POPULATIONS//POPULATION_0014//INDIVIDUAL_YFRDIB75/model.dll tmp.def POPULATIONS//POPULATION_0014//INDIVIDUAL_YFRDIB75/model.o -LC:/rtools44/x86_64-w64-mingw32.static.posix/lib/x64 -LC:/rtools44/x86_64-w64-mingw32.static.posix/lib -LC:/Users/spi085/AppData/Local/Programs/R/R-4.4.1/bin/x64 -lR\nStarting model phases\nNumber of phases: 4 \nPhase 1 \nInitial parameter values for phase 1 :\n    r_cots     a_fast     r_fast     r_slow imm_effect \n        NA      10.00         NA       0.03         NA \nError in model phases: NA/NaN gradient evaluation",
      "stderr": "Loading required package: TMB\nLoading required package: jsonlite\nhere() starts at C:/Users/spi085/OneDrive - CSIRO/Documents/_Projects/SCCP-QuantModelling\nusing C++ compiler: 'G__~1.EXE (GCC) 13.2.0'\nError in value[[3L]](cond) : \n  Error in model phases: NA/NaN gradient evaluation\nCalls: tryCatch -> tryCatchList -> tryCatchOne -> <Anonymous>\nIn addition: Warning message:\nIn nlminb(model$par, model$fn, model$gr) : NA/NaN function evaluation\nExecution halted"
    },
    "7": {
      "status": "BROKEN"
    }
  }
}