{
  "iterations": {
    "1": {
      "status": "ERROR",
      "message": "R script failed with return code 1",
      "stdout": "g++ -std=gnu++17 -I\"/usr/share/R/include\" -DNDEBUG -I\"/home/spi085/R/x86_64-pc-linux-gnu-library/4.4/TMB/include\" -I\"/home/spi085/R/x86_64-pc-linux-gnu-library/4.4/RcppEigen/include\"   -DTMB_EIGEN_DISABLE_WARNINGS   -DTMB_LIB_INIT=R_init_model  -DCPPAD_FRAMEWORK      -fpic  -O2  -c POPULATIONS/POPULATION_0016/INDIVIDUAL_YJ5TNALO/model.cpp -o POPULATIONS/POPULATION_0016/INDIVIDUAL_YJ5TNALO/model.o\ng++ -std=gnu++17 -shared -L/usr/lib/R/lib -Wl,-Bsymbolic-functions -flto=auto -ffat-lto-objects -Wl,-z,relro -o POPULATIONS/POPULATION_0016/INDIVIDUAL_YJ5TNALO/model.so POPULATIONS/POPULATION_0016/INDIVIDUAL_YJ5TNALO/model.o -L/usr/lib/R/lib -lR\nStarting model phases\nNumber of phases: 3 \nPhase 1 \nInitial parameter values for phase 1 :\n    log_r_cots log_sigma_cots log_sigma_fast log_sigma_slow \n            NA             NA             NA             NA \nError in model phases: NA/NaN gradient evaluation",
      "stderr": "Loading required package: TMB\nLoading required package: jsonlite\nhere() starts at /home/spi085/Documents/_Projects/SCCP-QuantModelling\nusing C++ compiler: \u2018g++ (Ubuntu 13.3.0-6ubuntu2~24.04) 13.3.0\u2019\nError in value[[3L]](cond) : \n  Error in model phases: NA/NaN gradient evaluation\nCalls: tryCatch -> tryCatchList -> tryCatchOne -> <Anonymous>\nIn addition: Warning message:\nIn nlminb(model$par, model$fn, model$gr) : NA/NaN function evaluation\nExecution halted"
    },
    "2": {
      "status": "ERROR",
      "message": "R script failed with return code 1",
      "stdout": "g++ -std=gnu++17 -I\"/usr/share/R/include\" -DNDEBUG -I\"/home/spi085/R/x86_64-pc-linux-gnu-library/4.4/TMB/include\" -I\"/home/spi085/R/x86_64-pc-linux-gnu-library/4.4/RcppEigen/include\"   -DTMB_EIGEN_DISABLE_WARNINGS   -DTMB_LIB_INIT=R_init_model  -DCPPAD_FRAMEWORK      -fpic  -O2  -c POPULATIONS/POPULATION_0016/INDIVIDUAL_YJ5TNALO/model.cpp -o POPULATIONS/POPULATION_0016/INDIVIDUAL_YJ5TNALO/model.o\ng++ -std=gnu++17 -shared -L/usr/lib/R/lib -Wl,-Bsymbolic-functions -flto=auto -ffat-lto-objects -Wl,-z,relro -o POPULATIONS/POPULATION_0016/INDIVIDUAL_YJ5TNALO/model.so POPULATIONS/POPULATION_0016/INDIVIDUAL_YJ5TNALO/model.o -L/usr/lib/R/lib -lR\nStarting model phases\nNumber of phases: 3 \nPhase 1 \nInitial parameter values for phase 1 :\n    log_r_cots log_sigma_cots log_sigma_fast log_sigma_slow \n            NA             NA             NA             NA \nError in model phases: NA/NaN gradient evaluation",
      "stderr": "Loading required package: TMB\nLoading required package: jsonlite\nhere() starts at /home/spi085/Documents/_Projects/SCCP-QuantModelling\nusing C++ compiler: \u2018g++ (Ubuntu 13.3.0-6ubuntu2~24.04) 13.3.0\u2019\nError in value[[3L]](cond) : \n  Error in model phases: NA/NaN gradient evaluation\nCalls: tryCatch -> tryCatchList -> tryCatchOne -> <Anonymous>\nIn addition: Warning message:\nIn nlminb(model$par, model$fn, model$gr) : NA/NaN function evaluation\nExecution halted"
    },
    "3": {
      "status": "ERROR",
      "message": "Model failed to compile.",
      "stdout": "g++ -std=gnu++17 -I\"/usr/share/R/include\" -DNDEBUG -I\"/home/spi085/R/x86_64-pc-linux-gnu-library/4.4/TMB/include\" -I\"/home/spi085/R/x86_64-pc-linux-gnu-library/4.4/RcppEigen/include\"   -DTMB_EIGEN_DISABLE_WARNINGS   -DTMB_LIB_INIT=R_init_model  -DCPPAD_FRAMEWORK      -fpic  -O2  -c POPULATIONS/POPULATION_0016/INDIVIDUAL_YJ5TNALO/model.cpp -o POPULATIONS/POPULATION_0016/INDIVIDUAL_YJ5TNALO/model.o",
      "stderr": "Loading required package: TMB\nLoading required package: jsonlite\nhere() starts at /home/spi085/Documents/_Projects/SCCP-QuantModelling\nusing C++ compiler: \u2018g++ (Ubuntu 13.3.0-6ubuntu2~24.04) 13.3.0\u2019\nPOPULATIONS/POPULATION_0016/INDIVIDUAL_YJ5TNALO/model.cpp: In member function \u2018Type objective_function<Type>::operator()()\u2019:\nPOPULATIONS/POPULATION_0016/INDIVIDUAL_YJ5TNALO/model.cpp:65:25: error: \u2018CondExpNaN\u2019 is not a member of \u2018CppAD\u2019; did you mean \u2018CondExpOp\u2019?\n   65 |   cots_pred(0) = CppAD::CondExpNaN(cots_dat(0), Type(1e-8));\n      |                         ^~~~~~~~~~\n      |                         CondExpOp\nPOPULATIONS/POPULATION_0016/INDIVIDUAL_YJ5TNALO/model.cpp:66:25: error: \u2018CondExpNaN\u2019 is not a member of \u2018CppAD\u2019; did you mean \u2018CondExpOp\u2019?\n   66 |   fast_pred(0) = CppAD::CondExpNaN(fast_dat(0), Type(1e-8));\n      |                         ^~~~~~~~~~\n      |                         CondExpOp\nPOPULATIONS/POPULATION_0016/INDIVIDUAL_YJ5TNALO/model.cpp:67:25: error: \u2018CondExpNaN\u2019 is not a member of \u2018CppAD\u2019; did you mean \u2018CondExpOp\u2019?\n   67 |   slow_pred(0) = CppAD::CondExpNaN(slow_dat(0), Type(1e-8));\n      |                         ^~~~~~~~~~\n      |                         CondExpOp\nPOPULATIONS/POPULATION_0016/INDIVIDUAL_YJ5TNALO/model.cpp:104:29: error: \u2018CondExpNaN\u2019 is not a member of \u2018CppAD\u2019; did you mean \u2018CondExpOp\u2019?\n  104 |     nll -= dnorm(log(CppAD::CondExpNaN(cots_dat(t), Type(1e-8))),\n      |                             ^~~~~~~~~~\n      |                             CondExpOp\nPOPULATIONS/POPULATION_0016/INDIVIDUAL_YJ5TNALO/model.cpp:105:29: error: \u2018CondExpNaN\u2019 is not a member of \u2018CppAD\u2019; did you mean \u2018CondExpOp\u2019?\n  105 |                  log(CppAD::CondExpNaN(cots_pred(t), Type(1e-8))),\n      |                             ^~~~~~~~~~\n      |                             CondExpOp\nPOPULATIONS/POPULATION_0016/INDIVIDUAL_YJ5TNALO/model.cpp:107:29: error: \u2018CondExpNaN\u2019 is not a member of \u2018CppAD\u2019; did you mean \u2018CondExpOp\u2019?\n  107 |     nll -= dnorm(log(CppAD::CondExpNaN(fast_dat(t), Type(1e-8))),\n      |                             ^~~~~~~~~~\n      |                             CondExpOp\nPOPULATIONS/POPULATION_0016/INDIVIDUAL_YJ5TNALO/model.cpp:108:29: error: \u2018CondExpNaN\u2019 is not a member of \u2018CppAD\u2019; did you mean \u2018CondExpOp\u2019?\n  108 |                  log(CppAD::CondExpNaN(fast_pred(t), Type(1e-8))),\n      |                             ^~~~~~~~~~\n      |                             CondExpOp\nPOPULATIONS/POPULATION_0016/INDIVIDUAL_YJ5TNALO/model.cpp:110:29: error: \u2018CondExpNaN\u2019 is not a member of \u2018CppAD\u2019; did you mean \u2018CondExpOp\u2019?\n  110 |     nll -= dnorm(log(CppAD::CondExpNaN(slow_dat(t), Type(1e-8))),\n      |                             ^~~~~~~~~~\n      |                             CondExpOp\nPOPULATIONS/POPULATION_0016/INDIVIDUAL_YJ5TNALO/model.cpp:111:29: error: \u2018CondExpNaN\u2019 is not a member of \u2018CppAD\u2019; did you mean \u2018CondExpOp\u2019?\n  111 |                  log(CppAD::CondExpNaN(slow_pred(t), Type(1e-8))),\n      |                             ^~~~~~~~~~\n      |                             CondExpOp\nmake: *** [/usr/lib/R/etc/Makeconf:204: POPULATIONS/POPULATION_0016/INDIVIDUAL_YJ5TNALO/model.o] Error 1\nError in TMB::compile(file.path(individual_dir, model_file), flags = flags,  : \n  Compilation failed\nError: Compilation failed\nExecution halted"
    },
    "4": {
      "status": "ERROR",
      "message": "R script failed with return code 1",
      "stdout": "g++ -std=gnu++17 -I\"/usr/share/R/include\" -DNDEBUG -I\"/home/spi085/R/x86_64-pc-linux-gnu-library/4.4/TMB/include\" -I\"/home/spi085/R/x86_64-pc-linux-gnu-library/4.4/RcppEigen/include\"   -DTMB_EIGEN_DISABLE_WARNINGS   -DTMB_LIB_INIT=R_init_model  -DCPPAD_FRAMEWORK      -fpic  -O2  -c POPULATIONS/POPULATION_0016/INDIVIDUAL_YJ5TNALO/model.cpp -o POPULATIONS/POPULATION_0016/INDIVIDUAL_YJ5TNALO/model.o\ng++ -std=gnu++17 -shared -L/usr/lib/R/lib -Wl,-Bsymbolic-functions -flto=auto -ffat-lto-objects -Wl,-z,relro -o POPULATIONS/POPULATION_0016/INDIVIDUAL_YJ5TNALO/model.so POPULATIONS/POPULATION_0016/INDIVIDUAL_YJ5TNALO/model.o -L/usr/lib/R/lib -lR\nStarting model phases\nNumber of phases: 3 \nPhase 1 \nInitial parameter values for phase 1 :\n    log_r_cots log_sigma_cots log_sigma_fast log_sigma_slow \n            NA             NA             NA             NA \nError in model phases: NA/NaN gradient evaluation",
      "stderr": "Loading required package: TMB\nLoading required package: jsonlite\nhere() starts at /home/spi085/Documents/_Projects/SCCP-QuantModelling\nusing C++ compiler: \u2018g++ (Ubuntu 13.3.0-6ubuntu2~24.04) 13.3.0\u2019\nError in value[[3L]](cond) : \n  Error in model phases: NA/NaN gradient evaluation\nCalls: tryCatch -> tryCatchList -> tryCatchOne -> <Anonymous>\nIn addition: Warning message:\nIn nlminb(model$par, model$fn, model$gr) : NA/NaN function evaluation\nExecution halted"
    },
    "5": {
      "status": "ERROR",
      "message": "R script failed with return code 1",
      "stdout": "g++ -std=gnu++17 -I\"/usr/share/R/include\" -DNDEBUG -I\"/home/spi085/R/x86_64-pc-linux-gnu-library/4.4/TMB/include\" -I\"/home/spi085/R/x86_64-pc-linux-gnu-library/4.4/RcppEigen/include\"   -DTMB_EIGEN_DISABLE_WARNINGS   -DTMB_LIB_INIT=R_init_model  -DCPPAD_FRAMEWORK      -fpic  -O2  -c POPULATIONS/POPULATION_0016/INDIVIDUAL_YJ5TNALO/model.cpp -o POPULATIONS/POPULATION_0016/INDIVIDUAL_YJ5TNALO/model.o\ng++ -std=gnu++17 -shared -L/usr/lib/R/lib -Wl,-Bsymbolic-functions -flto=auto -ffat-lto-objects -Wl,-z,relro -o POPULATIONS/POPULATION_0016/INDIVIDUAL_YJ5TNALO/model.so POPULATIONS/POPULATION_0016/INDIVIDUAL_YJ5TNALO/model.o -L/usr/lib/R/lib -lR\nStarting model phases\nNumber of phases: 3 \nPhase 1 \nInitial parameter values for phase 1 :\n    log_r_cots log_sigma_cots log_sigma_fast log_sigma_slow \n            NA             NA             NA             NA \nError in model phases: NA/NaN gradient evaluation",
      "stderr": "Loading required package: TMB\nLoading required package: jsonlite\nhere() starts at /home/spi085/Documents/_Projects/SCCP-QuantModelling\nusing C++ compiler: \u2018g++ (Ubuntu 13.3.0-6ubuntu2~24.04) 13.3.0\u2019\nError in value[[3L]](cond) : \n  Error in model phases: NA/NaN gradient evaluation\nCalls: tryCatch -> tryCatchList -> tryCatchOne -> <Anonymous>\nIn addition: Warning message:\nIn nlminb(model$par, model$fn, model$gr) : NA/NaN function evaluation\nExecution halted"
    },
    "6": {
      "status": "ERROR",
      "message": "Model failed to compile.",
      "stdout": "g++ -std=gnu++17 -I\"/usr/share/R/include\" -DNDEBUG -I\"/home/spi085/R/x86_64-pc-linux-gnu-library/4.4/TMB/include\" -I\"/home/spi085/R/x86_64-pc-linux-gnu-library/4.4/RcppEigen/include\"   -DTMB_EIGEN_DISABLE_WARNINGS   -DTMB_LIB_INIT=R_init_model  -DCPPAD_FRAMEWORK      -fpic  -O2  -c POPULATIONS/POPULATION_0016/INDIVIDUAL_YJ5TNALO/model.cpp -o POPULATIONS/POPULATION_0016/INDIVIDUAL_YJ5TNALO/model.o",
      "stderr": "Loading required package: TMB\nLoading required package: jsonlite\nhere() starts at /home/spi085/Documents/_Projects/SCCP-QuantModelling\nusing C++ compiler: \u2018g++ (Ubuntu 13.3.0-6ubuntu2~24.04) 13.3.0\u2019\nPOPULATIONS/POPULATION_0016/INDIVIDUAL_YJ5TNALO/model.cpp: In instantiation of \u2018Type objective_function<Type>::operator()() [with Type = double]\u2019:\n/home/spi085/R/x86_64-pc-linux-gnu-library/4.4/TMB/include/tmb_core.hpp:2035:7:   required from here\nPOPULATIONS/POPULATION_0016/INDIVIDUAL_YJ5TNALO/model.cpp:70:31: error: no matching function for call to \u2018Value(Eigen::DenseCoeffsBase<Eigen::Array<double, -1, 1>, 1>::Scalar&)\u2019\n   70 |   cots_pred(0) = (CppAD::Value(cots_dat(0)) != CppAD::Value(cots_dat(0)) || cots_dat(0) <= Type(0.0)) ? Type(1e-8) : cots_dat(0);\n      |                   ~~~~~~~~~~~~^~~~~~~~~~~~~\nIn file included from /home/spi085/R/x86_64-pc-linux-gnu-library/4.4/TMB/include/cppad/local/convert.hpp:45,\n                 from /home/spi085/R/x86_64-pc-linux-gnu-library/4.4/TMB/include/cppad/local/user_ad.hpp:68,\n                 from /home/spi085/R/x86_64-pc-linux-gnu-library/4.4/TMB/include/cppad/cppad.hpp:82,\n                 from /home/spi085/R/x86_64-pc-linux-gnu-library/4.4/TMB/include/TMB.hpp:125,\n                 from POPULATIONS/POPULATION_0016/INDIVIDUAL_YJ5TNALO/model.cpp:2:\n/home/spi085/R/x86_64-pc-linux-gnu-library/4.4/TMB/include/cppad/local/value.hpp:83:6: note: candidate: \u2018template<class Base> Base CppAD::Value(const AD<Base>&)\u2019\n   83 | Base Value(const AD<Base> &x)\n      |      ^~~~~\n/home/spi085/R/x86_64-pc-linux-gnu-library/4.4/TMB/include/cppad/local/value.hpp:83:6: note:   template argument deduction/substitution failed:\nPOPULATIONS/POPULATION_0016/INDIVIDUAL_YJ5TNALO/model.cpp:70:31: note:   mismatched types \u2018const CppAD::AD<Base>\u2019 and \u2018Eigen::DenseCoeffsBase<Eigen::Array<double, -1, 1>, 1>::Scalar\u2019 {aka \u2018double\u2019}\n   70 |   cots_pred(0) = (CppAD::Value(cots_dat(0)) != CppAD::Value(cots_dat(0)) || cots_dat(0) <= Type(0.0)) ? Type(1e-8) : cots_dat(0);\n      |                   ~~~~~~~~~~~~^~~~~~~~~~~~~\nPOPULATIONS/POPULATION_0016/INDIVIDUAL_YJ5TNALO/model.cpp:70:60: error: no matching function for call to \u2018Value(Eigen::DenseCoeffsBase<Eigen::Array<double, -1, 1>, 1>::Scalar&)\u2019\n   70 |   cots_pred(0) = (CppAD::Value(cots_dat(0)) != CppAD::Value(cots_dat(0)) || cots_dat(0) <= Type(0.0)) ? Type(1e-8) : cots_dat(0);\n      |                                                ~~~~~~~~~~~~^~~~~~~~~~~~~\n/home/spi085/R/x86_64-pc-linux-gnu-library/4.4/TMB/include/cppad/local/value.hpp:83:6: note: candidate: \u2018template<class Base> Base CppAD::Value(const AD<Base>&)\u2019\n   83 | Base Value(const AD<Base> &x)\n      |      ^~~~~\n/home/spi085/R/x86_64-pc-linux-gnu-library/4.4/TMB/include/cppad/local/value.hpp:83:6: note:   template argument deduction/substitution failed:\nPOPULATIONS/POPULATION_0016/INDIVIDUAL_YJ5TNALO/model.cpp:70:60: note:   mismatched types \u2018const CppAD::AD<Base>\u2019 and \u2018Eigen::DenseCoeffsBase<Eigen::Array<double, -1, 1>, 1>::Scalar\u2019 {aka \u2018double\u2019}\n   70 |   cots_pred(0) = (CppAD::Value(cots_dat(0)) != CppAD::Value(cots_dat(0)) || cots_dat(0) <= Type(0.0)) ? Type(1e-8) : cots_dat(0);\n      |                                                ~~~~~~~~~~~~^~~~~~~~~~~~~\nPOPULATIONS/POPULATION_0016/INDIVIDUAL_YJ5TNALO/model.cpp:71:31: error: no matching function for call to \u2018Value(Eigen::DenseCoeffsBase<Eigen::Array<double, -1, 1>, 1>::Scalar&)\u2019\n   71 |   fast_pred(0) = (CppAD::Value(fast_dat(0)) != CppAD::Value(fast_dat(0)) || fast_dat(0) <= Type(0.0)) ? Type(1e-8) : fast_dat(0);\n      |                   ~~~~~~~~~~~~^~~~~~~~~~~~~\n/home/spi085/R/x86_64-pc-linux-gnu-library/4.4/TMB/include/cppad/local/value.hpp:83:6: note: candidate: \u2018template<class Base> Base CppAD::Value(const AD<Base>&)\u2019\n   83 | Base Value(const AD<Base> &x)\n      |      ^~~~~\n/home/spi085/R/x86_64-pc-linux-gnu-library/4.4/TMB/include/cppad/local/value.hpp:83:6: note:   template argument deduction/substitution failed:\nPOPULATIONS/POPULATION_0016/INDIVIDUAL_YJ5TNALO/model.cpp:71:31: note:   mismatched types \u2018const CppAD::AD<Base>\u2019 and \u2018Eigen::DenseCoeffsBase<Eigen::Array<double, -1, 1>, 1>::Scalar\u2019 {aka \u2018double\u2019}\n   71 |   fast_pred(0) = (CppAD::Value(fast_dat(0)) != CppAD::Value(fast_dat(0)) || fast_dat(0) <= Type(0.0)) ? Type(1e-8) : fast_dat(0);\n      |                   ~~~~~~~~~~~~^~~~~~~~~~~~~\nPOPULATIONS/POPULATION_0016/INDIVIDUAL_YJ5TNALO/model.cpp:71:60: error: no matching function for call to \u2018Value(Eigen::DenseCoeffsBase<Eigen::Array<double, -1, 1>, 1>::Scalar&)\u2019\n   71 |   fast_pred(0) = (CppAD::Value(fast_dat(0)) != CppAD::Value(fast_dat(0)) || fast_dat(0) <= Type(0.0)) ? Type(1e-8) : fast_dat(0);\n      |                                                ~~~~~~~~~~~~^~~~~~~~~~~~~\n/home/spi085/R/x86_64-pc-linux-gnu-library/4.4/TMB/include/cppad/local/value.hpp:83:6: note: candidate: \u2018template<class Base> Base CppAD::Value(const AD<Base>&)\u2019\n   83 | Base Value(const AD<Base> &x)\n      |      ^~~~~\n/home/spi085/R/x86_64-pc-linux-gnu-library/4.4/TMB/include/cppad/local/value.hpp:83:6: note:   template argument deduction/substitution failed:\nPOPULATIONS/POPULATION_0016/INDIVIDUAL_YJ5TNALO/model.cpp:71:60: note:   mismatched types \u2018const CppAD::AD<Base>\u2019 and \u2018Eigen::DenseCoeffsBase<Eigen::Array<double, -1, 1>, 1>::Scalar\u2019 {aka \u2018double\u2019}\n   71 |   fast_pred(0) = (CppAD::Value(fast_dat(0)) != CppAD::Value(fast_dat(0)) || fast_dat(0) <= Type(0.0)) ? Type(1e-8) : fast_dat(0);\n      |                                                ~~~~~~~~~~~~^~~~~~~~~~~~~\nPOPULATIONS/POPULATION_0016/INDIVIDUAL_YJ5TNALO/model.cpp:72:31: error: no matching function for call to \u2018Value(Eigen::DenseCoeffsBase<Eigen::Array<double, -1, 1>, 1>::Scalar&)\u2019\n   72 |   slow_pred(0) = (CppAD::Value(slow_dat(0)) != CppAD::Value(slow_dat(0)) || slow_dat(0) <= Type(0.0)) ? Type(1e-8) : slow_dat(0);\n      |                   ~~~~~~~~~~~~^~~~~~~~~~~~~\n/home/spi085/R/x86_64-pc-linux-gnu-library/4.4/TMB/include/cppad/local/value.hpp:83:6: note: candidate: \u2018template<class Base> Base CppAD::Value(const AD<Base>&)\u2019\n   83 | Base Value(const AD<Base> &x)\n      |      ^~~~~\n/home/spi085/R/x86_64-pc-linux-gnu-library/4.4/TMB/include/cppad/local/value.hpp:83:6: note:   template argument deduction/substitution failed:\nPOPULATIONS/POPULATION_0016/INDIVIDUAL_YJ5TNALO/model.cpp:72:31: note:   mismatched types \u2018const CppAD::AD<Base>\u2019 and \u2018Eigen::DenseCoeffsBase<Eigen::Array<double, -1, 1>, 1>::Scalar\u2019 {aka \u2018double\u2019}\n   72 |   slow_pred(0) = (CppAD::Value(slow_dat(0)) != CppAD::Value(slow_dat(0)) || slow_dat(0) <= Type(0.0)) ? Type(1e-8) : slow_dat(0);\n      |                   ~~~~~~~~~~~~^~~~~~~~~~~~~\nPOPULATIONS/POPULATION_0016/INDIVIDUAL_YJ5TNALO/model.cpp:72:60: error: no matching function for call to \u2018Value(Eigen::DenseCoeffsBase<Eigen::Array<double, -1, 1>, 1>::Scalar&)\u2019\n   72 |   slow_pred(0) = (CppAD::Value(slow_dat(0)) != CppAD::Value(slow_dat(0)) || slow_dat(0) <= Type(0.0)) ? Type(1e-8) : slow_dat(0);\n      |                                                ~~~~~~~~~~~~^~~~~~~~~~~~~\n/home/spi085/R/x86_64-pc-linux-gnu-library/4.4/TMB/include/cppad/local/value.hpp:83:6: note: candidate: \u2018template<class Base> Base CppAD::Value(const AD<Base>&)\u2019\n   83 | Base Value(const AD<Base> &x)\n      |      ^~~~~\n/home/spi085/R/x86_64-pc-linux-gnu-library/4.4/TMB/include/cppad/local/value.hpp:83:6: note:   template argument deduction/substitution failed:\nPOPULATIONS/POPULATION_0016/INDIVIDUAL_YJ5TNALO/model.cpp:72:60: note:   mismatched types \u2018const CppAD::AD<Base>\u2019 and \u2018Eigen::DenseCoeffsBase<Eigen::Array<double, -1, 1>, 1>::Scalar\u2019 {aka \u2018double\u2019}\n   72 |   slow_pred(0) = (CppAD::Value(slow_dat(0)) != CppAD::Value(slow_dat(0)) || slow_dat(0) <= Type(0.0)) ? Type(1e-8) : slow_dat(0);\n      |                                                ~~~~~~~~~~~~^~~~~~~~~~~~~\nPOPULATIONS/POPULATION_0016/INDIVIDUAL_YJ5TNALO/model.cpp:109:34: error: no matching function for call to \u2018Value(Eigen::DenseCoeffsBase<Eigen::Array<double, -1, 1>, 1>::Scalar&)\u2019\n  109 |     Type cots_obs = (CppAD::Value(cots_dat(t)) != CppAD::Value(cots_dat(t)) || cots_dat(t) <= Type(0.0)) ? Type(1e-8) : cots_dat(t);\n      |                      ~~~~~~~~~~~~^~~~~~~~~~~~~\n/home/spi085/R/x86_64-pc-linux-gnu-library/4.4/TMB/include/cppad/local/value.hpp:83:6: note: candidate: \u2018template<class Base> Base CppAD::Value(const AD<Base>&)\u2019\n   83 | Base Value(const AD<Base> &x)\n      |      ^~~~~\n/home/spi085/R/x86_64-pc-linux-gnu-library/4.4/TMB/include/cppad/local/value.hpp:83:6: note:   template argument deduction/substitution failed:\nPOPULATIONS/POPULATION_0016/INDIVIDUAL_YJ5TNALO/model.cpp:109:34: note:   mismatched types \u2018const CppAD::AD<Base>\u2019 and \u2018Eigen::DenseCoeffsBase<Eigen::Array<double, -1, 1>, 1>::Scalar\u2019 {aka \u2018double\u2019}\n  109 |     Type cots_obs = (CppAD::Value(cots_dat(t)) != CppAD::Value(cots_dat(t)) || cots_dat(t) <= Type(0.0)) ? Type(1e-8) : cots_dat(t);\n      |                      ~~~~~~~~~~~~^~~~~~~~~~~~~\nPOPULATIONS/POPULATION_0016/INDIVIDUAL_YJ5TNALO/model.cpp:109:63: error: no matching function for call to \u2018Value(Eigen::DenseCoeffsBase<Eigen::Array<double, -1, 1>, 1>::Scalar&)\u2019\n  109 |     Type cots_obs = (CppAD::Value(cots_dat(t)) != CppAD::Value(cots_dat(t)) || cots_dat(t) <= Type(0.0)) ? Type(1e-8) : cots_dat(t);\n      |                                                   ~~~~~~~~~~~~^~~~~~~~~~~~~\n/home/spi085/R/x86_64-pc-linux-gnu-library/4.4/TMB/include/cppad/local/value.hpp:83:6: note: candidate: \u2018template<class Base> Base CppAD::Value(const AD<Base>&)\u2019\n   83 | Base Value(const AD<Base> &x)\n      |      ^~~~~\n/home/spi085/R/x86_64-pc-linux-gnu-library/4.4/TMB/include/cppad/local/value.hpp:83:6: note:   template argument deduction/substitution failed:\nPOPULATIONS/POPULATION_0016/INDIVIDUAL_YJ5TNALO/model.cpp:109:63: note:   mismatched types \u2018const CppAD::AD<Base>\u2019 and \u2018Eigen::DenseCoeffsBase<Eigen::Array<double, -1, 1>, 1>::Scalar\u2019 {aka \u2018double\u2019}\n  109 |     Type cots_obs = (CppAD::Value(cots_dat(t)) != CppAD::Value(cots_dat(t)) || cots_dat(t) <= Type(0.0)) ? Type(1e-8) : cots_dat(t);\n      |                                                   ~~~~~~~~~~~~^~~~~~~~~~~~~\nPOPULATIONS/POPULATION_0016/INDIVIDUAL_YJ5TNALO/model.cpp:110:34: error: no matching function for call to \u2018Value(Eigen::DenseCoeffsBase<Eigen::Array<double, -1, 1>, 1>::Scalar&)\u2019\n  110 |     Type cots_mod = (CppAD::Value(cots_pred(t)) != CppAD::Value(cots_pred(t)) || cots_pred(t) <= Type(0.0)) ? Type(1e-8) : cots_pred(t);\n      |                      ~~~~~~~~~~~~^~~~~~~~~~~~~~\n/home/spi085/R/x86_64-pc-linux-gnu-library/4.4/TMB/include/cppad/local/value.hpp:83:6: note: candidate: \u2018template<class Base> Base CppAD::Value(const AD<Base>&)\u2019\n   83 | Base Value(const AD<Base> &x)\n      |      ^~~~~\n/home/spi085/R/x86_64-pc-linux-gnu-library/4.4/TMB/include/cppad/local/value.hpp:83:6: note:   template argument deduction/substitution failed:\nPOPULATIONS/POPULATION_0016/INDIVIDUAL_YJ5TNALO/model.cpp:110:34: note:   mismatched types \u2018const CppAD::AD<Base>\u2019 and \u2018Eigen::DenseCoeffsBase<Eigen::Array<double, -1, 1>, 1>::Scalar\u2019 {aka \u2018double\u2019}\n  110 |     Type cots_mod = (CppAD::Value(cots_pred(t)) != CppAD::Value(cots_pred(t)) || cots_pred(t) <= Type(0.0)) ? Type(1e-8) : cots_pred(t);\n      |                      ~~~~~~~~~~~~^~~~~~~~~~~~~~\nPOPULATIONS/POPULATION_0016/INDIVIDUAL_YJ5TNALO/model.cpp:110:64: error: no matching function for call to \u2018Value(Eigen::DenseCoeffsBase<Eigen::Array<double, -1, 1>, 1>::Scalar&)\u2019\n  110 |     Type cots_mod = (CppAD::Value(cots_pred(t)) != CppAD::Value(cots_pred(t)) || cots_pred(t) <= Type(0.0)) ? Type(1e-8) : cots_pred(t);\n      |                                                    ~~~~~~~~~~~~^~~~~~~~~~~~~~\n/home/spi085/R/x86_64-pc-linux-gnu-library/4.4/TMB/include/cppad/local/value.hpp:83:6: note: candidate: \u2018template<class Base> Base CppAD::Value(const AD<Base>&)\u2019\n   83 | Base Value(const AD<Base> &x)\n      |      ^~~~~\n/home/spi085/R/x86_64-pc-linux-gnu-library/4.4/TMB/include/cppad/local/value.hpp:83:6: note:   template argument deduction/substitution failed:\nPOPULATIONS/POPULATION_0016/INDIVIDUAL_YJ5TNALO/model.cpp:110:64: note:   mismatched types \u2018const CppAD::AD<Base>\u2019 and \u2018Eigen::DenseCoeffsBase<Eigen::Array<double, -1, 1>, 1>::Scalar\u2019 {aka \u2018double\u2019}\n  110 |     Type cots_mod = (CppAD::Value(cots_pred(t)) != CppAD::Value(cots_pred(t)) || cots_pred(t) <= Type(0.0)) ? Type(1e-8) : cots_pred(t);\n      |                                                    ~~~~~~~~~~~~^~~~~~~~~~~~~~\nPOPULATIONS/POPULATION_0016/INDIVIDUAL_YJ5TNALO/model.cpp:111:34: error: no matching function for call to \u2018Value(Eigen::DenseCoeffsBase<Eigen::Array<double, -1, 1>, 1>::Scalar&)\u2019\n  111 |     Type fast_obs = (CppAD::Value(fast_dat(t)) != CppAD::Value(fast_dat(t)) || fast_dat(t) <= Type(0.0)) ? Type(1e-8) : fast_dat(t);\n      |                      ~~~~~~~~~~~~^~~~~~~~~~~~~\n/home/spi085/R/x86_64-pc-linux-gnu-library/4.4/TMB/include/cppad/local/value.hpp:83:6: note: candidate: \u2018template<class Base> Base CppAD::Value(const AD<Base>&)\u2019\n   83 | Base Value(const AD<Base> &x)\n      |      ^~~~~\n/home/spi085/R/x86_64-pc-linux-gnu-library/4.4/TMB/include/cppad/local/value.hpp:83:6: note:   template argument deduction/substitution failed:\nPOPULATIONS/POPULATION_0016/INDIVIDUAL_YJ5TNALO/model.cpp:111:34: note:   mismatched types \u2018const CppAD::AD<Base>\u2019 and \u2018Eigen::DenseCoeffsBase<Eigen::Array<double, -1, 1>, 1>::Scalar\u2019 {aka \u2018double\u2019}\n  111 |     Type fast_obs = (CppAD::Value(fast_dat(t)) != CppAD::Value(fast_dat(t)) || fast_dat(t) <= Type(0.0)) ? Type(1e-8) : fast_dat(t);\n      |                      ~~~~~~~~~~~~^~~~~~~~~~~~~\nPOPULATIONS/POPULATION_0016/INDIVIDUAL_YJ5TNALO/model.cpp:111:63: error: no matching function for call to \u2018Value(Eigen::DenseCoeffsBase<Eigen::Array<double, -1, 1>, 1>::Scalar&)\u2019\n  111 |     Type fast_obs = (CppAD::Value(fast_dat(t)) != CppAD::Value(fast_dat(t)) || fast_dat(t) <= Type(0.0)) ? Type(1e-8) : fast_dat(t);\n      |                                                   ~~~~~~~~~~~~^~~~~~~~~~~~~\n/home/spi085/R/x86_64-pc-linux-gnu-library/4.4/TMB/include/cppad/local/value.hpp:83:6: note: candidate: \u2018template<class Base> Base CppAD::Value(const AD<Base>&)\u2019\n   83 | Base Value(const AD<Base> &x)\n      |      ^~~~~\n/home/spi085/R/x86_64-pc-linux-gnu-library/4.4/TMB/include/cppad/local/value.hpp:83:6: note:   template argument deduction/substitution failed:\nPOPULATIONS/POPULATION_0016/INDIVIDUAL_YJ5TNALO/model.cpp:111:63: note:   mismatched types \u2018const CppAD::AD<Base>\u2019 and \u2018Eigen::DenseCoeffsBase<Eigen::Array<double, -1, 1>, 1>::Scalar\u2019 {aka \u2018double\u2019}\n  111 |     Type fast_obs = (CppAD::Value(fast_dat(t)) != CppAD::Value(fast_dat(t)) || fast_dat(t) <= Type(0.0)) ? Type(1e-8) : fast_dat(t);\n      |                                                   ~~~~~~~~~~~~^~~~~~~~~~~~~\nPOPULATIONS/POPULATION_0016/INDIVIDUAL_YJ5TNALO/model.cpp:112:34: error: no matching function for call to \u2018Value(Eigen::DenseCoeffsBase<Eigen::Array<double, -1, 1>, 1>::Scalar&)\u2019\n  112 |     Type fast_mod = (CppAD::Value(fast_pred(t)) != CppAD::Value(fast_pred(t)) || fast_pred(t) <= Type(0.0)) ? Type(1e-8) : fast_pred(t);\n      |                      ~~~~~~~~~~~~^~~~~~~~~~~~~~\n/home/spi085/R/x86_64-pc-linux-gnu-library/4.4/TMB/include/cppad/local/value.hpp:83:6: note: candidate: \u2018template<class Base> Base CppAD::Value(const AD<Base>&)\u2019\n   83 | Base Value(const AD<Base> &x)\n      |      ^~~~~\n/home/spi085/R/x86_64-pc-linux-gnu-library/4.4/TMB/include/cppad/local/value.hpp:83:6: note:   template argument deduction/substitution failed:\nPOPULATIONS/POPULATION_0016/INDIVIDUAL_YJ5TNALO/model.cpp:112:34: note:   mismatched types \u2018const CppAD::AD<Base>\u2019 and \u2018Eigen::DenseCoeffsBase<Eigen::Array<double, -1, 1>, 1>::Scalar\u2019 {aka \u2018double\u2019}\n  112 |     Type fast_mod = (CppAD::Value(fast_pred(t)) != CppAD::Value(fast_pred(t)) || fast_pred(t) <= Type(0.0)) ? Type(1e-8) : fast_pred(t);\n      |                      ~~~~~~~~~~~~^~~~~~~~~~~~~~\nPOPULATIONS/POPULATION_0016/INDIVIDUAL_YJ5TNALO/model.cpp:112:64: error: no matching function for call to \u2018Value(Eigen::DenseCoeffsBase<Eigen::Array<double, -1, 1>, 1>::Scalar&)\u2019\n  112 |     Type fast_mod = (CppAD::Value(fast_pred(t)) != CppAD::Value(fast_pred(t)) || fast_pred(t) <= Type(0.0)) ? Type(1e-8) : fast_pred(t);\n      |                                                    ~~~~~~~~~~~~^~~~~~~~~~~~~~\n/home/spi085/R/x86_64-pc-linux-gnu-library/4.4/TMB/include/cppad/local/value.hpp:83:6: note: candidate: \u2018template<class Base> Base CppAD::Value(const AD<Base>&)\u2019\n   83 | Base Value(const AD<Base> &x)\n      |      ^~~~~\n/home/spi085/R/x86_64-pc-linux-gnu-library/4.4/TMB/include/cppad/local/value.hpp:83:6: note:   template argument deduction/substitution failed:\nPOPULATIONS/POPULATION_0016/INDIVIDUAL_YJ5TNALO/model.cpp:112:64: note:   mismatched types \u2018const CppAD::AD<Base>\u2019 and \u2018Eigen::DenseCoeffsBase<Eigen::Array<double, -1, 1>, 1>::Scalar\u2019 {aka \u2018double\u2019}\n  112 |     Type fast_mod = (CppAD::Value(fast_pred(t)) != CppAD::Value(fast_pred(t)) || fast_pred(t) <= Type(0.0)) ? Type(1e-8) : fast_pred(t);\n      |                                                    ~~~~~~~~~~~~^~~~~~~~~~~~~~\nPOPULATIONS/POPULATION_0016/INDIVIDUAL_YJ5TNALO/model.cpp:113:34: error: no matching function for call to \u2018Value(Eigen::DenseCoeffsBase<Eigen::Array<double, -1, 1>, 1>::Scalar&)\u2019\n  113 |     Type slow_obs = (CppAD::Value(slow_dat(t)) != CppAD::Value(slow_dat(t)) || slow_dat(t) <= Type(0.0)) ? Type(1e-8) : slow_dat(t);\n      |                      ~~~~~~~~~~~~^~~~~~~~~~~~~\n/home/spi085/R/x86_64-pc-linux-gnu-library/4.4/TMB/include/cppad/local/value.hpp:83:6: note: candidate: \u2018template<class Base> Base CppAD::Value(const AD<Base>&)\u2019\n   83 | Base Value(const AD<Base> &x)\n      |      ^~~~~\n/home/spi085/R/x86_64-pc-linux-gnu-library/4.4/TMB/include/cppad/local/value.hpp:83:6: note:   template argument deduction/substitution failed:\nPOPULATIONS/POPULATION_0016/INDIVIDUAL_YJ5TNALO/model.cpp:113:34: note:   mismatched types \u2018const CppAD::AD<Base>\u2019 and \u2018Eigen::DenseCoeffsBase<Eigen::Array<double, -1, 1>, 1>::Scalar\u2019 {aka \u2018double\u2019}\n  113 |     Type slow_obs = (CppAD::Value(slow_dat(t)) != CppAD::Value(slow_dat(t)) || slow_dat(t) <= Type(0.0)) ? Type(1e-8) : slow_dat(t);\n      |                      ~~~~~~~~~~~~^~~~~~~~~~~~~\nPOPULATIONS/POPULATION_0016/INDIVIDUAL_YJ5TNALO/model.cpp:113:63: error: no matching function for call to \u2018Value(Eigen::DenseCoeffsBase<Eigen::Array<double, -1, 1>, 1>::Scalar&)\u2019\n  113 |     Type slow_obs = (CppAD::Value(slow_dat(t)) != CppAD::Value(slow_dat(t)) || slow_dat(t) <= Type(0.0)) ? Type(1e-8) : slow_dat(t);\n      |                                                   ~~~~~~~~~~~~^~~~~~~~~~~~~\n/home/spi085/R/x86_64-pc-linux-gnu-library/4.4/TMB/include/cppad/local/value.hpp:83:6: note: candidate: \u2018template<class Base> Base CppAD::Value(const AD<Base>&)\u2019\n   83 | Base Value(const AD<Base> &x)\n      |      ^~~~~\n/home/spi085/R/x86_64-pc-linux-gnu-library/4.4/TMB/include/cppad/local/value.hpp:83:6: note:   template argument deduction/substitution failed:\nPOPULATIONS/POPULATION_0016/INDIVIDUAL_YJ5TNALO/model.cpp:113:63: note:   mismatched types \u2018const CppAD::AD<Base>\u2019 and \u2018Eigen::DenseCoeffsBase<Eigen::Array<double, -1, 1>, 1>::Scalar\u2019 {aka \u2018double\u2019}\n  113 |     Type slow_obs = (CppAD::Value(slow_dat(t)) != CppAD::Value(slow_dat(t)) || slow_dat(t) <= Type(0.0)) ? Type(1e-8) : slow_dat(t);\n      |                                                   ~~~~~~~~~~~~^~~~~~~~~~~~~\nPOPULATIONS/POPULATION_0016/INDIVIDUAL_YJ5TNALO/model.cpp:114:34: error: no matching function for call to \u2018Value(Eigen::DenseCoeffsBase<Eigen::Array<double, -1, 1>, 1>::Scalar&)\u2019\n  114 |     Type slow_mod = (CppAD::Value(slow_pred(t)) != CppAD::Value(slow_pred(t)) || slow_pred(t) <= Type(0.0)) ? Type(1e-8) : slow_pred(t);\n      |                      ~~~~~~~~~~~~^~~~~~~~~~~~~~\n/home/spi085/R/x86_64-pc-linux-gnu-library/4.4/TMB/include/cppad/local/value.hpp:83:6: note: candidate: \u2018template<class Base> Base CppAD::Value(const AD<Base>&)\u2019\n   83 | Base Value(const AD<Base> &x)\n      |      ^~~~~\n/home/spi085/R/x86_64-pc-linux-gnu-library/4.4/TMB/include/cppad/local/value.hpp:83:6: note:   template argument deduction/substitution failed:\nPOPULATIONS/POPULATION_0016/INDIVIDUAL_YJ5TNALO/model.cpp:114:34: note:   mismatched types \u2018const CppAD::AD<Base>\u2019 and \u2018Eigen::DenseCoeffsBase<Eigen::Array<double, -1, 1>, 1>::Scalar\u2019 {aka \u2018double\u2019}\n  114 |     Type slow_mod = (CppAD::Value(slow_pred(t)) != CppAD::Value(slow_pred(t)) || slow_pred(t) <= Type(0.0)) ? Type(1e-8) : slow_pred(t);\n      |                      ~~~~~~~~~~~~^~~~~~~~~~~~~~\nPOPULATIONS/POPULATION_0016/INDIVIDUAL_YJ5TNALO/model.cpp:114:64: error: no matching function for call to \u2018Value(Eigen::DenseCoeffsBase<Eigen::Array<double, -1, 1>, 1>::Scalar&)\u2019\n  114 |     Type slow_mod = (CppAD::Value(slow_pred(t)) != CppAD::Value(slow_pred(t)) || slow_pred(t) <= Type(0.0)) ? Type(1e-8) : slow_pred(t);\n      |                                                    ~~~~~~~~~~~~^~~~~~~~~~~~~~\n/home/spi085/R/x86_64-pc-linux-gnu-library/4.4/TMB/include/cppad/local/value.hpp:83:6: note: candidate: \u2018template<class Base> Base CppAD::Value(const AD<Base>&)\u2019\n   83 | Base Value(const AD<Base> &x)\n      |      ^~~~~\n/home/spi085/R/x86_64-pc-linux-gnu-library/4.4/TMB/include/cppad/local/value.hpp:83:6: note:   template argument deduction/substitution failed:\nPOPULATIONS/POPULATION_0016/INDIVIDUAL_YJ5TNALO/model.cpp:114:64: note:   mismatched types \u2018const CppAD::AD<Base>\u2019 and \u2018Eigen::DenseCoeffsBase<Eigen::Array<double, -1, 1>, 1>::Scalar\u2019 {aka \u2018double\u2019}\n  114 |     Type slow_mod = (CppAD::Value(slow_pred(t)) != CppAD::Value(slow_pred(t)) || slow_pred(t) <= Type(0.0)) ? Type(1e-8) : slow_pred(t);\n      |                                                    ~~~~~~~~~~~~^~~~~~~~~~~~~~\nmake: *** [/usr/lib/R/etc/Makeconf:204: POPULATIONS/POPULATION_0016/INDIVIDUAL_YJ5TNALO/model.o] Error 1\nError in TMB::compile(file.path(individual_dir, model_file), flags = flags,  : \n  Compilation failed\nError: Compilation failed\nExecution halted"
    },
    "7": {
      "status": "BROKEN"
    }
  }
}