{
  "iterations": {
    "1": {
      "status": "ERROR",
      "message": "R script failed with return code 1",
      "stdout": "g++ -std=gnu++17  -I\"C:/Users/spi085/AppData/Local/Programs/R/R-4.4.1/include\" -DNDEBUG -I\"C:/Users/spi085/AppData/Local/Programs/R/R-44~1.1/library/TMB/include\" -I\"C:/Users/spi085/AppData/Local/Programs/R/R-44~1.1/library/RCPPEI~1/include\"   -DTMB_EIGEN_DISABLE_WARNINGS   -DTMB_LIB_INIT=R_init_model  -DCPPAD_FRAMEWORK    -I\"C:/rtools44/x86_64-w64-mingw32.static.posix/include\"     -O2 -Wa,-mbig-obj -c POPULATIONS//POPULATION_0014//INDIVIDUAL_UN25CBAH/model.cpp -o POPULATIONS//POPULATION_0014//INDIVIDUAL_UN25CBAH/model.o\ng++ -std=gnu++17 -shared -s -static-libgcc -o POPULATIONS//POPULATION_0014//INDIVIDUAL_UN25CBAH/model.dll tmp.def POPULATIONS//POPULATION_0014//INDIVIDUAL_UN25CBAH/model.o -LC:/rtools44/x86_64-w64-mingw32.static.posix/lib/x64 -LC:/rtools44/x86_64-w64-mingw32.static.posix/lib -LC:/Users/spi085/AppData/Local/Programs/R/R-4.4.1/bin/x64 -lR\nStarting model phases\nNumber of phases: 4 \nPhase 1 \nInitial parameter values for phase 1 :\n    r_cots     a_fast     r_fast     r_slow imm_effect \n        NA      10.00         NA       0.03         NA \nError in model phases: NA/NaN gradient evaluation",
      "stderr": "Loading required package: TMB\nLoading required package: jsonlite\nhere() starts at C:/Users/spi085/OneDrive - CSIRO/Documents/_Projects/SCCP-QuantModelling\nusing C++ compiler: 'G__~1.EXE (GCC) 13.2.0'\nError in value[[3L]](cond) : \n  Error in model phases: NA/NaN gradient evaluation\nCalls: tryCatch -> tryCatchList -> tryCatchOne -> <Anonymous>\nIn addition: Warning message:\nIn nlminb(model$par, model$fn, model$gr) : NA/NaN function evaluation\nExecution halted"
    },
    "2": {
      "status": "ERROR",
      "message": "R script failed with return code 1",
      "stdout": "g++ -std=gnu++17  -I\"C:/Users/spi085/AppData/Local/Programs/R/R-4.4.1/include\" -DNDEBUG -I\"C:/Users/spi085/AppData/Local/Programs/R/R-44~1.1/library/TMB/include\" -I\"C:/Users/spi085/AppData/Local/Programs/R/R-44~1.1/library/RCPPEI~1/include\"   -DTMB_EIGEN_DISABLE_WARNINGS   -DTMB_LIB_INIT=R_init_model  -DCPPAD_FRAMEWORK    -I\"C:/rtools44/x86_64-w64-mingw32.static.posix/include\"     -O2 -Wa,-mbig-obj -c POPULATIONS//POPULATION_0014//INDIVIDUAL_UN25CBAH/model.cpp -o POPULATIONS//POPULATION_0014//INDIVIDUAL_UN25CBAH/model.o\ng++ -std=gnu++17 -shared -s -static-libgcc -o POPULATIONS//POPULATION_0014//INDIVIDUAL_UN25CBAH/model.dll tmp.def POPULATIONS//POPULATION_0014//INDIVIDUAL_UN25CBAH/model.o -LC:/rtools44/x86_64-w64-mingw32.static.posix/lib/x64 -LC:/rtools44/x86_64-w64-mingw32.static.posix/lib -LC:/Users/spi085/AppData/Local/Programs/R/R-4.4.1/bin/x64 -lR\nStarting model phases\nNumber of phases: 4 \nPhase 1 \nInitial parameter values for phase 1 :\n    r_cots     a_fast     r_fast     r_slow imm_effect \n        NA      10.00         NA       0.03         NA \nError in model phases: NA/NaN gradient evaluation",
      "stderr": "Loading required package: TMB\nLoading required package: jsonlite\nhere() starts at C:/Users/spi085/OneDrive - CSIRO/Documents/_Projects/SCCP-QuantModelling\nusing C++ compiler: 'G__~1.EXE (GCC) 13.2.0'\nError in value[[3L]](cond) : \n  Error in model phases: NA/NaN gradient evaluation\nCalls: tryCatch -> tryCatchList -> tryCatchOne -> <Anonymous>\nIn addition: Warning message:\nIn nlminb(model$par, model$fn, model$gr) : NA/NaN function evaluation\nExecution halted"
    },
    "3": {
      "status": "ERROR",
      "message": "R script failed with return code 1",
      "stdout": "g++ -std=gnu++17  -I\"C:/Users/spi085/AppData/Local/Programs/R/R-4.4.1/include\" -DNDEBUG -I\"C:/Users/spi085/AppData/Local/Programs/R/R-44~1.1/library/TMB/include\" -I\"C:/Users/spi085/AppData/Local/Programs/R/R-44~1.1/library/RCPPEI~1/include\"   -DTMB_EIGEN_DISABLE_WARNINGS   -DTMB_LIB_INIT=R_init_model  -DCPPAD_FRAMEWORK    -I\"C:/rtools44/x86_64-w64-mingw32.static.posix/include\"     -O2 -Wa,-mbig-obj -c POPULATIONS//POPULATION_0014//INDIVIDUAL_UN25CBAH/model.cpp -o POPULATIONS//POPULATION_0014//INDIVIDUAL_UN25CBAH/model.o\ng++ -std=gnu++17 -shared -s -static-libgcc -o POPULATIONS//POPULATION_0014//INDIVIDUAL_UN25CBAH/model.dll tmp.def POPULATIONS//POPULATION_0014//INDIVIDUAL_UN25CBAH/model.o -LC:/rtools44/x86_64-w64-mingw32.static.posix/lib/x64 -LC:/rtools44/x86_64-w64-mingw32.static.posix/lib -LC:/Users/spi085/AppData/Local/Programs/R/R-4.4.1/bin/x64 -lR\nStarting model phases\nNumber of phases: 4 \nPhase 1 \nInitial parameter values for phase 1 :\n    r_cots     a_fast     r_fast     r_slow imm_effect \n        NA      10.00         NA       0.03         NA \nError in model phases: NA/NaN gradient evaluation",
      "stderr": "Loading required package: TMB\nLoading required package: jsonlite\nhere() starts at C:/Users/spi085/OneDrive - CSIRO/Documents/_Projects/SCCP-QuantModelling\nusing C++ compiler: 'G__~1.EXE (GCC) 13.2.0'\nError in value[[3L]](cond) : \n  Error in model phases: NA/NaN gradient evaluation\nCalls: tryCatch -> tryCatchList -> tryCatchOne -> <Anonymous>\nIn addition: Warning message:\nIn nlminb(model$par, model$fn, model$gr) : NA/NaN function evaluation\nExecution halted"
    },
    "4": {
      "status": "ERROR",
      "message": "Model failed to compile.",
      "stdout": "g++ -std=gnu++17  -I\"C:/Users/spi085/AppData/Local/Programs/R/R-4.4.1/include\" -DNDEBUG -I\"C:/Users/spi085/AppData/Local/Programs/R/R-44~1.1/library/TMB/include\" -I\"C:/Users/spi085/AppData/Local/Programs/R/R-44~1.1/library/RCPPEI~1/include\"   -DTMB_EIGEN_DISABLE_WARNINGS   -DTMB_LIB_INIT=R_init_model  -DCPPAD_FRAMEWORK    -I\"C:/rtools44/x86_64-w64-mingw32.static.posix/include\"     -O2 -Wa,-mbig-obj -c POPULATIONS//POPULATION_0014//INDIVIDUAL_UN25CBAH/model.cpp -o POPULATIONS//POPULATION_0014//INDIVIDUAL_UN25CBAH/model.o",
      "stderr": "Loading required package: TMB\nLoading required package: jsonlite\nhere() starts at C:/Users/spi085/OneDrive - CSIRO/Documents/_Projects/SCCP-QuantModelling\nusing C++ compiler: 'G__~1.EXE (GCC) 13.2.0'\nPOPULATIONS//POPULATION_0014//INDIVIDUAL_UN25CBAH/model.cpp: In instantiation of 'Type objective_function<Type>::operator()() [with Type = CppAD::AD<double>]':\nC:/Users/spi085/AppData/Local/Programs/R/R-4.4.1/library/TMB/include/tmb_core.hpp:1308:6:   required from here\nPOPULATIONS//POPULATION_0014//INDIVIDUAL_UN25CBAH/model.cpp:100:40: error: no matching function for call to 'CondExpLt(CppAD::AD<double>&, double, double, CppAD::AD<double>&)'\n  100 |       density_effect = CppAD::CondExpLt(density_effect, -1.0, -1.0, density_effect);\n      |                        ~~~~~~~~~~~~~~~~^~~~~~~~~~~~~~~~~~~~~~~~~~~~~~~~~~~~~~~~~~~~\nIn file included from C:/Users/spi085/AppData/Local/Programs/R/R-4.4.1/library/TMB/include/cppad/local/ad_valued.hpp:44,\n                 from C:/Users/spi085/AppData/Local/Programs/R/R-4.4.1/library/TMB/include/cppad/local/user_ad.hpp:70,\n                 from C:/Users/spi085/AppData/Local/Programs/R/R-4.4.1/library/TMB/include/cppad/cppad.hpp:82,\n                 from C:/Users/spi085/AppData/Local/Programs/R/R-4.4.1/library/TMB/include/TMB.hpp:121,\n                 from POPULATIONS//POPULATION_0014//INDIVIDUAL_UN25CBAH/model.cpp:1:\nC:/Users/spi085/AppData/Local/Programs/R/R-4.4.1/library/TMB/include/cppad/local/cond_exp.hpp:330:18: note: candidate: 'template<class Base> CppAD::AD<Base> CppAD::CondExpLt(const AD<Base>&, const AD<Base>&, const AD<Base>&, const AD<Base>&)'\n  330 |         AD<Base> CondExp##Name(                                         \\\n      |                  ^~~~~~~\nC:/Users/spi085/AppData/Local/Programs/R/R-4.4.1/library/TMB/include/cppad/local/cond_exp.hpp:341:1: note: in expansion of macro 'CPPAD_COND_EXP'\n  341 | CPPAD_COND_EXP(Lt)\n      | ^~~~~~~~~~~~~~\nC:/Users/spi085/AppData/Local/Programs/R/R-4.4.1/library/TMB/include/cppad/local/cond_exp.hpp:330:18: note:   template argument deduction/substitution failed:\n  330 |         AD<Base> CondExp##Name(                                         \\\n      |                  ^~~~~~~\nC:/Users/spi085/AppData/Local/Programs/R/R-4.4.1/library/TMB/include/cppad/local/cond_exp.hpp:341:1: note: in expansion of macro 'CPPAD_COND_EXP'\n  341 | CPPAD_COND_EXP(Lt)\n      | ^~~~~~~~~~~~~~\nPOPULATIONS//POPULATION_0014//INDIVIDUAL_UN25CBAH/model.cpp:100:40: note:   mismatched types 'const CppAD::AD<Base>' and 'double'\n  100 |       density_effect = CppAD::CondExpLt(density_effect, -1.0, -1.0, density_effect);\n      |                        ~~~~~~~~~~~~~~~~^~~~~~~~~~~~~~~~~~~~~~~~~~~~~~~~~~~~~~~~~~~~\nIn file included from C:/Users/spi085/AppData/Local/Programs/R/R-4.4.1/library/TMB/include/cppad/base_require.hpp:151,\n                 from C:/Users/spi085/AppData/Local/Programs/R/R-4.4.1/library/TMB/include/cppad/cppad.hpp:22:\nC:/Users/spi085/AppData/Local/Programs/R/R-4.4.1/library/TMB/include/cppad/local/base_cond_exp.hpp:174:21: note: candidate: 'float CppAD::CondExpLt(const float&, const float&, const float&, const float&)'\n  174 |         inline Type CondExp##Rel(                        \\\n      |                     ^~~~~~~\nC:/Users/spi085/AppData/Local/Programs/R/R-4.4.1/library/TMB/include/cppad/local/base_cond_exp.hpp:195:9: note: in expansion of macro 'CPPAD_COND_EXP_BASE_REL'\n  195 |         CPPAD_COND_EXP_BASE_REL(Type, Lt, CompareLt)     \\\n      |         ^~~~~~~~~~~~~~~~~~~~~~~\nC:/Users/spi085/AppData/Local/Programs/R/R-4.4.1/library/TMB/include/cppad/local/base_float.hpp:72:9: note: in expansion of macro 'CPPAD_COND_EXP_REL'\n   72 |         CPPAD_COND_EXP_REL(float)\n      |         ^~~~~~~~~~~~~~~~~~\nC:/Users/spi085/AppData/Local/Programs/R/R-4.4.1/library/TMB/include/cppad/local/base_cond_exp.hpp:175:29: note:   no known conversion for argument 1 from 'CppAD::AD<double>' to 'const float&'\n  175 |                 const Type& left      ,                     \\\n      |                 ~~~~~~~~~~~~^~~~\nC:/Users/spi085/AppData/Local/Programs/R/R-4.4.1/library/TMB/include/cppad/local/base_cond_exp.hpp:195:9: note: in expansion of macro 'CPPAD_COND_EXP_BASE_REL'\n  195 |         CPPAD_COND_EXP_BASE_REL(Type, Lt, CompareLt)     \\\n      |         ^~~~~~~~~~~~~~~~~~~~~~~\nC:/Users/spi085/AppData/Local/Programs/R/R-4.4.1/library/TMB/include/cppad/local/base_float.hpp:72:9: note: in expansion of macro 'CPPAD_COND_EXP_REL'\n   72 |         CPPAD_COND_EXP_REL(float)\n      |         ^~~~~~~~~~~~~~~~~~\nC:/Users/spi085/AppData/Local/Programs/R/R-4.4.1/library/TMB/include/cppad/local/base_cond_exp.hpp:174:21: note: candidate: 'double CppAD::CondExpLt(const double&, const double&, const double&, const double&)'\n  174 |         inline Type CondExp##Rel(                        \\\n      |                     ^~~~~~~\nC:/Users/spi085/AppData/Local/Programs/R/R-4.4.1/library/TMB/include/cppad/local/base_cond_exp.hpp:195:9: note: in expansion of macro 'CPPAD_COND_EXP_BASE_REL'\n  195 |         CPPAD_COND_EXP_BASE_REL(Type, Lt, CompareLt)     \\\n      |         ^~~~~~~~~~~~~~~~~~~~~~~\nC:/Users/spi085/AppData/Local/Programs/R/R-4.4.1/library/TMB/include/cppad/local/base_double.hpp:72:9: note: in expansion of macro 'CPPAD_COND_EXP_REL'\n   72 |         CPPAD_COND_EXP_REL(double)\n      |         ^~~~~~~~~~~~~~~~~~\nC:/Users/spi085/AppData/Local/Programs/R/R-4.4.1/library/TMB/include/cppad/local/base_cond_exp.hpp:175:29: note:   no known conversion for argument 1 from 'CppAD::AD<double>' to 'const double&'\n  175 |                 const Type& left      ,                     \\\n      |                 ~~~~~~~~~~~~^~~~\nC:/Users/spi085/AppData/Local/Programs/R/R-4.4.1/library/TMB/include/cppad/local/base_cond_exp.hpp:195:9: note: in expansion of macro 'CPPAD_COND_EXP_BASE_REL'\n  195 |         CPPAD_COND_EXP_BASE_REL(Type, Lt, CompareLt)     \\\n      |         ^~~~~~~~~~~~~~~~~~~~~~~\nC:/Users/spi085/AppData/Local/Programs/R/R-4.4.1/library/TMB/include/cppad/local/base_double.hpp:72:9: note: in expansion of macro 'CPPAD_COND_EXP_REL'\n   72 |         CPPAD_COND_EXP_REL(double)\n      |         ^~~~~~~~~~~~~~~~~~\nC:/Users/spi085/AppData/Local/Programs/R/R-4.4.1/library/TMB/include/cppad/local/base_cond_exp.hpp:174:21: note: candidate: 'std::complex<double> CppAD::CondExpLt(const std::complex<double>&, const std::complex<double>&, const std::complex<double>&, const std::complex<double>&)'\n  174 |         inline Type CondExp##Rel(                        \\\n      |                     ^~~~~~~\nC:/Users/spi085/AppData/Local/Programs/R/R-4.4.1/library/TMB/include/cppad/local/base_cond_exp.hpp:195:9: note: in expansion of macro 'CPPAD_COND_EXP_BASE_REL'\n  195 |         CPPAD_COND_EXP_BASE_REL(Type, Lt, CompareLt)     \\\n      |         ^~~~~~~~~~~~~~~~~~~~~~~\nC:/Users/spi085/AppData/Local/Programs/R/R-4.4.1/library/TMB/include/cppad/local/base_complex.hpp:105:9: note: in expansion of macro 'CPPAD_COND_EXP_REL'\n  105 |         CPPAD_COND_EXP_REL( std::complex<double> )\n      |         ^~~~~~~~~~~~~~~~~~\nC:/Users/spi085/AppData/Local/Programs/R/R-4.4.1/library/TMB/include/cppad/local/base_cond_exp.hpp:175:29: note:   no known conversion for argument 1 from 'CppAD::AD<double>' to 'const std::complex<double>&'\n  175 |                 const Type& left      ,                     \\\n      |                 ~~~~~~~~~~~~^~~~\nC:/Users/spi085/AppData/Local/Programs/R/R-4.4.1/library/TMB/include/cppad/local/base_cond_exp.hpp:195:9: note: in expansion of macro 'CPPAD_COND_EXP_BASE_REL'\n  195 |         CPPAD_COND_EXP_BASE_REL(Type, Lt, CompareLt)     \\\n      |         ^~~~~~~~~~~~~~~~~~~~~~~\nC:/Users/spi085/AppData/Local/Programs/R/R-4.4.1/library/TMB/include/cppad/local/base_complex.hpp:105:9: note: in expansion of macro 'CPPAD_COND_EXP_REL'\n  105 |         CPPAD_COND_EXP_REL( std::complex<double> )\n      |         ^~~~~~~~~~~~~~~~~~\nC:/Users/spi085/AppData/Local/Programs/R/R-4.4.1/library/TMB/include/cppad/local/base_cond_exp.hpp:174:21: note: candidate: 'std::complex<float> CppAD::CondExpLt(const std::complex<float>&, const std::complex<float>&, const std::complex<float>&, const std::complex<float>&)'\n  174 |         inline Type CondExp##Rel(                        \\\n      |                     ^~~~~~~\nC:/Users/spi085/AppData/Local/Programs/R/R-4.4.1/library/TMB/include/cppad/local/base_cond_exp.hpp:195:9: note: in expansion of macro 'CPPAD_COND_EXP_BASE_REL'\n  195 |         CPPAD_COND_EXP_BASE_REL(Type, Lt, CompareLt)     \\\n      |         ^~~~~~~~~~~~~~~~~~~~~~~\nC:/Users/spi085/AppData/Local/Programs/R/R-4.4.1/library/TMB/include/cppad/local/base_complex.hpp:331:9: note: in expansion of macro 'CPPAD_COND_EXP_REL'\n  331 |         CPPAD_COND_EXP_REL( std::complex<float> )\n      |         ^~~~~~~~~~~~~~~~~~\nC:/Users/spi085/AppData/Local/Programs/R/R-4.4.1/library/TMB/include/cppad/local/base_cond_exp.hpp:175:29: note:   no known conversion for argument 1 from 'CppAD::AD<double>' to 'const std::complex<float>&'\n  175 |                 const Type& left      ,                     \\\n      |                 ~~~~~~~~~~~~^~~~\nC:/Users/spi085/AppData/Local/Programs/R/R-4.4.1/library/TMB/include/cppad/local/base_cond_exp.hpp:195:9: note: in expansion of macro 'CPPAD_COND_EXP_BASE_REL'\n  195 |         CPPAD_COND_EXP_BASE_REL(Type, Lt, CompareLt)     \\\n      |         ^~~~~~~~~~~~~~~~~~~~~~~\nC:/Users/spi085/AppData/Local/Programs/R/R-4.4.1/library/TMB/include/cppad/local/base_complex.hpp:331:9: note: in expansion of macro 'CPPAD_COND_EXP_REL'\n  331 |         CPPAD_COND_EXP_REL( std::complex<float> )\n      |         ^~~~~~~~~~~~~~~~~~\nPOPULATIONS//POPULATION_0014//INDIVIDUAL_UN25CBAH/model.cpp:116:37: error: no matching function for call to 'CondExpLt(CppAD::AD<double>&, double, double, CppAD::AD<double>&)'\n  116 |       competition = CppAD::CondExpLt(competition, -1.0, -1.0, competition);\n      |                     ~~~~~~~~~~~~~~~~^~~~~~~~~~~~~~~~~~~~~~~~~~~~~~~~~~~~~~\nC:/Users/spi085/AppData/Local/Programs/R/R-4.4.1/library/TMB/include/cppad/local/cond_exp.hpp:330:18: note: candidate: 'template<class Base> CppAD::AD<Base> CppAD::CondExpLt(const AD<Base>&, const AD<Base>&, const AD<Base>&, const AD<Base>&)'\n  330 |         AD<Base> CondExp##Name(                                         \\\n      |                  ^~~~~~~\nC:/Users/spi085/AppData/Local/Programs/R/R-4.4.1/library/TMB/include/cppad/local/cond_exp.hpp:341:1: note: in expansion of macro 'CPPAD_COND_EXP'\n  341 | CPPAD_COND_EXP(Lt)\n      | ^~~~~~~~~~~~~~\nC:/Users/spi085/AppData/Local/Programs/R/R-4.4.1/library/TMB/include/cppad/local/cond_exp.hpp:330:18: note:   template argument deduction/substitution failed:\n  330 |         AD<Base> CondExp##Name(                                         \\\n      |                  ^~~~~~~\nC:/Users/spi085/AppData/Local/Programs/R/R-4.4.1/library/TMB/include/cppad/local/cond_exp.hpp:341:1: note: in expansion of macro 'CPPAD_COND_EXP'\n  341 | CPPAD_COND_EXP(Lt)\n      | ^~~~~~~~~~~~~~\nPOPULATIONS//POPULATION_0014//INDIVIDUAL_UN25CBAH/model.cpp:116:37: note:   mismatched types 'const CppAD::AD<Base>' and 'double'\n  116 |       competition = CppAD::CondExpLt(competition, -1.0, -1.0, competition);\n      |                     ~~~~~~~~~~~~~~~~^~~~~~~~~~~~~~~~~~~~~~~~~~~~~~~~~~~~~~\nC:/Users/spi085/AppData/Local/Programs/R/R-4.4.1/library/TMB/include/cppad/local/base_cond_exp.hpp:174:21: note: candidate: 'float CppAD::CondExpLt(const float&, const float&, const float&, const float&)'\n  174 |         inline Type CondExp##Rel(                        \\\n      |                     ^~~~~~~\nC:/Users/spi085/AppData/Local/Programs/R/R-4.4.1/library/TMB/include/cppad/local/base_cond_exp.hpp:195:9: note: in expansion of macro 'CPPAD_COND_EXP_BASE_REL'\n  195 |         CPPAD_COND_EXP_BASE_REL(Type, Lt, CompareLt)     \\\n      |         ^~~~~~~~~~~~~~~~~~~~~~~\nC:/Users/spi085/AppData/Local/Programs/R/R-4.4.1/library/TMB/include/cppad/local/base_float.hpp:72:9: note: in expansion of macro 'CPPAD_COND_EXP_REL'\n   72 |         CPPAD_COND_EXP_REL(float)\n      |         ^~~~~~~~~~~~~~~~~~\nC:/Users/spi085/AppData/Local/Programs/R/R-4.4.1/library/TMB/include/cppad/local/base_cond_exp.hpp:175:29: note:   no known conversion for argument 1 from 'CppAD::AD<double>' to 'const float&'\n  175 |                 const Type& left      ,                     \\\n      |                 ~~~~~~~~~~~~^~~~\nC:/Users/spi085/AppData/Local/Programs/R/R-4.4.1/library/TMB/include/cppad/local/base_cond_exp.hpp:195:9: note: in expansion of macro 'CPPAD_COND_EXP_BASE_REL'\n  195 |         CPPAD_COND_EXP_BASE_REL(Type, Lt, CompareLt)     \\\n      |         ^~~~~~~~~~~~~~~~~~~~~~~\nC:/Users/spi085/AppData/Local/Programs/R/R-4.4.1/library/TMB/include/cppad/local/base_float.hpp:72:9: note: in expansion of macro 'CPPAD_COND_EXP_REL'\n   72 |         CPPAD_COND_EXP_REL(float)\n      |         ^~~~~~~~~~~~~~~~~~\nC:/Users/spi085/AppData/Local/Programs/R/R-4.4.1/library/TMB/include/cppad/local/base_cond_exp.hpp:174:21: note: candidate: 'double CppAD::CondExpLt(const double&, const double&, const double&, const double&)'\n  174 |         inline Type CondExp##Rel(                        \\\n      |                     ^~~~~~~\nC:/Users/spi085/AppData/Local/Programs/R/R-4.4.1/library/TMB/include/cppad/local/base_cond_exp.hpp:195:9: note: in expansion of macro 'CPPAD_COND_EXP_BASE_REL'\n  195 |         CPPAD_COND_EXP_BASE_REL(Type, Lt, CompareLt)     \\\n      |         ^~~~~~~~~~~~~~~~~~~~~~~\nC:/Users/spi085/AppData/Local/Programs/R/R-4.4.1/library/TMB/include/cppad/local/base_double.hpp:72:9: note: in expansion of macro 'CPPAD_COND_EXP_REL'\n   72 |         CPPAD_COND_EXP_REL(double)\n      |         ^~~~~~~~~~~~~~~~~~\nC:/Users/spi085/AppData/Local/Programs/R/R-4.4.1/library/TMB/include/cppad/local/base_cond_exp.hpp:175:29: note:   no known conversion for argument 1 from 'CppAD::AD<double>' to 'const double&'\n  175 |                 const Type& left      ,                     \\\n      |                 ~~~~~~~~~~~~^~~~\nC:/Users/spi085/AppData/Local/Programs/R/R-4.4.1/library/TMB/include/cppad/local/base_cond_exp.hpp:195:9: note: in expansion of macro 'CPPAD_COND_EXP_BASE_REL'\n  195 |         CPPAD_COND_EXP_BASE_REL(Type, Lt, CompareLt)     \\\n      |         ^~~~~~~~~~~~~~~~~~~~~~~\nC:/Users/spi085/AppData/Local/Programs/R/R-4.4.1/library/TMB/include/cppad/local/base_double.hpp:72:9: note: in expansion of macro 'CPPAD_COND_EXP_REL'\n   72 |         CPPAD_COND_EXP_REL(double)\n      |         ^~~~~~~~~~~~~~~~~~\nC:/Users/spi085/AppData/Local/Programs/R/R-4.4.1/library/TMB/include/cppad/local/base_cond_exp.hpp:174:21: note: candidate: 'std::complex<double> CppAD::CondExpLt(const std::complex<double>&, const std::complex<double>&, const std::complex<double>&, const std::complex<double>&)'\n  174 |         inline Type CondExp##Rel(                        \\\n      |                     ^~~~~~~\nC:/Users/spi085/AppData/Local/Programs/R/R-4.4.1/library/TMB/include/cppad/local/base_cond_exp.hpp:195:9: note: in expansion of macro 'CPPAD_COND_EXP_BASE_REL'\n  195 |         CPPAD_COND_EXP_BASE_REL(Type, Lt, CompareLt)     \\\n      |         ^~~~~~~~~~~~~~~~~~~~~~~\nC:/Users/spi085/AppData/Local/Programs/R/R-4.4.1/library/TMB/include/cppad/local/base_complex.hpp:105:9: note: in expansion of macro 'CPPAD_COND_EXP_REL'\n  105 |         CPPAD_COND_EXP_REL( std::complex<double> )\n      |         ^~~~~~~~~~~~~~~~~~\nC:/Users/spi085/AppData/Local/Programs/R/R-4.4.1/library/TMB/include/cppad/local/base_cond_exp.hpp:175:29: note:   no known conversion for argument 1 from 'CppAD::AD<double>' to 'const std::complex<double>&'\n  175 |                 const Type& left      ,                     \\\n      |                 ~~~~~~~~~~~~^~~~\nC:/Users/spi085/AppData/Local/Programs/R/R-4.4.1/library/TMB/include/cppad/local/base_cond_exp.hpp:195:9: note: in expansion of macro 'CPPAD_COND_EXP_BASE_REL'\n  195 |         CPPAD_COND_EXP_BASE_REL(Type, Lt, CompareLt)     \\\n      |         ^~~~~~~~~~~~~~~~~~~~~~~\nC:/Users/spi085/AppData/Local/Programs/R/R-4.4.1/library/TMB/include/cppad/local/base_complex.hpp:105:9: note: in expansion of macro 'CPPAD_COND_EXP_REL'\n  105 |         CPPAD_COND_EXP_REL( std::complex<double> )\n      |         ^~~~~~~~~~~~~~~~~~\nC:/Users/spi085/AppData/Local/Programs/R/R-4.4.1/library/TMB/include/cppad/local/base_cond_exp.hpp:174:21: note: candidate: 'std::complex<float> CppAD::CondExpLt(const std::complex<float>&, const std::complex<float>&, const std::complex<float>&, const std::complex<float>&)'\n  174 |         inline Type CondExp##Rel(                        \\\n      |                     ^~~~~~~\nC:/Users/spi085/AppData/Local/Programs/R/R-4.4.1/library/TMB/include/cppad/local/base_cond_exp.hpp:195:9: note: in expansion of macro 'CPPAD_COND_EXP_BASE_REL'\n  195 |         CPPAD_COND_EXP_BASE_REL(Type, Lt, CompareLt)     \\\n      |         ^~~~~~~~~~~~~~~~~~~~~~~\nC:/Users/spi085/AppData/Local/Programs/R/R-4.4.1/library/TMB/include/cppad/local/base_complex.hpp:331:9: note: in expansion of macro 'CPPAD_COND_EXP_REL'\n  331 |         CPPAD_COND_EXP_REL( std::complex<float> )\n      |         ^~~~~~~~~~~~~~~~~~\nC:/Users/spi085/AppData/Local/Programs/R/R-4.4.1/library/TMB/include/cppad/local/base_cond_exp.hpp:175:29: note:   no known conversion for argument 1 from 'CppAD::AD<double>' to 'const std::complex<float>&'\n  175 |                 const Type& left      ,                     \\\n      |                 ~~~~~~~~~~~~^~~~\nC:/Users/spi085/AppData/Local/Programs/R/R-4.4.1/library/TMB/include/cppad/local/base_cond_exp.hpp:195:9: note: in expansion of macro 'CPPAD_COND_EXP_BASE_REL'\n  195 |         CPPAD_COND_EXP_BASE_REL(Type, Lt, CompareLt)     \\\n      |         ^~~~~~~~~~~~~~~~~~~~~~~\nC:/Users/spi085/AppData/Local/Programs/R/R-4.4.1/library/TMB/include/cppad/local/base_complex.hpp:331:9: note: in expansion of macro 'CPPAD_COND_EXP_REL'\n  331 |         CPPAD_COND_EXP_REL( std::complex<float> )\n      |         ^~~~~~~~~~~~~~~~~~\nPOPULATIONS//POPULATION_0014//INDIVIDUAL_UN25CBAH/model.cpp:131:37: error: no matching function for call to 'CondExpLt(CppAD::AD<double>&, double, double, CppAD::AD<double>&)'\n  131 |       competition = CppAD::CondExpLt(competition, -1.0, -1.0, competition);\n      |                     ~~~~~~~~~~~~~~~~^~~~~~~~~~~~~~~~~~~~~~~~~~~~~~~~~~~~~~\nC:/Users/spi085/AppData/Local/Programs/R/R-4.4.1/library/TMB/include/cppad/local/cond_exp.hpp:330:18: note: candidate: 'template<class Base> CppAD::AD<Base> CppAD::CondExpLt(const AD<Base>&, const AD<Base>&, const AD<Base>&, const AD<Base>&)'\n  330 |         AD<Base> CondExp##Name(                                         \\\n      |                  ^~~~~~~\nC:/Users/spi085/AppData/Local/Programs/R/R-4.4.1/library/TMB/include/cppad/local/cond_exp.hpp:341:1: note: in expansion of macro 'CPPAD_COND_EXP'\n  341 | CPPAD_COND_EXP(Lt)\n      | ^~~~~~~~~~~~~~\nC:/Users/spi085/AppData/Local/Programs/R/R-4.4.1/library/TMB/include/cppad/local/cond_exp.hpp:330:18: note:   template argument deduction/substitution failed:\n  330 |         AD<Base> CondExp##Name(                                         \\\n      |                  ^~~~~~~\nC:/Users/spi085/AppData/Local/Programs/R/R-4.4.1/library/TMB/include/cppad/local/cond_exp.hpp:341:1: note: in expansion of macro 'CPPAD_COND_EXP'\n  341 | CPPAD_COND_EXP(Lt)\n      | ^~~~~~~~~~~~~~\nPOPULATIONS//POPULATION_0014//INDIVIDUAL_UN25CBAH/model.cpp:131:37: note:   mismatched types 'const CppAD::AD<Base>' and 'double'\n  131 |       competition = CppAD::CondExpLt(competition, -1.0, -1.0, competition);\n      |                     ~~~~~~~~~~~~~~~~^~~~~~~~~~~~~~~~~~~~~~~~~~~~~~~~~~~~~~\nC:/Users/spi085/AppData/Local/Programs/R/R-4.4.1/library/TMB/include/cppad/local/base_cond_exp.hpp:174:21: note: candidate: 'float CppAD::CondExpLt(const float&, const float&, const float&, const float&)'\n  174 |         inline Type CondExp##Rel(                        \\\n      |                     ^~~~~~~\nC:/Users/spi085/AppData/Local/Programs/R/R-4.4.1/library/TMB/include/cppad/local/base_cond_exp.hpp:195:9: note: in expansion of macro 'CPPAD_COND_EXP_BASE_REL'\n  195 |         CPPAD_COND_EXP_BASE_REL(Type, Lt, CompareLt)     \\\n      |         ^~~~~~~~~~~~~~~~~~~~~~~\nC:/Users/spi085/AppData/Local/Programs/R/R-4.4.1/library/TMB/include/cppad/local/base_float.hpp:72:9: note: in expansion of macro 'CPPAD_COND_EXP_REL'\n   72 |         CPPAD_COND_EXP_REL(float)\n      |         ^~~~~~~~~~~~~~~~~~\nC:/Users/spi085/AppData/Local/Programs/R/R-4.4.1/library/TMB/include/cppad/local/base_cond_exp.hpp:175:29: note:   no known conversion for argument 1 from 'CppAD::AD<double>' to 'const float&'\n  175 |                 const Type& left      ,                     \\\n      |                 ~~~~~~~~~~~~^~~~\nC:/Users/spi085/AppData/Local/Programs/R/R-4.4.1/library/TMB/include/cppad/local/base_cond_exp.hpp:195:9: note: in expansion of macro 'CPPAD_COND_EXP_BASE_REL'\n  195 |         CPPAD_COND_EXP_BASE_REL(Type, Lt, CompareLt)     \\\n      |         ^~~~~~~~~~~~~~~~~~~~~~~\nC:/Users/spi085/AppData/Local/Programs/R/R-4.4.1/library/TMB/include/cppad/local/base_float.hpp:72:9: note: in expansion of macro 'CPPAD_COND_EXP_REL'\n   72 |         CPPAD_COND_EXP_REL(float)\n      |         ^~~~~~~~~~~~~~~~~~\nC:/Users/spi085/AppData/Local/Programs/R/R-4.4.1/library/TMB/include/cppad/local/base_cond_exp.hpp:174:21: note: candidate: 'double CppAD::CondExpLt(const double&, const double&, const double&, const double&)'\n  174 |         inline Type CondExp##Rel(                        \\\n      |                     ^~~~~~~\nC:/Users/spi085/AppData/Local/Programs/R/R-4.4.1/library/TMB/include/cppad/local/base_cond_exp.hpp:195:9: note: in expansion of macro 'CPPAD_COND_EXP_BASE_REL'\n  195 |         CPPAD_COND_EXP_BASE_REL(Type, Lt, CompareLt)     \\\n      |         ^~~~~~~~~~~~~~~~~~~~~~~\nC:/Users/spi085/AppData/Local/Programs/R/R-4.4.1/library/TMB/include/cppad/local/base_double.hpp:72:9: note: in expansion of macro 'CPPAD_COND_EXP_REL'\n   72 |         CPPAD_COND_EXP_REL(double)\n      |         ^~~~~~~~~~~~~~~~~~\nC:/Users/spi085/AppData/Local/Programs/R/R-4.4.1/library/TMB/include/cppad/local/base_cond_exp.hpp:175:29: note:   no known conversion for argument 1 from 'CppAD::AD<double>' to 'const double&'\n  175 |                 const Type& left      ,                     \\\n      |                 ~~~~~~~~~~~~^~~~\nC:/Users/spi085/AppData/Local/Programs/R/R-4.4.1/library/TMB/include/cppad/local/base_cond_exp.hpp:195:9: note: in expansion of macro 'CPPAD_COND_EXP_BASE_REL'\n  195 |         CPPAD_COND_EXP_BASE_REL(Type, Lt, CompareLt)     \\\n      |         ^~~~~~~~~~~~~~~~~~~~~~~\nC:/Users/spi085/AppData/Local/Programs/R/R-4.4.1/library/TMB/include/cppad/local/base_double.hpp:72:9: note: in expansion of macro 'CPPAD_COND_EXP_REL'\n   72 |         CPPAD_COND_EXP_REL(double)\n      |         ^~~~~~~~~~~~~~~~~~\nC:/Users/spi085/AppData/Local/Programs/R/R-4.4.1/library/TMB/include/cppad/local/base_cond_exp.hpp:174:21: note: candidate: 'std::complex<double> CppAD::CondExpLt(const std::complex<double>&, const std::complex<double>&, const std::complex<double>&, const std::complex<double>&)'\n  174 |         inline Type CondExp##Rel(                        \\\n      |                     ^~~~~~~\nC:/Users/spi085/AppData/Local/Programs/R/R-4.4.1/library/TMB/include/cppad/local/base_cond_exp.hpp:195:9: note: in expansion of macro 'CPPAD_COND_EXP_BASE_REL'\n  195 |         CPPAD_COND_EXP_BASE_REL(Type, Lt, CompareLt)     \\\n      |         ^~~~~~~~~~~~~~~~~~~~~~~\nC:/Users/spi085/AppData/Local/Programs/R/R-4.4.1/library/TMB/include/cppad/local/base_complex.hpp:105:9: note: in expansion of macro 'CPPAD_COND_EXP_REL'\n  105 |         CPPAD_COND_EXP_REL( std::complex<double> )\n      |         ^~~~~~~~~~~~~~~~~~\nC:/Users/spi085/AppData/Local/Programs/R/R-4.4.1/library/TMB/include/cppad/local/base_cond_exp.hpp:175:29: note:   no known conversion for argument 1 from 'CppAD::AD<double>' to 'const std::complex<double>&'\n  175 |                 const Type& left      ,                     \\\n      |                 ~~~~~~~~~~~~^~~~\nC:/Users/spi085/AppData/Local/Programs/R/R-4.4.1/library/TMB/include/cppad/local/base_cond_exp.hpp:195:9: note: in expansion of macro 'CPPAD_COND_EXP_BASE_REL'\n  195 |         CPPAD_COND_EXP_BASE_REL(Type, Lt, CompareLt)     \\\n      |         ^~~~~~~~~~~~~~~~~~~~~~~\nC:/Users/spi085/AppData/Local/Programs/R/R-4.4.1/library/TMB/include/cppad/local/base_complex.hpp:105:9: note: in expansion of macro 'CPPAD_COND_EXP_REL'\n  105 |         CPPAD_COND_EXP_REL( std::complex<double> )\n      |         ^~~~~~~~~~~~~~~~~~\nC:/Users/spi085/AppData/Local/Programs/R/R-4.4.1/library/TMB/include/cppad/local/base_cond_exp.hpp:174:21: note: candidate: 'std::complex<float> CppAD::CondExpLt(const std::complex<float>&, const std::complex<float>&, const std::complex<float>&, const std::complex<float>&)'\n  174 |         inline Type CondExp##Rel(                        \\\n      |                     ^~~~~~~\nC:/Users/spi085/AppData/Local/Programs/R/R-4.4.1/library/TMB/include/cppad/local/base_cond_exp.hpp:195:9: note: in expansion of macro 'CPPAD_COND_EXP_BASE_REL'\n  195 |         CPPAD_COND_EXP_BASE_REL(Type, Lt, CompareLt)     \\\n      |         ^~~~~~~~~~~~~~~~~~~~~~~\nC:/Users/spi085/AppData/Local/Programs/R/R-4.4.1/library/TMB/include/cppad/local/base_complex.hpp:331:9: note: in expansion of macro 'CPPAD_COND_EXP_REL'\n  331 |         CPPAD_COND_EXP_REL( std::complex<float> )\n      |         ^~~~~~~~~~~~~~~~~~\nC:/Users/spi085/AppData/Local/Programs/R/R-4.4.1/library/TMB/include/cppad/local/base_cond_exp.hpp:175:29: note:   no known conversion for argument 1 from 'CppAD::AD<double>' to 'const std::complex<float>&'\n  175 |                 const Type& left      ,                     \\\n      |                 ~~~~~~~~~~~~^~~~\nC:/Users/spi085/AppData/Local/Programs/R/R-4.4.1/library/TMB/include/cppad/local/base_cond_exp.hpp:195:9: note: in expansion of macro 'CPPAD_COND_EXP_BASE_REL'\n  195 |         CPPAD_COND_EXP_BASE_REL(Type, Lt, CompareLt)     \\\n      |         ^~~~~~~~~~~~~~~~~~~~~~~\nC:/Users/spi085/AppData/Local/Programs/R/R-4.4.1/library/TMB/include/cppad/local/base_complex.hpp:331:9: note: in expansion of macro 'CPPAD_COND_EXP_REL'\n  331 |         CPPAD_COND_EXP_REL( std::complex<float> )\n      |         ^~~~~~~~~~~~~~~~~~\nPOPULATIONS//POPULATION_0014//INDIVIDUAL_UN25CBAH/model.cpp: In instantiation of 'Type objective_function<Type>::operator()() [with Type = CppAD::AD<CppAD::AD<double> >]':\nC:/Users/spi085/AppData/Local/Programs/R/R-4.4.1/library/TMB/include/tmb_core.hpp:913:29:   required from 'Type objective_function<Type>::evalUserTemplate() [with Type = CppAD::AD<CppAD::AD<double> >]'\nC:/Users/spi085/AppData/Local/Programs/R/R-4.4.1/library/TMB/include/tmb_core.hpp:2112:26:   required from here\nPOPULATIONS//POPULATION_0014//INDIVIDUAL_UN25CBAH/model.cpp:100:40: error: no matching function for call to 'CondExpLt(CppAD::AD<CppAD::AD<double> >&, double, double, CppAD::AD<CppAD::AD<double> >&)'\n  100 |       density_effect = CppAD::CondExpLt(density_effect, -1.0, -1.0, density_effect);\n      |                        ~~~~~~~~~~~~~~~~^~~~~~~~~~~~~~~~~~~~~~~~~~~~~~~~~~~~~~~~~~~~\nC:/Users/spi085/AppData/Local/Programs/R/R-4.4.1/library/TMB/include/cppad/local/cond_exp.hpp:330:18: note: candidate: 'template<class Base> CppAD::AD<Base> CppAD::CondExpLt(const AD<Base>&, const AD<Base>&, const AD<Base>&, const AD<Base>&)'\n  330 |         AD<Base> CondExp##Name(                                         \\\n      |                  ^~~~~~~\nC:/Users/spi085/AppData/Local/Programs/R/R-4.4.1/library/TMB/include/cppad/local/cond_exp.hpp:341:1: note: in expansion of macro 'CPPAD_COND_EXP'\n  341 | CPPAD_COND_EXP(Lt)\n      | ^~~~~~~~~~~~~~\nC:/Users/spi085/AppData/Local/Programs/R/R-4.4.1/library/TMB/include/cppad/local/cond_exp.hpp:330:18: note:   template argument deduction/substitution failed:\n  330 |         AD<Base> CondExp##Name(                                         \\\n      |                  ^~~~~~~\nC:/Users/spi085/AppData/Local/Programs/R/R-4.4.1/library/TMB/include/cppad/local/cond_exp.hpp:341:1: note: in expansion of macro 'CPPAD_COND_EXP'\n  341 | CPPAD_COND_EXP(Lt)\n      | ^~~~~~~~~~~~~~\nPOPULATIONS//POPULATION_0014//INDIVIDUAL_UN25CBAH/model.cpp:100:40: note:   mismatched types 'const CppAD::AD<Base>' and 'double'\n  100 |       density_effect = CppAD::CondExpLt(density_effect, -1.0, -1.0, density_effect);\n      |                        ~~~~~~~~~~~~~~~~^~~~~~~~~~~~~~~~~~~~~~~~~~~~~~~~~~~~~~~~~~~~\nC:/Users/spi085/AppData/Local/Programs/R/R-4.4.1/library/TMB/include/cppad/local/base_cond_exp.hpp:174:21: note: candidate: 'float CppAD::CondExpLt(const float&, const float&, const float&, const float&)'\n  174 |         inline Type CondExp##Rel(                        \\\n      |                     ^~~~~~~\nC:/Users/spi085/AppData/Local/Programs/R/R-4.4.1/library/TMB/include/cppad/local/base_cond_exp.hpp:195:9: note: in expansion of macro 'CPPAD_COND_EXP_BASE_REL'\n  195 |         CPPAD_COND_EXP_BASE_REL(Type, Lt, CompareLt)     \\\n      |         ^~~~~~~~~~~~~~~~~~~~~~~\nC:/Users/spi085/AppData/Local/Programs/R/R-4.4.1/library/TMB/include/cppad/local/base_float.hpp:72:9: note: in expansion of macro 'CPPAD_COND_EXP_REL'\n   72 |         CPPAD_COND_EXP_REL(float)\n      |         ^~~~~~~~~~~~~~~~~~\nC:/Users/spi085/AppData/Local/Programs/R/R-4.4.1/library/TMB/include/cppad/local/base_cond_exp.hpp:175:29: note:   no known conversion for argument 1 from 'CppAD::AD<CppAD::AD<double> >' to 'const float&'\n  175 |                 const Type& left      ,                     \\\n      |                 ~~~~~~~~~~~~^~~~\nC:/Users/spi085/AppData/Local/Programs/R/R-4.4.1/library/TMB/include/cppad/local/base_cond_exp.hpp:195:9: note: in expansion of macro 'CPPAD_COND_EXP_BASE_REL'\n  195 |         CPPAD_COND_EXP_BASE_REL(Type, Lt, CompareLt)     \\\n      |         ^~~~~~~~~~~~~~~~~~~~~~~\nC:/Users/spi085/AppData/Local/Programs/R/R-4.4.1/library/TMB/include/cppad/local/base_float.hpp:72:9: note: in expansion of macro 'CPPAD_COND_EXP_REL'\n   72 |         CPPAD_COND_EXP_REL(float)\n      |         ^~~~~~~~~~~~~~~~~~\nC:/Users/spi085/AppData/Local/Programs/R/R-4.4.1/library/TMB/include/cppad/local/base_cond_exp.hpp:174:21: note: candidate: 'double CppAD::CondExpLt(const double&, const double&, const double&, const double&)'\n  174 |         inline Type CondExp##Rel(                        \\\n      |                     ^~~~~~~\nC:/Users/spi085/AppData/Local/Programs/R/R-4.4.1/library/TMB/include/cppad/local/base_cond_exp.hpp:195:9: note: in expansion of macro 'CPPAD_COND_EXP_BASE_REL'\n  195 |         CPPAD_COND_EXP_BASE_REL(Type, Lt, CompareLt)     \\\n      |         ^~~~~~~~~~~~~~~~~~~~~~~\nC:/Users/spi085/AppData/Local/Programs/R/R-4.4.1/library/TMB/include/cppad/local/base_double.hpp:72:9: note: in expansion of macro 'CPPAD_COND_EXP_REL'\n   72 |         CPPAD_COND_EXP_REL(double)\n      |         ^~~~~~~~~~~~~~~~~~\nC:/Users/spi085/AppData/Local/Programs/R/R-4.4.1/library/TMB/include/cppad/local/base_cond_exp.hpp:175:29: note:   no known conversion for argument 1 from 'CppAD::AD<CppAD::AD<double> >' to 'const double&'\n  175 |                 const Type& left      ,                     \\\n      |                 ~~~~~~~~~~~~^~~~\nC:/Users/spi085/AppData/Local/Programs/R/R-4.4.1/library/TMB/include/cppad/local/base_cond_exp.hpp:195:9: note: in expansion of macro 'CPPAD_COND_EXP_BASE_REL'\n  195 |         CPPAD_COND_EXP_BASE_REL(Type, Lt, CompareLt)     \\\n      |         ^~~~~~~~~~~~~~~~~~~~~~~\nC:/Users/spi085/AppData/Local/Programs/R/R-4.4.1/library/TMB/include/cppad/local/base_double.hpp:72:9: note: in expansion of macro 'CPPAD_COND_EXP_REL'\n   72 |         CPPAD_COND_EXP_REL(double)\n      |         ^~~~~~~~~~~~~~~~~~\nC:/Users/spi085/AppData/Local/Programs/R/R-4.4.1/library/TMB/include/cppad/local/base_cond_exp.hpp:174:21: note: candidate: 'std::complex<double> CppAD::CondExpLt(const std::complex<double>&, const std::complex<double>&, const std::complex<double>&, const std::complex<double>&)'\n  174 |         inline Type CondExp##Rel(                        \\\n      |                     ^~~~~~~\nC:/Users/spi085/AppData/Local/Programs/R/R-4.4.1/library/TMB/include/cppad/local/base_cond_exp.hpp:195:9: note: in expansion of macro 'CPPAD_COND_EXP_BASE_REL'\n  195 |         CPPAD_COND_EXP_BASE_REL(Type, Lt, CompareLt)     \\\n      |         ^~~~~~~~~~~~~~~~~~~~~~~\nC:/Users/spi085/AppData/Local/Programs/R/R-4.4.1/library/TMB/include/cppad/local/base_complex.hpp:105:9: note: in expansion of macro 'CPPAD_COND_EXP_REL'\n  105 |         CPPAD_COND_EXP_REL( std::complex<double> )\n      |         ^~~~~~~~~~~~~~~~~~\nC:/Users/spi085/AppData/Local/Programs/R/R-4.4.1/library/TMB/include/cppad/local/base_cond_exp.hpp:175:29: note:   no known conversion for argument 1 from 'CppAD::AD<CppAD::AD<double> >' to 'const std::complex<double>&'\n  175 |                 const Type& left      ,                     \\\n      |                 ~~~~~~~~~~~~^~~~\nC:/Users/spi085/AppData/Local/Programs/R/R-4.4.1/library/TMB/include/cppad/local/base_cond_exp.hpp:195:9: note: in expansion of macro 'CPPAD_COND_EXP_BASE_REL'\n  195 |         CPPAD_COND_EXP_BASE_REL(Type, Lt, CompareLt)     \\\n      |         ^~~~~~~~~~~~~~~~~~~~~~~\nC:/Users/spi085/AppData/Local/Programs/R/R-4.4.1/library/TMB/include/cppad/local/base_complex.hpp:105:9: note: in expansion of macro 'CPPAD_COND_EXP_REL'\n  105 |         CPPAD_COND_EXP_REL( std::complex<double> )\n      |         ^~~~~~~~~~~~~~~~~~\nC:/Users/spi085/AppData/Local/Programs/R/R-4.4.1/library/TMB/include/cppad/local/base_cond_exp.hpp:174:21: note: candidate: 'std::complex<float> CppAD::CondExpLt(const std::complex<float>&, const std::complex<float>&, const std::complex<float>&, const std::complex<float>&)'\n  174 |         inline Type CondExp##Rel(                        \\\n      |                     ^~~~~~~\nC:/Users/spi085/AppData/Local/Programs/R/R-4.4.1/library/TMB/include/cppad/local/base_cond_exp.hpp:195:9: note: in expansion of macro 'CPPAD_COND_EXP_BASE_REL'\n  195 |         CPPAD_COND_EXP_BASE_REL(Type, Lt, CompareLt)     \\\n      |         ^~~~~~~~~~~~~~~~~~~~~~~\nC:/Users/spi085/AppData/Local/Programs/R/R-4.4.1/library/TMB/include/cppad/local/base_complex.hpp:331:9: note: in expansion of macro 'CPPAD_COND_EXP_REL'\n  331 |         CPPAD_COND_EXP_REL( std::complex<float> )\n      |         ^~~~~~~~~~~~~~~~~~\nC:/Users/spi085/AppData/Local/Programs/R/R-4.4.1/library/TMB/include/cppad/local/base_cond_exp.hpp:175:29: note:   no known conversion for argument 1 from 'CppAD::AD<CppAD::AD<double> >' to 'const std::complex<float>&'\n  175 |                 const Type& left      ,                     \\\n      |                 ~~~~~~~~~~~~^~~~\nC:/Users/spi085/AppData/Local/Programs/R/R-4.4.1/library/TMB/include/cppad/local/base_cond_exp.hpp:195:9: note: in expansion of macro 'CPPAD_COND_EXP_BASE_REL'\n  195 |         CPPAD_COND_EXP_BASE_REL(Type, Lt, CompareLt)     \\\n      |         ^~~~~~~~~~~~~~~~~~~~~~~\nC:/Users/spi085/AppData/Local/Programs/R/R-4.4.1/library/TMB/include/cppad/local/base_complex.hpp:331:9: note: in expansion of macro 'CPPAD_COND_EXP_REL'\n  331 |         CPPAD_COND_EXP_REL( std::complex<float> )\n      |         ^~~~~~~~~~~~~~~~~~\nPOPULATIONS//POPULATION_0014//INDIVIDUAL_UN25CBAH/model.cpp:116:37: error: no matching function for call to 'CondExpLt(CppAD::AD<CppAD::AD<double> >&, double, double, CppAD::AD<CppAD::AD<double> >&)'\n  116 |       competition = CppAD::CondExpLt(competition, -1.0, -1.0, competition);\n      |                     ~~~~~~~~~~~~~~~~^~~~~~~~~~~~~~~~~~~~~~~~~~~~~~~~~~~~~~\nC:/Users/spi085/AppData/Local/Programs/R/R-4.4.1/library/TMB/include/cppad/local/cond_exp.hpp:330:18: note: candidate: 'template<class Base> CppAD::AD<Base> CppAD::CondExpLt(const AD<Base>&, const AD<Base>&, const AD<Base>&, const AD<Base>&)'\n  330 |         AD<Base> CondExp##Name(                                         \\\n      |                  ^~~~~~~\nC:/Users/spi085/AppData/Local/Programs/R/R-4.4.1/library/TMB/include/cppad/local/cond_exp.hpp:341:1: note: in expansion of macro 'CPPAD_COND_EXP'\n  341 | CPPAD_COND_EXP(Lt)\n      | ^~~~~~~~~~~~~~\nC:/Users/spi085/AppData/Local/Programs/R/R-4.4.1/library/TMB/include/cppad/local/cond_exp.hpp:330:18: note:   template argument deduction/substitution failed:\n  330 |         AD<Base> CondExp##Name(                                         \\\n      |                  ^~~~~~~\nC:/Users/spi085/AppData/Local/Programs/R/R-4.4.1/library/TMB/include/cppad/local/cond_exp.hpp:341:1: note: in expansion of macro 'CPPAD_COND_EXP'\n  341 | CPPAD_COND_EXP(Lt)\n      | ^~~~~~~~~~~~~~\nPOPULATIONS//POPULATION_0014//INDIVIDUAL_UN25CBAH/model.cpp:116:37: note:   mismatched types 'const CppAD::AD<Base>' and 'double'\n  116 |       competition = CppAD::CondExpLt(competition, -1.0, -1.0, competition);\n      |                     ~~~~~~~~~~~~~~~~^~~~~~~~~~~~~~~~~~~~~~~~~~~~~~~~~~~~~~\nC:/Users/spi085/AppData/Local/Programs/R/R-4.4.1/library/TMB/include/cppad/local/base_cond_exp.hpp:174:21: note: candidate: 'float CppAD::CondExpLt(const float&, const float&, const float&, const float&)'\n  174 |         inline Type CondExp##Rel(                        \\\n      |                     ^~~~~~~\nC:/Users/spi085/AppData/Local/Programs/R/R-4.4.1/library/TMB/include/cppad/local/base_cond_exp.hpp:195:9: note: in expansion of macro 'CPPAD_COND_EXP_BASE_REL'\n  195 |         CPPAD_COND_EXP_BASE_REL(Type, Lt, CompareLt)     \\\n      |         ^~~~~~~~~~~~~~~~~~~~~~~\nC:/Users/spi085/AppData/Local/Programs/R/R-4.4.1/library/TMB/include/cppad/local/base_float.hpp:72:9: note: in expansion of macro 'CPPAD_COND_EXP_REL'\n   72 |         CPPAD_COND_EXP_REL(float)\n      |         ^~~~~~~~~~~~~~~~~~\nC:/Users/spi085/AppData/Local/Programs/R/R-4.4.1/library/TMB/include/cppad/local/base_cond_exp.hpp:175:29: note:   no known conversion for argument 1 from 'CppAD::AD<CppAD::AD<double> >' to 'const float&'\n  175 |                 const Type& left      ,                     \\\n      |                 ~~~~~~~~~~~~^~~~\nC:/Users/spi085/AppData/Local/Programs/R/R-4.4.1/library/TMB/include/cppad/local/base_cond_exp.hpp:195:9: note: in expansion of macro 'CPPAD_COND_EXP_BASE_REL'\n  195 |         CPPAD_COND_EXP_BASE_REL(Type, Lt, CompareLt)     \\\n      |         ^~~~~~~~~~~~~~~~~~~~~~~\nC:/Users/spi085/AppData/Local/Programs/R/R-4.4.1/library/TMB/include/cppad/local/base_float.hpp:72:9: note: in expansion of macro 'CPPAD_COND_EXP_REL'\n   72 |         CPPAD_COND_EXP_REL(float)\n      |         ^~~~~~~~~~~~~~~~~~\nC:/Users/spi085/AppData/Local/Programs/R/R-4.4.1/library/TMB/include/cppad/local/base_cond_exp.hpp:174:21: note: candidate: 'double CppAD::CondExpLt(const double&, const double&, const double&, const double&)'\n  174 |         inline Type CondExp##Rel(                        \\\n      |                     ^~~~~~~\nC:/Users/spi085/AppData/Local/Programs/R/R-4.4.1/library/TMB/include/cppad/local/base_cond_exp.hpp:195:9: note: in expansion of macro 'CPPAD_COND_EXP_BASE_REL'\n  195 |         CPPAD_COND_EXP_BASE_REL(Type, Lt, CompareLt)     \\\n      |         ^~~~~~~~~~~~~~~~~~~~~~~\nC:/Users/spi085/AppData/Local/Programs/R/R-4.4.1/library/TMB/include/cppad/local/base_double.hpp:72:9: note: in expansion of macro 'CPPAD_COND_EXP_REL'\n   72 |         CPPAD_COND_EXP_REL(double)\n      |         ^~~~~~~~~~~~~~~~~~\nC:/Users/spi085/AppData/Local/Programs/R/R-4.4.1/library/TMB/include/cppad/local/base_cond_exp.hpp:175:29: note:   no known conversion for argument 1 from 'CppAD::AD<CppAD::AD<double> >' to 'const double&'\n  175 |                 const Type& left      ,                     \\\n      |                 ~~~~~~~~~~~~^~~~\nC:/Users/spi085/AppData/Local/Programs/R/R-4.4.1/library/TMB/include/cppad/local/base_cond_exp.hpp:195:9: note: in expansion of macro 'CPPAD_COND_EXP_BASE_REL'\n  195 |         CPPAD_COND_EXP_BASE_REL(Type, Lt, CompareLt)     \\\n      |         ^~~~~~~~~~~~~~~~~~~~~~~\nC:/Users/spi085/AppData/Local/Programs/R/R-4.4.1/library/TMB/include/cppad/local/base_double.hpp:72:9: note: in expansion of macro 'CPPAD_COND_EXP_REL'\n   72 |         CPPAD_COND_EXP_REL(double)\n      |         ^~~~~~~~~~~~~~~~~~\nC:/Users/spi085/AppData/Local/Programs/R/R-4.4.1/library/TMB/include/cppad/local/base_cond_exp.hpp:174:21: note: candidate: 'std::complex<double> CppAD::CondExpLt(const std::complex<double>&, const std::complex<double>&, const std::complex<double>&, const std::complex<double>&)'\n  174 |         inline Type CondExp##Rel(                        \\\n      |                     ^~~~~~~\nC:/Users/spi085/AppData/Local/Programs/R/R-4.4.1/library/TMB/include/cppad/local/base_cond_exp.hpp:195:9: note: in expansion of macro 'CPPAD_COND_EXP_BASE_REL'\n  195 |         CPPAD_COND_EXP_BASE_REL(Type, Lt, CompareLt)     \\\n      |         ^~~~~~~~~~~~~~~~~~~~~~~\nC:/Users/spi085/AppData/Local/Programs/R/R-4.4.1/library/TMB/include/cppad/local/base_complex.hpp:105:9: note: in expansion of macro 'CPPAD_COND_EXP_REL'\n  105 |         CPPAD_COND_EXP_REL( std::complex<double> )\n      |         ^~~~~~~~~~~~~~~~~~\nC:/Users/spi085/AppData/Local/Programs/R/R-4.4.1/library/TMB/include/cppad/local/base_cond_exp.hpp:175:29: note:   no known conversion for argument 1 from 'CppAD::AD<CppAD::AD<double> >' to 'const std::complex<double>&'\n  175 |                 const Type& left      ,                     \\\n      |                 ~~~~~~~~~~~~^~~~\nC:/Users/spi085/AppData/Local/Programs/R/R-4.4.1/library/TMB/include/cppad/local/base_cond_exp.hpp:195:9: note: in expansion of macro 'CPPAD_COND_EXP_BASE_REL'\n  195 |         CPPAD_COND_EXP_BASE_REL(Type, Lt, CompareLt)     \\\n      |         ^~~~~~~~~~~~~~~~~~~~~~~\nC:/Users/spi085/AppData/Local/Programs/R/R-4.4.1/library/TMB/include/cppad/local/base_complex.hpp:105:9: note: in expansion of macro 'CPPAD_COND_EXP_REL'\n  105 |         CPPAD_COND_EXP_REL( std::complex<double> )\n      |         ^~~~~~~~~~~~~~~~~~\nC:/Users/spi085/AppData/Local/Programs/R/R-4.4.1/library/TMB/include/cppad/local/base_cond_exp.hpp:174:21: note: candidate: 'std::complex<float> CppAD::CondExpLt(const std::complex<float>&, const std::complex<float>&, const std::complex<float>&, const std::complex<float>&)'\n  174 |         inline Type CondExp##Rel(                        \\\n      |                     ^~~~~~~\nC:/Users/spi085/AppData/Local/Programs/R/R-4.4.1/library/TMB/include/cppad/local/base_cond_exp.hpp:195:9: note: in expansion of macro 'CPPAD_COND_EXP_BASE_REL'\n  195 |         CPPAD_COND_EXP_BASE_REL(Type, Lt, CompareLt)     \\\n      |         ^~~~~~~~~~~~~~~~~~~~~~~\nC:/Users/spi085/AppData/Local/Programs/R/R-4.4.1/library/TMB/include/cppad/local/base_complex.hpp:331:9: note: in expansion of macro 'CPPAD_COND_EXP_REL'\n  331 |         CPPAD_COND_EXP_REL( std::complex<float> )\n      |         ^~~~~~~~~~~~~~~~~~\nC:/Users/spi085/AppData/Local/Programs/R/R-4.4.1/library/TMB/include/cppad/local/base_cond_exp.hpp:175:29: note:   no known conversion for argument 1 from 'CppAD::AD<CppAD::AD<double> >' to 'const std::complex<float>&'\n  175 |                 const Type& left      ,                     \\\n      |                 ~~~~~~~~~~~~^~~~\nC:/Users/spi085/AppData/Local/Programs/R/R-4.4.1/library/TMB/include/cppad/local/base_cond_exp.hpp:195:9: note: in expansion of macro 'CPPAD_COND_EXP_BASE_REL'\n  195 |         CPPAD_COND_EXP_BASE_REL(Type, Lt, CompareLt)     \\\n      |         ^~~~~~~~~~~~~~~~~~~~~~~\nC:/Users/spi085/AppData/Local/Programs/R/R-4.4.1/library/TMB/include/cppad/local/base_complex.hpp:331:9: note: in expansion of macro 'CPPAD_COND_EXP_REL'\n  331 |         CPPAD_COND_EXP_REL( std::complex<float> )\n      |         ^~~~~~~~~~~~~~~~~~\nPOPULATIONS//POPULATION_0014//INDIVIDUAL_UN25CBAH/model.cpp:131:37: error: no matching function for call to 'CondExpLt(CppAD::AD<CppAD::AD<double> >&, double, double, CppAD::AD<CppAD::AD<double> >&)'\n  131 |       competition = CppAD::CondExpLt(competition, -1.0, -1.0, competition);\n      |                     ~~~~~~~~~~~~~~~~^~~~~~~~~~~~~~~~~~~~~~~~~~~~~~~~~~~~~~\nC:/Users/spi085/AppData/Local/Programs/R/R-4.4.1/library/TMB/include/cppad/local/cond_exp.hpp:330:18: note: candidate: 'template<class Base> CppAD::AD<Base> CppAD::CondExpLt(const AD<Base>&, const AD<Base>&, const AD<Base>&, const AD<Base>&)'\n  330 |         AD<Base> CondExp##Name(                                         \\\n      |                  ^~~~~~~\nC:/Users/spi085/AppData/Local/Programs/R/R-4.4.1/library/TMB/include/cppad/local/cond_exp.hpp:341:1: note: in expansion of macro 'CPPAD_COND_EXP'\n  341 | CPPAD_COND_EXP(Lt)\n      | ^~~~~~~~~~~~~~\nC:/Users/spi085/AppData/Local/Programs/R/R-4.4.1/library/TMB/include/cppad/local/cond_exp.hpp:330:18: note:   template argument deduction/substitution failed:\n  330 |         AD<Base> CondExp##Name(                                         \\\n      |                  ^~~~~~~\nC:/Users/spi085/AppData/Local/Programs/R/R-4.4.1/library/TMB/include/cppad/local/cond_exp.hpp:341:1: note: in expansion of macro 'CPPAD_COND_EXP'\n  341 | CPPAD_COND_EXP(Lt)\n      | ^~~~~~~~~~~~~~\nPOPULATIONS//POPULATION_0014//INDIVIDUAL_UN25CBAH/model.cpp:131:37: note:   mismatched types 'const CppAD::AD<Base>' and 'double'\n  131 |       competition = CppAD::CondExpLt(competition, -1.0, -1.0, competition);\n      |                     ~~~~~~~~~~~~~~~~^~~~~~~~~~~~~~~~~~~~~~~~~~~~~~~~~~~~~~\nC:/Users/spi085/AppData/Local/Programs/R/R-4.4.1/library/TMB/include/cppad/local/base_cond_exp.hpp:174:21: note: candidate: 'float CppAD::CondExpLt(const float&, const float&, const float&, const float&)'\n  174 |         inline Type CondExp##Rel(                        \\\n      |                     ^~~~~~~\nC:/Users/spi085/AppData/Local/Programs/R/R-4.4.1/library/TMB/include/cppad/local/base_cond_exp.hpp:195:9: note: in expansion of macro 'CPPAD_COND_EXP_BASE_REL'\n  195 |         CPPAD_COND_EXP_BASE_REL(Type, Lt, CompareLt)     \\\n      |         ^~~~~~~~~~~~~~~~~~~~~~~\nC:/Users/spi085/AppData/Local/Programs/R/R-4.4.1/library/TMB/include/cppad/local/base_float.hpp:72:9: note: in expansion of macro 'CPPAD_COND_EXP_REL'\n   72 |         CPPAD_COND_EXP_REL(float)\n      |         ^~~~~~~~~~~~~~~~~~\nC:/Users/spi085/AppData/Local/Programs/R/R-4.4.1/library/TMB/include/cppad/local/base_cond_exp.hpp:175:29: note:   no known conversion for argument 1 from 'CppAD::AD<CppAD::AD<double> >' to 'const float&'\n  175 |                 const Type& left      ,                     \\\n      |                 ~~~~~~~~~~~~^~~~\nC:/Users/spi085/AppData/Local/Programs/R/R-4.4.1/library/TMB/include/cppad/local/base_cond_exp.hpp:195:9: note: in expansion of macro 'CPPAD_COND_EXP_BASE_REL'\n  195 |         CPPAD_COND_EXP_BASE_REL(Type, Lt, CompareLt)     \\\n      |         ^~~~~~~~~~~~~~~~~~~~~~~\nC:/Users/spi085/AppData/Local/Programs/R/R-4.4.1/library/TMB/include/cppad/local/base_float.hpp:72:9: note: in expansion of macro 'CPPAD_COND_EXP_REL'\n   72 |         CPPAD_COND_EXP_REL(float)\n      |         ^~~~~~~~~~~~~~~~~~\nC:/Users/spi085/AppData/Local/Programs/R/R-4.4.1/library/TMB/include/cppad/local/base_cond_exp.hpp:174:21: note: candidate: 'double CppAD::CondExpLt(const double&, const double&, const double&, const double&)'\n  174 |         inline Type CondExp##Rel(                        \\\n      |                     ^~~~~~~\nC:/Users/spi085/AppData/Local/Programs/R/R-4.4.1/library/TMB/include/cppad/local/base_cond_exp.hpp:195:9: note: in expansion of macro 'CPPAD_COND_EXP_BASE_REL'\n  195 |         CPPAD_COND_EXP_BASE_REL(Type, Lt, CompareLt)     \\\n      |         ^~~~~~~~~~~~~~~~~~~~~~~\nC:/Users/spi085/AppData/Local/Programs/R/R-4.4.1/library/TMB/include/cppad/local/base_double.hpp:72:9: note: in expansion of macro 'CPPAD_COND_EXP_REL'\n   72 |         CPPAD_COND_EXP_REL(double)\n      |         ^~~~~~~~~~~~~~~~~~\nC:/Users/spi085/AppData/Local/Programs/R/R-4.4.1/library/TMB/include/cppad/local/base_cond_exp.hpp:175:29: note:   no known conversion for argument 1 from 'CppAD::AD<CppAD::AD<double> >' to 'const double&'\n  175 |                 const Type& left      ,                     \\\n      |                 ~~~~~~~~~~~~^~~~\nC:/Users/spi085/AppData/Local/Programs/R/R-4.4.1/library/TMB/include/cppad/local/base_cond_exp.hpp:195:9: note: in expansion of macro 'CPPAD_COND_EXP_BASE_REL'\n  195 |         CPPAD_COND_EXP_BASE_REL(Type, Lt, CompareLt)     \\\n      |         ^~~~~~~~~~~~~~~~~~~~~~~\nC:/Users/spi085/AppData/Local/Programs/R/R-4.4.1/library/TMB/include/cppad/local/base_double.hpp:72:9: note: in expansion of macro 'CPPAD_COND_EXP_REL'\n   72 |         CPPAD_COND_EXP_REL(double)\n      |         ^~~~~~~~~~~~~~~~~~\nC:/Users/spi085/AppData/Local/Programs/R/R-4.4.1/library/TMB/include/cppad/local/base_cond_exp.hpp:174:21: note: candidate: 'std::complex<double> CppAD::CondExpLt(const std::complex<double>&, const std::complex<double>&, const std::complex<double>&, const std::complex<double>&)'\n  174 |         inline Type CondExp##Rel(                        \\\n      |                     ^~~~~~~\nC:/Users/spi085/AppData/Local/Programs/R/R-4.4.1/library/TMB/include/cppad/local/base_cond_exp.hpp:195:9: note: in expansion of macro 'CPPAD_COND_EXP_BASE_REL'\n  195 |         CPPAD_COND_EXP_BASE_REL(Type, Lt, CompareLt)     \\\n      |         ^~~~~~~~~~~~~~~~~~~~~~~\nC:/Users/spi085/AppData/Local/Programs/R/R-4.4.1/library/TMB/include/cppad/local/base_complex.hpp:105:9: note: in expansion of macro 'CPPAD_COND_EXP_REL'\n  105 |         CPPAD_COND_EXP_REL( std::complex<double> )\n      |         ^~~~~~~~~~~~~~~~~~\nC:/Users/spi085/AppData/Local/Programs/R/R-4.4.1/library/TMB/include/cppad/local/base_cond_exp.hpp:175:29: note:   no known conversion for argument 1 from 'CppAD::AD<CppAD::AD<double> >' to 'const std::complex<double>&'\n  175 |                 const Type& left      ,                     \\\n      |                 ~~~~~~~~~~~~^~~~\nC:/Users/spi085/AppData/Local/Programs/R/R-4.4.1/library/TMB/include/cppad/local/base_cond_exp.hpp:195:9: note: in expansion of macro 'CPPAD_COND_EXP_BASE_REL'\n  195 |         CPPAD_COND_EXP_BASE_REL(Type, Lt, CompareLt)     \\\n      |         ^~~~~~~~~~~~~~~~~~~~~~~\nC:/Users/spi085/AppData/Local/Programs/R/R-4.4.1/library/TMB/include/cppad/local/base_complex.hpp:105:9: note: in expansion of macro 'CPPAD_COND_EXP_REL'\n  105 |         CPPAD_COND_EXP_REL( std::complex<double> )\n      |         ^~~~~~~~~~~~~~~~~~\nC:/Users/spi085/AppData/Local/Programs/R/R-4.4.1/library/TMB/include/cppad/local/base_cond_exp.hpp:174:21: note: candidate: 'std::complex<float> CppAD::CondExpLt(const std::complex<float>&, const std::complex<float>&, const std::complex<float>&, const std::complex<float>&)'\n  174 |         inline Type CondExp##Rel(                        \\\n      |                     ^~~~~~~\nC:/Users/spi085/AppData/Local/Programs/R/R-4.4.1/library/TMB/include/cppad/local/base_cond_exp.hpp:195:9: note: in expansion of macro 'CPPAD_COND_EXP_BASE_REL'\n  195 |         CPPAD_COND_EXP_BASE_REL(Type, Lt, CompareLt)     \\\n      |         ^~~~~~~~~~~~~~~~~~~~~~~\nC:/Users/spi085/AppData/Local/Programs/R/R-4.4.1/library/TMB/include/cppad/local/base_complex.hpp:331:9: note: in expansion of macro 'CPPAD_COND_EXP_REL'\n  331 |         CPPAD_COND_EXP_REL( std::complex<float> )\n      |         ^~~~~~~~~~~~~~~~~~\nC:/Users/spi085/AppData/Local/Programs/R/R-4.4.1/library/TMB/include/cppad/local/base_cond_exp.hpp:175:29: note:   no known conversion for argument 1 from 'CppAD::AD<CppAD::AD<double> >' to 'const std::complex<float>&'\n  175 |                 const Type& left      ,                     \\\n      |                 ~~~~~~~~~~~~^~~~\nC:/Users/spi085/AppData/Local/Programs/R/R-4.4.1/library/TMB/include/cppad/local/base_cond_exp.hpp:195:9: note: in expansion of macro 'CPPAD_COND_EXP_BASE_REL'\n  195 |         CPPAD_COND_EXP_BASE_REL(Type, Lt, CompareLt)     \\\n      |         ^~~~~~~~~~~~~~~~~~~~~~~\nC:/Users/spi085/AppData/Local/Programs/R/R-4.4.1/library/TMB/include/cppad/local/base_complex.hpp:331:9: note: in expansion of macro 'CPPAD_COND_EXP_REL'\n  331 |         CPPAD_COND_EXP_REL( std::complex<float> )\n      |         ^~~~~~~~~~~~~~~~~~\nPOPULATIONS//POPULATION_0014//INDIVIDUAL_UN25CBAH/model.cpp: In instantiation of 'Type objective_function<Type>::operator()() [with Type = CppAD::AD<CppAD::AD<CppAD::AD<double> > >]':\nC:/Users/spi085/AppData/Local/Programs/R/R-4.4.1/library/TMB/include/tmb_core.hpp:913:29:   required from 'Type objective_function<Type>::evalUserTemplate() [with Type = CppAD::AD<CppAD::AD<CppAD::AD<double> > >]'\nC:/Users/spi085/AppData/Local/Programs/R/R-4.4.1/library/TMB/include/tmb_core.hpp:2361:28:   required from here\nPOPULATIONS//POPULATION_0014//INDIVIDUAL_UN25CBAH/model.cpp:100:40: error: no matching function for call to 'CondExpLt(CppAD::AD<CppAD::AD<CppAD::AD<double> > >&, double, double, CppAD::AD<CppAD::AD<CppAD::AD<double> > >&)'\n  100 |       density_effect = CppAD::CondExpLt(density_effect, -1.0, -1.0, density_effect);\n      |                        ~~~~~~~~~~~~~~~~^~~~~~~~~~~~~~~~~~~~~~~~~~~~~~~~~~~~~~~~~~~~\nC:/Users/spi085/AppData/Local/Programs/R/R-4.4.1/library/TMB/include/cppad/local/cond_exp.hpp:330:18: note: candidate: 'template<class Base> CppAD::AD<Base> CppAD::CondExpLt(const AD<Base>&, const AD<Base>&, const AD<Base>&, const AD<Base>&)'\n  330 |         AD<Base> CondExp##Name(                                         \\\n      |                  ^~~~~~~\nC:/Users/spi085/AppData/Local/Programs/R/R-4.4.1/library/TMB/include/cppad/local/cond_exp.hpp:341:1: note: in expansion of macro 'CPPAD_COND_EXP'\n  341 | CPPAD_COND_EXP(Lt)\n      | ^~~~~~~~~~~~~~\nC:/Users/spi085/AppData/Local/Programs/R/R-4.4.1/library/TMB/include/cppad/local/cond_exp.hpp:330:18: note:   template argument deduction/substitution failed:\n  330 |         AD<Base> CondExp##Name(                                         \\\n      |                  ^~~~~~~\nC:/Users/spi085/AppData/Local/Programs/R/R-4.4.1/library/TMB/include/cppad/local/cond_exp.hpp:341:1: note: in expansion of macro 'CPPAD_COND_EXP'\n  341 | CPPAD_COND_EXP(Lt)\n      | ^~~~~~~~~~~~~~\nPOPULATIONS//POPULATION_0014//INDIVIDUAL_UN25CBAH/model.cpp:100:40: note:   mismatched types 'const CppAD::AD<Base>' and 'double'\n  100 |       density_effect = CppAD::CondExpLt(density_effect, -1.0, -1.0, density_effect);\n      |                        ~~~~~~~~~~~~~~~~^~~~~~~~~~~~~~~~~~~~~~~~~~~~~~~~~~~~~~~~~~~~\nC:/Users/spi085/AppData/Local/Programs/R/R-4.4.1/library/TMB/include/cppad/local/base_cond_exp.hpp:174:21: note: candidate: 'float CppAD::CondExpLt(const float&, const float&, const float&, const float&)'\n  174 |         inline Type CondExp##Rel(                        \\\n      |                     ^~~~~~~\nC:/Users/spi085/AppData/Local/Programs/R/R-4.4.1/library/TMB/include/cppad/local/base_cond_exp.hpp:195:9: note: in expansion of macro 'CPPAD_COND_EXP_BASE_REL'\n  195 |         CPPAD_COND_EXP_BASE_REL(Type, Lt, CompareLt)     \\\n      |         ^~~~~~~~~~~~~~~~~~~~~~~\nC:/Users/spi085/AppData/Local/Programs/R/R-4.4.1/library/TMB/include/cppad/local/base_float.hpp:72:9: note: in expansion of macro 'CPPAD_COND_EXP_REL'\n   72 |         CPPAD_COND_EXP_REL(float)\n      |         ^~~~~~~~~~~~~~~~~~\nC:/Users/spi085/AppData/Local/Programs/R/R-4.4.1/library/TMB/include/cppad/local/base_cond_exp.hpp:175:29: note:   no known conversion for argument 1 from 'CppAD::AD<CppAD::AD<CppAD::AD<double> > >' to 'const float&'\n  175 |                 const Type& left      ,                     \\\n      |                 ~~~~~~~~~~~~^~~~\nC:/Users/spi085/AppData/Local/Programs/R/R-4.4.1/library/TMB/include/cppad/local/base_cond_exp.hpp:195:9: note: in expansion of macro 'CPPAD_COND_EXP_BASE_REL'\n  195 |         CPPAD_COND_EXP_BASE_REL(Type, Lt, CompareLt)     \\\n      |         ^~~~~~~~~~~~~~~~~~~~~~~\nC:/Users/spi085/AppData/Local/Programs/R/R-4.4.1/library/TMB/include/cppad/local/base_float.hpp:72:9: note: in expansion of macro 'CPPAD_COND_EXP_REL'\n   72 |         CPPAD_COND_EXP_REL(float)\n      |         ^~~~~~~~~~~~~~~~~~\nC:/Users/spi085/AppData/Local/Programs/R/R-4.4.1/library/TMB/include/cppad/local/base_cond_exp.hpp:174:21: note: candidate: 'double CppAD::CondExpLt(const double&, const double&, const double&, const double&)'\n  174 |         inline Type CondExp##Rel(                        \\\n      |                     ^~~~~~~\nC:/Users/spi085/AppData/Local/Programs/R/R-4.4.1/library/TMB/include/cppad/local/base_cond_exp.hpp:195:9: note: in expansion of macro 'CPPAD_COND_EXP_BASE_REL'\n  195 |         CPPAD_COND_EXP_BASE_REL(Type, Lt, CompareLt)     \\\n      |         ^~~~~~~~~~~~~~~~~~~~~~~\nC:/Users/spi085/AppData/Local/Programs/R/R-4.4.1/library/TMB/include/cppad/local/base_double.hpp:72:9: note: in expansion of macro 'CPPAD_COND_EXP_REL'\n   72 |         CPPAD_COND_EXP_REL(double)\n      |         ^~~~~~~~~~~~~~~~~~\nC:/Users/spi085/AppData/Local/Programs/R/R-4.4.1/library/TMB/include/cppad/local/base_cond_exp.hpp:175:29: note:   no known conversion for argument 1 from 'CppAD::AD<CppAD::AD<CppAD::AD<double> > >' to 'const double&'\n  175 |                 const Type& left      ,                     \\\n      |                 ~~~~~~~~~~~~^~~~\nC:/Users/spi085/AppData/Local/Programs/R/R-4.4.1/library/TMB/include/cppad/local/base_cond_exp.hpp:195:9: note: in expansion of macro 'CPPAD_COND_EXP_BASE_REL'\n  195 |         CPPAD_COND_EXP_BASE_REL(Type, Lt, CompareLt)     \\\n      |         ^~~~~~~~~~~~~~~~~~~~~~~\nC:/Users/spi085/AppData/Local/Programs/R/R-4.4.1/library/TMB/include/cppad/local/base_double.hpp:72:9: note: in expansion of macro 'CPPAD_COND_EXP_REL'\n   72 |         CPPAD_COND_EXP_REL(double)\n      |         ^~~~~~~~~~~~~~~~~~\nC:/Users/spi085/AppData/Local/Programs/R/R-4.4.1/library/TMB/include/cppad/local/base_cond_exp.hpp:174:21: note: candidate: 'std::complex<double> CppAD::CondExpLt(const std::complex<double>&, const std::complex<double>&, const std::complex<double>&, const std::complex<double>&)'\n  174 |         inline Type CondExp##Rel(                        \\\n      |                     ^~~~~~~\nC:/Users/spi085/AppData/Local/Programs/R/R-4.4.1/library/TMB/include/cppad/local/base_cond_exp.hpp:195:9: note: in expansion of macro 'CPPAD_COND_EXP_BASE_REL'\n  195 |         CPPAD_COND_EXP_BASE_REL(Type, Lt, CompareLt)     \\\n      |         ^~~~~~~~~~~~~~~~~~~~~~~\nC:/Users/spi085/AppData/Local/Programs/R/R-4.4.1/library/TMB/include/cppad/local/base_complex.hpp:105:9: note: in expansion of macro 'CPPAD_COND_EXP_REL'\n  105 |         CPPAD_COND_EXP_REL( std::complex<double> )\n      |         ^~~~~~~~~~~~~~~~~~\nC:/Users/spi085/AppData/Local/Programs/R/R-4.4.1/library/TMB/include/cppad/local/base_cond_exp.hpp:175:29: note:   no known conversion for argument 1 from 'CppAD::AD<CppAD::AD<CppAD::AD<double> > >' to 'const std::complex<double>&'\n  175 |                 const Type& left      ,                     \\\n      |                 ~~~~~~~~~~~~^~~~\nC:/Users/spi085/AppData/Local/Programs/R/R-4.4.1/library/TMB/include/cppad/local/base_cond_exp.hpp:195:9: note: in expansion of macro 'CPPAD_COND_EXP_BASE_REL'\n  195 |         CPPAD_COND_EXP_BASE_REL(Type, Lt, CompareLt)     \\\n      |         ^~~~~~~~~~~~~~~~~~~~~~~\nC:/Users/spi085/AppData/Local/Programs/R/R-4.4.1/library/TMB/include/cppad/local/base_complex.hpp:105:9: note: in expansion of macro 'CPPAD_COND_EXP_REL'\n  105 |         CPPAD_COND_EXP_REL( std::complex<double> )\n      |         ^~~~~~~~~~~~~~~~~~\nC:/Users/spi085/AppData/Local/Programs/R/R-4.4.1/library/TMB/include/cppad/local/base_cond_exp.hpp:174:21: note: candidate: 'std::complex<float> CppAD::CondExpLt(const std::complex<float>&, const std::complex<float>&, const std::complex<float>&, const std::complex<float>&)'\n  174 |         inline Type CondExp##Rel(                        \\\n      |                     ^~~~~~~\nC:/Users/spi085/AppData/Local/Programs/R/R-4.4.1/library/TMB/include/cppad/local/base_cond_exp.hpp:195:9: note: in expansion of macro 'CPPAD_COND_EXP_BASE_REL'\n  195 |         CPPAD_COND_EXP_BASE_REL(Type, Lt, CompareLt)     \\\n      |         ^~~~~~~~~~~~~~~~~~~~~~~\nC:/Users/spi085/AppData/Local/Programs/R/R-4.4.1/library/TMB/include/cppad/local/base_complex.hpp:331:9: note: in expansion of macro 'CPPAD_COND_EXP_REL'\n  331 |         CPPAD_COND_EXP_REL( std::complex<float> )\n      |         ^~~~~~~~~~~~~~~~~~\nC:/Users/spi085/AppData/Local/Programs/R/R-4.4.1/library/TMB/include/cppad/local/base_cond_exp.hpp:175:29: note:   no known conversion for argument 1 from 'CppAD::AD<CppAD::AD<CppAD::AD<double> > >' to 'const std::complex<float>&'\n  175 |                 const Type& left      ,                     \\\n      |                 ~~~~~~~~~~~~^~~~\nC:/Users/spi085/AppData/Local/Programs/R/R-4.4.1/library/TMB/include/cppad/local/base_cond_exp.hpp:195:9: note: in expansion of macro 'CPPAD_COND_EXP_BASE_REL'\n  195 |         CPPAD_COND_EXP_BASE_REL(Type, Lt, CompareLt)     \\\n      |         ^~~~~~~~~~~~~~~~~~~~~~~\nC:/Users/spi085/AppData/Local/Programs/R/R-4.4.1/library/TMB/include/cppad/local/base_complex.hpp:331:9: note: in expansion of macro 'CPPAD_COND_EXP_REL'\n  331 |         CPPAD_COND_EXP_REL( std::complex<float> )\n      |         ^~~~~~~~~~~~~~~~~~\nPOPULATIONS//POPULATION_0014//INDIVIDUAL_UN25CBAH/model.cpp:116:37: error: no matching function for call to 'CondExpLt(CppAD::AD<CppAD::AD<CppAD::AD<double> > >&, double, double, CppAD::AD<CppAD::AD<CppAD::AD<double> > >&)'\n  116 |       competition = CppAD::CondExpLt(competition, -1.0, -1.0, competition);\n      |                     ~~~~~~~~~~~~~~~~^~~~~~~~~~~~~~~~~~~~~~~~~~~~~~~~~~~~~~\nC:/Users/spi085/AppData/Local/Programs/R/R-4.4.1/library/TMB/include/cppad/local/cond_exp.hpp:330:18: note: candidate: 'template<class Base> CppAD::AD<Base> CppAD::CondExpLt(const AD<Base>&, const AD<Base>&, const AD<Base>&, const AD<Base>&)'\n  330 |         AD<Base> CondExp##Name(                                         \\\n      |                  ^~~~~~~\nC:/Users/spi085/AppData/Local/Programs/R/R-4.4.1/library/TMB/include/cppad/local/cond_exp.hpp:341:1: note: in expansion of macro 'CPPAD_COND_EXP'\n  341 | CPPAD_COND_EXP(Lt)\n      | ^~~~~~~~~~~~~~\nC:/Users/spi085/AppData/Local/Programs/R/R-4.4.1/library/TMB/include/cppad/local/cond_exp.hpp:330:18: note:   template argument deduction/substitution failed:\n  330 |         AD<Base> CondExp##Name(                                         \\\n      |                  ^~~~~~~\nC:/Users/spi085/AppData/Local/Programs/R/R-4.4.1/library/TMB/include/cppad/local/cond_exp.hpp:341:1: note: in expansion of macro 'CPPAD_COND_EXP'\n  341 | CPPAD_COND_EXP(Lt)\n      | ^~~~~~~~~~~~~~\nPOPULATIONS//POPULATION_0014//INDIVIDUAL_UN25CBAH/model.cpp:116:37: note:   mismatched types 'const CppAD::AD<Base>' and 'double'\n  116 |       competition = CppAD::CondExpLt(competition, -1.0, -1.0, competition);\n      |                     ~~~~~~~~~~~~~~~~^~~~~~~~~~~~~~~~~~~~~~~~~~~~~~~~~~~~~~\nC:/Users/spi085/AppData/Local/Programs/R/R-4.4.1/library/TMB/include/cppad/local/base_cond_exp.hpp:174:21: note: candidate: 'float CppAD::CondExpLt(const float&, const float&, const float&, const float&)'\n  174 |         inline Type CondExp##Rel(                        \\\n      |                     ^~~~~~~\nC:/Users/spi085/AppData/Local/Programs/R/R-4.4.1/library/TMB/include/cppad/local/base_cond_exp.hpp:195:9: note: in expansion of macro 'CPPAD_COND_EXP_BASE_REL'\n  195 |         CPPAD_COND_EXP_BASE_REL(Type, Lt, CompareLt)     \\\n      |         ^~~~~~~~~~~~~~~~~~~~~~~\nC:/Users/spi085/AppData/Local/Programs/R/R-4.4.1/library/TMB/include/cppad/local/base_float.hpp:72:9: note: in expansion of macro 'CPPAD_COND_EXP_REL'\n   72 |         CPPAD_COND_EXP_REL(float)\n      |         ^~~~~~~~~~~~~~~~~~\nC:/Users/spi085/AppData/Local/Programs/R/R-4.4.1/library/TMB/include/cppad/local/base_cond_exp.hpp:175:29: note:   no known conversion for argument 1 from 'CppAD::AD<CppAD::AD<CppAD::AD<double> > >' to 'const float&'\n  175 |                 const Type& left      ,                     \\\n      |                 ~~~~~~~~~~~~^~~~\nC:/Users/spi085/AppData/Local/Programs/R/R-4.4.1/library/TMB/include/cppad/local/base_cond_exp.hpp:195:9: note: in expansion of macro 'CPPAD_COND_EXP_BASE_REL'\n  195 |         CPPAD_COND_EXP_BASE_REL(Type, Lt, CompareLt)     \\\n      |         ^~~~~~~~~~~~~~~~~~~~~~~\nC:/Users/spi085/AppData/Local/Programs/R/R-4.4.1/library/TMB/include/cppad/local/base_float.hpp:72:9: note: in expansion of macro 'CPPAD_COND_EXP_REL'\n   72 |         CPPAD_COND_EXP_REL(float)\n      |         ^~~~~~~~~~~~~~~~~~\nC:/Users/spi085/AppData/Local/Programs/R/R-4.4.1/library/TMB/include/cppad/local/base_cond_exp.hpp:174:21: note: candidate: 'double CppAD::CondExpLt(const double&, const double&, const double&, const double&)'\n  174 |         inline Type CondExp##Rel(                        \\\n      |                     ^~~~~~~\nC:/Users/spi085/AppData/Local/Programs/R/R-4.4.1/library/TMB/include/cppad/local/base_cond_exp.hpp:195:9: note: in expansion of macro 'CPPAD_COND_EXP_BASE_REL'\n  195 |         CPPAD_COND_EXP_BASE_REL(Type, Lt, CompareLt)     \\\n      |         ^~~~~~~~~~~~~~~~~~~~~~~\nC:/Users/spi085/AppData/Local/Programs/R/R-4.4.1/library/TMB/include/cppad/local/base_double.hpp:72:9: note: in expansion of macro 'CPPAD_COND_EXP_REL'\n   72 |         CPPAD_COND_EXP_REL(double)\n      |         ^~~~~~~~~~~~~~~~~~\nC:/Users/spi085/AppData/Local/Programs/R/R-4.4.1/library/TMB/include/cppad/local/base_cond_exp.hpp:175:29: note:   no known conversion for argument 1 from 'CppAD::AD<CppAD::AD<CppAD::AD<double> > >' to 'const double&'\n  175 |                 const Type& left      ,                     \\\n      |                 ~~~~~~~~~~~~^~~~\nC:/Users/spi085/AppData/Local/Programs/R/R-4.4.1/library/TMB/include/cppad/local/base_cond_exp.hpp:195:9: note: in expansion of macro 'CPPAD_COND_EXP_BASE_REL'\n  195 |         CPPAD_COND_EXP_BASE_REL(Type, Lt, CompareLt)     \\\n      |         ^~~~~~~~~~~~~~~~~~~~~~~\nC:/Users/spi085/AppData/Local/Programs/R/R-4.4.1/library/TMB/include/cppad/local/base_double.hpp:72:9: note: in expansion of macro 'CPPAD_COND_EXP_REL'\n   72 |         CPPAD_COND_EXP_REL(double)\n      |         ^~~~~~~~~~~~~~~~~~\nC:/Users/spi085/AppData/Local/Programs/R/R-4.4.1/library/TMB/include/cppad/local/base_cond_exp.hpp:174:21: note: candidate: 'std::complex<double> CppAD::CondExpLt(const std::complex<double>&, const std::complex<double>&, const std::complex<double>&, const std::complex<double>&)'\n  174 |         inline Type CondExp##Rel(                        \\\n      |                     ^~~~~~~\nC:/Users/spi085/AppData/Local/Programs/R/R-4.4.1/library/TMB/include/cppad/local/base_cond_exp.hpp:195:9: note: in expansion of macro 'CPPAD_COND_EXP_BASE_REL'\n  195 |         CPPAD_COND_EXP_BASE_REL(Type, Lt, CompareLt)     \\\n      |         ^~~~~~~~~~~~~~~~~~~~~~~\nC:/Users/spi085/AppData/Local/Programs/R/R-4.4.1/library/TMB/include/cppad/local/base_complex.hpp:105:9: note: in expansion of macro 'CPPAD_COND_EXP_REL'\n  105 |         CPPAD_COND_EXP_REL( std::complex<double> )\n      |         ^~~~~~~~~~~~~~~~~~\nC:/Users/spi085/AppData/Local/Programs/R/R-4.4.1/library/TMB/include/cppad/local/base_cond_exp.hpp:175:29: note:   no known conversion for argument 1 from 'CppAD::AD<CppAD::AD<CppAD::AD<double> > >' to 'const std::complex<double>&'\n  175 |                 const Type& left      ,                     \\\n      |                 ~~~~~~~~~~~~^~~~\nC:/Users/spi085/AppData/Local/Programs/R/R-4.4.1/library/TMB/include/cppad/local/base_cond_exp.hpp:195:9: note: in expansion of macro 'CPPAD_COND_EXP_BASE_REL'\n  195 |         CPPAD_COND_EXP_BASE_REL(Type, Lt, CompareLt)     \\\n      |         ^~~~~~~~~~~~~~~~~~~~~~~\nC:/Users/spi085/AppData/Local/Programs/R/R-4.4.1/library/TMB/include/cppad/local/base_complex.hpp:105:9: note: in expansion of macro 'CPPAD_COND_EXP_REL'\n  105 |         CPPAD_COND_EXP_REL( std::complex<double> )\n      |         ^~~~~~~~~~~~~~~~~~\nC:/Users/spi085/AppData/Local/Programs/R/R-4.4.1/library/TMB/include/cppad/local/base_cond_exp.hpp:174:21: note: candidate: 'std::complex<float> CppAD::CondExpLt(const std::complex<float>&, const std::complex<float>&, const std::complex<float>&, const std::complex<float>&)'\n  174 |         inline Type CondExp##Rel(                        \\\n      |                     ^~~~~~~\nC:/Users/spi085/AppData/Local/Programs/R/R-4.4.1/library/TMB/include/cppad/local/base_cond_exp.hpp:195:9: note: in expansion of macro 'CPPAD_COND_EXP_BASE_REL'\n  195 |         CPPAD_COND_EXP_BASE_REL(Type, Lt, CompareLt)     \\\n      |         ^~~~~~~~~~~~~~~~~~~~~~~\nC:/Users/spi085/AppData/Local/Programs/R/R-4.4.1/library/TMB/include/cppad/local/base_complex.hpp:331:9: note: in expansion of macro 'CPPAD_COND_EXP_REL'\n  331 |         CPPAD_COND_EXP_REL( std::complex<float> )\n      |         ^~~~~~~~~~~~~~~~~~\nC:/Users/spi085/AppData/Local/Programs/R/R-4.4.1/library/TMB/include/cppad/local/base_cond_exp.hpp:175:29: note:   no known conversion for argument 1 from 'CppAD::AD<CppAD::AD<CppAD::AD<double> > >' to 'const std::complex<float>&'\n  175 |                 const Type& left      ,                     \\\n      |                 ~~~~~~~~~~~~^~~~\nC:/Users/spi085/AppData/Local/Programs/R/R-4.4.1/library/TMB/include/cppad/local/base_cond_exp.hpp:195:9: note: in expansion of macro 'CPPAD_COND_EXP_BASE_REL'\n  195 |         CPPAD_COND_EXP_BASE_REL(Type, Lt, CompareLt)     \\\n      |         ^~~~~~~~~~~~~~~~~~~~~~~\nC:/Users/spi085/AppData/Local/Programs/R/R-4.4.1/library/TMB/include/cppad/local/base_complex.hpp:331:9: note: in expansion of macro 'CPPAD_COND_EXP_REL'\n  331 |         CPPAD_COND_EXP_REL( std::complex<float> )\n      |         ^~~~~~~~~~~~~~~~~~\nPOPULATIONS//POPULATION_0014//INDIVIDUAL_UN25CBAH/model.cpp:131:37: error: no matching function for call to 'CondExpLt(CppAD::AD<CppAD::AD<CppAD::AD<double> > >&, double, double, CppAD::AD<CppAD::AD<CppAD::AD<double> > >&)'\n  131 |       competition = CppAD::CondExpLt(competition, -1.0, -1.0, competition);\n      |                     ~~~~~~~~~~~~~~~~^~~~~~~~~~~~~~~~~~~~~~~~~~~~~~~~~~~~~~\nC:/Users/spi085/AppData/Local/Programs/R/R-4.4.1/library/TMB/include/cppad/local/cond_exp.hpp:330:18: note: candidate: 'template<class Base> CppAD::AD<Base> CppAD::CondExpLt(const AD<Base>&, const AD<Base>&, const AD<Base>&, const AD<Base>&)'\n  330 |         AD<Base> CondExp##Name(                                         \\\n      |                  ^~~~~~~\nC:/Users/spi085/AppData/Local/Programs/R/R-4.4.1/library/TMB/include/cppad/local/cond_exp.hpp:341:1: note: in expansion of macro 'CPPAD_COND_EXP'\n  341 | CPPAD_COND_EXP(Lt)\n      | ^~~~~~~~~~~~~~\nC:/Users/spi085/AppData/Local/Programs/R/R-4.4.1/library/TMB/include/cppad/local/cond_exp.hpp:330:18: note:   template argument deduction/substitution failed:\n  330 |         AD<Base> CondExp##Name(                                         \\\n      |                  ^~~~~~~\nC:/Users/spi085/AppData/Local/Programs/R/R-4.4.1/library/TMB/include/cppad/local/cond_exp.hpp:341:1: note: in expansion of macro 'CPPAD_COND_EXP'\n  341 | CPPAD_COND_EXP(Lt)\n      | ^~~~~~~~~~~~~~\nPOPULATIONS//POPULATION_0014//INDIVIDUAL_UN25CBAH/model.cpp:131:37: note:   mismatched types 'const CppAD::AD<Base>' and 'double'\n  131 |       competition = CppAD::CondExpLt(competition, -1.0, -1.0, competition);\n      |                     ~~~~~~~~~~~~~~~~^~~~~~~~~~~~~~~~~~~~~~~~~~~~~~~~~~~~~~\nC:/Users/spi085/AppData/Local/Programs/R/R-4.4.1/library/TMB/include/cppad/local/base_cond_exp.hpp:174:21: note: candidate: 'float CppAD::CondExpLt(const float&, const float&, const float&, const float&)'\n  174 |         inline Type CondExp##Rel(                        \\\n      |                     ^~~~~~~\nC:/Users/spi085/AppData/Local/Programs/R/R-4.4.1/library/TMB/include/cppad/local/base_cond_exp.hpp:195:9: note: in expansion of macro 'CPPAD_COND_EXP_BASE_REL'\n  195 |         CPPAD_COND_EXP_BASE_REL(Type, Lt, CompareLt)     \\\n      |         ^~~~~~~~~~~~~~~~~~~~~~~\nC:/Users/spi085/AppData/Local/Programs/R/R-4.4.1/library/TMB/include/cppad/local/base_float.hpp:72:9: note: in expansion of macro 'CPPAD_COND_EXP_REL'\n   72 |         CPPAD_COND_EXP_REL(float)\n      |         ^~~~~~~~~~~~~~~~~~\nC:/Users/spi085/AppData/Local/Programs/R/R-4.4.1/library/TMB/include/cppad/local/base_cond_exp.hpp:175:29: note:   no known conversion for argument 1 from 'CppAD::AD<CppAD::AD<CppAD::AD<double> > >' to 'const float&'\n  175 |                 const Type& left      ,                     \\\n      |                 ~~~~~~~~~~~~^~~~\nC:/Users/spi085/AppData/Local/Programs/R/R-4.4.1/library/TMB/include/cppad/local/base_cond_exp.hpp:195:9: note: in expansion of macro 'CPPAD_COND_EXP_BASE_REL'\n  195 |         CPPAD_COND_EXP_BASE_REL(Type, Lt, CompareLt)     \\\n      |         ^~~~~~~~~~~~~~~~~~~~~~~\nC:/Users/spi085/AppData/Local/Programs/R/R-4.4.1/library/TMB/include/cppad/local/base_float.hpp:72:9: note: in expansion of macro 'CPPAD_COND_EXP_REL'\n   72 |         CPPAD_COND_EXP_REL(float)\n      |         ^~~~~~~~~~~~~~~~~~\nC:/Users/spi085/AppData/Local/Programs/R/R-4.4.1/library/TMB/include/cppad/local/base_cond_exp.hpp:174:21: note: candidate: 'double CppAD::CondExpLt(const double&, const double&, const double&, const double&)'\n  174 |         inline Type CondExp##Rel(                        \\\n      |                     ^~~~~~~\nC:/Users/spi085/AppData/Local/Programs/R/R-4.4.1/library/TMB/include/cppad/local/base_cond_exp.hpp:195:9: note: in expansion of macro 'CPPAD_COND_EXP_BASE_REL'\n  195 |         CPPAD_COND_EXP_BASE_REL(Type, Lt, CompareLt)     \\\n      |         ^~~~~~~~~~~~~~~~~~~~~~~\nC:/Users/spi085/AppData/Local/Programs/R/R-4.4.1/library/TMB/include/cppad/local/base_double.hpp:72:9: note: in expansion of macro 'CPPAD_COND_EXP_REL'\n   72 |         CPPAD_COND_EXP_REL(double)\n      |         ^~~~~~~~~~~~~~~~~~\nC:/Users/spi085/AppData/Local/Programs/R/R-4.4.1/library/TMB/include/cppad/local/base_cond_exp.hpp:175:29: note:   no known conversion for argument 1 from 'CppAD::AD<CppAD::AD<CppAD::AD<double> > >' to 'const double&'\n  175 |                 const Type& left      ,                     \\\n      |                 ~~~~~~~~~~~~^~~~\nC:/Users/spi085/AppData/Local/Programs/R/R-4.4.1/library/TMB/include/cppad/local/base_cond_exp.hpp:195:9: note: in expansion of macro 'CPPAD_COND_EXP_BASE_REL'\n  195 |         CPPAD_COND_EXP_BASE_REL(Type, Lt, CompareLt)     \\\n      |         ^~~~~~~~~~~~~~~~~~~~~~~\nC:/Users/spi085/AppData/Local/Programs/R/R-4.4.1/library/TMB/include/cppad/local/base_double.hpp:72:9: note: in expansion of macro 'CPPAD_COND_EXP_REL'\n   72 |         CPPAD_COND_EXP_REL(double)\n      |         ^~~~~~~~~~~~~~~~~~\nC:/Users/spi085/AppData/Local/Programs/R/R-4.4.1/library/TMB/include/cppad/local/base_cond_exp.hpp:174:21: note: candidate: 'std::complex<double> CppAD::CondExpLt(const std::complex<double>&, const std::complex<double>&, const std::complex<double>&, const std::complex<double>&)'\n  174 |         inline Type CondExp##Rel(                        \\\n      |                     ^~~~~~~\nC:/Users/spi085/AppData/Local/Programs/R/R-4.4.1/library/TMB/include/cppad/local/base_cond_exp.hpp:195:9: note: in expansion of macro 'CPPAD_COND_EXP_BASE_REL'\n  195 |         CPPAD_COND_EXP_BASE_REL(Type, Lt, CompareLt)     \\\n      |         ^~~~~~~~~~~~~~~~~~~~~~~\nC:/Users/spi085/AppData/Local/Programs/R/R-4.4.1/library/TMB/include/cppad/local/base_complex.hpp:105:9: note: in expansion of macro 'CPPAD_COND_EXP_REL'\n  105 |         CPPAD_COND_EXP_REL( std::complex<double> )\n      |         ^~~~~~~~~~~~~~~~~~\nC:/Users/spi085/AppData/Local/Programs/R/R-4.4.1/library/TMB/include/cppad/local/base_cond_exp.hpp:175:29: note:   no known conversion for argument 1 from 'CppAD::AD<CppAD::AD<CppAD::AD<double> > >' to 'const std::complex<double>&'\n  175 |                 const Type& left      ,                     \\\n      |                 ~~~~~~~~~~~~^~~~\nC:/Users/spi085/AppData/Local/Programs/R/R-4.4.1/library/TMB/include/cppad/local/base_cond_exp.hpp:195:9: note: in expansion of macro 'CPPAD_COND_EXP_BASE_REL'\n  195 |         CPPAD_COND_EXP_BASE_REL(Type, Lt, CompareLt)     \\\n      |         ^~~~~~~~~~~~~~~~~~~~~~~\nC:/Users/spi085/AppData/Local/Programs/R/R-4.4.1/library/TMB/include/cppad/local/base_complex.hpp:105:9: note: in expansion of macro 'CPPAD_COND_EXP_REL'\n  105 |         CPPAD_COND_EXP_REL( std::complex<double> )\n      |         ^~~~~~~~~~~~~~~~~~\nC:/Users/spi085/AppData/Local/Programs/R/R-4.4.1/library/TMB/include/cppad/local/base_cond_exp.hpp:174:21: note: candidate: 'std::complex<float> CppAD::CondExpLt(const std::complex<float>&, const std::complex<float>&, const std::complex<float>&, const std::complex<float>&)'\n  174 |         inline Type CondExp##Rel(                        \\\n      |                     ^~~~~~~\nC:/Users/spi085/AppData/Local/Programs/R/R-4.4.1/library/TMB/include/cppad/local/base_cond_exp.hpp:195:9: note: in expansion of macro 'CPPAD_COND_EXP_BASE_REL'\n  195 |         CPPAD_COND_EXP_BASE_REL(Type, Lt, CompareLt)     \\\n      |         ^~~~~~~~~~~~~~~~~~~~~~~\nC:/Users/spi085/AppData/Local/Programs/R/R-4.4.1/library/TMB/include/cppad/local/base_complex.hpp:331:9: note: in expansion of macro 'CPPAD_COND_EXP_REL'\n  331 |         CPPAD_COND_EXP_REL( std::complex<float> )\n      |         ^~~~~~~~~~~~~~~~~~\nC:/Users/spi085/AppData/Local/Programs/R/R-4.4.1/library/TMB/include/cppad/local/base_cond_exp.hpp:175:29: note:   no known conversion for argument 1 from 'CppAD::AD<CppAD::AD<CppAD::AD<double> > >' to 'const std::complex<float>&'\n  175 |                 const Type& left      ,                     \\\n      |                 ~~~~~~~~~~~~^~~~\nC:/Users/spi085/AppData/Local/Programs/R/R-4.4.1/library/TMB/include/cppad/local/base_cond_exp.hpp:195:9: note: in expansion of macro 'CPPAD_COND_EXP_BASE_REL'\n  195 |         CPPAD_COND_EXP_BASE_REL(Type, Lt, CompareLt)     \\\n      |         ^~~~~~~~~~~~~~~~~~~~~~~\nC:/Users/spi085/AppData/Local/Programs/R/R-4.4.1/library/TMB/include/cppad/local/base_complex.hpp:331:9: note: in expansion of macro 'CPPAD_COND_EXP_REL'\n  331 |         CPPAD_COND_EXP_REL( std::complex<float> )\n      |         ^~~~~~~~~~~~~~~~~~\nmake: *** [C:/Users/spi085/AppData/Local/Programs/R/R-4.4.1/etc/x64/Makeconf:296: POPULATIONS//POPULATION_0014//INDIVIDUAL_UN25CBAH/model.o] Error 1\nError in TMB::compile(file.path(individual_dir, model_file), flags = flags,  : \n  Compilation failed\nError: Compilation failed\nExecution halted"
    },
    "5": {
      "status": "ERROR",
      "message": "R script failed with return code 1",
      "stdout": "g++ -std=gnu++17  -I\"C:/Users/spi085/AppData/Local/Programs/R/R-4.4.1/include\" -DNDEBUG -I\"C:/Users/spi085/AppData/Local/Programs/R/R-44~1.1/library/TMB/include\" -I\"C:/Users/spi085/AppData/Local/Programs/R/R-44~1.1/library/RCPPEI~1/include\"   -DTMB_EIGEN_DISABLE_WARNINGS   -DTMB_LIB_INIT=R_init_model  -DCPPAD_FRAMEWORK    -I\"C:/rtools44/x86_64-w64-mingw32.static.posix/include\"     -O2 -Wa,-mbig-obj -c POPULATIONS//POPULATION_0014//INDIVIDUAL_UN25CBAH/model.cpp -o POPULATIONS//POPULATION_0014//INDIVIDUAL_UN25CBAH/model.o\ng++ -std=gnu++17 -shared -s -static-libgcc -o POPULATIONS//POPULATION_0014//INDIVIDUAL_UN25CBAH/model.dll tmp.def POPULATIONS//POPULATION_0014//INDIVIDUAL_UN25CBAH/model.o -LC:/rtools44/x86_64-w64-mingw32.static.posix/lib/x64 -LC:/rtools44/x86_64-w64-mingw32.static.posix/lib -LC:/Users/spi085/AppData/Local/Programs/R/R-4.4.1/bin/x64 -lR\nStarting model phases\nNumber of phases: 4 \nPhase 1 \nInitial parameter values for phase 1 :\n    r_cots     a_fast     r_fast     r_slow imm_effect \n        NA      10.00         NA       0.03         NA \nError in model phases: NA/NaN gradient evaluation",
      "stderr": "Loading required package: TMB\nLoading required package: jsonlite\nhere() starts at C:/Users/spi085/OneDrive - CSIRO/Documents/_Projects/SCCP-QuantModelling\nusing C++ compiler: 'G__~1.EXE (GCC) 13.2.0'\nError in value[[3L]](cond) : \n  Error in model phases: NA/NaN gradient evaluation\nCalls: tryCatch -> tryCatchList -> tryCatchOne -> <Anonymous>\nIn addition: Warning message:\nIn nlminb(model$par, model$fn, model$gr) : NA/NaN function evaluation\nExecution halted"
    },
    "6": {
      "status": "ERROR",
      "message": "Model failed to compile.",
      "stdout": "g++ -std=gnu++17  -I\"C:/Users/spi085/AppData/Local/Programs/R/R-4.4.1/include\" -DNDEBUG -I\"C:/Users/spi085/AppData/Local/Programs/R/R-44~1.1/library/TMB/include\" -I\"C:/Users/spi085/AppData/Local/Programs/R/R-44~1.1/library/RCPPEI~1/include\"   -DTMB_EIGEN_DISABLE_WARNINGS   -DTMB_LIB_INIT=R_init_model  -DCPPAD_FRAMEWORK    -I\"C:/rtools44/x86_64-w64-mingw32.static.posix/include\"     -O2 -Wa,-mbig-obj -c POPULATIONS//POPULATION_0014//INDIVIDUAL_UN25CBAH/model.cpp -o POPULATIONS//POPULATION_0014//INDIVIDUAL_UN25CBAH/model.o",
      "stderr": "Loading required package: TMB\nLoading required package: jsonlite\nhere() starts at C:/Users/spi085/OneDrive - CSIRO/Documents/_Projects/SCCP-QuantModelling\nusing C++ compiler: 'G__~1.EXE (GCC) 13.2.0'\nPOPULATIONS//POPULATION_0014//INDIVIDUAL_UN25CBAH/model.cpp: In instantiation of 'Type objective_function<Type>::operator()() [with Type = CppAD::AD<double>]':\nC:/Users/spi085/AppData/Local/Programs/R/R-4.4.1/library/TMB/include/tmb_core.hpp:1308:6:   required from here\nPOPULATIONS//POPULATION_0014//INDIVIDUAL_UN25CBAH/model.cpp:76:16: error: no matching function for call to 'max(CppAD::AD<double>&, CppAD::AD<double>&)'\n   76 |     denom = max(denom, eps);  // Ensure denominator is not too small\n      |             ~~~^~~~~~~~~~~~\nIn file included from C:/Users/spi085/AppData/Local/Programs/R/R-4.4.1/library/TMB/include/TMB.hpp:215,\n                 from POPULATIONS//POPULATION_0014//INDIVIDUAL_UN25CBAH/model.cpp:1:\nC:/Users/spi085/AppData/Local/Programs/R/R-4.4.1/library/TMB/include/convenience.hpp:145:6: note: candidate: 'template<class Type> Type max(const tmbutils::vector<Type>&)'\n  145 | Type max(const vector<Type> &x)\n      |      ^~~\nC:/Users/spi085/AppData/Local/Programs/R/R-4.4.1/library/TMB/include/convenience.hpp:145:6: note:   template argument deduction/substitution failed:\nPOPULATIONS//POPULATION_0014//INDIVIDUAL_UN25CBAH/model.cpp:76:16: note:   'CppAD::AD<double>' is not derived from 'const tmbutils::vector<Type>'\n   76 |     denom = max(denom, eps);  // Ensure denominator is not too small\n      |             ~~~^~~~~~~~~~~~\nPOPULATIONS//POPULATION_0014//INDIVIDUAL_UN25CBAH/model.cpp:88:25: error: no matching function for call to 'max(CppAD::AD<double>&, double)'\n   88 |     density_effect = max(density_effect, -1.0);  // Bound density effect\n      |                      ~~~^~~~~~~~~~~~~~~~~~~~~~\nC:/Users/spi085/AppData/Local/Programs/R/R-4.4.1/library/TMB/include/convenience.hpp:145:6: note: candidate: 'template<class Type> Type max(const tmbutils::vector<Type>&)'\n  145 | Type max(const vector<Type> &x)\n      |      ^~~\nC:/Users/spi085/AppData/Local/Programs/R/R-4.4.1/library/TMB/include/convenience.hpp:145:6: note:   template argument deduction/substitution failed:\nPOPULATIONS//POPULATION_0014//INDIVIDUAL_UN25CBAH/model.cpp:88:25: note:   'CppAD::AD<double>' is not derived from 'const tmbutils::vector<Type>'\n   88 |     density_effect = max(density_effect, -1.0);  // Bound density effect\n      |                      ~~~^~~~~~~~~~~~~~~~~~~~~~\nPOPULATIONS//POPULATION_0014//INDIVIDUAL_UN25CBAH/model.cpp:96:23: error: no matching function for call to 'max(Eigen::DenseCoeffsBase<Eigen::Array<CppAD::AD<double>, -1, 1, 0, -1, 1>, 1>::Scalar&, CppAD::AD<double>&)'\n   96 |     cots_pred(t) = max(cots_pred(t), eps);  // Ensure positive values\n      |                    ~~~^~~~~~~~~~~~~~~~~~~\nC:/Users/spi085/AppData/Local/Programs/R/R-4.4.1/library/TMB/include/convenience.hpp:145:6: note: candidate: 'template<class Type> Type max(const tmbutils::vector<Type>&)'\n  145 | Type max(const vector<Type> &x)\n      |      ^~~\nC:/Users/spi085/AppData/Local/Programs/R/R-4.4.1/library/TMB/include/convenience.hpp:145:6: note:   template argument deduction/substitution failed:\nPOPULATIONS//POPULATION_0014//INDIVIDUAL_UN25CBAH/model.cpp:96:23: note:   'Eigen::DenseCoeffsBase<Eigen::Array<CppAD::AD<double>, -1, 1, 0, -1, 1>, 1>::Scalar' {aka 'CppAD::AD<double>'} is not derived from 'const tmbutils::vector<Type>'\n   96 |     cots_pred(t) = max(cots_pred(t), eps);  // Ensure positive values\n      |                    ~~~^~~~~~~~~~~~~~~~~~~\nPOPULATIONS//POPULATION_0014//INDIVIDUAL_UN25CBAH/model.cpp:101:27: error: no matching function for call to 'max(CppAD::AD<double>&, double)'\n  101 |     fast_competition = max(fast_competition, -1.0);  // Bound competition term\n      |                        ~~~^~~~~~~~~~~~~~~~~~~~~~~~\nC:/Users/spi085/AppData/Local/Programs/R/R-4.4.1/library/TMB/include/convenience.hpp:145:6: note: candidate: 'template<class Type> Type max(const tmbutils::vector<Type>&)'\n  145 | Type max(const vector<Type> &x)\n      |      ^~~\nC:/Users/spi085/AppData/Local/Programs/R/R-4.4.1/library/TMB/include/convenience.hpp:145:6: note:   template argument deduction/substitution failed:\nPOPULATIONS//POPULATION_0014//INDIVIDUAL_UN25CBAH/model.cpp:101:27: note:   'CppAD::AD<double>' is not derived from 'const tmbutils::vector<Type>'\n  101 |     fast_competition = max(fast_competition, -1.0);  // Bound competition term\n      |                        ~~~^~~~~~~~~~~~~~~~~~~~~~~~\nPOPULATIONS//POPULATION_0014//INDIVIDUAL_UN25CBAH/model.cpp:108:23: error: no matching function for call to 'max(Eigen::DenseCoeffsBase<Eigen::Array<CppAD::AD<double>, -1, 1, 0, -1, 1>, 1>::Scalar&, CppAD::AD<double>&)'\n  108 |     fast_pred(t) = max(fast_pred(t), eps);  // Ensure positive values\n      |                    ~~~^~~~~~~~~~~~~~~~~~~\nC:/Users/spi085/AppData/Local/Programs/R/R-4.4.1/library/TMB/include/convenience.hpp:145:6: note: candidate: 'template<class Type> Type max(const tmbutils::vector<Type>&)'\n  145 | Type max(const vector<Type> &x)\n      |      ^~~\nC:/Users/spi085/AppData/Local/Programs/R/R-4.4.1/library/TMB/include/convenience.hpp:145:6: note:   template argument deduction/substitution failed:\nPOPULATIONS//POPULATION_0014//INDIVIDUAL_UN25CBAH/model.cpp:108:23: note:   'Eigen::DenseCoeffsBase<Eigen::Array<CppAD::AD<double>, -1, 1, 0, -1, 1>, 1>::Scalar' {aka 'CppAD::AD<double>'} is not derived from 'const tmbutils::vector<Type>'\n  108 |     fast_pred(t) = max(fast_pred(t), eps);  // Ensure positive values\n      |                    ~~~^~~~~~~~~~~~~~~~~~~\nPOPULATIONS//POPULATION_0014//INDIVIDUAL_UN25CBAH/model.cpp:109:23: error: no matching function for call to 'min(Eigen::DenseCoeffsBase<Eigen::Array<CppAD::AD<double>, -1, 1, 0, -1, 1>, 1>::Scalar&, CppAD::AD<double>&)'\n  109 |     fast_pred(t) = min(fast_pred(t), K_fast);  // Ensure below carrying capacity\n      |                    ~~~^~~~~~~~~~~~~~~~~~~~~~\nC:/Users/spi085/AppData/Local/Programs/R/R-4.4.1/library/TMB/include/convenience.hpp:156:6: note: candidate: 'template<class Type> Type min(const tmbutils::vector<Type>&)'\n  156 | Type min(const vector<Type> &x)\n      |      ^~~\nC:/Users/spi085/AppData/Local/Programs/R/R-4.4.1/library/TMB/include/convenience.hpp:156:6: note:   template argument deduction/substitution failed:\nPOPULATIONS//POPULATION_0014//INDIVIDUAL_UN25CBAH/model.cpp:109:23: note:   'Eigen::DenseCoeffsBase<Eigen::Array<CppAD::AD<double>, -1, 1, 0, -1, 1>, 1>::Scalar' {aka 'CppAD::AD<double>'} is not derived from 'const tmbutils::vector<Type>'\n  109 |     fast_pred(t) = min(fast_pred(t), K_fast);  // Ensure below carrying capacity\n      |                    ~~~^~~~~~~~~~~~~~~~~~~~~~\nPOPULATIONS//POPULATION_0014//INDIVIDUAL_UN25CBAH/model.cpp:113:27: error: no matching function for call to 'max(CppAD::AD<double>&, double)'\n  113 |     slow_competition = max(slow_competition, -1.0);  // Bound competition term\n      |                        ~~~^~~~~~~~~~~~~~~~~~~~~~~~\nC:/Users/spi085/AppData/Local/Programs/R/R-4.4.1/library/TMB/include/convenience.hpp:145:6: note: candidate: 'template<class Type> Type max(const tmbutils::vector<Type>&)'\n  145 | Type max(const vector<Type> &x)\n      |      ^~~\nC:/Users/spi085/AppData/Local/Programs/R/R-4.4.1/library/TMB/include/convenience.hpp:145:6: note:   template argument deduction/substitution failed:\nPOPULATIONS//POPULATION_0014//INDIVIDUAL_UN25CBAH/model.cpp:113:27: note:   'CppAD::AD<double>' is not derived from 'const tmbutils::vector<Type>'\n  113 |     slow_competition = max(slow_competition, -1.0);  // Bound competition term\n      |                        ~~~^~~~~~~~~~~~~~~~~~~~~~~~\nPOPULATIONS//POPULATION_0014//INDIVIDUAL_UN25CBAH/model.cpp:120:23: error: no matching function for call to 'max(Eigen::DenseCoeffsBase<Eigen::Array<CppAD::AD<double>, -1, 1, 0, -1, 1>, 1>::Scalar&, CppAD::AD<double>&)'\n  120 |     slow_pred(t) = max(slow_pred(t), eps);  // Ensure positive values\n      |                    ~~~^~~~~~~~~~~~~~~~~~~\nC:/Users/spi085/AppData/Local/Programs/R/R-4.4.1/library/TMB/include/convenience.hpp:145:6: note: candidate: 'template<class Type> Type max(const tmbutils::vector<Type>&)'\n  145 | Type max(const vector<Type> &x)\n      |      ^~~\nC:/Users/spi085/AppData/Local/Programs/R/R-4.4.1/library/TMB/include/convenience.hpp:145:6: note:   template argument deduction/substitution failed:\nPOPULATIONS//POPULATION_0014//INDIVIDUAL_UN25CBAH/model.cpp:120:23: note:   'Eigen::DenseCoeffsBase<Eigen::Array<CppAD::AD<double>, -1, 1, 0, -1, 1>, 1>::Scalar' {aka 'CppAD::AD<double>'} is not derived from 'const tmbutils::vector<Type>'\n  120 |     slow_pred(t) = max(slow_pred(t), eps);  // Ensure positive values\n      |                    ~~~^~~~~~~~~~~~~~~~~~~\nPOPULATIONS//POPULATION_0014//INDIVIDUAL_UN25CBAH/model.cpp:121:23: error: no matching function for call to 'min(Eigen::DenseCoeffsBase<Eigen::Array<CppAD::AD<double>, -1, 1, 0, -1, 1>, 1>::Scalar&, CppAD::AD<double>&)'\n  121 |     slow_pred(t) = min(slow_pred(t), K_slow);  // Ensure below carrying capacity\n      |                    ~~~^~~~~~~~~~~~~~~~~~~~~~\nC:/Users/spi085/AppData/Local/Programs/R/R-4.4.1/library/TMB/include/convenience.hpp:156:6: note: candidate: 'template<class Type> Type min(const tmbutils::vector<Type>&)'\n  156 | Type min(const vector<Type> &x)\n      |      ^~~\nC:/Users/spi085/AppData/Local/Programs/R/R-4.4.1/library/TMB/include/convenience.hpp:156:6: note:   template argument deduction/substitution failed:\nPOPULATIONS//POPULATION_0014//INDIVIDUAL_UN25CBAH/model.cpp:121:23: note:   'Eigen::DenseCoeffsBase<Eigen::Array<CppAD::AD<double>, -1, 1, 0, -1, 1>, 1>::Scalar' {aka 'CppAD::AD<double>'} is not derived from 'const tmbutils::vector<Type>'\n  121 |     slow_pred(t) = min(slow_pred(t), K_slow);  // Ensure below carrying capacity\n      |                    ~~~^~~~~~~~~~~~~~~~~~~~~~\nPOPULATIONS//POPULATION_0014//INDIVIDUAL_UN25CBAH/model.cpp:129:28: error: no matching function for call to 'max(CppAD::AD<double>&, CppAD::AD<double>&)'\n  129 |     Type sigma_cots_t = max(sigma_cots, min_sigma);\n      |                         ~~~^~~~~~~~~~~~~~~~~~~~~~~\nC:/Users/spi085/AppData/Local/Programs/R/R-4.4.1/library/TMB/include/convenience.hpp:145:6: note: candidate: 'template<class Type> Type max(const tmbutils::vector<Type>&)'\n  145 | Type max(const vector<Type> &x)\n      |      ^~~\nC:/Users/spi085/AppData/Local/Programs/R/R-4.4.1/library/TMB/include/convenience.hpp:145:6: note:   template argument deduction/substitution failed:\nPOPULATIONS//POPULATION_0014//INDIVIDUAL_UN25CBAH/model.cpp:129:28: note:   'CppAD::AD<double>' is not derived from 'const tmbutils::vector<Type>'\n  129 |     Type sigma_cots_t = max(sigma_cots, min_sigma);\n      |                         ~~~^~~~~~~~~~~~~~~~~~~~~~~\nPOPULATIONS//POPULATION_0014//INDIVIDUAL_UN25CBAH/model.cpp:130:28: error: no matching function for call to 'max(CppAD::AD<double>&, CppAD::AD<double>&)'\n  130 |     Type sigma_slow_t = max(sigma_slow, min_sigma);\n      |                         ~~~^~~~~~~~~~~~~~~~~~~~~~~\nC:/Users/spi085/AppData/Local/Programs/R/R-4.4.1/library/TMB/include/convenience.hpp:145:6: note: candidate: 'template<class Type> Type max(const tmbutils::vector<Type>&)'\n  145 | Type max(const vector<Type> &x)\n      |      ^~~\nC:/Users/spi085/AppData/Local/Programs/R/R-4.4.1/library/TMB/include/convenience.hpp:145:6: note:   template argument deduction/substitution failed:\nPOPULATIONS//POPULATION_0014//INDIVIDUAL_UN25CBAH/model.cpp:130:28: note:   'CppAD::AD<double>' is not derived from 'const tmbutils::vector<Type>'\n  130 |     Type sigma_slow_t = max(sigma_slow, min_sigma);\n      |                         ~~~^~~~~~~~~~~~~~~~~~~~~~~\nPOPULATIONS//POPULATION_0014//INDIVIDUAL_UN25CBAH/model.cpp:131:28: error: no matching function for call to 'max(CppAD::AD<double>&, CppAD::AD<double>&)'\n  131 |     Type sigma_fast_t = max(sigma_fast, min_sigma);\n      |                         ~~~^~~~~~~~~~~~~~~~~~~~~~~\nC:/Users/spi085/AppData/Local/Programs/R/R-4.4.1/library/TMB/include/convenience.hpp:145:6: note: candidate: 'template<class Type> Type max(const tmbutils::vector<Type>&)'\n  145 | Type max(const vector<Type> &x)\n      |      ^~~\nC:/Users/spi085/AppData/Local/Programs/R/R-4.4.1/library/TMB/include/convenience.hpp:145:6: note:   template argument deduction/substitution failed:\nPOPULATIONS//POPULATION_0014//INDIVIDUAL_UN25CBAH/model.cpp:131:28: note:   'CppAD::AD<double>' is not derived from 'const tmbutils::vector<Type>'\n  131 |     Type sigma_fast_t = max(sigma_fast, min_sigma);\n      |                         ~~~^~~~~~~~~~~~~~~~~~~~~~~\nPOPULATIONS//POPULATION_0014//INDIVIDUAL_UN25CBAH/model.cpp: In instantiation of 'Type objective_function<Type>::operator()() [with Type = double]':\nC:/Users/spi085/AppData/Local/Programs/R/R-4.4.1/library/TMB/include/tmb_core.hpp:2031:7:   required from here\nPOPULATIONS//POPULATION_0014//INDIVIDUAL_UN25CBAH/model.cpp:76:16: error: no matching function for call to 'max(double&, double&)'\n   76 |     denom = max(denom, eps);  // Ensure denominator is not too small\n      |             ~~~^~~~~~~~~~~~\nC:/Users/spi085/AppData/Local/Programs/R/R-4.4.1/library/TMB/include/convenience.hpp:145:6: note: candidate: 'template<class Type> Type max(const tmbutils::vector<Type>&)'\n  145 | Type max(const vector<Type> &x)\n      |      ^~~\nC:/Users/spi085/AppData/Local/Programs/R/R-4.4.1/library/TMB/include/convenience.hpp:145:6: note:   template argument deduction/substitution failed:\nPOPULATIONS//POPULATION_0014//INDIVIDUAL_UN25CBAH/model.cpp:76:16: note:   mismatched types 'const tmbutils::vector<Type>' and 'double'\n   76 |     denom = max(denom, eps);  // Ensure denominator is not too small\n      |             ~~~^~~~~~~~~~~~\nPOPULATIONS//POPULATION_0014//INDIVIDUAL_UN25CBAH/model.cpp:88:25: error: no matching function for call to 'max(double&, double)'\n   88 |     density_effect = max(density_effect, -1.0);  // Bound density effect\n      |                      ~~~^~~~~~~~~~~~~~~~~~~~~~\nC:/Users/spi085/AppData/Local/Programs/R/R-4.4.1/library/TMB/include/convenience.hpp:145:6: note: candidate: 'template<class Type> Type max(const tmbutils::vector<Type>&)'\n  145 | Type max(const vector<Type> &x)\n      |      ^~~\nC:/Users/spi085/AppData/Local/Programs/R/R-4.4.1/library/TMB/include/convenience.hpp:145:6: note:   template argument deduction/substitution failed:\nPOPULATIONS//POPULATION_0014//INDIVIDUAL_UN25CBAH/model.cpp:88:25: note:   mismatched types 'const tmbutils::vector<Type>' and 'double'\n   88 |     density_effect = max(density_effect, -1.0);  // Bound density effect\n      |                      ~~~^~~~~~~~~~~~~~~~~~~~~~\nPOPULATIONS//POPULATION_0014//INDIVIDUAL_UN25CBAH/model.cpp:96:23: error: no matching function for call to 'max(Eigen::DenseCoeffsBase<Eigen::Array<double, -1, 1>, 1>::Scalar&, double&)'\n   96 |     cots_pred(t) = max(cots_pred(t), eps);  // Ensure positive values\n      |                    ~~~^~~~~~~~~~~~~~~~~~~\nC:/Users/spi085/AppData/Local/Programs/R/R-4.4.1/library/TMB/include/convenience.hpp:145:6: note: candidate: 'template<class Type> Type max(const tmbutils::vector<Type>&)'\n  145 | Type max(const vector<Type> &x)\n      |      ^~~\nC:/Users/spi085/AppData/Local/Programs/R/R-4.4.1/library/TMB/include/convenience.hpp:145:6: note:   template argument deduction/substitution failed:\nPOPULATIONS//POPULATION_0014//INDIVIDUAL_UN25CBAH/model.cpp:96:23: note:   mismatched types 'const tmbutils::vector<Type>' and 'Eigen::DenseCoeffsBase<Eigen::Array<double, -1, 1>, 1>::Scalar' {aka 'double'}\n   96 |     cots_pred(t) = max(cots_pred(t), eps);  // Ensure positive values\n      |                    ~~~^~~~~~~~~~~~~~~~~~~\nPOPULATIONS//POPULATION_0014//INDIVIDUAL_UN25CBAH/model.cpp:101:27: error: no matching function for call to 'max(double&, double)'\n  101 |     fast_competition = max(fast_competition, -1.0);  // Bound competition term\n      |                        ~~~^~~~~~~~~~~~~~~~~~~~~~~~\nC:/Users/spi085/AppData/Local/Programs/R/R-4.4.1/library/TMB/include/convenience.hpp:145:6: note: candidate: 'template<class Type> Type max(const tmbutils::vector<Type>&)'\n  145 | Type max(const vector<Type> &x)\n      |      ^~~\nC:/Users/spi085/AppData/Local/Programs/R/R-4.4.1/library/TMB/include/convenience.hpp:145:6: note:   template argument deduction/substitution failed:\nPOPULATIONS//POPULATION_0014//INDIVIDUAL_UN25CBAH/model.cpp:101:27: note:   mismatched types 'const tmbutils::vector<Type>' and 'double'\n  101 |     fast_competition = max(fast_competition, -1.0);  // Bound competition term\n      |                        ~~~^~~~~~~~~~~~~~~~~~~~~~~~\nPOPULATIONS//POPULATION_0014//INDIVIDUAL_UN25CBAH/model.cpp:108:23: error: no matching function for call to 'max(Eigen::DenseCoeffsBase<Eigen::Array<double, -1, 1>, 1>::Scalar&, double&)'\n  108 |     fast_pred(t) = max(fast_pred(t), eps);  // Ensure positive values\n      |                    ~~~^~~~~~~~~~~~~~~~~~~\nC:/Users/spi085/AppData/Local/Programs/R/R-4.4.1/library/TMB/include/convenience.hpp:145:6: note: candidate: 'template<class Type> Type max(const tmbutils::vector<Type>&)'\n  145 | Type max(const vector<Type> &x)\n      |      ^~~\nC:/Users/spi085/AppData/Local/Programs/R/R-4.4.1/library/TMB/include/convenience.hpp:145:6: note:   template argument deduction/substitution failed:\nPOPULATIONS//POPULATION_0014//INDIVIDUAL_UN25CBAH/model.cpp:108:23: note:   mismatched types 'const tmbutils::vector<Type>' and 'Eigen::DenseCoeffsBase<Eigen::Array<double, -1, 1>, 1>::Scalar' {aka 'double'}\n  108 |     fast_pred(t) = max(fast_pred(t), eps);  // Ensure positive values\n      |                    ~~~^~~~~~~~~~~~~~~~~~~\nPOPULATIONS//POPULATION_0014//INDIVIDUAL_UN25CBAH/model.cpp:109:23: error: no matching function for call to 'min(Eigen::DenseCoeffsBase<Eigen::Array<double, -1, 1>, 1>::Scalar&, double&)'\n  109 |     fast_pred(t) = min(fast_pred(t), K_fast);  // Ensure below carrying capacity\n      |                    ~~~^~~~~~~~~~~~~~~~~~~~~~\nC:/Users/spi085/AppData/Local/Programs/R/R-4.4.1/library/TMB/include/convenience.hpp:156:6: note: candidate: 'template<class Type> Type min(const tmbutils::vector<Type>&)'\n  156 | Type min(const vector<Type> &x)\n      |      ^~~\nC:/Users/spi085/AppData/Local/Programs/R/R-4.4.1/library/TMB/include/convenience.hpp:156:6: note:   template argument deduction/substitution failed:\nPOPULATIONS//POPULATION_0014//INDIVIDUAL_UN25CBAH/model.cpp:109:23: note:   mismatched types 'const tmbutils::vector<Type>' and 'Eigen::DenseCoeffsBase<Eigen::Array<double, -1, 1>, 1>::Scalar' {aka 'double'}\n  109 |     fast_pred(t) = min(fast_pred(t), K_fast);  // Ensure below carrying capacity\n      |                    ~~~^~~~~~~~~~~~~~~~~~~~~~\nPOPULATIONS//POPULATION_0014//INDIVIDUAL_UN25CBAH/model.cpp:113:27: error: no matching function for call to 'max(double&, double)'\n  113 |     slow_competition = max(slow_competition, -1.0);  // Bound competition term\n      |                        ~~~^~~~~~~~~~~~~~~~~~~~~~~~\nC:/Users/spi085/AppData/Local/Programs/R/R-4.4.1/library/TMB/include/convenience.hpp:145:6: note: candidate: 'template<class Type> Type max(const tmbutils::vector<Type>&)'\n  145 | Type max(const vector<Type> &x)\n      |      ^~~\nC:/Users/spi085/AppData/Local/Programs/R/R-4.4.1/library/TMB/include/convenience.hpp:145:6: note:   template argument deduction/substitution failed:\nPOPULATIONS//POPULATION_0014//INDIVIDUAL_UN25CBAH/model.cpp:113:27: note:   mismatched types 'const tmbutils::vector<Type>' and 'double'\n  113 |     slow_competition = max(slow_competition, -1.0);  // Bound competition term\n      |                        ~~~^~~~~~~~~~~~~~~~~~~~~~~~\nPOPULATIONS//POPULATION_0014//INDIVIDUAL_UN25CBAH/model.cpp:120:23: error: no matching function for call to 'max(Eigen::DenseCoeffsBase<Eigen::Array<double, -1, 1>, 1>::Scalar&, double&)'\n  120 |     slow_pred(t) = max(slow_pred(t), eps);  // Ensure positive values\n      |                    ~~~^~~~~~~~~~~~~~~~~~~\nC:/Users/spi085/AppData/Local/Programs/R/R-4.4.1/library/TMB/include/convenience.hpp:145:6: note: candidate: 'template<class Type> Type max(const tmbutils::vector<Type>&)'\n  145 | Type max(const vector<Type> &x)\n      |      ^~~\nC:/Users/spi085/AppData/Local/Programs/R/R-4.4.1/library/TMB/include/convenience.hpp:145:6: note:   template argument deduction/substitution failed:\nPOPULATIONS//POPULATION_0014//INDIVIDUAL_UN25CBAH/model.cpp:120:23: note:   mismatched types 'const tmbutils::vector<Type>' and 'Eigen::DenseCoeffsBase<Eigen::Array<double, -1, 1>, 1>::Scalar' {aka 'double'}\n  120 |     slow_pred(t) = max(slow_pred(t), eps);  // Ensure positive values\n      |                    ~~~^~~~~~~~~~~~~~~~~~~\nPOPULATIONS//POPULATION_0014//INDIVIDUAL_UN25CBAH/model.cpp:121:23: error: no matching function for call to 'min(Eigen::DenseCoeffsBase<Eigen::Array<double, -1, 1>, 1>::Scalar&, double&)'\n  121 |     slow_pred(t) = min(slow_pred(t), K_slow);  // Ensure below carrying capacity\n      |                    ~~~^~~~~~~~~~~~~~~~~~~~~~\nC:/Users/spi085/AppData/Local/Programs/R/R-4.4.1/library/TMB/include/convenience.hpp:156:6: note: candidate: 'template<class Type> Type min(const tmbutils::vector<Type>&)'\n  156 | Type min(const vector<Type> &x)\n      |      ^~~\nC:/Users/spi085/AppData/Local/Programs/R/R-4.4.1/library/TMB/include/convenience.hpp:156:6: note:   template argument deduction/substitution failed:\nPOPULATIONS//POPULATION_0014//INDIVIDUAL_UN25CBAH/model.cpp:121:23: note:   mismatched types 'const tmbutils::vector<Type>' and 'Eigen::DenseCoeffsBase<Eigen::Array<double, -1, 1>, 1>::Scalar' {aka 'double'}\n  121 |     slow_pred(t) = min(slow_pred(t), K_slow);  // Ensure below carrying capacity\n      |                    ~~~^~~~~~~~~~~~~~~~~~~~~~\nPOPULATIONS//POPULATION_0014//INDIVIDUAL_UN25CBAH/model.cpp:129:28: error: no matching function for call to 'max(double&, double&)'\n  129 |     Type sigma_cots_t = max(sigma_cots, min_sigma);\n      |                         ~~~^~~~~~~~~~~~~~~~~~~~~~~\nC:/Users/spi085/AppData/Local/Programs/R/R-4.4.1/library/TMB/include/convenience.hpp:145:6: note: candidate: 'template<class Type> Type max(const tmbutils::vector<Type>&)'\n  145 | Type max(const vector<Type> &x)\n      |      ^~~\nC:/Users/spi085/AppData/Local/Programs/R/R-4.4.1/library/TMB/include/convenience.hpp:145:6: note:   template argument deduction/substitution failed:\nPOPULATIONS//POPULATION_0014//INDIVIDUAL_UN25CBAH/model.cpp:129:28: note:   mismatched types 'const tmbutils::vector<Type>' and 'double'\n  129 |     Type sigma_cots_t = max(sigma_cots, min_sigma);\n      |                         ~~~^~~~~~~~~~~~~~~~~~~~~~~\nPOPULATIONS//POPULATION_0014//INDIVIDUAL_UN25CBAH/model.cpp:130:28: error: no matching function for call to 'max(double&, double&)'\n  130 |     Type sigma_slow_t = max(sigma_slow, min_sigma);\n      |                         ~~~^~~~~~~~~~~~~~~~~~~~~~~\nC:/Users/spi085/AppData/Local/Programs/R/R-4.4.1/library/TMB/include/convenience.hpp:145:6: note: candidate: 'template<class Type> Type max(const tmbutils::vector<Type>&)'\n  145 | Type max(const vector<Type> &x)\n      |      ^~~\nC:/Users/spi085/AppData/Local/Programs/R/R-4.4.1/library/TMB/include/convenience.hpp:145:6: note:   template argument deduction/substitution failed:\nPOPULATIONS//POPULATION_0014//INDIVIDUAL_UN25CBAH/model.cpp:130:28: note:   mismatched types 'const tmbutils::vector<Type>' and 'double'\n  130 |     Type sigma_slow_t = max(sigma_slow, min_sigma);\n      |                         ~~~^~~~~~~~~~~~~~~~~~~~~~~\nPOPULATIONS//POPULATION_0014//INDIVIDUAL_UN25CBAH/model.cpp:131:28: error: no matching function for call to 'max(double&, double&)'\n  131 |     Type sigma_fast_t = max(sigma_fast, min_sigma);\n      |                         ~~~^~~~~~~~~~~~~~~~~~~~~~~\nC:/Users/spi085/AppData/Local/Programs/R/R-4.4.1/library/TMB/include/convenience.hpp:145:6: note: candidate: 'template<class Type> Type max(const tmbutils::vector<Type>&)'\n  145 | Type max(const vector<Type> &x)\n      |      ^~~\nC:/Users/spi085/AppData/Local/Programs/R/R-4.4.1/library/TMB/include/convenience.hpp:145:6: note:   template argument deduction/substitution failed:\nPOPULATIONS//POPULATION_0014//INDIVIDUAL_UN25CBAH/model.cpp:131:28: note:   mismatched types 'const tmbutils::vector<Type>' and 'double'\n  131 |     Type sigma_fast_t = max(sigma_fast, min_sigma);\n      |                         ~~~^~~~~~~~~~~~~~~~~~~~~~~\nPOPULATIONS//POPULATION_0014//INDIVIDUAL_UN25CBAH/model.cpp: In instantiation of 'Type objective_function<Type>::operator()() [with Type = CppAD::AD<CppAD::AD<double> >]':\nC:/Users/spi085/AppData/Local/Programs/R/R-4.4.1/library/TMB/include/tmb_core.hpp:913:29:   required from 'Type objective_function<Type>::evalUserTemplate() [with Type = CppAD::AD<CppAD::AD<double> >]'\nC:/Users/spi085/AppData/Local/Programs/R/R-4.4.1/library/TMB/include/tmb_core.hpp:2112:26:   required from here\nPOPULATIONS//POPULATION_0014//INDIVIDUAL_UN25CBAH/model.cpp:76:16: error: no matching function for call to 'max(CppAD::AD<CppAD::AD<double> >&, CppAD::AD<CppAD::AD<double> >&)'\n   76 |     denom = max(denom, eps);  // Ensure denominator is not too small\n      |             ~~~^~~~~~~~~~~~\nC:/Users/spi085/AppData/Local/Programs/R/R-4.4.1/library/TMB/include/convenience.hpp:145:6: note: candidate: 'template<class Type> Type max(const tmbutils::vector<Type>&)'\n  145 | Type max(const vector<Type> &x)\n      |      ^~~\nC:/Users/spi085/AppData/Local/Programs/R/R-4.4.1/library/TMB/include/convenience.hpp:145:6: note:   template argument deduction/substitution failed:\nPOPULATIONS//POPULATION_0014//INDIVIDUAL_UN25CBAH/model.cpp:76:16: note:   'CppAD::AD<CppAD::AD<double> >' is not derived from 'const tmbutils::vector<Type>'\n   76 |     denom = max(denom, eps);  // Ensure denominator is not too small\n      |             ~~~^~~~~~~~~~~~\nPOPULATIONS//POPULATION_0014//INDIVIDUAL_UN25CBAH/model.cpp:88:25: error: no matching function for call to 'max(CppAD::AD<CppAD::AD<double> >&, double)'\n   88 |     density_effect = max(density_effect, -1.0);  // Bound density effect\n      |                      ~~~^~~~~~~~~~~~~~~~~~~~~~\nC:/Users/spi085/AppData/Local/Programs/R/R-4.4.1/library/TMB/include/convenience.hpp:145:6: note: candidate: 'template<class Type> Type max(const tmbutils::vector<Type>&)'\n  145 | Type max(const vector<Type> &x)\n      |      ^~~\nC:/Users/spi085/AppData/Local/Programs/R/R-4.4.1/library/TMB/include/convenience.hpp:145:6: note:   template argument deduction/substitution failed:\nPOPULATIONS//POPULATION_0014//INDIVIDUAL_UN25CBAH/model.cpp:88:25: note:   'CppAD::AD<CppAD::AD<double> >' is not derived from 'const tmbutils::vector<Type>'\n   88 |     density_effect = max(density_effect, -1.0);  // Bound density effect\n      |                      ~~~^~~~~~~~~~~~~~~~~~~~~~\nPOPULATIONS//POPULATION_0014//INDIVIDUAL_UN25CBAH/model.cpp:96:23: error: no matching function for call to 'max(Eigen::DenseCoeffsBase<Eigen::Array<CppAD::AD<CppAD::AD<double> >, -1, 1, 0, -1, 1>, 1>::Scalar&, CppAD::AD<CppAD::AD<double> >&)'\n   96 |     cots_pred(t) = max(cots_pred(t), eps);  // Ensure positive values\n      |                    ~~~^~~~~~~~~~~~~~~~~~~\nC:/Users/spi085/AppData/Local/Programs/R/R-4.4.1/library/TMB/include/convenience.hpp:145:6: note: candidate: 'template<class Type> Type max(const tmbutils::vector<Type>&)'\n  145 | Type max(const vector<Type> &x)\n      |      ^~~\nC:/Users/spi085/AppData/Local/Programs/R/R-4.4.1/library/TMB/include/convenience.hpp:145:6: note:   template argument deduction/substitution failed:\nPOPULATIONS//POPULATION_0014//INDIVIDUAL_UN25CBAH/model.cpp:96:23: note:   'Eigen::DenseCoeffsBase<Eigen::Array<CppAD::AD<CppAD::AD<double> >, -1, 1, 0, -1, 1>, 1>::Scalar' {aka 'CppAD::AD<CppAD::AD<double> >'} is not derived from 'const tmbutils::vector<Type>'\n   96 |     cots_pred(t) = max(cots_pred(t), eps);  // Ensure positive values\n      |                    ~~~^~~~~~~~~~~~~~~~~~~\nPOPULATIONS//POPULATION_0014//INDIVIDUAL_UN25CBAH/model.cpp:101:27: error: no matching function for call to 'max(CppAD::AD<CppAD::AD<double> >&, double)'\n  101 |     fast_competition = max(fast_competition, -1.0);  // Bound competition term\n      |                        ~~~^~~~~~~~~~~~~~~~~~~~~~~~\nC:/Users/spi085/AppData/Local/Programs/R/R-4.4.1/library/TMB/include/convenience.hpp:145:6: note: candidate: 'template<class Type> Type max(const tmbutils::vector<Type>&)'\n  145 | Type max(const vector<Type> &x)\n      |      ^~~\nC:/Users/spi085/AppData/Local/Programs/R/R-4.4.1/library/TMB/include/convenience.hpp:145:6: note:   template argument deduction/substitution failed:\nPOPULATIONS//POPULATION_0014//INDIVIDUAL_UN25CBAH/model.cpp:101:27: note:   'CppAD::AD<CppAD::AD<double> >' is not derived from 'const tmbutils::vector<Type>'\n  101 |     fast_competition = max(fast_competition, -1.0);  // Bound competition term\n      |                        ~~~^~~~~~~~~~~~~~~~~~~~~~~~\nPOPULATIONS//POPULATION_0014//INDIVIDUAL_UN25CBAH/model.cpp:108:23: error: no matching function for call to 'max(Eigen::DenseCoeffsBase<Eigen::Array<CppAD::AD<CppAD::AD<double> >, -1, 1, 0, -1, 1>, 1>::Scalar&, CppAD::AD<CppAD::AD<double> >&)'\n  108 |     fast_pred(t) = max(fast_pred(t), eps);  // Ensure positive values\n      |                    ~~~^~~~~~~~~~~~~~~~~~~\nC:/Users/spi085/AppData/Local/Programs/R/R-4.4.1/library/TMB/include/convenience.hpp:145:6: note: candidate: 'template<class Type> Type max(const tmbutils::vector<Type>&)'\n  145 | Type max(const vector<Type> &x)\n      |      ^~~\nC:/Users/spi085/AppData/Local/Programs/R/R-4.4.1/library/TMB/include/convenience.hpp:145:6: note:   template argument deduction/substitution failed:\nPOPULATIONS//POPULATION_0014//INDIVIDUAL_UN25CBAH/model.cpp:108:23: note:   'Eigen::DenseCoeffsBase<Eigen::Array<CppAD::AD<CppAD::AD<double> >, -1, 1, 0, -1, 1>, 1>::Scalar' {aka 'CppAD::AD<CppAD::AD<double> >'} is not derived from 'const tmbutils::vector<Type>'\n  108 |     fast_pred(t) = max(fast_pred(t), eps);  // Ensure positive values\n      |                    ~~~^~~~~~~~~~~~~~~~~~~\nPOPULATIONS//POPULATION_0014//INDIVIDUAL_UN25CBAH/model.cpp:109:23: error: no matching function for call to 'min(Eigen::DenseCoeffsBase<Eigen::Array<CppAD::AD<CppAD::AD<double> >, -1, 1, 0, -1, 1>, 1>::Scalar&, CppAD::AD<CppAD::AD<double> >&)'\n  109 |     fast_pred(t) = min(fast_pred(t), K_fast);  // Ensure below carrying capacity\n      |                    ~~~^~~~~~~~~~~~~~~~~~~~~~\nC:/Users/spi085/AppData/Local/Programs/R/R-4.4.1/library/TMB/include/convenience.hpp:156:6: note: candidate: 'template<class Type> Type min(const tmbutils::vector<Type>&)'\n  156 | Type min(const vector<Type> &x)\n      |      ^~~\nC:/Users/spi085/AppData/Local/Programs/R/R-4.4.1/library/TMB/include/convenience.hpp:156:6: note:   template argument deduction/substitution failed:\nPOPULATIONS//POPULATION_0014//INDIVIDUAL_UN25CBAH/model.cpp:109:23: note:   'Eigen::DenseCoeffsBase<Eigen::Array<CppAD::AD<CppAD::AD<double> >, -1, 1, 0, -1, 1>, 1>::Scalar' {aka 'CppAD::AD<CppAD::AD<double> >'} is not derived from 'const tmbutils::vector<Type>'\n  109 |     fast_pred(t) = min(fast_pred(t), K_fast);  // Ensure below carrying capacity\n      |                    ~~~^~~~~~~~~~~~~~~~~~~~~~\nPOPULATIONS//POPULATION_0014//INDIVIDUAL_UN25CBAH/model.cpp:113:27: error: no matching function for call to 'max(CppAD::AD<CppAD::AD<double> >&, double)'\n  113 |     slow_competition = max(slow_competition, -1.0);  // Bound competition term\n      |                        ~~~^~~~~~~~~~~~~~~~~~~~~~~~\nC:/Users/spi085/AppData/Local/Programs/R/R-4.4.1/library/TMB/include/convenience.hpp:145:6: note: candidate: 'template<class Type> Type max(const tmbutils::vector<Type>&)'\n  145 | Type max(const vector<Type> &x)\n      |      ^~~\nC:/Users/spi085/AppData/Local/Programs/R/R-4.4.1/library/TMB/include/convenience.hpp:145:6: note:   template argument deduction/substitution failed:\nPOPULATIONS//POPULATION_0014//INDIVIDUAL_UN25CBAH/model.cpp:113:27: note:   'CppAD::AD<CppAD::AD<double> >' is not derived from 'const tmbutils::vector<Type>'\n  113 |     slow_competition = max(slow_competition, -1.0);  // Bound competition term\n      |                        ~~~^~~~~~~~~~~~~~~~~~~~~~~~\nPOPULATIONS//POPULATION_0014//INDIVIDUAL_UN25CBAH/model.cpp:120:23: error: no matching function for call to 'max(Eigen::DenseCoeffsBase<Eigen::Array<CppAD::AD<CppAD::AD<double> >, -1, 1, 0, -1, 1>, 1>::Scalar&, CppAD::AD<CppAD::AD<double> >&)'\n  120 |     slow_pred(t) = max(slow_pred(t), eps);  // Ensure positive values\n      |                    ~~~^~~~~~~~~~~~~~~~~~~\nC:/Users/spi085/AppData/Local/Programs/R/R-4.4.1/library/TMB/include/convenience.hpp:145:6: note: candidate: 'template<class Type> Type max(const tmbutils::vector<Type>&)'\n  145 | Type max(const vector<Type> &x)\n      |      ^~~\nC:/Users/spi085/AppData/Local/Programs/R/R-4.4.1/library/TMB/include/convenience.hpp:145:6: note:   template argument deduction/substitution failed:\nPOPULATIONS//POPULATION_0014//INDIVIDUAL_UN25CBAH/model.cpp:120:23: note:   'Eigen::DenseCoeffsBase<Eigen::Array<CppAD::AD<CppAD::AD<double> >, -1, 1, 0, -1, 1>, 1>::Scalar' {aka 'CppAD::AD<CppAD::AD<double> >'} is not derived from 'const tmbutils::vector<Type>'\n  120 |     slow_pred(t) = max(slow_pred(t), eps);  // Ensure positive values\n      |                    ~~~^~~~~~~~~~~~~~~~~~~\nPOPULATIONS//POPULATION_0014//INDIVIDUAL_UN25CBAH/model.cpp:121:23: error: no matching function for call to 'min(Eigen::DenseCoeffsBase<Eigen::Array<CppAD::AD<CppAD::AD<double> >, -1, 1, 0, -1, 1>, 1>::Scalar&, CppAD::AD<CppAD::AD<double> >&)'\n  121 |     slow_pred(t) = min(slow_pred(t), K_slow);  // Ensure below carrying capacity\n      |                    ~~~^~~~~~~~~~~~~~~~~~~~~~\nC:/Users/spi085/AppData/Local/Programs/R/R-4.4.1/library/TMB/include/convenience.hpp:156:6: note: candidate: 'template<class Type> Type min(const tmbutils::vector<Type>&)'\n  156 | Type min(const vector<Type> &x)\n      |      ^~~\nC:/Users/spi085/AppData/Local/Programs/R/R-4.4.1/library/TMB/include/convenience.hpp:156:6: note:   template argument deduction/substitution failed:\nPOPULATIONS//POPULATION_0014//INDIVIDUAL_UN25CBAH/model.cpp:121:23: note:   'Eigen::DenseCoeffsBase<Eigen::Array<CppAD::AD<CppAD::AD<double> >, -1, 1, 0, -1, 1>, 1>::Scalar' {aka 'CppAD::AD<CppAD::AD<double> >'} is not derived from 'const tmbutils::vector<Type>'\n  121 |     slow_pred(t) = min(slow_pred(t), K_slow);  // Ensure below carrying capacity\n      |                    ~~~^~~~~~~~~~~~~~~~~~~~~~\nPOPULATIONS//POPULATION_0014//INDIVIDUAL_UN25CBAH/model.cpp:129:28: error: no matching function for call to 'max(CppAD::AD<CppAD::AD<double> >&, CppAD::AD<CppAD::AD<double> >&)'\n  129 |     Type sigma_cots_t = max(sigma_cots, min_sigma);\n      |                         ~~~^~~~~~~~~~~~~~~~~~~~~~~\nC:/Users/spi085/AppData/Local/Programs/R/R-4.4.1/library/TMB/include/convenience.hpp:145:6: note: candidate: 'template<class Type> Type max(const tmbutils::vector<Type>&)'\n  145 | Type max(const vector<Type> &x)\n      |      ^~~\nC:/Users/spi085/AppData/Local/Programs/R/R-4.4.1/library/TMB/include/convenience.hpp:145:6: note:   template argument deduction/substitution failed:\nPOPULATIONS//POPULATION_0014//INDIVIDUAL_UN25CBAH/model.cpp:129:28: note:   'CppAD::AD<CppAD::AD<double> >' is not derived from 'const tmbutils::vector<Type>'\n  129 |     Type sigma_cots_t = max(sigma_cots, min_sigma);\n      |                         ~~~^~~~~~~~~~~~~~~~~~~~~~~\nPOPULATIONS//POPULATION_0014//INDIVIDUAL_UN25CBAH/model.cpp:130:28: error: no matching function for call to 'max(CppAD::AD<CppAD::AD<double> >&, CppAD::AD<CppAD::AD<double> >&)'\n  130 |     Type sigma_slow_t = max(sigma_slow, min_sigma);\n      |                         ~~~^~~~~~~~~~~~~~~~~~~~~~~\nC:/Users/spi085/AppData/Local/Programs/R/R-4.4.1/library/TMB/include/convenience.hpp:145:6: note: candidate: 'template<class Type> Type max(const tmbutils::vector<Type>&)'\n  145 | Type max(const vector<Type> &x)\n      |      ^~~\nC:/Users/spi085/AppData/Local/Programs/R/R-4.4.1/library/TMB/include/convenience.hpp:145:6: note:   template argument deduction/substitution failed:\nPOPULATIONS//POPULATION_0014//INDIVIDUAL_UN25CBAH/model.cpp:130:28: note:   'CppAD::AD<CppAD::AD<double> >' is not derived from 'const tmbutils::vector<Type>'\n  130 |     Type sigma_slow_t = max(sigma_slow, min_sigma);\n      |                         ~~~^~~~~~~~~~~~~~~~~~~~~~~\nPOPULATIONS//POPULATION_0014//INDIVIDUAL_UN25CBAH/model.cpp:131:28: error: no matching function for call to 'max(CppAD::AD<CppAD::AD<double> >&, CppAD::AD<CppAD::AD<double> >&)'\n  131 |     Type sigma_fast_t = max(sigma_fast, min_sigma);\n      |                         ~~~^~~~~~~~~~~~~~~~~~~~~~~\nC:/Users/spi085/AppData/Local/Programs/R/R-4.4.1/library/TMB/include/convenience.hpp:145:6: note: candidate: 'template<class Type> Type max(const tmbutils::vector<Type>&)'\n  145 | Type max(const vector<Type> &x)\n      |      ^~~\nC:/Users/spi085/AppData/Local/Programs/R/R-4.4.1/library/TMB/include/convenience.hpp:145:6: note:   template argument deduction/substitution failed:\nPOPULATIONS//POPULATION_0014//INDIVIDUAL_UN25CBAH/model.cpp:131:28: note:   'CppAD::AD<CppAD::AD<double> >' is not derived from 'const tmbutils::vector<Type>'\n  131 |     Type sigma_fast_t = max(sigma_fast, min_sigma);\n      |                         ~~~^~~~~~~~~~~~~~~~~~~~~~~\nPOPULATIONS//POPULATION_0014//INDIVIDUAL_UN25CBAH/model.cpp: In instantiation of 'Type objective_function<Type>::operator()() [with Type = CppAD::AD<CppAD::AD<CppAD::AD<double> > >]':\nC:/Users/spi085/AppData/Local/Programs/R/R-4.4.1/library/TMB/include/tmb_core.hpp:913:29:   required from 'Type objective_function<Type>::evalUserTemplate() [with Type = CppAD::AD<CppAD::AD<CppAD::AD<double> > >]'\nC:/Users/spi085/AppData/Local/Programs/R/R-4.4.1/library/TMB/include/tmb_core.hpp:2361:28:   required from here\nPOPULATIONS//POPULATION_0014//INDIVIDUAL_UN25CBAH/model.cpp:76:16: error: no matching function for call to 'max(CppAD::AD<CppAD::AD<CppAD::AD<double> > >&, CppAD::AD<CppAD::AD<CppAD::AD<double> > >&)'\n   76 |     denom = max(denom, eps);  // Ensure denominator is not too small\n      |             ~~~^~~~~~~~~~~~\nC:/Users/spi085/AppData/Local/Programs/R/R-4.4.1/library/TMB/include/convenience.hpp:145:6: note: candidate: 'template<class Type> Type max(const tmbutils::vector<Type>&)'\n  145 | Type max(const vector<Type> &x)\n      |      ^~~\nC:/Users/spi085/AppData/Local/Programs/R/R-4.4.1/library/TMB/include/convenience.hpp:145:6: note:   template argument deduction/substitution failed:\nPOPULATIONS//POPULATION_0014//INDIVIDUAL_UN25CBAH/model.cpp:76:16: note:   'CppAD::AD<CppAD::AD<CppAD::AD<double> > >' is not derived from 'const tmbutils::vector<Type>'\n   76 |     denom = max(denom, eps);  // Ensure denominator is not too small\n      |             ~~~^~~~~~~~~~~~\nPOPULATIONS//POPULATION_0014//INDIVIDUAL_UN25CBAH/model.cpp:88:25: error: no matching function for call to 'max(CppAD::AD<CppAD::AD<CppAD::AD<double> > >&, double)'\n   88 |     density_effect = max(density_effect, -1.0);  // Bound density effect\n      |                      ~~~^~~~~~~~~~~~~~~~~~~~~~\nC:/Users/spi085/AppData/Local/Programs/R/R-4.4.1/library/TMB/include/convenience.hpp:145:6: note: candidate: 'template<class Type> Type max(const tmbutils::vector<Type>&)'\n  145 | Type max(const vector<Type> &x)\n      |      ^~~\nC:/Users/spi085/AppData/Local/Programs/R/R-4.4.1/library/TMB/include/convenience.hpp:145:6: note:   template argument deduction/substitution failed:\nPOPULATIONS//POPULATION_0014//INDIVIDUAL_UN25CBAH/model.cpp:88:25: note:   'CppAD::AD<CppAD::AD<CppAD::AD<double> > >' is not derived from 'const tmbutils::vector<Type>'\n   88 |     density_effect = max(density_effect, -1.0);  // Bound density effect\n      |                      ~~~^~~~~~~~~~~~~~~~~~~~~~\nPOPULATIONS//POPULATION_0014//INDIVIDUAL_UN25CBAH/model.cpp:96:23: error: no matching function for call to 'max(Eigen::DenseCoeffsBase<Eigen::Array<CppAD::AD<CppAD::AD<CppAD::AD<double> > >, -1, 1, 0, -1, 1>, 1>::Scalar&, CppAD::AD<CppAD::AD<CppAD::AD<double> > >&)'\n   96 |     cots_pred(t) = max(cots_pred(t), eps);  // Ensure positive values\n      |                    ~~~^~~~~~~~~~~~~~~~~~~\nC:/Users/spi085/AppData/Local/Programs/R/R-4.4.1/library/TMB/include/convenience.hpp:145:6: note: candidate: 'template<class Type> Type max(const tmbutils::vector<Type>&)'\n  145 | Type max(const vector<Type> &x)\n      |      ^~~\nC:/Users/spi085/AppData/Local/Programs/R/R-4.4.1/library/TMB/include/convenience.hpp:145:6: note:   template argument deduction/substitution failed:\nPOPULATIONS//POPULATION_0014//INDIVIDUAL_UN25CBAH/model.cpp:96:23: note:   'Eigen::DenseCoeffsBase<Eigen::Array<CppAD::AD<CppAD::AD<CppAD::AD<double> > >, -1, 1, 0, -1, 1>, 1>::Scalar' {aka 'CppAD::AD<CppAD::AD<CppAD::AD<double> > >'} is not derived from 'const tmbutils::vector<Type>'\n   96 |     cots_pred(t) = max(cots_pred(t), eps);  // Ensure positive values\n      |                    ~~~^~~~~~~~~~~~~~~~~~~\nPOPULATIONS//POPULATION_0014//INDIVIDUAL_UN25CBAH/model.cpp:101:27: error: no matching function for call to 'max(CppAD::AD<CppAD::AD<CppAD::AD<double> > >&, double)'\n  101 |     fast_competition = max(fast_competition, -1.0);  // Bound competition term\n      |                        ~~~^~~~~~~~~~~~~~~~~~~~~~~~\nC:/Users/spi085/AppData/Local/Programs/R/R-4.4.1/library/TMB/include/convenience.hpp:145:6: note: candidate: 'template<class Type> Type max(const tmbutils::vector<Type>&)'\n  145 | Type max(const vector<Type> &x)\n      |      ^~~\nC:/Users/spi085/AppData/Local/Programs/R/R-4.4.1/library/TMB/include/convenience.hpp:145:6: note:   template argument deduction/substitution failed:\nPOPULATIONS//POPULATION_0014//INDIVIDUAL_UN25CBAH/model.cpp:101:27: note:   'CppAD::AD<CppAD::AD<CppAD::AD<double> > >' is not derived from 'const tmbutils::vector<Type>'\n  101 |     fast_competition = max(fast_competition, -1.0);  // Bound competition term\n      |                        ~~~^~~~~~~~~~~~~~~~~~~~~~~~\nPOPULATIONS//POPULATION_0014//INDIVIDUAL_UN25CBAH/model.cpp:108:23: error: no matching function for call to 'max(Eigen::DenseCoeffsBase<Eigen::Array<CppAD::AD<CppAD::AD<CppAD::AD<double> > >, -1, 1, 0, -1, 1>, 1>::Scalar&, CppAD::AD<CppAD::AD<CppAD::AD<double> > >&)'\n  108 |     fast_pred(t) = max(fast_pred(t), eps);  // Ensure positive values\n      |                    ~~~^~~~~~~~~~~~~~~~~~~\nC:/Users/spi085/AppData/Local/Programs/R/R-4.4.1/library/TMB/include/convenience.hpp:145:6: note: candidate: 'template<class Type> Type max(const tmbutils::vector<Type>&)'\n  145 | Type max(const vector<Type> &x)\n      |      ^~~\nC:/Users/spi085/AppData/Local/Programs/R/R-4.4.1/library/TMB/include/convenience.hpp:145:6: note:   template argument deduction/substitution failed:\nPOPULATIONS//POPULATION_0014//INDIVIDUAL_UN25CBAH/model.cpp:108:23: note:   'Eigen::DenseCoeffsBase<Eigen::Array<CppAD::AD<CppAD::AD<CppAD::AD<double> > >, -1, 1, 0, -1, 1>, 1>::Scalar' {aka 'CppAD::AD<CppAD::AD<CppAD::AD<double> > >'} is not derived from 'const tmbutils::vector<Type>'\n  108 |     fast_pred(t) = max(fast_pred(t), eps);  // Ensure positive values\n      |                    ~~~^~~~~~~~~~~~~~~~~~~\nPOPULATIONS//POPULATION_0014//INDIVIDUAL_UN25CBAH/model.cpp:109:23: error: no matching function for call to 'min(Eigen::DenseCoeffsBase<Eigen::Array<CppAD::AD<CppAD::AD<CppAD::AD<double> > >, -1, 1, 0, -1, 1>, 1>::Scalar&, CppAD::AD<CppAD::AD<CppAD::AD<double> > >&)'\n  109 |     fast_pred(t) = min(fast_pred(t), K_fast);  // Ensure below carrying capacity\n      |                    ~~~^~~~~~~~~~~~~~~~~~~~~~\nC:/Users/spi085/AppData/Local/Programs/R/R-4.4.1/library/TMB/include/convenience.hpp:156:6: note: candidate: 'template<class Type> Type min(const tmbutils::vector<Type>&)'\n  156 | Type min(const vector<Type> &x)\n      |      ^~~\nC:/Users/spi085/AppData/Local/Programs/R/R-4.4.1/library/TMB/include/convenience.hpp:156:6: note:   template argument deduction/substitution failed:\nPOPULATIONS//POPULATION_0014//INDIVIDUAL_UN25CBAH/model.cpp:109:23: note:   'Eigen::DenseCoeffsBase<Eigen::Array<CppAD::AD<CppAD::AD<CppAD::AD<double> > >, -1, 1, 0, -1, 1>, 1>::Scalar' {aka 'CppAD::AD<CppAD::AD<CppAD::AD<double> > >'} is not derived from 'const tmbutils::vector<Type>'\n  109 |     fast_pred(t) = min(fast_pred(t), K_fast);  // Ensure below carrying capacity\n      |                    ~~~^~~~~~~~~~~~~~~~~~~~~~\nPOPULATIONS//POPULATION_0014//INDIVIDUAL_UN25CBAH/model.cpp:113:27: error: no matching function for call to 'max(CppAD::AD<CppAD::AD<CppAD::AD<double> > >&, double)'\n  113 |     slow_competition = max(slow_competition, -1.0);  // Bound competition term\n      |                        ~~~^~~~~~~~~~~~~~~~~~~~~~~~\nC:/Users/spi085/AppData/Local/Programs/R/R-4.4.1/library/TMB/include/convenience.hpp:145:6: note: candidate: 'template<class Type> Type max(const tmbutils::vector<Type>&)'\n  145 | Type max(const vector<Type> &x)\n      |      ^~~\nC:/Users/spi085/AppData/Local/Programs/R/R-4.4.1/library/TMB/include/convenience.hpp:145:6: note:   template argument deduction/substitution failed:\nPOPULATIONS//POPULATION_0014//INDIVIDUAL_UN25CBAH/model.cpp:113:27: note:   'CppAD::AD<CppAD::AD<CppAD::AD<double> > >' is not derived from 'const tmbutils::vector<Type>'\n  113 |     slow_competition = max(slow_competition, -1.0);  // Bound competition term\n      |                        ~~~^~~~~~~~~~~~~~~~~~~~~~~~\nPOPULATIONS//POPULATION_0014//INDIVIDUAL_UN25CBAH/model.cpp:120:23: error: no matching function for call to 'max(Eigen::DenseCoeffsBase<Eigen::Array<CppAD::AD<CppAD::AD<CppAD::AD<double> > >, -1, 1, 0, -1, 1>, 1>::Scalar&, CppAD::AD<CppAD::AD<CppAD::AD<double> > >&)'\n  120 |     slow_pred(t) = max(slow_pred(t), eps);  // Ensure positive values\n      |                    ~~~^~~~~~~~~~~~~~~~~~~\nC:/Users/spi085/AppData/Local/Programs/R/R-4.4.1/library/TMB/include/convenience.hpp:145:6: note: candidate: 'template<class Type> Type max(const tmbutils::vector<Type>&)'\n  145 | Type max(const vector<Type> &x)\n      |      ^~~\nC:/Users/spi085/AppData/Local/Programs/R/R-4.4.1/library/TMB/include/convenience.hpp:145:6: note:   template argument deduction/substitution failed:\nPOPULATIONS//POPULATION_0014//INDIVIDUAL_UN25CBAH/model.cpp:120:23: note:   'Eigen::DenseCoeffsBase<Eigen::Array<CppAD::AD<CppAD::AD<CppAD::AD<double> > >, -1, 1, 0, -1, 1>, 1>::Scalar' {aka 'CppAD::AD<CppAD::AD<CppAD::AD<double> > >'} is not derived from 'const tmbutils::vector<Type>'\n  120 |     slow_pred(t) = max(slow_pred(t), eps);  // Ensure positive values\n      |                    ~~~^~~~~~~~~~~~~~~~~~~\nPOPULATIONS//POPULATION_0014//INDIVIDUAL_UN25CBAH/model.cpp:121:23: error: no matching function for call to 'min(Eigen::DenseCoeffsBase<Eigen::Array<CppAD::AD<CppAD::AD<CppAD::AD<double> > >, -1, 1, 0, -1, 1>, 1>::Scalar&, CppAD::AD<CppAD::AD<CppAD::AD<double> > >&)'\n  121 |     slow_pred(t) = min(slow_pred(t), K_slow);  // Ensure below carrying capacity\n      |                    ~~~^~~~~~~~~~~~~~~~~~~~~~\nC:/Users/spi085/AppData/Local/Programs/R/R-4.4.1/library/TMB/include/convenience.hpp:156:6: note: candidate: 'template<class Type> Type min(const tmbutils::vector<Type>&)'\n  156 | Type min(const vector<Type> &x)\n      |      ^~~\nC:/Users/spi085/AppData/Local/Programs/R/R-4.4.1/library/TMB/include/convenience.hpp:156:6: note:   template argument deduction/substitution failed:\nPOPULATIONS//POPULATION_0014//INDIVIDUAL_UN25CBAH/model.cpp:121:23: note:   'Eigen::DenseCoeffsBase<Eigen::Array<CppAD::AD<CppAD::AD<CppAD::AD<double> > >, -1, 1, 0, -1, 1>, 1>::Scalar' {aka 'CppAD::AD<CppAD::AD<CppAD::AD<double> > >'} is not derived from 'const tmbutils::vector<Type>'\n  121 |     slow_pred(t) = min(slow_pred(t), K_slow);  // Ensure below carrying capacity\n      |                    ~~~^~~~~~~~~~~~~~~~~~~~~~\nPOPULATIONS//POPULATION_0014//INDIVIDUAL_UN25CBAH/model.cpp:129:28: error: no matching function for call to 'max(CppAD::AD<CppAD::AD<CppAD::AD<double> > >&, CppAD::AD<CppAD::AD<CppAD::AD<double> > >&)'\n  129 |     Type sigma_cots_t = max(sigma_cots, min_sigma);\n      |                         ~~~^~~~~~~~~~~~~~~~~~~~~~~\nC:/Users/spi085/AppData/Local/Programs/R/R-4.4.1/library/TMB/include/convenience.hpp:145:6: note: candidate: 'template<class Type> Type max(const tmbutils::vector<Type>&)'\n  145 | Type max(const vector<Type> &x)\n      |      ^~~\nC:/Users/spi085/AppData/Local/Programs/R/R-4.4.1/library/TMB/include/convenience.hpp:145:6: note:   template argument deduction/substitution failed:\nPOPULATIONS//POPULATION_0014//INDIVIDUAL_UN25CBAH/model.cpp:129:28: note:   'CppAD::AD<CppAD::AD<CppAD::AD<double> > >' is not derived from 'const tmbutils::vector<Type>'\n  129 |     Type sigma_cots_t = max(sigma_cots, min_sigma);\n      |                         ~~~^~~~~~~~~~~~~~~~~~~~~~~\nPOPULATIONS//POPULATION_0014//INDIVIDUAL_UN25CBAH/model.cpp:130:28: error: no matching function for call to 'max(CppAD::AD<CppAD::AD<CppAD::AD<double> > >&, CppAD::AD<CppAD::AD<CppAD::AD<double> > >&)'\n  130 |     Type sigma_slow_t = max(sigma_slow, min_sigma);\n      |                         ~~~^~~~~~~~~~~~~~~~~~~~~~~\nC:/Users/spi085/AppData/Local/Programs/R/R-4.4.1/library/TMB/include/convenience.hpp:145:6: note: candidate: 'template<class Type> Type max(const tmbutils::vector<Type>&)'\n  145 | Type max(const vector<Type> &x)\n      |      ^~~\nC:/Users/spi085/AppData/Local/Programs/R/R-4.4.1/library/TMB/include/convenience.hpp:145:6: note:   template argument deduction/substitution failed:\nPOPULATIONS//POPULATION_0014//INDIVIDUAL_UN25CBAH/model.cpp:130:28: note:   'CppAD::AD<CppAD::AD<CppAD::AD<double> > >' is not derived from 'const tmbutils::vector<Type>'\n  130 |     Type sigma_slow_t = max(sigma_slow, min_sigma);\n      |                         ~~~^~~~~~~~~~~~~~~~~~~~~~~\nPOPULATIONS//POPULATION_0014//INDIVIDUAL_UN25CBAH/model.cpp:131:28: error: no matching function for call to 'max(CppAD::AD<CppAD::AD<CppAD::AD<double> > >&, CppAD::AD<CppAD::AD<CppAD::AD<double> > >&)'\n  131 |     Type sigma_fast_t = max(sigma_fast, min_sigma);\n      |                         ~~~^~~~~~~~~~~~~~~~~~~~~~~\nC:/Users/spi085/AppData/Local/Programs/R/R-4.4.1/library/TMB/include/convenience.hpp:145:6: note: candidate: 'template<class Type> Type max(const tmbutils::vector<Type>&)'\n  145 | Type max(const vector<Type> &x)\n      |      ^~~\nC:/Users/spi085/AppData/Local/Programs/R/R-4.4.1/library/TMB/include/convenience.hpp:145:6: note:   template argument deduction/substitution failed:\nPOPULATIONS//POPULATION_0014//INDIVIDUAL_UN25CBAH/model.cpp:131:28: note:   'CppAD::AD<CppAD::AD<CppAD::AD<double> > >' is not derived from 'const tmbutils::vector<Type>'\n  131 |     Type sigma_fast_t = max(sigma_fast, min_sigma);\n      |                         ~~~^~~~~~~~~~~~~~~~~~~~~~~\nmake: *** [C:/Users/spi085/AppData/Local/Programs/R/R-4.4.1/etc/x64/Makeconf:296: POPULATIONS//POPULATION_0014//INDIVIDUAL_UN25CBAH/model.o] Error 1\nError in TMB::compile(file.path(individual_dir, model_file), flags = flags,  : \n  Compilation failed\nError: Compilation failed\nExecution halted"
    },
    "7": {
      "status": "BROKEN"
    }
  }
}