{
  "iterations": {
    "1": {
      "status": "ERROR",
      "message": "Model failed to compile.",
      "stdout": "g++ -std=gnu++17 -I\"/usr/share/R/include\" -DNDEBUG -I\"/home/spi085/R/x86_64-pc-linux-gnu-library/4.4/TMB/include\" -I\"/home/spi085/R/x86_64-pc-linux-gnu-library/4.4/RcppEigen/include\"   -DTMB_EIGEN_DISABLE_WARNINGS   -DTMB_LIB_INIT=R_init_model  -DCPPAD_FRAMEWORK      -fpic  -O2  -c POPULATIONS/POPULATION_0005/INDIVIDUAL_7T8BH57N/model.cpp -o POPULATIONS/POPULATION_0005/INDIVIDUAL_7T8BH57N/model.o",
      "stderr": "Loading required package: TMB\nLoading required package: jsonlite\nhere() starts at /home/spi085/Documents/_Projects/SCCP-QuantModelling\nusing C++ compiler: \u2018g++ (Ubuntu 13.3.0-6ubuntu2~24.04) 13.3.0\u2019\nPOPULATIONS/POPULATION_0005/INDIVIDUAL_7T8BH57N/model.cpp: In member function \u2018Type objective_function<Type>::operator()()\u2019:\nPOPULATIONS/POPULATION_0005/INDIVIDUAL_7T8BH57N/model.cpp:54:60: error: \u2018allee_thresh\u2019 was not declared in this scope; did you mean \u2018allee_term\u2019?\n   54 |     Type allee_term = (cots_pred(i-1) * cots_pred(i-1)) / (allee_thresh * allee_thresh + cots_pred(i-1) * cots_pred(i-1));\n      |                                                            ^~~~~~~~~~~~\n      |                                                            allee_term\nmake: *** [/usr/lib/R/etc/Makeconf:204: POPULATIONS/POPULATION_0005/INDIVIDUAL_7T8BH57N/model.o] Error 1\nError in TMB::compile(file.path(individual_dir, model_file), flags = flags,  : \n  Compilation failed\nError: Compilation failed\nExecution halted"
    },
    "2": {
      "status": "ERROR",
      "message": "R script failed with return code 1",
      "stdout": "g++ -std=gnu++17 -I\"/usr/share/R/include\" -DNDEBUG -I\"/home/spi085/R/x86_64-pc-linux-gnu-library/4.4/TMB/include\" -I\"/home/spi085/R/x86_64-pc-linux-gnu-library/4.4/RcppEigen/include\"   -DTMB_EIGEN_DISABLE_WARNINGS   -DTMB_LIB_INIT=R_init_model  -DCPPAD_FRAMEWORK      -fpic  -O2  -c POPULATIONS/POPULATION_0005/INDIVIDUAL_7T8BH57N/model.cpp -o POPULATIONS/POPULATION_0005/INDIVIDUAL_7T8BH57N/model.o\ng++ -std=gnu++17 -shared -L/usr/lib/R/lib -Wl,-Bsymbolic-functions -flto=auto -ffat-lto-objects -Wl,-z,relro -o POPULATIONS/POPULATION_0005/INDIVIDUAL_7T8BH57N/model.so POPULATIONS/POPULATION_0005/INDIVIDUAL_7T8BH57N/model.o -L/usr/lib/R/lib -lR\nStarting model phases\nNumber of phases: 4 \nPhase 1 \nInitial parameter values for phase 1 :\nr_cots r_fast r_slow \n    NA     NA     NA \nError in model phases: NA/NaN gradient evaluation",
      "stderr": "Loading required package: TMB\nLoading required package: jsonlite\nhere() starts at /home/spi085/Documents/_Projects/SCCP-QuantModelling\nusing C++ compiler: \u2018g++ (Ubuntu 13.3.0-6ubuntu2~24.04) 13.3.0\u2019\nError in value[[3L]](cond) : \n  Error in model phases: NA/NaN gradient evaluation\nCalls: tryCatch -> tryCatchList -> tryCatchOne -> <Anonymous>\nIn addition: Warning message:\nIn nlminb(model$par, model$fn, model$gr) : NA/NaN function evaluation\nExecution halted"
    },
    "3": {
      "status": "ERROR",
      "message": "Model failed to compile.",
      "stdout": "g++ -std=gnu++17 -I\"/usr/share/R/include\" -DNDEBUG -I\"/home/spi085/R/x86_64-pc-linux-gnu-library/4.4/TMB/include\" -I\"/home/spi085/R/x86_64-pc-linux-gnu-library/4.4/RcppEigen/include\"   -DTMB_EIGEN_DISABLE_WARNINGS   -DTMB_LIB_INIT=R_init_model  -DCPPAD_FRAMEWORK      -fpic  -O2  -c POPULATIONS/POPULATION_0005/INDIVIDUAL_7T8BH57N/model.cpp -o POPULATIONS/POPULATION_0005/INDIVIDUAL_7T8BH57N/model.o",
      "stderr": "Loading required package: TMB\nLoading required package: jsonlite\nhere() starts at /home/spi085/Documents/_Projects/SCCP-QuantModelling\nusing C++ compiler: \u2018g++ (Ubuntu 13.3.0-6ubuntu2~24.04) 13.3.0\u2019\nPOPULATIONS/POPULATION_0005/INDIVIDUAL_7T8BH57N/model.cpp: In instantiation of \u2018Type objective_function<Type>::operator()() [with Type = CppAD::AD<double>]\u2019:\n/home/spi085/R/x86_64-pc-linux-gnu-library/4.4/TMB/include/tmb_core.hpp:1312:6:   required from here\nPOPULATIONS/POPULATION_0005/INDIVIDUAL_7T8BH57N/model.cpp:59:26: error: \u2018posfun\u2019 was not declared in this scope\n   59 |     cots_pred(i) = posfun(cots_pred(i), eps, 0); // Ensure positivity more robustly\n      |                    ~~~~~~^~~~~~~~~~~~~~~~~~~~~~\nPOPULATIONS/POPULATION_0005/INDIVIDUAL_7T8BH57N/model.cpp: In instantiation of \u2018Type objective_function<Type>::operator()() [with Type = double]\u2019:\n/home/spi085/R/x86_64-pc-linux-gnu-library/4.4/TMB/include/tmb_core.hpp:2035:7:   required from here\nPOPULATIONS/POPULATION_0005/INDIVIDUAL_7T8BH57N/model.cpp:59:26: error: \u2018posfun\u2019 was not declared in this scope\nPOPULATIONS/POPULATION_0005/INDIVIDUAL_7T8BH57N/model.cpp: In instantiation of \u2018Type objective_function<Type>::operator()() [with Type = CppAD::AD<CppAD::AD<double> >]\u2019:\n/home/spi085/R/x86_64-pc-linux-gnu-library/4.4/TMB/include/tmb_core.hpp:917:29:   required from \u2018Type objective_function<Type>::evalUserTemplate() [with Type = CppAD::AD<CppAD::AD<double> >]\u2019\n/home/spi085/R/x86_64-pc-linux-gnu-library/4.4/TMB/include/tmb_core.hpp:2116:26:   required from here\nPOPULATIONS/POPULATION_0005/INDIVIDUAL_7T8BH57N/model.cpp:59:26: error: \u2018posfun\u2019 was not declared in this scope\nPOPULATIONS/POPULATION_0005/INDIVIDUAL_7T8BH57N/model.cpp: In instantiation of \u2018Type objective_function<Type>::operator()() [with Type = CppAD::AD<CppAD::AD<CppAD::AD<double> > >]\u2019:\n/home/spi085/R/x86_64-pc-linux-gnu-library/4.4/TMB/include/tmb_core.hpp:917:29:   required from \u2018Type objective_function<Type>::evalUserTemplate() [with Type = CppAD::AD<CppAD::AD<CppAD::AD<double> > >]\u2019\n/home/spi085/R/x86_64-pc-linux-gnu-library/4.4/TMB/include/tmb_core.hpp:2365:28:   required from here\nPOPULATIONS/POPULATION_0005/INDIVIDUAL_7T8BH57N/model.cpp:59:26: error: \u2018posfun\u2019 was not declared in this scope\nmake: *** [/usr/lib/R/etc/Makeconf:204: POPULATIONS/POPULATION_0005/INDIVIDUAL_7T8BH57N/model.o] Error 1\nError in TMB::compile(file.path(individual_dir, model_file), flags = flags,  : \n  Compilation failed\nError: Compilation failed\nExecution halted"
    },
    "4": {
      "status": "ERROR",
      "message": "R script failed with return code 1",
      "stdout": "g++ -std=gnu++17 -I\"/usr/share/R/include\" -DNDEBUG -I\"/home/spi085/R/x86_64-pc-linux-gnu-library/4.4/TMB/include\" -I\"/home/spi085/R/x86_64-pc-linux-gnu-library/4.4/RcppEigen/include\"   -DTMB_EIGEN_DISABLE_WARNINGS   -DTMB_LIB_INIT=R_init_model  -DCPPAD_FRAMEWORK      -fpic  -O2  -c POPULATIONS/POPULATION_0005/INDIVIDUAL_7T8BH57N/model.cpp -o POPULATIONS/POPULATION_0005/INDIVIDUAL_7T8BH57N/model.o\ng++ -std=gnu++17 -shared -L/usr/lib/R/lib -Wl,-Bsymbolic-functions -flto=auto -ffat-lto-objects -Wl,-z,relro -o POPULATIONS/POPULATION_0005/INDIVIDUAL_7T8BH57N/model.so POPULATIONS/POPULATION_0005/INDIVIDUAL_7T8BH57N/model.o -L/usr/lib/R/lib -lR\nStarting model phases\nNumber of phases: 4 \nPhase 1 \nInitial parameter values for phase 1 :\nr_cots r_fast r_slow \n    NA     NA     NA \nError in model phases: NA/NaN gradient evaluation",
      "stderr": "Loading required package: TMB\nLoading required package: jsonlite\nhere() starts at /home/spi085/Documents/_Projects/SCCP-QuantModelling\nusing C++ compiler: \u2018g++ (Ubuntu 13.3.0-6ubuntu2~24.04) 13.3.0\u2019\nError in value[[3L]](cond) : \n  Error in model phases: NA/NaN gradient evaluation\nCalls: tryCatch -> tryCatchList -> tryCatchOne -> <Anonymous>\nIn addition: Warning message:\nIn nlminb(model$par, model$fn, model$gr) : NA/NaN function evaluation\nExecution halted"
    },
    "5": {
      "status": "ERROR",
      "message": "Model failed to compile.",
      "stdout": "g++ -std=gnu++17 -I\"/usr/share/R/include\" -DNDEBUG -I\"/home/spi085/R/x86_64-pc-linux-gnu-library/4.4/TMB/include\" -I\"/home/spi085/R/x86_64-pc-linux-gnu-library/4.4/RcppEigen/include\"   -DTMB_EIGEN_DISABLE_WARNINGS   -DTMB_LIB_INIT=R_init_model  -DCPPAD_FRAMEWORK      -fpic  -O2  -c POPULATIONS/POPULATION_0005/INDIVIDUAL_7T8BH57N/model.cpp -o POPULATIONS/POPULATION_0005/INDIVIDUAL_7T8BH57N/model.o",
      "stderr": "Loading required package: TMB\nLoading required package: jsonlite\nhere() starts at /home/spi085/Documents/_Projects/SCCP-QuantModelling\nusing C++ compiler: \u2018g++ (Ubuntu 13.3.0-6ubuntu2~24.04) 13.3.0\u2019\nPOPULATIONS/POPULATION_0005/INDIVIDUAL_7T8BH57N/model.cpp: In instantiation of \u2018Type objective_function<Type>::operator()() [with Type = double]\u2019:\n/home/spi085/R/x86_64-pc-linux-gnu-library/4.4/TMB/include/tmb_core.hpp:2035:7:   required from here\nPOPULATIONS/POPULATION_0005/INDIVIDUAL_7T8BH57N/model.cpp:62:63: error: call of overloaded \u2018abs(Eigen::DenseCoeffsBase<Eigen::Array<double, -1, 1>, 1>::Scalar&)\u2019 is ambiguous\n   62 |     cots_pred(i) = Type(2.0) * cots_pred(i) / (Type(1.0) + abs(cots_pred(i))); // Smooth positive bounded function\n      |                                                            ~~~^~~~~~~~~~~~~~\nIn file included from /usr/include/c++/13/cstdlib:79,\n                 from /usr/include/c++/13/ext/string_conversions.h:43,\n                 from /usr/include/c++/13/bits/basic_string.h:4109,\n                 from /usr/include/c++/13/string:54,\n                 from /usr/include/c++/13/bits/locale_classes.h:40,\n                 from /usr/include/c++/13/bits/ios_base.h:41,\n                 from /usr/include/c++/13/ios:44,\n                 from /usr/include/c++/13/ostream:40,\n                 from /usr/include/c++/13/iostream:41,\n                 from /home/spi085/R/x86_64-pc-linux-gnu-library/4.4/TMB/include/Rstream.hpp:10,\n                 from /home/spi085/R/x86_64-pc-linux-gnu-library/4.4/TMB/include/TMB.hpp:46,\n                 from POPULATIONS/POPULATION_0005/INDIVIDUAL_7T8BH57N/model.cpp:1:\n/usr/include/stdlib.h:980:12: note: candidate: \u2018int abs(int)\u2019\n  980 | extern int abs (int __x) __THROW __attribute__ ((__const__)) __wur;\n      |            ^~~\nIn file included from /usr/include/c++/13/cstdlib:81:\n/usr/include/c++/13/bits/std_abs.h:137:3: note: candidate: \u2018constexpr __float128 std::abs(__float128)\u2019\n  137 |   abs(__float128 __x)\n      |   ^~~\n/usr/include/c++/13/bits/std_abs.h:85:3: note: candidate: \u2018constexpr __int128 std::abs(__int128)\u2019\n   85 |   abs(__GLIBCXX_TYPE_INT_N_0 __x) { return __x >= 0 ? __x : -__x; }\n      |   ^~~\n/usr/include/c++/13/bits/std_abs.h:79:3: note: candidate: \u2018constexpr long double std::abs(long double)\u2019\n   79 |   abs(long double __x)\n      |   ^~~\n/usr/include/c++/13/bits/std_abs.h:75:3: note: candidate: \u2018constexpr float std::abs(float)\u2019\n   75 |   abs(float __x)\n      |   ^~~\n/usr/include/c++/13/bits/std_abs.h:71:3: note: candidate: \u2018constexpr double std::abs(double)\u2019\n   71 |   abs(double __x)\n      |   ^~~\n/usr/include/c++/13/bits/std_abs.h:61:3: note: candidate: \u2018long long int std::abs(long long int)\u2019\n   61 |   abs(long long __x) { return __builtin_llabs (__x); }\n      |   ^~~\n/usr/include/c++/13/bits/std_abs.h:56:3: note: candidate: \u2018long int std::abs(long int)\u2019\n   56 |   abs(long __i) { return __builtin_labs(__i); }\n      |   ^~~\nIn file included from /home/spi085/R/x86_64-pc-linux-gnu-library/4.4/TMB/include/cppad/base_require.hpp:161,\n                 from /home/spi085/R/x86_64-pc-linux-gnu-library/4.4/TMB/include/cppad/cppad.hpp:22,\n                 from /home/spi085/R/x86_64-pc-linux-gnu-library/4.4/TMB/include/TMB.hpp:125:\n/home/spi085/R/x86_64-pc-linux-gnu-library/4.4/TMB/include/cppad/local/base_complex.hpp:373:30: note: candidate: \u2018std::complex<float> CppAD::abs(const std::complex<float>&)\u2019\n  373 |         CPPAD_USER_MACRO_TWO(abs)\n      |                              ^~~\n/home/spi085/R/x86_64-pc-linux-gnu-library/4.4/TMB/include/cppad/local/base_complex.hpp:307:28: note: in definition of macro \u2018CPPAD_USER_MACRO_TWO\u2019\n  307 | inline std::complex<float> Fun(const std::complex<float>& x)       \\\n      |                            ^~~\n/home/spi085/R/x86_64-pc-linux-gnu-library/4.4/TMB/include/cppad/local/base_complex.hpp:241:26: note: candidate: \u2018std::complex<double> CppAD::abs(const std::complex<double>&)\u2019\n  241 |         CPPAD_USER_MACRO(abs)\n      |                          ^~~\n/home/spi085/R/x86_64-pc-linux-gnu-library/4.4/TMB/include/cppad/local/base_complex.hpp:232:29: note: in definition of macro \u2018CPPAD_USER_MACRO\u2019\n  232 | inline std::complex<double> Fun(const std::complex<double>& x)     \\\n      |                             ^~~\nIn file included from /home/spi085/R/x86_64-pc-linux-gnu-library/4.4/TMB/include/cppad/base_require.hpp:160:\n/home/spi085/R/x86_64-pc-linux-gnu-library/4.4/TMB/include/cppad/local/base_double.hpp:157:23: note: candidate: \u2018double CppAD::abs(const double&)\u2019\n  157 |         inline double abs(const double& x)\n      |                       ^~~\nIn file included from /home/spi085/R/x86_64-pc-linux-gnu-library/4.4/TMB/include/cppad/base_require.hpp:159:\n/home/spi085/R/x86_64-pc-linux-gnu-library/4.4/TMB/include/cppad/local/base_float.hpp:158:22: note: candidate: \u2018float CppAD::abs(const float&)\u2019\n  158 |         inline float abs(const float& x)\n      |                      ^~~\nmake: *** [/usr/lib/R/etc/Makeconf:204: POPULATIONS/POPULATION_0005/INDIVIDUAL_7T8BH57N/model.o] Error 1\nError in TMB::compile(file.path(individual_dir, model_file), flags = flags,  : \n  Compilation failed\nError: Compilation failed\nExecution halted"
    },
    "6": {
      "status": "ERROR",
      "message": "R script failed with return code 1",
      "stdout": "g++ -std=gnu++17 -I\"/usr/share/R/include\" -DNDEBUG -I\"/home/spi085/R/x86_64-pc-linux-gnu-library/4.4/TMB/include\" -I\"/home/spi085/R/x86_64-pc-linux-gnu-library/4.4/RcppEigen/include\"   -DTMB_EIGEN_DISABLE_WARNINGS   -DTMB_LIB_INIT=R_init_model  -DCPPAD_FRAMEWORK      -fpic  -O2  -c POPULATIONS/POPULATION_0005/INDIVIDUAL_7T8BH57N/model.cpp -o POPULATIONS/POPULATION_0005/INDIVIDUAL_7T8BH57N/model.o\ng++ -std=gnu++17 -shared -L/usr/lib/R/lib -Wl,-Bsymbolic-functions -flto=auto -ffat-lto-objects -Wl,-z,relro -o POPULATIONS/POPULATION_0005/INDIVIDUAL_7T8BH57N/model.so POPULATIONS/POPULATION_0005/INDIVIDUAL_7T8BH57N/model.o -L/usr/lib/R/lib -lR\nStarting model phases\nNumber of phases: 4 \nPhase 1 \nInitial parameter values for phase 1 :\nr_cots r_fast r_slow \n    NA     NA     NA \nError in model phases: NA/NaN gradient evaluation",
      "stderr": "Loading required package: TMB\nLoading required package: jsonlite\nhere() starts at /home/spi085/Documents/_Projects/SCCP-QuantModelling\nusing C++ compiler: \u2018g++ (Ubuntu 13.3.0-6ubuntu2~24.04) 13.3.0\u2019\nError in value[[3L]](cond) : \n  Error in model phases: NA/NaN gradient evaluation\nCalls: tryCatch -> tryCatchList -> tryCatchOne -> <Anonymous>\nIn addition: Warning message:\nIn nlminb(model$par, model$fn, model$gr) : NA/NaN function evaluation\nExecution halted"
    },
    "7": {
      "status": "BROKEN"
    }
  }
}