{
  "iterations": {
    "1": {
      "status": "ERROR",
      "message": "R script failed with return code 1",
      "stdout": "g++ -std=gnu++17 -I\"/usr/share/R/include\" -DNDEBUG -I\"/home/spi085/R/x86_64-pc-linux-gnu-library/4.4/TMB/include\" -I\"/home/spi085/R/x86_64-pc-linux-gnu-library/4.4/RcppEigen/include\"   -DTMB_EIGEN_DISABLE_WARNINGS   -DTMB_LIB_INIT=R_init_model  -DCPPAD_FRAMEWORK      -fpic  -O2  -c POPULATIONS/POPULATION_0014/INDIVIDUAL_GJNTU0H4/model.cpp -o POPULATIONS/POPULATION_0014/INDIVIDUAL_GJNTU0H4/model.o\ng++ -std=gnu++17 -shared -L/usr/lib/R/lib -Wl,-Bsymbolic-functions -flto=auto -ffat-lto-objects -Wl,-z,relro -o POPULATIONS/POPULATION_0014/INDIVIDUAL_GJNTU0H4/model.so POPULATIONS/POPULATION_0014/INDIVIDUAL_GJNTU0H4/model.o -L/usr/lib/R/lib -lR\nStarting model phases\nNumber of phases: 3 \nPhase 1 \nInitial parameter values for phase 1 :\n        growth_rate    outbreak_trigger outbreak_efficiency              log_sd \n                 NA                  NA                  NA                  NA \nError in model phases: NA/NaN gradient evaluation",
      "stderr": "Loading required package: TMB\nLoading required package: jsonlite\nhere() starts at /home/spi085/Documents/_Projects/SCCP-QuantModelling\nusing C++ compiler: \u2018g++ (Ubuntu 13.3.0-6ubuntu2~24.04) 13.3.0\u2019\nError in value[[3L]](cond) : \n  Error in model phases: NA/NaN gradient evaluation\nCalls: tryCatch -> tryCatchList -> tryCatchOne -> <Anonymous>\nIn addition: Warning message:\nIn nlminb(model$par, model$fn, model$gr) : NA/NaN function evaluation\nExecution halted"
    },
    "2": {
      "status": "ERROR",
      "message": "R script failed with return code 1",
      "stdout": "g++ -std=gnu++17 -I\"/usr/share/R/include\" -DNDEBUG -I\"/home/spi085/R/x86_64-pc-linux-gnu-library/4.4/TMB/include\" -I\"/home/spi085/R/x86_64-pc-linux-gnu-library/4.4/RcppEigen/include\"   -DTMB_EIGEN_DISABLE_WARNINGS   -DTMB_LIB_INIT=R_init_model  -DCPPAD_FRAMEWORK      -fpic  -O2  -c POPULATIONS/POPULATION_0014/INDIVIDUAL_GJNTU0H4/model.cpp -o POPULATIONS/POPULATION_0014/INDIVIDUAL_GJNTU0H4/model.o\ng++ -std=gnu++17 -shared -L/usr/lib/R/lib -Wl,-Bsymbolic-functions -flto=auto -ffat-lto-objects -Wl,-z,relro -o POPULATIONS/POPULATION_0014/INDIVIDUAL_GJNTU0H4/model.so POPULATIONS/POPULATION_0014/INDIVIDUAL_GJNTU0H4/model.o -L/usr/lib/R/lib -lR\nStarting model phases\nNumber of phases: 3 \nPhase 1 \nInitial parameter values for phase 1 :\n        growth_rate    outbreak_trigger outbreak_efficiency              log_sd \n                 NA                  NA                  NA                  NA \nError in model phases: NA/NaN gradient evaluation",
      "stderr": "Loading required package: TMB\nLoading required package: jsonlite\nhere() starts at /home/spi085/Documents/_Projects/SCCP-QuantModelling\nusing C++ compiler: \u2018g++ (Ubuntu 13.3.0-6ubuntu2~24.04) 13.3.0\u2019\nError in value[[3L]](cond) : \n  Error in model phases: NA/NaN gradient evaluation\nCalls: tryCatch -> tryCatchList -> tryCatchOne -> <Anonymous>\nIn addition: Warning message:\nIn nlminb(model$par, model$fn, model$gr) : NA/NaN function evaluation\nExecution halted"
    },
    "3": {
      "status": "ERROR",
      "message": "R script failed with return code 1",
      "stdout": "g++ -std=gnu++17 -I\"/usr/share/R/include\" -DNDEBUG -I\"/home/spi085/R/x86_64-pc-linux-gnu-library/4.4/TMB/include\" -I\"/home/spi085/R/x86_64-pc-linux-gnu-library/4.4/RcppEigen/include\"   -DTMB_EIGEN_DISABLE_WARNINGS   -DTMB_LIB_INIT=R_init_model  -DCPPAD_FRAMEWORK      -fpic  -O2  -c POPULATIONS/POPULATION_0014/INDIVIDUAL_GJNTU0H4/model.cpp -o POPULATIONS/POPULATION_0014/INDIVIDUAL_GJNTU0H4/model.o\ng++ -std=gnu++17 -shared -L/usr/lib/R/lib -Wl,-Bsymbolic-functions -flto=auto -ffat-lto-objects -Wl,-z,relro -o POPULATIONS/POPULATION_0014/INDIVIDUAL_GJNTU0H4/model.so POPULATIONS/POPULATION_0014/INDIVIDUAL_GJNTU0H4/model.o -L/usr/lib/R/lib -lR\nStarting model phases\nNumber of phases: 3 \nPhase 1 \nInitial parameter values for phase 1 :\n        growth_rate    outbreak_trigger outbreak_efficiency              log_sd \n                 NA                  NA                  NA                  NA \nError in model phases: NA/NaN gradient evaluation",
      "stderr": "Loading required package: TMB\nLoading required package: jsonlite\nhere() starts at /home/spi085/Documents/_Projects/SCCP-QuantModelling\nusing C++ compiler: \u2018g++ (Ubuntu 13.3.0-6ubuntu2~24.04) 13.3.0\u2019\nError in value[[3L]](cond) : \n  Error in model phases: NA/NaN gradient evaluation\nCalls: tryCatch -> tryCatchList -> tryCatchOne -> <Anonymous>\nIn addition: Warning message:\nIn nlminb(model$par, model$fn, model$gr) : NA/NaN function evaluation\nExecution halted"
    },
    "4": {
      "status": "ERROR",
      "message": "R script failed with return code 1",
      "stdout": "g++ -std=gnu++17 -I\"/usr/share/R/include\" -DNDEBUG -I\"/home/spi085/R/x86_64-pc-linux-gnu-library/4.4/TMB/include\" -I\"/home/spi085/R/x86_64-pc-linux-gnu-library/4.4/RcppEigen/include\"   -DTMB_EIGEN_DISABLE_WARNINGS   -DTMB_LIB_INIT=R_init_model  -DCPPAD_FRAMEWORK      -fpic  -O2  -c POPULATIONS/POPULATION_0014/INDIVIDUAL_GJNTU0H4/model.cpp -o POPULATIONS/POPULATION_0014/INDIVIDUAL_GJNTU0H4/model.o\ng++ -std=gnu++17 -shared -L/usr/lib/R/lib -Wl,-Bsymbolic-functions -flto=auto -ffat-lto-objects -Wl,-z,relro -o POPULATIONS/POPULATION_0014/INDIVIDUAL_GJNTU0H4/model.so POPULATIONS/POPULATION_0014/INDIVIDUAL_GJNTU0H4/model.o -L/usr/lib/R/lib -lR\nStarting model phases\nNumber of phases: 3 \nPhase 1 \nInitial parameter values for phase 1 :\n        growth_rate    outbreak_trigger outbreak_efficiency              log_sd \n                 NA                  NA                  NA                  NA \nError in model phases: NA/NaN gradient evaluation",
      "stderr": "Loading required package: TMB\nLoading required package: jsonlite\nhere() starts at /home/spi085/Documents/_Projects/SCCP-QuantModelling\nusing C++ compiler: \u2018g++ (Ubuntu 13.3.0-6ubuntu2~24.04) 13.3.0\u2019\nError in value[[3L]](cond) : \n  Error in model phases: NA/NaN gradient evaluation\nCalls: tryCatch -> tryCatchList -> tryCatchOne -> <Anonymous>\nIn addition: Warning message:\nIn nlminb(model$par, model$fn, model$gr) : NA/NaN function evaluation\nExecution halted"
    },
    "5": {
      "status": "ERROR",
      "message": "R script failed with return code 1",
      "stdout": "g++ -std=gnu++17 -I\"/usr/share/R/include\" -DNDEBUG -I\"/home/spi085/R/x86_64-pc-linux-gnu-library/4.4/TMB/include\" -I\"/home/spi085/R/x86_64-pc-linux-gnu-library/4.4/RcppEigen/include\"   -DTMB_EIGEN_DISABLE_WARNINGS   -DTMB_LIB_INIT=R_init_model  -DCPPAD_FRAMEWORK      -fpic  -O2  -c POPULATIONS/POPULATION_0014/INDIVIDUAL_GJNTU0H4/model.cpp -o POPULATIONS/POPULATION_0014/INDIVIDUAL_GJNTU0H4/model.o\ng++ -std=gnu++17 -shared -L/usr/lib/R/lib -Wl,-Bsymbolic-functions -flto=auto -ffat-lto-objects -Wl,-z,relro -o POPULATIONS/POPULATION_0014/INDIVIDUAL_GJNTU0H4/model.so POPULATIONS/POPULATION_0014/INDIVIDUAL_GJNTU0H4/model.o -L/usr/lib/R/lib -lR\nStarting model phases\nNumber of phases: 3 \nPhase 1 \nInitial parameter values for phase 1 :\n        growth_rate    outbreak_trigger outbreak_efficiency              log_sd \n                 NA                  NA                  NA                  NA \nError in model phases: NA/NaN gradient evaluation",
      "stderr": "Loading required package: TMB\nLoading required package: jsonlite\nhere() starts at /home/spi085/Documents/_Projects/SCCP-QuantModelling\nusing C++ compiler: \u2018g++ (Ubuntu 13.3.0-6ubuntu2~24.04) 13.3.0\u2019\nError in value[[3L]](cond) : \n  Error in model phases: NA/NaN gradient evaluation\nCalls: tryCatch -> tryCatchList -> tryCatchOne -> <Anonymous>\nIn addition: Warning message:\nIn nlminb(model$par, model$fn, model$gr) : NA/NaN function evaluation\nExecution halted"
    },
    "6": {
      "status": "ERROR",
      "message": "Model failed to compile.",
      "stdout": "g++ -std=gnu++17 -I\"/usr/share/R/include\" -DNDEBUG -I\"/home/spi085/R/x86_64-pc-linux-gnu-library/4.4/TMB/include\" -I\"/home/spi085/R/x86_64-pc-linux-gnu-library/4.4/RcppEigen/include\"   -DTMB_EIGEN_DISABLE_WARNINGS   -DTMB_LIB_INIT=R_init_model  -DCPPAD_FRAMEWORK      -fpic  -O2  -c POPULATIONS/POPULATION_0014/INDIVIDUAL_GJNTU0H4/model.cpp -o POPULATIONS/POPULATION_0014/INDIVIDUAL_GJNTU0H4/model.o",
      "stderr": "Loading required package: TMB\nLoading required package: jsonlite\nhere() starts at /home/spi085/Documents/_Projects/SCCP-QuantModelling\nusing C++ compiler: \u2018g++ (Ubuntu 13.3.0-6ubuntu2~24.04) 13.3.0\u2019\nPOPULATIONS/POPULATION_0014/INDIVIDUAL_GJNTU0H4/model.cpp: In instantiation of \u2018Type objective_function<Type>::operator()() [with Type = CppAD::AD<double>]\u2019:\n/home/spi085/R/x86_64-pc-linux-gnu-library/4.4/TMB/include/tmb_core.hpp:1312:6:   required from here\nPOPULATIONS/POPULATION_0014/INDIVIDUAL_GJNTU0H4/model.cpp:36:16: error: no matching function for call to \u2018isnan(CppAD::AD<double>&)\u2019\n   36 |   if(std::isnan(growth_rate)) growth_rate = Type(0.5);\n      |      ~~~~~~~~~~^~~~~~~~~~~~~\nIn file included from /home/spi085/R/x86_64-pc-linux-gnu-library/4.4/RcppEigen/include/Eigen/src/Core/util/Macros.h:679,\n                 from /home/spi085/R/x86_64-pc-linux-gnu-library/4.4/RcppEigen/include/Eigen/Core:19,\n                 from /home/spi085/R/x86_64-pc-linux-gnu-library/4.4/RcppEigen/include/Eigen/Dense:1,\n                 from /home/spi085/R/x86_64-pc-linux-gnu-library/4.4/TMB/include/TMB.hpp:92,\n                 from POPULATIONS/POPULATION_0014/INDIVIDUAL_GJNTU0H4/model.cpp:1:\n/usr/include/c++/13/cmath:1192:5: note: candidate: \u2018template<class _Tp> constexpr typename __gnu_cxx::__enable_if<std::__is_integer<_Tp>::__value, bool>::__type std::isnan(_Tp)\u2019\n 1192 |     isnan(_Tp)\n      |     ^~~~~\n/usr/include/c++/13/cmath:1192:5: note:   template argument deduction/substitution failed:\n/usr/include/c++/13/cmath: In substitution of \u2018template<class _Tp> constexpr typename __gnu_cxx::__enable_if<std::__is_integer<_Tp>::__value, bool>::__type std::isnan(_Tp) [with _Tp = CppAD::AD<double>]\u2019:\nPOPULATIONS/POPULATION_0014/INDIVIDUAL_GJNTU0H4/model.cpp:36:16:   required from \u2018Type objective_function<Type>::operator()() [with Type = CppAD::AD<double>]\u2019\n/home/spi085/R/x86_64-pc-linux-gnu-library/4.4/TMB/include/tmb_core.hpp:1312:6:   required from here\n/usr/include/c++/13/cmath:1192:5: error: no type named \u2018__type\u2019 in \u2018struct __gnu_cxx::__enable_if<false, bool>\u2019\nPOPULATIONS/POPULATION_0014/INDIVIDUAL_GJNTU0H4/model.cpp: In instantiation of \u2018Type objective_function<Type>::operator()() [with Type = CppAD::AD<double>]\u2019:\n/home/spi085/R/x86_64-pc-linux-gnu-library/4.4/TMB/include/tmb_core.hpp:1312:6:   required from here\n/usr/include/c++/13/cmath:1171:3: note: candidate: \u2018constexpr bool std::isnan(float)\u2019\n 1171 |   isnan(float __x)\n      |   ^~~~~\n/usr/include/c++/13/cmath:1171:15: note:   no known conversion for argument 1 from \u2018CppAD::AD<double>\u2019 to \u2018float\u2019\n 1171 |   isnan(float __x)\n      |         ~~~~~~^~~\n/usr/include/c++/13/cmath:1179:3: note: candidate: \u2018constexpr bool std::isnan(double)\u2019\n 1179 |   isnan(double __x)\n      |   ^~~~~\n/usr/include/c++/13/cmath:1179:16: note:   no known conversion for argument 1 from \u2018CppAD::AD<double>\u2019 to \u2018double\u2019\n 1179 |   isnan(double __x)\n      |         ~~~~~~~^~~\n/usr/include/c++/13/cmath:1184:3: note: candidate: \u2018constexpr bool std::isnan(long double)\u2019\n 1184 |   isnan(long double __x)\n      |   ^~~~~\n/usr/include/c++/13/cmath:1184:21: note:   no known conversion for argument 1 from \u2018CppAD::AD<double>\u2019 to \u2018long double\u2019\n 1184 |   isnan(long double __x)\n      |         ~~~~~~~~~~~~^~~\nPOPULATIONS/POPULATION_0014/INDIVIDUAL_GJNTU0H4/model.cpp:37:16: error: no matching function for call to \u2018isnan(CppAD::AD<double>&)\u2019\n   37 |   if(std::isnan(outbreak_trigger)) outbreak_trigger = Type(50.0);\n      |      ~~~~~~~~~~^~~~~~~~~~~~~~~~~~\n/usr/include/c++/13/cmath:1192:5: note: candidate: \u2018template<class _Tp> constexpr typename __gnu_cxx::__enable_if<std::__is_integer<_Tp>::__value, bool>::__type std::isnan(_Tp)\u2019\n 1192 |     isnan(_Tp)\n      |     ^~~~~\n/usr/include/c++/13/cmath:1192:5: note:   template argument deduction/substitution failed:\n/usr/include/c++/13/cmath: In substitution of \u2018template<class _Tp> constexpr typename __gnu_cxx::__enable_if<std::__is_integer<_Tp>::__value, bool>::__type std::isnan(_Tp) [with _Tp = CppAD::AD<double>]\u2019:\nPOPULATIONS/POPULATION_0014/INDIVIDUAL_GJNTU0H4/model.cpp:37:16:   required from \u2018Type objective_function<Type>::operator()() [with Type = CppAD::AD<double>]\u2019\n/home/spi085/R/x86_64-pc-linux-gnu-library/4.4/TMB/include/tmb_core.hpp:1312:6:   required from here\n/usr/include/c++/13/cmath:1192:5: error: no type named \u2018__type\u2019 in \u2018struct __gnu_cxx::__enable_if<false, bool>\u2019\nPOPULATIONS/POPULATION_0014/INDIVIDUAL_GJNTU0H4/model.cpp: In instantiation of \u2018Type objective_function<Type>::operator()() [with Type = CppAD::AD<double>]\u2019:\n/home/spi085/R/x86_64-pc-linux-gnu-library/4.4/TMB/include/tmb_core.hpp:1312:6:   required from here\n/usr/include/c++/13/cmath:1171:3: note: candidate: \u2018constexpr bool std::isnan(float)\u2019\n 1171 |   isnan(float __x)\n      |   ^~~~~\n/usr/include/c++/13/cmath:1171:15: note:   no known conversion for argument 1 from \u2018CppAD::AD<double>\u2019 to \u2018float\u2019\n 1171 |   isnan(float __x)\n      |         ~~~~~~^~~\n/usr/include/c++/13/cmath:1179:3: note: candidate: \u2018constexpr bool std::isnan(double)\u2019\n 1179 |   isnan(double __x)\n      |   ^~~~~\n/usr/include/c++/13/cmath:1179:16: note:   no known conversion for argument 1 from \u2018CppAD::AD<double>\u2019 to \u2018double\u2019\n 1179 |   isnan(double __x)\n      |         ~~~~~~~^~~\n/usr/include/c++/13/cmath:1184:3: note: candidate: \u2018constexpr bool std::isnan(long double)\u2019\n 1184 |   isnan(long double __x)\n      |   ^~~~~\n/usr/include/c++/13/cmath:1184:21: note:   no known conversion for argument 1 from \u2018CppAD::AD<double>\u2019 to \u2018long double\u2019\n 1184 |   isnan(long double __x)\n      |         ~~~~~~~~~~~~^~~\nPOPULATIONS/POPULATION_0014/INDIVIDUAL_GJNTU0H4/model.cpp:38:16: error: no matching function for call to \u2018isnan(CppAD::AD<double>&)\u2019\n   38 |   if(std::isnan(outbreak_efficiency)) outbreak_efficiency = Type(2.0);\n      |      ~~~~~~~~~~^~~~~~~~~~~~~~~~~~~~~\n/usr/include/c++/13/cmath:1192:5: note: candidate: \u2018template<class _Tp> constexpr typename __gnu_cxx::__enable_if<std::__is_integer<_Tp>::__value, bool>::__type std::isnan(_Tp)\u2019\n 1192 |     isnan(_Tp)\n      |     ^~~~~\n/usr/include/c++/13/cmath:1192:5: note:   template argument deduction/substitution failed:\n/usr/include/c++/13/cmath: In substitution of \u2018template<class _Tp> constexpr typename __gnu_cxx::__enable_if<std::__is_integer<_Tp>::__value, bool>::__type std::isnan(_Tp) [with _Tp = CppAD::AD<double>]\u2019:\nPOPULATIONS/POPULATION_0014/INDIVIDUAL_GJNTU0H4/model.cpp:38:16:   required from \u2018Type objective_function<Type>::operator()() [with Type = CppAD::AD<double>]\u2019\n/home/spi085/R/x86_64-pc-linux-gnu-library/4.4/TMB/include/tmb_core.hpp:1312:6:   required from here\n/usr/include/c++/13/cmath:1192:5: error: no type named \u2018__type\u2019 in \u2018struct __gnu_cxx::__enable_if<false, bool>\u2019\nPOPULATIONS/POPULATION_0014/INDIVIDUAL_GJNTU0H4/model.cpp: In instantiation of \u2018Type objective_function<Type>::operator()() [with Type = CppAD::AD<double>]\u2019:\n/home/spi085/R/x86_64-pc-linux-gnu-library/4.4/TMB/include/tmb_core.hpp:1312:6:   required from here\n/usr/include/c++/13/cmath:1171:3: note: candidate: \u2018constexpr bool std::isnan(float)\u2019\n 1171 |   isnan(float __x)\n      |   ^~~~~\n/usr/include/c++/13/cmath:1171:15: note:   no known conversion for argument 1 from \u2018CppAD::AD<double>\u2019 to \u2018float\u2019\n 1171 |   isnan(float __x)\n      |         ~~~~~~^~~\n/usr/include/c++/13/cmath:1179:3: note: candidate: \u2018constexpr bool std::isnan(double)\u2019\n 1179 |   isnan(double __x)\n      |   ^~~~~\n/usr/include/c++/13/cmath:1179:16: note:   no known conversion for argument 1 from \u2018CppAD::AD<double>\u2019 to \u2018double\u2019\n 1179 |   isnan(double __x)\n      |         ~~~~~~~^~~\n/usr/include/c++/13/cmath:1184:3: note: candidate: \u2018constexpr bool std::isnan(long double)\u2019\n 1184 |   isnan(long double __x)\n      |   ^~~~~\n/usr/include/c++/13/cmath:1184:21: note:   no known conversion for argument 1 from \u2018CppAD::AD<double>\u2019 to \u2018long double\u2019\n 1184 |   isnan(long double __x)\n      |         ~~~~~~~~~~~~^~~\nPOPULATIONS/POPULATION_0014/INDIVIDUAL_GJNTU0H4/model.cpp:39:16: error: no matching function for call to \u2018isnan(CppAD::AD<double>&)\u2019\n   39 |   if(std::isnan(outbreak_hill_exp)) outbreak_hill_exp = Type(2.0);\n      |      ~~~~~~~~~~^~~~~~~~~~~~~~~~~~~\n/usr/include/c++/13/cmath:1192:5: note: candidate: \u2018template<class _Tp> constexpr typename __gnu_cxx::__enable_if<std::__is_integer<_Tp>::__value, bool>::__type std::isnan(_Tp)\u2019\n 1192 |     isnan(_Tp)\n      |     ^~~~~\n/usr/include/c++/13/cmath:1192:5: note:   template argument deduction/substitution failed:\n/usr/include/c++/13/cmath: In substitution of \u2018template<class _Tp> constexpr typename __gnu_cxx::__enable_if<std::__is_integer<_Tp>::__value, bool>::__type std::isnan(_Tp) [with _Tp = CppAD::AD<double>]\u2019:\nPOPULATIONS/POPULATION_0014/INDIVIDUAL_GJNTU0H4/model.cpp:39:16:   required from \u2018Type objective_function<Type>::operator()() [with Type = CppAD::AD<double>]\u2019\n/home/spi085/R/x86_64-pc-linux-gnu-library/4.4/TMB/include/tmb_core.hpp:1312:6:   required from here\n/usr/include/c++/13/cmath:1192:5: error: no type named \u2018__type\u2019 in \u2018struct __gnu_cxx::__enable_if<false, bool>\u2019\nPOPULATIONS/POPULATION_0014/INDIVIDUAL_GJNTU0H4/model.cpp: In instantiation of \u2018Type objective_function<Type>::operator()() [with Type = CppAD::AD<double>]\u2019:\n/home/spi085/R/x86_64-pc-linux-gnu-library/4.4/TMB/include/tmb_core.hpp:1312:6:   required from here\n/usr/include/c++/13/cmath:1171:3: note: candidate: \u2018constexpr bool std::isnan(float)\u2019\n 1171 |   isnan(float __x)\n      |   ^~~~~\n/usr/include/c++/13/cmath:1171:15: note:   no known conversion for argument 1 from \u2018CppAD::AD<double>\u2019 to \u2018float\u2019\n 1171 |   isnan(float __x)\n      |         ~~~~~~^~~\n/usr/include/c++/13/cmath:1179:3: note: candidate: \u2018constexpr bool std::isnan(double)\u2019\n 1179 |   isnan(double __x)\n      |   ^~~~~\n/usr/include/c++/13/cmath:1179:16: note:   no known conversion for argument 1 from \u2018CppAD::AD<double>\u2019 to \u2018double\u2019\n 1179 |   isnan(double __x)\n      |         ~~~~~~~^~~\n/usr/include/c++/13/cmath:1184:3: note: candidate: \u2018constexpr bool std::isnan(long double)\u2019\n 1184 |   isnan(long double __x)\n      |   ^~~~~\n/usr/include/c++/13/cmath:1184:21: note:   no known conversion for argument 1 from \u2018CppAD::AD<double>\u2019 to \u2018long double\u2019\n 1184 |   isnan(long double __x)\n      |         ~~~~~~~~~~~~^~~\nPOPULATIONS/POPULATION_0014/INDIVIDUAL_GJNTU0H4/model.cpp:40:16: error: no matching function for call to \u2018isnan(CppAD::AD<double>&)\u2019\n   40 |   if(std::isnan(coral_predation_rate_fast)) coral_predation_rate_fast = Type(0.01);\n      |      ~~~~~~~~~~^~~~~~~~~~~~~~~~~~~~~~~~~~~\n/usr/include/c++/13/cmath:1192:5: note: candidate: \u2018template<class _Tp> constexpr typename __gnu_cxx::__enable_if<std::__is_integer<_Tp>::__value, bool>::__type std::isnan(_Tp)\u2019\n 1192 |     isnan(_Tp)\n      |     ^~~~~\n/usr/include/c++/13/cmath:1192:5: note:   template argument deduction/substitution failed:\n/usr/include/c++/13/cmath: In substitution of \u2018template<class _Tp> constexpr typename __gnu_cxx::__enable_if<std::__is_integer<_Tp>::__value, bool>::__type std::isnan(_Tp) [with _Tp = CppAD::AD<double>]\u2019:\nPOPULATIONS/POPULATION_0014/INDIVIDUAL_GJNTU0H4/model.cpp:40:16:   required from \u2018Type objective_function<Type>::operator()() [with Type = CppAD::AD<double>]\u2019\n/home/spi085/R/x86_64-pc-linux-gnu-library/4.4/TMB/include/tmb_core.hpp:1312:6:   required from here\n/usr/include/c++/13/cmath:1192:5: error: no type named \u2018__type\u2019 in \u2018struct __gnu_cxx::__enable_if<false, bool>\u2019\nPOPULATIONS/POPULATION_0014/INDIVIDUAL_GJNTU0H4/model.cpp: In instantiation of \u2018Type objective_function<Type>::operator()() [with Type = CppAD::AD<double>]\u2019:\n/home/spi085/R/x86_64-pc-linux-gnu-library/4.4/TMB/include/tmb_core.hpp:1312:6:   required from here\n/usr/include/c++/13/cmath:1171:3: note: candidate: \u2018constexpr bool std::isnan(float)\u2019\n 1171 |   isnan(float __x)\n      |   ^~~~~\n/usr/include/c++/13/cmath:1171:15: note:   no known conversion for argument 1 from \u2018CppAD::AD<double>\u2019 to \u2018float\u2019\n 1171 |   isnan(float __x)\n      |         ~~~~~~^~~\n/usr/include/c++/13/cmath:1179:3: note: candidate: \u2018constexpr bool std::isnan(double)\u2019\n 1179 |   isnan(double __x)\n      |   ^~~~~\n/usr/include/c++/13/cmath:1179:16: note:   no known conversion for argument 1 from \u2018CppAD::AD<double>\u2019 to \u2018double\u2019\n 1179 |   isnan(double __x)\n      |         ~~~~~~~^~~\n/usr/include/c++/13/cmath:1184:3: note: candidate: \u2018constexpr bool std::isnan(long double)\u2019\n 1184 |   isnan(long double __x)\n      |   ^~~~~\n/usr/include/c++/13/cmath:1184:21: note:   no known conversion for argument 1 from \u2018CppAD::AD<double>\u2019 to \u2018long double\u2019\n 1184 |   isnan(long double __x)\n      |         ~~~~~~~~~~~~^~~\nPOPULATIONS/POPULATION_0014/INDIVIDUAL_GJNTU0H4/model.cpp:41:16: error: no matching function for call to \u2018isnan(CppAD::AD<double>&)\u2019\n   41 |   if(std::isnan(coral_predation_rate_slow)) coral_predation_rate_slow = Type(0.005);\n      |      ~~~~~~~~~~^~~~~~~~~~~~~~~~~~~~~~~~~~~\n/usr/include/c++/13/cmath:1192:5: note: candidate: \u2018template<class _Tp> constexpr typename __gnu_cxx::__enable_if<std::__is_integer<_Tp>::__value, bool>::__type std::isnan(_Tp)\u2019\n 1192 |     isnan(_Tp)\n      |     ^~~~~\n/usr/include/c++/13/cmath:1192:5: note:   template argument deduction/substitution failed:\n/usr/include/c++/13/cmath: In substitution of \u2018template<class _Tp> constexpr typename __gnu_cxx::__enable_if<std::__is_integer<_Tp>::__value, bool>::__type std::isnan(_Tp) [with _Tp = CppAD::AD<double>]\u2019:\nPOPULATIONS/POPULATION_0014/INDIVIDUAL_GJNTU0H4/model.cpp:41:16:   required from \u2018Type objective_function<Type>::operator()() [with Type = CppAD::AD<double>]\u2019\n/home/spi085/R/x86_64-pc-linux-gnu-library/4.4/TMB/include/tmb_core.hpp:1312:6:   required from here\n/usr/include/c++/13/cmath:1192:5: error: no type named \u2018__type\u2019 in \u2018struct __gnu_cxx::__enable_if<false, bool>\u2019\nPOPULATIONS/POPULATION_0014/INDIVIDUAL_GJNTU0H4/model.cpp: In instantiation of \u2018Type objective_function<Type>::operator()() [with Type = CppAD::AD<double>]\u2019:\n/home/spi085/R/x86_64-pc-linux-gnu-library/4.4/TMB/include/tmb_core.hpp:1312:6:   required from here\n/usr/include/c++/13/cmath:1171:3: note: candidate: \u2018constexpr bool std::isnan(float)\u2019\n 1171 |   isnan(float __x)\n      |   ^~~~~\n/usr/include/c++/13/cmath:1171:15: note:   no known conversion for argument 1 from \u2018CppAD::AD<double>\u2019 to \u2018float\u2019\n 1171 |   isnan(float __x)\n      |         ~~~~~~^~~\n/usr/include/c++/13/cmath:1179:3: note: candidate: \u2018constexpr bool std::isnan(double)\u2019\n 1179 |   isnan(double __x)\n      |   ^~~~~\n/usr/include/c++/13/cmath:1179:16: note:   no known conversion for argument 1 from \u2018CppAD::AD<double>\u2019 to \u2018double\u2019\n 1179 |   isnan(double __x)\n      |         ~~~~~~~^~~\n/usr/include/c++/13/cmath:1184:3: note: candidate: \u2018constexpr bool std::isnan(long double)\u2019\n 1184 |   isnan(long double __x)\n      |   ^~~~~\n/usr/include/c++/13/cmath:1184:21: note:   no known conversion for argument 1 from \u2018CppAD::AD<double>\u2019 to \u2018long double\u2019\n 1184 |   isnan(long double __x)\n      |         ~~~~~~~~~~~~^~~\nPOPULATIONS/POPULATION_0014/INDIVIDUAL_GJNTU0H4/model.cpp:42:16: error: no matching function for call to \u2018isnan(CppAD::AD<double>&)\u2019\n   42 |   if(std::isnan(coral_regen_fast)) coral_regen_fast = Type(0.1);\n      |      ~~~~~~~~~~^~~~~~~~~~~~~~~~~~\n/usr/include/c++/13/cmath:1192:5: note: candidate: \u2018template<class _Tp> constexpr typename __gnu_cxx::__enable_if<std::__is_integer<_Tp>::__value, bool>::__type std::isnan(_Tp)\u2019\n 1192 |     isnan(_Tp)\n      |     ^~~~~\n/usr/include/c++/13/cmath:1192:5: note:   template argument deduction/substitution failed:\n/usr/include/c++/13/cmath: In substitution of \u2018template<class _Tp> constexpr typename __gnu_cxx::__enable_if<std::__is_integer<_Tp>::__value, bool>::__type std::isnan(_Tp) [with _Tp = CppAD::AD<double>]\u2019:\nPOPULATIONS/POPULATION_0014/INDIVIDUAL_GJNTU0H4/model.cpp:42:16:   required from \u2018Type objective_function<Type>::operator()() [with Type = CppAD::AD<double>]\u2019\n/home/spi085/R/x86_64-pc-linux-gnu-library/4.4/TMB/include/tmb_core.hpp:1312:6:   required from here\n/usr/include/c++/13/cmath:1192:5: error: no type named \u2018__type\u2019 in \u2018struct __gnu_cxx::__enable_if<false, bool>\u2019\nPOPULATIONS/POPULATION_0014/INDIVIDUAL_GJNTU0H4/model.cpp: In instantiation of \u2018Type objective_function<Type>::operator()() [with Type = CppAD::AD<double>]\u2019:\n/home/spi085/R/x86_64-pc-linux-gnu-library/4.4/TMB/include/tmb_core.hpp:1312:6:   required from here\n/usr/include/c++/13/cmath:1171:3: note: candidate: \u2018constexpr bool std::isnan(float)\u2019\n 1171 |   isnan(float __x)\n      |   ^~~~~\n/usr/include/c++/13/cmath:1171:15: note:   no known conversion for argument 1 from \u2018CppAD::AD<double>\u2019 to \u2018float\u2019\n 1171 |   isnan(float __x)\n      |         ~~~~~~^~~\n/usr/include/c++/13/cmath:1179:3: note: candidate: \u2018constexpr bool std::isnan(double)\u2019\n 1179 |   isnan(double __x)\n      |   ^~~~~\n/usr/include/c++/13/cmath:1179:16: note:   no known conversion for argument 1 from \u2018CppAD::AD<double>\u2019 to \u2018double\u2019\n 1179 |   isnan(double __x)\n      |         ~~~~~~~^~~\n/usr/include/c++/13/cmath:1184:3: note: candidate: \u2018constexpr bool std::isnan(long double)\u2019\n 1184 |   isnan(long double __x)\n      |   ^~~~~\n/usr/include/c++/13/cmath:1184:21: note:   no known conversion for argument 1 from \u2018CppAD::AD<double>\u2019 to \u2018long double\u2019\n 1184 |   isnan(long double __x)\n      |         ~~~~~~~~~~~~^~~\nPOPULATIONS/POPULATION_0014/INDIVIDUAL_GJNTU0H4/model.cpp:43:16: error: no matching function for call to \u2018isnan(CppAD::AD<double>&)\u2019\n   43 |   if(std::isnan(coral_regen_slow)) coral_regen_slow = Type(0.05);\n      |      ~~~~~~~~~~^~~~~~~~~~~~~~~~~~\n/usr/include/c++/13/cmath:1192:5: note: candidate: \u2018template<class _Tp> constexpr typename __gnu_cxx::__enable_if<std::__is_integer<_Tp>::__value, bool>::__type std::isnan(_Tp)\u2019\n 1192 |     isnan(_Tp)\n      |     ^~~~~\n/usr/include/c++/13/cmath:1192:5: note:   template argument deduction/substitution failed:\n/usr/include/c++/13/cmath: In substitution of \u2018template<class _Tp> constexpr typename __gnu_cxx::__enable_if<std::__is_integer<_Tp>::__value, bool>::__type std::isnan(_Tp) [with _Tp = CppAD::AD<double>]\u2019:\nPOPULATIONS/POPULATION_0014/INDIVIDUAL_GJNTU0H4/model.cpp:43:16:   required from \u2018Type objective_function<Type>::operator()() [with Type = CppAD::AD<double>]\u2019\n/home/spi085/R/x86_64-pc-linux-gnu-library/4.4/TMB/include/tmb_core.hpp:1312:6:   required from here\n/usr/include/c++/13/cmath:1192:5: error: no type named \u2018__type\u2019 in \u2018struct __gnu_cxx::__enable_if<false, bool>\u2019\nPOPULATIONS/POPULATION_0014/INDIVIDUAL_GJNTU0H4/model.cpp: In instantiation of \u2018Type objective_function<Type>::operator()() [with Type = CppAD::AD<double>]\u2019:\n/home/spi085/R/x86_64-pc-linux-gnu-library/4.4/TMB/include/tmb_core.hpp:1312:6:   required from here\n/usr/include/c++/13/cmath:1171:3: note: candidate: \u2018constexpr bool std::isnan(float)\u2019\n 1171 |   isnan(float __x)\n      |   ^~~~~\n/usr/include/c++/13/cmath:1171:15: note:   no known conversion for argument 1 from \u2018CppAD::AD<double>\u2019 to \u2018float\u2019\n 1171 |   isnan(float __x)\n      |         ~~~~~~^~~\n/usr/include/c++/13/cmath:1179:3: note: candidate: \u2018constexpr bool std::isnan(double)\u2019\n 1179 |   isnan(double __x)\n      |   ^~~~~\n/usr/include/c++/13/cmath:1179:16: note:   no known conversion for argument 1 from \u2018CppAD::AD<double>\u2019 to \u2018double\u2019\n 1179 |   isnan(double __x)\n      |         ~~~~~~~^~~\n/usr/include/c++/13/cmath:1184:3: note: candidate: \u2018constexpr bool std::isnan(long double)\u2019\n 1184 |   isnan(long double __x)\n      |   ^~~~~\n/usr/include/c++/13/cmath:1184:21: note:   no known conversion for argument 1 from \u2018CppAD::AD<double>\u2019 to \u2018long double\u2019\n 1184 |   isnan(long double __x)\n      |         ~~~~~~~~~~~~^~~\nPOPULATIONS/POPULATION_0014/INDIVIDUAL_GJNTU0H4/model.cpp:44:16: error: no matching function for call to \u2018isnan(CppAD::AD<double>&)\u2019\n   44 |   if(std::isnan(log_sd)) log_sd = Type(-1.0);\n      |      ~~~~~~~~~~^~~~~~~~\n/usr/include/c++/13/cmath:1192:5: note: candidate: \u2018template<class _Tp> constexpr typename __gnu_cxx::__enable_if<std::__is_integer<_Tp>::__value, bool>::__type std::isnan(_Tp)\u2019\n 1192 |     isnan(_Tp)\n      |     ^~~~~\n/usr/include/c++/13/cmath:1192:5: note:   template argument deduction/substitution failed:\n/usr/include/c++/13/cmath: In substitution of \u2018template<class _Tp> constexpr typename __gnu_cxx::__enable_if<std::__is_integer<_Tp>::__value, bool>::__type std::isnan(_Tp) [with _Tp = CppAD::AD<double>]\u2019:\nPOPULATIONS/POPULATION_0014/INDIVIDUAL_GJNTU0H4/model.cpp:44:16:   required from \u2018Type objective_function<Type>::operator()() [with Type = CppAD::AD<double>]\u2019\n/home/spi085/R/x86_64-pc-linux-gnu-library/4.4/TMB/include/tmb_core.hpp:1312:6:   required from here\n/usr/include/c++/13/cmath:1192:5: error: no type named \u2018__type\u2019 in \u2018struct __gnu_cxx::__enable_if<false, bool>\u2019\nPOPULATIONS/POPULATION_0014/INDIVIDUAL_GJNTU0H4/model.cpp: In instantiation of \u2018Type objective_function<Type>::operator()() [with Type = CppAD::AD<double>]\u2019:\n/home/spi085/R/x86_64-pc-linux-gnu-library/4.4/TMB/include/tmb_core.hpp:1312:6:   required from here\n/usr/include/c++/13/cmath:1171:3: note: candidate: \u2018constexpr bool std::isnan(float)\u2019\n 1171 |   isnan(float __x)\n      |   ^~~~~\n/usr/include/c++/13/cmath:1171:15: note:   no known conversion for argument 1 from \u2018CppAD::AD<double>\u2019 to \u2018float\u2019\n 1171 |   isnan(float __x)\n      |         ~~~~~~^~~\n/usr/include/c++/13/cmath:1179:3: note: candidate: \u2018constexpr bool std::isnan(double)\u2019\n 1179 |   isnan(double __x)\n      |   ^~~~~\n/usr/include/c++/13/cmath:1179:16: note:   no known conversion for argument 1 from \u2018CppAD::AD<double>\u2019 to \u2018double\u2019\n 1179 |   isnan(double __x)\n      |         ~~~~~~~^~~\n/usr/include/c++/13/cmath:1184:3: note: candidate: \u2018constexpr bool std::isnan(long double)\u2019\n 1184 |   isnan(long double __x)\n      |   ^~~~~\n/usr/include/c++/13/cmath:1184:21: note:   no known conversion for argument 1 from \u2018CppAD::AD<double>\u2019 to \u2018long double\u2019\n 1184 |   isnan(long double __x)\n      |         ~~~~~~~~~~~~^~~\nPOPULATIONS/POPULATION_0014/INDIVIDUAL_GJNTU0H4/model.cpp: In instantiation of \u2018Type objective_function<Type>::operator()() [with Type = CppAD::AD<CppAD::AD<double> >]\u2019:\n/home/spi085/R/x86_64-pc-linux-gnu-library/4.4/TMB/include/tmb_core.hpp:917:29:   required from \u2018Type objective_function<Type>::evalUserTemplate() [with Type = CppAD::AD<CppAD::AD<double> >]\u2019\n/home/spi085/R/x86_64-pc-linux-gnu-library/4.4/TMB/include/tmb_core.hpp:2116:26:   required from here\nPOPULATIONS/POPULATION_0014/INDIVIDUAL_GJNTU0H4/model.cpp:36:16: error: no matching function for call to \u2018isnan(CppAD::AD<CppAD::AD<double> >&)\u2019\n   36 |   if(std::isnan(growth_rate)) growth_rate = Type(0.5);\n      |      ~~~~~~~~~~^~~~~~~~~~~~~\n/usr/include/c++/13/cmath:1192:5: note: candidate: \u2018template<class _Tp> constexpr typename __gnu_cxx::__enable_if<std::__is_integer<_Tp>::__value, bool>::__type std::isnan(_Tp)\u2019\n 1192 |     isnan(_Tp)\n      |     ^~~~~\n/usr/include/c++/13/cmath:1192:5: note:   template argument deduction/substitution failed:\n/usr/include/c++/13/cmath: In substitution of \u2018template<class _Tp> constexpr typename __gnu_cxx::__enable_if<std::__is_integer<_Tp>::__value, bool>::__type std::isnan(_Tp) [with _Tp = CppAD::AD<CppAD::AD<double> >]\u2019:\nPOPULATIONS/POPULATION_0014/INDIVIDUAL_GJNTU0H4/model.cpp:36:16:   required from \u2018Type objective_function<Type>::operator()() [with Type = CppAD::AD<CppAD::AD<double> >]\u2019\n/home/spi085/R/x86_64-pc-linux-gnu-library/4.4/TMB/include/tmb_core.hpp:917:29:   required from \u2018Type objective_function<Type>::evalUserTemplate() [with Type = CppAD::AD<CppAD::AD<double> >]\u2019\n/home/spi085/R/x86_64-pc-linux-gnu-library/4.4/TMB/include/tmb_core.hpp:2116:26:   required from here\n/usr/include/c++/13/cmath:1192:5: error: no type named \u2018__type\u2019 in \u2018struct __gnu_cxx::__enable_if<false, bool>\u2019\nPOPULATIONS/POPULATION_0014/INDIVIDUAL_GJNTU0H4/model.cpp: In instantiation of \u2018Type objective_function<Type>::operator()() [with Type = CppAD::AD<CppAD::AD<double> >]\u2019:\n/home/spi085/R/x86_64-pc-linux-gnu-library/4.4/TMB/include/tmb_core.hpp:917:29:   required from \u2018Type objective_function<Type>::evalUserTemplate() [with Type = CppAD::AD<CppAD::AD<double> >]\u2019\n/home/spi085/R/x86_64-pc-linux-gnu-library/4.4/TMB/include/tmb_core.hpp:2116:26:   required from here\n/usr/include/c++/13/cmath:1171:3: note: candidate: \u2018constexpr bool std::isnan(float)\u2019\n 1171 |   isnan(float __x)\n      |   ^~~~~\n/usr/include/c++/13/cmath:1171:15: note:   no known conversion for argument 1 from \u2018CppAD::AD<CppAD::AD<double> >\u2019 to \u2018float\u2019\n 1171 |   isnan(float __x)\n      |         ~~~~~~^~~\n/usr/include/c++/13/cmath:1179:3: note: candidate: \u2018constexpr bool std::isnan(double)\u2019\n 1179 |   isnan(double __x)\n      |   ^~~~~\n/usr/include/c++/13/cmath:1179:16: note:   no known conversion for argument 1 from \u2018CppAD::AD<CppAD::AD<double> >\u2019 to \u2018double\u2019\n 1179 |   isnan(double __x)\n      |         ~~~~~~~^~~\n/usr/include/c++/13/cmath:1184:3: note: candidate: \u2018constexpr bool std::isnan(long double)\u2019\n 1184 |   isnan(long double __x)\n      |   ^~~~~\n/usr/include/c++/13/cmath:1184:21: note:   no known conversion for argument 1 from \u2018CppAD::AD<CppAD::AD<double> >\u2019 to \u2018long double\u2019\n 1184 |   isnan(long double __x)\n      |         ~~~~~~~~~~~~^~~\nPOPULATIONS/POPULATION_0014/INDIVIDUAL_GJNTU0H4/model.cpp:37:16: error: no matching function for call to \u2018isnan(CppAD::AD<CppAD::AD<double> >&)\u2019\n   37 |   if(std::isnan(outbreak_trigger)) outbreak_trigger = Type(50.0);\n      |      ~~~~~~~~~~^~~~~~~~~~~~~~~~~~\n/usr/include/c++/13/cmath:1192:5: note: candidate: \u2018template<class _Tp> constexpr typename __gnu_cxx::__enable_if<std::__is_integer<_Tp>::__value, bool>::__type std::isnan(_Tp)\u2019\n 1192 |     isnan(_Tp)\n      |     ^~~~~\n/usr/include/c++/13/cmath:1192:5: note:   template argument deduction/substitution failed:\n/usr/include/c++/13/cmath: In substitution of \u2018template<class _Tp> constexpr typename __gnu_cxx::__enable_if<std::__is_integer<_Tp>::__value, bool>::__type std::isnan(_Tp) [with _Tp = CppAD::AD<CppAD::AD<double> >]\u2019:\nPOPULATIONS/POPULATION_0014/INDIVIDUAL_GJNTU0H4/model.cpp:37:16:   required from \u2018Type objective_function<Type>::operator()() [with Type = CppAD::AD<CppAD::AD<double> >]\u2019\n/home/spi085/R/x86_64-pc-linux-gnu-library/4.4/TMB/include/tmb_core.hpp:917:29:   required from \u2018Type objective_function<Type>::evalUserTemplate() [with Type = CppAD::AD<CppAD::AD<double> >]\u2019\n/home/spi085/R/x86_64-pc-linux-gnu-library/4.4/TMB/include/tmb_core.hpp:2116:26:   required from here\n/usr/include/c++/13/cmath:1192:5: error: no type named \u2018__type\u2019 in \u2018struct __gnu_cxx::__enable_if<false, bool>\u2019\nPOPULATIONS/POPULATION_0014/INDIVIDUAL_GJNTU0H4/model.cpp: In instantiation of \u2018Type objective_function<Type>::operator()() [with Type = CppAD::AD<CppAD::AD<double> >]\u2019:\n/home/spi085/R/x86_64-pc-linux-gnu-library/4.4/TMB/include/tmb_core.hpp:917:29:   required from \u2018Type objective_function<Type>::evalUserTemplate() [with Type = CppAD::AD<CppAD::AD<double> >]\u2019\n/home/spi085/R/x86_64-pc-linux-gnu-library/4.4/TMB/include/tmb_core.hpp:2116:26:   required from here\n/usr/include/c++/13/cmath:1171:3: note: candidate: \u2018constexpr bool std::isnan(float)\u2019\n 1171 |   isnan(float __x)\n      |   ^~~~~\n/usr/include/c++/13/cmath:1171:15: note:   no known conversion for argument 1 from \u2018CppAD::AD<CppAD::AD<double> >\u2019 to \u2018float\u2019\n 1171 |   isnan(float __x)\n      |         ~~~~~~^~~\n/usr/include/c++/13/cmath:1179:3: note: candidate: \u2018constexpr bool std::isnan(double)\u2019\n 1179 |   isnan(double __x)\n      |   ^~~~~\n/usr/include/c++/13/cmath:1179:16: note:   no known conversion for argument 1 from \u2018CppAD::AD<CppAD::AD<double> >\u2019 to \u2018double\u2019\n 1179 |   isnan(double __x)\n      |         ~~~~~~~^~~\n/usr/include/c++/13/cmath:1184:3: note: candidate: \u2018constexpr bool std::isnan(long double)\u2019\n 1184 |   isnan(long double __x)\n      |   ^~~~~\n/usr/include/c++/13/cmath:1184:21: note:   no known conversion for argument 1 from \u2018CppAD::AD<CppAD::AD<double> >\u2019 to \u2018long double\u2019\n 1184 |   isnan(long double __x)\n      |         ~~~~~~~~~~~~^~~\nPOPULATIONS/POPULATION_0014/INDIVIDUAL_GJNTU0H4/model.cpp:38:16: error: no matching function for call to \u2018isnan(CppAD::AD<CppAD::AD<double> >&)\u2019\n   38 |   if(std::isnan(outbreak_efficiency)) outbreak_efficiency = Type(2.0);\n      |      ~~~~~~~~~~^~~~~~~~~~~~~~~~~~~~~\n/usr/include/c++/13/cmath:1192:5: note: candidate: \u2018template<class _Tp> constexpr typename __gnu_cxx::__enable_if<std::__is_integer<_Tp>::__value, bool>::__type std::isnan(_Tp)\u2019\n 1192 |     isnan(_Tp)\n      |     ^~~~~\n/usr/include/c++/13/cmath:1192:5: note:   template argument deduction/substitution failed:\n/usr/include/c++/13/cmath: In substitution of \u2018template<class _Tp> constexpr typename __gnu_cxx::__enable_if<std::__is_integer<_Tp>::__value, bool>::__type std::isnan(_Tp) [with _Tp = CppAD::AD<CppAD::AD<double> >]\u2019:\nPOPULATIONS/POPULATION_0014/INDIVIDUAL_GJNTU0H4/model.cpp:38:16:   required from \u2018Type objective_function<Type>::operator()() [with Type = CppAD::AD<CppAD::AD<double> >]\u2019\n/home/spi085/R/x86_64-pc-linux-gnu-library/4.4/TMB/include/tmb_core.hpp:917:29:   required from \u2018Type objective_function<Type>::evalUserTemplate() [with Type = CppAD::AD<CppAD::AD<double> >]\u2019\n/home/spi085/R/x86_64-pc-linux-gnu-library/4.4/TMB/include/tmb_core.hpp:2116:26:   required from here\n/usr/include/c++/13/cmath:1192:5: error: no type named \u2018__type\u2019 in \u2018struct __gnu_cxx::__enable_if<false, bool>\u2019\nPOPULATIONS/POPULATION_0014/INDIVIDUAL_GJNTU0H4/model.cpp: In instantiation of \u2018Type objective_function<Type>::operator()() [with Type = CppAD::AD<CppAD::AD<double> >]\u2019:\n/home/spi085/R/x86_64-pc-linux-gnu-library/4.4/TMB/include/tmb_core.hpp:917:29:   required from \u2018Type objective_function<Type>::evalUserTemplate() [with Type = CppAD::AD<CppAD::AD<double> >]\u2019\n/home/spi085/R/x86_64-pc-linux-gnu-library/4.4/TMB/include/tmb_core.hpp:2116:26:   required from here\n/usr/include/c++/13/cmath:1171:3: note: candidate: \u2018constexpr bool std::isnan(float)\u2019\n 1171 |   isnan(float __x)\n      |   ^~~~~\n/usr/include/c++/13/cmath:1171:15: note:   no known conversion for argument 1 from \u2018CppAD::AD<CppAD::AD<double> >\u2019 to \u2018float\u2019\n 1171 |   isnan(float __x)\n      |         ~~~~~~^~~\n/usr/include/c++/13/cmath:1179:3: note: candidate: \u2018constexpr bool std::isnan(double)\u2019\n 1179 |   isnan(double __x)\n      |   ^~~~~\n/usr/include/c++/13/cmath:1179:16: note:   no known conversion for argument 1 from \u2018CppAD::AD<CppAD::AD<double> >\u2019 to \u2018double\u2019\n 1179 |   isnan(double __x)\n      |         ~~~~~~~^~~\n/usr/include/c++/13/cmath:1184:3: note: candidate: \u2018constexpr bool std::isnan(long double)\u2019\n 1184 |   isnan(long double __x)\n      |   ^~~~~\n/usr/include/c++/13/cmath:1184:21: note:   no known conversion for argument 1 from \u2018CppAD::AD<CppAD::AD<double> >\u2019 to \u2018long double\u2019\n 1184 |   isnan(long double __x)\n      |         ~~~~~~~~~~~~^~~\nPOPULATIONS/POPULATION_0014/INDIVIDUAL_GJNTU0H4/model.cpp:39:16: error: no matching function for call to \u2018isnan(CppAD::AD<CppAD::AD<double> >&)\u2019\n   39 |   if(std::isnan(outbreak_hill_exp)) outbreak_hill_exp = Type(2.0);\n      |      ~~~~~~~~~~^~~~~~~~~~~~~~~~~~~\n/usr/include/c++/13/cmath:1192:5: note: candidate: \u2018template<class _Tp> constexpr typename __gnu_cxx::__enable_if<std::__is_integer<_Tp>::__value, bool>::__type std::isnan(_Tp)\u2019\n 1192 |     isnan(_Tp)\n      |     ^~~~~\n/usr/include/c++/13/cmath:1192:5: note:   template argument deduction/substitution failed:\n/usr/include/c++/13/cmath: In substitution of \u2018template<class _Tp> constexpr typename __gnu_cxx::__enable_if<std::__is_integer<_Tp>::__value, bool>::__type std::isnan(_Tp) [with _Tp = CppAD::AD<CppAD::AD<double> >]\u2019:\nPOPULATIONS/POPULATION_0014/INDIVIDUAL_GJNTU0H4/model.cpp:39:16:   required from \u2018Type objective_function<Type>::operator()() [with Type = CppAD::AD<CppAD::AD<double> >]\u2019\n/home/spi085/R/x86_64-pc-linux-gnu-library/4.4/TMB/include/tmb_core.hpp:917:29:   required from \u2018Type objective_function<Type>::evalUserTemplate() [with Type = CppAD::AD<CppAD::AD<double> >]\u2019\n/home/spi085/R/x86_64-pc-linux-gnu-library/4.4/TMB/include/tmb_core.hpp:2116:26:   required from here\n/usr/include/c++/13/cmath:1192:5: error: no type named \u2018__type\u2019 in \u2018struct __gnu_cxx::__enable_if<false, bool>\u2019\nPOPULATIONS/POPULATION_0014/INDIVIDUAL_GJNTU0H4/model.cpp: In instantiation of \u2018Type objective_function<Type>::operator()() [with Type = CppAD::AD<CppAD::AD<double> >]\u2019:\n/home/spi085/R/x86_64-pc-linux-gnu-library/4.4/TMB/include/tmb_core.hpp:917:29:   required from \u2018Type objective_function<Type>::evalUserTemplate() [with Type = CppAD::AD<CppAD::AD<double> >]\u2019\n/home/spi085/R/x86_64-pc-linux-gnu-library/4.4/TMB/include/tmb_core.hpp:2116:26:   required from here\n/usr/include/c++/13/cmath:1171:3: note: candidate: \u2018constexpr bool std::isnan(float)\u2019\n 1171 |   isnan(float __x)\n      |   ^~~~~\n/usr/include/c++/13/cmath:1171:15: note:   no known conversion for argument 1 from \u2018CppAD::AD<CppAD::AD<double> >\u2019 to \u2018float\u2019\n 1171 |   isnan(float __x)\n      |         ~~~~~~^~~\n/usr/include/c++/13/cmath:1179:3: note: candidate: \u2018constexpr bool std::isnan(double)\u2019\n 1179 |   isnan(double __x)\n      |   ^~~~~\n/usr/include/c++/13/cmath:1179:16: note:   no known conversion for argument 1 from \u2018CppAD::AD<CppAD::AD<double> >\u2019 to \u2018double\u2019\n 1179 |   isnan(double __x)\n      |         ~~~~~~~^~~\n/usr/include/c++/13/cmath:1184:3: note: candidate: \u2018constexpr bool std::isnan(long double)\u2019\n 1184 |   isnan(long double __x)\n      |   ^~~~~\n/usr/include/c++/13/cmath:1184:21: note:   no known conversion for argument 1 from \u2018CppAD::AD<CppAD::AD<double> >\u2019 to \u2018long double\u2019\n 1184 |   isnan(long double __x)\n      |         ~~~~~~~~~~~~^~~\nPOPULATIONS/POPULATION_0014/INDIVIDUAL_GJNTU0H4/model.cpp:40:16: error: no matching function for call to \u2018isnan(CppAD::AD<CppAD::AD<double> >&)\u2019\n   40 |   if(std::isnan(coral_predation_rate_fast)) coral_predation_rate_fast = Type(0.01);\n      |      ~~~~~~~~~~^~~~~~~~~~~~~~~~~~~~~~~~~~~\n/usr/include/c++/13/cmath:1192:5: note: candidate: \u2018template<class _Tp> constexpr typename __gnu_cxx::__enable_if<std::__is_integer<_Tp>::__value, bool>::__type std::isnan(_Tp)\u2019\n 1192 |     isnan(_Tp)\n      |     ^~~~~\n/usr/include/c++/13/cmath:1192:5: note:   template argument deduction/substitution failed:\n/usr/include/c++/13/cmath: In substitution of \u2018template<class _Tp> constexpr typename __gnu_cxx::__enable_if<std::__is_integer<_Tp>::__value, bool>::__type std::isnan(_Tp) [with _Tp = CppAD::AD<CppAD::AD<double> >]\u2019:\nPOPULATIONS/POPULATION_0014/INDIVIDUAL_GJNTU0H4/model.cpp:40:16:   required from \u2018Type objective_function<Type>::operator()() [with Type = CppAD::AD<CppAD::AD<double> >]\u2019\n/home/spi085/R/x86_64-pc-linux-gnu-library/4.4/TMB/include/tmb_core.hpp:917:29:   required from \u2018Type objective_function<Type>::evalUserTemplate() [with Type = CppAD::AD<CppAD::AD<double> >]\u2019\n/home/spi085/R/x86_64-pc-linux-gnu-library/4.4/TMB/include/tmb_core.hpp:2116:26:   required from here\n/usr/include/c++/13/cmath:1192:5: error: no type named \u2018__type\u2019 in \u2018struct __gnu_cxx::__enable_if<false, bool>\u2019\nPOPULATIONS/POPULATION_0014/INDIVIDUAL_GJNTU0H4/model.cpp: In instantiation of \u2018Type objective_function<Type>::operator()() [with Type = CppAD::AD<CppAD::AD<double> >]\u2019:\n/home/spi085/R/x86_64-pc-linux-gnu-library/4.4/TMB/include/tmb_core.hpp:917:29:   required from \u2018Type objective_function<Type>::evalUserTemplate() [with Type = CppAD::AD<CppAD::AD<double> >]\u2019\n/home/spi085/R/x86_64-pc-linux-gnu-library/4.4/TMB/include/tmb_core.hpp:2116:26:   required from here\n/usr/include/c++/13/cmath:1171:3: note: candidate: \u2018constexpr bool std::isnan(float)\u2019\n 1171 |   isnan(float __x)\n      |   ^~~~~\n/usr/include/c++/13/cmath:1171:15: note:   no known conversion for argument 1 from \u2018CppAD::AD<CppAD::AD<double> >\u2019 to \u2018float\u2019\n 1171 |   isnan(float __x)\n      |         ~~~~~~^~~\n/usr/include/c++/13/cmath:1179:3: note: candidate: \u2018constexpr bool std::isnan(double)\u2019\n 1179 |   isnan(double __x)\n      |   ^~~~~\n/usr/include/c++/13/cmath:1179:16: note:   no known conversion for argument 1 from \u2018CppAD::AD<CppAD::AD<double> >\u2019 to \u2018double\u2019\n 1179 |   isnan(double __x)\n      |         ~~~~~~~^~~\n/usr/include/c++/13/cmath:1184:3: note: candidate: \u2018constexpr bool std::isnan(long double)\u2019\n 1184 |   isnan(long double __x)\n      |   ^~~~~\n/usr/include/c++/13/cmath:1184:21: note:   no known conversion for argument 1 from \u2018CppAD::AD<CppAD::AD<double> >\u2019 to \u2018long double\u2019\n 1184 |   isnan(long double __x)\n      |         ~~~~~~~~~~~~^~~\nPOPULATIONS/POPULATION_0014/INDIVIDUAL_GJNTU0H4/model.cpp:41:16: error: no matching function for call to \u2018isnan(CppAD::AD<CppAD::AD<double> >&)\u2019\n   41 |   if(std::isnan(coral_predation_rate_slow)) coral_predation_rate_slow = Type(0.005);\n      |      ~~~~~~~~~~^~~~~~~~~~~~~~~~~~~~~~~~~~~\n/usr/include/c++/13/cmath:1192:5: note: candidate: \u2018template<class _Tp> constexpr typename __gnu_cxx::__enable_if<std::__is_integer<_Tp>::__value, bool>::__type std::isnan(_Tp)\u2019\n 1192 |     isnan(_Tp)\n      |     ^~~~~\n/usr/include/c++/13/cmath:1192:5: note:   template argument deduction/substitution failed:\n/usr/include/c++/13/cmath: In substitution of \u2018template<class _Tp> constexpr typename __gnu_cxx::__enable_if<std::__is_integer<_Tp>::__value, bool>::__type std::isnan(_Tp) [with _Tp = CppAD::AD<CppAD::AD<double> >]\u2019:\nPOPULATIONS/POPULATION_0014/INDIVIDUAL_GJNTU0H4/model.cpp:41:16:   required from \u2018Type objective_function<Type>::operator()() [with Type = CppAD::AD<CppAD::AD<double> >]\u2019\n/home/spi085/R/x86_64-pc-linux-gnu-library/4.4/TMB/include/tmb_core.hpp:917:29:   required from \u2018Type objective_function<Type>::evalUserTemplate() [with Type = CppAD::AD<CppAD::AD<double> >]\u2019\n/home/spi085/R/x86_64-pc-linux-gnu-library/4.4/TMB/include/tmb_core.hpp:2116:26:   required from here\n/usr/include/c++/13/cmath:1192:5: error: no type named \u2018__type\u2019 in \u2018struct __gnu_cxx::__enable_if<false, bool>\u2019\nPOPULATIONS/POPULATION_0014/INDIVIDUAL_GJNTU0H4/model.cpp: In instantiation of \u2018Type objective_function<Type>::operator()() [with Type = CppAD::AD<CppAD::AD<double> >]\u2019:\n/home/spi085/R/x86_64-pc-linux-gnu-library/4.4/TMB/include/tmb_core.hpp:917:29:   required from \u2018Type objective_function<Type>::evalUserTemplate() [with Type = CppAD::AD<CppAD::AD<double> >]\u2019\n/home/spi085/R/x86_64-pc-linux-gnu-library/4.4/TMB/include/tmb_core.hpp:2116:26:   required from here\n/usr/include/c++/13/cmath:1171:3: note: candidate: \u2018constexpr bool std::isnan(float)\u2019\n 1171 |   isnan(float __x)\n      |   ^~~~~\n/usr/include/c++/13/cmath:1171:15: note:   no known conversion for argument 1 from \u2018CppAD::AD<CppAD::AD<double> >\u2019 to \u2018float\u2019\n 1171 |   isnan(float __x)\n      |         ~~~~~~^~~\n/usr/include/c++/13/cmath:1179:3: note: candidate: \u2018constexpr bool std::isnan(double)\u2019\n 1179 |   isnan(double __x)\n      |   ^~~~~\n/usr/include/c++/13/cmath:1179:16: note:   no known conversion for argument 1 from \u2018CppAD::AD<CppAD::AD<double> >\u2019 to \u2018double\u2019\n 1179 |   isnan(double __x)\n      |         ~~~~~~~^~~\n/usr/include/c++/13/cmath:1184:3: note: candidate: \u2018constexpr bool std::isnan(long double)\u2019\n 1184 |   isnan(long double __x)\n      |   ^~~~~\n/usr/include/c++/13/cmath:1184:21: note:   no known conversion for argument 1 from \u2018CppAD::AD<CppAD::AD<double> >\u2019 to \u2018long double\u2019\n 1184 |   isnan(long double __x)\n      |         ~~~~~~~~~~~~^~~\nPOPULATIONS/POPULATION_0014/INDIVIDUAL_GJNTU0H4/model.cpp:42:16: error: no matching function for call to \u2018isnan(CppAD::AD<CppAD::AD<double> >&)\u2019\n   42 |   if(std::isnan(coral_regen_fast)) coral_regen_fast = Type(0.1);\n      |      ~~~~~~~~~~^~~~~~~~~~~~~~~~~~\n/usr/include/c++/13/cmath:1192:5: note: candidate: \u2018template<class _Tp> constexpr typename __gnu_cxx::__enable_if<std::__is_integer<_Tp>::__value, bool>::__type std::isnan(_Tp)\u2019\n 1192 |     isnan(_Tp)\n      |     ^~~~~\n/usr/include/c++/13/cmath:1192:5: note:   template argument deduction/substitution failed:\n/usr/include/c++/13/cmath: In substitution of \u2018template<class _Tp> constexpr typename __gnu_cxx::__enable_if<std::__is_integer<_Tp>::__value, bool>::__type std::isnan(_Tp) [with _Tp = CppAD::AD<CppAD::AD<double> >]\u2019:\nPOPULATIONS/POPULATION_0014/INDIVIDUAL_GJNTU0H4/model.cpp:42:16:   required from \u2018Type objective_function<Type>::operator()() [with Type = CppAD::AD<CppAD::AD<double> >]\u2019\n/home/spi085/R/x86_64-pc-linux-gnu-library/4.4/TMB/include/tmb_core.hpp:917:29:   required from \u2018Type objective_function<Type>::evalUserTemplate() [with Type = CppAD::AD<CppAD::AD<double> >]\u2019\n/home/spi085/R/x86_64-pc-linux-gnu-library/4.4/TMB/include/tmb_core.hpp:2116:26:   required from here\n/usr/include/c++/13/cmath:1192:5: error: no type named \u2018__type\u2019 in \u2018struct __gnu_cxx::__enable_if<false, bool>\u2019\nPOPULATIONS/POPULATION_0014/INDIVIDUAL_GJNTU0H4/model.cpp: In instantiation of \u2018Type objective_function<Type>::operator()() [with Type = CppAD::AD<CppAD::AD<double> >]\u2019:\n/home/spi085/R/x86_64-pc-linux-gnu-library/4.4/TMB/include/tmb_core.hpp:917:29:   required from \u2018Type objective_function<Type>::evalUserTemplate() [with Type = CppAD::AD<CppAD::AD<double> >]\u2019\n/home/spi085/R/x86_64-pc-linux-gnu-library/4.4/TMB/include/tmb_core.hpp:2116:26:   required from here\n/usr/include/c++/13/cmath:1171:3: note: candidate: \u2018constexpr bool std::isnan(float)\u2019\n 1171 |   isnan(float __x)\n      |   ^~~~~\n/usr/include/c++/13/cmath:1171:15: note:   no known conversion for argument 1 from \u2018CppAD::AD<CppAD::AD<double> >\u2019 to \u2018float\u2019\n 1171 |   isnan(float __x)\n      |         ~~~~~~^~~\n/usr/include/c++/13/cmath:1179:3: note: candidate: \u2018constexpr bool std::isnan(double)\u2019\n 1179 |   isnan(double __x)\n      |   ^~~~~\n/usr/include/c++/13/cmath:1179:16: note:   no known conversion for argument 1 from \u2018CppAD::AD<CppAD::AD<double> >\u2019 to \u2018double\u2019\n 1179 |   isnan(double __x)\n      |         ~~~~~~~^~~\n/usr/include/c++/13/cmath:1184:3: note: candidate: \u2018constexpr bool std::isnan(long double)\u2019\n 1184 |   isnan(long double __x)\n      |   ^~~~~\n/usr/include/c++/13/cmath:1184:21: note:   no known conversion for argument 1 from \u2018CppAD::AD<CppAD::AD<double> >\u2019 to \u2018long double\u2019\n 1184 |   isnan(long double __x)\n      |         ~~~~~~~~~~~~^~~\nPOPULATIONS/POPULATION_0014/INDIVIDUAL_GJNTU0H4/model.cpp:43:16: error: no matching function for call to \u2018isnan(CppAD::AD<CppAD::AD<double> >&)\u2019\n   43 |   if(std::isnan(coral_regen_slow)) coral_regen_slow = Type(0.05);\n      |      ~~~~~~~~~~^~~~~~~~~~~~~~~~~~\n/usr/include/c++/13/cmath:1192:5: note: candidate: \u2018template<class _Tp> constexpr typename __gnu_cxx::__enable_if<std::__is_integer<_Tp>::__value, bool>::__type std::isnan(_Tp)\u2019\n 1192 |     isnan(_Tp)\n      |     ^~~~~\n/usr/include/c++/13/cmath:1192:5: note:   template argument deduction/substitution failed:\n/usr/include/c++/13/cmath: In substitution of \u2018template<class _Tp> constexpr typename __gnu_cxx::__enable_if<std::__is_integer<_Tp>::__value, bool>::__type std::isnan(_Tp) [with _Tp = CppAD::AD<CppAD::AD<double> >]\u2019:\nPOPULATIONS/POPULATION_0014/INDIVIDUAL_GJNTU0H4/model.cpp:43:16:   required from \u2018Type objective_function<Type>::operator()() [with Type = CppAD::AD<CppAD::AD<double> >]\u2019\n/home/spi085/R/x86_64-pc-linux-gnu-library/4.4/TMB/include/tmb_core.hpp:917:29:   required from \u2018Type objective_function<Type>::evalUserTemplate() [with Type = CppAD::AD<CppAD::AD<double> >]\u2019\n/home/spi085/R/x86_64-pc-linux-gnu-library/4.4/TMB/include/tmb_core.hpp:2116:26:   required from here\n/usr/include/c++/13/cmath:1192:5: error: no type named \u2018__type\u2019 in \u2018struct __gnu_cxx::__enable_if<false, bool>\u2019\nPOPULATIONS/POPULATION_0014/INDIVIDUAL_GJNTU0H4/model.cpp: In instantiation of \u2018Type objective_function<Type>::operator()() [with Type = CppAD::AD<CppAD::AD<double> >]\u2019:\n/home/spi085/R/x86_64-pc-linux-gnu-library/4.4/TMB/include/tmb_core.hpp:917:29:   required from \u2018Type objective_function<Type>::evalUserTemplate() [with Type = CppAD::AD<CppAD::AD<double> >]\u2019\n/home/spi085/R/x86_64-pc-linux-gnu-library/4.4/TMB/include/tmb_core.hpp:2116:26:   required from here\n/usr/include/c++/13/cmath:1171:3: note: candidate: \u2018constexpr bool std::isnan(float)\u2019\n 1171 |   isnan(float __x)\n      |   ^~~~~\n/usr/include/c++/13/cmath:1171:15: note:   no known conversion for argument 1 from \u2018CppAD::AD<CppAD::AD<double> >\u2019 to \u2018float\u2019\n 1171 |   isnan(float __x)\n      |         ~~~~~~^~~\n/usr/include/c++/13/cmath:1179:3: note: candidate: \u2018constexpr bool std::isnan(double)\u2019\n 1179 |   isnan(double __x)\n      |   ^~~~~\n/usr/include/c++/13/cmath:1179:16: note:   no known conversion for argument 1 from \u2018CppAD::AD<CppAD::AD<double> >\u2019 to \u2018double\u2019\n 1179 |   isnan(double __x)\n      |         ~~~~~~~^~~\n/usr/include/c++/13/cmath:1184:3: note: candidate: \u2018constexpr bool std::isnan(long double)\u2019\n 1184 |   isnan(long double __x)\n      |   ^~~~~\n/usr/include/c++/13/cmath:1184:21: note:   no known conversion for argument 1 from \u2018CppAD::AD<CppAD::AD<double> >\u2019 to \u2018long double\u2019\n 1184 |   isnan(long double __x)\n      |         ~~~~~~~~~~~~^~~\nPOPULATIONS/POPULATION_0014/INDIVIDUAL_GJNTU0H4/model.cpp:44:16: error: no matching function for call to \u2018isnan(CppAD::AD<CppAD::AD<double> >&)\u2019\n   44 |   if(std::isnan(log_sd)) log_sd = Type(-1.0);\n      |      ~~~~~~~~~~^~~~~~~~\n/usr/include/c++/13/cmath:1192:5: note: candidate: \u2018template<class _Tp> constexpr typename __gnu_cxx::__enable_if<std::__is_integer<_Tp>::__value, bool>::__type std::isnan(_Tp)\u2019\n 1192 |     isnan(_Tp)\n      |     ^~~~~\n/usr/include/c++/13/cmath:1192:5: note:   template argument deduction/substitution failed:\n/usr/include/c++/13/cmath: In substitution of \u2018template<class _Tp> constexpr typename __gnu_cxx::__enable_if<std::__is_integer<_Tp>::__value, bool>::__type std::isnan(_Tp) [with _Tp = CppAD::AD<CppAD::AD<double> >]\u2019:\nPOPULATIONS/POPULATION_0014/INDIVIDUAL_GJNTU0H4/model.cpp:44:16:   required from \u2018Type objective_function<Type>::operator()() [with Type = CppAD::AD<CppAD::AD<double> >]\u2019\n/home/spi085/R/x86_64-pc-linux-gnu-library/4.4/TMB/include/tmb_core.hpp:917:29:   required from \u2018Type objective_function<Type>::evalUserTemplate() [with Type = CppAD::AD<CppAD::AD<double> >]\u2019\n/home/spi085/R/x86_64-pc-linux-gnu-library/4.4/TMB/include/tmb_core.hpp:2116:26:   required from here\n/usr/include/c++/13/cmath:1192:5: error: no type named \u2018__type\u2019 in \u2018struct __gnu_cxx::__enable_if<false, bool>\u2019\nPOPULATIONS/POPULATION_0014/INDIVIDUAL_GJNTU0H4/model.cpp: In instantiation of \u2018Type objective_function<Type>::operator()() [with Type = CppAD::AD<CppAD::AD<double> >]\u2019:\n/home/spi085/R/x86_64-pc-linux-gnu-library/4.4/TMB/include/tmb_core.hpp:917:29:   required from \u2018Type objective_function<Type>::evalUserTemplate() [with Type = CppAD::AD<CppAD::AD<double> >]\u2019\n/home/spi085/R/x86_64-pc-linux-gnu-library/4.4/TMB/include/tmb_core.hpp:2116:26:   required from here\n/usr/include/c++/13/cmath:1171:3: note: candidate: \u2018constexpr bool std::isnan(float)\u2019\n 1171 |   isnan(float __x)\n      |   ^~~~~\n/usr/include/c++/13/cmath:1171:15: note:   no known conversion for argument 1 from \u2018CppAD::AD<CppAD::AD<double> >\u2019 to \u2018float\u2019\n 1171 |   isnan(float __x)\n      |         ~~~~~~^~~\n/usr/include/c++/13/cmath:1179:3: note: candidate: \u2018constexpr bool std::isnan(double)\u2019\n 1179 |   isnan(double __x)\n      |   ^~~~~\n/usr/include/c++/13/cmath:1179:16: note:   no known conversion for argument 1 from \u2018CppAD::AD<CppAD::AD<double> >\u2019 to \u2018double\u2019\n 1179 |   isnan(double __x)\n      |         ~~~~~~~^~~\n/usr/include/c++/13/cmath:1184:3: note: candidate: \u2018constexpr bool std::isnan(long double)\u2019\n 1184 |   isnan(long double __x)\n      |   ^~~~~\n/usr/include/c++/13/cmath:1184:21: note:   no known conversion for argument 1 from \u2018CppAD::AD<CppAD::AD<double> >\u2019 to \u2018long double\u2019\n 1184 |   isnan(long double __x)\n      |         ~~~~~~~~~~~~^~~\nPOPULATIONS/POPULATION_0014/INDIVIDUAL_GJNTU0H4/model.cpp: In instantiation of \u2018Type objective_function<Type>::operator()() [with Type = CppAD::AD<CppAD::AD<CppAD::AD<double> > >]\u2019:\n/home/spi085/R/x86_64-pc-linux-gnu-library/4.4/TMB/include/tmb_core.hpp:917:29:   required from \u2018Type objective_function<Type>::evalUserTemplate() [with Type = CppAD::AD<CppAD::AD<CppAD::AD<double> > >]\u2019\n/home/spi085/R/x86_64-pc-linux-gnu-library/4.4/TMB/include/tmb_core.hpp:2365:28:   required from here\nPOPULATIONS/POPULATION_0014/INDIVIDUAL_GJNTU0H4/model.cpp:36:16: error: no matching function for call to \u2018isnan(CppAD::AD<CppAD::AD<CppAD::AD<double> > >&)\u2019\n   36 |   if(std::isnan(growth_rate)) growth_rate = Type(0.5);\n      |      ~~~~~~~~~~^~~~~~~~~~~~~\n/usr/include/c++/13/cmath:1192:5: note: candidate: \u2018template<class _Tp> constexpr typename __gnu_cxx::__enable_if<std::__is_integer<_Tp>::__value, bool>::__type std::isnan(_Tp)\u2019\n 1192 |     isnan(_Tp)\n      |     ^~~~~\n/usr/include/c++/13/cmath:1192:5: note:   template argument deduction/substitution failed:\n/usr/include/c++/13/cmath: In substitution of \u2018template<class _Tp> constexpr typename __gnu_cxx::__enable_if<std::__is_integer<_Tp>::__value, bool>::__type std::isnan(_Tp) [with _Tp = CppAD::AD<CppAD::AD<CppAD::AD<double> > >]\u2019:\nPOPULATIONS/POPULATION_0014/INDIVIDUAL_GJNTU0H4/model.cpp:36:16:   required from \u2018Type objective_function<Type>::operator()() [with Type = CppAD::AD<CppAD::AD<CppAD::AD<double> > >]\u2019\n/home/spi085/R/x86_64-pc-linux-gnu-library/4.4/TMB/include/tmb_core.hpp:917:29:   required from \u2018Type objective_function<Type>::evalUserTemplate() [with Type = CppAD::AD<CppAD::AD<CppAD::AD<double> > >]\u2019\n/home/spi085/R/x86_64-pc-linux-gnu-library/4.4/TMB/include/tmb_core.hpp:2365:28:   required from here\n/usr/include/c++/13/cmath:1192:5: error: no type named \u2018__type\u2019 in \u2018struct __gnu_cxx::__enable_if<false, bool>\u2019\nPOPULATIONS/POPULATION_0014/INDIVIDUAL_GJNTU0H4/model.cpp: In instantiation of \u2018Type objective_function<Type>::operator()() [with Type = CppAD::AD<CppAD::AD<CppAD::AD<double> > >]\u2019:\n/home/spi085/R/x86_64-pc-linux-gnu-library/4.4/TMB/include/tmb_core.hpp:917:29:   required from \u2018Type objective_function<Type>::evalUserTemplate() [with Type = CppAD::AD<CppAD::AD<CppAD::AD<double> > >]\u2019\n/home/spi085/R/x86_64-pc-linux-gnu-library/4.4/TMB/include/tmb_core.hpp:2365:28:   required from here\n/usr/include/c++/13/cmath:1171:3: note: candidate: \u2018constexpr bool std::isnan(float)\u2019\n 1171 |   isnan(float __x)\n      |   ^~~~~\n/usr/include/c++/13/cmath:1171:15: note:   no known conversion for argument 1 from \u2018CppAD::AD<CppAD::AD<CppAD::AD<double> > >\u2019 to \u2018float\u2019\n 1171 |   isnan(float __x)\n      |         ~~~~~~^~~\n/usr/include/c++/13/cmath:1179:3: note: candidate: \u2018constexpr bool std::isnan(double)\u2019\n 1179 |   isnan(double __x)\n      |   ^~~~~\n/usr/include/c++/13/cmath:1179:16: note:   no known conversion for argument 1 from \u2018CppAD::AD<CppAD::AD<CppAD::AD<double> > >\u2019 to \u2018double\u2019\n 1179 |   isnan(double __x)\n      |         ~~~~~~~^~~\n/usr/include/c++/13/cmath:1184:3: note: candidate: \u2018constexpr bool std::isnan(long double)\u2019\n 1184 |   isnan(long double __x)\n      |   ^~~~~\n/usr/include/c++/13/cmath:1184:21: note:   no known conversion for argument 1 from \u2018CppAD::AD<CppAD::AD<CppAD::AD<double> > >\u2019 to \u2018long double\u2019\n 1184 |   isnan(long double __x)\n      |         ~~~~~~~~~~~~^~~\nPOPULATIONS/POPULATION_0014/INDIVIDUAL_GJNTU0H4/model.cpp:37:16: error: no matching function for call to \u2018isnan(CppAD::AD<CppAD::AD<CppAD::AD<double> > >&)\u2019\n   37 |   if(std::isnan(outbreak_trigger)) outbreak_trigger = Type(50.0);\n      |      ~~~~~~~~~~^~~~~~~~~~~~~~~~~~\n/usr/include/c++/13/cmath:1192:5: note: candidate: \u2018template<class _Tp> constexpr typename __gnu_cxx::__enable_if<std::__is_integer<_Tp>::__value, bool>::__type std::isnan(_Tp)\u2019\n 1192 |     isnan(_Tp)\n      |     ^~~~~\n/usr/include/c++/13/cmath:1192:5: note:   template argument deduction/substitution failed:\n/usr/include/c++/13/cmath: In substitution of \u2018template<class _Tp> constexpr typename __gnu_cxx::__enable_if<std::__is_integer<_Tp>::__value, bool>::__type std::isnan(_Tp) [with _Tp = CppAD::AD<CppAD::AD<CppAD::AD<double> > >]\u2019:\nPOPULATIONS/POPULATION_0014/INDIVIDUAL_GJNTU0H4/model.cpp:37:16:   required from \u2018Type objective_function<Type>::operator()() [with Type = CppAD::AD<CppAD::AD<CppAD::AD<double> > >]\u2019\n/home/spi085/R/x86_64-pc-linux-gnu-library/4.4/TMB/include/tmb_core.hpp:917:29:   required from \u2018Type objective_function<Type>::evalUserTemplate() [with Type = CppAD::AD<CppAD::AD<CppAD::AD<double> > >]\u2019\n/home/spi085/R/x86_64-pc-linux-gnu-library/4.4/TMB/include/tmb_core.hpp:2365:28:   required from here\n/usr/include/c++/13/cmath:1192:5: error: no type named \u2018__type\u2019 in \u2018struct __gnu_cxx::__enable_if<false, bool>\u2019\nPOPULATIONS/POPULATION_0014/INDIVIDUAL_GJNTU0H4/model.cpp: In instantiation of \u2018Type objective_function<Type>::operator()() [with Type = CppAD::AD<CppAD::AD<CppAD::AD<double> > >]\u2019:\n/home/spi085/R/x86_64-pc-linux-gnu-library/4.4/TMB/include/tmb_core.hpp:917:29:   required from \u2018Type objective_function<Type>::evalUserTemplate() [with Type = CppAD::AD<CppAD::AD<CppAD::AD<double> > >]\u2019\n/home/spi085/R/x86_64-pc-linux-gnu-library/4.4/TMB/include/tmb_core.hpp:2365:28:   required from here\n/usr/include/c++/13/cmath:1171:3: note: candidate: \u2018constexpr bool std::isnan(float)\u2019\n 1171 |   isnan(float __x)\n      |   ^~~~~\n/usr/include/c++/13/cmath:1171:15: note:   no known conversion for argument 1 from \u2018CppAD::AD<CppAD::AD<CppAD::AD<double> > >\u2019 to \u2018float\u2019\n 1171 |   isnan(float __x)\n      |         ~~~~~~^~~\n/usr/include/c++/13/cmath:1179:3: note: candidate: \u2018constexpr bool std::isnan(double)\u2019\n 1179 |   isnan(double __x)\n      |   ^~~~~\n/usr/include/c++/13/cmath:1179:16: note:   no known conversion for argument 1 from \u2018CppAD::AD<CppAD::AD<CppAD::AD<double> > >\u2019 to \u2018double\u2019\n 1179 |   isnan(double __x)\n      |         ~~~~~~~^~~\n/usr/include/c++/13/cmath:1184:3: note: candidate: \u2018constexpr bool std::isnan(long double)\u2019\n 1184 |   isnan(long double __x)\n      |   ^~~~~\n/usr/include/c++/13/cmath:1184:21: note:   no known conversion for argument 1 from \u2018CppAD::AD<CppAD::AD<CppAD::AD<double> > >\u2019 to \u2018long double\u2019\n 1184 |   isnan(long double __x)\n      |         ~~~~~~~~~~~~^~~\nPOPULATIONS/POPULATION_0014/INDIVIDUAL_GJNTU0H4/model.cpp:38:16: error: no matching function for call to \u2018isnan(CppAD::AD<CppAD::AD<CppAD::AD<double> > >&)\u2019\n   38 |   if(std::isnan(outbreak_efficiency)) outbreak_efficiency = Type(2.0);\n      |      ~~~~~~~~~~^~~~~~~~~~~~~~~~~~~~~\n/usr/include/c++/13/cmath:1192:5: note: candidate: \u2018template<class _Tp> constexpr typename __gnu_cxx::__enable_if<std::__is_integer<_Tp>::__value, bool>::__type std::isnan(_Tp)\u2019\n 1192 |     isnan(_Tp)\n      |     ^~~~~\n/usr/include/c++/13/cmath:1192:5: note:   template argument deduction/substitution failed:\n/usr/include/c++/13/cmath: In substitution of \u2018template<class _Tp> constexpr typename __gnu_cxx::__enable_if<std::__is_integer<_Tp>::__value, bool>::__type std::isnan(_Tp) [with _Tp = CppAD::AD<CppAD::AD<CppAD::AD<double> > >]\u2019:\nPOPULATIONS/POPULATION_0014/INDIVIDUAL_GJNTU0H4/model.cpp:38:16:   required from \u2018Type objective_function<Type>::operator()() [with Type = CppAD::AD<CppAD::AD<CppAD::AD<double> > >]\u2019\n/home/spi085/R/x86_64-pc-linux-gnu-library/4.4/TMB/include/tmb_core.hpp:917:29:   required from \u2018Type objective_function<Type>::evalUserTemplate() [with Type = CppAD::AD<CppAD::AD<CppAD::AD<double> > >]\u2019\n/home/spi085/R/x86_64-pc-linux-gnu-library/4.4/TMB/include/tmb_core.hpp:2365:28:   required from here\n/usr/include/c++/13/cmath:1192:5: error: no type named \u2018__type\u2019 in \u2018struct __gnu_cxx::__enable_if<false, bool>\u2019\nPOPULATIONS/POPULATION_0014/INDIVIDUAL_GJNTU0H4/model.cpp: In instantiation of \u2018Type objective_function<Type>::operator()() [with Type = CppAD::AD<CppAD::AD<CppAD::AD<double> > >]\u2019:\n/home/spi085/R/x86_64-pc-linux-gnu-library/4.4/TMB/include/tmb_core.hpp:917:29:   required from \u2018Type objective_function<Type>::evalUserTemplate() [with Type = CppAD::AD<CppAD::AD<CppAD::AD<double> > >]\u2019\n/home/spi085/R/x86_64-pc-linux-gnu-library/4.4/TMB/include/tmb_core.hpp:2365:28:   required from here\n/usr/include/c++/13/cmath:1171:3: note: candidate: \u2018constexpr bool std::isnan(float)\u2019\n 1171 |   isnan(float __x)\n      |   ^~~~~\n/usr/include/c++/13/cmath:1171:15: note:   no known conversion for argument 1 from \u2018CppAD::AD<CppAD::AD<CppAD::AD<double> > >\u2019 to \u2018float\u2019\n 1171 |   isnan(float __x)\n      |         ~~~~~~^~~\n/usr/include/c++/13/cmath:1179:3: note: candidate: \u2018constexpr bool std::isnan(double)\u2019\n 1179 |   isnan(double __x)\n      |   ^~~~~\n/usr/include/c++/13/cmath:1179:16: note:   no known conversion for argument 1 from \u2018CppAD::AD<CppAD::AD<CppAD::AD<double> > >\u2019 to \u2018double\u2019\n 1179 |   isnan(double __x)\n      |         ~~~~~~~^~~\n/usr/include/c++/13/cmath:1184:3: note: candidate: \u2018constexpr bool std::isnan(long double)\u2019\n 1184 |   isnan(long double __x)\n      |   ^~~~~\n/usr/include/c++/13/cmath:1184:21: note:   no known conversion for argument 1 from \u2018CppAD::AD<CppAD::AD<CppAD::AD<double> > >\u2019 to \u2018long double\u2019\n 1184 |   isnan(long double __x)\n      |         ~~~~~~~~~~~~^~~\nPOPULATIONS/POPULATION_0014/INDIVIDUAL_GJNTU0H4/model.cpp:39:16: error: no matching function for call to \u2018isnan(CppAD::AD<CppAD::AD<CppAD::AD<double> > >&)\u2019\n   39 |   if(std::isnan(outbreak_hill_exp)) outbreak_hill_exp = Type(2.0);\n      |      ~~~~~~~~~~^~~~~~~~~~~~~~~~~~~\n/usr/include/c++/13/cmath:1192:5: note: candidate: \u2018template<class _Tp> constexpr typename __gnu_cxx::__enable_if<std::__is_integer<_Tp>::__value, bool>::__type std::isnan(_Tp)\u2019\n 1192 |     isnan(_Tp)\n      |     ^~~~~\n/usr/include/c++/13/cmath:1192:5: note:   template argument deduction/substitution failed:\n/usr/include/c++/13/cmath: In substitution of \u2018template<class _Tp> constexpr typename __gnu_cxx::__enable_if<std::__is_integer<_Tp>::__value, bool>::__type std::isnan(_Tp) [with _Tp = CppAD::AD<CppAD::AD<CppAD::AD<double> > >]\u2019:\nPOPULATIONS/POPULATION_0014/INDIVIDUAL_GJNTU0H4/model.cpp:39:16:   required from \u2018Type objective_function<Type>::operator()() [with Type = CppAD::AD<CppAD::AD<CppAD::AD<double> > >]\u2019\n/home/spi085/R/x86_64-pc-linux-gnu-library/4.4/TMB/include/tmb_core.hpp:917:29:   required from \u2018Type objective_function<Type>::evalUserTemplate() [with Type = CppAD::AD<CppAD::AD<CppAD::AD<double> > >]\u2019\n/home/spi085/R/x86_64-pc-linux-gnu-library/4.4/TMB/include/tmb_core.hpp:2365:28:   required from here\n/usr/include/c++/13/cmath:1192:5: error: no type named \u2018__type\u2019 in \u2018struct __gnu_cxx::__enable_if<false, bool>\u2019\nPOPULATIONS/POPULATION_0014/INDIVIDUAL_GJNTU0H4/model.cpp: In instantiation of \u2018Type objective_function<Type>::operator()() [with Type = CppAD::AD<CppAD::AD<CppAD::AD<double> > >]\u2019:\n/home/spi085/R/x86_64-pc-linux-gnu-library/4.4/TMB/include/tmb_core.hpp:917:29:   required from \u2018Type objective_function<Type>::evalUserTemplate() [with Type = CppAD::AD<CppAD::AD<CppAD::AD<double> > >]\u2019\n/home/spi085/R/x86_64-pc-linux-gnu-library/4.4/TMB/include/tmb_core.hpp:2365:28:   required from here\n/usr/include/c++/13/cmath:1171:3: note: candidate: \u2018constexpr bool std::isnan(float)\u2019\n 1171 |   isnan(float __x)\n      |   ^~~~~\n/usr/include/c++/13/cmath:1171:15: note:   no known conversion for argument 1 from \u2018CppAD::AD<CppAD::AD<CppAD::AD<double> > >\u2019 to \u2018float\u2019\n 1171 |   isnan(float __x)\n      |         ~~~~~~^~~\n/usr/include/c++/13/cmath:1179:3: note: candidate: \u2018constexpr bool std::isnan(double)\u2019\n 1179 |   isnan(double __x)\n      |   ^~~~~\n/usr/include/c++/13/cmath:1179:16: note:   no known conversion for argument 1 from \u2018CppAD::AD<CppAD::AD<CppAD::AD<double> > >\u2019 to \u2018double\u2019\n 1179 |   isnan(double __x)\n      |         ~~~~~~~^~~\n/usr/include/c++/13/cmath:1184:3: note: candidate: \u2018constexpr bool std::isnan(long double)\u2019\n 1184 |   isnan(long double __x)\n      |   ^~~~~\n/usr/include/c++/13/cmath:1184:21: note:   no known conversion for argument 1 from \u2018CppAD::AD<CppAD::AD<CppAD::AD<double> > >\u2019 to \u2018long double\u2019\n 1184 |   isnan(long double __x)\n      |         ~~~~~~~~~~~~^~~\nPOPULATIONS/POPULATION_0014/INDIVIDUAL_GJNTU0H4/model.cpp:40:16: error: no matching function for call to \u2018isnan(CppAD::AD<CppAD::AD<CppAD::AD<double> > >&)\u2019\n   40 |   if(std::isnan(coral_predation_rate_fast)) coral_predation_rate_fast = Type(0.01);\n      |      ~~~~~~~~~~^~~~~~~~~~~~~~~~~~~~~~~~~~~\n/usr/include/c++/13/cmath:1192:5: note: candidate: \u2018template<class _Tp> constexpr typename __gnu_cxx::__enable_if<std::__is_integer<_Tp>::__value, bool>::__type std::isnan(_Tp)\u2019\n 1192 |     isnan(_Tp)\n      |     ^~~~~\n/usr/include/c++/13/cmath:1192:5: note:   template argument deduction/substitution failed:\n/usr/include/c++/13/cmath: In substitution of \u2018template<class _Tp> constexpr typename __gnu_cxx::__enable_if<std::__is_integer<_Tp>::__value, bool>::__type std::isnan(_Tp) [with _Tp = CppAD::AD<CppAD::AD<CppAD::AD<double> > >]\u2019:\nPOPULATIONS/POPULATION_0014/INDIVIDUAL_GJNTU0H4/model.cpp:40:16:   required from \u2018Type objective_function<Type>::operator()() [with Type = CppAD::AD<CppAD::AD<CppAD::AD<double> > >]\u2019\n/home/spi085/R/x86_64-pc-linux-gnu-library/4.4/TMB/include/tmb_core.hpp:917:29:   required from \u2018Type objective_function<Type>::evalUserTemplate() [with Type = CppAD::AD<CppAD::AD<CppAD::AD<double> > >]\u2019\n/home/spi085/R/x86_64-pc-linux-gnu-library/4.4/TMB/include/tmb_core.hpp:2365:28:   required from here\n/usr/include/c++/13/cmath:1192:5: error: no type named \u2018__type\u2019 in \u2018struct __gnu_cxx::__enable_if<false, bool>\u2019\nPOPULATIONS/POPULATION_0014/INDIVIDUAL_GJNTU0H4/model.cpp: In instantiation of \u2018Type objective_function<Type>::operator()() [with Type = CppAD::AD<CppAD::AD<CppAD::AD<double> > >]\u2019:\n/home/spi085/R/x86_64-pc-linux-gnu-library/4.4/TMB/include/tmb_core.hpp:917:29:   required from \u2018Type objective_function<Type>::evalUserTemplate() [with Type = CppAD::AD<CppAD::AD<CppAD::AD<double> > >]\u2019\n/home/spi085/R/x86_64-pc-linux-gnu-library/4.4/TMB/include/tmb_core.hpp:2365:28:   required from here\n/usr/include/c++/13/cmath:1171:3: note: candidate: \u2018constexpr bool std::isnan(float)\u2019\n 1171 |   isnan(float __x)\n      |   ^~~~~\n/usr/include/c++/13/cmath:1171:15: note:   no known conversion for argument 1 from \u2018CppAD::AD<CppAD::AD<CppAD::AD<double> > >\u2019 to \u2018float\u2019\n 1171 |   isnan(float __x)\n      |         ~~~~~~^~~\n/usr/include/c++/13/cmath:1179:3: note: candidate: \u2018constexpr bool std::isnan(double)\u2019\n 1179 |   isnan(double __x)\n      |   ^~~~~\n/usr/include/c++/13/cmath:1179:16: note:   no known conversion for argument 1 from \u2018CppAD::AD<CppAD::AD<CppAD::AD<double> > >\u2019 to \u2018double\u2019\n 1179 |   isnan(double __x)\n      |         ~~~~~~~^~~\n/usr/include/c++/13/cmath:1184:3: note: candidate: \u2018constexpr bool std::isnan(long double)\u2019\n 1184 |   isnan(long double __x)\n      |   ^~~~~\n/usr/include/c++/13/cmath:1184:21: note:   no known conversion for argument 1 from \u2018CppAD::AD<CppAD::AD<CppAD::AD<double> > >\u2019 to \u2018long double\u2019\n 1184 |   isnan(long double __x)\n      |         ~~~~~~~~~~~~^~~\nPOPULATIONS/POPULATION_0014/INDIVIDUAL_GJNTU0H4/model.cpp:41:16: error: no matching function for call to \u2018isnan(CppAD::AD<CppAD::AD<CppAD::AD<double> > >&)\u2019\n   41 |   if(std::isnan(coral_predation_rate_slow)) coral_predation_rate_slow = Type(0.005);\n      |      ~~~~~~~~~~^~~~~~~~~~~~~~~~~~~~~~~~~~~\n/usr/include/c++/13/cmath:1192:5: note: candidate: \u2018template<class _Tp> constexpr typename __gnu_cxx::__enable_if<std::__is_integer<_Tp>::__value, bool>::__type std::isnan(_Tp)\u2019\n 1192 |     isnan(_Tp)\n      |     ^~~~~\n/usr/include/c++/13/cmath:1192:5: note:   template argument deduction/substitution failed:\n/usr/include/c++/13/cmath: In substitution of \u2018template<class _Tp> constexpr typename __gnu_cxx::__enable_if<std::__is_integer<_Tp>::__value, bool>::__type std::isnan(_Tp) [with _Tp = CppAD::AD<CppAD::AD<CppAD::AD<double> > >]\u2019:\nPOPULATIONS/POPULATION_0014/INDIVIDUAL_GJNTU0H4/model.cpp:41:16:   required from \u2018Type objective_function<Type>::operator()() [with Type = CppAD::AD<CppAD::AD<CppAD::AD<double> > >]\u2019\n/home/spi085/R/x86_64-pc-linux-gnu-library/4.4/TMB/include/tmb_core.hpp:917:29:   required from \u2018Type objective_function<Type>::evalUserTemplate() [with Type = CppAD::AD<CppAD::AD<CppAD::AD<double> > >]\u2019\n/home/spi085/R/x86_64-pc-linux-gnu-library/4.4/TMB/include/tmb_core.hpp:2365:28:   required from here\n/usr/include/c++/13/cmath:1192:5: error: no type named \u2018__type\u2019 in \u2018struct __gnu_cxx::__enable_if<false, bool>\u2019\nPOPULATIONS/POPULATION_0014/INDIVIDUAL_GJNTU0H4/model.cpp: In instantiation of \u2018Type objective_function<Type>::operator()() [with Type = CppAD::AD<CppAD::AD<CppAD::AD<double> > >]\u2019:\n/home/spi085/R/x86_64-pc-linux-gnu-library/4.4/TMB/include/tmb_core.hpp:917:29:   required from \u2018Type objective_function<Type>::evalUserTemplate() [with Type = CppAD::AD<CppAD::AD<CppAD::AD<double> > >]\u2019\n/home/spi085/R/x86_64-pc-linux-gnu-library/4.4/TMB/include/tmb_core.hpp:2365:28:   required from here\n/usr/include/c++/13/cmath:1171:3: note: candidate: \u2018constexpr bool std::isnan(float)\u2019\n 1171 |   isnan(float __x)\n      |   ^~~~~\n/usr/include/c++/13/cmath:1171:15: note:   no known conversion for argument 1 from \u2018CppAD::AD<CppAD::AD<CppAD::AD<double> > >\u2019 to \u2018float\u2019\n 1171 |   isnan(float __x)\n      |         ~~~~~~^~~\n/usr/include/c++/13/cmath:1179:3: note: candidate: \u2018constexpr bool std::isnan(double)\u2019\n 1179 |   isnan(double __x)\n      |   ^~~~~\n/usr/include/c++/13/cmath:1179:16: note:   no known conversion for argument 1 from \u2018CppAD::AD<CppAD::AD<CppAD::AD<double> > >\u2019 to \u2018double\u2019\n 1179 |   isnan(double __x)\n      |         ~~~~~~~^~~\n/usr/include/c++/13/cmath:1184:3: note: candidate: \u2018constexpr bool std::isnan(long double)\u2019\n 1184 |   isnan(long double __x)\n      |   ^~~~~\n/usr/include/c++/13/cmath:1184:21: note:   no known conversion for argument 1 from \u2018CppAD::AD<CppAD::AD<CppAD::AD<double> > >\u2019 to \u2018long double\u2019\n 1184 |   isnan(long double __x)\n      |         ~~~~~~~~~~~~^~~\nPOPULATIONS/POPULATION_0014/INDIVIDUAL_GJNTU0H4/model.cpp:42:16: error: no matching function for call to \u2018isnan(CppAD::AD<CppAD::AD<CppAD::AD<double> > >&)\u2019\n   42 |   if(std::isnan(coral_regen_fast)) coral_regen_fast = Type(0.1);\n      |      ~~~~~~~~~~^~~~~~~~~~~~~~~~~~\n/usr/include/c++/13/cmath:1192:5: note: candidate: \u2018template<class _Tp> constexpr typename __gnu_cxx::__enable_if<std::__is_integer<_Tp>::__value, bool>::__type std::isnan(_Tp)\u2019\n 1192 |     isnan(_Tp)\n      |     ^~~~~\n/usr/include/c++/13/cmath:1192:5: note:   template argument deduction/substitution failed:\n/usr/include/c++/13/cmath: In substitution of \u2018template<class _Tp> constexpr typename __gnu_cxx::__enable_if<std::__is_integer<_Tp>::__value, bool>::__type std::isnan(_Tp) [with _Tp = CppAD::AD<CppAD::AD<CppAD::AD<double> > >]\u2019:\nPOPULATIONS/POPULATION_0014/INDIVIDUAL_GJNTU0H4/model.cpp:42:16:   required from \u2018Type objective_function<Type>::operator()() [with Type = CppAD::AD<CppAD::AD<CppAD::AD<double> > >]\u2019\n/home/spi085/R/x86_64-pc-linux-gnu-library/4.4/TMB/include/tmb_core.hpp:917:29:   required from \u2018Type objective_function<Type>::evalUserTemplate() [with Type = CppAD::AD<CppAD::AD<CppAD::AD<double> > >]\u2019\n/home/spi085/R/x86_64-pc-linux-gnu-library/4.4/TMB/include/tmb_core.hpp:2365:28:   required from here\n/usr/include/c++/13/cmath:1192:5: error: no type named \u2018__type\u2019 in \u2018struct __gnu_cxx::__enable_if<false, bool>\u2019\nPOPULATIONS/POPULATION_0014/INDIVIDUAL_GJNTU0H4/model.cpp: In instantiation of \u2018Type objective_function<Type>::operator()() [with Type = CppAD::AD<CppAD::AD<CppAD::AD<double> > >]\u2019:\n/home/spi085/R/x86_64-pc-linux-gnu-library/4.4/TMB/include/tmb_core.hpp:917:29:   required from \u2018Type objective_function<Type>::evalUserTemplate() [with Type = CppAD::AD<CppAD::AD<CppAD::AD<double> > >]\u2019\n/home/spi085/R/x86_64-pc-linux-gnu-library/4.4/TMB/include/tmb_core.hpp:2365:28:   required from here\n/usr/include/c++/13/cmath:1171:3: note: candidate: \u2018constexpr bool std::isnan(float)\u2019\n 1171 |   isnan(float __x)\n      |   ^~~~~\n/usr/include/c++/13/cmath:1171:15: note:   no known conversion for argument 1 from \u2018CppAD::AD<CppAD::AD<CppAD::AD<double> > >\u2019 to \u2018float\u2019\n 1171 |   isnan(float __x)\n      |         ~~~~~~^~~\n/usr/include/c++/13/cmath:1179:3: note: candidate: \u2018constexpr bool std::isnan(double)\u2019\n 1179 |   isnan(double __x)\n      |   ^~~~~\n/usr/include/c++/13/cmath:1179:16: note:   no known conversion for argument 1 from \u2018CppAD::AD<CppAD::AD<CppAD::AD<double> > >\u2019 to \u2018double\u2019\n 1179 |   isnan(double __x)\n      |         ~~~~~~~^~~\n/usr/include/c++/13/cmath:1184:3: note: candidate: \u2018constexpr bool std::isnan(long double)\u2019\n 1184 |   isnan(long double __x)\n      |   ^~~~~\n/usr/include/c++/13/cmath:1184:21: note:   no known conversion for argument 1 from \u2018CppAD::AD<CppAD::AD<CppAD::AD<double> > >\u2019 to \u2018long double\u2019\n 1184 |   isnan(long double __x)\n      |         ~~~~~~~~~~~~^~~\nPOPULATIONS/POPULATION_0014/INDIVIDUAL_GJNTU0H4/model.cpp:43:16: error: no matching function for call to \u2018isnan(CppAD::AD<CppAD::AD<CppAD::AD<double> > >&)\u2019\n   43 |   if(std::isnan(coral_regen_slow)) coral_regen_slow = Type(0.05);\n      |      ~~~~~~~~~~^~~~~~~~~~~~~~~~~~\n/usr/include/c++/13/cmath:1192:5: note: candidate: \u2018template<class _Tp> constexpr typename __gnu_cxx::__enable_if<std::__is_integer<_Tp>::__value, bool>::__type std::isnan(_Tp)\u2019\n 1192 |     isnan(_Tp)\n      |     ^~~~~\n/usr/include/c++/13/cmath:1192:5: note:   template argument deduction/substitution failed:\n/usr/include/c++/13/cmath: In substitution of \u2018template<class _Tp> constexpr typename __gnu_cxx::__enable_if<std::__is_integer<_Tp>::__value, bool>::__type std::isnan(_Tp) [with _Tp = CppAD::AD<CppAD::AD<CppAD::AD<double> > >]\u2019:\nPOPULATIONS/POPULATION_0014/INDIVIDUAL_GJNTU0H4/model.cpp:43:16:   required from \u2018Type objective_function<Type>::operator()() [with Type = CppAD::AD<CppAD::AD<CppAD::AD<double> > >]\u2019\n/home/spi085/R/x86_64-pc-linux-gnu-library/4.4/TMB/include/tmb_core.hpp:917:29:   required from \u2018Type objective_function<Type>::evalUserTemplate() [with Type = CppAD::AD<CppAD::AD<CppAD::AD<double> > >]\u2019\n/home/spi085/R/x86_64-pc-linux-gnu-library/4.4/TMB/include/tmb_core.hpp:2365:28:   required from here\n/usr/include/c++/13/cmath:1192:5: error: no type named \u2018__type\u2019 in \u2018struct __gnu_cxx::__enable_if<false, bool>\u2019\nPOPULATIONS/POPULATION_0014/INDIVIDUAL_GJNTU0H4/model.cpp: In instantiation of \u2018Type objective_function<Type>::operator()() [with Type = CppAD::AD<CppAD::AD<CppAD::AD<double> > >]\u2019:\n/home/spi085/R/x86_64-pc-linux-gnu-library/4.4/TMB/include/tmb_core.hpp:917:29:   required from \u2018Type objective_function<Type>::evalUserTemplate() [with Type = CppAD::AD<CppAD::AD<CppAD::AD<double> > >]\u2019\n/home/spi085/R/x86_64-pc-linux-gnu-library/4.4/TMB/include/tmb_core.hpp:2365:28:   required from here\n/usr/include/c++/13/cmath:1171:3: note: candidate: \u2018constexpr bool std::isnan(float)\u2019\n 1171 |   isnan(float __x)\n      |   ^~~~~\n/usr/include/c++/13/cmath:1171:15: note:   no known conversion for argument 1 from \u2018CppAD::AD<CppAD::AD<CppAD::AD<double> > >\u2019 to \u2018float\u2019\n 1171 |   isnan(float __x)\n      |         ~~~~~~^~~\n/usr/include/c++/13/cmath:1179:3: note: candidate: \u2018constexpr bool std::isnan(double)\u2019\n 1179 |   isnan(double __x)\n      |   ^~~~~\n/usr/include/c++/13/cmath:1179:16: note:   no known conversion for argument 1 from \u2018CppAD::AD<CppAD::AD<CppAD::AD<double> > >\u2019 to \u2018double\u2019\n 1179 |   isnan(double __x)\n      |         ~~~~~~~^~~\n/usr/include/c++/13/cmath:1184:3: note: candidate: \u2018constexpr bool std::isnan(long double)\u2019\n 1184 |   isnan(long double __x)\n      |   ^~~~~\n/usr/include/c++/13/cmath:1184:21: note:   no known conversion for argument 1 from \u2018CppAD::AD<CppAD::AD<CppAD::AD<double> > >\u2019 to \u2018long double\u2019\n 1184 |   isnan(long double __x)\n      |         ~~~~~~~~~~~~^~~\nPOPULATIONS/POPULATION_0014/INDIVIDUAL_GJNTU0H4/model.cpp:44:16: error: no matching function for call to \u2018isnan(CppAD::AD<CppAD::AD<CppAD::AD<double> > >&)\u2019\n   44 |   if(std::isnan(log_sd)) log_sd = Type(-1.0);\n      |      ~~~~~~~~~~^~~~~~~~\n/usr/include/c++/13/cmath:1192:5: note: candidate: \u2018template<class _Tp> constexpr typename __gnu_cxx::__enable_if<std::__is_integer<_Tp>::__value, bool>::__type std::isnan(_Tp)\u2019\n 1192 |     isnan(_Tp)\n      |     ^~~~~\n/usr/include/c++/13/cmath:1192:5: note:   template argument deduction/substitution failed:\n/usr/include/c++/13/cmath: In substitution of \u2018template<class _Tp> constexpr typename __gnu_cxx::__enable_if<std::__is_integer<_Tp>::__value, bool>::__type std::isnan(_Tp) [with _Tp = CppAD::AD<CppAD::AD<CppAD::AD<double> > >]\u2019:\nPOPULATIONS/POPULATION_0014/INDIVIDUAL_GJNTU0H4/model.cpp:44:16:   required from \u2018Type objective_function<Type>::operator()() [with Type = CppAD::AD<CppAD::AD<CppAD::AD<double> > >]\u2019\n/home/spi085/R/x86_64-pc-linux-gnu-library/4.4/TMB/include/tmb_core.hpp:917:29:   required from \u2018Type objective_function<Type>::evalUserTemplate() [with Type = CppAD::AD<CppAD::AD<CppAD::AD<double> > >]\u2019\n/home/spi085/R/x86_64-pc-linux-gnu-library/4.4/TMB/include/tmb_core.hpp:2365:28:   required from here\n/usr/include/c++/13/cmath:1192:5: error: no type named \u2018__type\u2019 in \u2018struct __gnu_cxx::__enable_if<false, bool>\u2019\nPOPULATIONS/POPULATION_0014/INDIVIDUAL_GJNTU0H4/model.cpp: In instantiation of \u2018Type objective_function<Type>::operator()() [with Type = CppAD::AD<CppAD::AD<CppAD::AD<double> > >]\u2019:\n/home/spi085/R/x86_64-pc-linux-gnu-library/4.4/TMB/include/tmb_core.hpp:917:29:   required from \u2018Type objective_function<Type>::evalUserTemplate() [with Type = CppAD::AD<CppAD::AD<CppAD::AD<double> > >]\u2019\n/home/spi085/R/x86_64-pc-linux-gnu-library/4.4/TMB/include/tmb_core.hpp:2365:28:   required from here\n/usr/include/c++/13/cmath:1171:3: note: candidate: \u2018constexpr bool std::isnan(float)\u2019\n 1171 |   isnan(float __x)\n      |   ^~~~~\n/usr/include/c++/13/cmath:1171:15: note:   no known conversion for argument 1 from \u2018CppAD::AD<CppAD::AD<CppAD::AD<double> > >\u2019 to \u2018float\u2019\n 1171 |   isnan(float __x)\n      |         ~~~~~~^~~\n/usr/include/c++/13/cmath:1179:3: note: candidate: \u2018constexpr bool std::isnan(double)\u2019\n 1179 |   isnan(double __x)\n      |   ^~~~~\n/usr/include/c++/13/cmath:1179:16: note:   no known conversion for argument 1 from \u2018CppAD::AD<CppAD::AD<CppAD::AD<double> > >\u2019 to \u2018double\u2019\n 1179 |   isnan(double __x)\n      |         ~~~~~~~^~~\n/usr/include/c++/13/cmath:1184:3: note: candidate: \u2018constexpr bool std::isnan(long double)\u2019\n 1184 |   isnan(long double __x)\n      |   ^~~~~\n/usr/include/c++/13/cmath:1184:21: note:   no known conversion for argument 1 from \u2018CppAD::AD<CppAD::AD<CppAD::AD<double> > >\u2019 to \u2018long double\u2019\n 1184 |   isnan(long double __x)\n      |         ~~~~~~~~~~~~^~~\nmake: *** [/usr/lib/R/etc/Makeconf:204: POPULATIONS/POPULATION_0014/INDIVIDUAL_GJNTU0H4/model.o] Error 1\nError in TMB::compile(file.path(individual_dir, model_file), flags = flags,  : \n  Compilation failed\nError: Compilation failed\nExecution halted"
    },
    "7": {
      "status": "BROKEN"
    }
  }
}