Parent PNG files: ['POPULATIONS\\POPULATION_0008\\INDIVIDUAL_5FFDHB29\\cots_pred_comparison.png', 'POPULATIONS\\POPULATION_0008\\INDIVIDUAL_5FFDHB29\\fast_pred_comparison.png', 'POPULATIONS\\POPULATION_0008\\INDIVIDUAL_5FFDHB29\\slow_pred_comparison.png']
[?12l[?25hSkipping 
POPULATIONS\POPULATION_0008\INDIVIDUAL_1P06VND8\mo
del.cpp that matches gitignore spec.
Skipping 
POPULATIONS\POPULATION_0008\INDIVIDUAL_1P06VND8\pa
rameters.json that matches gitignore spec.
Skipping 
POPULATIONS\POPULATION_0008\INDIVIDUAL_1P06VND8\in
tention.txt that matches gitignore spec.
Creating empty file 
POPULATIONS\POPULATION_0008\INDIVIDUAL_1P06VND8\in
tention.txt
Added C:\Users\spi085\OneDrive - 
CSIRO\Documents\_Projects\SCCP-QuantModelling\POPU
LATIONS\POPULATION_0008\INDIVIDUAL_5FFDHB29\cots_p
red_comparison.png to read-only files.
Added C:\Users\spi085\OneDrive - 
CSIRO\Documents\_Projects\SCCP-QuantModelling\POPU
LATIONS\POPULATION_0008\INDIVIDUAL_5FFDHB29\fast_p
red_comparison.png to read-only files.
Added C:\Users\spi085\OneDrive - 
CSIRO\Documents\_Projects\SCCP-QuantModelling\POPU
LATIONS\POPULATION_0008\INDIVIDUAL_5FFDHB29\slow_p
red_comparison.png to read-only files.
Based on the comparison plots, I notice that the  
model struggles to capture the sharp peaks in all 
three populations, particularly around 1990. One  
ecological improvement would be to add coral      
competition effects, since fast-growing corals can
outcompete slow-growing corals for space and      
light. This interaction could help explain some of
the observed dynamics.                            

Here are the necessary changes:                   

POPULATIONS\POPULATION_0008\INDIVIDUAL_1P06VND8\in
tention.txt                                       

                                                  
 <<<<<<< SEARCH                                   
 =======                                          
 Added coral competition effects between fast and 
 slow-growing corals to account for space         
 competition dynamics. Fast-growing corals can    
 inhibit slow-growing coral growth through shadin 
 and space occupation, which is a well-documented 
 ecological interaction in coral reef systems.    
 >>>>>>> REPLACE                                  
                                                  

POPULATIONS\POPULATION_0008\INDIVIDUAL_1P06VND8\mo
del.cpp                                           

                                                  
 <<<<<<< SEARCH                                   
     slow_pred(t) = slow_pred(t-1) + r_slow *     
 slow_pred(t-1) * (Type(1.0) -                    
 slow_pred(t-1)/K_slow) - pred_pressure_slow;     
     fast_pred(t) = fast_pred(t-1) + r_fast *     
 fast_pred(t-1) * (Type(1.0) -                    
 fast_pred(t-1)/K_fast) - pred_pressure_fast;     
 =======                                          
     slow_pred(t) = slow_pred(t-1) + r_slow *     
 slow_pred(t-1) * (Type(1.0) -                    
 slow_pred(t-1)/K_slow - beta_comp *              
 fast_pred(t-1)/K_fast) - pred_pressure_slow;     
     fast_pred(t) = fast_pred(t-1) + r_fast *     
 fast_pred(t-1) * (Type(1.0) -                    
 fast_pred(t-1)/K_fast) - pred_pressure_fast;     
 >>>>>>> REPLACE                                  
                                                  

POPULATIONS\POPULATION_0008\INDIVIDUAL_1P06VND8\pa
rameters.json                                     

                                                  
 <<<<<<< SEARCH                                   
         {                                        
             "parameter": "log_sigma_fast",       
             "value": -1.6,                       
             "description": "Log of fast coral    
 observation error standard deviation (log scale) 
             "source": "initial estimate",        
             "import_type": "PARAMETER",          
             "priority": 2,                       
             "enhanced_semantic_description":     
 "Logarithmic measurement uncertainty for         
 fast-growing coral coverage",                    
             "processed": true                    
         }                                        
     ]                                            
 =======                                          
         {                                        
             "parameter": "log_sigma_fast",       
             "value": -1.6,                       
             "description": "Log of fast coral    
 observation error standard deviation (log scale) 
             "source": "initial estimate",        
             "import_type": "PARAMETER",          
             "priority": 2,                       
             "enhanced_semantic_description":     
 "Logarithmic measurement uncertainty for         
 fast-growing coral coverage",                    
             "processed": true                    
         },                                       
         {                                        
             "parameter": "beta_comp",            
             "value": 0.3,                        
             "description": "Competition          
 coefficient of fast-growing corals on slow-growi 
 corals",                                         
             "source": "initial estimate",        
             "import_type": "PARAMETER",          
             "priority": 2,                       
             "enhanced_semantic_description":     
 "Competitive effect of fast-growing corals on    
 slow-growing coral growth through space and ligh 
 competition",                                    
             "processed": true                    
         }                                        
     ]                                            
 >>>>>>> REPLACE                                  
                                                  

I also need to add the parameter declaration in   
the model:                                        

POPULATIONS\POPULATION_0008\INDIVIDUAL_1P06VND8\mo
del.cpp                                           

                                                  
 <<<<<<< SEARCH                                   
   PARAMETER(temp_width);  // Temperature toleran 
 width                                            
 =======                                          
   PARAMETER(temp_width);  // Temperature toleran 
 width                                            
   PARAMETER(beta_comp);   // Competition         
 coefficient                                      
 >>>>>>> REPLACE                                  
                                                  

Tokens: 8.8k sent, 786 received. Cost: $0.04 
message, $0.04 session.
Committing 
POPULATIONS\POPULATION_0008\INDIVIDUAL_1P06VND8\in
tention.txt before applying edits.
Committing 
POPULATIONS\POPULATION_0008\INDIVIDUAL_1P06VND8\mo
del.cpp before applying edits.
Committing 
POPULATIONS\POPULATION_0008\INDIVIDUAL_1P06VND8\pa
rameters.json before applying edits.
Unable to add C:\Users\spi085\OneDrive - 
CSIRO\Documents\_Projects\SCCP-QuantModelling\POPU
LATIONS\POPULATION_0008\INDIVIDUAL_1P06VND8\intent
ion.txt: Cmd('git') failed due to: exit code(1)
  cmdline: git add C:\Users\spi085\OneDrive - 
CSIRO\Documents\_Projects\SCCP-QuantModelling\POPU
LATIONS\POPULATION_0008\INDIVIDUAL_1P06VND8\intent
ion.txt
  stderr: 'The following paths are ignored by one 
of your .gitignore files:
POPULATIONS
hint: Use -f if you really want to add them.
hint: Turn this message off by running
hint: "git config advice.addIgnoredFile false"'
Unable to add C:\Users\spi085\OneDrive - 
CSIRO\Documents\_Projects\SCCP-QuantModelling\POPU
LATIONS\POPULATION_0008\INDIVIDUAL_1P06VND8\model.
cpp: Cmd('git') failed due to: exit code(1)
  cmdline: git add C:\Users\spi085\OneDrive - 
CSIRO\Documents\_Projects\SCCP-QuantModelling\POPU
LATIONS\POPULATION_0008\INDIVIDUAL_1P06VND8\model.
cpp
  stderr: 'The following paths are ignored by one 
of your .gitignore files:
POPULATIONS
hint: Use -f if you really want to add them.
hint: Turn this message off by running
hint: "git config advice.addIgnoredFile false"'
Unable to add C:\Users\spi085\OneDrive - 
CSIRO\Documents\_Projects\SCCP-QuantModelling\POPU
LATIONS\POPULATION_0008\INDIVIDUAL_1P06VND8\parame
ters.json: Cmd('git') failed due to: exit code(1)
  cmdline: git add C:\Users\spi085\OneDrive - 
CSIRO\Documents\_Projects\SCCP-QuantModelling\POPU
LATIONS\POPULATION_0008\INDIVIDUAL_1P06VND8\parame
ters.json
  stderr: 'The following paths are ignored by one 
of your .gitignore files:
POPULATIONS
hint: Use -f if you really want to add them.
hint: Turn this message off by running
hint: "git config advice.addIgnoredFile false"'
Unable to commit: Cmd('git') failed due to: exit 
code(1)
  cmdline: git commit -m feat: Add new individual 
files for population 0008 --no-verify -- 
C:\Users\spi085\OneDrive - 
CSIRO\Documents\_Projects\SCCP-QuantModelling\POPU
LATIONS\POPULATION_0008\INDIVIDUAL_1P06VND8\intent
ion.txt C:\Users\spi085\OneDrive - 
CSIRO\Documents\_Projects\SCCP-QuantModelling\POPU
LATIONS\POPULATION_0008\INDIVIDUAL_1P06VND8\model.
cpp C:\Users\spi085\OneDrive - 
CSIRO\Documents\_Projects\SCCP-QuantModelling\POPU
LATIONS\POPULATION_0008\INDIVIDUAL_1P06VND8\parame
ters.json
  stderr: 'error: pathspec 
'C:\Users\spi085\OneDrive - 
CSIRO\Documents\_Projects\SCCP-QuantModelling\POPU
LATIONS\POPULATION_0008\INDIVIDUAL_1P06VND8\intent
ion.txt' did not match any file(s) known to git
error: pathspec 'C:\Users\spi085\OneDrive - 
CSIRO\Documents\_Projects\SCCP-QuantModelling\POPU
LATIONS\POPULATION_0008\INDIVIDUAL_1P06VND8\model.
cpp' did not match any file(s) known to git
error: pathspec 'C:\Users\spi085\OneDrive - 
CSIRO\Documents\_Projects\SCCP-QuantModelling\POPU
LATIONS\POPULATION_0008\INDIVIDUAL_1P06VND8\parame
ters.json' did not match any file(s) known to git'
Applied edit to 
POPULATIONS\POPULATION_0008\INDIVIDUAL_1P06VND8\in
tention.txt
Applied edit to 
POPULATIONS\POPULATION_0008\INDIVIDUAL_1P06VND8\mo
del.cpp
Applied edit to 
POPULATIONS\POPULATION_0008\INDIVIDUAL_1P06VND8\pa
rameters.json
Improved existing model in individual: POPULATIONS\POPULATION_0008\INDIVIDUAL_1P06VND8
Validating model for data leakage...
Opening file: POPULATIONS\POPULATION_0008\INDIVIDUAL_1P06VND8\model.cpp
File read successfully
Extracting vectors...
Found data vectors: {'slow_dat', 'cotsimm_dat', 'sst_dat', 'fast_dat', 'cots_dat'}
Found prediction vectors: {'fast_pred', 'slow_pred', 'cots_pred'}
Found reported vectors: {'sigma_fast', 'sigma_slow', 'cots_pred', 'slow_pred', 'fast_pred', 'sigma_cots'}
Finding initial conditions...
Found 3 initial conditions
Finding time-stepping loop...
Found loop from line 53 to 78
Found response variables: {'slow_dat', 'fast_dat', 'cots_dat'}
[93mRunning model for individual...[0m
[0mIndividual directory: POPULATIONS\POPULATION_0008\INDIVIDUAL_1P06VND8[0m
[93mR script stdout:[0m
[0mg++ -std=gnu++17  -I"C:/Users/spi085/AppData/Local/Programs/R/R-4.4.1/include" -DNDEBUG -I"C:/Users/spi085/AppData/Local/Programs/R/R-44~1.1/library/TMB/include" -I"C:/Users/spi085/AppData/Local/Programs/R/R-44~1.1/library/RCPPEI~1/include"   -DTMB_EIGEN_DISABLE_WARNINGS   -DTMB_LIB_INIT=R_init_model  -DCPPAD_FRAMEWORK    -I"C:/rtools44/x86_64-w64-mingw32.static.posix/include"     -O2 -Wa,-mbig-obj -c POPULATIONS//POPULATION_0008//INDIVIDUAL_1P06VND8/model.cpp -o POPULATIONS//POPULATION_0008//INDIVIDUAL_1P06VND8/model.o
g++ -std=gnu++17 -shared -s -static-libgcc -o POPULATIONS//POPULATION_0008//INDIVIDUAL_1P06VND8/model.dll tmp.def POPULATIONS//POPULATION_0008//INDIVIDUAL_1P06VND8/model.o -LC:/rtools44/x86_64-w64-mingw32.static.posix/lib/x64 -LC:/rtools44/x86_64-w64-mingw32.static.posix/lib -LC:/Users/spi085/AppData/Local/Programs/R/R-4.4.1/bin/x64 -lR[0m
[93mR script stderr:[0m
[0mLoading required package: TMB
Loading required package: jsonlite
here() starts at C:/Users/spi085/OneDrive - CSIRO/Documents/_Projects/SCCP-QuantModelling
using C++ compiler: 'G__~1.EXE (GCC) 13.2.0'
C:\rtools44\x86_64-w64-mingw32.static.posix\bin/ld.exe: cannot export _ZNK5CppAD2ADINS0_INS0_IdEEEEE3logEv: symbol not defined
collect2.exe: error: ld returned 1 exit status
Error in inDL(x, as.logical(local), as.logical(now), ...) : 
  unable to load shared object 'C:/Users/spi085/OneDrive - CSIRO/Documents/_Projects/SCCP-QuantModelling/POPULATIONS//POPULATION_0008//INDIVIDUAL_1P06VND8/model.dll':
  LoadLibrary failure:  The specified module could not be found.
Calls: dyn.load -> inDL
Execution halted[0m
[91mR script failed with return code 1[0m
MODEL RUN FINISHED
Error: Objective value is None
Initial run failed. Attempting to fix...
Fixing broken model iteration: 0

tmp.def
C:\Users\spi085\OneDrive - 
CSIRO\Documents\_Projects\SCCP-QuantModelling\tmp.
def: file not found error
C:\Users\spi085\OneDrive - 
CSIRO\Documents\_Projects\SCCP-QuantModelling\tmp.
def: file not found error
Dropping tmp.def from the chat.
The compilation error suggests an issue with the  
log function in the observation model. Let's      
modify the observation model to use a simpler     
normal distribution on the raw scale instead of   
log-transforming the data. This should still      
capture the key dynamics while being more         
numerically stable.                               

POPULATIONS\POPULATION_0008\INDIVIDUAL_1P06VND8\mo
del.cpp                                           

                                                  
 <<<<<<< SEARCH                                   
   // Observation model using lognormal           
 distribution                                     
   for(int t = 0; t < cots_dat.size(); t++) {     
     // Add small constant to observations and    
 predictions                                      
     Type cots_obs = cots_dat(t) + eps;           
     Type slow_obs = slow_dat(t) + eps;           
     Type fast_obs = fast_dat(t) + eps;           
                                                  
     Type cots_model = cots_pred(t) + eps;        
     Type slow_model = slow_pred(t) + eps;        
     Type fast_model = fast_pred(t) + eps;        
                                                  
     nll -= dnorm(log(cots_obs), log(cots_model), 
 sigma_cots, true);                               
     nll -= dnorm(log(slow_obs), log(slow_model), 
 sigma_slow, true);                               
     nll -= dnorm(log(fast_obs), log(fast_model), 
 sigma_fast, true);                               
   }                                              
 =======                                          
   // Observation model using normal distribution 
   for(int t = 0; t < cots_dat.size(); t++) {     
     nll -= dnorm(cots_dat(t), cots_pred(t),      
 sigma_cots, true);                               
     nll -= dnorm(slow_dat(t), slow_pred(t),      
 sigma_slow, true);                               
     nll -= dnorm(fast_dat(t), fast_pred(t),      
 sigma_fast, true);                               
   }                                              
 >>>>>>> REPLACE                                  
                                                  

Tokens: 10k sent, 359 received. Cost: $0.04 
message, $0.08 session.
Committing 
POPULATIONS\POPULATION_0008\INDIVIDUAL_1P06VND8\mo
del.cpp before applying edits.
Unable to add C:\Users\spi085\OneDrive - 
CSIRO\Documents\_Projects\SCCP-QuantModelling\POPU
LATIONS\POPULATION_0008\INDIVIDUAL_1P06VND8\model.
cpp: Cmd('git') failed due to: exit code(1)
  cmdline: git add C:\Users\spi085\OneDrive - 
CSIRO\Documents\_Projects\SCCP-QuantModelling\POPU
LATIONS\POPULATION_0008\INDIVIDUAL_1P06VND8\model.
cpp
  stderr: 'The following paths are ignored by one 
of your .gitignore files:
POPULATIONS
hint: Use -f if you really want to add them.
hint: Turn this message off by running
hint: "git config advice.addIgnoredFile false"'
Unable to commit: Cmd('git') failed due to: exit 
code(1)
  cmdline: git commit -m feat: Add model.cpp for 
INDIVIDUAL_1P06VND8 population --no-verify -- 
C:\Users\spi085\OneDrive - 
CSIRO\Documents\_Projects\SCCP-QuantModelling\POPU
LATIONS\POPULATION_0008\INDIVIDUAL_1P06VND8\model.
cpp
  stderr: 'error: pathspec 
'C:\Users\spi085\OneDrive - 
CSIRO\Documents\_Projects\SCCP-QuantModelling\POPU
LATIONS\POPULATION_0008\INDIVIDUAL_1P06VND8\model.
cpp' did not match any file(s) known to git'
Applied edit to 
POPULATIONS\POPULATION_0008\INDIVIDUAL_1P06VND8\mo
del.cpp
Validating fixed model for data leakage...
Opening file: POPULATIONS\POPULATION_0008\INDIVIDUAL_1P06VND8\model.cpp
File read successfully
Extracting vectors...
Found data vectors: {'slow_dat', 'cotsimm_dat', 'sst_dat', 'fast_dat', 'cots_dat'}
Found prediction vectors: {'fast_pred', 'slow_pred', 'cots_pred'}
Found reported vectors: {'sigma_fast', 'sigma_slow', 'cots_pred', 'slow_pred', 'fast_pred', 'sigma_cots'}
Finding initial conditions...
Found 3 initial conditions
Finding time-stepping loop...
Found loop from line 53 to 78
Found response variables: {'slow_dat', 'fast_dat', 'cots_dat'}
[93mRunning model for individual...[0m
[0mIndividual directory: POPULATIONS\POPULATION_0008\INDIVIDUAL_1P06VND8[0m
[93mRemoved old compilation: model.o[0m
[93mR script stdout:[0m
[0mg++ -std=gnu++17  -I"C:/Users/spi085/AppData/Local/Programs/R/R-4.4.1/include" -DNDEBUG -I"C:/Users/spi085/AppData/Local/Programs/R/R-44~1.1/library/TMB/include" -I"C:/Users/spi085/AppData/Local/Programs/R/R-44~1.1/library/RCPPEI~1/include"   -DTMB_EIGEN_DISABLE_WARNINGS   -DTMB_LIB_INIT=R_init_model  -DCPPAD_FRAMEWORK    -I"C:/rtools44/x86_64-w64-mingw32.static.posix/include"     -O2 -Wa,-mbig-obj -c POPULATIONS//POPULATION_0008//INDIVIDUAL_1P06VND8/model.cpp -o POPULATIONS//POPULATION_0008//INDIVIDUAL_1P06VND8/model.o
g++ -std=gnu++17 -shared -s -static-libgcc -o POPULATIONS//POPULATION_0008//INDIVIDUAL_1P06VND8/model.dll tmp.def POPULATIONS//POPULATION_0008//INDIVIDUAL_1P06VND8/model.o -LC:/rtools44/x86_64-w64-mingw32.static.posix/lib/x64 -LC:/rtools44/x86_64-w64-mingw32.static.posix/lib -LC:/Users/spi085/AppData/Local/Programs/R/R-4.4.1/bin/x64 -lR
Starting model phases
Number of phases: 3 
Phase 1 
Initial parameter values for phase 1 :
    r_cots     r_slow     r_fast alpha_slow alpha_fast 
        NA         NA         NA         NA         NA 
Error in model phases: NA/NaN gradient evaluation[0m
[93mR script stderr:[0m
[0mLoading required package: TMB
Loading required package: jsonlite
here() starts at C:/Users/spi085/OneDrive - CSIRO/Documents/_Projects/SCCP-QuantModelling
using C++ compiler: 'G__~1.EXE (GCC) 13.2.0'
Error in value[[3L]](cond) : 
  Error in model phases: NA/NaN gradient evaluation
Calls: tryCatch -> tryCatchList -> tryCatchOne -> <Anonymous>
In addition: Warning message:
In nlminb(model$par, model$fn, model$gr) : NA/NaN function evaluation
Execution halted[0m
[91mR script failed with return code 1[0m
Fixing broken model iteration: 1

tmp.def
C:\Users\spi085\OneDrive - 
CSIRO\Documents\_Projects\SCCP-QuantModelling\tmp.
def: file not found error
C:\Users\spi085\OneDrive - 
CSIRO\Documents\_Projects\SCCP-QuantModelling\tmp.
def: file not found error
Dropping tmp.def from the chat.
The NA/NaN gradient evaluation suggests numerical 
instability. Let's modify the model to ensure     
positive values and prevent division by zero in a 
more robust way. I'll also adjust the competition 
term to be more numerically stable.               

POPULATIONS\POPULATION_0008\INDIVIDUAL_1P06VND8\mo
del.cpp                                           

                                                  
 <<<<<<< SEARCH                                   
     // 2. Total coral cover (with minimum to     
 prevent division by zero)                        
     Type total_coral = slow_pred(t-1) +          
 fast_pred(t-1) + eps;                            
                                                  
     // 3. Feeding preference weighting           
     Type pref_slow = slow_pred(t-1) / total_cora 
     Type pref_fast = fast_pred(t-1) / total_cora 
 =======                                          
     // 2. Total coral cover and feeding          
 preferences with safe division                   
     Type total_coral = slow_pred(t-1) +          
 fast_pred(t-1);                                  
     Type pref_slow = total_coral > eps ?         
 slow_pred(t-1) / total_coral : Type(0.5);        
     Type pref_fast = total_coral > eps ?         
 fast_pred(t-1) / total_coral : Type(0.5);        
 >>>>>>> REPLACE                                  
                                                  

                                                  
 <<<<<<< SEARCH                                   
     slow_pred(t) = slow_pred(t-1) + r_slow *     
 slow_pred(t-1) * (Type(1.0) -                    
 slow_pred(t-1)/K_slow - beta_comp *              
 fast_pred(t-1)/K_fast) - pred_pressure_slow;     
     fast_pred(t) = fast_pred(t-1) + r_fast *     
 fast_pred(t-1) * (Type(1.0) -                    
 fast_pred(t-1)/K_fast) - pred_pressure_fast;     
                                                  
     // Ensure predictions stay positive          
     slow_pred(t) = slow_pred(t) > Type(0.0) ?    
 slow_pred(t) : Type(0.0);                        
     fast_pred(t) = fast_pred(t) > Type(0.0) ?    
 fast_pred(t) : Type(0.0);                        
 =======                                          
     // Competition effect with dampening to      
 prevent instability                              
     Type comp_effect = beta_comp *               
 fast_pred(t-1)/(K_fast + fast_pred(t-1));        
                                                  
     // Update predictions with bounded growth    
     slow_pred(t) = slow_pred(t-1) + r_slow *     
 slow_pred(t-1) *                                 
                    (Type(1.0) -                  
 slow_pred(t-1)/K_slow - comp_effect) -           
 pred_pressure_slow;                              
     fast_pred(t) = fast_pred(t-1) + r_fast *     
 fast_pred(t-1) *                                 
                    (Type(1.0) -                  
 fast_pred(t-1)/K_fast) - pred_pressure_fast;     
                                                  
     // Ensure predictions stay positive with     
 smooth transition                                
     slow_pred(t) = slow_pred(t) < eps ? eps :    
 slow_pred(t);                                    
     fast_pred(t) = fast_pred(t) < eps ? eps :    
 fast_pred(t);                                    
 >>>>>>> REPLACE                                  
                                                  

POPULATIONS\POPULATION_0008\INDIVIDUAL_1P06VND8\in
tention.txt                                       

                                                  
 <<<<<<< SEARCH                                   
 Added coral competition effects between fast and 
 slow-growing corals to account for space         
 competition dynamics. Fast-growing corals can    
 inhibit slow-growing coral growth through shadin 
 and space occupation, which is a well-documented 
 ecological interaction in coral reef systems.    
 =======                                          
 Added coral competition effects with Holling Typ 
 II functional response to prevent numerical      
 instability while maintaining ecological realism 
 This formulation ensures competition saturates a 
 high densities and prevents unrealistic          
 oscillations in the model predictions.           
 >>>>>>> REPLACE                                  
                                                  

Tokens: 11k sent, 744 received. Cost: $0.05 
message, $0.12 session.
Committing 
POPULATIONS\POPULATION_0008\INDIVIDUAL_1P06VND8\mo
del.cpp before applying edits.
Committing 
POPULATIONS\POPULATION_0008\INDIVIDUAL_1P06VND8\in
tention.txt before applying edits.
Unable to add C:\Users\spi085\OneDrive - 
CSIRO\Documents\_Projects\SCCP-QuantModelling\POPU
LATIONS\POPULATION_0008\INDIVIDUAL_1P06VND8\intent
ion.txt: Cmd('git') failed due to: exit code(1)
  cmdline: git add C:\Users\spi085\OneDrive - 
CSIRO\Documents\_Projects\SCCP-QuantModelling\POPU
LATIONS\POPULATION_0008\INDIVIDUAL_1P06VND8\intent
ion.txt
  stderr: 'The following paths are ignored by one 
of your .gitignore files:
POPULATIONS
hint: Use -f if you really want to add them.
hint: Turn this message off by running
hint: "git config advice.addIgnoredFile false"'
Unable to add C:\Users\spi085\OneDrive - 
CSIRO\Documents\_Projects\SCCP-QuantModelling\POPU
LATIONS\POPULATION_0008\INDIVIDUAL_1P06VND8\model.
cpp: Cmd('git') failed due to: exit code(1)
  cmdline: git add C:\Users\spi085\OneDrive - 
CSIRO\Documents\_Projects\SCCP-QuantModelling\POPU
LATIONS\POPULATION_0008\INDIVIDUAL_1P06VND8\model.
cpp
  stderr: 'The following paths are ignored by one 
of your .gitignore files:
POPULATIONS
hint: Use -f if you really want to add them.
hint: Turn this message off by running
hint: "git config advice.addIgnoredFile false"'
Unable to commit: Cmd('git') failed due to: exit 
code(1)
  cmdline: git commit -m feat: Add new individual 
files for population 0008 --no-verify -- 
C:\Users\spi085\OneDrive - 
CSIRO\Documents\_Projects\SCCP-QuantModelling\POPU
LATIONS\POPULATION_0008\INDIVIDUAL_1P06VND8\intent
ion.txt C:\Users\spi085\OneDrive - 
CSIRO\Documents\_Projects\SCCP-QuantModelling\POPU
LATIONS\POPULATION_0008\INDIVIDUAL_1P06VND8\model.
cpp
  stderr: 'error: pathspec 
'C:\Users\spi085\OneDrive - 
CSIRO\Documents\_Projects\SCCP-QuantModelling\POPU
LATIONS\POPULATION_0008\INDIVIDUAL_1P06VND8\intent
ion.txt' did not match any file(s) known to git
error: pathspec 'C:\Users\spi085\OneDrive - 
CSIRO\Documents\_Projects\SCCP-QuantModelling\POPU
LATIONS\POPULATION_0008\INDIVIDUAL_1P06VND8\model.
cpp' did not match any file(s) known to git'
Applied edit to 
POPULATIONS\POPULATION_0008\INDIVIDUAL_1P06VND8\in
tention.txt
Applied edit to 
POPULATIONS\POPULATION_0008\INDIVIDUAL_1P06VND8\mo
del.cpp
Validating fixed model for data leakage...
Opening file: POPULATIONS\POPULATION_0008\INDIVIDUAL_1P06VND8\model.cpp
File read successfully
Extracting vectors...
Found data vectors: {'slow_dat', 'cotsimm_dat', 'sst_dat', 'fast_dat', 'cots_dat'}
Found prediction vectors: {'fast_pred', 'slow_pred', 'cots_pred'}
Found reported vectors: {'sigma_fast', 'sigma_slow', 'cots_pred', 'slow_pred', 'fast_pred', 'sigma_cots'}
Finding initial conditions...
Found 3 initial conditions
Finding time-stepping loop...
Found loop from line 53 to 82
Found response variables: {'slow_dat', 'fast_dat', 'cots_dat'}
[93mRunning model for individual...[0m
[0mIndividual directory: POPULATIONS\POPULATION_0008\INDIVIDUAL_1P06VND8[0m
[93mRemoved old compilation: model.dll[0m
[93mRemoved old compilation: model.o[0m
[93mR script stdout:[0m
[0mg++ -std=gnu++17  -I"C:/Users/spi085/AppData/Local/Programs/R/R-4.4.1/include" -DNDEBUG -I"C:/Users/spi085/AppData/Local/Programs/R/R-44~1.1/library/TMB/include" -I"C:/Users/spi085/AppData/Local/Programs/R/R-44~1.1/library/RCPPEI~1/include"   -DTMB_EIGEN_DISABLE_WARNINGS   -DTMB_LIB_INIT=R_init_model  -DCPPAD_FRAMEWORK    -I"C:/rtools44/x86_64-w64-mingw32.static.posix/include"     -O2 -Wa,-mbig-obj -c POPULATIONS//POPULATION_0008//INDIVIDUAL_1P06VND8/model.cpp -o POPULATIONS//POPULATION_0008//INDIVIDUAL_1P06VND8/model.o
g++ -std=gnu++17 -shared -s -static-libgcc -o POPULATIONS//POPULATION_0008//INDIVIDUAL_1P06VND8/model.dll tmp.def POPULATIONS//POPULATION_0008//INDIVIDUAL_1P06VND8/model.o -LC:/rtools44/x86_64-w64-mingw32.static.posix/lib/x64 -LC:/rtools44/x86_64-w64-mingw32.static.posix/lib -LC:/Users/spi085/AppData/Local/Programs/R/R-4.4.1/bin/x64 -lR
Starting model phases
Number of phases: 3 
Phase 1 
Initial parameter values for phase 1 :
    r_cots     r_slow     r_fast alpha_slow alpha_fast 
        NA         NA         NA         NA         NA 
Error in model phases: NA/NaN gradient evaluation[0m
[93mR script stderr:[0m
[0mLoading required package: TMB
Loading required package: jsonlite
here() starts at C:/Users/spi085/OneDrive - CSIRO/Documents/_Projects/SCCP-QuantModelling
using C++ compiler: 'G__~1.EXE (GCC) 13.2.0'
Error in value[[3L]](cond) : 
  Error in model phases: NA/NaN gradient evaluation
Calls: tryCatch -> tryCatchList -> tryCatchOne -> <Anonymous>
In addition: Warning message:
In nlminb(model$par, model$fn, model$gr) : NA/NaN function evaluation
Execution halted[0m
[91mR script failed with return code 1[0m
Fixing broken model iteration: 2

tmp.def
C:\Users\spi085\OneDrive - 
CSIRO\Documents\_Projects\SCCP-QuantModelling\tmp.
def: file not found error
C:\Users\spi085\OneDrive - 
CSIRO\Documents\_Projects\SCCP-QuantModelling\tmp.
def: file not found error
Dropping tmp.def from the chat.
Let's simplify the model by removing the          
competition effects and returning to a more basic 
formulation, but with improved numerical          
stability. I'll modify the coral dynamics to use a
more stable form of density dependence.           

POPULATIONS\POPULATION_0008\INDIVIDUAL_1P06VND8\mo
del.cpp                                           

                                                  
 <<<<<<< SEARCH                                   
     // Competition effect with dampening to      
 prevent instability                              
     Type comp_effect = beta_comp *               
 fast_pred(t-1)/(K_fast + fast_pred(t-1));        
                                                  
     // Update predictions with bounded growth    
     slow_pred(t) = slow_pred(t-1) + r_slow *     
 slow_pred(t-1) *                                 
                    (Type(1.0) -                  
 slow_pred(t-1)/K_slow - comp_effect) -           
 pred_pressure_slow;                              
     fast_pred(t) = fast_pred(t-1) + r_fast *     
 fast_pred(t-1) *                                 
                    (Type(1.0) -                  
 fast_pred(t-1)/K_fast) - pred_pressure_fast;     
                                                  
     // Ensure predictions stay positive with     
 smooth transition                                
     slow_pred(t) = slow_pred(t) < eps ? eps :    
 slow_pred(t);                                    
     fast_pred(t) = fast_pred(t) < eps ? eps :    
 fast_pred(t);                                    
 =======                                          
     // Update predictions with more stable densi 
 dependence                                       
     Type slow_growth = r_slow * slow_pred(t-1) * 
 (K_slow - slow_pred(t-1)) / K_slow;              
     Type fast_growth = r_fast * fast_pred(t-1) * 
 (K_fast - fast_pred(t-1)) / K_fast;              
                                                  
     slow_pred(t) = slow_pred(t-1) + slow_growth  
 pred_pressure_slow;                              
     fast_pred(t) = fast_pred(t-1) + fast_growth  
 pred_pressure_fast;                              
                                                  
     // Bound predictions to be positive          
     slow_pred(t) = max(slow_pred(t), eps);       
     fast_pred(t) = max(fast_pred(t), eps);       
 >>>>>>> REPLACE                                  
                                                  

POPULATIONS\POPULATION_0008\INDIVIDUAL_1P06VND8\in
tention.txt                                       

                                                  
 <<<<<<< SEARCH                                   
 Added coral competition effects with Holling Typ 
 II functional response to prevent numerical      
 instability while maintaining ecological realism 
 This formulation ensures competition saturates a 
 high densities and prevents unrealistic          
 oscillations in the model predictions.           
 =======                                          
 Simplified coral growth dynamics using a more    
 numerically stable form of density dependence.   
 Removed competition effects to reduce model      
 complexity while maintaining core ecological     
 processes.                                       
 >>>>>>> REPLACE                                  
                                                  

POPULATIONS\POPULATION_0008\INDIVIDUAL_1P06VND8\pa
rameters.json                                     

                                                  
 <<<<<<< SEARCH                                   
         {                                        
             "parameter": "beta_comp",            
             "value": 0.3,                        
             "description": "Competition          
 coefficient of fast-growing corals on slow-growi 
 corals",                                         
             "source": "initial estimate",        
             "import_type": "PARAMETER",          
             "priority": 2,                       
             "enhanced_semantic_description":     
 "Competitive effect of fast-growing corals on    
 slow-growing coral growth through space and ligh 
 competition",                                    
             "processed": true                    
         }                                        
     ]                                            
 =======                                          
     ]                                            
 >>>>>>> REPLACE                                  
                                                  

Tokens: 13k sent, 655 received. Cost: $0.05 
message, $0.17 session.
Committing 
POPULATIONS\POPULATION_0008\INDIVIDUAL_1P06VND8\mo
del.cpp before applying edits.
Committing 
POPULATIONS\POPULATION_0008\INDIVIDUAL_1P06VND8\in
tention.txt before applying edits.
Committing 
POPULATIONS\POPULATION_0008\INDIVIDUAL_1P06VND8\pa
rameters.json before applying edits.
Unable to add C:\Users\spi085\OneDrive - 
CSIRO\Documents\_Projects\SCCP-QuantModelling\POPU
LATIONS\POPULATION_0008\INDIVIDUAL_1P06VND8\intent
ion.txt: Cmd('git') failed due to: exit code(1)
  cmdline: git add C:\Users\spi085\OneDrive - 
CSIRO\Documents\_Projects\SCCP-QuantModelling\POPU
LATIONS\POPULATION_0008\INDIVIDUAL_1P06VND8\intent
ion.txt
  stderr: 'The following paths are ignored by one 
of your .gitignore files:
POPULATIONS
hint: Use -f if you really want to add them.
hint: Turn this message off by running
hint: "git config advice.addIgnoredFile false"'
Unable to add C:\Users\spi085\OneDrive - 
CSIRO\Documents\_Projects\SCCP-QuantModelling\POPU
LATIONS\POPULATION_0008\INDIVIDUAL_1P06VND8\model.
cpp: Cmd('git') failed due to: exit code(1)
  cmdline: git add C:\Users\spi085\OneDrive - 
CSIRO\Documents\_Projects\SCCP-QuantModelling\POPU
LATIONS\POPULATION_0008\INDIVIDUAL_1P06VND8\model.
cpp
  stderr: 'The following paths are ignored by one 
of your .gitignore files:
POPULATIONS
hint: Use -f if you really want to add them.
hint: Turn this message off by running
hint: "git config advice.addIgnoredFile false"'
Unable to add C:\Users\spi085\OneDrive - 
CSIRO\Documents\_Projects\SCCP-QuantModelling\POPU
LATIONS\POPULATION_0008\INDIVIDUAL_1P06VND8\parame
ters.json: Cmd('git') failed due to: exit code(1)
  cmdline: git add C:\Users\spi085\OneDrive - 
CSIRO\Documents\_Projects\SCCP-QuantModelling\POPU
LATIONS\POPULATION_0008\INDIVIDUAL_1P06VND8\parame
ters.json
  stderr: 'The following paths are ignored by one 
of your .gitignore files:
POPULATIONS
hint: Use -f if you really want to add them.
hint: Turn this message off by running
hint: "git config advice.addIgnoredFile false"'
Unable to commit: Cmd('git') failed due to: exit 
code(1)
  cmdline: git commit -m feat: Add new individual 
files for population 0008 --no-verify -- 
C:\Users\spi085\OneDrive - 
CSIRO\Documents\_Projects\SCCP-QuantModelling\POPU
LATIONS\POPULATION_0008\INDIVIDUAL_1P06VND8\intent
ion.txt C:\Users\spi085\OneDrive - 
CSIRO\Documents\_Projects\SCCP-QuantModelling\POPU
LATIONS\POPULATION_0008\INDIVIDUAL_1P06VND8\model.
cpp C:\Users\spi085\OneDrive - 
CSIRO\Documents\_Projects\SCCP-QuantModelling\POPU
LATIONS\POPULATION_0008\INDIVIDUAL_1P06VND8\parame
ters.json
  stderr: 'error: pathspec 
'C:\Users\spi085\OneDrive - 
CSIRO\Documents\_Projects\SCCP-QuantModelling\POPU
LATIONS\POPULATION_0008\INDIVIDUAL_1P06VND8\intent
ion.txt' did not match any file(s) known to git
error: pathspec 'C:\Users\spi085\OneDrive - 
CSIRO\Documents\_Projects\SCCP-QuantModelling\POPU
LATIONS\POPULATION_0008\INDIVIDUAL_1P06VND8\model.
cpp' did not match any file(s) known to git
error: pathspec 'C:\Users\spi085\OneDrive - 
CSIRO\Documents\_Projects\SCCP-QuantModelling\POPU
LATIONS\POPULATION_0008\INDIVIDUAL_1P06VND8\parame
ters.json' did not match any file(s) known to git'
Applied edit to 
POPULATIONS\POPULATION_0008\INDIVIDUAL_1P06VND8\in
tention.txt
Applied edit to 
POPULATIONS\POPULATION_0008\INDIVIDUAL_1P06VND8\mo
del.cpp
Applied edit to 
POPULATIONS\POPULATION_0008\INDIVIDUAL_1P06VND8\pa
rameters.json

# Fix any errors below, if possible.


## See relevant line below marked with â–ˆ.

POPULATIONS\POPULATION_0008\INDIVIDUAL_1P06VND8\pa
rameters.json:
...â‹®...
  2â”‚    "parameters": [
  3â”‚        {
  4â”‚            "parameter": "r_cots",
  5â”‚            "value": 0.8,
  6â”‚            "description": "COTS intrinsic 
growth rate (year^-1)",
  7â”‚            "source": "literature",
  8â”‚            "import_type": "PARAMETER",
  9â”‚            "priority": 1,
 10â”‚            "enhanced_semantic_description": 
"Crown-of-thorns starfish population growth rate 
dynamics",
 11â”‚            "citations": [
...â‹®...
 156â”‚        {
...â‹®...
 162â”‚            "priority": 2,
 163â”‚            "enhanced_semantic_description": 
"Logarithmic measurement uncertainty for 
fast-growing coral coverage",
 164â”‚            "processed": true
 165â–ˆ        },
 166â”‚    ]
 167â”‚}


There's an extra comma after the last parameter   
object in the JSON file. Let me fix that:         

POPULATIONS\POPULATION_0008\INDIVIDUAL_1P06VND8\pa
rameters.json                                     

                                                  
 <<<<<<< SEARCH                                   
             "priority": 2,                       
             "enhanced_semantic_description":     
 "Logarithmic measurement uncertainty for         
 fast-growing coral coverage",                    
             "processed": true                    
         },                                       
 =======                                          
             "priority": 2,                       
             "enhanced_semantic_description":     
 "Logarithmic measurement uncertainty for         
 fast-growing coral coverage",                    
             "processed": true                    
         }                                        
 >>>>>>> REPLACE                                  
                                                  

Tokens: 13k sent, 126 received. Cost: $0.04 
message, $0.21 session.
Committing 
POPULATIONS\POPULATION_0008\INDIVIDUAL_1P06VND8\pa
rameters.json before applying edits.
Unable to add C:\Users\spi085\OneDrive - 
CSIRO\Documents\_Projects\SCCP-QuantModelling\POPU
LATIONS\POPULATION_0008\INDIVIDUAL_1P06VND8\parame
ters.json: Cmd('git') failed due to: exit code(1)
  cmdline: git add C:\Users\spi085\OneDrive - 
CSIRO\Documents\_Projects\SCCP-QuantModelling\POPU
LATIONS\POPULATION_0008\INDIVIDUAL_1P06VND8\parame
ters.json
  stderr: 'The following paths are ignored by one 
of your .gitignore files:
POPULATIONS
hint: Use -f if you really want to add them.
hint: Turn this message off by running
hint: "git config advice.addIgnoredFile false"'
Unable to commit: Cmd('git') failed due to: exit 
code(1)
  cmdline: git commit -m feat: Add parameters 
configuration for individual INDIVIDUAL_1P06VND8 
--no-verify -- C:\Users\spi085\OneDrive - 
CSIRO\Documents\_Projects\SCCP-QuantModelling\POPU
LATIONS\POPULATION_0008\INDIVIDUAL_1P06VND8\parame
ters.json
  stderr: 'error: pathspec 
'C:\Users\spi085\OneDrive - 
CSIRO\Documents\_Projects\SCCP-QuantModelling\POPU
LATIONS\POPULATION_0008\INDIVIDUAL_1P06VND8\parame
ters.json' did not match any file(s) known to git'
Applied edit to 
POPULATIONS\POPULATION_0008\INDIVIDUAL_1P06VND8\pa
rameters.json
Validating fixed model for data leakage...
Opening file: POPULATIONS\POPULATION_0008\INDIVIDUAL_1P06VND8\model.cpp
File read successfully
Extracting vectors...
Found data vectors: {'slow_dat', 'cotsimm_dat', 'sst_dat', 'fast_dat', 'cots_dat'}
Found prediction vectors: {'fast_pred', 'slow_pred', 'cots_pred'}
Found reported vectors: {'sigma_fast', 'sigma_slow', 'cots_pred', 'slow_pred', 'fast_pred', 'sigma_cots'}
Finding initial conditions...
Found 3 initial conditions
Finding time-stepping loop...
Found loop from line 53 to 80
Found response variables: {'slow_dat', 'fast_dat', 'cots_dat'}
[93mRunning model for individual...[0m
[0mIndividual directory: POPULATIONS\POPULATION_0008\INDIVIDUAL_1P06VND8[0m
[93mRemoved old compilation: model.dll[0m
[93mRemoved old compilation: model.o[0m
[93mR script stdout:[0m
[0mg++ -std=gnu++17  -I"C:/Users/spi085/AppData/Local/Programs/R/R-4.4.1/include" -DNDEBUG -I"C:/Users/spi085/AppData/Local/Programs/R/R-44~1.1/library/TMB/include" -I"C:/Users/spi085/AppData/Local/Programs/R/R-44~1.1/library/RCPPEI~1/include"   -DTMB_EIGEN_DISABLE_WARNINGS   -DTMB_LIB_INIT=R_init_model  -DCPPAD_FRAMEWORK    -I"C:/rtools44/x86_64-w64-mingw32.static.posix/include"     -O2 -Wa,-mbig-obj -c POPULATIONS//POPULATION_0008//INDIVIDUAL_1P06VND8/model.cpp -o POPULATIONS//POPULATION_0008//INDIVIDUAL_1P06VND8/model.o[0m
[93mR script stderr:[0m
[0mLoading required package: TMB
Loading required package: jsonlite
here() starts at C:/Users/spi085/OneDrive - CSIRO/Documents/_Projects/SCCP-QuantModelling
using C++ compiler: 'G__~1.EXE (GCC) 13.2.0'
POPULATIONS//POPULATION_0008//INDIVIDUAL_1P06VND8/model.cpp: In instantiation of 'Type objective_function<Type>::operator()() [with Type = CppAD::AD<double>]':
C:/Users/spi085/AppData/Local/Programs/R/R-4.4.1/library/TMB/include/tmb_core.hpp:1308:6:   required from here
POPULATIONS//POPULATION_0008//INDIVIDUAL_1P06VND8/model.cpp:78:23: error: no matching function for call to 'max(Eigen::DenseCoeffsBase<Eigen::Array<CppAD::AD<double>, -1, 1, 0, -1, 1>, 1>::Scalar&, const CppAD::AD<double>&)'
   78 |     slow_pred(t) = max(slow_pred(t), eps);
      |                    ~~~^~~~~~~~~~~~~~~~~~~
In file included from C:/Users/spi085/AppData/Local/Programs/R/R-4.4.1/library/TMB/include/TMB.hpp:215,
                 from POPULATIONS//POPULATION_0008//INDIVIDUAL_1P06VND8/model.cpp:1:
C:/Users/spi085/AppData/Local/Programs/R/R-4.4.1/library/TMB/include/convenience.hpp:145:6: note: candidate: 'template<class Type> Type max(const tmbutils::vector<Type>&)'
  145 | Type max(const vector<Type> &x)
      |      ^~~
C:/Users/spi085/AppData/Local/Programs/R/R-4.4.1/library/TMB/include/convenience.hpp:145:6: note:   template argument deduction/substitution failed:
POPULATIONS//POPULATION_0008//INDIVIDUAL_1P06VND8/model.cpp:78:23: note:   'Eigen::DenseCoeffsBase<Eigen::Array<CppAD::AD<double>, -1, 1, 0, -1, 1>, 1>::Scalar' {aka 'CppAD::AD<double>'} is not derived from 'const tmbutils::vector<Type>'
   78 |     slow_pred(t) = max(slow_pred(t), eps);
      |                    ~~~^~~~~~~~~~~~~~~~~~~
POPULATIONS//POPULATION_0008//INDIVIDUAL_1P06VND8/model.cpp:79:23: error: no matching function for call to 'max(Eigen::DenseCoeffsBase<Eigen::Array<CppAD::AD<double>, -1, 1, 0, -1, 1>, 1>::Scalar&, const CppAD::AD<double>&)'
   79 |     fast_pred(t) = max(fast_pred(t), eps);
      |                    ~~~^~~~~~~~~~~~~~~~~~~
C:/Users/spi085/AppData/Local/Programs/R/R-4.4.1/library/TMB/include/convenience.hpp:145:6: note: candidate: 'template<class Type> Type max(const tmbutils::vector<Type>&)'
  145 | Type max(const vector<Type> &x)
      |      ^~~
C:/Users/spi085/AppData/Local/Programs/R/R-4.4.1/library/TMB/include/convenience.hpp:145:6: note:   template argument deduction/substitution failed:
POPULATIONS//POPULATION_0008//INDIVIDUAL_1P06VND8/model.cpp:79:23: note:   'Eigen::DenseCoeffsBase<Eigen::Array<CppAD::AD<double>, -1, 1, 0, -1, 1>, 1>::Scalar' {aka 'CppAD::AD<double>'} is not derived from 'const tmbutils::vector<Type>'
   79 |     fast_pred(t) = max(fast_pred(t), eps);
      |                    ~~~^~~~~~~~~~~~~~~~~~~
POPULATIONS//POPULATION_0008//INDIVIDUAL_1P06VND8/model.cpp: In instantiation of 'Type objective_function<Type>::operator()() [with Type = double]':
C:/Users/spi085/AppData/Local/Programs/R/R-4.4.1/library/TMB/include/tmb_core.hpp:2031:7:   required from here
POPULATIONS//POPULATION_0008//INDIVIDUAL_1P06VND8/model.cpp:78:23: error: no matching function for call to 'max(Eigen::DenseCoeffsBase<Eigen::Array<double, -1, 1>, 1>::Scalar&, const double&)'
   78 |     slow_pred(t) = max(slow_pred(t), eps);
      |                    ~~~^~~~~~~~~~~~~~~~~~~
C:/Users/spi085/AppData/Local/Programs/R/R-4.4.1/library/TMB/include/convenience.hpp:145:6: note: candidate: 'template<class Type> Type max(const tmbutils::vector<Type>&)'
  145 | Type max(const vector<Type> &x)
      |      ^~~
C:/Users/spi085/AppData/Local/Programs/R/R-4.4.1/library/TMB/include/convenience.hpp:145:6: note:   template argument deduction/substitution failed:
POPULATIONS//POPULATION_0008//INDIVIDUAL_1P06VND8/model.cpp:78:23: note:   mismatched types 'const tmbutils::vector<Type>' and 'Eigen::DenseCoeffsBase<Eigen::Array<double, -1, 1>, 1>::Scalar' {aka 'double'}
   78 |     slow_pred(t) = max(slow_pred(t), eps);
      |                    ~~~^~~~~~~~~~~~~~~~~~~
POPULATIONS//POPULATION_0008//INDIVIDUAL_1P06VND8/model.cpp:79:23: error: no matching function for call to 'max(Eigen::DenseCoeffsBase<Eigen::Array<double, -1, 1>, 1>::Scalar&, const double&)'
   79 |     fast_pred(t) = max(fast_pred(t), eps);
      |                    ~~~^~~~~~~~~~~~~~~~~~~
C:/Users/spi085/AppData/Local/Programs/R/R-4.4.1/library/TMB/include/convenience.hpp:145:6: note: candidate: 'template<class Type> Type max(const tmbutils::vector<Type>&)'
  145 | Type max(const vector<Type> &x)
      |      ^~~
C:/Users/spi085/AppData/Local/Programs/R/R-4.4.1/library/TMB/include/convenience.hpp:145:6: note:   template argument deduction/substitution failed:
POPULATIONS//POPULATION_0008//INDIVIDUAL_1P06VND8/model.cpp:79:23: note:   mismatched types 'const tmbutils::vector<Type>' and 'Eigen::DenseCoeffsBase<Eigen::Array<double, -1, 1>, 1>::Scalar' {aka 'double'}
   79 |     fast_pred(t) = max(fast_pred(t), eps);
      |                    ~~~^~~~~~~~~~~~~~~~~~~
POPULATIONS//POPULATION_0008//INDIVIDUAL_1P06VND8/model.cpp: In instantiation of 'Type objective_function<Type>::operator()() [with Type = CppAD::AD<CppAD::AD<double> >]':
C:/Users/spi085/AppData/Local/Programs/R/R-4.4.1/library/TMB/include/tmb_core.hpp:913:29:   required from 'Type objective_function<Type>::evalUserTemplate() [with Type = CppAD::AD<CppAD::AD<double> >]'
C:/Users/spi085/AppData/Local/Programs/R/R-4.4.1/library/TMB/include/tmb_core.hpp:2112:26:   required from here
POPULATIONS//POPULATION_0008//INDIVIDUAL_1P06VND8/model.cpp:78:23: error: no matching function for call to 'max(Eigen::DenseCoeffsBase<Eigen::Array<CppAD::AD<CppAD::AD<double> >, -1, 1, 0, -1, 1>, 1>::Scalar&, const CppAD::AD<CppAD::AD<double> >&)'
   78 |     slow_pred(t) = max(slow_pred(t), eps);
      |                    ~~~^~~~~~~~~~~~~~~~~~~
C:/Users/spi085/AppData/Local/Programs/R/R-4.4.1/library/TMB/include/convenience.hpp:145:6: note: candidate: 'template<class Type> Type max(const tmbutils::vector<Type>&)'
  145 | Type max(const vector<Type> &x)
      |      ^~~
C:/Users/spi085/AppData/Local/Programs/R/R-4.4.1/library/TMB/include/convenience.hpp:145:6: note:   template argument deduction/substitution failed:
POPULATIONS//POPULATION_0008//INDIVIDUAL_1P06VND8/model.cpp:78:23: note:   'Eigen::DenseCoeffsBase<Eigen::Array<CppAD::AD<CppAD::AD<double> >, -1, 1, 0, -1, 1>, 1>::Scalar' {aka 'CppAD::AD<CppAD::AD<double> >'} is not derived from 'const tmbutils::vector<Type>'
   78 |     slow_pred(t) = max(slow_pred(t), eps);
      |                    ~~~^~~~~~~~~~~~~~~~~~~
POPULATIONS//POPULATION_0008//INDIVIDUAL_1P06VND8/model.cpp:79:23: error: no matching function for call to 'max(Eigen::DenseCoeffsBase<Eigen::Array<CppAD::AD<CppAD::AD<double> >, -1, 1, 0, -1, 1>, 1>::Scalar&, const CppAD::AD<CppAD::AD<double> >&)'
   79 |     fast_pred(t) = max(fast_pred(t), eps);
      |                    ~~~^~~~~~~~~~~~~~~~~~~
C:/Users/spi085/AppData/Local/Programs/R/R-4.4.1/library/TMB/include/convenience.hpp:145:6: note: candidate: 'template<class Type> Type max(const tmbutils::vector<Type>&)'
  145 | Type max(const vector<Type> &x)
      |      ^~~
C:/Users/spi085/AppData/Local/Programs/R/R-4.4.1/library/TMB/include/convenience.hpp:145:6: note:   template argument deduction/substitution failed:
POPULATIONS//POPULATION_0008//INDIVIDUAL_1P06VND8/model.cpp:79:23: note:   'Eigen::DenseCoeffsBase<Eigen::Array<CppAD::AD<CppAD::AD<double> >, -1, 1, 0, -1, 1>, 1>::Scalar' {aka 'CppAD::AD<CppAD::AD<double> >'} is not derived from 'const tmbutils::vector<Type>'
   79 |     fast_pred(t) = max(fast_pred(t), eps);
      |                    ~~~^~~~~~~~~~~~~~~~~~~
POPULATIONS//POPULATION_0008//INDIVIDUAL_1P06VND8/model.cpp: In instantiation of 'Type objective_function<Type>::operator()() [with Type = CppAD::AD<CppAD::AD<CppAD::AD<double> > >]':
C:/Users/spi085/AppData/Local/Programs/R/R-4.4.1/library/TMB/include/tmb_core.hpp:913:29:   required from 'Type objective_function<Type>::evalUserTemplate() [with Type = CppAD::AD<CppAD::AD<CppAD::AD<double> > >]'
C:/Users/spi085/AppData/Local/Programs/R/R-4.4.1/library/TMB/include/tmb_core.hpp:2361:28:   required from here
POPULATIONS//POPULATION_0008//INDIVIDUAL_1P06VND8/model.cpp:78:23: error: no matching function for call to 'max(Eigen::DenseCoeffsBase<Eigen::Array<CppAD::AD<CppAD::AD<CppAD::AD<double> > >, -1, 1, 0, -1, 1>, 1>::Scalar&, const CppAD::AD<CppAD::AD<CppAD::AD<double> > >&)'
   78 |     slow_pred(t) = max(slow_pred(t), eps);
      |                    ~~~^~~~~~~~~~~~~~~~~~~
C:/Users/spi085/AppData/Local/Programs/R/R-4.4.1/library/TMB/include/convenience.hpp:145:6: note: candidate: 'template<class Type> Type max(const tmbutils::vector<Type>&)'
  145 | Type max(const vector<Type> &x)
      |      ^~~
C:/Users/spi085/AppData/Local/Programs/R/R-4.4.1/library/TMB/include/convenience.hpp:145:6: note:   template argument deduction/substitution failed:
POPULATIONS//POPULATION_0008//INDIVIDUAL_1P06VND8/model.cpp:78:23: note:   'Eigen::DenseCoeffsBase<Eigen::Array<CppAD::AD<CppAD::AD<CppAD::AD<double> > >, -1, 1, 0, -1, 1>, 1>::Scalar' {aka 'CppAD::AD<CppAD::AD<CppAD::AD<double> > >'} is not derived from 'const tmbutils::vector<Type>'
   78 |     slow_pred(t) = max(slow_pred(t), eps);
      |                    ~~~^~~~~~~~~~~~~~~~~~~
POPULATIONS//POPULATION_0008//INDIVIDUAL_1P06VND8/model.cpp:79:23: error: no matching function for call to 'max(Eigen::DenseCoeffsBase<Eigen::Array<CppAD::AD<CppAD::AD<CppAD::AD<double> > >, -1, 1, 0, -1, 1>, 1>::Scalar&, const CppAD::AD<CppAD::AD<CppAD::AD<double> > >&)'
   79 |     fast_pred(t) = max(fast_pred(t), eps);
      |                    ~~~^~~~~~~~~~~~~~~~~~~
C:/Users/spi085/AppData/Local/Programs/R/R-4.4.1/library/TMB/include/convenience.hpp:145:6: note: candidate: 'template<class Type> Type max(const tmbutils::vector<Type>&)'
  145 | Type max(const vector<Type> &x)
      |      ^~~
C:/Users/spi085/AppData/Local/Programs/R/R-4.4.1/library/TMB/include/convenience.hpp:145:6: note:   template argument deduction/substitution failed:
POPULATIONS//POPULATION_0008//INDIVIDUAL_1P06VND8/model.cpp:79:23: note:   'Eigen::DenseCoeffsBase<Eigen::Array<CppAD::AD<CppAD::AD<CppAD::AD<double> > >, -1, 1, 0, -1, 1>, 1>::Scalar' {aka 'CppAD::AD<CppAD::AD<CppAD::AD<double> > >'} is not derived from 'const tmbutils::vector<Type>'
   79 |     fast_pred(t) = max(fast_pred(t), eps);
      |                    ~~~^~~~~~~~~~~~~~~~~~~
make: *** [C:/Users/spi085/AppData/Local/Programs/R/R-4.4.1/etc/x64/Makeconf:296: POPULATIONS//POPULATION_0008//INDIVIDUAL_1P06VND8/model.o] Error 1
Error in TMB::compile(file.path(individual_dir, model_file), flags = flags,  : 
  Compilation failed
Error: Compilation failed
Execution halted[0m
[91mModel failed to compile.[0m
Fixing broken model iteration: 3
The error is related to the max() function not    
being compatible with TMB types. Let's use a      
conditional operator instead to enforce the       
minimum value. Here's the fix:                    

POPULATIONS\POPULATION_0008\INDIVIDUAL_1P06VND8\mo
del.cpp                                           

                                                  
 <<<<<<< SEARCH                                   
     // Bound predictions to be positive          
     slow_pred(t) = max(slow_pred(t), eps);       
     fast_pred(t) = max(fast_pred(t), eps);       
 =======                                          
     // Bound predictions to be positive using    
 conditional operator                             
     slow_pred(t) = slow_pred(t) > eps ?          
 slow_pred(t) : eps;                              
     fast_pred(t) = fast_pred(t) > eps ?          
 fast_pred(t) : eps;                              
 >>>>>>> REPLACE                                  
                                                  

This change maintains the same functionality but  
uses TMB-compatible syntax.                       

Tokens: 18k sent, 172 received. Cost: $0.06 
message, $0.27 session.
Committing 
POPULATIONS\POPULATION_0008\INDIVIDUAL_1P06VND8\mo
del.cpp before applying edits.
Unable to add C:\Users\spi085\OneDrive - 
CSIRO\Documents\_Projects\SCCP-QuantModelling\POPU
LATIONS\POPULATION_0008\INDIVIDUAL_1P06VND8\model.
cpp: Cmd('git') failed due to: exit code(1)
  cmdline: git add C:\Users\spi085\OneDrive - 
CSIRO\Documents\_Projects\SCCP-QuantModelling\POPU
LATIONS\POPULATION_0008\INDIVIDUAL_1P06VND8\model.
cpp
  stderr: 'The following paths are ignored by one 
of your .gitignore files:
POPULATIONS
hint: Use -f if you really want to add them.
hint: Turn this message off by running
hint: "git config advice.addIgnoredFile false"'
Unable to commit: Cmd('git') failed due to: exit 
code(1)
  cmdline: git commit -m feat: Add model.cpp for 
INDIVIDUAL_1P06VND8 population --no-verify -- 
C:\Users\spi085\OneDrive - 
CSIRO\Documents\_Projects\SCCP-QuantModelling\POPU
LATIONS\POPULATION_0008\INDIVIDUAL_1P06VND8\model.
cpp
  stderr: 'error: pathspec 
'C:\Users\spi085\OneDrive - 
CSIRO\Documents\_Projects\SCCP-QuantModelling\POPU
LATIONS\POPULATION_0008\INDIVIDUAL_1P06VND8\model.
cpp' did not match any file(s) known to git'
Applied edit to 
POPULATIONS\POPULATION_0008\INDIVIDUAL_1P06VND8\mo
del.cpp
Validating fixed model for data leakage...
Opening file: POPULATIONS\POPULATION_0008\INDIVIDUAL_1P06VND8\model.cpp
File read successfully
Extracting vectors...
Found data vectors: {'slow_dat', 'cotsimm_dat', 'sst_dat', 'fast_dat', 'cots_dat'}
Found prediction vectors: {'fast_pred', 'slow_pred', 'cots_pred'}
Found reported vectors: {'sigma_fast', 'sigma_slow', 'cots_pred', 'slow_pred', 'fast_pred', 'sigma_cots'}
Finding initial conditions...
Found 3 initial conditions
Finding time-stepping loop...
Found loop from line 53 to 80
Found response variables: {'slow_dat', 'fast_dat', 'cots_dat'}
[93mRunning model for individual...[0m
[0mIndividual directory: POPULATIONS\POPULATION_0008\INDIVIDUAL_1P06VND8[0m
[93mR script stdout:[0m
[0mg++ -std=gnu++17  -I"C:/Users/spi085/AppData/Local/Programs/R/R-4.4.1/include" -DNDEBUG -I"C:/Users/spi085/AppData/Local/Programs/R/R-44~1.1/library/TMB/include" -I"C:/Users/spi085/AppData/Local/Programs/R/R-44~1.1/library/RCPPEI~1/include"   -DTMB_EIGEN_DISABLE_WARNINGS   -DTMB_LIB_INIT=R_init_model  -DCPPAD_FRAMEWORK    -I"C:/rtools44/x86_64-w64-mingw32.static.posix/include"     -O2 -Wa,-mbig-obj -c POPULATIONS//POPULATION_0008//INDIVIDUAL_1P06VND8/model.cpp -o POPULATIONS//POPULATION_0008//INDIVIDUAL_1P06VND8/model.o
g++ -std=gnu++17 -shared -s -static-libgcc -o POPULATIONS//POPULATION_0008//INDIVIDUAL_1P06VND8/model.dll tmp.def POPULATIONS//POPULATION_0008//INDIVIDUAL_1P06VND8/model.o -LC:/rtools44/x86_64-w64-mingw32.static.posix/lib/x64 -LC:/rtools44/x86_64-w64-mingw32.static.posix/lib -LC:/Users/spi085/AppData/Local/Programs/R/R-4.4.1/bin/x64 -lR
Starting model phases
Number of phases: 3 
Phase 1 
Error in model phases: Error when reading the variable: 'beta_comp'. Please check data and parameters.[0m
[93mR script stderr:[0m
[0mLoading required package: TMB
Loading required package: jsonlite
here() starts at C:/Users/spi085/OneDrive - CSIRO/Documents/_Projects/SCCP-QuantModelling
using C++ compiler: 'G__~1.EXE (GCC) 13.2.0'
Error in value[[3L]](cond) : 
  Error in model phases: Error when reading the variable: 'beta_comp'. Please check data and parameters.
Calls: tryCatch -> tryCatchList -> tryCatchOne -> <Anonymous>
In addition: Warning messages:
1: In getParameterOrder(data, parameters, new.env(), DLL = DLL) :
  Expected scalar. Got length=0
2: In getParameterOrder(data, parameters, new.env(), DLL = DLL) :
  Expected object. Got NULL.
Execution halted[0m
[91mR script failed with return code 1[0m
Fixing broken model iteration: 4

tmp.def
C:\Users\spi085\OneDrive - 
CSIRO\Documents\_Projects\SCCP-QuantModelling\tmp.
def: file not found error
C:\Users\spi085\OneDrive - 
CSIRO\Documents\_Projects\SCCP-QuantModelling\tmp.
def: file not found error
Dropping tmp.def from the chat.
The error is due to the beta_comp parameter being 
declared in the model but not properly defined in 
parameters.json. Let's remove the beta_comp       
parameter since we're not using competition       
effects anymore:                                  

POPULATIONS\POPULATION_0008\INDIVIDUAL_1P06VND8\mo
del.cpp                                           

                                                  
 <<<<<<< SEARCH                                   
   PARAMETER(temp_opt);    // Optimal temperature 
 for COTS                                         
   PARAMETER(temp_width);  // Temperature toleran 
 width                                            
   PARAMETER(beta_comp);   // Competition         
 coefficient                                      
                                                  
   // Standard deviations for observations        
 =======                                          
   PARAMETER(temp_opt);    // Optimal temperature 
 for COTS                                         
   PARAMETER(temp_width);  // Temperature toleran 
 width                                            
                                                  
   // Standard deviations for observations        
 >>>>>>> REPLACE                                  
                                                  

This change removes the unused parameter          
declaration from the model.cpp file to match the  
current parameters.json file.                     

Tokens: 18k sent, 173 received. Cost: $0.06 
message, $0.32 session.
Committing 
POPULATIONS\POPULATION_0008\INDIVIDUAL_1P06VND8\mo
del.cpp before applying edits.
Unable to add C:\Users\spi085\OneDrive - 
CSIRO\Documents\_Projects\SCCP-QuantModelling\POPU
LATIONS\POPULATION_0008\INDIVIDUAL_1P06VND8\model.
cpp: Cmd('git') failed due to: exit code(1)
  cmdline: git add C:\Users\spi085\OneDrive - 
CSIRO\Documents\_Projects\SCCP-QuantModelling\POPU
LATIONS\POPULATION_0008\INDIVIDUAL_1P06VND8\model.
cpp
  stderr: 'The following paths are ignored by one 
of your .gitignore files:
POPULATIONS
hint: Use -f if you really want to add them.
hint: Turn this message off by running
hint: "git config advice.addIgnoredFile false"'
Unable to commit: Cmd('git') failed due to: exit 
code(1)
  cmdline: git commit -m feat: Add model.cpp for 
INDIVIDUAL_1P06VND8 population --no-verify -- 
C:\Users\spi085\OneDrive - 
CSIRO\Documents\_Projects\SCCP-QuantModelling\POPU
LATIONS\POPULATION_0008\INDIVIDUAL_1P06VND8\model.
cpp
  stderr: 'error: pathspec 
'C:\Users\spi085\OneDrive - 
CSIRO\Documents\_Projects\SCCP-QuantModelling\POPU
LATIONS\POPULATION_0008\INDIVIDUAL_1P06VND8\model.
cpp' did not match any file(s) known to git'
Applied edit to 
POPULATIONS\POPULATION_0008\INDIVIDUAL_1P06VND8\mo
del.cpp
Validating fixed model for data leakage...
Opening file: POPULATIONS\POPULATION_0008\INDIVIDUAL_1P06VND8\model.cpp
File read successfully
Extracting vectors...
Found data vectors: {'slow_dat', 'cotsimm_dat', 'sst_dat', 'fast_dat', 'cots_dat'}
Found prediction vectors: {'fast_pred', 'slow_pred', 'cots_pred'}
Found reported vectors: {'sigma_fast', 'sigma_slow', 'cots_pred', 'slow_pred', 'fast_pred', 'sigma_cots'}
Finding initial conditions...
Found 3 initial conditions
Finding time-stepping loop...
Found loop from line 52 to 79
Found response variables: {'slow_dat', 'fast_dat', 'cots_dat'}
[93mRunning model for individual...[0m
[0mIndividual directory: POPULATIONS\POPULATION_0008\INDIVIDUAL_1P06VND8[0m
[93mRemoved old compilation: model.dll[0m
[93mRemoved old compilation: model.o[0m
[93mR script stdout:[0m
[0mg++ -std=gnu++17  -I"C:/Users/spi085/AppData/Local/Programs/R/R-4.4.1/include" -DNDEBUG -I"C:/Users/spi085/AppData/Local/Programs/R/R-44~1.1/library/TMB/include" -I"C:/Users/spi085/AppData/Local/Programs/R/R-44~1.1/library/RCPPEI~1/include"   -DTMB_EIGEN_DISABLE_WARNINGS   -DTMB_LIB_INIT=R_init_model  -DCPPAD_FRAMEWORK    -I"C:/rtools44/x86_64-w64-mingw32.static.posix/include"     -O2 -Wa,-mbig-obj -c POPULATIONS//POPULATION_0008//INDIVIDUAL_1P06VND8/model.cpp -o POPULATIONS//POPULATION_0008//INDIVIDUAL_1P06VND8/model.o
g++ -std=gnu++17 -shared -s -static-libgcc -o POPULATIONS//POPULATION_0008//INDIVIDUAL_1P06VND8/model.dll tmp.def POPULATIONS//POPULATION_0008//INDIVIDUAL_1P06VND8/model.o -LC:/rtools44/x86_64-w64-mingw32.static.posix/lib/x64 -LC:/rtools44/x86_64-w64-mingw32.static.posix/lib -LC:/Users/spi085/AppData/Local/Programs/R/R-4.4.1/bin/x64 -lR
Starting model phases
Number of phases: 3 
Phase 1 
Initial parameter values for phase 1 :
    r_cots     r_slow     r_fast alpha_slow alpha_fast 
        NA         NA         NA         NA         NA 
Error in model phases: NA/NaN gradient evaluation[0m
[93mR script stderr:[0m
[0mLoading required package: TMB
Loading required package: jsonlite
here() starts at C:/Users/spi085/OneDrive - CSIRO/Documents/_Projects/SCCP-QuantModelling
using C++ compiler: 'G__~1.EXE (GCC) 13.2.0'
Error in value[[3L]](cond) : 
  Error in model phases: NA/NaN gradient evaluation
Calls: tryCatch -> tryCatchList -> tryCatchOne -> <Anonymous>
In addition: Warning message:
In nlminb(model$par, model$fn, model$gr) : NA/NaN function evaluation
Execution halted[0m
[91mR script failed with return code 1[0m
Maximum sub-iterations reached for POPULATIONS\POPULATION_0008\INDIVIDUAL_1P06VND8. The model could not be successfully run after 5 attempts.
