{
  "iterations": {
    "1": {
      "status": "ERROR",
      "message": "R script failed with return code 1",
      "stdout": "g++ -std=gnu++17 -I\"/usr/share/R/include\" -DNDEBUG -I\"/home/spi085/R/x86_64-pc-linux-gnu-library/4.4/TMB/include\" -I\"/home/spi085/R/x86_64-pc-linux-gnu-library/4.4/RcppEigen/include\"   -DTMB_EIGEN_DISABLE_WARNINGS   -DTMB_LIB_INIT=R_init_model  -DCPPAD_FRAMEWORK      -fpic  -O2  -c POPULATIONS/POPULATION_0001/INDIVIDUAL_D1IRQ46M/model.cpp -o POPULATIONS/POPULATION_0001/INDIVIDUAL_D1IRQ46M/model.o\ng++ -std=gnu++17 -shared -L/usr/lib/R/lib -Wl,-Bsymbolic-functions -flto=auto -ffat-lto-objects -Wl,-z,relro -o POPULATIONS/POPULATION_0001/INDIVIDUAL_D1IRQ46M/model.so POPULATIONS/POPULATION_0001/INDIVIDUAL_D1IRQ46M/model.o -L/usr/lib/R/lib -lR\nStarting model phases\nNumber of phases: 3 \nPhase 1 \nInitial parameter values for phase 1 :\n        lambda             mu      threshold log_sigma_cots log_sigma_fast \n            NA          477.8             NA             NA             NA \nlog_sigma_slow \n            NA \nError in model phases: NA/NaN gradient evaluation",
      "stderr": "Loading required package: TMB\nLoading required package: jsonlite\nhere() starts at /home/spi085/Documents/_Projects/SCCP-QuantModelling\nusing C++ compiler: \u2018g++ (Ubuntu 13.3.0-6ubuntu2~24.04) 13.3.0\u2019\nError in value[[3L]](cond) : \n  Error in model phases: NA/NaN gradient evaluation\nCalls: tryCatch -> tryCatchList -> tryCatchOne -> <Anonymous>\nIn addition: Warning message:\nIn nlminb(model$par, model$fn, model$gr) : NA/NaN function evaluation\nExecution halted"
    },
    "2": {
      "status": "ERROR",
      "message": "R script failed with return code 1",
      "stdout": "g++ -std=gnu++17 -I\"/usr/share/R/include\" -DNDEBUG -I\"/home/spi085/R/x86_64-pc-linux-gnu-library/4.4/TMB/include\" -I\"/home/spi085/R/x86_64-pc-linux-gnu-library/4.4/RcppEigen/include\"   -DTMB_EIGEN_DISABLE_WARNINGS   -DTMB_LIB_INIT=R_init_model  -DCPPAD_FRAMEWORK      -fpic  -O2  -c POPULATIONS/POPULATION_0001/INDIVIDUAL_D1IRQ46M/model.cpp -o POPULATIONS/POPULATION_0001/INDIVIDUAL_D1IRQ46M/model.o\ng++ -std=gnu++17 -shared -L/usr/lib/R/lib -Wl,-Bsymbolic-functions -flto=auto -ffat-lto-objects -Wl,-z,relro -o POPULATIONS/POPULATION_0001/INDIVIDUAL_D1IRQ46M/model.so POPULATIONS/POPULATION_0001/INDIVIDUAL_D1IRQ46M/model.o -L/usr/lib/R/lib -lR\nStarting model phases\nNumber of phases: 3 \nPhase 1 \nInitial parameter values for phase 1 :\n        lambda             mu      threshold log_sigma_cots log_sigma_fast \n            NA          477.8             NA             NA             NA \nlog_sigma_slow \n            NA \nError in model phases: NA/NaN gradient evaluation",
      "stderr": "Loading required package: TMB\nLoading required package: jsonlite\nhere() starts at /home/spi085/Documents/_Projects/SCCP-QuantModelling\nusing C++ compiler: \u2018g++ (Ubuntu 13.3.0-6ubuntu2~24.04) 13.3.0\u2019\nError in value[[3L]](cond) : \n  Error in model phases: NA/NaN gradient evaluation\nCalls: tryCatch -> tryCatchList -> tryCatchOne -> <Anonymous>\nIn addition: Warning message:\nIn nlminb(model$par, model$fn, model$gr) : NA/NaN function evaluation\nExecution halted"
    },
    "3": {
      "status": "ERROR",
      "message": "R script failed with return code 1",
      "stdout": "g++ -std=gnu++17 -I\"/usr/share/R/include\" -DNDEBUG -I\"/home/spi085/R/x86_64-pc-linux-gnu-library/4.4/TMB/include\" -I\"/home/spi085/R/x86_64-pc-linux-gnu-library/4.4/RcppEigen/include\"   -DTMB_EIGEN_DISABLE_WARNINGS   -DTMB_LIB_INIT=R_init_model  -DCPPAD_FRAMEWORK      -fpic  -O2  -c POPULATIONS/POPULATION_0001/INDIVIDUAL_D1IRQ46M/model.cpp -o POPULATIONS/POPULATION_0001/INDIVIDUAL_D1IRQ46M/model.o\ng++ -std=gnu++17 -shared -L/usr/lib/R/lib -Wl,-Bsymbolic-functions -flto=auto -ffat-lto-objects -Wl,-z,relro -o POPULATIONS/POPULATION_0001/INDIVIDUAL_D1IRQ46M/model.so POPULATIONS/POPULATION_0001/INDIVIDUAL_D1IRQ46M/model.o -L/usr/lib/R/lib -lR\nStarting model phases\nNumber of phases: 3 \nPhase 1 \nInitial parameter values for phase 1 :\n        lambda             mu      threshold log_sigma_cots log_sigma_fast \n            NA          477.8             NA             NA             NA \nlog_sigma_slow \n            NA \nError in model phases: NA/NaN gradient evaluation",
      "stderr": "Loading required package: TMB\nLoading required package: jsonlite\nhere() starts at /home/spi085/Documents/_Projects/SCCP-QuantModelling\nusing C++ compiler: \u2018g++ (Ubuntu 13.3.0-6ubuntu2~24.04) 13.3.0\u2019\nError in value[[3L]](cond) : \n  Error in model phases: NA/NaN gradient evaluation\nCalls: tryCatch -> tryCatchList -> tryCatchOne -> <Anonymous>\nIn addition: Warning message:\nIn nlminb(model$par, model$fn, model$gr) : NA/NaN function evaluation\nExecution halted"
    },
    "4": {
      "status": "ERROR",
      "message": "Model failed to compile.",
      "stdout": "g++ -std=gnu++17 -I\"/usr/share/R/include\" -DNDEBUG -I\"/home/spi085/R/x86_64-pc-linux-gnu-library/4.4/TMB/include\" -I\"/home/spi085/R/x86_64-pc-linux-gnu-library/4.4/RcppEigen/include\"   -DTMB_EIGEN_DISABLE_WARNINGS   -DTMB_LIB_INIT=R_init_model  -DCPPAD_FRAMEWORK      -fpic  -O2  -c POPULATIONS/POPULATION_0001/INDIVIDUAL_D1IRQ46M/model.cpp -o POPULATIONS/POPULATION_0001/INDIVIDUAL_D1IRQ46M/model.o",
      "stderr": "Loading required package: TMB\nLoading required package: jsonlite\nhere() starts at /home/spi085/Documents/_Projects/SCCP-QuantModelling\nusing C++ compiler: \u2018g++ (Ubuntu 13.3.0-6ubuntu2~24.04) 13.3.0\u2019\nPOPULATIONS/POPULATION_0001/INDIVIDUAL_D1IRQ46M/model.cpp: In instantiation of \u2018Type objective_function<Type>::operator()() [with Type = double]\u2019:\n/home/spi085/R/x86_64-pc-linux-gnu-library/4.4/TMB/include/tmb_core.hpp:2035:7:   required from here\nPOPULATIONS/POPULATION_0001/INDIVIDUAL_D1IRQ46M/model.cpp:78:37: error: \u2018isnan\u2019 was not declared in this scope\n   78 |     if(cots_pred[t] < delta || isnan(cots_pred[t])) cots_pred[t] = delta;\n      |                                ~~~~~^~~~~~~~~~~~~~\nPOPULATIONS/POPULATION_0001/INDIVIDUAL_D1IRQ46M/model.cpp:78:37: note: suggested alternatives:\nIn file included from /home/spi085/R/x86_64-pc-linux-gnu-library/4.4/RcppEigen/include/Eigen/src/Core/util/Macros.h:679,\n                 from /home/spi085/R/x86_64-pc-linux-gnu-library/4.4/RcppEigen/include/Eigen/Core:19,\n                 from /home/spi085/R/x86_64-pc-linux-gnu-library/4.4/RcppEigen/include/Eigen/Dense:1,\n                 from /home/spi085/R/x86_64-pc-linux-gnu-library/4.4/TMB/include/TMB.hpp:92,\n                 from POPULATIONS/POPULATION_0001/INDIVIDUAL_D1IRQ46M/model.cpp:1:\n/usr/include/c++/13/cmath:1192:5: note:   \u2018std::isnan\u2019\n 1192 |     isnan(_Tp)\n      |     ^~~~~\nIn file included from /home/spi085/R/x86_64-pc-linux-gnu-library/4.4/RcppEigen/include/Eigen/Core:380:\n/home/spi085/R/x86_64-pc-linux-gnu-library/4.4/RcppEigen/include/Eigen/src/Core/GlobalFunctions.h:97:36: note:   \u2018Eigen::isnan\u2019\n   97 |   EIGEN_ARRAY_DECLARE_GLOBAL_UNARY(isnan,scalar_isnan_op,not-a-number test,\\sa Eigen::isinf DOXCOMMA Eigen::isfinite DOXCOMMA ArrayBase::isnan)\n      |                                    ^~~~~\n/home/spi085/R/x86_64-pc-linux-gnu-library/4.4/RcppEigen/include/Eigen/src/Core/GlobalFunctions.h:32:4: note: in definition of macro \u2018EIGEN_ARRAY_DECLARE_GLOBAL_UNARY\u2019\n   32 |   (NAME)(const Eigen::ArrayBase<Derived>& x) { \\\n      |    ^~~~\n/home/spi085/R/x86_64-pc-linux-gnu-library/4.4/TMB/include/TMB.hpp:211:8: note:   \u2018CppAD::isnan\u2019\n  211 |   bool isnan(const AD<T> &x)CSKIP({ return isnan(Value(x)); })\n      |        ^~~~~\n/usr/include/c++/13/cmath:1171:3: note:   \u2018std::isnan\u2019\n 1171 |   isnan(float __x)\n      |   ^~~~~\nIn file included from /home/spi085/R/x86_64-pc-linux-gnu-library/4.4/RcppEigen/include/Eigen/Core:171:\n/home/spi085/R/x86_64-pc-linux-gnu-library/4.4/RcppEigen/include/Eigen/src/Core/MathFunctions.h:1370:46: note:   \u2018Eigen::numext::isnan\u2019\n 1370 | template<typename T> EIGEN_DEVICE_FUNC bool (isnan)   (const T &x) { return internal::isnan_impl(x); }\n      |                                              ^~~~~\nIn file included from /home/spi085/R/x86_64-pc-linux-gnu-library/4.4/RcppEigen/include/Eigen/Core:176:\n/home/spi085/R/x86_64-pc-linux-gnu-library/4.4/RcppEigen/include/Eigen/src/Core/arch/Default/Half.h:632:45: note:   \u2018Eigen::half_impl::isnan\u2019\n  632 | EIGEN_STRONG_INLINE EIGEN_DEVICE_FUNC bool (isnan)(const half& a) {\n      |                                             ^~~~~\nIn file included from /home/spi085/R/x86_64-pc-linux-gnu-library/4.4/RcppEigen/include/Eigen/Core:177:\n/home/spi085/R/x86_64-pc-linux-gnu-library/4.4/RcppEigen/include/Eigen/src/Core/arch/Default/BFloat16.h:480:45: note:   \u2018Eigen::bfloat16_impl::isnan\u2019\n  480 | EIGEN_STRONG_INLINE EIGEN_DEVICE_FUNC bool (isnan)(const bfloat16& a) {\n      |                                             ^~~~~\nIn file included from /home/spi085/R/x86_64-pc-linux-gnu-library/4.4/TMB/include/tiny_ad/atomic.hpp:21,\n                 from /home/spi085/R/x86_64-pc-linux-gnu-library/4.4/TMB/include/TMB.hpp:219:\n/home/spi085/R/x86_64-pc-linux-gnu-library/4.4/TMB/include/tiny_ad/beta/pbeta.hpp:31:23: note:   \u2018atomic::toms708::isnan\u2019\n   31 | template<class T> int isnan(T x) { return std::isnan(asDouble(x)); }\n      |                       ^~~~~\nIn file included from /home/spi085/R/x86_64-pc-linux-gnu-library/4.4/TMB/include/tiny_ad/bessel/bessel.hpp:27,\n                 from /home/spi085/R/x86_64-pc-linux-gnu-library/4.4/TMB/include/tiny_ad/atomic.hpp:29:\n/home/spi085/R/x86_64-pc-linux-gnu-library/4.4/TMB/include/tiny_ad/bessel/../gamma/gamma.hpp:31:23: note:   \u2018atomic::gamma_utils::isnan\u2019\n   31 | template<class T> int isnan(T x) { return std::isnan(asDouble(x)); }\n      |                       ^~~~~\n/home/spi085/R/x86_64-pc-linux-gnu-library/4.4/TMB/include/tiny_ad/bessel/bessel.hpp:34:23: note:   \u2018atomic::bessel_utils::isnan\u2019\n   34 | template<class T> int isnan(T x) { return std::isnan(asDouble(x)); }\n      |                       ^~~~~\nPOPULATIONS/POPULATION_0001/INDIVIDUAL_D1IRQ46M/model.cpp:79:37: error: \u2018isnan\u2019 was not declared in this scope\n   79 |     if(fast_pred[t] < delta || isnan(fast_pred[t])) fast_pred[t] = delta;\n      |                                ~~~~~^~~~~~~~~~~~~~\nPOPULATIONS/POPULATION_0001/INDIVIDUAL_D1IRQ46M/model.cpp:79:37: note: suggested alternatives:\n/usr/include/c++/13/cmath:1192:5: note:   \u2018std::isnan\u2019\n 1192 |     isnan(_Tp)\n      |     ^~~~~\n/home/spi085/R/x86_64-pc-linux-gnu-library/4.4/RcppEigen/include/Eigen/src/Core/GlobalFunctions.h:97:36: note:   \u2018Eigen::isnan\u2019\n   97 |   EIGEN_ARRAY_DECLARE_GLOBAL_UNARY(isnan,scalar_isnan_op,not-a-number test,\\sa Eigen::isinf DOXCOMMA Eigen::isfinite DOXCOMMA ArrayBase::isnan)\n      |                                    ^~~~~\n/home/spi085/R/x86_64-pc-linux-gnu-library/4.4/RcppEigen/include/Eigen/src/Core/GlobalFunctions.h:32:4: note: in definition of macro \u2018EIGEN_ARRAY_DECLARE_GLOBAL_UNARY\u2019\n   32 |   (NAME)(const Eigen::ArrayBase<Derived>& x) { \\\n      |    ^~~~\n/home/spi085/R/x86_64-pc-linux-gnu-library/4.4/TMB/include/TMB.hpp:211:8: note:   \u2018CppAD::isnan\u2019\n  211 |   bool isnan(const AD<T> &x)CSKIP({ return isnan(Value(x)); })\n      |        ^~~~~\n/usr/include/c++/13/cmath:1171:3: note:   \u2018std::isnan\u2019\n 1171 |   isnan(float __x)\n      |   ^~~~~\n/home/spi085/R/x86_64-pc-linux-gnu-library/4.4/RcppEigen/include/Eigen/src/Core/MathFunctions.h:1370:46: note:   \u2018Eigen::numext::isnan\u2019\n 1370 | template<typename T> EIGEN_DEVICE_FUNC bool (isnan)   (const T &x) { return internal::isnan_impl(x); }\n      |                                              ^~~~~\n/home/spi085/R/x86_64-pc-linux-gnu-library/4.4/RcppEigen/include/Eigen/src/Core/arch/Default/Half.h:632:45: note:   \u2018Eigen::half_impl::isnan\u2019\n  632 | EIGEN_STRONG_INLINE EIGEN_DEVICE_FUNC bool (isnan)(const half& a) {\n      |                                             ^~~~~\n/home/spi085/R/x86_64-pc-linux-gnu-library/4.4/RcppEigen/include/Eigen/src/Core/arch/Default/BFloat16.h:480:45: note:   \u2018Eigen::bfloat16_impl::isnan\u2019\n  480 | EIGEN_STRONG_INLINE EIGEN_DEVICE_FUNC bool (isnan)(const bfloat16& a) {\n      |                                             ^~~~~\n/home/spi085/R/x86_64-pc-linux-gnu-library/4.4/TMB/include/tiny_ad/beta/pbeta.hpp:31:23: note:   \u2018atomic::toms708::isnan\u2019\n   31 | template<class T> int isnan(T x) { return std::isnan(asDouble(x)); }\n      |                       ^~~~~\n/home/spi085/R/x86_64-pc-linux-gnu-library/4.4/TMB/include/tiny_ad/bessel/../gamma/gamma.hpp:31:23: note:   \u2018atomic::gamma_utils::isnan\u2019\n   31 | template<class T> int isnan(T x) { return std::isnan(asDouble(x)); }\n      |                       ^~~~~\n/home/spi085/R/x86_64-pc-linux-gnu-library/4.4/TMB/include/tiny_ad/bessel/bessel.hpp:34:23: note:   \u2018atomic::bessel_utils::isnan\u2019\n   34 | template<class T> int isnan(T x) { return std::isnan(asDouble(x)); }\n      |                       ^~~~~\nPOPULATIONS/POPULATION_0001/INDIVIDUAL_D1IRQ46M/model.cpp:80:37: error: \u2018isnan\u2019 was not declared in this scope\n   80 |     if(slow_pred[t] < delta || isnan(slow_pred[t])) slow_pred[t] = delta;\n      |                                ~~~~~^~~~~~~~~~~~~~\nPOPULATIONS/POPULATION_0001/INDIVIDUAL_D1IRQ46M/model.cpp:80:37: note: suggested alternatives:\n/usr/include/c++/13/cmath:1192:5: note:   \u2018std::isnan\u2019\n 1192 |     isnan(_Tp)\n      |     ^~~~~\n/home/spi085/R/x86_64-pc-linux-gnu-library/4.4/RcppEigen/include/Eigen/src/Core/GlobalFunctions.h:97:36: note:   \u2018Eigen::isnan\u2019\n   97 |   EIGEN_ARRAY_DECLARE_GLOBAL_UNARY(isnan,scalar_isnan_op,not-a-number test,\\sa Eigen::isinf DOXCOMMA Eigen::isfinite DOXCOMMA ArrayBase::isnan)\n      |                                    ^~~~~\n/home/spi085/R/x86_64-pc-linux-gnu-library/4.4/RcppEigen/include/Eigen/src/Core/GlobalFunctions.h:32:4: note: in definition of macro \u2018EIGEN_ARRAY_DECLARE_GLOBAL_UNARY\u2019\n   32 |   (NAME)(const Eigen::ArrayBase<Derived>& x) { \\\n      |    ^~~~\n/home/spi085/R/x86_64-pc-linux-gnu-library/4.4/TMB/include/TMB.hpp:211:8: note:   \u2018CppAD::isnan\u2019\n  211 |   bool isnan(const AD<T> &x)CSKIP({ return isnan(Value(x)); })\n      |        ^~~~~\n/usr/include/c++/13/cmath:1171:3: note:   \u2018std::isnan\u2019\n 1171 |   isnan(float __x)\n      |   ^~~~~\n/home/spi085/R/x86_64-pc-linux-gnu-library/4.4/RcppEigen/include/Eigen/src/Core/MathFunctions.h:1370:46: note:   \u2018Eigen::numext::isnan\u2019\n 1370 | template<typename T> EIGEN_DEVICE_FUNC bool (isnan)   (const T &x) { return internal::isnan_impl(x); }\n      |                                              ^~~~~\n/home/spi085/R/x86_64-pc-linux-gnu-library/4.4/RcppEigen/include/Eigen/src/Core/arch/Default/Half.h:632:45: note:   \u2018Eigen::half_impl::isnan\u2019\n  632 | EIGEN_STRONG_INLINE EIGEN_DEVICE_FUNC bool (isnan)(const half& a) {\n      |                                             ^~~~~\n/home/spi085/R/x86_64-pc-linux-gnu-library/4.4/RcppEigen/include/Eigen/src/Core/arch/Default/BFloat16.h:480:45: note:   \u2018Eigen::bfloat16_impl::isnan\u2019\n  480 | EIGEN_STRONG_INLINE EIGEN_DEVICE_FUNC bool (isnan)(const bfloat16& a) {\n      |                                             ^~~~~\n/home/spi085/R/x86_64-pc-linux-gnu-library/4.4/TMB/include/tiny_ad/beta/pbeta.hpp:31:23: note:   \u2018atomic::toms708::isnan\u2019\n   31 | template<class T> int isnan(T x) { return std::isnan(asDouble(x)); }\n      |                       ^~~~~\n/home/spi085/R/x86_64-pc-linux-gnu-library/4.4/TMB/include/tiny_ad/bessel/../gamma/gamma.hpp:31:23: note:   \u2018atomic::gamma_utils::isnan\u2019\n   31 | template<class T> int isnan(T x) { return std::isnan(asDouble(x)); }\n      |                       ^~~~~\n/home/spi085/R/x86_64-pc-linux-gnu-library/4.4/TMB/include/tiny_ad/bessel/bessel.hpp:34:23: note:   \u2018atomic::bessel_utils::isnan\u2019\n   34 | template<class T> int isnan(T x) { return std::isnan(asDouble(x)); }\n      |                       ^~~~~\nmake: *** [/usr/lib/R/etc/Makeconf:204: POPULATIONS/POPULATION_0001/INDIVIDUAL_D1IRQ46M/model.o] Error 1\nError in TMB::compile(file.path(individual_dir, model_file), flags = flags,  : \n  Compilation failed\nError: Compilation failed\nExecution halted"
    },
    "5": {
      "status": "ERROR",
      "message": "Model failed to compile.",
      "stdout": "g++ -std=gnu++17 -I\"/usr/share/R/include\" -DNDEBUG -I\"/home/spi085/R/x86_64-pc-linux-gnu-library/4.4/TMB/include\" -I\"/home/spi085/R/x86_64-pc-linux-gnu-library/4.4/RcppEigen/include\"   -DTMB_EIGEN_DISABLE_WARNINGS   -DTMB_LIB_INIT=R_init_model  -DCPPAD_FRAMEWORK      -fpic  -O2  -c POPULATIONS/POPULATION_0001/INDIVIDUAL_D1IRQ46M/model.cpp -o POPULATIONS/POPULATION_0001/INDIVIDUAL_D1IRQ46M/model.o",
      "stderr": "Loading required package: TMB\nLoading required package: jsonlite\nhere() starts at /home/spi085/Documents/_Projects/SCCP-QuantModelling\nusing C++ compiler: \u2018g++ (Ubuntu 13.3.0-6ubuntu2~24.04) 13.3.0\u2019\nPOPULATIONS/POPULATION_0001/INDIVIDUAL_D1IRQ46M/model.cpp: In instantiation of \u2018Type objective_function<Type>::operator()() [with Type = CppAD::AD<double>]\u2019:\n/home/spi085/R/x86_64-pc-linux-gnu-library/4.4/TMB/include/tmb_core.hpp:1312:6:   required from here\nPOPULATIONS/POPULATION_0001/INDIVIDUAL_D1IRQ46M/model.cpp:78:42: error: no matching function for call to \u2018isnan(Eigen::DenseCoeffsBase<Eigen::Array<CppAD::AD<double>, -1, 1, 0, -1, 1>, 1>::Scalar&)\u2019\n   78 |     if(cots_pred[t] < delta || std::isnan(cots_pred[t])) cots_pred[t] = delta;\n      |                                ~~~~~~~~~~^~~~~~~~~~~~~~\nIn file included from /home/spi085/R/x86_64-pc-linux-gnu-library/4.4/RcppEigen/include/Eigen/src/Core/util/Macros.h:679,\n                 from /home/spi085/R/x86_64-pc-linux-gnu-library/4.4/RcppEigen/include/Eigen/Core:19,\n                 from /home/spi085/R/x86_64-pc-linux-gnu-library/4.4/RcppEigen/include/Eigen/Dense:1,\n                 from /home/spi085/R/x86_64-pc-linux-gnu-library/4.4/TMB/include/TMB.hpp:92,\n                 from POPULATIONS/POPULATION_0001/INDIVIDUAL_D1IRQ46M/model.cpp:1:\n/usr/include/c++/13/cmath:1192:5: note: candidate: \u2018template<class _Tp> constexpr typename __gnu_cxx::__enable_if<std::__is_integer<_Tp>::__value, bool>::__type std::isnan(_Tp)\u2019\n 1192 |     isnan(_Tp)\n      |     ^~~~~\n/usr/include/c++/13/cmath:1192:5: note:   template argument deduction/substitution failed:\n/usr/include/c++/13/cmath: In substitution of \u2018template<class _Tp> constexpr typename __gnu_cxx::__enable_if<std::__is_integer<_Tp>::__value, bool>::__type std::isnan(_Tp) [with _Tp = CppAD::AD<double>]\u2019:\nPOPULATIONS/POPULATION_0001/INDIVIDUAL_D1IRQ46M/model.cpp:78:42:   required from \u2018Type objective_function<Type>::operator()() [with Type = CppAD::AD<double>]\u2019\n/home/spi085/R/x86_64-pc-linux-gnu-library/4.4/TMB/include/tmb_core.hpp:1312:6:   required from here\n/usr/include/c++/13/cmath:1192:5: error: no type named \u2018__type\u2019 in \u2018struct __gnu_cxx::__enable_if<false, bool>\u2019\nPOPULATIONS/POPULATION_0001/INDIVIDUAL_D1IRQ46M/model.cpp: In instantiation of \u2018Type objective_function<Type>::operator()() [with Type = CppAD::AD<double>]\u2019:\n/home/spi085/R/x86_64-pc-linux-gnu-library/4.4/TMB/include/tmb_core.hpp:1312:6:   required from here\n/usr/include/c++/13/cmath:1171:3: note: candidate: \u2018constexpr bool std::isnan(float)\u2019\n 1171 |   isnan(float __x)\n      |   ^~~~~\n/usr/include/c++/13/cmath:1171:15: note:   no known conversion for argument 1 from \u2018Eigen::DenseCoeffsBase<Eigen::Array<CppAD::AD<double>, -1, 1, 0, -1, 1>, 1>::Scalar\u2019 {aka \u2018CppAD::AD<double>\u2019} to \u2018float\u2019\n 1171 |   isnan(float __x)\n      |         ~~~~~~^~~\n/usr/include/c++/13/cmath:1179:3: note: candidate: \u2018constexpr bool std::isnan(double)\u2019\n 1179 |   isnan(double __x)\n      |   ^~~~~\n/usr/include/c++/13/cmath:1179:16: note:   no known conversion for argument 1 from \u2018Eigen::DenseCoeffsBase<Eigen::Array<CppAD::AD<double>, -1, 1, 0, -1, 1>, 1>::Scalar\u2019 {aka \u2018CppAD::AD<double>\u2019} to \u2018double\u2019\n 1179 |   isnan(double __x)\n      |         ~~~~~~~^~~\n/usr/include/c++/13/cmath:1184:3: note: candidate: \u2018constexpr bool std::isnan(long double)\u2019\n 1184 |   isnan(long double __x)\n      |   ^~~~~\n/usr/include/c++/13/cmath:1184:21: note:   no known conversion for argument 1 from \u2018Eigen::DenseCoeffsBase<Eigen::Array<CppAD::AD<double>, -1, 1, 0, -1, 1>, 1>::Scalar\u2019 {aka \u2018CppAD::AD<double>\u2019} to \u2018long double\u2019\n 1184 |   isnan(long double __x)\n      |         ~~~~~~~~~~~~^~~\nPOPULATIONS/POPULATION_0001/INDIVIDUAL_D1IRQ46M/model.cpp:79:42: error: no matching function for call to \u2018isnan(Eigen::DenseCoeffsBase<Eigen::Array<CppAD::AD<double>, -1, 1, 0, -1, 1>, 1>::Scalar&)\u2019\n   79 |     if(fast_pred[t] < delta || std::isnan(fast_pred[t])) fast_pred[t] = delta;\n      |                                ~~~~~~~~~~^~~~~~~~~~~~~~\n/usr/include/c++/13/cmath:1192:5: note: candidate: \u2018template<class _Tp> constexpr typename __gnu_cxx::__enable_if<std::__is_integer<_Tp>::__value, bool>::__type std::isnan(_Tp)\u2019\n 1192 |     isnan(_Tp)\n      |     ^~~~~\n/usr/include/c++/13/cmath:1192:5: note:   template argument deduction/substitution failed:\n/usr/include/c++/13/cmath: In substitution of \u2018template<class _Tp> constexpr typename __gnu_cxx::__enable_if<std::__is_integer<_Tp>::__value, bool>::__type std::isnan(_Tp) [with _Tp = CppAD::AD<double>]\u2019:\nPOPULATIONS/POPULATION_0001/INDIVIDUAL_D1IRQ46M/model.cpp:79:42:   required from \u2018Type objective_function<Type>::operator()() [with Type = CppAD::AD<double>]\u2019\n/home/spi085/R/x86_64-pc-linux-gnu-library/4.4/TMB/include/tmb_core.hpp:1312:6:   required from here\n/usr/include/c++/13/cmath:1192:5: error: no type named \u2018__type\u2019 in \u2018struct __gnu_cxx::__enable_if<false, bool>\u2019\nPOPULATIONS/POPULATION_0001/INDIVIDUAL_D1IRQ46M/model.cpp: In instantiation of \u2018Type objective_function<Type>::operator()() [with Type = CppAD::AD<double>]\u2019:\n/home/spi085/R/x86_64-pc-linux-gnu-library/4.4/TMB/include/tmb_core.hpp:1312:6:   required from here\n/usr/include/c++/13/cmath:1171:3: note: candidate: \u2018constexpr bool std::isnan(float)\u2019\n 1171 |   isnan(float __x)\n      |   ^~~~~\n/usr/include/c++/13/cmath:1171:15: note:   no known conversion for argument 1 from \u2018Eigen::DenseCoeffsBase<Eigen::Array<CppAD::AD<double>, -1, 1, 0, -1, 1>, 1>::Scalar\u2019 {aka \u2018CppAD::AD<double>\u2019} to \u2018float\u2019\n 1171 |   isnan(float __x)\n      |         ~~~~~~^~~\n/usr/include/c++/13/cmath:1179:3: note: candidate: \u2018constexpr bool std::isnan(double)\u2019\n 1179 |   isnan(double __x)\n      |   ^~~~~\n/usr/include/c++/13/cmath:1179:16: note:   no known conversion for argument 1 from \u2018Eigen::DenseCoeffsBase<Eigen::Array<CppAD::AD<double>, -1, 1, 0, -1, 1>, 1>::Scalar\u2019 {aka \u2018CppAD::AD<double>\u2019} to \u2018double\u2019\n 1179 |   isnan(double __x)\n      |         ~~~~~~~^~~\n/usr/include/c++/13/cmath:1184:3: note: candidate: \u2018constexpr bool std::isnan(long double)\u2019\n 1184 |   isnan(long double __x)\n      |   ^~~~~\n/usr/include/c++/13/cmath:1184:21: note:   no known conversion for argument 1 from \u2018Eigen::DenseCoeffsBase<Eigen::Array<CppAD::AD<double>, -1, 1, 0, -1, 1>, 1>::Scalar\u2019 {aka \u2018CppAD::AD<double>\u2019} to \u2018long double\u2019\n 1184 |   isnan(long double __x)\n      |         ~~~~~~~~~~~~^~~\nPOPULATIONS/POPULATION_0001/INDIVIDUAL_D1IRQ46M/model.cpp:80:42: error: no matching function for call to \u2018isnan(Eigen::DenseCoeffsBase<Eigen::Array<CppAD::AD<double>, -1, 1, 0, -1, 1>, 1>::Scalar&)\u2019\n   80 |     if(slow_pred[t] < delta || std::isnan(slow_pred[t])) slow_pred[t] = delta;\n      |                                ~~~~~~~~~~^~~~~~~~~~~~~~\n/usr/include/c++/13/cmath:1192:5: note: candidate: \u2018template<class _Tp> constexpr typename __gnu_cxx::__enable_if<std::__is_integer<_Tp>::__value, bool>::__type std::isnan(_Tp)\u2019\n 1192 |     isnan(_Tp)\n      |     ^~~~~\n/usr/include/c++/13/cmath:1192:5: note:   template argument deduction/substitution failed:\n/usr/include/c++/13/cmath: In substitution of \u2018template<class _Tp> constexpr typename __gnu_cxx::__enable_if<std::__is_integer<_Tp>::__value, bool>::__type std::isnan(_Tp) [with _Tp = CppAD::AD<double>]\u2019:\nPOPULATIONS/POPULATION_0001/INDIVIDUAL_D1IRQ46M/model.cpp:80:42:   required from \u2018Type objective_function<Type>::operator()() [with Type = CppAD::AD<double>]\u2019\n/home/spi085/R/x86_64-pc-linux-gnu-library/4.4/TMB/include/tmb_core.hpp:1312:6:   required from here\n/usr/include/c++/13/cmath:1192:5: error: no type named \u2018__type\u2019 in \u2018struct __gnu_cxx::__enable_if<false, bool>\u2019\nPOPULATIONS/POPULATION_0001/INDIVIDUAL_D1IRQ46M/model.cpp: In instantiation of \u2018Type objective_function<Type>::operator()() [with Type = CppAD::AD<double>]\u2019:\n/home/spi085/R/x86_64-pc-linux-gnu-library/4.4/TMB/include/tmb_core.hpp:1312:6:   required from here\n/usr/include/c++/13/cmath:1171:3: note: candidate: \u2018constexpr bool std::isnan(float)\u2019\n 1171 |   isnan(float __x)\n      |   ^~~~~\n/usr/include/c++/13/cmath:1171:15: note:   no known conversion for argument 1 from \u2018Eigen::DenseCoeffsBase<Eigen::Array<CppAD::AD<double>, -1, 1, 0, -1, 1>, 1>::Scalar\u2019 {aka \u2018CppAD::AD<double>\u2019} to \u2018float\u2019\n 1171 |   isnan(float __x)\n      |         ~~~~~~^~~\n/usr/include/c++/13/cmath:1179:3: note: candidate: \u2018constexpr bool std::isnan(double)\u2019\n 1179 |   isnan(double __x)\n      |   ^~~~~\n/usr/include/c++/13/cmath:1179:16: note:   no known conversion for argument 1 from \u2018Eigen::DenseCoeffsBase<Eigen::Array<CppAD::AD<double>, -1, 1, 0, -1, 1>, 1>::Scalar\u2019 {aka \u2018CppAD::AD<double>\u2019} to \u2018double\u2019\n 1179 |   isnan(double __x)\n      |         ~~~~~~~^~~\n/usr/include/c++/13/cmath:1184:3: note: candidate: \u2018constexpr bool std::isnan(long double)\u2019\n 1184 |   isnan(long double __x)\n      |   ^~~~~\n/usr/include/c++/13/cmath:1184:21: note:   no known conversion for argument 1 from \u2018Eigen::DenseCoeffsBase<Eigen::Array<CppAD::AD<double>, -1, 1, 0, -1, 1>, 1>::Scalar\u2019 {aka \u2018CppAD::AD<double>\u2019} to \u2018long double\u2019\n 1184 |   isnan(long double __x)\n      |         ~~~~~~~~~~~~^~~\nPOPULATIONS/POPULATION_0001/INDIVIDUAL_D1IRQ46M/model.cpp: In instantiation of \u2018Type objective_function<Type>::operator()() [with Type = CppAD::AD<CppAD::AD<double> >]\u2019:\n/home/spi085/R/x86_64-pc-linux-gnu-library/4.4/TMB/include/tmb_core.hpp:917:29:   required from \u2018Type objective_function<Type>::evalUserTemplate() [with Type = CppAD::AD<CppAD::AD<double> >]\u2019\n/home/spi085/R/x86_64-pc-linux-gnu-library/4.4/TMB/include/tmb_core.hpp:2116:26:   required from here\nPOPULATIONS/POPULATION_0001/INDIVIDUAL_D1IRQ46M/model.cpp:78:42: error: no matching function for call to \u2018isnan(Eigen::DenseCoeffsBase<Eigen::Array<CppAD::AD<CppAD::AD<double> >, -1, 1, 0, -1, 1>, 1>::Scalar&)\u2019\n   78 |     if(cots_pred[t] < delta || std::isnan(cots_pred[t])) cots_pred[t] = delta;\n      |                                ~~~~~~~~~~^~~~~~~~~~~~~~\n/usr/include/c++/13/cmath:1192:5: note: candidate: \u2018template<class _Tp> constexpr typename __gnu_cxx::__enable_if<std::__is_integer<_Tp>::__value, bool>::__type std::isnan(_Tp)\u2019\n 1192 |     isnan(_Tp)\n      |     ^~~~~\n/usr/include/c++/13/cmath:1192:5: note:   template argument deduction/substitution failed:\n/usr/include/c++/13/cmath: In substitution of \u2018template<class _Tp> constexpr typename __gnu_cxx::__enable_if<std::__is_integer<_Tp>::__value, bool>::__type std::isnan(_Tp) [with _Tp = CppAD::AD<CppAD::AD<double> >]\u2019:\nPOPULATIONS/POPULATION_0001/INDIVIDUAL_D1IRQ46M/model.cpp:78:42:   required from \u2018Type objective_function<Type>::operator()() [with Type = CppAD::AD<CppAD::AD<double> >]\u2019\n/home/spi085/R/x86_64-pc-linux-gnu-library/4.4/TMB/include/tmb_core.hpp:917:29:   required from \u2018Type objective_function<Type>::evalUserTemplate() [with Type = CppAD::AD<CppAD::AD<double> >]\u2019\n/home/spi085/R/x86_64-pc-linux-gnu-library/4.4/TMB/include/tmb_core.hpp:2116:26:   required from here\n/usr/include/c++/13/cmath:1192:5: error: no type named \u2018__type\u2019 in \u2018struct __gnu_cxx::__enable_if<false, bool>\u2019\nPOPULATIONS/POPULATION_0001/INDIVIDUAL_D1IRQ46M/model.cpp: In instantiation of \u2018Type objective_function<Type>::operator()() [with Type = CppAD::AD<CppAD::AD<double> >]\u2019:\n/home/spi085/R/x86_64-pc-linux-gnu-library/4.4/TMB/include/tmb_core.hpp:917:29:   required from \u2018Type objective_function<Type>::evalUserTemplate() [with Type = CppAD::AD<CppAD::AD<double> >]\u2019\n/home/spi085/R/x86_64-pc-linux-gnu-library/4.4/TMB/include/tmb_core.hpp:2116:26:   required from here\n/usr/include/c++/13/cmath:1171:3: note: candidate: \u2018constexpr bool std::isnan(float)\u2019\n 1171 |   isnan(float __x)\n      |   ^~~~~\n/usr/include/c++/13/cmath:1171:15: note:   no known conversion for argument 1 from \u2018Eigen::DenseCoeffsBase<Eigen::Array<CppAD::AD<CppAD::AD<double> >, -1, 1, 0, -1, 1>, 1>::Scalar\u2019 {aka \u2018CppAD::AD<CppAD::AD<double> >\u2019} to \u2018float\u2019\n 1171 |   isnan(float __x)\n      |         ~~~~~~^~~\n/usr/include/c++/13/cmath:1179:3: note: candidate: \u2018constexpr bool std::isnan(double)\u2019\n 1179 |   isnan(double __x)\n      |   ^~~~~\n/usr/include/c++/13/cmath:1179:16: note:   no known conversion for argument 1 from \u2018Eigen::DenseCoeffsBase<Eigen::Array<CppAD::AD<CppAD::AD<double> >, -1, 1, 0, -1, 1>, 1>::Scalar\u2019 {aka \u2018CppAD::AD<CppAD::AD<double> >\u2019} to \u2018double\u2019\n 1179 |   isnan(double __x)\n      |         ~~~~~~~^~~\n/usr/include/c++/13/cmath:1184:3: note: candidate: \u2018constexpr bool std::isnan(long double)\u2019\n 1184 |   isnan(long double __x)\n      |   ^~~~~\n/usr/include/c++/13/cmath:1184:21: note:   no known conversion for argument 1 from \u2018Eigen::DenseCoeffsBase<Eigen::Array<CppAD::AD<CppAD::AD<double> >, -1, 1, 0, -1, 1>, 1>::Scalar\u2019 {aka \u2018CppAD::AD<CppAD::AD<double> >\u2019} to \u2018long double\u2019\n 1184 |   isnan(long double __x)\n      |         ~~~~~~~~~~~~^~~\nPOPULATIONS/POPULATION_0001/INDIVIDUAL_D1IRQ46M/model.cpp:79:42: error: no matching function for call to \u2018isnan(Eigen::DenseCoeffsBase<Eigen::Array<CppAD::AD<CppAD::AD<double> >, -1, 1, 0, -1, 1>, 1>::Scalar&)\u2019\n   79 |     if(fast_pred[t] < delta || std::isnan(fast_pred[t])) fast_pred[t] = delta;\n      |                                ~~~~~~~~~~^~~~~~~~~~~~~~\n/usr/include/c++/13/cmath:1192:5: note: candidate: \u2018template<class _Tp> constexpr typename __gnu_cxx::__enable_if<std::__is_integer<_Tp>::__value, bool>::__type std::isnan(_Tp)\u2019\n 1192 |     isnan(_Tp)\n      |     ^~~~~\n/usr/include/c++/13/cmath:1192:5: note:   template argument deduction/substitution failed:\n/usr/include/c++/13/cmath: In substitution of \u2018template<class _Tp> constexpr typename __gnu_cxx::__enable_if<std::__is_integer<_Tp>::__value, bool>::__type std::isnan(_Tp) [with _Tp = CppAD::AD<CppAD::AD<double> >]\u2019:\nPOPULATIONS/POPULATION_0001/INDIVIDUAL_D1IRQ46M/model.cpp:79:42:   required from \u2018Type objective_function<Type>::operator()() [with Type = CppAD::AD<CppAD::AD<double> >]\u2019\n/home/spi085/R/x86_64-pc-linux-gnu-library/4.4/TMB/include/tmb_core.hpp:917:29:   required from \u2018Type objective_function<Type>::evalUserTemplate() [with Type = CppAD::AD<CppAD::AD<double> >]\u2019\n/home/spi085/R/x86_64-pc-linux-gnu-library/4.4/TMB/include/tmb_core.hpp:2116:26:   required from here\n/usr/include/c++/13/cmath:1192:5: error: no type named \u2018__type\u2019 in \u2018struct __gnu_cxx::__enable_if<false, bool>\u2019\nPOPULATIONS/POPULATION_0001/INDIVIDUAL_D1IRQ46M/model.cpp: In instantiation of \u2018Type objective_function<Type>::operator()() [with Type = CppAD::AD<CppAD::AD<double> >]\u2019:\n/home/spi085/R/x86_64-pc-linux-gnu-library/4.4/TMB/include/tmb_core.hpp:917:29:   required from \u2018Type objective_function<Type>::evalUserTemplate() [with Type = CppAD::AD<CppAD::AD<double> >]\u2019\n/home/spi085/R/x86_64-pc-linux-gnu-library/4.4/TMB/include/tmb_core.hpp:2116:26:   required from here\n/usr/include/c++/13/cmath:1171:3: note: candidate: \u2018constexpr bool std::isnan(float)\u2019\n 1171 |   isnan(float __x)\n      |   ^~~~~\n/usr/include/c++/13/cmath:1171:15: note:   no known conversion for argument 1 from \u2018Eigen::DenseCoeffsBase<Eigen::Array<CppAD::AD<CppAD::AD<double> >, -1, 1, 0, -1, 1>, 1>::Scalar\u2019 {aka \u2018CppAD::AD<CppAD::AD<double> >\u2019} to \u2018float\u2019\n 1171 |   isnan(float __x)\n      |         ~~~~~~^~~\n/usr/include/c++/13/cmath:1179:3: note: candidate: \u2018constexpr bool std::isnan(double)\u2019\n 1179 |   isnan(double __x)\n      |   ^~~~~\n/usr/include/c++/13/cmath:1179:16: note:   no known conversion for argument 1 from \u2018Eigen::DenseCoeffsBase<Eigen::Array<CppAD::AD<CppAD::AD<double> >, -1, 1, 0, -1, 1>, 1>::Scalar\u2019 {aka \u2018CppAD::AD<CppAD::AD<double> >\u2019} to \u2018double\u2019\n 1179 |   isnan(double __x)\n      |         ~~~~~~~^~~\n/usr/include/c++/13/cmath:1184:3: note: candidate: \u2018constexpr bool std::isnan(long double)\u2019\n 1184 |   isnan(long double __x)\n      |   ^~~~~\n/usr/include/c++/13/cmath:1184:21: note:   no known conversion for argument 1 from \u2018Eigen::DenseCoeffsBase<Eigen::Array<CppAD::AD<CppAD::AD<double> >, -1, 1, 0, -1, 1>, 1>::Scalar\u2019 {aka \u2018CppAD::AD<CppAD::AD<double> >\u2019} to \u2018long double\u2019\n 1184 |   isnan(long double __x)\n      |         ~~~~~~~~~~~~^~~\nPOPULATIONS/POPULATION_0001/INDIVIDUAL_D1IRQ46M/model.cpp:80:42: error: no matching function for call to \u2018isnan(Eigen::DenseCoeffsBase<Eigen::Array<CppAD::AD<CppAD::AD<double> >, -1, 1, 0, -1, 1>, 1>::Scalar&)\u2019\n   80 |     if(slow_pred[t] < delta || std::isnan(slow_pred[t])) slow_pred[t] = delta;\n      |                                ~~~~~~~~~~^~~~~~~~~~~~~~\n/usr/include/c++/13/cmath:1192:5: note: candidate: \u2018template<class _Tp> constexpr typename __gnu_cxx::__enable_if<std::__is_integer<_Tp>::__value, bool>::__type std::isnan(_Tp)\u2019\n 1192 |     isnan(_Tp)\n      |     ^~~~~\n/usr/include/c++/13/cmath:1192:5: note:   template argument deduction/substitution failed:\n/usr/include/c++/13/cmath: In substitution of \u2018template<class _Tp> constexpr typename __gnu_cxx::__enable_if<std::__is_integer<_Tp>::__value, bool>::__type std::isnan(_Tp) [with _Tp = CppAD::AD<CppAD::AD<double> >]\u2019:\nPOPULATIONS/POPULATION_0001/INDIVIDUAL_D1IRQ46M/model.cpp:80:42:   required from \u2018Type objective_function<Type>::operator()() [with Type = CppAD::AD<CppAD::AD<double> >]\u2019\n/home/spi085/R/x86_64-pc-linux-gnu-library/4.4/TMB/include/tmb_core.hpp:917:29:   required from \u2018Type objective_function<Type>::evalUserTemplate() [with Type = CppAD::AD<CppAD::AD<double> >]\u2019\n/home/spi085/R/x86_64-pc-linux-gnu-library/4.4/TMB/include/tmb_core.hpp:2116:26:   required from here\n/usr/include/c++/13/cmath:1192:5: error: no type named \u2018__type\u2019 in \u2018struct __gnu_cxx::__enable_if<false, bool>\u2019\nPOPULATIONS/POPULATION_0001/INDIVIDUAL_D1IRQ46M/model.cpp: In instantiation of \u2018Type objective_function<Type>::operator()() [with Type = CppAD::AD<CppAD::AD<double> >]\u2019:\n/home/spi085/R/x86_64-pc-linux-gnu-library/4.4/TMB/include/tmb_core.hpp:917:29:   required from \u2018Type objective_function<Type>::evalUserTemplate() [with Type = CppAD::AD<CppAD::AD<double> >]\u2019\n/home/spi085/R/x86_64-pc-linux-gnu-library/4.4/TMB/include/tmb_core.hpp:2116:26:   required from here\n/usr/include/c++/13/cmath:1171:3: note: candidate: \u2018constexpr bool std::isnan(float)\u2019\n 1171 |   isnan(float __x)\n      |   ^~~~~\n/usr/include/c++/13/cmath:1171:15: note:   no known conversion for argument 1 from \u2018Eigen::DenseCoeffsBase<Eigen::Array<CppAD::AD<CppAD::AD<double> >, -1, 1, 0, -1, 1>, 1>::Scalar\u2019 {aka \u2018CppAD::AD<CppAD::AD<double> >\u2019} to \u2018float\u2019\n 1171 |   isnan(float __x)\n      |         ~~~~~~^~~\n/usr/include/c++/13/cmath:1179:3: note: candidate: \u2018constexpr bool std::isnan(double)\u2019\n 1179 |   isnan(double __x)\n      |   ^~~~~\n/usr/include/c++/13/cmath:1179:16: note:   no known conversion for argument 1 from \u2018Eigen::DenseCoeffsBase<Eigen::Array<CppAD::AD<CppAD::AD<double> >, -1, 1, 0, -1, 1>, 1>::Scalar\u2019 {aka \u2018CppAD::AD<CppAD::AD<double> >\u2019} to \u2018double\u2019\n 1179 |   isnan(double __x)\n      |         ~~~~~~~^~~\n/usr/include/c++/13/cmath:1184:3: note: candidate: \u2018constexpr bool std::isnan(long double)\u2019\n 1184 |   isnan(long double __x)\n      |   ^~~~~\n/usr/include/c++/13/cmath:1184:21: note:   no known conversion for argument 1 from \u2018Eigen::DenseCoeffsBase<Eigen::Array<CppAD::AD<CppAD::AD<double> >, -1, 1, 0, -1, 1>, 1>::Scalar\u2019 {aka \u2018CppAD::AD<CppAD::AD<double> >\u2019} to \u2018long double\u2019\n 1184 |   isnan(long double __x)\n      |         ~~~~~~~~~~~~^~~\nPOPULATIONS/POPULATION_0001/INDIVIDUAL_D1IRQ46M/model.cpp: In instantiation of \u2018Type objective_function<Type>::operator()() [with Type = CppAD::AD<CppAD::AD<CppAD::AD<double> > >]\u2019:\n/home/spi085/R/x86_64-pc-linux-gnu-library/4.4/TMB/include/tmb_core.hpp:917:29:   required from \u2018Type objective_function<Type>::evalUserTemplate() [with Type = CppAD::AD<CppAD::AD<CppAD::AD<double> > >]\u2019\n/home/spi085/R/x86_64-pc-linux-gnu-library/4.4/TMB/include/tmb_core.hpp:2365:28:   required from here\nPOPULATIONS/POPULATION_0001/INDIVIDUAL_D1IRQ46M/model.cpp:78:42: error: no matching function for call to \u2018isnan(Eigen::DenseCoeffsBase<Eigen::Array<CppAD::AD<CppAD::AD<CppAD::AD<double> > >, -1, 1, 0, -1, 1>, 1>::Scalar&)\u2019\n   78 |     if(cots_pred[t] < delta || std::isnan(cots_pred[t])) cots_pred[t] = delta;\n      |                                ~~~~~~~~~~^~~~~~~~~~~~~~\n/usr/include/c++/13/cmath:1192:5: note: candidate: \u2018template<class _Tp> constexpr typename __gnu_cxx::__enable_if<std::__is_integer<_Tp>::__value, bool>::__type std::isnan(_Tp)\u2019\n 1192 |     isnan(_Tp)\n      |     ^~~~~\n/usr/include/c++/13/cmath:1192:5: note:   template argument deduction/substitution failed:\n/usr/include/c++/13/cmath: In substitution of \u2018template<class _Tp> constexpr typename __gnu_cxx::__enable_if<std::__is_integer<_Tp>::__value, bool>::__type std::isnan(_Tp) [with _Tp = CppAD::AD<CppAD::AD<CppAD::AD<double> > >]\u2019:\nPOPULATIONS/POPULATION_0001/INDIVIDUAL_D1IRQ46M/model.cpp:78:42:   required from \u2018Type objective_function<Type>::operator()() [with Type = CppAD::AD<CppAD::AD<CppAD::AD<double> > >]\u2019\n/home/spi085/R/x86_64-pc-linux-gnu-library/4.4/TMB/include/tmb_core.hpp:917:29:   required from \u2018Type objective_function<Type>::evalUserTemplate() [with Type = CppAD::AD<CppAD::AD<CppAD::AD<double> > >]\u2019\n/home/spi085/R/x86_64-pc-linux-gnu-library/4.4/TMB/include/tmb_core.hpp:2365:28:   required from here\n/usr/include/c++/13/cmath:1192:5: error: no type named \u2018__type\u2019 in \u2018struct __gnu_cxx::__enable_if<false, bool>\u2019\nPOPULATIONS/POPULATION_0001/INDIVIDUAL_D1IRQ46M/model.cpp: In instantiation of \u2018Type objective_function<Type>::operator()() [with Type = CppAD::AD<CppAD::AD<CppAD::AD<double> > >]\u2019:\n/home/spi085/R/x86_64-pc-linux-gnu-library/4.4/TMB/include/tmb_core.hpp:917:29:   required from \u2018Type objective_function<Type>::evalUserTemplate() [with Type = CppAD::AD<CppAD::AD<CppAD::AD<double> > >]\u2019\n/home/spi085/R/x86_64-pc-linux-gnu-library/4.4/TMB/include/tmb_core.hpp:2365:28:   required from here\n/usr/include/c++/13/cmath:1171:3: note: candidate: \u2018constexpr bool std::isnan(float)\u2019\n 1171 |   isnan(float __x)\n      |   ^~~~~\n/usr/include/c++/13/cmath:1171:15: note:   no known conversion for argument 1 from \u2018Eigen::DenseCoeffsBase<Eigen::Array<CppAD::AD<CppAD::AD<CppAD::AD<double> > >, -1, 1, 0, -1, 1>, 1>::Scalar\u2019 {aka \u2018CppAD::AD<CppAD::AD<CppAD::AD<double> > >\u2019} to \u2018float\u2019\n 1171 |   isnan(float __x)\n      |         ~~~~~~^~~\n/usr/include/c++/13/cmath:1179:3: note: candidate: \u2018constexpr bool std::isnan(double)\u2019\n 1179 |   isnan(double __x)\n      |   ^~~~~\n/usr/include/c++/13/cmath:1179:16: note:   no known conversion for argument 1 from \u2018Eigen::DenseCoeffsBase<Eigen::Array<CppAD::AD<CppAD::AD<CppAD::AD<double> > >, -1, 1, 0, -1, 1>, 1>::Scalar\u2019 {aka \u2018CppAD::AD<CppAD::AD<CppAD::AD<double> > >\u2019} to \u2018double\u2019\n 1179 |   isnan(double __x)\n      |         ~~~~~~~^~~\n/usr/include/c++/13/cmath:1184:3: note: candidate: \u2018constexpr bool std::isnan(long double)\u2019\n 1184 |   isnan(long double __x)\n      |   ^~~~~\n/usr/include/c++/13/cmath:1184:21: note:   no known conversion for argument 1 from \u2018Eigen::DenseCoeffsBase<Eigen::Array<CppAD::AD<CppAD::AD<CppAD::AD<double> > >, -1, 1, 0, -1, 1>, 1>::Scalar\u2019 {aka \u2018CppAD::AD<CppAD::AD<CppAD::AD<double> > >\u2019} to \u2018long double\u2019\n 1184 |   isnan(long double __x)\n      |         ~~~~~~~~~~~~^~~\nPOPULATIONS/POPULATION_0001/INDIVIDUAL_D1IRQ46M/model.cpp:79:42: error: no matching function for call to \u2018isnan(Eigen::DenseCoeffsBase<Eigen::Array<CppAD::AD<CppAD::AD<CppAD::AD<double> > >, -1, 1, 0, -1, 1>, 1>::Scalar&)\u2019\n   79 |     if(fast_pred[t] < delta || std::isnan(fast_pred[t])) fast_pred[t] = delta;\n      |                                ~~~~~~~~~~^~~~~~~~~~~~~~\n/usr/include/c++/13/cmath:1192:5: note: candidate: \u2018template<class _Tp> constexpr typename __gnu_cxx::__enable_if<std::__is_integer<_Tp>::__value, bool>::__type std::isnan(_Tp)\u2019\n 1192 |     isnan(_Tp)\n      |     ^~~~~\n/usr/include/c++/13/cmath:1192:5: note:   template argument deduction/substitution failed:\n/usr/include/c++/13/cmath: In substitution of \u2018template<class _Tp> constexpr typename __gnu_cxx::__enable_if<std::__is_integer<_Tp>::__value, bool>::__type std::isnan(_Tp) [with _Tp = CppAD::AD<CppAD::AD<CppAD::AD<double> > >]\u2019:\nPOPULATIONS/POPULATION_0001/INDIVIDUAL_D1IRQ46M/model.cpp:79:42:   required from \u2018Type objective_function<Type>::operator()() [with Type = CppAD::AD<CppAD::AD<CppAD::AD<double> > >]\u2019\n/home/spi085/R/x86_64-pc-linux-gnu-library/4.4/TMB/include/tmb_core.hpp:917:29:   required from \u2018Type objective_function<Type>::evalUserTemplate() [with Type = CppAD::AD<CppAD::AD<CppAD::AD<double> > >]\u2019\n/home/spi085/R/x86_64-pc-linux-gnu-library/4.4/TMB/include/tmb_core.hpp:2365:28:   required from here\n/usr/include/c++/13/cmath:1192:5: error: no type named \u2018__type\u2019 in \u2018struct __gnu_cxx::__enable_if<false, bool>\u2019\nPOPULATIONS/POPULATION_0001/INDIVIDUAL_D1IRQ46M/model.cpp: In instantiation of \u2018Type objective_function<Type>::operator()() [with Type = CppAD::AD<CppAD::AD<CppAD::AD<double> > >]\u2019:\n/home/spi085/R/x86_64-pc-linux-gnu-library/4.4/TMB/include/tmb_core.hpp:917:29:   required from \u2018Type objective_function<Type>::evalUserTemplate() [with Type = CppAD::AD<CppAD::AD<CppAD::AD<double> > >]\u2019\n/home/spi085/R/x86_64-pc-linux-gnu-library/4.4/TMB/include/tmb_core.hpp:2365:28:   required from here\n/usr/include/c++/13/cmath:1171:3: note: candidate: \u2018constexpr bool std::isnan(float)\u2019\n 1171 |   isnan(float __x)\n      |   ^~~~~\n/usr/include/c++/13/cmath:1171:15: note:   no known conversion for argument 1 from \u2018Eigen::DenseCoeffsBase<Eigen::Array<CppAD::AD<CppAD::AD<CppAD::AD<double> > >, -1, 1, 0, -1, 1>, 1>::Scalar\u2019 {aka \u2018CppAD::AD<CppAD::AD<CppAD::AD<double> > >\u2019} to \u2018float\u2019\n 1171 |   isnan(float __x)\n      |         ~~~~~~^~~\n/usr/include/c++/13/cmath:1179:3: note: candidate: \u2018constexpr bool std::isnan(double)\u2019\n 1179 |   isnan(double __x)\n      |   ^~~~~\n/usr/include/c++/13/cmath:1179:16: note:   no known conversion for argument 1 from \u2018Eigen::DenseCoeffsBase<Eigen::Array<CppAD::AD<CppAD::AD<CppAD::AD<double> > >, -1, 1, 0, -1, 1>, 1>::Scalar\u2019 {aka \u2018CppAD::AD<CppAD::AD<CppAD::AD<double> > >\u2019} to \u2018double\u2019\n 1179 |   isnan(double __x)\n      |         ~~~~~~~^~~\n/usr/include/c++/13/cmath:1184:3: note: candidate: \u2018constexpr bool std::isnan(long double)\u2019\n 1184 |   isnan(long double __x)\n      |   ^~~~~\n/usr/include/c++/13/cmath:1184:21: note:   no known conversion for argument 1 from \u2018Eigen::DenseCoeffsBase<Eigen::Array<CppAD::AD<CppAD::AD<CppAD::AD<double> > >, -1, 1, 0, -1, 1>, 1>::Scalar\u2019 {aka \u2018CppAD::AD<CppAD::AD<CppAD::AD<double> > >\u2019} to \u2018long double\u2019\n 1184 |   isnan(long double __x)\n      |         ~~~~~~~~~~~~^~~\nPOPULATIONS/POPULATION_0001/INDIVIDUAL_D1IRQ46M/model.cpp:80:42: error: no matching function for call to \u2018isnan(Eigen::DenseCoeffsBase<Eigen::Array<CppAD::AD<CppAD::AD<CppAD::AD<double> > >, -1, 1, 0, -1, 1>, 1>::Scalar&)\u2019\n   80 |     if(slow_pred[t] < delta || std::isnan(slow_pred[t])) slow_pred[t] = delta;\n      |                                ~~~~~~~~~~^~~~~~~~~~~~~~\n/usr/include/c++/13/cmath:1192:5: note: candidate: \u2018template<class _Tp> constexpr typename __gnu_cxx::__enable_if<std::__is_integer<_Tp>::__value, bool>::__type std::isnan(_Tp)\u2019\n 1192 |     isnan(_Tp)\n      |     ^~~~~\n/usr/include/c++/13/cmath:1192:5: note:   template argument deduction/substitution failed:\n/usr/include/c++/13/cmath: In substitution of \u2018template<class _Tp> constexpr typename __gnu_cxx::__enable_if<std::__is_integer<_Tp>::__value, bool>::__type std::isnan(_Tp) [with _Tp = CppAD::AD<CppAD::AD<CppAD::AD<double> > >]\u2019:\nPOPULATIONS/POPULATION_0001/INDIVIDUAL_D1IRQ46M/model.cpp:80:42:   required from \u2018Type objective_function<Type>::operator()() [with Type = CppAD::AD<CppAD::AD<CppAD::AD<double> > >]\u2019\n/home/spi085/R/x86_64-pc-linux-gnu-library/4.4/TMB/include/tmb_core.hpp:917:29:   required from \u2018Type objective_function<Type>::evalUserTemplate() [with Type = CppAD::AD<CppAD::AD<CppAD::AD<double> > >]\u2019\n/home/spi085/R/x86_64-pc-linux-gnu-library/4.4/TMB/include/tmb_core.hpp:2365:28:   required from here\n/usr/include/c++/13/cmath:1192:5: error: no type named \u2018__type\u2019 in \u2018struct __gnu_cxx::__enable_if<false, bool>\u2019\nPOPULATIONS/POPULATION_0001/INDIVIDUAL_D1IRQ46M/model.cpp: In instantiation of \u2018Type objective_function<Type>::operator()() [with Type = CppAD::AD<CppAD::AD<CppAD::AD<double> > >]\u2019:\n/home/spi085/R/x86_64-pc-linux-gnu-library/4.4/TMB/include/tmb_core.hpp:917:29:   required from \u2018Type objective_function<Type>::evalUserTemplate() [with Type = CppAD::AD<CppAD::AD<CppAD::AD<double> > >]\u2019\n/home/spi085/R/x86_64-pc-linux-gnu-library/4.4/TMB/include/tmb_core.hpp:2365:28:   required from here\n/usr/include/c++/13/cmath:1171:3: note: candidate: \u2018constexpr bool std::isnan(float)\u2019\n 1171 |   isnan(float __x)\n      |   ^~~~~\n/usr/include/c++/13/cmath:1171:15: note:   no known conversion for argument 1 from \u2018Eigen::DenseCoeffsBase<Eigen::Array<CppAD::AD<CppAD::AD<CppAD::AD<double> > >, -1, 1, 0, -1, 1>, 1>::Scalar\u2019 {aka \u2018CppAD::AD<CppAD::AD<CppAD::AD<double> > >\u2019} to \u2018float\u2019\n 1171 |   isnan(float __x)\n      |         ~~~~~~^~~\n/usr/include/c++/13/cmath:1179:3: note: candidate: \u2018constexpr bool std::isnan(double)\u2019\n 1179 |   isnan(double __x)\n      |   ^~~~~\n/usr/include/c++/13/cmath:1179:16: note:   no known conversion for argument 1 from \u2018Eigen::DenseCoeffsBase<Eigen::Array<CppAD::AD<CppAD::AD<CppAD::AD<double> > >, -1, 1, 0, -1, 1>, 1>::Scalar\u2019 {aka \u2018CppAD::AD<CppAD::AD<CppAD::AD<double> > >\u2019} to \u2018double\u2019\n 1179 |   isnan(double __x)\n      |         ~~~~~~~^~~\n/usr/include/c++/13/cmath:1184:3: note: candidate: \u2018constexpr bool std::isnan(long double)\u2019\n 1184 |   isnan(long double __x)\n      |   ^~~~~\n/usr/include/c++/13/cmath:1184:21: note:   no known conversion for argument 1 from \u2018Eigen::DenseCoeffsBase<Eigen::Array<CppAD::AD<CppAD::AD<CppAD::AD<double> > >, -1, 1, 0, -1, 1>, 1>::Scalar\u2019 {aka \u2018CppAD::AD<CppAD::AD<CppAD::AD<double> > >\u2019} to \u2018long double\u2019\n 1184 |   isnan(long double __x)\n      |         ~~~~~~~~~~~~^~~\nmake: *** [/usr/lib/R/etc/Makeconf:204: POPULATIONS/POPULATION_0001/INDIVIDUAL_D1IRQ46M/model.o] Error 1\nError in TMB::compile(file.path(individual_dir, model_file), flags = flags,  : \n  Compilation failed\nError: Compilation failed\nExecution halted"
    },
    "6": {
      "status": "ERROR",
      "message": "Model failed to compile.",
      "stdout": "g++ -std=gnu++17 -I\"/usr/share/R/include\" -DNDEBUG -I\"/home/spi085/R/x86_64-pc-linux-gnu-library/4.4/TMB/include\" -I\"/home/spi085/R/x86_64-pc-linux-gnu-library/4.4/RcppEigen/include\"   -DTMB_EIGEN_DISABLE_WARNINGS   -DTMB_LIB_INIT=R_init_model  -DCPPAD_FRAMEWORK      -fpic  -O2  -c POPULATIONS/POPULATION_0001/INDIVIDUAL_D1IRQ46M/model.cpp -o POPULATIONS/POPULATION_0001/INDIVIDUAL_D1IRQ46M/model.o",
      "stderr": "Loading required package: TMB\nLoading required package: jsonlite\nhere() starts at /home/spi085/Documents/_Projects/SCCP-QuantModelling\nusing C++ compiler: \u2018g++ (Ubuntu 13.3.0-6ubuntu2~24.04) 13.3.0\u2019\nPOPULATIONS/POPULATION_0001/INDIVIDUAL_D1IRQ46M/model.cpp: In instantiation of \u2018Type objective_function<Type>::operator()() [with Type = double]\u2019:\n/home/spi085/R/x86_64-pc-linux-gnu-library/4.4/TMB/include/tmb_core.hpp:2035:7:   required from here\nPOPULATIONS/POPULATION_0001/INDIVIDUAL_D1IRQ46M/model.cpp:78:48: error: \u2018Value\u2019 was not declared in this scope; did you mean \u2018CppAD::Value\u2019?\n   78 |     if(cots_pred[t] < delta || std::isnan(Value(cots_pred[t]))) cots_pred[t] = delta;\n      |                                           ~~~~~^~~~~~~~~~~~~~\n      |                                           CppAD::Value\nIn file included from /home/spi085/R/x86_64-pc-linux-gnu-library/4.4/TMB/include/cppad/local/convert.hpp:45,\n                 from /home/spi085/R/x86_64-pc-linux-gnu-library/4.4/TMB/include/cppad/local/user_ad.hpp:68,\n                 from /home/spi085/R/x86_64-pc-linux-gnu-library/4.4/TMB/include/cppad/cppad.hpp:82,\n                 from /home/spi085/R/x86_64-pc-linux-gnu-library/4.4/TMB/include/TMB.hpp:125,\n                 from POPULATIONS/POPULATION_0001/INDIVIDUAL_D1IRQ46M/model.cpp:1:\n/home/spi085/R/x86_64-pc-linux-gnu-library/4.4/TMB/include/cppad/local/value.hpp:83:6: note: \u2018CppAD::Value\u2019 declared here\n   83 | Base Value(const AD<Base> &x)\n      |      ^~~~~\nPOPULATIONS/POPULATION_0001/INDIVIDUAL_D1IRQ46M/model.cpp:79:48: error: \u2018Value\u2019 was not declared in this scope; did you mean \u2018CppAD::Value\u2019?\n   79 |     if(fast_pred[t] < delta || std::isnan(Value(fast_pred[t]))) fast_pred[t] = delta;\n      |                                           ~~~~~^~~~~~~~~~~~~~\n      |                                           CppAD::Value\n/home/spi085/R/x86_64-pc-linux-gnu-library/4.4/TMB/include/cppad/local/value.hpp:83:6: note: \u2018CppAD::Value\u2019 declared here\n   83 | Base Value(const AD<Base> &x)\n      |      ^~~~~\nPOPULATIONS/POPULATION_0001/INDIVIDUAL_D1IRQ46M/model.cpp:80:48: error: \u2018Value\u2019 was not declared in this scope; did you mean \u2018CppAD::Value\u2019?\n   80 |     if(slow_pred[t] < delta || std::isnan(Value(slow_pred[t]))) slow_pred[t] = delta;\n      |                                           ~~~~~^~~~~~~~~~~~~~\n      |                                           CppAD::Value\n/home/spi085/R/x86_64-pc-linux-gnu-library/4.4/TMB/include/cppad/local/value.hpp:83:6: note: \u2018CppAD::Value\u2019 declared here\n   83 | Base Value(const AD<Base> &x)\n      |      ^~~~~\nPOPULATIONS/POPULATION_0001/INDIVIDUAL_D1IRQ46M/model.cpp: In instantiation of \u2018Type objective_function<Type>::operator()() [with Type = CppAD::AD<CppAD::AD<double> >]\u2019:\n/home/spi085/R/x86_64-pc-linux-gnu-library/4.4/TMB/include/tmb_core.hpp:917:29:   required from \u2018Type objective_function<Type>::evalUserTemplate() [with Type = CppAD::AD<CppAD::AD<double> >]\u2019\n/home/spi085/R/x86_64-pc-linux-gnu-library/4.4/TMB/include/tmb_core.hpp:2116:26:   required from here\nPOPULATIONS/POPULATION_0001/INDIVIDUAL_D1IRQ46M/model.cpp:78:42: error: no matching function for call to \u2018isnan(CppAD::AD<double>)\u2019\n   78 |     if(cots_pred[t] < delta || std::isnan(Value(cots_pred[t]))) cots_pred[t] = delta;\n      |                                ~~~~~~~~~~^~~~~~~~~~~~~~~~~~~~~\nIn file included from /home/spi085/R/x86_64-pc-linux-gnu-library/4.4/RcppEigen/include/Eigen/src/Core/util/Macros.h:679,\n                 from /home/spi085/R/x86_64-pc-linux-gnu-library/4.4/RcppEigen/include/Eigen/Core:19,\n                 from /home/spi085/R/x86_64-pc-linux-gnu-library/4.4/RcppEigen/include/Eigen/Dense:1,\n                 from /home/spi085/R/x86_64-pc-linux-gnu-library/4.4/TMB/include/TMB.hpp:92:\n/usr/include/c++/13/cmath:1192:5: note: candidate: \u2018template<class _Tp> constexpr typename __gnu_cxx::__enable_if<std::__is_integer<_Tp>::__value, bool>::__type std::isnan(_Tp)\u2019\n 1192 |     isnan(_Tp)\n      |     ^~~~~\n/usr/include/c++/13/cmath:1192:5: note:   template argument deduction/substitution failed:\n/usr/include/c++/13/cmath: In substitution of \u2018template<class _Tp> constexpr typename __gnu_cxx::__enable_if<std::__is_integer<_Tp>::__value, bool>::__type std::isnan(_Tp) [with _Tp = CppAD::AD<double>]\u2019:\nPOPULATIONS/POPULATION_0001/INDIVIDUAL_D1IRQ46M/model.cpp:78:42:   required from \u2018Type objective_function<Type>::operator()() [with Type = CppAD::AD<CppAD::AD<double> >]\u2019\n/home/spi085/R/x86_64-pc-linux-gnu-library/4.4/TMB/include/tmb_core.hpp:917:29:   required from \u2018Type objective_function<Type>::evalUserTemplate() [with Type = CppAD::AD<CppAD::AD<double> >]\u2019\n/home/spi085/R/x86_64-pc-linux-gnu-library/4.4/TMB/include/tmb_core.hpp:2116:26:   required from here\n/usr/include/c++/13/cmath:1192:5: error: no type named \u2018__type\u2019 in \u2018struct __gnu_cxx::__enable_if<false, bool>\u2019\nPOPULATIONS/POPULATION_0001/INDIVIDUAL_D1IRQ46M/model.cpp: In instantiation of \u2018Type objective_function<Type>::operator()() [with Type = CppAD::AD<CppAD::AD<double> >]\u2019:\n/home/spi085/R/x86_64-pc-linux-gnu-library/4.4/TMB/include/tmb_core.hpp:917:29:   required from \u2018Type objective_function<Type>::evalUserTemplate() [with Type = CppAD::AD<CppAD::AD<double> >]\u2019\n/home/spi085/R/x86_64-pc-linux-gnu-library/4.4/TMB/include/tmb_core.hpp:2116:26:   required from here\n/usr/include/c++/13/cmath:1171:3: note: candidate: \u2018constexpr bool std::isnan(float)\u2019\n 1171 |   isnan(float __x)\n      |   ^~~~~\n/usr/include/c++/13/cmath:1171:15: note:   no known conversion for argument 1 from \u2018CppAD::AD<double>\u2019 to \u2018float\u2019\n 1171 |   isnan(float __x)\n      |         ~~~~~~^~~\n/usr/include/c++/13/cmath:1179:3: note: candidate: \u2018constexpr bool std::isnan(double)\u2019\n 1179 |   isnan(double __x)\n      |   ^~~~~\n/usr/include/c++/13/cmath:1179:16: note:   no known conversion for argument 1 from \u2018CppAD::AD<double>\u2019 to \u2018double\u2019\n 1179 |   isnan(double __x)\n      |         ~~~~~~~^~~\n/usr/include/c++/13/cmath:1184:3: note: candidate: \u2018constexpr bool std::isnan(long double)\u2019\n 1184 |   isnan(long double __x)\n      |   ^~~~~\n/usr/include/c++/13/cmath:1184:21: note:   no known conversion for argument 1 from \u2018CppAD::AD<double>\u2019 to \u2018long double\u2019\n 1184 |   isnan(long double __x)\n      |         ~~~~~~~~~~~~^~~\nPOPULATIONS/POPULATION_0001/INDIVIDUAL_D1IRQ46M/model.cpp:79:42: error: no matching function for call to \u2018isnan(CppAD::AD<double>)\u2019\n   79 |     if(fast_pred[t] < delta || std::isnan(Value(fast_pred[t]))) fast_pred[t] = delta;\n      |                                ~~~~~~~~~~^~~~~~~~~~~~~~~~~~~~~\n/usr/include/c++/13/cmath:1192:5: note: candidate: \u2018template<class _Tp> constexpr typename __gnu_cxx::__enable_if<std::__is_integer<_Tp>::__value, bool>::__type std::isnan(_Tp)\u2019\n 1192 |     isnan(_Tp)\n      |     ^~~~~\n/usr/include/c++/13/cmath:1192:5: note:   template argument deduction/substitution failed:\n/usr/include/c++/13/cmath: In substitution of \u2018template<class _Tp> constexpr typename __gnu_cxx::__enable_if<std::__is_integer<_Tp>::__value, bool>::__type std::isnan(_Tp) [with _Tp = CppAD::AD<double>]\u2019:\nPOPULATIONS/POPULATION_0001/INDIVIDUAL_D1IRQ46M/model.cpp:79:42:   required from \u2018Type objective_function<Type>::operator()() [with Type = CppAD::AD<CppAD::AD<double> >]\u2019\n/home/spi085/R/x86_64-pc-linux-gnu-library/4.4/TMB/include/tmb_core.hpp:917:29:   required from \u2018Type objective_function<Type>::evalUserTemplate() [with Type = CppAD::AD<CppAD::AD<double> >]\u2019\n/home/spi085/R/x86_64-pc-linux-gnu-library/4.4/TMB/include/tmb_core.hpp:2116:26:   required from here\n/usr/include/c++/13/cmath:1192:5: error: no type named \u2018__type\u2019 in \u2018struct __gnu_cxx::__enable_if<false, bool>\u2019\nPOPULATIONS/POPULATION_0001/INDIVIDUAL_D1IRQ46M/model.cpp: In instantiation of \u2018Type objective_function<Type>::operator()() [with Type = CppAD::AD<CppAD::AD<double> >]\u2019:\n/home/spi085/R/x86_64-pc-linux-gnu-library/4.4/TMB/include/tmb_core.hpp:917:29:   required from \u2018Type objective_function<Type>::evalUserTemplate() [with Type = CppAD::AD<CppAD::AD<double> >]\u2019\n/home/spi085/R/x86_64-pc-linux-gnu-library/4.4/TMB/include/tmb_core.hpp:2116:26:   required from here\n/usr/include/c++/13/cmath:1171:3: note: candidate: \u2018constexpr bool std::isnan(float)\u2019\n 1171 |   isnan(float __x)\n      |   ^~~~~\n/usr/include/c++/13/cmath:1171:15: note:   no known conversion for argument 1 from \u2018CppAD::AD<double>\u2019 to \u2018float\u2019\n 1171 |   isnan(float __x)\n      |         ~~~~~~^~~\n/usr/include/c++/13/cmath:1179:3: note: candidate: \u2018constexpr bool std::isnan(double)\u2019\n 1179 |   isnan(double __x)\n      |   ^~~~~\n/usr/include/c++/13/cmath:1179:16: note:   no known conversion for argument 1 from \u2018CppAD::AD<double>\u2019 to \u2018double\u2019\n 1179 |   isnan(double __x)\n      |         ~~~~~~~^~~\n/usr/include/c++/13/cmath:1184:3: note: candidate: \u2018constexpr bool std::isnan(long double)\u2019\n 1184 |   isnan(long double __x)\n      |   ^~~~~\n/usr/include/c++/13/cmath:1184:21: note:   no known conversion for argument 1 from \u2018CppAD::AD<double>\u2019 to \u2018long double\u2019\n 1184 |   isnan(long double __x)\n      |         ~~~~~~~~~~~~^~~\nPOPULATIONS/POPULATION_0001/INDIVIDUAL_D1IRQ46M/model.cpp:80:42: error: no matching function for call to \u2018isnan(CppAD::AD<double>)\u2019\n   80 |     if(slow_pred[t] < delta || std::isnan(Value(slow_pred[t]))) slow_pred[t] = delta;\n      |                                ~~~~~~~~~~^~~~~~~~~~~~~~~~~~~~~\n/usr/include/c++/13/cmath:1192:5: note: candidate: \u2018template<class _Tp> constexpr typename __gnu_cxx::__enable_if<std::__is_integer<_Tp>::__value, bool>::__type std::isnan(_Tp)\u2019\n 1192 |     isnan(_Tp)\n      |     ^~~~~\n/usr/include/c++/13/cmath:1192:5: note:   template argument deduction/substitution failed:\n/usr/include/c++/13/cmath: In substitution of \u2018template<class _Tp> constexpr typename __gnu_cxx::__enable_if<std::__is_integer<_Tp>::__value, bool>::__type std::isnan(_Tp) [with _Tp = CppAD::AD<double>]\u2019:\nPOPULATIONS/POPULATION_0001/INDIVIDUAL_D1IRQ46M/model.cpp:80:42:   required from \u2018Type objective_function<Type>::operator()() [with Type = CppAD::AD<CppAD::AD<double> >]\u2019\n/home/spi085/R/x86_64-pc-linux-gnu-library/4.4/TMB/include/tmb_core.hpp:917:29:   required from \u2018Type objective_function<Type>::evalUserTemplate() [with Type = CppAD::AD<CppAD::AD<double> >]\u2019\n/home/spi085/R/x86_64-pc-linux-gnu-library/4.4/TMB/include/tmb_core.hpp:2116:26:   required from here\n/usr/include/c++/13/cmath:1192:5: error: no type named \u2018__type\u2019 in \u2018struct __gnu_cxx::__enable_if<false, bool>\u2019\nPOPULATIONS/POPULATION_0001/INDIVIDUAL_D1IRQ46M/model.cpp: In instantiation of \u2018Type objective_function<Type>::operator()() [with Type = CppAD::AD<CppAD::AD<double> >]\u2019:\n/home/spi085/R/x86_64-pc-linux-gnu-library/4.4/TMB/include/tmb_core.hpp:917:29:   required from \u2018Type objective_function<Type>::evalUserTemplate() [with Type = CppAD::AD<CppAD::AD<double> >]\u2019\n/home/spi085/R/x86_64-pc-linux-gnu-library/4.4/TMB/include/tmb_core.hpp:2116:26:   required from here\n/usr/include/c++/13/cmath:1171:3: note: candidate: \u2018constexpr bool std::isnan(float)\u2019\n 1171 |   isnan(float __x)\n      |   ^~~~~\n/usr/include/c++/13/cmath:1171:15: note:   no known conversion for argument 1 from \u2018CppAD::AD<double>\u2019 to \u2018float\u2019\n 1171 |   isnan(float __x)\n      |         ~~~~~~^~~\n/usr/include/c++/13/cmath:1179:3: note: candidate: \u2018constexpr bool std::isnan(double)\u2019\n 1179 |   isnan(double __x)\n      |   ^~~~~\n/usr/include/c++/13/cmath:1179:16: note:   no known conversion for argument 1 from \u2018CppAD::AD<double>\u2019 to \u2018double\u2019\n 1179 |   isnan(double __x)\n      |         ~~~~~~~^~~\n/usr/include/c++/13/cmath:1184:3: note: candidate: \u2018constexpr bool std::isnan(long double)\u2019\n 1184 |   isnan(long double __x)\n      |   ^~~~~\n/usr/include/c++/13/cmath:1184:21: note:   no known conversion for argument 1 from \u2018CppAD::AD<double>\u2019 to \u2018long double\u2019\n 1184 |   isnan(long double __x)\n      |         ~~~~~~~~~~~~^~~\nPOPULATIONS/POPULATION_0001/INDIVIDUAL_D1IRQ46M/model.cpp: In instantiation of \u2018Type objective_function<Type>::operator()() [with Type = CppAD::AD<CppAD::AD<CppAD::AD<double> > >]\u2019:\n/home/spi085/R/x86_64-pc-linux-gnu-library/4.4/TMB/include/tmb_core.hpp:917:29:   required from \u2018Type objective_function<Type>::evalUserTemplate() [with Type = CppAD::AD<CppAD::AD<CppAD::AD<double> > >]\u2019\n/home/spi085/R/x86_64-pc-linux-gnu-library/4.4/TMB/include/tmb_core.hpp:2365:28:   required from here\nPOPULATIONS/POPULATION_0001/INDIVIDUAL_D1IRQ46M/model.cpp:78:42: error: no matching function for call to \u2018isnan(CppAD::AD<CppAD::AD<double> >)\u2019\n   78 |     if(cots_pred[t] < delta || std::isnan(Value(cots_pred[t]))) cots_pred[t] = delta;\n      |                                ~~~~~~~~~~^~~~~~~~~~~~~~~~~~~~~\n/usr/include/c++/13/cmath:1192:5: note: candidate: \u2018template<class _Tp> constexpr typename __gnu_cxx::__enable_if<std::__is_integer<_Tp>::__value, bool>::__type std::isnan(_Tp)\u2019\n 1192 |     isnan(_Tp)\n      |     ^~~~~\n/usr/include/c++/13/cmath:1192:5: note:   template argument deduction/substitution failed:\n/usr/include/c++/13/cmath: In substitution of \u2018template<class _Tp> constexpr typename __gnu_cxx::__enable_if<std::__is_integer<_Tp>::__value, bool>::__type std::isnan(_Tp) [with _Tp = CppAD::AD<CppAD::AD<double> >]\u2019:\nPOPULATIONS/POPULATION_0001/INDIVIDUAL_D1IRQ46M/model.cpp:78:42:   required from \u2018Type objective_function<Type>::operator()() [with Type = CppAD::AD<CppAD::AD<CppAD::AD<double> > >]\u2019\n/home/spi085/R/x86_64-pc-linux-gnu-library/4.4/TMB/include/tmb_core.hpp:917:29:   required from \u2018Type objective_function<Type>::evalUserTemplate() [with Type = CppAD::AD<CppAD::AD<CppAD::AD<double> > >]\u2019\n/home/spi085/R/x86_64-pc-linux-gnu-library/4.4/TMB/include/tmb_core.hpp:2365:28:   required from here\n/usr/include/c++/13/cmath:1192:5: error: no type named \u2018__type\u2019 in \u2018struct __gnu_cxx::__enable_if<false, bool>\u2019\nPOPULATIONS/POPULATION_0001/INDIVIDUAL_D1IRQ46M/model.cpp: In instantiation of \u2018Type objective_function<Type>::operator()() [with Type = CppAD::AD<CppAD::AD<CppAD::AD<double> > >]\u2019:\n/home/spi085/R/x86_64-pc-linux-gnu-library/4.4/TMB/include/tmb_core.hpp:917:29:   required from \u2018Type objective_function<Type>::evalUserTemplate() [with Type = CppAD::AD<CppAD::AD<CppAD::AD<double> > >]\u2019\n/home/spi085/R/x86_64-pc-linux-gnu-library/4.4/TMB/include/tmb_core.hpp:2365:28:   required from here\n/usr/include/c++/13/cmath:1171:3: note: candidate: \u2018constexpr bool std::isnan(float)\u2019\n 1171 |   isnan(float __x)\n      |   ^~~~~\n/usr/include/c++/13/cmath:1171:15: note:   no known conversion for argument 1 from \u2018CppAD::AD<CppAD::AD<double> >\u2019 to \u2018float\u2019\n 1171 |   isnan(float __x)\n      |         ~~~~~~^~~\n/usr/include/c++/13/cmath:1179:3: note: candidate: \u2018constexpr bool std::isnan(double)\u2019\n 1179 |   isnan(double __x)\n      |   ^~~~~\n/usr/include/c++/13/cmath:1179:16: note:   no known conversion for argument 1 from \u2018CppAD::AD<CppAD::AD<double> >\u2019 to \u2018double\u2019\n 1179 |   isnan(double __x)\n      |         ~~~~~~~^~~\n/usr/include/c++/13/cmath:1184:3: note: candidate: \u2018constexpr bool std::isnan(long double)\u2019\n 1184 |   isnan(long double __x)\n      |   ^~~~~\n/usr/include/c++/13/cmath:1184:21: note:   no known conversion for argument 1 from \u2018CppAD::AD<CppAD::AD<double> >\u2019 to \u2018long double\u2019\n 1184 |   isnan(long double __x)\n      |         ~~~~~~~~~~~~^~~\nPOPULATIONS/POPULATION_0001/INDIVIDUAL_D1IRQ46M/model.cpp:79:42: error: no matching function for call to \u2018isnan(CppAD::AD<CppAD::AD<double> >)\u2019\n   79 |     if(fast_pred[t] < delta || std::isnan(Value(fast_pred[t]))) fast_pred[t] = delta;\n      |                                ~~~~~~~~~~^~~~~~~~~~~~~~~~~~~~~\n/usr/include/c++/13/cmath:1192:5: note: candidate: \u2018template<class _Tp> constexpr typename __gnu_cxx::__enable_if<std::__is_integer<_Tp>::__value, bool>::__type std::isnan(_Tp)\u2019\n 1192 |     isnan(_Tp)\n      |     ^~~~~\n/usr/include/c++/13/cmath:1192:5: note:   template argument deduction/substitution failed:\n/usr/include/c++/13/cmath: In substitution of \u2018template<class _Tp> constexpr typename __gnu_cxx::__enable_if<std::__is_integer<_Tp>::__value, bool>::__type std::isnan(_Tp) [with _Tp = CppAD::AD<CppAD::AD<double> >]\u2019:\nPOPULATIONS/POPULATION_0001/INDIVIDUAL_D1IRQ46M/model.cpp:79:42:   required from \u2018Type objective_function<Type>::operator()() [with Type = CppAD::AD<CppAD::AD<CppAD::AD<double> > >]\u2019\n/home/spi085/R/x86_64-pc-linux-gnu-library/4.4/TMB/include/tmb_core.hpp:917:29:   required from \u2018Type objective_function<Type>::evalUserTemplate() [with Type = CppAD::AD<CppAD::AD<CppAD::AD<double> > >]\u2019\n/home/spi085/R/x86_64-pc-linux-gnu-library/4.4/TMB/include/tmb_core.hpp:2365:28:   required from here\n/usr/include/c++/13/cmath:1192:5: error: no type named \u2018__type\u2019 in \u2018struct __gnu_cxx::__enable_if<false, bool>\u2019\nPOPULATIONS/POPULATION_0001/INDIVIDUAL_D1IRQ46M/model.cpp: In instantiation of \u2018Type objective_function<Type>::operator()() [with Type = CppAD::AD<CppAD::AD<CppAD::AD<double> > >]\u2019:\n/home/spi085/R/x86_64-pc-linux-gnu-library/4.4/TMB/include/tmb_core.hpp:917:29:   required from \u2018Type objective_function<Type>::evalUserTemplate() [with Type = CppAD::AD<CppAD::AD<CppAD::AD<double> > >]\u2019\n/home/spi085/R/x86_64-pc-linux-gnu-library/4.4/TMB/include/tmb_core.hpp:2365:28:   required from here\n/usr/include/c++/13/cmath:1171:3: note: candidate: \u2018constexpr bool std::isnan(float)\u2019\n 1171 |   isnan(float __x)\n      |   ^~~~~\n/usr/include/c++/13/cmath:1171:15: note:   no known conversion for argument 1 from \u2018CppAD::AD<CppAD::AD<double> >\u2019 to \u2018float\u2019\n 1171 |   isnan(float __x)\n      |         ~~~~~~^~~\n/usr/include/c++/13/cmath:1179:3: note: candidate: \u2018constexpr bool std::isnan(double)\u2019\n 1179 |   isnan(double __x)\n      |   ^~~~~\n/usr/include/c++/13/cmath:1179:16: note:   no known conversion for argument 1 from \u2018CppAD::AD<CppAD::AD<double> >\u2019 to \u2018double\u2019\n 1179 |   isnan(double __x)\n      |         ~~~~~~~^~~\n/usr/include/c++/13/cmath:1184:3: note: candidate: \u2018constexpr bool std::isnan(long double)\u2019\n 1184 |   isnan(long double __x)\n      |   ^~~~~\n/usr/include/c++/13/cmath:1184:21: note:   no known conversion for argument 1 from \u2018CppAD::AD<CppAD::AD<double> >\u2019 to \u2018long double\u2019\n 1184 |   isnan(long double __x)\n      |         ~~~~~~~~~~~~^~~\nPOPULATIONS/POPULATION_0001/INDIVIDUAL_D1IRQ46M/model.cpp:80:42: error: no matching function for call to \u2018isnan(CppAD::AD<CppAD::AD<double> >)\u2019\n   80 |     if(slow_pred[t] < delta || std::isnan(Value(slow_pred[t]))) slow_pred[t] = delta;\n      |                                ~~~~~~~~~~^~~~~~~~~~~~~~~~~~~~~\n/usr/include/c++/13/cmath:1192:5: note: candidate: \u2018template<class _Tp> constexpr typename __gnu_cxx::__enable_if<std::__is_integer<_Tp>::__value, bool>::__type std::isnan(_Tp)\u2019\n 1192 |     isnan(_Tp)\n      |     ^~~~~\n/usr/include/c++/13/cmath:1192:5: note:   template argument deduction/substitution failed:\n/usr/include/c++/13/cmath: In substitution of \u2018template<class _Tp> constexpr typename __gnu_cxx::__enable_if<std::__is_integer<_Tp>::__value, bool>::__type std::isnan(_Tp) [with _Tp = CppAD::AD<CppAD::AD<double> >]\u2019:\nPOPULATIONS/POPULATION_0001/INDIVIDUAL_D1IRQ46M/model.cpp:80:42:   required from \u2018Type objective_function<Type>::operator()() [with Type = CppAD::AD<CppAD::AD<CppAD::AD<double> > >]\u2019\n/home/spi085/R/x86_64-pc-linux-gnu-library/4.4/TMB/include/tmb_core.hpp:917:29:   required from \u2018Type objective_function<Type>::evalUserTemplate() [with Type = CppAD::AD<CppAD::AD<CppAD::AD<double> > >]\u2019\n/home/spi085/R/x86_64-pc-linux-gnu-library/4.4/TMB/include/tmb_core.hpp:2365:28:   required from here\n/usr/include/c++/13/cmath:1192:5: error: no type named \u2018__type\u2019 in \u2018struct __gnu_cxx::__enable_if<false, bool>\u2019\nPOPULATIONS/POPULATION_0001/INDIVIDUAL_D1IRQ46M/model.cpp: In instantiation of \u2018Type objective_function<Type>::operator()() [with Type = CppAD::AD<CppAD::AD<CppAD::AD<double> > >]\u2019:\n/home/spi085/R/x86_64-pc-linux-gnu-library/4.4/TMB/include/tmb_core.hpp:917:29:   required from \u2018Type objective_function<Type>::evalUserTemplate() [with Type = CppAD::AD<CppAD::AD<CppAD::AD<double> > >]\u2019\n/home/spi085/R/x86_64-pc-linux-gnu-library/4.4/TMB/include/tmb_core.hpp:2365:28:   required from here\n/usr/include/c++/13/cmath:1171:3: note: candidate: \u2018constexpr bool std::isnan(float)\u2019\n 1171 |   isnan(float __x)\n      |   ^~~~~\n/usr/include/c++/13/cmath:1171:15: note:   no known conversion for argument 1 from \u2018CppAD::AD<CppAD::AD<double> >\u2019 to \u2018float\u2019\n 1171 |   isnan(float __x)\n      |         ~~~~~~^~~\n/usr/include/c++/13/cmath:1179:3: note: candidate: \u2018constexpr bool std::isnan(double)\u2019\n 1179 |   isnan(double __x)\n      |   ^~~~~\n/usr/include/c++/13/cmath:1179:16: note:   no known conversion for argument 1 from \u2018CppAD::AD<CppAD::AD<double> >\u2019 to \u2018double\u2019\n 1179 |   isnan(double __x)\n      |         ~~~~~~~^~~\n/usr/include/c++/13/cmath:1184:3: note: candidate: \u2018constexpr bool std::isnan(long double)\u2019\n 1184 |   isnan(long double __x)\n      |   ^~~~~\n/usr/include/c++/13/cmath:1184:21: note:   no known conversion for argument 1 from \u2018CppAD::AD<CppAD::AD<double> >\u2019 to \u2018long double\u2019\n 1184 |   isnan(long double __x)\n      |         ~~~~~~~~~~~~^~~\nmake: *** [/usr/lib/R/etc/Makeconf:204: POPULATIONS/POPULATION_0001/INDIVIDUAL_D1IRQ46M/model.o] Error 1\nError in TMB::compile(file.path(individual_dir, model_file), flags = flags,  : \n  Compilation failed\nError: Compilation failed\nExecution halted"
    },
    "7": {
      "status": "BROKEN"
    }
  }
}