{
  "iterations": {
    "1": {
      "status": "ERROR",
      "message": "Model failed to compile.",
      "stdout": "g++ -std=gnu++17  -I\"C:/Users/spi085/AppData/Local/Programs/R/R-4.4.1/include\" -DNDEBUG -I\"C:/Users/spi085/AppData/Local/Programs/R/R-44~1.1/library/TMB/include\" -I\"C:/Users/spi085/AppData/Local/Programs/R/R-44~1.1/library/RCPPEI~1/include\"   -DTMB_EIGEN_DISABLE_WARNINGS   -DTMB_LIB_INIT=R_init_model  -DCPPAD_FRAMEWORK    -I\"C:/rtools44/x86_64-w64-mingw32.static.posix/include\"     -O2 -Wa,-mbig-obj -c POPULATIONS//POPULATION_0012//INDIVIDUAL_DOK9R9YA/model.cpp -o POPULATIONS//POPULATION_0012//INDIVIDUAL_DOK9R9YA/model.o",
      "stderr": "Loading required package: TMB\nLoading required package: jsonlite\nhere() starts at C:/Users/spi085/OneDrive - CSIRO/Documents/_Projects/SCCP-QuantModelling\nusing C++ compiler: 'G__~1.EXE (GCC) 13.2.0'\nPOPULATIONS//POPULATION_0012//INDIVIDUAL_DOK9R9YA/model.cpp: In member function 'Type objective_function<Type>::operator()()':\nPOPULATIONS//POPULATION_0012//INDIVIDUAL_DOK9R9YA/model.cpp:53:31: error: 'beta_food' was not declared in this scope\n   53 |     Type food_effect = (1.0 + beta_food * (fast_pred(t-1) + slow_pred(t-1))/K_coral);\n      |                               ^~~~~~~~~\nmake: *** [C:/Users/spi085/AppData/Local/Programs/R/R-4.4.1/etc/x64/Makeconf:296: POPULATIONS//POPULATION_0012//INDIVIDUAL_DOK9R9YA/model.o] Error 1\nError in TMB::compile(file.path(individual_dir, model_file), flags = flags,  : \n  Compilation failed\nError: Compilation failed\nExecution halted"
    },
    "2": {
      "status": "ERROR",
      "message": "R script failed with return code 1",
      "stdout": "g++ -std=gnu++17  -I\"C:/Users/spi085/AppData/Local/Programs/R/R-4.4.1/include\" -DNDEBUG -I\"C:/Users/spi085/AppData/Local/Programs/R/R-44~1.1/library/TMB/include\" -I\"C:/Users/spi085/AppData/Local/Programs/R/R-44~1.1/library/RCPPEI~1/include\"   -DTMB_EIGEN_DISABLE_WARNINGS   -DTMB_LIB_INIT=R_init_model  -DCPPAD_FRAMEWORK    -I\"C:/rtools44/x86_64-w64-mingw32.static.posix/include\"     -O2 -Wa,-mbig-obj -c POPULATIONS//POPULATION_0012//INDIVIDUAL_DOK9R9YA/model.cpp -o POPULATIONS//POPULATION_0012//INDIVIDUAL_DOK9R9YA/model.o\ng++ -std=gnu++17 -shared -s -static-libgcc -o POPULATIONS//POPULATION_0012//INDIVIDUAL_DOK9R9YA/model.dll tmp.def POPULATIONS//POPULATION_0012//INDIVIDUAL_DOK9R9YA/model.o -LC:/rtools44/x86_64-w64-mingw32.static.posix/lib/x64 -LC:/rtools44/x86_64-w64-mingw32.static.posix/lib -LC:/Users/spi085/AppData/Local/Programs/R/R-4.4.1/bin/x64 -lR\nStarting model phases\nNumber of phases: 3 \nPhase 1 \nInitial parameter values for phase 1 :\nr_cots a_fast a_slow r_fast r_slow \n    NA     NA     NA     NA     NA \nError in model phases: NA/NaN gradient evaluation",
      "stderr": "Loading required package: TMB\nLoading required package: jsonlite\nhere() starts at C:/Users/spi085/OneDrive - CSIRO/Documents/_Projects/SCCP-QuantModelling\nusing C++ compiler: 'G__~1.EXE (GCC) 13.2.0'\nError in value[[3L]](cond) : \n  Error in model phases: NA/NaN gradient evaluation\nCalls: tryCatch -> tryCatchList -> tryCatchOne -> <Anonymous>\nIn addition: Warning message:\nIn nlminb(model$par, model$fn, model$gr) : NA/NaN function evaluation\nExecution halted"
    },
    "3": {
      "status": "ERROR",
      "message": "R script failed with return code 1",
      "stdout": "g++ -std=gnu++17  -I\"C:/Users/spi085/AppData/Local/Programs/R/R-4.4.1/include\" -DNDEBUG -I\"C:/Users/spi085/AppData/Local/Programs/R/R-44~1.1/library/TMB/include\" -I\"C:/Users/spi085/AppData/Local/Programs/R/R-44~1.1/library/RCPPEI~1/include\"   -DTMB_EIGEN_DISABLE_WARNINGS   -DTMB_LIB_INIT=R_init_model  -DCPPAD_FRAMEWORK    -I\"C:/rtools44/x86_64-w64-mingw32.static.posix/include\"     -O2 -Wa,-mbig-obj -c POPULATIONS//POPULATION_0012//INDIVIDUAL_DOK9R9YA/model.cpp -o POPULATIONS//POPULATION_0012//INDIVIDUAL_DOK9R9YA/model.o\ng++ -std=gnu++17 -shared -s -static-libgcc -o POPULATIONS//POPULATION_0012//INDIVIDUAL_DOK9R9YA/model.dll tmp.def POPULATIONS//POPULATION_0012//INDIVIDUAL_DOK9R9YA/model.o -LC:/rtools44/x86_64-w64-mingw32.static.posix/lib/x64 -LC:/rtools44/x86_64-w64-mingw32.static.posix/lib -LC:/Users/spi085/AppData/Local/Programs/R/R-4.4.1/bin/x64 -lR",
      "stderr": "Loading required package: TMB\nLoading required package: jsonlite\nhere() starts at C:/Users/spi085/OneDrive - CSIRO/Documents/_Projects/SCCP-QuantModelling\nusing C++ compiler: 'G__~1.EXE (GCC) 13.2.0'\nC:\\rtools44\\x86_64-w64-mingw32.static.posix\\bin/ld.exe: cannot export _ZN5CppAD3powINS_2ADINS1_INS1_IdEEEEEEEET_RKS5_RKi: symbol not defined\nC:\\rtools44\\x86_64-w64-mingw32.static.posix\\bin/ld.exe: cannot export _ZN5CppAD3powINS_2ADINS1_IdEEEEEET_RKS4_RKi: symbol not defined\nC:\\rtools44\\x86_64-w64-mingw32.static.posix\\bin/ld.exe: cannot export _ZN5CppAD3powINS_2ADIdEEEET_RKS3_RKi: symbol not defined\nC:\\rtools44\\x86_64-w64-mingw32.static.posix\\bin/ld.exe: cannot export _ZN5CppAD6ADTapeINS_2ADINS1_IdEEEEE13RecordCondExpENS_9CompareOpERNS1_IS3_EERKS6_S9_S9_S9_: symbol not defined\nC:\\rtools44\\x86_64-w64-mingw32.static.posix\\bin/ld.exe: cannot export _ZN5CppAD9CondExpOpINS_2ADINS1_IdEEEEEENS1_IT_EENS_9CompareOpERKS5_S8_S8_S8_: symbol not defined\nC:\\rtools44\\x86_64-w64-mingw32.static.posix\\bin/ld.exe: cannot export _ZN5CppADgeINS_2ADIdEEEEbRKNS1_IT_EES6_: symbol not defined\nC:\\rtools44\\x86_64-w64-mingw32.static.posix\\bin/ld.exe: cannot export _ZN5CppADgtINS_2ADIdEEEEbRKNS1_IT_EES6_: symbol not defined\nC:\\rtools44\\x86_64-w64-mingw32.static.posix\\bin/ld.exe: cannot export _ZN5CppADleINS_2ADIdEEEEbRKNS1_IT_EES6_: symbol not defined\nC:\\rtools44\\x86_64-w64-mingw32.static.posix\\bin/ld.exe: cannot export _ZN5CppADltINS_2ADINS1_IdEEEEEEbRKNS1_IT_EES7_: symbol not defined\nC:\\rtools44\\x86_64-w64-mingw32.static.posix\\bin/ld.exe: cannot export _ZN5CppADltINS_2ADIdEEEEbRKNS1_IT_EES6_: symbol not defined\ncollect2.exe: error: ld returned 1 exit status\nError in inDL(x, as.logical(local), as.logical(now), ...) : \n  unable to load shared object 'C:/Users/spi085/OneDrive - CSIRO/Documents/_Projects/SCCP-QuantModelling/POPULATIONS//POPULATION_0012//INDIVIDUAL_DOK9R9YA/model.dll':\n  LoadLibrary failure:  The specified module could not be found.\nCalls: dyn.load -> inDL\nExecution halted"
    },
    "4": {
      "status": "ERROR",
      "message": "R script failed with return code 1",
      "stdout": "g++ -std=gnu++17  -I\"C:/Users/spi085/AppData/Local/Programs/R/R-4.4.1/include\" -DNDEBUG -I\"C:/Users/spi085/AppData/Local/Programs/R/R-44~1.1/library/TMB/include\" -I\"C:/Users/spi085/AppData/Local/Programs/R/R-44~1.1/library/RCPPEI~1/include\"   -DTMB_EIGEN_DISABLE_WARNINGS   -DTMB_LIB_INIT=R_init_model  -DCPPAD_FRAMEWORK    -I\"C:/rtools44/x86_64-w64-mingw32.static.posix/include\"     -O2 -Wa,-mbig-obj -c POPULATIONS//POPULATION_0012//INDIVIDUAL_DOK9R9YA/model.cpp -o POPULATIONS//POPULATION_0012//INDIVIDUAL_DOK9R9YA/model.o\ng++ -std=gnu++17 -shared -s -static-libgcc -o POPULATIONS//POPULATION_0012//INDIVIDUAL_DOK9R9YA/model.dll tmp.def POPULATIONS//POPULATION_0012//INDIVIDUAL_DOK9R9YA/model.o -LC:/rtools44/x86_64-w64-mingw32.static.posix/lib/x64 -LC:/rtools44/x86_64-w64-mingw32.static.posix/lib -LC:/Users/spi085/AppData/Local/Programs/R/R-4.4.1/bin/x64 -lR\nStarting model phases\nNumber of phases: 3 \nPhase 1 \nError in model phases: Error when reading the variable: 'log_params'. Please check data and parameters.",
      "stderr": "Loading required package: TMB\nLoading required package: jsonlite\nhere() starts at C:/Users/spi085/OneDrive - CSIRO/Documents/_Projects/SCCP-QuantModelling\nusing C++ compiler: 'G__~1.EXE (GCC) 13.2.0'\nError in value[[3L]](cond) : \n  Error in model phases: Error when reading the variable: 'log_params'. Please check data and parameters.\nCalls: tryCatch -> tryCatchList -> tryCatchOne -> <Anonymous>\nIn addition: Warning message:\nIn getParameterOrder(data, parameters, new.env(), DLL = DLL) :\n  Expected object. Got NULL.\nExecution halted"
    },
    "5": {
      "status": "ERROR",
      "message": "R script failed with return code 1",
      "stdout": "g++ -std=gnu++17  -I\"C:/Users/spi085/AppData/Local/Programs/R/R-4.4.1/include\" -DNDEBUG -I\"C:/Users/spi085/AppData/Local/Programs/R/R-44~1.1/library/TMB/include\" -I\"C:/Users/spi085/AppData/Local/Programs/R/R-44~1.1/library/RCPPEI~1/include\"   -DTMB_EIGEN_DISABLE_WARNINGS   -DTMB_LIB_INIT=R_init_model  -DCPPAD_FRAMEWORK    -I\"C:/rtools44/x86_64-w64-mingw32.static.posix/include\"     -O2 -Wa,-mbig-obj -c POPULATIONS//POPULATION_0012//INDIVIDUAL_DOK9R9YA/model.cpp -o POPULATIONS//POPULATION_0012//INDIVIDUAL_DOK9R9YA/model.o\ng++ -std=gnu++17 -shared -s -static-libgcc -o POPULATIONS//POPULATION_0012//INDIVIDUAL_DOK9R9YA/model.dll tmp.def POPULATIONS//POPULATION_0012//INDIVIDUAL_DOK9R9YA/model.o -LC:/rtools44/x86_64-w64-mingw32.static.posix/lib/x64 -LC:/rtools44/x86_64-w64-mingw32.static.posix/lib -LC:/Users/spi085/AppData/Local/Programs/R/R-4.4.1/bin/x64 -lR\nStarting model phases\nNumber of phases: 3 \nPhase 1 \nInitial parameter values for phase 1 :\nr_cots a_fast a_slow r_fast r_slow \n    NA     NA     NA     NA     NA \nError in model phases: NA/NaN gradient evaluation",
      "stderr": "Loading required package: TMB\nLoading required package: jsonlite\nhere() starts at C:/Users/spi085/OneDrive - CSIRO/Documents/_Projects/SCCP-QuantModelling\nusing C++ compiler: 'G__~1.EXE (GCC) 13.2.0'\nError in value[[3L]](cond) : \n  Error in model phases: NA/NaN gradient evaluation\nCalls: tryCatch -> tryCatchList -> tryCatchOne -> <Anonymous>\nIn addition: Warning message:\nIn nlminb(model$par, model$fn, model$gr) : NA/NaN function evaluation\nExecution halted"
    },
    "6": {
      "status": "ERROR",
      "message": "R script failed with return code 1",
      "stdout": "g++ -std=gnu++17  -I\"C:/Users/spi085/AppData/Local/Programs/R/R-4.4.1/include\" -DNDEBUG -I\"C:/Users/spi085/AppData/Local/Programs/R/R-44~1.1/library/TMB/include\" -I\"C:/Users/spi085/AppData/Local/Programs/R/R-44~1.1/library/RCPPEI~1/include\"   -DTMB_EIGEN_DISABLE_WARNINGS   -DTMB_LIB_INIT=R_init_model  -DCPPAD_FRAMEWORK    -I\"C:/rtools44/x86_64-w64-mingw32.static.posix/include\"     -O2 -Wa,-mbig-obj -c POPULATIONS//POPULATION_0012//INDIVIDUAL_DOK9R9YA/model.cpp -o POPULATIONS//POPULATION_0012//INDIVIDUAL_DOK9R9YA/model.o\ng++ -std=gnu++17 -shared -s -static-libgcc -o POPULATIONS//POPULATION_0012//INDIVIDUAL_DOK9R9YA/model.dll tmp.def POPULATIONS//POPULATION_0012//INDIVIDUAL_DOK9R9YA/model.o -LC:/rtools44/x86_64-w64-mingw32.static.posix/lib/x64 -LC:/rtools44/x86_64-w64-mingw32.static.posix/lib -LC:/Users/spi085/AppData/Local/Programs/R/R-4.4.1/bin/x64 -lR\nStarting model phases\nNumber of phases: 3 \nPhase 1 \nInitial parameter values for phase 1 :\nr_cots a_fast a_slow r_fast r_slow \n    NA     NA     NA     NA     NA \nError in model phases: NA/NaN gradient evaluation",
      "stderr": "Loading required package: TMB\nLoading required package: jsonlite\nhere() starts at C:/Users/spi085/OneDrive - CSIRO/Documents/_Projects/SCCP-QuantModelling\nusing C++ compiler: 'G__~1.EXE (GCC) 13.2.0'\nError in value[[3L]](cond) : \n  Error in model phases: NA/NaN gradient evaluation\nCalls: tryCatch -> tryCatchList -> tryCatchOne -> <Anonymous>\nIn addition: Warning message:\nIn nlminb(model$par, model$fn, model$gr) : NA/NaN function evaluation\nExecution halted"
    },
    "7": {
      "status": "BROKEN"
    }
  }
}