{
  "iterations": {
    "1": {
      "status": "ERROR",
      "message": "Model failed to compile.",
      "stdout": "g++ -std=gnu++17 -I\"/usr/share/R/include\" -DNDEBUG -I\"/home/spi085/R/x86_64-pc-linux-gnu-library/4.4/TMB/include\" -I\"/home/spi085/R/x86_64-pc-linux-gnu-library/4.4/RcppEigen/include\"   -DTMB_EIGEN_DISABLE_WARNINGS   -DTMB_LIB_INIT=R_init_model  -DCPPAD_FRAMEWORK      -fpic  -O2  -c POPULATIONS/POPULATION_0007/INDIVIDUAL_5048429Q/model.cpp -o POPULATIONS/POPULATION_0007/INDIVIDUAL_5048429Q/model.o",
      "stderr": "Loading required package: TMB\nLoading required package: jsonlite\nhere() starts at /home/spi085/Documents/_Projects/SCCP-QuantModelling\nusing C++ compiler: \u2018g++ (Ubuntu 13.3.0-6ubuntu2~24.04) 13.3.0\u2019\nPOPULATIONS/POPULATION_0007/INDIVIDUAL_5048429Q/model.cpp: In instantiation of \u2018Type objective_function<Type>::operator()() [with Type = CppAD::AD<double>]\u2019:\n/home/spi085/R/x86_64-pc-linux-gnu-library/4.4/TMB/include/tmb_core.hpp:1312:6:   required from here\nPOPULATIONS/POPULATION_0007/INDIVIDUAL_5048429Q/model.cpp:92:24: error: no matching function for call to \u2018max(CppAD::AD<double>, CppAD::AD<double>&)\u2019\n   92 |   Type sigma_cots = max(exp(log_sigma_cots), sigma_min);\n      |                     ~~~^~~~~~~~~~~~~~~~~~~~~~~~~~~~~~~~\nIn file included from /home/spi085/R/x86_64-pc-linux-gnu-library/4.4/TMB/include/TMB.hpp:231,\n                 from POPULATIONS/POPULATION_0007/INDIVIDUAL_5048429Q/model.cpp:1:\n/home/spi085/R/x86_64-pc-linux-gnu-library/4.4/TMB/include/convenience.hpp:145:6: note: candidate: \u2018template<class Type> Type max(const tmbutils::vector<Type>&)\u2019\n  145 | Type max(const vector<Type> &x)\n      |      ^~~\n/home/spi085/R/x86_64-pc-linux-gnu-library/4.4/TMB/include/convenience.hpp:145:6: note:   template argument deduction/substitution failed:\nPOPULATIONS/POPULATION_0007/INDIVIDUAL_5048429Q/model.cpp:92:24: note:   \u2018CppAD::AD<double>\u2019 is not derived from \u2018const tmbutils::vector<Type>\u2019\n   92 |   Type sigma_cots = max(exp(log_sigma_cots), sigma_min);\n      |                     ~~~^~~~~~~~~~~~~~~~~~~~~~~~~~~~~~~~\nPOPULATIONS/POPULATION_0007/INDIVIDUAL_5048429Q/model.cpp:93:24: error: no matching function for call to \u2018max(CppAD::AD<double>, CppAD::AD<double>&)\u2019\n   93 |   Type sigma_fast = max(exp(log_sigma_fast), sigma_min);\n      |                     ~~~^~~~~~~~~~~~~~~~~~~~~~~~~~~~~~~~\n/home/spi085/R/x86_64-pc-linux-gnu-library/4.4/TMB/include/convenience.hpp:145:6: note: candidate: \u2018template<class Type> Type max(const tmbutils::vector<Type>&)\u2019\n  145 | Type max(const vector<Type> &x)\n      |      ^~~\n/home/spi085/R/x86_64-pc-linux-gnu-library/4.4/TMB/include/convenience.hpp:145:6: note:   template argument deduction/substitution failed:\nPOPULATIONS/POPULATION_0007/INDIVIDUAL_5048429Q/model.cpp:93:24: note:   \u2018CppAD::AD<double>\u2019 is not derived from \u2018const tmbutils::vector<Type>\u2019\n   93 |   Type sigma_fast = max(exp(log_sigma_fast), sigma_min);\n      |                     ~~~^~~~~~~~~~~~~~~~~~~~~~~~~~~~~~~~\nPOPULATIONS/POPULATION_0007/INDIVIDUAL_5048429Q/model.cpp:94:24: error: no matching function for call to \u2018max(CppAD::AD<double>, CppAD::AD<double>&)\u2019\n   94 |   Type sigma_slow = max(exp(log_sigma_slow), sigma_min);\n      |                     ~~~^~~~~~~~~~~~~~~~~~~~~~~~~~~~~~~~\n/home/spi085/R/x86_64-pc-linux-gnu-library/4.4/TMB/include/convenience.hpp:145:6: note: candidate: \u2018template<class Type> Type max(const tmbutils::vector<Type>&)\u2019\n  145 | Type max(const vector<Type> &x)\n      |      ^~~\n/home/spi085/R/x86_64-pc-linux-gnu-library/4.4/TMB/include/convenience.hpp:145:6: note:   template argument deduction/substitution failed:\nPOPULATIONS/POPULATION_0007/INDIVIDUAL_5048429Q/model.cpp:94:24: note:   \u2018CppAD::AD<double>\u2019 is not derived from \u2018const tmbutils::vector<Type>\u2019\n   94 |   Type sigma_slow = max(exp(log_sigma_slow), sigma_min);\n      |                     ~~~^~~~~~~~~~~~~~~~~~~~~~~~~~~~~~~~\nPOPULATIONS/POPULATION_0007/INDIVIDUAL_5048429Q/model.cpp:98:18: error: \u2018dlnorm\u2019 was not declared in this scope; did you mean \u2018dnorm\u2019?\n   98 |     nll -= dlnorm(cots_dat(t), log(cots_pred(t) + eps), sigma_cots, true); // COTS likelihood\n      |            ~~~~~~^~~~~~~~~~~~~~~~~~~~~~~~~~~~~~~~~~~~~~~~~~~~~~~~~~~~~~~~\n      |            dnorm\nPOPULATIONS/POPULATION_0007/INDIVIDUAL_5048429Q/model.cpp:99:18: error: \u2018dlnorm\u2019 was not declared in this scope, and no declarations were found by argument-dependent lookup at the point of instantiation\n   99 |     nll -= dlnorm(fast_dat(t), log(fast_pred(t) + eps), sigma_fast, true);  // fast-growing coral likelihood\n      |            ~~~~~~^~~~~~~~~~~~~~~~~~~~~~~~~~~~~~~~~~~~~~~~~~~~~~~~~~~~~~~~\nPOPULATIONS/POPULATION_0007/INDIVIDUAL_5048429Q/model.cpp:98:18: note: \u2018dlnorm\u2019 declared here, later in the translation unit\n   98 |     nll -= dlnorm(cots_dat(t), log(cots_pred(t) + eps), sigma_cots, true); // COTS likelihood\n      |            ~~~~~~^~~~~~~~~~~~~~~~~~~~~~~~~~~~~~~~~~~~~~~~~~~~~~~~~~~~~~~~\nPOPULATIONS/POPULATION_0007/INDIVIDUAL_5048429Q/model.cpp:100:18: error: \u2018dlnorm\u2019 was not declared in this scope, and no declarations were found by argument-dependent lookup at the point of instantiation\n  100 |     nll -= dlnorm(slow_dat(t), log(slow_pred(t) + eps), sigma_slow, true);  // slow-growing coral likelihood\n      |            ~~~~~~^~~~~~~~~~~~~~~~~~~~~~~~~~~~~~~~~~~~~~~~~~~~~~~~~~~~~~~~\nPOPULATIONS/POPULATION_0007/INDIVIDUAL_5048429Q/model.cpp:98:18: note: \u2018dlnorm\u2019 declared here, later in the translation unit\n   98 |     nll -= dlnorm(cots_dat(t), log(cots_pred(t) + eps), sigma_cots, true); // COTS likelihood\n      |            ~~~~~~^~~~~~~~~~~~~~~~~~~~~~~~~~~~~~~~~~~~~~~~~~~~~~~~~~~~~~~~\nPOPULATIONS/POPULATION_0007/INDIVIDUAL_5048429Q/model.cpp: In instantiation of \u2018Type objective_function<Type>::operator()() [with Type = double]\u2019:\n/home/spi085/R/x86_64-pc-linux-gnu-library/4.4/TMB/include/tmb_core.hpp:2035:7:   required from here\nPOPULATIONS/POPULATION_0007/INDIVIDUAL_5048429Q/model.cpp:92:24: error: no matching function for call to \u2018max(double, double&)\u2019\n   92 |   Type sigma_cots = max(exp(log_sigma_cots), sigma_min);\n      |                     ~~~^~~~~~~~~~~~~~~~~~~~~~~~~~~~~~~~\n/home/spi085/R/x86_64-pc-linux-gnu-library/4.4/TMB/include/convenience.hpp:145:6: note: candidate: \u2018template<class Type> Type max(const tmbutils::vector<Type>&)\u2019\n  145 | Type max(const vector<Type> &x)\n      |      ^~~\n/home/spi085/R/x86_64-pc-linux-gnu-library/4.4/TMB/include/convenience.hpp:145:6: note:   template argument deduction/substitution failed:\nPOPULATIONS/POPULATION_0007/INDIVIDUAL_5048429Q/model.cpp:92:24: note:   mismatched types \u2018const tmbutils::vector<Type>\u2019 and \u2018double\u2019\n   92 |   Type sigma_cots = max(exp(log_sigma_cots), sigma_min);\n      |                     ~~~^~~~~~~~~~~~~~~~~~~~~~~~~~~~~~~~\nPOPULATIONS/POPULATION_0007/INDIVIDUAL_5048429Q/model.cpp:93:24: error: no matching function for call to \u2018max(double, double&)\u2019\n   93 |   Type sigma_fast = max(exp(log_sigma_fast), sigma_min);\n      |                     ~~~^~~~~~~~~~~~~~~~~~~~~~~~~~~~~~~~\n/home/spi085/R/x86_64-pc-linux-gnu-library/4.4/TMB/include/convenience.hpp:145:6: note: candidate: \u2018template<class Type> Type max(const tmbutils::vector<Type>&)\u2019\n  145 | Type max(const vector<Type> &x)\n      |      ^~~\n/home/spi085/R/x86_64-pc-linux-gnu-library/4.4/TMB/include/convenience.hpp:145:6: note:   template argument deduction/substitution failed:\nPOPULATIONS/POPULATION_0007/INDIVIDUAL_5048429Q/model.cpp:93:24: note:   mismatched types \u2018const tmbutils::vector<Type>\u2019 and \u2018double\u2019\n   93 |   Type sigma_fast = max(exp(log_sigma_fast), sigma_min);\n      |                     ~~~^~~~~~~~~~~~~~~~~~~~~~~~~~~~~~~~\nPOPULATIONS/POPULATION_0007/INDIVIDUAL_5048429Q/model.cpp:94:24: error: no matching function for call to \u2018max(double, double&)\u2019\n   94 |   Type sigma_slow = max(exp(log_sigma_slow), sigma_min);\n      |                     ~~~^~~~~~~~~~~~~~~~~~~~~~~~~~~~~~~~\n/home/spi085/R/x86_64-pc-linux-gnu-library/4.4/TMB/include/convenience.hpp:145:6: note: candidate: \u2018template<class Type> Type max(const tmbutils::vector<Type>&)\u2019\n  145 | Type max(const vector<Type> &x)\n      |      ^~~\n/home/spi085/R/x86_64-pc-linux-gnu-library/4.4/TMB/include/convenience.hpp:145:6: note:   template argument deduction/substitution failed:\nPOPULATIONS/POPULATION_0007/INDIVIDUAL_5048429Q/model.cpp:94:24: note:   mismatched types \u2018const tmbutils::vector<Type>\u2019 and \u2018double\u2019\n   94 |   Type sigma_slow = max(exp(log_sigma_slow), sigma_min);\n      |                     ~~~^~~~~~~~~~~~~~~~~~~~~~~~~~~~~~~~\nPOPULATIONS/POPULATION_0007/INDIVIDUAL_5048429Q/model.cpp:98:18: error: \u2018dlnorm\u2019 was not declared in this scope; did you mean \u2018dnorm\u2019?\n   98 |     nll -= dlnorm(cots_dat(t), log(cots_pred(t) + eps), sigma_cots, true); // COTS likelihood\n      |            ~~~~~~^~~~~~~~~~~~~~~~~~~~~~~~~~~~~~~~~~~~~~~~~~~~~~~~~~~~~~~~\n      |            dnorm\nPOPULATIONS/POPULATION_0007/INDIVIDUAL_5048429Q/model.cpp:99:18: error: \u2018dlnorm\u2019 was not declared in this scope, and no declarations were found by argument-dependent lookup at the point of instantiation\n   99 |     nll -= dlnorm(fast_dat(t), log(fast_pred(t) + eps), sigma_fast, true);  // fast-growing coral likelihood\n      |            ~~~~~~^~~~~~~~~~~~~~~~~~~~~~~~~~~~~~~~~~~~~~~~~~~~~~~~~~~~~~~~\nPOPULATIONS/POPULATION_0007/INDIVIDUAL_5048429Q/model.cpp:98:18: note: \u2018dlnorm\u2019 declared here, later in the translation unit\n   98 |     nll -= dlnorm(cots_dat(t), log(cots_pred(t) + eps), sigma_cots, true); // COTS likelihood\n      |            ~~~~~~^~~~~~~~~~~~~~~~~~~~~~~~~~~~~~~~~~~~~~~~~~~~~~~~~~~~~~~~\nPOPULATIONS/POPULATION_0007/INDIVIDUAL_5048429Q/model.cpp:100:18: error: \u2018dlnorm\u2019 was not declared in this scope, and no declarations were found by argument-dependent lookup at the point of instantiation\n  100 |     nll -= dlnorm(slow_dat(t), log(slow_pred(t) + eps), sigma_slow, true);  // slow-growing coral likelihood\n      |            ~~~~~~^~~~~~~~~~~~~~~~~~~~~~~~~~~~~~~~~~~~~~~~~~~~~~~~~~~~~~~~\nPOPULATIONS/POPULATION_0007/INDIVIDUAL_5048429Q/model.cpp:98:18: note: \u2018dlnorm\u2019 declared here, later in the translation unit\n   98 |     nll -= dlnorm(cots_dat(t), log(cots_pred(t) + eps), sigma_cots, true); // COTS likelihood\n      |            ~~~~~~^~~~~~~~~~~~~~~~~~~~~~~~~~~~~~~~~~~~~~~~~~~~~~~~~~~~~~~~\nPOPULATIONS/POPULATION_0007/INDIVIDUAL_5048429Q/model.cpp: In instantiation of \u2018Type objective_function<Type>::operator()() [with Type = CppAD::AD<CppAD::AD<double> >]\u2019:\n/home/spi085/R/x86_64-pc-linux-gnu-library/4.4/TMB/include/tmb_core.hpp:917:29:   required from \u2018Type objective_function<Type>::evalUserTemplate() [with Type = CppAD::AD<CppAD::AD<double> >]\u2019\n/home/spi085/R/x86_64-pc-linux-gnu-library/4.4/TMB/include/tmb_core.hpp:2116:26:   required from here\nPOPULATIONS/POPULATION_0007/INDIVIDUAL_5048429Q/model.cpp:92:24: error: no matching function for call to \u2018max(CppAD::AD<CppAD::AD<double> >, CppAD::AD<CppAD::AD<double> >&)\u2019\n   92 |   Type sigma_cots = max(exp(log_sigma_cots), sigma_min);\n      |                     ~~~^~~~~~~~~~~~~~~~~~~~~~~~~~~~~~~~\n/home/spi085/R/x86_64-pc-linux-gnu-library/4.4/TMB/include/convenience.hpp:145:6: note: candidate: \u2018template<class Type> Type max(const tmbutils::vector<Type>&)\u2019\n  145 | Type max(const vector<Type> &x)\n      |      ^~~\n/home/spi085/R/x86_64-pc-linux-gnu-library/4.4/TMB/include/convenience.hpp:145:6: note:   template argument deduction/substitution failed:\nPOPULATIONS/POPULATION_0007/INDIVIDUAL_5048429Q/model.cpp:92:24: note:   \u2018CppAD::AD<CppAD::AD<double> >\u2019 is not derived from \u2018const tmbutils::vector<Type>\u2019\n   92 |   Type sigma_cots = max(exp(log_sigma_cots), sigma_min);\n      |                     ~~~^~~~~~~~~~~~~~~~~~~~~~~~~~~~~~~~\nPOPULATIONS/POPULATION_0007/INDIVIDUAL_5048429Q/model.cpp:93:24: error: no matching function for call to \u2018max(CppAD::AD<CppAD::AD<double> >, CppAD::AD<CppAD::AD<double> >&)\u2019\n   93 |   Type sigma_fast = max(exp(log_sigma_fast), sigma_min);\n      |                     ~~~^~~~~~~~~~~~~~~~~~~~~~~~~~~~~~~~\n/home/spi085/R/x86_64-pc-linux-gnu-library/4.4/TMB/include/convenience.hpp:145:6: note: candidate: \u2018template<class Type> Type max(const tmbutils::vector<Type>&)\u2019\n  145 | Type max(const vector<Type> &x)\n      |      ^~~\n/home/spi085/R/x86_64-pc-linux-gnu-library/4.4/TMB/include/convenience.hpp:145:6: note:   template argument deduction/substitution failed:\nPOPULATIONS/POPULATION_0007/INDIVIDUAL_5048429Q/model.cpp:93:24: note:   \u2018CppAD::AD<CppAD::AD<double> >\u2019 is not derived from \u2018const tmbutils::vector<Type>\u2019\n   93 |   Type sigma_fast = max(exp(log_sigma_fast), sigma_min);\n      |                     ~~~^~~~~~~~~~~~~~~~~~~~~~~~~~~~~~~~\nPOPULATIONS/POPULATION_0007/INDIVIDUAL_5048429Q/model.cpp:94:24: error: no matching function for call to \u2018max(CppAD::AD<CppAD::AD<double> >, CppAD::AD<CppAD::AD<double> >&)\u2019\n   94 |   Type sigma_slow = max(exp(log_sigma_slow), sigma_min);\n      |                     ~~~^~~~~~~~~~~~~~~~~~~~~~~~~~~~~~~~\n/home/spi085/R/x86_64-pc-linux-gnu-library/4.4/TMB/include/convenience.hpp:145:6: note: candidate: \u2018template<class Type> Type max(const tmbutils::vector<Type>&)\u2019\n  145 | Type max(const vector<Type> &x)\n      |      ^~~\n/home/spi085/R/x86_64-pc-linux-gnu-library/4.4/TMB/include/convenience.hpp:145:6: note:   template argument deduction/substitution failed:\nPOPULATIONS/POPULATION_0007/INDIVIDUAL_5048429Q/model.cpp:94:24: note:   \u2018CppAD::AD<CppAD::AD<double> >\u2019 is not derived from \u2018const tmbutils::vector<Type>\u2019\n   94 |   Type sigma_slow = max(exp(log_sigma_slow), sigma_min);\n      |                     ~~~^~~~~~~~~~~~~~~~~~~~~~~~~~~~~~~~\nPOPULATIONS/POPULATION_0007/INDIVIDUAL_5048429Q/model.cpp:98:18: error: \u2018dlnorm\u2019 was not declared in this scope; did you mean \u2018dnorm\u2019?\n   98 |     nll -= dlnorm(cots_dat(t), log(cots_pred(t) + eps), sigma_cots, true); // COTS likelihood\n      |            ~~~~~~^~~~~~~~~~~~~~~~~~~~~~~~~~~~~~~~~~~~~~~~~~~~~~~~~~~~~~~~\n      |            dnorm\nPOPULATIONS/POPULATION_0007/INDIVIDUAL_5048429Q/model.cpp:99:18: error: \u2018dlnorm\u2019 was not declared in this scope, and no declarations were found by argument-dependent lookup at the point of instantiation\n   99 |     nll -= dlnorm(fast_dat(t), log(fast_pred(t) + eps), sigma_fast, true);  // fast-growing coral likelihood\n      |            ~~~~~~^~~~~~~~~~~~~~~~~~~~~~~~~~~~~~~~~~~~~~~~~~~~~~~~~~~~~~~~\nPOPULATIONS/POPULATION_0007/INDIVIDUAL_5048429Q/model.cpp:98:18: note: \u2018dlnorm\u2019 declared here, later in the translation unit\n   98 |     nll -= dlnorm(cots_dat(t), log(cots_pred(t) + eps), sigma_cots, true); // COTS likelihood\n      |            ~~~~~~^~~~~~~~~~~~~~~~~~~~~~~~~~~~~~~~~~~~~~~~~~~~~~~~~~~~~~~~\nPOPULATIONS/POPULATION_0007/INDIVIDUAL_5048429Q/model.cpp:100:18: error: \u2018dlnorm\u2019 was not declared in this scope, and no declarations were found by argument-dependent lookup at the point of instantiation\n  100 |     nll -= dlnorm(slow_dat(t), log(slow_pred(t) + eps), sigma_slow, true);  // slow-growing coral likelihood\n      |            ~~~~~~^~~~~~~~~~~~~~~~~~~~~~~~~~~~~~~~~~~~~~~~~~~~~~~~~~~~~~~~\nPOPULATIONS/POPULATION_0007/INDIVIDUAL_5048429Q/model.cpp:98:18: note: \u2018dlnorm\u2019 declared here, later in the translation unit\n   98 |     nll -= dlnorm(cots_dat(t), log(cots_pred(t) + eps), sigma_cots, true); // COTS likelihood\n      |            ~~~~~~^~~~~~~~~~~~~~~~~~~~~~~~~~~~~~~~~~~~~~~~~~~~~~~~~~~~~~~~\nPOPULATIONS/POPULATION_0007/INDIVIDUAL_5048429Q/model.cpp: In instantiation of \u2018Type objective_function<Type>::operator()() [with Type = CppAD::AD<CppAD::AD<CppAD::AD<double> > >]\u2019:\n/home/spi085/R/x86_64-pc-linux-gnu-library/4.4/TMB/include/tmb_core.hpp:917:29:   required from \u2018Type objective_function<Type>::evalUserTemplate() [with Type = CppAD::AD<CppAD::AD<CppAD::AD<double> > >]\u2019\n/home/spi085/R/x86_64-pc-linux-gnu-library/4.4/TMB/include/tmb_core.hpp:2365:28:   required from here\nPOPULATIONS/POPULATION_0007/INDIVIDUAL_5048429Q/model.cpp:92:24: error: no matching function for call to \u2018max(CppAD::AD<CppAD::AD<CppAD::AD<double> > >, CppAD::AD<CppAD::AD<CppAD::AD<double> > >&)\u2019\n   92 |   Type sigma_cots = max(exp(log_sigma_cots), sigma_min);\n      |                     ~~~^~~~~~~~~~~~~~~~~~~~~~~~~~~~~~~~\n/home/spi085/R/x86_64-pc-linux-gnu-library/4.4/TMB/include/convenience.hpp:145:6: note: candidate: \u2018template<class Type> Type max(const tmbutils::vector<Type>&)\u2019\n  145 | Type max(const vector<Type> &x)\n      |      ^~~\n/home/spi085/R/x86_64-pc-linux-gnu-library/4.4/TMB/include/convenience.hpp:145:6: note:   template argument deduction/substitution failed:\nPOPULATIONS/POPULATION_0007/INDIVIDUAL_5048429Q/model.cpp:92:24: note:   \u2018CppAD::AD<CppAD::AD<CppAD::AD<double> > >\u2019 is not derived from \u2018const tmbutils::vector<Type>\u2019\n   92 |   Type sigma_cots = max(exp(log_sigma_cots), sigma_min);\n      |                     ~~~^~~~~~~~~~~~~~~~~~~~~~~~~~~~~~~~\nPOPULATIONS/POPULATION_0007/INDIVIDUAL_5048429Q/model.cpp:93:24: error: no matching function for call to \u2018max(CppAD::AD<CppAD::AD<CppAD::AD<double> > >, CppAD::AD<CppAD::AD<CppAD::AD<double> > >&)\u2019\n   93 |   Type sigma_fast = max(exp(log_sigma_fast), sigma_min);\n      |                     ~~~^~~~~~~~~~~~~~~~~~~~~~~~~~~~~~~~\n/home/spi085/R/x86_64-pc-linux-gnu-library/4.4/TMB/include/convenience.hpp:145:6: note: candidate: \u2018template<class Type> Type max(const tmbutils::vector<Type>&)\u2019\n  145 | Type max(const vector<Type> &x)\n      |      ^~~\n/home/spi085/R/x86_64-pc-linux-gnu-library/4.4/TMB/include/convenience.hpp:145:6: note:   template argument deduction/substitution failed:\nPOPULATIONS/POPULATION_0007/INDIVIDUAL_5048429Q/model.cpp:93:24: note:   \u2018CppAD::AD<CppAD::AD<CppAD::AD<double> > >\u2019 is not derived from \u2018const tmbutils::vector<Type>\u2019\n   93 |   Type sigma_fast = max(exp(log_sigma_fast), sigma_min);\n      |                     ~~~^~~~~~~~~~~~~~~~~~~~~~~~~~~~~~~~\nPOPULATIONS/POPULATION_0007/INDIVIDUAL_5048429Q/model.cpp:94:24: error: no matching function for call to \u2018max(CppAD::AD<CppAD::AD<CppAD::AD<double> > >, CppAD::AD<CppAD::AD<CppAD::AD<double> > >&)\u2019\n   94 |   Type sigma_slow = max(exp(log_sigma_slow), sigma_min);\n      |                     ~~~^~~~~~~~~~~~~~~~~~~~~~~~~~~~~~~~\n/home/spi085/R/x86_64-pc-linux-gnu-library/4.4/TMB/include/convenience.hpp:145:6: note: candidate: \u2018template<class Type> Type max(const tmbutils::vector<Type>&)\u2019\n  145 | Type max(const vector<Type> &x)\n      |      ^~~\n/home/spi085/R/x86_64-pc-linux-gnu-library/4.4/TMB/include/convenience.hpp:145:6: note:   template argument deduction/substitution failed:\nPOPULATIONS/POPULATION_0007/INDIVIDUAL_5048429Q/model.cpp:94:24: note:   \u2018CppAD::AD<CppAD::AD<CppAD::AD<double> > >\u2019 is not derived from \u2018const tmbutils::vector<Type>\u2019\n   94 |   Type sigma_slow = max(exp(log_sigma_slow), sigma_min);\n      |                     ~~~^~~~~~~~~~~~~~~~~~~~~~~~~~~~~~~~\nPOPULATIONS/POPULATION_0007/INDIVIDUAL_5048429Q/model.cpp:98:18: error: \u2018dlnorm\u2019 was not declared in this scope; did you mean \u2018dnorm\u2019?\n   98 |     nll -= dlnorm(cots_dat(t), log(cots_pred(t) + eps), sigma_cots, true); // COTS likelihood\n      |            ~~~~~~^~~~~~~~~~~~~~~~~~~~~~~~~~~~~~~~~~~~~~~~~~~~~~~~~~~~~~~~\n      |            dnorm\nPOPULATIONS/POPULATION_0007/INDIVIDUAL_5048429Q/model.cpp:99:18: error: \u2018dlnorm\u2019 was not declared in this scope, and no declarations were found by argument-dependent lookup at the point of instantiation\n   99 |     nll -= dlnorm(fast_dat(t), log(fast_pred(t) + eps), sigma_fast, true);  // fast-growing coral likelihood\n      |            ~~~~~~^~~~~~~~~~~~~~~~~~~~~~~~~~~~~~~~~~~~~~~~~~~~~~~~~~~~~~~~\nPOPULATIONS/POPULATION_0007/INDIVIDUAL_5048429Q/model.cpp:98:18: note: \u2018dlnorm\u2019 declared here, later in the translation unit\n   98 |     nll -= dlnorm(cots_dat(t), log(cots_pred(t) + eps), sigma_cots, true); // COTS likelihood\n      |            ~~~~~~^~~~~~~~~~~~~~~~~~~~~~~~~~~~~~~~~~~~~~~~~~~~~~~~~~~~~~~~\nPOPULATIONS/POPULATION_0007/INDIVIDUAL_5048429Q/model.cpp:100:18: error: \u2018dlnorm\u2019 was not declared in this scope, and no declarations were found by argument-dependent lookup at the point of instantiation\n  100 |     nll -= dlnorm(slow_dat(t), log(slow_pred(t) + eps), sigma_slow, true);  // slow-growing coral likelihood\n      |            ~~~~~~^~~~~~~~~~~~~~~~~~~~~~~~~~~~~~~~~~~~~~~~~~~~~~~~~~~~~~~~\nPOPULATIONS/POPULATION_0007/INDIVIDUAL_5048429Q/model.cpp:98:18: note: \u2018dlnorm\u2019 declared here, later in the translation unit\n   98 |     nll -= dlnorm(cots_dat(t), log(cots_pred(t) + eps), sigma_cots, true); // COTS likelihood\n      |            ~~~~~~^~~~~~~~~~~~~~~~~~~~~~~~~~~~~~~~~~~~~~~~~~~~~~~~~~~~~~~~\nmake: *** [/usr/lib/R/etc/Makeconf:204: POPULATIONS/POPULATION_0007/INDIVIDUAL_5048429Q/model.o] Error 1\nError in TMB::compile(file.path(individual_dir, model_file), flags = flags,  : \n  Compilation failed\nError: Compilation failed\nExecution halted"
    },
    "2": {
      "status": "ERROR",
      "message": "R script failed with return code 1",
      "stdout": "g++ -std=gnu++17 -I\"/usr/share/R/include\" -DNDEBUG -I\"/home/spi085/R/x86_64-pc-linux-gnu-library/4.4/TMB/include\" -I\"/home/spi085/R/x86_64-pc-linux-gnu-library/4.4/RcppEigen/include\"   -DTMB_EIGEN_DISABLE_WARNINGS   -DTMB_LIB_INIT=R_init_model  -DCPPAD_FRAMEWORK      -fpic  -O2  -c POPULATIONS/POPULATION_0007/INDIVIDUAL_5048429Q/model.cpp -o POPULATIONS/POPULATION_0007/INDIVIDUAL_5048429Q/model.o\ng++ -std=gnu++17 -shared -L/usr/lib/R/lib -Wl,-Bsymbolic-functions -flto=auto -ffat-lto-objects -Wl,-z,relro -o POPULATIONS/POPULATION_0007/INDIVIDUAL_5048429Q/model.so POPULATIONS/POPULATION_0007/INDIVIDUAL_5048429Q/model.o -L/usr/lib/R/lib -lR\nStarting model phases\nNumber of phases: 3 \nPhase 1 \nInitial parameter values for phase 1 :\n   log_growth_rate log_mortality_rate   initial_log_cots   initial_log_fast \n                 0                  0                  0                  4 \n  initial_log_slow \n                 4 \nError in model phases: NA/NaN gradient evaluation",
      "stderr": "Loading required package: TMB\nLoading required package: jsonlite\nhere() starts at /home/spi085/Documents/_Projects/SCCP-QuantModelling\nusing C++ compiler: \u2018g++ (Ubuntu 13.3.0-6ubuntu2~24.04) 13.3.0\u2019\nError in value[[3L]](cond) : \n  Error in model phases: NA/NaN gradient evaluation\nCalls: tryCatch -> tryCatchList -> tryCatchOne -> <Anonymous>\nIn addition: Warning message:\nIn nlminb(model$par, model$fn, model$gr) : NA/NaN function evaluation\nExecution halted"
    },
    "3": {
      "status": "SUCCESS",
      "objective_value": 0.7885,
      "model_summary": [
        "            Length Class  Mode     ",
        "par         12     -none- numeric  ",
        "objective    1     -none- numeric  ",
        "convergence  1     -none- numeric  ",
        "iterations   1     -none- numeric  ",
        "evaluations  2     -none- numeric  ",
        "message      1     -none- character"
      ],
      "model_report": {
        "cots_pred": [
          0.6454,
          0.6678,
          0.6944,
          0.7568,
          0.6617,
          0.6747,
          0.715,
          0.6968,
          0.6651,
          0.6449,
          0.5977,
          0.5646,
          0.5445,
          0.5402,
          0.4967,
          0.3919,
          0.4212,
          0.4802,
          0.5764,
          0.5183,
          0.474,
          0.4049,
          0.3783,
          0.3668,
          0.374,
          0.3307
        ],
        "fast_pred": [
          12.55,
          12.55,
          12.55,
          12.55,
          12.55,
          12.55,
          12.55,
          12.55,
          12.55,
          12.55,
          12.55,
          12.55,
          12.55,
          12.55,
          12.55,
          12.55,
          12.55,
          12.55,
          12.55,
          12.55,
          12.55,
          12.55,
          12.55,
          12.55,
          12.55,
          12.55
        ],
        "slow_pred": [
          15.9074,
          15.3167,
          14.7055,
          14.0699,
          13.3773,
          12.7717,
          12.1542,
          11.4998,
          10.8621,
          10.2533,
          9.6631,
          9.1161,
          8.5994,
          8.101,
          7.6066,
          7.152,
          6.7933,
          6.4078,
          5.9683,
          5.4408,
          4.9664,
          4.5326,
          4.1621,
          3.8158,
          3.4801,
          3.1378
        ]
      },
      "plot_data": {
        "cots_pred": {
          "Year": [
            1980,
            1981,
            1982,
            1983,
            1984,
            1985,
            1986,
            1987,
            1988,
            1989,
            1990,
            1991,
            1992,
            1993,
            1994,
            1995,
            1996,
            1997,
            1998,
            1999,
            2000,
            2001,
            2002,
            2003,
            2004,
            2005
          ],
          "Modeled": [
            0.6454,
            0.6678,
            0.6944,
            0.7568,
            0.6617,
            0.6747,
            0.715,
            0.6968,
            0.6651,
            0.6449,
            0.5977,
            0.5646,
            0.5445,
            0.5402,
            0.4967,
            0.3919,
            0.4212,
            0.4802,
            0.5764,
            0.5183,
            0.474,
            0.4049,
            0.3783,
            0.3668,
            0.374,
            0.3307
          ],
          "Observed": [
            0.2615,
            0.5498,
            0.7268,
            0.5523,
            0.8281,
            0.547,
            0.758,
            0.6288,
            0.4762,
            0.6466,
            0.9107,
            2.152,
            0.6446,
            1.6723,
            0.4766,
            0.8075,
            0.3635,
            0.3728,
            0.6173,
            0.3107,
            0.256,
            0.2984,
            0.3362,
            0.2878,
            0.3221,
            0.4308
          ]
        },
        "fast_pred": {
          "Year": [
            1980,
            1981,
            1982,
            1983,
            1984,
            1985,
            1986,
            1987,
            1988,
            1989,
            1990,
            1991,
            1992,
            1993,
            1994,
            1995,
            1996,
            1997,
            1998,
            1999,
            2000,
            2001,
            2002,
            2003,
            2004,
            2005
          ],
          "Modeled": [
            12.55,
            12.55,
            12.55,
            12.55,
            12.55,
            12.55,
            12.55,
            12.55,
            12.55,
            12.55,
            12.55,
            12.55,
            12.55,
            12.55,
            12.55,
            12.55,
            12.55,
            12.55,
            12.55,
            12.55,
            12.55,
            12.55,
            12.55,
            12.55,
            12.55,
            12.55
          ],
          "Observed": [
            10.0694,
            17.7236,
            23.8276,
            19.4181,
            15.6354,
            32.4596,
            21.5567,
            34.1938,
            18.8708,
            27.3176,
            44.3301,
            13.3275,
            11.3741,
            8.3362,
            15.207,
            12.443,
            11.0666,
            10.6442,
            2.3628,
            2.76,
            3.7236,
            7.0355,
            10.2239,
            8.4754,
            9.0819,
            13.7314
          ]
        },
        "slow_pred": {
          "Year": [
            1980,
            1981,
            1982,
            1983,
            1984,
            1985,
            1986,
            1987,
            1988,
            1989,
            1990,
            1991,
            1992,
            1993,
            1994,
            1995,
            1996,
            1997,
            1998,
            1999,
            2000,
            2001,
            2002,
            2003,
            2004,
            2005
          ],
          "Modeled": [
            15.9074,
            15.3167,
            14.7055,
            14.0699,
            13.3773,
            12.7717,
            12.1542,
            11.4998,
            10.8621,
            10.2533,
            9.6631,
            9.1161,
            8.5994,
            8.101,
            7.6066,
            7.152,
            6.7933,
            6.4078,
            5.9683,
            5.4408,
            4.9664,
            4.5326,
            4.1621,
            3.8158,
            3.4801,
            3.1378
          ],
          "Observed": [
            12.7726,
            16.4147,
            12.7773,
            12.2798,
            15.1152,
            12.8194,
            10.4631,
            9.7251,
            13.2014,
            16.4512,
            11.1393,
            18.0832,
            11.5223,
            8.51,
            9.1622,
            5.3353,
            8.6044,
            7.2781,
            2.629,
            4.6951,
            1.5948,
            5.2172,
            2.6041,
            3.3618,
            7.3289,
            4.4014
          ]
        }
      },
      "stdout": "g++ -std=gnu++17 -I\"/usr/share/R/include\" -DNDEBUG -I\"/home/spi085/R/x86_64-pc-linux-gnu-library/4.4/TMB/include\" -I\"/home/spi085/R/x86_64-pc-linux-gnu-library/4.4/RcppEigen/include\"   -DTMB_EIGEN_DISABLE_WARNINGS   -DTMB_LIB_INIT=R_init_model  -DCPPAD_FRAMEWORK      -fpic  -O2  -c POPULATIONS/POPULATION_0007/INDIVIDUAL_5048429Q/model.cpp -o POPULATIONS/POPULATION_0007/INDIVIDUAL_5048429Q/model.o\ng++ -std=gnu++17 -shared -L/usr/lib/R/lib -Wl,-Bsymbolic-functions -flto=auto -ffat-lto-objects -Wl,-z,relro -o POPULATIONS/POPULATION_0007/INDIVIDUAL_5048429Q/model.so POPULATIONS/POPULATION_0007/INDIVIDUAL_5048429Q/model.o -L/usr/lib/R/lib -lR\nStarting model phases\nNumber of phases: 3 \nPhase 1 \nInitial parameter values for phase 1 :\n   log_growth_rate log_mortality_rate   initial_log_cots   initial_log_fast \n                 0                  0                  0                  4 \n  initial_log_slow \n                 4 \nFinal parameter values for phase 1 :\n   log_growth_rate log_mortality_rate   initial_log_cots   initial_log_fast \n        -0.8338828          0.4871421         -0.4312941          2.0844618 \n  initial_log_slow \n         2.2191032 \nConvergence message: relative convergence (4) \nNumber of iterations: 25 \nObjective function value: 58729.12 \nGradient at solution for phase 1 :\n             [,1]          [,2]          [,3]         [,4]         [,5]\n[1,] 0.0002767475 -0.0003522133 -0.0002975259 6.877278e-06 7.534475e-05\nPhase 2 \nInitial parameter values for phase 2 :\nlog_predation_eff_fast log_predation_eff_slow      log_recovery_fast \n                    -2                     -2                     -1 \n     log_recovery_slow \n                    -1 \nFinal parameter values for phase 2 :\nlog_predation_eff_fast log_predation_eff_slow      log_recovery_fast \n          -1464.133508              -1.106802              -6.565297 \n     log_recovery_slow \n            -23.260579 \nConvergence message: singular convergence (7) \nNumber of iterations: 49 \nObjective function value: 208.8268 \nGradient at solution for phase 2 :\n     [,1]         [,2]          [,3]         [,4]\n[1,]    0 0.0005576537 -8.848608e-05 5.788072e-08\nPhase 3 \nInitial parameter values for phase 3 :\nlog_sigma_cots log_sigma_fast log_sigma_slow \n            -1             -1             -1 \nFinal parameter values for phase 3 :\nlog_sigma_cots log_sigma_fast log_sigma_slow \n    -0.7367156     -0.2092202     -0.6421473 \nConvergence message: relative convergence (4) \nNumber of iterations: 6 \nObjective function value: 172.7203 \nGradient at solution for phase 3 :\n             [,1]        [,2]         [,3]\n[1,] 0.0002060419 3.34079e-05 0.0002941459\nFinal Phase\nInitial parameter values for final phase:\n       log_growth_rate     log_mortality_rate log_predation_eff_fast \n            -0.8338828              0.4871421          -1464.1335083 \nlog_predation_eff_slow      log_recovery_fast      log_recovery_slow \n            -1.1068024             -6.5652970            -23.2605786 \n      initial_log_cots       initial_log_fast       initial_log_slow \n            -0.4312941              2.0844618              2.2191032 \n        log_sigma_cots         log_sigma_fast         log_sigma_slow \n            -0.7367156             -0.2092202             -0.6421473 \nFinal parameter values for final phase:\n       log_growth_rate     log_mortality_rate log_predation_eff_fast \n            -0.6902130              0.6290695          -1464.1335083 \nlog_predation_eff_slow      log_recovery_fast      log_recovery_slow \n            -0.0885861            -22.3048018            -23.2605764 \n      initial_log_cots       initial_log_fast       initial_log_slow \n            -0.4378445              2.5297218              2.7667848 \n        log_sigma_cots         log_sigma_fast         log_sigma_slow \n            -0.7362455             -0.3525890             -0.9238619 \nConvergence message: relative convergence (4) \nNumber of iterations: 42 \nObjective function value: 161.6806 \nGradient at solution for final phase:\n            [,1]        [,2] [,3]         [,4]         [,5]          [,6]\n[1,] 0.002886993 -0.00292158    0 0.0001238161 2.341455e-07 -7.768894e-09\n             [,7]         [,8]          [,9]        [,10]         [,11]\n[1,] 0.0001565497 2.155964e-06 -0.0001737393 3.354832e-07 -2.573104e-06\n             [,12]\n[1,] -1.437439e-05\nAll phases completed\n\nRunning model validation...\nNo test data available (train_test_split >= 1.0)\nNULL\n\nDEBUG: Report contents:\nList of 3\n $ cots_pred: num [1:26] 0.645 0.668 0.694 0.757 0.662 ...\n $ fast_pred: num [1:26] 12.6 12.6 12.6 12.6 12.6 ...\n $ slow_pred: num [1:26] 15.9 15.3 14.7 14.1 13.4 ...\nNULL\n\nDEBUG: Available variables in report:\n[1] \"cots_pred\" \"fast_pred\" \"slow_pred\"\n\nChecking predictions and calculating objective function...\n\nDEBUG: Processing cots_pred \nDEBUG: First few predictions: 0.6454261 0.6678441 0.6943898 0.7568121 0.6616532 0.6746808 \nDEBUG: Summary statistics:\n   Min. 1st Qu.  Median    Mean 3rd Qu.    Max. \n 0.3307  0.4344  0.5545  0.5494  0.6643  0.7568 \nDEBUG: All zeros? FALSE \nDEBUG: Any infinities? FALSE \n\nDEBUG: Processing fast_pred \nDEBUG: First few predictions: 12.55001 12.55001 12.55001 12.55001 12.55001 12.55001 \nDEBUG: Summary statistics:\n   Min. 1st Qu.  Median    Mean 3rd Qu.    Max. \n  12.55   12.55   12.55   12.55   12.55   12.55 \nDEBUG: All zeros? FALSE \nDEBUG: Any infinities? FALSE \n\nDEBUG: Processing slow_pred \nDEBUG: First few predictions: 15.90741 15.3167 14.70547 14.06995 13.37729 12.77173 \nDEBUG: Summary statistics:\n   Min. 1st Qu.  Median    Mean 3rd Qu.    Max. \n  3.138   5.573   8.350   8.841  11.991  15.907 \nDEBUG: All zeros? FALSE \nDEBUG: Any infinities? FALSE \n\nDEBUG: Using the following variables for objective function:\ncots_dat -> cots_pred\nfast_dat -> fast_pred\nslow_dat -> slow_pred\n\nDEBUG: Calculating MSE for prediction variables only:\n\nDEBUG: cots_pred \nObserved: 0.2615042 0.5498196 0.7268086 0.5522907 0.828121 0.5470078 ...\nPredicted: 0.6454261 0.6678441 0.6943898 0.7568121 0.6616532 0.6746808 ...\nMSE (normalized): 0.9417246 \n\nDEBUG: fast_pred \nObserved: 10.06939 17.72357 23.82758 19.41812 15.63542 32.45961 ...\nPredicted: 12.55001 12.55001 12.55001 12.55001 12.55001 12.55001 ...\nMSE (normalized): 1.0512 \n\nDEBUG: slow_pred \nObserved: 12.77261 16.41474 12.77729 12.27975 15.11516 12.81941 ...\nPredicted: 15.90741 15.3167 14.70547 14.06995 13.37729 12.77173 ...\nMSE (normalized): 0.3724821 \n\nDEBUG: MSE values:\n cots_dat  fast_dat  slow_dat \n0.9417246 1.0512001 0.3724821 \n\nDEBUG: Final objective value (mean of MSEs): 0.788469 \n\nFinal objective function value: 0.788469 \n\nJSON_REPORT_START\n{\n  \"status\": \"SUCCESS\",\n  \"objective_value\": 0.7885,\n  \"model_summary\": [\"            Length Class  Mode     \", \"par         12     -none- numeric  \", \"objective    1     -none- numeric  \", \"convergence  1     -none- numeric  \", \"iterations   1     -none- numeric  \", \"evaluations  2     -none- numeric  \", \"message      1     -none- character\"],\n  \"model_report\": {\n    \"cots_pred\": [0.6454, 0.6678, 0.6944, 0.7568, 0.6617, 0.6747, 0.715, 0.6968, 0.6651, 0.6449, 0.5977, 0.5646, 0.5445, 0.5402, 0.4967, 0.3919, 0.4212, 0.4802, 0.5764, 0.5183, 0.474, 0.4049, 0.3783, 0.3668, 0.374, 0.3307],\n    \"fast_pred\": [12.55, 12.55, 12.55, 12.55, 12.55, 12.55, 12.55, 12.55, 12.55, 12.55, 12.55, 12.55, 12.55, 12.55, 12.55, 12.55, 12.55, 12.55, 12.55, 12.55, 12.55, 12.55, 12.55, 12.55, 12.55, 12.55],\n    \"slow_pred\": [15.9074, 15.3167, 14.7055, 14.0699, 13.3773, 12.7717, 12.1542, 11.4998, 10.8621, 10.2533, 9.6631, 9.1161, 8.5994, 8.101, 7.6066, 7.152, 6.7933, 6.4078, 5.9683, 5.4408, 4.9664, 4.5326, 4.1621, 3.8158, 3.4801, 3.1378]\n  },\n  \"plot_data\": {\n    \"cots_pred\": {\n      \"Year\": [1980, 1981, 1982, 1983, 1984, 1985, 1986, 1987, 1988, 1989, 1990, 1991, 1992, 1993, 1994, 1995, 1996, 1997, 1998, 1999, 2000, 2001, 2002, 2003, 2004, 2005],\n      \"Modeled\": [0.6454, 0.6678, 0.6944, 0.7568, 0.6617, 0.6747, 0.715, 0.6968, 0.6651, 0.6449, 0.5977, 0.5646, 0.5445, 0.5402, 0.4967, 0.3919, 0.4212, 0.4802, 0.5764, 0.5183, 0.474, 0.4049, 0.3783, 0.3668, 0.374, 0.3307],\n      \"Observed\": [0.2615, 0.5498, 0.7268, 0.5523, 0.8281, 0.547, 0.758, 0.6288, 0.4762, 0.6466, 0.9107, 2.152, 0.6446, 1.6723, 0.4766, 0.8075, 0.3635, 0.3728, 0.6173, 0.3107, 0.256, 0.2984, 0.3362, 0.2878, 0.3221, 0.4308]\n    },\n    \"fast_pred\": {\n      \"Year\": [1980, 1981, 1982, 1983, 1984, 1985, 1986, 1987, 1988, 1989, 1990, 1991, 1992, 1993, 1994, 1995, 1996, 1997, 1998, 1999, 2000, 2001, 2002, 2003, 2004, 2005],\n      \"Modeled\": [12.55, 12.55, 12.55, 12.55, 12.55, 12.55, 12.55, 12.55, 12.55, 12.55, 12.55, 12.55, 12.55, 12.55, 12.55, 12.55, 12.55, 12.55, 12.55, 12.55, 12.55, 12.55, 12.55, 12.55, 12.55, 12.55],\n      \"Observed\": [10.0694, 17.7236, 23.8276, 19.4181, 15.6354, 32.4596, 21.5567, 34.1938, 18.8708, 27.3176, 44.3301, 13.3275, 11.3741, 8.3362, 15.207, 12.443, 11.0666, 10.6442, 2.3628, 2.76, 3.7236, 7.0355, 10.2239, 8.4754, 9.0819, 13.7314]\n    },\n    \"slow_pred\": {\n      \"Year\": [1980, 1981, 1982, 1983, 1984, 1985, 1986, 1987, 1988, 1989, 1990, 1991, 1992, 1993, 1994, 1995, 1996, 1997, 1998, 1999, 2000, 2001, 2002, 2003, 2004, 2005],\n      \"Modeled\": [15.9074, 15.3167, 14.7055, 14.0699, 13.3773, 12.7717, 12.1542, 11.4998, 10.8621, 10.2533, 9.6631, 9.1161, 8.5994, 8.101, 7.6066, 7.152, 6.7933, 6.4078, 5.9683, 5.4408, 4.9664, 4.5326, 4.1621, 3.8158, 3.4801, 3.1378],\n      \"Observed\": [12.7726, 16.4147, 12.7773, 12.2798, 15.1152, 12.8194, 10.4631, 9.7251, 13.2014, 16.4512, 11.1393, 18.0832, 11.5223, 8.51, 9.1622, 5.3353, 8.6044, 7.2781, 2.629, 4.6951, 1.5948, 5.2172, 2.6041, 3.3618, 7.3289, 4.4014]\n    }\n  }\n}\nJSON_REPORT_END",
      "stderr": "Loading required package: TMB\nLoading required package: jsonlite\nhere() starts at /home/spi085/Documents/_Projects/SCCP-QuantModelling\nusing C++ compiler: \u2018g++ (Ubuntu 13.3.0-6ubuntu2~24.04) 13.3.0\u2019\nWarning messages:\n1: In nlminb(model$par, model$fn, model$gr) : NA/NaN function evaluation\n2: In nlminb(model$par, model$fn, model$gr) : NA/NaN function evaluation\n3: In nlminb(model$par, model$fn, model$gr) : NA/NaN function evaluation\n4: In nlminb(model$par, model$fn, model$gr) : NA/NaN function evaluation\nWarning message:\n`aes_string()` was deprecated in ggplot2 3.0.0.\n\u2139 Please use tidy evaluation idioms with `aes()`.\n\u2139 See also `vignette(\"ggplot2-in-packages\")` for more information."
    },
    "4": {
      "status": "SUCCESS",
      "objective_value": 0.7885
    }
  }
}