{
  "iterations": {
    "1": {
      "status": "ERROR",
      "message": "Model failed to compile.",
      "stdout": "g++ -std=gnu++17 -I\"/usr/share/R/include\" -DNDEBUG -I\"/home/spi085/R/x86_64-pc-linux-gnu-library/4.4/TMB/include\" -I\"/home/spi085/R/x86_64-pc-linux-gnu-library/4.4/RcppEigen/include\"   -DTMB_EIGEN_DISABLE_WARNINGS   -DTMB_LIB_INIT=R_init_model  -DCPPAD_FRAMEWORK      -fpic  -O2  -c POPULATIONS/POPULATION_0001/INDIVIDUAL_47AYXBNT/model.cpp -o POPULATIONS/POPULATION_0001/INDIVIDUAL_47AYXBNT/model.o",
      "stderr": "Loading required package: TMB\nLoading required package: jsonlite\nhere() starts at /home/spi085/Documents/_Projects/SCCP-QuantModelling\nusing C++ compiler: \u2018g++ (Ubuntu 13.3.0-6ubuntu2~24.04) 13.3.0\u2019\nPOPULATIONS/POPULATION_0001/INDIVIDUAL_47AYXBNT/model.cpp: In member function \u2018Type objective_function<Type>::operator()()\u2019:\nPOPULATIONS/POPULATION_0001/INDIVIDUAL_47AYXBNT/model.cpp:60:51: error: \u2018phi_fast2\u2019 was not declared in this scope; did you mean \u2018phi_fast\u2019?\n   60 |                     + phi_fast * fast_pred[t-1] + phi_fast2 * pow(fast_pred[t-1],2)\n      |                                                   ^~~~~~~~~\n      |                                                   phi_fast\nPOPULATIONS/POPULATION_0001/INDIVIDUAL_47AYXBNT/model.cpp:61:51: error: \u2018phi_slow2\u2019 was not declared in this scope; did you mean \u2018phi_slow\u2019?\n   61 |                     + phi_slow * slow_pred[t-1] + phi_slow2 * pow(slow_pred[t-1],2)) + delta;\n      |                                                   ^~~~~~~~~\n      |                                                   phi_slow\nmake: *** [/usr/lib/R/etc/Makeconf:204: POPULATIONS/POPULATION_0001/INDIVIDUAL_47AYXBNT/model.o] Error 1\nError in TMB::compile(file.path(individual_dir, model_file), flags = flags,  : \n  Compilation failed\nError: Compilation failed\nExecution halted"
    },
    "2": {
      "status": "ERROR",
      "message": "R script failed with return code 1",
      "stdout": "g++ -std=gnu++17 -I\"/usr/share/R/include\" -DNDEBUG -I\"/home/spi085/R/x86_64-pc-linux-gnu-library/4.4/TMB/include\" -I\"/home/spi085/R/x86_64-pc-linux-gnu-library/4.4/RcppEigen/include\"   -DTMB_EIGEN_DISABLE_WARNINGS   -DTMB_LIB_INIT=R_init_model  -DCPPAD_FRAMEWORK      -fpic  -O2  -c POPULATIONS/POPULATION_0001/INDIVIDUAL_47AYXBNT/model.cpp -o POPULATIONS/POPULATION_0001/INDIVIDUAL_47AYXBNT/model.o\ng++ -std=gnu++17 -shared -L/usr/lib/R/lib -Wl,-Bsymbolic-functions -flto=auto -ffat-lto-objects -Wl,-z,relro -o POPULATIONS/POPULATION_0001/INDIVIDUAL_47AYXBNT/model.so POPULATIONS/POPULATION_0001/INDIVIDUAL_47AYXBNT/model.o -L/usr/lib/R/lib -lR\nStarting model phases\nNumber of phases: 3 \nPhase 1 \nInitial parameter values for phase 1 :\n        lambda             mu      threshold log_sigma_cots log_sigma_fast \n            NA          477.8             NA             NA             NA \nlog_sigma_slow \n            NA \nError in model phases: NA/NaN gradient evaluation",
      "stderr": "Loading required package: TMB\nLoading required package: jsonlite\nhere() starts at /home/spi085/Documents/_Projects/SCCP-QuantModelling\nusing C++ compiler: \u2018g++ (Ubuntu 13.3.0-6ubuntu2~24.04) 13.3.0\u2019\nError in value[[3L]](cond) : \n  Error in model phases: NA/NaN gradient evaluation\nCalls: tryCatch -> tryCatchList -> tryCatchOne -> <Anonymous>\nIn addition: Warning message:\nIn nlminb(model$par, model$fn, model$gr) : NA/NaN function evaluation\nExecution halted"
    },
    "3": {
      "status": "ERROR",
      "message": "R script failed with return code 1",
      "stdout": "g++ -std=gnu++17 -I\"/usr/share/R/include\" -DNDEBUG -I\"/home/spi085/R/x86_64-pc-linux-gnu-library/4.4/TMB/include\" -I\"/home/spi085/R/x86_64-pc-linux-gnu-library/4.4/RcppEigen/include\"   -DTMB_EIGEN_DISABLE_WARNINGS   -DTMB_LIB_INIT=R_init_model  -DCPPAD_FRAMEWORK      -fpic  -O2  -c POPULATIONS/POPULATION_0001/INDIVIDUAL_47AYXBNT/model.cpp -o POPULATIONS/POPULATION_0001/INDIVIDUAL_47AYXBNT/model.o\ng++ -std=gnu++17 -shared -L/usr/lib/R/lib -Wl,-Bsymbolic-functions -flto=auto -ffat-lto-objects -Wl,-z,relro -o POPULATIONS/POPULATION_0001/INDIVIDUAL_47AYXBNT/model.so POPULATIONS/POPULATION_0001/INDIVIDUAL_47AYXBNT/model.o -L/usr/lib/R/lib -lR\nStarting model phases\nNumber of phases: 3 \nPhase 1 \nInitial parameter values for phase 1 :\n        lambda             mu      threshold log_sigma_cots log_sigma_fast \n            NA          477.8             NA             NA             NA \nlog_sigma_slow \n            NA \nError in model phases: NA/NaN gradient evaluation",
      "stderr": "Loading required package: TMB\nLoading required package: jsonlite\nhere() starts at /home/spi085/Documents/_Projects/SCCP-QuantModelling\nusing C++ compiler: \u2018g++ (Ubuntu 13.3.0-6ubuntu2~24.04) 13.3.0\u2019\nError in value[[3L]](cond) : \n  Error in model phases: NA/NaN gradient evaluation\nCalls: tryCatch -> tryCatchList -> tryCatchOne -> <Anonymous>\nIn addition: Warning message:\nIn nlminb(model$par, model$fn, model$gr) : NA/NaN function evaluation\nExecution halted"
    },
    "4": {
      "status": "ERROR",
      "message": "R script failed with return code 1",
      "stdout": "g++ -std=gnu++17 -I\"/usr/share/R/include\" -DNDEBUG -I\"/home/spi085/R/x86_64-pc-linux-gnu-library/4.4/TMB/include\" -I\"/home/spi085/R/x86_64-pc-linux-gnu-library/4.4/RcppEigen/include\"   -DTMB_EIGEN_DISABLE_WARNINGS   -DTMB_LIB_INIT=R_init_model  -DCPPAD_FRAMEWORK      -fpic  -O2  -c POPULATIONS/POPULATION_0001/INDIVIDUAL_47AYXBNT/model.cpp -o POPULATIONS/POPULATION_0001/INDIVIDUAL_47AYXBNT/model.o\ng++ -std=gnu++17 -shared -L/usr/lib/R/lib -Wl,-Bsymbolic-functions -flto=auto -ffat-lto-objects -Wl,-z,relro -o POPULATIONS/POPULATION_0001/INDIVIDUAL_47AYXBNT/model.so POPULATIONS/POPULATION_0001/INDIVIDUAL_47AYXBNT/model.o -L/usr/lib/R/lib -lR\nStarting model phases\nNumber of phases: 3 \nPhase 1 \nInitial parameter values for phase 1 :\n        lambda             mu      threshold log_sigma_cots log_sigma_fast \n            NA          477.8             NA             NA             NA \nlog_sigma_slow \n            NA \nError in model phases: NA/NaN gradient evaluation",
      "stderr": "Loading required package: TMB\nLoading required package: jsonlite\nhere() starts at /home/spi085/Documents/_Projects/SCCP-QuantModelling\nusing C++ compiler: \u2018g++ (Ubuntu 13.3.0-6ubuntu2~24.04) 13.3.0\u2019\nError in value[[3L]](cond) : \n  Error in model phases: NA/NaN gradient evaluation\nCalls: tryCatch -> tryCatchList -> tryCatchOne -> <Anonymous>\nIn addition: Warning message:\nIn nlminb(model$par, model$fn, model$gr) : NA/NaN function evaluation\nExecution halted"
    },
    "5": {
      "status": "ERROR",
      "message": "R script failed with return code 1",
      "stdout": "g++ -std=gnu++17 -I\"/usr/share/R/include\" -DNDEBUG -I\"/home/spi085/R/x86_64-pc-linux-gnu-library/4.4/TMB/include\" -I\"/home/spi085/R/x86_64-pc-linux-gnu-library/4.4/RcppEigen/include\"   -DTMB_EIGEN_DISABLE_WARNINGS   -DTMB_LIB_INIT=R_init_model  -DCPPAD_FRAMEWORK      -fpic  -O2  -c POPULATIONS/POPULATION_0001/INDIVIDUAL_47AYXBNT/model.cpp -o POPULATIONS/POPULATION_0001/INDIVIDUAL_47AYXBNT/model.o\ng++ -std=gnu++17 -shared -L/usr/lib/R/lib -Wl,-Bsymbolic-functions -flto=auto -ffat-lto-objects -Wl,-z,relro -o POPULATIONS/POPULATION_0001/INDIVIDUAL_47AYXBNT/model.so POPULATIONS/POPULATION_0001/INDIVIDUAL_47AYXBNT/model.o -L/usr/lib/R/lib -lR\nStarting model phases\nNumber of phases: 3 \nPhase 1 \nInitial parameter values for phase 1 :\n        lambda             mu      threshold log_sigma_cots log_sigma_fast \n            NA          477.8             NA             NA             NA \nlog_sigma_slow \n            NA \nError in model phases: NA/NaN gradient evaluation",
      "stderr": "Loading required package: TMB\nLoading required package: jsonlite\nhere() starts at /home/spi085/Documents/_Projects/SCCP-QuantModelling\nusing C++ compiler: \u2018g++ (Ubuntu 13.3.0-6ubuntu2~24.04) 13.3.0\u2019\nError in value[[3L]](cond) : \n  Error in model phases: NA/NaN gradient evaluation\nCalls: tryCatch -> tryCatchList -> tryCatchOne -> <Anonymous>\nIn addition: Warning message:\nIn nlminb(model$par, model$fn, model$gr) : NA/NaN function evaluation\nExecution halted"
    },
    "6": {
      "status": "SUCCESS",
      "objective_value": 1.1563,
      "model_summary": [
        "            Length Class  Mode     ",
        "par         13     -none- numeric  ",
        "objective    1     -none- numeric  ",
        "convergence  1     -none- numeric  ",
        "iterations   1     -none- numeric  ",
        "evaluations  2     -none- numeric  ",
        "message      1     -none- character"
      ],
      "model_report": {
        "cots_pred": [
          0.2615,
          0.281,
          0.2991,
          0.3159,
          0.3316,
          0.3461,
          0.3598,
          0.3726,
          0.3846,
          0.3959,
          0.4065,
          0.4166,
          0.4261,
          0.4352,
          0.4438,
          0.452,
          0.4598,
          0.4672,
          0.4745,
          0.4812,
          0.4882,
          0.4937,
          0.5021,
          0.5018,
          0.525,
          0.4829
        ],
        "fast_pred": [
          10.0694,
          9.6161,
          9.1812,
          8.7641,
          8.3641,
          7.9805,
          7.6128,
          7.2602,
          6.9223,
          6.5985,
          6.2881,
          5.9907,
          5.7058,
          5.4327,
          5.1711,
          4.9205,
          4.6804,
          4.4504,
          4.23,
          4.0189,
          3.8167,
          3.6229,
          3.4373,
          3.2592,
          3.0894,
          2.9244
        ],
        "slow_pred": [
          12.7726,
          12.3277,
          11.8958,
          11.4766,
          11.0698,
          10.6752,
          10.2925,
          9.9213,
          9.5615,
          9.2126,
          8.8744,
          8.5466,
          8.229,
          7.9212,
          7.623,
          7.334,
          7.0541,
          6.7829,
          6.5202,
          6.2658,
          6.0193,
          5.7806,
          5.5494,
          5.3252,
          5.1089,
          4.8971
        ]
      },
      "plot_data": {
        "cots_pred": {
          "Year": [
            1980,
            1981,
            1982,
            1983,
            1984,
            1985,
            1986,
            1987,
            1988,
            1989,
            1990,
            1991,
            1992,
            1993,
            1994,
            1995,
            1996,
            1997,
            1998,
            1999,
            2000,
            2001,
            2002,
            2003,
            2004,
            2005
          ],
          "Modeled": [
            0.2615,
            0.281,
            0.2991,
            0.3159,
            0.3316,
            0.3461,
            0.3598,
            0.3726,
            0.3846,
            0.3959,
            0.4065,
            0.4166,
            0.4261,
            0.4352,
            0.4438,
            0.452,
            0.4598,
            0.4672,
            0.4745,
            0.4812,
            0.4882,
            0.4937,
            0.5021,
            0.5018,
            0.525,
            0.4829
          ],
          "Observed": [
            0.2615,
            0.5498,
            0.7268,
            0.5523,
            0.8281,
            0.547,
            0.758,
            0.6288,
            0.4762,
            0.6466,
            0.9107,
            2.152,
            0.6446,
            1.6723,
            0.4766,
            0.8075,
            0.3635,
            0.3728,
            0.6173,
            0.3107,
            0.256,
            0.2984,
            0.3362,
            0.2878,
            0.3221,
            0.4308
          ]
        },
        "fast_pred": {
          "Year": [
            1980,
            1981,
            1982,
            1983,
            1984,
            1985,
            1986,
            1987,
            1988,
            1989,
            1990,
            1991,
            1992,
            1993,
            1994,
            1995,
            1996,
            1997,
            1998,
            1999,
            2000,
            2001,
            2002,
            2003,
            2004,
            2005
          ],
          "Modeled": [
            10.0694,
            9.6161,
            9.1812,
            8.7641,
            8.3641,
            7.9805,
            7.6128,
            7.2602,
            6.9223,
            6.5985,
            6.2881,
            5.9907,
            5.7058,
            5.4327,
            5.1711,
            4.9205,
            4.6804,
            4.4504,
            4.23,
            4.0189,
            3.8167,
            3.6229,
            3.4373,
            3.2592,
            3.0894,
            2.9244
          ],
          "Observed": [
            10.0694,
            17.7236,
            23.8276,
            19.4181,
            15.6354,
            32.4596,
            21.5567,
            34.1938,
            18.8708,
            27.3176,
            44.3301,
            13.3275,
            11.3741,
            8.3362,
            15.207,
            12.443,
            11.0666,
            10.6442,
            2.3628,
            2.76,
            3.7236,
            7.0355,
            10.2239,
            8.4754,
            9.0819,
            13.7314
          ]
        },
        "slow_pred": {
          "Year": [
            1980,
            1981,
            1982,
            1983,
            1984,
            1985,
            1986,
            1987,
            1988,
            1989,
            1990,
            1991,
            1992,
            1993,
            1994,
            1995,
            1996,
            1997,
            1998,
            1999,
            2000,
            2001,
            2002,
            2003,
            2004,
            2005
          ],
          "Modeled": [
            12.7726,
            12.3277,
            11.8958,
            11.4766,
            11.0698,
            10.6752,
            10.2925,
            9.9213,
            9.5615,
            9.2126,
            8.8744,
            8.5466,
            8.229,
            7.9212,
            7.623,
            7.334,
            7.0541,
            6.7829,
            6.5202,
            6.2658,
            6.0193,
            5.7806,
            5.5494,
            5.3252,
            5.1089,
            4.8971
          ],
          "Observed": [
            12.7726,
            16.4147,
            12.7773,
            12.2798,
            15.1152,
            12.8194,
            10.4631,
            9.7251,
            13.2014,
            16.4512,
            11.1393,
            18.0832,
            11.5223,
            8.51,
            9.1622,
            5.3353,
            8.6044,
            7.2781,
            2.629,
            4.6951,
            1.5948,
            5.2172,
            2.6041,
            3.3618,
            7.3289,
            4.4014
          ]
        }
      },
      "stdout": "g++ -std=gnu++17 -I\"/usr/share/R/include\" -DNDEBUG -I\"/home/spi085/R/x86_64-pc-linux-gnu-library/4.4/TMB/include\" -I\"/home/spi085/R/x86_64-pc-linux-gnu-library/4.4/RcppEigen/include\"   -DTMB_EIGEN_DISABLE_WARNINGS   -DTMB_LIB_INIT=R_init_model  -DCPPAD_FRAMEWORK      -fpic  -O2  -c POPULATIONS/POPULATION_0001/INDIVIDUAL_47AYXBNT/model.cpp -o POPULATIONS/POPULATION_0001/INDIVIDUAL_47AYXBNT/model.o\ng++ -std=gnu++17 -shared -L/usr/lib/R/lib -Wl,-Bsymbolic-functions -flto=auto -ffat-lto-objects -Wl,-z,relro -o POPULATIONS/POPULATION_0001/INDIVIDUAL_47AYXBNT/model.so POPULATIONS/POPULATION_0001/INDIVIDUAL_47AYXBNT/model.o -L/usr/lib/R/lib -lR\nStarting model phases\nNumber of phases: 3 \nPhase 1 \nInitial parameter values for phase 1 :\n        lambda             mu      threshold log_sigma_cots log_sigma_fast \n           0.8            0.5            0.2           -1.0           -1.0 \nlog_sigma_slow \n          -1.0 \nFinal parameter values for phase 1 :\n        lambda             mu      threshold log_sigma_cots log_sigma_fast \n   -35.2531119    -26.1222179     -0.3388595     -0.2665403      0.1617724 \nlog_sigma_slow \n    -0.8183942 \nConvergence message: function evaluation limit reached without convergence (9) \nNumber of iterations: 116 \nObjective function value: 183.2735 \nGradient at solution for phase 1 :\n          [,1]     [,2]     [,3]        [,4]        [,5]        [,6]\n[1,] -85213.51 131934.4 -1063798 -0.09985974 -0.09914135 -0.02915771\nPhase 2 \nInitial parameter values for phase 2 :\n  epsilon  phi_fast  phi_slow phi_fast2 phi_slow2 \n     0.30      0.10     -0.10      0.05     -0.05 \nFinal parameter values for phase 2 :\n     epsilon     phi_fast     phi_slow    phi_fast2    phi_slow2 \n 0.355370116  0.816397999 -0.739154913 -0.025205850  0.002928472 \nConvergence message: function evaluation limit reached without convergence (9) \nNumber of iterations: 102 \nObjective function value: 181.8149 \nGradient at solution for phase 2 :\n          [,1]    [,2]    [,3]     [,4]     [,5]\n[1,] -7216.658 1773828 2229465 18308235 28935402\nPhase 3 \nInitial parameter values for phase 3 :\ncoral_regen_fast coral_regen_slow \n            0.05             0.03 \nFinal parameter values for phase 3 :\ncoral_regen_fast coral_regen_slow \n      0.03954028       0.02615337 \nConvergence message: function evaluation limit reached without convergence (9) \nNumber of iterations: 113 \nObjective function value: 179.3743 \nGradient at solution for phase 3 :\n         [,1]      [,2]\n[1,] 241496.7 -659084.1\nFinal Phase\nInitial parameter values for final phase:\n          lambda               mu        threshold          epsilon \n   -35.253111925    -26.122217926     -0.338859471      0.355370116 \n        phi_fast         phi_slow coral_regen_fast coral_regen_slow \n     0.816397999     -0.739154913      0.039540282      0.026153371 \n  log_sigma_cots   log_sigma_fast   log_sigma_slow        phi_fast2 \n    -0.266540266      0.161772386     -0.818394173     -0.025205850 \n       phi_slow2 \n     0.002928472 \nFinal parameter values for final phase:\n          lambda               mu        threshold          epsilon \n   -3.525496e+01    -2.609970e+01    -3.429462e-01     1.302990e-01 \n        phi_fast         phi_slow coral_regen_fast coral_regen_slow \n    7.372070e-01    -6.739677e-01     4.622157e-02     3.489671e-02 \n  log_sigma_cots   log_sigma_fast   log_sigma_slow        phi_fast2 \n   -3.881403e-01     2.414351e-02    -7.834313e-01    -2.098879e-02 \n       phi_slow2 \n    5.149663e-04 \nConvergence message: function evaluation limit reached without convergence (9) \nNumber of iterations: 69 \nObjective function value: 176.9685 \nGradient at solution for final phase:\n         [,1]      [,2]     [,3]     [,4]   [,5]     [,6]     [,7]      [,8]\n[1,] 7211.966 -11190.06 90391.67 -460.587 115112 145303.4 16088.18 -42619.39\n          [,9]     [,10]     [,11]   [,12]   [,13]\n[1,] 0.7787792 0.2250154 0.1647166 1183496 1886159\nAll phases completed\n\nRunning model validation...\nNo test data available (train_test_split >= 1.0)\nNULL\n\nDEBUG: Report contents:\nList of 3\n $ cots_pred: num [1:26] 0.262 0.281 0.299 0.316 0.332 ...\n $ fast_pred: num [1:26] 10.07 9.62 9.18 8.76 8.36 ...\n $ slow_pred: num [1:26] 12.8 12.3 11.9 11.5 11.1 ...\nNULL\n\nDEBUG: Available variables in report:\n[1] \"cots_pred\" \"fast_pred\" \"slow_pred\"\n\nChecking predictions and calculating objective function...\n\nDEBUG: Processing cots_pred \nDEBUG: First few predictions: 0.2615042 0.2810385 0.2991228 0.3159169 0.3315531 0.3461446 \nDEBUG: Summary statistics:\n   Min. 1st Qu.  Median    Mean 3rd Qu.    Max. \n 0.2615  0.3630  0.4307  0.4156  0.4795  0.5250 \nDEBUG: All zeros? FALSE \nDEBUG: Any infinities? FALSE \n\nDEBUG: Processing fast_pred \nDEBUG: First few predictions: 10.06939 9.616111 9.181242 8.764117 8.364083 7.980503 \nDEBUG: Summary statistics:\n   Min. 1st Qu.  Median    Mean 3rd Qu.    Max. \n  2.924   4.072   5.569   5.900   7.525  10.069 \nDEBUG: All zeros? FALSE \nDEBUG: Any infinities? FALSE \n\nDEBUG: Processing slow_pred \nDEBUG: First few predictions: 12.77261 12.32771 11.89579 11.47658 11.06982 10.67522 \nDEBUG: Summary statistics:\n   Min. 1st Qu.  Median    Mean 3rd Qu.    Max. \n  4.897   6.329   8.075   8.348  10.200  12.773 \nDEBUG: All zeros? FALSE \nDEBUG: Any infinities? FALSE \n\nDEBUG: Using the following variables for objective function:\ncots_dat -> cots_pred\nfast_dat -> fast_pred\nslow_dat -> slow_pred\n\nDEBUG: Calculating MSE for prediction variables only:\n\nDEBUG: cots_pred \nObserved: 0.2615042 0.5498196 0.7268086 0.5522907 0.828121 0.5470078 ...\nPredicted: 0.2615042 0.2810385 0.2991228 0.3159169 0.3315531 0.3461446 ...\nMSE (normalized): 1.281792 \n\nDEBUG: fast_pred \nObserved: 10.06939 17.72357 23.82758 19.41812 15.63542 32.45961 ...\nPredicted: 10.06939 9.616111 9.181242 8.764117 8.364083 7.980503 ...\nMSE (normalized): 1.707244 \n\nDEBUG: slow_pred \nObserved: 12.77261 16.41474 12.77729 12.27975 15.11516 12.81941 ...\nPredicted: 12.77261 12.32771 11.89579 11.47658 11.06982 10.67522 ...\nMSE (normalized): 0.4797432 \n\nDEBUG: MSE values:\n cots_dat  fast_dat  slow_dat \n1.2817922 1.7072444 0.4797432 \n\nDEBUG: Final objective value (mean of MSEs): 1.15626 \n\nFinal objective function value: 1.15626 \n\nJSON_REPORT_START\n{\n  \"status\": \"SUCCESS\",\n  \"objective_value\": 1.1563,\n  \"model_summary\": [\"            Length Class  Mode     \", \"par         13     -none- numeric  \", \"objective    1     -none- numeric  \", \"convergence  1     -none- numeric  \", \"iterations   1     -none- numeric  \", \"evaluations  2     -none- numeric  \", \"message      1     -none- character\"],\n  \"model_report\": {\n    \"cots_pred\": [0.2615, 0.281, 0.2991, 0.3159, 0.3316, 0.3461, 0.3598, 0.3726, 0.3846, 0.3959, 0.4065, 0.4166, 0.4261, 0.4352, 0.4438, 0.452, 0.4598, 0.4672, 0.4745, 0.4812, 0.4882, 0.4937, 0.5021, 0.5018, 0.525, 0.4829],\n    \"fast_pred\": [10.0694, 9.6161, 9.1812, 8.7641, 8.3641, 7.9805, 7.6128, 7.2602, 6.9223, 6.5985, 6.2881, 5.9907, 5.7058, 5.4327, 5.1711, 4.9205, 4.6804, 4.4504, 4.23, 4.0189, 3.8167, 3.6229, 3.4373, 3.2592, 3.0894, 2.9244],\n    \"slow_pred\": [12.7726, 12.3277, 11.8958, 11.4766, 11.0698, 10.6752, 10.2925, 9.9213, 9.5615, 9.2126, 8.8744, 8.5466, 8.229, 7.9212, 7.623, 7.334, 7.0541, 6.7829, 6.5202, 6.2658, 6.0193, 5.7806, 5.5494, 5.3252, 5.1089, 4.8971]\n  },\n  \"plot_data\": {\n    \"cots_pred\": {\n      \"Year\": [1980, 1981, 1982, 1983, 1984, 1985, 1986, 1987, 1988, 1989, 1990, 1991, 1992, 1993, 1994, 1995, 1996, 1997, 1998, 1999, 2000, 2001, 2002, 2003, 2004, 2005],\n      \"Modeled\": [0.2615, 0.281, 0.2991, 0.3159, 0.3316, 0.3461, 0.3598, 0.3726, 0.3846, 0.3959, 0.4065, 0.4166, 0.4261, 0.4352, 0.4438, 0.452, 0.4598, 0.4672, 0.4745, 0.4812, 0.4882, 0.4937, 0.5021, 0.5018, 0.525, 0.4829],\n      \"Observed\": [0.2615, 0.5498, 0.7268, 0.5523, 0.8281, 0.547, 0.758, 0.6288, 0.4762, 0.6466, 0.9107, 2.152, 0.6446, 1.6723, 0.4766, 0.8075, 0.3635, 0.3728, 0.6173, 0.3107, 0.256, 0.2984, 0.3362, 0.2878, 0.3221, 0.4308]\n    },\n    \"fast_pred\": {\n      \"Year\": [1980, 1981, 1982, 1983, 1984, 1985, 1986, 1987, 1988, 1989, 1990, 1991, 1992, 1993, 1994, 1995, 1996, 1997, 1998, 1999, 2000, 2001, 2002, 2003, 2004, 2005],\n      \"Modeled\": [10.0694, 9.6161, 9.1812, 8.7641, 8.3641, 7.9805, 7.6128, 7.2602, 6.9223, 6.5985, 6.2881, 5.9907, 5.7058, 5.4327, 5.1711, 4.9205, 4.6804, 4.4504, 4.23, 4.0189, 3.8167, 3.6229, 3.4373, 3.2592, 3.0894, 2.9244],\n      \"Observed\": [10.0694, 17.7236, 23.8276, 19.4181, 15.6354, 32.4596, 21.5567, 34.1938, 18.8708, 27.3176, 44.3301, 13.3275, 11.3741, 8.3362, 15.207, 12.443, 11.0666, 10.6442, 2.3628, 2.76, 3.7236, 7.0355, 10.2239, 8.4754, 9.0819, 13.7314]\n    },\n    \"slow_pred\": {\n      \"Year\": [1980, 1981, 1982, 1983, 1984, 1985, 1986, 1987, 1988, 1989, 1990, 1991, 1992, 1993, 1994, 1995, 1996, 1997, 1998, 1999, 2000, 2001, 2002, 2003, 2004, 2005],\n      \"Modeled\": [12.7726, 12.3277, 11.8958, 11.4766, 11.0698, 10.6752, 10.2925, 9.9213, 9.5615, 9.2126, 8.8744, 8.5466, 8.229, 7.9212, 7.623, 7.334, 7.0541, 6.7829, 6.5202, 6.2658, 6.0193, 5.7806, 5.5494, 5.3252, 5.1089, 4.8971],\n      \"Observed\": [12.7726, 16.4147, 12.7773, 12.2798, 15.1152, 12.8194, 10.4631, 9.7251, 13.2014, 16.4512, 11.1393, 18.0832, 11.5223, 8.51, 9.1622, 5.3353, 8.6044, 7.2781, 2.629, 4.6951, 1.5948, 5.2172, 2.6041, 3.3618, 7.3289, 4.4014]\n    }\n  }\n}\nJSON_REPORT_END",
      "stderr": "Loading required package: TMB\nLoading required package: jsonlite\nhere() starts at /home/spi085/Documents/_Projects/SCCP-QuantModelling\nusing C++ compiler: \u2018g++ (Ubuntu 13.3.0-6ubuntu2~24.04) 13.3.0\u2019\nThere were 13 warnings (use warnings() to see them)\nWarning message:\n`aes_string()` was deprecated in ggplot2 3.0.0.\n\u2139 Please use tidy evaluation idioms with `aes()`.\n\u2139 See also `vignette(\"ggplot2-in-packages\")` for more information."
    },
    "7": {
      "status": "SUCCESS",
      "objective_value": 1.1563
    }
  }
}