Parent PNG files: ['POPULATIONS\\POPULATION_0005\\INDIVIDUAL_NY296AS7\\cots_pred_comparison.png']
[?12l[?25hSkipping 
POPULATIONS\POPULATION_0005\IND
IVIDUAL_6MMMWAC5\model.cpp that
matches gitignore spec.
Skipping 
POPULATIONS\POPULATION_0005\IND
IVIDUAL_6MMMWAC5\parameters.jso
n that matches gitignore spec.
Skipping 
POPULATIONS\POPULATION_0005\IND
IVIDUAL_6MMMWAC5\intention.txt 
that matches gitignore spec.
Creating empty file 
POPULATIONS\POPULATION_0005\IND
IVIDUAL_6MMMWAC5\intention.txt
Cannot add image file 
C:\Users\spi085\OneDrive - 
CSIRO\Documents\_Projects\SCCP-
QuantModelling\POPULATIONS\POPU
LATION_0005\INDIVIDUAL_NY296AS7
\cots_pred_comparison.png as 
the o3-mini does not support 
images.
Below are the proposed changes. We add one new discrete change: we      
introduce density dependence into the COTS dynamics by including a      
carrying capacity term. This adjustment, controlled by a new parameter  
log_cotsK, modulates the effective growth rate of COTS when their       
density is high, which is expected to improve the model fit by          
reflecting intraspecific competition.                                   

Below are the SEARCH/REPLACE blocks.                                    

POPULATIONS\POPULATION_0005\INDIVIDUAL_6MMMWAC5\model.cpp               

 1 Insert new parameter declaration for log_cotsK after the existing    
   parameter theta:                                                     

                                                                        
 <<<<<<< SEARCH                                                         
     PARAMETER(theta);                                                  
 =======                                                                
     PARAMETER(theta);                                                  
     PARAMETER(log_cotsK);                                              
 >>>>>>> REPLACE                                                        
                                                                        

 2 Add transformation for the new parameter cotsK after the standard    
   deviation is defined:                                                

                                                                        
 <<<<<<< SEARCH                                                         
     Type sd = exp(log_sd) + Type(1e-8); // observation error standard  
 deviation with small constant for stability                            
 =======                                                                
     Type sd = exp(log_sd) + Type(1e-8); // observation error standard  
 deviation with small constant for stability                            
     Type cotsK = exp(log_cotsK);                                       
 >>>>>>> REPLACE                                                        
                                                                        

 3 Modify the COTS prediction equation by including density dependence  
   via a carrying capacity term:                                        

                                                                        
 <<<<<<< SEARCH                                                         
         cots_pred(i) = cots_pred(i-1) * (Type(1) + growth_rate *       
 (Type(1) + gamma*(sst_dat(i-1) - Type(28))) *                          
                         ( slow_pred(i-1)*predation_rate_slow +         
 fast_pred(i-1)*predation_rate_fast )) + cotsimm_dat(i) + Type(1e-8);   
 =======                                                                
         cots_pred(i) = cots_pred(i-1) * (Type(1) + growth_rate *       
 (Type(1) + gamma*(sst_dat(i-1) - Type(28))) *                          
                         ( slow_pred(i-1)*predation_rate_slow +         
 fast_pred(i-1)*predation_rate_fast ) *                                 
                         (Type(1) - cots_pred(i-1)/cotsK)) +            
 cotsimm_dat(i) + Type(1e-8);                                           
 >>>>>>> REPLACE                                                        
                                                                        

POPULATIONS\POPULATION_0005\INDIVIDUAL_6MMMWAC5\parameters.json         

Add the new parameter log_cotsK by inserting it just before the end of  
the parameters list:                                                    

                                                                        
 <<<<<<< SEARCH                                                         
         {                                                              
             "parameter": "theta",                                      
             "value": 0.05,                                             
             "description": "Coral bleaching sensitivity to elevated se 
 surface temperature (affects coral growth rates)",                     
             "source": "model refinement",                              
             "import_type": "PARAMETER",                                
             "priority": 2,                                             
             "enhanced_semantic_description": "Parameter controlling th 
 impact of elevated sea surface temperature on coral bleaching and      
 reduced growth",                                                       
             "processed": true                                          
         }                                                              
     ]                                                                  
 =======                                                                
         {                                                              
             "parameter": "theta",                                      
             "value": 0.05,                                             
             "description": "Coral bleaching sensitivity to elevated se 
 surface temperature (affects coral growth rates)",                     
             "source": "model refinement",                              
             "import_type": "PARAMETER",                                
             "priority": 2,                                             
             "enhanced_semantic_description": "Parameter controlling th 
 impact of elevated sea surface temperature on coral bleaching and      
 reduced growth",                                                       
             "processed": true                                          
         },                                                             
         {                                                              
             "parameter": "log_cotsK",                                  
             "value": 4.605170,                                         
             "description": "Log of the carrying capacity for COTS      
 population (controls density dependence)",                             
             "source": "model improvement",                             
             "import_type": "PARAMETER",                                
             "priority": 2,                                             
             "enhanced_semantic_description": "Natural log of the maxim 
 sustainable Crown-of-Thorns starfish density",                         
             "processed": true                                          
         }                                                              
     ]                                                                  
 >>>>>>> REPLACE                                                        
                                                                        

POPULATIONS\POPULATION_0005\INDIVIDUAL_6MMMWAC5\intention.txt           

Describe the ecological improvement in intention.txt:                   

                                                                        
 <<<<<<< SEARCH                                                         
 =======                                                                
 Introduced density dependence in COTS growth by incorporating a carryi 
 capacity term. This limits explosive population growth at high densiti 
 and accounts for intraspecific competition, thereby improving model fi 
 >>>>>>> REPLACE                                                        
                                                                        

Tokens: 5.4k sent, 907 received. Cost: $0.0099 message, $0.0099 session.
Committing POPULATIONS\POPULATION_0005\INDIVIDUAL_6MMMWAC5\model.cpp 
before applying edits.
Committing 
POPULATIONS\POPULATION_0005\INDIVIDUAL_6MMMWAC5\parameters.json before 
applying edits.

Describe the ecological improvement in intention.txt
Unable to add C:\Users\spi085\OneDrive - 
CSIRO\Documents\_Projects\SCCP-QuantModelling\POPULATIONS\POPULATION_000
5\INDIVIDUAL_6MMMWAC5\parameters.json: Cmd('git') failed due to: exit 
code(1)
  cmdline: git add C:\Users\spi085\OneDrive - 
CSIRO\Documents\_Projects\SCCP-QuantModelling\POPULATIONS\POPULATION_000
5\INDIVIDUAL_6MMMWAC5\parameters.json
  stderr: 'The following paths are ignored by one of your .gitignore 
files:
POPULATIONS
hint: Use -f if you really want to add them.
hint: Turn this message off by running
hint: "git config advice.addIgnoredFile false"'
Unable to add C:\Users\spi085\OneDrive - 
CSIRO\Documents\_Projects\SCCP-QuantModelling\POPULATIONS\POPULATION_000
5\INDIVIDUAL_6MMMWAC5\model.cpp: Cmd('git') failed due to: exit code(1)
  cmdline: git add C:\Users\spi085\OneDrive - 
CSIRO\Documents\_Projects\SCCP-QuantModelling\POPULATIONS\POPULATION_000
5\INDIVIDUAL_6MMMWAC5\model.cpp
  stderr: 'The following paths are ignored by one of your .gitignore 
files:
POPULATIONS
hint: Use -f if you really want to add them.
hint: Turn this message off by running
hint: "git config advice.addIgnoredFile false"'
Unable to commit: Cmd('git') failed due to: exit code(1)
  cmdline: git commit -m feat: Add parameters and model files for 
individual 6MMMWAC5 in population 0005 --no-verify -- 
C:\Users\spi085\OneDrive - 
CSIRO\Documents\_Projects\SCCP-QuantModelling\POPULATIONS\POPULATION_000
5\INDIVIDUAL_6MMMWAC5\parameters.json C:\Users\spi085\OneDrive - 
CSIRO\Documents\_Projects\SCCP-QuantModelling\POPULATIONS\POPULATION_000
5\INDIVIDUAL_6MMMWAC5\model.cpp
  stderr: 'error: pathspec 'C:\Users\spi085\OneDrive - 
CSIRO\Documents\_Projects\SCCP-QuantModelling\POPULATIONS\POPULATION_000
5\INDIVIDUAL_6MMMWAC5\parameters.json' did not match any file(s) known 
to git
error: pathspec 'C:\Users\spi085\OneDrive - 
CSIRO\Documents\_Projects\SCCP-QuantModelling\POPULATIONS\POPULATION_000
5\INDIVIDUAL_6MMMWAC5\model.cpp' did not match any file(s) known to git'
Applied edit to 
POPULATIONS\POPULATION_0005\INDIVIDUAL_6MMMWAC5\parameters.json
Applied edit to 
POPULATIONS\POPULATION_0005\INDIVIDUAL_6MMMWAC5\model.cpp
Applied edit to Describe the ecological improvement in intention.txt
Improved existing model in individual: POPULATIONS\POPULATION_0005\INDIVIDUAL_6MMMWAC5
Validating model for data leakage...
Opening file: POPULATIONS\POPULATION_0005\INDIVIDUAL_6MMMWAC5\model.cpp
File read successfully
Extracting vectors...
Found data vectors: {'slow_dat', 'sst_dat', 'fast_dat', 'cots_dat', 'cotsimm_dat'}
Found prediction vectors: {'fast_pred', 'cots_pred', 'slow_pred'}
Finding initial conditions...
Found 4 initial conditions
Finding time-stepping loop...
Found loop from line 81 to 89
Found response variables: {'slow_dat', 'cots_dat', 'fast_dat'}
[93mRunning model for individual...[0m
[0mIndividual directory: POPULATIONS\POPULATION_0005\INDIVIDUAL_6MMMWAC5[0m
[93mR script stdout:[0m
[0mg++ -std=gnu++17  -I"C:/Users/spi085/AppData/Local/Programs/R/R-4.4.1/include" -DNDEBUG -I"C:/Users/spi085/AppData/Local/Programs/R/R-44~1.1/library/TMB/include" -I"C:/Users/spi085/AppData/Local/Programs/R/R-44~1.1/library/RCPPEI~1/include"   -DTMB_EIGEN_DISABLE_WARNINGS   -DTMB_LIB_INIT=R_init_model  -DCPPAD_FRAMEWORK    -I"C:/rtools44/x86_64-w64-mingw32.static.posix/include"     -O2 -Wa,-mbig-obj -c POPULATIONS//POPULATION_0005//INDIVIDUAL_6MMMWAC5/model.cpp -o POPULATIONS//POPULATION_0005//INDIVIDUAL_6MMMWAC5/model.o
g++ -std=gnu++17 -shared -s -static-libgcc -o POPULATIONS//POPULATION_0005//INDIVIDUAL_6MMMWAC5/model.dll tmp.def POPULATIONS//POPULATION_0005//INDIVIDUAL_6MMMWAC5/model.o -LC:/rtools44/x86_64-w64-mingw32.static.posix/lib/x64 -LC:/rtools44/x86_64-w64-mingw32.static.posix/lib -LC:/Users/spi085/AppData/Local/Programs/R/R-4.4.1/bin/x64 -lR
Starting model phases
Number of phases: 2 
Phase 1 
Initial parameter values for phase 1 :
        log_growth_rate log_predation_rate_slow log_predation_rate_fast 
                      0                      -2                      -2 
                  cots0                   slow0                   fast0 
                      1                      50                      30 
Error in model phases: NA/NaN gradient evaluation[0m
[93mR script stderr:[0m
[0mLoading required package: TMB
Loading required package: jsonlite
here() starts at C:/Users/spi085/OneDrive - CSIRO/Documents/_Projects/SCCP-QuantModelling
using C++ compiler: 'G__~1.EXE (GCC) 13.2.0'
Error in value[[3L]](cond) : 
  Error in model phases: NA/NaN gradient evaluation
Calls: tryCatch -> tryCatchList -> tryCatchOne -> <Anonymous>
In addition: Warning message:
In nlminb(model$par, model$fn, model$gr) : NA/NaN function evaluation
Execution halted[0m
[91mR script failed with return code 1[0m
MODEL RUN FINISHED
Error: Objective value is None
Initial run failed. Attempting to fix...
Fixing broken model iteration: 0
Below is the single discrete 
change: we now modify the    
densityâ€dependence term in   
the COTS prediction equation 
so that its multiplier is    
bounded from below by zero.  
This prevents the prediction 
from taking negative values  
(and causing NA/NaN          
gradients) when the COTS     
population exceeds the       
carrying capacity.           

Below are the SEARCH/REPLACE 
blocks:                      

POPULATIONS\POPULATION_0005\I
NDIVIDUAL_6MMMWAC5\model.cpp 

                     max(Type(0), (Type(1) - cots_pred(i-1)/cotsK)) 
 + cotsimm_dat(i) + Type(1e-8);                                     
 >>>>>>> REPLACE                                                    
                                                                    

POPULATIONS\POPULATION_0005\INDIVIDUAL_6MMMWAC5\intention.txt       

                                                                    
 <<<<<<< SEARCH                                                     
 Introduced density dependence in COTS growth by incorporating a    
 carrying capacity term. This limits explosive population growth at 
 high densities and accounts for intraspecific competition, thereby 
 improving model fit.                                               
 =======                                                            
 Introduced density dependence in COTS growth by incorporating a    
 carrying capacity term. This limits explosive population growth at 
 high densities and accounts for intraspecific competition, thereby 
 improving model fit.                                               
 Also, the density multiplier is now bounded below by zero to avoid 
 negative population predictions.                                   
 >>>>>>> REPLACE                                                    
                                                                    

Tokens: 7.1k sent, 348 received. Cost: $0.0093 message, $0.02 
session.
Committing POPULATIONS\POPULATION_0005\INDIVIDUAL_6MMMWAC5\model.cpp
before applying edits.
Committing Describe the ecological improvement in intention.txt 
before applying edits.
Unable to add C:\Users\spi085\OneDrive - 
CSIRO\Documents\_Projects\SCCP-QuantModelling\POPULATIONS\POPULATION
_0005\INDIVIDUAL_6MMMWAC5\model.cpp: Cmd('git') failed due to: exit 
code(1)
  cmdline: git add C:\Users\spi085\OneDrive - 
CSIRO\Documents\_Projects\SCCP-QuantModelling\POPULATIONS\POPULATION
_0005\INDIVIDUAL_6MMMWAC5\model.cpp
  stderr: 'The following paths are ignored by one of your .gitignore
files:
POPULATIONS
hint: Use -f if you really want to add them.
hint: Turn this message off by running
hint: "git config advice.addIgnoredFile false"'
Unable to commit: Cmd('git') failed due to: exit code(1)
  cmdline: git commit -m feat: Add ecological improvement 
description and model implementation --no-verify -- 
C:\Users\spi085\OneDrive - 
CSIRO\Documents\_Projects\SCCP-QuantModelling\POPULATIONS\POPULATION
_0005\INDIVIDUAL_6MMMWAC5\model.cpp C:\Users\spi085\OneDrive - 
CSIRO\Documents\_Projects\SCCP-QuantModelling\Describe the 
ecological improvement in intention.txt
  stderr: 'error: pathspec 'C:\Users\spi085\OneDrive - 
CSIRO\Documents\_Projects\SCCP-QuantModelling\POPULATIONS\POPULATION
_0005\INDIVIDUAL_6MMMWAC5\model.cpp' did not match any file(s) known
to git'
Applied edit to 
POPULATIONS\POPULATION_0005\INDIVIDUAL_6MMMWAC5\model.cpp
Applied edit to Describe the ecological improvement in intention.txt
Validating fixed model for data leakage...
Opening file: POPULATIONS\POPULATION_0005\INDIVIDUAL_6MMMWAC5\model.cpp
File read successfully
Extracting vectors...
Found data vectors: {'slow_dat', 'sst_dat', 'fast_dat', 'cots_dat', 'cotsimm_dat'}
Found prediction vectors: {'fast_pred', 'cots_pred', 'slow_pred'}
Finding initial conditions...
Found 4 initial conditions
Finding time-stepping loop...
Found loop from line 81 to 89
Found response variables: {'slow_dat', 'cots_dat', 'fast_dat'}
[93mRunning model for individual...[0m
[0mIndividual directory: POPULATIONS\POPULATION_0005\INDIVIDUAL_6MMMWAC5[0m
[93mRemoved old compilation: model.dll[0m
[93mRemoved old compilation: model.o[0m
[93mR script stdout:[0m
[0mg++ -std=gnu++17  -I"C:/Users/spi085/AppData/Local/Programs/R/R-4.4.1/include" -DNDEBUG -I"C:/Users/spi085/AppData/Local/Programs/R/R-44~1.1/library/TMB/include" -I"C:/Users/spi085/AppData/Local/Programs/R/R-44~1.1/library/RCPPEI~1/include"   -DTMB_EIGEN_DISABLE_WARNINGS   -DTMB_LIB_INIT=R_init_model  -DCPPAD_FRAMEWORK    -I"C:/rtools44/x86_64-w64-mingw32.static.posix/include"     -O2 -Wa,-mbig-obj -c POPULATIONS//POPULATION_0005//INDIVIDUAL_6MMMWAC5/model.cpp -o POPULATIONS//POPULATION_0005//INDIVIDUAL_6MMMWAC5/model.o[0m
[93mR script stderr:[0m
[0mLoading required package: TMB
Loading required package: jsonlite
here() starts at C:/Users/spi085/OneDrive - CSIRO/Documents/_Projects/SCCP-QuantModelling
using C++ compiler: 'G__~1.EXE (GCC) 13.2.0'
POPULATIONS//POPULATION_0005//INDIVIDUAL_6MMMWAC5/model.cpp: In instantiation of 'Type objective_function<Type>::operator()() [with Type = CppAD::AD<double>]':
C:/Users/spi085/AppData/Local/Programs/R/R-4.4.1/library/TMB/include/tmb_core.hpp:1308:6:   required from here
POPULATIONS//POPULATION_0005//INDIVIDUAL_6MMMWAC5/model.cpp:88:28: error: no matching function for call to 'max(CppAD::AD<double>, CppAD::AD<double>)'
   88 |                         max(Type(0), (Type(1) - cots_pred(i-1)/cotsK))) + cotsimm_dat(i) + Type(1e-8);
      |                         ~~~^~~~~~~~~~~~~~~~~~~~~~~~~~~~~~~~~~~~~~~~~~~
In file included from C:/Users/spi085/AppData/Local/Programs/R/R-4.4.1/library/TMB/include/TMB.hpp:215,
                 from POPULATIONS//POPULATION_0005//INDIVIDUAL_6MMMWAC5/model.cpp:1:
C:/Users/spi085/AppData/Local/Programs/R/R-4.4.1/library/TMB/include/convenience.hpp:145:6: note: candidate: 'template<class Type> Type max(const tmbutils::vector<Type>&)'
  145 | Type max(const vector<Type> &x)
      |      ^~~
C:/Users/spi085/AppData/Local/Programs/R/R-4.4.1/library/TMB/include/convenience.hpp:145:6: note:   template argument deduction/substitution failed:
POPULATIONS//POPULATION_0005//INDIVIDUAL_6MMMWAC5/model.cpp:88:28: note:   'CppAD::AD<double>' is not derived from 'const tmbutils::vector<Type>'
   88 |                         max(Type(0), (Type(1) - cots_pred(i-1)/cotsK))) + cotsimm_dat(i) + Type(1e-8);
      |                         ~~~^~~~~~~~~~~~~~~~~~~~~~~~~~~~~~~~~~~~~~~~~~~
POPULATIONS//POPULATION_0005//INDIVIDUAL_6MMMWAC5/model.cpp: In instantiation of 'Type objective_function<Type>::operator()() [with Type = double]':
C:/Users/spi085/AppData/Local/Programs/R/R-4.4.1/library/TMB/include/tmb_core.hpp:2031:7:   required from here
POPULATIONS//POPULATION_0005//INDIVIDUAL_6MMMWAC5/model.cpp:88:28: error: no matching function for call to 'max(double, double)'
C:/Users/spi085/AppData/Local/Programs/R/R-4.4.1/library/TMB/include/convenience.hpp:145:6: note: candidate: 'template<class Type> Type max(const tmbutils::vector<Type>&)'
  145 | Type max(const vector<Type> &x)
      |      ^~~
C:/Users/spi085/AppData/Local/Programs/R/R-4.4.1/library/TMB/include/convenience.hpp:145:6: note:   template argument deduction/substitution failed:
POPULATIONS//POPULATION_0005//INDIVIDUAL_6MMMWAC5/model.cpp:88:28: note:   mismatched types 'const tmbutils::vector<Type>' and 'double'
   88 |                         max(Type(0), (Type(1) - cots_pred(i-1)/cotsK))) + cotsimm_dat(i) + Type(1e-8);
      |                         ~~~^~~~~~~~~~~~~~~~~~~~~~~~~~~~~~~~~~~~~~~~~~~
POPULATIONS//POPULATION_0005//INDIVIDUAL_6MMMWAC5/model.cpp: In instantiation of 'Type objective_function<Type>::operator()() [with Type = CppAD::AD<CppAD::AD<double> >]':
C:/Users/spi085/AppData/Local/Programs/R/R-4.4.1/library/TMB/include/tmb_core.hpp:913:29:   required from 'Type objective_function<Type>::evalUserTemplate() [with Type = CppAD::AD<CppAD::AD<double> >]'
C:/Users/spi085/AppData/Local/Programs/R/R-4.4.1/library/TMB/include/tmb_core.hpp:2112:26:   required from here
POPULATIONS//POPULATION_0005//INDIVIDUAL_6MMMWAC5/model.cpp:88:28: error: no matching function for call to 'max(CppAD::AD<CppAD::AD<double> >, CppAD::AD<CppAD::AD<double> >)'
C:/Users/spi085/AppData/Local/Programs/R/R-4.4.1/library/TMB/include/convenience.hpp:145:6: note: candidate: 'template<class Type> Type max(const tmbutils::vector<Type>&)'
  145 | Type max(const vector<Type> &x)
      |      ^~~
C:/Users/spi085/AppData/Local/Programs/R/R-4.4.1/library/TMB/include/convenience.hpp:145:6: note:   template argument deduction/substitution failed:
POPULATIONS//POPULATION_0005//INDIVIDUAL_6MMMWAC5/model.cpp:88:28: note:   'CppAD::AD<CppAD::AD<double> >' is not derived from 'const tmbutils::vector<Type>'
   88 |                         max(Type(0), (Type(1) - cots_pred(i-1)/cotsK))) + cotsimm_dat(i) + Type(1e-8);
      |                         ~~~^~~~~~~~~~~~~~~~~~~~~~~~~~~~~~~~~~~~~~~~~~~
POPULATIONS//POPULATION_0005//INDIVIDUAL_6MMMWAC5/model.cpp: In instantiation of 'Type objective_function<Type>::operator()() [with Type = CppAD::AD<CppAD::AD<CppAD::AD<double> > >]':
C:/Users/spi085/AppData/Local/Programs/R/R-4.4.1/library/TMB/include/tmb_core.hpp:913:29:   required from 'Type objective_function<Type>::evalUserTemplate() [with Type = CppAD::AD<CppAD::AD<CppAD::AD<double> > >]'
C:/Users/spi085/AppData/Local/Programs/R/R-4.4.1/library/TMB/include/tmb_core.hpp:2361:28:   required from here
POPULATIONS//POPULATION_0005//INDIVIDUAL_6MMMWAC5/model.cpp:88:28: error: no matching function for call to 'max(CppAD::AD<CppAD::AD<CppAD::AD<double> > >, CppAD::AD<CppAD::AD<CppAD::AD<double> > >)'
C:/Users/spi085/AppData/Local/Programs/R/R-4.4.1/library/TMB/include/convenience.hpp:145:6: note: candidate: 'template<class Type> Type max(const tmbutils::vector<Type>&)'
  145 | Type max(const vector<Type> &x)
      |      ^~~
C:/Users/spi085/AppData/Local/Programs/R/R-4.4.1/library/TMB/include/convenience.hpp:145:6: note:   template argument deduction/substitution failed:
POPULATIONS//POPULATION_0005//INDIVIDUAL_6MMMWAC5/model.cpp:88:28: note:   'CppAD::AD<CppAD::AD<CppAD::AD<double> > >' is not derived from 'const tmbutils::vector<Type>'
   88 |                         max(Type(0), (Type(1) - cots_pred(i-1)/cotsK))) + cotsimm_dat(i) + Type(1e-8);
      |                         ~~~^~~~~~~~~~~~~~~~~~~~~~~~~~~~~~~~~~~~~~~~~~~
make: *** [C:/Users/spi085/AppData/Local/Programs/R/R-4.4.1/etc/x64/Makeconf:296: POPULATIONS//POPULATION_0005//INDIVIDUAL_6MMMWAC5/model.o] Error 1
Error in TMB::compile(file.path(individual_dir, model_file), flags = flags,  : 
  Compilation failed
Error: Compilation failed
Execution halted[0m
[91mModel failed to compile.[0m
Fixing broken model iteration: 1
Below is the proposed SEARCH/REPLACE block that modifies the        
density-dependent term so that it uses a ternary operator instead of
the unavailable max() function. This ensures the multiplier is      
bounded by zero without invoking overload issues.                   

POPULATIONS\POPULATION_0005\INDIVIDUAL_6MMMWAC5\model.cpp           

                                                                    
 <<<<<<< SEARCH                                                     
         cots_pred(i) = cots_pred(i-1) * (Type(1) + growth_rate *   
 (Type(1) + gamma*(sst_dat(i-1) - Type(28))) *                      
                         ( slow_pred(i-1)*predation_rate_slow +     
 fast_pred(i-1)*predation_rate_fast ) *                             
                         max(Type(0), (Type(1) -                    
 cots_pred(i-1)/cotsK))) + cotsimm_dat(i) + Type(1e-8);             
 =======                                                            
         cots_pred(i) = cots_pred(i-1) * (Type(1) + growth_rate *   
 (Type(1) + gamma*(sst_dat(i-1) - Type(28))) *                      
                         ( slow_pred(i-1)*predation_rate_slow +     
 fast_pred(i-1)*predation_rate_fast ) *                             
                         (((Type(1) - cots_pred(i-1)/cotsK) >       
 Type(0)) ? (Type(1) - cots_pred(i-1)/cotsK) : Type(0))) +          
 cotsimm_dat(i) + Type(1e-8);                                       
 >>>>>>> REPLACE                                                    
                                                                    

Tokens: 9.7k sent, 317 received. Cost: $0.01 message, $0.03 session.
Committing POPULATIONS\POPULATION_0005\INDIVIDUAL_6MMMWAC5\model.cpp
before applying edits.
Unable to add C:\Users\spi085\OneDrive - 
CSIRO\Documents\_Projects\SCCP-QuantModelling\POPULATIONS\POPULATION
_0005\INDIVIDUAL_6MMMWAC5\model.cpp: Cmd('git') failed due to: exit 
code(1)
  cmdline: git add C:\Users\spi085\OneDrive - 
CSIRO\Documents\_Projects\SCCP-QuantModelling\POPULATIONS\POPULATION
_0005\INDIVIDUAL_6MMMWAC5\model.cpp
  stderr: 'The following paths are ignored by one of your .gitignore
files:
POPULATIONS
hint: Use -f if you really want to add them.
hint: Turn this message off by running
hint: "git config advice.addIgnoredFile false"'
Unable to commit: Cmd('git') failed due to: exit code(1)
  cmdline: git commit -m feat: Add model.cpp for population 0005 
individual 6MMMWAC5 --no-verify -- C:\Users\spi085\OneDrive - 
CSIRO\Documents\_Projects\SCCP-QuantModelling\POPULATIONS\POPULATION
_0005\INDIVIDUAL_6MMMWAC5\model.cpp
  stderr: 'error: pathspec 'C:\Users\spi085\OneDrive - 
CSIRO\Documents\_Projects\SCCP-QuantModelling\POPULATIONS\POPULATION
_0005\INDIVIDUAL_6MMMWAC5\model.cpp' did not match any file(s) known
to git'
Applied edit to 
POPULATIONS\POPULATION_0005\INDIVIDUAL_6MMMWAC5\model.cpp
Validating fixed model for data leakage...
Opening file: POPULATIONS\POPULATION_0005\INDIVIDUAL_6MMMWAC5\model.cpp
File read successfully
Extracting vectors...
Found data vectors: {'slow_dat', 'sst_dat', 'fast_dat', 'cots_dat', 'cotsimm_dat'}
Found prediction vectors: {'fast_pred', 'cots_pred', 'slow_pred'}
Finding initial conditions...
Found 4 initial conditions
Finding time-stepping loop...
Found loop from line 81 to 89
Found response variables: {'slow_dat', 'cots_dat', 'fast_dat'}
[93mRunning model for individual...[0m
[0mIndividual directory: POPULATIONS\POPULATION_0005\INDIVIDUAL_6MMMWAC5[0m
[93mR script stdout:[0m
[0mg++ -std=gnu++17  -I"C:/Users/spi085/AppData/Local/Programs/R/R-4.4.1/include" -DNDEBUG -I"C:/Users/spi085/AppData/Local/Programs/R/R-44~1.1/library/TMB/include" -I"C:/Users/spi085/AppData/Local/Programs/R/R-44~1.1/library/RCPPEI~1/include"   -DTMB_EIGEN_DISABLE_WARNINGS   -DTMB_LIB_INIT=R_init_model  -DCPPAD_FRAMEWORK    -I"C:/rtools44/x86_64-w64-mingw32.static.posix/include"     -O2 -Wa,-mbig-obj -c POPULATIONS//POPULATION_0005//INDIVIDUAL_6MMMWAC5/model.cpp -o POPULATIONS//POPULATION_0005//INDIVIDUAL_6MMMWAC5/model.o
g++ -std=gnu++17 -shared -s -static-libgcc -o POPULATIONS//POPULATION_0005//INDIVIDUAL_6MMMWAC5/model.dll tmp.def POPULATIONS//POPULATION_0005//INDIVIDUAL_6MMMWAC5/model.o -LC:/rtools44/x86_64-w64-mingw32.static.posix/lib/x64 -LC:/rtools44/x86_64-w64-mingw32.static.posix/lib -LC:/Users/spi085/AppData/Local/Programs/R/R-4.4.1/bin/x64 -lR
Starting model phases
Number of phases: 2 
Phase 1 
Initial parameter values for phase 1 :
        log_growth_rate log_predation_rate_slow log_predation_rate_fast 
                      0                      -2                      -2 
                  cots0                   slow0                   fast0 
                      1                      50                      30 
Final parameter values for phase 1 :
        log_growth_rate log_predation_rate_slow log_predation_rate_fast 
             1.30014110             -4.20193309              1.50207419 
                  cots0                   slow0                   fast0 
             0.02993621              3.14552184              1.93600837 
Convergence message: function evaluation limit reached without convergence (9) 
Number of iterations: 145 
Objective function value: 2258.293 
Gradient at solution for phase 1 :
          [,1]       [,2]      [,3]      [,4]      [,5]      [,6]
[1,] -41.73197 -0.2247451 -41.50723 -637.9507 0.2691178 -20.83645
Phase 2 
Initial parameter values for phase 2 :
              log_sd log_growth_rate_slow log_growth_rate_fast 
            -1.00000              0.00000              0.00000 
         impact_slow          impact_fast                gamma 
             0.01000              0.01000              0.10000 
               theta            log_cotsK 
             0.05000              4.60517 
Final parameter values for phase 2 :
              log_sd log_growth_rate_slow log_growth_rate_fast 
          0.31869541          -3.83803867          -0.98515741 
         impact_slow          impact_fast                gamma 
         -0.06077751           0.01431413          -0.63345016 
               theta            log_cotsK 
          0.55743216           3.43757814 
Convergence message: function evaluation limit reached without convergence (9) 
Number of iterations: 91 
Objective function value: 230.6138 
Gradient at solution for phase 2 :
           [,1]      [,2]      [,3]      [,4]     [,5]      [,6]     [,7]
[1,] -0.9463456 0.4373359 -403.4189 -81.94131 123.3592 -944.3867 153.8324
         [,8]
[1,] 1308.516
Final Phase
Initial parameter values for final phase:
        log_growth_rate log_predation_rate_slow log_predation_rate_fast 
             1.30014110             -4.20193309              1.50207419 
                 log_sd                   cots0                   slow0 
             0.31869541              0.02993621              3.14552184 
                  fast0    log_growth_rate_slow    log_growth_rate_fast 
             1.93600837             -3.83803867             -0.98515741 
            impact_slow             impact_fast                   gamma 
            -0.06077751              0.01431413             -0.63345016 
                  theta               log_cotsK 
             0.55743216              3.43757814 
Final parameter values for final phase:
        log_growth_rate log_predation_rate_slow log_predation_rate_fast 
          -44.744033595           -94.540444767            45.796411172 
                 log_sd                   cots0                   slow0 
            0.072404354             0.023031032            24.810137581 
                  fast0    log_growth_rate_slow    log_growth_rate_fast 
           16.155327186           -27.599427112           -15.937951852 
            impact_slow             impact_fast                   gamma 
           -0.005265766            -0.002715534            -5.034899610 
                  theta               log_cotsK 
            0.191971183             1.816057687 
Convergence message: singular convergence (7) 
Number of iterations: 114 
Objective function value: 211.6687 
Gradient at solution for final phase:
              [,1]         [,2]          [,3]         [,4]        [,5]
[1,] -8.925726e-06 -1.54751e-66 -8.925726e-06 2.713714e-06 0.002741031
             [,6]          [,7]         [,8]         [,9]         [,10]
[1,] 5.869549e-07 -3.041154e-07 3.560615e-12 1.113425e-07 -0.0002171284
             [,11]       [,12]         [,13]         [,14]
[1,] -0.0003091683 0.002007466 -7.230239e-05 -6.616686e-06
All phases completed

DEBUG: Report contents:
List of 4
 $ cots_pred          : num [1:26] 2.30e-02 5.50e-01 3.91e-01 -8.05e+01 -6.55e+05 ...
 $ predation_rate_fast: num 7.75e+19
 $ growth_rate        : num 3.7e-20
 $ predation_rate_slow: num 8.74e-42
NULL

DEBUG: Available variables in report:
[1] "cots_pred"           "predation_rate_fast" "growth_rate"        
[4] "predation_rate_slow"

Checking predictions and calculating objective function...

DEBUG: Processing cots_pred 
DEBUG: First few predictions: 0.02303103 0.5502231 0.3914724 -80.46977 -655159.1 -3.918078e+12 
DEBUG: Summary statistics:
      Min.    1st Qu.     Median       Mean    3rd Qu.       Max.       NA's 
-3.918e+12 -1.638e+05  0.000e+00  3.614e+16  3.614e+16  1.446e+17         18 
DEBUG: All zeros? FALSE 
DEBUG: Any infinities? FALSE 

DEBUG: Processing slow_pred 
DEBUG: slow_pred not found in report
DEBUG: Available variables: cots_pred, predation_rate_fast, growth_rate, predation_rate_slow 

DEBUG: Calculating MSE for each variable:

DEBUG: cots_pred 
Observed: 0.2615042 0.5498196 0.7268086 0.5522907 0.828121 0.5470078 ...
Predicted: 0.02303103 0.5502231 0.3914724 -80.46977 -655159.1 -3.918078e+12 ...
MSE (normalized): 2.834511e+34 

DEBUG: MSE values:
    cots_dat     slow_dat     fast_dat      sst_dat  cotsimm_dat 
2.834511e+34           NA           NA           NA           NA 

DEBUG: Final objective value (mean of MSEs): 2.834511e+34 

Final objective function value: 2.834511e+34 

JSON_REPORT_START
{
  "status": "SUCCESS",
  "objective_value": 2.8345112638170441e+34,
  "model_summary": ["            Length Class  Mode     ", "par         14     -none- numeric  ", "objective    1     -none- numeric  ", "convergence  1     -none- numeric  ", "iterations   1     -none- numeric  ", "evaluations  2     -none- numeric  ", "message      1     -none- character"],
  "model_report": {
    "cots_pred": [0.023, 0.5502, 0.3915, -80.4698, -655159.1495, -3918077883207.8203, 1.4455252086354266e+17, 1.4455252086354266e+17, "NaN", "NaN", "NaN", "NaN", "NaN", "NaN", "NaN", "NaN", "NaN", "NaN", "NaN", "NaN", "NaN", "NaN", "NaN", "NaN", "NaN", "NaN"],
    "predation_rate_fast": 7.7469127179224023e+19,
    "growth_rate": 3.6975e-20,
    "predation_rate_slow": 8.7419e-42
  },
  "plot_data": {
    "cots_pred": {
      "Year": [1980, 1981, 1982, 1983, 1984, 1985, 1986, 1987, 1988, 1989, 1990, 1991, 1992, 1993, 1994, 1995, 1996, 1997, 1998, 1999, 2000, 2001, 2002, 2003, 2004, 2005],
      "Modeled": [0.023, 0.5502, 0.3915, -80.4698, -655159.1495, -3918077883207.8203, 1.4455252086354266e+17, 1.4455252086354266e+17, "NaN", "NaN", "NaN", "NaN", "NaN", "NaN", "NaN", "NaN", "NaN", "NaN", "NaN", "NaN", "NaN", "NaN", "NaN", "NaN", "NaN", "NaN"],
      "Observed": [0.2615, 0.5498, 0.7268, 0.5523, 0.8281, 0.547, 0.758, 0.6288, 0.4762, 0.6466, 0.9107, 2.152, 0.6446, 1.6723, 0.4766, 0.8075, 0.3635, 0.3728, 0.6173, 0.3107, 0.256, 0.2984, 0.3362, 0.2878, 0.3221, 0.4308]
    }
  }
}
JSON_REPORT_END[0m
[93mR script stderr:[0m
[0mLoading required package: TMB
Loading required package: jsonlite
here() starts at C:/Users/spi085/OneDrive - CSIRO/Documents/_Projects/SCCP-QuantModelling
using C++ compiler: 'G__~1.EXE (GCC) 13.2.0'
There were 19 warnings (use warnings() to see them)
Warning messages:
1: Removed 18 rows containing missing values or values outside the scale range
(`geom_line()`). 
2: Removed 18 rows containing missing values or values outside the scale range
(`geom_line()`).[0m
[0mObjective value: 2.834511263817044e+34[0m
[94mObjective Value: 2.834511263817044e+34[0m
[92mSuccessful model run[0m
[0m--------------------------------------[0m
Model run successful. Objective value: 2.834511263817044e+34
Model ran successful and returned meaningful objective value... enhancing parameter descriptions.
Enhancing parameter descriptions...
Parameter processing completed.
