{
  "iterations": {
    "1": {
      "status": "ERROR",
      "message": "R script failed with return code 1",
      "stdout": "g++ -std=gnu++17  -I\"C:/Users/spi085/AppData/Local/Programs/R/R-4.4.1/include\" -DNDEBUG -I\"C:/Users/spi085/AppData/Local/Programs/R/R-44~1.1/library/TMB/include\" -I\"C:/Users/spi085/AppData/Local/Programs/R/R-44~1.1/library/RCPPEI~1/include\"   -DTMB_EIGEN_DISABLE_WARNINGS   -DTMB_LIB_INIT=R_init_model  -DCPPAD_FRAMEWORK    -I\"C:/rtools44/x86_64-w64-mingw32.static.posix/include\"     -O2 -Wa,-mbig-obj -c POPULATIONS//POPULATION_0005//INDIVIDUAL_6MMMWAC5/model.cpp -o POPULATIONS//POPULATION_0005//INDIVIDUAL_6MMMWAC5/model.o\ng++ -std=gnu++17 -shared -s -static-libgcc -o POPULATIONS//POPULATION_0005//INDIVIDUAL_6MMMWAC5/model.dll tmp.def POPULATIONS//POPULATION_0005//INDIVIDUAL_6MMMWAC5/model.o -LC:/rtools44/x86_64-w64-mingw32.static.posix/lib/x64 -LC:/rtools44/x86_64-w64-mingw32.static.posix/lib -LC:/Users/spi085/AppData/Local/Programs/R/R-4.4.1/bin/x64 -lR\nStarting model phases\nNumber of phases: 2 \nPhase 1 \nInitial parameter values for phase 1 :\n        log_growth_rate log_predation_rate_slow log_predation_rate_fast \n                      0                      -2                      -2 \n                  cots0                   slow0                   fast0 \n                      1                      50                      30 \nError in model phases: NA/NaN gradient evaluation",
      "stderr": "Loading required package: TMB\nLoading required package: jsonlite\nhere() starts at C:/Users/spi085/OneDrive - CSIRO/Documents/_Projects/SCCP-QuantModelling\nusing C++ compiler: 'G__~1.EXE (GCC) 13.2.0'\nError in value[[3L]](cond) : \n  Error in model phases: NA/NaN gradient evaluation\nCalls: tryCatch -> tryCatchList -> tryCatchOne -> <Anonymous>\nIn addition: Warning message:\nIn nlminb(model$par, model$fn, model$gr) : NA/NaN function evaluation\nExecution halted"
    },
    "2": {
      "status": "ERROR",
      "message": "Model failed to compile.",
      "stdout": "g++ -std=gnu++17  -I\"C:/Users/spi085/AppData/Local/Programs/R/R-4.4.1/include\" -DNDEBUG -I\"C:/Users/spi085/AppData/Local/Programs/R/R-44~1.1/library/TMB/include\" -I\"C:/Users/spi085/AppData/Local/Programs/R/R-44~1.1/library/RCPPEI~1/include\"   -DTMB_EIGEN_DISABLE_WARNINGS   -DTMB_LIB_INIT=R_init_model  -DCPPAD_FRAMEWORK    -I\"C:/rtools44/x86_64-w64-mingw32.static.posix/include\"     -O2 -Wa,-mbig-obj -c POPULATIONS//POPULATION_0005//INDIVIDUAL_6MMMWAC5/model.cpp -o POPULATIONS//POPULATION_0005//INDIVIDUAL_6MMMWAC5/model.o",
      "stderr": "Loading required package: TMB\nLoading required package: jsonlite\nhere() starts at C:/Users/spi085/OneDrive - CSIRO/Documents/_Projects/SCCP-QuantModelling\nusing C++ compiler: 'G__~1.EXE (GCC) 13.2.0'\nPOPULATIONS//POPULATION_0005//INDIVIDUAL_6MMMWAC5/model.cpp: In instantiation of 'Type objective_function<Type>::operator()() [with Type = CppAD::AD<double>]':\nC:/Users/spi085/AppData/Local/Programs/R/R-4.4.1/library/TMB/include/tmb_core.hpp:1308:6:   required from here\nPOPULATIONS//POPULATION_0005//INDIVIDUAL_6MMMWAC5/model.cpp:88:28: error: no matching function for call to 'max(CppAD::AD<double>, CppAD::AD<double>)'\n   88 |                         max(Type(0), (Type(1) - cots_pred(i-1)/cotsK))) + cotsimm_dat(i) + Type(1e-8);\n      |                         ~~~^~~~~~~~~~~~~~~~~~~~~~~~~~~~~~~~~~~~~~~~~~~\nIn file included from C:/Users/spi085/AppData/Local/Programs/R/R-4.4.1/library/TMB/include/TMB.hpp:215,\n                 from POPULATIONS//POPULATION_0005//INDIVIDUAL_6MMMWAC5/model.cpp:1:\nC:/Users/spi085/AppData/Local/Programs/R/R-4.4.1/library/TMB/include/convenience.hpp:145:6: note: candidate: 'template<class Type> Type max(const tmbutils::vector<Type>&)'\n  145 | Type max(const vector<Type> &x)\n      |      ^~~\nC:/Users/spi085/AppData/Local/Programs/R/R-4.4.1/library/TMB/include/convenience.hpp:145:6: note:   template argument deduction/substitution failed:\nPOPULATIONS//POPULATION_0005//INDIVIDUAL_6MMMWAC5/model.cpp:88:28: note:   'CppAD::AD<double>' is not derived from 'const tmbutils::vector<Type>'\n   88 |                         max(Type(0), (Type(1) - cots_pred(i-1)/cotsK))) + cotsimm_dat(i) + Type(1e-8);\n      |                         ~~~^~~~~~~~~~~~~~~~~~~~~~~~~~~~~~~~~~~~~~~~~~~\nPOPULATIONS//POPULATION_0005//INDIVIDUAL_6MMMWAC5/model.cpp: In instantiation of 'Type objective_function<Type>::operator()() [with Type = double]':\nC:/Users/spi085/AppData/Local/Programs/R/R-4.4.1/library/TMB/include/tmb_core.hpp:2031:7:   required from here\nPOPULATIONS//POPULATION_0005//INDIVIDUAL_6MMMWAC5/model.cpp:88:28: error: no matching function for call to 'max(double, double)'\nC:/Users/spi085/AppData/Local/Programs/R/R-4.4.1/library/TMB/include/convenience.hpp:145:6: note: candidate: 'template<class Type> Type max(const tmbutils::vector<Type>&)'\n  145 | Type max(const vector<Type> &x)\n      |      ^~~\nC:/Users/spi085/AppData/Local/Programs/R/R-4.4.1/library/TMB/include/convenience.hpp:145:6: note:   template argument deduction/substitution failed:\nPOPULATIONS//POPULATION_0005//INDIVIDUAL_6MMMWAC5/model.cpp:88:28: note:   mismatched types 'const tmbutils::vector<Type>' and 'double'\n   88 |                         max(Type(0), (Type(1) - cots_pred(i-1)/cotsK))) + cotsimm_dat(i) + Type(1e-8);\n      |                         ~~~^~~~~~~~~~~~~~~~~~~~~~~~~~~~~~~~~~~~~~~~~~~\nPOPULATIONS//POPULATION_0005//INDIVIDUAL_6MMMWAC5/model.cpp: In instantiation of 'Type objective_function<Type>::operator()() [with Type = CppAD::AD<CppAD::AD<double> >]':\nC:/Users/spi085/AppData/Local/Programs/R/R-4.4.1/library/TMB/include/tmb_core.hpp:913:29:   required from 'Type objective_function<Type>::evalUserTemplate() [with Type = CppAD::AD<CppAD::AD<double> >]'\nC:/Users/spi085/AppData/Local/Programs/R/R-4.4.1/library/TMB/include/tmb_core.hpp:2112:26:   required from here\nPOPULATIONS//POPULATION_0005//INDIVIDUAL_6MMMWAC5/model.cpp:88:28: error: no matching function for call to 'max(CppAD::AD<CppAD::AD<double> >, CppAD::AD<CppAD::AD<double> >)'\nC:/Users/spi085/AppData/Local/Programs/R/R-4.4.1/library/TMB/include/convenience.hpp:145:6: note: candidate: 'template<class Type> Type max(const tmbutils::vector<Type>&)'\n  145 | Type max(const vector<Type> &x)\n      |      ^~~\nC:/Users/spi085/AppData/Local/Programs/R/R-4.4.1/library/TMB/include/convenience.hpp:145:6: note:   template argument deduction/substitution failed:\nPOPULATIONS//POPULATION_0005//INDIVIDUAL_6MMMWAC5/model.cpp:88:28: note:   'CppAD::AD<CppAD::AD<double> >' is not derived from 'const tmbutils::vector<Type>'\n   88 |                         max(Type(0), (Type(1) - cots_pred(i-1)/cotsK))) + cotsimm_dat(i) + Type(1e-8);\n      |                         ~~~^~~~~~~~~~~~~~~~~~~~~~~~~~~~~~~~~~~~~~~~~~~\nPOPULATIONS//POPULATION_0005//INDIVIDUAL_6MMMWAC5/model.cpp: In instantiation of 'Type objective_function<Type>::operator()() [with Type = CppAD::AD<CppAD::AD<CppAD::AD<double> > >]':\nC:/Users/spi085/AppData/Local/Programs/R/R-4.4.1/library/TMB/include/tmb_core.hpp:913:29:   required from 'Type objective_function<Type>::evalUserTemplate() [with Type = CppAD::AD<CppAD::AD<CppAD::AD<double> > >]'\nC:/Users/spi085/AppData/Local/Programs/R/R-4.4.1/library/TMB/include/tmb_core.hpp:2361:28:   required from here\nPOPULATIONS//POPULATION_0005//INDIVIDUAL_6MMMWAC5/model.cpp:88:28: error: no matching function for call to 'max(CppAD::AD<CppAD::AD<CppAD::AD<double> > >, CppAD::AD<CppAD::AD<CppAD::AD<double> > >)'\nC:/Users/spi085/AppData/Local/Programs/R/R-4.4.1/library/TMB/include/convenience.hpp:145:6: note: candidate: 'template<class Type> Type max(const tmbutils::vector<Type>&)'\n  145 | Type max(const vector<Type> &x)\n      |      ^~~\nC:/Users/spi085/AppData/Local/Programs/R/R-4.4.1/library/TMB/include/convenience.hpp:145:6: note:   template argument deduction/substitution failed:\nPOPULATIONS//POPULATION_0005//INDIVIDUAL_6MMMWAC5/model.cpp:88:28: note:   'CppAD::AD<CppAD::AD<CppAD::AD<double> > >' is not derived from 'const tmbutils::vector<Type>'\n   88 |                         max(Type(0), (Type(1) - cots_pred(i-1)/cotsK))) + cotsimm_dat(i) + Type(1e-8);\n      |                         ~~~^~~~~~~~~~~~~~~~~~~~~~~~~~~~~~~~~~~~~~~~~~~\nmake: *** [C:/Users/spi085/AppData/Local/Programs/R/R-4.4.1/etc/x64/Makeconf:296: POPULATIONS//POPULATION_0005//INDIVIDUAL_6MMMWAC5/model.o] Error 1\nError in TMB::compile(file.path(individual_dir, model_file), flags = flags,  : \n  Compilation failed\nError: Compilation failed\nExecution halted"
    },
    "3": {
      "status": "SUCCESS",
      "objective_value": 2.834511263817044e+34,
      "model_summary": [
        "            Length Class  Mode     ",
        "par         14     -none- numeric  ",
        "objective    1     -none- numeric  ",
        "convergence  1     -none- numeric  ",
        "iterations   1     -none- numeric  ",
        "evaluations  2     -none- numeric  ",
        "message      1     -none- character"
      ],
      "model_report": {
        "cots_pred": [
          0.023,
          0.5502,
          0.3915,
          -80.4698,
          -655159.1495,
          -3918077883207.8203,
          1.4455252086354266e+17,
          1.4455252086354266e+17,
          "NaN",
          "NaN",
          "NaN",
          "NaN",
          "NaN",
          "NaN",
          "NaN",
          "NaN",
          "NaN",
          "NaN",
          "NaN",
          "NaN",
          "NaN",
          "NaN",
          "NaN",
          "NaN",
          "NaN",
          "NaN"
        ],
        "predation_rate_fast": 7.746912717922402e+19,
        "growth_rate": 3.6975e-20,
        "predation_rate_slow": 8.7419e-42
      },
      "plot_data": {
        "cots_pred": {
          "Year": [
            1980,
            1981,
            1982,
            1983,
            1984,
            1985,
            1986,
            1987,
            1988,
            1989,
            1990,
            1991,
            1992,
            1993,
            1994,
            1995,
            1996,
            1997,
            1998,
            1999,
            2000,
            2001,
            2002,
            2003,
            2004,
            2005
          ],
          "Modeled": [
            0.023,
            0.5502,
            0.3915,
            -80.4698,
            -655159.1495,
            -3918077883207.8203,
            1.4455252086354266e+17,
            1.4455252086354266e+17,
            "NaN",
            "NaN",
            "NaN",
            "NaN",
            "NaN",
            "NaN",
            "NaN",
            "NaN",
            "NaN",
            "NaN",
            "NaN",
            "NaN",
            "NaN",
            "NaN",
            "NaN",
            "NaN",
            "NaN",
            "NaN"
          ],
          "Observed": [
            0.2615,
            0.5498,
            0.7268,
            0.5523,
            0.8281,
            0.547,
            0.758,
            0.6288,
            0.4762,
            0.6466,
            0.9107,
            2.152,
            0.6446,
            1.6723,
            0.4766,
            0.8075,
            0.3635,
            0.3728,
            0.6173,
            0.3107,
            0.256,
            0.2984,
            0.3362,
            0.2878,
            0.3221,
            0.4308
          ]
        }
      },
      "stdout": "g++ -std=gnu++17  -I\"C:/Users/spi085/AppData/Local/Programs/R/R-4.4.1/include\" -DNDEBUG -I\"C:/Users/spi085/AppData/Local/Programs/R/R-44~1.1/library/TMB/include\" -I\"C:/Users/spi085/AppData/Local/Programs/R/R-44~1.1/library/RCPPEI~1/include\"   -DTMB_EIGEN_DISABLE_WARNINGS   -DTMB_LIB_INIT=R_init_model  -DCPPAD_FRAMEWORK    -I\"C:/rtools44/x86_64-w64-mingw32.static.posix/include\"     -O2 -Wa,-mbig-obj -c POPULATIONS//POPULATION_0005//INDIVIDUAL_6MMMWAC5/model.cpp -o POPULATIONS//POPULATION_0005//INDIVIDUAL_6MMMWAC5/model.o\ng++ -std=gnu++17 -shared -s -static-libgcc -o POPULATIONS//POPULATION_0005//INDIVIDUAL_6MMMWAC5/model.dll tmp.def POPULATIONS//POPULATION_0005//INDIVIDUAL_6MMMWAC5/model.o -LC:/rtools44/x86_64-w64-mingw32.static.posix/lib/x64 -LC:/rtools44/x86_64-w64-mingw32.static.posix/lib -LC:/Users/spi085/AppData/Local/Programs/R/R-4.4.1/bin/x64 -lR\nStarting model phases\nNumber of phases: 2 \nPhase 1 \nInitial parameter values for phase 1 :\n        log_growth_rate log_predation_rate_slow log_predation_rate_fast \n                      0                      -2                      -2 \n                  cots0                   slow0                   fast0 \n                      1                      50                      30 \nFinal parameter values for phase 1 :\n        log_growth_rate log_predation_rate_slow log_predation_rate_fast \n             1.30014110             -4.20193309              1.50207419 \n                  cots0                   slow0                   fast0 \n             0.02993621              3.14552184              1.93600837 \nConvergence message: function evaluation limit reached without convergence (9) \nNumber of iterations: 145 \nObjective function value: 2258.293 \nGradient at solution for phase 1 :\n          [,1]       [,2]      [,3]      [,4]      [,5]      [,6]\n[1,] -41.73197 -0.2247451 -41.50723 -637.9507 0.2691178 -20.83645\nPhase 2 \nInitial parameter values for phase 2 :\n              log_sd log_growth_rate_slow log_growth_rate_fast \n            -1.00000              0.00000              0.00000 \n         impact_slow          impact_fast                gamma \n             0.01000              0.01000              0.10000 \n               theta            log_cotsK \n             0.05000              4.60517 \nFinal parameter values for phase 2 :\n              log_sd log_growth_rate_slow log_growth_rate_fast \n          0.31869541          -3.83803867          -0.98515741 \n         impact_slow          impact_fast                gamma \n         -0.06077751           0.01431413          -0.63345016 \n               theta            log_cotsK \n          0.55743216           3.43757814 \nConvergence message: function evaluation limit reached without convergence (9) \nNumber of iterations: 91 \nObjective function value: 230.6138 \nGradient at solution for phase 2 :\n           [,1]      [,2]      [,3]      [,4]     [,5]      [,6]     [,7]\n[1,] -0.9463456 0.4373359 -403.4189 -81.94131 123.3592 -944.3867 153.8324\n         [,8]\n[1,] 1308.516\nFinal Phase\nInitial parameter values for final phase:\n        log_growth_rate log_predation_rate_slow log_predation_rate_fast \n             1.30014110             -4.20193309              1.50207419 \n                 log_sd                   cots0                   slow0 \n             0.31869541              0.02993621              3.14552184 \n                  fast0    log_growth_rate_slow    log_growth_rate_fast \n             1.93600837             -3.83803867             -0.98515741 \n            impact_slow             impact_fast                   gamma \n            -0.06077751              0.01431413             -0.63345016 \n                  theta               log_cotsK \n             0.55743216              3.43757814 \nFinal parameter values for final phase:\n        log_growth_rate log_predation_rate_slow log_predation_rate_fast \n          -44.744033595           -94.540444767            45.796411172 \n                 log_sd                   cots0                   slow0 \n            0.072404354             0.023031032            24.810137581 \n                  fast0    log_growth_rate_slow    log_growth_rate_fast \n           16.155327186           -27.599427112           -15.937951852 \n            impact_slow             impact_fast                   gamma \n           -0.005265766            -0.002715534            -5.034899610 \n                  theta               log_cotsK \n            0.191971183             1.816057687 \nConvergence message: singular convergence (7) \nNumber of iterations: 114 \nObjective function value: 211.6687 \nGradient at solution for final phase:\n              [,1]         [,2]          [,3]         [,4]        [,5]\n[1,] -8.925726e-06 -1.54751e-66 -8.925726e-06 2.713714e-06 0.002741031\n             [,6]          [,7]         [,8]         [,9]         [,10]\n[1,] 5.869549e-07 -3.041154e-07 3.560615e-12 1.113425e-07 -0.0002171284\n             [,11]       [,12]         [,13]         [,14]\n[1,] -0.0003091683 0.002007466 -7.230239e-05 -6.616686e-06\nAll phases completed\n\nDEBUG: Report contents:\nList of 4\n $ cots_pred          : num [1:26] 2.30e-02 5.50e-01 3.91e-01 -8.05e+01 -6.55e+05 ...\n $ predation_rate_fast: num 7.75e+19\n $ growth_rate        : num 3.7e-20\n $ predation_rate_slow: num 8.74e-42\nNULL\n\nDEBUG: Available variables in report:\n[1] \"cots_pred\"           \"predation_rate_fast\" \"growth_rate\"        \n[4] \"predation_rate_slow\"\n\nChecking predictions and calculating objective function...\n\nDEBUG: Processing cots_pred \nDEBUG: First few predictions: 0.02303103 0.5502231 0.3914724 -80.46977 -655159.1 -3.918078e+12 \nDEBUG: Summary statistics:\n      Min.    1st Qu.     Median       Mean    3rd Qu.       Max.       NA's \n-3.918e+12 -1.638e+05  0.000e+00  3.614e+16  3.614e+16  1.446e+17         18 \nDEBUG: All zeros? FALSE \nDEBUG: Any infinities? FALSE \n\nDEBUG: Processing slow_pred \nDEBUG: slow_pred not found in report\nDEBUG: Available variables: cots_pred, predation_rate_fast, growth_rate, predation_rate_slow \n\nDEBUG: Calculating MSE for each variable:\n\nDEBUG: cots_pred \nObserved: 0.2615042 0.5498196 0.7268086 0.5522907 0.828121 0.5470078 ...\nPredicted: 0.02303103 0.5502231 0.3914724 -80.46977 -655159.1 -3.918078e+12 ...\nMSE (normalized): 2.834511e+34 \n\nDEBUG: MSE values:\n    cots_dat     slow_dat     fast_dat      sst_dat  cotsimm_dat \n2.834511e+34           NA           NA           NA           NA \n\nDEBUG: Final objective value (mean of MSEs): 2.834511e+34 \n\nFinal objective function value: 2.834511e+34 \n\nJSON_REPORT_START\n{\n  \"status\": \"SUCCESS\",\n  \"objective_value\": 2.8345112638170441e+34,\n  \"model_summary\": [\"            Length Class  Mode     \", \"par         14     -none- numeric  \", \"objective    1     -none- numeric  \", \"convergence  1     -none- numeric  \", \"iterations   1     -none- numeric  \", \"evaluations  2     -none- numeric  \", \"message      1     -none- character\"],\n  \"model_report\": {\n    \"cots_pred\": [0.023, 0.5502, 0.3915, -80.4698, -655159.1495, -3918077883207.8203, 1.4455252086354266e+17, 1.4455252086354266e+17, \"NaN\", \"NaN\", \"NaN\", \"NaN\", \"NaN\", \"NaN\", \"NaN\", \"NaN\", \"NaN\", \"NaN\", \"NaN\", \"NaN\", \"NaN\", \"NaN\", \"NaN\", \"NaN\", \"NaN\", \"NaN\"],\n    \"predation_rate_fast\": 7.7469127179224023e+19,\n    \"growth_rate\": 3.6975e-20,\n    \"predation_rate_slow\": 8.7419e-42\n  },\n  \"plot_data\": {\n    \"cots_pred\": {\n      \"Year\": [1980, 1981, 1982, 1983, 1984, 1985, 1986, 1987, 1988, 1989, 1990, 1991, 1992, 1993, 1994, 1995, 1996, 1997, 1998, 1999, 2000, 2001, 2002, 2003, 2004, 2005],\n      \"Modeled\": [0.023, 0.5502, 0.3915, -80.4698, -655159.1495, -3918077883207.8203, 1.4455252086354266e+17, 1.4455252086354266e+17, \"NaN\", \"NaN\", \"NaN\", \"NaN\", \"NaN\", \"NaN\", \"NaN\", \"NaN\", \"NaN\", \"NaN\", \"NaN\", \"NaN\", \"NaN\", \"NaN\", \"NaN\", \"NaN\", \"NaN\", \"NaN\"],\n      \"Observed\": [0.2615, 0.5498, 0.7268, 0.5523, 0.8281, 0.547, 0.758, 0.6288, 0.4762, 0.6466, 0.9107, 2.152, 0.6446, 1.6723, 0.4766, 0.8075, 0.3635, 0.3728, 0.6173, 0.3107, 0.256, 0.2984, 0.3362, 0.2878, 0.3221, 0.4308]\n    }\n  }\n}\nJSON_REPORT_END",
      "stderr": "Loading required package: TMB\nLoading required package: jsonlite\nhere() starts at C:/Users/spi085/OneDrive - CSIRO/Documents/_Projects/SCCP-QuantModelling\nusing C++ compiler: 'G__~1.EXE (GCC) 13.2.0'\nThere were 19 warnings (use warnings() to see them)\nWarning messages:\n1: Removed 18 rows containing missing values or values outside the scale range\n(`geom_line()`). \n2: Removed 18 rows containing missing values or values outside the scale range\n(`geom_line()`)."
    },
    "4": {
      "status": "SUCCESS",
      "objective_value": 2.834511263817044e+34
    }
  }
}