{
  "iterations": {
    "1": {
      "status": "LEAKAGE",
      "message": "Data leakage detected in model equations:\n  This file does not follow standard TMB conventions. Issues detected:\n  - Missing DATA_VECTOR() macros for data inputs\n  - Missing vector<Type> declarations\n\nThe model should be rewritten to follow TMB conventions.",
      "objective_value": "NA"
    },
    "2": {
      "status": "ERROR",
      "message": "Model failed to compile.",
      "stdout": "g++ -std=gnu++17 -I\"/usr/share/R/include\" -DNDEBUG -I\"/home/spi085/R/x86_64-pc-linux-gnu-library/4.4/TMB/include\" -I\"/home/spi085/R/x86_64-pc-linux-gnu-library/4.4/RcppEigen/include\"   -DTMB_EIGEN_DISABLE_WARNINGS   -DTMB_LIB_INIT=R_init_model  -DCPPAD_FRAMEWORK      -fpic  -O2  -c POPULATIONS/POPULATION_0020/INDIVIDUAL_DC2JH9YC/model.cpp -o POPULATIONS/POPULATION_0020/INDIVIDUAL_DC2JH9YC/model.o",
      "stderr": "Loading required package: TMB\nLoading required package: jsonlite\nusing C++ compiler: \u2018g++ (Ubuntu 13.3.0-6ubuntu2~24.04) 13.3.0\u2019\nPOPULATIONS/POPULATION_0020/INDIVIDUAL_DC2JH9YC/model.cpp: In instantiation of \u2018Type objective_function<Type>::operator()() [with Type = CppAD::AD<double>]\u2019:\n/home/spi085/R/x86_64-pc-linux-gnu-library/4.4/TMB/include/tmb_core.hpp:1312:6:   required from here\nPOPULATIONS/POPULATION_0020/INDIVIDUAL_DC2JH9YC/model.cpp:114:35: error: \u2018square\u2019 was not declared in this scope; did you mean \u2018Eigen::square\u2019?\n  114 |     Type grazing = g_max * (square(P_prev) / (square(K_P) + square(P_prev) + Type(1e-8))) * Z_prev;\n      |                             ~~~~~~^~~~~~~~\n      |                             Eigen::square\nIn file included from /home/spi085/R/x86_64-pc-linux-gnu-library/4.4/RcppEigen/include/Eigen/Core:380,\n                 from /home/spi085/R/x86_64-pc-linux-gnu-library/4.4/RcppEigen/include/Eigen/Dense:1,\n                 from /home/spi085/R/x86_64-pc-linux-gnu-library/4.4/TMB/include/TMB.hpp:92,\n                 from POPULATIONS/POPULATION_0020/INDIVIDUAL_DC2JH9YC/model.cpp:1:\n/home/spi085/R/x86_64-pc-linux-gnu-library/4.4/RcppEigen/include/Eigen/src/Core/GlobalFunctions.h:91:36: note: \u2018Eigen::square\u2019 declared here\n   91 |   EIGEN_ARRAY_DECLARE_GLOBAL_UNARY(square,scalar_square_op,square (power 2),\\sa Eigen::abs2 DOXCOMMA Eigen::pow DOXCOMMA ArrayBase::square)\n      |                                    ^~~~~~\n/home/spi085/R/x86_64-pc-linux-gnu-library/4.4/RcppEigen/include/Eigen/src/Core/GlobalFunctions.h:32:4: note: in definition of macro \u2018EIGEN_ARRAY_DECLARE_GLOBAL_UNARY\u2019\n   32 |   (NAME)(const Eigen::ArrayBase<Derived>& x) { \\\n      |    ^~~~\nPOPULATIONS/POPULATION_0020/INDIVIDUAL_DC2JH9YC/model.cpp:114:53: error: \u2018square\u2019 was not declared in this scope, and no declarations were found by argument-dependent lookup at the point of instantiation\n  114 |     Type grazing = g_max * (square(P_prev) / (square(K_P) + square(P_prev) + Type(1e-8))) * Z_prev;\n      |                                               ~~~~~~^~~~~\nPOPULATIONS/POPULATION_0020/INDIVIDUAL_DC2JH9YC/model.cpp:114:35: note: \u2018square\u2019 declared here, later in the translation unit\n  114 |     Type grazing = g_max * (square(P_prev) / (square(K_P) + square(P_prev) + Type(1e-8))) * Z_prev;\n      |                             ~~~~~~^~~~~~~~\nPOPULATIONS/POPULATION_0020/INDIVIDUAL_DC2JH9YC/model.cpp:114:67: error: \u2018square\u2019 was not declared in this scope, and no declarations were found by argument-dependent lookup at the point of instantiation\n  114 |     Type grazing = g_max * (square(P_prev) / (square(K_P) + square(P_prev) + Type(1e-8))) * Z_prev;\n      |                                                             ~~~~~~^~~~~~~~\nPOPULATIONS/POPULATION_0020/INDIVIDUAL_DC2JH9YC/model.cpp:114:35: note: \u2018square\u2019 declared here, later in the translation unit\n  114 |     Type grazing = g_max * (square(P_prev) / (square(K_P) + square(P_prev) + Type(1e-8))) * Z_prev;\n      |                             ~~~~~~^~~~~~~~\nPOPULATIONS/POPULATION_0020/INDIVIDUAL_DC2JH9YC/model.cpp:117:83: error: \u2018square\u2019 was not declared in this scope, and no declarations were found by argument-dependent lookup at the point of instantiation\n  117 |     Type dN = -uptake + (Type(1.0) - beta) * grazing + l_Z * Z_prev + m_Z * square(Z_prev) + m_P * P_prev;\n      |                                                                             ~~~~~~^~~~~~~~\nPOPULATIONS/POPULATION_0020/INDIVIDUAL_DC2JH9YC/model.cpp:114:35: note: \u2018square\u2019 declared here, later in the translation unit\n  114 |     Type grazing = g_max * (square(P_prev) / (square(K_P) + square(P_prev) + Type(1e-8))) * Z_prev;\n      |                             ~~~~~~^~~~~~~~\nPOPULATIONS/POPULATION_0020/INDIVIDUAL_DC2JH9YC/model.cpp:119:59: error: \u2018square\u2019 was not declared in this scope, and no declarations were found by argument-dependent lookup at the point of instantiation\n  119 |     Type dZ = beta * grazing - l_Z * Z_prev - m_Z * square(Z_prev);\n      |                                                     ~~~~~~^~~~~~~~\nPOPULATIONS/POPULATION_0020/INDIVIDUAL_DC2JH9YC/model.cpp:114:35: note: \u2018square\u2019 declared here, later in the translation unit\n  114 |     Type grazing = g_max * (square(P_prev) / (square(K_P) + square(P_prev) + Type(1e-8))) * Z_prev;\n      |                             ~~~~~~^~~~~~~~\nPOPULATIONS/POPULATION_0020/INDIVIDUAL_DC2JH9YC/model.cpp:141:33: error: \u2018square\u2019 was not declared in this scope; did you mean \u2018Eigen::square\u2019?\n  141 |   Type sigma_N_eff = sqrt(square(sigma_N) + square(Type(0.01)));\n      |                           ~~~~~~^~~~~~~~~\n      |                           Eigen::square\n/home/spi085/R/x86_64-pc-linux-gnu-library/4.4/RcppEigen/include/Eigen/src/Core/GlobalFunctions.h:91:36: note: \u2018Eigen::square\u2019 declared here\n   91 |   EIGEN_ARRAY_DECLARE_GLOBAL_UNARY(square,scalar_square_op,square (power 2),\\sa Eigen::abs2 DOXCOMMA Eigen::pow DOXCOMMA ArrayBase::square)\n      |                                    ^~~~~~\n/home/spi085/R/x86_64-pc-linux-gnu-library/4.4/RcppEigen/include/Eigen/src/Core/GlobalFunctions.h:32:4: note: in definition of macro \u2018EIGEN_ARRAY_DECLARE_GLOBAL_UNARY\u2019\n   32 |   (NAME)(const Eigen::ArrayBase<Derived>& x) { \\\n      |    ^~~~\nPOPULATIONS/POPULATION_0020/INDIVIDUAL_DC2JH9YC/model.cpp:141:51: error: \u2018square\u2019 was not declared in this scope, and no declarations were found by argument-dependent lookup at the point of instantiation\n  141 |   Type sigma_N_eff = sqrt(square(sigma_N) + square(Type(0.01)));\n      |                                             ~~~~~~^~~~~~~~~~~~\nPOPULATIONS/POPULATION_0020/INDIVIDUAL_DC2JH9YC/model.cpp:141:33: note: \u2018square\u2019 declared here, later in the translation unit\n  141 |   Type sigma_N_eff = sqrt(square(sigma_N) + square(Type(0.01)));\n      |                           ~~~~~~^~~~~~~~~\nPOPULATIONS/POPULATION_0020/INDIVIDUAL_DC2JH9YC/model.cpp:142:33: error: \u2018square\u2019 was not declared in this scope, and no declarations were found by argument-dependent lookup at the point of instantiation\n  142 |   Type sigma_P_eff = sqrt(square(sigma_P) + square(Type(0.01)));\n      |                           ~~~~~~^~~~~~~~~\nPOPULATIONS/POPULATION_0020/INDIVIDUAL_DC2JH9YC/model.cpp:141:33: note: \u2018square\u2019 declared here, later in the translation unit\n  141 |   Type sigma_N_eff = sqrt(square(sigma_N) + square(Type(0.01)));\n      |                           ~~~~~~^~~~~~~~~\nPOPULATIONS/POPULATION_0020/INDIVIDUAL_DC2JH9YC/model.cpp:142:51: error: \u2018square\u2019 was not declared in this scope, and no declarations were found by argument-dependent lookup at the point of instantiation\n  142 |   Type sigma_P_eff = sqrt(square(sigma_P) + square(Type(0.01)));\n      |                                             ~~~~~~^~~~~~~~~~~~\nPOPULATIONS/POPULATION_0020/INDIVIDUAL_DC2JH9YC/model.cpp:141:33: note: \u2018square\u2019 declared here, later in the translation unit\n  141 |   Type sigma_N_eff = sqrt(square(sigma_N) + square(Type(0.01)));\n      |                           ~~~~~~^~~~~~~~~\nPOPULATIONS/POPULATION_0020/INDIVIDUAL_DC2JH9YC/model.cpp:143:33: error: \u2018square\u2019 was not declared in this scope, and no declarations were found by argument-dependent lookup at the point of instantiation\n  143 |   Type sigma_Z_eff = sqrt(square(sigma_Z) + square(Type(0.01)));\n      |                           ~~~~~~^~~~~~~~~\nPOPULATIONS/POPULATION_0020/INDIVIDUAL_DC2JH9YC/model.cpp:141:33: note: \u2018square\u2019 declared here, later in the translation unit\n  141 |   Type sigma_N_eff = sqrt(square(sigma_N) + square(Type(0.01)));\n      |                           ~~~~~~^~~~~~~~~\nPOPULATIONS/POPULATION_0020/INDIVIDUAL_DC2JH9YC/model.cpp:143:51: error: \u2018square\u2019 was not declared in this scope, and no declarations were found by argument-dependent lookup at the point of instantiation\n  143 |   Type sigma_Z_eff = sqrt(square(sigma_Z) + square(Type(0.01)));\n      |                                             ~~~~~~^~~~~~~~~~~~\nPOPULATIONS/POPULATION_0020/INDIVIDUAL_DC2JH9YC/model.cpp:141:33: note: \u2018square\u2019 declared here, later in the translation unit\n  141 |   Type sigma_N_eff = sqrt(square(sigma_N) + square(Type(0.01)));\n      |                           ~~~~~~^~~~~~~~~\nPOPULATIONS/POPULATION_0020/INDIVIDUAL_DC2JH9YC/model.cpp: In instantiation of \u2018Type objective_function<Type>::operator()() [with Type = double]\u2019:\n/home/spi085/R/x86_64-pc-linux-gnu-library/4.4/TMB/include/tmb_core.hpp:2035:7:   required from here\nPOPULATIONS/POPULATION_0020/INDIVIDUAL_DC2JH9YC/model.cpp:114:35: error: \u2018square\u2019 was not declared in this scope; did you mean \u2018Eigen::square\u2019?\n  114 |     Type grazing = g_max * (square(P_prev) / (square(K_P) + square(P_prev) + Type(1e-8))) * Z_prev;\n      |                             ~~~~~~^~~~~~~~\n      |                             Eigen::square\n/home/spi085/R/x86_64-pc-linux-gnu-library/4.4/RcppEigen/include/Eigen/src/Core/GlobalFunctions.h:91:36: note: \u2018Eigen::square\u2019 declared here\n   91 |   EIGEN_ARRAY_DECLARE_GLOBAL_UNARY(square,scalar_square_op,square (power 2),\\sa Eigen::abs2 DOXCOMMA Eigen::pow DOXCOMMA ArrayBase::square)\n      |                                    ^~~~~~\n/home/spi085/R/x86_64-pc-linux-gnu-library/4.4/RcppEigen/include/Eigen/src/Core/GlobalFunctions.h:32:4: note: in definition of macro \u2018EIGEN_ARRAY_DECLARE_GLOBAL_UNARY\u2019\n   32 |   (NAME)(const Eigen::ArrayBase<Derived>& x) { \\\n      |    ^~~~\nPOPULATIONS/POPULATION_0020/INDIVIDUAL_DC2JH9YC/model.cpp:114:53: error: \u2018square\u2019 was not declared in this scope, and no declarations were found by argument-dependent lookup at the point of instantiation\n  114 |     Type grazing = g_max * (square(P_prev) / (square(K_P) + square(P_prev) + Type(1e-8))) * Z_prev;\n      |                                               ~~~~~~^~~~~\nPOPULATIONS/POPULATION_0020/INDIVIDUAL_DC2JH9YC/model.cpp:114:35: note: \u2018square\u2019 declared here, later in the translation unit\n  114 |     Type grazing = g_max * (square(P_prev) / (square(K_P) + square(P_prev) + Type(1e-8))) * Z_prev;\n      |                             ~~~~~~^~~~~~~~\nPOPULATIONS/POPULATION_0020/INDIVIDUAL_DC2JH9YC/model.cpp:114:67: error: \u2018square\u2019 was not declared in this scope, and no declarations were found by argument-dependent lookup at the point of instantiation\n  114 |     Type grazing = g_max * (square(P_prev) / (square(K_P) + square(P_prev) + Type(1e-8))) * Z_prev;\n      |                                                             ~~~~~~^~~~~~~~\nPOPULATIONS/POPULATION_0020/INDIVIDUAL_DC2JH9YC/model.cpp:114:35: note: \u2018square\u2019 declared here, later in the translation unit\n  114 |     Type grazing = g_max * (square(P_prev) / (square(K_P) + square(P_prev) + Type(1e-8))) * Z_prev;\n      |                             ~~~~~~^~~~~~~~\nPOPULATIONS/POPULATION_0020/INDIVIDUAL_DC2JH9YC/model.cpp:117:83: error: \u2018square\u2019 was not declared in this scope, and no declarations were found by argument-dependent lookup at the point of instantiation\n  117 |     Type dN = -uptake + (Type(1.0) - beta) * grazing + l_Z * Z_prev + m_Z * square(Z_prev) + m_P * P_prev;\n      |                                                                             ~~~~~~^~~~~~~~\nPOPULATIONS/POPULATION_0020/INDIVIDUAL_DC2JH9YC/model.cpp:114:35: note: \u2018square\u2019 declared here, later in the translation unit\n  114 |     Type grazing = g_max * (square(P_prev) / (square(K_P) + square(P_prev) + Type(1e-8))) * Z_prev;\n      |                             ~~~~~~^~~~~~~~\nPOPULATIONS/POPULATION_0020/INDIVIDUAL_DC2JH9YC/model.cpp:119:59: error: \u2018square\u2019 was not declared in this scope, and no declarations were found by argument-dependent lookup at the point of instantiation\n  119 |     Type dZ = beta * grazing - l_Z * Z_prev - m_Z * square(Z_prev);\n      |                                                     ~~~~~~^~~~~~~~\nPOPULATIONS/POPULATION_0020/INDIVIDUAL_DC2JH9YC/model.cpp:114:35: note: \u2018square\u2019 declared here, later in the translation unit\n  114 |     Type grazing = g_max * (square(P_prev) / (square(K_P) + square(P_prev) + Type(1e-8))) * Z_prev;\n      |                             ~~~~~~^~~~~~~~\nPOPULATIONS/POPULATION_0020/INDIVIDUAL_DC2JH9YC/model.cpp:141:33: error: \u2018square\u2019 was not declared in this scope; did you mean \u2018Eigen::square\u2019?\n  141 |   Type sigma_N_eff = sqrt(square(sigma_N) + square(Type(0.01)));\n      |                           ~~~~~~^~~~~~~~~\n      |                           Eigen::square\n/home/spi085/R/x86_64-pc-linux-gnu-library/4.4/RcppEigen/include/Eigen/src/Core/GlobalFunctions.h:91:36: note: \u2018Eigen::square\u2019 declared here\n   91 |   EIGEN_ARRAY_DECLARE_GLOBAL_UNARY(square,scalar_square_op,square (power 2),\\sa Eigen::abs2 DOXCOMMA Eigen::pow DOXCOMMA ArrayBase::square)\n      |                                    ^~~~~~\n/home/spi085/R/x86_64-pc-linux-gnu-library/4.4/RcppEigen/include/Eigen/src/Core/GlobalFunctions.h:32:4: note: in definition of macro \u2018EIGEN_ARRAY_DECLARE_GLOBAL_UNARY\u2019\n   32 |   (NAME)(const Eigen::ArrayBase<Derived>& x) { \\\n      |    ^~~~\nPOPULATIONS/POPULATION_0020/INDIVIDUAL_DC2JH9YC/model.cpp:141:51: error: \u2018square\u2019 was not declared in this scope, and no declarations were found by argument-dependent lookup at the point of instantiation\n  141 |   Type sigma_N_eff = sqrt(square(sigma_N) + square(Type(0.01)));\n      |                                             ~~~~~~^~~~~~~~~~~~\nPOPULATIONS/POPULATION_0020/INDIVIDUAL_DC2JH9YC/model.cpp:141:33: note: \u2018square\u2019 declared here, later in the translation unit\n  141 |   Type sigma_N_eff = sqrt(square(sigma_N) + square(Type(0.01)));\n      |                           ~~~~~~^~~~~~~~~\nPOPULATIONS/POPULATION_0020/INDIVIDUAL_DC2JH9YC/model.cpp:142:33: error: \u2018square\u2019 was not declared in this scope, and no declarations were found by argument-dependent lookup at the point of instantiation\n  142 |   Type sigma_P_eff = sqrt(square(sigma_P) + square(Type(0.01)));\n      |                           ~~~~~~^~~~~~~~~\nPOPULATIONS/POPULATION_0020/INDIVIDUAL_DC2JH9YC/model.cpp:141:33: note: \u2018square\u2019 declared here, later in the translation unit\n  141 |   Type sigma_N_eff = sqrt(square(sigma_N) + square(Type(0.01)));\n      |                           ~~~~~~^~~~~~~~~\nPOPULATIONS/POPULATION_0020/INDIVIDUAL_DC2JH9YC/model.cpp:142:51: error: \u2018square\u2019 was not declared in this scope, and no declarations were found by argument-dependent lookup at the point of instantiation\n  142 |   Type sigma_P_eff = sqrt(square(sigma_P) + square(Type(0.01)));\n      |                                             ~~~~~~^~~~~~~~~~~~\nPOPULATIONS/POPULATION_0020/INDIVIDUAL_DC2JH9YC/model.cpp:141:33: note: \u2018square\u2019 declared here, later in the translation unit\n  141 |   Type sigma_N_eff = sqrt(square(sigma_N) + square(Type(0.01)));\n      |                           ~~~~~~^~~~~~~~~\nPOPULATIONS/POPULATION_0020/INDIVIDUAL_DC2JH9YC/model.cpp:143:33: error: \u2018square\u2019 was not declared in this scope, and no declarations were found by argument-dependent lookup at the point of instantiation\n  143 |   Type sigma_Z_eff = sqrt(square(sigma_Z) + square(Type(0.01)));\n      |                           ~~~~~~^~~~~~~~~\nPOPULATIONS/POPULATION_0020/INDIVIDUAL_DC2JH9YC/model.cpp:141:33: note: \u2018square\u2019 declared here, later in the translation unit\n  141 |   Type sigma_N_eff = sqrt(square(sigma_N) + square(Type(0.01)));\n      |                           ~~~~~~^~~~~~~~~\nPOPULATIONS/POPULATION_0020/INDIVIDUAL_DC2JH9YC/model.cpp:143:51: error: \u2018square\u2019 was not declared in this scope, and no declarations were found by argument-dependent lookup at the point of instantiation\n  143 |   Type sigma_Z_eff = sqrt(square(sigma_Z) + square(Type(0.01)));\n      |                                             ~~~~~~^~~~~~~~~~~~\nPOPULATIONS/POPULATION_0020/INDIVIDUAL_DC2JH9YC/model.cpp:141:33: note: \u2018square\u2019 declared here, later in the translation unit\n  141 |   Type sigma_N_eff = sqrt(square(sigma_N) + square(Type(0.01)));\n      |                           ~~~~~~^~~~~~~~~\nPOPULATIONS/POPULATION_0020/INDIVIDUAL_DC2JH9YC/model.cpp: In instantiation of \u2018Type objective_function<Type>::operator()() [with Type = CppAD::AD<CppAD::AD<double> >]\u2019:\n/home/spi085/R/x86_64-pc-linux-gnu-library/4.4/TMB/include/tmb_core.hpp:917:29:   required from \u2018Type objective_function<Type>::evalUserTemplate() [with Type = CppAD::AD<CppAD::AD<double> >]\u2019\n/home/spi085/R/x86_64-pc-linux-gnu-library/4.4/TMB/include/tmb_core.hpp:2116:26:   required from here\nPOPULATIONS/POPULATION_0020/INDIVIDUAL_DC2JH9YC/model.cpp:114:35: error: \u2018square\u2019 was not declared in this scope; did you mean \u2018Eigen::square\u2019?\n  114 |     Type grazing = g_max * (square(P_prev) / (square(K_P) + square(P_prev) + Type(1e-8))) * Z_prev;\n      |                             ~~~~~~^~~~~~~~\n      |                             Eigen::square\n/home/spi085/R/x86_64-pc-linux-gnu-library/4.4/RcppEigen/include/Eigen/src/Core/GlobalFunctions.h:91:36: note: \u2018Eigen::square\u2019 declared here\n   91 |   EIGEN_ARRAY_DECLARE_GLOBAL_UNARY(square,scalar_square_op,square (power 2),\\sa Eigen::abs2 DOXCOMMA Eigen::pow DOXCOMMA ArrayBase::square)\n      |                                    ^~~~~~\n/home/spi085/R/x86_64-pc-linux-gnu-library/4.4/RcppEigen/include/Eigen/src/Core/GlobalFunctions.h:32:4: note: in definition of macro \u2018EIGEN_ARRAY_DECLARE_GLOBAL_UNARY\u2019\n   32 |   (NAME)(const Eigen::ArrayBase<Derived>& x) { \\\n      |    ^~~~\nPOPULATIONS/POPULATION_0020/INDIVIDUAL_DC2JH9YC/model.cpp:114:53: error: \u2018square\u2019 was not declared in this scope, and no declarations were found by argument-dependent lookup at the point of instantiation\n  114 |     Type grazing = g_max * (square(P_prev) / (square(K_P) + square(P_prev) + Type(1e-8))) * Z_prev;\n      |                                               ~~~~~~^~~~~\nPOPULATIONS/POPULATION_0020/INDIVIDUAL_DC2JH9YC/model.cpp:114:35: note: \u2018square\u2019 declared here, later in the translation unit\n  114 |     Type grazing = g_max * (square(P_prev) / (square(K_P) + square(P_prev) + Type(1e-8))) * Z_prev;\n      |                             ~~~~~~^~~~~~~~\nPOPULATIONS/POPULATION_0020/INDIVIDUAL_DC2JH9YC/model.cpp:114:67: error: \u2018square\u2019 was not declared in this scope, and no declarations were found by argument-dependent lookup at the point of instantiation\n  114 |     Type grazing = g_max * (square(P_prev) / (square(K_P) + square(P_prev) + Type(1e-8))) * Z_prev;\n      |                                                             ~~~~~~^~~~~~~~\nPOPULATIONS/POPULATION_0020/INDIVIDUAL_DC2JH9YC/model.cpp:114:35: note: \u2018square\u2019 declared here, later in the translation unit\n  114 |     Type grazing = g_max * (square(P_prev) / (square(K_P) + square(P_prev) + Type(1e-8))) * Z_prev;\n      |                             ~~~~~~^~~~~~~~\nPOPULATIONS/POPULATION_0020/INDIVIDUAL_DC2JH9YC/model.cpp:117:83: error: \u2018square\u2019 was not declared in this scope, and no declarations were found by argument-dependent lookup at the point of instantiation\n  117 |     Type dN = -uptake + (Type(1.0) - beta) * grazing + l_Z * Z_prev + m_Z * square(Z_prev) + m_P * P_prev;\n      |                                                                             ~~~~~~^~~~~~~~\nPOPULATIONS/POPULATION_0020/INDIVIDUAL_DC2JH9YC/model.cpp:114:35: note: \u2018square\u2019 declared here, later in the translation unit\n  114 |     Type grazing = g_max * (square(P_prev) / (square(K_P) + square(P_prev) + Type(1e-8))) * Z_prev;\n      |                             ~~~~~~^~~~~~~~\nPOPULATIONS/POPULATION_0020/INDIVIDUAL_DC2JH9YC/model.cpp:119:59: error: \u2018square\u2019 was not declared in this scope, and no declarations were found by argument-dependent lookup at the point of instantiation\n  119 |     Type dZ = beta * grazing - l_Z * Z_prev - m_Z * square(Z_prev);\n      |                                                     ~~~~~~^~~~~~~~\nPOPULATIONS/POPULATION_0020/INDIVIDUAL_DC2JH9YC/model.cpp:114:35: note: \u2018square\u2019 declared here, later in the translation unit\n  114 |     Type grazing = g_max * (square(P_prev) / (square(K_P) + square(P_prev) + Type(1e-8))) * Z_prev;\n      |                             ~~~~~~^~~~~~~~\nPOPULATIONS/POPULATION_0020/INDIVIDUAL_DC2JH9YC/model.cpp:141:33: error: \u2018square\u2019 was not declared in this scope; did you mean \u2018Eigen::square\u2019?\n  141 |   Type sigma_N_eff = sqrt(square(sigma_N) + square(Type(0.01)));\n      |                           ~~~~~~^~~~~~~~~\n      |                           Eigen::square\n/home/spi085/R/x86_64-pc-linux-gnu-library/4.4/RcppEigen/include/Eigen/src/Core/GlobalFunctions.h:91:36: note: \u2018Eigen::square\u2019 declared here\n   91 |   EIGEN_ARRAY_DECLARE_GLOBAL_UNARY(square,scalar_square_op,square (power 2),\\sa Eigen::abs2 DOXCOMMA Eigen::pow DOXCOMMA ArrayBase::square)\n      |                                    ^~~~~~\n/home/spi085/R/x86_64-pc-linux-gnu-library/4.4/RcppEigen/include/Eigen/src/Core/GlobalFunctions.h:32:4: note: in definition of macro \u2018EIGEN_ARRAY_DECLARE_GLOBAL_UNARY\u2019\n   32 |   (NAME)(const Eigen::ArrayBase<Derived>& x) { \\\n      |    ^~~~\nPOPULATIONS/POPULATION_0020/INDIVIDUAL_DC2JH9YC/model.cpp:141:51: error: \u2018square\u2019 was not declared in this scope, and no declarations were found by argument-dependent lookup at the point of instantiation\n  141 |   Type sigma_N_eff = sqrt(square(sigma_N) + square(Type(0.01)));\n      |                                             ~~~~~~^~~~~~~~~~~~\nPOPULATIONS/POPULATION_0020/INDIVIDUAL_DC2JH9YC/model.cpp:141:33: note: \u2018square\u2019 declared here, later in the translation unit\n  141 |   Type sigma_N_eff = sqrt(square(sigma_N) + square(Type(0.01)));\n      |                           ~~~~~~^~~~~~~~~\nPOPULATIONS/POPULATION_0020/INDIVIDUAL_DC2JH9YC/model.cpp:142:33: error: \u2018square\u2019 was not declared in this scope, and no declarations were found by argument-dependent lookup at the point of instantiation\n  142 |   Type sigma_P_eff = sqrt(square(sigma_P) + square(Type(0.01)));\n      |                           ~~~~~~^~~~~~~~~\nPOPULATIONS/POPULATION_0020/INDIVIDUAL_DC2JH9YC/model.cpp:141:33: note: \u2018square\u2019 declared here, later in the translation unit\n  141 |   Type sigma_N_eff = sqrt(square(sigma_N) + square(Type(0.01)));\n      |                           ~~~~~~^~~~~~~~~\nPOPULATIONS/POPULATION_0020/INDIVIDUAL_DC2JH9YC/model.cpp:142:51: error: \u2018square\u2019 was not declared in this scope, and no declarations were found by argument-dependent lookup at the point of instantiation\n  142 |   Type sigma_P_eff = sqrt(square(sigma_P) + square(Type(0.01)));\n      |                                             ~~~~~~^~~~~~~~~~~~\nPOPULATIONS/POPULATION_0020/INDIVIDUAL_DC2JH9YC/model.cpp:141:33: note: \u2018square\u2019 declared here, later in the translation unit\n  141 |   Type sigma_N_eff = sqrt(square(sigma_N) + square(Type(0.01)));\n      |                           ~~~~~~^~~~~~~~~\nPOPULATIONS/POPULATION_0020/INDIVIDUAL_DC2JH9YC/model.cpp:143:33: error: \u2018square\u2019 was not declared in this scope, and no declarations were found by argument-dependent lookup at the point of instantiation\n  143 |   Type sigma_Z_eff = sqrt(square(sigma_Z) + square(Type(0.01)));\n      |                           ~~~~~~^~~~~~~~~\nPOPULATIONS/POPULATION_0020/INDIVIDUAL_DC2JH9YC/model.cpp:141:33: note: \u2018square\u2019 declared here, later in the translation unit\n  141 |   Type sigma_N_eff = sqrt(square(sigma_N) + square(Type(0.01)));\n      |                           ~~~~~~^~~~~~~~~\nPOPULATIONS/POPULATION_0020/INDIVIDUAL_DC2JH9YC/model.cpp:143:51: error: \u2018square\u2019 was not declared in this scope, and no declarations were found by argument-dependent lookup at the point of instantiation\n  143 |   Type sigma_Z_eff = sqrt(square(sigma_Z) + square(Type(0.01)));\n      |                                             ~~~~~~^~~~~~~~~~~~\nPOPULATIONS/POPULATION_0020/INDIVIDUAL_DC2JH9YC/model.cpp:141:33: note: \u2018square\u2019 declared here, later in the translation unit\n  141 |   Type sigma_N_eff = sqrt(square(sigma_N) + square(Type(0.01)));\n      |                           ~~~~~~^~~~~~~~~\nPOPULATIONS/POPULATION_0020/INDIVIDUAL_DC2JH9YC/model.cpp: In instantiation of \u2018Type objective_function<Type>::operator()() [with Type = CppAD::AD<CppAD::AD<CppAD::AD<double> > >]\u2019:\n/home/spi085/R/x86_64-pc-linux-gnu-library/4.4/TMB/include/tmb_core.hpp:917:29:   required from \u2018Type objective_function<Type>::evalUserTemplate() [with Type = CppAD::AD<CppAD::AD<CppAD::AD<double> > >]\u2019\n/home/spi085/R/x86_64-pc-linux-gnu-library/4.4/TMB/include/tmb_core.hpp:2365:28:   required from here\nPOPULATIONS/POPULATION_0020/INDIVIDUAL_DC2JH9YC/model.cpp:114:35: error: \u2018square\u2019 was not declared in this scope; did you mean \u2018Eigen::square\u2019?\n  114 |     Type grazing = g_max * (square(P_prev) / (square(K_P) + square(P_prev) + Type(1e-8))) * Z_prev;\n      |                             ~~~~~~^~~~~~~~\n      |                             Eigen::square\n/home/spi085/R/x86_64-pc-linux-gnu-library/4.4/RcppEigen/include/Eigen/src/Core/GlobalFunctions.h:91:36: note: \u2018Eigen::square\u2019 declared here\n   91 |   EIGEN_ARRAY_DECLARE_GLOBAL_UNARY(square,scalar_square_op,square (power 2),\\sa Eigen::abs2 DOXCOMMA Eigen::pow DOXCOMMA ArrayBase::square)\n      |                                    ^~~~~~\n/home/spi085/R/x86_64-pc-linux-gnu-library/4.4/RcppEigen/include/Eigen/src/Core/GlobalFunctions.h:32:4: note: in definition of macro \u2018EIGEN_ARRAY_DECLARE_GLOBAL_UNARY\u2019\n   32 |   (NAME)(const Eigen::ArrayBase<Derived>& x) { \\\n      |    ^~~~\nPOPULATIONS/POPULATION_0020/INDIVIDUAL_DC2JH9YC/model.cpp:114:53: error: \u2018square\u2019 was not declared in this scope, and no declarations were found by argument-dependent lookup at the point of instantiation\n  114 |     Type grazing = g_max * (square(P_prev) / (square(K_P) + square(P_prev) + Type(1e-8))) * Z_prev;\n      |                                               ~~~~~~^~~~~\nPOPULATIONS/POPULATION_0020/INDIVIDUAL_DC2JH9YC/model.cpp:114:35: note: \u2018square\u2019 declared here, later in the translation unit\n  114 |     Type grazing = g_max * (square(P_prev) / (square(K_P) + square(P_prev) + Type(1e-8))) * Z_prev;\n      |                             ~~~~~~^~~~~~~~\nPOPULATIONS/POPULATION_0020/INDIVIDUAL_DC2JH9YC/model.cpp:114:67: error: \u2018square\u2019 was not declared in this scope, and no declarations were found by argument-dependent lookup at the point of instantiation\n  114 |     Type grazing = g_max * (square(P_prev) / (square(K_P) + square(P_prev) + Type(1e-8))) * Z_prev;\n      |                                                             ~~~~~~^~~~~~~~\nPOPULATIONS/POPULATION_0020/INDIVIDUAL_DC2JH9YC/model.cpp:114:35: note: \u2018square\u2019 declared here, later in the translation unit\n  114 |     Type grazing = g_max * (square(P_prev) / (square(K_P) + square(P_prev) + Type(1e-8))) * Z_prev;\n      |                             ~~~~~~^~~~~~~~\nPOPULATIONS/POPULATION_0020/INDIVIDUAL_DC2JH9YC/model.cpp:117:83: error: \u2018square\u2019 was not declared in this scope, and no declarations were found by argument-dependent lookup at the point of instantiation\n  117 |     Type dN = -uptake + (Type(1.0) - beta) * grazing + l_Z * Z_prev + m_Z * square(Z_prev) + m_P * P_prev;\n      |                                                                             ~~~~~~^~~~~~~~\nPOPULATIONS/POPULATION_0020/INDIVIDUAL_DC2JH9YC/model.cpp:114:35: note: \u2018square\u2019 declared here, later in the translation unit\n  114 |     Type grazing = g_max * (square(P_prev) / (square(K_P) + square(P_prev) + Type(1e-8))) * Z_prev;\n      |                             ~~~~~~^~~~~~~~\nPOPULATIONS/POPULATION_0020/INDIVIDUAL_DC2JH9YC/model.cpp:119:59: error: \u2018square\u2019 was not declared in this scope, and no declarations were found by argument-dependent lookup at the point of instantiation\n  119 |     Type dZ = beta * grazing - l_Z * Z_prev - m_Z * square(Z_prev);\n      |                                                     ~~~~~~^~~~~~~~\nPOPULATIONS/POPULATION_0020/INDIVIDUAL_DC2JH9YC/model.cpp:114:35: note: \u2018square\u2019 declared here, later in the translation unit\n  114 |     Type grazing = g_max * (square(P_prev) / (square(K_P) + square(P_prev) + Type(1e-8))) * Z_prev;\n      |                             ~~~~~~^~~~~~~~\nPOPULATIONS/POPULATION_0020/INDIVIDUAL_DC2JH9YC/model.cpp:141:33: error: \u2018square\u2019 was not declared in this scope; did you mean \u2018Eigen::square\u2019?\n  141 |   Type sigma_N_eff = sqrt(square(sigma_N) + square(Type(0.01)));\n      |                           ~~~~~~^~~~~~~~~\n      |                           Eigen::square\n/home/spi085/R/x86_64-pc-linux-gnu-library/4.4/RcppEigen/include/Eigen/src/Core/GlobalFunctions.h:91:36: note: \u2018Eigen::square\u2019 declared here\n   91 |   EIGEN_ARRAY_DECLARE_GLOBAL_UNARY(square,scalar_square_op,square (power 2),\\sa Eigen::abs2 DOXCOMMA Eigen::pow DOXCOMMA ArrayBase::square)\n      |                                    ^~~~~~\n/home/spi085/R/x86_64-pc-linux-gnu-library/4.4/RcppEigen/include/Eigen/src/Core/GlobalFunctions.h:32:4: note: in definition of macro \u2018EIGEN_ARRAY_DECLARE_GLOBAL_UNARY\u2019\n   32 |   (NAME)(const Eigen::ArrayBase<Derived>& x) { \\\n      |    ^~~~\nPOPULATIONS/POPULATION_0020/INDIVIDUAL_DC2JH9YC/model.cpp:141:51: error: \u2018square\u2019 was not declared in this scope, and no declarations were found by argument-dependent lookup at the point of instantiation\n  141 |   Type sigma_N_eff = sqrt(square(sigma_N) + square(Type(0.01)));\n      |                                             ~~~~~~^~~~~~~~~~~~\nPOPULATIONS/POPULATION_0020/INDIVIDUAL_DC2JH9YC/model.cpp:141:33: note: \u2018square\u2019 declared here, later in the translation unit\n  141 |   Type sigma_N_eff = sqrt(square(sigma_N) + square(Type(0.01)));\n      |                           ~~~~~~^~~~~~~~~\nPOPULATIONS/POPULATION_0020/INDIVIDUAL_DC2JH9YC/model.cpp:142:33: error: \u2018square\u2019 was not declared in this scope, and no declarations were found by argument-dependent lookup at the point of instantiation\n  142 |   Type sigma_P_eff = sqrt(square(sigma_P) + square(Type(0.01)));\n      |                           ~~~~~~^~~~~~~~~\nPOPULATIONS/POPULATION_0020/INDIVIDUAL_DC2JH9YC/model.cpp:141:33: note: \u2018square\u2019 declared here, later in the translation unit\n  141 |   Type sigma_N_eff = sqrt(square(sigma_N) + square(Type(0.01)));\n      |                           ~~~~~~^~~~~~~~~\nPOPULATIONS/POPULATION_0020/INDIVIDUAL_DC2JH9YC/model.cpp:142:51: error: \u2018square\u2019 was not declared in this scope, and no declarations were found by argument-dependent lookup at the point of instantiation\n  142 |   Type sigma_P_eff = sqrt(square(sigma_P) + square(Type(0.01)));\n      |                                             ~~~~~~^~~~~~~~~~~~\nPOPULATIONS/POPULATION_0020/INDIVIDUAL_DC2JH9YC/model.cpp:141:33: note: \u2018square\u2019 declared here, later in the translation unit\n  141 |   Type sigma_N_eff = sqrt(square(sigma_N) + square(Type(0.01)));\n      |                           ~~~~~~^~~~~~~~~\nPOPULATIONS/POPULATION_0020/INDIVIDUAL_DC2JH9YC/model.cpp:143:33: error: \u2018square\u2019 was not declared in this scope, and no declarations were found by argument-dependent lookup at the point of instantiation\n  143 |   Type sigma_Z_eff = sqrt(square(sigma_Z) + square(Type(0.01)));\n      |                           ~~~~~~^~~~~~~~~\nPOPULATIONS/POPULATION_0020/INDIVIDUAL_DC2JH9YC/model.cpp:141:33: note: \u2018square\u2019 declared here, later in the translation unit\n  141 |   Type sigma_N_eff = sqrt(square(sigma_N) + square(Type(0.01)));\n      |                           ~~~~~~^~~~~~~~~\nPOPULATIONS/POPULATION_0020/INDIVIDUAL_DC2JH9YC/model.cpp:143:51: error: \u2018square\u2019 was not declared in this scope, and no declarations were found by argument-dependent lookup at the point of instantiation\n  143 |   Type sigma_Z_eff = sqrt(square(sigma_Z) + square(Type(0.01)));\n      |                                             ~~~~~~^~~~~~~~~~~~\nPOPULATIONS/POPULATION_0020/INDIVIDUAL_DC2JH9YC/model.cpp:141:33: note: \u2018square\u2019 declared here, later in the translation unit\n  141 |   Type sigma_N_eff = sqrt(square(sigma_N) + square(Type(0.01)));\n      |                           ~~~~~~^~~~~~~~~\nmake: *** [/usr/lib/R/etc/Makeconf:204: POPULATIONS/POPULATION_0020/INDIVIDUAL_DC2JH9YC/model.o] Error 1\nError in TMB::compile(file.path(individual_dir, model_file), flags = flags,  : \n  Compilation failed\nError: Compilation failed\nExecution halted"
    },
    "3": {
      "status": "ERROR",
      "message": "Model failed to compile.",
      "stdout": "g++ -std=gnu++17 -I\"/usr/share/R/include\" -DNDEBUG -I\"/home/spi085/R/x86_64-pc-linux-gnu-library/4.4/TMB/include\" -I\"/home/spi085/R/x86_64-pc-linux-gnu-library/4.4/RcppEigen/include\"   -DTMB_EIGEN_DISABLE_WARNINGS   -DTMB_LIB_INIT=R_init_model  -DCPPAD_FRAMEWORK      -fpic  -O2  -c POPULATIONS/POPULATION_0020/INDIVIDUAL_DC2JH9YC/model.cpp -o POPULATIONS/POPULATION_0020/INDIVIDUAL_DC2JH9YC/model.o",
      "stderr": "Loading required package: TMB\nLoading required package: jsonlite\nusing C++ compiler: \u2018g++ (Ubuntu 13.3.0-6ubuntu2~24.04) 13.3.0\u2019\nPOPULATIONS/POPULATION_0020/INDIVIDUAL_DC2JH9YC/model.cpp: In instantiation of \u2018Type objective_function<Type>::operator()() [with Type = CppAD::AD<double>]\u2019:\n/home/spi085/R/x86_64-pc-linux-gnu-library/4.4/TMB/include/tmb_core.hpp:1312:6:   required from here\nPOPULATIONS/POPULATION_0020/INDIVIDUAL_DC2JH9YC/model.cpp:114:35: error: \u2018square\u2019 was not declared in this scope; did you mean \u2018Eigen::square\u2019?\n  114 |     Type grazing = g_max * (square(P_prev) / (square(K_P) + square(P_prev) + Type(1e-8))) * Z_prev;\n      |                             ~~~~~~^~~~~~~~\n      |                             Eigen::square\nIn file included from /home/spi085/R/x86_64-pc-linux-gnu-library/4.4/RcppEigen/include/Eigen/Core:380,\n                 from /home/spi085/R/x86_64-pc-linux-gnu-library/4.4/RcppEigen/include/Eigen/Dense:1,\n                 from /home/spi085/R/x86_64-pc-linux-gnu-library/4.4/TMB/include/TMB.hpp:92,\n                 from POPULATIONS/POPULATION_0020/INDIVIDUAL_DC2JH9YC/model.cpp:1:\n/home/spi085/R/x86_64-pc-linux-gnu-library/4.4/RcppEigen/include/Eigen/src/Core/GlobalFunctions.h:91:36: note: \u2018Eigen::square\u2019 declared here\n   91 |   EIGEN_ARRAY_DECLARE_GLOBAL_UNARY(square,scalar_square_op,square (power 2),\\sa Eigen::abs2 DOXCOMMA Eigen::pow DOXCOMMA ArrayBase::square)\n      |                                    ^~~~~~\n/home/spi085/R/x86_64-pc-linux-gnu-library/4.4/RcppEigen/include/Eigen/src/Core/GlobalFunctions.h:32:4: note: in definition of macro \u2018EIGEN_ARRAY_DECLARE_GLOBAL_UNARY\u2019\n   32 |   (NAME)(const Eigen::ArrayBase<Derived>& x) { \\\n      |    ^~~~\nPOPULATIONS/POPULATION_0020/INDIVIDUAL_DC2JH9YC/model.cpp:114:53: error: \u2018square\u2019 was not declared in this scope, and no declarations were found by argument-dependent lookup at the point of instantiation\n  114 |     Type grazing = g_max * (square(P_prev) / (square(K_P) + square(P_prev) + Type(1e-8))) * Z_prev;\n      |                                               ~~~~~~^~~~~\nPOPULATIONS/POPULATION_0020/INDIVIDUAL_DC2JH9YC/model.cpp:114:35: note: \u2018square\u2019 declared here, later in the translation unit\n  114 |     Type grazing = g_max * (square(P_prev) / (square(K_P) + square(P_prev) + Type(1e-8))) * Z_prev;\n      |                             ~~~~~~^~~~~~~~\nPOPULATIONS/POPULATION_0020/INDIVIDUAL_DC2JH9YC/model.cpp:114:67: error: \u2018square\u2019 was not declared in this scope, and no declarations were found by argument-dependent lookup at the point of instantiation\n  114 |     Type grazing = g_max * (square(P_prev) / (square(K_P) + square(P_prev) + Type(1e-8))) * Z_prev;\n      |                                                             ~~~~~~^~~~~~~~\nPOPULATIONS/POPULATION_0020/INDIVIDUAL_DC2JH9YC/model.cpp:114:35: note: \u2018square\u2019 declared here, later in the translation unit\n  114 |     Type grazing = g_max * (square(P_prev) / (square(K_P) + square(P_prev) + Type(1e-8))) * Z_prev;\n      |                             ~~~~~~^~~~~~~~\nPOPULATIONS/POPULATION_0020/INDIVIDUAL_DC2JH9YC/model.cpp:117:83: error: \u2018square\u2019 was not declared in this scope, and no declarations were found by argument-dependent lookup at the point of instantiation\n  117 |     Type dN = -uptake + (Type(1.0) - beta) * grazing + l_Z * Z_prev + m_Z * square(Z_prev) + m_P * P_prev;\n      |                                                                             ~~~~~~^~~~~~~~\nPOPULATIONS/POPULATION_0020/INDIVIDUAL_DC2JH9YC/model.cpp:114:35: note: \u2018square\u2019 declared here, later in the translation unit\n  114 |     Type grazing = g_max * (square(P_prev) / (square(K_P) + square(P_prev) + Type(1e-8))) * Z_prev;\n      |                             ~~~~~~^~~~~~~~\nPOPULATIONS/POPULATION_0020/INDIVIDUAL_DC2JH9YC/model.cpp:119:59: error: \u2018square\u2019 was not declared in this scope, and no declarations were found by argument-dependent lookup at the point of instantiation\n  119 |     Type dZ = beta * grazing - l_Z * Z_prev - m_Z * square(Z_prev);\n      |                                                     ~~~~~~^~~~~~~~\nPOPULATIONS/POPULATION_0020/INDIVIDUAL_DC2JH9YC/model.cpp:114:35: note: \u2018square\u2019 declared here, later in the translation unit\n  114 |     Type grazing = g_max * (square(P_prev) / (square(K_P) + square(P_prev) + Type(1e-8))) * Z_prev;\n      |                             ~~~~~~^~~~~~~~\nPOPULATIONS/POPULATION_0020/INDIVIDUAL_DC2JH9YC/model.cpp:141:33: error: \u2018square\u2019 was not declared in this scope; did you mean \u2018Eigen::square\u2019?\n  141 |   Type sigma_N_eff = sqrt(square(sigma_N) + square(Type(0.01)));\n      |                           ~~~~~~^~~~~~~~~\n      |                           Eigen::square\n/home/spi085/R/x86_64-pc-linux-gnu-library/4.4/RcppEigen/include/Eigen/src/Core/GlobalFunctions.h:91:36: note: \u2018Eigen::square\u2019 declared here\n   91 |   EIGEN_ARRAY_DECLARE_GLOBAL_UNARY(square,scalar_square_op,square (power 2),\\sa Eigen::abs2 DOXCOMMA Eigen::pow DOXCOMMA ArrayBase::square)\n      |                                    ^~~~~~\n/home/spi085/R/x86_64-pc-linux-gnu-library/4.4/RcppEigen/include/Eigen/src/Core/GlobalFunctions.h:32:4: note: in definition of macro \u2018EIGEN_ARRAY_DECLARE_GLOBAL_UNARY\u2019\n   32 |   (NAME)(const Eigen::ArrayBase<Derived>& x) { \\\n      |    ^~~~\nPOPULATIONS/POPULATION_0020/INDIVIDUAL_DC2JH9YC/model.cpp:141:51: error: \u2018square\u2019 was not declared in this scope, and no declarations were found by argument-dependent lookup at the point of instantiation\n  141 |   Type sigma_N_eff = sqrt(square(sigma_N) + square(Type(0.01)));\n      |                                             ~~~~~~^~~~~~~~~~~~\nPOPULATIONS/POPULATION_0020/INDIVIDUAL_DC2JH9YC/model.cpp:141:33: note: \u2018square\u2019 declared here, later in the translation unit\n  141 |   Type sigma_N_eff = sqrt(square(sigma_N) + square(Type(0.01)));\n      |                           ~~~~~~^~~~~~~~~\nPOPULATIONS/POPULATION_0020/INDIVIDUAL_DC2JH9YC/model.cpp:142:33: error: \u2018square\u2019 was not declared in this scope, and no declarations were found by argument-dependent lookup at the point of instantiation\n  142 |   Type sigma_P_eff = sqrt(square(sigma_P) + square(Type(0.01)));\n      |                           ~~~~~~^~~~~~~~~\nPOPULATIONS/POPULATION_0020/INDIVIDUAL_DC2JH9YC/model.cpp:141:33: note: \u2018square\u2019 declared here, later in the translation unit\n  141 |   Type sigma_N_eff = sqrt(square(sigma_N) + square(Type(0.01)));\n      |                           ~~~~~~^~~~~~~~~\nPOPULATIONS/POPULATION_0020/INDIVIDUAL_DC2JH9YC/model.cpp:142:51: error: \u2018square\u2019 was not declared in this scope, and no declarations were found by argument-dependent lookup at the point of instantiation\n  142 |   Type sigma_P_eff = sqrt(square(sigma_P) + square(Type(0.01)));\n      |                                             ~~~~~~^~~~~~~~~~~~\nPOPULATIONS/POPULATION_0020/INDIVIDUAL_DC2JH9YC/model.cpp:141:33: note: \u2018square\u2019 declared here, later in the translation unit\n  141 |   Type sigma_N_eff = sqrt(square(sigma_N) + square(Type(0.01)));\n      |                           ~~~~~~^~~~~~~~~\nPOPULATIONS/POPULATION_0020/INDIVIDUAL_DC2JH9YC/model.cpp:143:33: error: \u2018square\u2019 was not declared in this scope, and no declarations were found by argument-dependent lookup at the point of instantiation\n  143 |   Type sigma_Z_eff = sqrt(square(sigma_Z) + square(Type(0.01)));\n      |                           ~~~~~~^~~~~~~~~\nPOPULATIONS/POPULATION_0020/INDIVIDUAL_DC2JH9YC/model.cpp:141:33: note: \u2018square\u2019 declared here, later in the translation unit\n  141 |   Type sigma_N_eff = sqrt(square(sigma_N) + square(Type(0.01)));\n      |                           ~~~~~~^~~~~~~~~\nPOPULATIONS/POPULATION_0020/INDIVIDUAL_DC2JH9YC/model.cpp:143:51: error: \u2018square\u2019 was not declared in this scope, and no declarations were found by argument-dependent lookup at the point of instantiation\n  143 |   Type sigma_Z_eff = sqrt(square(sigma_Z) + square(Type(0.01)));\n      |                                             ~~~~~~^~~~~~~~~~~~\nPOPULATIONS/POPULATION_0020/INDIVIDUAL_DC2JH9YC/model.cpp:141:33: note: \u2018square\u2019 declared here, later in the translation unit\n  141 |   Type sigma_N_eff = sqrt(square(sigma_N) + square(Type(0.01)));\n      |                           ~~~~~~^~~~~~~~~\nPOPULATIONS/POPULATION_0020/INDIVIDUAL_DC2JH9YC/model.cpp: In instantiation of \u2018Type objective_function<Type>::operator()() [with Type = double]\u2019:\n/home/spi085/R/x86_64-pc-linux-gnu-library/4.4/TMB/include/tmb_core.hpp:2035:7:   required from here\nPOPULATIONS/POPULATION_0020/INDIVIDUAL_DC2JH9YC/model.cpp:114:35: error: \u2018square\u2019 was not declared in this scope; did you mean \u2018Eigen::square\u2019?\n  114 |     Type grazing = g_max * (square(P_prev) / (square(K_P) + square(P_prev) + Type(1e-8))) * Z_prev;\n      |                             ~~~~~~^~~~~~~~\n      |                             Eigen::square\n/home/spi085/R/x86_64-pc-linux-gnu-library/4.4/RcppEigen/include/Eigen/src/Core/GlobalFunctions.h:91:36: note: \u2018Eigen::square\u2019 declared here\n   91 |   EIGEN_ARRAY_DECLARE_GLOBAL_UNARY(square,scalar_square_op,square (power 2),\\sa Eigen::abs2 DOXCOMMA Eigen::pow DOXCOMMA ArrayBase::square)\n      |                                    ^~~~~~\n/home/spi085/R/x86_64-pc-linux-gnu-library/4.4/RcppEigen/include/Eigen/src/Core/GlobalFunctions.h:32:4: note: in definition of macro \u2018EIGEN_ARRAY_DECLARE_GLOBAL_UNARY\u2019\n   32 |   (NAME)(const Eigen::ArrayBase<Derived>& x) { \\\n      |    ^~~~\nPOPULATIONS/POPULATION_0020/INDIVIDUAL_DC2JH9YC/model.cpp:114:53: error: \u2018square\u2019 was not declared in this scope, and no declarations were found by argument-dependent lookup at the point of instantiation\n  114 |     Type grazing = g_max * (square(P_prev) / (square(K_P) + square(P_prev) + Type(1e-8))) * Z_prev;\n      |                                               ~~~~~~^~~~~\nPOPULATIONS/POPULATION_0020/INDIVIDUAL_DC2JH9YC/model.cpp:114:35: note: \u2018square\u2019 declared here, later in the translation unit\n  114 |     Type grazing = g_max * (square(P_prev) / (square(K_P) + square(P_prev) + Type(1e-8))) * Z_prev;\n      |                             ~~~~~~^~~~~~~~\nPOPULATIONS/POPULATION_0020/INDIVIDUAL_DC2JH9YC/model.cpp:114:67: error: \u2018square\u2019 was not declared in this scope, and no declarations were found by argument-dependent lookup at the point of instantiation\n  114 |     Type grazing = g_max * (square(P_prev) / (square(K_P) + square(P_prev) + Type(1e-8))) * Z_prev;\n      |                                                             ~~~~~~^~~~~~~~\nPOPULATIONS/POPULATION_0020/INDIVIDUAL_DC2JH9YC/model.cpp:114:35: note: \u2018square\u2019 declared here, later in the translation unit\n  114 |     Type grazing = g_max * (square(P_prev) / (square(K_P) + square(P_prev) + Type(1e-8))) * Z_prev;\n      |                             ~~~~~~^~~~~~~~\nPOPULATIONS/POPULATION_0020/INDIVIDUAL_DC2JH9YC/model.cpp:117:83: error: \u2018square\u2019 was not declared in this scope, and no declarations were found by argument-dependent lookup at the point of instantiation\n  117 |     Type dN = -uptake + (Type(1.0) - beta) * grazing + l_Z * Z_prev + m_Z * square(Z_prev) + m_P * P_prev;\n      |                                                                             ~~~~~~^~~~~~~~\nPOPULATIONS/POPULATION_0020/INDIVIDUAL_DC2JH9YC/model.cpp:114:35: note: \u2018square\u2019 declared here, later in the translation unit\n  114 |     Type grazing = g_max * (square(P_prev) / (square(K_P) + square(P_prev) + Type(1e-8))) * Z_prev;\n      |                             ~~~~~~^~~~~~~~\nPOPULATIONS/POPULATION_0020/INDIVIDUAL_DC2JH9YC/model.cpp:119:59: error: \u2018square\u2019 was not declared in this scope, and no declarations were found by argument-dependent lookup at the point of instantiation\n  119 |     Type dZ = beta * grazing - l_Z * Z_prev - m_Z * square(Z_prev);\n      |                                                     ~~~~~~^~~~~~~~\nPOPULATIONS/POPULATION_0020/INDIVIDUAL_DC2JH9YC/model.cpp:114:35: note: \u2018square\u2019 declared here, later in the translation unit\n  114 |     Type grazing = g_max * (square(P_prev) / (square(K_P) + square(P_prev) + Type(1e-8))) * Z_prev;\n      |                             ~~~~~~^~~~~~~~\nPOPULATIONS/POPULATION_0020/INDIVIDUAL_DC2JH9YC/model.cpp:141:33: error: \u2018square\u2019 was not declared in this scope; did you mean \u2018Eigen::square\u2019?\n  141 |   Type sigma_N_eff = sqrt(square(sigma_N) + square(Type(0.01)));\n      |                           ~~~~~~^~~~~~~~~\n      |                           Eigen::square\n/home/spi085/R/x86_64-pc-linux-gnu-library/4.4/RcppEigen/include/Eigen/src/Core/GlobalFunctions.h:91:36: note: \u2018Eigen::square\u2019 declared here\n   91 |   EIGEN_ARRAY_DECLARE_GLOBAL_UNARY(square,scalar_square_op,square (power 2),\\sa Eigen::abs2 DOXCOMMA Eigen::pow DOXCOMMA ArrayBase::square)\n      |                                    ^~~~~~\n/home/spi085/R/x86_64-pc-linux-gnu-library/4.4/RcppEigen/include/Eigen/src/Core/GlobalFunctions.h:32:4: note: in definition of macro \u2018EIGEN_ARRAY_DECLARE_GLOBAL_UNARY\u2019\n   32 |   (NAME)(const Eigen::ArrayBase<Derived>& x) { \\\n      |    ^~~~\nPOPULATIONS/POPULATION_0020/INDIVIDUAL_DC2JH9YC/model.cpp:141:51: error: \u2018square\u2019 was not declared in this scope, and no declarations were found by argument-dependent lookup at the point of instantiation\n  141 |   Type sigma_N_eff = sqrt(square(sigma_N) + square(Type(0.01)));\n      |                                             ~~~~~~^~~~~~~~~~~~\nPOPULATIONS/POPULATION_0020/INDIVIDUAL_DC2JH9YC/model.cpp:141:33: note: \u2018square\u2019 declared here, later in the translation unit\n  141 |   Type sigma_N_eff = sqrt(square(sigma_N) + square(Type(0.01)));\n      |                           ~~~~~~^~~~~~~~~\nPOPULATIONS/POPULATION_0020/INDIVIDUAL_DC2JH9YC/model.cpp:142:33: error: \u2018square\u2019 was not declared in this scope, and no declarations were found by argument-dependent lookup at the point of instantiation\n  142 |   Type sigma_P_eff = sqrt(square(sigma_P) + square(Type(0.01)));\n      |                           ~~~~~~^~~~~~~~~\nPOPULATIONS/POPULATION_0020/INDIVIDUAL_DC2JH9YC/model.cpp:141:33: note: \u2018square\u2019 declared here, later in the translation unit\n  141 |   Type sigma_N_eff = sqrt(square(sigma_N) + square(Type(0.01)));\n      |                           ~~~~~~^~~~~~~~~\nPOPULATIONS/POPULATION_0020/INDIVIDUAL_DC2JH9YC/model.cpp:142:51: error: \u2018square\u2019 was not declared in this scope, and no declarations were found by argument-dependent lookup at the point of instantiation\n  142 |   Type sigma_P_eff = sqrt(square(sigma_P) + square(Type(0.01)));\n      |                                             ~~~~~~^~~~~~~~~~~~\nPOPULATIONS/POPULATION_0020/INDIVIDUAL_DC2JH9YC/model.cpp:141:33: note: \u2018square\u2019 declared here, later in the translation unit\n  141 |   Type sigma_N_eff = sqrt(square(sigma_N) + square(Type(0.01)));\n      |                           ~~~~~~^~~~~~~~~\nPOPULATIONS/POPULATION_0020/INDIVIDUAL_DC2JH9YC/model.cpp:143:33: error: \u2018square\u2019 was not declared in this scope, and no declarations were found by argument-dependent lookup at the point of instantiation\n  143 |   Type sigma_Z_eff = sqrt(square(sigma_Z) + square(Type(0.01)));\n      |                           ~~~~~~^~~~~~~~~\nPOPULATIONS/POPULATION_0020/INDIVIDUAL_DC2JH9YC/model.cpp:141:33: note: \u2018square\u2019 declared here, later in the translation unit\n  141 |   Type sigma_N_eff = sqrt(square(sigma_N) + square(Type(0.01)));\n      |                           ~~~~~~^~~~~~~~~\nPOPULATIONS/POPULATION_0020/INDIVIDUAL_DC2JH9YC/model.cpp:143:51: error: \u2018square\u2019 was not declared in this scope, and no declarations were found by argument-dependent lookup at the point of instantiation\n  143 |   Type sigma_Z_eff = sqrt(square(sigma_Z) + square(Type(0.01)));\n      |                                             ~~~~~~^~~~~~~~~~~~\nPOPULATIONS/POPULATION_0020/INDIVIDUAL_DC2JH9YC/model.cpp:141:33: note: \u2018square\u2019 declared here, later in the translation unit\n  141 |   Type sigma_N_eff = sqrt(square(sigma_N) + square(Type(0.01)));\n      |                           ~~~~~~^~~~~~~~~\nPOPULATIONS/POPULATION_0020/INDIVIDUAL_DC2JH9YC/model.cpp: In instantiation of \u2018Type objective_function<Type>::operator()() [with Type = CppAD::AD<CppAD::AD<double> >]\u2019:\n/home/spi085/R/x86_64-pc-linux-gnu-library/4.4/TMB/include/tmb_core.hpp:917:29:   required from \u2018Type objective_function<Type>::evalUserTemplate() [with Type = CppAD::AD<CppAD::AD<double> >]\u2019\n/home/spi085/R/x86_64-pc-linux-gnu-library/4.4/TMB/include/tmb_core.hpp:2116:26:   required from here\nPOPULATIONS/POPULATION_0020/INDIVIDUAL_DC2JH9YC/model.cpp:114:35: error: \u2018square\u2019 was not declared in this scope; did you mean \u2018Eigen::square\u2019?\n  114 |     Type grazing = g_max * (square(P_prev) / (square(K_P) + square(P_prev) + Type(1e-8))) * Z_prev;\n      |                             ~~~~~~^~~~~~~~\n      |                             Eigen::square\n/home/spi085/R/x86_64-pc-linux-gnu-library/4.4/RcppEigen/include/Eigen/src/Core/GlobalFunctions.h:91:36: note: \u2018Eigen::square\u2019 declared here\n   91 |   EIGEN_ARRAY_DECLARE_GLOBAL_UNARY(square,scalar_square_op,square (power 2),\\sa Eigen::abs2 DOXCOMMA Eigen::pow DOXCOMMA ArrayBase::square)\n      |                                    ^~~~~~\n/home/spi085/R/x86_64-pc-linux-gnu-library/4.4/RcppEigen/include/Eigen/src/Core/GlobalFunctions.h:32:4: note: in definition of macro \u2018EIGEN_ARRAY_DECLARE_GLOBAL_UNARY\u2019\n   32 |   (NAME)(const Eigen::ArrayBase<Derived>& x) { \\\n      |    ^~~~\nPOPULATIONS/POPULATION_0020/INDIVIDUAL_DC2JH9YC/model.cpp:114:53: error: \u2018square\u2019 was not declared in this scope, and no declarations were found by argument-dependent lookup at the point of instantiation\n  114 |     Type grazing = g_max * (square(P_prev) / (square(K_P) + square(P_prev) + Type(1e-8))) * Z_prev;\n      |                                               ~~~~~~^~~~~\nPOPULATIONS/POPULATION_0020/INDIVIDUAL_DC2JH9YC/model.cpp:114:35: note: \u2018square\u2019 declared here, later in the translation unit\n  114 |     Type grazing = g_max * (square(P_prev) / (square(K_P) + square(P_prev) + Type(1e-8))) * Z_prev;\n      |                             ~~~~~~^~~~~~~~\nPOPULATIONS/POPULATION_0020/INDIVIDUAL_DC2JH9YC/model.cpp:114:67: error: \u2018square\u2019 was not declared in this scope, and no declarations were found by argument-dependent lookup at the point of instantiation\n  114 |     Type grazing = g_max * (square(P_prev) / (square(K_P) + square(P_prev) + Type(1e-8))) * Z_prev;\n      |                                                             ~~~~~~^~~~~~~~\nPOPULATIONS/POPULATION_0020/INDIVIDUAL_DC2JH9YC/model.cpp:114:35: note: \u2018square\u2019 declared here, later in the translation unit\n  114 |     Type grazing = g_max * (square(P_prev) / (square(K_P) + square(P_prev) + Type(1e-8))) * Z_prev;\n      |                             ~~~~~~^~~~~~~~\nPOPULATIONS/POPULATION_0020/INDIVIDUAL_DC2JH9YC/model.cpp:117:83: error: \u2018square\u2019 was not declared in this scope, and no declarations were found by argument-dependent lookup at the point of instantiation\n  117 |     Type dN = -uptake + (Type(1.0) - beta) * grazing + l_Z * Z_prev + m_Z * square(Z_prev) + m_P * P_prev;\n      |                                                                             ~~~~~~^~~~~~~~\nPOPULATIONS/POPULATION_0020/INDIVIDUAL_DC2JH9YC/model.cpp:114:35: note: \u2018square\u2019 declared here, later in the translation unit\n  114 |     Type grazing = g_max * (square(P_prev) / (square(K_P) + square(P_prev) + Type(1e-8))) * Z_prev;\n      |                             ~~~~~~^~~~~~~~\nPOPULATIONS/POPULATION_0020/INDIVIDUAL_DC2JH9YC/model.cpp:119:59: error: \u2018square\u2019 was not declared in this scope, and no declarations were found by argument-dependent lookup at the point of instantiation\n  119 |     Type dZ = beta * grazing - l_Z * Z_prev - m_Z * square(Z_prev);\n      |                                                     ~~~~~~^~~~~~~~\nPOPULATIONS/POPULATION_0020/INDIVIDUAL_DC2JH9YC/model.cpp:114:35: note: \u2018square\u2019 declared here, later in the translation unit\n  114 |     Type grazing = g_max * (square(P_prev) / (square(K_P) + square(P_prev) + Type(1e-8))) * Z_prev;\n      |                             ~~~~~~^~~~~~~~\nPOPULATIONS/POPULATION_0020/INDIVIDUAL_DC2JH9YC/model.cpp:141:33: error: \u2018square\u2019 was not declared in this scope; did you mean \u2018Eigen::square\u2019?\n  141 |   Type sigma_N_eff = sqrt(square(sigma_N) + square(Type(0.01)));\n      |                           ~~~~~~^~~~~~~~~\n      |                           Eigen::square\n/home/spi085/R/x86_64-pc-linux-gnu-library/4.4/RcppEigen/include/Eigen/src/Core/GlobalFunctions.h:91:36: note: \u2018Eigen::square\u2019 declared here\n   91 |   EIGEN_ARRAY_DECLARE_GLOBAL_UNARY(square,scalar_square_op,square (power 2),\\sa Eigen::abs2 DOXCOMMA Eigen::pow DOXCOMMA ArrayBase::square)\n      |                                    ^~~~~~\n/home/spi085/R/x86_64-pc-linux-gnu-library/4.4/RcppEigen/include/Eigen/src/Core/GlobalFunctions.h:32:4: note: in definition of macro \u2018EIGEN_ARRAY_DECLARE_GLOBAL_UNARY\u2019\n   32 |   (NAME)(const Eigen::ArrayBase<Derived>& x) { \\\n      |    ^~~~\nPOPULATIONS/POPULATION_0020/INDIVIDUAL_DC2JH9YC/model.cpp:141:51: error: \u2018square\u2019 was not declared in this scope, and no declarations were found by argument-dependent lookup at the point of instantiation\n  141 |   Type sigma_N_eff = sqrt(square(sigma_N) + square(Type(0.01)));\n      |                                             ~~~~~~^~~~~~~~~~~~\nPOPULATIONS/POPULATION_0020/INDIVIDUAL_DC2JH9YC/model.cpp:141:33: note: \u2018square\u2019 declared here, later in the translation unit\n  141 |   Type sigma_N_eff = sqrt(square(sigma_N) + square(Type(0.01)));\n      |                           ~~~~~~^~~~~~~~~\nPOPULATIONS/POPULATION_0020/INDIVIDUAL_DC2JH9YC/model.cpp:142:33: error: \u2018square\u2019 was not declared in this scope, and no declarations were found by argument-dependent lookup at the point of instantiation\n  142 |   Type sigma_P_eff = sqrt(square(sigma_P) + square(Type(0.01)));\n      |                           ~~~~~~^~~~~~~~~\nPOPULATIONS/POPULATION_0020/INDIVIDUAL_DC2JH9YC/model.cpp:141:33: note: \u2018square\u2019 declared here, later in the translation unit\n  141 |   Type sigma_N_eff = sqrt(square(sigma_N) + square(Type(0.01)));\n      |                           ~~~~~~^~~~~~~~~\nPOPULATIONS/POPULATION_0020/INDIVIDUAL_DC2JH9YC/model.cpp:142:51: error: \u2018square\u2019 was not declared in this scope, and no declarations were found by argument-dependent lookup at the point of instantiation\n  142 |   Type sigma_P_eff = sqrt(square(sigma_P) + square(Type(0.01)));\n      |                                             ~~~~~~^~~~~~~~~~~~\nPOPULATIONS/POPULATION_0020/INDIVIDUAL_DC2JH9YC/model.cpp:141:33: note: \u2018square\u2019 declared here, later in the translation unit\n  141 |   Type sigma_N_eff = sqrt(square(sigma_N) + square(Type(0.01)));\n      |                           ~~~~~~^~~~~~~~~\nPOPULATIONS/POPULATION_0020/INDIVIDUAL_DC2JH9YC/model.cpp:143:33: error: \u2018square\u2019 was not declared in this scope, and no declarations were found by argument-dependent lookup at the point of instantiation\n  143 |   Type sigma_Z_eff = sqrt(square(sigma_Z) + square(Type(0.01)));\n      |                           ~~~~~~^~~~~~~~~\nPOPULATIONS/POPULATION_0020/INDIVIDUAL_DC2JH9YC/model.cpp:141:33: note: \u2018square\u2019 declared here, later in the translation unit\n  141 |   Type sigma_N_eff = sqrt(square(sigma_N) + square(Type(0.01)));\n      |                           ~~~~~~^~~~~~~~~\nPOPULATIONS/POPULATION_0020/INDIVIDUAL_DC2JH9YC/model.cpp:143:51: error: \u2018square\u2019 was not declared in this scope, and no declarations were found by argument-dependent lookup at the point of instantiation\n  143 |   Type sigma_Z_eff = sqrt(square(sigma_Z) + square(Type(0.01)));\n      |                                             ~~~~~~^~~~~~~~~~~~\nPOPULATIONS/POPULATION_0020/INDIVIDUAL_DC2JH9YC/model.cpp:141:33: note: \u2018square\u2019 declared here, later in the translation unit\n  141 |   Type sigma_N_eff = sqrt(square(sigma_N) + square(Type(0.01)));\n      |                           ~~~~~~^~~~~~~~~\nPOPULATIONS/POPULATION_0020/INDIVIDUAL_DC2JH9YC/model.cpp: In instantiation of \u2018Type objective_function<Type>::operator()() [with Type = CppAD::AD<CppAD::AD<CppAD::AD<double> > >]\u2019:\n/home/spi085/R/x86_64-pc-linux-gnu-library/4.4/TMB/include/tmb_core.hpp:917:29:   required from \u2018Type objective_function<Type>::evalUserTemplate() [with Type = CppAD::AD<CppAD::AD<CppAD::AD<double> > >]\u2019\n/home/spi085/R/x86_64-pc-linux-gnu-library/4.4/TMB/include/tmb_core.hpp:2365:28:   required from here\nPOPULATIONS/POPULATION_0020/INDIVIDUAL_DC2JH9YC/model.cpp:114:35: error: \u2018square\u2019 was not declared in this scope; did you mean \u2018Eigen::square\u2019?\n  114 |     Type grazing = g_max * (square(P_prev) / (square(K_P) + square(P_prev) + Type(1e-8))) * Z_prev;\n      |                             ~~~~~~^~~~~~~~\n      |                             Eigen::square\n/home/spi085/R/x86_64-pc-linux-gnu-library/4.4/RcppEigen/include/Eigen/src/Core/GlobalFunctions.h:91:36: note: \u2018Eigen::square\u2019 declared here\n   91 |   EIGEN_ARRAY_DECLARE_GLOBAL_UNARY(square,scalar_square_op,square (power 2),\\sa Eigen::abs2 DOXCOMMA Eigen::pow DOXCOMMA ArrayBase::square)\n      |                                    ^~~~~~\n/home/spi085/R/x86_64-pc-linux-gnu-library/4.4/RcppEigen/include/Eigen/src/Core/GlobalFunctions.h:32:4: note: in definition of macro \u2018EIGEN_ARRAY_DECLARE_GLOBAL_UNARY\u2019\n   32 |   (NAME)(const Eigen::ArrayBase<Derived>& x) { \\\n      |    ^~~~\nPOPULATIONS/POPULATION_0020/INDIVIDUAL_DC2JH9YC/model.cpp:114:53: error: \u2018square\u2019 was not declared in this scope, and no declarations were found by argument-dependent lookup at the point of instantiation\n  114 |     Type grazing = g_max * (square(P_prev) / (square(K_P) + square(P_prev) + Type(1e-8))) * Z_prev;\n      |                                               ~~~~~~^~~~~\nPOPULATIONS/POPULATION_0020/INDIVIDUAL_DC2JH9YC/model.cpp:114:35: note: \u2018square\u2019 declared here, later in the translation unit\n  114 |     Type grazing = g_max * (square(P_prev) / (square(K_P) + square(P_prev) + Type(1e-8))) * Z_prev;\n      |                             ~~~~~~^~~~~~~~\nPOPULATIONS/POPULATION_0020/INDIVIDUAL_DC2JH9YC/model.cpp:114:67: error: \u2018square\u2019 was not declared in this scope, and no declarations were found by argument-dependent lookup at the point of instantiation\n  114 |     Type grazing = g_max * (square(P_prev) / (square(K_P) + square(P_prev) + Type(1e-8))) * Z_prev;\n      |                                                             ~~~~~~^~~~~~~~\nPOPULATIONS/POPULATION_0020/INDIVIDUAL_DC2JH9YC/model.cpp:114:35: note: \u2018square\u2019 declared here, later in the translation unit\n  114 |     Type grazing = g_max * (square(P_prev) / (square(K_P) + square(P_prev) + Type(1e-8))) * Z_prev;\n      |                             ~~~~~~^~~~~~~~\nPOPULATIONS/POPULATION_0020/INDIVIDUAL_DC2JH9YC/model.cpp:117:83: error: \u2018square\u2019 was not declared in this scope, and no declarations were found by argument-dependent lookup at the point of instantiation\n  117 |     Type dN = -uptake + (Type(1.0) - beta) * grazing + l_Z * Z_prev + m_Z * square(Z_prev) + m_P * P_prev;\n      |                                                                             ~~~~~~^~~~~~~~\nPOPULATIONS/POPULATION_0020/INDIVIDUAL_DC2JH9YC/model.cpp:114:35: note: \u2018square\u2019 declared here, later in the translation unit\n  114 |     Type grazing = g_max * (square(P_prev) / (square(K_P) + square(P_prev) + Type(1e-8))) * Z_prev;\n      |                             ~~~~~~^~~~~~~~\nPOPULATIONS/POPULATION_0020/INDIVIDUAL_DC2JH9YC/model.cpp:119:59: error: \u2018square\u2019 was not declared in this scope, and no declarations were found by argument-dependent lookup at the point of instantiation\n  119 |     Type dZ = beta * grazing - l_Z * Z_prev - m_Z * square(Z_prev);\n      |                                                     ~~~~~~^~~~~~~~\nPOPULATIONS/POPULATION_0020/INDIVIDUAL_DC2JH9YC/model.cpp:114:35: note: \u2018square\u2019 declared here, later in the translation unit\n  114 |     Type grazing = g_max * (square(P_prev) / (square(K_P) + square(P_prev) + Type(1e-8))) * Z_prev;\n      |                             ~~~~~~^~~~~~~~\nPOPULATIONS/POPULATION_0020/INDIVIDUAL_DC2JH9YC/model.cpp:141:33: error: \u2018square\u2019 was not declared in this scope; did you mean \u2018Eigen::square\u2019?\n  141 |   Type sigma_N_eff = sqrt(square(sigma_N) + square(Type(0.01)));\n      |                           ~~~~~~^~~~~~~~~\n      |                           Eigen::square\n/home/spi085/R/x86_64-pc-linux-gnu-library/4.4/RcppEigen/include/Eigen/src/Core/GlobalFunctions.h:91:36: note: \u2018Eigen::square\u2019 declared here\n   91 |   EIGEN_ARRAY_DECLARE_GLOBAL_UNARY(square,scalar_square_op,square (power 2),\\sa Eigen::abs2 DOXCOMMA Eigen::pow DOXCOMMA ArrayBase::square)\n      |                                    ^~~~~~\n/home/spi085/R/x86_64-pc-linux-gnu-library/4.4/RcppEigen/include/Eigen/src/Core/GlobalFunctions.h:32:4: note: in definition of macro \u2018EIGEN_ARRAY_DECLARE_GLOBAL_UNARY\u2019\n   32 |   (NAME)(const Eigen::ArrayBase<Derived>& x) { \\\n      |    ^~~~\nPOPULATIONS/POPULATION_0020/INDIVIDUAL_DC2JH9YC/model.cpp:141:51: error: \u2018square\u2019 was not declared in this scope, and no declarations were found by argument-dependent lookup at the point of instantiation\n  141 |   Type sigma_N_eff = sqrt(square(sigma_N) + square(Type(0.01)));\n      |                                             ~~~~~~^~~~~~~~~~~~\nPOPULATIONS/POPULATION_0020/INDIVIDUAL_DC2JH9YC/model.cpp:141:33: note: \u2018square\u2019 declared here, later in the translation unit\n  141 |   Type sigma_N_eff = sqrt(square(sigma_N) + square(Type(0.01)));\n      |                           ~~~~~~^~~~~~~~~\nPOPULATIONS/POPULATION_0020/INDIVIDUAL_DC2JH9YC/model.cpp:142:33: error: \u2018square\u2019 was not declared in this scope, and no declarations were found by argument-dependent lookup at the point of instantiation\n  142 |   Type sigma_P_eff = sqrt(square(sigma_P) + square(Type(0.01)));\n      |                           ~~~~~~^~~~~~~~~\nPOPULATIONS/POPULATION_0020/INDIVIDUAL_DC2JH9YC/model.cpp:141:33: note: \u2018square\u2019 declared here, later in the translation unit\n  141 |   Type sigma_N_eff = sqrt(square(sigma_N) + square(Type(0.01)));\n      |                           ~~~~~~^~~~~~~~~\nPOPULATIONS/POPULATION_0020/INDIVIDUAL_DC2JH9YC/model.cpp:142:51: error: \u2018square\u2019 was not declared in this scope, and no declarations were found by argument-dependent lookup at the point of instantiation\n  142 |   Type sigma_P_eff = sqrt(square(sigma_P) + square(Type(0.01)));\n      |                                             ~~~~~~^~~~~~~~~~~~\nPOPULATIONS/POPULATION_0020/INDIVIDUAL_DC2JH9YC/model.cpp:141:33: note: \u2018square\u2019 declared here, later in the translation unit\n  141 |   Type sigma_N_eff = sqrt(square(sigma_N) + square(Type(0.01)));\n      |                           ~~~~~~^~~~~~~~~\nPOPULATIONS/POPULATION_0020/INDIVIDUAL_DC2JH9YC/model.cpp:143:33: error: \u2018square\u2019 was not declared in this scope, and no declarations were found by argument-dependent lookup at the point of instantiation\n  143 |   Type sigma_Z_eff = sqrt(square(sigma_Z) + square(Type(0.01)));\n      |                           ~~~~~~^~~~~~~~~\nPOPULATIONS/POPULATION_0020/INDIVIDUAL_DC2JH9YC/model.cpp:141:33: note: \u2018square\u2019 declared here, later in the translation unit\n  141 |   Type sigma_N_eff = sqrt(square(sigma_N) + square(Type(0.01)));\n      |                           ~~~~~~^~~~~~~~~\nPOPULATIONS/POPULATION_0020/INDIVIDUAL_DC2JH9YC/model.cpp:143:51: error: \u2018square\u2019 was not declared in this scope, and no declarations were found by argument-dependent lookup at the point of instantiation\n  143 |   Type sigma_Z_eff = sqrt(square(sigma_Z) + square(Type(0.01)));\n      |                                             ~~~~~~^~~~~~~~~~~~\nPOPULATIONS/POPULATION_0020/INDIVIDUAL_DC2JH9YC/model.cpp:141:33: note: \u2018square\u2019 declared here, later in the translation unit\n  141 |   Type sigma_N_eff = sqrt(square(sigma_N) + square(Type(0.01)));\n      |                           ~~~~~~^~~~~~~~~\nmake: *** [/usr/lib/R/etc/Makeconf:204: POPULATIONS/POPULATION_0020/INDIVIDUAL_DC2JH9YC/model.o] Error 1\nError in TMB::compile(file.path(individual_dir, model_file), flags = flags,  : \n  Compilation failed\nError: Compilation failed\nExecution halted"
    },
    "4": {
      "status": "ERROR",
      "message": "R script failed with return code 1",
      "stdout": "g++ -std=gnu++17 -I\"/usr/share/R/include\" -DNDEBUG -I\"/home/spi085/R/x86_64-pc-linux-gnu-library/4.4/TMB/include\" -I\"/home/spi085/R/x86_64-pc-linux-gnu-library/4.4/RcppEigen/include\"   -DTMB_EIGEN_DISABLE_WARNINGS   -DTMB_LIB_INIT=R_init_model  -DCPPAD_FRAMEWORK      -fpic  -O2  -c POPULATIONS/POPULATION_0020/INDIVIDUAL_DC2JH9YC/model.cpp -o POPULATIONS/POPULATION_0020/INDIVIDUAL_DC2JH9YC/model.o\ng++ -std=gnu++17 -shared -L/usr/lib/R/lib -Wl,-Bsymbolic-functions -flto=auto -ffat-lto-objects -Wl,-z,relro -o POPULATIONS/POPULATION_0020/INDIVIDUAL_DC2JH9YC/model.so POPULATIONS/POPULATION_0020/INDIVIDUAL_DC2JH9YC/model.o -L/usr/lib/R/lib -lR\n\nNA counts per required column:\n Time N_dat P_dat Z_dat \n    0     0     0     0 \n\nNA counts per required column:\n Time N_dat P_dat Z_dat \n    0     0     0     0 \n\nPARAMETER starts (first few):\n  log_V_max     log_K_N   log_g_max     log_K_P  logit_beta     log_m_P \n       0.00       -2.30        0.00       -1.60       -0.85       -3.00 \n    log_l_Z     log_m_Z log_sigma_N log_sigma_P log_sigma_Z \n      -2.30       -2.30       -2.30       -2.30       -2.30 \nStarting model phases\nNumber of phases: 4 \nPhase 1 \nError in model phases: Error when reading the variable: 'time_days'. Please check data and parameters.",
      "stderr": "Loading required package: TMB\nLoading required package: jsonlite\nusing C++ compiler: \u2018g++ (Ubuntu 13.3.0-6ubuntu2~24.04) 13.3.0\u2019\nError in value[[3L]](cond) : \n  Error in model phases: Error when reading the variable: 'time_days'. Please check data and parameters.\nCalls: tryCatch -> tryCatchList -> tryCatchOne -> <Anonymous>\nIn addition: Warning message:\nIn getParameterOrder(data, parameters, new.env(), DLL = DLL) :\n  Expected object. Got NULL.\nExecution halted"
    },
    "5": {
      "status": "ERROR",
      "message": "R script failed with return code 1",
      "stdout": "g++ -std=gnu++17 -I\"/usr/share/R/include\" -DNDEBUG -I\"/home/spi085/R/x86_64-pc-linux-gnu-library/4.4/TMB/include\" -I\"/home/spi085/R/x86_64-pc-linux-gnu-library/4.4/RcppEigen/include\"   -DTMB_EIGEN_DISABLE_WARNINGS   -DTMB_LIB_INIT=R_init_model  -DCPPAD_FRAMEWORK      -fpic  -O2  -c POPULATIONS/POPULATION_0020/INDIVIDUAL_DC2JH9YC/model.cpp -o POPULATIONS/POPULATION_0020/INDIVIDUAL_DC2JH9YC/model.o\ng++ -std=gnu++17 -shared -L/usr/lib/R/lib -Wl,-Bsymbolic-functions -flto=auto -ffat-lto-objects -Wl,-z,relro -o POPULATIONS/POPULATION_0020/INDIVIDUAL_DC2JH9YC/model.so POPULATIONS/POPULATION_0020/INDIVIDUAL_DC2JH9YC/model.o -L/usr/lib/R/lib -lR\n\nNA counts per required column:\n Time N_dat P_dat Z_dat \n    0     0     0     0 \n\nNA counts per required column:\n Time N_dat P_dat Z_dat \n    0     0     0     0 \n\nPARAMETER starts (first few):\n  log_V_max     log_K_N   log_g_max     log_K_P  logit_beta     log_m_P \n       0.00       -2.30        0.00       -1.60       -0.85       -3.00 \n    log_l_Z     log_m_Z log_sigma_N log_sigma_P log_sigma_Z \n      -2.30       -2.30       -2.30       -2.30       -2.30 \nStarting model phases\nNumber of phases: 4 \nPhase 1 \nError in model phases: Error when reading the variable: 'time_days'. Please check data and parameters.",
      "stderr": "Loading required package: TMB\nLoading required package: jsonlite\nusing C++ compiler: \u2018g++ (Ubuntu 13.3.0-6ubuntu2~24.04) 13.3.0\u2019\nError in value[[3L]](cond) : \n  Error in model phases: Error when reading the variable: 'time_days'. Please check data and parameters.\nCalls: tryCatch -> tryCatchList -> tryCatchOne -> <Anonymous>\nIn addition: Warning message:\nIn getParameterOrder(data, parameters, new.env(), DLL = DLL) :\n  Expected object. Got NULL.\nExecution halted"
    },
    "6": {
      "status": "ERROR",
      "message": "R script failed with return code 1",
      "stdout": "g++ -std=gnu++17 -I\"/usr/share/R/include\" -DNDEBUG -I\"/home/spi085/R/x86_64-pc-linux-gnu-library/4.4/TMB/include\" -I\"/home/spi085/R/x86_64-pc-linux-gnu-library/4.4/RcppEigen/include\"   -DTMB_EIGEN_DISABLE_WARNINGS   -DTMB_LIB_INIT=R_init_model  -DCPPAD_FRAMEWORK      -fpic  -O2  -c POPULATIONS/POPULATION_0020/INDIVIDUAL_DC2JH9YC/model.cpp -o POPULATIONS/POPULATION_0020/INDIVIDUAL_DC2JH9YC/model.o\ng++ -std=gnu++17 -shared -L/usr/lib/R/lib -Wl,-Bsymbolic-functions -flto=auto -ffat-lto-objects -Wl,-z,relro -o POPULATIONS/POPULATION_0020/INDIVIDUAL_DC2JH9YC/model.so POPULATIONS/POPULATION_0020/INDIVIDUAL_DC2JH9YC/model.o -L/usr/lib/R/lib -lR\n\nNA counts per required column:\n Time N_dat P_dat Z_dat \n    0     0     0     0 \n\nNA counts per required column:\n Time N_dat P_dat Z_dat \n    0     0     0     0 \n\nPARAMETER starts (first few):\n  log_V_max     log_K_N   log_g_max     log_K_P  logit_beta     log_m_P \n       0.00       -2.30        0.00       -1.60       -0.85       -3.00 \n    log_l_Z     log_m_Z log_sigma_N log_sigma_P log_sigma_Z \n      -2.30       -2.30       -2.30       -2.30       -2.30 \nStarting model phases\nNumber of phases: 4 \nPhase 1 \nError in model phases: Error when reading the variable: 'time_days'. Please check data and parameters.",
      "stderr": "Loading required package: TMB\nLoading required package: jsonlite\nusing C++ compiler: \u2018g++ (Ubuntu 13.3.0-6ubuntu2~24.04) 13.3.0\u2019\nError in value[[3L]](cond) : \n  Error in model phases: Error when reading the variable: 'time_days'. Please check data and parameters.\nCalls: tryCatch -> tryCatchList -> tryCatchOne -> <Anonymous>\nIn addition: Warning message:\nIn getParameterOrder(data, parameters, new.env(), DLL = DLL) :\n  Expected object. Got NULL.\nExecution halted"
    },
    "7": {
      "status": "BROKEN"
    }
  }
}