{
  "iterations": {
    "1": {
      "status": "ERROR",
      "message": "R script failed with return code 1",
      "stdout": "g++ -std=gnu++17  -I\"C:/Users/spi085/AppData/Local/Programs/R/R-4.4.1/include\" -DNDEBUG -I\"C:/Users/spi085/AppData/Local/Programs/R/R-44~1.1/library/TMB/include\" -I\"C:/Users/spi085/AppData/Local/Programs/R/R-44~1.1/library/RCPPEI~1/include\"   -DTMB_EIGEN_DISABLE_WARNINGS   -DTMB_LIB_INIT=R_init_model  -DCPPAD_FRAMEWORK    -I\"C:/rtools44/x86_64-w64-mingw32.static.posix/include\"     -O2 -Wa,-mbig-obj -c POPULATIONS//POPULATION_0010//INDIVIDUAL_9Q0GLLF7/model.cpp -o POPULATIONS//POPULATION_0010//INDIVIDUAL_9Q0GLLF7/model.o\ng++ -std=gnu++17 -shared -s -static-libgcc -o POPULATIONS//POPULATION_0010//INDIVIDUAL_9Q0GLLF7/model.dll tmp.def POPULATIONS//POPULATION_0010//INDIVIDUAL_9Q0GLLF7/model.o -LC:/rtools44/x86_64-w64-mingw32.static.posix/lib/x64 -LC:/rtools44/x86_64-w64-mingw32.static.posix/lib -LC:/Users/spi085/AppData/Local/Programs/R/R-4.4.1/bin/x64 -lR\nStarting model phases\nNumber of phases: 3 \nPhase 1 \nInitial parameter values for phase 1 :\n    log_r_cots     log_r_slow     log_r_fast log_alpha_slow log_alpha_fast \n            NA             NA             NA             NA             NA \nError in model phases: NA/NaN gradient evaluation",
      "stderr": "Loading required package: TMB\nLoading required package: jsonlite\nhere() starts at C:/Users/spi085/OneDrive - CSIRO/Documents/_Projects/SCCP-QuantModelling\nusing C++ compiler: 'G__~1.EXE (GCC) 13.2.0'\nError in value[[3L]](cond) : \n  Error in model phases: NA/NaN gradient evaluation\nCalls: tryCatch -> tryCatchList -> tryCatchOne -> <Anonymous>\nIn addition: Warning message:\nIn nlminb(model$par, model$fn, model$gr) : NA/NaN function evaluation\nExecution halted"
    },
    "2": {
      "status": "ERROR",
      "message": "R script failed with return code 1",
      "stdout": "g++ -std=gnu++17  -I\"C:/Users/spi085/AppData/Local/Programs/R/R-4.4.1/include\" -DNDEBUG -I\"C:/Users/spi085/AppData/Local/Programs/R/R-44~1.1/library/TMB/include\" -I\"C:/Users/spi085/AppData/Local/Programs/R/R-44~1.1/library/RCPPEI~1/include\"   -DTMB_EIGEN_DISABLE_WARNINGS   -DTMB_LIB_INIT=R_init_model  -DCPPAD_FRAMEWORK    -I\"C:/rtools44/x86_64-w64-mingw32.static.posix/include\"     -O2 -Wa,-mbig-obj -c POPULATIONS//POPULATION_0010//INDIVIDUAL_9Q0GLLF7/model.cpp -o POPULATIONS//POPULATION_0010//INDIVIDUAL_9Q0GLLF7/model.o\ng++ -std=gnu++17 -shared -s -static-libgcc -o POPULATIONS//POPULATION_0010//INDIVIDUAL_9Q0GLLF7/model.dll tmp.def POPULATIONS//POPULATION_0010//INDIVIDUAL_9Q0GLLF7/model.o -LC:/rtools44/x86_64-w64-mingw32.static.posix/lib/x64 -LC:/rtools44/x86_64-w64-mingw32.static.posix/lib -LC:/Users/spi085/AppData/Local/Programs/R/R-4.4.1/bin/x64 -lR\nStarting model phases\nNumber of phases: 3 \nPhase 1 \nInitial parameter values for phase 1 :\n    log_r_cots     log_r_slow     log_r_fast log_alpha_slow log_alpha_fast \n            NA             NA             NA             NA             NA \nError in model phases: NA/NaN gradient evaluation",
      "stderr": "Loading required package: TMB\nLoading required package: jsonlite\nhere() starts at C:/Users/spi085/OneDrive - CSIRO/Documents/_Projects/SCCP-QuantModelling\nusing C++ compiler: 'G__~1.EXE (GCC) 13.2.0'\nError in value[[3L]](cond) : \n  Error in model phases: NA/NaN gradient evaluation\nCalls: tryCatch -> tryCatchList -> tryCatchOne -> <Anonymous>\nIn addition: Warning message:\nIn nlminb(model$par, model$fn, model$gr) : NA/NaN function evaluation\nExecution halted"
    },
    "3": {
      "status": "SUCCESS",
      "objective_value": "NaN",
      "model_summary": [
        "            Length Class  Mode     ",
        "par         15     -none- numeric  ",
        "objective    1     -none- numeric  ",
        "convergence  1     -none- numeric  ",
        "iterations   1     -none- numeric  ",
        "evaluations  2     -none- numeric  ",
        "message      1     -none- character"
      ],
      "model_report": [],
      "plot_data": [],
      "stdout": "g++ -std=gnu++17  -I\"C:/Users/spi085/AppData/Local/Programs/R/R-4.4.1/include\" -DNDEBUG -I\"C:/Users/spi085/AppData/Local/Programs/R/R-44~1.1/library/TMB/include\" -I\"C:/Users/spi085/AppData/Local/Programs/R/R-44~1.1/library/RCPPEI~1/include\"   -DTMB_EIGEN_DISABLE_WARNINGS   -DTMB_LIB_INIT=R_init_model  -DCPPAD_FRAMEWORK    -I\"C:/rtools44/x86_64-w64-mingw32.static.posix/include\"     -O2 -Wa,-mbig-obj -c POPULATIONS//POPULATION_0010//INDIVIDUAL_9Q0GLLF7/model.cpp -o POPULATIONS//POPULATION_0010//INDIVIDUAL_9Q0GLLF7/model.o\ng++ -std=gnu++17 -shared -s -static-libgcc -o POPULATIONS//POPULATION_0010//INDIVIDUAL_9Q0GLLF7/model.dll tmp.def POPULATIONS//POPULATION_0010//INDIVIDUAL_9Q0GLLF7/model.o -LC:/rtools44/x86_64-w64-mingw32.static.posix/lib/x64 -LC:/rtools44/x86_64-w64-mingw32.static.posix/lib -LC:/Users/spi085/AppData/Local/Programs/R/R-4.4.1/bin/x64 -lR\nStarting model phases\nNumber of phases: 3 \nPhase 1 \nInitial parameter values for phase 1 :\n    log_r_cots     log_r_slow     log_r_fast log_alpha_slow log_alpha_fast \n            NA             NA             NA             NA             NA \nFinal parameter values for phase 1 :\n    log_r_cots     log_r_slow     log_r_fast log_alpha_slow log_alpha_fast \n            NA             NA             NA             NA             NA \nConvergence message: both X-convergence and relative convergence (5) \nNumber of iterations: 1 \nObjective function value: Inf \nGradient at solution for phase 1 :\n     [,1] [,2] [,3] [,4] [,5]\n[1,]    0    0    0    0    0\nPhase 2 \nInitial parameter values for phase 2 :\n       log_K_cots       log_K_coral        log_h_cots      log_temp_opt \n               NA                NA                NA              1.45 \n    log_comp_coef log_stress_effect \n               NA                NA \nFinal parameter values for phase 2 :\n       log_K_cots       log_K_coral        log_h_cots      log_temp_opt \n               NA                NA                NA              1.45 \n    log_comp_coef log_stress_effect \n               NA                NA \nConvergence message: both X-convergence and relative convergence (5) \nNumber of iterations: 1 \nObjective function value: Inf \nGradient at solution for phase 2 :\n     [,1] [,2] [,3] [,4] [,5] [,6]\n[1,]    0    0    0    0    0    0\nPhase 3 \nInitial parameter values for phase 3 :\n  log_temp_tol log_sigma_cots log_sigma_slow log_sigma_fast \n            NA             NA             NA             NA \nFinal parameter values for phase 3 :\n  log_temp_tol log_sigma_cots log_sigma_slow log_sigma_fast \n            NA             NA             NA             NA \nConvergence message: both X-convergence and relative convergence (5) \nNumber of iterations: 1 \nObjective function value: Inf \nGradient at solution for phase 3 :\n     [,1] [,2] [,3] [,4]\n[1,]    0    0    0    0\nFinal Phase\nInitial parameter values for final phase:\n       log_r_cots        log_K_cots        log_r_slow        log_r_fast \n               NA                NA                NA                NA \n      log_K_coral    log_alpha_slow    log_alpha_fast        log_h_cots \n               NA                NA                NA                NA \n     log_temp_opt      log_temp_tol     log_comp_coef    log_sigma_cots \n             1.45                NA                NA                NA \n   log_sigma_slow    log_sigma_fast log_stress_effect \n               NA                NA                NA \nFinal parameter values for final phase:\n       log_r_cots        log_K_cots        log_r_slow        log_r_fast \n               NA                NA                NA                NA \n      log_K_coral    log_alpha_slow    log_alpha_fast        log_h_cots \n               NA                NA                NA                NA \n     log_temp_opt      log_temp_tol     log_comp_coef    log_sigma_cots \n             1.45                NA                NA                NA \n   log_sigma_slow    log_sigma_fast log_stress_effect \n               NA                NA                NA \nConvergence message: both X-convergence and relative convergence (5) \nNumber of iterations: 1 \nObjective function value: Inf \nGradient at solution for final phase:\n     [,1] [,2] [,3] [,4] [,5] [,6] [,7] [,8] [,9] [,10] [,11] [,12] [,13] [,14]\n[1,]    0    0    0    0    0    0    0    0    0     0     0     0     0     0\n     [,15]\n[1,]     0\nAll phases completed\n\nRunning model validation...\nNo test data available (train_test_split >= 1.0)\nNULL\n\nDEBUG: Report contents:\n list()\nNULL\n\nDEBUG: Available variables in report:\nNULL\n\nChecking predictions and calculating objective function...\n\nDEBUG: Processing cots_pred \nDEBUG: cots_pred not found in report\nDEBUG: Available variables:  \n\nDEBUG: Using the following variables for objective function:\ncots_dat -> cots_pred\nslow_dat -> slow_pred\nfast_dat -> fast_pred\n\nDEBUG: Calculating MSE for prediction variables only:\n\nDEBUG: MSE values:\ncots_dat slow_dat fast_dat \n      NA       NA       NA \n\nDEBUG: Final objective value (mean of MSEs): NaN \n\nFinal objective function value: NaN \n\nJSON_REPORT_START\n{\n  \"status\": \"SUCCESS\",\n  \"objective_value\": \"NaN\",\n  \"model_summary\": [\"            Length Class  Mode     \", \"par         15     -none- numeric  \", \"objective    1     -none- numeric  \", \"convergence  1     -none- numeric  \", \"iterations   1     -none- numeric  \", \"evaluations  2     -none- numeric  \", \"message      1     -none- character\"],\n  \"model_report\": [],\n  \"plot_data\": []\n}\nJSON_REPORT_END",
      "stderr": "Loading required package: TMB\nLoading required package: jsonlite\nhere() starts at C:/Users/spi085/OneDrive - CSIRO/Documents/_Projects/SCCP-QuantModelling\nusing C++ compiler: 'G__~1.EXE (GCC) 13.2.0'"
    },
    "4": {
      "status": "ERROR",
      "message": "Model failed to compile.",
      "stdout": "g++ -std=gnu++17  -I\"C:/Users/spi085/AppData/Local/Programs/R/R-4.4.1/include\" -DNDEBUG -I\"C:/Users/spi085/AppData/Local/Programs/R/R-44~1.1/library/TMB/include\" -I\"C:/Users/spi085/AppData/Local/Programs/R/R-44~1.1/library/RCPPEI~1/include\"   -DTMB_EIGEN_DISABLE_WARNINGS   -DTMB_LIB_INIT=R_init_model  -DCPPAD_FRAMEWORK    -I\"C:/rtools44/x86_64-w64-mingw32.static.posix/include\"     -O2 -Wa,-mbig-obj -c POPULATIONS//POPULATION_0010//INDIVIDUAL_9Q0GLLF7/model.cpp -o POPULATIONS//POPULATION_0010//INDIVIDUAL_9Q0GLLF7/model.o",
      "stderr": "Loading required package: TMB\nLoading required package: jsonlite\nhere() starts at C:/Users/spi085/OneDrive - CSIRO/Documents/_Projects/SCCP-QuantModelling\nusing C++ compiler: 'G__~1.EXE (GCC) 13.2.0'\nIn file included from C:/Users/spi085/AppData/Local/Programs/R/R-4.4.1/include/R.h:69,\n                 from C:/Users/spi085/AppData/Local/Programs/R/R-4.4.1/library/TMB/include/TMB.hpp:172,\n                 from POPULATIONS//POPULATION_0010//INDIVIDUAL_9Q0GLLF7/model.cpp:1:\nPOPULATIONS//POPULATION_0010//INDIVIDUAL_9Q0GLLF7/model.cpp: In member function 'Type objective_function<Type>::operator()()':\nPOPULATIONS//POPULATION_0010//INDIVIDUAL_9Q0GLLF7/model.cpp:61:25: error: 'stress_effect' was not declared in this scope\n   61 |      !R_FINITE(asDouble(stress_effect))) {\n      |                         ^~~~~~~~~~~~~\nC:/Users/spi085/AppData/Local/Programs/R/R-4.4.1/include/R_ext/Arith.h:84:34: note: in definition of macro 'R_FINITE'\n   84 | # define R_FINITE(x)    R_finite(x)\n      |                                  ^\nmake: *** [C:/Users/spi085/AppData/Local/Programs/R/R-4.4.1/etc/x64/Makeconf:296: POPULATIONS//POPULATION_0010//INDIVIDUAL_9Q0GLLF7/model.o] Error 1\nError in TMB::compile(file.path(individual_dir, model_file), flags = flags,  : \n  Compilation failed\nError: Compilation failed\nExecution halted"
    },
    "5": {
      "status": "SUCCESS",
      "objective_value": "NaN",
      "model_summary": [
        "            Length Class  Mode     ",
        "par         14     -none- numeric  ",
        "objective    1     -none- numeric  ",
        "convergence  1     -none- numeric  ",
        "iterations   1     -none- numeric  ",
        "evaluations  2     -none- numeric  ",
        "message      1     -none- character"
      ],
      "model_report": [],
      "plot_data": [],
      "stdout": "g++ -std=gnu++17  -I\"C:/Users/spi085/AppData/Local/Programs/R/R-4.4.1/include\" -DNDEBUG -I\"C:/Users/spi085/AppData/Local/Programs/R/R-44~1.1/library/TMB/include\" -I\"C:/Users/spi085/AppData/Local/Programs/R/R-44~1.1/library/RCPPEI~1/include\"   -DTMB_EIGEN_DISABLE_WARNINGS   -DTMB_LIB_INIT=R_init_model  -DCPPAD_FRAMEWORK    -I\"C:/rtools44/x86_64-w64-mingw32.static.posix/include\"     -O2 -Wa,-mbig-obj -c POPULATIONS//POPULATION_0010//INDIVIDUAL_9Q0GLLF7/model.cpp -o POPULATIONS//POPULATION_0010//INDIVIDUAL_9Q0GLLF7/model.o\ng++ -std=gnu++17 -shared -s -static-libgcc -o POPULATIONS//POPULATION_0010//INDIVIDUAL_9Q0GLLF7/model.dll tmp.def POPULATIONS//POPULATION_0010//INDIVIDUAL_9Q0GLLF7/model.o -LC:/rtools44/x86_64-w64-mingw32.static.posix/lib/x64 -LC:/rtools44/x86_64-w64-mingw32.static.posix/lib -LC:/Users/spi085/AppData/Local/Programs/R/R-4.4.1/bin/x64 -lR\nStarting model phases\nNumber of phases: 3 \nPhase 1 \nInitial parameter values for phase 1 :\n    log_r_cots     log_r_slow     log_r_fast log_alpha_slow log_alpha_fast \n            NA             NA             NA             NA             NA \nFinal parameter values for phase 1 :\n    log_r_cots     log_r_slow     log_r_fast log_alpha_slow log_alpha_fast \n            NA             NA             NA             NA             NA \nConvergence message: both X-convergence and relative convergence (5) \nNumber of iterations: 1 \nObjective function value: Inf \nGradient at solution for phase 1 :\n     [,1] [,2] [,3] [,4] [,5]\n[1,]    0    0    0    0    0\nPhase 2 \nInitial parameter values for phase 2 :\n   log_K_cots   log_K_coral    log_h_cots  log_temp_opt log_comp_coef \n           NA            NA            NA          1.45            NA \nFinal parameter values for phase 2 :\n   log_K_cots   log_K_coral    log_h_cots  log_temp_opt log_comp_coef \n           NA            NA            NA          1.45            NA \nConvergence message: both X-convergence and relative convergence (5) \nNumber of iterations: 1 \nObjective function value: Inf \nGradient at solution for phase 2 :\n     [,1] [,2] [,3] [,4] [,5]\n[1,]    0    0    0    0    0\nPhase 3 \nInitial parameter values for phase 3 :\n  log_temp_tol log_sigma_cots log_sigma_slow log_sigma_fast \n            NA             NA             NA             NA \nFinal parameter values for phase 3 :\n  log_temp_tol log_sigma_cots log_sigma_slow log_sigma_fast \n            NA             NA             NA             NA \nConvergence message: both X-convergence and relative convergence (5) \nNumber of iterations: 1 \nObjective function value: Inf \nGradient at solution for phase 3 :\n     [,1] [,2] [,3] [,4]\n[1,]    0    0    0    0\nFinal Phase\nInitial parameter values for final phase:\n    log_r_cots     log_K_cots     log_r_slow     log_r_fast    log_K_coral \n            NA             NA             NA             NA             NA \nlog_alpha_slow log_alpha_fast     log_h_cots   log_temp_opt   log_temp_tol \n            NA             NA             NA           1.45             NA \n log_comp_coef log_sigma_cots log_sigma_slow log_sigma_fast \n            NA             NA             NA             NA \nFinal parameter values for final phase:\n    log_r_cots     log_K_cots     log_r_slow     log_r_fast    log_K_coral \n            NA             NA             NA             NA             NA \nlog_alpha_slow log_alpha_fast     log_h_cots   log_temp_opt   log_temp_tol \n            NA             NA             NA           1.45             NA \n log_comp_coef log_sigma_cots log_sigma_slow log_sigma_fast \n            NA             NA             NA             NA \nConvergence message: both X-convergence and relative convergence (5) \nNumber of iterations: 1 \nObjective function value: Inf \nGradient at solution for final phase:\n     [,1] [,2] [,3] [,4] [,5] [,6] [,7] [,8] [,9] [,10] [,11] [,12] [,13] [,14]\n[1,]    0    0    0    0    0    0    0    0    0     0     0     0     0     0\nAll phases completed\n\nRunning model validation...\nNo test data available (train_test_split >= 1.0)\nNULL\n\nDEBUG: Report contents:\n list()\nNULL\n\nDEBUG: Available variables in report:\nNULL\n\nChecking predictions and calculating objective function...\n\nDEBUG: Processing cots_pred \nDEBUG: cots_pred not found in report\nDEBUG: Available variables:  \n\nDEBUG: Using the following variables for objective function:\ncots_dat -> cots_pred\nslow_dat -> slow_pred\nfast_dat -> fast_pred\n\nDEBUG: Calculating MSE for prediction variables only:\n\nDEBUG: MSE values:\ncots_dat slow_dat fast_dat \n      NA       NA       NA \n\nDEBUG: Final objective value (mean of MSEs): NaN \n\nFinal objective function value: NaN \n\nJSON_REPORT_START\n{\n  \"status\": \"SUCCESS\",\n  \"objective_value\": \"NaN\",\n  \"model_summary\": [\"            Length Class  Mode     \", \"par         14     -none- numeric  \", \"objective    1     -none- numeric  \", \"convergence  1     -none- numeric  \", \"iterations   1     -none- numeric  \", \"evaluations  2     -none- numeric  \", \"message      1     -none- character\"],\n  \"model_report\": [],\n  \"plot_data\": []\n}\nJSON_REPORT_END",
      "stderr": "Loading required package: TMB\nLoading required package: jsonlite\nhere() starts at C:/Users/spi085/OneDrive - CSIRO/Documents/_Projects/SCCP-QuantModelling\nusing C++ compiler: 'G__~1.EXE (GCC) 13.2.0'"
    },
    "6": {
      "status": "LEAKAGE",
      "message": "Data leakage detected in model equations:\n  Line 95: Data leakage detected: using cotsimm_dat to calculate cotsimm_pred\n    in line: cotsimm_pred(t) = cotsimm_dat(t);",
      "objective_value": "NA"
    },
    "7": {
      "status": "BROKEN"
    }
  }
}